################################################################################################################################################
Detected SHAFT Engine Version: [SHAFT Engine v5.3.20210902]
################################################################################################################################################

################################################################################################################################################
Starting Execution:	[1 out of 144] test cases in the current suite
Test Method:		[unitTests.tests_validations_assertions.assertComparativeRelation_greaterThanOrEquals_false_equals_expectedToFail]
################################################################################################################################################
[ReportManager] Assertion [ValidateComparativeRelation] FAILED. Expected [1] and Actual [1]. Comparison Type [GREATER_THAN_OR_EQUALS]. Validation Type [NEGATIVE]. @08-10-2021 01:57:52.0775 A

################################################################################################################################################
Starting Execution:	[2 out of 144] test cases in the current suite
Test Method:		[unitTests.tests_validations_assertions.assertComparativeRelation_greaterThanOrEquals_false_equals_expectedToPass]
################################################################################################################################################
[ReportManager] Assertion [ValidateComparativeRelation] PASSED. Expected [2] and Actual [1]. Comparison Type [GREATER_THAN_OR_EQUALS]. Validation Type [NEGATIVE]. @08-10-2021 01:57:52.0880 A

################################################################################################################################################
Starting Execution:	[3 out of 144] test cases in the current suite
Test Method:		[unitTests.tests_validations_assertions.assertComparativeRelation_greaterThanOrEquals_false_greaterThan_expectedToFail]
################################################################################################################################################
[ReportManager] Assertion [ValidateComparativeRelation] FAILED. Expected [1] and Actual [2]. Comparison Type [GREATER_THAN_OR_EQUALS]. Validation Type [NEGATIVE]. @08-10-2021 01:57:52.0887 A

################################################################################################################################################
Starting Execution:	[4 out of 144] test cases in the current suite
Test Method:		[unitTests.tests_validations_assertions.assertComparativeRelation_greaterThanOrEquals_false_greaterThan_expectedToPass]
################################################################################################################################################
[ReportManager] Assertion [ValidateComparativeRelation] PASSED. Expected [2] and Actual [1]. Comparison Type [GREATER_THAN_OR_EQUALS]. Validation Type [NEGATIVE]. @08-10-2021 01:57:52.0903 A

################################################################################################################################################
Starting Execution:	[5 out of 144] test cases in the current suite
Test Method:		[unitTests.tests_validations_assertions.assertComparativeRelation_greaterThanOrEquals_true_equals_expectedToFail]
################################################################################################################################################
[ReportManager] Assertion [ValidateComparativeRelation] FAILED. Expected [1] and Actual [0]. Comparison Type [GREATER_THAN_OR_EQUALS]. Validation Type [POSITIVE]. @08-10-2021 01:57:52.0915 A

################################################################################################################################################
Starting Execution:	[6 out of 144] test cases in the current suite
Test Method:		[unitTests.tests_validations_assertions.assertComparativeRelation_greaterThanOrEquals_true_equals_expectedToPass]
################################################################################################################################################
[ReportManager] Assertion [ValidateComparativeRelation] PASSED. Expected [1] and Actual [1]. Comparison Type [GREATER_THAN_OR_EQUALS]. Validation Type [POSITIVE]. @08-10-2021 01:57:52.0919 A

################################################################################################################################################
Starting Execution:	[7 out of 144] test cases in the current suite
Test Method:		[unitTests.tests_validations_assertions.assertComparativeRelation_greaterThanOrEquals_true_greaterThan_expectedToFail]
################################################################################################################################################
[ReportManager] Assertion [ValidateComparativeRelation] FAILED. Expected [2] and Actual [1]. Comparison Type [GREATER_THAN_OR_EQUALS]. Validation Type [POSITIVE]. @08-10-2021 01:57:52.0930 A

################################################################################################################################################
Starting Execution:	[8 out of 144] test cases in the current suite
Test Method:		[unitTests.tests_validations_assertions.assertComparativeRelation_greaterThanOrEquals_true_greaterThan_expectedToPass]
################################################################################################################################################
[ReportManager] Assertion [ValidateComparativeRelation] PASSED. Expected [1] and Actual [2]. Comparison Type [GREATER_THAN_OR_EQUALS]. Validation Type [POSITIVE]. @08-10-2021 01:57:52.0934 A
[ReportManager] File Action [GetAbsolutePath] successfully performed. With the following test data [Relative Folder Path: "target/downloadedFiles/"]. @08-10-2021 01:57:52.0944 AM
[ReportManager] Attempting to run remotely on: [Linux-64], [GoogleChrome], [http://localhost:4444/wd/hub], Headless Execution. @08-10-2021 01:57:52.0970 AM
[ReportManager] Successfully Opened [GoogleChrome]. @08-10-2021 01:57:54.0618 AM
[ReportManager] Target URL: [https://www.google.com/ncr], and after redirection: [www.google.com] @08-10-2021 01:57:54.0667 AM
[ReportManager] Initial URL: [data:,] @08-10-2021 01:57:54.0787 AM
[ReportManager] Browser Action [NavigateToURL] successfully performed. With the following test data [https://www.google.com/ncr]. @08-10-2021 01:57:57.0910 A

################################################################################################################################################
Starting Execution:	[9 out of 144] test cases in the current suite
Test Method:		[unitTests.tests_validations_assertions.assertElementAttribute_false_caseInsensitiveComparison_expectedToFail]
################################################################################################################################################
[ReportManager] Element Action [Type] successfully performed. With the following test data [AUTOMATION]. @08-10-2021 01:57:58.0478 AM
[ReportManager] Element Action [GetText] successfully performed. With the following test data [AUTOMATION]. @08-10-2021 01:57:58.0634 AM
[ReportManager] Loaded Shared OpenCV @08-10-2021 01:57:59.0333 AM
[ReportManager] Assertion [ValidateElementAttribute] FAILED. Expected [Value Should not be 'AutomaTion' for the 'text' attribute, element locator 'By.name: q'] and Actual [AUTOMATION]. Comparison Type [CASE_INSENSITIVE]. Validation Type [NEGATIVE]. @08-10-2021 01:57:59.0667 AM
[ReportManager] Successfully created attachment [Screenshot - 1633658278874_assertElementAttribute_false_caseInsensitiveComparison_expectedToFail_ValidateElementAttribute_failed] @08-10-2021 01:57:59.0684 A
[ReportManager] Browser Action [CloseCurrentWindow] successfully performed. @08-10-2021 01:57:59.0855 AM
[ReportManager] Successfully created attachment [Browser Action Test Data - CloseCurrentWindow - Actual Value] @08-10-2021 01:57:59.0865 A
[ReportManager] File Action [GetAbsolutePath] successfully performed. With the following test data [Relative Folder Path: "target/downloadedFiles/"]. @08-10-2021 01:57:59.0877 AM
[ReportManager] Attempting to run remotely on: [Linux-64], [GoogleChrome], [http://localhost:4444/wd/hub], Headless Execution. @08-10-2021 01:57:59.0877 AM
[ReportManager] Successfully Opened [GoogleChrome]. @08-10-2021 01:58:00.0165 AM
[ReportManager] Target URL: [https://www.google.com/ncr], and after redirection: [www.google.com] @08-10-2021 01:58:00.0198 AM
[ReportManager] Initial URL: [data:,] @08-10-2021 01:58:00.0283 AM
[ReportManager] Browser Action [NavigateToURL] successfully performed. With the following test data [https://www.google.com/ncr]. @08-10-2021 01:58:01.0257 A

################################################################################################################################################
Starting Execution:	[10 out of 144] test cases in the current suite
Test Method:		[unitTests.tests_validations_assertions.assertElementAttribute_false_caseInsensitiveComparison_expectedToPass]
################################################################################################################################################
[ReportManager] Element Action [Type] successfully performed. With the following test data [AUTOMATION]. @08-10-2021 01:58:01.0740 AM
[ReportManager] Element Action [GetText] successfully performed. With the following test data [AUTOMATION]. @08-10-2021 01:58:01.0868 AM
[ReportManager] Loaded Shared OpenCV @08-10-2021 01:58:02.0030 AM
[ReportManager] Assertion [ValidateElementAttribute] PASSED. Expected [Value Should not be 'AutomaTion123' for the 'text' attribute, element locator 'By.name: q'] and Actual [AUTOMATION]. Comparison Type [CASE_INSENSITIVE]. Validation Type [NEGATIVE]. @08-10-2021 01:58:02.0178 AM
[ReportManager] Successfully created attachment [Screenshot - 1633658282030_assertElementAttribute_false_caseInsensitiveComparison_expectedToPass_ValidateElementAttribute_passed] @08-10-2021 01:58:02.0181 A
[ReportManager] Browser Action [CloseCurrentWindow] successfully performed. @08-10-2021 01:58:02.0324 AM
[ReportManager] Successfully created attachment [Browser Action Test Data - CloseCurrentWindow - Actual Value] @08-10-2021 01:58:02.0325 A
[ReportManager] File Action [GetAbsolutePath] successfully performed. With the following test data [Relative Folder Path: "target/downloadedFiles/"]. @08-10-2021 01:58:02.0332 AM
[ReportManager] Attempting to run remotely on: [Linux-64], [GoogleChrome], [http://localhost:4444/wd/hub], Headless Execution. @08-10-2021 01:58:02.0332 AM
[ReportManager] Successfully Opened [GoogleChrome]. @08-10-2021 01:58:02.0592 AM
[ReportManager] Target URL: [https://www.google.com/ncr], and after redirection: [www.google.com] @08-10-2021 01:58:02.0608 AM
[ReportManager] Initial URL: [data:,] @08-10-2021 01:58:02.0680 AM
[ReportManager] Browser Action [NavigateToURL] successfully performed. With the following test data [https://www.google.com/ncr]. @08-10-2021 01:58:03.0570 A

################################################################################################################################################
Starting Execution:	[11 out of 144] test cases in the current suite
Test Method:		[unitTests.tests_validations_assertions.assertElementAttribute_false_containsComparison_expectedToFail]
################################################################################################################################################
[ReportManager] Element Action [Type] successfully performed. With the following test data [Automation123]. @08-10-2021 01:58:03.0969 AM
[ReportManager] Element Action [GetText] successfully performed. With the following test data [Automation123]. @08-10-2021 01:58:04.0108 AM
[ReportManager] Loaded Shared OpenCV @08-10-2021 01:58:04.0270 AM
[ReportManager] Assertion [ValidateElementAttribute] FAILED. Expected [Value Should not be 'Automation' for the 'text' attribute, element locator 'By.name: q'] and Actual [Automation123]. Comparison Type [CONTAINS]. Validation Type [NEGATIVE]. @08-10-2021 01:58:04.0343 AM
[ReportManager] Successfully created attachment [Screenshot - 1633658284270_assertElementAttribute_false_containsComparison_expectedToFail_ValidateElementAttribute_failed] @08-10-2021 01:58:04.0345 A
[ReportManager] Browser Action [CloseCurrentWindow] successfully performed. @08-10-2021 01:58:04.0496 AM
[ReportManager] Successfully created attachment [Browser Action Test Data - CloseCurrentWindow - Actual Value] @08-10-2021 01:58:04.0497 A
[ReportManager] File Action [GetAbsolutePath] successfully performed. With the following test data [Relative Folder Path: "target/downloadedFiles/"]. @08-10-2021 01:58:04.0500 AM
[ReportManager] Attempting to run remotely on: [Linux-64], [GoogleChrome], [http://localhost:4444/wd/hub], Headless Execution. @08-10-2021 01:58:04.0501 AM
[ReportManager] Successfully Opened [GoogleChrome]. @08-10-2021 01:58:04.0738 AM
[ReportManager] Target URL: [https://www.google.com/ncr], and after redirection: [www.google.com] @08-10-2021 01:58:04.0766 AM
[ReportManager] Initial URL: [data:,] @08-10-2021 01:58:04.0827 AM
[ReportManager] Browser Action [NavigateToURL] successfully performed. With the following test data [https://www.google.com/ncr]. @08-10-2021 01:58:05.0719 A

################################################################################################################################################
Starting Execution:	[12 out of 144] test cases in the current suite
Test Method:		[unitTests.tests_validations_assertions.assertElementAttribute_false_containsComparison_expectedToPass]
################################################################################################################################################
[ReportManager] Element Action [Type] successfully performed. With the following test data [Automation123]. @08-10-2021 01:58:06.0163 AM
[ReportManager] Element Action [GetText] successfully performed. With the following test data [Automation123]. @08-10-2021 01:58:06.0276 AM
[ReportManager] Loaded Shared OpenCV @08-10-2021 01:58:06.0422 AM
[ReportManager] Assertion [ValidateElementAttribute] PASSED. Expected [Value Should not be 'Automation1234' for the 'text' attribute, element locator 'By.name: q'] and Actual [Automation123]. Comparison Type [CONTAINS]. Validation Type [NEGATIVE]. @08-10-2021 01:58:06.0503 AM
[ReportManager] Successfully created attachment [Screenshot - 1633658286422_assertElementAttribute_false_containsComparison_expectedToPass_ValidateElementAttribute_passed] @08-10-2021 01:58:06.0504 A
[ReportManager] Browser Action [CloseCurrentWindow] successfully performed. @08-10-2021 01:58:06.0640 AM
[ReportManager] Successfully created attachment [Browser Action Test Data - CloseCurrentWindow - Actual Value] @08-10-2021 01:58:06.0641 A
[ReportManager] File Action [GetAbsolutePath] successfully performed. With the following test data [Relative Folder Path: "target/downloadedFiles/"]. @08-10-2021 01:58:06.0644 AM
[ReportManager] Attempting to run remotely on: [Linux-64], [GoogleChrome], [http://localhost:4444/wd/hub], Headless Execution. @08-10-2021 01:58:06.0644 AM
[ReportManager] Successfully Opened [GoogleChrome]. @08-10-2021 01:58:06.0898 AM
[ReportManager] Target URL: [https://www.google.com/ncr], and after redirection: [www.google.com] @08-10-2021 01:58:06.0912 AM
[ReportManager] Initial URL: [data:,] @08-10-2021 01:58:06.0966 AM
[ReportManager] Browser Action [NavigateToURL] successfully performed. With the following test data [https://www.google.com/ncr]. @08-10-2021 01:58:07.0826 A

################################################################################################################################################
Starting Execution:	[13 out of 144] test cases in the current suite
Test Method:		[unitTests.tests_validations_assertions.assertElementAttribute_false_literalComparison_expectedToFail]
################################################################################################################################################
[ReportManager] Element Action [Type] successfully performed. With the following test data [Automation!@#$%^&*()_+{}[]\';/.,]. @08-10-2021 01:58:08.0336 AM
[ReportManager] Element Action [GetText] successfully performed. With the following test data [Automation!@#$%^&*()_+{}[]\';/.,]. @08-10-2021 01:58:08.0462 AM
[ReportManager] Loaded Shared OpenCV @08-10-2021 01:58:08.0609 AM
[ReportManager] Assertion [ValidateElementAttribute] PASSED. Expected [Value Should not be 'Automation!@#$%^&*()_+{}[]\\';/.,' for the 'text' attribute, element locator 'By.name: q'] and Actual [Automation!@#$%^&*()_+{}[]\';/.,]. Comparison Type [EQUALS]. Validation Type [NEGATIVE]. @08-10-2021 01:58:08.0694 AM
[ReportManager] Successfully created attachment [Screenshot - 1633658288609_assertElementAttribute_false_literalComparison_expectedToFail_ValidateElementAttribute_passed] @08-10-2021 01:58:08.0695 A
[ReportManager] Browser Action [CloseCurrentWindow] successfully performed. @08-10-2021 01:58:08.0833 AM
[ReportManager] Successfully created attachment [Browser Action Test Data - CloseCurrentWindow - Actual Value] @08-10-2021 01:58:08.0834 A
[ReportManager] File Action [GetAbsolutePath] successfully performed. With the following test data [Relative Folder Path: "target/downloadedFiles/"]. @08-10-2021 01:58:08.0841 AM
[ReportManager] Attempting to run remotely on: [Linux-64], [GoogleChrome], [http://localhost:4444/wd/hub], Headless Execution. @08-10-2021 01:58:08.0842 AM
[ReportManager] Successfully Opened [GoogleChrome]. @08-10-2021 01:58:09.0057 AM
[ReportManager] Target URL: [https://www.google.com/ncr], and after redirection: [www.google.com] @08-10-2021 01:58:09.0073 AM
[ReportManager] Initial URL: [data:,] @08-10-2021 01:58:09.0131 AM
[ReportManager] Browser Action [NavigateToURL] successfully performed. With the following test data [https://www.google.com/ncr]. @08-10-2021 01:58:10.0048 A

################################################################################################################################################
Starting Execution:	[14 out of 144] test cases in the current suite
Test Method:		[unitTests.tests_validations_assertions.assertElementAttribute_false_literalComparison_expectedToPass]
################################################################################################################################################
[ReportManager] Element Action [Type] successfully performed. With the following test data [Automation!@#$%^&*()_+{}[]\';/.,]. @08-10-2021 01:58:10.0529 AM
[ReportManager] Element Action [GetText] successfully performed. With the following test data [Automation!@#$%^&*()_+{}[]\';/.,]. @08-10-2021 01:58:10.0631 AM
[ReportManager] Loaded Shared OpenCV @08-10-2021 01:58:10.0790 AM
[ReportManager] Assertion [ValidateElementAttribute] PASSED. Expected [Value Should not be 'Automation' for the 'text' attribute, element locator 'By.name: q'] and Actual [Automation!@#$%^&*()_+{}[]\';/.,]. Comparison Type [EQUALS]. Validation Type [NEGATIVE]. @08-10-2021 01:58:10.0871 AM
[ReportManager] Successfully created attachment [Screenshot - 1633658290790_assertElementAttribute_false_literalComparison_expectedToPass_ValidateElementAttribute_passed] @08-10-2021 01:58:10.0873 A
[ReportManager] Browser Action [CloseCurrentWindow] successfully performed. @08-10-2021 01:58:11.0015 AM
[ReportManager] Successfully created attachment [Browser Action Test Data - CloseCurrentWindow - Actual Value] @08-10-2021 01:58:11.0016 A
[ReportManager] File Action [GetAbsolutePath] successfully performed. With the following test data [Relative Folder Path: "target/downloadedFiles/"]. @08-10-2021 01:58:11.0020 AM
[ReportManager] Attempting to run remotely on: [Linux-64], [GoogleChrome], [http://localhost:4444/wd/hub], Headless Execution. @08-10-2021 01:58:11.0021 AM
[ReportManager] Successfully Opened [GoogleChrome]. @08-10-2021 01:58:11.0259 AM
[ReportManager] Target URL: [https://www.google.com/ncr], and after redirection: [www.google.com] @08-10-2021 01:58:11.0279 AM
[ReportManager] Initial URL: [data:,] @08-10-2021 01:58:11.0344 AM
[ReportManager] Browser Action [NavigateToURL] successfully performed. With the following test data [https://www.google.com/ncr]. @08-10-2021 01:58:12.0255 A

################################################################################################################################################
Starting Execution:	[15 out of 144] test cases in the current suite
Test Method:		[unitTests.tests_validations_assertions.assertElementAttribute_false_regexComparison_expectedToFail]
################################################################################################################################################
[ReportManager] Element Action [Type] successfully performed. With the following test data [Automation123]. @08-10-2021 01:58:12.0654 AM
[ReportManager] Element Action [GetText] successfully performed. With the following test data [Automation123]. @08-10-2021 01:58:12.0765 AM
[ReportManager] Loaded Shared OpenCV @08-10-2021 01:58:12.0919 AM
[ReportManager] Assertion [ValidateElementAttribute] FAILED. Expected [Value Should not be 'Automation.*' for the 'text' attribute, element locator 'By.name: q'] and Actual [Automation123]. Comparison Type [MATCHES]. Validation Type [NEGATIVE]. @08-10-2021 01:58:13.0000 AM
[ReportManager] Successfully created attachment [Screenshot - 1633658292919_assertElementAttribute_false_regexComparison_expectedToFail_ValidateElementAttribute_failed] @08-10-2021 01:58:13.0001 A
[ReportManager] Browser Action [CloseCurrentWindow] successfully performed. @08-10-2021 01:58:13.0135 AM
[ReportManager] Successfully created attachment [Browser Action Test Data - CloseCurrentWindow - Actual Value] @08-10-2021 01:58:13.0136 A
[ReportManager] File Action [GetAbsolutePath] successfully performed. With the following test data [Relative Folder Path: "target/downloadedFiles/"]. @08-10-2021 01:58:13.0138 AM
[ReportManager] Attempting to run remotely on: [Linux-64], [GoogleChrome], [http://localhost:4444/wd/hub], Headless Execution. @08-10-2021 01:58:13.0139 AM
[ReportManager] Successfully Opened [GoogleChrome]. @08-10-2021 01:58:13.0391 AM
[ReportManager] Target URL: [https://www.google.com/ncr], and after redirection: [www.google.com] @08-10-2021 01:58:13.0408 AM
[ReportManager] Initial URL: [data:,] @08-10-2021 01:58:13.0486 AM
[ReportManager] Browser Action [NavigateToURL] successfully performed. With the following test data [https://www.google.com/ncr]. @08-10-2021 01:58:14.0910 A

################################################################################################################################################
Starting Execution:	[16 out of 144] test cases in the current suite
Test Method:		[unitTests.tests_validations_assertions.assertElementAttribute_false_regexComparison_expectedToPass]
################################################################################################################################################
[ReportManager] Element Action [Type] successfully performed. With the following test data [Automation123]. @08-10-2021 01:58:15.0273 AM
[ReportManager] Element Action [GetText] successfully performed. With the following test data [Automation123]. @08-10-2021 01:58:15.0386 AM
[ReportManager] Loaded Shared OpenCV @08-10-2021 01:58:15.0542 AM
[ReportManager] Assertion [ValidateElementAttribute] PASSED. Expected [Value Should not be 'Automation' for the 'text' attribute, element locator 'By.name: q'] and Actual [Automation123]. Comparison Type [MATCHES]. Validation Type [NEGATIVE]. @08-10-2021 01:58:15.0626 AM
[ReportManager] Successfully created attachment [Screenshot - 1633658295542_assertElementAttribute_false_regexComparison_expectedToPass_ValidateElementAttribute_passed] @08-10-2021 01:58:15.0627 A
[ReportManager] Browser Action [CloseCurrentWindow] successfully performed. @08-10-2021 01:58:15.0758 AM
[ReportManager] Successfully created attachment [Browser Action Test Data - CloseCurrentWindow - Actual Value] @08-10-2021 01:58:15.0759 A
[ReportManager] File Action [GetAbsolutePath] successfully performed. With the following test data [Relative Folder Path: "target/downloadedFiles/"]. @08-10-2021 01:58:15.0768 AM
[ReportManager] Attempting to run remotely on: [Linux-64], [GoogleChrome], [http://localhost:4444/wd/hub], Headless Execution. @08-10-2021 01:58:15.0768 AM
[ReportManager] Successfully Opened [GoogleChrome]. @08-10-2021 01:58:16.0080 AM
[ReportManager] Target URL: [https://www.google.com/ncr], and after redirection: [www.google.com] @08-10-2021 01:58:16.0096 AM
[ReportManager] Initial URL: [data:,] @08-10-2021 01:58:16.0140 AM
[ReportManager] Browser Action [NavigateToURL] successfully performed. With the following test data [https://www.google.com/ncr]. @08-10-2021 01:58:16.0976 A

################################################################################################################################################
Starting Execution:	[17 out of 144] test cases in the current suite
Test Method:		[unitTests.tests_validations_assertions.assertElementAttribute_true_caseInsensitiveComparison_expectedToFail]
################################################################################################################################################
[ReportManager] Element Action [Type] successfully performed. With the following test data [AUTOMATION]. @08-10-2021 01:58:17.0359 AM
[ReportManager] Element Action [GetText] successfully performed. With the following test data [AUTOMATION]. @08-10-2021 01:58:17.0472 AM
[ReportManager] Loaded Shared OpenCV @08-10-2021 01:58:17.0643 AM
[ReportManager] Assertion [ValidateElementAttribute] FAILED. Expected [Value Should be 'AutomaTion123' for the 'text' attribute, element locator 'By.name: q'] and Actual [AUTOMATION]. Comparison Type [CASE_INSENSITIVE]. Validation Type [POSITIVE]. @08-10-2021 01:58:17.0726 AM
[ReportManager] Successfully created attachment [Screenshot - 1633658297643_assertElementAttribute_true_caseInsensitiveComparison_expectedToFail_ValidateElementAttribute_failed] @08-10-2021 01:58:17.0727 A
[ReportManager] Browser Action [CloseCurrentWindow] successfully performed. @08-10-2021 01:58:17.0859 AM
[ReportManager] Successfully created attachment [Browser Action Test Data - CloseCurrentWindow - Actual Value] @08-10-2021 01:58:17.0860 A
[ReportManager] File Action [GetAbsolutePath] successfully performed. With the following test data [Relative Folder Path: "target/downloadedFiles/"]. @08-10-2021 01:58:17.0863 AM
[ReportManager] Attempting to run remotely on: [Linux-64], [GoogleChrome], [http://localhost:4444/wd/hub], Headless Execution. @08-10-2021 01:58:17.0864 AM
[ReportManager] Successfully Opened [GoogleChrome]. @08-10-2021 01:58:18.0081 AM
[ReportManager] Target URL: [https://www.google.com/ncr], and after redirection: [www.google.com] @08-10-2021 01:58:18.0092 AM
[ReportManager] Initial URL: [data:,] @08-10-2021 01:58:18.0134 AM
[ReportManager] Browser Action [NavigateToURL] successfully performed. With the following test data [https://www.google.com/ncr]. @08-10-2021 01:58:18.0959 A

################################################################################################################################################
Starting Execution:	[18 out of 144] test cases in the current suite
Test Method:		[unitTests.tests_validations_assertions.assertElementAttribute_true_caseInsensitiveComparison_expectedToPass]
################################################################################################################################################
[ReportManager] Element Action [Type] successfully performed. With the following test data [AUTOMATION]. @08-10-2021 01:58:19.0396 AM
[ReportManager] Element Action [GetText] successfully performed. With the following test data [AUTOMATION]. @08-10-2021 01:58:19.0539 AM
[ReportManager] Loaded Shared OpenCV @08-10-2021 01:58:19.0707 AM
[ReportManager] Assertion [ValidateElementAttribute] PASSED. Expected [Value Should be 'AutomaTion' for the 'text' attribute, element locator 'By.name: q'] and Actual [AUTOMATION]. Comparison Type [CASE_INSENSITIVE]. Validation Type [POSITIVE]. @08-10-2021 01:58:19.0798 AM
[ReportManager] Successfully created attachment [Screenshot - 1633658299707_assertElementAttribute_true_caseInsensitiveComparison_expectedToPass_ValidateElementAttribute_passed] @08-10-2021 01:58:19.0799 A
[ReportManager] Browser Action [CloseCurrentWindow] successfully performed. @08-10-2021 01:58:20.0010 AM
[ReportManager] Successfully created attachment [Browser Action Test Data - CloseCurrentWindow - Actual Value] @08-10-2021 01:58:20.0011 A
[ReportManager] File Action [GetAbsolutePath] successfully performed. With the following test data [Relative Folder Path: "target/downloadedFiles/"]. @08-10-2021 01:58:20.0015 AM
[ReportManager] Attempting to run remotely on: [Linux-64], [GoogleChrome], [http://localhost:4444/wd/hub], Headless Execution. @08-10-2021 01:58:20.0015 AM
[ReportManager] Successfully Opened [GoogleChrome]. @08-10-2021 01:58:20.0256 AM
[ReportManager] Target URL: [https://www.google.com/ncr], and after redirection: [www.google.com] @08-10-2021 01:58:20.0268 AM
[ReportManager] Initial URL: [data:,] @08-10-2021 01:58:20.0309 AM
[ReportManager] Browser Action [NavigateToURL] successfully performed. With the following test data [https://www.google.com/ncr]. @08-10-2021 01:58:21.0156 A

################################################################################################################################################
Starting Execution:	[19 out of 144] test cases in the current suite
Test Method:		[unitTests.tests_validations_assertions.assertElementAttribute_true_containsComparison_expectedToFail]
################################################################################################################################################
[ReportManager] Element Action [Type] successfully performed. With the following test data [Automation123]. @08-10-2021 01:58:21.0542 AM
[ReportManager] Element Action [GetText] successfully performed. With the following test data [Automation123]. @08-10-2021 01:58:21.0681 AM
[ReportManager] Loaded Shared OpenCV @08-10-2021 01:58:21.0833 AM
[ReportManager] Assertion [ValidateElementAttribute] FAILED. Expected [Value Should be 'Automation1234' for the 'text' attribute, element locator 'By.name: q'] and Actual [Automation123]. Comparison Type [CONTAINS]. Validation Type [POSITIVE]. @08-10-2021 01:58:21.0918 AM
[ReportManager] Successfully created attachment [Screenshot - 1633658301833_assertElementAttribute_true_containsComparison_expectedToFail_ValidateElementAttribute_failed] @08-10-2021 01:58:21.0919 A
[ReportManager] Browser Action [CloseCurrentWindow] successfully performed. @08-10-2021 01:58:22.0056 AM
[ReportManager] Successfully created attachment [Browser Action Test Data - CloseCurrentWindow - Actual Value] @08-10-2021 01:58:22.0057 A
[ReportManager] File Action [GetAbsolutePath] successfully performed. With the following test data [Relative Folder Path: "target/downloadedFiles/"]. @08-10-2021 01:58:22.0062 AM
[ReportManager] Attempting to run remotely on: [Linux-64], [GoogleChrome], [http://localhost:4444/wd/hub], Headless Execution. @08-10-2021 01:58:22.0062 AM
[ReportManager] Successfully Opened [GoogleChrome]. @08-10-2021 01:58:22.0315 AM
[ReportManager] Target URL: [https://www.google.com/ncr], and after redirection: [www.google.com] @08-10-2021 01:58:22.0325 AM
[ReportManager] Initial URL: [data:,] @08-10-2021 01:58:22.0374 AM
[ReportManager] Browser Action [NavigateToURL] successfully performed. With the following test data [https://www.google.com/ncr]. @08-10-2021 01:58:23.0185 A

################################################################################################################################################
Starting Execution:	[20 out of 144] test cases in the current suite
Test Method:		[unitTests.tests_validations_assertions.assertElementAttribute_true_containsComparison_expectedToPass]
################################################################################################################################################
[ReportManager] Element Action [Type] successfully performed. With the following test data [Automation123]. @08-10-2021 01:58:23.0542 AM
[ReportManager] Element Action [GetText] successfully performed. With the following test data [Automation123]. @08-10-2021 01:58:23.0651 AM
[ReportManager] Loaded Shared OpenCV @08-10-2021 01:58:23.0795 AM
[ReportManager] Assertion [ValidateElementAttribute] PASSED. Expected [Value Should be 'Automation' for the 'text' attribute, element locator 'By.name: q'] and Actual [Automation123]. Comparison Type [CONTAINS]. Validation Type [POSITIVE]. @08-10-2021 01:58:23.0869 AM
[ReportManager] Successfully created attachment [Screenshot - 1633658303794_assertElementAttribute_true_containsComparison_expectedToPass_ValidateElementAttribute_passed] @08-10-2021 01:58:23.0870 A
[ReportManager] Browser Action [CloseCurrentWindow] successfully performed. @08-10-2021 01:58:23.0997 AM
[ReportManager] Successfully created attachment [Browser Action Test Data - CloseCurrentWindow - Actual Value] @08-10-2021 01:58:23.0997 A
[ReportManager] File Action [GetAbsolutePath] successfully performed. With the following test data [Relative Folder Path: "target/downloadedFiles/"]. @08-10-2021 01:58:24.0000 AM
[ReportManager] Attempting to run remotely on: [Linux-64], [GoogleChrome], [http://localhost:4444/wd/hub], Headless Execution. @08-10-2021 01:58:24.0001 AM
[ReportManager] Successfully Opened [GoogleChrome]. @08-10-2021 01:58:24.0259 AM
[ReportManager] Target URL: [https://www.google.com/ncr], and after redirection: [www.google.com] @08-10-2021 01:58:24.0274 AM
[ReportManager] Initial URL: [data:,] @08-10-2021 01:58:24.0326 AM
[ReportManager] Browser Action [NavigateToURL] successfully performed. With the following test data [https://www.google.com/ncr]. @08-10-2021 01:58:25.0222 A

################################################################################################################################################
Starting Execution:	[21 out of 144] test cases in the current suite
Test Method:		[unitTests.tests_validations_assertions.assertElementAttribute_true_literalComparison_expectedToFail]
################################################################################################################################################
[ReportManager] Element Action [Type] successfully performed. With the following test data [Automation!@#$%^&*()_+{}[]\';/.,]. @08-10-2021 01:58:25.0726 AM
[ReportManager] Element Action [GetText] successfully performed. With the following test data [Automation!@#$%^&*()_+{}[]\';/.,]. @08-10-2021 01:58:25.0848 AM
[ReportManager] Loaded Shared OpenCV @08-10-2021 01:58:26.0012 AM
[ReportManager] Assertion [ValidateElementAttribute] FAILED. Expected [Value Should be 'Automation' for the 'text' attribute, element locator 'By.name: q'] and Actual [Automation!@#$%^&*()_+{}[]\';/.,]. Comparison Type [EQUALS]. Validation Type [POSITIVE]. @08-10-2021 01:58:26.0128 AM
[ReportManager] Successfully created attachment [Screenshot - 1633658306010_assertElementAttribute_true_literalComparison_expectedToFail_ValidateElementAttribute_failed] @08-10-2021 01:58:26.0130 A
[ReportManager] Browser Action [CloseCurrentWindow] successfully performed. @08-10-2021 01:58:26.0267 AM
[ReportManager] Successfully created attachment [Browser Action Test Data - CloseCurrentWindow - Actual Value] @08-10-2021 01:58:26.0268 A
[ReportManager] File Action [GetAbsolutePath] successfully performed. With the following test data [Relative Folder Path: "target/downloadedFiles/"]. @08-10-2021 01:58:26.0270 AM
[ReportManager] Attempting to run remotely on: [Linux-64], [GoogleChrome], [http://localhost:4444/wd/hub], Headless Execution. @08-10-2021 01:58:26.0270 AM
[ReportManager] Successfully Opened [GoogleChrome]. @08-10-2021 01:58:26.0508 AM
[ReportManager] Target URL: [https://www.google.com/ncr], and after redirection: [www.google.com] @08-10-2021 01:58:26.0522 AM
[ReportManager] Initial URL: [data:,] @08-10-2021 01:58:26.0576 AM
[ReportManager] Browser Action [NavigateToURL] successfully performed. With the following test data [https://www.google.com/ncr]. @08-10-2021 01:58:27.0443 A

################################################################################################################################################
Starting Execution:	[22 out of 144] test cases in the current suite
Test Method:		[unitTests.tests_validations_assertions.assertElementAttribute_true_literalComparison_expectedToPass]
################################################################################################################################################
[ReportManager] Element Action [Type] successfully performed. With the following test data [Automation!@#$%^&*()_+{}[]\';/.,]. @08-10-2021 01:58:27.0936 AM
[ReportManager] Element Action [GetText] successfully performed. With the following test data [Automation!@#$%^&*()_+{}[]\';/.,]. @08-10-2021 01:58:28.0036 AM
[ReportManager] Loaded Shared OpenCV @08-10-2021 01:58:28.0168 AM
[ReportManager] Assertion [ValidateElementAttribute] PASSED. Expected [Value Should be 'Automation!@#$%^&*()_+{}[]\';/.,' for the 'text' attribute, element locator 'By.name: q'] and Actual [Automation!@#$%^&*()_+{}[]\';/.,]. Comparison Type [EQUALS]. Validation Type [POSITIVE]. @08-10-2021 01:58:28.0250 AM
[ReportManager] Successfully created attachment [Screenshot - 1633658308168_assertElementAttribute_true_literalComparison_expectedToPass_ValidateElementAttribute_passed] @08-10-2021 01:58:28.0252 A
[ReportManager] Browser Action [CloseCurrentWindow] successfully performed. @08-10-2021 01:58:28.0379 AM
[ReportManager] Successfully created attachment [Browser Action Test Data - CloseCurrentWindow - Actual Value] @08-10-2021 01:58:28.0379 A
[ReportManager] File Action [GetAbsolutePath] successfully performed. With the following test data [Relative Folder Path: "target/downloadedFiles/"]. @08-10-2021 01:58:28.0382 AM
[ReportManager] Attempting to run remotely on: [Linux-64], [GoogleChrome], [http://localhost:4444/wd/hub], Headless Execution. @08-10-2021 01:58:28.0385 AM
[ReportManager] Successfully Opened [GoogleChrome]. @08-10-2021 01:58:28.0598 AM
[ReportManager] Target URL: [https://www.google.com/ncr], and after redirection: [www.google.com] @08-10-2021 01:58:28.0608 AM
[ReportManager] Initial URL: [data:,] @08-10-2021 01:58:28.0654 AM
[ReportManager] Browser Action [NavigateToURL] successfully performed. With the following test data [https://www.google.com/ncr]. @08-10-2021 01:58:29.0490 A

################################################################################################################################################
Starting Execution:	[23 out of 144] test cases in the current suite
Test Method:		[unitTests.tests_validations_assertions.assertElementAttribute_true_regexComparison_expectedToFail]
################################################################################################################################################
[ReportManager] Element Action [Type] successfully performed. With the following test data [Automation123]. @08-10-2021 01:58:29.0865 AM
[ReportManager] Element Action [GetText] successfully performed. With the following test data [Automation123]. @08-10-2021 01:58:29.0969 AM
[ReportManager] Loaded Shared OpenCV @08-10-2021 01:58:30.0094 AM
[ReportManager] Assertion [ValidateElementAttribute] FAILED. Expected [Value Should be 'Automation' for the 'text' attribute, element locator 'By.name: q'] and Actual [Automation123]. Comparison Type [MATCHES]. Validation Type [POSITIVE]. @08-10-2021 01:58:30.0170 AM
[ReportManager] Successfully created attachment [Screenshot - 1633658310094_assertElementAttribute_true_regexComparison_expectedToFail_ValidateElementAttribute_failed] @08-10-2021 01:58:30.0171 A
[ReportManager] Browser Action [CloseCurrentWindow] successfully performed. @08-10-2021 01:58:30.0293 AM
[ReportManager] Successfully created attachment [Browser Action Test Data - CloseCurrentWindow - Actual Value] @08-10-2021 01:58:30.0294 A
[ReportManager] File Action [GetAbsolutePath] successfully performed. With the following test data [Relative Folder Path: "target/downloadedFiles/"]. @08-10-2021 01:58:30.0298 AM
[ReportManager] Attempting to run remotely on: [Linux-64], [GoogleChrome], [http://localhost:4444/wd/hub], Headless Execution. @08-10-2021 01:58:30.0298 AM
[ReportManager] Successfully Opened [GoogleChrome]. @08-10-2021 01:58:30.0499 AM
[ReportManager] Target URL: [https://www.google.com/ncr], and after redirection: [www.google.com] @08-10-2021 01:58:30.0524 AM
[ReportManager] Initial URL: [data:,] @08-10-2021 01:58:30.0567 AM
[ReportManager] Browser Action [NavigateToURL] successfully performed. With the following test data [https://www.google.com/ncr]. @08-10-2021 01:58:31.0430 A

################################################################################################################################################
Starting Execution:	[24 out of 144] test cases in the current suite
Test Method:		[unitTests.tests_validations_assertions.assertElementAttribute_true_regexComparison_expectedToPass]
################################################################################################################################################
[ReportManager] Element Action [Type] successfully performed. With the following test data [Automation123]. @08-10-2021 01:58:31.0793 AM
[ReportManager] Element Action [GetText] successfully performed. With the following test data [Automation123]. @08-10-2021 01:58:31.0891 AM
[ReportManager] Loaded Shared OpenCV @08-10-2021 01:58:32.0031 AM
[ReportManager] Assertion [ValidateElementAttribute] PASSED. Expected [Value Should be 'Automation.*' for the 'text' attribute, element locator 'By.name: q'] and Actual [Automation123]. Comparison Type [MATCHES]. Validation Type [POSITIVE]. @08-10-2021 01:58:32.0105 AM
[ReportManager] Successfully created attachment [Screenshot - 1633658312031_assertElementAttribute_true_regexComparison_expectedToPass_ValidateElementAttribute_passed] @08-10-2021 01:58:32.0106 A
[ReportManager] Browser Action [CloseCurrentWindow] successfully performed. @08-10-2021 01:58:32.0257 AM
[ReportManager] Successfully created attachment [Browser Action Test Data - CloseCurrentWindow - Actual Value] @08-10-2021 01:58:32.0258 A
[ReportManager] File Action [GetAbsolutePath] successfully performed. With the following test data [Relative Folder Path: "target/downloadedFiles/"]. @08-10-2021 01:58:32.0260 AM
[ReportManager] Attempting to run remotely on: [Linux-64], [GoogleChrome], [http://localhost:4444/wd/hub], Headless Execution. @08-10-2021 01:58:32.0261 AM
[ReportManager] Successfully Opened [GoogleChrome]. @08-10-2021 01:58:32.0536 AM
[ReportManager] Target URL: [https://www.google.com/ncr], and after redirection: [www.google.com] @08-10-2021 01:58:32.0552 AM
[ReportManager] Initial URL: [data:,] @08-10-2021 01:58:32.0606 AM
[ReportManager] Browser Action [NavigateToURL] successfully performed. With the following test data [https://www.google.com/ncr]. @08-10-2021 01:58:33.0506 A

################################################################################################################################################
Starting Execution:	[25 out of 144] test cases in the current suite
Test Method:		[unitTests.tests_validations_assertions.assertElementAttribute_type_true_literalComparison_expectedToPass]
################################################################################################################################################
[ReportManager] Element Action [Type] successfully performed. With the following test data [Automation!@#$%^&*()_+{}[]\';/.,]. @08-10-2021 01:58:34.0044 AM
[ReportManager] Element Action [GetText] successfully performed. With the following test data [Automation!@#$%^&*()_+{}[]\';/.,]. @08-10-2021 01:58:34.0151 AM
[ReportManager] Loaded Shared OpenCV @08-10-2021 01:58:34.0324 AM
[ReportManager] Assertion [ValidateElementAttribute] PASSED. Expected [Value Should be 'Automation!@#$%^&*()_+{}[]\';/.,' for the 'text' attribute, element locator 'By.name: q'] and Actual [Automation!@#$%^&*()_+{}[]\';/.,]. Comparison Type [EQUALS]. Validation Type [POSITIVE]. @08-10-2021 01:58:34.0406 AM
[ReportManager] Successfully created attachment [Screenshot - 1633658314324_assertElementAttribute_type_true_literalComparison_expectedToPass_ValidateElementAttribute_passed] @08-10-2021 01:58:34.0408 A
[ReportManager] Browser Action [CloseCurrentWindow] successfully performed. @08-10-2021 01:58:34.0527 AM
[ReportManager] Successfully created attachment [Browser Action Test Data - CloseCurrentWindow - Actual Value] @08-10-2021 01:58:34.0528 A
[ReportManager] File Action [GetAbsolutePath] successfully performed. With the following test data [Relative Folder Path: "target/downloadedFiles/"]. @08-10-2021 01:58:34.0535 AM
[ReportManager] Attempting to run remotely on: [Linux-64], [GoogleChrome], [http://localhost:4444/wd/hub], Headless Execution. @08-10-2021 01:58:34.0536 AM
[ReportManager] Successfully Opened [GoogleChrome]. @08-10-2021 01:58:34.0729 AM
[ReportManager] Target URL: [https://www.google.com/ncr], and after redirection: [www.google.com] @08-10-2021 01:58:34.0745 AM
[ReportManager] Initial URL: [data:,] @08-10-2021 01:58:34.0789 AM
[ReportManager] Browser Action [NavigateToURL] successfully performed. With the following test data [https://www.google.com/ncr]. @08-10-2021 01:58:35.0605 A

################################################################################################################################################
Starting Execution:	[26 out of 144] test cases in the current suite
Test Method:		[unitTests.tests_validations_assertions.assertElementExists_false_expectedToFail]
################################################################################################################################################
[ReportManager] Assertion [ValidateElementExists] PASSED. Expected [Element Should not Exist, locator 'By.id: hplogo'] and Actual [Element Doesn't Exists]. Comparison Type [EQUALS]. Validation Type [NEGATIVE]. @08-10-2021 01:58:45.0997 AM
[ReportManager] Successfully created attachment [Screenshot - 1633658325908_assertElementExists_false_expectedToFail_ValidateElementExists_passed] @08-10-2021 01:58:45.0997 A
[ReportManager] Browser Action [CloseCurrentWindow] successfully performed. @08-10-2021 01:58:46.0121 AM
[ReportManager] Successfully created attachment [Browser Action Test Data - CloseCurrentWindow - Actual Value] @08-10-2021 01:58:46.0121 A
[ReportManager] File Action [GetAbsolutePath] successfully performed. With the following test data [Relative Folder Path: "target/downloadedFiles/"]. @08-10-2021 01:58:46.0125 AM
[ReportManager] Attempting to run remotely on: [Linux-64], [GoogleChrome], [http://localhost:4444/wd/hub], Headless Execution. @08-10-2021 01:58:46.0126 AM
[ReportManager] Successfully Opened [GoogleChrome]. @08-10-2021 01:58:46.0332 AM
[ReportManager] Target URL: [https://www.google.com/ncr], and after redirection: [www.google.com] @08-10-2021 01:58:46.0346 AM
[ReportManager] Initial URL: [data:,] @08-10-2021 01:58:46.0384 AM
[ReportManager] Browser Action [NavigateToURL] successfully performed. With the following test data [https://www.google.com/ncr]. @08-10-2021 01:58:47.0293 A

################################################################################################################################################
Starting Execution:	[27 out of 144] test cases in the current suite
Test Method:		[unitTests.tests_validations_assertions.assertElementExists_false_expectedToPass]
################################################################################################################################################
[ReportManager] Assertion [ValidateElementExists] PASSED. Expected [Element Should not Exist, locator 'By.id: fakeElement'] and Actual [Element Doesn't Exists]. Comparison Type [EQUALS]. Validation Type [NEGATIVE]. @08-10-2021 01:58:57.0654 AM
[ReportManager] Successfully created attachment [Screenshot - 1633658337596_assertElementExists_false_expectedToPass_ValidateElementExists_passed] @08-10-2021 01:58:57.0655 A
[ReportManager] Browser Action [CloseCurrentWindow] successfully performed. @08-10-2021 01:58:57.0779 AM
[ReportManager] Successfully created attachment [Browser Action Test Data - CloseCurrentWindow - Actual Value] @08-10-2021 01:58:57.0780 A
[ReportManager] File Action [GetAbsolutePath] successfully performed. With the following test data [Relative Folder Path: "target/downloadedFiles/"]. @08-10-2021 01:58:57.0784 AM
[ReportManager] Attempting to run remotely on: [Linux-64], [GoogleChrome], [http://localhost:4444/wd/hub], Headless Execution. @08-10-2021 01:58:57.0784 AM
[ReportManager] Successfully Opened [GoogleChrome]. @08-10-2021 01:58:58.0008 AM
[ReportManager] Target URL: [https://www.google.com/ncr], and after redirection: [www.google.com] @08-10-2021 01:58:58.0024 AM
[ReportManager] Initial URL: [data:,] @08-10-2021 01:58:58.0079 AM
[ReportManager] Browser Action [NavigateToURL] successfully performed. With the following test data [https://www.google.com/ncr]. @08-10-2021 01:58:58.0918 A

################################################################################################################################################
Starting Execution:	[28 out of 144] test cases in the current suite
Test Method:		[unitTests.tests_validations_assertions.assertElementExists_false_multipleElementsFound_expectedToFail]
################################################################################################################################################
[ReportManager] Assertion [ValidateElementExists] FAILED. Expected [Element Should not Exist, locator 'By.xpath: //div'] and Actual [Element Exists but is not unique]. Comparison Type [EQUALS]. Validation Type [NEGATIVE]. @08-10-2021 01:58:59.0190 AM
[ReportManager] Successfully created attachment [Screenshot - 1633658339129_assertElementExists_false_multipleElementsFound_expectedToFail_ValidateElementExists_failed] @08-10-2021 01:58:59.0191 A
[ReportManager] Browser Action [CloseCurrentWindow] successfully performed. @08-10-2021 01:58:59.0311 AM
[ReportManager] Successfully created attachment [Browser Action Test Data - CloseCurrentWindow - Actual Value] @08-10-2021 01:58:59.0312 A
[ReportManager] File Action [GetAbsolutePath] successfully performed. With the following test data [Relative Folder Path: "target/downloadedFiles/"]. @08-10-2021 01:58:59.0314 AM
[ReportManager] Attempting to run remotely on: [Linux-64], [GoogleChrome], [http://localhost:4444/wd/hub], Headless Execution. @08-10-2021 01:58:59.0314 AM
[ReportManager] Successfully Opened [GoogleChrome]. @08-10-2021 01:58:59.0541 AM
[ReportManager] Target URL: [https://www.google.com/ncr], and after redirection: [www.google.com] @08-10-2021 01:58:59.0560 AM
[ReportManager] Initial URL: [data:,] @08-10-2021 01:58:59.0607 AM
[ReportManager] Browser Action [NavigateToURL] successfully performed. With the following test data [https://www.google.com/ncr]. @08-10-2021 01:59:00.0588 A

################################################################################################################################################
Starting Execution:	[29 out of 144] test cases in the current suite
Test Method:		[unitTests.tests_validations_assertions.assertElementExists_true_expectedToFail]
################################################################################################################################################
[ReportManager] Assertion [ValidateElementExists] FAILED. Expected [Element Should Exist, locator 'By.id: fakeElement'] and Actual [Element Doesn't Exists]. Comparison Type [EQUALS]. Validation Type [POSITIVE]. @08-10-2021 01:59:31.0259 AM
[ReportManager] Successfully created attachment [Screenshot - 1633658371199_assertElementExists_true_expectedToFail_ValidateElementExists_failed] @08-10-2021 01:59:31.0259 A
[ReportManager] Browser Action [CloseCurrentWindow] successfully performed. @08-10-2021 01:59:31.0377 AM
[ReportManager] Successfully created attachment [Browser Action Test Data - CloseCurrentWindow - Actual Value] @08-10-2021 01:59:31.0378 A
[ReportManager] File Action [GetAbsolutePath] successfully performed. With the following test data [Relative Folder Path: "target/downloadedFiles/"]. @08-10-2021 01:59:31.0380 AM
[ReportManager] Attempting to run remotely on: [Linux-64], [GoogleChrome], [http://localhost:4444/wd/hub], Headless Execution. @08-10-2021 01:59:31.0380 AM
[ReportManager] Successfully Opened [GoogleChrome]. @08-10-2021 01:59:31.0582 AM
[ReportManager] Target URL: [https://www.google.com/ncr], and after redirection: [www.google.com] @08-10-2021 01:59:31.0593 AM
[ReportManager] Initial URL: [data:,] @08-10-2021 01:59:31.0643 AM
[ReportManager] Browser Action [NavigateToURL] successfully performed. With the following test data [https://www.google.com/ncr]. @08-10-2021 01:59:32.0560 A

################################################################################################################################################
Starting Execution:	[30 out of 144] test cases in the current suite
Test Method:		[unitTests.tests_validations_assertions.assertElementExists_true_expectedToPass]
################################################################################################################################################
[ReportManager] Loaded Shared OpenCV @08-10-2021 01:59:32.0758 AM
[ReportManager] Assertion [ValidateElementExists] PASSED. Expected [Element Should Exist, locator 'By.xpath: //*[@id='hplogo' or @alt='Google']'] and Actual [Element Exists]. Comparison Type [EQUALS]. Validation Type [POSITIVE]. @08-10-2021 01:59:32.0835 AM
[ReportManager] Successfully created attachment [Screenshot - 1633658372758_assertElementExists_true_expectedToPass_ValidateElementExists_passed] @08-10-2021 01:59:32.0836 A
[ReportManager] Browser Action [CloseCurrentWindow] successfully performed. @08-10-2021 01:59:32.0953 AM
[ReportManager] Successfully created attachment [Browser Action Test Data - CloseCurrentWindow - Actual Value] @08-10-2021 01:59:32.0954 A
[ReportManager] File Action [GetAbsolutePath] successfully performed. With the following test data [Relative Folder Path: "target/downloadedFiles/"]. @08-10-2021 01:59:32.0959 AM
[ReportManager] Attempting to run remotely on: [Linux-64], [GoogleChrome], [http://localhost:4444/wd/hub], Headless Execution. @08-10-2021 01:59:32.0960 AM
[ReportManager] Successfully Opened [GoogleChrome]. @08-10-2021 01:59:33.0163 AM
[ReportManager] Target URL: [https://www.google.com/ncr], and after redirection: [www.google.com] @08-10-2021 01:59:33.0183 AM
[ReportManager] Initial URL: [data:,] @08-10-2021 01:59:33.0221 AM
[ReportManager] Browser Action [NavigateToURL] successfully performed. With the following test data [https://www.google.com/ncr]. @08-10-2021 01:59:34.0108 A

################################################################################################################################################
Starting Execution:	[31 out of 144] test cases in the current suite
Test Method:		[unitTests.tests_validations_assertions.assertElementExists_true_multipleElementsFound_expectedToFail]
################################################################################################################################################
[ReportManager] Assertion [ValidateElementExists] FAILED. Expected [Element Should Exist, locator 'By.xpath: //div'] and Actual [Element Exists but is not unique]. Comparison Type [EQUALS]. Validation Type [POSITIVE]. @08-10-2021 01:59:34.0365 AM
[ReportManager] Successfully created attachment [Screenshot - 1633658374294_assertElementExists_true_multipleElementsFound_expectedToFail_ValidateElementExists_failed] @08-10-2021 01:59:34.0366 A
[ReportManager] Browser Action [CloseCurrentWindow] successfully performed. @08-10-2021 01:59:34.0506 AM
[ReportManager] Successfully created attachment [Browser Action Test Data - CloseCurrentWindow - Actual Value] @08-10-2021 01:59:34.0507 A

################################################################################################################################################
Starting Execution:	[32 out of 144] test cases in the current suite
Test Method:		[unitTests.tests_validations_assertions.assertEquals_false_expectedToFail]
################################################################################################################################################
[ReportManager] Assertion [ValidateEquals] FAILED. Expected [1] and Actual [1]. Comparison Type [EQUALS]. Validation Type [NEGATIVE]. @08-10-2021 01:59:34.0513 A

################################################################################################################################################
Starting Execution:	[33 out of 144] test cases in the current suite
Test Method:		[unitTests.tests_validations_assertions.assertEquals_false_expectedToPass]
################################################################################################################################################
[ReportManager] Assertion [ValidateEquals] PASSED. Expected [1] and Actual [2]. Comparison Type [EQUALS]. Validation Type [NEGATIVE]. @08-10-2021 01:59:34.0518 A

################################################################################################################################################
Starting Execution:	[34 out of 144] test cases in the current suite
Test Method:		[unitTests.tests_validations_assertions.assertEquals_longCharacters]
################################################################################################################################################
[ReportManager] Verification [ValidateEquals] PASSED. Expected and Actual values are attached. Comparison Type [EQUALS]. Validation Type [POSITIVE]. @08-10-2021 01:59:34.0523 AM
[ReportManager] Successfully created attachment [Validation Test Data - Expected Value] @08-10-2021 01:59:34.0523 AM
[ReportManager] Successfully created attachment [Validation Test Data - Actual Value] @08-10-2021 01:59:34.0524 AM
[ReportManager] Assertion [ValidateEquals] PASSED. Expected and Actual values are attached. Comparison Type [EQUALS]. Validation Type [POSITIVE]. @08-10-2021 01:59:34.0524 AM
[ReportManager] Successfully created attachment [Validation Test Data - Expected Value] @08-10-2021 01:59:34.0524 AM
[ReportManager] Successfully created attachment [Validation Test Data - Actual Value] @08-10-2021 01:59:34.0524 A

################################################################################################################################################
Starting Execution:	[35 out of 144] test cases in the current suite
Test Method:		[unitTests.tests_validations_assertions.assertEquals_longCharacters_Discreet]
################################################################################################################################################
[ReportManager] Assertion [ValidateEquals] PASSED. Expected [1LH5pROcDBjjQk0t0mCr0lXuzQu9lcGj28kY8R1H81X67eVAQJgWQhILiRWVPUgZ6uCtK5cnBkF55Jr9vYngjGO1Iyf0Mktv6lruDlL9T8MAUPcUZJGHZtji6nIeadujDSNmWMj5d6C8zlFqw0CRqBU0hO5adIasHgBSNoLotAjce3NGXoDwAlp3rYreeV16VIyZXROQY] and Actual [1LH5pROcDBjjQk0t0mCr0lXuzQu9lcGj28kY8R1H81X67eVAQJgWQhILiRWVPUgZ6uCtK5cnBkF55Jr9vYngjGO1Iyf0Mktv6lruDlL9T8MAUPcUZJGHZtji6nIeadujDSNmWMj5d6C8zlFqw0CRqBU0hO5adIasHgBSNoLotAjce3NGXoDwAlp3rYreeV16VIyZXROQY]. Comparison Type [EQUALS]. Validation Type [POSITIVE]. @08-10-2021 01:59:34.0529 A

################################################################################################################################################
Starting Execution:	[36 out of 144] test cases in the current suite
Test Method:		[unitTests.tests_validations_assertions.assertEquals_true_expectedToFail]
################################################################################################################################################
[ReportManager] Assertion [ValidateEquals] FAILED. Expected [1] and Actual [2]. Comparison Type [EQUALS]. Validation Type [POSITIVE]. @08-10-2021 01:59:34.0536 A

################################################################################################################################################
Starting Execution:	[37 out of 144] test cases in the current suite
Test Method:		[unitTests.tests_validations_assertions.assertEquals_true_expectedToPass]
Test Description:	[Assert that assertEquals works as expected when the two values are equal.]
################################################################################################################################################
[ReportManager] Verification [ValidateEquals] PASSED. Expected [1] and Actual [1]. Comparison Type [EQUALS]. Validation Type [POSITIVE]. @08-10-2021 01:59:34.0545 AM
[ReportManager] Assertion [ValidateEquals] PASSED. Expected [1] and Actual [1]. Comparison Type [EQUALS]. Validation Type [POSITIVE]. @08-10-2021 01:59:34.0546 A

################################################################################################################################################
Starting Execution:	[38 out of 144] test cases in the current suite
Test Method:		[unitTests.tests_validations_assertions.assertEquals_true_expectedToPass__]
################################################################################################################################################
[ReportManager] Assertion [ValidateEquals] PASSED. Expected [1] and Actual [1]. Comparison Type [EQUALS]. Validation Type [POSITIVE]. @08-10-2021 01:59:34.0548 A

################################################################################################################################################
Starting Execution:	[39 out of 144] test cases in the current suite
Test Method:		[unitTests.tests_validations_assertions.assertFileExists_false_expectedToFail]
################################################################################################################################################
[ReportManager] File Action [DoesFileExist] successfully performed. With the following test data [File Path: "src/main/java/com/shaft/gui/element/ElementActions.java"]. @08-10-2021 01:59:34.0551 AM
[ReportManager] Assertion [ValidateFileExists] FAILED. Expected [File 'src/main/java/com/shaft/gui/element/ElementActions.java' should not exist, after up to '1' retries] and Actual [File exists]. Validation Type [NEGATIVE]. @08-10-2021 01:59:34.0556 A

################################################################################################################################################
Starting Execution:	[40 out of 144] test cases in the current suite
Test Method:		[unitTests.tests_validations_assertions.assertFileExists_false_expectedToPass]
################################################################################################################################################
[ReportManager] File Action [DoesFileExist] successfully performed. With the following test data [File Path: "src/main/java/com/shaft/gui/element/ElementActions.java_fail"]. @08-10-2021 01:59:35.0060 AM
[ReportManager] Assertion [ValidateFileExists] PASSED. Expected [File 'src/main/java/com/shaft/gui/element/ElementActions.java_fail' should not exist, after up to '1' retries] and Actual [File does not exist]. Validation Type [NEGATIVE]. @08-10-2021 01:59:35.0060 A

################################################################################################################################################
Starting Execution:	[41 out of 144] test cases in the current suite
Test Method:		[unitTests.tests_validations_assertions.assertFileExists_true_expectedToFail]
################################################################################################################################################
[ReportManager] File Action [DoesFileExist] successfully performed. With the following test data [File Path: "src/main/java/com/shaft/gui/element/ElementActions.java_fail"]. @08-10-2021 01:59:35.0565 AM
[ReportManager] Assertion [ValidateFileExists] FAILED. Expected [File 'src/main/java/com/shaft/gui/element/ElementActions.java_fail' should exist, after up to '1' retries] and Actual [File does not exist]. Validation Type [POSITIVE]. @08-10-2021 01:59:35.0565 A

################################################################################################################################################
Starting Execution:	[42 out of 144] test cases in the current suite
Test Method:		[unitTests.tests_validations_assertions.assertFileExists_true_expectedToPass]
################################################################################################################################################
[ReportManager] File Action [DoesFileExist] successfully performed. With the following test data [File Path: "src/main/java/com/shaft/gui/element/ElementActions.java"]. @08-10-2021 01:59:35.0570 AM
[ReportManager] Assertion [ValidateFileExists] PASSED. Expected [File 'src/main/java/com/shaft/gui/element/ElementActions.java' should exist, after up to '1' retries] and Actual [File exists]. Validation Type [POSITIVE]. @08-10-2021 01:59:35.0570 A

################################################################################################################################################
Starting Execution:	[43 out of 144] test cases in the current suite
Test Method:		[unitTests.tests_validations_assertions.assertNull_false_expectedToFail]
################################################################################################################################################
[ReportManager] Assertion [ValidateNull] FAILED. Expected [NULL] and Actual [NULL]. Comparison Type [EQUALS]. Validation Type [NEGATIVE]. @08-10-2021 01:59:35.0573 A

################################################################################################################################################
Starting Execution:	[44 out of 144] test cases in the current suite
Test Method:		[unitTests.tests_validations_assertions.assertNull_false_expectedToPass]
################################################################################################################################################
[ReportManager] Assertion [ValidateNull] PASSED. Expected [NULL] and Actual [1]. Comparison Type [EQUALS]. Validation Type [NEGATIVE]. @08-10-2021 01:59:35.0577 A

################################################################################################################################################
Starting Execution:	[45 out of 144] test cases in the current suite
Test Method:		[unitTests.tests_validations_assertions.assertNull_true_expectedToFail]
################################################################################################################################################
[ReportManager] Assertion [ValidateNull] FAILED. Expected [NULL] and Actual [1]. Comparison Type [EQUALS]. Validation Type [POSITIVE]. @08-10-2021 01:59:35.0581 A

################################################################################################################################################
Starting Execution:	[46 out of 144] test cases in the current suite
Test Method:		[unitTests.tests_validations_assertions.assertNull_true_expectedToPass]
################################################################################################################################################
[ReportManager] Assertion [ValidateNull] PASSED. Expected [NULL] and Actual [NULL]. Comparison Type [EQUALS]. Validation Type [POSITIVE]. @08-10-2021 01:59:35.0584 A

################################################################################################################################################
Starting Execution:	[47 out of 144] test cases in the current suite
Test Method:		[unitTests.tests_restActions.getPostsAndAssertBodyForSpecificTitle]
################################################################################################################################################
[ReportManager] Response status code: [200], status line: [HTTP/1.1 200 OK] @08-10-2021 01:59:37.0753 AM
[ReportManager] Assertion Passed: Evaluating the actual response status code against the expected one... @08-10-2021 01:59:37.0754 AM
[ReportManager] Assertion [ValidateEquals] PASSED. Expected [200] and Actual [200]. Comparison Type [EQUALS]. Validation Type [POSITIVE]. @08-10-2021 01:59:37.0754 AM
[ReportManager] API Action [PerformRequest] successfully performed. With the following test data [Request Type: "GET" | Target Status Code: "200" | Service URL: "https://jsonplaceholder.typicode.com/posts" | Content Type: "*/*" | Response Time: "865ms"]. @08-10-2021 01:59:39.0097 AM
[ReportManager] Successfully created attachment [API Request - Specifications] @08-10-2021 01:59:39.0098 AM
[ReportManager] Successfully created attachment [API Response - JSON Body] @08-10-2021 01:59:39.0318 AM
[ReportManager] API Action [GetResponseJSONValueAsList] successfully performed. @08-10-2021 01:59:39.0349 AM
[ReportManager] API Action [GetResponseJSONValue] successfully performed. With the following test data [title]. @08-10-2021 01:59:39.0371 AM
[ReportManager] API Action [GetResponseJSONValue] successfully performed. With the following test data [title]. @08-10-2021 01:59:39.0394 AM
[ReportManager] API Action [GetResponseJSONValue] successfully performed. With the following test data [body]. @08-10-2021 01:59:39.0420 AM
[ReportManager] Assertion [ValidateEquals] PASSED. Expected [qui neque nisi nulla] and Actual [est rerum tempore vitae
sequi sint nihil reprehenderit dolor beatae ea dolores neque
fugiat blanditiis voluptate porro vel nihil molestiae ut reiciendis
qui aperiam non debitis possimus qui neque nisi nulla]. Comparison Type [CONTAINS]. Validation Type [POSITIVE]. @08-10-2021 01:59:39.0420 AM
[ReportManager] API Action [GetResponseJSONValue] successfully performed. With the following test data [title]. @08-10-2021 01:59:39.0435 AM
[ReportManager] API Action [GetResponseJSONValue] successfully performed. With the following test data [title]. @08-10-2021 01:59:39.0452 AM
[ReportManager] API Action [GetResponseJSONValue] successfully performed. With the following test data [title]. @08-10-2021 01:59:39.0468 AM
[ReportManager] API Action [GetResponseJSONValue] successfully performed. With the following test data [title]. @08-10-2021 01:59:39.0483 AM
[ReportManager] API Action [GetResponseJSONValue] successfully performed. With the following test data [title]. @08-10-2021 01:59:39.0499 AM
[ReportManager] API Action [GetResponseJSONValue] successfully performed. With the following test data [title]. @08-10-2021 01:59:39.0516 AM
[ReportManager] API Action [GetResponseJSONValue] successfully performed. With the following test data [title]. @08-10-2021 01:59:39.0533 AM
[ReportManager] API Action [GetResponseJSONValue] successfully performed. With the following test data [title]. @08-10-2021 01:59:39.0548 AM
[ReportManager] API Action [GetResponseJSONValue] successfully performed. With the following test data [title]. @08-10-2021 01:59:39.0564 AM
[ReportManager] API Action [GetResponseJSONValue] successfully performed. With the following test data [title]. @08-10-2021 01:59:39.0576 AM
[ReportManager] API Action [GetResponseJSONValue] successfully performed. With the following test data [title]. @08-10-2021 01:59:39.0595 AM
[ReportManager] API Action [GetResponseJSONValue] successfully performed. With the following test data [title]. @08-10-2021 01:59:39.0618 AM
[ReportManager] API Action [GetResponseJSONValue] successfully performed. With the following test data [title]. @08-10-2021 01:59:39.0631 AM
[ReportManager] API Action [GetResponseJSONValue] successfully performed. With the following test data [title]. @08-10-2021 01:59:39.0646 AM
[ReportManager] API Action [GetResponseJSONValue] successfully performed. With the following test data [title]. @08-10-2021 01:59:39.0665 AM
[ReportManager] API Action [GetResponseJSONValue] successfully performed. With the following test data [title]. @08-10-2021 01:59:39.0677 AM
[ReportManager] API Action [GetResponseJSONValue] successfully performed. With the following test data [title]. @08-10-2021 01:59:39.0699 AM
[ReportManager] API Action [GetResponseJSONValue] successfully performed. With the following test data [title]. @08-10-2021 01:59:39.0716 AM
[ReportManager] API Action [GetResponseJSONValue] successfully performed. With the following test data [title]. @08-10-2021 01:59:39.0726 AM
[ReportManager] API Action [GetResponseJSONValue] successfully performed. With the following test data [title]. @08-10-2021 01:59:39.0735 AM
[ReportManager] API Action [GetResponseJSONValue] successfully performed. With the following test data [title]. @08-10-2021 01:59:39.0743 AM
[ReportManager] API Action [GetResponseJSONValue] successfully performed. With the following test data [title]. @08-10-2021 01:59:39.0753 AM
[ReportManager] API Action [GetResponseJSONValue] successfully performed. With the following test data [title]. @08-10-2021 01:59:39.0762 AM
[ReportManager] API Action [GetResponseJSONValue] successfully performed. With the following test data [title]. @08-10-2021 01:59:39.0772 AM
[ReportManager] API Action [GetResponseJSONValue] successfully performed. With the following test data [title]. @08-10-2021 01:59:39.0781 AM
[ReportManager] API Action [GetResponseJSONValue] successfully performed. With the following test data [title]. @08-10-2021 01:59:39.0791 AM
[ReportManager] API Action [GetResponseJSONValue] successfully performed. With the following test data [title]. @08-10-2021 01:59:39.0800 AM
[ReportManager] API Action [GetResponseJSONValue] successfully performed. With the following test data [title]. @08-10-2021 01:59:39.0814 AM
[ReportManager] API Action [GetResponseJSONValue] successfully performed. With the following test data [title]. @08-10-2021 01:59:39.0825 AM
[ReportManager] API Action [GetResponseJSONValue] successfully performed. With the following test data [title]. @08-10-2021 01:59:39.0835 AM
[ReportManager] API Action [GetResponseJSONValue] successfully performed. With the following test data [title]. @08-10-2021 01:59:39.0845 AM
[ReportManager] API Action [GetResponseJSONValue] successfully performed. With the following test data [title]. @08-10-2021 01:59:39.0854 AM
[ReportManager] API Action [GetResponseJSONValue] successfully performed. With the following test data [title]. @08-10-2021 01:59:39.0865 AM
[ReportManager] API Action [GetResponseJSONValue] successfully performed. With the following test data [title]. @08-10-2021 01:59:39.0874 AM
[ReportManager] API Action [GetResponseJSONValue] successfully performed. With the following test data [title]. @08-10-2021 01:59:39.0882 AM
[ReportManager] API Action [GetResponseJSONValue] successfully performed. With the following test data [title]. @08-10-2021 01:59:39.0890 AM
[ReportManager] API Action [GetResponseJSONValue] successfully performed. With the following test data [title]. @08-10-2021 01:59:39.0899 AM
[ReportManager] API Action [GetResponseJSONValue] successfully performed. With the following test data [title]. @08-10-2021 01:59:39.0908 AM
[ReportManager] API Action [GetResponseJSONValue] successfully performed. With the following test data [title]. @08-10-2021 01:59:39.0917 AM
[ReportManager] API Action [GetResponseJSONValue] successfully performed. With the following test data [title]. @08-10-2021 01:59:39.0926 AM
[ReportManager] API Action [GetResponseJSONValue] successfully performed. With the following test data [title]. @08-10-2021 01:59:39.0935 AM
[ReportManager] API Action [GetResponseJSONValue] successfully performed. With the following test data [title]. @08-10-2021 01:59:39.0947 AM
[ReportManager] API Action [GetResponseJSONValue] successfully performed. With the following test data [title]. @08-10-2021 01:59:39.0955 AM
[ReportManager] API Action [GetResponseJSONValue] successfully performed. With the following test data [title]. @08-10-2021 01:59:39.0965 AM
[ReportManager] API Action [GetResponseJSONValue] successfully performed. With the following test data [title]. @08-10-2021 01:59:39.0974 AM
[ReportManager] API Action [GetResponseJSONValue] successfully performed. With the following test data [title]. @08-10-2021 01:59:39.0989 AM
[ReportManager] API Action [GetResponseJSONValue] successfully performed. With the following test data [title]. @08-10-2021 01:59:39.0998 AM
[ReportManager] API Action [GetResponseJSONValue] successfully performed. With the following test data [title]. @08-10-2021 01:59:40.0006 AM
[ReportManager] API Action [GetResponseJSONValue] successfully performed. With the following test data [title]. @08-10-2021 01:59:40.0014 AM
[ReportManager] API Action [GetResponseJSONValue] successfully performed. With the following test data [title]. @08-10-2021 01:59:40.0022 AM
[ReportManager] API Action [GetResponseJSONValue] successfully performed. With the following test data [title]. @08-10-2021 01:59:40.0030 AM
[ReportManager] API Action [GetResponseJSONValue] successfully performed. With the following test data [title]. @08-10-2021 01:59:40.0038 AM
[ReportManager] API Action [GetResponseJSONValue] successfully performed. With the following test data [title]. @08-10-2021 01:59:40.0046 AM
[ReportManager] API Action [GetResponseJSONValue] successfully performed. With the following test data [title]. @08-10-2021 01:59:40.0053 AM
[ReportManager] API Action [GetResponseJSONValue] successfully performed. With the following test data [title]. @08-10-2021 01:59:40.0060 AM
[ReportManager] API Action [GetResponseJSONValue] successfully performed. With the following test data [title]. @08-10-2021 01:59:40.0071 AM
[ReportManager] API Action [GetResponseJSONValue] successfully performed. With the following test data [title]. @08-10-2021 01:59:40.0079 AM
[ReportManager] API Action [GetResponseJSONValue] successfully performed. With the following test data [title]. @08-10-2021 01:59:40.0088 AM
[ReportManager] API Action [GetResponseJSONValue] successfully performed. With the following test data [title]. @08-10-2021 01:59:40.0097 AM
[ReportManager] API Action [GetResponseJSONValue] successfully performed. With the following test data [title]. @08-10-2021 01:59:40.0120 AM
[ReportManager] API Action [GetResponseJSONValue] successfully performed. With the following test data [title]. @08-10-2021 01:59:40.0129 AM
[ReportManager] API Action [GetResponseJSONValue] successfully performed. With the following test data [title]. @08-10-2021 01:59:40.0137 AM
[ReportManager] API Action [GetResponseJSONValue] successfully performed. With the following test data [title]. @08-10-2021 01:59:40.0144 AM
[ReportManager] API Action [GetResponseJSONValue] successfully performed. With the following test data [title]. @08-10-2021 01:59:40.0152 AM
[ReportManager] API Action [GetResponseJSONValue] successfully performed. With the following test data [title]. @08-10-2021 01:59:40.0159 AM
[ReportManager] API Action [GetResponseJSONValue] successfully performed. With the following test data [title]. @08-10-2021 01:59:40.0169 AM
[ReportManager] API Action [GetResponseJSONValue] successfully performed. With the following test data [title]. @08-10-2021 01:59:40.0177 AM
[ReportManager] API Action [GetResponseJSONValue] successfully performed. With the following test data [title]. @08-10-2021 01:59:40.0185 AM
[ReportManager] API Action [GetResponseJSONValue] successfully performed. With the following test data [title]. @08-10-2021 01:59:40.0193 AM
[ReportManager] API Action [GetResponseJSONValue] successfully performed. With the following test data [title]. @08-10-2021 01:59:40.0201 AM
[ReportManager] API Action [GetResponseJSONValue] successfully performed. With the following test data [title]. @08-10-2021 01:59:40.0209 AM
[ReportManager] API Action [GetResponseJSONValue] successfully performed. With the following test data [title]. @08-10-2021 01:59:40.0217 AM
[ReportManager] API Action [GetResponseJSONValue] successfully performed. With the following test data [title]. @08-10-2021 01:59:40.0225 AM
[ReportManager] API Action [GetResponseJSONValue] successfully performed. With the following test data [title]. @08-10-2021 01:59:40.0233 AM
[ReportManager] API Action [GetResponseJSONValue] successfully performed. With the following test data [title]. @08-10-2021 01:59:40.0241 AM
[ReportManager] API Action [GetResponseJSONValue] successfully performed. With the following test data [title]. @08-10-2021 01:59:40.0249 AM
[ReportManager] API Action [GetResponseJSONValue] successfully performed. With the following test data [title]. @08-10-2021 01:59:40.0311 AM
[ReportManager] API Action [GetResponseJSONValue] successfully performed. With the following test data [title]. @08-10-2021 01:59:40.0320 AM
[ReportManager] API Action [GetResponseJSONValue] successfully performed. With the following test data [title]. @08-10-2021 01:59:40.0328 AM
[ReportManager] API Action [GetResponseJSONValue] successfully performed. With the following test data [title]. @08-10-2021 01:59:40.0336 AM
[ReportManager] API Action [GetResponseJSONValue] successfully performed. With the following test data [title]. @08-10-2021 01:59:40.0343 AM
[ReportManager] API Action [GetResponseJSONValue] successfully performed. With the following test data [title]. @08-10-2021 01:59:40.0383 AM
[ReportManager] API Action [GetResponseJSONValue] successfully performed. With the following test data [title]. @08-10-2021 01:59:40.0395 AM
[ReportManager] API Action [GetResponseJSONValue] successfully performed. With the following test data [title]. @08-10-2021 01:59:40.0402 AM
[ReportManager] API Action [GetResponseJSONValue] successfully performed. With the following test data [title]. @08-10-2021 01:59:40.0415 AM
[ReportManager] API Action [GetResponseJSONValue] successfully performed. With the following test data [title]. @08-10-2021 01:59:40.0425 AM
[ReportManager] API Action [GetResponseJSONValue] successfully performed. With the following test data [title]. @08-10-2021 01:59:40.0433 AM
[ReportManager] API Action [GetResponseJSONValue] successfully performed. With the following test data [title]. @08-10-2021 01:59:40.0444 AM
[ReportManager] API Action [GetResponseJSONValue] successfully performed. With the following test data [title]. @08-10-2021 01:59:40.0454 AM
[ReportManager] API Action [GetResponseJSONValue] successfully performed. With the following test data [title]. @08-10-2021 01:59:40.0462 AM
[ReportManager] API Action [GetResponseJSONValue] successfully performed. With the following test data [title]. @08-10-2021 01:59:40.0475 AM
[ReportManager] API Action [GetResponseJSONValue] successfully performed. With the following test data [title]. @08-10-2021 01:59:40.0483 AM
[ReportManager] API Action [GetResponseJSONValue] successfully performed. With the following test data [title]. @08-10-2021 01:59:40.0491 AM
[ReportManager] API Action [GetResponseJSONValue] successfully performed. With the following test data [title]. @08-10-2021 01:59:40.0498 AM
[ReportManager] API Action [GetResponseJSONValue] successfully performed. With the following test data [title]. @08-10-2021 01:59:40.0505 AM
[ReportManager] API Action [GetResponseJSONValue] successfully performed. With the following test data [title]. @08-10-2021 01:59:40.0512 AM
[ReportManager] API Action [GetResponseJSONValue] successfully performed. With the following test data [title]. @08-10-2021 01:59:40.0519 AM
[ReportManager] API Action [GetResponseJSONValue] successfully performed. With the following test data [title]. @08-10-2021 01:59:40.0526 A

################################################################################################################################################
Starting Execution:	[48 out of 144] test cases in the current suite
Test Method:		[unitTests.tests_restActions.validateUserEmail]
################################################################################################################################################
[ReportManager] Response status code: [200], status line: [HTTP/1.1 200 OK] @08-10-2021 01:59:40.0627 AM
[ReportManager] Assertion Passed: Evaluating the actual response status code against the expected one... @08-10-2021 01:59:40.0627 AM
[ReportManager] Assertion [ValidateEquals] PASSED. Expected [200] and Actual [200]. Comparison Type [EQUALS]. Validation Type [POSITIVE]. @08-10-2021 01:59:40.0627 AM
[ReportManager] API Action [PerformRequest] successfully performed. With the following test data [Request Type: "GET" | Target Status Code: "200" | Service URL: "https://jsonplaceholder.typicode.com/users" | Content Type: "*/*" | Response Time: "81ms"]. @08-10-2021 01:59:40.0661 AM
[ReportManager] Successfully created attachment [API Request - Specifications] @08-10-2021 01:59:40.0661 AM
[ReportManager] Successfully created attachment [API Response - JSON Body] @08-10-2021 01:59:40.0662 AM
[ReportManager] Assertion [ValidateEquals] PASSED. Expected and Actual values are attached. Comparison Type [CONTAINS]. Validation Type [POSITIVE]. @08-10-2021 01:59:40.0662 AM
[ReportManager] Successfully created attachment [Validation Test Data - Expected Value] @08-10-2021 01:59:40.0663 AM
[ReportManager] Successfully created attachment [Validation Test Data - Actual Value] @08-10-2021 01:59:40.0664 AM
[ReportManager] API Action [GetResponseJSONValueAsList] successfully performed. With the following test data [$]. @08-10-2021 01:59:40.0670 AM
[ReportManager] API Action [GetResponseJSONValue] successfully performed. With the following test data [name]. @08-10-2021 01:59:40.0683 AM
[ReportManager] API Action [GetResponseJSONValue] successfully performed. With the following test data [email]. @08-10-2021 01:59:40.0693 AM
[ReportManager] Assertion [ValidateEquals] PASSED. Expected [Sincere@april.biz] and Actual [Sincere@april.biz]. Comparison Type [EQUALS]. Validation Type [POSITIVE]. @08-10-2021 01:59:40.0693 AM
[ReportManager] API Action [GetResponseJSONValue] successfully performed. With the following test data [name]. @08-10-2021 01:59:40.0710 AM
[ReportManager] API Action [GetResponseJSONValue] successfully performed. With the following test data [name]. @08-10-2021 01:59:40.0726 AM
[ReportManager] API Action [GetResponseJSONValue] successfully performed. With the following test data [name]. @08-10-2021 01:59:40.0744 AM
[ReportManager] API Action [GetResponseJSONValue] successfully performed. With the following test data [name]. @08-10-2021 01:59:40.0754 AM
[ReportManager] API Action [GetResponseJSONValue] successfully performed. With the following test data [name]. @08-10-2021 01:59:40.0765 AM
[ReportManager] API Action [GetResponseJSONValue] successfully performed. With the following test data [name]. @08-10-2021 01:59:40.0776 AM
[ReportManager] API Action [GetResponseJSONValue] successfully performed. With the following test data [name]. @08-10-2021 01:59:40.0792 AM
[ReportManager] API Action [GetResponseJSONValue] successfully performed. With the following test data [name]. @08-10-2021 01:59:40.0803 AM
[ReportManager] API Action [GetResponseJSONValue] successfully performed. With the following test data [name]. @08-10-2021 01:59:40.0815 A
[ReportManager] File Action [GetAbsolutePath] successfully performed. With the following test data [Relative Folder Path: "target/downloadedFiles/"]. @08-10-2021 01:59:40.0819 AM
[ReportManager] Attempting to run remotely on: [Linux-64], [GoogleChrome], [http://localhost:4444/wd/hub], Headless Execution. @08-10-2021 01:59:40.0819 AM
[ReportManager] Successfully Opened [GoogleChrome]. @08-10-2021 01:59:41.0107 AM
[ReportManager] Target URL: [https://duckduckgo.com] @08-10-2021 01:59:41.0120 AM
[ReportManager] Initial URL: [data:,] @08-10-2021 01:59:41.0176 AM
[ReportManager] Browser Action [NavigateToURL] successfully performed. With the following test data [https://duckduckgo.com]. @08-10-2021 01:59:41.0872 A

################################################################################################################################################
Starting Execution:	[49 out of 144] test cases in the current suite
Test Method:		[unitTests.tests_browserActions.fullScreenWindow]
################################################################################################################################################
[ReportManager] Initial Windows Size: 800x600 @08-10-2021 01:59:41.0882 AM
[ReportManager] Initial window size: (800, 600) @08-10-2021 01:59:41.0885 AM
[ReportManager] Window size after Toolkit: (1920, 1080) @08-10-2021 01:59:42.0111 AM
[ReportManager] Browser Action [MaximizeWindow] successfully performed. With the following test data [New screen size is now: (1920, 1080)]. @08-10-2021 01:59:42.0113 AM
[ReportManager] Current Windows Size after fullScreen: 1920x1080 @08-10-2021 01:59:42.0118 AM
[ReportManager] Browser Action [FullScreenWindow] successfully performed. @08-10-2021 01:59:42.0134 AM
[ReportManager] Successfully created attachment [Browser Action Test Data - FullScreenWindow - Actual Value] @08-10-2021 01:59:42.0136 A
[ReportManager] Target URL: [https://duckduckgo.com] @08-10-2021 01:59:42.0141 AM
[ReportManager] Initial URL: [https://duckduckgo.com] @08-10-2021 01:59:42.0204 AM
[ReportManager] Browser Action [NavigateToURL] successfully performed. With the following test data [https://duckduckgo.com]. @08-10-2021 01:59:42.0574 AM
[ReportManager] Browser Action [CloseCurrentWindow] successfully performed. @08-10-2021 01:59:42.0673 AM
[ReportManager] Successfully created attachment [Browser Action Test Data - CloseCurrentWindow - Actual Value] @08-10-2021 01:59:42.0677 A
[ReportManager] File Action [GetAbsolutePath] successfully performed. With the following test data [Relative Folder Path: "target/downloadedFiles/"]. @08-10-2021 01:59:42.0680 AM
[ReportManager] Attempting to run remotely on: [Linux-64], [GoogleChrome], [http://localhost:4444/wd/hub], Headless Execution. @08-10-2021 01:59:42.0680 AM
[ReportManager] Successfully Opened [GoogleChrome]. @08-10-2021 01:59:42.0860 AM
[ReportManager] Target URL: [https://duckduckgo.com] @08-10-2021 01:59:42.0876 AM
[ReportManager] Initial URL: [data:,] @08-10-2021 01:59:42.0925 AM
[ReportManager] Browser Action [NavigateToURL] successfully performed. With the following test data [https://duckduckgo.com]. @08-10-2021 01:59:43.0554 A

################################################################################################################################################
Starting Execution:	[50 out of 144] test cases in the current suite
Test Method:		[unitTests.tests_browserActions.getCurrentURL]
################################################################################################################################################
[ReportManager] Browser Action [GetCurrentURL] successfully performed. With the following test data [https://duckduckgo.com/]. @08-10-2021 01:59:43.0594 A
[ReportManager] Target URL: [https://duckduckgo.com] @08-10-2021 01:59:43.0596 AM
[ReportManager] Initial URL: [https://duckduckgo.com] @08-10-2021 01:59:43.0649 AM
[ReportManager] Browser Action [NavigateToURL] successfully performed. With the following test data [https://duckduckgo.com]. @08-10-2021 01:59:43.0971 AM
[ReportManager] Browser Action [CloseCurrentWindow] successfully performed. @08-10-2021 01:59:44.0104 AM
[ReportManager] Successfully created attachment [Browser Action Test Data - CloseCurrentWindow - Actual Value] @08-10-2021 01:59:44.0105 A
[ReportManager] File Action [GetAbsolutePath] successfully performed. With the following test data [Relative Folder Path: "target/downloadedFiles/"]. @08-10-2021 01:59:44.0110 AM
[ReportManager] Attempting to run remotely on: [Linux-64], [GoogleChrome], [http://localhost:4444/wd/hub], Headless Execution. @08-10-2021 01:59:44.0111 AM
[ReportManager] Successfully Opened [GoogleChrome]. @08-10-2021 01:59:44.0317 AM
[ReportManager] Target URL: [https://duckduckgo.com] @08-10-2021 01:59:44.0340 AM
[ReportManager] Initial URL: [data:,] @08-10-2021 01:59:44.0385 AM
[ReportManager] Browser Action [NavigateToURL] successfully performed. With the following test data [https://duckduckgo.com]. @08-10-2021 01:59:45.0026 A

################################################################################################################################################
Starting Execution:	[51 out of 144] test cases in the current suite
Test Method:		[unitTests.tests_browserActions.getCurrentWindowTitle]
################################################################################################################################################
[ReportManager] Browser Action [GetCurrentWindowTitle] successfully performed. With the following test data [DuckDuckGo  Privacy, simplified.]. @08-10-2021 01:59:45.0083 A
[ReportManager] Target URL: [https://duckduckgo.com] @08-10-2021 01:59:45.0088 AM
[ReportManager] Initial URL: [https://duckduckgo.com] @08-10-2021 01:59:45.0165 AM
[ReportManager] Browser Action [NavigateToURL] successfully performed. With the following test data [https://duckduckgo.com]. @08-10-2021 01:59:45.0554 AM
[ReportManager] Browser Action [CloseCurrentWindow] successfully performed. @08-10-2021 01:59:45.0655 AM
[ReportManager] Successfully created attachment [Browser Action Test Data - CloseCurrentWindow - Actual Value] @08-10-2021 01:59:45.0655 A
[ReportManager] File Action [GetAbsolutePath] successfully performed. With the following test data [Relative Folder Path: "target/downloadedFiles/"]. @08-10-2021 01:59:45.0658 AM
[ReportManager] Attempting to run remotely on: [Linux-64], [GoogleChrome], [http://localhost:4444/wd/hub], Headless Execution. @08-10-2021 01:59:45.0658 AM
[ReportManager] Successfully Opened [GoogleChrome]. @08-10-2021 01:59:45.0866 AM
[ReportManager] Target URL: [https://duckduckgo.com] @08-10-2021 01:59:45.0876 AM
[ReportManager] Initial URL: [data:,] @08-10-2021 01:59:45.0915 AM
[ReportManager] Browser Action [NavigateToURL] successfully performed. With the following test data [https://duckduckgo.com]. @08-10-2021 01:59:46.0535 A

################################################################################################################################################
Starting Execution:	[52 out of 144] test cases in the current suite
Test Method:		[unitTests.tests_browserActions.getPageSource]
################################################################################################################################################
[ReportManager] Browser Action [GetPageSource] successfully performed. @08-10-2021 01:59:46.0580 AM
[ReportManager] Successfully created attachment [Browser Action Test Data - GetPageSource - Actual Value] @08-10-2021 01:59:46.0580 A
[ReportManager] Target URL: [https://duckduckgo.com] @08-10-2021 01:59:46.0582 AM
[ReportManager] Initial URL: [https://duckduckgo.com] @08-10-2021 01:59:46.0635 AM
[ReportManager] Browser Action [NavigateToURL] successfully performed. With the following test data [https://duckduckgo.com]. @08-10-2021 01:59:46.0996 AM
[ReportManager] Browser Action [CloseCurrentWindow] successfully performed. @08-10-2021 01:59:47.0099 AM
[ReportManager] Successfully created attachment [Browser Action Test Data - CloseCurrentWindow - Actual Value] @08-10-2021 01:59:47.0100 A
[ReportManager] File Action [GetAbsolutePath] successfully performed. With the following test data [Relative Folder Path: "target/downloadedFiles/"]. @08-10-2021 01:59:47.0103 AM
[ReportManager] Attempting to run remotely on: [Linux-64], [GoogleChrome], [http://localhost:4444/wd/hub], Headless Execution. @08-10-2021 01:59:47.0103 AM
[ReportManager] Successfully Opened [GoogleChrome]. @08-10-2021 01:59:47.0299 AM
[ReportManager] Target URL: [https://duckduckgo.com] @08-10-2021 01:59:47.0320 AM
[ReportManager] Initial URL: [data:,] @08-10-2021 01:59:47.0368 AM
[ReportManager] Browser Action [NavigateToURL] successfully performed. With the following test data [https://duckduckgo.com]. @08-10-2021 01:59:47.0997 A

################################################################################################################################################
Starting Execution:	[53 out of 144] test cases in the current suite
Test Method:		[unitTests.tests_browserActions.getWindowHandle]
################################################################################################################################################
[ReportManager] Browser Action [GetWindowHandle] successfully performed. With the following test data [CDwindow-28A8509EFFC3E06A92B912D0120A56A7]. @08-10-2021 01:59:48.0043 A
[ReportManager] Target URL: [https://duckduckgo.com] @08-10-2021 01:59:48.0046 AM
[ReportManager] Initial URL: [https://duckduckgo.com] @08-10-2021 01:59:48.0136 AM
[ReportManager] Browser Action [NavigateToURL] successfully performed. With the following test data [https://duckduckgo.com]. @08-10-2021 01:59:48.0552 AM
[ReportManager] Browser Action [CloseCurrentWindow] successfully performed. @08-10-2021 01:59:48.0653 AM
[ReportManager] Successfully created attachment [Browser Action Test Data - CloseCurrentWindow - Actual Value] @08-10-2021 01:59:48.0653 A
[ReportManager] File Action [GetAbsolutePath] successfully performed. With the following test data [Relative Folder Path: "target/downloadedFiles/"]. @08-10-2021 01:59:48.0655 AM
[ReportManager] Attempting to run remotely on: [Linux-64], [GoogleChrome], [http://localhost:4444/wd/hub], Headless Execution. @08-10-2021 01:59:48.0656 AM
[ReportManager] Successfully Opened [GoogleChrome]. @08-10-2021 01:59:48.0861 AM
[ReportManager] Target URL: [https://duckduckgo.com] @08-10-2021 01:59:48.0875 AM
[ReportManager] Initial URL: [data:,] @08-10-2021 01:59:48.0932 AM
[ReportManager] Browser Action [NavigateToURL] successfully performed. With the following test data [https://duckduckgo.com]. @08-10-2021 01:59:49.0604 A

################################################################################################################################################
Starting Execution:	[54 out of 144] test cases in the current suite
Test Method:		[unitTests.tests_browserActions.getWindowPosition]
################################################################################################################################################
[ReportManager] Browser Action [GetWindowPosition] successfully performed. With the following test data [(0, 0)]. @08-10-2021 01:59:49.0640 A
[ReportManager] Target URL: [https://duckduckgo.com] @08-10-2021 01:59:49.0641 AM
[ReportManager] Initial URL: [https://duckduckgo.com] @08-10-2021 01:59:49.0696 AM
[ReportManager] Browser Action [NavigateToURL] successfully performed. With the following test data [https://duckduckgo.com]. @08-10-2021 01:59:50.0157 AM
[ReportManager] Browser Action [CloseCurrentWindow] successfully performed. @08-10-2021 01:59:50.0268 AM
[ReportManager] Successfully created attachment [Browser Action Test Data - CloseCurrentWindow - Actual Value] @08-10-2021 01:59:50.0268 A
[ReportManager] File Action [GetAbsolutePath] successfully performed. With the following test data [Relative Folder Path: "target/downloadedFiles/"]. @08-10-2021 01:59:50.0270 AM
[ReportManager] Attempting to run remotely on: [Linux-64], [GoogleChrome], [http://localhost:4444/wd/hub], Headless Execution. @08-10-2021 01:59:50.0270 AM
[ReportManager] Successfully Opened [GoogleChrome]. @08-10-2021 01:59:50.0502 AM
[ReportManager] Target URL: [https://duckduckgo.com] @08-10-2021 01:59:50.0512 AM
[ReportManager] Initial URL: [data:,] @08-10-2021 01:59:50.0553 AM
[ReportManager] Browser Action [NavigateToURL] successfully performed. With the following test data [https://duckduckgo.com]. @08-10-2021 01:59:51.0167 A

################################################################################################################################################
Starting Execution:	[55 out of 144] test cases in the current suite
Test Method:		[unitTests.tests_browserActions.getWindowSize]
################################################################################################################################################
[ReportManager] Browser Action [GetWindowSize] successfully performed. With the following test data [(800, 600)]. @08-10-2021 01:59:51.0211 A
[ReportManager] Target URL: [https://duckduckgo.com] @08-10-2021 01:59:51.0214 AM
[ReportManager] Initial URL: [https://duckduckgo.com] @08-10-2021 01:59:51.0276 AM
[ReportManager] Browser Action [NavigateToURL] successfully performed. With the following test data [https://duckduckgo.com]. @08-10-2021 01:59:51.0614 AM
[ReportManager] Browser Action [CloseCurrentWindow] successfully performed. @08-10-2021 01:59:51.0724 AM
[ReportManager] Successfully created attachment [Browser Action Test Data - CloseCurrentWindow - Actual Value] @08-10-2021 01:59:51.0725 A
[ReportManager] File Action [GetAbsolutePath] successfully performed. With the following test data [Relative Folder Path: "target/downloadedFiles/"]. @08-10-2021 01:59:51.0727 AM
[ReportManager] Attempting to run remotely on: [Linux-64], [GoogleChrome], [http://localhost:4444/wd/hub], Headless Execution. @08-10-2021 01:59:51.0727 AM
[ReportManager] Successfully Opened [GoogleChrome]. @08-10-2021 01:59:51.0979 AM
[ReportManager] Target URL: [https://duckduckgo.com] @08-10-2021 01:59:51.0989 AM
[ReportManager] Initial URL: [data:,] @08-10-2021 01:59:52.0032 AM
[ReportManager] Browser Action [NavigateToURL] successfully performed. With the following test data [https://duckduckgo.com]. @08-10-2021 01:59:52.0623 A

################################################################################################################################################
Starting Execution:	[56 out of 144] test cases in the current suite
Test Method:		[unitTests.tests_browserActions.maximizeWindow]
################################################################################################################################################
[ReportManager] Initial window size: (800, 600) @08-10-2021 01:59:52.0629 AM
[ReportManager] Window size after Toolkit: (1920, 1080) @08-10-2021 01:59:52.0851 AM
[ReportManager] Browser Action [MaximizeWindow] successfully performed. With the following test data [New screen size is now: (1920, 1080)]. @08-10-2021 01:59:52.0853 A
[ReportManager] Target URL: [https://duckduckgo.com] @08-10-2021 01:59:52.0855 AM
[ReportManager] Initial URL: [https://duckduckgo.com] @08-10-2021 01:59:52.0934 AM
[ReportManager] Browser Action [NavigateToURL] successfully performed. With the following test data [https://duckduckgo.com]. @08-10-2021 01:59:53.0257 AM
[ReportManager] Browser Action [CloseCurrentWindow] successfully performed. @08-10-2021 01:59:53.0358 AM
[ReportManager] Successfully created attachment [Browser Action Test Data - CloseCurrentWindow - Actual Value] @08-10-2021 01:59:53.0359 A
[ReportManager] File Action [GetAbsolutePath] successfully performed. With the following test data [Relative Folder Path: "target/downloadedFiles/"]. @08-10-2021 01:59:53.0361 AM
[ReportManager] Attempting to run remotely on: [Linux-64], [GoogleChrome], [http://localhost:4444/wd/hub], Headless Execution. @08-10-2021 01:59:53.0361 AM
[ReportManager] Successfully Opened [GoogleChrome]. @08-10-2021 01:59:53.0583 AM
[ReportManager] Target URL: [https://duckduckgo.com] @08-10-2021 01:59:53.0602 AM
[ReportManager] Initial URL: [data:,] @08-10-2021 01:59:53.0638 AM
[ReportManager] Browser Action [NavigateToURL] successfully performed. With the following test data [https://duckduckgo.com]. @08-10-2021 01:59:54.0249 A

################################################################################################################################################
Starting Execution:	[57 out of 144] test cases in the current suite
Test Method:		[unitTests.tests_browserActions.navigateBack]
################################################################################################################################################
[ReportManager] Target URL: [https://www.google.com/ncr], and after redirection: [https://www.google.com] @08-10-2021 01:59:54.0257 AM
[ReportManager] Initial URL: [https://duckduckgo.com] @08-10-2021 01:59:54.0324 AM
[ReportManager] Browser Action [NavigateToURL] successfully performed. With the following test data [https://www.google.com/ncr]. @08-10-2021 01:59:57.0882 AM
[ReportManager] Browser Action [NavigateBack] successfully performed. With the following test data [https://duckduckgo.com/]. @08-10-2021 01:59:58.0268 AM
[ReportManager] Browser Action [GetCurrentURL] successfully performed. With the following test data [https://duckduckgo.com/]. @08-10-2021 01:59:58.0296 AM
[ReportManager] Assertion Passed: Confirming that navigating back was successful @08-10-2021 01:59:58.0422 AM
[ReportManager] Successfully created attachment [Screenshot - 1633658398363_navigateBack_ValidateBrowserAttribute_passed] @08-10-2021 01:59:58.0423 AM
[ReportManager] Assertion [ValidateBrowserAttribute] PASSED. Expected [Value Should be 'https://duckduckgo.com' for the 'CurrentUrl' attribute] and Actual [https://duckduckgo.com/]. Comparison Type [CONTAINS]. Validation Type [POSITIVE]. @08-10-2021 01:59:58.0423 A
[ReportManager] Target URL: [https://duckduckgo.com] @08-10-2021 01:59:58.0428 AM
[ReportManager] Initial URL: [https://duckduckgo.com] @08-10-2021 01:59:58.0500 AM
[ReportManager] Browser Action [NavigateToURL] successfully performed. With the following test data [https://duckduckgo.com]. @08-10-2021 01:59:58.0807 AM
[ReportManager] Browser Action [CloseCurrentWindow] successfully performed. @08-10-2021 01:59:58.0909 AM
[ReportManager] Successfully created attachment [Browser Action Test Data - CloseCurrentWindow - Actual Value] @08-10-2021 01:59:58.0909 A
[ReportManager] File Action [GetAbsolutePath] successfully performed. With the following test data [Relative Folder Path: "target/downloadedFiles/"]. @08-10-2021 01:59:58.0911 AM
[ReportManager] Attempting to run remotely on: [Linux-64], [GoogleChrome], [http://localhost:4444/wd/hub], Headless Execution. @08-10-2021 01:59:58.0911 AM
[ReportManager] Successfully Opened [GoogleChrome]. @08-10-2021 01:59:59.0108 AM
[ReportManager] Target URL: [https://duckduckgo.com] @08-10-2021 01:59:59.0117 AM
[ReportManager] Initial URL: [data:,] @08-10-2021 01:59:59.0169 AM
[ReportManager] Browser Action [NavigateToURL] successfully performed. With the following test data [https://duckduckgo.com]. @08-10-2021 01:59:59.0825 A

################################################################################################################################################
Starting Execution:	[58 out of 144] test cases in the current suite
Test Method:		[unitTests.tests_browserActions.navigateForward]
################################################################################################################################################
[ReportManager] Target URL: [https://www.google.com/ncr], and after redirection: [https://www.google.com] @08-10-2021 01:59:59.0833 AM
[ReportManager] Initial URL: [https://duckduckgo.com] @08-10-2021 01:59:59.0895 AM
[ReportManager] Browser Action [NavigateToURL] successfully performed. With the following test data [https://www.google.com/ncr]. @08-10-2021 02:00:00.0784 AM
[ReportManager] Browser Action [NavigateBack] successfully performed. With the following test data [https://duckduckgo.com/]. @08-10-2021 02:00:01.0118 AM
[ReportManager] Browser Action [NavigateForward] successfully performed. With the following test data [https://www.google.com/]. @08-10-2021 02:00:01.0549 A
[ReportManager] Target URL: [https://duckduckgo.com] @08-10-2021 02:00:01.0552 AM
[ReportManager] Initial URL: [https://www.google.com] @08-10-2021 02:00:01.0627 AM
[ReportManager] Browser Action [NavigateToURL] successfully performed. With the following test data [https://duckduckgo.com]. @08-10-2021 02:00:02.0095 AM
[ReportManager] Browser Action [CloseCurrentWindow] successfully performed. @08-10-2021 02:00:02.0198 AM
[ReportManager] Successfully created attachment [Browser Action Test Data - CloseCurrentWindow - Actual Value] @08-10-2021 02:00:02.0203 A
[ReportManager] File Action [GetAbsolutePath] successfully performed. With the following test data [Relative Folder Path: "target/downloadedFiles/"]. @08-10-2021 02:00:02.0205 AM
[ReportManager] Attempting to run remotely on: [Linux-64], [GoogleChrome], [http://localhost:4444/wd/hub], Headless Execution. @08-10-2021 02:00:02.0205 AM
[ReportManager] Successfully Opened [GoogleChrome]. @08-10-2021 02:00:02.0408 AM
[ReportManager] Target URL: [https://duckduckgo.com] @08-10-2021 02:00:02.0421 AM
[ReportManager] Initial URL: [data:,] @08-10-2021 02:00:02.0457 AM
[ReportManager] Browser Action [NavigateToURL] successfully performed. With the following test data [https://duckduckgo.com]. @08-10-2021 02:00:03.0083 A

################################################################################################################################################
Starting Execution:	[59 out of 144] test cases in the current suite
Test Method:		[unitTests.tests_browserActions.navigateToURL]
################################################################################################################################################
[ReportManager] Target URL: [https://duckduckgo.com] @08-10-2021 02:00:03.0085 AM
[ReportManager] Initial URL: [https://duckduckgo.com] @08-10-2021 02:00:03.0175 AM
[ReportManager] Browser Action [NavigateToURL] successfully performed. With the following test data [https://duckduckgo.com]. @08-10-2021 02:00:03.0509 A
[ReportManager] Target URL: [https://duckduckgo.com] @08-10-2021 02:00:03.0511 AM
[ReportManager] Initial URL: [https://duckduckgo.com] @08-10-2021 02:00:03.0572 AM
[ReportManager] Browser Action [NavigateToURL] successfully performed. With the following test data [https://duckduckgo.com]. @08-10-2021 02:00:03.0872 AM
[ReportManager] Browser Action [CloseCurrentWindow] successfully performed. @08-10-2021 02:00:03.0996 AM
[ReportManager] Successfully created attachment [Browser Action Test Data - CloseCurrentWindow - Actual Value] @08-10-2021 02:00:03.0996 A
[ReportManager] File Action [GetAbsolutePath] successfully performed. With the following test data [Relative Folder Path: "target/downloadedFiles/"]. @08-10-2021 02:00:04.0003 AM
[ReportManager] Attempting to run remotely on: [Linux-64], [GoogleChrome], [http://localhost:4444/wd/hub], Headless Execution. @08-10-2021 02:00:04.0003 AM
[ReportManager] Successfully Opened [GoogleChrome]. @08-10-2021 02:00:04.0239 AM
[ReportManager] Target URL: [https://duckduckgo.com] @08-10-2021 02:00:04.0256 AM
[ReportManager] Initial URL: [data:,] @08-10-2021 02:00:04.0297 AM
[ReportManager] Browser Action [NavigateToURL] successfully performed. With the following test data [https://duckduckgo.com]. @08-10-2021 02:00:04.0891 A

################################################################################################################################################
Starting Execution:	[60 out of 144] test cases in the current suite
Test Method:		[unitTests.tests_browserActions.navigateToURLWithRedirection]
################################################################################################################################################
[ReportManager] Target URL: [https://www.google.com/ncr], and after redirection: [https://www.google.com] @08-10-2021 02:00:04.0894 AM
[ReportManager] Initial URL: [https://duckduckgo.com] @08-10-2021 02:00:04.0948 AM
[ReportManager] Browser Action [NavigateToURL] successfully performed. With the following test data [https://www.google.com/ncr]. @08-10-2021 02:00:05.0795 A
[ReportManager] Target URL: [https://duckduckgo.com] @08-10-2021 02:00:05.0797 AM
[ReportManager] Initial URL: [https://www.google.com] @08-10-2021 02:00:05.0871 AM
[ReportManager] Browser Action [NavigateToURL] successfully performed. With the following test data [https://duckduckgo.com]. @08-10-2021 02:00:06.0360 AM
[ReportManager] Browser Action [CloseCurrentWindow] successfully performed. @08-10-2021 02:00:06.0461 AM
[ReportManager] Successfully created attachment [Browser Action Test Data - CloseCurrentWindow - Actual Value] @08-10-2021 02:00:06.0462 A
[ReportManager] File Action [GetAbsolutePath] successfully performed. With the following test data [Relative Folder Path: "target/downloadedFiles/"]. @08-10-2021 02:00:06.0469 AM
[ReportManager] Attempting to run remotely on: [Linux-64], [GoogleChrome], [http://localhost:4444/wd/hub], Headless Execution. @08-10-2021 02:00:06.0469 AM
[ReportManager] Successfully Opened [GoogleChrome]. @08-10-2021 02:00:06.0742 AM
[ReportManager] Target URL: [https://duckduckgo.com] @08-10-2021 02:00:06.0754 AM
[ReportManager] Initial URL: [data:,] @08-10-2021 02:00:06.0793 AM
[ReportManager] Browser Action [NavigateToURL] successfully performed. With the following test data [https://duckduckgo.com]. @08-10-2021 02:00:07.0405 A

################################################################################################################################################
Starting Execution:	[61 out of 144] test cases in the current suite
Test Method:		[unitTests.tests_browserActions.refreshCurrentPage]
################################################################################################################################################
[ReportManager] Browser Action [RefreshCurrentPage] successfully performed. @08-10-2021 02:00:07.0608 AM
[ReportManager] Successfully created attachment [Browser Action Test Data - RefreshCurrentPage - Actual Value] @08-10-2021 02:00:07.0609 A
[ReportManager] Target URL: [https://duckduckgo.com] @08-10-2021 02:00:07.0612 AM
[ReportManager] Initial URL: [https://duckduckgo.com] @08-10-2021 02:00:07.0677 AM
[ReportManager] Browser Action [NavigateToURL] successfully performed. With the following test data [https://duckduckgo.com]. @08-10-2021 02:00:07.0970 AM
[ReportManager] Browser Action [CloseCurrentWindow] successfully performed. @08-10-2021 02:00:08.0069 AM
[ReportManager] Successfully created attachment [Browser Action Test Data - CloseCurrentWindow - Actual Value] @08-10-2021 02:00:08.0070 A
[ReportManager] File Action [GetAbsolutePath] successfully performed. With the following test data [Relative Folder Path: "target/downloadedFiles/"]. @08-10-2021 02:00:08.0072 AM
[ReportManager] Attempting to run remotely on: [Linux-64], [GoogleChrome], [http://localhost:4444/wd/hub], Headless Execution. @08-10-2021 02:00:08.0073 AM
[ReportManager] Successfully Opened [GoogleChrome]. @08-10-2021 02:00:08.0275 AM
[ReportManager] Target URL: [https://duckduckgo.com] @08-10-2021 02:00:08.0291 AM
[ReportManager] Initial URL: [data:,] @08-10-2021 02:00:08.0328 AM
[ReportManager] Browser Action [NavigateToURL] successfully performed. With the following test data [https://duckduckgo.com]. @08-10-2021 02:00:08.0953 A

################################################################################################################################################
Starting Execution:	[62 out of 144] test cases in the current suite
Test Method:		[unitTests.tests_browserActions.setWindowSize]
################################################################################################################################################
[ReportManager] Initial window size: (800, 600) @08-10-2021 02:00:08.0974 AM
[ReportManager] Window size after SWD: (1280, 720) @08-10-2021 02:00:09.0193 AM
[ReportManager] Browser Action [SetWindowSize] successfully performed. With the following test data [New screen size is now: (1280, 720)]. @08-10-2021 02:00:09.0194 A
[ReportManager] Target URL: [https://duckduckgo.com] @08-10-2021 02:00:09.0197 AM
[ReportManager] Initial URL: [https://duckduckgo.com] @08-10-2021 02:00:09.0267 AM
[ReportManager] Browser Action [NavigateToURL] successfully performed. With the following test data [https://duckduckgo.com]. @08-10-2021 02:00:09.0600 AM
[ReportManager] Browser Action [CloseCurrentWindow] successfully performed. @08-10-2021 02:00:09.0708 AM
[ReportManager] Successfully created attachment [Browser Action Test Data - CloseCurrentWindow - Actual Value] @08-10-2021 02:00:09.0709 A
[ReportManager] File Action [GetAbsolutePath] successfully performed. With the following test data [Relative Folder Path: "target/downloadedFiles/"]. @08-10-2021 02:00:09.0710 AM
[ReportManager] Attempting to run remotely on: [Linux-64], [GoogleChrome], [http://localhost:4444/wd/hub], Headless Execution. @08-10-2021 02:00:09.0711 AM
[ReportManager] Successfully Opened [GoogleChrome]. @08-10-2021 02:00:09.0932 A

################################################################################################################################################
Starting Execution:	[63 out of 144] test cases in the current suite
Test Method:		[unitTests.tests_element_elementActions.waitForElementToBePresent_false_expectedToFail]
################################################################################################################################################
[ReportManager] Target URL: [https://www.google.com/ncr], and after redirection: [www.google.com] @08-10-2021 02:00:09.0945 AM
[ReportManager] Initial URL: [data:,] @08-10-2021 02:00:09.0992 AM
[ReportManager] Browser Action [NavigateToURL] successfully performed. With the following test data [https://www.google.com/ncr]. @08-10-2021 02:00:10.0933 AM
[ReportManager] Waiting for element to be present; elementLocator [By.xpath: //*[@id='hplogo' or @alt='Google']], numberOfTries[1], stateOfPresence[false]... @08-10-2021 02:00:10.0938 AM
[ReportManager] Element Action [WaitForElementToBePresent] failed. With the following test data [waited for the element's state of presence to be (false). Element locator (By.xpath: //*[@id='hplogo' or @alt='Google'])]. @08-10-2021 02:00:11.0119 AM
[ReportManager] Successfully created attachment [Screenshot - 1633658411061_waitForElementToBePresent_false_expectedToFail_WaitForElementToBePresent_failed] @08-10-2021 02:00:11.0120 A
[ReportManager] Browser Action [CloseCurrentWindow] successfully performed. @08-10-2021 02:00:11.0240 AM
[ReportManager] Successfully created attachment [Browser Action Test Data - CloseCurrentWindow - Actual Value] @08-10-2021 02:00:11.0241 A
[ReportManager] File Action [GetAbsolutePath] successfully performed. With the following test data [Relative Folder Path: "target/downloadedFiles/"]. @08-10-2021 02:00:11.0250 AM
[ReportManager] Attempting to run remotely on: [Linux-64], [GoogleChrome], [http://localhost:4444/wd/hub], Headless Execution. @08-10-2021 02:00:11.0250 AM
[ReportManager] Successfully Opened [GoogleChrome]. @08-10-2021 02:00:11.0465 A

################################################################################################################################################
Starting Execution:	[64 out of 144] test cases in the current suite
Test Method:		[unitTests.tests_element_elementActions.waitForElementToBePresent_false_expectedToPass]
################################################################################################################################################
[ReportManager] Target URL: [https://www.google.com/ncr], and after redirection: [www.google.com] @08-10-2021 02:00:11.0491 AM
[ReportManager] Initial URL: [data:,] @08-10-2021 02:00:11.0529 AM
[ReportManager] Browser Action [NavigateToURL] successfully performed. With the following test data [https://www.google.com/ncr]. @08-10-2021 02:00:12.0348 AM
[ReportManager] Waiting for element to be present; elementLocator [By.id: bla], numberOfTries[1], stateOfPresence[false]... @08-10-2021 02:00:12.0348 AM
[ReportManager] Element Action [WaitForElementToBePresent] successfully performed. With the following test data [waited for the element's state of presence to be (false). Element locator (By.id: bla)]. @08-10-2021 02:00:17.0458 A
[ReportManager] Browser Action [CloseCurrentWindow] successfully performed. @08-10-2021 02:00:17.0578 AM
[ReportManager] Successfully created attachment [Browser Action Test Data - CloseCurrentWindow - Actual Value] @08-10-2021 02:00:17.0583 A
[ReportManager] File Action [GetAbsolutePath] successfully performed. With the following test data [Relative Folder Path: "target/downloadedFiles/"]. @08-10-2021 02:00:17.0586 AM
[ReportManager] Attempting to run remotely on: [Linux-64], [GoogleChrome], [http://localhost:4444/wd/hub], Headless Execution. @08-10-2021 02:00:17.0586 AM
[ReportManager] Successfully Opened [GoogleChrome]. @08-10-2021 02:00:17.0795 A

################################################################################################################################################
Starting Execution:	[65 out of 144] test cases in the current suite
Test Method:		[unitTests.tests_element_elementActions.waitForElementToBePresent_moreThanOneElement_expectedToFail]
################################################################################################################################################
[ReportManager] Target URL: [https://www.google.com/ncr], and after redirection: [www.google.com] @08-10-2021 02:00:17.0807 AM
[ReportManager] Initial URL: [data:,] @08-10-2021 02:00:17.0851 AM
[ReportManager] Browser Action [NavigateToURL] successfully performed. With the following test data [https://www.google.com/ncr]. @08-10-2021 02:00:18.0706 AM
[ReportManager] Waiting for element to be present; elementLocator [By.xpath: //*], numberOfTries[1], stateOfPresence[false]... @08-10-2021 02:00:18.0706 AM
[ReportManager] Element Action [WaitForElementToBePresent] failed. With the following test data [waited for the element's state of presence to be (false). Element locator (By.xpath: //*)]. @08-10-2021 02:00:18.0915 AM
[ReportManager] Successfully created attachment [Screenshot - 1633658418854_waitForElementToBePresent_moreThanOneElement_expectedToFail_WaitForElementToBePresent_failed] @08-10-2021 02:00:18.0915 A
[ReportManager] Browser Action [CloseCurrentWindow] successfully performed. @08-10-2021 02:00:19.0037 AM
[ReportManager] Successfully created attachment [Browser Action Test Data - CloseCurrentWindow - Actual Value] @08-10-2021 02:00:19.0038 A
[ReportManager] File Action [GetAbsolutePath] successfully performed. With the following test data [Relative Folder Path: "target/downloadedFiles/"]. @08-10-2021 02:00:19.0040 AM
[ReportManager] Attempting to run remotely on: [Linux-64], [GoogleChrome], [http://localhost:4444/wd/hub], Headless Execution. @08-10-2021 02:00:19.0045 AM
[ReportManager] Successfully Opened [GoogleChrome]. @08-10-2021 02:00:19.0249 A

################################################################################################################################################
Starting Execution:	[66 out of 144] test cases in the current suite
Test Method:		[unitTests.tests_element_elementActions.waitForElementToBePresent_true_expectedToFail]
################################################################################################################################################
[ReportManager] Target URL: [https://www.google.com/ncr], and after redirection: [www.google.com] @08-10-2021 02:00:19.0260 AM
[ReportManager] Initial URL: [data:,] @08-10-2021 02:00:19.0319 AM
[ReportManager] Browser Action [NavigateToURL] successfully performed. With the following test data [https://www.google.com/ncr]. @08-10-2021 02:00:20.0224 AM
[ReportManager] Waiting for element to be present; elementLocator [By.id: bla], numberOfTries[1], stateOfPresence[true]... @08-10-2021 02:00:20.0224 AM
[ReportManager] Element Action [WaitForElementToBePresent] failed. With the following test data [waited for the element's state of presence to be (true). Element locator (By.id: bla)]. @08-10-2021 02:00:25.0461 AM
[ReportManager] Successfully created attachment [Screenshot - 1633658425405_waitForElementToBePresent_true_expectedToFail_WaitForElementToBePresent_failed] @08-10-2021 02:00:25.0462 A
[ReportManager] Browser Action [CloseCurrentWindow] successfully performed. @08-10-2021 02:00:25.0576 AM
[ReportManager] Successfully created attachment [Browser Action Test Data - CloseCurrentWindow - Actual Value] @08-10-2021 02:00:25.0577 A
[ReportManager] File Action [GetAbsolutePath] successfully performed. With the following test data [Relative Folder Path: "target/downloadedFiles/"]. @08-10-2021 02:00:25.0579 AM
[ReportManager] Attempting to run remotely on: [Linux-64], [GoogleChrome], [http://localhost:4444/wd/hub], Headless Execution. @08-10-2021 02:00:25.0579 AM
[ReportManager] Successfully Opened [GoogleChrome]. @08-10-2021 02:00:25.0764 A

################################################################################################################################################
Starting Execution:	[67 out of 144] test cases in the current suite
Test Method:		[unitTests.tests_element_elementActions.waitForElementToBePresent_true_expectedToPass]
################################################################################################################################################
[ReportManager] Target URL: [https://www.google.com/ncr], and after redirection: [www.google.com] @08-10-2021 02:00:25.0779 AM
[ReportManager] Initial URL: [data:,] @08-10-2021 02:00:25.0836 AM
[ReportManager] Browser Action [NavigateToURL] successfully performed. With the following test data [https://www.google.com/ncr]. @08-10-2021 02:00:26.0724 AM
[ReportManager] Waiting for element to be present; elementLocator [By.xpath: //*[@id='hplogo' or @alt='Google']], numberOfTries[1], stateOfPresence[true]... @08-10-2021 02:00:26.0725 AM
[ReportManager] Element Action [WaitForElementToBePresent] successfully performed. With the following test data [waited for the element's state of presence to be (true). Element locator (By.xpath: //*[@id='hplogo' or @alt='Google'])]. @08-10-2021 02:00:26.0793 AM
[ReportManager] File Action [DoesFileExist] successfully performed. With the following test data [File Path: "src/test/resources/DynamicObjectRepository/unitTests_tests_element_elementActions_waitForElementToBePresent_true_expectedToPass_By_xpath_id_hplogo_or_alt_Google.png"]. @08-10-2021 02:00:26.0797 AM
[ReportManager] File Action [DoesFileExist] successfully performed. With the following test data [File Path: "src/test/resources/DynamicObjectRepository/unitTests_tests_element_elementActions_waitForElementToBePresent_true_expectedToPass_By_xpath_id_hplogo_or_alt_Google.png"]. @08-10-2021 02:00:26.0933 AM
[ReportManager] Passing the test and saving a reference image @08-10-2021 02:00:26.0933 AM
[ReportManager] File Action [GetAbsolutePath] successfully performed. With the following test data [Relative File Path: "src/test/resources/DynamicObjectRepository/unitTests_tests_element_elementActions_waitForElementToBePresent_true_expectedToPass_By_xpath_id_hplogo_or_alt_Google.png"]. @08-10-2021 02:00:26.0933 AM
[ReportManager] File Action [WriteToFile] successfully performed. With the following test data [Target File Path: "/home/runner/work/SHAFT_ENGINE/SHAFT_ENGINE/src/test/resources/DynamicObjectRepository/unitTests_tests_element_elementActions_waitForElementToBePresent_true_expectedToPass_By_xpath_id_hplogo_or_alt_Google.png"]. @08-10-2021 02:00:26.0934 AM
[ReportManager] Assertion Passed: Using Visual AI; OpenCV @08-10-2021 02:00:26.0934 AM
[ReportManager] Successfully created attachment [Validation Test Data - Actual Screenshot] @08-10-2021 02:00:26.0935 AM
[ReportManager] Assertion [ValidateElementMatches] PASSED. Expected [Element should match the reference screenshot] and Actual [TRUE]. Comparison Type [EXACT_OPENCV]. Validation Type [POSITIVE]. @08-10-2021 02:00:26.0935 A
[ReportManager] Browser Action [CloseCurrentWindow] successfully performed. @08-10-2021 02:00:27.0067 AM
[ReportManager] Successfully created attachment [Browser Action Test Data - CloseCurrentWindow - Actual Value] @08-10-2021 02:00:27.0068 A
[ReportManager] Successfully loaded the following test data file [src/test/resources/TestDataFiles/testSuite01/TestData.xlsx]. @08-10-2021 02:00:27.0783 AM
[ReportManager] Successfully created attachment [Test Data - Excel] @08-10-2021 02:00:27.0784 A

################################################################################################################################################
Starting Execution:	[68 out of 144] test cases in the current suite
Test Method:		[unitTests.tests_io_excelFileManager.getCellData_rowName_expectedToPass]
################################################################################################################################################
[ReportManager] testRowData. @08-10-2021 02:00:27.0795 A

################################################################################################################################################
Starting Execution:	[69 out of 144] test cases in the current suite
Test Method:		[testPackage01.Test_testData.f]
################################################################################################################################################
[ReportManager] Successfully loaded the following test data file [src/test/resources/TestDataFiles/testSuite01/TestData.xlsx]. @08-10-2021 02:00:27.0831 AM
[ReportManager] Successfully created attachment [Test Data - Excel] @08-10-2021 02:00:27.0831 AM
[ReportManager] Last Column Number is: [3]. Zero-based. @08-10-2021 02:00:27.0831 A

################################################################################################################################################
Starting Execution:	[70 out of 144] test cases in the current suite
Test Method:		[testPackage01.Test_SkipDueToIssue.doNotSkip]
################################################################################################################################################
[ReportManager] This should not be skipped. @08-10-2021 02:00:27.0834 A

################################################################################################################################################
Starting Execution:	[71 out of 144] test cases in the current suite
Test Method:		[testPackage01.Test_SkipDueToIssue.skip]
################################################################################################################################################
[ReportManager] This should be skipped. @08-10-2021 02:00:27.0840 A

################################################################################################################################################
Starting Execution:	[72 out of 144] test cases in the current suite
Test Method:		[testPackage01.Test_SkipDueToIssue.skip2]
################################################################################################################################################
[ReportManager] This should be skipped. @08-10-2021 02:00:27.0846 A

################################################################################################################################################
Starting Execution:	[73 out of 144] test cases in the current suite
Test Method:		[testPackage01.Test_chainableElementActions.chainElementActions]
################################################################################################################################################
[ReportManager] File Action [GetAbsolutePath] successfully performed. With the following test data [Relative Folder Path: "target/downloadedFiles/"]. @08-10-2021 02:00:27.0850 AM
[ReportManager] Attempting to run remotely on: [Linux-64], [GoogleChrome], [http://localhost:4444/wd/hub], Headless Execution. @08-10-2021 02:00:27.0851 AM
[ReportManager] Successfully Opened [GoogleChrome]. @08-10-2021 02:00:28.0119 AM
[ReportManager] Target URL: [https://www.google.com/ncr], and after redirection: [https://www.google.com] @08-10-2021 02:00:28.0136 AM
[ReportManager] Initial URL: [data:,] @08-10-2021 02:00:28.0177 AM
[ReportManager] Browser Action [NavigateToURL] successfully performed. With the following test data [https://www.google.com/ncr]. @08-10-2021 02:00:29.0038 AM
[ReportManager] Element Action [Type] successfully performed. With the following test data [chained type 1]. @08-10-2021 02:00:29.0398 AM
[ReportManager] Element Action [Type] successfully performed. With the following test data [chained type 2]. @08-10-2021 02:00:29.0721 AM
[ReportManager] Element Action [TypeAppend] successfully performed. With the following test data [345]. @08-10-2021 02:00:29.0822 AM
[ReportManager] Element Action [GetText] successfully performed. With the following test data [chained type 2345]. @08-10-2021 02:00:29.0963 AM
[ReportManager] Loaded Shared OpenCV @08-10-2021 02:00:30.0090 AM
[ReportManager] Assertion [ValidateElementAttribute] PASSED. Expected [Value Should be 'chained type 2345' for the 'text' attribute, element locator 'By.name: q'] and Actual [chained type 2345]. Comparison Type [EQUALS]. Validation Type [POSITIVE]. @08-10-2021 02:00:30.0162 AM
[ReportManager] Successfully created attachment [Screenshot - 1633658430089_chainElementActions_ValidateElementAttribute_passed] @08-10-2021 02:00:30.0163 AM
[ReportManager] Browser Action [CloseCurrentWindow] successfully performed. @08-10-2021 02:00:30.0278 AM
[ReportManager] Successfully created attachment [Browser Action Test Data - CloseCurrentWindow - Actual Value] @08-10-2021 02:00:30.0278 A

################################################################################################################################################
Starting Execution:	[74 out of 144] test cases in the current suite
Test Method:		[testPackage01.Test_NewValidationHelper.f1]
################################################################################################################################################
[ReportManager] Assertion Passed: Checking valid user data @08-10-2021 02:00:30.0286 AM
[ReportManager] Successfully created attachment [Validation Test Data - Expected Value] @08-10-2021 02:00:30.0287 AM
[ReportManager] Successfully created attachment [Validation Test Data - Actual Value] @08-10-2021 02:00:30.0287 AM
[ReportManager] Assertion [ValidateEquals] PASSED. Expected and Actual values are attached. Comparison Type [EQUALS]. Validation Type [POSITIVE]. @08-10-2021 02:00:30.0287 A
[ReportManager] File Action [GetAbsolutePath] successfully performed. With the following test data [Relative Folder Path: "target/downloadedFiles/"]. @08-10-2021 02:00:30.0299 AM
[ReportManager] Attempting to run remotely on: [Linux-64], [GoogleChrome], [http://localhost:4444/wd/hub], Headless Execution. @08-10-2021 02:00:30.0299 AM
[ReportManager] Successfully Opened [GoogleChrome]. @08-10-2021 02:00:30.0490 AM
[ReportManager] Target URL: [https://the-internet.herokuapp.com/] @08-10-2021 02:00:30.0499 AM
[ReportManager] Initial URL: [data:,] @08-10-2021 02:00:30.0553 AM
[ReportManager] Browser Action [NavigateToURL] successfully performed. With the following test data [https://the-internet.herokuapp.com/]. @08-10-2021 02:00:31.0283 A

################################################################################################################################################
Starting Execution:	[75 out of 144] test cases in the current suite
Test Method:		[testPackage01.Test_NewValidationHelper.f10]
################################################################################################################################################
[ReportManager] Assertion [ValidateElementExists] FAILED. Expected [Element Should Exist, locator 'By.tagName: div'] and Actual [Element Exists but is not unique]. Comparison Type [EQUALS]. Validation Type [POSITIVE]. @08-10-2021 02:00:31.0555 AM
[ReportManager] Successfully created attachment [Screenshot - 1633658431470_f10_ValidateElementExists_failed] @08-10-2021 02:00:31.0556 A
[ReportManager] Successfully Closed All Drivers. @08-10-2021 02:00:31.0630 A
[ReportManager] File Action [GetAbsolutePath] successfully performed. With the following test data [Relative Folder Path: "target/downloadedFiles/"]. @08-10-2021 02:00:31.0631 AM
[ReportManager] Attempting to run remotely on: [Linux-64], [GoogleChrome], [http://localhost:4444/wd/hub], Headless Execution. @08-10-2021 02:00:31.0632 AM
[ReportManager] Successfully Opened [GoogleChrome]. @08-10-2021 02:00:31.0828 AM
[ReportManager] Target URL: [https://the-internet.herokuapp.com/] @08-10-2021 02:00:31.0838 AM
[ReportManager] Initial URL: [data:,] @08-10-2021 02:00:31.0923 AM
[ReportManager] Browser Action [NavigateToURL] successfully performed. With the following test data [https://the-internet.herokuapp.com/]. @08-10-2021 02:00:32.0598 A

################################################################################################################################################
Starting Execution:	[76 out of 144] test cases in the current suite
Test Method:		[testPackage01.Test_NewValidationHelper.f11]
################################################################################################################################################
[ReportManager] Assertion Passed: Checking that false tag doesn't exist @08-10-2021 02:00:42.0959 AM
[ReportManager] Successfully created attachment [Screenshot - 1633658442897_f11_ValidateElementExists_passed] @08-10-2021 02:00:42.0959 AM
[ReportManager] Assertion [ValidateElementExists] PASSED. Expected [Element Should not Exist, locator 'By.tagName: h3'] and Actual [Element Doesn't Exists]. Comparison Type [EQUALS]. Validation Type [NEGATIVE]. @08-10-2021 02:00:42.0959 A
[ReportManager] Successfully Closed All Drivers. @08-10-2021 02:00:43.0032 A
[ReportManager] File Action [GetAbsolutePath] successfully performed. With the following test data [Relative Folder Path: "target/downloadedFiles/"]. @08-10-2021 02:00:43.0034 AM
[ReportManager] Attempting to run remotely on: [Linux-64], [GoogleChrome], [http://localhost:4444/wd/hub], Headless Execution. @08-10-2021 02:00:43.0034 AM
[ReportManager] Successfully Opened [GoogleChrome]. @08-10-2021 02:00:43.0230 AM
[ReportManager] Target URL: [https://the-internet.herokuapp.com/] @08-10-2021 02:00:43.0241 AM
[ReportManager] Initial URL: [data:,] @08-10-2021 02:00:43.0279 AM
[ReportManager] Browser Action [NavigateToURL] successfully performed. With the following test data [https://the-internet.herokuapp.com/]. @08-10-2021 02:00:44.0011 A

################################################################################################################################################
Starting Execution:	[77 out of 144] test cases in the current suite
Test Method:		[testPackage01.Test_NewValidationHelper.f12]
################################################################################################################################################
[ReportManager] Loaded Shared OpenCV @08-10-2021 02:00:44.0233 AM
[ReportManager] Assertion [ValidateElementExists] FAILED. Expected [Element Should not Exist, locator 'By.tagName: h1'] and Actual [Element Exists]. Comparison Type [EQUALS]. Validation Type [NEGATIVE]. @08-10-2021 02:00:44.0314 AM
[ReportManager] Successfully created attachment [Screenshot - 1633658444233_f12_ValidateElementExists_failed] @08-10-2021 02:00:44.0315 A
[ReportManager] Successfully Closed All Drivers. @08-10-2021 02:00:44.0385 A
[ReportManager] File Action [GetAbsolutePath] successfully performed. With the following test data [Relative Folder Path: "target/downloadedFiles/"]. @08-10-2021 02:00:44.0388 AM
[ReportManager] Attempting to run remotely on: [Linux-64], [GoogleChrome], [http://localhost:4444/wd/hub], Headless Execution. @08-10-2021 02:00:44.0388 AM
[ReportManager] Successfully Opened [GoogleChrome]. @08-10-2021 02:00:44.0569 AM
[ReportManager] Target URL: [https://the-internet.herokuapp.com/] @08-10-2021 02:00:44.0578 AM
[ReportManager] Initial URL: [data:,] @08-10-2021 02:00:44.0615 AM
[ReportManager] Browser Action [NavigateToURL] successfully performed. With the following test data [https://the-internet.herokuapp.com/]. @08-10-2021 02:00:45.0360 A

################################################################################################################################################
Starting Execution:	[78 out of 144] test cases in the current suite
Test Method:		[testPackage01.Test_NewValidationHelper.f13]
################################################################################################################################################
[ReportManager] Assertion [ValidateElementExists] FAILED. Expected [Element Should not Exist, locator 'By.tagName: div'] and Actual [Element Exists but is not unique]. Comparison Type [EQUALS]. Validation Type [NEGATIVE]. @08-10-2021 02:00:45.0613 AM
[ReportManager] Successfully created attachment [Screenshot - 1633658445547_f13_ValidateElementExists_failed] @08-10-2021 02:00:45.0614 A
[ReportManager] Successfully Closed All Drivers. @08-10-2021 02:00:45.0689 A
[ReportManager] File Action [GetAbsolutePath] successfully performed. With the following test data [Relative Folder Path: "target/downloadedFiles/"]. @08-10-2021 02:00:45.0692 AM
[ReportManager] Attempting to run remotely on: [Linux-64], [GoogleChrome], [http://localhost:4444/wd/hub], Headless Execution. @08-10-2021 02:00:45.0693 AM
[ReportManager] Successfully Opened [GoogleChrome]. @08-10-2021 02:00:45.0882 AM
[ReportManager] Target URL: [https://the-internet.herokuapp.com/] @08-10-2021 02:00:45.0892 AM
[ReportManager] Initial URL: [data:,] @08-10-2021 02:00:45.0943 AM
[ReportManager] Browser Action [NavigateToURL] successfully performed. With the following test data [https://the-internet.herokuapp.com/]. @08-10-2021 02:00:46.0637 A

################################################################################################################################################
Starting Execution:	[79 out of 144] test cases in the current suite
Test Method:		[testPackage01.Test_NewValidationHelper.f14]
################################################################################################################################################
[ReportManager] Element Action [GetText] successfully performed. With the following test data [Welcome to the-internet]. @08-10-2021 02:00:46.0726 AM
[ReportManager] Loaded Shared OpenCV @08-10-2021 02:00:46.0866 AM
[ReportManager] Assertion Passed: Asserting that the header text is correct @08-10-2021 02:00:46.0947 AM
[ReportManager] Successfully created attachment [Screenshot - 1633658446866_f14_ValidateElementAttribute_passed] @08-10-2021 02:00:46.0948 AM
[ReportManager] Assertion [ValidateElementAttribute] PASSED. Expected [Value Should be 'Welcome to the-internet' for the 'text' attribute, element locator 'By.tagName: h1'] and Actual [Welcome to the-internet]. Comparison Type [EQUALS]. Validation Type [POSITIVE]. @08-10-2021 02:00:46.0948 A
[ReportManager] Successfully Closed All Drivers. @08-10-2021 02:00:47.0023 A
[ReportManager] File Action [GetAbsolutePath] successfully performed. With the following test data [Relative Folder Path: "target/downloadedFiles/"]. @08-10-2021 02:00:47.0026 AM
[ReportManager] Attempting to run remotely on: [Linux-64], [GoogleChrome], [http://localhost:4444/wd/hub], Headless Execution. @08-10-2021 02:00:47.0027 AM
[ReportManager] Successfully Opened [GoogleChrome]. @08-10-2021 02:00:47.0234 AM
[ReportManager] Target URL: [https://the-internet.herokuapp.com/] @08-10-2021 02:00:47.0252 AM
[ReportManager] Initial URL: [data:,] @08-10-2021 02:00:47.0296 AM
[ReportManager] Browser Action [NavigateToURL] successfully performed. With the following test data [https://the-internet.herokuapp.com/]. @08-10-2021 02:00:47.0998 A

################################################################################################################################################
Starting Execution:	[80 out of 144] test cases in the current suite
Test Method:		[testPackage01.Test_NewValidationHelper.f15]
################################################################################################################################################
[ReportManager] Element Action [GetText] successfully performed. With the following test data [Welcome to the-internet]. @08-10-2021 02:00:48.0099 AM
[ReportManager] Loaded Shared OpenCV @08-10-2021 02:00:48.0231 AM
[ReportManager] Assertion [ValidateElementAttribute] FAILED. Expected [Value Should not be 'Welcome' for the 'text' attribute, element locator 'By.tagName: h1'] and Actual [Welcome to the-internet]. Comparison Type [CONTAINS]. Validation Type [NEGATIVE]. @08-10-2021 02:00:48.0330 AM
[ReportManager] Successfully created attachment [Screenshot - 1633658448231_f15_ValidateElementAttribute_failed] @08-10-2021 02:00:48.0331 A
[ReportManager] Successfully Closed All Drivers. @08-10-2021 02:00:48.0405 A
[ReportManager] File Action [GetAbsolutePath] successfully performed. With the following test data [Relative Folder Path: "target/downloadedFiles/"]. @08-10-2021 02:00:48.0407 AM
[ReportManager] Attempting to run remotely on: [Linux-64], [GoogleChrome], [http://localhost:4444/wd/hub], Headless Execution. @08-10-2021 02:00:48.0407 AM
[ReportManager] Successfully Opened [GoogleChrome]. @08-10-2021 02:00:48.0590 AM
[ReportManager] Target URL: [https://the-internet.herokuapp.com/] @08-10-2021 02:00:48.0601 AM
[ReportManager] Initial URL: [data:,] @08-10-2021 02:00:48.0642 AM
[ReportManager] Browser Action [NavigateToURL] successfully performed. With the following test data [https://the-internet.herokuapp.com/]. @08-10-2021 02:00:49.0322 A

################################################################################################################################################
Starting Execution:	[81 out of 144] test cases in the current suite
Test Method:		[testPackage01.Test_NewValidationHelper.f16]
################################################################################################################################################
[ReportManager] Element Action [IdentifyUniqueElement] failed. With the following test data [zero elements found matching this locator "By.tagName: h3".]. @08-10-2021 02:01:14.0870 AM
[ReportManager] Successfully created attachment [Screenshot - 1633658474812_f16_IdentifyUniqueElement_failed] @08-10-2021 02:01:14.0871 AM
[ReportManager] Assertion [ValidateElementAttribute] FAILED. Expected [Value Should not be 'Welcome' for the 'text' attribute, element locator 'By.tagName: h3'] and Actual [Failed to read the desired element attribute]. Comparison Type [CONTAINS]. Validation Type [NEGATIVE]. @08-10-2021 02:01:14.0871 A
[ReportManager] Successfully Closed All Drivers. @08-10-2021 02:01:14.0946 A
[ReportManager] File Action [GetAbsolutePath] successfully performed. With the following test data [Relative Folder Path: "target/downloadedFiles/"]. @08-10-2021 02:01:14.0950 AM
[ReportManager] Attempting to run remotely on: [Linux-64], [GoogleChrome], [http://localhost:4444/wd/hub], Headless Execution. @08-10-2021 02:01:14.0951 AM
[ReportManager] Successfully Opened [GoogleChrome]. @08-10-2021 02:01:15.0155 AM
[ReportManager] Target URL: [https://the-internet.herokuapp.com/] @08-10-2021 02:01:15.0165 AM
[ReportManager] Initial URL: [data:,] @08-10-2021 02:01:15.0213 AM
[ReportManager] Browser Action [NavigateToURL] successfully performed. With the following test data [https://the-internet.herokuapp.com/]. @08-10-2021 02:01:15.0968 A

################################################################################################################################################
Starting Execution:	[82 out of 144] test cases in the current suite
Test Method:		[testPackage01.Test_NewValidationHelper.f17]
################################################################################################################################################
[ReportManager] Attempting to getAttribute [text2] from elementLocator [By.tagName: h1]. @08-10-2021 02:01:15.0971 AM
[ReportManager] Element Action [GetAttribute] successfully performed. @08-10-2021 02:01:16.0049 AM
[ReportManager] Loaded Shared OpenCV @08-10-2021 02:01:16.0194 AM
[ReportManager] Assertion [ValidateElementAttribute] PASSED. Expected [Value Should not be 'Welcome' for the 'text2' attribute, element locator 'By.tagName: h1'] and Actual [null]. Comparison Type [CONTAINS]. Validation Type [NEGATIVE]. @08-10-2021 02:01:16.0282 AM
[ReportManager] Successfully created attachment [Screenshot - 1633658476194_f17_ValidateElementAttribute_passed] @08-10-2021 02:01:16.0283 A
[ReportManager] Successfully Closed All Drivers. @08-10-2021 02:01:16.0359 A
[ReportManager] File Action [GetAbsolutePath] successfully performed. With the following test data [Relative Folder Path: "target/downloadedFiles/"]. @08-10-2021 02:01:16.0361 AM
[ReportManager] Attempting to run remotely on: [Linux-64], [GoogleChrome], [http://localhost:4444/wd/hub], Headless Execution. @08-10-2021 02:01:16.0362 AM
[ReportManager] Successfully Opened [GoogleChrome]. @08-10-2021 02:01:16.0578 AM
[ReportManager] Target URL: [https://the-internet.herokuapp.com/] @08-10-2021 02:01:16.0601 AM
[ReportManager] Initial URL: [data:,] @08-10-2021 02:01:16.0656 AM
[ReportManager] Browser Action [NavigateToURL] successfully performed. With the following test data [https://the-internet.herokuapp.com/]. @08-10-2021 02:01:17.0351 A

################################################################################################################################################
Starting Execution:	[83 out of 144] test cases in the current suite
Test Method:		[testPackage01.Test_NewValidationHelper.f18]
################################################################################################################################################
[ReportManager] Element Action [GetText] successfully performed. With the following test data [Welcome to the-internet]. @08-10-2021 02:01:17.0445 AM
[ReportManager] Loaded Shared OpenCV @08-10-2021 02:01:17.0577 AM
[ReportManager] Assertion [ValidateElementAttribute] PASSED. Expected [Value Should not be 'no' for the 'text' attribute, element locator 'By.tagName: h1'] and Actual [Welcome to the-internet]. Comparison Type [CONTAINS]. Validation Type [NEGATIVE]. @08-10-2021 02:01:17.0660 AM
[ReportManager] Successfully created attachment [Screenshot - 1633658477577_f18_ValidateElementAttribute_passed] @08-10-2021 02:01:17.0661 A
[ReportManager] Successfully Closed All Drivers. @08-10-2021 02:01:17.0732 A
[ReportManager] File Action [GetAbsolutePath] successfully performed. With the following test data [Relative Folder Path: "target/downloadedFiles/"]. @08-10-2021 02:01:17.0737 AM
[ReportManager] Attempting to run remotely on: [Linux-64], [GoogleChrome], [http://localhost:4444/wd/hub], Headless Execution. @08-10-2021 02:01:17.0737 AM
[ReportManager] Successfully Opened [GoogleChrome]. @08-10-2021 02:01:17.0950 AM
[ReportManager] Target URL: [https://the-internet.herokuapp.com/] @08-10-2021 02:01:17.0962 AM
[ReportManager] Initial URL: [data:,] @08-10-2021 02:01:18.0002 AM
[ReportManager] Browser Action [NavigateToURL] successfully performed. With the following test data [https://the-internet.herokuapp.com/]. @08-10-2021 02:01:18.0701 A

################################################################################################################################################
Starting Execution:	[84 out of 144] test cases in the current suite
Test Method:		[testPackage01.Test_NewValidationHelper.f19]
################################################################################################################################################
[ReportManager] Element Action [GetTagName] successfully performed. With the following test data [h1]. @08-10-2021 02:01:18.0781 AM
[ReportManager] Loaded Shared OpenCV @08-10-2021 02:01:18.0947 AM
[ReportManager] Assertion [ValidateElementAttribute] PASSED. Expected [Value Should be 'h' for the 'tagname' attribute, element locator 'By.tagName: h1'] and Actual [h1]. Comparison Type [CONTAINS]. Validation Type [POSITIVE]. @08-10-2021 02:01:19.0032 AM
[ReportManager] Successfully created attachment [Screenshot - 1633658478947_f19_ValidateElementAttribute_passed] @08-10-2021 02:01:19.0033 A
[ReportManager] Successfully Closed All Drivers. @08-10-2021 02:01:19.0107 A

################################################################################################################################################
Starting Execution:	[85 out of 144] test cases in the current suite
Test Method:		[testPackage01.Test_NewValidationHelper.f2]
################################################################################################################################################
[ReportManager] Assertion Failed: Checking valid user data @08-10-2021 02:01:19.0111 AM
[ReportManager] Assertion [ValidateEquals] FAILED. Expected [1] and Actual [2]. Comparison Type [EQUALS]. Validation Type [POSITIVE]. @08-10-2021 02:01:19.0111 A
[ReportManager] File Action [GetAbsolutePath] successfully performed. With the following test data [Relative Folder Path: "target/downloadedFiles/"]. @08-10-2021 02:01:19.0114 AM
[ReportManager] Attempting to run remotely on: [Linux-64], [GoogleChrome], [http://localhost:4444/wd/hub], Headless Execution. @08-10-2021 02:01:19.0114 AM
[ReportManager] Successfully Opened [GoogleChrome]. @08-10-2021 02:01:19.0375 AM
[ReportManager] Target URL: [https://the-internet.herokuapp.com/] @08-10-2021 02:01:19.0389 AM
[ReportManager] Initial URL: [data:,] @08-10-2021 02:01:19.0471 AM
[ReportManager] Browser Action [NavigateToURL] successfully performed. With the following test data [https://the-internet.herokuapp.com/]. @08-10-2021 02:01:20.0213 A

################################################################################################################################################
Starting Execution:	[86 out of 144] test cases in the current suite
Test Method:		[testPackage01.Test_NewValidationHelper.f20]
################################################################################################################################################
[ReportManager] Element Action [GetSize] successfully performed. With the following test data [(755, 61)]. @08-10-2021 02:01:20.0309 AM
[ReportManager] Loaded Shared OpenCV @08-10-2021 02:01:20.0447 AM
[ReportManager] Assertion [ValidateElementAttribute] PASSED. Expected [Value Should not be 'a' for the 'size' attribute, element locator 'By.tagName: h1'] and Actual [(755, 61)]. Comparison Type [CONTAINS]. Validation Type [NEGATIVE]. @08-10-2021 02:01:20.0520 AM
[ReportManager] Successfully created attachment [Screenshot - 1633658480446_f20_ValidateElementAttribute_passed] @08-10-2021 02:01:20.0521 A
[ReportManager] Successfully Closed All Drivers. @08-10-2021 02:01:20.0600 A
[ReportManager] File Action [GetAbsolutePath] successfully performed. With the following test data [Relative Folder Path: "target/downloadedFiles/"]. @08-10-2021 02:01:20.0608 AM
[ReportManager] Attempting to run remotely on: [Linux-64], [GoogleChrome], [http://localhost:4444/wd/hub], Headless Execution. @08-10-2021 02:01:20.0608 AM
[ReportManager] Successfully Opened [GoogleChrome]. @08-10-2021 02:01:20.0792 AM
[ReportManager] Target URL: [https://the-internet.herokuapp.com/] @08-10-2021 02:01:20.0805 AM
[ReportManager] Initial URL: [data:,] @08-10-2021 02:01:20.0852 AM
[ReportManager] Browser Action [NavigateToURL] successfully performed. With the following test data [https://the-internet.herokuapp.com/]. @08-10-2021 02:01:21.0564 A

################################################################################################################################################
Starting Execution:	[87 out of 144] test cases in the current suite
Test Method:		[testPackage01.Test_NewValidationHelper.f21]
################################################################################################################################################
[ReportManager] Element Action [IdentifyUniqueElement] failed. With the following test data [zero elements found matching this locator "By.tagName: h3".]. @08-10-2021 02:01:47.0118 AM
[ReportManager] Successfully created attachment [Screenshot - 1633658507053_f21_IdentifyUniqueElement_failed] @08-10-2021 02:01:47.0119 AM
[ReportManager] Assertion [ValidateElementAttribute] FAILED. Expected [Value Should be 'Welcome' for the 'text' attribute, element locator 'By.tagName: h3'] and Actual [Failed to read the desired element attribute]. Comparison Type [CONTAINS]. Validation Type [POSITIVE]. @08-10-2021 02:01:47.0120 A
[ReportManager] Successfully Closed All Drivers. @08-10-2021 02:01:47.0191 A
[ReportManager] File Action [GetAbsolutePath] successfully performed. With the following test data [Relative Folder Path: "target/downloadedFiles/"]. @08-10-2021 02:01:47.0193 AM
[ReportManager] Attempting to run remotely on: [Linux-64], [GoogleChrome], [http://localhost:4444/wd/hub], Headless Execution. @08-10-2021 02:01:47.0193 AM
[ReportManager] Successfully Opened [GoogleChrome]. @08-10-2021 02:01:47.0382 AM
[ReportManager] Target URL: [https://the-internet.herokuapp.com/] @08-10-2021 02:01:47.0391 AM
[ReportManager] Initial URL: [data:,] @08-10-2021 02:01:47.0430 AM
[ReportManager] Browser Action [NavigateToURL] successfully performed. With the following test data [https://the-internet.herokuapp.com/]. @08-10-2021 02:01:48.0160 A

################################################################################################################################################
Starting Execution:	[88 out of 144] test cases in the current suite
Test Method:		[testPackage01.Test_NewValidationHelper.f22]
################################################################################################################################################
[ReportManager] Element Action [GetText] successfully performed. With the following test data [Welcome to the-internet]. @08-10-2021 02:01:48.0243 AM
[ReportManager] Loaded Shared OpenCV @08-10-2021 02:01:48.0381 AM
[ReportManager] Assertion [ValidateElementAttribute] FAILED. Expected [Value Should be 'yyy' for the 'text' attribute, element locator 'By.tagName: h1'] and Actual [Welcome to the-internet]. Comparison Type [CONTAINS]. Validation Type [POSITIVE]. @08-10-2021 02:01:48.0466 AM
[ReportManager] Successfully created attachment [Screenshot - 1633658508381_f22_ValidateElementAttribute_failed] @08-10-2021 02:01:48.0467 A
[ReportManager] Successfully Closed All Drivers. @08-10-2021 02:01:48.0540 A

################################################################################################################################################
Starting Execution:	[89 out of 144] test cases in the current suite
Test Method:		[testPackage01.Test_NewValidationHelper.f23]
################################################################################################################################################
[ReportManager] Assertion Passed: confirming that the actual is greater than or equal to the expected @08-10-2021 02:01:48.0544 AM
[ReportManager] Assertion [ValidateComparativeRelation] PASSED. Expected [1] and Actual [1]. Comparison Type [GREATER_THAN_OR_EQUALS]. Validation Type [POSITIVE]. @08-10-2021 02:01:48.0544 A

################################################################################################################################################
Starting Execution:	[90 out of 144] test cases in the current suite
Test Method:		[testPackage01.Test_NewValidationHelper.f24]
################################################################################################################################################
[ReportManager] Assertion [ValidateComparativeRelation] PASSED. Expected [1] and Actual [10]. Comparison Type [GREATER_THAN_OR_EQUALS]. Validation Type [POSITIVE]. @08-10-2021 02:01:48.0546 A

################################################################################################################################################
Starting Execution:	[91 out of 144] test cases in the current suite
Test Method:		[testPackage01.Test_NewValidationHelper.f25]
################################################################################################################################################
[ReportManager] Assertion [ValidateComparativeRelation] PASSED. Expected [1] and Actual [1]. Comparison Type [EQUALS]. Validation Type [POSITIVE]. @08-10-2021 02:01:48.0552 A

################################################################################################################################################
Starting Execution:	[92 out of 144] test cases in the current suite
Test Method:		[testPackage01.Test_NewValidationHelper.f26]
################################################################################################################################################
[ReportManager] Assertion [ValidateComparativeRelation] PASSED. Expected [1] and Actual [5]. Comparison Type [GREATER_THAN]. Validation Type [POSITIVE]. @08-10-2021 02:01:48.0555 A

################################################################################################################################################
Starting Execution:	[93 out of 144] test cases in the current suite
Test Method:		[testPackage01.Test_NewValidationHelper.f27]
################################################################################################################################################
[ReportManager] Assertion [ValidateComparativeRelation] PASSED. Expected [11] and Actual [5]. Comparison Type [LESS_THAN]. Validation Type [POSITIVE]. @08-10-2021 02:01:48.0558 A

################################################################################################################################################
Starting Execution:	[94 out of 144] test cases in the current suite
Test Method:		[testPackage01.Test_NewValidationHelper.f28]
################################################################################################################################################
[ReportManager] Assertion [ValidateComparativeRelation] PASSED. Expected [11] and Actual [5]. Comparison Type [LESS_THAN_OR_EQUALS]. Validation Type [POSITIVE]. @08-10-2021 02:01:48.0562 A

################################################################################################################################################
Starting Execution:	[95 out of 144] test cases in the current suite
Test Method:		[testPackage01.Test_NewValidationHelper.f29]
################################################################################################################################################
[ReportManager] Assertion [ValidateComparativeRelation] PASSED. Expected [11] and Actual [11]. Comparison Type [LESS_THAN_OR_EQUALS]. Validation Type [POSITIVE]. @08-10-2021 02:01:48.0565 A

################################################################################################################################################
Starting Execution:	[96 out of 144] test cases in the current suite
Test Method:		[testPackage01.Test_NewValidationHelper.f3]
################################################################################################################################################
[ReportManager] Assertion [ValidateEquals] PASSED. Expected [1] and Actual [2]. Comparison Type [EQUALS]. Validation Type [NEGATIVE]. @08-10-2021 02:01:48.0568 A

################################################################################################################################################
Starting Execution:	[97 out of 144] test cases in the current suite
Test Method:		[testPackage01.Test_NewValidationHelper.f30]
################################################################################################################################################
[ReportManager] Assertion [ValidateComparativeRelation] FAILED. Expected [-9] and Actual [11]. Comparison Type [LESS_THAN_OR_EQUALS]. Validation Type [POSITIVE]. @08-10-2021 02:01:48.0571 A

################################################################################################################################################
Starting Execution:	[98 out of 144] test cases in the current suite
Test Method:		[testPackage01.Test_NewValidationHelper.f31]
################################################################################################################################################
[ReportManager] Assertion [ValidateTrue] PASSED. Expected [TRUE] and Actual [TRUE]. Validation Type [POSITIVE]. @08-10-2021 02:01:48.0575 A

################################################################################################################################################
Starting Execution:	[99 out of 144] test cases in the current suite
Test Method:		[testPackage01.Test_NewValidationHelper.f32]
################################################################################################################################################
[ReportManager] Assertion [ValidateTrue] PASSED. Expected [FALSE] and Actual [FALSE]. Validation Type [NEGATIVE]. @08-10-2021 02:01:48.0577 A

################################################################################################################################################
Starting Execution:	[100 out of 144] test cases in the current suite
Test Method:		[testPackage01.Test_NewValidationHelper.f33]
################################################################################################################################################
[ReportManager] Assertion [ValidateTrue] FAILED. Expected [FALSE] and Actual [TRUE]. Validation Type [NEGATIVE]. @08-10-2021 02:01:48.0580 A

################################################################################################################################################
Starting Execution:	[101 out of 144] test cases in the current suite
Test Method:		[testPackage01.Test_NewValidationHelper.f34]
################################################################################################################################################
[ReportManager] Assertion [ValidateTrue] FAILED. Expected [TRUE] and Actual [FALSE]. Validation Type [POSITIVE]. @08-10-2021 02:01:48.0583 A

################################################################################################################################################
Starting Execution:	[102 out of 144] test cases in the current suite
Test Method:		[testPackage01.Test_NewValidationHelper.f35]
################################################################################################################################################
[ReportManager] File Action [DoesFileExist] successfully performed. With the following test data [File Path: "pom.xml"]. @08-10-2021 02:01:48.0585 AM
[ReportManager] Assertion [ValidateFileExists] PASSED. Expected [File 'pom.xml' should exist, after up to '1' retries] and Actual [File exists]. Validation Type [POSITIVE]. @08-10-2021 02:01:48.0585 A

################################################################################################################################################
Starting Execution:	[103 out of 144] test cases in the current suite
Test Method:		[testPackage01.Test_NewValidationHelper.f36]
################################################################################################################################################
[ReportManager] File Action [DoesFileExist] successfully performed. With the following test data [File Path: "src/test/java/testPackage01/Test_NewValidationHelper.java"]. @08-10-2021 02:01:48.0587 AM
[ReportManager] Assertion [ValidateFileExists] PASSED. Expected [File 'src/test/java/testPackage01/Test_NewValidationHelper.java' should exist, after up to '1' retries] and Actual [File exists]. Validation Type [POSITIVE]. @08-10-2021 02:01:48.0587 A

################################################################################################################################################
Starting Execution:	[104 out of 144] test cases in the current suite
Test Method:		[testPackage01.Test_NewValidationHelper.f37]
################################################################################################################################################
[ReportManager] File Action [DoesFileExist] successfully performed. With the following test data [File Path: "pom.xml"]. @08-10-2021 02:01:48.0589 AM
[ReportManager] Assertion Failed: confirming that the file does't exist after 5 retries @08-10-2021 02:01:48.0589 AM
[ReportManager] Assertion [ValidateFileExists] FAILED. Expected [File 'pom.xml' should not exist, after up to '5' retries] and Actual [File exists]. Validation Type [NEGATIVE]. @08-10-2021 02:01:48.0589 A

################################################################################################################################################
Starting Execution:	[105 out of 144] test cases in the current suite
Test Method:		[testPackage01.Test_NewValidationHelper.f3_1]
################################################################################################################################################
[ReportManager] Assertion Passed: Checking valid user data @08-10-2021 02:01:48.0595 AM
[ReportManager] Assertion [ValidateEquals] PASSED. Expected [null] and Actual [null]. Comparison Type [EQUALS]. Validation Type [POSITIVE]. @08-10-2021 02:01:48.0596 A

################################################################################################################################################
Starting Execution:	[106 out of 144] test cases in the current suite
Test Method:		[testPackage01.Test_NewValidationHelper.f4]
################################################################################################################################################
[ReportManager] Assertion [ValidateEquals] PASSED. Expected [1] and Actual [123]. Comparison Type [CONTAINS]. Validation Type [POSITIVE]. @08-10-2021 02:01:48.0599 A

################################################################################################################################################
Starting Execution:	[107 out of 144] test cases in the current suite
Test Method:		[testPackage01.Test_NewValidationHelper.f5]
################################################################################################################################################
[ReportManager] Assertion [ValidateNull] PASSED. Expected [NULL] and Actual [1]. Comparison Type [EQUALS]. Validation Type [NEGATIVE]. @08-10-2021 02:01:48.0603 A

################################################################################################################################################
Starting Execution:	[108 out of 144] test cases in the current suite
Test Method:		[testPackage01.Test_NewValidationHelper.f6]
################################################################################################################################################
[ReportManager] Assertion Failed: Making sure that null string is not equal to null object @08-10-2021 02:01:48.0606 AM
[ReportManager] Assertion [ValidateNull] FAILED. Expected [NULL] and Actual [NULL]. Comparison Type [EQUALS]. Validation Type [POSITIVE]. @08-10-2021 02:01:48.0606 A

################################################################################################################################################
Starting Execution:	[109 out of 144] test cases in the current suite
Test Method:		[testPackage01.Test_NewValidationHelper.f6_1]
################################################################################################################################################
[ReportManager] Assertion [ValidateNull] FAILED. Expected [NULL] and Actual [NULL]. Comparison Type [EQUALS]. Validation Type [NEGATIVE]. @08-10-2021 02:01:48.0609 A

################################################################################################################################################
Starting Execution:	[110 out of 144] test cases in the current suite
Test Method:		[testPackage01.Test_NewValidationHelper.f6_2]
################################################################################################################################################
[ReportManager] Assertion Failed: Making sure that null string is not equal to null object @08-10-2021 02:01:48.0612 AM
[ReportManager] Assertion [ValidateNull] FAILED. Expected [NULL] and Actual [not null]. Comparison Type [EQUALS]. Validation Type [POSITIVE]. @08-10-2021 02:01:48.0612 A

################################################################################################################################################
Starting Execution:	[111 out of 144] test cases in the current suite
Test Method:		[testPackage01.Test_NewValidationHelper.f7]
################################################################################################################################################
[ReportManager] Assertion [ValidateNull] PASSED. Expected [NULL] and Actual [NULL]. Comparison Type [EQUALS]. Validation Type [POSITIVE]. @08-10-2021 02:01:48.0615 A
[ReportManager] File Action [GetAbsolutePath] successfully performed. With the following test data [Relative Folder Path: "target/downloadedFiles/"]. @08-10-2021 02:01:48.0617 AM
[ReportManager] Attempting to run remotely on: [Linux-64], [GoogleChrome], [http://localhost:4444/wd/hub], Headless Execution. @08-10-2021 02:01:48.0618 AM
[ReportManager] Successfully Opened [GoogleChrome]. @08-10-2021 02:01:48.0831 AM
[ReportManager] Target URL: [https://the-internet.herokuapp.com/] @08-10-2021 02:01:48.0842 AM
[ReportManager] Initial URL: [data:,] @08-10-2021 02:01:48.0879 AM
[ReportManager] Browser Action [NavigateToURL] successfully performed. With the following test data [https://the-internet.herokuapp.com/]. @08-10-2021 02:01:49.0615 A

################################################################################################################################################
Starting Execution:	[112 out of 144] test cases in the current suite
Test Method:		[testPackage01.Test_NewValidationHelper.f8]
################################################################################################################################################
[ReportManager] Loaded Shared OpenCV @08-10-2021 02:01:49.0829 AM
[ReportManager] Assertion [ValidateElementExists] PASSED. Expected [Element Should Exist, locator 'By.tagName: h1'] and Actual [Element Exists]. Comparison Type [EQUALS]. Validation Type [POSITIVE]. @08-10-2021 02:01:49.0906 AM
[ReportManager] Successfully created attachment [Screenshot - 1633658509829_f8_ValidateElementExists_passed] @08-10-2021 02:01:49.0907 A
[ReportManager] Successfully Closed All Drivers. @08-10-2021 02:01:49.0982 A
[ReportManager] File Action [GetAbsolutePath] successfully performed. With the following test data [Relative Folder Path: "target/downloadedFiles/"]. @08-10-2021 02:01:49.0984 AM
[ReportManager] Attempting to run remotely on: [Linux-64], [GoogleChrome], [http://localhost:4444/wd/hub], Headless Execution. @08-10-2021 02:01:49.0984 AM
[ReportManager] Successfully Opened [GoogleChrome]. @08-10-2021 02:01:50.0171 AM
[ReportManager] Target URL: [https://the-internet.herokuapp.com/] @08-10-2021 02:01:50.0183 AM
[ReportManager] Initial URL: [data:,] @08-10-2021 02:01:50.0220 AM
[ReportManager] Browser Action [NavigateToURL] successfully performed. With the following test data [https://the-internet.herokuapp.com/]. @08-10-2021 02:01:50.0926 A

################################################################################################################################################
Starting Execution:	[113 out of 144] test cases in the current suite
Test Method:		[testPackage01.Test_NewValidationHelper.f9]
################################################################################################################################################
[ReportManager] Assertion [ValidateElementExists] FAILED. Expected [Element Should Exist, locator 'By.tagName: h3'] and Actual [Element Doesn't Exists]. Comparison Type [EQUALS]. Validation Type [POSITIVE]. @08-10-2021 02:02:21.0555 AM
[ReportManager] Successfully created attachment [Screenshot - 1633658541496_f9_ValidateElementExists_failed] @08-10-2021 02:02:21.0556 A
[ReportManager] Successfully Closed All Drivers. @08-10-2021 02:02:21.0630 A

################################################################################################################################################
Starting Execution:	[114 out of 144] test cases in the current suite
Test Method:		[testPackage01.Test_NewValidationHelper.forceFail]
################################################################################################################################################
[ReportManager] Assertion [ValidateFail] FAILED. Successfully force failed the test. @08-10-2021 02:02:21.0633 A

################################################################################################################################################
Starting Execution:	[115 out of 144] test cases in the current suite
Test Method:		[testPackage01.Test_NewValidationHelper.forceFail2]
################################################################################################################################################
[ReportManager] Assertion Failed: Custom Message @08-10-2021 02:02:21.0638 AM
[ReportManager] Assertion [ValidateFail] FAILED. Successfully force failed the test. @08-10-2021 02:02:21.0638 A

################################################################################################################################################
Starting Execution:	[116 out of 144] test cases in the current suite
Test Method:		[testPackage01.Test_sendGraphqlRequest.sendGraphqlRequestUsingMutationAndVariables]
################################################################################################################################################
[ReportManager] GraphQl Request is being Performed with the Following Parameters [Service URL: https://api.spacex.land/graphql | Request Body: {"variables":"{\"name\": \"sherlock holmes\",\"rocket\": \"221B Baker Street\"}","query":"mutation ($name: String, $rocket: String) {\n  insert_users(objects: {name: $name, rocket: $rocket}) {\n    returning {\n      name\n      rocket\n    }\n  }\n}"}] @08-10-2021 02:02:21.0641 AM
[ReportManager] Response status code: [200], status line: [HTTP/1.1 200 OK] @08-10-2021 02:02:22.0154 AM
[ReportManager] Assertion Passed: Evaluating the actual response status code against the expected one... @08-10-2021 02:02:22.0154 AM
[ReportManager] Assertion [ValidateEquals] PASSED. Expected [200] and Actual [200]. Comparison Type [EQUALS]. Validation Type [POSITIVE]. @08-10-2021 02:02:22.0154 AM
[ReportManager] API Action [PerformRequest] successfully performed. With the following test data [Request Type: "POST" | Target Status Code: "200" | Service URL: "https://api.spacex.land/graphql" | Content Type: "application/json" | Response Time: "426ms"]. @08-10-2021 02:02:22.0173 AM
[ReportManager] Successfully created attachment [API Request - Specifications] @08-10-2021 02:02:22.0173 AM
[ReportManager] Successfully created attachment [API Request - JSON Body] @08-10-2021 02:02:22.0173 AM
[ReportManager] Successfully created attachment [API Response - JSON Body] @08-10-2021 02:02:22.0174 AM
[ReportManager] API Action [GetResponseJSONValue] successfully performed. With the following test data [data.insert_users.returning[0].name]. @08-10-2021 02:02:22.0249 AM
[ReportManager] Assertion [ValidateEquals] PASSED. Expected [sherlock holmes] and Actual [sherlock holmes]. Comparison Type [EQUALS]. Validation Type [POSITIVE]. @08-10-2021 02:02:22.0249 A

################################################################################################################################################
Starting Execution:	[117 out of 144] test cases in the current suite
Test Method:		[testPackage01.Test_sendGraphqlRequest.sendGraphqlRequestUsingQuery]
################################################################################################################################################
[ReportManager] GraphQl Request is being Performed with the Following Parameters [Service URL: https://api.spacex.land/graphql | Request Body: {"query":"{company {ceo}}"}] @08-10-2021 02:02:22.0254 AM
[ReportManager] Response status code: [200], status line: [HTTP/1.1 200 OK] @08-10-2021 02:02:22.0449 AM
[ReportManager] Assertion Passed: Evaluating the actual response status code against the expected one... @08-10-2021 02:02:22.0449 AM
[ReportManager] Assertion [ValidateEquals] PASSED. Expected [200] and Actual [200]. Comparison Type [EQUALS]. Validation Type [POSITIVE]. @08-10-2021 02:02:22.0449 AM
[ReportManager] API Action [PerformRequest] successfully performed. With the following test data [Request Type: "POST" | Target Status Code: "200" | Service URL: "https://api.spacex.land/graphql" | Content Type: "application/json" | Response Time: "182ms"]. @08-10-2021 02:02:22.0470 AM
[ReportManager] Successfully created attachment [API Request - Specifications] @08-10-2021 02:02:22.0470 AM
[ReportManager] Successfully created attachment [API Request - JSON Body] @08-10-2021 02:02:22.0470 AM
[ReportManager] Successfully created attachment [API Response - JSON Body] @08-10-2021 02:02:22.0471 AM
[ReportManager] API Action [GetResponseJSONValue] successfully performed. With the following test data [data.company.ceo]. @08-10-2021 02:02:22.0489 AM
[ReportManager] Assertion [ValidateEquals] PASSED. Expected [Elon Musk] and Actual [Elon Musk]. Comparison Type [EQUALS]. Validation Type [POSITIVE]. @08-10-2021 02:02:22.0489 A
[ReportManager] Successfully loaded the following test data file [src/test/resources/TestDataFiles/testSuite01/TestData.xlsx]. @08-10-2021 02:02:22.0550 AM
[ReportManager] Successfully created attachment [Test Data - Excel] @08-10-2021 02:02:22.0550 AM
[ReportManager] File Action [GetAbsolutePath] successfully performed. With the following test data [Relative Folder Path: "target/downloadedFiles/"]. @08-10-2021 02:02:22.0551 AM
[ReportManager] Attempting to run remotely on: [Linux-64], [GoogleChrome], [http://localhost:4444/wd/hub], Headless Execution. @08-10-2021 02:02:22.0551 AM
[ReportManager] Successfully Opened [GoogleChrome]. @08-10-2021 02:02:22.0912 A

################################################################################################################################################
Starting Execution:	[118 out of 144] test cases in the current suite
Test Method:		[testPackage01.Test_google.navigateToURLandVerifyGoogleLogoIsDisplayed]
Test Description:	[TC001 - Navigate to URL and Verify Google Logo is Displayed]
################################################################################################################################################
[ReportManager] Target URL: [https://www.google.com/ncr], and after redirection: [https://www.google.com] @08-10-2021 02:02:22.0951 AM
[ReportManager] Initial URL: [data:,] @08-10-2021 02:02:22.0992 AM
[ReportManager] Browser Action [NavigateToURL] successfully performed. With the following test data [https://www.google.com/ncr]. @08-10-2021 02:02:24.0044 AM
[ReportManager] Loaded Shared OpenCV @08-10-2021 02:02:24.0236 AM
[ReportManager] Assertion [ValidateElementExists] PASSED. Expected [Element Should Exist, locator 'By.xpath: //*[@id='hplogo' or @alt='Google']'] and Actual [Element Exists]. Comparison Type [EQUALS]. Validation Type [POSITIVE]. @08-10-2021 02:02:24.0323 AM
[ReportManager] Successfully created attachment [Screenshot - 1633658544236_navigateToURLandVerifyGoogleLogoIsDisplayed_ValidateElementExists_passed] @08-10-2021 02:02:24.0324 A

################################################################################################################################################
Starting Execution:	[119 out of 144] test cases in the current suite
Test Method:		[testPackage01.Test_google.searchForQueryandAssertResultsNumDisplayed]
Test Description:	[TC002 - Search for Query and Assert that the number of results is displayed]
################################################################################################################################################
[ReportManager] Element Action [Type] successfully performed. With the following test data [SHAFT_Engine]. @08-10-2021 02:02:24.0776 AM
[ReportManager] Element Action [KeyPress] successfully performed. With the following test data [Enter]. @08-10-2021 02:02:26.0529 AM
[ReportManager] Element Action [GetText] successfully performed. With the following test data [About 941,000 results (0.94 seconds) ]. @08-10-2021 02:02:26.0604 AM
[ReportManager] Loaded Shared OpenCV @08-10-2021 02:02:26.0740 AM
[ReportManager] Assertion [ValidateElementAttribute] PASSED. Expected [Value Should not be '' for the 'Text' attribute, element locator 'By.id: appbar'] and Actual [About 941,000 results (0.94 seconds) ]. Comparison Type [EQUALS]. Validation Type [NEGATIVE]. @08-10-2021 02:02:26.0831 AM
[ReportManager] Successfully created attachment [Screenshot - 1633658546740_searchForQueryandAssertResultsNumDisplayed_ValidateElementAttribute_passed] @08-10-2021 02:02:26.0832 A

################################################################################################################################################
Starting Execution:	[120 out of 144] test cases in the current suite
Test Method:		[testPackage01.Test_google.clickNextThrice]
Test Description:	[TC003 - Clicks the next button to make sure that the framework can scroll element into view before clicking it]
################################################################################################################################################
[ReportManager] Element Action [Click] successfully performed. With the following test data [Next]. @08-10-2021 02:02:28.0407 A
[ReportManager] Browser Action [CloseCurrentWindow] successfully performed. @08-10-2021 02:02:28.0762 AM
[ReportManager] Successfully created attachment [Browser Action Test Data - CloseCurrentWindow - Actual Value] @08-10-2021 02:02:28.0774 A
[ReportManager] File Action [GetAbsolutePath] successfully performed. With the following test data [Relative Folder Path: "target/downloadedFiles/"]. @08-10-2021 02:02:28.0776 AM
[ReportManager] Attempting to run remotely on: [Linux-64], [GoogleChrome], [http://localhost:4444/wd/hub], Headless Execution. @08-10-2021 02:02:28.0776 AM
[ReportManager] Successfully Opened [GoogleChrome]. @08-10-2021 02:02:28.0974 A

################################################################################################################################################
Starting Execution:	[121 out of 144] test cases in the current suite
Test Method:		[testPackage01.Test_ShadowDOM.shadowdom]
################################################################################################################################################
[ReportManager] Target URL: [https://mdn.github.io/web-components-examples/popup-info-box-web-component/] @08-10-2021 02:02:28.0988 AM
[ReportManager] Initial URL: [data:,] @08-10-2021 02:02:29.0025 AM
[ReportManager] Browser Action [NavigateToURL] successfully performed. With the following test data [https://mdn.github.io/web-components-examples/popup-info-box-web-component/]. @08-10-2021 02:02:29.0383 AM
[ReportManager] Element Action [Type] successfully performed. With the following test data [Typing into SHADOW DOM...]. @08-10-2021 02:02:29.0698 AM
[ReportManager] Element Action [GetText] successfully performed. With the following test data [Typing into SHADOW DOM...]. @08-10-2021 02:02:29.0780 AM
[ReportManager] Loaded Shared OpenCV @08-10-2021 02:02:29.0896 AM
[ReportManager] Assertion [ValidateElementAttribute] PASSED. Expected [Value Should be 'Typing into SHADOW DOM...' for the 'Text' attribute, element locator 'By.id: cvc'] and Actual [Typing into SHADOW DOM...]. Comparison Type [EQUALS]. Validation Type [POSITIVE]. @08-10-2021 02:02:29.0959 AM
[ReportManager] Successfully created attachment [Screenshot - 1633658549896_shadowdom_ValidateElementAttribute_passed] @08-10-2021 02:02:29.0959 A
[ReportManager] Browser Action [CloseCurrentWindow] successfully performed. @08-10-2021 02:02:30.0055 AM
[ReportManager] Successfully created attachment [Browser Action Test Data - CloseCurrentWindow - Actual Value] @08-10-2021 02:02:30.0055 A

################################################################################################################################################
Starting Execution:	[122 out of 144] test cases in the current suite
Test Method:		[testPackage01.Test_AssertApiResponseEquals.assertApiResponseEquals_expectedToPass]
################################################################################################################################################
[ReportManager] Response status code: [200], status line: [HTTP/1.1 200 OK] @08-10-2021 02:02:30.0142 AM
[ReportManager] Assertion Passed: Evaluating the actual response status code against the expected one... @08-10-2021 02:02:30.0142 AM
[ReportManager] Assertion [ValidateEquals] PASSED. Expected [200] and Actual [200]. Comparison Type [EQUALS]. Validation Type [POSITIVE]. @08-10-2021 02:02:30.0142 AM
[ReportManager] API Action [PerformRequest] successfully performed. With the following test data [Request Type: "GET" | Target Status Code: "200" | Service URL: "https://jsonplaceholder.typicode.com/users" | Content Type: "*/*" | Response Time: "71ms"]. @08-10-2021 02:02:30.0159 AM
[ReportManager] Successfully created attachment [API Request - Specifications] @08-10-2021 02:02:30.0160 AM
[ReportManager] Successfully created attachment [API Response - JSON Body] @08-10-2021 02:02:30.0160 AM
[ReportManager] API Action [GetResponseJSONValueAsList] successfully performed. With the following test data [$]. @08-10-2021 02:02:30.0164 AM
[ReportManager] API Action [GetResponseJSONValue] successfully performed. With the following test data [name]. @08-10-2021 02:02:30.0181 AM
[ReportManager] API Action [GetResponseJSONValue] successfully performed. With the following test data [email]. @08-10-2021 02:02:30.0192 AM
[ReportManager] Verification [ValidateEquals] PASSED. Expected [Sincere@april.biz] and Actual [Sincere@april.biz]. Comparison Type [EQUALS]. Validation Type [POSITIVE]. @08-10-2021 02:02:30.0192 AM
[ReportManager] API Action [GetResponseJSONValue] successfully performed. With the following test data [username]. @08-10-2021 02:02:30.0205 AM
[ReportManager] Assertion [ValidateEquals] PASSED. Expected [Bret] and Actual [Bret]. Comparison Type [EQUALS]. Validation Type [POSITIVE]. @08-10-2021 02:02:30.0205 AM
[ReportManager] API Action [GetResponseJSONValue] successfully performed. With the following test data [name]. @08-10-2021 02:02:30.0222 AM
[ReportManager] API Action [GetResponseJSONValue] successfully performed. With the following test data [name]. @08-10-2021 02:02:30.0236 AM
[ReportManager] API Action [GetResponseJSONValue] successfully performed. With the following test data [name]. @08-10-2021 02:02:30.0246 AM
[ReportManager] API Action [GetResponseJSONValue] successfully performed. With the following test data [name]. @08-10-2021 02:02:30.0254 AM
[ReportManager] API Action [GetResponseJSONValue] successfully performed. With the following test data [name]. @08-10-2021 02:02:30.0262 AM
[ReportManager] API Action [GetResponseJSONValue] successfully performed. With the following test data [name]. @08-10-2021 02:02:30.0281 AM
[ReportManager] API Action [GetResponseJSONValue] successfully performed. With the following test data [name]. @08-10-2021 02:02:30.0289 AM
[ReportManager] API Action [GetResponseJSONValue] successfully performed. With the following test data [name]. @08-10-2021 02:02:30.0297 AM
[ReportManager] API Action [GetResponseJSONValue] successfully performed. With the following test data [name]. @08-10-2021 02:02:30.0304 A
[ReportManager] File Action [GetAbsolutePath] successfully performed. With the following test data [Relative Folder Path: "target/downloadedFiles/"]. @08-10-2021 02:02:30.0306 AM
[ReportManager] Attempting to run remotely on: [Linux-64], [GoogleChrome], [http://localhost:4444/wd/hub], Headless Execution. @08-10-2021 02:02:30.0306 AM
[ReportManager] Successfully Opened [GoogleChrome]. @08-10-2021 02:02:30.0504 A

################################################################################################################################################
Starting Execution:	[123 out of 144] test cases in the current suite
Test Method:		[testPackage01.Test_IsElementClickable.testIsElementClickable]
################################################################################################################################################
[ReportManager] Target URL: [https://the-internet.herokuapp.com/] @08-10-2021 02:02:30.0516 AM
[ReportManager] Initial URL: [data:,] @08-10-2021 02:02:30.0552 AM
[ReportManager] Browser Action [NavigateToURL] successfully performed. With the following test data [https://the-internet.herokuapp.com/]. @08-10-2021 02:02:31.0280 AM
[ReportManager] Element Action [IsElementClickable] successfully performed. @08-10-2021 02:02:31.0414 AM
[ReportManager] Assertion [ValidateTrue] PASSED. Expected [TRUE] and Actual [TRUE]. Validation Type [POSITIVE]. @08-10-2021 02:02:31.0415 A
[ReportManager] Browser Action [CloseCurrentWindow] successfully performed. @08-10-2021 02:02:31.0510 AM
[ReportManager] Successfully created attachment [Browser Action Test Data - CloseCurrentWindow - Actual Value] @08-10-2021 02:02:31.0510 A

################################################################################################################################################
Starting Execution:	[124 out of 144] test cases in the current suite
Test Method:		[testPackage01.Test_JsonCompareWithSpecialCharacters.specialCharacters]
################################################################################################################################################
[ReportManager] File Action [GetAbsolutePath] successfully performed. With the following test data [Relative Folder Path: "src/test/resources/TestJsonFiles/specialCharacters.json"]. @08-10-2021 02:02:31.0517 AM
[ReportManager] File Action [ReadFromFile] successfully performed. With the following test data [File Path: "/home/runner/work/SHAFT_ENGINE/SHAFT_ENGINE/src/test/resources/TestJsonFiles/specialCharacters.json"]. @08-10-2021 02:02:31.0525 AM
[ReportManager] Successfully created attachment [File Action Actual Result - Command Log] @08-10-2021 02:02:31.0525 AM
[ReportManager] Comparing the provided API response with the file at this path "src/test/resources/TestJsonFiles/specialCharacters.json", comparison type "EQUALS" @08-10-2021 02:02:31.0525 AM
[ReportManager] API Action [CompareJSON] successfully performed. With the following test data [src/test/resources/TestJsonFiles/specialCharacters.json]. @08-10-2021 02:02:31.0534 AM
[ReportManager] File Action [GetAbsolutePath] successfully performed. With the following test data [Relative Folder Path: "src/test/resources/TestJsonFiles/specialCharacters.json"]. @08-10-2021 02:02:31.0534 AM
[ReportManager] File Action [ReadFromFile] successfully performed. With the following test data [File Path: "/home/runner/work/SHAFT_ENGINE/SHAFT_ENGINE/src/test/resources/TestJsonFiles/specialCharacters.json"]. @08-10-2021 02:02:31.0534 AM
[ReportManager] Verification [ValidateJSONFileContent] PASSED. Expected [Response data should match the JSON File in this path 'src/test/resources/TestJsonFiles/specialCharacters.json'] and Actual [TRUE]. Comparison Type [EQUALS]. Validation Type [POSITIVE]. @08-10-2021 02:02:31.0541 AM
[ReportManager] Successfully created attachment [Validation Test Data - Expected JSON Value] @08-10-2021 02:02:31.0542 AM
[ReportManager] Successfully created attachment [Validation Test Data - Actual JSON Value] @08-10-2021 02:02:31.0542 A

################################################################################################################################################
Starting Execution:	[125 out of 144] test cases in the current suite
Test Method:		[testPackage01.Test_JsonCompareWithSpecialCharacters.specialCharacters_assertion]
################################################################################################################################################
[ReportManager] File Action [GetAbsolutePath] successfully performed. With the following test data [Relative Folder Path: "src/test/resources/TestJsonFiles/specialCharacters.json"]. @08-10-2021 02:02:31.0549 AM
[ReportManager] File Action [ReadFromFile] successfully performed. With the following test data [File Path: "/home/runner/work/SHAFT_ENGINE/SHAFT_ENGINE/src/test/resources/TestJsonFiles/specialCharacters.json"]. @08-10-2021 02:02:31.0549 AM
[ReportManager] Successfully created attachment [File Action Actual Result - Command Log] @08-10-2021 02:02:31.0550 AM
[ReportManager] Comparing the provided API response with the file at this path "src/test/resources/TestJsonFiles/specialCharacters.json", comparison type "CONTAINS" @08-10-2021 02:02:31.0550 AM
[ReportManager] API Action [CompareJSON] successfully performed. With the following test data [src/test/resources/TestJsonFiles/specialCharacters.json]. @08-10-2021 02:02:31.0566 AM
[ReportManager] File Action [GetAbsolutePath] successfully performed. With the following test data [Relative Folder Path: "src/test/resources/TestJsonFiles/specialCharacters.json"]. @08-10-2021 02:02:31.0567 AM
[ReportManager] File Action [ReadFromFile] successfully performed. With the following test data [File Path: "/home/runner/work/SHAFT_ENGINE/SHAFT_ENGINE/src/test/resources/TestJsonFiles/specialCharacters.json"]. @08-10-2021 02:02:31.0567 AM
[ReportManager] Assertion Passed: trying out the log message @08-10-2021 02:02:31.0571 AM
[ReportManager] Successfully created attachment [Validation Test Data - Expected JSON Value] @08-10-2021 02:02:31.0571 AM
[ReportManager] Successfully created attachment [Validation Test Data - Actual JSON Value] @08-10-2021 02:02:31.0572 AM
[ReportManager] Assertion [ValidateJSONFileContent] PASSED. Expected [Response data should match the JSON File in this path 'src/test/resources/TestJsonFiles/specialCharacters.json'] and Actual [TRUE]. Comparison Type [CONTAINS]. Validation Type [POSITIVE]. @08-10-2021 02:02:31.0572 A
[ReportManager] File Action [GetAbsolutePath] successfully performed. With the following test data [Relative Folder Path: "target/downloadedFiles/"]. @08-10-2021 02:02:31.0577 AM
[ReportManager] Attempting to run remotely on: [Linux-64], [GoogleChrome], [http://localhost:4444/wd/hub], Headless Execution. @08-10-2021 02:02:31.0577 AM
[ReportManager] Successfully Opened [GoogleChrome]. @08-10-2021 02:02:31.0797 A

################################################################################################################################################
Starting Execution:	[126 out of 144] test cases in the current suite
Test Method:		[testPackage01.Test_assertEquals.test_assertElementAttribute]
################################################################################################################################################
[ReportManager] Target URL: [https://www.google.com/ncr], and after redirection: [https://www.google.com] @08-10-2021 02:02:31.0812 AM
[ReportManager] Initial URL: [data:,] @08-10-2021 02:02:31.0863 AM
[ReportManager] Browser Action [NavigateToURL] successfully performed. With the following test data [https://www.google.com/ncr]. @08-10-2021 02:02:32.0738 AM
[ReportManager] Element Action [Type] successfully performed. With the following test data [INC_004010050:Another SCHEDULER with the same name [Duplicate Job Name] already exists.]. @08-10-2021 02:02:33.0442 AM
[ReportManager] Element Action [GetText] successfully performed. With the following test data [INC_004010050:Another SCHEDULER with the same name [Duplicate Job Name] already exists.]. @08-10-2021 02:02:33.0533 AM
[ReportManager] Loaded Shared OpenCV @08-10-2021 02:02:33.0652 AM
[ReportManager] Assertion [ValidateElementAttribute] PASSED. Expected [Value Should be 'INC_004010050:Another SCHEDULER with the same name \[Duplicate Job Name\] already exists.' for the 'text' attribute, element locator 'By.name: q'] and Actual [INC_004010050:Another SCHEDULER with the same name [Duplicate Job Name] already exists.]. Comparison Type [MATCHES]. Validation Type [POSITIVE]. @08-10-2021 02:02:33.0723 AM
[ReportManager] Successfully created attachment [Screenshot - 1633658553652_test_assertElementAttribute_ValidateElementAttribute_passed] @08-10-2021 02:02:33.0724 A
[ReportManager] Browser Action [CloseCurrentWindow] successfully performed. @08-10-2021 02:02:33.0850 AM
[ReportManager] Successfully created attachment [Browser Action Test Data - CloseCurrentWindow - Actual Value] @08-10-2021 02:02:33.0851 A
[ReportManager] File Action [GetAbsolutePath] successfully performed. With the following test data [Relative Folder Path: "target/downloadedFiles/"]. @08-10-2021 02:02:33.0852 AM
[ReportManager] Attempting to run remotely on: [Linux-64], [GoogleChrome], [http://localhost:4444/wd/hub], Headless Execution. @08-10-2021 02:02:33.0852 AM
[ReportManager] Successfully Opened [GoogleChrome]. @08-10-2021 02:02:34.0049 A

################################################################################################################################################
Starting Execution:	[127 out of 144] test cases in the current suite
Test Method:		[testPackage01.Test_verifyEquals.test_assertElementAttribute]
################################################################################################################################################
[ReportManager] Target URL: [https://www.google.com/ncr], and after redirection: [https://www.google.com] @08-10-2021 02:02:34.0060 AM
[ReportManager] Initial URL: [data:,] @08-10-2021 02:02:34.0110 AM
[ReportManager] Browser Action [NavigateToURL] successfully performed. With the following test data [https://www.google.com/ncr]. @08-10-2021 02:02:34.0988 AM
[ReportManager] Element Action [Type] successfully performed. With the following test data [INC_004010050:Another SCHEDULER with the same name [Duplicate Job Name] already exists.]. @08-10-2021 02:02:35.0682 AM
[ReportManager] Element Action [GetText] successfully performed. With the following test data [INC_004010050:Another SCHEDULER with the same name [Duplicate Job Name] already exists.]. @08-10-2021 02:02:35.0761 AM
[ReportManager] Loaded Shared OpenCV @08-10-2021 02:02:35.0887 AM
[ReportManager] Verification [ValidateElementAttribute] PASSED. Expected [Value Should be 'INC_004010050:Another SCHEDULER with the same name \[Duplicate Job Name\] already exists.' for the 'text' attribute, element locator 'By.name: q'] and Actual [INC_004010050:Another SCHEDULER with the same name [Duplicate Job Name] already exists.]. Comparison Type [MATCHES]. Validation Type [POSITIVE]. @08-10-2021 02:02:35.0956 AM
[ReportManager] Successfully created attachment [Screenshot - 1633658555887_test_assertElementAttribute_ValidateElementAttribute_passed] @08-10-2021 02:02:35.0957 A
[ReportManager] Browser Action [CloseCurrentWindow] successfully performed. @08-10-2021 02:02:36.0086 AM
[ReportManager] Successfully created attachment [Browser Action Test Data - CloseCurrentWindow - Actual Value] @08-10-2021 02:02:36.0088 A

################################################################################################################################################
Starting Execution:	[128 out of 144] test cases in the current suite
Test Method:		[testPackage01.Test_JsonActions.f]
###############################################################################################################################################

################################################################################################################################################
Starting Execution:	[129 out of 144] test cases in the current suite
Test Method:		[testPackage01.Test_JsonActions.f2]
###############################################################################################################################################

################################################################################################################################################
Starting Execution:	[130 out of 144] test cases in the current suite
Test Method:		[testPackage01.Test_PDF.testPDF_Downloaded]
################################################################################################################################################
[ReportManager] File Action [DoesFileExist] successfully performed. With the following test data [File Path: "src/test/resources/TestDataFiles/sample.pdf"]. @08-10-2021 02:02:36.0124 AM
[ReportManager] File Action [GetAbsolutePath] successfully performed. With the following test data [Relative File Path: "src/test/resources/TestDataFiles/sample.pdf"]. @08-10-2021 02:02:36.0124 AM
[ReportManager] Assertion [ValidateTrue] PASSED. Expected [TRUE] and Actual [TRUE]. Validation Type [POSITIVE]. @08-10-2021 02:02:37.0255 A
[ReportManager] File Action [GetAbsolutePath] successfully performed. With the following test data [Relative Folder Path: "target/downloadedFiles/"]. @08-10-2021 02:02:37.0268 AM
[ReportManager] Attempting to run remotely on: [Linux-64], [GoogleChrome], [http://localhost:4444/wd/hub], Headless Execution. @08-10-2021 02:02:37.0268 AM
[ReportManager] Successfully Opened [GoogleChrome]. @08-10-2021 02:02:37.0528 A

################################################################################################################################################
Starting Execution:	[131 out of 144] test cases in the current suite
Test Method:		[testPackage01.Test_dragAndDrop.dragAndDropJquery]
################################################################################################################################################
[ReportManager] Target URL: [https://jqueryui.com/resources/demos/droppable/default.html] @08-10-2021 02:02:37.0550 AM
[ReportManager] Initial URL: [data:,] @08-10-2021 02:02:37.0597 AM
[ReportManager] Browser Action [NavigateToURL] successfully performed. With the following test data [https://jqueryui.com/resources/demos/droppable/default.html]. @08-10-2021 02:02:38.0162 AM
[ReportManager] Element Action [GetText] successfully performed. With the following test data [Drop here]. @08-10-2021 02:02:38.0234 AM
[ReportManager] Element Action [DragAndDrop] successfully performed. With the following test data [Start point: (8, 18), End point: (8, 18)]. @08-10-2021 02:02:39.0543 AM
[ReportManager] Element Action [GetText] successfully performed. With the following test data [Dropped!]. @08-10-2021 02:02:39.0606 AM
[ReportManager] Assertion Passed: Checking to see if the text has changed after performing drag and drop @08-10-2021 02:02:39.0607 AM
[ReportManager] Assertion [ValidateEquals] PASSED. Expected [Drop here] and Actual [Dropped!]. Comparison Type [EQUALS]. Validation Type [NEGATIVE]. @08-10-2021 02:02:39.0607 A
[ReportManager] Browser Action [CloseCurrentWindow] successfully performed. @08-10-2021 02:02:39.0708 AM
[ReportManager] Successfully created attachment [Browser Action Test Data - CloseCurrentWindow - Actual Value] @08-10-2021 02:02:39.0708 A
[ReportManager] File Action [GetAbsolutePath] successfully performed. With the following test data [Relative Folder Path: "target/downloadedFiles/"]. @08-10-2021 02:02:39.0710 AM
[ReportManager] Attempting to run remotely on: [Linux-64], [GoogleChrome], [http://localhost:4444/wd/hub], Headless Execution. @08-10-2021 02:02:39.0710 AM
[ReportManager] Successfully Opened [GoogleChrome]. @08-10-2021 02:02:39.0890 A

################################################################################################################################################
Starting Execution:	[132 out of 144] test cases in the current suite
Test Method:		[testPackage01.Test_dragAndDrop.dragAndDrop]
Test Description:	[TC001 - Test Drag and Drop function.]
################################################################################################################################################
[ReportManager] Target URL: [http://the-internet.herokuapp.com/drag_and_drop] @08-10-2021 02:02:39.0902 AM
[ReportManager] Initial URL: [data:,] @08-10-2021 02:02:39.0937 AM
[ReportManager] Browser Action [NavigateToURL] successfully performed. With the following test data [http://the-internet.herokuapp.com/drag_and_drop]. @08-10-2021 02:02:40.0514 AM
[ReportManager] Attempting Drag and Drop @08-10-2021 02:02:40.0515 AM
[ReportManager] Element Action [DragAndDrop] successfully performed. With the following test data [Start point: (32, 90), End point: (247, 90)]. @08-10-2021 02:02:41.0693 A
[ReportManager] Browser Action [CloseCurrentWindow] successfully performed. @08-10-2021 02:02:41.0781 AM
[ReportManager] Successfully created attachment [Browser Action Test Data - CloseCurrentWindow - Actual Value] @08-10-2021 02:02:41.0781 A
[ReportManager] File Action [GetAbsolutePath] successfully performed. With the following test data [Relative Folder Path: "target/downloadedFiles/"]. @08-10-2021 02:02:41.0784 AM
[ReportManager] Attempting to run remotely on: [Linux-64], [GoogleChrome], [http://localhost:4444/wd/hub], Headless Execution. @08-10-2021 02:02:41.0784 AM
[ReportManager] Successfully Opened [GoogleChrome]. @08-10-2021 02:02:42.0026 A

################################################################################################################################################
Starting Execution:	[133 out of 144] test cases in the current suite
Test Method:		[testPackage01.Test_dragAndDrop.dragAndDropByOffset]
Test Description:	[TC002 - Test Drag and Drop by offset function.]
################################################################################################################################################
[ReportManager] Target URL: [https://jqueryui.com/resources/demos/draggable/default.html] @08-10-2021 02:02:42.0038 AM
[ReportManager] Initial URL: [data:,] @08-10-2021 02:02:42.0078 AM
[ReportManager] Browser Action [NavigateToURL] successfully performed. With the following test data [https://jqueryui.com/resources/demos/draggable/default.html]. @08-10-2021 02:02:42.0565 AM
[ReportManager] Element Action [DragAndDropByOffset] successfully performed. With the following test data [Start point: (8, 8), End point: (108, 58)]. @08-10-2021 02:02:42.0718 A
[ReportManager] Browser Action [CloseCurrentWindow] successfully performed. @08-10-2021 02:02:42.0813 AM
[ReportManager] Successfully created attachment [Browser Action Test Data - CloseCurrentWindow - Actual Value] @08-10-2021 02:02:42.0814 A
[ReportManager] File Action [GetAbsolutePath] successfully performed. With the following test data [Relative Folder Path: "target/downloadedFiles/"]. @08-10-2021 02:02:42.0815 AM
[ReportManager] Attempting to run remotely on: [Linux-64], [GoogleChrome], [http://localhost:4444/wd/hub], Headless Execution. @08-10-2021 02:02:42.0815 AM
[ReportManager] Successfully Opened [GoogleChrome]. @08-10-2021 02:02:43.0015 A

################################################################################################################################################
Starting Execution:	[134 out of 144] test cases in the current suite
Test Method:		[testPackage01.Test_clipboardActions.typeTextAndCopyPaste]
################################################################################################################################################
[ReportManager] Target URL: [https://www.google.com/ncr], and after redirection: [https://www.google.com] @08-10-2021 02:02:43.0030 AM
[ReportManager] Initial URL: [data:,] @08-10-2021 02:02:43.0071 AM
[ReportManager] Browser Action [NavigateToURL] successfully performed. With the following test data [https://www.google.com/ncr]. @08-10-2021 02:02:43.0899 AM
[ReportManager] Element Action [Type] successfully performed. With the following test data [FIRST]. @08-10-2021 02:02:44.0208 AM
[ReportManager] Element Action [ClipboardActions] successfully performed. With the following test data [select all]. @08-10-2021 02:02:44.0267 AM
[ReportManager] Element Action [ClipboardActions] successfully performed. With the following test data [copy]. @08-10-2021 02:02:44.0310 AM
[ReportManager] Element Action [ClipboardActions] successfully performed. With the following test data [unselect]. @08-10-2021 02:02:44.0361 AM
[ReportManager] Element Action [ClipboardActions] successfully performed. With the following test data [paste]. @08-10-2021 02:02:44.0408 AM
[ReportManager] Element Action [ClipboardActions] successfully performed. With the following test data [select all]. @08-10-2021 02:02:44.0457 AM
[ReportManager] Element Action [Type] successfully performed. @08-10-2021 02:02:44.0644 AM
[ReportManager] Element Action [ClipboardActions] successfully performed. With the following test data [cut]. @08-10-2021 02:02:44.0645 AM
[ReportManager] Element Action [ClipboardActions] successfully performed. With the following test data [paste]. @08-10-2021 02:02:44.0709 AM
[ReportManager] Element Action [ClipboardActions] successfully performed. With the following test data [paste]. @08-10-2021 02:02:44.0760 A
[ReportManager] Browser Action [CloseCurrentWindow] successfully performed. @08-10-2021 02:02:44.0898 AM
[ReportManager] Successfully created attachment [Browser Action Test Data - CloseCurrentWindow - Actual Value] @08-10-2021 02:02:44.0899 A
[ReportManager] File Action [GetAbsolutePath] successfully performed. With the following test data [Relative Folder Path: "target/downloadedFiles/"]. @08-10-2021 02:02:44.0901 AM
[ReportManager] Attempting to run remotely on: [Linux-64], [GoogleChrome], [http://localhost:4444/wd/hub], Headless Execution. @08-10-2021 02:02:44.0902 AM
[ReportManager] Successfully Opened [GoogleChrome]. @08-10-2021 02:02:45.0084 A

################################################################################################################################################
Starting Execution:	[135 out of 144] test cases in the current suite
Test Method:		[testPackage01.Test_dynamicLoading.dynamicLoading_elementIsHidden]
################################################################################################################################################
[ReportManager] Target URL: [https://the-internet.herokuapp.com/dynamic_loading/1] @08-10-2021 02:02:45.0102 AM
[ReportManager] Initial URL: [data:,] @08-10-2021 02:02:45.0144 AM
[ReportManager] Browser Action [NavigateToURL] successfully performed. With the following test data [https://the-internet.herokuapp.com/dynamic_loading/1]. @08-10-2021 02:02:45.0873 AM
[ReportManager] Element Action [Click] successfully performed. With the following test data [Start]. @08-10-2021 02:02:46.0171 AM
[ReportManager] Element Action [GetText] successfully performed. With the following test data [
    Hello World!
  ]. @08-10-2021 02:02:46.0263 AM
[ReportManager] Loaded Shared OpenCV @08-10-2021 02:02:46.0398 AM
[ReportManager] Assertion [ValidateElementAttribute] PASSED. Expected [Value Should be 'Hello World!' for the 'text' attribute, element locator 'By.id: finish'] and Actual [
    Hello World!
  ]. Comparison Type [CONTAINS]. Validation Type [POSITIVE]. @08-10-2021 02:02:46.0496 AM
[ReportManager] Successfully created attachment [Screenshot - 1633658566398_dynamicLoading_elementIsHidden_ValidateElementAttribute_passed] @08-10-2021 02:02:46.0497 A
[ReportManager] Browser Action [CloseCurrentWindow] successfully performed. @08-10-2021 02:02:46.0584 AM
[ReportManager] Successfully created attachment [Browser Action Test Data - CloseCurrentWindow - Actual Value] @08-10-2021 02:02:46.0585 A
[ReportManager] File Action [GetAbsolutePath] successfully performed. With the following test data [Relative Folder Path: "target/downloadedFiles/"]. @08-10-2021 02:02:46.0586 AM
[ReportManager] Attempting to run remotely on: [Linux-64], [GoogleChrome], [http://localhost:4444/wd/hub], Headless Execution. @08-10-2021 02:02:46.0586 AM
[ReportManager] Successfully Opened [GoogleChrome]. @08-10-2021 02:02:46.0767 A

################################################################################################################################################
Starting Execution:	[136 out of 144] test cases in the current suite
Test Method:		[testPackage01.Test_dynamicLoading.dynamicLoading_elementIsRendered]
################################################################################################################################################
[ReportManager] Target URL: [https://the-internet.herokuapp.com/dynamic_loading/2] @08-10-2021 02:02:46.0789 AM
[ReportManager] Initial URL: [data:,] @08-10-2021 02:02:46.0830 AM
[ReportManager] Browser Action [NavigateToURL] successfully performed. With the following test data [https://the-internet.herokuapp.com/dynamic_loading/2]. @08-10-2021 02:02:47.0500 AM
[ReportManager] Element Action [Click] successfully performed. With the following test data [Start]. @08-10-2021 02:02:47.0796 AM
[ReportManager] Element Action [GetText] successfully performed. With the following test data [Hello World!]. @08-10-2021 02:02:52.0945 AM
[ReportManager] Loaded Shared OpenCV @08-10-2021 02:02:53.0066 AM
[ReportManager] Assertion [ValidateElementAttribute] PASSED. Expected [Value Should be 'Hello World!' for the 'text' attribute, element locator 'By.id: finish'] and Actual [Hello World!]. Comparison Type [CONTAINS]. Validation Type [POSITIVE]. @08-10-2021 02:02:53.0139 AM
[ReportManager] Successfully created attachment [Screenshot - 1633658573065_dynamicLoading_elementIsRendered_ValidateElementAttribute_passed] @08-10-2021 02:02:53.0139 A
[ReportManager] Browser Action [CloseCurrentWindow] successfully performed. @08-10-2021 02:02:53.0228 AM
[ReportManager] Successfully created attachment [Browser Action Test Data - CloseCurrentWindow - Actual Value] @08-10-2021 02:02:53.0228 A
[ReportManager] File Action [GetAbsolutePath] successfully performed. With the following test data [Relative Folder Path: "target/downloadedFiles/"]. @08-10-2021 02:02:53.0230 AM
[ReportManager] Attempting to run remotely on: [Linux-64], [GoogleChrome], [http://localhost:4444/wd/hub], Headless Execution. @08-10-2021 02:02:53.0230 AM
[ReportManager] Successfully Opened [GoogleChrome]. @08-10-2021 02:02:53.0413 A

################################################################################################################################################
Starting Execution:	[137 out of 144] test cases in the current suite
Test Method:		[testPackage01.Test_uploadFile.uploadFile_invisibleUploadInput]
################################################################################################################################################
[ReportManager] Target URL: [https://fineuploader.com/demos.html#gallery-view] @08-10-2021 02:02:53.0426 AM
[ReportManager] Initial URL: [data:,] @08-10-2021 02:02:53.0469 AM
[ReportManager] Browser Action [NavigateToURL] successfully performed. With the following test data [https://fineuploader.com/demos.html#gallery-view]. @08-10-2021 02:02:55.0112 AM
[ReportManager] File Action [GetAbsolutePath] successfully performed. With the following test data [Relative File Path: "src/main/resources/images/shaft.png"]. @08-10-2021 02:02:55.0112 AM
[ReportManager] Successfully created attachment [File Action Actual Result - Command Log] @08-10-2021 02:02:55.0112 AM
[ReportManager] Element Action [TypeFileLocationForUpload] successfully performed. With the following test data [/home/runner/work/SHAFT_ENGINE/SHAFT_ENGINE/src/main/resources/images/shaft.png]. @08-10-2021 02:02:55.0320 AM
[ReportManager] Attempting to getAttribute [src] from elementLocator [By.xpath: //div[@id='fine-uploader-gallery']//div[@class='qq-thumbnail-wrapper']/img]. @08-10-2021 02:02:55.0320 AM
[ReportManager] Element Action [GetAttribute] successfully performed. @08-10-2021 02:02:55.0457 AM
[ReportManager] Successfully created attachment [Element Action Test Data - GetAttribute - Actual Value] @08-10-2021 02:02:55.0458 AM
[ReportManager] Loaded Shared OpenCV @08-10-2021 02:02:55.0606 AM
[ReportManager] Assertion [ValidateElementAttribute] PASSED. Expected and Actual values are attached. Comparison Type [CONTAINS]. Validation Type [POSITIVE]. @08-10-2021 02:02:55.0684 AM
[ReportManager] Successfully created attachment [Validation Test Data - Expected Value] @08-10-2021 02:02:55.0684 AM
[ReportManager] Successfully created attachment [Validation Test Data - Actual Value] @08-10-2021 02:02:55.0684 AM
[ReportManager] Successfully created attachment [Screenshot - 1633658575606_uploadFile_invisibleUploadInput_ValidateElementAttribute_passed] @08-10-2021 02:02:55.0685 A
[ReportManager] Browser Action [CloseCurrentWindow] successfully performed. @08-10-2021 02:02:55.0826 AM
[ReportManager] Successfully created attachment [Browser Action Test Data - CloseCurrentWindow - Actual Value] @08-10-2021 02:02:55.0826 A
[ReportManager] File Action [GetAbsolutePath] successfully performed. With the following test data [Relative Folder Path: "target/downloadedFiles/"]. @08-10-2021 02:02:55.0829 AM
[ReportManager] Attempting to run remotely on: [Linux-64], [GoogleChrome], [http://localhost:4444/wd/hub], Headless Execution. @08-10-2021 02:02:55.0833 AM
[ReportManager] Successfully Opened [GoogleChrome]. @08-10-2021 02:02:56.0011 A

################################################################################################################################################
Starting Execution:	[138 out of 144] test cases in the current suite
Test Method:		[testPackage01.Test_uploadFile.uploadFile_visibleUploadInput]
################################################################################################################################################
[ReportManager] Target URL: [http://demo.guru99.com/test/upload/] @08-10-2021 02:02:56.0022 AM
[ReportManager] Initial URL: [data:,] @08-10-2021 02:02:56.0070 AM
[ReportManager] Browser Action [NavigateToURL] successfully performed. With the following test data [http://demo.guru99.com/test/upload/]. @08-10-2021 02:02:57.0076 AM
[ReportManager] File Action [GetAbsolutePath] successfully performed. With the following test data [Relative File Path: "src/main/resources/images/shaft.png"]. @08-10-2021 02:02:57.0076 AM
[ReportManager] Successfully created attachment [File Action Actual Result - Command Log] @08-10-2021 02:02:57.0076 AM
[ReportManager] Element Action [TypeFileLocationForUpload] successfully performed. With the following test data [/home/runner/work/SHAFT_ENGINE/SHAFT_ENGINE/src/main/resources/images/shaft.png]. @08-10-2021 02:02:57.0235 AM
[ReportManager] Element Action [Click] successfully performed. With the following test data [on]. @08-10-2021 02:02:57.0555 AM
[ReportManager] Element Action [Click] successfully performed. With the following test data [Submit File]. @08-10-2021 02:02:57.0839 AM
[ReportManager] Element Action [GetText] successfully performed. With the following test data [1 file
has been successfully uploaded.]. @08-10-2021 02:02:58.0464 AM
[ReportManager] Loaded Shared OpenCV @08-10-2021 02:02:58.0584 AM
[ReportManager] Assertion [ValidateElementAttribute] PASSED. Expected [Value Should be '1 file' for the 'Text' attribute, element locator 'By.id: res'] and Actual [1 file
has been successfully uploaded.]. Comparison Type [CONTAINS]. Validation Type [POSITIVE]. @08-10-2021 02:02:58.0653 AM
[ReportManager] Successfully created attachment [Screenshot - 1633658578584_uploadFile_visibleUploadInput_ValidateElementAttribute_passed] @08-10-2021 02:02:58.0654 A
[ReportManager] Browser Action [CloseCurrentWindow] successfully performed. @08-10-2021 02:02:58.0766 AM
[ReportManager] Successfully created attachment [Browser Action Test Data - CloseCurrentWindow - Actual Value] @08-10-2021 02:02:58.0766 A

################################################################################################################################################
Starting Execution:	[139 out of 144] test cases in the current suite
Test Method:		[testPackage01.Test_SelectedValue.multipleSelect]
################################################################################################################################################
[ReportManager] File Action [GetAbsolutePath] successfully performed. With the following test data [Relative Folder Path: "target/downloadedFiles/"]. @08-10-2021 02:02:58.0773 AM
[ReportManager] Attempting to run remotely on: [Linux-64], [GoogleChrome], [http://localhost:4444/wd/hub], Headless Execution. @08-10-2021 02:02:58.0773 AM
[ReportManager] Successfully Opened [GoogleChrome]. @08-10-2021 02:02:58.0955 AM
[ReportManager] Target URL: [https://yari-demos.prod.mdn.mozit.cloud/en-US/docs/Web/HTML/Element/select/_sample_.Advanced_select_with_multiple_features.html] @08-10-2021 02:02:58.0966 AM
[ReportManager] Initial URL: [data:,] @08-10-2021 02:02:59.0005 AM
[ReportManager] Browser Action [NavigateToURL] successfully performed. With the following test data [https://yari-demos.prod.mdn.mozit.cloud/en-US/docs/Web/HTML/Element/select/_sample_.Advanced_select_with_multiple_features.html]. @08-10-2021 02:02:59.0365 AM
[ReportManager] Element Action [Select] successfully performed. With the following test data [Dog]. @08-10-2021 02:02:59.0578 AM
[ReportManager] Element Action [Select] successfully performed. With the following test data [Cat]. @08-10-2021 02:02:59.0770 AM
[ReportManager] Element Action [GetSelectedText] successfully performed. With the following test data [DogCat]. @08-10-2021 02:02:59.0895 AM
[ReportManager] DogCat @08-10-2021 02:02:59.0896 AM
[ReportManager] Element Action [GetSelectedText] successfully performed. With the following test data [DogCat]. @08-10-2021 02:03:00.0009 AM
[ReportManager] Loaded Shared OpenCV @08-10-2021 02:03:00.0126 AM
[ReportManager] Assertion [ValidateElementAttribute] PASSED. Expected [Value Should be 'DogCat' for the 'selectedText' attribute, element locator 'By.tagName: select'] and Actual [DogCat]. Comparison Type [EQUALS]. Validation Type [POSITIVE]. @08-10-2021 02:03:00.0196 AM
[ReportManager] Successfully created attachment [Screenshot - 1633658580126_multipleSelect_ValidateElementAttribute_passed] @08-10-2021 02:03:00.0196 AM
[ReportManager] Browser Action [CloseCurrentWindow] successfully performed. @08-10-2021 02:03:00.0284 AM
[ReportManager] Successfully created attachment [Browser Action Test Data - CloseCurrentWindow - Actual Value] @08-10-2021 02:03:00.0284 A

################################################################################################################################################
Starting Execution:	[140 out of 144] test cases in the current suite
Test Method:		[testPackage01.Test_SelectedValue.simpleSelect]
################################################################################################################################################
[ReportManager] File Action [GetAbsolutePath] successfully performed. With the following test data [Relative Folder Path: "target/downloadedFiles/"]. @08-10-2021 02:03:00.0287 AM
[ReportManager] Attempting to run remotely on: [Linux-64], [GoogleChrome], [http://localhost:4444/wd/hub], Headless Execution. @08-10-2021 02:03:00.0287 AM
[ReportManager] Successfully Opened [GoogleChrome]. @08-10-2021 02:03:00.0469 AM
[ReportManager] Target URL: [https://yari-demos.prod.mdn.mozit.cloud/en-US/docs/Web/HTML/Element/select/_sample_.Basic_select.html] @08-10-2021 02:03:00.0481 AM
[ReportManager] Initial URL: [data:,] @08-10-2021 02:03:00.0523 AM
[ReportManager] Browser Action [NavigateToURL] successfully performed. With the following test data [https://yari-demos.prod.mdn.mozit.cloud/en-US/docs/Web/HTML/Element/select/_sample_.Basic_select.html]. @08-10-2021 02:03:00.0760 AM
[ReportManager] Element Action [Select] successfully performed. With the following test data [Third Value]. @08-10-2021 02:03:01.0028 AM
[ReportManager] Element Action [GetSelectedText] successfully performed. With the following test data [Third Value]. @08-10-2021 02:03:01.0125 AM
[ReportManager] Third Value @08-10-2021 02:03:01.0127 AM
[ReportManager] Element Action [GetSelectedText] successfully performed. With the following test data [Third Value]. @08-10-2021 02:03:01.0214 AM
[ReportManager] Loaded Shared OpenCV @08-10-2021 02:03:01.0324 AM
[ReportManager] Assertion [ValidateElementAttribute] PASSED. Expected [Value Should be 'Third Value' for the 'selectedText' attribute, element locator 'By.tagName: select'] and Actual [Third Value]. Comparison Type [EQUALS]. Validation Type [POSITIVE]. @08-10-2021 02:03:01.0391 AM
[ReportManager] Successfully created attachment [Screenshot - 1633658581324_simpleSelect_ValidateElementAttribute_passed] @08-10-2021 02:03:01.0391 AM
[ReportManager] Browser Action [CloseCurrentWindow] successfully performed. @08-10-2021 02:03:01.0480 AM
[ReportManager] Successfully created attachment [Browser Action Test Data - CloseCurrentWindow - Actual Value] @08-10-2021 02:03:01.0480 A

################################################################################################################################################
Starting Execution:	[141 out of 144] test cases in the current suite
Test Method:		[testPackage01.Test_JSONFileManager.readStringFromJson]
################################################################################################################################################
[ReportManager] Successfully loaded the following test data file [src/test/resources/TestDataFiles/simpleJSON.json]. @08-10-2021 02:03:01.0485 AM
[ReportManager] Successfully created attachment [Test Data - JSON] @08-10-2021 02:03:01.0486 AM
[ReportManager] Assertion [ValidateEquals] PASSED. Expected [Mohab Mohie] and Actual [Mohab Mohie]. Comparison Type [EQUALS]. Validation Type [POSITIVE]. @08-10-2021 02:03:01.0503 A
[ReportManager] Successfully loaded the following test data file [src/test/resources/TestDataFiles/testSuite01/TestData.xlsx]. @08-10-2021 02:03:01.0544 AM
[ReportManager] Successfully created attachment [Test Data - Excel] @08-10-2021 02:03:01.0545 AM
[ReportManager] Attempting to run using Playwright locally on: [Linux-64], [GoogleChrome], Headless Execution. @08-10-2021 02:03:16.0386 AM
[ReportManager] File Action [GetAbsolutePath] successfully performed. With the following test data [Relative Folder Path: "target/downloadedFiles/"]. @08-10-2021 02:03:16.0387 AM
[ReportManager] Initial window size: (1280, 720) @08-10-2021 02:03:17.0010 AM
[ReportManager] Window size after Toolkit: com.microsoft.playwright.options.ViewportSize@510d08ab @08-10-2021 02:03:17.0022 AM
[ReportManager] Browser Action [MaximizeWindow] successfully performed. With the following test data [New screen size is now: (1920, 1080)]. @08-10-2021 02:03:17.0023 A

################################################################################################################################################
Starting Execution:	[142 out of 144] test cases in the current suite
Test Method:		[testPackage01.Test_google_playwright.navigateToURLandVerifyGoogleLogoIsDisplayed]
Test Description:	[TC001 - Navigate to URL and Verify Google Logo is Displayed]
################################################################################################################################################
[ReportManager] Target URL: [https://www.google.com/ncr], and after redirection: [https://www.google.com] @08-10-2021 02:03:17.0026 AM
[ReportManager] Initial URL: [about:blank] @08-10-2021 02:03:17.0495 AM
[ReportManager] Browser Action [NavigateToURL] successfully performed. With the following test data [https://www.google.com/ncr]. @08-10-2021 02:03:19.0949 AM
[ReportManager] Loaded Shared OpenCV @08-10-2021 02:03:20.0162 AM
[ReportManager] Assertion [ValidateElementExists] PASSED. Expected [Element Should Exist, locator 'xpath=//*[@id='hplogo' or @alt='Google']'] and Actual [Element Exists]. Comparison Type [EQUALS]. Validation Type [POSITIVE]. @08-10-2021 02:03:20.0389 AM
[ReportManager] Successfully created attachment [Screenshot - 1633658600159_navigateToURLandVerifyGoogleLogoIsDisplayed_ValidateElementExists_passed] @08-10-2021 02:03:20.0390 A

################################################################################################################################################
Starting Execution:	[143 out of 144] test cases in the current suite
Test Method:		[testPackage01.Test_google_playwright.searchForQueryandAssertResultsNumDisplayed]
Test Description:	[TC002 - Search for Query and Assert that the number of results is displayed]
################################################################################################################################################
[ReportManager] Element Action [Type] successfully performed. With the following test data [SHAFT_Engine]. @08-10-2021 02:03:21.0088 AM
[ReportManager] Element Action [KeyPress] successfully performed. With the following test data [Enter]. @08-10-2021 02:03:21.0126 AM
[ReportManager] Element Action [GetText] successfully performed. With the following test data [About 941,000 results (0.65 seconds)]. @08-10-2021 02:03:22.0056 AM
[ReportManager] Loaded Shared OpenCV @08-10-2021 02:03:24.0235 AM
[ReportManager] Assertion [ValidateElementAttribute] PASSED. Expected [Value Should not be '' for the 'text' attribute, element locator 'xpath=//div[@id='appbar']'] and Actual [About 941,000 results (0.65 seconds)]. Comparison Type [EQUALS]. Validation Type [NEGATIVE]. @08-10-2021 02:03:24.0505 AM
[ReportManager] Successfully created attachment [Screenshot - 1633658604233_searchForQueryandAssertResultsNumDisplayed_ValidateElementAttribute_passed] @08-10-2021 02:03:24.0508 A

################################################################################################################################################
Starting Execution:	[144 out of 144] test cases in the current suite
Test Method:		[testPackage01.Test_google_playwright.clickNextThrice]
Test Description:	[TC003 - Clicks the next button to make sure that the framework can scroll element into view before clicking it]
################################################################################################################################################
[ReportManager] Element Action [Click] successfully performed. With the following test data [Next]. @08-10-2021 02:03:24.0780 A
[ReportManager] Failed to find video recording. @08-10-2021 02:03:24.0785 AM
[ReportManager] Successfully Closed PlayWright Driver. @08-10-2021 02:03:24.0835 A

################################################################################################################################################
Test Closure Activities
################################################################################################################################################
[ReportManager] Successfully created attachment [SHAFT Engine Logs - Execution log] @08-10-2021 02:03:24.0857 AM

################################################################################################################################################
This test run was powered by SHAFT Engine Version: [SHAFT Engine v5.3.20210902]
SHAFT Engine is licensed under the MIT License: [https://github.com/MohabMohie/SHAFT_ENGINE/blob/master/LICENSE].
################################################################################################################################################