################################################################################################################################################
Detected SHAFT Engine Version: [SHAFT Engine v5.3.20210902]
################################################################################################################################################

################################################################################################################################################
Starting Execution:	[1 out of 143] test cases in the current suite
Test Method:		[unitTests.tests_validations_assertions.assertComparativeRelation_greaterThanOrEquals_false_equals_expectedToFail]
################################################################################################################################################
[ReportManager] Assertion [ValidateComparativeRelation] FAILED. Expected [1] and Actual [1]. Comparison Type [GREATER_THAN_OR_EQUALS]. Validation Type [NEGATIVE]. @18-09-2021 01:54:01.0570 A

################################################################################################################################################
Starting Execution:	[2 out of 143] test cases in the current suite
Test Method:		[unitTests.tests_validations_assertions.assertComparativeRelation_greaterThanOrEquals_false_equals_expectedToPass]
################################################################################################################################################
[ReportManager] Assertion [ValidateComparativeRelation] PASSED. Expected [2] and Actual [1]. Comparison Type [GREATER_THAN_OR_EQUALS]. Validation Type [NEGATIVE]. @18-09-2021 01:54:01.0693 A

################################################################################################################################################
Starting Execution:	[3 out of 143] test cases in the current suite
Test Method:		[unitTests.tests_validations_assertions.assertComparativeRelation_greaterThanOrEquals_false_greaterThan_expectedToFail]
################################################################################################################################################
[ReportManager] Assertion [ValidateComparativeRelation] FAILED. Expected [1] and Actual [2]. Comparison Type [GREATER_THAN_OR_EQUALS]. Validation Type [NEGATIVE]. @18-09-2021 01:54:01.0703 A

################################################################################################################################################
Starting Execution:	[4 out of 143] test cases in the current suite
Test Method:		[unitTests.tests_validations_assertions.assertComparativeRelation_greaterThanOrEquals_false_greaterThan_expectedToPass]
################################################################################################################################################
[ReportManager] Assertion [ValidateComparativeRelation] PASSED. Expected [2] and Actual [1]. Comparison Type [GREATER_THAN_OR_EQUALS]. Validation Type [NEGATIVE]. @18-09-2021 01:54:01.0712 A

################################################################################################################################################
Starting Execution:	[5 out of 143] test cases in the current suite
Test Method:		[unitTests.tests_validations_assertions.assertComparativeRelation_greaterThanOrEquals_true_equals_expectedToFail]
################################################################################################################################################
[ReportManager] Assertion [ValidateComparativeRelation] FAILED. Expected [1] and Actual [0]. Comparison Type [GREATER_THAN_OR_EQUALS]. Validation Type [POSITIVE]. @18-09-2021 01:54:01.0722 A

################################################################################################################################################
Starting Execution:	[6 out of 143] test cases in the current suite
Test Method:		[unitTests.tests_validations_assertions.assertComparativeRelation_greaterThanOrEquals_true_equals_expectedToPass]
################################################################################################################################################
[ReportManager] Assertion [ValidateComparativeRelation] PASSED. Expected [1] and Actual [1]. Comparison Type [GREATER_THAN_OR_EQUALS]. Validation Type [POSITIVE]. @18-09-2021 01:54:01.0733 A

################################################################################################################################################
Starting Execution:	[7 out of 143] test cases in the current suite
Test Method:		[unitTests.tests_validations_assertions.assertComparativeRelation_greaterThanOrEquals_true_greaterThan_expectedToFail]
################################################################################################################################################
[ReportManager] Assertion [ValidateComparativeRelation] FAILED. Expected [2] and Actual [1]. Comparison Type [GREATER_THAN_OR_EQUALS]. Validation Type [POSITIVE]. @18-09-2021 01:54:01.0739 A

################################################################################################################################################
Starting Execution:	[8 out of 143] test cases in the current suite
Test Method:		[unitTests.tests_validations_assertions.assertComparativeRelation_greaterThanOrEquals_true_greaterThan_expectedToPass]
################################################################################################################################################
[ReportManager] Assertion [ValidateComparativeRelation] PASSED. Expected [1] and Actual [2]. Comparison Type [GREATER_THAN_OR_EQUALS]. Validation Type [POSITIVE]. @18-09-2021 01:54:01.0747 A
[ReportManager] File Action [GetAbsolutePath] successfully performed. With the following test data [Relative Folder Path: "target/downloadedFiles/"]. @18-09-2021 01:54:01.0760 AM
[ReportManager] Attempting to run remotely on: [Linux-64], [GoogleChrome], [http://localhost:4444/wd/hub], Headless Execution. @18-09-2021 01:54:01.0789 AM
[ReportManager] Successfully Opened [GoogleChrome]. @18-09-2021 01:54:03.0371 AM
[ReportManager] Target URL: [https://www.google.com/ncr], and after redirection: [www.google.com] @18-09-2021 01:54:03.0423 AM
[ReportManager] Initial URL: [data:,] @18-09-2021 01:54:03.0532 AM
[ReportManager] Browser Action [NavigateToURL] successfully performed. With the following test data [https://www.google.com/ncr]. @18-09-2021 01:54:05.0044 A

################################################################################################################################################
Starting Execution:	[9 out of 143] test cases in the current suite
Test Method:		[unitTests.tests_validations_assertions.assertElementAttribute_false_caseInsensitiveComparison_expectedToFail]
################################################################################################################################################
[ReportManager] Element Action [Type] successfully performed. With the following test data [AUTOMATION]. @18-09-2021 01:54:05.0671 AM
[ReportManager] Element Action [GetText] successfully performed. With the following test data [AUTOMATION]. @18-09-2021 01:54:05.0857 AM
[ReportManager] Loaded Shared OpenCV @18-09-2021 01:54:06.0582 AM
[ReportManager] Assertion [ValidateElementAttribute] FAILED. Expected [Value Should not be 'AutomaTion' for the 'text' attribute, element locator 'By.name: q'] and Actual [AUTOMATION]. Comparison Type [CASE_INSENSITIVE]. Validation Type [NEGATIVE]. @18-09-2021 01:54:06.0870 AM
[ReportManager] Successfully created attachment [Screenshot - 1631930046119_assertElementAttribute_false_caseInsensitiveComparison_expectedToFail_ValidateElementAttribute_failed] @18-09-2021 01:54:06.0900 A
[ReportManager] Browser Action [CloseCurrentWindow] successfully performed. @18-09-2021 01:54:07.0060 AM
[ReportManager] Successfully created attachment [Browser Action Test Data - CloseCurrentWindow - Actual Value] @18-09-2021 01:54:07.0066 A
[ReportManager] File Action [GetAbsolutePath] successfully performed. With the following test data [Relative Folder Path: "target/downloadedFiles/"]. @18-09-2021 01:54:07.0079 AM
[ReportManager] Attempting to run remotely on: [Linux-64], [GoogleChrome], [http://localhost:4444/wd/hub], Headless Execution. @18-09-2021 01:54:07.0080 AM
[ReportManager] Successfully Opened [GoogleChrome]. @18-09-2021 01:54:07.0377 AM
[ReportManager] Target URL: [https://www.google.com/ncr], and after redirection: [www.google.com] @18-09-2021 01:54:07.0405 AM
[ReportManager] Initial URL: [data:,] @18-09-2021 01:54:07.0474 AM
[ReportManager] Browser Action [NavigateToURL] successfully performed. With the following test data [https://www.google.com/ncr]. @18-09-2021 01:54:08.0643 A

################################################################################################################################################
Starting Execution:	[10 out of 143] test cases in the current suite
Test Method:		[unitTests.tests_validations_assertions.assertElementAttribute_false_caseInsensitiveComparison_expectedToPass]
################################################################################################################################################
[ReportManager] Element Action [Type] successfully performed. With the following test data [AUTOMATION]. @18-09-2021 01:54:09.0073 AM
[ReportManager] Element Action [GetText] successfully performed. With the following test data [AUTOMATION]. @18-09-2021 01:54:09.0223 AM
[ReportManager] Loaded Shared OpenCV @18-09-2021 01:54:09.0431 AM
[ReportManager] Assertion [ValidateElementAttribute] PASSED. Expected [Value Should not be 'AutomaTion123' for the 'text' attribute, element locator 'By.name: q'] and Actual [AUTOMATION]. Comparison Type [CASE_INSENSITIVE]. Validation Type [NEGATIVE]. @18-09-2021 01:54:09.0575 AM
[ReportManager] Successfully created attachment [Screenshot - 1631930049431_assertElementAttribute_false_caseInsensitiveComparison_expectedToPass_ValidateElementAttribute_passed] @18-09-2021 01:54:09.0577 A
[ReportManager] Browser Action [CloseCurrentWindow] successfully performed. @18-09-2021 01:54:09.0729 AM
[ReportManager] Successfully created attachment [Browser Action Test Data - CloseCurrentWindow - Actual Value] @18-09-2021 01:54:09.0730 A
[ReportManager] File Action [GetAbsolutePath] successfully performed. With the following test data [Relative Folder Path: "target/downloadedFiles/"]. @18-09-2021 01:54:09.0745 AM
[ReportManager] Attempting to run remotely on: [Linux-64], [GoogleChrome], [http://localhost:4444/wd/hub], Headless Execution. @18-09-2021 01:54:09.0745 AM
[ReportManager] Successfully Opened [GoogleChrome]. @18-09-2021 01:54:09.0988 AM
[ReportManager] Target URL: [https://www.google.com/ncr], and after redirection: [www.google.com] @18-09-2021 01:54:10.0000 AM
[ReportManager] Initial URL: [data:,] @18-09-2021 01:54:10.0047 AM
[ReportManager] Browser Action [NavigateToURL] successfully performed. With the following test data [https://www.google.com/ncr]. @18-09-2021 01:54:11.0743 A

################################################################################################################################################
Starting Execution:	[11 out of 143] test cases in the current suite
Test Method:		[unitTests.tests_validations_assertions.assertElementAttribute_false_containsComparison_expectedToFail]
################################################################################################################################################
[ReportManager] Element Action [Type] successfully performed. With the following test data [Automation123]. @18-09-2021 01:54:12.0143 AM
[ReportManager] Element Action [GetText] successfully performed. With the following test data [Automation123]. @18-09-2021 01:54:12.0274 AM
[ReportManager] Loaded Shared OpenCV @18-09-2021 01:54:12.0459 AM
[ReportManager] Assertion [ValidateElementAttribute] FAILED. Expected [Value Should not be 'Automation' for the 'text' attribute, element locator 'By.name: q'] and Actual [Automation123]. Comparison Type [CONTAINS]. Validation Type [NEGATIVE]. @18-09-2021 01:54:12.0544 AM
[ReportManager] Successfully created attachment [Screenshot - 1631930052459_assertElementAttribute_false_containsComparison_expectedToFail_ValidateElementAttribute_failed] @18-09-2021 01:54:12.0545 A
[ReportManager] Browser Action [CloseCurrentWindow] successfully performed. @18-09-2021 01:54:12.0686 AM
[ReportManager] Successfully created attachment [Browser Action Test Data - CloseCurrentWindow - Actual Value] @18-09-2021 01:54:12.0687 A
[ReportManager] File Action [GetAbsolutePath] successfully performed. With the following test data [Relative Folder Path: "target/downloadedFiles/"]. @18-09-2021 01:54:12.0692 AM
[ReportManager] Attempting to run remotely on: [Linux-64], [GoogleChrome], [http://localhost:4444/wd/hub], Headless Execution. @18-09-2021 01:54:12.0692 AM
[ReportManager] Successfully Opened [GoogleChrome]. @18-09-2021 01:54:12.0934 AM
[ReportManager] Target URL: [https://www.google.com/ncr], and after redirection: [www.google.com] @18-09-2021 01:54:12.0966 AM
[ReportManager] Initial URL: [data:,] @18-09-2021 01:54:13.0016 AM
[ReportManager] Browser Action [NavigateToURL] successfully performed. With the following test data [https://www.google.com/ncr]. @18-09-2021 01:54:14.0113 A

################################################################################################################################################
Starting Execution:	[12 out of 143] test cases in the current suite
Test Method:		[unitTests.tests_validations_assertions.assertElementAttribute_false_containsComparison_expectedToPass]
################################################################################################################################################
[ReportManager] Element Action [Type] successfully performed. With the following test data [Automation123]. @18-09-2021 01:54:14.0488 AM
[ReportManager] Element Action [GetText] successfully performed. With the following test data [Automation123]. @18-09-2021 01:54:14.0590 AM
[ReportManager] Loaded Shared OpenCV @18-09-2021 01:54:14.0757 AM
[ReportManager] Assertion [ValidateElementAttribute] PASSED. Expected [Value Should not be 'Automation1234' for the 'text' attribute, element locator 'By.name: q'] and Actual [Automation123]. Comparison Type [CONTAINS]. Validation Type [NEGATIVE]. @18-09-2021 01:54:14.0839 AM
[ReportManager] Successfully created attachment [Screenshot - 1631930054757_assertElementAttribute_false_containsComparison_expectedToPass_ValidateElementAttribute_passed] @18-09-2021 01:54:14.0841 A
[ReportManager] Browser Action [CloseCurrentWindow] successfully performed. @18-09-2021 01:54:14.0989 AM
[ReportManager] Successfully created attachment [Browser Action Test Data - CloseCurrentWindow - Actual Value] @18-09-2021 01:54:14.0990 A
[ReportManager] File Action [GetAbsolutePath] successfully performed. With the following test data [Relative Folder Path: "target/downloadedFiles/"]. @18-09-2021 01:54:14.0996 AM
[ReportManager] Attempting to run remotely on: [Linux-64], [GoogleChrome], [http://localhost:4444/wd/hub], Headless Execution. @18-09-2021 01:54:14.0996 AM
[ReportManager] Successfully Opened [GoogleChrome]. @18-09-2021 01:54:15.0221 AM
[ReportManager] Target URL: [https://www.google.com/ncr], and after redirection: [www.google.com] @18-09-2021 01:54:15.0245 AM
[ReportManager] Initial URL: [data:,] @18-09-2021 01:54:15.0291 AM
[ReportManager] Browser Action [NavigateToURL] successfully performed. With the following test data [https://www.google.com/ncr]. @18-09-2021 01:54:16.0417 A

################################################################################################################################################
Starting Execution:	[13 out of 143] test cases in the current suite
Test Method:		[unitTests.tests_validations_assertions.assertElementAttribute_false_literalComparison_expectedToFail]
################################################################################################################################################
[ReportManager] Element Action [Type] successfully performed. With the following test data [Automation!@#$%^&*()_+{}[]\';/.,]. @18-09-2021 01:54:16.0879 AM
[ReportManager] Element Action [GetText] successfully performed. With the following test data [Automation!@#$%^&*()_+{}[]\';/.,]. @18-09-2021 01:54:17.0010 AM
[ReportManager] Loaded Shared OpenCV @18-09-2021 01:54:17.0185 AM
[ReportManager] Assertion [ValidateElementAttribute] PASSED. Expected [Value Should not be 'Automation!@#$%^&*()_+{}[]\\';/.,' for the 'text' attribute, element locator 'By.name: q'] and Actual [Automation!@#$%^&*()_+{}[]\';/.,]. Comparison Type [EQUALS]. Validation Type [NEGATIVE]. @18-09-2021 01:54:17.0267 AM
[ReportManager] Successfully created attachment [Screenshot - 1631930057185_assertElementAttribute_false_literalComparison_expectedToFail_ValidateElementAttribute_passed] @18-09-2021 01:54:17.0269 A
[ReportManager] Browser Action [CloseCurrentWindow] successfully performed. @18-09-2021 01:54:17.0413 AM
[ReportManager] Successfully created attachment [Browser Action Test Data - CloseCurrentWindow - Actual Value] @18-09-2021 01:54:17.0414 A
[ReportManager] File Action [GetAbsolutePath] successfully performed. With the following test data [Relative Folder Path: "target/downloadedFiles/"]. @18-09-2021 01:54:17.0417 AM
[ReportManager] Attempting to run remotely on: [Linux-64], [GoogleChrome], [http://localhost:4444/wd/hub], Headless Execution. @18-09-2021 01:54:17.0417 AM
[ReportManager] Successfully Opened [GoogleChrome]. @18-09-2021 01:54:17.0656 AM
[ReportManager] Target URL: [https://www.google.com/ncr], and after redirection: [www.google.com] @18-09-2021 01:54:17.0680 AM
[ReportManager] Initial URL: [data:,] @18-09-2021 01:54:17.0726 AM
[ReportManager] Browser Action [NavigateToURL] successfully performed. With the following test data [https://www.google.com/ncr]. @18-09-2021 01:54:18.0860 A

################################################################################################################################################
Starting Execution:	[14 out of 143] test cases in the current suite
Test Method:		[unitTests.tests_validations_assertions.assertElementAttribute_false_literalComparison_expectedToPass]
################################################################################################################################################
[ReportManager] Element Action [Type] successfully performed. With the following test data [Automation!@#$%^&*()_+{}[]\';/.,]. @18-09-2021 01:54:19.0342 AM
[ReportManager] Element Action [GetText] successfully performed. With the following test data [Automation!@#$%^&*()_+{}[]\';/.,]. @18-09-2021 01:54:19.0444 AM
[ReportManager] Loaded Shared OpenCV @18-09-2021 01:54:19.0626 AM
[ReportManager] Assertion [ValidateElementAttribute] PASSED. Expected [Value Should not be 'Automation' for the 'text' attribute, element locator 'By.name: q'] and Actual [Automation!@#$%^&*()_+{}[]\';/.,]. Comparison Type [EQUALS]. Validation Type [NEGATIVE]. @18-09-2021 01:54:19.0711 AM
[ReportManager] Successfully created attachment [Screenshot - 1631930059626_assertElementAttribute_false_literalComparison_expectedToPass_ValidateElementAttribute_passed] @18-09-2021 01:54:19.0713 A
[ReportManager] Browser Action [CloseCurrentWindow] successfully performed. @18-09-2021 01:54:19.0846 AM
[ReportManager] Successfully created attachment [Browser Action Test Data - CloseCurrentWindow - Actual Value] @18-09-2021 01:54:19.0847 A
[ReportManager] File Action [GetAbsolutePath] successfully performed. With the following test data [Relative Folder Path: "target/downloadedFiles/"]. @18-09-2021 01:54:19.0850 AM
[ReportManager] Attempting to run remotely on: [Linux-64], [GoogleChrome], [http://localhost:4444/wd/hub], Headless Execution. @18-09-2021 01:54:19.0850 AM
[ReportManager] Successfully Opened [GoogleChrome]. @18-09-2021 01:54:20.0085 AM
[ReportManager] Target URL: [https://www.google.com/ncr], and after redirection: [www.google.com] @18-09-2021 01:54:20.0123 AM
[ReportManager] Initial URL: [data:,] @18-09-2021 01:54:20.0175 AM
[ReportManager] Browser Action [NavigateToURL] successfully performed. With the following test data [https://www.google.com/ncr]. @18-09-2021 01:54:21.0283 A

################################################################################################################################################
Starting Execution:	[15 out of 143] test cases in the current suite
Test Method:		[unitTests.tests_validations_assertions.assertElementAttribute_false_regexComparison_expectedToFail]
################################################################################################################################################
[ReportManager] Element Action [Type] successfully performed. With the following test data [Automation123]. @18-09-2021 01:54:21.0632 AM
[ReportManager] Element Action [GetText] successfully performed. With the following test data [Automation123]. @18-09-2021 01:54:21.0744 AM
[ReportManager] Loaded Shared OpenCV @18-09-2021 01:54:21.0900 AM
[ReportManager] Assertion [ValidateElementAttribute] FAILED. Expected [Value Should not be 'Automation.*' for the 'text' attribute, element locator 'By.name: q'] and Actual [Automation123]. Comparison Type [MATCHES]. Validation Type [NEGATIVE]. @18-09-2021 01:54:21.0976 AM
[ReportManager] Successfully created attachment [Screenshot - 1631930061900_assertElementAttribute_false_regexComparison_expectedToFail_ValidateElementAttribute_failed] @18-09-2021 01:54:21.0977 A
[ReportManager] Browser Action [CloseCurrentWindow] successfully performed. @18-09-2021 01:54:22.0123 AM
[ReportManager] Successfully created attachment [Browser Action Test Data - CloseCurrentWindow - Actual Value] @18-09-2021 01:54:22.0124 A
[ReportManager] File Action [GetAbsolutePath] successfully performed. With the following test data [Relative Folder Path: "target/downloadedFiles/"]. @18-09-2021 01:54:22.0129 AM
[ReportManager] Attempting to run remotely on: [Linux-64], [GoogleChrome], [http://localhost:4444/wd/hub], Headless Execution. @18-09-2021 01:54:22.0129 AM
[ReportManager] Successfully Opened [GoogleChrome]. @18-09-2021 01:54:22.0354 AM
[ReportManager] Target URL: [https://www.google.com/ncr], and after redirection: [www.google.com] @18-09-2021 01:54:22.0376 AM
[ReportManager] Initial URL: [data:,] @18-09-2021 01:54:22.0444 AM
[ReportManager] Browser Action [NavigateToURL] successfully performed. With the following test data [https://www.google.com/ncr]. @18-09-2021 01:54:23.0520 A

################################################################################################################################################
Starting Execution:	[16 out of 143] test cases in the current suite
Test Method:		[unitTests.tests_validations_assertions.assertElementAttribute_false_regexComparison_expectedToPass]
################################################################################################################################################
[ReportManager] Element Action [Type] successfully performed. With the following test data [Automation123]. @18-09-2021 01:54:23.0916 AM
[ReportManager] Element Action [GetText] successfully performed. With the following test data [Automation123]. @18-09-2021 01:54:24.0038 AM
[ReportManager] Loaded Shared OpenCV @18-09-2021 01:54:24.0234 AM
[ReportManager] Assertion [ValidateElementAttribute] PASSED. Expected [Value Should not be 'Automation' for the 'text' attribute, element locator 'By.name: q'] and Actual [Automation123]. Comparison Type [MATCHES]. Validation Type [NEGATIVE]. @18-09-2021 01:54:24.0316 AM
[ReportManager] Successfully created attachment [Screenshot - 1631930064234_assertElementAttribute_false_regexComparison_expectedToPass_ValidateElementAttribute_passed] @18-09-2021 01:54:24.0317 A
[ReportManager] Browser Action [CloseCurrentWindow] successfully performed. @18-09-2021 01:54:24.0453 AM
[ReportManager] Successfully created attachment [Browser Action Test Data - CloseCurrentWindow - Actual Value] @18-09-2021 01:54:24.0454 A
[ReportManager] File Action [GetAbsolutePath] successfully performed. With the following test data [Relative Folder Path: "target/downloadedFiles/"]. @18-09-2021 01:54:24.0464 AM
[ReportManager] Attempting to run remotely on: [Linux-64], [GoogleChrome], [http://localhost:4444/wd/hub], Headless Execution. @18-09-2021 01:54:24.0464 AM
[ReportManager] Successfully Opened [GoogleChrome]. @18-09-2021 01:54:24.0743 AM
[ReportManager] Target URL: [https://www.google.com/ncr], and after redirection: [www.google.com] @18-09-2021 01:54:24.0764 AM
[ReportManager] Initial URL: [data:,] @18-09-2021 01:54:24.0826 AM
[ReportManager] Browser Action [NavigateToURL] successfully performed. With the following test data [https://www.google.com/ncr]. @18-09-2021 01:54:26.0096 A

################################################################################################################################################
Starting Execution:	[17 out of 143] test cases in the current suite
Test Method:		[unitTests.tests_validations_assertions.assertElementAttribute_true_caseInsensitiveComparison_expectedToFail]
################################################################################################################################################
[ReportManager] Element Action [Type] successfully performed. With the following test data [AUTOMATION]. @18-09-2021 01:54:26.0465 AM
[ReportManager] Element Action [GetText] successfully performed. With the following test data [AUTOMATION]. @18-09-2021 01:54:26.0580 AM
[ReportManager] Loaded Shared OpenCV @18-09-2021 01:54:26.0747 AM
[ReportManager] Assertion [ValidateElementAttribute] FAILED. Expected [Value Should be 'AutomaTion123' for the 'text' attribute, element locator 'By.name: q'] and Actual [AUTOMATION]. Comparison Type [CASE_INSENSITIVE]. Validation Type [POSITIVE]. @18-09-2021 01:54:26.0829 AM
[ReportManager] Successfully created attachment [Screenshot - 1631930066746_assertElementAttribute_true_caseInsensitiveComparison_expectedToFail_ValidateElementAttribute_failed] @18-09-2021 01:54:26.0830 A
[ReportManager] Browser Action [CloseCurrentWindow] successfully performed. @18-09-2021 01:54:26.0961 AM
[ReportManager] Successfully created attachment [Browser Action Test Data - CloseCurrentWindow - Actual Value] @18-09-2021 01:54:26.0962 A
[ReportManager] File Action [GetAbsolutePath] successfully performed. With the following test data [Relative Folder Path: "target/downloadedFiles/"]. @18-09-2021 01:54:26.0965 AM
[ReportManager] Attempting to run remotely on: [Linux-64], [GoogleChrome], [http://localhost:4444/wd/hub], Headless Execution. @18-09-2021 01:54:26.0965 AM
[ReportManager] Successfully Opened [GoogleChrome]. @18-09-2021 01:54:27.0171 AM
[ReportManager] Target URL: [https://www.google.com/ncr], and after redirection: [www.google.com] @18-09-2021 01:54:27.0187 AM
[ReportManager] Initial URL: [data:,] @18-09-2021 01:54:27.0233 AM
[ReportManager] Browser Action [NavigateToURL] successfully performed. With the following test data [https://www.google.com/ncr]. @18-09-2021 01:54:28.0337 A

################################################################################################################################################
Starting Execution:	[18 out of 143] test cases in the current suite
Test Method:		[unitTests.tests_validations_assertions.assertElementAttribute_true_caseInsensitiveComparison_expectedToPass]
################################################################################################################################################
[ReportManager] Element Action [Type] successfully performed. With the following test data [AUTOMATION]. @18-09-2021 01:54:28.0725 AM
[ReportManager] Element Action [GetText] successfully performed. With the following test data [AUTOMATION]. @18-09-2021 01:54:28.0823 AM
[ReportManager] Loaded Shared OpenCV @18-09-2021 01:54:28.0976 AM
[ReportManager] Assertion [ValidateElementAttribute] PASSED. Expected [Value Should be 'AutomaTion' for the 'text' attribute, element locator 'By.name: q'] and Actual [AUTOMATION]. Comparison Type [CASE_INSENSITIVE]. Validation Type [POSITIVE]. @18-09-2021 01:54:29.0054 AM
[ReportManager] Successfully created attachment [Screenshot - 1631930068976_assertElementAttribute_true_caseInsensitiveComparison_expectedToPass_ValidateElementAttribute_passed] @18-09-2021 01:54:29.0056 A
[ReportManager] Browser Action [CloseCurrentWindow] successfully performed. @18-09-2021 01:54:29.0189 AM
[ReportManager] Successfully created attachment [Browser Action Test Data - CloseCurrentWindow - Actual Value] @18-09-2021 01:54:29.0190 A
[ReportManager] File Action [GetAbsolutePath] successfully performed. With the following test data [Relative Folder Path: "target/downloadedFiles/"]. @18-09-2021 01:54:29.0198 AM
[ReportManager] Attempting to run remotely on: [Linux-64], [GoogleChrome], [http://localhost:4444/wd/hub], Headless Execution. @18-09-2021 01:54:29.0199 AM
[ReportManager] Successfully Opened [GoogleChrome]. @18-09-2021 01:54:29.0409 AM
[ReportManager] Target URL: [https://www.google.com/ncr], and after redirection: [www.google.com] @18-09-2021 01:54:29.0422 AM
[ReportManager] Initial URL: [data:,] @18-09-2021 01:54:29.0475 AM
[ReportManager] Browser Action [NavigateToURL] successfully performed. With the following test data [https://www.google.com/ncr]. @18-09-2021 01:54:30.0547 A

################################################################################################################################################
Starting Execution:	[19 out of 143] test cases in the current suite
Test Method:		[unitTests.tests_validations_assertions.assertElementAttribute_true_containsComparison_expectedToFail]
################################################################################################################################################
[ReportManager] Element Action [Type] successfully performed. With the following test data [Automation123]. @18-09-2021 01:54:30.0877 AM
[ReportManager] Element Action [GetText] successfully performed. With the following test data [Automation123]. @18-09-2021 01:54:30.0995 AM
[ReportManager] Loaded Shared OpenCV @18-09-2021 01:54:31.0175 AM
[ReportManager] Assertion [ValidateElementAttribute] FAILED. Expected [Value Should be 'Automation1234' for the 'text' attribute, element locator 'By.name: q'] and Actual [Automation123]. Comparison Type [CONTAINS]. Validation Type [POSITIVE]. @18-09-2021 01:54:31.0259 AM
[ReportManager] Successfully created attachment [Screenshot - 1631930071175_assertElementAttribute_true_containsComparison_expectedToFail_ValidateElementAttribute_failed] @18-09-2021 01:54:31.0261 A
[ReportManager] Browser Action [CloseCurrentWindow] successfully performed. @18-09-2021 01:54:31.0406 AM
[ReportManager] Successfully created attachment [Browser Action Test Data - CloseCurrentWindow - Actual Value] @18-09-2021 01:54:31.0407 A
[ReportManager] File Action [GetAbsolutePath] successfully performed. With the following test data [Relative Folder Path: "target/downloadedFiles/"]. @18-09-2021 01:54:31.0410 AM
[ReportManager] Attempting to run remotely on: [Linux-64], [GoogleChrome], [http://localhost:4444/wd/hub], Headless Execution. @18-09-2021 01:54:31.0410 AM
[ReportManager] Successfully Opened [GoogleChrome]. @18-09-2021 01:54:31.0648 AM
[ReportManager] Target URL: [https://www.google.com/ncr], and after redirection: [www.google.com] @18-09-2021 01:54:31.0658 AM
[ReportManager] Initial URL: [data:,] @18-09-2021 01:54:31.0708 AM
[ReportManager] Browser Action [NavigateToURL] successfully performed. With the following test data [https://www.google.com/ncr]. @18-09-2021 01:54:32.0781 A

################################################################################################################################################
Starting Execution:	[20 out of 143] test cases in the current suite
Test Method:		[unitTests.tests_validations_assertions.assertElementAttribute_true_containsComparison_expectedToPass]
################################################################################################################################################
[ReportManager] Element Action [Type] successfully performed. With the following test data [Automation123]. @18-09-2021 01:54:33.0172 AM
[ReportManager] Element Action [GetText] successfully performed. With the following test data [Automation123]. @18-09-2021 01:54:33.0278 AM
[ReportManager] Loaded Shared OpenCV @18-09-2021 01:54:33.0441 AM
[ReportManager] Assertion [ValidateElementAttribute] PASSED. Expected [Value Should be 'Automation' for the 'text' attribute, element locator 'By.name: q'] and Actual [Automation123]. Comparison Type [CONTAINS]. Validation Type [POSITIVE]. @18-09-2021 01:54:33.0534 AM
[ReportManager] Successfully created attachment [Screenshot - 1631930073441_assertElementAttribute_true_containsComparison_expectedToPass_ValidateElementAttribute_passed] @18-09-2021 01:54:33.0535 A
[ReportManager] Browser Action [CloseCurrentWindow] successfully performed. @18-09-2021 01:54:33.0676 AM
[ReportManager] Successfully created attachment [Browser Action Test Data - CloseCurrentWindow - Actual Value] @18-09-2021 01:54:33.0677 A
[ReportManager] File Action [GetAbsolutePath] successfully performed. With the following test data [Relative Folder Path: "target/downloadedFiles/"]. @18-09-2021 01:54:33.0680 AM
[ReportManager] Attempting to run remotely on: [Linux-64], [GoogleChrome], [http://localhost:4444/wd/hub], Headless Execution. @18-09-2021 01:54:33.0680 AM
[ReportManager] Successfully Opened [GoogleChrome]. @18-09-2021 01:54:33.0959 AM
[ReportManager] Target URL: [https://www.google.com/ncr], and after redirection: [www.google.com] @18-09-2021 01:54:33.0973 AM
[ReportManager] Initial URL: [data:,] @18-09-2021 01:54:34.0014 AM
[ReportManager] Browser Action [NavigateToURL] successfully performed. With the following test data [https://www.google.com/ncr]. @18-09-2021 01:54:35.0193 A

################################################################################################################################################
Starting Execution:	[21 out of 143] test cases in the current suite
Test Method:		[unitTests.tests_validations_assertions.assertElementAttribute_true_literalComparison_expectedToFail]
################################################################################################################################################
[ReportManager] Element Action [Type] successfully performed. With the following test data [Automation!@#$%^&*()_+{}[]\';/.,]. @18-09-2021 01:54:35.0663 AM
[ReportManager] Element Action [GetText] successfully performed. With the following test data [Automation!@#$%^&*()_+{}[]\';/.,]. @18-09-2021 01:54:35.0778 AM
[ReportManager] Loaded Shared OpenCV @18-09-2021 01:54:35.0943 AM
[ReportManager] Assertion [ValidateElementAttribute] FAILED. Expected [Value Should be 'Automation' for the 'text' attribute, element locator 'By.name: q'] and Actual [Automation!@#$%^&*()_+{}[]\';/.,]. Comparison Type [EQUALS]. Validation Type [POSITIVE]. @18-09-2021 01:54:36.0029 AM
[ReportManager] Successfully created attachment [Screenshot - 1631930075943_assertElementAttribute_true_literalComparison_expectedToFail_ValidateElementAttribute_failed] @18-09-2021 01:54:36.0031 A
[ReportManager] Browser Action [CloseCurrentWindow] successfully performed. @18-09-2021 01:54:36.0160 AM
[ReportManager] Successfully created attachment [Browser Action Test Data - CloseCurrentWindow - Actual Value] @18-09-2021 01:54:36.0161 A
[ReportManager] File Action [GetAbsolutePath] successfully performed. With the following test data [Relative Folder Path: "target/downloadedFiles/"]. @18-09-2021 01:54:36.0164 AM
[ReportManager] Attempting to run remotely on: [Linux-64], [GoogleChrome], [http://localhost:4444/wd/hub], Headless Execution. @18-09-2021 01:54:36.0165 AM
[ReportManager] Successfully Opened [GoogleChrome]. @18-09-2021 01:54:36.0417 AM
[ReportManager] Target URL: [https://www.google.com/ncr], and after redirection: [www.google.com] @18-09-2021 01:54:36.0430 AM
[ReportManager] Initial URL: [data:,] @18-09-2021 01:54:36.0477 AM
[ReportManager] Browser Action [NavigateToURL] successfully performed. With the following test data [https://www.google.com/ncr]. @18-09-2021 01:54:37.0808 A

################################################################################################################################################
Starting Execution:	[22 out of 143] test cases in the current suite
Test Method:		[unitTests.tests_validations_assertions.assertElementAttribute_true_literalComparison_expectedToPass]
################################################################################################################################################
[ReportManager] Element Action [Type] successfully performed. With the following test data [Automation!@#$%^&*()_+{}[]\';/.,]. @18-09-2021 01:54:38.0277 AM
[ReportManager] Element Action [GetText] successfully performed. With the following test data [Automation!@#$%^&*()_+{}[]\';/.,]. @18-09-2021 01:54:38.0369 AM
[ReportManager] Loaded Shared OpenCV @18-09-2021 01:54:38.0524 AM
[ReportManager] Assertion [ValidateElementAttribute] PASSED. Expected [Value Should be 'Automation!@#$%^&*()_+{}[]\';/.,' for the 'text' attribute, element locator 'By.name: q'] and Actual [Automation!@#$%^&*()_+{}[]\';/.,]. Comparison Type [EQUALS]. Validation Type [POSITIVE]. @18-09-2021 01:54:38.0604 AM
[ReportManager] Successfully created attachment [Screenshot - 1631930078524_assertElementAttribute_true_literalComparison_expectedToPass_ValidateElementAttribute_passed] @18-09-2021 01:54:38.0605 A
[ReportManager] Browser Action [CloseCurrentWindow] successfully performed. @18-09-2021 01:54:38.0736 AM
[ReportManager] Successfully created attachment [Browser Action Test Data - CloseCurrentWindow - Actual Value] @18-09-2021 01:54:38.0739 A
[ReportManager] File Action [GetAbsolutePath] successfully performed. With the following test data [Relative Folder Path: "target/downloadedFiles/"]. @18-09-2021 01:54:38.0743 AM
[ReportManager] Attempting to run remotely on: [Linux-64], [GoogleChrome], [http://localhost:4444/wd/hub], Headless Execution. @18-09-2021 01:54:38.0744 AM
[ReportManager] Successfully Opened [GoogleChrome]. @18-09-2021 01:54:38.0955 AM
[ReportManager] Target URL: [https://www.google.com/ncr], and after redirection: [www.google.com] @18-09-2021 01:54:38.0965 AM
[ReportManager] Initial URL: [data:,] @18-09-2021 01:54:39.0002 AM
[ReportManager] Browser Action [NavigateToURL] successfully performed. With the following test data [https://www.google.com/ncr]. @18-09-2021 01:54:40.0634 A

################################################################################################################################################
Starting Execution:	[23 out of 143] test cases in the current suite
Test Method:		[unitTests.tests_validations_assertions.assertElementAttribute_true_regexComparison_expectedToFail]
################################################################################################################################################
[ReportManager] Element Action [Type] successfully performed. With the following test data [Automation123]. @18-09-2021 01:54:40.0972 AM
[ReportManager] Element Action [GetText] successfully performed. With the following test data [Automation123]. @18-09-2021 01:54:41.0073 AM
[ReportManager] Loaded Shared OpenCV @18-09-2021 01:54:41.0222 AM
[ReportManager] Assertion [ValidateElementAttribute] FAILED. Expected [Value Should be 'Automation' for the 'text' attribute, element locator 'By.name: q'] and Actual [Automation123]. Comparison Type [MATCHES]. Validation Type [POSITIVE]. @18-09-2021 01:54:41.0296 AM
[ReportManager] Successfully created attachment [Screenshot - 1631930081222_assertElementAttribute_true_regexComparison_expectedToFail_ValidateElementAttribute_failed] @18-09-2021 01:54:41.0297 A
[ReportManager] Browser Action [CloseCurrentWindow] successfully performed. @18-09-2021 01:54:41.0421 AM
[ReportManager] Successfully created attachment [Browser Action Test Data - CloseCurrentWindow - Actual Value] @18-09-2021 01:54:41.0422 A
[ReportManager] File Action [GetAbsolutePath] successfully performed. With the following test data [Relative Folder Path: "target/downloadedFiles/"]. @18-09-2021 01:54:41.0427 AM
[ReportManager] Attempting to run remotely on: [Linux-64], [GoogleChrome], [http://localhost:4444/wd/hub], Headless Execution. @18-09-2021 01:54:41.0428 AM
[ReportManager] Successfully Opened [GoogleChrome]. @18-09-2021 01:54:41.0618 AM
[ReportManager] Target URL: [https://www.google.com/ncr], and after redirection: [www.google.com] @18-09-2021 01:54:41.0642 AM
[ReportManager] Initial URL: [data:,] @18-09-2021 01:54:41.0683 AM
[ReportManager] Browser Action [NavigateToURL] successfully performed. With the following test data [https://www.google.com/ncr]. @18-09-2021 01:54:42.0787 A

################################################################################################################################################
Starting Execution:	[24 out of 143] test cases in the current suite
Test Method:		[unitTests.tests_validations_assertions.assertElementAttribute_true_regexComparison_expectedToPass]
################################################################################################################################################
[ReportManager] Element Action [Type] successfully performed. With the following test data [Automation123]. @18-09-2021 01:54:43.0142 AM
[ReportManager] Element Action [GetText] successfully performed. With the following test data [Automation123]. @18-09-2021 01:54:43.0252 AM
[ReportManager] Loaded Shared OpenCV @18-09-2021 01:54:43.0381 AM
[ReportManager] Assertion [ValidateElementAttribute] PASSED. Expected [Value Should be 'Automation.*' for the 'text' attribute, element locator 'By.name: q'] and Actual [Automation123]. Comparison Type [MATCHES]. Validation Type [POSITIVE]. @18-09-2021 01:54:43.0454 AM
[ReportManager] Successfully created attachment [Screenshot - 1631930083381_assertElementAttribute_true_regexComparison_expectedToPass_ValidateElementAttribute_passed] @18-09-2021 01:54:43.0455 A
[ReportManager] Browser Action [CloseCurrentWindow] successfully performed. @18-09-2021 01:54:43.0581 AM
[ReportManager] Successfully created attachment [Browser Action Test Data - CloseCurrentWindow - Actual Value] @18-09-2021 01:54:43.0581 A
[ReportManager] File Action [GetAbsolutePath] successfully performed. With the following test data [Relative Folder Path: "target/downloadedFiles/"]. @18-09-2021 01:54:43.0584 AM
[ReportManager] Attempting to run remotely on: [Linux-64], [GoogleChrome], [http://localhost:4444/wd/hub], Headless Execution. @18-09-2021 01:54:43.0584 AM
[ReportManager] Successfully Opened [GoogleChrome]. @18-09-2021 01:54:43.0787 AM
[ReportManager] Target URL: [https://www.google.com/ncr], and after redirection: [www.google.com] @18-09-2021 01:54:43.0803 AM
[ReportManager] Initial URL: [data:,] @18-09-2021 01:54:43.0843 AM
[ReportManager] Browser Action [NavigateToURL] successfully performed. With the following test data [https://www.google.com/ncr]. @18-09-2021 01:54:44.0902 A

################################################################################################################################################
Starting Execution:	[25 out of 143] test cases in the current suite
Test Method:		[unitTests.tests_validations_assertions.assertElementAttribute_type_true_literalComparison_expectedToPass]
################################################################################################################################################
[ReportManager] Element Action [Type] successfully performed. With the following test data [Automation!@#$%^&*()_+{}[]\';/.,]. @18-09-2021 01:54:45.0341 AM
[ReportManager] Element Action [GetText] successfully performed. With the following test data [Automation!@#$%^&*()_+{}[]\';/.,]. @18-09-2021 01:54:45.0432 AM
[ReportManager] Loaded Shared OpenCV @18-09-2021 01:54:45.0593 AM
[ReportManager] Assertion [ValidateElementAttribute] PASSED. Expected [Value Should be 'Automation!@#$%^&*()_+{}[]\';/.,' for the 'text' attribute, element locator 'By.name: q'] and Actual [Automation!@#$%^&*()_+{}[]\';/.,]. Comparison Type [EQUALS]. Validation Type [POSITIVE]. @18-09-2021 01:54:45.0674 AM
[ReportManager] Successfully created attachment [Screenshot - 1631930085593_assertElementAttribute_type_true_literalComparison_expectedToPass_ValidateElementAttribute_passed] @18-09-2021 01:54:45.0675 A
[ReportManager] Browser Action [CloseCurrentWindow] successfully performed. @18-09-2021 01:54:45.0798 AM
[ReportManager] Successfully created attachment [Browser Action Test Data - CloseCurrentWindow - Actual Value] @18-09-2021 01:54:45.0799 A
[ReportManager] File Action [GetAbsolutePath] successfully performed. With the following test data [Relative Folder Path: "target/downloadedFiles/"]. @18-09-2021 01:54:45.0804 AM
[ReportManager] Attempting to run remotely on: [Linux-64], [GoogleChrome], [http://localhost:4444/wd/hub], Headless Execution. @18-09-2021 01:54:45.0807 AM
[ReportManager] Successfully Opened [GoogleChrome]. @18-09-2021 01:54:46.0066 AM
[ReportManager] Target URL: [https://www.google.com/ncr], and after redirection: [www.google.com] @18-09-2021 01:54:46.0078 AM
[ReportManager] Initial URL: [data:,] @18-09-2021 01:54:46.0145 AM
[ReportManager] Browser Action [NavigateToURL] successfully performed. With the following test data [https://www.google.com/ncr]. @18-09-2021 01:54:47.0193 A

################################################################################################################################################
Starting Execution:	[26 out of 143] test cases in the current suite
Test Method:		[unitTests.tests_validations_assertions.assertElementExists_false_expectedToFail]
################################################################################################################################################
[ReportManager] Loaded Shared OpenCV @18-09-2021 01:54:47.0423 AM
[ReportManager] Assertion [ValidateElementExists] FAILED. Expected [Element Should not Exist, locator 'By.id: hplogo'] and Actual [Element Exists]. Comparison Type [EQUALS]. Validation Type [NEGATIVE]. @18-09-2021 01:54:47.0497 AM
[ReportManager] Successfully created attachment [Screenshot - 1631930087423_assertElementExists_false_expectedToFail_ValidateElementExists_failed] @18-09-2021 01:54:47.0498 A
[ReportManager] Browser Action [CloseCurrentWindow] successfully performed. @18-09-2021 01:54:47.0635 AM
[ReportManager] Successfully created attachment [Browser Action Test Data - CloseCurrentWindow - Actual Value] @18-09-2021 01:54:47.0635 A
[ReportManager] File Action [GetAbsolutePath] successfully performed. With the following test data [Relative Folder Path: "target/downloadedFiles/"]. @18-09-2021 01:54:47.0642 AM
[ReportManager] Attempting to run remotely on: [Linux-64], [GoogleChrome], [http://localhost:4444/wd/hub], Headless Execution. @18-09-2021 01:54:47.0643 AM
[ReportManager] Successfully Opened [GoogleChrome]. @18-09-2021 01:54:47.0891 AM
[ReportManager] Target URL: [https://www.google.com/ncr], and after redirection: [www.google.com] @18-09-2021 01:54:47.0901 AM
[ReportManager] Initial URL: [data:,] @18-09-2021 01:54:47.0950 AM
[ReportManager] Browser Action [NavigateToURL] successfully performed. With the following test data [https://www.google.com/ncr]. @18-09-2021 01:54:48.0947 A

################################################################################################################################################
Starting Execution:	[27 out of 143] test cases in the current suite
Test Method:		[unitTests.tests_validations_assertions.assertElementExists_false_expectedToPass]
################################################################################################################################################
[ReportManager] Assertion [ValidateElementExists] PASSED. Expected [Element Should not Exist, locator 'By.id: fakeElement'] and Actual [Element Doesn't Exists]. Comparison Type [EQUALS]. Validation Type [NEGATIVE]. @18-09-2021 01:54:59.0345 AM
[ReportManager] Successfully created attachment [Screenshot - 1631930099265_assertElementExists_false_expectedToPass_ValidateElementExists_passed] @18-09-2021 01:54:59.0346 A
[ReportManager] Browser Action [CloseCurrentWindow] successfully performed. @18-09-2021 01:54:59.0474 AM
[ReportManager] Successfully created attachment [Browser Action Test Data - CloseCurrentWindow - Actual Value] @18-09-2021 01:54:59.0475 A
[ReportManager] File Action [GetAbsolutePath] successfully performed. With the following test data [Relative Folder Path: "target/downloadedFiles/"]. @18-09-2021 01:54:59.0479 AM
[ReportManager] Attempting to run remotely on: [Linux-64], [GoogleChrome], [http://localhost:4444/wd/hub], Headless Execution. @18-09-2021 01:54:59.0479 AM
[ReportManager] Successfully Opened [GoogleChrome]. @18-09-2021 01:54:59.0674 AM
[ReportManager] Target URL: [https://www.google.com/ncr], and after redirection: [www.google.com] @18-09-2021 01:54:59.0692 AM
[ReportManager] Initial URL: [data:,] @18-09-2021 01:54:59.0733 AM
[ReportManager] Browser Action [NavigateToURL] successfully performed. With the following test data [https://www.google.com/ncr]. @18-09-2021 01:55:00.0832 A

################################################################################################################################################
Starting Execution:	[28 out of 143] test cases in the current suite
Test Method:		[unitTests.tests_validations_assertions.assertElementExists_false_multipleElementsFound_expectedToFail]
################################################################################################################################################
[ReportManager] Assertion [ValidateElementExists] FAILED. Expected [Element Should not Exist, locator 'By.xpath: //div'] and Actual [Element Exists but is not unique]. Comparison Type [EQUALS]. Validation Type [NEGATIVE]. @18-09-2021 01:55:01.0102 AM
[ReportManager] Successfully created attachment [Screenshot - 1631930101034_assertElementExists_false_multipleElementsFound_expectedToFail_ValidateElementExists_failed] @18-09-2021 01:55:01.0103 A
[ReportManager] Browser Action [CloseCurrentWindow] successfully performed. @18-09-2021 01:55:01.0226 AM
[ReportManager] Successfully created attachment [Browser Action Test Data - CloseCurrentWindow - Actual Value] @18-09-2021 01:55:01.0227 A
[ReportManager] File Action [GetAbsolutePath] successfully performed. With the following test data [Relative Folder Path: "target/downloadedFiles/"]. @18-09-2021 01:55:01.0229 AM
[ReportManager] Attempting to run remotely on: [Linux-64], [GoogleChrome], [http://localhost:4444/wd/hub], Headless Execution. @18-09-2021 01:55:01.0229 AM
[ReportManager] Successfully Opened [GoogleChrome]. @18-09-2021 01:55:01.0431 AM
[ReportManager] Target URL: [https://www.google.com/ncr], and after redirection: [www.google.com] @18-09-2021 01:55:01.0451 AM
[ReportManager] Initial URL: [data:,] @18-09-2021 01:55:01.0510 AM
[ReportManager] Browser Action [NavigateToURL] successfully performed. With the following test data [https://www.google.com/ncr]. @18-09-2021 01:55:02.0729 A

################################################################################################################################################
Starting Execution:	[29 out of 143] test cases in the current suite
Test Method:		[unitTests.tests_validations_assertions.assertElementExists_true_expectedToFail]
################################################################################################################################################
[ReportManager] Assertion [ValidateElementExists] FAILED. Expected [Element Should Exist, locator 'By.id: fakeElement'] and Actual [Element Doesn't Exists]. Comparison Type [EQUALS]. Validation Type [POSITIVE]. @18-09-2021 01:55:33.0439 AM
[ReportManager] Successfully created attachment [Screenshot - 1631930133368_assertElementExists_true_expectedToFail_ValidateElementExists_failed] @18-09-2021 01:55:33.0440 A
[ReportManager] Browser Action [CloseCurrentWindow] successfully performed. @18-09-2021 01:55:33.0579 AM
[ReportManager] Successfully created attachment [Browser Action Test Data - CloseCurrentWindow - Actual Value] @18-09-2021 01:55:33.0579 A
[ReportManager] File Action [GetAbsolutePath] successfully performed. With the following test data [Relative Folder Path: "target/downloadedFiles/"]. @18-09-2021 01:55:33.0582 AM
[ReportManager] Attempting to run remotely on: [Linux-64], [GoogleChrome], [http://localhost:4444/wd/hub], Headless Execution. @18-09-2021 01:55:33.0583 AM
[ReportManager] Successfully Opened [GoogleChrome]. @18-09-2021 01:55:33.0795 AM
[ReportManager] Target URL: [https://www.google.com/ncr], and after redirection: [www.google.com] @18-09-2021 01:55:33.0808 AM
[ReportManager] Initial URL: [data:,] @18-09-2021 01:55:33.0852 AM
[ReportManager] Browser Action [NavigateToURL] successfully performed. With the following test data [https://www.google.com/ncr]. @18-09-2021 01:55:34.0915 A

################################################################################################################################################
Starting Execution:	[30 out of 143] test cases in the current suite
Test Method:		[unitTests.tests_validations_assertions.assertElementExists_true_expectedToPass]
################################################################################################################################################
[ReportManager] Loaded Shared OpenCV @18-09-2021 01:55:35.0130 AM
[ReportManager] Assertion [ValidateElementExists] PASSED. Expected [Element Should Exist, locator 'By.xpath: //*[@id='hplogo' or @alt='Google']'] and Actual [Element Exists]. Comparison Type [EQUALS]. Validation Type [POSITIVE]. @18-09-2021 01:55:35.0210 AM
[ReportManager] Successfully created attachment [Screenshot - 1631930135130_assertElementExists_true_expectedToPass_ValidateElementExists_passed] @18-09-2021 01:55:35.0211 A
[ReportManager] Browser Action [CloseCurrentWindow] successfully performed. @18-09-2021 01:55:35.0328 AM
[ReportManager] Successfully created attachment [Browser Action Test Data - CloseCurrentWindow - Actual Value] @18-09-2021 01:55:35.0329 A
[ReportManager] File Action [GetAbsolutePath] successfully performed. With the following test data [Relative Folder Path: "target/downloadedFiles/"]. @18-09-2021 01:55:35.0340 AM
[ReportManager] Attempting to run remotely on: [Linux-64], [GoogleChrome], [http://localhost:4444/wd/hub], Headless Execution. @18-09-2021 01:55:35.0340 AM
[ReportManager] Successfully Opened [GoogleChrome]. @18-09-2021 01:55:35.0522 AM
[ReportManager] Target URL: [https://www.google.com/ncr], and after redirection: [www.google.com] @18-09-2021 01:55:35.0532 AM
[ReportManager] Initial URL: [data:,] @18-09-2021 01:55:35.0571 AM
[ReportManager] Browser Action [NavigateToURL] successfully performed. With the following test data [https://www.google.com/ncr]. @18-09-2021 01:55:36.0601 A

################################################################################################################################################
Starting Execution:	[31 out of 143] test cases in the current suite
Test Method:		[unitTests.tests_validations_assertions.assertElementExists_true_multipleElementsFound_expectedToFail]
################################################################################################################################################
[ReportManager] Assertion [ValidateElementExists] FAILED. Expected [Element Should Exist, locator 'By.xpath: //div'] and Actual [Element Exists but is not unique]. Comparison Type [EQUALS]. Validation Type [POSITIVE]. @18-09-2021 01:55:36.0860 AM
[ReportManager] Successfully created attachment [Screenshot - 1631930136799_assertElementExists_true_multipleElementsFound_expectedToFail_ValidateElementExists_failed] @18-09-2021 01:55:36.0861 A
[ReportManager] Browser Action [CloseCurrentWindow] successfully performed. @18-09-2021 01:55:36.0977 AM
[ReportManager] Successfully created attachment [Browser Action Test Data - CloseCurrentWindow - Actual Value] @18-09-2021 01:55:36.0977 A

################################################################################################################################################
Starting Execution:	[32 out of 143] test cases in the current suite
Test Method:		[unitTests.tests_validations_assertions.assertEquals_false_expectedToFail]
################################################################################################################################################
[ReportManager] Assertion [ValidateEquals] FAILED. Expected [1] and Actual [1]. Comparison Type [EQUALS]. Validation Type [NEGATIVE]. @18-09-2021 01:55:36.0989 A

################################################################################################################################################
Starting Execution:	[33 out of 143] test cases in the current suite
Test Method:		[unitTests.tests_validations_assertions.assertEquals_false_expectedToPass]
################################################################################################################################################
[ReportManager] Assertion [ValidateEquals] PASSED. Expected [1] and Actual [2]. Comparison Type [EQUALS]. Validation Type [NEGATIVE]. @18-09-2021 01:55:36.0991 A

################################################################################################################################################
Starting Execution:	[34 out of 143] test cases in the current suite
Test Method:		[unitTests.tests_validations_assertions.assertEquals_longCharacters]
################################################################################################################################################
[ReportManager] Verification [ValidateEquals] PASSED. Expected and Actual values are attached. Comparison Type [EQUALS]. Validation Type [POSITIVE]. @18-09-2021 01:55:36.0995 AM
[ReportManager] Successfully created attachment [Validation Test Data - Expected Value] @18-09-2021 01:55:36.0996 AM
[ReportManager] Successfully created attachment [Validation Test Data - Actual Value] @18-09-2021 01:55:36.0996 AM
[ReportManager] Assertion [ValidateEquals] PASSED. Expected and Actual values are attached. Comparison Type [EQUALS]. Validation Type [POSITIVE]. @18-09-2021 01:55:36.0996 AM
[ReportManager] Successfully created attachment [Validation Test Data - Expected Value] @18-09-2021 01:55:36.0997 AM
[ReportManager] Successfully created attachment [Validation Test Data - Actual Value] @18-09-2021 01:55:36.0997 A

################################################################################################################################################
Starting Execution:	[35 out of 143] test cases in the current suite
Test Method:		[unitTests.tests_validations_assertions.assertEquals_longCharacters_Discreet]
################################################################################################################################################
[ReportManager] Assertion [ValidateEquals] PASSED. Expected [1LH5pROcDBjjQk0t0mCr0lXuzQu9lcGj28kY8R1H81X67eVAQJgWQhILiRWVPUgZ6uCtK5cnBkF55Jr9vYngjGO1Iyf0Mktv6lruDlL9T8MAUPcUZJGHZtji6nIeadujDSNmWMj5d6C8zlFqw0CRqBU0hO5adIasHgBSNoLotAjce3NGXoDwAlp3rYreeV16VIyZXROQY] and Actual [1LH5pROcDBjjQk0t0mCr0lXuzQu9lcGj28kY8R1H81X67eVAQJgWQhILiRWVPUgZ6uCtK5cnBkF55Jr9vYngjGO1Iyf0Mktv6lruDlL9T8MAUPcUZJGHZtji6nIeadujDSNmWMj5d6C8zlFqw0CRqBU0hO5adIasHgBSNoLotAjce3NGXoDwAlp3rYreeV16VIyZXROQY]. Comparison Type [EQUALS]. Validation Type [POSITIVE]. @18-09-2021 01:55:36.0999 A

################################################################################################################################################
Starting Execution:	[36 out of 143] test cases in the current suite
Test Method:		[unitTests.tests_validations_assertions.assertEquals_true_expectedToFail]
################################################################################################################################################
[ReportManager] Assertion [ValidateEquals] FAILED. Expected [1] and Actual [2]. Comparison Type [EQUALS]. Validation Type [POSITIVE]. @18-09-2021 01:55:37.0002 A

################################################################################################################################################
Starting Execution:	[37 out of 143] test cases in the current suite
Test Method:		[unitTests.tests_validations_assertions.assertEquals_true_expectedToPass]
Test Description:	[Assert that assertEquals works as expected when the two values are equal.]
################################################################################################################################################
[ReportManager] Verification [ValidateEquals] PASSED. Expected [1] and Actual [1]. Comparison Type [EQUALS]. Validation Type [POSITIVE]. @18-09-2021 01:55:37.0009 AM
[ReportManager] Assertion [ValidateEquals] PASSED. Expected [1] and Actual [1]. Comparison Type [EQUALS]. Validation Type [POSITIVE]. @18-09-2021 01:55:37.0010 A

################################################################################################################################################
Starting Execution:	[38 out of 143] test cases in the current suite
Test Method:		[unitTests.tests_validations_assertions.assertEquals_true_expectedToPass__]
################################################################################################################################################
[ReportManager] Assertion [ValidateEquals] PASSED. Expected [1] and Actual [1]. Comparison Type [EQUALS]. Validation Type [POSITIVE]. @18-09-2021 01:55:37.0013 A

################################################################################################################################################
Starting Execution:	[39 out of 143] test cases in the current suite
Test Method:		[unitTests.tests_validations_assertions.assertFileExists_false_expectedToFail]
################################################################################################################################################
[ReportManager] File Action [DoesFileExist] successfully performed. With the following test data [File Path: "src/main/java/com/shaft/gui/element/ElementActions.java"]. @18-09-2021 01:55:37.0017 AM
[ReportManager] Assertion [ValidateFileExists] FAILED. Expected [File 'src/main/java/com/shaft/gui/element/ElementActions.java' should not exist, after up to '1' retries] and Actual [File exists]. Validation Type [NEGATIVE]. @18-09-2021 01:55:37.0022 A

################################################################################################################################################
Starting Execution:	[40 out of 143] test cases in the current suite
Test Method:		[unitTests.tests_validations_assertions.assertFileExists_false_expectedToPass]
################################################################################################################################################
[ReportManager] File Action [DoesFileExist] successfully performed. With the following test data [File Path: "src/main/java/com/shaft/gui/element/ElementActions.java_fail"]. @18-09-2021 01:55:37.0530 AM
[ReportManager] Assertion [ValidateFileExists] PASSED. Expected [File 'src/main/java/com/shaft/gui/element/ElementActions.java_fail' should not exist, after up to '1' retries] and Actual [File does not exist]. Validation Type [NEGATIVE]. @18-09-2021 01:55:37.0531 A

################################################################################################################################################
Starting Execution:	[41 out of 143] test cases in the current suite
Test Method:		[unitTests.tests_validations_assertions.assertFileExists_true_expectedToFail]
################################################################################################################################################
[ReportManager] File Action [DoesFileExist] successfully performed. With the following test data [File Path: "src/main/java/com/shaft/gui/element/ElementActions.java_fail"]. @18-09-2021 01:55:38.0035 AM
[ReportManager] Assertion [ValidateFileExists] FAILED. Expected [File 'src/main/java/com/shaft/gui/element/ElementActions.java_fail' should exist, after up to '1' retries] and Actual [File does not exist]. Validation Type [POSITIVE]. @18-09-2021 01:55:38.0035 A

################################################################################################################################################
Starting Execution:	[42 out of 143] test cases in the current suite
Test Method:		[unitTests.tests_validations_assertions.assertFileExists_true_expectedToPass]
################################################################################################################################################
[ReportManager] File Action [DoesFileExist] successfully performed. With the following test data [File Path: "src/main/java/com/shaft/gui/element/ElementActions.java"]. @18-09-2021 01:55:38.0038 AM
[ReportManager] Assertion [ValidateFileExists] PASSED. Expected [File 'src/main/java/com/shaft/gui/element/ElementActions.java' should exist, after up to '1' retries] and Actual [File exists]. Validation Type [POSITIVE]. @18-09-2021 01:55:38.0039 A

################################################################################################################################################
Starting Execution:	[43 out of 143] test cases in the current suite
Test Method:		[unitTests.tests_validations_assertions.assertNull_false_expectedToFail]
################################################################################################################################################
[ReportManager] Assertion [ValidateNull] FAILED. Expected [NULL] and Actual [NULL]. Comparison Type [EQUALS]. Validation Type [NEGATIVE]. @18-09-2021 01:55:38.0041 A

################################################################################################################################################
Starting Execution:	[44 out of 143] test cases in the current suite
Test Method:		[unitTests.tests_validations_assertions.assertNull_false_expectedToPass]
################################################################################################################################################
[ReportManager] Assertion [ValidateNull] PASSED. Expected [NULL] and Actual [1]. Comparison Type [EQUALS]. Validation Type [NEGATIVE]. @18-09-2021 01:55:38.0045 A

################################################################################################################################################
Starting Execution:	[45 out of 143] test cases in the current suite
Test Method:		[unitTests.tests_validations_assertions.assertNull_true_expectedToFail]
################################################################################################################################################
[ReportManager] Assertion [ValidateNull] FAILED. Expected [NULL] and Actual [1]. Comparison Type [EQUALS]. Validation Type [POSITIVE]. @18-09-2021 01:55:38.0050 A

################################################################################################################################################
Starting Execution:	[46 out of 143] test cases in the current suite
Test Method:		[unitTests.tests_validations_assertions.assertNull_true_expectedToPass]
################################################################################################################################################
[ReportManager] Assertion [ValidateNull] PASSED. Expected [NULL] and Actual [NULL]. Comparison Type [EQUALS]. Validation Type [POSITIVE]. @18-09-2021 01:55:38.0053 A

################################################################################################################################################
Starting Execution:	[47 out of 143] test cases in the current suite
Test Method:		[unitTests.tests_restActions.getPostsAndAssertBodyForSpecificTitle]
################################################################################################################################################
[ReportManager] Response status code: [200], status line: [HTTP/1.1 200 OK] @18-09-2021 01:55:40.0348 AM
[ReportManager] Assertion Passed: Evaluating the actual response status code against the expected one... @18-09-2021 01:55:40.0349 AM
[ReportManager] Assertion [ValidateEquals] PASSED. Expected [200] and Actual [200]. Comparison Type [EQUALS]. Validation Type [POSITIVE]. @18-09-2021 01:55:40.0349 AM
[ReportManager] API Action [PerformRequest] successfully performed. With the following test data [Request Type: "GET" | Target Status Code: "200" | Service URL: "https://jsonplaceholder.typicode.com/posts" | Content Type: "*/*" | Response Time: "937ms"]. @18-09-2021 01:55:41.0631 AM
[ReportManager] Successfully created attachment [API Request - Specifications] @18-09-2021 01:55:41.0631 AM
[ReportManager] Successfully created attachment [API Response - JSON Body] @18-09-2021 01:55:41.0869 AM
[ReportManager] API Action [GetResponseJSONValueAsList] successfully performed. @18-09-2021 01:55:41.0914 AM
[ReportManager] API Action [GetResponseJSONValue] successfully performed. With the following test data [title]. @18-09-2021 01:55:41.0936 AM
[ReportManager] API Action [GetResponseJSONValue] successfully performed. With the following test data [title]. @18-09-2021 01:55:41.0957 AM
[ReportManager] API Action [GetResponseJSONValue] successfully performed. With the following test data [body]. @18-09-2021 01:55:41.0983 AM
[ReportManager] Assertion [ValidateEquals] PASSED. Expected [qui neque nisi nulla] and Actual [est rerum tempore vitae
sequi sint nihil reprehenderit dolor beatae ea dolores neque
fugiat blanditiis voluptate porro vel nihil molestiae ut reiciendis
qui aperiam non debitis possimus qui neque nisi nulla]. Comparison Type [CONTAINS]. Validation Type [POSITIVE]. @18-09-2021 01:55:41.0983 AM
[ReportManager] API Action [GetResponseJSONValue] successfully performed. With the following test data [title]. @18-09-2021 01:55:42.0043 AM
[ReportManager] API Action [GetResponseJSONValue] successfully performed. With the following test data [title]. @18-09-2021 01:55:42.0071 AM
[ReportManager] API Action [GetResponseJSONValue] successfully performed. With the following test data [title]. @18-09-2021 01:55:42.0102 AM
[ReportManager] API Action [GetResponseJSONValue] successfully performed. With the following test data [title]. @18-09-2021 01:55:42.0135 AM
[ReportManager] API Action [GetResponseJSONValue] successfully performed. With the following test data [title]. @18-09-2021 01:55:42.0160 AM
[ReportManager] API Action [GetResponseJSONValue] successfully performed. With the following test data [title]. @18-09-2021 01:55:42.0178 AM
[ReportManager] API Action [GetResponseJSONValue] successfully performed. With the following test data [title]. @18-09-2021 01:55:42.0196 AM
[ReportManager] API Action [GetResponseJSONValue] successfully performed. With the following test data [title]. @18-09-2021 01:55:42.0214 AM
[ReportManager] API Action [GetResponseJSONValue] successfully performed. With the following test data [title]. @18-09-2021 01:55:42.0240 AM
[ReportManager] API Action [GetResponseJSONValue] successfully performed. With the following test data [title]. @18-09-2021 01:55:42.0265 AM
[ReportManager] API Action [GetResponseJSONValue] successfully performed. With the following test data [title]. @18-09-2021 01:55:42.0303 AM
[ReportManager] API Action [GetResponseJSONValue] successfully performed. With the following test data [title]. @18-09-2021 01:55:42.0354 AM
[ReportManager] API Action [GetResponseJSONValue] successfully performed. With the following test data [title]. @18-09-2021 01:55:42.0387 AM
[ReportManager] API Action [GetResponseJSONValue] successfully performed. With the following test data [title]. @18-09-2021 01:55:42.0411 AM
[ReportManager] API Action [GetResponseJSONValue] successfully performed. With the following test data [title]. @18-09-2021 01:55:42.0431 AM
[ReportManager] API Action [GetResponseJSONValue] successfully performed. With the following test data [title]. @18-09-2021 01:55:42.0449 AM
[ReportManager] API Action [GetResponseJSONValue] successfully performed. With the following test data [title]. @18-09-2021 01:55:42.0459 AM
[ReportManager] API Action [GetResponseJSONValue] successfully performed. With the following test data [title]. @18-09-2021 01:55:42.0469 AM
[ReportManager] API Action [GetResponseJSONValue] successfully performed. With the following test data [title]. @18-09-2021 01:55:42.0479 AM
[ReportManager] API Action [GetResponseJSONValue] successfully performed. With the following test data [title]. @18-09-2021 01:55:42.0489 AM
[ReportManager] API Action [GetResponseJSONValue] successfully performed. With the following test data [title]. @18-09-2021 01:55:42.0502 AM
[ReportManager] API Action [GetResponseJSONValue] successfully performed. With the following test data [title]. @18-09-2021 01:55:42.0512 AM
[ReportManager] API Action [GetResponseJSONValue] successfully performed. With the following test data [title]. @18-09-2021 01:55:42.0522 AM
[ReportManager] API Action [GetResponseJSONValue] successfully performed. With the following test data [title]. @18-09-2021 01:55:42.0531 AM
[ReportManager] API Action [GetResponseJSONValue] successfully performed. With the following test data [title]. @18-09-2021 01:55:42.0540 AM
[ReportManager] API Action [GetResponseJSONValue] successfully performed. With the following test data [title]. @18-09-2021 01:55:42.0550 AM
[ReportManager] API Action [GetResponseJSONValue] successfully performed. With the following test data [title]. @18-09-2021 01:55:42.0560 AM
[ReportManager] API Action [GetResponseJSONValue] successfully performed. With the following test data [title]. @18-09-2021 01:55:42.0570 AM
[ReportManager] API Action [GetResponseJSONValue] successfully performed. With the following test data [title]. @18-09-2021 01:55:42.0580 AM
[ReportManager] API Action [GetResponseJSONValue] successfully performed. With the following test data [title]. @18-09-2021 01:55:42.0589 AM
[ReportManager] API Action [GetResponseJSONValue] successfully performed. With the following test data [title]. @18-09-2021 01:55:42.0598 AM
[ReportManager] API Action [GetResponseJSONValue] successfully performed. With the following test data [title]. @18-09-2021 01:55:42.0608 AM
[ReportManager] API Action [GetResponseJSONValue] successfully performed. With the following test data [title]. @18-09-2021 01:55:42.0617 AM
[ReportManager] API Action [GetResponseJSONValue] successfully performed. With the following test data [title]. @18-09-2021 01:55:42.0626 AM
[ReportManager] API Action [GetResponseJSONValue] successfully performed. With the following test data [title]. @18-09-2021 01:55:42.0635 AM
[ReportManager] API Action [GetResponseJSONValue] successfully performed. With the following test data [title]. @18-09-2021 01:55:42.0644 AM
[ReportManager] API Action [GetResponseJSONValue] successfully performed. With the following test data [title]. @18-09-2021 01:55:42.0653 AM
[ReportManager] API Action [GetResponseJSONValue] successfully performed. With the following test data [title]. @18-09-2021 01:55:42.0662 AM
[ReportManager] API Action [GetResponseJSONValue] successfully performed. With the following test data [title]. @18-09-2021 01:55:42.0671 AM
[ReportManager] API Action [GetResponseJSONValue] successfully performed. With the following test data [title]. @18-09-2021 01:55:42.0680 AM
[ReportManager] API Action [GetResponseJSONValue] successfully performed. With the following test data [title]. @18-09-2021 01:55:42.0690 AM
[ReportManager] API Action [GetResponseJSONValue] successfully performed. With the following test data [title]. @18-09-2021 01:55:42.0699 AM
[ReportManager] API Action [GetResponseJSONValue] successfully performed. With the following test data [title]. @18-09-2021 01:55:42.0708 AM
[ReportManager] API Action [GetResponseJSONValue] successfully performed. With the following test data [title]. @18-09-2021 01:55:42.0717 AM
[ReportManager] API Action [GetResponseJSONValue] successfully performed. With the following test data [title]. @18-09-2021 01:55:42.0726 AM
[ReportManager] API Action [GetResponseJSONValue] successfully performed. With the following test data [title]. @18-09-2021 01:55:42.0735 AM
[ReportManager] API Action [GetResponseJSONValue] successfully performed. With the following test data [title]. @18-09-2021 01:55:42.0744 AM
[ReportManager] API Action [GetResponseJSONValue] successfully performed. With the following test data [title]. @18-09-2021 01:55:42.0754 AM
[ReportManager] API Action [GetResponseJSONValue] successfully performed. With the following test data [title]. @18-09-2021 01:55:42.0763 AM
[ReportManager] API Action [GetResponseJSONValue] successfully performed. With the following test data [title]. @18-09-2021 01:55:42.0772 AM
[ReportManager] API Action [GetResponseJSONValue] successfully performed. With the following test data [title]. @18-09-2021 01:55:42.0781 AM
[ReportManager] API Action [GetResponseJSONValue] successfully performed. With the following test data [title]. @18-09-2021 01:55:42.0789 AM
[ReportManager] API Action [GetResponseJSONValue] successfully performed. With the following test data [title]. @18-09-2021 01:55:42.0798 AM
[ReportManager] API Action [GetResponseJSONValue] successfully performed. With the following test data [title]. @18-09-2021 01:55:42.0806 AM
[ReportManager] API Action [GetResponseJSONValue] successfully performed. With the following test data [title]. @18-09-2021 01:55:42.0814 AM
[ReportManager] API Action [GetResponseJSONValue] successfully performed. With the following test data [title]. @18-09-2021 01:55:42.0823 AM
[ReportManager] API Action [GetResponseJSONValue] successfully performed. With the following test data [title]. @18-09-2021 01:55:42.0832 AM
[ReportManager] API Action [GetResponseJSONValue] successfully performed. With the following test data [title]. @18-09-2021 01:55:42.0840 AM
[ReportManager] API Action [GetResponseJSONValue] successfully performed. With the following test data [title]. @18-09-2021 01:55:42.0879 AM
[ReportManager] API Action [GetResponseJSONValue] successfully performed. With the following test data [title]. @18-09-2021 01:55:42.0905 AM
[ReportManager] API Action [GetResponseJSONValue] successfully performed. With the following test data [title]. @18-09-2021 01:55:42.0913 AM
[ReportManager] API Action [GetResponseJSONValue] successfully performed. With the following test data [title]. @18-09-2021 01:55:42.0921 AM
[ReportManager] API Action [GetResponseJSONValue] successfully performed. With the following test data [title]. @18-09-2021 01:55:42.0928 AM
[ReportManager] API Action [GetResponseJSONValue] successfully performed. With the following test data [title]. @18-09-2021 01:55:42.0936 AM
[ReportManager] API Action [GetResponseJSONValue] successfully performed. With the following test data [title]. @18-09-2021 01:55:42.0945 AM
[ReportManager] API Action [GetResponseJSONValue] successfully performed. With the following test data [title]. @18-09-2021 01:55:42.0953 AM
[ReportManager] API Action [GetResponseJSONValue] successfully performed. With the following test data [title]. @18-09-2021 01:55:42.0962 AM
[ReportManager] API Action [GetResponseJSONValue] successfully performed. With the following test data [title]. @18-09-2021 01:55:42.0970 AM
[ReportManager] API Action [GetResponseJSONValue] successfully performed. With the following test data [title]. @18-09-2021 01:55:42.0978 AM
[ReportManager] API Action [GetResponseJSONValue] successfully performed. With the following test data [title]. @18-09-2021 01:55:42.0986 AM
[ReportManager] API Action [GetResponseJSONValue] successfully performed. With the following test data [title]. @18-09-2021 01:55:42.0995 AM
[ReportManager] API Action [GetResponseJSONValue] successfully performed. With the following test data [title]. @18-09-2021 01:55:43.0003 AM
[ReportManager] API Action [GetResponseJSONValue] successfully performed. With the following test data [title]. @18-09-2021 01:55:43.0011 AM
[ReportManager] API Action [GetResponseJSONValue] successfully performed. With the following test data [title]. @18-09-2021 01:55:43.0019 AM
[ReportManager] API Action [GetResponseJSONValue] successfully performed. With the following test data [title]. @18-09-2021 01:55:43.0027 AM
[ReportManager] API Action [GetResponseJSONValue] successfully performed. With the following test data [title]. @18-09-2021 01:55:43.0034 AM
[ReportManager] API Action [GetResponseJSONValue] successfully performed. With the following test data [title]. @18-09-2021 01:55:43.0042 AM
[ReportManager] API Action [GetResponseJSONValue] successfully performed. With the following test data [title]. @18-09-2021 01:55:43.0050 AM
[ReportManager] API Action [GetResponseJSONValue] successfully performed. With the following test data [title]. @18-09-2021 01:55:43.0058 AM
[ReportManager] API Action [GetResponseJSONValue] successfully performed. With the following test data [title]. @18-09-2021 01:55:43.0066 AM
[ReportManager] API Action [GetResponseJSONValue] successfully performed. With the following test data [title]. @18-09-2021 01:55:43.0074 AM
[ReportManager] API Action [GetResponseJSONValue] successfully performed. With the following test data [title]. @18-09-2021 01:55:43.0082 AM
[ReportManager] API Action [GetResponseJSONValue] successfully performed. With the following test data [title]. @18-09-2021 01:55:43.0089 AM
[ReportManager] API Action [GetResponseJSONValue] successfully performed. With the following test data [title]. @18-09-2021 01:55:43.0097 AM
[ReportManager] API Action [GetResponseJSONValue] successfully performed. With the following test data [title]. @18-09-2021 01:55:43.0105 AM
[ReportManager] API Action [GetResponseJSONValue] successfully performed. With the following test data [title]. @18-09-2021 01:55:43.0113 AM
[ReportManager] API Action [GetResponseJSONValue] successfully performed. With the following test data [title]. @18-09-2021 01:55:43.0120 AM
[ReportManager] API Action [GetResponseJSONValue] successfully performed. With the following test data [title]. @18-09-2021 01:55:43.0128 AM
[ReportManager] API Action [GetResponseJSONValue] successfully performed. With the following test data [title]. @18-09-2021 01:55:43.0136 AM
[ReportManager] API Action [GetResponseJSONValue] successfully performed. With the following test data [title]. @18-09-2021 01:55:43.0144 AM
[ReportManager] API Action [GetResponseJSONValue] successfully performed. With the following test data [title]. @18-09-2021 01:55:43.0155 AM
[ReportManager] API Action [GetResponseJSONValue] successfully performed. With the following test data [title]. @18-09-2021 01:55:43.0164 AM
[ReportManager] API Action [GetResponseJSONValue] successfully performed. With the following test data [title]. @18-09-2021 01:55:43.0171 AM
[ReportManager] API Action [GetResponseJSONValue] successfully performed. With the following test data [title]. @18-09-2021 01:55:43.0178 AM
[ReportManager] API Action [GetResponseJSONValue] successfully performed. With the following test data [title]. @18-09-2021 01:55:43.0186 AM
[ReportManager] API Action [GetResponseJSONValue] successfully performed. With the following test data [title]. @18-09-2021 01:55:43.0193 AM
[ReportManager] API Action [GetResponseJSONValue] successfully performed. With the following test data [title]. @18-09-2021 01:55:43.0200 AM
[ReportManager] API Action [GetResponseJSONValue] successfully performed. With the following test data [title]. @18-09-2021 01:55:43.0209 A

################################################################################################################################################
Starting Execution:	[48 out of 143] test cases in the current suite
Test Method:		[unitTests.tests_restActions.validateUserEmail]
################################################################################################################################################
[ReportManager] Response status code: [200], status line: [HTTP/1.1 200 OK] @18-09-2021 01:55:43.0290 AM
[ReportManager] Assertion Passed: Evaluating the actual response status code against the expected one... @18-09-2021 01:55:43.0291 AM
[ReportManager] Assertion [ValidateEquals] PASSED. Expected [200] and Actual [200]. Comparison Type [EQUALS]. Validation Type [POSITIVE]. @18-09-2021 01:55:43.0291 AM
[ReportManager] API Action [PerformRequest] successfully performed. With the following test data [Request Type: "GET" | Target Status Code: "200" | Service URL: "https://jsonplaceholder.typicode.com/users" | Content Type: "*/*" | Response Time: "72ms"]. @18-09-2021 01:55:43.0308 AM
[ReportManager] Successfully created attachment [API Request - Specifications] @18-09-2021 01:55:43.0308 AM
[ReportManager] Successfully created attachment [API Response - JSON Body] @18-09-2021 01:55:43.0309 AM
[ReportManager] Assertion [ValidateEquals] PASSED. Expected and Actual values are attached. Comparison Type [CONTAINS]. Validation Type [POSITIVE]. @18-09-2021 01:55:43.0309 AM
[ReportManager] Successfully created attachment [Validation Test Data - Expected Value] @18-09-2021 01:55:43.0309 AM
[ReportManager] Successfully created attachment [Validation Test Data - Actual Value] @18-09-2021 01:55:43.0310 AM
[ReportManager] API Action [GetResponseJSONValueAsList] successfully performed. With the following test data [$]. @18-09-2021 01:55:43.0313 AM
[ReportManager] API Action [GetResponseJSONValue] successfully performed. With the following test data [name]. @18-09-2021 01:55:43.0322 AM
[ReportManager] API Action [GetResponseJSONValue] successfully performed. With the following test data [email]. @18-09-2021 01:55:43.0330 AM
[ReportManager] Assertion [ValidateEquals] PASSED. Expected [Sincere@april.biz] and Actual [Sincere@april.biz]. Comparison Type [EQUALS]. Validation Type [POSITIVE]. @18-09-2021 01:55:43.0330 AM
[ReportManager] API Action [GetResponseJSONValue] successfully performed. With the following test data [name]. @18-09-2021 01:55:43.0339 AM
[ReportManager] API Action [GetResponseJSONValue] successfully performed. With the following test data [name]. @18-09-2021 01:55:43.0346 AM
[ReportManager] API Action [GetResponseJSONValue] successfully performed. With the following test data [name]. @18-09-2021 01:55:43.0354 AM
[ReportManager] API Action [GetResponseJSONValue] successfully performed. With the following test data [name]. @18-09-2021 01:55:43.0362 AM
[ReportManager] API Action [GetResponseJSONValue] successfully performed. With the following test data [name]. @18-09-2021 01:55:43.0370 AM
[ReportManager] API Action [GetResponseJSONValue] successfully performed. With the following test data [name]. @18-09-2021 01:55:43.0400 AM
[ReportManager] API Action [GetResponseJSONValue] successfully performed. With the following test data [name]. @18-09-2021 01:55:43.0426 AM
[ReportManager] API Action [GetResponseJSONValue] successfully performed. With the following test data [name]. @18-09-2021 01:55:43.0433 AM
[ReportManager] API Action [GetResponseJSONValue] successfully performed. With the following test data [name]. @18-09-2021 01:55:43.0442 A
[ReportManager] File Action [GetAbsolutePath] successfully performed. With the following test data [Relative Folder Path: "target/downloadedFiles/"]. @18-09-2021 01:55:43.0445 AM
[ReportManager] Attempting to run remotely on: [Linux-64], [GoogleChrome], [http://localhost:4444/wd/hub], Headless Execution. @18-09-2021 01:55:43.0446 AM
[ReportManager] Successfully Opened [GoogleChrome]. @18-09-2021 01:55:43.0783 A

################################################################################################################################################
Starting Execution:	[49 out of 143] test cases in the current suite
Test Method:		[unitTests.tests_element_elementActions.waitForElementToBePresent_false_expectedToFail]
################################################################################################################################################
[ReportManager] Target URL: [https://www.google.com/ncr], and after redirection: [www.google.com] @18-09-2021 01:55:43.0798 AM
[ReportManager] Initial URL: [data:,] @18-09-2021 01:55:43.0837 AM
[ReportManager] Browser Action [NavigateToURL] successfully performed. With the following test data [https://www.google.com/ncr]. @18-09-2021 01:55:44.0978 AM
[ReportManager] Waiting for element to be present; elementLocator [By.xpath: //*[@id='hplogo' or @alt='Google']], numberOfTries[1], stateOfPresence[false]... @18-09-2021 01:55:44.0983 AM
[ReportManager] Element Action [WaitForElementToBePresent] failed. With the following test data [waited for the element's state of presence to be (false). Element locator (By.xpath: //*[@id='hplogo' or @alt='Google'])]. @18-09-2021 01:55:45.0197 AM
[ReportManager] Successfully created attachment [Screenshot - 1631930145130_waitForElementToBePresent_false_expectedToFail_WaitForElementToBePresent_failed] @18-09-2021 01:55:45.0197 A
[ReportManager] Browser Action [CloseCurrentWindow] successfully performed. @18-09-2021 01:55:45.0317 AM
[ReportManager] Successfully created attachment [Browser Action Test Data - CloseCurrentWindow - Actual Value] @18-09-2021 01:55:45.0318 A
[ReportManager] File Action [GetAbsolutePath] successfully performed. With the following test data [Relative Folder Path: "target/downloadedFiles/"]. @18-09-2021 01:55:45.0321 AM
[ReportManager] Attempting to run remotely on: [Linux-64], [GoogleChrome], [http://localhost:4444/wd/hub], Headless Execution. @18-09-2021 01:55:45.0321 AM
[ReportManager] Successfully Opened [GoogleChrome]. @18-09-2021 01:55:45.0502 A

################################################################################################################################################
Starting Execution:	[50 out of 143] test cases in the current suite
Test Method:		[unitTests.tests_element_elementActions.waitForElementToBePresent_false_expectedToPass]
################################################################################################################################################
[ReportManager] Target URL: [https://www.google.com/ncr], and after redirection: [www.google.com] @18-09-2021 01:55:45.0515 AM
[ReportManager] Initial URL: [data:,] @18-09-2021 01:55:45.0552 AM
[ReportManager] Browser Action [NavigateToURL] successfully performed. With the following test data [https://www.google.com/ncr]. @18-09-2021 01:55:46.0697 AM
[ReportManager] Waiting for element to be present; elementLocator [By.id: bla], numberOfTries[1], stateOfPresence[false]... @18-09-2021 01:55:46.0698 AM
[ReportManager] Element Action [WaitForElementToBePresent] successfully performed. With the following test data [waited for the element's state of presence to be (false). Element locator (By.id: bla)]. @18-09-2021 01:55:51.0812 A
[ReportManager] Browser Action [CloseCurrentWindow] successfully performed. @18-09-2021 01:55:51.0952 AM
[ReportManager] Successfully created attachment [Browser Action Test Data - CloseCurrentWindow - Actual Value] @18-09-2021 01:55:51.0952 A
[ReportManager] File Action [GetAbsolutePath] successfully performed. With the following test data [Relative Folder Path: "target/downloadedFiles/"]. @18-09-2021 01:55:51.0955 AM
[ReportManager] Attempting to run remotely on: [Linux-64], [GoogleChrome], [http://localhost:4444/wd/hub], Headless Execution. @18-09-2021 01:55:51.0955 AM
[ReportManager] Successfully Opened [GoogleChrome]. @18-09-2021 01:55:52.0150 A

################################################################################################################################################
Starting Execution:	[51 out of 143] test cases in the current suite
Test Method:		[unitTests.tests_element_elementActions.waitForElementToBePresent_moreThanOneElement_expectedToFail]
################################################################################################################################################
[ReportManager] Target URL: [https://www.google.com/ncr], and after redirection: [www.google.com] @18-09-2021 01:55:52.0165 AM
[ReportManager] Initial URL: [data:,] @18-09-2021 01:55:52.0209 AM
[ReportManager] Browser Action [NavigateToURL] successfully performed. With the following test data [https://www.google.com/ncr]. @18-09-2021 01:55:53.0242 AM
[ReportManager] Waiting for element to be present; elementLocator [By.xpath: //*], numberOfTries[1], stateOfPresence[false]... @18-09-2021 01:55:53.0242 AM
[ReportManager] Element Action [WaitForElementToBePresent] failed. With the following test data [waited for the element's state of presence to be (false). Element locator (By.xpath: //*)]. @18-09-2021 01:55:53.0494 AM
[ReportManager] Successfully created attachment [Screenshot - 1631930153430_waitForElementToBePresent_moreThanOneElement_expectedToFail_WaitForElementToBePresent_failed] @18-09-2021 01:55:53.0495 A
[ReportManager] Browser Action [CloseCurrentWindow] successfully performed. @18-09-2021 01:55:53.0625 AM
[ReportManager] Successfully created attachment [Browser Action Test Data - CloseCurrentWindow - Actual Value] @18-09-2021 01:55:53.0626 A
[ReportManager] File Action [GetAbsolutePath] successfully performed. With the following test data [Relative Folder Path: "target/downloadedFiles/"]. @18-09-2021 01:55:53.0629 AM
[ReportManager] Attempting to run remotely on: [Linux-64], [GoogleChrome], [http://localhost:4444/wd/hub], Headless Execution. @18-09-2021 01:55:53.0629 AM
[ReportManager] Successfully Opened [GoogleChrome]. @18-09-2021 01:55:53.0844 A

################################################################################################################################################
Starting Execution:	[52 out of 143] test cases in the current suite
Test Method:		[unitTests.tests_element_elementActions.waitForElementToBePresent_true_expectedToFail]
################################################################################################################################################
[ReportManager] Target URL: [https://www.google.com/ncr], and after redirection: [www.google.com] @18-09-2021 01:55:53.0862 AM
[ReportManager] Initial URL: [data:,] @18-09-2021 01:55:53.0898 AM
[ReportManager] Browser Action [NavigateToURL] successfully performed. With the following test data [https://www.google.com/ncr]. @18-09-2021 01:55:55.0008 AM
[ReportManager] Waiting for element to be present; elementLocator [By.id: bla], numberOfTries[1], stateOfPresence[true]... @18-09-2021 01:55:55.0009 AM
[ReportManager] Element Action [WaitForElementToBePresent] failed. With the following test data [waited for the element's state of presence to be (true). Element locator (By.id: bla)]. @18-09-2021 01:56:00.0294 AM
[ReportManager] Successfully created attachment [Screenshot - 1631930160212_waitForElementToBePresent_true_expectedToFail_WaitForElementToBePresent_failed] @18-09-2021 01:56:00.0295 A
[ReportManager] Browser Action [CloseCurrentWindow] successfully performed. @18-09-2021 01:56:00.0413 AM
[ReportManager] Successfully created attachment [Browser Action Test Data - CloseCurrentWindow - Actual Value] @18-09-2021 01:56:00.0414 A
[ReportManager] File Action [GetAbsolutePath] successfully performed. With the following test data [Relative Folder Path: "target/downloadedFiles/"]. @18-09-2021 01:56:00.0417 AM
[ReportManager] Attempting to run remotely on: [Linux-64], [GoogleChrome], [http://localhost:4444/wd/hub], Headless Execution. @18-09-2021 01:56:00.0417 AM
[ReportManager] Successfully Opened [GoogleChrome]. @18-09-2021 01:56:00.0602 A

################################################################################################################################################
Starting Execution:	[53 out of 143] test cases in the current suite
Test Method:		[unitTests.tests_element_elementActions.waitForElementToBePresent_true_expectedToPass]
################################################################################################################################################
[ReportManager] Target URL: [https://www.google.com/ncr], and after redirection: [www.google.com] @18-09-2021 01:56:00.0614 AM
[ReportManager] Initial URL: [data:,] @18-09-2021 01:56:00.0664 AM
[ReportManager] Browser Action [NavigateToURL] successfully performed. With the following test data [https://www.google.com/ncr]. @18-09-2021 01:56:01.0687 AM
[ReportManager] Waiting for element to be present; elementLocator [By.xpath: //*[@id='hplogo' or @alt='Google']], numberOfTries[1], stateOfPresence[true]... @18-09-2021 01:56:01.0687 AM
[ReportManager] Element Action [WaitForElementToBePresent] successfully performed. With the following test data [waited for the element's state of presence to be (true). Element locator (By.xpath: //*[@id='hplogo' or @alt='Google'])]. @18-09-2021 01:56:01.0735 AM
[ReportManager] File Action [DoesFileExist] successfully performed. With the following test data [File Path: "src/test/resources/DynamicObjectRepository/unitTests_tests_element_elementActions_waitForElementToBePresent_true_expectedToPass_By_xpath_id_hplogo_or_alt_Google.png"]. @18-09-2021 01:56:01.0739 AM
[ReportManager] File Action [DoesFileExist] successfully performed. With the following test data [File Path: "src/test/resources/DynamicObjectRepository/unitTests_tests_element_elementActions_waitForElementToBePresent_true_expectedToPass_By_xpath_id_hplogo_or_alt_Google.png"]. @18-09-2021 01:56:01.0895 AM
[ReportManager] Passing the test and saving a reference image @18-09-2021 01:56:01.0895 AM
[ReportManager] File Action [GetAbsolutePath] successfully performed. With the following test data [Relative File Path: "src/test/resources/DynamicObjectRepository/unitTests_tests_element_elementActions_waitForElementToBePresent_true_expectedToPass_By_xpath_id_hplogo_or_alt_Google.png"]. @18-09-2021 01:56:01.0896 AM
[ReportManager] File Action [WriteToFile] successfully performed. With the following test data [Target File Path: "/home/runner/work/SHAFT_ENGINE/SHAFT_ENGINE/src/test/resources/DynamicObjectRepository/unitTests_tests_element_elementActions_waitForElementToBePresent_true_expectedToPass_By_xpath_id_hplogo_or_alt_Google.png"]. @18-09-2021 01:56:01.0900 AM
[ReportManager] Assertion Passed: Using Visual AI; OpenCV @18-09-2021 01:56:01.0900 AM
[ReportManager] Successfully created attachment [Validation Test Data - Actual Screenshot] @18-09-2021 01:56:01.0901 AM
[ReportManager] Assertion [ValidateElementMatches] PASSED. Expected [Element should match the reference screenshot] and Actual [TRUE]. Comparison Type [EXACT_OPENCV]. Validation Type [POSITIVE]. @18-09-2021 01:56:01.0901 A
[ReportManager] Browser Action [CloseCurrentWindow] successfully performed. @18-09-2021 01:56:02.0038 AM
[ReportManager] Successfully created attachment [Browser Action Test Data - CloseCurrentWindow - Actual Value] @18-09-2021 01:56:02.0039 A
[ReportManager] File Action [GetAbsolutePath] successfully performed. With the following test data [Relative Folder Path: "target/downloadedFiles/"]. @18-09-2021 01:56:02.0045 AM
[ReportManager] Attempting to run remotely on: [Linux-64], [GoogleChrome], [http://localhost:4444/wd/hub], Headless Execution. @18-09-2021 01:56:02.0047 AM
[ReportManager] Successfully Opened [GoogleChrome]. @18-09-2021 01:56:02.0294 AM
[ReportManager] Target URL: [https://duckduckgo.com] @18-09-2021 01:56:02.0305 AM
[ReportManager] Initial URL: [data:,] @18-09-2021 01:56:02.0341 AM
[ReportManager] Browser Action [NavigateToURL] successfully performed. With the following test data [https://duckduckgo.com]. @18-09-2021 01:56:02.0963 A

################################################################################################################################################
Starting Execution:	[54 out of 143] test cases in the current suite
Test Method:		[unitTests.tests_browserActions.fullScreenWindow]
################################################################################################################################################
[ReportManager] Initial Windows Size: 800x600 @18-09-2021 01:56:02.0976 AM
[ReportManager] Initial window size: (800, 600) @18-09-2021 01:56:02.0978 AM
[ReportManager] Window size after Toolkit: (1920, 1080) @18-09-2021 01:56:03.0213 AM
[ReportManager] Browser Action [MaximizeWindow] successfully performed. With the following test data [New screen size is now: (1920, 1080)]. @18-09-2021 01:56:03.0216 AM
[ReportManager] Current Windows Size after fullScreen: 1920x1080 @18-09-2021 01:56:03.0219 AM
[ReportManager] Browser Action [FullScreenWindow] successfully performed. @18-09-2021 01:56:03.0235 AM
[ReportManager] Successfully created attachment [Browser Action Test Data - FullScreenWindow - Actual Value] @18-09-2021 01:56:03.0237 A
[ReportManager] Target URL: [https://duckduckgo.com] @18-09-2021 01:56:03.0242 AM
[ReportManager] Initial URL: [https://duckduckgo.com] @18-09-2021 01:56:03.0292 AM
[ReportManager] Browser Action [NavigateToURL] successfully performed. With the following test data [https://duckduckgo.com]. @18-09-2021 01:56:03.0658 AM
[ReportManager] Browser Action [CloseCurrentWindow] successfully performed. @18-09-2021 01:56:03.0756 AM
[ReportManager] Successfully created attachment [Browser Action Test Data - CloseCurrentWindow - Actual Value] @18-09-2021 01:56:03.0758 A
[ReportManager] File Action [GetAbsolutePath] successfully performed. With the following test data [Relative Folder Path: "target/downloadedFiles/"]. @18-09-2021 01:56:03.0760 AM
[ReportManager] Attempting to run remotely on: [Linux-64], [GoogleChrome], [http://localhost:4444/wd/hub], Headless Execution. @18-09-2021 01:56:03.0760 AM
[ReportManager] Successfully Opened [GoogleChrome]. @18-09-2021 01:56:03.0946 AM
[ReportManager] Target URL: [https://duckduckgo.com] @18-09-2021 01:56:03.0958 AM
[ReportManager] Initial URL: [data:,] @18-09-2021 01:56:03.0993 AM
[ReportManager] Browser Action [NavigateToURL] successfully performed. With the following test data [https://duckduckgo.com]. @18-09-2021 01:56:04.0617 A

################################################################################################################################################
Starting Execution:	[55 out of 143] test cases in the current suite
Test Method:		[unitTests.tests_browserActions.getCurrentURL]
################################################################################################################################################
[ReportManager] Browser Action [GetCurrentURL] successfully performed. With the following test data [https://duckduckgo.com/]. @18-09-2021 01:56:04.0677 A
[ReportManager] Target URL: [https://duckduckgo.com] @18-09-2021 01:56:04.0680 AM
[ReportManager] Initial URL: [https://duckduckgo.com] @18-09-2021 01:56:04.0732 AM
[ReportManager] Browser Action [NavigateToURL] successfully performed. With the following test data [https://duckduckgo.com]. @18-09-2021 01:56:05.0128 AM
[ReportManager] Browser Action [CloseCurrentWindow] successfully performed. @18-09-2021 01:56:05.0224 AM
[ReportManager] Successfully created attachment [Browser Action Test Data - CloseCurrentWindow - Actual Value] @18-09-2021 01:56:05.0225 A
[ReportManager] File Action [GetAbsolutePath] successfully performed. With the following test data [Relative Folder Path: "target/downloadedFiles/"]. @18-09-2021 01:56:05.0227 AM
[ReportManager] Attempting to run remotely on: [Linux-64], [GoogleChrome], [http://localhost:4444/wd/hub], Headless Execution. @18-09-2021 01:56:05.0227 AM
[ReportManager] Successfully Opened [GoogleChrome]. @18-09-2021 01:56:05.0435 AM
[ReportManager] Target URL: [https://duckduckgo.com] @18-09-2021 01:56:05.0452 AM
[ReportManager] Initial URL: [data:,] @18-09-2021 01:56:05.0498 AM
[ReportManager] Browser Action [NavigateToURL] successfully performed. With the following test data [https://duckduckgo.com]. @18-09-2021 01:56:06.0238 A

################################################################################################################################################
Starting Execution:	[56 out of 143] test cases in the current suite
Test Method:		[unitTests.tests_browserActions.getCurrentWindowTitle]
################################################################################################################################################
[ReportManager] Browser Action [GetCurrentWindowTitle] successfully performed. With the following test data [DuckDuckGo  Privacy, simplified.]. @18-09-2021 01:56:06.0277 A
[ReportManager] Target URL: [https://duckduckgo.com] @18-09-2021 01:56:06.0286 AM
[ReportManager] Initial URL: [https://duckduckgo.com] @18-09-2021 01:56:06.0338 AM
[ReportManager] Browser Action [NavigateToURL] successfully performed. With the following test data [https://duckduckgo.com]. @18-09-2021 01:56:06.0687 AM
[ReportManager] Browser Action [CloseCurrentWindow] successfully performed. @18-09-2021 01:56:06.0790 AM
[ReportManager] Successfully created attachment [Browser Action Test Data - CloseCurrentWindow - Actual Value] @18-09-2021 01:56:06.0791 A
[ReportManager] File Action [GetAbsolutePath] successfully performed. With the following test data [Relative Folder Path: "target/downloadedFiles/"]. @18-09-2021 01:56:06.0793 AM
[ReportManager] Attempting to run remotely on: [Linux-64], [GoogleChrome], [http://localhost:4444/wd/hub], Headless Execution. @18-09-2021 01:56:06.0794 AM
[ReportManager] Successfully Opened [GoogleChrome]. @18-09-2021 01:56:07.0079 AM
[ReportManager] Target URL: [https://duckduckgo.com] @18-09-2021 01:56:07.0094 AM
[ReportManager] Initial URL: [data:,] @18-09-2021 01:56:07.0129 AM
[ReportManager] Browser Action [NavigateToURL] successfully performed. With the following test data [https://duckduckgo.com]. @18-09-2021 01:56:07.0851 A

################################################################################################################################################
Starting Execution:	[57 out of 143] test cases in the current suite
Test Method:		[unitTests.tests_browserActions.getPageSource]
################################################################################################################################################
[ReportManager] Browser Action [GetPageSource] successfully performed. @18-09-2021 01:56:07.0899 AM
[ReportManager] Successfully created attachment [Browser Action Test Data - GetPageSource - Actual Value] @18-09-2021 01:56:07.0899 A
[ReportManager] Target URL: [https://duckduckgo.com] @18-09-2021 01:56:07.0902 AM
[ReportManager] Initial URL: [https://duckduckgo.com] @18-09-2021 01:56:07.0961 AM
[ReportManager] Browser Action [NavigateToURL] successfully performed. With the following test data [https://duckduckgo.com]. @18-09-2021 01:56:08.0305 AM
[ReportManager] Browser Action [CloseCurrentWindow] successfully performed. @18-09-2021 01:56:08.0416 AM
[ReportManager] Successfully created attachment [Browser Action Test Data - CloseCurrentWindow - Actual Value] @18-09-2021 01:56:08.0417 A
[ReportManager] File Action [GetAbsolutePath] successfully performed. With the following test data [Relative Folder Path: "target/downloadedFiles/"]. @18-09-2021 01:56:08.0419 AM
[ReportManager] Attempting to run remotely on: [Linux-64], [GoogleChrome], [http://localhost:4444/wd/hub], Headless Execution. @18-09-2021 01:56:08.0419 AM
[ReportManager] Successfully Opened [GoogleChrome]. @18-09-2021 01:56:08.0685 AM
[ReportManager] Target URL: [https://duckduckgo.com] @18-09-2021 01:56:08.0696 AM
[ReportManager] Initial URL: [data:,] @18-09-2021 01:56:08.0734 AM
[ReportManager] Browser Action [NavigateToURL] successfully performed. With the following test data [https://duckduckgo.com]. @18-09-2021 01:56:09.0352 A

################################################################################################################################################
Starting Execution:	[58 out of 143] test cases in the current suite
Test Method:		[unitTests.tests_browserActions.getWindowHandle]
################################################################################################################################################
[ReportManager] Browser Action [GetWindowHandle] successfully performed. With the following test data [CDwindow-06D39969392982E48C935343302A8899]. @18-09-2021 01:56:09.0388 A
[ReportManager] Target URL: [https://duckduckgo.com] @18-09-2021 01:56:09.0390 AM
[ReportManager] Initial URL: [https://duckduckgo.com] @18-09-2021 01:56:09.0445 AM
[ReportManager] Browser Action [NavigateToURL] successfully performed. With the following test data [https://duckduckgo.com]. @18-09-2021 01:56:09.0750 AM
[ReportManager] Browser Action [CloseCurrentWindow] successfully performed. @18-09-2021 01:56:09.0849 AM
[ReportManager] Successfully created attachment [Browser Action Test Data - CloseCurrentWindow - Actual Value] @18-09-2021 01:56:09.0850 A
[ReportManager] File Action [GetAbsolutePath] successfully performed. With the following test data [Relative Folder Path: "target/downloadedFiles/"]. @18-09-2021 01:56:09.0858 AM
[ReportManager] Attempting to run remotely on: [Linux-64], [GoogleChrome], [http://localhost:4444/wd/hub], Headless Execution. @18-09-2021 01:56:09.0858 AM
[ReportManager] Successfully Opened [GoogleChrome]. @18-09-2021 01:56:10.0118 AM
[ReportManager] Target URL: [https://duckduckgo.com] @18-09-2021 01:56:10.0135 AM
[ReportManager] Initial URL: [data:,] @18-09-2021 01:56:10.0172 AM
[ReportManager] Browser Action [NavigateToURL] successfully performed. With the following test data [https://duckduckgo.com]. @18-09-2021 01:56:10.0770 A

################################################################################################################################################
Starting Execution:	[59 out of 143] test cases in the current suite
Test Method:		[unitTests.tests_browserActions.getWindowPosition]
################################################################################################################################################
[ReportManager] Browser Action [GetWindowPosition] successfully performed. With the following test data [(0, 0)]. @18-09-2021 01:56:10.0809 A
[ReportManager] Target URL: [https://duckduckgo.com] @18-09-2021 01:56:10.0811 AM
[ReportManager] Initial URL: [https://duckduckgo.com] @18-09-2021 01:56:10.0863 AM
[ReportManager] Browser Action [NavigateToURL] successfully performed. With the following test data [https://duckduckgo.com]. @18-09-2021 01:56:11.0179 AM
[ReportManager] Browser Action [CloseCurrentWindow] successfully performed. @18-09-2021 01:56:11.0281 AM
[ReportManager] Successfully created attachment [Browser Action Test Data - CloseCurrentWindow - Actual Value] @18-09-2021 01:56:11.0282 A
[ReportManager] File Action [GetAbsolutePath] successfully performed. With the following test data [Relative Folder Path: "target/downloadedFiles/"]. @18-09-2021 01:56:11.0284 AM
[ReportManager] Attempting to run remotely on: [Linux-64], [GoogleChrome], [http://localhost:4444/wd/hub], Headless Execution. @18-09-2021 01:56:11.0284 AM
[ReportManager] Successfully Opened [GoogleChrome]. @18-09-2021 01:56:11.0478 AM
[ReportManager] Target URL: [https://duckduckgo.com] @18-09-2021 01:56:11.0490 AM
[ReportManager] Initial URL: [data:,] @18-09-2021 01:56:11.0530 AM
[ReportManager] Browser Action [NavigateToURL] successfully performed. With the following test data [https://duckduckgo.com]. @18-09-2021 01:56:12.0168 A

################################################################################################################################################
Starting Execution:	[60 out of 143] test cases in the current suite
Test Method:		[unitTests.tests_browserActions.getWindowSize]
################################################################################################################################################
[ReportManager] Browser Action [GetWindowSize] successfully performed. With the following test data [(800, 600)]. @18-09-2021 01:56:12.0203 A
[ReportManager] Target URL: [https://duckduckgo.com] @18-09-2021 01:56:12.0205 AM
[ReportManager] Initial URL: [https://duckduckgo.com] @18-09-2021 01:56:12.0255 AM
[ReportManager] Browser Action [NavigateToURL] successfully performed. With the following test data [https://duckduckgo.com]. @18-09-2021 01:56:12.0564 AM
[ReportManager] Browser Action [CloseCurrentWindow] successfully performed. @18-09-2021 01:56:12.0657 AM
[ReportManager] Successfully created attachment [Browser Action Test Data - CloseCurrentWindow - Actual Value] @18-09-2021 01:56:12.0657 A
[ReportManager] File Action [GetAbsolutePath] successfully performed. With the following test data [Relative Folder Path: "target/downloadedFiles/"]. @18-09-2021 01:56:12.0660 AM
[ReportManager] Attempting to run remotely on: [Linux-64], [GoogleChrome], [http://localhost:4444/wd/hub], Headless Execution. @18-09-2021 01:56:12.0660 AM
[ReportManager] Successfully Opened [GoogleChrome]. @18-09-2021 01:56:12.0857 AM
[ReportManager] Target URL: [https://duckduckgo.com] @18-09-2021 01:56:12.0879 AM
[ReportManager] Initial URL: [data:,] @18-09-2021 01:56:12.0919 AM
[ReportManager] Browser Action [NavigateToURL] successfully performed. With the following test data [https://duckduckgo.com]. @18-09-2021 01:56:13.0520 A

################################################################################################################################################
Starting Execution:	[61 out of 143] test cases in the current suite
Test Method:		[unitTests.tests_browserActions.maximizeWindow]
################################################################################################################################################
[ReportManager] Initial window size: (800, 600) @18-09-2021 01:56:13.0528 AM
[ReportManager] Window size after Toolkit: (1920, 1080) @18-09-2021 01:56:13.0750 AM
[ReportManager] Browser Action [MaximizeWindow] successfully performed. With the following test data [New screen size is now: (1920, 1080)]. @18-09-2021 01:56:13.0753 A
[ReportManager] Target URL: [https://duckduckgo.com] @18-09-2021 01:56:13.0757 AM
[ReportManager] Initial URL: [https://duckduckgo.com] @18-09-2021 01:56:13.0825 AM
[ReportManager] Browser Action [NavigateToURL] successfully performed. With the following test data [https://duckduckgo.com]. @18-09-2021 01:56:14.0154 AM
[ReportManager] Browser Action [CloseCurrentWindow] successfully performed. @18-09-2021 01:56:14.0252 AM
[ReportManager] Successfully created attachment [Browser Action Test Data - CloseCurrentWindow - Actual Value] @18-09-2021 01:56:14.0253 A
[ReportManager] File Action [GetAbsolutePath] successfully performed. With the following test data [Relative Folder Path: "target/downloadedFiles/"]. @18-09-2021 01:56:14.0255 AM
[ReportManager] Attempting to run remotely on: [Linux-64], [GoogleChrome], [http://localhost:4444/wd/hub], Headless Execution. @18-09-2021 01:56:14.0255 AM
[ReportManager] Successfully Opened [GoogleChrome]. @18-09-2021 01:56:14.0480 AM
[ReportManager] Target URL: [https://duckduckgo.com] @18-09-2021 01:56:14.0491 AM
[ReportManager] Initial URL: [data:,] @18-09-2021 01:56:14.0529 AM
[ReportManager] Browser Action [NavigateToURL] successfully performed. With the following test data [https://duckduckgo.com]. @18-09-2021 01:56:15.0122 A

################################################################################################################################################
Starting Execution:	[62 out of 143] test cases in the current suite
Test Method:		[unitTests.tests_browserActions.navigateBack]
################################################################################################################################################
[ReportManager] Target URL: [https://www.google.com/ncr], and after redirection: [https://www.google.com] @18-09-2021 01:56:15.0129 AM
[ReportManager] Initial URL: [https://duckduckgo.com] @18-09-2021 01:56:15.0209 AM
[ReportManager] Browser Action [NavigateToURL] successfully performed. With the following test data [https://www.google.com/ncr]. @18-09-2021 01:56:16.0247 AM
[ReportManager] Browser Action [NavigateBack] successfully performed. With the following test data [https://duckduckgo.com/]. @18-09-2021 01:56:16.0598 AM
[ReportManager] Browser Action [GetCurrentURL] successfully performed. With the following test data [https://duckduckgo.com/]. @18-09-2021 01:56:16.0635 AM
[ReportManager] Assertion Passed: Confirming that navigating back was successful @18-09-2021 01:56:16.0777 AM
[ReportManager] Successfully created attachment [Screenshot - 1631930176712_navigateBack_ValidateBrowserAttribute_passed] @18-09-2021 01:56:16.0777 AM
[ReportManager] Assertion [ValidateBrowserAttribute] PASSED. Expected [Value Should be 'https://duckduckgo.com' for the 'CurrentUrl' attribute] and Actual [https://duckduckgo.com/]. Comparison Type [CONTAINS]. Validation Type [POSITIVE]. @18-09-2021 01:56:16.0777 A
[ReportManager] Target URL: [https://duckduckgo.com] @18-09-2021 01:56:16.0779 AM
[ReportManager] Initial URL: [https://duckduckgo.com] @18-09-2021 01:56:16.0846 AM
[ReportManager] Browser Action [NavigateToURL] successfully performed. With the following test data [https://duckduckgo.com]. @18-09-2021 01:56:17.0218 AM
[ReportManager] Browser Action [CloseCurrentWindow] successfully performed. @18-09-2021 01:56:17.0317 AM
[ReportManager] Successfully created attachment [Browser Action Test Data - CloseCurrentWindow - Actual Value] @18-09-2021 01:56:17.0317 A
[ReportManager] File Action [GetAbsolutePath] successfully performed. With the following test data [Relative Folder Path: "target/downloadedFiles/"]. @18-09-2021 01:56:17.0319 AM
[ReportManager] Attempting to run remotely on: [Linux-64], [GoogleChrome], [http://localhost:4444/wd/hub], Headless Execution. @18-09-2021 01:56:17.0319 AM
[ReportManager] Successfully Opened [GoogleChrome]. @18-09-2021 01:56:17.0501 AM
[ReportManager] Target URL: [https://duckduckgo.com] @18-09-2021 01:56:17.0511 AM
[ReportManager] Initial URL: [data:,] @18-09-2021 01:56:17.0551 AM
[ReportManager] Browser Action [NavigateToURL] successfully performed. With the following test data [https://duckduckgo.com]. @18-09-2021 01:56:18.0159 A

################################################################################################################################################
Starting Execution:	[63 out of 143] test cases in the current suite
Test Method:		[unitTests.tests_browserActions.navigateForward]
################################################################################################################################################
[ReportManager] Target URL: [https://www.google.com/ncr], and after redirection: [https://www.google.com] @18-09-2021 01:56:18.0165 AM
[ReportManager] Initial URL: [https://duckduckgo.com] @18-09-2021 01:56:18.0221 AM
[ReportManager] Browser Action [NavigateToURL] successfully performed. With the following test data [https://www.google.com/ncr]. @18-09-2021 01:56:22.0034 AM
[ReportManager] Browser Action [NavigateBack] successfully performed. With the following test data [https://duckduckgo.com/]. @18-09-2021 01:56:22.0421 AM
[ReportManager] Browser Action [NavigateForward] successfully performed. With the following test data [https://www.google.com/]. @18-09-2021 01:56:22.0820 A
[ReportManager] Target URL: [https://duckduckgo.com] @18-09-2021 01:56:22.0824 AM
[ReportManager] Initial URL: [https://www.google.com] @18-09-2021 01:56:22.0899 AM
[ReportManager] Browser Action [NavigateToURL] successfully performed. With the following test data [https://duckduckgo.com]. @18-09-2021 01:56:23.0359 AM
[ReportManager] Browser Action [CloseCurrentWindow] successfully performed. @18-09-2021 01:56:23.0455 AM
[ReportManager] Successfully created attachment [Browser Action Test Data - CloseCurrentWindow - Actual Value] @18-09-2021 01:56:23.0456 A
[ReportManager] File Action [GetAbsolutePath] successfully performed. With the following test data [Relative Folder Path: "target/downloadedFiles/"]. @18-09-2021 01:56:23.0459 AM
[ReportManager] Attempting to run remotely on: [Linux-64], [GoogleChrome], [http://localhost:4444/wd/hub], Headless Execution. @18-09-2021 01:56:23.0459 AM
[ReportManager] Successfully Opened [GoogleChrome]. @18-09-2021 01:56:23.0659 AM
[ReportManager] Target URL: [https://duckduckgo.com] @18-09-2021 01:56:23.0669 AM
[ReportManager] Initial URL: [data:,] @18-09-2021 01:56:23.0705 AM
[ReportManager] Browser Action [NavigateToURL] successfully performed. With the following test data [https://duckduckgo.com]. @18-09-2021 01:56:24.0353 A

################################################################################################################################################
Starting Execution:	[64 out of 143] test cases in the current suite
Test Method:		[unitTests.tests_browserActions.navigateToURL]
################################################################################################################################################
[ReportManager] Target URL: [https://duckduckgo.com] @18-09-2021 01:56:24.0361 AM
[ReportManager] Initial URL: [https://duckduckgo.com] @18-09-2021 01:56:24.0412 AM
[ReportManager] Browser Action [NavigateToURL] successfully performed. With the following test data [https://duckduckgo.com]. @18-09-2021 01:56:24.0743 A
[ReportManager] Target URL: [https://duckduckgo.com] @18-09-2021 01:56:24.0747 AM
[ReportManager] Initial URL: [https://duckduckgo.com] @18-09-2021 01:56:24.0798 AM
[ReportManager] Browser Action [NavigateToURL] successfully performed. With the following test data [https://duckduckgo.com]. @18-09-2021 01:56:25.0098 AM
[ReportManager] Browser Action [CloseCurrentWindow] successfully performed. @18-09-2021 01:56:25.0200 AM
[ReportManager] Successfully created attachment [Browser Action Test Data - CloseCurrentWindow - Actual Value] @18-09-2021 01:56:25.0201 A
[ReportManager] File Action [GetAbsolutePath] successfully performed. With the following test data [Relative Folder Path: "target/downloadedFiles/"]. @18-09-2021 01:56:25.0203 AM
[ReportManager] Attempting to run remotely on: [Linux-64], [GoogleChrome], [http://localhost:4444/wd/hub], Headless Execution. @18-09-2021 01:56:25.0203 AM
[ReportManager] Successfully Opened [GoogleChrome]. @18-09-2021 01:56:25.0386 AM
[ReportManager] Target URL: [https://duckduckgo.com] @18-09-2021 01:56:25.0396 AM
[ReportManager] Initial URL: [data:,] @18-09-2021 01:56:25.0435 AM
[ReportManager] Browser Action [NavigateToURL] successfully performed. With the following test data [https://duckduckgo.com]. @18-09-2021 01:56:26.0026 A

################################################################################################################################################
Starting Execution:	[65 out of 143] test cases in the current suite
Test Method:		[unitTests.tests_browserActions.navigateToURLWithRedirection]
################################################################################################################################################
[ReportManager] Target URL: [https://www.google.com/ncr], and after redirection: [https://www.google.com] @18-09-2021 01:56:26.0029 AM
[ReportManager] Initial URL: [https://duckduckgo.com] @18-09-2021 01:56:26.0086 AM
[ReportManager] Browser Action [NavigateToURL] successfully performed. With the following test data [https://www.google.com/ncr]. @18-09-2021 01:56:27.0124 A
[ReportManager] Target URL: [https://duckduckgo.com] @18-09-2021 01:56:27.0125 AM
[ReportManager] Initial URL: [https://www.google.com] @18-09-2021 01:56:27.0203 AM
[ReportManager] Browser Action [NavigateToURL] successfully performed. With the following test data [https://duckduckgo.com]. @18-09-2021 01:56:27.0666 AM
[ReportManager] Browser Action [CloseCurrentWindow] successfully performed. @18-09-2021 01:56:27.0759 AM
[ReportManager] Successfully created attachment [Browser Action Test Data - CloseCurrentWindow - Actual Value] @18-09-2021 01:56:27.0760 A
[ReportManager] File Action [GetAbsolutePath] successfully performed. With the following test data [Relative Folder Path: "target/downloadedFiles/"]. @18-09-2021 01:56:27.0762 AM
[ReportManager] Attempting to run remotely on: [Linux-64], [GoogleChrome], [http://localhost:4444/wd/hub], Headless Execution. @18-09-2021 01:56:27.0762 AM
[ReportManager] Successfully Opened [GoogleChrome]. @18-09-2021 01:56:27.0971 AM
[ReportManager] Target URL: [https://duckduckgo.com] @18-09-2021 01:56:27.0981 AM
[ReportManager] Initial URL: [data:,] @18-09-2021 01:56:28.0017 AM
[ReportManager] Browser Action [NavigateToURL] successfully performed. With the following test data [https://duckduckgo.com]. @18-09-2021 01:56:28.0595 A

################################################################################################################################################
Starting Execution:	[66 out of 143] test cases in the current suite
Test Method:		[unitTests.tests_browserActions.refreshCurrentPage]
################################################################################################################################################
[ReportManager] Browser Action [RefreshCurrentPage] successfully performed. @18-09-2021 01:56:28.0802 AM
[ReportManager] Successfully created attachment [Browser Action Test Data - RefreshCurrentPage - Actual Value] @18-09-2021 01:56:28.0803 A
[ReportManager] Target URL: [https://duckduckgo.com] @18-09-2021 01:56:28.0805 AM
[ReportManager] Initial URL: [https://duckduckgo.com] @18-09-2021 01:56:28.0865 AM
[ReportManager] Browser Action [NavigateToURL] successfully performed. With the following test data [https://duckduckgo.com]. @18-09-2021 01:56:29.0165 AM
[ReportManager] Browser Action [CloseCurrentWindow] successfully performed. @18-09-2021 01:56:29.0264 AM
[ReportManager] Successfully created attachment [Browser Action Test Data - CloseCurrentWindow - Actual Value] @18-09-2021 01:56:29.0264 A
[ReportManager] File Action [GetAbsolutePath] successfully performed. With the following test data [Relative Folder Path: "target/downloadedFiles/"]. @18-09-2021 01:56:29.0266 AM
[ReportManager] Attempting to run remotely on: [Linux-64], [GoogleChrome], [http://localhost:4444/wd/hub], Headless Execution. @18-09-2021 01:56:29.0266 AM
[ReportManager] Successfully Opened [GoogleChrome]. @18-09-2021 01:56:29.0462 AM
[ReportManager] Target URL: [https://duckduckgo.com] @18-09-2021 01:56:29.0471 AM
[ReportManager] Initial URL: [data:,] @18-09-2021 01:56:29.0513 AM
[ReportManager] Browser Action [NavigateToURL] successfully performed. With the following test data [https://duckduckgo.com]. @18-09-2021 01:56:30.0105 A

################################################################################################################################################
Starting Execution:	[67 out of 143] test cases in the current suite
Test Method:		[unitTests.tests_browserActions.setWindowSize]
################################################################################################################################################
[ReportManager] Initial window size: (800, 600) @18-09-2021 01:56:30.0114 AM
[ReportManager] Window size after SWD: (1280, 720) @18-09-2021 01:56:30.0332 AM
[ReportManager] Browser Action [SetWindowSize] successfully performed. With the following test data [New screen size is now: (1280, 720)]. @18-09-2021 01:56:30.0332 A
[ReportManager] Target URL: [https://duckduckgo.com] @18-09-2021 01:56:30.0335 AM
[ReportManager] Initial URL: [https://duckduckgo.com] @18-09-2021 01:56:30.0405 AM
[ReportManager] Browser Action [NavigateToURL] successfully performed. With the following test data [https://duckduckgo.com]. @18-09-2021 01:56:30.0739 AM
[ReportManager] Browser Action [CloseCurrentWindow] successfully performed. @18-09-2021 01:56:30.0844 AM
[ReportManager] Successfully created attachment [Browser Action Test Data - CloseCurrentWindow - Actual Value] @18-09-2021 01:56:30.0844 A
[ReportManager] Successfully loaded the following test data file [src/test/resources/TestDataFiles/testSuite01/TestData.xlsx]. @18-09-2021 01:56:31.0604 AM
[ReportManager] Successfully created attachment [Test Data - Excel] @18-09-2021 01:56:31.0605 A

################################################################################################################################################
Starting Execution:	[68 out of 143] test cases in the current suite
Test Method:		[unitTests.tests_io_excelFileManager.getCellData_rowName_expectedToPass]
################################################################################################################################################
[ReportManager] testRowData. @18-09-2021 01:56:31.0618 A
[ReportManager] Successfully loaded the following test data file [src/test/resources/TestDataFiles/testSuite01/TestData.xlsx]. @18-09-2021 01:56:31.0648 AM
[ReportManager] Successfully created attachment [Test Data - Excel] @18-09-2021 01:56:31.0648 AM
[ReportManager] File Action [GetAbsolutePath] successfully performed. With the following test data [Relative Folder Path: "target/downloadedFiles/"]. @18-09-2021 01:56:31.0648 AM
[ReportManager] Attempting to run remotely on: [Linux-64], [GoogleChrome], [http://localhost:4444/wd/hub], Headless Execution. @18-09-2021 01:56:31.0648 AM
[ReportManager] Successfully Opened [GoogleChrome]. @18-09-2021 01:56:31.0948 A

################################################################################################################################################
Starting Execution:	[69 out of 143] test cases in the current suite
Test Method:		[testPackage01.Test_google.navigateToURLandVerifyGoogleLogoIsDisplayed]
Test Description:	[TC001 - Navigate to URL and Verify Google Logo is Displayed]
################################################################################################################################################
[ReportManager] Target URL: [https://www.google.com/ncr], and after redirection: [https://www.google.com] @18-09-2021 01:56:31.0968 AM
[ReportManager] Initial URL: [data:,] @18-09-2021 01:56:32.0005 AM
[ReportManager] Browser Action [NavigateToURL] successfully performed. With the following test data [https://www.google.com/ncr]. @18-09-2021 01:56:33.0051 AM
[ReportManager] Loaded Shared OpenCV @18-09-2021 01:56:33.0265 AM
[ReportManager] Assertion [ValidateElementExists] PASSED. Expected [Element Should Exist, locator 'By.xpath: //*[@id='hplogo' or @alt='Google']'] and Actual [Element Exists]. Comparison Type [EQUALS]. Validation Type [POSITIVE]. @18-09-2021 01:56:33.0346 AM
[ReportManager] Successfully created attachment [Screenshot - 1631930193265_navigateToURLandVerifyGoogleLogoIsDisplayed_ValidateElementExists_passed] @18-09-2021 01:56:33.0347 A

################################################################################################################################################
Starting Execution:	[70 out of 143] test cases in the current suite
Test Method:		[testPackage01.Test_google.searchForQueryandAssertResultsNumDisplayed]
Test Description:	[TC002 - Search for Query and Assert that the number of results is displayed]
################################################################################################################################################
[ReportManager] Element Action [Type] successfully performed. With the following test data [SHAFT_Engine]. @18-09-2021 01:56:33.0763 AM
[ReportManager] Element Action [KeyPress] successfully performed. With the following test data [Enter]. @18-09-2021 01:56:35.0427 AM
[ReportManager] Element Action [GetText] successfully performed. With the following test data [About 892,000 results (0.75 seconds) ]. @18-09-2021 01:56:35.0521 AM
[ReportManager] Loaded Shared OpenCV @18-09-2021 01:56:35.0683 AM
[ReportManager] Assertion [ValidateElementAttribute] PASSED. Expected [Value Should not be '' for the 'Text' attribute, element locator 'By.id: appbar'] and Actual [About 892,000 results (0.75 seconds) ]. Comparison Type [EQUALS]. Validation Type [NEGATIVE]. @18-09-2021 01:56:35.0768 AM
[ReportManager] Successfully created attachment [Screenshot - 1631930195683_searchForQueryandAssertResultsNumDisplayed_ValidateElementAttribute_passed] @18-09-2021 01:56:35.0769 A

################################################################################################################################################
Starting Execution:	[71 out of 143] test cases in the current suite
Test Method:		[testPackage01.Test_google.clickNextThrice]
Test Description:	[TC003 - Clicks the next button to make sure that the framework can scroll element into view before clicking it]
################################################################################################################################################
[ReportManager] Element Action [Click] successfully performed. With the following test data [Next]. @18-09-2021 01:56:37.0447 A
[ReportManager] Browser Action [CloseCurrentWindow] successfully performed. @18-09-2021 01:56:37.0579 AM
[ReportManager] Successfully created attachment [Browser Action Test Data - CloseCurrentWindow - Actual Value] @18-09-2021 01:56:37.0581 A

################################################################################################################################################
Starting Execution:	[72 out of 143] test cases in the current suite
Test Method:		[testPackage01.Test_testData.f]
################################################################################################################################################
[ReportManager] Successfully loaded the following test data file [src/test/resources/TestDataFiles/testSuite01/TestData.xlsx]. @18-09-2021 01:56:37.0660 AM
[ReportManager] Successfully created attachment [Test Data - Excel] @18-09-2021 01:56:37.0660 AM
[ReportManager] Last Column Number is: [3]. Zero-based. @18-09-2021 01:56:37.0661 A

################################################################################################################################################
Starting Execution:	[73 out of 143] test cases in the current suite
Test Method:		[testPackage01.Test_JSONFileManager.readStringFromJson]
################################################################################################################################################
[ReportManager] Successfully loaded the following test data file [src/test/resources/TestDataFiles/simpleJSON.json]. @18-09-2021 01:56:37.0676 AM
[ReportManager] Successfully created attachment [Test Data - JSON] @18-09-2021 01:56:37.0676 AM
[ReportManager] Assertion [ValidateEquals] PASSED. Expected [Mohab Mohie] and Actual [Mohab Mohie]. Comparison Type [EQUALS]. Validation Type [POSITIVE]. @18-09-2021 01:56:37.0700 A
[ReportManager] File Action [GetAbsolutePath] successfully performed. With the following test data [Relative Folder Path: "target/downloadedFiles/"]. @18-09-2021 01:56:37.0704 AM
[ReportManager] Attempting to run remotely on: [Linux-64], [GoogleChrome], [http://localhost:4444/wd/hub], Headless Execution. @18-09-2021 01:56:37.0705 AM
[ReportManager] Successfully Opened [GoogleChrome]. @18-09-2021 01:56:37.0918 A

################################################################################################################################################
Starting Execution:	[74 out of 143] test cases in the current suite
Test Method:		[testPackage01.Test_dragAndDrop.dragAndDropJquery]
################################################################################################################################################
[ReportManager] Target URL: [https://jqueryui.com/resources/demos/droppable/default.html] @18-09-2021 01:56:37.0942 AM
[ReportManager] Initial URL: [data:,] @18-09-2021 01:56:37.0993 AM
[ReportManager] Browser Action [NavigateToURL] successfully performed. With the following test data [https://jqueryui.com/resources/demos/droppable/default.html]. @18-09-2021 01:56:38.0544 AM
[ReportManager] Element Action [GetText] successfully performed. With the following test data [Drop here]. @18-09-2021 01:56:38.0628 AM
[ReportManager] Element Action [DragAndDrop] successfully performed. With the following test data [Start point: (8, 18), End point: (8, 18)]. @18-09-2021 01:56:39.0999 AM
[ReportManager] Element Action [GetText] successfully performed. With the following test data [Dropped!]. @18-09-2021 01:56:40.0068 AM
[ReportManager] Assertion Passed: Checking to see if the text has changed after performing drag and drop @18-09-2021 01:56:40.0069 AM
[ReportManager] Assertion [ValidateEquals] PASSED. Expected [Drop here] and Actual [Dropped!]. Comparison Type [EQUALS]. Validation Type [NEGATIVE]. @18-09-2021 01:56:40.0069 A
[ReportManager] Browser Action [CloseCurrentWindow] successfully performed. @18-09-2021 01:56:40.0172 AM
[ReportManager] Successfully created attachment [Browser Action Test Data - CloseCurrentWindow - Actual Value] @18-09-2021 01:56:40.0173 A
[ReportManager] File Action [GetAbsolutePath] successfully performed. With the following test data [Relative Folder Path: "target/downloadedFiles/"]. @18-09-2021 01:56:40.0174 AM
[ReportManager] Attempting to run remotely on: [Linux-64], [GoogleChrome], [http://localhost:4444/wd/hub], Headless Execution. @18-09-2021 01:56:40.0175 AM
[ReportManager] Successfully Opened [GoogleChrome]. @18-09-2021 01:56:40.0370 A

################################################################################################################################################
Starting Execution:	[75 out of 143] test cases in the current suite
Test Method:		[testPackage01.Test_dragAndDrop.dragAndDrop]
Test Description:	[TC001 - Test Drag and Drop function.]
################################################################################################################################################
[ReportManager] Target URL: [http://the-internet.herokuapp.com/drag_and_drop] @18-09-2021 01:56:40.0387 AM
[ReportManager] Initial URL: [data:,] @18-09-2021 01:56:40.0423 AM
[ReportManager] Browser Action [NavigateToURL] successfully performed. With the following test data [http://the-internet.herokuapp.com/drag_and_drop]. @18-09-2021 01:56:41.0093 AM
[ReportManager] Attempting Drag and Drop @18-09-2021 01:56:41.0093 AM
[ReportManager] Element Action [DragAndDrop] successfully performed. With the following test data [Start point: (32, 89), End point: (247, 89)]. @18-09-2021 01:56:42.0263 A
[ReportManager] Browser Action [CloseCurrentWindow] successfully performed. @18-09-2021 01:56:42.0354 AM
[ReportManager] Successfully created attachment [Browser Action Test Data - CloseCurrentWindow - Actual Value] @18-09-2021 01:56:42.0355 A
[ReportManager] File Action [GetAbsolutePath] successfully performed. With the following test data [Relative Folder Path: "target/downloadedFiles/"]. @18-09-2021 01:56:42.0357 AM
[ReportManager] Attempting to run remotely on: [Linux-64], [GoogleChrome], [http://localhost:4444/wd/hub], Headless Execution. @18-09-2021 01:56:42.0357 AM
[ReportManager] Successfully Opened [GoogleChrome]. @18-09-2021 01:56:42.0542 A

################################################################################################################################################
Starting Execution:	[76 out of 143] test cases in the current suite
Test Method:		[testPackage01.Test_dragAndDrop.dragAndDropByOffset]
Test Description:	[TC002 - Test Drag and Drop by offset function.]
################################################################################################################################################
[ReportManager] Target URL: [https://jqueryui.com/resources/demos/draggable/default.html] @18-09-2021 01:56:42.0553 AM
[ReportManager] Initial URL: [data:,] @18-09-2021 01:56:42.0591 AM
[ReportManager] Browser Action [NavigateToURL] successfully performed. With the following test data [https://jqueryui.com/resources/demos/draggable/default.html]. @18-09-2021 01:56:43.0090 AM
[ReportManager] Element Action [DragAndDropByOffset] successfully performed. With the following test data [Start point: (8, 8), End point: (108, 58)]. @18-09-2021 01:56:43.0235 A
[ReportManager] Browser Action [CloseCurrentWindow] successfully performed. @18-09-2021 01:56:43.0344 AM
[ReportManager] Successfully created attachment [Browser Action Test Data - CloseCurrentWindow - Actual Value] @18-09-2021 01:56:43.0344 A
[ReportManager] File Action [GetAbsolutePath] successfully performed. With the following test data [Relative Folder Path: "target/downloadedFiles/"]. @18-09-2021 01:56:43.0348 AM
[ReportManager] Attempting to run remotely on: [Linux-64], [GoogleChrome], [http://localhost:4444/wd/hub], Headless Execution. @18-09-2021 01:56:43.0348 AM
[ReportManager] Successfully Opened [GoogleChrome]. @18-09-2021 01:56:43.0529 A

################################################################################################################################################
Starting Execution:	[77 out of 143] test cases in the current suite
Test Method:		[testPackage01.Test_verifyEquals.test_assertElementAttribute]
################################################################################################################################################
[ReportManager] Target URL: [https://www.google.com/ncr], and after redirection: [https://www.google.com] @18-09-2021 01:56:43.0544 AM
[ReportManager] Initial URL: [data:,] @18-09-2021 01:56:43.0584 AM
[ReportManager] Browser Action [NavigateToURL] successfully performed. With the following test data [https://www.google.com/ncr]. @18-09-2021 01:56:44.0773 AM
[ReportManager] Element Action [Type] successfully performed. With the following test data [INC_004010050:Another SCHEDULER with the same name [Duplicate Job Name] already exists.]. @18-09-2021 01:56:45.0427 AM
[ReportManager] Element Action [GetText] successfully performed. With the following test data [INC_004010050:Another SCHEDULER with the same name [Duplicate Job Name] already exists.]. @18-09-2021 01:56:45.0517 AM
[ReportManager] Loaded Shared OpenCV @18-09-2021 01:56:45.0664 AM
[ReportManager] Verification [ValidateElementAttribute] PASSED. Expected [Value Should be 'INC_004010050:Another SCHEDULER with the same name \[Duplicate Job Name\] already exists.' for the 'text' attribute, element locator 'By.name: q'] and Actual [INC_004010050:Another SCHEDULER with the same name [Duplicate Job Name] already exists.]. Comparison Type [MATCHES]. Validation Type [POSITIVE]. @18-09-2021 01:56:45.0740 AM
[ReportManager] Successfully created attachment [Screenshot - 1631930205664_test_assertElementAttribute_ValidateElementAttribute_passed] @18-09-2021 01:56:45.0742 A
[ReportManager] Browser Action [CloseCurrentWindow] successfully performed. @18-09-2021 01:56:45.0862 AM
[ReportManager] Successfully created attachment [Browser Action Test Data - CloseCurrentWindow - Actual Value] @18-09-2021 01:56:45.0867 A
[ReportManager] Successfully loaded the following test data file [src/test/resources/TestDataFiles/testSuite01/TestData.xlsx]. @18-09-2021 01:56:45.0921 AM
[ReportManager] Successfully created attachment [Test Data - Excel] @18-09-2021 01:56:45.0921 AM
[ReportManager] Attempting to run using Playwright locally on: [Linux-64], [GoogleChrome], Headless Execution. @18-09-2021 01:57:02.0961 AM
[ReportManager] File Action [GetAbsolutePath] successfully performed. With the following test data [Relative Folder Path: "target/downloadedFiles/"]. @18-09-2021 01:57:02.0962 AM
[ReportManager] Initial window size: (1280, 720) @18-09-2021 01:57:03.0282 AM
[ReportManager] Window size after Toolkit: com.microsoft.playwright.options.ViewportSize@24ebe346 @18-09-2021 01:57:03.0286 AM
[ReportManager] Browser Action [MaximizeWindow] successfully performed. With the following test data [New screen size is now: (1920, 1080)]. @18-09-2021 01:57:03.0287 A

################################################################################################################################################
Starting Execution:	[78 out of 143] test cases in the current suite
Test Method:		[testPackage01.Test_google_playwright.navigateToURLandVerifyGoogleLogoIsDisplayed]
Test Description:	[TC001 - Navigate to URL and Verify Google Logo is Displayed]
################################################################################################################################################
[ReportManager] Target URL: [https://www.google.com/ncr], and after redirection: [https://www.google.com] @18-09-2021 01:57:03.0302 AM
[ReportManager] Initial URL: [about:blank] @18-09-2021 01:57:03.0772 AM
[ReportManager] Browser Action [NavigateToURL] successfully performed. With the following test data [https://www.google.com/ncr]. @18-09-2021 01:57:05.0221 AM
[ReportManager] Loaded Shared OpenCV @18-09-2021 01:57:05.0456 AM
[ReportManager] Assertion [ValidateElementExists] PASSED. Expected [Element Should Exist, locator 'xpath=//*[@id='hplogo' or @alt='Google']'] and Actual [Element Exists]. Comparison Type [EQUALS]. Validation Type [POSITIVE]. @18-09-2021 01:57:05.0672 AM
[ReportManager] Successfully created attachment [Screenshot - 1631930225452_navigateToURLandVerifyGoogleLogoIsDisplayed_ValidateElementExists_passed] @18-09-2021 01:57:05.0673 A

################################################################################################################################################
Starting Execution:	[79 out of 143] test cases in the current suite
Test Method:		[testPackage01.Test_google_playwright.searchForQueryandAssertResultsNumDisplayed]
Test Description:	[TC002 - Search for Query and Assert that the number of results is displayed]
################################################################################################################################################
[ReportManager] Element Action [Type] successfully performed. With the following test data [SHAFT_Engine]. @18-09-2021 01:57:05.0995 AM
[ReportManager] Element Action [KeyPress] successfully performed. With the following test data [Enter]. @18-09-2021 01:57:06.0022 AM
[ReportManager] Element Action [GetText] successfully performed. With the following test data [About 892,000 results (0.59 seconds)]. @18-09-2021 01:57:06.0843 AM
[ReportManager] Loaded Shared OpenCV @18-09-2021 01:57:08.0284 AM
[ReportManager] Assertion [ValidateElementAttribute] PASSED. Expected [Value Should not be '' for the 'text' attribute, element locator 'xpath=//div[@id='appbar']'] and Actual [About 892,000 results (0.59 seconds)]. Comparison Type [EQUALS]. Validation Type [NEGATIVE]. @18-09-2021 01:57:08.0532 AM
[ReportManager] Successfully created attachment [Screenshot - 1631930228283_searchForQueryandAssertResultsNumDisplayed_ValidateElementAttribute_passed] @18-09-2021 01:57:08.0534 A

################################################################################################################################################
Starting Execution:	[80 out of 143] test cases in the current suite
Test Method:		[testPackage01.Test_google_playwright.clickNextThrice]
Test Description:	[TC003 - Clicks the next button to make sure that the framework can scroll element into view before clicking it]
################################################################################################################################################
[ReportManager] Element Action [Click] successfully performed. With the following test data [Next]. @18-09-2021 01:57:08.0782 A
[ReportManager] Failed to find video recording. @18-09-2021 01:57:08.0783 AM
[ReportManager] Successfully Closed PlayWright Driver. @18-09-2021 01:57:08.0830 A

################################################################################################################################################
Starting Execution:	[81 out of 143] test cases in the current suite
Test Method:		[testPackage01.Test_JsonActions.f]
###############################################################################################################################################

################################################################################################################################################
Starting Execution:	[82 out of 143] test cases in the current suite
Test Method:		[testPackage01.Test_JsonActions.f2]
###############################################################################################################################################

################################################################################################################################################
Starting Execution:	[83 out of 143] test cases in the current suite
Test Method:		[testPackage01.Test_AssertApiResponseEquals.assertApiResponseEquals_expectedToPass]
################################################################################################################################################
[ReportManager] Response status code: [200], status line: [HTTP/1.1 200 OK] @18-09-2021 01:57:08.0953 AM
[ReportManager] Assertion Passed: Evaluating the actual response status code against the expected one... @18-09-2021 01:57:08.0953 AM
[ReportManager] Assertion [ValidateEquals] PASSED. Expected [200] and Actual [200]. Comparison Type [EQUALS]. Validation Type [POSITIVE]. @18-09-2021 01:57:08.0958 AM
[ReportManager] API Action [PerformRequest] successfully performed. With the following test data [Request Type: "GET" | Target Status Code: "200" | Service URL: "https://jsonplaceholder.typicode.com/users" | Content Type: "*/*" | Response Time: "82ms"]. @18-09-2021 01:57:08.0977 AM
[ReportManager] Successfully created attachment [API Request - Specifications] @18-09-2021 01:57:08.0978 AM
[ReportManager] Successfully created attachment [API Response - JSON Body] @18-09-2021 01:57:08.0978 AM
[ReportManager] API Action [GetResponseJSONValueAsList] successfully performed. With the following test data [$]. @18-09-2021 01:57:08.0984 AM
[ReportManager] API Action [GetResponseJSONValue] successfully performed. With the following test data [name]. @18-09-2021 01:57:08.0995 AM
[ReportManager] API Action [GetResponseJSONValue] successfully performed. With the following test data [email]. @18-09-2021 01:57:09.0004 AM
[ReportManager] Verification [ValidateEquals] PASSED. Expected [Sincere@april.biz] and Actual [Sincere@april.biz]. Comparison Type [EQUALS]. Validation Type [POSITIVE]. @18-09-2021 01:57:09.0004 AM
[ReportManager] API Action [GetResponseJSONValue] successfully performed. With the following test data [username]. @18-09-2021 01:57:09.0012 AM
[ReportManager] Assertion [ValidateEquals] PASSED. Expected [Bret] and Actual [Bret]. Comparison Type [EQUALS]. Validation Type [POSITIVE]. @18-09-2021 01:57:09.0012 AM
[ReportManager] API Action [GetResponseJSONValue] successfully performed. With the following test data [name]. @18-09-2021 01:57:09.0021 AM
[ReportManager] API Action [GetResponseJSONValue] successfully performed. With the following test data [name]. @18-09-2021 01:57:09.0033 AM
[ReportManager] API Action [GetResponseJSONValue] successfully performed. With the following test data [name]. @18-09-2021 01:57:09.0042 AM
[ReportManager] API Action [GetResponseJSONValue] successfully performed. With the following test data [name]. @18-09-2021 01:57:09.0049 AM
[ReportManager] API Action [GetResponseJSONValue] successfully performed. With the following test data [name]. @18-09-2021 01:57:09.0058 AM
[ReportManager] API Action [GetResponseJSONValue] successfully performed. With the following test data [name]. @18-09-2021 01:57:09.0071 AM
[ReportManager] API Action [GetResponseJSONValue] successfully performed. With the following test data [name]. @18-09-2021 01:57:09.0081 AM
[ReportManager] API Action [GetResponseJSONValue] successfully performed. With the following test data [name]. @18-09-2021 01:57:09.0102 AM
[ReportManager] API Action [GetResponseJSONValue] successfully performed. With the following test data [name]. @18-09-2021 01:57:09.0137 A
[ReportManager] File Action [GetAbsolutePath] successfully performed. With the following test data [Relative Folder Path: "target/downloadedFiles/"]. @18-09-2021 01:57:09.0140 AM
[ReportManager] Attempting to run remotely on: [Linux-64], [GoogleChrome], [http://localhost:4444/wd/hub], Headless Execution. @18-09-2021 01:57:09.0140 AM
[ReportManager] Successfully Opened [GoogleChrome]. @18-09-2021 01:57:09.0340 A

################################################################################################################################################
Starting Execution:	[84 out of 143] test cases in the current suite
Test Method:		[testPackage01.Test_ShadowDOM.shadowdom]
################################################################################################################################################
[ReportManager] Target URL: [https://mdn.github.io/web-components-examples/popup-info-box-web-component/] @18-09-2021 01:57:09.0351 AM
[ReportManager] Initial URL: [data:,] @18-09-2021 01:57:09.0390 AM
[ReportManager] Browser Action [NavigateToURL] successfully performed. With the following test data [https://mdn.github.io/web-components-examples/popup-info-box-web-component/]. @18-09-2021 01:57:09.0763 AM
[ReportManager] Element Action [Type] successfully performed. With the following test data [Typing into SHADOW DOM...]. @18-09-2021 01:57:10.0025 AM
[ReportManager] Element Action [GetText] successfully performed. With the following test data [Typing into SHADOW DOM...]. @18-09-2021 01:57:10.0118 AM
[ReportManager] Loaded Shared OpenCV @18-09-2021 01:57:10.0252 AM
[ReportManager] Assertion [ValidateElementAttribute] PASSED. Expected [Value Should be 'Typing into SHADOW DOM...' for the 'Text' attribute, element locator 'By.id: cvc'] and Actual [Typing into SHADOW DOM...]. Comparison Type [EQUALS]. Validation Type [POSITIVE]. @18-09-2021 01:57:10.0319 AM
[ReportManager] Successfully created attachment [Screenshot - 1631930230251_shadowdom_ValidateElementAttribute_passed] @18-09-2021 01:57:10.0320 A
[ReportManager] Browser Action [CloseCurrentWindow] successfully performed. @18-09-2021 01:57:10.0404 AM
[ReportManager] Successfully created attachment [Browser Action Test Data - CloseCurrentWindow - Actual Value] @18-09-2021 01:57:10.0404 A

################################################################################################################################################
Starting Execution:	[85 out of 143] test cases in the current suite
Test Method:		[testPackage01.Test_SelectedValue.multipleSelect]
################################################################################################################################################
[ReportManager] File Action [GetAbsolutePath] successfully performed. With the following test data [Relative Folder Path: "target/downloadedFiles/"]. @18-09-2021 01:57:10.0409 AM
[ReportManager] Attempting to run remotely on: [Linux-64], [GoogleChrome], [http://localhost:4444/wd/hub], Headless Execution. @18-09-2021 01:57:10.0409 AM
[ReportManager] Successfully Opened [GoogleChrome]. @18-09-2021 01:57:10.0645 AM
[ReportManager] Target URL: [https://yari-demos.prod.mdn.mozit.cloud/en-US/docs/Web/HTML/Element/select/_sample_.Advanced_select_with_multiple_features.html] @18-09-2021 01:57:10.0666 AM
[ReportManager] Initial URL: [data:,] @18-09-2021 01:57:10.0710 AM
[ReportManager] Browser Action [NavigateToURL] successfully performed. With the following test data [https://yari-demos.prod.mdn.mozit.cloud/en-US/docs/Web/HTML/Element/select/_sample_.Advanced_select_with_multiple_features.html]. @18-09-2021 01:57:11.0035 AM
[ReportManager] Element Action [Select] successfully performed. With the following test data [Dog]. @18-09-2021 01:57:11.0259 AM
[ReportManager] Element Action [Select] successfully performed. With the following test data [Cat]. @18-09-2021 01:57:11.0459 AM
[ReportManager] Element Action [GetSelectedText] successfully performed. With the following test data [DogCat]. @18-09-2021 01:57:11.0606 AM
[ReportManager] DogCat @18-09-2021 01:57:11.0606 AM
[ReportManager] Element Action [GetSelectedText] successfully performed. With the following test data [DogCat]. @18-09-2021 01:57:11.0738 AM
[ReportManager] Loaded Shared OpenCV @18-09-2021 01:57:11.0849 AM
[ReportManager] Assertion [ValidateElementAttribute] PASSED. Expected [Value Should be 'DogCat' for the 'selectedText' attribute, element locator 'By.tagName: select'] and Actual [DogCat]. Comparison Type [EQUALS]. Validation Type [POSITIVE]. @18-09-2021 01:57:11.0946 AM
[ReportManager] Successfully created attachment [Screenshot - 1631930231849_multipleSelect_ValidateElementAttribute_passed] @18-09-2021 01:57:11.0946 AM
[ReportManager] Browser Action [CloseCurrentWindow] successfully performed. @18-09-2021 01:57:12.0028 AM
[ReportManager] Successfully created attachment [Browser Action Test Data - CloseCurrentWindow - Actual Value] @18-09-2021 01:57:12.0028 A

################################################################################################################################################
Starting Execution:	[86 out of 143] test cases in the current suite
Test Method:		[testPackage01.Test_SelectedValue.simpleSelect]
################################################################################################################################################
[ReportManager] File Action [GetAbsolutePath] successfully performed. With the following test data [Relative Folder Path: "target/downloadedFiles/"]. @18-09-2021 01:57:12.0034 AM
[ReportManager] Attempting to run remotely on: [Linux-64], [GoogleChrome], [http://localhost:4444/wd/hub], Headless Execution. @18-09-2021 01:57:12.0034 AM
[ReportManager] Successfully Opened [GoogleChrome]. @18-09-2021 01:57:12.0230 AM
[ReportManager] Target URL: [https://yari-demos.prod.mdn.mozit.cloud/en-US/docs/Web/HTML/Element/select/_sample_.Basic_select.html] @18-09-2021 01:57:12.0250 AM
[ReportManager] Initial URL: [data:,] @18-09-2021 01:57:12.0292 AM
[ReportManager] Browser Action [NavigateToURL] successfully performed. With the following test data [https://yari-demos.prod.mdn.mozit.cloud/en-US/docs/Web/HTML/Element/select/_sample_.Basic_select.html]. @18-09-2021 01:57:12.0483 AM
[ReportManager] Element Action [Select] successfully performed. With the following test data [Third Value]. @18-09-2021 01:57:12.0766 AM
[ReportManager] Element Action [GetSelectedText] successfully performed. With the following test data [Third Value]. @18-09-2021 01:57:12.0855 AM
[ReportManager] Third Value @18-09-2021 01:57:12.0855 AM
[ReportManager] Element Action [GetSelectedText] successfully performed. With the following test data [Third Value]. @18-09-2021 01:57:12.0955 AM
[ReportManager] Loaded Shared OpenCV @18-09-2021 01:57:13.0061 AM
[ReportManager] Assertion [ValidateElementAttribute] PASSED. Expected [Value Should be 'Third Value' for the 'selectedText' attribute, element locator 'By.tagName: select'] and Actual [Third Value]. Comparison Type [EQUALS]. Validation Type [POSITIVE]. @18-09-2021 01:57:13.0142 AM
[ReportManager] Successfully created attachment [Screenshot - 1631930233061_simpleSelect_ValidateElementAttribute_passed] @18-09-2021 01:57:13.0142 AM
[ReportManager] Browser Action [CloseCurrentWindow] successfully performed. @18-09-2021 01:57:13.0225 AM
[ReportManager] Successfully created attachment [Browser Action Test Data - CloseCurrentWindow - Actual Value] @18-09-2021 01:57:13.0226 A
[ReportManager] File Action [GetAbsolutePath] successfully performed. With the following test data [Relative Folder Path: "target/downloadedFiles/"]. @18-09-2021 01:57:13.0230 AM
[ReportManager] Attempting to run remotely on: [Linux-64], [GoogleChrome], [http://localhost:4444/wd/hub], Headless Execution. @18-09-2021 01:57:13.0230 AM
[ReportManager] Successfully Opened [GoogleChrome]. @18-09-2021 01:57:13.0459 A

################################################################################################################################################
Starting Execution:	[87 out of 143] test cases in the current suite
Test Method:		[testPackage01.Test_IsElementClickable.testIsElementClickable]
################################################################################################################################################
[ReportManager] Target URL: [https://the-internet.herokuapp.com/] @18-09-2021 01:57:13.0480 AM
[ReportManager] Initial URL: [data:,] @18-09-2021 01:57:13.0528 AM
[ReportManager] Browser Action [NavigateToURL] successfully performed. With the following test data [https://the-internet.herokuapp.com/]. @18-09-2021 01:57:14.0276 AM
[ReportManager] Element Action [IsElementClickable] successfully performed. @18-09-2021 01:57:14.0419 AM
[ReportManager] Assertion [ValidateTrue] PASSED. Expected [TRUE] and Actual [TRUE]. Validation Type [POSITIVE]. @18-09-2021 01:57:14.0420 A
[ReportManager] Browser Action [CloseCurrentWindow] successfully performed. @18-09-2021 01:57:14.0509 AM
[ReportManager] Successfully created attachment [Browser Action Test Data - CloseCurrentWindow - Actual Value] @18-09-2021 01:57:14.0509 A
[ReportManager] File Action [GetAbsolutePath] successfully performed. With the following test data [Relative Folder Path: "target/downloadedFiles/"]. @18-09-2021 01:57:14.0511 AM
[ReportManager] Attempting to run remotely on: [Linux-64], [GoogleChrome], [http://localhost:4444/wd/hub], Headless Execution. @18-09-2021 01:57:14.0511 AM
[ReportManager] Successfully Opened [GoogleChrome]. @18-09-2021 01:57:14.0707 A

################################################################################################################################################
Starting Execution:	[88 out of 143] test cases in the current suite
Test Method:		[testPackage01.Test_clipboardActions.typeTextAndCopyPaste]
################################################################################################################################################
[ReportManager] Target URL: [https://www.google.com/ncr], and after redirection: [https://www.google.com] @18-09-2021 01:57:14.0730 AM
[ReportManager] Initial URL: [data:,] @18-09-2021 01:57:14.0770 AM
[ReportManager] Browser Action [NavigateToURL] successfully performed. With the following test data [https://www.google.com/ncr]. @18-09-2021 01:57:15.0792 AM
[ReportManager] Element Action [Type] successfully performed. With the following test data [FIRST]. @18-09-2021 01:57:16.0089 AM
[ReportManager] Element Action [ClipboardActions] successfully performed. With the following test data [select all]. @18-09-2021 01:57:16.0146 AM
[ReportManager] Element Action [ClipboardActions] successfully performed. With the following test data [copy]. @18-09-2021 01:57:16.0189 AM
[ReportManager] Element Action [ClipboardActions] successfully performed. With the following test data [unselect]. @18-09-2021 01:57:16.0246 AM
[ReportManager] Element Action [ClipboardActions] successfully performed. With the following test data [paste]. @18-09-2021 01:57:16.0294 AM
[ReportManager] Element Action [ClipboardActions] successfully performed. With the following test data [select all]. @18-09-2021 01:57:16.0340 AM
[ReportManager] Element Action [Type] successfully performed. @18-09-2021 01:57:16.0527 AM
[ReportManager] Element Action [ClipboardActions] successfully performed. With the following test data [cut]. @18-09-2021 01:57:16.0527 AM
[ReportManager] Element Action [ClipboardActions] successfully performed. With the following test data [paste]. @18-09-2021 01:57:16.0589 AM
[ReportManager] Element Action [ClipboardActions] successfully performed. With the following test data [paste]. @18-09-2021 01:57:16.0644 A
[ReportManager] Browser Action [CloseCurrentWindow] successfully performed. @18-09-2021 01:57:16.0767 AM
[ReportManager] Successfully created attachment [Browser Action Test Data - CloseCurrentWindow - Actual Value] @18-09-2021 01:57:16.0767 A
[ReportManager] File Action [GetAbsolutePath] successfully performed. With the following test data [Relative Folder Path: "target/downloadedFiles/"]. @18-09-2021 01:57:16.0769 AM
[ReportManager] Attempting to run remotely on: [Linux-64], [GoogleChrome], [http://localhost:4444/wd/hub], Headless Execution. @18-09-2021 01:57:16.0769 AM
[ReportManager] Successfully Opened [GoogleChrome]. @18-09-2021 01:57:16.0950 A

################################################################################################################################################
Starting Execution:	[89 out of 143] test cases in the current suite
Test Method:		[testPackage01.Test_dynamicLoading.dynamicLoading_elementIsHidden]
################################################################################################################################################
[ReportManager] Target URL: [https://the-internet.herokuapp.com/dynamic_loading/1] @18-09-2021 01:57:16.0963 AM
[ReportManager] Initial URL: [data:,] @18-09-2021 01:57:17.0003 AM
[ReportManager] Browser Action [NavigateToURL] successfully performed. With the following test data [https://the-internet.herokuapp.com/dynamic_loading/1]. @18-09-2021 01:57:17.0697 AM
[ReportManager] Element Action [Click] successfully performed. With the following test data [Start]. @18-09-2021 01:57:17.0984 AM
[ReportManager] Element Action [GetText] successfully performed. With the following test data [
    Hello World!
  ]. @18-09-2021 01:57:18.0081 AM
[ReportManager] Loaded Shared OpenCV @18-09-2021 01:57:18.0223 AM
[ReportManager] Assertion [ValidateElementAttribute] PASSED. Expected [Value Should be 'Hello World!' for the 'text' attribute, element locator 'By.id: finish'] and Actual [
    Hello World!
  ]. Comparison Type [CONTAINS]. Validation Type [POSITIVE]. @18-09-2021 01:57:18.0299 AM
[ReportManager] Successfully created attachment [Screenshot - 1631930238223_dynamicLoading_elementIsHidden_ValidateElementAttribute_passed] @18-09-2021 01:57:18.0299 A
[ReportManager] Browser Action [CloseCurrentWindow] successfully performed. @18-09-2021 01:57:18.0395 AM
[ReportManager] Successfully created attachment [Browser Action Test Data - CloseCurrentWindow - Actual Value] @18-09-2021 01:57:18.0395 A
[ReportManager] File Action [GetAbsolutePath] successfully performed. With the following test data [Relative Folder Path: "target/downloadedFiles/"]. @18-09-2021 01:57:18.0403 AM
[ReportManager] Attempting to run remotely on: [Linux-64], [GoogleChrome], [http://localhost:4444/wd/hub], Headless Execution. @18-09-2021 01:57:18.0403 AM
[ReportManager] Successfully Opened [GoogleChrome]. @18-09-2021 01:57:18.0612 A

################################################################################################################################################
Starting Execution:	[90 out of 143] test cases in the current suite
Test Method:		[testPackage01.Test_dynamicLoading.dynamicLoading_elementIsRendered]
################################################################################################################################################
[ReportManager] Target URL: [https://the-internet.herokuapp.com/dynamic_loading/2] @18-09-2021 01:57:18.0633 AM
[ReportManager] Initial URL: [data:,] @18-09-2021 01:57:18.0677 AM
[ReportManager] Browser Action [NavigateToURL] successfully performed. With the following test data [https://the-internet.herokuapp.com/dynamic_loading/2]. @18-09-2021 01:57:19.0359 AM
[ReportManager] Element Action [Click] successfully performed. With the following test data [Start]. @18-09-2021 01:57:19.0633 AM
[ReportManager] Element Action [GetText] successfully performed. With the following test data [Hello World!]. @18-09-2021 01:57:24.0787 AM
[ReportManager] Loaded Shared OpenCV @18-09-2021 01:57:24.0921 AM
[ReportManager] Assertion [ValidateElementAttribute] PASSED. Expected [Value Should be 'Hello World!' for the 'text' attribute, element locator 'By.id: finish'] and Actual [Hello World!]. Comparison Type [CONTAINS]. Validation Type [POSITIVE]. @18-09-2021 01:57:25.0000 AM
[ReportManager] Successfully created attachment [Screenshot - 1631930244921_dynamicLoading_elementIsRendered_ValidateElementAttribute_passed] @18-09-2021 01:57:25.0001 A
[ReportManager] Browser Action [CloseCurrentWindow] successfully performed. @18-09-2021 01:57:25.0098 AM
[ReportManager] Successfully created attachment [Browser Action Test Data - CloseCurrentWindow - Actual Value] @18-09-2021 01:57:25.0099 A

################################################################################################################################################
Starting Execution:	[91 out of 143] test cases in the current suite
Test Method:		[testPackage01.Test_JsonCompareWithSpecialCharacters.specialCharacters]
################################################################################################################################################
[ReportManager] File Action [GetAbsolutePath] successfully performed. With the following test data [Relative Folder Path: "src/test/resources/TestJsonFiles/specialCharacters.json"]. @18-09-2021 01:57:25.0106 AM
[ReportManager] File Action [ReadFromFile] successfully performed. With the following test data [File Path: "/home/runner/work/SHAFT_ENGINE/SHAFT_ENGINE/src/test/resources/TestJsonFiles/specialCharacters.json"]. @18-09-2021 01:57:25.0114 AM
[ReportManager] Successfully created attachment [File Action Actual Result - Command Log] @18-09-2021 01:57:25.0114 AM
[ReportManager] Comparing the provided API response with the file at this path "src/test/resources/TestJsonFiles/specialCharacters.json", comparison type "EQUALS" @18-09-2021 01:57:25.0115 AM
[ReportManager] API Action [CompareJSON] successfully performed. With the following test data [src/test/resources/TestJsonFiles/specialCharacters.json]. @18-09-2021 01:57:25.0128 AM
[ReportManager] File Action [GetAbsolutePath] successfully performed. With the following test data [Relative Folder Path: "src/test/resources/TestJsonFiles/specialCharacters.json"]. @18-09-2021 01:57:25.0128 AM
[ReportManager] File Action [ReadFromFile] successfully performed. With the following test data [File Path: "/home/runner/work/SHAFT_ENGINE/SHAFT_ENGINE/src/test/resources/TestJsonFiles/specialCharacters.json"]. @18-09-2021 01:57:25.0128 AM
[ReportManager] Verification [ValidateJSONFileContent] PASSED. Expected [Response data should match the JSON File in this path 'src/test/resources/TestJsonFiles/specialCharacters.json'] and Actual [TRUE]. Comparison Type [EQUALS]. Validation Type [POSITIVE]. @18-09-2021 01:57:25.0141 AM
[ReportManager] Successfully created attachment [Validation Test Data - Expected JSON Value] @18-09-2021 01:57:25.0141 AM
[ReportManager] Successfully created attachment [Validation Test Data - Actual JSON Value] @18-09-2021 01:57:25.0142 A

################################################################################################################################################
Starting Execution:	[92 out of 143] test cases in the current suite
Test Method:		[testPackage01.Test_JsonCompareWithSpecialCharacters.specialCharacters_assertion]
################################################################################################################################################
[ReportManager] File Action [GetAbsolutePath] successfully performed. With the following test data [Relative Folder Path: "src/test/resources/TestJsonFiles/specialCharacters.json"]. @18-09-2021 01:57:25.0147 AM
[ReportManager] File Action [ReadFromFile] successfully performed. With the following test data [File Path: "/home/runner/work/SHAFT_ENGINE/SHAFT_ENGINE/src/test/resources/TestJsonFiles/specialCharacters.json"]. @18-09-2021 01:57:25.0147 AM
[ReportManager] Successfully created attachment [File Action Actual Result - Command Log] @18-09-2021 01:57:25.0147 AM
[ReportManager] Comparing the provided API response with the file at this path "src/test/resources/TestJsonFiles/specialCharacters.json", comparison type "CONTAINS" @18-09-2021 01:57:25.0148 AM
[ReportManager] API Action [CompareJSON] successfully performed. With the following test data [src/test/resources/TestJsonFiles/specialCharacters.json]. @18-09-2021 01:57:25.0164 AM
[ReportManager] File Action [GetAbsolutePath] successfully performed. With the following test data [Relative Folder Path: "src/test/resources/TestJsonFiles/specialCharacters.json"]. @18-09-2021 01:57:25.0164 AM
[ReportManager] File Action [ReadFromFile] successfully performed. With the following test data [File Path: "/home/runner/work/SHAFT_ENGINE/SHAFT_ENGINE/src/test/resources/TestJsonFiles/specialCharacters.json"]. @18-09-2021 01:57:25.0164 AM
[ReportManager] Assertion Passed: trying out the log message @18-09-2021 01:57:25.0169 AM
[ReportManager] Successfully created attachment [Validation Test Data - Expected JSON Value] @18-09-2021 01:57:25.0170 AM
[ReportManager] Successfully created attachment [Validation Test Data - Actual JSON Value] @18-09-2021 01:57:25.0171 AM
[ReportManager] Assertion [ValidateJSONFileContent] PASSED. Expected [Response data should match the JSON File in this path 'src/test/resources/TestJsonFiles/specialCharacters.json'] and Actual [TRUE]. Comparison Type [CONTAINS]. Validation Type [POSITIVE]. @18-09-2021 01:57:25.0171 A
[ReportManager] File Action [GetAbsolutePath] successfully performed. With the following test data [Relative Folder Path: "target/downloadedFiles/"]. @18-09-2021 01:57:25.0175 AM
[ReportManager] Attempting to run remotely on: [Linux-64], [GoogleChrome], [http://localhost:4444/wd/hub], Headless Execution. @18-09-2021 01:57:25.0175 AM
[ReportManager] Successfully Opened [GoogleChrome]. @18-09-2021 01:57:25.0378 A

################################################################################################################################################
Starting Execution:	[93 out of 143] test cases in the current suite
Test Method:		[testPackage01.Test_uploadFile.uploadFile_invisibleUploadInput]
################################################################################################################################################
[ReportManager] Target URL: [https://fineuploader.com/demos.html#gallery-view] @18-09-2021 01:57:25.0389 AM
[ReportManager] Initial URL: [data:,] @18-09-2021 01:57:25.0424 AM
[ReportManager] Browser Action [NavigateToURL] successfully performed. With the following test data [https://fineuploader.com/demos.html#gallery-view]. @18-09-2021 01:57:27.0254 AM
[ReportManager] File Action [GetAbsolutePath] successfully performed. With the following test data [Relative File Path: "src/main/resources/images/shaft.png"]. @18-09-2021 01:57:27.0254 AM
[ReportManager] Successfully created attachment [File Action Actual Result - Command Log] @18-09-2021 01:57:27.0255 AM
[ReportManager] Element Action [TypeFileLocationForUpload] successfully performed. With the following test data [/home/runner/work/SHAFT_ENGINE/SHAFT_ENGINE/src/main/resources/images/shaft.png]. @18-09-2021 01:57:27.0430 AM
[ReportManager] Attempting to getAttribute [src] from elementLocator [By.xpath: //div[@id='fine-uploader-gallery']//div[@class='qq-thumbnail-wrapper']/img]. @18-09-2021 01:57:27.0431 AM
[ReportManager] Element Action [GetAttribute] successfully performed. @18-09-2021 01:57:27.0528 AM
[ReportManager] Successfully created attachment [Element Action Test Data - GetAttribute - Actual Value] @18-09-2021 01:57:27.0529 AM
[ReportManager] Loaded Shared OpenCV @18-09-2021 01:57:27.0662 AM
[ReportManager] Assertion [ValidateElementAttribute] PASSED. Expected and Actual values are attached. Comparison Type [CONTAINS]. Validation Type [POSITIVE]. @18-09-2021 01:57:27.0741 AM
[ReportManager] Successfully created attachment [Validation Test Data - Expected Value] @18-09-2021 01:57:27.0741 AM
[ReportManager] Successfully created attachment [Validation Test Data - Actual Value] @18-09-2021 01:57:27.0741 AM
[ReportManager] Successfully created attachment [Screenshot - 1631930247662_uploadFile_invisibleUploadInput_ValidateElementAttribute_passed] @18-09-2021 01:57:27.0742 A
[ReportManager] Browser Action [CloseCurrentWindow] successfully performed. @18-09-2021 01:57:27.0871 AM
[ReportManager] Successfully created attachment [Browser Action Test Data - CloseCurrentWindow - Actual Value] @18-09-2021 01:57:27.0871 A
[ReportManager] File Action [GetAbsolutePath] successfully performed. With the following test data [Relative Folder Path: "target/downloadedFiles/"]. @18-09-2021 01:57:27.0875 AM
[ReportManager] Attempting to run remotely on: [Linux-64], [GoogleChrome], [http://localhost:4444/wd/hub], Headless Execution. @18-09-2021 01:57:27.0875 AM
[ReportManager] Successfully Opened [GoogleChrome]. @18-09-2021 01:57:28.0063 A

################################################################################################################################################
Starting Execution:	[94 out of 143] test cases in the current suite
Test Method:		[testPackage01.Test_uploadFile.uploadFile_visibleUploadInput]
################################################################################################################################################
[ReportManager] Target URL: [http://demo.guru99.com/test/upload/] @18-09-2021 01:57:28.0077 AM
[ReportManager] Initial URL: [data:,] @18-09-2021 01:57:28.0123 AM
[ReportManager] Browser Action [NavigateToURL] successfully performed. With the following test data [http://demo.guru99.com/test/upload/]. @18-09-2021 01:57:29.0293 AM
[ReportManager] File Action [GetAbsolutePath] successfully performed. With the following test data [Relative File Path: "src/main/resources/images/shaft.png"]. @18-09-2021 01:57:29.0293 AM
[ReportManager] Successfully created attachment [File Action Actual Result - Command Log] @18-09-2021 01:57:29.0293 AM
[ReportManager] Element Action [TypeFileLocationForUpload] successfully performed. With the following test data [/home/runner/work/SHAFT_ENGINE/SHAFT_ENGINE/src/main/resources/images/shaft.png]. @18-09-2021 01:57:29.0435 AM
[ReportManager] Element Action [Click] successfully performed. With the following test data [on]. @18-09-2021 01:57:29.0712 AM
[ReportManager] Element Action [Click] successfully performed. With the following test data [Submit File]. @18-09-2021 01:57:29.0993 AM
[ReportManager] Element Action [GetText] successfully performed. With the following test data [1 file
has been successfully uploaded.]. @18-09-2021 01:57:30.0608 AM
[ReportManager] Loaded Shared OpenCV @18-09-2021 01:57:30.0738 AM
[ReportManager] Assertion [ValidateElementAttribute] PASSED. Expected [Value Should be '1 file' for the 'Text' attribute, element locator 'By.id: res'] and Actual [1 file
has been successfully uploaded.]. Comparison Type [CONTAINS]. Validation Type [POSITIVE]. @18-09-2021 01:57:30.0817 AM
[ReportManager] Successfully created attachment [Screenshot - 1631930250737_uploadFile_visibleUploadInput_ValidateElementAttribute_passed] @18-09-2021 01:57:30.0818 A
[ReportManager] Browser Action [CloseCurrentWindow] successfully performed. @18-09-2021 01:57:30.0916 AM
[ReportManager] Successfully created attachment [Browser Action Test Data - CloseCurrentWindow - Actual Value] @18-09-2021 01:57:30.0917 A
[ReportManager] File Action [GetAbsolutePath] successfully performed. With the following test data [Relative Folder Path: "target/downloadedFiles/"]. @18-09-2021 01:57:30.0918 AM
[ReportManager] Attempting to run remotely on: [Linux-64], [GoogleChrome], [http://localhost:4444/wd/hub], Headless Execution. @18-09-2021 01:57:30.0919 AM
[ReportManager] Successfully Opened [GoogleChrome]. @18-09-2021 01:57:31.0122 A

################################################################################################################################################
Starting Execution:	[95 out of 143] test cases in the current suite
Test Method:		[testPackage01.Test_assertEquals.test_assertElementAttribute]
################################################################################################################################################
[ReportManager] Target URL: [https://www.google.com/ncr], and after redirection: [https://www.google.com] @18-09-2021 01:57:31.0133 AM
[ReportManager] Initial URL: [data:,] @18-09-2021 01:57:31.0180 AM
[ReportManager] Browser Action [NavigateToURL] successfully performed. With the following test data [https://www.google.com/ncr]. @18-09-2021 01:57:32.0228 AM
[ReportManager] Element Action [Type] successfully performed. With the following test data [INC_004010050:Another SCHEDULER with the same name [Duplicate Job Name] already exists.]. @18-09-2021 01:57:32.0872 AM
[ReportManager] Element Action [GetText] successfully performed. With the following test data [INC_004010050:Another SCHEDULER with the same name [Duplicate Job Name] already exists.]. @18-09-2021 01:57:32.0951 AM
[ReportManager] Loaded Shared OpenCV @18-09-2021 01:57:33.0097 AM
[ReportManager] Assertion [ValidateElementAttribute] PASSED. Expected [Value Should be 'INC_004010050:Another SCHEDULER with the same name \[Duplicate Job Name\] already exists.' for the 'text' attribute, element locator 'By.name: q'] and Actual [INC_004010050:Another SCHEDULER with the same name [Duplicate Job Name] already exists.]. Comparison Type [MATCHES]. Validation Type [POSITIVE]. @18-09-2021 01:57:33.0174 AM
[ReportManager] Successfully created attachment [Screenshot - 1631930253096_test_assertElementAttribute_ValidateElementAttribute_passed] @18-09-2021 01:57:33.0175 A
[ReportManager] Browser Action [CloseCurrentWindow] successfully performed. @18-09-2021 01:57:33.0296 AM
[ReportManager] Successfully created attachment [Browser Action Test Data - CloseCurrentWindow - Actual Value] @18-09-2021 01:57:33.0297 A

################################################################################################################################################
Starting Execution:	[96 out of 143] test cases in the current suite
Test Method:		[testPackage01.Test_NewValidationHelper.f1]
################################################################################################################################################
[ReportManager] Assertion Passed: Checking valid user data @18-09-2021 01:57:33.0301 AM
[ReportManager] Successfully created attachment [Validation Test Data - Expected Value] @18-09-2021 01:57:33.0301 AM
[ReportManager] Successfully created attachment [Validation Test Data - Actual Value] @18-09-2021 01:57:33.0301 AM
[ReportManager] Assertion [ValidateEquals] PASSED. Expected and Actual values are attached. Comparison Type [EQUALS]. Validation Type [POSITIVE]. @18-09-2021 01:57:33.0301 A
[ReportManager] File Action [GetAbsolutePath] successfully performed. With the following test data [Relative Folder Path: "target/downloadedFiles/"]. @18-09-2021 01:57:33.0303 AM
[ReportManager] Attempting to run remotely on: [Linux-64], [GoogleChrome], [http://localhost:4444/wd/hub], Headless Execution. @18-09-2021 01:57:33.0303 AM
[ReportManager] Successfully Opened [GoogleChrome]. @18-09-2021 01:57:33.0582 AM
[ReportManager] Target URL: [https://the-internet.herokuapp.com/] @18-09-2021 01:57:33.0592 AM
[ReportManager] Initial URL: [data:,] @18-09-2021 01:57:33.0635 AM
[ReportManager] Browser Action [NavigateToURL] successfully performed. With the following test data [https://the-internet.herokuapp.com/]. @18-09-2021 01:57:34.0505 A

################################################################################################################################################
Starting Execution:	[97 out of 143] test cases in the current suite
Test Method:		[testPackage01.Test_NewValidationHelper.f10]
################################################################################################################################################
[ReportManager] Assertion [ValidateElementExists] FAILED. Expected [Element Should Exist, locator 'By.tagName: div'] and Actual [Element Exists but is not unique]. Comparison Type [EQUALS]. Validation Type [POSITIVE]. @18-09-2021 01:57:34.0743 AM
[ReportManager] Successfully created attachment [Screenshot - 1631930254684_f10_ValidateElementExists_failed] @18-09-2021 01:57:34.0744 A
[ReportManager] Successfully Closed All Drivers. @18-09-2021 01:57:34.0815 A
[ReportManager] File Action [GetAbsolutePath] successfully performed. With the following test data [Relative Folder Path: "target/downloadedFiles/"]. @18-09-2021 01:57:34.0817 AM
[ReportManager] Attempting to run remotely on: [Linux-64], [GoogleChrome], [http://localhost:4444/wd/hub], Headless Execution. @18-09-2021 01:57:34.0817 AM
[ReportManager] Successfully Opened [GoogleChrome]. @18-09-2021 01:57:35.0012 AM
[ReportManager] Target URL: [https://the-internet.herokuapp.com/] @18-09-2021 01:57:35.0028 AM
[ReportManager] Initial URL: [data:,] @18-09-2021 01:57:35.0064 AM
[ReportManager] Browser Action [NavigateToURL] successfully performed. With the following test data [https://the-internet.herokuapp.com/]. @18-09-2021 01:57:35.0737 A

################################################################################################################################################
Starting Execution:	[98 out of 143] test cases in the current suite
Test Method:		[testPackage01.Test_NewValidationHelper.f11]
################################################################################################################################################
[ReportManager] Assertion Passed: Checking that false tag doesn't exist @18-09-2021 01:57:46.0110 AM
[ReportManager] Successfully created attachment [Screenshot - 1631930266049_f11_ValidateElementExists_passed] @18-09-2021 01:57:46.0111 AM
[ReportManager] Assertion [ValidateElementExists] PASSED. Expected [Element Should not Exist, locator 'By.tagName: h3'] and Actual [Element Doesn't Exists]. Comparison Type [EQUALS]. Validation Type [NEGATIVE]. @18-09-2021 01:57:46.0111 A
[ReportManager] Successfully Closed All Drivers. @18-09-2021 01:57:46.0187 A
[ReportManager] File Action [GetAbsolutePath] successfully performed. With the following test data [Relative Folder Path: "target/downloadedFiles/"]. @18-09-2021 01:57:46.0189 AM
[ReportManager] Attempting to run remotely on: [Linux-64], [GoogleChrome], [http://localhost:4444/wd/hub], Headless Execution. @18-09-2021 01:57:46.0190 AM
[ReportManager] Successfully Opened [GoogleChrome]. @18-09-2021 01:57:46.0369 AM
[ReportManager] Target URL: [https://the-internet.herokuapp.com/] @18-09-2021 01:57:46.0379 AM
[ReportManager] Initial URL: [data:,] @18-09-2021 01:57:46.0432 AM
[ReportManager] Browser Action [NavigateToURL] successfully performed. With the following test data [https://the-internet.herokuapp.com/]. @18-09-2021 01:57:47.0194 A

################################################################################################################################################
Starting Execution:	[99 out of 143] test cases in the current suite
Test Method:		[testPackage01.Test_NewValidationHelper.f12]
################################################################################################################################################
[ReportManager] Loaded Shared OpenCV @18-09-2021 01:57:47.0382 AM
[ReportManager] Assertion [ValidateElementExists] FAILED. Expected [Element Should not Exist, locator 'By.tagName: h1'] and Actual [Element Exists]. Comparison Type [EQUALS]. Validation Type [NEGATIVE]. @18-09-2021 01:57:47.0458 AM
[ReportManager] Successfully created attachment [Screenshot - 1631930267382_f12_ValidateElementExists_failed] @18-09-2021 01:57:47.0459 A
[ReportManager] Successfully Closed All Drivers. @18-09-2021 01:57:47.0530 A
[ReportManager] File Action [GetAbsolutePath] successfully performed. With the following test data [Relative Folder Path: "target/downloadedFiles/"]. @18-09-2021 01:57:47.0532 AM
[ReportManager] Attempting to run remotely on: [Linux-64], [GoogleChrome], [http://localhost:4444/wd/hub], Headless Execution. @18-09-2021 01:57:47.0532 AM
[ReportManager] Successfully Opened [GoogleChrome]. @18-09-2021 01:57:47.0721 AM
[ReportManager] Target URL: [https://the-internet.herokuapp.com/] @18-09-2021 01:57:47.0729 AM
[ReportManager] Initial URL: [data:,] @18-09-2021 01:57:47.0765 AM
[ReportManager] Browser Action [NavigateToURL] successfully performed. With the following test data [https://the-internet.herokuapp.com/]. @18-09-2021 01:57:48.0447 A

################################################################################################################################################
Starting Execution:	[100 out of 143] test cases in the current suite
Test Method:		[testPackage01.Test_NewValidationHelper.f13]
################################################################################################################################################
[ReportManager] Assertion [ValidateElementExists] FAILED. Expected [Element Should not Exist, locator 'By.tagName: div'] and Actual [Element Exists but is not unique]. Comparison Type [EQUALS]. Validation Type [NEGATIVE]. @18-09-2021 01:57:48.0684 AM
[ReportManager] Successfully created attachment [Screenshot - 1631930268614_f13_ValidateElementExists_failed] @18-09-2021 01:57:48.0685 A
[ReportManager] Successfully Closed All Drivers. @18-09-2021 01:57:48.0760 A
[ReportManager] File Action [GetAbsolutePath] successfully performed. With the following test data [Relative Folder Path: "target/downloadedFiles/"]. @18-09-2021 01:57:48.0762 AM
[ReportManager] Attempting to run remotely on: [Linux-64], [GoogleChrome], [http://localhost:4444/wd/hub], Headless Execution. @18-09-2021 01:57:48.0762 AM
[ReportManager] Successfully Opened [GoogleChrome]. @18-09-2021 01:57:48.0970 AM
[ReportManager] Target URL: [https://the-internet.herokuapp.com/] @18-09-2021 01:57:48.0982 AM
[ReportManager] Initial URL: [data:,] @18-09-2021 01:57:49.0042 AM
[ReportManager] Browser Action [NavigateToURL] successfully performed. With the following test data [https://the-internet.herokuapp.com/]. @18-09-2021 01:57:49.0775 A

################################################################################################################################################
Starting Execution:	[101 out of 143] test cases in the current suite
Test Method:		[testPackage01.Test_NewValidationHelper.f14]
################################################################################################################################################
[ReportManager] Element Action [GetText] successfully performed. With the following test data [Welcome to the-internet]. @18-09-2021 01:57:49.0849 AM
[ReportManager] Loaded Shared OpenCV @18-09-2021 01:57:49.0980 AM
[ReportManager] Assertion Passed: Asserting that the header text is correct @18-09-2021 01:57:50.0057 AM
[ReportManager] Successfully created attachment [Screenshot - 1631930269980_f14_ValidateElementAttribute_passed] @18-09-2021 01:57:50.0058 AM
[ReportManager] Assertion [ValidateElementAttribute] PASSED. Expected [Value Should be 'Welcome to the-internet' for the 'text' attribute, element locator 'By.tagName: h1'] and Actual [Welcome to the-internet]. Comparison Type [EQUALS]. Validation Type [POSITIVE]. @18-09-2021 01:57:50.0058 A
[ReportManager] Successfully Closed All Drivers. @18-09-2021 01:57:50.0132 A
[ReportManager] File Action [GetAbsolutePath] successfully performed. With the following test data [Relative Folder Path: "target/downloadedFiles/"]. @18-09-2021 01:57:50.0135 AM
[ReportManager] Attempting to run remotely on: [Linux-64], [GoogleChrome], [http://localhost:4444/wd/hub], Headless Execution. @18-09-2021 01:57:50.0135 AM
[ReportManager] Successfully Opened [GoogleChrome]. @18-09-2021 01:57:50.0317 AM
[ReportManager] Target URL: [https://the-internet.herokuapp.com/] @18-09-2021 01:57:50.0328 AM
[ReportManager] Initial URL: [data:,] @18-09-2021 01:57:50.0364 AM
[ReportManager] Browser Action [NavigateToURL] successfully performed. With the following test data [https://the-internet.herokuapp.com/]. @18-09-2021 01:57:51.0051 A

################################################################################################################################################
Starting Execution:	[102 out of 143] test cases in the current suite
Test Method:		[testPackage01.Test_NewValidationHelper.f15]
################################################################################################################################################
[ReportManager] Element Action [GetText] successfully performed. With the following test data [Welcome to the-internet]. @18-09-2021 01:57:51.0139 AM
[ReportManager] Loaded Shared OpenCV @18-09-2021 01:57:51.0267 AM
[ReportManager] Assertion [ValidateElementAttribute] FAILED. Expected [Value Should not be 'Welcome' for the 'text' attribute, element locator 'By.tagName: h1'] and Actual [Welcome to the-internet]. Comparison Type [CONTAINS]. Validation Type [NEGATIVE]. @18-09-2021 01:57:51.0350 AM
[ReportManager] Successfully created attachment [Screenshot - 1631930271267_f15_ValidateElementAttribute_failed] @18-09-2021 01:57:51.0351 A
[ReportManager] Successfully Closed All Drivers. @18-09-2021 01:57:51.0423 A
[ReportManager] File Action [GetAbsolutePath] successfully performed. With the following test data [Relative Folder Path: "target/downloadedFiles/"]. @18-09-2021 01:57:51.0425 AM
[ReportManager] Attempting to run remotely on: [Linux-64], [GoogleChrome], [http://localhost:4444/wd/hub], Headless Execution. @18-09-2021 01:57:51.0425 AM
[ReportManager] Successfully Opened [GoogleChrome]. @18-09-2021 01:57:51.0660 AM
[ReportManager] Target URL: [https://the-internet.herokuapp.com/] @18-09-2021 01:57:51.0678 AM
[ReportManager] Initial URL: [data:,] @18-09-2021 01:57:51.0715 AM
[ReportManager] Browser Action [NavigateToURL] successfully performed. With the following test data [https://the-internet.herokuapp.com/]. @18-09-2021 01:57:52.0391 A

################################################################################################################################################
Starting Execution:	[103 out of 143] test cases in the current suite
Test Method:		[testPackage01.Test_NewValidationHelper.f16]
################################################################################################################################################
[ReportManager] Element Action [IdentifyUniqueElement] failed. With the following test data [zero elements found matching this locator "By.tagName: h3".]. @18-09-2021 01:58:17.0922 AM
[ReportManager] Successfully created attachment [Screenshot - 1631930297862_f16_IdentifyUniqueElement_failed] @18-09-2021 01:58:17.0922 AM
[ReportManager] Assertion [ValidateElementAttribute] FAILED. Expected [Value Should not be 'Welcome' for the 'text' attribute, element locator 'By.tagName: h3'] and Actual [Failed to read the desired element attribute]. Comparison Type [CONTAINS]. Validation Type [NEGATIVE]. @18-09-2021 01:58:17.0923 A
[ReportManager] Successfully Closed All Drivers. @18-09-2021 01:58:17.0998 A
[ReportManager] File Action [GetAbsolutePath] successfully performed. With the following test data [Relative Folder Path: "target/downloadedFiles/"]. @18-09-2021 01:58:18.0000 AM
[ReportManager] Attempting to run remotely on: [Linux-64], [GoogleChrome], [http://localhost:4444/wd/hub], Headless Execution. @18-09-2021 01:58:18.0000 AM
[ReportManager] Successfully Opened [GoogleChrome]. @18-09-2021 01:58:18.0203 AM
[ReportManager] Target URL: [https://the-internet.herokuapp.com/] @18-09-2021 01:58:18.0225 AM
[ReportManager] Initial URL: [data:,] @18-09-2021 01:58:18.0264 AM
[ReportManager] Browser Action [NavigateToURL] successfully performed. With the following test data [https://the-internet.herokuapp.com/]. @18-09-2021 01:58:18.0985 A

################################################################################################################################################
Starting Execution:	[104 out of 143] test cases in the current suite
Test Method:		[testPackage01.Test_NewValidationHelper.f17]
################################################################################################################################################
[ReportManager] Attempting to getAttribute [text2] from elementLocator [By.tagName: h1]. @18-09-2021 01:58:18.0989 AM
[ReportManager] Element Action [GetAttribute] successfully performed. @18-09-2021 01:58:19.0065 AM
[ReportManager] Loaded Shared OpenCV @18-09-2021 01:58:19.0197 AM
[ReportManager] Assertion [ValidateElementAttribute] PASSED. Expected [Value Should not be 'Welcome' for the 'text2' attribute, element locator 'By.tagName: h1'] and Actual [null]. Comparison Type [CONTAINS]. Validation Type [NEGATIVE]. @18-09-2021 01:58:19.0286 AM
[ReportManager] Successfully created attachment [Screenshot - 1631930299197_f17_ValidateElementAttribute_passed] @18-09-2021 01:58:19.0287 A
[ReportManager] Successfully Closed All Drivers. @18-09-2021 01:58:19.0361 A
[ReportManager] File Action [GetAbsolutePath] successfully performed. With the following test data [Relative Folder Path: "target/downloadedFiles/"]. @18-09-2021 01:58:19.0363 AM
[ReportManager] Attempting to run remotely on: [Linux-64], [GoogleChrome], [http://localhost:4444/wd/hub], Headless Execution. @18-09-2021 01:58:19.0363 AM
[ReportManager] Successfully Opened [GoogleChrome]. @18-09-2021 01:58:19.0549 AM
[ReportManager] Target URL: [https://the-internet.herokuapp.com/] @18-09-2021 01:58:19.0559 AM
[ReportManager] Initial URL: [data:,] @18-09-2021 01:58:19.0595 AM
[ReportManager] Browser Action [NavigateToURL] successfully performed. With the following test data [https://the-internet.herokuapp.com/]. @18-09-2021 01:58:20.0305 A

################################################################################################################################################
Starting Execution:	[105 out of 143] test cases in the current suite
Test Method:		[testPackage01.Test_NewValidationHelper.f18]
################################################################################################################################################
[ReportManager] Element Action [GetText] successfully performed. With the following test data [Welcome to the-internet]. @18-09-2021 01:58:20.0386 AM
[ReportManager] Loaded Shared OpenCV @18-09-2021 01:58:20.0530 AM
[ReportManager] Assertion [ValidateElementAttribute] PASSED. Expected [Value Should not be 'no' for the 'text' attribute, element locator 'By.tagName: h1'] and Actual [Welcome to the-internet]. Comparison Type [CONTAINS]. Validation Type [NEGATIVE]. @18-09-2021 01:58:20.0607 AM
[ReportManager] Successfully created attachment [Screenshot - 1631930300530_f18_ValidateElementAttribute_passed] @18-09-2021 01:58:20.0608 A
[ReportManager] Successfully Closed All Drivers. @18-09-2021 01:58:20.0680 A
[ReportManager] File Action [GetAbsolutePath] successfully performed. With the following test data [Relative Folder Path: "target/downloadedFiles/"]. @18-09-2021 01:58:20.0682 AM
[ReportManager] Attempting to run remotely on: [Linux-64], [GoogleChrome], [http://localhost:4444/wd/hub], Headless Execution. @18-09-2021 01:58:20.0682 AM
[ReportManager] Successfully Opened [GoogleChrome]. @18-09-2021 01:58:20.0872 AM
[ReportManager] Target URL: [https://the-internet.herokuapp.com/] @18-09-2021 01:58:20.0885 AM
[ReportManager] Initial URL: [data:,] @18-09-2021 01:58:20.0921 AM
[ReportManager] Browser Action [NavigateToURL] successfully performed. With the following test data [https://the-internet.herokuapp.com/]. @18-09-2021 01:58:21.0629 A

################################################################################################################################################
Starting Execution:	[106 out of 143] test cases in the current suite
Test Method:		[testPackage01.Test_NewValidationHelper.f19]
################################################################################################################################################
[ReportManager] Element Action [GetTagName] successfully performed. With the following test data [h1]. @18-09-2021 01:58:21.0693 AM
[ReportManager] Loaded Shared OpenCV @18-09-2021 01:58:21.0830 AM
[ReportManager] Assertion [ValidateElementAttribute] PASSED. Expected [Value Should be 'h' for the 'tagname' attribute, element locator 'By.tagName: h1'] and Actual [h1]. Comparison Type [CONTAINS]. Validation Type [POSITIVE]. @18-09-2021 01:58:21.0917 AM
[ReportManager] Successfully created attachment [Screenshot - 1631930301830_f19_ValidateElementAttribute_passed] @18-09-2021 01:58:21.0918 A
[ReportManager] Successfully Closed All Drivers. @18-09-2021 01:58:21.0991 A

################################################################################################################################################
Starting Execution:	[107 out of 143] test cases in the current suite
Test Method:		[testPackage01.Test_NewValidationHelper.f2]
################################################################################################################################################
[ReportManager] Assertion Failed: Checking valid user data @18-09-2021 01:58:21.0993 AM
[ReportManager] Assertion [ValidateEquals] FAILED. Expected [1] and Actual [2]. Comparison Type [EQUALS]. Validation Type [POSITIVE]. @18-09-2021 01:58:21.0993 A
[ReportManager] File Action [GetAbsolutePath] successfully performed. With the following test data [Relative Folder Path: "target/downloadedFiles/"]. @18-09-2021 01:58:21.0995 AM
[ReportManager] Attempting to run remotely on: [Linux-64], [GoogleChrome], [http://localhost:4444/wd/hub], Headless Execution. @18-09-2021 01:58:21.0995 AM
[ReportManager] Successfully Opened [GoogleChrome]. @18-09-2021 01:58:22.0189 AM
[ReportManager] Target URL: [https://the-internet.herokuapp.com/] @18-09-2021 01:58:22.0198 AM
[ReportManager] Initial URL: [data:,] @18-09-2021 01:58:22.0239 AM
[ReportManager] Browser Action [NavigateToURL] successfully performed. With the following test data [https://the-internet.herokuapp.com/]. @18-09-2021 01:58:22.0930 A

################################################################################################################################################
Starting Execution:	[108 out of 143] test cases in the current suite
Test Method:		[testPackage01.Test_NewValidationHelper.f20]
################################################################################################################################################
[ReportManager] Element Action [GetSize] successfully performed. With the following test data [(755, 61)]. @18-09-2021 01:58:23.0020 AM
[ReportManager] Loaded Shared OpenCV @18-09-2021 01:58:23.0203 AM
[ReportManager] Assertion [ValidateElementAttribute] PASSED. Expected [Value Should not be 'a' for the 'size' attribute, element locator 'By.tagName: h1'] and Actual [(755, 61)]. Comparison Type [CONTAINS]. Validation Type [NEGATIVE]. @18-09-2021 01:58:23.0277 AM
[ReportManager] Successfully created attachment [Screenshot - 1631930303203_f20_ValidateElementAttribute_passed] @18-09-2021 01:58:23.0278 A
[ReportManager] Successfully Closed All Drivers. @18-09-2021 01:58:23.0353 A
[ReportManager] File Action [GetAbsolutePath] successfully performed. With the following test data [Relative Folder Path: "target/downloadedFiles/"]. @18-09-2021 01:58:23.0355 AM
[ReportManager] Attempting to run remotely on: [Linux-64], [GoogleChrome], [http://localhost:4444/wd/hub], Headless Execution. @18-09-2021 01:58:23.0355 AM
[ReportManager] Successfully Opened [GoogleChrome]. @18-09-2021 01:58:23.0537 AM
[ReportManager] Target URL: [https://the-internet.herokuapp.com/] @18-09-2021 01:58:23.0548 AM
[ReportManager] Initial URL: [data:,] @18-09-2021 01:58:23.0583 AM
[ReportManager] Browser Action [NavigateToURL] successfully performed. With the following test data [https://the-internet.herokuapp.com/]. @18-09-2021 01:58:24.0289 A

################################################################################################################################################
Starting Execution:	[109 out of 143] test cases in the current suite
Test Method:		[testPackage01.Test_NewValidationHelper.f21]
################################################################################################################################################
[ReportManager] Element Action [IdentifyUniqueElement] failed. With the following test data [zero elements found matching this locator "By.tagName: h3".]. @18-09-2021 01:58:49.0816 AM
[ReportManager] Successfully created attachment [Screenshot - 1631930329745_f21_IdentifyUniqueElement_failed] @18-09-2021 01:58:49.0817 AM
[ReportManager] Assertion [ValidateElementAttribute] FAILED. Expected [Value Should be 'Welcome' for the 'text' attribute, element locator 'By.tagName: h3'] and Actual [Failed to read the desired element attribute]. Comparison Type [CONTAINS]. Validation Type [POSITIVE]. @18-09-2021 01:58:49.0817 A
[ReportManager] Successfully Closed All Drivers. @18-09-2021 01:58:49.0893 A
[ReportManager] File Action [GetAbsolutePath] successfully performed. With the following test data [Relative Folder Path: "target/downloadedFiles/"]. @18-09-2021 01:58:49.0895 AM
[ReportManager] Attempting to run remotely on: [Linux-64], [GoogleChrome], [http://localhost:4444/wd/hub], Headless Execution. @18-09-2021 01:58:49.0895 AM
[ReportManager] Successfully Opened [GoogleChrome]. @18-09-2021 01:58:50.0073 AM
[ReportManager] Target URL: [https://the-internet.herokuapp.com/] @18-09-2021 01:58:50.0082 AM
[ReportManager] Initial URL: [data:,] @18-09-2021 01:58:50.0119 AM
[ReportManager] Browser Action [NavigateToURL] successfully performed. With the following test data [https://the-internet.herokuapp.com/]. @18-09-2021 01:58:50.0852 A

################################################################################################################################################
Starting Execution:	[110 out of 143] test cases in the current suite
Test Method:		[testPackage01.Test_NewValidationHelper.f22]
################################################################################################################################################
[ReportManager] Element Action [GetText] successfully performed. With the following test data [Welcome to the-internet]. @18-09-2021 01:58:50.0925 AM
[ReportManager] Loaded Shared OpenCV @18-09-2021 01:58:51.0062 AM
[ReportManager] Assertion [ValidateElementAttribute] FAILED. Expected [Value Should be 'yyy' for the 'text' attribute, element locator 'By.tagName: h1'] and Actual [Welcome to the-internet]. Comparison Type [CONTAINS]. Validation Type [POSITIVE]. @18-09-2021 01:58:51.0139 AM
[ReportManager] Successfully created attachment [Screenshot - 1631930331062_f22_ValidateElementAttribute_failed] @18-09-2021 01:58:51.0140 A
[ReportManager] Successfully Closed All Drivers. @18-09-2021 01:58:51.0262 A

################################################################################################################################################
Starting Execution:	[111 out of 143] test cases in the current suite
Test Method:		[testPackage01.Test_NewValidationHelper.f23]
################################################################################################################################################
[ReportManager] Assertion Passed: confirming that the actual is greater than or equal to the expected @18-09-2021 01:58:51.0267 AM
[ReportManager] Assertion [ValidateComparativeRelation] PASSED. Expected [1] and Actual [1]. Comparison Type [GREATER_THAN_OR_EQUALS]. Validation Type [POSITIVE]. @18-09-2021 01:58:51.0267 A

################################################################################################################################################
Starting Execution:	[112 out of 143] test cases in the current suite
Test Method:		[testPackage01.Test_NewValidationHelper.f24]
################################################################################################################################################
[ReportManager] Assertion [ValidateComparativeRelation] PASSED. Expected [1] and Actual [10]. Comparison Type [GREATER_THAN_OR_EQUALS]. Validation Type [POSITIVE]. @18-09-2021 01:58:51.0269 A

################################################################################################################################################
Starting Execution:	[113 out of 143] test cases in the current suite
Test Method:		[testPackage01.Test_NewValidationHelper.f25]
################################################################################################################################################
[ReportManager] Assertion [ValidateComparativeRelation] PASSED. Expected [1] and Actual [1]. Comparison Type [EQUALS]. Validation Type [POSITIVE]. @18-09-2021 01:58:51.0271 A

################################################################################################################################################
Starting Execution:	[114 out of 143] test cases in the current suite
Test Method:		[testPackage01.Test_NewValidationHelper.f26]
################################################################################################################################################
[ReportManager] Assertion [ValidateComparativeRelation] PASSED. Expected [1] and Actual [5]. Comparison Type [GREATER_THAN]. Validation Type [POSITIVE]. @18-09-2021 01:58:51.0274 A

################################################################################################################################################
Starting Execution:	[115 out of 143] test cases in the current suite
Test Method:		[testPackage01.Test_NewValidationHelper.f27]
################################################################################################################################################
[ReportManager] Assertion [ValidateComparativeRelation] PASSED. Expected [11] and Actual [5]. Comparison Type [LESS_THAN]. Validation Type [POSITIVE]. @18-09-2021 01:58:51.0276 A

################################################################################################################################################
Starting Execution:	[116 out of 143] test cases in the current suite
Test Method:		[testPackage01.Test_NewValidationHelper.f28]
################################################################################################################################################
[ReportManager] Assertion [ValidateComparativeRelation] PASSED. Expected [11] and Actual [5]. Comparison Type [LESS_THAN_OR_EQUALS]. Validation Type [POSITIVE]. @18-09-2021 01:58:51.0278 A

################################################################################################################################################
Starting Execution:	[117 out of 143] test cases in the current suite
Test Method:		[testPackage01.Test_NewValidationHelper.f29]
################################################################################################################################################
[ReportManager] Assertion [ValidateComparativeRelation] PASSED. Expected [11] and Actual [11]. Comparison Type [LESS_THAN_OR_EQUALS]. Validation Type [POSITIVE]. @18-09-2021 01:58:51.0280 A

################################################################################################################################################
Starting Execution:	[118 out of 143] test cases in the current suite
Test Method:		[testPackage01.Test_NewValidationHelper.f3]
################################################################################################################################################
[ReportManager] Assertion [ValidateEquals] PASSED. Expected [1] and Actual [2]. Comparison Type [EQUALS]. Validation Type [NEGATIVE]. @18-09-2021 01:58:51.0282 A

################################################################################################################################################
Starting Execution:	[119 out of 143] test cases in the current suite
Test Method:		[testPackage01.Test_NewValidationHelper.f30]
################################################################################################################################################
[ReportManager] Assertion [ValidateComparativeRelation] FAILED. Expected [-9] and Actual [11]. Comparison Type [LESS_THAN_OR_EQUALS]. Validation Type [POSITIVE]. @18-09-2021 01:58:51.0284 A

################################################################################################################################################
Starting Execution:	[120 out of 143] test cases in the current suite
Test Method:		[testPackage01.Test_NewValidationHelper.f31]
################################################################################################################################################
[ReportManager] Assertion [ValidateTrue] PASSED. Expected [TRUE] and Actual [TRUE]. Validation Type [POSITIVE]. @18-09-2021 01:58:51.0286 A

################################################################################################################################################
Starting Execution:	[121 out of 143] test cases in the current suite
Test Method:		[testPackage01.Test_NewValidationHelper.f32]
################################################################################################################################################
[ReportManager] Assertion [ValidateTrue] PASSED. Expected [FALSE] and Actual [FALSE]. Validation Type [NEGATIVE]. @18-09-2021 01:58:51.0287 A

################################################################################################################################################
Starting Execution:	[122 out of 143] test cases in the current suite
Test Method:		[testPackage01.Test_NewValidationHelper.f33]
################################################################################################################################################
[ReportManager] Assertion [ValidateTrue] FAILED. Expected [FALSE] and Actual [TRUE]. Validation Type [NEGATIVE]. @18-09-2021 01:58:51.0289 A

################################################################################################################################################
Starting Execution:	[123 out of 143] test cases in the current suite
Test Method:		[testPackage01.Test_NewValidationHelper.f34]
################################################################################################################################################
[ReportManager] Assertion [ValidateTrue] FAILED. Expected [TRUE] and Actual [FALSE]. Validation Type [POSITIVE]. @18-09-2021 01:58:51.0291 A

################################################################################################################################################
Starting Execution:	[124 out of 143] test cases in the current suite
Test Method:		[testPackage01.Test_NewValidationHelper.f35]
################################################################################################################################################
[ReportManager] File Action [DoesFileExist] successfully performed. With the following test data [File Path: "pom.xml"]. @18-09-2021 01:58:51.0293 AM
[ReportManager] Assertion [ValidateFileExists] PASSED. Expected [File 'pom.xml' should exist, after up to '1' retries] and Actual [File exists]. Validation Type [POSITIVE]. @18-09-2021 01:58:51.0293 A

################################################################################################################################################
Starting Execution:	[125 out of 143] test cases in the current suite
Test Method:		[testPackage01.Test_NewValidationHelper.f36]
################################################################################################################################################
[ReportManager] File Action [DoesFileExist] successfully performed. With the following test data [File Path: "src/test/java/testPackage01/Test_NewValidationHelper.java"]. @18-09-2021 01:58:51.0295 AM
[ReportManager] Assertion [ValidateFileExists] PASSED. Expected [File 'src/test/java/testPackage01/Test_NewValidationHelper.java' should exist, after up to '1' retries] and Actual [File exists]. Validation Type [POSITIVE]. @18-09-2021 01:58:51.0295 A

################################################################################################################################################
Starting Execution:	[126 out of 143] test cases in the current suite
Test Method:		[testPackage01.Test_NewValidationHelper.f37]
################################################################################################################################################
[ReportManager] File Action [DoesFileExist] successfully performed. With the following test data [File Path: "pom.xml"]. @18-09-2021 01:58:51.0296 AM
[ReportManager] Assertion Failed: confirming that the file does't exist after 5 retries @18-09-2021 01:58:51.0297 AM
[ReportManager] Assertion [ValidateFileExists] FAILED. Expected [File 'pom.xml' should not exist, after up to '5' retries] and Actual [File exists]. Validation Type [NEGATIVE]. @18-09-2021 01:58:51.0297 A

################################################################################################################################################
Starting Execution:	[127 out of 143] test cases in the current suite
Test Method:		[testPackage01.Test_NewValidationHelper.f3_1]
################################################################################################################################################
[ReportManager] Assertion Passed: Checking valid user data @18-09-2021 01:58:51.0298 AM
[ReportManager] Assertion [ValidateEquals] PASSED. Expected [null] and Actual [null]. Comparison Type [EQUALS]. Validation Type [POSITIVE]. @18-09-2021 01:58:51.0298 A

################################################################################################################################################
Starting Execution:	[128 out of 143] test cases in the current suite
Test Method:		[testPackage01.Test_NewValidationHelper.f4]
################################################################################################################################################
[ReportManager] Assertion [ValidateEquals] PASSED. Expected [1] and Actual [123]. Comparison Type [CONTAINS]. Validation Type [POSITIVE]. @18-09-2021 01:58:51.0300 A

################################################################################################################################################
Starting Execution:	[129 out of 143] test cases in the current suite
Test Method:		[testPackage01.Test_NewValidationHelper.f5]
################################################################################################################################################
[ReportManager] Assertion [ValidateNull] PASSED. Expected [NULL] and Actual [1]. Comparison Type [EQUALS]. Validation Type [NEGATIVE]. @18-09-2021 01:58:51.0302 A

################################################################################################################################################
Starting Execution:	[130 out of 143] test cases in the current suite
Test Method:		[testPackage01.Test_NewValidationHelper.f6]
################################################################################################################################################
[ReportManager] Assertion Failed: Making sure that null string is not equal to null object @18-09-2021 01:58:51.0303 AM
[ReportManager] Assertion [ValidateNull] FAILED. Expected [NULL] and Actual [NULL]. Comparison Type [EQUALS]. Validation Type [POSITIVE]. @18-09-2021 01:58:51.0303 A

################################################################################################################################################
Starting Execution:	[131 out of 143] test cases in the current suite
Test Method:		[testPackage01.Test_NewValidationHelper.f6_1]
################################################################################################################################################
[ReportManager] Assertion [ValidateNull] FAILED. Expected [NULL] and Actual [NULL]. Comparison Type [EQUALS]. Validation Type [NEGATIVE]. @18-09-2021 01:58:51.0305 A

################################################################################################################################################
Starting Execution:	[132 out of 143] test cases in the current suite
Test Method:		[testPackage01.Test_NewValidationHelper.f6_2]
################################################################################################################################################
[ReportManager] Assertion Failed: Making sure that null string is not equal to null object @18-09-2021 01:58:51.0307 AM
[ReportManager] Assertion [ValidateNull] FAILED. Expected [NULL] and Actual [not null]. Comparison Type [EQUALS]. Validation Type [POSITIVE]. @18-09-2021 01:58:51.0307 A

################################################################################################################################################
Starting Execution:	[133 out of 143] test cases in the current suite
Test Method:		[testPackage01.Test_NewValidationHelper.f7]
################################################################################################################################################
[ReportManager] Assertion [ValidateNull] PASSED. Expected [NULL] and Actual [NULL]. Comparison Type [EQUALS]. Validation Type [POSITIVE]. @18-09-2021 01:58:51.0309 A
[ReportManager] File Action [GetAbsolutePath] successfully performed. With the following test data [Relative Folder Path: "target/downloadedFiles/"]. @18-09-2021 01:58:51.0310 AM
[ReportManager] Attempting to run remotely on: [Linux-64], [GoogleChrome], [http://localhost:4444/wd/hub], Headless Execution. @18-09-2021 01:58:51.0310 AM
[ReportManager] Successfully Opened [GoogleChrome]. @18-09-2021 01:58:51.0487 AM
[ReportManager] Target URL: [https://the-internet.herokuapp.com/] @18-09-2021 01:58:51.0503 AM
[ReportManager] Initial URL: [data:,] @18-09-2021 01:58:51.0560 AM
[ReportManager] Browser Action [NavigateToURL] successfully performed. With the following test data [https://the-internet.herokuapp.com/]. @18-09-2021 01:58:52.0268 A

################################################################################################################################################
Starting Execution:	[134 out of 143] test cases in the current suite
Test Method:		[testPackage01.Test_NewValidationHelper.f8]
################################################################################################################################################
[ReportManager] Loaded Shared OpenCV @18-09-2021 01:58:52.0462 AM
[ReportManager] Assertion [ValidateElementExists] PASSED. Expected [Element Should Exist, locator 'By.tagName: h1'] and Actual [Element Exists]. Comparison Type [EQUALS]. Validation Type [POSITIVE]. @18-09-2021 01:58:52.0549 AM
[ReportManager] Successfully created attachment [Screenshot - 1631930332462_f8_ValidateElementExists_passed] @18-09-2021 01:58:52.0550 A
[ReportManager] Successfully Closed All Drivers. @18-09-2021 01:58:52.0624 A
[ReportManager] File Action [GetAbsolutePath] successfully performed. With the following test data [Relative Folder Path: "target/downloadedFiles/"]. @18-09-2021 01:58:52.0625 AM
[ReportManager] Attempting to run remotely on: [Linux-64], [GoogleChrome], [http://localhost:4444/wd/hub], Headless Execution. @18-09-2021 01:58:52.0626 AM
[ReportManager] Successfully Opened [GoogleChrome]. @18-09-2021 01:58:52.0805 AM
[ReportManager] Target URL: [https://the-internet.herokuapp.com/] @18-09-2021 01:58:52.0814 AM
[ReportManager] Initial URL: [data:,] @18-09-2021 01:58:52.0848 AM
[ReportManager] Browser Action [NavigateToURL] successfully performed. With the following test data [https://the-internet.herokuapp.com/]. @18-09-2021 01:58:53.0555 A

################################################################################################################################################
Starting Execution:	[135 out of 143] test cases in the current suite
Test Method:		[testPackage01.Test_NewValidationHelper.f9]
################################################################################################################################################
[ReportManager] Assertion [ValidateElementExists] FAILED. Expected [Element Should Exist, locator 'By.tagName: h3'] and Actual [Element Doesn't Exists]. Comparison Type [EQUALS]. Validation Type [POSITIVE]. @18-09-2021 01:59:24.0208 AM
[ReportManager] Successfully created attachment [Screenshot - 1631930364147_f9_ValidateElementExists_failed] @18-09-2021 01:59:24.0209 A
[ReportManager] Successfully Closed All Drivers. @18-09-2021 01:59:24.0283 A

################################################################################################################################################
Starting Execution:	[136 out of 143] test cases in the current suite
Test Method:		[testPackage01.Test_NewValidationHelper.forceFail]
################################################################################################################################################
[ReportManager] Assertion [ValidateFail] FAILED. Successfully force failed the test. @18-09-2021 01:59:24.0286 A

################################################################################################################################################
Starting Execution:	[137 out of 143] test cases in the current suite
Test Method:		[testPackage01.Test_NewValidationHelper.forceFail2]
################################################################################################################################################
[ReportManager] Assertion Failed: Custom Message @18-09-2021 01:59:24.0288 AM
[ReportManager] Assertion [ValidateFail] FAILED. Successfully force failed the test. @18-09-2021 01:59:24.0288 A

################################################################################################################################################
Starting Execution:	[138 out of 143] test cases in the current suite
Test Method:		[testPackage01.Test_sendGraphqlRequest.sendGraphqlRequestUsingMutationAndVariables]
################################################################################################################################################
[ReportManager] GraphQl Request is being Performed with the Following Parameters [Service URL: https://api.spacex.land/graphql | Request Body: {"variables":"{\"name\": \"sherlock holmes\",\"rocket\": \"221B Baker Street\"}","query":"mutation ($name: String, $rocket: String) {\n  insert_users(objects: {name: $name, rocket: $rocket}) {\n    returning {\n      name\n      rocket\n    }\n  }\n}"}] @18-09-2021 01:59:24.0291 AM
[ReportManager] Response status code: [200], status line: [HTTP/1.1 200 OK] @18-09-2021 01:59:24.0675 AM
[ReportManager] Assertion Passed: Evaluating the actual response status code against the expected one... @18-09-2021 01:59:24.0675 AM
[ReportManager] Assertion [ValidateEquals] PASSED. Expected [200] and Actual [200]. Comparison Type [EQUALS]. Validation Type [POSITIVE]. @18-09-2021 01:59:24.0675 AM
[ReportManager] API Action [PerformRequest] successfully performed. With the following test data [Request Type: "POST" | Target Status Code: "200" | Service URL: "https://api.spacex.land/graphql" | Content Type: "application/json" | Response Time: "316ms"]. @18-09-2021 01:59:24.0687 AM
[ReportManager] Successfully created attachment [API Request - Specifications] @18-09-2021 01:59:24.0687 AM
[ReportManager] Successfully created attachment [API Request - JSON Body] @18-09-2021 01:59:24.0687 AM
[ReportManager] Successfully created attachment [API Response - JSON Body] @18-09-2021 01:59:24.0688 AM
[ReportManager] API Action [GetResponseJSONValue] successfully performed. With the following test data [data.insert_users.returning[0].name]. @18-09-2021 01:59:24.0724 AM
[ReportManager] Assertion [ValidateEquals] PASSED. Expected [sherlock holmes] and Actual [sherlock holmes]. Comparison Type [EQUALS]. Validation Type [POSITIVE]. @18-09-2021 01:59:24.0724 A

################################################################################################################################################
Starting Execution:	[139 out of 143] test cases in the current suite
Test Method:		[testPackage01.Test_sendGraphqlRequest.sendGraphqlRequestUsingQuery]
################################################################################################################################################
[ReportManager] GraphQl Request is being Performed with the Following Parameters [Service URL: https://api.spacex.land/graphql | Request Body: {"query":"{company {ceo}}"}] @18-09-2021 01:59:24.0731 AM
[ReportManager] Response status code: [200], status line: [HTTP/1.1 200 OK] @18-09-2021 01:59:24.0904 AM
[ReportManager] Assertion Passed: Evaluating the actual response status code against the expected one... @18-09-2021 01:59:24.0905 AM
[ReportManager] Assertion [ValidateEquals] PASSED. Expected [200] and Actual [200]. Comparison Type [EQUALS]. Validation Type [POSITIVE]. @18-09-2021 01:59:24.0905 AM
[ReportManager] API Action [PerformRequest] successfully performed. With the following test data [Request Type: "POST" | Target Status Code: "200" | Service URL: "https://api.spacex.land/graphql" | Content Type: "application/json" | Response Time: "169ms"]. @18-09-2021 01:59:24.0914 AM
[ReportManager] Successfully created attachment [API Request - Specifications] @18-09-2021 01:59:24.0915 AM
[ReportManager] Successfully created attachment [API Request - JSON Body] @18-09-2021 01:59:24.0915 AM
[ReportManager] Successfully created attachment [API Response - JSON Body] @18-09-2021 01:59:24.0915 AM
[ReportManager] API Action [GetResponseJSONValue] successfully performed. With the following test data [data.company.ceo]. @18-09-2021 01:59:24.0926 AM
[ReportManager] Assertion [ValidateEquals] PASSED. Expected [Elon Musk] and Actual [Elon Musk]. Comparison Type [EQUALS]. Validation Type [POSITIVE]. @18-09-2021 01:59:24.0926 A

################################################################################################################################################
Starting Execution:	[140 out of 143] test cases in the current suite
Test Method:		[testPackage01.Test_chainableElementActions.chainElementActions]
################################################################################################################################################
[ReportManager] File Action [GetAbsolutePath] successfully performed. With the following test data [Relative Folder Path: "target/downloadedFiles/"]. @18-09-2021 01:59:24.0935 AM
[ReportManager] Attempting to run remotely on: [Linux-64], [GoogleChrome], [http://localhost:4444/wd/hub], Headless Execution. @18-09-2021 01:59:24.0935 AM
[ReportManager] Successfully Opened [GoogleChrome]. @18-09-2021 01:59:25.0131 AM
[ReportManager] Target URL: [https://www.google.com/ncr], and after redirection: [https://www.google.com] @18-09-2021 01:59:25.0140 AM
[ReportManager] Initial URL: [data:,] @18-09-2021 01:59:25.0180 AM
[ReportManager] Browser Action [NavigateToURL] successfully performed. With the following test data [https://www.google.com/ncr]. @18-09-2021 01:59:26.0231 AM
[ReportManager] Element Action [Type] successfully performed. With the following test data [chained type 1]. @18-09-2021 01:59:26.0559 AM
[ReportManager] Element Action [Type] successfully performed. With the following test data [chained type 2]. @18-09-2021 01:59:26.0843 AM
[ReportManager] Element Action [TypeAppend] successfully performed. With the following test data [345]. @18-09-2021 01:59:26.0936 AM
[ReportManager] Element Action [GetText] successfully performed. With the following test data [chained type 2345]. @18-09-2021 01:59:27.0035 AM
[ReportManager] Loaded Shared OpenCV @18-09-2021 01:59:27.0207 AM
[ReportManager] Assertion [ValidateElementAttribute] PASSED. Expected [Value Should be 'chained type 2345' for the 'text' attribute, element locator 'By.name: q'] and Actual [chained type 2345]. Comparison Type [EQUALS]. Validation Type [POSITIVE]. @18-09-2021 01:59:27.0278 AM
[ReportManager] Successfully created attachment [Screenshot - 1631930367207_chainElementActions_ValidateElementAttribute_passed] @18-09-2021 01:59:27.0279 AM
[ReportManager] Browser Action [CloseCurrentWindow] successfully performed. @18-09-2021 01:59:27.0396 AM
[ReportManager] Successfully created attachment [Browser Action Test Data - CloseCurrentWindow - Actual Value] @18-09-2021 01:59:27.0397 A

################################################################################################################################################
Starting Execution:	[141 out of 143] test cases in the current suite
Test Method:		[testPackage01.Test_SkipDueToIssue.doNotSkip]
################################################################################################################################################
[ReportManager] This should not be skipped. @18-09-2021 01:59:27.0405 A

################################################################################################################################################
Starting Execution:	[142 out of 143] test cases in the current suite
Test Method:		[testPackage01.Test_SkipDueToIssue.skip]
################################################################################################################################################
[ReportManager] This should be skipped. @18-09-2021 01:59:27.0412 A

################################################################################################################################################
Starting Execution:	[143 out of 143] test cases in the current suite
Test Method:		[testPackage01.Test_SkipDueToIssue.skip2]
################################################################################################################################################
[ReportManager] This should be skipped. @18-09-2021 01:59:27.0417 A

################################################################################################################################################
Test Closure Activities
################################################################################################################################################
[ReportManager] Successfully created attachment [SHAFT Engine Logs - Execution log] @18-09-2021 01:59:27.0447 AM

################################################################################################################################################
This test run was powered by SHAFT Engine Version: [SHAFT Engine v5.3.20210902]
SHAFT Engine is licensed under the MIT License: [https://github.com/MohabMohie/SHAFT_ENGINE/blob/master/LICENSE].
################################################################################################################################################