################################################################################################################################################
Detected SHAFT Engine Version: [SHAFT Engine v5.4.20211117-BETA]
################################################################################################################################################
[ReportManager] File Action [GetAbsolutePath] successfully performed. With the following test data [Relative Folder Path: "target/downloadedFiles/"]. @19-11-2021 15:38:43.0623 PM
[ReportManager] Attempting to run locally on: [Mac-64], [Safari], Headless Execution. @19-11-2021 15:38:43.0639 PM
[ReportManager] Successfully Opened Safari. @19-11-2021 15:38:47.0908 PM
[ReportManager] Initial window size: (800, 600) @19-11-2021 15:38:47.0928 PM
[ReportManager] Window size after SWD Maximize: (1176, 810) @19-11-2021 15:38:47.0952 PM
[ReportManager] Browser Action [MaximizeWindow] successfully performed. With the following test data [New screen size is now: (1176, 810)]. @19-11-2021 15:38:47.0971 P

################################################################################################################################################
Starting Execution:	[1 out of 146] test cases in the current suite
Test Method:		[unitTests.tests_element_elementActions.waitForElementToBePresent_false_expectedToFail]
################################################################################################################################################
[ReportManager] Target URL: [https://www.google.com/ncr], and after redirection: [www.google.com] @19-11-2021 15:38:48.0126 PM
[ReportManager] Initial URL: [] @19-11-2021 15:38:48.0191 PM
[ReportManager] Browser Action [NavigateToURL] successfully performed. With the following test data [https://www.google.com/ncr]. @19-11-2021 15:38:49.0695 PM
[ReportManager] Waiting for element to be present; elementLocator [By.xpath: //*[@id='hplogo' or @alt='Google']], numberOfTries[1], stateOfPresence[false]... @19-11-2021 15:38:49.0704 PM
[ReportManager] Element Action [WaitForElementToBePresent] failed. With the following test data [waited for the element's state of presence to be (false). Element locator (By.xpath: //*[@id='hplogo' or @alt='Google'])]. @19-11-2021 15:38:52.0150 PM
[ReportManager] Successfully created attachment [Screenshot - 1637336329792_waitForElementToBePresent_false_expectedToFail_WaitForElementToBePresent_failed] @19-11-2021 15:38:52.0163 P
[ReportManager] Browser Action [CloseCurrentWindow] successfully performed. @19-11-2021 15:38:52.0364 PM
[ReportManager] Successfully created attachment [Browser Action Test Data - CloseCurrentWindow - Actual Value] @19-11-2021 15:38:52.0365 P
[ReportManager] File Action [GetAbsolutePath] successfully performed. With the following test data [Relative Folder Path: "target/downloadedFiles/"]. @19-11-2021 15:38:52.0379 PM
[ReportManager] Attempting to run locally on: [Mac-64], [Safari], Headless Execution. @19-11-2021 15:38:52.0380 PM
[ReportManager] Successfully Opened Safari. @19-11-2021 15:38:53.0299 PM
[ReportManager] Initial window size: (800, 600) @19-11-2021 15:38:53.0387 PM
[ReportManager] Window size after SWD Maximize: (1176, 811) @19-11-2021 15:38:53.0422 PM
[ReportManager] Browser Action [MaximizeWindow] successfully performed. With the following test data [New screen size is now: (1176, 811)]. @19-11-2021 15:38:53.0423 P

################################################################################################################################################
Starting Execution:	[2 out of 146] test cases in the current suite
Test Method:		[unitTests.tests_element_elementActions.waitForElementToBePresent_false_expectedToPass]
################################################################################################################################################
[ReportManager] Target URL: [https://www.google.com/ncr], and after redirection: [www.google.com] @19-11-2021 15:38:53.0428 PM
[ReportManager] Initial URL: [] @19-11-2021 15:38:53.0481 PM
[ReportManager] Browser Action [NavigateToURL] successfully performed. With the following test data [https://www.google.com/ncr]. @19-11-2021 15:38:54.0755 PM
[ReportManager] Waiting for element to be present; elementLocator [By.id: bla], numberOfTries[1], stateOfPresence[false]... @19-11-2021 15:38:54.0756 PM
[ReportManager] org.openqa.selenium.TimeoutException:
Expected condition failed: waiting for com.shaft.gui.element.ElementActionsHelper$$Lambda$609/0x00000008011339c0@1b08d26f (tried for 5 second(s) with 1000 milliseconds interval)
org.openqa.selenium.support.ui.FluentWait.timeoutException(FluentWait.java:263)
org.openqa.selenium.support.ui.FluentWait.until(FluentWait.java:231)
com.shaft.gui.element.ElementActionsHelper.waitForElementPresence(ElementActionsHelper.java:63)
com.shaft.gui.element.ElementActionsHelper.waitForElementPresence(ElementActionsHelper.java:37)
com.shaft.gui.element.WebDriverElementActions.getMatchingElementsCount(WebDriverElementActions.java:1468)
com.shaft.gui.element.WebDriverElementActions.waitForElementToBePresent(WebDriverElementActions.java:1293)
com.shaft.gui.element.ElementActions.waitForElementToBePresent(ElementActions.java:622)
unitTests.tests_element_elementActions.waitForElementToBePresent_false_expectedToPass(tests_element_elementActions.java:48)
java.base/jdk.internal.reflect.NativeMethodAccessorImpl.invoke0(Native Method)
java.base/jdk.internal.reflect.NativeMethodAccessorImpl.invoke(NativeMethodAccessorImpl.java:77)
java.base/jdk.internal.reflect.DelegatingMethodAccessorImpl.invoke(DelegatingMethodAccessorImpl.java:43)
java.base/java.lang.reflect.Method.invoke(Method.java:568)
org.testng.internal.MethodInvocationHelper.invokeMethod(MethodInvocationHelper.java:133)
org.testng.internal.TestInvoker.invokeMethod(TestInvoker.java:598)
org.testng.internal.TestInvoker.invokeTestMethod(TestInvoker.java:173)
org.testng.internal.MethodRunner.runInSequence(MethodRunner.java:46)
org.testng.internal.TestInvoker$MethodInvocationAgent.invoke(TestInvoker.java:824)
org.testng.internal.TestInvoker.invokeTestMethods(TestInvoker.java:146)
org.testng.internal.TestMethodWorker.invokeTestMethods(TestMethodWorker.java:146)
org.testng.internal.TestMethodWorker.run(TestMethodWorker.java:128)
java.base/java.util.ArrayList.forEach(ArrayList.java:1511)
org.testng.TestRunner.privateRun(TestRunner.java:794)
org.testng.TestRunner.run(TestRunner.java:596)
org.testng.SuiteRunner.runTest(SuiteRunner.java:377)
org.testng.SuiteRunner.runSequentially(SuiteRunner.java:371)
org.testng.SuiteRunner.privateRun(SuiteRunner.java:332)
org.testng.SuiteRunner.run(SuiteRunner.java:276)
org.testng.SuiteRunnerWorker.runSuite(SuiteRunnerWorker.java:53)
org.testng.SuiteRunnerWorker.run(SuiteRunnerWorker.java:96)
org.testng.TestNG.runSuitesSequentially(TestNG.java:1212)
org.testng.TestNG.runSuitesLocally(TestNG.java:1134)
org.testng.TestNG.runSuites(TestNG.java:1063)
org.testng.TestNG.run(TestNG.java:1031)
org.apache.maven.surefire.testng.TestNGExecutor.run(TestNGExecutor.java:136)
org.apache.maven.surefire.testng.TestNGDirectoryTestSuite.executeMulti(TestNGDirectoryTestSuite.java:193)
org.apache.maven.surefire.testng.TestNGDirectoryTestSuite.execute(TestNGDirectoryTestSuite.java:94)
org.apache.maven.surefire.testng.TestNGProvider.invoke(TestNGProvider.java:145)
org.apache.maven.surefire.booter.ForkedBooter.runSuitesInProcess(ForkedBooter.java:428)
org.apache.maven.surefire.booter.ForkedBooter.execute(ForkedBooter.java:162)
org.apache.maven.surefire.booter.ForkedBooter.run(ForkedBooter.java:562)
org.apache.maven.surefire.booter.ForkedBooter.main(ForkedBooter.java:548)

Caused by: org.openqa.selenium.NoSuchElementException:
For documentation on this error, please visit: https://selenium.dev/exceptions/#no_such_element
Build info: version: '4.0.0', revision: '3a21814679'
System info: host: 'Mac-1637336096874.local', ip: '10.79.1.139', os.name: 'Mac OS X', os.arch: 'x86_64', os.version: '10.15.7', java.version: '17.0.1'
Driver info: org.openqa.selenium.safari.SafariDriver
Command: [2EB83128-6289-4908-8809-4D22941F0BD0, findElement {using=id, value=bla}]
Capabilities {acceptInsecureCerts: false, browserName: Safari, browserVersion: 15.1, goog:loggingPrefs: {browser: ALL, client: ALL, driver: ALL, performance: ALL, profiler: ALL, server: ALL}, javascriptEnabled: true, pageLoadStrategy: normal, platform: MAC, platformName: MAC, safari:automaticInspection: false, safari:automaticProfiling: false, safari:diagnose: false, safari:platformBuildVersion: 19H1519, safari:platformVersion: 10.15.7, safari:useSimulator: false, setWindowRect: true, strictFileInteractability: false, timeouts: {pageLoad: 30000, script: 30000}, webkit:WebRTC: {DisableICECandidateFiltering: false, DisableInsecureMediaCapture: false}}
Session ID: 2EB83128-6289-4908-8809-4D22941F0BD0
java.base/jdk.internal.reflect.NativeConstructorAccessorImpl.newInstance0(Native Method)
java.base/jdk.internal.reflect.NativeConstructorAccessorImpl.newInstance(NativeConstructorAccessorImpl.java:77)
java.base/jdk.internal.reflect.DelegatingConstructorAccessorImpl.newInstance(DelegatingConstructorAccessorImpl.java:45)
java.base/java.lang.reflect.Constructor.newInstanceWithCaller(Constructor.java:499)
java.base/java.lang.reflect.Constructor.newInstance(Constructor.java:480)
org.openqa.selenium.remote.codec.w3c.W3CHttpResponseCodec.createException(W3CHttpResponseCodec.java:200)
org.openqa.selenium.remote.codec.w3c.W3CHttpResponseCodec.decode(W3CHttpResponseCodec.java:133)
org.openqa.selenium.remote.codec.w3c.W3CHttpResponseCodec.decode(W3CHttpResponseCodec.java:53)
org.openqa.selenium.remote.HttpCommandExecutor.execute(HttpCommandExecutor.java:184)
org.openqa.selenium.remote.service.DriverCommandExecutor.invokeExecute(DriverCommandExecutor.java:164)
org.openqa.selenium.remote.service.DriverCommandExecutor.execute(DriverCommandExecutor.java:139)
org.openqa.selenium.remote.RemoteWebDriver.execute(RemoteWebDriver.java:559)
org.openqa.selenium.remote.ElementLocation$ElementFinder$2.findElement(ElementLocation.java:162)
org.openqa.selenium.remote.ElementLocation.findElement(ElementLocation.java:60)
org.openqa.selenium.remote.RemoteWebDriver.findElement(RemoteWebDriver.java:383)
org.openqa.selenium.remote.RemoteWebDriver.findElement(RemoteWebDriver.java:375)
com.shaft.gui.element.ElementActionsHelper.lambda$waitForElementPresence$0(ElementActionsHelper.java:71)
org.openqa.selenium.support.ui.FluentWait.until(FluentWait.java:208)
com.shaft.gui.element.ElementActionsHelper.waitForElementPresence(ElementActionsHelper.java:63)
com.shaft.gui.element.ElementActionsHelper.waitForElementPresence(ElementActionsHelper.java:37)
com.shaft.gui.element.WebDriverElementActions.getMatchingElementsCount(WebDriverElementActions.java:1468)
com.shaft.gui.element.WebDriverElementActions.waitForElementToBePresent(WebDriverElementActions.java:1293)
com.shaft.gui.element.ElementActions.waitForElementToBePresent(ElementActions.java:622)
unitTests.tests_element_elementActions.waitForElementToBePresent_false_expectedToPass(tests_element_elementActions.java:48)
java.base/jdk.internal.reflect.NativeMethodAccessorImpl.invoke0(Native Method)
java.base/jdk.internal.reflect.NativeMethodAccessorImpl.invoke(NativeMethodAccessorImpl.java:77)
java.base/jdk.internal.reflect.DelegatingMethodAccessorImpl.invoke(DelegatingMethodAccessorImpl.java:43)
java.base/java.lang.reflect.Method.invoke(Method.java:568)
org.testng.internal.MethodInvocationHelper.invokeMethod(MethodInvocationHelper.java:133)
org.testng.internal.TestInvoker.invokeMethod(TestInvoker.java:598)
org.testng.internal.TestInvoker.invokeTestMethod(TestInvoker.java:173)
org.testng.internal.MethodRunner.runInSequence(MethodRunner.java:46)
org.testng.internal.TestInvoker$MethodInvocationAgent.invoke(TestInvoker.java:824)
org.testng.internal.TestInvoker.invokeTestMethods(TestInvoker.java:146)
org.testng.internal.TestMethodWorker.invokeTestMethods(TestMethodWorker.java:146)
org.testng.internal.TestMethodWorker.run(TestMethodWorker.java:128)
java.base/java.util.ArrayList.forEach(ArrayList.java:1511)
org.testng.TestRunner.privateRun(TestRunner.java:794)
org.testng.TestRunner.run(TestRunner.java:596)
org.testng.SuiteRunner.runTest(SuiteRunner.java:377)
org.testng.SuiteRunner.runSequentially(SuiteRunner.java:371)
org.testng.SuiteRunner.privateRun(SuiteRunner.java:332)
org.testng.SuiteRunner.run(SuiteRunner.java:276)
org.testng.SuiteRunnerWorker.runSuite(SuiteRunnerWorker.java:53)
org.testng.SuiteRunnerWorker.run(SuiteRunnerWorker.java:96)
org.testng.TestNG.runSuitesSequentially(TestNG.java:1212)
org.testng.TestNG.runSuitesLocally(TestNG.java:1134)
org.testng.TestNG.runSuites(TestNG.java:1063)
org.testng.TestNG.run(TestNG.java:1031)
org.apache.maven.surefire.testng.TestNGExecutor.run(TestNGExecutor.java:136)
org.apache.maven.surefire.testng.TestNGDirectoryTestSuite.executeMulti(TestNGDirectoryTestSuite.java:193)
org.apache.maven.surefire.testng.TestNGDirectoryTestSuite.execute(TestNGDirectoryTestSuite.java:94)
org.apache.maven.surefire.testng.TestNGProvider.invoke(TestNGProvider.java:145)
org.apache.maven.surefire.booter.ForkedBooter.runSuitesInProcess(ForkedBooter.java:428)
org.apache.maven.surefire.booter.ForkedBooter.execute(ForkedBooter.java:162)
org.apache.maven.surefire.booter.ForkedBooter.run(ForkedBooter.java:562)
org.apache.maven.surefire.booter.ForkedBooter.main(ForkedBooter.java:548) @19-11-2021 15:38:59.0937 PM
[ReportManager] Element Action [WaitForElementToBePresent] successfully performed. With the following test data [waited for the element's state of presence to be (false). Element locator (By.id: bla)]. @19-11-2021 15:38:59.0939 P
[ReportManager] Browser Action [CloseCurrentWindow] successfully performed. @19-11-2021 15:39:00.0252 PM
[ReportManager] Successfully created attachment [Browser Action Test Data - CloseCurrentWindow - Actual Value] @19-11-2021 15:39:00.0253 P
[ReportManager] File Action [GetAbsolutePath] successfully performed. With the following test data [Relative Folder Path: "target/downloadedFiles/"]. @19-11-2021 15:39:00.0259 PM
[ReportManager] Attempting to run locally on: [Mac-64], [Safari], Headless Execution. @19-11-2021 15:39:00.0260 PM
[ReportManager] Successfully Opened Safari. @19-11-2021 15:39:01.0083 PM
[ReportManager] Initial window size: (800, 600) @19-11-2021 15:39:01.0104 PM
[ReportManager] Window size after SWD Maximize: (1176, 811) @19-11-2021 15:39:01.0117 PM
[ReportManager] Browser Action [MaximizeWindow] successfully performed. With the following test data [New screen size is now: (1176, 811)]. @19-11-2021 15:39:01.0118 P

################################################################################################################################################
Starting Execution:	[3 out of 146] test cases in the current suite
Test Method:		[unitTests.tests_element_elementActions.waitForElementToBePresent_moreThanOneElement_expectedToFail]
################################################################################################################################################
[ReportManager] Target URL: [https://www.google.com/ncr], and after redirection: [www.google.com] @19-11-2021 15:39:01.0134 PM
[ReportManager] Initial URL: [] @19-11-2021 15:39:01.0211 PM
[ReportManager] Browser Action [NavigateToURL] successfully performed. With the following test data [https://www.google.com/ncr]. @19-11-2021 15:39:02.0379 PM
[ReportManager] Waiting for element to be present; elementLocator [By.xpath: //*], numberOfTries[1], stateOfPresence[false]... @19-11-2021 15:39:02.0379 PM
[ReportManager] Element Action [WaitForElementToBePresent] failed. With the following test data [waited for the element's state of presence to be (false). Element locator (By.xpath: //*)]. @19-11-2021 15:39:02.0558 PM
[ReportManager] Successfully created attachment [Screenshot - 1637336342434_waitForElementToBePresent_moreThanOneElement_expectedToFail_WaitForElementToBePresent_failed] @19-11-2021 15:39:02.0561 P
[ReportManager] Browser Action [CloseCurrentWindow] successfully performed. @19-11-2021 15:39:02.0936 PM
[ReportManager] Successfully created attachment [Browser Action Test Data - CloseCurrentWindow - Actual Value] @19-11-2021 15:39:02.0937 P
[ReportManager] File Action [GetAbsolutePath] successfully performed. With the following test data [Relative Folder Path: "target/downloadedFiles/"]. @19-11-2021 15:39:02.0943 PM
[ReportManager] Attempting to run locally on: [Mac-64], [Safari], Headless Execution. @19-11-2021 15:39:02.0943 PM
[ReportManager] Successfully Opened Safari. @19-11-2021 15:39:03.0840 PM
[ReportManager] Initial window size: (800, 600) @19-11-2021 15:39:03.0848 PM
[ReportManager] Window size after SWD Maximize: (1176, 811) @19-11-2021 15:39:03.0908 PM
[ReportManager] Browser Action [MaximizeWindow] successfully performed. With the following test data [New screen size is now: (1176, 811)]. @19-11-2021 15:39:03.0909 P

################################################################################################################################################
Starting Execution:	[4 out of 146] test cases in the current suite
Test Method:		[unitTests.tests_element_elementActions.waitForElementToBePresent_true_expectedToFail]
################################################################################################################################################
[ReportManager] Target URL: [https://www.google.com/ncr], and after redirection: [www.google.com] @19-11-2021 15:39:03.0914 PM
[ReportManager] Initial URL: [] @19-11-2021 15:39:03.0961 PM
[ReportManager] Browser Action [NavigateToURL] successfully performed. With the following test data [https://www.google.com/ncr]. @19-11-2021 15:39:04.0794 PM
[ReportManager] Waiting for element to be present; elementLocator [By.id: bla], numberOfTries[1], stateOfPresence[true]... @19-11-2021 15:39:04.0795 PM
[ReportManager] org.openqa.selenium.TimeoutException:
Expected condition failed: waiting for com.shaft.gui.element.ElementActionsHelper$$Lambda$609/0x00000008011339c0@33de9d85 (tried for 5 second(s) with 1000 milliseconds interval)
org.openqa.selenium.support.ui.FluentWait.timeoutException(FluentWait.java:263)
org.openqa.selenium.support.ui.FluentWait.until(FluentWait.java:231)
com.shaft.gui.element.ElementActionsHelper.waitForElementPresence(ElementActionsHelper.java:63)
com.shaft.gui.element.ElementActionsHelper.waitForElementPresence(ElementActionsHelper.java:37)
com.shaft.gui.element.WebDriverElementActions.getMatchingElementsCount(WebDriverElementActions.java:1468)
com.shaft.gui.element.WebDriverElementActions.waitForElementToBePresent(WebDriverElementActions.java:1293)
com.shaft.gui.element.ElementActions.waitForElementToBePresent(ElementActions.java:622)
unitTests.tests_element_elementActions.waitForElementToBePresent_true_expectedToFail(tests_element_elementActions.java:39)
java.base/jdk.internal.reflect.NativeMethodAccessorImpl.invoke0(Native Method)
java.base/jdk.internal.reflect.NativeMethodAccessorImpl.invoke(NativeMethodAccessorImpl.java:77)
java.base/jdk.internal.reflect.DelegatingMethodAccessorImpl.invoke(DelegatingMethodAccessorImpl.java:43)
java.base/java.lang.reflect.Method.invoke(Method.java:568)
org.testng.internal.MethodInvocationHelper.invokeMethod(MethodInvocationHelper.java:133)
org.testng.internal.TestInvoker.invokeMethod(TestInvoker.java:598)
org.testng.internal.TestInvoker.invokeTestMethod(TestInvoker.java:173)
org.testng.internal.MethodRunner.runInSequence(MethodRunner.java:46)
org.testng.internal.TestInvoker$MethodInvocationAgent.invoke(TestInvoker.java:824)
org.testng.internal.TestInvoker.invokeTestMethods(TestInvoker.java:146)
org.testng.internal.TestMethodWorker.invokeTestMethods(TestMethodWorker.java:146)
org.testng.internal.TestMethodWorker.run(TestMethodWorker.java:128)
java.base/java.util.ArrayList.forEach(ArrayList.java:1511)
org.testng.TestRunner.privateRun(TestRunner.java:794)
org.testng.TestRunner.run(TestRunner.java:596)
org.testng.SuiteRunner.runTest(SuiteRunner.java:377)
org.testng.SuiteRunner.runSequentially(SuiteRunner.java:371)
org.testng.SuiteRunner.privateRun(SuiteRunner.java:332)
org.testng.SuiteRunner.run(SuiteRunner.java:276)
org.testng.SuiteRunnerWorker.runSuite(SuiteRunnerWorker.java:53)
org.testng.SuiteRunnerWorker.run(SuiteRunnerWorker.java:96)
org.testng.TestNG.runSuitesSequentially(TestNG.java:1212)
org.testng.TestNG.runSuitesLocally(TestNG.java:1134)
org.testng.TestNG.runSuites(TestNG.java:1063)
org.testng.TestNG.run(TestNG.java:1031)
org.apache.maven.surefire.testng.TestNGExecutor.run(TestNGExecutor.java:136)
org.apache.maven.surefire.testng.TestNGDirectoryTestSuite.executeMulti(TestNGDirectoryTestSuite.java:193)
org.apache.maven.surefire.testng.TestNGDirectoryTestSuite.execute(TestNGDirectoryTestSuite.java:94)
org.apache.maven.surefire.testng.TestNGProvider.invoke(TestNGProvider.java:145)
org.apache.maven.surefire.booter.ForkedBooter.runSuitesInProcess(ForkedBooter.java:428)
org.apache.maven.surefire.booter.ForkedBooter.execute(ForkedBooter.java:162)
org.apache.maven.surefire.booter.ForkedBooter.run(ForkedBooter.java:562)
org.apache.maven.surefire.booter.ForkedBooter.main(ForkedBooter.java:548)

Caused by: org.openqa.selenium.NoSuchElementException:
For documentation on this error, please visit: https://selenium.dev/exceptions/#no_such_element
Build info: version: '4.0.0', revision: '3a21814679'
System info: host: 'Mac-1637336096874.local', ip: '10.79.1.139', os.name: 'Mac OS X', os.arch: 'x86_64', os.version: '10.15.7', java.version: '17.0.1'
Driver info: org.openqa.selenium.safari.SafariDriver
Command: [BEF5A3BE-D4CB-4B04-95C3-448CAD3AF01D, findElement {using=id, value=bla}]
Capabilities {acceptInsecureCerts: false, browserName: Safari, browserVersion: 15.1, goog:loggingPrefs: {browser: ALL, client: ALL, driver: ALL, performance: ALL, profiler: ALL, server: ALL}, javascriptEnabled: true, pageLoadStrategy: normal, platform: MAC, platformName: MAC, safari:automaticInspection: false, safari:automaticProfiling: false, safari:diagnose: false, safari:platformBuildVersion: 19H1519, safari:platformVersion: 10.15.7, safari:useSimulator: false, setWindowRect: true, strictFileInteractability: false, timeouts: {pageLoad: 30000, script: 30000}, webkit:WebRTC: {DisableICECandidateFiltering: false, DisableInsecureMediaCapture: false}}
Session ID: BEF5A3BE-D4CB-4B04-95C3-448CAD3AF01D
java.base/jdk.internal.reflect.NativeConstructorAccessorImpl.newInstance0(Native Method)
java.base/jdk.internal.reflect.NativeConstructorAccessorImpl.newInstance(NativeConstructorAccessorImpl.java:77)
java.base/jdk.internal.reflect.DelegatingConstructorAccessorImpl.newInstance(DelegatingConstructorAccessorImpl.java:45)
java.base/java.lang.reflect.Constructor.newInstanceWithCaller(Constructor.java:499)
java.base/java.lang.reflect.Constructor.newInstance(Constructor.java:480)
org.openqa.selenium.remote.codec.w3c.W3CHttpResponseCodec.createException(W3CHttpResponseCodec.java:200)
org.openqa.selenium.remote.codec.w3c.W3CHttpResponseCodec.decode(W3CHttpResponseCodec.java:133)
org.openqa.selenium.remote.codec.w3c.W3CHttpResponseCodec.decode(W3CHttpResponseCodec.java:53)
org.openqa.selenium.remote.HttpCommandExecutor.execute(HttpCommandExecutor.java:184)
org.openqa.selenium.remote.service.DriverCommandExecutor.invokeExecute(DriverCommandExecutor.java:164)
org.openqa.selenium.remote.service.DriverCommandExecutor.execute(DriverCommandExecutor.java:139)
org.openqa.selenium.remote.RemoteWebDriver.execute(RemoteWebDriver.java:559)
org.openqa.selenium.remote.ElementLocation$ElementFinder$2.findElement(ElementLocation.java:162)
org.openqa.selenium.remote.ElementLocation.findElement(ElementLocation.java:60)
org.openqa.selenium.remote.RemoteWebDriver.findElement(RemoteWebDriver.java:383)
org.openqa.selenium.remote.RemoteWebDriver.findElement(RemoteWebDriver.java:375)
com.shaft.gui.element.ElementActionsHelper.lambda$waitForElementPresence$0(ElementActionsHelper.java:71)
org.openqa.selenium.support.ui.FluentWait.until(FluentWait.java:208)
com.shaft.gui.element.ElementActionsHelper.waitForElementPresence(ElementActionsHelper.java:63)
com.shaft.gui.element.ElementActionsHelper.waitForElementPresence(ElementActionsHelper.java:37)
com.shaft.gui.element.WebDriverElementActions.getMatchingElementsCount(WebDriverElementActions.java:1468)
com.shaft.gui.element.WebDriverElementActions.waitForElementToBePresent(WebDriverElementActions.java:1293)
com.shaft.gui.element.ElementActions.waitForElementToBePresent(ElementActions.java:622)
unitTests.tests_element_elementActions.waitForElementToBePresent_true_expectedToFail(tests_element_elementActions.java:39)
java.base/jdk.internal.reflect.NativeMethodAccessorImpl.invoke0(Native Method)
java.base/jdk.internal.reflect.NativeMethodAccessorImpl.invoke(NativeMethodAccessorImpl.java:77)
java.base/jdk.internal.reflect.DelegatingMethodAccessorImpl.invoke(DelegatingMethodAccessorImpl.java:43)
java.base/java.lang.reflect.Method.invoke(Method.java:568)
org.testng.internal.MethodInvocationHelper.invokeMethod(MethodInvocationHelper.java:133)
org.testng.internal.TestInvoker.invokeMethod(TestInvoker.java:598)
org.testng.internal.TestInvoker.invokeTestMethod(TestInvoker.java:173)
org.testng.internal.MethodRunner.runInSequence(MethodRunner.java:46)
org.testng.internal.TestInvoker$MethodInvocationAgent.invoke(TestInvoker.java:824)
org.testng.internal.TestInvoker.invokeTestMethods(TestInvoker.java:146)
org.testng.internal.TestMethodWorker.invokeTestMethods(TestMethodWorker.java:146)
org.testng.internal.TestMethodWorker.run(TestMethodWorker.java:128)
java.base/java.util.ArrayList.forEach(ArrayList.java:1511)
org.testng.TestRunner.privateRun(TestRunner.java:794)
org.testng.TestRunner.run(TestRunner.java:596)
org.testng.SuiteRunner.runTest(SuiteRunner.java:377)
org.testng.SuiteRunner.runSequentially(SuiteRunner.java:371)
org.testng.SuiteRunner.privateRun(SuiteRunner.java:332)
org.testng.SuiteRunner.run(SuiteRunner.java:276)
org.testng.SuiteRunnerWorker.runSuite(SuiteRunnerWorker.java:53)
org.testng.SuiteRunnerWorker.run(SuiteRunnerWorker.java:96)
org.testng.TestNG.runSuitesSequentially(TestNG.java:1212)
org.testng.TestNG.runSuitesLocally(TestNG.java:1134)
org.testng.TestNG.runSuites(TestNG.java:1063)
org.testng.TestNG.run(TestNG.java:1031)
org.apache.maven.surefire.testng.TestNGExecutor.run(TestNGExecutor.java:136)
org.apache.maven.surefire.testng.TestNGDirectoryTestSuite.executeMulti(TestNGDirectoryTestSuite.java:193)
org.apache.maven.surefire.testng.TestNGDirectoryTestSuite.execute(TestNGDirectoryTestSuite.java:94)
org.apache.maven.surefire.testng.TestNGProvider.invoke(TestNGProvider.java:145)
org.apache.maven.surefire.booter.ForkedBooter.runSuitesInProcess(ForkedBooter.java:428)
org.apache.maven.surefire.booter.ForkedBooter.execute(ForkedBooter.java:162)
org.apache.maven.surefire.booter.ForkedBooter.run(ForkedBooter.java:562)
org.apache.maven.surefire.booter.ForkedBooter.main(ForkedBooter.java:548) @19-11-2021 15:39:09.0946 PM
[ReportManager] Element Action [WaitForElementToBePresent] failed. With the following test data [waited for the element's state of presence to be (true). Element locator (By.id: bla)]. @19-11-2021 15:39:10.0079 PM
[ReportManager] Successfully created attachment [Screenshot - 1637336349973_waitForElementToBePresent_true_expectedToFail_WaitForElementToBePresent_failed] @19-11-2021 15:39:10.0081 P
[ReportManager] Browser Action [CloseCurrentWindow] successfully performed. @19-11-2021 15:39:10.0211 PM
[ReportManager] Successfully created attachment [Browser Action Test Data - CloseCurrentWindow - Actual Value] @19-11-2021 15:39:10.0212 P
[ReportManager] File Action [GetAbsolutePath] successfully performed. With the following test data [Relative Folder Path: "target/downloadedFiles/"]. @19-11-2021 15:39:10.0216 PM
[ReportManager] Attempting to run locally on: [Mac-64], [Safari], Headless Execution. @19-11-2021 15:39:10.0216 PM
[ReportManager] Successfully Opened Safari. @19-11-2021 15:39:11.0031 PM
[ReportManager] Initial window size: (800, 600) @19-11-2021 15:39:11.0067 PM
[ReportManager] Window size after SWD Maximize: (1176, 811) @19-11-2021 15:39:11.0134 PM
[ReportManager] Browser Action [MaximizeWindow] successfully performed. With the following test data [New screen size is now: (1176, 811)]. @19-11-2021 15:39:11.0135 P

################################################################################################################################################
Starting Execution:	[5 out of 146] test cases in the current suite
Test Method:		[unitTests.tests_element_elementActions.waitForElementToBePresent_true_expectedToPass]
################################################################################################################################################
[ReportManager] Target URL: [https://www.google.com/ncr], and after redirection: [www.google.com] @19-11-2021 15:39:11.0142 PM
[ReportManager] Initial URL: [] @19-11-2021 15:39:11.0216 PM
[ReportManager] Browser Action [NavigateToURL] successfully performed. With the following test data [https://www.google.com/ncr]. @19-11-2021 15:39:12.0051 PM
[ReportManager] Waiting for element to be present; elementLocator [By.xpath: //*[@id='hplogo' or @alt='Google']], numberOfTries[1], stateOfPresence[true]... @19-11-2021 15:39:12.0052 PM
[ReportManager] Element Action [WaitForElementToBePresent] successfully performed. With the following test data [waited for the element's state of presence to be (true). Element locator (By.xpath: //*[@id='hplogo' or @alt='Google'])]. @19-11-2021 15:39:12.0080 PM
[ReportManager] File Action [DoesFileExist] successfully performed. With the following test data [File Path: "src/main/resources/dynamicObjectRepository/unitTests_tests_element_elementActions_waitForElementToBePresent_true_expectedToPass_By_xpath_id_hplogo_or_alt_Google.png"]. @19-11-2021 15:39:12.0095 PM
[ReportManager] File Action [DoesFileExist] successfully performed. With the following test data [File Path: "src/main/resources/dynamicObjectRepository/unitTests_tests_element_elementActions_waitForElementToBePresent_true_expectedToPass_By_xpath_id_hplogo_or_alt_Google.png"]. @19-11-2021 15:39:12.0166 PM
[ReportManager] Passing the test and saving a reference image @19-11-2021 15:39:12.0166 PM
[ReportManager] File Action [GetAbsolutePath] successfully performed. With the following test data [Relative File Path: "src/main/resources/dynamicObjectRepository/unitTests_tests_element_elementActions_waitForElementToBePresent_true_expectedToPass_By_xpath_id_hplogo_or_alt_Google.png"]. @19-11-2021 15:39:12.0166 PM
[ReportManager] File Action [WriteToFile] successfully performed. With the following test data [Target File Path: "/Users/runner/work/SHAFT_ENGINE/SHAFT_ENGINE/src/main/resources/dynamicObjectRepository/unitTests_tests_element_elementActions_waitForElementToBePresent_true_expectedToPass_By_xpath_id_hplogo_or_alt_Google.png"]. @19-11-2021 15:39:12.0167 PM
[ReportManager] Assertion Passed: Using Visual AI; OpenCV @19-11-2021 15:39:12.0169 PM
[ReportManager] Successfully created attachment [Validation Test Data - Actual Screenshot] @19-11-2021 15:39:12.0170 PM
[ReportManager] Assertion [ValidateElementMatches] PASSED. Expected [Element should match the reference screenshot] and Actual [TRUE]. Comparison Type [EXACT_OPENCV]. Validation Type [POSITIVE]. @19-11-2021 15:39:12.0170 P
[ReportManager] Browser Action [CloseCurrentWindow] successfully performed. @19-11-2021 15:39:12.0530 PM
[ReportManager] Successfully created attachment [Browser Action Test Data - CloseCurrentWindow - Actual Value] @19-11-2021 15:39:12.0531 P
[ReportManager] File Action [GetAbsolutePath] successfully performed. With the following test data [Relative Folder Path: "target/downloadedFiles/"]. @19-11-2021 15:39:12.0535 PM
[ReportManager] Attempting to run locally on: [Mac-64], [Safari], Headless Execution. @19-11-2021 15:39:12.0535 PM
[ReportManager] Successfully Opened Safari. @19-11-2021 15:39:13.0386 PM
[ReportManager] Initial window size: (800, 600) @19-11-2021 15:39:13.0394 PM
[ReportManager] Window size after SWD Maximize: (1176, 811) @19-11-2021 15:39:13.0416 PM
[ReportManager] Browser Action [MaximizeWindow] successfully performed. With the following test data [New screen size is now: (1176, 811)]. @19-11-2021 15:39:13.0417 PM
[ReportManager] Target URL: [https://duckduckgo.com] @19-11-2021 15:39:13.0417 PM
[ReportManager] Initial URL: [] @19-11-2021 15:39:13.0489 PM
[ReportManager] Browser Action [NavigateToURL] successfully performed. With the following test data [https://duckduckgo.com]. @19-11-2021 15:39:15.0445 P

################################################################################################################################################
Starting Execution:	[6 out of 146] test cases in the current suite
Test Method:		[unitTests.tests_browserActions.fullScreenWindow]
################################################################################################################################################
[ReportManager] Initial Windows Size: 1176x811 @19-11-2021 15:39:15.0452 PM
[ReportManager] Current Windows Size after fullScreen: 1176x885 @19-11-2021 15:39:15.0606 PM
[ReportManager] Browser Action [FullScreenWindow] successfully performed. @19-11-2021 15:39:15.0615 PM
[ReportManager] Successfully created attachment [Browser Action Test Data - FullScreenWindow - Actual Value] @19-11-2021 15:39:15.0617 P
[ReportManager] Target URL: [https://duckduckgo.com] @19-11-2021 15:39:15.0639 PM
[ReportManager] Initial URL: [https://duckduckgo.com] @19-11-2021 15:39:15.0700 PM
[ReportManager] Browser Action [NavigateToURL] successfully performed. With the following test data [https://duckduckgo.com]. @19-11-2021 15:39:16.0556 PM
[ReportManager] Browser Action [CloseCurrentWindow] successfully performed. @19-11-2021 15:39:16.0850 PM
[ReportManager] Successfully created attachment [Browser Action Test Data - CloseCurrentWindow - Actual Value] @19-11-2021 15:39:16.0854 P
[ReportManager] File Action [GetAbsolutePath] successfully performed. With the following test data [Relative Folder Path: "target/downloadedFiles/"]. @19-11-2021 15:39:16.0858 PM
[ReportManager] Attempting to run locally on: [Mac-64], [Safari], Headless Execution. @19-11-2021 15:39:16.0858 PM
[ReportManager] Successfully Opened Safari. @19-11-2021 15:39:17.0650 PM
[ReportManager] Initial window size: (800, 600) @19-11-2021 15:39:17.0674 PM
[ReportManager] Window size after SWD Maximize: (1176, 811) @19-11-2021 15:39:17.0701 PM
[ReportManager] Browser Action [MaximizeWindow] successfully performed. With the following test data [New screen size is now: (1176, 811)]. @19-11-2021 15:39:17.0701 PM
[ReportManager] Target URL: [https://duckduckgo.com] @19-11-2021 15:39:17.0701 PM
[ReportManager] Initial URL: [] @19-11-2021 15:39:17.0767 PM
[ReportManager] Browser Action [NavigateToURL] successfully performed. With the following test data [https://duckduckgo.com]. @19-11-2021 15:39:18.0421 P

################################################################################################################################################
Starting Execution:	[7 out of 146] test cases in the current suite
Test Method:		[unitTests.tests_browserActions.getCurrentURL]
################################################################################################################################################
[ReportManager] Browser Action [GetCurrentURL] successfully performed. With the following test data [https://duckduckgo.com/]. @19-11-2021 15:39:18.0460 P
[ReportManager] Target URL: [https://duckduckgo.com] @19-11-2021 15:39:18.0462 PM
[ReportManager] Initial URL: [https://duckduckgo.com] @19-11-2021 15:39:18.0489 PM
[ReportManager] Browser Action [NavigateToURL] successfully performed. With the following test data [https://duckduckgo.com]. @19-11-2021 15:39:18.0813 PM
[ReportManager] Browser Action [CloseCurrentWindow] successfully performed. @19-11-2021 15:39:19.0125 PM
[ReportManager] Successfully created attachment [Browser Action Test Data - CloseCurrentWindow - Actual Value] @19-11-2021 15:39:19.0126 P
[ReportManager] File Action [GetAbsolutePath] successfully performed. With the following test data [Relative Folder Path: "target/downloadedFiles/"]. @19-11-2021 15:39:19.0129 PM
[ReportManager] Attempting to run locally on: [Mac-64], [Safari], Headless Execution. @19-11-2021 15:39:19.0130 PM
[ReportManager] Successfully Opened Safari. @19-11-2021 15:39:19.0933 PM
[ReportManager] Initial window size: (800, 600) @19-11-2021 15:39:19.0947 PM
[ReportManager] Window size after SWD Maximize: (1176, 811) @19-11-2021 15:39:19.0976 PM
[ReportManager] Browser Action [MaximizeWindow] successfully performed. With the following test data [New screen size is now: (1176, 811)]. @19-11-2021 15:39:19.0976 PM
[ReportManager] Target URL: [https://duckduckgo.com] @19-11-2021 15:39:19.0976 PM
[ReportManager] Initial URL: [] @19-11-2021 15:39:20.0074 PM
[ReportManager] Browser Action [NavigateToURL] successfully performed. With the following test data [https://duckduckgo.com]. @19-11-2021 15:39:20.0762 P

################################################################################################################################################
Starting Execution:	[8 out of 146] test cases in the current suite
Test Method:		[unitTests.tests_browserActions.getCurrentWindowTitle]
################################################################################################################################################
[ReportManager] Browser Action [GetCurrentWindowTitle] successfully performed. With the following test data [DuckDuckGo â€” Privacy, simplified.]. @19-11-2021 15:39:20.0792 P
[ReportManager] Target URL: [https://duckduckgo.com] @19-11-2021 15:39:20.0794 PM
[ReportManager] Initial URL: [https://duckduckgo.com] @19-11-2021 15:39:20.0826 PM
[ReportManager] Browser Action [NavigateToURL] successfully performed. With the following test data [https://duckduckgo.com]. @19-11-2021 15:39:21.0145 PM
[ReportManager] Browser Action [CloseCurrentWindow] successfully performed. @19-11-2021 15:39:21.0440 PM
[ReportManager] Successfully created attachment [Browser Action Test Data - CloseCurrentWindow - Actual Value] @19-11-2021 15:39:21.0441 P
[ReportManager] File Action [GetAbsolutePath] successfully performed. With the following test data [Relative Folder Path: "target/downloadedFiles/"]. @19-11-2021 15:39:21.0448 PM
[ReportManager] Attempting to run locally on: [Mac-64], [Safari], Headless Execution. @19-11-2021 15:39:21.0448 PM
[ReportManager] Successfully Opened Safari. @19-11-2021 15:39:22.0316 PM
[ReportManager] Initial window size: (800, 600) @19-11-2021 15:39:22.0341 PM
[ReportManager] Window size after SWD Maximize: (1176, 811) @19-11-2021 15:39:22.0372 PM
[ReportManager] Browser Action [MaximizeWindow] successfully performed. With the following test data [New screen size is now: (1176, 811)]. @19-11-2021 15:39:22.0372 PM
[ReportManager] Target URL: [https://duckduckgo.com] @19-11-2021 15:39:22.0372 PM
[ReportManager] Initial URL: [] @19-11-2021 15:39:22.0438 PM
[ReportManager] Browser Action [NavigateToURL] successfully performed. With the following test data [https://duckduckgo.com]. @19-11-2021 15:39:23.0184 P

################################################################################################################################################
Starting Execution:	[9 out of 146] test cases in the current suite
Test Method:		[unitTests.tests_browserActions.getPageSource]
################################################################################################################################################
[ReportManager] Browser Action [GetPageSource] successfully performed. @19-11-2021 15:39:23.0214 PM
[ReportManager] Successfully created attachment [Browser Action Test Data - GetPageSource - Actual Value] @19-11-2021 15:39:23.0215 P
[ReportManager] Target URL: [https://duckduckgo.com] @19-11-2021 15:39:23.0217 PM
[ReportManager] Initial URL: [https://duckduckgo.com] @19-11-2021 15:39:23.0246 PM
[ReportManager] Browser Action [NavigateToURL] successfully performed. With the following test data [https://duckduckgo.com]. @19-11-2021 15:39:23.0548 PM
[ReportManager] Browser Action [CloseCurrentWindow] successfully performed. @19-11-2021 15:39:23.0845 PM
[ReportManager] Successfully created attachment [Browser Action Test Data - CloseCurrentWindow - Actual Value] @19-11-2021 15:39:23.0846 P
[ReportManager] File Action [GetAbsolutePath] successfully performed. With the following test data [Relative Folder Path: "target/downloadedFiles/"]. @19-11-2021 15:39:23.0849 PM
[ReportManager] Attempting to run locally on: [Mac-64], [Safari], Headless Execution. @19-11-2021 15:39:23.0850 PM
[ReportManager] Successfully Opened Safari. @19-11-2021 15:39:24.0618 PM
[ReportManager] Initial window size: (800, 600) @19-11-2021 15:39:24.0632 PM
[ReportManager] Window size after SWD Maximize: (1176, 811) @19-11-2021 15:39:24.0644 PM
[ReportManager] Browser Action [MaximizeWindow] successfully performed. With the following test data [New screen size is now: (1176, 811)]. @19-11-2021 15:39:24.0644 PM
[ReportManager] Target URL: [https://duckduckgo.com] @19-11-2021 15:39:24.0644 PM
[ReportManager] Initial URL: [] @19-11-2021 15:39:24.0683 PM
[ReportManager] Browser Action [NavigateToURL] successfully performed. With the following test data [https://duckduckgo.com]. @19-11-2021 15:39:25.0364 P

################################################################################################################################################
Starting Execution:	[10 out of 146] test cases in the current suite
Test Method:		[unitTests.tests_browserActions.getWindowHandle]
################################################################################################################################################
[ReportManager] Browser Action [GetWindowHandle] successfully performed. With the following test data [page-B6829A54-738C-4838-9687-F5F684383AAC]. @19-11-2021 15:39:25.0403 P
[ReportManager] Target URL: [https://duckduckgo.com] @19-11-2021 15:39:25.0406 PM
[ReportManager] Initial URL: [https://duckduckgo.com] @19-11-2021 15:39:25.0459 PM
[ReportManager] Browser Action [NavigateToURL] successfully performed. With the following test data [https://duckduckgo.com]. @19-11-2021 15:39:25.0772 PM
[ReportManager] Browser Action [CloseCurrentWindow] successfully performed. @19-11-2021 15:39:26.0123 PM
[ReportManager] Successfully created attachment [Browser Action Test Data - CloseCurrentWindow - Actual Value] @19-11-2021 15:39:26.0123 P
[ReportManager] File Action [GetAbsolutePath] successfully performed. With the following test data [Relative Folder Path: "target/downloadedFiles/"]. @19-11-2021 15:39:26.0127 PM
[ReportManager] Attempting to run locally on: [Mac-64], [Safari], Headless Execution. @19-11-2021 15:39:26.0127 PM
[ReportManager] Successfully Opened Safari. @19-11-2021 15:39:26.0951 PM
[ReportManager] Initial window size: (800, 600) @19-11-2021 15:39:26.0956 PM
[ReportManager] Window size after SWD Maximize: (1176, 811) @19-11-2021 15:39:26.0968 PM
[ReportManager] Browser Action [MaximizeWindow] successfully performed. With the following test data [New screen size is now: (1176, 811)]. @19-11-2021 15:39:26.0972 PM
[ReportManager] Target URL: [https://duckduckgo.com] @19-11-2021 15:39:26.0972 PM
[ReportManager] Initial URL: [] @19-11-2021 15:39:27.0050 PM
[ReportManager] Browser Action [NavigateToURL] successfully performed. With the following test data [https://duckduckgo.com]. @19-11-2021 15:39:27.0748 P

################################################################################################################################################
Starting Execution:	[11 out of 146] test cases in the current suite
Test Method:		[unitTests.tests_browserActions.getWindowPosition]
################################################################################################################################################
[ReportManager] Browser Action [GetWindowPosition] successfully performed. With the following test data [(0, 23)]. @19-11-2021 15:39:27.0772 P
[ReportManager] Target URL: [https://duckduckgo.com] @19-11-2021 15:39:27.0774 PM
[ReportManager] Initial URL: [https://duckduckgo.com] @19-11-2021 15:39:27.0800 PM
[ReportManager] Browser Action [NavigateToURL] successfully performed. With the following test data [https://duckduckgo.com]. @19-11-2021 15:39:28.0112 PM
[ReportManager] Browser Action [CloseCurrentWindow] successfully performed. @19-11-2021 15:39:28.0473 PM
[ReportManager] Successfully created attachment [Browser Action Test Data - CloseCurrentWindow - Actual Value] @19-11-2021 15:39:28.0474 P
[ReportManager] File Action [GetAbsolutePath] successfully performed. With the following test data [Relative Folder Path: "target/downloadedFiles/"]. @19-11-2021 15:39:28.0477 PM
[ReportManager] Attempting to run locally on: [Mac-64], [Safari], Headless Execution. @19-11-2021 15:39:28.0477 PM
[ReportManager] Successfully Opened Safari. @19-11-2021 15:39:29.0264 PM
[ReportManager] Initial window size: (800, 600) @19-11-2021 15:39:29.0284 PM
[ReportManager] Window size after SWD Maximize: (1176, 811) @19-11-2021 15:39:29.0299 PM
[ReportManager] Browser Action [MaximizeWindow] successfully performed. With the following test data [New screen size is now: (1176, 811)]. @19-11-2021 15:39:29.0299 PM
[ReportManager] Target URL: [https://duckduckgo.com] @19-11-2021 15:39:29.0299 PM
[ReportManager] Initial URL: [] @19-11-2021 15:39:29.0344 PM
[ReportManager] Browser Action [NavigateToURL] successfully performed. With the following test data [https://duckduckgo.com]. @19-11-2021 15:39:30.0004 P

################################################################################################################################################
Starting Execution:	[12 out of 146] test cases in the current suite
Test Method:		[unitTests.tests_browserActions.getWindowSize]
################################################################################################################################################
[ReportManager] Browser Action [GetWindowSize] successfully performed. With the following test data [(1176, 811)]. @19-11-2021 15:39:30.0049 P
[ReportManager] Target URL: [https://duckduckgo.com] @19-11-2021 15:39:30.0051 PM
[ReportManager] Initial URL: [https://duckduckgo.com] @19-11-2021 15:39:30.0076 PM
[ReportManager] Browser Action [NavigateToURL] successfully performed. With the following test data [https://duckduckgo.com]. @19-11-2021 15:39:30.0397 PM
[ReportManager] Browser Action [CloseCurrentWindow] successfully performed. @19-11-2021 15:39:30.0697 PM
[ReportManager] Successfully created attachment [Browser Action Test Data - CloseCurrentWindow - Actual Value] @19-11-2021 15:39:30.0698 P
[ReportManager] File Action [GetAbsolutePath] successfully performed. With the following test data [Relative Folder Path: "target/downloadedFiles/"]. @19-11-2021 15:39:30.0701 PM
[ReportManager] Attempting to run locally on: [Mac-64], [Safari], Headless Execution. @19-11-2021 15:39:30.0701 PM
[ReportManager] An Exception Occured with this Message: Could not start a new session. Possible causes are invalid address of the remote server or browser start-up failure.. @19-11-2021 15:39:30.0738 PM
[ReportManager] Successfully created attachment [Exception Stack Trace - org.openqa.selenium.SessionNotCreatedException] @19-11-2021 15:39:30.0738 PM
[ReportManager] Driver Factory Action [createNewLocalDriverInstanceForSafari] failed. With the following test data [Failed to create a session on DESKTOP_SAFARI]. @19-11-2021 15:39:30.0739 P

################################################################################################################################################
Starting Execution:	[13 out of 146] test cases in the current suite
Test Method:		[unitTests.tests_browserActions.maximizeWindow]
###############################################################################################################################################



################################################################################################################################################
Starting Execution:	[14 out of 146] test cases in the current suite
Test Method:		[unitTests.tests_browserActions.navigateBack]
###############################################################################################################################################



################################################################################################################################################
Starting Execution:	[15 out of 146] test cases in the current suite
Test Method:		[unitTests.tests_browserActions.navigateForward]
###############################################################################################################################################



################################################################################################################################################
Starting Execution:	[16 out of 146] test cases in the current suite
Test Method:		[unitTests.tests_browserActions.navigateToURL]
###############################################################################################################################################



################################################################################################################################################
Starting Execution:	[17 out of 146] test cases in the current suite
Test Method:		[unitTests.tests_browserActions.navigateToURLWithRedirection]
###############################################################################################################################################



################################################################################################################################################
Starting Execution:	[18 out of 146] test cases in the current suite
Test Method:		[unitTests.tests_browserActions.refreshCurrentPage]
###############################################################################################################################################



################################################################################################################################################
Starting Execution:	[19 out of 146] test cases in the current suite
Test Method:		[unitTests.tests_browserActions.setWindowSize]
###############################################################################################################################################

[ReportManager] Successfully loaded the following test data file [src/test/resources/testDataFiles/testSuite01/TestData.xlsx]. @19-11-2021 15:39:32.0186 PM
[ReportManager] Successfully created attachment [Test Data - Excel] @19-11-2021 15:39:32.0187 P

################################################################################################################################################
Starting Execution:	[20 out of 146] test cases in the current suite
Test Method:		[unitTests.tests_io_excelFileManager.getCellData_rowName_expectedToPass]
################################################################################################################################################
[ReportManager] testRowData. @19-11-2021 15:39:32.0198 P

################################################################################################################################################
Starting Execution:	[21 out of 146] test cases in the current suite
Test Method:		[unitTests.tests_validations_assertions.assertComparativeRelation_greaterThanOrEquals_false_equals_expectedToFail]
################################################################################################################################################
[ReportManager] Assertion [ValidateComparativeRelation] FAILED. Expected [1] and Actual [1]. Comparison Type [GREATER_THAN_OR_EQUALS]. Validation Type [NEGATIVE]. @19-11-2021 15:39:32.0204 P

################################################################################################################################################
Starting Execution:	[22 out of 146] test cases in the current suite
Test Method:		[unitTests.tests_validations_assertions.assertComparativeRelation_greaterThanOrEquals_false_equals_expectedToPass]
################################################################################################################################################
[ReportManager] Assertion [ValidateComparativeRelation] PASSED. Expected [2] and Actual [1]. Comparison Type [GREATER_THAN_OR_EQUALS]. Validation Type [NEGATIVE]. @19-11-2021 15:39:32.0208 P

################################################################################################################################################
Starting Execution:	[23 out of 146] test cases in the current suite
Test Method:		[unitTests.tests_validations_assertions.assertComparativeRelation_greaterThanOrEquals_false_greaterThan_expectedToFail]
################################################################################################################################################
[ReportManager] Assertion [ValidateComparativeRelation] FAILED. Expected [1] and Actual [2]. Comparison Type [GREATER_THAN_OR_EQUALS]. Validation Type [NEGATIVE]. @19-11-2021 15:39:32.0212 P

################################################################################################################################################
Starting Execution:	[24 out of 146] test cases in the current suite
Test Method:		[unitTests.tests_validations_assertions.assertComparativeRelation_greaterThanOrEquals_false_greaterThan_expectedToPass]
################################################################################################################################################
[ReportManager] Assertion [ValidateComparativeRelation] PASSED. Expected [2] and Actual [1]. Comparison Type [GREATER_THAN_OR_EQUALS]. Validation Type [NEGATIVE]. @19-11-2021 15:39:32.0216 P

################################################################################################################################################
Starting Execution:	[25 out of 146] test cases in the current suite
Test Method:		[unitTests.tests_validations_assertions.assertComparativeRelation_greaterThanOrEquals_true_equals_expectedToFail]
################################################################################################################################################
[ReportManager] Assertion [ValidateComparativeRelation] FAILED. Expected [1] and Actual [0]. Comparison Type [GREATER_THAN_OR_EQUALS]. Validation Type [POSITIVE]. @19-11-2021 15:39:32.0219 P

################################################################################################################################################
Starting Execution:	[26 out of 146] test cases in the current suite
Test Method:		[unitTests.tests_validations_assertions.assertComparativeRelation_greaterThanOrEquals_true_equals_expectedToPass]
################################################################################################################################################
[ReportManager] Assertion [ValidateComparativeRelation] PASSED. Expected [1] and Actual [1]. Comparison Type [GREATER_THAN_OR_EQUALS]. Validation Type [POSITIVE]. @19-11-2021 15:39:32.0223 P

################################################################################################################################################
Starting Execution:	[27 out of 146] test cases in the current suite
Test Method:		[unitTests.tests_validations_assertions.assertComparativeRelation_greaterThanOrEquals_true_greaterThan_expectedToFail]
################################################################################################################################################
[ReportManager] Assertion [ValidateComparativeRelation] FAILED. Expected [2] and Actual [1]. Comparison Type [GREATER_THAN_OR_EQUALS]. Validation Type [POSITIVE]. @19-11-2021 15:39:32.0226 P

################################################################################################################################################
Starting Execution:	[28 out of 146] test cases in the current suite
Test Method:		[unitTests.tests_validations_assertions.assertComparativeRelation_greaterThanOrEquals_true_greaterThan_expectedToPass]
################################################################################################################################################
[ReportManager] Assertion [ValidateComparativeRelation] PASSED. Expected [1] and Actual [2]. Comparison Type [GREATER_THAN_OR_EQUALS]. Validation Type [POSITIVE]. @19-11-2021 15:39:32.0229 P
[ReportManager] File Action [GetAbsolutePath] successfully performed. With the following test data [Relative Folder Path: "target/downloadedFiles/"]. @19-11-2021 15:39:32.0233 PM
[ReportManager] Attempting to run locally on: [Mac-64], [Safari], Headless Execution. @19-11-2021 15:39:32.0233 PM
[ReportManager] Successfully Opened Safari. @19-11-2021 15:39:33.0027 PM
[ReportManager] Initial window size: (800, 600) @19-11-2021 15:39:33.0033 PM
[ReportManager] Window size after SWD Maximize: (1176, 811) @19-11-2021 15:39:33.0044 PM
[ReportManager] Browser Action [MaximizeWindow] successfully performed. With the following test data [New screen size is now: (1176, 811)]. @19-11-2021 15:39:33.0044 PM
[ReportManager] Target URL: [https://www.google.com/ncr], and after redirection: [www.google.com] @19-11-2021 15:39:33.0045 PM
[ReportManager] Initial URL: [] @19-11-2021 15:39:33.0083 PM
[ReportManager] Browser Action [NavigateToURL] successfully performed. With the following test data [https://www.google.com/ncr]. @19-11-2021 15:39:34.0243 P

################################################################################################################################################
Starting Execution:	[29 out of 146] test cases in the current suite
Test Method:		[unitTests.tests_validations_assertions.assertElementAttribute_false_caseInsensitiveComparison_expectedToFail]
################################################################################################################################################
[ReportManager] Element Action [Type] successfully performed. With the following test data [AUTOMATION]. @19-11-2021 15:39:34.0380 PM
[ReportManager] Element Action [GetText] successfully performed. With the following test data [AUTOMATION]. @19-11-2021 15:39:34.0512 PM
[ReportManager] Loaded Shared OpenCV @19-11-2021 15:39:35.0561 PM
[ReportManager] Assertion [ValidateElementAttribute] FAILED. Expected [Value Should not be 'AutomaTion' for the 'text' attribute, element locator 'By.name: q'] and Actual [AUTOMATION]. Comparison Type [CASE_INSENSITIVE]. Validation Type [NEGATIVE]. @19-11-2021 15:39:35.0885 PM
[ReportManager] Successfully created attachment [Screenshot - 1637336374577_assertElementAttribute_false_caseInsensitiveComparison_expectedToFail_ValidateElementAttribute_failed] @19-11-2021 15:39:35.0890 P
[ReportManager] Browser Action [CloseCurrentWindow] successfully performed. @19-11-2021 15:39:35.0950 PM
[ReportManager] Successfully created attachment [Browser Action Test Data - CloseCurrentWindow - Actual Value] @19-11-2021 15:39:35.0951 P
[ReportManager] File Action [GetAbsolutePath] successfully performed. With the following test data [Relative Folder Path: "target/downloadedFiles/"]. @19-11-2021 15:39:35.0964 PM
[ReportManager] Attempting to run locally on: [Mac-64], [Safari], Headless Execution. @19-11-2021 15:39:35.0964 PM
[ReportManager] Successfully Opened Safari. @19-11-2021 15:39:36.0786 PM
[ReportManager] Initial window size: (800, 600) @19-11-2021 15:39:36.0814 PM
[ReportManager] Window size after SWD Maximize: (1176, 811) @19-11-2021 15:39:36.0830 PM
[ReportManager] Browser Action [MaximizeWindow] successfully performed. With the following test data [New screen size is now: (1176, 811)]. @19-11-2021 15:39:36.0830 PM
[ReportManager] Target URL: [https://www.google.com/ncr], and after redirection: [www.google.com] @19-11-2021 15:39:36.0830 PM
[ReportManager] Initial URL: [] @19-11-2021 15:39:36.0908 PM
[ReportManager] Browser Action [NavigateToURL] successfully performed. With the following test data [https://www.google.com/ncr]. @19-11-2021 15:39:38.0228 P

################################################################################################################################################
Starting Execution:	[30 out of 146] test cases in the current suite
Test Method:		[unitTests.tests_validations_assertions.assertElementAttribute_false_caseInsensitiveComparison_expectedToPass]
################################################################################################################################################
[ReportManager] Element Action [Type] successfully performed. With the following test data [AUTOMATION]. @19-11-2021 15:39:38.0383 PM
[ReportManager] Element Action [GetText] successfully performed. With the following test data [AUTOMATION]. @19-11-2021 15:39:38.0498 PM
[ReportManager] Loaded Shared OpenCV @19-11-2021 15:39:38.0564 PM
[ReportManager] Assertion [ValidateElementAttribute] PASSED. Expected [Value Should not be 'AutomaTion123' for the 'text' attribute, element locator 'By.name: q'] and Actual [AUTOMATION]. Comparison Type [CASE_INSENSITIVE]. Validation Type [NEGATIVE]. @19-11-2021 15:39:38.0710 PM
[ReportManager] Successfully created attachment [Screenshot - 1637336378564_assertElementAttribute_false_caseInsensitiveComparison_expectedToPass_ValidateElementAttribute_passed] @19-11-2021 15:39:38.0717 P
[ReportManager] Browser Action [CloseCurrentWindow] successfully performed. @19-11-2021 15:39:38.0793 PM
[ReportManager] Successfully created attachment [Browser Action Test Data - CloseCurrentWindow - Actual Value] @19-11-2021 15:39:38.0800 P
[ReportManager] File Action [GetAbsolutePath] successfully performed. With the following test data [Relative Folder Path: "target/downloadedFiles/"]. @19-11-2021 15:39:38.0816 PM
[ReportManager] Attempting to run locally on: [Mac-64], [Safari], Headless Execution. @19-11-2021 15:39:38.0817 PM
[ReportManager] Successfully Opened Safari. @19-11-2021 15:39:39.0734 PM
[ReportManager] Initial window size: (800, 600) @19-11-2021 15:39:39.0762 PM
[ReportManager] Window size after SWD Maximize: (1176, 811) @19-11-2021 15:39:39.0794 PM
[ReportManager] Browser Action [MaximizeWindow] successfully performed. With the following test data [New screen size is now: (1176, 811)]. @19-11-2021 15:39:39.0795 PM
[ReportManager] Target URL: [https://www.google.com/ncr], and after redirection: [www.google.com] @19-11-2021 15:39:39.0795 PM
[ReportManager] Initial URL: [] @19-11-2021 15:39:39.0866 PM
[ReportManager] Browser Action [NavigateToURL] successfully performed. With the following test data [https://www.google.com/ncr]. @19-11-2021 15:39:41.0140 P

################################################################################################################################################
Starting Execution:	[31 out of 146] test cases in the current suite
Test Method:		[unitTests.tests_validations_assertions.assertElementAttribute_false_containsComparison_expectedToFail]
################################################################################################################################################
[ReportManager] Element Action [Type] successfully performed. With the following test data [Automation123]. @19-11-2021 15:39:41.0361 PM
[ReportManager] Element Action [GetText] successfully performed. With the following test data [Automation123]. @19-11-2021 15:39:41.0584 PM
[ReportManager] Loaded Shared OpenCV @19-11-2021 15:39:41.0648 PM
[ReportManager] Assertion [ValidateElementAttribute] FAILED. Expected [Value Should not be 'Automation' for the 'text' attribute, element locator 'By.name: q'] and Actual [Automation123]. Comparison Type [CONTAINS]. Validation Type [NEGATIVE]. @19-11-2021 15:39:41.0785 PM
[ReportManager] Successfully created attachment [Screenshot - 1637336381648_assertElementAttribute_false_containsComparison_expectedToFail_ValidateElementAttribute_failed] @19-11-2021 15:39:41.0793 P
[ReportManager] Browser Action [CloseCurrentWindow] successfully performed. @19-11-2021 15:39:42.0153 PM
[ReportManager] Successfully created attachment [Browser Action Test Data - CloseCurrentWindow - Actual Value] @19-11-2021 15:39:42.0160 P
[ReportManager] File Action [GetAbsolutePath] successfully performed. With the following test data [Relative Folder Path: "target/downloadedFiles/"]. @19-11-2021 15:39:42.0176 PM
[ReportManager] Attempting to run locally on: [Mac-64], [Safari], Headless Execution. @19-11-2021 15:39:42.0176 PM
[ReportManager] Successfully Opened Safari. @19-11-2021 15:39:43.0029 PM
[ReportManager] Initial window size: (800, 600) @19-11-2021 15:39:43.0049 PM
[ReportManager] Window size after SWD Maximize: (1176, 811) @19-11-2021 15:39:43.0067 PM
[ReportManager] Browser Action [MaximizeWindow] successfully performed. With the following test data [New screen size is now: (1176, 811)]. @19-11-2021 15:39:43.0067 PM
[ReportManager] Target URL: [https://www.google.com/ncr], and after redirection: [www.google.com] @19-11-2021 15:39:43.0067 PM
[ReportManager] Initial URL: [] @19-11-2021 15:39:43.0132 PM
[ReportManager] Browser Action [NavigateToURL] successfully performed. With the following test data [https://www.google.com/ncr]. @19-11-2021 15:39:43.0950 P

################################################################################################################################################
Starting Execution:	[32 out of 146] test cases in the current suite
Test Method:		[unitTests.tests_validations_assertions.assertElementAttribute_false_containsComparison_expectedToPass]
################################################################################################################################################
[ReportManager] Element Action [Type] successfully performed. With the following test data [Automation123]. @19-11-2021 15:39:44.0195 PM
[ReportManager] Element Action [GetText] successfully performed. With the following test data [Automation123]. @19-11-2021 15:39:44.0337 PM
[ReportManager] Loaded Shared OpenCV @19-11-2021 15:39:44.0405 PM
[ReportManager] Assertion [ValidateElementAttribute] PASSED. Expected [Value Should not be 'Automation1234' for the 'text' attribute, element locator 'By.name: q'] and Actual [Automation123]. Comparison Type [CONTAINS]. Validation Type [NEGATIVE]. @19-11-2021 15:39:44.0578 PM
[ReportManager] Successfully created attachment [Screenshot - 1637336384405_assertElementAttribute_false_containsComparison_expectedToPass_ValidateElementAttribute_passed] @19-11-2021 15:39:44.0586 P
[ReportManager] Browser Action [CloseCurrentWindow] successfully performed. @19-11-2021 15:39:44.0963 PM
[ReportManager] Successfully created attachment [Browser Action Test Data - CloseCurrentWindow - Actual Value] @19-11-2021 15:39:44.0971 P
[ReportManager] File Action [GetAbsolutePath] successfully performed. With the following test data [Relative Folder Path: "target/downloadedFiles/"]. @19-11-2021 15:39:44.0990 PM
[ReportManager] Attempting to run locally on: [Mac-64], [Safari], Headless Execution. @19-11-2021 15:39:44.0991 PM
[ReportManager] Successfully Opened Safari. @19-11-2021 15:39:46.0034 PM
[ReportManager] Initial window size: (800, 600) @19-11-2021 15:39:46.0065 PM
[ReportManager] Window size after SWD Maximize: (1176, 811) @19-11-2021 15:39:46.0124 PM
[ReportManager] Browser Action [MaximizeWindow] successfully performed. With the following test data [New screen size is now: (1176, 811)]. @19-11-2021 15:39:46.0125 PM
[ReportManager] Target URL: [https://www.google.com/ncr], and after redirection: [www.google.com] @19-11-2021 15:39:46.0125 PM
[ReportManager] Initial URL: [] @19-11-2021 15:39:46.0165 PM
[ReportManager] Browser Action [NavigateToURL] successfully performed. With the following test data [https://www.google.com/ncr]. @19-11-2021 15:39:47.0497 P

################################################################################################################################################
Starting Execution:	[33 out of 146] test cases in the current suite
Test Method:		[unitTests.tests_validations_assertions.assertElementAttribute_false_literalComparison_expectedToFail]
################################################################################################################################################
[ReportManager] Element Action [Type] successfully performed. With the following test data [Automation!@#$%^&*()_+{}[]\';/.,]. @19-11-2021 15:39:47.0853 PM
[ReportManager] Element Action [GetText] successfully performed. With the following test data [Automation!@#$%^&*()_+{}[]\';/.,]. @19-11-2021 15:39:47.0976 PM
[ReportManager] Loaded Shared OpenCV @19-11-2021 15:39:48.0044 PM
[ReportManager] Assertion [ValidateElementAttribute] PASSED. Expected [Value Should not be 'Automation!@#$%^&*()_+{}[]\\';/.,' for the 'text' attribute, element locator 'By.name: q'] and Actual [Automation!@#$%^&*()_+{}[]\';/.,]. Comparison Type [EQUALS]. Validation Type [NEGATIVE]. @19-11-2021 15:39:48.0195 PM
[ReportManager] Successfully created attachment [Screenshot - 1637336388044_assertElementAttribute_false_literalComparison_expectedToFail_ValidateElementAttribute_passed] @19-11-2021 15:39:48.0203 P
[ReportManager] Browser Action [CloseCurrentWindow] successfully performed. @19-11-2021 15:39:48.0510 PM
[ReportManager] Successfully created attachment [Browser Action Test Data - CloseCurrentWindow - Actual Value] @19-11-2021 15:39:48.0516 P
[ReportManager] File Action [GetAbsolutePath] successfully performed. With the following test data [Relative Folder Path: "target/downloadedFiles/"]. @19-11-2021 15:39:48.0543 PM
[ReportManager] Attempting to run locally on: [Mac-64], [Safari], Headless Execution. @19-11-2021 15:39:48.0543 PM
[ReportManager] Successfully Opened Safari. @19-11-2021 15:39:49.0517 PM
[ReportManager] Initial window size: (800, 600) @19-11-2021 15:39:49.0587 PM
[ReportManager] Window size after SWD Maximize: (1176, 811) @19-11-2021 15:39:49.0618 PM
[ReportManager] Browser Action [MaximizeWindow] successfully performed. With the following test data [New screen size is now: (1176, 811)]. @19-11-2021 15:39:49.0618 PM
[ReportManager] Target URL: [https://www.google.com/ncr], and after redirection: [www.google.com] @19-11-2021 15:39:49.0618 PM
[ReportManager] Initial URL: [] @19-11-2021 15:39:49.0663 PM
[ReportManager] Browser Action [NavigateToURL] successfully performed. With the following test data [https://www.google.com/ncr]. @19-11-2021 15:39:50.0524 P

################################################################################################################################################
Starting Execution:	[34 out of 146] test cases in the current suite
Test Method:		[unitTests.tests_validations_assertions.assertElementAttribute_false_literalComparison_expectedToPass]
################################################################################################################################################
[ReportManager] Element Action [Type] successfully performed. With the following test data [Automation!@#$%^&*()_+{}[]\';/.,]. @19-11-2021 15:39:50.0840 PM
[ReportManager] Element Action [GetText] successfully performed. With the following test data [Automation!@#$%^&*()_+{}[]\';/.,]. @19-11-2021 15:39:50.0977 PM
[ReportManager] Loaded Shared OpenCV @19-11-2021 15:39:51.0080 PM
[ReportManager] Assertion [ValidateElementAttribute] PASSED. Expected [Value Should not be 'Automation' for the 'text' attribute, element locator 'By.name: q'] and Actual [Automation!@#$%^&*()_+{}[]\';/.,]. Comparison Type [EQUALS]. Validation Type [NEGATIVE]. @19-11-2021 15:39:51.0224 PM
[ReportManager] Successfully created attachment [Screenshot - 1637336391080_assertElementAttribute_false_literalComparison_expectedToPass_ValidateElementAttribute_passed] @19-11-2021 15:39:51.0233 P
[ReportManager] Browser Action [CloseCurrentWindow] successfully performed. @19-11-2021 15:39:51.0549 PM
[ReportManager] Successfully created attachment [Browser Action Test Data - CloseCurrentWindow - Actual Value] @19-11-2021 15:39:51.0554 P
[ReportManager] File Action [GetAbsolutePath] successfully performed. With the following test data [Relative Folder Path: "target/downloadedFiles/"]. @19-11-2021 15:39:51.0561 PM
[ReportManager] Attempting to run locally on: [Mac-64], [Safari], Headless Execution. @19-11-2021 15:39:51.0561 PM
[ReportManager] Successfully Opened Safari. @19-11-2021 15:39:52.0470 PM
[ReportManager] Initial window size: (800, 600) @19-11-2021 15:39:52.0482 PM
[ReportManager] Window size after SWD Maximize: (1176, 811) @19-11-2021 15:39:52.0513 PM
[ReportManager] Browser Action [MaximizeWindow] successfully performed. With the following test data [New screen size is now: (1176, 811)]. @19-11-2021 15:39:52.0514 PM
[ReportManager] Target URL: [https://www.google.com/ncr], and after redirection: [www.google.com] @19-11-2021 15:39:52.0514 PM
[ReportManager] Initial URL: [] @19-11-2021 15:39:52.0609 PM
[ReportManager] Browser Action [NavigateToURL] successfully performed. With the following test data [https://www.google.com/ncr]. @19-11-2021 15:39:54.0141 P

################################################################################################################################################
Starting Execution:	[35 out of 146] test cases in the current suite
Test Method:		[unitTests.tests_validations_assertions.assertElementAttribute_false_regexComparison_expectedToFail]
################################################################################################################################################
[ReportManager] Element Action [Type] successfully performed. With the following test data [Automation123]. @19-11-2021 15:39:54.0318 PM
[ReportManager] Element Action [GetText] successfully performed. With the following test data [Automation123]. @19-11-2021 15:39:54.0460 PM
[ReportManager] Loaded Shared OpenCV @19-11-2021 15:39:54.0520 PM
[ReportManager] Assertion [ValidateElementAttribute] FAILED. Expected [Value Should not be 'Automation.*' for the 'text' attribute, element locator 'By.name: q'] and Actual [Automation123]. Comparison Type [MATCHES]. Validation Type [NEGATIVE]. @19-11-2021 15:39:54.0665 PM
[ReportManager] Successfully created attachment [Screenshot - 1637336394520_assertElementAttribute_false_regexComparison_expectedToFail_ValidateElementAttribute_failed] @19-11-2021 15:39:54.0679 P
[ReportManager] Browser Action [CloseCurrentWindow] successfully performed. @19-11-2021 15:39:54.0931 PM
[ReportManager] Successfully created attachment [Browser Action Test Data - CloseCurrentWindow - Actual Value] @19-11-2021 15:39:54.0938 P
[ReportManager] File Action [GetAbsolutePath] successfully performed. With the following test data [Relative Folder Path: "target/downloadedFiles/"]. @19-11-2021 15:39:54.0962 PM
[ReportManager] Attempting to run locally on: [Mac-64], [Safari], Headless Execution. @19-11-2021 15:39:54.0962 PM
[ReportManager] An Exception Occured with this Message: Could not start a new session. Possible causes are invalid address of the remote server or browser start-up failure.. @19-11-2021 15:39:55.0062 PM
[ReportManager] Successfully created attachment [Exception Stack Trace - org.openqa.selenium.SessionNotCreatedException] @19-11-2021 15:39:55.0072 PM
[ReportManager] Driver Factory Action [createNewLocalDriverInstanceForSafari] failed. With the following test data [Failed to create a session on DESKTOP_SAFARI]. @19-11-2021 15:39:55.0073 P

################################################################################################################################################
Starting Execution:	[36 out of 146] test cases in the current suite
Test Method:		[unitTests.tests_validations_assertions.assertElementAttribute_false_regexComparison_expectedToPass]
###############################################################################################################################################



################################################################################################################################################
Starting Execution:	[37 out of 146] test cases in the current suite
Test Method:		[unitTests.tests_validations_assertions.assertElementAttribute_true_caseInsensitiveComparison_expectedToFail]
###############################################################################################################################################



################################################################################################################################################
Starting Execution:	[38 out of 146] test cases in the current suite
Test Method:		[unitTests.tests_validations_assertions.assertElementAttribute_true_caseInsensitiveComparison_expectedToPass]
###############################################################################################################################################



################################################################################################################################################
Starting Execution:	[39 out of 146] test cases in the current suite
Test Method:		[unitTests.tests_validations_assertions.assertElementAttribute_true_containsComparison_expectedToFail]
###############################################################################################################################################



################################################################################################################################################
Starting Execution:	[40 out of 146] test cases in the current suite
Test Method:		[unitTests.tests_validations_assertions.assertElementAttribute_true_containsComparison_expectedToPass]
###############################################################################################################################################



################################################################################################################################################
Starting Execution:	[41 out of 146] test cases in the current suite
Test Method:		[unitTests.tests_validations_assertions.assertElementAttribute_true_literalComparison_expectedToFail]
###############################################################################################################################################



################################################################################################################################################
Starting Execution:	[42 out of 146] test cases in the current suite
Test Method:		[unitTests.tests_validations_assertions.assertElementAttribute_true_literalComparison_expectedToPass]
###############################################################################################################################################



################################################################################################################################################
Starting Execution:	[43 out of 146] test cases in the current suite
Test Method:		[unitTests.tests_validations_assertions.assertElementAttribute_true_regexComparison_expectedToFail]
###############################################################################################################################################



################################################################################################################################################
Starting Execution:	[44 out of 146] test cases in the current suite
Test Method:		[unitTests.tests_validations_assertions.assertElementAttribute_true_regexComparison_expectedToPass]
###############################################################################################################################################



################################################################################################################################################
Starting Execution:	[45 out of 146] test cases in the current suite
Test Method:		[unitTests.tests_validations_assertions.assertElementAttribute_type_true_literalComparison_expectedToPass]
###############################################################################################################################################



################################################################################################################################################
Starting Execution:	[46 out of 146] test cases in the current suite
Test Method:		[unitTests.tests_validations_assertions.assertElementExists_false_expectedToFail]
###############################################################################################################################################



################################################################################################################################################
Starting Execution:	[47 out of 146] test cases in the current suite
Test Method:		[unitTests.tests_validations_assertions.assertElementExists_false_expectedToPass]
###############################################################################################################################################



################################################################################################################################################
Starting Execution:	[48 out of 146] test cases in the current suite
Test Method:		[unitTests.tests_validations_assertions.assertElementExists_false_multipleElementsFound_expectedToFail]
###############################################################################################################################################



################################################################################################################################################
Starting Execution:	[49 out of 146] test cases in the current suite
Test Method:		[unitTests.tests_validations_assertions.assertElementExists_true_expectedToFail]
###############################################################################################################################################



################################################################################################################################################
Starting Execution:	[50 out of 146] test cases in the current suite
Test Method:		[unitTests.tests_validations_assertions.assertElementExists_true_expectedToPass]
###############################################################################################################################################



################################################################################################################################################
Starting Execution:	[51 out of 146] test cases in the current suite
Test Method:		[unitTests.tests_validations_assertions.assertElementExists_true_multipleElementsFound_expectedToFail]
###############################################################################################################################################


################################################################################################################################################
Starting Execution:	[52 out of 146] test cases in the current suite
Test Method:		[unitTests.tests_validations_assertions.assertEquals_false_expectedToFail]
###############################################################################################################################################

################################################################################################################################################
Starting Execution:	[53 out of 146] test cases in the current suite
Test Method:		[unitTests.tests_validations_assertions.assertEquals_false_expectedToPass]
###############################################################################################################################################

################################################################################################################################################
Starting Execution:	[54 out of 146] test cases in the current suite
Test Method:		[unitTests.tests_validations_assertions.assertEquals_longCharacters]
###############################################################################################################################################

################################################################################################################################################
Starting Execution:	[55 out of 146] test cases in the current suite
Test Method:		[unitTests.tests_validations_assertions.assertEquals_longCharacters_Discreet]
###############################################################################################################################################

################################################################################################################################################
Starting Execution:	[56 out of 146] test cases in the current suite
Test Method:		[unitTests.tests_validations_assertions.assertEquals_true_expectedToFail]
###############################################################################################################################################

################################################################################################################################################
Starting Execution:	[57 out of 146] test cases in the current suite
Test Method:		[unitTests.tests_validations_assertions.assertEquals_true_expectedToPass]
Test Description:	[Assert that assertEquals works as expected when the two values are equal.]
###############################################################################################################################################

################################################################################################################################################
Starting Execution:	[58 out of 146] test cases in the current suite
Test Method:		[unitTests.tests_validations_assertions.assertEquals_true_expectedToPass__]
###############################################################################################################################################

################################################################################################################################################
Starting Execution:	[59 out of 146] test cases in the current suite
Test Method:		[unitTests.tests_validations_assertions.assertFileExists_false_expectedToFail]
###############################################################################################################################################

################################################################################################################################################
Starting Execution:	[60 out of 146] test cases in the current suite
Test Method:		[unitTests.tests_validations_assertions.assertFileExists_false_expectedToPass]
###############################################################################################################################################

################################################################################################################################################
Starting Execution:	[61 out of 146] test cases in the current suite
Test Method:		[unitTests.tests_validations_assertions.assertFileExists_true_expectedToFail]
###############################################################################################################################################

################################################################################################################################################
Starting Execution:	[62 out of 146] test cases in the current suite
Test Method:		[unitTests.tests_validations_assertions.assertFileExists_true_expectedToPass]
###############################################################################################################################################

################################################################################################################################################
Starting Execution:	[63 out of 146] test cases in the current suite
Test Method:		[unitTests.tests_validations_assertions.assertNull_false_expectedToFail]
###############################################################################################################################################

################################################################################################################################################
Starting Execution:	[64 out of 146] test cases in the current suite
Test Method:		[unitTests.tests_validations_assertions.assertNull_false_expectedToPass]
###############################################################################################################################################

################################################################################################################################################
Starting Execution:	[65 out of 146] test cases in the current suite
Test Method:		[unitTests.tests_validations_assertions.assertNull_true_expectedToFail]
###############################################################################################################################################

################################################################################################################################################
Starting Execution:	[66 out of 146] test cases in the current suite
Test Method:		[unitTests.tests_validations_assertions.assertNull_true_expectedToPass]
###############################################################################################################################################

################################################################################################################################################
Starting Execution:	[67 out of 146] test cases in the current suite
Test Method:		[unitTests.tests_restActions.getPostsAndAssertBodyForSpecificTitle]
################################################################################################################################################
[ReportManager] Response status code: [200], status line: [HTTP/1.1 200 OK] @19-11-2021 15:39:59.0128 PM
[ReportManager] Assertion Passed: Evaluating the actual response status code against the expected one... @19-11-2021 15:39:59.0133 PM
[ReportManager] Assertion [ValidateComparativeRelation] PASSED. Expected [200] and Actual [200]. Comparison Type [EQUALS]. Validation Type [POSITIVE]. @19-11-2021 15:39:59.0133 PM
[ReportManager] API Action [PerformRequest] successfully performed. With the following test data [Request Type: "GET" | Target Status Code: "200" | Service URL: "https://jsonplaceholder.typicode.com/posts" | Content Type: "*/*" | Response Time: "766ms"]. @19-11-2021 15:40:00.0306 PM
[ReportManager] Successfully created attachment [API Request - Specifications] @19-11-2021 15:40:00.0313 PM
[ReportManager] Successfully created attachment [API Response - JSON Body] @19-11-2021 15:40:00.0545 PM
[ReportManager] API Action [GetResponseJSONValueAsList] successfully performed. @19-11-2021 15:40:00.0572 PM
[ReportManager] API Action [GetResponseJSONValue] successfully performed. With the following test data [title]. @19-11-2021 15:40:00.0592 PM
[ReportManager] API Action [GetResponseJSONValue] successfully performed. With the following test data [title]. @19-11-2021 15:40:00.0607 PM
[ReportManager] API Action [GetResponseJSONValue] successfully performed. With the following test data [body]. @19-11-2021 15:40:00.0620 PM
[ReportManager] Assertion [ValidateEquals] PASSED. Expected [qui neque nisi nulla] and Actual [est rerum tempore vitae
sequi sint nihil reprehenderit dolor beatae ea dolores neque
fugiat blanditiis voluptate porro vel nihil molestiae ut reiciendis
qui aperiam non debitis possimus qui neque nisi nulla]. Comparison Type [CONTAINS]. Validation Type [POSITIVE]. @19-11-2021 15:40:00.0621 PM
[ReportManager] API Action [GetResponseJSONValue] successfully performed. With the following test data [title]. @19-11-2021 15:40:00.0634 PM
[ReportManager] API Action [GetResponseJSONValue] successfully performed. With the following test data [title]. @19-11-2021 15:40:00.0646 PM
[ReportManager] API Action [GetResponseJSONValue] successfully performed. With the following test data [title]. @19-11-2021 15:40:00.0658 PM
[ReportManager] API Action [GetResponseJSONValue] successfully performed. With the following test data [title]. @19-11-2021 15:40:00.0672 PM
[ReportManager] API Action [GetResponseJSONValue] successfully performed. With the following test data [title]. @19-11-2021 15:40:00.0684 PM
[ReportManager] API Action [GetResponseJSONValue] successfully performed. With the following test data [title]. @19-11-2021 15:40:00.0697 PM
[ReportManager] API Action [GetResponseJSONValue] successfully performed. With the following test data [title]. @19-11-2021 15:40:00.0709 PM
[ReportManager] API Action [GetResponseJSONValue] successfully performed. With the following test data [title]. @19-11-2021 15:40:00.0722 PM
[ReportManager] API Action [GetResponseJSONValue] successfully performed. With the following test data [title]. @19-11-2021 15:40:00.0735 PM
[ReportManager] API Action [GetResponseJSONValue] successfully performed. With the following test data [title]. @19-11-2021 15:40:00.0746 PM
[ReportManager] API Action [GetResponseJSONValue] successfully performed. With the following test data [title]. @19-11-2021 15:40:00.0762 PM
[ReportManager] API Action [GetResponseJSONValue] successfully performed. With the following test data [title]. @19-11-2021 15:40:00.0777 PM
[ReportManager] API Action [GetResponseJSONValue] successfully performed. With the following test data [title]. @19-11-2021 15:40:00.0788 PM
[ReportManager] API Action [GetResponseJSONValue] successfully performed. With the following test data [title]. @19-11-2021 15:40:00.0800 PM
[ReportManager] API Action [GetResponseJSONValue] successfully performed. With the following test data [title]. @19-11-2021 15:40:00.0813 PM
[ReportManager] API Action [GetResponseJSONValue] successfully performed. With the following test data [title]. @19-11-2021 15:40:00.0824 PM
[ReportManager] API Action [GetResponseJSONValue] successfully performed. With the following test data [title]. @19-11-2021 15:40:00.0837 PM
[ReportManager] API Action [GetResponseJSONValue] successfully performed. With the following test data [title]. @19-11-2021 15:40:00.0850 PM
[ReportManager] API Action [GetResponseJSONValue] successfully performed. With the following test data [title]. @19-11-2021 15:40:00.0864 PM
[ReportManager] API Action [GetResponseJSONValue] successfully performed. With the following test data [title]. @19-11-2021 15:40:00.0878 PM
[ReportManager] API Action [GetResponseJSONValue] successfully performed. With the following test data [title]. @19-11-2021 15:40:00.0889 PM
[ReportManager] API Action [GetResponseJSONValue] successfully performed. With the following test data [title]. @19-11-2021 15:40:00.0917 PM
[ReportManager] API Action [GetResponseJSONValue] successfully performed. With the following test data [title]. @19-11-2021 15:40:00.0929 PM
[ReportManager] API Action [GetResponseJSONValue] successfully performed. With the following test data [title]. @19-11-2021 15:40:00.0941 PM
[ReportManager] API Action [GetResponseJSONValue] successfully performed. With the following test data [title]. @19-11-2021 15:40:00.0953 PM
[ReportManager] API Action [GetResponseJSONValue] successfully performed. With the following test data [title]. @19-11-2021 15:40:00.0965 PM
[ReportManager] API Action [GetResponseJSONValue] successfully performed. With the following test data [title]. @19-11-2021 15:40:00.0979 PM
[ReportManager] API Action [GetResponseJSONValue] successfully performed. With the following test data [title]. @19-11-2021 15:40:00.0997 PM
[ReportManager] API Action [GetResponseJSONValue] successfully performed. With the following test data [title]. @19-11-2021 15:40:01.0012 PM
[ReportManager] API Action [GetResponseJSONValue] successfully performed. With the following test data [title]. @19-11-2021 15:40:01.0025 PM
[ReportManager] API Action [GetResponseJSONValue] successfully performed. With the following test data [title]. @19-11-2021 15:40:01.0036 PM
[ReportManager] API Action [GetResponseJSONValue] successfully performed. With the following test data [title]. @19-11-2021 15:40:01.0048 PM
[ReportManager] API Action [GetResponseJSONValue] successfully performed. With the following test data [title]. @19-11-2021 15:40:01.0059 PM
[ReportManager] API Action [GetResponseJSONValue] successfully performed. With the following test data [title]. @19-11-2021 15:40:01.0070 PM
[ReportManager] API Action [GetResponseJSONValue] successfully performed. With the following test data [title]. @19-11-2021 15:40:01.0081 PM
[ReportManager] API Action [GetResponseJSONValue] successfully performed. With the following test data [title]. @19-11-2021 15:40:01.0092 PM
[ReportManager] API Action [GetResponseJSONValue] successfully performed. With the following test data [title]. @19-11-2021 15:40:01.0105 PM
[ReportManager] API Action [GetResponseJSONValue] successfully performed. With the following test data [title]. @19-11-2021 15:40:01.0118 PM
[ReportManager] API Action [GetResponseJSONValue] successfully performed. With the following test data [title]. @19-11-2021 15:40:01.0133 PM
[ReportManager] API Action [GetResponseJSONValue] successfully performed. With the following test data [title]. @19-11-2021 15:40:01.0146 PM
[ReportManager] API Action [GetResponseJSONValue] successfully performed. With the following test data [title]. @19-11-2021 15:40:01.0156 PM
[ReportManager] API Action [GetResponseJSONValue] successfully performed. With the following test data [title]. @19-11-2021 15:40:01.0170 PM
[ReportManager] API Action [GetResponseJSONValue] successfully performed. With the following test data [title]. @19-11-2021 15:40:01.0184 PM
[ReportManager] API Action [GetResponseJSONValue] successfully performed. With the following test data [title]. @19-11-2021 15:40:01.0201 PM
[ReportManager] API Action [GetResponseJSONValue] successfully performed. With the following test data [title]. @19-11-2021 15:40:01.0215 PM
[ReportManager] API Action [GetResponseJSONValue] successfully performed. With the following test data [title]. @19-11-2021 15:40:01.0226 PM
[ReportManager] API Action [GetResponseJSONValue] successfully performed. With the following test data [title]. @19-11-2021 15:40:01.0242 PM
[ReportManager] API Action [GetResponseJSONValue] successfully performed. With the following test data [title]. @19-11-2021 15:40:01.0255 PM
[ReportManager] API Action [GetResponseJSONValue] successfully performed. With the following test data [title]. @19-11-2021 15:40:01.0266 PM
[ReportManager] API Action [GetResponseJSONValue] successfully performed. With the following test data [title]. @19-11-2021 15:40:01.0277 PM
[ReportManager] API Action [GetResponseJSONValue] successfully performed. With the following test data [title]. @19-11-2021 15:40:01.0288 PM
[ReportManager] API Action [GetResponseJSONValue] successfully performed. With the following test data [title]. @19-11-2021 15:40:01.0300 PM
[ReportManager] API Action [GetResponseJSONValue] successfully performed. With the following test data [title]. @19-11-2021 15:40:01.0311 PM
[ReportManager] API Action [GetResponseJSONValue] successfully performed. With the following test data [title]. @19-11-2021 15:40:01.0322 PM
[ReportManager] API Action [GetResponseJSONValue] successfully performed. With the following test data [title]. @19-11-2021 15:40:01.0333 PM
[ReportManager] API Action [GetResponseJSONValue] successfully performed. With the following test data [title]. @19-11-2021 15:40:01.0345 PM
[ReportManager] API Action [GetResponseJSONValue] successfully performed. With the following test data [title]. @19-11-2021 15:40:01.0358 PM
[ReportManager] API Action [GetResponseJSONValue] successfully performed. With the following test data [title]. @19-11-2021 15:40:01.0375 PM
[ReportManager] API Action [GetResponseJSONValue] successfully performed. With the following test data [title]. @19-11-2021 15:40:01.0388 PM
[ReportManager] API Action [GetResponseJSONValue] successfully performed. With the following test data [title]. @19-11-2021 15:40:01.0428 PM
[ReportManager] API Action [GetResponseJSONValue] successfully performed. With the following test data [title]. @19-11-2021 15:40:01.0441 PM
[ReportManager] API Action [GetResponseJSONValue] successfully performed. With the following test data [title]. @19-11-2021 15:40:01.0460 PM
[ReportManager] API Action [GetResponseJSONValue] successfully performed. With the following test data [title]. @19-11-2021 15:40:01.0474 PM
[ReportManager] API Action [GetResponseJSONValue] successfully performed. With the following test data [title]. @19-11-2021 15:40:01.0486 PM
[ReportManager] API Action [GetResponseJSONValue] successfully performed. With the following test data [title]. @19-11-2021 15:40:01.0503 PM
[ReportManager] API Action [GetResponseJSONValue] successfully performed. With the following test data [title]. @19-11-2021 15:40:01.0516 PM
[ReportManager] API Action [GetResponseJSONValue] successfully performed. With the following test data [title]. @19-11-2021 15:40:01.0530 PM
[ReportManager] API Action [GetResponseJSONValue] successfully performed. With the following test data [title]. @19-11-2021 15:40:01.0541 PM
[ReportManager] API Action [GetResponseJSONValue] successfully performed. With the following test data [title]. @19-11-2021 15:40:01.0553 PM
[ReportManager] API Action [GetResponseJSONValue] successfully performed. With the following test data [title]. @19-11-2021 15:40:01.0564 PM
[ReportManager] API Action [GetResponseJSONValue] successfully performed. With the following test data [title]. @19-11-2021 15:40:01.0575 PM
[ReportManager] API Action [GetResponseJSONValue] successfully performed. With the following test data [title]. @19-11-2021 15:40:01.0586 PM
[ReportManager] API Action [GetResponseJSONValue] successfully performed. With the following test data [title]. @19-11-2021 15:40:01.0598 PM
[ReportManager] API Action [GetResponseJSONValue] successfully performed. With the following test data [title]. @19-11-2021 15:40:01.0608 PM
[ReportManager] API Action [GetResponseJSONValue] successfully performed. With the following test data [title]. @19-11-2021 15:40:01.0618 PM
[ReportManager] API Action [GetResponseJSONValue] successfully performed. With the following test data [title]. @19-11-2021 15:40:01.0628 PM
[ReportManager] API Action [GetResponseJSONValue] successfully performed. With the following test data [title]. @19-11-2021 15:40:01.0640 PM
[ReportManager] API Action [GetResponseJSONValue] successfully performed. With the following test data [title]. @19-11-2021 15:40:01.0651 PM
[ReportManager] API Action [GetResponseJSONValue] successfully performed. With the following test data [title]. @19-11-2021 15:40:01.0661 PM
[ReportManager] API Action [GetResponseJSONValue] successfully performed. With the following test data [title]. @19-11-2021 15:40:01.0673 PM
[ReportManager] API Action [GetResponseJSONValue] successfully performed. With the following test data [title]. @19-11-2021 15:40:01.0684 PM
[ReportManager] API Action [GetResponseJSONValue] successfully performed. With the following test data [title]. @19-11-2021 15:40:01.0697 PM
[ReportManager] API Action [GetResponseJSONValue] successfully performed. With the following test data [title]. @19-11-2021 15:40:01.0707 PM
[ReportManager] API Action [GetResponseJSONValue] successfully performed. With the following test data [title]. @19-11-2021 15:40:01.0717 PM
[ReportManager] API Action [GetResponseJSONValue] successfully performed. With the following test data [title]. @19-11-2021 15:40:01.0729 PM
[ReportManager] API Action [GetResponseJSONValue] successfully performed. With the following test data [title]. @19-11-2021 15:40:01.0740 PM
[ReportManager] API Action [GetResponseJSONValue] successfully performed. With the following test data [title]. @19-11-2021 15:40:01.0750 PM
[ReportManager] API Action [GetResponseJSONValue] successfully performed. With the following test data [title]. @19-11-2021 15:40:01.0761 PM
[ReportManager] API Action [GetResponseJSONValue] successfully performed. With the following test data [title]. @19-11-2021 15:40:01.0771 PM
[ReportManager] API Action [GetResponseJSONValue] successfully performed. With the following test data [title]. @19-11-2021 15:40:01.0782 PM
[ReportManager] API Action [GetResponseJSONValue] successfully performed. With the following test data [title]. @19-11-2021 15:40:01.0794 PM
[ReportManager] API Action [GetResponseJSONValue] successfully performed. With the following test data [title]. @19-11-2021 15:40:01.0806 PM
[ReportManager] API Action [GetResponseJSONValue] successfully performed. With the following test data [title]. @19-11-2021 15:40:01.0818 PM
[ReportManager] API Action [GetResponseJSONValue] successfully performed. With the following test data [title]. @19-11-2021 15:40:01.0829 PM
[ReportManager] API Action [GetResponseJSONValue] successfully performed. With the following test data [title]. @19-11-2021 15:40:01.0839 PM
[ReportManager] API Action [GetResponseJSONValue] successfully performed. With the following test data [title]. @19-11-2021 15:40:01.0850 PM
[ReportManager] API Action [GetResponseJSONValue] successfully performed. With the following test data [title]. @19-11-2021 15:40:01.0861 PM
[ReportManager] API Action [GetResponseJSONValue] successfully performed. With the following test data [title]. @19-11-2021 15:40:01.0872 P

################################################################################################################################################
Starting Execution:	[68 out of 146] test cases in the current suite
Test Method:		[unitTests.tests_restActions.validateUserEmail]
################################################################################################################################################
[ReportManager] Response status code: [200], status line: [HTTP/1.1 200 OK] @19-11-2021 15:40:01.0957 PM
[ReportManager] Assertion Passed: Evaluating the actual response status code against the expected one... @19-11-2021 15:40:01.0957 PM
[ReportManager] Assertion [ValidateComparativeRelation] PASSED. Expected [200] and Actual [200]. Comparison Type [EQUALS]. Validation Type [POSITIVE]. @19-11-2021 15:40:01.0957 PM
[ReportManager] API Action [PerformRequest] successfully performed. With the following test data [Request Type: "GET" | Target Status Code: "200" | Service URL: "https://jsonplaceholder.typicode.com/users" | Content Type: "*/*" | Response Time: "55ms"]. @19-11-2021 15:40:01.0979 PM
[ReportManager] Successfully created attachment [API Request - Specifications] @19-11-2021 15:40:01.0985 PM
[ReportManager] Successfully created attachment [API Response - JSON Body] @19-11-2021 15:40:01.0992 PM
[ReportManager] Assertion [ValidateEquals] PASSED. Expected and Actual values are attached. Comparison Type [CONTAINS]. Validation Type [POSITIVE]. @19-11-2021 15:40:01.0993 PM
[ReportManager] Successfully created attachment [Validation Test Data - Expected Value] @19-11-2021 15:40:02.0005 PM
[ReportManager] Successfully created attachment [Validation Test Data - Actual Value] @19-11-2021 15:40:02.0011 PM
[ReportManager] API Action [GetResponseJSONValueAsList] successfully performed. With the following test data [$]. @19-11-2021 15:40:02.0017 PM
[ReportManager] API Action [GetResponseJSONValue] successfully performed. With the following test data [name]. @19-11-2021 15:40:02.0028 PM
[ReportManager] API Action [GetResponseJSONValue] successfully performed. With the following test data [email]. @19-11-2021 15:40:02.0039 PM
[ReportManager] Assertion [ValidateEquals] PASSED. Expected [Sincere@april.biz] and Actual [Sincere@april.biz]. Comparison Type [EQUALS]. Validation Type [POSITIVE]. @19-11-2021 15:40:02.0040 PM
[ReportManager] API Action [GetResponseJSONValue] successfully performed. With the following test data [name]. @19-11-2021 15:40:02.0050 PM
[ReportManager] API Action [GetResponseJSONValue] successfully performed. With the following test data [name]. @19-11-2021 15:40:02.0063 PM
[ReportManager] API Action [GetResponseJSONValue] successfully performed. With the following test data [name]. @19-11-2021 15:40:02.0075 PM
[ReportManager] API Action [GetResponseJSONValue] successfully performed. With the following test data [name]. @19-11-2021 15:40:02.0123 PM
[ReportManager] API Action [GetResponseJSONValue] successfully performed. With the following test data [name]. @19-11-2021 15:40:02.0144 PM
[ReportManager] API Action [GetResponseJSONValue] successfully performed. With the following test data [name]. @19-11-2021 15:40:02.0164 PM
[ReportManager] API Action [GetResponseJSONValue] successfully performed. With the following test data [name]. @19-11-2021 15:40:02.0178 PM
[ReportManager] API Action [GetResponseJSONValue] successfully performed. With the following test data [name]. @19-11-2021 15:40:02.0190 PM
[ReportManager] API Action [GetResponseJSONValue] successfully performed. With the following test data [name]. @19-11-2021 15:40:02.0205 P
[ReportManager] File Action [GetAbsolutePath] successfully performed. With the following test data [Relative Folder Path: "target/downloadedFiles/"]. @19-11-2021 15:40:02.0226 PM
[ReportManager] Attempting to run locally on: [Mac-64], [Safari], Headless Execution. @19-11-2021 15:40:02.0226 PM
[ReportManager] Successfully Opened Safari. @19-11-2021 15:40:03.0045 PM
[ReportManager] Initial window size: (800, 600) @19-11-2021 15:40:03.0072 PM
[ReportManager] Window size after SWD Maximize: (1176, 811) @19-11-2021 15:40:03.0098 PM
[ReportManager] Browser Action [MaximizeWindow] successfully performed. With the following test data [New screen size is now: (1176, 811)]. @19-11-2021 15:40:03.0098 P

################################################################################################################################################
Starting Execution:	[69 out of 146] test cases in the current suite
Test Method:		[testPackage01.Test_uploadFile.uploadFile_invisibleUploadInput]
################################################################################################################################################
[ReportManager] Target URL: [https://fineuploader.com/demos.html#gallery-view] @19-11-2021 15:40:03.0123 PM
[ReportManager] Initial URL: [] @19-11-2021 15:40:03.0274 PM
[ReportManager] Browser Action [NavigateToURL] successfully performed. With the following test data [https://fineuploader.com/demos.html#gallery-view]. @19-11-2021 15:40:05.0032 PM
[ReportManager] File Action [GetAbsolutePath] successfully performed. With the following test data [Relative File Path: "src/main/resources/images/shaft.png"]. @19-11-2021 15:40:05.0032 PM
[ReportManager] Successfully created attachment [File Action Actual Result - Command Log] @19-11-2021 15:40:05.0038 PM
[ReportManager] Element Action [TypeFileLocationForUpload] successfully performed. With the following test data [/Users/runner/work/SHAFT_ENGINE/SHAFT_ENGINE/src/main/resources/images/shaft.png]. @19-11-2021 15:40:05.0169 PM
[ReportManager] Attempting to getAttribute [src] from elementLocator [By.xpath: //div[@id='fine-uploader-gallery']//div[@class='qq-thumbnail-wrapper']/img]. @19-11-2021 15:40:05.0171 PM
[ReportManager] Element Action [GetAttribute] successfully performed. @19-11-2021 15:40:05.0273 PM
[ReportManager] Successfully created attachment [Element Action Test Data - GetAttribute - Actual Value] @19-11-2021 15:40:05.0281 PM
[ReportManager] Loaded Shared OpenCV @19-11-2021 15:40:05.0385 PM
[ReportManager] Assertion Passed: Then I Assert that the element found by [By.xpath: //div[@id='fine-uploader-gallery']//div[@class='qq-thumbnail-wrapper']/img] attribute [src] contains [data:image/png;base64]. @19-11-2021 15:40:05.0531 PM
[ReportManager] Successfully created attachment [Validation Test Data - Expected Value] @19-11-2021 15:40:05.0544 PM
[ReportManager] Successfully created attachment [Validation Test Data - Actual Value] @19-11-2021 15:40:05.0550 PM
[ReportManager] Successfully created attachment [Screenshot - 1637336405385_uploadFile_invisibleUploadInput_ValidateElementAttribute_passed] @19-11-2021 15:40:05.0564 PM
[ReportManager] Assertion [ValidateElementAttribute] PASSED. Expected and Actual values are attached. Comparison Type [CONTAINS]. Validation Type [POSITIVE]. @19-11-2021 15:40:05.0564 P
[ReportManager] Browser Action [CloseCurrentWindow] successfully performed. @19-11-2021 15:40:05.0763 PM
[ReportManager] Successfully created attachment [Browser Action Test Data - CloseCurrentWindow - Actual Value] @19-11-2021 15:40:05.0769 P
[ReportManager] File Action [GetAbsolutePath] successfully performed. With the following test data [Relative Folder Path: "target/downloadedFiles/"]. @19-11-2021 15:40:05.0791 PM
[ReportManager] Attempting to run locally on: [Mac-64], [Safari], Headless Execution. @19-11-2021 15:40:05.0792 PM
[ReportManager] Successfully Opened Safari. @19-11-2021 15:40:06.0594 PM
[ReportManager] Initial window size: (800, 600) @19-11-2021 15:40:06.0600 PM
[ReportManager] Window size after SWD Maximize: (1176, 811) @19-11-2021 15:40:06.0632 PM
[ReportManager] Browser Action [MaximizeWindow] successfully performed. With the following test data [New screen size is now: (1176, 811)]. @19-11-2021 15:40:06.0633 P

################################################################################################################################################
Starting Execution:	[70 out of 146] test cases in the current suite
Test Method:		[testPackage01.Test_uploadFile.uploadFile_visibleUploadInput]
################################################################################################################################################
[ReportManager] Target URL: [http://demo.guru99.com/test/upload/] @19-11-2021 15:40:06.0658 PM
[ReportManager] Initial URL: [] @19-11-2021 15:40:06.0758 PM
[ReportManager] Browser Action [NavigateToURL] successfully performed. With the following test data [http://demo.guru99.com/test/upload/]. @19-11-2021 15:40:08.0536 PM
[ReportManager] File Action [GetAbsolutePath] successfully performed. With the following test data [Relative Folder Path: "src/main/resources/images/shaft.png"]. @19-11-2021 15:40:08.0536 PM
[ReportManager] Element Action [TypeFileLocationForUpload] successfully performed. With the following test data [/Users/runner/work/SHAFT_ENGINE/SHAFT_ENGINE/src/main/resources/images/shaft.png]. @19-11-2021 15:40:08.0590 PM
[ReportManager] Element Action [Click] successfully performed. With the following test data [By.id: terms]. @19-11-2021 15:40:08.0950 PM
[ReportManager] Element Action [Click] successfully performed. With the following test data [By.id: submitbutton]. @19-11-2021 15:40:09.0323 PM
[ReportManager] Element Action [GetText] successfully performed. With the following test data [1 file has been successfully uploaded.]. @19-11-2021 15:40:10.0036 PM
[ReportManager] Loaded Shared OpenCV @19-11-2021 15:40:10.0094 PM
[ReportManager] Assertion Passed: Then I Assert that the element found by [By.id: res] attribute [Text] contains [1 file]. @19-11-2021 15:40:10.0271 PM
[ReportManager] Successfully created attachment [Screenshot - 1637336410094_uploadFile_visibleUploadInput_ValidateElementAttribute_passed] @19-11-2021 15:40:10.0277 PM
[ReportManager] Assertion [ValidateElementAttribute] PASSED. Expected [Value Should be '1 file' for the 'Text' attribute, element locator 'By.id: res'] and Actual [1 file has been successfully uploaded.]. Comparison Type [CONTAINS]. Validation Type [POSITIVE]. @19-11-2021 15:40:10.0277 P
[ReportManager] Browser Action [CloseCurrentWindow] successfully performed. @19-11-2021 15:40:10.0563 PM
[ReportManager] Successfully created attachment [Browser Action Test Data - CloseCurrentWindow - Actual Value] @19-11-2021 15:40:10.0569 P

################################################################################################################################################
Starting Execution:	[71 out of 146] test cases in the current suite
Test Method:		[testPackage01.Test_AssertApiResponseEquals.assertApiResponseEquals_expectedToPass]
################################################################################################################################################
[ReportManager] Response status code: [200], status line: [HTTP/1.1 200 OK] @19-11-2021 15:40:10.0657 PM
[ReportManager] Assertion Passed: Evaluating the actual response status code against the expected one... @19-11-2021 15:40:10.0657 PM
[ReportManager] Assertion [ValidateComparativeRelation] PASSED. Expected [200] and Actual [200]. Comparison Type [EQUALS]. Validation Type [POSITIVE]. @19-11-2021 15:40:10.0657 PM
[ReportManager] API Action [PerformRequest] successfully performed. With the following test data [Request Type: "GET" | Target Status Code: "200" | Service URL: "https://jsonplaceholder.typicode.com/users" | Content Type: "*/*" | Response Time: "59ms"]. @19-11-2021 15:40:10.0689 PM
[ReportManager] Successfully created attachment [API Request - Specifications] @19-11-2021 15:40:10.0696 PM
[ReportManager] Successfully created attachment [API Response - JSON Body] @19-11-2021 15:40:10.0709 PM
[ReportManager] API Action [GetResponseJSONValueAsList] successfully performed. With the following test data [$]. @19-11-2021 15:40:10.0718 PM
[ReportManager] API Action [GetResponseJSONValue] successfully performed. With the following test data [name]. @19-11-2021 15:40:10.0732 PM
[ReportManager] API Action [GetResponseJSONValue] successfully performed. With the following test data [email]. @19-11-2021 15:40:10.0750 PM
[ReportManager] Verification [ValidateEquals] PASSED. Expected [Sincere@april.biz] and Actual [Sincere@april.biz]. Comparison Type [EQUALS]. Validation Type [POSITIVE]. @19-11-2021 15:40:10.0751 PM
[ReportManager] API Action [GetResponseJSONValue] successfully performed. With the following test data [username]. @19-11-2021 15:40:10.0766 PM
[ReportManager] Assertion [ValidateEquals] PASSED. Expected [Bret] and Actual [Bret]. Comparison Type [EQUALS]. Validation Type [POSITIVE]. @19-11-2021 15:40:10.0767 PM
[ReportManager] API Action [GetResponseJSONValue] successfully performed. With the following test data [name]. @19-11-2021 15:40:10.0780 PM
[ReportManager] API Action [GetResponseJSONValue] successfully performed. With the following test data [name]. @19-11-2021 15:40:10.0793 PM
[ReportManager] API Action [GetResponseJSONValue] successfully performed. With the following test data [name]. @19-11-2021 15:40:10.0805 PM
[ReportManager] API Action [GetResponseJSONValue] successfully performed. With the following test data [name]. @19-11-2021 15:40:10.0817 PM
[ReportManager] API Action [GetResponseJSONValue] successfully performed. With the following test data [name]. @19-11-2021 15:40:10.0830 PM
[ReportManager] API Action [GetResponseJSONValue] successfully performed. With the following test data [name]. @19-11-2021 15:40:10.0842 PM
[ReportManager] API Action [GetResponseJSONValue] successfully performed. With the following test data [name]. @19-11-2021 15:40:10.0856 PM
[ReportManager] API Action [GetResponseJSONValue] successfully performed. With the following test data [name]. @19-11-2021 15:40:10.0873 PM
[ReportManager] API Action [GetResponseJSONValue] successfully performed. With the following test data [name]. @19-11-2021 15:40:10.0892 P

################################################################################################################################################
Starting Execution:	[72 out of 146] test cases in the current suite
Test Method:		[testPackage01.Test_testData.f]
################################################################################################################################################
[ReportManager] Successfully loaded the following test data file [src/test/resources/testDataFiles/testSuite01/TestData.xlsx]. @19-11-2021 15:40:10.0955 PM
[ReportManager] Successfully created attachment [Test Data - Excel] @19-11-2021 15:40:10.0963 PM
[ReportManager] Last Column Number is: [3]. Zero-based. @19-11-2021 15:40:10.0964 P

################################################################################################################################################
Starting Execution:	[73 out of 146] test cases in the current suite
Test Method:		[testPackage01.Test_PDF.testPDF1]
################################################################################################################################################
[ReportManager] File Action [DoesFileExist] successfully performed. With the following test data [File Path: "src/test/resources/testDataFiles/sample.pdf"]. @19-11-2021 15:40:10.0988 PM
[ReportManager] File Action [GetAbsolutePath] successfully performed. With the following test data [Relative Folder Path: "src/test/resources/testDataFiles/sample.pdf"]. @19-11-2021 15:40:10.0990 PM
[ReportManager] Assertion Passed: Checking to see that the pdf file contains [A Simple PDF File] @19-11-2021 15:40:23.0892 PM
[ReportManager] Successfully created attachment [Validation Test Data - Expected Value] @19-11-2021 15:40:23.0892 PM
[ReportManager] Successfully created attachment [Validation Test Data - Actual Value] @19-11-2021 15:40:23.0893 PM
[ReportManager] Assertion [ValidateEquals] PASSED. Expected and Actual values are attached. Comparison Type [CONTAINS]. Validation Type [POSITIVE]. @19-11-2021 15:40:23.0893 P

################################################################################################################################################
Starting Execution:	[74 out of 146] test cases in the current suite
Test Method:		[testPackage01.Test_PDF.testPDF2]
################################################################################################################################################
[ReportManager] File Action [DoesFileExist] successfully performed. With the following test data [File Path: "src/test/resources/testDataFiles/sample.pdf"]. @19-11-2021 15:40:23.0899 PM
[ReportManager] File Action [GetAbsolutePath] successfully performed. With the following test data [Relative Folder Path: "src/test/resources/testDataFiles/sample.pdf"]. @19-11-2021 15:40:23.0899 PM
[ReportManager] Assertion Passed: Checking to see that the pdf file contains [A Simple PDF File] @19-11-2021 15:40:23.0916 PM
[ReportManager] Successfully created attachment [Validation Test Data - Expected Value] @19-11-2021 15:40:23.0916 PM
[ReportManager] Successfully created attachment [Validation Test Data - Actual Value] @19-11-2021 15:40:23.0917 PM
[ReportManager] Assertion [ValidateEquals] PASSED. Expected and Actual values are attached. Comparison Type [CONTAINS]. Validation Type [POSITIVE]. @19-11-2021 15:40:23.0917 P
[ReportManager] File Action [GetAbsolutePath] successfully performed. With the following test data [Relative Folder Path: "target/downloadedFiles/"]. @19-11-2021 15:40:23.0919 PM
[ReportManager] Attempting to run locally on: [Mac-64], [Safari], Headless Execution. @19-11-2021 15:40:23.0919 PM
[ReportManager] Successfully Opened Safari. @19-11-2021 15:40:24.0815 PM
[ReportManager] Initial window size: (800, 600) @19-11-2021 15:40:24.0902 PM
[ReportManager] Window size after SWD Maximize: (1176, 811) @19-11-2021 15:40:24.0947 PM
[ReportManager] Browser Action [MaximizeWindow] successfully performed. With the following test data [New screen size is now: (1176, 811)]. @19-11-2021 15:40:24.0948 P

################################################################################################################################################
Starting Execution:	[75 out of 146] test cases in the current suite
Test Method:		[testPackage01.Test_ShadowDOM.shadowdom]
################################################################################################################################################
[ReportManager] Target URL: [https://mdn.github.io/web-components-examples/popup-info-box-web-component/] @19-11-2021 15:40:24.0962 PM
[ReportManager] Initial URL: [] @19-11-2021 15:40:25.0011 PM
[ReportManager] Browser Action [NavigateToURL] successfully performed. With the following test data [https://mdn.github.io/web-components-examples/popup-info-box-web-component/]. @19-11-2021 15:40:25.0665 PM
[ReportManager] Element Action [Type] successfully performed. With the following test data [Typing into SHADOW DOM...]. @19-11-2021 15:40:26.0655 PM
[ReportManager] Element Action [GetText] successfully performed. With the following test data [Typing into SHADOW DOM...]. @19-11-2021 15:40:26.0739 PM
[ReportManager] Loaded Shared OpenCV @19-11-2021 15:40:26.0802 PM
[ReportManager] Assertion [ValidateElementAttribute] PASSED. Expected [Value Should be 'Typing into SHADOW DOM...' for the 'Text' attribute, element locator 'By.id: cvc'] and Actual [Typing into SHADOW DOM...]. Comparison Type [EQUALS]. Validation Type [POSITIVE]. @19-11-2021 15:40:27.0041 PM
[ReportManager] Successfully created attachment [Screenshot - 1637336426802_shadowdom_ValidateElementAttribute_passed] @19-11-2021 15:40:27.0055 P
[ReportManager] Browser Action [CloseCurrentWindow] successfully performed. @19-11-2021 15:40:27.0232 PM
[ReportManager] Successfully created attachment [Browser Action Test Data - CloseCurrentWindow - Actual Value] @19-11-2021 15:40:27.0239 P
[ReportManager] File Action [GetAbsolutePath] successfully performed. With the following test data [Relative Folder Path: "target/downloadedFiles/"]. @19-11-2021 15:40:27.0259 PM
[ReportManager] Attempting to run locally on: [Mac-64], [Safari], Headless Execution. @19-11-2021 15:40:27.0259 PM
[ReportManager] Successfully Opened Safari. @19-11-2021 15:40:28.0156 PM
[ReportManager] Initial window size: (800, 600) @19-11-2021 15:40:28.0184 PM
[ReportManager] Window size after SWD Maximize: (1176, 811) @19-11-2021 15:40:28.0225 PM
[ReportManager] Browser Action [MaximizeWindow] successfully performed. With the following test data [New screen size is now: (1176, 811)]. @19-11-2021 15:40:28.0226 P

################################################################################################################################################
Starting Execution:	[76 out of 146] test cases in the current suite
Test Method:		[testPackage01.Test_clipboardActions.typeTextAndCopyPaste]
################################################################################################################################################
[ReportManager] Target URL: [https://www.google.com/ncr], and after redirection: [https://www.google.com] @19-11-2021 15:40:28.0234 PM
[ReportManager] Initial URL: [] @19-11-2021 15:40:28.0293 PM
[ReportManager] Browser Action [NavigateToURL] successfully performed. With the following test data [https://www.google.com/ncr]. @19-11-2021 15:40:29.0824 PM
[ReportManager] Element Action [Type] successfully performed. With the following test data [FIRST]. @19-11-2021 15:40:30.0241 P
[ReportManager] Browser Action [CloseCurrentWindow] successfully performed. @19-11-2021 15:40:30.0523 PM
[ReportManager] Successfully created attachment [Browser Action Test Data - CloseCurrentWindow - Actual Value] @19-11-2021 15:40:30.0529 P

################################################################################################################################################
Starting Execution:	[77 out of 146] test cases in the current suite
Test Method:		[testPackage01.Test_NewValidationHelper.f1]
################################################################################################################################################
[ReportManager] Assertion Passed: Checking valid user data @19-11-2021 15:40:30.0549 PM
[ReportManager] Successfully created attachment [Validation Test Data - Expected Value] @19-11-2021 15:40:30.0561 PM
[ReportManager] Successfully created attachment [Validation Test Data - Actual Value] @19-11-2021 15:40:30.0567 PM
[ReportManager] Assertion [ValidateEquals] PASSED. Expected and Actual values are attached. Comparison Type [EQUALS]. Validation Type [POSITIVE]. @19-11-2021 15:40:30.0567 P
[ReportManager] File Action [GetAbsolutePath] successfully performed. With the following test data [Relative Folder Path: "target/downloadedFiles/"]. @19-11-2021 15:40:30.0601 PM
[ReportManager] Attempting to run locally on: [Mac-64], [Safari], Headless Execution. @19-11-2021 15:40:30.0601 PM
[ReportManager] Successfully Opened Safari. @19-11-2021 15:40:31.0616 PM
[ReportManager] Initial window size: (800, 600) @19-11-2021 15:40:31.0647 PM
[ReportManager] Window size after SWD Maximize: (1176, 811) @19-11-2021 15:40:31.0679 PM
[ReportManager] Browser Action [MaximizeWindow] successfully performed. With the following test data [New screen size is now: (1176, 811)]. @19-11-2021 15:40:31.0680 PM
[ReportManager] Target URL: [https://the-internet.herokuapp.com/] @19-11-2021 15:40:31.0680 PM
[ReportManager] Initial URL: [] @19-11-2021 15:40:31.0815 PM
[ReportManager] Browser Action [NavigateToURL] successfully performed. With the following test data [https://the-internet.herokuapp.com/]. @19-11-2021 15:40:33.0266 P

################################################################################################################################################
Starting Execution:	[78 out of 146] test cases in the current suite
Test Method:		[testPackage01.Test_NewValidationHelper.f10]
################################################################################################################################################
[ReportManager] Loaded Shared OpenCV @19-11-2021 15:40:33.0391 PM
[ReportManager] Assertion [ValidateElementExists] FAILED. Expected [Element Should Exist, locator 'By.tagName: div'] and Actual [Element Exists but is not unique]. Comparison Type [EQUALS]. Validation Type [POSITIVE]. @19-11-2021 15:40:33.0594 PM
[ReportManager] Successfully created attachment [Screenshot - 1637336433391_f10_ValidateElementExists_failed] @19-11-2021 15:40:33.0602 P
[ReportManager] Successfully Closed All Drivers. @19-11-2021 15:40:33.0860 P
[ReportManager] File Action [GetAbsolutePath] successfully performed. With the following test data [Relative Folder Path: "target/downloadedFiles/"]. @19-11-2021 15:40:33.0863 PM
[ReportManager] Attempting to run locally on: [Mac-64], [Safari], Headless Execution. @19-11-2021 15:40:33.0863 PM
[ReportManager] An Exception Occured with this Message: Could not start a new session. Possible causes are invalid address of the remote server or browser start-up failure.. @19-11-2021 15:40:33.0917 PM
[ReportManager] Successfully created attachment [Exception Stack Trace - org.openqa.selenium.SessionNotCreatedException] @19-11-2021 15:40:33.0924 PM
[ReportManager] Driver Factory Action [createNewLocalDriverInstanceForSafari] failed. With the following test data [Failed to create a session on DESKTOP_SAFARI]. @19-11-2021 15:40:33.0925 P

################################################################################################################################################
Starting Execution:	[79 out of 146] test cases in the current suite
Test Method:		[testPackage01.Test_NewValidationHelper.f11]
###############################################################################################################################################



################################################################################################################################################
Starting Execution:	[80 out of 146] test cases in the current suite
Test Method:		[testPackage01.Test_NewValidationHelper.f12]
###############################################################################################################################################



################################################################################################################################################
Starting Execution:	[81 out of 146] test cases in the current suite
Test Method:		[testPackage01.Test_NewValidationHelper.f13]
###############################################################################################################################################



################################################################################################################################################
Starting Execution:	[82 out of 146] test cases in the current suite
Test Method:		[testPackage01.Test_NewValidationHelper.f14]
###############################################################################################################################################



################################################################################################################################################
Starting Execution:	[83 out of 146] test cases in the current suite
Test Method:		[testPackage01.Test_NewValidationHelper.f15]
###############################################################################################################################################



################################################################################################################################################
Starting Execution:	[84 out of 146] test cases in the current suite
Test Method:		[testPackage01.Test_NewValidationHelper.f16]
###############################################################################################################################################



################################################################################################################################################
Starting Execution:	[85 out of 146] test cases in the current suite
Test Method:		[testPackage01.Test_NewValidationHelper.f17]
###############################################################################################################################################



################################################################################################################################################
Starting Execution:	[86 out of 146] test cases in the current suite
Test Method:		[testPackage01.Test_NewValidationHelper.f18]
###############################################################################################################################################


################################################################################################################################################
Starting Execution:	[87 out of 146] test cases in the current suite
Test Method:		[testPackage01.Test_NewValidationHelper.f2]
###############################################################################################################################################


################################################################################################################################################
Starting Execution:	[88 out of 146] test cases in the current suite
Test Method:		[testPackage01.Test_NewValidationHelper.f20]
###############################################################################################################################################



################################################################################################################################################
Starting Execution:	[89 out of 146] test cases in the current suite
Test Method:		[testPackage01.Test_NewValidationHelper.f21]
###############################################################################################################################################



################################################################################################################################################
Starting Execution:	[90 out of 146] test cases in the current suite
Test Method:		[testPackage01.Test_NewValidationHelper.f22]
###############################################################################################################################################


################################################################################################################################################
Starting Execution:	[91 out of 146] test cases in the current suite
Test Method:		[testPackage01.Test_NewValidationHelper.f23]
###############################################################################################################################################

################################################################################################################################################
Starting Execution:	[92 out of 146] test cases in the current suite
Test Method:		[testPackage01.Test_NewValidationHelper.f24]
###############################################################################################################################################

################################################################################################################################################
Starting Execution:	[93 out of 146] test cases in the current suite
Test Method:		[testPackage01.Test_NewValidationHelper.f25]
###############################################################################################################################################

################################################################################################################################################
Starting Execution:	[94 out of 146] test cases in the current suite
Test Method:		[testPackage01.Test_NewValidationHelper.f26]
###############################################################################################################################################

################################################################################################################################################
Starting Execution:	[95 out of 146] test cases in the current suite
Test Method:		[testPackage01.Test_NewValidationHelper.f27]
###############################################################################################################################################

################################################################################################################################################
Starting Execution:	[96 out of 146] test cases in the current suite
Test Method:		[testPackage01.Test_NewValidationHelper.f28]
###############################################################################################################################################

################################################################################################################################################
Starting Execution:	[97 out of 146] test cases in the current suite
Test Method:		[testPackage01.Test_NewValidationHelper.f29]
###############################################################################################################################################

################################################################################################################################################
Starting Execution:	[98 out of 146] test cases in the current suite
Test Method:		[testPackage01.Test_NewValidationHelper.f3]
###############################################################################################################################################

################################################################################################################################################
Starting Execution:	[99 out of 146] test cases in the current suite
Test Method:		[testPackage01.Test_NewValidationHelper.f30]
###############################################################################################################################################

################################################################################################################################################
Starting Execution:	[100 out of 146] test cases in the current suite
Test Method:		[testPackage01.Test_NewValidationHelper.f31]
###############################################################################################################################################

################################################################################################################################################
Starting Execution:	[101 out of 146] test cases in the current suite
Test Method:		[testPackage01.Test_NewValidationHelper.f32]
###############################################################################################################################################

################################################################################################################################################
Starting Execution:	[102 out of 146] test cases in the current suite
Test Method:		[testPackage01.Test_NewValidationHelper.f33]
###############################################################################################################################################

################################################################################################################################################
Starting Execution:	[103 out of 146] test cases in the current suite
Test Method:		[testPackage01.Test_NewValidationHelper.f34]
###############################################################################################################################################

################################################################################################################################################
Starting Execution:	[104 out of 146] test cases in the current suite
Test Method:		[testPackage01.Test_NewValidationHelper.f35]
###############################################################################################################################################

################################################################################################################################################
Starting Execution:	[105 out of 146] test cases in the current suite
Test Method:		[testPackage01.Test_NewValidationHelper.f36]
###############################################################################################################################################

################################################################################################################################################
Starting Execution:	[106 out of 146] test cases in the current suite
Test Method:		[testPackage01.Test_NewValidationHelper.f37]
###############################################################################################################################################

################################################################################################################################################
Starting Execution:	[107 out of 146] test cases in the current suite
Test Method:		[testPackage01.Test_NewValidationHelper.f3_1]
###############################################################################################################################################

################################################################################################################################################
Starting Execution:	[108 out of 146] test cases in the current suite
Test Method:		[testPackage01.Test_NewValidationHelper.f4]
###############################################################################################################################################

################################################################################################################################################
Starting Execution:	[109 out of 146] test cases in the current suite
Test Method:		[testPackage01.Test_NewValidationHelper.f5]
###############################################################################################################################################

################################################################################################################################################
Starting Execution:	[110 out of 146] test cases in the current suite
Test Method:		[testPackage01.Test_NewValidationHelper.f6]
###############################################################################################################################################

################################################################################################################################################
Starting Execution:	[111 out of 146] test cases in the current suite
Test Method:		[testPackage01.Test_NewValidationHelper.f6_1]
###############################################################################################################################################

################################################################################################################################################
Starting Execution:	[112 out of 146] test cases in the current suite
Test Method:		[testPackage01.Test_NewValidationHelper.f6_2]
###############################################################################################################################################

################################################################################################################################################
Starting Execution:	[113 out of 146] test cases in the current suite
Test Method:		[testPackage01.Test_NewValidationHelper.f7]
###############################################################################################################################################


################################################################################################################################################
Starting Execution:	[114 out of 146] test cases in the current suite
Test Method:		[testPackage01.Test_NewValidationHelper.f8]
###############################################################################################################################################



################################################################################################################################################
Starting Execution:	[115 out of 146] test cases in the current suite
Test Method:		[testPackage01.Test_NewValidationHelper.f9]
###############################################################################################################################################


################################################################################################################################################
Starting Execution:	[116 out of 146] test cases in the current suite
Test Method:		[testPackage01.Test_NewValidationHelper.forceFail]
###############################################################################################################################################

################################################################################################################################################
Starting Execution:	[117 out of 146] test cases in the current suite
Test Method:		[testPackage01.Test_NewValidationHelper.forceFail2]
###############################################################################################################################################

################################################################################################################################################
Starting Execution:	[118 out of 146] test cases in the current suite
Test Method:		[testPackage01.Test_JsonActions.f]
###############################################################################################################################################

################################################################################################################################################
Starting Execution:	[119 out of 146] test cases in the current suite
Test Method:		[testPackage01.Test_JsonActions.f2]
###############################################################################################################################################

################################################################################################################################################
Starting Execution:	[120 out of 146] test cases in the current suite
Test Method:		[testPackage01.Test_sendGraphqlRequest.sendGraphqlRequestUsingMutationAndVariables]
################################################################################################################################################
[ReportManager] GraphQl Request is being Performed with the Following Parameters [Service URL: https://api.spacex.land/graphql | Request Body: {"variables":"{\"name\": \"sherlock holmes\",\"rocket\": \"221B Baker Street\"}","query":"mutation ($name: String, $rocket: String) {\n  insert_users(objects: {name: $name, rocket: $rocket}) {\n    returning {\n      name\n      rocket\n    }\n  }\n}"}] @19-11-2021 15:40:34.0660 PM
[ReportManager] Response status code: [200], status line: [HTTP/1.1 200 OK] @19-11-2021 15:40:35.0207 PM
[ReportManager] Assertion Passed: Evaluating the actual response status code against the expected one... @19-11-2021 15:40:35.0208 PM
[ReportManager] Assertion [ValidateComparativeRelation] PASSED. Expected [200] and Actual [200]. Comparison Type [EQUALS]. Validation Type [POSITIVE]. @19-11-2021 15:40:35.0208 PM
[ReportManager] API Action [PerformRequest] successfully performed. With the following test data [Request Type: "POST" | Target Status Code: "200" | Service URL: "https://api.spacex.land/graphql" | Content Type: "application/json" | Response Time: "435ms"]. @19-11-2021 15:40:35.0259 PM
[ReportManager] Successfully created attachment [API Request - Specifications] @19-11-2021 15:40:35.0266 PM
[ReportManager] Successfully created attachment [API Request - JSON Body] @19-11-2021 15:40:35.0274 PM
[ReportManager] Successfully created attachment [API Response - JSON Body] @19-11-2021 15:40:35.0281 PM
[ReportManager] API Action [GetResponseJSONValue] successfully performed. With the following test data [data.insert_users.returning[0].name]. @19-11-2021 15:40:35.0356 PM
[ReportManager] Assertion [ValidateEquals] PASSED. Expected [sherlock holmes] and Actual [sherlock holmes]. Comparison Type [EQUALS]. Validation Type [POSITIVE]. @19-11-2021 15:40:35.0357 P

################################################################################################################################################
Starting Execution:	[121 out of 146] test cases in the current suite
Test Method:		[testPackage01.Test_sendGraphqlRequest.sendGraphqlRequestUsingQuery]
################################################################################################################################################
[ReportManager] GraphQl Request is being Performed with the Following Parameters [Service URL: https://api.spacex.land/graphql | Request Body: {"query":"{company {ceo}}"}] @19-11-2021 15:40:35.0375 PM
[ReportManager] Response status code: [200], status line: [HTTP/1.1 200 OK] @19-11-2021 15:40:35.0659 PM
[ReportManager] Assertion Passed: Evaluating the actual response status code against the expected one... @19-11-2021 15:40:35.0659 PM
[ReportManager] Assertion [ValidateComparativeRelation] PASSED. Expected [200] and Actual [200]. Comparison Type [EQUALS]. Validation Type [POSITIVE]. @19-11-2021 15:40:35.0659 PM
[ReportManager] API Action [PerformRequest] successfully performed. With the following test data [Request Type: "POST" | Target Status Code: "200" | Service URL: "https://api.spacex.land/graphql" | Content Type: "application/json" | Response Time: "278ms"]. @19-11-2021 15:40:35.0674 PM
[ReportManager] Successfully created attachment [API Request - Specifications] @19-11-2021 15:40:35.0681 PM
[ReportManager] Successfully created attachment [API Request - JSON Body] @19-11-2021 15:40:35.0688 PM
[ReportManager] Successfully created attachment [API Response - JSON Body] @19-11-2021 15:40:35.0694 PM
[ReportManager] API Action [GetResponseJSONValue] successfully performed. With the following test data [data.company.ceo]. @19-11-2021 15:40:35.0710 PM
[ReportManager] Assertion [ValidateEquals] PASSED. Expected [Elon Musk] and Actual [Elon Musk]. Comparison Type [EQUALS]. Validation Type [POSITIVE]. @19-11-2021 15:40:35.0711 P

################################################################################################################################################
Starting Execution:	[122 out of 146] test cases in the current suite
Test Method:		[testPackage01.Test_MatchJsonSchema.checkAPI_ResponseSchema]
################################################################################################################################################
[ReportManager] Response status code: [200], status line: [HTTP/1.1 200 OK] @19-11-2021 15:40:35.0880 PM
[ReportManager] Assertion Passed: Evaluating the actual response status code against the expected one... @19-11-2021 15:40:35.0882 PM
[ReportManager] Assertion [ValidateComparativeRelation] PASSED. Expected [200] and Actual [200]. Comparison Type [EQUALS]. Validation Type [POSITIVE]. @19-11-2021 15:40:35.0882 PM
[ReportManager] API Action [PerformRequest] successfully performed. With the following test data [Request Type: "GET" | Target Status Code: "200" | Service URL: "http://api.zippopotam.us/us/90210" | Content Type: "*/*" | Response Time: "144ms"]. @19-11-2021 15:40:35.0903 PM
[ReportManager] Successfully created attachment [API Request - Specifications] @19-11-2021 15:40:35.0910 PM
[ReportManager] Successfully created attachment [API Response - JSON Body] @19-11-2021 15:40:35.0917 PM
[ReportManager] File Action [GetAbsolutePath] successfully performed. With the following test data [Relative Folder Path: "src/test/resources/testDataFiles/schema.json"]. @19-11-2021 15:40:35.0918 PM
[ReportManager] File Action [GetAbsolutePath] successfully performed. With the following test data [Relative Folder Path: "/Users/runner/work/SHAFT_ENGINE/SHAFT_ENGINE/src/test/resources/testDataFiles/schema.json"]. @19-11-2021 15:40:36.0813 PM
[ReportManager] File Action [ReadFromFile] successfully performed. With the following test data [File Path: "/Users/runner/work/SHAFT_ENGINE/SHAFT_ENGINE/src/test/resources/testDataFiles/schema.json"]. @19-11-2021 15:40:36.0813 PM
[ReportManager] Assertion Passed: Then I Assert that the API response schema matches that in this file [src/test/resources/testDataFiles/schema.json]. @19-11-2021 15:40:36.0816 PM
[ReportManager] Successfully created attachment [Validation Test Data - Expected JSON Value] @19-11-2021 15:40:36.0826 PM
[ReportManager] Successfully created attachment [Validation Test Data - Actual JSON Value] @19-11-2021 15:40:36.0850 PM
[ReportManager] Assertion [ValidateResponseFileSchema] PASSED. Expected [Response data should match the JSON File in this path '/Users/runner/work/SHAFT_ENGINE/SHAFT_ENGINE/src/test/resources/testDataFiles/schema.json'] and Actual [TRUE]. Comparison Type [EQUALS]. Validation Type [POSITIVE]. @19-11-2021 15:40:36.0850 P
[ReportManager] File Action [GetAbsolutePath] successfully performed. With the following test data [Relative Folder Path: "target/downloadedFiles/"]. @19-11-2021 15:40:36.0859 PM
[ReportManager] Attempting to run locally on: [Mac-64], [Safari], Headless Execution. @19-11-2021 15:40:36.0860 PM
[ReportManager] Successfully Opened Safari. @19-11-2021 15:40:37.0698 PM
[ReportManager] Initial window size: (800, 600) @19-11-2021 15:40:37.0749 PM
[ReportManager] Window size after SWD Maximize: (1176, 811) @19-11-2021 15:40:37.0796 PM
[ReportManager] Browser Action [MaximizeWindow] successfully performed. With the following test data [New screen size is now: (1176, 811)]. @19-11-2021 15:40:37.0796 P

################################################################################################################################################
Starting Execution:	[123 out of 146] test cases in the current suite
Test Method:		[testPackage01.Test_dragAndDrop.dragAndDropJquery]
################################################################################################################################################
[ReportManager] Target URL: [https://jqueryui.com/resources/demos/droppable/default.html] @19-11-2021 15:40:37.0812 PM
[ReportManager] Initial URL: [] @19-11-2021 15:40:37.0848 PM
[ReportManager] Browser Action [NavigateToURL] successfully performed. With the following test data [https://jqueryui.com/resources/demos/droppable/default.html]. @19-11-2021 15:40:38.0366 PM
[ReportManager] Element Action [GetText] successfully performed. With the following test data [
	Drop here
]. @19-11-2021 15:40:38.0460 PM
[ReportManager] Element Action [DragAndDrop] successfully performed. With the following test data [Start point: (8, 18), End point: (8, 18)]. @19-11-2021 15:40:39.0668 PM
[ReportManager] Element Action [GetText] successfully performed. With the following test data [
	Dropped!
]. @19-11-2021 15:40:39.0710 PM
[ReportManager] Assertion Passed: Checking to see if the text has changed after performing drag and drop @19-11-2021 15:40:39.0710 PM
[ReportManager] Assertion [ValidateEquals] PASSED. Expected [
	Drop here
] and Actual [
	Dropped!
]. Comparison Type [EQUALS]. Validation Type [NEGATIVE]. @19-11-2021 15:40:39.0710 P
[ReportManager] Browser Action [CloseCurrentWindow] successfully performed. @19-11-2021 15:40:39.0994 PM
[ReportManager] Successfully created attachment [Browser Action Test Data - CloseCurrentWindow - Actual Value] @19-11-2021 15:40:39.0999 P
[ReportManager] File Action [GetAbsolutePath] successfully performed. With the following test data [Relative Folder Path: "target/downloadedFiles/"]. @19-11-2021 15:40:40.0013 PM
[ReportManager] Attempting to run locally on: [Mac-64], [Safari], Headless Execution. @19-11-2021 15:40:40.0013 PM
[ReportManager] Successfully Opened Safari. @19-11-2021 15:40:40.0943 PM
[ReportManager] Initial window size: (800, 600) @19-11-2021 15:40:40.0949 PM
[ReportManager] Window size after SWD Maximize: (1176, 811) @19-11-2021 15:40:41.0022 PM
[ReportManager] Browser Action [MaximizeWindow] successfully performed. With the following test data [New screen size is now: (1176, 811)]. @19-11-2021 15:40:41.0023 P

################################################################################################################################################
Starting Execution:	[124 out of 146] test cases in the current suite
Test Method:		[testPackage01.Test_dragAndDrop.dragAndDrop]
Test Description:	[TC001 - Test Drag and Drop function.]
################################################################################################################################################
[ReportManager] Target URL: [http://the-internet.herokuapp.com/drag_and_drop] @19-11-2021 15:40:41.0042 PM
[ReportManager] Initial URL: [] @19-11-2021 15:40:41.0158 PM
[ReportManager] Browser Action [NavigateToURL] successfully performed. With the following test data [http://the-internet.herokuapp.com/drag_and_drop]. @19-11-2021 15:40:42.0238 PM
[ReportManager] Attempting Drag and Drop @19-11-2021 15:40:42.0239 PM
[ReportManager] Element Action [DragAndDrop] successfully performed. With the following test data [Start point: (120, 89), End point: (335, 89)]. @19-11-2021 15:40:43.0195 P
[ReportManager] Browser Action [CloseCurrentWindow] successfully performed. @19-11-2021 15:40:43.0478 PM
[ReportManager] Successfully created attachment [Browser Action Test Data - CloseCurrentWindow - Actual Value] @19-11-2021 15:40:43.0484 P
[ReportManager] File Action [GetAbsolutePath] successfully performed. With the following test data [Relative Folder Path: "target/downloadedFiles/"]. @19-11-2021 15:40:43.0505 PM
[ReportManager] Attempting to run locally on: [Mac-64], [Safari], Headless Execution. @19-11-2021 15:40:43.0505 PM
[ReportManager] Successfully Opened Safari. @19-11-2021 15:40:44.0429 PM
[ReportManager] Initial window size: (800, 600) @19-11-2021 15:40:44.0452 PM
[ReportManager] Window size after SWD Maximize: (1176, 811) @19-11-2021 15:40:44.0475 PM
[ReportManager] Browser Action [MaximizeWindow] successfully performed. With the following test data [New screen size is now: (1176, 811)]. @19-11-2021 15:40:44.0475 P

################################################################################################################################################
Starting Execution:	[125 out of 146] test cases in the current suite
Test Method:		[testPackage01.Test_dragAndDrop.dragAndDropByOffset]
Test Description:	[TC002 - Test Drag and Drop by offset function.]
################################################################################################################################################
[ReportManager] Target URL: [https://jqueryui.com/resources/demos/draggable/default.html] @19-11-2021 15:40:44.0499 PM
[ReportManager] Initial URL: [] @19-11-2021 15:40:44.0617 PM
[ReportManager] Browser Action [NavigateToURL] successfully performed. With the following test data [https://jqueryui.com/resources/demos/draggable/default.html]. @19-11-2021 15:40:45.0297 PM
[ReportManager] Element Action [DragAndDropByOffset] successfully performed. With the following test data [Start point: (8, 8), End point: (108, 58)]. @19-11-2021 15:40:46.0077 P
[ReportManager] Browser Action [CloseCurrentWindow] successfully performed. @19-11-2021 15:40:46.0377 PM
[ReportManager] Successfully created attachment [Browser Action Test Data - CloseCurrentWindow - Actual Value] @19-11-2021 15:40:46.0384 P
[ReportManager] Successfully loaded the following test data file [src/test/resources/testDataFiles/testSuite01/TestData.xlsx]. @19-11-2021 15:40:46.0446 PM
[ReportManager] Successfully created attachment [Test Data - Excel] @19-11-2021 15:40:46.0464 PM
[ReportManager] File Action [GetAbsolutePath] successfully performed. With the following test data [Relative Folder Path: "target/downloadedFiles/"]. @19-11-2021 15:40:46.0465 PM
[ReportManager] Attempting to run locally on: [Mac-64], [Safari], Headless Execution. @19-11-2021 15:40:46.0465 PM
[ReportManager] Successfully Opened Safari. @19-11-2021 15:40:47.0350 PM
[ReportManager] Initial window size: (800, 600) @19-11-2021 15:40:47.0397 PM
[ReportManager] Window size after SWD Maximize: (1176, 811) @19-11-2021 15:40:47.0413 PM
[ReportManager] Browser Action [MaximizeWindow] successfully performed. With the following test data [New screen size is now: (1176, 811)]. @19-11-2021 15:40:47.0413 P

################################################################################################################################################
Starting Execution:	[126 out of 146] test cases in the current suite
Test Method:		[testPackage01.Test_google.navigateToURLandVerifyGoogleLogoIsDisplayed]
Test Description:	[TC001 - Navigate to URL and Verify Google Logo is Displayed]
################################################################################################################################################
[ReportManager] Target URL: [https://www.google.com/ncr], and after redirection: [https://www.google.com] @19-11-2021 15:40:47.0575 PM
[ReportManager] Initial URL: [] @19-11-2021 15:40:47.0627 PM
[ReportManager] Browser Action [NavigateToURL] successfully performed. With the following test data [https://www.google.com/ncr]. @19-11-2021 15:40:48.0643 PM
[ReportManager] Loaded Shared OpenCV @19-11-2021 15:40:48.0738 PM
[ReportManager] Assertion Passed: Then I Assert that the element found by [By.xpath: //*[@id='hplogo' or @alt='Google']] exists. @19-11-2021 15:40:48.0891 PM
[ReportManager] Successfully created attachment [Screenshot - 1637336448738_navigateToURLandVerifyGoogleLogoIsDisplayed_ValidateElementExists_passed] @19-11-2021 15:40:48.0907 PM
[ReportManager] Assertion [ValidateElementExists] PASSED. Expected [Element Should Exist, locator 'By.xpath: //*[@id='hplogo' or @alt='Google']'] and Actual [Element Exists]. Comparison Type [EQUALS]. Validation Type [POSITIVE]. @19-11-2021 15:40:48.0907 P

################################################################################################################################################
Starting Execution:	[127 out of 146] test cases in the current suite
Test Method:		[testPackage01.Test_google.searchForQueryandAssertResultsNumDisplayed]
Test Description:	[TC002 - Search for Query and Assert that the number of results is displayed]
################################################################################################################################################
[ReportManager] Element Action [Type] successfully performed. With the following test data [SHAFT_Engine]. @19-11-2021 15:40:49.0146 PM
[ReportManager] Element Action [KeyPress] successfully performed. With the following test data [Enter]. @19-11-2021 15:40:49.0299 PM
[ReportManager] Element Action [GetText] successfully performed. With the following test data [About 904,000 results (0.88 seconds)Â ]. @19-11-2021 15:40:50.0920 PM
[ReportManager] Loaded Shared OpenCV @19-11-2021 15:40:51.0772 PM
[ReportManager] Assertion Passed: Then I Assert that the element found by [By.id: appbar] text does not equal []. @19-11-2021 15:40:51.0934 PM
[ReportManager] Successfully created attachment [Screenshot - 1637336451771_searchForQueryandAssertResultsNumDisplayed_ValidateElementAttribute_passed] @19-11-2021 15:40:51.0951 PM
[ReportManager] Assertion [ValidateElementAttribute] PASSED. Expected [Value Should not be '' for the 'text' attribute, element locator 'By.id: appbar'] and Actual [About 904,000 results (0.88 seconds)Â ]. Comparison Type [EQUALS]. Validation Type [NEGATIVE]. @19-11-2021 15:40:51.0951 P

################################################################################################################################################
Starting Execution:	[128 out of 146] test cases in the current suite
Test Method:		[testPackage01.Test_google.clickNextThrice]
Test Description:	[TC003 - Clicks the next button to make sure that the framework can scroll element into view before clicking it]
################################################################################################################################################
[ReportManager] Element Action [Click] successfully performed. With the following test data [By.xpath: //span[text()='Next']]. @19-11-2021 15:40:52.0167 P
[ReportManager] Successfully Closed All Drivers. @19-11-2021 15:40:52.0420 P
[ReportManager] File Action [GetAbsolutePath] successfully performed. With the following test data [Relative Folder Path: "target/downloadedFiles/"]. @19-11-2021 15:40:52.0428 PM
[ReportManager] Attempting to run locally on: [Mac-64], [Safari], Headless Execution. @19-11-2021 15:40:52.0428 PM
[ReportManager] Successfully Opened Safari. @19-11-2021 15:40:53.0329 PM
[ReportManager] Initial window size: (800, 600) @19-11-2021 15:40:53.0337 PM
[ReportManager] Window size after SWD Maximize: (1176, 811) @19-11-2021 15:40:53.0371 PM
[ReportManager] Browser Action [MaximizeWindow] successfully performed. With the following test data [New screen size is now: (1176, 811)]. @19-11-2021 15:40:53.0371 P

################################################################################################################################################
Starting Execution:	[129 out of 146] test cases in the current suite
Test Method:		[testPackage01.Test_chainableElementActions.chainElementActions]
################################################################################################################################################
[ReportManager] Target URL: [https://www.google.com/ncr], and after redirection: [https://www.google.com] @19-11-2021 15:40:53.0393 PM
[ReportManager] Initial URL: [] @19-11-2021 15:40:53.0433 PM
[ReportManager] Browser Action [NavigateToURL] successfully performed. With the following test data [https://www.google.com/ncr]. @19-11-2021 15:40:54.0939 PM
[ReportManager] Element Action [Type] successfully performed. With the following test data [chained type 1]. @19-11-2021 15:40:55.0093 PM
[ReportManager] Element Action [Type] successfully performed. With the following test data [chained type 2]. @19-11-2021 15:40:55.0319 PM
[ReportManager] Element Action [TypeAppend] successfully performed. With the following test data [345]. @19-11-2021 15:40:55.0401 PM
[ReportManager] Element Action [GetText] successfully performed. With the following test data [chained type 2345]. @19-11-2021 15:40:55.0478 PM
[ReportManager] Loaded Shared OpenCV @19-11-2021 15:40:55.0527 PM
[ReportManager] Assertion Passed: Then I Assert that the element found by [By.name: q] text is equal to [chained type 2345]. @19-11-2021 15:40:55.0636 PM
[ReportManager] Successfully created attachment [Screenshot - 1637336455526_chainElementActions_ValidateElementAttribute_passed] @19-11-2021 15:40:55.0648 PM
[ReportManager] Assertion [ValidateElementAttribute] PASSED. Expected [Value Should be 'chained type 2345' for the 'text' attribute, element locator 'By.name: q'] and Actual [chained type 2345]. Comparison Type [EQUALS]. Validation Type [POSITIVE]. @19-11-2021 15:40:55.0649 P
[ReportManager] Successfully Closed All Drivers. @19-11-2021 15:40:55.0999 P
[ReportManager] File Action [GetAbsolutePath] successfully performed. With the following test data [Relative Folder Path: "target/downloadedFiles/"]. @19-11-2021 15:40:56.0001 PM
[ReportManager] Attempting to run locally on: [Mac-64], [Safari], Headless Execution. @19-11-2021 15:40:56.0001 PM
[ReportManager] Successfully Opened Safari. @19-11-2021 15:40:56.0934 PM
[ReportManager] Initial window size: (800, 600) @19-11-2021 15:40:56.0982 PM
[ReportManager] Window size after SWD Maximize: (1176, 811) @19-11-2021 15:40:56.0999 PM
[ReportManager] Browser Action [MaximizeWindow] successfully performed. With the following test data [New screen size is now: (1176, 811)]. @19-11-2021 15:40:56.0999 P

################################################################################################################################################
Starting Execution:	[130 out of 146] test cases in the current suite
Test Method:		[testPackage01.Test_RelativeLocators.relativeLocatorsTest1]
################################################################################################################################################
[ReportManager] Target URL: [https://duckduckgo.com/] @19-11-2021 15:40:57.0045 PM
[ReportManager] Initial URL: [] @19-11-2021 15:40:57.0111 PM
[ReportManager] Browser Action [NavigateToURL] successfully performed. With the following test data [https://duckduckgo.com/]. @19-11-2021 15:40:57.0996 PM
[ReportManager] Element Action [Type] successfully performed. With the following test data [SHAFT_Engine]. @19-11-2021 15:40:58.0131 PM
[ReportManager] Element Action [KeyPress] successfully performed. With the following test data [ENTER]. @19-11-2021 15:40:58.0778 PM
[ReportManager] Element Action [GetText] successfully performed. With the following test data [GitHub - MohabMohie/SHAFT_ENGINE: SHAFT_ENGINE is a Test ...]. @19-11-2021 15:41:00.0034 PM
[ReportManager] Loaded Shared OpenCV @19-11-2021 15:41:00.0270 PM
[ReportManager] Assertion Passed: Then I Assert that the element found by [Relative Locator: {root={xpath=//a[@class='result__a js-result-title-link']}, filters=[{kind=below, args=[{xpath=//input[@name='q']}]}]}] text does not equal []. @19-11-2021 15:41:00.0490 PM
[ReportManager] Successfully created attachment [Screenshot - 1637336460270_relativeLocatorsTest1_ValidateElementAttribute_passed] @19-11-2021 15:41:00.0506 PM
[ReportManager] Assertion [ValidateElementAttribute] PASSED. Expected [Value Should not be '' for the 'text' attribute, element locator '[unknown locator]'] and Actual [GitHub - MohabMohie/SHAFT_ENGINE: SHAFT_ENGINE is a Test ...]. Comparison Type [EQUALS]. Validation Type [NEGATIVE]. @19-11-2021 15:41:00.0506 P
[ReportManager] Browser Action [CloseCurrentWindow] successfully performed. @19-11-2021 15:41:00.0773 PM
[ReportManager] Successfully created attachment [Browser Action Test Data - CloseCurrentWindow - Actual Value] @19-11-2021 15:41:00.0781 P

################################################################################################################################################
Starting Execution:	[131 out of 146] test cases in the current suite
Test Method:		[testPackage01.Test_JsonCompareWithSpecialCharacters.specialCharacters]
################################################################################################################################################
[ReportManager] File Action [GetAbsolutePath] successfully performed. With the following test data [Relative Folder Path: "src/test/resources/testDataFiles/specialCharacters.json"]. @19-11-2021 15:41:00.0807 PM
[ReportManager] File Action [ReadFromFile] successfully performed. With the following test data [File Path: "/Users/runner/work/SHAFT_ENGINE/SHAFT_ENGINE/src/test/resources/testDataFiles/specialCharacters.json"]. @19-11-2021 15:41:00.0808 PM
[ReportManager] Successfully created attachment [File Action Actual Result - Command Log] @19-11-2021 15:41:00.0815 PM
[ReportManager] Comparing the provided API response with the file at this path "src/test/resources/testDataFiles/specialCharacters.json", comparison type "EQUALS" @19-11-2021 15:41:00.0818 PM
[ReportManager] API Action [CompareJSON] successfully performed. With the following test data [src/test/resources/testDataFiles/specialCharacters.json]. @19-11-2021 15:41:00.0834 PM
[ReportManager] File Action [GetAbsolutePath] successfully performed. With the following test data [Relative Folder Path: "src/test/resources/testDataFiles/specialCharacters.json"]. @19-11-2021 15:41:00.0834 PM
[ReportManager] File Action [ReadFromFile] successfully performed. With the following test data [File Path: "/Users/runner/work/SHAFT_ENGINE/SHAFT_ENGINE/src/test/resources/testDataFiles/specialCharacters.json"]. @19-11-2021 15:41:00.0834 PM
[ReportManager] Verification [ValidateJSONFileContent] PASSED. Expected [Response data should match the JSON File in this path 'src/test/resources/testDataFiles/specialCharacters.json'] and Actual [TRUE]. Comparison Type [EQUALS]. Validation Type [POSITIVE]. @19-11-2021 15:41:00.0854 PM
[ReportManager] Successfully created attachment [Validation Test Data - Expected JSON Value] @19-11-2021 15:41:00.0861 PM
[ReportManager] Successfully created attachment [Validation Test Data - Actual JSON Value] @19-11-2021 15:41:00.0874 P

################################################################################################################################################
Starting Execution:	[132 out of 146] test cases in the current suite
Test Method:		[testPackage01.Test_JsonCompareWithSpecialCharacters.specialCharacters_assertion]
################################################################################################################################################
[ReportManager] File Action [GetAbsolutePath] successfully performed. With the following test data [Relative Folder Path: "src/test/resources/testDataFiles/specialCharacters.json"]. @19-11-2021 15:41:00.0896 PM
[ReportManager] File Action [ReadFromFile] successfully performed. With the following test data [File Path: "/Users/runner/work/SHAFT_ENGINE/SHAFT_ENGINE/src/test/resources/testDataFiles/specialCharacters.json"]. @19-11-2021 15:41:00.0897 PM
[ReportManager] Successfully created attachment [File Action Actual Result - Command Log] @19-11-2021 15:41:00.0903 PM
[ReportManager] Comparing the provided API response with the file at this path "src/test/resources/testDataFiles/specialCharacters.json", comparison type "CONTAINS" @19-11-2021 15:41:00.0903 PM
[ReportManager] API Action [CompareJSON] successfully performed. With the following test data [src/test/resources/testDataFiles/specialCharacters.json]. @19-11-2021 15:41:00.0915 PM
[ReportManager] File Action [GetAbsolutePath] successfully performed. With the following test data [Relative Folder Path: "src/test/resources/testDataFiles/specialCharacters.json"]. @19-11-2021 15:41:00.0919 PM
[ReportManager] File Action [ReadFromFile] successfully performed. With the following test data [File Path: "/Users/runner/work/SHAFT_ENGINE/SHAFT_ENGINE/src/test/resources/testDataFiles/specialCharacters.json"]. @19-11-2021 15:41:00.0919 PM
[ReportManager] Assertion Passed: trying out the log message @19-11-2021 15:41:00.0932 PM
[ReportManager] Successfully created attachment [Validation Test Data - Expected JSON Value] @19-11-2021 15:41:00.0938 PM
[ReportManager] Successfully created attachment [Validation Test Data - Actual JSON Value] @19-11-2021 15:41:00.0951 PM
[ReportManager] Assertion [ValidateJSONFileContent] PASSED. Expected [Response data should match the JSON File in this path 'src/test/resources/testDataFiles/specialCharacters.json'] and Actual [TRUE]. Comparison Type [CONTAINS]. Validation Type [POSITIVE]. @19-11-2021 15:41:00.0951 P

################################################################################################################################################
Starting Execution:	[133 out of 146] test cases in the current suite
Test Method:		[testPackage01.Test_SkipDueToIssue.doNotSkip]
################################################################################################################################################
[ReportManager] This should not be skipped. @19-11-2021 15:41:00.0971 P

################################################################################################################################################
Starting Execution:	[134 out of 146] test cases in the current suite
Test Method:		[testPackage01.Test_SkipDueToIssue.skip]
################################################################################################################################################
[ReportManager] This should be skipped. @19-11-2021 15:41:00.0998 P

################################################################################################################################################
Starting Execution:	[135 out of 146] test cases in the current suite
Test Method:		[testPackage01.Test_SkipDueToIssue.skip2]
################################################################################################################################################
[ReportManager] This should be skipped. @19-11-2021 15:41:01.0022 P

################################################################################################################################################
Starting Execution:	[136 out of 146] test cases in the current suite
Test Method:		[testPackage01.Test_JSONFileManager.readStringFromJson]
################################################################################################################################################
[ReportManager] File Action [GetAbsolutePath] successfully performed. With the following test data [Relative Folder Path: "src/test/resources/testDataFiles/simpleJSON.json"]. @19-11-2021 15:41:01.0043 PM
[ReportManager] Successfully loaded the following test data file [src/test/resources/testDataFiles/simpleJSON.json]. @19-11-2021 15:41:01.0044 PM
[ReportManager] Successfully created attachment [Test Data - JSON] @19-11-2021 15:41:01.0056 PM
[ReportManager] File Action [GetAbsolutePath] successfully performed. With the following test data [Relative Folder Path: "src/test/resources/testDataFiles/simpleJSON.json"]. @19-11-2021 15:41:01.0057 PM
[ReportManager] Assertion [ValidateEquals] PASSED. Expected [Mohab Mohie] and Actual [Mohab Mohie]. Comparison Type [EQUALS]. Validation Type [POSITIVE]. @19-11-2021 15:41:01.0073 P
[ReportManager] File Action [GetAbsolutePath] successfully performed. With the following test data [Relative Folder Path: "target/downloadedFiles/"]. @19-11-2021 15:41:01.0093 PM
[ReportManager] Attempting to run locally on: [Mac-64], [Safari], Headless Execution. @19-11-2021 15:41:01.0093 PM
[ReportManager] Successfully Opened Safari. @19-11-2021 15:41:01.0981 PM
[ReportManager] Initial window size: (800, 600) @19-11-2021 15:41:01.0998 PM
[ReportManager] Window size after SWD Maximize: (1176, 811) @19-11-2021 15:41:02.0030 PM
[ReportManager] Browser Action [MaximizeWindow] successfully performed. With the following test data [New screen size is now: (1176, 811)]. @19-11-2021 15:41:02.0031 P

################################################################################################################################################
Starting Execution:	[137 out of 146] test cases in the current suite
Test Method:		[testPackage01.Test_assertEquals.test_assertElementAttribute]
################################################################################################################################################
[ReportManager] Target URL: [https://www.google.com/ncr], and after redirection: [https://www.google.com] @19-11-2021 15:41:02.0039 PM
[ReportManager] Initial URL: [] @19-11-2021 15:41:02.0102 PM
[ReportManager] Browser Action [NavigateToURL] successfully performed. With the following test data [https://www.google.com/ncr]. @19-11-2021 15:41:03.0622 PM
[ReportManager] Element Action [Type] successfully performed. With the following test data [INC_004010050:Another SCHEDULER with the same name [Duplicate Job Name] already exists.]. @19-11-2021 15:41:04.0226 PM
[ReportManager] Element Action [GetText] successfully performed. With the following test data [INC_004010050:Another SCHEDULER with the same name [Duplicate Job Name] already exists.]. @19-11-2021 15:41:04.0306 PM
[ReportManager] Loaded Shared OpenCV @19-11-2021 15:41:04.0372 PM
[ReportManager] Assertion [ValidateElementAttribute] PASSED. Expected [Value Should be 'INC_004010050:Another SCHEDULER with the same name \[Duplicate Job Name\] already exists.' for the 'text' attribute, element locator 'By.name: q'] and Actual [INC_004010050:Another SCHEDULER with the same name [Duplicate Job Name] already exists.]. Comparison Type [MATCHES]. Validation Type [POSITIVE]. @19-11-2021 15:41:04.0502 PM
[ReportManager] Successfully created attachment [Screenshot - 1637336464372_test_assertElementAttribute_ValidateElementAttribute_passed] @19-11-2021 15:41:04.0514 P
[ReportManager] Browser Action [CloseCurrentWindow] successfully performed. @19-11-2021 15:41:04.0823 PM
[ReportManager] Successfully created attachment [Browser Action Test Data - CloseCurrentWindow - Actual Value] @19-11-2021 15:41:04.0829 P
[ReportManager] File Action [GetAbsolutePath] successfully performed. With the following test data [Relative Folder Path: "target/downloadedFiles/"]. @19-11-2021 15:41:04.0837 PM
[ReportManager] Attempting to run locally on: [Mac-64], [Safari], Headless Execution. @19-11-2021 15:41:04.0837 PM
[ReportManager] Successfully Opened Safari. @19-11-2021 15:41:05.0584 PM
[ReportManager] Initial window size: (800, 600) @19-11-2021 15:41:05.0615 PM
[ReportManager] Window size after SWD Maximize: (1176, 811) @19-11-2021 15:41:05.0643 PM
[ReportManager] Browser Action [MaximizeWindow] successfully performed. With the following test data [New screen size is now: (1176, 811)]. @19-11-2021 15:41:05.0643 P

################################################################################################################################################
Starting Execution:	[138 out of 146] test cases in the current suite
Test Method:		[testPackage01.Test_IsElementClickable.testIsElementClickable]
################################################################################################################################################
[ReportManager] Target URL: [https://the-internet.herokuapp.com/] @19-11-2021 15:41:05.0674 PM
[ReportManager] Initial URL: [] @19-11-2021 15:41:05.0749 PM
[ReportManager] Browser Action [NavigateToURL] successfully performed. With the following test data [https://the-internet.herokuapp.com/]. @19-11-2021 15:41:07.0021 PM
[ReportManager] Element Action [IsElementClickable] successfully performed. @19-11-2021 15:41:07.0093 PM
[ReportManager] Assertion [ValidateTrue] PASSED. Expected [TRUE] and Actual [TRUE]. Validation Type [POSITIVE]. @19-11-2021 15:41:07.0093 P
[ReportManager] Browser Action [CloseCurrentWindow] successfully performed. @19-11-2021 15:41:07.0468 PM
[ReportManager] Successfully created attachment [Browser Action Test Data - CloseCurrentWindow - Actual Value] @19-11-2021 15:41:07.0473 P
[ReportManager] Successfully loaded the following test data file [src/test/resources/testDataFiles/testSuite01/TestData.xlsx]. @19-11-2021 15:41:07.0520 PM
[ReportManager] Successfully created attachment [Test Data - Excel] @19-11-2021 15:41:07.0525 PM
[ReportManager] Attempting to run using Playwright locally on: [Mac-64], [Safari], Headless Execution. @19-11-2021 15:42:20.0847 PM
[ReportManager] File Action [GetAbsolutePath] successfully performed. With the following test data [Relative Folder Path: "target/downloadedFiles/"]. @19-11-2021 15:42:20.0848 PM
[ReportManager] Initial window size: (1280, 720) @19-11-2021 15:42:28.0599 PM
[ReportManager] Window size after Toolkit: com.microsoft.playwright.options.ViewportSize@409c6ba @19-11-2021 15:42:28.0608 PM
[ReportManager] Browser Action [MaximizeWindow] successfully performed. With the following test data [New screen size is now: (1920, 1080)]. @19-11-2021 15:42:28.0609 P

################################################################################################################################################
Starting Execution:	[139 out of 146] test cases in the current suite
Test Method:		[testPackage01.Test_google_playwright.navigateToURLandVerifyGoogleLogoIsDisplayed]
Test Description:	[TC001 - Navigate to URL and Verify Google Logo is Displayed]
################################################################################################################################################
[ReportManager] Target URL: [https://www.google.com/ncr], and after redirection: [https://www.google.com] @19-11-2021 15:42:28.0618 PM
[ReportManager] Initial URL: [about:blank] @19-11-2021 15:42:29.0097 PM
[ReportManager] Browser Action [NavigateToURL] successfully performed. With the following test data [https://www.google.com/ncr]. @19-11-2021 15:42:30.0770 PM
[ReportManager] Loaded Shared OpenCV @19-11-2021 15:42:30.0858 PM
[ReportManager] Assertion [ValidateElementExists] PASSED. Expected [Element Should Exist, locator 'xpath=//*[@id='hplogo' or @alt='Google']'] and Actual [Element Exists]. Comparison Type [EQUALS]. Validation Type [POSITIVE]. @19-11-2021 15:42:31.0249 PM
[ReportManager] Successfully created attachment [Screenshot - 1637336550854_navigateToURLandVerifyGoogleLogoIsDisplayed_ValidateElementExists_passed] @19-11-2021 15:42:31.0262 P

################################################################################################################################################
Starting Execution:	[140 out of 146] test cases in the current suite
Test Method:		[testPackage01.Test_google_playwright.searchForQueryandAssertResultsNumDisplayed]
Test Description:	[TC002 - Search for Query and Assert that the number of results is displayed]
################################################################################################################################################
[ReportManager] Element Action [Type] successfully performed. With the following test data [SHAFT_Engine]. @19-11-2021 15:42:31.0434 PM
[ReportManager] Element Action [KeyPress] successfully performed. With the following test data [Enter]. @19-11-2021 15:42:31.0497 PM
[ReportManager] Element Action [GetText] successfully performed. With the following test data [About 893,000 results (0.62 seconds)Â 
]. @19-11-2021 15:42:32.0859 PM
[ReportManager] Loaded Shared OpenCV @19-11-2021 15:42:33.0770 PM
[ReportManager] Assertion [ValidateElementAttribute] PASSED. Expected [Value Should not be '' for the 'text' attribute, element locator 'xpath=//div[@id='appbar']'] and Actual [About 893,000 results (0.62 seconds)Â 
]. Comparison Type [EQUALS]. Validation Type [NEGATIVE]. @19-11-2021 15:42:34.0007 PM
[ReportManager] Successfully created attachment [Screenshot - 1637336553769_searchForQueryandAssertResultsNumDisplayed_ValidateElementAttribute_passed] @19-11-2021 15:42:34.0016 P

################################################################################################################################################
Starting Execution:	[141 out of 146] test cases in the current suite
Test Method:		[testPackage01.Test_google_playwright.clickNextThrice]
Test Description:	[TC003 - Clicks the next button to make sure that the framework can scroll element into view before clicking it]
################################################################################################################################################
[ReportManager] Element Action [Click] successfully performed. With the following test data [Next]. @19-11-2021 15:42:34.0298 P
[ReportManager] Failed to find video recording. @19-11-2021 15:42:34.0311 PM
[ReportManager] Successfully Closed PlayWright Driver. @19-11-2021 15:42:34.0365 P
[ReportManager] File Action [GetAbsolutePath] successfully performed. With the following test data [Relative Folder Path: "target/downloadedFiles/"]. @19-11-2021 15:42:34.0373 PM
[ReportManager] Attempting to run locally on: [Mac-64], [Safari], Headless Execution. @19-11-2021 15:42:34.0373 PM
[ReportManager] Successfully Opened Safari. @19-11-2021 15:42:35.0214 PM
[ReportManager] Initial window size: (800, 600) @19-11-2021 15:42:35.0230 PM
[ReportManager] Window size after SWD Maximize: (1176, 811) @19-11-2021 15:42:35.0247 PM
[ReportManager] Browser Action [MaximizeWindow] successfully performed. With the following test data [New screen size is now: (1176, 811)]. @19-11-2021 15:42:35.0248 P

################################################################################################################################################
Starting Execution:	[142 out of 146] test cases in the current suite
Test Method:		[testPackage01.Test_verifyEquals.test_assertElementAttribute]
################################################################################################################################################
[ReportManager] Target URL: [https://www.google.com/ncr], and after redirection: [https://www.google.com] @19-11-2021 15:42:35.0270 PM
[ReportManager] Initial URL: [] @19-11-2021 15:42:35.0337 PM
[ReportManager] Browser Action [NavigateToURL] successfully performed. With the following test data [https://www.google.com/ncr]. @19-11-2021 15:42:36.0698 PM
[ReportManager] Element Action [Type] successfully performed. With the following test data [INC_004010050:Another SCHEDULER with the same name [Duplicate Job Name] already exists.]. @19-11-2021 15:42:37.0144 PM
[ReportManager] Element Action [GetText] successfully performed. With the following test data [INC_004010050:Another SCHEDULER with the same name [Duplicate Job Name] already exists.]. @19-11-2021 15:42:37.0209 PM
[ReportManager] Loaded Shared OpenCV @19-11-2021 15:42:37.0256 PM
[ReportManager] Verification [ValidateElementAttribute] PASSED. Expected [Value Should be 'INC_004010050:Another SCHEDULER with the same name \[Duplicate Job Name\] already exists.' for the 'text' attribute, element locator 'By.name: q'] and Actual [INC_004010050:Another SCHEDULER with the same name [Duplicate Job Name] already exists.]. Comparison Type [MATCHES]. Validation Type [POSITIVE]. @19-11-2021 15:42:37.0367 PM
[ReportManager] Successfully created attachment [Screenshot - 1637336557256_test_assertElementAttribute_ValidateElementAttribute_passed] @19-11-2021 15:42:37.0373 P
[ReportManager] Browser Action [CloseCurrentWindow] successfully performed. @19-11-2021 15:42:37.0681 PM
[ReportManager] Successfully created attachment [Browser Action Test Data - CloseCurrentWindow - Actual Value] @19-11-2021 15:42:37.0687 P

################################################################################################################################################
Starting Execution:	[143 out of 146] test cases in the current suite
Test Method:		[testPackage01.Test_SelectedValue.multipleSelect]
################################################################################################################################################
[ReportManager] File Action [GetAbsolutePath] successfully performed. With the following test data [Relative Folder Path: "target/downloadedFiles/"]. @19-11-2021 15:42:37.0695 PM
[ReportManager] Attempting to run locally on: [Mac-64], [GoogleChrome], Headless Execution. @19-11-2021 15:42:37.0696 PM
[ReportManager] Identifying OS/Driver combination and selecting the correct driver version automatically. Please note that if a new driver executable will be downloaded it may take some time... @19-11-2021 15:42:37.0697 PM
[ReportManager] Successfully Opened Google Chrome. @19-11-2021 15:42:41.0091 PM
[ReportManager] Initial window size: (1920, 1080) @19-11-2021 15:42:41.0096 PM
[ReportManager] Window size after SWD Maximize: (1920, 1080) @19-11-2021 15:42:41.0211 PM
[ReportManager] Window size after Toolkit: (1920, 1080) @19-11-2021 15:42:41.0667 PM
[ReportManager] Browser Action [MaximizeWindow] successfully performed. With the following test data [New screen size is now: (1920, 1080)]. @19-11-2021 15:42:41.0671 PM
[ReportManager] Target URL: [https://yari-demos.prod.mdn.mozit.cloud/en-US/docs/Web/HTML/Element/select/_sample_.Advanced_select_with_multiple_features.html] @19-11-2021 15:42:41.0671 PM
[ReportManager] Initial URL: [data:,] @19-11-2021 15:42:41.0706 PM
[ReportManager] Browser Action [NavigateToURL] successfully performed. With the following test data [https://yari-demos.prod.mdn.mozit.cloud/en-US/docs/Web/HTML/Element/select/_sample_.Advanced_select_with_multiple_features.html]. @19-11-2021 15:42:42.0255 PM
[ReportManager] Element Action [Select] successfully performed. With the following test data [Dog]. @19-11-2021 15:42:42.0510 PM
[ReportManager] Element Action [Select] successfully performed. With the following test data [Cat]. @19-11-2021 15:42:42.0674 PM
[ReportManager] Element Action [GetSelectedText] successfully performed. With the following test data [DogCat]. @19-11-2021 15:42:42.0770 PM
[ReportManager] DogCat @19-11-2021 15:42:42.0770 PM
[ReportManager] Element Action [GetSelectedText] successfully performed. With the following test data [DogCat]. @19-11-2021 15:42:42.0853 PM
[ReportManager] Loaded Shared OpenCV @19-11-2021 15:42:43.0210 PM
[ReportManager] Assertion [ValidateElementAttribute] PASSED. Expected [Value Should be 'DogCat' for the 'selectedText' attribute, element locator 'By.tagName: select'] and Actual [DogCat]. Comparison Type [EQUALS]. Validation Type [POSITIVE]. @19-11-2021 15:42:43.0446 PM
[ReportManager] Successfully created attachment [Screenshot - 1637336563210_multipleSelect_ValidateElementAttribute_passed] @19-11-2021 15:42:43.0462 PM
[ReportManager] Browser Action [CloseCurrentWindow] successfully performed. @19-11-2021 15:42:43.0693 PM
[ReportManager] Successfully created attachment [Browser Action Test Data - CloseCurrentWindow - Actual Value] @19-11-2021 15:42:43.0708 P

################################################################################################################################################
Starting Execution:	[144 out of 146] test cases in the current suite
Test Method:		[testPackage01.Test_SelectedValue.simpleSelect]
################################################################################################################################################
[ReportManager] File Action [GetAbsolutePath] successfully performed. With the following test data [Relative Folder Path: "target/downloadedFiles/"]. @19-11-2021 15:42:43.0743 PM
[ReportManager] Attempting to run locally on: [Mac-64], [GoogleChrome], Headless Execution. @19-11-2021 15:42:43.0743 PM
[ReportManager] Identifying OS/Driver combination and selecting the correct driver version automatically. Please note that if a new driver executable will be downloaded it may take some time... @19-11-2021 15:42:43.0743 PM
[ReportManager] Successfully Opened Google Chrome. @19-11-2021 15:42:44.0306 PM
[ReportManager] Initial window size: (1920, 1080) @19-11-2021 15:42:44.0313 PM
[ReportManager] Window size after SWD Maximize: (1920, 1080) @19-11-2021 15:42:44.0437 PM
[ReportManager] Window size after Toolkit: (1920, 1080) @19-11-2021 15:42:45.0003 PM
[ReportManager] Browser Action [MaximizeWindow] successfully performed. With the following test data [New screen size is now: (1920, 1080)]. @19-11-2021 15:42:45.0006 PM
[ReportManager] Target URL: [https://yari-demos.prod.mdn.mozit.cloud/en-US/docs/Web/HTML/Element/select/_sample_.Basic_select.html] @19-11-2021 15:42:45.0007 PM
[ReportManager] Initial URL: [data:,] @19-11-2021 15:42:45.0041 PM
[ReportManager] Browser Action [NavigateToURL] successfully performed. With the following test data [https://yari-demos.prod.mdn.mozit.cloud/en-US/docs/Web/HTML/Element/select/_sample_.Basic_select.html]. @19-11-2021 15:42:45.0374 PM
[ReportManager] Element Action [Select] successfully performed. With the following test data [Third Value]. @19-11-2021 15:42:45.0647 PM
[ReportManager] Element Action [GetSelectedText] successfully performed. With the following test data [Third Value]. @19-11-2021 15:42:45.0718 PM
[ReportManager] Third Value @19-11-2021 15:42:45.0718 PM
[ReportManager] Element Action [GetSelectedText] successfully performed. With the following test data [Third Value]. @19-11-2021 15:42:45.0782 PM
[ReportManager] Loaded Shared OpenCV @19-11-2021 15:42:46.0168 PM
[ReportManager] Assertion [ValidateElementAttribute] PASSED. Expected [Value Should be 'Third Value' for the 'selectedText' attribute, element locator 'By.tagName: select'] and Actual [Third Value]. Comparison Type [EQUALS]. Validation Type [POSITIVE]. @19-11-2021 15:42:46.0396 PM
[ReportManager] Successfully created attachment [Screenshot - 1637336566168_simpleSelect_ValidateElementAttribute_passed] @19-11-2021 15:42:46.0407 PM
[ReportManager] Browser Action [CloseCurrentWindow] successfully performed. @19-11-2021 15:42:46.0496 PM
[ReportManager] Successfully created attachment [Browser Action Test Data - CloseCurrentWindow - Actual Value] @19-11-2021 15:42:46.0506 P
[ReportManager] File Action [GetAbsolutePath] successfully performed. With the following test data [Relative Folder Path: "target/downloadedFiles/"]. @19-11-2021 15:42:46.0530 PM
[ReportManager] Attempting to run locally on: [Mac-64], [Safari], Headless Execution. @19-11-2021 15:42:46.0530 PM
[ReportManager] Successfully Opened Safari. @19-11-2021 15:42:47.0345 PM
[ReportManager] Initial window size: (800, 600) @19-11-2021 15:42:47.0368 PM
[ReportManager] Window size after SWD Maximize: (1176, 811) @19-11-2021 15:42:47.0381 PM
[ReportManager] Browser Action [MaximizeWindow] successfully performed. With the following test data [New screen size is now: (1176, 811)]. @19-11-2021 15:42:47.0382 P

################################################################################################################################################
Starting Execution:	[145 out of 146] test cases in the current suite
Test Method:		[testPackage01.Test_dynamicLoading.dynamicLoading_elementIsHidden]
################################################################################################################################################
[ReportManager] Target URL: [https://the-internet.herokuapp.com/dynamic_loading/1] @19-11-2021 15:42:47.0404 PM
[ReportManager] Initial URL: [] @19-11-2021 15:42:47.0466 PM
[ReportManager] Browser Action [NavigateToURL] successfully performed. With the following test data [https://the-internet.herokuapp.com/dynamic_loading/1]. @19-11-2021 15:42:48.0693 PM
[ReportManager] Element Action [Click] successfully performed. With the following test data [By.xpath: //button[text()='Start']]. @19-11-2021 15:42:48.0886 PM
[ReportManager] Element Action [GetText] successfully performed. With the following test data [
    Hello World!
  ]. @19-11-2021 15:42:48.0929 P
[ReportManager] Browser Action [CloseCurrentWindow] successfully performed. @19-11-2021 15:42:49.0098 PM
[ReportManager] Successfully created attachment [Browser Action Test Data - CloseCurrentWindow - Actual Value] @19-11-2021 15:42:49.0111 P
[ReportManager] File Action [GetAbsolutePath] successfully performed. With the following test data [Relative Folder Path: "target/downloadedFiles/"]. @19-11-2021 15:42:49.0113 PM
[ReportManager] Attempting to run locally on: [Mac-64], [Safari], Headless Execution. @19-11-2021 15:42:49.0113 PM
[ReportManager] Successfully Opened Safari. @19-11-2021 15:42:49.0934 PM
[ReportManager] Initial window size: (800, 600) @19-11-2021 15:42:49.0960 PM
[ReportManager] Window size after SWD Maximize: (1176, 811) @19-11-2021 15:42:49.0983 PM
[ReportManager] Browser Action [MaximizeWindow] successfully performed. With the following test data [New screen size is now: (1176, 811)]. @19-11-2021 15:42:49.0983 P

################################################################################################################################################
Starting Execution:	[146 out of 146] test cases in the current suite
Test Method:		[testPackage01.Test_dynamicLoading.dynamicLoading_elementIsRendered]
################################################################################################################################################
[ReportManager] Target URL: [https://the-internet.herokuapp.com/dynamic_loading/2] @19-11-2021 15:42:50.0026 PM
[ReportManager] Initial URL: [] @19-11-2021 15:42:50.0083 PM
[ReportManager] Browser Action [NavigateToURL] successfully performed. With the following test data [https://the-internet.herokuapp.com/dynamic_loading/2]. @19-11-2021 15:42:51.0437 PM
[ReportManager] Element Action [Click] successfully performed. With the following test data [By.xpath: //button[text()='Start']]. @19-11-2021 15:42:51.0654 PM
[ReportManager] Element Action [GetText] successfully performed. With the following test data [Hello World!]. @19-11-2021 15:42:57.0002 PM
[ReportManager] Loaded Shared OpenCV @19-11-2021 15:42:57.0051 PM
[ReportManager] Assertion [ValidateElementAttribute] PASSED. Expected [Value Should be 'Hello World!' for the 'text' attribute, element locator 'By.id: finish'] and Actual [Hello World!]. Comparison Type [CONTAINS]. Validation Type [POSITIVE]. @19-11-2021 15:42:57.0163 PM
[ReportManager] Successfully created attachment [Screenshot - 1637336577051_dynamicLoading_elementIsRendered_ValidateElementAttribute_passed] @19-11-2021 15:42:57.0169 P
[ReportManager] Browser Action [CloseCurrentWindow] successfully performed. @19-11-2021 15:42:57.0487 PM
[ReportManager] Successfully created attachment [Browser Action Test Data - CloseCurrentWindow - Actual Value] @19-11-2021 15:42:57.0493 P
[ReportManager] Successfully created attachment [SHAFT Engine Logs - Execution log] @19-11-2021 15:42:57.0598 PM

################################################################################################################################################
This test run was powered by SHAFT Engine Version: [SHAFT Engine v5.4.20211117-BETA]
SHAFT Engine is licensed under the MIT License: [https://github.com/MohabMohie/SHAFT_ENGINE/blob/master/LICENSE].
################################################################################################################################################