################################################################################################################################################
Detected SHAFT Engine Version: [SHAFT Engine v6.1.20220113]
################################################################################################################################################
[ReportManager] File Action [GetAbsolutePath] successfully performed. With the following test data [Relative Folder Path: "target/downloadedFiles/"]. @05-03-2022 18:16:32.0903 PM
[ReportManager] Attempting to run locally on: [Mac-64], [Safari], Headless Execution. @05-03-2022 18:16:32.0919 PM
[ReportManager] Successfully Opened Safari. @05-03-2022 18:16:39.0868 PM
[ReportManager] Initial window size: (800, 600) @05-03-2022 18:16:39.0967 PM
[ReportManager] Window size after SWD Maximize: (1176, 802) @05-03-2022 18:16:40.0017 PM
[ReportManager] Browser Action [MaximizeWindow] successfully performed. With the following test data [New screen size is now: (1176, 802)]. @05-03-2022 18:16:40.0076 P

################################################################################################################################################
Starting Execution:	[1 out of 165] test cases in the current suite
Test Method:		[unitTests.tests_element_elementActions.waitForElementToBePresent_false_expectedToFail]
################################################################################################################################################
[ReportManager] Target URL: [https://www.google.com/ncr], and after redirection: [www.google.com] @05-03-2022 18:16:40.0314 PM
[ReportManager] Initial URL: [] @05-03-2022 18:16:40.0405 PM
[ReportManager] Browser Action [NavigateToURL] successfully performed. With the following test data [https://www.google.com/ncr]. @05-03-2022 18:16:43.0954 PM
[ReportManager] Waiting for element to be present; elementLocator [By.xpath: //*[@id='hplogo' or @alt='Google']], numberOfTries[1], stateOfPresence[false]... @05-03-2022 18:16:43.0966 PM
[ReportManager] Element Action [WaitForElementToBePresent] failed. With the following test data [waited for the element's state of presence to be (false). Element locator (By.xpath: //*[@id='hplogo' or @alt='Google'])]. @05-03-2022 18:16:46.0585 PM
[ReportManager] Successfully created attachment [Screenshot - 1646504204160_waitForElementToBePresent_false_expectedToFail_WaitForElementToBePresent_failed] @05-03-2022 18:16:46.0604 P
[ReportManager] Browser Action [CloseCurrentWindow] successfully performed. @05-03-2022 18:16:46.0884 PM
[ReportManager] Successfully created attachment [Browser Action Test Data - CloseCurrentWindow - Actual Value] @05-03-2022 18:16:46.0885 P
[ReportManager] File Action [GetAbsolutePath] successfully performed. With the following test data [Relative Folder Path: "target/downloadedFiles/"]. @05-03-2022 18:16:46.0899 PM
[ReportManager] Attempting to run locally on: [Mac-64], [Safari], Headless Execution. @05-03-2022 18:16:46.0900 PM
[ReportManager] Successfully Opened Safari. @05-03-2022 18:16:47.0951 PM
[ReportManager] Initial window size: (800, 600) @05-03-2022 18:16:48.0018 PM
[ReportManager] Window size after SWD Maximize: (1176, 803) @05-03-2022 18:16:48.0051 PM
[ReportManager] Browser Action [MaximizeWindow] successfully performed. With the following test data [New screen size is now: (1176, 803)]. @05-03-2022 18:16:48.0051 P

################################################################################################################################################
Starting Execution:	[2 out of 165] test cases in the current suite
Test Method:		[unitTests.tests_element_elementActions.waitForElementToBePresent_false_expectedToPass]
################################################################################################################################################
[ReportManager] Target URL: [https://www.google.com/ncr], and after redirection: [www.google.com] @05-03-2022 18:16:48.0057 PM
[ReportManager] Initial URL: [] @05-03-2022 18:16:48.0134 PM
[ReportManager] Browser Action [NavigateToURL] successfully performed. With the following test data [https://www.google.com/ncr]. @05-03-2022 18:16:51.0764 PM
[ReportManager] Waiting for element to be present; elementLocator [By.id: bla], numberOfTries[1], stateOfPresence[false]... @05-03-2022 18:16:51.0764 PM
[ReportManager] org.openqa.selenium.TimeoutException:
Expected condition failed: waiting for com.shaft.gui.element.ElementActionsHelper$$Lambda$641/0x000000080114a820@23e1f610 (tried for 5 second(s) with 1000 milliseconds interval)
org.openqa.selenium.support.ui.FluentWait.timeoutException(FluentWait.java:263)
org.openqa.selenium.support.ui.FluentWait.until(FluentWait.java:231)
com.shaft.gui.element.ElementActionsHelper.waitForElementPresence(ElementActionsHelper.java:89)
com.shaft.gui.element.ElementActionsHelper.waitForElementPresence(ElementActionsHelper.java:37)
com.shaft.gui.element.WebDriverElementActions.getMatchingElementsCount(WebDriverElementActions.java:1481)
com.shaft.gui.element.WebDriverElementActions.waitForElementToBePresent(WebDriverElementActions.java:1295)
com.shaft.gui.element.ElementActions.waitForElementToBePresent(ElementActions.java:630)
unitTests.tests_element_elementActions.waitForElementToBePresent_false_expectedToPass(tests_element_elementActions.java:64)
java.base/jdk.internal.reflect.NativeMethodAccessorImpl.invoke0(Native Method)
java.base/jdk.internal.reflect.NativeMethodAccessorImpl.invoke(NativeMethodAccessorImpl.java:77)
java.base/jdk.internal.reflect.DelegatingMethodAccessorImpl.invoke(DelegatingMethodAccessorImpl.java:43)
java.base/java.lang.reflect.Method.invoke(Method.java:568)
org.testng.internal.invokers.MethodInvocationHelper.invokeMethod(MethodInvocationHelper.java:135)
org.testng.internal.invokers.TestInvoker.invokeMethod(TestInvoker.java:673)
org.testng.internal.invokers.TestInvoker.invokeTestMethod(TestInvoker.java:220)
org.testng.internal.invokers.MethodRunner.runInSequence(MethodRunner.java:50)
org.testng.internal.invokers.TestInvoker$MethodInvocationAgent.invoke(TestInvoker.java:945)
org.testng.internal.invokers.TestInvoker.invokeTestMethods(TestInvoker.java:193)
org.testng.internal.invokers.TestMethodWorker.invokeTestMethods(TestMethodWorker.java:146)
org.testng.internal.invokers.TestMethodWorker.run(TestMethodWorker.java:128)
java.base/java.util.ArrayList.forEach(ArrayList.java:1511)
org.testng.TestRunner.privateRun(TestRunner.java:808)
org.testng.TestRunner.run(TestRunner.java:603)
org.testng.SuiteRunner.runTest(SuiteRunner.java:429)
org.testng.SuiteRunner.runSequentially(SuiteRunner.java:423)
org.testng.SuiteRunner.privateRun(SuiteRunner.java:383)
org.testng.SuiteRunner.run(SuiteRunner.java:326)
org.testng.SuiteRunnerWorker.runSuite(SuiteRunnerWorker.java:52)
org.testng.SuiteRunnerWorker.run(SuiteRunnerWorker.java:95)
org.testng.TestNG.runSuitesSequentially(TestNG.java:1249)
org.testng.TestNG.runSuitesLocally(TestNG.java:1169)
org.testng.TestNG.runSuites(TestNG.java:1092)
org.testng.TestNG.run(TestNG.java:1060)
org.apache.maven.surefire.testng.TestNGExecutor.run(TestNGExecutor.java:136)
org.apache.maven.surefire.testng.TestNGDirectoryTestSuite.executeMulti(TestNGDirectoryTestSuite.java:193)
org.apache.maven.surefire.testng.TestNGDirectoryTestSuite.execute(TestNGDirectoryTestSuite.java:94)
org.apache.maven.surefire.testng.TestNGProvider.invoke(TestNGProvider.java:145)
org.apache.maven.surefire.booter.ForkedBooter.runSuitesInProcess(ForkedBooter.java:428)
org.apache.maven.surefire.booter.ForkedBooter.execute(ForkedBooter.java:162)
org.apache.maven.surefire.booter.ForkedBooter.run(ForkedBooter.java:562)
org.apache.maven.surefire.booter.ForkedBooter.main(ForkedBooter.java:548)

Caused by: org.openqa.selenium.NoSuchElementException:
For documentation on this error, please visit: https://selenium.dev/exceptions/#no_such_element
Build info: version: '4.1.2', revision: '9a5a329c5a'
System info: host: 'Mac-1646503532455.local', ip: '10.212.11.92', os.name: 'Mac OS X', os.arch: 'x86_64', os.version: '11.6.4', java.version: '17.0.2'
Driver info: org.openqa.selenium.safari.SafariDriver
Command: [A3E6EF1E-C46C-497F-8F4E-A534AF042A28, findElement {using=id, value=bla}]
Capabilities {acceptInsecureCerts: false, browserName: Safari, browserVersion: 15.3, goog:loggingPrefs: {browser: ALL, client: ALL, driver: ALL, performance: ALL, profiler: ALL, server: ALL}, javascriptEnabled: true, pageLoadStrategy: normal, platform: MAC, platformName: MAC, safari:automaticInspection: false, safari:automaticProfiling: false, safari:diagnose: false, safari:platformBuildVersion: 20G417, safari:platformVersion: 11.6.4, safari:useSimulator: false, setWindowRect: true, strictFileInteractability: false, timeouts: {pageLoad: 30000, script: 30000}, webkit:WebRTC: {DisableICECandidateFiltering: false, DisableInsecureMediaCapture: false}}
Session ID: A3E6EF1E-C46C-497F-8F4E-A534AF042A28
java.base/jdk.internal.reflect.NativeConstructorAccessorImpl.newInstance0(Native Method)
java.base/jdk.internal.reflect.NativeConstructorAccessorImpl.newInstance(NativeConstructorAccessorImpl.java:77)
java.base/jdk.internal.reflect.DelegatingConstructorAccessorImpl.newInstance(DelegatingConstructorAccessorImpl.java:45)
java.base/java.lang.reflect.Constructor.newInstanceWithCaller(Constructor.java:499)
java.base/java.lang.reflect.Constructor.newInstance(Constructor.java:480)
org.openqa.selenium.remote.codec.w3c.W3CHttpResponseCodec.createException(W3CHttpResponseCodec.java:200)
org.openqa.selenium.remote.codec.w3c.W3CHttpResponseCodec.decode(W3CHttpResponseCodec.java:133)
org.openqa.selenium.remote.codec.w3c.W3CHttpResponseCodec.decode(W3CHttpResponseCodec.java:53)
org.openqa.selenium.remote.HttpCommandExecutor.execute(HttpCommandExecutor.java:184)
org.openqa.selenium.remote.service.DriverCommandExecutor.invokeExecute(DriverCommandExecutor.java:167)
org.openqa.selenium.remote.service.DriverCommandExecutor.execute(DriverCommandExecutor.java:142)
org.openqa.selenium.remote.RemoteWebDriver.execute(RemoteWebDriver.java:558)
org.openqa.selenium.remote.ElementLocation$ElementFinder$2.findElement(ElementLocation.java:162)
org.openqa.selenium.remote.ElementLocation.findElement(ElementLocation.java:60)
org.openqa.selenium.remote.RemoteWebDriver.findElement(RemoteWebDriver.java:382)
org.openqa.selenium.remote.RemoteWebDriver.findElement(RemoteWebDriver.java:374)
com.shaft.gui.element.ElementActionsHelper.lambda$waitForElementPresence$0(ElementActionsHelper.java:92)
org.openqa.selenium.support.ui.FluentWait.until(FluentWait.java:208)
com.shaft.gui.element.ElementActionsHelper.waitForElementPresence(ElementActionsHelper.java:89)
com.shaft.gui.element.ElementActionsHelper.waitForElementPresence(ElementActionsHelper.java:37)
com.shaft.gui.element.WebDriverElementActions.getMatchingElementsCount(WebDriverElementActions.java:1481)
com.shaft.gui.element.WebDriverElementActions.waitForElementToBePresent(WebDriverElementActions.java:1295)
com.shaft.gui.element.ElementActions.waitForElementToBePresent(ElementActions.java:630)
unitTests.tests_element_elementActions.waitForElementToBePresent_false_expectedToPass(tests_element_elementActions.java:64)
java.base/jdk.internal.reflect.NativeMethodAccessorImpl.invoke0(Native Method)
java.base/jdk.internal.reflect.NativeMethodAccessorImpl.invoke(NativeMethodAccessorImpl.java:77)
java.base/jdk.internal.reflect.DelegatingMethodAccessorImpl.invoke(DelegatingMethodAccessorImpl.java:43)
java.base/java.lang.reflect.Method.invoke(Method.java:568)
org.testng.internal.invokers.MethodInvocationHelper.invokeMethod(MethodInvocationHelper.java:135)
org.testng.internal.invokers.TestInvoker.invokeMethod(TestInvoker.java:673)
org.testng.internal.invokers.TestInvoker.invokeTestMethod(TestInvoker.java:220)
org.testng.internal.invokers.MethodRunner.runInSequence(MethodRunner.java:50)
org.testng.internal.invokers.TestInvoker$MethodInvocationAgent.invoke(TestInvoker.java:945)
org.testng.internal.invokers.TestInvoker.invokeTestMethods(TestInvoker.java:193)
org.testng.internal.invokers.TestMethodWorker.invokeTestMethods(TestMethodWorker.java:146)
org.testng.internal.invokers.TestMethodWorker.run(TestMethodWorker.java:128)
java.base/java.util.ArrayList.forEach(ArrayList.java:1511)
org.testng.TestRunner.privateRun(TestRunner.java:808)
org.testng.TestRunner.run(TestRunner.java:603)
org.testng.SuiteRunner.runTest(SuiteRunner.java:429)
org.testng.SuiteRunner.runSequentially(SuiteRunner.java:423)
org.testng.SuiteRunner.privateRun(SuiteRunner.java:383)
org.testng.SuiteRunner.run(SuiteRunner.java:326)
org.testng.SuiteRunnerWorker.runSuite(SuiteRunnerWorker.java:52)
org.testng.SuiteRunnerWorker.run(SuiteRunnerWorker.java:95)
org.testng.TestNG.runSuitesSequentially(TestNG.java:1249)
org.testng.TestNG.runSuitesLocally(TestNG.java:1169)
org.testng.TestNG.runSuites(TestNG.java:1092)
org.testng.TestNG.run(TestNG.java:1060)
org.apache.maven.surefire.testng.TestNGExecutor.run(TestNGExecutor.java:136)
org.apache.maven.surefire.testng.TestNGDirectoryTestSuite.executeMulti(TestNGDirectoryTestSuite.java:193)
org.apache.maven.surefire.testng.TestNGDirectoryTestSuite.execute(TestNGDirectoryTestSuite.java:94)
org.apache.maven.surefire.testng.TestNGProvider.invoke(TestNGProvider.java:145)
org.apache.maven.surefire.booter.ForkedBooter.runSuitesInProcess(ForkedBooter.java:428)
org.apache.maven.surefire.booter.ForkedBooter.execute(ForkedBooter.java:162)
org.apache.maven.surefire.booter.ForkedBooter.run(ForkedBooter.java:562)
org.apache.maven.surefire.booter.ForkedBooter.main(ForkedBooter.java:548) @05-03-2022 18:16:57.0332 PM
[ReportManager] Element Action [WaitForElementToBePresent] successfully performed. With the following test data [waited for the element's state of presence to be (false). Element locator (By.id: bla)]. @05-03-2022 18:16:57.0333 P
[ReportManager] Browser Action [CloseCurrentWindow] successfully performed. @05-03-2022 18:16:57.0765 PM
[ReportManager] Successfully created attachment [Browser Action Test Data - CloseCurrentWindow - Actual Value] @05-03-2022 18:16:57.0766 P
[ReportManager] File Action [GetAbsolutePath] successfully performed. With the following test data [Relative Folder Path: "target/downloadedFiles/"]. @05-03-2022 18:16:57.0771 PM
[ReportManager] Attempting to run locally on: [Mac-64], [Safari], Headless Execution. @05-03-2022 18:16:57.0772 PM
[ReportManager] Successfully Opened Safari. @05-03-2022 18:16:58.0708 PM
[ReportManager] Initial window size: (800, 600) @05-03-2022 18:16:58.0726 PM
[ReportManager] Window size after SWD Maximize: (1176, 803) @05-03-2022 18:16:58.0745 PM
[ReportManager] Browser Action [MaximizeWindow] successfully performed. With the following test data [New screen size is now: (1176, 803)]. @05-03-2022 18:16:58.0746 P

################################################################################################################################################
Starting Execution:	[3 out of 165] test cases in the current suite
Test Method:		[unitTests.tests_element_elementActions.waitForElementToBePresent_moreThanOneElement_expectedToFail]
################################################################################################################################################
[ReportManager] Target URL: [https://www.google.com/ncr], and after redirection: [www.google.com] @05-03-2022 18:16:58.0797 PM
[ReportManager] Initial URL: [] @05-03-2022 18:16:58.0836 PM
[ReportManager] Browser Action [NavigateToURL] successfully performed. With the following test data [https://www.google.com/ncr]. @05-03-2022 18:17:02.0054 PM
[ReportManager] Waiting for element to be present; elementLocator [By.xpath: //*], numberOfTries[1], stateOfPresence[false]... @05-03-2022 18:17:02.0054 PM
[ReportManager] Element Action [WaitForElementToBePresent] failed. With the following test data [waited for the element's state of presence to be (false). Element locator (By.xpath: //*)]. @05-03-2022 18:17:02.0540 PM
[ReportManager] Successfully created attachment [Screenshot - 1646504222243_waitForElementToBePresent_moreThanOneElement_expectedToFail_WaitForElementToBePresent_failed] @05-03-2022 18:17:02.0545 P
[ReportManager] Browser Action [CloseCurrentWindow] successfully performed. @05-03-2022 18:17:02.0795 PM
[ReportManager] Successfully created attachment [Browser Action Test Data - CloseCurrentWindow - Actual Value] @05-03-2022 18:17:02.0797 P
[ReportManager] File Action [GetAbsolutePath] successfully performed. With the following test data [Relative Folder Path: "target/downloadedFiles/"]. @05-03-2022 18:17:02.0806 PM
[ReportManager] Attempting to run locally on: [Mac-64], [Safari], Headless Execution. @05-03-2022 18:17:02.0808 PM
[ReportManager] Successfully Opened Safari. @05-03-2022 18:17:03.0779 PM
[ReportManager] Initial window size: (800, 600) @05-03-2022 18:17:03.0806 PM
[ReportManager] Window size after SWD Maximize: (1176, 803) @05-03-2022 18:17:03.0835 PM
[ReportManager] Browser Action [MaximizeWindow] successfully performed. With the following test data [New screen size is now: (1176, 803)]. @05-03-2022 18:17:03.0835 P

################################################################################################################################################
Starting Execution:	[4 out of 165] test cases in the current suite
Test Method:		[unitTests.tests_element_elementActions.waitForElementToBePresent_true_expectedToFail]
################################################################################################################################################
[ReportManager] Target URL: [https://www.google.com/ncr], and after redirection: [www.google.com] @05-03-2022 18:17:03.0840 PM
[ReportManager] Initial URL: [] @05-03-2022 18:17:03.0895 PM
[ReportManager] Browser Action [NavigateToURL] successfully performed. With the following test data [https://www.google.com/ncr]. @05-03-2022 18:17:07.0048 PM
[ReportManager] Waiting for element to be present; elementLocator [By.id: bla], numberOfTries[1], stateOfPresence[true]... @05-03-2022 18:17:07.0049 PM
[ReportManager] org.openqa.selenium.TimeoutException:
Expected condition failed: waiting for com.shaft.gui.element.ElementActionsHelper$$Lambda$641/0x000000080114a820@f4aec23 (tried for 5 second(s) with 1000 milliseconds interval)
org.openqa.selenium.support.ui.FluentWait.timeoutException(FluentWait.java:263)
org.openqa.selenium.support.ui.FluentWait.until(FluentWait.java:231)
com.shaft.gui.element.ElementActionsHelper.waitForElementPresence(ElementActionsHelper.java:89)
com.shaft.gui.element.ElementActionsHelper.waitForElementPresence(ElementActionsHelper.java:37)
com.shaft.gui.element.WebDriverElementActions.getMatchingElementsCount(WebDriverElementActions.java:1481)
com.shaft.gui.element.WebDriverElementActions.waitForElementToBePresent(WebDriverElementActions.java:1295)
com.shaft.gui.element.ElementActions.waitForElementToBePresent(ElementActions.java:630)
unitTests.tests_element_elementActions.waitForElementToBePresent_true_expectedToFail(tests_element_elementActions.java:55)
java.base/jdk.internal.reflect.NativeMethodAccessorImpl.invoke0(Native Method)
java.base/jdk.internal.reflect.NativeMethodAccessorImpl.invoke(NativeMethodAccessorImpl.java:77)
java.base/jdk.internal.reflect.DelegatingMethodAccessorImpl.invoke(DelegatingMethodAccessorImpl.java:43)
java.base/java.lang.reflect.Method.invoke(Method.java:568)
org.testng.internal.invokers.MethodInvocationHelper.invokeMethod(MethodInvocationHelper.java:135)
org.testng.internal.invokers.TestInvoker.invokeMethod(TestInvoker.java:673)
org.testng.internal.invokers.TestInvoker.invokeTestMethod(TestInvoker.java:220)
org.testng.internal.invokers.MethodRunner.runInSequence(MethodRunner.java:50)
org.testng.internal.invokers.TestInvoker$MethodInvocationAgent.invoke(TestInvoker.java:945)
org.testng.internal.invokers.TestInvoker.invokeTestMethods(TestInvoker.java:193)
org.testng.internal.invokers.TestMethodWorker.invokeTestMethods(TestMethodWorker.java:146)
org.testng.internal.invokers.TestMethodWorker.run(TestMethodWorker.java:128)
java.base/java.util.ArrayList.forEach(ArrayList.java:1511)
org.testng.TestRunner.privateRun(TestRunner.java:808)
org.testng.TestRunner.run(TestRunner.java:603)
org.testng.SuiteRunner.runTest(SuiteRunner.java:429)
org.testng.SuiteRunner.runSequentially(SuiteRunner.java:423)
org.testng.SuiteRunner.privateRun(SuiteRunner.java:383)
org.testng.SuiteRunner.run(SuiteRunner.java:326)
org.testng.SuiteRunnerWorker.runSuite(SuiteRunnerWorker.java:52)
org.testng.SuiteRunnerWorker.run(SuiteRunnerWorker.java:95)
org.testng.TestNG.runSuitesSequentially(TestNG.java:1249)
org.testng.TestNG.runSuitesLocally(TestNG.java:1169)
org.testng.TestNG.runSuites(TestNG.java:1092)
org.testng.TestNG.run(TestNG.java:1060)
org.apache.maven.surefire.testng.TestNGExecutor.run(TestNGExecutor.java:136)
org.apache.maven.surefire.testng.TestNGDirectoryTestSuite.executeMulti(TestNGDirectoryTestSuite.java:193)
org.apache.maven.surefire.testng.TestNGDirectoryTestSuite.execute(TestNGDirectoryTestSuite.java:94)
org.apache.maven.surefire.testng.TestNGProvider.invoke(TestNGProvider.java:145)
org.apache.maven.surefire.booter.ForkedBooter.runSuitesInProcess(ForkedBooter.java:428)
org.apache.maven.surefire.booter.ForkedBooter.execute(ForkedBooter.java:162)
org.apache.maven.surefire.booter.ForkedBooter.run(ForkedBooter.java:562)
org.apache.maven.surefire.booter.ForkedBooter.main(ForkedBooter.java:548)

Caused by: org.openqa.selenium.NoSuchElementException:
For documentation on this error, please visit: https://selenium.dev/exceptions/#no_such_element
Build info: version: '4.1.2', revision: '9a5a329c5a'
System info: host: 'Mac-1646503532455.local', ip: '10.212.11.92', os.name: 'Mac OS X', os.arch: 'x86_64', os.version: '11.6.4', java.version: '17.0.2'
Driver info: org.openqa.selenium.safari.SafariDriver
Command: [EBB05758-C330-4BCC-A0BF-B64C211C4687, findElement {using=id, value=bla}]
Capabilities {acceptInsecureCerts: false, browserName: Safari, browserVersion: 15.3, goog:loggingPrefs: {browser: ALL, client: ALL, driver: ALL, performance: ALL, profiler: ALL, server: ALL}, javascriptEnabled: true, pageLoadStrategy: normal, platform: MAC, platformName: MAC, safari:automaticInspection: false, safari:automaticProfiling: false, safari:diagnose: false, safari:platformBuildVersion: 20G417, safari:platformVersion: 11.6.4, safari:useSimulator: false, setWindowRect: true, strictFileInteractability: false, timeouts: {pageLoad: 30000, script: 30000}, webkit:WebRTC: {DisableICECandidateFiltering: false, DisableInsecureMediaCapture: false}}
Session ID: EBB05758-C330-4BCC-A0BF-B64C211C4687
java.base/jdk.internal.reflect.NativeConstructorAccessorImpl.newInstance0(Native Method)
java.base/jdk.internal.reflect.NativeConstructorAccessorImpl.newInstance(NativeConstructorAccessorImpl.java:77)
java.base/jdk.internal.reflect.DelegatingConstructorAccessorImpl.newInstance(DelegatingConstructorAccessorImpl.java:45)
java.base/java.lang.reflect.Constructor.newInstanceWithCaller(Constructor.java:499)
java.base/java.lang.reflect.Constructor.newInstance(Constructor.java:480)
org.openqa.selenium.remote.codec.w3c.W3CHttpResponseCodec.createException(W3CHttpResponseCodec.java:200)
org.openqa.selenium.remote.codec.w3c.W3CHttpResponseCodec.decode(W3CHttpResponseCodec.java:133)
org.openqa.selenium.remote.codec.w3c.W3CHttpResponseCodec.decode(W3CHttpResponseCodec.java:53)
org.openqa.selenium.remote.HttpCommandExecutor.execute(HttpCommandExecutor.java:184)
org.openqa.selenium.remote.service.DriverCommandExecutor.invokeExecute(DriverCommandExecutor.java:167)
org.openqa.selenium.remote.service.DriverCommandExecutor.execute(DriverCommandExecutor.java:142)
org.openqa.selenium.remote.RemoteWebDriver.execute(RemoteWebDriver.java:558)
org.openqa.selenium.remote.ElementLocation$ElementFinder$2.findElement(ElementLocation.java:162)
org.openqa.selenium.remote.ElementLocation.findElement(ElementLocation.java:60)
org.openqa.selenium.remote.RemoteWebDriver.findElement(RemoteWebDriver.java:382)
org.openqa.selenium.remote.RemoteWebDriver.findElement(RemoteWebDriver.java:374)
com.shaft.gui.element.ElementActionsHelper.lambda$waitForElementPresence$0(ElementActionsHelper.java:92)
org.openqa.selenium.support.ui.FluentWait.until(FluentWait.java:208)
com.shaft.gui.element.ElementActionsHelper.waitForElementPresence(ElementActionsHelper.java:89)
com.shaft.gui.element.ElementActionsHelper.waitForElementPresence(ElementActionsHelper.java:37)
com.shaft.gui.element.WebDriverElementActions.getMatchingElementsCount(WebDriverElementActions.java:1481)
com.shaft.gui.element.WebDriverElementActions.waitForElementToBePresent(WebDriverElementActions.java:1295)
com.shaft.gui.element.ElementActions.waitForElementToBePresent(ElementActions.java:630)
unitTests.tests_element_elementActions.waitForElementToBePresent_true_expectedToFail(tests_element_elementActions.java:55)
java.base/jdk.internal.reflect.NativeMethodAccessorImpl.invoke0(Native Method)
java.base/jdk.internal.reflect.NativeMethodAccessorImpl.invoke(NativeMethodAccessorImpl.java:77)
java.base/jdk.internal.reflect.DelegatingMethodAccessorImpl.invoke(DelegatingMethodAccessorImpl.java:43)
java.base/java.lang.reflect.Method.invoke(Method.java:568)
org.testng.internal.invokers.MethodInvocationHelper.invokeMethod(MethodInvocationHelper.java:135)
org.testng.internal.invokers.TestInvoker.invokeMethod(TestInvoker.java:673)
org.testng.internal.invokers.TestInvoker.invokeTestMethod(TestInvoker.java:220)
org.testng.internal.invokers.MethodRunner.runInSequence(MethodRunner.java:50)
org.testng.internal.invokers.TestInvoker$MethodInvocationAgent.invoke(TestInvoker.java:945)
org.testng.internal.invokers.TestInvoker.invokeTestMethods(TestInvoker.java:193)
org.testng.internal.invokers.TestMethodWorker.invokeTestMethods(TestMethodWorker.java:146)
org.testng.internal.invokers.TestMethodWorker.run(TestMethodWorker.java:128)
java.base/java.util.ArrayList.forEach(ArrayList.java:1511)
org.testng.TestRunner.privateRun(TestRunner.java:808)
org.testng.TestRunner.run(TestRunner.java:603)
org.testng.SuiteRunner.runTest(SuiteRunner.java:429)
org.testng.SuiteRunner.runSequentially(SuiteRunner.java:423)
org.testng.SuiteRunner.privateRun(SuiteRunner.java:383)
org.testng.SuiteRunner.run(SuiteRunner.java:326)
org.testng.SuiteRunnerWorker.runSuite(SuiteRunnerWorker.java:52)
org.testng.SuiteRunnerWorker.run(SuiteRunnerWorker.java:95)
org.testng.TestNG.runSuitesSequentially(TestNG.java:1249)
org.testng.TestNG.runSuitesLocally(TestNG.java:1169)
org.testng.TestNG.runSuites(TestNG.java:1092)
org.testng.TestNG.run(TestNG.java:1060)
org.apache.maven.surefire.testng.TestNGExecutor.run(TestNGExecutor.java:136)
org.apache.maven.surefire.testng.TestNGDirectoryTestSuite.executeMulti(TestNGDirectoryTestSuite.java:193)
org.apache.maven.surefire.testng.TestNGDirectoryTestSuite.execute(TestNGDirectoryTestSuite.java:94)
org.apache.maven.surefire.testng.TestNGProvider.invoke(TestNGProvider.java:145)
org.apache.maven.surefire.booter.ForkedBooter.runSuitesInProcess(ForkedBooter.java:428)
org.apache.maven.surefire.booter.ForkedBooter.execute(ForkedBooter.java:162)
org.apache.maven.surefire.booter.ForkedBooter.run(ForkedBooter.java:562)
org.apache.maven.surefire.booter.ForkedBooter.main(ForkedBooter.java:548) @05-03-2022 18:17:12.0701 PM
[ReportManager] Element Action [WaitForElementToBePresent] failed. With the following test data [waited for the element's state of presence to be (true). Element locator (By.id: bla)]. @05-03-2022 18:17:12.0832 PM
[ReportManager] Successfully created attachment [Screenshot - 1646504232738_waitForElementToBePresent_true_expectedToFail_WaitForElementToBePresent_failed] @05-03-2022 18:17:12.0836 P
[ReportManager] Browser Action [CloseCurrentWindow] successfully performed. @05-03-2022 18:17:12.0959 PM
[ReportManager] Successfully created attachment [Browser Action Test Data - CloseCurrentWindow - Actual Value] @05-03-2022 18:17:12.0960 P
[ReportManager] File Action [GetAbsolutePath] successfully performed. With the following test data [Relative Folder Path: "target/downloadedFiles/"]. @05-03-2022 18:17:12.0965 PM
[ReportManager] Attempting to run locally on: [Mac-64], [Safari], Headless Execution. @05-03-2022 18:17:12.0965 PM
[ReportManager] Successfully Opened Safari. @05-03-2022 18:17:13.0911 PM
[ReportManager] Initial window size: (800, 600) @05-03-2022 18:17:13.0992 PM
[ReportManager] Window size after SWD Maximize: (1176, 803) @05-03-2022 18:17:14.0085 PM
[ReportManager] Browser Action [MaximizeWindow] successfully performed. With the following test data [New screen size is now: (1176, 803)]. @05-03-2022 18:17:14.0086 P

################################################################################################################################################
Starting Execution:	[5 out of 165] test cases in the current suite
Test Method:		[unitTests.tests_element_elementActions.waitForElementToBePresent_true_expectedToPass]
################################################################################################################################################
[ReportManager] Target URL: [https://www.google.com/ncr], and after redirection: [www.google.com] @05-03-2022 18:17:14.0090 PM
[ReportManager] Initial URL: [] @05-03-2022 18:17:14.0142 PM
[ReportManager] Browser Action [NavigateToURL] successfully performed. With the following test data [https://www.google.com/ncr]. @05-03-2022 18:17:17.0363 PM
[ReportManager] Waiting for element to be present; elementLocator [By.xpath: //*[@id='hplogo' or @alt='Google']], numberOfTries[1], stateOfPresence[true]... @05-03-2022 18:17:17.0363 PM
[ReportManager] Element Action [WaitForElementToBePresent] successfully performed. With the following test data [waited for the element's state of presence to be (true). Element locator (By.xpath: //*[@id='hplogo' or @alt='Google'])]. @05-03-2022 18:17:17.0438 PM
[ReportManager] File Action [DoesFileExist] successfully performed. With the following test data [File Path: "src/main/resources/dynamicObjectRepository/unitTests_tests_element_elementActions_waitForElementToBePresent_true_expectedToPass_By_xpath_id_hplogo_or_alt_Google.png"]. @05-03-2022 18:17:17.0452 PM
[ReportManager] File Action [DoesFileExist] successfully performed. With the following test data [File Path: "src/main/resources/dynamicObjectRepository/unitTests_tests_element_elementActions_waitForElementToBePresent_true_expectedToPass_By_xpath_id_hplogo_or_alt_Google.png"]. @05-03-2022 18:17:17.0604 PM
[ReportManager] Passing the test and saving a reference image @05-03-2022 18:17:17.0604 PM
[ReportManager] File Action [GetAbsolutePath] successfully performed. With the following test data [Relative File Path: "src/main/resources/dynamicObjectRepository/unitTests_tests_element_elementActions_waitForElementToBePresent_true_expectedToPass_By_xpath_id_hplogo_or_alt_Google.png"]. @05-03-2022 18:17:17.0604 PM
[ReportManager] File Action [WriteToFile] successfully performed. With the following test data [Target File Path: "/Users/runner/work/SHAFT_ENGINE/SHAFT_ENGINE/src/main/resources/dynamicObjectRepository/unitTests_tests_element_elementActions_waitForElementToBePresent_true_expectedToPass_By_xpath_id_hplogo_or_alt_Google.png"]. @05-03-2022 18:17:17.0646 PM
[ReportManager] Assertion Passed: Using Visual AI; OpenCV @05-03-2022 18:17:17.0649 PM
[ReportManager] Successfully created attachment [Validation Test Data - Actual Screenshot] @05-03-2022 18:17:17.0729 PM
[ReportManager] Assertion [ValidateElementMatches] PASSED. Expected [Element should match the reference screenshot] and Actual [TRUE]. Comparison Type [EXACT_OPENCV]. Validation Type [POSITIVE]. @05-03-2022 18:17:17.0730 P
[ReportManager] Browser Action [CloseCurrentWindow] successfully performed. @05-03-2022 18:17:17.0882 PM
[ReportManager] Successfully created attachment [Browser Action Test Data - CloseCurrentWindow - Actual Value] @05-03-2022 18:17:17.0883 P
[ReportManager] File Action [GetAbsolutePath] successfully performed. With the following test data [Relative Folder Path: "target/downloadedFiles/"]. @05-03-2022 18:17:17.0890 PM
[ReportManager] Attempting to run locally on: [Mac-64], [Safari], Headless Execution. @05-03-2022 18:17:17.0891 PM
[ReportManager] An Exception Occured with this Message: Could not start a new session. Possible causes are invalid address of the remote server or browser start-up failure.. @05-03-2022 18:17:18.0119 PM
[ReportManager] Successfully created attachment [Exception Stack Trace - org.openqa.selenium.SessionNotCreatedException] @05-03-2022 18:17:18.0161 PM
[ReportManager] Driver Factory Action [createNewLocalDriverInstanceForSafari] failed. With the following test data [Failed to create a session on DESKTOP_SAFARI]. @05-03-2022 18:17:18.0162 P

################################################################################################################################################
Starting Execution:	[6 out of 165] test cases in the current suite
Test Method:		[unitTests.tests_browserActions.fullScreenWindow]
###############################################################################################################################################



################################################################################################################################################
Starting Execution:	[7 out of 165] test cases in the current suite
Test Method:		[unitTests.tests_browserActions.getCurrentURL]
###############################################################################################################################################



################################################################################################################################################
Starting Execution:	[8 out of 165] test cases in the current suite
Test Method:		[unitTests.tests_browserActions.getCurrentWindowTitle]
###############################################################################################################################################



################################################################################################################################################
Starting Execution:	[9 out of 165] test cases in the current suite
Test Method:		[unitTests.tests_browserActions.getPageSource]
###############################################################################################################################################



################################################################################################################################################
Starting Execution:	[10 out of 165] test cases in the current suite
Test Method:		[unitTests.tests_browserActions.getWindowHandle]
###############################################################################################################################################



################################################################################################################################################
Starting Execution:	[11 out of 165] test cases in the current suite
Test Method:		[unitTests.tests_browserActions.getWindowPosition]
###############################################################################################################################################



################################################################################################################################################
Starting Execution:	[12 out of 165] test cases in the current suite
Test Method:		[unitTests.tests_browserActions.getWindowSize]
###############################################################################################################################################



################################################################################################################################################
Starting Execution:	[13 out of 165] test cases in the current suite
Test Method:		[unitTests.tests_browserActions.maximizeWindow]
###############################################################################################################################################



################################################################################################################################################
Starting Execution:	[14 out of 165] test cases in the current suite
Test Method:		[unitTests.tests_browserActions.navigateBack]
###############################################################################################################################################



################################################################################################################################################
Starting Execution:	[15 out of 165] test cases in the current suite
Test Method:		[unitTests.tests_browserActions.navigateForward]
###############################################################################################################################################



################################################################################################################################################
Starting Execution:	[16 out of 165] test cases in the current suite
Test Method:		[unitTests.tests_browserActions.navigateToURL]
###############################################################################################################################################



################################################################################################################################################
Starting Execution:	[17 out of 165] test cases in the current suite
Test Method:		[unitTests.tests_browserActions.navigateToURLWithRedirection]
###############################################################################################################################################



################################################################################################################################################
Starting Execution:	[18 out of 165] test cases in the current suite
Test Method:		[unitTests.tests_browserActions.refreshCurrentPage]
###############################################################################################################################################



################################################################################################################################################
Starting Execution:	[19 out of 165] test cases in the current suite
Test Method:		[unitTests.tests_browserActions.setWindowSize]
###############################################################################################################################################

[ReportManager] Successfully loaded the following test data file [src/test/resources/testDataFiles/testSuite01/TestData.xlsx]. @05-03-2022 18:17:21.0210 PM
[ReportManager] Successfully created attachment [Test Data - Excel] @05-03-2022 18:17:21.0211 P

################################################################################################################################################
Starting Execution:	[20 out of 165] test cases in the current suite
Test Method:		[unitTests.tests_io_excelFileManager.getCellData_rowName_expectedToPass]
################################################################################################################################################
[ReportManager] testRowData. @05-03-2022 18:17:21.0237 P

################################################################################################################################################
Starting Execution:	[21 out of 165] test cases in the current suite
Test Method:		[unitTests.tests_validations_assertions.assertComparativeRelation_greaterThanOrEquals_false_equals_expectedToFail]
################################################################################################################################################
[ReportManager] Assertion [ValidateComparativeRelation] FAILED. Expected [1] and Actual [1]. Comparison Type [GREATER_THAN_OR_EQUALS]. Validation Type [NEGATIVE]. @05-03-2022 18:17:21.0248 P

################################################################################################################################################
Starting Execution:	[22 out of 165] test cases in the current suite
Test Method:		[unitTests.tests_validations_assertions.assertComparativeRelation_greaterThanOrEquals_false_equals_expectedToPass]
################################################################################################################################################
[ReportManager] Assertion [ValidateComparativeRelation] PASSED. Expected [2] and Actual [1]. Comparison Type [GREATER_THAN_OR_EQUALS]. Validation Type [NEGATIVE]. @05-03-2022 18:17:21.0253 P

################################################################################################################################################
Starting Execution:	[23 out of 165] test cases in the current suite
Test Method:		[unitTests.tests_validations_assertions.assertComparativeRelation_greaterThanOrEquals_false_greaterThan_expectedToFail]
################################################################################################################################################
[ReportManager] Assertion [ValidateComparativeRelation] FAILED. Expected [1] and Actual [2]. Comparison Type [GREATER_THAN_OR_EQUALS]. Validation Type [NEGATIVE]. @05-03-2022 18:17:21.0259 P

################################################################################################################################################
Starting Execution:	[24 out of 165] test cases in the current suite
Test Method:		[unitTests.tests_validations_assertions.assertComparativeRelation_greaterThanOrEquals_false_greaterThan_expectedToPass]
################################################################################################################################################
[ReportManager] Assertion [ValidateComparativeRelation] PASSED. Expected [2] and Actual [1]. Comparison Type [GREATER_THAN_OR_EQUALS]. Validation Type [NEGATIVE]. @05-03-2022 18:17:21.0264 P

################################################################################################################################################
Starting Execution:	[25 out of 165] test cases in the current suite
Test Method:		[unitTests.tests_validations_assertions.assertComparativeRelation_greaterThanOrEquals_true_equals_expectedToFail]
################################################################################################################################################
[ReportManager] Assertion [ValidateComparativeRelation] FAILED. Expected [1] and Actual [0]. Comparison Type [GREATER_THAN_OR_EQUALS]. Validation Type [POSITIVE]. @05-03-2022 18:17:21.0272 P

################################################################################################################################################
Starting Execution:	[26 out of 165] test cases in the current suite
Test Method:		[unitTests.tests_validations_assertions.assertComparativeRelation_greaterThanOrEquals_true_equals_expectedToPass]
################################################################################################################################################
[ReportManager] Assertion [ValidateComparativeRelation] PASSED. Expected [1] and Actual [1]. Comparison Type [GREATER_THAN_OR_EQUALS]. Validation Type [POSITIVE]. @05-03-2022 18:17:21.0279 P

################################################################################################################################################
Starting Execution:	[27 out of 165] test cases in the current suite
Test Method:		[unitTests.tests_validations_assertions.assertComparativeRelation_greaterThanOrEquals_true_greaterThan_expectedToFail]
################################################################################################################################################
[ReportManager] Assertion [ValidateComparativeRelation] FAILED. Expected [2] and Actual [1]. Comparison Type [GREATER_THAN_OR_EQUALS]. Validation Type [POSITIVE]. @05-03-2022 18:17:21.0284 P

################################################################################################################################################
Starting Execution:	[28 out of 165] test cases in the current suite
Test Method:		[unitTests.tests_validations_assertions.assertComparativeRelation_greaterThanOrEquals_true_greaterThan_expectedToPass]
################################################################################################################################################
[ReportManager] Assertion [ValidateComparativeRelation] PASSED. Expected [1] and Actual [2]. Comparison Type [GREATER_THAN_OR_EQUALS]. Validation Type [POSITIVE]. @05-03-2022 18:17:21.0292 P
[ReportManager] File Action [GetAbsolutePath] successfully performed. With the following test data [Relative Folder Path: "target/downloadedFiles/"]. @05-03-2022 18:17:21.0316 PM
[ReportManager] Attempting to run locally on: [Mac-64], [Safari], Headless Execution. @05-03-2022 18:17:21.0316 PM
[ReportManager] Successfully Opened Safari. @05-03-2022 18:17:22.0213 PM
[ReportManager] Initial window size: (800, 600) @05-03-2022 18:17:22.0236 PM
[ReportManager] Window size after SWD Maximize: (1176, 803) @05-03-2022 18:17:22.0290 PM
[ReportManager] Browser Action [MaximizeWindow] successfully performed. With the following test data [New screen size is now: (1176, 803)]. @05-03-2022 18:17:22.0290 PM
[ReportManager] Target URL: [https://www.google.com/ncr], and after redirection: [www.google.com] @05-03-2022 18:17:22.0290 PM
[ReportManager] Initial URL: [] @05-03-2022 18:17:22.0350 PM
[ReportManager] Browser Action [NavigateToURL] successfully performed. With the following test data [https://www.google.com/ncr]. @05-03-2022 18:17:25.0436 P

################################################################################################################################################
Starting Execution:	[29 out of 165] test cases in the current suite
Test Method:		[unitTests.tests_validations_assertions.assertElementAttribute_false_caseInsensitiveComparison_expectedToFail]
################################################################################################################################################
[ReportManager] Element Action [Type] successfully performed. With the following test data [AUTOMATION]. @05-03-2022 18:17:25.0983 PM
[ReportManager] Element Action [GetText] successfully performed. With the following test data [AUTOMATION]. @05-03-2022 18:17:26.0216 PM
[ReportManager] Assertion [ValidateElementAttribute] FAILED. Expected [Value Should not be 'AutomaTion' for the 'text' attribute, element locator 'By.name: q'] and Actual [AUTOMATION]. Comparison Type [CASE_INSENSITIVE]. Validation Type [NEGATIVE]. @05-03-2022 18:17:26.0953 PM
[ReportManager] Successfully created attachment [Screenshot - 1646504246567_assertElementAttribute_false_caseInsensitiveComparison_expectedToFail_ValidateElementAttribute_failed] @05-03-2022 18:17:26.0960 P
[ReportManager] Browser Action [CloseCurrentWindow] successfully performed. @05-03-2022 18:17:27.0394 PM
[ReportManager] Successfully created attachment [Browser Action Test Data - CloseCurrentWindow - Actual Value] @05-03-2022 18:17:27.0396 P
[ReportManager] File Action [GetAbsolutePath] successfully performed. With the following test data [Relative Folder Path: "target/downloadedFiles/"]. @05-03-2022 18:17:27.0406 PM
[ReportManager] Attempting to run locally on: [Mac-64], [Safari], Headless Execution. @05-03-2022 18:17:27.0407 PM
[ReportManager] Successfully Opened Safari. @05-03-2022 18:17:28.0687 PM
[ReportManager] Initial window size: (800, 600) @05-03-2022 18:17:28.0728 PM
[ReportManager] Window size after SWD Maximize: (1176, 803) @05-03-2022 18:17:28.0796 PM
[ReportManager] Browser Action [MaximizeWindow] successfully performed. With the following test data [New screen size is now: (1176, 803)]. @05-03-2022 18:17:28.0796 PM
[ReportManager] Target URL: [https://www.google.com/ncr], and after redirection: [www.google.com] @05-03-2022 18:17:28.0796 PM
[ReportManager] Initial URL: [] @05-03-2022 18:17:28.0914 PM
[ReportManager] Browser Action [NavigateToURL] successfully performed. With the following test data [https://www.google.com/ncr]. @05-03-2022 18:17:32.0179 P

################################################################################################################################################
Starting Execution:	[30 out of 165] test cases in the current suite
Test Method:		[unitTests.tests_validations_assertions.assertElementAttribute_false_caseInsensitiveComparison_expectedToPass]
################################################################################################################################################
[ReportManager] Element Action [Type] successfully performed. With the following test data [AUTOMATION]. @05-03-2022 18:17:32.0785 PM
[ReportManager] Element Action [GetText] successfully performed. With the following test data [AUTOMATION]. @05-03-2022 18:17:32.0992 PM
[ReportManager] Assertion [ValidateElementAttribute] PASSED. Expected [Value Should not be 'AutomaTion123' for the 'text' attribute, element locator 'By.name: q'] and Actual [AUTOMATION]. Comparison Type [CASE_INSENSITIVE]. Validation Type [NEGATIVE]. @05-03-2022 18:17:33.0206 PM
[ReportManager] Successfully created attachment [Screenshot - 1646504253123_assertElementAttribute_false_caseInsensitiveComparison_expectedToPass_ValidateElementAttribute_passed] @05-03-2022 18:17:33.0208 P
[ReportManager] Browser Action [CloseCurrentWindow] successfully performed. @05-03-2022 18:17:33.0485 PM
[ReportManager] Successfully created attachment [Browser Action Test Data - CloseCurrentWindow - Actual Value] @05-03-2022 18:17:33.0486 P
[ReportManager] File Action [GetAbsolutePath] successfully performed. With the following test data [Relative Folder Path: "target/downloadedFiles/"]. @05-03-2022 18:17:33.0490 PM
[ReportManager] Attempting to run locally on: [Mac-64], [Safari], Headless Execution. @05-03-2022 18:17:33.0490 PM
[ReportManager] Successfully Opened Safari. @05-03-2022 18:17:34.0349 PM
[ReportManager] Initial window size: (800, 600) @05-03-2022 18:17:34.0366 PM
[ReportManager] Window size after SWD Maximize: (1176, 803) @05-03-2022 18:17:34.0387 PM
[ReportManager] Browser Action [MaximizeWindow] successfully performed. With the following test data [New screen size is now: (1176, 803)]. @05-03-2022 18:17:34.0387 PM
[ReportManager] Target URL: [https://www.google.com/ncr], and after redirection: [www.google.com] @05-03-2022 18:17:34.0387 PM
[ReportManager] Initial URL: [] @05-03-2022 18:17:34.0441 PM
[ReportManager] Browser Action [NavigateToURL] successfully performed. With the following test data [https://www.google.com/ncr]. @05-03-2022 18:17:37.0287 P

################################################################################################################################################
Starting Execution:	[31 out of 165] test cases in the current suite
Test Method:		[unitTests.tests_validations_assertions.assertElementAttribute_false_containsComparison_expectedToFail]
################################################################################################################################################
[ReportManager] Element Action [Type] successfully performed. With the following test data [Automation123]. @05-03-2022 18:17:37.0907 PM
[ReportManager] Element Action [GetText] successfully performed. With the following test data [Automation123]. @05-03-2022 18:17:38.0149 PM
[ReportManager] Assertion [ValidateElementAttribute] FAILED. Expected [Value Should not be 'Automation' for the 'text' attribute, element locator 'By.name: q'] and Actual [Automation123]. Comparison Type [CONTAINS]. Validation Type [NEGATIVE]. @05-03-2022 18:17:38.0513 PM
[ReportManager] Successfully created attachment [Screenshot - 1646504258324_assertElementAttribute_false_containsComparison_expectedToFail_ValidateElementAttribute_failed] @05-03-2022 18:17:38.0515 P
[ReportManager] Browser Action [CloseCurrentWindow] successfully performed. @05-03-2022 18:17:38.0622 PM
[ReportManager] Successfully created attachment [Browser Action Test Data - CloseCurrentWindow - Actual Value] @05-03-2022 18:17:38.0649 P
[ReportManager] File Action [GetAbsolutePath] successfully performed. With the following test data [Relative Folder Path: "target/downloadedFiles/"]. @05-03-2022 18:17:38.0654 PM
[ReportManager] Attempting to run locally on: [Mac-64], [Safari], Headless Execution. @05-03-2022 18:17:38.0655 PM
[ReportManager] Successfully Opened Safari. @05-03-2022 18:17:39.0522 PM
[ReportManager] Initial window size: (800, 600) @05-03-2022 18:17:39.0614 PM
[ReportManager] Window size after SWD Maximize: (1176, 803) @05-03-2022 18:17:39.0655 PM
[ReportManager] Browser Action [MaximizeWindow] successfully performed. With the following test data [New screen size is now: (1176, 803)]. @05-03-2022 18:17:39.0656 PM
[ReportManager] Target URL: [https://www.google.com/ncr], and after redirection: [www.google.com] @05-03-2022 18:17:39.0656 PM
[ReportManager] Initial URL: [] @05-03-2022 18:17:39.0752 PM
[ReportManager] Browser Action [NavigateToURL] successfully performed. With the following test data [https://www.google.com/ncr]. @05-03-2022 18:17:43.0088 P

################################################################################################################################################
Starting Execution:	[32 out of 165] test cases in the current suite
Test Method:		[unitTests.tests_validations_assertions.assertElementAttribute_false_containsComparison_expectedToPass]
################################################################################################################################################
[ReportManager] Element Action [Type] successfully performed. With the following test data [Automation123]. @05-03-2022 18:17:43.0478 PM
[ReportManager] Element Action [GetText] successfully performed. With the following test data [Automation123]. @05-03-2022 18:17:43.0570 PM
[ReportManager] Assertion [ValidateElementAttribute] PASSED. Expected [Value Should not be 'Automation1234' for the 'text' attribute, element locator 'By.name: q'] and Actual [Automation123]. Comparison Type [CONTAINS]. Validation Type [NEGATIVE]. @05-03-2022 18:17:43.0858 PM
[ReportManager] Successfully created attachment [Screenshot - 1646504263775_assertElementAttribute_false_containsComparison_expectedToPass_ValidateElementAttribute_passed] @05-03-2022 18:17:43.0859 P
[ReportManager] Browser Action [CloseCurrentWindow] successfully performed. @05-03-2022 18:17:44.0269 PM
[ReportManager] Successfully created attachment [Browser Action Test Data - CloseCurrentWindow - Actual Value] @05-03-2022 18:17:44.0270 P
[ReportManager] File Action [GetAbsolutePath] successfully performed. With the following test data [Relative Folder Path: "target/downloadedFiles/"]. @05-03-2022 18:17:44.0274 PM
[ReportManager] Attempting to run locally on: [Mac-64], [Safari], Headless Execution. @05-03-2022 18:17:44.0274 PM
[ReportManager] Successfully Opened Safari. @05-03-2022 18:17:45.0141 PM
[ReportManager] Initial window size: (800, 600) @05-03-2022 18:17:45.0170 PM
[ReportManager] Window size after SWD Maximize: (1176, 803) @05-03-2022 18:17:45.0202 PM
[ReportManager] Browser Action [MaximizeWindow] successfully performed. With the following test data [New screen size is now: (1176, 803)]. @05-03-2022 18:17:45.0202 PM
[ReportManager] Target URL: [https://www.google.com/ncr], and after redirection: [www.google.com] @05-03-2022 18:17:45.0202 PM
[ReportManager] Initial URL: [] @05-03-2022 18:17:45.0255 PM
[ReportManager] Browser Action [NavigateToURL] successfully performed. With the following test data [https://www.google.com/ncr]. @05-03-2022 18:17:48.0403 P

################################################################################################################################################
Starting Execution:	[33 out of 165] test cases in the current suite
Test Method:		[unitTests.tests_validations_assertions.assertElementAttribute_false_literalComparison_expectedToFail]
################################################################################################################################################
[ReportManager] Element Action [Type] successfully performed. With the following test data [Automation!@#$%^&*()_+{}[]\';/.,]. @05-03-2022 18:17:48.0950 PM
[ReportManager] Element Action [GetText] successfully performed. With the following test data [Automation!@#$%^&*()_+{}[]\';/.,]. @05-03-2022 18:17:49.0197 PM
[ReportManager] Assertion [ValidateElementAttribute] PASSED. Expected [Value Should not be 'Automation!@#$%^&*()_+{}[]\\';/.,' for the 'text' attribute, element locator 'By.name: q'] and Actual [Automation!@#$%^&*()_+{}[]\';/.,]. Comparison Type [EQUALS]. Validation Type [NEGATIVE]. @05-03-2022 18:17:49.0466 PM
[ReportManager] Successfully created attachment [Screenshot - 1646504269339_assertElementAttribute_false_literalComparison_expectedToFail_ValidateElementAttribute_passed] @05-03-2022 18:17:49.0469 P
[ReportManager] Browser Action [CloseCurrentWindow] successfully performed. @05-03-2022 18:17:49.0679 PM
[ReportManager] Successfully created attachment [Browser Action Test Data - CloseCurrentWindow - Actual Value] @05-03-2022 18:17:49.0680 P
[ReportManager] File Action [GetAbsolutePath] successfully performed. With the following test data [Relative Folder Path: "target/downloadedFiles/"]. @05-03-2022 18:17:49.0684 PM
[ReportManager] Attempting to run locally on: [Mac-64], [Safari], Headless Execution. @05-03-2022 18:17:49.0685 PM
[ReportManager] Successfully Opened Safari. @05-03-2022 18:17:50.0514 PM
[ReportManager] Initial window size: (800, 600) @05-03-2022 18:17:50.0534 PM
[ReportManager] Window size after SWD Maximize: (1176, 803) @05-03-2022 18:17:50.0550 PM
[ReportManager] Browser Action [MaximizeWindow] successfully performed. With the following test data [New screen size is now: (1176, 803)]. @05-03-2022 18:17:50.0550 PM
[ReportManager] Target URL: [https://www.google.com/ncr], and after redirection: [www.google.com] @05-03-2022 18:17:50.0550 PM
[ReportManager] Initial URL: [] @05-03-2022 18:17:50.0616 PM
[ReportManager] Browser Action [NavigateToURL] successfully performed. With the following test data [https://www.google.com/ncr]. @05-03-2022 18:17:54.0174 P

################################################################################################################################################
Starting Execution:	[34 out of 165] test cases in the current suite
Test Method:		[unitTests.tests_validations_assertions.assertElementAttribute_false_literalComparison_expectedToPass]
################################################################################################################################################
[ReportManager] Element Action [Type] successfully performed. With the following test data [Automation!@#$%^&*()_+{}[]\';/.,]. @05-03-2022 18:17:54.0638 PM
[ReportManager] Element Action [GetText] successfully performed. With the following test data [Automation!@#$%^&*()_+{}[]\';/.,]. @05-03-2022 18:17:54.0703 PM
[ReportManager] Assertion [ValidateElementAttribute] PASSED. Expected [Value Should not be 'Automation' for the 'text' attribute, element locator 'By.name: q'] and Actual [Automation!@#$%^&*()_+{}[]\';/.,]. Comparison Type [EQUALS]. Validation Type [NEGATIVE]. @05-03-2022 18:17:54.0923 PM
[ReportManager] Successfully created attachment [Screenshot - 1646504274852_assertElementAttribute_false_literalComparison_expectedToPass_ValidateElementAttribute_passed] @05-03-2022 18:17:54.0924 P
[ReportManager] Browser Action [CloseCurrentWindow] successfully performed. @05-03-2022 18:17:55.0260 PM
[ReportManager] Successfully created attachment [Browser Action Test Data - CloseCurrentWindow - Actual Value] @05-03-2022 18:17:55.0261 P
[ReportManager] File Action [GetAbsolutePath] successfully performed. With the following test data [Relative Folder Path: "target/downloadedFiles/"]. @05-03-2022 18:17:55.0265 PM
[ReportManager] Attempting to run locally on: [Mac-64], [Safari], Headless Execution. @05-03-2022 18:17:55.0265 PM
[ReportManager] Successfully Opened Safari. @05-03-2022 18:17:56.0363 PM
[ReportManager] Initial window size: (800, 600) @05-03-2022 18:17:56.0409 PM
[ReportManager] Window size after SWD Maximize: (1176, 803) @05-03-2022 18:17:56.0435 PM
[ReportManager] Browser Action [MaximizeWindow] successfully performed. With the following test data [New screen size is now: (1176, 803)]. @05-03-2022 18:17:56.0436 PM
[ReportManager] Target URL: [https://www.google.com/ncr], and after redirection: [www.google.com] @05-03-2022 18:17:56.0436 PM
[ReportManager] Initial URL: [] @05-03-2022 18:17:56.0498 PM
[ReportManager] Browser Action [NavigateToURL] successfully performed. With the following test data [https://www.google.com/ncr]. @05-03-2022 18:17:59.0550 P

################################################################################################################################################
Starting Execution:	[35 out of 165] test cases in the current suite
Test Method:		[unitTests.tests_validations_assertions.assertElementAttribute_false_regexComparison_expectedToFail]
################################################################################################################################################
[ReportManager] Element Action [Type] successfully performed. With the following test data [Automation123]. @05-03-2022 18:17:59.0887 PM
[ReportManager] Element Action [GetText] successfully performed. With the following test data [Automation123]. @05-03-2022 18:18:00.0055 PM
[ReportManager] Assertion [ValidateElementAttribute] FAILED. Expected [Value Should not be 'Automation.*' for the 'text' attribute, element locator 'By.name: q'] and Actual [Automation123]. Comparison Type [MATCHES]. Validation Type [NEGATIVE]. @05-03-2022 18:18:00.0242 PM
[ReportManager] Successfully created attachment [Screenshot - 1646504280144_assertElementAttribute_false_regexComparison_expectedToFail_ValidateElementAttribute_failed] @05-03-2022 18:18:00.0243 P
[ReportManager] Browser Action [CloseCurrentWindow] successfully performed. @05-03-2022 18:18:00.0470 PM
[ReportManager] Successfully created attachment [Browser Action Test Data - CloseCurrentWindow - Actual Value] @05-03-2022 18:18:00.0471 P
[ReportManager] File Action [GetAbsolutePath] successfully performed. With the following test data [Relative Folder Path: "target/downloadedFiles/"]. @05-03-2022 18:18:00.0474 PM
[ReportManager] Attempting to run locally on: [Mac-64], [Safari], Headless Execution. @05-03-2022 18:18:00.0475 PM
[ReportManager] Successfully Opened Safari. @05-03-2022 18:18:01.0384 PM
[ReportManager] Initial window size: (800, 600) @05-03-2022 18:18:01.0399 PM
[ReportManager] Window size after SWD Maximize: (1176, 803) @05-03-2022 18:18:01.0433 PM
[ReportManager] Browser Action [MaximizeWindow] successfully performed. With the following test data [New screen size is now: (1176, 803)]. @05-03-2022 18:18:01.0434 PM
[ReportManager] Target URL: [https://www.google.com/ncr], and after redirection: [www.google.com] @05-03-2022 18:18:01.0434 PM
[ReportManager] Initial URL: [] @05-03-2022 18:18:01.0481 PM
[ReportManager] Browser Action [NavigateToURL] successfully performed. With the following test data [https://www.google.com/ncr]. @05-03-2022 18:18:04.0545 P

################################################################################################################################################
Starting Execution:	[36 out of 165] test cases in the current suite
Test Method:		[unitTests.tests_validations_assertions.assertElementAttribute_false_regexComparison_expectedToPass]
################################################################################################################################################
[ReportManager] Element Action [Type] successfully performed. With the following test data [Automation123]. @05-03-2022 18:18:04.0801 PM
[ReportManager] Element Action [GetText] successfully performed. With the following test data [Automation123]. @05-03-2022 18:18:05.0075 PM
[ReportManager] Assertion [ValidateElementAttribute] PASSED. Expected [Value Should not be 'Automation' for the 'text' attribute, element locator 'By.name: q'] and Actual [Automation123]. Comparison Type [MATCHES]. Validation Type [NEGATIVE]. @05-03-2022 18:18:05.0246 PM
[ReportManager] Successfully created attachment [Screenshot - 1646504285177_assertElementAttribute_false_regexComparison_expectedToPass_ValidateElementAttribute_passed] @05-03-2022 18:18:05.0247 P
[ReportManager] Browser Action [CloseCurrentWindow] successfully performed. @05-03-2022 18:18:05.0640 PM
[ReportManager] Successfully created attachment [Browser Action Test Data - CloseCurrentWindow - Actual Value] @05-03-2022 18:18:05.0641 P
[ReportManager] File Action [GetAbsolutePath] successfully performed. With the following test data [Relative Folder Path: "target/downloadedFiles/"]. @05-03-2022 18:18:05.0644 PM
[ReportManager] Attempting to run locally on: [Mac-64], [Safari], Headless Execution. @05-03-2022 18:18:05.0644 PM
[ReportManager] Successfully Opened Safari. @05-03-2022 18:18:06.0488 PM
[ReportManager] Initial window size: (800, 600) @05-03-2022 18:18:06.0513 PM
[ReportManager] Window size after SWD Maximize: (1176, 803) @05-03-2022 18:18:06.0543 PM
[ReportManager] Browser Action [MaximizeWindow] successfully performed. With the following test data [New screen size is now: (1176, 803)]. @05-03-2022 18:18:06.0543 PM
[ReportManager] Target URL: [https://www.google.com/ncr], and after redirection: [www.google.com] @05-03-2022 18:18:06.0544 PM
[ReportManager] Initial URL: [] @05-03-2022 18:18:06.0586 PM
[ReportManager] Browser Action [NavigateToURL] successfully performed. With the following test data [https://www.google.com/ncr]. @05-03-2022 18:18:09.0736 P

################################################################################################################################################
Starting Execution:	[37 out of 165] test cases in the current suite
Test Method:		[unitTests.tests_validations_assertions.assertElementAttribute_true_caseInsensitiveComparison_expectedToFail]
################################################################################################################################################
[ReportManager] Element Action [Type] successfully performed. With the following test data [AUTOMATION]. @05-03-2022 18:18:10.0102 PM
[ReportManager] Element Action [GetText] successfully performed. With the following test data [AUTOMATION]. @05-03-2022 18:18:10.0160 PM
[ReportManager] Assertion [ValidateElementAttribute] FAILED. Expected [Value Should be 'AutomaTion123' for the 'text' attribute, element locator 'By.name: q'] and Actual [AUTOMATION]. Comparison Type [CASE_INSENSITIVE]. Validation Type [POSITIVE]. @05-03-2022 18:18:10.0469 PM
[ReportManager] Successfully created attachment [Screenshot - 1646504290398_assertElementAttribute_true_caseInsensitiveComparison_expectedToFail_ValidateElementAttribute_failed] @05-03-2022 18:18:10.0470 P
[ReportManager] Browser Action [CloseCurrentWindow] successfully performed. @05-03-2022 18:18:10.0705 PM
[ReportManager] Successfully created attachment [Browser Action Test Data - CloseCurrentWindow - Actual Value] @05-03-2022 18:18:10.0706 P
[ReportManager] File Action [GetAbsolutePath] successfully performed. With the following test data [Relative Folder Path: "target/downloadedFiles/"]. @05-03-2022 18:18:10.0709 PM
[ReportManager] Attempting to run locally on: [Mac-64], [Safari], Headless Execution. @05-03-2022 18:18:10.0709 PM
[ReportManager] Successfully Opened Safari. @05-03-2022 18:18:11.0558 PM
[ReportManager] Initial window size: (800, 600) @05-03-2022 18:18:11.0571 PM
[ReportManager] Window size after SWD Maximize: (1176, 803) @05-03-2022 18:18:11.0598 PM
[ReportManager] Browser Action [MaximizeWindow] successfully performed. With the following test data [New screen size is now: (1176, 803)]. @05-03-2022 18:18:11.0599 PM
[ReportManager] Target URL: [https://www.google.com/ncr], and after redirection: [www.google.com] @05-03-2022 18:18:11.0599 PM
[ReportManager] Initial URL: [] @05-03-2022 18:18:11.0642 PM
[ReportManager] Browser Action [NavigateToURL] successfully performed. With the following test data [https://www.google.com/ncr]. @05-03-2022 18:18:14.0798 P

################################################################################################################################################
Starting Execution:	[38 out of 165] test cases in the current suite
Test Method:		[unitTests.tests_validations_assertions.assertElementAttribute_true_caseInsensitiveComparison_expectedToPass]
################################################################################################################################################
[ReportManager] Element Action [Type] successfully performed. With the following test data [AUTOMATION]. @05-03-2022 18:18:15.0156 PM
[ReportManager] Element Action [GetText] successfully performed. With the following test data [AUTOMATION]. @05-03-2022 18:18:15.0219 PM
[ReportManager] Assertion [ValidateElementAttribute] PASSED. Expected [Value Should be 'AutomaTion' for the 'text' attribute, element locator 'By.name: q'] and Actual [AUTOMATION]. Comparison Type [CASE_INSENSITIVE]. Validation Type [POSITIVE]. @05-03-2022 18:18:15.0451 PM
[ReportManager] Successfully created attachment [Screenshot - 1646504295373_assertElementAttribute_true_caseInsensitiveComparison_expectedToPass_ValidateElementAttribute_passed] @05-03-2022 18:18:15.0456 P
[ReportManager] Browser Action [CloseCurrentWindow] successfully performed. @05-03-2022 18:18:15.0787 PM
[ReportManager] Successfully created attachment [Browser Action Test Data - CloseCurrentWindow - Actual Value] @05-03-2022 18:18:15.0788 P
[ReportManager] File Action [GetAbsolutePath] successfully performed. With the following test data [Relative Folder Path: "target/downloadedFiles/"]. @05-03-2022 18:18:15.0808 PM
[ReportManager] Attempting to run locally on: [Mac-64], [Safari], Headless Execution. @05-03-2022 18:18:15.0808 PM
[ReportManager] Successfully Opened Safari. @05-03-2022 18:18:16.0711 PM
[ReportManager] Initial window size: (800, 600) @05-03-2022 18:18:16.0740 PM
[ReportManager] Window size after SWD Maximize: (1176, 803) @05-03-2022 18:18:16.0765 PM
[ReportManager] Browser Action [MaximizeWindow] successfully performed. With the following test data [New screen size is now: (1176, 803)]. @05-03-2022 18:18:16.0766 PM
[ReportManager] Target URL: [https://www.google.com/ncr], and after redirection: [www.google.com] @05-03-2022 18:18:16.0766 PM
[ReportManager] Initial URL: [] @05-03-2022 18:18:16.0844 PM
[ReportManager] Browser Action [NavigateToURL] successfully performed. With the following test data [https://www.google.com/ncr]. @05-03-2022 18:18:20.0154 P

################################################################################################################################################
Starting Execution:	[39 out of 165] test cases in the current suite
Test Method:		[unitTests.tests_validations_assertions.assertElementAttribute_true_containsComparison_expectedToFail]
################################################################################################################################################
[ReportManager] Element Action [Type] successfully performed. With the following test data [Automation123]. @05-03-2022 18:18:20.0546 PM
[ReportManager] Element Action [GetText] successfully performed. With the following test data [Automation123]. @05-03-2022 18:18:20.0616 PM
[ReportManager] Assertion [ValidateElementAttribute] FAILED. Expected [Value Should be 'Automation1234' for the 'text' attribute, element locator 'By.name: q'] and Actual [Automation123]. Comparison Type [CONTAINS]. Validation Type [POSITIVE]. @05-03-2022 18:18:20.0945 PM
[ReportManager] Successfully created attachment [Screenshot - 1646504300793_assertElementAttribute_true_containsComparison_expectedToFail_ValidateElementAttribute_failed] @05-03-2022 18:18:20.0947 P
[ReportManager] Browser Action [CloseCurrentWindow] successfully performed. @05-03-2022 18:18:21.0336 PM
[ReportManager] Successfully created attachment [Browser Action Test Data - CloseCurrentWindow - Actual Value] @05-03-2022 18:18:21.0336 P
[ReportManager] File Action [GetAbsolutePath] successfully performed. With the following test data [Relative Folder Path: "target/downloadedFiles/"]. @05-03-2022 18:18:21.0340 PM
[ReportManager] Attempting to run locally on: [Mac-64], [Safari], Headless Execution. @05-03-2022 18:18:21.0340 PM
[ReportManager] An Exception Occured with this Message: Could not start a new session. Possible causes are invalid address of the remote server or browser start-up failure.. @05-03-2022 18:18:21.0484 PM
[ReportManager] Successfully created attachment [Exception Stack Trace - org.openqa.selenium.SessionNotCreatedException] @05-03-2022 18:18:21.0484 PM
[ReportManager] Driver Factory Action [createNewLocalDriverInstanceForSafari] failed. With the following test data [Failed to create a session on DESKTOP_SAFARI]. @05-03-2022 18:18:21.0485 P

################################################################################################################################################
Starting Execution:	[40 out of 165] test cases in the current suite
Test Method:		[unitTests.tests_validations_assertions.assertElementAttribute_true_containsComparison_expectedToPass]
###############################################################################################################################################



################################################################################################################################################
Starting Execution:	[41 out of 165] test cases in the current suite
Test Method:		[unitTests.tests_validations_assertions.assertElementAttribute_true_literalComparison_expectedToFail]
###############################################################################################################################################



################################################################################################################################################
Starting Execution:	[42 out of 165] test cases in the current suite
Test Method:		[unitTests.tests_validations_assertions.assertElementAttribute_true_literalComparison_expectedToPass]
###############################################################################################################################################



################################################################################################################################################
Starting Execution:	[43 out of 165] test cases in the current suite
Test Method:		[unitTests.tests_validations_assertions.assertElementAttribute_true_regexComparison_expectedToFail]
###############################################################################################################################################



################################################################################################################################################
Starting Execution:	[44 out of 165] test cases in the current suite
Test Method:		[unitTests.tests_validations_assertions.assertElementAttribute_true_regexComparison_expectedToPass]
###############################################################################################################################################



################################################################################################################################################
Starting Execution:	[45 out of 165] test cases in the current suite
Test Method:		[unitTests.tests_validations_assertions.assertElementAttribute_type_true_literalComparison_expectedToPass]
###############################################################################################################################################



################################################################################################################################################
Starting Execution:	[46 out of 165] test cases in the current suite
Test Method:		[unitTests.tests_validations_assertions.assertElementExists_false_expectedToFail]
###############################################################################################################################################



################################################################################################################################################
Starting Execution:	[47 out of 165] test cases in the current suite
Test Method:		[unitTests.tests_validations_assertions.assertElementExists_false_expectedToPass]
###############################################################################################################################################



################################################################################################################################################
Starting Execution:	[48 out of 165] test cases in the current suite
Test Method:		[unitTests.tests_validations_assertions.assertElementExists_false_multipleElementsFound_expectedToFail]
###############################################################################################################################################



################################################################################################################################################
Starting Execution:	[49 out of 165] test cases in the current suite
Test Method:		[unitTests.tests_validations_assertions.assertElementExists_true_expectedToFail]
###############################################################################################################################################



################################################################################################################################################
Starting Execution:	[50 out of 165] test cases in the current suite
Test Method:		[unitTests.tests_validations_assertions.assertElementExists_true_expectedToPass]
###############################################################################################################################################



################################################################################################################################################
Starting Execution:	[51 out of 165] test cases in the current suite
Test Method:		[unitTests.tests_validations_assertions.assertElementExists_true_multipleElementsFound_expectedToFail]
###############################################################################################################################################


################################################################################################################################################
Starting Execution:	[52 out of 165] test cases in the current suite
Test Method:		[unitTests.tests_validations_assertions.assertEquals_false_expectedToFail]
###############################################################################################################################################

################################################################################################################################################
Starting Execution:	[53 out of 165] test cases in the current suite
Test Method:		[unitTests.tests_validations_assertions.assertEquals_false_expectedToPass]
###############################################################################################################################################

################################################################################################################################################
Starting Execution:	[54 out of 165] test cases in the current suite
Test Method:		[unitTests.tests_validations_assertions.assertEquals_longCharacters]
###############################################################################################################################################

################################################################################################################################################
Starting Execution:	[55 out of 165] test cases in the current suite
Test Method:		[unitTests.tests_validations_assertions.assertEquals_longCharacters_Discreet]
###############################################################################################################################################

################################################################################################################################################
Starting Execution:	[56 out of 165] test cases in the current suite
Test Method:		[unitTests.tests_validations_assertions.assertEquals_true_expectedToFail]
###############################################################################################################################################

################################################################################################################################################
Starting Execution:	[57 out of 165] test cases in the current suite
Test Method:		[unitTests.tests_validations_assertions.assertEquals_true_expectedToPass]
Test Description:	[Assert that assertEquals works as expected when the two values are equal.]
###############################################################################################################################################

################################################################################################################################################
Starting Execution:	[58 out of 165] test cases in the current suite
Test Method:		[unitTests.tests_validations_assertions.assertEquals_true_expectedToPass__]
###############################################################################################################################################

################################################################################################################################################
Starting Execution:	[59 out of 165] test cases in the current suite
Test Method:		[unitTests.tests_validations_assertions.assertFileExists_false_expectedToFail]
###############################################################################################################################################

################################################################################################################################################
Starting Execution:	[60 out of 165] test cases in the current suite
Test Method:		[unitTests.tests_validations_assertions.assertFileExists_false_expectedToPass]
###############################################################################################################################################

################################################################################################################################################
Starting Execution:	[61 out of 165] test cases in the current suite
Test Method:		[unitTests.tests_validations_assertions.assertFileExists_true_expectedToFail]
###############################################################################################################################################

################################################################################################################################################
Starting Execution:	[62 out of 165] test cases in the current suite
Test Method:		[unitTests.tests_validations_assertions.assertFileExists_true_expectedToPass]
###############################################################################################################################################

################################################################################################################################################
Starting Execution:	[63 out of 165] test cases in the current suite
Test Method:		[unitTests.tests_validations_assertions.assertNull_false_expectedToFail]
###############################################################################################################################################

################################################################################################################################################
Starting Execution:	[64 out of 165] test cases in the current suite
Test Method:		[unitTests.tests_validations_assertions.assertNull_false_expectedToPass]
###############################################################################################################################################

################################################################################################################################################
Starting Execution:	[65 out of 165] test cases in the current suite
Test Method:		[unitTests.tests_validations_assertions.assertNull_true_expectedToFail]
###############################################################################################################################################

################################################################################################################################################
Starting Execution:	[66 out of 165] test cases in the current suite
Test Method:		[unitTests.tests_validations_assertions.assertNull_true_expectedToPass]
###############################################################################################################################################

################################################################################################################################################
Starting Execution:	[67 out of 165] test cases in the current suite
Test Method:		[unitTests.tests_restActions.getPostsAndAssertBodyForSpecificTitle]
################################################################################################################################################
[ReportManager] Response status code: [200], status line: [HTTP/1.1 200 OK] @05-03-2022 18:18:26.0287 PM
[ReportManager] Assertion Passed: Evaluating the actual response status code against the expected one... @05-03-2022 18:18:26.0288 PM
[ReportManager] Assertion [ValidateComparativeRelation] PASSED. Expected [200] and Actual [200]. Comparison Type [EQUALS]. Validation Type [POSITIVE]. @05-03-2022 18:18:26.0288 PM
[ReportManager] API Action [PerformRequest] successfully performed. With the following test data [Request Type: "GET" | Target Status Code: "200" | Service URL: "https://jsonplaceholder.typicode.com/posts" | Content Type: "*/*" | Response Time: "1025ms"]. @05-03-2022 18:18:27.0808 PM
[ReportManager] Successfully created attachment [API Request - Specifications] @05-03-2022 18:18:27.0808 PM
[ReportManager] Successfully created attachment [API Response - JSON Body] @05-03-2022 18:18:28.0289 PM
[ReportManager] API Action [GetResponseJSONValueAsList] successfully performed. @05-03-2022 18:18:28.0335 PM
[ReportManager] API Action [GetResponseJSONValue] successfully performed. With the following test data [title]. @05-03-2022 18:18:28.0376 PM
[ReportManager] API Action [GetResponseJSONValue] successfully performed. With the following test data [title]. @05-03-2022 18:18:28.0401 PM
[ReportManager] API Action [GetResponseJSONValue] successfully performed. With the following test data [body]. @05-03-2022 18:18:28.0488 PM
[ReportManager] Assertion [ValidateEquals] PASSED. Expected [qui neque nisi nulla] and Actual [est rerum tempore vitae
sequi sint nihil reprehenderit dolor beatae ea dolores neque
fugiat blanditiis voluptate porro vel nihil molestiae ut reiciendis
qui aperiam non debitis possimus qui neque nisi nulla]. Comparison Type [CONTAINS]. Validation Type [POSITIVE]. @05-03-2022 18:18:28.0488 PM
[ReportManager] API Action [GetResponseJSONValue] successfully performed. With the following test data [title]. @05-03-2022 18:18:28.0524 PM
[ReportManager] API Action [GetResponseJSONValue] successfully performed. With the following test data [title]. @05-03-2022 18:18:28.0547 PM
[ReportManager] API Action [GetResponseJSONValue] successfully performed. With the following test data [title]. @05-03-2022 18:18:28.0571 PM
[ReportManager] API Action [GetResponseJSONValue] successfully performed. With the following test data [title]. @05-03-2022 18:18:28.0596 PM
[ReportManager] API Action [GetResponseJSONValue] successfully performed. With the following test data [title]. @05-03-2022 18:18:28.0621 PM
[ReportManager] API Action [GetResponseJSONValue] successfully performed. With the following test data [title]. @05-03-2022 18:18:28.0651 PM
[ReportManager] API Action [GetResponseJSONValue] successfully performed. With the following test data [title]. @05-03-2022 18:18:28.0671 PM
[ReportManager] API Action [GetResponseJSONValue] successfully performed. With the following test data [title]. @05-03-2022 18:18:28.0688 PM
[ReportManager] API Action [GetResponseJSONValue] successfully performed. With the following test data [title]. @05-03-2022 18:18:28.0705 PM
[ReportManager] API Action [GetResponseJSONValue] successfully performed. With the following test data [title]. @05-03-2022 18:18:28.0720 PM
[ReportManager] API Action [GetResponseJSONValue] successfully performed. With the following test data [title]. @05-03-2022 18:18:28.0739 PM
[ReportManager] API Action [GetResponseJSONValue] successfully performed. With the following test data [title]. @05-03-2022 18:18:28.0770 PM
[ReportManager] API Action [GetResponseJSONValue] successfully performed. With the following test data [title]. @05-03-2022 18:18:28.0789 PM
[ReportManager] API Action [GetResponseJSONValue] successfully performed. With the following test data [title]. @05-03-2022 18:18:28.0804 PM
[ReportManager] API Action [GetResponseJSONValue] successfully performed. With the following test data [title]. @05-03-2022 18:18:28.0820 PM
[ReportManager] API Action [GetResponseJSONValue] successfully performed. With the following test data [title]. @05-03-2022 18:18:28.0844 PM
[ReportManager] API Action [GetResponseJSONValue] successfully performed. With the following test data [title]. @05-03-2022 18:18:28.0923 PM
[ReportManager] API Action [GetResponseJSONValue] successfully performed. With the following test data [title]. @05-03-2022 18:18:28.0942 PM
[ReportManager] API Action [GetResponseJSONValue] successfully performed. With the following test data [title]. @05-03-2022 18:18:28.0972 PM
[ReportManager] API Action [GetResponseJSONValue] successfully performed. With the following test data [title]. @05-03-2022 18:18:29.0009 PM
[ReportManager] API Action [GetResponseJSONValue] successfully performed. With the following test data [title]. @05-03-2022 18:18:29.0034 PM
[ReportManager] API Action [GetResponseJSONValue] successfully performed. With the following test data [title]. @05-03-2022 18:18:29.0061 PM
[ReportManager] API Action [GetResponseJSONValue] successfully performed. With the following test data [title]. @05-03-2022 18:18:29.0079 PM
[ReportManager] API Action [GetResponseJSONValue] successfully performed. With the following test data [title]. @05-03-2022 18:18:29.0105 PM
[ReportManager] API Action [GetResponseJSONValue] successfully performed. With the following test data [title]. @05-03-2022 18:18:29.0126 PM
[ReportManager] API Action [GetResponseJSONValue] successfully performed. With the following test data [title]. @05-03-2022 18:18:29.0149 PM
[ReportManager] API Action [GetResponseJSONValue] successfully performed. With the following test data [title]. @05-03-2022 18:18:29.0179 PM
[ReportManager] API Action [GetResponseJSONValue] successfully performed. With the following test data [title]. @05-03-2022 18:18:29.0204 PM
[ReportManager] API Action [GetResponseJSONValue] successfully performed. With the following test data [title]. @05-03-2022 18:18:29.0225 PM
[ReportManager] API Action [GetResponseJSONValue] successfully performed. With the following test data [title]. @05-03-2022 18:18:29.0248 PM
[ReportManager] API Action [GetResponseJSONValue] successfully performed. With the following test data [title]. @05-03-2022 18:18:29.0267 PM
[ReportManager] API Action [GetResponseJSONValue] successfully performed. With the following test data [title]. @05-03-2022 18:18:29.0283 PM
[ReportManager] API Action [GetResponseJSONValue] successfully performed. With the following test data [title]. @05-03-2022 18:18:29.0327 PM
[ReportManager] API Action [GetResponseJSONValue] successfully performed. With the following test data [title]. @05-03-2022 18:18:29.0345 PM
[ReportManager] API Action [GetResponseJSONValue] successfully performed. With the following test data [title]. @05-03-2022 18:18:29.0358 PM
[ReportManager] API Action [GetResponseJSONValue] successfully performed. With the following test data [title]. @05-03-2022 18:18:29.0375 PM
[ReportManager] API Action [GetResponseJSONValue] successfully performed. With the following test data [title]. @05-03-2022 18:18:29.0405 PM
[ReportManager] API Action [GetResponseJSONValue] successfully performed. With the following test data [title]. @05-03-2022 18:18:29.0423 PM
[ReportManager] API Action [GetResponseJSONValue] successfully performed. With the following test data [title]. @05-03-2022 18:18:29.0440 PM
[ReportManager] API Action [GetResponseJSONValue] successfully performed. With the following test data [title]. @05-03-2022 18:18:29.0456 PM
[ReportManager] API Action [GetResponseJSONValue] successfully performed. With the following test data [title]. @05-03-2022 18:18:29.0475 PM
[ReportManager] API Action [GetResponseJSONValue] successfully performed. With the following test data [title]. @05-03-2022 18:18:29.0491 PM
[ReportManager] API Action [GetResponseJSONValue] successfully performed. With the following test data [title]. @05-03-2022 18:18:29.0511 PM
[ReportManager] API Action [GetResponseJSONValue] successfully performed. With the following test data [title]. @05-03-2022 18:18:29.0532 PM
[ReportManager] API Action [GetResponseJSONValue] successfully performed. With the following test data [title]. @05-03-2022 18:18:29.0605 PM
[ReportManager] API Action [GetResponseJSONValue] successfully performed. With the following test data [title]. @05-03-2022 18:18:29.0634 PM
[ReportManager] API Action [GetResponseJSONValue] successfully performed. With the following test data [title]. @05-03-2022 18:18:29.0658 PM
[ReportManager] API Action [GetResponseJSONValue] successfully performed. With the following test data [title]. @05-03-2022 18:18:29.0696 PM
[ReportManager] API Action [GetResponseJSONValue] successfully performed. With the following test data [title]. @05-03-2022 18:18:29.0716 PM
[ReportManager] API Action [GetResponseJSONValue] successfully performed. With the following test data [title]. @05-03-2022 18:18:29.0738 PM
[ReportManager] API Action [GetResponseJSONValue] successfully performed. With the following test data [title]. @05-03-2022 18:18:29.0759 PM
[ReportManager] API Action [GetResponseJSONValue] successfully performed. With the following test data [title]. @05-03-2022 18:18:29.0782 PM
[ReportManager] API Action [GetResponseJSONValue] successfully performed. With the following test data [title]. @05-03-2022 18:18:29.0806 PM
[ReportManager] API Action [GetResponseJSONValue] successfully performed. With the following test data [title]. @05-03-2022 18:18:29.0860 PM
[ReportManager] API Action [GetResponseJSONValue] successfully performed. With the following test data [title]. @05-03-2022 18:18:29.0879 PM
[ReportManager] API Action [GetResponseJSONValue] successfully performed. With the following test data [title]. @05-03-2022 18:18:29.0900 PM
[ReportManager] API Action [GetResponseJSONValue] successfully performed. With the following test data [title]. @05-03-2022 18:18:29.0926 PM
[ReportManager] API Action [GetResponseJSONValue] successfully performed. With the following test data [title]. @05-03-2022 18:18:29.0941 PM
[ReportManager] API Action [GetResponseJSONValue] successfully performed. With the following test data [title]. @05-03-2022 18:18:29.0959 PM
[ReportManager] API Action [GetResponseJSONValue] successfully performed. With the following test data [title]. @05-03-2022 18:18:30.0017 PM
[ReportManager] API Action [GetResponseJSONValue] successfully performed. With the following test data [title]. @05-03-2022 18:18:30.0042 PM
[ReportManager] API Action [GetResponseJSONValue] successfully performed. With the following test data [title]. @05-03-2022 18:18:30.0068 PM
[ReportManager] API Action [GetResponseJSONValue] successfully performed. With the following test data [title]. @05-03-2022 18:18:30.0084 PM
[ReportManager] API Action [GetResponseJSONValue] successfully performed. With the following test data [title]. @05-03-2022 18:18:30.0100 PM
[ReportManager] API Action [GetResponseJSONValue] successfully performed. With the following test data [title]. @05-03-2022 18:18:30.0123 PM
[ReportManager] API Action [GetResponseJSONValue] successfully performed. With the following test data [title]. @05-03-2022 18:18:30.0142 PM
[ReportManager] API Action [GetResponseJSONValue] successfully performed. With the following test data [title]. @05-03-2022 18:18:30.0160 PM
[ReportManager] API Action [GetResponseJSONValue] successfully performed. With the following test data [title]. @05-03-2022 18:18:30.0322 PM
[ReportManager] API Action [GetResponseJSONValue] successfully performed. With the following test data [title]. @05-03-2022 18:18:30.0384 PM
[ReportManager] API Action [GetResponseJSONValue] successfully performed. With the following test data [title]. @05-03-2022 18:18:30.0417 PM
[ReportManager] API Action [GetResponseJSONValue] successfully performed. With the following test data [title]. @05-03-2022 18:18:30.0429 PM
[ReportManager] API Action [GetResponseJSONValue] successfully performed. With the following test data [title]. @05-03-2022 18:18:30.0467 PM
[ReportManager] API Action [GetResponseJSONValue] successfully performed. With the following test data [title]. @05-03-2022 18:18:30.0502 PM
[ReportManager] API Action [GetResponseJSONValue] successfully performed. With the following test data [title]. @05-03-2022 18:18:30.0529 PM
[ReportManager] API Action [GetResponseJSONValue] successfully performed. With the following test data [title]. @05-03-2022 18:18:30.0548 PM
[ReportManager] API Action [GetResponseJSONValue] successfully performed. With the following test data [title]. @05-03-2022 18:18:30.0567 PM
[ReportManager] API Action [GetResponseJSONValue] successfully performed. With the following test data [title]. @05-03-2022 18:18:30.0588 PM
[ReportManager] API Action [GetResponseJSONValue] successfully performed. With the following test data [title]. @05-03-2022 18:18:30.0607 PM
[ReportManager] API Action [GetResponseJSONValue] successfully performed. With the following test data [title]. @05-03-2022 18:18:30.0622 PM
[ReportManager] API Action [GetResponseJSONValue] successfully performed. With the following test data [title]. @05-03-2022 18:18:30.0638 PM
[ReportManager] API Action [GetResponseJSONValue] successfully performed. With the following test data [title]. @05-03-2022 18:18:30.0654 PM
[ReportManager] API Action [GetResponseJSONValue] successfully performed. With the following test data [title]. @05-03-2022 18:18:30.0682 PM
[ReportManager] API Action [GetResponseJSONValue] successfully performed. With the following test data [title]. @05-03-2022 18:18:30.0727 PM
[ReportManager] API Action [GetResponseJSONValue] successfully performed. With the following test data [title]. @05-03-2022 18:18:30.0756 PM
[ReportManager] API Action [GetResponseJSONValue] successfully performed. With the following test data [title]. @05-03-2022 18:18:30.0785 PM
[ReportManager] API Action [GetResponseJSONValue] successfully performed. With the following test data [title]. @05-03-2022 18:18:30.0803 PM
[ReportManager] API Action [GetResponseJSONValue] successfully performed. With the following test data [title]. @05-03-2022 18:18:30.0821 PM
[ReportManager] API Action [GetResponseJSONValue] successfully performed. With the following test data [title]. @05-03-2022 18:18:30.0838 PM
[ReportManager] API Action [GetResponseJSONValue] successfully performed. With the following test data [title]. @05-03-2022 18:18:30.0854 PM
[ReportManager] API Action [GetResponseJSONValue] successfully performed. With the following test data [title]. @05-03-2022 18:18:30.0877 PM
[ReportManager] API Action [GetResponseJSONValue] successfully performed. With the following test data [title]. @05-03-2022 18:18:30.0894 PM
[ReportManager] API Action [GetResponseJSONValue] successfully performed. With the following test data [title]. @05-03-2022 18:18:30.0908 PM
[ReportManager] API Action [GetResponseJSONValue] successfully performed. With the following test data [title]. @05-03-2022 18:18:30.0924 PM
[ReportManager] API Action [GetResponseJSONValue] successfully performed. With the following test data [title]. @05-03-2022 18:18:30.0935 PM
[ReportManager] API Action [GetResponseJSONValue] successfully performed. With the following test data [title]. @05-03-2022 18:18:30.0945 PM
[ReportManager] API Action [GetResponseJSONValue] successfully performed. With the following test data [title]. @05-03-2022 18:18:30.0956 PM
[ReportManager] API Action [GetResponseJSONValue] successfully performed. With the following test data [title]. @05-03-2022 18:18:30.0967 PM
[ReportManager] API Action [GetResponseJSONValue] successfully performed. With the following test data [title]. @05-03-2022 18:18:30.0980 P

################################################################################################################################################
Starting Execution:	[68 out of 165] test cases in the current suite
Test Method:		[unitTests.tests_restActions.validateUserEmail]
################################################################################################################################################
[ReportManager] Response status code: [200], status line: [HTTP/1.1 200 OK] @05-03-2022 18:18:31.0077 PM
[ReportManager] Assertion Passed: Evaluating the actual response status code against the expected one... @05-03-2022 18:18:31.0078 PM
[ReportManager] Assertion [ValidateComparativeRelation] PASSED. Expected [200] and Actual [200]. Comparison Type [EQUALS]. Validation Type [POSITIVE]. @05-03-2022 18:18:31.0078 PM
[ReportManager] API Action [PerformRequest] successfully performed. With the following test data [Request Type: "GET" | Target Status Code: "200" | Service URL: "https://jsonplaceholder.typicode.com/users" | Content Type: "*/*" | Response Time: "82ms"]. @05-03-2022 18:18:31.0307 PM
[ReportManager] Successfully created attachment [API Request - Specifications] @05-03-2022 18:18:31.0308 PM
[ReportManager] Successfully created attachment [API Response - JSON Body] @05-03-2022 18:18:31.0308 PM
[ReportManager] Assertion [ValidateEquals] PASSED. Expected and Actual values are attached. Comparison Type [CONTAINS]. Validation Type [POSITIVE]. @05-03-2022 18:18:31.0309 PM
[ReportManager] Successfully created attachment [Validation Test Data - Expected Value] @05-03-2022 18:18:31.0309 PM
[ReportManager] Successfully created attachment [Validation Test Data - Actual Value] @05-03-2022 18:18:31.0310 PM
[ReportManager] API Action [GetResponseJSONValueAsList] successfully performed. With the following test data [$]. @05-03-2022 18:18:31.0316 PM
[ReportManager] API Action [GetResponseJSONValue] successfully performed. With the following test data [name]. @05-03-2022 18:18:31.0331 PM
[ReportManager] API Action [GetResponseJSONValue] successfully performed. With the following test data [email]. @05-03-2022 18:18:31.0351 PM
[ReportManager] Assertion [ValidateEquals] PASSED. Expected [Sincere@april.biz] and Actual [Sincere@april.biz]. Comparison Type [EQUALS]. Validation Type [POSITIVE]. @05-03-2022 18:18:31.0352 PM
[ReportManager] API Action [GetResponseJSONValue] successfully performed. With the following test data [name]. @05-03-2022 18:18:31.0367 PM
[ReportManager] API Action [GetResponseJSONValue] successfully performed. With the following test data [name]. @05-03-2022 18:18:31.0390 PM
[ReportManager] API Action [GetResponseJSONValue] successfully performed. With the following test data [name]. @05-03-2022 18:18:31.0405 PM
[ReportManager] API Action [GetResponseJSONValue] successfully performed. With the following test data [name]. @05-03-2022 18:18:31.0543 PM
[ReportManager] API Action [GetResponseJSONValue] successfully performed. With the following test data [name]. @05-03-2022 18:18:31.0558 PM
[ReportManager] API Action [GetResponseJSONValue] successfully performed. With the following test data [name]. @05-03-2022 18:18:31.0571 PM
[ReportManager] API Action [GetResponseJSONValue] successfully performed. With the following test data [name]. @05-03-2022 18:18:31.0582 PM
[ReportManager] API Action [GetResponseJSONValue] successfully performed. With the following test data [name]. @05-03-2022 18:18:31.0596 PM
[ReportManager] API Action [GetResponseJSONValue] successfully performed. With the following test data [name]. @05-03-2022 18:18:31.0607 P
[ReportManager] File Action [GetAbsolutePath] successfully performed. With the following test data [Relative Folder Path: "target/downloadedFiles/"]. @05-03-2022 18:18:31.0610 PM
[ReportManager] Attempting to run locally on: [Mac-64], [Safari], Headless Execution. @05-03-2022 18:18:31.0610 PM
[ReportManager] An Exception Occured with this Message: Could not start a new session. Possible causes are invalid address of the remote server or browser start-up failure.. @05-03-2022 18:18:31.0814 PM
[ReportManager] Successfully created attachment [Exception Stack Trace - org.openqa.selenium.SessionNotCreatedException] @05-03-2022 18:18:31.0815 PM
[ReportManager] Driver Factory Action [createNewLocalDriverInstanceForSafari] failed. With the following test data [Failed to create a session on DESKTOP_SAFARI]. @05-03-2022 18:18:31.0815 P

################################################################################################################################################
Starting Execution:	[69 out of 165] test cases in the current suite
Test Method:		[testPackage01.Test_uploadFile.uploadFile_invisibleUploadInput]
###############################################################################################################################################



################################################################################################################################################
Starting Execution:	[70 out of 165] test cases in the current suite
Test Method:		[testPackage01.Test_uploadFile.uploadFile_visibleUploadInput]
###############################################################################################################################################


################################################################################################################################################
Starting Execution:	[71 out of 165] test cases in the current suite
Test Method:		[testPackage01.Test_AssertApiResponseEquals.assertApiResponseEquals_expectedToPass]
################################################################################################################################################
[ReportManager] Response status code: [200], status line: [HTTP/1.1 200 OK] @05-03-2022 18:18:32.0128 PM
[ReportManager] Assertion Passed: Evaluating the actual response status code against the expected one... @05-03-2022 18:18:32.0128 PM
[ReportManager] Assertion [ValidateComparativeRelation] PASSED. Expected [200] and Actual [200]. Comparison Type [EQUALS]. Validation Type [POSITIVE]. @05-03-2022 18:18:32.0128 PM
[ReportManager] API Action [PerformRequest] successfully performed. With the following test data [Request Type: "GET" | Target Status Code: "200" | Service URL: "https://jsonplaceholder.typicode.com/users" | Content Type: "*/*" | Response Time: "49ms"]. @05-03-2022 18:18:32.0148 PM
[ReportManager] Successfully created attachment [API Request - Specifications] @05-03-2022 18:18:32.0148 PM
[ReportManager] Successfully created attachment [API Response - JSON Body] @05-03-2022 18:18:32.0149 PM
[ReportManager] API Action [GetResponseJSONValueAsList] successfully performed. With the following test data [$]. @05-03-2022 18:18:32.0155 PM
[ReportManager] API Action [GetResponseJSONValue] successfully performed. With the following test data [name]. @05-03-2022 18:18:32.0167 PM
[ReportManager] API Action [GetResponseJSONValue] successfully performed. With the following test data [email]. @05-03-2022 18:18:32.0180 PM
[ReportManager] Verification [ValidateEquals] PASSED. Expected [Sincere@april.biz] and Actual [Sincere@april.biz]. Comparison Type [EQUALS]. Validation Type [POSITIVE]. @05-03-2022 18:18:32.0181 PM
[ReportManager] API Action [GetResponseJSONValue] successfully performed. With the following test data [username]. @05-03-2022 18:18:32.0192 PM
[ReportManager] Assertion [ValidateEquals] PASSED. Expected [Bret] and Actual [Bret]. Comparison Type [EQUALS]. Validation Type [POSITIVE]. @05-03-2022 18:18:32.0192 PM
[ReportManager] API Action [GetResponseJSONValue] successfully performed. With the following test data [name]. @05-03-2022 18:18:32.0203 PM
[ReportManager] API Action [GetResponseJSONValue] successfully performed. With the following test data [name]. @05-03-2022 18:18:32.0213 PM
[ReportManager] API Action [GetResponseJSONValue] successfully performed. With the following test data [name]. @05-03-2022 18:18:32.0224 PM
[ReportManager] API Action [GetResponseJSONValue] successfully performed. With the following test data [name]. @05-03-2022 18:18:32.0234 PM
[ReportManager] API Action [GetResponseJSONValue] successfully performed. With the following test data [name]. @05-03-2022 18:18:32.0245 PM
[ReportManager] API Action [GetResponseJSONValue] successfully performed. With the following test data [name]. @05-03-2022 18:18:32.0256 PM
[ReportManager] API Action [GetResponseJSONValue] successfully performed. With the following test data [name]. @05-03-2022 18:18:32.0266 PM
[ReportManager] API Action [GetResponseJSONValue] successfully performed. With the following test data [name]. @05-03-2022 18:18:32.0278 PM
[ReportManager] API Action [GetResponseJSONValue] successfully performed. With the following test data [name]. @05-03-2022 18:18:32.0289 P
[ReportManager] File Action [GetAbsolutePath] successfully performed. With the following test data [Relative Folder Path: "target/downloadedFiles/"]. @05-03-2022 18:18:32.0292 PM
[ReportManager] Attempting to run locally on: [Mac-64], [Safari], Headless Execution. @05-03-2022 18:18:32.0292 PM
[ReportManager] An Exception Occured with this Message: Could not start a new session. Possible causes are invalid address of the remote server or browser start-up failure.. @05-03-2022 18:18:32.0315 PM
[ReportManager] Successfully created attachment [Exception Stack Trace - org.openqa.selenium.SessionNotCreatedException] @05-03-2022 18:18:32.0315 PM
[ReportManager] Driver Factory Action [createNewLocalDriverInstanceForSafari] failed. With the following test data [Failed to create a session on DESKTOP_SAFARI]. @05-03-2022 18:18:32.0315 P

################################################################################################################################################
Starting Execution:	[72 out of 165] test cases in the current suite
Test Method:		[testPackage01.TestJSPromptBox.dismissAlert]
###############################################################################################################################################

################################################################################################################################################
Starting Execution:	[73 out of 165] test cases in the current suite
Test Method:		[testPackage01.TestJSPromptBox.assertOnCancelAlertResultText]
###############################################################################################################################################

################################################################################################################################################
Starting Execution:	[74 out of 165] test cases in the current suite
Test Method:		[testPackage01.TestJSPromptBox.getAlertText]
###############################################################################################################################################

################################################################################################################################################
Starting Execution:	[75 out of 165] test cases in the current suite
Test Method:		[testPackage01.TestJSPromptBox.acceptPromptAlertWithoutTypingTextMessage]
###############################################################################################################################################

################################################################################################################################################
Starting Execution:	[76 out of 165] test cases in the current suite
Test Method:		[testPackage01.TestJSPromptBox.assertOnConfirmPromptAlertWithoutTypingTextMessageResultText]
###############################################################################################################################################

################################################################################################################################################
Starting Execution:	[77 out of 165] test cases in the current suite
Test Method:		[testPackage01.TestJSPromptBox.acceptPromptAlertWithTextMessage]
###############################################################################################################################################

################################################################################################################################################
Starting Execution:	[78 out of 165] test cases in the current suite
Test Method:		[testPackage01.TestJSPromptBox.assertOnConfirmPromptAlertWithTextMessageResultText]
###############################################################################################################################################


################################################################################################################################################
Starting Execution:	[79 out of 165] test cases in the current suite
Test Method:		[testPackage01.Test_testData.f]
################################################################################################################################################
[ReportManager] Successfully loaded the following test data file [src/test/resources/testDataFiles/testSuite01/TestData.xlsx]. @05-03-2022 18:18:32.0467 PM
[ReportManager] Successfully created attachment [Test Data - Excel] @05-03-2022 18:18:32.0468 PM
[ReportManager] Last Column Number is: [3]. Zero-based. @05-03-2022 18:18:32.0468 P

################################################################################################################################################
Starting Execution:	[80 out of 165] test cases in the current suite
Test Method:		[testPackage01.Test_PDF.testPDF1]
################################################################################################################################################
[ReportManager] File Action [DoesFileExist] successfully performed. With the following test data [File Path: "src/test/resources/testDataFiles/sample.pdf"]. @05-03-2022 18:18:32.0488 PM
[ReportManager] File Action [GetAbsolutePath] successfully performed. With the following test data [Relative Folder Path: "src/test/resources/testDataFiles/sample.pdf"]. @05-03-2022 18:18:32.0489 PM
[ReportManager] Assertion Passed: Checking to see that the pdf file contains [A Simple PDF File] @05-03-2022 18:18:37.0305 PM
[ReportManager] Successfully created attachment [Validation Test Data - Expected Value] @05-03-2022 18:18:37.0306 PM
[ReportManager] Successfully created attachment [Validation Test Data - Actual Value] @05-03-2022 18:18:37.0306 PM
[ReportManager] Assertion [ValidateEquals] PASSED. Expected and Actual values are attached. Comparison Type [CONTAINS]. Validation Type [POSITIVE]. @05-03-2022 18:18:37.0306 P

################################################################################################################################################
Starting Execution:	[81 out of 165] test cases in the current suite
Test Method:		[testPackage01.Test_PDF.testPDF2]
################################################################################################################################################
[ReportManager] File Action [DoesFileExist] successfully performed. With the following test data [File Path: "src/test/resources/testDataFiles/sample.pdf"]. @05-03-2022 18:18:37.0447 PM
[ReportManager] File Action [GetAbsolutePath] successfully performed. With the following test data [Relative Folder Path: "src/test/resources/testDataFiles/sample.pdf"]. @05-03-2022 18:18:37.0447 PM
[ReportManager] Assertion Passed: Checking to see that the pdf file contains [A Simple PDF File] @05-03-2022 18:18:37.0464 PM
[ReportManager] Successfully created attachment [Validation Test Data - Expected Value] @05-03-2022 18:18:37.0465 PM
[ReportManager] Successfully created attachment [Validation Test Data - Actual Value] @05-03-2022 18:18:37.0465 PM
[ReportManager] Assertion [ValidateEquals] PASSED. Expected and Actual values are attached. Comparison Type [CONTAINS]. Validation Type [POSITIVE]. @05-03-2022 18:18:37.0465 P
[ReportManager] File Action [GetAbsolutePath] successfully performed. With the following test data [Relative Folder Path: "target/downloadedFiles/"]. @05-03-2022 18:18:37.0468 PM
[ReportManager] Attempting to run locally on: [Mac-64], [Safari], Headless Execution. @05-03-2022 18:18:37.0468 PM
[ReportManager] Successfully Opened Safari. @05-03-2022 18:18:38.0993 PM
[ReportManager] Initial window size: (800, 600) @05-03-2022 18:18:39.0006 PM
[ReportManager] Window size after SWD Maximize: (1176, 803) @05-03-2022 18:18:39.0043 PM
[ReportManager] Browser Action [MaximizeWindow] successfully performed. With the following test data [New screen size is now: (1176, 803)]. @05-03-2022 18:18:39.0043 P

################################################################################################################################################
Starting Execution:	[82 out of 165] test cases in the current suite
Test Method:		[testPackage01.Test_ShadowDOM.shadowdom]
################################################################################################################################################
[ReportManager] Target URL: [https://mdn.github.io/web-components-examples/popup-info-box-web-component/] @05-03-2022 18:18:39.0046 PM
[ReportManager] Initial URL: [] @05-03-2022 18:18:39.0097 PM
[ReportManager] Browser Action [NavigateToURL] successfully performed. With the following test data [https://mdn.github.io/web-components-examples/popup-info-box-web-component/]. @05-03-2022 18:18:39.0673 PM
[ReportManager] Element Action [Type] successfully performed. With the following test data [Typing into SHADOW DOM...]. @05-03-2022 18:18:40.0438 PM
[ReportManager] Element Action [GetText] successfully performed. With the following test data [Typing into SHADOW DOM...]. @05-03-2022 18:18:40.0550 PM
[ReportManager] Assertion [ValidateElementAttribute] PASSED. Expected [Value Should be 'Typing into SHADOW DOM...' for the 'Text' attribute, element locator 'By.id: cvc'] and Actual [Typing into SHADOW DOM...]. Comparison Type [EQUALS]. Validation Type [POSITIVE]. @05-03-2022 18:18:40.0850 PM
[ReportManager] Successfully created attachment [Screenshot - 1646504320672_shadowdom_ValidateElementAttribute_passed] @05-03-2022 18:18:40.0851 P
[ReportManager] Browser Action [CloseCurrentWindow] successfully performed. @05-03-2022 18:18:41.0249 PM
[ReportManager] Successfully created attachment [Browser Action Test Data - CloseCurrentWindow - Actual Value] @05-03-2022 18:18:41.0250 P
[ReportManager] File Action [GetAbsolutePath] successfully performed. With the following test data [Relative Folder Path: "target/downloadedFiles/"]. @05-03-2022 18:18:41.0252 PM
[ReportManager] Attempting to run locally on: [Mac-64], [Safari], Headless Execution. @05-03-2022 18:18:41.0252 PM
[ReportManager] Successfully Opened Safari. @05-03-2022 18:18:42.0072 PM
[ReportManager] Initial window size: (800, 600) @05-03-2022 18:18:42.0096 PM
[ReportManager] Window size after SWD Maximize: (1176, 803) @05-03-2022 18:18:42.0110 PM
[ReportManager] Browser Action [MaximizeWindow] successfully performed. With the following test data [New screen size is now: (1176, 803)]. @05-03-2022 18:18:42.0111 P

################################################################################################################################################
Starting Execution:	[83 out of 165] test cases in the current suite
Test Method:		[testPackage01.Test_clipboardActions.typeTextAndCopyPaste]
################################################################################################################################################
[ReportManager] Target URL: [https://www.google.com/ncr], and after redirection: [https://www.google.com] @05-03-2022 18:18:42.0114 PM
[ReportManager] Initial URL: [] @05-03-2022 18:18:42.0174 PM
[ReportManager] Browser Action [NavigateToURL] successfully performed. With the following test data [https://www.google.com/ncr]. @05-03-2022 18:18:45.0264 PM
[ReportManager] Element Action [Type] successfully performed. With the following test data [FIRST]. @05-03-2022 18:18:45.0732 P
[ReportManager] Browser Action [CloseCurrentWindow] successfully performed. @05-03-2022 18:18:46.0004 PM
[ReportManager] Successfully created attachment [Browser Action Test Data - CloseCurrentWindow - Actual Value] @05-03-2022 18:18:46.0006 P
[ReportManager] File Action [GetAbsolutePath] successfully performed. With the following test data [Relative Folder Path: "target/downloadedFiles/"]. @05-03-2022 18:18:46.0008 PM
[ReportManager] Attempting to run locally on: [Mac-64], [Safari], Headless Execution. @05-03-2022 18:18:46.0008 PM
[ReportManager] Successfully Opened Safari. @05-03-2022 18:18:47.0007 PM
[ReportManager] Initial window size: (800, 600) @05-03-2022 18:18:47.0027 PM
[ReportManager] Window size after SWD Maximize: (1176, 803) @05-03-2022 18:18:47.0044 PM
[ReportManager] Browser Action [MaximizeWindow] successfully performed. With the following test data [New screen size is now: (1176, 803)]. @05-03-2022 18:18:47.0044 PM
[ReportManager] Target URL: [http://the-internet.herokuapp.com/javascript_alerts] @05-03-2022 18:18:47.0044 PM
[ReportManager] Initial URL: [] @05-03-2022 18:18:47.0102 PM
[ReportManager] Browser Action [NavigateToURL] successfully performed. With the following test data [http://the-internet.herokuapp.com/javascript_alerts]. @05-03-2022 18:18:48.0194 P

################################################################################################################################################
Starting Execution:	[84 out of 165] test cases in the current suite
Test Method:		[testPackage01.TestJSAlertBox.getJSAlertText]
################################################################################################################################################
[ReportManager] Element Action [Click] successfully performed. With the following test data [By.xpath: //button[contains(text(),'Click for JS Alert')]]. @05-03-2022 18:18:48.0454 PM
[ReportManager] Alert is present @05-03-2022 18:18:48.0478 PM
[ReportManager] Alert Text is: [I am a JS Alert] @05-03-2022 18:18:48.0507 PM
[ReportManager] Element Action [GetAlertText] successfully performed. @05-03-2022 18:18:48.0507 PM
[ReportManager] Alert text is: [I am a JS Alert] @05-03-2022 18:18:48.0507 PM
[ReportManager] Alert is present @05-03-2022 18:18:48.0532 PM
[ReportManager] Alert Text is: [I am a JS Alert] @05-03-2022 18:18:48.0541 PM
[ReportManager] Element Action [GetAlertText] successfully performed. @05-03-2022 18:18:48.0542 PM
[ReportManager] Assertion Passed: Then I Assert that [I am a JS Alert] is equal to [I am a JS Alert]. @05-03-2022 18:18:48.0542 PM
[ReportManager] Assertion [ValidateEquals] PASSED. Expected [I am a JS Alert] and Actual [I am a JS Alert]. Comparison Type [EQUALS]. Validation Type [POSITIVE]. @05-03-2022 18:18:48.0542 P

################################################################################################################################################
Starting Execution:	[85 out of 165] test cases in the current suite
Test Method:		[testPackage01.TestJSAlertBox.acceptAlert]
################################################################################################################################################
[ReportManager] Alert is not present @05-03-2022 18:19:18.0760 PM
[ReportManager] Element Action [WaitForAlertToBePresent] failed. @05-03-2022 18:19:18.0870 PM
[ReportManager] Successfully created attachment [Screenshot - 1646504358784_acceptAlert_WaitForAlertToBePresent_failed] @05-03-2022 18:19:18.0871 P

################################################################################################################################################
Starting Execution:	[86 out of 165] test cases in the current suite
Test Method:		[testPackage01.TestJSAlertBox.assertOnConfirmAlertResultText]
###############################################################################################################################################
[ReportManager] Browser Action [CloseCurrentWindow] successfully performed. @05-03-2022 18:19:19.0050 PM
[ReportManager] Successfully created attachment [Browser Action Test Data - CloseCurrentWindow - Actual Value] @05-03-2022 18:19:19.0051 P

################################################################################################################################################
Starting Execution:	[87 out of 165] test cases in the current suite
Test Method:		[testPackage01.Test_checkJDKShellFilesGenerated.testJDKGeneratedSuccessfully]
################################################################################################################################################
[ReportManager] Configuring JDK @05-03-2022 18:19:19.0053 PM
[ReportManager] File Action [GetAbsolutePath] successfully performed. With the following test data [Relative File Path: "generateJdkMac.sh"]. @05-03-2022 18:19:19.0053 PM
[ReportManager] File Action [WriteToFile] successfully performed. With the following test data [Target File Path: "/Users/runner/work/SHAFT_ENGINE/SHAFT_ENGINE/generateJdkMac.sh"]. @05-03-2022 18:19:19.0055 PM
[ReportManager] Attempting to perform the following command locally. Command: [chmod u+x generateJdk.sh] @05-03-2022 18:19:19.0055 PM
[ReportManager] Terminal Action [PerformTerminalCommands] successfully performed. With the following test data [Host Name: "localHost" | Command: "chmod u+x generateJdk.sh" | Exit Status: "1"]. @05-03-2022 18:19:19.0115 PM
[ReportManager] Successfully created attachment [Terminal Action Actual Result - Command Log] @05-03-2022 18:19:19.0116 PM
[ReportManager] Assertion Passed: Then I Assert that [[#!/bin/bash, export JAVA_HOME=$(/usr/libexec/java_home), export PATH=$JAVA_HOME/bin:$PATH, source ~/.zshenv, echo $JAVA_HOME, echo $PATH, exec bash]] contains [JAVA_HOME=$(/usr/libexec/java_home)]. @05-03-2022 18:19:19.0116 PM
[ReportManager] Assertion [ValidateEquals] PASSED. Expected [JAVA_HOME=$(/usr/libexec/java_home)] and Actual [[#!/bin/bash, export JAVA_HOME=$(/usr/libexec/java_home), export PATH=$JAVA_HOME/bin:$PATH, source ~/.zshenv, echo $JAVA_HOME, echo $PATH, exec bash]]. Comparison Type [CONTAINS]. Validation Type [POSITIVE]. @05-03-2022 18:19:19.0116 P
[ReportManager] File Action [GetAbsolutePath] successfully performed. With the following test data [Relative Folder Path: "target/downloadedFiles/"]. @05-03-2022 18:19:19.0118 PM
[ReportManager] Attempting to run locally on: [Mac-64], [Safari], Headless Execution. @05-03-2022 18:19:19.0118 PM
[ReportManager] Successfully Opened Safari. @05-03-2022 18:19:19.0975 PM
[ReportManager] Initial window size: (800, 600) @05-03-2022 18:19:20.0015 PM
[ReportManager] Window size after SWD Maximize: (1176, 803) @05-03-2022 18:19:20.0040 PM
[ReportManager] Browser Action [MaximizeWindow] successfully performed. With the following test data [New screen size is now: (1176, 803)]. @05-03-2022 18:19:20.0040 PM
[ReportManager] Target URL: [http://the-internet.herokuapp.com/javascript_alerts] @05-03-2022 18:19:20.0040 PM
[ReportManager] Initial URL: [] @05-03-2022 18:19:20.0088 PM
[ReportManager] Browser Action [NavigateToURL] successfully performed. With the following test data [http://the-internet.herokuapp.com/javascript_alerts]. @05-03-2022 18:19:21.0159 P

################################################################################################################################################
Starting Execution:	[88 out of 165] test cases in the current suite
Test Method:		[testPackage01.TestJSConfirmBox.dismissAlert]
################################################################################################################################################
[ReportManager] Element Action [Click] successfully performed. With the following test data [By.xpath: //button[contains(text(),'Click for JS Confirm')]]. @05-03-2022 18:19:21.0439 PM
[ReportManager] Alert is present @05-03-2022 18:19:21.0445 PM
[ReportManager] Element Action [DismissAlert] successfully performed. @05-03-2022 18:19:21.0463 P

################################################################################################################################################
Starting Execution:	[89 out of 165] test cases in the current suite
Test Method:		[testPackage01.TestJSConfirmBox.assertOnCancelAlertResultText]
################################################################################################################################################
[ReportManager] Element Action [GetText] successfully performed. With the following test data [You clicked: Cancel]. @05-03-2022 18:19:21.0564 PM
[ReportManager] Assertion Passed: Then I Assert that the element found by [By.id: result] attribute [TEXT] is equal to [You clicked: Cancel]. @05-03-2022 18:19:21.0747 PM
[ReportManager] Successfully created attachment [Screenshot - 1646504361685_assertOnCancelAlertResultText_ValidateElementAttribute_passed] @05-03-2022 18:19:21.0748 PM
[ReportManager] Assertion [ValidateElementAttribute] PASSED. Expected [Value Should be 'You clicked: Cancel' for the 'text' attribute, element locator 'By.id: result'] and Actual [You clicked: Cancel]. Comparison Type [EQUALS]. Validation Type [POSITIVE]. @05-03-2022 18:19:21.0749 P

################################################################################################################################################
Starting Execution:	[90 out of 165] test cases in the current suite
Test Method:		[testPackage01.TestJSConfirmBox.getAlertText]
################################################################################################################################################
[ReportManager] Element Action [Click] successfully performed. With the following test data [By.xpath: //button[contains(text(),'Click for JS Confirm')]]. @05-03-2022 18:19:21.0984 PM
[ReportManager] Alert is present @05-03-2022 18:19:22.0002 PM
[ReportManager] Alert Text is: [I am a JS Confirm] @05-03-2022 18:19:22.0014 PM
[ReportManager] Element Action [GetAlertText] successfully performed. @05-03-2022 18:19:22.0014 PM
[ReportManager] Alert text is: [I am a JS Confirm] @05-03-2022 18:19:22.0015 PM
[ReportManager] Alert is present @05-03-2022 18:19:22.0055 PM
[ReportManager] Alert Text is: [I am a JS Confirm] @05-03-2022 18:19:22.0061 PM
[ReportManager] Element Action [GetAlertText] successfully performed. @05-03-2022 18:19:22.0061 PM
[ReportManager] Assertion Passed: Then I Assert that [I am a JS Confirm] is equal to [I am a JS Confirm]. @05-03-2022 18:19:22.0061 PM
[ReportManager] Assertion [ValidateEquals] PASSED. Expected [I am a JS Confirm] and Actual [I am a JS Confirm]. Comparison Type [EQUALS]. Validation Type [POSITIVE]. @05-03-2022 18:19:22.0061 P

################################################################################################################################################
Starting Execution:	[91 out of 165] test cases in the current suite
Test Method:		[testPackage01.TestJSConfirmBox.acceptAlert]
################################################################################################################################################
[ReportManager] Alert is not present @05-03-2022 18:19:52.0376 PM
[ReportManager] Element Action [WaitForAlertToBePresent] failed. @05-03-2022 18:19:52.0486 PM
[ReportManager] Successfully created attachment [Screenshot - 1646504392399_acceptAlert_WaitForAlertToBePresent_failed] @05-03-2022 18:19:52.0487 P

################################################################################################################################################
Starting Execution:	[92 out of 165] test cases in the current suite
Test Method:		[testPackage01.TestJSConfirmBox.assertOnConfirmAlertResultText]
###############################################################################################################################################
[ReportManager] Browser Action [CloseCurrentWindow] successfully performed. @05-03-2022 18:19:52.0625 PM
[ReportManager] Successfully created attachment [Browser Action Test Data - CloseCurrentWindow - Actual Value] @05-03-2022 18:19:52.0626 P

################################################################################################################################################
Starting Execution:	[93 out of 165] test cases in the current suite
Test Method:		[testPackage01.Test_NewValidationHelper.f1]
################################################################################################################################################
[ReportManager] Assertion Passed: Checking valid user data @05-03-2022 18:19:52.0629 PM
[ReportManager] Successfully created attachment [Validation Test Data - Expected Value] @05-03-2022 18:19:52.0629 PM
[ReportManager] Successfully created attachment [Validation Test Data - Actual Value] @05-03-2022 18:19:52.0630 PM
[ReportManager] Assertion [ValidateEquals] PASSED. Expected and Actual values are attached. Comparison Type [EQUALS]. Validation Type [POSITIVE]. @05-03-2022 18:19:52.0630 P
[ReportManager] File Action [GetAbsolutePath] successfully performed. With the following test data [Relative Folder Path: "target/downloadedFiles/"]. @05-03-2022 18:19:52.0632 PM
[ReportManager] Attempting to run locally on: [Mac-64], [Safari], Headless Execution. @05-03-2022 18:19:52.0632 PM
[ReportManager] Successfully Opened Safari. @05-03-2022 18:19:53.0872 PM
[ReportManager] Initial window size: (800, 600) @05-03-2022 18:19:53.0883 PM
[ReportManager] Window size after SWD Maximize: (1176, 803) @05-03-2022 18:19:53.0907 PM
[ReportManager] Browser Action [MaximizeWindow] successfully performed. With the following test data [New screen size is now: (1176, 803)]. @05-03-2022 18:19:53.0908 PM
[ReportManager] Target URL: [https://the-internet.herokuapp.com/] @05-03-2022 18:19:53.0908 PM
[ReportManager] Initial URL: [] @05-03-2022 18:19:53.0962 PM
[ReportManager] Browser Action [NavigateToURL] successfully performed. With the following test data [https://the-internet.herokuapp.com/]. @05-03-2022 18:19:55.0440 P

################################################################################################################################################
Starting Execution:	[94 out of 165] test cases in the current suite
Test Method:		[testPackage01.Test_NewValidationHelper.f10]
################################################################################################################################################
[ReportManager] Assertion [ValidateElementExists] FAILED. Expected [Element Should Exist, locator 'By.tagName: div'] and Actual [Element Exists but is not unique]. Comparison Type [EQUALS]. Validation Type [POSITIVE]. @05-03-2022 18:19:55.0705 PM
[ReportManager] Successfully created attachment [Screenshot - 1646504395620_f10_ValidateElementExists_failed] @05-03-2022 18:19:55.0709 P
[ReportManager] Successfully Closed All Drivers. @05-03-2022 18:19:55.0960 P
[ReportManager] File Action [GetAbsolutePath] successfully performed. With the following test data [Relative Folder Path: "target/downloadedFiles/"]. @05-03-2022 18:19:55.0963 PM
[ReportManager] Attempting to run locally on: [Mac-64], [Safari], Headless Execution. @05-03-2022 18:19:55.0963 PM
[ReportManager] Successfully Opened Safari. @05-03-2022 18:19:56.0804 PM
[ReportManager] Initial window size: (800, 600) @05-03-2022 18:19:56.0845 PM
[ReportManager] Window size after SWD Maximize: (1176, 803) @05-03-2022 18:19:56.0891 PM
[ReportManager] Browser Action [MaximizeWindow] successfully performed. With the following test data [New screen size is now: (1176, 803)]. @05-03-2022 18:19:56.0892 PM
[ReportManager] Target URL: [https://the-internet.herokuapp.com/] @05-03-2022 18:19:56.0892 PM
[ReportManager] Initial URL: [] @05-03-2022 18:19:56.0997 PM
[ReportManager] Browser Action [NavigateToURL] successfully performed. With the following test data [https://the-internet.herokuapp.com/]. @05-03-2022 18:19:58.0417 P

################################################################################################################################################
Starting Execution:	[95 out of 165] test cases in the current suite
Test Method:		[testPackage01.Test_NewValidationHelper.f11]
################################################################################################################################################
[ReportManager] org.openqa.selenium.TimeoutException:
Expected condition failed: waiting for com.shaft.gui.element.ElementActionsHelper$$Lambda$641/0x000000080114a820@703e907a (tried for 5 second(s) with 1000 milliseconds interval)
org.openqa.selenium.support.ui.FluentWait.timeoutException(FluentWait.java:263)
org.openqa.selenium.support.ui.FluentWait.until(FluentWait.java:231)
com.shaft.gui.element.ElementActionsHelper.waitForElementPresence(ElementActionsHelper.java:89)
com.shaft.gui.element.ElementActionsHelper.waitForElementPresence(ElementActionsHelper.java:37)
com.shaft.gui.element.WebDriverElementActions.getMatchingElementsCount(WebDriverElementActions.java:1481)
com.shaft.gui.element.WebDriverElementActions.getElementsCount(WebDriverElementActions.java:561)
com.shaft.gui.element.ElementActions.getElementsCount(ElementActions.java:269)
com.shaft.validation.ValidationsHelper.validateElementExists(ValidationsHelper.java:149)
com.shaft.validation.Assertions.assertElementExists(Assertions.java:118)
testPackage01.Test_NewValidationHelper.f11(Test_NewValidationHelper.java:137)
java.base/jdk.internal.reflect.NativeMethodAccessorImpl.invoke0(Native Method)
java.base/jdk.internal.reflect.NativeMethodAccessorImpl.invoke(NativeMethodAccessorImpl.java:77)
java.base/jdk.internal.reflect.DelegatingMethodAccessorImpl.invoke(DelegatingMethodAccessorImpl.java:43)
java.base/java.lang.reflect.Method.invoke(Method.java:568)
org.testng.internal.invokers.MethodInvocationHelper.invokeMethod(MethodInvocationHelper.java:135)
org.testng.internal.invokers.TestInvoker.invokeMethod(TestInvoker.java:673)
org.testng.internal.invokers.TestInvoker.invokeTestMethod(TestInvoker.java:220)
org.testng.internal.invokers.MethodRunner.runInSequence(MethodRunner.java:50)
org.testng.internal.invokers.TestInvoker$MethodInvocationAgent.invoke(TestInvoker.java:945)
org.testng.internal.invokers.TestInvoker.invokeTestMethods(TestInvoker.java:193)
org.testng.internal.invokers.TestMethodWorker.invokeTestMethods(TestMethodWorker.java:146)
org.testng.internal.invokers.TestMethodWorker.run(TestMethodWorker.java:128)
java.base/java.util.ArrayList.forEach(ArrayList.java:1511)
org.testng.TestRunner.privateRun(TestRunner.java:808)
org.testng.TestRunner.run(TestRunner.java:603)
org.testng.SuiteRunner.runTest(SuiteRunner.java:429)
org.testng.SuiteRunner.runSequentially(SuiteRunner.java:423)
org.testng.SuiteRunner.privateRun(SuiteRunner.java:383)
org.testng.SuiteRunner.run(SuiteRunner.java:326)
org.testng.SuiteRunnerWorker.runSuite(SuiteRunnerWorker.java:52)
org.testng.SuiteRunnerWorker.run(SuiteRunnerWorker.java:95)
org.testng.TestNG.runSuitesSequentially(TestNG.java:1249)
org.testng.TestNG.runSuitesLocally(TestNG.java:1169)
org.testng.TestNG.runSuites(TestNG.java:1092)
org.testng.TestNG.run(TestNG.java:1060)
org.apache.maven.surefire.testng.TestNGExecutor.run(TestNGExecutor.java:136)
org.apache.maven.surefire.testng.TestNGDirectoryTestSuite.executeMulti(TestNGDirectoryTestSuite.java:193)
org.apache.maven.surefire.testng.TestNGDirectoryTestSuite.execute(TestNGDirectoryTestSuite.java:94)
org.apache.maven.surefire.testng.TestNGProvider.invoke(TestNGProvider.java:145)
org.apache.maven.surefire.booter.ForkedBooter.runSuitesInProcess(ForkedBooter.java:428)
org.apache.maven.surefire.booter.ForkedBooter.execute(ForkedBooter.java:162)
org.apache.maven.surefire.booter.ForkedBooter.run(ForkedBooter.java:562)
org.apache.maven.surefire.booter.ForkedBooter.main(ForkedBooter.java:548)

Caused by: org.openqa.selenium.NoSuchElementException:
For documentation on this error, please visit: https://selenium.dev/exceptions/#no_such_element
Build info: version: '4.1.2', revision: '9a5a329c5a'
System info: host: 'Mac-1646503532455.local', ip: '10.212.11.92', os.name: 'Mac OS X', os.arch: 'x86_64', os.version: '11.6.4', java.version: '17.0.2'
Driver info: org.openqa.selenium.safari.SafariDriver
Command: [36D976C0-FEAA-4730-B5D5-4642D7A57C5E, findElement {using=tag name, value=h3}]
Capabilities {acceptInsecureCerts: false, browserName: Safari, browserVersion: 15.3, goog:loggingPrefs: {browser: ALL, client: ALL, driver: ALL, performance: ALL, profiler: ALL, server: ALL}, javascriptEnabled: true, pageLoadStrategy: normal, platform: MAC, platformName: MAC, safari:automaticInspection: false, safari:automaticProfiling: false, safari:diagnose: false, safari:platformBuildVersion: 20G417, safari:platformVersion: 11.6.4, safari:useSimulator: false, setWindowRect: true, strictFileInteractability: false, timeouts: {pageLoad: 30000, script: 30000}, webkit:WebRTC: {DisableICECandidateFiltering: false, DisableInsecureMediaCapture: false}}
Session ID: 36D976C0-FEAA-4730-B5D5-4642D7A57C5E
jdk.internal.reflect.GeneratedConstructorAccessor71.newInstance(Unknown Source)
java.base/jdk.internal.reflect.DelegatingConstructorAccessorImpl.newInstance(DelegatingConstructorAccessorImpl.java:45)
java.base/java.lang.reflect.Constructor.newInstanceWithCaller(Constructor.java:499)
java.base/java.lang.reflect.Constructor.newInstance(Constructor.java:480)
org.openqa.selenium.remote.codec.w3c.W3CHttpResponseCodec.createException(W3CHttpResponseCodec.java:200)
org.openqa.selenium.remote.codec.w3c.W3CHttpResponseCodec.decode(W3CHttpResponseCodec.java:133)
org.openqa.selenium.remote.codec.w3c.W3CHttpResponseCodec.decode(W3CHttpResponseCodec.java:53)
org.openqa.selenium.remote.HttpCommandExecutor.execute(HttpCommandExecutor.java:184)
org.openqa.selenium.remote.service.DriverCommandExecutor.invokeExecute(DriverCommandExecutor.java:167)
org.openqa.selenium.remote.service.DriverCommandExecutor.execute(DriverCommandExecutor.java:142)
org.openqa.selenium.remote.RemoteWebDriver.execute(RemoteWebDriver.java:558)
org.openqa.selenium.remote.ElementLocation$ElementFinder$2.findElement(ElementLocation.java:162)
org.openqa.selenium.remote.ElementLocation.findElement(ElementLocation.java:60)
org.openqa.selenium.remote.RemoteWebDriver.findElement(RemoteWebDriver.java:382)
org.openqa.selenium.remote.RemoteWebDriver.findElement(RemoteWebDriver.java:374)
com.shaft.gui.element.ElementActionsHelper.lambda$waitForElementPresence$0(ElementActionsHelper.java:92)
org.openqa.selenium.support.ui.FluentWait.until(FluentWait.java:208)
com.shaft.gui.element.ElementActionsHelper.waitForElementPresence(ElementActionsHelper.java:89)
com.shaft.gui.element.ElementActionsHelper.waitForElementPresence(ElementActionsHelper.java:37)
com.shaft.gui.element.WebDriverElementActions.getMatchingElementsCount(WebDriverElementActions.java:1481)
com.shaft.gui.element.WebDriverElementActions.getElementsCount(WebDriverElementActions.java:561)
com.shaft.gui.element.ElementActions.getElementsCount(ElementActions.java:269)
com.shaft.validation.ValidationsHelper.validateElementExists(ValidationsHelper.java:149)
com.shaft.validation.Assertions.assertElementExists(Assertions.java:118)
testPackage01.Test_NewValidationHelper.f11(Test_NewValidationHelper.java:137)
java.base/jdk.internal.reflect.NativeMethodAccessorImpl.invoke0(Native Method)
java.base/jdk.internal.reflect.NativeMethodAccessorImpl.invoke(NativeMethodAccessorImpl.java:77)
java.base/jdk.internal.reflect.DelegatingMethodAccessorImpl.invoke(DelegatingMethodAccessorImpl.java:43)
java.base/java.lang.reflect.Method.invoke(Method.java:568)
org.testng.internal.invokers.MethodInvocationHelper.invokeMethod(MethodInvocationHelper.java:135)
org.testng.internal.invokers.TestInvoker.invokeMethod(TestInvoker.java:673)
org.testng.internal.invokers.TestInvoker.invokeTestMethod(TestInvoker.java:220)
org.testng.internal.invokers.MethodRunner.runInSequence(MethodRunner.java:50)
org.testng.internal.invokers.TestInvoker$MethodInvocationAgent.invoke(TestInvoker.java:945)
org.testng.internal.invokers.TestInvoker.invokeTestMethods(TestInvoker.java:193)
org.testng.internal.invokers.TestMethodWorker.invokeTestMethods(TestMethodWorker.java:146)
org.testng.internal.invokers.TestMethodWorker.run(TestMethodWorker.java:128)
java.base/java.util.ArrayList.forEach(ArrayList.java:1511)
org.testng.TestRunner.privateRun(TestRunner.java:808)
org.testng.TestRunner.run(TestRunner.java:603)
org.testng.SuiteRunner.runTest(SuiteRunner.java:429)
org.testng.SuiteRunner.runSequentially(SuiteRunner.java:423)
org.testng.SuiteRunner.privateRun(SuiteRunner.java:383)
org.testng.SuiteRunner.run(SuiteRunner.java:326)
org.testng.SuiteRunnerWorker.runSuite(SuiteRunnerWorker.java:52)
org.testng.SuiteRunnerWorker.run(SuiteRunnerWorker.java:95)
org.testng.TestNG.runSuitesSequentially(TestNG.java:1249)
org.testng.TestNG.runSuitesLocally(TestNG.java:1169)
org.testng.TestNG.runSuites(TestNG.java:1092)
org.testng.TestNG.run(TestNG.java:1060)
org.apache.maven.surefire.testng.TestNGExecutor.run(TestNGExecutor.java:136)
org.apache.maven.surefire.testng.TestNGDirectoryTestSuite.executeMulti(TestNGDirectoryTestSuite.java:193)
org.apache.maven.surefire.testng.TestNGDirectoryTestSuite.execute(TestNGDirectoryTestSuite.java:94)
org.apache.maven.surefire.testng.TestNGProvider.invoke(TestNGProvider.java:145)
org.apache.maven.surefire.booter.ForkedBooter.runSuitesInProcess(ForkedBooter.java:428)
org.apache.maven.surefire.booter.ForkedBooter.execute(ForkedBooter.java:162)
org.apache.maven.surefire.booter.ForkedBooter.run(ForkedBooter.java:562)
org.apache.maven.surefire.booter.ForkedBooter.main(ForkedBooter.java:548) @05-03-2022 18:20:03.0893 PM
[ReportManager] org.openqa.selenium.TimeoutException:
Expected condition failed: waiting for com.shaft.gui.element.ElementActionsHelper$$Lambda$641/0x000000080114a820@7da21834 (tried for 5 second(s) with 1000 milliseconds interval)
org.openqa.selenium.support.ui.FluentWait.timeoutException(FluentWait.java:263)
org.openqa.selenium.support.ui.FluentWait.until(FluentWait.java:231)
com.shaft.gui.element.ElementActionsHelper.waitForElementPresence(ElementActionsHelper.java:89)
com.shaft.gui.element.ElementActionsHelper.waitForElementPresence(ElementActionsHelper.java:37)
com.shaft.gui.element.WebDriverElementActions.getMatchingElementsCount(WebDriverElementActions.java:1481)
com.shaft.gui.element.WebDriverElementActions.getElementsCount(WebDriverElementActions.java:561)
com.shaft.gui.element.ElementActions.getElementsCount(ElementActions.java:269)
com.shaft.gui.image.ScreenshotManager.internalCaptureScreenShot(ScreenshotManager.java:386)
com.shaft.gui.image.ScreenshotManager.captureScreenShot(ScreenshotManager.java:142)
com.shaft.validation.ValidationsHelper.reportValidationState(ValidationsHelper.java:823)
com.shaft.validation.ValidationsHelper.pass(ValidationsHelper.java:564)
com.shaft.validation.ValidationsHelper.validateElementExists(ValidationsHelper.java:166)
com.shaft.validation.Assertions.assertElementExists(Assertions.java:118)
testPackage01.Test_NewValidationHelper.f11(Test_NewValidationHelper.java:137)
java.base/jdk.internal.reflect.NativeMethodAccessorImpl.invoke0(Native Method)
java.base/jdk.internal.reflect.NativeMethodAccessorImpl.invoke(NativeMethodAccessorImpl.java:77)
java.base/jdk.internal.reflect.DelegatingMethodAccessorImpl.invoke(DelegatingMethodAccessorImpl.java:43)
java.base/java.lang.reflect.Method.invoke(Method.java:568)
org.testng.internal.invokers.MethodInvocationHelper.invokeMethod(MethodInvocationHelper.java:135)
org.testng.internal.invokers.TestInvoker.invokeMethod(TestInvoker.java:673)
org.testng.internal.invokers.TestInvoker.invokeTestMethod(TestInvoker.java:220)
org.testng.internal.invokers.MethodRunner.runInSequence(MethodRunner.java:50)
org.testng.internal.invokers.TestInvoker$MethodInvocationAgent.invoke(TestInvoker.java:945)
org.testng.internal.invokers.TestInvoker.invokeTestMethods(TestInvoker.java:193)
org.testng.internal.invokers.TestMethodWorker.invokeTestMethods(TestMethodWorker.java:146)
org.testng.internal.invokers.TestMethodWorker.run(TestMethodWorker.java:128)
java.base/java.util.ArrayList.forEach(ArrayList.java:1511)
org.testng.TestRunner.privateRun(TestRunner.java:808)
org.testng.TestRunner.run(TestRunner.java:603)
org.testng.SuiteRunner.runTest(SuiteRunner.java:429)
org.testng.SuiteRunner.runSequentially(SuiteRunner.java:423)
org.testng.SuiteRunner.privateRun(SuiteRunner.java:383)
org.testng.SuiteRunner.run(SuiteRunner.java:326)
org.testng.SuiteRunnerWorker.runSuite(SuiteRunnerWorker.java:52)
org.testng.SuiteRunnerWorker.run(SuiteRunnerWorker.java:95)
org.testng.TestNG.runSuitesSequentially(TestNG.java:1249)
org.testng.TestNG.runSuitesLocally(TestNG.java:1169)
org.testng.TestNG.runSuites(TestNG.java:1092)
org.testng.TestNG.run(TestNG.java:1060)
org.apache.maven.surefire.testng.TestNGExecutor.run(TestNGExecutor.java:136)
org.apache.maven.surefire.testng.TestNGDirectoryTestSuite.executeMulti(TestNGDirectoryTestSuite.java:193)
org.apache.maven.surefire.testng.TestNGDirectoryTestSuite.execute(TestNGDirectoryTestSuite.java:94)
org.apache.maven.surefire.testng.TestNGProvider.invoke(TestNGProvider.java:145)
org.apache.maven.surefire.booter.ForkedBooter.runSuitesInProcess(ForkedBooter.java:428)
org.apache.maven.surefire.booter.ForkedBooter.execute(ForkedBooter.java:162)
org.apache.maven.surefire.booter.ForkedBooter.run(ForkedBooter.java:562)
org.apache.maven.surefire.booter.ForkedBooter.main(ForkedBooter.java:548)

Caused by: org.openqa.selenium.NoSuchElementException:
For documentation on this error, please visit: https://selenium.dev/exceptions/#no_such_element
Build info: version: '4.1.2', revision: '9a5a329c5a'
System info: host: 'Mac-1646503532455.local', ip: '10.212.11.92', os.name: 'Mac OS X', os.arch: 'x86_64', os.version: '11.6.4', java.version: '17.0.2'
Driver info: org.openqa.selenium.safari.SafariDriver
Command: [36D976C0-FEAA-4730-B5D5-4642D7A57C5E, findElement {using=tag name, value=h3}]
Capabilities {acceptInsecureCerts: false, browserName: Safari, browserVersion: 15.3, goog:loggingPrefs: {browser: ALL, client: ALL, driver: ALL, performance: ALL, profiler: ALL, server: ALL}, javascriptEnabled: true, pageLoadStrategy: normal, platform: MAC, platformName: MAC, safari:automaticInspection: false, safari:automaticProfiling: false, safari:diagnose: false, safari:platformBuildVersion: 20G417, safari:platformVersion: 11.6.4, safari:useSimulator: false, setWindowRect: true, strictFileInteractability: false, timeouts: {pageLoad: 30000, script: 30000}, webkit:WebRTC: {DisableICECandidateFiltering: false, DisableInsecureMediaCapture: false}}
Session ID: 36D976C0-FEAA-4730-B5D5-4642D7A57C5E
jdk.internal.reflect.GeneratedConstructorAccessor71.newInstance(Unknown Source)
java.base/jdk.internal.reflect.DelegatingConstructorAccessorImpl.newInstance(DelegatingConstructorAccessorImpl.java:45)
java.base/java.lang.reflect.Constructor.newInstanceWithCaller(Constructor.java:499)
java.base/java.lang.reflect.Constructor.newInstance(Constructor.java:480)
org.openqa.selenium.remote.codec.w3c.W3CHttpResponseCodec.createException(W3CHttpResponseCodec.java:200)
org.openqa.selenium.remote.codec.w3c.W3CHttpResponseCodec.decode(W3CHttpResponseCodec.java:133)
org.openqa.selenium.remote.codec.w3c.W3CHttpResponseCodec.decode(W3CHttpResponseCodec.java:53)
org.openqa.selenium.remote.HttpCommandExecutor.execute(HttpCommandExecutor.java:184)
org.openqa.selenium.remote.service.DriverCommandExecutor.invokeExecute(DriverCommandExecutor.java:167)
org.openqa.selenium.remote.service.DriverCommandExecutor.execute(DriverCommandExecutor.java:142)
org.openqa.selenium.remote.RemoteWebDriver.execute(RemoteWebDriver.java:558)
org.openqa.selenium.remote.ElementLocation$ElementFinder$2.findElement(ElementLocation.java:162)
org.openqa.selenium.remote.ElementLocation.findElement(ElementLocation.java:60)
org.openqa.selenium.remote.RemoteWebDriver.findElement(RemoteWebDriver.java:382)
org.openqa.selenium.remote.RemoteWebDriver.findElement(RemoteWebDriver.java:374)
com.shaft.gui.element.ElementActionsHelper.lambda$waitForElementPresence$0(ElementActionsHelper.java:92)
org.openqa.selenium.support.ui.FluentWait.until(FluentWait.java:208)
com.shaft.gui.element.ElementActionsHelper.waitForElementPresence(ElementActionsHelper.java:89)
com.shaft.gui.element.ElementActionsHelper.waitForElementPresence(ElementActionsHelper.java:37)
com.shaft.gui.element.WebDriverElementActions.getMatchingElementsCount(WebDriverElementActions.java:1481)
com.shaft.gui.element.WebDriverElementActions.getElementsCount(WebDriverElementActions.java:561)
com.shaft.gui.element.ElementActions.getElementsCount(ElementActions.java:269)
com.shaft.gui.image.ScreenshotManager.internalCaptureScreenShot(ScreenshotManager.java:386)
com.shaft.gui.image.ScreenshotManager.captureScreenShot(ScreenshotManager.java:142)
com.shaft.validation.ValidationsHelper.reportValidationState(ValidationsHelper.java:823)
com.shaft.validation.ValidationsHelper.pass(ValidationsHelper.java:564)
com.shaft.validation.ValidationsHelper.validateElementExists(ValidationsHelper.java:166)
com.shaft.validation.Assertions.assertElementExists(Assertions.java:118)
testPackage01.Test_NewValidationHelper.f11(Test_NewValidationHelper.java:137)
java.base/jdk.internal.reflect.NativeMethodAccessorImpl.invoke0(Native Method)
java.base/jdk.internal.reflect.NativeMethodAccessorImpl.invoke(NativeMethodAccessorImpl.java:77)
java.base/jdk.internal.reflect.DelegatingMethodAccessorImpl.invoke(DelegatingMethodAccessorImpl.java:43)
java.base/java.lang.reflect.Method.invoke(Method.java:568)
org.testng.internal.invokers.MethodInvocationHelper.invokeMethod(MethodInvocationHelper.java:135)
org.testng.internal.invokers.TestInvoker.invokeMethod(TestInvoker.java:673)
org.testng.internal.invokers.TestInvoker.invokeTestMethod(TestInvoker.java:220)
org.testng.internal.invokers.MethodRunner.runInSequence(MethodRunner.java:50)
org.testng.internal.invokers.TestInvoker$MethodInvocationAgent.invoke(TestInvoker.java:945)
org.testng.internal.invokers.TestInvoker.invokeTestMethods(TestInvoker.java:193)
org.testng.internal.invokers.TestMethodWorker.invokeTestMethods(TestMethodWorker.java:146)
org.testng.internal.invokers.TestMethodWorker.run(TestMethodWorker.java:128)
java.base/java.util.ArrayList.forEach(ArrayList.java:1511)
org.testng.TestRunner.privateRun(TestRunner.java:808)
org.testng.TestRunner.run(TestRunner.java:603)
org.testng.SuiteRunner.runTest(SuiteRunner.java:429)
org.testng.SuiteRunner.runSequentially(SuiteRunner.java:423)
org.testng.SuiteRunner.privateRun(SuiteRunner.java:383)
org.testng.SuiteRunner.run(SuiteRunner.java:326)
org.testng.SuiteRunnerWorker.runSuite(SuiteRunnerWorker.java:52)
org.testng.SuiteRunnerWorker.run(SuiteRunnerWorker.java:95)
org.testng.TestNG.runSuitesSequentially(TestNG.java:1249)
org.testng.TestNG.runSuitesLocally(TestNG.java:1169)
org.testng.TestNG.runSuites(TestNG.java:1092)
org.testng.TestNG.run(TestNG.java:1060)
org.apache.maven.surefire.testng.TestNGExecutor.run(TestNGExecutor.java:136)
org.apache.maven.surefire.testng.TestNGDirectoryTestSuite.executeMulti(TestNGDirectoryTestSuite.java:193)
org.apache.maven.surefire.testng.TestNGDirectoryTestSuite.execute(TestNGDirectoryTestSuite.java:94)
org.apache.maven.surefire.testng.TestNGProvider.invoke(TestNGProvider.java:145)
org.apache.maven.surefire.booter.ForkedBooter.runSuitesInProcess(ForkedBooter.java:428)
org.apache.maven.surefire.booter.ForkedBooter.execute(ForkedBooter.java:162)
org.apache.maven.surefire.booter.ForkedBooter.run(ForkedBooter.java:562)
org.apache.maven.surefire.booter.ForkedBooter.main(ForkedBooter.java:548) @05-03-2022 18:20:09.0202 PM
[ReportManager] Assertion Passed: Checking that false tag doesn't exist @05-03-2022 18:20:09.0329 PM
[ReportManager] Successfully created attachment [Screenshot - 1646504409241_f11_ValidateElementExists_passed] @05-03-2022 18:20:09.0331 PM
[ReportManager] Assertion [ValidateElementExists] PASSED. Expected [Element Should not Exist, locator 'By.tagName: h3'] and Actual [Element Doesn't Exists]. Comparison Type [EQUALS]. Validation Type [NEGATIVE]. @05-03-2022 18:20:09.0331 P
[ReportManager] Successfully Closed All Drivers. @05-03-2022 18:20:09.0594 P
[ReportManager] File Action [GetAbsolutePath] successfully performed. With the following test data [Relative Folder Path: "target/downloadedFiles/"]. @05-03-2022 18:20:09.0597 PM
[ReportManager] Attempting to run locally on: [Mac-64], [Safari], Headless Execution. @05-03-2022 18:20:09.0597 PM
[ReportManager] Successfully Opened Safari. @05-03-2022 18:20:10.0882 PM
[ReportManager] Initial window size: (800, 600) @05-03-2022 18:20:10.0923 PM
[ReportManager] Window size after SWD Maximize: (1176, 803) @05-03-2022 18:20:10.0959 PM
[ReportManager] Browser Action [MaximizeWindow] successfully performed. With the following test data [New screen size is now: (1176, 803)]. @05-03-2022 18:20:10.0959 PM
[ReportManager] Target URL: [https://the-internet.herokuapp.com/] @05-03-2022 18:20:10.0960 PM
[ReportManager] Initial URL: [] @05-03-2022 18:20:11.0001 PM
[ReportManager] Browser Action [NavigateToURL] successfully performed. With the following test data [https://the-internet.herokuapp.com/]. @05-03-2022 18:20:12.0385 P

################################################################################################################################################
Starting Execution:	[96 out of 165] test cases in the current suite
Test Method:		[testPackage01.Test_NewValidationHelper.f12]
################################################################################################################################################
[ReportManager] Assertion [ValidateElementExists] FAILED. Expected [Element Should not Exist, locator 'By.tagName: h1'] and Actual [Element Exists]. Comparison Type [EQUALS]. Validation Type [NEGATIVE]. @05-03-2022 18:20:12.0754 PM
[ReportManager] Successfully created attachment [Screenshot - 1646504412666_f12_ValidateElementExists_failed] @05-03-2022 18:20:12.0757 P
[ReportManager] Successfully Closed All Drivers. @05-03-2022 18:20:13.0019 P
[ReportManager] File Action [GetAbsolutePath] successfully performed. With the following test data [Relative Folder Path: "target/downloadedFiles/"]. @05-03-2022 18:20:13.0022 PM
[ReportManager] Attempting to run locally on: [Mac-64], [Safari], Headless Execution. @05-03-2022 18:20:13.0022 PM
[ReportManager] Successfully Opened Safari. @05-03-2022 18:20:13.0837 PM
[ReportManager] Initial window size: (800, 600) @05-03-2022 18:20:13.0871 PM
[ReportManager] Window size after SWD Maximize: (1176, 803) @05-03-2022 18:20:13.0899 PM
[ReportManager] Browser Action [MaximizeWindow] successfully performed. With the following test data [New screen size is now: (1176, 803)]. @05-03-2022 18:20:13.0900 PM
[ReportManager] Target URL: [https://the-internet.herokuapp.com/] @05-03-2022 18:20:13.0900 PM
[ReportManager] Initial URL: [] @05-03-2022 18:20:13.0977 PM
[ReportManager] Browser Action [NavigateToURL] successfully performed. With the following test data [https://the-internet.herokuapp.com/]. @05-03-2022 18:20:15.0302 P

################################################################################################################################################
Starting Execution:	[97 out of 165] test cases in the current suite
Test Method:		[testPackage01.Test_NewValidationHelper.f13]
################################################################################################################################################
[ReportManager] Assertion [ValidateElementExists] FAILED. Expected [Element Should not Exist, locator 'By.tagName: div'] and Actual [Element Exists but is not unique]. Comparison Type [EQUALS]. Validation Type [NEGATIVE]. @05-03-2022 18:20:15.0652 PM
[ReportManager] Successfully created attachment [Screenshot - 1646504415507_f13_ValidateElementExists_failed] @05-03-2022 18:20:15.0662 P
[ReportManager] Successfully Closed All Drivers. @05-03-2022 18:20:15.0946 P
[ReportManager] File Action [GetAbsolutePath] successfully performed. With the following test data [Relative Folder Path: "target/downloadedFiles/"]. @05-03-2022 18:20:15.0949 PM
[ReportManager] Attempting to run locally on: [Mac-64], [Safari], Headless Execution. @05-03-2022 18:20:15.0949 PM
[ReportManager] Successfully Opened Safari. @05-03-2022 18:20:16.0927 PM
[ReportManager] Initial window size: (800, 600) @05-03-2022 18:20:16.0935 PM
[ReportManager] Window size after SWD Maximize: (1176, 803) @05-03-2022 18:20:16.0965 PM
[ReportManager] Browser Action [MaximizeWindow] successfully performed. With the following test data [New screen size is now: (1176, 803)]. @05-03-2022 18:20:16.0966 PM
[ReportManager] Target URL: [https://the-internet.herokuapp.com/] @05-03-2022 18:20:16.0966 PM
[ReportManager] Initial URL: [] @05-03-2022 18:20:17.0042 PM
[ReportManager] Browser Action [NavigateToURL] successfully performed. With the following test data [https://the-internet.herokuapp.com/]. @05-03-2022 18:20:18.0405 P

################################################################################################################################################
Starting Execution:	[98 out of 165] test cases in the current suite
Test Method:		[testPackage01.Test_NewValidationHelper.f14]
################################################################################################################################################
[ReportManager] Element Action [GetText] successfully performed. With the following test data [Welcome to the-internet]. @05-03-2022 18:20:18.0513 PM
[ReportManager] Assertion Passed: Asserting that the header text is correct @05-03-2022 18:20:18.0822 PM
[ReportManager] Successfully created attachment [Screenshot - 1646504418653_f14_ValidateElementAttribute_passed] @05-03-2022 18:20:18.0824 PM
[ReportManager] Assertion [ValidateElementAttribute] PASSED. Expected [Value Should be 'Welcome to the-internet' for the 'text' attribute, element locator 'By.tagName: h1'] and Actual [Welcome to the-internet]. Comparison Type [EQUALS]. Validation Type [POSITIVE]. @05-03-2022 18:20:18.0824 P
[ReportManager] Successfully Closed All Drivers. @05-03-2022 18:20:19.0095 P
[ReportManager] File Action [GetAbsolutePath] successfully performed. With the following test data [Relative Folder Path: "target/downloadedFiles/"]. @05-03-2022 18:20:19.0098 PM
[ReportManager] Attempting to run locally on: [Mac-64], [Safari], Headless Execution. @05-03-2022 18:20:19.0098 PM
[ReportManager] Successfully Opened Safari. @05-03-2022 18:20:20.0065 PM
[ReportManager] Initial window size: (800, 600) @05-03-2022 18:20:20.0108 PM
[ReportManager] Window size after SWD Maximize: (1176, 803) @05-03-2022 18:20:20.0150 PM
[ReportManager] Browser Action [MaximizeWindow] successfully performed. With the following test data [New screen size is now: (1176, 803)]. @05-03-2022 18:20:20.0151 PM
[ReportManager] Target URL: [https://the-internet.herokuapp.com/] @05-03-2022 18:20:20.0151 PM
[ReportManager] Initial URL: [] @05-03-2022 18:20:20.0214 PM
[ReportManager] Browser Action [NavigateToURL] successfully performed. With the following test data [https://the-internet.herokuapp.com/]. @05-03-2022 18:20:21.0580 P

################################################################################################################################################
Starting Execution:	[99 out of 165] test cases in the current suite
Test Method:		[testPackage01.Test_NewValidationHelper.f15]
################################################################################################################################################
[ReportManager] Element Action [GetText] successfully performed. With the following test data [Welcome to the-internet]. @05-03-2022 18:20:21.0624 PM
[ReportManager] Assertion [ValidateElementAttribute] FAILED. Expected [Value Should not be 'Welcome' for the 'text' attribute, element locator 'By.tagName: h1'] and Actual [Welcome to the-internet]. Comparison Type [CONTAINS]. Validation Type [NEGATIVE]. @05-03-2022 18:20:21.0873 PM
[ReportManager] Successfully created attachment [Screenshot - 1646504421792_f15_ValidateElementAttribute_failed] @05-03-2022 18:20:21.0875 P
[ReportManager] Successfully Closed All Drivers. @05-03-2022 18:20:22.0280 P
[ReportManager] File Action [GetAbsolutePath] successfully performed. With the following test data [Relative Folder Path: "target/downloadedFiles/"]. @05-03-2022 18:20:22.0283 PM
[ReportManager] Attempting to run locally on: [Mac-64], [Safari], Headless Execution. @05-03-2022 18:20:22.0283 PM
[ReportManager] An Exception Occured with this Message: Could not start a new session. Possible causes are invalid address of the remote server or browser start-up failure.. @05-03-2022 18:20:22.0476 PM
[ReportManager] Successfully created attachment [Exception Stack Trace - org.openqa.selenium.SessionNotCreatedException] @05-03-2022 18:20:22.0481 PM
[ReportManager] Driver Factory Action [createNewLocalDriverInstanceForSafari] failed. With the following test data [Failed to create a session on DESKTOP_SAFARI]. @05-03-2022 18:20:22.0482 P

################################################################################################################################################
Starting Execution:	[100 out of 165] test cases in the current suite
Test Method:		[testPackage01.Test_NewValidationHelper.f16]
###############################################################################################################################################



################################################################################################################################################
Starting Execution:	[101 out of 165] test cases in the current suite
Test Method:		[testPackage01.Test_NewValidationHelper.f17]
###############################################################################################################################################



################################################################################################################################################
Starting Execution:	[102 out of 165] test cases in the current suite
Test Method:		[testPackage01.Test_NewValidationHelper.f18]
###############################################################################################################################################


################################################################################################################################################
Starting Execution:	[103 out of 165] test cases in the current suite
Test Method:		[testPackage01.Test_NewValidationHelper.f2]
###############################################################################################################################################


################################################################################################################################################
Starting Execution:	[104 out of 165] test cases in the current suite
Test Method:		[testPackage01.Test_NewValidationHelper.f20]
###############################################################################################################################################



################################################################################################################################################
Starting Execution:	[105 out of 165] test cases in the current suite
Test Method:		[testPackage01.Test_NewValidationHelper.f21]
###############################################################################################################################################



################################################################################################################################################
Starting Execution:	[106 out of 165] test cases in the current suite
Test Method:		[testPackage01.Test_NewValidationHelper.f22]
###############################################################################################################################################


################################################################################################################################################
Starting Execution:	[107 out of 165] test cases in the current suite
Test Method:		[testPackage01.Test_NewValidationHelper.f23]
###############################################################################################################################################

################################################################################################################################################
Starting Execution:	[108 out of 165] test cases in the current suite
Test Method:		[testPackage01.Test_NewValidationHelper.f24]
###############################################################################################################################################

################################################################################################################################################
Starting Execution:	[109 out of 165] test cases in the current suite
Test Method:		[testPackage01.Test_NewValidationHelper.f25]
###############################################################################################################################################

################################################################################################################################################
Starting Execution:	[110 out of 165] test cases in the current suite
Test Method:		[testPackage01.Test_NewValidationHelper.f26]
###############################################################################################################################################

################################################################################################################################################
Starting Execution:	[111 out of 165] test cases in the current suite
Test Method:		[testPackage01.Test_NewValidationHelper.f27]
###############################################################################################################################################

################################################################################################################################################
Starting Execution:	[112 out of 165] test cases in the current suite
Test Method:		[testPackage01.Test_NewValidationHelper.f28]
###############################################################################################################################################

################################################################################################################################################
Starting Execution:	[113 out of 165] test cases in the current suite
Test Method:		[testPackage01.Test_NewValidationHelper.f29]
###############################################################################################################################################

################################################################################################################################################
Starting Execution:	[114 out of 165] test cases in the current suite
Test Method:		[testPackage01.Test_NewValidationHelper.f3]
###############################################################################################################################################

################################################################################################################################################
Starting Execution:	[115 out of 165] test cases in the current suite
Test Method:		[testPackage01.Test_NewValidationHelper.f30]
###############################################################################################################################################

################################################################################################################################################
Starting Execution:	[116 out of 165] test cases in the current suite
Test Method:		[testPackage01.Test_NewValidationHelper.f31]
###############################################################################################################################################

################################################################################################################################################
Starting Execution:	[117 out of 165] test cases in the current suite
Test Method:		[testPackage01.Test_NewValidationHelper.f32]
###############################################################################################################################################

################################################################################################################################################
Starting Execution:	[118 out of 165] test cases in the current suite
Test Method:		[testPackage01.Test_NewValidationHelper.f33]
###############################################################################################################################################

################################################################################################################################################
Starting Execution:	[119 out of 165] test cases in the current suite
Test Method:		[testPackage01.Test_NewValidationHelper.f34]
###############################################################################################################################################

################################################################################################################################################
Starting Execution:	[120 out of 165] test cases in the current suite
Test Method:		[testPackage01.Test_NewValidationHelper.f35]
###############################################################################################################################################

################################################################################################################################################
Starting Execution:	[121 out of 165] test cases in the current suite
Test Method:		[testPackage01.Test_NewValidationHelper.f36]
###############################################################################################################################################

################################################################################################################################################
Starting Execution:	[122 out of 165] test cases in the current suite
Test Method:		[testPackage01.Test_NewValidationHelper.f37]
###############################################################################################################################################

################################################################################################################################################
Starting Execution:	[123 out of 165] test cases in the current suite
Test Method:		[testPackage01.Test_NewValidationHelper.f3_1]
###############################################################################################################################################

################################################################################################################################################
Starting Execution:	[124 out of 165] test cases in the current suite
Test Method:		[testPackage01.Test_NewValidationHelper.f4]
###############################################################################################################################################

################################################################################################################################################
Starting Execution:	[125 out of 165] test cases in the current suite
Test Method:		[testPackage01.Test_NewValidationHelper.f5]
###############################################################################################################################################

################################################################################################################################################
Starting Execution:	[126 out of 165] test cases in the current suite
Test Method:		[testPackage01.Test_NewValidationHelper.f6]
###############################################################################################################################################

################################################################################################################################################
Starting Execution:	[127 out of 165] test cases in the current suite
Test Method:		[testPackage01.Test_NewValidationHelper.f6_1]
###############################################################################################################################################

################################################################################################################################################
Starting Execution:	[128 out of 165] test cases in the current suite
Test Method:		[testPackage01.Test_NewValidationHelper.f6_2]
###############################################################################################################################################

################################################################################################################################################
Starting Execution:	[129 out of 165] test cases in the current suite
Test Method:		[testPackage01.Test_NewValidationHelper.f7]
###############################################################################################################################################


################################################################################################################################################
Starting Execution:	[130 out of 165] test cases in the current suite
Test Method:		[testPackage01.Test_NewValidationHelper.f8]
###############################################################################################################################################



################################################################################################################################################
Starting Execution:	[131 out of 165] test cases in the current suite
Test Method:		[testPackage01.Test_NewValidationHelper.f9]
###############################################################################################################################################


################################################################################################################################################
Starting Execution:	[132 out of 165] test cases in the current suite
Test Method:		[testPackage01.Test_NewValidationHelper.forceFail]
###############################################################################################################################################

################################################################################################################################################
Starting Execution:	[133 out of 165] test cases in the current suite
Test Method:		[testPackage01.Test_NewValidationHelper.forceFail2]
###############################################################################################################################################

################################################################################################################################################
Starting Execution:	[134 out of 165] test cases in the current suite
Test Method:		[testPackage01.Test_JsonActions.f]
###############################################################################################################################################

################################################################################################################################################
Starting Execution:	[135 out of 165] test cases in the current suite
Test Method:		[testPackage01.Test_JsonActions.f2]
###############################################################################################################################################

################################################################################################################################################
Starting Execution:	[136 out of 165] test cases in the current suite
Test Method:		[testPackage01.Test_sendGraphqlRequest.sendGraphqlRequestUsingMutationAndVariables]
################################################################################################################################################
[ReportManager] GraphQl Request is being Performed with the Following Parameters [Service URL: https://api.spacex.land/graphql | Request Body: {"variables":"{\"name\": \"sherlock holmes\",\"rocket\": \"221B Baker Street\"}","query":"mutation ($name: String, $rocket: String) {\n  insert_users(objects: {name: $name, rocket: $rocket}) {\n    returning {\n      name\n      rocket\n    }\n  }\n}"}] @05-03-2022 18:20:22.0965 PM
[ReportManager] Response status code: [200], status line: [HTTP/1.1 200 OK] @05-03-2022 18:20:27.0640 PM
[ReportManager] Assertion Passed: Evaluating the actual response status code against the expected one... @05-03-2022 18:20:27.0640 PM
[ReportManager] Assertion [ValidateComparativeRelation] PASSED. Expected [200] and Actual [200]. Comparison Type [EQUALS]. Validation Type [POSITIVE]. @05-03-2022 18:20:27.0640 PM
[ReportManager] API Action [PerformRequest] successfully performed. With the following test data [Request Type: "POST" | Target Status Code: "200" | Service URL: "https://api.spacex.land/graphql" | Content Type: "application/json" | Response Time: "4587ms"]. @05-03-2022 18:20:27.0671 PM
[ReportManager] Successfully created attachment [API Request - Specifications] @05-03-2022 18:20:27.0672 PM
[ReportManager] Successfully created attachment [API Request - JSON Body] @05-03-2022 18:20:27.0672 PM
[ReportManager] Successfully created attachment [API Response - JSON Body] @05-03-2022 18:20:27.0673 PM
[ReportManager] API Action [GetResponseJSONValue] successfully performed. With the following test data [data.insert_users.returning[0].name]. @05-03-2022 18:20:27.0722 PM
[ReportManager] Assertion [ValidateEquals] PASSED. Expected [sherlock holmes] and Actual [sherlock holmes]. Comparison Type [EQUALS]. Validation Type [POSITIVE]. @05-03-2022 18:20:27.0722 P

################################################################################################################################################
Starting Execution:	[137 out of 165] test cases in the current suite
Test Method:		[testPackage01.Test_sendGraphqlRequest.sendGraphqlRequestUsingQuery]
################################################################################################################################################
[ReportManager] GraphQl Request is being Performed with the Following Parameters [Service URL: https://api.spacex.land/graphql | Request Body: {"query":"{company {ceo}}"}] @05-03-2022 18:20:27.0727 PM
[ReportManager] Response status code: [200], status line: [HTTP/1.1 200 OK] @05-03-2022 18:20:28.0033 PM
[ReportManager] Assertion Passed: Evaluating the actual response status code against the expected one... @05-03-2022 18:20:28.0034 PM
[ReportManager] Assertion [ValidateComparativeRelation] PASSED. Expected [200] and Actual [200]. Comparison Type [EQUALS]. Validation Type [POSITIVE]. @05-03-2022 18:20:28.0034 PM
[ReportManager] API Action [PerformRequest] successfully performed. With the following test data [Request Type: "POST" | Target Status Code: "200" | Service URL: "https://api.spacex.land/graphql" | Content Type: "application/json" | Response Time: "301ms"]. @05-03-2022 18:20:28.0050 PM
[ReportManager] Successfully created attachment [API Request - Specifications] @05-03-2022 18:20:28.0051 PM
[ReportManager] Successfully created attachment [API Request - JSON Body] @05-03-2022 18:20:28.0051 PM
[ReportManager] Successfully created attachment [API Response - JSON Body] @05-03-2022 18:20:28.0052 PM
[ReportManager] API Action [GetResponseJSONValue] successfully performed. With the following test data [data.company.ceo]. @05-03-2022 18:20:28.0073 PM
[ReportManager] Assertion [ValidateEquals] PASSED. Expected [Elon Musk] and Actual [Elon Musk]. Comparison Type [EQUALS]. Validation Type [POSITIVE]. @05-03-2022 18:20:28.0073 P

################################################################################################################################################
Starting Execution:	[138 out of 165] test cases in the current suite
Test Method:		[testPackage01.Test_MatchJsonSchema.checkAPI_ResponseSchema]
################################################################################################################################################
[ReportManager] Response status code: [200], status line: [HTTP/1.1 200 OK] @05-03-2022 18:20:28.0215 PM
[ReportManager] Assertion Passed: Evaluating the actual response status code against the expected one... @05-03-2022 18:20:28.0215 PM
[ReportManager] Assertion [ValidateComparativeRelation] PASSED. Expected [200] and Actual [200]. Comparison Type [EQUALS]. Validation Type [POSITIVE]. @05-03-2022 18:20:28.0215 PM
[ReportManager] API Action [PerformRequest] successfully performed. With the following test data [Request Type: "GET" | Target Status Code: "200" | Service URL: "http://api.zippopotam.us/us/90210" | Content Type: "*/*" | Response Time: "130ms"]. @05-03-2022 18:20:28.0230 PM
[ReportManager] Successfully created attachment [API Request - Specifications] @05-03-2022 18:20:28.0231 PM
[ReportManager] Successfully created attachment [API Response - JSON Body] @05-03-2022 18:20:28.0231 PM
[ReportManager] File Action [GetAbsolutePath] successfully performed. With the following test data [Relative Folder Path: "src/test/resources/testDataFiles/schema.json"]. @05-03-2022 18:20:28.0233 PM
[ReportManager] File Action [GetAbsolutePath] successfully performed. With the following test data [Relative Folder Path: "/Users/runner/work/SHAFT_ENGINE/SHAFT_ENGINE/src/test/resources/testDataFiles/schema.json"]. @05-03-2022 18:20:29.0766 PM
[ReportManager] File Action [ReadFromFile] successfully performed. With the following test data [File Path: "/Users/runner/work/SHAFT_ENGINE/SHAFT_ENGINE/src/test/resources/testDataFiles/schema.json"]. @05-03-2022 18:20:29.0766 PM
[ReportManager] Assertion Passed: Then I Assert that the API response schema matches that in this file [src/test/resources/testDataFiles/schema.json]. @05-03-2022 18:20:29.0768 PM
[ReportManager] Successfully created attachment [Validation Test Data - Expected JSON Value] @05-03-2022 18:20:29.0769 PM
[ReportManager] Successfully created attachment [Validation Test Data - Actual JSON Value] @05-03-2022 18:20:29.0769 PM
[ReportManager] Assertion [ValidateResponseFileSchema] PASSED. Expected [Response data should match the JSON File in this path '/Users/runner/work/SHAFT_ENGINE/SHAFT_ENGINE/src/test/resources/testDataFiles/schema.json'] and Actual [TRUE]. Comparison Type [EQUALS]. Validation Type [POSITIVE]. @05-03-2022 18:20:29.0769 P
[ReportManager] File Action [GetAbsolutePath] successfully performed. With the following test data [Relative Folder Path: "target/downloadedFiles/"]. @05-03-2022 18:20:29.0771 PM
[ReportManager] Attempting to run locally on: [Mac-64], [Safari], Headless Execution. @05-03-2022 18:20:29.0772 PM
[ReportManager] Successfully Opened Safari. @05-03-2022 18:20:30.0986 PM
[ReportManager] Initial window size: (800, 600) @05-03-2022 18:20:31.0012 PM
[ReportManager] Window size after SWD Maximize: (1176, 803) @05-03-2022 18:20:31.0042 PM
[ReportManager] Browser Action [MaximizeWindow] successfully performed. With the following test data [New screen size is now: (1176, 803)]. @05-03-2022 18:20:31.0042 P

################################################################################################################################################
Starting Execution:	[139 out of 165] test cases in the current suite
Test Method:		[testPackage01.Test_dragAndDrop.dragAndDropJquery]
################################################################################################################################################
[ReportManager] Target URL: [https://jqueryui.com/resources/demos/droppable/default.html] @05-03-2022 18:20:31.0044 PM
[ReportManager] Initial URL: [] @05-03-2022 18:20:31.0089 PM
[ReportManager] Browser Action [NavigateToURL] successfully performed. With the following test data [https://jqueryui.com/resources/demos/droppable/default.html]. @05-03-2022 18:20:31.0604 PM
[ReportManager] Element Action [GetText] successfully performed. With the following test data [
	Drop here
]. @05-03-2022 18:20:31.0706 PM
[ReportManager] Element Action [DragAndDrop] successfully performed. With the following test data [Start point: (8, 18), End point: (8, 18)]. @05-03-2022 18:20:32.0848 PM
[ReportManager] Element Action [GetText] successfully performed. With the following test data [
	Dropped!
]. @05-03-2022 18:20:32.0883 PM
[ReportManager] Assertion Passed: Checking to see if the text has changed after performing drag and drop @05-03-2022 18:20:32.0883 PM
[ReportManager] Assertion [ValidateEquals] PASSED. Expected [
	Drop here
] and Actual [
	Dropped!
]. Comparison Type [EQUALS]. Validation Type [NEGATIVE]. @05-03-2022 18:20:32.0883 P
[ReportManager] Browser Action [CloseCurrentWindow] successfully performed. @05-03-2022 18:20:33.0122 PM
[ReportManager] Successfully created attachment [Browser Action Test Data - CloseCurrentWindow - Actual Value] @05-03-2022 18:20:33.0123 P
[ReportManager] File Action [GetAbsolutePath] successfully performed. With the following test data [Relative Folder Path: "target/downloadedFiles/"]. @05-03-2022 18:20:33.0124 PM
[ReportManager] Attempting to run locally on: [Mac-64], [Safari], Headless Execution. @05-03-2022 18:20:33.0124 PM
[ReportManager] Successfully Opened Safari. @05-03-2022 18:20:33.0953 PM
[ReportManager] Initial window size: (800, 600) @05-03-2022 18:20:33.0977 PM
[ReportManager] Window size after SWD Maximize: (1176, 803) @05-03-2022 18:20:34.0006 PM
[ReportManager] Browser Action [MaximizeWindow] successfully performed. With the following test data [New screen size is now: (1176, 803)]. @05-03-2022 18:20:34.0007 P

################################################################################################################################################
Starting Execution:	[140 out of 165] test cases in the current suite
Test Method:		[testPackage01.Test_dragAndDrop.dragAndDrop]
Test Description:	[TC001 - Test Drag and Drop function.]
################################################################################################################################################
[ReportManager] Target URL: [http://the-internet.herokuapp.com/drag_and_drop] @05-03-2022 18:20:34.0010 PM
[ReportManager] Initial URL: [] @05-03-2022 18:20:34.0087 PM
[ReportManager] Browser Action [NavigateToURL] successfully performed. With the following test data [http://the-internet.herokuapp.com/drag_and_drop]. @05-03-2022 18:20:35.0086 PM
[ReportManager] Attempting Drag and Drop @05-03-2022 18:20:35.0086 PM
[ReportManager] Element Action [DragAndDrop] successfully performed. With the following test data [Start point: (120, 89), End point: (335, 89)]. @05-03-2022 18:20:35.0740 P
[ReportManager] Browser Action [CloseCurrentWindow] successfully performed. @05-03-2022 18:20:35.0849 PM
[ReportManager] Successfully created attachment [Browser Action Test Data - CloseCurrentWindow - Actual Value] @05-03-2022 18:20:35.0850 P
[ReportManager] File Action [GetAbsolutePath] successfully performed. With the following test data [Relative Folder Path: "target/downloadedFiles/"]. @05-03-2022 18:20:35.0852 PM
[ReportManager] Attempting to run locally on: [Mac-64], [Safari], Headless Execution. @05-03-2022 18:20:35.0852 PM
[ReportManager] Successfully Opened Safari. @05-03-2022 18:20:36.0674 PM
[ReportManager] Initial window size: (800, 600) @05-03-2022 18:20:36.0680 PM
[ReportManager] Window size after SWD Maximize: (1176, 803) @05-03-2022 18:20:36.0702 PM
[ReportManager] Browser Action [MaximizeWindow] successfully performed. With the following test data [New screen size is now: (1176, 803)]. @05-03-2022 18:20:36.0703 P

################################################################################################################################################
Starting Execution:	[141 out of 165] test cases in the current suite
Test Method:		[testPackage01.Test_dragAndDrop.dragAndDropByOffset]
Test Description:	[TC002 - Test Drag and Drop by offset function.]
################################################################################################################################################
[ReportManager] Target URL: [https://jqueryui.com/resources/demos/draggable/default.html] @05-03-2022 18:20:36.0753 PM
[ReportManager] Initial URL: [] @05-03-2022 18:20:36.0784 PM
[ReportManager] Browser Action [NavigateToURL] successfully performed. With the following test data [https://jqueryui.com/resources/demos/draggable/default.html]. @05-03-2022 18:20:37.0225 PM
[ReportManager] Element Action [DragAndDropByOffset] successfully performed. With the following test data [Start point: (8, 8), End point: (108, 58)]. @05-03-2022 18:20:38.0047 P
[ReportManager] Browser Action [CloseCurrentWindow] successfully performed. @05-03-2022 18:20:38.0451 PM
[ReportManager] Successfully created attachment [Browser Action Test Data - CloseCurrentWindow - Actual Value] @05-03-2022 18:20:38.0452 P
[ReportManager] Successfully loaded the following test data file [src/test/resources/testDataFiles/testSuite01/TestData.xlsx]. @05-03-2022 18:20:38.0485 PM
[ReportManager] Successfully created attachment [Test Data - Excel] @05-03-2022 18:20:38.0485 PM
[ReportManager] File Action [GetAbsolutePath] successfully performed. With the following test data [Relative Folder Path: "target/downloadedFiles/"]. @05-03-2022 18:20:38.0486 PM
[ReportManager] Attempting to run locally on: [Mac-64], [Safari], Headless Execution. @05-03-2022 18:20:38.0486 PM
[ReportManager] Successfully Opened Safari. @05-03-2022 18:20:39.0387 PM
[ReportManager] Initial window size: (800, 600) @05-03-2022 18:20:39.0415 PM
[ReportManager] Window size after SWD Maximize: (1176, 803) @05-03-2022 18:20:39.0472 PM
[ReportManager] Browser Action [MaximizeWindow] successfully performed. With the following test data [New screen size is now: (1176, 803)]. @05-03-2022 18:20:39.0472 P

################################################################################################################################################
Starting Execution:	[142 out of 165] test cases in the current suite
Test Method:		[testPackage01.Test_google.navigateToURLandVerifyGoogleLogoIsDisplayed]
Test Description:	[TC001 - Navigate to URL and Verify Google Logo is Displayed]
################################################################################################################################################
[ReportManager] Target URL: [https://www.google.com/ncr], and after redirection: [https://www.google.com] @05-03-2022 18:20:39.0475 PM
[ReportManager] Initial URL: [] @05-03-2022 18:20:39.0557 PM
[ReportManager] Browser Action [NavigateToURL] successfully performed. With the following test data [https://www.google.com/ncr]. @05-03-2022 18:20:42.0543 PM
[ReportManager] Assertion Passed: Then I Assert that the element found by [By.xpath: //*[@id='hplogo' or @alt='Google']] exists. @05-03-2022 18:20:42.0819 PM
[ReportManager] Successfully created attachment [Screenshot - 1646504442676_navigateToURLandVerifyGoogleLogoIsDisplayed_ValidateElementExists_passed] @05-03-2022 18:20:42.0820 PM
[ReportManager] Assertion [ValidateElementExists] PASSED. Expected [Element Should Exist, locator 'By.xpath: //*[@id='hplogo' or @alt='Google']'] and Actual [Element Exists]. Comparison Type [EQUALS]. Validation Type [POSITIVE]. @05-03-2022 18:20:42.0820 P

################################################################################################################################################
Starting Execution:	[143 out of 165] test cases in the current suite
Test Method:		[testPackage01.Test_google.searchForQueryandAssertResultsNumDisplayed]
Test Description:	[TC002 - Search for Query and Assert that the number of results is displayed]
################################################################################################################################################
[ReportManager] Element Action [Type] successfully performed. With the following test data [SHAFT_Engine]. @05-03-2022 18:20:43.0248 PM
[ReportManager] Element Action [KeyPress] successfully performed. With the following test data [Enter]. @05-03-2022 18:20:43.0305 PM
[ReportManager] Element Action [GetText] successfully performed. With the following test data [About 779,000 results (0.46 seconds)Quick SettingsSee all settingsPrivacySearch historyYour data in SearchUsing SearchExplicit results filterLearn more about SafeSearchHide explicit resultsLanguagesEnglishAdvanced searchAppearanceLight themeDark themeDevice defaultSupportSearch help]. @05-03-2022 18:20:44.0799 PM
[ReportManager] Assertion Passed: Then I Assert that the element found by [By.id: appbar] text does not equal []. @05-03-2022 18:20:45.0026 PM
[ReportManager] Successfully created attachment [Screenshot - 1646504444946_searchForQueryandAssertResultsNumDisplayed_ValidateElementAttribute_passed] @05-03-2022 18:20:45.0028 PM
[ReportManager] Assertion [ValidateElementAttribute] PASSED. Expected [Value Should not be '' for the 'text' attribute, element locator 'By.id: appbar'] and Actual [About 779,000 results (0.46 seconds)Quick SettingsSee all settingsPrivacySearch historyYour data in SearchUsing SearchExplicit results filterLearn more about SafeSearchHide explicit resultsLanguagesEnglishAdvanced searchAppearanceLight themeDark themeDevice defaultSupportSearch help]. Comparison Type [EQUALS]. Validation Type [NEGATIVE]. @05-03-2022 18:20:45.0028 P

################################################################################################################################################
Starting Execution:	[144 out of 165] test cases in the current suite
Test Method:		[testPackage01.Test_google.clickNextThrice]
Test Description:	[TC003 - Clicks the next button to make sure that the framework can scroll element into view before clicking it]
################################################################################################################################################
[ReportManager] Element Action [Click] successfully performed. With the following test data [By.xpath: //span[text()='Next']]. @05-03-2022 18:20:45.0327 P
[ReportManager] Successfully Closed All Drivers. @05-03-2022 18:20:45.0598 P
[ReportManager] File Action [GetAbsolutePath] successfully performed. With the following test data [Relative Folder Path: "target/downloadedFiles/"]. @05-03-2022 18:20:45.0599 PM
[ReportManager] Attempting to run locally on: [Mac-64], [Safari], Headless Execution. @05-03-2022 18:20:45.0600 PM
[ReportManager] Successfully Opened Safari. @05-03-2022 18:20:46.0410 PM
[ReportManager] Initial window size: (800, 600) @05-03-2022 18:20:46.0458 PM
[ReportManager] Window size after SWD Maximize: (1176, 803) @05-03-2022 18:20:46.0478 PM
[ReportManager] Browser Action [MaximizeWindow] successfully performed. With the following test data [New screen size is now: (1176, 803)]. @05-03-2022 18:20:46.0478 P

################################################################################################################################################
Starting Execution:	[145 out of 165] test cases in the current suite
Test Method:		[testPackage01.Test_chainableElementActions.chainElementActions]
################################################################################################################################################
[ReportManager] Target URL: [https://www.google.com/ncr], and after redirection: [https://www.google.com] @05-03-2022 18:20:46.0481 PM
[ReportManager] Initial URL: [] @05-03-2022 18:20:46.0545 PM
[ReportManager] Browser Action [NavigateToURL] successfully performed. With the following test data [https://www.google.com/ncr]. @05-03-2022 18:20:49.0611 PM
[ReportManager] Element Action [Type] successfully performed. With the following test data [chained type 1]. @05-03-2022 18:20:49.0924 PM
[ReportManager] Element Action [Type] successfully performed. With the following test data [chained type 2]. @05-03-2022 18:20:50.0298 PM
[ReportManager] Element Action [TypeAppend] successfully performed. With the following test data [345]. @05-03-2022 18:20:50.0349 PM
[ReportManager] Element Action [GetText] successfully performed. With the following test data [chained type 2345]. @05-03-2022 18:20:50.0406 PM
[ReportManager] Assertion Passed: Then I Assert that the element found by [By.name: q] text is equal to [chained type 2345]. @05-03-2022 18:20:50.0581 PM
[ReportManager] Successfully created attachment [Screenshot - 1646504450498_chainElementActions_ValidateElementAttribute_passed] @05-03-2022 18:20:50.0582 PM
[ReportManager] Assertion [ValidateElementAttribute] PASSED. Expected [Value Should be 'chained type 2345' for the 'text' attribute, element locator 'By.name: q'] and Actual [chained type 2345]. Comparison Type [EQUALS]. Validation Type [POSITIVE]. @05-03-2022 18:20:50.0582 P
[ReportManager] Successfully Closed All Drivers. @05-03-2022 18:20:51.0031 P
[ReportManager] File Action [GetAbsolutePath] successfully performed. With the following test data [Relative Folder Path: "target/downloadedFiles/"]. @05-03-2022 18:20:51.0034 PM
[ReportManager] Attempting to run locally on: [Mac-64], [Safari], Headless Execution. @05-03-2022 18:20:51.0034 PM
[ReportManager] Successfully Opened Safari. @05-03-2022 18:20:51.0967 PM
[ReportManager] Initial window size: (800, 600) @05-03-2022 18:20:51.0980 PM
[ReportManager] Window size after SWD Maximize: (1176, 803) @05-03-2022 18:20:52.0003 PM
[ReportManager] Browser Action [MaximizeWindow] successfully performed. With the following test data [New screen size is now: (1176, 803)]. @05-03-2022 18:20:52.0003 P

################################################################################################################################################
Starting Execution:	[146 out of 165] test cases in the current suite
Test Method:		[testPackage01.Test_RelativeLocators.relativeLocatorsTest1]
################################################################################################################################################
[ReportManager] Target URL: [https://duckduckgo.com/] @05-03-2022 18:20:52.0007 PM
[ReportManager] Initial URL: [] @05-03-2022 18:20:52.0080 PM
[ReportManager] Browser Action [NavigateToURL] successfully performed. With the following test data [https://duckduckgo.com/]. @05-03-2022 18:20:53.0004 PM
[ReportManager] Element Action [Type] successfully performed. With the following test data [SHAFT_Engine]. @05-03-2022 18:20:53.0225 PM
[ReportManager] Element Action [KeyPress] successfully performed. With the following test data [ENTER]. @05-03-2022 18:20:53.0288 PM
[ReportManager] Element Action [GetText] successfully performed. With the following test data [GitHub - MohabMohie/SHAFT_ENGINE: SHAFT_ENGINE is a Test ...]. @05-03-2022 18:20:55.0055 PM
[ReportManager] Assertion Passed: Then I Assert that the element found by [Relative Locator: {root={xpath=//a[@class='result__a js-result-title-link']}, filters=[{kind=below, args=[{xpath=//input[@name='q']}]}]}] text does not equal []. @05-03-2022 18:20:55.0365 PM
[ReportManager] Successfully created attachment [Screenshot - 1646504455220_relativeLocatorsTest1_ValidateElementAttribute_passed] @05-03-2022 18:20:55.0369 PM
[ReportManager] Assertion [ValidateElementAttribute] PASSED. Expected [Value Should not be '' for the 'text' attribute, element locator '[unknown locator]'] and Actual [GitHub - MohabMohie/SHAFT_ENGINE: SHAFT_ENGINE is a Test ...]. Comparison Type [EQUALS]. Validation Type [NEGATIVE]. @05-03-2022 18:20:55.0369 P
[ReportManager] Browser Action [CloseCurrentWindow] successfully performed. @05-03-2022 18:20:55.0614 PM
[ReportManager] Successfully created attachment [Browser Action Test Data - CloseCurrentWindow - Actual Value] @05-03-2022 18:20:55.0615 P

################################################################################################################################################
Starting Execution:	[147 out of 165] test cases in the current suite
Test Method:		[testPackage01.Test_JsonCompareWithSpecialCharacters.specialCharacters]
################################################################################################################################################
[ReportManager] File Action [GetAbsolutePath] successfully performed. With the following test data [Relative Folder Path: "src/test/resources/testDataFiles/specialCharacters.json"]. @05-03-2022 18:20:55.0623 PM
[ReportManager] File Action [ReadFromFile] successfully performed. With the following test data [File Path: "/Users/runner/work/SHAFT_ENGINE/SHAFT_ENGINE/src/test/resources/testDataFiles/specialCharacters.json"]. @05-03-2022 18:20:55.0623 PM
[ReportManager] Successfully created attachment [File Action Actual Result - Command Log] @05-03-2022 18:20:55.0624 PM
[ReportManager] Comparing the provided API response with the file at this path "src/test/resources/testDataFiles/specialCharacters.json", comparison type "EQUALS" @05-03-2022 18:20:55.0626 PM
[ReportManager] API Action [CompareJSON] successfully performed. With the following test data [src/test/resources/testDataFiles/specialCharacters.json]. @05-03-2022 18:20:55.0632 PM
[ReportManager] File Action [GetAbsolutePath] successfully performed. With the following test data [Relative Folder Path: "src/test/resources/testDataFiles/specialCharacters.json"]. @05-03-2022 18:20:55.0632 PM
[ReportManager] File Action [ReadFromFile] successfully performed. With the following test data [File Path: "/Users/runner/work/SHAFT_ENGINE/SHAFT_ENGINE/src/test/resources/testDataFiles/specialCharacters.json"]. @05-03-2022 18:20:55.0633 PM
[ReportManager] Verification [ValidateJSONFileContent] PASSED. Expected [Response data should match the JSON File in this path 'src/test/resources/testDataFiles/specialCharacters.json'] and Actual [TRUE]. Comparison Type [EQUALS]. Validation Type [POSITIVE]. @05-03-2022 18:20:55.0637 PM
[ReportManager] Successfully created attachment [Validation Test Data - Expected JSON Value] @05-03-2022 18:20:55.0638 PM
[ReportManager] Successfully created attachment [Validation Test Data - Actual JSON Value] @05-03-2022 18:20:55.0638 P

################################################################################################################################################
Starting Execution:	[148 out of 165] test cases in the current suite
Test Method:		[testPackage01.Test_JsonCompareWithSpecialCharacters.specialCharacters_assertion]
################################################################################################################################################
[ReportManager] File Action [GetAbsolutePath] successfully performed. With the following test data [Relative Folder Path: "src/test/resources/testDataFiles/specialCharacters.json"]. @05-03-2022 18:20:55.0642 PM
[ReportManager] File Action [ReadFromFile] successfully performed. With the following test data [File Path: "/Users/runner/work/SHAFT_ENGINE/SHAFT_ENGINE/src/test/resources/testDataFiles/specialCharacters.json"]. @05-03-2022 18:20:55.0642 PM
[ReportManager] Successfully created attachment [File Action Actual Result - Command Log] @05-03-2022 18:20:55.0643 PM
[ReportManager] Comparing the provided API response with the file at this path "src/test/resources/testDataFiles/specialCharacters.json", comparison type "CONTAINS" @05-03-2022 18:20:55.0643 PM
[ReportManager] API Action [CompareJSON] successfully performed. With the following test data [src/test/resources/testDataFiles/specialCharacters.json]. @05-03-2022 18:20:55.0652 PM
[ReportManager] File Action [GetAbsolutePath] successfully performed. With the following test data [Relative Folder Path: "src/test/resources/testDataFiles/specialCharacters.json"]. @05-03-2022 18:20:55.0652 PM
[ReportManager] File Action [ReadFromFile] successfully performed. With the following test data [File Path: "/Users/runner/work/SHAFT_ENGINE/SHAFT_ENGINE/src/test/resources/testDataFiles/specialCharacters.json"]. @05-03-2022 18:20:55.0653 PM
[ReportManager] Assertion Passed: trying out the log message @05-03-2022 18:20:55.0656 PM
[ReportManager] Successfully created attachment [Validation Test Data - Expected JSON Value] @05-03-2022 18:20:55.0657 PM
[ReportManager] Successfully created attachment [Validation Test Data - Actual JSON Value] @05-03-2022 18:20:55.0658 PM
[ReportManager] Assertion [ValidateJSONFileContent] PASSED. Expected [Response data should match the JSON File in this path 'src/test/resources/testDataFiles/specialCharacters.json'] and Actual [TRUE]. Comparison Type [CONTAINS]. Validation Type [POSITIVE]. @05-03-2022 18:20:55.0658 P

################################################################################################################################################
Starting Execution:	[149 out of 165] test cases in the current suite
Test Method:		[testPackage01.Test_SkipDueToIssue.doNotSkip]
################################################################################################################################################
[ReportManager] This should not be skipped. @05-03-2022 18:20:55.0662 P

################################################################################################################################################
Starting Execution:	[150 out of 165] test cases in the current suite
Test Method:		[testPackage01.Test_SkipDueToIssue.skip]
################################################################################################################################################
[ReportManager] This should be skipped. @05-03-2022 18:20:55.0667 P

################################################################################################################################################
Starting Execution:	[151 out of 165] test cases in the current suite
Test Method:		[testPackage01.Test_SkipDueToIssue.skip2]
################################################################################################################################################
[ReportManager] This should be skipped. @05-03-2022 18:20:55.0672 P

################################################################################################################################################
Starting Execution:	[152 out of 165] test cases in the current suite
Test Method:		[testPackage01.Test_JSONFileManager.readStringFromJson]
################################################################################################################################################
[ReportManager] File Action [GetAbsolutePath] successfully performed. With the following test data [Relative Folder Path: "src/test/resources/testDataFiles/simpleJSON.json"]. @05-03-2022 18:20:55.0678 PM
[ReportManager] Successfully loaded the following test data file [src/test/resources/testDataFiles/simpleJSON.json]. @05-03-2022 18:20:55.0679 PM
[ReportManager] Successfully created attachment [Test Data - JSON] @05-03-2022 18:20:55.0679 PM
[ReportManager] File Action [GetAbsolutePath] successfully performed. With the following test data [Relative Folder Path: "src/test/resources/testDataFiles/simpleJSON.json"]. @05-03-2022 18:20:55.0680 PM
[ReportManager] Assertion [ValidateEquals] PASSED. Expected [Mohab Mohie] and Actual [Mohab Mohie]. Comparison Type [EQUALS]. Validation Type [POSITIVE]. @05-03-2022 18:20:55.0693 P
[ReportManager] File Action [GetAbsolutePath] successfully performed. With the following test data [Relative Folder Path: "target/downloadedFiles/"]. @05-03-2022 18:20:55.0696 PM
[ReportManager] Attempting to run locally on: [Mac-64], [Safari], Headless Execution. @05-03-2022 18:20:55.0696 PM
[ReportManager] Successfully Opened Safari. @05-03-2022 18:20:56.0618 PM
[ReportManager] Initial window size: (800, 600) @05-03-2022 18:20:56.0646 PM
[ReportManager] Window size after SWD Maximize: (1176, 803) @05-03-2022 18:20:56.0669 PM
[ReportManager] Browser Action [MaximizeWindow] successfully performed. With the following test data [New screen size is now: (1176, 803)]. @05-03-2022 18:20:56.0669 P

################################################################################################################################################
Starting Execution:	[153 out of 165] test cases in the current suite
Test Method:		[testPackage01.Test_assertEquals.test_assertElementAttribute]
################################################################################################################################################
[ReportManager] Target URL: [https://www.google.com/ncr], and after redirection: [https://www.google.com] @05-03-2022 18:20:56.0672 PM
[ReportManager] Initial URL: [] @05-03-2022 18:20:56.0764 PM
[ReportManager] Browser Action [NavigateToURL] successfully performed. With the following test data [https://www.google.com/ncr]. @05-03-2022 18:20:59.0772 PM
[ReportManager] Element Action [Type] successfully performed. With the following test data [INC_004010050:Another SCHEDULER with the same name [Duplicate Job Name] already exists.]. @05-03-2022 18:21:00.0578 PM
[ReportManager] Element Action [GetText] successfully performed. With the following test data [INC_004010050:Another SCHEDULER with the same name [Duplicate Job Name] already exists.]. @05-03-2022 18:21:00.0631 PM
[ReportManager] Assertion [ValidateElementAttribute] PASSED. Expected [Value Should be 'INC_004010050:Another SCHEDULER with the same name \[Duplicate Job Name\] already exists.' for the 'text' attribute, element locator 'By.name: q'] and Actual [INC_004010050:Another SCHEDULER with the same name [Duplicate Job Name] already exists.]. Comparison Type [MATCHES]. Validation Type [POSITIVE]. @05-03-2022 18:21:00.0809 PM
[ReportManager] Successfully created attachment [Screenshot - 1646504460735_test_assertElementAttribute_ValidateElementAttribute_passed] @05-03-2022 18:21:00.0810 P
[ReportManager] Browser Action [CloseCurrentWindow] successfully performed. @05-03-2022 18:21:01.0231 PM
[ReportManager] Successfully created attachment [Browser Action Test Data - CloseCurrentWindow - Actual Value] @05-03-2022 18:21:01.0231 P
[ReportManager] File Action [GetAbsolutePath] successfully performed. With the following test data [Relative Folder Path: "target/downloadedFiles/"]. @05-03-2022 18:21:01.0233 PM
[ReportManager] Attempting to run locally on: [Mac-64], [Safari], Headless Execution. @05-03-2022 18:21:01.0233 PM
[ReportManager] Successfully Opened Safari. @05-03-2022 18:21:02.0061 PM
[ReportManager] Initial window size: (800, 600) @05-03-2022 18:21:02.0099 PM
[ReportManager] Window size after SWD Maximize: (1176, 803) @05-03-2022 18:21:02.0133 PM
[ReportManager] Browser Action [MaximizeWindow] successfully performed. With the following test data [New screen size is now: (1176, 803)]. @05-03-2022 18:21:02.0134 P

################################################################################################################################################
Starting Execution:	[154 out of 165] test cases in the current suite
Test Method:		[testPackage01.Test_IsElementClickable.testIsElementClickable]
################################################################################################################################################
[ReportManager] Target URL: [https://the-internet.herokuapp.com/] @05-03-2022 18:21:02.0137 PM
[ReportManager] Initial URL: [] @05-03-2022 18:21:02.0187 PM
[ReportManager] Browser Action [NavigateToURL] successfully performed. With the following test data [https://the-internet.herokuapp.com/]. @05-03-2022 18:21:03.0422 PM
[ReportManager] Element Action [IsElementClickable] successfully performed. @05-03-2022 18:21:03.0522 PM
[ReportManager] Assertion [ValidateTrue] PASSED. Expected [TRUE] and Actual [TRUE]. Validation Type [POSITIVE]. @05-03-2022 18:21:03.0523 P
[ReportManager] Browser Action [CloseCurrentWindow] successfully performed. @05-03-2022 18:21:03.0810 PM
[ReportManager] Successfully created attachment [Browser Action Test Data - CloseCurrentWindow - Actual Value] @05-03-2022 18:21:03.0811 P
[ReportManager] Successfully loaded the following test data file [src/test/resources/testDataFiles/testSuite01/TestData.xlsx]. @05-03-2022 18:21:03.0842 PM
[ReportManager] Successfully created attachment [Test Data - Excel] @05-03-2022 18:21:03.0843 PM
[ReportManager] Attempting to run using Playwright locally on: [Mac-64], [Safari], Headless Execution. @05-03-2022 18:21:27.0767 PM
[ReportManager] File Action [GetAbsolutePath] successfully performed. With the following test data [Relative Folder Path: "target/downloadedFiles/"]. @05-03-2022 18:21:27.0768 PM
[ReportManager] Initial window size: (1280, 720) @05-03-2022 18:21:32.0750 PM
[ReportManager] Window size after Toolkit: com.microsoft.playwright.options.ViewportSize@5923b94 @05-03-2022 18:21:32.0761 PM
[ReportManager] Browser Action [MaximizeWindow] successfully performed. With the following test data [New screen size is now: (1920, 1080)]. @05-03-2022 18:21:32.0762 P

################################################################################################################################################
Starting Execution:	[155 out of 165] test cases in the current suite
Test Method:		[testPackage01.Test_google_playwright.navigateToURLandVerifyGoogleLogoIsDisplayed]
Test Description:	[TC001 - Navigate to URL and Verify Google Logo is Displayed]
################################################################################################################################################
[ReportManager] Target URL: [https://www.google.com/ncr], and after redirection: [https://www.google.com] @05-03-2022 18:21:32.0766 PM
[ReportManager] Initial URL: [about:blank] @05-03-2022 18:21:33.0220 PM
[ReportManager] Browser Action [NavigateToURL] successfully performed. With the following test data [https://www.google.com/ncr]. @05-03-2022 18:21:37.0279 PM
[ReportManager] Assertion [ValidateElementExists] PASSED. Expected [Element Should Exist, locator 'xpath=//*[@id='hplogo' or @alt='Google']'] and Actual [Element Exists]. Comparison Type [EQUALS]. Validation Type [POSITIVE]. @05-03-2022 18:21:37.0544 PM
[ReportManager] Successfully created attachment [Screenshot - 1646504497431_navigateToURLandVerifyGoogleLogoIsDisplayed_ValidateElementExists_passed] @05-03-2022 18:21:37.0545 P

################################################################################################################################################
Starting Execution:	[156 out of 165] test cases in the current suite
Test Method:		[testPackage01.Test_google_playwright.searchForQueryandAssertResultsNumDisplayed]
Test Description:	[TC002 - Search for Query and Assert that the number of results is displayed]
################################################################################################################################################
[ReportManager] Element Action [Type] successfully performed. With the following test data [SHAFT_Engine]. @05-03-2022 18:21:37.0717 PM
[ReportManager] Element Action [KeyPress] successfully performed. With the following test data [Enter]. @05-03-2022 18:21:37.0750 PM
[ReportManager] Element Action [GetText] successfully performed. @05-03-2022 18:21:38.0562 PM
[ReportManager] Assertion [ValidateElementAttribute] FAILED. Expected [Value Should not be '' for the 'text' attribute, element locator 'xpath=//div[@id='appbar']'] and Actual []. Comparison Type [EQUALS]. Validation Type [NEGATIVE]. @05-03-2022 18:21:40.0969 PM
[ReportManager] Successfully created attachment [Screenshot - 1646504500840_searchForQueryandAssertResultsNumDisplayed_ValidateElementAttribute_failed] @05-03-2022 18:21:40.0971 P

################################################################################################################################################
Starting Execution:	[157 out of 165] test cases in the current suite
Test Method:		[testPackage01.Test_google_playwright.clickNextThrice]
Test Description:	[TC003 - Clicks the next button to make sure that the framework can scroll element into view before clicking it]
###############################################################################################################################################
[ReportManager] Failed to find video recording. @05-03-2022 18:21:40.0978 PM
[ReportManager] Successfully Closed PlayWright Driver. @05-03-2022 18:21:41.0026 P
[ReportManager] File Action [GetAbsolutePath] successfully performed. With the following test data [Relative Folder Path: "target/downloadedFiles/"]. @05-03-2022 18:21:41.0028 PM
[ReportManager] Attempting to run locally on: [Mac-64], [Safari], Headless Execution. @05-03-2022 18:21:41.0028 PM
[ReportManager] Successfully Opened Safari. @05-03-2022 18:21:41.0908 PM
[ReportManager] Initial window size: (800, 600) @05-03-2022 18:21:41.0929 PM
[ReportManager] Window size after SWD Maximize: (1176, 803) @05-03-2022 18:21:41.0942 PM
[ReportManager] Browser Action [MaximizeWindow] successfully performed. With the following test data [New screen size is now: (1176, 803)]. @05-03-2022 18:21:41.0942 P

################################################################################################################################################
Starting Execution:	[158 out of 165] test cases in the current suite
Test Method:		[testPackage01.Test_verifyEquals.test_assertElementAttribute]
################################################################################################################################################
[ReportManager] Target URL: [https://www.google.com/ncr], and after redirection: [https://www.google.com] @05-03-2022 18:21:42.0001 PM
[ReportManager] Initial URL: [] @05-03-2022 18:21:42.0060 PM
[ReportManager] Browser Action [NavigateToURL] successfully performed. With the following test data [https://www.google.com/ncr]. @05-03-2022 18:21:44.0987 PM
[ReportManager] Element Action [Type] successfully performed. With the following test data [INC_004010050:Another SCHEDULER with the same name [Duplicate Job Name] already exists.]. @05-03-2022 18:21:45.0814 PM
[ReportManager] Element Action [GetText] successfully performed. With the following test data [INC_004010050:Another SCHEDULER with the same name [Duplicate Job Name] already exists.]. @05-03-2022 18:21:45.0876 PM
[ReportManager] Verification [ValidateElementAttribute] PASSED. Expected [Value Should be 'INC_004010050:Another SCHEDULER with the same name \[Duplicate Job Name\] already exists.' for the 'text' attribute, element locator 'By.name: q'] and Actual [INC_004010050:Another SCHEDULER with the same name [Duplicate Job Name] already exists.]. Comparison Type [MATCHES]. Validation Type [POSITIVE]. @05-03-2022 18:21:46.0092 PM
[ReportManager] Successfully created attachment [Screenshot - 1646504505975_test_assertElementAttribute_ValidateElementAttribute_passed] @05-03-2022 18:21:46.0093 P
[ReportManager] Browser Action [CloseCurrentWindow] successfully performed. @05-03-2022 18:21:46.0408 PM
[ReportManager] Successfully created attachment [Browser Action Test Data - CloseCurrentWindow - Actual Value] @05-03-2022 18:21:46.0409 P

################################################################################################################################################
Starting Execution:	[159 out of 165] test cases in the current suite
Test Method:		[testPackage01.Test_SelectedValue.multipleSelect]
################################################################################################################################################
[ReportManager] File Action [GetAbsolutePath] successfully performed. With the following test data [Relative Folder Path: "target/downloadedFiles/"]. @05-03-2022 18:21:46.0412 PM
[ReportManager] Attempting to run locally on: [Mac-64], [GoogleChrome], Headless Execution. @05-03-2022 18:21:46.0414 PM
[ReportManager] Identifying OS/Driver combination and selecting the correct driver version automatically. Please note that if a new driver executable will be downloaded it may take some time... @05-03-2022 18:21:46.0414 PM
[ReportManager] Successfully Opened Google Chrome. @05-03-2022 18:21:49.0836 PM
[ReportManager] Initial window size: (1920, 1080) @05-03-2022 18:21:49.0841 PM
[ReportManager] Window size after SWD Maximize: (1920, 1080) @05-03-2022 18:21:50.0002 PM
[ReportManager] Window size after Toolkit: (1920, 1080) @05-03-2022 18:21:50.0540 PM
[ReportManager] Browser Action [MaximizeWindow] successfully performed. With the following test data [New screen size is now: (1920, 1080)]. @05-03-2022 18:21:50.0542 PM
[ReportManager] Target URL: [https://yari-demos.prod.mdn.mozit.cloud/en-US/docs/Web/HTML/Element/select/_sample_.Advanced_select_with_multiple_features.html] @05-03-2022 18:21:50.0543 PM
[ReportManager] Initial URL: [data:,] @05-03-2022 18:21:50.0569 PM
[ReportManager] Browser Action [NavigateToURL] successfully performed. With the following test data [https://yari-demos.prod.mdn.mozit.cloud/en-US/docs/Web/HTML/Element/select/_sample_.Advanced_select_with_multiple_features.html]. @05-03-2022 18:21:50.0820 PM
[ReportManager] Element Action [Select] successfully performed. With the following test data [Dog]. @05-03-2022 18:21:51.0026 PM
[ReportManager] Element Action [Select] successfully performed. With the following test data [Cat]. @05-03-2022 18:21:51.0186 PM
[ReportManager] Element Action [GetSelectedText] successfully performed. With the following test data [DogCat]. @05-03-2022 18:21:51.0292 PM
[ReportManager] DogCat @05-03-2022 18:21:51.0292 PM
[ReportManager] Element Action [GetSelectedText] successfully performed. With the following test data [DogCat]. @05-03-2022 18:21:51.0382 PM
[ReportManager] Assertion [ValidateElementAttribute] PASSED. Expected [Value Should be 'DogCat' for the 'selectedText' attribute, element locator 'By.tagName: select'] and Actual [DogCat]. Comparison Type [EQUALS]. Validation Type [POSITIVE]. @05-03-2022 18:21:51.0967 PM
[ReportManager] Successfully created attachment [Screenshot - 1646504511861_multipleSelect_ValidateElementAttribute_passed] @05-03-2022 18:21:51.0968 PM
[ReportManager] Browser Action [CloseCurrentWindow] successfully performed. @05-03-2022 18:21:52.0284 PM
[ReportManager] Successfully created attachment [Browser Action Test Data - CloseCurrentWindow - Actual Value] @05-03-2022 18:21:52.0285 P

################################################################################################################################################
Starting Execution:	[160 out of 165] test cases in the current suite
Test Method:		[testPackage01.Test_SelectedValue.simpleSelect]
################################################################################################################################################
[ReportManager] File Action [GetAbsolutePath] successfully performed. With the following test data [Relative Folder Path: "target/downloadedFiles/"]. @05-03-2022 18:21:52.0291 PM
[ReportManager] Attempting to run locally on: [Mac-64], [GoogleChrome], Headless Execution. @05-03-2022 18:21:52.0291 PM
[ReportManager] Identifying OS/Driver combination and selecting the correct driver version automatically. Please note that if a new driver executable will be downloaded it may take some time... @05-03-2022 18:21:52.0291 PM
[ReportManager] Successfully Opened Google Chrome. @05-03-2022 18:21:52.0799 PM
[ReportManager] Initial window size: (1920, 1080) @05-03-2022 18:21:52.0803 PM
[ReportManager] Window size after SWD Maximize: (1920, 1080) @05-03-2022 18:21:53.0005 PM
[ReportManager] Window size after Toolkit: (1920, 1080) @05-03-2022 18:21:53.0424 PM
[ReportManager] Browser Action [MaximizeWindow] successfully performed. With the following test data [New screen size is now: (1920, 1080)]. @05-03-2022 18:21:53.0427 PM
[ReportManager] Target URL: [https://yari-demos.prod.mdn.mozit.cloud/en-US/docs/Web/HTML/Element/select/_sample_.Basic_select.html] @05-03-2022 18:21:53.0427 PM
[ReportManager] Initial URL: [data:,] @05-03-2022 18:21:53.0454 PM
[ReportManager] Browser Action [NavigateToURL] successfully performed. With the following test data [https://yari-demos.prod.mdn.mozit.cloud/en-US/docs/Web/HTML/Element/select/_sample_.Basic_select.html]. @05-03-2022 18:21:53.0736 PM
[ReportManager] Element Action [Select] successfully performed. With the following test data [Third Value]. @05-03-2022 18:21:53.0989 PM
[ReportManager] Element Action [GetSelectedText] successfully performed. With the following test data [Third Value]. @05-03-2022 18:21:54.0060 PM
[ReportManager] Third Value @05-03-2022 18:21:54.0060 PM
[ReportManager] Element Action [GetSelectedText] successfully performed. With the following test data [Third Value]. @05-03-2022 18:21:54.0123 PM
[ReportManager] Assertion [ValidateElementAttribute] PASSED. Expected [Value Should be 'Third Value' for the 'selectedText' attribute, element locator 'By.tagName: select'] and Actual [Third Value]. Comparison Type [EQUALS]. Validation Type [POSITIVE]. @05-03-2022 18:21:54.0602 PM
[ReportManager] Successfully created attachment [Screenshot - 1646504514499_simpleSelect_ValidateElementAttribute_passed] @05-03-2022 18:21:54.0602 PM
[ReportManager] Browser Action [CloseCurrentWindow] successfully performed. @05-03-2022 18:21:54.0748 PM
[ReportManager] Successfully created attachment [Browser Action Test Data - CloseCurrentWindow - Actual Value] @05-03-2022 18:21:54.0748 P
[ReportManager] File Action [GetAbsolutePath] successfully performed. With the following test data [Relative Folder Path: "target/downloadedFiles/"]. @05-03-2022 18:21:54.0750 PM
[ReportManager] Attempting to run locally on: [Mac-64], [Safari], Headless Execution. @05-03-2022 18:21:54.0750 PM
[ReportManager] Successfully Opened Safari. @05-03-2022 18:21:55.0652 PM
[ReportManager] Initial window size: (800, 600) @05-03-2022 18:21:55.0679 PM
[ReportManager] Window size after SWD Maximize: (1176, 803) @05-03-2022 18:21:55.0695 PM
[ReportManager] Browser Action [MaximizeWindow] successfully performed. With the following test data [New screen size is now: (1176, 803)]. @05-03-2022 18:21:55.0695 P

################################################################################################################################################
Starting Execution:	[161 out of 165] test cases in the current suite
Test Method:		[testPackage01.Test_dynamicLoading.dynamicLoading_elementIsHidden]
################################################################################################################################################
[ReportManager] Target URL: [https://the-internet.herokuapp.com/dynamic_loading/1] @05-03-2022 18:21:55.0698 PM
[ReportManager] Initial URL: [] @05-03-2022 18:21:55.0754 PM
[ReportManager] Browser Action [NavigateToURL] successfully performed. With the following test data [https://the-internet.herokuapp.com/dynamic_loading/1]. @05-03-2022 18:21:57.0106 PM
[ReportManager] Element Action [Click] successfully performed. With the following test data [By.xpath: //button[text()='Start']]. @05-03-2022 18:21:57.0303 PM
[ReportManager] Element Action [GetText] successfully performed. With the following test data [
    Hello World!
  ]. @05-03-2022 18:21:57.0343 P
[ReportManager] Browser Action [CloseCurrentWindow] successfully performed. @05-03-2022 18:21:57.0695 PM
[ReportManager] Successfully created attachment [Browser Action Test Data - CloseCurrentWindow - Actual Value] @05-03-2022 18:21:57.0696 P
[ReportManager] File Action [GetAbsolutePath] successfully performed. With the following test data [Relative Folder Path: "target/downloadedFiles/"]. @05-03-2022 18:21:57.0698 PM
[ReportManager] Attempting to run locally on: [Mac-64], [Safari], Headless Execution. @05-03-2022 18:21:57.0698 PM
[ReportManager] Successfully Opened Safari. @05-03-2022 18:21:58.0524 PM
[ReportManager] Initial window size: (800, 600) @05-03-2022 18:21:58.0537 PM
[ReportManager] Window size after SWD Maximize: (1176, 803) @05-03-2022 18:21:58.0570 PM
[ReportManager] Browser Action [MaximizeWindow] successfully performed. With the following test data [New screen size is now: (1176, 803)]. @05-03-2022 18:21:58.0570 P

################################################################################################################################################
Starting Execution:	[162 out of 165] test cases in the current suite
Test Method:		[testPackage01.Test_dynamicLoading.dynamicLoading_elementIsRendered]
################################################################################################################################################
[ReportManager] Target URL: [https://the-internet.herokuapp.com/dynamic_loading/2] @05-03-2022 18:21:58.0574 PM
[ReportManager] Initial URL: [] @05-03-2022 18:21:58.0676 PM
[ReportManager] Browser Action [NavigateToURL] successfully performed. With the following test data [https://the-internet.herokuapp.com/dynamic_loading/2]. @05-03-2022 18:21:59.0953 PM
[ReportManager] Element Action [Click] successfully performed. With the following test data [By.xpath: //button[text()='Start']]. @05-03-2022 18:22:00.0201 PM
[ReportManager] Element Action [GetText] successfully performed. With the following test data [Hello World!]. @05-03-2022 18:22:05.0765 PM
[ReportManager] Assertion [ValidateElementAttribute] PASSED. Expected [Value Should be 'Hello World!' for the 'text' attribute, element locator 'By.id: finish'] and Actual [Hello World!]. Comparison Type [CONTAINS]. Validation Type [POSITIVE]. @05-03-2022 18:22:05.0912 PM
[ReportManager] Successfully created attachment [Screenshot - 1646504525853_dynamicLoading_elementIsRendered_ValidateElementAttribute_passed] @05-03-2022 18:22:05.0913 P
[ReportManager] Browser Action [CloseCurrentWindow] successfully performed. @05-03-2022 18:22:06.0344 PM
[ReportManager] Successfully created attachment [Browser Action Test Data - CloseCurrentWindow - Actual Value] @05-03-2022 18:22:06.0345 P

################################################################################################################################################
Starting Execution:	[163 out of 165] test cases in the current suite
Test Method:		[dsl.testDsl.testButton]
################################################################################################################################################
[ReportManager] File Action [GetAbsolutePath] successfully performed. With the following test data [Relative Folder Path: "target/downloadedFiles/"]. @05-03-2022 18:22:06.0348 PM
[ReportManager] Attempting to run locally on: [Mac-64], [Safari], Headless Execution. @05-03-2022 18:22:06.0348 PM
[ReportManager] Successfully Opened Safari. @05-03-2022 18:22:07.0168 PM
[ReportManager] Initial window size: (800, 600) @05-03-2022 18:22:07.0193 PM
[ReportManager] Window size after SWD Maximize: (1176, 803) @05-03-2022 18:22:07.0230 PM
[ReportManager] Browser Action [MaximizeWindow] successfully performed. With the following test data [New screen size is now: (1176, 803)]. @05-03-2022 18:22:07.0231 PM
[ReportManager] Target URL: [http://the-internet.herokuapp.com/] @05-03-2022 18:22:07.0231 PM
[ReportManager] Initial URL: [] @05-03-2022 18:22:07.0273 PM
[ReportManager] Browser Action [NavigateToURL] successfully performed. With the following test data [http://the-internet.herokuapp.com/]. @05-03-2022 18:22:09.0724 PM
[ReportManager] Element Action [Click] successfully performed. With the following test data [By.linkText: Add/Remove Elements]. @05-03-2022 18:22:10.0007 PM
[ReportManager] Element Action [GetText] successfully performed. With the following test data [Add Element]. @05-03-2022 18:22:11.0062 PM
[ReportManager] Assertion Passed: Then I Assert that [Add Element] is equal to [Add Element]. @05-03-2022 18:22:11.0063 PM
[ReportManager] Assertion [ValidateEquals] PASSED. Expected [Add Element] and Actual [Add Element]. Comparison Type [EQUALS]. Validation Type [POSITIVE]. @05-03-2022 18:22:11.0063 PM
[ReportManager] Element Action [Click] successfully performed. With the following test data [By.xpath: //button[text()='Add Element']]. @05-03-2022 18:22:11.0242 PM
[ReportManager] Attempting to getAttribute [disabled] from elementLocator [By.xpath: //button[text()='Add Element']]. @05-03-2022 18:22:11.0242 PM
[ReportManager] Element Action [GetAttribute] successfully performed. @05-03-2022 18:22:11.0299 PM
[ReportManager] Element Action [GetText] successfully performed. With the following test data [Delete]. @05-03-2022 18:22:11.0335 PM
[ReportManager] Assertion Passed: Then I Assert that [Delete] is equal to [Delete]. @05-03-2022 18:22:11.0335 PM
[ReportManager] Assertion [ValidateEquals] PASSED. Expected [Delete] and Actual [Delete]. Comparison Type [EQUALS]. Validation Type [POSITIVE]. @05-03-2022 18:22:11.0335 P

################################################################################################################################################
Starting Execution:	[164 out of 165] test cases in the current suite
Test Method:		[dsl.testDsl.testCheckBox]
################################################################################################################################################
[ReportManager] File Action [GetAbsolutePath] successfully performed. With the following test data [Relative Folder Path: "target/downloadedFiles/"]. @05-03-2022 18:22:11.0669 PM
[ReportManager] Attempting to run locally on: [Mac-64], [Safari], Headless Execution. @05-03-2022 18:22:11.0669 PM
[ReportManager] An Exception Occured with this Message: Could not start a new session. Possible causes are invalid address of the remote server or browser start-up failure.. @05-03-2022 18:22:11.0756 PM
[ReportManager] Successfully created attachment [Exception Stack Trace - org.openqa.selenium.SessionNotCreatedException] @05-03-2022 18:22:11.0757 PM
[ReportManager] Driver Factory Action [createNewLocalDriverInstanceForSafari] failed. With the following test data [Failed to create a session on DESKTOP_SAFARI]. @05-03-2022 18:22:11.0757 P

################################################################################################################################################
Starting Execution:	[165 out of 165] test cases in the current suite
Test Method:		[dsl.testDsl.testLabel]
################################################################################################################################################
[ReportManager] File Action [GetAbsolutePath] successfully performed. With the following test data [Relative Folder Path: "target/downloadedFiles/"]. @05-03-2022 18:22:11.0761 PM
[ReportManager] Attempting to run locally on: [Mac-64], [Safari], Headless Execution. @05-03-2022 18:22:11.0762 PM
[ReportManager] Successfully Opened Safari. @05-03-2022 18:22:12.0823 PM
[ReportManager] Initial window size: (800, 600) @05-03-2022 18:22:12.0832 PM
[ReportManager] Window size after SWD Maximize: (1176, 803) @05-03-2022 18:22:12.0865 PM
[ReportManager] Browser Action [MaximizeWindow] successfully performed. With the following test data [New screen size is now: (1176, 803)]. @05-03-2022 18:22:12.0865 PM
[ReportManager] Element Action [GetText] successfully performed. With the following test data [Welcome to the-internet]. @05-03-2022 18:22:13.0798 PM
[ReportManager] Assertion Passed: Then I Assert that [Welcome to the-internet] is equal to [Welcome to the-internet]. @05-03-2022 18:22:13.0799 PM
[ReportManager] Assertion [ValidateEquals] PASSED. Expected [Welcome to the-internet] and Actual [Welcome to the-internet]. Comparison Type [EQUALS]. Validation Type [POSITIVE]. @05-03-2022 18:22:13.0799 P
[ReportManager] Successfully created attachment [SHAFT Engine Logs - Execution log] @05-03-2022 18:22:14.0387 PM

################################################################################################################################################
This test run was powered by SHAFT Engine Version: [SHAFT Engine v6.1.20220113]
SHAFT Engine is licensed under the MIT License: [https://github.com/MohabMohie/SHAFT_ENGINE/blob/master/LICENSE].
################################################################################################################################################