################################################################################################################################################
Detected SHAFT Engine Version: [SHAFT Engine v5.4.20211011]
################################################################################################################################################

################################################################################################################################################
Starting Execution:	[1 out of 143] test cases in the current suite
Test Method:		[unitTests.tests_validations_assertions.assertComparativeRelation_greaterThanOrEquals_false_equals_expectedToFail]
################################################################################################################################################
[ReportManager] Assertion [ValidateComparativeRelation] FAILED. Expected [1] and Actual [1]. Comparison Type [GREATER_THAN_OR_EQUALS]. Validation Type [NEGATIVE]. @13-10-2021 01:57:28.0753 A

################################################################################################################################################
Starting Execution:	[2 out of 143] test cases in the current suite
Test Method:		[unitTests.tests_validations_assertions.assertComparativeRelation_greaterThanOrEquals_false_equals_expectedToPass]
################################################################################################################################################
[ReportManager] Assertion [ValidateComparativeRelation] PASSED. Expected [2] and Actual [1]. Comparison Type [GREATER_THAN_OR_EQUALS]. Validation Type [NEGATIVE]. @13-10-2021 01:57:28.0847 A

################################################################################################################################################
Starting Execution:	[3 out of 143] test cases in the current suite
Test Method:		[unitTests.tests_validations_assertions.assertComparativeRelation_greaterThanOrEquals_false_greaterThan_expectedToFail]
################################################################################################################################################
[ReportManager] Assertion [ValidateComparativeRelation] FAILED. Expected [1] and Actual [2]. Comparison Type [GREATER_THAN_OR_EQUALS]. Validation Type [NEGATIVE]. @13-10-2021 01:57:28.0867 A

################################################################################################################################################
Starting Execution:	[4 out of 143] test cases in the current suite
Test Method:		[unitTests.tests_validations_assertions.assertComparativeRelation_greaterThanOrEquals_false_greaterThan_expectedToPass]
################################################################################################################################################
[ReportManager] Assertion [ValidateComparativeRelation] PASSED. Expected [2] and Actual [1]. Comparison Type [GREATER_THAN_OR_EQUALS]. Validation Type [NEGATIVE]. @13-10-2021 01:57:28.0875 A

################################################################################################################################################
Starting Execution:	[5 out of 143] test cases in the current suite
Test Method:		[unitTests.tests_validations_assertions.assertComparativeRelation_greaterThanOrEquals_true_equals_expectedToFail]
################################################################################################################################################
[ReportManager] Assertion [ValidateComparativeRelation] FAILED. Expected [1] and Actual [0]. Comparison Type [GREATER_THAN_OR_EQUALS]. Validation Type [POSITIVE]. @13-10-2021 01:57:28.0887 A

################################################################################################################################################
Starting Execution:	[6 out of 143] test cases in the current suite
Test Method:		[unitTests.tests_validations_assertions.assertComparativeRelation_greaterThanOrEquals_true_equals_expectedToPass]
################################################################################################################################################
[ReportManager] Assertion [ValidateComparativeRelation] PASSED. Expected [1] and Actual [1]. Comparison Type [GREATER_THAN_OR_EQUALS]. Validation Type [POSITIVE]. @13-10-2021 01:57:28.0898 A

################################################################################################################################################
Starting Execution:	[7 out of 143] test cases in the current suite
Test Method:		[unitTests.tests_validations_assertions.assertComparativeRelation_greaterThanOrEquals_true_greaterThan_expectedToFail]
################################################################################################################################################
[ReportManager] Assertion [ValidateComparativeRelation] FAILED. Expected [2] and Actual [1]. Comparison Type [GREATER_THAN_OR_EQUALS]. Validation Type [POSITIVE]. @13-10-2021 01:57:28.0905 A

################################################################################################################################################
Starting Execution:	[8 out of 143] test cases in the current suite
Test Method:		[unitTests.tests_validations_assertions.assertComparativeRelation_greaterThanOrEquals_true_greaterThan_expectedToPass]
################################################################################################################################################
[ReportManager] Assertion [ValidateComparativeRelation] PASSED. Expected [1] and Actual [2]. Comparison Type [GREATER_THAN_OR_EQUALS]. Validation Type [POSITIVE]. @13-10-2021 01:57:28.0913 A
[ReportManager] File Action [GetAbsolutePath] successfully performed. With the following test data [Relative Folder Path: "target/downloadedFiles/"]. @13-10-2021 01:57:28.0929 AM
[ReportManager] Attempting to run remotely on: [Linux-64], [GoogleChrome], [http://localhost:4444/wd/hub], Headless Execution. @13-10-2021 01:57:28.0958 AM
[ReportManager] Successfully Opened [GoogleChrome]. @13-10-2021 01:57:30.0486 AM
[ReportManager] Target URL: [https://www.google.com/ncr], and after redirection: [www.google.com] @13-10-2021 01:57:30.0532 AM
[ReportManager] Initial URL: [data:,] @13-10-2021 01:57:30.0652 AM
[ReportManager] Browser Action [NavigateToURL] successfully performed. With the following test data [https://www.google.com/ncr]. @13-10-2021 01:57:32.0035 A

################################################################################################################################################
Starting Execution:	[9 out of 143] test cases in the current suite
Test Method:		[unitTests.tests_validations_assertions.assertElementAttribute_false_caseInsensitiveComparison_expectedToFail]
################################################################################################################################################
[ReportManager] Element Action [Type] successfully performed. With the following test data [AUTOMATION]. @13-10-2021 01:57:32.0529 AM
[ReportManager] Element Action [GetText] successfully performed. With the following test data [AUTOMATION]. @13-10-2021 01:57:32.0689 AM
[ReportManager] Loaded Shared OpenCV @13-10-2021 01:57:33.0371 AM
[ReportManager] Assertion [ValidateElementAttribute] FAILED. Expected [Value Should not be 'AutomaTion' for the 'text' attribute, element locator 'By.name: q'] and Actual [AUTOMATION]. Comparison Type [CASE_INSENSITIVE]. Validation Type [NEGATIVE]. @13-10-2021 01:57:33.0647 AM
[ReportManager] Successfully created attachment [Screenshot - 1634090252933_assertElementAttribute_false_caseInsensitiveComparison_expectedToFail_ValidateElementAttribute_failed] @13-10-2021 01:57:33.0665 A
[ReportManager] Browser Action [CloseCurrentWindow] successfully performed. @13-10-2021 01:57:33.0827 AM
[ReportManager] Successfully created attachment [Browser Action Test Data - CloseCurrentWindow - Actual Value] @13-10-2021 01:57:33.0830 A
[ReportManager] File Action [GetAbsolutePath] successfully performed. With the following test data [Relative Folder Path: "target/downloadedFiles/"]. @13-10-2021 01:57:33.0846 AM
[ReportManager] Attempting to run remotely on: [Linux-64], [GoogleChrome], [http://localhost:4444/wd/hub], Headless Execution. @13-10-2021 01:57:33.0847 AM
[ReportManager] Successfully Opened [GoogleChrome]. @13-10-2021 01:57:34.0181 AM
[ReportManager] Target URL: [https://www.google.com/ncr], and after redirection: [www.google.com] @13-10-2021 01:57:34.0206 AM
[ReportManager] Initial URL: [data:,] @13-10-2021 01:57:34.0270 AM
[ReportManager] Browser Action [NavigateToURL] successfully performed. With the following test data [https://www.google.com/ncr]. @13-10-2021 01:57:35.0218 A

################################################################################################################################################
Starting Execution:	[10 out of 143] test cases in the current suite
Test Method:		[unitTests.tests_validations_assertions.assertElementAttribute_false_caseInsensitiveComparison_expectedToPass]
################################################################################################################################################
[ReportManager] Element Action [Type] successfully performed. With the following test data [AUTOMATION]. @13-10-2021 01:57:35.0610 AM
[ReportManager] Element Action [GetText] successfully performed. With the following test data [AUTOMATION]. @13-10-2021 01:57:35.0749 AM
[ReportManager] Loaded Shared OpenCV @13-10-2021 01:57:35.0941 AM
[ReportManager] Assertion [ValidateElementAttribute] PASSED. Expected [Value Should not be 'AutomaTion123' for the 'text' attribute, element locator 'By.name: q'] and Actual [AUTOMATION]. Comparison Type [CASE_INSENSITIVE]. Validation Type [NEGATIVE]. @13-10-2021 01:57:36.0070 AM
[ReportManager] Successfully created attachment [Screenshot - 1634090255940_assertElementAttribute_false_caseInsensitiveComparison_expectedToPass_ValidateElementAttribute_passed] @13-10-2021 01:57:36.0072 A
[ReportManager] Browser Action [CloseCurrentWindow] successfully performed. @13-10-2021 01:57:36.0220 AM
[ReportManager] Successfully created attachment [Browser Action Test Data - CloseCurrentWindow - Actual Value] @13-10-2021 01:57:36.0223 A
[ReportManager] File Action [GetAbsolutePath] successfully performed. With the following test data [Relative Folder Path: "target/downloadedFiles/"]. @13-10-2021 01:57:36.0229 AM
[ReportManager] Attempting to run remotely on: [Linux-64], [GoogleChrome], [http://localhost:4444/wd/hub], Headless Execution. @13-10-2021 01:57:36.0230 AM
[ReportManager] Successfully Opened [GoogleChrome]. @13-10-2021 01:57:36.0470 AM
[ReportManager] Target URL: [https://www.google.com/ncr], and after redirection: [www.google.com] @13-10-2021 01:57:36.0486 AM
[ReportManager] Initial URL: [data:,] @13-10-2021 01:57:36.0558 AM
[ReportManager] Browser Action [NavigateToURL] successfully performed. With the following test data [https://www.google.com/ncr]. @13-10-2021 01:57:37.0434 A

################################################################################################################################################
Starting Execution:	[11 out of 143] test cases in the current suite
Test Method:		[unitTests.tests_validations_assertions.assertElementAttribute_false_containsComparison_expectedToFail]
################################################################################################################################################
[ReportManager] Element Action [Type] successfully performed. With the following test data [Automation123]. @13-10-2021 01:57:37.0828 AM
[ReportManager] Element Action [GetText] successfully performed. With the following test data [Automation123]. @13-10-2021 01:57:37.0961 AM
[ReportManager] Loaded Shared OpenCV @13-10-2021 01:57:38.0152 AM
[ReportManager] Assertion [ValidateElementAttribute] FAILED. Expected [Value Should not be 'Automation' for the 'text' attribute, element locator 'By.name: q'] and Actual [Automation123]. Comparison Type [CONTAINS]. Validation Type [NEGATIVE]. @13-10-2021 01:57:38.0225 AM
[ReportManager] Successfully created attachment [Screenshot - 1634090258152_assertElementAttribute_false_containsComparison_expectedToFail_ValidateElementAttribute_failed] @13-10-2021 01:57:38.0227 A
[ReportManager] Browser Action [CloseCurrentWindow] successfully performed. @13-10-2021 01:57:38.0364 AM
[ReportManager] Successfully created attachment [Browser Action Test Data - CloseCurrentWindow - Actual Value] @13-10-2021 01:57:38.0368 A
[ReportManager] File Action [GetAbsolutePath] successfully performed. With the following test data [Relative Folder Path: "target/downloadedFiles/"]. @13-10-2021 01:57:38.0371 AM
[ReportManager] Attempting to run remotely on: [Linux-64], [GoogleChrome], [http://localhost:4444/wd/hub], Headless Execution. @13-10-2021 01:57:38.0372 AM
[ReportManager] Successfully Opened [GoogleChrome]. @13-10-2021 01:57:38.0577 AM
[ReportManager] Target URL: [https://www.google.com/ncr], and after redirection: [www.google.com] @13-10-2021 01:57:38.0592 AM
[ReportManager] Initial URL: [data:,] @13-10-2021 01:57:38.0641 AM
[ReportManager] Browser Action [NavigateToURL] successfully performed. With the following test data [https://www.google.com/ncr]. @13-10-2021 01:57:39.0504 A

################################################################################################################################################
Starting Execution:	[12 out of 143] test cases in the current suite
Test Method:		[unitTests.tests_validations_assertions.assertElementAttribute_false_containsComparison_expectedToPass]
################################################################################################################################################
[ReportManager] Element Action [Type] successfully performed. With the following test data [Automation123]. @13-10-2021 01:57:39.0893 AM
[ReportManager] Element Action [GetText] successfully performed. With the following test data [Automation123]. @13-10-2021 01:57:40.0015 AM
[ReportManager] Loaded Shared OpenCV @13-10-2021 01:57:40.0197 AM
[ReportManager] Assertion [ValidateElementAttribute] PASSED. Expected [Value Should not be 'Automation1234' for the 'text' attribute, element locator 'By.name: q'] and Actual [Automation123]. Comparison Type [CONTAINS]. Validation Type [NEGATIVE]. @13-10-2021 01:57:40.0269 AM
[ReportManager] Successfully created attachment [Screenshot - 1634090260196_assertElementAttribute_false_containsComparison_expectedToPass_ValidateElementAttribute_passed] @13-10-2021 01:57:40.0271 A
[ReportManager] Browser Action [CloseCurrentWindow] successfully performed. @13-10-2021 01:57:40.0397 AM
[ReportManager] Successfully created attachment [Browser Action Test Data - CloseCurrentWindow - Actual Value] @13-10-2021 01:57:40.0398 A
[ReportManager] File Action [GetAbsolutePath] successfully performed. With the following test data [Relative Folder Path: "target/downloadedFiles/"]. @13-10-2021 01:57:40.0401 AM
[ReportManager] Attempting to run remotely on: [Linux-64], [GoogleChrome], [http://localhost:4444/wd/hub], Headless Execution. @13-10-2021 01:57:40.0402 AM
[ReportManager] Successfully Opened [GoogleChrome]. @13-10-2021 01:57:40.0610 AM
[ReportManager] Target URL: [https://www.google.com/ncr], and after redirection: [www.google.com] @13-10-2021 01:57:40.0629 AM
[ReportManager] Initial URL: [data:,] @13-10-2021 01:57:40.0679 AM
[ReportManager] Browser Action [NavigateToURL] successfully performed. With the following test data [https://www.google.com/ncr]. @13-10-2021 01:57:41.0526 A

################################################################################################################################################
Starting Execution:	[13 out of 143] test cases in the current suite
Test Method:		[unitTests.tests_validations_assertions.assertElementAttribute_false_literalComparison_expectedToFail]
################################################################################################################################################
[ReportManager] Element Action [Type] successfully performed. With the following test data [Automation!@#$%^&*()_+{}[]\';/.,]. @13-10-2021 01:57:41.0979 AM
[ReportManager] Element Action [GetText] successfully performed. With the following test data [Automation!@#$%^&*()_+{}[]\';/.,]. @13-10-2021 01:57:42.0093 AM
[ReportManager] Loaded Shared OpenCV @13-10-2021 01:57:42.0275 AM
[ReportManager] Assertion [ValidateElementAttribute] PASSED. Expected [Value Should not be 'Automation!@#$%^&*()_+{}[]\\';/.,' for the 'text' attribute, element locator 'By.name: q'] and Actual [Automation!@#$%^&*()_+{}[]\';/.,]. Comparison Type [EQUALS]. Validation Type [NEGATIVE]. @13-10-2021 01:57:42.0353 AM
[ReportManager] Successfully created attachment [Screenshot - 1634090262275_assertElementAttribute_false_literalComparison_expectedToFail_ValidateElementAttribute_passed] @13-10-2021 01:57:42.0355 A
[ReportManager] Browser Action [CloseCurrentWindow] successfully performed. @13-10-2021 01:57:42.0487 AM
[ReportManager] Successfully created attachment [Browser Action Test Data - CloseCurrentWindow - Actual Value] @13-10-2021 01:57:42.0489 A
[ReportManager] File Action [GetAbsolutePath] successfully performed. With the following test data [Relative Folder Path: "target/downloadedFiles/"]. @13-10-2021 01:57:42.0497 AM
[ReportManager] Attempting to run remotely on: [Linux-64], [GoogleChrome], [http://localhost:4444/wd/hub], Headless Execution. @13-10-2021 01:57:42.0497 AM
[ReportManager] Successfully Opened [GoogleChrome]. @13-10-2021 01:57:42.0703 AM
[ReportManager] Target URL: [https://www.google.com/ncr], and after redirection: [www.google.com] @13-10-2021 01:57:42.0726 AM
[ReportManager] Initial URL: [data:,] @13-10-2021 01:57:42.0778 AM
[ReportManager] Browser Action [NavigateToURL] successfully performed. With the following test data [https://www.google.com/ncr]. @13-10-2021 01:57:43.0777 A

################################################################################################################################################
Starting Execution:	[14 out of 143] test cases in the current suite
Test Method:		[unitTests.tests_validations_assertions.assertElementAttribute_false_literalComparison_expectedToPass]
################################################################################################################################################
[ReportManager] Element Action [Type] successfully performed. With the following test data [Automation!@#$%^&*()_+{}[]\';/.,]. @13-10-2021 01:57:44.0214 AM
[ReportManager] Element Action [GetText] successfully performed. With the following test data [Automation!@#$%^&*()_+{}[]\';/.,]. @13-10-2021 01:57:44.0322 AM
[ReportManager] Loaded Shared OpenCV @13-10-2021 01:57:44.0502 AM
[ReportManager] Assertion [ValidateElementAttribute] PASSED. Expected [Value Should not be 'Automation' for the 'text' attribute, element locator 'By.name: q'] and Actual [Automation!@#$%^&*()_+{}[]\';/.,]. Comparison Type [EQUALS]. Validation Type [NEGATIVE]. @13-10-2021 01:57:44.0578 AM
[ReportManager] Successfully created attachment [Screenshot - 1634090264501_assertElementAttribute_false_literalComparison_expectedToPass_ValidateElementAttribute_passed] @13-10-2021 01:57:44.0582 A
[ReportManager] Browser Action [CloseCurrentWindow] successfully performed. @13-10-2021 01:57:44.0706 AM
[ReportManager] Successfully created attachment [Browser Action Test Data - CloseCurrentWindow - Actual Value] @13-10-2021 01:57:44.0707 A
[ReportManager] File Action [GetAbsolutePath] successfully performed. With the following test data [Relative Folder Path: "target/downloadedFiles/"]. @13-10-2021 01:57:44.0710 AM
[ReportManager] Attempting to run remotely on: [Linux-64], [GoogleChrome], [http://localhost:4444/wd/hub], Headless Execution. @13-10-2021 01:57:44.0710 AM
[ReportManager] Successfully Opened [GoogleChrome]. @13-10-2021 01:57:44.0912 AM
[ReportManager] Target URL: [https://www.google.com/ncr], and after redirection: [www.google.com] @13-10-2021 01:57:44.0930 AM
[ReportManager] Initial URL: [data:,] @13-10-2021 01:57:44.0986 AM
[ReportManager] Browser Action [NavigateToURL] successfully performed. With the following test data [https://www.google.com/ncr]. @13-10-2021 01:57:45.0829 A

################################################################################################################################################
Starting Execution:	[15 out of 143] test cases in the current suite
Test Method:		[unitTests.tests_validations_assertions.assertElementAttribute_false_regexComparison_expectedToFail]
################################################################################################################################################
[ReportManager] Element Action [Type] successfully performed. With the following test data [Automation123]. @13-10-2021 01:57:46.0161 AM
[ReportManager] Element Action [GetText] successfully performed. With the following test data [Automation123]. @13-10-2021 01:57:46.0282 AM
[ReportManager] Loaded Shared OpenCV @13-10-2021 01:57:46.0449 AM
[ReportManager] Assertion [ValidateElementAttribute] FAILED. Expected [Value Should not be 'Automation.*' for the 'text' attribute, element locator 'By.name: q'] and Actual [Automation123]. Comparison Type [MATCHES]. Validation Type [NEGATIVE]. @13-10-2021 01:57:46.0521 AM
[ReportManager] Successfully created attachment [Screenshot - 1634090266449_assertElementAttribute_false_regexComparison_expectedToFail_ValidateElementAttribute_failed] @13-10-2021 01:57:46.0523 A
[ReportManager] Browser Action [CloseCurrentWindow] successfully performed. @13-10-2021 01:57:46.0645 AM
[ReportManager] Successfully created attachment [Browser Action Test Data - CloseCurrentWindow - Actual Value] @13-10-2021 01:57:46.0647 A
[ReportManager] File Action [GetAbsolutePath] successfully performed. With the following test data [Relative Folder Path: "target/downloadedFiles/"]. @13-10-2021 01:57:46.0654 AM
[ReportManager] Attempting to run remotely on: [Linux-64], [GoogleChrome], [http://localhost:4444/wd/hub], Headless Execution. @13-10-2021 01:57:46.0654 AM
[ReportManager] Successfully Opened [GoogleChrome]. @13-10-2021 01:57:46.0868 AM
[ReportManager] Target URL: [https://www.google.com/ncr], and after redirection: [www.google.com] @13-10-2021 01:57:46.0881 AM
[ReportManager] Initial URL: [data:,] @13-10-2021 01:57:46.0930 AM
[ReportManager] Browser Action [NavigateToURL] successfully performed. With the following test data [https://www.google.com/ncr]. @13-10-2021 01:57:47.0751 A

################################################################################################################################################
Starting Execution:	[16 out of 143] test cases in the current suite
Test Method:		[unitTests.tests_validations_assertions.assertElementAttribute_false_regexComparison_expectedToPass]
################################################################################################################################################
[ReportManager] Element Action [Type] successfully performed. With the following test data [Automation123]. @13-10-2021 01:57:48.0107 AM
[ReportManager] Element Action [GetText] successfully performed. With the following test data [Automation123]. @13-10-2021 01:57:48.0203 AM
[ReportManager] Loaded Shared OpenCV @13-10-2021 01:57:48.0381 AM
[ReportManager] Assertion [ValidateElementAttribute] PASSED. Expected [Value Should not be 'Automation' for the 'text' attribute, element locator 'By.name: q'] and Actual [Automation123]. Comparison Type [MATCHES]. Validation Type [NEGATIVE]. @13-10-2021 01:57:48.0452 AM
[ReportManager] Successfully created attachment [Screenshot - 1634090268380_assertElementAttribute_false_regexComparison_expectedToPass_ValidateElementAttribute_passed] @13-10-2021 01:57:48.0453 A
[ReportManager] Browser Action [CloseCurrentWindow] successfully performed. @13-10-2021 01:57:48.0586 AM
[ReportManager] Successfully created attachment [Browser Action Test Data - CloseCurrentWindow - Actual Value] @13-10-2021 01:57:48.0587 A
[ReportManager] File Action [GetAbsolutePath] successfully performed. With the following test data [Relative Folder Path: "target/downloadedFiles/"]. @13-10-2021 01:57:48.0596 AM
[ReportManager] Attempting to run remotely on: [Linux-64], [GoogleChrome], [http://localhost:4444/wd/hub], Headless Execution. @13-10-2021 01:57:48.0596 AM
[ReportManager] Successfully Opened [GoogleChrome]. @13-10-2021 01:57:48.0784 AM
[ReportManager] Target URL: [https://www.google.com/ncr], and after redirection: [www.google.com] @13-10-2021 01:57:48.0797 AM
[ReportManager] Initial URL: [data:,] @13-10-2021 01:57:48.0840 AM
[ReportManager] Browser Action [NavigateToURL] successfully performed. With the following test data [https://www.google.com/ncr]. @13-10-2021 01:57:49.0688 A

################################################################################################################################################
Starting Execution:	[17 out of 143] test cases in the current suite
Test Method:		[unitTests.tests_validations_assertions.assertElementAttribute_true_caseInsensitiveComparison_expectedToFail]
################################################################################################################################################
[ReportManager] Element Action [Type] successfully performed. With the following test data [AUTOMATION]. @13-10-2021 01:57:50.0056 AM
[ReportManager] Element Action [GetText] successfully performed. With the following test data [AUTOMATION]. @13-10-2021 01:57:50.0166 AM
[ReportManager] Loaded Shared OpenCV @13-10-2021 01:57:50.0352 AM
[ReportManager] Assertion [ValidateElementAttribute] FAILED. Expected [Value Should be 'AutomaTion123' for the 'text' attribute, element locator 'By.name: q'] and Actual [AUTOMATION]. Comparison Type [CASE_INSENSITIVE]. Validation Type [POSITIVE]. @13-10-2021 01:57:50.0426 AM
[ReportManager] Successfully created attachment [Screenshot - 1634090270352_assertElementAttribute_true_caseInsensitiveComparison_expectedToFail_ValidateElementAttribute_failed] @13-10-2021 01:57:50.0427 A
[ReportManager] Browser Action [CloseCurrentWindow] successfully performed. @13-10-2021 01:57:50.0568 AM
[ReportManager] Successfully created attachment [Browser Action Test Data - CloseCurrentWindow - Actual Value] @13-10-2021 01:57:50.0569 A
[ReportManager] File Action [GetAbsolutePath] successfully performed. With the following test data [Relative Folder Path: "target/downloadedFiles/"]. @13-10-2021 01:57:50.0578 AM
[ReportManager] Attempting to run remotely on: [Linux-64], [GoogleChrome], [http://localhost:4444/wd/hub], Headless Execution. @13-10-2021 01:57:50.0578 AM
[ReportManager] Successfully Opened [GoogleChrome]. @13-10-2021 01:57:50.0769 AM
[ReportManager] Target URL: [https://www.google.com/ncr], and after redirection: [www.google.com] @13-10-2021 01:57:50.0788 AM
[ReportManager] Initial URL: [data:,] @13-10-2021 01:57:50.0838 AM
[ReportManager] Browser Action [NavigateToURL] successfully performed. With the following test data [https://www.google.com/ncr]. @13-10-2021 01:57:51.0649 A

################################################################################################################################################
Starting Execution:	[18 out of 143] test cases in the current suite
Test Method:		[unitTests.tests_validations_assertions.assertElementAttribute_true_caseInsensitiveComparison_expectedToPass]
################################################################################################################################################
[ReportManager] Element Action [Type] successfully performed. With the following test data [AUTOMATION]. @13-10-2021 01:57:52.0041 AM
[ReportManager] Element Action [GetText] successfully performed. With the following test data [AUTOMATION]. @13-10-2021 01:57:52.0136 AM
[ReportManager] Loaded Shared OpenCV @13-10-2021 01:57:52.0305 AM
[ReportManager] Assertion [ValidateElementAttribute] PASSED. Expected [Value Should be 'AutomaTion' for the 'text' attribute, element locator 'By.name: q'] and Actual [AUTOMATION]. Comparison Type [CASE_INSENSITIVE]. Validation Type [POSITIVE]. @13-10-2021 01:57:52.0379 AM
[ReportManager] Successfully created attachment [Screenshot - 1634090272305_assertElementAttribute_true_caseInsensitiveComparison_expectedToPass_ValidateElementAttribute_passed] @13-10-2021 01:57:52.0380 A
[ReportManager] Browser Action [CloseCurrentWindow] successfully performed. @13-10-2021 01:57:52.0518 AM
[ReportManager] Successfully created attachment [Browser Action Test Data - CloseCurrentWindow - Actual Value] @13-10-2021 01:57:52.0519 A
[ReportManager] File Action [GetAbsolutePath] successfully performed. With the following test data [Relative Folder Path: "target/downloadedFiles/"]. @13-10-2021 01:57:52.0522 AM
[ReportManager] Attempting to run remotely on: [Linux-64], [GoogleChrome], [http://localhost:4444/wd/hub], Headless Execution. @13-10-2021 01:57:52.0522 AM
[ReportManager] Successfully Opened [GoogleChrome]. @13-10-2021 01:57:52.0709 AM
[ReportManager] Target URL: [https://www.google.com/ncr], and after redirection: [www.google.com] @13-10-2021 01:57:52.0721 AM
[ReportManager] Initial URL: [data:,] @13-10-2021 01:57:52.0768 AM
[ReportManager] Browser Action [NavigateToURL] successfully performed. With the following test data [https://www.google.com/ncr]. @13-10-2021 01:57:53.0603 A

################################################################################################################################################
Starting Execution:	[19 out of 143] test cases in the current suite
Test Method:		[unitTests.tests_validations_assertions.assertElementAttribute_true_containsComparison_expectedToFail]
################################################################################################################################################
[ReportManager] Element Action [Type] successfully performed. With the following test data [Automation123]. @13-10-2021 01:57:53.0945 AM
[ReportManager] Element Action [GetText] successfully performed. With the following test data [Automation123]. @13-10-2021 01:57:54.0052 AM
[ReportManager] Loaded Shared OpenCV @13-10-2021 01:57:54.0213 AM
[ReportManager] Assertion [ValidateElementAttribute] FAILED. Expected [Value Should be 'Automation1234' for the 'text' attribute, element locator 'By.name: q'] and Actual [Automation123]. Comparison Type [CONTAINS]. Validation Type [POSITIVE]. @13-10-2021 01:57:54.0283 AM
[ReportManager] Successfully created attachment [Screenshot - 1634090274213_assertElementAttribute_true_containsComparison_expectedToFail_ValidateElementAttribute_failed] @13-10-2021 01:57:54.0293 A
[ReportManager] Browser Action [CloseCurrentWindow] successfully performed. @13-10-2021 01:57:54.0438 AM
[ReportManager] Successfully created attachment [Browser Action Test Data - CloseCurrentWindow - Actual Value] @13-10-2021 01:57:54.0439 A
[ReportManager] File Action [GetAbsolutePath] successfully performed. With the following test data [Relative Folder Path: "target/downloadedFiles/"]. @13-10-2021 01:57:54.0441 AM
[ReportManager] Attempting to run remotely on: [Linux-64], [GoogleChrome], [http://localhost:4444/wd/hub], Headless Execution. @13-10-2021 01:57:54.0442 AM
[ReportManager] Successfully Opened [GoogleChrome]. @13-10-2021 01:57:54.0669 AM
[ReportManager] Target URL: [https://www.google.com/ncr], and after redirection: [www.google.com] @13-10-2021 01:57:54.0680 AM
[ReportManager] Initial URL: [data:,] @13-10-2021 01:57:54.0727 AM
[ReportManager] Browser Action [NavigateToURL] successfully performed. With the following test data [https://www.google.com/ncr]. @13-10-2021 01:57:55.0525 A

################################################################################################################################################
Starting Execution:	[20 out of 143] test cases in the current suite
Test Method:		[unitTests.tests_validations_assertions.assertElementAttribute_true_containsComparison_expectedToPass]
################################################################################################################################################
[ReportManager] Element Action [Type] successfully performed. With the following test data [Automation123]. @13-10-2021 01:57:55.0856 AM
[ReportManager] Element Action [GetText] successfully performed. With the following test data [Automation123]. @13-10-2021 01:57:55.0945 AM
[ReportManager] Loaded Shared OpenCV @13-10-2021 01:57:56.0096 AM
[ReportManager] Assertion [ValidateElementAttribute] PASSED. Expected [Value Should be 'Automation' for the 'text' attribute, element locator 'By.name: q'] and Actual [Automation123]. Comparison Type [CONTAINS]. Validation Type [POSITIVE]. @13-10-2021 01:57:56.0166 AM
[ReportManager] Successfully created attachment [Screenshot - 1634090276096_assertElementAttribute_true_containsComparison_expectedToPass_ValidateElementAttribute_passed] @13-10-2021 01:57:56.0168 A
[ReportManager] Browser Action [CloseCurrentWindow] successfully performed. @13-10-2021 01:57:56.0287 AM
[ReportManager] Successfully created attachment [Browser Action Test Data - CloseCurrentWindow - Actual Value] @13-10-2021 01:57:56.0288 A
[ReportManager] File Action [GetAbsolutePath] successfully performed. With the following test data [Relative Folder Path: "target/downloadedFiles/"]. @13-10-2021 01:57:56.0291 AM
[ReportManager] Attempting to run remotely on: [Linux-64], [GoogleChrome], [http://localhost:4444/wd/hub], Headless Execution. @13-10-2021 01:57:56.0291 AM
[ReportManager] Successfully Opened [GoogleChrome]. @13-10-2021 01:57:56.0550 AM
[ReportManager] Target URL: [https://www.google.com/ncr], and after redirection: [www.google.com] @13-10-2021 01:57:56.0561 AM
[ReportManager] Initial URL: [data:,] @13-10-2021 01:57:56.0600 AM
[ReportManager] Browser Action [NavigateToURL] successfully performed. With the following test data [https://www.google.com/ncr]. @13-10-2021 01:57:57.0466 A

################################################################################################################################################
Starting Execution:	[21 out of 143] test cases in the current suite
Test Method:		[unitTests.tests_validations_assertions.assertElementAttribute_true_literalComparison_expectedToFail]
################################################################################################################################################
[ReportManager] Element Action [Type] successfully performed. With the following test data [Automation!@#$%^&*()_+{}[]\';/.,]. @13-10-2021 01:57:57.0890 AM
[ReportManager] Element Action [GetText] successfully performed. With the following test data [Automation!@#$%^&*()_+{}[]\';/.,]. @13-10-2021 01:57:57.0987 AM
[ReportManager] Loaded Shared OpenCV @13-10-2021 01:57:58.0172 AM
[ReportManager] Assertion [ValidateElementAttribute] FAILED. Expected [Value Should be 'Automation' for the 'text' attribute, element locator 'By.name: q'] and Actual [Automation!@#$%^&*()_+{}[]\';/.,]. Comparison Type [EQUALS]. Validation Type [POSITIVE]. @13-10-2021 01:57:58.0254 AM
[ReportManager] Successfully created attachment [Screenshot - 1634090278172_assertElementAttribute_true_literalComparison_expectedToFail_ValidateElementAttribute_failed] @13-10-2021 01:57:58.0256 A
[ReportManager] Browser Action [CloseCurrentWindow] successfully performed. @13-10-2021 01:57:58.0402 AM
[ReportManager] Successfully created attachment [Browser Action Test Data - CloseCurrentWindow - Actual Value] @13-10-2021 01:57:58.0403 A
[ReportManager] File Action [GetAbsolutePath] successfully performed. With the following test data [Relative Folder Path: "target/downloadedFiles/"]. @13-10-2021 01:57:58.0406 AM
[ReportManager] Attempting to run remotely on: [Linux-64], [GoogleChrome], [http://localhost:4444/wd/hub], Headless Execution. @13-10-2021 01:57:58.0406 AM
[ReportManager] Successfully Opened [GoogleChrome]. @13-10-2021 01:57:58.0598 AM
[ReportManager] Target URL: [https://www.google.com/ncr], and after redirection: [www.google.com] @13-10-2021 01:57:58.0613 AM
[ReportManager] Initial URL: [data:,] @13-10-2021 01:57:58.0664 AM
[ReportManager] Browser Action [NavigateToURL] successfully performed. With the following test data [https://www.google.com/ncr]. @13-10-2021 01:57:59.0502 A

################################################################################################################################################
Starting Execution:	[22 out of 143] test cases in the current suite
Test Method:		[unitTests.tests_validations_assertions.assertElementAttribute_true_literalComparison_expectedToPass]
################################################################################################################################################
[ReportManager] Element Action [Type] successfully performed. With the following test data [Automation!@#$%^&*()_+{}[]\';/.,]. @13-10-2021 01:57:59.0900 AM
[ReportManager] Element Action [GetText] successfully performed. With the following test data [Automation!@#$%^&*()_+{}[]\';/.,]. @13-10-2021 01:57:59.0987 AM
[ReportManager] Loaded Shared OpenCV @13-10-2021 01:58:00.0150 AM
[ReportManager] Assertion [ValidateElementAttribute] PASSED. Expected [Value Should be 'Automation!@#$%^&*()_+{}[]\';/.,' for the 'text' attribute, element locator 'By.name: q'] and Actual [Automation!@#$%^&*()_+{}[]\';/.,]. Comparison Type [EQUALS]. Validation Type [POSITIVE]. @13-10-2021 01:58:00.0222 AM
[ReportManager] Successfully created attachment [Screenshot - 1634090280149_assertElementAttribute_true_literalComparison_expectedToPass_ValidateElementAttribute_passed] @13-10-2021 01:58:00.0224 A
[ReportManager] Browser Action [CloseCurrentWindow] successfully performed. @13-10-2021 01:58:00.0342 AM
[ReportManager] Successfully created attachment [Browser Action Test Data - CloseCurrentWindow - Actual Value] @13-10-2021 01:58:00.0343 A
[ReportManager] File Action [GetAbsolutePath] successfully performed. With the following test data [Relative Folder Path: "target/downloadedFiles/"]. @13-10-2021 01:58:00.0345 AM
[ReportManager] Attempting to run remotely on: [Linux-64], [GoogleChrome], [http://localhost:4444/wd/hub], Headless Execution. @13-10-2021 01:58:00.0346 AM
[ReportManager] Successfully Opened [GoogleChrome]. @13-10-2021 01:58:00.0543 AM
[ReportManager] Target URL: [https://www.google.com/ncr], and after redirection: [www.google.com] @13-10-2021 01:58:00.0554 AM
[ReportManager] Initial URL: [data:,] @13-10-2021 01:58:00.0597 AM
[ReportManager] Browser Action [NavigateToURL] successfully performed. With the following test data [https://www.google.com/ncr]. @13-10-2021 01:58:01.0401 A

################################################################################################################################################
Starting Execution:	[23 out of 143] test cases in the current suite
Test Method:		[unitTests.tests_validations_assertions.assertElementAttribute_true_regexComparison_expectedToFail]
################################################################################################################################################
[ReportManager] Element Action [Type] successfully performed. With the following test data [Automation123]. @13-10-2021 01:58:01.0757 AM
[ReportManager] Element Action [GetText] successfully performed. With the following test data [Automation123]. @13-10-2021 01:58:01.0839 AM
[ReportManager] Loaded Shared OpenCV @13-10-2021 01:58:01.0997 AM
[ReportManager] Assertion [ValidateElementAttribute] FAILED. Expected [Value Should be 'Automation' for the 'text' attribute, element locator 'By.name: q'] and Actual [Automation123]. Comparison Type [MATCHES]. Validation Type [POSITIVE]. @13-10-2021 01:58:02.0071 AM
[ReportManager] Successfully created attachment [Screenshot - 1634090281997_assertElementAttribute_true_regexComparison_expectedToFail_ValidateElementAttribute_failed] @13-10-2021 01:58:02.0074 A
[ReportManager] Browser Action [CloseCurrentWindow] successfully performed. @13-10-2021 01:58:02.0196 AM
[ReportManager] Successfully created attachment [Browser Action Test Data - CloseCurrentWindow - Actual Value] @13-10-2021 01:58:02.0198 A
[ReportManager] File Action [GetAbsolutePath] successfully performed. With the following test data [Relative Folder Path: "target/downloadedFiles/"]. @13-10-2021 01:58:02.0203 AM
[ReportManager] Attempting to run remotely on: [Linux-64], [GoogleChrome], [http://localhost:4444/wd/hub], Headless Execution. @13-10-2021 01:58:02.0204 AM
[ReportManager] Successfully Opened [GoogleChrome]. @13-10-2021 01:58:02.0379 AM
[ReportManager] Target URL: [https://www.google.com/ncr], and after redirection: [www.google.com] @13-10-2021 01:58:02.0393 AM
[ReportManager] Initial URL: [data:,] @13-10-2021 01:58:02.0446 AM
[ReportManager] Browser Action [NavigateToURL] successfully performed. With the following test data [https://www.google.com/ncr]. @13-10-2021 01:58:03.0284 A

################################################################################################################################################
Starting Execution:	[24 out of 143] test cases in the current suite
Test Method:		[unitTests.tests_validations_assertions.assertElementAttribute_true_regexComparison_expectedToPass]
################################################################################################################################################
[ReportManager] Element Action [Type] successfully performed. With the following test data [Automation123]. @13-10-2021 01:58:03.0632 AM
[ReportManager] Element Action [GetText] successfully performed. With the following test data [Automation123]. @13-10-2021 01:58:03.0729 AM
[ReportManager] Loaded Shared OpenCV @13-10-2021 01:58:03.0880 AM
[ReportManager] Assertion [ValidateElementAttribute] PASSED. Expected [Value Should be 'Automation.*' for the 'text' attribute, element locator 'By.name: q'] and Actual [Automation123]. Comparison Type [MATCHES]. Validation Type [POSITIVE]. @13-10-2021 01:58:03.0950 AM
[ReportManager] Successfully created attachment [Screenshot - 1634090283880_assertElementAttribute_true_regexComparison_expectedToPass_ValidateElementAttribute_passed] @13-10-2021 01:58:03.0951 A
[ReportManager] Browser Action [CloseCurrentWindow] successfully performed. @13-10-2021 01:58:04.0068 AM
[ReportManager] Successfully created attachment [Browser Action Test Data - CloseCurrentWindow - Actual Value] @13-10-2021 01:58:04.0069 A
[ReportManager] File Action [GetAbsolutePath] successfully performed. With the following test data [Relative Folder Path: "target/downloadedFiles/"]. @13-10-2021 01:58:04.0071 AM
[ReportManager] Attempting to run remotely on: [Linux-64], [GoogleChrome], [http://localhost:4444/wd/hub], Headless Execution. @13-10-2021 01:58:04.0072 AM
[ReportManager] Successfully Opened [GoogleChrome]. @13-10-2021 01:58:04.0246 AM
[ReportManager] Target URL: [https://www.google.com/ncr], and after redirection: [www.google.com] @13-10-2021 01:58:04.0259 AM
[ReportManager] Initial URL: [data:,] @13-10-2021 01:58:04.0300 AM
[ReportManager] Browser Action [NavigateToURL] successfully performed. With the following test data [https://www.google.com/ncr]. @13-10-2021 01:58:05.0125 A

################################################################################################################################################
Starting Execution:	[25 out of 143] test cases in the current suite
Test Method:		[unitTests.tests_validations_assertions.assertElementAttribute_type_true_literalComparison_expectedToPass]
################################################################################################################################################
[ReportManager] Element Action [Type] successfully performed. With the following test data [Automation!@#$%^&*()_+{}[]\';/.,]. @13-10-2021 01:58:05.0524 AM
[ReportManager] Element Action [GetText] successfully performed. With the following test data [Automation!@#$%^&*()_+{}[]\';/.,]. @13-10-2021 01:58:05.0620 AM
[ReportManager] Loaded Shared OpenCV @13-10-2021 01:58:05.0783 AM
[ReportManager] Assertion [ValidateElementAttribute] PASSED. Expected [Value Should be 'Automation!@#$%^&*()_+{}[]\';/.,' for the 'text' attribute, element locator 'By.name: q'] and Actual [Automation!@#$%^&*()_+{}[]\';/.,]. Comparison Type [EQUALS]. Validation Type [POSITIVE]. @13-10-2021 01:58:05.0855 AM
[ReportManager] Successfully created attachment [Screenshot - 1634090285782_assertElementAttribute_type_true_literalComparison_expectedToPass_ValidateElementAttribute_passed] @13-10-2021 01:58:05.0856 A
[ReportManager] Browser Action [CloseCurrentWindow] successfully performed. @13-10-2021 01:58:05.0978 AM
[ReportManager] Successfully created attachment [Browser Action Test Data - CloseCurrentWindow - Actual Value] @13-10-2021 01:58:05.0979 A
[ReportManager] File Action [GetAbsolutePath] successfully performed. With the following test data [Relative Folder Path: "target/downloadedFiles/"]. @13-10-2021 01:58:05.0983 AM
[ReportManager] Attempting to run remotely on: [Linux-64], [GoogleChrome], [http://localhost:4444/wd/hub], Headless Execution. @13-10-2021 01:58:05.0983 AM
[ReportManager] Successfully Opened [GoogleChrome]. @13-10-2021 01:58:06.0167 AM
[ReportManager] Target URL: [https://www.google.com/ncr], and after redirection: [www.google.com] @13-10-2021 01:58:06.0182 AM
[ReportManager] Initial URL: [data:,] @13-10-2021 01:58:06.0232 AM
[ReportManager] Browser Action [NavigateToURL] successfully performed. With the following test data [https://www.google.com/ncr]. @13-10-2021 01:58:07.0092 A

################################################################################################################################################
Starting Execution:	[26 out of 143] test cases in the current suite
Test Method:		[unitTests.tests_validations_assertions.assertElementExists_false_expectedToFail]
################################################################################################################################################
[ReportManager] Loaded Shared OpenCV @13-10-2021 01:58:07.0327 AM
[ReportManager] Assertion [ValidateElementExists] FAILED. Expected [Element Should not Exist, locator 'By.id: hplogo'] and Actual [Element Exists]. Comparison Type [EQUALS]. Validation Type [NEGATIVE]. @13-10-2021 01:58:07.0397 AM
[ReportManager] Successfully created attachment [Screenshot - 1634090287327_assertElementExists_false_expectedToFail_ValidateElementExists_failed] @13-10-2021 01:58:07.0398 A
[ReportManager] Browser Action [CloseCurrentWindow] successfully performed. @13-10-2021 01:58:07.0522 AM
[ReportManager] Successfully created attachment [Browser Action Test Data - CloseCurrentWindow - Actual Value] @13-10-2021 01:58:07.0523 A
[ReportManager] File Action [GetAbsolutePath] successfully performed. With the following test data [Relative Folder Path: "target/downloadedFiles/"]. @13-10-2021 01:58:07.0526 AM
[ReportManager] Attempting to run remotely on: [Linux-64], [GoogleChrome], [http://localhost:4444/wd/hub], Headless Execution. @13-10-2021 01:58:07.0526 AM
[ReportManager] Successfully Opened [GoogleChrome]. @13-10-2021 01:58:07.0714 AM
[ReportManager] Target URL: [https://www.google.com/ncr], and after redirection: [www.google.com] @13-10-2021 01:58:07.0726 AM
[ReportManager] Initial URL: [data:,] @13-10-2021 01:58:07.0763 AM
[ReportManager] Browser Action [NavigateToURL] successfully performed. With the following test data [https://www.google.com/ncr]. @13-10-2021 01:58:08.0567 A

################################################################################################################################################
Starting Execution:	[27 out of 143] test cases in the current suite
Test Method:		[unitTests.tests_validations_assertions.assertElementExists_false_expectedToPass]
################################################################################################################################################
[ReportManager] Assertion [ValidateElementExists] PASSED. Expected [Element Should not Exist, locator 'By.id: fakeElement'] and Actual [Element Doesn't Exists]. Comparison Type [EQUALS]. Validation Type [NEGATIVE]. @13-10-2021 01:58:18.0986 AM
[ReportManager] Successfully created attachment [Screenshot - 1634090298913_assertElementExists_false_expectedToPass_ValidateElementExists_passed] @13-10-2021 01:58:18.0987 A
[ReportManager] Browser Action [CloseCurrentWindow] successfully performed. @13-10-2021 01:58:19.0105 AM
[ReportManager] Successfully created attachment [Browser Action Test Data - CloseCurrentWindow - Actual Value] @13-10-2021 01:58:19.0106 A
[ReportManager] File Action [GetAbsolutePath] successfully performed. With the following test data [Relative Folder Path: "target/downloadedFiles/"]. @13-10-2021 01:58:19.0108 AM
[ReportManager] Attempting to run remotely on: [Linux-64], [GoogleChrome], [http://localhost:4444/wd/hub], Headless Execution. @13-10-2021 01:58:19.0109 AM
[ReportManager] Successfully Opened [GoogleChrome]. @13-10-2021 01:58:19.0303 AM
[ReportManager] Target URL: [https://www.google.com/ncr], and after redirection: [www.google.com] @13-10-2021 01:58:19.0317 AM
[ReportManager] Initial URL: [data:,] @13-10-2021 01:58:19.0358 AM
[ReportManager] Browser Action [NavigateToURL] successfully performed. With the following test data [https://www.google.com/ncr]. @13-10-2021 01:58:20.0181 A

################################################################################################################################################
Starting Execution:	[28 out of 143] test cases in the current suite
Test Method:		[unitTests.tests_validations_assertions.assertElementExists_false_multipleElementsFound_expectedToFail]
################################################################################################################################################
[ReportManager] Assertion [ValidateElementExists] FAILED. Expected [Element Should not Exist, locator 'By.xpath: //div'] and Actual [Element Exists but is not unique]. Comparison Type [EQUALS]. Validation Type [NEGATIVE]. @13-10-2021 01:58:20.0434 AM
[ReportManager] Successfully created attachment [Screenshot - 1634090300373_assertElementExists_false_multipleElementsFound_expectedToFail_ValidateElementExists_failed] @13-10-2021 01:58:20.0435 A
[ReportManager] Browser Action [CloseCurrentWindow] successfully performed. @13-10-2021 01:58:20.0555 AM
[ReportManager] Successfully created attachment [Browser Action Test Data - CloseCurrentWindow - Actual Value] @13-10-2021 01:58:20.0555 A
[ReportManager] File Action [GetAbsolutePath] successfully performed. With the following test data [Relative Folder Path: "target/downloadedFiles/"]. @13-10-2021 01:58:20.0559 AM
[ReportManager] Attempting to run remotely on: [Linux-64], [GoogleChrome], [http://localhost:4444/wd/hub], Headless Execution. @13-10-2021 01:58:20.0559 AM
[ReportManager] Successfully Opened [GoogleChrome]. @13-10-2021 01:58:20.0735 AM
[ReportManager] Target URL: [https://www.google.com/ncr], and after redirection: [www.google.com] @13-10-2021 01:58:20.0760 AM
[ReportManager] Initial URL: [data:,] @13-10-2021 01:58:20.0813 AM
[ReportManager] Browser Action [NavigateToURL] successfully performed. With the following test data [https://www.google.com/ncr]. @13-10-2021 01:58:21.0622 A

################################################################################################################################################
Starting Execution:	[29 out of 143] test cases in the current suite
Test Method:		[unitTests.tests_validations_assertions.assertElementExists_true_expectedToFail]
################################################################################################################################################
[ReportManager] Assertion [ValidateElementExists] FAILED. Expected [Element Should Exist, locator 'By.id: fakeElement'] and Actual [Element Doesn't Exists]. Comparison Type [EQUALS]. Validation Type [POSITIVE]. @13-10-2021 01:58:52.0284 AM
[ReportManager] Successfully created attachment [Screenshot - 1634090332223_assertElementExists_true_expectedToFail_ValidateElementExists_failed] @13-10-2021 01:58:52.0285 A
[ReportManager] Browser Action [CloseCurrentWindow] successfully performed. @13-10-2021 01:58:52.0401 AM
[ReportManager] Successfully created attachment [Browser Action Test Data - CloseCurrentWindow - Actual Value] @13-10-2021 01:58:52.0402 A
[ReportManager] File Action [GetAbsolutePath] successfully performed. With the following test data [Relative Folder Path: "target/downloadedFiles/"]. @13-10-2021 01:58:52.0405 AM
[ReportManager] Attempting to run remotely on: [Linux-64], [GoogleChrome], [http://localhost:4444/wd/hub], Headless Execution. @13-10-2021 01:58:52.0406 AM
[ReportManager] Successfully Opened [GoogleChrome]. @13-10-2021 01:58:52.0604 AM
[ReportManager] Target URL: [https://www.google.com/ncr], and after redirection: [www.google.com] @13-10-2021 01:58:52.0615 AM
[ReportManager] Initial URL: [data:,] @13-10-2021 01:58:52.0667 AM
[ReportManager] Browser Action [NavigateToURL] successfully performed. With the following test data [https://www.google.com/ncr]. @13-10-2021 01:58:53.0479 A

################################################################################################################################################
Starting Execution:	[30 out of 143] test cases in the current suite
Test Method:		[unitTests.tests_validations_assertions.assertElementExists_true_expectedToPass]
################################################################################################################################################
[ReportManager] Loaded Shared OpenCV @13-10-2021 01:58:53.0691 AM
[ReportManager] Assertion [ValidateElementExists] PASSED. Expected [Element Should Exist, locator 'By.xpath: //*[@id='hplogo' or @alt='Google']'] and Actual [Element Exists]. Comparison Type [EQUALS]. Validation Type [POSITIVE]. @13-10-2021 01:58:53.0761 AM
[ReportManager] Successfully created attachment [Screenshot - 1634090333690_assertElementExists_true_expectedToPass_ValidateElementExists_passed] @13-10-2021 01:58:53.0763 A
[ReportManager] Browser Action [CloseCurrentWindow] successfully performed. @13-10-2021 01:58:53.0880 AM
[ReportManager] Successfully created attachment [Browser Action Test Data - CloseCurrentWindow - Actual Value] @13-10-2021 01:58:53.0881 A
[ReportManager] File Action [GetAbsolutePath] successfully performed. With the following test data [Relative Folder Path: "target/downloadedFiles/"]. @13-10-2021 01:58:53.0884 AM
[ReportManager] Attempting to run remotely on: [Linux-64], [GoogleChrome], [http://localhost:4444/wd/hub], Headless Execution. @13-10-2021 01:58:53.0885 AM
[ReportManager] Successfully Opened [GoogleChrome]. @13-10-2021 01:58:54.0064 AM
[ReportManager] Target URL: [https://www.google.com/ncr], and after redirection: [www.google.com] @13-10-2021 01:58:54.0077 AM
[ReportManager] Initial URL: [data:,] @13-10-2021 01:58:54.0127 AM
[ReportManager] Browser Action [NavigateToURL] successfully performed. With the following test data [https://www.google.com/ncr]. @13-10-2021 01:58:56.0641 A

################################################################################################################################################
Starting Execution:	[31 out of 143] test cases in the current suite
Test Method:		[unitTests.tests_validations_assertions.assertElementExists_true_multipleElementsFound_expectedToFail]
################################################################################################################################################
[ReportManager] Assertion [ValidateElementExists] FAILED. Expected [Element Should Exist, locator 'By.xpath: //div'] and Actual [Element Exists but is not unique]. Comparison Type [EQUALS]. Validation Type [POSITIVE]. @13-10-2021 01:58:56.0906 AM
[ReportManager] Successfully created attachment [Screenshot - 1634090336842_assertElementExists_true_multipleElementsFound_expectedToFail_ValidateElementExists_failed] @13-10-2021 01:58:56.0908 A
[ReportManager] Browser Action [CloseCurrentWindow] successfully performed. @13-10-2021 01:58:57.0026 AM
[ReportManager] Successfully created attachment [Browser Action Test Data - CloseCurrentWindow - Actual Value] @13-10-2021 01:58:57.0026 A

################################################################################################################################################
Starting Execution:	[32 out of 143] test cases in the current suite
Test Method:		[unitTests.tests_validations_assertions.assertEquals_false_expectedToFail]
################################################################################################################################################
[ReportManager] Assertion [ValidateEquals] FAILED. Expected [1] and Actual [1]. Comparison Type [EQUALS]. Validation Type [NEGATIVE]. @13-10-2021 01:58:57.0032 A

################################################################################################################################################
Starting Execution:	[33 out of 143] test cases in the current suite
Test Method:		[unitTests.tests_validations_assertions.assertEquals_false_expectedToPass]
################################################################################################################################################
[ReportManager] Assertion [ValidateEquals] PASSED. Expected [1] and Actual [2]. Comparison Type [EQUALS]. Validation Type [NEGATIVE]. @13-10-2021 01:58:57.0036 A

################################################################################################################################################
Starting Execution:	[34 out of 143] test cases in the current suite
Test Method:		[unitTests.tests_validations_assertions.assertEquals_longCharacters]
################################################################################################################################################
[ReportManager] Verification [ValidateEquals] PASSED. Expected and Actual values are attached. Comparison Type [EQUALS]. Validation Type [POSITIVE]. @13-10-2021 01:58:57.0040 AM
[ReportManager] Successfully created attachment [Validation Test Data - Expected Value] @13-10-2021 01:58:57.0040 AM
[ReportManager] Successfully created attachment [Validation Test Data - Actual Value] @13-10-2021 01:58:57.0040 AM
[ReportManager] Assertion [ValidateEquals] PASSED. Expected and Actual values are attached. Comparison Type [EQUALS]. Validation Type [POSITIVE]. @13-10-2021 01:58:57.0041 AM
[ReportManager] Successfully created attachment [Validation Test Data - Expected Value] @13-10-2021 01:58:57.0041 AM
[ReportManager] Successfully created attachment [Validation Test Data - Actual Value] @13-10-2021 01:58:57.0041 A

################################################################################################################################################
Starting Execution:	[35 out of 143] test cases in the current suite
Test Method:		[unitTests.tests_validations_assertions.assertEquals_longCharacters_Discreet]
################################################################################################################################################
[ReportManager] Assertion [ValidateEquals] PASSED. Expected [1LH5pROcDBjjQk0t0mCr0lXuzQu9lcGj28kY8R1H81X67eVAQJgWQhILiRWVPUgZ6uCtK5cnBkF55Jr9vYngjGO1Iyf0Mktv6lruDlL9T8MAUPcUZJGHZtji6nIeadujDSNmWMj5d6C8zlFqw0CRqBU0hO5adIasHgBSNoLotAjce3NGXoDwAlp3rYreeV16VIyZXROQY] and Actual [1LH5pROcDBjjQk0t0mCr0lXuzQu9lcGj28kY8R1H81X67eVAQJgWQhILiRWVPUgZ6uCtK5cnBkF55Jr9vYngjGO1Iyf0Mktv6lruDlL9T8MAUPcUZJGHZtji6nIeadujDSNmWMj5d6C8zlFqw0CRqBU0hO5adIasHgBSNoLotAjce3NGXoDwAlp3rYreeV16VIyZXROQY]. Comparison Type [EQUALS]. Validation Type [POSITIVE]. @13-10-2021 01:58:57.0045 A

################################################################################################################################################
Starting Execution:	[36 out of 143] test cases in the current suite
Test Method:		[unitTests.tests_validations_assertions.assertEquals_true_expectedToFail]
################################################################################################################################################
[ReportManager] Assertion [ValidateEquals] FAILED. Expected [1] and Actual [2]. Comparison Type [EQUALS]. Validation Type [POSITIVE]. @13-10-2021 01:58:57.0052 A

################################################################################################################################################
Starting Execution:	[37 out of 143] test cases in the current suite
Test Method:		[unitTests.tests_validations_assertions.assertEquals_true_expectedToPass]
Test Description:	[Assert that assertEquals works as expected when the two values are equal.]
################################################################################################################################################
[ReportManager] Verification [ValidateEquals] PASSED. Expected [1] and Actual [1]. Comparison Type [EQUALS]. Validation Type [POSITIVE]. @13-10-2021 01:58:57.0061 AM
[ReportManager] Assertion [ValidateEquals] PASSED. Expected [1] and Actual [1]. Comparison Type [EQUALS]. Validation Type [POSITIVE]. @13-10-2021 01:58:57.0061 A

################################################################################################################################################
Starting Execution:	[38 out of 143] test cases in the current suite
Test Method:		[unitTests.tests_validations_assertions.assertEquals_true_expectedToPass__]
################################################################################################################################################
[ReportManager] Assertion [ValidateEquals] PASSED. Expected [1] and Actual [1]. Comparison Type [EQUALS]. Validation Type [POSITIVE]. @13-10-2021 01:58:57.0064 A

################################################################################################################################################
Starting Execution:	[39 out of 143] test cases in the current suite
Test Method:		[unitTests.tests_validations_assertions.assertFileExists_false_expectedToFail]
################################################################################################################################################
[ReportManager] File Action [DoesFileExist] successfully performed. With the following test data [File Path: "src/main/java/com/shaft/gui/element/ElementActions.java"]. @13-10-2021 01:58:57.0066 AM
[ReportManager] Assertion [ValidateFileExists] FAILED. Expected [File 'src/main/java/com/shaft/gui/element/ElementActions.java' should not exist, after up to '1' retries] and Actual [File exists]. Validation Type [NEGATIVE]. @13-10-2021 01:58:57.0073 A

################################################################################################################################################
Starting Execution:	[40 out of 143] test cases in the current suite
Test Method:		[unitTests.tests_validations_assertions.assertFileExists_false_expectedToPass]
################################################################################################################################################
[ReportManager] File Action [DoesFileExist] successfully performed. With the following test data [File Path: "src/main/java/com/shaft/gui/element/ElementActions.java_fail"]. @13-10-2021 01:58:57.0579 AM
[ReportManager] Assertion [ValidateFileExists] PASSED. Expected [File 'src/main/java/com/shaft/gui/element/ElementActions.java_fail' should not exist, after up to '1' retries] and Actual [File does not exist]. Validation Type [NEGATIVE]. @13-10-2021 01:58:57.0579 A

################################################################################################################################################
Starting Execution:	[41 out of 143] test cases in the current suite
Test Method:		[unitTests.tests_validations_assertions.assertFileExists_true_expectedToFail]
################################################################################################################################################
[ReportManager] File Action [DoesFileExist] successfully performed. With the following test data [File Path: "src/main/java/com/shaft/gui/element/ElementActions.java_fail"]. @13-10-2021 01:58:58.0085 AM
[ReportManager] Assertion [ValidateFileExists] FAILED. Expected [File 'src/main/java/com/shaft/gui/element/ElementActions.java_fail' should exist, after up to '1' retries] and Actual [File does not exist]. Validation Type [POSITIVE]. @13-10-2021 01:58:58.0086 A

################################################################################################################################################
Starting Execution:	[42 out of 143] test cases in the current suite
Test Method:		[unitTests.tests_validations_assertions.assertFileExists_true_expectedToPass]
################################################################################################################################################
[ReportManager] File Action [DoesFileExist] successfully performed. With the following test data [File Path: "src/main/java/com/shaft/gui/element/ElementActions.java"]. @13-10-2021 01:58:58.0091 AM
[ReportManager] Assertion [ValidateFileExists] PASSED. Expected [File 'src/main/java/com/shaft/gui/element/ElementActions.java' should exist, after up to '1' retries] and Actual [File exists]. Validation Type [POSITIVE]. @13-10-2021 01:58:58.0092 A

################################################################################################################################################
Starting Execution:	[43 out of 143] test cases in the current suite
Test Method:		[unitTests.tests_validations_assertions.assertNull_false_expectedToFail]
################################################################################################################################################
[ReportManager] Assertion [ValidateNull] FAILED. Expected [NULL] and Actual [NULL]. Comparison Type [EQUALS]. Validation Type [NEGATIVE]. @13-10-2021 01:58:58.0099 A

################################################################################################################################################
Starting Execution:	[44 out of 143] test cases in the current suite
Test Method:		[unitTests.tests_validations_assertions.assertNull_false_expectedToPass]
################################################################################################################################################
[ReportManager] Assertion [ValidateNull] PASSED. Expected [NULL] and Actual [1]. Comparison Type [EQUALS]. Validation Type [NEGATIVE]. @13-10-2021 01:58:58.0105 A

################################################################################################################################################
Starting Execution:	[45 out of 143] test cases in the current suite
Test Method:		[unitTests.tests_validations_assertions.assertNull_true_expectedToFail]
################################################################################################################################################
[ReportManager] Assertion [ValidateNull] FAILED. Expected [NULL] and Actual [1]. Comparison Type [EQUALS]. Validation Type [POSITIVE]. @13-10-2021 01:58:58.0110 A

################################################################################################################################################
Starting Execution:	[46 out of 143] test cases in the current suite
Test Method:		[unitTests.tests_validations_assertions.assertNull_true_expectedToPass]
################################################################################################################################################
[ReportManager] Assertion [ValidateNull] PASSED. Expected [NULL] and Actual [NULL]. Comparison Type [EQUALS]. Validation Type [POSITIVE]. @13-10-2021 01:58:58.0114 A

################################################################################################################################################
Starting Execution:	[47 out of 143] test cases in the current suite
Test Method:		[unitTests.tests_restActions.getPostsAndAssertBodyForSpecificTitle]
################################################################################################################################################
[ReportManager] Response status code: [200], status line: [HTTP/1.1 200 OK] @13-10-2021 01:58:59.0732 AM
[ReportManager] Assertion Passed: Evaluating the actual response status code against the expected one... @13-10-2021 01:58:59.0733 AM
[ReportManager] Assertion [ValidateEquals] PASSED. Expected [200] and Actual [200]. Comparison Type [EQUALS]. Validation Type [POSITIVE]. @13-10-2021 01:58:59.0733 AM
[ReportManager] API Action [PerformRequest] successfully performed. With the following test data [Request Type: "GET" | Target Status Code: "200" | Service URL: "https://jsonplaceholder.typicode.com/posts" | Content Type: "*/*" | Response Time: "581ms"]. @13-10-2021 01:59:00.0887 AM
[ReportManager] Successfully created attachment [API Request - Specifications] @13-10-2021 01:59:00.0888 AM
[ReportManager] Successfully created attachment [API Response - JSON Body] @13-10-2021 01:59:01.0247 AM
[ReportManager] API Action [GetResponseJSONValueAsList] successfully performed. @13-10-2021 01:59:01.0262 AM
[ReportManager] API Action [GetResponseJSONValue] successfully performed. With the following test data [title]. @13-10-2021 01:59:01.0281 AM
[ReportManager] API Action [GetResponseJSONValue] successfully performed. With the following test data [title]. @13-10-2021 01:59:01.0294 AM
[ReportManager] API Action [GetResponseJSONValue] successfully performed. With the following test data [body]. @13-10-2021 01:59:01.0305 AM
[ReportManager] Assertion [ValidateEquals] PASSED. Expected [qui neque nisi nulla] and Actual [est rerum tempore vitae
sequi sint nihil reprehenderit dolor beatae ea dolores neque
fugiat blanditiis voluptate porro vel nihil molestiae ut reiciendis
qui aperiam non debitis possimus qui neque nisi nulla]. Comparison Type [CONTAINS]. Validation Type [POSITIVE]. @13-10-2021 01:59:01.0305 AM
[ReportManager] API Action [GetResponseJSONValue] successfully performed. With the following test data [title]. @13-10-2021 01:59:01.0316 AM
[ReportManager] API Action [GetResponseJSONValue] successfully performed. With the following test data [title]. @13-10-2021 01:59:01.0326 AM
[ReportManager] API Action [GetResponseJSONValue] successfully performed. With the following test data [title]. @13-10-2021 01:59:01.0337 AM
[ReportManager] API Action [GetResponseJSONValue] successfully performed. With the following test data [title]. @13-10-2021 01:59:01.0347 AM
[ReportManager] API Action [GetResponseJSONValue] successfully performed. With the following test data [title]. @13-10-2021 01:59:01.0357 AM
[ReportManager] API Action [GetResponseJSONValue] successfully performed. With the following test data [title]. @13-10-2021 01:59:01.0367 AM
[ReportManager] API Action [GetResponseJSONValue] successfully performed. With the following test data [title]. @13-10-2021 01:59:01.0377 AM
[ReportManager] API Action [GetResponseJSONValue] successfully performed. With the following test data [title]. @13-10-2021 01:59:01.0388 AM
[ReportManager] API Action [GetResponseJSONValue] successfully performed. With the following test data [title]. @13-10-2021 01:59:01.0398 AM
[ReportManager] API Action [GetResponseJSONValue] successfully performed. With the following test data [title]. @13-10-2021 01:59:01.0408 AM
[ReportManager] API Action [GetResponseJSONValue] successfully performed. With the following test data [title]. @13-10-2021 01:59:01.0419 AM
[ReportManager] API Action [GetResponseJSONValue] successfully performed. With the following test data [title]. @13-10-2021 01:59:01.0431 AM
[ReportManager] API Action [GetResponseJSONValue] successfully performed. With the following test data [title]. @13-10-2021 01:59:01.0440 AM
[ReportManager] API Action [GetResponseJSONValue] successfully performed. With the following test data [title]. @13-10-2021 01:59:01.0451 AM
[ReportManager] API Action [GetResponseJSONValue] successfully performed. With the following test data [title]. @13-10-2021 01:59:01.0461 AM
[ReportManager] API Action [GetResponseJSONValue] successfully performed. With the following test data [title]. @13-10-2021 01:59:01.0471 AM
[ReportManager] API Action [GetResponseJSONValue] successfully performed. With the following test data [title]. @13-10-2021 01:59:01.0482 AM
[ReportManager] API Action [GetResponseJSONValue] successfully performed. With the following test data [title]. @13-10-2021 01:59:01.0491 AM
[ReportManager] API Action [GetResponseJSONValue] successfully performed. With the following test data [title]. @13-10-2021 01:59:01.0501 AM
[ReportManager] API Action [GetResponseJSONValue] successfully performed. With the following test data [title]. @13-10-2021 01:59:01.0510 AM
[ReportManager] API Action [GetResponseJSONValue] successfully performed. With the following test data [title]. @13-10-2021 01:59:01.0520 AM
[ReportManager] API Action [GetResponseJSONValue] successfully performed. With the following test data [title]. @13-10-2021 01:59:01.0529 AM
[ReportManager] API Action [GetResponseJSONValue] successfully performed. With the following test data [title]. @13-10-2021 01:59:01.0542 AM
[ReportManager] API Action [GetResponseJSONValue] successfully performed. With the following test data [title]. @13-10-2021 01:59:01.0552 AM
[ReportManager] API Action [GetResponseJSONValue] successfully performed. With the following test data [title]. @13-10-2021 01:59:01.0561 AM
[ReportManager] API Action [GetResponseJSONValue] successfully performed. With the following test data [title]. @13-10-2021 01:59:01.0571 AM
[ReportManager] API Action [GetResponseJSONValue] successfully performed. With the following test data [title]. @13-10-2021 01:59:01.0580 AM
[ReportManager] API Action [GetResponseJSONValue] successfully performed. With the following test data [title]. @13-10-2021 01:59:01.0590 AM
[ReportManager] API Action [GetResponseJSONValue] successfully performed. With the following test data [title]. @13-10-2021 01:59:01.0599 AM
[ReportManager] API Action [GetResponseJSONValue] successfully performed. With the following test data [title]. @13-10-2021 01:59:01.0609 AM
[ReportManager] API Action [GetResponseJSONValue] successfully performed. With the following test data [title]. @13-10-2021 01:59:01.0618 AM
[ReportManager] API Action [GetResponseJSONValue] successfully performed. With the following test data [title]. @13-10-2021 01:59:01.0627 AM
[ReportManager] API Action [GetResponseJSONValue] successfully performed. With the following test data [title]. @13-10-2021 01:59:01.0637 AM
[ReportManager] API Action [GetResponseJSONValue] successfully performed. With the following test data [title]. @13-10-2021 01:59:01.0653 AM
[ReportManager] API Action [GetResponseJSONValue] successfully performed. With the following test data [title]. @13-10-2021 01:59:01.0663 AM
[ReportManager] API Action [GetResponseJSONValue] successfully performed. With the following test data [title]. @13-10-2021 01:59:01.0672 AM
[ReportManager] API Action [GetResponseJSONValue] successfully performed. With the following test data [title]. @13-10-2021 01:59:01.0682 AM
[ReportManager] API Action [GetResponseJSONValue] successfully performed. With the following test data [title]. @13-10-2021 01:59:01.0691 AM
[ReportManager] API Action [GetResponseJSONValue] successfully performed. With the following test data [title]. @13-10-2021 01:59:01.0701 AM
[ReportManager] API Action [GetResponseJSONValue] successfully performed. With the following test data [title]. @13-10-2021 01:59:01.0710 AM
[ReportManager] API Action [GetResponseJSONValue] successfully performed. With the following test data [title]. @13-10-2021 01:59:01.0719 AM
[ReportManager] API Action [GetResponseJSONValue] successfully performed. With the following test data [title]. @13-10-2021 01:59:01.0728 AM
[ReportManager] API Action [GetResponseJSONValue] successfully performed. With the following test data [title]. @13-10-2021 01:59:01.0736 AM
[ReportManager] API Action [GetResponseJSONValue] successfully performed. With the following test data [title]. @13-10-2021 01:59:01.0745 AM
[ReportManager] API Action [GetResponseJSONValue] successfully performed. With the following test data [title]. @13-10-2021 01:59:01.0754 AM
[ReportManager] API Action [GetResponseJSONValue] successfully performed. With the following test data [title]. @13-10-2021 01:59:01.0763 AM
[ReportManager] API Action [GetResponseJSONValue] successfully performed. With the following test data [title]. @13-10-2021 01:59:01.0772 AM
[ReportManager] API Action [GetResponseJSONValue] successfully performed. With the following test data [title]. @13-10-2021 01:59:01.0782 AM
[ReportManager] API Action [GetResponseJSONValue] successfully performed. With the following test data [title]. @13-10-2021 01:59:01.0792 AM
[ReportManager] API Action [GetResponseJSONValue] successfully performed. With the following test data [title]. @13-10-2021 01:59:01.0802 AM
[ReportManager] API Action [GetResponseJSONValue] successfully performed. With the following test data [title]. @13-10-2021 01:59:01.0820 AM
[ReportManager] API Action [GetResponseJSONValue] successfully performed. With the following test data [title]. @13-10-2021 01:59:01.0835 AM
[ReportManager] API Action [GetResponseJSONValue] successfully performed. With the following test data [title]. @13-10-2021 01:59:01.0846 AM
[ReportManager] API Action [GetResponseJSONValue] successfully performed. With the following test data [title]. @13-10-2021 01:59:01.0855 AM
[ReportManager] API Action [GetResponseJSONValue] successfully performed. With the following test data [title]. @13-10-2021 01:59:01.0864 AM
[ReportManager] API Action [GetResponseJSONValue] successfully performed. With the following test data [title]. @13-10-2021 01:59:01.0875 AM
[ReportManager] API Action [GetResponseJSONValue] successfully performed. With the following test data [title]. @13-10-2021 01:59:01.0885 AM
[ReportManager] API Action [GetResponseJSONValue] successfully performed. With the following test data [title]. @13-10-2021 01:59:01.0894 AM
[ReportManager] API Action [GetResponseJSONValue] successfully performed. With the following test data [title]. @13-10-2021 01:59:01.0903 AM
[ReportManager] API Action [GetResponseJSONValue] successfully performed. With the following test data [title]. @13-10-2021 01:59:01.0927 AM
[ReportManager] API Action [GetResponseJSONValue] successfully performed. With the following test data [title]. @13-10-2021 01:59:01.0936 AM
[ReportManager] API Action [GetResponseJSONValue] successfully performed. With the following test data [title]. @13-10-2021 01:59:01.0945 AM
[ReportManager] API Action [GetResponseJSONValue] successfully performed. With the following test data [title]. @13-10-2021 01:59:01.0955 AM
[ReportManager] API Action [GetResponseJSONValue] successfully performed. With the following test data [title]. @13-10-2021 01:59:01.0964 AM
[ReportManager] API Action [GetResponseJSONValue] successfully performed. With the following test data [title]. @13-10-2021 01:59:01.0974 AM
[ReportManager] API Action [GetResponseJSONValue] successfully performed. With the following test data [title]. @13-10-2021 01:59:01.0983 AM
[ReportManager] API Action [GetResponseJSONValue] successfully performed. With the following test data [title]. @13-10-2021 01:59:01.0992 AM
[ReportManager] API Action [GetResponseJSONValue] successfully performed. With the following test data [title]. @13-10-2021 01:59:02.0001 AM
[ReportManager] API Action [GetResponseJSONValue] successfully performed. With the following test data [title]. @13-10-2021 01:59:02.0011 AM
[ReportManager] API Action [GetResponseJSONValue] successfully performed. With the following test data [title]. @13-10-2021 01:59:02.0020 AM
[ReportManager] API Action [GetResponseJSONValue] successfully performed. With the following test data [title]. @13-10-2021 01:59:02.0029 AM
[ReportManager] API Action [GetResponseJSONValue] successfully performed. With the following test data [title]. @13-10-2021 01:59:02.0039 AM
[ReportManager] API Action [GetResponseJSONValue] successfully performed. With the following test data [title]. @13-10-2021 01:59:02.0048 AM
[ReportManager] API Action [GetResponseJSONValue] successfully performed. With the following test data [title]. @13-10-2021 01:59:02.0057 AM
[ReportManager] API Action [GetResponseJSONValue] successfully performed. With the following test data [title]. @13-10-2021 01:59:02.0066 AM
[ReportManager] API Action [GetResponseJSONValue] successfully performed. With the following test data [title]. @13-10-2021 01:59:02.0077 AM
[ReportManager] API Action [GetResponseJSONValue] successfully performed. With the following test data [title]. @13-10-2021 01:59:02.0086 AM
[ReportManager] API Action [GetResponseJSONValue] successfully performed. With the following test data [title]. @13-10-2021 01:59:02.0096 AM
[ReportManager] API Action [GetResponseJSONValue] successfully performed. With the following test data [title]. @13-10-2021 01:59:02.0106 AM
[ReportManager] API Action [GetResponseJSONValue] successfully performed. With the following test data [title]. @13-10-2021 01:59:02.0114 AM
[ReportManager] API Action [GetResponseJSONValue] successfully performed. With the following test data [title]. @13-10-2021 01:59:02.0123 AM
[ReportManager] API Action [GetResponseJSONValue] successfully performed. With the following test data [title]. @13-10-2021 01:59:02.0132 AM
[ReportManager] API Action [GetResponseJSONValue] successfully performed. With the following test data [title]. @13-10-2021 01:59:02.0141 AM
[ReportManager] API Action [GetResponseJSONValue] successfully performed. With the following test data [title]. @13-10-2021 01:59:02.0150 AM
[ReportManager] API Action [GetResponseJSONValue] successfully performed. With the following test data [title]. @13-10-2021 01:59:02.0159 AM
[ReportManager] API Action [GetResponseJSONValue] successfully performed. With the following test data [title]. @13-10-2021 01:59:02.0166 AM
[ReportManager] API Action [GetResponseJSONValue] successfully performed. With the following test data [title]. @13-10-2021 01:59:02.0174 AM
[ReportManager] API Action [GetResponseJSONValue] successfully performed. With the following test data [title]. @13-10-2021 01:59:02.0182 AM
[ReportManager] API Action [GetResponseJSONValue] successfully performed. With the following test data [title]. @13-10-2021 01:59:02.0189 AM
[ReportManager] API Action [GetResponseJSONValue] successfully performed. With the following test data [title]. @13-10-2021 01:59:02.0197 AM
[ReportManager] API Action [GetResponseJSONValue] successfully performed. With the following test data [title]. @13-10-2021 01:59:02.0204 AM
[ReportManager] API Action [GetResponseJSONValue] successfully performed. With the following test data [title]. @13-10-2021 01:59:02.0212 AM
[ReportManager] API Action [GetResponseJSONValue] successfully performed. With the following test data [title]. @13-10-2021 01:59:02.0219 AM
[ReportManager] API Action [GetResponseJSONValue] successfully performed. With the following test data [title]. @13-10-2021 01:59:02.0227 AM
[ReportManager] API Action [GetResponseJSONValue] successfully performed. With the following test data [title]. @13-10-2021 01:59:02.0234 AM
[ReportManager] API Action [GetResponseJSONValue] successfully performed. With the following test data [title]. @13-10-2021 01:59:02.0242 AM
[ReportManager] API Action [GetResponseJSONValue] successfully performed. With the following test data [title]. @13-10-2021 01:59:02.0250 AM
[ReportManager] API Action [GetResponseJSONValue] successfully performed. With the following test data [title]. @13-10-2021 01:59:02.0258 A

################################################################################################################################################
Starting Execution:	[48 out of 143] test cases in the current suite
Test Method:		[unitTests.tests_restActions.validateUserEmail]
################################################################################################################################################
[ReportManager] Response status code: [200], status line: [HTTP/1.1 200 OK] @13-10-2021 01:59:02.0346 AM
[ReportManager] Assertion Passed: Evaluating the actual response status code against the expected one... @13-10-2021 01:59:02.0346 AM
[ReportManager] Assertion [ValidateEquals] PASSED. Expected [200] and Actual [200]. Comparison Type [EQUALS]. Validation Type [POSITIVE]. @13-10-2021 01:59:02.0346 AM
[ReportManager] API Action [PerformRequest] successfully performed. With the following test data [Request Type: "GET" | Target Status Code: "200" | Service URL: "https://jsonplaceholder.typicode.com/users" | Content Type: "*/*" | Response Time: "66ms"]. @13-10-2021 01:59:02.0377 AM
[ReportManager] Successfully created attachment [API Request - Specifications] @13-10-2021 01:59:02.0380 AM
[ReportManager] Successfully created attachment [API Response - JSON Body] @13-10-2021 01:59:02.0380 AM
[ReportManager] Assertion [ValidateEquals] PASSED. Expected and Actual values are attached. Comparison Type [CONTAINS]. Validation Type [POSITIVE]. @13-10-2021 01:59:02.0381 AM
[ReportManager] Successfully created attachment [Validation Test Data - Expected Value] @13-10-2021 01:59:02.0381 AM
[ReportManager] Successfully created attachment [Validation Test Data - Actual Value] @13-10-2021 01:59:02.0381 AM
[ReportManager] API Action [GetResponseJSONValueAsList] successfully performed. With the following test data [$]. @13-10-2021 01:59:02.0387 AM
[ReportManager] API Action [GetResponseJSONValue] successfully performed. With the following test data [name]. @13-10-2021 01:59:02.0399 AM
[ReportManager] API Action [GetResponseJSONValue] successfully performed. With the following test data [email]. @13-10-2021 01:59:02.0408 AM
[ReportManager] Assertion [ValidateEquals] PASSED. Expected [Sincere@april.biz] and Actual [Sincere@april.biz]. Comparison Type [EQUALS]. Validation Type [POSITIVE]. @13-10-2021 01:59:02.0408 AM
[ReportManager] API Action [GetResponseJSONValue] successfully performed. With the following test data [name]. @13-10-2021 01:59:02.0422 AM
[ReportManager] API Action [GetResponseJSONValue] successfully performed. With the following test data [name]. @13-10-2021 01:59:02.0435 AM
[ReportManager] API Action [GetResponseJSONValue] successfully performed. With the following test data [name]. @13-10-2021 01:59:02.0450 AM
[ReportManager] API Action [GetResponseJSONValue] successfully performed. With the following test data [name]. @13-10-2021 01:59:02.0462 AM
[ReportManager] API Action [GetResponseJSONValue] successfully performed. With the following test data [name]. @13-10-2021 01:59:02.0473 AM
[ReportManager] API Action [GetResponseJSONValue] successfully performed. With the following test data [name]. @13-10-2021 01:59:02.0483 AM
[ReportManager] API Action [GetResponseJSONValue] successfully performed. With the following test data [name]. @13-10-2021 01:59:02.0493 AM
[ReportManager] API Action [GetResponseJSONValue] successfully performed. With the following test data [name]. @13-10-2021 01:59:02.0502 AM
[ReportManager] API Action [GetResponseJSONValue] successfully performed. With the following test data [name]. @13-10-2021 01:59:02.0511 A
[ReportManager] File Action [GetAbsolutePath] successfully performed. With the following test data [Relative Folder Path: "target/downloadedFiles/"]. @13-10-2021 01:59:02.0521 AM
[ReportManager] Attempting to run remotely on: [Linux-64], [GoogleChrome], [http://localhost:4444/wd/hub], Headless Execution. @13-10-2021 01:59:02.0522 AM
[ReportManager] Successfully Opened [GoogleChrome]. @13-10-2021 01:59:02.0798 AM
[ReportManager] Target URL: [https://duckduckgo.com] @13-10-2021 01:59:02.0810 AM
[ReportManager] Initial URL: [data:,] @13-10-2021 01:59:02.0850 AM
[ReportManager] Browser Action [NavigateToURL] successfully performed. With the following test data [https://duckduckgo.com]. @13-10-2021 01:59:03.0599 A

################################################################################################################################################
Starting Execution:	[49 out of 143] test cases in the current suite
Test Method:		[unitTests.tests_browserActions.fullScreenWindow]
################################################################################################################################################
[ReportManager] Initial Windows Size: 800x600 @13-10-2021 01:59:03.0613 AM
[ReportManager] Initial window size: (800, 600) @13-10-2021 01:59:03.0616 AM
[ReportManager] Window size after Toolkit: (1920, 1080) @13-10-2021 01:59:03.0850 AM
[ReportManager] Browser Action [MaximizeWindow] successfully performed. With the following test data [New screen size is now: (1920, 1080)]. @13-10-2021 01:59:03.0853 AM
[ReportManager] Current Windows Size after fullScreen: 1920x1080 @13-10-2021 01:59:03.0861 AM
[ReportManager] Browser Action [FullScreenWindow] successfully performed. @13-10-2021 01:59:03.0880 AM
[ReportManager] Successfully created attachment [Browser Action Test Data - FullScreenWindow - Actual Value] @13-10-2021 01:59:03.0883 A
[ReportManager] Target URL: [https://duckduckgo.com] @13-10-2021 01:59:03.0888 AM
[ReportManager] Initial URL: [https://duckduckgo.com] @13-10-2021 01:59:03.0945 AM
[ReportManager] Browser Action [NavigateToURL] successfully performed. With the following test data [https://duckduckgo.com]. @13-10-2021 01:59:04.0299 AM
[ReportManager] Browser Action [CloseCurrentWindow] successfully performed. @13-10-2021 01:59:04.0426 AM
[ReportManager] Successfully created attachment [Browser Action Test Data - CloseCurrentWindow - Actual Value] @13-10-2021 01:59:04.0429 A
[ReportManager] File Action [GetAbsolutePath] successfully performed. With the following test data [Relative Folder Path: "target/downloadedFiles/"]. @13-10-2021 01:59:04.0431 AM
[ReportManager] Attempting to run remotely on: [Linux-64], [GoogleChrome], [http://localhost:4444/wd/hub], Headless Execution. @13-10-2021 01:59:04.0432 AM
[ReportManager] Successfully Opened [GoogleChrome]. @13-10-2021 01:59:04.0620 AM
[ReportManager] Target URL: [https://duckduckgo.com] @13-10-2021 01:59:04.0630 AM
[ReportManager] Initial URL: [data:,] @13-10-2021 01:59:04.0668 AM
[ReportManager] Browser Action [NavigateToURL] successfully performed. With the following test data [https://duckduckgo.com]. @13-10-2021 01:59:05.0319 A

################################################################################################################################################
Starting Execution:	[50 out of 143] test cases in the current suite
Test Method:		[unitTests.tests_browserActions.getCurrentURL]
################################################################################################################################################
[ReportManager] Browser Action [GetCurrentURL] successfully performed. With the following test data [https://duckduckgo.com/]. @13-10-2021 01:59:05.0352 A
[ReportManager] Target URL: [https://duckduckgo.com] @13-10-2021 01:59:05.0354 AM
[ReportManager] Initial URL: [https://duckduckgo.com] @13-10-2021 01:59:05.0413 AM
[ReportManager] Browser Action [NavigateToURL] successfully performed. With the following test data [https://duckduckgo.com]. @13-10-2021 01:59:05.0733 AM
[ReportManager] Browser Action [CloseCurrentWindow] successfully performed. @13-10-2021 01:59:05.0840 AM
[ReportManager] Successfully created attachment [Browser Action Test Data - CloseCurrentWindow - Actual Value] @13-10-2021 01:59:05.0841 A
[ReportManager] File Action [GetAbsolutePath] successfully performed. With the following test data [Relative Folder Path: "target/downloadedFiles/"]. @13-10-2021 01:59:05.0843 AM
[ReportManager] Attempting to run remotely on: [Linux-64], [GoogleChrome], [http://localhost:4444/wd/hub], Headless Execution. @13-10-2021 01:59:05.0843 AM
[ReportManager] Successfully Opened [GoogleChrome]. @13-10-2021 01:59:06.0027 AM
[ReportManager] Target URL: [https://duckduckgo.com] @13-10-2021 01:59:06.0048 AM
[ReportManager] Initial URL: [data:,] @13-10-2021 01:59:06.0099 AM
[ReportManager] Browser Action [NavigateToURL] successfully performed. With the following test data [https://duckduckgo.com]. @13-10-2021 01:59:06.0704 A

################################################################################################################################################
Starting Execution:	[51 out of 143] test cases in the current suite
Test Method:		[unitTests.tests_browserActions.getCurrentWindowTitle]
################################################################################################################################################
[ReportManager] Browser Action [GetCurrentWindowTitle] successfully performed. With the following test data [DuckDuckGo  Privacy, simplified.]. @13-10-2021 01:59:06.0748 A
[ReportManager] Target URL: [https://duckduckgo.com] @13-10-2021 01:59:06.0752 AM
[ReportManager] Initial URL: [https://duckduckgo.com] @13-10-2021 01:59:06.0805 AM
[ReportManager] Browser Action [NavigateToURL] successfully performed. With the following test data [https://duckduckgo.com]. @13-10-2021 01:59:07.0105 AM
[ReportManager] Browser Action [CloseCurrentWindow] successfully performed. @13-10-2021 01:59:07.0208 AM
[ReportManager] Successfully created attachment [Browser Action Test Data - CloseCurrentWindow - Actual Value] @13-10-2021 01:59:07.0208 A
[ReportManager] File Action [GetAbsolutePath] successfully performed. With the following test data [Relative Folder Path: "target/downloadedFiles/"]. @13-10-2021 01:59:07.0210 AM
[ReportManager] Attempting to run remotely on: [Linux-64], [GoogleChrome], [http://localhost:4444/wd/hub], Headless Execution. @13-10-2021 01:59:07.0211 AM
[ReportManager] Successfully Opened [GoogleChrome]. @13-10-2021 01:59:07.0452 AM
[ReportManager] Target URL: [https://duckduckgo.com] @13-10-2021 01:59:07.0463 AM
[ReportManager] Initial URL: [data:,] @13-10-2021 01:59:07.0500 AM
[ReportManager] Browser Action [NavigateToURL] successfully performed. With the following test data [https://duckduckgo.com]. @13-10-2021 01:59:08.0085 A

################################################################################################################################################
Starting Execution:	[52 out of 143] test cases in the current suite
Test Method:		[unitTests.tests_browserActions.getPageSource]
################################################################################################################################################
[ReportManager] Browser Action [GetPageSource] successfully performed. @13-10-2021 01:59:08.0128 AM
[ReportManager] Successfully created attachment [Browser Action Test Data - GetPageSource - Actual Value] @13-10-2021 01:59:08.0129 A
[ReportManager] Target URL: [https://duckduckgo.com] @13-10-2021 01:59:08.0131 AM
[ReportManager] Initial URL: [https://duckduckgo.com] @13-10-2021 01:59:08.0185 AM
[ReportManager] Browser Action [NavigateToURL] successfully performed. With the following test data [https://duckduckgo.com]. @13-10-2021 01:59:08.0487 AM
[ReportManager] Browser Action [CloseCurrentWindow] successfully performed. @13-10-2021 01:59:08.0617 AM
[ReportManager] Successfully created attachment [Browser Action Test Data - CloseCurrentWindow - Actual Value] @13-10-2021 01:59:08.0618 A
[ReportManager] File Action [GetAbsolutePath] successfully performed. With the following test data [Relative Folder Path: "target/downloadedFiles/"]. @13-10-2021 01:59:08.0620 AM
[ReportManager] Attempting to run remotely on: [Linux-64], [GoogleChrome], [http://localhost:4444/wd/hub], Headless Execution. @13-10-2021 01:59:08.0620 AM
[ReportManager] Successfully Opened [GoogleChrome]. @13-10-2021 01:59:08.0806 AM
[ReportManager] Target URL: [https://duckduckgo.com] @13-10-2021 01:59:08.0817 AM
[ReportManager] Initial URL: [data:,] @13-10-2021 01:59:08.0898 AM
[ReportManager] Browser Action [NavigateToURL] successfully performed. With the following test data [https://duckduckgo.com]. @13-10-2021 01:59:09.0475 A

################################################################################################################################################
Starting Execution:	[53 out of 143] test cases in the current suite
Test Method:		[unitTests.tests_browserActions.getWindowHandle]
################################################################################################################################################
[ReportManager] Browser Action [GetWindowHandle] successfully performed. With the following test data [CDwindow-8D30E064C60F9B768782B76503E6BC19]. @13-10-2021 01:59:09.0506 A
[ReportManager] Target URL: [https://duckduckgo.com] @13-10-2021 01:59:09.0508 AM
[ReportManager] Initial URL: [https://duckduckgo.com] @13-10-2021 01:59:09.0589 AM
[ReportManager] Browser Action [NavigateToURL] successfully performed. With the following test data [https://duckduckgo.com]. @13-10-2021 01:59:09.0985 AM
[ReportManager] Browser Action [CloseCurrentWindow] successfully performed. @13-10-2021 01:59:10.0093 AM
[ReportManager] Successfully created attachment [Browser Action Test Data - CloseCurrentWindow - Actual Value] @13-10-2021 01:59:10.0094 A
[ReportManager] File Action [GetAbsolutePath] successfully performed. With the following test data [Relative Folder Path: "target/downloadedFiles/"]. @13-10-2021 01:59:10.0096 AM
[ReportManager] Attempting to run remotely on: [Linux-64], [GoogleChrome], [http://localhost:4444/wd/hub], Headless Execution. @13-10-2021 01:59:10.0096 AM
[ReportManager] Successfully Opened [GoogleChrome]. @13-10-2021 01:59:10.0287 AM
[ReportManager] Target URL: [https://duckduckgo.com] @13-10-2021 01:59:10.0310 AM
[ReportManager] Initial URL: [data:,] @13-10-2021 01:59:10.0348 AM
[ReportManager] Browser Action [NavigateToURL] successfully performed. With the following test data [https://duckduckgo.com]. @13-10-2021 01:59:10.0990 A

################################################################################################################################################
Starting Execution:	[54 out of 143] test cases in the current suite
Test Method:		[unitTests.tests_browserActions.getWindowPosition]
################################################################################################################################################
[ReportManager] Browser Action [GetWindowPosition] successfully performed. With the following test data [(0, 0)]. @13-10-2021 01:59:11.0022 A
[ReportManager] Target URL: [https://duckduckgo.com] @13-10-2021 01:59:11.0024 AM
[ReportManager] Initial URL: [https://duckduckgo.com] @13-10-2021 01:59:11.0076 AM
[ReportManager] Browser Action [NavigateToURL] successfully performed. With the following test data [https://duckduckgo.com]. @13-10-2021 01:59:11.0426 AM
[ReportManager] Browser Action [CloseCurrentWindow] successfully performed. @13-10-2021 01:59:11.0523 AM
[ReportManager] Successfully created attachment [Browser Action Test Data - CloseCurrentWindow - Actual Value] @13-10-2021 01:59:11.0524 A
[ReportManager] File Action [GetAbsolutePath] successfully performed. With the following test data [Relative Folder Path: "target/downloadedFiles/"]. @13-10-2021 01:59:11.0526 AM
[ReportManager] Attempting to run remotely on: [Linux-64], [GoogleChrome], [http://localhost:4444/wd/hub], Headless Execution. @13-10-2021 01:59:11.0527 AM
[ReportManager] Successfully Opened [GoogleChrome]. @13-10-2021 01:59:12.0015 AM
[ReportManager] Target URL: [https://duckduckgo.com] @13-10-2021 01:59:12.0027 AM
[ReportManager] Initial URL: [data:,] @13-10-2021 01:59:12.0079 AM
[ReportManager] Browser Action [NavigateToURL] successfully performed. With the following test data [https://duckduckgo.com]. @13-10-2021 01:59:12.0731 A

################################################################################################################################################
Starting Execution:	[55 out of 143] test cases in the current suite
Test Method:		[unitTests.tests_browserActions.getWindowSize]
################################################################################################################################################
[ReportManager] Browser Action [GetWindowSize] successfully performed. With the following test data [(800, 600)]. @13-10-2021 01:59:12.0764 A
[ReportManager] Target URL: [https://duckduckgo.com] @13-10-2021 01:59:12.0774 AM
[ReportManager] Initial URL: [https://duckduckgo.com] @13-10-2021 01:59:12.0827 AM
[ReportManager] Browser Action [NavigateToURL] successfully performed. With the following test data [https://duckduckgo.com]. @13-10-2021 01:59:13.0172 AM
[ReportManager] Browser Action [CloseCurrentWindow] successfully performed. @13-10-2021 01:59:13.0283 AM
[ReportManager] Successfully created attachment [Browser Action Test Data - CloseCurrentWindow - Actual Value] @13-10-2021 01:59:13.0284 A
[ReportManager] File Action [GetAbsolutePath] successfully performed. With the following test data [Relative Folder Path: "target/downloadedFiles/"]. @13-10-2021 01:59:13.0286 AM
[ReportManager] Attempting to run remotely on: [Linux-64], [GoogleChrome], [http://localhost:4444/wd/hub], Headless Execution. @13-10-2021 01:59:13.0286 AM
[ReportManager] Successfully Opened [GoogleChrome]. @13-10-2021 01:59:13.0464 AM
[ReportManager] Target URL: [https://duckduckgo.com] @13-10-2021 01:59:13.0480 AM
[ReportManager] Initial URL: [data:,] @13-10-2021 01:59:13.0520 AM
[ReportManager] Browser Action [NavigateToURL] successfully performed. With the following test data [https://duckduckgo.com]. @13-10-2021 01:59:14.0131 A

################################################################################################################################################
Starting Execution:	[56 out of 143] test cases in the current suite
Test Method:		[unitTests.tests_browserActions.maximizeWindow]
################################################################################################################################################
[ReportManager] Initial window size: (800, 600) @13-10-2021 01:59:14.0140 AM
[ReportManager] Window size after Toolkit: (1920, 1080) @13-10-2021 01:59:14.0358 AM
[ReportManager] Browser Action [MaximizeWindow] successfully performed. With the following test data [New screen size is now: (1920, 1080)]. @13-10-2021 01:59:14.0363 A
[ReportManager] Target URL: [https://duckduckgo.com] @13-10-2021 01:59:14.0366 AM
[ReportManager] Initial URL: [https://duckduckgo.com] @13-10-2021 01:59:14.0437 AM
[ReportManager] Browser Action [NavigateToURL] successfully performed. With the following test data [https://duckduckgo.com]. @13-10-2021 01:59:14.0720 AM
[ReportManager] Browser Action [CloseCurrentWindow] successfully performed. @13-10-2021 01:59:14.0815 AM
[ReportManager] Successfully created attachment [Browser Action Test Data - CloseCurrentWindow - Actual Value] @13-10-2021 01:59:14.0815 A
[ReportManager] File Action [GetAbsolutePath] successfully performed. With the following test data [Relative Folder Path: "target/downloadedFiles/"]. @13-10-2021 01:59:14.0817 AM
[ReportManager] Attempting to run remotely on: [Linux-64], [GoogleChrome], [http://localhost:4444/wd/hub], Headless Execution. @13-10-2021 01:59:14.0817 AM
[ReportManager] Successfully Opened [GoogleChrome]. @13-10-2021 01:59:15.0018 AM
[ReportManager] Target URL: [https://duckduckgo.com] @13-10-2021 01:59:15.0028 AM
[ReportManager] Initial URL: [data:,] @13-10-2021 01:59:15.0065 AM
[ReportManager] Browser Action [NavigateToURL] successfully performed. With the following test data [https://duckduckgo.com]. @13-10-2021 01:59:15.0652 A

################################################################################################################################################
Starting Execution:	[57 out of 143] test cases in the current suite
Test Method:		[unitTests.tests_browserActions.navigateBack]
################################################################################################################################################
[ReportManager] Target URL: [https://www.google.com/ncr], and after redirection: [https://www.google.com] @13-10-2021 01:59:15.0657 AM
[ReportManager] Initial URL: [https://duckduckgo.com] @13-10-2021 01:59:15.0715 AM
[ReportManager] Browser Action [NavigateToURL] successfully performed. With the following test data [https://www.google.com/ncr]. @13-10-2021 01:59:16.0516 AM
[ReportManager] Browser Action [NavigateBack] successfully performed. With the following test data [https://duckduckgo.com/]. @13-10-2021 01:59:16.0866 AM
[ReportManager] Browser Action [GetCurrentURL] successfully performed. With the following test data [https://duckduckgo.com/]. @13-10-2021 01:59:16.0896 AM
[ReportManager] Assertion Passed: Confirming that navigating back was successful @13-10-2021 01:59:17.0007 AM
[ReportManager] Successfully created attachment [Screenshot - 1634090356954_navigateBack_ValidateBrowserAttribute_passed] @13-10-2021 01:59:17.0008 AM
[ReportManager] Assertion [ValidateBrowserAttribute] PASSED. Expected [Value Should be 'https://duckduckgo.com' for the 'CurrentUrl' attribute] and Actual [https://duckduckgo.com/]. Comparison Type [CONTAINS]. Validation Type [POSITIVE]. @13-10-2021 01:59:17.0008 A
[ReportManager] Target URL: [https://duckduckgo.com] @13-10-2021 01:59:17.0013 AM
[ReportManager] Initial URL: [https://duckduckgo.com] @13-10-2021 01:59:17.0065 AM
[ReportManager] Browser Action [NavigateToURL] successfully performed. With the following test data [https://duckduckgo.com]. @13-10-2021 01:59:17.0342 AM
[ReportManager] Browser Action [CloseCurrentWindow] successfully performed. @13-10-2021 01:59:17.0439 AM
[ReportManager] Successfully created attachment [Browser Action Test Data - CloseCurrentWindow - Actual Value] @13-10-2021 01:59:17.0440 A
[ReportManager] File Action [GetAbsolutePath] successfully performed. With the following test data [Relative Folder Path: "target/downloadedFiles/"]. @13-10-2021 01:59:17.0442 AM
[ReportManager] Attempting to run remotely on: [Linux-64], [GoogleChrome], [http://localhost:4444/wd/hub], Headless Execution. @13-10-2021 01:59:17.0442 AM
[ReportManager] Successfully Opened [GoogleChrome]. @13-10-2021 01:59:17.0634 AM
[ReportManager] Target URL: [https://duckduckgo.com] @13-10-2021 01:59:17.0644 AM
[ReportManager] Initial URL: [data:,] @13-10-2021 01:59:17.0679 AM
[ReportManager] Browser Action [NavigateToURL] successfully performed. With the following test data [https://duckduckgo.com]. @13-10-2021 01:59:18.0320 A

################################################################################################################################################
Starting Execution:	[58 out of 143] test cases in the current suite
Test Method:		[unitTests.tests_browserActions.navigateForward]
################################################################################################################################################
[ReportManager] Target URL: [https://www.google.com/ncr], and after redirection: [https://www.google.com] @13-10-2021 01:59:18.0325 AM
[ReportManager] Initial URL: [https://duckduckgo.com] @13-10-2021 01:59:18.0377 AM
[ReportManager] Browser Action [NavigateToURL] successfully performed. With the following test data [https://www.google.com/ncr]. @13-10-2021 01:59:19.0174 AM
[ReportManager] Browser Action [NavigateBack] successfully performed. With the following test data [https://duckduckgo.com/]. @13-10-2021 01:59:19.0489 AM
[ReportManager] Browser Action [NavigateForward] successfully performed. With the following test data [https://www.google.com/]. @13-10-2021 01:59:19.0849 A
[ReportManager] Target URL: [https://duckduckgo.com] @13-10-2021 01:59:19.0854 AM
[ReportManager] Initial URL: [https://www.google.com] @13-10-2021 01:59:19.0919 AM
[ReportManager] Browser Action [NavigateToURL] successfully performed. With the following test data [https://duckduckgo.com]. @13-10-2021 01:59:20.0338 AM
[ReportManager] Browser Action [CloseCurrentWindow] successfully performed. @13-10-2021 01:59:20.0435 AM
[ReportManager] Successfully created attachment [Browser Action Test Data - CloseCurrentWindow - Actual Value] @13-10-2021 01:59:20.0436 A
[ReportManager] File Action [GetAbsolutePath] successfully performed. With the following test data [Relative Folder Path: "target/downloadedFiles/"]. @13-10-2021 01:59:20.0438 AM
[ReportManager] Attempting to run remotely on: [Linux-64], [GoogleChrome], [http://localhost:4444/wd/hub], Headless Execution. @13-10-2021 01:59:20.0438 AM
[ReportManager] Successfully Opened [GoogleChrome]. @13-10-2021 01:59:20.0633 AM
[ReportManager] Target URL: [https://duckduckgo.com] @13-10-2021 01:59:20.0647 AM
[ReportManager] Initial URL: [data:,] @13-10-2021 01:59:20.0690 AM
[ReportManager] Browser Action [NavigateToURL] successfully performed. With the following test data [https://duckduckgo.com]. @13-10-2021 01:59:21.0300 A

################################################################################################################################################
Starting Execution:	[59 out of 143] test cases in the current suite
Test Method:		[unitTests.tests_browserActions.navigateToURL]
################################################################################################################################################
[ReportManager] Target URL: [https://duckduckgo.com] @13-10-2021 01:59:21.0305 AM
[ReportManager] Initial URL: [https://duckduckgo.com] @13-10-2021 01:59:21.0375 AM
[ReportManager] Browser Action [NavigateToURL] successfully performed. With the following test data [https://duckduckgo.com]. @13-10-2021 01:59:21.0690 A
[ReportManager] Target URL: [https://duckduckgo.com] @13-10-2021 01:59:21.0693 AM
[ReportManager] Initial URL: [https://duckduckgo.com] @13-10-2021 01:59:21.0762 AM
[ReportManager] Browser Action [NavigateToURL] successfully performed. With the following test data [https://duckduckgo.com]. @13-10-2021 01:59:22.0068 AM
[ReportManager] Browser Action [CloseCurrentWindow] successfully performed. @13-10-2021 01:59:22.0166 AM
[ReportManager] Successfully created attachment [Browser Action Test Data - CloseCurrentWindow - Actual Value] @13-10-2021 01:59:22.0166 A
[ReportManager] File Action [GetAbsolutePath] successfully performed. With the following test data [Relative Folder Path: "target/downloadedFiles/"]. @13-10-2021 01:59:22.0174 AM
[ReportManager] Attempting to run remotely on: [Linux-64], [GoogleChrome], [http://localhost:4444/wd/hub], Headless Execution. @13-10-2021 01:59:22.0174 AM
[ReportManager] Successfully Opened [GoogleChrome]. @13-10-2021 01:59:22.0371 AM
[ReportManager] Target URL: [https://duckduckgo.com] @13-10-2021 01:59:22.0381 AM
[ReportManager] Initial URL: [data:,] @13-10-2021 01:59:22.0418 AM
[ReportManager] Browser Action [NavigateToURL] successfully performed. With the following test data [https://duckduckgo.com]. @13-10-2021 01:59:23.0015 A

################################################################################################################################################
Starting Execution:	[60 out of 143] test cases in the current suite
Test Method:		[unitTests.tests_browserActions.navigateToURLWithRedirection]
################################################################################################################################################
[ReportManager] Target URL: [https://www.google.com/ncr], and after redirection: [https://www.google.com] @13-10-2021 01:59:23.0018 AM
[ReportManager] Initial URL: [https://duckduckgo.com] @13-10-2021 01:59:23.0071 AM
[ReportManager] Browser Action [NavigateToURL] successfully performed. With the following test data [https://www.google.com/ncr]. @13-10-2021 01:59:23.0876 A
[ReportManager] Target URL: [https://duckduckgo.com] @13-10-2021 01:59:23.0879 AM
[ReportManager] Initial URL: [https://www.google.com] @13-10-2021 01:59:23.0949 AM
[ReportManager] Browser Action [NavigateToURL] successfully performed. With the following test data [https://duckduckgo.com]. @13-10-2021 01:59:24.0404 AM
[ReportManager] Browser Action [CloseCurrentWindow] successfully performed. @13-10-2021 01:59:24.0502 AM
[ReportManager] Successfully created attachment [Browser Action Test Data - CloseCurrentWindow - Actual Value] @13-10-2021 01:59:24.0503 A
[ReportManager] File Action [GetAbsolutePath] successfully performed. With the following test data [Relative Folder Path: "target/downloadedFiles/"]. @13-10-2021 01:59:24.0505 AM
[ReportManager] Attempting to run remotely on: [Linux-64], [GoogleChrome], [http://localhost:4444/wd/hub], Headless Execution. @13-10-2021 01:59:24.0505 AM
[ReportManager] Successfully Opened [GoogleChrome]. @13-10-2021 01:59:24.0691 AM
[ReportManager] Target URL: [https://duckduckgo.com] @13-10-2021 01:59:24.0707 AM
[ReportManager] Initial URL: [data:,] @13-10-2021 01:59:24.0743 AM
[ReportManager] Browser Action [NavigateToURL] successfully performed. With the following test data [https://duckduckgo.com]. @13-10-2021 01:59:25.0349 A

################################################################################################################################################
Starting Execution:	[61 out of 143] test cases in the current suite
Test Method:		[unitTests.tests_browserActions.refreshCurrentPage]
################################################################################################################################################
[ReportManager] Browser Action [RefreshCurrentPage] successfully performed. @13-10-2021 01:59:25.0543 AM
[ReportManager] Successfully created attachment [Browser Action Test Data - RefreshCurrentPage - Actual Value] @13-10-2021 01:59:25.0543 A
[ReportManager] Target URL: [https://duckduckgo.com] @13-10-2021 01:59:25.0546 AM
[ReportManager] Initial URL: [https://duckduckgo.com] @13-10-2021 01:59:25.0607 AM
[ReportManager] Browser Action [NavigateToURL] successfully performed. With the following test data [https://duckduckgo.com]. @13-10-2021 01:59:25.0872 AM
[ReportManager] Browser Action [CloseCurrentWindow] successfully performed. @13-10-2021 01:59:25.0967 AM
[ReportManager] Successfully created attachment [Browser Action Test Data - CloseCurrentWindow - Actual Value] @13-10-2021 01:59:25.0968 A
[ReportManager] File Action [GetAbsolutePath] successfully performed. With the following test data [Relative Folder Path: "target/downloadedFiles/"]. @13-10-2021 01:59:25.0970 AM
[ReportManager] Attempting to run remotely on: [Linux-64], [GoogleChrome], [http://localhost:4444/wd/hub], Headless Execution. @13-10-2021 01:59:25.0970 AM
[ReportManager] Successfully Opened [GoogleChrome]. @13-10-2021 01:59:26.0168 AM
[ReportManager] Target URL: [https://duckduckgo.com] @13-10-2021 01:59:26.0178 AM
[ReportManager] Initial URL: [data:,] @13-10-2021 01:59:26.0216 AM
[ReportManager] Browser Action [NavigateToURL] successfully performed. With the following test data [https://duckduckgo.com]. @13-10-2021 01:59:26.0863 A

################################################################################################################################################
Starting Execution:	[62 out of 143] test cases in the current suite
Test Method:		[unitTests.tests_browserActions.setWindowSize]
################################################################################################################################################
[ReportManager] Initial window size: (800, 600) @13-10-2021 01:59:26.0879 AM
[ReportManager] Window size after SWD: (1280, 720) @13-10-2021 01:59:27.0095 AM
[ReportManager] Browser Action [SetWindowSize] successfully performed. With the following test data [New screen size is now: (1280, 720)]. @13-10-2021 01:59:27.0096 A
[ReportManager] Target URL: [https://duckduckgo.com] @13-10-2021 01:59:27.0098 AM
[ReportManager] Initial URL: [https://duckduckgo.com] @13-10-2021 01:59:27.0165 AM
[ReportManager] Browser Action [NavigateToURL] successfully performed. With the following test data [https://duckduckgo.com]. @13-10-2021 01:59:27.0469 AM
[ReportManager] Browser Action [CloseCurrentWindow] successfully performed. @13-10-2021 01:59:27.0570 AM
[ReportManager] Successfully created attachment [Browser Action Test Data - CloseCurrentWindow - Actual Value] @13-10-2021 01:59:27.0570 A
[ReportManager] File Action [GetAbsolutePath] successfully performed. With the following test data [Relative Folder Path: "target/downloadedFiles/"]. @13-10-2021 01:59:27.0573 AM
[ReportManager] Attempting to run remotely on: [Linux-64], [GoogleChrome], [http://localhost:4444/wd/hub], Headless Execution. @13-10-2021 01:59:27.0574 AM
[ReportManager] Successfully Opened [GoogleChrome]. @13-10-2021 01:59:27.0752 A

################################################################################################################################################
Starting Execution:	[63 out of 143] test cases in the current suite
Test Method:		[unitTests.tests_element_elementActions.waitForElementToBePresent_false_expectedToFail]
################################################################################################################################################
[ReportManager] Target URL: [https://www.google.com/ncr], and after redirection: [www.google.com] @13-10-2021 01:59:27.0789 AM
[ReportManager] Initial URL: [data:,] @13-10-2021 01:59:27.0831 AM
[ReportManager] Browser Action [NavigateToURL] successfully performed. With the following test data [https://www.google.com/ncr]. @13-10-2021 01:59:28.0627 AM
[ReportManager] Waiting for element to be present; elementLocator [By.xpath: //*[@id='hplogo' or @alt='Google']], numberOfTries[1], stateOfPresence[false]... @13-10-2021 01:59:28.0635 AM
[ReportManager] Element Action [WaitForElementToBePresent] failed. With the following test data [waited for the element's state of presence to be (false). Element locator (By.xpath: //*[@id='hplogo' or @alt='Google'])]. @13-10-2021 01:59:28.0853 AM
[ReportManager] Successfully created attachment [Screenshot - 1634090368792_waitForElementToBePresent_false_expectedToFail_WaitForElementToBePresent_failed] @13-10-2021 01:59:28.0854 A
[ReportManager] Browser Action [CloseCurrentWindow] successfully performed. @13-10-2021 01:59:28.0972 AM
[ReportManager] Successfully created attachment [Browser Action Test Data - CloseCurrentWindow - Actual Value] @13-10-2021 01:59:28.0973 A
[ReportManager] File Action [GetAbsolutePath] successfully performed. With the following test data [Relative Folder Path: "target/downloadedFiles/"]. @13-10-2021 01:59:28.0976 AM
[ReportManager] Attempting to run remotely on: [Linux-64], [GoogleChrome], [http://localhost:4444/wd/hub], Headless Execution. @13-10-2021 01:59:28.0976 AM
[ReportManager] Successfully Opened [GoogleChrome]. @13-10-2021 01:59:29.0182 A

################################################################################################################################################
Starting Execution:	[64 out of 143] test cases in the current suite
Test Method:		[unitTests.tests_element_elementActions.waitForElementToBePresent_false_expectedToPass]
################################################################################################################################################
[ReportManager] Target URL: [https://www.google.com/ncr], and after redirection: [www.google.com] @13-10-2021 01:59:29.0201 AM
[ReportManager] Initial URL: [data:,] @13-10-2021 01:59:29.0256 AM
[ReportManager] Browser Action [NavigateToURL] successfully performed. With the following test data [https://www.google.com/ncr]. @13-10-2021 01:59:30.0094 AM
[ReportManager] Waiting for element to be present; elementLocator [By.id: bla], numberOfTries[1], stateOfPresence[false]... @13-10-2021 01:59:30.0094 AM
[ReportManager] Element Action [WaitForElementToBePresent] successfully performed. With the following test data [waited for the element's state of presence to be (false). Element locator (By.id: bla)]. @13-10-2021 01:59:35.0211 A
[ReportManager] Browser Action [CloseCurrentWindow] successfully performed. @13-10-2021 01:59:35.0335 AM
[ReportManager] Successfully created attachment [Browser Action Test Data - CloseCurrentWindow - Actual Value] @13-10-2021 01:59:35.0337 A
[ReportManager] File Action [GetAbsolutePath] successfully performed. With the following test data [Relative Folder Path: "target/downloadedFiles/"]. @13-10-2021 01:59:35.0339 AM
[ReportManager] Attempting to run remotely on: [Linux-64], [GoogleChrome], [http://localhost:4444/wd/hub], Headless Execution. @13-10-2021 01:59:35.0340 AM
[ReportManager] Successfully Opened [GoogleChrome]. @13-10-2021 01:59:35.0530 A

################################################################################################################################################
Starting Execution:	[65 out of 143] test cases in the current suite
Test Method:		[unitTests.tests_element_elementActions.waitForElementToBePresent_moreThanOneElement_expectedToFail]
################################################################################################################################################
[ReportManager] Target URL: [https://www.google.com/ncr], and after redirection: [www.google.com] @13-10-2021 01:59:35.0545 AM
[ReportManager] Initial URL: [data:,] @13-10-2021 01:59:35.0583 AM
[ReportManager] Browser Action [NavigateToURL] successfully performed. With the following test data [https://www.google.com/ncr]. @13-10-2021 01:59:37.0244 AM
[ReportManager] Waiting for element to be present; elementLocator [By.xpath: //*], numberOfTries[1], stateOfPresence[false]... @13-10-2021 01:59:37.0244 AM
[ReportManager] Element Action [WaitForElementToBePresent] failed. With the following test data [waited for the element's state of presence to be (false). Element locator (By.xpath: //*)]. @13-10-2021 01:59:37.0447 AM
[ReportManager] Successfully created attachment [Screenshot - 1634090377387_waitForElementToBePresent_moreThanOneElement_expectedToFail_WaitForElementToBePresent_failed] @13-10-2021 01:59:37.0448 A
[ReportManager] Browser Action [CloseCurrentWindow] successfully performed. @13-10-2021 01:59:37.0563 AM
[ReportManager] Successfully created attachment [Browser Action Test Data - CloseCurrentWindow - Actual Value] @13-10-2021 01:59:37.0563 A
[ReportManager] File Action [GetAbsolutePath] successfully performed. With the following test data [Relative Folder Path: "target/downloadedFiles/"]. @13-10-2021 01:59:37.0566 AM
[ReportManager] Attempting to run remotely on: [Linux-64], [GoogleChrome], [http://localhost:4444/wd/hub], Headless Execution. @13-10-2021 01:59:37.0566 AM
[ReportManager] Successfully Opened [GoogleChrome]. @13-10-2021 01:59:37.0769 A

################################################################################################################################################
Starting Execution:	[66 out of 143] test cases in the current suite
Test Method:		[unitTests.tests_element_elementActions.waitForElementToBePresent_true_expectedToFail]
################################################################################################################################################
[ReportManager] Target URL: [https://www.google.com/ncr], and after redirection: [www.google.com] @13-10-2021 01:59:37.0782 AM
[ReportManager] Initial URL: [data:,] @13-10-2021 01:59:37.0828 AM
[ReportManager] Browser Action [NavigateToURL] successfully performed. With the following test data [https://www.google.com/ncr]. @13-10-2021 01:59:38.0629 AM
[ReportManager] Waiting for element to be present; elementLocator [By.id: bla], numberOfTries[1], stateOfPresence[true]... @13-10-2021 01:59:38.0629 AM
[ReportManager] Element Action [WaitForElementToBePresent] failed. With the following test data [waited for the element's state of presence to be (true). Element locator (By.id: bla)]. @13-10-2021 01:59:43.0898 AM
[ReportManager] Successfully created attachment [Screenshot - 1634090383839_waitForElementToBePresent_true_expectedToFail_WaitForElementToBePresent_failed] @13-10-2021 01:59:43.0899 A
[ReportManager] Browser Action [CloseCurrentWindow] successfully performed. @13-10-2021 01:59:44.0023 AM
[ReportManager] Successfully created attachment [Browser Action Test Data - CloseCurrentWindow - Actual Value] @13-10-2021 01:59:44.0024 A
[ReportManager] File Action [GetAbsolutePath] successfully performed. With the following test data [Relative Folder Path: "target/downloadedFiles/"]. @13-10-2021 01:59:44.0027 AM
[ReportManager] Attempting to run remotely on: [Linux-64], [GoogleChrome], [http://localhost:4444/wd/hub], Headless Execution. @13-10-2021 01:59:44.0027 AM
[ReportManager] Successfully Opened [GoogleChrome]. @13-10-2021 01:59:44.0252 A

################################################################################################################################################
Starting Execution:	[67 out of 143] test cases in the current suite
Test Method:		[unitTests.tests_element_elementActions.waitForElementToBePresent_true_expectedToPass]
################################################################################################################################################
[ReportManager] Target URL: [https://www.google.com/ncr], and after redirection: [www.google.com] @13-10-2021 01:59:44.0266 AM
[ReportManager] Initial URL: [data:,] @13-10-2021 01:59:44.0303 AM
[ReportManager] Browser Action [NavigateToURL] successfully performed. With the following test data [https://www.google.com/ncr]. @13-10-2021 01:59:47.0472 AM
[ReportManager] Waiting for element to be present; elementLocator [By.xpath: //*[@id='hplogo' or @alt='Google']], numberOfTries[1], stateOfPresence[true]... @13-10-2021 01:59:47.0472 AM
[ReportManager] Element Action [WaitForElementToBePresent] successfully performed. With the following test data [waited for the element's state of presence to be (true). Element locator (By.xpath: //*[@id='hplogo' or @alt='Google'])]. @13-10-2021 01:59:47.0526 AM
[ReportManager] File Action [DoesFileExist] successfully performed. With the following test data [File Path: "src/test/resources/DynamicObjectRepository/unitTests_tests_element_elementActions_waitForElementToBePresent_true_expectedToPass_By_xpath_id_hplogo_or_alt_Google.png"]. @13-10-2021 01:59:47.0529 AM
[ReportManager] File Action [DoesFileExist] successfully performed. With the following test data [File Path: "src/test/resources/DynamicObjectRepository/unitTests_tests_element_elementActions_waitForElementToBePresent_true_expectedToPass_By_xpath_id_hplogo_or_alt_Google.png"]. @13-10-2021 01:59:47.0749 AM
[ReportManager] Passing the test and saving a reference image @13-10-2021 01:59:47.0749 AM
[ReportManager] File Action [GetAbsolutePath] successfully performed. With the following test data [Relative File Path: "src/test/resources/DynamicObjectRepository/unitTests_tests_element_elementActions_waitForElementToBePresent_true_expectedToPass_By_xpath_id_hplogo_or_alt_Google.png"]. @13-10-2021 01:59:47.0749 AM
[ReportManager] File Action [WriteToFile] successfully performed. With the following test data [Target File Path: "/home/runner/work/SHAFT_ENGINE/SHAFT_ENGINE/src/test/resources/DynamicObjectRepository/unitTests_tests_element_elementActions_waitForElementToBePresent_true_expectedToPass_By_xpath_id_hplogo_or_alt_Google.png"]. @13-10-2021 01:59:47.0754 AM
[ReportManager] Assertion Passed: Using Visual AI; OpenCV @13-10-2021 01:59:47.0755 AM
[ReportManager] Successfully created attachment [Validation Test Data - Actual Screenshot] @13-10-2021 01:59:47.0755 AM
[ReportManager] Assertion [ValidateElementMatches] PASSED. Expected [Element should match the reference screenshot] and Actual [TRUE]. Comparison Type [EXACT_OPENCV]. Validation Type [POSITIVE]. @13-10-2021 01:59:47.0755 A
[ReportManager] Browser Action [CloseCurrentWindow] successfully performed. @13-10-2021 01:59:47.0868 AM
[ReportManager] Successfully created attachment [Browser Action Test Data - CloseCurrentWindow - Actual Value] @13-10-2021 01:59:47.0869 A
[ReportManager] Successfully loaded the following test data file [src/test/resources/TestDataFiles/testSuite01/TestData.xlsx]. @13-10-2021 01:59:48.0510 AM
[ReportManager] Successfully created attachment [Test Data - Excel] @13-10-2021 01:59:48.0510 A

################################################################################################################################################
Starting Execution:	[68 out of 143] test cases in the current suite
Test Method:		[unitTests.tests_io_excelFileManager.getCellData_rowName_expectedToPass]
################################################################################################################################################
[ReportManager] testRowData. @13-10-2021 01:59:48.0522 A

################################################################################################################################################
Starting Execution:	[69 out of 143] test cases in the current suite
Test Method:		[testPackage01.Test_testData.f]
################################################################################################################################################
[ReportManager] Successfully loaded the following test data file [src/test/resources/TestDataFiles/testSuite01/TestData.xlsx]. @13-10-2021 01:59:48.0548 AM
[ReportManager] Successfully created attachment [Test Data - Excel] @13-10-2021 01:59:48.0548 AM
[ReportManager] Last Column Number is: [3]. Zero-based. @13-10-2021 01:59:48.0549 A

################################################################################################################################################
Starting Execution:	[70 out of 143] test cases in the current suite
Test Method:		[testPackage01.Test_SkipDueToIssue.doNotSkip]
################################################################################################################################################
[ReportManager] This should not be skipped. @13-10-2021 01:59:48.0552 A

################################################################################################################################################
Starting Execution:	[71 out of 143] test cases in the current suite
Test Method:		[testPackage01.Test_SkipDueToIssue.skip]
################################################################################################################################################
[ReportManager] This should be skipped. @13-10-2021 01:59:48.0558 A

################################################################################################################################################
Starting Execution:	[72 out of 143] test cases in the current suite
Test Method:		[testPackage01.Test_SkipDueToIssue.skip2]
################################################################################################################################################
[ReportManager] This should be skipped. @13-10-2021 01:59:48.0562 A

################################################################################################################################################
Starting Execution:	[73 out of 143] test cases in the current suite
Test Method:		[testPackage01.Test_chainableElementActions.chainElementActions]
################################################################################################################################################
[ReportManager] File Action [GetAbsolutePath] successfully performed. With the following test data [Relative Folder Path: "target/downloadedFiles/"]. @13-10-2021 01:59:48.0565 AM
[ReportManager] Attempting to run remotely on: [Linux-64], [GoogleChrome], [http://localhost:4444/wd/hub], Headless Execution. @13-10-2021 01:59:48.0566 AM
[ReportManager] Successfully Opened [GoogleChrome]. @13-10-2021 01:59:48.0869 AM
[ReportManager] Target URL: [https://www.google.com/ncr], and after redirection: [https://www.google.com] @13-10-2021 01:59:48.0886 AM
[ReportManager] Initial URL: [data:,] @13-10-2021 01:59:48.0925 AM
[ReportManager] Browser Action [NavigateToURL] successfully performed. With the following test data [https://www.google.com/ncr]. @13-10-2021 01:59:49.0731 AM
[ReportManager] Element Action [Type] successfully performed. With the following test data [chained type 1]. @13-10-2021 01:59:49.0996 AM
[ReportManager] Element Action [Type] successfully performed. With the following test data [chained type 2]. @13-10-2021 01:59:50.0330 AM
[ReportManager] Element Action [TypeAppend] successfully performed. With the following test data [345]. @13-10-2021 01:59:50.0444 AM
[ReportManager] Element Action [GetText] successfully performed. With the following test data [chained type 2345]. @13-10-2021 01:59:50.0556 AM
[ReportManager] Loaded Shared OpenCV @13-10-2021 01:59:50.0704 AM
[ReportManager] Assertion [ValidateElementAttribute] PASSED. Expected [Value Should be 'chained type 2345' for the 'text' attribute, element locator 'By.name: q'] and Actual [chained type 2345]. Comparison Type [EQUALS]. Validation Type [POSITIVE]. @13-10-2021 01:59:50.0772 AM
[ReportManager] Successfully created attachment [Screenshot - 1634090390704_chainElementActions_ValidateElementAttribute_passed] @13-10-2021 01:59:50.0774 AM
[ReportManager] Browser Action [CloseCurrentWindow] successfully performed. @13-10-2021 01:59:50.0894 AM
[ReportManager] Successfully created attachment [Browser Action Test Data - CloseCurrentWindow - Actual Value] @13-10-2021 01:59:50.0895 A

################################################################################################################################################
Starting Execution:	[74 out of 143] test cases in the current suite
Test Method:		[testPackage01.Test_NewValidationHelper.f1]
################################################################################################################################################
[ReportManager] Assertion Passed: Checking valid user data @13-10-2021 01:59:50.0900 AM
[ReportManager] Successfully created attachment [Validation Test Data - Expected Value] @13-10-2021 01:59:50.0900 AM
[ReportManager] Successfully created attachment [Validation Test Data - Actual Value] @13-10-2021 01:59:50.0900 AM
[ReportManager] Assertion [ValidateEquals] PASSED. Expected and Actual values are attached. Comparison Type [EQUALS]. Validation Type [POSITIVE]. @13-10-2021 01:59:50.0900 A
[ReportManager] File Action [GetAbsolutePath] successfully performed. With the following test data [Relative Folder Path: "target/downloadedFiles/"]. @13-10-2021 01:59:50.0902 AM
[ReportManager] Attempting to run remotely on: [Linux-64], [GoogleChrome], [http://localhost:4444/wd/hub], Headless Execution. @13-10-2021 01:59:50.0902 AM
[ReportManager] Successfully Opened [GoogleChrome]. @13-10-2021 01:59:51.0088 AM
[ReportManager] Target URL: [https://the-internet.herokuapp.com/] @13-10-2021 01:59:51.0098 AM
[ReportManager] Initial URL: [data:,] @13-10-2021 01:59:51.0133 AM
[ReportManager] Browser Action [NavigateToURL] successfully performed. With the following test data [https://the-internet.herokuapp.com/]. @13-10-2021 01:59:51.0856 A

################################################################################################################################################
Starting Execution:	[75 out of 143] test cases in the current suite
Test Method:		[testPackage01.Test_NewValidationHelper.f10]
################################################################################################################################################
[ReportManager] Assertion [ValidateElementExists] FAILED. Expected [Element Should Exist, locator 'By.tagName: div'] and Actual [Element Exists but is not unique]. Comparison Type [EQUALS]. Validation Type [POSITIVE]. @13-10-2021 01:59:52.0081 AM
[ReportManager] Successfully created attachment [Screenshot - 1634090392026_f10_ValidateElementExists_failed] @13-10-2021 01:59:52.0082 A
[ReportManager] Successfully Closed All Drivers. @13-10-2021 01:59:52.0153 A
[ReportManager] File Action [GetAbsolutePath] successfully performed. With the following test data [Relative Folder Path: "target/downloadedFiles/"]. @13-10-2021 01:59:52.0155 AM
[ReportManager] Attempting to run remotely on: [Linux-64], [GoogleChrome], [http://localhost:4444/wd/hub], Headless Execution. @13-10-2021 01:59:52.0155 AM
[ReportManager] Successfully Opened [GoogleChrome]. @13-10-2021 01:59:52.0337 AM
[ReportManager] Target URL: [https://the-internet.herokuapp.com/] @13-10-2021 01:59:52.0347 AM
[ReportManager] Initial URL: [data:,] @13-10-2021 01:59:52.0382 AM
[ReportManager] Browser Action [NavigateToURL] successfully performed. With the following test data [https://the-internet.herokuapp.com/]. @13-10-2021 01:59:53.0100 A

################################################################################################################################################
Starting Execution:	[76 out of 143] test cases in the current suite
Test Method:		[testPackage01.Test_NewValidationHelper.f11]
################################################################################################################################################
[ReportManager] Assertion Passed: Checking that false tag doesn't exist @13-10-2021 02:00:03.0451 AM
[ReportManager] Successfully created attachment [Screenshot - 1634090403395_f11_ValidateElementExists_passed] @13-10-2021 02:00:03.0452 AM
[ReportManager] Assertion [ValidateElementExists] PASSED. Expected [Element Should not Exist, locator 'By.tagName: h3'] and Actual [Element Doesn't Exists]. Comparison Type [EQUALS]. Validation Type [NEGATIVE]. @13-10-2021 02:00:03.0452 A
[ReportManager] Successfully Closed All Drivers. @13-10-2021 02:00:03.0525 A
[ReportManager] File Action [GetAbsolutePath] successfully performed. With the following test data [Relative Folder Path: "target/downloadedFiles/"]. @13-10-2021 02:00:03.0528 AM
[ReportManager] Attempting to run remotely on: [Linux-64], [GoogleChrome], [http://localhost:4444/wd/hub], Headless Execution. @13-10-2021 02:00:03.0528 AM
[ReportManager] Successfully Opened [GoogleChrome]. @13-10-2021 02:00:03.0721 AM
[ReportManager] Target URL: [https://the-internet.herokuapp.com/] @13-10-2021 02:00:03.0730 AM
[ReportManager] Initial URL: [data:,] @13-10-2021 02:00:03.0766 AM
[ReportManager] Browser Action [NavigateToURL] successfully performed. With the following test data [https://the-internet.herokuapp.com/]. @13-10-2021 02:00:04.0478 A

################################################################################################################################################
Starting Execution:	[77 out of 143] test cases in the current suite
Test Method:		[testPackage01.Test_NewValidationHelper.f12]
################################################################################################################################################
[ReportManager] Loaded Shared OpenCV @13-10-2021 02:00:04.0675 AM
[ReportManager] Assertion [ValidateElementExists] FAILED. Expected [Element Should not Exist, locator 'By.tagName: h1'] and Actual [Element Exists]. Comparison Type [EQUALS]. Validation Type [NEGATIVE]. @13-10-2021 02:00:04.0764 AM
[ReportManager] Successfully created attachment [Screenshot - 1634090404675_f12_ValidateElementExists_failed] @13-10-2021 02:00:04.0765 A
[ReportManager] Successfully Closed All Drivers. @13-10-2021 02:00:04.0838 A
[ReportManager] File Action [GetAbsolutePath] successfully performed. With the following test data [Relative Folder Path: "target/downloadedFiles/"]. @13-10-2021 02:00:04.0840 AM
[ReportManager] Attempting to run remotely on: [Linux-64], [GoogleChrome], [http://localhost:4444/wd/hub], Headless Execution. @13-10-2021 02:00:04.0840 AM
[ReportManager] Successfully Opened [GoogleChrome]. @13-10-2021 02:00:05.0024 AM
[ReportManager] Target URL: [https://the-internet.herokuapp.com/] @13-10-2021 02:00:05.0036 AM
[ReportManager] Initial URL: [data:,] @13-10-2021 02:00:05.0070 AM
[ReportManager] Browser Action [NavigateToURL] successfully performed. With the following test data [https://the-internet.herokuapp.com/]. @13-10-2021 02:00:05.0753 A

################################################################################################################################################
Starting Execution:	[78 out of 143] test cases in the current suite
Test Method:		[testPackage01.Test_NewValidationHelper.f13]
################################################################################################################################################
[ReportManager] Assertion [ValidateElementExists] FAILED. Expected [Element Should not Exist, locator 'By.tagName: div'] and Actual [Element Exists but is not unique]. Comparison Type [EQUALS]. Validation Type [NEGATIVE]. @13-10-2021 02:00:05.0964 AM
[ReportManager] Successfully created attachment [Screenshot - 1634090405910_f13_ValidateElementExists_failed] @13-10-2021 02:00:05.0965 A
[ReportManager] Successfully Closed All Drivers. @13-10-2021 02:00:06.0042 A
[ReportManager] File Action [GetAbsolutePath] successfully performed. With the following test data [Relative Folder Path: "target/downloadedFiles/"]. @13-10-2021 02:00:06.0044 AM
[ReportManager] Attempting to run remotely on: [Linux-64], [GoogleChrome], [http://localhost:4444/wd/hub], Headless Execution. @13-10-2021 02:00:06.0044 AM
[ReportManager] Successfully Opened [GoogleChrome]. @13-10-2021 02:00:06.0223 AM
[ReportManager] Target URL: [https://the-internet.herokuapp.com/] @13-10-2021 02:00:06.0251 AM
[ReportManager] Initial URL: [data:,] @13-10-2021 02:00:06.0295 AM
[ReportManager] Browser Action [NavigateToURL] successfully performed. With the following test data [https://the-internet.herokuapp.com/]. @13-10-2021 02:00:07.0015 A

################################################################################################################################################
Starting Execution:	[79 out of 143] test cases in the current suite
Test Method:		[testPackage01.Test_NewValidationHelper.f14]
################################################################################################################################################
[ReportManager] Element Action [GetText] successfully performed. With the following test data [Welcome to the-internet]. @13-10-2021 02:00:07.0096 AM
[ReportManager] Loaded Shared OpenCV @13-10-2021 02:00:07.0209 AM
[ReportManager] Assertion Passed: Asserting that the header text is correct @13-10-2021 02:00:07.0277 AM
[ReportManager] Successfully created attachment [Screenshot - 1634090407209_f14_ValidateElementAttribute_passed] @13-10-2021 02:00:07.0278 AM
[ReportManager] Assertion [ValidateElementAttribute] PASSED. Expected [Value Should be 'Welcome to the-internet' for the 'text' attribute, element locator 'By.tagName: h1'] and Actual [Welcome to the-internet]. Comparison Type [EQUALS]. Validation Type [POSITIVE]. @13-10-2021 02:00:07.0278 A
[ReportManager] Successfully Closed All Drivers. @13-10-2021 02:00:07.0351 A
[ReportManager] File Action [GetAbsolutePath] successfully performed. With the following test data [Relative Folder Path: "target/downloadedFiles/"]. @13-10-2021 02:00:07.0354 AM
[ReportManager] Attempting to run remotely on: [Linux-64], [GoogleChrome], [http://localhost:4444/wd/hub], Headless Execution. @13-10-2021 02:00:07.0354 AM
[ReportManager] Successfully Opened [GoogleChrome]. @13-10-2021 02:00:07.0540 AM
[ReportManager] Target URL: [https://the-internet.herokuapp.com/] @13-10-2021 02:00:07.0553 AM
[ReportManager] Initial URL: [data:,] @13-10-2021 02:00:07.0605 AM
[ReportManager] Browser Action [NavigateToURL] successfully performed. With the following test data [https://the-internet.herokuapp.com/]. @13-10-2021 02:00:08.0296 A

################################################################################################################################################
Starting Execution:	[80 out of 143] test cases in the current suite
Test Method:		[testPackage01.Test_NewValidationHelper.f15]
################################################################################################################################################
[ReportManager] Element Action [GetText] successfully performed. With the following test data [Welcome to the-internet]. @13-10-2021 02:00:08.0367 AM
[ReportManager] Loaded Shared OpenCV @13-10-2021 02:00:08.0493 AM
[ReportManager] Assertion [ValidateElementAttribute] FAILED. Expected [Value Should not be 'Welcome' for the 'text' attribute, element locator 'By.tagName: h1'] and Actual [Welcome to the-internet]. Comparison Type [CONTAINS]. Validation Type [NEGATIVE]. @13-10-2021 02:00:08.0562 AM
[ReportManager] Successfully created attachment [Screenshot - 1634090408493_f15_ValidateElementAttribute_failed] @13-10-2021 02:00:08.0563 A
[ReportManager] Successfully Closed All Drivers. @13-10-2021 02:00:08.0638 A
[ReportManager] File Action [GetAbsolutePath] successfully performed. With the following test data [Relative Folder Path: "target/downloadedFiles/"]. @13-10-2021 02:00:08.0640 AM
[ReportManager] Attempting to run remotely on: [Linux-64], [GoogleChrome], [http://localhost:4444/wd/hub], Headless Execution. @13-10-2021 02:00:08.0640 AM
[ReportManager] Successfully Opened [GoogleChrome]. @13-10-2021 02:00:08.0823 AM
[ReportManager] Target URL: [https://the-internet.herokuapp.com/] @13-10-2021 02:00:08.0833 AM
[ReportManager] Initial URL: [data:,] @13-10-2021 02:00:08.0871 AM
[ReportManager] Browser Action [NavigateToURL] successfully performed. With the following test data [https://the-internet.herokuapp.com/]. @13-10-2021 02:00:09.0560 A

################################################################################################################################################
Starting Execution:	[81 out of 143] test cases in the current suite
Test Method:		[testPackage01.Test_NewValidationHelper.f16]
################################################################################################################################################
[ReportManager] Element Action [IdentifyUniqueElement] failed. With the following test data [zero elements found matching this locator "By.tagName: h3".]. @13-10-2021 02:00:35.0078 AM
[ReportManager] Successfully created attachment [Screenshot - 1634090435024_f16_IdentifyUniqueElement_failed] @13-10-2021 02:00:35.0079 AM
[ReportManager] Assertion [ValidateElementAttribute] FAILED. Expected [Value Should not be 'Welcome' for the 'text' attribute, element locator 'By.tagName: h3'] and Actual [Failed to read the desired element attribute]. Comparison Type [CONTAINS]. Validation Type [NEGATIVE]. @13-10-2021 02:00:35.0080 A
[ReportManager] Successfully Closed All Drivers. @13-10-2021 02:00:35.0153 A
[ReportManager] File Action [GetAbsolutePath] successfully performed. With the following test data [Relative Folder Path: "target/downloadedFiles/"]. @13-10-2021 02:00:35.0156 AM
[ReportManager] Attempting to run remotely on: [Linux-64], [GoogleChrome], [http://localhost:4444/wd/hub], Headless Execution. @13-10-2021 02:00:35.0156 AM
[ReportManager] Successfully Opened [GoogleChrome]. @13-10-2021 02:00:35.0356 AM
[ReportManager] Target URL: [https://the-internet.herokuapp.com/] @13-10-2021 02:00:35.0366 AM
[ReportManager] Initial URL: [data:,] @13-10-2021 02:00:35.0400 AM
[ReportManager] Browser Action [NavigateToURL] successfully performed. With the following test data [https://the-internet.herokuapp.com/]. @13-10-2021 02:00:36.0118 A

################################################################################################################################################
Starting Execution:	[82 out of 143] test cases in the current suite
Test Method:		[testPackage01.Test_NewValidationHelper.f17]
################################################################################################################################################
[ReportManager] Attempting to getAttribute [text2] from elementLocator [By.tagName: h1]. @13-10-2021 02:00:36.0122 AM
[ReportManager] Element Action [GetAttribute] successfully performed. @13-10-2021 02:00:36.0190 AM
[ReportManager] Loaded Shared OpenCV @13-10-2021 02:00:36.0327 AM
[ReportManager] Assertion [ValidateElementAttribute] PASSED. Expected [Value Should not be 'Welcome' for the 'text2' attribute, element locator 'By.tagName: h1'] and Actual [null]. Comparison Type [CONTAINS]. Validation Type [NEGATIVE]. @13-10-2021 02:00:36.0397 AM
[ReportManager] Successfully created attachment [Screenshot - 1634090436327_f17_ValidateElementAttribute_passed] @13-10-2021 02:00:36.0398 A
[ReportManager] Successfully Closed All Drivers. @13-10-2021 02:00:36.0469 A
[ReportManager] File Action [GetAbsolutePath] successfully performed. With the following test data [Relative Folder Path: "target/downloadedFiles/"]. @13-10-2021 02:00:36.0471 AM
[ReportManager] Attempting to run remotely on: [Linux-64], [GoogleChrome], [http://localhost:4444/wd/hub], Headless Execution. @13-10-2021 02:00:36.0471 AM
[ReportManager] Successfully Opened [GoogleChrome]. @13-10-2021 02:00:36.0675 AM
[ReportManager] Target URL: [https://the-internet.herokuapp.com/] @13-10-2021 02:00:36.0687 AM
[ReportManager] Initial URL: [data:,] @13-10-2021 02:00:36.0723 AM
[ReportManager] Browser Action [NavigateToURL] successfully performed. With the following test data [https://the-internet.herokuapp.com/]. @13-10-2021 02:00:37.0453 A

################################################################################################################################################
Starting Execution:	[83 out of 143] test cases in the current suite
Test Method:		[testPackage01.Test_NewValidationHelper.f18]
################################################################################################################################################
[ReportManager] Element Action [GetText] successfully performed. With the following test data [Welcome to the-internet]. @13-10-2021 02:00:37.0536 AM
[ReportManager] Loaded Shared OpenCV @13-10-2021 02:00:37.0659 AM
[ReportManager] Assertion [ValidateElementAttribute] PASSED. Expected [Value Should not be 'no' for the 'text' attribute, element locator 'By.tagName: h1'] and Actual [Welcome to the-internet]. Comparison Type [CONTAINS]. Validation Type [NEGATIVE]. @13-10-2021 02:00:37.0735 AM
[ReportManager] Successfully created attachment [Screenshot - 1634090437659_f18_ValidateElementAttribute_passed] @13-10-2021 02:00:37.0736 A
[ReportManager] Successfully Closed All Drivers. @13-10-2021 02:00:37.0812 A

################################################################################################################################################
Starting Execution:	[84 out of 143] test cases in the current suite
Test Method:		[testPackage01.Test_NewValidationHelper.f2]
################################################################################################################################################
[ReportManager] Assertion Failed: Checking valid user data @13-10-2021 02:00:37.0816 AM
[ReportManager] Assertion [ValidateEquals] FAILED. Expected [1] and Actual [2]. Comparison Type [EQUALS]. Validation Type [POSITIVE]. @13-10-2021 02:00:37.0816 A
[ReportManager] File Action [GetAbsolutePath] successfully performed. With the following test data [Relative Folder Path: "target/downloadedFiles/"]. @13-10-2021 02:00:37.0819 AM
[ReportManager] Attempting to run remotely on: [Linux-64], [GoogleChrome], [http://localhost:4444/wd/hub], Headless Execution. @13-10-2021 02:00:37.0819 AM
[ReportManager] Successfully Opened [GoogleChrome]. @13-10-2021 02:00:37.0994 AM
[ReportManager] Target URL: [https://the-internet.herokuapp.com/] @13-10-2021 02:00:38.0010 AM
[ReportManager] Initial URL: [data:,] @13-10-2021 02:00:38.0052 AM
[ReportManager] Browser Action [NavigateToURL] successfully performed. With the following test data [https://the-internet.herokuapp.com/]. @13-10-2021 02:00:38.0744 A

################################################################################################################################################
Starting Execution:	[85 out of 143] test cases in the current suite
Test Method:		[testPackage01.Test_NewValidationHelper.f20]
################################################################################################################################################
[ReportManager] Element Action [GetSize] successfully performed. With the following test data [(755, 61)]. @13-10-2021 02:00:38.0830 AM
[ReportManager] Loaded Shared OpenCV @13-10-2021 02:00:38.0961 AM
[ReportManager] Assertion [ValidateElementAttribute] PASSED. Expected [Value Should not be 'a' for the 'size' attribute, element locator 'By.tagName: h1'] and Actual [(755, 61)]. Comparison Type [CONTAINS]. Validation Type [NEGATIVE]. @13-10-2021 02:00:39.0050 AM
[ReportManager] Successfully created attachment [Screenshot - 1634090438961_f20_ValidateElementAttribute_passed] @13-10-2021 02:00:39.0051 A
[ReportManager] Successfully Closed All Drivers. @13-10-2021 02:00:39.0120 A
[ReportManager] File Action [GetAbsolutePath] successfully performed. With the following test data [Relative Folder Path: "target/downloadedFiles/"]. @13-10-2021 02:00:39.0122 AM
[ReportManager] Attempting to run remotely on: [Linux-64], [GoogleChrome], [http://localhost:4444/wd/hub], Headless Execution. @13-10-2021 02:00:39.0122 AM
[ReportManager] Successfully Opened [GoogleChrome]. @13-10-2021 02:00:39.0303 AM
[ReportManager] Target URL: [https://the-internet.herokuapp.com/] @13-10-2021 02:00:39.0313 AM
[ReportManager] Initial URL: [data:,] @13-10-2021 02:00:39.0357 AM
[ReportManager] Browser Action [NavigateToURL] successfully performed. With the following test data [https://the-internet.herokuapp.com/]. @13-10-2021 02:00:40.0072 A

################################################################################################################################################
Starting Execution:	[86 out of 143] test cases in the current suite
Test Method:		[testPackage01.Test_NewValidationHelper.f21]
################################################################################################################################################
[ReportManager] Element Action [IdentifyUniqueElement] failed. With the following test data [zero elements found matching this locator "By.tagName: h3".]. @13-10-2021 02:01:05.0612 AM
[ReportManager] Successfully created attachment [Screenshot - 1634090465558_f21_IdentifyUniqueElement_failed] @13-10-2021 02:01:05.0613 AM
[ReportManager] Assertion [ValidateElementAttribute] FAILED. Expected [Value Should be 'Welcome' for the 'text' attribute, element locator 'By.tagName: h3'] and Actual [Failed to read the desired element attribute]. Comparison Type [CONTAINS]. Validation Type [POSITIVE]. @13-10-2021 02:01:05.0614 A
[ReportManager] Successfully Closed All Drivers. @13-10-2021 02:01:05.0688 A
[ReportManager] File Action [GetAbsolutePath] successfully performed. With the following test data [Relative Folder Path: "target/downloadedFiles/"]. @13-10-2021 02:01:05.0693 AM
[ReportManager] Attempting to run remotely on: [Linux-64], [GoogleChrome], [http://localhost:4444/wd/hub], Headless Execution. @13-10-2021 02:01:05.0694 AM
[ReportManager] Successfully Opened [GoogleChrome]. @13-10-2021 02:01:05.0871 AM
[ReportManager] Target URL: [https://the-internet.herokuapp.com/] @13-10-2021 02:01:05.0888 AM
[ReportManager] Initial URL: [data:,] @13-10-2021 02:01:05.0924 AM
[ReportManager] Browser Action [NavigateToURL] successfully performed. With the following test data [https://the-internet.herokuapp.com/]. @13-10-2021 02:01:06.0645 A

################################################################################################################################################
Starting Execution:	[87 out of 143] test cases in the current suite
Test Method:		[testPackage01.Test_NewValidationHelper.f22]
################################################################################################################################################
[ReportManager] Element Action [GetText] successfully performed. With the following test data [Welcome to the-internet]. @13-10-2021 02:01:06.0713 AM
[ReportManager] Loaded Shared OpenCV @13-10-2021 02:01:06.0839 AM
[ReportManager] Assertion [ValidateElementAttribute] FAILED. Expected [Value Should be 'yyy' for the 'text' attribute, element locator 'By.tagName: h1'] and Actual [Welcome to the-internet]. Comparison Type [CONTAINS]. Validation Type [POSITIVE]. @13-10-2021 02:01:06.0908 AM
[ReportManager] Successfully created attachment [Screenshot - 1634090466839_f22_ValidateElementAttribute_failed] @13-10-2021 02:01:06.0909 A
[ReportManager] Successfully Closed All Drivers. @13-10-2021 02:01:06.0981 A

################################################################################################################################################
Starting Execution:	[88 out of 143] test cases in the current suite
Test Method:		[testPackage01.Test_NewValidationHelper.f23]
################################################################################################################################################
[ReportManager] Assertion Passed: confirming that the actual is greater than or equal to the expected @13-10-2021 02:01:06.0985 AM
[ReportManager] Assertion [ValidateComparativeRelation] PASSED. Expected [1] and Actual [1]. Comparison Type [GREATER_THAN_OR_EQUALS]. Validation Type [POSITIVE]. @13-10-2021 02:01:06.0985 A

################################################################################################################################################
Starting Execution:	[89 out of 143] test cases in the current suite
Test Method:		[testPackage01.Test_NewValidationHelper.f24]
################################################################################################################################################
[ReportManager] Assertion [ValidateComparativeRelation] PASSED. Expected [1] and Actual [10]. Comparison Type [GREATER_THAN_OR_EQUALS]. Validation Type [POSITIVE]. @13-10-2021 02:01:06.0989 A

################################################################################################################################################
Starting Execution:	[90 out of 143] test cases in the current suite
Test Method:		[testPackage01.Test_NewValidationHelper.f25]
################################################################################################################################################
[ReportManager] Assertion [ValidateComparativeRelation] PASSED. Expected [1] and Actual [1]. Comparison Type [EQUALS]. Validation Type [POSITIVE]. @13-10-2021 02:01:06.0994 A

################################################################################################################################################
Starting Execution:	[91 out of 143] test cases in the current suite
Test Method:		[testPackage01.Test_NewValidationHelper.f26]
################################################################################################################################################
[ReportManager] Assertion [ValidateComparativeRelation] PASSED. Expected [1] and Actual [5]. Comparison Type [GREATER_THAN]. Validation Type [POSITIVE]. @13-10-2021 02:01:06.0997 A

################################################################################################################################################
Starting Execution:	[92 out of 143] test cases in the current suite
Test Method:		[testPackage01.Test_NewValidationHelper.f27]
################################################################################################################################################
[ReportManager] Assertion [ValidateComparativeRelation] PASSED. Expected [11] and Actual [5]. Comparison Type [LESS_THAN]. Validation Type [POSITIVE]. @13-10-2021 02:01:07.0000 A

################################################################################################################################################
Starting Execution:	[93 out of 143] test cases in the current suite
Test Method:		[testPackage01.Test_NewValidationHelper.f28]
################################################################################################################################################
[ReportManager] Assertion [ValidateComparativeRelation] PASSED. Expected [11] and Actual [5]. Comparison Type [LESS_THAN_OR_EQUALS]. Validation Type [POSITIVE]. @13-10-2021 02:01:07.0003 A

################################################################################################################################################
Starting Execution:	[94 out of 143] test cases in the current suite
Test Method:		[testPackage01.Test_NewValidationHelper.f29]
################################################################################################################################################
[ReportManager] Assertion [ValidateComparativeRelation] PASSED. Expected [11] and Actual [11]. Comparison Type [LESS_THAN_OR_EQUALS]. Validation Type [POSITIVE]. @13-10-2021 02:01:07.0005 A

################################################################################################################################################
Starting Execution:	[95 out of 143] test cases in the current suite
Test Method:		[testPackage01.Test_NewValidationHelper.f3]
################################################################################################################################################
[ReportManager] Assertion [ValidateEquals] PASSED. Expected [1] and Actual [2]. Comparison Type [EQUALS]. Validation Type [NEGATIVE]. @13-10-2021 02:01:07.0008 A

################################################################################################################################################
Starting Execution:	[96 out of 143] test cases in the current suite
Test Method:		[testPackage01.Test_NewValidationHelper.f30]
################################################################################################################################################
[ReportManager] Assertion [ValidateComparativeRelation] FAILED. Expected [-9] and Actual [11]. Comparison Type [LESS_THAN_OR_EQUALS]. Validation Type [POSITIVE]. @13-10-2021 02:01:07.0011 A

################################################################################################################################################
Starting Execution:	[97 out of 143] test cases in the current suite
Test Method:		[testPackage01.Test_NewValidationHelper.f31]
################################################################################################################################################
[ReportManager] Assertion [ValidateTrue] PASSED. Expected [TRUE] and Actual [TRUE]. Validation Type [POSITIVE]. @13-10-2021 02:01:07.0014 A

################################################################################################################################################
Starting Execution:	[98 out of 143] test cases in the current suite
Test Method:		[testPackage01.Test_NewValidationHelper.f32]
################################################################################################################################################
[ReportManager] Assertion [ValidateTrue] PASSED. Expected [FALSE] and Actual [FALSE]. Validation Type [NEGATIVE]. @13-10-2021 02:01:07.0017 A

################################################################################################################################################
Starting Execution:	[99 out of 143] test cases in the current suite
Test Method:		[testPackage01.Test_NewValidationHelper.f33]
################################################################################################################################################
[ReportManager] Assertion [ValidateTrue] FAILED. Expected [FALSE] and Actual [TRUE]. Validation Type [NEGATIVE]. @13-10-2021 02:01:07.0020 A

################################################################################################################################################
Starting Execution:	[100 out of 143] test cases in the current suite
Test Method:		[testPackage01.Test_NewValidationHelper.f34]
################################################################################################################################################
[ReportManager] Assertion [ValidateTrue] FAILED. Expected [TRUE] and Actual [FALSE]. Validation Type [POSITIVE]. @13-10-2021 02:01:07.0022 A

################################################################################################################################################
Starting Execution:	[101 out of 143] test cases in the current suite
Test Method:		[testPackage01.Test_NewValidationHelper.f35]
################################################################################################################################################
[ReportManager] File Action [DoesFileExist] successfully performed. With the following test data [File Path: "pom.xml"]. @13-10-2021 02:01:07.0025 AM
[ReportManager] Assertion [ValidateFileExists] PASSED. Expected [File 'pom.xml' should exist, after up to '1' retries] and Actual [File exists]. Validation Type [POSITIVE]. @13-10-2021 02:01:07.0025 A

################################################################################################################################################
Starting Execution:	[102 out of 143] test cases in the current suite
Test Method:		[testPackage01.Test_NewValidationHelper.f36]
################################################################################################################################################
[ReportManager] File Action [DoesFileExist] successfully performed. With the following test data [File Path: "src/test/java/testPackage01/Test_NewValidationHelper.java"]. @13-10-2021 02:01:07.0028 AM
[ReportManager] Assertion [ValidateFileExists] PASSED. Expected [File 'src/test/java/testPackage01/Test_NewValidationHelper.java' should exist, after up to '1' retries] and Actual [File exists]. Validation Type [POSITIVE]. @13-10-2021 02:01:07.0028 A

################################################################################################################################################
Starting Execution:	[103 out of 143] test cases in the current suite
Test Method:		[testPackage01.Test_NewValidationHelper.f37]
################################################################################################################################################
[ReportManager] File Action [DoesFileExist] successfully performed. With the following test data [File Path: "pom.xml"]. @13-10-2021 02:01:07.0031 AM
[ReportManager] Assertion Failed: confirming that the file does't exist after 5 retries @13-10-2021 02:01:07.0031 AM
[ReportManager] Assertion [ValidateFileExists] FAILED. Expected [File 'pom.xml' should not exist, after up to '5' retries] and Actual [File exists]. Validation Type [NEGATIVE]. @13-10-2021 02:01:07.0031 A

################################################################################################################################################
Starting Execution:	[104 out of 143] test cases in the current suite
Test Method:		[testPackage01.Test_NewValidationHelper.f3_1]
################################################################################################################################################
[ReportManager] Assertion Passed: Checking valid user data @13-10-2021 02:01:07.0035 AM
[ReportManager] Assertion [ValidateEquals] PASSED. Expected [null] and Actual [null]. Comparison Type [EQUALS]. Validation Type [POSITIVE]. @13-10-2021 02:01:07.0035 A

################################################################################################################################################
Starting Execution:	[105 out of 143] test cases in the current suite
Test Method:		[testPackage01.Test_NewValidationHelper.f4]
################################################################################################################################################
[ReportManager] Assertion [ValidateEquals] PASSED. Expected [1] and Actual [123]. Comparison Type [CONTAINS]. Validation Type [POSITIVE]. @13-10-2021 02:01:07.0038 A

################################################################################################################################################
Starting Execution:	[106 out of 143] test cases in the current suite
Test Method:		[testPackage01.Test_NewValidationHelper.f5]
################################################################################################################################################
[ReportManager] Assertion [ValidateNull] PASSED. Expected [NULL] and Actual [1]. Comparison Type [EQUALS]. Validation Type [NEGATIVE]. @13-10-2021 02:01:07.0040 A

################################################################################################################################################
Starting Execution:	[107 out of 143] test cases in the current suite
Test Method:		[testPackage01.Test_NewValidationHelper.f6]
################################################################################################################################################
[ReportManager] Assertion Failed: Making sure that null string is not equal to null object @13-10-2021 02:01:07.0043 AM
[ReportManager] Assertion [ValidateNull] FAILED. Expected [NULL] and Actual [NULL]. Comparison Type [EQUALS]. Validation Type [POSITIVE]. @13-10-2021 02:01:07.0043 A

################################################################################################################################################
Starting Execution:	[108 out of 143] test cases in the current suite
Test Method:		[testPackage01.Test_NewValidationHelper.f6_1]
################################################################################################################################################
[ReportManager] Assertion [ValidateNull] FAILED. Expected [NULL] and Actual [NULL]. Comparison Type [EQUALS]. Validation Type [NEGATIVE]. @13-10-2021 02:01:07.0046 A

################################################################################################################################################
Starting Execution:	[109 out of 143] test cases in the current suite
Test Method:		[testPackage01.Test_NewValidationHelper.f6_2]
################################################################################################################################################
[ReportManager] Assertion Failed: Making sure that null string is not equal to null object @13-10-2021 02:01:07.0048 AM
[ReportManager] Assertion [ValidateNull] FAILED. Expected [NULL] and Actual [not null]. Comparison Type [EQUALS]. Validation Type [POSITIVE]. @13-10-2021 02:01:07.0048 A

################################################################################################################################################
Starting Execution:	[110 out of 143] test cases in the current suite
Test Method:		[testPackage01.Test_NewValidationHelper.f7]
################################################################################################################################################
[ReportManager] Assertion [ValidateNull] PASSED. Expected [NULL] and Actual [NULL]. Comparison Type [EQUALS]. Validation Type [POSITIVE]. @13-10-2021 02:01:07.0051 A
[ReportManager] File Action [GetAbsolutePath] successfully performed. With the following test data [Relative Folder Path: "target/downloadedFiles/"]. @13-10-2021 02:01:07.0054 AM
[ReportManager] Attempting to run remotely on: [Linux-64], [GoogleChrome], [http://localhost:4444/wd/hub], Headless Execution. @13-10-2021 02:01:07.0054 AM
[ReportManager] Successfully Opened [GoogleChrome]. @13-10-2021 02:01:07.0227 AM
[ReportManager] Target URL: [https://the-internet.herokuapp.com/] @13-10-2021 02:01:07.0238 AM
[ReportManager] Initial URL: [data:,] @13-10-2021 02:01:07.0272 AM
[ReportManager] Browser Action [NavigateToURL] successfully performed. With the following test data [https://the-internet.herokuapp.com/]. @13-10-2021 02:01:07.0972 A

################################################################################################################################################
Starting Execution:	[111 out of 143] test cases in the current suite
Test Method:		[testPackage01.Test_NewValidationHelper.f8]
################################################################################################################################################
[ReportManager] Loaded Shared OpenCV @13-10-2021 02:01:08.0158 AM
[ReportManager] Assertion [ValidateElementExists] PASSED. Expected [Element Should Exist, locator 'By.tagName: h1'] and Actual [Element Exists]. Comparison Type [EQUALS]. Validation Type [POSITIVE]. @13-10-2021 02:01:08.0228 AM
[ReportManager] Successfully created attachment [Screenshot - 1634090468158_f8_ValidateElementExists_passed] @13-10-2021 02:01:08.0229 A
[ReportManager] Successfully Closed All Drivers. @13-10-2021 02:01:08.0301 A
[ReportManager] File Action [GetAbsolutePath] successfully performed. With the following test data [Relative Folder Path: "target/downloadedFiles/"]. @13-10-2021 02:01:08.0303 AM
[ReportManager] Attempting to run remotely on: [Linux-64], [GoogleChrome], [http://localhost:4444/wd/hub], Headless Execution. @13-10-2021 02:01:08.0303 AM
[ReportManager] Successfully Opened [GoogleChrome]. @13-10-2021 02:01:08.0485 AM
[ReportManager] Target URL: [https://the-internet.herokuapp.com/] @13-10-2021 02:01:08.0495 AM
[ReportManager] Initial URL: [data:,] @13-10-2021 02:01:08.0535 AM
[ReportManager] Browser Action [NavigateToURL] successfully performed. With the following test data [https://the-internet.herokuapp.com/]. @13-10-2021 02:01:09.0218 A

################################################################################################################################################
Starting Execution:	[112 out of 143] test cases in the current suite
Test Method:		[testPackage01.Test_NewValidationHelper.f9]
################################################################################################################################################
[ReportManager] Assertion [ValidateElementExists] FAILED. Expected [Element Should Exist, locator 'By.tagName: h3'] and Actual [Element Doesn't Exists]. Comparison Type [EQUALS]. Validation Type [POSITIVE]. @13-10-2021 02:01:39.0842 AM
[ReportManager] Successfully created attachment [Screenshot - 1634090499787_f9_ValidateElementExists_failed] @13-10-2021 02:01:39.0842 A
[ReportManager] Successfully Closed All Drivers. @13-10-2021 02:01:39.0917 A

################################################################################################################################################
Starting Execution:	[113 out of 143] test cases in the current suite
Test Method:		[testPackage01.Test_NewValidationHelper.forceFail]
################################################################################################################################################
[ReportManager] Assertion [ValidateFail] FAILED. Successfully force failed the test. @13-10-2021 02:01:39.0921 A

################################################################################################################################################
Starting Execution:	[114 out of 143] test cases in the current suite
Test Method:		[testPackage01.Test_NewValidationHelper.forceFail2]
################################################################################################################################################
[ReportManager] Assertion Failed: Custom Message @13-10-2021 02:01:39.0924 AM
[ReportManager] Assertion [ValidateFail] FAILED. Successfully force failed the test. @13-10-2021 02:01:39.0924 A

################################################################################################################################################
Starting Execution:	[115 out of 143] test cases in the current suite
Test Method:		[testPackage01.Test_sendGraphqlRequest.sendGraphqlRequestUsingMutationAndVariables]
################################################################################################################################################
[ReportManager] GraphQl Request is being Performed with the Following Parameters [Service URL: https://api.spacex.land/graphql | Request Body: {"variables":"{\"name\": \"sherlock holmes\",\"rocket\": \"221B Baker Street\"}","query":"mutation ($name: String, $rocket: String) {\n  insert_users(objects: {name: $name, rocket: $rocket}) {\n    returning {\n      name\n      rocket\n    }\n  }\n}"}] @13-10-2021 02:01:39.0928 AM
[ReportManager] Response status code: [200], status line: [HTTP/1.1 200 OK] @13-10-2021 02:01:40.0414 AM
[ReportManager] Assertion Passed: Evaluating the actual response status code against the expected one... @13-10-2021 02:01:40.0414 AM
[ReportManager] Assertion [ValidateEquals] PASSED. Expected [200] and Actual [200]. Comparison Type [EQUALS]. Validation Type [POSITIVE]. @13-10-2021 02:01:40.0414 AM
[ReportManager] API Action [PerformRequest] successfully performed. With the following test data [Request Type: "POST" | Target Status Code: "200" | Service URL: "https://api.spacex.land/graphql" | Content Type: "application/json" | Response Time: "414ms"]. @13-10-2021 02:01:40.0426 AM
[ReportManager] Successfully created attachment [API Request - Specifications] @13-10-2021 02:01:40.0426 AM
[ReportManager] Successfully created attachment [API Request - JSON Body] @13-10-2021 02:01:40.0426 AM
[ReportManager] Successfully created attachment [API Response - JSON Body] @13-10-2021 02:01:40.0427 AM
[ReportManager] API Action [GetResponseJSONValue] successfully performed. With the following test data [data.insert_users.returning[0].name]. @13-10-2021 02:01:40.0476 AM
[ReportManager] Assertion [ValidateEquals] PASSED. Expected [sherlock holmes] and Actual [sherlock holmes]. Comparison Type [EQUALS]. Validation Type [POSITIVE]. @13-10-2021 02:01:40.0476 A

################################################################################################################################################
Starting Execution:	[116 out of 143] test cases in the current suite
Test Method:		[testPackage01.Test_sendGraphqlRequest.sendGraphqlRequestUsingQuery]
################################################################################################################################################
[ReportManager] GraphQl Request is being Performed with the Following Parameters [Service URL: https://api.spacex.land/graphql | Request Body: {"query":"{company {ceo}}"}] @13-10-2021 02:01:40.0479 AM
[ReportManager] Response status code: [200], status line: [HTTP/1.1 200 OK] @13-10-2021 02:01:40.0669 AM
[ReportManager] Assertion Passed: Evaluating the actual response status code against the expected one... @13-10-2021 02:01:40.0670 AM
[ReportManager] Assertion [ValidateEquals] PASSED. Expected [200] and Actual [200]. Comparison Type [EQUALS]. Validation Type [POSITIVE]. @13-10-2021 02:01:40.0670 AM
[ReportManager] API Action [PerformRequest] successfully performed. With the following test data [Request Type: "POST" | Target Status Code: "200" | Service URL: "https://api.spacex.land/graphql" | Content Type: "application/json" | Response Time: "184ms"]. @13-10-2021 02:01:40.0682 AM
[ReportManager] Successfully created attachment [API Request - Specifications] @13-10-2021 02:01:40.0682 AM
[ReportManager] Successfully created attachment [API Request - JSON Body] @13-10-2021 02:01:40.0682 AM
[ReportManager] Successfully created attachment [API Response - JSON Body] @13-10-2021 02:01:40.0683 AM
[ReportManager] API Action [GetResponseJSONValue] successfully performed. With the following test data [data.company.ceo]. @13-10-2021 02:01:40.0695 AM
[ReportManager] Assertion [ValidateEquals] PASSED. Expected [Elon Musk] and Actual [Elon Musk]. Comparison Type [EQUALS]. Validation Type [POSITIVE]. @13-10-2021 02:01:40.0695 A
[ReportManager] Successfully loaded the following test data file [src/test/resources/TestDataFiles/testSuite01/TestData.xlsx]. @13-10-2021 02:01:40.0746 AM
[ReportManager] Successfully created attachment [Test Data - Excel] @13-10-2021 02:01:40.0746 AM
[ReportManager] File Action [GetAbsolutePath] successfully performed. With the following test data [Relative Folder Path: "target/downloadedFiles/"]. @13-10-2021 02:01:40.0746 AM
[ReportManager] Attempting to run remotely on: [Linux-64], [GoogleChrome], [http://localhost:4444/wd/hub], Headless Execution. @13-10-2021 02:01:40.0746 AM
[ReportManager] Successfully Opened [GoogleChrome]. @13-10-2021 02:01:41.0023 A

################################################################################################################################################
Starting Execution:	[117 out of 143] test cases in the current suite
Test Method:		[testPackage01.Test_google.navigateToURLandVerifyGoogleLogoIsDisplayed]
Test Description:	[TC001 - Navigate to URL and Verify Google Logo is Displayed]
################################################################################################################################################
[ReportManager] Target URL: [https://www.google.com/ncr], and after redirection: [https://www.google.com] @13-10-2021 02:01:41.0038 AM
[ReportManager] Initial URL: [data:,] @13-10-2021 02:01:41.0084 AM
[ReportManager] Browser Action [NavigateToURL] successfully performed. With the following test data [https://www.google.com/ncr]. @13-10-2021 02:01:41.0909 AM
[ReportManager] Loaded Shared OpenCV @13-10-2021 02:01:42.0102 AM
[ReportManager] Assertion [ValidateElementExists] PASSED. Expected [Element Should Exist, locator 'By.xpath: //*[@id='hplogo' or @alt='Google']'] and Actual [Element Exists]. Comparison Type [EQUALS]. Validation Type [POSITIVE]. @13-10-2021 02:01:42.0170 AM
[ReportManager] Successfully created attachment [Screenshot - 1634090502101_navigateToURLandVerifyGoogleLogoIsDisplayed_ValidateElementExists_passed] @13-10-2021 02:01:42.0171 A

################################################################################################################################################
Starting Execution:	[118 out of 143] test cases in the current suite
Test Method:		[testPackage01.Test_google.searchForQueryandAssertResultsNumDisplayed]
Test Description:	[TC002 - Search for Query and Assert that the number of results is displayed]
################################################################################################################################################
[ReportManager] Element Action [Type] successfully performed. With the following test data [SHAFT_Engine]. @13-10-2021 02:01:42.0447 AM
[ReportManager] Element Action [KeyPress] successfully performed. With the following test data [Enter]. @13-10-2021 02:01:43.0518 AM
[ReportManager] Element Action [GetText] successfully performed. With the following test data [About 851,000 results (0.79 seconds) ]. @13-10-2021 02:01:43.0597 AM
[ReportManager] Loaded Shared OpenCV @13-10-2021 02:01:44.0035 AM
[ReportManager] Assertion [ValidateElementAttribute] PASSED. Expected [Value Should not be '' for the 'Text' attribute, element locator 'By.id: appbar'] and Actual [About 851,000 results (0.79 seconds) ]. Comparison Type [EQUALS]. Validation Type [NEGATIVE]. @13-10-2021 02:01:44.0121 AM
[ReportManager] Successfully created attachment [Screenshot - 1634090504035_searchForQueryandAssertResultsNumDisplayed_ValidateElementAttribute_passed] @13-10-2021 02:01:44.0122 A

################################################################################################################################################
Starting Execution:	[119 out of 143] test cases in the current suite
Test Method:		[testPackage01.Test_google.clickNextThrice]
Test Description:	[TC003 - Clicks the next button to make sure that the framework can scroll element into view before clicking it]
################################################################################################################################################
[ReportManager] Element Action [Click] successfully performed. With the following test data [Next]. @13-10-2021 02:01:45.0450 A
[ReportManager] Browser Action [CloseCurrentWindow] successfully performed. @13-10-2021 02:01:45.0715 AM
[ReportManager] Successfully created attachment [Browser Action Test Data - CloseCurrentWindow - Actual Value] @13-10-2021 02:01:45.0719 A
[ReportManager] File Action [GetAbsolutePath] successfully performed. With the following test data [Relative Folder Path: "target/downloadedFiles/"]. @13-10-2021 02:01:45.0721 AM
[ReportManager] Attempting to run remotely on: [Linux-64], [GoogleChrome], [http://localhost:4444/wd/hub], Headless Execution. @13-10-2021 02:01:45.0721 AM
[ReportManager] Successfully Opened [GoogleChrome]. @13-10-2021 02:01:45.0915 A

################################################################################################################################################
Starting Execution:	[120 out of 143] test cases in the current suite
Test Method:		[testPackage01.Test_ShadowDOM.shadowdom]
################################################################################################################################################
[ReportManager] Target URL: [https://mdn.github.io/web-components-examples/popup-info-box-web-component/] @13-10-2021 02:01:45.0939 AM
[ReportManager] Initial URL: [data:,] @13-10-2021 02:01:45.0976 AM
[ReportManager] Browser Action [NavigateToURL] successfully performed. With the following test data [https://mdn.github.io/web-components-examples/popup-info-box-web-component/]. @13-10-2021 02:01:46.0333 AM
[ReportManager] Element Action [Type] successfully performed. With the following test data [Typing into SHADOW DOM...]. @13-10-2021 02:01:46.0585 AM
[ReportManager] Element Action [GetText] successfully performed. With the following test data [Typing into SHADOW DOM...]. @13-10-2021 02:01:46.0664 AM
[ReportManager] Loaded Shared OpenCV @13-10-2021 02:01:46.0772 AM
[ReportManager] Assertion [ValidateElementAttribute] PASSED. Expected [Value Should be 'Typing into SHADOW DOM...' for the 'Text' attribute, element locator 'By.id: cvc'] and Actual [Typing into SHADOW DOM...]. Comparison Type [EQUALS]. Validation Type [POSITIVE]. @13-10-2021 02:01:46.0850 AM
[ReportManager] Successfully created attachment [Screenshot - 1634090506772_shadowdom_ValidateElementAttribute_passed] @13-10-2021 02:01:46.0850 A
[ReportManager] Browser Action [CloseCurrentWindow] successfully performed. @13-10-2021 02:01:46.0949 AM
[ReportManager] Successfully created attachment [Browser Action Test Data - CloseCurrentWindow - Actual Value] @13-10-2021 02:01:46.0950 A

################################################################################################################################################
Starting Execution:	[121 out of 143] test cases in the current suite
Test Method:		[testPackage01.Test_AssertApiResponseEquals.assertApiResponseEquals_expectedToPass]
################################################################################################################################################
[ReportManager] Response status code: [200], status line: [HTTP/1.1 200 OK] @13-10-2021 02:01:47.0043 AM
[ReportManager] Assertion Passed: Evaluating the actual response status code against the expected one... @13-10-2021 02:01:47.0049 AM
[ReportManager] Assertion [ValidateEquals] PASSED. Expected [200] and Actual [200]. Comparison Type [EQUALS]. Validation Type [POSITIVE]. @13-10-2021 02:01:47.0049 AM
[ReportManager] API Action [PerformRequest] successfully performed. With the following test data [Request Type: "GET" | Target Status Code: "200" | Service URL: "https://jsonplaceholder.typicode.com/users" | Content Type: "*/*" | Response Time: "79ms"]. @13-10-2021 02:01:47.0066 AM
[ReportManager] Successfully created attachment [API Request - Specifications] @13-10-2021 02:01:47.0067 AM
[ReportManager] Successfully created attachment [API Response - JSON Body] @13-10-2021 02:01:47.0067 AM
[ReportManager] API Action [GetResponseJSONValueAsList] successfully performed. With the following test data [$]. @13-10-2021 02:01:47.0071 AM
[ReportManager] API Action [GetResponseJSONValue] successfully performed. With the following test data [name]. @13-10-2021 02:01:47.0088 AM
[ReportManager] API Action [GetResponseJSONValue] successfully performed. With the following test data [email]. @13-10-2021 02:01:47.0101 AM
[ReportManager] Verification [ValidateEquals] PASSED. Expected [Sincere@april.biz] and Actual [Sincere@april.biz]. Comparison Type [EQUALS]. Validation Type [POSITIVE]. @13-10-2021 02:01:47.0101 AM
[ReportManager] API Action [GetResponseJSONValue] successfully performed. With the following test data [username]. @13-10-2021 02:01:47.0115 AM
[ReportManager] Assertion [ValidateEquals] PASSED. Expected [Bret] and Actual [Bret]. Comparison Type [EQUALS]. Validation Type [POSITIVE]. @13-10-2021 02:01:47.0115 AM
[ReportManager] API Action [GetResponseJSONValue] successfully performed. With the following test data [name]. @13-10-2021 02:01:47.0130 AM
[ReportManager] API Action [GetResponseJSONValue] successfully performed. With the following test data [name]. @13-10-2021 02:01:47.0137 AM
[ReportManager] API Action [GetResponseJSONValue] successfully performed. With the following test data [name]. @13-10-2021 02:01:47.0145 AM
[ReportManager] API Action [GetResponseJSONValue] successfully performed. With the following test data [name]. @13-10-2021 02:01:47.0151 AM
[ReportManager] API Action [GetResponseJSONValue] successfully performed. With the following test data [name]. @13-10-2021 02:01:47.0158 AM
[ReportManager] API Action [GetResponseJSONValue] successfully performed. With the following test data [name]. @13-10-2021 02:01:47.0178 AM
[ReportManager] API Action [GetResponseJSONValue] successfully performed. With the following test data [name]. @13-10-2021 02:01:47.0185 AM
[ReportManager] API Action [GetResponseJSONValue] successfully performed. With the following test data [name]. @13-10-2021 02:01:47.0192 AM
[ReportManager] API Action [GetResponseJSONValue] successfully performed. With the following test data [name]. @13-10-2021 02:01:47.0199 A
[ReportManager] File Action [GetAbsolutePath] successfully performed. With the following test data [Relative Folder Path: "target/downloadedFiles/"]. @13-10-2021 02:01:47.0208 AM
[ReportManager] Attempting to run remotely on: [Linux-64], [GoogleChrome], [http://localhost:4444/wd/hub], Headless Execution. @13-10-2021 02:01:47.0208 AM
[ReportManager] Successfully Opened [GoogleChrome]. @13-10-2021 02:01:47.0467 A

################################################################################################################################################
Starting Execution:	[122 out of 143] test cases in the current suite
Test Method:		[testPackage01.Test_IsElementClickable.testIsElementClickable]
################################################################################################################################################
[ReportManager] Target URL: [https://the-internet.herokuapp.com/] @13-10-2021 02:01:47.0483 AM
[ReportManager] Initial URL: [data:,] @13-10-2021 02:01:47.0526 AM
[ReportManager] Browser Action [NavigateToURL] successfully performed. With the following test data [https://the-internet.herokuapp.com/]. @13-10-2021 02:01:48.0216 AM
[ReportManager] Element Action [IsElementClickable] successfully performed. @13-10-2021 02:01:48.0327 AM
[ReportManager] Assertion [ValidateTrue] PASSED. Expected [TRUE] and Actual [TRUE]. Validation Type [POSITIVE]. @13-10-2021 02:01:48.0328 A
[ReportManager] Browser Action [CloseCurrentWindow] successfully performed. @13-10-2021 02:01:48.0413 AM
[ReportManager] Successfully created attachment [Browser Action Test Data - CloseCurrentWindow - Actual Value] @13-10-2021 02:01:48.0414 A

################################################################################################################################################
Starting Execution:	[123 out of 143] test cases in the current suite
Test Method:		[testPackage01.Test_JsonCompareWithSpecialCharacters.specialCharacters]
################################################################################################################################################
[ReportManager] File Action [GetAbsolutePath] successfully performed. With the following test data [Relative Folder Path: "src/test/resources/TestJsonFiles/specialCharacters.json"]. @13-10-2021 02:01:48.0418 AM
[ReportManager] File Action [ReadFromFile] successfully performed. With the following test data [File Path: "/home/runner/work/SHAFT_ENGINE/SHAFT_ENGINE/src/test/resources/TestJsonFiles/specialCharacters.json"]. @13-10-2021 02:01:48.0424 AM
[ReportManager] Successfully created attachment [File Action Actual Result - Command Log] @13-10-2021 02:01:48.0424 AM
[ReportManager] Comparing the provided API response with the file at this path "src/test/resources/TestJsonFiles/specialCharacters.json", comparison type "EQUALS" @13-10-2021 02:01:48.0424 AM
[ReportManager] API Action [CompareJSON] successfully performed. With the following test data [src/test/resources/TestJsonFiles/specialCharacters.json]. @13-10-2021 02:01:48.0433 AM
[ReportManager] File Action [GetAbsolutePath] successfully performed. With the following test data [Relative Folder Path: "src/test/resources/TestJsonFiles/specialCharacters.json"]. @13-10-2021 02:01:48.0433 AM
[ReportManager] File Action [ReadFromFile] successfully performed. With the following test data [File Path: "/home/runner/work/SHAFT_ENGINE/SHAFT_ENGINE/src/test/resources/TestJsonFiles/specialCharacters.json"]. @13-10-2021 02:01:48.0433 AM
[ReportManager] Verification [ValidateJSONFileContent] PASSED. Expected [Response data should match the JSON File in this path 'src/test/resources/TestJsonFiles/specialCharacters.json'] and Actual [TRUE]. Comparison Type [EQUALS]. Validation Type [POSITIVE]. @13-10-2021 02:01:48.0438 AM
[ReportManager] Successfully created attachment [Validation Test Data - Expected JSON Value] @13-10-2021 02:01:48.0438 AM
[ReportManager] Successfully created attachment [Validation Test Data - Actual JSON Value] @13-10-2021 02:01:48.0439 A

################################################################################################################################################
Starting Execution:	[124 out of 143] test cases in the current suite
Test Method:		[testPackage01.Test_JsonCompareWithSpecialCharacters.specialCharacters_assertion]
################################################################################################################################################
[ReportManager] File Action [GetAbsolutePath] successfully performed. With the following test data [Relative Folder Path: "src/test/resources/TestJsonFiles/specialCharacters.json"]. @13-10-2021 02:01:48.0442 AM
[ReportManager] File Action [ReadFromFile] successfully performed. With the following test data [File Path: "/home/runner/work/SHAFT_ENGINE/SHAFT_ENGINE/src/test/resources/TestJsonFiles/specialCharacters.json"]. @13-10-2021 02:01:48.0442 AM
[ReportManager] Successfully created attachment [File Action Actual Result - Command Log] @13-10-2021 02:01:48.0442 AM
[ReportManager] Comparing the provided API response with the file at this path "src/test/resources/TestJsonFiles/specialCharacters.json", comparison type "CONTAINS" @13-10-2021 02:01:48.0443 AM
[ReportManager] API Action [CompareJSON] successfully performed. With the following test data [src/test/resources/TestJsonFiles/specialCharacters.json]. @13-10-2021 02:01:48.0460 AM
[ReportManager] File Action [GetAbsolutePath] successfully performed. With the following test data [Relative Folder Path: "src/test/resources/TestJsonFiles/specialCharacters.json"]. @13-10-2021 02:01:48.0460 AM
[ReportManager] File Action [ReadFromFile] successfully performed. With the following test data [File Path: "/home/runner/work/SHAFT_ENGINE/SHAFT_ENGINE/src/test/resources/TestJsonFiles/specialCharacters.json"]. @13-10-2021 02:01:48.0460 AM
[ReportManager] Assertion Passed: trying out the log message @13-10-2021 02:01:48.0464 AM
[ReportManager] Successfully created attachment [Validation Test Data - Expected JSON Value] @13-10-2021 02:01:48.0465 AM
[ReportManager] Successfully created attachment [Validation Test Data - Actual JSON Value] @13-10-2021 02:01:48.0465 AM
[ReportManager] Assertion [ValidateJSONFileContent] PASSED. Expected [Response data should match the JSON File in this path 'src/test/resources/TestJsonFiles/specialCharacters.json'] and Actual [TRUE]. Comparison Type [CONTAINS]. Validation Type [POSITIVE]. @13-10-2021 02:01:48.0465 A
[ReportManager] File Action [GetAbsolutePath] successfully performed. With the following test data [Relative Folder Path: "target/downloadedFiles/"]. @13-10-2021 02:01:48.0468 AM
[ReportManager] Attempting to run remotely on: [Linux-64], [GoogleChrome], [http://localhost:4444/wd/hub], Headless Execution. @13-10-2021 02:01:48.0468 AM
[ReportManager] Successfully Opened [GoogleChrome]. @13-10-2021 02:01:48.0677 A

################################################################################################################################################
Starting Execution:	[125 out of 143] test cases in the current suite
Test Method:		[testPackage01.Test_assertEquals.test_assertElementAttribute]
################################################################################################################################################
[ReportManager] Target URL: [https://www.google.com/ncr], and after redirection: [https://www.google.com] @13-10-2021 02:01:48.0690 AM
[ReportManager] Initial URL: [data:,] @13-10-2021 02:01:48.0727 AM
[ReportManager] Browser Action [NavigateToURL] successfully performed. With the following test data [https://www.google.com/ncr]. @13-10-2021 02:01:49.0678 AM
[ReportManager] Element Action [Type] successfully performed. With the following test data [INC_004010050:Another SCHEDULER with the same name [Duplicate Job Name] already exists.]. @13-10-2021 02:01:50.0216 AM
[ReportManager] Element Action [GetText] successfully performed. With the following test data [INC_004010050:Another SCHEDULER with the same name [Duplicate Job Name] already exists.]. @13-10-2021 02:01:50.0295 AM
[ReportManager] Loaded Shared OpenCV @13-10-2021 02:01:50.0452 AM
[ReportManager] Assertion [ValidateElementAttribute] PASSED. Expected [Value Should be 'INC_004010050:Another SCHEDULER with the same name \[Duplicate Job Name\] already exists.' for the 'text' attribute, element locator 'By.name: q'] and Actual [INC_004010050:Another SCHEDULER with the same name [Duplicate Job Name] already exists.]. Comparison Type [MATCHES]. Validation Type [POSITIVE]. @13-10-2021 02:01:50.0521 AM
[ReportManager] Successfully created attachment [Screenshot - 1634090510452_test_assertElementAttribute_ValidateElementAttribute_passed] @13-10-2021 02:01:50.0522 A
[ReportManager] Browser Action [CloseCurrentWindow] successfully performed. @13-10-2021 02:01:50.0633 AM
[ReportManager] Successfully created attachment [Browser Action Test Data - CloseCurrentWindow - Actual Value] @13-10-2021 02:01:50.0634 A
[ReportManager] File Action [GetAbsolutePath] successfully performed. With the following test data [Relative Folder Path: "target/downloadedFiles/"]. @13-10-2021 02:01:50.0636 AM
[ReportManager] Attempting to run remotely on: [Linux-64], [GoogleChrome], [http://localhost:4444/wd/hub], Headless Execution. @13-10-2021 02:01:50.0637 AM
[ReportManager] Successfully Opened [GoogleChrome]. @13-10-2021 02:01:50.0848 A

################################################################################################################################################
Starting Execution:	[126 out of 143] test cases in the current suite
Test Method:		[testPackage01.Test_verifyEquals.test_assertElementAttribute]
################################################################################################################################################
[ReportManager] Target URL: [https://www.google.com/ncr], and after redirection: [https://www.google.com] @13-10-2021 02:01:50.0874 AM
[ReportManager] Initial URL: [data:,] @13-10-2021 02:01:50.0942 AM
[ReportManager] Browser Action [NavigateToURL] successfully performed. With the following test data [https://www.google.com/ncr]. @13-10-2021 02:01:51.0981 AM
[ReportManager] Element Action [Type] successfully performed. With the following test data [INC_004010050:Another SCHEDULER with the same name [Duplicate Job Name] already exists.]. @13-10-2021 02:01:52.0596 AM
[ReportManager] Element Action [GetText] successfully performed. With the following test data [INC_004010050:Another SCHEDULER with the same name [Duplicate Job Name] already exists.]. @13-10-2021 02:01:52.0673 AM
[ReportManager] Loaded Shared OpenCV @13-10-2021 02:01:52.0818 AM
[ReportManager] Verification [ValidateElementAttribute] PASSED. Expected [Value Should be 'INC_004010050:Another SCHEDULER with the same name \[Duplicate Job Name\] already exists.' for the 'text' attribute, element locator 'By.name: q'] and Actual [INC_004010050:Another SCHEDULER with the same name [Duplicate Job Name] already exists.]. Comparison Type [MATCHES]. Validation Type [POSITIVE]. @13-10-2021 02:01:52.0886 AM
[ReportManager] Successfully created attachment [Screenshot - 1634090512818_test_assertElementAttribute_ValidateElementAttribute_passed] @13-10-2021 02:01:52.0887 A
[ReportManager] Browser Action [CloseCurrentWindow] successfully performed. @13-10-2021 02:01:53.0005 AM
[ReportManager] Successfully created attachment [Browser Action Test Data - CloseCurrentWindow - Actual Value] @13-10-2021 02:01:53.0006 A

################################################################################################################################################
Starting Execution:	[127 out of 143] test cases in the current suite
Test Method:		[testPackage01.Test_JsonActions.f]
###############################################################################################################################################

################################################################################################################################################
Starting Execution:	[128 out of 143] test cases in the current suite
Test Method:		[testPackage01.Test_JsonActions.f2]
###############################################################################################################################################

################################################################################################################################################
Starting Execution:	[129 out of 143] test cases in the current suite
Test Method:		[testPackage01.Test_PDF.testPDF_Downloaded]
################################################################################################################################################
[ReportManager] File Action [DoesFileExist] successfully performed. With the following test data [File Path: "src/test/resources/TestDataFiles/sample.pdf"]. @13-10-2021 02:01:53.0033 AM
[ReportManager] File Action [GetAbsolutePath] successfully performed. With the following test data [Relative File Path: "src/test/resources/TestDataFiles/sample.pdf"]. @13-10-2021 02:01:53.0033 AM
[ReportManager] Assertion [ValidateTrue] PASSED. Expected [TRUE] and Actual [TRUE]. Validation Type [POSITIVE]. @13-10-2021 02:01:53.0383 A
[ReportManager] File Action [GetAbsolutePath] successfully performed. With the following test data [Relative Folder Path: "target/downloadedFiles/"]. @13-10-2021 02:01:53.0386 AM
[ReportManager] Attempting to run remotely on: [Linux-64], [GoogleChrome], [http://localhost:4444/wd/hub], Headless Execution. @13-10-2021 02:01:53.0386 AM
[ReportManager] Successfully Opened [GoogleChrome]. @13-10-2021 02:01:53.0583 A

################################################################################################################################################
Starting Execution:	[130 out of 143] test cases in the current suite
Test Method:		[testPackage01.Test_dragAndDrop.dragAndDropJquery]
################################################################################################################################################
[ReportManager] Target URL: [https://jqueryui.com/resources/demos/droppable/default.html] @13-10-2021 02:01:53.0595 AM
[ReportManager] Initial URL: [data:,] @13-10-2021 02:01:53.0637 AM
[ReportManager] Browser Action [NavigateToURL] successfully performed. With the following test data [https://jqueryui.com/resources/demos/droppable/default.html]. @13-10-2021 02:01:54.0425 AM
[ReportManager] Element Action [GetText] successfully performed. With the following test data [Drop here]. @13-10-2021 02:01:54.0490 AM
[ReportManager] Element Action [DragAndDrop] successfully performed. With the following test data [Start point: (8, 18), End point: (8, 18)]. @13-10-2021 02:01:55.0758 AM
[ReportManager] Element Action [GetText] successfully performed. With the following test data [Dropped!]. @13-10-2021 02:01:55.0812 AM
[ReportManager] Assertion Passed: Checking to see if the text has changed after performing drag and drop @13-10-2021 02:01:55.0812 AM
[ReportManager] Assertion [ValidateEquals] PASSED. Expected [Drop here] and Actual [Dropped!]. Comparison Type [EQUALS]. Validation Type [NEGATIVE]. @13-10-2021 02:01:55.0812 A
[ReportManager] Browser Action [CloseCurrentWindow] successfully performed. @13-10-2021 02:01:55.0913 AM
[ReportManager] Successfully created attachment [Browser Action Test Data - CloseCurrentWindow - Actual Value] @13-10-2021 02:01:55.0913 A
[ReportManager] File Action [GetAbsolutePath] successfully performed. With the following test data [Relative Folder Path: "target/downloadedFiles/"]. @13-10-2021 02:01:55.0916 AM
[ReportManager] Attempting to run remotely on: [Linux-64], [GoogleChrome], [http://localhost:4444/wd/hub], Headless Execution. @13-10-2021 02:01:55.0916 AM
[ReportManager] Successfully Opened [GoogleChrome]. @13-10-2021 02:01:56.0103 A

################################################################################################################################################
Starting Execution:	[131 out of 143] test cases in the current suite
Test Method:		[testPackage01.Test_dragAndDrop.dragAndDrop]
Test Description:	[TC001 - Test Drag and Drop function.]
################################################################################################################################################
[ReportManager] Target URL: [http://the-internet.herokuapp.com/drag_and_drop] @13-10-2021 02:01:56.0116 AM
[ReportManager] Initial URL: [data:,] @13-10-2021 02:01:56.0154 AM
[ReportManager] Browser Action [NavigateToURL] successfully performed. With the following test data [http://the-internet.herokuapp.com/drag_and_drop]. @13-10-2021 02:01:56.0754 AM
[ReportManager] Attempting Drag and Drop @13-10-2021 02:01:56.0755 AM
[ReportManager] Element Action [DragAndDrop] successfully performed. With the following test data [Start point: (32, 90), End point: (247, 90)]. @13-10-2021 02:01:57.0927 A
[ReportManager] Browser Action [CloseCurrentWindow] successfully performed. @13-10-2021 02:01:58.0011 AM
[ReportManager] Successfully created attachment [Browser Action Test Data - CloseCurrentWindow - Actual Value] @13-10-2021 02:01:58.0011 A
[ReportManager] File Action [GetAbsolutePath] successfully performed. With the following test data [Relative Folder Path: "target/downloadedFiles/"]. @13-10-2021 02:01:58.0013 AM
[ReportManager] Attempting to run remotely on: [Linux-64], [GoogleChrome], [http://localhost:4444/wd/hub], Headless Execution. @13-10-2021 02:01:58.0013 AM
[ReportManager] Successfully Opened [GoogleChrome]. @13-10-2021 02:01:58.0192 A

################################################################################################################################################
Starting Execution:	[132 out of 143] test cases in the current suite
Test Method:		[testPackage01.Test_dragAndDrop.dragAndDropByOffset]
Test Description:	[TC002 - Test Drag and Drop by offset function.]
################################################################################################################################################
[ReportManager] Target URL: [https://jqueryui.com/resources/demos/draggable/default.html] @13-10-2021 02:01:58.0204 AM
[ReportManager] Initial URL: [data:,] @13-10-2021 02:01:58.0239 AM
[ReportManager] Browser Action [NavigateToURL] successfully performed. With the following test data [https://jqueryui.com/resources/demos/draggable/default.html]. @13-10-2021 02:01:58.0792 AM
[ReportManager] Element Action [DragAndDropByOffset] successfully performed. With the following test data [Start point: (8, 8), End point: (108, 58)]. @13-10-2021 02:01:58.0932 A
[ReportManager] Browser Action [CloseCurrentWindow] successfully performed. @13-10-2021 02:01:59.0026 AM
[ReportManager] Successfully created attachment [Browser Action Test Data - CloseCurrentWindow - Actual Value] @13-10-2021 02:01:59.0026 A
[ReportManager] File Action [GetAbsolutePath] successfully performed. With the following test data [Relative Folder Path: "target/downloadedFiles/"]. @13-10-2021 02:01:59.0027 AM
[ReportManager] Attempting to run remotely on: [Linux-64], [GoogleChrome], [http://localhost:4444/wd/hub], Headless Execution. @13-10-2021 02:01:59.0028 AM
[ReportManager] Successfully Opened [GoogleChrome]. @13-10-2021 02:01:59.0210 A

################################################################################################################################################
Starting Execution:	[133 out of 143] test cases in the current suite
Test Method:		[testPackage01.Test_clipboardActions.typeTextAndCopyPaste]
################################################################################################################################################
[ReportManager] Target URL: [https://www.google.com/ncr], and after redirection: [https://www.google.com] @13-10-2021 02:01:59.0222 AM
[ReportManager] Initial URL: [data:,] @13-10-2021 02:01:59.0256 AM
[ReportManager] Browser Action [NavigateToURL] successfully performed. With the following test data [https://www.google.com/ncr]. @13-10-2021 02:02:00.0047 AM
[ReportManager] Element Action [Type] successfully performed. With the following test data [FIRST]. @13-10-2021 02:02:00.0316 AM
[ReportManager] Element Action [ClipboardActions] successfully performed. With the following test data [select all]. @13-10-2021 02:02:00.0371 AM
[ReportManager] Element Action [ClipboardActions] successfully performed. With the following test data [copy]. @13-10-2021 02:02:00.0428 AM
[ReportManager] Element Action [ClipboardActions] successfully performed. With the following test data [unselect]. @13-10-2021 02:02:00.0476 AM
[ReportManager] Element Action [ClipboardActions] successfully performed. With the following test data [paste]. @13-10-2021 02:02:00.0524 AM
[ReportManager] Element Action [ClipboardActions] successfully performed. With the following test data [select all]. @13-10-2021 02:02:00.0566 AM
[ReportManager] Element Action [Type] successfully performed. @13-10-2021 02:02:00.0742 AM
[ReportManager] Element Action [ClipboardActions] successfully performed. With the following test data [cut]. @13-10-2021 02:02:00.0743 AM
[ReportManager] Element Action [ClipboardActions] successfully performed. With the following test data [paste]. @13-10-2021 02:02:00.0796 AM
[ReportManager] Element Action [ClipboardActions] successfully performed. With the following test data [paste]. @13-10-2021 02:02:00.0847 A
[ReportManager] Browser Action [CloseCurrentWindow] successfully performed. @13-10-2021 02:02:00.0967 AM
[ReportManager] Successfully created attachment [Browser Action Test Data - CloseCurrentWindow - Actual Value] @13-10-2021 02:02:00.0969 A
[ReportManager] File Action [GetAbsolutePath] successfully performed. With the following test data [Relative Folder Path: "target/downloadedFiles/"]. @13-10-2021 02:02:00.0970 AM
[ReportManager] Attempting to run remotely on: [Linux-64], [GoogleChrome], [http://localhost:4444/wd/hub], Headless Execution. @13-10-2021 02:02:00.0970 AM
[ReportManager] Successfully Opened [GoogleChrome]. @13-10-2021 02:02:01.0171 A

################################################################################################################################################
Starting Execution:	[134 out of 143] test cases in the current suite
Test Method:		[testPackage01.Test_dynamicLoading.dynamicLoading_elementIsHidden]
################################################################################################################################################
[ReportManager] Target URL: [https://the-internet.herokuapp.com/dynamic_loading/1] @13-10-2021 02:02:01.0189 AM
[ReportManager] Initial URL: [data:,] @13-10-2021 02:02:01.0225 AM
[ReportManager] Browser Action [NavigateToURL] successfully performed. With the following test data [https://the-internet.herokuapp.com/dynamic_loading/1]. @13-10-2021 02:02:01.0889 AM
[ReportManager] Element Action [Click] successfully performed. With the following test data [Start]. @13-10-2021 02:02:02.0169 AM
[ReportManager] Element Action [GetText] successfully performed. With the following test data [
    Hello World!
  ]. @13-10-2021 02:02:02.0255 AM
[ReportManager] Loaded Shared OpenCV @13-10-2021 02:02:02.0395 AM
[ReportManager] Assertion [ValidateElementAttribute] PASSED. Expected [Value Should be 'Hello World!' for the 'text' attribute, element locator 'By.id: finish'] and Actual [
    Hello World!
  ]. Comparison Type [CONTAINS]. Validation Type [POSITIVE]. @13-10-2021 02:02:02.0474 AM
[ReportManager] Successfully created attachment [Screenshot - 1634090522395_dynamicLoading_elementIsHidden_ValidateElementAttribute_passed] @13-10-2021 02:02:02.0475 A
[ReportManager] Browser Action [CloseCurrentWindow] successfully performed. @13-10-2021 02:02:02.0565 AM
[ReportManager] Successfully created attachment [Browser Action Test Data - CloseCurrentWindow - Actual Value] @13-10-2021 02:02:02.0565 A
[ReportManager] File Action [GetAbsolutePath] successfully performed. With the following test data [Relative Folder Path: "target/downloadedFiles/"]. @13-10-2021 02:02:02.0567 AM
[ReportManager] Attempting to run remotely on: [Linux-64], [GoogleChrome], [http://localhost:4444/wd/hub], Headless Execution. @13-10-2021 02:02:02.0567 AM
[ReportManager] Successfully Opened [GoogleChrome]. @13-10-2021 02:02:02.0735 A

################################################################################################################################################
Starting Execution:	[135 out of 143] test cases in the current suite
Test Method:		[testPackage01.Test_dynamicLoading.dynamicLoading_elementIsRendered]
################################################################################################################################################
[ReportManager] Target URL: [https://the-internet.herokuapp.com/dynamic_loading/2] @13-10-2021 02:02:02.0748 AM
[ReportManager] Initial URL: [data:,] @13-10-2021 02:02:02.0783 AM
[ReportManager] Browser Action [NavigateToURL] successfully performed. With the following test data [https://the-internet.herokuapp.com/dynamic_loading/2]. @13-10-2021 02:02:03.0464 AM
[ReportManager] Element Action [Click] successfully performed. With the following test data [Start]. @13-10-2021 02:02:03.0721 AM
[ReportManager] Element Action [GetText] successfully performed. With the following test data [Hello World!]. @13-10-2021 02:02:08.0867 AM
[ReportManager] Loaded Shared OpenCV @13-10-2021 02:02:08.0978 AM
[ReportManager] Assertion [ValidateElementAttribute] PASSED. Expected [Value Should be 'Hello World!' for the 'text' attribute, element locator 'By.id: finish'] and Actual [Hello World!]. Comparison Type [CONTAINS]. Validation Type [POSITIVE]. @13-10-2021 02:02:09.0038 AM
[ReportManager] Successfully created attachment [Screenshot - 1634090528977_dynamicLoading_elementIsRendered_ValidateElementAttribute_passed] @13-10-2021 02:02:09.0039 A
[ReportManager] Browser Action [CloseCurrentWindow] successfully performed. @13-10-2021 02:02:09.0131 AM
[ReportManager] Successfully created attachment [Browser Action Test Data - CloseCurrentWindow - Actual Value] @13-10-2021 02:02:09.0132 A
[ReportManager] File Action [GetAbsolutePath] successfully performed. With the following test data [Relative Folder Path: "target/downloadedFiles/"]. @13-10-2021 02:02:09.0134 AM
[ReportManager] Attempting to run remotely on: [Linux-64], [GoogleChrome], [http://localhost:4444/wd/hub], Headless Execution. @13-10-2021 02:02:09.0134 AM
[ReportManager] Successfully Opened [GoogleChrome]. @13-10-2021 02:02:09.0312 A

################################################################################################################################################
Starting Execution:	[136 out of 143] test cases in the current suite
Test Method:		[testPackage01.Test_uploadFile.uploadFile_invisibleUploadInput]
################################################################################################################################################
[ReportManager] Target URL: [https://fineuploader.com/demos.html#gallery-view] @13-10-2021 02:02:09.0327 AM
[ReportManager] Initial URL: [data:,] @13-10-2021 02:02:09.0367 AM
[ReportManager] Browser Action [NavigateToURL] successfully performed. With the following test data [https://fineuploader.com/demos.html#gallery-view]. @13-10-2021 02:02:11.0068 AM
[ReportManager] File Action [GetAbsolutePath] successfully performed. With the following test data [Relative File Path: "src/main/resources/images/shaft.png"]. @13-10-2021 02:02:11.0068 AM
[ReportManager] Successfully created attachment [File Action Actual Result - Command Log] @13-10-2021 02:02:11.0069 AM
[ReportManager] Element Action [TypeFileLocationForUpload] successfully performed. With the following test data [/home/runner/work/SHAFT_ENGINE/SHAFT_ENGINE/src/main/resources/images/shaft.png]. @13-10-2021 02:02:11.0248 AM
[ReportManager] Attempting to getAttribute [src] from elementLocator [By.xpath: //div[@id='fine-uploader-gallery']//div[@class='qq-thumbnail-wrapper']/img]. @13-10-2021 02:02:11.0248 AM
[ReportManager] Element Action [GetAttribute] successfully performed. @13-10-2021 02:02:11.0358 AM
[ReportManager] Successfully created attachment [Element Action Test Data - GetAttribute - Actual Value] @13-10-2021 02:02:11.0359 AM
[ReportManager] Loaded Shared OpenCV @13-10-2021 02:02:11.0489 AM
[ReportManager] Assertion [ValidateElementAttribute] PASSED. Expected and Actual values are attached. Comparison Type [CONTAINS]. Validation Type [POSITIVE]. @13-10-2021 02:02:11.0558 AM
[ReportManager] Successfully created attachment [Validation Test Data - Expected Value] @13-10-2021 02:02:11.0559 AM
[ReportManager] Successfully created attachment [Validation Test Data - Actual Value] @13-10-2021 02:02:11.0559 AM
[ReportManager] Successfully created attachment [Screenshot - 1634090531489_uploadFile_invisibleUploadInput_ValidateElementAttribute_passed] @13-10-2021 02:02:11.0560 A
[ReportManager] Browser Action [CloseCurrentWindow] successfully performed. @13-10-2021 02:02:11.0682 AM
[ReportManager] Successfully created attachment [Browser Action Test Data - CloseCurrentWindow - Actual Value] @13-10-2021 02:02:11.0685 A
[ReportManager] File Action [GetAbsolutePath] successfully performed. With the following test data [Relative Folder Path: "target/downloadedFiles/"]. @13-10-2021 02:02:11.0690 AM
[ReportManager] Attempting to run remotely on: [Linux-64], [GoogleChrome], [http://localhost:4444/wd/hub], Headless Execution. @13-10-2021 02:02:11.0690 AM
[ReportManager] Successfully Opened [GoogleChrome]. @13-10-2021 02:02:11.0901 A

################################################################################################################################################
Starting Execution:	[137 out of 143] test cases in the current suite
Test Method:		[testPackage01.Test_uploadFile.uploadFile_visibleUploadInput]
################################################################################################################################################
[ReportManager] Target URL: [http://demo.guru99.com/test/upload/] @13-10-2021 02:02:11.0917 AM
[ReportManager] Initial URL: [data:,] @13-10-2021 02:02:11.0961 AM
[ReportManager] Browser Action [NavigateToURL] successfully performed. With the following test data [http://demo.guru99.com/test/upload/]. @13-10-2021 02:02:13.0219 AM
[ReportManager] File Action [GetAbsolutePath] successfully performed. With the following test data [Relative File Path: "src/main/resources/images/shaft.png"]. @13-10-2021 02:02:13.0219 AM
[ReportManager] Successfully created attachment [File Action Actual Result - Command Log] @13-10-2021 02:02:13.0220 AM
[ReportManager] Element Action [TypeFileLocationForUpload] successfully performed. With the following test data [/home/runner/work/SHAFT_ENGINE/SHAFT_ENGINE/src/main/resources/images/shaft.png]. @13-10-2021 02:02:13.0356 AM
[ReportManager] Element Action [Click] successfully performed. With the following test data [on]. @13-10-2021 02:02:13.0634 AM
[ReportManager] Element Action [Click] successfully performed. With the following test data [Submit File]. @13-10-2021 02:02:13.0916 AM
[ReportManager] Element Action [GetText] successfully performed. With the following test data [1 file
has been successfully uploaded.]. @13-10-2021 02:02:14.0529 AM
[ReportManager] Loaded Shared OpenCV @13-10-2021 02:02:14.0644 AM
[ReportManager] Assertion [ValidateElementAttribute] PASSED. Expected [Value Should be '1 file' for the 'Text' attribute, element locator 'By.id: res'] and Actual [1 file
has been successfully uploaded.]. Comparison Type [CONTAINS]. Validation Type [POSITIVE]. @13-10-2021 02:02:14.0706 AM
[ReportManager] Successfully created attachment [Screenshot - 1634090534644_uploadFile_visibleUploadInput_ValidateElementAttribute_passed] @13-10-2021 02:02:14.0707 A
[ReportManager] Browser Action [CloseCurrentWindow] successfully performed. @13-10-2021 02:02:14.0809 AM
[ReportManager] Successfully created attachment [Browser Action Test Data - CloseCurrentWindow - Actual Value] @13-10-2021 02:02:14.0810 A

################################################################################################################################################
Starting Execution:	[138 out of 143] test cases in the current suite
Test Method:		[testPackage01.Test_SelectedValue.multipleSelect]
################################################################################################################################################
[ReportManager] File Action [GetAbsolutePath] successfully performed. With the following test data [Relative Folder Path: "target/downloadedFiles/"]. @13-10-2021 02:02:14.0815 AM
[ReportManager] Attempting to run remotely on: [Linux-64], [GoogleChrome], [http://localhost:4444/wd/hub], Headless Execution. @13-10-2021 02:02:14.0815 AM
[ReportManager] Successfully Opened [GoogleChrome]. @13-10-2021 02:02:14.0979 AM
[ReportManager] Target URL: [https://yari-demos.prod.mdn.mozit.cloud/en-US/docs/Web/HTML/Element/select/_sample_.Advanced_select_with_multiple_features.html] @13-10-2021 02:02:14.0994 AM
[ReportManager] Initial URL: [data:,] @13-10-2021 02:02:15.0029 AM
[ReportManager] Browser Action [NavigateToURL] successfully performed. With the following test data [https://yari-demos.prod.mdn.mozit.cloud/en-US/docs/Web/HTML/Element/select/_sample_.Advanced_select_with_multiple_features.html]. @13-10-2021 02:02:15.0467 AM
[ReportManager] Element Action [Select] successfully performed. With the following test data [Dog]. @13-10-2021 02:02:15.0747 AM
[ReportManager] Element Action [Select] successfully performed. With the following test data [Cat]. @13-10-2021 02:02:15.0918 AM
[ReportManager] Element Action [GetSelectedText] successfully performed. With the following test data [DogCat]. @13-10-2021 02:02:16.0030 AM
[ReportManager] DogCat @13-10-2021 02:02:16.0030 AM
[ReportManager] Element Action [GetSelectedText] successfully performed. With the following test data [DogCat]. @13-10-2021 02:02:16.0134 AM
[ReportManager] Loaded Shared OpenCV @13-10-2021 02:02:16.0236 AM
[ReportManager] Assertion [ValidateElementAttribute] PASSED. Expected [Value Should be 'DogCat' for the 'selectedText' attribute, element locator 'By.tagName: select'] and Actual [DogCat]. Comparison Type [EQUALS]. Validation Type [POSITIVE]. @13-10-2021 02:02:16.0292 AM
[ReportManager] Successfully created attachment [Screenshot - 1634090536236_multipleSelect_ValidateElementAttribute_passed] @13-10-2021 02:02:16.0293 AM
[ReportManager] Browser Action [CloseCurrentWindow] successfully performed. @13-10-2021 02:02:16.0380 AM
[ReportManager] Successfully created attachment [Browser Action Test Data - CloseCurrentWindow - Actual Value] @13-10-2021 02:02:16.0381 A

################################################################################################################################################
Starting Execution:	[139 out of 143] test cases in the current suite
Test Method:		[testPackage01.Test_SelectedValue.simpleSelect]
################################################################################################################################################
[ReportManager] File Action [GetAbsolutePath] successfully performed. With the following test data [Relative Folder Path: "target/downloadedFiles/"]. @13-10-2021 02:02:16.0387 AM
[ReportManager] Attempting to run remotely on: [Linux-64], [GoogleChrome], [http://localhost:4444/wd/hub], Headless Execution. @13-10-2021 02:02:16.0387 AM
[ReportManager] Successfully Opened [GoogleChrome]. @13-10-2021 02:02:16.0556 AM
[ReportManager] Target URL: [https://yari-demos.prod.mdn.mozit.cloud/en-US/docs/Web/HTML/Element/select/_sample_.Basic_select.html] @13-10-2021 02:02:16.0572 AM
[ReportManager] Initial URL: [data:,] @13-10-2021 02:02:16.0606 AM
[ReportManager] Browser Action [NavigateToURL] successfully performed. With the following test data [https://yari-demos.prod.mdn.mozit.cloud/en-US/docs/Web/HTML/Element/select/_sample_.Basic_select.html]. @13-10-2021 02:02:16.0974 AM
[ReportManager] Element Action [Select] successfully performed. With the following test data [Third Value]. @13-10-2021 02:02:17.0211 AM
[ReportManager] Element Action [GetSelectedText] successfully performed. With the following test data [Third Value]. @13-10-2021 02:02:17.0295 AM
[ReportManager] Third Value @13-10-2021 02:02:17.0295 AM
[ReportManager] Element Action [GetSelectedText] successfully performed. With the following test data [Third Value]. @13-10-2021 02:02:17.0374 AM
[ReportManager] Loaded Shared OpenCV @13-10-2021 02:02:17.0467 AM
[ReportManager] Assertion [ValidateElementAttribute] PASSED. Expected [Value Should be 'Third Value' for the 'selectedText' attribute, element locator 'By.tagName: select'] and Actual [Third Value]. Comparison Type [EQUALS]. Validation Type [POSITIVE]. @13-10-2021 02:02:17.0522 AM
[ReportManager] Successfully created attachment [Screenshot - 1634090537467_simpleSelect_ValidateElementAttribute_passed] @13-10-2021 02:02:17.0523 AM
[ReportManager] Browser Action [CloseCurrentWindow] successfully performed. @13-10-2021 02:02:17.0604 AM
[ReportManager] Successfully created attachment [Browser Action Test Data - CloseCurrentWindow - Actual Value] @13-10-2021 02:02:17.0605 A

################################################################################################################################################
Starting Execution:	[140 out of 143] test cases in the current suite
Test Method:		[testPackage01.Test_JSONFileManager.readStringFromJson]
################################################################################################################################################
[ReportManager] Successfully loaded the following test data file [src/test/resources/TestDataFiles/simpleJSON.json]. @13-10-2021 02:02:17.0613 AM
[ReportManager] Successfully created attachment [Test Data - JSON] @13-10-2021 02:02:17.0614 AM
[ReportManager] Assertion [ValidateEquals] PASSED. Expected [Mohab Mohie] and Actual [Mohab Mohie]. Comparison Type [EQUALS]. Validation Type [POSITIVE]. @13-10-2021 02:02:17.0626 A
[ReportManager] Successfully loaded the following test data file [src/test/resources/TestDataFiles/testSuite01/TestData.xlsx]. @13-10-2021 02:02:17.0665 AM
[ReportManager] Successfully created attachment [Test Data - Excel] @13-10-2021 02:02:17.0665 AM
[ReportManager] Attempting to run using Playwright locally on: [Linux-64], [GoogleChrome], Headless Execution. @13-10-2021 02:02:33.0143 AM
[ReportManager] File Action [GetAbsolutePath] successfully performed. With the following test data [Relative Folder Path: "target/downloadedFiles/"]. @13-10-2021 02:02:33.0145 AM
[ReportManager] Initial window size: (1280, 720) @13-10-2021 02:02:33.0420 AM
[ReportManager] Window size after Toolkit: com.microsoft.playwright.options.ViewportSize@1abea9f9 @13-10-2021 02:02:33.0427 AM
[ReportManager] Browser Action [MaximizeWindow] successfully performed. With the following test data [New screen size is now: (1920, 1080)]. @13-10-2021 02:02:33.0427 A

################################################################################################################################################
Starting Execution:	[141 out of 143] test cases in the current suite
Test Method:		[testPackage01.Test_google_playwright.navigateToURLandVerifyGoogleLogoIsDisplayed]
Test Description:	[TC001 - Navigate to URL and Verify Google Logo is Displayed]
################################################################################################################################################
[ReportManager] Target URL: [https://www.google.com/ncr], and after redirection: [https://www.google.com] @13-10-2021 02:02:33.0431 AM
[ReportManager] Initial URL: [about:blank] @13-10-2021 02:02:33.0907 AM
[ReportManager] Browser Action [NavigateToURL] successfully performed. With the following test data [https://www.google.com/ncr]. @13-10-2021 02:02:36.0122 AM
[ReportManager] Loaded Shared OpenCV @13-10-2021 02:02:36.0342 AM
[ReportManager] Assertion [ValidateElementExists] PASSED. Expected [Element Should Exist, locator 'xpath=//*[@id='hplogo' or @alt='Google']'] and Actual [Element Exists]. Comparison Type [EQUALS]. Validation Type [POSITIVE]. @13-10-2021 02:02:36.0561 AM
[ReportManager] Successfully created attachment [Screenshot - 1634090556335_navigateToURLandVerifyGoogleLogoIsDisplayed_ValidateElementExists_passed] @13-10-2021 02:02:36.0562 A

################################################################################################################################################
Starting Execution:	[142 out of 143] test cases in the current suite
Test Method:		[testPackage01.Test_google_playwright.searchForQueryandAssertResultsNumDisplayed]
Test Description:	[TC002 - Search for Query and Assert that the number of results is displayed]
################################################################################################################################################
[ReportManager] Element Action [Type] successfully performed. With the following test data [SHAFT_Engine]. @13-10-2021 02:02:36.0733 AM
[ReportManager] Element Action [KeyPress] successfully performed. With the following test data [Enter]. @13-10-2021 02:02:36.0820 AM
[ReportManager] Element Action [GetText] successfully performed. With the following test data [About 932,000 results (0.67 seconds)]. @13-10-2021 02:02:37.0688 AM
[ReportManager] Loaded Shared OpenCV @13-10-2021 02:02:39.0819 AM
[ReportManager] Assertion [ValidateElementAttribute] PASSED. Expected [Value Should not be '' for the 'text' attribute, element locator 'xpath=//div[@id='appbar']'] and Actual [About 932,000 results (0.67 seconds)]. Comparison Type [EQUALS]. Validation Type [NEGATIVE]. @13-10-2021 02:02:40.0035 AM
[ReportManager] Successfully created attachment [Screenshot - 1634090559817_searchForQueryandAssertResultsNumDisplayed_ValidateElementAttribute_passed] @13-10-2021 02:02:40.0056 A

################################################################################################################################################
Starting Execution:	[143 out of 143] test cases in the current suite
Test Method:		[testPackage01.Test_google_playwright.clickNextThrice]
Test Description:	[TC003 - Clicks the next button to make sure that the framework can scroll element into view before clicking it]
################################################################################################################################################
[ReportManager] Element Action [Click] successfully performed. With the following test data [Next]. @13-10-2021 02:02:40.0342 A
[ReportManager] Failed to find video recording. @13-10-2021 02:02:40.0347 AM
[ReportManager] Successfully Closed PlayWright Driver. @13-10-2021 02:02:40.0390 A

################################################################################################################################################
Test Closure Activities
################################################################################################################################################
[ReportManager] Successfully created attachment [SHAFT Engine Logs - Execution log] @13-10-2021 02:02:40.0425 AM

################################################################################################################################################
This test run was powered by SHAFT Engine Version: [SHAFT Engine v5.4.20211011]
SHAFT Engine is licensed under the MIT License: [https://github.com/MohabMohie/SHAFT_ENGINE/blob/master/LICENSE].
################################################################################################################################################