################################################################################################################################################
Detected SHAFT Engine Version: [SHAFT Engine v5.4.20211114-BETA]
################################################################################################################################################
[ReportManager] File Action [GetAbsolutePath] successfully performed. With the following test data [Relative Folder Path: "target/downloadedFiles/"]. @14-11-2021 01:51:39.0295 AM
[ReportManager] Attempting to run locally on: [Mac-64], [Safari], Headless Execution. @14-11-2021 01:51:39.0310 AM
[ReportManager] Successfully Opened Safari. @14-11-2021 01:51:43.0153 AM
[ReportManager] Initial window size: (800, 600) @14-11-2021 01:51:43.0232 AM
[ReportManager] Window size after SWD Maximize: (1176, 810) @14-11-2021 01:51:43.0259 AM
[ReportManager] Browser Action [MaximizeWindow] successfully performed. With the following test data [New screen size is now: (1176, 810)]. @14-11-2021 01:51:43.0273 A

################################################################################################################################################
Starting Execution:	[1 out of 146] test cases in the current suite
Test Method:		[unitTests.tests_element_elementActions.waitForElementToBePresent_false_expectedToFail]
################################################################################################################################################
[ReportManager] Target URL: [https://www.google.com/ncr], and after redirection: [www.google.com] @14-11-2021 01:51:43.0554 AM
[ReportManager] Initial URL: [] @14-11-2021 01:51:43.0617 AM
[ReportManager] Browser Action [NavigateToURL] successfully performed. With the following test data [https://www.google.com/ncr]. @14-11-2021 01:51:45.0218 AM
[ReportManager] Waiting for element to be present; elementLocator [By.xpath: //*[@id='hplogo' or @alt='Google']], numberOfTries[1], stateOfPresence[false]... @14-11-2021 01:51:45.0227 AM
[ReportManager] Element Action [WaitForElementToBePresent] failed. With the following test data [waited for the element's state of presence to be (false). Element locator (By.xpath: //*[@id='hplogo' or @alt='Google'])]. @14-11-2021 01:51:47.0719 AM
[ReportManager] Successfully created attachment [Screenshot - 1636854705282_waitForElementToBePresent_false_expectedToFail_WaitForElementToBePresent_failed] @14-11-2021 01:51:47.0732 A
[ReportManager] Browser Action [CloseCurrentWindow] successfully performed. @14-11-2021 01:51:48.0126 AM
[ReportManager] Successfully created attachment [Browser Action Test Data - CloseCurrentWindow - Actual Value] @14-11-2021 01:51:48.0128 A
[ReportManager] File Action [GetAbsolutePath] successfully performed. With the following test data [Relative Folder Path: "target/downloadedFiles/"]. @14-11-2021 01:51:48.0142 AM
[ReportManager] Attempting to run locally on: [Mac-64], [Safari], Headless Execution. @14-11-2021 01:51:48.0142 AM
[ReportManager] Successfully Opened Safari. @14-11-2021 01:51:49.0026 AM
[ReportManager] Initial window size: (800, 600) @14-11-2021 01:51:49.0049 AM
[ReportManager] Window size after SWD Maximize: (1176, 811) @14-11-2021 01:51:49.0089 AM
[ReportManager] Browser Action [MaximizeWindow] successfully performed. With the following test data [New screen size is now: (1176, 811)]. @14-11-2021 01:51:49.0090 A

################################################################################################################################################
Starting Execution:	[2 out of 146] test cases in the current suite
Test Method:		[unitTests.tests_element_elementActions.waitForElementToBePresent_false_expectedToPass]
################################################################################################################################################
[ReportManager] Target URL: [https://www.google.com/ncr], and after redirection: [www.google.com] @14-11-2021 01:51:49.0099 AM
[ReportManager] Initial URL: [] @14-11-2021 01:51:49.0148 AM
[ReportManager] Browser Action [NavigateToURL] successfully performed. With the following test data [https://www.google.com/ncr]. @14-11-2021 01:51:50.0166 AM
[ReportManager] Waiting for element to be present; elementLocator [By.id: bla], numberOfTries[1], stateOfPresence[false]... @14-11-2021 01:51:50.0167 A
[ReportManager] Browser Action [CloseCurrentWindow] successfully performed. @14-11-2021 01:51:50.0538 AM
[ReportManager] Successfully created attachment [Browser Action Test Data - CloseCurrentWindow - Actual Value] @14-11-2021 01:51:50.0540 A
[ReportManager] File Action [GetAbsolutePath] successfully performed. With the following test data [Relative Folder Path: "target/downloadedFiles/"]. @14-11-2021 01:51:50.0545 AM
[ReportManager] Attempting to run locally on: [Mac-64], [Safari], Headless Execution. @14-11-2021 01:51:50.0545 A

################################################################################################################################################
Starting Execution:	[3 out of 146] test cases in the current suite
Test Method:		[unitTests.tests_element_elementActions.waitForElementToBePresent_moreThanOneElement_expectedToFail]
###############################################################################################################################################



################################################################################################################################################
Starting Execution:	[4 out of 146] test cases in the current suite
Test Method:		[unitTests.tests_element_elementActions.waitForElementToBePresent_true_expectedToFail]
###############################################################################################################################################



################################################################################################################################################
Starting Execution:	[5 out of 146] test cases in the current suite
Test Method:		[unitTests.tests_element_elementActions.waitForElementToBePresent_true_expectedToPass]
###############################################################################################################################################

[ReportManager] File Action [GetAbsolutePath] successfully performed. With the following test data [Relative Folder Path: "target/downloadedFiles/"]. @14-11-2021 01:51:50.0651 AM
[ReportManager] Attempting to run locally on: [Mac-64], [Safari], Headless Execution. @14-11-2021 01:51:50.0655 AM
[ReportManager] Successfully Opened Safari. @14-11-2021 01:51:51.0539 AM
[ReportManager] Initial window size: (800, 600) @14-11-2021 01:51:51.0556 AM
[ReportManager] Window size after SWD Maximize: (1176, 811) @14-11-2021 01:51:51.0577 AM
[ReportManager] Browser Action [MaximizeWindow] successfully performed. With the following test data [New screen size is now: (1176, 811)]. @14-11-2021 01:51:51.0578 AM
[ReportManager] Target URL: [https://duckduckgo.com] @14-11-2021 01:51:51.0578 AM
[ReportManager] Initial URL: [] @14-11-2021 01:51:51.0649 AM
[ReportManager] Browser Action [NavigateToURL] successfully performed. With the following test data [https://duckduckgo.com]. @14-11-2021 01:51:52.0350 A

################################################################################################################################################
Starting Execution:	[6 out of 146] test cases in the current suite
Test Method:		[unitTests.tests_browserActions.fullScreenWindow]
################################################################################################################################################
[ReportManager] Initial Windows Size: 1176x811 @14-11-2021 01:51:52.0360 AM
[ReportManager] Current Windows Size after fullScreen: 1176x885 @14-11-2021 01:51:52.0603 AM
[ReportManager] Browser Action [FullScreenWindow] successfully performed. @14-11-2021 01:51:52.0663 AM
[ReportManager] Successfully created attachment [Browser Action Test Data - FullScreenWindow - Actual Value] @14-11-2021 01:51:52.0692 A
[ReportManager] Target URL: [https://duckduckgo.com] @14-11-2021 01:51:52.0696 AM
[ReportManager] Initial URL: [https://duckduckgo.com] @14-11-2021 01:51:52.0746 AM
[ReportManager] Browser Action [NavigateToURL] successfully performed. With the following test data [https://duckduckgo.com]. @14-11-2021 01:51:53.0112 AM
[ReportManager] Browser Action [CloseCurrentWindow] successfully performed. @14-11-2021 01:51:53.0790 AM
[ReportManager] Successfully created attachment [Browser Action Test Data - CloseCurrentWindow - Actual Value] @14-11-2021 01:51:53.0792 A
[ReportManager] File Action [GetAbsolutePath] successfully performed. With the following test data [Relative Folder Path: "target/downloadedFiles/"]. @14-11-2021 01:51:53.0795 AM
[ReportManager] Attempting to run locally on: [Mac-64], [Safari], Headless Execution. @14-11-2021 01:51:53.0796 AM
[ReportManager] Successfully Opened Safari. @14-11-2021 01:51:54.0613 AM
[ReportManager] Initial window size: (800, 600) @14-11-2021 01:51:54.0626 AM
[ReportManager] Window size after SWD Maximize: (1176, 811) @14-11-2021 01:51:54.0642 AM
[ReportManager] Browser Action [MaximizeWindow] successfully performed. With the following test data [New screen size is now: (1176, 811)]. @14-11-2021 01:51:54.0642 AM
[ReportManager] Target URL: [https://duckduckgo.com] @14-11-2021 01:51:54.0642 AM
[ReportManager] Initial URL: [] @14-11-2021 01:51:54.0703 AM
[ReportManager] Browser Action [NavigateToURL] successfully performed. With the following test data [https://duckduckgo.com]. @14-11-2021 01:51:55.0278 A

################################################################################################################################################
Starting Execution:	[7 out of 146] test cases in the current suite
Test Method:		[unitTests.tests_browserActions.getCurrentURL]
################################################################################################################################################
[ReportManager] Browser Action [GetCurrentURL] successfully performed. With the following test data [https://duckduckgo.com/]. @14-11-2021 01:51:55.0311 A
[ReportManager] Target URL: [https://duckduckgo.com] @14-11-2021 01:51:55.0314 AM
[ReportManager] Initial URL: [https://duckduckgo.com] @14-11-2021 01:51:55.0345 AM
[ReportManager] Browser Action [NavigateToURL] successfully performed. With the following test data [https://duckduckgo.com]. @14-11-2021 01:51:55.0622 AM
[ReportManager] Browser Action [CloseCurrentWindow] successfully performed. @14-11-2021 01:51:55.0990 AM
[ReportManager] Successfully created attachment [Browser Action Test Data - CloseCurrentWindow - Actual Value] @14-11-2021 01:51:55.0992 A
[ReportManager] File Action [GetAbsolutePath] successfully performed. With the following test data [Relative Folder Path: "target/downloadedFiles/"]. @14-11-2021 01:51:55.0996 AM
[ReportManager] Attempting to run locally on: [Mac-64], [Safari], Headless Execution. @14-11-2021 01:51:55.0996 AM
[ReportManager] Successfully Opened Safari. @14-11-2021 01:51:56.0868 AM
[ReportManager] Initial window size: (800, 600) @14-11-2021 01:51:56.0878 AM
[ReportManager] Window size after SWD Maximize: (1176, 811) @14-11-2021 01:51:56.0908 AM
[ReportManager] Browser Action [MaximizeWindow] successfully performed. With the following test data [New screen size is now: (1176, 811)]. @14-11-2021 01:51:56.0909 AM
[ReportManager] Target URL: [https://duckduckgo.com] @14-11-2021 01:51:56.0909 AM
[ReportManager] Initial URL: [] @14-11-2021 01:51:57.0004 AM
[ReportManager] Browser Action [NavigateToURL] successfully performed. With the following test data [https://duckduckgo.com]. @14-11-2021 01:51:57.0723 A

################################################################################################################################################
Starting Execution:	[8 out of 146] test cases in the current suite
Test Method:		[unitTests.tests_browserActions.getCurrentWindowTitle]
################################################################################################################################################
[ReportManager] Browser Action [GetCurrentWindowTitle] successfully performed. With the following test data [DuckDuckGo â€” Privacy, simplified.]. @14-11-2021 01:51:57.0763 A
[ReportManager] Target URL: [https://duckduckgo.com] @14-11-2021 01:51:57.0771 AM
[ReportManager] Initial URL: [https://duckduckgo.com] @14-11-2021 01:51:57.0840 AM
[ReportManager] Browser Action [NavigateToURL] successfully performed. With the following test data [https://duckduckgo.com]. @14-11-2021 01:51:58.0177 AM
[ReportManager] Browser Action [CloseCurrentWindow] successfully performed. @14-11-2021 01:51:58.0476 AM
[ReportManager] Successfully created attachment [Browser Action Test Data - CloseCurrentWindow - Actual Value] @14-11-2021 01:51:58.0477 A
[ReportManager] File Action [GetAbsolutePath] successfully performed. With the following test data [Relative Folder Path: "target/downloadedFiles/"]. @14-11-2021 01:51:58.0484 AM
[ReportManager] Attempting to run locally on: [Mac-64], [Safari], Headless Execution. @14-11-2021 01:51:58.0484 AM
[ReportManager] Successfully Opened Safari. @14-11-2021 01:51:59.0324 AM
[ReportManager] Initial window size: (800, 600) @14-11-2021 01:51:59.0347 AM
[ReportManager] Window size after SWD Maximize: (1176, 811) @14-11-2021 01:51:59.0362 AM
[ReportManager] Browser Action [MaximizeWindow] successfully performed. With the following test data [New screen size is now: (1176, 811)]. @14-11-2021 01:51:59.0362 AM
[ReportManager] Target URL: [https://duckduckgo.com] @14-11-2021 01:51:59.0363 AM
[ReportManager] Initial URL: [] @14-11-2021 01:51:59.0428 AM
[ReportManager] Browser Action [NavigateToURL] successfully performed. With the following test data [https://duckduckgo.com]. @14-11-2021 01:52:00.0198 A

################################################################################################################################################
Starting Execution:	[9 out of 146] test cases in the current suite
Test Method:		[unitTests.tests_browserActions.getPageSource]
################################################################################################################################################
[ReportManager] Browser Action [GetPageSource] successfully performed. @14-11-2021 01:52:00.0261 AM
[ReportManager] Successfully created attachment [Browser Action Test Data - GetPageSource - Actual Value] @14-11-2021 01:52:00.0262 A
[ReportManager] Target URL: [https://duckduckgo.com] @14-11-2021 01:52:00.0266 AM
[ReportManager] Initial URL: [https://duckduckgo.com] @14-11-2021 01:52:00.0321 AM
[ReportManager] Browser Action [NavigateToURL] successfully performed. With the following test data [https://duckduckgo.com]. @14-11-2021 01:52:00.0592 AM
[ReportManager] Browser Action [CloseCurrentWindow] successfully performed. @14-11-2021 01:52:00.0931 AM
[ReportManager] Successfully created attachment [Browser Action Test Data - CloseCurrentWindow - Actual Value] @14-11-2021 01:52:00.0932 A
[ReportManager] File Action [GetAbsolutePath] successfully performed. With the following test data [Relative Folder Path: "target/downloadedFiles/"]. @14-11-2021 01:52:00.0935 AM
[ReportManager] Attempting to run locally on: [Mac-64], [Safari], Headless Execution. @14-11-2021 01:52:00.0936 AM
[ReportManager] Successfully Opened Safari. @14-11-2021 01:52:01.0703 AM
[ReportManager] Initial window size: (800, 600) @14-11-2021 01:52:01.0732 AM
[ReportManager] Window size after SWD Maximize: (1176, 811) @14-11-2021 01:52:01.0764 AM
[ReportManager] Browser Action [MaximizeWindow] successfully performed. With the following test data [New screen size is now: (1176, 811)]. @14-11-2021 01:52:01.0765 AM
[ReportManager] Target URL: [https://duckduckgo.com] @14-11-2021 01:52:01.0765 AM
[ReportManager] Initial URL: [] @14-11-2021 01:52:01.0847 AM
[ReportManager] Browser Action [NavigateToURL] successfully performed. With the following test data [https://duckduckgo.com]. @14-11-2021 01:52:02.0428 A

################################################################################################################################################
Starting Execution:	[10 out of 146] test cases in the current suite
Test Method:		[unitTests.tests_browserActions.getWindowHandle]
################################################################################################################################################
[ReportManager] Browser Action [GetWindowHandle] successfully performed. With the following test data [page-C76E8821-89CC-49B7-A7AD-B3FF170BAF7B]. @14-11-2021 01:52:02.0459 A
[ReportManager] Target URL: [https://duckduckgo.com] @14-11-2021 01:52:02.0463 AM
[ReportManager] Initial URL: [https://duckduckgo.com] @14-11-2021 01:52:02.0491 AM
[ReportManager] Browser Action [NavigateToURL] successfully performed. With the following test data [https://duckduckgo.com]. @14-11-2021 01:52:02.0753 AM
[ReportManager] Browser Action [CloseCurrentWindow] successfully performed. @14-11-2021 01:52:03.0082 AM
[ReportManager] Successfully created attachment [Browser Action Test Data - CloseCurrentWindow - Actual Value] @14-11-2021 01:52:03.0083 A
[ReportManager] File Action [GetAbsolutePath] successfully performed. With the following test data [Relative Folder Path: "target/downloadedFiles/"]. @14-11-2021 01:52:03.0086 AM
[ReportManager] Attempting to run locally on: [Mac-64], [Safari], Headless Execution. @14-11-2021 01:52:03.0086 AM
[ReportManager] Successfully Opened Safari. @14-11-2021 01:52:03.0933 AM
[ReportManager] Initial window size: (800, 600) @14-11-2021 01:52:03.0941 AM
[ReportManager] Window size after SWD Maximize: (1176, 811) @14-11-2021 01:52:03.0967 AM
[ReportManager] Browser Action [MaximizeWindow] successfully performed. With the following test data [New screen size is now: (1176, 811)]. @14-11-2021 01:52:03.0968 AM
[ReportManager] Target URL: [https://duckduckgo.com] @14-11-2021 01:52:03.0968 AM
[ReportManager] Initial URL: [] @14-11-2021 01:52:04.0032 AM
[ReportManager] Browser Action [NavigateToURL] successfully performed. With the following test data [https://duckduckgo.com]. @14-11-2021 01:52:04.0715 A

################################################################################################################################################
Starting Execution:	[11 out of 146] test cases in the current suite
Test Method:		[unitTests.tests_browserActions.getWindowPosition]
################################################################################################################################################
[ReportManager] Browser Action [GetWindowPosition] successfully performed. With the following test data [(0, 23)]. @14-11-2021 01:52:04.0745 A
[ReportManager] Target URL: [https://duckduckgo.com] @14-11-2021 01:52:04.0747 AM
[ReportManager] Initial URL: [https://duckduckgo.com] @14-11-2021 01:52:04.0778 AM
[ReportManager] Browser Action [NavigateToURL] successfully performed. With the following test data [https://duckduckgo.com]. @14-11-2021 01:52:05.0058 AM
[ReportManager] Browser Action [CloseCurrentWindow] successfully performed. @14-11-2021 01:52:05.0354 AM
[ReportManager] Successfully created attachment [Browser Action Test Data - CloseCurrentWindow - Actual Value] @14-11-2021 01:52:05.0362 A
[ReportManager] File Action [GetAbsolutePath] successfully performed. With the following test data [Relative Folder Path: "target/downloadedFiles/"]. @14-11-2021 01:52:05.0365 AM
[ReportManager] Attempting to run locally on: [Mac-64], [Safari], Headless Execution. @14-11-2021 01:52:05.0366 AM
[ReportManager] Successfully Opened Safari. @14-11-2021 01:52:06.0195 AM
[ReportManager] Initial window size: (800, 600) @14-11-2021 01:52:06.0221 AM
[ReportManager] Window size after SWD Maximize: (1176, 811) @14-11-2021 01:52:06.0246 AM
[ReportManager] Browser Action [MaximizeWindow] successfully performed. With the following test data [New screen size is now: (1176, 811)]. @14-11-2021 01:52:06.0247 AM
[ReportManager] Target URL: [https://duckduckgo.com] @14-11-2021 01:52:06.0247 AM
[ReportManager] Initial URL: [] @14-11-2021 01:52:06.0326 AM
[ReportManager] Browser Action [NavigateToURL] successfully performed. With the following test data [https://duckduckgo.com]. @14-11-2021 01:52:06.0966 A

################################################################################################################################################
Starting Execution:	[12 out of 146] test cases in the current suite
Test Method:		[unitTests.tests_browserActions.getWindowSize]
################################################################################################################################################
[ReportManager] Browser Action [GetWindowSize] successfully performed. With the following test data [(1176, 811)]. @14-11-2021 01:52:06.0991 A
[ReportManager] Target URL: [https://duckduckgo.com] @14-11-2021 01:52:06.0993 AM
[ReportManager] Initial URL: [https://duckduckgo.com] @14-11-2021 01:52:07.0026 AM
[ReportManager] Browser Action [NavigateToURL] successfully performed. With the following test data [https://duckduckgo.com]. @14-11-2021 01:52:07.0299 AM
[ReportManager] Browser Action [CloseCurrentWindow] successfully performed. @14-11-2021 01:52:07.0595 AM
[ReportManager] Successfully created attachment [Browser Action Test Data - CloseCurrentWindow - Actual Value] @14-11-2021 01:52:07.0596 A
[ReportManager] File Action [GetAbsolutePath] successfully performed. With the following test data [Relative Folder Path: "target/downloadedFiles/"]. @14-11-2021 01:52:07.0599 AM
[ReportManager] Attempting to run locally on: [Mac-64], [Safari], Headless Execution. @14-11-2021 01:52:07.0600 AM
[ReportManager] Successfully Opened Safari. @14-11-2021 01:52:08.0396 AM
[ReportManager] Initial window size: (800, 600) @14-11-2021 01:52:08.0410 AM
[ReportManager] Window size after SWD Maximize: (1176, 811) @14-11-2021 01:52:08.0435 AM
[ReportManager] Browser Action [MaximizeWindow] successfully performed. With the following test data [New screen size is now: (1176, 811)]. @14-11-2021 01:52:08.0436 AM
[ReportManager] Target URL: [https://duckduckgo.com] @14-11-2021 01:52:08.0436 AM
[ReportManager] Initial URL: [] @14-11-2021 01:52:08.0505 AM
[ReportManager] Browser Action [NavigateToURL] successfully performed. With the following test data [https://duckduckgo.com]. @14-11-2021 01:52:09.0055 A

################################################################################################################################################
Starting Execution:	[13 out of 146] test cases in the current suite
Test Method:		[unitTests.tests_browserActions.maximizeWindow]
################################################################################################################################################
[ReportManager] Initial window size: (1176, 811) @14-11-2021 01:52:09.0065 AM
[ReportManager] Window size after SWD Maximize: (1176, 811) @14-11-2021 01:52:09.0072 AM
[ReportManager] Window size after Toolkit: (1920, 1080) @14-11-2021 01:52:09.0104 AM
[ReportManager] Browser Action [MaximizeWindow] successfully performed. With the following test data [New screen size is now: (1920, 1080)]. @14-11-2021 01:52:09.0107 A
[ReportManager] Target URL: [https://duckduckgo.com] @14-11-2021 01:52:09.0109 AM
[ReportManager] Initial URL: [https://duckduckgo.com] @14-11-2021 01:52:09.0151 AM
[ReportManager] Browser Action [NavigateToURL] successfully performed. With the following test data [https://duckduckgo.com]. @14-11-2021 01:52:09.0423 AM
[ReportManager] Browser Action [CloseCurrentWindow] successfully performed. @14-11-2021 01:52:09.0739 AM
[ReportManager] Successfully created attachment [Browser Action Test Data - CloseCurrentWindow - Actual Value] @14-11-2021 01:52:09.0740 A
[ReportManager] File Action [GetAbsolutePath] successfully performed. With the following test data [Relative Folder Path: "target/downloadedFiles/"]. @14-11-2021 01:52:09.0743 AM
[ReportManager] Attempting to run locally on: [Mac-64], [Safari], Headless Execution. @14-11-2021 01:52:09.0743 AM
[ReportManager] Successfully Opened Safari. @14-11-2021 01:52:10.0513 AM
[ReportManager] Initial window size: (800, 600) @14-11-2021 01:52:10.0543 AM
[ReportManager] Window size after SWD Maximize: (1176, 811) @14-11-2021 01:52:10.0579 AM
[ReportManager] Browser Action [MaximizeWindow] successfully performed. With the following test data [New screen size is now: (1176, 811)]. @14-11-2021 01:52:10.0580 AM
[ReportManager] Target URL: [https://duckduckgo.com] @14-11-2021 01:52:10.0580 AM
[ReportManager] Initial URL: [] @14-11-2021 01:52:10.0652 AM
[ReportManager] Browser Action [NavigateToURL] successfully performed. With the following test data [https://duckduckgo.com]. @14-11-2021 01:52:11.0287 A

################################################################################################################################################
Starting Execution:	[14 out of 146] test cases in the current suite
Test Method:		[unitTests.tests_browserActions.navigateBack]
################################################################################################################################################
[ReportManager] Target URL: [https://www.google.com/ncr], and after redirection: [https://www.google.com] @14-11-2021 01:52:11.0291 AM
[ReportManager] Initial URL: [https://duckduckgo.com] @14-11-2021 01:52:11.0322 AM
[ReportManager] Browser Action [NavigateToURL] successfully performed. With the following test data [https://www.google.com/ncr]. @14-11-2021 01:52:12.0584 AM
[ReportManager] Browser Action [NavigateBack] successfully performed. With the following test data [https://duckduckgo.com/]. @14-11-2021 01:52:12.0740 AM
[ReportManager] Browser Action [GetCurrentURL] successfully performed. With the following test data [https://duckduckgo.com/]. @14-11-2021 01:52:12.0766 AM
[ReportManager] Assertion Passed: Confirming that navigating back was successful @14-11-2021 01:52:12.0935 AM
[ReportManager] Successfully created attachment [Screenshot - 1636854732800_navigateBack_ValidateBrowserAttribute_passed] @14-11-2021 01:52:12.0939 AM
[ReportManager] Assertion [ValidateBrowserAttribute] PASSED. Expected [Value Should be 'https://duckduckgo.com' for the 'CurrentUrl' attribute] and Actual [https://duckduckgo.com/]. Comparison Type [CONTAINS]. Validation Type [POSITIVE]. @14-11-2021 01:52:12.0939 A
[ReportManager] Target URL: [https://duckduckgo.com] @14-11-2021 01:52:12.0944 AM
[ReportManager] Initial URL: [https://duckduckgo.com] @14-11-2021 01:52:12.0989 AM
[ReportManager] Browser Action [NavigateToURL] successfully performed. With the following test data [https://duckduckgo.com]. @14-11-2021 01:52:13.0308 AM
[ReportManager] Browser Action [CloseCurrentWindow] successfully performed. @14-11-2021 01:52:13.0543 AM
[ReportManager] Successfully created attachment [Browser Action Test Data - CloseCurrentWindow - Actual Value] @14-11-2021 01:52:13.0544 A
[ReportManager] File Action [GetAbsolutePath] successfully performed. With the following test data [Relative Folder Path: "target/downloadedFiles/"]. @14-11-2021 01:52:13.0547 AM
[ReportManager] Attempting to run locally on: [Mac-64], [Safari], Headless Execution. @14-11-2021 01:52:13.0548 AM
[ReportManager] Successfully Opened Safari. @14-11-2021 01:52:14.0327 AM
[ReportManager] Initial window size: (800, 600) @14-11-2021 01:52:14.0341 AM
[ReportManager] Window size after SWD Maximize: (1176, 811) @14-11-2021 01:52:14.0361 AM
[ReportManager] Browser Action [MaximizeWindow] successfully performed. With the following test data [New screen size is now: (1176, 811)]. @14-11-2021 01:52:14.0362 AM
[ReportManager] Target URL: [https://duckduckgo.com] @14-11-2021 01:52:14.0362 AM
[ReportManager] Initial URL: [] @14-11-2021 01:52:14.0413 AM
[ReportManager] Browser Action [NavigateToURL] successfully performed. With the following test data [https://duckduckgo.com]. @14-11-2021 01:52:15.0061 A

################################################################################################################################################
Starting Execution:	[15 out of 146] test cases in the current suite
Test Method:		[unitTests.tests_browserActions.navigateForward]
################################################################################################################################################
[ReportManager] Target URL: [https://www.google.com/ncr], and after redirection: [https://www.google.com] @14-11-2021 01:52:15.0078 AM
[ReportManager] Initial URL: [https://duckduckgo.com] @14-11-2021 01:52:15.0107 AM
[ReportManager] Browser Action [NavigateToURL] successfully performed. With the following test data [https://www.google.com/ncr]. @14-11-2021 01:52:16.0410 AM
[ReportManager] Browser Action [NavigateBack] successfully performed. With the following test data [https://duckduckgo.com/]. @14-11-2021 01:52:16.0541 AM
[ReportManager] Browser Action [NavigateForward] successfully performed. With the following test data [https://www.google.com/]. @14-11-2021 01:52:16.0719 A
[ReportManager] Target URL: [https://duckduckgo.com] @14-11-2021 01:52:16.0724 AM
[ReportManager] Initial URL: [https://www.google.com] @14-11-2021 01:52:16.0753 AM
[ReportManager] Browser Action [NavigateToURL] successfully performed. With the following test data [https://duckduckgo.com]. @14-11-2021 01:52:17.0049 AM
[ReportManager] Browser Action [CloseCurrentWindow] successfully performed. @14-11-2021 01:52:17.0390 AM
[ReportManager] Successfully created attachment [Browser Action Test Data - CloseCurrentWindow - Actual Value] @14-11-2021 01:52:17.0391 A
[ReportManager] File Action [GetAbsolutePath] successfully performed. With the following test data [Relative Folder Path: "target/downloadedFiles/"]. @14-11-2021 01:52:17.0394 AM
[ReportManager] Attempting to run locally on: [Mac-64], [Safari], Headless Execution. @14-11-2021 01:52:17.0394 AM
[ReportManager] Successfully Opened Safari. @14-11-2021 01:52:18.0235 AM
[ReportManager] Initial window size: (800, 600) @14-11-2021 01:52:18.0259 AM
[ReportManager] Window size after SWD Maximize: (1176, 811) @14-11-2021 01:52:18.0272 AM
[ReportManager] Browser Action [MaximizeWindow] successfully performed. With the following test data [New screen size is now: (1176, 811)]. @14-11-2021 01:52:18.0273 AM
[ReportManager] Target URL: [https://duckduckgo.com] @14-11-2021 01:52:18.0273 AM
[ReportManager] Initial URL: [] @14-11-2021 01:52:18.0347 AM
[ReportManager] Browser Action [NavigateToURL] successfully performed. With the following test data [https://duckduckgo.com]. @14-11-2021 01:52:19.0427 A

################################################################################################################################################
Starting Execution:	[16 out of 146] test cases in the current suite
Test Method:		[unitTests.tests_browserActions.navigateToURL]
################################################################################################################################################
[ReportManager] Target URL: [https://duckduckgo.com] @14-11-2021 01:52:19.0462 AM
[ReportManager] Initial URL: [https://duckduckgo.com] @14-11-2021 01:52:19.0529 AM
[ReportManager] Browser Action [NavigateToURL] successfully performed. With the following test data [https://duckduckgo.com]. @14-11-2021 01:52:19.0826 A
[ReportManager] Target URL: [https://duckduckgo.com] @14-11-2021 01:52:19.0830 AM
[ReportManager] Initial URL: [https://duckduckgo.com] @14-11-2021 01:52:19.0861 AM
[ReportManager] Browser Action [NavigateToURL] successfully performed. With the following test data [https://duckduckgo.com]. @14-11-2021 01:52:20.0201 AM
[ReportManager] Browser Action [CloseCurrentWindow] successfully performed. @14-11-2021 01:52:20.0442 AM
[ReportManager] Successfully created attachment [Browser Action Test Data - CloseCurrentWindow - Actual Value] @14-11-2021 01:52:20.0483 A
[ReportManager] File Action [GetAbsolutePath] successfully performed. With the following test data [Relative Folder Path: "target/downloadedFiles/"]. @14-11-2021 01:52:20.0610 AM
[ReportManager] Attempting to run locally on: [Mac-64], [Safari], Headless Execution. @14-11-2021 01:52:20.0610 AM
[ReportManager] Successfully Opened Safari. @14-11-2021 01:52:21.0495 AM
[ReportManager] Initial window size: (800, 600) @14-11-2021 01:52:21.0519 AM
[ReportManager] Window size after SWD Maximize: (1176, 811) @14-11-2021 01:52:21.0537 AM
[ReportManager] Browser Action [MaximizeWindow] successfully performed. With the following test data [New screen size is now: (1176, 811)]. @14-11-2021 01:52:21.0537 AM
[ReportManager] Target URL: [https://duckduckgo.com] @14-11-2021 01:52:21.0537 AM
[ReportManager] Initial URL: [] @14-11-2021 01:52:21.0604 AM
[ReportManager] Browser Action [NavigateToURL] successfully performed. With the following test data [https://duckduckgo.com]. @14-11-2021 01:52:22.0218 A

################################################################################################################################################
Starting Execution:	[17 out of 146] test cases in the current suite
Test Method:		[unitTests.tests_browserActions.navigateToURLWithRedirection]
################################################################################################################################################
[ReportManager] Target URL: [https://www.google.com/ncr], and after redirection: [https://www.google.com] @14-11-2021 01:52:22.0345 AM
[ReportManager] Initial URL: [https://duckduckgo.com] @14-11-2021 01:52:22.0378 AM
[ReportManager] Browser Action [NavigateToURL] successfully performed. With the following test data [https://www.google.com/ncr]. @14-11-2021 01:52:23.0278 A
[ReportManager] Target URL: [https://duckduckgo.com] @14-11-2021 01:52:23.0402 AM
[ReportManager] Initial URL: [https://www.google.com] @14-11-2021 01:52:23.0434 AM
[ReportManager] Browser Action [NavigateToURL] successfully performed. With the following test data [https://duckduckgo.com]. @14-11-2021 01:52:23.0749 AM
[ReportManager] Browser Action [CloseCurrentWindow] successfully performed. @14-11-2021 01:52:24.0060 AM
[ReportManager] Successfully created attachment [Browser Action Test Data - CloseCurrentWindow - Actual Value] @14-11-2021 01:52:24.0102 A
[ReportManager] File Action [GetAbsolutePath] successfully performed. With the following test data [Relative Folder Path: "target/downloadedFiles/"]. @14-11-2021 01:52:24.0228 AM
[ReportManager] Attempting to run locally on: [Mac-64], [Safari], Headless Execution. @14-11-2021 01:52:24.0229 AM
[ReportManager] Successfully Opened Safari. @14-11-2021 01:52:25.0094 AM
[ReportManager] Initial window size: (800, 600) @14-11-2021 01:52:25.0102 AM
[ReportManager] Window size after SWD Maximize: (1176, 811) @14-11-2021 01:52:25.0113 AM
[ReportManager] Browser Action [MaximizeWindow] successfully performed. With the following test data [New screen size is now: (1176, 811)]. @14-11-2021 01:52:25.0122 AM
[ReportManager] Target URL: [https://duckduckgo.com] @14-11-2021 01:52:25.0124 AM
[ReportManager] Initial URL: [] @14-11-2021 01:52:25.0171 AM
[ReportManager] Browser Action [NavigateToURL] successfully performed. With the following test data [https://duckduckgo.com]. @14-11-2021 01:52:25.0736 A

################################################################################################################################################
Starting Execution:	[18 out of 146] test cases in the current suite
Test Method:		[unitTests.tests_browserActions.refreshCurrentPage]
################################################################################################################################################
[ReportManager] Browser Action [RefreshCurrentPage] successfully performed. @14-11-2021 01:52:26.0068 AM
[ReportManager] Successfully created attachment [Browser Action Test Data - RefreshCurrentPage - Actual Value] @14-11-2021 01:52:26.0109 A
[ReportManager] Target URL: [https://duckduckgo.com] @14-11-2021 01:52:26.0234 AM
[ReportManager] Initial URL: [https://duckduckgo.com] @14-11-2021 01:52:26.0268 AM
[ReportManager] Browser Action [NavigateToURL] successfully performed. With the following test data [https://duckduckgo.com]. @14-11-2021 01:52:26.0554 AM
[ReportManager] Browser Action [CloseCurrentWindow] successfully performed. @14-11-2021 01:52:26.0912 AM
[ReportManager] Successfully created attachment [Browser Action Test Data - CloseCurrentWindow - Actual Value] @14-11-2021 01:52:26.0953 A
[ReportManager] File Action [GetAbsolutePath] successfully performed. With the following test data [Relative Folder Path: "target/downloadedFiles/"]. @14-11-2021 01:52:27.0080 AM
[ReportManager] Attempting to run locally on: [Mac-64], [Safari], Headless Execution. @14-11-2021 01:52:27.0080 AM
[ReportManager] Successfully Opened Safari. @14-11-2021 01:52:27.0916 AM
[ReportManager] Initial window size: (800, 600) @14-11-2021 01:52:27.0929 AM
[ReportManager] Window size after SWD Maximize: (1176, 811) @14-11-2021 01:52:27.0957 AM
[ReportManager] Browser Action [MaximizeWindow] successfully performed. With the following test data [New screen size is now: (1176, 811)]. @14-11-2021 01:52:27.0957 AM
[ReportManager] Target URL: [https://duckduckgo.com] @14-11-2021 01:52:27.0957 AM
[ReportManager] Initial URL: [] @14-11-2021 01:52:28.0018 AM
[ReportManager] Browser Action [NavigateToURL] successfully performed. With the following test data [https://duckduckgo.com]. @14-11-2021 01:52:28.0570 A

################################################################################################################################################
Starting Execution:	[19 out of 146] test cases in the current suite
Test Method:		[unitTests.tests_browserActions.setWindowSize]
################################################################################################################################################
[ReportManager] Initial window size: (1176, 811) @14-11-2021 01:52:28.0702 AM
[ReportManager] Window size after SWD: (1280, 720) @14-11-2021 01:52:28.0744 AM
[ReportManager] Browser Action [SetWindowSize] successfully performed. With the following test data [New screen size is now: (1280, 720)]. @14-11-2021 01:52:28.0745 A
[ReportManager] Target URL: [https://duckduckgo.com] @14-11-2021 01:52:28.0871 AM
[ReportManager] Initial URL: [https://duckduckgo.com] @14-11-2021 01:52:28.0901 AM
[ReportManager] Browser Action [NavigateToURL] successfully performed. With the following test data [https://duckduckgo.com]. @14-11-2021 01:52:29.0226 AM
[ReportManager] Browser Action [CloseCurrentWindow] successfully performed. @14-11-2021 01:52:29.0534 AM
[ReportManager] Successfully created attachment [Browser Action Test Data - CloseCurrentWindow - Actual Value] @14-11-2021 01:52:29.0575 A
[ReportManager] Successfully loaded the following test data file [src/test/resources/TestDataFiles/testSuite01/TestData.xlsx]. @14-11-2021 01:52:31.0256 AM
[ReportManager] Successfully created attachment [Test Data - Excel] @14-11-2021 01:52:31.0256 A

################################################################################################################################################
Starting Execution:	[20 out of 146] test cases in the current suite
Test Method:		[unitTests.tests_io_excelFileManager.getCellData_rowName_expectedToPass]
################################################################################################################################################
[ReportManager] testRowData. @14-11-2021 01:52:31.0281 A

################################################################################################################################################
Starting Execution:	[21 out of 146] test cases in the current suite
Test Method:		[unitTests.tests_validations_assertions.assertComparativeRelation_greaterThanOrEquals_false_equals_expectedToFail]
################################################################################################################################################
[ReportManager] Assertion [ValidateComparativeRelation] FAILED. Expected [1] and Actual [1]. Comparison Type [GREATER_THAN_OR_EQUALS]. Validation Type [NEGATIVE]. @14-11-2021 01:52:31.0410 A

################################################################################################################################################
Starting Execution:	[22 out of 146] test cases in the current suite
Test Method:		[unitTests.tests_validations_assertions.assertComparativeRelation_greaterThanOrEquals_false_equals_expectedToPass]
################################################################################################################################################
[ReportManager] Assertion [ValidateComparativeRelation] PASSED. Expected [2] and Actual [1]. Comparison Type [GREATER_THAN_OR_EQUALS]. Validation Type [NEGATIVE]. @14-11-2021 01:52:31.0617 A

################################################################################################################################################
Starting Execution:	[23 out of 146] test cases in the current suite
Test Method:		[unitTests.tests_validations_assertions.assertComparativeRelation_greaterThanOrEquals_false_greaterThan_expectedToFail]
################################################################################################################################################
[ReportManager] Assertion [ValidateComparativeRelation] FAILED. Expected [1] and Actual [2]. Comparison Type [GREATER_THAN_OR_EQUALS]. Validation Type [NEGATIVE]. @14-11-2021 01:52:31.0753 A

################################################################################################################################################
Starting Execution:	[24 out of 146] test cases in the current suite
Test Method:		[unitTests.tests_validations_assertions.assertComparativeRelation_greaterThanOrEquals_false_greaterThan_expectedToPass]
################################################################################################################################################
[ReportManager] Assertion [ValidateComparativeRelation] PASSED. Expected [2] and Actual [1]. Comparison Type [GREATER_THAN_OR_EQUALS]. Validation Type [NEGATIVE]. @14-11-2021 01:52:31.0882 A

################################################################################################################################################
Starting Execution:	[25 out of 146] test cases in the current suite
Test Method:		[unitTests.tests_validations_assertions.assertComparativeRelation_greaterThanOrEquals_true_equals_expectedToFail]
################################################################################################################################################
[ReportManager] Assertion [ValidateComparativeRelation] FAILED. Expected [1] and Actual [0]. Comparison Type [GREATER_THAN_OR_EQUALS]. Validation Type [POSITIVE]. @14-11-2021 01:52:31.0972 A

################################################################################################################################################
Starting Execution:	[26 out of 146] test cases in the current suite
Test Method:		[unitTests.tests_validations_assertions.assertComparativeRelation_greaterThanOrEquals_true_equals_expectedToPass]
################################################################################################################################################
[ReportManager] Assertion [ValidateComparativeRelation] PASSED. Expected [1] and Actual [1]. Comparison Type [GREATER_THAN_OR_EQUALS]. Validation Type [POSITIVE]. @14-11-2021 01:52:31.0986 A

################################################################################################################################################
Starting Execution:	[27 out of 146] test cases in the current suite
Test Method:		[unitTests.tests_validations_assertions.assertComparativeRelation_greaterThanOrEquals_true_greaterThan_expectedToFail]
################################################################################################################################################
[ReportManager] Assertion [ValidateComparativeRelation] FAILED. Expected [2] and Actual [1]. Comparison Type [GREATER_THAN_OR_EQUALS]. Validation Type [POSITIVE]. @14-11-2021 01:52:31.0997 A

################################################################################################################################################
Starting Execution:	[28 out of 146] test cases in the current suite
Test Method:		[unitTests.tests_validations_assertions.assertComparativeRelation_greaterThanOrEquals_true_greaterThan_expectedToPass]
################################################################################################################################################
[ReportManager] Assertion [ValidateComparativeRelation] PASSED. Expected [1] and Actual [2]. Comparison Type [GREATER_THAN_OR_EQUALS]. Validation Type [POSITIVE]. @14-11-2021 01:52:32.0033 A
[ReportManager] File Action [GetAbsolutePath] successfully performed. With the following test data [Relative Folder Path: "target/downloadedFiles/"]. @14-11-2021 01:52:32.0158 AM
[ReportManager] Attempting to run locally on: [Mac-64], [Safari], Headless Execution. @14-11-2021 01:52:32.0158 AM
[ReportManager] Successfully Opened Safari. @14-11-2021 01:52:33.0107 AM
[ReportManager] Initial window size: (800, 600) @14-11-2021 01:52:33.0128 AM
[ReportManager] Window size after SWD Maximize: (1176, 811) @14-11-2021 01:52:33.0140 AM
[ReportManager] Browser Action [MaximizeWindow] successfully performed. With the following test data [New screen size is now: (1176, 811)]. @14-11-2021 01:52:33.0140 AM
[ReportManager] Target URL: [https://www.google.com/ncr], and after redirection: [www.google.com] @14-11-2021 01:52:33.0141 AM
[ReportManager] Initial URL: [] @14-11-2021 01:52:33.0226 AM
[ReportManager] Browser Action [NavigateToURL] successfully performed. With the following test data [https://www.google.com/ncr]. @14-11-2021 01:52:34.0226 A

################################################################################################################################################
Starting Execution:	[29 out of 146] test cases in the current suite
Test Method:		[unitTests.tests_validations_assertions.assertElementAttribute_false_caseInsensitiveComparison_expectedToFail]
################################################################################################################################################
[ReportManager] Element Action [Type] successfully performed. With the following test data [AUTOMATION]. @14-11-2021 01:52:34.0848 AM
[ReportManager] Element Action [GetText] successfully performed. With the following test data [AUTOMATION]. @14-11-2021 01:52:34.0936 AM
[ReportManager] Loaded Shared OpenCV @14-11-2021 01:52:40.0276 AM
[ReportManager] Assertion [ValidateElementAttribute] FAILED. Expected [Value Should not be 'AutomaTion' for the 'text' attribute, element locator 'By.name: q'] and Actual [AUTOMATION]. Comparison Type [CASE_INSENSITIVE]. Validation Type [NEGATIVE]. @14-11-2021 01:52:40.0770 AM
[ReportManager] Successfully created attachment [Screenshot - 1636854755018_assertElementAttribute_false_caseInsensitiveComparison_expectedToFail_ValidateElementAttribute_failed] @14-11-2021 01:52:40.0778 A
[ReportManager] Browser Action [CloseCurrentWindow] successfully performed. @14-11-2021 01:52:40.0910 AM
[ReportManager] Successfully created attachment [Browser Action Test Data - CloseCurrentWindow - Actual Value] @14-11-2021 01:52:40.0952 A
[ReportManager] File Action [GetAbsolutePath] successfully performed. With the following test data [Relative Folder Path: "target/downloadedFiles/"]. @14-11-2021 01:52:41.0080 AM
[ReportManager] Attempting to run locally on: [Mac-64], [Safari], Headless Execution. @14-11-2021 01:52:41.0080 AM
[ReportManager] Successfully Opened Safari. @14-11-2021 01:52:41.0877 AM
[ReportManager] Initial window size: (800, 600) @14-11-2021 01:52:41.0896 AM
[ReportManager] Window size after SWD Maximize: (1176, 811) @14-11-2021 01:52:41.0906 AM
[ReportManager] Browser Action [MaximizeWindow] successfully performed. With the following test data [New screen size is now: (1176, 811)]. @14-11-2021 01:52:41.0907 AM
[ReportManager] Target URL: [https://www.google.com/ncr], and after redirection: [www.google.com] @14-11-2021 01:52:41.0907 AM
[ReportManager] Initial URL: [] @14-11-2021 01:52:41.0958 AM
[ReportManager] Browser Action [NavigateToURL] successfully performed. With the following test data [https://www.google.com/ncr]. @14-11-2021 01:52:43.0217 A

################################################################################################################################################
Starting Execution:	[30 out of 146] test cases in the current suite
Test Method:		[unitTests.tests_validations_assertions.assertElementAttribute_false_caseInsensitiveComparison_expectedToPass]
################################################################################################################################################
[ReportManager] Element Action [Type] successfully performed. With the following test data [AUTOMATION]. @14-11-2021 01:52:43.0705 AM
[ReportManager] Element Action [GetText] successfully performed. With the following test data [AUTOMATION]. @14-11-2021 01:52:43.0771 AM
[ReportManager] Loaded Shared OpenCV @14-11-2021 01:52:43.0830 AM
[ReportManager] Assertion [ValidateElementAttribute] PASSED. Expected [Value Should not be 'AutomaTion123' for the 'text' attribute, element locator 'By.name: q'] and Actual [AUTOMATION]. Comparison Type [CASE_INSENSITIVE]. Validation Type [NEGATIVE]. @14-11-2021 01:52:44.0111 AM
[ReportManager] Successfully created attachment [Screenshot - 1636854763830_assertElementAttribute_false_caseInsensitiveComparison_expectedToPass_ValidateElementAttribute_passed] @14-11-2021 01:52:44.0195 A
[ReportManager] Browser Action [CloseCurrentWindow] successfully performed. @14-11-2021 01:52:44.0377 AM
[ReportManager] Successfully created attachment [Browser Action Test Data - CloseCurrentWindow - Actual Value] @14-11-2021 01:52:44.0419 A
[ReportManager] File Action [GetAbsolutePath] successfully performed. With the following test data [Relative Folder Path: "target/downloadedFiles/"]. @14-11-2021 01:52:44.0550 AM
[ReportManager] Attempting to run locally on: [Mac-64], [Safari], Headless Execution. @14-11-2021 01:52:44.0551 AM
[ReportManager] Successfully Opened Safari. @14-11-2021 01:52:45.0437 AM
[ReportManager] Initial window size: (800, 600) @14-11-2021 01:52:45.0469 AM
[ReportManager] Window size after SWD Maximize: (1176, 811) @14-11-2021 01:52:45.0533 AM
[ReportManager] Browser Action [MaximizeWindow] successfully performed. With the following test data [New screen size is now: (1176, 811)]. @14-11-2021 01:52:45.0534 AM
[ReportManager] Target URL: [https://www.google.com/ncr], and after redirection: [www.google.com] @14-11-2021 01:52:45.0534 AM
[ReportManager] Initial URL: [] @14-11-2021 01:52:45.0597 AM
[ReportManager] Browser Action [NavigateToURL] successfully performed. With the following test data [https://www.google.com/ncr]. @14-11-2021 01:52:46.0870 A

################################################################################################################################################
Starting Execution:	[31 out of 146] test cases in the current suite
Test Method:		[unitTests.tests_validations_assertions.assertElementAttribute_false_containsComparison_expectedToFail]
################################################################################################################################################
[ReportManager] Element Action [Type] successfully performed. With the following test data [Automation123]. @14-11-2021 01:52:47.0419 AM
[ReportManager] Element Action [GetText] successfully performed. With the following test data [Automation123]. @14-11-2021 01:52:47.0481 AM
[ReportManager] Loaded Shared OpenCV @14-11-2021 01:52:47.0533 AM
[ReportManager] Assertion [ValidateElementAttribute] FAILED. Expected [Value Should not be 'Automation' for the 'text' attribute, element locator 'By.name: q'] and Actual [Automation123]. Comparison Type [CONTAINS]. Validation Type [NEGATIVE]. @14-11-2021 01:52:47.0800 AM
[ReportManager] Successfully created attachment [Screenshot - 1636854767533_assertElementAttribute_false_containsComparison_expectedToFail_ValidateElementAttribute_failed] @14-11-2021 01:52:47.0885 A
[ReportManager] Browser Action [CloseCurrentWindow] successfully performed. @14-11-2021 01:52:48.0157 AM
[ReportManager] Successfully created attachment [Browser Action Test Data - CloseCurrentWindow - Actual Value] @14-11-2021 01:52:48.0199 A
[ReportManager] File Action [GetAbsolutePath] successfully performed. With the following test data [Relative Folder Path: "target/downloadedFiles/"]. @14-11-2021 01:52:48.0325 AM
[ReportManager] Attempting to run locally on: [Mac-64], [Safari], Headless Execution. @14-11-2021 01:52:48.0325 AM
[ReportManager] Successfully Opened Safari. @14-11-2021 01:52:49.0175 AM
[ReportManager] Initial window size: (800, 600) @14-11-2021 01:52:49.0208 AM
[ReportManager] Window size after SWD Maximize: (1176, 811) @14-11-2021 01:52:49.0228 AM
[ReportManager] Browser Action [MaximizeWindow] successfully performed. With the following test data [New screen size is now: (1176, 811)]. @14-11-2021 01:52:49.0229 AM
[ReportManager] Target URL: [https://www.google.com/ncr], and after redirection: [www.google.com] @14-11-2021 01:52:49.0229 AM
[ReportManager] Initial URL: [] @14-11-2021 01:52:49.0300 AM
[ReportManager] Browser Action [NavigateToURL] successfully performed. With the following test data [https://www.google.com/ncr]. @14-11-2021 01:52:50.0079 A

################################################################################################################################################
Starting Execution:	[32 out of 146] test cases in the current suite
Test Method:		[unitTests.tests_validations_assertions.assertElementAttribute_false_containsComparison_expectedToPass]
################################################################################################################################################
[ReportManager] Element Action [Type] successfully performed. With the following test data [Automation123]. @14-11-2021 01:52:50.0838 AM
[ReportManager] Element Action [GetText] successfully performed. With the following test data [Automation123]. @14-11-2021 01:52:50.0896 AM
[ReportManager] Loaded Shared OpenCV @14-11-2021 01:52:50.0951 AM
[ReportManager] Assertion [ValidateElementAttribute] PASSED. Expected [Value Should not be 'Automation1234' for the 'text' attribute, element locator 'By.name: q'] and Actual [Automation123]. Comparison Type [CONTAINS]. Validation Type [NEGATIVE]. @14-11-2021 01:52:51.0224 AM
[ReportManager] Successfully created attachment [Screenshot - 1636854770951_assertElementAttribute_false_containsComparison_expectedToPass_ValidateElementAttribute_passed] @14-11-2021 01:52:51.0307 A
[ReportManager] Browser Action [CloseCurrentWindow] successfully performed. @14-11-2021 01:52:51.0759 AM
[ReportManager] Successfully created attachment [Browser Action Test Data - CloseCurrentWindow - Actual Value] @14-11-2021 01:52:51.0801 A
[ReportManager] File Action [GetAbsolutePath] successfully performed. With the following test data [Relative Folder Path: "target/downloadedFiles/"]. @14-11-2021 01:52:51.0927 AM
[ReportManager] Attempting to run locally on: [Mac-64], [Safari], Headless Execution. @14-11-2021 01:52:51.0927 AM
[ReportManager] Successfully Opened Safari. @14-11-2021 01:52:52.0720 AM
[ReportManager] Initial window size: (800, 600) @14-11-2021 01:52:52.0742 AM
[ReportManager] Window size after SWD Maximize: (1176, 811) @14-11-2021 01:52:52.0757 AM
[ReportManager] Browser Action [MaximizeWindow] successfully performed. With the following test data [New screen size is now: (1176, 811)]. @14-11-2021 01:52:52.0757 AM
[ReportManager] Target URL: [https://www.google.com/ncr], and after redirection: [www.google.com] @14-11-2021 01:52:52.0757 AM
[ReportManager] Initial URL: [] @14-11-2021 01:52:52.0823 AM
[ReportManager] Browser Action [NavigateToURL] successfully performed. With the following test data [https://www.google.com/ncr]. @14-11-2021 01:52:54.0107 A

################################################################################################################################################
Starting Execution:	[33 out of 146] test cases in the current suite
Test Method:		[unitTests.tests_validations_assertions.assertElementAttribute_false_literalComparison_expectedToFail]
################################################################################################################################################
[ReportManager] Element Action [Type] successfully performed. With the following test data [Automation!@#$%^&*()_+{}[]\';/.,]. @14-11-2021 01:52:55.0227 AM
[ReportManager] Element Action [GetText] successfully performed. With the following test data [Automation!@#$%^&*()_+{}[]\';/.,]. @14-11-2021 01:52:55.0286 AM
[ReportManager] Loaded Shared OpenCV @14-11-2021 01:52:55.0341 AM
[ReportManager] Assertion [ValidateElementAttribute] PASSED. Expected [Value Should not be 'Automation!@#$%^&*()_+{}[]\\';/.,' for the 'text' attribute, element locator 'By.name: q'] and Actual [Automation!@#$%^&*()_+{}[]\';/.,]. Comparison Type [EQUALS]. Validation Type [NEGATIVE]. @14-11-2021 01:52:55.0612 AM
[ReportManager] Successfully created attachment [Screenshot - 1636854775341_assertElementAttribute_false_literalComparison_expectedToFail_ValidateElementAttribute_passed] @14-11-2021 01:52:55.0695 A
[ReportManager] Browser Action [CloseCurrentWindow] successfully performed. @14-11-2021 01:52:56.0124 AM
[ReportManager] Successfully created attachment [Browser Action Test Data - CloseCurrentWindow - Actual Value] @14-11-2021 01:52:56.0165 A
[ReportManager] File Action [GetAbsolutePath] successfully performed. With the following test data [Relative Folder Path: "target/downloadedFiles/"]. @14-11-2021 01:52:56.0289 AM
[ReportManager] Attempting to run locally on: [Mac-64], [Safari], Headless Execution. @14-11-2021 01:52:56.0290 AM
[ReportManager] Successfully Opened Safari. @14-11-2021 01:52:57.0170 AM
[ReportManager] Initial window size: (800, 600) @14-11-2021 01:52:57.0199 AM
[ReportManager] Window size after SWD Maximize: (1176, 811) @14-11-2021 01:52:57.0248 AM
[ReportManager] Browser Action [MaximizeWindow] successfully performed. With the following test data [New screen size is now: (1176, 811)]. @14-11-2021 01:52:57.0249 AM
[ReportManager] Target URL: [https://www.google.com/ncr], and after redirection: [www.google.com] @14-11-2021 01:52:57.0249 AM
[ReportManager] Initial URL: [] @14-11-2021 01:52:57.0325 AM
[ReportManager] Browser Action [NavigateToURL] successfully performed. With the following test data [https://www.google.com/ncr]. @14-11-2021 01:52:58.0568 A

################################################################################################################################################
Starting Execution:	[34 out of 146] test cases in the current suite
Test Method:		[unitTests.tests_validations_assertions.assertElementAttribute_false_literalComparison_expectedToPass]
################################################################################################################################################
[ReportManager] Element Action [Type] successfully performed. With the following test data [Automation!@#$%^&*()_+{}[]\';/.,]. @14-11-2021 01:52:59.0766 AM
[ReportManager] Element Action [GetText] successfully performed. With the following test data [Automation!@#$%^&*()_+{}[]\';/.,]. @14-11-2021 01:52:59.0815 AM
[ReportManager] Loaded Shared OpenCV @14-11-2021 01:52:59.0869 AM
[ReportManager] Assertion [ValidateElementAttribute] PASSED. Expected [Value Should not be 'Automation' for the 'text' attribute, element locator 'By.name: q'] and Actual [Automation!@#$%^&*()_+{}[]\';/.,]. Comparison Type [EQUALS]. Validation Type [NEGATIVE]. @14-11-2021 01:53:00.0144 AM
[ReportManager] Successfully created attachment [Screenshot - 1636854779869_assertElementAttribute_false_literalComparison_expectedToPass_ValidateElementAttribute_passed] @14-11-2021 01:53:00.0229 A
[ReportManager] Browser Action [CloseCurrentWindow] successfully performed. @14-11-2021 01:53:00.0656 AM
[ReportManager] Successfully created attachment [Browser Action Test Data - CloseCurrentWindow - Actual Value] @14-11-2021 01:53:00.0697 A
[ReportManager] File Action [GetAbsolutePath] successfully performed. With the following test data [Relative Folder Path: "target/downloadedFiles/"]. @14-11-2021 01:53:00.0823 AM
[ReportManager] Attempting to run locally on: [Mac-64], [Safari], Headless Execution. @14-11-2021 01:53:00.0823 AM
[ReportManager] Successfully Opened Safari. @14-11-2021 01:53:01.0674 AM
[ReportManager] Initial window size: (800, 600) @14-11-2021 01:53:01.0691 AM
[ReportManager] Window size after SWD Maximize: (1176, 811) @14-11-2021 01:53:01.0707 AM
[ReportManager] Browser Action [MaximizeWindow] successfully performed. With the following test data [New screen size is now: (1176, 811)]. @14-11-2021 01:53:01.0707 AM
[ReportManager] Target URL: [https://www.google.com/ncr], and after redirection: [www.google.com] @14-11-2021 01:53:01.0707 AM
[ReportManager] Initial URL: [] @14-11-2021 01:53:01.0769 AM
[ReportManager] Browser Action [NavigateToURL] successfully performed. With the following test data [https://www.google.com/ncr]. @14-11-2021 01:53:02.0843 A

################################################################################################################################################
Starting Execution:	[35 out of 146] test cases in the current suite
Test Method:		[unitTests.tests_validations_assertions.assertElementAttribute_false_regexComparison_expectedToFail]
################################################################################################################################################
[ReportManager] Element Action [Type] successfully performed. With the following test data [Automation123]. @14-11-2021 01:53:03.0545 AM
[ReportManager] Element Action [GetText] successfully performed. With the following test data [Automation123]. @14-11-2021 01:53:03.0591 AM
[ReportManager] Loaded Shared OpenCV @14-11-2021 01:53:03.0640 AM
[ReportManager] Assertion [ValidateElementAttribute] FAILED. Expected [Value Should not be 'Automation.*' for the 'text' attribute, element locator 'By.name: q'] and Actual [Automation123]. Comparison Type [MATCHES]. Validation Type [NEGATIVE]. @14-11-2021 01:53:03.0924 AM
[ReportManager] Successfully created attachment [Screenshot - 1636854783640_assertElementAttribute_false_regexComparison_expectedToFail_ValidateElementAttribute_failed] @14-11-2021 01:53:04.0007 A
[ReportManager] Browser Action [CloseCurrentWindow] successfully performed. @14-11-2021 01:53:04.0410 AM
[ReportManager] Successfully created attachment [Browser Action Test Data - CloseCurrentWindow - Actual Value] @14-11-2021 01:53:04.0451 A
[ReportManager] File Action [GetAbsolutePath] successfully performed. With the following test data [Relative Folder Path: "target/downloadedFiles/"]. @14-11-2021 01:53:04.0577 AM
[ReportManager] Attempting to run locally on: [Mac-64], [Safari], Headless Execution. @14-11-2021 01:53:04.0577 AM
[ReportManager] Successfully Opened Safari. @14-11-2021 01:53:05.0357 AM
[ReportManager] Initial window size: (800, 600) @14-11-2021 01:53:05.0363 AM
[ReportManager] Window size after SWD Maximize: (1176, 811) @14-11-2021 01:53:05.0377 AM
[ReportManager] Browser Action [MaximizeWindow] successfully performed. With the following test data [New screen size is now: (1176, 811)]. @14-11-2021 01:53:05.0377 AM
[ReportManager] Target URL: [https://www.google.com/ncr], and after redirection: [www.google.com] @14-11-2021 01:53:05.0378 AM
[ReportManager] Initial URL: [] @14-11-2021 01:53:05.0428 AM
[ReportManager] Browser Action [NavigateToURL] successfully performed. With the following test data [https://www.google.com/ncr]. @14-11-2021 01:53:06.0726 A

################################################################################################################################################
Starting Execution:	[36 out of 146] test cases in the current suite
Test Method:		[unitTests.tests_validations_assertions.assertElementAttribute_false_regexComparison_expectedToPass]
################################################################################################################################################
[ReportManager] Element Action [Type] successfully performed. With the following test data [Automation123]. @14-11-2021 01:53:07.0380 AM
[ReportManager] Element Action [GetText] successfully performed. With the following test data [Automation123]. @14-11-2021 01:53:07.0442 AM
[ReportManager] Loaded Shared OpenCV @14-11-2021 01:53:07.0500 AM
[ReportManager] Assertion [ValidateElementAttribute] PASSED. Expected [Value Should not be 'Automation' for the 'text' attribute, element locator 'By.name: q'] and Actual [Automation123]. Comparison Type [MATCHES]. Validation Type [NEGATIVE]. @14-11-2021 01:53:07.0728 AM
[ReportManager] Successfully created attachment [Screenshot - 1636854787500_assertElementAttribute_false_regexComparison_expectedToPass_ValidateElementAttribute_passed] @14-11-2021 01:53:07.0730 A
[ReportManager] Browser Action [CloseCurrentWindow] successfully performed. @14-11-2021 01:53:07.0826 AM
[ReportManager] Successfully created attachment [Browser Action Test Data - CloseCurrentWindow - Actual Value] @14-11-2021 01:53:07.0827 A
[ReportManager] File Action [GetAbsolutePath] successfully performed. With the following test data [Relative Folder Path: "target/downloadedFiles/"]. @14-11-2021 01:53:07.0834 AM
[ReportManager] Attempting to run locally on: [Mac-64], [Safari], Headless Execution. @14-11-2021 01:53:07.0835 AM
[ReportManager] Successfully Opened Safari. @14-11-2021 01:53:08.0688 AM
[ReportManager] Initial window size: (800, 600) @14-11-2021 01:53:08.0727 AM
[ReportManager] Window size after SWD Maximize: (1176, 811) @14-11-2021 01:53:08.0794 AM
[ReportManager] Browser Action [MaximizeWindow] successfully performed. With the following test data [New screen size is now: (1176, 811)]. @14-11-2021 01:53:08.0794 AM
[ReportManager] Target URL: [https://www.google.com/ncr], and after redirection: [www.google.com] @14-11-2021 01:53:08.0794 AM
[ReportManager] Initial URL: [] @14-11-2021 01:53:08.0825 AM
[ReportManager] Browser Action [NavigateToURL] successfully performed. With the following test data [https://www.google.com/ncr]. @14-11-2021 01:53:10.0079 A

################################################################################################################################################
Starting Execution:	[37 out of 146] test cases in the current suite
Test Method:		[unitTests.tests_validations_assertions.assertElementAttribute_true_caseInsensitiveComparison_expectedToFail]
################################################################################################################################################
[ReportManager] Element Action [Type] successfully performed. With the following test data [AUTOMATION]. @14-11-2021 01:53:10.0611 AM
[ReportManager] Element Action [GetText] successfully performed. With the following test data [AUTOMATION]. @14-11-2021 01:53:10.0657 AM
[ReportManager] Loaded Shared OpenCV @14-11-2021 01:53:10.0712 AM
[ReportManager] Assertion [ValidateElementAttribute] FAILED. Expected [Value Should be 'AutomaTion123' for the 'text' attribute, element locator 'By.name: q'] and Actual [AUTOMATION]. Comparison Type [CASE_INSENSITIVE]. Validation Type [POSITIVE]. @14-11-2021 01:53:10.0978 AM
[ReportManager] Successfully created attachment [Screenshot - 1636854790711_assertElementAttribute_true_caseInsensitiveComparison_expectedToFail_ValidateElementAttribute_failed] @14-11-2021 01:53:11.0061 A
[ReportManager] Browser Action [CloseCurrentWindow] successfully performed. @14-11-2021 01:53:11.0477 AM
[ReportManager] Successfully created attachment [Browser Action Test Data - CloseCurrentWindow - Actual Value] @14-11-2021 01:53:11.0519 A
[ReportManager] File Action [GetAbsolutePath] successfully performed. With the following test data [Relative Folder Path: "target/downloadedFiles/"]. @14-11-2021 01:53:11.0645 AM
[ReportManager] Attempting to run locally on: [Mac-64], [Safari], Headless Execution. @14-11-2021 01:53:11.0645 AM
[ReportManager] Successfully Opened Safari. @14-11-2021 01:53:12.0463 AM
[ReportManager] Initial window size: (800, 600) @14-11-2021 01:53:12.0475 AM
[ReportManager] Window size after SWD Maximize: (1176, 811) @14-11-2021 01:53:12.0496 AM
[ReportManager] Browser Action [MaximizeWindow] successfully performed. With the following test data [New screen size is now: (1176, 811)]. @14-11-2021 01:53:12.0497 AM
[ReportManager] Target URL: [https://www.google.com/ncr], and after redirection: [www.google.com] @14-11-2021 01:53:12.0497 AM
[ReportManager] Initial URL: [] @14-11-2021 01:53:12.0579 AM
[ReportManager] Browser Action [NavigateToURL] successfully performed. With the following test data [https://www.google.com/ncr]. @14-11-2021 01:53:13.0881 A

################################################################################################################################################
Starting Execution:	[38 out of 146] test cases in the current suite
Test Method:		[unitTests.tests_validations_assertions.assertElementAttribute_true_caseInsensitiveComparison_expectedToPass]
################################################################################################################################################
[ReportManager] Element Action [Type] successfully performed. With the following test data [AUTOMATION]. @14-11-2021 01:53:14.0475 AM
[ReportManager] Element Action [GetText] successfully performed. With the following test data [AUTOMATION]. @14-11-2021 01:53:14.0541 AM
[ReportManager] Loaded Shared OpenCV @14-11-2021 01:53:14.0602 AM
[ReportManager] Assertion [ValidateElementAttribute] PASSED. Expected [Value Should be 'AutomaTion' for the 'text' attribute, element locator 'By.name: q'] and Actual [AUTOMATION]. Comparison Type [CASE_INSENSITIVE]. Validation Type [POSITIVE]. @14-11-2021 01:53:14.0874 AM
[ReportManager] Successfully created attachment [Screenshot - 1636854794602_assertElementAttribute_true_caseInsensitiveComparison_expectedToPass_ValidateElementAttribute_passed] @14-11-2021 01:53:14.0957 A
[ReportManager] Browser Action [CloseCurrentWindow] successfully performed. @14-11-2021 01:53:15.0395 AM
[ReportManager] Successfully created attachment [Browser Action Test Data - CloseCurrentWindow - Actual Value] @14-11-2021 01:53:15.0437 A
[ReportManager] File Action [GetAbsolutePath] successfully performed. With the following test data [Relative Folder Path: "target/downloadedFiles/"]. @14-11-2021 01:53:15.0603 AM
[ReportManager] Attempting to run locally on: [Mac-64], [Safari], Headless Execution. @14-11-2021 01:53:15.0603 AM
[ReportManager] Successfully Opened Safari. @14-11-2021 01:53:16.0375 AM
[ReportManager] Initial window size: (800, 600) @14-11-2021 01:53:16.0400 AM
[ReportManager] Window size after SWD Maximize: (1176, 811) @14-11-2021 01:53:16.0411 AM
[ReportManager] Browser Action [MaximizeWindow] successfully performed. With the following test data [New screen size is now: (1176, 811)]. @14-11-2021 01:53:16.0412 AM
[ReportManager] Target URL: [https://www.google.com/ncr], and after redirection: [www.google.com] @14-11-2021 01:53:16.0412 AM
[ReportManager] Initial URL: [] @14-11-2021 01:53:16.0494 AM
[ReportManager] Browser Action [NavigateToURL] successfully performed. With the following test data [https://www.google.com/ncr]. @14-11-2021 01:53:17.0713 A

################################################################################################################################################
Starting Execution:	[39 out of 146] test cases in the current suite
Test Method:		[unitTests.tests_validations_assertions.assertElementAttribute_true_containsComparison_expectedToFail]
################################################################################################################################################
[ReportManager] Element Action [Type] successfully performed. With the following test data [Automation123]. @14-11-2021 01:53:18.0451 AM
[ReportManager] Element Action [GetText] successfully performed. With the following test data [Automation123]. @14-11-2021 01:53:18.0520 AM
[ReportManager] Loaded Shared OpenCV @14-11-2021 01:53:18.0582 AM
[ReportManager] Assertion [ValidateElementAttribute] FAILED. Expected [Value Should be 'Automation1234' for the 'text' attribute, element locator 'By.name: q'] and Actual [Automation123]. Comparison Type [CONTAINS]. Validation Type [POSITIVE]. @14-11-2021 01:53:18.0840 AM
[ReportManager] Successfully created attachment [Screenshot - 1636854798582_assertElementAttribute_true_containsComparison_expectedToFail_ValidateElementAttribute_failed] @14-11-2021 01:53:18.0883 A
[ReportManager] Browser Action [CloseCurrentWindow] successfully performed. @14-11-2021 01:53:19.0265 AM
[ReportManager] Successfully created attachment [Browser Action Test Data - CloseCurrentWindow - Actual Value] @14-11-2021 01:53:19.0306 A
[ReportManager] File Action [GetAbsolutePath] successfully performed. With the following test data [Relative Folder Path: "target/downloadedFiles/"]. @14-11-2021 01:53:19.0433 AM
[ReportManager] Attempting to run locally on: [Mac-64], [Safari], Headless Execution. @14-11-2021 01:53:19.0433 AM
[ReportManager] Successfully Opened Safari. @14-11-2021 01:53:20.0225 AM
[ReportManager] Initial window size: (800, 600) @14-11-2021 01:53:20.0234 AM
[ReportManager] Window size after SWD Maximize: (1176, 811) @14-11-2021 01:53:20.0246 AM
[ReportManager] Browser Action [MaximizeWindow] successfully performed. With the following test data [New screen size is now: (1176, 811)]. @14-11-2021 01:53:20.0249 AM
[ReportManager] Target URL: [https://www.google.com/ncr], and after redirection: [www.google.com] @14-11-2021 01:53:20.0249 AM
[ReportManager] Initial URL: [] @14-11-2021 01:53:20.0343 AM
[ReportManager] Browser Action [NavigateToURL] successfully performed. With the following test data [https://www.google.com/ncr]. @14-11-2021 01:53:21.0195 A

################################################################################################################################################
Starting Execution:	[40 out of 146] test cases in the current suite
Test Method:		[unitTests.tests_validations_assertions.assertElementAttribute_true_containsComparison_expectedToPass]
################################################################################################################################################
[ReportManager] Element Action [Type] successfully performed. With the following test data [Automation123]. @14-11-2021 01:53:21.0751 AM
[ReportManager] Element Action [GetText] successfully performed. With the following test data [Automation123]. @14-11-2021 01:53:21.0806 AM
[ReportManager] Loaded Shared OpenCV @14-11-2021 01:53:21.0856 AM
[ReportManager] Assertion [ValidateElementAttribute] PASSED. Expected [Value Should be 'Automation' for the 'text' attribute, element locator 'By.name: q'] and Actual [Automation123]. Comparison Type [CONTAINS]. Validation Type [POSITIVE]. @14-11-2021 01:53:22.0134 AM
[ReportManager] Successfully created attachment [Screenshot - 1636854801856_assertElementAttribute_true_containsComparison_expectedToPass_ValidateElementAttribute_passed] @14-11-2021 01:53:22.0218 A
[ReportManager] Browser Action [CloseCurrentWindow] successfully performed. @14-11-2021 01:53:22.0653 AM
[ReportManager] Successfully created attachment [Browser Action Test Data - CloseCurrentWindow - Actual Value] @14-11-2021 01:53:22.0695 A
[ReportManager] File Action [GetAbsolutePath] successfully performed. With the following test data [Relative Folder Path: "target/downloadedFiles/"]. @14-11-2021 01:53:22.0821 AM
[ReportManager] Attempting to run locally on: [Mac-64], [Safari], Headless Execution. @14-11-2021 01:53:22.0821 AM
[ReportManager] Successfully Opened Safari. @14-11-2021 01:53:23.0605 AM
[ReportManager] Initial window size: (800, 600) @14-11-2021 01:53:23.0611 AM
[ReportManager] Window size after SWD Maximize: (1176, 811) @14-11-2021 01:53:23.0628 AM
[ReportManager] Browser Action [MaximizeWindow] successfully performed. With the following test data [New screen size is now: (1176, 811)]. @14-11-2021 01:53:23.0629 AM
[ReportManager] Target URL: [https://www.google.com/ncr], and after redirection: [www.google.com] @14-11-2021 01:53:23.0629 AM
[ReportManager] Initial URL: [] @14-11-2021 01:53:23.0676 AM
[ReportManager] Browser Action [NavigateToURL] successfully performed. With the following test data [https://www.google.com/ncr]. @14-11-2021 01:53:24.0498 A

################################################################################################################################################
Starting Execution:	[41 out of 146] test cases in the current suite
Test Method:		[unitTests.tests_validations_assertions.assertElementAttribute_true_literalComparison_expectedToFail]
################################################################################################################################################
[ReportManager] Element Action [Type] successfully performed. With the following test data [Automation!@#$%^&*()_+{}[]\';/.,]. @14-11-2021 01:53:25.0593 AM
[ReportManager] Element Action [GetText] successfully performed. With the following test data [Automation!@#$%^&*()_+{}[]\';/.,]. @14-11-2021 01:53:25.0637 AM
[ReportManager] Loaded Shared OpenCV @14-11-2021 01:53:25.0688 AM
[ReportManager] Assertion [ValidateElementAttribute] FAILED. Expected [Value Should be 'Automation' for the 'text' attribute, element locator 'By.name: q'] and Actual [Automation!@#$%^&*()_+{}[]\';/.,]. Comparison Type [EQUALS]. Validation Type [POSITIVE]. @14-11-2021 01:53:25.0960 AM
[ReportManager] Successfully created attachment [Screenshot - 1636854805688_assertElementAttribute_true_literalComparison_expectedToFail_ValidateElementAttribute_failed] @14-11-2021 01:53:26.0044 A
[ReportManager] Browser Action [CloseCurrentWindow] successfully performed. @14-11-2021 01:53:26.0451 AM
[ReportManager] Successfully created attachment [Browser Action Test Data - CloseCurrentWindow - Actual Value] @14-11-2021 01:53:26.0492 A
[ReportManager] File Action [GetAbsolutePath] successfully performed. With the following test data [Relative Folder Path: "target/downloadedFiles/"]. @14-11-2021 01:53:26.0495 AM
[ReportManager] Attempting to run locally on: [Mac-64], [Safari], Headless Execution. @14-11-2021 01:53:26.0496 AM
[ReportManager] Successfully Opened Safari. @14-11-2021 01:53:27.0274 AM
[ReportManager] Initial window size: (800, 600) @14-11-2021 01:53:27.0282 AM
[ReportManager] Window size after SWD Maximize: (1176, 811) @14-11-2021 01:53:27.0294 AM
[ReportManager] Browser Action [MaximizeWindow] successfully performed. With the following test data [New screen size is now: (1176, 811)]. @14-11-2021 01:53:27.0294 AM
[ReportManager] Target URL: [https://www.google.com/ncr], and after redirection: [www.google.com] @14-11-2021 01:53:27.0295 AM
[ReportManager] Initial URL: [] @14-11-2021 01:53:27.0374 AM
[ReportManager] Browser Action [NavigateToURL] successfully performed. With the following test data [https://www.google.com/ncr]. @14-11-2021 01:53:28.0667 A

################################################################################################################################################
Starting Execution:	[42 out of 146] test cases in the current suite
Test Method:		[unitTests.tests_validations_assertions.assertElementAttribute_true_literalComparison_expectedToPass]
################################################################################################################################################
[ReportManager] Element Action [Type] successfully performed. With the following test data [Automation!@#$%^&*()_+{}[]\';/.,]. @14-11-2021 01:53:29.0738 AM
[ReportManager] Element Action [GetText] successfully performed. With the following test data [Automation!@#$%^&*()_+{}[]\';/.,]. @14-11-2021 01:53:29.0805 AM
[ReportManager] Loaded Shared OpenCV @14-11-2021 01:53:29.0871 AM
[ReportManager] Assertion [ValidateElementAttribute] PASSED. Expected [Value Should be 'Automation!@#$%^&*()_+{}[]\';/.,' for the 'text' attribute, element locator 'By.name: q'] and Actual [Automation!@#$%^&*()_+{}[]\';/.,]. Comparison Type [EQUALS]. Validation Type [POSITIVE]. @14-11-2021 01:53:30.0151 AM
[ReportManager] Successfully created attachment [Screenshot - 1636854809871_assertElementAttribute_true_literalComparison_expectedToPass_ValidateElementAttribute_passed] @14-11-2021 01:53:30.0235 A
[ReportManager] Browser Action [CloseCurrentWindow] successfully performed. @14-11-2021 01:53:30.0468 AM
[ReportManager] Successfully created attachment [Browser Action Test Data - CloseCurrentWindow - Actual Value] @14-11-2021 01:53:30.0510 A
[ReportManager] File Action [GetAbsolutePath] successfully performed. With the following test data [Relative Folder Path: "target/downloadedFiles/"]. @14-11-2021 01:53:30.0635 AM
[ReportManager] Attempting to run locally on: [Mac-64], [Safari], Headless Execution. @14-11-2021 01:53:30.0636 AM
[ReportManager] Successfully Opened Safari. @14-11-2021 01:53:31.0542 AM
[ReportManager] Initial window size: (800, 600) @14-11-2021 01:53:31.0556 AM
[ReportManager] Window size after SWD Maximize: (1176, 811) @14-11-2021 01:53:31.0574 AM
[ReportManager] Browser Action [MaximizeWindow] successfully performed. With the following test data [New screen size is now: (1176, 811)]. @14-11-2021 01:53:31.0574 AM
[ReportManager] Target URL: [https://www.google.com/ncr], and after redirection: [www.google.com] @14-11-2021 01:53:31.0575 AM
[ReportManager] Initial URL: [] @14-11-2021 01:53:31.0648 AM
[ReportManager] Browser Action [NavigateToURL] successfully performed. With the following test data [https://www.google.com/ncr]. @14-11-2021 01:53:33.0578 A

################################################################################################################################################
Starting Execution:	[43 out of 146] test cases in the current suite
Test Method:		[unitTests.tests_validations_assertions.assertElementAttribute_true_regexComparison_expectedToFail]
################################################################################################################################################
[ReportManager] Element Action [Type] successfully performed. With the following test data [Automation123]. @14-11-2021 01:53:34.0174 AM
[ReportManager] Element Action [GetText] successfully performed. With the following test data [Automation123]. @14-11-2021 01:53:34.0237 AM
[ReportManager] Loaded Shared OpenCV @14-11-2021 01:53:34.0284 AM
[ReportManager] Assertion [ValidateElementAttribute] FAILED. Expected [Value Should be 'Automation' for the 'text' attribute, element locator 'By.name: q'] and Actual [Automation123]. Comparison Type [MATCHES]. Validation Type [POSITIVE]. @14-11-2021 01:53:34.0550 AM
[ReportManager] Successfully created attachment [Screenshot - 1636854814284_assertElementAttribute_true_regexComparison_expectedToFail_ValidateElementAttribute_failed] @14-11-2021 01:53:34.0635 A
[ReportManager] Browser Action [CloseCurrentWindow] successfully performed. @14-11-2021 01:53:35.0073 AM
[ReportManager] Successfully created attachment [Browser Action Test Data - CloseCurrentWindow - Actual Value] @14-11-2021 01:53:35.0115 A
[ReportManager] File Action [GetAbsolutePath] successfully performed. With the following test data [Relative Folder Path: "target/downloadedFiles/"]. @14-11-2021 01:53:35.0241 AM
[ReportManager] Attempting to run locally on: [Mac-64], [Safari], Headless Execution. @14-11-2021 01:53:35.0241 AM
[ReportManager] Successfully Opened Safari. @14-11-2021 01:53:36.0079 AM
[ReportManager] Initial window size: (800, 600) @14-11-2021 01:53:36.0089 AM
[ReportManager] Window size after SWD Maximize: (1176, 811) @14-11-2021 01:53:36.0108 AM
[ReportManager] Browser Action [MaximizeWindow] successfully performed. With the following test data [New screen size is now: (1176, 811)]. @14-11-2021 01:53:36.0108 AM
[ReportManager] Target URL: [https://www.google.com/ncr], and after redirection: [www.google.com] @14-11-2021 01:53:36.0108 AM
[ReportManager] Initial URL: [] @14-11-2021 01:53:36.0181 AM
[ReportManager] Browser Action [NavigateToURL] successfully performed. With the following test data [https://www.google.com/ncr]. @14-11-2021 01:53:37.0016 A

################################################################################################################################################
Starting Execution:	[44 out of 146] test cases in the current suite
Test Method:		[unitTests.tests_validations_assertions.assertElementAttribute_true_regexComparison_expectedToPass]
################################################################################################################################################
[ReportManager] Element Action [Type] successfully performed. With the following test data [Automation123]. @14-11-2021 01:53:37.0642 AM
[ReportManager] Element Action [GetText] successfully performed. With the following test data [Automation123]. @14-11-2021 01:53:37.0696 AM
[ReportManager] Loaded Shared OpenCV @14-11-2021 01:53:37.0751 AM
[ReportManager] Assertion [ValidateElementAttribute] PASSED. Expected [Value Should be 'Automation.*' for the 'text' attribute, element locator 'By.name: q'] and Actual [Automation123]. Comparison Type [MATCHES]. Validation Type [POSITIVE]. @14-11-2021 01:53:38.0001 AM
[ReportManager] Successfully created attachment [Screenshot - 1636854817751_assertElementAttribute_true_regexComparison_expectedToPass_ValidateElementAttribute_passed] @14-11-2021 01:53:38.0002 A
[ReportManager] Browser Action [CloseCurrentWindow] successfully performed. @14-11-2021 01:53:38.0295 AM
[ReportManager] Successfully created attachment [Browser Action Test Data - CloseCurrentWindow - Actual Value] @14-11-2021 01:53:38.0296 A
[ReportManager] File Action [GetAbsolutePath] successfully performed. With the following test data [Relative Folder Path: "target/downloadedFiles/"]. @14-11-2021 01:53:38.0300 AM
[ReportManager] Attempting to run locally on: [Mac-64], [Safari], Headless Execution. @14-11-2021 01:53:38.0300 AM
[ReportManager] Successfully Opened Safari. @14-11-2021 01:53:39.0087 AM
[ReportManager] Initial window size: (800, 600) @14-11-2021 01:53:39.0108 AM
[ReportManager] Window size after SWD Maximize: (1176, 811) @14-11-2021 01:53:39.0153 AM
[ReportManager] Browser Action [MaximizeWindow] successfully performed. With the following test data [New screen size is now: (1176, 811)]. @14-11-2021 01:53:39.0153 AM
[ReportManager] Target URL: [https://www.google.com/ncr], and after redirection: [www.google.com] @14-11-2021 01:53:39.0153 AM
[ReportManager] Initial URL: [] @14-11-2021 01:53:39.0227 AM
[ReportManager] Browser Action [NavigateToURL] successfully performed. With the following test data [https://www.google.com/ncr]. @14-11-2021 01:53:40.0487 A

################################################################################################################################################
Starting Execution:	[45 out of 146] test cases in the current suite
Test Method:		[unitTests.tests_validations_assertions.assertElementAttribute_type_true_literalComparison_expectedToPass]
################################################################################################################################################
[ReportManager] Element Action [Type] successfully performed. With the following test data [Automation!@#$%^&*()_+{}[]\';/.,]. @14-11-2021 01:53:41.0798 AM
[ReportManager] Element Action [GetText] successfully performed. With the following test data [Automation!@#$%^&*()_+{}[]\';/.,]. @14-11-2021 01:53:41.0853 AM
[ReportManager] Loaded Shared OpenCV @14-11-2021 01:53:41.0910 AM
[ReportManager] Assertion [ValidateElementAttribute] PASSED. Expected [Value Should be 'Automation!@#$%^&*()_+{}[]\';/.,' for the 'text' attribute, element locator 'By.name: q'] and Actual [Automation!@#$%^&*()_+{}[]\';/.,]. Comparison Type [EQUALS]. Validation Type [POSITIVE]. @14-11-2021 01:53:42.0176 AM
[ReportManager] Successfully created attachment [Screenshot - 1636854821910_assertElementAttribute_type_true_literalComparison_expectedToPass_ValidateElementAttribute_passed] @14-11-2021 01:53:42.0259 A
[ReportManager] Browser Action [CloseCurrentWindow] successfully performed. @14-11-2021 01:53:42.0439 AM
[ReportManager] Successfully created attachment [Browser Action Test Data - CloseCurrentWindow - Actual Value] @14-11-2021 01:53:42.0480 A
[ReportManager] File Action [GetAbsolutePath] successfully performed. With the following test data [Relative Folder Path: "target/downloadedFiles/"]. @14-11-2021 01:53:42.0604 AM
[ReportManager] Attempting to run locally on: [Mac-64], [Safari], Headless Execution. @14-11-2021 01:53:42.0605 AM
[ReportManager] Successfully Opened Safari. @14-11-2021 01:53:43.0409 AM
[ReportManager] Initial window size: (800, 600) @14-11-2021 01:53:43.0436 AM
[ReportManager] Window size after SWD Maximize: (1176, 811) @14-11-2021 01:53:43.0461 AM
[ReportManager] Browser Action [MaximizeWindow] successfully performed. With the following test data [New screen size is now: (1176, 811)]. @14-11-2021 01:53:43.0461 AM
[ReportManager] Target URL: [https://www.google.com/ncr], and after redirection: [www.google.com] @14-11-2021 01:53:43.0461 AM
[ReportManager] Initial URL: [] @14-11-2021 01:53:43.0605 AM
[ReportManager] Browser Action [NavigateToURL] successfully performed. With the following test data [https://www.google.com/ncr]. @14-11-2021 01:53:44.0863 A

################################################################################################################################################
Starting Execution:	[46 out of 146] test cases in the current suite
Test Method:		[unitTests.tests_validations_assertions.assertElementExists_false_expectedToFail]
###############################################################################################################################################
[ReportManager] Browser Action [CloseCurrentWindow] successfully performed. @14-11-2021 01:53:45.0509 AM
[ReportManager] Successfully created attachment [Browser Action Test Data - CloseCurrentWindow - Actual Value] @14-11-2021 01:53:45.0550 A
[ReportManager] File Action [GetAbsolutePath] successfully performed. With the following test data [Relative Folder Path: "target/downloadedFiles/"]. @14-11-2021 01:53:45.0677 AM
[ReportManager] Attempting to run locally on: [Mac-64], [Safari], Headless Execution. @14-11-2021 01:53:45.0677 AM
[ReportManager] Successfully Opened Safari. @14-11-2021 01:53:46.0475 AM
[ReportManager] Initial window size: (800, 600) @14-11-2021 01:53:46.0493 AM
[ReportManager] Window size after SWD Maximize: (1176, 811) @14-11-2021 01:53:46.0504 AM
[ReportManager] Browser Action [MaximizeWindow] successfully performed. With the following test data [New screen size is now: (1176, 811)]. @14-11-2021 01:53:46.0504 AM
[ReportManager] Target URL: [https://www.google.com/ncr], and after redirection: [www.google.com] @14-11-2021 01:53:46.0504 AM
[ReportManager] Initial URL: [] @14-11-2021 01:53:46.0559 AM
[ReportManager] Browser Action [NavigateToURL] successfully performed. With the following test data [https://www.google.com/ncr]. @14-11-2021 01:53:47.0372 A

################################################################################################################################################
Starting Execution:	[47 out of 146] test cases in the current suite
Test Method:		[unitTests.tests_validations_assertions.assertElementExists_false_expectedToPass]
###############################################################################################################################################
[ReportManager] Browser Action [CloseCurrentWindow] successfully performed. @14-11-2021 01:53:47.0997 AM
[ReportManager] Successfully created attachment [Browser Action Test Data - CloseCurrentWindow - Actual Value] @14-11-2021 01:53:48.0038 A
[ReportManager] File Action [GetAbsolutePath] successfully performed. With the following test data [Relative Folder Path: "target/downloadedFiles/"]. @14-11-2021 01:53:48.0163 AM
[ReportManager] Attempting to run locally on: [Mac-64], [Safari], Headless Execution. @14-11-2021 01:53:48.0163 AM
[ReportManager] Successfully Opened Safari. @14-11-2021 01:53:48.0927 AM
[ReportManager] Initial window size: (800, 600) @14-11-2021 01:53:48.0941 AM
[ReportManager] Window size after SWD Maximize: (1176, 811) @14-11-2021 01:53:48.0955 AM
[ReportManager] Browser Action [MaximizeWindow] successfully performed. With the following test data [New screen size is now: (1176, 811)]. @14-11-2021 01:53:48.0956 AM
[ReportManager] Target URL: [https://www.google.com/ncr], and after redirection: [www.google.com] @14-11-2021 01:53:48.0956 AM
[ReportManager] Initial URL: [] @14-11-2021 01:53:49.0002 AM
[ReportManager] Browser Action [NavigateToURL] successfully performed. With the following test data [https://www.google.com/ncr]. @14-11-2021 01:53:50.0291 A

################################################################################################################################################
Starting Execution:	[48 out of 146] test cases in the current suite
Test Method:		[unitTests.tests_validations_assertions.assertElementExists_false_multipleElementsFound_expectedToFail]
################################################################################################################################################
[ReportManager] Loaded Shared OpenCV @14-11-2021 01:53:50.0367 AM
[ReportManager] Assertion [ValidateElementExists] FAILED. Expected [Element Should not Exist, locator 'By.xpath: //div'] and Actual [Element Exists but is not unique]. Comparison Type [EQUALS]. Validation Type [NEGATIVE]. @14-11-2021 01:53:50.0546 AM
[ReportManager] Successfully created attachment [Screenshot - 1636854830366_assertElementExists_false_multipleElementsFound_expectedToFail_ValidateElementExists_failed] @14-11-2021 01:53:50.0547 A
[ReportManager] Browser Action [CloseCurrentWindow] successfully performed. @14-11-2021 01:53:50.0948 AM
[ReportManager] Successfully created attachment [Browser Action Test Data - CloseCurrentWindow - Actual Value] @14-11-2021 01:53:50.0990 A
[ReportManager] File Action [GetAbsolutePath] successfully performed. With the following test data [Relative Folder Path: "target/downloadedFiles/"]. @14-11-2021 01:53:51.0116 AM
[ReportManager] Attempting to run locally on: [Mac-64], [Safari], Headless Execution. @14-11-2021 01:53:51.0117 AM
[ReportManager] Successfully Opened Safari. @14-11-2021 01:53:51.0898 AM
[ReportManager] Initial window size: (800, 600) @14-11-2021 01:53:51.0902 AM
[ReportManager] Window size after SWD Maximize: (1176, 811) @14-11-2021 01:53:51.0928 AM
[ReportManager] Browser Action [MaximizeWindow] successfully performed. With the following test data [New screen size is now: (1176, 811)]. @14-11-2021 01:53:51.0928 AM
[ReportManager] Target URL: [https://www.google.com/ncr], and after redirection: [www.google.com] @14-11-2021 01:53:51.0928 AM
[ReportManager] Initial URL: [] @14-11-2021 01:53:51.0992 AM
[ReportManager] Browser Action [NavigateToURL] successfully performed. With the following test data [https://www.google.com/ncr]. @14-11-2021 01:53:52.0978 A

################################################################################################################################################
Starting Execution:	[49 out of 146] test cases in the current suite
Test Method:		[unitTests.tests_validations_assertions.assertElementExists_true_expectedToFail]
###############################################################################################################################################
[ReportManager] Browser Action [CloseCurrentWindow] successfully performed. @14-11-2021 01:53:53.0240 AM
[ReportManager] Successfully created attachment [Browser Action Test Data - CloseCurrentWindow - Actual Value] @14-11-2021 01:53:53.0281 A
[ReportManager] File Action [GetAbsolutePath] successfully performed. With the following test data [Relative Folder Path: "target/downloadedFiles/"]. @14-11-2021 01:53:53.0407 AM
[ReportManager] Attempting to run locally on: [Mac-64], [Safari], Headless Execution. @14-11-2021 01:53:53.0407 AM
[ReportManager] Successfully Opened Safari. @14-11-2021 01:53:54.0220 AM
[ReportManager] Initial window size: (800, 600) @14-11-2021 01:53:54.0244 AM
[ReportManager] Window size after SWD Maximize: (1176, 811) @14-11-2021 01:53:54.0260 AM
[ReportManager] Browser Action [MaximizeWindow] successfully performed. With the following test data [New screen size is now: (1176, 811)]. @14-11-2021 01:53:54.0260 AM
[ReportManager] Target URL: [https://www.google.com/ncr], and after redirection: [www.google.com] @14-11-2021 01:53:54.0260 AM
[ReportManager] Initial URL: [] @14-11-2021 01:53:54.0367 AM
[ReportManager] Browser Action [NavigateToURL] successfully performed. With the following test data [https://www.google.com/ncr]. @14-11-2021 01:53:55.0570 A

################################################################################################################################################
Starting Execution:	[50 out of 146] test cases in the current suite
Test Method:		[unitTests.tests_validations_assertions.assertElementExists_true_expectedToPass]
################################################################################################################################################
[ReportManager] Loaded Shared OpenCV @14-11-2021 01:53:55.0835 AM
[ReportManager] Assertion [ValidateElementExists] PASSED. Expected [Element Should Exist, locator 'By.xpath: //*[@id='hplogo' or @alt='Google']'] and Actual [Element Exists]. Comparison Type [EQUALS]. Validation Type [POSITIVE]. @14-11-2021 01:53:56.0131 AM
[ReportManager] Successfully created attachment [Screenshot - 1636854835835_assertElementExists_true_expectedToPass_ValidateElementExists_passed] @14-11-2021 01:53:56.0213 A
[ReportManager] Browser Action [CloseCurrentWindow] successfully performed. @14-11-2021 01:53:56.0633 AM
[ReportManager] Successfully created attachment [Browser Action Test Data - CloseCurrentWindow - Actual Value] @14-11-2021 01:53:56.0733 A
[ReportManager] File Action [GetAbsolutePath] successfully performed. With the following test data [Relative Folder Path: "target/downloadedFiles/"]. @14-11-2021 01:53:56.0977 AM
[ReportManager] Attempting to run locally on: [Mac-64], [Safari], Headless Execution. @14-11-2021 01:53:56.0978 AM
[ReportManager] Successfully Opened Safari. @14-11-2021 01:53:57.0811 AM
[ReportManager] Initial window size: (800, 600) @14-11-2021 01:53:57.0838 AM
[ReportManager] Window size after SWD Maximize: (1176, 811) @14-11-2021 01:53:57.0864 AM
[ReportManager] Browser Action [MaximizeWindow] successfully performed. With the following test data [New screen size is now: (1176, 811)]. @14-11-2021 01:53:57.0864 AM
[ReportManager] Target URL: [https://www.google.com/ncr], and after redirection: [www.google.com] @14-11-2021 01:53:57.0864 AM
[ReportManager] Initial URL: [] @14-11-2021 01:53:58.0068 AM
[ReportManager] Browser Action [NavigateToURL] successfully performed. With the following test data [https://www.google.com/ncr]. @14-11-2021 01:53:59.0571 A

################################################################################################################################################
Starting Execution:	[51 out of 146] test cases in the current suite
Test Method:		[unitTests.tests_validations_assertions.assertElementExists_true_multipleElementsFound_expectedToFail]
################################################################################################################################################
[ReportManager] Loaded Shared OpenCV @14-11-2021 01:53:59.0774 AM
[ReportManager] Assertion [ValidateElementExists] FAILED. Expected [Element Should Exist, locator 'By.xpath: //div'] and Actual [Element Exists but is not unique]. Comparison Type [EQUALS]. Validation Type [POSITIVE]. @14-11-2021 01:54:00.0057 AM
[ReportManager] Successfully created attachment [Screenshot - 1636854839774_assertElementExists_true_multipleElementsFound_expectedToFail_ValidateElementExists_failed] @14-11-2021 01:54:00.0138 A
[ReportManager] Browser Action [CloseCurrentWindow] successfully performed. @14-11-2021 01:54:00.0491 AM
[ReportManager] Successfully created attachment [Browser Action Test Data - CloseCurrentWindow - Actual Value] @14-11-2021 01:54:00.0491 A

################################################################################################################################################
Starting Execution:	[52 out of 146] test cases in the current suite
Test Method:		[unitTests.tests_validations_assertions.assertEquals_false_expectedToFail]
################################################################################################################################################
[ReportManager] Assertion [ValidateEquals] FAILED. Expected [1] and Actual [1]. Comparison Type [EQUALS]. Validation Type [NEGATIVE]. @14-11-2021 01:54:00.0495 A

################################################################################################################################################
Starting Execution:	[53 out of 146] test cases in the current suite
Test Method:		[unitTests.tests_validations_assertions.assertEquals_false_expectedToPass]
################################################################################################################################################
[ReportManager] Assertion [ValidateEquals] PASSED. Expected [1] and Actual [2]. Comparison Type [EQUALS]. Validation Type [NEGATIVE]. @14-11-2021 01:54:00.0499 A

################################################################################################################################################
Starting Execution:	[54 out of 146] test cases in the current suite
Test Method:		[unitTests.tests_validations_assertions.assertEquals_longCharacters]
################################################################################################################################################
[ReportManager] Verification [ValidateEquals] PASSED. Expected and Actual values are attached. Comparison Type [EQUALS]. Validation Type [POSITIVE]. @14-11-2021 01:54:00.0509 AM
[ReportManager] Successfully created attachment [Validation Test Data - Expected Value] @14-11-2021 01:54:00.0551 AM
[ReportManager] Successfully created attachment [Validation Test Data - Actual Value] @14-11-2021 01:54:00.0632 AM
[ReportManager] Assertion [ValidateEquals] PASSED. Expected and Actual values are attached. Comparison Type [EQUALS]. Validation Type [POSITIVE]. @14-11-2021 01:54:00.0632 AM
[ReportManager] Successfully created attachment [Validation Test Data - Expected Value] @14-11-2021 01:54:00.0674 AM
[ReportManager] Successfully created attachment [Validation Test Data - Actual Value] @14-11-2021 01:54:00.0757 A

################################################################################################################################################
Starting Execution:	[55 out of 146] test cases in the current suite
Test Method:		[unitTests.tests_validations_assertions.assertEquals_longCharacters_Discreet]
################################################################################################################################################
[ReportManager] Assertion [ValidateEquals] PASSED. Expected [1LH5pROcDBjjQk0t0mCr0lXuzQu9lcGj28kY8R1H81X67eVAQJgWQhILiRWVPUgZ6uCtK5cnBkF55Jr9vYngjGO1Iyf0Mktv6lruDlL9T8MAUPcUZJGHZtji6nIeadujDSNmWMj5d6C8zlFqw0CRqBU0hO5adIasHgBSNoLotAjce3NGXoDwAlp3rYreeV16VIyZXROQY] and Actual [1LH5pROcDBjjQk0t0mCr0lXuzQu9lcGj28kY8R1H81X67eVAQJgWQhILiRWVPUgZ6uCtK5cnBkF55Jr9vYngjGO1Iyf0Mktv6lruDlL9T8MAUPcUZJGHZtji6nIeadujDSNmWMj5d6C8zlFqw0CRqBU0hO5adIasHgBSNoLotAjce3NGXoDwAlp3rYreeV16VIyZXROQY]. Comparison Type [EQUALS]. Validation Type [POSITIVE]. @14-11-2021 01:54:00.0883 A

################################################################################################################################################
Starting Execution:	[56 out of 146] test cases in the current suite
Test Method:		[unitTests.tests_validations_assertions.assertEquals_true_expectedToFail]
################################################################################################################################################
[ReportManager] Assertion [ValidateEquals] FAILED. Expected [1] and Actual [2]. Comparison Type [EQUALS]. Validation Type [POSITIVE]. @14-11-2021 01:54:01.0010 A

################################################################################################################################################
Starting Execution:	[57 out of 146] test cases in the current suite
Test Method:		[unitTests.tests_validations_assertions.assertEquals_true_expectedToPass]
Test Description:	[Assert that assertEquals works as expected when the two values are equal.]
################################################################################################################################################
[ReportManager] Verification [ValidateEquals] PASSED. Expected [1] and Actual [1]. Comparison Type [EQUALS]. Validation Type [POSITIVE]. @14-11-2021 01:54:01.0143 AM
[ReportManager] Assertion [ValidateEquals] PASSED. Expected [1] and Actual [1]. Comparison Type [EQUALS]. Validation Type [POSITIVE]. @14-11-2021 01:54:01.0143 A

################################################################################################################################################
Starting Execution:	[58 out of 146] test cases in the current suite
Test Method:		[unitTests.tests_validations_assertions.assertEquals_true_expectedToPass__]
################################################################################################################################################
[ReportManager] Assertion [ValidateEquals] PASSED. Expected [1] and Actual [1]. Comparison Type [EQUALS]. Validation Type [POSITIVE]. @14-11-2021 01:54:01.0268 A

################################################################################################################################################
Starting Execution:	[59 out of 146] test cases in the current suite
Test Method:		[unitTests.tests_validations_assertions.assertFileExists_false_expectedToFail]
################################################################################################################################################
[ReportManager] File Action [DoesFileExist] successfully performed. With the following test data [File Path: "src/main/java/com/shaft/gui/element/ElementActions.java"]. @14-11-2021 01:54:01.0393 AM
[ReportManager] Assertion [ValidateFileExists] FAILED. Expected [File 'src/main/java/com/shaft/gui/element/ElementActions.java' should not exist, after up to '1' retries] and Actual [File exists]. Validation Type [NEGATIVE]. @14-11-2021 01:54:01.0399 A

################################################################################################################################################
Starting Execution:	[60 out of 146] test cases in the current suite
Test Method:		[unitTests.tests_validations_assertions.assertFileExists_false_expectedToPass]
################################################################################################################################################
[ReportManager] File Action [DoesFileExist] successfully performed. With the following test data [File Path: "src/main/java/com/shaft/gui/element/ElementActions.java_fail"]. @14-11-2021 01:54:02.0025 AM
[ReportManager] Assertion [ValidateFileExists] PASSED. Expected [File 'src/main/java/com/shaft/gui/element/ElementActions.java_fail' should not exist, after up to '1' retries] and Actual [File does not exist]. Validation Type [NEGATIVE]. @14-11-2021 01:54:02.0026 A

################################################################################################################################################
Starting Execution:	[61 out of 146] test cases in the current suite
Test Method:		[unitTests.tests_validations_assertions.assertFileExists_true_expectedToFail]
################################################################################################################################################
[ReportManager] File Action [DoesFileExist] successfully performed. With the following test data [File Path: "src/main/java/com/shaft/gui/element/ElementActions.java_fail"]. @14-11-2021 01:54:02.0726 AM
[ReportManager] Assertion [ValidateFileExists] FAILED. Expected [File 'src/main/java/com/shaft/gui/element/ElementActions.java_fail' should exist, after up to '1' retries] and Actual [File does not exist]. Validation Type [POSITIVE]. @14-11-2021 01:54:02.0726 A

################################################################################################################################################
Starting Execution:	[62 out of 146] test cases in the current suite
Test Method:		[unitTests.tests_validations_assertions.assertFileExists_true_expectedToPass]
################################################################################################################################################
[ReportManager] File Action [DoesFileExist] successfully performed. With the following test data [File Path: "src/main/java/com/shaft/gui/element/ElementActions.java"]. @14-11-2021 01:54:02.0851 AM
[ReportManager] Assertion [ValidateFileExists] PASSED. Expected [File 'src/main/java/com/shaft/gui/element/ElementActions.java' should exist, after up to '1' retries] and Actual [File exists]. Validation Type [POSITIVE]. @14-11-2021 01:54:02.0852 A

################################################################################################################################################
Starting Execution:	[63 out of 146] test cases in the current suite
Test Method:		[unitTests.tests_validations_assertions.assertNull_false_expectedToFail]
################################################################################################################################################
[ReportManager] Assertion [ValidateNull] FAILED. Expected [NULL] and Actual [NULL]. Comparison Type [EQUALS]. Validation Type [NEGATIVE]. @14-11-2021 01:54:02.0977 A

################################################################################################################################################
Starting Execution:	[64 out of 146] test cases in the current suite
Test Method:		[unitTests.tests_validations_assertions.assertNull_false_expectedToPass]
################################################################################################################################################
[ReportManager] Assertion [ValidateNull] PASSED. Expected [NULL] and Actual [1]. Comparison Type [EQUALS]. Validation Type [NEGATIVE]. @14-11-2021 01:54:03.0104 A

################################################################################################################################################
Starting Execution:	[65 out of 146] test cases in the current suite
Test Method:		[unitTests.tests_validations_assertions.assertNull_true_expectedToFail]
################################################################################################################################################
[ReportManager] Assertion [ValidateNull] FAILED. Expected [NULL] and Actual [1]. Comparison Type [EQUALS]. Validation Type [POSITIVE]. @14-11-2021 01:54:03.0107 A

################################################################################################################################################
Starting Execution:	[66 out of 146] test cases in the current suite
Test Method:		[unitTests.tests_validations_assertions.assertNull_true_expectedToPass]
################################################################################################################################################
[ReportManager] Assertion [ValidateNull] PASSED. Expected [NULL] and Actual [NULL]. Comparison Type [EQUALS]. Validation Type [POSITIVE]. @14-11-2021 01:54:03.0110 A

################################################################################################################################################
Starting Execution:	[67 out of 146] test cases in the current suite
Test Method:		[unitTests.tests_restActions.getPostsAndAssertBodyForSpecificTitle]
################################################################################################################################################
[ReportManager] Response status code: [200], status line: [HTTP/1.1 200 OK] @14-11-2021 01:54:05.0439 AM
[ReportManager] Assertion Passed: Evaluating the actual response status code against the expected one... @14-11-2021 01:54:05.0444 AM
[ReportManager] Assertion [ValidateComparativeRelation] PASSED. Expected [200] and Actual [200]. Comparison Type [EQUALS]. Validation Type [POSITIVE]. @14-11-2021 01:54:05.0444 AM
[ReportManager] API Action [PerformRequest] successfully performed. With the following test data [Request Type: "GET" | Target Status Code: "200" | Service URL: "https://jsonplaceholder.typicode.com/posts" | Content Type: "*/*" | Response Time: "667ms"]. @14-11-2021 01:54:06.0535 AM
[ReportManager] Successfully created attachment [API Request - Specifications] @14-11-2021 01:54:06.0576 AM
[ReportManager] Successfully created attachment [API Response - JSON Body] @14-11-2021 01:54:06.0901 AM
[ReportManager] API Action [GetResponseJSONValueAsList] successfully performed. @14-11-2021 01:54:06.0963 AM
[ReportManager] API Action [GetResponseJSONValue] successfully performed. With the following test data [title]. @14-11-2021 01:54:06.0988 AM
[ReportManager] API Action [GetResponseJSONValue] successfully performed. With the following test data [title]. @14-11-2021 01:54:07.0002 AM
[ReportManager] API Action [GetResponseJSONValue] successfully performed. With the following test data [body]. @14-11-2021 01:54:07.0018 AM
[ReportManager] Assertion [ValidateEquals] PASSED. Expected [qui neque nisi nulla] and Actual [est rerum tempore vitae
sequi sint nihil reprehenderit dolor beatae ea dolores neque
fugiat blanditiis voluptate porro vel nihil molestiae ut reiciendis
qui aperiam non debitis possimus qui neque nisi nulla]. Comparison Type [CONTAINS]. Validation Type [POSITIVE]. @14-11-2021 01:54:07.0019 AM
[ReportManager] API Action [GetResponseJSONValue] successfully performed. With the following test data [title]. @14-11-2021 01:54:07.0032 AM
[ReportManager] API Action [GetResponseJSONValue] successfully performed. With the following test data [title]. @14-11-2021 01:54:07.0046 AM
[ReportManager] API Action [GetResponseJSONValue] successfully performed. With the following test data [title]. @14-11-2021 01:54:07.0061 AM
[ReportManager] API Action [GetResponseJSONValue] successfully performed. With the following test data [title]. @14-11-2021 01:54:07.0074 AM
[ReportManager] API Action [GetResponseJSONValue] successfully performed. With the following test data [title]. @14-11-2021 01:54:07.0089 AM
[ReportManager] API Action [GetResponseJSONValue] successfully performed. With the following test data [title]. @14-11-2021 01:54:07.0102 AM
[ReportManager] API Action [GetResponseJSONValue] successfully performed. With the following test data [title]. @14-11-2021 01:54:07.0114 AM
[ReportManager] API Action [GetResponseJSONValue] successfully performed. With the following test data [title]. @14-11-2021 01:54:07.0128 AM
[ReportManager] API Action [GetResponseJSONValue] successfully performed. With the following test data [title]. @14-11-2021 01:54:07.0141 AM
[ReportManager] API Action [GetResponseJSONValue] successfully performed. With the following test data [title]. @14-11-2021 01:54:07.0154 AM
[ReportManager] API Action [GetResponseJSONValue] successfully performed. With the following test data [title]. @14-11-2021 01:54:07.0171 AM
[ReportManager] API Action [GetResponseJSONValue] successfully performed. With the following test data [title]. @14-11-2021 01:54:07.0186 AM
[ReportManager] API Action [GetResponseJSONValue] successfully performed. With the following test data [title]. @14-11-2021 01:54:07.0199 AM
[ReportManager] API Action [GetResponseJSONValue] successfully performed. With the following test data [title]. @14-11-2021 01:54:07.0211 AM
[ReportManager] API Action [GetResponseJSONValue] successfully performed. With the following test data [title]. @14-11-2021 01:54:07.0224 AM
[ReportManager] API Action [GetResponseJSONValue] successfully performed. With the following test data [title]. @14-11-2021 01:54:07.0237 AM
[ReportManager] API Action [GetResponseJSONValue] successfully performed. With the following test data [title]. @14-11-2021 01:54:07.0250 AM
[ReportManager] API Action [GetResponseJSONValue] successfully performed. With the following test data [title]. @14-11-2021 01:54:07.0264 AM
[ReportManager] API Action [GetResponseJSONValue] successfully performed. With the following test data [title]. @14-11-2021 01:54:07.0279 AM
[ReportManager] API Action [GetResponseJSONValue] successfully performed. With the following test data [title]. @14-11-2021 01:54:07.0293 AM
[ReportManager] API Action [GetResponseJSONValue] successfully performed. With the following test data [title]. @14-11-2021 01:54:07.0305 AM
[ReportManager] API Action [GetResponseJSONValue] successfully performed. With the following test data [title]. @14-11-2021 01:54:07.0317 AM
[ReportManager] API Action [GetResponseJSONValue] successfully performed. With the following test data [title]. @14-11-2021 01:54:07.0330 AM
[ReportManager] API Action [GetResponseJSONValue] successfully performed. With the following test data [title]. @14-11-2021 01:54:07.0358 AM
[ReportManager] API Action [GetResponseJSONValue] successfully performed. With the following test data [title]. @14-11-2021 01:54:07.0369 AM
[ReportManager] API Action [GetResponseJSONValue] successfully performed. With the following test data [title]. @14-11-2021 01:54:07.0380 AM
[ReportManager] API Action [GetResponseJSONValue] successfully performed. With the following test data [title]. @14-11-2021 01:54:07.0393 AM
[ReportManager] API Action [GetResponseJSONValue] successfully performed. With the following test data [title]. @14-11-2021 01:54:07.0405 AM
[ReportManager] API Action [GetResponseJSONValue] successfully performed. With the following test data [title]. @14-11-2021 01:54:07.0418 AM
[ReportManager] API Action [GetResponseJSONValue] successfully performed. With the following test data [title]. @14-11-2021 01:54:07.0435 AM
[ReportManager] API Action [GetResponseJSONValue] successfully performed. With the following test data [title]. @14-11-2021 01:54:07.0448 AM
[ReportManager] API Action [GetResponseJSONValue] successfully performed. With the following test data [title]. @14-11-2021 01:54:07.0462 AM
[ReportManager] API Action [GetResponseJSONValue] successfully performed. With the following test data [title]. @14-11-2021 01:54:07.0474 AM
[ReportManager] API Action [GetResponseJSONValue] successfully performed. With the following test data [title]. @14-11-2021 01:54:07.0485 AM
[ReportManager] API Action [GetResponseJSONValue] successfully performed. With the following test data [title]. @14-11-2021 01:54:07.0497 AM
[ReportManager] API Action [GetResponseJSONValue] successfully performed. With the following test data [title]. @14-11-2021 01:54:07.0508 AM
[ReportManager] API Action [GetResponseJSONValue] successfully performed. With the following test data [title]. @14-11-2021 01:54:07.0520 AM
[ReportManager] API Action [GetResponseJSONValue] successfully performed. With the following test data [title]. @14-11-2021 01:54:07.0531 AM
[ReportManager] API Action [GetResponseJSONValue] successfully performed. With the following test data [title]. @14-11-2021 01:54:07.0542 AM
[ReportManager] API Action [GetResponseJSONValue] successfully performed. With the following test data [title]. @14-11-2021 01:54:07.0554 AM
[ReportManager] API Action [GetResponseJSONValue] successfully performed. With the following test data [title]. @14-11-2021 01:54:07.0566 AM
[ReportManager] API Action [GetResponseJSONValue] successfully performed. With the following test data [title]. @14-11-2021 01:54:07.0578 AM
[ReportManager] API Action [GetResponseJSONValue] successfully performed. With the following test data [title]. @14-11-2021 01:54:07.0590 AM
[ReportManager] API Action [GetResponseJSONValue] successfully performed. With the following test data [title]. @14-11-2021 01:54:07.0602 AM
[ReportManager] API Action [GetResponseJSONValue] successfully performed. With the following test data [title]. @14-11-2021 01:54:07.0613 AM
[ReportManager] API Action [GetResponseJSONValue] successfully performed. With the following test data [title]. @14-11-2021 01:54:07.0624 AM
[ReportManager] API Action [GetResponseJSONValue] successfully performed. With the following test data [title]. @14-11-2021 01:54:07.0635 AM
[ReportManager] API Action [GetResponseJSONValue] successfully performed. With the following test data [title]. @14-11-2021 01:54:07.0647 AM
[ReportManager] API Action [GetResponseJSONValue] successfully performed. With the following test data [title]. @14-11-2021 01:54:07.0659 AM
[ReportManager] API Action [GetResponseJSONValue] successfully performed. With the following test data [title]. @14-11-2021 01:54:07.0671 AM
[ReportManager] API Action [GetResponseJSONValue] successfully performed. With the following test data [title]. @14-11-2021 01:54:07.0683 AM
[ReportManager] API Action [GetResponseJSONValue] successfully performed. With the following test data [title]. @14-11-2021 01:54:07.0694 AM
[ReportManager] API Action [GetResponseJSONValue] successfully performed. With the following test data [title]. @14-11-2021 01:54:07.0706 AM
[ReportManager] API Action [GetResponseJSONValue] successfully performed. With the following test data [title]. @14-11-2021 01:54:07.0717 AM
[ReportManager] API Action [GetResponseJSONValue] successfully performed. With the following test data [title]. @14-11-2021 01:54:07.0727 AM
[ReportManager] API Action [GetResponseJSONValue] successfully performed. With the following test data [title]. @14-11-2021 01:54:07.0739 AM
[ReportManager] API Action [GetResponseJSONValue] successfully performed. With the following test data [title]. @14-11-2021 01:54:07.0749 AM
[ReportManager] API Action [GetResponseJSONValue] successfully performed. With the following test data [title]. @14-11-2021 01:54:07.0760 AM
[ReportManager] API Action [GetResponseJSONValue] successfully performed. With the following test data [title]. @14-11-2021 01:54:07.0772 AM
[ReportManager] API Action [GetResponseJSONValue] successfully performed. With the following test data [title]. @14-11-2021 01:54:07.0801 AM
[ReportManager] API Action [GetResponseJSONValue] successfully performed. With the following test data [title]. @14-11-2021 01:54:07.0812 AM
[ReportManager] API Action [GetResponseJSONValue] successfully performed. With the following test data [title]. @14-11-2021 01:54:07.0823 AM
[ReportManager] API Action [GetResponseJSONValue] successfully performed. With the following test data [title]. @14-11-2021 01:54:07.0834 AM
[ReportManager] API Action [GetResponseJSONValue] successfully performed. With the following test data [title]. @14-11-2021 01:54:07.0845 AM
[ReportManager] API Action [GetResponseJSONValue] successfully performed. With the following test data [title]. @14-11-2021 01:54:07.0855 AM
[ReportManager] API Action [GetResponseJSONValue] successfully performed. With the following test data [title]. @14-11-2021 01:54:07.0866 AM
[ReportManager] API Action [GetResponseJSONValue] successfully performed. With the following test data [title]. @14-11-2021 01:54:07.0877 AM
[ReportManager] API Action [GetResponseJSONValue] successfully performed. With the following test data [title]. @14-11-2021 01:54:07.0888 AM
[ReportManager] API Action [GetResponseJSONValue] successfully performed. With the following test data [title]. @14-11-2021 01:54:07.0899 AM
[ReportManager] API Action [GetResponseJSONValue] successfully performed. With the following test data [title]. @14-11-2021 01:54:07.0911 AM
[ReportManager] API Action [GetResponseJSONValue] successfully performed. With the following test data [title]. @14-11-2021 01:54:07.0921 AM
[ReportManager] API Action [GetResponseJSONValue] successfully performed. With the following test data [title]. @14-11-2021 01:54:07.0932 AM
[ReportManager] API Action [GetResponseJSONValue] successfully performed. With the following test data [title]. @14-11-2021 01:54:07.0945 AM
[ReportManager] API Action [GetResponseJSONValue] successfully performed. With the following test data [title]. @14-11-2021 01:54:07.0955 AM
[ReportManager] API Action [GetResponseJSONValue] successfully performed. With the following test data [title]. @14-11-2021 01:54:07.0966 AM
[ReportManager] API Action [GetResponseJSONValue] successfully performed. With the following test data [title]. @14-11-2021 01:54:07.0979 AM
[ReportManager] API Action [GetResponseJSONValue] successfully performed. With the following test data [title]. @14-11-2021 01:54:07.0995 AM
[ReportManager] API Action [GetResponseJSONValue] successfully performed. With the following test data [title]. @14-11-2021 01:54:08.0009 AM
[ReportManager] API Action [GetResponseJSONValue] successfully performed. With the following test data [title]. @14-11-2021 01:54:08.0024 AM
[ReportManager] API Action [GetResponseJSONValue] successfully performed. With the following test data [title]. @14-11-2021 01:54:08.0035 AM
[ReportManager] API Action [GetResponseJSONValue] successfully performed. With the following test data [title]. @14-11-2021 01:54:08.0046 AM
[ReportManager] API Action [GetResponseJSONValue] successfully performed. With the following test data [title]. @14-11-2021 01:54:08.0059 AM
[ReportManager] API Action [GetResponseJSONValue] successfully performed. With the following test data [title]. @14-11-2021 01:54:08.0070 AM
[ReportManager] API Action [GetResponseJSONValue] successfully performed. With the following test data [title]. @14-11-2021 01:54:08.0083 AM
[ReportManager] API Action [GetResponseJSONValue] successfully performed. With the following test data [title]. @14-11-2021 01:54:08.0103 AM
[ReportManager] API Action [GetResponseJSONValue] successfully performed. With the following test data [title]. @14-11-2021 01:54:08.0119 AM
[ReportManager] API Action [GetResponseJSONValue] successfully performed. With the following test data [title]. @14-11-2021 01:54:08.0132 AM
[ReportManager] API Action [GetResponseJSONValue] successfully performed. With the following test data [title]. @14-11-2021 01:54:08.0143 AM
[ReportManager] API Action [GetResponseJSONValue] successfully performed. With the following test data [title]. @14-11-2021 01:54:08.0155 AM
[ReportManager] API Action [GetResponseJSONValue] successfully performed. With the following test data [title]. @14-11-2021 01:54:08.0166 AM
[ReportManager] API Action [GetResponseJSONValue] successfully performed. With the following test data [title]. @14-11-2021 01:54:08.0178 AM
[ReportManager] API Action [GetResponseJSONValue] successfully performed. With the following test data [title]. @14-11-2021 01:54:08.0189 AM
[ReportManager] API Action [GetResponseJSONValue] successfully performed. With the following test data [title]. @14-11-2021 01:54:08.0199 AM
[ReportManager] API Action [GetResponseJSONValue] successfully performed. With the following test data [title]. @14-11-2021 01:54:08.0210 AM
[ReportManager] API Action [GetResponseJSONValue] successfully performed. With the following test data [title]. @14-11-2021 01:54:08.0221 AM
[ReportManager] API Action [GetResponseJSONValue] successfully performed. With the following test data [title]. @14-11-2021 01:54:08.0232 AM
[ReportManager] API Action [GetResponseJSONValue] successfully performed. With the following test data [title]. @14-11-2021 01:54:08.0243 AM
[ReportManager] API Action [GetResponseJSONValue] successfully performed. With the following test data [title]. @14-11-2021 01:54:08.0253 A

################################################################################################################################################
Starting Execution:	[68 out of 146] test cases in the current suite
Test Method:		[unitTests.tests_restActions.validateUserEmail]
################################################################################################################################################
[ReportManager] Response status code: [200], status line: [HTTP/1.1 200 OK] @14-11-2021 01:54:08.0437 AM
[ReportManager] Assertion Passed: Evaluating the actual response status code against the expected one... @14-11-2021 01:54:08.0438 AM
[ReportManager] Assertion [ValidateComparativeRelation] PASSED. Expected [200] and Actual [200]. Comparison Type [EQUALS]. Validation Type [POSITIVE]. @14-11-2021 01:54:08.0438 AM
[ReportManager] API Action [PerformRequest] successfully performed. With the following test data [Request Type: "GET" | Target Status Code: "200" | Service URL: "https://jsonplaceholder.typicode.com/users" | Content Type: "*/*" | Response Time: "52ms"]. @14-11-2021 01:54:08.0467 AM
[ReportManager] Successfully created attachment [API Request - Specifications] @14-11-2021 01:54:08.0508 AM
[ReportManager] Successfully created attachment [API Response - JSON Body] @14-11-2021 01:54:08.0591 AM
[ReportManager] Assertion [ValidateEquals] PASSED. Expected and Actual values are attached. Comparison Type [CONTAINS]. Validation Type [POSITIVE]. @14-11-2021 01:54:08.0591 AM
[ReportManager] Successfully created attachment [Validation Test Data - Expected Value] @14-11-2021 01:54:08.0632 AM
[ReportManager] Successfully created attachment [Validation Test Data - Actual Value] @14-11-2021 01:54:08.0716 AM
[ReportManager] API Action [GetResponseJSONValueAsList] successfully performed. With the following test data [$]. @14-11-2021 01:54:08.0723 AM
[ReportManager] API Action [GetResponseJSONValue] successfully performed. With the following test data [name]. @14-11-2021 01:54:08.0735 AM
[ReportManager] API Action [GetResponseJSONValue] successfully performed. With the following test data [email]. @14-11-2021 01:54:08.0748 AM
[ReportManager] Assertion [ValidateEquals] PASSED. Expected [Sincere@april.biz] and Actual [Sincere@april.biz]. Comparison Type [EQUALS]. Validation Type [POSITIVE]. @14-11-2021 01:54:08.0748 AM
[ReportManager] API Action [GetResponseJSONValue] successfully performed. With the following test data [name]. @14-11-2021 01:54:08.0761 AM
[ReportManager] API Action [GetResponseJSONValue] successfully performed. With the following test data [name]. @14-11-2021 01:54:08.0772 AM
[ReportManager] API Action [GetResponseJSONValue] successfully performed. With the following test data [name]. @14-11-2021 01:54:08.0784 AM
[ReportManager] API Action [GetResponseJSONValue] successfully performed. With the following test data [name]. @14-11-2021 01:54:08.0795 AM
[ReportManager] API Action [GetResponseJSONValue] successfully performed. With the following test data [name]. @14-11-2021 01:54:08.0806 AM
[ReportManager] API Action [GetResponseJSONValue] successfully performed. With the following test data [name]. @14-11-2021 01:54:08.0817 AM
[ReportManager] API Action [GetResponseJSONValue] successfully performed. With the following test data [name]. @14-11-2021 01:54:08.0827 AM
[ReportManager] API Action [GetResponseJSONValue] successfully performed. With the following test data [name]. @14-11-2021 01:54:08.0837 AM
[ReportManager] API Action [GetResponseJSONValue] successfully performed. With the following test data [name]. @14-11-2021 01:54:08.0849 A
[ReportManager] File Action [GetAbsolutePath] successfully performed. With the following test data [Relative Folder Path: "target/downloadedFiles/"]. @14-11-2021 01:54:08.0977 AM
[ReportManager] Attempting to run locally on: [Mac-64], [Safari], Headless Execution. @14-11-2021 01:54:08.0977 AM
[ReportManager] Successfully Opened Safari. @14-11-2021 01:54:09.0757 AM
[ReportManager] Initial window size: (800, 600) @14-11-2021 01:54:09.0781 AM
[ReportManager] Window size after SWD Maximize: (1176, 811) @14-11-2021 01:54:09.0843 AM
[ReportManager] Browser Action [MaximizeWindow] successfully performed. With the following test data [New screen size is now: (1176, 811)]. @14-11-2021 01:54:09.0844 A

################################################################################################################################################
Starting Execution:	[69 out of 146] test cases in the current suite
Test Method:		[testPackage01.Test_uploadFile.uploadFile_invisibleUploadInput]
################################################################################################################################################
[ReportManager] Target URL: [https://fineuploader.com/demos.html#gallery-view] @14-11-2021 01:54:09.0970 AM
[ReportManager] Initial URL: [] @14-11-2021 01:54:10.0066 AM
[ReportManager] Browser Action [NavigateToURL] successfully performed. With the following test data [https://fineuploader.com/demos.html#gallery-view]. @14-11-2021 01:54:13.0725 AM
[ReportManager] File Action [GetAbsolutePath] successfully performed. With the following test data [Relative File Path: "src/main/resources/images/shaft.png"]. @14-11-2021 01:54:13.0726 AM
[ReportManager] Successfully created attachment [File Action Actual Result - Command Log] @14-11-2021 01:54:13.0824 AM
[ReportManager] Element Action [TypeFileLocationForUpload] successfully performed. With the following test data [/Users/runner/work/SHAFT_ENGINE/SHAFT_ENGINE/src/main/resources/images/shaft.png]. @14-11-2021 01:54:13.0864 AM
[ReportManager] Attempting to getAttribute [src] from elementLocator [By.xpath: //div[@id='fine-uploader-gallery']//div[@class='qq-thumbnail-wrapper']/img]. @14-11-2021 01:54:13.0865 AM
[ReportManager] Element Action [GetAttribute] successfully performed. @14-11-2021 01:54:13.0958 AM
[ReportManager] Successfully created attachment [Element Action Test Data - GetAttribute - Actual Value] @14-11-2021 01:54:13.0999 AM
[ReportManager] Loaded Shared OpenCV @14-11-2021 01:54:14.0064 AM
[ReportManager] Assertion [ValidateElementAttribute] PASSED. Expected and Actual values are attached. Comparison Type [CONTAINS]. Validation Type [POSITIVE]. @14-11-2021 01:54:14.0329 AM
[ReportManager] Successfully created attachment [Validation Test Data - Expected Value] @14-11-2021 01:54:14.0411 AM
[ReportManager] Successfully created attachment [Validation Test Data - Actual Value] @14-11-2021 01:54:14.0452 AM
[ReportManager] Successfully created attachment [Screenshot - 1636854854064_uploadFile_invisibleUploadInput_ValidateElementAttribute_passed] @14-11-2021 01:54:14.0536 A
[ReportManager] Browser Action [CloseCurrentWindow] successfully performed. @14-11-2021 01:54:14.0961 AM
[ReportManager] Successfully created attachment [Browser Action Test Data - CloseCurrentWindow - Actual Value] @14-11-2021 01:54:15.0003 A
[ReportManager] File Action [GetAbsolutePath] successfully performed. With the following test data [Relative Folder Path: "target/downloadedFiles/"]. @14-11-2021 01:54:15.0133 AM
[ReportManager] Attempting to run locally on: [Mac-64], [Safari], Headless Execution. @14-11-2021 01:54:15.0133 AM
[ReportManager] Successfully Opened Safari. @14-11-2021 01:54:15.0935 AM
[ReportManager] Initial window size: (800, 600) @14-11-2021 01:54:15.0964 AM
[ReportManager] Window size after SWD Maximize: (1176, 811) @14-11-2021 01:54:15.0991 AM
[ReportManager] Browser Action [MaximizeWindow] successfully performed. With the following test data [New screen size is now: (1176, 811)]. @14-11-2021 01:54:15.0992 A

################################################################################################################################################
Starting Execution:	[70 out of 146] test cases in the current suite
Test Method:		[testPackage01.Test_uploadFile.uploadFile_visibleUploadInput]
################################################################################################################################################
[ReportManager] Target URL: [http://demo.guru99.com/test/upload/] @14-11-2021 01:54:16.0120 AM
[ReportManager] Initial URL: [] @14-11-2021 01:54:16.0151 AM
[ReportManager] Browser Action [NavigateToURL] successfully performed. With the following test data [http://demo.guru99.com/test/upload/]. @14-11-2021 01:54:17.0293 AM
[ReportManager] File Action [GetAbsolutePath] successfully performed. With the following test data [Relative File Path: "src/main/resources/images/shaft.png"]. @14-11-2021 01:54:17.0293 AM
[ReportManager] Successfully created attachment [File Action Actual Result - Command Log] @14-11-2021 01:54:17.0335 AM
[ReportManager] Element Action [TypeFileLocationForUpload] successfully performed. With the following test data [/Users/runner/work/SHAFT_ENGINE/SHAFT_ENGINE/src/main/resources/images/shaft.png]. @14-11-2021 01:54:17.0393 AM
[ReportManager] Element Action [Click] successfully performed. With the following test data [on]. @14-11-2021 01:54:17.0678 AM
[ReportManager] Element Action [Click] successfully performed. With the following test data [ Submit File]. @14-11-2021 01:54:18.0615 AM
[ReportManager] Element Action [GetText] successfully performed. With the following test data [1 file has been successfully uploaded.]. @14-11-2021 01:54:19.0296 AM
[ReportManager] Loaded Shared OpenCV @14-11-2021 01:54:19.0376 AM
[ReportManager] Assertion [ValidateElementAttribute] PASSED. Expected [Value Should be '1 file' for the 'Text' attribute, element locator 'By.id: res'] and Actual [1 file has been successfully uploaded.]. Comparison Type [CONTAINS]. Validation Type [POSITIVE]. @14-11-2021 01:54:19.0642 AM
[ReportManager] Successfully created attachment [Screenshot - 1636854859376_uploadFile_visibleUploadInput_ValidateElementAttribute_passed] @14-11-2021 01:54:19.0724 A
[ReportManager] Browser Action [CloseCurrentWindow] successfully performed. @14-11-2021 01:54:19.0972 AM
[ReportManager] Successfully created attachment [Browser Action Test Data - CloseCurrentWindow - Actual Value] @14-11-2021 01:54:20.0014 A

################################################################################################################################################
Starting Execution:	[71 out of 146] test cases in the current suite
Test Method:		[testPackage01.Test_AssertApiResponseEquals.assertApiResponseEquals_expectedToPass]
################################################################################################################################################
[ReportManager] Response status code: [200], status line: [HTTP/1.1 200 OK] @14-11-2021 01:54:20.0206 AM
[ReportManager] Assertion Passed: Evaluating the actual response status code against the expected one... @14-11-2021 01:54:20.0206 AM
[ReportManager] Assertion [ValidateComparativeRelation] PASSED. Expected [200] and Actual [200]. Comparison Type [EQUALS]. Validation Type [POSITIVE]. @14-11-2021 01:54:20.0207 AM
[ReportManager] API Action [PerformRequest] successfully performed. With the following test data [Request Type: "GET" | Target Status Code: "200" | Service URL: "https://jsonplaceholder.typicode.com/users" | Content Type: "*/*" | Response Time: "58ms"]. @14-11-2021 01:54:20.0232 AM
[ReportManager] Successfully created attachment [API Request - Specifications] @14-11-2021 01:54:20.0272 AM
[ReportManager] Successfully created attachment [API Response - JSON Body] @14-11-2021 01:54:20.0354 AM
[ReportManager] API Action [GetResponseJSONValueAsList] successfully performed. With the following test data [$]. @14-11-2021 01:54:20.0382 AM
[ReportManager] API Action [GetResponseJSONValue] successfully performed. With the following test data [name]. @14-11-2021 01:54:20.0400 AM
[ReportManager] API Action [GetResponseJSONValue] successfully performed. With the following test data [email]. @14-11-2021 01:54:20.0417 AM
[ReportManager] Verification [ValidateEquals] PASSED. Expected [Sincere@april.biz] and Actual [Sincere@april.biz]. Comparison Type [EQUALS]. Validation Type [POSITIVE]. @14-11-2021 01:54:20.0417 AM
[ReportManager] API Action [GetResponseJSONValue] successfully performed. With the following test data [username]. @14-11-2021 01:54:20.0433 AM
[ReportManager] Assertion [ValidateEquals] PASSED. Expected [Bret] and Actual [Bret]. Comparison Type [EQUALS]. Validation Type [POSITIVE]. @14-11-2021 01:54:20.0433 AM
[ReportManager] API Action [GetResponseJSONValue] successfully performed. With the following test data [name]. @14-11-2021 01:54:20.0449 AM
[ReportManager] API Action [GetResponseJSONValue] successfully performed. With the following test data [name]. @14-11-2021 01:54:20.0464 AM
[ReportManager] API Action [GetResponseJSONValue] successfully performed. With the following test data [name]. @14-11-2021 01:54:20.0480 AM
[ReportManager] API Action [GetResponseJSONValue] successfully performed. With the following test data [name]. @14-11-2021 01:54:20.0497 AM
[ReportManager] API Action [GetResponseJSONValue] successfully performed. With the following test data [name]. @14-11-2021 01:54:20.0526 AM
[ReportManager] API Action [GetResponseJSONValue] successfully performed. With the following test data [name]. @14-11-2021 01:54:20.0540 AM
[ReportManager] API Action [GetResponseJSONValue] successfully performed. With the following test data [name]. @14-11-2021 01:54:20.0553 AM
[ReportManager] API Action [GetResponseJSONValue] successfully performed. With the following test data [name]. @14-11-2021 01:54:20.0566 AM
[ReportManager] API Action [GetResponseJSONValue] successfully performed. With the following test data [name]. @14-11-2021 01:54:20.0584 A

################################################################################################################################################
Starting Execution:	[72 out of 146] test cases in the current suite
Test Method:		[testPackage01.Test_testData.f]
################################################################################################################################################
[ReportManager] Successfully loaded the following test data file [src/test/resources/TestDataFiles/testSuite01/TestData.xlsx]. @14-11-2021 01:54:20.0746 AM
[ReportManager] Successfully created attachment [Test Data - Excel] @14-11-2021 01:54:20.0827 AM
[ReportManager] Last Column Number is: [3]. Zero-based. @14-11-2021 01:54:20.0828 A

################################################################################################################################################
Starting Execution:	[73 out of 146] test cases in the current suite
Test Method:		[testPackage01.Test_PDF.testPDF1]
################################################################################################################################################
[ReportManager] File Action [DoesFileExist] successfully performed. With the following test data [File Path: "src/test/resources/TestDataFiles/sample.pdf"]. @14-11-2021 01:54:20.0959 AM
[ReportManager] File Action [GetAbsolutePath] successfully performed. With the following test data [Relative Folder Path: "src/test/resources/TestDataFiles/sample.pdf"]. @14-11-2021 01:54:20.0960 AM
[ReportManager] Assertion Passed: Checking to see that the pdf file contains [A Simple PDF File] @14-11-2021 01:55:48.0183 AM
[ReportManager] Successfully created attachment [Validation Test Data - Expected Value] @14-11-2021 01:55:48.0225 AM
[ReportManager] Successfully created attachment [Validation Test Data - Actual Value] @14-11-2021 01:55:48.0306 AM
[ReportManager] Assertion [ValidateEquals] PASSED. Expected and Actual values are attached. Comparison Type [CONTAINS]. Validation Type [POSITIVE]. @14-11-2021 01:55:48.0306 A

################################################################################################################################################
Starting Execution:	[74 out of 146] test cases in the current suite
Test Method:		[testPackage01.Test_PDF.testPDF2]
################################################################################################################################################
[ReportManager] File Action [DoesFileExist] successfully performed. With the following test data [File Path: "src/test/resources/TestDataFiles/sample.pdf"]. @14-11-2021 01:55:48.0626 AM
[ReportManager] File Action [GetAbsolutePath] successfully performed. With the following test data [Relative Folder Path: "src/test/resources/TestDataFiles/sample.pdf"]. @14-11-2021 01:55:48.0626 AM
[ReportManager] Assertion Passed: Checking to see that the pdf file contains [A Simple PDF File] @14-11-2021 01:55:48.0645 AM
[ReportManager] Successfully created attachment [Validation Test Data - Expected Value] @14-11-2021 01:55:48.0687 AM
[ReportManager] Successfully created attachment [Validation Test Data - Actual Value] @14-11-2021 01:55:48.0770 AM
[ReportManager] Assertion [ValidateEquals] PASSED. Expected and Actual values are attached. Comparison Type [CONTAINS]. Validation Type [POSITIVE]. @14-11-2021 01:55:48.0770 A
[ReportManager] File Action [GetAbsolutePath] successfully performed. With the following test data [Relative Folder Path: "target/downloadedFiles/"]. @14-11-2021 01:55:49.0036 AM
[ReportManager] Attempting to run locally on: [Mac-64], [Safari], Headless Execution. @14-11-2021 01:55:49.0036 AM
[ReportManager] Successfully Opened Safari. @14-11-2021 01:55:50.0040 AM
[ReportManager] Initial window size: (800, 600) @14-11-2021 01:55:50.0045 AM
[ReportManager] Window size after SWD Maximize: (1176, 811) @14-11-2021 01:55:50.0058 AM
[ReportManager] Browser Action [MaximizeWindow] successfully performed. With the following test data [New screen size is now: (1176, 811)]. @14-11-2021 01:55:50.0058 A

################################################################################################################################################
Starting Execution:	[75 out of 146] test cases in the current suite
Test Method:		[testPackage01.Test_ShadowDOM.shadowdom]
################################################################################################################################################
[ReportManager] Target URL: [https://mdn.github.io/web-components-examples/popup-info-box-web-component/] @14-11-2021 01:55:50.0187 AM
[ReportManager] Initial URL: [] @14-11-2021 01:55:50.0222 AM
[ReportManager] Browser Action [NavigateToURL] successfully performed. With the following test data [https://mdn.github.io/web-components-examples/popup-info-box-web-component/]. @14-11-2021 01:55:50.0665 AM
[ReportManager] Element Action [Type] successfully performed. With the following test data [Typing into SHADOW DOM...]. @14-11-2021 01:55:51.0655 AM
[ReportManager] Element Action [GetText] successfully performed. With the following test data [Typing into SHADOW DOM...]. @14-11-2021 01:55:51.0703 AM
[ReportManager] Loaded Shared OpenCV @14-11-2021 01:55:51.0744 AM
[ReportManager] Assertion [ValidateElementAttribute] PASSED. Expected [Value Should be 'Typing into SHADOW DOM...' for the 'Text' attribute, element locator 'By.id: cvc'] and Actual [Typing into SHADOW DOM...]. Comparison Type [EQUALS]. Validation Type [POSITIVE]. @14-11-2021 01:55:52.0017 AM
[ReportManager] Successfully created attachment [Screenshot - 1636854951744_shadowdom_ValidateElementAttribute_passed] @14-11-2021 01:55:52.0099 A
[ReportManager] Browser Action [CloseCurrentWindow] successfully performed. @14-11-2021 01:55:52.0616 AM
[ReportManager] Successfully created attachment [Browser Action Test Data - CloseCurrentWindow - Actual Value] @14-11-2021 01:55:52.0657 A
[ReportManager] File Action [GetAbsolutePath] successfully performed. With the following test data [Relative Folder Path: "target/downloadedFiles/"]. @14-11-2021 01:55:52.0782 AM
[ReportManager] Attempting to run locally on: [Mac-64], [Safari], Headless Execution. @14-11-2021 01:55:52.0783 AM
[ReportManager] Successfully Opened Safari. @14-11-2021 01:55:53.0627 AM
[ReportManager] Initial window size: (800, 600) @14-11-2021 01:55:53.0639 AM
[ReportManager] Window size after SWD Maximize: (1176, 811) @14-11-2021 01:55:53.0669 AM
[ReportManager] Browser Action [MaximizeWindow] successfully performed. With the following test data [New screen size is now: (1176, 811)]. @14-11-2021 01:55:53.0670 A

################################################################################################################################################
Starting Execution:	[76 out of 146] test cases in the current suite
Test Method:		[testPackage01.Test_clipboardActions.typeTextAndCopyPaste]
################################################################################################################################################
[ReportManager] Target URL: [https://www.google.com/ncr], and after redirection: [https://www.google.com] @14-11-2021 01:55:53.0715 AM
[ReportManager] Initial URL: [] @14-11-2021 01:55:53.0774 AM
[ReportManager] Browser Action [NavigateToURL] successfully performed. With the following test data [https://www.google.com/ncr]. @14-11-2021 01:55:55.0378 AM
[ReportManager] Element Action [Type] successfully performed. With the following test data [FIRST]. @14-11-2021 01:55:55.0714 A
[ReportManager] Browser Action [CloseCurrentWindow] successfully performed. @14-11-2021 01:55:56.0310 AM
[ReportManager] Successfully created attachment [Browser Action Test Data - CloseCurrentWindow - Actual Value] @14-11-2021 01:55:56.0352 A

################################################################################################################################################
Starting Execution:	[77 out of 146] test cases in the current suite
Test Method:		[testPackage01.Test_NewValidationHelper.f1]
################################################################################################################################################
[ReportManager] Assertion Passed: Checking valid user data @14-11-2021 01:55:56.0437 AM
[ReportManager] Successfully created attachment [Validation Test Data - Expected Value] @14-11-2021 01:55:56.0480 AM
[ReportManager] Successfully created attachment [Validation Test Data - Actual Value] @14-11-2021 01:55:56.0563 AM
[ReportManager] Assertion [ValidateEquals] PASSED. Expected and Actual values are attached. Comparison Type [EQUALS]. Validation Type [POSITIVE]. @14-11-2021 01:55:56.0563 A
[ReportManager] File Action [GetAbsolutePath] successfully performed. With the following test data [Relative Folder Path: "target/downloadedFiles/"]. @14-11-2021 01:55:56.0688 AM
[ReportManager] Attempting to run locally on: [Mac-64], [Safari], Headless Execution. @14-11-2021 01:55:56.0688 AM
[ReportManager] Successfully Opened Safari. @14-11-2021 01:55:57.0477 AM
[ReportManager] Initial window size: (800, 600) @14-11-2021 01:55:57.0484 AM
[ReportManager] Window size after SWD Maximize: (1176, 811) @14-11-2021 01:55:57.0507 AM
[ReportManager] Browser Action [MaximizeWindow] successfully performed. With the following test data [New screen size is now: (1176, 811)]. @14-11-2021 01:55:57.0507 AM
[ReportManager] Target URL: [https://the-internet.herokuapp.com/] @14-11-2021 01:55:57.0507 AM
[ReportManager] Initial URL: [] @14-11-2021 01:55:57.0584 AM
[ReportManager] Browser Action [NavigateToURL] successfully performed. With the following test data [https://the-internet.herokuapp.com/]. @14-11-2021 01:55:58.0815 A

################################################################################################################################################
Starting Execution:	[78 out of 146] test cases in the current suite
Test Method:		[testPackage01.Test_NewValidationHelper.f10]
################################################################################################################################################
[ReportManager] Loaded Shared OpenCV @14-11-2021 01:55:59.0018 AM
[ReportManager] Assertion [ValidateElementExists] FAILED. Expected [Element Should Exist, locator 'By.tagName: div'] and Actual [Element Exists but is not unique]. Comparison Type [EQUALS]. Validation Type [POSITIVE]. @14-11-2021 01:55:59.0306 AM
[ReportManager] Successfully created attachment [Screenshot - 1636854959018_f10_ValidateElementExists_failed] @14-11-2021 01:55:59.0391 A



################################################################################################################################################
Starting Execution:	[79 out of 146] test cases in the current suite
Test Method:		[testPackage01.Test_NewValidationHelper.f11]
###############################################################################################################################################



################################################################################################################################################
Starting Execution:	[80 out of 146] test cases in the current suite
Test Method:		[testPackage01.Test_NewValidationHelper.f12]
###############################################################################################################################################



################################################################################################################################################
Starting Execution:	[81 out of 146] test cases in the current suite
Test Method:		[testPackage01.Test_NewValidationHelper.f13]
###############################################################################################################################################



################################################################################################################################################
Starting Execution:	[82 out of 146] test cases in the current suite
Test Method:		[testPackage01.Test_NewValidationHelper.f14]
###############################################################################################################################################



################################################################################################################################################
Starting Execution:	[83 out of 146] test cases in the current suite
Test Method:		[testPackage01.Test_NewValidationHelper.f15]
###############################################################################################################################################



################################################################################################################################################
Starting Execution:	[84 out of 146] test cases in the current suite
Test Method:		[testPackage01.Test_NewValidationHelper.f16]
###############################################################################################################################################



################################################################################################################################################
Starting Execution:	[85 out of 146] test cases in the current suite
Test Method:		[testPackage01.Test_NewValidationHelper.f17]
###############################################################################################################################################



################################################################################################################################################
Starting Execution:	[86 out of 146] test cases in the current suite
Test Method:		[testPackage01.Test_NewValidationHelper.f18]
###############################################################################################################################################


################################################################################################################################################
Starting Execution:	[87 out of 146] test cases in the current suite
Test Method:		[testPackage01.Test_NewValidationHelper.f2]
###############################################################################################################################################


################################################################################################################################################
Starting Execution:	[88 out of 146] test cases in the current suite
Test Method:		[testPackage01.Test_NewValidationHelper.f20]
###############################################################################################################################################



################################################################################################################################################
Starting Execution:	[89 out of 146] test cases in the current suite
Test Method:		[testPackage01.Test_NewValidationHelper.f21]
###############################################################################################################################################



################################################################################################################################################
Starting Execution:	[90 out of 146] test cases in the current suite
Test Method:		[testPackage01.Test_NewValidationHelper.f22]
###############################################################################################################################################


################################################################################################################################################
Starting Execution:	[91 out of 146] test cases in the current suite
Test Method:		[testPackage01.Test_NewValidationHelper.f23]
###############################################################################################################################################

################################################################################################################################################
Starting Execution:	[92 out of 146] test cases in the current suite
Test Method:		[testPackage01.Test_NewValidationHelper.f24]
###############################################################################################################################################

################################################################################################################################################
Starting Execution:	[93 out of 146] test cases in the current suite
Test Method:		[testPackage01.Test_NewValidationHelper.f25]
###############################################################################################################################################

################################################################################################################################################
Starting Execution:	[94 out of 146] test cases in the current suite
Test Method:		[testPackage01.Test_NewValidationHelper.f26]
###############################################################################################################################################

################################################################################################################################################
Starting Execution:	[95 out of 146] test cases in the current suite
Test Method:		[testPackage01.Test_NewValidationHelper.f27]
###############################################################################################################################################

################################################################################################################################################
Starting Execution:	[96 out of 146] test cases in the current suite
Test Method:		[testPackage01.Test_NewValidationHelper.f28]
###############################################################################################################################################

################################################################################################################################################
Starting Execution:	[97 out of 146] test cases in the current suite
Test Method:		[testPackage01.Test_NewValidationHelper.f29]
###############################################################################################################################################

################################################################################################################################################
Starting Execution:	[98 out of 146] test cases in the current suite
Test Method:		[testPackage01.Test_NewValidationHelper.f3]
###############################################################################################################################################

################################################################################################################################################
Starting Execution:	[99 out of 146] test cases in the current suite
Test Method:		[testPackage01.Test_NewValidationHelper.f30]
###############################################################################################################################################

################################################################################################################################################
Starting Execution:	[100 out of 146] test cases in the current suite
Test Method:		[testPackage01.Test_NewValidationHelper.f31]
###############################################################################################################################################

################################################################################################################################################
Starting Execution:	[101 out of 146] test cases in the current suite
Test Method:		[testPackage01.Test_NewValidationHelper.f32]
###############################################################################################################################################

################################################################################################################################################
Starting Execution:	[102 out of 146] test cases in the current suite
Test Method:		[testPackage01.Test_NewValidationHelper.f33]
###############################################################################################################################################

################################################################################################################################################
Starting Execution:	[103 out of 146] test cases in the current suite
Test Method:		[testPackage01.Test_NewValidationHelper.f34]
###############################################################################################################################################

################################################################################################################################################
Starting Execution:	[104 out of 146] test cases in the current suite
Test Method:		[testPackage01.Test_NewValidationHelper.f35]
###############################################################################################################################################

################################################################################################################################################
Starting Execution:	[105 out of 146] test cases in the current suite
Test Method:		[testPackage01.Test_NewValidationHelper.f36]
###############################################################################################################################################

################################################################################################################################################
Starting Execution:	[106 out of 146] test cases in the current suite
Test Method:		[testPackage01.Test_NewValidationHelper.f37]
###############################################################################################################################################

################################################################################################################################################
Starting Execution:	[107 out of 146] test cases in the current suite
Test Method:		[testPackage01.Test_NewValidationHelper.f3_1]
###############################################################################################################################################

################################################################################################################################################
Starting Execution:	[108 out of 146] test cases in the current suite
Test Method:		[testPackage01.Test_NewValidationHelper.f4]
###############################################################################################################################################

################################################################################################################################################
Starting Execution:	[109 out of 146] test cases in the current suite
Test Method:		[testPackage01.Test_NewValidationHelper.f5]
###############################################################################################################################################

################################################################################################################################################
Starting Execution:	[110 out of 146] test cases in the current suite
Test Method:		[testPackage01.Test_NewValidationHelper.f6]
###############################################################################################################################################

################################################################################################################################################
Starting Execution:	[111 out of 146] test cases in the current suite
Test Method:		[testPackage01.Test_NewValidationHelper.f6_1]
###############################################################################################################################################

################################################################################################################################################
Starting Execution:	[112 out of 146] test cases in the current suite
Test Method:		[testPackage01.Test_NewValidationHelper.f6_2]
###############################################################################################################################################

################################################################################################################################################
Starting Execution:	[113 out of 146] test cases in the current suite
Test Method:		[testPackage01.Test_NewValidationHelper.f7]
###############################################################################################################################################


################################################################################################################################################
Starting Execution:	[114 out of 146] test cases in the current suite
Test Method:		[testPackage01.Test_NewValidationHelper.f8]
###############################################################################################################################################



################################################################################################################################################
Starting Execution:	[115 out of 146] test cases in the current suite
Test Method:		[testPackage01.Test_NewValidationHelper.f9]
###############################################################################################################################################


################################################################################################################################################
Starting Execution:	[116 out of 146] test cases in the current suite
Test Method:		[testPackage01.Test_NewValidationHelper.forceFail]
###############################################################################################################################################

################################################################################################################################################
Starting Execution:	[117 out of 146] test cases in the current suite
Test Method:		[testPackage01.Test_NewValidationHelper.forceFail2]
###############################################################################################################################################

################################################################################################################################################
Starting Execution:	[118 out of 146] test cases in the current suite
Test Method:		[testPackage01.Test_JsonActions.f]
###############################################################################################################################################

################################################################################################################################################
Starting Execution:	[119 out of 146] test cases in the current suite
Test Method:		[testPackage01.Test_JsonActions.f2]
###############################################################################################################################################

################################################################################################################################################
Starting Execution:	[120 out of 146] test cases in the current suite
Test Method:		[testPackage01.Test_sendGraphqlRequest.sendGraphqlRequestUsingMutationAndVariables]
################################################################################################################################################
[ReportManager] GraphQl Request is being Performed with the Following Parameters [Service URL: https://api.spacex.land/graphql | Request Body: {"variables":"{\"name\": \"sherlock holmes\",\"rocket\": \"221B Baker Street\"}","query":"mutation ($name: String, $rocket: String) {\n  insert_users(objects: {name: $name, rocket: $rocket}) {\n    returning {\n      name\n      rocket\n    }\n  }\n}"}] @14-11-2021 01:56:06.0839 AM
[ReportManager] Response status code: [200], status line: [HTTP/1.1 200 OK] @14-11-2021 01:56:07.0380 AM
[ReportManager] Assertion Passed: Evaluating the actual response status code against the expected one... @14-11-2021 01:56:07.0380 AM
[ReportManager] Assertion [ValidateComparativeRelation] PASSED. Expected [200] and Actual [200]. Comparison Type [EQUALS]. Validation Type [POSITIVE]. @14-11-2021 01:56:07.0380 AM
[ReportManager] API Action [PerformRequest] successfully performed. With the following test data [Request Type: "POST" | Target Status Code: "200" | Service URL: "https://api.spacex.land/graphql" | Content Type: "application/json" | Response Time: "443ms"]. @14-11-2021 01:56:07.0416 AM
[ReportManager] Successfully created attachment [API Request - Specifications] @14-11-2021 01:56:07.0457 AM
[ReportManager] Successfully created attachment [API Request - JSON Body] @14-11-2021 01:56:07.0539 AM
[ReportManager] Successfully created attachment [API Response - JSON Body] @14-11-2021 01:56:07.0581 AM
[ReportManager] API Action [GetResponseJSONValue] successfully performed. With the following test data [data.insert_users.returning[0].name]. @14-11-2021 01:56:07.0634 AM
[ReportManager] Assertion [ValidateEquals] PASSED. Expected [sherlock holmes] and Actual [sherlock holmes]. Comparison Type [EQUALS]. Validation Type [POSITIVE]. @14-11-2021 01:56:07.0634 A

################################################################################################################################################
Starting Execution:	[121 out of 146] test cases in the current suite
Test Method:		[testPackage01.Test_sendGraphqlRequest.sendGraphqlRequestUsingQuery]
################################################################################################################################################
[ReportManager] GraphQl Request is being Performed with the Following Parameters [Service URL: https://api.spacex.land/graphql | Request Body: {"query":"{company {ceo}}"}] @14-11-2021 01:56:07.0761 AM
[ReportManager] Response status code: [200], status line: [HTTP/1.1 200 OK] @14-11-2021 01:56:08.0012 AM
[ReportManager] Assertion Passed: Evaluating the actual response status code against the expected one... @14-11-2021 01:56:08.0012 AM
[ReportManager] Assertion [ValidateComparativeRelation] PASSED. Expected [200] and Actual [200]. Comparison Type [EQUALS]. Validation Type [POSITIVE]. @14-11-2021 01:56:08.0012 AM
[ReportManager] API Action [PerformRequest] successfully performed. With the following test data [Request Type: "POST" | Target Status Code: "200" | Service URL: "https://api.spacex.land/graphql" | Content Type: "application/json" | Response Time: "246ms"]. @14-11-2021 01:56:08.0027 AM
[ReportManager] Successfully created attachment [API Request - Specifications] @14-11-2021 01:56:08.0068 AM
[ReportManager] Successfully created attachment [API Request - JSON Body] @14-11-2021 01:56:08.0150 AM
[ReportManager] Successfully created attachment [API Response - JSON Body] @14-11-2021 01:56:08.0192 AM
[ReportManager] API Action [GetResponseJSONValue] successfully performed. With the following test data [data.company.ceo]. @14-11-2021 01:56:08.0206 AM
[ReportManager] Assertion [ValidateEquals] PASSED. Expected [Elon Musk] and Actual [Elon Musk]. Comparison Type [EQUALS]. Validation Type [POSITIVE]. @14-11-2021 01:56:08.0206 A

################################################################################################################################################
Starting Execution:	[122 out of 146] test cases in the current suite
Test Method:		[testPackage01.Test_MatchJsonSchema.checkAPI_ResponseSchema]
################################################################################################################################################
[ReportManager] Response status code: [200], status line: [HTTP/1.1 200 OK] @14-11-2021 01:56:08.0481 AM
[ReportManager] Assertion Passed: Evaluating the actual response status code against the expected one... @14-11-2021 01:56:08.0482 AM
[ReportManager] Assertion [ValidateComparativeRelation] PASSED. Expected [200] and Actual [200]. Comparison Type [EQUALS]. Validation Type [POSITIVE]. @14-11-2021 01:56:08.0482 AM
[ReportManager] API Action [PerformRequest] successfully performed. With the following test data [Request Type: "GET" | Target Status Code: "200" | Service URL: "http://api.zippopotam.us/us/90210" | Content Type: "*/*" | Response Time: "139ms"]. @14-11-2021 01:56:08.0496 AM
[ReportManager] Successfully created attachment [API Request - Specifications] @14-11-2021 01:56:08.0538 AM
[ReportManager] Successfully created attachment [API Response - JSON Body] @14-11-2021 01:56:08.0619 AM
[ReportManager] File Action [GetAbsolutePath] successfully performed. With the following test data [Relative Folder Path: "src/test/resources/testDataFiles/schema.json"]. @14-11-2021 01:56:08.0621 AM
[ReportManager] File Action [GetAbsolutePath] successfully performed. With the following test data [Relative Folder Path: "/Users/runner/work/SHAFT_ENGINE/SHAFT_ENGINE/src/test/resources/testDataFiles/schema.json"]. @14-11-2021 01:56:09.0326 AM
[ReportManager] File Action [ReadFromFile] successfully performed. With the following test data [File Path: "/Users/runner/work/SHAFT_ENGINE/SHAFT_ENGINE/src/test/resources/testDataFiles/schema.json"]. @14-11-2021 01:56:09.0327 AM
[ReportManager] Assertion Passed: Then I Assert that the API response schema matches that in this file [src/test/resources/testDataFiles/schema.json]. @14-11-2021 01:56:09.0328 AM
[ReportManager] Successfully created attachment [Validation Test Data - Expected JSON Value] @14-11-2021 01:56:09.0369 AM
[ReportManager] Successfully created attachment [Validation Test Data - Actual JSON Value] @14-11-2021 01:56:09.0452 AM
[ReportManager] Assertion [ValidateResponseFileSchema] PASSED. Expected [Response data should match the JSON File in this path '/Users/runner/work/SHAFT_ENGINE/SHAFT_ENGINE/src/test/resources/testDataFiles/schema.json'] and Actual [TRUE]. Comparison Type [EQUALS]. Validation Type [POSITIVE]. @14-11-2021 01:56:09.0452 A
[ReportManager] File Action [GetAbsolutePath] successfully performed. With the following test data [Relative Folder Path: "target/downloadedFiles/"]. @14-11-2021 01:56:09.0578 AM
[ReportManager] Attempting to run locally on: [Mac-64], [Safari], Headless Execution. @14-11-2021 01:56:09.0579 AM
[ReportManager] Successfully Opened Safari. @14-11-2021 01:56:10.0378 AM
[ReportManager] Initial window size: (800, 600) @14-11-2021 01:56:10.0386 AM
[ReportManager] Window size after SWD Maximize: (1176, 811) @14-11-2021 01:56:10.0407 AM
[ReportManager] Browser Action [MaximizeWindow] successfully performed. With the following test data [New screen size is now: (1176, 811)]. @14-11-2021 01:56:10.0408 A

################################################################################################################################################
Starting Execution:	[123 out of 146] test cases in the current suite
Test Method:		[testPackage01.Test_dragAndDrop.dragAndDropJquery]
################################################################################################################################################
[ReportManager] Target URL: [https://jqueryui.com/resources/demos/droppable/default.html] @14-11-2021 01:56:10.0534 AM
[ReportManager] Initial URL: [] @14-11-2021 01:56:10.0565 AM
[ReportManager] Browser Action [NavigateToURL] successfully performed. With the following test data [https://jqueryui.com/resources/demos/droppable/default.html]. @14-11-2021 01:56:11.0044 AM
[ReportManager] Element Action [GetText] successfully performed. With the following test data [
	Drop here
]. @14-11-2021 01:56:11.0080 AM
[ReportManager] Element Action [DragAndDrop] successfully performed. With the following test data [Start point: (8, 18), End point: (8, 18)]. @14-11-2021 01:56:12.0108 AM
[ReportManager] Element Action [GetText] successfully performed. With the following test data [
	Dropped!
]. @14-11-2021 01:56:12.0136 AM
[ReportManager] Assertion Passed: Checking to see if the text has changed after performing drag and drop @14-11-2021 01:56:12.0136 AM
[ReportManager] Assertion [ValidateEquals] PASSED. Expected [
	Drop here
] and Actual [
	Dropped!
]. Comparison Type [EQUALS]. Validation Type [NEGATIVE]. @14-11-2021 01:56:12.0136 A
[ReportManager] Browser Action [CloseCurrentWindow] successfully performed. @14-11-2021 01:56:12.0558 AM
[ReportManager] Successfully created attachment [Browser Action Test Data - CloseCurrentWindow - Actual Value] @14-11-2021 01:56:12.0599 A
[ReportManager] File Action [GetAbsolutePath] successfully performed. With the following test data [Relative Folder Path: "target/downloadedFiles/"]. @14-11-2021 01:56:12.0723 AM
[ReportManager] Attempting to run locally on: [Mac-64], [Safari], Headless Execution. @14-11-2021 01:56:12.0724 AM
[ReportManager] Successfully Opened Safari. @14-11-2021 01:56:13.0577 AM
[ReportManager] Initial window size: (800, 600) @14-11-2021 01:56:13.0590 AM
[ReportManager] Window size after SWD Maximize: (1176, 811) @14-11-2021 01:56:13.0619 AM
[ReportManager] Browser Action [MaximizeWindow] successfully performed. With the following test data [New screen size is now: (1176, 811)]. @14-11-2021 01:56:13.0620 A

################################################################################################################################################
Starting Execution:	[124 out of 146] test cases in the current suite
Test Method:		[testPackage01.Test_dragAndDrop.dragAndDrop]
Test Description:	[TC001 - Test Drag and Drop function.]
################################################################################################################################################
[ReportManager] Target URL: [http://the-internet.herokuapp.com/drag_and_drop] @14-11-2021 01:56:13.0704 AM
[ReportManager] Initial URL: [] @14-11-2021 01:56:13.0744 AM
[ReportManager] Browser Action [NavigateToURL] successfully performed. With the following test data [http://the-internet.herokuapp.com/drag_and_drop]. @14-11-2021 01:56:14.0635 AM
[ReportManager] Attempting Drag and Drop @14-11-2021 01:56:14.0636 AM
[ReportManager] Element Action [DragAndDrop] successfully performed. With the following test data [Start point: (120, 89), End point: (335, 89)]. @14-11-2021 01:56:15.0286 A
[ReportManager] Browser Action [CloseCurrentWindow] successfully performed. @14-11-2021 01:56:15.0722 AM
[ReportManager] Successfully created attachment [Browser Action Test Data - CloseCurrentWindow - Actual Value] @14-11-2021 01:56:15.0838 A
[ReportManager] File Action [GetAbsolutePath] successfully performed. With the following test data [Relative Folder Path: "target/downloadedFiles/"]. @14-11-2021 01:56:16.0085 AM
[ReportManager] Attempting to run locally on: [Mac-64], [Safari], Headless Execution. @14-11-2021 01:56:16.0086 AM
[ReportManager] Successfully Opened Safari. @14-11-2021 01:56:16.0889 AM
[ReportManager] Initial window size: (800, 600) @14-11-2021 01:56:16.0908 AM
[ReportManager] Window size after SWD Maximize: (1176, 811) @14-11-2021 01:56:16.0946 AM
[ReportManager] Browser Action [MaximizeWindow] successfully performed. With the following test data [New screen size is now: (1176, 811)]. @14-11-2021 01:56:16.0947 A

################################################################################################################################################
Starting Execution:	[125 out of 146] test cases in the current suite
Test Method:		[testPackage01.Test_dragAndDrop.dragAndDropByOffset]
Test Description:	[TC002 - Test Drag and Drop by offset function.]
################################################################################################################################################
[ReportManager] Target URL: [https://jqueryui.com/resources/demos/draggable/default.html] @14-11-2021 01:56:17.0188 AM
[ReportManager] Initial URL: [] @14-11-2021 01:56:17.0219 AM
[ReportManager] Browser Action [NavigateToURL] successfully performed. With the following test data [https://jqueryui.com/resources/demos/draggable/default.html]. @14-11-2021 01:56:17.0675 AM
[ReportManager] Element Action [DragAndDropByOffset] successfully performed. With the following test data [Start point: (8, 8), End point: (108, 58)]. @14-11-2021 01:56:18.0436 A
[ReportManager] Browser Action [CloseCurrentWindow] successfully performed. @14-11-2021 01:56:18.0962 AM
[ReportManager] Successfully created attachment [Browser Action Test Data - CloseCurrentWindow - Actual Value] @14-11-2021 01:56:19.0038 A
[ReportManager] Successfully loaded the following test data file [src/test/resources/TestDataFiles/testSuite01/TestData.xlsx]. @14-11-2021 01:56:19.0314 AM
[ReportManager] Successfully created attachment [Test Data - Excel] @14-11-2021 01:56:19.0400 AM
[ReportManager] File Action [GetAbsolutePath] successfully performed. With the following test data [Relative Folder Path: "target/downloadedFiles/"]. @14-11-2021 01:56:19.0401 AM
[ReportManager] Attempting to run locally on: [Mac-64], [Safari], Headless Execution. @14-11-2021 01:56:19.0401 AM
[ReportManager] Successfully Opened Safari. @14-11-2021 01:56:20.0240 AM
[ReportManager] Initial window size: (800, 600) @14-11-2021 01:56:20.0262 AM
[ReportManager] Window size after SWD Maximize: (1176, 811) @14-11-2021 01:56:20.0279 AM
[ReportManager] Browser Action [MaximizeWindow] successfully performed. With the following test data [New screen size is now: (1176, 811)]. @14-11-2021 01:56:20.0279 A

################################################################################################################################################
Starting Execution:	[126 out of 146] test cases in the current suite
Test Method:		[testPackage01.Test_google.navigateToURLandVerifyGoogleLogoIsDisplayed]
Test Description:	[TC001 - Navigate to URL and Verify Google Logo is Displayed]
################################################################################################################################################
[ReportManager] Target URL: [https://www.google.com/ncr], and after redirection: [https://www.google.com] @14-11-2021 01:56:20.0396 AM
[ReportManager] Initial URL: [] @14-11-2021 01:56:20.0427 AM
[ReportManager] Browser Action [NavigateToURL] successfully performed. With the following test data [https://www.google.com/ncr]. @14-11-2021 01:56:21.0803 AM
[ReportManager] Loaded Shared OpenCV @14-11-2021 01:56:21.0882 AM
[ReportManager] Assertion Passed: Then I Assert that the element found by [By.xpath: //*[@id='hplogo' or @alt='Google']] exists. @14-11-2021 01:56:22.0286 AM
[ReportManager] Successfully created attachment [Screenshot - 1636854981882_navigateToURLandVerifyGoogleLogoIsDisplayed_ValidateElementExists_passed] @14-11-2021 01:56:22.0408 AM
[ReportManager] Assertion [ValidateElementExists] PASSED. Expected [Element Should Exist, locator 'By.xpath: //*[@id='hplogo' or @alt='Google']'] and Actual [Element Exists]. Comparison Type [EQUALS]. Validation Type [POSITIVE]. @14-11-2021 01:56:22.0409 A

################################################################################################################################################
Starting Execution:	[127 out of 146] test cases in the current suite
Test Method:		[testPackage01.Test_google.searchForQueryandAssertResultsNumDisplayed]
Test Description:	[TC002 - Search for Query and Assert that the number of results is displayed]
################################################################################################################################################
[ReportManager] Element Action [Type] successfully performed. With the following test data [SHAFT_Engine]. @14-11-2021 01:56:22.0850 AM
[ReportManager] Element Action [KeyPress] successfully performed. With the following test data [Enter]. @14-11-2021 01:56:22.0897 A

################################################################################################################################################
Starting Execution:	[128 out of 146] test cases in the current suite
Test Method:		[testPackage01.Test_google.clickNextThrice]
Test Description:	[TC003 - Clicks the next button to make sure that the framework can scroll element into view before clicking it]
###############################################################################################################################################
[ReportManager] Browser Action [CloseCurrentWindow] successfully performed. @14-11-2021 01:56:24.0829 AM
[ReportManager] Successfully created attachment [Browser Action Test Data - CloseCurrentWindow - Actual Value] @14-11-2021 01:56:24.0901 A

################################################################################################################################################
Starting Execution:	[129 out of 146] test cases in the current suite
Test Method:		[testPackage01.Test_chainableElementActions.chainElementActions]
################################################################################################################################################
[ReportManager] File Action [GetAbsolutePath] successfully performed. With the following test data [Relative Folder Path: "target/downloadedFiles/"]. @14-11-2021 01:56:25.0028 AM
[ReportManager] Attempting to run locally on: [Mac-64], [GoogleChrome], Headless Execution. @14-11-2021 01:56:25.0031 AM
[ReportManager] Identifying OS/Driver combination and selecting the correct driver version automatically. Please note that if a new driver executable will be downloaded it may take some time... @14-11-2021 01:56:25.0032 AM
[ReportManager] Successfully Opened Google Chrome. @14-11-2021 01:56:34.0041 AM
[ReportManager] Initial window size: (1920, 1080) @14-11-2021 01:56:34.0069 AM
[ReportManager] Window size after SWD Maximize: (1920, 1080) @14-11-2021 01:56:34.0280 AM
[ReportManager] Window size after Toolkit: (1920, 1080) @14-11-2021 01:56:34.0814 AM
[ReportManager] Browser Action [MaximizeWindow] successfully performed. With the following test data [New screen size is now: (1920, 1080)]. @14-11-2021 01:56:34.0817 AM
[ReportManager] Target URL: [https://www.google.com/ncr], and after redirection: [https://www.google.com] @14-11-2021 01:56:34.0817 AM
[ReportManager] Initial URL: [data:,] @14-11-2021 01:56:34.0845 AM
[ReportManager] Browser Action [NavigateToURL] successfully performed. With the following test data [https://www.google.com/ncr]. @14-11-2021 01:56:40.0265 AM
[ReportManager] Element Action [Type] successfully performed. With the following test data [chained type 1]. @14-11-2021 01:56:40.0864 AM
[ReportManager] Element Action [Type] successfully performed. With the following test data [chained type 2]. @14-11-2021 01:56:41.0166 AM
[ReportManager] Element Action [TypeAppend] successfully performed. With the following test data [345]. @14-11-2021 01:56:41.0234 AM
[ReportManager] Element Action [GetText] successfully performed. With the following test data [chained type 2345]. @14-11-2021 01:56:41.0316 AM
[ReportManager] Loaded Shared OpenCV @14-11-2021 01:56:41.0647 AM
[ReportManager] Assertion [ValidateElementAttribute] PASSED. Expected [Value Should be 'chained type 2345' for the 'text' attribute, element locator 'By.name: q'] and Actual [chained type 2345]. Comparison Type [EQUALS]. Validation Type [POSITIVE]. @14-11-2021 01:56:42.0128 AM
[ReportManager] Successfully created attachment [Screenshot - 1636855001646_chainElementActions_ValidateElementAttribute_passed] @14-11-2021 01:56:42.0130 AM
[ReportManager] Browser Action [CloseCurrentWindow] successfully performed. @14-11-2021 01:56:42.0268 AM
[ReportManager] Successfully created attachment [Browser Action Test Data - CloseCurrentWindow - Actual Value] @14-11-2021 01:56:42.0406 A
[ReportManager] File Action [GetAbsolutePath] successfully performed. With the following test data [Relative Folder Path: "target/downloadedFiles/"]. @14-11-2021 01:56:42.0451 AM
[ReportManager] Attempting to run locally on: [Mac-64], [Safari], Headless Execution. @14-11-2021 01:56:42.0452 AM
[ReportManager] Successfully Opened Safari. @14-11-2021 01:56:43.0272 AM
[ReportManager] Initial window size: (800, 600) @14-11-2021 01:56:43.0288 AM
[ReportManager] Window size after SWD Maximize: (1176, 811) @14-11-2021 01:56:43.0300 AM
[ReportManager] Browser Action [MaximizeWindow] successfully performed. With the following test data [New screen size is now: (1176, 811)]. @14-11-2021 01:56:43.0300 A

################################################################################################################################################
Starting Execution:	[130 out of 146] test cases in the current suite
Test Method:		[testPackage01.Test_RelativeLocators.relativeLocatorsTest1]
################################################################################################################################################
[ReportManager] Target URL: [https://duckduckgo.com/] @14-11-2021 01:56:43.0505 AM
[ReportManager] Initial URL: [] @14-11-2021 01:56:43.0534 AM
[ReportManager] Browser Action [NavigateToURL] successfully performed. With the following test data [https://duckduckgo.com/]. @14-11-2021 01:56:44.0117 AM
[ReportManager] Element Action [Type] successfully performed. With the following test data [SHAFT_Engine]. @14-11-2021 01:56:44.0438 AM
[ReportManager] Element Action [KeyPress] successfully performed. With the following test data [ENTER]. @14-11-2021 01:56:44.0504 A
[ReportManager] Browser Action [CloseCurrentWindow] successfully performed. @14-11-2021 01:56:46.0398 AM
[ReportManager] Successfully created attachment [Browser Action Test Data - CloseCurrentWindow - Actual Value] @14-11-2021 01:56:46.0501 A

################################################################################################################################################
Starting Execution:	[131 out of 146] test cases in the current suite
Test Method:		[testPackage01.Test_JsonCompareWithSpecialCharacters.specialCharacters]
################################################################################################################################################
[ReportManager] File Action [GetAbsolutePath] successfully performed. With the following test data [Relative Folder Path: "src/test/resources/testDataFiles/specialCharacters.json"]. @14-11-2021 01:56:46.0747 AM
[ReportManager] File Action [ReadFromFile] successfully performed. With the following test data [File Path: "/Users/runner/work/SHAFT_ENGINE/SHAFT_ENGINE/src/test/resources/testDataFiles/specialCharacters.json"]. @14-11-2021 01:56:46.0747 AM
[ReportManager] Successfully created attachment [File Action Actual Result - Command Log] @14-11-2021 01:56:46.0865 AM
[ReportManager] Comparing the provided API response with the file at this path "src/test/resources/testDataFiles/specialCharacters.json", comparison type "EQUALS" @14-11-2021 01:56:46.0866 AM
[ReportManager] API Action [CompareJSON] successfully performed. With the following test data [src/test/resources/testDataFiles/specialCharacters.json]. @14-11-2021 01:56:46.0877 AM
[ReportManager] File Action [GetAbsolutePath] successfully performed. With the following test data [Relative Folder Path: "src/test/resources/testDataFiles/specialCharacters.json"]. @14-11-2021 01:56:46.0877 AM
[ReportManager] File Action [ReadFromFile] successfully performed. With the following test data [File Path: "/Users/runner/work/SHAFT_ENGINE/SHAFT_ENGINE/src/test/resources/testDataFiles/specialCharacters.json"]. @14-11-2021 01:56:46.0877 AM
[ReportManager] Verification [ValidateJSONFileContent] PASSED. Expected [Response data should match the JSON File in this path 'src/test/resources/testDataFiles/specialCharacters.json'] and Actual [TRUE]. Comparison Type [EQUALS]. Validation Type [POSITIVE]. @14-11-2021 01:56:46.0884 AM
[ReportManager] Successfully created attachment [Validation Test Data - Expected JSON Value] @14-11-2021 01:56:46.0986 AM
[ReportManager] Successfully created attachment [Validation Test Data - Actual JSON Value] @14-11-2021 01:56:47.0107 A

################################################################################################################################################
Starting Execution:	[132 out of 146] test cases in the current suite
Test Method:		[testPackage01.Test_JsonCompareWithSpecialCharacters.specialCharacters_assertion]
################################################################################################################################################
[ReportManager] File Action [GetAbsolutePath] successfully performed. With the following test data [Relative Folder Path: "src/test/resources/testDataFiles/specialCharacters.json"]. @14-11-2021 01:56:47.0355 AM
[ReportManager] File Action [ReadFromFile] successfully performed. With the following test data [File Path: "/Users/runner/work/SHAFT_ENGINE/SHAFT_ENGINE/src/test/resources/testDataFiles/specialCharacters.json"]. @14-11-2021 01:56:47.0355 AM
[ReportManager] Successfully created attachment [File Action Actual Result - Command Log] @14-11-2021 01:56:47.0475 AM
[ReportManager] Comparing the provided API response with the file at this path "src/test/resources/testDataFiles/specialCharacters.json", comparison type "CONTAINS" @14-11-2021 01:56:47.0475 AM
[ReportManager] API Action [CompareJSON] successfully performed. With the following test data [src/test/resources/testDataFiles/specialCharacters.json]. @14-11-2021 01:56:47.0500 AM
[ReportManager] File Action [GetAbsolutePath] successfully performed. With the following test data [Relative Folder Path: "src/test/resources/testDataFiles/specialCharacters.json"]. @14-11-2021 01:56:47.0500 AM
[ReportManager] File Action [ReadFromFile] successfully performed. With the following test data [File Path: "/Users/runner/work/SHAFT_ENGINE/SHAFT_ENGINE/src/test/resources/testDataFiles/specialCharacters.json"]. @14-11-2021 01:56:47.0501 AM
[ReportManager] Assertion Passed: trying out the log message @14-11-2021 01:56:47.0505 AM
[ReportManager] Successfully created attachment [Validation Test Data - Expected JSON Value] @14-11-2021 01:56:47.0597 AM
[ReportManager] Successfully created attachment [Validation Test Data - Actual JSON Value] @14-11-2021 01:56:47.0717 AM
[ReportManager] Assertion [ValidateJSONFileContent] PASSED. Expected [Response data should match the JSON File in this path 'src/test/resources/testDataFiles/specialCharacters.json'] and Actual [TRUE]. Comparison Type [CONTAINS]. Validation Type [POSITIVE]. @14-11-2021 01:56:47.0717 A

################################################################################################################################################
Starting Execution:	[133 out of 146] test cases in the current suite
Test Method:		[testPackage01.Test_SkipDueToIssue.doNotSkip]
################################################################################################################################################
[ReportManager] This should not be skipped. @14-11-2021 01:56:47.0967 A

################################################################################################################################################
Starting Execution:	[134 out of 146] test cases in the current suite
Test Method:		[testPackage01.Test_SkipDueToIssue.skip]
################################################################################################################################################
[ReportManager] This should be skipped. @14-11-2021 01:56:48.0211 A

################################################################################################################################################
Starting Execution:	[135 out of 146] test cases in the current suite
Test Method:		[testPackage01.Test_SkipDueToIssue.skip2]
################################################################################################################################################
[ReportManager] This should be skipped. @14-11-2021 01:56:48.0451 A

################################################################################################################################################
Starting Execution:	[136 out of 146] test cases in the current suite
Test Method:		[testPackage01.Test_JSONFileManager.readStringFromJson]
################################################################################################################################################
[ReportManager] File Action [GetAbsolutePath] successfully performed. With the following test data [Relative Folder Path: "src/test/resources/testDataFiles/simpleJSON.json"]. @14-11-2021 01:56:48.0696 AM
[ReportManager] Successfully loaded the following test data file [src/test/resources/testDataFiles/simpleJSON.json]. @14-11-2021 01:56:48.0697 AM
[ReportManager] Successfully created attachment [Test Data - JSON] @14-11-2021 01:56:48.0852 AM
[ReportManager] File Action [GetAbsolutePath] successfully performed. With the following test data [Relative Folder Path: "src/test/resources/testDataFiles/simpleJSON.json"]. @14-11-2021 01:56:48.0853 AM
[ReportManager] Assertion [ValidateEquals] PASSED. Expected [Mohab Mohie] and Actual [Mohab Mohie]. Comparison Type [EQUALS]. Validation Type [POSITIVE]. @14-11-2021 01:56:48.0867 A
[ReportManager] File Action [GetAbsolutePath] successfully performed. With the following test data [Relative Folder Path: "target/downloadedFiles/"]. @14-11-2021 01:56:49.0104 AM
[ReportManager] Attempting to run locally on: [Mac-64], [Safari], Headless Execution. @14-11-2021 01:56:49.0104 AM
[ReportManager] Successfully Opened Safari. @14-11-2021 01:56:49.0890 AM
[ReportManager] Initial window size: (800, 600) @14-11-2021 01:56:49.0908 AM
[ReportManager] Window size after SWD Maximize: (1176, 811) @14-11-2021 01:56:49.0925 AM
[ReportManager] Browser Action [MaximizeWindow] successfully performed. With the following test data [New screen size is now: (1176, 811)]. @14-11-2021 01:56:49.0925 A

################################################################################################################################################
Starting Execution:	[137 out of 146] test cases in the current suite
Test Method:		[testPackage01.Test_assertEquals.test_assertElementAttribute]
################################################################################################################################################
[ReportManager] Target URL: [https://www.google.com/ncr], and after redirection: [https://www.google.com] @14-11-2021 01:56:50.0041 AM
[ReportManager] Initial URL: [] @14-11-2021 01:56:50.0072 AM
[ReportManager] Browser Action [NavigateToURL] successfully performed. With the following test data [https://www.google.com/ncr]. @14-11-2021 01:56:50.0903 AM
[ReportManager] Element Action [Type] successfully performed. With the following test data [INC_004010050:Another SCHEDULER with the same name [Duplicate Job Name] already exists.]. @14-11-2021 01:56:53.0151 AM
[ReportManager] Element Action [GetText] successfully performed. With the following test data [INC_004010050:Another SCHEDULER with the same name [Duplicate Job Name] already exists.]. @14-11-2021 01:56:53.0195 AM
[ReportManager] Loaded Shared OpenCV @14-11-2021 01:56:53.0239 AM
[ReportManager] Assertion [ValidateElementAttribute] PASSED. Expected [Value Should be 'INC_004010050:Another SCHEDULER with the same name \[Duplicate Job Name\] already exists.' for the 'text' attribute, element locator 'By.name: q'] and Actual [INC_004010050:Another SCHEDULER with the same name [Duplicate Job Name] already exists.]. Comparison Type [MATCHES]. Validation Type [POSITIVE]. @14-11-2021 01:56:53.0639 AM
[ReportManager] Successfully created attachment [Screenshot - 1636855013239_test_assertElementAttribute_ValidateElementAttribute_passed] @14-11-2021 01:56:53.0760 A
[ReportManager] Browser Action [CloseCurrentWindow] successfully performed. @14-11-2021 01:56:54.0350 AM
[ReportManager] Successfully created attachment [Browser Action Test Data - CloseCurrentWindow - Actual Value] @14-11-2021 01:56:54.0450 A
[ReportManager] File Action [GetAbsolutePath] successfully performed. With the following test data [Relative Folder Path: "target/downloadedFiles/"]. @14-11-2021 01:56:54.0573 AM
[ReportManager] Attempting to run locally on: [Mac-64], [Safari], Headless Execution. @14-11-2021 01:56:54.0573 AM
[ReportManager] Successfully Opened Safari. @14-11-2021 01:56:55.0440 AM
[ReportManager] Initial window size: (800, 600) @14-11-2021 01:56:55.0455 AM
[ReportManager] Window size after SWD Maximize: (1176, 811) @14-11-2021 01:56:55.0470 AM
[ReportManager] Browser Action [MaximizeWindow] successfully performed. With the following test data [New screen size is now: (1176, 811)]. @14-11-2021 01:56:55.0471 A

################################################################################################################################################
Starting Execution:	[138 out of 146] test cases in the current suite
Test Method:		[testPackage01.Test_IsElementClickable.testIsElementClickable]
################################################################################################################################################
[ReportManager] Target URL: [https://the-internet.herokuapp.com/] @14-11-2021 01:56:55.0488 AM
[ReportManager] Initial URL: [] @14-11-2021 01:56:55.0547 AM
[ReportManager] Browser Action [NavigateToURL] successfully performed. With the following test data [https://the-internet.herokuapp.com/]. @14-11-2021 01:56:56.0732 AM
[ReportManager] Element Action [IsElementClickable] successfully performed. @14-11-2021 01:56:56.0797 AM
[ReportManager] Assertion [ValidateTrue] PASSED. Expected [TRUE] and Actual [TRUE]. Validation Type [POSITIVE]. @14-11-2021 01:56:56.0798 A
[ReportManager] Browser Action [CloseCurrentWindow] successfully performed. @14-11-2021 01:56:57.0074 AM
[ReportManager] Successfully created attachment [Browser Action Test Data - CloseCurrentWindow - Actual Value] @14-11-2021 01:56:57.0116 A
[ReportManager] Successfully loaded the following test data file [src/test/resources/TestDataFiles/testSuite01/TestData.xlsx]. @14-11-2021 01:56:57.0293 AM
[ReportManager] Successfully created attachment [Test Data - Excel] @14-11-2021 01:56:57.0336 AM
[ReportManager] Attempting to run using Playwright locally on: [Mac-64], [Safari], Headless Execution. @14-11-2021 01:57:32.0324 AM
[ReportManager] File Action [GetAbsolutePath] successfully performed. With the following test data [Relative Folder Path: "target/downloadedFiles/"]. @14-11-2021 01:57:32.0325 AM
[ReportManager] Initial window size: (1280, 720) @14-11-2021 01:57:40.0348 AM
[ReportManager] Window size after Toolkit: com.microsoft.playwright.options.ViewportSize@7d02a668 @14-11-2021 01:57:40.0357 AM
[ReportManager] Browser Action [MaximizeWindow] successfully performed. With the following test data [New screen size is now: (1920, 1080)]. @14-11-2021 01:57:40.0357 A

################################################################################################################################################
Starting Execution:	[139 out of 146] test cases in the current suite
Test Method:		[testPackage01.Test_google_playwright.navigateToURLandVerifyGoogleLogoIsDisplayed]
Test Description:	[TC001 - Navigate to URL and Verify Google Logo is Displayed]
################################################################################################################################################
[ReportManager] Target URL: [https://www.google.com/ncr], and after redirection: [https://www.google.com] @14-11-2021 01:57:40.0364 AM
[ReportManager] Initial URL: [about:blank] @14-11-2021 01:57:40.0867 AM
[ReportManager] Browser Action [NavigateToURL] successfully performed. With the following test data [https://www.google.com/ncr]. @14-11-2021 01:57:42.0496 AM
[ReportManager] Loaded Shared OpenCV @14-11-2021 01:57:42.0591 AM
[ReportManager] Assertion [ValidateElementExists] PASSED. Expected [Element Should Exist, locator 'xpath=//*[@id='hplogo' or @alt='Google']'] and Actual [Element Exists]. Comparison Type [EQUALS]. Validation Type [POSITIVE]. @14-11-2021 01:57:42.0766 AM
[ReportManager] Successfully created attachment [Screenshot - 1636855062586_navigateToURLandVerifyGoogleLogoIsDisplayed_ValidateElementExists_passed] @14-11-2021 01:57:42.0767 A

################################################################################################################################################
Starting Execution:	[140 out of 146] test cases in the current suite
Test Method:		[testPackage01.Test_google_playwright.searchForQueryandAssertResultsNumDisplayed]
Test Description:	[TC002 - Search for Query and Assert that the number of results is displayed]
################################################################################################################################################
[ReportManager] Element Action [Type] successfully performed. With the following test data [SHAFT_Engine]. @14-11-2021 01:57:43.0011 AM
[ReportManager] Element Action [KeyPress] successfully performed. With the following test data [Enter]. @14-11-2021 01:57:43.0045 AM
[ReportManager] Element Action [GetText] successfully performed. With the following test data [About 809,000 results (0.78 seconds)Â 
]. @14-11-2021 01:57:44.0784 AM
[ReportManager] Loaded Shared OpenCV @14-11-2021 01:57:45.0585 AM
[ReportManager] Assertion [ValidateElementAttribute] PASSED. Expected [Value Should not be '' for the 'text' attribute, element locator 'xpath=//div[@id='appbar']'] and Actual [About 809,000 results (0.78 seconds)Â 
]. Comparison Type [EQUALS]. Validation Type [NEGATIVE]. @14-11-2021 01:57:45.0821 AM
[ReportManager] Successfully created attachment [Screenshot - 1636855065582_searchForQueryandAssertResultsNumDisplayed_ValidateElementAttribute_passed] @14-11-2021 01:57:45.0823 A

################################################################################################################################################
Starting Execution:	[141 out of 146] test cases in the current suite
Test Method:		[testPackage01.Test_google_playwright.clickNextThrice]
Test Description:	[TC003 - Clicks the next button to make sure that the framework can scroll element into view before clicking it]
################################################################################################################################################
[ReportManager] Element Action [Click] successfully performed. With the following test data [Next]. @14-11-2021 01:57:46.0106 A
[ReportManager] Failed to find video recording. @14-11-2021 01:57:46.0115 AM
[ReportManager] Successfully Closed PlayWright Driver. @14-11-2021 01:57:46.0169 A
[ReportManager] File Action [GetAbsolutePath] successfully performed. With the following test data [Relative Folder Path: "target/downloadedFiles/"]. @14-11-2021 01:57:46.0171 AM
[ReportManager] Attempting to run locally on: [Mac-64], [Safari], Headless Execution. @14-11-2021 01:57:46.0171 AM
[ReportManager] Successfully Opened Safari. @14-11-2021 01:57:46.0969 AM
[ReportManager] Initial window size: (800, 600) @14-11-2021 01:57:46.0975 AM
[ReportManager] Window size after SWD Maximize: (1176, 811) @14-11-2021 01:57:46.0999 AM
[ReportManager] Browser Action [MaximizeWindow] successfully performed. With the following test data [New screen size is now: (1176, 811)]. @14-11-2021 01:57:47.0000 A

################################################################################################################################################
Starting Execution:	[142 out of 146] test cases in the current suite
Test Method:		[testPackage01.Test_verifyEquals.test_assertElementAttribute]
################################################################################################################################################
[ReportManager] Target URL: [https://www.google.com/ncr], and after redirection: [https://www.google.com] @14-11-2021 01:57:47.0004 AM
[ReportManager] Initial URL: [] @14-11-2021 01:57:47.0033 AM
[ReportManager] Browser Action [NavigateToURL] successfully performed. With the following test data [https://www.google.com/ncr]. @14-11-2021 01:57:47.0958 AM
[ReportManager] Element Action [Type] successfully performed. With the following test data [INC_004010050:Another SCHEDULER with the same name [Duplicate Job Name] already exists.]. @14-11-2021 01:57:50.0546 AM
[ReportManager] Element Action [GetText] successfully performed. With the following test data [INC_004010050:Another SCHEDULER with the same name [Duplicate Job Name] already exists.]. @14-11-2021 01:57:50.0608 AM
[ReportManager] Loaded Shared OpenCV @14-11-2021 01:57:50.0673 AM
[ReportManager] Verification [ValidateElementAttribute] PASSED. Expected [Value Should be 'INC_004010050:Another SCHEDULER with the same name \[Duplicate Job Name\] already exists.' for the 'text' attribute, element locator 'By.name: q'] and Actual [INC_004010050:Another SCHEDULER with the same name [Duplicate Job Name] already exists.]. Comparison Type [MATCHES]. Validation Type [POSITIVE]. @14-11-2021 01:57:50.0762 AM
[ReportManager] Successfully created attachment [Screenshot - 1636855070673_test_assertElementAttribute_ValidateElementAttribute_passed] @14-11-2021 01:57:50.0763 A
[ReportManager] Browser Action [CloseCurrentWindow] successfully performed. @14-11-2021 01:57:51.0133 AM
[ReportManager] Successfully created attachment [Browser Action Test Data - CloseCurrentWindow - Actual Value] @14-11-2021 01:57:51.0133 A

################################################################################################################################################
Starting Execution:	[143 out of 146] test cases in the current suite
Test Method:		[testPackage01.Test_SelectedValue.multipleSelect]
################################################################################################################################################
[ReportManager] File Action [GetAbsolutePath] successfully performed. With the following test data [Relative Folder Path: "target/downloadedFiles/"]. @14-11-2021 01:57:51.0136 AM
[ReportManager] Attempting to run locally on: [Mac-64], [GoogleChrome], Headless Execution. @14-11-2021 01:57:51.0137 AM
[ReportManager] Identifying OS/Driver combination and selecting the correct driver version automatically. Please note that if a new driver executable will be downloaded it may take some time... @14-11-2021 01:57:51.0137 AM
[ReportManager] Successfully Opened Google Chrome. @14-11-2021 01:57:51.0778 AM
[ReportManager] Initial window size: (1920, 1080) @14-11-2021 01:57:51.0787 AM
[ReportManager] Window size after SWD Maximize: (1920, 1080) @14-11-2021 01:57:51.0900 AM
[ReportManager] Window size after Toolkit: (1920, 1080) @14-11-2021 01:57:52.0456 AM
[ReportManager] Browser Action [MaximizeWindow] successfully performed. With the following test data [New screen size is now: (1920, 1080)]. @14-11-2021 01:57:52.0476 AM
[ReportManager] Target URL: [https://yari-demos.prod.mdn.mozit.cloud/en-US/docs/Web/HTML/Element/select/_sample_.Advanced_select_with_multiple_features.html] @14-11-2021 01:57:52.0476 AM
[ReportManager] Initial URL: [data:,] @14-11-2021 01:57:52.0506 AM
[ReportManager] Browser Action [NavigateToURL] successfully performed. With the following test data [https://yari-demos.prod.mdn.mozit.cloud/en-US/docs/Web/HTML/Element/select/_sample_.Advanced_select_with_multiple_features.html]. @14-11-2021 01:57:52.0972 AM
[ReportManager] Element Action [Select] successfully performed. With the following test data [Dog]. @14-11-2021 01:57:53.0168 AM
[ReportManager] Element Action [Select] successfully performed. With the following test data [Cat]. @14-11-2021 01:57:53.0318 AM
[ReportManager] Element Action [GetSelectedText] successfully performed. With the following test data [DogCat]. @14-11-2021 01:57:53.0411 AM
[ReportManager] DogCat @14-11-2021 01:57:53.0411 AM
[ReportManager] Element Action [GetSelectedText] successfully performed. With the following test data [DogCat]. @14-11-2021 01:57:53.0492 AM
[ReportManager] Loaded Shared OpenCV @14-11-2021 01:57:53.0893 AM
[ReportManager] Assertion [ValidateElementAttribute] PASSED. Expected [Value Should be 'DogCat' for the 'selectedText' attribute, element locator 'By.tagName: select'] and Actual [DogCat]. Comparison Type [EQUALS]. Validation Type [POSITIVE]. @14-11-2021 01:57:54.0076 AM
[ReportManager] Successfully created attachment [Screenshot - 1636855073893_multipleSelect_ValidateElementAttribute_passed] @14-11-2021 01:57:54.0077 AM
[ReportManager] Browser Action [CloseCurrentWindow] successfully performed. @14-11-2021 01:57:54.0275 AM
[ReportManager] Successfully created attachment [Browser Action Test Data - CloseCurrentWindow - Actual Value] @14-11-2021 01:57:54.0276 A

################################################################################################################################################
Starting Execution:	[144 out of 146] test cases in the current suite
Test Method:		[testPackage01.Test_SelectedValue.simpleSelect]
################################################################################################################################################
[ReportManager] File Action [GetAbsolutePath] successfully performed. With the following test data [Relative Folder Path: "target/downloadedFiles/"]. @14-11-2021 01:57:54.0283 AM
[ReportManager] Attempting to run locally on: [Mac-64], [GoogleChrome], Headless Execution. @14-11-2021 01:57:54.0284 AM
[ReportManager] Identifying OS/Driver combination and selecting the correct driver version automatically. Please note that if a new driver executable will be downloaded it may take some time... @14-11-2021 01:57:54.0284 AM
[ReportManager] Successfully Opened Google Chrome. @14-11-2021 01:57:54.0783 AM
[ReportManager] Initial window size: (1920, 1080) @14-11-2021 01:57:54.0786 AM
[ReportManager] Window size after SWD Maximize: (1920, 1080) @14-11-2021 01:57:55.0013 AM
[ReportManager] Window size after Toolkit: (1920, 1080) @14-11-2021 01:57:55.0415 AM
[ReportManager] Browser Action [MaximizeWindow] successfully performed. With the following test data [New screen size is now: (1920, 1080)]. @14-11-2021 01:57:55.0419 AM
[ReportManager] Target URL: [https://yari-demos.prod.mdn.mozit.cloud/en-US/docs/Web/HTML/Element/select/_sample_.Basic_select.html] @14-11-2021 01:57:55.0419 AM
[ReportManager] Initial URL: [data:,] @14-11-2021 01:57:55.0452 AM
[ReportManager] Browser Action [NavigateToURL] successfully performed. With the following test data [https://yari-demos.prod.mdn.mozit.cloud/en-US/docs/Web/HTML/Element/select/_sample_.Basic_select.html]. @14-11-2021 01:57:55.0640 AM
[ReportManager] Element Action [Select] successfully performed. With the following test data [Third Value]. @14-11-2021 01:57:55.0940 AM
[ReportManager] Element Action [GetSelectedText] successfully performed. With the following test data [Third Value]. @14-11-2021 01:57:56.0008 AM
[ReportManager] Third Value @14-11-2021 01:57:56.0008 AM
[ReportManager] Element Action [GetSelectedText] successfully performed. With the following test data [Third Value]. @14-11-2021 01:57:56.0069 AM
[ReportManager] Loaded Shared OpenCV @14-11-2021 01:57:56.0328 AM
[ReportManager] Assertion [ValidateElementAttribute] PASSED. Expected [Value Should be 'Third Value' for the 'selectedText' attribute, element locator 'By.tagName: select'] and Actual [Third Value]. Comparison Type [EQUALS]. Validation Type [POSITIVE]. @14-11-2021 01:57:56.0521 AM
[ReportManager] Successfully created attachment [Screenshot - 1636855076328_simpleSelect_ValidateElementAttribute_passed] @14-11-2021 01:57:56.0522 AM
[ReportManager] Browser Action [CloseCurrentWindow] successfully performed. @14-11-2021 01:57:56.0628 AM
[ReportManager] Successfully created attachment [Browser Action Test Data - CloseCurrentWindow - Actual Value] @14-11-2021 01:57:56.0629 A
[ReportManager] File Action [GetAbsolutePath] successfully performed. With the following test data [Relative Folder Path: "target/downloadedFiles/"]. @14-11-2021 01:57:56.0637 AM
[ReportManager] Attempting to run locally on: [Mac-64], [Safari], Headless Execution. @14-11-2021 01:57:56.0638 AM
[ReportManager] Successfully Opened Safari. @14-11-2021 01:57:57.0407 AM
[ReportManager] Initial window size: (800, 600) @14-11-2021 01:57:57.0429 AM
[ReportManager] Window size after SWD Maximize: (1176, 811) @14-11-2021 01:57:57.0439 AM
[ReportManager] Browser Action [MaximizeWindow] successfully performed. With the following test data [New screen size is now: (1176, 811)]. @14-11-2021 01:57:57.0440 A

################################################################################################################################################
Starting Execution:	[145 out of 146] test cases in the current suite
Test Method:		[testPackage01.Test_dynamicLoading.dynamicLoading_elementIsHidden]
################################################################################################################################################
[ReportManager] Target URL: [https://the-internet.herokuapp.com/dynamic_loading/1] @14-11-2021 01:57:57.0449 AM
[ReportManager] Initial URL: [] @14-11-2021 01:57:57.0480 AM
[ReportManager] Browser Action [NavigateToURL] successfully performed. With the following test data [https://the-internet.herokuapp.com/dynamic_loading/1]. @14-11-2021 01:57:58.0617 AM
[ReportManager] Element Action [Click] successfully performed. With the following test data [Start]. @14-11-2021 01:57:58.0994 AM
[ReportManager] Element Action [GetText] successfully performed. With the following test data [
    Hello World!
  ]. @14-11-2021 01:57:59.0029 A
[ReportManager] Browser Action [CloseCurrentWindow] successfully performed. @14-11-2021 01:57:59.0355 AM
[ReportManager] Successfully created attachment [Browser Action Test Data - CloseCurrentWindow - Actual Value] @14-11-2021 01:57:59.0356 A
[ReportManager] File Action [GetAbsolutePath] successfully performed. With the following test data [Relative Folder Path: "target/downloadedFiles/"]. @14-11-2021 01:57:59.0358 AM
[ReportManager] Attempting to run locally on: [Mac-64], [Safari], Headless Execution. @14-11-2021 01:57:59.0358 AM
[ReportManager] Successfully Opened Safari. @14-11-2021 01:58:00.0268 AM
[ReportManager] Initial window size: (800, 600) @14-11-2021 01:58:00.0274 AM
[ReportManager] Window size after SWD Maximize: (1176, 811) @14-11-2021 01:58:00.0302 AM
[ReportManager] Browser Action [MaximizeWindow] successfully performed. With the following test data [New screen size is now: (1176, 811)]. @14-11-2021 01:58:00.0303 A

################################################################################################################################################
Starting Execution:	[146 out of 146] test cases in the current suite
Test Method:		[testPackage01.Test_dynamicLoading.dynamicLoading_elementIsRendered]
################################################################################################################################################
[ReportManager] Target URL: [https://the-internet.herokuapp.com/dynamic_loading/2] @14-11-2021 01:58:00.0307 AM
[ReportManager] Initial URL: [] @14-11-2021 01:58:00.0368 AM
[ReportManager] Browser Action [NavigateToURL] successfully performed. With the following test data [https://the-internet.herokuapp.com/dynamic_loading/2]. @14-11-2021 01:58:01.0759 AM
[ReportManager] Element Action [Click] successfully performed. With the following test data [Start]. @14-11-2021 01:58:02.0340 A
[ReportManager] Browser Action [CloseCurrentWindow] successfully performed. @14-11-2021 01:58:02.0760 AM
[ReportManager] Successfully created attachment [Browser Action Test Data - CloseCurrentWindow - Actual Value] @14-11-2021 01:58:02.0760 A
[ReportManager] Successfully created attachment [SHAFT Engine Logs - Execution log] @14-11-2021 01:58:02.0792 AM

################################################################################################################################################
This test run was powered by SHAFT Engine Version: [SHAFT Engine v5.4.20211114-BETA]
SHAFT Engine is licensed under the MIT License: [https://github.com/MohabMohie/SHAFT_ENGINE/blob/master/LICENSE].
################################################################################################################################################