################################################################################################################################################
Detected SHAFT Engine Version: [SHAFT Engine v5.4.20211011]
################################################################################################################################################

################################################################################################################################################
Starting Execution:	[1 out of 143] test cases in the current suite
Test Method:		[unitTests.tests_validations_assertions.assertComparativeRelation_greaterThanOrEquals_false_equals_expectedToFail]
################################################################################################################################################
[ReportManager] Assertion [ValidateComparativeRelation] FAILED. Expected [1] and Actual [1]. Comparison Type [GREATER_THAN_OR_EQUALS]. Validation Type [NEGATIVE]. @12-10-2021 01:56:30.0287 A

################################################################################################################################################
Starting Execution:	[2 out of 143] test cases in the current suite
Test Method:		[unitTests.tests_validations_assertions.assertComparativeRelation_greaterThanOrEquals_false_equals_expectedToPass]
################################################################################################################################################
[ReportManager] Assertion [ValidateComparativeRelation] PASSED. Expected [2] and Actual [1]. Comparison Type [GREATER_THAN_OR_EQUALS]. Validation Type [NEGATIVE]. @12-10-2021 01:56:30.0388 A

################################################################################################################################################
Starting Execution:	[3 out of 143] test cases in the current suite
Test Method:		[unitTests.tests_validations_assertions.assertComparativeRelation_greaterThanOrEquals_false_greaterThan_expectedToFail]
################################################################################################################################################
[ReportManager] Assertion [ValidateComparativeRelation] FAILED. Expected [1] and Actual [2]. Comparison Type [GREATER_THAN_OR_EQUALS]. Validation Type [NEGATIVE]. @12-10-2021 01:56:30.0395 A

################################################################################################################################################
Starting Execution:	[4 out of 143] test cases in the current suite
Test Method:		[unitTests.tests_validations_assertions.assertComparativeRelation_greaterThanOrEquals_false_greaterThan_expectedToPass]
################################################################################################################################################
[ReportManager] Assertion [ValidateComparativeRelation] PASSED. Expected [2] and Actual [1]. Comparison Type [GREATER_THAN_OR_EQUALS]. Validation Type [NEGATIVE]. @12-10-2021 01:56:30.0401 A

################################################################################################################################################
Starting Execution:	[5 out of 143] test cases in the current suite
Test Method:		[unitTests.tests_validations_assertions.assertComparativeRelation_greaterThanOrEquals_true_equals_expectedToFail]
################################################################################################################################################
[ReportManager] Assertion [ValidateComparativeRelation] FAILED. Expected [1] and Actual [0]. Comparison Type [GREATER_THAN_OR_EQUALS]. Validation Type [POSITIVE]. @12-10-2021 01:56:30.0407 A

################################################################################################################################################
Starting Execution:	[6 out of 143] test cases in the current suite
Test Method:		[unitTests.tests_validations_assertions.assertComparativeRelation_greaterThanOrEquals_true_equals_expectedToPass]
################################################################################################################################################
[ReportManager] Assertion [ValidateComparativeRelation] PASSED. Expected [1] and Actual [1]. Comparison Type [GREATER_THAN_OR_EQUALS]. Validation Type [POSITIVE]. @12-10-2021 01:56:30.0413 A

################################################################################################################################################
Starting Execution:	[7 out of 143] test cases in the current suite
Test Method:		[unitTests.tests_validations_assertions.assertComparativeRelation_greaterThanOrEquals_true_greaterThan_expectedToFail]
################################################################################################################################################
[ReportManager] Assertion [ValidateComparativeRelation] FAILED. Expected [2] and Actual [1]. Comparison Type [GREATER_THAN_OR_EQUALS]. Validation Type [POSITIVE]. @12-10-2021 01:56:30.0420 A

################################################################################################################################################
Starting Execution:	[8 out of 143] test cases in the current suite
Test Method:		[unitTests.tests_validations_assertions.assertComparativeRelation_greaterThanOrEquals_true_greaterThan_expectedToPass]
################################################################################################################################################
[ReportManager] Assertion [ValidateComparativeRelation] PASSED. Expected [1] and Actual [2]. Comparison Type [GREATER_THAN_OR_EQUALS]. Validation Type [POSITIVE]. @12-10-2021 01:56:30.0425 A
[ReportManager] File Action [GetAbsolutePath] successfully performed. With the following test data [Relative Folder Path: "target/downloadedFiles/"]. @12-10-2021 01:56:30.0436 AM
[ReportManager] Attempting to run remotely on: [Linux-64], [GoogleChrome], [http://localhost:4444/wd/hub], Headless Execution. @12-10-2021 01:56:30.0461 AM
[ReportManager] Successfully Opened [GoogleChrome]. @12-10-2021 01:56:31.0953 AM
[ReportManager] Target URL: [https://www.google.com/ncr], and after redirection: [www.google.com] @12-10-2021 01:56:32.0003 AM
[ReportManager] Initial URL: [data:,] @12-10-2021 01:56:32.0115 AM
[ReportManager] Browser Action [NavigateToURL] successfully performed. With the following test data [https://www.google.com/ncr]. @12-10-2021 01:56:33.0383 A

################################################################################################################################################
Starting Execution:	[9 out of 143] test cases in the current suite
Test Method:		[unitTests.tests_validations_assertions.assertElementAttribute_false_caseInsensitiveComparison_expectedToFail]
################################################################################################################################################
[ReportManager] Element Action [Type] successfully performed. With the following test data [AUTOMATION]. @12-10-2021 01:56:33.0946 AM
[ReportManager] Element Action [GetText] successfully performed. With the following test data [AUTOMATION]. @12-10-2021 01:56:34.0113 AM
[ReportManager] Loaded Shared OpenCV @12-10-2021 01:56:34.0764 AM
[ReportManager] Assertion [ValidateElementAttribute] FAILED. Expected [Value Should not be 'AutomaTion' for the 'text' attribute, element locator 'By.name: q'] and Actual [AUTOMATION]. Comparison Type [CASE_INSENSITIVE]. Validation Type [NEGATIVE]. @12-10-2021 01:56:35.0036 AM
[ReportManager] Successfully created attachment [Screenshot - 1634003794343_assertElementAttribute_false_caseInsensitiveComparison_expectedToFail_ValidateElementAttribute_failed] @12-10-2021 01:56:35.0052 A
[ReportManager] Browser Action [CloseCurrentWindow] successfully performed. @12-10-2021 01:56:35.0232 AM
[ReportManager] Successfully created attachment [Browser Action Test Data - CloseCurrentWindow - Actual Value] @12-10-2021 01:56:35.0237 A
[ReportManager] File Action [GetAbsolutePath] successfully performed. With the following test data [Relative Folder Path: "target/downloadedFiles/"]. @12-10-2021 01:56:35.0250 AM
[ReportManager] Attempting to run remotely on: [Linux-64], [GoogleChrome], [http://localhost:4444/wd/hub], Headless Execution. @12-10-2021 01:56:35.0250 AM
[ReportManager] Successfully Opened [GoogleChrome]. @12-10-2021 01:56:35.0493 AM
[ReportManager] Target URL: [https://www.google.com/ncr], and after redirection: [www.google.com] @12-10-2021 01:56:35.0522 AM
[ReportManager] Initial URL: [data:,] @12-10-2021 01:56:35.0595 AM
[ReportManager] Browser Action [NavigateToURL] successfully performed. With the following test data [https://www.google.com/ncr]. @12-10-2021 01:56:38.0016 A

################################################################################################################################################
Starting Execution:	[10 out of 143] test cases in the current suite
Test Method:		[unitTests.tests_validations_assertions.assertElementAttribute_false_caseInsensitiveComparison_expectedToPass]
################################################################################################################################################
[ReportManager] Element Action [Type] successfully performed. With the following test data [AUTOMATION]. @12-10-2021 01:56:38.0481 AM
[ReportManager] Element Action [GetText] successfully performed. With the following test data [AUTOMATION]. @12-10-2021 01:56:38.0641 AM
[ReportManager] Loaded Shared OpenCV @12-10-2021 01:56:38.0810 AM
[ReportManager] Assertion [ValidateElementAttribute] PASSED. Expected [Value Should not be 'AutomaTion123' for the 'text' attribute, element locator 'By.name: q'] and Actual [AUTOMATION]. Comparison Type [CASE_INSENSITIVE]. Validation Type [NEGATIVE]. @12-10-2021 01:56:38.0932 AM
[ReportManager] Successfully created attachment [Screenshot - 1634003798809_assertElementAttribute_false_caseInsensitiveComparison_expectedToPass_ValidateElementAttribute_passed] @12-10-2021 01:56:38.0935 A
[ReportManager] Browser Action [CloseCurrentWindow] successfully performed. @12-10-2021 01:56:39.0085 AM
[ReportManager] Successfully created attachment [Browser Action Test Data - CloseCurrentWindow - Actual Value] @12-10-2021 01:56:39.0086 A
[ReportManager] File Action [GetAbsolutePath] successfully performed. With the following test data [Relative Folder Path: "target/downloadedFiles/"]. @12-10-2021 01:56:39.0093 AM
[ReportManager] Attempting to run remotely on: [Linux-64], [GoogleChrome], [http://localhost:4444/wd/hub], Headless Execution. @12-10-2021 01:56:39.0093 AM
[ReportManager] Successfully Opened [GoogleChrome]. @12-10-2021 01:56:39.0343 AM
[ReportManager] Target URL: [https://www.google.com/ncr], and after redirection: [www.google.com] @12-10-2021 01:56:39.0364 AM
[ReportManager] Initial URL: [data:,] @12-10-2021 01:56:39.0446 AM
[ReportManager] Browser Action [NavigateToURL] successfully performed. With the following test data [https://www.google.com/ncr]. @12-10-2021 01:56:40.0257 A

################################################################################################################################################
Starting Execution:	[11 out of 143] test cases in the current suite
Test Method:		[unitTests.tests_validations_assertions.assertElementAttribute_false_containsComparison_expectedToFail]
################################################################################################################################################
[ReportManager] Element Action [Type] successfully performed. With the following test data [Automation123]. @12-10-2021 01:56:40.0661 AM
[ReportManager] Element Action [GetText] successfully performed. With the following test data [Automation123]. @12-10-2021 01:56:40.0803 AM
[ReportManager] Loaded Shared OpenCV @12-10-2021 01:56:40.0970 AM
[ReportManager] Assertion [ValidateElementAttribute] FAILED. Expected [Value Should not be 'Automation' for the 'text' attribute, element locator 'By.name: q'] and Actual [Automation123]. Comparison Type [CONTAINS]. Validation Type [NEGATIVE]. @12-10-2021 01:56:41.0061 AM
[ReportManager] Successfully created attachment [Screenshot - 1634003800969_assertElementAttribute_false_containsComparison_expectedToFail_ValidateElementAttribute_failed] @12-10-2021 01:56:41.0063 A
[ReportManager] Browser Action [CloseCurrentWindow] successfully performed. @12-10-2021 01:56:41.0240 AM
[ReportManager] Successfully created attachment [Browser Action Test Data - CloseCurrentWindow - Actual Value] @12-10-2021 01:56:41.0241 A
[ReportManager] File Action [GetAbsolutePath] successfully performed. With the following test data [Relative Folder Path: "target/downloadedFiles/"]. @12-10-2021 01:56:41.0246 AM
[ReportManager] Attempting to run remotely on: [Linux-64], [GoogleChrome], [http://localhost:4444/wd/hub], Headless Execution. @12-10-2021 01:56:41.0247 AM
[ReportManager] Successfully Opened [GoogleChrome]. @12-10-2021 01:56:41.0495 AM
[ReportManager] Target URL: [https://www.google.com/ncr], and after redirection: [www.google.com] @12-10-2021 01:56:41.0518 AM
[ReportManager] Initial URL: [data:,] @12-10-2021 01:56:41.0577 AM
[ReportManager] Browser Action [NavigateToURL] successfully performed. With the following test data [https://www.google.com/ncr]. @12-10-2021 01:56:42.0381 A

################################################################################################################################################
Starting Execution:	[12 out of 143] test cases in the current suite
Test Method:		[unitTests.tests_validations_assertions.assertElementAttribute_false_containsComparison_expectedToPass]
################################################################################################################################################
[ReportManager] Element Action [Type] successfully performed. With the following test data [Automation123]. @12-10-2021 01:56:42.0807 AM
[ReportManager] Element Action [GetText] successfully performed. With the following test data [Automation123]. @12-10-2021 01:56:42.0936 AM
[ReportManager] Loaded Shared OpenCV @12-10-2021 01:56:43.0084 AM
[ReportManager] Assertion [ValidateElementAttribute] PASSED. Expected [Value Should not be 'Automation1234' for the 'text' attribute, element locator 'By.name: q'] and Actual [Automation123]. Comparison Type [CONTAINS]. Validation Type [NEGATIVE]. @12-10-2021 01:56:43.0154 AM
[ReportManager] Successfully created attachment [Screenshot - 1634003803084_assertElementAttribute_false_containsComparison_expectedToPass_ValidateElementAttribute_passed] @12-10-2021 01:56:43.0155 A
[ReportManager] Browser Action [CloseCurrentWindow] successfully performed. @12-10-2021 01:56:43.0298 AM
[ReportManager] Successfully created attachment [Browser Action Test Data - CloseCurrentWindow - Actual Value] @12-10-2021 01:56:43.0299 A
[ReportManager] File Action [GetAbsolutePath] successfully performed. With the following test data [Relative Folder Path: "target/downloadedFiles/"]. @12-10-2021 01:56:43.0303 AM
[ReportManager] Attempting to run remotely on: [Linux-64], [GoogleChrome], [http://localhost:4444/wd/hub], Headless Execution. @12-10-2021 01:56:43.0303 AM
[ReportManager] Successfully Opened [GoogleChrome]. @12-10-2021 01:56:43.0545 AM
[ReportManager] Target URL: [https://www.google.com/ncr], and after redirection: [www.google.com] @12-10-2021 01:56:43.0566 AM
[ReportManager] Initial URL: [data:,] @12-10-2021 01:56:43.0630 AM
[ReportManager] Browser Action [NavigateToURL] successfully performed. With the following test data [https://www.google.com/ncr]. @12-10-2021 01:56:44.0429 A

################################################################################################################################################
Starting Execution:	[13 out of 143] test cases in the current suite
Test Method:		[unitTests.tests_validations_assertions.assertElementAttribute_false_literalComparison_expectedToFail]
################################################################################################################################################
[ReportManager] Element Action [Type] successfully performed. With the following test data [Automation!@#$%^&*()_+{}[]\';/.,]. @12-10-2021 01:56:44.0925 AM
[ReportManager] Element Action [GetText] successfully performed. With the following test data [Automation!@#$%^&*()_+{}[]\';/.,]. @12-10-2021 01:56:45.0068 AM
[ReportManager] Loaded Shared OpenCV @12-10-2021 01:56:45.0242 AM
[ReportManager] Assertion [ValidateElementAttribute] PASSED. Expected [Value Should not be 'Automation!@#$%^&*()_+{}[]\\';/.,' for the 'text' attribute, element locator 'By.name: q'] and Actual [Automation!@#$%^&*()_+{}[]\';/.,]. Comparison Type [EQUALS]. Validation Type [NEGATIVE]. @12-10-2021 01:56:45.0316 AM
[ReportManager] Successfully created attachment [Screenshot - 1634003805242_assertElementAttribute_false_literalComparison_expectedToFail_ValidateElementAttribute_passed] @12-10-2021 01:56:45.0317 A
[ReportManager] Browser Action [CloseCurrentWindow] successfully performed. @12-10-2021 01:56:45.0457 AM
[ReportManager] Successfully created attachment [Browser Action Test Data - CloseCurrentWindow - Actual Value] @12-10-2021 01:56:45.0458 A
[ReportManager] File Action [GetAbsolutePath] successfully performed. With the following test data [Relative Folder Path: "target/downloadedFiles/"]. @12-10-2021 01:56:45.0461 AM
[ReportManager] Attempting to run remotely on: [Linux-64], [GoogleChrome], [http://localhost:4444/wd/hub], Headless Execution. @12-10-2021 01:56:45.0462 AM
[ReportManager] Successfully Opened [GoogleChrome]. @12-10-2021 01:56:45.0686 AM
[ReportManager] Target URL: [https://www.google.com/ncr], and after redirection: [www.google.com] @12-10-2021 01:56:45.0712 AM
[ReportManager] Initial URL: [data:,] @12-10-2021 01:56:45.0778 AM
[ReportManager] Browser Action [NavigateToURL] successfully performed. With the following test data [https://www.google.com/ncr]. @12-10-2021 01:56:46.0663 A

################################################################################################################################################
Starting Execution:	[14 out of 143] test cases in the current suite
Test Method:		[unitTests.tests_validations_assertions.assertElementAttribute_false_literalComparison_expectedToPass]
################################################################################################################################################
[ReportManager] Element Action [Type] successfully performed. With the following test data [Automation!@#$%^&*()_+{}[]\';/.,]. @12-10-2021 01:56:47.0169 AM
[ReportManager] Element Action [GetText] successfully performed. With the following test data [Automation!@#$%^&*()_+{}[]\';/.,]. @12-10-2021 01:56:47.0297 AM
[ReportManager] Loaded Shared OpenCV @12-10-2021 01:56:47.0456 AM
[ReportManager] Assertion [ValidateElementAttribute] PASSED. Expected [Value Should not be 'Automation' for the 'text' attribute, element locator 'By.name: q'] and Actual [Automation!@#$%^&*()_+{}[]\';/.,]. Comparison Type [EQUALS]. Validation Type [NEGATIVE]. @12-10-2021 01:56:47.0534 AM
[ReportManager] Successfully created attachment [Screenshot - 1634003807456_assertElementAttribute_false_literalComparison_expectedToPass_ValidateElementAttribute_passed] @12-10-2021 01:56:47.0535 A
[ReportManager] Browser Action [CloseCurrentWindow] successfully performed. @12-10-2021 01:56:47.0681 AM
[ReportManager] Successfully created attachment [Browser Action Test Data - CloseCurrentWindow - Actual Value] @12-10-2021 01:56:47.0681 A
[ReportManager] File Action [GetAbsolutePath] successfully performed. With the following test data [Relative Folder Path: "target/downloadedFiles/"]. @12-10-2021 01:56:47.0685 AM
[ReportManager] Attempting to run remotely on: [Linux-64], [GoogleChrome], [http://localhost:4444/wd/hub], Headless Execution. @12-10-2021 01:56:47.0685 AM
[ReportManager] Successfully Opened [GoogleChrome]. @12-10-2021 01:56:47.0956 AM
[ReportManager] Target URL: [https://www.google.com/ncr], and after redirection: [www.google.com] @12-10-2021 01:56:47.0976 AM
[ReportManager] Initial URL: [data:,] @12-10-2021 01:56:48.0046 AM
[ReportManager] Browser Action [NavigateToURL] successfully performed. With the following test data [https://www.google.com/ncr]. @12-10-2021 01:56:48.0886 A

################################################################################################################################################
Starting Execution:	[15 out of 143] test cases in the current suite
Test Method:		[unitTests.tests_validations_assertions.assertElementAttribute_false_regexComparison_expectedToFail]
################################################################################################################################################
[ReportManager] Element Action [Type] successfully performed. With the following test data [Automation123]. @12-10-2021 01:56:49.0299 AM
[ReportManager] Element Action [GetText] successfully performed. With the following test data [Automation123]. @12-10-2021 01:56:49.0406 AM
[ReportManager] Loaded Shared OpenCV @12-10-2021 01:56:49.0553 AM
[ReportManager] Assertion [ValidateElementAttribute] FAILED. Expected [Value Should not be 'Automation.*' for the 'text' attribute, element locator 'By.name: q'] and Actual [Automation123]. Comparison Type [MATCHES]. Validation Type [NEGATIVE]. @12-10-2021 01:56:49.0625 AM
[ReportManager] Successfully created attachment [Screenshot - 1634003809553_assertElementAttribute_false_regexComparison_expectedToFail_ValidateElementAttribute_failed] @12-10-2021 01:56:49.0626 A
[ReportManager] Browser Action [CloseCurrentWindow] successfully performed. @12-10-2021 01:56:49.0763 AM
[ReportManager] Successfully created attachment [Browser Action Test Data - CloseCurrentWindow - Actual Value] @12-10-2021 01:56:49.0765 A
[ReportManager] File Action [GetAbsolutePath] successfully performed. With the following test data [Relative Folder Path: "target/downloadedFiles/"]. @12-10-2021 01:56:49.0773 AM
[ReportManager] Attempting to run remotely on: [Linux-64], [GoogleChrome], [http://localhost:4444/wd/hub], Headless Execution. @12-10-2021 01:56:49.0774 AM
[ReportManager] Successfully Opened [GoogleChrome]. @12-10-2021 01:56:49.0985 AM
[ReportManager] Target URL: [https://www.google.com/ncr], and after redirection: [www.google.com] @12-10-2021 01:56:50.0000 AM
[ReportManager] Initial URL: [data:,] @12-10-2021 01:56:50.0062 AM
[ReportManager] Browser Action [NavigateToURL] successfully performed. With the following test data [https://www.google.com/ncr]. @12-10-2021 01:56:50.0943 A

################################################################################################################################################
Starting Execution:	[16 out of 143] test cases in the current suite
Test Method:		[unitTests.tests_validations_assertions.assertElementAttribute_false_regexComparison_expectedToPass]
################################################################################################################################################
[ReportManager] Element Action [Type] successfully performed. With the following test data [Automation123]. @12-10-2021 01:56:51.0354 AM
[ReportManager] Element Action [GetText] successfully performed. With the following test data [Automation123]. @12-10-2021 01:56:51.0489 AM
[ReportManager] Loaded Shared OpenCV @12-10-2021 01:56:51.0631 AM
[ReportManager] Assertion [ValidateElementAttribute] PASSED. Expected [Value Should not be 'Automation' for the 'text' attribute, element locator 'By.name: q'] and Actual [Automation123]. Comparison Type [MATCHES]. Validation Type [NEGATIVE]. @12-10-2021 01:56:51.0703 AM
[ReportManager] Successfully created attachment [Screenshot - 1634003811631_assertElementAttribute_false_regexComparison_expectedToPass_ValidateElementAttribute_passed] @12-10-2021 01:56:51.0704 A
[ReportManager] Browser Action [CloseCurrentWindow] successfully performed. @12-10-2021 01:56:51.0873 AM
[ReportManager] Successfully created attachment [Browser Action Test Data - CloseCurrentWindow - Actual Value] @12-10-2021 01:56:51.0874 A
[ReportManager] File Action [GetAbsolutePath] successfully performed. With the following test data [Relative Folder Path: "target/downloadedFiles/"]. @12-10-2021 01:56:51.0883 AM
[ReportManager] Attempting to run remotely on: [Linux-64], [GoogleChrome], [http://localhost:4444/wd/hub], Headless Execution. @12-10-2021 01:56:51.0883 AM
[ReportManager] Successfully Opened [GoogleChrome]. @12-10-2021 01:56:52.0118 AM
[ReportManager] Target URL: [https://www.google.com/ncr], and after redirection: [www.google.com] @12-10-2021 01:56:52.0132 AM
[ReportManager] Initial URL: [data:,] @12-10-2021 01:56:52.0198 AM
[ReportManager] Browser Action [NavigateToURL] successfully performed. With the following test data [https://www.google.com/ncr]. @12-10-2021 01:56:52.0988 A

################################################################################################################################################
Starting Execution:	[17 out of 143] test cases in the current suite
Test Method:		[unitTests.tests_validations_assertions.assertElementAttribute_true_caseInsensitiveComparison_expectedToFail]
################################################################################################################################################
[ReportManager] Element Action [Type] successfully performed. With the following test data [AUTOMATION]. @12-10-2021 01:56:53.0382 AM
[ReportManager] Element Action [GetText] successfully performed. With the following test data [AUTOMATION]. @12-10-2021 01:56:53.0511 AM
[ReportManager] Loaded Shared OpenCV @12-10-2021 01:56:53.0656 AM
[ReportManager] Assertion [ValidateElementAttribute] FAILED. Expected [Value Should be 'AutomaTion123' for the 'text' attribute, element locator 'By.name: q'] and Actual [AUTOMATION]. Comparison Type [CASE_INSENSITIVE]. Validation Type [POSITIVE]. @12-10-2021 01:56:53.0731 AM
[ReportManager] Successfully created attachment [Screenshot - 1634003813656_assertElementAttribute_true_caseInsensitiveComparison_expectedToFail_ValidateElementAttribute_failed] @12-10-2021 01:56:53.0733 A
[ReportManager] Browser Action [CloseCurrentWindow] successfully performed. @12-10-2021 01:56:53.0877 AM
[ReportManager] Successfully created attachment [Browser Action Test Data - CloseCurrentWindow - Actual Value] @12-10-2021 01:56:53.0879 A
[ReportManager] File Action [GetAbsolutePath] successfully performed. With the following test data [Relative Folder Path: "target/downloadedFiles/"]. @12-10-2021 01:56:53.0882 AM
[ReportManager] Attempting to run remotely on: [Linux-64], [GoogleChrome], [http://localhost:4444/wd/hub], Headless Execution. @12-10-2021 01:56:53.0882 AM
[ReportManager] Successfully Opened [GoogleChrome]. @12-10-2021 01:56:54.0124 AM
[ReportManager] Target URL: [https://www.google.com/ncr], and after redirection: [www.google.com] @12-10-2021 01:56:54.0138 AM
[ReportManager] Initial URL: [data:,] @12-10-2021 01:56:54.0187 AM
[ReportManager] Browser Action [NavigateToURL] successfully performed. With the following test data [https://www.google.com/ncr]. @12-10-2021 01:56:54.0962 A

################################################################################################################################################
Starting Execution:	[18 out of 143] test cases in the current suite
Test Method:		[unitTests.tests_validations_assertions.assertElementAttribute_true_caseInsensitiveComparison_expectedToPass]
################################################################################################################################################
[ReportManager] Element Action [Type] successfully performed. With the following test data [AUTOMATION]. @12-10-2021 01:56:55.0339 AM
[ReportManager] Element Action [GetText] successfully performed. With the following test data [AUTOMATION]. @12-10-2021 01:56:55.0450 AM
[ReportManager] Loaded Shared OpenCV @12-10-2021 01:56:55.0593 AM
[ReportManager] Assertion [ValidateElementAttribute] PASSED. Expected [Value Should be 'AutomaTion' for the 'text' attribute, element locator 'By.name: q'] and Actual [AUTOMATION]. Comparison Type [CASE_INSENSITIVE]. Validation Type [POSITIVE]. @12-10-2021 01:56:55.0667 AM
[ReportManager] Successfully created attachment [Screenshot - 1634003815593_assertElementAttribute_true_caseInsensitiveComparison_expectedToPass_ValidateElementAttribute_passed] @12-10-2021 01:56:55.0668 A
[ReportManager] Browser Action [CloseCurrentWindow] successfully performed. @12-10-2021 01:56:55.0799 AM
[ReportManager] Successfully created attachment [Browser Action Test Data - CloseCurrentWindow - Actual Value] @12-10-2021 01:56:55.0800 A
[ReportManager] File Action [GetAbsolutePath] successfully performed. With the following test data [Relative Folder Path: "target/downloadedFiles/"]. @12-10-2021 01:56:55.0807 AM
[ReportManager] Attempting to run remotely on: [Linux-64], [GoogleChrome], [http://localhost:4444/wd/hub], Headless Execution. @12-10-2021 01:56:55.0808 AM
[ReportManager] Successfully Opened [GoogleChrome]. @12-10-2021 01:56:56.0017 AM
[ReportManager] Target URL: [https://www.google.com/ncr], and after redirection: [www.google.com] @12-10-2021 01:56:56.0032 AM
[ReportManager] Initial URL: [data:,] @12-10-2021 01:56:56.0093 AM
[ReportManager] Browser Action [NavigateToURL] successfully performed. With the following test data [https://www.google.com/ncr]. @12-10-2021 01:56:56.0869 A

################################################################################################################################################
Starting Execution:	[19 out of 143] test cases in the current suite
Test Method:		[unitTests.tests_validations_assertions.assertElementAttribute_true_containsComparison_expectedToFail]
################################################################################################################################################
[ReportManager] Element Action [Type] successfully performed. With the following test data [Automation123]. @12-10-2021 01:56:57.0245 AM
[ReportManager] Element Action [GetText] successfully performed. With the following test data [Automation123]. @12-10-2021 01:56:57.0358 AM
[ReportManager] Loaded Shared OpenCV @12-10-2021 01:56:57.0514 AM
[ReportManager] Assertion [ValidateElementAttribute] FAILED. Expected [Value Should be 'Automation1234' for the 'text' attribute, element locator 'By.name: q'] and Actual [Automation123]. Comparison Type [CONTAINS]. Validation Type [POSITIVE]. @12-10-2021 01:56:57.0585 AM
[ReportManager] Successfully created attachment [Screenshot - 1634003817514_assertElementAttribute_true_containsComparison_expectedToFail_ValidateElementAttribute_failed] @12-10-2021 01:56:57.0586 A
[ReportManager] Browser Action [CloseCurrentWindow] successfully performed. @12-10-2021 01:56:57.0743 AM
[ReportManager] Successfully created attachment [Browser Action Test Data - CloseCurrentWindow - Actual Value] @12-10-2021 01:56:57.0744 A
[ReportManager] File Action [GetAbsolutePath] successfully performed. With the following test data [Relative Folder Path: "target/downloadedFiles/"]. @12-10-2021 01:56:57.0749 AM
[ReportManager] Attempting to run remotely on: [Linux-64], [GoogleChrome], [http://localhost:4444/wd/hub], Headless Execution. @12-10-2021 01:56:57.0749 AM
[ReportManager] Successfully Opened [GoogleChrome]. @12-10-2021 01:56:58.0022 AM
[ReportManager] Target URL: [https://www.google.com/ncr], and after redirection: [www.google.com] @12-10-2021 01:56:58.0034 AM
[ReportManager] Initial URL: [data:,] @12-10-2021 01:56:58.0092 AM
[ReportManager] Browser Action [NavigateToURL] successfully performed. With the following test data [https://www.google.com/ncr]. @12-10-2021 01:56:58.0909 A

################################################################################################################################################
Starting Execution:	[20 out of 143] test cases in the current suite
Test Method:		[unitTests.tests_validations_assertions.assertElementAttribute_true_containsComparison_expectedToPass]
################################################################################################################################################
[ReportManager] Element Action [Type] successfully performed. With the following test data [Automation123]. @12-10-2021 01:56:59.0384 AM
[ReportManager] Element Action [GetText] successfully performed. With the following test data [Automation123]. @12-10-2021 01:56:59.0499 AM
[ReportManager] Loaded Shared OpenCV @12-10-2021 01:56:59.0631 AM
[ReportManager] Assertion [ValidateElementAttribute] PASSED. Expected [Value Should be 'Automation' for the 'text' attribute, element locator 'By.name: q'] and Actual [Automation123]. Comparison Type [CONTAINS]. Validation Type [POSITIVE]. @12-10-2021 01:56:59.0703 AM
[ReportManager] Successfully created attachment [Screenshot - 1634003819631_assertElementAttribute_true_containsComparison_expectedToPass_ValidateElementAttribute_passed] @12-10-2021 01:56:59.0704 A
[ReportManager] Browser Action [CloseCurrentWindow] successfully performed. @12-10-2021 01:56:59.0837 AM
[ReportManager] Successfully created attachment [Browser Action Test Data - CloseCurrentWindow - Actual Value] @12-10-2021 01:56:59.0838 A
[ReportManager] File Action [GetAbsolutePath] successfully performed. With the following test data [Relative Folder Path: "target/downloadedFiles/"]. @12-10-2021 01:56:59.0841 AM
[ReportManager] Attempting to run remotely on: [Linux-64], [GoogleChrome], [http://localhost:4444/wd/hub], Headless Execution. @12-10-2021 01:56:59.0841 AM
[ReportManager] Successfully Opened [GoogleChrome]. @12-10-2021 01:57:00.0061 AM
[ReportManager] Target URL: [https://www.google.com/ncr], and after redirection: [www.google.com] @12-10-2021 01:57:00.0081 AM
[ReportManager] Initial URL: [data:,] @12-10-2021 01:57:00.0131 AM
[ReportManager] Browser Action [NavigateToURL] successfully performed. With the following test data [https://www.google.com/ncr]. @12-10-2021 01:57:00.0951 A

################################################################################################################################################
Starting Execution:	[21 out of 143] test cases in the current suite
Test Method:		[unitTests.tests_validations_assertions.assertElementAttribute_true_literalComparison_expectedToFail]
################################################################################################################################################
[ReportManager] Element Action [Type] successfully performed. With the following test data [Automation!@#$%^&*()_+{}[]\';/.,]. @12-10-2021 01:57:01.0444 AM
[ReportManager] Element Action [GetText] successfully performed. With the following test data [Automation!@#$%^&*()_+{}[]\';/.,]. @12-10-2021 01:57:01.0564 AM
[ReportManager] Loaded Shared OpenCV @12-10-2021 01:57:01.0731 AM
[ReportManager] Assertion [ValidateElementAttribute] FAILED. Expected [Value Should be 'Automation' for the 'text' attribute, element locator 'By.name: q'] and Actual [Automation!@#$%^&*()_+{}[]\';/.,]. Comparison Type [EQUALS]. Validation Type [POSITIVE]. @12-10-2021 01:57:01.0850 AM
[ReportManager] Successfully created attachment [Screenshot - 1634003821730_assertElementAttribute_true_literalComparison_expectedToFail_ValidateElementAttribute_failed] @12-10-2021 01:57:01.0854 A
[ReportManager] Browser Action [CloseCurrentWindow] successfully performed. @12-10-2021 01:57:01.0990 AM
[ReportManager] Successfully created attachment [Browser Action Test Data - CloseCurrentWindow - Actual Value] @12-10-2021 01:57:01.0991 A
[ReportManager] File Action [GetAbsolutePath] successfully performed. With the following test data [Relative Folder Path: "target/downloadedFiles/"]. @12-10-2021 01:57:01.0995 AM
[ReportManager] Attempting to run remotely on: [Linux-64], [GoogleChrome], [http://localhost:4444/wd/hub], Headless Execution. @12-10-2021 01:57:01.0995 AM
[ReportManager] Successfully Opened [GoogleChrome]. @12-10-2021 01:57:02.0246 AM
[ReportManager] Target URL: [https://www.google.com/ncr], and after redirection: [www.google.com] @12-10-2021 01:57:02.0259 AM
[ReportManager] Initial URL: [data:,] @12-10-2021 01:57:02.0319 AM
[ReportManager] Browser Action [NavigateToURL] successfully performed. With the following test data [https://www.google.com/ncr]. @12-10-2021 01:57:03.0118 A

################################################################################################################################################
Starting Execution:	[22 out of 143] test cases in the current suite
Test Method:		[unitTests.tests_validations_assertions.assertElementAttribute_true_literalComparison_expectedToPass]
################################################################################################################################################
[ReportManager] Element Action [Type] successfully performed. With the following test data [Automation!@#$%^&*()_+{}[]\';/.,]. @12-10-2021 01:57:03.0595 AM
[ReportManager] Element Action [GetText] successfully performed. With the following test data [Automation!@#$%^&*()_+{}[]\';/.,]. @12-10-2021 01:57:03.0704 AM
[ReportManager] Loaded Shared OpenCV @12-10-2021 01:57:03.0853 AM
[ReportManager] Assertion [ValidateElementAttribute] PASSED. Expected [Value Should be 'Automation!@#$%^&*()_+{}[]\';/.,' for the 'text' attribute, element locator 'By.name: q'] and Actual [Automation!@#$%^&*()_+{}[]\';/.,]. Comparison Type [EQUALS]. Validation Type [POSITIVE]. @12-10-2021 01:57:03.0927 AM
[ReportManager] Successfully created attachment [Screenshot - 1634003823853_assertElementAttribute_true_literalComparison_expectedToPass_ValidateElementAttribute_passed] @12-10-2021 01:57:03.0928 A
[ReportManager] Browser Action [CloseCurrentWindow] successfully performed. @12-10-2021 01:57:04.0057 AM
[ReportManager] Successfully created attachment [Browser Action Test Data - CloseCurrentWindow - Actual Value] @12-10-2021 01:57:04.0060 A
[ReportManager] File Action [GetAbsolutePath] successfully performed. With the following test data [Relative Folder Path: "target/downloadedFiles/"]. @12-10-2021 01:57:04.0064 AM
[ReportManager] Attempting to run remotely on: [Linux-64], [GoogleChrome], [http://localhost:4444/wd/hub], Headless Execution. @12-10-2021 01:57:04.0065 AM
[ReportManager] Successfully Opened [GoogleChrome]. @12-10-2021 01:57:04.0306 AM
[ReportManager] Target URL: [https://www.google.com/ncr], and after redirection: [www.google.com] @12-10-2021 01:57:04.0320 AM
[ReportManager] Initial URL: [data:,] @12-10-2021 01:57:04.0362 AM
[ReportManager] Browser Action [NavigateToURL] successfully performed. With the following test data [https://www.google.com/ncr]. @12-10-2021 01:57:05.0167 A

################################################################################################################################################
Starting Execution:	[23 out of 143] test cases in the current suite
Test Method:		[unitTests.tests_validations_assertions.assertElementAttribute_true_regexComparison_expectedToFail]
################################################################################################################################################
[ReportManager] Element Action [Type] successfully performed. With the following test data [Automation123]. @12-10-2021 01:57:05.0534 AM
[ReportManager] Element Action [GetText] successfully performed. With the following test data [Automation123]. @12-10-2021 01:57:05.0649 AM
[ReportManager] Loaded Shared OpenCV @12-10-2021 01:57:05.0797 AM
[ReportManager] Assertion [ValidateElementAttribute] FAILED. Expected [Value Should be 'Automation' for the 'text' attribute, element locator 'By.name: q'] and Actual [Automation123]. Comparison Type [MATCHES]. Validation Type [POSITIVE]. @12-10-2021 01:57:05.0868 AM
[ReportManager] Successfully created attachment [Screenshot - 1634003825797_assertElementAttribute_true_regexComparison_expectedToFail_ValidateElementAttribute_failed] @12-10-2021 01:57:05.0869 A
[ReportManager] Browser Action [CloseCurrentWindow] successfully performed. @12-10-2021 01:57:05.0990 AM
[ReportManager] Successfully created attachment [Browser Action Test Data - CloseCurrentWindow - Actual Value] @12-10-2021 01:57:05.0991 A
[ReportManager] File Action [GetAbsolutePath] successfully performed. With the following test data [Relative Folder Path: "target/downloadedFiles/"]. @12-10-2021 01:57:05.0995 AM
[ReportManager] Attempting to run remotely on: [Linux-64], [GoogleChrome], [http://localhost:4444/wd/hub], Headless Execution. @12-10-2021 01:57:05.0995 AM
[ReportManager] Successfully Opened [GoogleChrome]. @12-10-2021 01:57:06.0305 AM
[ReportManager] Target URL: [https://www.google.com/ncr], and after redirection: [www.google.com] @12-10-2021 01:57:06.0318 AM
[ReportManager] Initial URL: [data:,] @12-10-2021 01:57:06.0379 AM
[ReportManager] Browser Action [NavigateToURL] successfully performed. With the following test data [https://www.google.com/ncr]. @12-10-2021 01:57:07.0148 A

################################################################################################################################################
Starting Execution:	[24 out of 143] test cases in the current suite
Test Method:		[unitTests.tests_validations_assertions.assertElementAttribute_true_regexComparison_expectedToPass]
################################################################################################################################################
[ReportManager] Element Action [Type] successfully performed. With the following test data [Automation123]. @12-10-2021 01:57:07.0535 AM
[ReportManager] Element Action [GetText] successfully performed. With the following test data [Automation123]. @12-10-2021 01:57:07.0671 AM
[ReportManager] Loaded Shared OpenCV @12-10-2021 01:57:07.0831 AM
[ReportManager] Assertion [ValidateElementAttribute] PASSED. Expected [Value Should be 'Automation.*' for the 'text' attribute, element locator 'By.name: q'] and Actual [Automation123]. Comparison Type [MATCHES]. Validation Type [POSITIVE]. @12-10-2021 01:57:07.0903 AM
[ReportManager] Successfully created attachment [Screenshot - 1634003827831_assertElementAttribute_true_regexComparison_expectedToPass_ValidateElementAttribute_passed] @12-10-2021 01:57:07.0904 A
[ReportManager] Browser Action [CloseCurrentWindow] successfully performed. @12-10-2021 01:57:08.0033 AM
[ReportManager] Successfully created attachment [Browser Action Test Data - CloseCurrentWindow - Actual Value] @12-10-2021 01:57:08.0034 A
[ReportManager] File Action [GetAbsolutePath] successfully performed. With the following test data [Relative Folder Path: "target/downloadedFiles/"]. @12-10-2021 01:57:08.0037 AM
[ReportManager] Attempting to run remotely on: [Linux-64], [GoogleChrome], [http://localhost:4444/wd/hub], Headless Execution. @12-10-2021 01:57:08.0037 AM
[ReportManager] Successfully Opened [GoogleChrome]. @12-10-2021 01:57:08.0237 AM
[ReportManager] Target URL: [https://www.google.com/ncr], and after redirection: [www.google.com] @12-10-2021 01:57:08.0248 AM
[ReportManager] Initial URL: [data:,] @12-10-2021 01:57:08.0295 AM
[ReportManager] Browser Action [NavigateToURL] successfully performed. With the following test data [https://www.google.com/ncr]. @12-10-2021 01:57:09.0052 A

################################################################################################################################################
Starting Execution:	[25 out of 143] test cases in the current suite
Test Method:		[unitTests.tests_validations_assertions.assertElementAttribute_type_true_literalComparison_expectedToPass]
################################################################################################################################################
[ReportManager] Element Action [Type] successfully performed. With the following test data [Automation!@#$%^&*()_+{}[]\';/.,]. @12-10-2021 01:57:09.0573 AM
[ReportManager] Element Action [GetText] successfully performed. With the following test data [Automation!@#$%^&*()_+{}[]\';/.,]. @12-10-2021 01:57:09.0667 AM
[ReportManager] Loaded Shared OpenCV @12-10-2021 01:57:09.0800 AM
[ReportManager] Assertion [ValidateElementAttribute] PASSED. Expected [Value Should be 'Automation!@#$%^&*()_+{}[]\';/.,' for the 'text' attribute, element locator 'By.name: q'] and Actual [Automation!@#$%^&*()_+{}[]\';/.,]. Comparison Type [EQUALS]. Validation Type [POSITIVE]. @12-10-2021 01:57:09.0874 AM
[ReportManager] Successfully created attachment [Screenshot - 1634003829800_assertElementAttribute_type_true_literalComparison_expectedToPass_ValidateElementAttribute_passed] @12-10-2021 01:57:09.0875 A
[ReportManager] Browser Action [CloseCurrentWindow] successfully performed. @12-10-2021 01:57:09.0993 AM
[ReportManager] Successfully created attachment [Browser Action Test Data - CloseCurrentWindow - Actual Value] @12-10-2021 01:57:09.0994 A
[ReportManager] File Action [GetAbsolutePath] successfully performed. With the following test data [Relative Folder Path: "target/downloadedFiles/"]. @12-10-2021 01:57:09.0997 AM
[ReportManager] Attempting to run remotely on: [Linux-64], [GoogleChrome], [http://localhost:4444/wd/hub], Headless Execution. @12-10-2021 01:57:09.0997 AM
[ReportManager] Successfully Opened [GoogleChrome]. @12-10-2021 01:57:10.0197 AM
[ReportManager] Target URL: [https://www.google.com/ncr], and after redirection: [www.google.com] @12-10-2021 01:57:10.0208 AM
[ReportManager] Initial URL: [data:,] @12-10-2021 01:57:10.0260 AM
[ReportManager] Browser Action [NavigateToURL] successfully performed. With the following test data [https://www.google.com/ncr]. @12-10-2021 01:57:10.0979 A

################################################################################################################################################
Starting Execution:	[26 out of 143] test cases in the current suite
Test Method:		[unitTests.tests_validations_assertions.assertElementExists_false_expectedToFail]
################################################################################################################################################
[ReportManager] Assertion [ValidateElementExists] PASSED. Expected [Element Should not Exist, locator 'By.id: hplogo'] and Actual [Element Doesn't Exists]. Comparison Type [EQUALS]. Validation Type [NEGATIVE]. @12-10-2021 01:57:21.0398 AM
[ReportManager] Successfully created attachment [Screenshot - 1634003841312_assertElementExists_false_expectedToFail_ValidateElementExists_passed] @12-10-2021 01:57:21.0399 A
[ReportManager] Browser Action [CloseCurrentWindow] successfully performed. @12-10-2021 01:57:21.0529 AM
[ReportManager] Successfully created attachment [Browser Action Test Data - CloseCurrentWindow - Actual Value] @12-10-2021 01:57:21.0530 A
[ReportManager] File Action [GetAbsolutePath] successfully performed. With the following test data [Relative Folder Path: "target/downloadedFiles/"]. @12-10-2021 01:57:21.0533 AM
[ReportManager] Attempting to run remotely on: [Linux-64], [GoogleChrome], [http://localhost:4444/wd/hub], Headless Execution. @12-10-2021 01:57:21.0533 AM
[ReportManager] Successfully Opened [GoogleChrome]. @12-10-2021 01:57:21.0730 AM
[ReportManager] Target URL: [https://www.google.com/ncr], and after redirection: [www.google.com] @12-10-2021 01:57:21.0743 AM
[ReportManager] Initial URL: [data:,] @12-10-2021 01:57:21.0789 AM
[ReportManager] Browser Action [NavigateToURL] successfully performed. With the following test data [https://www.google.com/ncr]. @12-10-2021 01:57:22.0592 A

################################################################################################################################################
Starting Execution:	[27 out of 143] test cases in the current suite
Test Method:		[unitTests.tests_validations_assertions.assertElementExists_false_expectedToPass]
################################################################################################################################################
[ReportManager] Assertion [ValidateElementExists] PASSED. Expected [Element Should not Exist, locator 'By.id: fakeElement'] and Actual [Element Doesn't Exists]. Comparison Type [EQUALS]. Validation Type [NEGATIVE]. @12-10-2021 01:57:32.0999 AM
[ReportManager] Successfully created attachment [Screenshot - 1634003852942_assertElementExists_false_expectedToPass_ValidateElementExists_passed] @12-10-2021 01:57:33.0000 A
[ReportManager] Browser Action [CloseCurrentWindow] successfully performed. @12-10-2021 01:57:33.0125 AM
[ReportManager] Successfully created attachment [Browser Action Test Data - CloseCurrentWindow - Actual Value] @12-10-2021 01:57:33.0126 A
[ReportManager] File Action [GetAbsolutePath] successfully performed. With the following test data [Relative Folder Path: "target/downloadedFiles/"]. @12-10-2021 01:57:33.0131 AM
[ReportManager] Attempting to run remotely on: [Linux-64], [GoogleChrome], [http://localhost:4444/wd/hub], Headless Execution. @12-10-2021 01:57:33.0131 AM
[ReportManager] Successfully Opened [GoogleChrome]. @12-10-2021 01:57:33.0353 AM
[ReportManager] Target URL: [https://www.google.com/ncr], and after redirection: [www.google.com] @12-10-2021 01:57:33.0367 AM
[ReportManager] Initial URL: [data:,] @12-10-2021 01:57:33.0427 AM
[ReportManager] Browser Action [NavigateToURL] successfully performed. With the following test data [https://www.google.com/ncr]. @12-10-2021 01:57:34.0227 A

################################################################################################################################################
Starting Execution:	[28 out of 143] test cases in the current suite
Test Method:		[unitTests.tests_validations_assertions.assertElementExists_false_multipleElementsFound_expectedToFail]
################################################################################################################################################
[ReportManager] Assertion [ValidateElementExists] FAILED. Expected [Element Should not Exist, locator 'By.xpath: //div'] and Actual [Element Exists but is not unique]. Comparison Type [EQUALS]. Validation Type [NEGATIVE]. @12-10-2021 01:57:34.0483 AM
[ReportManager] Successfully created attachment [Screenshot - 1634003854431_assertElementExists_false_multipleElementsFound_expectedToFail_ValidateElementExists_failed] @12-10-2021 01:57:34.0483 A
[ReportManager] Browser Action [CloseCurrentWindow] successfully performed. @12-10-2021 01:57:34.0601 AM
[ReportManager] Successfully created attachment [Browser Action Test Data - CloseCurrentWindow - Actual Value] @12-10-2021 01:57:34.0602 A
[ReportManager] File Action [GetAbsolutePath] successfully performed. With the following test data [Relative Folder Path: "target/downloadedFiles/"]. @12-10-2021 01:57:34.0606 AM
[ReportManager] Attempting to run remotely on: [Linux-64], [GoogleChrome], [http://localhost:4444/wd/hub], Headless Execution. @12-10-2021 01:57:34.0607 AM
[ReportManager] Successfully Opened [GoogleChrome]. @12-10-2021 01:57:34.0863 AM
[ReportManager] Target URL: [https://www.google.com/ncr], and after redirection: [www.google.com] @12-10-2021 01:57:34.0876 AM
[ReportManager] Initial URL: [data:,] @12-10-2021 01:57:34.0937 AM
[ReportManager] Browser Action [NavigateToURL] successfully performed. With the following test data [https://www.google.com/ncr]. @12-10-2021 01:57:35.0701 A

################################################################################################################################################
Starting Execution:	[29 out of 143] test cases in the current suite
Test Method:		[unitTests.tests_validations_assertions.assertElementExists_true_expectedToFail]
################################################################################################################################################
[ReportManager] Assertion [ValidateElementExists] FAILED. Expected [Element Should Exist, locator 'By.id: fakeElement'] and Actual [Element Doesn't Exists]. Comparison Type [EQUALS]. Validation Type [POSITIVE]. @12-10-2021 01:58:06.0389 AM
[ReportManager] Successfully created attachment [Screenshot - 1634003886326_assertElementExists_true_expectedToFail_ValidateElementExists_failed] @12-10-2021 01:58:06.0390 A
[ReportManager] Browser Action [CloseCurrentWindow] successfully performed. @12-10-2021 01:58:06.0513 AM
[ReportManager] Successfully created attachment [Browser Action Test Data - CloseCurrentWindow - Actual Value] @12-10-2021 01:58:06.0514 A
[ReportManager] File Action [GetAbsolutePath] successfully performed. With the following test data [Relative Folder Path: "target/downloadedFiles/"]. @12-10-2021 01:58:06.0517 AM
[ReportManager] Attempting to run remotely on: [Linux-64], [GoogleChrome], [http://localhost:4444/wd/hub], Headless Execution. @12-10-2021 01:58:06.0517 AM
[ReportManager] Successfully Opened [GoogleChrome]. @12-10-2021 01:58:06.0715 AM
[ReportManager] Target URL: [https://www.google.com/ncr], and after redirection: [www.google.com] @12-10-2021 01:58:06.0733 AM
[ReportManager] Initial URL: [data:,] @12-10-2021 01:58:06.0776 AM
[ReportManager] Browser Action [NavigateToURL] successfully performed. With the following test data [https://www.google.com/ncr]. @12-10-2021 01:58:07.0538 A

################################################################################################################################################
Starting Execution:	[30 out of 143] test cases in the current suite
Test Method:		[unitTests.tests_validations_assertions.assertElementExists_true_expectedToPass]
################################################################################################################################################
[ReportManager] Loaded Shared OpenCV @12-10-2021 01:58:07.0740 AM
[ReportManager] Assertion [ValidateElementExists] PASSED. Expected [Element Should Exist, locator 'By.xpath: //*[@id='hplogo' or @alt='Google']'] and Actual [Element Exists]. Comparison Type [EQUALS]. Validation Type [POSITIVE]. @12-10-2021 01:58:07.0812 AM
[ReportManager] Successfully created attachment [Screenshot - 1634003887740_assertElementExists_true_expectedToPass_ValidateElementExists_passed] @12-10-2021 01:58:07.0813 A
[ReportManager] Browser Action [CloseCurrentWindow] successfully performed. @12-10-2021 01:58:07.0932 AM
[ReportManager] Successfully created attachment [Browser Action Test Data - CloseCurrentWindow - Actual Value] @12-10-2021 01:58:07.0933 A
[ReportManager] File Action [GetAbsolutePath] successfully performed. With the following test data [Relative Folder Path: "target/downloadedFiles/"]. @12-10-2021 01:58:07.0936 AM
[ReportManager] Attempting to run remotely on: [Linux-64], [GoogleChrome], [http://localhost:4444/wd/hub], Headless Execution. @12-10-2021 01:58:07.0937 AM
[ReportManager] Successfully Opened [GoogleChrome]. @12-10-2021 01:58:08.0122 AM
[ReportManager] Target URL: [https://www.google.com/ncr], and after redirection: [www.google.com] @12-10-2021 01:58:08.0134 AM
[ReportManager] Initial URL: [data:,] @12-10-2021 01:58:08.0185 AM
[ReportManager] Browser Action [NavigateToURL] successfully performed. With the following test data [https://www.google.com/ncr]. @12-10-2021 01:58:08.0996 A

################################################################################################################################################
Starting Execution:	[31 out of 143] test cases in the current suite
Test Method:		[unitTests.tests_validations_assertions.assertElementExists_true_multipleElementsFound_expectedToFail]
################################################################################################################################################
[ReportManager] Assertion [ValidateElementExists] FAILED. Expected [Element Should Exist, locator 'By.xpath: //div'] and Actual [Element Exists but is not unique]. Comparison Type [EQUALS]. Validation Type [POSITIVE]. @12-10-2021 01:58:09.0235 AM
[ReportManager] Successfully created attachment [Screenshot - 1634003889173_assertElementExists_true_multipleElementsFound_expectedToFail_ValidateElementExists_failed] @12-10-2021 01:58:09.0236 A
[ReportManager] Browser Action [CloseCurrentWindow] successfully performed. @12-10-2021 01:58:09.0357 AM
[ReportManager] Successfully created attachment [Browser Action Test Data - CloseCurrentWindow - Actual Value] @12-10-2021 01:58:09.0358 A

################################################################################################################################################
Starting Execution:	[32 out of 143] test cases in the current suite
Test Method:		[unitTests.tests_validations_assertions.assertEquals_false_expectedToFail]
################################################################################################################################################
[ReportManager] Assertion [ValidateEquals] FAILED. Expected [1] and Actual [1]. Comparison Type [EQUALS]. Validation Type [NEGATIVE]. @12-10-2021 01:58:09.0367 A

################################################################################################################################################
Starting Execution:	[33 out of 143] test cases in the current suite
Test Method:		[unitTests.tests_validations_assertions.assertEquals_false_expectedToPass]
################################################################################################################################################
[ReportManager] Assertion [ValidateEquals] PASSED. Expected [1] and Actual [2]. Comparison Type [EQUALS]. Validation Type [NEGATIVE]. @12-10-2021 01:58:09.0371 A

################################################################################################################################################
Starting Execution:	[34 out of 143] test cases in the current suite
Test Method:		[unitTests.tests_validations_assertions.assertEquals_longCharacters]
################################################################################################################################################
[ReportManager] Verification [ValidateEquals] PASSED. Expected and Actual values are attached. Comparison Type [EQUALS]. Validation Type [POSITIVE]. @12-10-2021 01:58:09.0382 AM
[ReportManager] Successfully created attachment [Validation Test Data - Expected Value] @12-10-2021 01:58:09.0382 AM
[ReportManager] Successfully created attachment [Validation Test Data - Actual Value] @12-10-2021 01:58:09.0383 AM
[ReportManager] Assertion [ValidateEquals] PASSED. Expected and Actual values are attached. Comparison Type [EQUALS]. Validation Type [POSITIVE]. @12-10-2021 01:58:09.0383 AM
[ReportManager] Successfully created attachment [Validation Test Data - Expected Value] @12-10-2021 01:58:09.0383 AM
[ReportManager] Successfully created attachment [Validation Test Data - Actual Value] @12-10-2021 01:58:09.0384 A

################################################################################################################################################
Starting Execution:	[35 out of 143] test cases in the current suite
Test Method:		[unitTests.tests_validations_assertions.assertEquals_longCharacters_Discreet]
################################################################################################################################################
[ReportManager] Assertion [ValidateEquals] PASSED. Expected [1LH5pROcDBjjQk0t0mCr0lXuzQu9lcGj28kY8R1H81X67eVAQJgWQhILiRWVPUgZ6uCtK5cnBkF55Jr9vYngjGO1Iyf0Mktv6lruDlL9T8MAUPcUZJGHZtji6nIeadujDSNmWMj5d6C8zlFqw0CRqBU0hO5adIasHgBSNoLotAjce3NGXoDwAlp3rYreeV16VIyZXROQY] and Actual [1LH5pROcDBjjQk0t0mCr0lXuzQu9lcGj28kY8R1H81X67eVAQJgWQhILiRWVPUgZ6uCtK5cnBkF55Jr9vYngjGO1Iyf0Mktv6lruDlL9T8MAUPcUZJGHZtji6nIeadujDSNmWMj5d6C8zlFqw0CRqBU0hO5adIasHgBSNoLotAjce3NGXoDwAlp3rYreeV16VIyZXROQY]. Comparison Type [EQUALS]. Validation Type [POSITIVE]. @12-10-2021 01:58:09.0393 A

################################################################################################################################################
Starting Execution:	[36 out of 143] test cases in the current suite
Test Method:		[unitTests.tests_validations_assertions.assertEquals_true_expectedToFail]
################################################################################################################################################
[ReportManager] Assertion [ValidateEquals] FAILED. Expected [1] and Actual [2]. Comparison Type [EQUALS]. Validation Type [POSITIVE]. @12-10-2021 01:58:09.0400 A

################################################################################################################################################
Starting Execution:	[37 out of 143] test cases in the current suite
Test Method:		[unitTests.tests_validations_assertions.assertEquals_true_expectedToPass]
Test Description:	[Assert that assertEquals works as expected when the two values are equal.]
################################################################################################################################################
[ReportManager] Verification [ValidateEquals] PASSED. Expected [1] and Actual [1]. Comparison Type [EQUALS]. Validation Type [POSITIVE]. @12-10-2021 01:58:09.0411 AM
[ReportManager] Assertion [ValidateEquals] PASSED. Expected [1] and Actual [1]. Comparison Type [EQUALS]. Validation Type [POSITIVE]. @12-10-2021 01:58:09.0411 A

################################################################################################################################################
Starting Execution:	[38 out of 143] test cases in the current suite
Test Method:		[unitTests.tests_validations_assertions.assertEquals_true_expectedToPass__]
################################################################################################################################################
[ReportManager] Assertion [ValidateEquals] PASSED. Expected [1] and Actual [1]. Comparison Type [EQUALS]. Validation Type [POSITIVE]. @12-10-2021 01:58:09.0416 A

################################################################################################################################################
Starting Execution:	[39 out of 143] test cases in the current suite
Test Method:		[unitTests.tests_validations_assertions.assertFileExists_false_expectedToFail]
################################################################################################################################################
[ReportManager] File Action [DoesFileExist] successfully performed. With the following test data [File Path: "src/main/java/com/shaft/gui/element/ElementActions.java"]. @12-10-2021 01:58:09.0421 AM
[ReportManager] Assertion [ValidateFileExists] FAILED. Expected [File 'src/main/java/com/shaft/gui/element/ElementActions.java' should not exist, after up to '1' retries] and Actual [File exists]. Validation Type [NEGATIVE]. @12-10-2021 01:58:09.0426 A

################################################################################################################################################
Starting Execution:	[40 out of 143] test cases in the current suite
Test Method:		[unitTests.tests_validations_assertions.assertFileExists_false_expectedToPass]
################################################################################################################################################
[ReportManager] File Action [DoesFileExist] successfully performed. With the following test data [File Path: "src/main/java/com/shaft/gui/element/ElementActions.java_fail"]. @12-10-2021 01:58:09.0931 AM
[ReportManager] Assertion [ValidateFileExists] PASSED. Expected [File 'src/main/java/com/shaft/gui/element/ElementActions.java_fail' should not exist, after up to '1' retries] and Actual [File does not exist]. Validation Type [NEGATIVE]. @12-10-2021 01:58:09.0931 A

################################################################################################################################################
Starting Execution:	[41 out of 143] test cases in the current suite
Test Method:		[unitTests.tests_validations_assertions.assertFileExists_true_expectedToFail]
################################################################################################################################################
[ReportManager] File Action [DoesFileExist] successfully performed. With the following test data [File Path: "src/main/java/com/shaft/gui/element/ElementActions.java_fail"]. @12-10-2021 01:58:10.0436 AM
[ReportManager] Assertion [ValidateFileExists] FAILED. Expected [File 'src/main/java/com/shaft/gui/element/ElementActions.java_fail' should exist, after up to '1' retries] and Actual [File does not exist]. Validation Type [POSITIVE]. @12-10-2021 01:58:10.0437 A

################################################################################################################################################
Starting Execution:	[42 out of 143] test cases in the current suite
Test Method:		[unitTests.tests_validations_assertions.assertFileExists_true_expectedToPass]
################################################################################################################################################
[ReportManager] File Action [DoesFileExist] successfully performed. With the following test data [File Path: "src/main/java/com/shaft/gui/element/ElementActions.java"]. @12-10-2021 01:58:10.0440 AM
[ReportManager] Assertion [ValidateFileExists] PASSED. Expected [File 'src/main/java/com/shaft/gui/element/ElementActions.java' should exist, after up to '1' retries] and Actual [File exists]. Validation Type [POSITIVE]. @12-10-2021 01:58:10.0441 A

################################################################################################################################################
Starting Execution:	[43 out of 143] test cases in the current suite
Test Method:		[unitTests.tests_validations_assertions.assertNull_false_expectedToFail]
################################################################################################################################################
[ReportManager] Assertion [ValidateNull] FAILED. Expected [NULL] and Actual [NULL]. Comparison Type [EQUALS]. Validation Type [NEGATIVE]. @12-10-2021 01:58:10.0448 A

################################################################################################################################################
Starting Execution:	[44 out of 143] test cases in the current suite
Test Method:		[unitTests.tests_validations_assertions.assertNull_false_expectedToPass]
################################################################################################################################################
[ReportManager] Assertion [ValidateNull] PASSED. Expected [NULL] and Actual [1]. Comparison Type [EQUALS]. Validation Type [NEGATIVE]. @12-10-2021 01:58:10.0454 A

################################################################################################################################################
Starting Execution:	[45 out of 143] test cases in the current suite
Test Method:		[unitTests.tests_validations_assertions.assertNull_true_expectedToFail]
################################################################################################################################################
[ReportManager] Assertion [ValidateNull] FAILED. Expected [NULL] and Actual [1]. Comparison Type [EQUALS]. Validation Type [POSITIVE]. @12-10-2021 01:58:10.0461 A

################################################################################################################################################
Starting Execution:	[46 out of 143] test cases in the current suite
Test Method:		[unitTests.tests_validations_assertions.assertNull_true_expectedToPass]
################################################################################################################################################
[ReportManager] Assertion [ValidateNull] PASSED. Expected [NULL] and Actual [NULL]. Comparison Type [EQUALS]. Validation Type [POSITIVE]. @12-10-2021 01:58:10.0464 A

################################################################################################################################################
Starting Execution:	[47 out of 143] test cases in the current suite
Test Method:		[unitTests.tests_restActions.getPostsAndAssertBodyForSpecificTitle]
################################################################################################################################################
[ReportManager] Response status code: [200], status line: [HTTP/1.1 200 OK] @12-10-2021 01:58:12.0326 AM
[ReportManager] Assertion Passed: Evaluating the actual response status code against the expected one... @12-10-2021 01:58:12.0326 AM
[ReportManager] Assertion [ValidateEquals] PASSED. Expected [200] and Actual [200]. Comparison Type [EQUALS]. Validation Type [POSITIVE]. @12-10-2021 01:58:12.0326 AM
[ReportManager] API Action [PerformRequest] successfully performed. With the following test data [Request Type: "GET" | Target Status Code: "200" | Service URL: "https://jsonplaceholder.typicode.com/posts" | Content Type: "*/*" | Response Time: "778ms"]. @12-10-2021 01:58:13.0562 AM
[ReportManager] Successfully created attachment [API Request - Specifications] @12-10-2021 01:58:13.0563 AM
[ReportManager] Successfully created attachment [API Response - JSON Body] @12-10-2021 01:58:13.0849 AM
[ReportManager] API Action [GetResponseJSONValueAsList] successfully performed. @12-10-2021 01:58:13.0892 AM
[ReportManager] API Action [GetResponseJSONValue] successfully performed. With the following test data [title]. @12-10-2021 01:58:13.0916 AM
[ReportManager] API Action [GetResponseJSONValue] successfully performed. With the following test data [title]. @12-10-2021 01:58:13.0939 AM
[ReportManager] API Action [GetResponseJSONValue] successfully performed. With the following test data [body]. @12-10-2021 01:58:13.0953 AM
[ReportManager] Assertion [ValidateEquals] PASSED. Expected [qui neque nisi nulla] and Actual [est rerum tempore vitae
sequi sint nihil reprehenderit dolor beatae ea dolores neque
fugiat blanditiis voluptate porro vel nihil molestiae ut reiciendis
qui aperiam non debitis possimus qui neque nisi nulla]. Comparison Type [CONTAINS]. Validation Type [POSITIVE]. @12-10-2021 01:58:13.0953 AM
[ReportManager] API Action [GetResponseJSONValue] successfully performed. With the following test data [title]. @12-10-2021 01:58:13.0965 AM
[ReportManager] API Action [GetResponseJSONValue] successfully performed. With the following test data [title]. @12-10-2021 01:58:13.0979 AM
[ReportManager] API Action [GetResponseJSONValue] successfully performed. With the following test data [title]. @12-10-2021 01:58:13.0990 AM
[ReportManager] API Action [GetResponseJSONValue] successfully performed. With the following test data [title]. @12-10-2021 01:58:14.0002 AM
[ReportManager] API Action [GetResponseJSONValue] successfully performed. With the following test data [title]. @12-10-2021 01:58:14.0014 AM
[ReportManager] API Action [GetResponseJSONValue] successfully performed. With the following test data [title]. @12-10-2021 01:58:14.0025 AM
[ReportManager] API Action [GetResponseJSONValue] successfully performed. With the following test data [title]. @12-10-2021 01:58:14.0037 AM
[ReportManager] API Action [GetResponseJSONValue] successfully performed. With the following test data [title]. @12-10-2021 01:58:14.0047 AM
[ReportManager] API Action [GetResponseJSONValue] successfully performed. With the following test data [title]. @12-10-2021 01:58:14.0057 AM
[ReportManager] API Action [GetResponseJSONValue] successfully performed. With the following test data [title]. @12-10-2021 01:58:14.0068 AM
[ReportManager] API Action [GetResponseJSONValue] successfully performed. With the following test data [title]. @12-10-2021 01:58:14.0085 AM
[ReportManager] API Action [GetResponseJSONValue] successfully performed. With the following test data [title]. @12-10-2021 01:58:14.0097 AM
[ReportManager] API Action [GetResponseJSONValue] successfully performed. With the following test data [title]. @12-10-2021 01:58:14.0108 AM
[ReportManager] API Action [GetResponseJSONValue] successfully performed. With the following test data [title]. @12-10-2021 01:58:14.0119 AM
[ReportManager] API Action [GetResponseJSONValue] successfully performed. With the following test data [title]. @12-10-2021 01:58:14.0129 AM
[ReportManager] API Action [GetResponseJSONValue] successfully performed. With the following test data [title]. @12-10-2021 01:58:14.0139 AM
[ReportManager] API Action [GetResponseJSONValue] successfully performed. With the following test data [title]. @12-10-2021 01:58:14.0150 AM
[ReportManager] API Action [GetResponseJSONValue] successfully performed. With the following test data [title]. @12-10-2021 01:58:14.0161 AM
[ReportManager] API Action [GetResponseJSONValue] successfully performed. With the following test data [title]. @12-10-2021 01:58:14.0172 AM
[ReportManager] API Action [GetResponseJSONValue] successfully performed. With the following test data [title]. @12-10-2021 01:58:14.0188 AM
[ReportManager] API Action [GetResponseJSONValue] successfully performed. With the following test data [title]. @12-10-2021 01:58:14.0199 AM
[ReportManager] API Action [GetResponseJSONValue] successfully performed. With the following test data [title]. @12-10-2021 01:58:14.0211 AM
[ReportManager] API Action [GetResponseJSONValue] successfully performed. With the following test data [title]. @12-10-2021 01:58:14.0222 AM
[ReportManager] API Action [GetResponseJSONValue] successfully performed. With the following test data [title]. @12-10-2021 01:58:14.0233 AM
[ReportManager] API Action [GetResponseJSONValue] successfully performed. With the following test data [title]. @12-10-2021 01:58:14.0245 AM
[ReportManager] API Action [GetResponseJSONValue] successfully performed. With the following test data [title]. @12-10-2021 01:58:14.0255 AM
[ReportManager] API Action [GetResponseJSONValue] successfully performed. With the following test data [title]. @12-10-2021 01:58:14.0266 AM
[ReportManager] API Action [GetResponseJSONValue] successfully performed. With the following test data [title]. @12-10-2021 01:58:14.0277 AM
[ReportManager] API Action [GetResponseJSONValue] successfully performed. With the following test data [title]. @12-10-2021 01:58:14.0292 AM
[ReportManager] API Action [GetResponseJSONValue] successfully performed. With the following test data [title]. @12-10-2021 01:58:14.0303 AM
[ReportManager] API Action [GetResponseJSONValue] successfully performed. With the following test data [title]. @12-10-2021 01:58:14.0314 AM
[ReportManager] API Action [GetResponseJSONValue] successfully performed. With the following test data [title]. @12-10-2021 01:58:14.0324 AM
[ReportManager] API Action [GetResponseJSONValue] successfully performed. With the following test data [title]. @12-10-2021 01:58:14.0334 AM
[ReportManager] API Action [GetResponseJSONValue] successfully performed. With the following test data [title]. @12-10-2021 01:58:14.0344 AM
[ReportManager] API Action [GetResponseJSONValue] successfully performed. With the following test data [title]. @12-10-2021 01:58:14.0353 AM
[ReportManager] API Action [GetResponseJSONValue] successfully performed. With the following test data [title]. @12-10-2021 01:58:14.0363 AM
[ReportManager] API Action [GetResponseJSONValue] successfully performed. With the following test data [title]. @12-10-2021 01:58:14.0373 AM
[ReportManager] API Action [GetResponseJSONValue] successfully performed. With the following test data [title]. @12-10-2021 01:58:14.0448 AM
[ReportManager] API Action [GetResponseJSONValue] successfully performed. With the following test data [title]. @12-10-2021 01:58:14.0460 AM
[ReportManager] API Action [GetResponseJSONValue] successfully performed. With the following test data [title]. @12-10-2021 01:58:14.0470 AM
[ReportManager] API Action [GetResponseJSONValue] successfully performed. With the following test data [title]. @12-10-2021 01:58:14.0479 AM
[ReportManager] API Action [GetResponseJSONValue] successfully performed. With the following test data [title]. @12-10-2021 01:58:14.0489 AM
[ReportManager] API Action [GetResponseJSONValue] successfully performed. With the following test data [title]. @12-10-2021 01:58:14.0499 AM
[ReportManager] API Action [GetResponseJSONValue] successfully performed. With the following test data [title]. @12-10-2021 01:58:14.0510 AM
[ReportManager] API Action [GetResponseJSONValue] successfully performed. With the following test data [title]. @12-10-2021 01:58:14.0520 AM
[ReportManager] API Action [GetResponseJSONValue] successfully performed. With the following test data [title]. @12-10-2021 01:58:14.0530 AM
[ReportManager] API Action [GetResponseJSONValue] successfully performed. With the following test data [title]. @12-10-2021 01:58:14.0539 AM
[ReportManager] API Action [GetResponseJSONValue] successfully performed. With the following test data [title]. @12-10-2021 01:58:14.0547 AM
[ReportManager] API Action [GetResponseJSONValue] successfully performed. With the following test data [title]. @12-10-2021 01:58:14.0556 AM
[ReportManager] API Action [GetResponseJSONValue] successfully performed. With the following test data [title]. @12-10-2021 01:58:14.0566 AM
[ReportManager] API Action [GetResponseJSONValue] successfully performed. With the following test data [title]. @12-10-2021 01:58:14.0576 AM
[ReportManager] API Action [GetResponseJSONValue] successfully performed. With the following test data [title]. @12-10-2021 01:58:14.0586 AM
[ReportManager] API Action [GetResponseJSONValue] successfully performed. With the following test data [title]. @12-10-2021 01:58:14.0596 AM
[ReportManager] API Action [GetResponseJSONValue] successfully performed. With the following test data [title]. @12-10-2021 01:58:14.0606 AM
[ReportManager] API Action [GetResponseJSONValue] successfully performed. With the following test data [title]. @12-10-2021 01:58:14.0615 AM
[ReportManager] API Action [GetResponseJSONValue] successfully performed. With the following test data [title]. @12-10-2021 01:58:14.0624 AM
[ReportManager] API Action [GetResponseJSONValue] successfully performed. With the following test data [title]. @12-10-2021 01:58:14.0633 AM
[ReportManager] API Action [GetResponseJSONValue] successfully performed. With the following test data [title]. @12-10-2021 01:58:14.0642 AM
[ReportManager] API Action [GetResponseJSONValue] successfully performed. With the following test data [title]. @12-10-2021 01:58:14.0651 AM
[ReportManager] API Action [GetResponseJSONValue] successfully performed. With the following test data [title]. @12-10-2021 01:58:14.0674 AM
[ReportManager] API Action [GetResponseJSONValue] successfully performed. With the following test data [title]. @12-10-2021 01:58:14.0684 AM
[ReportManager] API Action [GetResponseJSONValue] successfully performed. With the following test data [title]. @12-10-2021 01:58:14.0693 AM
[ReportManager] API Action [GetResponseJSONValue] successfully performed. With the following test data [title]. @12-10-2021 01:58:14.0702 AM
[ReportManager] API Action [GetResponseJSONValue] successfully performed. With the following test data [title]. @12-10-2021 01:58:14.0725 AM
[ReportManager] API Action [GetResponseJSONValue] successfully performed. With the following test data [title]. @12-10-2021 01:58:14.0744 AM
[ReportManager] API Action [GetResponseJSONValue] successfully performed. With the following test data [title]. @12-10-2021 01:58:14.0756 AM
[ReportManager] API Action [GetResponseJSONValue] successfully performed. With the following test data [title]. @12-10-2021 01:58:14.0769 AM
[ReportManager] API Action [GetResponseJSONValue] successfully performed. With the following test data [title]. @12-10-2021 01:58:14.0781 AM
[ReportManager] API Action [GetResponseJSONValue] successfully performed. With the following test data [title]. @12-10-2021 01:58:14.0790 AM
[ReportManager] API Action [GetResponseJSONValue] successfully performed. With the following test data [title]. @12-10-2021 01:58:14.0804 AM
[ReportManager] API Action [GetResponseJSONValue] successfully performed. With the following test data [title]. @12-10-2021 01:58:14.0813 AM
[ReportManager] API Action [GetResponseJSONValue] successfully performed. With the following test data [title]. @12-10-2021 01:58:14.0831 AM
[ReportManager] API Action [GetResponseJSONValue] successfully performed. With the following test data [title]. @12-10-2021 01:58:14.0855 AM
[ReportManager] API Action [GetResponseJSONValue] successfully performed. With the following test data [title]. @12-10-2021 01:58:14.0866 AM
[ReportManager] API Action [GetResponseJSONValue] successfully performed. With the following test data [title]. @12-10-2021 01:58:14.0876 AM
[ReportManager] API Action [GetResponseJSONValue] successfully performed. With the following test data [title]. @12-10-2021 01:58:14.0890 AM
[ReportManager] API Action [GetResponseJSONValue] successfully performed. With the following test data [title]. @12-10-2021 01:58:14.0905 AM
[ReportManager] API Action [GetResponseJSONValue] successfully performed. With the following test data [title]. @12-10-2021 01:58:14.0924 AM
[ReportManager] API Action [GetResponseJSONValue] successfully performed. With the following test data [title]. @12-10-2021 01:58:14.0938 AM
[ReportManager] API Action [GetResponseJSONValue] successfully performed. With the following test data [title]. @12-10-2021 01:58:14.0950 AM
[ReportManager] API Action [GetResponseJSONValue] successfully performed. With the following test data [title]. @12-10-2021 01:58:14.0963 AM
[ReportManager] API Action [GetResponseJSONValue] successfully performed. With the following test data [title]. @12-10-2021 01:58:14.0990 AM
[ReportManager] API Action [GetResponseJSONValue] successfully performed. With the following test data [title]. @12-10-2021 01:58:15.0001 AM
[ReportManager] API Action [GetResponseJSONValue] successfully performed. With the following test data [title]. @12-10-2021 01:58:15.0010 AM
[ReportManager] API Action [GetResponseJSONValue] successfully performed. With the following test data [title]. @12-10-2021 01:58:15.0021 AM
[ReportManager] API Action [GetResponseJSONValue] successfully performed. With the following test data [title]. @12-10-2021 01:58:15.0034 AM
[ReportManager] API Action [GetResponseJSONValue] successfully performed. With the following test data [title]. @12-10-2021 01:58:15.0043 AM
[ReportManager] API Action [GetResponseJSONValue] successfully performed. With the following test data [title]. @12-10-2021 01:58:15.0053 AM
[ReportManager] API Action [GetResponseJSONValue] successfully performed. With the following test data [title]. @12-10-2021 01:58:15.0062 AM
[ReportManager] API Action [GetResponseJSONValue] successfully performed. With the following test data [title]. @12-10-2021 01:58:15.0072 AM
[ReportManager] API Action [GetResponseJSONValue] successfully performed. With the following test data [title]. @12-10-2021 01:58:15.0084 AM
[ReportManager] API Action [GetResponseJSONValue] successfully performed. With the following test data [title]. @12-10-2021 01:58:15.0103 AM
[ReportManager] API Action [GetResponseJSONValue] successfully performed. With the following test data [title]. @12-10-2021 01:58:15.0124 AM
[ReportManager] API Action [GetResponseJSONValue] successfully performed. With the following test data [title]. @12-10-2021 01:58:15.0132 AM
[ReportManager] API Action [GetResponseJSONValue] successfully performed. With the following test data [title]. @12-10-2021 01:58:15.0140 AM
[ReportManager] API Action [GetResponseJSONValue] successfully performed. With the following test data [title]. @12-10-2021 01:58:15.0147 AM
[ReportManager] API Action [GetResponseJSONValue] successfully performed. With the following test data [title]. @12-10-2021 01:58:15.0155 AM
[ReportManager] API Action [GetResponseJSONValue] successfully performed. With the following test data [title]. @12-10-2021 01:58:15.0164 A

################################################################################################################################################
Starting Execution:	[48 out of 143] test cases in the current suite
Test Method:		[unitTests.tests_restActions.validateUserEmail]
################################################################################################################################################
[ReportManager] Response status code: [200], status line: [HTTP/1.1 200 OK] @12-10-2021 01:58:15.0230 AM
[ReportManager] Assertion Passed: Evaluating the actual response status code against the expected one... @12-10-2021 01:58:15.0231 AM
[ReportManager] Assertion [ValidateEquals] PASSED. Expected [200] and Actual [200]. Comparison Type [EQUALS]. Validation Type [POSITIVE]. @12-10-2021 01:58:15.0231 AM
[ReportManager] API Action [PerformRequest] successfully performed. With the following test data [Request Type: "GET" | Target Status Code: "200" | Service URL: "https://jsonplaceholder.typicode.com/users" | Content Type: "*/*" | Response Time: "57ms"]. @12-10-2021 01:58:15.0246 AM
[ReportManager] Successfully created attachment [API Request - Specifications] @12-10-2021 01:58:15.0247 AM
[ReportManager] Successfully created attachment [API Response - JSON Body] @12-10-2021 01:58:15.0247 AM
[ReportManager] Assertion [ValidateEquals] PASSED. Expected and Actual values are attached. Comparison Type [CONTAINS]. Validation Type [POSITIVE]. @12-10-2021 01:58:15.0248 AM
[ReportManager] Successfully created attachment [Validation Test Data - Expected Value] @12-10-2021 01:58:15.0248 AM
[ReportManager] Successfully created attachment [Validation Test Data - Actual Value] @12-10-2021 01:58:15.0248 AM
[ReportManager] API Action [GetResponseJSONValueAsList] successfully performed. With the following test data [$]. @12-10-2021 01:58:15.0251 AM
[ReportManager] API Action [GetResponseJSONValue] successfully performed. With the following test data [name]. @12-10-2021 01:58:15.0261 AM
[ReportManager] API Action [GetResponseJSONValue] successfully performed. With the following test data [email]. @12-10-2021 01:58:15.0270 AM
[ReportManager] Assertion [ValidateEquals] PASSED. Expected [Sincere@april.biz] and Actual [Sincere@april.biz]. Comparison Type [EQUALS]. Validation Type [POSITIVE]. @12-10-2021 01:58:15.0270 AM
[ReportManager] API Action [GetResponseJSONValue] successfully performed. With the following test data [name]. @12-10-2021 01:58:15.0278 AM
[ReportManager] API Action [GetResponseJSONValue] successfully performed. With the following test data [name]. @12-10-2021 01:58:15.0287 AM
[ReportManager] API Action [GetResponseJSONValue] successfully performed. With the following test data [name]. @12-10-2021 01:58:15.0296 AM
[ReportManager] API Action [GetResponseJSONValue] successfully performed. With the following test data [name]. @12-10-2021 01:58:15.0305 AM
[ReportManager] API Action [GetResponseJSONValue] successfully performed. With the following test data [name]. @12-10-2021 01:58:15.0314 AM
[ReportManager] API Action [GetResponseJSONValue] successfully performed. With the following test data [name]. @12-10-2021 01:58:15.0322 AM
[ReportManager] API Action [GetResponseJSONValue] successfully performed. With the following test data [name]. @12-10-2021 01:58:15.0331 AM
[ReportManager] API Action [GetResponseJSONValue] successfully performed. With the following test data [name]. @12-10-2021 01:58:15.0340 AM
[ReportManager] API Action [GetResponseJSONValue] successfully performed. With the following test data [name]. @12-10-2021 01:58:15.0348 A
[ReportManager] File Action [GetAbsolutePath] successfully performed. With the following test data [Relative Folder Path: "target/downloadedFiles/"]. @12-10-2021 01:58:15.0352 AM
[ReportManager] Attempting to run remotely on: [Linux-64], [GoogleChrome], [http://localhost:4444/wd/hub], Headless Execution. @12-10-2021 01:58:15.0352 AM
[ReportManager] Successfully Opened [GoogleChrome]. @12-10-2021 01:58:15.0591 AM
[ReportManager] Target URL: [https://duckduckgo.com] @12-10-2021 01:58:15.0605 AM
[ReportManager] Initial URL: [data:,] @12-10-2021 01:58:15.0658 AM
[ReportManager] Browser Action [NavigateToURL] successfully performed. With the following test data [https://duckduckgo.com]. @12-10-2021 01:58:16.0290 A

################################################################################################################################################
Starting Execution:	[49 out of 143] test cases in the current suite
Test Method:		[unitTests.tests_browserActions.fullScreenWindow]
################################################################################################################################################
[ReportManager] Initial Windows Size: 800x600 @12-10-2021 01:58:16.0303 AM
[ReportManager] Initial window size: (800, 600) @12-10-2021 01:58:16.0307 AM
[ReportManager] Window size after Toolkit: (1920, 1080) @12-10-2021 01:58:16.0534 AM
[ReportManager] Browser Action [MaximizeWindow] successfully performed. With the following test data [New screen size is now: (1920, 1080)]. @12-10-2021 01:58:16.0537 AM
[ReportManager] Current Windows Size after fullScreen: 1920x1080 @12-10-2021 01:58:16.0542 AM
[ReportManager] Browser Action [FullScreenWindow] successfully performed. @12-10-2021 01:58:16.0565 AM
[ReportManager] Successfully created attachment [Browser Action Test Data - FullScreenWindow - Actual Value] @12-10-2021 01:58:16.0567 A
[ReportManager] Target URL: [https://duckduckgo.com] @12-10-2021 01:58:16.0572 AM
[ReportManager] Initial URL: [https://duckduckgo.com] @12-10-2021 01:58:16.0645 AM
[ReportManager] Browser Action [NavigateToURL] successfully performed. With the following test data [https://duckduckgo.com]. @12-10-2021 01:58:16.0990 AM
[ReportManager] Browser Action [CloseCurrentWindow] successfully performed. @12-10-2021 01:58:17.0100 AM
[ReportManager] Successfully created attachment [Browser Action Test Data - CloseCurrentWindow - Actual Value] @12-10-2021 01:58:17.0105 A
[ReportManager] File Action [GetAbsolutePath] successfully performed. With the following test data [Relative Folder Path: "target/downloadedFiles/"]. @12-10-2021 01:58:17.0108 AM
[ReportManager] Attempting to run remotely on: [Linux-64], [GoogleChrome], [http://localhost:4444/wd/hub], Headless Execution. @12-10-2021 01:58:17.0109 AM
[ReportManager] Successfully Opened [GoogleChrome]. @12-10-2021 01:58:17.0302 AM
[ReportManager] Target URL: [https://duckduckgo.com] @12-10-2021 01:58:17.0317 AM
[ReportManager] Initial URL: [data:,] @12-10-2021 01:58:17.0364 AM
[ReportManager] Browser Action [NavigateToURL] successfully performed. With the following test data [https://duckduckgo.com]. @12-10-2021 01:58:17.0891 A

################################################################################################################################################
Starting Execution:	[50 out of 143] test cases in the current suite
Test Method:		[unitTests.tests_browserActions.getCurrentURL]
################################################################################################################################################
[ReportManager] Browser Action [GetCurrentURL] successfully performed. With the following test data [https://duckduckgo.com/]. @12-10-2021 01:58:17.0934 A
[ReportManager] Target URL: [https://duckduckgo.com] @12-10-2021 01:58:17.0936 AM
[ReportManager] Initial URL: [https://duckduckgo.com] @12-10-2021 01:58:18.0000 AM
[ReportManager] Browser Action [NavigateToURL] successfully performed. With the following test data [https://duckduckgo.com]. @12-10-2021 01:58:18.0313 AM
[ReportManager] Browser Action [CloseCurrentWindow] successfully performed. @12-10-2021 01:58:18.0424 AM
[ReportManager] Successfully created attachment [Browser Action Test Data - CloseCurrentWindow - Actual Value] @12-10-2021 01:58:18.0424 A
[ReportManager] File Action [GetAbsolutePath] successfully performed. With the following test data [Relative Folder Path: "target/downloadedFiles/"]. @12-10-2021 01:58:18.0427 AM
[ReportManager] Attempting to run remotely on: [Linux-64], [GoogleChrome], [http://localhost:4444/wd/hub], Headless Execution. @12-10-2021 01:58:18.0427 AM
[ReportManager] Successfully Opened [GoogleChrome]. @12-10-2021 01:58:18.0639 AM
[ReportManager] Target URL: [https://duckduckgo.com] @12-10-2021 01:58:18.0659 AM
[ReportManager] Initial URL: [data:,] @12-10-2021 01:58:18.0714 AM
[ReportManager] Browser Action [NavigateToURL] successfully performed. With the following test data [https://duckduckgo.com]. @12-10-2021 01:58:19.0280 A

################################################################################################################################################
Starting Execution:	[51 out of 143] test cases in the current suite
Test Method:		[unitTests.tests_browserActions.getCurrentWindowTitle]
################################################################################################################################################
[ReportManager] Browser Action [GetCurrentWindowTitle] successfully performed. With the following test data [DuckDuckGo  Privacy, simplified.]. @12-10-2021 01:58:19.0326 A
[ReportManager] Target URL: [https://duckduckgo.com] @12-10-2021 01:58:19.0331 AM
[ReportManager] Initial URL: [https://duckduckgo.com] @12-10-2021 01:58:19.0416 AM
[ReportManager] Browser Action [NavigateToURL] successfully performed. With the following test data [https://duckduckgo.com]. @12-10-2021 01:58:19.0744 AM
[ReportManager] Browser Action [CloseCurrentWindow] successfully performed. @12-10-2021 01:58:19.0848 AM
[ReportManager] Successfully created attachment [Browser Action Test Data - CloseCurrentWindow - Actual Value] @12-10-2021 01:58:19.0848 A
[ReportManager] File Action [GetAbsolutePath] successfully performed. With the following test data [Relative Folder Path: "target/downloadedFiles/"]. @12-10-2021 01:58:19.0851 AM
[ReportManager] Attempting to run remotely on: [Linux-64], [GoogleChrome], [http://localhost:4444/wd/hub], Headless Execution. @12-10-2021 01:58:19.0851 AM
[ReportManager] Successfully Opened [GoogleChrome]. @12-10-2021 01:58:20.0052 AM
[ReportManager] Target URL: [https://duckduckgo.com] @12-10-2021 01:58:20.0067 AM
[ReportManager] Initial URL: [data:,] @12-10-2021 01:58:20.0123 AM
[ReportManager] Browser Action [NavigateToURL] successfully performed. With the following test data [https://duckduckgo.com]. @12-10-2021 01:58:20.0638 A

################################################################################################################################################
Starting Execution:	[52 out of 143] test cases in the current suite
Test Method:		[unitTests.tests_browserActions.getPageSource]
################################################################################################################################################
[ReportManager] Browser Action [GetPageSource] successfully performed. @12-10-2021 01:58:20.0702 AM
[ReportManager] Successfully created attachment [Browser Action Test Data - GetPageSource - Actual Value] @12-10-2021 01:58:20.0703 A
[ReportManager] Target URL: [https://duckduckgo.com] @12-10-2021 01:58:20.0706 AM
[ReportManager] Initial URL: [https://duckduckgo.com] @12-10-2021 01:58:20.0768 AM
[ReportManager] Browser Action [NavigateToURL] successfully performed. With the following test data [https://duckduckgo.com]. @12-10-2021 01:58:21.0111 AM
[ReportManager] Browser Action [CloseCurrentWindow] successfully performed. @12-10-2021 01:58:21.0219 AM
[ReportManager] Successfully created attachment [Browser Action Test Data - CloseCurrentWindow - Actual Value] @12-10-2021 01:58:21.0220 A
[ReportManager] File Action [GetAbsolutePath] successfully performed. With the following test data [Relative Folder Path: "target/downloadedFiles/"]. @12-10-2021 01:58:21.0222 AM
[ReportManager] Attempting to run remotely on: [Linux-64], [GoogleChrome], [http://localhost:4444/wd/hub], Headless Execution. @12-10-2021 01:58:21.0223 AM
[ReportManager] Successfully Opened [GoogleChrome]. @12-10-2021 01:58:21.0441 AM
[ReportManager] Target URL: [https://duckduckgo.com] @12-10-2021 01:58:21.0456 AM
[ReportManager] Initial URL: [data:,] @12-10-2021 01:58:21.0517 AM
[ReportManager] Browser Action [NavigateToURL] successfully performed. With the following test data [https://duckduckgo.com]. @12-10-2021 01:58:22.0066 A

################################################################################################################################################
Starting Execution:	[53 out of 143] test cases in the current suite
Test Method:		[unitTests.tests_browserActions.getWindowHandle]
################################################################################################################################################
[ReportManager] Browser Action [GetWindowHandle] successfully performed. With the following test data [CDwindow-4AD0AA7FD1E449BCFDA6B7AFB7E57216]. @12-10-2021 01:58:22.0110 A
[ReportManager] Target URL: [https://duckduckgo.com] @12-10-2021 01:58:22.0112 AM
[ReportManager] Initial URL: [https://duckduckgo.com] @12-10-2021 01:58:22.0194 AM
[ReportManager] Browser Action [NavigateToURL] successfully performed. With the following test data [https://duckduckgo.com]. @12-10-2021 01:58:22.0508 AM
[ReportManager] Browser Action [CloseCurrentWindow] successfully performed. @12-10-2021 01:58:22.0624 AM
[ReportManager] Successfully created attachment [Browser Action Test Data - CloseCurrentWindow - Actual Value] @12-10-2021 01:58:22.0624 A
[ReportManager] File Action [GetAbsolutePath] successfully performed. With the following test data [Relative Folder Path: "target/downloadedFiles/"]. @12-10-2021 01:58:22.0626 AM
[ReportManager] Attempting to run remotely on: [Linux-64], [GoogleChrome], [http://localhost:4444/wd/hub], Headless Execution. @12-10-2021 01:58:22.0627 AM
[ReportManager] Successfully Opened [GoogleChrome]. @12-10-2021 01:58:22.0850 AM
[ReportManager] Target URL: [https://duckduckgo.com] @12-10-2021 01:58:22.0861 AM
[ReportManager] Initial URL: [data:,] @12-10-2021 01:58:22.0913 AM
[ReportManager] Browser Action [NavigateToURL] successfully performed. With the following test data [https://duckduckgo.com]. @12-10-2021 01:58:23.0463 A

################################################################################################################################################
Starting Execution:	[54 out of 143] test cases in the current suite
Test Method:		[unitTests.tests_browserActions.getWindowPosition]
################################################################################################################################################
[ReportManager] Browser Action [GetWindowPosition] successfully performed. With the following test data [(0, 0)]. @12-10-2021 01:58:23.0504 A
[ReportManager] Target URL: [https://duckduckgo.com] @12-10-2021 01:58:23.0507 AM
[ReportManager] Initial URL: [https://duckduckgo.com] @12-10-2021 01:58:23.0566 AM
[ReportManager] Browser Action [NavigateToURL] successfully performed. With the following test data [https://duckduckgo.com]. @12-10-2021 01:58:23.0899 AM
[ReportManager] Browser Action [CloseCurrentWindow] successfully performed. @12-10-2021 01:58:24.0006 AM
[ReportManager] Successfully created attachment [Browser Action Test Data - CloseCurrentWindow - Actual Value] @12-10-2021 01:58:24.0007 A
[ReportManager] File Action [GetAbsolutePath] successfully performed. With the following test data [Relative Folder Path: "target/downloadedFiles/"]. @12-10-2021 01:58:24.0009 AM
[ReportManager] Attempting to run remotely on: [Linux-64], [GoogleChrome], [http://localhost:4444/wd/hub], Headless Execution. @12-10-2021 01:58:24.0010 AM
[ReportManager] Successfully Opened [GoogleChrome]. @12-10-2021 01:58:24.0319 AM
[ReportManager] Target URL: [https://duckduckgo.com] @12-10-2021 01:58:24.0366 AM
[ReportManager] Initial URL: [data:,] @12-10-2021 01:58:24.0409 AM
[ReportManager] Browser Action [NavigateToURL] successfully performed. With the following test data [https://duckduckgo.com]. @12-10-2021 01:58:25.0163 A

################################################################################################################################################
Starting Execution:	[55 out of 143] test cases in the current suite
Test Method:		[unitTests.tests_browserActions.getWindowSize]
################################################################################################################################################
[ReportManager] Browser Action [GetWindowSize] successfully performed. With the following test data [(800, 600)]. @12-10-2021 01:58:25.0207 A
[ReportManager] Target URL: [https://duckduckgo.com] @12-10-2021 01:58:25.0209 AM
[ReportManager] Initial URL: [https://duckduckgo.com] @12-10-2021 01:58:25.0281 AM
[ReportManager] Browser Action [NavigateToURL] successfully performed. With the following test data [https://duckduckgo.com]. @12-10-2021 01:58:25.0633 AM
[ReportManager] Browser Action [CloseCurrentWindow] successfully performed. @12-10-2021 01:58:25.0733 AM
[ReportManager] Successfully created attachment [Browser Action Test Data - CloseCurrentWindow - Actual Value] @12-10-2021 01:58:25.0734 A
[ReportManager] File Action [GetAbsolutePath] successfully performed. With the following test data [Relative Folder Path: "target/downloadedFiles/"]. @12-10-2021 01:58:25.0742 AM
[ReportManager] Attempting to run remotely on: [Linux-64], [GoogleChrome], [http://localhost:4444/wd/hub], Headless Execution. @12-10-2021 01:58:25.0743 AM
[ReportManager] Successfully Opened [GoogleChrome]. @12-10-2021 01:58:25.0936 AM
[ReportManager] Target URL: [https://duckduckgo.com] @12-10-2021 01:58:25.0948 AM
[ReportManager] Initial URL: [data:,] @12-10-2021 01:58:25.0996 AM
[ReportManager] Browser Action [NavigateToURL] successfully performed. With the following test data [https://duckduckgo.com]. @12-10-2021 01:58:26.0503 A

################################################################################################################################################
Starting Execution:	[56 out of 143] test cases in the current suite
Test Method:		[unitTests.tests_browserActions.maximizeWindow]
################################################################################################################################################
[ReportManager] Initial window size: (800, 600) @12-10-2021 01:58:26.0515 AM
[ReportManager] Window size after Toolkit: (1920, 1080) @12-10-2021 01:58:26.0740 AM
[ReportManager] Browser Action [MaximizeWindow] successfully performed. With the following test data [New screen size is now: (1920, 1080)]. @12-10-2021 01:58:26.0743 A
[ReportManager] Target URL: [https://duckduckgo.com] @12-10-2021 01:58:26.0746 AM
[ReportManager] Initial URL: [https://duckduckgo.com] @12-10-2021 01:58:26.0827 AM
[ReportManager] Browser Action [NavigateToURL] successfully performed. With the following test data [https://duckduckgo.com]. @12-10-2021 01:58:27.0129 AM
[ReportManager] Browser Action [CloseCurrentWindow] successfully performed. @12-10-2021 01:58:27.0239 AM
[ReportManager] Successfully created attachment [Browser Action Test Data - CloseCurrentWindow - Actual Value] @12-10-2021 01:58:27.0240 A
[ReportManager] File Action [GetAbsolutePath] successfully performed. With the following test data [Relative Folder Path: "target/downloadedFiles/"]. @12-10-2021 01:58:27.0243 AM
[ReportManager] Attempting to run remotely on: [Linux-64], [GoogleChrome], [http://localhost:4444/wd/hub], Headless Execution. @12-10-2021 01:58:27.0243 AM
[ReportManager] Successfully Opened [GoogleChrome]. @12-10-2021 01:58:27.0437 AM
[ReportManager] Target URL: [https://duckduckgo.com] @12-10-2021 01:58:27.0451 AM
[ReportManager] Initial URL: [data:,] @12-10-2021 01:58:27.0496 AM
[ReportManager] Browser Action [NavigateToURL] successfully performed. With the following test data [https://duckduckgo.com]. @12-10-2021 01:58:27.0995 A

################################################################################################################################################
Starting Execution:	[57 out of 143] test cases in the current suite
Test Method:		[unitTests.tests_browserActions.navigateBack]
################################################################################################################################################
[ReportManager] Target URL: [https://www.google.com/ncr], and after redirection: [https://www.google.com] @12-10-2021 01:58:27.0998 AM
[ReportManager] Initial URL: [https://duckduckgo.com] @12-10-2021 01:58:28.0061 AM
[ReportManager] Browser Action [NavigateToURL] successfully performed. With the following test data [https://www.google.com/ncr]. @12-10-2021 01:58:28.0821 AM
[ReportManager] Browser Action [NavigateBack] successfully performed. With the following test data [https://duckduckgo.com/]. @12-10-2021 01:58:29.0161 AM
[ReportManager] Browser Action [GetCurrentURL] successfully performed. With the following test data [https://duckduckgo.com/]. @12-10-2021 01:58:29.0199 AM
[ReportManager] Assertion Passed: Confirming that navigating back was successful @12-10-2021 01:58:29.0317 AM
[ReportManager] Successfully created attachment [Screenshot - 1634003909259_navigateBack_ValidateBrowserAttribute_passed] @12-10-2021 01:58:29.0319 AM
[ReportManager] Assertion [ValidateBrowserAttribute] PASSED. Expected [Value Should be 'https://duckduckgo.com' for the 'CurrentUrl' attribute] and Actual [https://duckduckgo.com/]. Comparison Type [CONTAINS]. Validation Type [POSITIVE]. @12-10-2021 01:58:29.0319 A
[ReportManager] Target URL: [https://duckduckgo.com] @12-10-2021 01:58:29.0320 AM
[ReportManager] Initial URL: [https://duckduckgo.com] @12-10-2021 01:58:29.0377 AM
[ReportManager] Browser Action [NavigateToURL] successfully performed. With the following test data [https://duckduckgo.com]. @12-10-2021 01:58:29.0676 AM
[ReportManager] Browser Action [CloseCurrentWindow] successfully performed. @12-10-2021 01:58:29.0783 AM
[ReportManager] Successfully created attachment [Browser Action Test Data - CloseCurrentWindow - Actual Value] @12-10-2021 01:58:29.0783 A
[ReportManager] File Action [GetAbsolutePath] successfully performed. With the following test data [Relative Folder Path: "target/downloadedFiles/"]. @12-10-2021 01:58:29.0790 AM
[ReportManager] Attempting to run remotely on: [Linux-64], [GoogleChrome], [http://localhost:4444/wd/hub], Headless Execution. @12-10-2021 01:58:29.0790 AM
[ReportManager] Successfully Opened [GoogleChrome]. @12-10-2021 01:58:30.0010 AM
[ReportManager] Target URL: [https://duckduckgo.com] @12-10-2021 01:58:30.0021 AM
[ReportManager] Initial URL: [data:,] @12-10-2021 01:58:30.0062 AM
[ReportManager] Browser Action [NavigateToURL] successfully performed. With the following test data [https://duckduckgo.com]. @12-10-2021 01:58:30.0511 A

################################################################################################################################################
Starting Execution:	[58 out of 143] test cases in the current suite
Test Method:		[unitTests.tests_browserActions.navigateForward]
################################################################################################################################################
[ReportManager] Target URL: [https://www.google.com/ncr], and after redirection: [https://www.google.com] @12-10-2021 01:58:30.0517 AM
[ReportManager] Initial URL: [https://duckduckgo.com] @12-10-2021 01:58:30.0569 AM
[ReportManager] Browser Action [NavigateToURL] successfully performed. With the following test data [https://www.google.com/ncr]. @12-10-2021 01:58:31.0296 AM
[ReportManager] Browser Action [NavigateBack] successfully performed. With the following test data [https://duckduckgo.com/]. @12-10-2021 01:58:31.0608 AM
[ReportManager] Browser Action [NavigateForward] successfully performed. With the following test data [https://www.google.com/]. @12-10-2021 01:58:31.0991 A
[ReportManager] Target URL: [https://duckduckgo.com] @12-10-2021 01:58:31.0994 AM
[ReportManager] Initial URL: [https://www.google.com] @12-10-2021 01:58:32.0072 AM
[ReportManager] Browser Action [NavigateToURL] successfully performed. With the following test data [https://duckduckgo.com]. @12-10-2021 01:58:32.0536 AM
[ReportManager] Browser Action [CloseCurrentWindow] successfully performed. @12-10-2021 01:58:32.0633 AM
[ReportManager] Successfully created attachment [Browser Action Test Data - CloseCurrentWindow - Actual Value] @12-10-2021 01:58:32.0634 A
[ReportManager] File Action [GetAbsolutePath] successfully performed. With the following test data [Relative Folder Path: "target/downloadedFiles/"]. @12-10-2021 01:58:32.0637 AM
[ReportManager] Attempting to run remotely on: [Linux-64], [GoogleChrome], [http://localhost:4444/wd/hub], Headless Execution. @12-10-2021 01:58:32.0637 AM
[ReportManager] Successfully Opened [GoogleChrome]. @12-10-2021 01:58:32.0830 AM
[ReportManager] Target URL: [https://duckduckgo.com] @12-10-2021 01:58:32.0850 AM
[ReportManager] Initial URL: [data:,] @12-10-2021 01:58:32.0903 AM
[ReportManager] Browser Action [NavigateToURL] successfully performed. With the following test data [https://duckduckgo.com]. @12-10-2021 01:58:33.0381 A

################################################################################################################################################
Starting Execution:	[59 out of 143] test cases in the current suite
Test Method:		[unitTests.tests_browserActions.navigateToURL]
################################################################################################################################################
[ReportManager] Target URL: [https://duckduckgo.com] @12-10-2021 01:58:33.0387 AM
[ReportManager] Initial URL: [https://duckduckgo.com] @12-10-2021 01:58:33.0458 AM
[ReportManager] Browser Action [NavigateToURL] successfully performed. With the following test data [https://duckduckgo.com]. @12-10-2021 01:58:33.0758 A
[ReportManager] Target URL: [https://duckduckgo.com] @12-10-2021 01:58:33.0760 AM
[ReportManager] Initial URL: [https://duckduckgo.com] @12-10-2021 01:58:33.0817 AM
[ReportManager] Browser Action [NavigateToURL] successfully performed. With the following test data [https://duckduckgo.com]. @12-10-2021 01:58:34.0076 AM
[ReportManager] Browser Action [CloseCurrentWindow] successfully performed. @12-10-2021 01:58:34.0175 AM
[ReportManager] Successfully created attachment [Browser Action Test Data - CloseCurrentWindow - Actual Value] @12-10-2021 01:58:34.0176 A
[ReportManager] File Action [GetAbsolutePath] successfully performed. With the following test data [Relative Folder Path: "target/downloadedFiles/"]. @12-10-2021 01:58:34.0178 AM
[ReportManager] Attempting to run remotely on: [Linux-64], [GoogleChrome], [http://localhost:4444/wd/hub], Headless Execution. @12-10-2021 01:58:34.0179 AM
[ReportManager] Successfully Opened [GoogleChrome]. @12-10-2021 01:58:34.0391 AM
[ReportManager] Target URL: [https://duckduckgo.com] @12-10-2021 01:58:34.0403 AM
[ReportManager] Initial URL: [data:,] @12-10-2021 01:58:34.0445 AM
[ReportManager] Browser Action [NavigateToURL] successfully performed. With the following test data [https://duckduckgo.com]. @12-10-2021 01:58:34.0954 A

################################################################################################################################################
Starting Execution:	[60 out of 143] test cases in the current suite
Test Method:		[unitTests.tests_browserActions.navigateToURLWithRedirection]
################################################################################################################################################
[ReportManager] Target URL: [https://www.google.com/ncr], and after redirection: [https://www.google.com] @12-10-2021 01:58:34.0960 AM
[ReportManager] Initial URL: [https://duckduckgo.com] @12-10-2021 01:58:35.0023 AM
[ReportManager] Browser Action [NavigateToURL] successfully performed. With the following test data [https://www.google.com/ncr]. @12-10-2021 01:58:35.0758 A
[ReportManager] Target URL: [https://duckduckgo.com] @12-10-2021 01:58:35.0761 AM
[ReportManager] Initial URL: [https://www.google.com] @12-10-2021 01:58:35.0835 AM
[ReportManager] Browser Action [NavigateToURL] successfully performed. With the following test data [https://duckduckgo.com]. @12-10-2021 01:58:36.0302 AM
[ReportManager] Browser Action [CloseCurrentWindow] successfully performed. @12-10-2021 01:58:36.0402 AM
[ReportManager] Successfully created attachment [Browser Action Test Data - CloseCurrentWindow - Actual Value] @12-10-2021 01:58:36.0403 A
[ReportManager] File Action [GetAbsolutePath] successfully performed. With the following test data [Relative Folder Path: "target/downloadedFiles/"]. @12-10-2021 01:58:36.0405 AM
[ReportManager] Attempting to run remotely on: [Linux-64], [GoogleChrome], [http://localhost:4444/wd/hub], Headless Execution. @12-10-2021 01:58:36.0406 AM
[ReportManager] Successfully Opened [GoogleChrome]. @12-10-2021 01:58:36.0650 AM
[ReportManager] Target URL: [https://duckduckgo.com] @12-10-2021 01:58:36.0667 AM
[ReportManager] Initial URL: [data:,] @12-10-2021 01:58:36.0712 AM
[ReportManager] Browser Action [NavigateToURL] successfully performed. With the following test data [https://duckduckgo.com]. @12-10-2021 01:58:37.0175 A

################################################################################################################################################
Starting Execution:	[61 out of 143] test cases in the current suite
Test Method:		[unitTests.tests_browserActions.refreshCurrentPage]
################################################################################################################################################
[ReportManager] Browser Action [RefreshCurrentPage] successfully performed. @12-10-2021 01:58:37.0349 AM
[ReportManager] Successfully created attachment [Browser Action Test Data - RefreshCurrentPage - Actual Value] @12-10-2021 01:58:37.0350 A
[ReportManager] Target URL: [https://duckduckgo.com] @12-10-2021 01:58:37.0353 AM
[ReportManager] Initial URL: [https://duckduckgo.com] @12-10-2021 01:58:37.0413 AM
[ReportManager] Browser Action [NavigateToURL] successfully performed. With the following test data [https://duckduckgo.com]. @12-10-2021 01:58:37.0692 AM
[ReportManager] Browser Action [CloseCurrentWindow] successfully performed. @12-10-2021 01:58:37.0793 AM
[ReportManager] Successfully created attachment [Browser Action Test Data - CloseCurrentWindow - Actual Value] @12-10-2021 01:58:37.0793 A
[ReportManager] File Action [GetAbsolutePath] successfully performed. With the following test data [Relative Folder Path: "target/downloadedFiles/"]. @12-10-2021 01:58:37.0796 AM
[ReportManager] Attempting to run remotely on: [Linux-64], [GoogleChrome], [http://localhost:4444/wd/hub], Headless Execution. @12-10-2021 01:58:37.0796 AM
[ReportManager] Successfully Opened [GoogleChrome]. @12-10-2021 01:58:37.0982 AM
[ReportManager] Target URL: [https://duckduckgo.com] @12-10-2021 01:58:37.0994 AM
[ReportManager] Initial URL: [data:,] @12-10-2021 01:58:38.0038 AM
[ReportManager] Browser Action [NavigateToURL] successfully performed. With the following test data [https://duckduckgo.com]. @12-10-2021 01:58:38.0522 A

################################################################################################################################################
Starting Execution:	[62 out of 143] test cases in the current suite
Test Method:		[unitTests.tests_browserActions.setWindowSize]
################################################################################################################################################
[ReportManager] Initial window size: (800, 600) @12-10-2021 01:58:38.0537 AM
[ReportManager] Window size after SWD: (1280, 720) @12-10-2021 01:58:38.0754 AM
[ReportManager] Browser Action [SetWindowSize] successfully performed. With the following test data [New screen size is now: (1280, 720)]. @12-10-2021 01:58:38.0754 A
[ReportManager] Target URL: [https://duckduckgo.com] @12-10-2021 01:58:38.0757 AM
[ReportManager] Initial URL: [https://duckduckgo.com] @12-10-2021 01:58:38.0832 AM
[ReportManager] Browser Action [NavigateToURL] successfully performed. With the following test data [https://duckduckgo.com]. @12-10-2021 01:58:39.0133 AM
[ReportManager] Browser Action [CloseCurrentWindow] successfully performed. @12-10-2021 01:58:39.0241 AM
[ReportManager] Successfully created attachment [Browser Action Test Data - CloseCurrentWindow - Actual Value] @12-10-2021 01:58:39.0242 A
[ReportManager] File Action [GetAbsolutePath] successfully performed. With the following test data [Relative Folder Path: "target/downloadedFiles/"]. @12-10-2021 01:58:39.0244 AM
[ReportManager] Attempting to run remotely on: [Linux-64], [GoogleChrome], [http://localhost:4444/wd/hub], Headless Execution. @12-10-2021 01:58:39.0244 AM
[ReportManager] Successfully Opened [GoogleChrome]. @12-10-2021 01:58:39.0431 A

################################################################################################################################################
Starting Execution:	[63 out of 143] test cases in the current suite
Test Method:		[unitTests.tests_element_elementActions.waitForElementToBePresent_false_expectedToFail]
################################################################################################################################################
[ReportManager] Target URL: [https://www.google.com/ncr], and after redirection: [www.google.com] @12-10-2021 01:58:39.0452 AM
[ReportManager] Initial URL: [data:,] @12-10-2021 01:58:39.0501 AM
[ReportManager] Browser Action [NavigateToURL] successfully performed. With the following test data [https://www.google.com/ncr]. @12-10-2021 01:58:40.0209 AM
[ReportManager] Waiting for element to be present; elementLocator [By.xpath: //*[@id='hplogo' or @alt='Google']], numberOfTries[1], stateOfPresence[false]... @12-10-2021 01:58:40.0216 AM
[ReportManager] Element Action [WaitForElementToBePresent] failed. With the following test data [waited for the element's state of presence to be (false). Element locator (By.xpath: //*[@id='hplogo' or @alt='Google'])]. @12-10-2021 01:58:40.0399 AM
[ReportManager] Successfully created attachment [Screenshot - 1634003920339_waitForElementToBePresent_false_expectedToFail_WaitForElementToBePresent_failed] @12-10-2021 01:58:40.0399 A
[ReportManager] Browser Action [CloseCurrentWindow] successfully performed. @12-10-2021 01:58:40.0518 AM
[ReportManager] Successfully created attachment [Browser Action Test Data - CloseCurrentWindow - Actual Value] @12-10-2021 01:58:40.0519 A
[ReportManager] File Action [GetAbsolutePath] successfully performed. With the following test data [Relative Folder Path: "target/downloadedFiles/"]. @12-10-2021 01:58:40.0530 AM
[ReportManager] Attempting to run remotely on: [Linux-64], [GoogleChrome], [http://localhost:4444/wd/hub], Headless Execution. @12-10-2021 01:58:40.0530 AM
[ReportManager] Successfully Opened [GoogleChrome]. @12-10-2021 01:58:40.0775 A

################################################################################################################################################
Starting Execution:	[64 out of 143] test cases in the current suite
Test Method:		[unitTests.tests_element_elementActions.waitForElementToBePresent_false_expectedToPass]
################################################################################################################################################
[ReportManager] Target URL: [https://www.google.com/ncr], and after redirection: [www.google.com] @12-10-2021 01:58:40.0810 AM
[ReportManager] Initial URL: [data:,] @12-10-2021 01:58:40.0852 AM
[ReportManager] Browser Action [NavigateToURL] successfully performed. With the following test data [https://www.google.com/ncr]. @12-10-2021 01:58:41.0605 AM
[ReportManager] Waiting for element to be present; elementLocator [By.id: bla], numberOfTries[1], stateOfPresence[false]... @12-10-2021 01:58:41.0605 AM
[ReportManager] Element Action [WaitForElementToBePresent] successfully performed. With the following test data [waited for the element's state of presence to be (false). Element locator (By.id: bla)]. @12-10-2021 01:58:46.0722 A
[ReportManager] Browser Action [CloseCurrentWindow] successfully performed. @12-10-2021 01:58:46.0837 AM
[ReportManager] Successfully created attachment [Browser Action Test Data - CloseCurrentWindow - Actual Value] @12-10-2021 01:58:46.0842 A
[ReportManager] File Action [GetAbsolutePath] successfully performed. With the following test data [Relative Folder Path: "target/downloadedFiles/"]. @12-10-2021 01:58:46.0844 AM
[ReportManager] Attempting to run remotely on: [Linux-64], [GoogleChrome], [http://localhost:4444/wd/hub], Headless Execution. @12-10-2021 01:58:46.0844 AM
[ReportManager] Successfully Opened [GoogleChrome]. @12-10-2021 01:58:47.0048 A

################################################################################################################################################
Starting Execution:	[65 out of 143] test cases in the current suite
Test Method:		[unitTests.tests_element_elementActions.waitForElementToBePresent_moreThanOneElement_expectedToFail]
################################################################################################################################################
[ReportManager] Target URL: [https://www.google.com/ncr], and after redirection: [www.google.com] @12-10-2021 01:58:47.0063 AM
[ReportManager] Initial URL: [data:,] @12-10-2021 01:58:47.0108 AM
[ReportManager] Browser Action [NavigateToURL] successfully performed. With the following test data [https://www.google.com/ncr]. @12-10-2021 01:58:47.0820 AM
[ReportManager] Waiting for element to be present; elementLocator [By.xpath: //*], numberOfTries[1], stateOfPresence[false]... @12-10-2021 01:58:47.0821 AM
[ReportManager] Element Action [WaitForElementToBePresent] failed. With the following test data [waited for the element's state of presence to be (false). Element locator (By.xpath: //*)]. @12-10-2021 01:58:48.0007 AM
[ReportManager] Successfully created attachment [Screenshot - 1634003927956_waitForElementToBePresent_moreThanOneElement_expectedToFail_WaitForElementToBePresent_failed] @12-10-2021 01:58:48.0008 A
[ReportManager] Browser Action [CloseCurrentWindow] successfully performed. @12-10-2021 01:58:48.0132 AM
[ReportManager] Successfully created attachment [Browser Action Test Data - CloseCurrentWindow - Actual Value] @12-10-2021 01:58:48.0133 A
[ReportManager] File Action [GetAbsolutePath] successfully performed. With the following test data [Relative Folder Path: "target/downloadedFiles/"]. @12-10-2021 01:58:48.0136 AM
[ReportManager] Attempting to run remotely on: [Linux-64], [GoogleChrome], [http://localhost:4444/wd/hub], Headless Execution. @12-10-2021 01:58:48.0136 AM
[ReportManager] Successfully Opened [GoogleChrome]. @12-10-2021 01:58:48.0316 A

################################################################################################################################################
Starting Execution:	[66 out of 143] test cases in the current suite
Test Method:		[unitTests.tests_element_elementActions.waitForElementToBePresent_true_expectedToFail]
################################################################################################################################################
[ReportManager] Target URL: [https://www.google.com/ncr], and after redirection: [www.google.com] @12-10-2021 01:58:48.0330 AM
[ReportManager] Initial URL: [data:,] @12-10-2021 01:58:48.0376 AM
[ReportManager] Browser Action [NavigateToURL] successfully performed. With the following test data [https://www.google.com/ncr]. @12-10-2021 01:58:49.0102 AM
[ReportManager] Waiting for element to be present; elementLocator [By.id: bla], numberOfTries[1], stateOfPresence[true]... @12-10-2021 01:58:49.0103 AM
[ReportManager] Element Action [WaitForElementToBePresent] failed. With the following test data [waited for the element's state of presence to be (true). Element locator (By.id: bla)]. @12-10-2021 01:58:54.0345 AM
[ReportManager] Successfully created attachment [Screenshot - 1634003934288_waitForElementToBePresent_true_expectedToFail_WaitForElementToBePresent_failed] @12-10-2021 01:58:54.0345 A
[ReportManager] Browser Action [CloseCurrentWindow] successfully performed. @12-10-2021 01:58:54.0477 AM
[ReportManager] Successfully created attachment [Browser Action Test Data - CloseCurrentWindow - Actual Value] @12-10-2021 01:58:54.0478 A
[ReportManager] File Action [GetAbsolutePath] successfully performed. With the following test data [Relative Folder Path: "target/downloadedFiles/"]. @12-10-2021 01:58:54.0482 AM
[ReportManager] Attempting to run remotely on: [Linux-64], [GoogleChrome], [http://localhost:4444/wd/hub], Headless Execution. @12-10-2021 01:58:54.0482 AM
[ReportManager] Successfully Opened [GoogleChrome]. @12-10-2021 01:58:54.0667 A

################################################################################################################################################
Starting Execution:	[67 out of 143] test cases in the current suite
Test Method:		[unitTests.tests_element_elementActions.waitForElementToBePresent_true_expectedToPass]
################################################################################################################################################
[ReportManager] Target URL: [https://www.google.com/ncr], and after redirection: [www.google.com] @12-10-2021 01:58:54.0684 AM
[ReportManager] Initial URL: [data:,] @12-10-2021 01:58:54.0736 AM
[ReportManager] Browser Action [NavigateToURL] successfully performed. With the following test data [https://www.google.com/ncr]. @12-10-2021 01:58:55.0502 AM
[ReportManager] Waiting for element to be present; elementLocator [By.xpath: //*[@id='hplogo' or @alt='Google']], numberOfTries[1], stateOfPresence[true]... @12-10-2021 01:58:55.0502 AM
[ReportManager] Element Action [WaitForElementToBePresent] successfully performed. With the following test data [waited for the element's state of presence to be (true). Element locator (By.xpath: //*[@id='hplogo' or @alt='Google'])]. @12-10-2021 01:58:55.0562 AM
[ReportManager] File Action [DoesFileExist] successfully performed. With the following test data [File Path: "src/test/resources/DynamicObjectRepository/unitTests_tests_element_elementActions_waitForElementToBePresent_true_expectedToPass_By_xpath_id_hplogo_or_alt_Google.png"]. @12-10-2021 01:58:55.0565 AM
[ReportManager] File Action [DoesFileExist] successfully performed. With the following test data [File Path: "src/test/resources/DynamicObjectRepository/unitTests_tests_element_elementActions_waitForElementToBePresent_true_expectedToPass_By_xpath_id_hplogo_or_alt_Google.png"]. @12-10-2021 01:58:55.0735 AM
[ReportManager] Passing the test and saving a reference image @12-10-2021 01:58:55.0735 AM
[ReportManager] File Action [GetAbsolutePath] successfully performed. With the following test data [Relative File Path: "src/test/resources/DynamicObjectRepository/unitTests_tests_element_elementActions_waitForElementToBePresent_true_expectedToPass_By_xpath_id_hplogo_or_alt_Google.png"]. @12-10-2021 01:58:55.0735 AM
[ReportManager] File Action [WriteToFile] successfully performed. With the following test data [Target File Path: "/home/runner/work/SHAFT_ENGINE/SHAFT_ENGINE/src/test/resources/DynamicObjectRepository/unitTests_tests_element_elementActions_waitForElementToBePresent_true_expectedToPass_By_xpath_id_hplogo_or_alt_Google.png"]. @12-10-2021 01:58:55.0736 AM
[ReportManager] Assertion Passed: Using Visual AI; OpenCV @12-10-2021 01:58:55.0737 AM
[ReportManager] Successfully created attachment [Validation Test Data - Actual Screenshot] @12-10-2021 01:58:55.0737 AM
[ReportManager] Assertion [ValidateElementMatches] PASSED. Expected [Element should match the reference screenshot] and Actual [TRUE]. Comparison Type [EXACT_OPENCV]. Validation Type [POSITIVE]. @12-10-2021 01:58:55.0737 A
[ReportManager] Browser Action [CloseCurrentWindow] successfully performed. @12-10-2021 01:58:55.0869 AM
[ReportManager] Successfully created attachment [Browser Action Test Data - CloseCurrentWindow - Actual Value] @12-10-2021 01:58:55.0870 A
[ReportManager] Successfully loaded the following test data file [src/test/resources/TestDataFiles/testSuite01/TestData.xlsx]. @12-10-2021 01:58:56.0598 AM
[ReportManager] Successfully created attachment [Test Data - Excel] @12-10-2021 01:58:56.0598 A

################################################################################################################################################
Starting Execution:	[68 out of 143] test cases in the current suite
Test Method:		[unitTests.tests_io_excelFileManager.getCellData_rowName_expectedToPass]
################################################################################################################################################
[ReportManager] testRowData. @12-10-2021 01:58:56.0612 A

################################################################################################################################################
Starting Execution:	[69 out of 143] test cases in the current suite
Test Method:		[testPackage01.Test_testData.f]
################################################################################################################################################
[ReportManager] Successfully loaded the following test data file [src/test/resources/TestDataFiles/testSuite01/TestData.xlsx]. @12-10-2021 01:58:56.0649 AM
[ReportManager] Successfully created attachment [Test Data - Excel] @12-10-2021 01:58:56.0649 AM
[ReportManager] Last Column Number is: [3]. Zero-based. @12-10-2021 01:58:56.0650 A

################################################################################################################################################
Starting Execution:	[70 out of 143] test cases in the current suite
Test Method:		[testPackage01.Test_SkipDueToIssue.doNotSkip]
################################################################################################################################################
[ReportManager] This should not be skipped. @12-10-2021 01:58:56.0655 A

################################################################################################################################################
Starting Execution:	[71 out of 143] test cases in the current suite
Test Method:		[testPackage01.Test_SkipDueToIssue.skip]
################################################################################################################################################
[ReportManager] This should be skipped. @12-10-2021 01:58:56.0662 A

################################################################################################################################################
Starting Execution:	[72 out of 143] test cases in the current suite
Test Method:		[testPackage01.Test_SkipDueToIssue.skip2]
################################################################################################################################################
[ReportManager] This should be skipped. @12-10-2021 01:58:56.0667 A

################################################################################################################################################
Starting Execution:	[73 out of 143] test cases in the current suite
Test Method:		[testPackage01.Test_chainableElementActions.chainElementActions]
################################################################################################################################################
[ReportManager] File Action [GetAbsolutePath] successfully performed. With the following test data [Relative Folder Path: "target/downloadedFiles/"]. @12-10-2021 01:58:56.0671 AM
[ReportManager] Attempting to run remotely on: [Linux-64], [GoogleChrome], [http://localhost:4444/wd/hub], Headless Execution. @12-10-2021 01:58:56.0671 AM
[ReportManager] Successfully Opened [GoogleChrome]. @12-10-2021 01:58:56.0881 AM
[ReportManager] Target URL: [https://www.google.com/ncr], and after redirection: [https://www.google.com] @12-10-2021 01:58:56.0902 AM
[ReportManager] Initial URL: [data:,] @12-10-2021 01:58:56.0950 AM
[ReportManager] Browser Action [NavigateToURL] successfully performed. With the following test data [https://www.google.com/ncr]. @12-10-2021 01:58:57.0727 AM
[ReportManager] Element Action [Type] successfully performed. With the following test data [chained type 1]. @12-10-2021 01:58:58.0086 AM
[ReportManager] Element Action [Type] successfully performed. With the following test data [chained type 2]. @12-10-2021 01:58:58.0450 AM
[ReportManager] Element Action [TypeAppend] successfully performed. With the following test data [345]. @12-10-2021 01:58:58.0563 AM
[ReportManager] Element Action [GetText] successfully performed. With the following test data [chained type 2345]. @12-10-2021 01:58:58.0730 AM
[ReportManager] Loaded Shared OpenCV @12-10-2021 01:58:58.0858 AM
[ReportManager] Assertion [ValidateElementAttribute] PASSED. Expected [Value Should be 'chained type 2345' for the 'text' attribute, element locator 'By.name: q'] and Actual [chained type 2345]. Comparison Type [EQUALS]. Validation Type [POSITIVE]. @12-10-2021 01:58:58.0935 AM
[ReportManager] Successfully created attachment [Screenshot - 1634003938858_chainElementActions_ValidateElementAttribute_passed] @12-10-2021 01:58:58.0936 AM
[ReportManager] Browser Action [CloseCurrentWindow] successfully performed. @12-10-2021 01:58:59.0059 AM
[ReportManager] Successfully created attachment [Browser Action Test Data - CloseCurrentWindow - Actual Value] @12-10-2021 01:58:59.0060 A

################################################################################################################################################
Starting Execution:	[74 out of 143] test cases in the current suite
Test Method:		[testPackage01.Test_NewValidationHelper.f1]
################################################################################################################################################
[ReportManager] Assertion Passed: Checking valid user data @12-10-2021 01:58:59.0074 AM
[ReportManager] Successfully created attachment [Validation Test Data - Expected Value] @12-10-2021 01:58:59.0074 AM
[ReportManager] Successfully created attachment [Validation Test Data - Actual Value] @12-10-2021 01:58:59.0075 AM
[ReportManager] Assertion [ValidateEquals] PASSED. Expected and Actual values are attached. Comparison Type [EQUALS]. Validation Type [POSITIVE]. @12-10-2021 01:58:59.0075 A
[ReportManager] File Action [GetAbsolutePath] successfully performed. With the following test data [Relative Folder Path: "target/downloadedFiles/"]. @12-10-2021 01:58:59.0077 AM
[ReportManager] Attempting to run remotely on: [Linux-64], [GoogleChrome], [http://localhost:4444/wd/hub], Headless Execution. @12-10-2021 01:58:59.0077 AM
[ReportManager] Successfully Opened [GoogleChrome]. @12-10-2021 01:58:59.0286 AM
[ReportManager] Target URL: [https://the-internet.herokuapp.com/] @12-10-2021 01:58:59.0298 AM
[ReportManager] Initial URL: [data:,] @12-10-2021 01:58:59.0342 AM
[ReportManager] Browser Action [NavigateToURL] successfully performed. With the following test data [https://the-internet.herokuapp.com/]. @12-10-2021 01:58:59.0720 A

################################################################################################################################################
Starting Execution:	[75 out of 143] test cases in the current suite
Test Method:		[testPackage01.Test_NewValidationHelper.f10]
################################################################################################################################################
[ReportManager] Assertion [ValidateElementExists] FAILED. Expected [Element Should Exist, locator 'By.tagName: div'] and Actual [Element Exists but is not unique]. Comparison Type [EQUALS]. Validation Type [POSITIVE]. @12-10-2021 01:58:59.0999 AM
[ReportManager] Successfully created attachment [Screenshot - 1634003939917_f10_ValidateElementExists_failed] @12-10-2021 01:59:00.0000 A
[ReportManager] Successfully Closed All Drivers. @12-10-2021 01:59:00.0096 A
[ReportManager] File Action [GetAbsolutePath] successfully performed. With the following test data [Relative Folder Path: "target/downloadedFiles/"]. @12-10-2021 01:59:00.0098 AM
[ReportManager] Attempting to run remotely on: [Linux-64], [GoogleChrome], [http://localhost:4444/wd/hub], Headless Execution. @12-10-2021 01:59:00.0098 AM
[ReportManager] Successfully Opened [GoogleChrome]. @12-10-2021 01:59:00.0393 AM
[ReportManager] Target URL: [https://the-internet.herokuapp.com/] @12-10-2021 01:59:00.0405 AM
[ReportManager] Initial URL: [data:,] @12-10-2021 01:59:00.0489 AM
[ReportManager] Browser Action [NavigateToURL] successfully performed. With the following test data [https://the-internet.herokuapp.com/]. @12-10-2021 01:59:00.0868 A

################################################################################################################################################
Starting Execution:	[76 out of 143] test cases in the current suite
Test Method:		[testPackage01.Test_NewValidationHelper.f11]
################################################################################################################################################
[ReportManager] Assertion Passed: Checking that false tag doesn't exist @12-10-2021 01:59:11.0237 AM
[ReportManager] Successfully created attachment [Screenshot - 1634003951181_f11_ValidateElementExists_passed] @12-10-2021 01:59:11.0238 AM
[ReportManager] Assertion [ValidateElementExists] PASSED. Expected [Element Should not Exist, locator 'By.tagName: h3'] and Actual [Element Doesn't Exists]. Comparison Type [EQUALS]. Validation Type [NEGATIVE]. @12-10-2021 01:59:11.0238 A
[ReportManager] Successfully Closed All Drivers. @12-10-2021 01:59:11.0314 A
[ReportManager] File Action [GetAbsolutePath] successfully performed. With the following test data [Relative Folder Path: "target/downloadedFiles/"]. @12-10-2021 01:59:11.0316 AM
[ReportManager] Attempting to run remotely on: [Linux-64], [GoogleChrome], [http://localhost:4444/wd/hub], Headless Execution. @12-10-2021 01:59:11.0316 AM
[ReportManager] Successfully Opened [GoogleChrome]. @12-10-2021 01:59:11.0522 AM
[ReportManager] Target URL: [https://the-internet.herokuapp.com/] @12-10-2021 01:59:11.0543 AM
[ReportManager] Initial URL: [data:,] @12-10-2021 01:59:11.0584 AM
[ReportManager] Browser Action [NavigateToURL] successfully performed. With the following test data [https://the-internet.herokuapp.com/]. @12-10-2021 01:59:11.0963 A

################################################################################################################################################
Starting Execution:	[77 out of 143] test cases in the current suite
Test Method:		[testPackage01.Test_NewValidationHelper.f12]
################################################################################################################################################
[ReportManager] Loaded Shared OpenCV @12-10-2021 01:59:12.0165 AM
[ReportManager] Assertion [ValidateElementExists] FAILED. Expected [Element Should not Exist, locator 'By.tagName: h1'] and Actual [Element Exists]. Comparison Type [EQUALS]. Validation Type [NEGATIVE]. @12-10-2021 01:59:12.0240 AM
[ReportManager] Successfully created attachment [Screenshot - 1634003952165_f12_ValidateElementExists_failed] @12-10-2021 01:59:12.0241 A
[ReportManager] Successfully Closed All Drivers. @12-10-2021 01:59:12.0315 A
[ReportManager] File Action [GetAbsolutePath] successfully performed. With the following test data [Relative Folder Path: "target/downloadedFiles/"]. @12-10-2021 01:59:12.0318 AM
[ReportManager] Attempting to run remotely on: [Linux-64], [GoogleChrome], [http://localhost:4444/wd/hub], Headless Execution. @12-10-2021 01:59:12.0318 AM
[ReportManager] Successfully Opened [GoogleChrome]. @12-10-2021 01:59:12.0521 AM
[ReportManager] Target URL: [https://the-internet.herokuapp.com/] @12-10-2021 01:59:12.0532 AM
[ReportManager] Initial URL: [data:,] @12-10-2021 01:59:12.0583 AM
[ReportManager] Browser Action [NavigateToURL] successfully performed. With the following test data [https://the-internet.herokuapp.com/]. @12-10-2021 01:59:12.0931 A

################################################################################################################################################
Starting Execution:	[78 out of 143] test cases in the current suite
Test Method:		[testPackage01.Test_NewValidationHelper.f13]
################################################################################################################################################
[ReportManager] Assertion [ValidateElementExists] FAILED. Expected [Element Should not Exist, locator 'By.tagName: div'] and Actual [Element Exists but is not unique]. Comparison Type [EQUALS]. Validation Type [NEGATIVE]. @12-10-2021 01:59:13.0158 AM
[ReportManager] Successfully created attachment [Screenshot - 1634003953097_f13_ValidateElementExists_failed] @12-10-2021 01:59:13.0159 A
[ReportManager] Successfully Closed All Drivers. @12-10-2021 01:59:13.0236 A
[ReportManager] File Action [GetAbsolutePath] successfully performed. With the following test data [Relative Folder Path: "target/downloadedFiles/"]. @12-10-2021 01:59:13.0239 AM
[ReportManager] Attempting to run remotely on: [Linux-64], [GoogleChrome], [http://localhost:4444/wd/hub], Headless Execution. @12-10-2021 01:59:13.0239 AM
[ReportManager] Successfully Opened [GoogleChrome]. @12-10-2021 01:59:13.0423 AM
[ReportManager] Target URL: [https://the-internet.herokuapp.com/] @12-10-2021 01:59:13.0433 AM
[ReportManager] Initial URL: [data:,] @12-10-2021 01:59:13.0478 AM
[ReportManager] Browser Action [NavigateToURL] successfully performed. With the following test data [https://the-internet.herokuapp.com/]. @12-10-2021 01:59:13.0817 A

################################################################################################################################################
Starting Execution:	[79 out of 143] test cases in the current suite
Test Method:		[testPackage01.Test_NewValidationHelper.f14]
################################################################################################################################################
[ReportManager] Element Action [GetText] successfully performed. With the following test data [Welcome to the-internet]. @12-10-2021 01:59:13.0907 AM
[ReportManager] Loaded Shared OpenCV @12-10-2021 01:59:14.0047 AM
[ReportManager] Assertion Passed: Asserting that the header text is correct @12-10-2021 01:59:14.0134 AM
[ReportManager] Successfully created attachment [Screenshot - 1634003954047_f14_ValidateElementAttribute_passed] @12-10-2021 01:59:14.0135 AM
[ReportManager] Assertion [ValidateElementAttribute] PASSED. Expected [Value Should be 'Welcome to the-internet' for the 'text' attribute, element locator 'By.tagName: h1'] and Actual [Welcome to the-internet]. Comparison Type [EQUALS]. Validation Type [POSITIVE]. @12-10-2021 01:59:14.0135 A
[ReportManager] Successfully Closed All Drivers. @12-10-2021 01:59:14.0219 A
[ReportManager] File Action [GetAbsolutePath] successfully performed. With the following test data [Relative Folder Path: "target/downloadedFiles/"]. @12-10-2021 01:59:14.0223 AM
[ReportManager] Attempting to run remotely on: [Linux-64], [GoogleChrome], [http://localhost:4444/wd/hub], Headless Execution. @12-10-2021 01:59:14.0224 AM
[ReportManager] Successfully Opened [GoogleChrome]. @12-10-2021 01:59:14.0444 AM
[ReportManager] Target URL: [https://the-internet.herokuapp.com/] @12-10-2021 01:59:14.0462 AM
[ReportManager] Initial URL: [data:,] @12-10-2021 01:59:14.0503 AM
[ReportManager] Browser Action [NavigateToURL] successfully performed. With the following test data [https://the-internet.herokuapp.com/]. @12-10-2021 01:59:14.0890 A

################################################################################################################################################
Starting Execution:	[80 out of 143] test cases in the current suite
Test Method:		[testPackage01.Test_NewValidationHelper.f15]
################################################################################################################################################
[ReportManager] Element Action [GetText] successfully performed. With the following test data [Welcome to the-internet]. @12-10-2021 01:59:14.0968 AM
[ReportManager] Loaded Shared OpenCV @12-10-2021 01:59:15.0097 AM
[ReportManager] Assertion [ValidateElementAttribute] FAILED. Expected [Value Should not be 'Welcome' for the 'text' attribute, element locator 'By.tagName: h1'] and Actual [Welcome to the-internet]. Comparison Type [CONTAINS]. Validation Type [NEGATIVE]. @12-10-2021 01:59:15.0165 AM
[ReportManager] Successfully created attachment [Screenshot - 1634003955097_f15_ValidateElementAttribute_failed] @12-10-2021 01:59:15.0166 A
[ReportManager] Successfully Closed All Drivers. @12-10-2021 01:59:15.0236 A
[ReportManager] File Action [GetAbsolutePath] successfully performed. With the following test data [Relative Folder Path: "target/downloadedFiles/"]. @12-10-2021 01:59:15.0239 AM
[ReportManager] Attempting to run remotely on: [Linux-64], [GoogleChrome], [http://localhost:4444/wd/hub], Headless Execution. @12-10-2021 01:59:15.0239 AM
[ReportManager] Successfully Opened [GoogleChrome]. @12-10-2021 01:59:15.0407 AM
[ReportManager] Target URL: [https://the-internet.herokuapp.com/] @12-10-2021 01:59:15.0418 AM
[ReportManager] Initial URL: [data:,] @12-10-2021 01:59:15.0458 AM
[ReportManager] Browser Action [NavigateToURL] successfully performed. With the following test data [https://the-internet.herokuapp.com/]. @12-10-2021 01:59:15.0813 A

################################################################################################################################################
Starting Execution:	[81 out of 143] test cases in the current suite
Test Method:		[testPackage01.Test_NewValidationHelper.f16]
################################################################################################################################################
[ReportManager] Element Action [IdentifyUniqueElement] failed. With the following test data [zero elements found matching this locator "By.tagName: h3".]. @12-10-2021 01:59:41.0382 AM
[ReportManager] Successfully created attachment [Screenshot - 1634003981327_f16_IdentifyUniqueElement_failed] @12-10-2021 01:59:41.0383 AM
[ReportManager] Assertion [ValidateElementAttribute] FAILED. Expected [Value Should not be 'Welcome' for the 'text' attribute, element locator 'By.tagName: h3'] and Actual [Failed to read the desired element attribute]. Comparison Type [CONTAINS]. Validation Type [NEGATIVE]. @12-10-2021 01:59:41.0383 A
[ReportManager] Successfully Closed All Drivers. @12-10-2021 01:59:41.0458 A
[ReportManager] File Action [GetAbsolutePath] successfully performed. With the following test data [Relative Folder Path: "target/downloadedFiles/"]. @12-10-2021 01:59:41.0460 AM
[ReportManager] Attempting to run remotely on: [Linux-64], [GoogleChrome], [http://localhost:4444/wd/hub], Headless Execution. @12-10-2021 01:59:41.0460 AM
[ReportManager] Successfully Opened [GoogleChrome]. @12-10-2021 01:59:41.0654 AM
[ReportManager] Target URL: [https://the-internet.herokuapp.com/] @12-10-2021 01:59:41.0665 AM
[ReportManager] Initial URL: [data:,] @12-10-2021 01:59:41.0709 AM
[ReportManager] Browser Action [NavigateToURL] successfully performed. With the following test data [https://the-internet.herokuapp.com/]. @12-10-2021 01:59:42.0049 A

################################################################################################################################################
Starting Execution:	[82 out of 143] test cases in the current suite
Test Method:		[testPackage01.Test_NewValidationHelper.f17]
################################################################################################################################################
[ReportManager] Attempting to getAttribute [text2] from elementLocator [By.tagName: h1]. @12-10-2021 01:59:42.0056 AM
[ReportManager] Element Action [GetAttribute] successfully performed. @12-10-2021 01:59:42.0129 AM
[ReportManager] Loaded Shared OpenCV @12-10-2021 01:59:42.0262 AM
[ReportManager] Assertion [ValidateElementAttribute] PASSED. Expected [Value Should not be 'Welcome' for the 'text2' attribute, element locator 'By.tagName: h1'] and Actual [null]. Comparison Type [CONTAINS]. Validation Type [NEGATIVE]. @12-10-2021 01:59:42.0329 AM
[ReportManager] Successfully created attachment [Screenshot - 1634003982262_f17_ValidateElementAttribute_passed] @12-10-2021 01:59:42.0331 A
[ReportManager] Successfully Closed All Drivers. @12-10-2021 01:59:42.0404 A
[ReportManager] File Action [GetAbsolutePath] successfully performed. With the following test data [Relative Folder Path: "target/downloadedFiles/"]. @12-10-2021 01:59:42.0407 AM
[ReportManager] Attempting to run remotely on: [Linux-64], [GoogleChrome], [http://localhost:4444/wd/hub], Headless Execution. @12-10-2021 01:59:42.0407 AM
[ReportManager] Successfully Opened [GoogleChrome]. @12-10-2021 01:59:42.0590 AM
[ReportManager] Target URL: [https://the-internet.herokuapp.com/] @12-10-2021 01:59:42.0605 AM
[ReportManager] Initial URL: [data:,] @12-10-2021 01:59:42.0652 AM
[ReportManager] Browser Action [NavigateToURL] successfully performed. With the following test data [https://the-internet.herokuapp.com/]. @12-10-2021 01:59:43.0002 A

################################################################################################################################################
Starting Execution:	[83 out of 143] test cases in the current suite
Test Method:		[testPackage01.Test_NewValidationHelper.f18]
################################################################################################################################################
[ReportManager] Element Action [GetText] successfully performed. With the following test data [Welcome to the-internet]. @12-10-2021 01:59:43.0088 AM
[ReportManager] Loaded Shared OpenCV @12-10-2021 01:59:43.0229 AM
[ReportManager] Assertion [ValidateElementAttribute] PASSED. Expected [Value Should not be 'no' for the 'text' attribute, element locator 'By.tagName: h1'] and Actual [Welcome to the-internet]. Comparison Type [CONTAINS]. Validation Type [NEGATIVE]. @12-10-2021 01:59:43.0314 AM
[ReportManager] Successfully created attachment [Screenshot - 1634003983229_f18_ValidateElementAttribute_passed] @12-10-2021 01:59:43.0316 A
[ReportManager] Successfully Closed All Drivers. @12-10-2021 01:59:43.0455 A

################################################################################################################################################
Starting Execution:	[84 out of 143] test cases in the current suite
Test Method:		[testPackage01.Test_NewValidationHelper.f2]
################################################################################################################################################
[ReportManager] Assertion Failed: Checking valid user data @12-10-2021 01:59:43.0462 AM
[ReportManager] Assertion [ValidateEquals] FAILED. Expected [1] and Actual [2]. Comparison Type [EQUALS]. Validation Type [POSITIVE]. @12-10-2021 01:59:43.0462 A
[ReportManager] File Action [GetAbsolutePath] successfully performed. With the following test data [Relative Folder Path: "target/downloadedFiles/"]. @12-10-2021 01:59:43.0467 AM
[ReportManager] Attempting to run remotely on: [Linux-64], [GoogleChrome], [http://localhost:4444/wd/hub], Headless Execution. @12-10-2021 01:59:43.0467 AM
[ReportManager] Successfully Opened [GoogleChrome]. @12-10-2021 01:59:43.0659 AM
[ReportManager] Target URL: [https://the-internet.herokuapp.com/] @12-10-2021 01:59:43.0674 AM
[ReportManager] Initial URL: [data:,] @12-10-2021 01:59:43.0720 AM
[ReportManager] Browser Action [NavigateToURL] successfully performed. With the following test data [https://the-internet.herokuapp.com/]. @12-10-2021 01:59:44.0084 A

################################################################################################################################################
Starting Execution:	[85 out of 143] test cases in the current suite
Test Method:		[testPackage01.Test_NewValidationHelper.f20]
################################################################################################################################################
[ReportManager] Element Action [GetSize] successfully performed. With the following test data [(755, 61)]. @12-10-2021 01:59:44.0177 AM
[ReportManager] Loaded Shared OpenCV @12-10-2021 01:59:44.0315 AM
[ReportManager] Assertion [ValidateElementAttribute] PASSED. Expected [Value Should not be 'a' for the 'size' attribute, element locator 'By.tagName: h1'] and Actual [(755, 61)]. Comparison Type [CONTAINS]. Validation Type [NEGATIVE]. @12-10-2021 01:59:44.0390 AM
[ReportManager] Successfully created attachment [Screenshot - 1634003984315_f20_ValidateElementAttribute_passed] @12-10-2021 01:59:44.0391 A
[ReportManager] Successfully Closed All Drivers. @12-10-2021 01:59:44.0466 A
[ReportManager] File Action [GetAbsolutePath] successfully performed. With the following test data [Relative Folder Path: "target/downloadedFiles/"]. @12-10-2021 01:59:44.0469 AM
[ReportManager] Attempting to run remotely on: [Linux-64], [GoogleChrome], [http://localhost:4444/wd/hub], Headless Execution. @12-10-2021 01:59:44.0469 AM
[ReportManager] Successfully Opened [GoogleChrome]. @12-10-2021 01:59:44.0676 AM
[ReportManager] Target URL: [https://the-internet.herokuapp.com/] @12-10-2021 01:59:44.0687 AM
[ReportManager] Initial URL: [data:,] @12-10-2021 01:59:44.0736 AM
[ReportManager] Browser Action [NavigateToURL] successfully performed. With the following test data [https://the-internet.herokuapp.com/]. @12-10-2021 01:59:45.0081 A

################################################################################################################################################
Starting Execution:	[86 out of 143] test cases in the current suite
Test Method:		[testPackage01.Test_NewValidationHelper.f21]
################################################################################################################################################
[ReportManager] Element Action [IdentifyUniqueElement] failed. With the following test data [zero elements found matching this locator "By.tagName: h3".]. @12-10-2021 02:00:10.0649 AM
[ReportManager] Successfully created attachment [Screenshot - 1634004010585_f21_IdentifyUniqueElement_failed] @12-10-2021 02:00:10.0650 AM
[ReportManager] Assertion [ValidateElementAttribute] FAILED. Expected [Value Should be 'Welcome' for the 'text' attribute, element locator 'By.tagName: h3'] and Actual [Failed to read the desired element attribute]. Comparison Type [CONTAINS]. Validation Type [POSITIVE]. @12-10-2021 02:00:10.0651 A
[ReportManager] Successfully Closed All Drivers. @12-10-2021 02:00:10.0730 A
[ReportManager] File Action [GetAbsolutePath] successfully performed. With the following test data [Relative Folder Path: "target/downloadedFiles/"]. @12-10-2021 02:00:10.0734 AM
[ReportManager] Attempting to run remotely on: [Linux-64], [GoogleChrome], [http://localhost:4444/wd/hub], Headless Execution. @12-10-2021 02:00:10.0735 AM
[ReportManager] Successfully Opened [GoogleChrome]. @12-10-2021 02:00:10.0933 AM
[ReportManager] Target URL: [https://the-internet.herokuapp.com/] @12-10-2021 02:00:10.0951 AM
[ReportManager] Initial URL: [data:,] @12-10-2021 02:00:10.0998 AM
[ReportManager] Browser Action [NavigateToURL] successfully performed. With the following test data [https://the-internet.herokuapp.com/]. @12-10-2021 02:00:11.0387 A

################################################################################################################################################
Starting Execution:	[87 out of 143] test cases in the current suite
Test Method:		[testPackage01.Test_NewValidationHelper.f22]
################################################################################################################################################
[ReportManager] Element Action [GetText] successfully performed. With the following test data [Welcome to the-internet]. @12-10-2021 02:00:11.0500 AM
[ReportManager] Loaded Shared OpenCV @12-10-2021 02:00:11.0647 AM
[ReportManager] Assertion [ValidateElementAttribute] FAILED. Expected [Value Should be 'yyy' for the 'text' attribute, element locator 'By.tagName: h1'] and Actual [Welcome to the-internet]. Comparison Type [CONTAINS]. Validation Type [POSITIVE]. @12-10-2021 02:00:11.0721 AM
[ReportManager] Successfully created attachment [Screenshot - 1634004011647_f22_ValidateElementAttribute_failed] @12-10-2021 02:00:11.0722 A
[ReportManager] Successfully Closed All Drivers. @12-10-2021 02:00:11.0797 A

################################################################################################################################################
Starting Execution:	[88 out of 143] test cases in the current suite
Test Method:		[testPackage01.Test_NewValidationHelper.f23]
################################################################################################################################################
[ReportManager] Assertion Passed: confirming that the actual is greater than or equal to the expected @12-10-2021 02:00:11.0804 AM
[ReportManager] Assertion [ValidateComparativeRelation] PASSED. Expected [1] and Actual [1]. Comparison Type [GREATER_THAN_OR_EQUALS]. Validation Type [POSITIVE]. @12-10-2021 02:00:11.0804 A

################################################################################################################################################
Starting Execution:	[89 out of 143] test cases in the current suite
Test Method:		[testPackage01.Test_NewValidationHelper.f24]
################################################################################################################################################
[ReportManager] Assertion [ValidateComparativeRelation] PASSED. Expected [1] and Actual [10]. Comparison Type [GREATER_THAN_OR_EQUALS]. Validation Type [POSITIVE]. @12-10-2021 02:00:11.0810 A

################################################################################################################################################
Starting Execution:	[90 out of 143] test cases in the current suite
Test Method:		[testPackage01.Test_NewValidationHelper.f25]
################################################################################################################################################
[ReportManager] Assertion [ValidateComparativeRelation] PASSED. Expected [1] and Actual [1]. Comparison Type [EQUALS]. Validation Type [POSITIVE]. @12-10-2021 02:00:11.0815 A

################################################################################################################################################
Starting Execution:	[91 out of 143] test cases in the current suite
Test Method:		[testPackage01.Test_NewValidationHelper.f26]
################################################################################################################################################
[ReportManager] Assertion [ValidateComparativeRelation] PASSED. Expected [1] and Actual [5]. Comparison Type [GREATER_THAN]. Validation Type [POSITIVE]. @12-10-2021 02:00:11.0820 A

################################################################################################################################################
Starting Execution:	[92 out of 143] test cases in the current suite
Test Method:		[testPackage01.Test_NewValidationHelper.f27]
################################################################################################################################################
[ReportManager] Assertion [ValidateComparativeRelation] PASSED. Expected [11] and Actual [5]. Comparison Type [LESS_THAN]. Validation Type [POSITIVE]. @12-10-2021 02:00:11.0824 A

################################################################################################################################################
Starting Execution:	[93 out of 143] test cases in the current suite
Test Method:		[testPackage01.Test_NewValidationHelper.f28]
################################################################################################################################################
[ReportManager] Assertion [ValidateComparativeRelation] PASSED. Expected [11] and Actual [5]. Comparison Type [LESS_THAN_OR_EQUALS]. Validation Type [POSITIVE]. @12-10-2021 02:00:11.0828 A

################################################################################################################################################
Starting Execution:	[94 out of 143] test cases in the current suite
Test Method:		[testPackage01.Test_NewValidationHelper.f29]
################################################################################################################################################
[ReportManager] Assertion [ValidateComparativeRelation] PASSED. Expected [11] and Actual [11]. Comparison Type [LESS_THAN_OR_EQUALS]. Validation Type [POSITIVE]. @12-10-2021 02:00:11.0832 A

################################################################################################################################################
Starting Execution:	[95 out of 143] test cases in the current suite
Test Method:		[testPackage01.Test_NewValidationHelper.f3]
################################################################################################################################################
[ReportManager] Assertion [ValidateEquals] PASSED. Expected [1] and Actual [2]. Comparison Type [EQUALS]. Validation Type [NEGATIVE]. @12-10-2021 02:00:11.0835 A

################################################################################################################################################
Starting Execution:	[96 out of 143] test cases in the current suite
Test Method:		[testPackage01.Test_NewValidationHelper.f30]
################################################################################################################################################
[ReportManager] Assertion [ValidateComparativeRelation] FAILED. Expected [-9] and Actual [11]. Comparison Type [LESS_THAN_OR_EQUALS]. Validation Type [POSITIVE]. @12-10-2021 02:00:11.0843 A

################################################################################################################################################
Starting Execution:	[97 out of 143] test cases in the current suite
Test Method:		[testPackage01.Test_NewValidationHelper.f31]
################################################################################################################################################
[ReportManager] Assertion [ValidateTrue] PASSED. Expected [TRUE] and Actual [TRUE]. Validation Type [POSITIVE]. @12-10-2021 02:00:11.0846 A

################################################################################################################################################
Starting Execution:	[98 out of 143] test cases in the current suite
Test Method:		[testPackage01.Test_NewValidationHelper.f32]
################################################################################################################################################
[ReportManager] Assertion [ValidateTrue] PASSED. Expected [FALSE] and Actual [FALSE]. Validation Type [NEGATIVE]. @12-10-2021 02:00:11.0848 A

################################################################################################################################################
Starting Execution:	[99 out of 143] test cases in the current suite
Test Method:		[testPackage01.Test_NewValidationHelper.f33]
################################################################################################################################################
[ReportManager] Assertion [ValidateTrue] FAILED. Expected [FALSE] and Actual [TRUE]. Validation Type [NEGATIVE]. @12-10-2021 02:00:11.0851 A

################################################################################################################################################
Starting Execution:	[100 out of 143] test cases in the current suite
Test Method:		[testPackage01.Test_NewValidationHelper.f34]
################################################################################################################################################
[ReportManager] Assertion [ValidateTrue] FAILED. Expected [TRUE] and Actual [FALSE]. Validation Type [POSITIVE]. @12-10-2021 02:00:11.0854 A

################################################################################################################################################
Starting Execution:	[101 out of 143] test cases in the current suite
Test Method:		[testPackage01.Test_NewValidationHelper.f35]
################################################################################################################################################
[ReportManager] File Action [DoesFileExist] successfully performed. With the following test data [File Path: "pom.xml"]. @12-10-2021 02:00:11.0856 AM
[ReportManager] Assertion [ValidateFileExists] PASSED. Expected [File 'pom.xml' should exist, after up to '1' retries] and Actual [File exists]. Validation Type [POSITIVE]. @12-10-2021 02:00:11.0856 A

################################################################################################################################################
Starting Execution:	[102 out of 143] test cases in the current suite
Test Method:		[testPackage01.Test_NewValidationHelper.f36]
################################################################################################################################################
[ReportManager] File Action [DoesFileExist] successfully performed. With the following test data [File Path: "src/test/java/testPackage01/Test_NewValidationHelper.java"]. @12-10-2021 02:00:11.0858 AM
[ReportManager] Assertion [ValidateFileExists] PASSED. Expected [File 'src/test/java/testPackage01/Test_NewValidationHelper.java' should exist, after up to '1' retries] and Actual [File exists]. Validation Type [POSITIVE]. @12-10-2021 02:00:11.0858 A

################################################################################################################################################
Starting Execution:	[103 out of 143] test cases in the current suite
Test Method:		[testPackage01.Test_NewValidationHelper.f37]
################################################################################################################################################
[ReportManager] File Action [DoesFileExist] successfully performed. With the following test data [File Path: "pom.xml"]. @12-10-2021 02:00:11.0859 AM
[ReportManager] Assertion Failed: confirming that the file does't exist after 5 retries @12-10-2021 02:00:11.0860 AM
[ReportManager] Assertion [ValidateFileExists] FAILED. Expected [File 'pom.xml' should not exist, after up to '5' retries] and Actual [File exists]. Validation Type [NEGATIVE]. @12-10-2021 02:00:11.0860 A

################################################################################################################################################
Starting Execution:	[104 out of 143] test cases in the current suite
Test Method:		[testPackage01.Test_NewValidationHelper.f3_1]
################################################################################################################################################
[ReportManager] Assertion Passed: Checking valid user data @12-10-2021 02:00:11.0866 AM
[ReportManager] Assertion [ValidateEquals] PASSED. Expected [null] and Actual [null]. Comparison Type [EQUALS]. Validation Type [POSITIVE]. @12-10-2021 02:00:11.0866 A

################################################################################################################################################
Starting Execution:	[105 out of 143] test cases in the current suite
Test Method:		[testPackage01.Test_NewValidationHelper.f4]
################################################################################################################################################
[ReportManager] Assertion [ValidateEquals] PASSED. Expected [1] and Actual [123]. Comparison Type [CONTAINS]. Validation Type [POSITIVE]. @12-10-2021 02:00:11.0868 A

################################################################################################################################################
Starting Execution:	[106 out of 143] test cases in the current suite
Test Method:		[testPackage01.Test_NewValidationHelper.f5]
################################################################################################################################################
[ReportManager] Assertion [ValidateNull] PASSED. Expected [NULL] and Actual [1]. Comparison Type [EQUALS]. Validation Type [NEGATIVE]. @12-10-2021 02:00:11.0876 A

################################################################################################################################################
Starting Execution:	[107 out of 143] test cases in the current suite
Test Method:		[testPackage01.Test_NewValidationHelper.f6]
################################################################################################################################################
[ReportManager] Assertion Failed: Making sure that null string is not equal to null object @12-10-2021 02:00:11.0879 AM
[ReportManager] Assertion [ValidateNull] FAILED. Expected [NULL] and Actual [NULL]. Comparison Type [EQUALS]. Validation Type [POSITIVE]. @12-10-2021 02:00:11.0879 A

################################################################################################################################################
Starting Execution:	[108 out of 143] test cases in the current suite
Test Method:		[testPackage01.Test_NewValidationHelper.f6_1]
################################################################################################################################################
[ReportManager] Assertion [ValidateNull] FAILED. Expected [NULL] and Actual [NULL]. Comparison Type [EQUALS]. Validation Type [NEGATIVE]. @12-10-2021 02:00:11.0881 A

################################################################################################################################################
Starting Execution:	[109 out of 143] test cases in the current suite
Test Method:		[testPackage01.Test_NewValidationHelper.f6_2]
################################################################################################################################################
[ReportManager] Assertion Failed: Making sure that null string is not equal to null object @12-10-2021 02:00:11.0883 AM
[ReportManager] Assertion [ValidateNull] FAILED. Expected [NULL] and Actual [not null]. Comparison Type [EQUALS]. Validation Type [POSITIVE]. @12-10-2021 02:00:11.0883 A

################################################################################################################################################
Starting Execution:	[110 out of 143] test cases in the current suite
Test Method:		[testPackage01.Test_NewValidationHelper.f7]
################################################################################################################################################
[ReportManager] Assertion [ValidateNull] PASSED. Expected [NULL] and Actual [NULL]. Comparison Type [EQUALS]. Validation Type [POSITIVE]. @12-10-2021 02:00:11.0896 A
[ReportManager] File Action [GetAbsolutePath] successfully performed. With the following test data [Relative Folder Path: "target/downloadedFiles/"]. @12-10-2021 02:00:11.0898 AM
[ReportManager] Attempting to run remotely on: [Linux-64], [GoogleChrome], [http://localhost:4444/wd/hub], Headless Execution. @12-10-2021 02:00:11.0898 AM
[ReportManager] Successfully Opened [GoogleChrome]. @12-10-2021 02:00:12.0088 AM
[ReportManager] Target URL: [https://the-internet.herokuapp.com/] @12-10-2021 02:00:12.0100 AM
[ReportManager] Initial URL: [data:,] @12-10-2021 02:00:12.0141 AM
[ReportManager] Browser Action [NavigateToURL] successfully performed. With the following test data [https://the-internet.herokuapp.com/]. @12-10-2021 02:00:12.0509 A

################################################################################################################################################
Starting Execution:	[111 out of 143] test cases in the current suite
Test Method:		[testPackage01.Test_NewValidationHelper.f8]
################################################################################################################################################
[ReportManager] Loaded Shared OpenCV @12-10-2021 02:00:12.0731 AM
[ReportManager] Assertion [ValidateElementExists] PASSED. Expected [Element Should Exist, locator 'By.tagName: h1'] and Actual [Element Exists]. Comparison Type [EQUALS]. Validation Type [POSITIVE]. @12-10-2021 02:00:12.0809 AM
[ReportManager] Successfully created attachment [Screenshot - 1634004012730_f8_ValidateElementExists_passed] @12-10-2021 02:00:12.0811 A
[ReportManager] Successfully Closed All Drivers. @12-10-2021 02:00:12.0901 A
[ReportManager] File Action [GetAbsolutePath] successfully performed. With the following test data [Relative Folder Path: "target/downloadedFiles/"]. @12-10-2021 02:00:12.0903 AM
[ReportManager] Attempting to run remotely on: [Linux-64], [GoogleChrome], [http://localhost:4444/wd/hub], Headless Execution. @12-10-2021 02:00:12.0903 AM
[ReportManager] Successfully Opened [GoogleChrome]. @12-10-2021 02:00:13.0125 AM
[ReportManager] Target URL: [https://the-internet.herokuapp.com/] @12-10-2021 02:00:13.0135 AM
[ReportManager] Initial URL: [data:,] @12-10-2021 02:00:13.0183 AM
[ReportManager] Browser Action [NavigateToURL] successfully performed. With the following test data [https://the-internet.herokuapp.com/]. @12-10-2021 02:00:13.0545 A

################################################################################################################################################
Starting Execution:	[112 out of 143] test cases in the current suite
Test Method:		[testPackage01.Test_NewValidationHelper.f9]
################################################################################################################################################
[ReportManager] Assertion [ValidateElementExists] FAILED. Expected [Element Should Exist, locator 'By.tagName: h3'] and Actual [Element Doesn't Exists]. Comparison Type [EQUALS]. Validation Type [POSITIVE]. @12-10-2021 02:00:44.0204 AM
[ReportManager] Successfully created attachment [Screenshot - 1634004044144_f9_ValidateElementExists_failed] @12-10-2021 02:00:44.0205 A
[ReportManager] Successfully Closed All Drivers. @12-10-2021 02:00:44.0294 A

################################################################################################################################################
Starting Execution:	[113 out of 143] test cases in the current suite
Test Method:		[testPackage01.Test_NewValidationHelper.forceFail]
################################################################################################################################################
[ReportManager] Assertion [ValidateFail] FAILED. Successfully force failed the test. @12-10-2021 02:00:44.0297 A

################################################################################################################################################
Starting Execution:	[114 out of 143] test cases in the current suite
Test Method:		[testPackage01.Test_NewValidationHelper.forceFail2]
################################################################################################################################################
[ReportManager] Assertion Failed: Custom Message @12-10-2021 02:00:44.0300 AM
[ReportManager] Assertion [ValidateFail] FAILED. Successfully force failed the test. @12-10-2021 02:00:44.0300 A

################################################################################################################################################
Starting Execution:	[115 out of 143] test cases in the current suite
Test Method:		[testPackage01.Test_sendGraphqlRequest.sendGraphqlRequestUsingMutationAndVariables]
################################################################################################################################################
[ReportManager] GraphQl Request is being Performed with the Following Parameters [Service URL: https://api.spacex.land/graphql | Request Body: {"variables":"{\"name\": \"sherlock holmes\",\"rocket\": \"221B Baker Street\"}","query":"mutation ($name: String, $rocket: String) {\n  insert_users(objects: {name: $name, rocket: $rocket}) {\n    returning {\n      name\n      rocket\n    }\n  }\n}"}] @12-10-2021 02:00:44.0322 AM
[ReportManager] Response status code: [200], status line: [HTTP/1.1 200 OK] @12-10-2021 02:00:44.0617 AM
[ReportManager] Assertion Passed: Evaluating the actual response status code against the expected one... @12-10-2021 02:00:44.0618 AM
[ReportManager] Assertion [ValidateEquals] PASSED. Expected [200] and Actual [200]. Comparison Type [EQUALS]. Validation Type [POSITIVE]. @12-10-2021 02:00:44.0618 AM
[ReportManager] API Action [PerformRequest] successfully performed. With the following test data [Request Type: "POST" | Target Status Code: "200" | Service URL: "https://api.spacex.land/graphql" | Content Type: "application/json" | Response Time: "189ms"]. @12-10-2021 02:00:44.0630 AM
[ReportManager] Successfully created attachment [API Request - Specifications] @12-10-2021 02:00:44.0630 AM
[ReportManager] Successfully created attachment [API Request - JSON Body] @12-10-2021 02:00:44.0630 AM
[ReportManager] Successfully created attachment [API Response - JSON Body] @12-10-2021 02:00:44.0631 AM
[ReportManager] API Action [GetResponseJSONValue] successfully performed. With the following test data [data.insert_users.returning[0].name]. @12-10-2021 02:00:44.0673 AM
[ReportManager] Assertion [ValidateEquals] PASSED. Expected [sherlock holmes] and Actual [sherlock holmes]. Comparison Type [EQUALS]. Validation Type [POSITIVE]. @12-10-2021 02:00:44.0673 A

################################################################################################################################################
Starting Execution:	[116 out of 143] test cases in the current suite
Test Method:		[testPackage01.Test_sendGraphqlRequest.sendGraphqlRequestUsingQuery]
################################################################################################################################################
[ReportManager] GraphQl Request is being Performed with the Following Parameters [Service URL: https://api.spacex.land/graphql | Request Body: {"query":"{company {ceo}}"}] @12-10-2021 02:00:44.0681 AM
[ReportManager] Response status code: [200], status line: [HTTP/1.1 200 OK] @12-10-2021 02:00:44.0759 AM
[ReportManager] Assertion Passed: Evaluating the actual response status code against the expected one... @12-10-2021 02:00:44.0759 AM
[ReportManager] Assertion [ValidateEquals] PASSED. Expected [200] and Actual [200]. Comparison Type [EQUALS]. Validation Type [POSITIVE]. @12-10-2021 02:00:44.0759 AM
[ReportManager] API Action [PerformRequest] successfully performed. With the following test data [Request Type: "POST" | Target Status Code: "200" | Service URL: "https://api.spacex.land/graphql" | Content Type: "application/json" | Response Time: "72ms"]. @12-10-2021 02:00:44.0771 AM
[ReportManager] Successfully created attachment [API Request - Specifications] @12-10-2021 02:00:44.0772 AM
[ReportManager] Successfully created attachment [API Request - JSON Body] @12-10-2021 02:00:44.0772 AM
[ReportManager] Successfully created attachment [API Response - JSON Body] @12-10-2021 02:00:44.0772 AM
[ReportManager] API Action [GetResponseJSONValue] successfully performed. With the following test data [data.company.ceo]. @12-10-2021 02:00:44.0782 AM
[ReportManager] Assertion [ValidateEquals] PASSED. Expected [Elon Musk] and Actual [Elon Musk]. Comparison Type [EQUALS]. Validation Type [POSITIVE]. @12-10-2021 02:00:44.0783 A
[ReportManager] Successfully loaded the following test data file [src/test/resources/TestDataFiles/testSuite01/TestData.xlsx]. @12-10-2021 02:00:44.0811 AM
[ReportManager] Successfully created attachment [Test Data - Excel] @12-10-2021 02:00:44.0812 AM
[ReportManager] File Action [GetAbsolutePath] successfully performed. With the following test data [Relative Folder Path: "target/downloadedFiles/"]. @12-10-2021 02:00:44.0812 AM
[ReportManager] Attempting to run remotely on: [Linux-64], [GoogleChrome], [http://localhost:4444/wd/hub], Headless Execution. @12-10-2021 02:00:44.0812 AM
[ReportManager] Successfully Opened [GoogleChrome]. @12-10-2021 02:00:45.0071 A

################################################################################################################################################
Starting Execution:	[117 out of 143] test cases in the current suite
Test Method:		[testPackage01.Test_google.navigateToURLandVerifyGoogleLogoIsDisplayed]
Test Description:	[TC001 - Navigate to URL and Verify Google Logo is Displayed]
################################################################################################################################################
[ReportManager] Target URL: [https://www.google.com/ncr], and after redirection: [https://www.google.com] @12-10-2021 02:00:45.0088 AM
[ReportManager] Initial URL: [data:,] @12-10-2021 02:00:45.0134 AM
[ReportManager] Browser Action [NavigateToURL] successfully performed. With the following test data [https://www.google.com/ncr]. @12-10-2021 02:00:45.0894 AM
[ReportManager] Loaded Shared OpenCV @12-10-2021 02:00:46.0068 AM
[ReportManager] Assertion [ValidateElementExists] PASSED. Expected [Element Should Exist, locator 'By.xpath: //*[@id='hplogo' or @alt='Google']'] and Actual [Element Exists]. Comparison Type [EQUALS]. Validation Type [POSITIVE]. @12-10-2021 02:00:46.0139 AM
[ReportManager] Successfully created attachment [Screenshot - 1634004046068_navigateToURLandVerifyGoogleLogoIsDisplayed_ValidateElementExists_passed] @12-10-2021 02:00:46.0141 A

################################################################################################################################################
Starting Execution:	[118 out of 143] test cases in the current suite
Test Method:		[testPackage01.Test_google.searchForQueryandAssertResultsNumDisplayed]
Test Description:	[TC002 - Search for Query and Assert that the number of results is displayed]
################################################################################################################################################
[ReportManager] Element Action [Type] successfully performed. With the following test data [SHAFT_Engine]. @12-10-2021 02:00:46.0529 AM
[ReportManager] Element Action [KeyPress] successfully performed. With the following test data [Enter]. @12-10-2021 02:00:47.0823 AM
[ReportManager] Element Action [GetText] successfully performed. With the following test data [About 1,010,000 results (0.61 seconds) ]. @12-10-2021 02:00:47.0899 AM
[ReportManager] Loaded Shared OpenCV @12-10-2021 02:00:48.0040 AM
[ReportManager] Assertion [ValidateElementAttribute] PASSED. Expected [Value Should not be '' for the 'Text' attribute, element locator 'By.id: appbar'] and Actual [About 1,010,000 results (0.61 seconds) ]. Comparison Type [EQUALS]. Validation Type [NEGATIVE]. @12-10-2021 02:00:48.0122 AM
[ReportManager] Successfully created attachment [Screenshot - 1634004048040_searchForQueryandAssertResultsNumDisplayed_ValidateElementAttribute_passed] @12-10-2021 02:00:48.0123 A

################################################################################################################################################
Starting Execution:	[119 out of 143] test cases in the current suite
Test Method:		[testPackage01.Test_google.clickNextThrice]
Test Description:	[TC003 - Clicks the next button to make sure that the framework can scroll element into view before clicking it]
################################################################################################################################################
[ReportManager] Element Action [Click] successfully performed. With the following test data [Next]. @12-10-2021 02:00:49.0383 A
[ReportManager] Browser Action [CloseCurrentWindow] successfully performed. @12-10-2021 02:00:49.0654 AM
[ReportManager] Successfully created attachment [Browser Action Test Data - CloseCurrentWindow - Actual Value] @12-10-2021 02:00:49.0656 A
[ReportManager] File Action [GetAbsolutePath] successfully performed. With the following test data [Relative Folder Path: "target/downloadedFiles/"]. @12-10-2021 02:00:49.0657 AM
[ReportManager] Attempting to run remotely on: [Linux-64], [GoogleChrome], [http://localhost:4444/wd/hub], Headless Execution. @12-10-2021 02:00:49.0657 AM
[ReportManager] Successfully Opened [GoogleChrome]. @12-10-2021 02:00:49.0873 A

################################################################################################################################################
Starting Execution:	[120 out of 143] test cases in the current suite
Test Method:		[testPackage01.Test_ShadowDOM.shadowdom]
################################################################################################################################################
[ReportManager] Target URL: [https://mdn.github.io/web-components-examples/popup-info-box-web-component/] @12-10-2021 02:00:49.0887 AM
[ReportManager] Initial URL: [data:,] @12-10-2021 02:00:49.0928 AM
[ReportManager] Browser Action [NavigateToURL] successfully performed. With the following test data [https://mdn.github.io/web-components-examples/popup-info-box-web-component/]. @12-10-2021 02:00:50.0130 AM
[ReportManager] Element Action [Type] successfully performed. With the following test data [Typing into SHADOW DOM...]. @12-10-2021 02:00:50.0374 AM
[ReportManager] Element Action [GetText] successfully performed. With the following test data [Typing into SHADOW DOM...]. @12-10-2021 02:00:50.0457 AM
[ReportManager] Loaded Shared OpenCV @12-10-2021 02:00:50.0559 AM
[ReportManager] Assertion [ValidateElementAttribute] PASSED. Expected [Value Should be 'Typing into SHADOW DOM...' for the 'Text' attribute, element locator 'By.id: cvc'] and Actual [Typing into SHADOW DOM...]. Comparison Type [EQUALS]. Validation Type [POSITIVE]. @12-10-2021 02:00:50.0622 AM
[ReportManager] Successfully created attachment [Screenshot - 1634004050559_shadowdom_ValidateElementAttribute_passed] @12-10-2021 02:00:50.0622 A
[ReportManager] Browser Action [CloseCurrentWindow] successfully performed. @12-10-2021 02:00:50.0708 AM
[ReportManager] Successfully created attachment [Browser Action Test Data - CloseCurrentWindow - Actual Value] @12-10-2021 02:00:50.0708 A

################################################################################################################################################
Starting Execution:	[121 out of 143] test cases in the current suite
Test Method:		[testPackage01.Test_AssertApiResponseEquals.assertApiResponseEquals_expectedToPass]
################################################################################################################################################
[ReportManager] Response status code: [200], status line: [HTTP/1.1 200 OK] @12-10-2021 02:00:50.0776 AM
[ReportManager] Assertion Passed: Evaluating the actual response status code against the expected one... @12-10-2021 02:00:50.0776 AM
[ReportManager] Assertion [ValidateEquals] PASSED. Expected [200] and Actual [200]. Comparison Type [EQUALS]. Validation Type [POSITIVE]. @12-10-2021 02:00:50.0776 AM
[ReportManager] API Action [PerformRequest] successfully performed. With the following test data [Request Type: "GET" | Target Status Code: "200" | Service URL: "https://jsonplaceholder.typicode.com/users" | Content Type: "*/*" | Response Time: "56ms"]. @12-10-2021 02:00:50.0792 AM
[ReportManager] Successfully created attachment [API Request - Specifications] @12-10-2021 02:00:50.0792 AM
[ReportManager] Successfully created attachment [API Response - JSON Body] @12-10-2021 02:00:50.0793 AM
[ReportManager] API Action [GetResponseJSONValueAsList] successfully performed. With the following test data [$]. @12-10-2021 02:00:50.0796 AM
[ReportManager] API Action [GetResponseJSONValue] successfully performed. With the following test data [name]. @12-10-2021 02:00:50.0806 AM
[ReportManager] API Action [GetResponseJSONValue] successfully performed. With the following test data [email]. @12-10-2021 02:00:50.0816 AM
[ReportManager] Verification [ValidateEquals] PASSED. Expected [Sincere@april.biz] and Actual [Sincere@april.biz]. Comparison Type [EQUALS]. Validation Type [POSITIVE]. @12-10-2021 02:00:50.0816 AM
[ReportManager] API Action [GetResponseJSONValue] successfully performed. With the following test data [username]. @12-10-2021 02:00:50.0830 AM
[ReportManager] Assertion [ValidateEquals] PASSED. Expected [Bret] and Actual [Bret]. Comparison Type [EQUALS]. Validation Type [POSITIVE]. @12-10-2021 02:00:50.0830 AM
[ReportManager] API Action [GetResponseJSONValue] successfully performed. With the following test data [name]. @12-10-2021 02:00:50.0846 AM
[ReportManager] API Action [GetResponseJSONValue] successfully performed. With the following test data [name]. @12-10-2021 02:00:50.0856 AM
[ReportManager] API Action [GetResponseJSONValue] successfully performed. With the following test data [name]. @12-10-2021 02:00:50.0866 AM
[ReportManager] API Action [GetResponseJSONValue] successfully performed. With the following test data [name]. @12-10-2021 02:00:50.0890 AM
[ReportManager] API Action [GetResponseJSONValue] successfully performed. With the following test data [name]. @12-10-2021 02:00:50.0898 AM
[ReportManager] API Action [GetResponseJSONValue] successfully performed. With the following test data [name]. @12-10-2021 02:00:50.0918 AM
[ReportManager] API Action [GetResponseJSONValue] successfully performed. With the following test data [name]. @12-10-2021 02:00:50.0925 AM
[ReportManager] API Action [GetResponseJSONValue] successfully performed. With the following test data [name]. @12-10-2021 02:00:50.0932 AM
[ReportManager] API Action [GetResponseJSONValue] successfully performed. With the following test data [name]. @12-10-2021 02:00:50.0939 A
[ReportManager] File Action [GetAbsolutePath] successfully performed. With the following test data [Relative Folder Path: "target/downloadedFiles/"]. @12-10-2021 02:00:50.0948 AM
[ReportManager] Attempting to run remotely on: [Linux-64], [GoogleChrome], [http://localhost:4444/wd/hub], Headless Execution. @12-10-2021 02:00:50.0948 AM
[ReportManager] Successfully Opened [GoogleChrome]. @12-10-2021 02:00:51.0258 A

################################################################################################################################################
Starting Execution:	[122 out of 143] test cases in the current suite
Test Method:		[testPackage01.Test_IsElementClickable.testIsElementClickable]
################################################################################################################################################
[ReportManager] Target URL: [https://the-internet.herokuapp.com/] @12-10-2021 02:00:51.0306 AM
[ReportManager] Initial URL: [data:,] @12-10-2021 02:00:51.0361 AM
[ReportManager] Browser Action [NavigateToURL] successfully performed. With the following test data [https://the-internet.herokuapp.com/]. @12-10-2021 02:00:51.0721 AM
[ReportManager] Element Action [IsElementClickable] successfully performed. @12-10-2021 02:00:51.0861 AM
[ReportManager] Assertion [ValidateTrue] PASSED. Expected [TRUE] and Actual [TRUE]. Validation Type [POSITIVE]. @12-10-2021 02:00:51.0861 A
[ReportManager] Browser Action [CloseCurrentWindow] successfully performed. @12-10-2021 02:00:51.0966 AM
[ReportManager] Successfully created attachment [Browser Action Test Data - CloseCurrentWindow - Actual Value] @12-10-2021 02:00:51.0966 A

################################################################################################################################################
Starting Execution:	[123 out of 143] test cases in the current suite
Test Method:		[testPackage01.Test_JsonCompareWithSpecialCharacters.specialCharacters]
################################################################################################################################################
[ReportManager] File Action [GetAbsolutePath] successfully performed. With the following test data [Relative Folder Path: "src/test/resources/TestJsonFiles/specialCharacters.json"]. @12-10-2021 02:00:51.0975 AM
[ReportManager] File Action [ReadFromFile] successfully performed. With the following test data [File Path: "/home/runner/work/SHAFT_ENGINE/SHAFT_ENGINE/src/test/resources/TestJsonFiles/specialCharacters.json"]. @12-10-2021 02:00:51.0983 AM
[ReportManager] Successfully created attachment [File Action Actual Result - Command Log] @12-10-2021 02:00:51.0983 AM
[ReportManager] Comparing the provided API response with the file at this path "src/test/resources/TestJsonFiles/specialCharacters.json", comparison type "EQUALS" @12-10-2021 02:00:51.0984 AM
[ReportManager] API Action [CompareJSON] successfully performed. With the following test data [src/test/resources/TestJsonFiles/specialCharacters.json]. @12-10-2021 02:00:51.0993 AM
[ReportManager] File Action [GetAbsolutePath] successfully performed. With the following test data [Relative Folder Path: "src/test/resources/TestJsonFiles/specialCharacters.json"]. @12-10-2021 02:00:51.0993 AM
[ReportManager] File Action [ReadFromFile] successfully performed. With the following test data [File Path: "/home/runner/work/SHAFT_ENGINE/SHAFT_ENGINE/src/test/resources/TestJsonFiles/specialCharacters.json"]. @12-10-2021 02:00:51.0994 AM
[ReportManager] Verification [ValidateJSONFileContent] PASSED. Expected [Response data should match the JSON File in this path 'src/test/resources/TestJsonFiles/specialCharacters.json'] and Actual [TRUE]. Comparison Type [EQUALS]. Validation Type [POSITIVE]. @12-10-2021 02:00:52.0001 AM
[ReportManager] Successfully created attachment [Validation Test Data - Expected JSON Value] @12-10-2021 02:00:52.0002 AM
[ReportManager] Successfully created attachment [Validation Test Data - Actual JSON Value] @12-10-2021 02:00:52.0002 A

################################################################################################################################################
Starting Execution:	[124 out of 143] test cases in the current suite
Test Method:		[testPackage01.Test_JsonCompareWithSpecialCharacters.specialCharacters_assertion]
################################################################################################################################################
[ReportManager] File Action [GetAbsolutePath] successfully performed. With the following test data [Relative Folder Path: "src/test/resources/TestJsonFiles/specialCharacters.json"]. @12-10-2021 02:00:52.0010 AM
[ReportManager] File Action [ReadFromFile] successfully performed. With the following test data [File Path: "/home/runner/work/SHAFT_ENGINE/SHAFT_ENGINE/src/test/resources/TestJsonFiles/specialCharacters.json"]. @12-10-2021 02:00:52.0011 AM
[ReportManager] Successfully created attachment [File Action Actual Result - Command Log] @12-10-2021 02:00:52.0011 AM
[ReportManager] Comparing the provided API response with the file at this path "src/test/resources/TestJsonFiles/specialCharacters.json", comparison type "CONTAINS" @12-10-2021 02:00:52.0011 AM
[ReportManager] API Action [CompareJSON] successfully performed. With the following test data [src/test/resources/TestJsonFiles/specialCharacters.json]. @12-10-2021 02:00:52.0038 AM
[ReportManager] File Action [GetAbsolutePath] successfully performed. With the following test data [Relative Folder Path: "src/test/resources/TestJsonFiles/specialCharacters.json"]. @12-10-2021 02:00:52.0038 AM
[ReportManager] File Action [ReadFromFile] successfully performed. With the following test data [File Path: "/home/runner/work/SHAFT_ENGINE/SHAFT_ENGINE/src/test/resources/TestJsonFiles/specialCharacters.json"]. @12-10-2021 02:00:52.0038 AM
[ReportManager] Assertion Passed: trying out the log message @12-10-2021 02:00:52.0045 AM
[ReportManager] Successfully created attachment [Validation Test Data - Expected JSON Value] @12-10-2021 02:00:52.0045 AM
[ReportManager] Successfully created attachment [Validation Test Data - Actual JSON Value] @12-10-2021 02:00:52.0046 AM
[ReportManager] Assertion [ValidateJSONFileContent] PASSED. Expected [Response data should match the JSON File in this path 'src/test/resources/TestJsonFiles/specialCharacters.json'] and Actual [TRUE]. Comparison Type [CONTAINS]. Validation Type [POSITIVE]. @12-10-2021 02:00:52.0046 A
[ReportManager] File Action [GetAbsolutePath] successfully performed. With the following test data [Relative Folder Path: "target/downloadedFiles/"]. @12-10-2021 02:00:52.0052 AM
[ReportManager] Attempting to run remotely on: [Linux-64], [GoogleChrome], [http://localhost:4444/wd/hub], Headless Execution. @12-10-2021 02:00:52.0052 AM
[ReportManager] Successfully Opened [GoogleChrome]. @12-10-2021 02:00:52.0270 A

################################################################################################################################################
Starting Execution:	[125 out of 143] test cases in the current suite
Test Method:		[testPackage01.Test_assertEquals.test_assertElementAttribute]
################################################################################################################################################
[ReportManager] Target URL: [https://www.google.com/ncr], and after redirection: [https://www.google.com] @12-10-2021 02:00:52.0285 AM
[ReportManager] Initial URL: [data:,] @12-10-2021 02:00:52.0326 AM
[ReportManager] Browser Action [NavigateToURL] successfully performed. With the following test data [https://www.google.com/ncr]. @12-10-2021 02:00:53.0110 AM
[ReportManager] Element Action [Type] successfully performed. With the following test data [INC_004010050:Another SCHEDULER with the same name [Duplicate Job Name] already exists.]. @12-10-2021 02:00:53.0819 AM
[ReportManager] Element Action [GetText] successfully performed. With the following test data [INC_004010050:Another SCHEDULER with the same name [Duplicate Job Name] already exists.]. @12-10-2021 02:00:53.0899 AM
[ReportManager] Loaded Shared OpenCV @12-10-2021 02:00:54.0038 AM
[ReportManager] Assertion [ValidateElementAttribute] PASSED. Expected [Value Should be 'INC_004010050:Another SCHEDULER with the same name \[Duplicate Job Name\] already exists.' for the 'text' attribute, element locator 'By.name: q'] and Actual [INC_004010050:Another SCHEDULER with the same name [Duplicate Job Name] already exists.]. Comparison Type [MATCHES]. Validation Type [POSITIVE]. @12-10-2021 02:00:54.0107 AM
[ReportManager] Successfully created attachment [Screenshot - 1634004054038_test_assertElementAttribute_ValidateElementAttribute_passed] @12-10-2021 02:00:54.0108 A
[ReportManager] Browser Action [CloseCurrentWindow] successfully performed. @12-10-2021 02:00:54.0227 AM
[ReportManager] Successfully created attachment [Browser Action Test Data - CloseCurrentWindow - Actual Value] @12-10-2021 02:00:54.0228 A
[ReportManager] File Action [GetAbsolutePath] successfully performed. With the following test data [Relative Folder Path: "target/downloadedFiles/"]. @12-10-2021 02:00:54.0230 AM
[ReportManager] Attempting to run remotely on: [Linux-64], [GoogleChrome], [http://localhost:4444/wd/hub], Headless Execution. @12-10-2021 02:00:54.0230 AM
[ReportManager] Successfully Opened [GoogleChrome]. @12-10-2021 02:00:54.0424 A

################################################################################################################################################
Starting Execution:	[126 out of 143] test cases in the current suite
Test Method:		[testPackage01.Test_verifyEquals.test_assertElementAttribute]
################################################################################################################################################
[ReportManager] Target URL: [https://www.google.com/ncr], and after redirection: [https://www.google.com] @12-10-2021 02:00:54.0439 AM
[ReportManager] Initial URL: [data:,] @12-10-2021 02:00:54.0477 AM
[ReportManager] Browser Action [NavigateToURL] successfully performed. With the following test data [https://www.google.com/ncr]. @12-10-2021 02:00:55.0206 AM
[ReportManager] Element Action [Type] successfully performed. With the following test data [INC_004010050:Another SCHEDULER with the same name [Duplicate Job Name] already exists.]. @12-10-2021 02:00:55.0831 AM
[ReportManager] Element Action [GetText] successfully performed. With the following test data [INC_004010050:Another SCHEDULER with the same name [Duplicate Job Name] already exists.]. @12-10-2021 02:00:55.0921 AM
[ReportManager] Loaded Shared OpenCV @12-10-2021 02:00:56.0052 AM
[ReportManager] Verification [ValidateElementAttribute] PASSED. Expected [Value Should be 'INC_004010050:Another SCHEDULER with the same name \[Duplicate Job Name\] already exists.' for the 'text' attribute, element locator 'By.name: q'] and Actual [INC_004010050:Another SCHEDULER with the same name [Duplicate Job Name] already exists.]. Comparison Type [MATCHES]. Validation Type [POSITIVE]. @12-10-2021 02:00:56.0129 AM
[ReportManager] Successfully created attachment [Screenshot - 1634004056052_test_assertElementAttribute_ValidateElementAttribute_passed] @12-10-2021 02:00:56.0130 A
[ReportManager] Browser Action [CloseCurrentWindow] successfully performed. @12-10-2021 02:00:56.0224 AM
[ReportManager] Successfully created attachment [Browser Action Test Data - CloseCurrentWindow - Actual Value] @12-10-2021 02:00:56.0226 A

################################################################################################################################################
Starting Execution:	[127 out of 143] test cases in the current suite
Test Method:		[testPackage01.Test_JsonActions.f]
###############################################################################################################################################

################################################################################################################################################
Starting Execution:	[128 out of 143] test cases in the current suite
Test Method:		[testPackage01.Test_JsonActions.f2]
###############################################################################################################################################

################################################################################################################################################
Starting Execution:	[129 out of 143] test cases in the current suite
Test Method:		[testPackage01.Test_PDF.testPDF_Downloaded]
################################################################################################################################################
[ReportManager] File Action [DoesFileExist] successfully performed. With the following test data [File Path: "src/test/resources/TestDataFiles/sample.pdf"]. @12-10-2021 02:00:56.0285 AM
[ReportManager] File Action [GetAbsolutePath] successfully performed. With the following test data [Relative File Path: "src/test/resources/TestDataFiles/sample.pdf"]. @12-10-2021 02:00:56.0285 AM
[ReportManager] Assertion [ValidateTrue] PASSED. Expected [TRUE] and Actual [TRUE]. Validation Type [POSITIVE]. @12-10-2021 02:00:56.0734 A
[ReportManager] File Action [GetAbsolutePath] successfully performed. With the following test data [Relative Folder Path: "target/downloadedFiles/"]. @12-10-2021 02:00:56.0743 AM
[ReportManager] Attempting to run remotely on: [Linux-64], [GoogleChrome], [http://localhost:4444/wd/hub], Headless Execution. @12-10-2021 02:00:56.0743 AM
[ReportManager] Successfully Opened [GoogleChrome]. @12-10-2021 02:00:56.0958 A

################################################################################################################################################
Starting Execution:	[130 out of 143] test cases in the current suite
Test Method:		[testPackage01.Test_dragAndDrop.dragAndDropJquery]
################################################################################################################################################
[ReportManager] Target URL: [https://jqueryui.com/resources/demos/droppable/default.html] @12-10-2021 02:00:56.0975 AM
[ReportManager] Initial URL: [data:,] @12-10-2021 02:00:57.0017 AM
[ReportManager] Browser Action [NavigateToURL] successfully performed. With the following test data [https://jqueryui.com/resources/demos/droppable/default.html]. @12-10-2021 02:00:57.0380 AM
[ReportManager] Element Action [GetText] successfully performed. With the following test data [Drop here]. @12-10-2021 02:00:57.0466 AM
[ReportManager] Element Action [DragAndDrop] successfully performed. With the following test data [Start point: (8, 18), End point: (8, 18)]. @12-10-2021 02:00:58.0797 AM
[ReportManager] Element Action [GetText] successfully performed. With the following test data [Dropped!]. @12-10-2021 02:00:58.0861 AM
[ReportManager] Assertion Passed: Checking to see if the text has changed after performing drag and drop @12-10-2021 02:00:58.0862 AM
[ReportManager] Assertion [ValidateEquals] PASSED. Expected [Drop here] and Actual [Dropped!]. Comparison Type [EQUALS]. Validation Type [NEGATIVE]. @12-10-2021 02:00:58.0862 A
[ReportManager] Browser Action [CloseCurrentWindow] successfully performed. @12-10-2021 02:00:58.0975 AM
[ReportManager] Successfully created attachment [Browser Action Test Data - CloseCurrentWindow - Actual Value] @12-10-2021 02:00:58.0976 A
[ReportManager] File Action [GetAbsolutePath] successfully performed. With the following test data [Relative Folder Path: "target/downloadedFiles/"]. @12-10-2021 02:00:58.0983 AM
[ReportManager] Attempting to run remotely on: [Linux-64], [GoogleChrome], [http://localhost:4444/wd/hub], Headless Execution. @12-10-2021 02:00:58.0983 AM
[ReportManager] Successfully Opened [GoogleChrome]. @12-10-2021 02:00:59.0177 A

################################################################################################################################################
Starting Execution:	[131 out of 143] test cases in the current suite
Test Method:		[testPackage01.Test_dragAndDrop.dragAndDrop]
Test Description:	[TC001 - Test Drag and Drop function.]
################################################################################################################################################
[ReportManager] Target URL: [http://the-internet.herokuapp.com/drag_and_drop] @12-10-2021 02:00:59.0191 AM
[ReportManager] Initial URL: [data:,] @12-10-2021 02:00:59.0234 AM
[ReportManager] Browser Action [NavigateToURL] successfully performed. With the following test data [http://the-internet.herokuapp.com/drag_and_drop]. @12-10-2021 02:00:59.0554 AM
[ReportManager] Attempting Drag and Drop @12-10-2021 02:00:59.0554 AM
[ReportManager] Element Action [DragAndDrop] successfully performed. With the following test data [Start point: (32, 90), End point: (247, 90)]. @12-10-2021 02:01:00.0720 A
[ReportManager] Browser Action [CloseCurrentWindow] successfully performed. @12-10-2021 02:01:00.0818 AM
[ReportManager] Successfully created attachment [Browser Action Test Data - CloseCurrentWindow - Actual Value] @12-10-2021 02:01:00.0819 A
[ReportManager] File Action [GetAbsolutePath] successfully performed. With the following test data [Relative Folder Path: "target/downloadedFiles/"]. @12-10-2021 02:01:00.0823 AM
[ReportManager] Attempting to run remotely on: [Linux-64], [GoogleChrome], [http://localhost:4444/wd/hub], Headless Execution. @12-10-2021 02:01:00.0824 AM
[ReportManager] Successfully Opened [GoogleChrome]. @12-10-2021 02:01:01.0015 A

################################################################################################################################################
Starting Execution:	[132 out of 143] test cases in the current suite
Test Method:		[testPackage01.Test_dragAndDrop.dragAndDropByOffset]
Test Description:	[TC002 - Test Drag and Drop by offset function.]
################################################################################################################################################
[ReportManager] Target URL: [https://jqueryui.com/resources/demos/draggable/default.html] @12-10-2021 02:01:01.0056 AM
[ReportManager] Initial URL: [data:,] @12-10-2021 02:01:01.0107 AM
[ReportManager] Browser Action [NavigateToURL] successfully performed. With the following test data [https://jqueryui.com/resources/demos/draggable/default.html]. @12-10-2021 02:01:01.0452 AM
[ReportManager] Element Action [DragAndDropByOffset] successfully performed. With the following test data [Start point: (8, 8), End point: (108, 58)]. @12-10-2021 02:01:01.0615 A
[ReportManager] Browser Action [CloseCurrentWindow] successfully performed. @12-10-2021 02:01:01.0715 AM
[ReportManager] Successfully created attachment [Browser Action Test Data - CloseCurrentWindow - Actual Value] @12-10-2021 02:01:01.0716 A
[ReportManager] File Action [GetAbsolutePath] successfully performed. With the following test data [Relative Folder Path: "target/downloadedFiles/"]. @12-10-2021 02:01:01.0718 AM
[ReportManager] Attempting to run remotely on: [Linux-64], [GoogleChrome], [http://localhost:4444/wd/hub], Headless Execution. @12-10-2021 02:01:01.0718 AM
[ReportManager] Successfully Opened [GoogleChrome]. @12-10-2021 02:01:01.0916 A

################################################################################################################################################
Starting Execution:	[133 out of 143] test cases in the current suite
Test Method:		[testPackage01.Test_clipboardActions.typeTextAndCopyPaste]
################################################################################################################################################
[ReportManager] Target URL: [https://www.google.com/ncr], and after redirection: [https://www.google.com] @12-10-2021 02:01:01.0930 AM
[ReportManager] Initial URL: [data:,] @12-10-2021 02:01:01.0974 AM
[ReportManager] Browser Action [NavigateToURL] successfully performed. With the following test data [https://www.google.com/ncr]. @12-10-2021 02:01:02.0775 AM
[ReportManager] Element Action [Type] successfully performed. With the following test data [FIRST]. @12-10-2021 02:01:03.0090 AM
[ReportManager] Element Action [ClipboardActions] successfully performed. With the following test data [select all]. @12-10-2021 02:01:03.0150 AM
[ReportManager] Element Action [ClipboardActions] successfully performed. With the following test data [copy]. @12-10-2021 02:01:03.0205 AM
[ReportManager] Element Action [ClipboardActions] successfully performed. With the following test data [unselect]. @12-10-2021 02:01:03.0265 AM
[ReportManager] Element Action [ClipboardActions] successfully performed. With the following test data [paste]. @12-10-2021 02:01:03.0321 AM
[ReportManager] Element Action [ClipboardActions] successfully performed. With the following test data [select all]. @12-10-2021 02:01:03.0374 AM
[ReportManager] Element Action [Type] successfully performed. @12-10-2021 02:01:03.0580 AM
[ReportManager] Element Action [ClipboardActions] successfully performed. With the following test data [cut]. @12-10-2021 02:01:03.0580 AM
[ReportManager] Element Action [ClipboardActions] successfully performed. With the following test data [paste]. @12-10-2021 02:01:03.0647 AM
[ReportManager] Element Action [ClipboardActions] successfully performed. With the following test data [paste]. @12-10-2021 02:01:03.0707 A
[ReportManager] Browser Action [CloseCurrentWindow] successfully performed. @12-10-2021 02:01:03.0849 AM
[ReportManager] Successfully created attachment [Browser Action Test Data - CloseCurrentWindow - Actual Value] @12-10-2021 02:01:03.0851 A
[ReportManager] File Action [GetAbsolutePath] successfully performed. With the following test data [Relative Folder Path: "target/downloadedFiles/"]. @12-10-2021 02:01:03.0853 AM
[ReportManager] Attempting to run remotely on: [Linux-64], [GoogleChrome], [http://localhost:4444/wd/hub], Headless Execution. @12-10-2021 02:01:03.0853 AM
[ReportManager] Successfully Opened [GoogleChrome]. @12-10-2021 02:01:04.0088 A

################################################################################################################################################
Starting Execution:	[134 out of 143] test cases in the current suite
Test Method:		[testPackage01.Test_dynamicLoading.dynamicLoading_elementIsHidden]
################################################################################################################################################
[ReportManager] Target URL: [https://the-internet.herokuapp.com/dynamic_loading/1] @12-10-2021 02:01:04.0109 AM
[ReportManager] Initial URL: [data:,] @12-10-2021 02:01:04.0147 AM
[ReportManager] Browser Action [NavigateToURL] successfully performed. With the following test data [https://the-internet.herokuapp.com/dynamic_loading/1]. @12-10-2021 02:01:04.0500 AM
[ReportManager] Element Action [Click] successfully performed. With the following test data [Start]. @12-10-2021 02:01:04.0811 AM
[ReportManager] Element Action [GetText] successfully performed. With the following test data [
    Hello World!
  ]. @12-10-2021 02:01:04.0913 AM
[ReportManager] Loaded Shared OpenCV @12-10-2021 02:01:05.0071 AM
[ReportManager] Assertion [ValidateElementAttribute] PASSED. Expected [Value Should be 'Hello World!' for the 'text' attribute, element locator 'By.id: finish'] and Actual [
    Hello World!
  ]. Comparison Type [CONTAINS]. Validation Type [POSITIVE]. @12-10-2021 02:01:05.0187 AM
[ReportManager] Successfully created attachment [Screenshot - 1634004065071_dynamicLoading_elementIsHidden_ValidateElementAttribute_passed] @12-10-2021 02:01:05.0188 A
[ReportManager] Browser Action [CloseCurrentWindow] successfully performed. @12-10-2021 02:01:05.0284 AM
[ReportManager] Successfully created attachment [Browser Action Test Data - CloseCurrentWindow - Actual Value] @12-10-2021 02:01:05.0285 A
[ReportManager] File Action [GetAbsolutePath] successfully performed. With the following test data [Relative Folder Path: "target/downloadedFiles/"]. @12-10-2021 02:01:05.0287 AM
[ReportManager] Attempting to run remotely on: [Linux-64], [GoogleChrome], [http://localhost:4444/wd/hub], Headless Execution. @12-10-2021 02:01:05.0287 AM
[ReportManager] Successfully Opened [GoogleChrome]. @12-10-2021 02:01:05.0471 A

################################################################################################################################################
Starting Execution:	[135 out of 143] test cases in the current suite
Test Method:		[testPackage01.Test_dynamicLoading.dynamicLoading_elementIsRendered]
################################################################################################################################################
[ReportManager] Target URL: [https://the-internet.herokuapp.com/dynamic_loading/2] @12-10-2021 02:01:05.0493 AM
[ReportManager] Initial URL: [data:,] @12-10-2021 02:01:05.0534 AM
[ReportManager] Browser Action [NavigateToURL] successfully performed. With the following test data [https://the-internet.herokuapp.com/dynamic_loading/2]. @12-10-2021 02:01:05.0863 AM
[ReportManager] Element Action [Click] successfully performed. With the following test data [Start]. @12-10-2021 02:01:06.0167 AM
[ReportManager] Element Action [GetText] successfully performed. With the following test data [Hello World!]. @12-10-2021 02:01:11.0330 AM
[ReportManager] Loaded Shared OpenCV @12-10-2021 02:01:11.0469 AM
[ReportManager] Assertion [ValidateElementAttribute] PASSED. Expected [Value Should be 'Hello World!' for the 'text' attribute, element locator 'By.id: finish'] and Actual [Hello World!]. Comparison Type [CONTAINS]. Validation Type [POSITIVE]. @12-10-2021 02:01:11.0536 AM
[ReportManager] Successfully created attachment [Screenshot - 1634004071469_dynamicLoading_elementIsRendered_ValidateElementAttribute_passed] @12-10-2021 02:01:11.0537 A
[ReportManager] Browser Action [CloseCurrentWindow] successfully performed. @12-10-2021 02:01:11.0629 AM
[ReportManager] Successfully created attachment [Browser Action Test Data - CloseCurrentWindow - Actual Value] @12-10-2021 02:01:11.0629 A
[ReportManager] File Action [GetAbsolutePath] successfully performed. With the following test data [Relative Folder Path: "target/downloadedFiles/"]. @12-10-2021 02:01:11.0631 AM
[ReportManager] Attempting to run remotely on: [Linux-64], [GoogleChrome], [http://localhost:4444/wd/hub], Headless Execution. @12-10-2021 02:01:11.0631 AM
[ReportManager] Successfully Opened [GoogleChrome]. @12-10-2021 02:01:11.0844 A

################################################################################################################################################
Starting Execution:	[136 out of 143] test cases in the current suite
Test Method:		[testPackage01.Test_uploadFile.uploadFile_invisibleUploadInput]
################################################################################################################################################
[ReportManager] Target URL: [https://fineuploader.com/demos.html#gallery-view] @12-10-2021 02:01:11.0860 AM
[ReportManager] Initial URL: [data:,] @12-10-2021 02:01:11.0902 AM
[ReportManager] Browser Action [NavigateToURL] successfully performed. With the following test data [https://fineuploader.com/demos.html#gallery-view]. @12-10-2021 02:01:13.0305 AM
[ReportManager] File Action [GetAbsolutePath] successfully performed. With the following test data [Relative File Path: "src/main/resources/images/shaft.png"]. @12-10-2021 02:01:13.0305 AM
[ReportManager] Successfully created attachment [File Action Actual Result - Command Log] @12-10-2021 02:01:13.0305 AM
[ReportManager] Element Action [TypeFileLocationForUpload] successfully performed. With the following test data [/home/runner/work/SHAFT_ENGINE/SHAFT_ENGINE/src/main/resources/images/shaft.png]. @12-10-2021 02:01:13.0495 AM
[ReportManager] Attempting to getAttribute [src] from elementLocator [By.xpath: //div[@id='fine-uploader-gallery']//div[@class='qq-thumbnail-wrapper']/img]. @12-10-2021 02:01:13.0495 AM
[ReportManager] Element Action [GetAttribute] successfully performed. @12-10-2021 02:01:13.0595 AM
[ReportManager] Successfully created attachment [Element Action Test Data - GetAttribute - Actual Value] @12-10-2021 02:01:13.0596 AM
[ReportManager] Loaded Shared OpenCV @12-10-2021 02:01:13.0725 AM
[ReportManager] Assertion [ValidateElementAttribute] PASSED. Expected and Actual values are attached. Comparison Type [CONTAINS]. Validation Type [POSITIVE]. @12-10-2021 02:01:13.0804 AM
[ReportManager] Successfully created attachment [Validation Test Data - Expected Value] @12-10-2021 02:01:13.0804 AM
[ReportManager] Successfully created attachment [Validation Test Data - Actual Value] @12-10-2021 02:01:13.0804 AM
[ReportManager] Successfully created attachment [Screenshot - 1634004073725_uploadFile_invisibleUploadInput_ValidateElementAttribute_passed] @12-10-2021 02:01:13.0805 A
[ReportManager] Browser Action [CloseCurrentWindow] successfully performed. @12-10-2021 02:01:13.0972 AM
[ReportManager] Successfully created attachment [Browser Action Test Data - CloseCurrentWindow - Actual Value] @12-10-2021 02:01:13.0972 A
[ReportManager] File Action [GetAbsolutePath] successfully performed. With the following test data [Relative Folder Path: "target/downloadedFiles/"]. @12-10-2021 02:01:13.0975 AM
[ReportManager] Attempting to run remotely on: [Linux-64], [GoogleChrome], [http://localhost:4444/wd/hub], Headless Execution. @12-10-2021 02:01:13.0975 AM
[ReportManager] Successfully Opened [GoogleChrome]. @12-10-2021 02:01:14.0222 A

################################################################################################################################################
Starting Execution:	[137 out of 143] test cases in the current suite
Test Method:		[testPackage01.Test_uploadFile.uploadFile_visibleUploadInput]
################################################################################################################################################
[ReportManager] Target URL: [http://demo.guru99.com/test/upload/] @12-10-2021 02:01:14.0236 AM
[ReportManager] Initial URL: [data:,] @12-10-2021 02:01:14.0277 AM
[ReportManager] Browser Action [NavigateToURL] successfully performed. With the following test data [http://demo.guru99.com/test/upload/]. @12-10-2021 02:01:15.0622 AM
[ReportManager] File Action [GetAbsolutePath] successfully performed. With the following test data [Relative File Path: "src/main/resources/images/shaft.png"]. @12-10-2021 02:01:15.0622 AM
[ReportManager] Successfully created attachment [File Action Actual Result - Command Log] @12-10-2021 02:01:15.0622 AM
[ReportManager] Element Action [TypeFileLocationForUpload] successfully performed. With the following test data [/home/runner/work/SHAFT_ENGINE/SHAFT_ENGINE/src/main/resources/images/shaft.png]. @12-10-2021 02:01:15.0786 AM
[ReportManager] Element Action [Click] successfully performed. With the following test data [on]. @12-10-2021 02:01:16.0120 AM
[ReportManager] Element Action [Click] successfully performed. With the following test data [Submit File]. @12-10-2021 02:01:16.0455 AM
[ReportManager] Element Action [GetText] successfully performed. With the following test data [1 file
has been successfully uploaded.]. @12-10-2021 02:01:17.0096 AM
[ReportManager] Loaded Shared OpenCV @12-10-2021 02:01:17.0235 AM
[ReportManager] Assertion [ValidateElementAttribute] PASSED. Expected [Value Should be '1 file' for the 'Text' attribute, element locator 'By.id: res'] and Actual [1 file
has been successfully uploaded.]. Comparison Type [CONTAINS]. Validation Type [POSITIVE]. @12-10-2021 02:01:17.0305 AM
[ReportManager] Successfully created attachment [Screenshot - 1634004077235_uploadFile_visibleUploadInput_ValidateElementAttribute_passed] @12-10-2021 02:01:17.0306 A
[ReportManager] Browser Action [CloseCurrentWindow] successfully performed. @12-10-2021 02:01:17.0412 AM
[ReportManager] Successfully created attachment [Browser Action Test Data - CloseCurrentWindow - Actual Value] @12-10-2021 02:01:17.0413 A

################################################################################################################################################
Starting Execution:	[138 out of 143] test cases in the current suite
Test Method:		[testPackage01.Test_SelectedValue.multipleSelect]
################################################################################################################################################
[ReportManager] File Action [GetAbsolutePath] successfully performed. With the following test data [Relative Folder Path: "target/downloadedFiles/"]. @12-10-2021 02:01:17.0419 AM
[ReportManager] Attempting to run remotely on: [Linux-64], [GoogleChrome], [http://localhost:4444/wd/hub], Headless Execution. @12-10-2021 02:01:17.0419 AM
[ReportManager] Successfully Opened [GoogleChrome]. @12-10-2021 02:01:17.0606 AM
[ReportManager] Target URL: [https://yari-demos.prod.mdn.mozit.cloud/en-US/docs/Web/HTML/Element/select/_sample_.Advanced_select_with_multiple_features.html] @12-10-2021 02:01:17.0618 AM
[ReportManager] Initial URL: [data:,] @12-10-2021 02:01:17.0663 AM
[ReportManager] Browser Action [NavigateToURL] successfully performed. With the following test data [https://yari-demos.prod.mdn.mozit.cloud/en-US/docs/Web/HTML/Element/select/_sample_.Advanced_select_with_multiple_features.html]. @12-10-2021 02:01:18.0057 AM
[ReportManager] Element Action [Select] successfully performed. With the following test data [Dog]. @12-10-2021 02:01:18.0298 AM
[ReportManager] Element Action [Select] successfully performed. With the following test data [Cat]. @12-10-2021 02:01:18.0517 AM
[ReportManager] Element Action [GetSelectedText] successfully performed. With the following test data [DogCat]. @12-10-2021 02:01:18.0649 AM
[ReportManager] DogCat @12-10-2021 02:01:18.0650 AM
[ReportManager] Element Action [GetSelectedText] successfully performed. With the following test data [DogCat]. @12-10-2021 02:01:18.0770 AM
[ReportManager] Loaded Shared OpenCV @12-10-2021 02:01:18.0892 AM
[ReportManager] Assertion [ValidateElementAttribute] PASSED. Expected [Value Should be 'DogCat' for the 'selectedText' attribute, element locator 'By.tagName: select'] and Actual [DogCat]. Comparison Type [EQUALS]. Validation Type [POSITIVE]. @12-10-2021 02:01:18.0955 AM
[ReportManager] Successfully created attachment [Screenshot - 1634004078892_multipleSelect_ValidateElementAttribute_passed] @12-10-2021 02:01:18.0955 AM
[ReportManager] Browser Action [CloseCurrentWindow] successfully performed. @12-10-2021 02:01:19.0042 AM
[ReportManager] Successfully created attachment [Browser Action Test Data - CloseCurrentWindow - Actual Value] @12-10-2021 02:01:19.0042 A

################################################################################################################################################
Starting Execution:	[139 out of 143] test cases in the current suite
Test Method:		[testPackage01.Test_SelectedValue.simpleSelect]
################################################################################################################################################
[ReportManager] File Action [GetAbsolutePath] successfully performed. With the following test data [Relative Folder Path: "target/downloadedFiles/"]. @12-10-2021 02:01:19.0058 AM
[ReportManager] Attempting to run remotely on: [Linux-64], [GoogleChrome], [http://localhost:4444/wd/hub], Headless Execution. @12-10-2021 02:01:19.0058 AM
[ReportManager] Successfully Opened [GoogleChrome]. @12-10-2021 02:01:19.0280 AM
[ReportManager] Target URL: [https://yari-demos.prod.mdn.mozit.cloud/en-US/docs/Web/HTML/Element/select/_sample_.Basic_select.html] @12-10-2021 02:01:19.0296 AM
[ReportManager] Initial URL: [data:,] @12-10-2021 02:01:19.0339 AM
[ReportManager] Browser Action [NavigateToURL] successfully performed. With the following test data [https://yari-demos.prod.mdn.mozit.cloud/en-US/docs/Web/HTML/Element/select/_sample_.Basic_select.html]. @12-10-2021 02:01:19.0564 AM
[ReportManager] Element Action [Select] successfully performed. With the following test data [Third Value]. @12-10-2021 02:01:19.0841 AM
[ReportManager] Element Action [GetSelectedText] successfully performed. With the following test data [Third Value]. @12-10-2021 02:01:19.0954 AM
[ReportManager] Third Value @12-10-2021 02:01:19.0954 AM
[ReportManager] Element Action [GetSelectedText] successfully performed. With the following test data [Third Value]. @12-10-2021 02:01:20.0053 AM
[ReportManager] Loaded Shared OpenCV @12-10-2021 02:01:20.0173 AM
[ReportManager] Assertion [ValidateElementAttribute] PASSED. Expected [Value Should be 'Third Value' for the 'selectedText' attribute, element locator 'By.tagName: select'] and Actual [Third Value]. Comparison Type [EQUALS]. Validation Type [POSITIVE]. @12-10-2021 02:01:20.0235 AM
[ReportManager] Successfully created attachment [Screenshot - 1634004080173_simpleSelect_ValidateElementAttribute_passed] @12-10-2021 02:01:20.0235 AM
[ReportManager] Browser Action [CloseCurrentWindow] successfully performed. @12-10-2021 02:01:20.0321 AM
[ReportManager] Successfully created attachment [Browser Action Test Data - CloseCurrentWindow - Actual Value] @12-10-2021 02:01:20.0322 A

################################################################################################################################################
Starting Execution:	[140 out of 143] test cases in the current suite
Test Method:		[testPackage01.Test_JSONFileManager.readStringFromJson]
################################################################################################################################################
[ReportManager] Successfully loaded the following test data file [src/test/resources/TestDataFiles/simpleJSON.json]. @12-10-2021 02:01:20.0331 AM
[ReportManager] Successfully created attachment [Test Data - JSON] @12-10-2021 02:01:20.0332 AM
[ReportManager] Assertion [ValidateEquals] PASSED. Expected [Mohab Mohie] and Actual [Mohab Mohie]. Comparison Type [EQUALS]. Validation Type [POSITIVE]. @12-10-2021 02:01:20.0345 A
[ReportManager] Successfully loaded the following test data file [src/test/resources/TestDataFiles/testSuite01/TestData.xlsx]. @12-10-2021 02:01:20.0370 AM
[ReportManager] Successfully created attachment [Test Data - Excel] @12-10-2021 02:01:20.0370 AM
[ReportManager] Attempting to run using Playwright locally on: [Linux-64], [GoogleChrome], Headless Execution. @12-10-2021 02:01:32.0436 AM
[ReportManager] File Action [GetAbsolutePath] successfully performed. With the following test data [Relative Folder Path: "target/downloadedFiles/"]. @12-10-2021 02:01:32.0437 AM
[ReportManager] Initial window size: (1280, 720) @12-10-2021 02:01:32.0778 AM
[ReportManager] Window size after Toolkit: com.microsoft.playwright.options.ViewportSize@439b428d @12-10-2021 02:01:32.0792 AM
[ReportManager] Browser Action [MaximizeWindow] successfully performed. With the following test data [New screen size is now: (1920, 1080)]. @12-10-2021 02:01:32.0793 A

################################################################################################################################################
Starting Execution:	[141 out of 143] test cases in the current suite
Test Method:		[testPackage01.Test_google_playwright.navigateToURLandVerifyGoogleLogoIsDisplayed]
Test Description:	[TC001 - Navigate to URL and Verify Google Logo is Displayed]
################################################################################################################################################
[ReportManager] Target URL: [https://www.google.com/ncr], and after redirection: [https://www.google.com] @12-10-2021 02:01:32.0797 AM
[ReportManager] Initial URL: [about:blank] @12-10-2021 02:01:33.0266 AM
[ReportManager] Browser Action [NavigateToURL] successfully performed. With the following test data [https://www.google.com/ncr]. @12-10-2021 02:01:35.0431 AM
[ReportManager] Loaded Shared OpenCV @12-10-2021 02:01:35.0638 AM
[ReportManager] Assertion [ValidateElementExists] PASSED. Expected [Element Should Exist, locator 'xpath=//*[@id='hplogo' or @alt='Google']'] and Actual [Element Exists]. Comparison Type [EQUALS]. Validation Type [POSITIVE]. @12-10-2021 02:01:35.0818 AM
[ReportManager] Successfully created attachment [Screenshot - 1634004095635_navigateToURLandVerifyGoogleLogoIsDisplayed_ValidateElementExists_passed] @12-10-2021 02:01:35.0819 A

################################################################################################################################################
Starting Execution:	[142 out of 143] test cases in the current suite
Test Method:		[testPackage01.Test_google_playwright.searchForQueryandAssertResultsNumDisplayed]
Test Description:	[TC002 - Search for Query and Assert that the number of results is displayed]
################################################################################################################################################
[ReportManager] Element Action [Type] successfully performed. With the following test data [SHAFT_Engine]. @12-10-2021 02:01:36.0054 AM
[ReportManager] Element Action [KeyPress] successfully performed. With the following test data [Enter]. @12-10-2021 02:01:36.0080 AM
[ReportManager] Element Action [GetText] successfully performed. With the following test data [About 1,010,000 results (0.57 seconds)]. @12-10-2021 02:01:36.0870 AM
[ReportManager] Loaded Shared OpenCV @12-10-2021 02:01:39.0006 AM
[ReportManager] Assertion [ValidateElementAttribute] PASSED. Expected [Value Should not be '' for the 'text' attribute, element locator 'xpath=//div[@id='appbar']'] and Actual [About 1,010,000 results (0.57 seconds)]. Comparison Type [EQUALS]. Validation Type [NEGATIVE]. @12-10-2021 02:01:39.0233 AM
[ReportManager] Successfully created attachment [Screenshot - 1634004099005_searchForQueryandAssertResultsNumDisplayed_ValidateElementAttribute_passed] @12-10-2021 02:01:39.0236 A

################################################################################################################################################
Starting Execution:	[143 out of 143] test cases in the current suite
Test Method:		[testPackage01.Test_google_playwright.clickNextThrice]
Test Description:	[TC003 - Clicks the next button to make sure that the framework can scroll element into view before clicking it]
################################################################################################################################################
[ReportManager] Element Action [Click] successfully performed. With the following test data [Next]. @12-10-2021 02:01:39.0501 A
[ReportManager] Failed to find video recording. @12-10-2021 02:01:39.0504 AM
[ReportManager] Successfully Closed PlayWright Driver. @12-10-2021 02:01:39.0549 A

################################################################################################################################################
Test Closure Activities
################################################################################################################################################
[ReportManager] Successfully created attachment [SHAFT Engine Logs - Execution log] @12-10-2021 02:01:39.0574 AM

################################################################################################################################################
This test run was powered by SHAFT Engine Version: [SHAFT Engine v5.4.20211011]
SHAFT Engine is licensed under the MIT License: [https://github.com/MohabMohie/SHAFT_ENGINE/blob/master/LICENSE].
################################################################################################################################################