################################################################################################################################################
Detected SHAFT Engine Version: [SHAFT Engine v5.3.20210902]
################################################################################################################################################

################################################################################################################################################
Starting Execution:	[1 out of 144] test cases in the current suite
Test Method:		[unitTests.tests_validations_assertions.assertComparativeRelation_greaterThanOrEquals_false_equals_expectedToFail]
################################################################################################################################################
[ReportManager] Assertion [ValidateComparativeRelation] FAILED. Expected [1] and Actual [1]. Comparison Type [GREATER_THAN_OR_EQUALS]. Validation Type [NEGATIVE]. @01-10-2021 01:58:31.0342 A

################################################################################################################################################
Starting Execution:	[2 out of 144] test cases in the current suite
Test Method:		[unitTests.tests_validations_assertions.assertComparativeRelation_greaterThanOrEquals_false_equals_expectedToPass]
################################################################################################################################################
[ReportManager] Assertion [ValidateComparativeRelation] PASSED. Expected [2] and Actual [1]. Comparison Type [GREATER_THAN_OR_EQUALS]. Validation Type [NEGATIVE]. @01-10-2021 01:58:31.0475 A

################################################################################################################################################
Starting Execution:	[3 out of 144] test cases in the current suite
Test Method:		[unitTests.tests_validations_assertions.assertComparativeRelation_greaterThanOrEquals_false_greaterThan_expectedToFail]
################################################################################################################################################
[ReportManager] Assertion [ValidateComparativeRelation] FAILED. Expected [1] and Actual [2]. Comparison Type [GREATER_THAN_OR_EQUALS]. Validation Type [NEGATIVE]. @01-10-2021 01:58:31.0483 A

################################################################################################################################################
Starting Execution:	[4 out of 144] test cases in the current suite
Test Method:		[unitTests.tests_validations_assertions.assertComparativeRelation_greaterThanOrEquals_false_greaterThan_expectedToPass]
################################################################################################################################################
[ReportManager] Assertion [ValidateComparativeRelation] PASSED. Expected [2] and Actual [1]. Comparison Type [GREATER_THAN_OR_EQUALS]. Validation Type [NEGATIVE]. @01-10-2021 01:58:31.0496 A

################################################################################################################################################
Starting Execution:	[5 out of 144] test cases in the current suite
Test Method:		[unitTests.tests_validations_assertions.assertComparativeRelation_greaterThanOrEquals_true_equals_expectedToFail]
################################################################################################################################################
[ReportManager] Assertion [ValidateComparativeRelation] FAILED. Expected [1] and Actual [0]. Comparison Type [GREATER_THAN_OR_EQUALS]. Validation Type [POSITIVE]. @01-10-2021 01:58:31.0507 A

################################################################################################################################################
Starting Execution:	[6 out of 144] test cases in the current suite
Test Method:		[unitTests.tests_validations_assertions.assertComparativeRelation_greaterThanOrEquals_true_equals_expectedToPass]
################################################################################################################################################
[ReportManager] Assertion [ValidateComparativeRelation] PASSED. Expected [1] and Actual [1]. Comparison Type [GREATER_THAN_OR_EQUALS]. Validation Type [POSITIVE]. @01-10-2021 01:58:31.0523 A

################################################################################################################################################
Starting Execution:	[7 out of 144] test cases in the current suite
Test Method:		[unitTests.tests_validations_assertions.assertComparativeRelation_greaterThanOrEquals_true_greaterThan_expectedToFail]
################################################################################################################################################
[ReportManager] Assertion [ValidateComparativeRelation] FAILED. Expected [2] and Actual [1]. Comparison Type [GREATER_THAN_OR_EQUALS]. Validation Type [POSITIVE]. @01-10-2021 01:58:31.0527 A

################################################################################################################################################
Starting Execution:	[8 out of 144] test cases in the current suite
Test Method:		[unitTests.tests_validations_assertions.assertComparativeRelation_greaterThanOrEquals_true_greaterThan_expectedToPass]
################################################################################################################################################
[ReportManager] Assertion [ValidateComparativeRelation] PASSED. Expected [1] and Actual [2]. Comparison Type [GREATER_THAN_OR_EQUALS]. Validation Type [POSITIVE]. @01-10-2021 01:58:31.0531 A
[ReportManager] File Action [GetAbsolutePath] successfully performed. With the following test data [Relative Folder Path: "target/downloadedFiles/"]. @01-10-2021 01:58:31.0543 AM
[ReportManager] Attempting to run remotely on: [Linux-64], [GoogleChrome], [http://localhost:4444/wd/hub], Headless Execution. @01-10-2021 01:58:31.0573 AM
[ReportManager] Successfully Opened [GoogleChrome]. @01-10-2021 01:58:33.0300 AM
[ReportManager] Target URL: [https://www.google.com/ncr], and after redirection: [www.google.com] @01-10-2021 01:58:33.0350 AM
[ReportManager] Initial URL: [data:,] @01-10-2021 01:58:33.0485 AM
[ReportManager] Browser Action [NavigateToURL] successfully performed. With the following test data [https://www.google.com/ncr]. @01-10-2021 01:58:34.0898 A

################################################################################################################################################
Starting Execution:	[9 out of 144] test cases in the current suite
Test Method:		[unitTests.tests_validations_assertions.assertElementAttribute_false_caseInsensitiveComparison_expectedToFail]
################################################################################################################################################
[ReportManager] Element Action [Type] successfully performed. With the following test data [AUTOMATION]. @01-10-2021 01:58:35.0456 AM
[ReportManager] Element Action [GetText] successfully performed. With the following test data [AUTOMATION]. @01-10-2021 01:58:35.0618 AM
[ReportManager] Loaded Shared OpenCV @01-10-2021 01:58:36.0371 AM
[ReportManager] Assertion [ValidateElementAttribute] FAILED. Expected [Value Should not be 'AutomaTion' for the 'text' attribute, element locator 'By.name: q'] and Actual [AUTOMATION]. Comparison Type [CASE_INSENSITIVE]. Validation Type [NEGATIVE]. @01-10-2021 01:58:36.0673 AM
[ReportManager] Successfully created attachment [Screenshot - 1633053515865_assertElementAttribute_false_caseInsensitiveComparison_expectedToFail_ValidateElementAttribute_failed] @01-10-2021 01:58:36.0700 A
[ReportManager] Browser Action [CloseCurrentWindow] successfully performed. @01-10-2021 01:58:36.0874 AM
[ReportManager] Successfully created attachment [Browser Action Test Data - CloseCurrentWindow - Actual Value] @01-10-2021 01:58:36.0887 A
[ReportManager] File Action [GetAbsolutePath] successfully performed. With the following test data [Relative Folder Path: "target/downloadedFiles/"]. @01-10-2021 01:58:36.0897 AM
[ReportManager] Attempting to run remotely on: [Linux-64], [GoogleChrome], [http://localhost:4444/wd/hub], Headless Execution. @01-10-2021 01:58:36.0897 AM
[ReportManager] Successfully Opened [GoogleChrome]. @01-10-2021 01:58:37.0249 AM
[ReportManager] Target URL: [https://www.google.com/ncr], and after redirection: [www.google.com] @01-10-2021 01:58:37.0286 AM
[ReportManager] Initial URL: [data:,] @01-10-2021 01:58:37.0387 AM
[ReportManager] Browser Action [NavigateToURL] successfully performed. With the following test data [https://www.google.com/ncr]. @01-10-2021 01:58:38.0434 A

################################################################################################################################################
Starting Execution:	[10 out of 144] test cases in the current suite
Test Method:		[unitTests.tests_validations_assertions.assertElementAttribute_false_caseInsensitiveComparison_expectedToPass]
################################################################################################################################################
[ReportManager] Element Action [Type] successfully performed. With the following test data [AUTOMATION]. @01-10-2021 01:58:38.0936 AM
[ReportManager] Element Action [GetText] successfully performed. With the following test data [AUTOMATION]. @01-10-2021 01:58:39.0088 AM
[ReportManager] Loaded Shared OpenCV @01-10-2021 01:58:39.0264 AM
[ReportManager] Assertion [ValidateElementAttribute] PASSED. Expected [Value Should not be 'AutomaTion123' for the 'text' attribute, element locator 'By.name: q'] and Actual [AUTOMATION]. Comparison Type [CASE_INSENSITIVE]. Validation Type [NEGATIVE]. @01-10-2021 01:58:39.0403 AM
[ReportManager] Successfully created attachment [Screenshot - 1633053519263_assertElementAttribute_false_caseInsensitiveComparison_expectedToPass_ValidateElementAttribute_passed] @01-10-2021 01:58:39.0406 A
[ReportManager] Browser Action [CloseCurrentWindow] successfully performed. @01-10-2021 01:58:39.0546 AM
[ReportManager] Successfully created attachment [Browser Action Test Data - CloseCurrentWindow - Actual Value] @01-10-2021 01:58:39.0550 A
[ReportManager] File Action [GetAbsolutePath] successfully performed. With the following test data [Relative Folder Path: "target/downloadedFiles/"]. @01-10-2021 01:58:39.0561 AM
[ReportManager] Attempting to run remotely on: [Linux-64], [GoogleChrome], [http://localhost:4444/wd/hub], Headless Execution. @01-10-2021 01:58:39.0561 AM
[ReportManager] Successfully Opened [GoogleChrome]. @01-10-2021 01:58:39.0819 AM
[ReportManager] Target URL: [https://www.google.com/ncr], and after redirection: [www.google.com] @01-10-2021 01:58:39.0835 AM
[ReportManager] Initial URL: [data:,] @01-10-2021 01:58:39.0903 AM
[ReportManager] Browser Action [NavigateToURL] successfully performed. With the following test data [https://www.google.com/ncr]. @01-10-2021 01:58:40.0812 A

################################################################################################################################################
Starting Execution:	[11 out of 144] test cases in the current suite
Test Method:		[unitTests.tests_validations_assertions.assertElementAttribute_false_containsComparison_expectedToFail]
################################################################################################################################################
[ReportManager] Element Action [Type] successfully performed. With the following test data [Automation123]. @01-10-2021 01:58:41.0270 AM
[ReportManager] Element Action [GetText] successfully performed. With the following test data [Automation123]. @01-10-2021 01:58:41.0431 AM
[ReportManager] Loaded Shared OpenCV @01-10-2021 01:58:41.0584 AM
[ReportManager] Assertion [ValidateElementAttribute] FAILED. Expected [Value Should not be 'Automation' for the 'text' attribute, element locator 'By.name: q'] and Actual [Automation123]. Comparison Type [CONTAINS]. Validation Type [NEGATIVE]. @01-10-2021 01:58:41.0679 AM
[ReportManager] Successfully created attachment [Screenshot - 1633053521584_assertElementAttribute_false_containsComparison_expectedToFail_ValidateElementAttribute_failed] @01-10-2021 01:58:41.0681 A
[ReportManager] Browser Action [CloseCurrentWindow] successfully performed. @01-10-2021 01:58:41.0846 AM
[ReportManager] Successfully created attachment [Browser Action Test Data - CloseCurrentWindow - Actual Value] @01-10-2021 01:58:41.0847 A
[ReportManager] File Action [GetAbsolutePath] successfully performed. With the following test data [Relative Folder Path: "target/downloadedFiles/"]. @01-10-2021 01:58:41.0857 AM
[ReportManager] Attempting to run remotely on: [Linux-64], [GoogleChrome], [http://localhost:4444/wd/hub], Headless Execution. @01-10-2021 01:58:41.0858 AM
[ReportManager] Successfully Opened [GoogleChrome]. @01-10-2021 01:58:42.0105 AM
[ReportManager] Target URL: [https://www.google.com/ncr], and after redirection: [www.google.com] @01-10-2021 01:58:42.0125 AM
[ReportManager] Initial URL: [data:,] @01-10-2021 01:58:42.0186 AM
[ReportManager] Browser Action [NavigateToURL] successfully performed. With the following test data [https://www.google.com/ncr]. @01-10-2021 01:58:44.0022 A

################################################################################################################################################
Starting Execution:	[12 out of 144] test cases in the current suite
Test Method:		[unitTests.tests_validations_assertions.assertElementAttribute_false_containsComparison_expectedToPass]
################################################################################################################################################
[ReportManager] Element Action [Type] successfully performed. With the following test data [Automation123]. @01-10-2021 01:58:44.0459 AM
[ReportManager] Element Action [GetText] successfully performed. With the following test data [Automation123]. @01-10-2021 01:58:44.0596 AM
[ReportManager] Loaded Shared OpenCV @01-10-2021 01:58:44.0747 AM
[ReportManager] Assertion [ValidateElementAttribute] PASSED. Expected [Value Should not be 'Automation1234' for the 'text' attribute, element locator 'By.name: q'] and Actual [Automation123]. Comparison Type [CONTAINS]. Validation Type [NEGATIVE]. @01-10-2021 01:58:44.0830 AM
[ReportManager] Successfully created attachment [Screenshot - 1633053524747_assertElementAttribute_false_containsComparison_expectedToPass_ValidateElementAttribute_passed] @01-10-2021 01:58:44.0832 A
[ReportManager] Browser Action [CloseCurrentWindow] successfully performed. @01-10-2021 01:58:44.0976 AM
[ReportManager] Successfully created attachment [Browser Action Test Data - CloseCurrentWindow - Actual Value] @01-10-2021 01:58:44.0977 A
[ReportManager] File Action [GetAbsolutePath] successfully performed. With the following test data [Relative Folder Path: "target/downloadedFiles/"]. @01-10-2021 01:58:44.0980 AM
[ReportManager] Attempting to run remotely on: [Linux-64], [GoogleChrome], [http://localhost:4444/wd/hub], Headless Execution. @01-10-2021 01:58:44.0980 AM
[ReportManager] Successfully Opened [GoogleChrome]. @01-10-2021 01:58:45.0227 AM
[ReportManager] Target URL: [https://www.google.com/ncr], and after redirection: [www.google.com] @01-10-2021 01:58:45.0242 AM
[ReportManager] Initial URL: [data:,] @01-10-2021 01:58:45.0308 AM
[ReportManager] Browser Action [NavigateToURL] successfully performed. With the following test data [https://www.google.com/ncr]. @01-10-2021 01:58:46.0155 A

################################################################################################################################################
Starting Execution:	[13 out of 144] test cases in the current suite
Test Method:		[unitTests.tests_validations_assertions.assertElementAttribute_false_literalComparison_expectedToFail]
################################################################################################################################################
[ReportManager] Element Action [Type] successfully performed. With the following test data [Automation!@#$%^&*()_+{}[]\';/.,]. @01-10-2021 01:58:46.0700 AM
[ReportManager] Element Action [GetText] successfully performed. With the following test data [Automation!@#$%^&*()_+{}[]\';/.,]. @01-10-2021 01:58:46.0825 AM
[ReportManager] Loaded Shared OpenCV @01-10-2021 01:58:46.0988 AM
[ReportManager] Assertion [ValidateElementAttribute] PASSED. Expected [Value Should not be 'Automation!@#$%^&*()_+{}[]\\';/.,' for the 'text' attribute, element locator 'By.name: q'] and Actual [Automation!@#$%^&*()_+{}[]\';/.,]. Comparison Type [EQUALS]. Validation Type [NEGATIVE]. @01-10-2021 01:58:47.0082 AM
[ReportManager] Successfully created attachment [Screenshot - 1633053526988_assertElementAttribute_false_literalComparison_expectedToFail_ValidateElementAttribute_passed] @01-10-2021 01:58:47.0084 A
[ReportManager] Browser Action [CloseCurrentWindow] successfully performed. @01-10-2021 01:58:47.0225 AM
[ReportManager] Successfully created attachment [Browser Action Test Data - CloseCurrentWindow - Actual Value] @01-10-2021 01:58:47.0226 A
[ReportManager] File Action [GetAbsolutePath] successfully performed. With the following test data [Relative Folder Path: "target/downloadedFiles/"]. @01-10-2021 01:58:47.0228 AM
[ReportManager] Attempting to run remotely on: [Linux-64], [GoogleChrome], [http://localhost:4444/wd/hub], Headless Execution. @01-10-2021 01:58:47.0229 AM
[ReportManager] Successfully Opened [GoogleChrome]. @01-10-2021 01:58:47.0483 AM
[ReportManager] Target URL: [https://www.google.com/ncr], and after redirection: [www.google.com] @01-10-2021 01:58:47.0505 AM
[ReportManager] Initial URL: [data:,] @01-10-2021 01:58:47.0555 AM
[ReportManager] Browser Action [NavigateToURL] successfully performed. With the following test data [https://www.google.com/ncr]. @01-10-2021 01:58:48.0513 A

################################################################################################################################################
Starting Execution:	[14 out of 144] test cases in the current suite
Test Method:		[unitTests.tests_validations_assertions.assertElementAttribute_false_literalComparison_expectedToPass]
################################################################################################################################################
[ReportManager] Element Action [Type] successfully performed. With the following test data [Automation!@#$%^&*()_+{}[]\';/.,]. @01-10-2021 01:58:49.0023 AM
[ReportManager] Element Action [GetText] successfully performed. With the following test data [Automation!@#$%^&*()_+{}[]\';/.,]. @01-10-2021 01:58:49.0150 AM
[ReportManager] Loaded Shared OpenCV @01-10-2021 01:58:49.0307 AM
[ReportManager] Assertion [ValidateElementAttribute] PASSED. Expected [Value Should not be 'Automation' for the 'text' attribute, element locator 'By.name: q'] and Actual [Automation!@#$%^&*()_+{}[]\';/.,]. Comparison Type [EQUALS]. Validation Type [NEGATIVE]. @01-10-2021 01:58:49.0391 AM
[ReportManager] Successfully created attachment [Screenshot - 1633053529306_assertElementAttribute_false_literalComparison_expectedToPass_ValidateElementAttribute_passed] @01-10-2021 01:58:49.0393 A
[ReportManager] Browser Action [CloseCurrentWindow] successfully performed. @01-10-2021 01:58:49.0528 AM
[ReportManager] Successfully created attachment [Browser Action Test Data - CloseCurrentWindow - Actual Value] @01-10-2021 01:58:49.0529 A
[ReportManager] File Action [GetAbsolutePath] successfully performed. With the following test data [Relative Folder Path: "target/downloadedFiles/"]. @01-10-2021 01:58:49.0535 AM
[ReportManager] Attempting to run remotely on: [Linux-64], [GoogleChrome], [http://localhost:4444/wd/hub], Headless Execution. @01-10-2021 01:58:49.0536 AM
[ReportManager] Successfully Opened [GoogleChrome]. @01-10-2021 01:58:49.0782 AM
[ReportManager] Target URL: [https://www.google.com/ncr], and after redirection: [www.google.com] @01-10-2021 01:58:49.0819 AM
[ReportManager] Initial URL: [data:,] @01-10-2021 01:58:49.0871 AM
[ReportManager] Browser Action [NavigateToURL] successfully performed. With the following test data [https://www.google.com/ncr]. @01-10-2021 01:58:50.0779 A

################################################################################################################################################
Starting Execution:	[15 out of 144] test cases in the current suite
Test Method:		[unitTests.tests_validations_assertions.assertElementAttribute_false_regexComparison_expectedToFail]
################################################################################################################################################
[ReportManager] Element Action [Type] successfully performed. With the following test data [Automation123]. @01-10-2021 01:58:51.0169 AM
[ReportManager] Element Action [GetText] successfully performed. With the following test data [Automation123]. @01-10-2021 01:58:51.0274 AM
[ReportManager] Loaded Shared OpenCV @01-10-2021 01:58:51.0415 AM
[ReportManager] Assertion [ValidateElementAttribute] FAILED. Expected [Value Should not be 'Automation.*' for the 'text' attribute, element locator 'By.name: q'] and Actual [Automation123]. Comparison Type [MATCHES]. Validation Type [NEGATIVE]. @01-10-2021 01:58:51.0497 AM
[ReportManager] Successfully created attachment [Screenshot - 1633053531415_assertElementAttribute_false_regexComparison_expectedToFail_ValidateElementAttribute_failed] @01-10-2021 01:58:51.0498 A
[ReportManager] Browser Action [CloseCurrentWindow] successfully performed. @01-10-2021 01:58:51.0644 AM
[ReportManager] Successfully created attachment [Browser Action Test Data - CloseCurrentWindow - Actual Value] @01-10-2021 01:58:51.0653 A
[ReportManager] File Action [GetAbsolutePath] successfully performed. With the following test data [Relative Folder Path: "target/downloadedFiles/"]. @01-10-2021 01:58:51.0657 AM
[ReportManager] Attempting to run remotely on: [Linux-64], [GoogleChrome], [http://localhost:4444/wd/hub], Headless Execution. @01-10-2021 01:58:51.0657 AM
[ReportManager] Successfully Opened [GoogleChrome]. @01-10-2021 01:58:51.0898 AM
[ReportManager] Target URL: [https://www.google.com/ncr], and after redirection: [www.google.com] @01-10-2021 01:58:51.0910 AM
[ReportManager] Initial URL: [data:,] @01-10-2021 01:58:51.0976 AM
[ReportManager] Browser Action [NavigateToURL] successfully performed. With the following test data [https://www.google.com/ncr]. @01-10-2021 01:58:52.0851 A

################################################################################################################################################
Starting Execution:	[16 out of 144] test cases in the current suite
Test Method:		[unitTests.tests_validations_assertions.assertElementAttribute_false_regexComparison_expectedToPass]
################################################################################################################################################
[ReportManager] Element Action [Type] successfully performed. With the following test data [Automation123]. @01-10-2021 01:58:53.0282 AM
[ReportManager] Element Action [GetText] successfully performed. With the following test data [Automation123]. @01-10-2021 01:58:53.0404 AM
[ReportManager] Loaded Shared OpenCV @01-10-2021 01:58:53.0586 AM
[ReportManager] Assertion [ValidateElementAttribute] PASSED. Expected [Value Should not be 'Automation' for the 'text' attribute, element locator 'By.name: q'] and Actual [Automation123]. Comparison Type [MATCHES]. Validation Type [NEGATIVE]. @01-10-2021 01:58:53.0676 AM
[ReportManager] Successfully created attachment [Screenshot - 1633053533586_assertElementAttribute_false_regexComparison_expectedToPass_ValidateElementAttribute_passed] @01-10-2021 01:58:53.0677 A
[ReportManager] Browser Action [CloseCurrentWindow] successfully performed. @01-10-2021 01:58:53.0813 AM
[ReportManager] Successfully created attachment [Browser Action Test Data - CloseCurrentWindow - Actual Value] @01-10-2021 01:58:53.0814 A
[ReportManager] File Action [GetAbsolutePath] successfully performed. With the following test data [Relative Folder Path: "target/downloadedFiles/"]. @01-10-2021 01:58:53.0824 AM
[ReportManager] Attempting to run remotely on: [Linux-64], [GoogleChrome], [http://localhost:4444/wd/hub], Headless Execution. @01-10-2021 01:58:53.0825 AM
[ReportManager] Successfully Opened [GoogleChrome]. @01-10-2021 01:58:54.0135 AM
[ReportManager] Target URL: [https://www.google.com/ncr], and after redirection: [www.google.com] @01-10-2021 01:58:54.0151 AM
[ReportManager] Initial URL: [data:,] @01-10-2021 01:58:54.0199 AM
[ReportManager] Browser Action [NavigateToURL] successfully performed. With the following test data [https://www.google.com/ncr]. @01-10-2021 01:58:55.0018 A

################################################################################################################################################
Starting Execution:	[17 out of 144] test cases in the current suite
Test Method:		[unitTests.tests_validations_assertions.assertElementAttribute_true_caseInsensitiveComparison_expectedToFail]
################################################################################################################################################
[ReportManager] Element Action [Type] successfully performed. With the following test data [AUTOMATION]. @01-10-2021 01:58:55.0400 AM
[ReportManager] Element Action [GetText] successfully performed. With the following test data [AUTOMATION]. @01-10-2021 01:58:55.0510 AM
[ReportManager] Loaded Shared OpenCV @01-10-2021 01:58:55.0671 AM
[ReportManager] Assertion [ValidateElementAttribute] FAILED. Expected [Value Should be 'AutomaTion123' for the 'text' attribute, element locator 'By.name: q'] and Actual [AUTOMATION]. Comparison Type [CASE_INSENSITIVE]. Validation Type [POSITIVE]. @01-10-2021 01:58:55.0755 AM
[ReportManager] Successfully created attachment [Screenshot - 1633053535671_assertElementAttribute_true_caseInsensitiveComparison_expectedToFail_ValidateElementAttribute_failed] @01-10-2021 01:58:55.0756 A
[ReportManager] Browser Action [CloseCurrentWindow] successfully performed. @01-10-2021 01:58:55.0920 AM
[ReportManager] Successfully created attachment [Browser Action Test Data - CloseCurrentWindow - Actual Value] @01-10-2021 01:58:55.0921 A
[ReportManager] File Action [GetAbsolutePath] successfully performed. With the following test data [Relative Folder Path: "target/downloadedFiles/"]. @01-10-2021 01:58:55.0924 AM
[ReportManager] Attempting to run remotely on: [Linux-64], [GoogleChrome], [http://localhost:4444/wd/hub], Headless Execution. @01-10-2021 01:58:55.0925 AM
[ReportManager] Successfully Opened [GoogleChrome]. @01-10-2021 01:58:56.0175 AM
[ReportManager] Target URL: [https://www.google.com/ncr], and after redirection: [www.google.com] @01-10-2021 01:58:56.0187 AM
[ReportManager] Initial URL: [data:,] @01-10-2021 01:58:56.0239 AM
[ReportManager] Browser Action [NavigateToURL] successfully performed. With the following test data [https://www.google.com/ncr]. @01-10-2021 01:58:57.0091 A

################################################################################################################################################
Starting Execution:	[18 out of 144] test cases in the current suite
Test Method:		[unitTests.tests_validations_assertions.assertElementAttribute_true_caseInsensitiveComparison_expectedToPass]
################################################################################################################################################
[ReportManager] Element Action [Type] successfully performed. With the following test data [AUTOMATION]. @01-10-2021 01:58:57.0538 AM
[ReportManager] Element Action [GetText] successfully performed. With the following test data [AUTOMATION]. @01-10-2021 01:58:57.0652 AM
[ReportManager] Loaded Shared OpenCV @01-10-2021 01:58:57.0796 AM
[ReportManager] Assertion [ValidateElementAttribute] PASSED. Expected [Value Should be 'AutomaTion' for the 'text' attribute, element locator 'By.name: q'] and Actual [AUTOMATION]. Comparison Type [CASE_INSENSITIVE]. Validation Type [POSITIVE]. @01-10-2021 01:58:57.0885 AM
[ReportManager] Successfully created attachment [Screenshot - 1633053537796_assertElementAttribute_true_caseInsensitiveComparison_expectedToPass_ValidateElementAttribute_passed] @01-10-2021 01:58:57.0886 A
[ReportManager] Browser Action [CloseCurrentWindow] successfully performed. @01-10-2021 01:58:58.0023 AM
[ReportManager] Successfully created attachment [Browser Action Test Data - CloseCurrentWindow - Actual Value] @01-10-2021 01:58:58.0024 A
[ReportManager] File Action [GetAbsolutePath] successfully performed. With the following test data [Relative Folder Path: "target/downloadedFiles/"]. @01-10-2021 01:58:58.0029 AM
[ReportManager] Attempting to run remotely on: [Linux-64], [GoogleChrome], [http://localhost:4444/wd/hub], Headless Execution. @01-10-2021 01:58:58.0029 AM
[ReportManager] Successfully Opened [GoogleChrome]. @01-10-2021 01:58:58.0275 AM
[ReportManager] Target URL: [https://www.google.com/ncr], and after redirection: [www.google.com] @01-10-2021 01:58:58.0288 AM
[ReportManager] Initial URL: [data:,] @01-10-2021 01:58:58.0353 AM
[ReportManager] Browser Action [NavigateToURL] successfully performed. With the following test data [https://www.google.com/ncr]. @01-10-2021 01:58:59.0215 A

################################################################################################################################################
Starting Execution:	[19 out of 144] test cases in the current suite
Test Method:		[unitTests.tests_validations_assertions.assertElementAttribute_true_containsComparison_expectedToFail]
################################################################################################################################################
[ReportManager] Element Action [Type] successfully performed. With the following test data [Automation123]. @01-10-2021 01:58:59.0599 AM
[ReportManager] Element Action [GetText] successfully performed. With the following test data [Automation123]. @01-10-2021 01:58:59.0733 AM
[ReportManager] Loaded Shared OpenCV @01-10-2021 01:58:59.0887 AM
[ReportManager] Assertion [ValidateElementAttribute] FAILED. Expected [Value Should be 'Automation1234' for the 'text' attribute, element locator 'By.name: q'] and Actual [Automation123]. Comparison Type [CONTAINS]. Validation Type [POSITIVE]. @01-10-2021 01:58:59.0973 AM
[ReportManager] Successfully created attachment [Screenshot - 1633053539886_assertElementAttribute_true_containsComparison_expectedToFail_ValidateElementAttribute_failed] @01-10-2021 01:58:59.0974 A
[ReportManager] Browser Action [CloseCurrentWindow] successfully performed. @01-10-2021 01:59:00.0112 AM
[ReportManager] Successfully created attachment [Browser Action Test Data - CloseCurrentWindow - Actual Value] @01-10-2021 01:59:00.0113 A
[ReportManager] File Action [GetAbsolutePath] successfully performed. With the following test data [Relative Folder Path: "target/downloadedFiles/"]. @01-10-2021 01:59:00.0116 AM
[ReportManager] Attempting to run remotely on: [Linux-64], [GoogleChrome], [http://localhost:4444/wd/hub], Headless Execution. @01-10-2021 01:59:00.0116 AM
[ReportManager] Successfully Opened [GoogleChrome]. @01-10-2021 01:59:00.0363 AM
[ReportManager] Target URL: [https://www.google.com/ncr], and after redirection: [www.google.com] @01-10-2021 01:59:00.0374 AM
[ReportManager] Initial URL: [data:,] @01-10-2021 01:59:00.0418 AM
[ReportManager] Browser Action [NavigateToURL] successfully performed. With the following test data [https://www.google.com/ncr]. @01-10-2021 01:59:01.0274 A

################################################################################################################################################
Starting Execution:	[20 out of 144] test cases in the current suite
Test Method:		[unitTests.tests_validations_assertions.assertElementAttribute_true_containsComparison_expectedToPass]
################################################################################################################################################
[ReportManager] Element Action [Type] successfully performed. With the following test data [Automation123]. @01-10-2021 01:59:01.0692 AM
[ReportManager] Element Action [GetText] successfully performed. With the following test data [Automation123]. @01-10-2021 01:59:01.0802 AM
[ReportManager] Loaded Shared OpenCV @01-10-2021 01:59:01.0944 AM
[ReportManager] Assertion [ValidateElementAttribute] PASSED. Expected [Value Should be 'Automation' for the 'text' attribute, element locator 'By.name: q'] and Actual [Automation123]. Comparison Type [CONTAINS]. Validation Type [POSITIVE]. @01-10-2021 01:59:02.0027 AM
[ReportManager] Successfully created attachment [Screenshot - 1633053541944_assertElementAttribute_true_containsComparison_expectedToPass_ValidateElementAttribute_passed] @01-10-2021 01:59:02.0028 A
[ReportManager] Browser Action [CloseCurrentWindow] successfully performed. @01-10-2021 01:59:02.0162 AM
[ReportManager] Successfully created attachment [Browser Action Test Data - CloseCurrentWindow - Actual Value] @01-10-2021 01:59:02.0163 A
[ReportManager] File Action [GetAbsolutePath] successfully performed. With the following test data [Relative Folder Path: "target/downloadedFiles/"]. @01-10-2021 01:59:02.0166 AM
[ReportManager] Attempting to run remotely on: [Linux-64], [GoogleChrome], [http://localhost:4444/wd/hub], Headless Execution. @01-10-2021 01:59:02.0166 AM
[ReportManager] Successfully Opened [GoogleChrome]. @01-10-2021 01:59:02.0435 AM
[ReportManager] Target URL: [https://www.google.com/ncr], and after redirection: [www.google.com] @01-10-2021 01:59:02.0448 AM
[ReportManager] Initial URL: [data:,] @01-10-2021 01:59:02.0495 AM
[ReportManager] Browser Action [NavigateToURL] successfully performed. With the following test data [https://www.google.com/ncr]. @01-10-2021 01:59:03.0356 A

################################################################################################################################################
Starting Execution:	[21 out of 144] test cases in the current suite
Test Method:		[unitTests.tests_validations_assertions.assertElementAttribute_true_literalComparison_expectedToFail]
################################################################################################################################################
[ReportManager] Element Action [Type] successfully performed. With the following test data [Automation!@#$%^&*()_+{}[]\';/.,]. @01-10-2021 01:59:03.0841 AM
[ReportManager] Element Action [GetText] successfully performed. With the following test data [Automation!@#$%^&*()_+{}[]\';/.,]. @01-10-2021 01:59:03.0951 AM
[ReportManager] Loaded Shared OpenCV @01-10-2021 01:59:04.0106 AM
[ReportManager] Assertion [ValidateElementAttribute] FAILED. Expected [Value Should be 'Automation' for the 'text' attribute, element locator 'By.name: q'] and Actual [Automation!@#$%^&*()_+{}[]\';/.,]. Comparison Type [EQUALS]. Validation Type [POSITIVE]. @01-10-2021 01:59:04.0192 AM
[ReportManager] Successfully created attachment [Screenshot - 1633053544106_assertElementAttribute_true_literalComparison_expectedToFail_ValidateElementAttribute_failed] @01-10-2021 01:59:04.0193 A
[ReportManager] Browser Action [CloseCurrentWindow] successfully performed. @01-10-2021 01:59:04.0325 AM
[ReportManager] Successfully created attachment [Browser Action Test Data - CloseCurrentWindow - Actual Value] @01-10-2021 01:59:04.0326 A
[ReportManager] File Action [GetAbsolutePath] successfully performed. With the following test data [Relative Folder Path: "target/downloadedFiles/"]. @01-10-2021 01:59:04.0329 AM
[ReportManager] Attempting to run remotely on: [Linux-64], [GoogleChrome], [http://localhost:4444/wd/hub], Headless Execution. @01-10-2021 01:59:04.0329 AM
[ReportManager] Successfully Opened [GoogleChrome]. @01-10-2021 01:59:04.0587 AM
[ReportManager] Target URL: [https://www.google.com/ncr], and after redirection: [www.google.com] @01-10-2021 01:59:04.0606 AM
[ReportManager] Initial URL: [data:,] @01-10-2021 01:59:04.0650 AM
[ReportManager] Browser Action [NavigateToURL] successfully performed. With the following test data [https://www.google.com/ncr]. @01-10-2021 01:59:05.0491 A

################################################################################################################################################
Starting Execution:	[22 out of 144] test cases in the current suite
Test Method:		[unitTests.tests_validations_assertions.assertElementAttribute_true_literalComparison_expectedToPass]
################################################################################################################################################
[ReportManager] Element Action [Type] successfully performed. With the following test data [Automation!@#$%^&*()_+{}[]\';/.,]. @01-10-2021 01:59:05.0962 AM
[ReportManager] Element Action [GetText] successfully performed. With the following test data [Automation!@#$%^&*()_+{}[]\';/.,]. @01-10-2021 01:59:06.0067 AM
[ReportManager] Loaded Shared OpenCV @01-10-2021 01:59:06.0204 AM
[ReportManager] Assertion [ValidateElementAttribute] PASSED. Expected [Value Should be 'Automation!@#$%^&*()_+{}[]\';/.,' for the 'text' attribute, element locator 'By.name: q'] and Actual [Automation!@#$%^&*()_+{}[]\';/.,]. Comparison Type [EQUALS]. Validation Type [POSITIVE]. @01-10-2021 01:59:06.0285 AM
[ReportManager] Successfully created attachment [Screenshot - 1633053546203_assertElementAttribute_true_literalComparison_expectedToPass_ValidateElementAttribute_passed] @01-10-2021 01:59:06.0286 A
[ReportManager] Browser Action [CloseCurrentWindow] successfully performed. @01-10-2021 01:59:06.0420 AM
[ReportManager] Successfully created attachment [Browser Action Test Data - CloseCurrentWindow - Actual Value] @01-10-2021 01:59:06.0421 A
[ReportManager] File Action [GetAbsolutePath] successfully performed. With the following test data [Relative Folder Path: "target/downloadedFiles/"]. @01-10-2021 01:59:06.0423 AM
[ReportManager] Attempting to run remotely on: [Linux-64], [GoogleChrome], [http://localhost:4444/wd/hub], Headless Execution. @01-10-2021 01:59:06.0424 AM
[ReportManager] Successfully Opened [GoogleChrome]. @01-10-2021 01:59:06.0687 AM
[ReportManager] Target URL: [https://www.google.com/ncr], and after redirection: [www.google.com] @01-10-2021 01:59:06.0698 AM
[ReportManager] Initial URL: [data:,] @01-10-2021 01:59:06.0737 AM
[ReportManager] Browser Action [NavigateToURL] successfully performed. With the following test data [https://www.google.com/ncr]. @01-10-2021 01:59:07.0724 A

################################################################################################################################################
Starting Execution:	[23 out of 144] test cases in the current suite
Test Method:		[unitTests.tests_validations_assertions.assertElementAttribute_true_regexComparison_expectedToFail]
################################################################################################################################################
[ReportManager] Element Action [Type] successfully performed. With the following test data [Automation123]. @01-10-2021 01:59:08.0137 AM
[ReportManager] Element Action [GetText] successfully performed. With the following test data [Automation123]. @01-10-2021 01:59:08.0252 AM
[ReportManager] Loaded Shared OpenCV @01-10-2021 01:59:08.0432 AM
[ReportManager] Assertion [ValidateElementAttribute] FAILED. Expected [Value Should be 'Automation' for the 'text' attribute, element locator 'By.name: q'] and Actual [Automation123]. Comparison Type [MATCHES]. Validation Type [POSITIVE]. @01-10-2021 01:59:08.0518 AM
[ReportManager] Successfully created attachment [Screenshot - 1633053548431_assertElementAttribute_true_regexComparison_expectedToFail_ValidateElementAttribute_failed] @01-10-2021 01:59:08.0519 A
[ReportManager] Browser Action [CloseCurrentWindow] successfully performed. @01-10-2021 01:59:08.0661 AM
[ReportManager] Successfully created attachment [Browser Action Test Data - CloseCurrentWindow - Actual Value] @01-10-2021 01:59:08.0662 A
[ReportManager] File Action [GetAbsolutePath] successfully performed. With the following test data [Relative Folder Path: "target/downloadedFiles/"]. @01-10-2021 01:59:08.0665 AM
[ReportManager] Attempting to run remotely on: [Linux-64], [GoogleChrome], [http://localhost:4444/wd/hub], Headless Execution. @01-10-2021 01:59:08.0665 AM
[ReportManager] Successfully Opened [GoogleChrome]. @01-10-2021 01:59:08.0883 AM
[ReportManager] Target URL: [https://www.google.com/ncr], and after redirection: [www.google.com] @01-10-2021 01:59:08.0893 AM
[ReportManager] Initial URL: [data:,] @01-10-2021 01:59:08.0936 AM
[ReportManager] Browser Action [NavigateToURL] successfully performed. With the following test data [https://www.google.com/ncr]. @01-10-2021 01:59:09.0799 A

################################################################################################################################################
Starting Execution:	[24 out of 144] test cases in the current suite
Test Method:		[unitTests.tests_validations_assertions.assertElementAttribute_true_regexComparison_expectedToPass]
################################################################################################################################################
[ReportManager] Element Action [Type] successfully performed. With the following test data [Automation123]. @01-10-2021 01:59:10.0200 AM
[ReportManager] Element Action [GetText] successfully performed. With the following test data [Automation123]. @01-10-2021 01:59:10.0310 AM
[ReportManager] Loaded Shared OpenCV @01-10-2021 01:59:10.0446 AM
[ReportManager] Assertion [ValidateElementAttribute] PASSED. Expected [Value Should be 'Automation.*' for the 'text' attribute, element locator 'By.name: q'] and Actual [Automation123]. Comparison Type [MATCHES]. Validation Type [POSITIVE]. @01-10-2021 01:59:10.0525 AM
[ReportManager] Successfully created attachment [Screenshot - 1633053550446_assertElementAttribute_true_regexComparison_expectedToPass_ValidateElementAttribute_passed] @01-10-2021 01:59:10.0525 A
[ReportManager] Browser Action [CloseCurrentWindow] successfully performed. @01-10-2021 01:59:10.0646 AM
[ReportManager] Successfully created attachment [Browser Action Test Data - CloseCurrentWindow - Actual Value] @01-10-2021 01:59:10.0649 A
[ReportManager] File Action [GetAbsolutePath] successfully performed. With the following test data [Relative Folder Path: "target/downloadedFiles/"]. @01-10-2021 01:59:10.0653 AM
[ReportManager] Attempting to run remotely on: [Linux-64], [GoogleChrome], [http://localhost:4444/wd/hub], Headless Execution. @01-10-2021 01:59:10.0654 AM
[ReportManager] Successfully Opened [GoogleChrome]. @01-10-2021 01:59:10.0856 AM
[ReportManager] Target URL: [https://www.google.com/ncr], and after redirection: [www.google.com] @01-10-2021 01:59:10.0866 AM
[ReportManager] Initial URL: [data:,] @01-10-2021 01:59:10.0906 AM
[ReportManager] Browser Action [NavigateToURL] successfully performed. With the following test data [https://www.google.com/ncr]. @01-10-2021 01:59:11.0717 A

################################################################################################################################################
Starting Execution:	[25 out of 144] test cases in the current suite
Test Method:		[unitTests.tests_validations_assertions.assertElementAttribute_type_true_literalComparison_expectedToPass]
################################################################################################################################################
[ReportManager] Element Action [Type] successfully performed. With the following test data [Automation!@#$%^&*()_+{}[]\';/.,]. @01-10-2021 01:59:12.0261 AM
[ReportManager] Element Action [GetText] successfully performed. With the following test data [Automation!@#$%^&*()_+{}[]\';/.,]. @01-10-2021 01:59:12.0372 AM
[ReportManager] Loaded Shared OpenCV @01-10-2021 01:59:12.0510 AM
[ReportManager] Assertion [ValidateElementAttribute] PASSED. Expected [Value Should be 'Automation!@#$%^&*()_+{}[]\';/.,' for the 'text' attribute, element locator 'By.name: q'] and Actual [Automation!@#$%^&*()_+{}[]\';/.,]. Comparison Type [EQUALS]. Validation Type [POSITIVE]. @01-10-2021 01:59:12.0600 AM
[ReportManager] Successfully created attachment [Screenshot - 1633053552510_assertElementAttribute_type_true_literalComparison_expectedToPass_ValidateElementAttribute_passed] @01-10-2021 01:59:12.0602 A
[ReportManager] Browser Action [CloseCurrentWindow] successfully performed. @01-10-2021 01:59:12.0722 AM
[ReportManager] Successfully created attachment [Browser Action Test Data - CloseCurrentWindow - Actual Value] @01-10-2021 01:59:12.0723 A
[ReportManager] File Action [GetAbsolutePath] successfully performed. With the following test data [Relative Folder Path: "target/downloadedFiles/"]. @01-10-2021 01:59:12.0726 AM
[ReportManager] Attempting to run remotely on: [Linux-64], [GoogleChrome], [http://localhost:4444/wd/hub], Headless Execution. @01-10-2021 01:59:12.0726 AM
[ReportManager] Successfully Opened [GoogleChrome]. @01-10-2021 01:59:12.0958 AM
[ReportManager] Target URL: [https://www.google.com/ncr], and after redirection: [www.google.com] @01-10-2021 01:59:12.0970 AM
[ReportManager] Initial URL: [data:,] @01-10-2021 01:59:13.0021 AM
[ReportManager] Browser Action [NavigateToURL] successfully performed. With the following test data [https://www.google.com/ncr]. @01-10-2021 01:59:13.0929 A

################################################################################################################################################
Starting Execution:	[26 out of 144] test cases in the current suite
Test Method:		[unitTests.tests_validations_assertions.assertElementExists_false_expectedToFail]
################################################################################################################################################
[ReportManager] Assertion [ValidateElementExists] PASSED. Expected [Element Should not Exist, locator 'By.id: hplogo'] and Actual [Element Doesn't Exists]. Comparison Type [EQUALS]. Validation Type [NEGATIVE]. @01-10-2021 01:59:24.0395 AM
[ReportManager] Successfully created attachment [Screenshot - 1633053564227_assertElementExists_false_expectedToFail_ValidateElementExists_passed] @01-10-2021 01:59:24.0396 A
[ReportManager] Browser Action [CloseCurrentWindow] successfully performed. @01-10-2021 01:59:24.0521 AM
[ReportManager] Successfully created attachment [Browser Action Test Data - CloseCurrentWindow - Actual Value] @01-10-2021 01:59:24.0522 A
[ReportManager] File Action [GetAbsolutePath] successfully performed. With the following test data [Relative Folder Path: "target/downloadedFiles/"]. @01-10-2021 01:59:24.0526 AM
[ReportManager] Attempting to run remotely on: [Linux-64], [GoogleChrome], [http://localhost:4444/wd/hub], Headless Execution. @01-10-2021 01:59:24.0527 AM
[ReportManager] Successfully Opened [GoogleChrome]. @01-10-2021 01:59:24.0756 AM
[ReportManager] Target URL: [https://www.google.com/ncr], and after redirection: [www.google.com] @01-10-2021 01:59:24.0769 AM
[ReportManager] Initial URL: [data:,] @01-10-2021 01:59:24.0817 AM
[ReportManager] Browser Action [NavigateToURL] successfully performed. With the following test data [https://www.google.com/ncr]. @01-10-2021 01:59:25.0674 A

################################################################################################################################################
Starting Execution:	[27 out of 144] test cases in the current suite
Test Method:		[unitTests.tests_validations_assertions.assertElementExists_false_expectedToPass]
################################################################################################################################################
[ReportManager] Assertion [ValidateElementExists] PASSED. Expected [Element Should not Exist, locator 'By.id: fakeElement'] and Actual [Element Doesn't Exists]. Comparison Type [EQUALS]. Validation Type [NEGATIVE]. @01-10-2021 01:59:36.0121 AM
[ReportManager] Successfully created attachment [Screenshot - 1633053575993_assertElementExists_false_expectedToPass_ValidateElementExists_passed] @01-10-2021 01:59:36.0122 A
[ReportManager] Browser Action [CloseCurrentWindow] successfully performed. @01-10-2021 01:59:36.0283 AM
[ReportManager] Successfully created attachment [Browser Action Test Data - CloseCurrentWindow - Actual Value] @01-10-2021 01:59:36.0284 A
[ReportManager] File Action [GetAbsolutePath] successfully performed. With the following test data [Relative Folder Path: "target/downloadedFiles/"]. @01-10-2021 01:59:36.0288 AM
[ReportManager] Attempting to run remotely on: [Linux-64], [GoogleChrome], [http://localhost:4444/wd/hub], Headless Execution. @01-10-2021 01:59:36.0288 AM
[ReportManager] Successfully Opened [GoogleChrome]. @01-10-2021 01:59:36.0519 AM
[ReportManager] Target URL: [https://www.google.com/ncr], and after redirection: [www.google.com] @01-10-2021 01:59:36.0536 AM
[ReportManager] Initial URL: [data:,] @01-10-2021 01:59:36.0584 AM
[ReportManager] Browser Action [NavigateToURL] successfully performed. With the following test data [https://www.google.com/ncr]. @01-10-2021 01:59:37.0449 A

################################################################################################################################################
Starting Execution:	[28 out of 144] test cases in the current suite
Test Method:		[unitTests.tests_validations_assertions.assertElementExists_false_multipleElementsFound_expectedToFail]
################################################################################################################################################
[ReportManager] Assertion [ValidateElementExists] FAILED. Expected [Element Should not Exist, locator 'By.xpath: //div'] and Actual [Element Exists but is not unique]. Comparison Type [EQUALS]. Validation Type [NEGATIVE]. @01-10-2021 01:59:37.0743 AM
[ReportManager] Successfully created attachment [Screenshot - 1633053577676_assertElementExists_false_multipleElementsFound_expectedToFail_ValidateElementExists_failed] @01-10-2021 01:59:37.0744 A
[ReportManager] Browser Action [CloseCurrentWindow] successfully performed. @01-10-2021 01:59:37.0880 AM
[ReportManager] Successfully created attachment [Browser Action Test Data - CloseCurrentWindow - Actual Value] @01-10-2021 01:59:37.0886 A
[ReportManager] File Action [GetAbsolutePath] successfully performed. With the following test data [Relative Folder Path: "target/downloadedFiles/"]. @01-10-2021 01:59:37.0889 AM
[ReportManager] Attempting to run remotely on: [Linux-64], [GoogleChrome], [http://localhost:4444/wd/hub], Headless Execution. @01-10-2021 01:59:37.0890 AM
[ReportManager] Successfully Opened [GoogleChrome]. @01-10-2021 01:59:38.0102 AM
[ReportManager] Target URL: [https://www.google.com/ncr], and after redirection: [www.google.com] @01-10-2021 01:59:38.0117 AM
[ReportManager] Initial URL: [data:,] @01-10-2021 01:59:38.0179 AM
[ReportManager] Browser Action [NavigateToURL] successfully performed. With the following test data [https://www.google.com/ncr]. @01-10-2021 01:59:39.0052 A

################################################################################################################################################
Starting Execution:	[29 out of 144] test cases in the current suite
Test Method:		[unitTests.tests_validations_assertions.assertElementExists_true_expectedToFail]
################################################################################################################################################
[ReportManager] Assertion [ValidateElementExists] FAILED. Expected [Element Should Exist, locator 'By.id: fakeElement'] and Actual [Element Doesn't Exists]. Comparison Type [EQUALS]. Validation Type [POSITIVE]. @01-10-2021 02:00:09.0737 AM
[ReportManager] Successfully created attachment [Screenshot - 1633053609665_assertElementExists_true_expectedToFail_ValidateElementExists_failed] @01-10-2021 02:00:09.0742 A
[ReportManager] Browser Action [CloseCurrentWindow] successfully performed. @01-10-2021 02:00:09.0887 AM
[ReportManager] Successfully created attachment [Browser Action Test Data - CloseCurrentWindow - Actual Value] @01-10-2021 02:00:09.0888 A
[ReportManager] File Action [GetAbsolutePath] successfully performed. With the following test data [Relative Folder Path: "target/downloadedFiles/"]. @01-10-2021 02:00:09.0891 AM
[ReportManager] Attempting to run remotely on: [Linux-64], [GoogleChrome], [http://localhost:4444/wd/hub], Headless Execution. @01-10-2021 02:00:09.0891 AM
[ReportManager] Successfully Opened [GoogleChrome]. @01-10-2021 02:00:10.0113 AM
[ReportManager] Target URL: [https://www.google.com/ncr], and after redirection: [www.google.com] @01-10-2021 02:00:10.0124 AM
[ReportManager] Initial URL: [data:,] @01-10-2021 02:00:10.0165 AM
[ReportManager] Browser Action [NavigateToURL] successfully performed. With the following test data [https://www.google.com/ncr]. @01-10-2021 02:00:11.0036 A

################################################################################################################################################
Starting Execution:	[30 out of 144] test cases in the current suite
Test Method:		[unitTests.tests_validations_assertions.assertElementExists_true_expectedToPass]
################################################################################################################################################
[ReportManager] Loaded Shared OpenCV @01-10-2021 02:00:11.0226 AM
[ReportManager] Assertion [ValidateElementExists] PASSED. Expected [Element Should Exist, locator 'By.xpath: //*[@id='hplogo' or @alt='Google']'] and Actual [Element Exists]. Comparison Type [EQUALS]. Validation Type [POSITIVE]. @01-10-2021 02:00:11.0345 AM
[ReportManager] Successfully created attachment [Screenshot - 1633053611226_assertElementExists_true_expectedToPass_ValidateElementExists_passed] @01-10-2021 02:00:11.0347 A
[ReportManager] Browser Action [CloseCurrentWindow] successfully performed. @01-10-2021 02:00:11.0482 AM
[ReportManager] Successfully created attachment [Browser Action Test Data - CloseCurrentWindow - Actual Value] @01-10-2021 02:00:11.0482 A
[ReportManager] File Action [GetAbsolutePath] successfully performed. With the following test data [Relative Folder Path: "target/downloadedFiles/"]. @01-10-2021 02:00:11.0486 AM
[ReportManager] Attempting to run remotely on: [Linux-64], [GoogleChrome], [http://localhost:4444/wd/hub], Headless Execution. @01-10-2021 02:00:11.0486 AM
[ReportManager] Successfully Opened [GoogleChrome]. @01-10-2021 02:00:11.0707 AM
[ReportManager] Target URL: [https://www.google.com/ncr], and after redirection: [www.google.com] @01-10-2021 02:00:11.0722 AM
[ReportManager] Initial URL: [data:,] @01-10-2021 02:00:11.0763 AM
[ReportManager] Browser Action [NavigateToURL] successfully performed. With the following test data [https://www.google.com/ncr]. @01-10-2021 02:00:12.0623 A

################################################################################################################################################
Starting Execution:	[31 out of 144] test cases in the current suite
Test Method:		[unitTests.tests_validations_assertions.assertElementExists_true_multipleElementsFound_expectedToFail]
################################################################################################################################################
[ReportManager] Assertion [ValidateElementExists] FAILED. Expected [Element Should Exist, locator 'By.xpath: //div'] and Actual [Element Exists but is not unique]. Comparison Type [EQUALS]. Validation Type [POSITIVE]. @01-10-2021 02:00:12.0912 AM
[ReportManager] Successfully created attachment [Screenshot - 1633053612805_assertElementExists_true_multipleElementsFound_expectedToFail_ValidateElementExists_failed] @01-10-2021 02:00:12.0919 A
[ReportManager] Browser Action [CloseCurrentWindow] successfully performed. @01-10-2021 02:00:13.0044 AM
[ReportManager] Successfully created attachment [Browser Action Test Data - CloseCurrentWindow - Actual Value] @01-10-2021 02:00:13.0045 A

################################################################################################################################################
Starting Execution:	[32 out of 144] test cases in the current suite
Test Method:		[unitTests.tests_validations_assertions.assertEquals_false_expectedToFail]
################################################################################################################################################
[ReportManager] Assertion [ValidateEquals] FAILED. Expected [1] and Actual [1]. Comparison Type [EQUALS]. Validation Type [NEGATIVE]. @01-10-2021 02:00:13.0049 A

################################################################################################################################################
Starting Execution:	[33 out of 144] test cases in the current suite
Test Method:		[unitTests.tests_validations_assertions.assertEquals_false_expectedToPass]
################################################################################################################################################
[ReportManager] Assertion [ValidateEquals] PASSED. Expected [1] and Actual [2]. Comparison Type [EQUALS]. Validation Type [NEGATIVE]. @01-10-2021 02:00:13.0056 A

################################################################################################################################################
Starting Execution:	[34 out of 144] test cases in the current suite
Test Method:		[unitTests.tests_validations_assertions.assertEquals_longCharacters]
################################################################################################################################################
[ReportManager] Verification [ValidateEquals] PASSED. Expected and Actual values are attached. Comparison Type [EQUALS]. Validation Type [POSITIVE]. @01-10-2021 02:00:13.0063 AM
[ReportManager] Successfully created attachment [Validation Test Data - Expected Value] @01-10-2021 02:00:13.0063 AM
[ReportManager] Successfully created attachment [Validation Test Data - Actual Value] @01-10-2021 02:00:13.0064 AM
[ReportManager] Assertion [ValidateEquals] PASSED. Expected and Actual values are attached. Comparison Type [EQUALS]. Validation Type [POSITIVE]. @01-10-2021 02:00:13.0064 AM
[ReportManager] Successfully created attachment [Validation Test Data - Expected Value] @01-10-2021 02:00:13.0064 AM
[ReportManager] Successfully created attachment [Validation Test Data - Actual Value] @01-10-2021 02:00:13.0064 A

################################################################################################################################################
Starting Execution:	[35 out of 144] test cases in the current suite
Test Method:		[unitTests.tests_validations_assertions.assertEquals_longCharacters_Discreet]
################################################################################################################################################
[ReportManager] Assertion [ValidateEquals] PASSED. Expected [1LH5pROcDBjjQk0t0mCr0lXuzQu9lcGj28kY8R1H81X67eVAQJgWQhILiRWVPUgZ6uCtK5cnBkF55Jr9vYngjGO1Iyf0Mktv6lruDlL9T8MAUPcUZJGHZtji6nIeadujDSNmWMj5d6C8zlFqw0CRqBU0hO5adIasHgBSNoLotAjce3NGXoDwAlp3rYreeV16VIyZXROQY] and Actual [1LH5pROcDBjjQk0t0mCr0lXuzQu9lcGj28kY8R1H81X67eVAQJgWQhILiRWVPUgZ6uCtK5cnBkF55Jr9vYngjGO1Iyf0Mktv6lruDlL9T8MAUPcUZJGHZtji6nIeadujDSNmWMj5d6C8zlFqw0CRqBU0hO5adIasHgBSNoLotAjce3NGXoDwAlp3rYreeV16VIyZXROQY]. Comparison Type [EQUALS]. Validation Type [POSITIVE]. @01-10-2021 02:00:13.0068 A

################################################################################################################################################
Starting Execution:	[36 out of 144] test cases in the current suite
Test Method:		[unitTests.tests_validations_assertions.assertEquals_true_expectedToFail]
################################################################################################################################################
[ReportManager] Assertion [ValidateEquals] FAILED. Expected [1] and Actual [2]. Comparison Type [EQUALS]. Validation Type [POSITIVE]. @01-10-2021 02:00:13.0071 A

################################################################################################################################################
Starting Execution:	[37 out of 144] test cases in the current suite
Test Method:		[unitTests.tests_validations_assertions.assertEquals_true_expectedToPass]
Test Description:	[Assert that assertEquals works as expected when the two values are equal.]
################################################################################################################################################
[ReportManager] Verification [ValidateEquals] PASSED. Expected [1] and Actual [1]. Comparison Type [EQUALS]. Validation Type [POSITIVE]. @01-10-2021 02:00:13.0081 AM
[ReportManager] Assertion [ValidateEquals] PASSED. Expected [1] and Actual [1]. Comparison Type [EQUALS]. Validation Type [POSITIVE]. @01-10-2021 02:00:13.0082 A

################################################################################################################################################
Starting Execution:	[38 out of 144] test cases in the current suite
Test Method:		[unitTests.tests_validations_assertions.assertEquals_true_expectedToPass__]
################################################################################################################################################
[ReportManager] Assertion [ValidateEquals] PASSED. Expected [1] and Actual [1]. Comparison Type [EQUALS]. Validation Type [POSITIVE]. @01-10-2021 02:00:13.0086 A

################################################################################################################################################
Starting Execution:	[39 out of 144] test cases in the current suite
Test Method:		[unitTests.tests_validations_assertions.assertFileExists_false_expectedToFail]
################################################################################################################################################
[ReportManager] File Action [DoesFileExist] successfully performed. With the following test data [File Path: "src/main/java/com/shaft/gui/element/ElementActions.java"]. @01-10-2021 02:00:13.0090 AM
[ReportManager] Assertion [ValidateFileExists] FAILED. Expected [File 'src/main/java/com/shaft/gui/element/ElementActions.java' should not exist, after up to '1' retries] and Actual [File exists]. Validation Type [NEGATIVE]. @01-10-2021 02:00:13.0100 A

################################################################################################################################################
Starting Execution:	[40 out of 144] test cases in the current suite
Test Method:		[unitTests.tests_validations_assertions.assertFileExists_false_expectedToPass]
################################################################################################################################################
[ReportManager] File Action [DoesFileExist] successfully performed. With the following test data [File Path: "src/main/java/com/shaft/gui/element/ElementActions.java_fail"]. @01-10-2021 02:00:13.0604 AM
[ReportManager] Assertion [ValidateFileExists] PASSED. Expected [File 'src/main/java/com/shaft/gui/element/ElementActions.java_fail' should not exist, after up to '1' retries] and Actual [File does not exist]. Validation Type [NEGATIVE]. @01-10-2021 02:00:13.0605 A

################################################################################################################################################
Starting Execution:	[41 out of 144] test cases in the current suite
Test Method:		[unitTests.tests_validations_assertions.assertFileExists_true_expectedToFail]
################################################################################################################################################
[ReportManager] File Action [DoesFileExist] successfully performed. With the following test data [File Path: "src/main/java/com/shaft/gui/element/ElementActions.java_fail"]. @01-10-2021 02:00:14.0110 AM
[ReportManager] Assertion [ValidateFileExists] FAILED. Expected [File 'src/main/java/com/shaft/gui/element/ElementActions.java_fail' should exist, after up to '1' retries] and Actual [File does not exist]. Validation Type [POSITIVE]. @01-10-2021 02:00:14.0111 A

################################################################################################################################################
Starting Execution:	[42 out of 144] test cases in the current suite
Test Method:		[unitTests.tests_validations_assertions.assertFileExists_true_expectedToPass]
################################################################################################################################################
[ReportManager] File Action [DoesFileExist] successfully performed. With the following test data [File Path: "src/main/java/com/shaft/gui/element/ElementActions.java"]. @01-10-2021 02:00:14.0115 AM
[ReportManager] Assertion [ValidateFileExists] PASSED. Expected [File 'src/main/java/com/shaft/gui/element/ElementActions.java' should exist, after up to '1' retries] and Actual [File exists]. Validation Type [POSITIVE]. @01-10-2021 02:00:14.0116 A

################################################################################################################################################
Starting Execution:	[43 out of 144] test cases in the current suite
Test Method:		[unitTests.tests_validations_assertions.assertNull_false_expectedToFail]
################################################################################################################################################
[ReportManager] Assertion [ValidateNull] FAILED. Expected [NULL] and Actual [NULL]. Comparison Type [EQUALS]. Validation Type [NEGATIVE]. @01-10-2021 02:00:14.0118 A

################################################################################################################################################
Starting Execution:	[44 out of 144] test cases in the current suite
Test Method:		[unitTests.tests_validations_assertions.assertNull_false_expectedToPass]
################################################################################################################################################
[ReportManager] Assertion [ValidateNull] PASSED. Expected [NULL] and Actual [1]. Comparison Type [EQUALS]. Validation Type [NEGATIVE]. @01-10-2021 02:00:14.0122 A

################################################################################################################################################
Starting Execution:	[45 out of 144] test cases in the current suite
Test Method:		[unitTests.tests_validations_assertions.assertNull_true_expectedToFail]
################################################################################################################################################
[ReportManager] Assertion [ValidateNull] FAILED. Expected [NULL] and Actual [1]. Comparison Type [EQUALS]. Validation Type [POSITIVE]. @01-10-2021 02:00:14.0126 A

################################################################################################################################################
Starting Execution:	[46 out of 144] test cases in the current suite
Test Method:		[unitTests.tests_validations_assertions.assertNull_true_expectedToPass]
################################################################################################################################################
[ReportManager] Assertion [ValidateNull] PASSED. Expected [NULL] and Actual [NULL]. Comparison Type [EQUALS]. Validation Type [POSITIVE]. @01-10-2021 02:00:14.0128 A

################################################################################################################################################
Starting Execution:	[47 out of 144] test cases in the current suite
Test Method:		[unitTests.tests_restActions.getPostsAndAssertBodyForSpecificTitle]
################################################################################################################################################
[ReportManager] Response status code: [200], status line: [HTTP/1.1 200 OK] @01-10-2021 02:00:16.0753 AM
[ReportManager] Assertion Passed: Evaluating the actual response status code against the expected one... @01-10-2021 02:00:16.0754 AM
[ReportManager] Assertion [ValidateEquals] PASSED. Expected [200] and Actual [200]. Comparison Type [EQUALS]. Validation Type [POSITIVE]. @01-10-2021 02:00:16.0754 AM
[ReportManager] API Action [PerformRequest] successfully performed. With the following test data [Request Type: "GET" | Target Status Code: "200" | Service URL: "https://jsonplaceholder.typicode.com/posts" | Content Type: "*/*" | Response Time: "911ms"]. @01-10-2021 02:00:17.0983 AM
[ReportManager] Successfully created attachment [API Request - Specifications] @01-10-2021 02:00:17.0984 AM
[ReportManager] Successfully created attachment [API Response - JSON Body] @01-10-2021 02:00:18.0309 AM
[ReportManager] API Action [GetResponseJSONValueAsList] successfully performed. @01-10-2021 02:00:18.0327 AM
[ReportManager] API Action [GetResponseJSONValue] successfully performed. With the following test data [title]. @01-10-2021 02:00:18.0349 AM
[ReportManager] API Action [GetResponseJSONValue] successfully performed. With the following test data [title]. @01-10-2021 02:00:18.0363 AM
[ReportManager] API Action [GetResponseJSONValue] successfully performed. With the following test data [body]. @01-10-2021 02:00:18.0375 AM
[ReportManager] Assertion [ValidateEquals] PASSED. Expected [qui neque nisi nulla] and Actual [est rerum tempore vitae
sequi sint nihil reprehenderit dolor beatae ea dolores neque
fugiat blanditiis voluptate porro vel nihil molestiae ut reiciendis
qui aperiam non debitis possimus qui neque nisi nulla]. Comparison Type [CONTAINS]. Validation Type [POSITIVE]. @01-10-2021 02:00:18.0376 AM
[ReportManager] API Action [GetResponseJSONValue] successfully performed. With the following test data [title]. @01-10-2021 02:00:18.0388 AM
[ReportManager] API Action [GetResponseJSONValue] successfully performed. With the following test data [title]. @01-10-2021 02:00:18.0401 AM
[ReportManager] API Action [GetResponseJSONValue] successfully performed. With the following test data [title]. @01-10-2021 02:00:18.0414 AM
[ReportManager] API Action [GetResponseJSONValue] successfully performed. With the following test data [title]. @01-10-2021 02:00:18.0424 AM
[ReportManager] API Action [GetResponseJSONValue] successfully performed. With the following test data [title]. @01-10-2021 02:00:18.0436 AM
[ReportManager] API Action [GetResponseJSONValue] successfully performed. With the following test data [title]. @01-10-2021 02:00:18.0447 AM
[ReportManager] API Action [GetResponseJSONValue] successfully performed. With the following test data [title]. @01-10-2021 02:00:18.0458 AM
[ReportManager] API Action [GetResponseJSONValue] successfully performed. With the following test data [title]. @01-10-2021 02:00:18.0469 AM
[ReportManager] API Action [GetResponseJSONValue] successfully performed. With the following test data [title]. @01-10-2021 02:00:18.0480 AM
[ReportManager] API Action [GetResponseJSONValue] successfully performed. With the following test data [title]. @01-10-2021 02:00:18.0491 AM
[ReportManager] API Action [GetResponseJSONValue] successfully performed. With the following test data [title]. @01-10-2021 02:00:18.0506 AM
[ReportManager] API Action [GetResponseJSONValue] successfully performed. With the following test data [title]. @01-10-2021 02:00:18.0520 AM
[ReportManager] API Action [GetResponseJSONValue] successfully performed. With the following test data [title]. @01-10-2021 02:00:18.0531 AM
[ReportManager] API Action [GetResponseJSONValue] successfully performed. With the following test data [title]. @01-10-2021 02:00:18.0542 AM
[ReportManager] API Action [GetResponseJSONValue] successfully performed. With the following test data [title]. @01-10-2021 02:00:18.0554 AM
[ReportManager] API Action [GetResponseJSONValue] successfully performed. With the following test data [title]. @01-10-2021 02:00:18.0564 AM
[ReportManager] API Action [GetResponseJSONValue] successfully performed. With the following test data [title]. @01-10-2021 02:00:18.0575 AM
[ReportManager] API Action [GetResponseJSONValue] successfully performed. With the following test data [title]. @01-10-2021 02:00:18.0587 AM
[ReportManager] API Action [GetResponseJSONValue] successfully performed. With the following test data [title]. @01-10-2021 02:00:18.0599 AM
[ReportManager] API Action [GetResponseJSONValue] successfully performed. With the following test data [title]. @01-10-2021 02:00:18.0610 AM
[ReportManager] API Action [GetResponseJSONValue] successfully performed. With the following test data [title]. @01-10-2021 02:00:18.0621 AM
[ReportManager] API Action [GetResponseJSONValue] successfully performed. With the following test data [title]. @01-10-2021 02:00:18.0632 AM
[ReportManager] API Action [GetResponseJSONValue] successfully performed. With the following test data [title]. @01-10-2021 02:00:18.0643 AM
[ReportManager] API Action [GetResponseJSONValue] successfully performed. With the following test data [title]. @01-10-2021 02:00:18.0658 AM
[ReportManager] API Action [GetResponseJSONValue] successfully performed. With the following test data [title]. @01-10-2021 02:00:18.0668 AM
[ReportManager] API Action [GetResponseJSONValue] successfully performed. With the following test data [title]. @01-10-2021 02:00:18.0679 AM
[ReportManager] API Action [GetResponseJSONValue] successfully performed. With the following test data [title]. @01-10-2021 02:00:18.0691 AM
[ReportManager] API Action [GetResponseJSONValue] successfully performed. With the following test data [title]. @01-10-2021 02:00:18.0702 AM
[ReportManager] API Action [GetResponseJSONValue] successfully performed. With the following test data [title]. @01-10-2021 02:00:18.0711 AM
[ReportManager] API Action [GetResponseJSONValue] successfully performed. With the following test data [title]. @01-10-2021 02:00:18.0722 AM
[ReportManager] API Action [GetResponseJSONValue] successfully performed. With the following test data [title]. @01-10-2021 02:00:18.0732 AM
[ReportManager] API Action [GetResponseJSONValue] successfully performed. With the following test data [title]. @01-10-2021 02:00:18.0741 AM
[ReportManager] API Action [GetResponseJSONValue] successfully performed. With the following test data [title]. @01-10-2021 02:00:18.0751 AM
[ReportManager] API Action [GetResponseJSONValue] successfully performed. With the following test data [title]. @01-10-2021 02:00:18.0761 AM
[ReportManager] API Action [GetResponseJSONValue] successfully performed. With the following test data [title]. @01-10-2021 02:00:18.0772 AM
[ReportManager] API Action [GetResponseJSONValue] successfully performed. With the following test data [title]. @01-10-2021 02:00:18.0784 AM
[ReportManager] API Action [GetResponseJSONValue] successfully performed. With the following test data [title]. @01-10-2021 02:00:18.0795 AM
[ReportManager] API Action [GetResponseJSONValue] successfully performed. With the following test data [title]. @01-10-2021 02:00:18.0804 AM
[ReportManager] API Action [GetResponseJSONValue] successfully performed. With the following test data [title]. @01-10-2021 02:00:18.0815 AM
[ReportManager] API Action [GetResponseJSONValue] successfully performed. With the following test data [title]. @01-10-2021 02:00:18.0826 AM
[ReportManager] API Action [GetResponseJSONValue] successfully performed. With the following test data [title]. @01-10-2021 02:00:18.0836 AM
[ReportManager] API Action [GetResponseJSONValue] successfully performed. With the following test data [title]. @01-10-2021 02:00:18.0847 AM
[ReportManager] API Action [GetResponseJSONValue] successfully performed. With the following test data [title]. @01-10-2021 02:00:18.0856 AM
[ReportManager] API Action [GetResponseJSONValue] successfully performed. With the following test data [title]. @01-10-2021 02:00:18.0866 AM
[ReportManager] API Action [GetResponseJSONValue] successfully performed. With the following test data [title]. @01-10-2021 02:00:18.0875 AM
[ReportManager] API Action [GetResponseJSONValue] successfully performed. With the following test data [title]. @01-10-2021 02:00:18.0885 AM
[ReportManager] API Action [GetResponseJSONValue] successfully performed. With the following test data [title]. @01-10-2021 02:00:18.0895 AM
[ReportManager] API Action [GetResponseJSONValue] successfully performed. With the following test data [title]. @01-10-2021 02:00:18.0904 AM
[ReportManager] API Action [GetResponseJSONValue] successfully performed. With the following test data [title]. @01-10-2021 02:00:18.0914 AM
[ReportManager] API Action [GetResponseJSONValue] successfully performed. With the following test data [title]. @01-10-2021 02:00:18.0923 AM
[ReportManager] API Action [GetResponseJSONValue] successfully performed. With the following test data [title]. @01-10-2021 02:00:18.0932 AM
[ReportManager] API Action [GetResponseJSONValue] successfully performed. With the following test data [title]. @01-10-2021 02:00:18.0940 AM
[ReportManager] API Action [GetResponseJSONValue] successfully performed. With the following test data [title]. @01-10-2021 02:00:18.0950 AM
[ReportManager] API Action [GetResponseJSONValue] successfully performed. With the following test data [title]. @01-10-2021 02:00:18.0959 AM
[ReportManager] API Action [GetResponseJSONValue] successfully performed. With the following test data [title]. @01-10-2021 02:00:18.0968 AM
[ReportManager] API Action [GetResponseJSONValue] successfully performed. With the following test data [title]. @01-10-2021 02:00:18.0976 AM
[ReportManager] API Action [GetResponseJSONValue] successfully performed. With the following test data [title]. @01-10-2021 02:00:18.0986 AM
[ReportManager] API Action [GetResponseJSONValue] successfully performed. With the following test data [title]. @01-10-2021 02:00:18.0995 AM
[ReportManager] API Action [GetResponseJSONValue] successfully performed. With the following test data [title]. @01-10-2021 02:00:19.0005 AM
[ReportManager] API Action [GetResponseJSONValue] successfully performed. With the following test data [title]. @01-10-2021 02:00:19.0031 AM
[ReportManager] API Action [GetResponseJSONValue] successfully performed. With the following test data [title]. @01-10-2021 02:00:19.0041 AM
[ReportManager] API Action [GetResponseJSONValue] successfully performed. With the following test data [title]. @01-10-2021 02:00:19.0050 AM
[ReportManager] API Action [GetResponseJSONValue] successfully performed. With the following test data [title]. @01-10-2021 02:00:19.0060 AM
[ReportManager] API Action [GetResponseJSONValue] successfully performed. With the following test data [title]. @01-10-2021 02:00:19.0067 AM
[ReportManager] API Action [GetResponseJSONValue] successfully performed. With the following test data [title]. @01-10-2021 02:00:19.0076 AM
[ReportManager] API Action [GetResponseJSONValue] successfully performed. With the following test data [title]. @01-10-2021 02:00:19.0085 AM
[ReportManager] API Action [GetResponseJSONValue] successfully performed. With the following test data [title]. @01-10-2021 02:00:19.0095 AM
[ReportManager] API Action [GetResponseJSONValue] successfully performed. With the following test data [title]. @01-10-2021 02:00:19.0103 AM
[ReportManager] API Action [GetResponseJSONValue] successfully performed. With the following test data [title]. @01-10-2021 02:00:19.0112 AM
[ReportManager] API Action [GetResponseJSONValue] successfully performed. With the following test data [title]. @01-10-2021 02:00:19.0121 AM
[ReportManager] API Action [GetResponseJSONValue] successfully performed. With the following test data [title]. @01-10-2021 02:00:19.0131 AM
[ReportManager] API Action [GetResponseJSONValue] successfully performed. With the following test data [title]. @01-10-2021 02:00:19.0140 AM
[ReportManager] API Action [GetResponseJSONValue] successfully performed. With the following test data [title]. @01-10-2021 02:00:19.0149 AM
[ReportManager] API Action [GetResponseJSONValue] successfully performed. With the following test data [title]. @01-10-2021 02:00:19.0157 AM
[ReportManager] API Action [GetResponseJSONValue] successfully performed. With the following test data [title]. @01-10-2021 02:00:19.0166 AM
[ReportManager] API Action [GetResponseJSONValue] successfully performed. With the following test data [title]. @01-10-2021 02:00:19.0175 AM
[ReportManager] API Action [GetResponseJSONValue] successfully performed. With the following test data [title]. @01-10-2021 02:00:19.0191 AM
[ReportManager] API Action [GetResponseJSONValue] successfully performed. With the following test data [title]. @01-10-2021 02:00:19.0201 AM
[ReportManager] API Action [GetResponseJSONValue] successfully performed. With the following test data [title]. @01-10-2021 02:00:19.0220 AM
[ReportManager] API Action [GetResponseJSONValue] successfully performed. With the following test data [title]. @01-10-2021 02:00:19.0231 AM
[ReportManager] API Action [GetResponseJSONValue] successfully performed. With the following test data [title]. @01-10-2021 02:00:19.0244 AM
[ReportManager] API Action [GetResponseJSONValue] successfully performed. With the following test data [title]. @01-10-2021 02:00:19.0257 AM
[ReportManager] API Action [GetResponseJSONValue] successfully performed. With the following test data [title]. @01-10-2021 02:00:19.0270 AM
[ReportManager] API Action [GetResponseJSONValue] successfully performed. With the following test data [title]. @01-10-2021 02:00:19.0278 AM
[ReportManager] API Action [GetResponseJSONValue] successfully performed. With the following test data [title]. @01-10-2021 02:00:19.0294 AM
[ReportManager] API Action [GetResponseJSONValue] successfully performed. With the following test data [title]. @01-10-2021 02:00:19.0305 AM
[ReportManager] API Action [GetResponseJSONValue] successfully performed. With the following test data [title]. @01-10-2021 02:00:19.0314 AM
[ReportManager] API Action [GetResponseJSONValue] successfully performed. With the following test data [title]. @01-10-2021 02:00:19.0323 AM
[ReportManager] API Action [GetResponseJSONValue] successfully performed. With the following test data [title]. @01-10-2021 02:00:19.0332 AM
[ReportManager] API Action [GetResponseJSONValue] successfully performed. With the following test data [title]. @01-10-2021 02:00:19.0340 AM
[ReportManager] API Action [GetResponseJSONValue] successfully performed. With the following test data [title]. @01-10-2021 02:00:19.0349 AM
[ReportManager] API Action [GetResponseJSONValue] successfully performed. With the following test data [title]. @01-10-2021 02:00:19.0358 AM
[ReportManager] API Action [GetResponseJSONValue] successfully performed. With the following test data [title]. @01-10-2021 02:00:19.0365 AM
[ReportManager] API Action [GetResponseJSONValue] successfully performed. With the following test data [title]. @01-10-2021 02:00:19.0374 AM
[ReportManager] API Action [GetResponseJSONValue] successfully performed. With the following test data [title]. @01-10-2021 02:00:19.0382 AM
[ReportManager] API Action [GetResponseJSONValue] successfully performed. With the following test data [title]. @01-10-2021 02:00:19.0390 AM
[ReportManager] API Action [GetResponseJSONValue] successfully performed. With the following test data [title]. @01-10-2021 02:00:19.0398 AM
[ReportManager] API Action [GetResponseJSONValue] successfully performed. With the following test data [title]. @01-10-2021 02:00:19.0406 A

################################################################################################################################################
Starting Execution:	[48 out of 144] test cases in the current suite
Test Method:		[unitTests.tests_restActions.validateUserEmail]
################################################################################################################################################
[ReportManager] Response status code: [200], status line: [HTTP/1.1 200 OK] @01-10-2021 02:00:19.0490 AM
[ReportManager] Assertion Passed: Evaluating the actual response status code against the expected one... @01-10-2021 02:00:19.0491 AM
[ReportManager] Assertion [ValidateEquals] PASSED. Expected [200] and Actual [200]. Comparison Type [EQUALS]. Validation Type [POSITIVE]. @01-10-2021 02:00:19.0491 AM
[ReportManager] API Action [PerformRequest] successfully performed. With the following test data [Request Type: "GET" | Target Status Code: "200" | Service URL: "https://jsonplaceholder.typicode.com/users" | Content Type: "*/*" | Response Time: "75ms"]. @01-10-2021 02:00:19.0527 AM
[ReportManager] Successfully created attachment [API Request - Specifications] @01-10-2021 02:00:19.0528 AM
[ReportManager] Successfully created attachment [API Response - JSON Body] @01-10-2021 02:00:19.0528 AM
[ReportManager] Assertion [ValidateEquals] PASSED. Expected and Actual values are attached. Comparison Type [CONTAINS]. Validation Type [POSITIVE]. @01-10-2021 02:00:19.0528 AM
[ReportManager] Successfully created attachment [Validation Test Data - Expected Value] @01-10-2021 02:00:19.0529 AM
[ReportManager] Successfully created attachment [Validation Test Data - Actual Value] @01-10-2021 02:00:19.0529 AM
[ReportManager] API Action [GetResponseJSONValueAsList] successfully performed. With the following test data [$]. @01-10-2021 02:00:19.0537 AM
[ReportManager] API Action [GetResponseJSONValue] successfully performed. With the following test data [name]. @01-10-2021 02:00:19.0551 AM
[ReportManager] API Action [GetResponseJSONValue] successfully performed. With the following test data [email]. @01-10-2021 02:00:19.0562 AM
[ReportManager] Assertion [ValidateEquals] PASSED. Expected [Sincere@april.biz] and Actual [Sincere@april.biz]. Comparison Type [EQUALS]. Validation Type [POSITIVE]. @01-10-2021 02:00:19.0562 AM
[ReportManager] API Action [GetResponseJSONValue] successfully performed. With the following test data [name]. @01-10-2021 02:00:19.0574 AM
[ReportManager] API Action [GetResponseJSONValue] successfully performed. With the following test data [name]. @01-10-2021 02:00:19.0592 AM
[ReportManager] API Action [GetResponseJSONValue] successfully performed. With the following test data [name]. @01-10-2021 02:00:19.0609 AM
[ReportManager] API Action [GetResponseJSONValue] successfully performed. With the following test data [name]. @01-10-2021 02:00:19.0625 AM
[ReportManager] API Action [GetResponseJSONValue] successfully performed. With the following test data [name]. @01-10-2021 02:00:19.0638 AM
[ReportManager] API Action [GetResponseJSONValue] successfully performed. With the following test data [name]. @01-10-2021 02:00:19.0650 AM
[ReportManager] API Action [GetResponseJSONValue] successfully performed. With the following test data [name]. @01-10-2021 02:00:19.0660 AM
[ReportManager] API Action [GetResponseJSONValue] successfully performed. With the following test data [name]. @01-10-2021 02:00:19.0670 AM
[ReportManager] API Action [GetResponseJSONValue] successfully performed. With the following test data [name]. @01-10-2021 02:00:19.0682 A
[ReportManager] File Action [GetAbsolutePath] successfully performed. With the following test data [Relative Folder Path: "target/downloadedFiles/"]. @01-10-2021 02:00:19.0693 AM
[ReportManager] Attempting to run remotely on: [Linux-64], [GoogleChrome], [http://localhost:4444/wd/hub], Headless Execution. @01-10-2021 02:00:19.0693 AM
[ReportManager] Successfully Opened [GoogleChrome]. @01-10-2021 02:00:19.0904 A

################################################################################################################################################
Starting Execution:	[49 out of 144] test cases in the current suite
Test Method:		[unitTests.tests_element_elementActions.waitForElementToBePresent_false_expectedToFail]
################################################################################################################################################
[ReportManager] Target URL: [https://www.google.com/ncr], and after redirection: [www.google.com] @01-10-2021 02:00:19.0930 AM
[ReportManager] Initial URL: [data:,] @01-10-2021 02:00:19.0987 AM
[ReportManager] Browser Action [NavigateToURL] successfully performed. With the following test data [https://www.google.com/ncr]. @01-10-2021 02:00:20.0856 AM
[ReportManager] Waiting for element to be present; elementLocator [By.xpath: //*[@id='hplogo' or @alt='Google']], numberOfTries[1], stateOfPresence[false]... @01-10-2021 02:00:20.0859 AM
[ReportManager] Element Action [WaitForElementToBePresent] failed. With the following test data [waited for the element's state of presence to be (false). Element locator (By.xpath: //*[@id='hplogo' or @alt='Google'])]. @01-10-2021 02:00:21.0036 AM
[ReportManager] Successfully created attachment [Screenshot - 1633053620974_waitForElementToBePresent_false_expectedToFail_WaitForElementToBePresent_failed] @01-10-2021 02:00:21.0037 A
[ReportManager] Browser Action [CloseCurrentWindow] successfully performed. @01-10-2021 02:00:21.0164 AM
[ReportManager] Successfully created attachment [Browser Action Test Data - CloseCurrentWindow - Actual Value] @01-10-2021 02:00:21.0165 A
[ReportManager] File Action [GetAbsolutePath] successfully performed. With the following test data [Relative Folder Path: "target/downloadedFiles/"]. @01-10-2021 02:00:21.0168 AM
[ReportManager] Attempting to run remotely on: [Linux-64], [GoogleChrome], [http://localhost:4444/wd/hub], Headless Execution. @01-10-2021 02:00:21.0168 AM
[ReportManager] Successfully Opened [GoogleChrome]. @01-10-2021 02:00:21.0418 A

################################################################################################################################################
Starting Execution:	[50 out of 144] test cases in the current suite
Test Method:		[unitTests.tests_element_elementActions.waitForElementToBePresent_false_expectedToPass]
################################################################################################################################################
[ReportManager] Target URL: [https://www.google.com/ncr], and after redirection: [www.google.com] @01-10-2021 02:00:21.0432 AM
[ReportManager] Initial URL: [data:,] @01-10-2021 02:00:21.0487 AM
[ReportManager] Browser Action [NavigateToURL] successfully performed. With the following test data [https://www.google.com/ncr]. @01-10-2021 02:00:22.0378 AM
[ReportManager] Waiting for element to be present; elementLocator [By.id: bla], numberOfTries[1], stateOfPresence[false]... @01-10-2021 02:00:22.0379 AM
[ReportManager] Element Action [WaitForElementToBePresent] successfully performed. With the following test data [waited for the element's state of presence to be (false). Element locator (By.id: bla)]. @01-10-2021 02:00:27.0499 A
[ReportManager] Browser Action [CloseCurrentWindow] successfully performed. @01-10-2021 02:00:27.0618 AM
[ReportManager] Successfully created attachment [Browser Action Test Data - CloseCurrentWindow - Actual Value] @01-10-2021 02:00:27.0618 A
[ReportManager] File Action [GetAbsolutePath] successfully performed. With the following test data [Relative Folder Path: "target/downloadedFiles/"]. @01-10-2021 02:00:27.0621 AM
[ReportManager] Attempting to run remotely on: [Linux-64], [GoogleChrome], [http://localhost:4444/wd/hub], Headless Execution. @01-10-2021 02:00:27.0621 AM
[ReportManager] Successfully Opened [GoogleChrome]. @01-10-2021 02:00:27.0878 A

################################################################################################################################################
Starting Execution:	[51 out of 144] test cases in the current suite
Test Method:		[unitTests.tests_element_elementActions.waitForElementToBePresent_moreThanOneElement_expectedToFail]
################################################################################################################################################
[ReportManager] Target URL: [https://www.google.com/ncr], and after redirection: [www.google.com] @01-10-2021 02:00:27.0903 AM
[ReportManager] Initial URL: [data:,] @01-10-2021 02:00:27.0953 AM
[ReportManager] Browser Action [NavigateToURL] successfully performed. With the following test data [https://www.google.com/ncr]. @01-10-2021 02:00:28.0862 AM
[ReportManager] Waiting for element to be present; elementLocator [By.xpath: //*], numberOfTries[1], stateOfPresence[false]... @01-10-2021 02:00:28.0862 AM
[ReportManager] Element Action [WaitForElementToBePresent] failed. With the following test data [waited for the element's state of presence to be (false). Element locator (By.xpath: //*)]. @01-10-2021 02:00:29.0110 AM
[ReportManager] Successfully created attachment [Screenshot - 1633053628997_waitForElementToBePresent_moreThanOneElement_expectedToFail_WaitForElementToBePresent_failed] @01-10-2021 02:00:29.0111 A
[ReportManager] Browser Action [CloseCurrentWindow] successfully performed. @01-10-2021 02:00:29.0298 AM
[ReportManager] Successfully created attachment [Browser Action Test Data - CloseCurrentWindow - Actual Value] @01-10-2021 02:00:29.0298 A
[ReportManager] File Action [GetAbsolutePath] successfully performed. With the following test data [Relative Folder Path: "target/downloadedFiles/"]. @01-10-2021 02:00:29.0311 AM
[ReportManager] Attempting to run remotely on: [Linux-64], [GoogleChrome], [http://localhost:4444/wd/hub], Headless Execution. @01-10-2021 02:00:29.0311 AM
[ReportManager] Successfully Opened [GoogleChrome]. @01-10-2021 02:00:29.0516 A

################################################################################################################################################
Starting Execution:	[52 out of 144] test cases in the current suite
Test Method:		[unitTests.tests_element_elementActions.waitForElementToBePresent_true_expectedToFail]
################################################################################################################################################
[ReportManager] Target URL: [https://www.google.com/ncr], and after redirection: [www.google.com] @01-10-2021 02:00:29.0529 AM
[ReportManager] Initial URL: [data:,] @01-10-2021 02:00:29.0592 AM
[ReportManager] Browser Action [NavigateToURL] successfully performed. With the following test data [https://www.google.com/ncr]. @01-10-2021 02:00:30.0457 AM
[ReportManager] Waiting for element to be present; elementLocator [By.id: bla], numberOfTries[1], stateOfPresence[true]... @01-10-2021 02:00:30.0457 AM
[ReportManager] Element Action [WaitForElementToBePresent] failed. With the following test data [waited for the element's state of presence to be (true). Element locator (By.id: bla)]. @01-10-2021 02:00:35.0723 AM
[ReportManager] Successfully created attachment [Screenshot - 1633053635656_waitForElementToBePresent_true_expectedToFail_WaitForElementToBePresent_failed] @01-10-2021 02:00:35.0723 A
[ReportManager] Browser Action [CloseCurrentWindow] successfully performed. @01-10-2021 02:00:35.0867 AM
[ReportManager] Successfully created attachment [Browser Action Test Data - CloseCurrentWindow - Actual Value] @01-10-2021 02:00:35.0867 A
[ReportManager] File Action [GetAbsolutePath] successfully performed. With the following test data [Relative Folder Path: "target/downloadedFiles/"]. @01-10-2021 02:00:35.0870 AM
[ReportManager] Attempting to run remotely on: [Linux-64], [GoogleChrome], [http://localhost:4444/wd/hub], Headless Execution. @01-10-2021 02:00:35.0870 AM
[ReportManager] Successfully Opened [GoogleChrome]. @01-10-2021 02:00:36.0083 A

################################################################################################################################################
Starting Execution:	[53 out of 144] test cases in the current suite
Test Method:		[unitTests.tests_element_elementActions.waitForElementToBePresent_true_expectedToPass]
################################################################################################################################################
[ReportManager] Target URL: [https://www.google.com/ncr], and after redirection: [www.google.com] @01-10-2021 02:00:36.0096 AM
[ReportManager] Initial URL: [data:,] @01-10-2021 02:00:36.0142 AM
[ReportManager] Browser Action [NavigateToURL] successfully performed. With the following test data [https://www.google.com/ncr]. @01-10-2021 02:00:36.0981 AM
[ReportManager] Waiting for element to be present; elementLocator [By.xpath: //*[@id='hplogo' or @alt='Google']], numberOfTries[1], stateOfPresence[true]... @01-10-2021 02:00:36.0981 AM
[ReportManager] Element Action [WaitForElementToBePresent] successfully performed. With the following test data [waited for the element's state of presence to be (true). Element locator (By.xpath: //*[@id='hplogo' or @alt='Google'])]. @01-10-2021 02:00:37.0037 AM
[ReportManager] File Action [DoesFileExist] successfully performed. With the following test data [File Path: "src/test/resources/DynamicObjectRepository/unitTests_tests_element_elementActions_waitForElementToBePresent_true_expectedToPass_By_xpath_id_hplogo_or_alt_Google.png"]. @01-10-2021 02:00:37.0041 AM
[ReportManager] File Action [DoesFileExist] successfully performed. With the following test data [File Path: "src/test/resources/DynamicObjectRepository/unitTests_tests_element_elementActions_waitForElementToBePresent_true_expectedToPass_By_xpath_id_hplogo_or_alt_Google.png"]. @01-10-2021 02:00:37.0183 AM
[ReportManager] Passing the test and saving a reference image @01-10-2021 02:00:37.0183 AM
[ReportManager] File Action [GetAbsolutePath] successfully performed. With the following test data [Relative File Path: "src/test/resources/DynamicObjectRepository/unitTests_tests_element_elementActions_waitForElementToBePresent_true_expectedToPass_By_xpath_id_hplogo_or_alt_Google.png"]. @01-10-2021 02:00:37.0183 AM
[ReportManager] File Action [WriteToFile] successfully performed. With the following test data [Target File Path: "/home/runner/work/SHAFT_ENGINE/SHAFT_ENGINE/src/test/resources/DynamicObjectRepository/unitTests_tests_element_elementActions_waitForElementToBePresent_true_expectedToPass_By_xpath_id_hplogo_or_alt_Google.png"]. @01-10-2021 02:00:37.0184 AM
[ReportManager] Assertion Passed: Using Visual AI; OpenCV @01-10-2021 02:00:37.0184 AM
[ReportManager] Successfully created attachment [Validation Test Data - Actual Screenshot] @01-10-2021 02:00:37.0185 AM
[ReportManager] Assertion [ValidateElementMatches] PASSED. Expected [Element should match the reference screenshot] and Actual [TRUE]. Comparison Type [EXACT_OPENCV]. Validation Type [POSITIVE]. @01-10-2021 02:00:37.0185 A
[ReportManager] Browser Action [CloseCurrentWindow] successfully performed. @01-10-2021 02:00:37.0307 AM
[ReportManager] Successfully created attachment [Browser Action Test Data - CloseCurrentWindow - Actual Value] @01-10-2021 02:00:37.0308 A
[ReportManager] File Action [GetAbsolutePath] successfully performed. With the following test data [Relative Folder Path: "target/downloadedFiles/"]. @01-10-2021 02:00:37.0311 AM
[ReportManager] Attempting to run remotely on: [Linux-64], [GoogleChrome], [http://localhost:4444/wd/hub], Headless Execution. @01-10-2021 02:00:37.0311 AM
[ReportManager] Successfully Opened [GoogleChrome]. @01-10-2021 02:00:37.0526 AM
[ReportManager] Target URL: [https://duckduckgo.com] @01-10-2021 02:00:37.0538 AM
[ReportManager] Initial URL: [data:,] @01-10-2021 02:00:37.0588 AM
[ReportManager] Browser Action [NavigateToURL] successfully performed. With the following test data [https://duckduckgo.com]. @01-10-2021 02:00:38.0228 A

################################################################################################################################################
Starting Execution:	[54 out of 144] test cases in the current suite
Test Method:		[unitTests.tests_browserActions.fullScreenWindow]
################################################################################################################################################
[ReportManager] Initial Windows Size: 800x600 @01-10-2021 02:00:38.0237 AM
[ReportManager] Initial window size: (800, 600) @01-10-2021 02:00:38.0240 AM
[ReportManager] Window size after Toolkit: (1920, 1080) @01-10-2021 02:00:38.0464 AM
[ReportManager] Browser Action [MaximizeWindow] successfully performed. With the following test data [New screen size is now: (1920, 1080)]. @01-10-2021 02:00:38.0467 AM
[ReportManager] Current Windows Size after fullScreen: 1920x1080 @01-10-2021 02:00:38.0481 AM
[ReportManager] Browser Action [FullScreenWindow] successfully performed. @01-10-2021 02:00:38.0497 AM
[ReportManager] Successfully created attachment [Browser Action Test Data - FullScreenWindow - Actual Value] @01-10-2021 02:00:38.0500 A
[ReportManager] Target URL: [https://duckduckgo.com] @01-10-2021 02:00:38.0505 AM
[ReportManager] Initial URL: [https://duckduckgo.com] @01-10-2021 02:00:38.0584 AM
[ReportManager] Browser Action [NavigateToURL] successfully performed. With the following test data [https://duckduckgo.com]. @01-10-2021 02:00:38.0926 AM
[ReportManager] Browser Action [CloseCurrentWindow] successfully performed. @01-10-2021 02:00:39.0033 AM
[ReportManager] Successfully created attachment [Browser Action Test Data - CloseCurrentWindow - Actual Value] @01-10-2021 02:00:39.0035 A
[ReportManager] File Action [GetAbsolutePath] successfully performed. With the following test data [Relative Folder Path: "target/downloadedFiles/"]. @01-10-2021 02:00:39.0037 AM
[ReportManager] Attempting to run remotely on: [Linux-64], [GoogleChrome], [http://localhost:4444/wd/hub], Headless Execution. @01-10-2021 02:00:39.0037 AM
[ReportManager] Successfully Opened [GoogleChrome]. @01-10-2021 02:00:39.0275 AM
[ReportManager] Target URL: [https://duckduckgo.com] @01-10-2021 02:00:39.0285 AM
[ReportManager] Initial URL: [data:,] @01-10-2021 02:00:39.0341 AM
[ReportManager] Browser Action [NavigateToURL] successfully performed. With the following test data [https://duckduckgo.com]. @01-10-2021 02:00:39.0895 A

################################################################################################################################################
Starting Execution:	[55 out of 144] test cases in the current suite
Test Method:		[unitTests.tests_browserActions.getCurrentURL]
################################################################################################################################################
[ReportManager] Browser Action [GetCurrentURL] successfully performed. With the following test data [https://duckduckgo.com/]. @01-10-2021 02:00:39.0945 A
[ReportManager] Target URL: [https://duckduckgo.com] @01-10-2021 02:00:39.0949 AM
[ReportManager] Initial URL: [https://duckduckgo.com] @01-10-2021 02:00:40.0010 AM
[ReportManager] Browser Action [NavigateToURL] successfully performed. With the following test data [https://duckduckgo.com]. @01-10-2021 02:00:40.0336 AM
[ReportManager] Browser Action [CloseCurrentWindow] successfully performed. @01-10-2021 02:00:40.0474 AM
[ReportManager] Successfully created attachment [Browser Action Test Data - CloseCurrentWindow - Actual Value] @01-10-2021 02:00:40.0475 A
[ReportManager] File Action [GetAbsolutePath] successfully performed. With the following test data [Relative Folder Path: "target/downloadedFiles/"]. @01-10-2021 02:00:40.0484 AM
[ReportManager] Attempting to run remotely on: [Linux-64], [GoogleChrome], [http://localhost:4444/wd/hub], Headless Execution. @01-10-2021 02:00:40.0487 AM
[ReportManager] Successfully Opened [GoogleChrome]. @01-10-2021 02:00:40.0728 AM
[ReportManager] Target URL: [https://duckduckgo.com] @01-10-2021 02:00:40.0745 AM
[ReportManager] Initial URL: [data:,] @01-10-2021 02:00:40.0793 AM
[ReportManager] Browser Action [NavigateToURL] successfully performed. With the following test data [https://duckduckgo.com]. @01-10-2021 02:00:41.0342 A

################################################################################################################################################
Starting Execution:	[56 out of 144] test cases in the current suite
Test Method:		[unitTests.tests_browserActions.getCurrentWindowTitle]
################################################################################################################################################
[ReportManager] Browser Action [GetCurrentWindowTitle] successfully performed. With the following test data [DuckDuckGo  Privacy, simplified.]. @01-10-2021 02:00:41.0384 A
[ReportManager] Target URL: [https://duckduckgo.com] @01-10-2021 02:00:41.0387 AM
[ReportManager] Initial URL: [https://duckduckgo.com] @01-10-2021 02:00:41.0455 AM
[ReportManager] Browser Action [NavigateToURL] successfully performed. With the following test data [https://duckduckgo.com]. @01-10-2021 02:00:41.0797 AM
[ReportManager] Browser Action [CloseCurrentWindow] successfully performed. @01-10-2021 02:00:41.0910 AM
[ReportManager] Successfully created attachment [Browser Action Test Data - CloseCurrentWindow - Actual Value] @01-10-2021 02:00:41.0910 A
[ReportManager] File Action [GetAbsolutePath] successfully performed. With the following test data [Relative Folder Path: "target/downloadedFiles/"]. @01-10-2021 02:00:41.0915 AM
[ReportManager] Attempting to run remotely on: [Linux-64], [GoogleChrome], [http://localhost:4444/wd/hub], Headless Execution. @01-10-2021 02:00:41.0915 AM
[ReportManager] Successfully Opened [GoogleChrome]. @01-10-2021 02:00:42.0468 AM
[ReportManager] Target URL: [https://duckduckgo.com] @01-10-2021 02:00:42.0488 AM
[ReportManager] Initial URL: [data:,] @01-10-2021 02:00:42.0571 AM
[ReportManager] Browser Action [NavigateToURL] successfully performed. With the following test data [https://duckduckgo.com]. @01-10-2021 02:00:43.0379 A

################################################################################################################################################
Starting Execution:	[57 out of 144] test cases in the current suite
Test Method:		[unitTests.tests_browserActions.getPageSource]
################################################################################################################################################
[ReportManager] Browser Action [GetPageSource] successfully performed. @01-10-2021 02:00:43.0434 AM
[ReportManager] Successfully created attachment [Browser Action Test Data - GetPageSource - Actual Value] @01-10-2021 02:00:43.0435 A
[ReportManager] Target URL: [https://duckduckgo.com] @01-10-2021 02:00:43.0437 AM
[ReportManager] Initial URL: [https://duckduckgo.com] @01-10-2021 02:00:43.0499 AM
[ReportManager] Browser Action [NavigateToURL] successfully performed. With the following test data [https://duckduckgo.com]. @01-10-2021 02:00:43.0830 AM
[ReportManager] Browser Action [CloseCurrentWindow] successfully performed. @01-10-2021 02:00:43.0928 AM
[ReportManager] Successfully created attachment [Browser Action Test Data - CloseCurrentWindow - Actual Value] @01-10-2021 02:00:43.0928 A
[ReportManager] File Action [GetAbsolutePath] successfully performed. With the following test data [Relative Folder Path: "target/downloadedFiles/"]. @01-10-2021 02:00:43.0936 AM
[ReportManager] Attempting to run remotely on: [Linux-64], [GoogleChrome], [http://localhost:4444/wd/hub], Headless Execution. @01-10-2021 02:00:43.0936 AM
[ReportManager] Successfully Opened [GoogleChrome]. @01-10-2021 02:00:44.0219 AM
[ReportManager] Target URL: [https://duckduckgo.com] @01-10-2021 02:00:44.0230 AM
[ReportManager] Initial URL: [data:,] @01-10-2021 02:00:44.0270 AM
[ReportManager] Browser Action [NavigateToURL] successfully performed. With the following test data [https://duckduckgo.com]. @01-10-2021 02:00:44.0821 A

################################################################################################################################################
Starting Execution:	[58 out of 144] test cases in the current suite
Test Method:		[unitTests.tests_browserActions.getWindowHandle]
################################################################################################################################################
[ReportManager] Browser Action [GetWindowHandle] successfully performed. With the following test data [CDwindow-E6780C9B0DD9267717BA93DB86AEA456]. @01-10-2021 02:00:44.0865 A
[ReportManager] Target URL: [https://duckduckgo.com] @01-10-2021 02:00:44.0868 AM
[ReportManager] Initial URL: [https://duckduckgo.com] @01-10-2021 02:00:44.0925 AM
[ReportManager] Browser Action [NavigateToURL] successfully performed. With the following test data [https://duckduckgo.com]. @01-10-2021 02:00:45.0273 AM
[ReportManager] Browser Action [CloseCurrentWindow] successfully performed. @01-10-2021 02:00:45.0391 AM
[ReportManager] Successfully created attachment [Browser Action Test Data - CloseCurrentWindow - Actual Value] @01-10-2021 02:00:45.0392 A
[ReportManager] File Action [GetAbsolutePath] successfully performed. With the following test data [Relative Folder Path: "target/downloadedFiles/"]. @01-10-2021 02:00:45.0395 AM
[ReportManager] Attempting to run remotely on: [Linux-64], [GoogleChrome], [http://localhost:4444/wd/hub], Headless Execution. @01-10-2021 02:00:45.0396 AM
[ReportManager] Successfully Opened [GoogleChrome]. @01-10-2021 02:00:45.0607 AM
[ReportManager] Target URL: [https://duckduckgo.com] @01-10-2021 02:00:45.0618 AM
[ReportManager] Initial URL: [data:,] @01-10-2021 02:00:45.0670 AM
[ReportManager] Browser Action [NavigateToURL] successfully performed. With the following test data [https://duckduckgo.com]. @01-10-2021 02:00:46.0202 A

################################################################################################################################################
Starting Execution:	[59 out of 144] test cases in the current suite
Test Method:		[unitTests.tests_browserActions.getWindowPosition]
################################################################################################################################################
[ReportManager] Browser Action [GetWindowPosition] successfully performed. With the following test data [(0, 0)]. @01-10-2021 02:00:46.0242 A
[ReportManager] Target URL: [https://duckduckgo.com] @01-10-2021 02:00:46.0244 AM
[ReportManager] Initial URL: [https://duckduckgo.com] @01-10-2021 02:00:46.0313 AM
[ReportManager] Browser Action [NavigateToURL] successfully performed. With the following test data [https://duckduckgo.com]. @01-10-2021 02:00:46.0671 AM
[ReportManager] Browser Action [CloseCurrentWindow] successfully performed. @01-10-2021 02:00:46.0771 AM
[ReportManager] Successfully created attachment [Browser Action Test Data - CloseCurrentWindow - Actual Value] @01-10-2021 02:00:46.0771 A
[ReportManager] File Action [GetAbsolutePath] successfully performed. With the following test data [Relative Folder Path: "target/downloadedFiles/"]. @01-10-2021 02:00:46.0773 AM
[ReportManager] Attempting to run remotely on: [Linux-64], [GoogleChrome], [http://localhost:4444/wd/hub], Headless Execution. @01-10-2021 02:00:46.0773 AM
[ReportManager] Successfully Opened [GoogleChrome]. @01-10-2021 02:00:47.0001 AM
[ReportManager] Target URL: [https://duckduckgo.com] @01-10-2021 02:00:47.0024 AM
[ReportManager] Initial URL: [data:,] @01-10-2021 02:00:47.0070 AM
[ReportManager] Browser Action [NavigateToURL] successfully performed. With the following test data [https://duckduckgo.com]. @01-10-2021 02:00:47.0624 A

################################################################################################################################################
Starting Execution:	[60 out of 144] test cases in the current suite
Test Method:		[unitTests.tests_browserActions.getWindowSize]
################################################################################################################################################
[ReportManager] Browser Action [GetWindowSize] successfully performed. With the following test data [(800, 600)]. @01-10-2021 02:00:47.0662 A
[ReportManager] Target URL: [https://duckduckgo.com] @01-10-2021 02:00:47.0664 AM
[ReportManager] Initial URL: [https://duckduckgo.com] @01-10-2021 02:00:47.0727 AM
[ReportManager] Browser Action [NavigateToURL] successfully performed. With the following test data [https://duckduckgo.com]. @01-10-2021 02:00:48.0062 AM
[ReportManager] Browser Action [CloseCurrentWindow] successfully performed. @01-10-2021 02:00:48.0163 AM
[ReportManager] Successfully created attachment [Browser Action Test Data - CloseCurrentWindow - Actual Value] @01-10-2021 02:00:48.0163 A
[ReportManager] File Action [GetAbsolutePath] successfully performed. With the following test data [Relative Folder Path: "target/downloadedFiles/"]. @01-10-2021 02:00:48.0166 AM
[ReportManager] Attempting to run remotely on: [Linux-64], [GoogleChrome], [http://localhost:4444/wd/hub], Headless Execution. @01-10-2021 02:00:48.0166 AM
[ReportManager] Successfully Opened [GoogleChrome]. @01-10-2021 02:00:48.0438 AM
[ReportManager] Target URL: [https://duckduckgo.com] @01-10-2021 02:00:48.0450 AM
[ReportManager] Initial URL: [data:,] @01-10-2021 02:00:48.0492 AM
[ReportManager] Browser Action [NavigateToURL] successfully performed. With the following test data [https://duckduckgo.com]. @01-10-2021 02:00:49.0032 A

################################################################################################################################################
Starting Execution:	[61 out of 144] test cases in the current suite
Test Method:		[unitTests.tests_browserActions.maximizeWindow]
################################################################################################################################################
[ReportManager] Initial window size: (800, 600) @01-10-2021 02:00:49.0041 AM
[ReportManager] Window size after Toolkit: (1920, 1080) @01-10-2021 02:00:49.0260 AM
[ReportManager] Browser Action [MaximizeWindow] successfully performed. With the following test data [New screen size is now: (1920, 1080)]. @01-10-2021 02:00:49.0265 A
[ReportManager] Target URL: [https://duckduckgo.com] @01-10-2021 02:00:49.0270 AM
[ReportManager] Initial URL: [https://duckduckgo.com] @01-10-2021 02:00:49.0343 AM
[ReportManager] Browser Action [NavigateToURL] successfully performed. With the following test data [https://duckduckgo.com]. @01-10-2021 02:00:49.0668 AM
[ReportManager] Browser Action [CloseCurrentWindow] successfully performed. @01-10-2021 02:00:49.0776 AM
[ReportManager] Successfully created attachment [Browser Action Test Data - CloseCurrentWindow - Actual Value] @01-10-2021 02:00:49.0777 A
[ReportManager] File Action [GetAbsolutePath] successfully performed. With the following test data [Relative Folder Path: "target/downloadedFiles/"]. @01-10-2021 02:00:49.0779 AM
[ReportManager] Attempting to run remotely on: [Linux-64], [GoogleChrome], [http://localhost:4444/wd/hub], Headless Execution. @01-10-2021 02:00:49.0779 AM
[ReportManager] Successfully Opened [GoogleChrome]. @01-10-2021 02:00:49.0992 AM
[ReportManager] Target URL: [https://duckduckgo.com] @01-10-2021 02:00:50.0007 AM
[ReportManager] Initial URL: [data:,] @01-10-2021 02:00:50.0056 AM
[ReportManager] Browser Action [NavigateToURL] successfully performed. With the following test data [https://duckduckgo.com]. @01-10-2021 02:00:50.0592 A

################################################################################################################################################
Starting Execution:	[62 out of 144] test cases in the current suite
Test Method:		[unitTests.tests_browserActions.navigateBack]
################################################################################################################################################
[ReportManager] Target URL: [https://www.google.com/ncr], and after redirection: [https://www.google.com] @01-10-2021 02:00:50.0600 AM
[ReportManager] Initial URL: [https://duckduckgo.com] @01-10-2021 02:00:50.0657 AM
[ReportManager] Browser Action [NavigateToURL] successfully performed. With the following test data [https://www.google.com/ncr]. @01-10-2021 02:00:51.0469 AM
[ReportManager] Browser Action [NavigateBack] successfully performed. With the following test data [https://duckduckgo.com/]. @01-10-2021 02:00:51.0847 AM
[ReportManager] Browser Action [GetCurrentURL] successfully performed. With the following test data [https://duckduckgo.com/]. @01-10-2021 02:00:51.0885 AM
[ReportManager] Assertion Passed: Confirming that navigating back was successful @01-10-2021 02:00:52.0028 AM
[ReportManager] Successfully created attachment [Screenshot - 1633053651959_navigateBack_ValidateBrowserAttribute_passed] @01-10-2021 02:00:52.0029 AM
[ReportManager] Assertion [ValidateBrowserAttribute] PASSED. Expected [Value Should be 'https://duckduckgo.com' for the 'CurrentUrl' attribute] and Actual [https://duckduckgo.com/]. Comparison Type [CONTAINS]. Validation Type [POSITIVE]. @01-10-2021 02:00:52.0029 A
[ReportManager] Target URL: [https://duckduckgo.com] @01-10-2021 02:00:52.0035 AM
[ReportManager] Initial URL: [https://duckduckgo.com] @01-10-2021 02:00:52.0136 AM
[ReportManager] Browser Action [NavigateToURL] successfully performed. With the following test data [https://duckduckgo.com]. @01-10-2021 02:00:52.0493 AM
[ReportManager] Browser Action [CloseCurrentWindow] successfully performed. @01-10-2021 02:00:52.0591 AM
[ReportManager] Successfully created attachment [Browser Action Test Data - CloseCurrentWindow - Actual Value] @01-10-2021 02:00:52.0592 A
[ReportManager] File Action [GetAbsolutePath] successfully performed. With the following test data [Relative Folder Path: "target/downloadedFiles/"]. @01-10-2021 02:00:52.0594 AM
[ReportManager] Attempting to run remotely on: [Linux-64], [GoogleChrome], [http://localhost:4444/wd/hub], Headless Execution. @01-10-2021 02:00:52.0594 AM
[ReportManager] Successfully Opened [GoogleChrome]. @01-10-2021 02:00:52.0792 AM
[ReportManager] Target URL: [https://duckduckgo.com] @01-10-2021 02:00:52.0802 AM
[ReportManager] Initial URL: [data:,] @01-10-2021 02:00:52.0842 AM
[ReportManager] Browser Action [NavigateToURL] successfully performed. With the following test data [https://duckduckgo.com]. @01-10-2021 02:00:53.0377 A

################################################################################################################################################
Starting Execution:	[63 out of 144] test cases in the current suite
Test Method:		[unitTests.tests_browserActions.navigateForward]
################################################################################################################################################
[ReportManager] Target URL: [https://www.google.com/ncr], and after redirection: [https://www.google.com] @01-10-2021 02:00:53.0383 AM
[ReportManager] Initial URL: [https://duckduckgo.com] @01-10-2021 02:00:53.0452 AM
[ReportManager] Browser Action [NavigateToURL] successfully performed. With the following test data [https://www.google.com/ncr]. @01-10-2021 02:00:54.0483 AM
[ReportManager] Browser Action [NavigateBack] successfully performed. With the following test data [https://duckduckgo.com/]. @01-10-2021 02:00:54.0858 AM
[ReportManager] Browser Action [NavigateForward] successfully performed. With the following test data [https://www.google.com/]. @01-10-2021 02:00:55.0271 A
[ReportManager] Target URL: [https://duckduckgo.com] @01-10-2021 02:00:55.0273 AM
[ReportManager] Initial URL: [https://www.google.com] @01-10-2021 02:00:55.0354 AM
[ReportManager] Browser Action [NavigateToURL] successfully performed. With the following test data [https://duckduckgo.com]. @01-10-2021 02:00:55.0817 AM
[ReportManager] Browser Action [CloseCurrentWindow] successfully performed. @01-10-2021 02:00:55.0928 AM
[ReportManager] Successfully created attachment [Browser Action Test Data - CloseCurrentWindow - Actual Value] @01-10-2021 02:00:55.0928 A
[ReportManager] File Action [GetAbsolutePath] successfully performed. With the following test data [Relative Folder Path: "target/downloadedFiles/"]. @01-10-2021 02:00:55.0931 AM
[ReportManager] Attempting to run remotely on: [Linux-64], [GoogleChrome], [http://localhost:4444/wd/hub], Headless Execution. @01-10-2021 02:00:55.0931 AM
[ReportManager] Successfully Opened [GoogleChrome]. @01-10-2021 02:00:56.0163 AM
[ReportManager] Target URL: [https://duckduckgo.com] @01-10-2021 02:00:56.0173 AM
[ReportManager] Initial URL: [data:,] @01-10-2021 02:00:56.0218 AM
[ReportManager] Browser Action [NavigateToURL] successfully performed. With the following test data [https://duckduckgo.com]. @01-10-2021 02:00:56.0757 A

################################################################################################################################################
Starting Execution:	[64 out of 144] test cases in the current suite
Test Method:		[unitTests.tests_browserActions.navigateToURL]
################################################################################################################################################
[ReportManager] Target URL: [https://duckduckgo.com] @01-10-2021 02:00:56.0761 AM
[ReportManager] Initial URL: [https://duckduckgo.com] @01-10-2021 02:00:56.0814 AM
[ReportManager] Browser Action [NavigateToURL] successfully performed. With the following test data [https://duckduckgo.com]. @01-10-2021 02:00:57.0140 A
[ReportManager] Target URL: [https://duckduckgo.com] @01-10-2021 02:00:57.0144 AM
[ReportManager] Initial URL: [https://duckduckgo.com] @01-10-2021 02:00:57.0226 AM
[ReportManager] Browser Action [NavigateToURL] successfully performed. With the following test data [https://duckduckgo.com]. @01-10-2021 02:00:57.0539 AM
[ReportManager] Browser Action [CloseCurrentWindow] successfully performed. @01-10-2021 02:00:57.0643 AM
[ReportManager] Successfully created attachment [Browser Action Test Data - CloseCurrentWindow - Actual Value] @01-10-2021 02:00:57.0643 A
[ReportManager] File Action [GetAbsolutePath] successfully performed. With the following test data [Relative Folder Path: "target/downloadedFiles/"]. @01-10-2021 02:00:57.0646 AM
[ReportManager] Attempting to run remotely on: [Linux-64], [GoogleChrome], [http://localhost:4444/wd/hub], Headless Execution. @01-10-2021 02:00:57.0646 AM
[ReportManager] Successfully Opened [GoogleChrome]. @01-10-2021 02:00:57.0878 AM
[ReportManager] Target URL: [https://duckduckgo.com] @01-10-2021 02:00:57.0889 AM
[ReportManager] Initial URL: [data:,] @01-10-2021 02:00:57.0929 AM
[ReportManager] Browser Action [NavigateToURL] successfully performed. With the following test data [https://duckduckgo.com]. @01-10-2021 02:00:58.0456 A

################################################################################################################################################
Starting Execution:	[65 out of 144] test cases in the current suite
Test Method:		[unitTests.tests_browserActions.navigateToURLWithRedirection]
################################################################################################################################################
[ReportManager] Target URL: [https://www.google.com/ncr], and after redirection: [https://www.google.com] @01-10-2021 02:00:58.0465 AM
[ReportManager] Initial URL: [https://duckduckgo.com] @01-10-2021 02:00:58.0519 AM
[ReportManager] Browser Action [NavigateToURL] successfully performed. With the following test data [https://www.google.com/ncr]. @01-10-2021 02:00:59.0333 A
[ReportManager] Target URL: [https://duckduckgo.com] @01-10-2021 02:00:59.0335 AM
[ReportManager] Initial URL: [https://www.google.com] @01-10-2021 02:00:59.0411 AM
[ReportManager] Browser Action [NavigateToURL] successfully performed. With the following test data [https://duckduckgo.com]. @01-10-2021 02:00:59.0903 AM
[ReportManager] Browser Action [CloseCurrentWindow] successfully performed. @01-10-2021 02:01:00.0000 AM
[ReportManager] Successfully created attachment [Browser Action Test Data - CloseCurrentWindow - Actual Value] @01-10-2021 02:01:00.0001 A
[ReportManager] File Action [GetAbsolutePath] successfully performed. With the following test data [Relative Folder Path: "target/downloadedFiles/"]. @01-10-2021 02:01:00.0007 AM
[ReportManager] Attempting to run remotely on: [Linux-64], [GoogleChrome], [http://localhost:4444/wd/hub], Headless Execution. @01-10-2021 02:01:00.0007 AM
[ReportManager] Successfully Opened [GoogleChrome]. @01-10-2021 02:01:00.0225 AM
[ReportManager] Target URL: [https://duckduckgo.com] @01-10-2021 02:01:00.0236 AM
[ReportManager] Initial URL: [data:,] @01-10-2021 02:01:00.0282 AM
[ReportManager] Browser Action [NavigateToURL] successfully performed. With the following test data [https://duckduckgo.com]. @01-10-2021 02:01:00.0822 A

################################################################################################################################################
Starting Execution:	[66 out of 144] test cases in the current suite
Test Method:		[unitTests.tests_browserActions.refreshCurrentPage]
################################################################################################################################################
[ReportManager] Browser Action [RefreshCurrentPage] successfully performed. @01-10-2021 02:01:01.0019 AM
[ReportManager] Successfully created attachment [Browser Action Test Data - RefreshCurrentPage - Actual Value] @01-10-2021 02:01:01.0020 A
[ReportManager] Target URL: [https://duckduckgo.com] @01-10-2021 02:01:01.0022 AM
[ReportManager] Initial URL: [https://duckduckgo.com] @01-10-2021 02:01:01.0092 AM
[ReportManager] Browser Action [NavigateToURL] successfully performed. With the following test data [https://duckduckgo.com]. @01-10-2021 02:01:01.0411 AM
[ReportManager] Browser Action [CloseCurrentWindow] successfully performed. @01-10-2021 02:01:01.0515 AM
[ReportManager] Successfully created attachment [Browser Action Test Data - CloseCurrentWindow - Actual Value] @01-10-2021 02:01:01.0518 A
[ReportManager] File Action [GetAbsolutePath] successfully performed. With the following test data [Relative Folder Path: "target/downloadedFiles/"]. @01-10-2021 02:01:01.0520 AM
[ReportManager] Attempting to run remotely on: [Linux-64], [GoogleChrome], [http://localhost:4444/wd/hub], Headless Execution. @01-10-2021 02:01:01.0520 AM
[ReportManager] Successfully Opened [GoogleChrome]. @01-10-2021 02:01:01.0719 AM
[ReportManager] Target URL: [https://duckduckgo.com] @01-10-2021 02:01:01.0730 AM
[ReportManager] Initial URL: [data:,] @01-10-2021 02:01:01.0771 AM
[ReportManager] Browser Action [NavigateToURL] successfully performed. With the following test data [https://duckduckgo.com]. @01-10-2021 02:01:02.0322 A

################################################################################################################################################
Starting Execution:	[67 out of 144] test cases in the current suite
Test Method:		[unitTests.tests_browserActions.setWindowSize]
################################################################################################################################################
[ReportManager] Initial window size: (800, 600) @01-10-2021 02:01:02.0335 AM
[ReportManager] Window size after SWD: (1280, 720) @01-10-2021 02:01:02.0552 AM
[ReportManager] Browser Action [SetWindowSize] successfully performed. With the following test data [New screen size is now: (1280, 720)]. @01-10-2021 02:01:02.0552 A
[ReportManager] Target URL: [https://duckduckgo.com] @01-10-2021 02:01:02.0554 AM
[ReportManager] Initial URL: [https://duckduckgo.com] @01-10-2021 02:01:02.0619 AM
[ReportManager] Browser Action [NavigateToURL] successfully performed. With the following test data [https://duckduckgo.com]. @01-10-2021 02:01:02.0965 AM
[ReportManager] Browser Action [CloseCurrentWindow] successfully performed. @01-10-2021 02:01:03.0067 AM
[ReportManager] Successfully created attachment [Browser Action Test Data - CloseCurrentWindow - Actual Value] @01-10-2021 02:01:03.0067 A
[ReportManager] Successfully loaded the following test data file [src/test/resources/TestDataFiles/testSuite01/TestData.xlsx]. @01-10-2021 02:01:03.0826 AM
[ReportManager] Successfully created attachment [Test Data - Excel] @01-10-2021 02:01:03.0826 A

################################################################################################################################################
Starting Execution:	[68 out of 144] test cases in the current suite
Test Method:		[unitTests.tests_io_excelFileManager.getCellData_rowName_expectedToPass]
################################################################################################################################################
[ReportManager] testRowData. @01-10-2021 02:01:03.0842 A
[ReportManager] Successfully loaded the following test data file [src/test/resources/TestDataFiles/testSuite01/TestData.xlsx]. @01-10-2021 02:01:03.0875 AM
[ReportManager] Successfully created attachment [Test Data - Excel] @01-10-2021 02:01:03.0875 AM
[ReportManager] File Action [GetAbsolutePath] successfully performed. With the following test data [Relative Folder Path: "target/downloadedFiles/"]. @01-10-2021 02:01:03.0876 AM
[ReportManager] Attempting to run remotely on: [Linux-64], [GoogleChrome], [http://localhost:4444/wd/hub], Headless Execution. @01-10-2021 02:01:03.0876 AM
[ReportManager] Successfully Opened [GoogleChrome]. @01-10-2021 02:01:04.0156 A

################################################################################################################################################
Starting Execution:	[69 out of 144] test cases in the current suite
Test Method:		[testPackage01.Test_google.navigateToURLandVerifyGoogleLogoIsDisplayed]
Test Description:	[TC001 - Navigate to URL and Verify Google Logo is Displayed]
################################################################################################################################################
[ReportManager] Target URL: [https://www.google.com/ncr], and after redirection: [https://www.google.com] @01-10-2021 02:01:04.0171 AM
[ReportManager] Initial URL: [data:,] @01-10-2021 02:01:04.0230 AM
[ReportManager] Browser Action [NavigateToURL] successfully performed. With the following test data [https://www.google.com/ncr]. @01-10-2021 02:01:05.0046 AM
[ReportManager] Loaded Shared OpenCV @01-10-2021 02:01:05.0221 AM
[ReportManager] Assertion [ValidateElementExists] PASSED. Expected [Element Should Exist, locator 'By.xpath: //*[@id='hplogo' or @alt='Google']'] and Actual [Element Exists]. Comparison Type [EQUALS]. Validation Type [POSITIVE]. @01-10-2021 02:01:05.0324 AM
[ReportManager] Successfully created attachment [Screenshot - 1633053665221_navigateToURLandVerifyGoogleLogoIsDisplayed_ValidateElementExists_passed] @01-10-2021 02:01:05.0325 A

################################################################################################################################################
Starting Execution:	[70 out of 144] test cases in the current suite
Test Method:		[testPackage01.Test_google.searchForQueryandAssertResultsNumDisplayed]
Test Description:	[TC002 - Search for Query and Assert that the number of results is displayed]
################################################################################################################################################
[ReportManager] Element Action [Type] successfully performed. With the following test data [SHAFT_Engine]. @01-10-2021 02:01:05.0853 AM
[ReportManager] Element Action [KeyPress] successfully performed. With the following test data [Enter]. @01-10-2021 02:01:07.0455 AM
[ReportManager] Element Action [GetText] successfully performed. With the following test data [About 859,000 results (0.77 seconds) ]. @01-10-2021 02:01:07.0579 AM
[ReportManager] Loaded Shared OpenCV @01-10-2021 02:01:07.0729 AM
[ReportManager] Assertion [ValidateElementAttribute] PASSED. Expected [Value Should not be '' for the 'Text' attribute, element locator 'By.id: appbar'] and Actual [About 859,000 results (0.77 seconds) ]. Comparison Type [EQUALS]. Validation Type [NEGATIVE]. @01-10-2021 02:01:07.0824 AM
[ReportManager] Successfully created attachment [Screenshot - 1633053667729_searchForQueryandAssertResultsNumDisplayed_ValidateElementAttribute_passed] @01-10-2021 02:01:07.0826 A

################################################################################################################################################
Starting Execution:	[71 out of 144] test cases in the current suite
Test Method:		[testPackage01.Test_google.clickNextThrice]
Test Description:	[TC003 - Clicks the next button to make sure that the framework can scroll element into view before clicking it]
################################################################################################################################################
[ReportManager] Element Action [Click] successfully performed. With the following test data [Next]. @01-10-2021 02:01:09.0319 A
[ReportManager] Browser Action [CloseCurrentWindow] successfully performed. @01-10-2021 02:01:09.0589 AM
[ReportManager] Successfully created attachment [Browser Action Test Data - CloseCurrentWindow - Actual Value] @01-10-2021 02:01:09.0591 A

################################################################################################################################################
Starting Execution:	[72 out of 144] test cases in the current suite
Test Method:		[testPackage01.Test_testData.f]
################################################################################################################################################
[ReportManager] Successfully loaded the following test data file [src/test/resources/TestDataFiles/testSuite01/TestData.xlsx]. @01-10-2021 02:01:09.0645 AM
[ReportManager] Successfully created attachment [Test Data - Excel] @01-10-2021 02:01:09.0645 AM
[ReportManager] Last Column Number is: [3]. Zero-based. @01-10-2021 02:01:09.0646 A

################################################################################################################################################
Starting Execution:	[73 out of 144] test cases in the current suite
Test Method:		[testPackage01.Test_PDF.testPDF_Downloaded]
################################################################################################################################################
[ReportManager] File Action [DoesFileExist] successfully performed. With the following test data [File Path: "src/test/resources/TestDataFiles/sample.pdf"]. @01-10-2021 02:01:09.0654 AM
[ReportManager] File Action [GetAbsolutePath] successfully performed. With the following test data [Relative File Path: "src/test/resources/TestDataFiles/sample.pdf"]. @01-10-2021 02:01:09.0654 AM
[ReportManager] Assertion [ValidateTrue] PASSED. Expected [TRUE] and Actual [TRUE]. Validation Type [POSITIVE]. @01-10-2021 02:01:10.0864 A

################################################################################################################################################
Starting Execution:	[74 out of 144] test cases in the current suite
Test Method:		[testPackage01.Test_JSONFileManager.readStringFromJson]
################################################################################################################################################
[ReportManager] Successfully loaded the following test data file [src/test/resources/TestDataFiles/simpleJSON.json]. @01-10-2021 02:01:10.0870 AM
[ReportManager] Successfully created attachment [Test Data - JSON] @01-10-2021 02:01:10.0870 AM
[ReportManager] Assertion [ValidateEquals] PASSED. Expected [Mohab Mohie] and Actual [Mohab Mohie]. Comparison Type [EQUALS]. Validation Type [POSITIVE]. @01-10-2021 02:01:10.0887 A
[ReportManager] File Action [GetAbsolutePath] successfully performed. With the following test data [Relative Folder Path: "target/downloadedFiles/"]. @01-10-2021 02:01:10.0892 AM
[ReportManager] Attempting to run remotely on: [Linux-64], [GoogleChrome], [http://localhost:4444/wd/hub], Headless Execution. @01-10-2021 02:01:10.0892 AM
[ReportManager] Successfully Opened [GoogleChrome]. @01-10-2021 02:01:11.0144 A

################################################################################################################################################
Starting Execution:	[75 out of 144] test cases in the current suite
Test Method:		[testPackage01.Test_dragAndDrop.dragAndDropJquery]
################################################################################################################################################
[ReportManager] Target URL: [https://jqueryui.com/resources/demos/droppable/default.html] @01-10-2021 02:01:11.0157 AM
[ReportManager] Initial URL: [data:,] @01-10-2021 02:01:11.0196 AM
[ReportManager] Browser Action [NavigateToURL] successfully performed. With the following test data [https://jqueryui.com/resources/demos/droppable/default.html]. @01-10-2021 02:01:11.0608 AM
[ReportManager] Element Action [GetText] successfully performed. With the following test data [Drop here]. @01-10-2021 02:01:11.0705 AM
[ReportManager] Element Action [DragAndDrop] successfully performed. With the following test data [Start point: (8, 18), End point: (8, 18)]. @01-10-2021 02:01:13.0039 AM
[ReportManager] Element Action [GetText] successfully performed. With the following test data [Dropped!]. @01-10-2021 02:01:13.0099 AM
[ReportManager] Assertion Passed: Checking to see if the text has changed after performing drag and drop @01-10-2021 02:01:13.0099 AM
[ReportManager] Assertion [ValidateEquals] PASSED. Expected [Drop here] and Actual [Dropped!]. Comparison Type [EQUALS]. Validation Type [NEGATIVE]. @01-10-2021 02:01:13.0099 A
[ReportManager] Browser Action [CloseCurrentWindow] successfully performed. @01-10-2021 02:01:13.0207 AM
[ReportManager] Successfully created attachment [Browser Action Test Data - CloseCurrentWindow - Actual Value] @01-10-2021 02:01:13.0207 A
[ReportManager] File Action [GetAbsolutePath] successfully performed. With the following test data [Relative Folder Path: "target/downloadedFiles/"]. @01-10-2021 02:01:13.0209 AM
[ReportManager] Attempting to run remotely on: [Linux-64], [GoogleChrome], [http://localhost:4444/wd/hub], Headless Execution. @01-10-2021 02:01:13.0209 AM
[ReportManager] Successfully Opened [GoogleChrome]. @01-10-2021 02:01:13.0461 A

################################################################################################################################################
Starting Execution:	[76 out of 144] test cases in the current suite
Test Method:		[testPackage01.Test_dragAndDrop.dragAndDrop]
Test Description:	[TC001 - Test Drag and Drop function.]
################################################################################################################################################
[ReportManager] Target URL: [http://the-internet.herokuapp.com/drag_and_drop] @01-10-2021 02:01:13.0479 AM
[ReportManager] Initial URL: [data:,] @01-10-2021 02:01:13.0534 AM
[ReportManager] Browser Action [NavigateToURL] successfully performed. With the following test data [http://the-internet.herokuapp.com/drag_and_drop]. @01-10-2021 02:01:13.0922 AM
[ReportManager] Attempting Drag and Drop @01-10-2021 02:01:13.0923 AM
[ReportManager] Element Action [DragAndDrop] successfully performed. With the following test data [Start point: (32, 90), End point: (247, 90)]. @01-10-2021 02:01:15.0102 A
[ReportManager] Browser Action [CloseCurrentWindow] successfully performed. @01-10-2021 02:01:15.0197 AM
[ReportManager] Successfully created attachment [Browser Action Test Data - CloseCurrentWindow - Actual Value] @01-10-2021 02:01:15.0201 A
[ReportManager] File Action [GetAbsolutePath] successfully performed. With the following test data [Relative Folder Path: "target/downloadedFiles/"]. @01-10-2021 02:01:15.0205 AM
[ReportManager] Attempting to run remotely on: [Linux-64], [GoogleChrome], [http://localhost:4444/wd/hub], Headless Execution. @01-10-2021 02:01:15.0205 AM
[ReportManager] Successfully Opened [GoogleChrome]. @01-10-2021 02:01:15.0428 A

################################################################################################################################################
Starting Execution:	[77 out of 144] test cases in the current suite
Test Method:		[testPackage01.Test_dragAndDrop.dragAndDropByOffset]
Test Description:	[TC002 - Test Drag and Drop by offset function.]
################################################################################################################################################
[ReportManager] Target URL: [https://jqueryui.com/resources/demos/draggable/default.html] @01-10-2021 02:01:15.0444 AM
[ReportManager] Initial URL: [data:,] @01-10-2021 02:01:15.0488 AM
[ReportManager] Browser Action [NavigateToURL] successfully performed. With the following test data [https://jqueryui.com/resources/demos/draggable/default.html]. @01-10-2021 02:01:15.0840 AM
[ReportManager] Element Action [DragAndDropByOffset] successfully performed. With the following test data [Start point: (8, 8), End point: (108, 58)]. @01-10-2021 02:01:15.0997 A
[ReportManager] Browser Action [CloseCurrentWindow] successfully performed. @01-10-2021 02:01:16.0086 AM
[ReportManager] Successfully created attachment [Browser Action Test Data - CloseCurrentWindow - Actual Value] @01-10-2021 02:01:16.0086 A
[ReportManager] File Action [GetAbsolutePath] successfully performed. With the following test data [Relative Folder Path: "target/downloadedFiles/"]. @01-10-2021 02:01:16.0088 AM
[ReportManager] Attempting to run remotely on: [Linux-64], [GoogleChrome], [http://localhost:4444/wd/hub], Headless Execution. @01-10-2021 02:01:16.0088 AM
[ReportManager] Successfully Opened [GoogleChrome]. @01-10-2021 02:01:16.0299 A

################################################################################################################################################
Starting Execution:	[78 out of 144] test cases in the current suite
Test Method:		[testPackage01.Test_verifyEquals.test_assertElementAttribute]
################################################################################################################################################
[ReportManager] Target URL: [https://www.google.com/ncr], and after redirection: [https://www.google.com] @01-10-2021 02:01:16.0315 AM
[ReportManager] Initial URL: [data:,] @01-10-2021 02:01:16.0353 AM
[ReportManager] Browser Action [NavigateToURL] successfully performed. With the following test data [https://www.google.com/ncr]. @01-10-2021 02:01:17.0209 AM
[ReportManager] Element Action [Type] successfully performed. With the following test data [INC_004010050:Another SCHEDULER with the same name [Duplicate Job Name] already exists.]. @01-10-2021 02:01:17.0943 AM
[ReportManager] Element Action [GetText] successfully performed. With the following test data [INC_004010050:Another SCHEDULER with the same name [Duplicate Job Name] already exists.]. @01-10-2021 02:01:18.0029 AM
[ReportManager] Loaded Shared OpenCV @01-10-2021 02:01:18.0174 AM
[ReportManager] Verification [ValidateElementAttribute] PASSED. Expected [Value Should be 'INC_004010050:Another SCHEDULER with the same name \[Duplicate Job Name\] already exists.' for the 'text' attribute, element locator 'By.name: q'] and Actual [INC_004010050:Another SCHEDULER with the same name [Duplicate Job Name] already exists.]. Comparison Type [MATCHES]. Validation Type [POSITIVE]. @01-10-2021 02:01:18.0307 AM
[ReportManager] Successfully created attachment [Screenshot - 1633053678174_test_assertElementAttribute_ValidateElementAttribute_passed] @01-10-2021 02:01:18.0308 A
[ReportManager] Browser Action [CloseCurrentWindow] successfully performed. @01-10-2021 02:01:18.0444 AM
[ReportManager] Successfully created attachment [Browser Action Test Data - CloseCurrentWindow - Actual Value] @01-10-2021 02:01:18.0445 A
[ReportManager] Successfully loaded the following test data file [src/test/resources/TestDataFiles/testSuite01/TestData.xlsx]. @01-10-2021 02:01:18.0489 AM
[ReportManager] Successfully created attachment [Test Data - Excel] @01-10-2021 02:01:18.0490 AM
[ReportManager] Attempting to run using Playwright locally on: [Linux-64], [GoogleChrome], Headless Execution. @01-10-2021 02:01:32.0594 AM
[ReportManager] File Action [GetAbsolutePath] successfully performed. With the following test data [Relative Folder Path: "target/downloadedFiles/"]. @01-10-2021 02:01:32.0595 AM
[ReportManager] Initial window size: (1280, 720) @01-10-2021 02:01:32.0954 AM
[ReportManager] Window size after Toolkit: com.microsoft.playwright.options.ViewportSize@3bc14409 @01-10-2021 02:01:32.0959 AM
[ReportManager] Browser Action [MaximizeWindow] successfully performed. With the following test data [New screen size is now: (1920, 1080)]. @01-10-2021 02:01:32.0960 A

################################################################################################################################################
Starting Execution:	[79 out of 144] test cases in the current suite
Test Method:		[testPackage01.Test_google_playwright.navigateToURLandVerifyGoogleLogoIsDisplayed]
Test Description:	[TC001 - Navigate to URL and Verify Google Logo is Displayed]
################################################################################################################################################
[ReportManager] Target URL: [https://www.google.com/ncr], and after redirection: [https://www.google.com] @01-10-2021 02:01:32.0966 AM
[ReportManager] Initial URL: [about:blank] @01-10-2021 02:01:33.0442 AM
[ReportManager] Browser Action [NavigateToURL] successfully performed. With the following test data [https://www.google.com/ncr]. @01-10-2021 02:01:34.0658 AM
[ReportManager] Loaded Shared OpenCV @01-10-2021 02:01:34.0879 AM
[ReportManager] Assertion [ValidateElementExists] PASSED. Expected [Element Should Exist, locator 'xpath=//*[@id='hplogo' or @alt='Google']'] and Actual [Element Exists]. Comparison Type [EQUALS]. Validation Type [POSITIVE]. @01-10-2021 02:01:35.0086 AM
[ReportManager] Successfully created attachment [Screenshot - 1633053694876_navigateToURLandVerifyGoogleLogoIsDisplayed_ValidateElementExists_passed] @01-10-2021 02:01:35.0086 A

################################################################################################################################################
Starting Execution:	[80 out of 144] test cases in the current suite
Test Method:		[testPackage01.Test_google_playwright.searchForQueryandAssertResultsNumDisplayed]
Test Description:	[TC002 - Search for Query and Assert that the number of results is displayed]
################################################################################################################################################
[ReportManager] Element Action [Type] successfully performed. With the following test data [SHAFT_Engine]. @01-10-2021 02:01:35.0372 AM
[ReportManager] Element Action [KeyPress] successfully performed. With the following test data [Enter]. @01-10-2021 02:01:35.0408 AM
[ReportManager] Element Action [GetText] successfully performed. With the following test data [About 859,000 results (0.69 seconds)]. @01-10-2021 02:01:36.0354 AM
[ReportManager] Loaded Shared OpenCV @01-10-2021 02:01:37.0807 AM
[ReportManager] Assertion [ValidateElementAttribute] PASSED. Expected [Value Should not be '' for the 'text' attribute, element locator 'xpath=//div[@id='appbar']'] and Actual [About 859,000 results (0.69 seconds)]. Comparison Type [EQUALS]. Validation Type [NEGATIVE]. @01-10-2021 02:01:38.0079 AM
[ReportManager] Successfully created attachment [Screenshot - 1633053697805_searchForQueryandAssertResultsNumDisplayed_ValidateElementAttribute_passed] @01-10-2021 02:01:38.0082 A

################################################################################################################################################
Starting Execution:	[81 out of 144] test cases in the current suite
Test Method:		[testPackage01.Test_google_playwright.clickNextThrice]
Test Description:	[TC003 - Clicks the next button to make sure that the framework can scroll element into view before clicking it]
################################################################################################################################################
[ReportManager] Element Action [Click] successfully performed. With the following test data [Next]. @01-10-2021 02:01:38.0333 A
[ReportManager] Failed to find video recording. @01-10-2021 02:01:38.0339 AM
[ReportManager] Successfully Closed PlayWright Driver. @01-10-2021 02:01:38.0399 A

################################################################################################################################################
Starting Execution:	[82 out of 144] test cases in the current suite
Test Method:		[testPackage01.Test_JsonActions.f]
###############################################################################################################################################

################################################################################################################################################
Starting Execution:	[83 out of 144] test cases in the current suite
Test Method:		[testPackage01.Test_JsonActions.f2]
###############################################################################################################################################

################################################################################################################################################
Starting Execution:	[84 out of 144] test cases in the current suite
Test Method:		[testPackage01.Test_AssertApiResponseEquals.assertApiResponseEquals_expectedToPass]
################################################################################################################################################
[ReportManager] Response status code: [200], status line: [HTTP/1.1 200 OK] @01-10-2021 02:01:38.0504 AM
[ReportManager] Assertion Passed: Evaluating the actual response status code against the expected one... @01-10-2021 02:01:38.0505 AM
[ReportManager] Assertion [ValidateEquals] PASSED. Expected [200] and Actual [200]. Comparison Type [EQUALS]. Validation Type [POSITIVE]. @01-10-2021 02:01:38.0505 AM
[ReportManager] API Action [PerformRequest] successfully performed. With the following test data [Request Type: "GET" | Target Status Code: "200" | Service URL: "https://jsonplaceholder.typicode.com/users" | Content Type: "*/*" | Response Time: "78ms"]. @01-10-2021 02:01:38.0524 AM
[ReportManager] Successfully created attachment [API Request - Specifications] @01-10-2021 02:01:38.0524 AM
[ReportManager] Successfully created attachment [API Response - JSON Body] @01-10-2021 02:01:38.0525 AM
[ReportManager] API Action [GetResponseJSONValueAsList] successfully performed. With the following test data [$]. @01-10-2021 02:01:38.0528 AM
[ReportManager] API Action [GetResponseJSONValue] successfully performed. With the following test data [name]. @01-10-2021 02:01:38.0537 AM
[ReportManager] API Action [GetResponseJSONValue] successfully performed. With the following test data [email]. @01-10-2021 02:01:38.0548 AM
[ReportManager] Verification [ValidateEquals] PASSED. Expected [Sincere@april.biz] and Actual [Sincere@april.biz]. Comparison Type [EQUALS]. Validation Type [POSITIVE]. @01-10-2021 02:01:38.0548 AM
[ReportManager] API Action [GetResponseJSONValue] successfully performed. With the following test data [username]. @01-10-2021 02:01:38.0560 AM
[ReportManager] Assertion [ValidateEquals] PASSED. Expected [Bret] and Actual [Bret]. Comparison Type [EQUALS]. Validation Type [POSITIVE]. @01-10-2021 02:01:38.0560 AM
[ReportManager] API Action [GetResponseJSONValue] successfully performed. With the following test data [name]. @01-10-2021 02:01:38.0569 AM
[ReportManager] API Action [GetResponseJSONValue] successfully performed. With the following test data [name]. @01-10-2021 02:01:38.0579 AM
[ReportManager] API Action [GetResponseJSONValue] successfully performed. With the following test data [name]. @01-10-2021 02:01:38.0589 AM
[ReportManager] API Action [GetResponseJSONValue] successfully performed. With the following test data [name]. @01-10-2021 02:01:38.0598 AM
[ReportManager] API Action [GetResponseJSONValue] successfully performed. With the following test data [name]. @01-10-2021 02:01:38.0607 AM
[ReportManager] API Action [GetResponseJSONValue] successfully performed. With the following test data [name]. @01-10-2021 02:01:38.0616 AM
[ReportManager] API Action [GetResponseJSONValue] successfully performed. With the following test data [name]. @01-10-2021 02:01:38.0626 AM
[ReportManager] API Action [GetResponseJSONValue] successfully performed. With the following test data [name]. @01-10-2021 02:01:38.0635 AM
[ReportManager] API Action [GetResponseJSONValue] successfully performed. With the following test data [name]. @01-10-2021 02:01:38.0674 A
[ReportManager] File Action [GetAbsolutePath] successfully performed. With the following test data [Relative Folder Path: "target/downloadedFiles/"]. @01-10-2021 02:01:38.0684 AM
[ReportManager] Attempting to run remotely on: [Linux-64], [GoogleChrome], [http://localhost:4444/wd/hub], Headless Execution. @01-10-2021 02:01:38.0684 AM
[ReportManager] Successfully Opened [GoogleChrome]. @01-10-2021 02:01:38.0936 A

################################################################################################################################################
Starting Execution:	[85 out of 144] test cases in the current suite
Test Method:		[testPackage01.Test_ShadowDOM.shadowdom]
################################################################################################################################################
[ReportManager] Target URL: [https://mdn.github.io/web-components-examples/popup-info-box-web-component/] @01-10-2021 02:01:38.0959 AM
[ReportManager] Initial URL: [data:,] @01-10-2021 02:01:39.0005 AM
[ReportManager] Browser Action [NavigateToURL] successfully performed. With the following test data [https://mdn.github.io/web-components-examples/popup-info-box-web-component/]. @01-10-2021 02:01:39.0241 AM
[ReportManager] Element Action [Type] successfully performed. With the following test data [Typing into SHADOW DOM...]. @01-10-2021 02:01:39.0536 AM
[ReportManager] Element Action [GetText] successfully performed. With the following test data [Typing into SHADOW DOM...]. @01-10-2021 02:01:39.0656 AM
[ReportManager] Loaded Shared OpenCV @01-10-2021 02:01:39.0785 AM
[ReportManager] Assertion [ValidateElementAttribute] PASSED. Expected [Value Should be 'Typing into SHADOW DOM...' for the 'Text' attribute, element locator 'By.id: cvc'] and Actual [Typing into SHADOW DOM...]. Comparison Type [EQUALS]. Validation Type [POSITIVE]. @01-10-2021 02:01:39.0865 AM
[ReportManager] Successfully created attachment [Screenshot - 1633053699784_shadowdom_ValidateElementAttribute_passed] @01-10-2021 02:01:39.0866 A
[ReportManager] Browser Action [CloseCurrentWindow] successfully performed. @01-10-2021 02:01:39.0955 AM
[ReportManager] Successfully created attachment [Browser Action Test Data - CloseCurrentWindow - Actual Value] @01-10-2021 02:01:39.0955 A

################################################################################################################################################
Starting Execution:	[86 out of 144] test cases in the current suite
Test Method:		[testPackage01.Test_SelectedValue.multipleSelect]
################################################################################################################################################
[ReportManager] File Action [GetAbsolutePath] successfully performed. With the following test data [Relative Folder Path: "target/downloadedFiles/"]. @01-10-2021 02:01:39.0961 AM
[ReportManager] Attempting to run remotely on: [Linux-64], [GoogleChrome], [http://localhost:4444/wd/hub], Headless Execution. @01-10-2021 02:01:39.0961 AM
[ReportManager] Successfully Opened [GoogleChrome]. @01-10-2021 02:01:40.0167 AM
[ReportManager] Target URL: [https://yari-demos.prod.mdn.mozit.cloud/en-US/docs/Web/HTML/Element/select/_sample_.Advanced_select_with_multiple_features.html] @01-10-2021 02:01:40.0177 AM
[ReportManager] Initial URL: [data:,] @01-10-2021 02:01:40.0216 AM
[ReportManager] Browser Action [NavigateToURL] successfully performed. With the following test data [https://yari-demos.prod.mdn.mozit.cloud/en-US/docs/Web/HTML/Element/select/_sample_.Advanced_select_with_multiple_features.html]. @01-10-2021 02:01:40.0668 AM
[ReportManager] Element Action [Select] successfully performed. With the following test data [Dog]. @01-10-2021 02:01:40.0879 AM
[ReportManager] Element Action [Select] successfully performed. With the following test data [Cat]. @01-10-2021 02:01:41.0099 AM
[ReportManager] Element Action [GetSelectedText] successfully performed. With the following test data [DogCat]. @01-10-2021 02:01:41.0226 AM
[ReportManager] DogCat @01-10-2021 02:01:41.0227 AM
[ReportManager] Element Action [GetSelectedText] successfully performed. With the following test data [DogCat]. @01-10-2021 02:01:41.0358 AM
[ReportManager] Loaded Shared OpenCV @01-10-2021 02:01:41.0486 AM
[ReportManager] Assertion [ValidateElementAttribute] PASSED. Expected [Value Should be 'DogCat' for the 'selectedText' attribute, element locator 'By.tagName: select'] and Actual [DogCat]. Comparison Type [EQUALS]. Validation Type [POSITIVE]. @01-10-2021 02:01:41.0577 AM
[ReportManager] Successfully created attachment [Screenshot - 1633053701485_multipleSelect_ValidateElementAttribute_passed] @01-10-2021 02:01:41.0577 AM
[ReportManager] Browser Action [CloseCurrentWindow] successfully performed. @01-10-2021 02:01:41.0678 AM
[ReportManager] Successfully created attachment [Browser Action Test Data - CloseCurrentWindow - Actual Value] @01-10-2021 02:01:41.0679 A

################################################################################################################################################
Starting Execution:	[87 out of 144] test cases in the current suite
Test Method:		[testPackage01.Test_SelectedValue.simpleSelect]
################################################################################################################################################
[ReportManager] File Action [GetAbsolutePath] successfully performed. With the following test data [Relative Folder Path: "target/downloadedFiles/"]. @01-10-2021 02:01:41.0693 AM
[ReportManager] Attempting to run remotely on: [Linux-64], [GoogleChrome], [http://localhost:4444/wd/hub], Headless Execution. @01-10-2021 02:01:41.0693 AM
[ReportManager] Successfully Opened [GoogleChrome]. @01-10-2021 02:01:41.0980 AM
[ReportManager] Target URL: [https://yari-demos.prod.mdn.mozit.cloud/en-US/docs/Web/HTML/Element/select/_sample_.Basic_select.html] @01-10-2021 02:01:42.0002 AM
[ReportManager] Initial URL: [data:,] @01-10-2021 02:01:42.0054 AM
[ReportManager] Browser Action [NavigateToURL] successfully performed. With the following test data [https://yari-demos.prod.mdn.mozit.cloud/en-US/docs/Web/HTML/Element/select/_sample_.Basic_select.html]. @01-10-2021 02:01:42.0280 AM
[ReportManager] Element Action [Select] successfully performed. With the following test data [Third Value]. @01-10-2021 02:01:42.0619 AM
[ReportManager] Element Action [GetSelectedText] successfully performed. With the following test data [Third Value]. @01-10-2021 02:01:42.0723 AM
[ReportManager] Third Value @01-10-2021 02:01:42.0723 AM
[ReportManager] Element Action [GetSelectedText] successfully performed. With the following test data [Third Value]. @01-10-2021 02:01:42.0823 AM
[ReportManager] Loaded Shared OpenCV @01-10-2021 02:01:42.0944 AM
[ReportManager] Assertion [ValidateElementAttribute] PASSED. Expected [Value Should be 'Third Value' for the 'selectedText' attribute, element locator 'By.tagName: select'] and Actual [Third Value]. Comparison Type [EQUALS]. Validation Type [POSITIVE]. @01-10-2021 02:01:43.0013 AM
[ReportManager] Successfully created attachment [Screenshot - 1633053702944_simpleSelect_ValidateElementAttribute_passed] @01-10-2021 02:01:43.0013 AM
[ReportManager] Browser Action [CloseCurrentWindow] successfully performed. @01-10-2021 02:01:43.0095 AM
[ReportManager] Successfully created attachment [Browser Action Test Data - CloseCurrentWindow - Actual Value] @01-10-2021 02:01:43.0095 A
[ReportManager] File Action [GetAbsolutePath] successfully performed. With the following test data [Relative Folder Path: "target/downloadedFiles/"]. @01-10-2021 02:01:43.0099 AM
[ReportManager] Attempting to run remotely on: [Linux-64], [GoogleChrome], [http://localhost:4444/wd/hub], Headless Execution. @01-10-2021 02:01:43.0099 AM
[ReportManager] Successfully Opened [GoogleChrome]. @01-10-2021 02:01:43.0325 A

################################################################################################################################################
Starting Execution:	[88 out of 144] test cases in the current suite
Test Method:		[testPackage01.Test_IsElementClickable.testIsElementClickable]
################################################################################################################################################
[ReportManager] Target URL: [https://the-internet.herokuapp.com/] @01-10-2021 02:01:43.0345 AM
[ReportManager] Initial URL: [data:,] @01-10-2021 02:01:43.0397 AM
[ReportManager] Browser Action [NavigateToURL] successfully performed. With the following test data [https://the-internet.herokuapp.com/]. @01-10-2021 02:01:43.0839 AM
[ReportManager] Element Action [IsElementClickable] successfully performed. @01-10-2021 02:01:43.0974 AM
[ReportManager] Assertion [ValidateTrue] PASSED. Expected [TRUE] and Actual [TRUE]. Validation Type [POSITIVE]. @01-10-2021 02:01:43.0974 A
[ReportManager] Browser Action [CloseCurrentWindow] successfully performed. @01-10-2021 02:01:44.0067 AM
[ReportManager] Successfully created attachment [Browser Action Test Data - CloseCurrentWindow - Actual Value] @01-10-2021 02:01:44.0067 A
[ReportManager] File Action [GetAbsolutePath] successfully performed. With the following test data [Relative Folder Path: "target/downloadedFiles/"]. @01-10-2021 02:01:44.0069 AM
[ReportManager] Attempting to run remotely on: [Linux-64], [GoogleChrome], [http://localhost:4444/wd/hub], Headless Execution. @01-10-2021 02:01:44.0069 AM
[ReportManager] Successfully Opened [GoogleChrome]. @01-10-2021 02:01:44.0270 A

################################################################################################################################################
Starting Execution:	[89 out of 144] test cases in the current suite
Test Method:		[testPackage01.Test_clipboardActions.typeTextAndCopyPaste]
################################################################################################################################################
[ReportManager] Target URL: [https://www.google.com/ncr], and after redirection: [https://www.google.com] @01-10-2021 02:01:44.0299 AM
[ReportManager] Initial URL: [data:,] @01-10-2021 02:01:44.0358 AM
[ReportManager] Browser Action [NavigateToURL] successfully performed. With the following test data [https://www.google.com/ncr]. @01-10-2021 02:01:45.0207 AM
[ReportManager] Element Action [Type] successfully performed. With the following test data [FIRST]. @01-10-2021 02:01:45.0582 AM
[ReportManager] Element Action [ClipboardActions] successfully performed. With the following test data [select all]. @01-10-2021 02:01:45.0644 AM
[ReportManager] Element Action [ClipboardActions] successfully performed. With the following test data [copy]. @01-10-2021 02:01:45.0695 AM
[ReportManager] Element Action [ClipboardActions] successfully performed. With the following test data [unselect]. @01-10-2021 02:01:45.0779 AM
[ReportManager] Element Action [ClipboardActions] successfully performed. With the following test data [paste]. @01-10-2021 02:01:45.0837 AM
[ReportManager] Element Action [ClipboardActions] successfully performed. With the following test data [select all]. @01-10-2021 02:01:45.0888 AM
[ReportManager] Element Action [Type] successfully performed. @01-10-2021 02:01:46.0102 AM
[ReportManager] Element Action [ClipboardActions] successfully performed. With the following test data [cut]. @01-10-2021 02:01:46.0103 AM
[ReportManager] Element Action [ClipboardActions] successfully performed. With the following test data [paste]. @01-10-2021 02:01:46.0176 AM
[ReportManager] Element Action [ClipboardActions] successfully performed. With the following test data [paste]. @01-10-2021 02:01:46.0240 A
[ReportManager] Browser Action [CloseCurrentWindow] successfully performed. @01-10-2021 02:01:46.0372 AM
[ReportManager] Successfully created attachment [Browser Action Test Data - CloseCurrentWindow - Actual Value] @01-10-2021 02:01:46.0373 A
[ReportManager] File Action [GetAbsolutePath] successfully performed. With the following test data [Relative Folder Path: "target/downloadedFiles/"]. @01-10-2021 02:01:46.0376 AM
[ReportManager] Attempting to run remotely on: [Linux-64], [GoogleChrome], [http://localhost:4444/wd/hub], Headless Execution. @01-10-2021 02:01:46.0376 AM
[ReportManager] Successfully Opened [GoogleChrome]. @01-10-2021 02:01:46.0577 A

################################################################################################################################################
Starting Execution:	[90 out of 144] test cases in the current suite
Test Method:		[testPackage01.Test_dynamicLoading.dynamicLoading_elementIsHidden]
################################################################################################################################################
[ReportManager] Target URL: [https://the-internet.herokuapp.com/dynamic_loading/1] @01-10-2021 02:01:46.0590 AM
[ReportManager] Initial URL: [data:,] @01-10-2021 02:01:46.0632 AM
[ReportManager] Browser Action [NavigateToURL] successfully performed. With the following test data [https://the-internet.herokuapp.com/dynamic_loading/1]. @01-10-2021 02:01:46.0995 AM
[ReportManager] Element Action [Click] successfully performed. With the following test data [Start]. @01-10-2021 02:01:47.0308 AM
[ReportManager] Element Action [GetText] successfully performed. With the following test data [
    Hello World!
  ]. @01-10-2021 02:01:47.0408 AM
[ReportManager] Loaded Shared OpenCV @01-10-2021 02:01:47.0557 AM
[ReportManager] Assertion [ValidateElementAttribute] PASSED. Expected [Value Should be 'Hello World!' for the 'text' attribute, element locator 'By.id: finish'] and Actual [
    Hello World!
  ]. Comparison Type [CONTAINS]. Validation Type [POSITIVE]. @01-10-2021 02:01:47.0632 AM
[ReportManager] Successfully created attachment [Screenshot - 1633053707557_dynamicLoading_elementIsHidden_ValidateElementAttribute_passed] @01-10-2021 02:01:47.0633 A
[ReportManager] Browser Action [CloseCurrentWindow] successfully performed. @01-10-2021 02:01:47.0734 AM
[ReportManager] Successfully created attachment [Browser Action Test Data - CloseCurrentWindow - Actual Value] @01-10-2021 02:01:47.0734 A
[ReportManager] File Action [GetAbsolutePath] successfully performed. With the following test data [Relative Folder Path: "target/downloadedFiles/"]. @01-10-2021 02:01:47.0736 AM
[ReportManager] Attempting to run remotely on: [Linux-64], [GoogleChrome], [http://localhost:4444/wd/hub], Headless Execution. @01-10-2021 02:01:47.0736 AM
[ReportManager] Successfully Opened [GoogleChrome]. @01-10-2021 02:01:47.0955 A

################################################################################################################################################
Starting Execution:	[91 out of 144] test cases in the current suite
Test Method:		[testPackage01.Test_dynamicLoading.dynamicLoading_elementIsRendered]
################################################################################################################################################
[ReportManager] Target URL: [https://the-internet.herokuapp.com/dynamic_loading/2] @01-10-2021 02:01:47.0970 AM
[ReportManager] Initial URL: [data:,] @01-10-2021 02:01:48.0009 AM
[ReportManager] Browser Action [NavigateToURL] successfully performed. With the following test data [https://the-internet.herokuapp.com/dynamic_loading/2]. @01-10-2021 02:01:48.0374 AM
[ReportManager] Element Action [Click] successfully performed. With the following test data [Start]. @01-10-2021 02:01:48.0710 AM
[ReportManager] Element Action [GetText] successfully performed. With the following test data [Hello World!]. @01-10-2021 02:01:53.0883 AM
[ReportManager] Loaded Shared OpenCV @01-10-2021 02:01:54.0025 AM
[ReportManager] Assertion [ValidateElementAttribute] PASSED. Expected [Value Should be 'Hello World!' for the 'text' attribute, element locator 'By.id: finish'] and Actual [Hello World!]. Comparison Type [CONTAINS]. Validation Type [POSITIVE]. @01-10-2021 02:01:54.0101 AM
[ReportManager] Successfully created attachment [Screenshot - 1633053714025_dynamicLoading_elementIsRendered_ValidateElementAttribute_passed] @01-10-2021 02:01:54.0102 A
[ReportManager] Browser Action [CloseCurrentWindow] successfully performed. @01-10-2021 02:01:54.0217 AM
[ReportManager] Successfully created attachment [Browser Action Test Data - CloseCurrentWindow - Actual Value] @01-10-2021 02:01:54.0217 A

################################################################################################################################################
Starting Execution:	[92 out of 144] test cases in the current suite
Test Method:		[testPackage01.Test_JsonCompareWithSpecialCharacters.specialCharacters]
################################################################################################################################################
[ReportManager] File Action [GetAbsolutePath] successfully performed. With the following test data [Relative Folder Path: "src/test/resources/TestJsonFiles/specialCharacters.json"]. @01-10-2021 02:01:54.0223 AM
[ReportManager] File Action [ReadFromFile] successfully performed. With the following test data [File Path: "/home/runner/work/SHAFT_ENGINE/SHAFT_ENGINE/src/test/resources/TestJsonFiles/specialCharacters.json"]. @01-10-2021 02:01:54.0236 AM
[ReportManager] Successfully created attachment [File Action Actual Result - Command Log] @01-10-2021 02:01:54.0236 AM
[ReportManager] Comparing the provided API response with the file at this path "src/test/resources/TestJsonFiles/specialCharacters.json", comparison type "EQUALS" @01-10-2021 02:01:54.0237 AM
[ReportManager] API Action [CompareJSON] successfully performed. With the following test data [src/test/resources/TestJsonFiles/specialCharacters.json]. @01-10-2021 02:01:54.0261 AM
[ReportManager] File Action [GetAbsolutePath] successfully performed. With the following test data [Relative Folder Path: "src/test/resources/TestJsonFiles/specialCharacters.json"]. @01-10-2021 02:01:54.0261 AM
[ReportManager] File Action [ReadFromFile] successfully performed. With the following test data [File Path: "/home/runner/work/SHAFT_ENGINE/SHAFT_ENGINE/src/test/resources/TestJsonFiles/specialCharacters.json"]. @01-10-2021 02:01:54.0261 AM
[ReportManager] Verification [ValidateJSONFileContent] PASSED. Expected [Response data should match the JSON File in this path 'src/test/resources/TestJsonFiles/specialCharacters.json'] and Actual [TRUE]. Comparison Type [EQUALS]. Validation Type [POSITIVE]. @01-10-2021 02:01:54.0267 AM
[ReportManager] Successfully created attachment [Validation Test Data - Expected JSON Value] @01-10-2021 02:01:54.0268 AM
[ReportManager] Successfully created attachment [Validation Test Data - Actual JSON Value] @01-10-2021 02:01:54.0269 A

################################################################################################################################################
Starting Execution:	[93 out of 144] test cases in the current suite
Test Method:		[testPackage01.Test_JsonCompareWithSpecialCharacters.specialCharacters_assertion]
################################################################################################################################################
[ReportManager] File Action [GetAbsolutePath] successfully performed. With the following test data [Relative Folder Path: "src/test/resources/TestJsonFiles/specialCharacters.json"]. @01-10-2021 02:01:54.0277 AM
[ReportManager] File Action [ReadFromFile] successfully performed. With the following test data [File Path: "/home/runner/work/SHAFT_ENGINE/SHAFT_ENGINE/src/test/resources/TestJsonFiles/specialCharacters.json"]. @01-10-2021 02:01:54.0277 AM
[ReportManager] Successfully created attachment [File Action Actual Result - Command Log] @01-10-2021 02:01:54.0277 AM
[ReportManager] Comparing the provided API response with the file at this path "src/test/resources/TestJsonFiles/specialCharacters.json", comparison type "CONTAINS" @01-10-2021 02:01:54.0278 AM
[ReportManager] API Action [CompareJSON] successfully performed. With the following test data [src/test/resources/TestJsonFiles/specialCharacters.json]. @01-10-2021 02:01:54.0294 AM
[ReportManager] File Action [GetAbsolutePath] successfully performed. With the following test data [Relative Folder Path: "src/test/resources/TestJsonFiles/specialCharacters.json"]. @01-10-2021 02:01:54.0294 AM
[ReportManager] File Action [ReadFromFile] successfully performed. With the following test data [File Path: "/home/runner/work/SHAFT_ENGINE/SHAFT_ENGINE/src/test/resources/TestJsonFiles/specialCharacters.json"]. @01-10-2021 02:01:54.0294 AM
[ReportManager] Assertion Passed: trying out the log message @01-10-2021 02:01:54.0297 AM
[ReportManager] Successfully created attachment [Validation Test Data - Expected JSON Value] @01-10-2021 02:01:54.0298 AM
[ReportManager] Successfully created attachment [Validation Test Data - Actual JSON Value] @01-10-2021 02:01:54.0298 AM
[ReportManager] Assertion [ValidateJSONFileContent] PASSED. Expected [Response data should match the JSON File in this path 'src/test/resources/TestJsonFiles/specialCharacters.json'] and Actual [TRUE]. Comparison Type [CONTAINS]. Validation Type [POSITIVE]. @01-10-2021 02:01:54.0298 A
[ReportManager] File Action [GetAbsolutePath] successfully performed. With the following test data [Relative Folder Path: "target/downloadedFiles/"]. @01-10-2021 02:01:54.0308 AM
[ReportManager] Attempting to run remotely on: [Linux-64], [GoogleChrome], [http://localhost:4444/wd/hub], Headless Execution. @01-10-2021 02:01:54.0308 AM
[ReportManager] Successfully Opened [GoogleChrome]. @01-10-2021 02:01:54.0608 A

################################################################################################################################################
Starting Execution:	[94 out of 144] test cases in the current suite
Test Method:		[testPackage01.Test_uploadFile.uploadFile_invisibleUploadInput]
################################################################################################################################################
[ReportManager] Target URL: [https://fineuploader.com/demos.html#gallery-view] @01-10-2021 02:01:54.0625 AM
[ReportManager] Initial URL: [data:,] @01-10-2021 02:01:54.0664 AM
[ReportManager] Browser Action [NavigateToURL] successfully performed. With the following test data [https://fineuploader.com/demos.html#gallery-view]. @01-10-2021 02:01:56.0254 AM
[ReportManager] File Action [GetAbsolutePath] successfully performed. With the following test data [Relative File Path: "src/main/resources/images/shaft.png"]. @01-10-2021 02:01:56.0255 AM
[ReportManager] Successfully created attachment [File Action Actual Result - Command Log] @01-10-2021 02:01:56.0255 AM
[ReportManager] Element Action [TypeFileLocationForUpload] successfully performed. With the following test data [/home/runner/work/SHAFT_ENGINE/SHAFT_ENGINE/src/main/resources/images/shaft.png]. @01-10-2021 02:01:56.0458 AM
[ReportManager] Attempting to getAttribute [src] from elementLocator [By.xpath: //div[@id='fine-uploader-gallery']//div[@class='qq-thumbnail-wrapper']/img]. @01-10-2021 02:01:56.0458 AM
[ReportManager] Element Action [GetAttribute] successfully performed. @01-10-2021 02:01:56.0585 AM
[ReportManager] Successfully created attachment [Element Action Test Data - GetAttribute - Actual Value] @01-10-2021 02:01:56.0586 AM
[ReportManager] Loaded Shared OpenCV @01-10-2021 02:01:56.0728 AM
[ReportManager] Assertion [ValidateElementAttribute] PASSED. Expected and Actual values are attached. Comparison Type [CONTAINS]. Validation Type [POSITIVE]. @01-10-2021 02:01:56.0821 AM
[ReportManager] Successfully created attachment [Validation Test Data - Expected Value] @01-10-2021 02:01:56.0822 AM
[ReportManager] Successfully created attachment [Validation Test Data - Actual Value] @01-10-2021 02:01:56.0822 AM
[ReportManager] Successfully created attachment [Screenshot - 1633053716728_uploadFile_invisibleUploadInput_ValidateElementAttribute_passed] @01-10-2021 02:01:56.0823 A
[ReportManager] Browser Action [CloseCurrentWindow] successfully performed. @01-10-2021 02:01:56.0964 AM
[ReportManager] Successfully created attachment [Browser Action Test Data - CloseCurrentWindow - Actual Value] @01-10-2021 02:01:56.0965 A
[ReportManager] File Action [GetAbsolutePath] successfully performed. With the following test data [Relative Folder Path: "target/downloadedFiles/"]. @01-10-2021 02:01:56.0971 AM
[ReportManager] Attempting to run remotely on: [Linux-64], [GoogleChrome], [http://localhost:4444/wd/hub], Headless Execution. @01-10-2021 02:01:56.0975 AM
[ReportManager] Successfully Opened [GoogleChrome]. @01-10-2021 02:01:57.0222 A

################################################################################################################################################
Starting Execution:	[95 out of 144] test cases in the current suite
Test Method:		[testPackage01.Test_uploadFile.uploadFile_visibleUploadInput]
################################################################################################################################################
[ReportManager] Target URL: [http://demo.guru99.com/test/upload/] @01-10-2021 02:01:57.0234 AM
[ReportManager] Initial URL: [data:,] @01-10-2021 02:01:57.0281 AM
[ReportManager] Browser Action [NavigateToURL] successfully performed. With the following test data [http://demo.guru99.com/test/upload/]. @01-10-2021 02:01:58.0277 AM
[ReportManager] File Action [GetAbsolutePath] successfully performed. With the following test data [Relative File Path: "src/main/resources/images/shaft.png"]. @01-10-2021 02:01:58.0277 AM
[ReportManager] Successfully created attachment [File Action Actual Result - Command Log] @01-10-2021 02:01:58.0277 AM
[ReportManager] Element Action [TypeFileLocationForUpload] successfully performed. With the following test data [/home/runner/work/SHAFT_ENGINE/SHAFT_ENGINE/src/main/resources/images/shaft.png]. @01-10-2021 02:01:58.0447 AM
[ReportManager] Element Action [Click] successfully performed. With the following test data [on]. @01-10-2021 02:01:58.0780 AM
[ReportManager] Element Action [Click] successfully performed. With the following test data [Submit File]. @01-10-2021 02:01:59.0103 AM
[ReportManager] Element Action [GetText] successfully performed. With the following test data [1 file
has been successfully uploaded.]. @01-10-2021 02:01:59.0729 AM
[ReportManager] Loaded Shared OpenCV @01-10-2021 02:01:59.0858 AM
[ReportManager] Assertion [ValidateElementAttribute] PASSED. Expected [Value Should be '1 file' for the 'Text' attribute, element locator 'By.id: res'] and Actual [1 file
has been successfully uploaded.]. Comparison Type [CONTAINS]. Validation Type [POSITIVE]. @01-10-2021 02:01:59.0930 AM
[ReportManager] Successfully created attachment [Screenshot - 1633053719857_uploadFile_visibleUploadInput_ValidateElementAttribute_passed] @01-10-2021 02:01:59.0931 A
[ReportManager] Browser Action [CloseCurrentWindow] successfully performed. @01-10-2021 02:02:00.0038 AM
[ReportManager] Successfully created attachment [Browser Action Test Data - CloseCurrentWindow - Actual Value] @01-10-2021 02:02:00.0039 A
[ReportManager] File Action [GetAbsolutePath] successfully performed. With the following test data [Relative Folder Path: "target/downloadedFiles/"]. @01-10-2021 02:02:00.0041 AM
[ReportManager] Attempting to run remotely on: [Linux-64], [GoogleChrome], [http://localhost:4444/wd/hub], Headless Execution. @01-10-2021 02:02:00.0041 AM
[ReportManager] Successfully Opened [GoogleChrome]. @01-10-2021 02:02:00.0263 A

################################################################################################################################################
Starting Execution:	[96 out of 144] test cases in the current suite
Test Method:		[testPackage01.Test_assertEquals.test_assertElementAttribute]
################################################################################################################################################
[ReportManager] Target URL: [https://www.google.com/ncr], and after redirection: [https://www.google.com] @01-10-2021 02:02:00.0274 AM
[ReportManager] Initial URL: [data:,] @01-10-2021 02:02:00.0336 AM
[ReportManager] Browser Action [NavigateToURL] successfully performed. With the following test data [https://www.google.com/ncr]. @01-10-2021 02:02:02.0016 AM
[ReportManager] Element Action [Type] successfully performed. With the following test data [INC_004010050:Another SCHEDULER with the same name [Duplicate Job Name] already exists.]. @01-10-2021 02:02:02.0767 AM
[ReportManager] Element Action [GetText] successfully performed. With the following test data [INC_004010050:Another SCHEDULER with the same name [Duplicate Job Name] already exists.]. @01-10-2021 02:02:02.0848 AM
[ReportManager] Loaded Shared OpenCV @01-10-2021 02:02:03.0005 AM
[ReportManager] Assertion [ValidateElementAttribute] PASSED. Expected [Value Should be 'INC_004010050:Another SCHEDULER with the same name \[Duplicate Job Name\] already exists.' for the 'text' attribute, element locator 'By.name: q'] and Actual [INC_004010050:Another SCHEDULER with the same name [Duplicate Job Name] already exists.]. Comparison Type [MATCHES]. Validation Type [POSITIVE]. @01-10-2021 02:02:03.0079 AM
[ReportManager] Successfully created attachment [Screenshot - 1633053723005_test_assertElementAttribute_ValidateElementAttribute_passed] @01-10-2021 02:02:03.0080 A
[ReportManager] Browser Action [CloseCurrentWindow] successfully performed. @01-10-2021 02:02:03.0207 AM
[ReportManager] Successfully created attachment [Browser Action Test Data - CloseCurrentWindow - Actual Value] @01-10-2021 02:02:03.0208 A

################################################################################################################################################
Starting Execution:	[97 out of 144] test cases in the current suite
Test Method:		[testPackage01.Test_NewValidationHelper.f1]
################################################################################################################################################
[ReportManager] Assertion Passed: Checking valid user data @01-10-2021 02:02:03.0213 AM
[ReportManager] Successfully created attachment [Validation Test Data - Expected Value] @01-10-2021 02:02:03.0213 AM
[ReportManager] Successfully created attachment [Validation Test Data - Actual Value] @01-10-2021 02:02:03.0213 AM
[ReportManager] Assertion [ValidateEquals] PASSED. Expected and Actual values are attached. Comparison Type [EQUALS]. Validation Type [POSITIVE]. @01-10-2021 02:02:03.0213 A
[ReportManager] File Action [GetAbsolutePath] successfully performed. With the following test data [Relative Folder Path: "target/downloadedFiles/"]. @01-10-2021 02:02:03.0217 AM
[ReportManager] Attempting to run remotely on: [Linux-64], [GoogleChrome], [http://localhost:4444/wd/hub], Headless Execution. @01-10-2021 02:02:03.0218 AM
[ReportManager] Successfully Opened [GoogleChrome]. @01-10-2021 02:02:03.0446 AM
[ReportManager] Target URL: [https://the-internet.herokuapp.com/] @01-10-2021 02:02:03.0458 AM
[ReportManager] Initial URL: [data:,] @01-10-2021 02:02:03.0512 AM
[ReportManager] Browser Action [NavigateToURL] successfully performed. With the following test data [https://the-internet.herokuapp.com/]. @01-10-2021 02:02:03.0918 A

################################################################################################################################################
Starting Execution:	[98 out of 144] test cases in the current suite
Test Method:		[testPackage01.Test_NewValidationHelper.f10]
################################################################################################################################################
[ReportManager] Assertion [ValidateElementExists] FAILED. Expected [Element Should Exist, locator 'By.tagName: div'] and Actual [Element Exists but is not unique]. Comparison Type [EQUALS]. Validation Type [POSITIVE]. @01-10-2021 02:02:04.0178 AM
[ReportManager] Successfully created attachment [Screenshot - 1633053724105_f10_ValidateElementExists_failed] @01-10-2021 02:02:04.0178 A
[ReportManager] Successfully Closed All Drivers. @01-10-2021 02:02:04.0252 A
[ReportManager] File Action [GetAbsolutePath] successfully performed. With the following test data [Relative Folder Path: "target/downloadedFiles/"]. @01-10-2021 02:02:04.0254 AM
[ReportManager] Attempting to run remotely on: [Linux-64], [GoogleChrome], [http://localhost:4444/wd/hub], Headless Execution. @01-10-2021 02:02:04.0254 AM
[ReportManager] Successfully Opened [GoogleChrome]. @01-10-2021 02:02:04.0542 AM
[ReportManager] Target URL: [https://the-internet.herokuapp.com/] @01-10-2021 02:02:04.0552 AM
[ReportManager] Initial URL: [data:,] @01-10-2021 02:02:04.0593 AM
[ReportManager] Browser Action [NavigateToURL] successfully performed. With the following test data [https://the-internet.herokuapp.com/]. @01-10-2021 02:02:04.0964 A

################################################################################################################################################
Starting Execution:	[99 out of 144] test cases in the current suite
Test Method:		[testPackage01.Test_NewValidationHelper.f11]
################################################################################################################################################
[ReportManager] Assertion Passed: Checking that false tag doesn't exist @01-10-2021 02:02:15.0369 AM
[ReportManager] Successfully created attachment [Screenshot - 1633053735298_f11_ValidateElementExists_passed] @01-10-2021 02:02:15.0370 AM
[ReportManager] Assertion [ValidateElementExists] PASSED. Expected [Element Should not Exist, locator 'By.tagName: h3'] and Actual [Element Doesn't Exists]. Comparison Type [EQUALS]. Validation Type [NEGATIVE]. @01-10-2021 02:02:15.0370 A
[ReportManager] Successfully Closed All Drivers. @01-10-2021 02:02:15.0446 A
[ReportManager] File Action [GetAbsolutePath] successfully performed. With the following test data [Relative Folder Path: "target/downloadedFiles/"]. @01-10-2021 02:02:15.0448 AM
[ReportManager] Attempting to run remotely on: [Linux-64], [GoogleChrome], [http://localhost:4444/wd/hub], Headless Execution. @01-10-2021 02:02:15.0448 AM
[ReportManager] Successfully Opened [GoogleChrome]. @01-10-2021 02:02:15.0645 AM
[ReportManager] Target URL: [https://the-internet.herokuapp.com/] @01-10-2021 02:02:15.0655 AM
[ReportManager] Initial URL: [data:,] @01-10-2021 02:02:15.0694 AM
[ReportManager] Browser Action [NavigateToURL] successfully performed. With the following test data [https://the-internet.herokuapp.com/]. @01-10-2021 02:02:16.0092 A

################################################################################################################################################
Starting Execution:	[100 out of 144] test cases in the current suite
Test Method:		[testPackage01.Test_NewValidationHelper.f12]
################################################################################################################################################
[ReportManager] Loaded Shared OpenCV @01-10-2021 02:02:16.0280 AM
[ReportManager] Assertion [ValidateElementExists] FAILED. Expected [Element Should not Exist, locator 'By.tagName: h1'] and Actual [Element Exists]. Comparison Type [EQUALS]. Validation Type [NEGATIVE]. @01-10-2021 02:02:16.0366 AM
[ReportManager] Successfully created attachment [Screenshot - 1633053736280_f12_ValidateElementExists_failed] @01-10-2021 02:02:16.0367 A
[ReportManager] Successfully Closed All Drivers. @01-10-2021 02:02:16.0442 A
[ReportManager] File Action [GetAbsolutePath] successfully performed. With the following test data [Relative Folder Path: "target/downloadedFiles/"]. @01-10-2021 02:02:16.0444 AM
[ReportManager] Attempting to run remotely on: [Linux-64], [GoogleChrome], [http://localhost:4444/wd/hub], Headless Execution. @01-10-2021 02:02:16.0444 AM
[ReportManager] Successfully Opened [GoogleChrome]. @01-10-2021 02:02:16.0656 AM
[ReportManager] Target URL: [https://the-internet.herokuapp.com/] @01-10-2021 02:02:16.0665 AM
[ReportManager] Initial URL: [data:,] @01-10-2021 02:02:16.0708 AM
[ReportManager] Browser Action [NavigateToURL] successfully performed. With the following test data [https://the-internet.herokuapp.com/]. @01-10-2021 02:02:17.0092 A

################################################################################################################################################
Starting Execution:	[101 out of 144] test cases in the current suite
Test Method:		[testPackage01.Test_NewValidationHelper.f13]
################################################################################################################################################
[ReportManager] Assertion [ValidateElementExists] FAILED. Expected [Element Should not Exist, locator 'By.tagName: div'] and Actual [Element Exists but is not unique]. Comparison Type [EQUALS]. Validation Type [NEGATIVE]. @01-10-2021 02:02:17.0358 AM
[ReportManager] Successfully created attachment [Screenshot - 1633053737280_f13_ValidateElementExists_failed] @01-10-2021 02:02:17.0359 A
[ReportManager] Successfully Closed All Drivers. @01-10-2021 02:02:17.0432 A
[ReportManager] File Action [GetAbsolutePath] successfully performed. With the following test data [Relative Folder Path: "target/downloadedFiles/"]. @01-10-2021 02:02:17.0434 AM
[ReportManager] Attempting to run remotely on: [Linux-64], [GoogleChrome], [http://localhost:4444/wd/hub], Headless Execution. @01-10-2021 02:02:17.0434 AM
[ReportManager] Successfully Opened [GoogleChrome]. @01-10-2021 02:02:17.0645 AM
[ReportManager] Target URL: [https://the-internet.herokuapp.com/] @01-10-2021 02:02:17.0656 AM
[ReportManager] Initial URL: [data:,] @01-10-2021 02:02:17.0703 AM
[ReportManager] Browser Action [NavigateToURL] successfully performed. With the following test data [https://the-internet.herokuapp.com/]. @01-10-2021 02:02:18.0092 A

################################################################################################################################################
Starting Execution:	[102 out of 144] test cases in the current suite
Test Method:		[testPackage01.Test_NewValidationHelper.f14]
################################################################################################################################################
[ReportManager] Element Action [GetText] successfully performed. With the following test data [Welcome to the-internet]. @01-10-2021 02:02:18.0196 AM
[ReportManager] Loaded Shared OpenCV @01-10-2021 02:02:18.0366 AM
[ReportManager] Assertion Passed: Asserting that the header text is correct @01-10-2021 02:02:18.0447 AM
[ReportManager] Successfully created attachment [Screenshot - 1633053738366_f14_ValidateElementAttribute_passed] @01-10-2021 02:02:18.0448 AM
[ReportManager] Assertion [ValidateElementAttribute] PASSED. Expected [Value Should be 'Welcome to the-internet' for the 'text' attribute, element locator 'By.tagName: h1'] and Actual [Welcome to the-internet]. Comparison Type [EQUALS]. Validation Type [POSITIVE]. @01-10-2021 02:02:18.0449 A
[ReportManager] Successfully Closed All Drivers. @01-10-2021 02:02:18.0524 A
[ReportManager] File Action [GetAbsolutePath] successfully performed. With the following test data [Relative Folder Path: "target/downloadedFiles/"]. @01-10-2021 02:02:18.0526 AM
[ReportManager] Attempting to run remotely on: [Linux-64], [GoogleChrome], [http://localhost:4444/wd/hub], Headless Execution. @01-10-2021 02:02:18.0526 AM
[ReportManager] Successfully Opened [GoogleChrome]. @01-10-2021 02:02:18.0729 AM
[ReportManager] Target URL: [https://the-internet.herokuapp.com/] @01-10-2021 02:02:18.0742 AM
[ReportManager] Initial URL: [data:,] @01-10-2021 02:02:18.0796 AM
[ReportManager] Browser Action [NavigateToURL] successfully performed. With the following test data [https://the-internet.herokuapp.com/]. @01-10-2021 02:02:19.0188 A

################################################################################################################################################
Starting Execution:	[103 out of 144] test cases in the current suite
Test Method:		[testPackage01.Test_NewValidationHelper.f15]
################################################################################################################################################
[ReportManager] Element Action [GetText] successfully performed. With the following test data [Welcome to the-internet]. @01-10-2021 02:02:19.0273 AM
[ReportManager] Loaded Shared OpenCV @01-10-2021 02:02:19.0413 AM
[ReportManager] Assertion [ValidateElementAttribute] FAILED. Expected [Value Should not be 'Welcome' for the 'text' attribute, element locator 'By.tagName: h1'] and Actual [Welcome to the-internet]. Comparison Type [CONTAINS]. Validation Type [NEGATIVE]. @01-10-2021 02:02:19.0499 AM
[ReportManager] Successfully created attachment [Screenshot - 1633053739413_f15_ValidateElementAttribute_failed] @01-10-2021 02:02:19.0501 A
[ReportManager] Successfully Closed All Drivers. @01-10-2021 02:02:19.0571 A
[ReportManager] File Action [GetAbsolutePath] successfully performed. With the following test data [Relative Folder Path: "target/downloadedFiles/"]. @01-10-2021 02:02:19.0573 AM
[ReportManager] Attempting to run remotely on: [Linux-64], [GoogleChrome], [http://localhost:4444/wd/hub], Headless Execution. @01-10-2021 02:02:19.0573 AM
[ReportManager] Successfully Opened [GoogleChrome]. @01-10-2021 02:02:19.0796 AM
[ReportManager] Target URL: [https://the-internet.herokuapp.com/] @01-10-2021 02:02:19.0814 AM
[ReportManager] Initial URL: [data:,] @01-10-2021 02:02:19.0855 AM
[ReportManager] Browser Action [NavigateToURL] successfully performed. With the following test data [https://the-internet.herokuapp.com/]. @01-10-2021 02:02:20.0211 A

################################################################################################################################################
Starting Execution:	[104 out of 144] test cases in the current suite
Test Method:		[testPackage01.Test_NewValidationHelper.f16]
################################################################################################################################################
[ReportManager] Element Action [IdentifyUniqueElement] failed. With the following test data [zero elements found matching this locator "By.tagName: h3".]. @01-10-2021 02:02:45.0782 AM
[ReportManager] Successfully created attachment [Screenshot - 1633053765713_f16_IdentifyUniqueElement_failed] @01-10-2021 02:02:45.0783 AM
[ReportManager] Assertion [ValidateElementAttribute] FAILED. Expected [Value Should not be 'Welcome' for the 'text' attribute, element locator 'By.tagName: h3'] and Actual [Failed to read the desired element attribute]. Comparison Type [CONTAINS]. Validation Type [NEGATIVE]. @01-10-2021 02:02:45.0783 A
[ReportManager] Successfully Closed All Drivers. @01-10-2021 02:02:45.0859 A
[ReportManager] File Action [GetAbsolutePath] successfully performed. With the following test data [Relative Folder Path: "target/downloadedFiles/"]. @01-10-2021 02:02:45.0861 AM
[ReportManager] Attempting to run remotely on: [Linux-64], [GoogleChrome], [http://localhost:4444/wd/hub], Headless Execution. @01-10-2021 02:02:45.0861 AM
[ReportManager] Successfully Opened [GoogleChrome]. @01-10-2021 02:02:46.0076 AM
[ReportManager] Target URL: [https://the-internet.herokuapp.com/] @01-10-2021 02:02:46.0096 AM
[ReportManager] Initial URL: [data:,] @01-10-2021 02:02:46.0134 AM
[ReportManager] Browser Action [NavigateToURL] successfully performed. With the following test data [https://the-internet.herokuapp.com/]. @01-10-2021 02:02:46.0514 A

################################################################################################################################################
Starting Execution:	[105 out of 144] test cases in the current suite
Test Method:		[testPackage01.Test_NewValidationHelper.f17]
################################################################################################################################################
[ReportManager] Attempting to getAttribute [text2] from elementLocator [By.tagName: h1]. @01-10-2021 02:02:46.0524 AM
[ReportManager] Element Action [GetAttribute] successfully performed. @01-10-2021 02:02:46.0603 AM
[ReportManager] Loaded Shared OpenCV @01-10-2021 02:02:46.0746 AM
[ReportManager] Assertion [ValidateElementAttribute] PASSED. Expected [Value Should not be 'Welcome' for the 'text2' attribute, element locator 'By.tagName: h1'] and Actual [null]. Comparison Type [CONTAINS]. Validation Type [NEGATIVE]. @01-10-2021 02:02:46.0828 AM
[ReportManager] Successfully created attachment [Screenshot - 1633053766746_f17_ValidateElementAttribute_passed] @01-10-2021 02:02:46.0829 A
[ReportManager] Successfully Closed All Drivers. @01-10-2021 02:02:46.0923 A
[ReportManager] File Action [GetAbsolutePath] successfully performed. With the following test data [Relative Folder Path: "target/downloadedFiles/"]. @01-10-2021 02:02:46.0930 AM
[ReportManager] Attempting to run remotely on: [Linux-64], [GoogleChrome], [http://localhost:4444/wd/hub], Headless Execution. @01-10-2021 02:02:46.0930 AM
[ReportManager] Successfully Opened [GoogleChrome]. @01-10-2021 02:02:47.0193 AM
[ReportManager] Target URL: [https://the-internet.herokuapp.com/] @01-10-2021 02:02:47.0203 AM
[ReportManager] Initial URL: [data:,] @01-10-2021 02:02:47.0245 AM
[ReportManager] Browser Action [NavigateToURL] successfully performed. With the following test data [https://the-internet.herokuapp.com/]. @01-10-2021 02:02:47.0637 A

################################################################################################################################################
Starting Execution:	[106 out of 144] test cases in the current suite
Test Method:		[testPackage01.Test_NewValidationHelper.f18]
################################################################################################################################################
[ReportManager] Element Action [GetText] successfully performed. With the following test data [Welcome to the-internet]. @01-10-2021 02:02:47.0736 AM
[ReportManager] Loaded Shared OpenCV @01-10-2021 02:02:47.0881 AM
[ReportManager] Assertion [ValidateElementAttribute] PASSED. Expected [Value Should not be 'no' for the 'text' attribute, element locator 'By.tagName: h1'] and Actual [Welcome to the-internet]. Comparison Type [CONTAINS]. Validation Type [NEGATIVE]. @01-10-2021 02:02:47.0965 AM
[ReportManager] Successfully created attachment [Screenshot - 1633053767881_f18_ValidateElementAttribute_passed] @01-10-2021 02:02:47.0966 A
[ReportManager] Successfully Closed All Drivers. @01-10-2021 02:02:48.0042 A
[ReportManager] File Action [GetAbsolutePath] successfully performed. With the following test data [Relative Folder Path: "target/downloadedFiles/"]. @01-10-2021 02:02:48.0045 AM
[ReportManager] Attempting to run remotely on: [Linux-64], [GoogleChrome], [http://localhost:4444/wd/hub], Headless Execution. @01-10-2021 02:02:48.0045 AM
[ReportManager] Successfully Opened [GoogleChrome]. @01-10-2021 02:02:48.0275 AM
[ReportManager] Target URL: [https://the-internet.herokuapp.com/] @01-10-2021 02:02:48.0285 AM
[ReportManager] Initial URL: [data:,] @01-10-2021 02:02:48.0327 AM
[ReportManager] Browser Action [NavigateToURL] successfully performed. With the following test data [https://the-internet.herokuapp.com/]. @01-10-2021 02:02:48.0743 A

################################################################################################################################################
Starting Execution:	[107 out of 144] test cases in the current suite
Test Method:		[testPackage01.Test_NewValidationHelper.f19]
################################################################################################################################################
[ReportManager] Element Action [GetTagName] successfully performed. With the following test data [h1]. @01-10-2021 02:02:48.0824 AM
[ReportManager] Loaded Shared OpenCV @01-10-2021 02:02:48.0977 AM
[ReportManager] Assertion [ValidateElementAttribute] PASSED. Expected [Value Should be 'h' for the 'tagname' attribute, element locator 'By.tagName: h1'] and Actual [h1]. Comparison Type [CONTAINS]. Validation Type [POSITIVE]. @01-10-2021 02:02:49.0052 AM
[ReportManager] Successfully created attachment [Screenshot - 1633053768976_f19_ValidateElementAttribute_passed] @01-10-2021 02:02:49.0055 A
[ReportManager] Successfully Closed All Drivers. @01-10-2021 02:02:49.0131 A

################################################################################################################################################
Starting Execution:	[108 out of 144] test cases in the current suite
Test Method:		[testPackage01.Test_NewValidationHelper.f2]
################################################################################################################################################
[ReportManager] Assertion Failed: Checking valid user data @01-10-2021 02:02:49.0136 AM
[ReportManager] Assertion [ValidateEquals] FAILED. Expected [1] and Actual [2]. Comparison Type [EQUALS]. Validation Type [POSITIVE]. @01-10-2021 02:02:49.0136 A
[ReportManager] File Action [GetAbsolutePath] successfully performed. With the following test data [Relative Folder Path: "target/downloadedFiles/"]. @01-10-2021 02:02:49.0141 AM
[ReportManager] Attempting to run remotely on: [Linux-64], [GoogleChrome], [http://localhost:4444/wd/hub], Headless Execution. @01-10-2021 02:02:49.0141 AM
[ReportManager] Successfully Opened [GoogleChrome]. @01-10-2021 02:02:49.0369 AM
[ReportManager] Target URL: [https://the-internet.herokuapp.com/] @01-10-2021 02:02:49.0400 AM
[ReportManager] Initial URL: [data:,] @01-10-2021 02:02:49.0438 AM
[ReportManager] Browser Action [NavigateToURL] successfully performed. With the following test data [https://the-internet.herokuapp.com/]. @01-10-2021 02:02:49.0798 A

################################################################################################################################################
Starting Execution:	[109 out of 144] test cases in the current suite
Test Method:		[testPackage01.Test_NewValidationHelper.f20]
################################################################################################################################################
[ReportManager] Element Action [GetSize] successfully performed. With the following test data [(755, 61)]. @01-10-2021 02:02:49.0887 AM
[ReportManager] Loaded Shared OpenCV @01-10-2021 02:02:50.0028 AM
[ReportManager] Assertion [ValidateElementAttribute] PASSED. Expected [Value Should not be 'a' for the 'size' attribute, element locator 'By.tagName: h1'] and Actual [(755, 61)]. Comparison Type [CONTAINS]. Validation Type [NEGATIVE]. @01-10-2021 02:02:50.0109 AM
[ReportManager] Successfully created attachment [Screenshot - 1633053770028_f20_ValidateElementAttribute_passed] @01-10-2021 02:02:50.0110 A
[ReportManager] Successfully Closed All Drivers. @01-10-2021 02:02:50.0188 A
[ReportManager] File Action [GetAbsolutePath] successfully performed. With the following test data [Relative Folder Path: "target/downloadedFiles/"]. @01-10-2021 02:02:50.0190 AM
[ReportManager] Attempting to run remotely on: [Linux-64], [GoogleChrome], [http://localhost:4444/wd/hub], Headless Execution. @01-10-2021 02:02:50.0190 AM
[ReportManager] Successfully Opened [GoogleChrome]. @01-10-2021 02:02:50.0410 AM
[ReportManager] Target URL: [https://the-internet.herokuapp.com/] @01-10-2021 02:02:50.0421 AM
[ReportManager] Initial URL: [data:,] @01-10-2021 02:02:50.0469 AM
[ReportManager] Browser Action [NavigateToURL] successfully performed. With the following test data [https://the-internet.herokuapp.com/]. @01-10-2021 02:02:50.0863 A

################################################################################################################################################
Starting Execution:	[110 out of 144] test cases in the current suite
Test Method:		[testPackage01.Test_NewValidationHelper.f21]
################################################################################################################################################
[ReportManager] Element Action [IdentifyUniqueElement] failed. With the following test data [zero elements found matching this locator "By.tagName: h3".]. @01-10-2021 02:03:16.0412 AM
[ReportManager] Successfully created attachment [Screenshot - 1633053796344_f21_IdentifyUniqueElement_failed] @01-10-2021 02:03:16.0412 AM
[ReportManager] Assertion [ValidateElementAttribute] FAILED. Expected [Value Should be 'Welcome' for the 'text' attribute, element locator 'By.tagName: h3'] and Actual [Failed to read the desired element attribute]. Comparison Type [CONTAINS]. Validation Type [POSITIVE]. @01-10-2021 02:03:16.0413 A
[ReportManager] Successfully Closed All Drivers. @01-10-2021 02:03:16.0493 A
[ReportManager] File Action [GetAbsolutePath] successfully performed. With the following test data [Relative Folder Path: "target/downloadedFiles/"]. @01-10-2021 02:03:16.0494 AM
[ReportManager] Attempting to run remotely on: [Linux-64], [GoogleChrome], [http://localhost:4444/wd/hub], Headless Execution. @01-10-2021 02:03:16.0495 AM
[ReportManager] Successfully Opened [GoogleChrome]. @01-10-2021 02:03:16.0688 AM
[ReportManager] Target URL: [https://the-internet.herokuapp.com/] @01-10-2021 02:03:16.0698 AM
[ReportManager] Initial URL: [data:,] @01-10-2021 02:03:16.0745 AM
[ReportManager] Browser Action [NavigateToURL] successfully performed. With the following test data [https://the-internet.herokuapp.com/]. @01-10-2021 02:03:17.0126 A

################################################################################################################################################
Starting Execution:	[111 out of 144] test cases in the current suite
Test Method:		[testPackage01.Test_NewValidationHelper.f22]
################################################################################################################################################
[ReportManager] Element Action [GetText] successfully performed. With the following test data [Welcome to the-internet]. @01-10-2021 02:03:17.0207 AM
[ReportManager] Loaded Shared OpenCV @01-10-2021 02:03:17.0345 AM
[ReportManager] Assertion [ValidateElementAttribute] FAILED. Expected [Value Should be 'yyy' for the 'text' attribute, element locator 'By.tagName: h1'] and Actual [Welcome to the-internet]. Comparison Type [CONTAINS]. Validation Type [POSITIVE]. @01-10-2021 02:03:17.0430 AM
[ReportManager] Successfully created attachment [Screenshot - 1633053797345_f22_ValidateElementAttribute_failed] @01-10-2021 02:03:17.0432 A
[ReportManager] Successfully Closed All Drivers. @01-10-2021 02:03:17.0504 A

################################################################################################################################################
Starting Execution:	[112 out of 144] test cases in the current suite
Test Method:		[testPackage01.Test_NewValidationHelper.f23]
################################################################################################################################################
[ReportManager] Assertion Passed: confirming that the actual is greater than or equal to the expected @01-10-2021 02:03:17.0509 AM
[ReportManager] Assertion [ValidateComparativeRelation] PASSED. Expected [1] and Actual [1]. Comparison Type [GREATER_THAN_OR_EQUALS]. Validation Type [POSITIVE]. @01-10-2021 02:03:17.0509 A

################################################################################################################################################
Starting Execution:	[113 out of 144] test cases in the current suite
Test Method:		[testPackage01.Test_NewValidationHelper.f24]
################################################################################################################################################
[ReportManager] Assertion [ValidateComparativeRelation] PASSED. Expected [1] and Actual [10]. Comparison Type [GREATER_THAN_OR_EQUALS]. Validation Type [POSITIVE]. @01-10-2021 02:03:17.0511 A

################################################################################################################################################
Starting Execution:	[114 out of 144] test cases in the current suite
Test Method:		[testPackage01.Test_NewValidationHelper.f25]
################################################################################################################################################
[ReportManager] Assertion [ValidateComparativeRelation] PASSED. Expected [1] and Actual [1]. Comparison Type [EQUALS]. Validation Type [POSITIVE]. @01-10-2021 02:03:17.0514 A

################################################################################################################################################
Starting Execution:	[115 out of 144] test cases in the current suite
Test Method:		[testPackage01.Test_NewValidationHelper.f26]
################################################################################################################################################
[ReportManager] Assertion [ValidateComparativeRelation] PASSED. Expected [1] and Actual [5]. Comparison Type [GREATER_THAN]. Validation Type [POSITIVE]. @01-10-2021 02:03:17.0516 A

################################################################################################################################################
Starting Execution:	[116 out of 144] test cases in the current suite
Test Method:		[testPackage01.Test_NewValidationHelper.f27]
################################################################################################################################################
[ReportManager] Assertion [ValidateComparativeRelation] PASSED. Expected [11] and Actual [5]. Comparison Type [LESS_THAN]. Validation Type [POSITIVE]. @01-10-2021 02:03:17.0518 A

################################################################################################################################################
Starting Execution:	[117 out of 144] test cases in the current suite
Test Method:		[testPackage01.Test_NewValidationHelper.f28]
################################################################################################################################################
[ReportManager] Assertion [ValidateComparativeRelation] PASSED. Expected [11] and Actual [5]. Comparison Type [LESS_THAN_OR_EQUALS]. Validation Type [POSITIVE]. @01-10-2021 02:03:17.0521 A

################################################################################################################################################
Starting Execution:	[118 out of 144] test cases in the current suite
Test Method:		[testPackage01.Test_NewValidationHelper.f29]
################################################################################################################################################
[ReportManager] Assertion [ValidateComparativeRelation] PASSED. Expected [11] and Actual [11]. Comparison Type [LESS_THAN_OR_EQUALS]. Validation Type [POSITIVE]. @01-10-2021 02:03:17.0523 A

################################################################################################################################################
Starting Execution:	[119 out of 144] test cases in the current suite
Test Method:		[testPackage01.Test_NewValidationHelper.f3]
################################################################################################################################################
[ReportManager] Assertion [ValidateEquals] PASSED. Expected [1] and Actual [2]. Comparison Type [EQUALS]. Validation Type [NEGATIVE]. @01-10-2021 02:03:17.0525 A

################################################################################################################################################
Starting Execution:	[120 out of 144] test cases in the current suite
Test Method:		[testPackage01.Test_NewValidationHelper.f30]
################################################################################################################################################
[ReportManager] Assertion [ValidateComparativeRelation] FAILED. Expected [-9] and Actual [11]. Comparison Type [LESS_THAN_OR_EQUALS]. Validation Type [POSITIVE]. @01-10-2021 02:03:17.0527 A

################################################################################################################################################
Starting Execution:	[121 out of 144] test cases in the current suite
Test Method:		[testPackage01.Test_NewValidationHelper.f31]
################################################################################################################################################
[ReportManager] Assertion [ValidateTrue] PASSED. Expected [TRUE] and Actual [TRUE]. Validation Type [POSITIVE]. @01-10-2021 02:03:17.0530 A

################################################################################################################################################
Starting Execution:	[122 out of 144] test cases in the current suite
Test Method:		[testPackage01.Test_NewValidationHelper.f32]
################################################################################################################################################
[ReportManager] Assertion [ValidateTrue] PASSED. Expected [FALSE] and Actual [FALSE]. Validation Type [NEGATIVE]. @01-10-2021 02:03:17.0533 A

################################################################################################################################################
Starting Execution:	[123 out of 144] test cases in the current suite
Test Method:		[testPackage01.Test_NewValidationHelper.f33]
################################################################################################################################################
[ReportManager] Assertion [ValidateTrue] FAILED. Expected [FALSE] and Actual [TRUE]. Validation Type [NEGATIVE]. @01-10-2021 02:03:17.0535 A

################################################################################################################################################
Starting Execution:	[124 out of 144] test cases in the current suite
Test Method:		[testPackage01.Test_NewValidationHelper.f34]
################################################################################################################################################
[ReportManager] Assertion [ValidateTrue] FAILED. Expected [TRUE] and Actual [FALSE]. Validation Type [POSITIVE]. @01-10-2021 02:03:17.0537 A

################################################################################################################################################
Starting Execution:	[125 out of 144] test cases in the current suite
Test Method:		[testPackage01.Test_NewValidationHelper.f35]
################################################################################################################################################
[ReportManager] File Action [DoesFileExist] successfully performed. With the following test data [File Path: "pom.xml"]. @01-10-2021 02:03:17.0539 AM
[ReportManager] Assertion [ValidateFileExists] PASSED. Expected [File 'pom.xml' should exist, after up to '1' retries] and Actual [File exists]. Validation Type [POSITIVE]. @01-10-2021 02:03:17.0539 A

################################################################################################################################################
Starting Execution:	[126 out of 144] test cases in the current suite
Test Method:		[testPackage01.Test_NewValidationHelper.f36]
################################################################################################################################################
[ReportManager] File Action [DoesFileExist] successfully performed. With the following test data [File Path: "src/test/java/testPackage01/Test_NewValidationHelper.java"]. @01-10-2021 02:03:17.0543 AM
[ReportManager] Assertion [ValidateFileExists] PASSED. Expected [File 'src/test/java/testPackage01/Test_NewValidationHelper.java' should exist, after up to '1' retries] and Actual [File exists]. Validation Type [POSITIVE]. @01-10-2021 02:03:17.0544 A

################################################################################################################################################
Starting Execution:	[127 out of 144] test cases in the current suite
Test Method:		[testPackage01.Test_NewValidationHelper.f37]
################################################################################################################################################
[ReportManager] File Action [DoesFileExist] successfully performed. With the following test data [File Path: "pom.xml"]. @01-10-2021 02:03:17.0546 AM
[ReportManager] Assertion Failed: confirming that the file does't exist after 5 retries @01-10-2021 02:03:17.0546 AM
[ReportManager] Assertion [ValidateFileExists] FAILED. Expected [File 'pom.xml' should not exist, after up to '5' retries] and Actual [File exists]. Validation Type [NEGATIVE]. @01-10-2021 02:03:17.0546 A

################################################################################################################################################
Starting Execution:	[128 out of 144] test cases in the current suite
Test Method:		[testPackage01.Test_NewValidationHelper.f3_1]
################################################################################################################################################
[ReportManager] Assertion Passed: Checking valid user data @01-10-2021 02:03:17.0550 AM
[ReportManager] Assertion [ValidateEquals] PASSED. Expected [null] and Actual [null]. Comparison Type [EQUALS]. Validation Type [POSITIVE]. @01-10-2021 02:03:17.0550 A

################################################################################################################################################
Starting Execution:	[129 out of 144] test cases in the current suite
Test Method:		[testPackage01.Test_NewValidationHelper.f4]
################################################################################################################################################
[ReportManager] Assertion [ValidateEquals] PASSED. Expected [1] and Actual [123]. Comparison Type [CONTAINS]. Validation Type [POSITIVE]. @01-10-2021 02:03:17.0553 A

################################################################################################################################################
Starting Execution:	[130 out of 144] test cases in the current suite
Test Method:		[testPackage01.Test_NewValidationHelper.f5]
################################################################################################################################################
[ReportManager] Assertion [ValidateNull] PASSED. Expected [NULL] and Actual [1]. Comparison Type [EQUALS]. Validation Type [NEGATIVE]. @01-10-2021 02:03:17.0555 A

################################################################################################################################################
Starting Execution:	[131 out of 144] test cases in the current suite
Test Method:		[testPackage01.Test_NewValidationHelper.f6]
################################################################################################################################################
[ReportManager] Assertion Failed: Making sure that null string is not equal to null object @01-10-2021 02:03:17.0557 AM
[ReportManager] Assertion [ValidateNull] FAILED. Expected [NULL] and Actual [NULL]. Comparison Type [EQUALS]. Validation Type [POSITIVE]. @01-10-2021 02:03:17.0557 A

################################################################################################################################################
Starting Execution:	[132 out of 144] test cases in the current suite
Test Method:		[testPackage01.Test_NewValidationHelper.f6_1]
################################################################################################################################################
[ReportManager] Assertion [ValidateNull] FAILED. Expected [NULL] and Actual [NULL]. Comparison Type [EQUALS]. Validation Type [NEGATIVE]. @01-10-2021 02:03:17.0564 A

################################################################################################################################################
Starting Execution:	[133 out of 144] test cases in the current suite
Test Method:		[testPackage01.Test_NewValidationHelper.f6_2]
################################################################################################################################################
[ReportManager] Assertion Failed: Making sure that null string is not equal to null object @01-10-2021 02:03:17.0566 AM
[ReportManager] Assertion [ValidateNull] FAILED. Expected [NULL] and Actual [not null]. Comparison Type [EQUALS]. Validation Type [POSITIVE]. @01-10-2021 02:03:17.0566 A

################################################################################################################################################
Starting Execution:	[134 out of 144] test cases in the current suite
Test Method:		[testPackage01.Test_NewValidationHelper.f7]
################################################################################################################################################
[ReportManager] Assertion [ValidateNull] PASSED. Expected [NULL] and Actual [NULL]. Comparison Type [EQUALS]. Validation Type [POSITIVE]. @01-10-2021 02:03:17.0568 A
[ReportManager] File Action [GetAbsolutePath] successfully performed. With the following test data [Relative Folder Path: "target/downloadedFiles/"]. @01-10-2021 02:03:17.0572 AM
[ReportManager] Attempting to run remotely on: [Linux-64], [GoogleChrome], [http://localhost:4444/wd/hub], Headless Execution. @01-10-2021 02:03:17.0572 AM
[ReportManager] Successfully Opened [GoogleChrome]. @01-10-2021 02:03:17.0815 AM
[ReportManager] Target URL: [https://the-internet.herokuapp.com/] @01-10-2021 02:03:17.0825 AM
[ReportManager] Initial URL: [data:,] @01-10-2021 02:03:17.0866 AM
[ReportManager] Browser Action [NavigateToURL] successfully performed. With the following test data [https://the-internet.herokuapp.com/]. @01-10-2021 02:03:18.0230 A

################################################################################################################################################
Starting Execution:	[135 out of 144] test cases in the current suite
Test Method:		[testPackage01.Test_NewValidationHelper.f8]
################################################################################################################################################
[ReportManager] Loaded Shared OpenCV @01-10-2021 02:03:18.0433 AM
[ReportManager] Assertion [ValidateElementExists] PASSED. Expected [Element Should Exist, locator 'By.tagName: h1'] and Actual [Element Exists]. Comparison Type [EQUALS]. Validation Type [POSITIVE]. @01-10-2021 02:03:18.0529 AM
[ReportManager] Successfully created attachment [Screenshot - 1633053798433_f8_ValidateElementExists_passed] @01-10-2021 02:03:18.0531 A
[ReportManager] Successfully Closed All Drivers. @01-10-2021 02:03:18.0616 A
[ReportManager] File Action [GetAbsolutePath] successfully performed. With the following test data [Relative Folder Path: "target/downloadedFiles/"]. @01-10-2021 02:03:18.0618 AM
[ReportManager] Attempting to run remotely on: [Linux-64], [GoogleChrome], [http://localhost:4444/wd/hub], Headless Execution. @01-10-2021 02:03:18.0618 AM
[ReportManager] Successfully Opened [GoogleChrome]. @01-10-2021 02:03:18.0888 AM
[ReportManager] Target URL: [https://the-internet.herokuapp.com/] @01-10-2021 02:03:18.0897 AM
[ReportManager] Initial URL: [data:,] @01-10-2021 02:03:18.0935 AM
[ReportManager] Browser Action [NavigateToURL] successfully performed. With the following test data [https://the-internet.herokuapp.com/]. @01-10-2021 02:03:19.0330 A

################################################################################################################################################
Starting Execution:	[136 out of 144] test cases in the current suite
Test Method:		[testPackage01.Test_NewValidationHelper.f9]
################################################################################################################################################
[ReportManager] Assertion [ValidateElementExists] FAILED. Expected [Element Should Exist, locator 'By.tagName: h3'] and Actual [Element Doesn't Exists]. Comparison Type [EQUALS]. Validation Type [POSITIVE]. @01-10-2021 02:03:50.0033 AM
[ReportManager] Successfully created attachment [Screenshot - 1633053829960_f9_ValidateElementExists_failed] @01-10-2021 02:03:50.0033 A
[ReportManager] Successfully Closed All Drivers. @01-10-2021 02:03:50.0109 A

################################################################################################################################################
Starting Execution:	[137 out of 144] test cases in the current suite
Test Method:		[testPackage01.Test_NewValidationHelper.forceFail]
################################################################################################################################################
[ReportManager] Assertion [ValidateFail] FAILED. Successfully force failed the test. @01-10-2021 02:03:50.0113 A

################################################################################################################################################
Starting Execution:	[138 out of 144] test cases in the current suite
Test Method:		[testPackage01.Test_NewValidationHelper.forceFail2]
################################################################################################################################################
[ReportManager] Assertion Failed: Custom Message @01-10-2021 02:03:50.0116 AM
[ReportManager] Assertion [ValidateFail] FAILED. Successfully force failed the test. @01-10-2021 02:03:50.0116 A

################################################################################################################################################
Starting Execution:	[139 out of 144] test cases in the current suite
Test Method:		[testPackage01.Test_sendGraphqlRequest.sendGraphqlRequestUsingMutationAndVariables]
################################################################################################################################################
[ReportManager] GraphQl Request is being Performed with the Following Parameters [Service URL: https://api.spacex.land/graphql | Request Body: {"variables":"{\"name\": \"sherlock holmes\",\"rocket\": \"221B Baker Street\"}","query":"mutation ($name: String, $rocket: String) {\n  insert_users(objects: {name: $name, rocket: $rocket}) {\n    returning {\n      name\n      rocket\n    }\n  }\n}"}] @01-10-2021 02:03:50.0118 AM
[ReportManager] Response status code: [200], status line: [HTTP/1.1 200 OK] @01-10-2021 02:03:50.0393 AM
[ReportManager] Assertion Passed: Evaluating the actual response status code against the expected one... @01-10-2021 02:03:50.0393 AM
[ReportManager] Assertion [ValidateEquals] PASSED. Expected [200] and Actual [200]. Comparison Type [EQUALS]. Validation Type [POSITIVE]. @01-10-2021 02:03:50.0393 AM
[ReportManager] API Action [PerformRequest] successfully performed. With the following test data [Request Type: "POST" | Target Status Code: "200" | Service URL: "https://api.spacex.land/graphql" | Content Type: "application/json" | Response Time: "188ms"]. @01-10-2021 02:03:50.0411 AM
[ReportManager] Successfully created attachment [API Request - Specifications] @01-10-2021 02:03:50.0412 AM
[ReportManager] Successfully created attachment [API Request - JSON Body] @01-10-2021 02:03:50.0412 AM
[ReportManager] Successfully created attachment [API Response - JSON Body] @01-10-2021 02:03:50.0412 AM
[ReportManager] API Action [GetResponseJSONValue] successfully performed. With the following test data [data.insert_users.returning[0].name]. @01-10-2021 02:03:50.0480 AM
[ReportManager] Assertion [ValidateEquals] PASSED. Expected [sherlock holmes] and Actual [sherlock holmes]. Comparison Type [EQUALS]. Validation Type [POSITIVE]. @01-10-2021 02:03:50.0480 A

################################################################################################################################################
Starting Execution:	[140 out of 144] test cases in the current suite
Test Method:		[testPackage01.Test_sendGraphqlRequest.sendGraphqlRequestUsingQuery]
################################################################################################################################################
[ReportManager] GraphQl Request is being Performed with the Following Parameters [Service URL: https://api.spacex.land/graphql | Request Body: {"query":"{company {ceo}}"}] @01-10-2021 02:03:50.0483 AM
[ReportManager] Response status code: [200], status line: [HTTP/1.1 200 OK] @01-10-2021 02:03:50.0580 AM
[ReportManager] Assertion Passed: Evaluating the actual response status code against the expected one... @01-10-2021 02:03:50.0580 AM
[ReportManager] Assertion [ValidateEquals] PASSED. Expected [200] and Actual [200]. Comparison Type [EQUALS]. Validation Type [POSITIVE]. @01-10-2021 02:03:50.0580 AM
[ReportManager] API Action [PerformRequest] successfully performed. With the following test data [Request Type: "POST" | Target Status Code: "200" | Service URL: "https://api.spacex.land/graphql" | Content Type: "application/json" | Response Time: "91ms"]. @01-10-2021 02:03:50.0605 AM
[ReportManager] Successfully created attachment [API Request - Specifications] @01-10-2021 02:03:50.0605 AM
[ReportManager] Successfully created attachment [API Request - JSON Body] @01-10-2021 02:03:50.0605 AM
[ReportManager] Successfully created attachment [API Response - JSON Body] @01-10-2021 02:03:50.0606 AM
[ReportManager] API Action [GetResponseJSONValue] successfully performed. With the following test data [data.company.ceo]. @01-10-2021 02:03:50.0621 AM
[ReportManager] Assertion [ValidateEquals] PASSED. Expected [Elon Musk] and Actual [Elon Musk]. Comparison Type [EQUALS]. Validation Type [POSITIVE]. @01-10-2021 02:03:50.0621 A

################################################################################################################################################
Starting Execution:	[141 out of 144] test cases in the current suite
Test Method:		[testPackage01.Test_chainableElementActions.chainElementActions]
################################################################################################################################################
[ReportManager] File Action [GetAbsolutePath] successfully performed. With the following test data [Relative Folder Path: "target/downloadedFiles/"]. @01-10-2021 02:03:50.0628 AM
[ReportManager] Attempting to run remotely on: [Linux-64], [GoogleChrome], [http://localhost:4444/wd/hub], Headless Execution. @01-10-2021 02:03:50.0628 AM
[ReportManager] Successfully Opened [GoogleChrome]. @01-10-2021 02:03:50.0846 AM
[ReportManager] Target URL: [https://www.google.com/ncr], and after redirection: [https://www.google.com] @01-10-2021 02:03:50.0856 AM
[ReportManager] Initial URL: [data:,] @01-10-2021 02:03:50.0897 AM
[ReportManager] Browser Action [NavigateToURL] successfully performed. With the following test data [https://www.google.com/ncr]. @01-10-2021 02:03:51.0716 AM
[ReportManager] Element Action [Type] successfully performed. With the following test data [chained type 1]. @01-10-2021 02:03:52.0071 AM
[ReportManager] Element Action [Type] successfully performed. With the following test data [chained type 2]. @01-10-2021 02:03:52.0391 AM
[ReportManager] Element Action [TypeAppend] successfully performed. With the following test data [345]. @01-10-2021 02:03:52.0497 AM
[ReportManager] Element Action [GetText] successfully performed. With the following test data [chained type 2345]. @01-10-2021 02:03:52.0603 AM
[ReportManager] Loaded Shared OpenCV @01-10-2021 02:03:52.0752 AM
[ReportManager] Assertion [ValidateElementAttribute] PASSED. Expected [Value Should be 'chained type 2345' for the 'text' attribute, element locator 'By.name: q'] and Actual [chained type 2345]. Comparison Type [EQUALS]. Validation Type [POSITIVE]. @01-10-2021 02:03:52.0830 AM
[ReportManager] Successfully created attachment [Screenshot - 1633053832752_chainElementActions_ValidateElementAttribute_passed] @01-10-2021 02:03:52.0831 AM
[ReportManager] Browser Action [CloseCurrentWindow] successfully performed. @01-10-2021 02:03:52.0956 AM
[ReportManager] Successfully created attachment [Browser Action Test Data - CloseCurrentWindow - Actual Value] @01-10-2021 02:03:52.0957 A

################################################################################################################################################
Starting Execution:	[142 out of 144] test cases in the current suite
Test Method:		[testPackage01.Test_SkipDueToIssue.doNotSkip]
################################################################################################################################################
[ReportManager] This should not be skipped. @01-10-2021 02:03:52.0961 A

################################################################################################################################################
Starting Execution:	[143 out of 144] test cases in the current suite
Test Method:		[testPackage01.Test_SkipDueToIssue.skip]
################################################################################################################################################
[ReportManager] This should be skipped. @01-10-2021 02:03:52.0966 A

################################################################################################################################################
Starting Execution:	[144 out of 144] test cases in the current suite
Test Method:		[testPackage01.Test_SkipDueToIssue.skip2]
################################################################################################################################################
[ReportManager] This should be skipped. @01-10-2021 02:03:52.0970 A

################################################################################################################################################
Test Closure Activities
################################################################################################################################################
[ReportManager] Successfully created attachment [SHAFT Engine Logs - Execution log] @01-10-2021 02:03:53.0013 AM

################################################################################################################################################
This test run was powered by SHAFT Engine Version: [SHAFT Engine v5.3.20210902]
SHAFT Engine is licensed under the MIT License: [https://github.com/MohabMohie/SHAFT_ENGINE/blob/master/LICENSE].
################################################################################################################################################