################################################################################################################################################
Detected SHAFT Engine Version: [SHAFT Engine v5.3.20210902]
################################################################################################################################################
[ReportManager] File Action [GetAbsolutePath] successfully performed. With the following test data [Relative Folder Path: "target/downloadedFiles/"]. @28-09-2021 01:53:14.0888 AM
[ReportManager] Attempting to run locally on: [Mac-64], [Safari], Headless Execution. @28-09-2021 01:53:14.0904 AM
[ReportManager] Successfully Opened Safari. @28-09-2021 01:53:20.0573 AM
[ReportManager] Initial window size: (800, 600) @28-09-2021 01:53:20.0702 AM
[ReportManager] Window size after SWD Maximize: (1176, 810) @28-09-2021 01:53:20.0732 AM
[ReportManager] Browser Action [MaximizeWindow] successfully performed. With the following test data [New screen size is now: (1176, 810)]. @28-09-2021 01:53:20.0744 A

################################################################################################################################################
Starting Execution:	[1 out of 144] test cases in the current suite
Test Method:		[unitTests.tests_element_elementActions.waitForElementToBePresent_false_expectedToFail]
################################################################################################################################################
[ReportManager] Target URL: [https://www.google.com/ncr], and after redirection: [www.google.com] @28-09-2021 01:53:21.0019 AM
[ReportManager] Initial URL: [] @28-09-2021 01:53:21.0252 AM
[ReportManager] Browser Action [NavigateToURL] successfully performed. With the following test data [https://www.google.com/ncr]. @28-09-2021 01:53:22.0835 AM
[ReportManager] Waiting for element to be present; elementLocator [By.xpath: //*[@id='hplogo' or @alt='Google']], numberOfTries[1], stateOfPresence[false]... @28-09-2021 01:53:22.0844 AM
[ReportManager] Element Action [WaitForElementToBePresent] failed. With the following test data [waited for the element's state of presence to be (false). Element locator (By.xpath: //*[@id='hplogo' or @alt='Google'])]. @28-09-2021 01:53:25.0315 AM
[ReportManager] Successfully created attachment [Screenshot - 1632794002998_waitForElementToBePresent_false_expectedToFail_WaitForElementToBePresent_failed] @28-09-2021 01:53:25.0325 A
[ReportManager] Browser Action [CloseCurrentWindow] successfully performed. @28-09-2021 01:53:25.0422 AM
[ReportManager] Successfully created attachment [Browser Action Test Data - CloseCurrentWindow - Actual Value] @28-09-2021 01:53:25.0448 A
[ReportManager] File Action [GetAbsolutePath] successfully performed. With the following test data [Relative Folder Path: "target/downloadedFiles/"]. @28-09-2021 01:53:25.0461 AM
[ReportManager] Attempting to run locally on: [Mac-64], [Safari], Headless Execution. @28-09-2021 01:53:25.0462 AM
[ReportManager] Successfully Opened Safari. @28-09-2021 01:53:26.0369 AM
[ReportManager] Initial window size: (800, 600) @28-09-2021 01:53:26.0399 AM
[ReportManager] Window size after SWD Maximize: (1176, 811) @28-09-2021 01:53:26.0416 AM
[ReportManager] Browser Action [MaximizeWindow] successfully performed. With the following test data [New screen size is now: (1176, 811)]. @28-09-2021 01:53:26.0417 A

################################################################################################################################################
Starting Execution:	[2 out of 144] test cases in the current suite
Test Method:		[unitTests.tests_element_elementActions.waitForElementToBePresent_false_expectedToPass]
################################################################################################################################################
[ReportManager] Target URL: [https://www.google.com/ncr], and after redirection: [www.google.com] @28-09-2021 01:53:26.0437 AM
[ReportManager] Initial URL: [] @28-09-2021 01:53:26.0480 AM
[ReportManager] Browser Action [NavigateToURL] successfully performed. With the following test data [https://www.google.com/ncr]. @28-09-2021 01:53:27.0370 AM
[ReportManager] Waiting for element to be present; elementLocator [By.id: bla], numberOfTries[1], stateOfPresence[false]... @28-09-2021 01:53:27.0371 AM
[ReportManager] Element Action [WaitForElementToBePresent] successfully performed. With the following test data [waited for the element's state of presence to be (false). Element locator (By.id: bla)]. @28-09-2021 01:53:32.0988 A
[ReportManager] Browser Action [CloseCurrentWindow] successfully performed. @28-09-2021 01:53:33.0136 AM
[ReportManager] Successfully created attachment [Browser Action Test Data - CloseCurrentWindow - Actual Value] @28-09-2021 01:53:33.0137 A
[ReportManager] File Action [GetAbsolutePath] successfully performed. With the following test data [Relative Folder Path: "target/downloadedFiles/"]. @28-09-2021 01:53:33.0142 AM
[ReportManager] Attempting to run locally on: [Mac-64], [Safari], Headless Execution. @28-09-2021 01:53:33.0142 AM
[ReportManager] Successfully Opened Safari. @28-09-2021 01:53:33.0963 AM
[ReportManager] Initial window size: (800, 600) @28-09-2021 01:53:33.0992 AM
[ReportManager] Window size after SWD Maximize: (1176, 811) @28-09-2021 01:53:34.0006 AM
[ReportManager] Browser Action [MaximizeWindow] successfully performed. With the following test data [New screen size is now: (1176, 811)]. @28-09-2021 01:53:34.0007 A

################################################################################################################################################
Starting Execution:	[3 out of 144] test cases in the current suite
Test Method:		[unitTests.tests_element_elementActions.waitForElementToBePresent_moreThanOneElement_expectedToFail]
################################################################################################################################################
[ReportManager] Target URL: [https://www.google.com/ncr], and after redirection: [www.google.com] @28-09-2021 01:53:34.0014 AM
[ReportManager] Initial URL: [] @28-09-2021 01:53:34.0065 AM
[ReportManager] Browser Action [NavigateToURL] successfully performed. With the following test data [https://www.google.com/ncr]. @28-09-2021 01:53:34.0857 AM
[ReportManager] Waiting for element to be present; elementLocator [By.xpath: //*], numberOfTries[1], stateOfPresence[false]... @28-09-2021 01:53:34.0857 AM
[ReportManager] Element Action [WaitForElementToBePresent] failed. With the following test data [waited for the element's state of presence to be (false). Element locator (By.xpath: //*)]. @28-09-2021 01:53:35.0044 AM
[ReportManager] Successfully created attachment [Screenshot - 1632794014946_waitForElementToBePresent_moreThanOneElement_expectedToFail_WaitForElementToBePresent_failed] @28-09-2021 01:53:35.0047 A
[ReportManager] Browser Action [CloseCurrentWindow] successfully performed. @28-09-2021 01:53:35.0294 AM
[ReportManager] Successfully created attachment [Browser Action Test Data - CloseCurrentWindow - Actual Value] @28-09-2021 01:53:35.0295 A
[ReportManager] File Action [GetAbsolutePath] successfully performed. With the following test data [Relative Folder Path: "target/downloadedFiles/"]. @28-09-2021 01:53:35.0301 AM
[ReportManager] Attempting to run locally on: [Mac-64], [Safari], Headless Execution. @28-09-2021 01:53:35.0301 AM
[ReportManager] Successfully Opened Safari. @28-09-2021 01:53:36.0167 AM
[ReportManager] Initial window size: (800, 600) @28-09-2021 01:53:36.0203 AM
[ReportManager] Window size after SWD Maximize: (1176, 811) @28-09-2021 01:53:36.0239 AM
[ReportManager] Browser Action [MaximizeWindow] successfully performed. With the following test data [New screen size is now: (1176, 811)]. @28-09-2021 01:53:36.0240 A

################################################################################################################################################
Starting Execution:	[4 out of 144] test cases in the current suite
Test Method:		[unitTests.tests_element_elementActions.waitForElementToBePresent_true_expectedToFail]
################################################################################################################################################
[ReportManager] Target URL: [https://www.google.com/ncr], and after redirection: [www.google.com] @28-09-2021 01:53:36.0243 AM
[ReportManager] Initial URL: [] @28-09-2021 01:53:36.0286 AM
[ReportManager] Browser Action [NavigateToURL] successfully performed. With the following test data [https://www.google.com/ncr]. @28-09-2021 01:53:37.0690 AM
[ReportManager] Waiting for element to be present; elementLocator [By.id: bla], numberOfTries[1], stateOfPresence[true]... @28-09-2021 01:53:37.0690 AM
[ReportManager] Element Action [WaitForElementToBePresent] failed. With the following test data [waited for the element's state of presence to be (true). Element locator (By.id: bla)]. @28-09-2021 01:53:43.0209 AM
[ReportManager] Successfully created attachment [Screenshot - 1632794023127_waitForElementToBePresent_true_expectedToFail_WaitForElementToBePresent_failed] @28-09-2021 01:53:43.0212 A
[ReportManager] Browser Action [CloseCurrentWindow] successfully performed. @28-09-2021 01:53:43.0431 AM
[ReportManager] Successfully created attachment [Browser Action Test Data - CloseCurrentWindow - Actual Value] @28-09-2021 01:53:43.0432 A
[ReportManager] File Action [GetAbsolutePath] successfully performed. With the following test data [Relative Folder Path: "target/downloadedFiles/"]. @28-09-2021 01:53:43.0436 AM
[ReportManager] Attempting to run locally on: [Mac-64], [Safari], Headless Execution. @28-09-2021 01:53:43.0437 AM
[ReportManager] Successfully Opened Safari. @28-09-2021 01:53:44.0255 AM
[ReportManager] Initial window size: (800, 600) @28-09-2021 01:53:44.0278 AM
[ReportManager] Window size after SWD Maximize: (1176, 811) @28-09-2021 01:53:44.0290 AM
[ReportManager] Browser Action [MaximizeWindow] successfully performed. With the following test data [New screen size is now: (1176, 811)]. @28-09-2021 01:53:44.0290 A

################################################################################################################################################
Starting Execution:	[5 out of 144] test cases in the current suite
Test Method:		[unitTests.tests_element_elementActions.waitForElementToBePresent_true_expectedToPass]
################################################################################################################################################
[ReportManager] Target URL: [https://www.google.com/ncr], and after redirection: [www.google.com] @28-09-2021 01:53:44.0294 AM
[ReportManager] Initial URL: [] @28-09-2021 01:53:44.0350 AM
[ReportManager] Browser Action [NavigateToURL] successfully performed. With the following test data [https://www.google.com/ncr]. @28-09-2021 01:53:45.0294 AM
[ReportManager] Waiting for element to be present; elementLocator [By.xpath: //*[@id='hplogo' or @alt='Google']], numberOfTries[1], stateOfPresence[true]... @28-09-2021 01:53:45.0295 AM
[ReportManager] Element Action [WaitForElementToBePresent] successfully performed. With the following test data [waited for the element's state of presence to be (true). Element locator (By.xpath: //*[@id='hplogo' or @alt='Google'])]. @28-09-2021 01:53:45.0323 AM
[ReportManager] File Action [DoesFileExist] successfully performed. With the following test data [File Path: "src/test/resources/DynamicObjectRepository/unitTests_tests_element_elementActions_waitForElementToBePresent_true_expectedToPass_By_xpath_id_hplogo_or_alt_Google.png"]. @28-09-2021 01:53:45.0344 AM
[ReportManager] File Action [DoesFileExist] successfully performed. With the following test data [File Path: "src/test/resources/DynamicObjectRepository/unitTests_tests_element_elementActions_waitForElementToBePresent_true_expectedToPass_By_xpath_id_hplogo_or_alt_Google.png"]. @28-09-2021 01:53:45.0568 AM
[ReportManager] Passing the test and saving a reference image @28-09-2021 01:53:45.0568 AM
[ReportManager] File Action [GetAbsolutePath] successfully performed. With the following test data [Relative File Path: "src/test/resources/DynamicObjectRepository/unitTests_tests_element_elementActions_waitForElementToBePresent_true_expectedToPass_By_xpath_id_hplogo_or_alt_Google.png"]. @28-09-2021 01:53:45.0569 AM
[ReportManager] File Action [WriteToFile] successfully performed. With the following test data [Target File Path: "/Users/runner/work/SHAFT_ENGINE/SHAFT_ENGINE/src/test/resources/DynamicObjectRepository/unitTests_tests_element_elementActions_waitForElementToBePresent_true_expectedToPass_By_xpath_id_hplogo_or_alt_Google.png"]. @28-09-2021 01:53:45.0572 AM
[ReportManager] Assertion Passed: Using Visual AI; OpenCV @28-09-2021 01:53:45.0574 AM
[ReportManager] Successfully created attachment [Validation Test Data - Actual Screenshot] @28-09-2021 01:53:45.0575 AM
[ReportManager] Assertion [ValidateElementMatches] PASSED. Expected [Element should match the reference screenshot] and Actual [TRUE]. Comparison Type [EXACT_OPENCV]. Validation Type [POSITIVE]. @28-09-2021 01:53:45.0575 A
[ReportManager] Browser Action [CloseCurrentWindow] successfully performed. @28-09-2021 01:53:45.0820 AM
[ReportManager] Successfully created attachment [Browser Action Test Data - CloseCurrentWindow - Actual Value] @28-09-2021 01:53:45.0821 A
[ReportManager] File Action [GetAbsolutePath] successfully performed. With the following test data [Relative Folder Path: "target/downloadedFiles/"]. @28-09-2021 01:53:45.0826 AM
[ReportManager] Attempting to run locally on: [Mac-64], [Safari], Headless Execution. @28-09-2021 01:53:45.0826 AM
[ReportManager] Successfully Opened Safari. @28-09-2021 01:53:46.0685 AM
[ReportManager] Initial window size: (800, 600) @28-09-2021 01:53:46.0723 AM
[ReportManager] Window size after SWD Maximize: (1176, 811) @28-09-2021 01:53:46.0751 AM
[ReportManager] Browser Action [MaximizeWindow] successfully performed. With the following test data [New screen size is now: (1176, 811)]. @28-09-2021 01:53:46.0751 AM
[ReportManager] Target URL: [https://duckduckgo.com] @28-09-2021 01:53:46.0752 AM
[ReportManager] Initial URL: [] @28-09-2021 01:53:46.0815 AM
[ReportManager] Browser Action [NavigateToURL] successfully performed. With the following test data [https://duckduckgo.com]. @28-09-2021 01:53:47.0596 A

################################################################################################################################################
Starting Execution:	[6 out of 144] test cases in the current suite
Test Method:		[unitTests.tests_browserActions.fullScreenWindow]
################################################################################################################################################
[ReportManager] Initial Windows Size: 1176x811 @28-09-2021 01:53:47.0603 AM
[ReportManager] Current Windows Size after fullScreen: 1176x885 @28-09-2021 01:53:47.0792 AM
[ReportManager] Browser Action [FullScreenWindow] successfully performed. @28-09-2021 01:53:47.0826 AM
[ReportManager] Successfully created attachment [Browser Action Test Data - FullScreenWindow - Actual Value] @28-09-2021 01:53:47.0828 A
[ReportManager] Target URL: [https://duckduckgo.com] @28-09-2021 01:53:47.0833 AM
[ReportManager] Initial URL: [https://duckduckgo.com] @28-09-2021 01:53:47.0917 AM
[ReportManager] Browser Action [NavigateToURL] successfully performed. With the following test data [https://duckduckgo.com]. @28-09-2021 01:53:48.0401 AM
[ReportManager] Browser Action [CloseCurrentWindow] successfully performed. @28-09-2021 01:53:48.0447 AM
[ReportManager] Successfully created attachment [Browser Action Test Data - CloseCurrentWindow - Actual Value] @28-09-2021 01:53:48.0449 A
[ReportManager] File Action [GetAbsolutePath] successfully performed. With the following test data [Relative Folder Path: "target/downloadedFiles/"]. @28-09-2021 01:53:48.0453 AM
[ReportManager] Attempting to run locally on: [Mac-64], [Safari], Headless Execution. @28-09-2021 01:53:48.0453 AM
[ReportManager] An Exception Occured with this Message: Could not create a session: The Safari instance terminated while trying to pair with it.. @28-09-2021 01:53:48.0879 AM
[ReportManager] Successfully created attachment [Exception Stack Trace - org.openqa.selenium.SessionNotCreatedException] @28-09-2021 01:53:48.0880 AM
[ReportManager] Driver Factory Action [createNewLocalDriverInstanceForSafari] failed. With the following test data [Failed to create a session onDESKTOP_SAFARI]. @28-09-2021 01:53:48.0881 A

################################################################################################################################################
Starting Execution:	[7 out of 144] test cases in the current suite
Test Method:		[unitTests.tests_browserActions.getCurrentURL]
###############################################################################################################################################



################################################################################################################################################
Starting Execution:	[8 out of 144] test cases in the current suite
Test Method:		[unitTests.tests_browserActions.getCurrentWindowTitle]
###############################################################################################################################################



################################################################################################################################################
Starting Execution:	[9 out of 144] test cases in the current suite
Test Method:		[unitTests.tests_browserActions.getPageSource]
###############################################################################################################################################



################################################################################################################################################
Starting Execution:	[10 out of 144] test cases in the current suite
Test Method:		[unitTests.tests_browserActions.getWindowHandle]
###############################################################################################################################################



################################################################################################################################################
Starting Execution:	[11 out of 144] test cases in the current suite
Test Method:		[unitTests.tests_browserActions.getWindowPosition]
###############################################################################################################################################



################################################################################################################################################
Starting Execution:	[12 out of 144] test cases in the current suite
Test Method:		[unitTests.tests_browserActions.getWindowSize]
###############################################################################################################################################



################################################################################################################################################
Starting Execution:	[13 out of 144] test cases in the current suite
Test Method:		[unitTests.tests_browserActions.maximizeWindow]
###############################################################################################################################################



################################################################################################################################################
Starting Execution:	[14 out of 144] test cases in the current suite
Test Method:		[unitTests.tests_browserActions.navigateBack]
###############################################################################################################################################



################################################################################################################################################
Starting Execution:	[15 out of 144] test cases in the current suite
Test Method:		[unitTests.tests_browserActions.navigateForward]
###############################################################################################################################################



################################################################################################################################################
Starting Execution:	[16 out of 144] test cases in the current suite
Test Method:		[unitTests.tests_browserActions.navigateToURL]
###############################################################################################################################################



################################################################################################################################################
Starting Execution:	[17 out of 144] test cases in the current suite
Test Method:		[unitTests.tests_browserActions.navigateToURLWithRedirection]
###############################################################################################################################################



################################################################################################################################################
Starting Execution:	[18 out of 144] test cases in the current suite
Test Method:		[unitTests.tests_browserActions.refreshCurrentPage]
###############################################################################################################################################



################################################################################################################################################
Starting Execution:	[19 out of 144] test cases in the current suite
Test Method:		[unitTests.tests_browserActions.setWindowSize]
###############################################################################################################################################

[ReportManager] Successfully loaded the following test data file [src/test/resources/TestDataFiles/testSuite01/TestData.xlsx]. @28-09-2021 01:53:50.0035 AM
[ReportManager] Successfully created attachment [Test Data - Excel] @28-09-2021 01:53:50.0036 A

################################################################################################################################################
Starting Execution:	[20 out of 144] test cases in the current suite
Test Method:		[unitTests.tests_io_excelFileManager.getCellData_rowName_expectedToPass]
################################################################################################################################################
[ReportManager] testRowData. @28-09-2021 01:53:50.0050 A

################################################################################################################################################
Starting Execution:	[21 out of 144] test cases in the current suite
Test Method:		[unitTests.tests_validations_assertions.assertComparativeRelation_greaterThanOrEquals_false_equals_expectedToFail]
################################################################################################################################################
[ReportManager] Assertion [ValidateComparativeRelation] FAILED. Expected [1] and Actual [1]. Comparison Type [GREATER_THAN_OR_EQUALS]. Validation Type [NEGATIVE]. @28-09-2021 01:53:50.0056 A

################################################################################################################################################
Starting Execution:	[22 out of 144] test cases in the current suite
Test Method:		[unitTests.tests_validations_assertions.assertComparativeRelation_greaterThanOrEquals_false_equals_expectedToPass]
################################################################################################################################################
[ReportManager] Assertion [ValidateComparativeRelation] PASSED. Expected [2] and Actual [1]. Comparison Type [GREATER_THAN_OR_EQUALS]. Validation Type [NEGATIVE]. @28-09-2021 01:53:50.0060 A

################################################################################################################################################
Starting Execution:	[23 out of 144] test cases in the current suite
Test Method:		[unitTests.tests_validations_assertions.assertComparativeRelation_greaterThanOrEquals_false_greaterThan_expectedToFail]
################################################################################################################################################
[ReportManager] Assertion [ValidateComparativeRelation] FAILED. Expected [1] and Actual [2]. Comparison Type [GREATER_THAN_OR_EQUALS]. Validation Type [NEGATIVE]. @28-09-2021 01:53:50.0064 A

################################################################################################################################################
Starting Execution:	[24 out of 144] test cases in the current suite
Test Method:		[unitTests.tests_validations_assertions.assertComparativeRelation_greaterThanOrEquals_false_greaterThan_expectedToPass]
################################################################################################################################################
[ReportManager] Assertion [ValidateComparativeRelation] PASSED. Expected [2] and Actual [1]. Comparison Type [GREATER_THAN_OR_EQUALS]. Validation Type [NEGATIVE]. @28-09-2021 01:53:50.0069 A

################################################################################################################################################
Starting Execution:	[25 out of 144] test cases in the current suite
Test Method:		[unitTests.tests_validations_assertions.assertComparativeRelation_greaterThanOrEquals_true_equals_expectedToFail]
################################################################################################################################################
[ReportManager] Assertion [ValidateComparativeRelation] FAILED. Expected [1] and Actual [0]. Comparison Type [GREATER_THAN_OR_EQUALS]. Validation Type [POSITIVE]. @28-09-2021 01:53:50.0073 A

################################################################################################################################################
Starting Execution:	[26 out of 144] test cases in the current suite
Test Method:		[unitTests.tests_validations_assertions.assertComparativeRelation_greaterThanOrEquals_true_equals_expectedToPass]
################################################################################################################################################
[ReportManager] Assertion [ValidateComparativeRelation] PASSED. Expected [1] and Actual [1]. Comparison Type [GREATER_THAN_OR_EQUALS]. Validation Type [POSITIVE]. @28-09-2021 01:53:50.0077 A

################################################################################################################################################
Starting Execution:	[27 out of 144] test cases in the current suite
Test Method:		[unitTests.tests_validations_assertions.assertComparativeRelation_greaterThanOrEquals_true_greaterThan_expectedToFail]
################################################################################################################################################
[ReportManager] Assertion [ValidateComparativeRelation] FAILED. Expected [2] and Actual [1]. Comparison Type [GREATER_THAN_OR_EQUALS]. Validation Type [POSITIVE]. @28-09-2021 01:53:50.0081 A

################################################################################################################################################
Starting Execution:	[28 out of 144] test cases in the current suite
Test Method:		[unitTests.tests_validations_assertions.assertComparativeRelation_greaterThanOrEquals_true_greaterThan_expectedToPass]
################################################################################################################################################
[ReportManager] Assertion [ValidateComparativeRelation] PASSED. Expected [1] and Actual [2]. Comparison Type [GREATER_THAN_OR_EQUALS]. Validation Type [POSITIVE]. @28-09-2021 01:53:50.0085 A
[ReportManager] File Action [GetAbsolutePath] successfully performed. With the following test data [Relative Folder Path: "target/downloadedFiles/"]. @28-09-2021 01:53:50.0088 AM
[ReportManager] Attempting to run locally on: [Mac-64], [Safari], Headless Execution. @28-09-2021 01:53:50.0088 AM
[ReportManager] Successfully Opened Safari. @28-09-2021 01:53:50.0934 AM
[ReportManager] Initial window size: (800, 600) @28-09-2021 01:53:50.0944 AM
[ReportManager] Window size after SWD Maximize: (1176, 811) @28-09-2021 01:53:50.0966 AM
[ReportManager] Browser Action [MaximizeWindow] successfully performed. With the following test data [New screen size is now: (1176, 811)]. @28-09-2021 01:53:50.0966 AM
[ReportManager] Target URL: [https://www.google.com/ncr], and after redirection: [www.google.com] @28-09-2021 01:53:50.0966 AM
[ReportManager] Initial URL: [] @28-09-2021 01:53:51.0020 AM
[ReportManager] Browser Action [NavigateToURL] successfully performed. With the following test data [https://www.google.com/ncr]. @28-09-2021 01:53:52.0005 A

################################################################################################################################################
Starting Execution:	[29 out of 144] test cases in the current suite
Test Method:		[unitTests.tests_validations_assertions.assertElementAttribute_false_caseInsensitiveComparison_expectedToFail]
################################################################################################################################################
[ReportManager] Element Action [Type] successfully performed. With the following test data [AUTOMATION]. @28-09-2021 01:53:52.0528 AM
[ReportManager] Element Action [GetText] successfully performed. With the following test data [AUTOMATION]. @28-09-2021 01:53:52.0605 AM
[ReportManager] Loaded Shared OpenCV @28-09-2021 01:53:53.0745 AM
[ReportManager] Assertion [ValidateElementAttribute] FAILED. Expected [Value Should not be 'AutomaTion' for the 'text' attribute, element locator 'By.name: q'] and Actual [AUTOMATION]. Comparison Type [CASE_INSENSITIVE]. Validation Type [NEGATIVE]. @28-09-2021 01:53:54.0051 AM
[ReportManager] Successfully created attachment [Screenshot - 1632794032689_assertElementAttribute_false_caseInsensitiveComparison_expectedToFail_ValidateElementAttribute_failed] @28-09-2021 01:53:54.0057 A
[ReportManager] Browser Action [CloseCurrentWindow] successfully performed. @28-09-2021 01:53:54.0112 AM
[ReportManager] Successfully created attachment [Browser Action Test Data - CloseCurrentWindow - Actual Value] @28-09-2021 01:53:54.0114 A
[ReportManager] File Action [GetAbsolutePath] successfully performed. With the following test data [Relative Folder Path: "target/downloadedFiles/"]. @28-09-2021 01:53:54.0125 AM
[ReportManager] Attempting to run locally on: [Mac-64], [Safari], Headless Execution. @28-09-2021 01:53:54.0125 AM
[ReportManager] Successfully Opened Safari. @28-09-2021 01:53:54.0868 AM
[ReportManager] Initial window size: (800, 600) @28-09-2021 01:53:54.0956 AM
[ReportManager] Window size after SWD Maximize: (1176, 811) @28-09-2021 01:53:54.0983 AM
[ReportManager] Browser Action [MaximizeWindow] successfully performed. With the following test data [New screen size is now: (1176, 811)]. @28-09-2021 01:53:54.0984 AM
[ReportManager] Target URL: [https://www.google.com/ncr], and after redirection: [www.google.com] @28-09-2021 01:53:54.0984 AM
[ReportManager] Initial URL: [] @28-09-2021 01:53:55.0047 AM
[ReportManager] Browser Action [NavigateToURL] successfully performed. With the following test data [https://www.google.com/ncr]. @28-09-2021 01:53:56.0388 A

################################################################################################################################################
Starting Execution:	[30 out of 144] test cases in the current suite
Test Method:		[unitTests.tests_validations_assertions.assertElementAttribute_false_caseInsensitiveComparison_expectedToPass]
################################################################################################################################################
[ReportManager] Element Action [Type] successfully performed. With the following test data [AUTOMATION]. @28-09-2021 01:53:56.0889 AM
[ReportManager] Element Action [GetText] successfully performed. With the following test data [AUTOMATION]. @28-09-2021 01:53:56.0967 AM
[ReportManager] Loaded Shared OpenCV @28-09-2021 01:53:57.0234 AM
[ReportManager] Assertion [ValidateElementAttribute] PASSED. Expected [Value Should not be 'AutomaTion123' for the 'text' attribute, element locator 'By.name: q'] and Actual [AUTOMATION]. Comparison Type [CASE_INSENSITIVE]. Validation Type [NEGATIVE]. @28-09-2021 01:53:57.0405 AM
[ReportManager] Successfully created attachment [Screenshot - 1632794037234_assertElementAttribute_false_caseInsensitiveComparison_expectedToPass_ValidateElementAttribute_passed] @28-09-2021 01:53:57.0408 A
[ReportManager] Browser Action [CloseCurrentWindow] successfully performed. @28-09-2021 01:53:57.0473 AM
[ReportManager] Successfully created attachment [Browser Action Test Data - CloseCurrentWindow - Actual Value] @28-09-2021 01:53:57.0474 A
[ReportManager] File Action [GetAbsolutePath] successfully performed. With the following test data [Relative Folder Path: "target/downloadedFiles/"]. @28-09-2021 01:53:57.0477 AM
[ReportManager] Attempting to run locally on: [Mac-64], [Safari], Headless Execution. @28-09-2021 01:53:57.0478 AM
[ReportManager] Successfully Opened Safari. @28-09-2021 01:53:58.0298 AM
[ReportManager] Initial window size: (800, 600) @28-09-2021 01:53:58.0326 AM
[ReportManager] Window size after SWD Maximize: (1176, 811) @28-09-2021 01:53:58.0352 AM
[ReportManager] Browser Action [MaximizeWindow] successfully performed. With the following test data [New screen size is now: (1176, 811)]. @28-09-2021 01:53:58.0352 AM
[ReportManager] Target URL: [https://www.google.com/ncr], and after redirection: [www.google.com] @28-09-2021 01:53:58.0352 AM
[ReportManager] Initial URL: [] @28-09-2021 01:53:58.0409 AM
[ReportManager] Browser Action [NavigateToURL] successfully performed. With the following test data [https://www.google.com/ncr]. @28-09-2021 01:53:59.0261 A

################################################################################################################################################
Starting Execution:	[31 out of 144] test cases in the current suite
Test Method:		[unitTests.tests_validations_assertions.assertElementAttribute_false_containsComparison_expectedToFail]
################################################################################################################################################
[ReportManager] Element Action [Type] successfully performed. With the following test data [Automation123]. @28-09-2021 01:53:59.0844 AM
[ReportManager] Element Action [GetText] successfully performed. With the following test data [Automation123]. @28-09-2021 01:53:59.0925 AM
[ReportManager] Loaded Shared OpenCV @28-09-2021 01:54:00.0003 AM
[ReportManager] Assertion [ValidateElementAttribute] FAILED. Expected [Value Should not be 'Automation' for the 'text' attribute, element locator 'By.name: q'] and Actual [Automation123]. Comparison Type [CONTAINS]. Validation Type [NEGATIVE]. @28-09-2021 01:54:00.0103 AM
[ReportManager] Successfully created attachment [Screenshot - 1632794040003_assertElementAttribute_false_containsComparison_expectedToFail_ValidateElementAttribute_failed] @28-09-2021 01:54:00.0104 A
[ReportManager] Browser Action [CloseCurrentWindow] successfully performed. @28-09-2021 01:54:00.0305 AM
[ReportManager] Successfully created attachment [Browser Action Test Data - CloseCurrentWindow - Actual Value] @28-09-2021 01:54:00.0306 A
[ReportManager] File Action [GetAbsolutePath] successfully performed. With the following test data [Relative Folder Path: "target/downloadedFiles/"]. @28-09-2021 01:54:00.0309 AM
[ReportManager] Attempting to run locally on: [Mac-64], [Safari], Headless Execution. @28-09-2021 01:54:00.0310 AM
[ReportManager] Successfully Opened Safari. @28-09-2021 01:54:01.0182 AM
[ReportManager] Initial window size: (800, 600) @28-09-2021 01:54:01.0206 AM
[ReportManager] Window size after SWD Maximize: (1176, 811) @28-09-2021 01:54:01.0232 AM
[ReportManager] Browser Action [MaximizeWindow] successfully performed. With the following test data [New screen size is now: (1176, 811)]. @28-09-2021 01:54:01.0232 AM
[ReportManager] Target URL: [https://www.google.com/ncr], and after redirection: [www.google.com] @28-09-2021 01:54:01.0233 AM
[ReportManager] Initial URL: [] @28-09-2021 01:54:01.0288 AM
[ReportManager] Browser Action [NavigateToURL] successfully performed. With the following test data [https://www.google.com/ncr]. @28-09-2021 01:54:02.0574 A

################################################################################################################################################
Starting Execution:	[32 out of 144] test cases in the current suite
Test Method:		[unitTests.tests_validations_assertions.assertElementAttribute_false_containsComparison_expectedToPass]
################################################################################################################################################
[ReportManager] Element Action [Type] successfully performed. With the following test data [Automation123]. @28-09-2021 01:54:03.0107 AM
[ReportManager] Element Action [GetText] successfully performed. With the following test data [Automation123]. @28-09-2021 01:54:03.0167 AM
[ReportManager] Loaded Shared OpenCV @28-09-2021 01:54:03.0245 AM
[ReportManager] Assertion [ValidateElementAttribute] PASSED. Expected [Value Should not be 'Automation1234' for the 'text' attribute, element locator 'By.name: q'] and Actual [Automation123]. Comparison Type [CONTAINS]. Validation Type [NEGATIVE]. @28-09-2021 01:54:03.0429 AM
[ReportManager] Successfully created attachment [Screenshot - 1632794043245_assertElementAttribute_false_containsComparison_expectedToPass_ValidateElementAttribute_passed] @28-09-2021 01:54:03.0431 A
[ReportManager] Browser Action [CloseCurrentWindow] successfully performed. @28-09-2021 01:54:03.0482 AM
[ReportManager] Successfully created attachment [Browser Action Test Data - CloseCurrentWindow - Actual Value] @28-09-2021 01:54:03.0482 A
[ReportManager] File Action [GetAbsolutePath] successfully performed. With the following test data [Relative Folder Path: "target/downloadedFiles/"]. @28-09-2021 01:54:03.0495 AM
[ReportManager] Attempting to run locally on: [Mac-64], [Safari], Headless Execution. @28-09-2021 01:54:03.0495 AM
[ReportManager] Successfully Opened Safari. @28-09-2021 01:54:04.0273 AM
[ReportManager] Initial window size: (800, 600) @28-09-2021 01:54:04.0310 AM
[ReportManager] Window size after SWD Maximize: (1176, 811) @28-09-2021 01:54:04.0333 AM
[ReportManager] Browser Action [MaximizeWindow] successfully performed. With the following test data [New screen size is now: (1176, 811)]. @28-09-2021 01:54:04.0334 AM
[ReportManager] Target URL: [https://www.google.com/ncr], and after redirection: [www.google.com] @28-09-2021 01:54:04.0334 AM
[ReportManager] Initial URL: [] @28-09-2021 01:54:04.0406 AM
[ReportManager] Browser Action [NavigateToURL] successfully performed. With the following test data [https://www.google.com/ncr]. @28-09-2021 01:54:05.0792 A

################################################################################################################################################
Starting Execution:	[33 out of 144] test cases in the current suite
Test Method:		[unitTests.tests_validations_assertions.assertElementAttribute_false_literalComparison_expectedToFail]
################################################################################################################################################
[ReportManager] Element Action [Type] successfully performed. With the following test data [Automation!@#$%^&*()_+{}[]\';/.,]. @28-09-2021 01:54:07.0013 AM
[ReportManager] Element Action [GetText] successfully performed. With the following test data [Automation!@#$%^&*()_+{}[]\';/.,]. @28-09-2021 01:54:07.0069 AM
[ReportManager] Loaded Shared OpenCV @28-09-2021 01:54:07.0177 AM
[ReportManager] Assertion [ValidateElementAttribute] PASSED. Expected [Value Should not be 'Automation!@#$%^&*()_+{}[]\\';/.,' for the 'text' attribute, element locator 'By.name: q'] and Actual [Automation!@#$%^&*()_+{}[]\';/.,]. Comparison Type [EQUALS]. Validation Type [NEGATIVE]. @28-09-2021 01:54:07.0336 AM
[ReportManager] Successfully created attachment [Screenshot - 1632794047177_assertElementAttribute_false_literalComparison_expectedToFail_ValidateElementAttribute_passed] @28-09-2021 01:54:07.0337 A
[ReportManager] Browser Action [CloseCurrentWindow] successfully performed. @28-09-2021 01:54:07.0488 AM
[ReportManager] Successfully created attachment [Browser Action Test Data - CloseCurrentWindow - Actual Value] @28-09-2021 01:54:07.0488 A
[ReportManager] File Action [GetAbsolutePath] successfully performed. With the following test data [Relative Folder Path: "target/downloadedFiles/"]. @28-09-2021 01:54:07.0494 AM
[ReportManager] Attempting to run locally on: [Mac-64], [Safari], Headless Execution. @28-09-2021 01:54:07.0495 AM
[ReportManager] Successfully Opened Safari. @28-09-2021 01:54:08.0248 AM
[ReportManager] Initial window size: (800, 600) @28-09-2021 01:54:08.0276 AM
[ReportManager] Window size after SWD Maximize: (1176, 811) @28-09-2021 01:54:08.0299 AM
[ReportManager] Browser Action [MaximizeWindow] successfully performed. With the following test data [New screen size is now: (1176, 811)]. @28-09-2021 01:54:08.0299 AM
[ReportManager] Target URL: [https://www.google.com/ncr], and after redirection: [www.google.com] @28-09-2021 01:54:08.0299 AM
[ReportManager] Initial URL: [] @28-09-2021 01:54:08.0361 AM
[ReportManager] Browser Action [NavigateToURL] successfully performed. With the following test data [https://www.google.com/ncr]. @28-09-2021 01:54:09.0856 A

################################################################################################################################################
Starting Execution:	[34 out of 144] test cases in the current suite
Test Method:		[unitTests.tests_validations_assertions.assertElementAttribute_false_literalComparison_expectedToPass]
################################################################################################################################################
[ReportManager] Element Action [Type] successfully performed. With the following test data [Automation!@#$%^&*()_+{}[]\';/.,]. @28-09-2021 01:54:10.0950 AM
[ReportManager] Element Action [GetText] successfully performed. With the following test data [Automation!@#$%^&*()_+{}[]\';/.,]. @28-09-2021 01:54:11.0013 AM
[ReportManager] Loaded Shared OpenCV @28-09-2021 01:54:11.0091 AM
[ReportManager] Assertion [ValidateElementAttribute] PASSED. Expected [Value Should not be 'Automation' for the 'text' attribute, element locator 'By.name: q'] and Actual [Automation!@#$%^&*()_+{}[]\';/.,]. Comparison Type [EQUALS]. Validation Type [NEGATIVE]. @28-09-2021 01:54:11.0197 AM
[ReportManager] Successfully created attachment [Screenshot - 1632794051091_assertElementAttribute_false_literalComparison_expectedToPass_ValidateElementAttribute_passed] @28-09-2021 01:54:11.0198 A
[ReportManager] Browser Action [CloseCurrentWindow] successfully performed. @28-09-2021 01:54:11.0405 AM
[ReportManager] Successfully created attachment [Browser Action Test Data - CloseCurrentWindow - Actual Value] @28-09-2021 01:54:11.0406 A
[ReportManager] File Action [GetAbsolutePath] successfully performed. With the following test data [Relative Folder Path: "target/downloadedFiles/"]. @28-09-2021 01:54:11.0409 AM
[ReportManager] Attempting to run locally on: [Mac-64], [Safari], Headless Execution. @28-09-2021 01:54:11.0409 AM
[ReportManager] Successfully Opened Safari. @28-09-2021 01:54:12.0203 AM
[ReportManager] Initial window size: (800, 600) @28-09-2021 01:54:12.0217 AM
[ReportManager] Window size after SWD Maximize: (1176, 811) @28-09-2021 01:54:12.0247 AM
[ReportManager] Browser Action [MaximizeWindow] successfully performed. With the following test data [New screen size is now: (1176, 811)]. @28-09-2021 01:54:12.0248 AM
[ReportManager] Target URL: [https://www.google.com/ncr], and after redirection: [www.google.com] @28-09-2021 01:54:12.0248 AM
[ReportManager] Initial URL: [] @28-09-2021 01:54:12.0352 AM
[ReportManager] Browser Action [NavigateToURL] successfully performed. With the following test data [https://www.google.com/ncr]. @28-09-2021 01:54:13.0882 A

################################################################################################################################################
Starting Execution:	[35 out of 144] test cases in the current suite
Test Method:		[unitTests.tests_validations_assertions.assertElementAttribute_false_regexComparison_expectedToFail]
################################################################################################################################################
[ReportManager] Element Action [Type] successfully performed. With the following test data [Automation123]. @28-09-2021 01:54:14.0447 AM
[ReportManager] Element Action [GetText] successfully performed. With the following test data [Automation123]. @28-09-2021 01:54:14.0549 AM
[ReportManager] Loaded Shared OpenCV @28-09-2021 01:54:14.0617 AM
[ReportManager] Assertion [ValidateElementAttribute] FAILED. Expected [Value Should not be 'Automation.*' for the 'text' attribute, element locator 'By.name: q'] and Actual [Automation123]. Comparison Type [MATCHES]. Validation Type [NEGATIVE]. @28-09-2021 01:54:14.0769 AM
[ReportManager] Successfully created attachment [Screenshot - 1632794054617_assertElementAttribute_false_regexComparison_expectedToFail_ValidateElementAttribute_failed] @28-09-2021 01:54:14.0770 A
[ReportManager] Browser Action [CloseCurrentWindow] successfully performed. @28-09-2021 01:54:14.0823 AM
[ReportManager] Successfully created attachment [Browser Action Test Data - CloseCurrentWindow - Actual Value] @28-09-2021 01:54:14.0824 A
[ReportManager] File Action [GetAbsolutePath] successfully performed. With the following test data [Relative Folder Path: "target/downloadedFiles/"]. @28-09-2021 01:54:14.0827 AM
[ReportManager] Attempting to run locally on: [Mac-64], [Safari], Headless Execution. @28-09-2021 01:54:14.0827 AM
[ReportManager] Successfully Opened Safari. @28-09-2021 01:54:15.0681 AM
[ReportManager] Initial window size: (800, 600) @28-09-2021 01:54:15.0696 AM
[ReportManager] Window size after SWD Maximize: (1176, 811) @28-09-2021 01:54:15.0718 AM
[ReportManager] Browser Action [MaximizeWindow] successfully performed. With the following test data [New screen size is now: (1176, 811)]. @28-09-2021 01:54:15.0718 AM
[ReportManager] Target URL: [https://www.google.com/ncr], and after redirection: [www.google.com] @28-09-2021 01:54:15.0718 AM
[ReportManager] Initial URL: [] @28-09-2021 01:54:15.0775 AM
[ReportManager] Browser Action [NavigateToURL] successfully performed. With the following test data [https://www.google.com/ncr]. @28-09-2021 01:54:17.0221 A

################################################################################################################################################
Starting Execution:	[36 out of 144] test cases in the current suite
Test Method:		[unitTests.tests_validations_assertions.assertElementAttribute_false_regexComparison_expectedToPass]
################################################################################################################################################
[ReportManager] Element Action [Type] successfully performed. With the following test data [Automation123]. @28-09-2021 01:54:17.0736 AM
[ReportManager] Element Action [GetText] successfully performed. With the following test data [Automation123]. @28-09-2021 01:54:17.0791 AM
[ReportManager] Loaded Shared OpenCV @28-09-2021 01:54:17.0935 AM
[ReportManager] Assertion [ValidateElementAttribute] PASSED. Expected [Value Should not be 'Automation' for the 'text' attribute, element locator 'By.name: q'] and Actual [Automation123]. Comparison Type [MATCHES]. Validation Type [NEGATIVE]. @28-09-2021 01:54:18.0040 AM
[ReportManager] Successfully created attachment [Screenshot - 1632794057935_assertElementAttribute_false_regexComparison_expectedToPass_ValidateElementAttribute_passed] @28-09-2021 01:54:18.0042 A
[ReportManager] Browser Action [CloseCurrentWindow] successfully performed. @28-09-2021 01:54:18.0294 AM
[ReportManager] Successfully created attachment [Browser Action Test Data - CloseCurrentWindow - Actual Value] @28-09-2021 01:54:18.0295 A
[ReportManager] File Action [GetAbsolutePath] successfully performed. With the following test data [Relative Folder Path: "target/downloadedFiles/"]. @28-09-2021 01:54:18.0298 AM
[ReportManager] Attempting to run locally on: [Mac-64], [Safari], Headless Execution. @28-09-2021 01:54:18.0298 AM
[ReportManager] Successfully Opened Safari. @28-09-2021 01:54:19.0130 AM
[ReportManager] Initial window size: (800, 600) @28-09-2021 01:54:19.0181 AM
[ReportManager] Window size after SWD Maximize: (1176, 811) @28-09-2021 01:54:19.0199 AM
[ReportManager] Browser Action [MaximizeWindow] successfully performed. With the following test data [New screen size is now: (1176, 811)]. @28-09-2021 01:54:19.0199 AM
[ReportManager] Target URL: [https://www.google.com/ncr], and after redirection: [www.google.com] @28-09-2021 01:54:19.0200 AM
[ReportManager] Initial URL: [] @28-09-2021 01:54:19.0266 AM
[ReportManager] Browser Action [NavigateToURL] successfully performed. With the following test data [https://www.google.com/ncr]. @28-09-2021 01:54:20.0805 A

################################################################################################################################################
Starting Execution:	[37 out of 144] test cases in the current suite
Test Method:		[unitTests.tests_validations_assertions.assertElementAttribute_true_caseInsensitiveComparison_expectedToFail]
################################################################################################################################################
[ReportManager] Element Action [Type] successfully performed. With the following test data [AUTOMATION]. @28-09-2021 01:54:21.0219 AM
[ReportManager] Element Action [GetText] successfully performed. With the following test data [AUTOMATION]. @28-09-2021 01:54:21.0277 AM
[ReportManager] Loaded Shared OpenCV @28-09-2021 01:54:21.0348 AM
[ReportManager] Assertion [ValidateElementAttribute] FAILED. Expected [Value Should be 'AutomaTion123' for the 'text' attribute, element locator 'By.name: q'] and Actual [AUTOMATION]. Comparison Type [CASE_INSENSITIVE]. Validation Type [POSITIVE]. @28-09-2021 01:54:21.0452 AM
[ReportManager] Successfully created attachment [Screenshot - 1632794061348_assertElementAttribute_true_caseInsensitiveComparison_expectedToFail_ValidateElementAttribute_failed] @28-09-2021 01:54:21.0454 A
[ReportManager] Browser Action [CloseCurrentWindow] successfully performed. @28-09-2021 01:54:21.0695 AM
[ReportManager] Successfully created attachment [Browser Action Test Data - CloseCurrentWindow - Actual Value] @28-09-2021 01:54:21.0695 A
[ReportManager] File Action [GetAbsolutePath] successfully performed. With the following test data [Relative Folder Path: "target/downloadedFiles/"]. @28-09-2021 01:54:21.0699 AM
[ReportManager] Attempting to run locally on: [Mac-64], [Safari], Headless Execution. @28-09-2021 01:54:21.0699 AM
[ReportManager] Successfully Opened Safari. @28-09-2021 01:54:22.0479 AM
[ReportManager] Initial window size: (800, 600) @28-09-2021 01:54:22.0499 AM
[ReportManager] Window size after SWD Maximize: (1176, 811) @28-09-2021 01:54:22.0514 AM
[ReportManager] Browser Action [MaximizeWindow] successfully performed. With the following test data [New screen size is now: (1176, 811)]. @28-09-2021 01:54:22.0514 AM
[ReportManager] Target URL: [https://www.google.com/ncr], and after redirection: [www.google.com] @28-09-2021 01:54:22.0514 AM
[ReportManager] Initial URL: [] @28-09-2021 01:54:22.0695 AM
[ReportManager] Browser Action [NavigateToURL] successfully performed. With the following test data [https://www.google.com/ncr]. @28-09-2021 01:54:24.0034 A

################################################################################################################################################
Starting Execution:	[38 out of 144] test cases in the current suite
Test Method:		[unitTests.tests_validations_assertions.assertElementAttribute_true_caseInsensitiveComparison_expectedToPass]
################################################################################################################################################
[ReportManager] Element Action [Type] successfully performed. With the following test data [AUTOMATION]. @28-09-2021 01:54:24.0531 AM
[ReportManager] Element Action [GetText] successfully performed. With the following test data [AUTOMATION]. @28-09-2021 01:54:24.0599 AM
[ReportManager] Loaded Shared OpenCV @28-09-2021 01:54:24.0673 AM
[ReportManager] Assertion [ValidateElementAttribute] PASSED. Expected [Value Should be 'AutomaTion' for the 'text' attribute, element locator 'By.name: q'] and Actual [AUTOMATION]. Comparison Type [CASE_INSENSITIVE]. Validation Type [POSITIVE]. @28-09-2021 01:54:24.0773 AM
[ReportManager] Successfully created attachment [Screenshot - 1632794064673_assertElementAttribute_true_caseInsensitiveComparison_expectedToPass_ValidateElementAttribute_passed] @28-09-2021 01:54:24.0774 A
[ReportManager] Browser Action [CloseCurrentWindow] successfully performed. @28-09-2021 01:54:24.0920 AM
[ReportManager] Successfully created attachment [Browser Action Test Data - CloseCurrentWindow - Actual Value] @28-09-2021 01:54:24.0921 A
[ReportManager] File Action [GetAbsolutePath] successfully performed. With the following test data [Relative Folder Path: "target/downloadedFiles/"]. @28-09-2021 01:54:24.0924 AM
[ReportManager] Attempting to run locally on: [Mac-64], [Safari], Headless Execution. @28-09-2021 01:54:24.0924 AM
[ReportManager] Successfully Opened Safari. @28-09-2021 01:54:25.0738 AM
[ReportManager] Initial window size: (800, 600) @28-09-2021 01:54:25.0766 AM
[ReportManager] Window size after SWD Maximize: (1176, 811) @28-09-2021 01:54:25.0783 AM
[ReportManager] Browser Action [MaximizeWindow] successfully performed. With the following test data [New screen size is now: (1176, 811)]. @28-09-2021 01:54:25.0784 AM
[ReportManager] Target URL: [https://www.google.com/ncr], and after redirection: [www.google.com] @28-09-2021 01:54:25.0784 AM
[ReportManager] Initial URL: [] @28-09-2021 01:54:25.0841 AM
[ReportManager] Browser Action [NavigateToURL] successfully performed. With the following test data [https://www.google.com/ncr]. @28-09-2021 01:54:26.0799 A

################################################################################################################################################
Starting Execution:	[39 out of 144] test cases in the current suite
Test Method:		[unitTests.tests_validations_assertions.assertElementAttribute_true_containsComparison_expectedToFail]
################################################################################################################################################
[ReportManager] Element Action [Type] successfully performed. With the following test data [Automation123]. @28-09-2021 01:54:27.0483 AM
[ReportManager] Element Action [GetText] successfully performed. With the following test data [Automation123]. @28-09-2021 01:54:27.0544 AM
[ReportManager] Loaded Shared OpenCV @28-09-2021 01:54:27.0608 AM
[ReportManager] Assertion [ValidateElementAttribute] FAILED. Expected [Value Should be 'Automation1234' for the 'text' attribute, element locator 'By.name: q'] and Actual [Automation123]. Comparison Type [CONTAINS]. Validation Type [POSITIVE]. @28-09-2021 01:54:27.0757 AM
[ReportManager] Successfully created attachment [Screenshot - 1632794067608_assertElementAttribute_true_containsComparison_expectedToFail_ValidateElementAttribute_failed] @28-09-2021 01:54:27.0758 A
[ReportManager] Browser Action [CloseCurrentWindow] successfully performed. @28-09-2021 01:54:27.0998 AM
[ReportManager] Successfully created attachment [Browser Action Test Data - CloseCurrentWindow - Actual Value] @28-09-2021 01:54:27.0999 A
[ReportManager] File Action [GetAbsolutePath] successfully performed. With the following test data [Relative Folder Path: "target/downloadedFiles/"]. @28-09-2021 01:54:28.0002 AM
[ReportManager] Attempting to run locally on: [Mac-64], [Safari], Headless Execution. @28-09-2021 01:54:28.0002 AM
[ReportManager] Successfully Opened Safari. @28-09-2021 01:54:28.0748 AM
[ReportManager] Initial window size: (800, 600) @28-09-2021 01:54:28.0772 AM
[ReportManager] Window size after SWD Maximize: (1176, 811) @28-09-2021 01:54:28.0793 AM
[ReportManager] Browser Action [MaximizeWindow] successfully performed. With the following test data [New screen size is now: (1176, 811)]. @28-09-2021 01:54:28.0794 AM
[ReportManager] Target URL: [https://www.google.com/ncr], and after redirection: [www.google.com] @28-09-2021 01:54:28.0794 AM
[ReportManager] Initial URL: [] @28-09-2021 01:54:28.0863 AM
[ReportManager] Browser Action [NavigateToURL] successfully performed. With the following test data [https://www.google.com/ncr]. @28-09-2021 01:54:29.0958 A

################################################################################################################################################
Starting Execution:	[40 out of 144] test cases in the current suite
Test Method:		[unitTests.tests_validations_assertions.assertElementAttribute_true_containsComparison_expectedToPass]
################################################################################################################################################
[ReportManager] Element Action [Type] successfully performed. With the following test data [Automation123]. @28-09-2021 01:54:30.0650 AM
[ReportManager] Element Action [GetText] successfully performed. With the following test data [Automation123]. @28-09-2021 01:54:30.0706 AM
[ReportManager] Loaded Shared OpenCV @28-09-2021 01:54:30.0776 AM
[ReportManager] Assertion [ValidateElementAttribute] PASSED. Expected [Value Should be 'Automation' for the 'text' attribute, element locator 'By.name: q'] and Actual [Automation123]. Comparison Type [CONTAINS]. Validation Type [POSITIVE]. @28-09-2021 01:54:30.0874 AM
[ReportManager] Successfully created attachment [Screenshot - 1632794070776_assertElementAttribute_true_containsComparison_expectedToPass_ValidateElementAttribute_passed] @28-09-2021 01:54:30.0875 A
[ReportManager] Browser Action [CloseCurrentWindow] successfully performed. @28-09-2021 01:54:30.0988 AM
[ReportManager] Successfully created attachment [Browser Action Test Data - CloseCurrentWindow - Actual Value] @28-09-2021 01:54:30.0988 A
[ReportManager] File Action [GetAbsolutePath] successfully performed. With the following test data [Relative Folder Path: "target/downloadedFiles/"]. @28-09-2021 01:54:30.0991 AM
[ReportManager] Attempting to run locally on: [Mac-64], [Safari], Headless Execution. @28-09-2021 01:54:30.0992 AM
[ReportManager] Successfully Opened Safari. @28-09-2021 01:54:31.0784 AM
[ReportManager] Initial window size: (800, 600) @28-09-2021 01:54:31.0795 AM
[ReportManager] Window size after SWD Maximize: (1176, 811) @28-09-2021 01:54:31.0819 AM
[ReportManager] Browser Action [MaximizeWindow] successfully performed. With the following test data [New screen size is now: (1176, 811)]. @28-09-2021 01:54:31.0819 AM
[ReportManager] Target URL: [https://www.google.com/ncr], and after redirection: [www.google.com] @28-09-2021 01:54:31.0819 AM
[ReportManager] Initial URL: [] @28-09-2021 01:54:31.0878 AM
[ReportManager] Browser Action [NavigateToURL] successfully performed. With the following test data [https://www.google.com/ncr]. @28-09-2021 01:54:32.0720 A

################################################################################################################################################
Starting Execution:	[41 out of 144] test cases in the current suite
Test Method:		[unitTests.tests_validations_assertions.assertElementAttribute_true_literalComparison_expectedToFail]
################################################################################################################################################
[ReportManager] Element Action [Type] successfully performed. With the following test data [Automation!@#$%^&*()_+{}[]\';/.,]. @28-09-2021 01:54:33.0779 AM
[ReportManager] Element Action [GetText] successfully performed. With the following test data [Automation!@#$%^&*()_+{}[]\';/.,]. @28-09-2021 01:54:33.0856 AM
[ReportManager] Loaded Shared OpenCV @28-09-2021 01:54:33.0928 AM
[ReportManager] Assertion [ValidateElementAttribute] FAILED. Expected [Value Should be 'Automation' for the 'text' attribute, element locator 'By.name: q'] and Actual [Automation!@#$%^&*()_+{}[]\';/.,]. Comparison Type [EQUALS]. Validation Type [POSITIVE]. @28-09-2021 01:54:34.0026 AM
[ReportManager] Successfully created attachment [Screenshot - 1632794073928_assertElementAttribute_true_literalComparison_expectedToFail_ValidateElementAttribute_failed] @28-09-2021 01:54:34.0027 A
[ReportManager] Browser Action [CloseCurrentWindow] successfully performed. @28-09-2021 01:54:34.0163 AM
[ReportManager] Successfully created attachment [Browser Action Test Data - CloseCurrentWindow - Actual Value] @28-09-2021 01:54:34.0164 A
[ReportManager] File Action [GetAbsolutePath] successfully performed. With the following test data [Relative Folder Path: "target/downloadedFiles/"]. @28-09-2021 01:54:34.0168 AM
[ReportManager] Attempting to run locally on: [Mac-64], [Safari], Headless Execution. @28-09-2021 01:54:34.0168 AM
[ReportManager] Successfully Opened Safari. @28-09-2021 01:54:35.0023 AM
[ReportManager] Initial window size: (800, 600) @28-09-2021 01:54:35.0042 AM
[ReportManager] Window size after SWD Maximize: (1176, 811) @28-09-2021 01:54:35.0055 AM
[ReportManager] Browser Action [MaximizeWindow] successfully performed. With the following test data [New screen size is now: (1176, 811)]. @28-09-2021 01:54:35.0055 AM
[ReportManager] Target URL: [https://www.google.com/ncr], and after redirection: [www.google.com] @28-09-2021 01:54:35.0056 AM
[ReportManager] Initial URL: [] @28-09-2021 01:54:35.0162 AM
[ReportManager] Browser Action [NavigateToURL] successfully performed. With the following test data [https://www.google.com/ncr]. @28-09-2021 01:54:36.0407 A

################################################################################################################################################
Starting Execution:	[42 out of 144] test cases in the current suite
Test Method:		[unitTests.tests_validations_assertions.assertElementAttribute_true_literalComparison_expectedToPass]
################################################################################################################################################
[ReportManager] Element Action [Type] successfully performed. With the following test data [Automation!@#$%^&*()_+{}[]\';/.,]. @28-09-2021 01:54:37.0628 AM
[ReportManager] Element Action [GetText] successfully performed. With the following test data [Automation!@#$%^&*()_+{}[]\';/.,]. @28-09-2021 01:54:37.0684 AM
[ReportManager] Loaded Shared OpenCV @28-09-2021 01:54:37.0754 AM
[ReportManager] Assertion [ValidateElementAttribute] PASSED. Expected [Value Should be 'Automation!@#$%^&*()_+{}[]\';/.,' for the 'text' attribute, element locator 'By.name: q'] and Actual [Automation!@#$%^&*()_+{}[]\';/.,]. Comparison Type [EQUALS]. Validation Type [POSITIVE]. @28-09-2021 01:54:37.0907 AM
[ReportManager] Successfully created attachment [Screenshot - 1632794077754_assertElementAttribute_true_literalComparison_expectedToPass_ValidateElementAttribute_passed] @28-09-2021 01:54:37.0909 A
[ReportManager] Browser Action [CloseCurrentWindow] successfully performed. @28-09-2021 01:54:38.0155 AM
[ReportManager] Successfully created attachment [Browser Action Test Data - CloseCurrentWindow - Actual Value] @28-09-2021 01:54:38.0156 A
[ReportManager] File Action [GetAbsolutePath] successfully performed. With the following test data [Relative Folder Path: "target/downloadedFiles/"]. @28-09-2021 01:54:38.0160 AM
[ReportManager] Attempting to run locally on: [Mac-64], [Safari], Headless Execution. @28-09-2021 01:54:38.0161 AM
[ReportManager] Successfully Opened Safari. @28-09-2021 01:54:39.0027 AM
[ReportManager] Initial window size: (800, 600) @28-09-2021 01:54:39.0185 AM
[ReportManager] Window size after SWD Maximize: (1176, 811) @28-09-2021 01:54:39.0224 AM
[ReportManager] Browser Action [MaximizeWindow] successfully performed. With the following test data [New screen size is now: (1176, 811)]. @28-09-2021 01:54:39.0224 AM
[ReportManager] Target URL: [https://www.google.com/ncr], and after redirection: [www.google.com] @28-09-2021 01:54:39.0225 AM
[ReportManager] Initial URL: [] @28-09-2021 01:54:39.0259 AM
[ReportManager] Browser Action [NavigateToURL] successfully performed. With the following test data [https://www.google.com/ncr]. @28-09-2021 01:54:40.0520 A

################################################################################################################################################
Starting Execution:	[43 out of 144] test cases in the current suite
Test Method:		[unitTests.tests_validations_assertions.assertElementAttribute_true_regexComparison_expectedToFail]
################################################################################################################################################
[ReportManager] Element Action [Type] successfully performed. With the following test data [Automation123]. @28-09-2021 01:54:41.0128 AM
[ReportManager] Element Action [GetText] successfully performed. With the following test data [Automation123]. @28-09-2021 01:54:41.0189 AM
[ReportManager] Loaded Shared OpenCV @28-09-2021 01:54:41.0266 AM
[ReportManager] Assertion [ValidateElementAttribute] FAILED. Expected [Value Should be 'Automation' for the 'text' attribute, element locator 'By.name: q'] and Actual [Automation123]. Comparison Type [MATCHES]. Validation Type [POSITIVE]. @28-09-2021 01:54:41.0410 AM
[ReportManager] Successfully created attachment [Screenshot - 1632794081266_assertElementAttribute_true_regexComparison_expectedToFail_ValidateElementAttribute_failed] @28-09-2021 01:54:41.0411 A
[ReportManager] Browser Action [CloseCurrentWindow] successfully performed. @28-09-2021 01:54:41.0465 AM
[ReportManager] Successfully created attachment [Browser Action Test Data - CloseCurrentWindow - Actual Value] @28-09-2021 01:54:41.0466 A
[ReportManager] File Action [GetAbsolutePath] successfully performed. With the following test data [Relative Folder Path: "target/downloadedFiles/"]. @28-09-2021 01:54:41.0481 AM
[ReportManager] Attempting to run locally on: [Mac-64], [Safari], Headless Execution. @28-09-2021 01:54:41.0481 AM
[ReportManager] Successfully Opened Safari. @28-09-2021 01:54:42.0317 AM
[ReportManager] Initial window size: (800, 600) @28-09-2021 01:54:42.0337 AM
[ReportManager] Window size after SWD Maximize: (1176, 811) @28-09-2021 01:54:42.0351 AM
[ReportManager] Browser Action [MaximizeWindow] successfully performed. With the following test data [New screen size is now: (1176, 811)]. @28-09-2021 01:54:42.0354 AM
[ReportManager] Target URL: [https://www.google.com/ncr], and after redirection: [www.google.com] @28-09-2021 01:54:42.0354 AM
[ReportManager] Initial URL: [] @28-09-2021 01:54:42.0427 AM
[ReportManager] Browser Action [NavigateToURL] successfully performed. With the following test data [https://www.google.com/ncr]. @28-09-2021 01:54:43.0437 A

################################################################################################################################################
Starting Execution:	[44 out of 144] test cases in the current suite
Test Method:		[unitTests.tests_validations_assertions.assertElementAttribute_true_regexComparison_expectedToPass]
################################################################################################################################################
[ReportManager] Element Action [Type] successfully performed. With the following test data [Automation123]. @28-09-2021 01:54:44.0107 AM
[ReportManager] Element Action [GetText] successfully performed. With the following test data [Automation123]. @28-09-2021 01:54:44.0186 AM
[ReportManager] Loaded Shared OpenCV @28-09-2021 01:54:44.0249 AM
[ReportManager] Assertion [ValidateElementAttribute] PASSED. Expected [Value Should be 'Automation.*' for the 'text' attribute, element locator 'By.name: q'] and Actual [Automation123]. Comparison Type [MATCHES]. Validation Type [POSITIVE]. @28-09-2021 01:54:44.0344 AM
[ReportManager] Successfully created attachment [Screenshot - 1632794084249_assertElementAttribute_true_regexComparison_expectedToPass_ValidateElementAttribute_passed] @28-09-2021 01:54:44.0345 A
[ReportManager] Browser Action [CloseCurrentWindow] successfully performed. @28-09-2021 01:54:44.0581 AM
[ReportManager] Successfully created attachment [Browser Action Test Data - CloseCurrentWindow - Actual Value] @28-09-2021 01:54:44.0582 A
[ReportManager] File Action [GetAbsolutePath] successfully performed. With the following test data [Relative Folder Path: "target/downloadedFiles/"]. @28-09-2021 01:54:44.0585 AM
[ReportManager] Attempting to run locally on: [Mac-64], [Safari], Headless Execution. @28-09-2021 01:54:44.0585 AM
[ReportManager] Successfully Opened Safari. @28-09-2021 01:54:45.0434 AM
[ReportManager] Initial window size: (800, 600) @28-09-2021 01:54:45.0468 AM
[ReportManager] Window size after SWD Maximize: (1176, 811) @28-09-2021 01:54:45.0496 AM
[ReportManager] Browser Action [MaximizeWindow] successfully performed. With the following test data [New screen size is now: (1176, 811)]. @28-09-2021 01:54:45.0497 AM
[ReportManager] Target URL: [https://www.google.com/ncr], and after redirection: [www.google.com] @28-09-2021 01:54:45.0497 AM
[ReportManager] Initial URL: [] @28-09-2021 01:54:45.0540 AM
[ReportManager] Browser Action [NavigateToURL] successfully performed. With the following test data [https://www.google.com/ncr]. @28-09-2021 01:54:46.0494 A

################################################################################################################################################
Starting Execution:	[45 out of 144] test cases in the current suite
Test Method:		[unitTests.tests_validations_assertions.assertElementAttribute_type_true_literalComparison_expectedToPass]
################################################################################################################################################
[ReportManager] Element Action [Type] successfully performed. With the following test data [Automation!@#$%^&*()_+{}[]\';/.,]. @28-09-2021 01:54:47.0674 AM
[ReportManager] Element Action [GetText] successfully performed. With the following test data [Automation!@#$%^&*()_+{}[]\';/.,]. @28-09-2021 01:54:47.0728 AM
[ReportManager] Loaded Shared OpenCV @28-09-2021 01:54:47.0796 AM
[ReportManager] Assertion [ValidateElementAttribute] PASSED. Expected [Value Should be 'Automation!@#$%^&*()_+{}[]\';/.,' for the 'text' attribute, element locator 'By.name: q'] and Actual [Automation!@#$%^&*()_+{}[]\';/.,]. Comparison Type [EQUALS]. Validation Type [POSITIVE]. @28-09-2021 01:54:47.0902 AM
[ReportManager] Successfully created attachment [Screenshot - 1632794087795_assertElementAttribute_type_true_literalComparison_expectedToPass_ValidateElementAttribute_passed] @28-09-2021 01:54:47.0904 A
[ReportManager] Browser Action [CloseCurrentWindow] successfully performed. @28-09-2021 01:54:47.0962 AM
[ReportManager] Successfully created attachment [Browser Action Test Data - CloseCurrentWindow - Actual Value] @28-09-2021 01:54:47.0963 A
[ReportManager] File Action [GetAbsolutePath] successfully performed. With the following test data [Relative Folder Path: "target/downloadedFiles/"]. @28-09-2021 01:54:47.0967 AM
[ReportManager] Attempting to run locally on: [Mac-64], [Safari], Headless Execution. @28-09-2021 01:54:47.0970 AM
[ReportManager] Successfully Opened Safari. @28-09-2021 01:54:48.0796 AM
[ReportManager] Initial window size: (800, 600) @28-09-2021 01:54:48.0833 AM
[ReportManager] Window size after SWD Maximize: (1176, 811) @28-09-2021 01:54:48.0884 AM
[ReportManager] Browser Action [MaximizeWindow] successfully performed. With the following test data [New screen size is now: (1176, 811)]. @28-09-2021 01:54:48.0885 AM
[ReportManager] Target URL: [https://www.google.com/ncr], and after redirection: [www.google.com] @28-09-2021 01:54:48.0885 AM
[ReportManager] Initial URL: [] @28-09-2021 01:54:48.0943 AM
[ReportManager] Browser Action [NavigateToURL] successfully performed. With the following test data [https://www.google.com/ncr]. @28-09-2021 01:54:49.0865 A

################################################################################################################################################
Starting Execution:	[46 out of 144] test cases in the current suite
Test Method:		[unitTests.tests_validations_assertions.assertElementExists_false_expectedToFail]
################################################################################################################################################
[ReportManager] Loaded Shared OpenCV @28-09-2021 01:54:49.0990 AM
[ReportManager] Assertion [ValidateElementExists] FAILED. Expected [Element Should not Exist, locator 'By.id: hplogo'] and Actual [Element Exists]. Comparison Type [EQUALS]. Validation Type [NEGATIVE]. @28-09-2021 01:54:50.0083 AM
[ReportManager] Successfully created attachment [Screenshot - 1632794089990_assertElementExists_false_expectedToFail_ValidateElementExists_failed] @28-09-2021 01:54:50.0084 A
[ReportManager] Browser Action [CloseCurrentWindow] successfully performed. @28-09-2021 01:54:50.0316 AM
[ReportManager] Successfully created attachment [Browser Action Test Data - CloseCurrentWindow - Actual Value] @28-09-2021 01:54:50.0317 A
[ReportManager] File Action [GetAbsolutePath] successfully performed. With the following test data [Relative Folder Path: "target/downloadedFiles/"]. @28-09-2021 01:54:50.0320 AM
[ReportManager] Attempting to run locally on: [Mac-64], [Safari], Headless Execution. @28-09-2021 01:54:50.0320 AM
[ReportManager] Successfully Opened Safari. @28-09-2021 01:54:51.0114 AM
[ReportManager] Initial window size: (800, 600) @28-09-2021 01:54:51.0167 AM
[ReportManager] Window size after SWD Maximize: (1176, 811) @28-09-2021 01:54:51.0295 AM
[ReportManager] Browser Action [MaximizeWindow] successfully performed. With the following test data [New screen size is now: (1176, 811)]. @28-09-2021 01:54:51.0296 AM
[ReportManager] Target URL: [https://www.google.com/ncr], and after redirection: [www.google.com] @28-09-2021 01:54:51.0296 AM
[ReportManager] Initial URL: [] @28-09-2021 01:54:51.0342 AM
[ReportManager] Browser Action [NavigateToURL] successfully performed. With the following test data [https://www.google.com/ncr]. @28-09-2021 01:54:52.0338 A

################################################################################################################################################
Starting Execution:	[47 out of 144] test cases in the current suite
Test Method:		[unitTests.tests_validations_assertions.assertElementExists_false_expectedToPass]
################################################################################################################################################
[ReportManager] Assertion [ValidateElementExists] PASSED. Expected [Element Should not Exist, locator 'By.id: fakeElement'] and Actual [Element Doesn't Exists]. Comparison Type [EQUALS]. Validation Type [NEGATIVE]. @28-09-2021 01:55:03.0252 AM
[ReportManager] Successfully created attachment [Screenshot - 1632794103171_assertElementExists_false_expectedToPass_ValidateElementExists_passed] @28-09-2021 01:55:03.0253 A
[ReportManager] Browser Action [CloseCurrentWindow] successfully performed. @28-09-2021 01:55:03.0377 AM
[ReportManager] Successfully created attachment [Browser Action Test Data - CloseCurrentWindow - Actual Value] @28-09-2021 01:55:03.0378 A
[ReportManager] File Action [GetAbsolutePath] successfully performed. With the following test data [Relative Folder Path: "target/downloadedFiles/"]. @28-09-2021 01:55:03.0380 AM
[ReportManager] Attempting to run locally on: [Mac-64], [Safari], Headless Execution. @28-09-2021 01:55:03.0381 AM
[ReportManager] Successfully Opened Safari. @28-09-2021 01:55:04.0183 AM
[ReportManager] Initial window size: (800, 600) @28-09-2021 01:55:04.0211 AM
[ReportManager] Window size after SWD Maximize: (1176, 811) @28-09-2021 01:55:04.0231 AM
[ReportManager] Browser Action [MaximizeWindow] successfully performed. With the following test data [New screen size is now: (1176, 811)]. @28-09-2021 01:55:04.0231 AM
[ReportManager] Target URL: [https://www.google.com/ncr], and after redirection: [www.google.com] @28-09-2021 01:55:04.0231 AM
[ReportManager] Initial URL: [] @28-09-2021 01:55:04.0355 AM
[ReportManager] Browser Action [NavigateToURL] successfully performed. With the following test data [https://www.google.com/ncr]. @28-09-2021 01:55:05.0819 A

################################################################################################################################################
Starting Execution:	[48 out of 144] test cases in the current suite
Test Method:		[unitTests.tests_validations_assertions.assertElementExists_false_multipleElementsFound_expectedToFail]
################################################################################################################################################
[ReportManager] Assertion [ValidateElementExists] FAILED. Expected [Element Should not Exist, locator 'By.xpath: //div'] and Actual [Element Exists but is not unique]. Comparison Type [EQUALS]. Validation Type [NEGATIVE]. @28-09-2021 01:55:05.0976 AM
[ReportManager] Successfully created attachment [Screenshot - 1632794105902_assertElementExists_false_multipleElementsFound_expectedToFail_ValidateElementExists_failed] @28-09-2021 01:55:05.0978 A
[ReportManager] Browser Action [CloseCurrentWindow] successfully performed. @28-09-2021 01:55:06.0117 AM
[ReportManager] Successfully created attachment [Browser Action Test Data - CloseCurrentWindow - Actual Value] @28-09-2021 01:55:06.0121 A
[ReportManager] File Action [GetAbsolutePath] successfully performed. With the following test data [Relative Folder Path: "target/downloadedFiles/"]. @28-09-2021 01:55:06.0124 AM
[ReportManager] Attempting to run locally on: [Mac-64], [Safari], Headless Execution. @28-09-2021 01:55:06.0124 AM
[ReportManager] Successfully Opened Safari. @28-09-2021 01:55:06.0957 AM
[ReportManager] Initial window size: (800, 600) @28-09-2021 01:55:06.0980 AM
[ReportManager] Window size after SWD Maximize: (1176, 811) @28-09-2021 01:55:06.0992 AM
[ReportManager] Browser Action [MaximizeWindow] successfully performed. With the following test data [New screen size is now: (1176, 811)]. @28-09-2021 01:55:06.0993 AM
[ReportManager] Target URL: [https://www.google.com/ncr], and after redirection: [www.google.com] @28-09-2021 01:55:06.0993 AM
[ReportManager] Initial URL: [] @28-09-2021 01:55:07.0061 AM
[ReportManager] Browser Action [NavigateToURL] successfully performed. With the following test data [https://www.google.com/ncr]. @28-09-2021 01:55:08.0071 A

################################################################################################################################################
Starting Execution:	[49 out of 144] test cases in the current suite
Test Method:		[unitTests.tests_validations_assertions.assertElementExists_true_expectedToFail]
################################################################################################################################################
[ReportManager] Assertion [ValidateElementExists] FAILED. Expected [Element Should Exist, locator 'By.id: fakeElement'] and Actual [Element Doesn't Exists]. Comparison Type [EQUALS]. Validation Type [POSITIVE]. @28-09-2021 01:55:38.0775 AM
[ReportManager] Successfully created attachment [Screenshot - 1632794138699_assertElementExists_true_expectedToFail_ValidateElementExists_failed] @28-09-2021 01:55:38.0776 A
[ReportManager] Browser Action [CloseCurrentWindow] successfully performed. @28-09-2021 01:55:38.0943 AM
[ReportManager] Successfully created attachment [Browser Action Test Data - CloseCurrentWindow - Actual Value] @28-09-2021 01:55:38.0944 A
[ReportManager] File Action [GetAbsolutePath] successfully performed. With the following test data [Relative Folder Path: "target/downloadedFiles/"]. @28-09-2021 01:55:38.0947 AM
[ReportManager] Attempting to run locally on: [Mac-64], [Safari], Headless Execution. @28-09-2021 01:55:38.0947 AM
[ReportManager] Successfully Opened Safari. @28-09-2021 01:55:39.0755 AM
[ReportManager] Initial window size: (800, 600) @28-09-2021 01:55:39.0779 AM
[ReportManager] Window size after SWD Maximize: (1176, 811) @28-09-2021 01:55:39.0796 AM
[ReportManager] Browser Action [MaximizeWindow] successfully performed. With the following test data [New screen size is now: (1176, 811)]. @28-09-2021 01:55:39.0796 AM
[ReportManager] Target URL: [https://www.google.com/ncr], and after redirection: [www.google.com] @28-09-2021 01:55:39.0796 AM
[ReportManager] Initial URL: [] @28-09-2021 01:55:39.0843 AM
[ReportManager] Browser Action [NavigateToURL] successfully performed. With the following test data [https://www.google.com/ncr]. @28-09-2021 01:55:41.0087 A

################################################################################################################################################
Starting Execution:	[50 out of 144] test cases in the current suite
Test Method:		[unitTests.tests_validations_assertions.assertElementExists_true_expectedToPass]
################################################################################################################################################
[ReportManager] Loaded Shared OpenCV @28-09-2021 01:55:41.0299 AM
[ReportManager] Assertion [ValidateElementExists] PASSED. Expected [Element Should Exist, locator 'By.xpath: //*[@id='hplogo' or @alt='Google']'] and Actual [Element Exists]. Comparison Type [EQUALS]. Validation Type [POSITIVE]. @28-09-2021 01:55:41.0394 AM
[ReportManager] Successfully created attachment [Screenshot - 1632794141299_assertElementExists_true_expectedToPass_ValidateElementExists_passed] @28-09-2021 01:55:41.0395 A
[ReportManager] Browser Action [CloseCurrentWindow] successfully performed. @28-09-2021 01:55:41.0578 AM
[ReportManager] Successfully created attachment [Browser Action Test Data - CloseCurrentWindow - Actual Value] @28-09-2021 01:55:41.0579 A
[ReportManager] File Action [GetAbsolutePath] successfully performed. With the following test data [Relative Folder Path: "target/downloadedFiles/"]. @28-09-2021 01:55:41.0584 AM
[ReportManager] Attempting to run locally on: [Mac-64], [Safari], Headless Execution. @28-09-2021 01:55:41.0584 AM
[ReportManager] Successfully Opened Safari. @28-09-2021 01:55:42.0377 AM
[ReportManager] Initial window size: (800, 600) @28-09-2021 01:55:42.0411 AM
[ReportManager] Window size after SWD Maximize: (1176, 811) @28-09-2021 01:55:42.0436 AM
[ReportManager] Browser Action [MaximizeWindow] successfully performed. With the following test data [New screen size is now: (1176, 811)]. @28-09-2021 01:55:42.0436 AM
[ReportManager] Target URL: [https://www.google.com/ncr], and after redirection: [www.google.com] @28-09-2021 01:55:42.0436 AM
[ReportManager] Initial URL: [] @28-09-2021 01:55:42.0660 AM
[ReportManager] Browser Action [NavigateToURL] successfully performed. With the following test data [https://www.google.com/ncr]. @28-09-2021 01:55:44.0017 A

################################################################################################################################################
Starting Execution:	[51 out of 144] test cases in the current suite
Test Method:		[unitTests.tests_validations_assertions.assertElementExists_true_multipleElementsFound_expectedToFail]
################################################################################################################################################
[ReportManager] Assertion [ValidateElementExists] FAILED. Expected [Element Should Exist, locator 'By.xpath: //div'] and Actual [Element Exists but is not unique]. Comparison Type [EQUALS]. Validation Type [POSITIVE]. @28-09-2021 01:55:44.0178 AM
[ReportManager] Successfully created attachment [Screenshot - 1632794144104_assertElementExists_true_multipleElementsFound_expectedToFail_ValidateElementExists_failed] @28-09-2021 01:55:44.0178 A
[ReportManager] Browser Action [CloseCurrentWindow] successfully performed. @28-09-2021 01:55:44.0378 AM
[ReportManager] Successfully created attachment [Browser Action Test Data - CloseCurrentWindow - Actual Value] @28-09-2021 01:55:44.0383 A

################################################################################################################################################
Starting Execution:	[52 out of 144] test cases in the current suite
Test Method:		[unitTests.tests_validations_assertions.assertEquals_false_expectedToFail]
################################################################################################################################################
[ReportManager] Assertion [ValidateEquals] FAILED. Expected [1] and Actual [1]. Comparison Type [EQUALS]. Validation Type [NEGATIVE]. @28-09-2021 01:55:44.0387 A

################################################################################################################################################
Starting Execution:	[53 out of 144] test cases in the current suite
Test Method:		[unitTests.tests_validations_assertions.assertEquals_false_expectedToPass]
################################################################################################################################################
[ReportManager] Assertion [ValidateEquals] PASSED. Expected [1] and Actual [2]. Comparison Type [EQUALS]. Validation Type [NEGATIVE]. @28-09-2021 01:55:44.0390 A

################################################################################################################################################
Starting Execution:	[54 out of 144] test cases in the current suite
Test Method:		[unitTests.tests_validations_assertions.assertEquals_longCharacters]
################################################################################################################################################
[ReportManager] Verification [ValidateEquals] PASSED. Expected and Actual values are attached. Comparison Type [EQUALS]. Validation Type [POSITIVE]. @28-09-2021 01:55:44.0395 AM
[ReportManager] Successfully created attachment [Validation Test Data - Expected Value] @28-09-2021 01:55:44.0396 AM
[ReportManager] Successfully created attachment [Validation Test Data - Actual Value] @28-09-2021 01:55:44.0396 AM
[ReportManager] Assertion [ValidateEquals] PASSED. Expected and Actual values are attached. Comparison Type [EQUALS]. Validation Type [POSITIVE]. @28-09-2021 01:55:44.0396 AM
[ReportManager] Successfully created attachment [Validation Test Data - Expected Value] @28-09-2021 01:55:44.0397 AM
[ReportManager] Successfully created attachment [Validation Test Data - Actual Value] @28-09-2021 01:55:44.0397 A

################################################################################################################################################
Starting Execution:	[55 out of 144] test cases in the current suite
Test Method:		[unitTests.tests_validations_assertions.assertEquals_longCharacters_Discreet]
################################################################################################################################################
[ReportManager] Assertion [ValidateEquals] PASSED. Expected [1LH5pROcDBjjQk0t0mCr0lXuzQu9lcGj28kY8R1H81X67eVAQJgWQhILiRWVPUgZ6uCtK5cnBkF55Jr9vYngjGO1Iyf0Mktv6lruDlL9T8MAUPcUZJGHZtji6nIeadujDSNmWMj5d6C8zlFqw0CRqBU0hO5adIasHgBSNoLotAjce3NGXoDwAlp3rYreeV16VIyZXROQY] and Actual [1LH5pROcDBjjQk0t0mCr0lXuzQu9lcGj28kY8R1H81X67eVAQJgWQhILiRWVPUgZ6uCtK5cnBkF55Jr9vYngjGO1Iyf0Mktv6lruDlL9T8MAUPcUZJGHZtji6nIeadujDSNmWMj5d6C8zlFqw0CRqBU0hO5adIasHgBSNoLotAjce3NGXoDwAlp3rYreeV16VIyZXROQY]. Comparison Type [EQUALS]. Validation Type [POSITIVE]. @28-09-2021 01:55:44.0400 A

################################################################################################################################################
Starting Execution:	[56 out of 144] test cases in the current suite
Test Method:		[unitTests.tests_validations_assertions.assertEquals_true_expectedToFail]
################################################################################################################################################
[ReportManager] Assertion [ValidateEquals] FAILED. Expected [1] and Actual [2]. Comparison Type [EQUALS]. Validation Type [POSITIVE]. @28-09-2021 01:55:44.0403 A

################################################################################################################################################
Starting Execution:	[57 out of 144] test cases in the current suite
Test Method:		[unitTests.tests_validations_assertions.assertEquals_true_expectedToPass]
Test Description:	[Assert that assertEquals works as expected when the two values are equal.]
################################################################################################################################################
[ReportManager] Verification [ValidateEquals] PASSED. Expected [1] and Actual [1]. Comparison Type [EQUALS]. Validation Type [POSITIVE]. @28-09-2021 01:55:44.0410 AM
[ReportManager] Assertion [ValidateEquals] PASSED. Expected [1] and Actual [1]. Comparison Type [EQUALS]. Validation Type [POSITIVE]. @28-09-2021 01:55:44.0410 A

################################################################################################################################################
Starting Execution:	[58 out of 144] test cases in the current suite
Test Method:		[unitTests.tests_validations_assertions.assertEquals_true_expectedToPass__]
################################################################################################################################################
[ReportManager] Assertion [ValidateEquals] PASSED. Expected [1] and Actual [1]. Comparison Type [EQUALS]. Validation Type [POSITIVE]. @28-09-2021 01:55:44.0414 A

################################################################################################################################################
Starting Execution:	[59 out of 144] test cases in the current suite
Test Method:		[unitTests.tests_validations_assertions.assertFileExists_false_expectedToFail]
################################################################################################################################################
[ReportManager] File Action [DoesFileExist] successfully performed. With the following test data [File Path: "src/main/java/com/shaft/gui/element/ElementActions.java"]. @28-09-2021 01:55:44.0416 AM
[ReportManager] Assertion [ValidateFileExists] FAILED. Expected [File 'src/main/java/com/shaft/gui/element/ElementActions.java' should not exist, after up to '1' retries] and Actual [File exists]. Validation Type [NEGATIVE]. @28-09-2021 01:55:44.0422 A

################################################################################################################################################
Starting Execution:	[60 out of 144] test cases in the current suite
Test Method:		[unitTests.tests_validations_assertions.assertFileExists_false_expectedToPass]
################################################################################################################################################
[ReportManager] File Action [DoesFileExist] successfully performed. With the following test data [File Path: "src/main/java/com/shaft/gui/element/ElementActions.java_fail"]. @28-09-2021 01:55:44.0927 AM
[ReportManager] Assertion [ValidateFileExists] PASSED. Expected [File 'src/main/java/com/shaft/gui/element/ElementActions.java_fail' should not exist, after up to '1' retries] and Actual [File does not exist]. Validation Type [NEGATIVE]. @28-09-2021 01:55:44.0927 A

################################################################################################################################################
Starting Execution:	[61 out of 144] test cases in the current suite
Test Method:		[unitTests.tests_validations_assertions.assertFileExists_true_expectedToFail]
################################################################################################################################################
[ReportManager] File Action [DoesFileExist] successfully performed. With the following test data [File Path: "src/main/java/com/shaft/gui/element/ElementActions.java_fail"]. @28-09-2021 01:55:45.0538 AM
[ReportManager] Assertion [ValidateFileExists] FAILED. Expected [File 'src/main/java/com/shaft/gui/element/ElementActions.java_fail' should exist, after up to '1' retries] and Actual [File does not exist]. Validation Type [POSITIVE]. @28-09-2021 01:55:45.0539 A

################################################################################################################################################
Starting Execution:	[62 out of 144] test cases in the current suite
Test Method:		[unitTests.tests_validations_assertions.assertFileExists_true_expectedToPass]
################################################################################################################################################
[ReportManager] File Action [DoesFileExist] successfully performed. With the following test data [File Path: "src/main/java/com/shaft/gui/element/ElementActions.java"]. @28-09-2021 01:55:45.0542 AM
[ReportManager] Assertion [ValidateFileExists] PASSED. Expected [File 'src/main/java/com/shaft/gui/element/ElementActions.java' should exist, after up to '1' retries] and Actual [File exists]. Validation Type [POSITIVE]. @28-09-2021 01:55:45.0542 A

################################################################################################################################################
Starting Execution:	[63 out of 144] test cases in the current suite
Test Method:		[unitTests.tests_validations_assertions.assertNull_false_expectedToFail]
################################################################################################################################################
[ReportManager] Assertion [ValidateNull] FAILED. Expected [NULL] and Actual [NULL]. Comparison Type [EQUALS]. Validation Type [NEGATIVE]. @28-09-2021 01:55:45.0546 A

################################################################################################################################################
Starting Execution:	[64 out of 144] test cases in the current suite
Test Method:		[unitTests.tests_validations_assertions.assertNull_false_expectedToPass]
################################################################################################################################################
[ReportManager] Assertion [ValidateNull] PASSED. Expected [NULL] and Actual [1]. Comparison Type [EQUALS]. Validation Type [NEGATIVE]. @28-09-2021 01:55:45.0549 A

################################################################################################################################################
Starting Execution:	[65 out of 144] test cases in the current suite
Test Method:		[unitTests.tests_validations_assertions.assertNull_true_expectedToFail]
################################################################################################################################################
[ReportManager] Assertion [ValidateNull] FAILED. Expected [NULL] and Actual [1]. Comparison Type [EQUALS]. Validation Type [POSITIVE]. @28-09-2021 01:55:45.0553 A

################################################################################################################################################
Starting Execution:	[66 out of 144] test cases in the current suite
Test Method:		[unitTests.tests_validations_assertions.assertNull_true_expectedToPass]
################################################################################################################################################
[ReportManager] Assertion [ValidateNull] PASSED. Expected [NULL] and Actual [NULL]. Comparison Type [EQUALS]. Validation Type [POSITIVE]. @28-09-2021 01:55:45.0556 A

################################################################################################################################################
Starting Execution:	[67 out of 144] test cases in the current suite
Test Method:		[unitTests.tests_restActions.getPostsAndAssertBodyForSpecificTitle]
################################################################################################################################################
[ReportManager] Response status code: [200], status line: [HTTP/1.1 200 OK] @28-09-2021 01:55:47.0642 AM
[ReportManager] Assertion Passed: Evaluating the actual response status code against the expected one... @28-09-2021 01:55:47.0642 AM
[ReportManager] Assertion [ValidateEquals] PASSED. Expected [200] and Actual [200]. Comparison Type [EQUALS]. Validation Type [POSITIVE]. @28-09-2021 01:55:47.0643 AM
[ReportManager] API Action [PerformRequest] successfully performed. With the following test data [Request Type: "GET" | Target Status Code: "200" | Service URL: "https://jsonplaceholder.typicode.com/posts" | Content Type: "*/*" | Response Time: "576ms"]. @28-09-2021 01:55:48.0865 AM
[ReportManager] Successfully created attachment [API Request - Specifications] @28-09-2021 01:55:48.0866 AM
[ReportManager] Successfully created attachment [API Response - JSON Body] @28-09-2021 01:55:49.0146 AM
[ReportManager] API Action [GetResponseJSONValueAsList] successfully performed. @28-09-2021 01:55:49.0181 AM
[ReportManager] API Action [GetResponseJSONValue] successfully performed. With the following test data [title]. @28-09-2021 01:55:49.0210 AM
[ReportManager] API Action [GetResponseJSONValue] successfully performed. With the following test data [title]. @28-09-2021 01:55:49.0228 AM
[ReportManager] API Action [GetResponseJSONValue] successfully performed. With the following test data [body]. @28-09-2021 01:55:49.0272 AM
[ReportManager] Assertion [ValidateEquals] PASSED. Expected [qui neque nisi nulla] and Actual [est rerum tempore vitae
sequi sint nihil reprehenderit dolor beatae ea dolores neque
fugiat blanditiis voluptate porro vel nihil molestiae ut reiciendis
qui aperiam non debitis possimus qui neque nisi nulla]. Comparison Type [CONTAINS]. Validation Type [POSITIVE]. @28-09-2021 01:55:49.0272 AM
[ReportManager] API Action [GetResponseJSONValue] successfully performed. With the following test data [title]. @28-09-2021 01:55:49.0289 AM
[ReportManager] API Action [GetResponseJSONValue] successfully performed. With the following test data [title]. @28-09-2021 01:55:49.0303 AM
[ReportManager] API Action [GetResponseJSONValue] successfully performed. With the following test data [title]. @28-09-2021 01:55:49.0319 AM
[ReportManager] API Action [GetResponseJSONValue] successfully performed. With the following test data [title]. @28-09-2021 01:55:49.0339 AM
[ReportManager] API Action [GetResponseJSONValue] successfully performed. With the following test data [title]. @28-09-2021 01:55:49.0352 AM
[ReportManager] API Action [GetResponseJSONValue] successfully performed. With the following test data [title]. @28-09-2021 01:55:49.0365 AM
[ReportManager] API Action [GetResponseJSONValue] successfully performed. With the following test data [title]. @28-09-2021 01:55:49.0379 AM
[ReportManager] API Action [GetResponseJSONValue] successfully performed. With the following test data [title]. @28-09-2021 01:55:49.0394 AM
[ReportManager] API Action [GetResponseJSONValue] successfully performed. With the following test data [title]. @28-09-2021 01:55:49.0410 AM
[ReportManager] API Action [GetResponseJSONValue] successfully performed. With the following test data [title]. @28-09-2021 01:55:49.0425 AM
[ReportManager] API Action [GetResponseJSONValue] successfully performed. With the following test data [title]. @28-09-2021 01:55:49.0441 AM
[ReportManager] API Action [GetResponseJSONValue] successfully performed. With the following test data [title]. @28-09-2021 01:55:49.0457 AM
[ReportManager] API Action [GetResponseJSONValue] successfully performed. With the following test data [title]. @28-09-2021 01:55:49.0470 AM
[ReportManager] API Action [GetResponseJSONValue] successfully performed. With the following test data [title]. @28-09-2021 01:55:49.0484 AM
[ReportManager] API Action [GetResponseJSONValue] successfully performed. With the following test data [title]. @28-09-2021 01:55:49.0499 AM
[ReportManager] API Action [GetResponseJSONValue] successfully performed. With the following test data [title]. @28-09-2021 01:55:49.0513 AM
[ReportManager] API Action [GetResponseJSONValue] successfully performed. With the following test data [title]. @28-09-2021 01:55:49.0527 AM
[ReportManager] API Action [GetResponseJSONValue] successfully performed. With the following test data [title]. @28-09-2021 01:55:49.0541 AM
[ReportManager] API Action [GetResponseJSONValue] successfully performed. With the following test data [title]. @28-09-2021 01:55:49.0556 AM
[ReportManager] API Action [GetResponseJSONValue] successfully performed. With the following test data [title]. @28-09-2021 01:55:49.0568 AM
[ReportManager] API Action [GetResponseJSONValue] successfully performed. With the following test data [title]. @28-09-2021 01:55:49.0583 AM
[ReportManager] API Action [GetResponseJSONValue] successfully performed. With the following test data [title]. @28-09-2021 01:55:49.0595 AM
[ReportManager] API Action [GetResponseJSONValue] successfully performed. With the following test data [title]. @28-09-2021 01:55:49.0608 AM
[ReportManager] API Action [GetResponseJSONValue] successfully performed. With the following test data [title]. @28-09-2021 01:55:49.0619 AM
[ReportManager] API Action [GetResponseJSONValue] successfully performed. With the following test data [title]. @28-09-2021 01:55:49.0630 AM
[ReportManager] API Action [GetResponseJSONValue] successfully performed. With the following test data [title]. @28-09-2021 01:55:49.0642 AM
[ReportManager] API Action [GetResponseJSONValue] successfully performed. With the following test data [title]. @28-09-2021 01:55:49.0654 AM
[ReportManager] API Action [GetResponseJSONValue] successfully performed. With the following test data [title]. @28-09-2021 01:55:49.0665 AM
[ReportManager] API Action [GetResponseJSONValue] successfully performed. With the following test data [title]. @28-09-2021 01:55:49.0677 AM
[ReportManager] API Action [GetResponseJSONValue] successfully performed. With the following test data [title]. @28-09-2021 01:55:49.0689 AM
[ReportManager] API Action [GetResponseJSONValue] successfully performed. With the following test data [title]. @28-09-2021 01:55:49.0701 AM
[ReportManager] API Action [GetResponseJSONValue] successfully performed. With the following test data [title]. @28-09-2021 01:55:49.0712 AM
[ReportManager] API Action [GetResponseJSONValue] successfully performed. With the following test data [title]. @28-09-2021 01:55:49.0724 AM
[ReportManager] API Action [GetResponseJSONValue] successfully performed. With the following test data [title]. @28-09-2021 01:55:49.0738 AM
[ReportManager] API Action [GetResponseJSONValue] successfully performed. With the following test data [title]. @28-09-2021 01:55:49.0751 AM
[ReportManager] API Action [GetResponseJSONValue] successfully performed. With the following test data [title]. @28-09-2021 01:55:49.0763 AM
[ReportManager] API Action [GetResponseJSONValue] successfully performed. With the following test data [title]. @28-09-2021 01:55:49.0775 AM
[ReportManager] API Action [GetResponseJSONValue] successfully performed. With the following test data [title]. @28-09-2021 01:55:49.0790 AM
[ReportManager] API Action [GetResponseJSONValue] successfully performed. With the following test data [title]. @28-09-2021 01:55:49.0816 AM
[ReportManager] API Action [GetResponseJSONValue] successfully performed. With the following test data [title]. @28-09-2021 01:55:49.0826 AM
[ReportManager] API Action [GetResponseJSONValue] successfully performed. With the following test data [title]. @28-09-2021 01:55:49.0838 AM
[ReportManager] API Action [GetResponseJSONValue] successfully performed. With the following test data [title]. @28-09-2021 01:55:49.0850 AM
[ReportManager] API Action [GetResponseJSONValue] successfully performed. With the following test data [title]. @28-09-2021 01:55:49.0861 AM
[ReportManager] API Action [GetResponseJSONValue] successfully performed. With the following test data [title]. @28-09-2021 01:55:49.0872 AM
[ReportManager] API Action [GetResponseJSONValue] successfully performed. With the following test data [title]. @28-09-2021 01:55:49.0883 AM
[ReportManager] API Action [GetResponseJSONValue] successfully performed. With the following test data [title]. @28-09-2021 01:55:49.0894 AM
[ReportManager] API Action [GetResponseJSONValue] successfully performed. With the following test data [title]. @28-09-2021 01:55:49.0905 AM
[ReportManager] API Action [GetResponseJSONValue] successfully performed. With the following test data [title]. @28-09-2021 01:55:49.0916 AM
[ReportManager] API Action [GetResponseJSONValue] successfully performed. With the following test data [title]. @28-09-2021 01:55:49.0936 AM
[ReportManager] API Action [GetResponseJSONValue] successfully performed. With the following test data [title]. @28-09-2021 01:55:49.0946 AM
[ReportManager] API Action [GetResponseJSONValue] successfully performed. With the following test data [title]. @28-09-2021 01:55:49.0956 AM
[ReportManager] API Action [GetResponseJSONValue] successfully performed. With the following test data [title]. @28-09-2021 01:55:49.0967 AM
[ReportManager] API Action [GetResponseJSONValue] successfully performed. With the following test data [title]. @28-09-2021 01:55:49.0986 AM
[ReportManager] API Action [GetResponseJSONValue] successfully performed. With the following test data [title]. @28-09-2021 01:55:50.0016 AM
[ReportManager] API Action [GetResponseJSONValue] successfully performed. With the following test data [title]. @28-09-2021 01:55:50.0070 AM
[ReportManager] API Action [GetResponseJSONValue] successfully performed. With the following test data [title]. @28-09-2021 01:55:50.0081 AM
[ReportManager] API Action [GetResponseJSONValue] successfully performed. With the following test data [title]. @28-09-2021 01:55:50.0091 AM
[ReportManager] API Action [GetResponseJSONValue] successfully performed. With the following test data [title]. @28-09-2021 01:55:50.0102 AM
[ReportManager] API Action [GetResponseJSONValue] successfully performed. With the following test data [title]. @28-09-2021 01:55:50.0113 AM
[ReportManager] API Action [GetResponseJSONValue] successfully performed. With the following test data [title]. @28-09-2021 01:55:50.0141 AM
[ReportManager] API Action [GetResponseJSONValue] successfully performed. With the following test data [title]. @28-09-2021 01:55:50.0152 AM
[ReportManager] API Action [GetResponseJSONValue] successfully performed. With the following test data [title]. @28-09-2021 01:55:50.0163 AM
[ReportManager] API Action [GetResponseJSONValue] successfully performed. With the following test data [title]. @28-09-2021 01:55:50.0174 AM
[ReportManager] API Action [GetResponseJSONValue] successfully performed. With the following test data [title]. @28-09-2021 01:55:50.0185 AM
[ReportManager] API Action [GetResponseJSONValue] successfully performed. With the following test data [title]. @28-09-2021 01:55:50.0199 AM
[ReportManager] API Action [GetResponseJSONValue] successfully performed. With the following test data [title]. @28-09-2021 01:55:50.0210 AM
[ReportManager] API Action [GetResponseJSONValue] successfully performed. With the following test data [title]. @28-09-2021 01:55:50.0223 AM
[ReportManager] API Action [GetResponseJSONValue] successfully performed. With the following test data [title]. @28-09-2021 01:55:50.0235 AM
[ReportManager] API Action [GetResponseJSONValue] successfully performed. With the following test data [title]. @28-09-2021 01:55:50.0246 AM
[ReportManager] API Action [GetResponseJSONValue] successfully performed. With the following test data [title]. @28-09-2021 01:55:50.0259 AM
[ReportManager] API Action [GetResponseJSONValue] successfully performed. With the following test data [title]. @28-09-2021 01:55:50.0270 AM
[ReportManager] API Action [GetResponseJSONValue] successfully performed. With the following test data [title]. @28-09-2021 01:55:50.0285 AM
[ReportManager] API Action [GetResponseJSONValue] successfully performed. With the following test data [title]. @28-09-2021 01:55:50.0298 AM
[ReportManager] API Action [GetResponseJSONValue] successfully performed. With the following test data [title]. @28-09-2021 01:55:50.0310 AM
[ReportManager] API Action [GetResponseJSONValue] successfully performed. With the following test data [title]. @28-09-2021 01:55:50.0322 AM
[ReportManager] API Action [GetResponseJSONValue] successfully performed. With the following test data [title]. @28-09-2021 01:55:50.0334 AM
[ReportManager] API Action [GetResponseJSONValue] successfully performed. With the following test data [title]. @28-09-2021 01:55:50.0348 AM
[ReportManager] API Action [GetResponseJSONValue] successfully performed. With the following test data [title]. @28-09-2021 01:55:50.0360 AM
[ReportManager] API Action [GetResponseJSONValue] successfully performed. With the following test data [title]. @28-09-2021 01:55:50.0373 AM
[ReportManager] API Action [GetResponseJSONValue] successfully performed. With the following test data [title]. @28-09-2021 01:55:50.0387 AM
[ReportManager] API Action [GetResponseJSONValue] successfully performed. With the following test data [title]. @28-09-2021 01:55:50.0398 AM
[ReportManager] API Action [GetResponseJSONValue] successfully performed. With the following test data [title]. @28-09-2021 01:55:50.0410 AM
[ReportManager] API Action [GetResponseJSONValue] successfully performed. With the following test data [title]. @28-09-2021 01:55:50.0423 AM
[ReportManager] API Action [GetResponseJSONValue] successfully performed. With the following test data [title]. @28-09-2021 01:55:50.0434 AM
[ReportManager] API Action [GetResponseJSONValue] successfully performed. With the following test data [title]. @28-09-2021 01:55:50.0447 AM
[ReportManager] API Action [GetResponseJSONValue] successfully performed. With the following test data [title]. @28-09-2021 01:55:50.0458 AM
[ReportManager] API Action [GetResponseJSONValue] successfully performed. With the following test data [title]. @28-09-2021 01:55:50.0469 AM
[ReportManager] API Action [GetResponseJSONValue] successfully performed. With the following test data [title]. @28-09-2021 01:55:50.0480 AM
[ReportManager] API Action [GetResponseJSONValue] successfully performed. With the following test data [title]. @28-09-2021 01:55:50.0491 AM
[ReportManager] API Action [GetResponseJSONValue] successfully performed. With the following test data [title]. @28-09-2021 01:55:50.0502 AM
[ReportManager] API Action [GetResponseJSONValue] successfully performed. With the following test data [title]. @28-09-2021 01:55:50.0515 AM
[ReportManager] API Action [GetResponseJSONValue] successfully performed. With the following test data [title]. @28-09-2021 01:55:50.0528 AM
[ReportManager] API Action [GetResponseJSONValue] successfully performed. With the following test data [title]. @28-09-2021 01:55:50.0540 AM
[ReportManager] API Action [GetResponseJSONValue] successfully performed. With the following test data [title]. @28-09-2021 01:55:50.0560 AM
[ReportManager] API Action [GetResponseJSONValue] successfully performed. With the following test data [title]. @28-09-2021 01:55:50.0589 AM
[ReportManager] API Action [GetResponseJSONValue] successfully performed. With the following test data [title]. @28-09-2021 01:55:50.0611 AM
[ReportManager] API Action [GetResponseJSONValue] successfully performed. With the following test data [title]. @28-09-2021 01:55:50.0622 AM
[ReportManager] API Action [GetResponseJSONValue] successfully performed. With the following test data [title]. @28-09-2021 01:55:50.0636 A

################################################################################################################################################
Starting Execution:	[68 out of 144] test cases in the current suite
Test Method:		[unitTests.tests_restActions.validateUserEmail]
################################################################################################################################################
[ReportManager] Response status code: [200], status line: [HTTP/1.1 200 OK] @28-09-2021 01:55:50.0682 AM
[ReportManager] Assertion Passed: Evaluating the actual response status code against the expected one... @28-09-2021 01:55:50.0682 AM
[ReportManager] Assertion [ValidateEquals] PASSED. Expected [200] and Actual [200]. Comparison Type [EQUALS]. Validation Type [POSITIVE]. @28-09-2021 01:55:50.0683 AM
[ReportManager] API Action [PerformRequest] successfully performed. With the following test data [Request Type: "GET" | Target Status Code: "200" | Service URL: "https://jsonplaceholder.typicode.com/users" | Content Type: "*/*" | Response Time: "35ms"]. @28-09-2021 01:55:50.0703 AM
[ReportManager] Successfully created attachment [API Request - Specifications] @28-09-2021 01:55:50.0703 AM
[ReportManager] Successfully created attachment [API Response - JSON Body] @28-09-2021 01:55:50.0704 AM
[ReportManager] Assertion [ValidateEquals] PASSED. Expected and Actual values are attached. Comparison Type [CONTAINS]. Validation Type [POSITIVE]. @28-09-2021 01:55:50.0704 AM
[ReportManager] Successfully created attachment [Validation Test Data - Expected Value] @28-09-2021 01:55:50.0705 AM
[ReportManager] Successfully created attachment [Validation Test Data - Actual Value] @28-09-2021 01:55:50.0705 AM
[ReportManager] API Action [GetResponseJSONValueAsList] successfully performed. With the following test data [$]. @28-09-2021 01:55:50.0712 AM
[ReportManager] API Action [GetResponseJSONValue] successfully performed. With the following test data [name]. @28-09-2021 01:55:50.0723 AM
[ReportManager] API Action [GetResponseJSONValue] successfully performed. With the following test data [email]. @28-09-2021 01:55:50.0733 AM
[ReportManager] Assertion [ValidateEquals] PASSED. Expected [Sincere@april.biz] and Actual [Sincere@april.biz]. Comparison Type [EQUALS]. Validation Type [POSITIVE]. @28-09-2021 01:55:50.0733 AM
[ReportManager] API Action [GetResponseJSONValue] successfully performed. With the following test data [name]. @28-09-2021 01:55:50.0743 AM
[ReportManager] API Action [GetResponseJSONValue] successfully performed. With the following test data [name]. @28-09-2021 01:55:50.0753 AM
[ReportManager] API Action [GetResponseJSONValue] successfully performed. With the following test data [name]. @28-09-2021 01:55:50.0763 AM
[ReportManager] API Action [GetResponseJSONValue] successfully performed. With the following test data [name]. @28-09-2021 01:55:50.0773 AM
[ReportManager] API Action [GetResponseJSONValue] successfully performed. With the following test data [name]. @28-09-2021 01:55:50.0784 AM
[ReportManager] API Action [GetResponseJSONValue] successfully performed. With the following test data [name]. @28-09-2021 01:55:50.0794 AM
[ReportManager] API Action [GetResponseJSONValue] successfully performed. With the following test data [name]. @28-09-2021 01:55:50.0805 AM
[ReportManager] API Action [GetResponseJSONValue] successfully performed. With the following test data [name]. @28-09-2021 01:55:50.0815 AM
[ReportManager] API Action [GetResponseJSONValue] successfully performed. With the following test data [name]. @28-09-2021 01:55:50.0825 A
[ReportManager] File Action [GetAbsolutePath] successfully performed. With the following test data [Relative Folder Path: "target/downloadedFiles/"]. @28-09-2021 01:55:50.0829 AM
[ReportManager] Attempting to run locally on: [Mac-64], [Safari], Headless Execution. @28-09-2021 01:55:50.0829 AM
[ReportManager] Successfully Opened Safari. @28-09-2021 01:55:51.0631 AM
[ReportManager] Initial window size: (800, 600) @28-09-2021 01:55:51.0645 AM
[ReportManager] Window size after SWD Maximize: (1176, 811) @28-09-2021 01:55:51.0664 AM
[ReportManager] Browser Action [MaximizeWindow] successfully performed. With the following test data [New screen size is now: (1176, 811)]. @28-09-2021 01:55:51.0665 A

################################################################################################################################################
Starting Execution:	[69 out of 144] test cases in the current suite
Test Method:		[testPackage01.Test_uploadFile.uploadFile_invisibleUploadInput]
################################################################################################################################################
[ReportManager] Target URL: [https://fineuploader.com/demos.html#gallery-view] @28-09-2021 01:55:51.0709 AM
[ReportManager] Initial URL: [] @28-09-2021 01:55:51.0745 AM
[ReportManager] Browser Action [NavigateToURL] successfully performed. With the following test data [https://fineuploader.com/demos.html#gallery-view]. @28-09-2021 01:55:53.0187 AM
[ReportManager] File Action [GetAbsolutePath] successfully performed. With the following test data [Relative File Path: "src/main/resources/images/shaft.png"]. @28-09-2021 01:55:53.0188 AM
[ReportManager] Successfully created attachment [File Action Actual Result - Command Log] @28-09-2021 01:55:53.0188 A
[ReportManager] Browser Action [CloseCurrentWindow] successfully performed. @28-09-2021 01:55:53.0392 AM
[ReportManager] Successfully created attachment [Browser Action Test Data - CloseCurrentWindow - Actual Value] @28-09-2021 01:55:53.0400 A
[ReportManager] File Action [GetAbsolutePath] successfully performed. With the following test data [Relative Folder Path: "target/downloadedFiles/"]. @28-09-2021 01:55:53.0412 AM
[ReportManager] Attempting to run locally on: [Mac-64], [Safari], Headless Execution. @28-09-2021 01:55:53.0412 AM
[ReportManager] Successfully Opened Safari. @28-09-2021 01:55:54.0309 AM
[ReportManager] Initial window size: (800, 600) @28-09-2021 01:55:54.0336 AM
[ReportManager] Window size after SWD Maximize: (1176, 811) @28-09-2021 01:55:54.0370 AM
[ReportManager] Browser Action [MaximizeWindow] successfully performed. With the following test data [New screen size is now: (1176, 811)]. @28-09-2021 01:55:54.0371 A

################################################################################################################################################
Starting Execution:	[70 out of 144] test cases in the current suite
Test Method:		[testPackage01.Test_uploadFile.uploadFile_visibleUploadInput]
################################################################################################################################################
[ReportManager] Target URL: [http://demo.guru99.com/test/upload/] @28-09-2021 01:55:54.0374 AM
[ReportManager] Initial URL: [] @28-09-2021 01:55:54.0420 AM
[ReportManager] Browser Action [NavigateToURL] successfully performed. With the following test data [http://demo.guru99.com/test/upload/]. @28-09-2021 01:55:55.0692 AM
[ReportManager] File Action [GetAbsolutePath] successfully performed. With the following test data [Relative File Path: "src/main/resources/images/shaft.png"]. @28-09-2021 01:55:55.0693 AM
[ReportManager] Successfully created attachment [File Action Actual Result - Command Log] @28-09-2021 01:55:55.0693 AM
[ReportManager] Element Action [TypeFileLocationForUpload] successfully performed. With the following test data [/Users/runner/work/SHAFT_ENGINE/SHAFT_ENGINE/src/main/resources/images/shaft.png]. @28-09-2021 01:55:55.0817 AM
[ReportManager] Element Action [Click] successfully performed. With the following test data [on]. @28-09-2021 01:55:56.0134 AM
[ReportManager] Element Action [Click] successfully performed. With the following test data [ Submit File]. @28-09-2021 01:55:56.0833 AM
[ReportManager] Element Action [GetText] successfully performed. With the following test data [1 file has been successfully uploaded.]. @28-09-2021 01:55:57.0631 AM
[ReportManager] Loaded Shared OpenCV @28-09-2021 01:55:57.0719 AM
[ReportManager] Assertion [ValidateElementAttribute] PASSED. Expected [Value Should be '1 file' for the 'Text' attribute, element locator 'By.id: res'] and Actual [1 file has been successfully uploaded.]. Comparison Type [CONTAINS]. Validation Type [POSITIVE]. @28-09-2021 01:55:57.0862 AM
[ReportManager] Successfully created attachment [Screenshot - 1632794157719_uploadFile_visibleUploadInput_ValidateElementAttribute_passed] @28-09-2021 01:55:57.0863 A
[ReportManager] Browser Action [CloseCurrentWindow] successfully performed. @28-09-2021 01:55:57.0935 AM
[ReportManager] Successfully created attachment [Browser Action Test Data - CloseCurrentWindow - Actual Value] @28-09-2021 01:55:57.0936 A

################################################################################################################################################
Starting Execution:	[71 out of 144] test cases in the current suite
Test Method:		[testPackage01.Test_AssertApiResponseEquals.assertApiResponseEquals_expectedToPass]
################################################################################################################################################
[ReportManager] Response status code: [200], status line: [HTTP/1.1 200 OK] @28-09-2021 01:55:58.0055 AM
[ReportManager] Assertion Passed: Evaluating the actual response status code against the expected one... @28-09-2021 01:55:58.0055 AM
[ReportManager] Assertion [ValidateEquals] PASSED. Expected [200] and Actual [200]. Comparison Type [EQUALS]. Validation Type [POSITIVE]. @28-09-2021 01:55:58.0055 AM
[ReportManager] API Action [PerformRequest] successfully performed. With the following test data [Request Type: "GET" | Target Status Code: "200" | Service URL: "https://jsonplaceholder.typicode.com/users" | Content Type: "*/*" | Response Time: "69ms"]. @28-09-2021 01:55:58.0083 AM
[ReportManager] Successfully created attachment [API Request - Specifications] @28-09-2021 01:55:58.0084 AM
[ReportManager] Successfully created attachment [API Response - JSON Body] @28-09-2021 01:55:58.0085 AM
[ReportManager] API Action [GetResponseJSONValueAsList] successfully performed. With the following test data [$]. @28-09-2021 01:55:58.0091 AM
[ReportManager] API Action [GetResponseJSONValue] successfully performed. With the following test data [name]. @28-09-2021 01:55:58.0108 AM
[ReportManager] API Action [GetResponseJSONValue] successfully performed. With the following test data [email]. @28-09-2021 01:55:58.0119 AM
[ReportManager] Verification [ValidateEquals] PASSED. Expected [Sincere@april.biz] and Actual [Sincere@april.biz]. Comparison Type [EQUALS]. Validation Type [POSITIVE]. @28-09-2021 01:55:58.0120 AM
[ReportManager] API Action [GetResponseJSONValue] successfully performed. With the following test data [username]. @28-09-2021 01:55:58.0131 AM
[ReportManager] Assertion [ValidateEquals] PASSED. Expected [Bret] and Actual [Bret]. Comparison Type [EQUALS]. Validation Type [POSITIVE]. @28-09-2021 01:55:58.0131 AM
[ReportManager] API Action [GetResponseJSONValue] successfully performed. With the following test data [name]. @28-09-2021 01:55:58.0145 AM
[ReportManager] API Action [GetResponseJSONValue] successfully performed. With the following test data [name]. @28-09-2021 01:55:58.0157 AM
[ReportManager] API Action [GetResponseJSONValue] successfully performed. With the following test data [name]. @28-09-2021 01:55:58.0168 AM
[ReportManager] API Action [GetResponseJSONValue] successfully performed. With the following test data [name]. @28-09-2021 01:55:58.0179 AM
[ReportManager] API Action [GetResponseJSONValue] successfully performed. With the following test data [name]. @28-09-2021 01:55:58.0192 AM
[ReportManager] API Action [GetResponseJSONValue] successfully performed. With the following test data [name]. @28-09-2021 01:55:58.0208 AM
[ReportManager] API Action [GetResponseJSONValue] successfully performed. With the following test data [name]. @28-09-2021 01:55:58.0226 AM
[ReportManager] API Action [GetResponseJSONValue] successfully performed. With the following test data [name]. @28-09-2021 01:55:58.0238 AM
[ReportManager] API Action [GetResponseJSONValue] successfully performed. With the following test data [name]. @28-09-2021 01:55:58.0252 A

################################################################################################################################################
Starting Execution:	[72 out of 144] test cases in the current suite
Test Method:		[testPackage01.Test_testData.f]
################################################################################################################################################
[ReportManager] Successfully loaded the following test data file [src/test/resources/TestDataFiles/testSuite01/TestData.xlsx]. @28-09-2021 01:55:58.0308 AM
[ReportManager] Successfully created attachment [Test Data - Excel] @28-09-2021 01:55:58.0309 AM
[ReportManager] Last Column Number is: [3]. Zero-based. @28-09-2021 01:55:58.0310 A

################################################################################################################################################
Starting Execution:	[73 out of 144] test cases in the current suite
Test Method:		[testPackage01.Test_PDF.testPDF_Downloaded]
################################################################################################################################################
[ReportManager] File Action [DoesFileExist] successfully performed. With the following test data [File Path: "src/test/resources/TestDataFiles/sample.pdf"]. @28-09-2021 01:55:58.0319 AM
[ReportManager] File Action [GetAbsolutePath] successfully performed. With the following test data [Relative File Path: "src/test/resources/TestDataFiles/sample.pdf"]. @28-09-2021 01:55:58.0320 AM
[ReportManager] Assertion [ValidateTrue] PASSED. Expected [TRUE] and Actual [TRUE]. Validation Type [POSITIVE]. @28-09-2021 01:56:02.0168 A
[ReportManager] File Action [GetAbsolutePath] successfully performed. With the following test data [Relative Folder Path: "target/downloadedFiles/"]. @28-09-2021 01:56:02.0173 AM
[ReportManager] Attempting to run locally on: [Mac-64], [Safari], Headless Execution. @28-09-2021 01:56:02.0173 AM
[ReportManager] Successfully Opened Safari. @28-09-2021 01:56:02.0998 AM
[ReportManager] Initial window size: (800, 600) @28-09-2021 01:56:03.0009 AM
[ReportManager] Window size after SWD Maximize: (1176, 811) @28-09-2021 01:56:03.0029 AM
[ReportManager] Browser Action [MaximizeWindow] successfully performed. With the following test data [New screen size is now: (1176, 811)]. @28-09-2021 01:56:03.0029 A

################################################################################################################################################
Starting Execution:	[74 out of 144] test cases in the current suite
Test Method:		[testPackage01.Test_ShadowDOM.shadowdom]
################################################################################################################################################
[ReportManager] Target URL: [https://mdn.github.io/web-components-examples/popup-info-box-web-component/] @28-09-2021 01:56:03.0034 AM
[ReportManager] Initial URL: [] @28-09-2021 01:56:03.0086 AM
[ReportManager] Browser Action [NavigateToURL] successfully performed. With the following test data [https://mdn.github.io/web-components-examples/popup-info-box-web-component/]. @28-09-2021 01:56:03.0332 AM
[ReportManager] Element Action [Type] successfully performed. With the following test data [Typing into SHADOW DOM...]. @28-09-2021 01:56:04.0409 AM
[ReportManager] Element Action [GetText] successfully performed. With the following test data [Typing into SHADOW DOM...]. @28-09-2021 01:56:04.0458 AM
[ReportManager] Loaded Shared OpenCV @28-09-2021 01:56:04.0585 AM
[ReportManager] Assertion [ValidateElementAttribute] PASSED. Expected [Value Should be 'Typing into SHADOW DOM...' for the 'Text' attribute, element locator 'By.id: cvc'] and Actual [Typing into SHADOW DOM...]. Comparison Type [EQUALS]. Validation Type [POSITIVE]. @28-09-2021 01:56:04.0670 AM
[ReportManager] Successfully created attachment [Screenshot - 1632794164584_shadowdom_ValidateElementAttribute_passed] @28-09-2021 01:56:04.0671 A
[ReportManager] Browser Action [CloseCurrentWindow] successfully performed. @28-09-2021 01:56:04.0897 AM
[ReportManager] Successfully created attachment [Browser Action Test Data - CloseCurrentWindow - Actual Value] @28-09-2021 01:56:04.0898 A
[ReportManager] File Action [GetAbsolutePath] successfully performed. With the following test data [Relative Folder Path: "target/downloadedFiles/"]. @28-09-2021 01:56:04.0900 AM
[ReportManager] Attempting to run locally on: [Mac-64], [Safari], Headless Execution. @28-09-2021 01:56:04.0900 AM
[ReportManager] Successfully Opened Safari. @28-09-2021 01:56:05.0816 AM
[ReportManager] Initial window size: (800, 600) @28-09-2021 01:56:05.0837 AM
[ReportManager] Window size after SWD Maximize: (1176, 811) @28-09-2021 01:56:05.0863 AM
[ReportManager] Browser Action [MaximizeWindow] successfully performed. With the following test data [New screen size is now: (1176, 811)]. @28-09-2021 01:56:05.0864 A

################################################################################################################################################
Starting Execution:	[75 out of 144] test cases in the current suite
Test Method:		[testPackage01.Test_clipboardActions.typeTextAndCopyPaste]
################################################################################################################################################
[ReportManager] Target URL: [https://www.google.com/ncr], and after redirection: [https://www.google.com] @28-09-2021 01:56:05.0866 AM
[ReportManager] Initial URL: [] @28-09-2021 01:56:05.0936 AM
[ReportManager] Browser Action [NavigateToURL] successfully performed. With the following test data [https://www.google.com/ncr]. @28-09-2021 01:56:07.0242 AM
[ReportManager] Element Action [Type] successfully performed. With the following test data [FIRST]. @28-09-2021 01:56:07.0622 A
[ReportManager] Browser Action [CloseCurrentWindow] successfully performed. @28-09-2021 01:56:07.0727 AM
[ReportManager] Successfully created attachment [Browser Action Test Data - CloseCurrentWindow - Actual Value] @28-09-2021 01:56:07.0728 A

################################################################################################################################################
Starting Execution:	[76 out of 144] test cases in the current suite
Test Method:		[testPackage01.Test_NewValidationHelper.f1]
################################################################################################################################################
[ReportManager] Assertion Passed: Checking valid user data @28-09-2021 01:56:07.0748 AM
[ReportManager] Successfully created attachment [Validation Test Data - Expected Value] @28-09-2021 01:56:07.0748 AM
[ReportManager] Successfully created attachment [Validation Test Data - Actual Value] @28-09-2021 01:56:07.0749 AM
[ReportManager] Assertion [ValidateEquals] PASSED. Expected and Actual values are attached. Comparison Type [EQUALS]. Validation Type [POSITIVE]. @28-09-2021 01:56:07.0749 A
[ReportManager] File Action [GetAbsolutePath] successfully performed. With the following test data [Relative Folder Path: "target/downloadedFiles/"]. @28-09-2021 01:56:07.0752 AM
[ReportManager] Attempting to run locally on: [Mac-64], [Safari], Headless Execution. @28-09-2021 01:56:07.0752 AM
[ReportManager] Successfully Opened Safari. @28-09-2021 01:56:08.0579 AM
[ReportManager] Initial window size: (800, 600) @28-09-2021 01:56:08.0602 AM
[ReportManager] Window size after SWD Maximize: (1176, 811) @28-09-2021 01:56:08.0645 AM
[ReportManager] Browser Action [MaximizeWindow] successfully performed. With the following test data [New screen size is now: (1176, 811)]. @28-09-2021 01:56:08.0645 AM
[ReportManager] Target URL: [https://the-internet.herokuapp.com/] @28-09-2021 01:56:08.0645 AM
[ReportManager] Initial URL: [] @28-09-2021 01:56:08.0689 AM
[ReportManager] Browser Action [NavigateToURL] successfully performed. With the following test data [https://the-internet.herokuapp.com/]. @28-09-2021 01:56:09.0179 A

################################################################################################################################################
Starting Execution:	[77 out of 144] test cases in the current suite
Test Method:		[testPackage01.Test_NewValidationHelper.f10]
################################################################################################################################################
[ReportManager] Assertion [ValidateElementExists] FAILED. Expected [Element Should Exist, locator 'By.tagName: div'] and Actual [Element Exists but is not unique]. Comparison Type [EQUALS]. Validation Type [POSITIVE]. @28-09-2021 01:56:09.0343 AM
[ReportManager] Successfully created attachment [Screenshot - 1632794169265_f10_ValidateElementExists_failed] @28-09-2021 01:56:09.0344 A
[ReportManager] Successfully Closed All Drivers. @28-09-2021 01:56:09.0576 A
[ReportManager] File Action [GetAbsolutePath] successfully performed. With the following test data [Relative Folder Path: "target/downloadedFiles/"]. @28-09-2021 01:56:09.0578 AM
[ReportManager] Attempting to run locally on: [Mac-64], [Safari], Headless Execution. @28-09-2021 01:56:09.0579 AM
[ReportManager] Successfully Opened Safari. @28-09-2021 01:56:10.0362 AM
[ReportManager] Initial window size: (800, 600) @28-09-2021 01:56:10.0391 AM
[ReportManager] Window size after SWD Maximize: (1176, 811) @28-09-2021 01:56:10.0417 AM
[ReportManager] Browser Action [MaximizeWindow] successfully performed. With the following test data [New screen size is now: (1176, 811)]. @28-09-2021 01:56:10.0417 AM
[ReportManager] Target URL: [https://the-internet.herokuapp.com/] @28-09-2021 01:56:10.0417 AM
[ReportManager] Initial URL: [] @28-09-2021 01:56:10.0471 AM
[ReportManager] Browser Action [NavigateToURL] successfully performed. With the following test data [https://the-internet.herokuapp.com/]. @28-09-2021 01:56:10.0935 A

################################################################################################################################################
Starting Execution:	[78 out of 144] test cases in the current suite
Test Method:		[testPackage01.Test_NewValidationHelper.f11]
################################################################################################################################################
[ReportManager] Assertion Passed: Checking that false tag doesn't exist @28-09-2021 01:56:21.0869 AM
[ReportManager] Successfully created attachment [Screenshot - 1632794181784_f11_ValidateElementExists_passed] @28-09-2021 01:56:21.0870 AM
[ReportManager] Assertion [ValidateElementExists] PASSED. Expected [Element Should not Exist, locator 'By.tagName: h3'] and Actual [Element Doesn't Exists]. Comparison Type [EQUALS]. Validation Type [NEGATIVE]. @28-09-2021 01:56:21.0870 A
[ReportManager] Successfully Closed All Drivers. @28-09-2021 01:56:22.0234 A
[ReportManager] File Action [GetAbsolutePath] successfully performed. With the following test data [Relative Folder Path: "target/downloadedFiles/"]. @28-09-2021 01:56:22.0236 AM
[ReportManager] Attempting to run locally on: [Mac-64], [Safari], Headless Execution. @28-09-2021 01:56:22.0236 AM
[ReportManager] Successfully Opened Safari. @28-09-2021 01:56:23.0054 AM
[ReportManager] Initial window size: (800, 600) @28-09-2021 01:56:23.0080 AM
[ReportManager] Window size after SWD Maximize: (1176, 811) @28-09-2021 01:56:23.0098 AM
[ReportManager] Browser Action [MaximizeWindow] successfully performed. With the following test data [New screen size is now: (1176, 811)]. @28-09-2021 01:56:23.0098 AM
[ReportManager] Target URL: [https://the-internet.herokuapp.com/] @28-09-2021 01:56:23.0098 AM
[ReportManager] Initial URL: [] @28-09-2021 01:56:23.0146 AM
[ReportManager] Browser Action [NavigateToURL] successfully performed. With the following test data [https://the-internet.herokuapp.com/]. @28-09-2021 01:56:23.0690 A

################################################################################################################################################
Starting Execution:	[79 out of 144] test cases in the current suite
Test Method:		[testPackage01.Test_NewValidationHelper.f12]
################################################################################################################################################
[ReportManager] Loaded Shared OpenCV @28-09-2021 01:56:23.0792 AM
[ReportManager] Assertion [ValidateElementExists] FAILED. Expected [Element Should not Exist, locator 'By.tagName: h1'] and Actual [Element Exists]. Comparison Type [EQUALS]. Validation Type [NEGATIVE]. @28-09-2021 01:56:23.0889 AM
[ReportManager] Successfully created attachment [Screenshot - 1632794183792_f12_ValidateElementExists_failed] @28-09-2021 01:56:23.0891 A
[ReportManager] Successfully Closed All Drivers. @28-09-2021 01:56:24.0119 A
[ReportManager] File Action [GetAbsolutePath] successfully performed. With the following test data [Relative Folder Path: "target/downloadedFiles/"]. @28-09-2021 01:56:24.0121 AM
[ReportManager] Attempting to run locally on: [Mac-64], [Safari], Headless Execution. @28-09-2021 01:56:24.0122 AM
[ReportManager] Successfully Opened Safari. @28-09-2021 01:56:24.0967 AM
[ReportManager] Initial window size: (800, 600) @28-09-2021 01:56:24.0984 AM
[ReportManager] Window size after SWD Maximize: (1176, 811) @28-09-2021 01:56:25.0005 AM
[ReportManager] Browser Action [MaximizeWindow] successfully performed. With the following test data [New screen size is now: (1176, 811)]. @28-09-2021 01:56:25.0005 AM
[ReportManager] Target URL: [https://the-internet.herokuapp.com/] @28-09-2021 01:56:25.0005 AM
[ReportManager] Initial URL: [] @28-09-2021 01:56:25.0062 AM
[ReportManager] Browser Action [NavigateToURL] successfully performed. With the following test data [https://the-internet.herokuapp.com/]. @28-09-2021 01:56:25.0535 A

################################################################################################################################################
Starting Execution:	[80 out of 144] test cases in the current suite
Test Method:		[testPackage01.Test_NewValidationHelper.f13]
################################################################################################################################################
[ReportManager] Assertion [ValidateElementExists] FAILED. Expected [Element Should not Exist, locator 'By.tagName: div'] and Actual [Element Exists but is not unique]. Comparison Type [EQUALS]. Validation Type [NEGATIVE]. @28-09-2021 01:56:25.0701 AM
[ReportManager] Successfully created attachment [Screenshot - 1632794185624_f13_ValidateElementExists_failed] @28-09-2021 01:56:25.0702 A
[ReportManager] Successfully Closed All Drivers. @28-09-2021 01:56:25.0924 A
[ReportManager] File Action [GetAbsolutePath] successfully performed. With the following test data [Relative Folder Path: "target/downloadedFiles/"]. @28-09-2021 01:56:25.0926 AM
[ReportManager] Attempting to run locally on: [Mac-64], [Safari], Headless Execution. @28-09-2021 01:56:25.0926 AM
[ReportManager] Successfully Opened Safari. @28-09-2021 01:56:26.0835 AM
[ReportManager] Initial window size: (800, 600) @28-09-2021 01:56:26.0862 AM
[ReportManager] Window size after SWD Maximize: (1176, 811) @28-09-2021 01:56:26.0881 AM
[ReportManager] Browser Action [MaximizeWindow] successfully performed. With the following test data [New screen size is now: (1176, 811)]. @28-09-2021 01:56:26.0882 AM
[ReportManager] Target URL: [https://the-internet.herokuapp.com/] @28-09-2021 01:56:26.0882 AM
[ReportManager] Initial URL: [] @28-09-2021 01:56:26.0932 AM
[ReportManager] Browser Action [NavigateToURL] successfully performed. With the following test data [https://the-internet.herokuapp.com/]. @28-09-2021 01:56:27.0499 A

################################################################################################################################################
Starting Execution:	[81 out of 144] test cases in the current suite
Test Method:		[testPackage01.Test_NewValidationHelper.f14]
################################################################################################################################################
[ReportManager] Element Action [GetText] successfully performed. With the following test data [Welcome to the-internet]. @28-09-2021 01:56:27.0542 AM
[ReportManager] Loaded Shared OpenCV @28-09-2021 01:56:27.0610 AM
[ReportManager] Assertion Passed: Asserting that the header text is correct @28-09-2021 01:56:27.0708 AM
[ReportManager] Successfully created attachment [Screenshot - 1632794187609_f14_ValidateElementAttribute_passed] @28-09-2021 01:56:27.0709 AM
[ReportManager] Assertion [ValidateElementAttribute] PASSED. Expected [Value Should be 'Welcome to the-internet' for the 'text' attribute, element locator 'By.tagName: h1'] and Actual [Welcome to the-internet]. Comparison Type [EQUALS]. Validation Type [POSITIVE]. @28-09-2021 01:56:27.0709 A
[ReportManager] Successfully Closed All Drivers. @28-09-2021 01:56:27.0802 A
[ReportManager] File Action [GetAbsolutePath] successfully performed. With the following test data [Relative Folder Path: "target/downloadedFiles/"]. @28-09-2021 01:56:27.0807 AM
[ReportManager] Attempting to run locally on: [Mac-64], [Safari], Headless Execution. @28-09-2021 01:56:27.0807 AM
[ReportManager] Successfully Opened Safari. @28-09-2021 01:56:28.0658 AM
[ReportManager] Initial window size: (800, 600) @28-09-2021 01:56:28.0670 AM
[ReportManager] Window size after SWD Maximize: (1176, 811) @28-09-2021 01:56:28.0684 AM
[ReportManager] Browser Action [MaximizeWindow] successfully performed. With the following test data [New screen size is now: (1176, 811)]. @28-09-2021 01:56:28.0684 AM
[ReportManager] Target URL: [https://the-internet.herokuapp.com/] @28-09-2021 01:56:28.0684 AM
[ReportManager] Initial URL: [] @28-09-2021 01:56:28.0756 AM
[ReportManager] Browser Action [NavigateToURL] successfully performed. With the following test data [https://the-internet.herokuapp.com/]. @28-09-2021 01:56:29.0276 A

################################################################################################################################################
Starting Execution:	[82 out of 144] test cases in the current suite
Test Method:		[testPackage01.Test_NewValidationHelper.f15]
################################################################################################################################################
[ReportManager] Element Action [GetText] successfully performed. With the following test data [Welcome to the-internet]. @28-09-2021 01:56:29.0316 AM
[ReportManager] Loaded Shared OpenCV @28-09-2021 01:56:29.0378 AM
[ReportManager] Assertion [ValidateElementAttribute] FAILED. Expected [Value Should not be 'Welcome' for the 'text' attribute, element locator 'By.tagName: h1'] and Actual [Welcome to the-internet]. Comparison Type [CONTAINS]. Validation Type [NEGATIVE]. @28-09-2021 01:56:29.0473 AM
[ReportManager] Successfully created attachment [Screenshot - 1632794189378_f15_ValidateElementAttribute_failed] @28-09-2021 01:56:29.0474 A
[ReportManager] Successfully Closed All Drivers. @28-09-2021 01:56:29.0615 A
[ReportManager] File Action [GetAbsolutePath] successfully performed. With the following test data [Relative Folder Path: "target/downloadedFiles/"]. @28-09-2021 01:56:29.0618 AM
[ReportManager] Attempting to run locally on: [Mac-64], [Safari], Headless Execution. @28-09-2021 01:56:29.0618 AM
[ReportManager] Successfully Opened Safari. @28-09-2021 01:56:30.0469 AM
[ReportManager] Initial window size: (800, 600) @28-09-2021 01:56:30.0482 AM
[ReportManager] Window size after SWD Maximize: (1176, 811) @28-09-2021 01:56:30.0504 AM
[ReportManager] Browser Action [MaximizeWindow] successfully performed. With the following test data [New screen size is now: (1176, 811)]. @28-09-2021 01:56:30.0504 AM
[ReportManager] Target URL: [https://the-internet.herokuapp.com/] @28-09-2021 01:56:30.0505 AM
[ReportManager] Initial URL: [] @28-09-2021 01:56:30.0573 AM
[ReportManager] Browser Action [NavigateToURL] successfully performed. With the following test data [https://the-internet.herokuapp.com/]. @28-09-2021 01:56:31.0159 A

################################################################################################################################################
Starting Execution:	[83 out of 144] test cases in the current suite
Test Method:		[testPackage01.Test_NewValidationHelper.f16]
################################################################################################################################################
[ReportManager] Element Action [IdentifyUniqueElement] failed. With the following test data [zero elements found matching this locator "By.tagName: h3".]. @28-09-2021 01:56:56.0748 AM
[ReportManager] Successfully created attachment [Screenshot - 1632794216666_f16_IdentifyUniqueElement_failed] @28-09-2021 01:56:56.0749 AM
[ReportManager] Assertion [ValidateElementAttribute] FAILED. Expected [Value Should not be 'Welcome' for the 'text' attribute, element locator 'By.tagName: h3'] and Actual [Failed to read the desired element attribute]. Comparison Type [CONTAINS]. Validation Type [NEGATIVE]. @28-09-2021 01:56:56.0750 A
[ReportManager] Successfully Closed All Drivers. @28-09-2021 01:56:56.0858 A
[ReportManager] File Action [GetAbsolutePath] successfully performed. With the following test data [Relative Folder Path: "target/downloadedFiles/"]. @28-09-2021 01:56:56.0860 AM
[ReportManager] Attempting to run locally on: [Mac-64], [Safari], Headless Execution. @28-09-2021 01:56:56.0860 AM
[ReportManager] Successfully Opened Safari. @28-09-2021 01:56:57.0784 AM
[ReportManager] Initial window size: (800, 600) @28-09-2021 01:56:57.0796 AM
[ReportManager] Window size after SWD Maximize: (1176, 811) @28-09-2021 01:56:57.0812 AM
[ReportManager] Browser Action [MaximizeWindow] successfully performed. With the following test data [New screen size is now: (1176, 811)]. @28-09-2021 01:56:57.0812 AM
[ReportManager] Target URL: [https://the-internet.herokuapp.com/] @28-09-2021 01:56:57.0812 AM
[ReportManager] Initial URL: [] @28-09-2021 01:56:57.0858 AM
[ReportManager] Browser Action [NavigateToURL] successfully performed. With the following test data [https://the-internet.herokuapp.com/]. @28-09-2021 01:56:58.0270 A

################################################################################################################################################
Starting Execution:	[84 out of 144] test cases in the current suite
Test Method:		[testPackage01.Test_NewValidationHelper.f17]
################################################################################################################################################
[ReportManager] Attempting to getAttribute [text2] from elementLocator [By.tagName: h1]. @28-09-2021 01:56:58.0402 AM
[ReportManager] Element Action [GetAttribute] successfully performed. @28-09-2021 01:56:58.0471 AM
[ReportManager] Loaded Shared OpenCV @28-09-2021 01:56:58.0545 AM
[ReportManager] Assertion [ValidateElementAttribute] PASSED. Expected [Value Should not be 'Welcome' for the 'text2' attribute, element locator 'By.tagName: h1'] and Actual [null]. Comparison Type [CONTAINS]. Validation Type [NEGATIVE]. @28-09-2021 01:56:58.0650 AM
[ReportManager] Successfully created attachment [Screenshot - 1632794218545_f17_ValidateElementAttribute_passed] @28-09-2021 01:56:58.0660 A
[ReportManager] Successfully Closed All Drivers. @28-09-2021 01:56:58.0719 A
[ReportManager] File Action [GetAbsolutePath] successfully performed. With the following test data [Relative Folder Path: "target/downloadedFiles/"]. @28-09-2021 01:56:58.0763 AM
[ReportManager] Attempting to run locally on: [Mac-64], [Safari], Headless Execution. @28-09-2021 01:56:58.0765 AM
[ReportManager] Successfully Opened Safari. @28-09-2021 01:56:59.0576 AM
[ReportManager] Initial window size: (800, 600) @28-09-2021 01:56:59.0593 AM
[ReportManager] Window size after SWD Maximize: (1176, 811) @28-09-2021 01:56:59.0610 AM
[ReportManager] Browser Action [MaximizeWindow] successfully performed. With the following test data [New screen size is now: (1176, 811)]. @28-09-2021 01:56:59.0611 AM
[ReportManager] Target URL: [https://the-internet.herokuapp.com/] @28-09-2021 01:56:59.0611 AM
[ReportManager] Initial URL: [] @28-09-2021 01:56:59.0661 AM
[ReportManager] Browser Action [NavigateToURL] successfully performed. With the following test data [https://the-internet.herokuapp.com/]. @28-09-2021 01:57:00.0334 A

################################################################################################################################################
Starting Execution:	[85 out of 144] test cases in the current suite
Test Method:		[testPackage01.Test_NewValidationHelper.f18]
################################################################################################################################################
[ReportManager] Element Action [GetText] successfully performed. With the following test data [Welcome to the-internet]. @28-09-2021 01:57:00.0380 AM
[ReportManager] Loaded Shared OpenCV @28-09-2021 01:57:00.0457 AM
[ReportManager] Assertion [ValidateElementAttribute] PASSED. Expected [Value Should not be 'no' for the 'text' attribute, element locator 'By.tagName: h1'] and Actual [Welcome to the-internet]. Comparison Type [CONTAINS]. Validation Type [NEGATIVE]. @28-09-2021 01:57:00.0556 AM
[ReportManager] Successfully created attachment [Screenshot - 1632794220456_f18_ValidateElementAttribute_passed] @28-09-2021 01:57:00.0558 A
[ReportManager] Successfully Closed All Drivers. @28-09-2021 01:57:00.0795 A
[ReportManager] File Action [GetAbsolutePath] successfully performed. With the following test data [Relative Folder Path: "target/downloadedFiles/"]. @28-09-2021 01:57:00.0798 AM
[ReportManager] Attempting to run locally on: [Mac-64], [Safari], Headless Execution. @28-09-2021 01:57:00.0798 AM
[ReportManager] Successfully Opened Safari. @28-09-2021 01:57:01.0615 AM
[ReportManager] Initial window size: (800, 600) @28-09-2021 01:57:01.0629 AM
[ReportManager] Window size after SWD Maximize: (1176, 811) @28-09-2021 01:57:01.0656 AM
[ReportManager] Browser Action [MaximizeWindow] successfully performed. With the following test data [New screen size is now: (1176, 811)]. @28-09-2021 01:57:01.0656 AM
[ReportManager] Target URL: [https://the-internet.herokuapp.com/] @28-09-2021 01:57:01.0656 AM
[ReportManager] Initial URL: [] @28-09-2021 01:57:01.0727 AM
[ReportManager] Browser Action [NavigateToURL] successfully performed. With the following test data [https://the-internet.herokuapp.com/]. @28-09-2021 01:57:02.0206 A

################################################################################################################################################
Starting Execution:	[86 out of 144] test cases in the current suite
Test Method:		[testPackage01.Test_NewValidationHelper.f19]
################################################################################################################################################
[ReportManager] Element Action [GetTagName] successfully performed. With the following test data [H1]. @28-09-2021 01:57:02.0245 AM
[ReportManager] Loaded Shared OpenCV @28-09-2021 01:57:02.0309 AM
[ReportManager] Assertion [ValidateElementAttribute] FAILED. Expected [Value Should be 'h' for the 'tagname' attribute, element locator 'By.tagName: h1'] and Actual [H1]. Comparison Type [CONTAINS]. Validation Type [POSITIVE]. @28-09-2021 01:57:02.0406 AM
[ReportManager] Successfully created attachment [Screenshot - 1632794222309_f19_ValidateElementAttribute_failed] @28-09-2021 01:57:02.0425 A
[ReportManager] Successfully Closed All Drivers. @28-09-2021 01:57:02.0533 A

################################################################################################################################################
Starting Execution:	[87 out of 144] test cases in the current suite
Test Method:		[testPackage01.Test_NewValidationHelper.f2]
################################################################################################################################################
[ReportManager] Assertion Failed: Checking valid user data @28-09-2021 01:57:02.0536 AM
[ReportManager] Assertion [ValidateEquals] FAILED. Expected [1] and Actual [2]. Comparison Type [EQUALS]. Validation Type [POSITIVE]. @28-09-2021 01:57:02.0537 A
[ReportManager] File Action [GetAbsolutePath] successfully performed. With the following test data [Relative Folder Path: "target/downloadedFiles/"]. @28-09-2021 01:57:02.0539 AM
[ReportManager] Attempting to run locally on: [Mac-64], [Safari], Headless Execution. @28-09-2021 01:57:02.0539 AM
[ReportManager] Successfully Opened Safari. @28-09-2021 01:57:03.0244 AM
[ReportManager] Initial window size: (800, 600) @28-09-2021 01:57:03.0262 AM
[ReportManager] Window size after SWD Maximize: (1176, 811) @28-09-2021 01:57:03.0279 AM
[ReportManager] Browser Action [MaximizeWindow] successfully performed. With the following test data [New screen size is now: (1176, 811)]. @28-09-2021 01:57:03.0280 AM
[ReportManager] Target URL: [https://the-internet.herokuapp.com/] @28-09-2021 01:57:03.0280 AM
[ReportManager] Initial URL: [] @28-09-2021 01:57:03.0326 AM
[ReportManager] Browser Action [NavigateToURL] successfully performed. With the following test data [https://the-internet.herokuapp.com/]. @28-09-2021 01:57:03.0762 A

################################################################################################################################################
Starting Execution:	[88 out of 144] test cases in the current suite
Test Method:		[testPackage01.Test_NewValidationHelper.f20]
################################################################################################################################################
[ReportManager] Element Action [GetSize] successfully performed. With the following test data [(971, 62)]. @28-09-2021 01:57:03.0816 AM
[ReportManager] Loaded Shared OpenCV @28-09-2021 01:57:03.0882 AM
[ReportManager] Assertion [ValidateElementAttribute] PASSED. Expected [Value Should not be 'a' for the 'size' attribute, element locator 'By.tagName: h1'] and Actual [(971, 62)]. Comparison Type [CONTAINS]. Validation Type [NEGATIVE]. @28-09-2021 01:57:03.0975 AM
[ReportManager] Successfully created attachment [Screenshot - 1632794223882_f20_ValidateElementAttribute_passed] @28-09-2021 01:57:03.0977 A
[ReportManager] Successfully Closed All Drivers. @28-09-2021 01:57:04.0085 A
[ReportManager] File Action [GetAbsolutePath] successfully performed. With the following test data [Relative Folder Path: "target/downloadedFiles/"]. @28-09-2021 01:57:04.0088 AM
[ReportManager] Attempting to run locally on: [Mac-64], [Safari], Headless Execution. @28-09-2021 01:57:04.0088 AM
[ReportManager] Successfully Opened Safari. @28-09-2021 01:57:04.0862 AM
[ReportManager] Initial window size: (800, 600) @28-09-2021 01:57:04.0883 AM
[ReportManager] Window size after SWD Maximize: (1176, 811) @28-09-2021 01:57:04.0919 AM
[ReportManager] Browser Action [MaximizeWindow] successfully performed. With the following test data [New screen size is now: (1176, 811)]. @28-09-2021 01:57:04.0919 AM
[ReportManager] Target URL: [https://the-internet.herokuapp.com/] @28-09-2021 01:57:04.0919 AM
[ReportManager] Initial URL: [] @28-09-2021 01:57:05.0000 AM
[ReportManager] Browser Action [NavigateToURL] successfully performed. With the following test data [https://the-internet.herokuapp.com/]. @28-09-2021 01:57:05.0342 A

################################################################################################################################################
Starting Execution:	[89 out of 144] test cases in the current suite
Test Method:		[testPackage01.Test_NewValidationHelper.f21]
################################################################################################################################################
[ReportManager] Element Action [IdentifyUniqueElement] failed. With the following test data [zero elements found matching this locator "By.tagName: h3".]. @28-09-2021 01:57:30.0802 AM
[ReportManager] Successfully created attachment [Screenshot - 1632794250720_f21_IdentifyUniqueElement_failed] @28-09-2021 01:57:30.0803 AM
[ReportManager] Assertion [ValidateElementAttribute] FAILED. Expected [Value Should be 'Welcome' for the 'text' attribute, element locator 'By.tagName: h3'] and Actual [Failed to read the desired element attribute]. Comparison Type [CONTAINS]. Validation Type [POSITIVE]. @28-09-2021 01:57:30.0804 A
[ReportManager] Successfully Closed All Drivers. @28-09-2021 01:57:30.0911 A
[ReportManager] File Action [GetAbsolutePath] successfully performed. With the following test data [Relative Folder Path: "target/downloadedFiles/"]. @28-09-2021 01:57:30.0913 AM
[ReportManager] Attempting to run locally on: [Mac-64], [Safari], Headless Execution. @28-09-2021 01:57:30.0914 AM
[ReportManager] Successfully Opened Safari. @28-09-2021 01:57:31.0716 AM
[ReportManager] Initial window size: (800, 600) @28-09-2021 01:57:31.0744 AM
[ReportManager] Window size after SWD Maximize: (1176, 811) @28-09-2021 01:57:31.0764 AM
[ReportManager] Browser Action [MaximizeWindow] successfully performed. With the following test data [New screen size is now: (1176, 811)]. @28-09-2021 01:57:31.0764 AM
[ReportManager] Target URL: [https://the-internet.herokuapp.com/] @28-09-2021 01:57:31.0764 AM
[ReportManager] Initial URL: [] @28-09-2021 01:57:31.0832 AM
[ReportManager] Browser Action [NavigateToURL] successfully performed. With the following test data [https://the-internet.herokuapp.com/]. @28-09-2021 01:57:32.0510 A

################################################################################################################################################
Starting Execution:	[90 out of 144] test cases in the current suite
Test Method:		[testPackage01.Test_NewValidationHelper.f22]
################################################################################################################################################
[ReportManager] Element Action [GetText] successfully performed. With the following test data [Welcome to the-internet]. @28-09-2021 01:57:32.0561 AM
[ReportManager] Loaded Shared OpenCV @28-09-2021 01:57:32.0641 AM
[ReportManager] Assertion [ValidateElementAttribute] FAILED. Expected [Value Should be 'yyy' for the 'text' attribute, element locator 'By.tagName: h1'] and Actual [Welcome to the-internet]. Comparison Type [CONTAINS]. Validation Type [POSITIVE]. @28-09-2021 01:57:32.0776 AM
[ReportManager] Successfully created attachment [Screenshot - 1632794252641_f22_ValidateElementAttribute_failed] @28-09-2021 01:57:32.0779 A
[ReportManager] Successfully Closed All Drivers. @28-09-2021 01:57:32.0835 A

################################################################################################################################################
Starting Execution:	[91 out of 144] test cases in the current suite
Test Method:		[testPackage01.Test_NewValidationHelper.f23]
################################################################################################################################################
[ReportManager] Assertion Passed: confirming that the actual is greater than or equal to the expected @28-09-2021 01:57:32.0838 AM
[ReportManager] Assertion [ValidateComparativeRelation] PASSED. Expected [1] and Actual [1]. Comparison Type [GREATER_THAN_OR_EQUALS]. Validation Type [POSITIVE]. @28-09-2021 01:57:32.0839 A

################################################################################################################################################
Starting Execution:	[92 out of 144] test cases in the current suite
Test Method:		[testPackage01.Test_NewValidationHelper.f24]
################################################################################################################################################
[ReportManager] Assertion [ValidateComparativeRelation] PASSED. Expected [1] and Actual [10]. Comparison Type [GREATER_THAN_OR_EQUALS]. Validation Type [POSITIVE]. @28-09-2021 01:57:32.0842 A

################################################################################################################################################
Starting Execution:	[93 out of 144] test cases in the current suite
Test Method:		[testPackage01.Test_NewValidationHelper.f25]
################################################################################################################################################
[ReportManager] Assertion [ValidateComparativeRelation] PASSED. Expected [1] and Actual [1]. Comparison Type [EQUALS]. Validation Type [POSITIVE]. @28-09-2021 01:57:32.0846 A

################################################################################################################################################
Starting Execution:	[94 out of 144] test cases in the current suite
Test Method:		[testPackage01.Test_NewValidationHelper.f26]
################################################################################################################################################
[ReportManager] Assertion [ValidateComparativeRelation] PASSED. Expected [1] and Actual [5]. Comparison Type [GREATER_THAN]. Validation Type [POSITIVE]. @28-09-2021 01:57:32.0850 A

################################################################################################################################################
Starting Execution:	[95 out of 144] test cases in the current suite
Test Method:		[testPackage01.Test_NewValidationHelper.f27]
################################################################################################################################################
[ReportManager] Assertion [ValidateComparativeRelation] PASSED. Expected [11] and Actual [5]. Comparison Type [LESS_THAN]. Validation Type [POSITIVE]. @28-09-2021 01:57:32.0854 A

################################################################################################################################################
Starting Execution:	[96 out of 144] test cases in the current suite
Test Method:		[testPackage01.Test_NewValidationHelper.f28]
################################################################################################################################################
[ReportManager] Assertion [ValidateComparativeRelation] PASSED. Expected [11] and Actual [5]. Comparison Type [LESS_THAN_OR_EQUALS]. Validation Type [POSITIVE]. @28-09-2021 01:57:32.0859 A

################################################################################################################################################
Starting Execution:	[97 out of 144] test cases in the current suite
Test Method:		[testPackage01.Test_NewValidationHelper.f29]
################################################################################################################################################
[ReportManager] Assertion [ValidateComparativeRelation] PASSED. Expected [11] and Actual [11]. Comparison Type [LESS_THAN_OR_EQUALS]. Validation Type [POSITIVE]. @28-09-2021 01:57:32.0863 A

################################################################################################################################################
Starting Execution:	[98 out of 144] test cases in the current suite
Test Method:		[testPackage01.Test_NewValidationHelper.f3]
################################################################################################################################################
[ReportManager] Assertion [ValidateEquals] PASSED. Expected [1] and Actual [2]. Comparison Type [EQUALS]. Validation Type [NEGATIVE]. @28-09-2021 01:57:32.0868 A

################################################################################################################################################
Starting Execution:	[99 out of 144] test cases in the current suite
Test Method:		[testPackage01.Test_NewValidationHelper.f30]
################################################################################################################################################
[ReportManager] Assertion [ValidateComparativeRelation] FAILED. Expected [-9] and Actual [11]. Comparison Type [LESS_THAN_OR_EQUALS]. Validation Type [POSITIVE]. @28-09-2021 01:57:32.0872 A

################################################################################################################################################
Starting Execution:	[100 out of 144] test cases in the current suite
Test Method:		[testPackage01.Test_NewValidationHelper.f31]
################################################################################################################################################
[ReportManager] Assertion [ValidateTrue] PASSED. Expected [TRUE] and Actual [TRUE]. Validation Type [POSITIVE]. @28-09-2021 01:57:32.0877 A

################################################################################################################################################
Starting Execution:	[101 out of 144] test cases in the current suite
Test Method:		[testPackage01.Test_NewValidationHelper.f32]
################################################################################################################################################
[ReportManager] Assertion [ValidateTrue] PASSED. Expected [FALSE] and Actual [FALSE]. Validation Type [NEGATIVE]. @28-09-2021 01:57:32.0880 A

################################################################################################################################################
Starting Execution:	[102 out of 144] test cases in the current suite
Test Method:		[testPackage01.Test_NewValidationHelper.f33]
################################################################################################################################################
[ReportManager] Assertion [ValidateTrue] FAILED. Expected [FALSE] and Actual [TRUE]. Validation Type [NEGATIVE]. @28-09-2021 01:57:32.0884 A

################################################################################################################################################
Starting Execution:	[103 out of 144] test cases in the current suite
Test Method:		[testPackage01.Test_NewValidationHelper.f34]
################################################################################################################################################
[ReportManager] Assertion [ValidateTrue] FAILED. Expected [TRUE] and Actual [FALSE]. Validation Type [POSITIVE]. @28-09-2021 01:57:32.0889 A

################################################################################################################################################
Starting Execution:	[104 out of 144] test cases in the current suite
Test Method:		[testPackage01.Test_NewValidationHelper.f35]
################################################################################################################################################
[ReportManager] File Action [DoesFileExist] successfully performed. With the following test data [File Path: "pom.xml"]. @28-09-2021 01:57:32.0896 AM
[ReportManager] Assertion [ValidateFileExists] PASSED. Expected [File 'pom.xml' should exist, after up to '1' retries] and Actual [File exists]. Validation Type [POSITIVE]. @28-09-2021 01:57:32.0896 A

################################################################################################################################################
Starting Execution:	[105 out of 144] test cases in the current suite
Test Method:		[testPackage01.Test_NewValidationHelper.f36]
################################################################################################################################################
[ReportManager] File Action [DoesFileExist] successfully performed. With the following test data [File Path: "src/test/java/testPackage01/Test_NewValidationHelper.java"]. @28-09-2021 01:57:32.0902 AM
[ReportManager] Assertion [ValidateFileExists] PASSED. Expected [File 'src/test/java/testPackage01/Test_NewValidationHelper.java' should exist, after up to '1' retries] and Actual [File exists]. Validation Type [POSITIVE]. @28-09-2021 01:57:32.0902 A

################################################################################################################################################
Starting Execution:	[106 out of 144] test cases in the current suite
Test Method:		[testPackage01.Test_NewValidationHelper.f37]
################################################################################################################################################
[ReportManager] File Action [DoesFileExist] successfully performed. With the following test data [File Path: "pom.xml"]. @28-09-2021 01:57:32.0907 AM
[ReportManager] Assertion Failed: confirming that the file does't exist after 5 retries @28-09-2021 01:57:32.0907 AM
[ReportManager] Assertion [ValidateFileExists] FAILED. Expected [File 'pom.xml' should not exist, after up to '5' retries] and Actual [File exists]. Validation Type [NEGATIVE]. @28-09-2021 01:57:32.0907 A

################################################################################################################################################
Starting Execution:	[107 out of 144] test cases in the current suite
Test Method:		[testPackage01.Test_NewValidationHelper.f3_1]
################################################################################################################################################
[ReportManager] Assertion Passed: Checking valid user data @28-09-2021 01:57:32.0912 AM
[ReportManager] Assertion [ValidateEquals] PASSED. Expected [null] and Actual [null]. Comparison Type [EQUALS]. Validation Type [POSITIVE]. @28-09-2021 01:57:32.0912 A

################################################################################################################################################
Starting Execution:	[108 out of 144] test cases in the current suite
Test Method:		[testPackage01.Test_NewValidationHelper.f4]
################################################################################################################################################
[ReportManager] Assertion [ValidateEquals] PASSED. Expected [1] and Actual [123]. Comparison Type [CONTAINS]. Validation Type [POSITIVE]. @28-09-2021 01:57:32.0917 A

################################################################################################################################################
Starting Execution:	[109 out of 144] test cases in the current suite
Test Method:		[testPackage01.Test_NewValidationHelper.f5]
################################################################################################################################################
[ReportManager] Assertion [ValidateNull] PASSED. Expected [NULL] and Actual [1]. Comparison Type [EQUALS]. Validation Type [NEGATIVE]. @28-09-2021 01:57:32.0921 A

################################################################################################################################################
Starting Execution:	[110 out of 144] test cases in the current suite
Test Method:		[testPackage01.Test_NewValidationHelper.f6]
################################################################################################################################################
[ReportManager] Assertion Failed: Making sure that null string is not equal to null object @28-09-2021 01:57:32.0925 AM
[ReportManager] Assertion [ValidateNull] FAILED. Expected [NULL] and Actual [NULL]. Comparison Type [EQUALS]. Validation Type [POSITIVE]. @28-09-2021 01:57:32.0925 A

################################################################################################################################################
Starting Execution:	[111 out of 144] test cases in the current suite
Test Method:		[testPackage01.Test_NewValidationHelper.f6_1]
################################################################################################################################################
[ReportManager] Assertion [ValidateNull] FAILED. Expected [NULL] and Actual [NULL]. Comparison Type [EQUALS]. Validation Type [NEGATIVE]. @28-09-2021 01:57:32.0929 A

################################################################################################################################################
Starting Execution:	[112 out of 144] test cases in the current suite
Test Method:		[testPackage01.Test_NewValidationHelper.f6_2]
################################################################################################################################################
[ReportManager] Assertion Failed: Making sure that null string is not equal to null object @28-09-2021 01:57:32.0932 AM
[ReportManager] Assertion [ValidateNull] FAILED. Expected [NULL] and Actual [not null]. Comparison Type [EQUALS]. Validation Type [POSITIVE]. @28-09-2021 01:57:32.0932 A

################################################################################################################################################
Starting Execution:	[113 out of 144] test cases in the current suite
Test Method:		[testPackage01.Test_NewValidationHelper.f7]
################################################################################################################################################
[ReportManager] Assertion [ValidateNull] PASSED. Expected [NULL] and Actual [NULL]. Comparison Type [EQUALS]. Validation Type [POSITIVE]. @28-09-2021 01:57:32.0935 A
[ReportManager] File Action [GetAbsolutePath] successfully performed. With the following test data [Relative Folder Path: "target/downloadedFiles/"]. @28-09-2021 01:57:32.0939 AM
[ReportManager] Attempting to run locally on: [Mac-64], [Safari], Headless Execution. @28-09-2021 01:57:32.0939 AM
[ReportManager] Successfully Opened Safari. @28-09-2021 01:57:33.0732 AM
[ReportManager] Initial window size: (800, 600) @28-09-2021 01:57:33.0750 AM
[ReportManager] Window size after SWD Maximize: (1176, 811) @28-09-2021 01:57:33.0806 AM
[ReportManager] Browser Action [MaximizeWindow] successfully performed. With the following test data [New screen size is now: (1176, 811)]. @28-09-2021 01:57:33.0806 AM
[ReportManager] Target URL: [https://the-internet.herokuapp.com/] @28-09-2021 01:57:33.0807 AM
[ReportManager] Initial URL: [] @28-09-2021 01:57:33.0863 AM
[ReportManager] Browser Action [NavigateToURL] successfully performed. With the following test data [https://the-internet.herokuapp.com/]. @28-09-2021 01:57:34.0421 A

################################################################################################################################################
Starting Execution:	[114 out of 144] test cases in the current suite
Test Method:		[testPackage01.Test_NewValidationHelper.f8]
################################################################################################################################################
[ReportManager] Loaded Shared OpenCV @28-09-2021 01:57:34.0513 AM
[ReportManager] Assertion [ValidateElementExists] PASSED. Expected [Element Should Exist, locator 'By.tagName: h1'] and Actual [Element Exists]. Comparison Type [EQUALS]. Validation Type [POSITIVE]. @28-09-2021 01:57:34.0663 AM
[ReportManager] Successfully created attachment [Screenshot - 1632794254513_f8_ValidateElementExists_passed] @28-09-2021 01:57:34.0664 A
[ReportManager] Successfully Closed All Drivers. @28-09-2021 01:57:34.0712 A
[ReportManager] File Action [GetAbsolutePath] successfully performed. With the following test data [Relative Folder Path: "target/downloadedFiles/"]. @28-09-2021 01:57:34.0716 AM
[ReportManager] Attempting to run locally on: [Mac-64], [Safari], Headless Execution. @28-09-2021 01:57:34.0716 AM
[ReportManager] Successfully Opened Safari. @28-09-2021 01:57:35.0444 AM
[ReportManager] Initial window size: (800, 600) @28-09-2021 01:57:35.0466 AM
[ReportManager] Window size after SWD Maximize: (1176, 811) @28-09-2021 01:57:35.0482 AM
[ReportManager] Browser Action [MaximizeWindow] successfully performed. With the following test data [New screen size is now: (1176, 811)]. @28-09-2021 01:57:35.0482 AM
[ReportManager] Target URL: [https://the-internet.herokuapp.com/] @28-09-2021 01:57:35.0482 AM
[ReportManager] Initial URL: [] @28-09-2021 01:57:35.0542 AM
[ReportManager] Browser Action [NavigateToURL] successfully performed. With the following test data [https://the-internet.herokuapp.com/]. @28-09-2021 01:57:35.0972 A

################################################################################################################################################
Starting Execution:	[115 out of 144] test cases in the current suite
Test Method:		[testPackage01.Test_NewValidationHelper.f9]
################################################################################################################################################
[ReportManager] Assertion [ValidateElementExists] FAILED. Expected [Element Should Exist, locator 'By.tagName: h3'] and Actual [Element Doesn't Exists]. Comparison Type [EQUALS]. Validation Type [POSITIVE]. @28-09-2021 01:58:07.0476 AM
[ReportManager] Successfully created attachment [Screenshot - 1632794287394_f9_ValidateElementExists_failed] @28-09-2021 01:58:07.0477 A
[ReportManager] Successfully Closed All Drivers. @28-09-2021 01:58:07.0568 A

################################################################################################################################################
Starting Execution:	[116 out of 144] test cases in the current suite
Test Method:		[testPackage01.Test_NewValidationHelper.forceFail]
################################################################################################################################################
[ReportManager] Assertion [ValidateFail] FAILED. Successfully force failed the test. @28-09-2021 01:58:07.0743 A

################################################################################################################################################
Starting Execution:	[117 out of 144] test cases in the current suite
Test Method:		[testPackage01.Test_NewValidationHelper.forceFail2]
################################################################################################################################################
[ReportManager] Assertion Failed: Custom Message @28-09-2021 01:58:07.0747 AM
[ReportManager] Assertion [ValidateFail] FAILED. Successfully force failed the test. @28-09-2021 01:58:07.0747 A

################################################################################################################################################
Starting Execution:	[118 out of 144] test cases in the current suite
Test Method:		[testPackage01.Test_JsonActions.f]
###############################################################################################################################################

################################################################################################################################################
Starting Execution:	[119 out of 144] test cases in the current suite
Test Method:		[testPackage01.Test_JsonActions.f2]
###############################################################################################################################################

################################################################################################################################################
Starting Execution:	[120 out of 144] test cases in the current suite
Test Method:		[testPackage01.Test_sendGraphqlRequest.sendGraphqlRequestUsingMutationAndVariables]
################################################################################################################################################
[ReportManager] GraphQl Request is being Performed with the Following Parameters [Service URL: https://api.spacex.land/graphql | Request Body: {"variables":"{\"name\": \"sherlock holmes\",\"rocket\": \"221B Baker Street\"}","query":"mutation ($name: String, $rocket: String) {\n  insert_users(objects: {name: $name, rocket: $rocket}) {\n    returning {\n      name\n      rocket\n    }\n  }\n}"}] @28-09-2021 01:58:07.0839 AM
[ReportManager] Response status code: [200], status line: [HTTP/1.1 200 OK] @28-09-2021 01:58:08.0082 AM
[ReportManager] Assertion Passed: Evaluating the actual response status code against the expected one... @28-09-2021 01:58:08.0082 AM
[ReportManager] Assertion [ValidateEquals] PASSED. Expected [200] and Actual [200]. Comparison Type [EQUALS]. Validation Type [POSITIVE]. @28-09-2021 01:58:08.0082 AM
[ReportManager] API Action [PerformRequest] successfully performed. With the following test data [Request Type: "POST" | Target Status Code: "200" | Service URL: "https://api.spacex.land/graphql" | Content Type: "application/json" | Response Time: "156ms"]. @28-09-2021 01:58:08.0116 AM
[ReportManager] Successfully created attachment [API Request - Specifications] @28-09-2021 01:58:08.0117 AM
[ReportManager] Successfully created attachment [API Request - JSON Body] @28-09-2021 01:58:08.0118 AM
[ReportManager] Successfully created attachment [API Response - JSON Body] @28-09-2021 01:58:08.0118 AM
[ReportManager] API Action [GetResponseJSONValue] successfully performed. With the following test data [data.insert_users.returning[0].name]. @28-09-2021 01:58:08.0160 AM
[ReportManager] Assertion [ValidateEquals] PASSED. Expected [sherlock holmes] and Actual [sherlock holmes]. Comparison Type [EQUALS]. Validation Type [POSITIVE]. @28-09-2021 01:58:08.0160 A

################################################################################################################################################
Starting Execution:	[121 out of 144] test cases in the current suite
Test Method:		[testPackage01.Test_sendGraphqlRequest.sendGraphqlRequestUsingQuery]
################################################################################################################################################
[ReportManager] GraphQl Request is being Performed with the Following Parameters [Service URL: https://api.spacex.land/graphql | Request Body: {"query":"{company {ceo}}"}] @28-09-2021 01:58:08.0163 AM
[ReportManager] Response status code: [200], status line: [HTTP/1.1 200 OK] @28-09-2021 01:58:08.0229 AM
[ReportManager] Assertion Passed: Evaluating the actual response status code against the expected one... @28-09-2021 01:58:08.0230 AM
[ReportManager] Assertion [ValidateEquals] PASSED. Expected [200] and Actual [200]. Comparison Type [EQUALS]. Validation Type [POSITIVE]. @28-09-2021 01:58:08.0230 AM
[ReportManager] API Action [PerformRequest] successfully performed. With the following test data [Request Type: "POST" | Target Status Code: "200" | Service URL: "https://api.spacex.land/graphql" | Content Type: "application/json" | Response Time: "61ms"]. @28-09-2021 01:58:08.0242 AM
[ReportManager] Successfully created attachment [API Request - Specifications] @28-09-2021 01:58:08.0242 AM
[ReportManager] Successfully created attachment [API Request - JSON Body] @28-09-2021 01:58:08.0243 AM
[ReportManager] Successfully created attachment [API Response - JSON Body] @28-09-2021 01:58:08.0244 AM
[ReportManager] API Action [GetResponseJSONValue] successfully performed. With the following test data [data.company.ceo]. @28-09-2021 01:58:08.0255 AM
[ReportManager] Assertion [ValidateEquals] PASSED. Expected [Elon Musk] and Actual [Elon Musk]. Comparison Type [EQUALS]. Validation Type [POSITIVE]. @28-09-2021 01:58:08.0255 A
[ReportManager] File Action [GetAbsolutePath] successfully performed. With the following test data [Relative Folder Path: "target/downloadedFiles/"]. @28-09-2021 01:58:08.0258 AM
[ReportManager] Attempting to run locally on: [Mac-64], [Safari], Headless Execution. @28-09-2021 01:58:08.0258 AM
[ReportManager] Successfully Opened Safari. @28-09-2021 01:58:09.0182 AM
[ReportManager] Initial window size: (800, 600) @28-09-2021 01:58:09.0195 AM
[ReportManager] Window size after SWD Maximize: (1176, 811) @28-09-2021 01:58:09.0217 AM
[ReportManager] Browser Action [MaximizeWindow] successfully performed. With the following test data [New screen size is now: (1176, 811)]. @28-09-2021 01:58:09.0217 A

################################################################################################################################################
Starting Execution:	[122 out of 144] test cases in the current suite
Test Method:		[testPackage01.Test_dragAndDrop.dragAndDropJquery]
################################################################################################################################################
[ReportManager] Target URL: [https://jqueryui.com/resources/demos/droppable/default.html] @28-09-2021 01:58:09.0259 AM
[ReportManager] Initial URL: [] @28-09-2021 01:58:09.0295 AM
[ReportManager] Browser Action [NavigateToURL] successfully performed. With the following test data [https://jqueryui.com/resources/demos/droppable/default.html]. @28-09-2021 01:58:09.0620 AM
[ReportManager] Element Action [GetText] successfully performed. With the following test data [
	Drop here
]. @28-09-2021 01:58:09.0666 AM
[ReportManager] Element Action [DragAndDrop] successfully performed. With the following test data [Start point: (8, 18), End point: (8, 18)]. @28-09-2021 01:58:10.0806 AM
[ReportManager] Element Action [GetText] successfully performed. With the following test data [
	Dropped!
]. @28-09-2021 01:58:10.0884 AM
[ReportManager] Assertion Passed: Checking to see if the text has changed after performing drag and drop @28-09-2021 01:58:10.0884 AM
[ReportManager] Assertion [ValidateEquals] PASSED. Expected [
	Drop here
] and Actual [
	Dropped!
]. Comparison Type [EQUALS]. Validation Type [NEGATIVE]. @28-09-2021 01:58:10.0884 A
[ReportManager] Browser Action [CloseCurrentWindow] successfully performed. @28-09-2021 01:58:11.0109 AM
[ReportManager] Successfully created attachment [Browser Action Test Data - CloseCurrentWindow - Actual Value] @28-09-2021 01:58:11.0110 A
[ReportManager] File Action [GetAbsolutePath] successfully performed. With the following test data [Relative Folder Path: "target/downloadedFiles/"]. @28-09-2021 01:58:11.0111 AM
[ReportManager] Attempting to run locally on: [Mac-64], [Safari], Headless Execution. @28-09-2021 01:58:11.0112 AM
[ReportManager] Successfully Opened Safari. @28-09-2021 01:58:11.0958 AM
[ReportManager] Initial window size: (800, 600) @28-09-2021 01:58:11.0983 AM
[ReportManager] Window size after SWD Maximize: (1176, 811) @28-09-2021 01:58:11.0998 AM
[ReportManager] Browser Action [MaximizeWindow] successfully performed. With the following test data [New screen size is now: (1176, 811)]. @28-09-2021 01:58:11.0998 A

################################################################################################################################################
Starting Execution:	[123 out of 144] test cases in the current suite
Test Method:		[testPackage01.Test_dragAndDrop.dragAndDrop]
Test Description:	[TC001 - Test Drag and Drop function.]
################################################################################################################################################
[ReportManager] Target URL: [http://the-internet.herokuapp.com/drag_and_drop] @28-09-2021 01:58:12.0015 AM
[ReportManager] Initial URL: [] @28-09-2021 01:58:12.0068 AM
[ReportManager] Browser Action [NavigateToURL] successfully performed. With the following test data [http://the-internet.herokuapp.com/drag_and_drop]. @28-09-2021 01:58:12.0486 AM
[ReportManager] Attempting Drag and Drop @28-09-2021 01:58:12.0486 AM
[ReportManager] Element Action [DragAndDrop] successfully performed. With the following test data [Start point: (120, 89), End point: (335, 89)]. @28-09-2021 01:58:13.0330 A
[ReportManager] Browser Action [CloseCurrentWindow] successfully performed. @28-09-2021 01:58:13.0584 AM
[ReportManager] Successfully created attachment [Browser Action Test Data - CloseCurrentWindow - Actual Value] @28-09-2021 01:58:13.0585 A
[ReportManager] File Action [GetAbsolutePath] successfully performed. With the following test data [Relative Folder Path: "target/downloadedFiles/"]. @28-09-2021 01:58:13.0587 AM
[ReportManager] Attempting to run locally on: [Mac-64], [Safari], Headless Execution. @28-09-2021 01:58:13.0587 AM
[ReportManager] Successfully Opened Safari. @28-09-2021 01:58:14.0602 AM
[ReportManager] Initial window size: (800, 600) @28-09-2021 01:58:14.0635 AM
[ReportManager] Window size after SWD Maximize: (1176, 811) @28-09-2021 01:58:14.0678 AM
[ReportManager] Browser Action [MaximizeWindow] successfully performed. With the following test data [New screen size is now: (1176, 811)]. @28-09-2021 01:58:14.0679 A

################################################################################################################################################
Starting Execution:	[124 out of 144] test cases in the current suite
Test Method:		[testPackage01.Test_dragAndDrop.dragAndDropByOffset]
Test Description:	[TC002 - Test Drag and Drop by offset function.]
################################################################################################################################################
[ReportManager] Target URL: [https://jqueryui.com/resources/demos/draggable/default.html] @28-09-2021 01:58:14.0683 AM
[ReportManager] Initial URL: [] @28-09-2021 01:58:14.0722 AM
[ReportManager] Browser Action [NavigateToURL] successfully performed. With the following test data [https://jqueryui.com/resources/demos/draggable/default.html]. @28-09-2021 01:58:15.0253 AM
[ReportManager] Element Action [DragAndDropByOffset] successfully performed. With the following test data [Start point: (8, 8), End point: (108, 58)]. @28-09-2021 01:58:16.0030 A
[ReportManager] Browser Action [CloseCurrentWindow] successfully performed. @28-09-2021 01:58:16.0187 AM
[ReportManager] Successfully created attachment [Browser Action Test Data - CloseCurrentWindow - Actual Value] @28-09-2021 01:58:16.0188 A
[ReportManager] Successfully loaded the following test data file [src/test/resources/TestDataFiles/testSuite01/TestData.xlsx]. @28-09-2021 01:58:16.0234 AM
[ReportManager] Successfully created attachment [Test Data - Excel] @28-09-2021 01:58:16.0235 AM
[ReportManager] File Action [GetAbsolutePath] successfully performed. With the following test data [Relative Folder Path: "target/downloadedFiles/"]. @28-09-2021 01:58:16.0235 AM
[ReportManager] Attempting to run locally on: [Mac-64], [Safari], Headless Execution. @28-09-2021 01:58:16.0235 AM
[ReportManager] Successfully Opened Safari. @28-09-2021 01:58:17.0065 AM
[ReportManager] Initial window size: (800, 600) @28-09-2021 01:58:17.0199 AM
[ReportManager] Window size after SWD Maximize: (1176, 811) @28-09-2021 01:58:17.0287 AM
[ReportManager] Browser Action [MaximizeWindow] successfully performed. With the following test data [New screen size is now: (1176, 811)]. @28-09-2021 01:58:17.0288 A

################################################################################################################################################
Starting Execution:	[125 out of 144] test cases in the current suite
Test Method:		[testPackage01.Test_google.navigateToURLandVerifyGoogleLogoIsDisplayed]
Test Description:	[TC001 - Navigate to URL and Verify Google Logo is Displayed]
################################################################################################################################################
[ReportManager] Target URL: [https://www.google.com/ncr], and after redirection: [https://www.google.com] @28-09-2021 01:58:17.0290 AM
[ReportManager] Initial URL: [] @28-09-2021 01:58:17.0325 AM
[ReportManager] Browser Action [NavigateToURL] successfully performed. With the following test data [https://www.google.com/ncr]. @28-09-2021 01:58:18.0658 AM
[ReportManager] Loaded Shared OpenCV @28-09-2021 01:58:18.0794 AM
[ReportManager] Assertion [ValidateElementExists] PASSED. Expected [Element Should Exist, locator 'By.xpath: //*[@id='hplogo' or @alt='Google']'] and Actual [Element Exists]. Comparison Type [EQUALS]. Validation Type [POSITIVE]. @28-09-2021 01:58:18.0928 AM
[ReportManager] Successfully created attachment [Screenshot - 1632794298794_navigateToURLandVerifyGoogleLogoIsDisplayed_ValidateElementExists_passed] @28-09-2021 01:58:18.0929 A

################################################################################################################################################
Starting Execution:	[126 out of 144] test cases in the current suite
Test Method:		[testPackage01.Test_google.searchForQueryandAssertResultsNumDisplayed]
Test Description:	[TC002 - Search for Query and Assert that the number of results is displayed]
################################################################################################################################################
[ReportManager] Element Action [Type] successfully performed. With the following test data [SHAFT_Engine]. @28-09-2021 01:58:19.0577 AM
[ReportManager] Element Action [KeyPress] successfully performed. With the following test data [Enter]. @28-09-2021 01:58:19.0679 AM
[ReportManager] Element Action [GetText] successfully performed. With the following test data [About 893,000 results (0.78 seconds)]. @28-09-2021 01:58:21.0357 AM
[ReportManager] Loaded Shared OpenCV @28-09-2021 01:58:21.0558 AM
[ReportManager] Assertion [ValidateElementAttribute] PASSED. Expected [Value Should not be '' for the 'Text' attribute, element locator 'By.id: appbar'] and Actual [About 893,000 results (0.78 seconds)]. Comparison Type [EQUALS]. Validation Type [NEGATIVE]. @28-09-2021 01:58:21.0754 AM
[ReportManager] Successfully created attachment [Screenshot - 1632794301558_searchForQueryandAssertResultsNumDisplayed_ValidateElementAttribute_passed] @28-09-2021 01:58:21.0756 A

################################################################################################################################################
Starting Execution:	[127 out of 144] test cases in the current suite
Test Method:		[testPackage01.Test_google.clickNextThrice]
Test Description:	[TC003 - Clicks the next button to make sure that the framework can scroll element into view before clicking it]
################################################################################################################################################
[ReportManager] org.openqa.selenium.interactions.MoveTargetOutOfBoundsException:

Build info: version: '3.141.59', revision: 'e82be7d358', time: '2018-11-14T08:17:03'
System info: host: 'Mac-1632793568663.local', ip: '10.213.1.177', os.name: 'Mac OS X', os.arch: 'x86_64', os.version: '10.15.7', java.version: '16.0.2'
Driver info: org.openqa.selenium.safari.SafariDriver
Capabilities {acceptInsecureCerts: false, browserName: Safari, browserVersion: 14.1.2, javascriptEnabled: true, platform: MAC, platformName: MAC, safari:automaticInspection: false, safari:automaticProfiling: false, safari:diagnose: false, safari:platformBuildVersion: 19H1417, safari:platformVersion: 10.15.7, safari:useSimulator: false, setWindowRect: true, strictFileInteractability: false, webkit:WebRTC: {DisableICECandidateFiltering: false, DisableInsecureMediaCapture: false}}
Session ID: 8FD3A5EF-2CDA-4983-AEF2-7D4B5895C5F4
java.base/jdk.internal.reflect.NativeConstructorAccessorImpl.newInstance0(Native Method)
java.base/jdk.internal.reflect.NativeConstructorAccessorImpl.newInstance(NativeConstructorAccessorImpl.java:78)
java.base/jdk.internal.reflect.DelegatingConstructorAccessorImpl.newInstance(DelegatingConstructorAccessorImpl.java:45)
java.base/java.lang.reflect.Constructor.newInstanceWithCaller(Constructor.java:499)
java.base/java.lang.reflect.Constructor.newInstance(Constructor.java:480)
org.openqa.selenium.remote.http.W3CHttpResponseCodec.createException(W3CHttpResponseCodec.java:187)
org.openqa.selenium.remote.http.W3CHttpResponseCodec.decode(W3CHttpResponseCodec.java:122)
org.openqa.selenium.remote.http.W3CHttpResponseCodec.decode(W3CHttpResponseCodec.java:49)
org.openqa.selenium.remote.HttpCommandExecutor.execute(HttpCommandExecutor.java:158)
org.openqa.selenium.remote.service.DriverCommandExecutor.execute(DriverCommandExecutor.java:83)
org.openqa.selenium.remote.RemoteWebDriver.execute(RemoteWebDriver.java:552)
org.openqa.selenium.remote.RemoteWebDriver.perform(RemoteWebDriver.java:618)
org.openqa.selenium.interactions.Actions$BuiltAction.perform(Actions.java:639)
org.openqa.selenium.interactions.Actions.perform(Actions.java:595)
com.shaft.gui.element.ElementActionsHelper.performHoverUsingJavascript(ElementActionsHelper.java:209)
com.shaft.gui.element.WebDriverElementActions.click(WebDriverElementActions.java:116)
com.shaft.gui.element.ElementActions.click(ElementActions.java:62)
poms.GoogleSearchResults.clickNext(GoogleSearchResults.java:51)
testPackage01.Test_google.clickNextThrice(Test_google.java:43)
java.base/jdk.internal.reflect.NativeMethodAccessorImpl.invoke0(Native Method)
java.base/jdk.internal.reflect.NativeMethodAccessorImpl.invoke(NativeMethodAccessorImpl.java:78)
java.base/jdk.internal.reflect.DelegatingMethodAccessorImpl.invoke(DelegatingMethodAccessorImpl.java:43)
java.base/java.lang.reflect.Method.invoke(Method.java:567)
org.testng.internal.MethodInvocationHelper.invokeMethod(MethodInvocationHelper.java:133)
org.testng.internal.TestInvoker.invokeMethod(TestInvoker.java:598)
org.testng.internal.TestInvoker.invokeTestMethod(TestInvoker.java:173)
org.testng.internal.MethodRunner.runInSequence(MethodRunner.java:46)
org.testng.internal.TestInvoker$MethodInvocationAgent.invoke(TestInvoker.java:824)
org.testng.internal.TestInvoker.invokeTestMethods(TestInvoker.java:146)
org.testng.internal.TestMethodWorker.invokeTestMethods(TestMethodWorker.java:146)
org.testng.internal.TestMethodWorker.run(TestMethodWorker.java:128)
java.base/java.util.ArrayList.forEach(ArrayList.java:1511)
org.testng.TestRunner.privateRun(TestRunner.java:794)
org.testng.TestRunner.run(TestRunner.java:596)
org.testng.SuiteRunner.runTest(SuiteRunner.java:377)
org.testng.SuiteRunner.runSequentially(SuiteRunner.java:371)
org.testng.SuiteRunner.privateRun(SuiteRunner.java:332)
org.testng.SuiteRunner.run(SuiteRunner.java:276)
org.testng.SuiteRunnerWorker.runSuite(SuiteRunnerWorker.java:53)
org.testng.SuiteRunnerWorker.run(SuiteRunnerWorker.java:96)
org.testng.TestNG.runSuitesSequentially(TestNG.java:1212)
org.testng.TestNG.runSuitesLocally(TestNG.java:1134)
org.testng.TestNG.runSuites(TestNG.java:1063)
org.testng.TestNG.run(TestNG.java:1031)
org.apache.maven.surefire.testng.TestNGExecutor.run(TestNGExecutor.java:136)
org.apache.maven.surefire.testng.TestNGDirectoryTestSuite.executeMulti(TestNGDirectoryTestSuite.java:193)
org.apache.maven.surefire.testng.TestNGDirectoryTestSuite.execute(TestNGDirectoryTestSuite.java:94)
org.apache.maven.surefire.testng.TestNGProvider.invoke(TestNGProvider.java:145)
org.apache.maven.surefire.booter.ForkedBooter.runSuitesInProcess(ForkedBooter.java:428)
org.apache.maven.surefire.booter.ForkedBooter.execute(ForkedBooter.java:162)
org.apache.maven.surefire.booter.ForkedBooter.run(ForkedBooter.java:562)
org.apache.maven.surefire.booter.ForkedBooter.main(ForkedBooter.java:548) @28-09-2021 01:58:21.0872 AM
[ReportManager] Element Action [Click] successfully performed. With the following test data [Next]. @28-09-2021 01:58:21.0953 A
[ReportManager] Browser Action [CloseCurrentWindow] successfully performed. @28-09-2021 01:58:22.0183 AM
[ReportManager] Successfully created attachment [Browser Action Test Data - CloseCurrentWindow - Actual Value] @28-09-2021 01:58:22.0246 A

################################################################################################################################################
Starting Execution:	[128 out of 144] test cases in the current suite
Test Method:		[testPackage01.Test_chainableElementActions.chainElementActions]
################################################################################################################################################
[ReportManager] File Action [GetAbsolutePath] successfully performed. With the following test data [Relative Folder Path: "target/downloadedFiles/"]. @28-09-2021 01:58:22.0330 AM
[ReportManager] Attempting to run locally on: [Mac-64], [GoogleChrome], Headless Execution. @28-09-2021 01:58:22.0333 AM
[ReportManager] Identifying OS/Driver combination and selecting the correct driver version automatically. Please note that if a new driver executable will be downloaded it may take some time... @28-09-2021 01:58:22.0333 AM
[ReportManager] Successfully Opened Google Chrome. @28-09-2021 01:58:26.0336 AM
[ReportManager] Initial window size: (800, 600) @28-09-2021 01:58:26.0344 AM
[ReportManager] Window size after SWD Maximize: (800, 600) @28-09-2021 01:58:26.0566 AM
[ReportManager] Window size after Toolkit: (1920, 1080) @28-09-2021 01:58:27.0126 AM
[ReportManager] Browser Action [MaximizeWindow] successfully performed. With the following test data [New screen size is now: (1920, 1080)]. @28-09-2021 01:58:27.0127 AM
[ReportManager] Target URL: [https://www.google.com/ncr], and after redirection: [https://www.google.com] @28-09-2021 01:58:27.0127 AM
[ReportManager] Initial URL: [data:,] @28-09-2021 01:58:27.0161 AM
[ReportManager] Browser Action [NavigateToURL] successfully performed. With the following test data [https://www.google.com/ncr]. @28-09-2021 01:58:27.0942 AM
[ReportManager] Element Action [Type] successfully performed. With the following test data [chained type 1]. @28-09-2021 01:58:28.0363 AM
[ReportManager] Element Action [Type] successfully performed. With the following test data [chained type 2]. @28-09-2021 01:58:28.0627 AM
[ReportManager] Element Action [TypeAppend] successfully performed. With the following test data [345]. @28-09-2021 01:58:28.0717 AM
[ReportManager] Element Action [GetText] successfully performed. With the following test data [chained type 2345]. @28-09-2021 01:58:28.0802 AM
[ReportManager] Loaded Shared OpenCV @28-09-2021 01:58:29.0255 AM
[ReportManager] Assertion [ValidateElementAttribute] PASSED. Expected [Value Should be 'chained type 2345' for the 'text' attribute, element locator 'By.name: q'] and Actual [chained type 2345]. Comparison Type [EQUALS]. Validation Type [POSITIVE]. @28-09-2021 01:58:29.0435 AM
[ReportManager] Successfully created attachment [Screenshot - 1632794309255_chainElementActions_ValidateElementAttribute_passed] @28-09-2021 01:58:29.0436 AM
[ReportManager] Browser Action [CloseCurrentWindow] successfully performed. @28-09-2021 01:58:29.0695 AM
[ReportManager] Successfully created attachment [Browser Action Test Data - CloseCurrentWindow - Actual Value] @28-09-2021 01:58:29.0696 A

################################################################################################################################################
Starting Execution:	[129 out of 144] test cases in the current suite
Test Method:		[testPackage01.Test_JsonCompareWithSpecialCharacters.specialCharacters]
################################################################################################################################################
[ReportManager] File Action [GetAbsolutePath] successfully performed. With the following test data [Relative Folder Path: "src/test/resources/TestJsonFiles/specialCharacters.json"]. @28-09-2021 01:58:29.0709 AM
[ReportManager] File Action [ReadFromFile] successfully performed. With the following test data [File Path: "/Users/runner/work/SHAFT_ENGINE/SHAFT_ENGINE/src/test/resources/TestJsonFiles/specialCharacters.json"]. @28-09-2021 01:58:29.0715 AM
[ReportManager] Successfully created attachment [File Action Actual Result - Command Log] @28-09-2021 01:58:29.0716 AM
[ReportManager] Comparing the provided API response with the file at this path "src/test/resources/TestJsonFiles/specialCharacters.json", comparison type "EQUALS" @28-09-2021 01:58:29.0717 AM
[ReportManager] API Action [CompareJSON] successfully performed. With the following test data [src/test/resources/TestJsonFiles/specialCharacters.json]. @28-09-2021 01:58:29.0727 AM
[ReportManager] File Action [GetAbsolutePath] successfully performed. With the following test data [Relative Folder Path: "src/test/resources/TestJsonFiles/specialCharacters.json"]. @28-09-2021 01:58:29.0727 AM
[ReportManager] File Action [ReadFromFile] successfully performed. With the following test data [File Path: "/Users/runner/work/SHAFT_ENGINE/SHAFT_ENGINE/src/test/resources/TestJsonFiles/specialCharacters.json"]. @28-09-2021 01:58:29.0727 AM
[ReportManager] Verification [ValidateJSONFileContent] PASSED. Expected [Response data should match the JSON File in this path 'src/test/resources/TestJsonFiles/specialCharacters.json'] and Actual [TRUE]. Comparison Type [EQUALS]. Validation Type [POSITIVE]. @28-09-2021 01:58:29.0733 AM
[ReportManager] Successfully created attachment [Validation Test Data - Expected JSON Value] @28-09-2021 01:58:29.0734 AM
[ReportManager] Successfully created attachment [Validation Test Data - Actual JSON Value] @28-09-2021 01:58:29.0734 A

################################################################################################################################################
Starting Execution:	[130 out of 144] test cases in the current suite
Test Method:		[testPackage01.Test_JsonCompareWithSpecialCharacters.specialCharacters_assertion]
################################################################################################################################################
[ReportManager] File Action [GetAbsolutePath] successfully performed. With the following test data [Relative Folder Path: "src/test/resources/TestJsonFiles/specialCharacters.json"]. @28-09-2021 01:58:29.0737 AM
[ReportManager] File Action [ReadFromFile] successfully performed. With the following test data [File Path: "/Users/runner/work/SHAFT_ENGINE/SHAFT_ENGINE/src/test/resources/TestJsonFiles/specialCharacters.json"]. @28-09-2021 01:58:29.0738 AM
[ReportManager] Successfully created attachment [File Action Actual Result - Command Log] @28-09-2021 01:58:29.0738 AM
[ReportManager] Comparing the provided API response with the file at this path "src/test/resources/TestJsonFiles/specialCharacters.json", comparison type "CONTAINS" @28-09-2021 01:58:29.0739 AM
[ReportManager] API Action [CompareJSON] successfully performed. With the following test data [src/test/resources/TestJsonFiles/specialCharacters.json]. @28-09-2021 01:58:29.0748 AM
[ReportManager] File Action [GetAbsolutePath] successfully performed. With the following test data [Relative Folder Path: "src/test/resources/TestJsonFiles/specialCharacters.json"]. @28-09-2021 01:58:29.0748 AM
[ReportManager] File Action [ReadFromFile] successfully performed. With the following test data [File Path: "/Users/runner/work/SHAFT_ENGINE/SHAFT_ENGINE/src/test/resources/TestJsonFiles/specialCharacters.json"]. @28-09-2021 01:58:29.0749 AM
[ReportManager] Assertion Passed: trying out the log message @28-09-2021 01:58:29.0752 AM
[ReportManager] Successfully created attachment [Validation Test Data - Expected JSON Value] @28-09-2021 01:58:29.0754 AM
[ReportManager] Successfully created attachment [Validation Test Data - Actual JSON Value] @28-09-2021 01:58:29.0754 AM
[ReportManager] Assertion [ValidateJSONFileContent] PASSED. Expected [Response data should match the JSON File in this path 'src/test/resources/TestJsonFiles/specialCharacters.json'] and Actual [TRUE]. Comparison Type [CONTAINS]. Validation Type [POSITIVE]. @28-09-2021 01:58:29.0754 A

################################################################################################################################################
Starting Execution:	[131 out of 144] test cases in the current suite
Test Method:		[testPackage01.Test_SkipDueToIssue.doNotSkip]
################################################################################################################################################
[ReportManager] This should not be skipped. @28-09-2021 01:58:29.0757 A

################################################################################################################################################
Starting Execution:	[132 out of 144] test cases in the current suite
Test Method:		[testPackage01.Test_SkipDueToIssue.skip]
################################################################################################################################################
[ReportManager] This should be skipped. @28-09-2021 01:58:29.0763 A

################################################################################################################################################
Starting Execution:	[133 out of 144] test cases in the current suite
Test Method:		[testPackage01.Test_SkipDueToIssue.skip2]
################################################################################################################################################
[ReportManager] This should be skipped. @28-09-2021 01:58:29.0770 A

################################################################################################################################################
Starting Execution:	[134 out of 144] test cases in the current suite
Test Method:		[testPackage01.Test_JSONFileManager.readStringFromJson]
################################################################################################################################################
[ReportManager] Successfully loaded the following test data file [src/test/resources/TestDataFiles/simpleJSON.json]. @28-09-2021 01:58:29.0775 AM
[ReportManager] Successfully created attachment [Test Data - JSON] @28-09-2021 01:58:29.0776 AM
[ReportManager] Assertion [ValidateEquals] PASSED. Expected [Mohab Mohie] and Actual [Mohab Mohie]. Comparison Type [EQUALS]. Validation Type [POSITIVE]. @28-09-2021 01:58:29.0789 A
[ReportManager] File Action [GetAbsolutePath] successfully performed. With the following test data [Relative Folder Path: "target/downloadedFiles/"]. @28-09-2021 01:58:29.0791 AM
[ReportManager] Attempting to run locally on: [Mac-64], [Safari], Headless Execution. @28-09-2021 01:58:29.0791 AM
[ReportManager] Successfully Opened Safari. @28-09-2021 01:58:30.0652 AM
[ReportManager] Initial window size: (800, 600) @28-09-2021 01:58:30.0664 AM
[ReportManager] Window size after SWD Maximize: (1176, 811) @28-09-2021 01:58:30.0693 AM
[ReportManager] Browser Action [MaximizeWindow] successfully performed. With the following test data [New screen size is now: (1176, 811)]. @28-09-2021 01:58:30.0693 A

################################################################################################################################################
Starting Execution:	[135 out of 144] test cases in the current suite
Test Method:		[testPackage01.Test_assertEquals.test_assertElementAttribute]
################################################################################################################################################
[ReportManager] Target URL: [https://www.google.com/ncr], and after redirection: [https://www.google.com] @28-09-2021 01:58:30.0696 AM
[ReportManager] Initial URL: [] @28-09-2021 01:58:30.0752 AM
[ReportManager] Browser Action [NavigateToURL] successfully performed. With the following test data [https://www.google.com/ncr]. @28-09-2021 01:58:31.0726 AM
[ReportManager] Element Action [Type] successfully performed. With the following test data [INC_004010050:Another SCHEDULER with the same name [Duplicate Job Name] already exists.]. @28-09-2021 01:58:34.0554 AM
[ReportManager] Element Action [GetText] successfully performed. With the following test data [INC_004010050:Another SCHEDULER with the same name [Duplicate Job Name] already exists.]. @28-09-2021 01:58:34.0650 AM
[ReportManager] Loaded Shared OpenCV @28-09-2021 01:58:34.0723 AM
[ReportManager] Assertion [ValidateElementAttribute] PASSED. Expected [Value Should be 'INC_004010050:Another SCHEDULER with the same name \[Duplicate Job Name\] already exists.' for the 'text' attribute, element locator 'By.name: q'] and Actual [INC_004010050:Another SCHEDULER with the same name [Duplicate Job Name] already exists.]. Comparison Type [MATCHES]. Validation Type [POSITIVE]. @28-09-2021 01:58:34.0871 AM
[ReportManager] Successfully created attachment [Screenshot - 1632794314723_test_assertElementAttribute_ValidateElementAttribute_passed] @28-09-2021 01:58:34.0872 A
[ReportManager] Browser Action [CloseCurrentWindow] successfully performed. @28-09-2021 01:58:35.0128 AM
[ReportManager] Successfully created attachment [Browser Action Test Data - CloseCurrentWindow - Actual Value] @28-09-2021 01:58:35.0209 A
[ReportManager] File Action [GetAbsolutePath] successfully performed. With the following test data [Relative Folder Path: "target/downloadedFiles/"]. @28-09-2021 01:58:35.0212 AM
[ReportManager] Attempting to run locally on: [Mac-64], [Safari], Headless Execution. @28-09-2021 01:58:35.0212 AM
[ReportManager] Successfully Opened Safari. @28-09-2021 01:58:36.0181 AM
[ReportManager] Initial window size: (800, 600) @28-09-2021 01:58:36.0203 AM
[ReportManager] Window size after SWD Maximize: (1176, 811) @28-09-2021 01:58:36.0218 AM
[ReportManager] Browser Action [MaximizeWindow] successfully performed. With the following test data [New screen size is now: (1176, 811)]. @28-09-2021 01:58:36.0221 A

################################################################################################################################################
Starting Execution:	[136 out of 144] test cases in the current suite
Test Method:		[testPackage01.Test_IsElementClickable.testIsElementClickable]
################################################################################################################################################
[ReportManager] Target URL: [https://the-internet.herokuapp.com/] @28-09-2021 01:58:36.0227 AM
[ReportManager] Initial URL: [] @28-09-2021 01:58:36.0305 AM
[ReportManager] Browser Action [NavigateToURL] successfully performed. With the following test data [https://the-internet.herokuapp.com/]. @28-09-2021 01:58:37.0051 AM
[ReportManager] Element Action [IsElementClickable] successfully performed. @28-09-2021 01:58:37.0315 AM
[ReportManager] Assertion [ValidateTrue] PASSED. Expected [TRUE] and Actual [TRUE]. Validation Type [POSITIVE]. @28-09-2021 01:58:37.0316 A
[ReportManager] Browser Action [CloseCurrentWindow] successfully performed. @28-09-2021 01:58:37.0928 AM
[ReportManager] Successfully created attachment [Browser Action Test Data - CloseCurrentWindow - Actual Value] @28-09-2021 01:58:37.0928 A
[ReportManager] Successfully loaded the following test data file [src/test/resources/TestDataFiles/testSuite01/TestData.xlsx]. @28-09-2021 01:58:37.0966 AM
[ReportManager] Successfully created attachment [Test Data - Excel] @28-09-2021 01:58:37.0967 AM
[ReportManager] Attempting to run using Playwright locally on: [Mac-64], [Safari], Headless Execution. @28-09-2021 01:58:58.0212 AM
[ReportManager] File Action [GetAbsolutePath] successfully performed. With the following test data [Relative Folder Path: "target/downloadedFiles/"]. @28-09-2021 01:58:58.0213 AM
[ReportManager] Initial window size: (1280, 720) @28-09-2021 01:59:05.0126 AM
[ReportManager] Window size after Toolkit: com.microsoft.playwright.options.ViewportSize@234422b4 @28-09-2021 01:59:05.0135 AM
[ReportManager] Browser Action [MaximizeWindow] successfully performed. With the following test data [New screen size is now: (1920, 1080)]. @28-09-2021 01:59:05.0135 A

################################################################################################################################################
Starting Execution:	[137 out of 144] test cases in the current suite
Test Method:		[testPackage01.Test_google_playwright.navigateToURLandVerifyGoogleLogoIsDisplayed]
Test Description:	[TC001 - Navigate to URL and Verify Google Logo is Displayed]
################################################################################################################################################
[ReportManager] Target URL: [https://www.google.com/ncr], and after redirection: [https://www.google.com] @28-09-2021 01:59:05.0139 AM
[ReportManager] Initial URL: [about:blank] @28-09-2021 01:59:05.0696 AM
[ReportManager] Browser Action [NavigateToURL] successfully performed. With the following test data [https://www.google.com/ncr]. @28-09-2021 01:59:07.0244 AM
[ReportManager] Loaded Shared OpenCV @28-09-2021 01:59:07.0339 AM
[ReportManager] Assertion [ValidateElementExists] PASSED. Expected [Element Should Exist, locator 'xpath=//*[@id='hplogo' or @alt='Google']'] and Actual [Element Exists]. Comparison Type [EQUALS]. Validation Type [POSITIVE]. @28-09-2021 01:59:07.0520 AM
[ReportManager] Successfully created attachment [Screenshot - 1632794347331_navigateToURLandVerifyGoogleLogoIsDisplayed_ValidateElementExists_passed] @28-09-2021 01:59:07.0521 A

################################################################################################################################################
Starting Execution:	[138 out of 144] test cases in the current suite
Test Method:		[testPackage01.Test_google_playwright.searchForQueryandAssertResultsNumDisplayed]
Test Description:	[TC002 - Search for Query and Assert that the number of results is displayed]
################################################################################################################################################
[ReportManager] Element Action [Type] successfully performed. With the following test data [SHAFT_Engine]. @28-09-2021 01:59:07.0815 AM
[ReportManager] Element Action [KeyPress] successfully performed. With the following test data [Enter]. @28-09-2021 01:59:07.0848 AM
[ReportManager] Element Action [GetText] successfully performed. With the following test data [About 893,000 results (0.84 seconds)
]. @28-09-2021 01:59:09.0620 AM
[ReportManager] Loaded Shared OpenCV @28-09-2021 01:59:10.0355 AM
[ReportManager] Assertion [ValidateElementAttribute] PASSED. Expected [Value Should not be '' for the 'text' attribute, element locator 'xpath=//div[@id='appbar']'] and Actual [About 893,000 results (0.84 seconds)
]. Comparison Type [EQUALS]. Validation Type [NEGATIVE]. @28-09-2021 01:59:10.0555 AM
[ReportManager] Successfully created attachment [Screenshot - 1632794350354_searchForQueryandAssertResultsNumDisplayed_ValidateElementAttribute_passed] @28-09-2021 01:59:10.0557 A

################################################################################################################################################
Starting Execution:	[139 out of 144] test cases in the current suite
Test Method:		[testPackage01.Test_google_playwright.clickNextThrice]
Test Description:	[TC003 - Clicks the next button to make sure that the framework can scroll element into view before clicking it]
################################################################################################################################################
[ReportManager] Element Action [Click] successfully performed. With the following test data [Next]. @28-09-2021 01:59:10.0891 A
[ReportManager] Failed to find video recording. @28-09-2021 01:59:10.0893 AM
[ReportManager] Successfully Closed PlayWright Driver. @28-09-2021 01:59:10.0934 A
[ReportManager] File Action [GetAbsolutePath] successfully performed. With the following test data [Relative Folder Path: "target/downloadedFiles/"]. @28-09-2021 01:59:10.0977 AM
[ReportManager] Attempting to run locally on: [Mac-64], [Safari], Headless Execution. @28-09-2021 01:59:10.0977 AM
[ReportManager] Successfully Opened Safari. @28-09-2021 01:59:12.0187 AM
[ReportManager] Initial window size: (800, 600) @28-09-2021 01:59:12.0197 AM
[ReportManager] Window size after SWD Maximize: (1176, 811) @28-09-2021 01:59:12.0226 AM
[ReportManager] Browser Action [MaximizeWindow] successfully performed. With the following test data [New screen size is now: (1176, 811)]. @28-09-2021 01:59:12.0226 A

################################################################################################################################################
Starting Execution:	[140 out of 144] test cases in the current suite
Test Method:		[testPackage01.Test_verifyEquals.test_assertElementAttribute]
################################################################################################################################################
[ReportManager] Target URL: [https://www.google.com/ncr], and after redirection: [https://www.google.com] @28-09-2021 01:59:12.0228 AM
[ReportManager] Initial URL: [] @28-09-2021 01:59:12.0290 AM
[ReportManager] Browser Action [NavigateToURL] successfully performed. With the following test data [https://www.google.com/ncr]. @28-09-2021 01:59:13.0796 AM
[ReportManager] Element Action [Type] successfully performed. With the following test data [INC_004010050:Another SCHEDULER with the same name [Duplicate Job Name] already exists.]. @28-09-2021 01:59:16.0402 AM
[ReportManager] Element Action [GetText] successfully performed. With the following test data [INC_004010050:Another SCHEDULER with the same name [Duplicate Job Name] already exists.]. @28-09-2021 01:59:16.0457 AM
[ReportManager] Loaded Shared OpenCV @28-09-2021 01:59:16.0519 AM
[ReportManager] Verification [ValidateElementAttribute] PASSED. Expected [Value Should be 'INC_004010050:Another SCHEDULER with the same name \[Duplicate Job Name\] already exists.' for the 'text' attribute, element locator 'By.name: q'] and Actual [INC_004010050:Another SCHEDULER with the same name [Duplicate Job Name] already exists.]. Comparison Type [MATCHES]. Validation Type [POSITIVE]. @28-09-2021 01:59:16.0666 AM
[ReportManager] Successfully created attachment [Screenshot - 1632794356519_test_assertElementAttribute_ValidateElementAttribute_passed] @28-09-2021 01:59:16.0668 A
[ReportManager] Browser Action [CloseCurrentWindow] successfully performed. @28-09-2021 01:59:16.0879 AM
[ReportManager] Successfully created attachment [Browser Action Test Data - CloseCurrentWindow - Actual Value] @28-09-2021 01:59:16.0879 A

################################################################################################################################################
Starting Execution:	[141 out of 144] test cases in the current suite
Test Method:		[testPackage01.Test_SelectedValue.multipleSelect]
################################################################################################################################################
[ReportManager] File Action [GetAbsolutePath] successfully performed. With the following test data [Relative Folder Path: "target/downloadedFiles/"]. @28-09-2021 01:59:16.0883 AM
[ReportManager] Attempting to run locally on: [Mac-64], [GoogleChrome], Headless Execution. @28-09-2021 01:59:16.0884 AM
[ReportManager] Identifying OS/Driver combination and selecting the correct driver version automatically. Please note that if a new driver executable will be downloaded it may take some time... @28-09-2021 01:59:16.0884 AM
[ReportManager] Successfully Opened Google Chrome. @28-09-2021 01:59:17.0370 AM
[ReportManager] Initial window size: (800, 600) @28-09-2021 01:59:17.0378 AM
[ReportManager] Window size after SWD Maximize: (800, 600) @28-09-2021 01:59:17.0572 AM
[ReportManager] Window size after Toolkit: (1920, 1080) @28-09-2021 01:59:18.0096 AM
[ReportManager] Browser Action [MaximizeWindow] successfully performed. With the following test data [New screen size is now: (1920, 1080)]. @28-09-2021 01:59:18.0097 AM
[ReportManager] Target URL: [https://yari-demos.prod.mdn.mozit.cloud/en-US/docs/Web/HTML/Element/select/_sample_.Advanced_select_with_multiple_features.html] @28-09-2021 01:59:18.0098 AM
[ReportManager] Initial URL: [data:,] @28-09-2021 01:59:18.0126 AM
[ReportManager] Browser Action [NavigateToURL] successfully performed. With the following test data [https://yari-demos.prod.mdn.mozit.cloud/en-US/docs/Web/HTML/Element/select/_sample_.Advanced_select_with_multiple_features.html]. @28-09-2021 01:59:18.0394 AM
[ReportManager] Element Action [Select] successfully performed. With the following test data [Dog]. @28-09-2021 01:59:18.0575 AM
[ReportManager] Element Action [Select] successfully performed. With the following test data [Cat]. @28-09-2021 01:59:18.0718 AM
[ReportManager] Element Action [GetSelectedText] successfully performed. With the following test data [DogCat]. @28-09-2021 01:59:18.0816 AM
[ReportManager] DogCat @28-09-2021 01:59:18.0816 AM
[ReportManager] Element Action [GetSelectedText] successfully performed. With the following test data [DogCat]. @28-09-2021 01:59:18.0903 AM
[ReportManager] Loaded Shared OpenCV @28-09-2021 01:59:19.0159 AM
[ReportManager] Assertion [ValidateElementAttribute] PASSED. Expected [Value Should be 'DogCat' for the 'selectedText' attribute, element locator 'By.tagName: select'] and Actual [DogCat]. Comparison Type [EQUALS]. Validation Type [POSITIVE]. @28-09-2021 01:59:19.0370 AM
[ReportManager] Successfully created attachment [Screenshot - 1632794359159_multipleSelect_ValidateElementAttribute_passed] @28-09-2021 01:59:19.0370 AM
[ReportManager] Browser Action [CloseCurrentWindow] successfully performed. @28-09-2021 01:59:19.0659 AM
[ReportManager] Successfully created attachment [Browser Action Test Data - CloseCurrentWindow - Actual Value] @28-09-2021 01:59:19.0659 A

################################################################################################################################################
Starting Execution:	[142 out of 144] test cases in the current suite
Test Method:		[testPackage01.Test_SelectedValue.simpleSelect]
################################################################################################################################################
[ReportManager] File Action [GetAbsolutePath] successfully performed. With the following test data [Relative Folder Path: "target/downloadedFiles/"]. @28-09-2021 01:59:19.0662 AM
[ReportManager] Attempting to run locally on: [Mac-64], [GoogleChrome], Headless Execution. @28-09-2021 01:59:19.0662 AM
[ReportManager] Identifying OS/Driver combination and selecting the correct driver version automatically. Please note that if a new driver executable will be downloaded it may take some time... @28-09-2021 01:59:19.0662 AM
[ReportManager] Successfully Opened Google Chrome. @28-09-2021 01:59:20.0134 AM
[ReportManager] Initial window size: (800, 600) @28-09-2021 01:59:20.0140 AM
[ReportManager] Window size after SWD Maximize: (800, 600) @28-09-2021 01:59:20.0270 AM
[ReportManager] Window size after Toolkit: (1920, 1080) @28-09-2021 01:59:20.0771 AM
[ReportManager] Browser Action [MaximizeWindow] successfully performed. With the following test data [New screen size is now: (1920, 1080)]. @28-09-2021 01:59:20.0772 AM
[ReportManager] Target URL: [https://yari-demos.prod.mdn.mozit.cloud/en-US/docs/Web/HTML/Element/select/_sample_.Basic_select.html] @28-09-2021 01:59:20.0772 AM
[ReportManager] Initial URL: [data:,] @28-09-2021 01:59:20.0802 AM
[ReportManager] Browser Action [NavigateToURL] successfully performed. With the following test data [https://yari-demos.prod.mdn.mozit.cloud/en-US/docs/Web/HTML/Element/select/_sample_.Basic_select.html]. @28-09-2021 01:59:20.0985 AM
[ReportManager] Element Action [Select] successfully performed. With the following test data [Third Value]. @28-09-2021 01:59:21.0267 AM
[ReportManager] Element Action [GetSelectedText] successfully performed. With the following test data [Third Value]. @28-09-2021 01:59:21.0348 AM
[ReportManager] Third Value @28-09-2021 01:59:21.0348 AM
[ReportManager] Element Action [GetSelectedText] successfully performed. With the following test data [Third Value]. @28-09-2021 01:59:21.0411 AM
[ReportManager] Loaded Shared OpenCV @28-09-2021 01:59:21.0769 AM
[ReportManager] Assertion [ValidateElementAttribute] PASSED. Expected [Value Should be 'Third Value' for the 'selectedText' attribute, element locator 'By.tagName: select'] and Actual [Third Value]. Comparison Type [EQUALS]. Validation Type [POSITIVE]. @28-09-2021 01:59:21.0995 AM
[ReportManager] Successfully created attachment [Screenshot - 1632794361769_simpleSelect_ValidateElementAttribute_passed] @28-09-2021 01:59:21.0996 AM
[ReportManager] Browser Action [CloseCurrentWindow] successfully performed. @28-09-2021 01:59:22.0258 AM
[ReportManager] Successfully created attachment [Browser Action Test Data - CloseCurrentWindow - Actual Value] @28-09-2021 01:59:22.0259 A
[ReportManager] File Action [GetAbsolutePath] successfully performed. With the following test data [Relative Folder Path: "target/downloadedFiles/"]. @28-09-2021 01:59:22.0261 AM
[ReportManager] Attempting to run locally on: [Mac-64], [Safari], Headless Execution. @28-09-2021 01:59:22.0261 AM
[ReportManager] Successfully Opened Safari. @28-09-2021 01:59:23.0046 AM
[ReportManager] Initial window size: (800, 600) @28-09-2021 01:59:23.0111 AM
[ReportManager] Window size after SWD Maximize: (1176, 811) @28-09-2021 01:59:23.0176 AM
[ReportManager] Browser Action [MaximizeWindow] successfully performed. With the following test data [New screen size is now: (1176, 811)]. @28-09-2021 01:59:23.0176 A

################################################################################################################################################
Starting Execution:	[143 out of 144] test cases in the current suite
Test Method:		[testPackage01.Test_dynamicLoading.dynamicLoading_elementIsHidden]
################################################################################################################################################
[ReportManager] Target URL: [https://the-internet.herokuapp.com/dynamic_loading/1] @28-09-2021 01:59:23.0179 AM
[ReportManager] Initial URL: [] @28-09-2021 01:59:23.0214 AM
[ReportManager] Browser Action [NavigateToURL] successfully performed. With the following test data [https://the-internet.herokuapp.com/dynamic_loading/1]. @28-09-2021 01:59:23.0530 AM
[ReportManager] Element Action [Click] successfully performed. With the following test data [Start]. @28-09-2021 01:59:23.0883 AM
[ReportManager] Element Action [GetText] successfully performed. With the following test data [
    Hello World!
  ]. @28-09-2021 01:59:23.0929 A
[ReportManager] Browser Action [CloseCurrentWindow] successfully performed. @28-09-2021 01:59:24.0074 AM
[ReportManager] Successfully created attachment [Browser Action Test Data - CloseCurrentWindow - Actual Value] @28-09-2021 01:59:24.0074 A
[ReportManager] File Action [GetAbsolutePath] successfully performed. With the following test data [Relative Folder Path: "target/downloadedFiles/"]. @28-09-2021 01:59:24.0076 AM
[ReportManager] Attempting to run locally on: [Mac-64], [Safari], Headless Execution. @28-09-2021 01:59:24.0076 AM
[ReportManager] Successfully Opened Safari. @28-09-2021 01:59:24.0811 AM
[ReportManager] Initial window size: (800, 600) @28-09-2021 01:59:24.0835 AM
[ReportManager] Window size after SWD Maximize: (1176, 811) @28-09-2021 01:59:24.0864 AM
[ReportManager] Browser Action [MaximizeWindow] successfully performed. With the following test data [New screen size is now: (1176, 811)]. @28-09-2021 01:59:24.0865 A

################################################################################################################################################
Starting Execution:	[144 out of 144] test cases in the current suite
Test Method:		[testPackage01.Test_dynamicLoading.dynamicLoading_elementIsRendered]
################################################################################################################################################
[ReportManager] Target URL: [https://the-internet.herokuapp.com/dynamic_loading/2] @28-09-2021 01:59:24.0871 AM
[ReportManager] Initial URL: [] @28-09-2021 01:59:24.0917 AM
[ReportManager] Browser Action [NavigateToURL] successfully performed. With the following test data [https://the-internet.herokuapp.com/dynamic_loading/2]. @28-09-2021 01:59:25.0278 AM
[ReportManager] Element Action [Click] successfully performed. With the following test data [Start]. @28-09-2021 01:59:25.0704 AM
[ReportManager] Element Action [GetText] successfully performed. With the following test data [Hello World!]. @28-09-2021 01:59:31.0152 AM
[ReportManager] Loaded Shared OpenCV @28-09-2021 01:59:31.0215 AM
[ReportManager] Assertion [ValidateElementAttribute] PASSED. Expected [Value Should be 'Hello World!' for the 'text' attribute, element locator 'By.id: finish'] and Actual [Hello World!]. Comparison Type [CONTAINS]. Validation Type [POSITIVE]. @28-09-2021 01:59:31.0354 AM
[ReportManager] Successfully created attachment [Screenshot - 1632794371214_dynamicLoading_elementIsRendered_ValidateElementAttribute_passed] @28-09-2021 01:59:31.0354 A
[ReportManager] Browser Action [CloseCurrentWindow] successfully performed. @28-09-2021 01:59:31.0485 AM
[ReportManager] Successfully created attachment [Browser Action Test Data - CloseCurrentWindow - Actual Value] @28-09-2021 01:59:31.0485 A

################################################################################################################################################
Test Closure Activities
################################################################################################################################################
[ReportManager] Successfully created attachment [SHAFT Engine Logs - Execution log] @28-09-2021 01:59:31.0517 AM

################################################################################################################################################
This test run was powered by SHAFT Engine Version: [SHAFT Engine v5.3.20210902]
SHAFT Engine is licensed under the MIT License: [https://github.com/MohabMohie/SHAFT_ENGINE/blob/master/LICENSE].
################################################################################################################################################