################################################################################################################################################
Detected SHAFT Engine Version: [SHAFT Engine v5.3.20210902]
################################################################################################################################################

################################################################################################################################################
Starting Execution:	[1 out of 144] test cases in the current suite
Test Method:		[unitTests.tests_validations_assertions.assertComparativeRelation_greaterThanOrEquals_false_equals_expectedToFail]
################################################################################################################################################
[ReportManager] Assertion [ValidateComparativeRelation] FAILED. Expected [1] and Actual [1]. Comparison Type [GREATER_THAN_OR_EQUALS]. Validation Type [NEGATIVE]. @30-09-2021 21:45:27.0976 P

################################################################################################################################################
Starting Execution:	[2 out of 144] test cases in the current suite
Test Method:		[unitTests.tests_validations_assertions.assertComparativeRelation_greaterThanOrEquals_false_equals_expectedToPass]
################################################################################################################################################
[ReportManager] Assertion [ValidateComparativeRelation] PASSED. Expected [2] and Actual [1]. Comparison Type [GREATER_THAN_OR_EQUALS]. Validation Type [NEGATIVE]. @30-09-2021 21:45:28.0095 P

################################################################################################################################################
Starting Execution:	[3 out of 144] test cases in the current suite
Test Method:		[unitTests.tests_validations_assertions.assertComparativeRelation_greaterThanOrEquals_false_greaterThan_expectedToFail]
################################################################################################################################################
[ReportManager] Assertion [ValidateComparativeRelation] FAILED. Expected [1] and Actual [2]. Comparison Type [GREATER_THAN_OR_EQUALS]. Validation Type [NEGATIVE]. @30-09-2021 21:45:28.0103 P

################################################################################################################################################
Starting Execution:	[4 out of 144] test cases in the current suite
Test Method:		[unitTests.tests_validations_assertions.assertComparativeRelation_greaterThanOrEquals_false_greaterThan_expectedToPass]
################################################################################################################################################
[ReportManager] Assertion [ValidateComparativeRelation] PASSED. Expected [2] and Actual [1]. Comparison Type [GREATER_THAN_OR_EQUALS]. Validation Type [NEGATIVE]. @30-09-2021 21:45:28.0112 P

################################################################################################################################################
Starting Execution:	[5 out of 144] test cases in the current suite
Test Method:		[unitTests.tests_validations_assertions.assertComparativeRelation_greaterThanOrEquals_true_equals_expectedToFail]
################################################################################################################################################
[ReportManager] Assertion [ValidateComparativeRelation] FAILED. Expected [1] and Actual [0]. Comparison Type [GREATER_THAN_OR_EQUALS]. Validation Type [POSITIVE]. @30-09-2021 21:45:28.0120 P

################################################################################################################################################
Starting Execution:	[6 out of 144] test cases in the current suite
Test Method:		[unitTests.tests_validations_assertions.assertComparativeRelation_greaterThanOrEquals_true_equals_expectedToPass]
################################################################################################################################################
[ReportManager] Assertion [ValidateComparativeRelation] PASSED. Expected [1] and Actual [1]. Comparison Type [GREATER_THAN_OR_EQUALS]. Validation Type [POSITIVE]. @30-09-2021 21:45:28.0125 P

################################################################################################################################################
Starting Execution:	[7 out of 144] test cases in the current suite
Test Method:		[unitTests.tests_validations_assertions.assertComparativeRelation_greaterThanOrEquals_true_greaterThan_expectedToFail]
################################################################################################################################################
[ReportManager] Assertion [ValidateComparativeRelation] FAILED. Expected [2] and Actual [1]. Comparison Type [GREATER_THAN_OR_EQUALS]. Validation Type [POSITIVE]. @30-09-2021 21:45:28.0130 P

################################################################################################################################################
Starting Execution:	[8 out of 144] test cases in the current suite
Test Method:		[unitTests.tests_validations_assertions.assertComparativeRelation_greaterThanOrEquals_true_greaterThan_expectedToPass]
################################################################################################################################################
[ReportManager] Assertion [ValidateComparativeRelation] PASSED. Expected [1] and Actual [2]. Comparison Type [GREATER_THAN_OR_EQUALS]. Validation Type [POSITIVE]. @30-09-2021 21:45:28.0136 P
[ReportManager] File Action [GetAbsolutePath] successfully performed. With the following test data [Relative Folder Path: "target/downloadedFiles/"]. @30-09-2021 21:45:28.0147 PM
[ReportManager] Attempting to run remotely on: [Linux-64], [GoogleChrome], [http://localhost:4444/wd/hub], Headless Execution. @30-09-2021 21:45:28.0180 PM
[ReportManager] Successfully Opened [GoogleChrome]. @30-09-2021 21:45:29.0896 PM
[ReportManager] Target URL: [https://www.google.com/ncr], and after redirection: [www.google.com] @30-09-2021 21:45:29.0950 PM
[ReportManager] Initial URL: [data:,] @30-09-2021 21:45:30.0062 PM
[ReportManager] Browser Action [NavigateToURL] successfully performed. With the following test data [https://www.google.com/ncr]. @30-09-2021 21:45:31.0588 P

################################################################################################################################################
Starting Execution:	[9 out of 144] test cases in the current suite
Test Method:		[unitTests.tests_validations_assertions.assertElementAttribute_false_caseInsensitiveComparison_expectedToFail]
################################################################################################################################################
[ReportManager] Element Action [Type] successfully performed. With the following test data [AUTOMATION]. @30-09-2021 21:45:32.0193 PM
[ReportManager] Element Action [GetText] successfully performed. With the following test data [AUTOMATION]. @30-09-2021 21:45:32.0384 PM
[ReportManager] Loaded Shared OpenCV @30-09-2021 21:45:33.0178 PM
[ReportManager] Assertion [ValidateElementAttribute] FAILED. Expected [Value Should not be 'AutomaTion' for the 'text' attribute, element locator 'By.name: q'] and Actual [AUTOMATION]. Comparison Type [CASE_INSENSITIVE]. Validation Type [NEGATIVE]. @30-09-2021 21:45:33.0536 PM
[ReportManager] Successfully created attachment [Screenshot - 1633038332647_assertElementAttribute_false_caseInsensitiveComparison_expectedToFail_ValidateElementAttribute_failed] @30-09-2021 21:45:33.0557 P
[ReportManager] Browser Action [CloseCurrentWindow] successfully performed. @30-09-2021 21:45:33.0753 PM
[ReportManager] Successfully created attachment [Browser Action Test Data - CloseCurrentWindow - Actual Value] @30-09-2021 21:45:33.0758 P
[ReportManager] File Action [GetAbsolutePath] successfully performed. With the following test data [Relative Folder Path: "target/downloadedFiles/"]. @30-09-2021 21:45:33.0774 PM
[ReportManager] Attempting to run remotely on: [Linux-64], [GoogleChrome], [http://localhost:4444/wd/hub], Headless Execution. @30-09-2021 21:45:33.0775 PM
[ReportManager] Successfully Opened [GoogleChrome]. @30-09-2021 21:45:34.0075 PM
[ReportManager] Target URL: [https://www.google.com/ncr], and after redirection: [www.google.com] @30-09-2021 21:45:34.0107 PM
[ReportManager] Initial URL: [data:,] @30-09-2021 21:45:34.0175 PM
[ReportManager] Browser Action [NavigateToURL] successfully performed. With the following test data [https://www.google.com/ncr]. @30-09-2021 21:45:35.0168 P

################################################################################################################################################
Starting Execution:	[10 out of 144] test cases in the current suite
Test Method:		[unitTests.tests_validations_assertions.assertElementAttribute_false_caseInsensitiveComparison_expectedToPass]
################################################################################################################################################
[ReportManager] Element Action [Type] successfully performed. With the following test data [AUTOMATION]. @30-09-2021 21:45:35.0668 PM
[ReportManager] Element Action [GetText] successfully performed. With the following test data [AUTOMATION]. @30-09-2021 21:45:35.0823 PM
[ReportManager] Loaded Shared OpenCV @30-09-2021 21:45:36.0014 PM
[ReportManager] Assertion [ValidateElementAttribute] PASSED. Expected [Value Should not be 'AutomaTion123' for the 'text' attribute, element locator 'By.name: q'] and Actual [AUTOMATION]. Comparison Type [CASE_INSENSITIVE]. Validation Type [NEGATIVE]. @30-09-2021 21:45:36.0153 PM
[ReportManager] Successfully created attachment [Screenshot - 1633038336013_assertElementAttribute_false_caseInsensitiveComparison_expectedToPass_ValidateElementAttribute_passed] @30-09-2021 21:45:36.0156 P
[ReportManager] Browser Action [CloseCurrentWindow] successfully performed. @30-09-2021 21:45:36.0303 PM
[ReportManager] Successfully created attachment [Browser Action Test Data - CloseCurrentWindow - Actual Value] @30-09-2021 21:45:36.0305 P
[ReportManager] File Action [GetAbsolutePath] successfully performed. With the following test data [Relative Folder Path: "target/downloadedFiles/"]. @30-09-2021 21:45:36.0317 PM
[ReportManager] Attempting to run remotely on: [Linux-64], [GoogleChrome], [http://localhost:4444/wd/hub], Headless Execution. @30-09-2021 21:45:36.0318 PM
[ReportManager] Successfully Opened [GoogleChrome]. @30-09-2021 21:45:36.0596 PM
[ReportManager] Target URL: [https://www.google.com/ncr], and after redirection: [www.google.com] @30-09-2021 21:45:36.0618 PM
[ReportManager] Initial URL: [data:,] @30-09-2021 21:45:36.0693 PM
[ReportManager] Browser Action [NavigateToURL] successfully performed. With the following test data [https://www.google.com/ncr]. @30-09-2021 21:45:37.0640 P

################################################################################################################################################
Starting Execution:	[11 out of 144] test cases in the current suite
Test Method:		[unitTests.tests_validations_assertions.assertElementAttribute_false_containsComparison_expectedToFail]
################################################################################################################################################
[ReportManager] Element Action [Type] successfully performed. With the following test data [Automation123]. @30-09-2021 21:45:38.0090 PM
[ReportManager] Element Action [GetText] successfully performed. With the following test data [Automation123]. @30-09-2021 21:45:38.0257 PM
[ReportManager] Loaded Shared OpenCV @30-09-2021 21:45:38.0432 PM
[ReportManager] Assertion [ValidateElementAttribute] FAILED. Expected [Value Should not be 'Automation' for the 'text' attribute, element locator 'By.name: q'] and Actual [Automation123]. Comparison Type [CONTAINS]. Validation Type [NEGATIVE]. @30-09-2021 21:45:38.0513 PM
[ReportManager] Successfully created attachment [Screenshot - 1633038338432_assertElementAttribute_false_containsComparison_expectedToFail_ValidateElementAttribute_failed] @30-09-2021 21:45:38.0514 P
[ReportManager] Browser Action [CloseCurrentWindow] successfully performed. @30-09-2021 21:45:38.0692 PM
[ReportManager] Successfully created attachment [Browser Action Test Data - CloseCurrentWindow - Actual Value] @30-09-2021 21:45:38.0694 P
[ReportManager] File Action [GetAbsolutePath] successfully performed. With the following test data [Relative Folder Path: "target/downloadedFiles/"]. @30-09-2021 21:45:38.0708 PM
[ReportManager] Attempting to run remotely on: [Linux-64], [GoogleChrome], [http://localhost:4444/wd/hub], Headless Execution. @30-09-2021 21:45:38.0708 PM
[ReportManager] Successfully Opened [GoogleChrome]. @30-09-2021 21:45:38.0971 PM
[ReportManager] Target URL: [https://www.google.com/ncr], and after redirection: [www.google.com] @30-09-2021 21:45:39.0001 PM
[ReportManager] Initial URL: [data:,] @30-09-2021 21:45:39.0056 PM
[ReportManager] Browser Action [NavigateToURL] successfully performed. With the following test data [https://www.google.com/ncr]. @30-09-2021 21:45:40.0067 P

################################################################################################################################################
Starting Execution:	[12 out of 144] test cases in the current suite
Test Method:		[unitTests.tests_validations_assertions.assertElementAttribute_false_containsComparison_expectedToPass]
################################################################################################################################################
[ReportManager] Element Action [Type] successfully performed. With the following test data [Automation123]. @30-09-2021 21:45:40.0528 PM
[ReportManager] Element Action [GetText] successfully performed. With the following test data [Automation123]. @30-09-2021 21:45:40.0668 PM
[ReportManager] Loaded Shared OpenCV @30-09-2021 21:45:40.0831 PM
[ReportManager] Assertion [ValidateElementAttribute] PASSED. Expected [Value Should not be 'Automation1234' for the 'text' attribute, element locator 'By.name: q'] and Actual [Automation123]. Comparison Type [CONTAINS]. Validation Type [NEGATIVE]. @30-09-2021 21:45:40.0906 PM
[ReportManager] Successfully created attachment [Screenshot - 1633038340830_assertElementAttribute_false_containsComparison_expectedToPass_ValidateElementAttribute_passed] @30-09-2021 21:45:40.0908 P
[ReportManager] Browser Action [CloseCurrentWindow] successfully performed. @30-09-2021 21:45:41.0056 PM
[ReportManager] Successfully created attachment [Browser Action Test Data - CloseCurrentWindow - Actual Value] @30-09-2021 21:45:41.0057 P
[ReportManager] File Action [GetAbsolutePath] successfully performed. With the following test data [Relative Folder Path: "target/downloadedFiles/"]. @30-09-2021 21:45:41.0061 PM
[ReportManager] Attempting to run remotely on: [Linux-64], [GoogleChrome], [http://localhost:4444/wd/hub], Headless Execution. @30-09-2021 21:45:41.0061 PM
[ReportManager] Successfully Opened [GoogleChrome]. @30-09-2021 21:45:41.0321 PM
[ReportManager] Target URL: [https://www.google.com/ncr], and after redirection: [www.google.com] @30-09-2021 21:45:41.0354 PM
[ReportManager] Initial URL: [data:,] @30-09-2021 21:45:41.0406 PM
[ReportManager] Browser Action [NavigateToURL] successfully performed. With the following test data [https://www.google.com/ncr]. @30-09-2021 21:45:42.0404 P

################################################################################################################################################
Starting Execution:	[13 out of 144] test cases in the current suite
Test Method:		[unitTests.tests_validations_assertions.assertElementAttribute_false_literalComparison_expectedToFail]
################################################################################################################################################
[ReportManager] Element Action [Type] successfully performed. With the following test data [Automation!@#$%^&*()_+{}[]\';/.,]. @30-09-2021 21:45:42.0960 PM
[ReportManager] Element Action [GetText] successfully performed. With the following test data [Automation!@#$%^&*()_+{}[]\';/.,]. @30-09-2021 21:45:43.0101 PM
[ReportManager] Loaded Shared OpenCV @30-09-2021 21:45:43.0275 PM
[ReportManager] Assertion [ValidateElementAttribute] PASSED. Expected [Value Should not be 'Automation!@#$%^&*()_+{}[]\\';/.,' for the 'text' attribute, element locator 'By.name: q'] and Actual [Automation!@#$%^&*()_+{}[]\';/.,]. Comparison Type [EQUALS]. Validation Type [NEGATIVE]. @30-09-2021 21:45:43.0361 PM
[ReportManager] Successfully created attachment [Screenshot - 1633038343275_assertElementAttribute_false_literalComparison_expectedToFail_ValidateElementAttribute_passed] @30-09-2021 21:45:43.0362 P
[ReportManager] Browser Action [CloseCurrentWindow] successfully performed. @30-09-2021 21:45:43.0511 PM
[ReportManager] Successfully created attachment [Browser Action Test Data - CloseCurrentWindow - Actual Value] @30-09-2021 21:45:43.0512 P
[ReportManager] File Action [GetAbsolutePath] successfully performed. With the following test data [Relative Folder Path: "target/downloadedFiles/"]. @30-09-2021 21:45:43.0517 PM
[ReportManager] Attempting to run remotely on: [Linux-64], [GoogleChrome], [http://localhost:4444/wd/hub], Headless Execution. @30-09-2021 21:45:43.0517 PM
[ReportManager] Successfully Opened [GoogleChrome]. @30-09-2021 21:45:43.0800 PM
[ReportManager] Target URL: [https://www.google.com/ncr], and after redirection: [www.google.com] @30-09-2021 21:45:43.0824 PM
[ReportManager] Initial URL: [data:,] @30-09-2021 21:45:43.0887 PM
[ReportManager] Browser Action [NavigateToURL] successfully performed. With the following test data [https://www.google.com/ncr]. @30-09-2021 21:45:44.0891 P

################################################################################################################################################
Starting Execution:	[14 out of 144] test cases in the current suite
Test Method:		[unitTests.tests_validations_assertions.assertElementAttribute_false_literalComparison_expectedToPass]
################################################################################################################################################
[ReportManager] Element Action [Type] successfully performed. With the following test data [Automation!@#$%^&*()_+{}[]\';/.,]. @30-09-2021 21:45:45.0471 PM
[ReportManager] Element Action [GetText] successfully performed. With the following test data [Automation!@#$%^&*()_+{}[]\';/.,]. @30-09-2021 21:45:45.0585 PM
[ReportManager] Loaded Shared OpenCV @30-09-2021 21:45:45.0769 PM
[ReportManager] Assertion [ValidateElementAttribute] PASSED. Expected [Value Should not be 'Automation' for the 'text' attribute, element locator 'By.name: q'] and Actual [Automation!@#$%^&*()_+{}[]\';/.,]. Comparison Type [EQUALS]. Validation Type [NEGATIVE]. @30-09-2021 21:45:45.0849 PM
[ReportManager] Successfully created attachment [Screenshot - 1633038345768_assertElementAttribute_false_literalComparison_expectedToPass_ValidateElementAttribute_passed] @30-09-2021 21:45:45.0850 P
[ReportManager] Browser Action [CloseCurrentWindow] successfully performed. @30-09-2021 21:45:45.0989 PM
[ReportManager] Successfully created attachment [Browser Action Test Data - CloseCurrentWindow - Actual Value] @30-09-2021 21:45:45.0992 P
[ReportManager] File Action [GetAbsolutePath] successfully performed. With the following test data [Relative Folder Path: "target/downloadedFiles/"]. @30-09-2021 21:45:45.0997 PM
[ReportManager] Attempting to run remotely on: [Linux-64], [GoogleChrome], [http://localhost:4444/wd/hub], Headless Execution. @30-09-2021 21:45:45.0997 PM
[ReportManager] Successfully Opened [GoogleChrome]. @30-09-2021 21:45:46.0300 PM
[ReportManager] Target URL: [https://www.google.com/ncr], and after redirection: [www.google.com] @30-09-2021 21:45:46.0327 PM
[ReportManager] Initial URL: [data:,] @30-09-2021 21:45:46.0388 PM
[ReportManager] Browser Action [NavigateToURL] successfully performed. With the following test data [https://www.google.com/ncr]. @30-09-2021 21:45:47.0311 P

################################################################################################################################################
Starting Execution:	[15 out of 144] test cases in the current suite
Test Method:		[unitTests.tests_validations_assertions.assertElementAttribute_false_regexComparison_expectedToFail]
################################################################################################################################################
[ReportManager] Element Action [Type] successfully performed. With the following test data [Automation123]. @30-09-2021 21:45:47.0749 PM
[ReportManager] Element Action [GetText] successfully performed. With the following test data [Automation123]. @30-09-2021 21:45:47.0863 PM
[ReportManager] Loaded Shared OpenCV @30-09-2021 21:45:48.0013 PM
[ReportManager] Assertion [ValidateElementAttribute] FAILED. Expected [Value Should not be 'Automation.*' for the 'text' attribute, element locator 'By.name: q'] and Actual [Automation123]. Comparison Type [MATCHES]. Validation Type [NEGATIVE]. @30-09-2021 21:45:48.0090 PM
[ReportManager] Successfully created attachment [Screenshot - 1633038348013_assertElementAttribute_false_regexComparison_expectedToFail_ValidateElementAttribute_failed] @30-09-2021 21:45:48.0091 P
[ReportManager] Browser Action [CloseCurrentWindow] successfully performed. @30-09-2021 21:45:48.0232 PM
[ReportManager] Successfully created attachment [Browser Action Test Data - CloseCurrentWindow - Actual Value] @30-09-2021 21:45:48.0233 P
[ReportManager] File Action [GetAbsolutePath] successfully performed. With the following test data [Relative Folder Path: "target/downloadedFiles/"]. @30-09-2021 21:45:48.0236 PM
[ReportManager] Attempting to run remotely on: [Linux-64], [GoogleChrome], [http://localhost:4444/wd/hub], Headless Execution. @30-09-2021 21:45:48.0237 PM
[ReportManager] Successfully Opened [GoogleChrome]. @30-09-2021 21:45:48.0507 PM
[ReportManager] Target URL: [https://www.google.com/ncr], and after redirection: [www.google.com] @30-09-2021 21:45:48.0521 PM
[ReportManager] Initial URL: [data:,] @30-09-2021 21:45:48.0583 PM
[ReportManager] Browser Action [NavigateToURL] successfully performed. With the following test data [https://www.google.com/ncr]. @30-09-2021 21:45:49.0493 P

################################################################################################################################################
Starting Execution:	[16 out of 144] test cases in the current suite
Test Method:		[unitTests.tests_validations_assertions.assertElementAttribute_false_regexComparison_expectedToPass]
################################################################################################################################################
[ReportManager] Element Action [Type] successfully performed. With the following test data [Automation123]. @30-09-2021 21:45:49.0909 PM
[ReportManager] Element Action [GetText] successfully performed. With the following test data [Automation123]. @30-09-2021 21:45:50.0028 PM
[ReportManager] Loaded Shared OpenCV @30-09-2021 21:45:50.0177 PM
[ReportManager] Assertion [ValidateElementAttribute] PASSED. Expected [Value Should not be 'Automation' for the 'text' attribute, element locator 'By.name: q'] and Actual [Automation123]. Comparison Type [MATCHES]. Validation Type [NEGATIVE]. @30-09-2021 21:45:50.0265 PM
[ReportManager] Successfully created attachment [Screenshot - 1633038350177_assertElementAttribute_false_regexComparison_expectedToPass_ValidateElementAttribute_passed] @30-09-2021 21:45:50.0266 P
[ReportManager] Browser Action [CloseCurrentWindow] successfully performed. @30-09-2021 21:45:50.0412 PM
[ReportManager] Successfully created attachment [Browser Action Test Data - CloseCurrentWindow - Actual Value] @30-09-2021 21:45:50.0413 P
[ReportManager] File Action [GetAbsolutePath] successfully performed. With the following test data [Relative Folder Path: "target/downloadedFiles/"]. @30-09-2021 21:45:50.0424 PM
[ReportManager] Attempting to run remotely on: [Linux-64], [GoogleChrome], [http://localhost:4444/wd/hub], Headless Execution. @30-09-2021 21:45:50.0424 PM
[ReportManager] Successfully Opened [GoogleChrome]. @30-09-2021 21:45:50.0724 PM
[ReportManager] Target URL: [https://www.google.com/ncr], and after redirection: [www.google.com] @30-09-2021 21:45:50.0736 PM
[ReportManager] Initial URL: [data:,] @30-09-2021 21:45:50.0786 PM
[ReportManager] Browser Action [NavigateToURL] successfully performed. With the following test data [https://www.google.com/ncr]. @30-09-2021 21:45:51.0672 P

################################################################################################################################################
Starting Execution:	[17 out of 144] test cases in the current suite
Test Method:		[unitTests.tests_validations_assertions.assertElementAttribute_true_caseInsensitiveComparison_expectedToFail]
################################################################################################################################################
[ReportManager] Element Action [Type] successfully performed. With the following test data [AUTOMATION]. @30-09-2021 21:45:52.0083 PM
[ReportManager] Element Action [GetText] successfully performed. With the following test data [AUTOMATION]. @30-09-2021 21:45:52.0197 PM
[ReportManager] Loaded Shared OpenCV @30-09-2021 21:45:52.0352 PM
[ReportManager] Assertion [ValidateElementAttribute] FAILED. Expected [Value Should be 'AutomaTion123' for the 'text' attribute, element locator 'By.name: q'] and Actual [AUTOMATION]. Comparison Type [CASE_INSENSITIVE]. Validation Type [POSITIVE]. @30-09-2021 21:45:52.0436 PM
[ReportManager] Successfully created attachment [Screenshot - 1633038352352_assertElementAttribute_true_caseInsensitiveComparison_expectedToFail_ValidateElementAttribute_failed] @30-09-2021 21:45:52.0437 P
[ReportManager] Browser Action [CloseCurrentWindow] successfully performed. @30-09-2021 21:45:52.0573 PM
[ReportManager] Successfully created attachment [Browser Action Test Data - CloseCurrentWindow - Actual Value] @30-09-2021 21:45:52.0574 P
[ReportManager] File Action [GetAbsolutePath] successfully performed. With the following test data [Relative Folder Path: "target/downloadedFiles/"]. @30-09-2021 21:45:52.0578 PM
[ReportManager] Attempting to run remotely on: [Linux-64], [GoogleChrome], [http://localhost:4444/wd/hub], Headless Execution. @30-09-2021 21:45:52.0579 PM
[ReportManager] Successfully Opened [GoogleChrome]. @30-09-2021 21:45:52.0810 PM
[ReportManager] Target URL: [https://www.google.com/ncr], and after redirection: [www.google.com] @30-09-2021 21:45:52.0821 PM
[ReportManager] Initial URL: [data:,] @30-09-2021 21:45:52.0883 PM
[ReportManager] Browser Action [NavigateToURL] successfully performed. With the following test data [https://www.google.com/ncr]. @30-09-2021 21:45:53.0776 P

################################################################################################################################################
Starting Execution:	[18 out of 144] test cases in the current suite
Test Method:		[unitTests.tests_validations_assertions.assertElementAttribute_true_caseInsensitiveComparison_expectedToPass]
################################################################################################################################################
[ReportManager] Element Action [Type] successfully performed. With the following test data [AUTOMATION]. @30-09-2021 21:45:54.0181 PM
[ReportManager] Element Action [GetText] successfully performed. With the following test data [AUTOMATION]. @30-09-2021 21:45:54.0301 PM
[ReportManager] Loaded Shared OpenCV @30-09-2021 21:45:54.0451 PM
[ReportManager] Assertion [ValidateElementAttribute] PASSED. Expected [Value Should be 'AutomaTion' for the 'text' attribute, element locator 'By.name: q'] and Actual [AUTOMATION]. Comparison Type [CASE_INSENSITIVE]. Validation Type [POSITIVE]. @30-09-2021 21:45:54.0534 PM
[ReportManager] Successfully created attachment [Screenshot - 1633038354450_assertElementAttribute_true_caseInsensitiveComparison_expectedToPass_ValidateElementAttribute_passed] @30-09-2021 21:45:54.0536 P
[ReportManager] Browser Action [CloseCurrentWindow] successfully performed. @30-09-2021 21:45:54.0668 PM
[ReportManager] Successfully created attachment [Browser Action Test Data - CloseCurrentWindow - Actual Value] @30-09-2021 21:45:54.0669 P
[ReportManager] File Action [GetAbsolutePath] successfully performed. With the following test data [Relative Folder Path: "target/downloadedFiles/"]. @30-09-2021 21:45:54.0672 PM
[ReportManager] Attempting to run remotely on: [Linux-64], [GoogleChrome], [http://localhost:4444/wd/hub], Headless Execution. @30-09-2021 21:45:54.0674 PM
[ReportManager] Successfully Opened [GoogleChrome]. @30-09-2021 21:45:54.0934 PM
[ReportManager] Target URL: [https://www.google.com/ncr], and after redirection: [www.google.com] @30-09-2021 21:45:54.0946 PM
[ReportManager] Initial URL: [data:,] @30-09-2021 21:45:54.0998 PM
[ReportManager] Browser Action [NavigateToURL] successfully performed. With the following test data [https://www.google.com/ncr]. @30-09-2021 21:45:55.0890 P

################################################################################################################################################
Starting Execution:	[19 out of 144] test cases in the current suite
Test Method:		[unitTests.tests_validations_assertions.assertElementAttribute_true_containsComparison_expectedToFail]
################################################################################################################################################
[ReportManager] Element Action [Type] successfully performed. With the following test data [Automation123]. @30-09-2021 21:45:56.0295 PM
[ReportManager] Element Action [GetText] successfully performed. With the following test data [Automation123]. @30-09-2021 21:45:56.0421 PM
[ReportManager] Loaded Shared OpenCV @30-09-2021 21:45:56.0574 PM
[ReportManager] Assertion [ValidateElementAttribute] FAILED. Expected [Value Should be 'Automation1234' for the 'text' attribute, element locator 'By.name: q'] and Actual [Automation123]. Comparison Type [CONTAINS]. Validation Type [POSITIVE]. @30-09-2021 21:45:56.0653 PM
[ReportManager] Successfully created attachment [Screenshot - 1633038356574_assertElementAttribute_true_containsComparison_expectedToFail_ValidateElementAttribute_failed] @30-09-2021 21:45:56.0655 P
[ReportManager] Browser Action [CloseCurrentWindow] successfully performed. @30-09-2021 21:45:56.0793 PM
[ReportManager] Successfully created attachment [Browser Action Test Data - CloseCurrentWindow - Actual Value] @30-09-2021 21:45:56.0794 P
[ReportManager] File Action [GetAbsolutePath] successfully performed. With the following test data [Relative Folder Path: "target/downloadedFiles/"]. @30-09-2021 21:45:56.0797 PM
[ReportManager] Attempting to run remotely on: [Linux-64], [GoogleChrome], [http://localhost:4444/wd/hub], Headless Execution. @30-09-2021 21:45:56.0798 PM
[ReportManager] Successfully Opened [GoogleChrome]. @30-09-2021 21:45:57.0096 PM
[ReportManager] Target URL: [https://www.google.com/ncr], and after redirection: [www.google.com] @30-09-2021 21:45:57.0119 PM
[ReportManager] Initial URL: [data:,] @30-09-2021 21:45:57.0171 PM
[ReportManager] Browser Action [NavigateToURL] successfully performed. With the following test data [https://www.google.com/ncr]. @30-09-2021 21:45:58.0080 P

################################################################################################################################################
Starting Execution:	[20 out of 144] test cases in the current suite
Test Method:		[unitTests.tests_validations_assertions.assertElementAttribute_true_containsComparison_expectedToPass]
################################################################################################################################################
[ReportManager] Element Action [Type] successfully performed. With the following test data [Automation123]. @30-09-2021 21:45:58.0544 PM
[ReportManager] Element Action [GetText] successfully performed. With the following test data [Automation123]. @30-09-2021 21:45:58.0668 PM
[ReportManager] Loaded Shared OpenCV @30-09-2021 21:45:58.0809 PM
[ReportManager] Assertion [ValidateElementAttribute] PASSED. Expected [Value Should be 'Automation' for the 'text' attribute, element locator 'By.name: q'] and Actual [Automation123]. Comparison Type [CONTAINS]. Validation Type [POSITIVE]. @30-09-2021 21:45:58.0883 PM
[ReportManager] Successfully created attachment [Screenshot - 1633038358809_assertElementAttribute_true_containsComparison_expectedToPass_ValidateElementAttribute_passed] @30-09-2021 21:45:58.0884 P
[ReportManager] Browser Action [CloseCurrentWindow] successfully performed. @30-09-2021 21:45:59.0008 PM
[ReportManager] Successfully created attachment [Browser Action Test Data - CloseCurrentWindow - Actual Value] @30-09-2021 21:45:59.0009 P
[ReportManager] File Action [GetAbsolutePath] successfully performed. With the following test data [Relative Folder Path: "target/downloadedFiles/"]. @30-09-2021 21:45:59.0012 PM
[ReportManager] Attempting to run remotely on: [Linux-64], [GoogleChrome], [http://localhost:4444/wd/hub], Headless Execution. @30-09-2021 21:45:59.0012 PM
[ReportManager] Successfully Opened [GoogleChrome]. @30-09-2021 21:45:59.0308 PM
[ReportManager] Target URL: [https://www.google.com/ncr], and after redirection: [www.google.com] @30-09-2021 21:45:59.0320 PM
[ReportManager] Initial URL: [data:,] @30-09-2021 21:45:59.0365 PM
[ReportManager] Browser Action [NavigateToURL] successfully performed. With the following test data [https://www.google.com/ncr]. @30-09-2021 21:46:00.0251 P

################################################################################################################################################
Starting Execution:	[21 out of 144] test cases in the current suite
Test Method:		[unitTests.tests_validations_assertions.assertElementAttribute_true_literalComparison_expectedToFail]
################################################################################################################################################
[ReportManager] Element Action [Type] successfully performed. With the following test data [Automation!@#$%^&*()_+{}[]\';/.,]. @30-09-2021 21:46:00.0796 PM
[ReportManager] Element Action [GetText] successfully performed. With the following test data [Automation!@#$%^&*()_+{}[]\';/.,]. @30-09-2021 21:46:00.0920 PM
[ReportManager] Loaded Shared OpenCV @30-09-2021 21:46:01.0125 PM
[ReportManager] Assertion [ValidateElementAttribute] FAILED. Expected [Value Should be 'Automation' for the 'text' attribute, element locator 'By.name: q'] and Actual [Automation!@#$%^&*()_+{}[]\';/.,]. Comparison Type [EQUALS]. Validation Type [POSITIVE]. @30-09-2021 21:46:01.0234 PM
[ReportManager] Successfully created attachment [Screenshot - 1633038361125_assertElementAttribute_true_literalComparison_expectedToFail_ValidateElementAttribute_failed] @30-09-2021 21:46:01.0236 P
[ReportManager] Browser Action [CloseCurrentWindow] successfully performed. @30-09-2021 21:46:01.0380 PM
[ReportManager] Successfully created attachment [Browser Action Test Data - CloseCurrentWindow - Actual Value] @30-09-2021 21:46:01.0381 P
[ReportManager] File Action [GetAbsolutePath] successfully performed. With the following test data [Relative Folder Path: "target/downloadedFiles/"]. @30-09-2021 21:46:01.0394 PM
[ReportManager] Attempting to run remotely on: [Linux-64], [GoogleChrome], [http://localhost:4444/wd/hub], Headless Execution. @30-09-2021 21:46:01.0395 PM
[ReportManager] Successfully Opened [GoogleChrome]. @30-09-2021 21:46:01.0696 PM
[ReportManager] Target URL: [https://www.google.com/ncr], and after redirection: [www.google.com] @30-09-2021 21:46:01.0710 PM
[ReportManager] Initial URL: [data:,] @30-09-2021 21:46:01.0758 PM
[ReportManager] Browser Action [NavigateToURL] successfully performed. With the following test data [https://www.google.com/ncr]. @30-09-2021 21:46:02.0662 P

################################################################################################################################################
Starting Execution:	[22 out of 144] test cases in the current suite
Test Method:		[unitTests.tests_validations_assertions.assertElementAttribute_true_literalComparison_expectedToPass]
################################################################################################################################################
[ReportManager] Element Action [Type] successfully performed. With the following test data [Automation!@#$%^&*()_+{}[]\';/.,]. @30-09-2021 21:46:03.0180 PM
[ReportManager] Element Action [GetText] successfully performed. With the following test data [Automation!@#$%^&*()_+{}[]\';/.,]. @30-09-2021 21:46:03.0283 PM
[ReportManager] Loaded Shared OpenCV @30-09-2021 21:46:03.0434 PM
[ReportManager] Assertion [ValidateElementAttribute] PASSED. Expected [Value Should be 'Automation!@#$%^&*()_+{}[]\';/.,' for the 'text' attribute, element locator 'By.name: q'] and Actual [Automation!@#$%^&*()_+{}[]\';/.,]. Comparison Type [EQUALS]. Validation Type [POSITIVE]. @30-09-2021 21:46:03.0512 PM
[ReportManager] Successfully created attachment [Screenshot - 1633038363434_assertElementAttribute_true_literalComparison_expectedToPass_ValidateElementAttribute_passed] @30-09-2021 21:46:03.0514 P
[ReportManager] Browser Action [CloseCurrentWindow] successfully performed. @30-09-2021 21:46:03.0643 PM
[ReportManager] Successfully created attachment [Browser Action Test Data - CloseCurrentWindow - Actual Value] @30-09-2021 21:46:03.0644 P
[ReportManager] File Action [GetAbsolutePath] successfully performed. With the following test data [Relative Folder Path: "target/downloadedFiles/"]. @30-09-2021 21:46:03.0647 PM
[ReportManager] Attempting to run remotely on: [Linux-64], [GoogleChrome], [http://localhost:4444/wd/hub], Headless Execution. @30-09-2021 21:46:03.0647 PM
[ReportManager] Successfully Opened [GoogleChrome]. @30-09-2021 21:46:03.0898 PM
[ReportManager] Target URL: [https://www.google.com/ncr], and after redirection: [www.google.com] @30-09-2021 21:46:03.0911 PM
[ReportManager] Initial URL: [data:,] @30-09-2021 21:46:03.0956 PM
[ReportManager] Browser Action [NavigateToURL] successfully performed. With the following test data [https://www.google.com/ncr]. @30-09-2021 21:46:04.0838 P

################################################################################################################################################
Starting Execution:	[23 out of 144] test cases in the current suite
Test Method:		[unitTests.tests_validations_assertions.assertElementAttribute_true_regexComparison_expectedToFail]
################################################################################################################################################
[ReportManager] Element Action [Type] successfully performed. With the following test data [Automation123]. @30-09-2021 21:46:05.0280 PM
[ReportManager] Element Action [GetText] successfully performed. With the following test data [Automation123]. @30-09-2021 21:46:05.0454 PM
[ReportManager] Loaded Shared OpenCV @30-09-2021 21:46:05.0592 PM
[ReportManager] Assertion [ValidateElementAttribute] FAILED. Expected [Value Should be 'Automation' for the 'text' attribute, element locator 'By.name: q'] and Actual [Automation123]. Comparison Type [MATCHES]. Validation Type [POSITIVE]. @30-09-2021 21:46:05.0668 PM
[ReportManager] Successfully created attachment [Screenshot - 1633038365592_assertElementAttribute_true_regexComparison_expectedToFail_ValidateElementAttribute_failed] @30-09-2021 21:46:05.0669 P
[ReportManager] Browser Action [CloseCurrentWindow] successfully performed. @30-09-2021 21:46:05.0800 PM
[ReportManager] Successfully created attachment [Browser Action Test Data - CloseCurrentWindow - Actual Value] @30-09-2021 21:46:05.0801 P
[ReportManager] File Action [GetAbsolutePath] successfully performed. With the following test data [Relative Folder Path: "target/downloadedFiles/"]. @30-09-2021 21:46:05.0804 PM
[ReportManager] Attempting to run remotely on: [Linux-64], [GoogleChrome], [http://localhost:4444/wd/hub], Headless Execution. @30-09-2021 21:46:05.0805 PM
[ReportManager] Successfully Opened [GoogleChrome]. @30-09-2021 21:46:06.0026 PM
[ReportManager] Target URL: [https://www.google.com/ncr], and after redirection: [www.google.com] @30-09-2021 21:46:06.0046 PM
[ReportManager] Initial URL: [data:,] @30-09-2021 21:46:06.0088 PM
[ReportManager] Browser Action [NavigateToURL] successfully performed. With the following test data [https://www.google.com/ncr]. @30-09-2021 21:46:06.0998 P

################################################################################################################################################
Starting Execution:	[24 out of 144] test cases in the current suite
Test Method:		[unitTests.tests_validations_assertions.assertElementAttribute_true_regexComparison_expectedToPass]
################################################################################################################################################
[ReportManager] Element Action [Type] successfully performed. With the following test data [Automation123]. @30-09-2021 21:46:07.0422 PM
[ReportManager] Element Action [GetText] successfully performed. With the following test data [Automation123]. @30-09-2021 21:46:07.0570 PM
[ReportManager] Loaded Shared OpenCV @30-09-2021 21:46:07.0715 PM
[ReportManager] Assertion [ValidateElementAttribute] PASSED. Expected [Value Should be 'Automation.*' for the 'text' attribute, element locator 'By.name: q'] and Actual [Automation123]. Comparison Type [MATCHES]. Validation Type [POSITIVE]. @30-09-2021 21:46:07.0792 PM
[ReportManager] Successfully created attachment [Screenshot - 1633038367715_assertElementAttribute_true_regexComparison_expectedToPass_ValidateElementAttribute_passed] @30-09-2021 21:46:07.0794 P
[ReportManager] Browser Action [CloseCurrentWindow] successfully performed. @30-09-2021 21:46:07.0921 PM
[ReportManager] Successfully created attachment [Browser Action Test Data - CloseCurrentWindow - Actual Value] @30-09-2021 21:46:07.0922 P
[ReportManager] File Action [GetAbsolutePath] successfully performed. With the following test data [Relative Folder Path: "target/downloadedFiles/"]. @30-09-2021 21:46:07.0925 PM
[ReportManager] Attempting to run remotely on: [Linux-64], [GoogleChrome], [http://localhost:4444/wd/hub], Headless Execution. @30-09-2021 21:46:07.0926 PM
[ReportManager] Successfully Opened [GoogleChrome]. @30-09-2021 21:46:08.0161 PM
[ReportManager] Target URL: [https://www.google.com/ncr], and after redirection: [www.google.com] @30-09-2021 21:46:08.0179 PM
[ReportManager] Initial URL: [data:,] @30-09-2021 21:46:08.0222 PM
[ReportManager] Browser Action [NavigateToURL] successfully performed. With the following test data [https://www.google.com/ncr]. @30-09-2021 21:46:09.0176 P

################################################################################################################################################
Starting Execution:	[25 out of 144] test cases in the current suite
Test Method:		[unitTests.tests_validations_assertions.assertElementAttribute_type_true_literalComparison_expectedToPass]
################################################################################################################################################
[ReportManager] Element Action [Type] successfully performed. With the following test data [Automation!@#$%^&*()_+{}[]\';/.,]. @30-09-2021 21:46:09.0673 PM
[ReportManager] Element Action [GetText] successfully performed. With the following test data [Automation!@#$%^&*()_+{}[]\';/.,]. @30-09-2021 21:46:09.0780 PM
[ReportManager] Loaded Shared OpenCV @30-09-2021 21:46:09.0953 PM
[ReportManager] Assertion [ValidateElementAttribute] PASSED. Expected [Value Should be 'Automation!@#$%^&*()_+{}[]\';/.,' for the 'text' attribute, element locator 'By.name: q'] and Actual [Automation!@#$%^&*()_+{}[]\';/.,]. Comparison Type [EQUALS]. Validation Type [POSITIVE]. @30-09-2021 21:46:10.0040 PM
[ReportManager] Successfully created attachment [Screenshot - 1633038369953_assertElementAttribute_type_true_literalComparison_expectedToPass_ValidateElementAttribute_passed] @30-09-2021 21:46:10.0041 P
[ReportManager] Browser Action [CloseCurrentWindow] successfully performed. @30-09-2021 21:46:10.0177 PM
[ReportManager] Successfully created attachment [Browser Action Test Data - CloseCurrentWindow - Actual Value] @30-09-2021 21:46:10.0182 P
[ReportManager] File Action [GetAbsolutePath] successfully performed. With the following test data [Relative Folder Path: "target/downloadedFiles/"]. @30-09-2021 21:46:10.0185 PM
[ReportManager] Attempting to run remotely on: [Linux-64], [GoogleChrome], [http://localhost:4444/wd/hub], Headless Execution. @30-09-2021 21:46:10.0186 PM
[ReportManager] Successfully Opened [GoogleChrome]. @30-09-2021 21:46:10.0515 PM
[ReportManager] Target URL: [https://www.google.com/ncr], and after redirection: [www.google.com] @30-09-2021 21:46:10.0534 PM
[ReportManager] Initial URL: [data:,] @30-09-2021 21:46:10.0602 PM
[ReportManager] Browser Action [NavigateToURL] successfully performed. With the following test data [https://www.google.com/ncr]. @30-09-2021 21:46:11.0504 P

################################################################################################################################################
Starting Execution:	[26 out of 144] test cases in the current suite
Test Method:		[unitTests.tests_validations_assertions.assertElementExists_false_expectedToFail]
################################################################################################################################################
[ReportManager] Assertion [ValidateElementExists] PASSED. Expected [Element Should not Exist, locator 'By.id: hplogo'] and Actual [Element Doesn't Exists]. Comparison Type [EQUALS]. Validation Type [NEGATIVE]. @30-09-2021 21:46:21.0965 PM
[ReportManager] Successfully created attachment [Screenshot - 1633038381862_assertElementExists_false_expectedToFail_ValidateElementExists_passed] @30-09-2021 21:46:21.0966 P
[ReportManager] Browser Action [CloseCurrentWindow] successfully performed. @30-09-2021 21:46:22.0096 PM
[ReportManager] Successfully created attachment [Browser Action Test Data - CloseCurrentWindow - Actual Value] @30-09-2021 21:46:22.0097 P
[ReportManager] File Action [GetAbsolutePath] successfully performed. With the following test data [Relative Folder Path: "target/downloadedFiles/"]. @30-09-2021 21:46:22.0099 PM
[ReportManager] Attempting to run remotely on: [Linux-64], [GoogleChrome], [http://localhost:4444/wd/hub], Headless Execution. @30-09-2021 21:46:22.0100 PM
[ReportManager] Successfully Opened [GoogleChrome]. @30-09-2021 21:46:22.0343 PM
[ReportManager] Target URL: [https://www.google.com/ncr], and after redirection: [www.google.com] @30-09-2021 21:46:22.0354 PM
[ReportManager] Initial URL: [data:,] @30-09-2021 21:46:22.0410 PM
[ReportManager] Browser Action [NavigateToURL] successfully performed. With the following test data [https://www.google.com/ncr]. @30-09-2021 21:46:23.0324 P

################################################################################################################################################
Starting Execution:	[27 out of 144] test cases in the current suite
Test Method:		[unitTests.tests_validations_assertions.assertElementExists_false_expectedToPass]
################################################################################################################################################
[ReportManager] Assertion [ValidateElementExists] PASSED. Expected [Element Should not Exist, locator 'By.id: fakeElement'] and Actual [Element Doesn't Exists]. Comparison Type [EQUALS]. Validation Type [NEGATIVE]. @30-09-2021 21:46:33.0745 PM
[ReportManager] Successfully created attachment [Screenshot - 1633038393675_assertElementExists_false_expectedToPass_ValidateElementExists_passed] @30-09-2021 21:46:33.0745 P
[ReportManager] Browser Action [CloseCurrentWindow] successfully performed. @30-09-2021 21:46:33.0878 PM
[ReportManager] Successfully created attachment [Browser Action Test Data - CloseCurrentWindow - Actual Value] @30-09-2021 21:46:33.0879 P
[ReportManager] File Action [GetAbsolutePath] successfully performed. With the following test data [Relative Folder Path: "target/downloadedFiles/"]. @30-09-2021 21:46:33.0885 PM
[ReportManager] Attempting to run remotely on: [Linux-64], [GoogleChrome], [http://localhost:4444/wd/hub], Headless Execution. @30-09-2021 21:46:33.0886 PM
[ReportManager] Successfully Opened [GoogleChrome]. @30-09-2021 21:46:34.0120 PM
[ReportManager] Target URL: [https://www.google.com/ncr], and after redirection: [www.google.com] @30-09-2021 21:46:34.0132 PM
[ReportManager] Initial URL: [data:,] @30-09-2021 21:46:34.0186 PM
[ReportManager] Browser Action [NavigateToURL] successfully performed. With the following test data [https://www.google.com/ncr]. @30-09-2021 21:46:35.0126 P

################################################################################################################################################
Starting Execution:	[28 out of 144] test cases in the current suite
Test Method:		[unitTests.tests_validations_assertions.assertElementExists_false_multipleElementsFound_expectedToFail]
################################################################################################################################################
[ReportManager] Assertion [ValidateElementExists] FAILED. Expected [Element Should not Exist, locator 'By.xpath: //div'] and Actual [Element Exists but is not unique]. Comparison Type [EQUALS]. Validation Type [NEGATIVE]. @30-09-2021 21:46:35.0406 PM
[ReportManager] Successfully created attachment [Screenshot - 1633038395342_assertElementExists_false_multipleElementsFound_expectedToFail_ValidateElementExists_failed] @30-09-2021 21:46:35.0407 P
[ReportManager] Browser Action [CloseCurrentWindow] successfully performed. @30-09-2021 21:46:35.0549 PM
[ReportManager] Successfully created attachment [Browser Action Test Data - CloseCurrentWindow - Actual Value] @30-09-2021 21:46:35.0550 P
[ReportManager] File Action [GetAbsolutePath] successfully performed. With the following test data [Relative Folder Path: "target/downloadedFiles/"]. @30-09-2021 21:46:35.0556 PM
[ReportManager] Attempting to run remotely on: [Linux-64], [GoogleChrome], [http://localhost:4444/wd/hub], Headless Execution. @30-09-2021 21:46:35.0557 PM
[ReportManager] Successfully Opened [GoogleChrome]. @30-09-2021 21:46:35.0835 PM
[ReportManager] Target URL: [https://www.google.com/ncr], and after redirection: [www.google.com] @30-09-2021 21:46:35.0849 PM
[ReportManager] Initial URL: [data:,] @30-09-2021 21:46:35.0912 PM
[ReportManager] Browser Action [NavigateToURL] successfully performed. With the following test data [https://www.google.com/ncr]. @30-09-2021 21:46:36.0823 P

################################################################################################################################################
Starting Execution:	[29 out of 144] test cases in the current suite
Test Method:		[unitTests.tests_validations_assertions.assertElementExists_true_expectedToFail]
################################################################################################################################################
[ReportManager] Assertion [ValidateElementExists] FAILED. Expected [Element Should Exist, locator 'By.id: fakeElement'] and Actual [Element Doesn't Exists]. Comparison Type [EQUALS]. Validation Type [POSITIVE]. @30-09-2021 21:47:07.0532 PM
[ReportManager] Successfully created attachment [Screenshot - 1633038427471_assertElementExists_true_expectedToFail_ValidateElementExists_failed] @30-09-2021 21:47:07.0533 P
[ReportManager] Browser Action [CloseCurrentWindow] successfully performed. @30-09-2021 21:47:07.0666 PM
[ReportManager] Successfully created attachment [Browser Action Test Data - CloseCurrentWindow - Actual Value] @30-09-2021 21:47:07.0667 P
[ReportManager] File Action [GetAbsolutePath] successfully performed. With the following test data [Relative Folder Path: "target/downloadedFiles/"]. @30-09-2021 21:47:07.0670 PM
[ReportManager] Attempting to run remotely on: [Linux-64], [GoogleChrome], [http://localhost:4444/wd/hub], Headless Execution. @30-09-2021 21:47:07.0670 PM
[ReportManager] Successfully Opened [GoogleChrome]. @30-09-2021 21:47:07.0926 PM
[ReportManager] Target URL: [https://www.google.com/ncr], and after redirection: [www.google.com] @30-09-2021 21:47:07.0940 PM
[ReportManager] Initial URL: [data:,] @30-09-2021 21:47:08.0002 PM
[ReportManager] Browser Action [NavigateToURL] successfully performed. With the following test data [https://www.google.com/ncr]. @30-09-2021 21:47:09.0023 P

################################################################################################################################################
Starting Execution:	[30 out of 144] test cases in the current suite
Test Method:		[unitTests.tests_validations_assertions.assertElementExists_true_expectedToPass]
################################################################################################################################################
[ReportManager] Loaded Shared OpenCV @30-09-2021 21:47:09.0238 PM
[ReportManager] Assertion [ValidateElementExists] PASSED. Expected [Element Should Exist, locator 'By.xpath: //*[@id='hplogo' or @alt='Google']'] and Actual [Element Exists]. Comparison Type [EQUALS]. Validation Type [POSITIVE]. @30-09-2021 21:47:09.0321 PM
[ReportManager] Successfully created attachment [Screenshot - 1633038429237_assertElementExists_true_expectedToPass_ValidateElementExists_passed] @30-09-2021 21:47:09.0322 P
[ReportManager] Browser Action [CloseCurrentWindow] successfully performed. @30-09-2021 21:47:09.0452 PM
[ReportManager] Successfully created attachment [Browser Action Test Data - CloseCurrentWindow - Actual Value] @30-09-2021 21:47:09.0453 P
[ReportManager] File Action [GetAbsolutePath] successfully performed. With the following test data [Relative Folder Path: "target/downloadedFiles/"]. @30-09-2021 21:47:09.0459 PM
[ReportManager] Attempting to run remotely on: [Linux-64], [GoogleChrome], [http://localhost:4444/wd/hub], Headless Execution. @30-09-2021 21:47:09.0460 PM
[ReportManager] Successfully Opened [GoogleChrome]. @30-09-2021 21:47:09.0690 PM
[ReportManager] Target URL: [https://www.google.com/ncr], and after redirection: [www.google.com] @30-09-2021 21:47:09.0705 PM
[ReportManager] Initial URL: [data:,] @30-09-2021 21:47:09.0756 PM
[ReportManager] Browser Action [NavigateToURL] successfully performed. With the following test data [https://www.google.com/ncr]. @30-09-2021 21:47:10.0728 P

################################################################################################################################################
Starting Execution:	[31 out of 144] test cases in the current suite
Test Method:		[unitTests.tests_validations_assertions.assertElementExists_true_multipleElementsFound_expectedToFail]
################################################################################################################################################
[ReportManager] Assertion [ValidateElementExists] FAILED. Expected [Element Should Exist, locator 'By.xpath: //div'] and Actual [Element Exists but is not unique]. Comparison Type [EQUALS]. Validation Type [POSITIVE]. @30-09-2021 21:47:10.0985 PM
[ReportManager] Successfully created attachment [Screenshot - 1633038430923_assertElementExists_true_multipleElementsFound_expectedToFail_ValidateElementExists_failed] @30-09-2021 21:47:10.0986 P
[ReportManager] Browser Action [CloseCurrentWindow] successfully performed. @30-09-2021 21:47:11.0122 PM
[ReportManager] Successfully created attachment [Browser Action Test Data - CloseCurrentWindow - Actual Value] @30-09-2021 21:47:11.0122 P

################################################################################################################################################
Starting Execution:	[32 out of 144] test cases in the current suite
Test Method:		[unitTests.tests_validations_assertions.assertEquals_false_expectedToFail]
################################################################################################################################################
[ReportManager] Assertion [ValidateEquals] FAILED. Expected [1] and Actual [1]. Comparison Type [EQUALS]. Validation Type [NEGATIVE]. @30-09-2021 21:47:11.0130 P

################################################################################################################################################
Starting Execution:	[33 out of 144] test cases in the current suite
Test Method:		[unitTests.tests_validations_assertions.assertEquals_false_expectedToPass]
################################################################################################################################################
[ReportManager] Assertion [ValidateEquals] PASSED. Expected [1] and Actual [2]. Comparison Type [EQUALS]. Validation Type [NEGATIVE]. @30-09-2021 21:47:11.0136 P

################################################################################################################################################
Starting Execution:	[34 out of 144] test cases in the current suite
Test Method:		[unitTests.tests_validations_assertions.assertEquals_longCharacters]
################################################################################################################################################
[ReportManager] Verification [ValidateEquals] PASSED. Expected and Actual values are attached. Comparison Type [EQUALS]. Validation Type [POSITIVE]. @30-09-2021 21:47:11.0144 PM
[ReportManager] Successfully created attachment [Validation Test Data - Expected Value] @30-09-2021 21:47:11.0144 PM
[ReportManager] Successfully created attachment [Validation Test Data - Actual Value] @30-09-2021 21:47:11.0144 PM
[ReportManager] Assertion [ValidateEquals] PASSED. Expected and Actual values are attached. Comparison Type [EQUALS]. Validation Type [POSITIVE]. @30-09-2021 21:47:11.0145 PM
[ReportManager] Successfully created attachment [Validation Test Data - Expected Value] @30-09-2021 21:47:11.0145 PM
[ReportManager] Successfully created attachment [Validation Test Data - Actual Value] @30-09-2021 21:47:11.0145 P

################################################################################################################################################
Starting Execution:	[35 out of 144] test cases in the current suite
Test Method:		[unitTests.tests_validations_assertions.assertEquals_longCharacters_Discreet]
################################################################################################################################################
[ReportManager] Assertion [ValidateEquals] PASSED. Expected [1LH5pROcDBjjQk0t0mCr0lXuzQu9lcGj28kY8R1H81X67eVAQJgWQhILiRWVPUgZ6uCtK5cnBkF55Jr9vYngjGO1Iyf0Mktv6lruDlL9T8MAUPcUZJGHZtji6nIeadujDSNmWMj5d6C8zlFqw0CRqBU0hO5adIasHgBSNoLotAjce3NGXoDwAlp3rYreeV16VIyZXROQY] and Actual [1LH5pROcDBjjQk0t0mCr0lXuzQu9lcGj28kY8R1H81X67eVAQJgWQhILiRWVPUgZ6uCtK5cnBkF55Jr9vYngjGO1Iyf0Mktv6lruDlL9T8MAUPcUZJGHZtji6nIeadujDSNmWMj5d6C8zlFqw0CRqBU0hO5adIasHgBSNoLotAjce3NGXoDwAlp3rYreeV16VIyZXROQY]. Comparison Type [EQUALS]. Validation Type [POSITIVE]. @30-09-2021 21:47:11.0167 P

################################################################################################################################################
Starting Execution:	[36 out of 144] test cases in the current suite
Test Method:		[unitTests.tests_validations_assertions.assertEquals_true_expectedToFail]
################################################################################################################################################
[ReportManager] Assertion [ValidateEquals] FAILED. Expected [1] and Actual [2]. Comparison Type [EQUALS]. Validation Type [POSITIVE]. @30-09-2021 21:47:11.0178 P

################################################################################################################################################
Starting Execution:	[37 out of 144] test cases in the current suite
Test Method:		[unitTests.tests_validations_assertions.assertEquals_true_expectedToPass]
Test Description:	[Assert that assertEquals works as expected when the two values are equal.]
################################################################################################################################################
[ReportManager] Verification [ValidateEquals] PASSED. Expected [1] and Actual [1]. Comparison Type [EQUALS]. Validation Type [POSITIVE]. @30-09-2021 21:47:11.0193 PM
[ReportManager] Assertion [ValidateEquals] PASSED. Expected [1] and Actual [1]. Comparison Type [EQUALS]. Validation Type [POSITIVE]. @30-09-2021 21:47:11.0194 P

################################################################################################################################################
Starting Execution:	[38 out of 144] test cases in the current suite
Test Method:		[unitTests.tests_validations_assertions.assertEquals_true_expectedToPass__]
################################################################################################################################################
[ReportManager] Assertion [ValidateEquals] PASSED. Expected [1] and Actual [1]. Comparison Type [EQUALS]. Validation Type [POSITIVE]. @30-09-2021 21:47:11.0201 P

################################################################################################################################################
Starting Execution:	[39 out of 144] test cases in the current suite
Test Method:		[unitTests.tests_validations_assertions.assertFileExists_false_expectedToFail]
################################################################################################################################################
[ReportManager] File Action [DoesFileExist] successfully performed. With the following test data [File Path: "src/main/java/com/shaft/gui/element/ElementActions.java"]. @30-09-2021 21:47:11.0206 PM
[ReportManager] Assertion [ValidateFileExists] FAILED. Expected [File 'src/main/java/com/shaft/gui/element/ElementActions.java' should not exist, after up to '1' retries] and Actual [File exists]. Validation Type [NEGATIVE]. @30-09-2021 21:47:11.0214 P

################################################################################################################################################
Starting Execution:	[40 out of 144] test cases in the current suite
Test Method:		[unitTests.tests_validations_assertions.assertFileExists_false_expectedToPass]
################################################################################################################################################
[ReportManager] File Action [DoesFileExist] successfully performed. With the following test data [File Path: "src/main/java/com/shaft/gui/element/ElementActions.java_fail"]. @30-09-2021 21:47:11.0718 PM
[ReportManager] Assertion [ValidateFileExists] PASSED. Expected [File 'src/main/java/com/shaft/gui/element/ElementActions.java_fail' should not exist, after up to '1' retries] and Actual [File does not exist]. Validation Type [NEGATIVE]. @30-09-2021 21:47:11.0719 P

################################################################################################################################################
Starting Execution:	[41 out of 144] test cases in the current suite
Test Method:		[unitTests.tests_validations_assertions.assertFileExists_true_expectedToFail]
################################################################################################################################################
[ReportManager] File Action [DoesFileExist] successfully performed. With the following test data [File Path: "src/main/java/com/shaft/gui/element/ElementActions.java_fail"]. @30-09-2021 21:47:12.0223 PM
[ReportManager] Assertion [ValidateFileExists] FAILED. Expected [File 'src/main/java/com/shaft/gui/element/ElementActions.java_fail' should exist, after up to '1' retries] and Actual [File does not exist]. Validation Type [POSITIVE]. @30-09-2021 21:47:12.0223 P

################################################################################################################################################
Starting Execution:	[42 out of 144] test cases in the current suite
Test Method:		[unitTests.tests_validations_assertions.assertFileExists_true_expectedToPass]
################################################################################################################################################
[ReportManager] File Action [DoesFileExist] successfully performed. With the following test data [File Path: "src/main/java/com/shaft/gui/element/ElementActions.java"]. @30-09-2021 21:47:12.0229 PM
[ReportManager] Assertion [ValidateFileExists] PASSED. Expected [File 'src/main/java/com/shaft/gui/element/ElementActions.java' should exist, after up to '1' retries] and Actual [File exists]. Validation Type [POSITIVE]. @30-09-2021 21:47:12.0230 P

################################################################################################################################################
Starting Execution:	[43 out of 144] test cases in the current suite
Test Method:		[unitTests.tests_validations_assertions.assertNull_false_expectedToFail]
################################################################################################################################################
[ReportManager] Assertion [ValidateNull] FAILED. Expected [NULL] and Actual [NULL]. Comparison Type [EQUALS]. Validation Type [NEGATIVE]. @30-09-2021 21:47:12.0237 P

################################################################################################################################################
Starting Execution:	[44 out of 144] test cases in the current suite
Test Method:		[unitTests.tests_validations_assertions.assertNull_false_expectedToPass]
################################################################################################################################################
[ReportManager] Assertion [ValidateNull] PASSED. Expected [NULL] and Actual [1]. Comparison Type [EQUALS]. Validation Type [NEGATIVE]. @30-09-2021 21:47:12.0242 P

################################################################################################################################################
Starting Execution:	[45 out of 144] test cases in the current suite
Test Method:		[unitTests.tests_validations_assertions.assertNull_true_expectedToFail]
################################################################################################################################################
[ReportManager] Assertion [ValidateNull] FAILED. Expected [NULL] and Actual [1]. Comparison Type [EQUALS]. Validation Type [POSITIVE]. @30-09-2021 21:47:12.0250 P

################################################################################################################################################
Starting Execution:	[46 out of 144] test cases in the current suite
Test Method:		[unitTests.tests_validations_assertions.assertNull_true_expectedToPass]
################################################################################################################################################
[ReportManager] Assertion [ValidateNull] PASSED. Expected [NULL] and Actual [NULL]. Comparison Type [EQUALS]. Validation Type [POSITIVE]. @30-09-2021 21:47:12.0256 P

################################################################################################################################################
Starting Execution:	[47 out of 144] test cases in the current suite
Test Method:		[unitTests.tests_restActions.getPostsAndAssertBodyForSpecificTitle]
################################################################################################################################################
[ReportManager] Response status code: [200], status line: [HTTP/1.1 200 OK] @30-09-2021 21:47:15.0076 PM
[ReportManager] Assertion Passed: Evaluating the actual response status code against the expected one... @30-09-2021 21:47:15.0076 PM
[ReportManager] Assertion [ValidateEquals] PASSED. Expected [200] and Actual [200]. Comparison Type [EQUALS]. Validation Type [POSITIVE]. @30-09-2021 21:47:15.0076 PM
[ReportManager] API Action [PerformRequest] successfully performed. With the following test data [Request Type: "GET" | Target Status Code: "200" | Service URL: "https://jsonplaceholder.typicode.com/posts" | Content Type: "*/*" | Response Time: "967ms"]. @30-09-2021 21:47:16.0385 PM
[ReportManager] Successfully created attachment [API Request - Specifications] @30-09-2021 21:47:16.0386 PM
[ReportManager] Successfully created attachment [API Response - JSON Body] @30-09-2021 21:47:16.0736 PM
[ReportManager] API Action [GetResponseJSONValueAsList] successfully performed. @30-09-2021 21:47:16.0789 PM
[ReportManager] API Action [GetResponseJSONValue] successfully performed. With the following test data [title]. @30-09-2021 21:47:16.0823 PM
[ReportManager] API Action [GetResponseJSONValue] successfully performed. With the following test data [title]. @30-09-2021 21:47:16.0849 PM
[ReportManager] API Action [GetResponseJSONValue] successfully performed. With the following test data [body]. @30-09-2021 21:47:16.0878 PM
[ReportManager] Assertion [ValidateEquals] PASSED. Expected [qui neque nisi nulla] and Actual [est rerum tempore vitae
sequi sint nihil reprehenderit dolor beatae ea dolores neque
fugiat blanditiis voluptate porro vel nihil molestiae ut reiciendis
qui aperiam non debitis possimus qui neque nisi nulla]. Comparison Type [CONTAINS]. Validation Type [POSITIVE]. @30-09-2021 21:47:16.0878 PM
[ReportManager] API Action [GetResponseJSONValue] successfully performed. With the following test data [title]. @30-09-2021 21:47:16.0897 PM
[ReportManager] API Action [GetResponseJSONValue] successfully performed. With the following test data [title]. @30-09-2021 21:47:16.0915 PM
[ReportManager] API Action [GetResponseJSONValue] successfully performed. With the following test data [title]. @30-09-2021 21:47:16.0937 PM
[ReportManager] API Action [GetResponseJSONValue] successfully performed. With the following test data [title]. @30-09-2021 21:47:16.0957 PM
[ReportManager] API Action [GetResponseJSONValue] successfully performed. With the following test data [title]. @30-09-2021 21:47:16.0978 PM
[ReportManager] API Action [GetResponseJSONValue] successfully performed. With the following test data [title]. @30-09-2021 21:47:16.0999 PM
[ReportManager] API Action [GetResponseJSONValue] successfully performed. With the following test data [title]. @30-09-2021 21:47:17.0019 PM
[ReportManager] API Action [GetResponseJSONValue] successfully performed. With the following test data [title]. @30-09-2021 21:47:17.0037 PM
[ReportManager] API Action [GetResponseJSONValue] successfully performed. With the following test data [title]. @30-09-2021 21:47:17.0057 PM
[ReportManager] API Action [GetResponseJSONValue] successfully performed. With the following test data [title]. @30-09-2021 21:47:17.0080 PM
[ReportManager] API Action [GetResponseJSONValue] successfully performed. With the following test data [title]. @30-09-2021 21:47:17.0109 PM
[ReportManager] API Action [GetResponseJSONValue] successfully performed. With the following test data [title]. @30-09-2021 21:47:17.0140 PM
[ReportManager] API Action [GetResponseJSONValue] successfully performed. With the following test data [title]. @30-09-2021 21:47:17.0159 PM
[ReportManager] API Action [GetResponseJSONValue] successfully performed. With the following test data [title]. @30-09-2021 21:47:17.0179 PM
[ReportManager] API Action [GetResponseJSONValue] successfully performed. With the following test data [title]. @30-09-2021 21:47:17.0202 PM
[ReportManager] API Action [GetResponseJSONValue] successfully performed. With the following test data [title]. @30-09-2021 21:47:17.0219 PM
[ReportManager] API Action [GetResponseJSONValue] successfully performed. With the following test data [title]. @30-09-2021 21:47:17.0236 PM
[ReportManager] API Action [GetResponseJSONValue] successfully performed. With the following test data [title]. @30-09-2021 21:47:17.0253 PM
[ReportManager] API Action [GetResponseJSONValue] successfully performed. With the following test data [title]. @30-09-2021 21:47:17.0266 PM
[ReportManager] API Action [GetResponseJSONValue] successfully performed. With the following test data [title]. @30-09-2021 21:47:17.0285 PM
[ReportManager] API Action [GetResponseJSONValue] successfully performed. With the following test data [title]. @30-09-2021 21:47:17.0302 PM
[ReportManager] API Action [GetResponseJSONValue] successfully performed. With the following test data [title]. @30-09-2021 21:47:17.0322 PM
[ReportManager] API Action [GetResponseJSONValue] successfully performed. With the following test data [title]. @30-09-2021 21:47:17.0338 PM
[ReportManager] API Action [GetResponseJSONValue] successfully performed. With the following test data [title]. @30-09-2021 21:47:17.0357 PM
[ReportManager] API Action [GetResponseJSONValue] successfully performed. With the following test data [title]. @30-09-2021 21:47:17.0376 PM
[ReportManager] API Action [GetResponseJSONValue] successfully performed. With the following test data [title]. @30-09-2021 21:47:17.0390 PM
[ReportManager] API Action [GetResponseJSONValue] successfully performed. With the following test data [title]. @30-09-2021 21:47:17.0408 PM
[ReportManager] API Action [GetResponseJSONValue] successfully performed. With the following test data [title]. @30-09-2021 21:47:17.0432 PM
[ReportManager] API Action [GetResponseJSONValue] successfully performed. With the following test data [title]. @30-09-2021 21:47:17.0447 PM
[ReportManager] API Action [GetResponseJSONValue] successfully performed. With the following test data [title]. @30-09-2021 21:47:17.0458 PM
[ReportManager] API Action [GetResponseJSONValue] successfully performed. With the following test data [title]. @30-09-2021 21:47:17.0473 PM
[ReportManager] API Action [GetResponseJSONValue] successfully performed. With the following test data [title]. @30-09-2021 21:47:17.0495 PM
[ReportManager] API Action [GetResponseJSONValue] successfully performed. With the following test data [title]. @30-09-2021 21:47:17.0518 PM
[ReportManager] API Action [GetResponseJSONValue] successfully performed. With the following test data [title]. @30-09-2021 21:47:17.0534 PM
[ReportManager] API Action [GetResponseJSONValue] successfully performed. With the following test data [title]. @30-09-2021 21:47:17.0551 PM
[ReportManager] API Action [GetResponseJSONValue] successfully performed. With the following test data [title]. @30-09-2021 21:47:17.0565 PM
[ReportManager] API Action [GetResponseJSONValue] successfully performed. With the following test data [title]. @30-09-2021 21:47:17.0613 PM
[ReportManager] API Action [GetResponseJSONValue] successfully performed. With the following test data [title]. @30-09-2021 21:47:17.0643 PM
[ReportManager] API Action [GetResponseJSONValue] successfully performed. With the following test data [title]. @30-09-2021 21:47:17.0668 PM
[ReportManager] API Action [GetResponseJSONValue] successfully performed. With the following test data [title]. @30-09-2021 21:47:17.0683 PM
[ReportManager] API Action [GetResponseJSONValue] successfully performed. With the following test data [title]. @30-09-2021 21:47:17.0699 PM
[ReportManager] API Action [GetResponseJSONValue] successfully performed. With the following test data [title]. @30-09-2021 21:47:17.0715 PM
[ReportManager] API Action [GetResponseJSONValue] successfully performed. With the following test data [title]. @30-09-2021 21:47:17.0729 PM
[ReportManager] API Action [GetResponseJSONValue] successfully performed. With the following test data [title]. @30-09-2021 21:47:17.0748 PM
[ReportManager] API Action [GetResponseJSONValue] successfully performed. With the following test data [title]. @30-09-2021 21:47:17.0763 PM
[ReportManager] API Action [GetResponseJSONValue] successfully performed. With the following test data [title]. @30-09-2021 21:47:17.0783 PM
[ReportManager] API Action [GetResponseJSONValue] successfully performed. With the following test data [title]. @30-09-2021 21:47:17.0798 PM
[ReportManager] API Action [GetResponseJSONValue] successfully performed. With the following test data [title]. @30-09-2021 21:47:17.0817 PM
[ReportManager] API Action [GetResponseJSONValue] successfully performed. With the following test data [title]. @30-09-2021 21:47:17.0830 PM
[ReportManager] API Action [GetResponseJSONValue] successfully performed. With the following test data [title]. @30-09-2021 21:47:17.0843 PM
[ReportManager] API Action [GetResponseJSONValue] successfully performed. With the following test data [title]. @30-09-2021 21:47:17.0856 PM
[ReportManager] API Action [GetResponseJSONValue] successfully performed. With the following test data [title]. @30-09-2021 21:47:17.0877 PM
[ReportManager] API Action [GetResponseJSONValue] successfully performed. With the following test data [title]. @30-09-2021 21:47:17.0906 PM
[ReportManager] API Action [GetResponseJSONValue] successfully performed. With the following test data [title]. @30-09-2021 21:47:17.0935 PM
[ReportManager] API Action [GetResponseJSONValue] successfully performed. With the following test data [title]. @30-09-2021 21:47:17.0977 PM
[ReportManager] API Action [GetResponseJSONValue] successfully performed. With the following test data [title]. @30-09-2021 21:47:18.0019 PM
[ReportManager] API Action [GetResponseJSONValue] successfully performed. With the following test data [title]. @30-09-2021 21:47:18.0045 PM
[ReportManager] API Action [GetResponseJSONValue] successfully performed. With the following test data [title]. @30-09-2021 21:47:18.0067 PM
[ReportManager] API Action [GetResponseJSONValue] successfully performed. With the following test data [title]. @30-09-2021 21:47:18.0101 PM
[ReportManager] API Action [GetResponseJSONValue] successfully performed. With the following test data [title]. @30-09-2021 21:47:18.0131 PM
[ReportManager] API Action [GetResponseJSONValue] successfully performed. With the following test data [title]. @30-09-2021 21:47:18.0149 PM
[ReportManager] API Action [GetResponseJSONValue] successfully performed. With the following test data [title]. @30-09-2021 21:47:18.0159 PM
[ReportManager] API Action [GetResponseJSONValue] successfully performed. With the following test data [title]. @30-09-2021 21:47:18.0171 PM
[ReportManager] API Action [GetResponseJSONValue] successfully performed. With the following test data [title]. @30-09-2021 21:47:18.0181 PM
[ReportManager] API Action [GetResponseJSONValue] successfully performed. With the following test data [title]. @30-09-2021 21:47:18.0193 PM
[ReportManager] API Action [GetResponseJSONValue] successfully performed. With the following test data [title]. @30-09-2021 21:47:18.0203 PM
[ReportManager] API Action [GetResponseJSONValue] successfully performed. With the following test data [title]. @30-09-2021 21:47:18.0217 PM
[ReportManager] API Action [GetResponseJSONValue] successfully performed. With the following test data [title]. @30-09-2021 21:47:18.0228 PM
[ReportManager] API Action [GetResponseJSONValue] successfully performed. With the following test data [title]. @30-09-2021 21:47:18.0238 PM
[ReportManager] API Action [GetResponseJSONValue] successfully performed. With the following test data [title]. @30-09-2021 21:47:18.0250 PM
[ReportManager] API Action [GetResponseJSONValue] successfully performed. With the following test data [title]. @30-09-2021 21:47:18.0260 PM
[ReportManager] API Action [GetResponseJSONValue] successfully performed. With the following test data [title]. @30-09-2021 21:47:18.0275 PM
[ReportManager] API Action [GetResponseJSONValue] successfully performed. With the following test data [title]. @30-09-2021 21:47:18.0294 PM
[ReportManager] API Action [GetResponseJSONValue] successfully performed. With the following test data [title]. @30-09-2021 21:47:18.0313 PM
[ReportManager] API Action [GetResponseJSONValue] successfully performed. With the following test data [title]. @30-09-2021 21:47:18.0324 PM
[ReportManager] API Action [GetResponseJSONValue] successfully performed. With the following test data [title]. @30-09-2021 21:47:18.0338 PM
[ReportManager] API Action [GetResponseJSONValue] successfully performed. With the following test data [title]. @30-09-2021 21:47:18.0357 PM
[ReportManager] API Action [GetResponseJSONValue] successfully performed. With the following test data [title]. @30-09-2021 21:47:18.0369 PM
[ReportManager] API Action [GetResponseJSONValue] successfully performed. With the following test data [title]. @30-09-2021 21:47:18.0383 PM
[ReportManager] API Action [GetResponseJSONValue] successfully performed. With the following test data [title]. @30-09-2021 21:47:18.0398 PM
[ReportManager] API Action [GetResponseJSONValue] successfully performed. With the following test data [title]. @30-09-2021 21:47:18.0412 PM
[ReportManager] API Action [GetResponseJSONValue] successfully performed. With the following test data [title]. @30-09-2021 21:47:18.0433 PM
[ReportManager] API Action [GetResponseJSONValue] successfully performed. With the following test data [title]. @30-09-2021 21:47:18.0446 PM
[ReportManager] API Action [GetResponseJSONValue] successfully performed. With the following test data [title]. @30-09-2021 21:47:18.0458 PM
[ReportManager] API Action [GetResponseJSONValue] successfully performed. With the following test data [title]. @30-09-2021 21:47:18.0473 PM
[ReportManager] API Action [GetResponseJSONValue] successfully performed. With the following test data [title]. @30-09-2021 21:47:18.0484 PM
[ReportManager] API Action [GetResponseJSONValue] successfully performed. With the following test data [title]. @30-09-2021 21:47:18.0497 PM
[ReportManager] API Action [GetResponseJSONValue] successfully performed. With the following test data [title]. @30-09-2021 21:47:18.0509 PM
[ReportManager] API Action [GetResponseJSONValue] successfully performed. With the following test data [title]. @30-09-2021 21:47:18.0521 PM
[ReportManager] API Action [GetResponseJSONValue] successfully performed. With the following test data [title]. @30-09-2021 21:47:18.0546 PM
[ReportManager] API Action [GetResponseJSONValue] successfully performed. With the following test data [title]. @30-09-2021 21:47:18.0566 PM
[ReportManager] API Action [GetResponseJSONValue] successfully performed. With the following test data [title]. @30-09-2021 21:47:18.0587 PM
[ReportManager] API Action [GetResponseJSONValue] successfully performed. With the following test data [title]. @30-09-2021 21:47:18.0605 PM
[ReportManager] API Action [GetResponseJSONValue] successfully performed. With the following test data [title]. @30-09-2021 21:47:18.0615 PM
[ReportManager] API Action [GetResponseJSONValue] successfully performed. With the following test data [title]. @30-09-2021 21:47:18.0626 PM
[ReportManager] API Action [GetResponseJSONValue] successfully performed. With the following test data [title]. @30-09-2021 21:47:18.0637 PM
[ReportManager] API Action [GetResponseJSONValue] successfully performed. With the following test data [title]. @30-09-2021 21:47:18.0646 PM
[ReportManager] API Action [GetResponseJSONValue] successfully performed. With the following test data [title]. @30-09-2021 21:47:18.0656 P

################################################################################################################################################
Starting Execution:	[48 out of 144] test cases in the current suite
Test Method:		[unitTests.tests_restActions.validateUserEmail]
################################################################################################################################################
[ReportManager] Response status code: [200], status line: [HTTP/1.1 200 OK] @30-09-2021 21:47:18.0745 PM
[ReportManager] Assertion Passed: Evaluating the actual response status code against the expected one... @30-09-2021 21:47:18.0746 PM
[ReportManager] Assertion [ValidateEquals] PASSED. Expected [200] and Actual [200]. Comparison Type [EQUALS]. Validation Type [POSITIVE]. @30-09-2021 21:47:18.0746 PM
[ReportManager] API Action [PerformRequest] successfully performed. With the following test data [Request Type: "GET" | Target Status Code: "200" | Service URL: "https://jsonplaceholder.typicode.com/users" | Content Type: "*/*" | Response Time: "74ms"]. @30-09-2021 21:47:18.0765 PM
[ReportManager] Successfully created attachment [API Request - Specifications] @30-09-2021 21:47:18.0766 PM
[ReportManager] Successfully created attachment [API Response - JSON Body] @30-09-2021 21:47:18.0766 PM
[ReportManager] Assertion [ValidateEquals] PASSED. Expected and Actual values are attached. Comparison Type [CONTAINS]. Validation Type [POSITIVE]. @30-09-2021 21:47:18.0766 PM
[ReportManager] Successfully created attachment [Validation Test Data - Expected Value] @30-09-2021 21:47:18.0767 PM
[ReportManager] Successfully created attachment [Validation Test Data - Actual Value] @30-09-2021 21:47:18.0767 PM
[ReportManager] API Action [GetResponseJSONValueAsList] successfully performed. With the following test data [$]. @30-09-2021 21:47:18.0772 PM
[ReportManager] API Action [GetResponseJSONValue] successfully performed. With the following test data [name]. @30-09-2021 21:47:18.0783 PM
[ReportManager] API Action [GetResponseJSONValue] successfully performed. With the following test data [email]. @30-09-2021 21:47:18.0796 PM
[ReportManager] Assertion [ValidateEquals] PASSED. Expected [Sincere@april.biz] and Actual [Sincere@april.biz]. Comparison Type [EQUALS]. Validation Type [POSITIVE]. @30-09-2021 21:47:18.0796 PM
[ReportManager] API Action [GetResponseJSONValue] successfully performed. With the following test data [name]. @30-09-2021 21:47:18.0806 PM
[ReportManager] API Action [GetResponseJSONValue] successfully performed. With the following test data [name]. @30-09-2021 21:47:18.0815 PM
[ReportManager] API Action [GetResponseJSONValue] successfully performed. With the following test data [name]. @30-09-2021 21:47:18.0824 PM
[ReportManager] API Action [GetResponseJSONValue] successfully performed. With the following test data [name]. @30-09-2021 21:47:18.0834 PM
[ReportManager] API Action [GetResponseJSONValue] successfully performed. With the following test data [name]. @30-09-2021 21:47:18.0843 PM
[ReportManager] API Action [GetResponseJSONValue] successfully performed. With the following test data [name]. @30-09-2021 21:47:18.0852 PM
[ReportManager] API Action [GetResponseJSONValue] successfully performed. With the following test data [name]. @30-09-2021 21:47:18.0860 PM
[ReportManager] API Action [GetResponseJSONValue] successfully performed. With the following test data [name]. @30-09-2021 21:47:18.0868 PM
[ReportManager] API Action [GetResponseJSONValue] successfully performed. With the following test data [name]. @30-09-2021 21:47:18.0877 P
[ReportManager] File Action [GetAbsolutePath] successfully performed. With the following test data [Relative Folder Path: "target/downloadedFiles/"]. @30-09-2021 21:47:18.0889 PM
[ReportManager] Attempting to run remotely on: [Linux-64], [GoogleChrome], [http://localhost:4444/wd/hub], Headless Execution. @30-09-2021 21:47:18.0889 PM
[ReportManager] Successfully Opened [GoogleChrome]. @30-09-2021 21:47:19.0180 P

################################################################################################################################################
Starting Execution:	[49 out of 144] test cases in the current suite
Test Method:		[unitTests.tests_element_elementActions.waitForElementToBePresent_false_expectedToFail]
################################################################################################################################################
[ReportManager] Target URL: [https://www.google.com/ncr], and after redirection: [www.google.com] @30-09-2021 21:47:19.0196 PM
[ReportManager] Initial URL: [data:,] @30-09-2021 21:47:19.0267 PM
[ReportManager] Browser Action [NavigateToURL] successfully performed. With the following test data [https://www.google.com/ncr]. @30-09-2021 21:47:20.0209 PM
[ReportManager] Waiting for element to be present; elementLocator [By.xpath: //*[@id='hplogo' or @alt='Google']], numberOfTries[1], stateOfPresence[false]... @30-09-2021 21:47:20.0217 PM
[ReportManager] Element Action [WaitForElementToBePresent] failed. With the following test data [waited for the element's state of presence to be (false). Element locator (By.xpath: //*[@id='hplogo' or @alt='Google'])]. @30-09-2021 21:47:20.0420 PM
[ReportManager] Successfully created attachment [Screenshot - 1633038440355_waitForElementToBePresent_false_expectedToFail_WaitForElementToBePresent_failed] @30-09-2021 21:47:20.0420 P
[ReportManager] Browser Action [CloseCurrentWindow] successfully performed. @30-09-2021 21:47:20.0561 PM
[ReportManager] Successfully created attachment [Browser Action Test Data - CloseCurrentWindow - Actual Value] @30-09-2021 21:47:20.0564 P
[ReportManager] File Action [GetAbsolutePath] successfully performed. With the following test data [Relative Folder Path: "target/downloadedFiles/"]. @30-09-2021 21:47:20.0567 PM
[ReportManager] Attempting to run remotely on: [Linux-64], [GoogleChrome], [http://localhost:4444/wd/hub], Headless Execution. @30-09-2021 21:47:20.0567 PM
[ReportManager] Successfully Opened [GoogleChrome]. @30-09-2021 21:47:20.0790 P

################################################################################################################################################
Starting Execution:	[50 out of 144] test cases in the current suite
Test Method:		[unitTests.tests_element_elementActions.waitForElementToBePresent_false_expectedToPass]
################################################################################################################################################
[ReportManager] Target URL: [https://www.google.com/ncr], and after redirection: [www.google.com] @30-09-2021 21:47:20.0803 PM
[ReportManager] Initial URL: [data:,] @30-09-2021 21:47:20.0850 PM
[ReportManager] Browser Action [NavigateToURL] successfully performed. With the following test data [https://www.google.com/ncr]. @30-09-2021 21:47:21.0771 PM
[ReportManager] Waiting for element to be present; elementLocator [By.id: bla], numberOfTries[1], stateOfPresence[false]... @30-09-2021 21:47:21.0772 PM
[ReportManager] Element Action [WaitForElementToBePresent] successfully performed. With the following test data [waited for the element's state of presence to be (false). Element locator (By.id: bla)]. @30-09-2021 21:47:26.0901 P
[ReportManager] Browser Action [CloseCurrentWindow] successfully performed. @30-09-2021 21:47:27.0039 PM
[ReportManager] Successfully created attachment [Browser Action Test Data - CloseCurrentWindow - Actual Value] @30-09-2021 21:47:27.0039 P
[ReportManager] File Action [GetAbsolutePath] successfully performed. With the following test data [Relative Folder Path: "target/downloadedFiles/"]. @30-09-2021 21:47:27.0042 PM
[ReportManager] Attempting to run remotely on: [Linux-64], [GoogleChrome], [http://localhost:4444/wd/hub], Headless Execution. @30-09-2021 21:47:27.0042 PM
[ReportManager] Successfully Opened [GoogleChrome]. @30-09-2021 21:47:27.0285 P

################################################################################################################################################
Starting Execution:	[51 out of 144] test cases in the current suite
Test Method:		[unitTests.tests_element_elementActions.waitForElementToBePresent_moreThanOneElement_expectedToFail]
################################################################################################################################################
[ReportManager] Target URL: [https://www.google.com/ncr], and after redirection: [www.google.com] @30-09-2021 21:47:27.0304 PM
[ReportManager] Initial URL: [data:,] @30-09-2021 21:47:27.0366 PM
[ReportManager] Browser Action [NavigateToURL] successfully performed. With the following test data [https://www.google.com/ncr]. @30-09-2021 21:47:28.0250 PM
[ReportManager] Waiting for element to be present; elementLocator [By.xpath: //*], numberOfTries[1], stateOfPresence[false]... @30-09-2021 21:47:28.0251 PM
[ReportManager] Element Action [WaitForElementToBePresent] failed. With the following test data [waited for the element's state of presence to be (false). Element locator (By.xpath: //*)]. @30-09-2021 21:47:28.0448 PM
[ReportManager] Successfully created attachment [Screenshot - 1633038448387_waitForElementToBePresent_moreThanOneElement_expectedToFail_WaitForElementToBePresent_failed] @30-09-2021 21:47:28.0449 P
[ReportManager] Browser Action [CloseCurrentWindow] successfully performed. @30-09-2021 21:47:28.0572 PM
[ReportManager] Successfully created attachment [Browser Action Test Data - CloseCurrentWindow - Actual Value] @30-09-2021 21:47:28.0573 P
[ReportManager] File Action [GetAbsolutePath] successfully performed. With the following test data [Relative Folder Path: "target/downloadedFiles/"]. @30-09-2021 21:47:28.0576 PM
[ReportManager] Attempting to run remotely on: [Linux-64], [GoogleChrome], [http://localhost:4444/wd/hub], Headless Execution. @30-09-2021 21:47:28.0576 PM
[ReportManager] Successfully Opened [GoogleChrome]. @30-09-2021 21:47:28.0787 P

################################################################################################################################################
Starting Execution:	[52 out of 144] test cases in the current suite
Test Method:		[unitTests.tests_element_elementActions.waitForElementToBePresent_true_expectedToFail]
################################################################################################################################################
[ReportManager] Target URL: [https://www.google.com/ncr], and after redirection: [www.google.com] @30-09-2021 21:47:28.0815 PM
[ReportManager] Initial URL: [data:,] @30-09-2021 21:47:28.0867 PM
[ReportManager] Browser Action [NavigateToURL] successfully performed. With the following test data [https://www.google.com/ncr]. @30-09-2021 21:47:29.0802 PM
[ReportManager] Waiting for element to be present; elementLocator [By.id: bla], numberOfTries[1], stateOfPresence[true]... @30-09-2021 21:47:29.0802 PM
[ReportManager] Element Action [WaitForElementToBePresent] failed. With the following test data [waited for the element's state of presence to be (true). Element locator (By.id: bla)]. @30-09-2021 21:47:35.0070 PM
[ReportManager] Successfully created attachment [Screenshot - 1633038455007_waitForElementToBePresent_true_expectedToFail_WaitForElementToBePresent_failed] @30-09-2021 21:47:35.0071 P
[ReportManager] Browser Action [CloseCurrentWindow] successfully performed. @30-09-2021 21:47:35.0206 PM
[ReportManager] Successfully created attachment [Browser Action Test Data - CloseCurrentWindow - Actual Value] @30-09-2021 21:47:35.0207 P
[ReportManager] File Action [GetAbsolutePath] successfully performed. With the following test data [Relative Folder Path: "target/downloadedFiles/"]. @30-09-2021 21:47:35.0211 PM
[ReportManager] Attempting to run remotely on: [Linux-64], [GoogleChrome], [http://localhost:4444/wd/hub], Headless Execution. @30-09-2021 21:47:35.0211 PM
[ReportManager] Successfully Opened [GoogleChrome]. @30-09-2021 21:47:35.0443 P

################################################################################################################################################
Starting Execution:	[53 out of 144] test cases in the current suite
Test Method:		[unitTests.tests_element_elementActions.waitForElementToBePresent_true_expectedToPass]
################################################################################################################################################
[ReportManager] Target URL: [https://www.google.com/ncr], and after redirection: [www.google.com] @30-09-2021 21:47:35.0463 PM
[ReportManager] Initial URL: [data:,] @30-09-2021 21:47:35.0512 PM
[ReportManager] Browser Action [NavigateToURL] successfully performed. With the following test data [https://www.google.com/ncr]. @30-09-2021 21:47:36.0447 PM
[ReportManager] Waiting for element to be present; elementLocator [By.xpath: //*[@id='hplogo' or @alt='Google']], numberOfTries[1], stateOfPresence[true]... @30-09-2021 21:47:36.0448 PM
[ReportManager] Element Action [WaitForElementToBePresent] successfully performed. With the following test data [waited for the element's state of presence to be (true). Element locator (By.xpath: //*[@id='hplogo' or @alt='Google'])]. @30-09-2021 21:47:36.0506 PM
[ReportManager] File Action [DoesFileExist] successfully performed. With the following test data [File Path: "src/test/resources/DynamicObjectRepository/unitTests_tests_element_elementActions_waitForElementToBePresent_true_expectedToPass_By_xpath_id_hplogo_or_alt_Google.png"]. @30-09-2021 21:47:36.0511 PM
[ReportManager] File Action [DoesFileExist] successfully performed. With the following test data [File Path: "src/test/resources/DynamicObjectRepository/unitTests_tests_element_elementActions_waitForElementToBePresent_true_expectedToPass_By_xpath_id_hplogo_or_alt_Google.png"]. @30-09-2021 21:47:36.0697 PM
[ReportManager] Passing the test and saving a reference image @30-09-2021 21:47:36.0697 PM
[ReportManager] File Action [GetAbsolutePath] successfully performed. With the following test data [Relative File Path: "src/test/resources/DynamicObjectRepository/unitTests_tests_element_elementActions_waitForElementToBePresent_true_expectedToPass_By_xpath_id_hplogo_or_alt_Google.png"]. @30-09-2021 21:47:36.0697 PM
[ReportManager] File Action [WriteToFile] successfully performed. With the following test data [Target File Path: "/home/runner/work/SHAFT_ENGINE/SHAFT_ENGINE/src/test/resources/DynamicObjectRepository/unitTests_tests_element_elementActions_waitForElementToBePresent_true_expectedToPass_By_xpath_id_hplogo_or_alt_Google.png"]. @30-09-2021 21:47:36.0700 PM
[ReportManager] Assertion Passed: Using Visual AI; OpenCV @30-09-2021 21:47:36.0700 PM
[ReportManager] Successfully created attachment [Validation Test Data - Actual Screenshot] @30-09-2021 21:47:36.0701 PM
[ReportManager] Assertion [ValidateElementMatches] PASSED. Expected [Element should match the reference screenshot] and Actual [TRUE]. Comparison Type [EXACT_OPENCV]. Validation Type [POSITIVE]. @30-09-2021 21:47:36.0701 P
[ReportManager] Browser Action [CloseCurrentWindow] successfully performed. @30-09-2021 21:47:36.0833 PM
[ReportManager] Successfully created attachment [Browser Action Test Data - CloseCurrentWindow - Actual Value] @30-09-2021 21:47:36.0834 P
[ReportManager] File Action [GetAbsolutePath] successfully performed. With the following test data [Relative Folder Path: "target/downloadedFiles/"]. @30-09-2021 21:47:36.0838 PM
[ReportManager] Attempting to run remotely on: [Linux-64], [GoogleChrome], [http://localhost:4444/wd/hub], Headless Execution. @30-09-2021 21:47:36.0839 PM
[ReportManager] Successfully Opened [GoogleChrome]. @30-09-2021 21:47:37.0142 PM
[ReportManager] Target URL: [https://duckduckgo.com] @30-09-2021 21:47:37.0154 PM
[ReportManager] Initial URL: [data:,] @30-09-2021 21:47:37.0206 PM
[ReportManager] Browser Action [NavigateToURL] successfully performed. With the following test data [https://duckduckgo.com]. @30-09-2021 21:47:37.0832 P

################################################################################################################################################
Starting Execution:	[54 out of 144] test cases in the current suite
Test Method:		[unitTests.tests_browserActions.fullScreenWindow]
################################################################################################################################################
[ReportManager] Initial Windows Size: 800x600 @30-09-2021 21:47:37.0846 PM
[ReportManager] Initial window size: (800, 600) @30-09-2021 21:47:37.0849 PM
[ReportManager] Window size after Toolkit: (1920, 1080) @30-09-2021 21:47:38.0072 PM
[ReportManager] Browser Action [MaximizeWindow] successfully performed. With the following test data [New screen size is now: (1920, 1080)]. @30-09-2021 21:47:38.0076 PM
[ReportManager] Current Windows Size after fullScreen: 1920x1080 @30-09-2021 21:47:38.0083 PM
[ReportManager] Browser Action [FullScreenWindow] successfully performed. @30-09-2021 21:47:38.0099 PM
[ReportManager] Successfully created attachment [Browser Action Test Data - FullScreenWindow - Actual Value] @30-09-2021 21:47:38.0102 P
[ReportManager] Target URL: [https://duckduckgo.com] @30-09-2021 21:47:38.0104 PM
[ReportManager] Initial URL: [https://duckduckgo.com] @30-09-2021 21:47:38.0167 PM
[ReportManager] Browser Action [NavigateToURL] successfully performed. With the following test data [https://duckduckgo.com]. @30-09-2021 21:47:38.0597 PM
[ReportManager] Browser Action [CloseCurrentWindow] successfully performed. @30-09-2021 21:47:38.0724 PM
[ReportManager] Successfully created attachment [Browser Action Test Data - CloseCurrentWindow - Actual Value] @30-09-2021 21:47:38.0726 P
[ReportManager] File Action [GetAbsolutePath] successfully performed. With the following test data [Relative Folder Path: "target/downloadedFiles/"]. @30-09-2021 21:47:38.0729 PM
[ReportManager] Attempting to run remotely on: [Linux-64], [GoogleChrome], [http://localhost:4444/wd/hub], Headless Execution. @30-09-2021 21:47:38.0729 PM
[ReportManager] Successfully Opened [GoogleChrome]. @30-09-2021 21:47:38.0958 PM
[ReportManager] Target URL: [https://duckduckgo.com] @30-09-2021 21:47:38.0970 PM
[ReportManager] Initial URL: [data:,] @30-09-2021 21:47:39.0024 PM
[ReportManager] Browser Action [NavigateToURL] successfully performed. With the following test data [https://duckduckgo.com]. @30-09-2021 21:47:39.0684 P

################################################################################################################################################
Starting Execution:	[55 out of 144] test cases in the current suite
Test Method:		[unitTests.tests_browserActions.getCurrentURL]
################################################################################################################################################
[ReportManager] Browser Action [GetCurrentURL] successfully performed. With the following test data [https://duckduckgo.com/]. @30-09-2021 21:47:39.0734 P
[ReportManager] Target URL: [https://duckduckgo.com] @30-09-2021 21:47:39.0736 PM
[ReportManager] Initial URL: [https://duckduckgo.com] @30-09-2021 21:47:39.0820 PM
[ReportManager] Browser Action [NavigateToURL] successfully performed. With the following test data [https://duckduckgo.com]. @30-09-2021 21:47:40.0218 PM
[ReportManager] Browser Action [CloseCurrentWindow] successfully performed. @30-09-2021 21:47:40.0322 PM
[ReportManager] Successfully created attachment [Browser Action Test Data - CloseCurrentWindow - Actual Value] @30-09-2021 21:47:40.0336 P
[ReportManager] File Action [GetAbsolutePath] successfully performed. With the following test data [Relative Folder Path: "target/downloadedFiles/"]. @30-09-2021 21:47:40.0339 PM
[ReportManager] Attempting to run remotely on: [Linux-64], [GoogleChrome], [http://localhost:4444/wd/hub], Headless Execution. @30-09-2021 21:47:40.0341 PM
[ReportManager] Successfully Opened [GoogleChrome]. @30-09-2021 21:47:40.0592 PM
[ReportManager] Target URL: [https://duckduckgo.com] @30-09-2021 21:47:40.0604 PM
[ReportManager] Initial URL: [data:,] @30-09-2021 21:47:40.0661 PM
[ReportManager] Browser Action [NavigateToURL] successfully performed. With the following test data [https://duckduckgo.com]. @30-09-2021 21:47:41.0248 P

################################################################################################################################################
Starting Execution:	[56 out of 144] test cases in the current suite
Test Method:		[unitTests.tests_browserActions.getCurrentWindowTitle]
################################################################################################################################################
[ReportManager] Browser Action [GetCurrentWindowTitle] successfully performed. With the following test data [DuckDuckGo  Privacy, simplified.]. @30-09-2021 21:47:41.0294 P
[ReportManager] Target URL: [https://duckduckgo.com] @30-09-2021 21:47:41.0300 PM
[ReportManager] Initial URL: [https://duckduckgo.com] @30-09-2021 21:47:41.0390 PM
[ReportManager] Browser Action [NavigateToURL] successfully performed. With the following test data [https://duckduckgo.com]. @30-09-2021 21:47:41.0810 PM
[ReportManager] Browser Action [CloseCurrentWindow] successfully performed. @30-09-2021 21:47:41.0917 PM
[ReportManager] Successfully created attachment [Browser Action Test Data - CloseCurrentWindow - Actual Value] @30-09-2021 21:47:41.0918 P
[ReportManager] File Action [GetAbsolutePath] successfully performed. With the following test data [Relative Folder Path: "target/downloadedFiles/"]. @30-09-2021 21:47:41.0922 PM
[ReportManager] Attempting to run remotely on: [Linux-64], [GoogleChrome], [http://localhost:4444/wd/hub], Headless Execution. @30-09-2021 21:47:41.0925 PM
[ReportManager] Successfully Opened [GoogleChrome]. @30-09-2021 21:47:42.0481 PM
[ReportManager] Target URL: [https://duckduckgo.com] @30-09-2021 21:47:42.0494 PM
[ReportManager] Initial URL: [data:,] @30-09-2021 21:47:42.0555 PM
[ReportManager] Browser Action [NavigateToURL] successfully performed. With the following test data [https://duckduckgo.com]. @30-09-2021 21:47:43.0566 P

################################################################################################################################################
Starting Execution:	[57 out of 144] test cases in the current suite
Test Method:		[unitTests.tests_browserActions.getPageSource]
################################################################################################################################################
[ReportManager] Browser Action [GetPageSource] successfully performed. @30-09-2021 21:47:43.0630 PM
[ReportManager] Successfully created attachment [Browser Action Test Data - GetPageSource - Actual Value] @30-09-2021 21:47:43.0631 P
[ReportManager] Target URL: [https://duckduckgo.com] @30-09-2021 21:47:43.0639 PM
[ReportManager] Initial URL: [https://duckduckgo.com] @30-09-2021 21:47:43.0781 PM
[ReportManager] Browser Action [NavigateToURL] successfully performed. With the following test data [https://duckduckgo.com]. @30-09-2021 21:47:44.0208 PM
[ReportManager] Browser Action [CloseCurrentWindow] successfully performed. @30-09-2021 21:47:44.0313 PM
[ReportManager] Successfully created attachment [Browser Action Test Data - CloseCurrentWindow - Actual Value] @30-09-2021 21:47:44.0314 P
[ReportManager] File Action [GetAbsolutePath] successfully performed. With the following test data [Relative Folder Path: "target/downloadedFiles/"]. @30-09-2021 21:47:44.0316 PM
[ReportManager] Attempting to run remotely on: [Linux-64], [GoogleChrome], [http://localhost:4444/wd/hub], Headless Execution. @30-09-2021 21:47:44.0317 PM
[ReportManager] Successfully Opened [GoogleChrome]. @30-09-2021 21:47:44.0544 PM
[ReportManager] Target URL: [https://duckduckgo.com] @30-09-2021 21:47:44.0556 PM
[ReportManager] Initial URL: [data:,] @30-09-2021 21:47:44.0598 PM
[ReportManager] Browser Action [NavigateToURL] successfully performed. With the following test data [https://duckduckgo.com]. @30-09-2021 21:47:45.0176 P

################################################################################################################################################
Starting Execution:	[58 out of 144] test cases in the current suite
Test Method:		[unitTests.tests_browserActions.getWindowHandle]
################################################################################################################################################
[ReportManager] Browser Action [GetWindowHandle] successfully performed. With the following test data [CDwindow-6499161AB6B2A5F9B73EE029EA6E99CF]. @30-09-2021 21:47:45.0222 P
[ReportManager] Target URL: [https://duckduckgo.com] @30-09-2021 21:47:45.0225 PM
[ReportManager] Initial URL: [https://duckduckgo.com] @30-09-2021 21:47:45.0288 PM
[ReportManager] Browser Action [NavigateToURL] successfully performed. With the following test data [https://duckduckgo.com]. @30-09-2021 21:47:45.0625 PM
[ReportManager] Browser Action [CloseCurrentWindow] successfully performed. @30-09-2021 21:47:45.0728 PM
[ReportManager] Successfully created attachment [Browser Action Test Data - CloseCurrentWindow - Actual Value] @30-09-2021 21:47:45.0728 P
[ReportManager] File Action [GetAbsolutePath] successfully performed. With the following test data [Relative Folder Path: "target/downloadedFiles/"]. @30-09-2021 21:47:45.0730 PM
[ReportManager] Attempting to run remotely on: [Linux-64], [GoogleChrome], [http://localhost:4444/wd/hub], Headless Execution. @30-09-2021 21:47:45.0730 PM
[ReportManager] Successfully Opened [GoogleChrome]. @30-09-2021 21:47:45.0943 PM
[ReportManager] Target URL: [https://duckduckgo.com] @30-09-2021 21:47:45.0954 PM
[ReportManager] Initial URL: [data:,] @30-09-2021 21:47:46.0007 PM
[ReportManager] Browser Action [NavigateToURL] successfully performed. With the following test data [https://duckduckgo.com]. @30-09-2021 21:47:46.0541 P

################################################################################################################################################
Starting Execution:	[59 out of 144] test cases in the current suite
Test Method:		[unitTests.tests_browserActions.getWindowPosition]
################################################################################################################################################
[ReportManager] Browser Action [GetWindowPosition] successfully performed. With the following test data [(0, 0)]. @30-09-2021 21:47:46.0589 P
[ReportManager] Target URL: [https://duckduckgo.com] @30-09-2021 21:47:46.0595 PM
[ReportManager] Initial URL: [https://duckduckgo.com] @30-09-2021 21:47:46.0675 PM
[ReportManager] Browser Action [NavigateToURL] successfully performed. With the following test data [https://duckduckgo.com]. @30-09-2021 21:47:47.0027 PM
[ReportManager] Browser Action [CloseCurrentWindow] successfully performed. @30-09-2021 21:47:47.0131 PM
[ReportManager] Successfully created attachment [Browser Action Test Data - CloseCurrentWindow - Actual Value] @30-09-2021 21:47:47.0132 P
[ReportManager] File Action [GetAbsolutePath] successfully performed. With the following test data [Relative Folder Path: "target/downloadedFiles/"]. @30-09-2021 21:47:47.0136 PM
[ReportManager] Attempting to run remotely on: [Linux-64], [GoogleChrome], [http://localhost:4444/wd/hub], Headless Execution. @30-09-2021 21:47:47.0136 PM
[ReportManager] Successfully Opened [GoogleChrome]. @30-09-2021 21:47:47.0369 PM
[ReportManager] Target URL: [https://duckduckgo.com] @30-09-2021 21:47:47.0382 PM
[ReportManager] Initial URL: [data:,] @30-09-2021 21:47:47.0433 PM
[ReportManager] Browser Action [NavigateToURL] successfully performed. With the following test data [https://duckduckgo.com]. @30-09-2021 21:47:47.0975 P

################################################################################################################################################
Starting Execution:	[60 out of 144] test cases in the current suite
Test Method:		[unitTests.tests_browserActions.getWindowSize]
################################################################################################################################################
[ReportManager] Browser Action [GetWindowSize] successfully performed. With the following test data [(800, 600)]. @30-09-2021 21:47:48.0024 P
[ReportManager] Target URL: [https://duckduckgo.com] @30-09-2021 21:47:48.0026 PM
[ReportManager] Initial URL: [https://duckduckgo.com] @30-09-2021 21:47:48.0090 PM
[ReportManager] Browser Action [NavigateToURL] successfully performed. With the following test data [https://duckduckgo.com]. @30-09-2021 21:47:48.0458 PM
[ReportManager] Browser Action [CloseCurrentWindow] successfully performed. @30-09-2021 21:47:48.0563 PM
[ReportManager] Successfully created attachment [Browser Action Test Data - CloseCurrentWindow - Actual Value] @30-09-2021 21:47:48.0563 P
[ReportManager] File Action [GetAbsolutePath] successfully performed. With the following test data [Relative Folder Path: "target/downloadedFiles/"]. @30-09-2021 21:47:48.0566 PM
[ReportManager] Attempting to run remotely on: [Linux-64], [GoogleChrome], [http://localhost:4444/wd/hub], Headless Execution. @30-09-2021 21:47:48.0566 PM
[ReportManager] Successfully Opened [GoogleChrome]. @30-09-2021 21:47:48.0809 PM
[ReportManager] Target URL: [https://duckduckgo.com] @30-09-2021 21:47:48.0821 PM
[ReportManager] Initial URL: [data:,] @30-09-2021 21:47:48.0869 PM
[ReportManager] Browser Action [NavigateToURL] successfully performed. With the following test data [https://duckduckgo.com]. @30-09-2021 21:47:49.0400 P

################################################################################################################################################
Starting Execution:	[61 out of 144] test cases in the current suite
Test Method:		[unitTests.tests_browserActions.maximizeWindow]
################################################################################################################################################
[ReportManager] Initial window size: (800, 600) @30-09-2021 21:47:49.0410 PM
[ReportManager] Window size after Toolkit: (1920, 1080) @30-09-2021 21:47:49.0636 PM
[ReportManager] Browser Action [MaximizeWindow] successfully performed. With the following test data [New screen size is now: (1920, 1080)]. @30-09-2021 21:47:49.0645 P
[ReportManager] Target URL: [https://duckduckgo.com] @30-09-2021 21:47:49.0647 PM
[ReportManager] Initial URL: [https://duckduckgo.com] @30-09-2021 21:47:49.0716 PM
[ReportManager] Browser Action [NavigateToURL] successfully performed. With the following test data [https://duckduckgo.com]. @30-09-2021 21:47:50.0049 PM
[ReportManager] Browser Action [CloseCurrentWindow] successfully performed. @30-09-2021 21:47:50.0170 PM
[ReportManager] Successfully created attachment [Browser Action Test Data - CloseCurrentWindow - Actual Value] @30-09-2021 21:47:50.0170 P
[ReportManager] File Action [GetAbsolutePath] successfully performed. With the following test data [Relative Folder Path: "target/downloadedFiles/"]. @30-09-2021 21:47:50.0173 PM
[ReportManager] Attempting to run remotely on: [Linux-64], [GoogleChrome], [http://localhost:4444/wd/hub], Headless Execution. @30-09-2021 21:47:50.0173 PM
[ReportManager] Successfully Opened [GoogleChrome]. @30-09-2021 21:47:50.0403 PM
[ReportManager] Target URL: [https://duckduckgo.com] @30-09-2021 21:47:50.0415 PM
[ReportManager] Initial URL: [data:,] @30-09-2021 21:47:50.0469 PM
[ReportManager] Browser Action [NavigateToURL] successfully performed. With the following test data [https://duckduckgo.com]. @30-09-2021 21:47:51.0018 P

################################################################################################################################################
Starting Execution:	[62 out of 144] test cases in the current suite
Test Method:		[unitTests.tests_browserActions.navigateBack]
################################################################################################################################################
[ReportManager] Target URL: [https://www.google.com/ncr], and after redirection: [https://www.google.com] @30-09-2021 21:47:51.0020 PM
[ReportManager] Initial URL: [https://duckduckgo.com] @30-09-2021 21:47:51.0093 PM
[ReportManager] Browser Action [NavigateToURL] successfully performed. With the following test data [https://www.google.com/ncr]. @30-09-2021 21:47:52.0001 PM
[ReportManager] Browser Action [NavigateBack] successfully performed. With the following test data [https://duckduckgo.com/]. @30-09-2021 21:47:52.0416 PM
[ReportManager] Browser Action [GetCurrentURL] successfully performed. With the following test data [https://duckduckgo.com/]. @30-09-2021 21:47:52.0471 PM
[ReportManager] Assertion Passed: Confirming that navigating back was successful @30-09-2021 21:47:52.0603 PM
[ReportManager] Successfully created attachment [Screenshot - 1633038472538_navigateBack_ValidateBrowserAttribute_passed] @30-09-2021 21:47:52.0604 PM
[ReportManager] Assertion [ValidateBrowserAttribute] PASSED. Expected [Value Should be 'https://duckduckgo.com' for the 'CurrentUrl' attribute] and Actual [https://duckduckgo.com/]. Comparison Type [CONTAINS]. Validation Type [POSITIVE]. @30-09-2021 21:47:52.0604 P
[ReportManager] Target URL: [https://duckduckgo.com] @30-09-2021 21:47:52.0611 PM
[ReportManager] Initial URL: [https://duckduckgo.com] @30-09-2021 21:47:52.0671 PM
[ReportManager] Browser Action [NavigateToURL] successfully performed. With the following test data [https://duckduckgo.com]. @30-09-2021 21:47:53.0001 PM
[ReportManager] Browser Action [CloseCurrentWindow] successfully performed. @30-09-2021 21:47:53.0109 PM
[ReportManager] Successfully created attachment [Browser Action Test Data - CloseCurrentWindow - Actual Value] @30-09-2021 21:47:53.0110 P
[ReportManager] File Action [GetAbsolutePath] successfully performed. With the following test data [Relative Folder Path: "target/downloadedFiles/"]. @30-09-2021 21:47:53.0118 PM
[ReportManager] Attempting to run remotely on: [Linux-64], [GoogleChrome], [http://localhost:4444/wd/hub], Headless Execution. @30-09-2021 21:47:53.0119 PM
[ReportManager] Successfully Opened [GoogleChrome]. @30-09-2021 21:47:53.0374 PM
[ReportManager] Target URL: [https://duckduckgo.com] @30-09-2021 21:47:53.0404 PM
[ReportManager] Initial URL: [data:,] @30-09-2021 21:47:53.0462 PM
[ReportManager] Browser Action [NavigateToURL] successfully performed. With the following test data [https://duckduckgo.com]. @30-09-2021 21:47:53.0980 P

################################################################################################################################################
Starting Execution:	[63 out of 144] test cases in the current suite
Test Method:		[unitTests.tests_browserActions.navigateForward]
################################################################################################################################################
[ReportManager] Target URL: [https://www.google.com/ncr], and after redirection: [https://www.google.com] @30-09-2021 21:47:53.0984 PM
[ReportManager] Initial URL: [https://duckduckgo.com] @30-09-2021 21:47:54.0044 PM
[ReportManager] Browser Action [NavigateToURL] successfully performed. With the following test data [https://www.google.com/ncr]. @30-09-2021 21:47:54.0936 PM
[ReportManager] Browser Action [NavigateBack] successfully performed. With the following test data [https://duckduckgo.com/]. @30-09-2021 21:47:55.0341 PM
[ReportManager] Browser Action [NavigateForward] successfully performed. With the following test data [https://www.google.com/]. @30-09-2021 21:47:55.0809 P
[ReportManager] Target URL: [https://duckduckgo.com] @30-09-2021 21:47:55.0811 PM
[ReportManager] Initial URL: [https://www.google.com] @30-09-2021 21:47:55.0899 PM
[ReportManager] Browser Action [NavigateToURL] successfully performed. With the following test data [https://duckduckgo.com]. @30-09-2021 21:47:56.0400 PM
[ReportManager] Browser Action [CloseCurrentWindow] successfully performed. @30-09-2021 21:47:56.0501 PM
[ReportManager] Successfully created attachment [Browser Action Test Data - CloseCurrentWindow - Actual Value] @30-09-2021 21:47:56.0501 P
[ReportManager] File Action [GetAbsolutePath] successfully performed. With the following test data [Relative Folder Path: "target/downloadedFiles/"]. @30-09-2021 21:47:56.0504 PM
[ReportManager] Attempting to run remotely on: [Linux-64], [GoogleChrome], [http://localhost:4444/wd/hub], Headless Execution. @30-09-2021 21:47:56.0504 PM
[ReportManager] Successfully Opened [GoogleChrome]. @30-09-2021 21:47:56.0787 PM
[ReportManager] Target URL: [https://duckduckgo.com] @30-09-2021 21:47:56.0799 PM
[ReportManager] Initial URL: [data:,] @30-09-2021 21:47:56.0843 PM
[ReportManager] Browser Action [NavigateToURL] successfully performed. With the following test data [https://duckduckgo.com]. @30-09-2021 21:47:57.0384 P

################################################################################################################################################
Starting Execution:	[64 out of 144] test cases in the current suite
Test Method:		[unitTests.tests_browserActions.navigateToURL]
################################################################################################################################################
[ReportManager] Target URL: [https://duckduckgo.com] @30-09-2021 21:47:57.0392 PM
[ReportManager] Initial URL: [https://duckduckgo.com] @30-09-2021 21:47:57.0453 PM
[ReportManager] Browser Action [NavigateToURL] successfully performed. With the following test data [https://duckduckgo.com]. @30-09-2021 21:47:57.0822 P
[ReportManager] Target URL: [https://duckduckgo.com] @30-09-2021 21:47:57.0824 PM
[ReportManager] Initial URL: [https://duckduckgo.com] @30-09-2021 21:47:57.0882 PM
[ReportManager] Browser Action [NavigateToURL] successfully performed. With the following test data [https://duckduckgo.com]. @30-09-2021 21:47:58.0225 PM
[ReportManager] Browser Action [CloseCurrentWindow] successfully performed. @30-09-2021 21:47:58.0332 PM
[ReportManager] Successfully created attachment [Browser Action Test Data - CloseCurrentWindow - Actual Value] @30-09-2021 21:47:58.0333 P
[ReportManager] File Action [GetAbsolutePath] successfully performed. With the following test data [Relative Folder Path: "target/downloadedFiles/"]. @30-09-2021 21:47:58.0335 PM
[ReportManager] Attempting to run remotely on: [Linux-64], [GoogleChrome], [http://localhost:4444/wd/hub], Headless Execution. @30-09-2021 21:47:58.0335 PM
[ReportManager] Successfully Opened [GoogleChrome]. @30-09-2021 21:47:58.0557 PM
[ReportManager] Target URL: [https://duckduckgo.com] @30-09-2021 21:47:58.0569 PM
[ReportManager] Initial URL: [data:,] @30-09-2021 21:47:58.0613 PM
[ReportManager] Browser Action [NavigateToURL] successfully performed. With the following test data [https://duckduckgo.com]. @30-09-2021 21:47:59.0169 P

################################################################################################################################################
Starting Execution:	[65 out of 144] test cases in the current suite
Test Method:		[unitTests.tests_browserActions.navigateToURLWithRedirection]
################################################################################################################################################
[ReportManager] Target URL: [https://www.google.com/ncr], and after redirection: [https://www.google.com] @30-09-2021 21:47:59.0176 PM
[ReportManager] Initial URL: [https://duckduckgo.com] @30-09-2021 21:47:59.0231 PM
[ReportManager] Browser Action [NavigateToURL] successfully performed. With the following test data [https://www.google.com/ncr]. @30-09-2021 21:48:00.0147 P
[ReportManager] Target URL: [https://duckduckgo.com] @30-09-2021 21:48:00.0149 PM
[ReportManager] Initial URL: [https://www.google.com] @30-09-2021 21:48:00.0227 PM
[ReportManager] Browser Action [NavigateToURL] successfully performed. With the following test data [https://duckduckgo.com]. @30-09-2021 21:48:00.0761 PM
[ReportManager] Browser Action [CloseCurrentWindow] successfully performed. @30-09-2021 21:48:00.0869 PM
[ReportManager] Successfully created attachment [Browser Action Test Data - CloseCurrentWindow - Actual Value] @30-09-2021 21:48:00.0869 P
[ReportManager] File Action [GetAbsolutePath] successfully performed. With the following test data [Relative Folder Path: "target/downloadedFiles/"]. @30-09-2021 21:48:00.0871 PM
[ReportManager] Attempting to run remotely on: [Linux-64], [GoogleChrome], [http://localhost:4444/wd/hub], Headless Execution. @30-09-2021 21:48:00.0872 PM
[ReportManager] Successfully Opened [GoogleChrome]. @30-09-2021 21:48:01.0104 PM
[ReportManager] Target URL: [https://duckduckgo.com] @30-09-2021 21:48:01.0120 PM
[ReportManager] Initial URL: [data:,] @30-09-2021 21:48:01.0173 PM
[ReportManager] Browser Action [NavigateToURL] successfully performed. With the following test data [https://duckduckgo.com]. @30-09-2021 21:48:01.0728 P

################################################################################################################################################
Starting Execution:	[66 out of 144] test cases in the current suite
Test Method:		[unitTests.tests_browserActions.refreshCurrentPage]
################################################################################################################################################
[ReportManager] Browser Action [RefreshCurrentPage] successfully performed. @30-09-2021 21:48:01.0973 PM
[ReportManager] Successfully created attachment [Browser Action Test Data - RefreshCurrentPage - Actual Value] @30-09-2021 21:48:01.0974 P
[ReportManager] Target URL: [https://duckduckgo.com] @30-09-2021 21:48:01.0978 PM
[ReportManager] Initial URL: [https://duckduckgo.com] @30-09-2021 21:48:02.0050 PM
[ReportManager] Browser Action [NavigateToURL] successfully performed. With the following test data [https://duckduckgo.com]. @30-09-2021 21:48:02.0388 PM
[ReportManager] Browser Action [CloseCurrentWindow] successfully performed. @30-09-2021 21:48:02.0507 PM
[ReportManager] Successfully created attachment [Browser Action Test Data - CloseCurrentWindow - Actual Value] @30-09-2021 21:48:02.0508 P
[ReportManager] File Action [GetAbsolutePath] successfully performed. With the following test data [Relative Folder Path: "target/downloadedFiles/"]. @30-09-2021 21:48:02.0510 PM
[ReportManager] Attempting to run remotely on: [Linux-64], [GoogleChrome], [http://localhost:4444/wd/hub], Headless Execution. @30-09-2021 21:48:02.0510 PM
[ReportManager] Successfully Opened [GoogleChrome]. @30-09-2021 21:48:02.0740 PM
[ReportManager] Target URL: [https://duckduckgo.com] @30-09-2021 21:48:02.0752 PM
[ReportManager] Initial URL: [data:,] @30-09-2021 21:48:02.0805 PM
[ReportManager] Browser Action [NavigateToURL] successfully performed. With the following test data [https://duckduckgo.com]. @30-09-2021 21:48:03.0400 P

################################################################################################################################################
Starting Execution:	[67 out of 144] test cases in the current suite
Test Method:		[unitTests.tests_browserActions.setWindowSize]
################################################################################################################################################
[ReportManager] Initial window size: (800, 600) @30-09-2021 21:48:03.0418 PM
[ReportManager] Window size after SWD: (1280, 720) @30-09-2021 21:48:03.0652 PM
[ReportManager] Browser Action [SetWindowSize] successfully performed. With the following test data [New screen size is now: (1280, 720)]. @30-09-2021 21:48:03.0652 P
[ReportManager] Target URL: [https://duckduckgo.com] @30-09-2021 21:48:03.0654 PM
[ReportManager] Initial URL: [https://duckduckgo.com] @30-09-2021 21:48:03.0726 PM
[ReportManager] Browser Action [NavigateToURL] successfully performed. With the following test data [https://duckduckgo.com]. @30-09-2021 21:48:04.0125 PM
[ReportManager] Browser Action [CloseCurrentWindow] successfully performed. @30-09-2021 21:48:04.0227 PM
[ReportManager] Successfully created attachment [Browser Action Test Data - CloseCurrentWindow - Actual Value] @30-09-2021 21:48:04.0227 P
[ReportManager] Successfully loaded the following test data file [src/test/resources/TestDataFiles/testSuite01/TestData.xlsx]. @30-09-2021 21:48:05.0215 PM
[ReportManager] Successfully created attachment [Test Data - Excel] @30-09-2021 21:48:05.0216 P

################################################################################################################################################
Starting Execution:	[68 out of 144] test cases in the current suite
Test Method:		[unitTests.tests_io_excelFileManager.getCellData_rowName_expectedToPass]
################################################################################################################################################
[ReportManager] testRowData. @30-09-2021 21:48:05.0233 P
[ReportManager] Successfully loaded the following test data file [src/test/resources/TestDataFiles/testSuite01/TestData.xlsx]. @30-09-2021 21:48:05.0297 PM
[ReportManager] Successfully created attachment [Test Data - Excel] @30-09-2021 21:48:05.0297 PM
[ReportManager] File Action [GetAbsolutePath] successfully performed. With the following test data [Relative Folder Path: "target/downloadedFiles/"]. @30-09-2021 21:48:05.0298 PM
[ReportManager] Attempting to run remotely on: [Linux-64], [GoogleChrome], [http://localhost:4444/wd/hub], Headless Execution. @30-09-2021 21:48:05.0298 PM
[ReportManager] Successfully Opened [GoogleChrome]. @30-09-2021 21:48:05.0522 P

################################################################################################################################################
Starting Execution:	[69 out of 144] test cases in the current suite
Test Method:		[testPackage01.Test_google.navigateToURLandVerifyGoogleLogoIsDisplayed]
Test Description:	[TC001 - Navigate to URL and Verify Google Logo is Displayed]
################################################################################################################################################
[ReportManager] Target URL: [https://www.google.com/ncr], and after redirection: [https://www.google.com] @30-09-2021 21:48:05.0544 PM
[ReportManager] Initial URL: [data:,] @30-09-2021 21:48:05.0607 PM
[ReportManager] Browser Action [NavigateToURL] successfully performed. With the following test data [https://www.google.com/ncr]. @30-09-2021 21:48:06.0500 PM
[ReportManager] Loaded Shared OpenCV @30-09-2021 21:48:06.0704 PM
[ReportManager] Assertion [ValidateElementExists] PASSED. Expected [Element Should Exist, locator 'By.xpath: //*[@id='hplogo' or @alt='Google']'] and Actual [Element Exists]. Comparison Type [EQUALS]. Validation Type [POSITIVE]. @30-09-2021 21:48:06.0784 PM
[ReportManager] Successfully created attachment [Screenshot - 1633038486704_navigateToURLandVerifyGoogleLogoIsDisplayed_ValidateElementExists_passed] @30-09-2021 21:48:06.0785 P

################################################################################################################################################
Starting Execution:	[70 out of 144] test cases in the current suite
Test Method:		[testPackage01.Test_google.searchForQueryandAssertResultsNumDisplayed]
Test Description:	[TC002 - Search for Query and Assert that the number of results is displayed]
################################################################################################################################################
[ReportManager] Element Action [Type] successfully performed. With the following test data [SHAFT_Engine]. @30-09-2021 21:48:07.0356 PM
[ReportManager] Element Action [KeyPress] successfully performed. With the following test data [Enter]. @30-09-2021 21:48:08.0916 PM
[ReportManager] Element Action [GetText] successfully performed. With the following test data [About 1,030,000 results (0.71 seconds) ]. @30-09-2021 21:48:09.0022 PM
[ReportManager] Loaded Shared OpenCV @30-09-2021 21:48:09.0174 PM
[ReportManager] Assertion [ValidateElementAttribute] PASSED. Expected [Value Should not be '' for the 'Text' attribute, element locator 'By.id: appbar'] and Actual [About 1,030,000 results (0.71 seconds) ]. Comparison Type [EQUALS]. Validation Type [NEGATIVE]. @30-09-2021 21:48:09.0264 PM
[ReportManager] Successfully created attachment [Screenshot - 1633038489174_searchForQueryandAssertResultsNumDisplayed_ValidateElementAttribute_passed] @30-09-2021 21:48:09.0265 P

################################################################################################################################################
Starting Execution:	[71 out of 144] test cases in the current suite
Test Method:		[testPackage01.Test_google.clickNextThrice]
Test Description:	[TC003 - Clicks the next button to make sure that the framework can scroll element into view before clicking it]
################################################################################################################################################
[ReportManager] Element Action [Click] successfully performed. With the following test data [Next]. @30-09-2021 21:48:11.0012 P
[ReportManager] Browser Action [CloseCurrentWindow] successfully performed. @30-09-2021 21:48:11.0370 PM
[ReportManager] Successfully created attachment [Browser Action Test Data - CloseCurrentWindow - Actual Value] @30-09-2021 21:48:11.0372 P

################################################################################################################################################
Starting Execution:	[72 out of 144] test cases in the current suite
Test Method:		[testPackage01.Test_testData.f]
################################################################################################################################################
[ReportManager] Successfully loaded the following test data file [src/test/resources/TestDataFiles/testSuite01/TestData.xlsx]. @30-09-2021 21:48:11.0432 PM
[ReportManager] Successfully created attachment [Test Data - Excel] @30-09-2021 21:48:11.0432 PM
[ReportManager] Last Column Number is: [3]. Zero-based. @30-09-2021 21:48:11.0433 P

################################################################################################################################################
Starting Execution:	[73 out of 144] test cases in the current suite
Test Method:		[testPackage01.Test_PDF.testPDF_Downloaded]
################################################################################################################################################
[ReportManager] File Action [DoesFileExist] successfully performed. With the following test data [File Path: "src/test/resources/TestDataFiles/sample.pdf"]. @30-09-2021 21:48:11.0440 PM
[ReportManager] File Action [GetAbsolutePath] successfully performed. With the following test data [Relative File Path: "src/test/resources/TestDataFiles/sample.pdf"]. @30-09-2021 21:48:11.0440 PM
[ReportManager] Assertion [ValidateTrue] PASSED. Expected [TRUE] and Actual [TRUE]. Validation Type [POSITIVE]. @30-09-2021 21:48:12.0832 P

################################################################################################################################################
Starting Execution:	[74 out of 144] test cases in the current suite
Test Method:		[testPackage01.Test_JSONFileManager.readStringFromJson]
################################################################################################################################################
[ReportManager] Successfully loaded the following test data file [src/test/resources/TestDataFiles/simpleJSON.json]. @30-09-2021 21:48:12.0838 PM
[ReportManager] Successfully created attachment [Test Data - JSON] @30-09-2021 21:48:12.0839 PM
[ReportManager] Assertion [ValidateEquals] PASSED. Expected [Mohab Mohie] and Actual [Mohab Mohie]. Comparison Type [EQUALS]. Validation Type [POSITIVE]. @30-09-2021 21:48:12.0854 P
[ReportManager] File Action [GetAbsolutePath] successfully performed. With the following test data [Relative Folder Path: "target/downloadedFiles/"]. @30-09-2021 21:48:12.0858 PM
[ReportManager] Attempting to run remotely on: [Linux-64], [GoogleChrome], [http://localhost:4444/wd/hub], Headless Execution. @30-09-2021 21:48:12.0858 PM
[ReportManager] Successfully Opened [GoogleChrome]. @30-09-2021 21:48:13.0109 P

################################################################################################################################################
Starting Execution:	[75 out of 144] test cases in the current suite
Test Method:		[testPackage01.Test_dragAndDrop.dragAndDropJquery]
################################################################################################################################################
[ReportManager] Target URL: [https://jqueryui.com/resources/demos/droppable/default.html] @30-09-2021 21:48:13.0123 PM
[ReportManager] Initial URL: [data:,] @30-09-2021 21:48:13.0165 PM
[ReportManager] Browser Action [NavigateToURL] successfully performed. With the following test data [https://jqueryui.com/resources/demos/droppable/default.html]. @30-09-2021 21:48:13.0794 PM
[ReportManager] Element Action [GetText] successfully performed. With the following test data [Drop here]. @30-09-2021 21:48:13.0897 PM
[ReportManager] Element Action [DragAndDrop] successfully performed. With the following test data [Start point: (8, 18), End point: (8, 18)]. @30-09-2021 21:48:15.0275 PM
[ReportManager] Element Action [GetText] successfully performed. With the following test data [Dropped!]. @30-09-2021 21:48:15.0350 PM
[ReportManager] Assertion Passed: Checking to see if the text has changed after performing drag and drop @30-09-2021 21:48:15.0350 PM
[ReportManager] Assertion [ValidateEquals] PASSED. Expected [Drop here] and Actual [Dropped!]. Comparison Type [EQUALS]. Validation Type [NEGATIVE]. @30-09-2021 21:48:15.0350 P
[ReportManager] Browser Action [CloseCurrentWindow] successfully performed. @30-09-2021 21:48:15.0475 PM
[ReportManager] Successfully created attachment [Browser Action Test Data - CloseCurrentWindow - Actual Value] @30-09-2021 21:48:15.0475 P
[ReportManager] File Action [GetAbsolutePath] successfully performed. With the following test data [Relative Folder Path: "target/downloadedFiles/"]. @30-09-2021 21:48:15.0477 PM
[ReportManager] Attempting to run remotely on: [Linux-64], [GoogleChrome], [http://localhost:4444/wd/hub], Headless Execution. @30-09-2021 21:48:15.0477 PM
[ReportManager] Successfully Opened [GoogleChrome]. @30-09-2021 21:48:15.0708 P

################################################################################################################################################
Starting Execution:	[76 out of 144] test cases in the current suite
Test Method:		[testPackage01.Test_dragAndDrop.dragAndDrop]
Test Description:	[TC001 - Test Drag and Drop function.]
################################################################################################################################################
[ReportManager] Target URL: [http://the-internet.herokuapp.com/drag_and_drop] @30-09-2021 21:48:15.0721 PM
[ReportManager] Initial URL: [data:,] @30-09-2021 21:48:15.0775 PM
[ReportManager] Browser Action [NavigateToURL] successfully performed. With the following test data [http://the-internet.herokuapp.com/drag_and_drop]. @30-09-2021 21:48:16.0765 PM
[ReportManager] Attempting Drag and Drop @30-09-2021 21:48:16.0765 PM
[ReportManager] Element Action [DragAndDrop] successfully performed. With the following test data [Start point: (32, 90), End point: (247, 90)]. @30-09-2021 21:48:18.0008 P
[ReportManager] Browser Action [CloseCurrentWindow] successfully performed. @30-09-2021 21:48:18.0099 PM
[ReportManager] Successfully created attachment [Browser Action Test Data - CloseCurrentWindow - Actual Value] @30-09-2021 21:48:18.0100 P
[ReportManager] File Action [GetAbsolutePath] successfully performed. With the following test data [Relative Folder Path: "target/downloadedFiles/"]. @30-09-2021 21:48:18.0102 PM
[ReportManager] Attempting to run remotely on: [Linux-64], [GoogleChrome], [http://localhost:4444/wd/hub], Headless Execution. @30-09-2021 21:48:18.0102 PM
[ReportManager] Successfully Opened [GoogleChrome]. @30-09-2021 21:48:18.0320 P

################################################################################################################################################
Starting Execution:	[77 out of 144] test cases in the current suite
Test Method:		[testPackage01.Test_dragAndDrop.dragAndDropByOffset]
Test Description:	[TC002 - Test Drag and Drop by offset function.]
################################################################################################################################################
[ReportManager] Target URL: [https://jqueryui.com/resources/demos/draggable/default.html] @30-09-2021 21:48:18.0345 PM
[ReportManager] Initial URL: [data:,] @30-09-2021 21:48:18.0384 PM
[ReportManager] Browser Action [NavigateToURL] successfully performed. With the following test data [https://jqueryui.com/resources/demos/draggable/default.html]. @30-09-2021 21:48:18.0970 PM
[ReportManager] Element Action [DragAndDropByOffset] successfully performed. With the following test data [Start point: (8, 8), End point: (108, 58)]. @30-09-2021 21:48:19.0156 P
[ReportManager] Browser Action [CloseCurrentWindow] successfully performed. @30-09-2021 21:48:19.0248 PM
[ReportManager] Successfully created attachment [Browser Action Test Data - CloseCurrentWindow - Actual Value] @30-09-2021 21:48:19.0248 P
[ReportManager] File Action [GetAbsolutePath] successfully performed. With the following test data [Relative Folder Path: "target/downloadedFiles/"]. @30-09-2021 21:48:19.0250 PM
[ReportManager] Attempting to run remotely on: [Linux-64], [GoogleChrome], [http://localhost:4444/wd/hub], Headless Execution. @30-09-2021 21:48:19.0250 PM
[ReportManager] Successfully Opened [GoogleChrome]. @30-09-2021 21:48:19.0478 P

################################################################################################################################################
Starting Execution:	[78 out of 144] test cases in the current suite
Test Method:		[testPackage01.Test_verifyEquals.test_assertElementAttribute]
################################################################################################################################################
[ReportManager] Target URL: [https://www.google.com/ncr], and after redirection: [https://www.google.com] @30-09-2021 21:48:19.0491 PM
[ReportManager] Initial URL: [data:,] @30-09-2021 21:48:19.0537 PM
[ReportManager] Browser Action [NavigateToURL] successfully performed. With the following test data [https://www.google.com/ncr]. @30-09-2021 21:48:20.0646 PM
[ReportManager] Element Action [Type] successfully performed. With the following test data [INC_004010050:Another SCHEDULER with the same name [Duplicate Job Name] already exists.]. @30-09-2021 21:48:21.0465 PM
[ReportManager] Element Action [GetText] successfully performed. With the following test data [INC_004010050:Another SCHEDULER with the same name [Duplicate Job Name] already exists.]. @30-09-2021 21:48:21.0551 PM
[ReportManager] Loaded Shared OpenCV @30-09-2021 21:48:21.0688 PM
[ReportManager] Verification [ValidateElementAttribute] PASSED. Expected [Value Should be 'INC_004010050:Another SCHEDULER with the same name \[Duplicate Job Name\] already exists.' for the 'text' attribute, element locator 'By.name: q'] and Actual [INC_004010050:Another SCHEDULER with the same name [Duplicate Job Name] already exists.]. Comparison Type [MATCHES]. Validation Type [POSITIVE]. @30-09-2021 21:48:21.0776 PM
[ReportManager] Successfully created attachment [Screenshot - 1633038501688_test_assertElementAttribute_ValidateElementAttribute_passed] @30-09-2021 21:48:21.0778 P
[ReportManager] Browser Action [CloseCurrentWindow] successfully performed. @30-09-2021 21:48:21.0908 PM
[ReportManager] Successfully created attachment [Browser Action Test Data - CloseCurrentWindow - Actual Value] @30-09-2021 21:48:21.0910 P
[ReportManager] Successfully loaded the following test data file [src/test/resources/TestDataFiles/testSuite01/TestData.xlsx]. @30-09-2021 21:48:21.0942 PM
[ReportManager] Successfully created attachment [Test Data - Excel] @30-09-2021 21:48:21.0942 PM
[ReportManager] Attempting to run using Playwright locally on: [Linux-64], [GoogleChrome], Headless Execution. @30-09-2021 21:48:36.0974 PM
[ReportManager] File Action [GetAbsolutePath] successfully performed. With the following test data [Relative Folder Path: "target/downloadedFiles/"]. @30-09-2021 21:48:36.0975 PM
[ReportManager] Initial window size: (1280, 720) @30-09-2021 21:48:37.0818 PM
[ReportManager] Window size after Toolkit: com.microsoft.playwright.options.ViewportSize@50c8b73 @30-09-2021 21:48:37.0828 PM
[ReportManager] Browser Action [MaximizeWindow] successfully performed. With the following test data [New screen size is now: (1920, 1080)]. @30-09-2021 21:48:37.0829 P

################################################################################################################################################
Starting Execution:	[79 out of 144] test cases in the current suite
Test Method:		[testPackage01.Test_google_playwright.navigateToURLandVerifyGoogleLogoIsDisplayed]
Test Description:	[TC001 - Navigate to URL and Verify Google Logo is Displayed]
################################################################################################################################################
[ReportManager] Target URL: [https://www.google.com/ncr], and after redirection: [https://www.google.com] @30-09-2021 21:48:37.0840 PM
[ReportManager] Initial URL: [about:blank] @30-09-2021 21:48:38.0291 PM
[ReportManager] Browser Action [NavigateToURL] successfully performed. With the following test data [https://www.google.com/ncr]. @30-09-2021 21:48:39.0673 PM
[ReportManager] Loaded Shared OpenCV @30-09-2021 21:48:39.0921 PM
[ReportManager] Assertion [ValidateElementExists] PASSED. Expected [Element Should Exist, locator 'xpath=//*[@id='hplogo' or @alt='Google']'] and Actual [Element Exists]. Comparison Type [EQUALS]. Validation Type [POSITIVE]. @30-09-2021 21:48:40.0147 PM
[ReportManager] Successfully created attachment [Screenshot - 1633038519916_navigateToURLandVerifyGoogleLogoIsDisplayed_ValidateElementExists_passed] @30-09-2021 21:48:40.0148 P

################################################################################################################################################
Starting Execution:	[80 out of 144] test cases in the current suite
Test Method:		[testPackage01.Test_google_playwright.searchForQueryandAssertResultsNumDisplayed]
Test Description:	[TC002 - Search for Query and Assert that the number of results is displayed]
################################################################################################################################################
[ReportManager] Element Action [Type] successfully performed. With the following test data [SHAFT_Engine]. @30-09-2021 21:48:40.0484 PM
[ReportManager] Element Action [KeyPress] successfully performed. With the following test data [Enter]. @30-09-2021 21:48:40.0529 PM
[ReportManager] Element Action [GetText] successfully performed. With the following test data [About 1,030,000 results (0.79 seconds)]. @30-09-2021 21:48:41.0709 PM
[ReportManager] Loaded Shared OpenCV @30-09-2021 21:48:43.0159 PM
[ReportManager] Assertion [ValidateElementAttribute] PASSED. Expected [Value Should not be '' for the 'text' attribute, element locator 'xpath=//div[@id='appbar']'] and Actual [About 1,030,000 results (0.79 seconds)]. Comparison Type [EQUALS]. Validation Type [NEGATIVE]. @30-09-2021 21:48:43.0463 PM
[ReportManager] Successfully created attachment [Screenshot - 1633038523157_searchForQueryandAssertResultsNumDisplayed_ValidateElementAttribute_passed] @30-09-2021 21:48:43.0466 P

################################################################################################################################################
Starting Execution:	[81 out of 144] test cases in the current suite
Test Method:		[testPackage01.Test_google_playwright.clickNextThrice]
Test Description:	[TC003 - Clicks the next button to make sure that the framework can scroll element into view before clicking it]
################################################################################################################################################
[ReportManager] Element Action [Click] successfully performed. With the following test data [Next]. @30-09-2021 21:48:43.0762 P
[ReportManager] Failed to find video recording. @30-09-2021 21:48:43.0771 PM
[ReportManager] Successfully Closed PlayWright Driver. @30-09-2021 21:48:43.0839 P

################################################################################################################################################
Starting Execution:	[82 out of 144] test cases in the current suite
Test Method:		[testPackage01.Test_JsonActions.f]
###############################################################################################################################################

################################################################################################################################################
Starting Execution:	[83 out of 144] test cases in the current suite
Test Method:		[testPackage01.Test_JsonActions.f2]
###############################################################################################################################################

################################################################################################################################################
Starting Execution:	[84 out of 144] test cases in the current suite
Test Method:		[testPackage01.Test_AssertApiResponseEquals.assertApiResponseEquals_expectedToPass]
################################################################################################################################################
[ReportManager] Response status code: [200], status line: [HTTP/1.1 200 OK] @30-09-2021 21:48:43.0956 PM
[ReportManager] Assertion Passed: Evaluating the actual response status code against the expected one... @30-09-2021 21:48:43.0956 PM
[ReportManager] Assertion [ValidateEquals] PASSED. Expected [200] and Actual [200]. Comparison Type [EQUALS]. Validation Type [POSITIVE]. @30-09-2021 21:48:43.0957 PM
[ReportManager] API Action [PerformRequest] successfully performed. With the following test data [Request Type: "GET" | Target Status Code: "200" | Service URL: "https://jsonplaceholder.typicode.com/users" | Content Type: "*/*" | Response Time: "82ms"]. @30-09-2021 21:48:43.0978 PM
[ReportManager] Successfully created attachment [API Request - Specifications] @30-09-2021 21:48:43.0978 PM
[ReportManager] Successfully created attachment [API Response - JSON Body] @30-09-2021 21:48:43.0979 PM
[ReportManager] API Action [GetResponseJSONValueAsList] successfully performed. With the following test data [$]. @30-09-2021 21:48:43.0984 PM
[ReportManager] API Action [GetResponseJSONValue] successfully performed. With the following test data [name]. @30-09-2021 21:48:43.0996 PM
[ReportManager] API Action [GetResponseJSONValue] successfully performed. With the following test data [email]. @30-09-2021 21:48:44.0007 PM
[ReportManager] Verification [ValidateEquals] PASSED. Expected [Sincere@april.biz] and Actual [Sincere@april.biz]. Comparison Type [EQUALS]. Validation Type [POSITIVE]. @30-09-2021 21:48:44.0007 PM
[ReportManager] API Action [GetResponseJSONValue] successfully performed. With the following test data [username]. @30-09-2021 21:48:44.0017 PM
[ReportManager] Assertion [ValidateEquals] PASSED. Expected [Bret] and Actual [Bret]. Comparison Type [EQUALS]. Validation Type [POSITIVE]. @30-09-2021 21:48:44.0017 PM
[ReportManager] API Action [GetResponseJSONValue] successfully performed. With the following test data [name]. @30-09-2021 21:48:44.0033 PM
[ReportManager] API Action [GetResponseJSONValue] successfully performed. With the following test data [name]. @30-09-2021 21:48:44.0043 PM
[ReportManager] API Action [GetResponseJSONValue] successfully performed. With the following test data [name]. @30-09-2021 21:48:44.0052 PM
[ReportManager] API Action [GetResponseJSONValue] successfully performed. With the following test data [name]. @30-09-2021 21:48:44.0059 PM
[ReportManager] API Action [GetResponseJSONValue] successfully performed. With the following test data [name]. @30-09-2021 21:48:44.0069 PM
[ReportManager] API Action [GetResponseJSONValue] successfully performed. With the following test data [name]. @30-09-2021 21:48:44.0085 PM
[ReportManager] API Action [GetResponseJSONValue] successfully performed. With the following test data [name]. @30-09-2021 21:48:44.0096 PM
[ReportManager] API Action [GetResponseJSONValue] successfully performed. With the following test data [name]. @30-09-2021 21:48:44.0115 PM
[ReportManager] API Action [GetResponseJSONValue] successfully performed. With the following test data [name]. @30-09-2021 21:48:44.0176 P
[ReportManager] File Action [GetAbsolutePath] successfully performed. With the following test data [Relative Folder Path: "target/downloadedFiles/"]. @30-09-2021 21:48:44.0179 PM
[ReportManager] Attempting to run remotely on: [Linux-64], [GoogleChrome], [http://localhost:4444/wd/hub], Headless Execution. @30-09-2021 21:48:44.0180 PM
[ReportManager] Successfully Opened [GoogleChrome]. @30-09-2021 21:48:44.0501 P

################################################################################################################################################
Starting Execution:	[85 out of 144] test cases in the current suite
Test Method:		[testPackage01.Test_ShadowDOM.shadowdom]
################################################################################################################################################
[ReportManager] Target URL: [https://mdn.github.io/web-components-examples/popup-info-box-web-component/] @30-09-2021 21:48:44.0518 PM
[ReportManager] Initial URL: [data:,] @30-09-2021 21:48:44.0562 PM
[ReportManager] Browser Action [NavigateToURL] successfully performed. With the following test data [https://mdn.github.io/web-components-examples/popup-info-box-web-component/]. @30-09-2021 21:48:44.0999 PM
[ReportManager] Element Action [Type] successfully performed. With the following test data [Typing into SHADOW DOM...]. @30-09-2021 21:48:45.0304 PM
[ReportManager] Element Action [GetText] successfully performed. With the following test data [Typing into SHADOW DOM...]. @30-09-2021 21:48:45.0417 PM
[ReportManager] Loaded Shared OpenCV @30-09-2021 21:48:45.0542 PM
[ReportManager] Assertion [ValidateElementAttribute] PASSED. Expected [Value Should be 'Typing into SHADOW DOM...' for the 'Text' attribute, element locator 'By.id: cvc'] and Actual [Typing into SHADOW DOM...]. Comparison Type [EQUALS]. Validation Type [POSITIVE]. @30-09-2021 21:48:45.0611 PM
[ReportManager] Successfully created attachment [Screenshot - 1633038525542_shadowdom_ValidateElementAttribute_passed] @30-09-2021 21:48:45.0612 P
[ReportManager] Browser Action [CloseCurrentWindow] successfully performed. @30-09-2021 21:48:45.0703 PM
[ReportManager] Successfully created attachment [Browser Action Test Data - CloseCurrentWindow - Actual Value] @30-09-2021 21:48:45.0703 P

################################################################################################################################################
Starting Execution:	[86 out of 144] test cases in the current suite
Test Method:		[testPackage01.Test_SelectedValue.multipleSelect]
################################################################################################################################################
[ReportManager] File Action [GetAbsolutePath] successfully performed. With the following test data [Relative Folder Path: "target/downloadedFiles/"]. @30-09-2021 21:48:45.0706 PM
[ReportManager] Attempting to run remotely on: [Linux-64], [GoogleChrome], [http://localhost:4444/wd/hub], Headless Execution. @30-09-2021 21:48:45.0706 PM
[ReportManager] Successfully Opened [GoogleChrome]. @30-09-2021 21:48:45.0942 PM
[ReportManager] Target URL: [https://yari-demos.prod.mdn.mozit.cloud/en-US/docs/Web/HTML/Element/select/_sample_.Advanced_select_with_multiple_features.html] @30-09-2021 21:48:45.0957 PM
[ReportManager] Initial URL: [data:,] @30-09-2021 21:48:45.0999 PM
[ReportManager] Browser Action [NavigateToURL] successfully performed. With the following test data [https://yari-demos.prod.mdn.mozit.cloud/en-US/docs/Web/HTML/Element/select/_sample_.Advanced_select_with_multiple_features.html]. @30-09-2021 21:48:46.0333 PM
[ReportManager] Element Action [Select] successfully performed. With the following test data [Dog]. @30-09-2021 21:48:46.0568 PM
[ReportManager] Element Action [Select] successfully performed. With the following test data [Cat]. @30-09-2021 21:48:46.0803 PM
[ReportManager] Element Action [GetSelectedText] successfully performed. With the following test data [DogCat]. @30-09-2021 21:48:46.0948 PM
[ReportManager] DogCat @30-09-2021 21:48:46.0948 PM
[ReportManager] Element Action [GetSelectedText] successfully performed. With the following test data [DogCat]. @30-09-2021 21:48:47.0096 PM
[ReportManager] Loaded Shared OpenCV @30-09-2021 21:48:47.0204 PM
[ReportManager] Assertion [ValidateElementAttribute] PASSED. Expected [Value Should be 'DogCat' for the 'selectedText' attribute, element locator 'By.tagName: select'] and Actual [DogCat]. Comparison Type [EQUALS]. Validation Type [POSITIVE]. @30-09-2021 21:48:47.0294 PM
[ReportManager] Successfully created attachment [Screenshot - 1633038527204_multipleSelect_ValidateElementAttribute_passed] @30-09-2021 21:48:47.0294 PM
[ReportManager] Browser Action [CloseCurrentWindow] successfully performed. @30-09-2021 21:48:47.0385 PM
[ReportManager] Successfully created attachment [Browser Action Test Data - CloseCurrentWindow - Actual Value] @30-09-2021 21:48:47.0386 P

################################################################################################################################################
Starting Execution:	[87 out of 144] test cases in the current suite
Test Method:		[testPackage01.Test_SelectedValue.simpleSelect]
################################################################################################################################################
[ReportManager] File Action [GetAbsolutePath] successfully performed. With the following test data [Relative Folder Path: "target/downloadedFiles/"]. @30-09-2021 21:48:47.0395 PM
[ReportManager] Attempting to run remotely on: [Linux-64], [GoogleChrome], [http://localhost:4444/wd/hub], Headless Execution. @30-09-2021 21:48:47.0395 PM
[ReportManager] Successfully Opened [GoogleChrome]. @30-09-2021 21:48:47.0630 PM
[ReportManager] Target URL: [https://yari-demos.prod.mdn.mozit.cloud/en-US/docs/Web/HTML/Element/select/_sample_.Basic_select.html] @30-09-2021 21:48:47.0650 PM
[ReportManager] Initial URL: [data:,] @30-09-2021 21:48:47.0695 PM
[ReportManager] Browser Action [NavigateToURL] successfully performed. With the following test data [https://yari-demos.prod.mdn.mozit.cloud/en-US/docs/Web/HTML/Element/select/_sample_.Basic_select.html]. @30-09-2021 21:48:47.0934 PM
[ReportManager] Element Action [Select] successfully performed. With the following test data [Third Value]. @30-09-2021 21:48:48.0251 PM
[ReportManager] Element Action [GetSelectedText] successfully performed. With the following test data [Third Value]. @30-09-2021 21:48:48.0367 PM
[ReportManager] Third Value @30-09-2021 21:48:48.0367 PM
[ReportManager] Element Action [GetSelectedText] successfully performed. With the following test data [Third Value]. @30-09-2021 21:48:48.0465 PM
[ReportManager] Loaded Shared OpenCV @30-09-2021 21:48:48.0589 PM
[ReportManager] Assertion [ValidateElementAttribute] PASSED. Expected [Value Should be 'Third Value' for the 'selectedText' attribute, element locator 'By.tagName: select'] and Actual [Third Value]. Comparison Type [EQUALS]. Validation Type [POSITIVE]. @30-09-2021 21:48:48.0655 PM
[ReportManager] Successfully created attachment [Screenshot - 1633038528589_simpleSelect_ValidateElementAttribute_passed] @30-09-2021 21:48:48.0656 PM
[ReportManager] Browser Action [CloseCurrentWindow] successfully performed. @30-09-2021 21:48:48.0748 PM
[ReportManager] Successfully created attachment [Browser Action Test Data - CloseCurrentWindow - Actual Value] @30-09-2021 21:48:48.0748 P
[ReportManager] File Action [GetAbsolutePath] successfully performed. With the following test data [Relative Folder Path: "target/downloadedFiles/"]. @30-09-2021 21:48:48.0758 PM
[ReportManager] Attempting to run remotely on: [Linux-64], [GoogleChrome], [http://localhost:4444/wd/hub], Headless Execution. @30-09-2021 21:48:48.0758 PM
[ReportManager] Successfully Opened [GoogleChrome]. @30-09-2021 21:48:48.0990 P

################################################################################################################################################
Starting Execution:	[88 out of 144] test cases in the current suite
Test Method:		[testPackage01.Test_IsElementClickable.testIsElementClickable]
################################################################################################################################################
[ReportManager] Target URL: [https://the-internet.herokuapp.com/] @30-09-2021 21:48:49.0012 PM
[ReportManager] Initial URL: [data:,] @30-09-2021 21:48:49.0079 PM
[ReportManager] Browser Action [NavigateToURL] successfully performed. With the following test data [https://the-internet.herokuapp.com/]. @30-09-2021 21:48:50.0262 PM
[ReportManager] Element Action [IsElementClickable] successfully performed. @30-09-2021 21:48:50.0409 PM
[ReportManager] Assertion [ValidateTrue] PASSED. Expected [TRUE] and Actual [TRUE]. Validation Type [POSITIVE]. @30-09-2021 21:48:50.0410 P
[ReportManager] Browser Action [CloseCurrentWindow] successfully performed. @30-09-2021 21:48:50.0511 PM
[ReportManager] Successfully created attachment [Browser Action Test Data - CloseCurrentWindow - Actual Value] @30-09-2021 21:48:50.0511 P
[ReportManager] File Action [GetAbsolutePath] successfully performed. With the following test data [Relative Folder Path: "target/downloadedFiles/"]. @30-09-2021 21:48:50.0513 PM
[ReportManager] Attempting to run remotely on: [Linux-64], [GoogleChrome], [http://localhost:4444/wd/hub], Headless Execution. @30-09-2021 21:48:50.0513 PM
[ReportManager] Successfully Opened [GoogleChrome]. @30-09-2021 21:48:50.0723 P

################################################################################################################################################
Starting Execution:	[89 out of 144] test cases in the current suite
Test Method:		[testPackage01.Test_clipboardActions.typeTextAndCopyPaste]
################################################################################################################################################
[ReportManager] Target URL: [https://www.google.com/ncr], and after redirection: [https://www.google.com] @30-09-2021 21:48:50.0744 PM
[ReportManager] Initial URL: [data:,] @30-09-2021 21:48:50.0784 PM
[ReportManager] Browser Action [NavigateToURL] successfully performed. With the following test data [https://www.google.com/ncr]. @30-09-2021 21:48:51.0646 PM
[ReportManager] Element Action [Type] successfully performed. With the following test data [FIRST]. @30-09-2021 21:48:51.0989 PM
[ReportManager] Element Action [ClipboardActions] successfully performed. With the following test data [select all]. @30-09-2021 21:48:52.0048 PM
[ReportManager] Element Action [ClipboardActions] successfully performed. With the following test data [copy]. @30-09-2021 21:48:52.0106 PM
[ReportManager] Element Action [ClipboardActions] successfully performed. With the following test data [unselect]. @30-09-2021 21:48:52.0169 PM
[ReportManager] Element Action [ClipboardActions] successfully performed. With the following test data [paste]. @30-09-2021 21:48:52.0231 PM
[ReportManager] Element Action [ClipboardActions] successfully performed. With the following test data [select all]. @30-09-2021 21:48:52.0283 PM
[ReportManager] Element Action [Type] successfully performed. @30-09-2021 21:48:52.0497 PM
[ReportManager] Element Action [ClipboardActions] successfully performed. With the following test data [cut]. @30-09-2021 21:48:52.0498 PM
[ReportManager] Element Action [ClipboardActions] successfully performed. With the following test data [paste]. @30-09-2021 21:48:52.0559 PM
[ReportManager] Element Action [ClipboardActions] successfully performed. With the following test data [paste]. @30-09-2021 21:48:52.0632 P
[ReportManager] Browser Action [CloseCurrentWindow] successfully performed. @30-09-2021 21:48:52.0821 PM
[ReportManager] Successfully created attachment [Browser Action Test Data - CloseCurrentWindow - Actual Value] @30-09-2021 21:48:52.0826 P
[ReportManager] File Action [GetAbsolutePath] successfully performed. With the following test data [Relative Folder Path: "target/downloadedFiles/"]. @30-09-2021 21:48:52.0841 PM
[ReportManager] Attempting to run remotely on: [Linux-64], [GoogleChrome], [http://localhost:4444/wd/hub], Headless Execution. @30-09-2021 21:48:52.0841 PM
[ReportManager] Successfully Opened [GoogleChrome]. @30-09-2021 21:48:53.0103 P

################################################################################################################################################
Starting Execution:	[90 out of 144] test cases in the current suite
Test Method:		[testPackage01.Test_dynamicLoading.dynamicLoading_elementIsHidden]
################################################################################################################################################
[ReportManager] Target URL: [https://the-internet.herokuapp.com/dynamic_loading/1] @30-09-2021 21:48:53.0125 PM
[ReportManager] Initial URL: [data:,] @30-09-2021 21:48:53.0165 PM
[ReportManager] Browser Action [NavigateToURL] successfully performed. With the following test data [https://the-internet.herokuapp.com/dynamic_loading/1]. @30-09-2021 21:48:54.0331 PM
[ReportManager] Element Action [Click] successfully performed. With the following test data [Start]. @30-09-2021 21:48:54.0648 PM
[ReportManager] Element Action [GetText] successfully performed. With the following test data [
    Hello World!
  ]. @30-09-2021 21:48:54.0761 PM
[ReportManager] Loaded Shared OpenCV @30-09-2021 21:48:54.0914 PM
[ReportManager] Assertion [ValidateElementAttribute] PASSED. Expected [Value Should be 'Hello World!' for the 'text' attribute, element locator 'By.id: finish'] and Actual [
    Hello World!
  ]. Comparison Type [CONTAINS]. Validation Type [POSITIVE]. @30-09-2021 21:48:54.0985 PM
[ReportManager] Successfully created attachment [Screenshot - 1633038534914_dynamicLoading_elementIsHidden_ValidateElementAttribute_passed] @30-09-2021 21:48:54.0986 P
[ReportManager] Browser Action [CloseCurrentWindow] successfully performed. @30-09-2021 21:48:55.0085 PM
[ReportManager] Successfully created attachment [Browser Action Test Data - CloseCurrentWindow - Actual Value] @30-09-2021 21:48:55.0086 P
[ReportManager] File Action [GetAbsolutePath] successfully performed. With the following test data [Relative Folder Path: "target/downloadedFiles/"]. @30-09-2021 21:48:55.0088 PM
[ReportManager] Attempting to run remotely on: [Linux-64], [GoogleChrome], [http://localhost:4444/wd/hub], Headless Execution. @30-09-2021 21:48:55.0088 PM
[ReportManager] Successfully Opened [GoogleChrome]. @30-09-2021 21:48:55.0305 P

################################################################################################################################################
Starting Execution:	[91 out of 144] test cases in the current suite
Test Method:		[testPackage01.Test_dynamicLoading.dynamicLoading_elementIsRendered]
################################################################################################################################################
[ReportManager] Target URL: [https://the-internet.herokuapp.com/dynamic_loading/2] @30-09-2021 21:48:55.0319 PM
[ReportManager] Initial URL: [data:,] @30-09-2021 21:48:55.0367 PM
[ReportManager] Browser Action [NavigateToURL] successfully performed. With the following test data [https://the-internet.herokuapp.com/dynamic_loading/2]. @30-09-2021 21:48:56.0521 PM
[ReportManager] Element Action [Click] successfully performed. With the following test data [Start]. @30-09-2021 21:48:56.0856 PM
[ReportManager] Element Action [GetText] successfully performed. With the following test data [Hello World!]. @30-09-2021 21:49:02.0023 PM
[ReportManager] Loaded Shared OpenCV @30-09-2021 21:49:02.0164 PM
[ReportManager] Assertion [ValidateElementAttribute] PASSED. Expected [Value Should be 'Hello World!' for the 'text' attribute, element locator 'By.id: finish'] and Actual [Hello World!]. Comparison Type [CONTAINS]. Validation Type [POSITIVE]. @30-09-2021 21:49:02.0238 PM
[ReportManager] Successfully created attachment [Screenshot - 1633038542164_dynamicLoading_elementIsRendered_ValidateElementAttribute_passed] @30-09-2021 21:49:02.0238 P
[ReportManager] Browser Action [CloseCurrentWindow] successfully performed. @30-09-2021 21:49:02.0329 PM
[ReportManager] Successfully created attachment [Browser Action Test Data - CloseCurrentWindow - Actual Value] @30-09-2021 21:49:02.0329 P

################################################################################################################################################
Starting Execution:	[92 out of 144] test cases in the current suite
Test Method:		[testPackage01.Test_JsonCompareWithSpecialCharacters.specialCharacters]
################################################################################################################################################
[ReportManager] File Action [GetAbsolutePath] successfully performed. With the following test data [Relative Folder Path: "src/test/resources/TestJsonFiles/specialCharacters.json"]. @30-09-2021 21:49:02.0338 PM
[ReportManager] File Action [ReadFromFile] successfully performed. With the following test data [File Path: "/home/runner/work/SHAFT_ENGINE/SHAFT_ENGINE/src/test/resources/TestJsonFiles/specialCharacters.json"]. @30-09-2021 21:49:02.0344 PM
[ReportManager] Successfully created attachment [File Action Actual Result - Command Log] @30-09-2021 21:49:02.0344 PM
[ReportManager] Comparing the provided API response with the file at this path "src/test/resources/TestJsonFiles/specialCharacters.json", comparison type "EQUALS" @30-09-2021 21:49:02.0345 PM
[ReportManager] API Action [CompareJSON] successfully performed. With the following test data [src/test/resources/TestJsonFiles/specialCharacters.json]. @30-09-2021 21:49:02.0355 PM
[ReportManager] File Action [GetAbsolutePath] successfully performed. With the following test data [Relative Folder Path: "src/test/resources/TestJsonFiles/specialCharacters.json"]. @30-09-2021 21:49:02.0355 PM
[ReportManager] File Action [ReadFromFile] successfully performed. With the following test data [File Path: "/home/runner/work/SHAFT_ENGINE/SHAFT_ENGINE/src/test/resources/TestJsonFiles/specialCharacters.json"]. @30-09-2021 21:49:02.0356 PM
[ReportManager] Verification [ValidateJSONFileContent] PASSED. Expected [Response data should match the JSON File in this path 'src/test/resources/TestJsonFiles/specialCharacters.json'] and Actual [TRUE]. Comparison Type [EQUALS]. Validation Type [POSITIVE]. @30-09-2021 21:49:02.0360 PM
[ReportManager] Successfully created attachment [Validation Test Data - Expected JSON Value] @30-09-2021 21:49:02.0360 PM
[ReportManager] Successfully created attachment [Validation Test Data - Actual JSON Value] @30-09-2021 21:49:02.0361 P

################################################################################################################################################
Starting Execution:	[93 out of 144] test cases in the current suite
Test Method:		[testPackage01.Test_JsonCompareWithSpecialCharacters.specialCharacters_assertion]
################################################################################################################################################
[ReportManager] File Action [GetAbsolutePath] successfully performed. With the following test data [Relative Folder Path: "src/test/resources/TestJsonFiles/specialCharacters.json"]. @30-09-2021 21:49:02.0365 PM
[ReportManager] File Action [ReadFromFile] successfully performed. With the following test data [File Path: "/home/runner/work/SHAFT_ENGINE/SHAFT_ENGINE/src/test/resources/TestJsonFiles/specialCharacters.json"]. @30-09-2021 21:49:02.0365 PM
[ReportManager] Successfully created attachment [File Action Actual Result - Command Log] @30-09-2021 21:49:02.0366 PM
[ReportManager] Comparing the provided API response with the file at this path "src/test/resources/TestJsonFiles/specialCharacters.json", comparison type "CONTAINS" @30-09-2021 21:49:02.0366 PM
[ReportManager] API Action [CompareJSON] successfully performed. With the following test data [src/test/resources/TestJsonFiles/specialCharacters.json]. @30-09-2021 21:49:02.0389 PM
[ReportManager] File Action [GetAbsolutePath] successfully performed. With the following test data [Relative Folder Path: "src/test/resources/TestJsonFiles/specialCharacters.json"]. @30-09-2021 21:49:02.0389 PM
[ReportManager] File Action [ReadFromFile] successfully performed. With the following test data [File Path: "/home/runner/work/SHAFT_ENGINE/SHAFT_ENGINE/src/test/resources/TestJsonFiles/specialCharacters.json"]. @30-09-2021 21:49:02.0389 PM
[ReportManager] Assertion Passed: trying out the log message @30-09-2021 21:49:02.0394 PM
[ReportManager] Successfully created attachment [Validation Test Data - Expected JSON Value] @30-09-2021 21:49:02.0395 PM
[ReportManager] Successfully created attachment [Validation Test Data - Actual JSON Value] @30-09-2021 21:49:02.0395 PM
[ReportManager] Assertion [ValidateJSONFileContent] PASSED. Expected [Response data should match the JSON File in this path 'src/test/resources/TestJsonFiles/specialCharacters.json'] and Actual [TRUE]. Comparison Type [CONTAINS]. Validation Type [POSITIVE]. @30-09-2021 21:49:02.0396 P
[ReportManager] File Action [GetAbsolutePath] successfully performed. With the following test data [Relative Folder Path: "target/downloadedFiles/"]. @30-09-2021 21:49:02.0404 PM
[ReportManager] Attempting to run remotely on: [Linux-64], [GoogleChrome], [http://localhost:4444/wd/hub], Headless Execution. @30-09-2021 21:49:02.0404 PM
[ReportManager] Successfully Opened [GoogleChrome]. @30-09-2021 21:49:02.0658 P

################################################################################################################################################
Starting Execution:	[94 out of 144] test cases in the current suite
Test Method:		[testPackage01.Test_uploadFile.uploadFile_invisibleUploadInput]
################################################################################################################################################
[ReportManager] Target URL: [https://fineuploader.com/demos.html#gallery-view] @30-09-2021 21:49:02.0676 PM
[ReportManager] Initial URL: [data:,] @30-09-2021 21:49:02.0727 PM
[ReportManager] Browser Action [NavigateToURL] successfully performed. With the following test data [https://fineuploader.com/demos.html#gallery-view]. @30-09-2021 21:49:04.0666 PM
[ReportManager] File Action [GetAbsolutePath] successfully performed. With the following test data [Relative File Path: "src/main/resources/images/shaft.png"]. @30-09-2021 21:49:04.0666 PM
[ReportManager] Successfully created attachment [File Action Actual Result - Command Log] @30-09-2021 21:49:04.0667 PM
[ReportManager] Element Action [TypeFileLocationForUpload] successfully performed. With the following test data [/home/runner/work/SHAFT_ENGINE/SHAFT_ENGINE/src/main/resources/images/shaft.png]. @30-09-2021 21:49:04.0861 PM
[ReportManager] Attempting to getAttribute [src] from elementLocator [By.xpath: //div[@id='fine-uploader-gallery']//div[@class='qq-thumbnail-wrapper']/img]. @30-09-2021 21:49:04.0861 PM
[ReportManager] Element Action [GetAttribute] successfully performed. @30-09-2021 21:49:04.0979 PM
[ReportManager] Successfully created attachment [Element Action Test Data - GetAttribute - Actual Value] @30-09-2021 21:49:04.0980 PM
[ReportManager] Loaded Shared OpenCV @30-09-2021 21:49:05.0142 PM
[ReportManager] Assertion [ValidateElementAttribute] PASSED. Expected and Actual values are attached. Comparison Type [CONTAINS]. Validation Type [POSITIVE]. @30-09-2021 21:49:05.0238 PM
[ReportManager] Successfully created attachment [Validation Test Data - Expected Value] @30-09-2021 21:49:05.0238 PM
[ReportManager] Successfully created attachment [Validation Test Data - Actual Value] @30-09-2021 21:49:05.0239 PM
[ReportManager] Successfully created attachment [Screenshot - 1633038545142_uploadFile_invisibleUploadInput_ValidateElementAttribute_passed] @30-09-2021 21:49:05.0240 P
[ReportManager] Browser Action [CloseCurrentWindow] successfully performed. @30-09-2021 21:49:05.0372 PM
[ReportManager] Successfully created attachment [Browser Action Test Data - CloseCurrentWindow - Actual Value] @30-09-2021 21:49:05.0373 P
[ReportManager] File Action [GetAbsolutePath] successfully performed. With the following test data [Relative Folder Path: "target/downloadedFiles/"]. @30-09-2021 21:49:05.0376 PM
[ReportManager] Attempting to run remotely on: [Linux-64], [GoogleChrome], [http://localhost:4444/wd/hub], Headless Execution. @30-09-2021 21:49:05.0376 PM
[ReportManager] Successfully Opened [GoogleChrome]. @30-09-2021 21:49:05.0596 P

################################################################################################################################################
Starting Execution:	[95 out of 144] test cases in the current suite
Test Method:		[testPackage01.Test_uploadFile.uploadFile_visibleUploadInput]
################################################################################################################################################
[ReportManager] Target URL: [http://demo.guru99.com/test/upload/] @30-09-2021 21:49:05.0607 PM
[ReportManager] Initial URL: [data:,] @30-09-2021 21:49:05.0659 PM
[ReportManager] Browser Action [NavigateToURL] successfully performed. With the following test data [http://demo.guru99.com/test/upload/]. @30-09-2021 21:49:06.0747 PM
[ReportManager] File Action [GetAbsolutePath] successfully performed. With the following test data [Relative File Path: "src/main/resources/images/shaft.png"]. @30-09-2021 21:49:06.0747 PM
[ReportManager] Successfully created attachment [File Action Actual Result - Command Log] @30-09-2021 21:49:06.0747 PM
[ReportManager] Element Action [TypeFileLocationForUpload] successfully performed. With the following test data [/home/runner/work/SHAFT_ENGINE/SHAFT_ENGINE/src/main/resources/images/shaft.png]. @30-09-2021 21:49:06.0927 PM
[ReportManager] Element Action [Click] successfully performed. With the following test data [on]. @30-09-2021 21:49:07.0284 PM
[ReportManager] Element Action [Click] successfully performed. With the following test data [Submit File]. @30-09-2021 21:49:07.0608 PM
[ReportManager] Element Action [GetText] successfully performed. With the following test data [1 file
has been successfully uploaded.]. @30-09-2021 21:49:08.0264 PM
[ReportManager] Loaded Shared OpenCV @30-09-2021 21:49:08.0422 PM
[ReportManager] Assertion [ValidateElementAttribute] PASSED. Expected [Value Should be '1 file' for the 'Text' attribute, element locator 'By.id: res'] and Actual [1 file
has been successfully uploaded.]. Comparison Type [CONTAINS]. Validation Type [POSITIVE]. @30-09-2021 21:49:08.0503 PM
[ReportManager] Successfully created attachment [Screenshot - 1633038548421_uploadFile_visibleUploadInput_ValidateElementAttribute_passed] @30-09-2021 21:49:08.0504 P
[ReportManager] Browser Action [CloseCurrentWindow] successfully performed. @30-09-2021 21:49:08.0604 PM
[ReportManager] Successfully created attachment [Browser Action Test Data - CloseCurrentWindow - Actual Value] @30-09-2021 21:49:08.0605 P
[ReportManager] File Action [GetAbsolutePath] successfully performed. With the following test data [Relative Folder Path: "target/downloadedFiles/"]. @30-09-2021 21:49:08.0613 PM
[ReportManager] Attempting to run remotely on: [Linux-64], [GoogleChrome], [http://localhost:4444/wd/hub], Headless Execution. @30-09-2021 21:49:08.0613 PM
[ReportManager] Successfully Opened [GoogleChrome]. @30-09-2021 21:49:08.0857 P

################################################################################################################################################
Starting Execution:	[96 out of 144] test cases in the current suite
Test Method:		[testPackage01.Test_assertEquals.test_assertElementAttribute]
################################################################################################################################################
[ReportManager] Target URL: [https://www.google.com/ncr], and after redirection: [https://www.google.com] @30-09-2021 21:49:08.0894 PM
[ReportManager] Initial URL: [data:,] @30-09-2021 21:49:08.0939 PM
[ReportManager] Browser Action [NavigateToURL] successfully performed. With the following test data [https://www.google.com/ncr]. @30-09-2021 21:49:09.0881 PM
[ReportManager] Element Action [Type] successfully performed. With the following test data [INC_004010050:Another SCHEDULER with the same name [Duplicate Job Name] already exists.]. @30-09-2021 21:49:10.0820 PM
[ReportManager] Element Action [GetText] successfully performed. With the following test data [INC_004010050:Another SCHEDULER with the same name [Duplicate Job Name] already exists.]. @30-09-2021 21:49:10.0918 PM
[ReportManager] Loaded Shared OpenCV @30-09-2021 21:49:11.0052 PM
[ReportManager] Assertion [ValidateElementAttribute] PASSED. Expected [Value Should be 'INC_004010050:Another SCHEDULER with the same name \[Duplicate Job Name\] already exists.' for the 'text' attribute, element locator 'By.name: q'] and Actual [INC_004010050:Another SCHEDULER with the same name [Duplicate Job Name] already exists.]. Comparison Type [MATCHES]. Validation Type [POSITIVE]. @30-09-2021 21:49:11.0130 PM
[ReportManager] Successfully created attachment [Screenshot - 1633038551052_test_assertElementAttribute_ValidateElementAttribute_passed] @30-09-2021 21:49:11.0131 P
[ReportManager] Browser Action [CloseCurrentWindow] successfully performed. @30-09-2021 21:49:11.0258 PM
[ReportManager] Successfully created attachment [Browser Action Test Data - CloseCurrentWindow - Actual Value] @30-09-2021 21:49:11.0259 P

################################################################################################################################################
Starting Execution:	[97 out of 144] test cases in the current suite
Test Method:		[testPackage01.Test_NewValidationHelper.f1]
################################################################################################################################################
[ReportManager] Assertion Passed: Checking valid user data @30-09-2021 21:49:11.0262 PM
[ReportManager] Successfully created attachment [Validation Test Data - Expected Value] @30-09-2021 21:49:11.0262 PM
[ReportManager] Successfully created attachment [Validation Test Data - Actual Value] @30-09-2021 21:49:11.0262 PM
[ReportManager] Assertion [ValidateEquals] PASSED. Expected and Actual values are attached. Comparison Type [EQUALS]. Validation Type [POSITIVE]. @30-09-2021 21:49:11.0262 P
[ReportManager] File Action [GetAbsolutePath] successfully performed. With the following test data [Relative Folder Path: "target/downloadedFiles/"]. @30-09-2021 21:49:11.0268 PM
[ReportManager] Attempting to run remotely on: [Linux-64], [GoogleChrome], [http://localhost:4444/wd/hub], Headless Execution. @30-09-2021 21:49:11.0268 PM
[ReportManager] Successfully Opened [GoogleChrome]. @30-09-2021 21:49:11.0501 PM
[ReportManager] Target URL: [https://the-internet.herokuapp.com/] @30-09-2021 21:49:11.0512 PM
[ReportManager] Initial URL: [data:,] @30-09-2021 21:49:11.0563 PM
[ReportManager] Browser Action [NavigateToURL] successfully performed. With the following test data [https://the-internet.herokuapp.com/]. @30-09-2021 21:49:12.0768 P

################################################################################################################################################
Starting Execution:	[98 out of 144] test cases in the current suite
Test Method:		[testPackage01.Test_NewValidationHelper.f10]
################################################################################################################################################
[ReportManager] Assertion [ValidateElementExists] FAILED. Expected [Element Should Exist, locator 'By.tagName: div'] and Actual [Element Exists but is not unique]. Comparison Type [EQUALS]. Validation Type [POSITIVE]. @30-09-2021 21:49:13.0067 PM
[ReportManager] Successfully created attachment [Screenshot - 1633038552998_f10_ValidateElementExists_failed] @30-09-2021 21:49:13.0068 P
[ReportManager] Successfully Closed All Drivers. @30-09-2021 21:49:13.0152 P
[ReportManager] File Action [GetAbsolutePath] successfully performed. With the following test data [Relative Folder Path: "target/downloadedFiles/"]. @30-09-2021 21:49:13.0154 PM
[ReportManager] Attempting to run remotely on: [Linux-64], [GoogleChrome], [http://localhost:4444/wd/hub], Headless Execution. @30-09-2021 21:49:13.0154 PM
[ReportManager] Successfully Opened [GoogleChrome]. @30-09-2021 21:49:13.0377 PM
[ReportManager] Target URL: [https://the-internet.herokuapp.com/] @30-09-2021 21:49:13.0391 PM
[ReportManager] Initial URL: [data:,] @30-09-2021 21:49:13.0434 PM
[ReportManager] Browser Action [NavigateToURL] successfully performed. With the following test data [https://the-internet.herokuapp.com/]. @30-09-2021 21:49:14.0616 P

################################################################################################################################################
Starting Execution:	[99 out of 144] test cases in the current suite
Test Method:		[testPackage01.Test_NewValidationHelper.f11]
################################################################################################################################################
[ReportManager] Assertion Passed: Checking that false tag doesn't exist @30-09-2021 21:49:25.0021 PM
[ReportManager] Successfully created attachment [Screenshot - 1633038564958_f11_ValidateElementExists_passed] @30-09-2021 21:49:25.0022 PM
[ReportManager] Assertion [ValidateElementExists] PASSED. Expected [Element Should not Exist, locator 'By.tagName: h3'] and Actual [Element Doesn't Exists]. Comparison Type [EQUALS]. Validation Type [NEGATIVE]. @30-09-2021 21:49:25.0022 P
[ReportManager] Successfully Closed All Drivers. @30-09-2021 21:49:25.0099 P
[ReportManager] File Action [GetAbsolutePath] successfully performed. With the following test data [Relative Folder Path: "target/downloadedFiles/"]. @30-09-2021 21:49:25.0101 PM
[ReportManager] Attempting to run remotely on: [Linux-64], [GoogleChrome], [http://localhost:4444/wd/hub], Headless Execution. @30-09-2021 21:49:25.0102 PM
[ReportManager] Successfully Opened [GoogleChrome]. @30-09-2021 21:49:25.0339 PM
[ReportManager] Target URL: [https://the-internet.herokuapp.com/] @30-09-2021 21:49:25.0349 PM
[ReportManager] Initial URL: [data:,] @30-09-2021 21:49:25.0398 PM
[ReportManager] Browser Action [NavigateToURL] successfully performed. With the following test data [https://the-internet.herokuapp.com/]. @30-09-2021 21:49:26.0617 P

################################################################################################################################################
Starting Execution:	[100 out of 144] test cases in the current suite
Test Method:		[testPackage01.Test_NewValidationHelper.f12]
################################################################################################################################################
[ReportManager] Loaded Shared OpenCV @30-09-2021 21:49:26.0824 PM
[ReportManager] Assertion [ValidateElementExists] FAILED. Expected [Element Should not Exist, locator 'By.tagName: h1'] and Actual [Element Exists]. Comparison Type [EQUALS]. Validation Type [NEGATIVE]. @30-09-2021 21:49:26.0914 PM
[ReportManager] Successfully created attachment [Screenshot - 1633038566824_f12_ValidateElementExists_failed] @30-09-2021 21:49:26.0916 P
[ReportManager] Successfully Closed All Drivers. @30-09-2021 21:49:26.0991 P
[ReportManager] File Action [GetAbsolutePath] successfully performed. With the following test data [Relative Folder Path: "target/downloadedFiles/"]. @30-09-2021 21:49:26.0993 PM
[ReportManager] Attempting to run remotely on: [Linux-64], [GoogleChrome], [http://localhost:4444/wd/hub], Headless Execution. @30-09-2021 21:49:26.0993 PM
[ReportManager] Successfully Opened [GoogleChrome]. @30-09-2021 21:49:27.0198 PM
[ReportManager] Target URL: [https://the-internet.herokuapp.com/] @30-09-2021 21:49:27.0208 PM
[ReportManager] Initial URL: [data:,] @30-09-2021 21:49:27.0250 PM
[ReportManager] Browser Action [NavigateToURL] successfully performed. With the following test data [https://the-internet.herokuapp.com/]. @30-09-2021 21:49:28.0413 P

################################################################################################################################################
Starting Execution:	[101 out of 144] test cases in the current suite
Test Method:		[testPackage01.Test_NewValidationHelper.f13]
################################################################################################################################################
[ReportManager] Assertion [ValidateElementExists] FAILED. Expected [Element Should not Exist, locator 'By.tagName: div'] and Actual [Element Exists but is not unique]. Comparison Type [EQUALS]. Validation Type [NEGATIVE]. @30-09-2021 21:49:28.0676 PM
[ReportManager] Successfully created attachment [Screenshot - 1633038568608_f13_ValidateElementExists_failed] @30-09-2021 21:49:28.0677 P
[ReportManager] Successfully Closed All Drivers. @30-09-2021 21:49:28.0755 P
[ReportManager] File Action [GetAbsolutePath] successfully performed. With the following test data [Relative Folder Path: "target/downloadedFiles/"]. @30-09-2021 21:49:28.0757 PM
[ReportManager] Attempting to run remotely on: [Linux-64], [GoogleChrome], [http://localhost:4444/wd/hub], Headless Execution. @30-09-2021 21:49:28.0757 PM
[ReportManager] Successfully Opened [GoogleChrome]. @30-09-2021 21:49:28.0974 PM
[ReportManager] Target URL: [https://the-internet.herokuapp.com/] @30-09-2021 21:49:28.0984 PM
[ReportManager] Initial URL: [data:,] @30-09-2021 21:49:29.0038 PM
[ReportManager] Browser Action [NavigateToURL] successfully performed. With the following test data [https://the-internet.herokuapp.com/]. @30-09-2021 21:49:30.0225 P

################################################################################################################################################
Starting Execution:	[102 out of 144] test cases in the current suite
Test Method:		[testPackage01.Test_NewValidationHelper.f14]
################################################################################################################################################
[ReportManager] Element Action [GetText] successfully performed. With the following test data [Welcome to the-internet]. @30-09-2021 21:49:30.0316 PM
[ReportManager] Loaded Shared OpenCV @30-09-2021 21:49:30.0482 PM
[ReportManager] Assertion Passed: Asserting that the header text is correct @30-09-2021 21:49:30.0562 PM
[ReportManager] Successfully created attachment [Screenshot - 1633038570482_f14_ValidateElementAttribute_passed] @30-09-2021 21:49:30.0563 PM
[ReportManager] Assertion [ValidateElementAttribute] PASSED. Expected [Value Should be 'Welcome to the-internet' for the 'text' attribute, element locator 'By.tagName: h1'] and Actual [Welcome to the-internet]. Comparison Type [EQUALS]. Validation Type [POSITIVE]. @30-09-2021 21:49:30.0563 P
[ReportManager] Successfully Closed All Drivers. @30-09-2021 21:49:30.0642 P
[ReportManager] File Action [GetAbsolutePath] successfully performed. With the following test data [Relative Folder Path: "target/downloadedFiles/"]. @30-09-2021 21:49:30.0645 PM
[ReportManager] Attempting to run remotely on: [Linux-64], [GoogleChrome], [http://localhost:4444/wd/hub], Headless Execution. @30-09-2021 21:49:30.0645 PM
[ReportManager] Successfully Opened [GoogleChrome]. @30-09-2021 21:49:30.0878 PM
[ReportManager] Target URL: [https://the-internet.herokuapp.com/] @30-09-2021 21:49:30.0888 PM
[ReportManager] Initial URL: [data:,] @30-09-2021 21:49:30.0927 PM
[ReportManager] Browser Action [NavigateToURL] successfully performed. With the following test data [https://the-internet.herokuapp.com/]. @30-09-2021 21:49:32.0131 P

################################################################################################################################################
Starting Execution:	[103 out of 144] test cases in the current suite
Test Method:		[testPackage01.Test_NewValidationHelper.f15]
################################################################################################################################################
[ReportManager] Element Action [GetText] successfully performed. With the following test data [Welcome to the-internet]. @30-09-2021 21:49:32.0215 PM
[ReportManager] Loaded Shared OpenCV @30-09-2021 21:49:32.0359 PM
[ReportManager] Assertion [ValidateElementAttribute] FAILED. Expected [Value Should not be 'Welcome' for the 'text' attribute, element locator 'By.tagName: h1'] and Actual [Welcome to the-internet]. Comparison Type [CONTAINS]. Validation Type [NEGATIVE]. @30-09-2021 21:49:32.0448 PM
[ReportManager] Successfully created attachment [Screenshot - 1633038572359_f15_ValidateElementAttribute_failed] @30-09-2021 21:49:32.0450 P
[ReportManager] Successfully Closed All Drivers. @30-09-2021 21:49:32.0524 P
[ReportManager] File Action [GetAbsolutePath] successfully performed. With the following test data [Relative Folder Path: "target/downloadedFiles/"]. @30-09-2021 21:49:32.0526 PM
[ReportManager] Attempting to run remotely on: [Linux-64], [GoogleChrome], [http://localhost:4444/wd/hub], Headless Execution. @30-09-2021 21:49:32.0526 PM
[ReportManager] Successfully Opened [GoogleChrome]. @30-09-2021 21:49:32.0759 PM
[ReportManager] Target URL: [https://the-internet.herokuapp.com/] @30-09-2021 21:49:32.0780 PM
[ReportManager] Initial URL: [data:,] @30-09-2021 21:49:32.0825 PM
[ReportManager] Browser Action [NavigateToURL] successfully performed. With the following test data [https://the-internet.herokuapp.com/]. @30-09-2021 21:49:34.0003 P

################################################################################################################################################
Starting Execution:	[104 out of 144] test cases in the current suite
Test Method:		[testPackage01.Test_NewValidationHelper.f16]
################################################################################################################################################
[ReportManager] Element Action [IdentifyUniqueElement] failed. With the following test data [zero elements found matching this locator "By.tagName: h3".]. @30-09-2021 21:49:59.0621 PM
[ReportManager] Successfully created attachment [Screenshot - 1633038599558_f16_IdentifyUniqueElement_failed] @30-09-2021 21:49:59.0622 PM
[ReportManager] Assertion [ValidateElementAttribute] FAILED. Expected [Value Should not be 'Welcome' for the 'text' attribute, element locator 'By.tagName: h3'] and Actual [Failed to read the desired element attribute]. Comparison Type [CONTAINS]. Validation Type [NEGATIVE]. @30-09-2021 21:49:59.0622 P
[ReportManager] Successfully Closed All Drivers. @30-09-2021 21:49:59.0699 P
[ReportManager] File Action [GetAbsolutePath] successfully performed. With the following test data [Relative Folder Path: "target/downloadedFiles/"]. @30-09-2021 21:49:59.0701 PM
[ReportManager] Attempting to run remotely on: [Linux-64], [GoogleChrome], [http://localhost:4444/wd/hub], Headless Execution. @30-09-2021 21:49:59.0701 PM
[ReportManager] Successfully Opened [GoogleChrome]. @30-09-2021 21:49:59.0926 PM
[ReportManager] Target URL: [https://the-internet.herokuapp.com/] @30-09-2021 21:49:59.0936 PM
[ReportManager] Initial URL: [data:,] @30-09-2021 21:49:59.0985 PM
[ReportManager] Browser Action [NavigateToURL] successfully performed. With the following test data [https://the-internet.herokuapp.com/]. @30-09-2021 21:50:01.0179 P

################################################################################################################################################
Starting Execution:	[105 out of 144] test cases in the current suite
Test Method:		[testPackage01.Test_NewValidationHelper.f17]
################################################################################################################################################
[ReportManager] Attempting to getAttribute [text2] from elementLocator [By.tagName: h1]. @30-09-2021 21:50:01.0182 PM
[ReportManager] Element Action [GetAttribute] successfully performed. @30-09-2021 21:50:01.0264 PM
[ReportManager] Loaded Shared OpenCV @30-09-2021 21:50:01.0410 PM
[ReportManager] Assertion [ValidateElementAttribute] PASSED. Expected [Value Should not be 'Welcome' for the 'text2' attribute, element locator 'By.tagName: h1'] and Actual [null]. Comparison Type [CONTAINS]. Validation Type [NEGATIVE]. @30-09-2021 21:50:01.0498 PM
[ReportManager] Successfully created attachment [Screenshot - 1633038601410_f17_ValidateElementAttribute_passed] @30-09-2021 21:50:01.0499 P
[ReportManager] Successfully Closed All Drivers. @30-09-2021 21:50:01.0586 P
[ReportManager] File Action [GetAbsolutePath] successfully performed. With the following test data [Relative Folder Path: "target/downloadedFiles/"]. @30-09-2021 21:50:01.0592 PM
[ReportManager] Attempting to run remotely on: [Linux-64], [GoogleChrome], [http://localhost:4444/wd/hub], Headless Execution. @30-09-2021 21:50:01.0592 PM
[ReportManager] Successfully Opened [GoogleChrome]. @30-09-2021 21:50:01.0811 PM
[ReportManager] Target URL: [https://the-internet.herokuapp.com/] @30-09-2021 21:50:01.0822 PM
[ReportManager] Initial URL: [data:,] @30-09-2021 21:50:01.0865 PM
[ReportManager] Browser Action [NavigateToURL] successfully performed. With the following test data [https://the-internet.herokuapp.com/]. @30-09-2021 21:50:03.0046 P

################################################################################################################################################
Starting Execution:	[106 out of 144] test cases in the current suite
Test Method:		[testPackage01.Test_NewValidationHelper.f18]
################################################################################################################################################
[ReportManager] Element Action [GetText] successfully performed. With the following test data [Welcome to the-internet]. @30-09-2021 21:50:03.0170 PM
[ReportManager] Loaded Shared OpenCV @30-09-2021 21:50:03.0327 PM
[ReportManager] Assertion [ValidateElementAttribute] PASSED. Expected [Value Should not be 'no' for the 'text' attribute, element locator 'By.tagName: h1'] and Actual [Welcome to the-internet]. Comparison Type [CONTAINS]. Validation Type [NEGATIVE]. @30-09-2021 21:50:03.0426 PM
[ReportManager] Successfully created attachment [Screenshot - 1633038603327_f18_ValidateElementAttribute_passed] @30-09-2021 21:50:03.0427 P
[ReportManager] Successfully Closed All Drivers. @30-09-2021 21:50:03.0513 P
[ReportManager] File Action [GetAbsolutePath] successfully performed. With the following test data [Relative Folder Path: "target/downloadedFiles/"]. @30-09-2021 21:50:03.0515 PM
[ReportManager] Attempting to run remotely on: [Linux-64], [GoogleChrome], [http://localhost:4444/wd/hub], Headless Execution. @30-09-2021 21:50:03.0515 PM
[ReportManager] Successfully Opened [GoogleChrome]. @30-09-2021 21:50:03.0776 PM
[ReportManager] Target URL: [https://the-internet.herokuapp.com/] @30-09-2021 21:50:03.0798 PM
[ReportManager] Initial URL: [data:,] @30-09-2021 21:50:03.0838 PM
[ReportManager] Browser Action [NavigateToURL] successfully performed. With the following test data [https://the-internet.herokuapp.com/]. @30-09-2021 21:50:05.0043 P

################################################################################################################################################
Starting Execution:	[107 out of 144] test cases in the current suite
Test Method:		[testPackage01.Test_NewValidationHelper.f19]
################################################################################################################################################
[ReportManager] Element Action [GetTagName] successfully performed. With the following test data [h1]. @30-09-2021 21:50:05.0131 PM
[ReportManager] Loaded Shared OpenCV @30-09-2021 21:50:05.0274 PM
[ReportManager] Assertion [ValidateElementAttribute] PASSED. Expected [Value Should be 'h' for the 'tagname' attribute, element locator 'By.tagName: h1'] and Actual [h1]. Comparison Type [CONTAINS]. Validation Type [POSITIVE]. @30-09-2021 21:50:05.0354 PM
[ReportManager] Successfully created attachment [Screenshot - 1633038605274_f19_ValidateElementAttribute_passed] @30-09-2021 21:50:05.0356 P
[ReportManager] Successfully Closed All Drivers. @30-09-2021 21:50:05.0431 P

################################################################################################################################################
Starting Execution:	[108 out of 144] test cases in the current suite
Test Method:		[testPackage01.Test_NewValidationHelper.f2]
################################################################################################################################################
[ReportManager] Assertion Failed: Checking valid user data @30-09-2021 21:50:05.0435 PM
[ReportManager] Assertion [ValidateEquals] FAILED. Expected [1] and Actual [2]. Comparison Type [EQUALS]. Validation Type [POSITIVE]. @30-09-2021 21:50:05.0435 P
[ReportManager] File Action [GetAbsolutePath] successfully performed. With the following test data [Relative Folder Path: "target/downloadedFiles/"]. @30-09-2021 21:50:05.0439 PM
[ReportManager] Attempting to run remotely on: [Linux-64], [GoogleChrome], [http://localhost:4444/wd/hub], Headless Execution. @30-09-2021 21:50:05.0439 PM
[ReportManager] Successfully Opened [GoogleChrome]. @30-09-2021 21:50:05.0650 PM
[ReportManager] Target URL: [https://the-internet.herokuapp.com/] @30-09-2021 21:50:05.0660 PM
[ReportManager] Initial URL: [data:,] @30-09-2021 21:50:05.0706 PM
[ReportManager] Browser Action [NavigateToURL] successfully performed. With the following test data [https://the-internet.herokuapp.com/]. @30-09-2021 21:50:06.0902 P

################################################################################################################################################
Starting Execution:	[109 out of 144] test cases in the current suite
Test Method:		[testPackage01.Test_NewValidationHelper.f20]
################################################################################################################################################
[ReportManager] Element Action [GetSize] successfully performed. With the following test data [(755, 61)]. @30-09-2021 21:50:06.0990 PM
[ReportManager] Loaded Shared OpenCV @30-09-2021 21:50:07.0143 PM
[ReportManager] Assertion [ValidateElementAttribute] PASSED. Expected [Value Should not be 'a' for the 'size' attribute, element locator 'By.tagName: h1'] and Actual [(755, 61)]. Comparison Type [CONTAINS]. Validation Type [NEGATIVE]. @30-09-2021 21:50:07.0219 PM
[ReportManager] Successfully created attachment [Screenshot - 1633038607143_f20_ValidateElementAttribute_passed] @30-09-2021 21:50:07.0220 P
[ReportManager] Successfully Closed All Drivers. @30-09-2021 21:50:07.0293 P
[ReportManager] File Action [GetAbsolutePath] successfully performed. With the following test data [Relative Folder Path: "target/downloadedFiles/"]. @30-09-2021 21:50:07.0295 PM
[ReportManager] Attempting to run remotely on: [Linux-64], [GoogleChrome], [http://localhost:4444/wd/hub], Headless Execution. @30-09-2021 21:50:07.0295 PM
[ReportManager] Successfully Opened [GoogleChrome]. @30-09-2021 21:50:07.0503 PM
[ReportManager] Target URL: [https://the-internet.herokuapp.com/] @30-09-2021 21:50:07.0513 PM
[ReportManager] Initial URL: [data:,] @30-09-2021 21:50:07.0555 PM
[ReportManager] Browser Action [NavigateToURL] successfully performed. With the following test data [https://the-internet.herokuapp.com/]. @30-09-2021 21:50:08.0719 P

################################################################################################################################################
Starting Execution:	[110 out of 144] test cases in the current suite
Test Method:		[testPackage01.Test_NewValidationHelper.f21]
################################################################################################################################################
[ReportManager] Element Action [IdentifyUniqueElement] failed. With the following test data [zero elements found matching this locator "By.tagName: h3".]. @30-09-2021 21:50:34.0321 PM
[ReportManager] Successfully created attachment [Screenshot - 1633038634259_f21_IdentifyUniqueElement_failed] @30-09-2021 21:50:34.0322 PM
[ReportManager] Assertion [ValidateElementAttribute] FAILED. Expected [Value Should be 'Welcome' for the 'text' attribute, element locator 'By.tagName: h3'] and Actual [Failed to read the desired element attribute]. Comparison Type [CONTAINS]. Validation Type [POSITIVE]. @30-09-2021 21:50:34.0323 P
[ReportManager] Successfully Closed All Drivers. @30-09-2021 21:50:34.0400 P
[ReportManager] File Action [GetAbsolutePath] successfully performed. With the following test data [Relative Folder Path: "target/downloadedFiles/"]. @30-09-2021 21:50:34.0402 PM
[ReportManager] Attempting to run remotely on: [Linux-64], [GoogleChrome], [http://localhost:4444/wd/hub], Headless Execution. @30-09-2021 21:50:34.0402 PM
[ReportManager] Successfully Opened [GoogleChrome]. @30-09-2021 21:50:34.0620 PM
[ReportManager] Target URL: [https://the-internet.herokuapp.com/] @30-09-2021 21:50:34.0629 PM
[ReportManager] Initial URL: [data:,] @30-09-2021 21:50:34.0669 PM
[ReportManager] Browser Action [NavigateToURL] successfully performed. With the following test data [https://the-internet.herokuapp.com/]. @30-09-2021 21:50:35.0870 P

################################################################################################################################################
Starting Execution:	[111 out of 144] test cases in the current suite
Test Method:		[testPackage01.Test_NewValidationHelper.f22]
################################################################################################################################################
[ReportManager] Element Action [GetText] successfully performed. With the following test data [Welcome to the-internet]. @30-09-2021 21:50:35.0964 PM
[ReportManager] Loaded Shared OpenCV @30-09-2021 21:50:36.0108 PM
[ReportManager] Assertion [ValidateElementAttribute] FAILED. Expected [Value Should be 'yyy' for the 'text' attribute, element locator 'By.tagName: h1'] and Actual [Welcome to the-internet]. Comparison Type [CONTAINS]. Validation Type [POSITIVE]. @30-09-2021 21:50:36.0204 PM
[ReportManager] Successfully created attachment [Screenshot - 1633038636107_f22_ValidateElementAttribute_failed] @30-09-2021 21:50:36.0205 P
[ReportManager] Successfully Closed All Drivers. @30-09-2021 21:50:36.0280 P

################################################################################################################################################
Starting Execution:	[112 out of 144] test cases in the current suite
Test Method:		[testPackage01.Test_NewValidationHelper.f23]
################################################################################################################################################
[ReportManager] Assertion Passed: confirming that the actual is greater than or equal to the expected @30-09-2021 21:50:36.0284 PM
[ReportManager] Assertion [ValidateComparativeRelation] PASSED. Expected [1] and Actual [1]. Comparison Type [GREATER_THAN_OR_EQUALS]. Validation Type [POSITIVE]. @30-09-2021 21:50:36.0284 P

################################################################################################################################################
Starting Execution:	[113 out of 144] test cases in the current suite
Test Method:		[testPackage01.Test_NewValidationHelper.f24]
################################################################################################################################################
[ReportManager] Assertion [ValidateComparativeRelation] PASSED. Expected [1] and Actual [10]. Comparison Type [GREATER_THAN_OR_EQUALS]. Validation Type [POSITIVE]. @30-09-2021 21:50:36.0288 P

################################################################################################################################################
Starting Execution:	[114 out of 144] test cases in the current suite
Test Method:		[testPackage01.Test_NewValidationHelper.f25]
################################################################################################################################################
[ReportManager] Assertion [ValidateComparativeRelation] PASSED. Expected [1] and Actual [1]. Comparison Type [EQUALS]. Validation Type [POSITIVE]. @30-09-2021 21:50:36.0290 P

################################################################################################################################################
Starting Execution:	[115 out of 144] test cases in the current suite
Test Method:		[testPackage01.Test_NewValidationHelper.f26]
################################################################################################################################################
[ReportManager] Assertion [ValidateComparativeRelation] PASSED. Expected [1] and Actual [5]. Comparison Type [GREATER_THAN]. Validation Type [POSITIVE]. @30-09-2021 21:50:36.0293 P

################################################################################################################################################
Starting Execution:	[116 out of 144] test cases in the current suite
Test Method:		[testPackage01.Test_NewValidationHelper.f27]
################################################################################################################################################
[ReportManager] Assertion [ValidateComparativeRelation] PASSED. Expected [11] and Actual [5]. Comparison Type [LESS_THAN]. Validation Type [POSITIVE]. @30-09-2021 21:50:36.0297 P

################################################################################################################################################
Starting Execution:	[117 out of 144] test cases in the current suite
Test Method:		[testPackage01.Test_NewValidationHelper.f28]
################################################################################################################################################
[ReportManager] Assertion [ValidateComparativeRelation] PASSED. Expected [11] and Actual [5]. Comparison Type [LESS_THAN_OR_EQUALS]. Validation Type [POSITIVE]. @30-09-2021 21:50:36.0299 P

################################################################################################################################################
Starting Execution:	[118 out of 144] test cases in the current suite
Test Method:		[testPackage01.Test_NewValidationHelper.f29]
################################################################################################################################################
[ReportManager] Assertion [ValidateComparativeRelation] PASSED. Expected [11] and Actual [11]. Comparison Type [LESS_THAN_OR_EQUALS]. Validation Type [POSITIVE]. @30-09-2021 21:50:36.0302 P

################################################################################################################################################
Starting Execution:	[119 out of 144] test cases in the current suite
Test Method:		[testPackage01.Test_NewValidationHelper.f3]
################################################################################################################################################
[ReportManager] Assertion [ValidateEquals] PASSED. Expected [1] and Actual [2]. Comparison Type [EQUALS]. Validation Type [NEGATIVE]. @30-09-2021 21:50:36.0303 P

################################################################################################################################################
Starting Execution:	[120 out of 144] test cases in the current suite
Test Method:		[testPackage01.Test_NewValidationHelper.f30]
################################################################################################################################################
[ReportManager] Assertion [ValidateComparativeRelation] FAILED. Expected [-9] and Actual [11]. Comparison Type [LESS_THAN_OR_EQUALS]. Validation Type [POSITIVE]. @30-09-2021 21:50:36.0305 P

################################################################################################################################################
Starting Execution:	[121 out of 144] test cases in the current suite
Test Method:		[testPackage01.Test_NewValidationHelper.f31]
################################################################################################################################################
[ReportManager] Assertion [ValidateTrue] PASSED. Expected [TRUE] and Actual [TRUE]. Validation Type [POSITIVE]. @30-09-2021 21:50:36.0307 P

################################################################################################################################################
Starting Execution:	[122 out of 144] test cases in the current suite
Test Method:		[testPackage01.Test_NewValidationHelper.f32]
################################################################################################################################################
[ReportManager] Assertion [ValidateTrue] PASSED. Expected [FALSE] and Actual [FALSE]. Validation Type [NEGATIVE]. @30-09-2021 21:50:36.0309 P

################################################################################################################################################
Starting Execution:	[123 out of 144] test cases in the current suite
Test Method:		[testPackage01.Test_NewValidationHelper.f33]
################################################################################################################################################
[ReportManager] Assertion [ValidateTrue] FAILED. Expected [FALSE] and Actual [TRUE]. Validation Type [NEGATIVE]. @30-09-2021 21:50:36.0311 P

################################################################################################################################################
Starting Execution:	[124 out of 144] test cases in the current suite
Test Method:		[testPackage01.Test_NewValidationHelper.f34]
################################################################################################################################################
[ReportManager] Assertion [ValidateTrue] FAILED. Expected [TRUE] and Actual [FALSE]. Validation Type [POSITIVE]. @30-09-2021 21:50:36.0313 P

################################################################################################################################################
Starting Execution:	[125 out of 144] test cases in the current suite
Test Method:		[testPackage01.Test_NewValidationHelper.f35]
################################################################################################################################################
[ReportManager] File Action [DoesFileExist] successfully performed. With the following test data [File Path: "pom.xml"]. @30-09-2021 21:50:36.0315 PM
[ReportManager] Assertion [ValidateFileExists] PASSED. Expected [File 'pom.xml' should exist, after up to '1' retries] and Actual [File exists]. Validation Type [POSITIVE]. @30-09-2021 21:50:36.0315 P

################################################################################################################################################
Starting Execution:	[126 out of 144] test cases in the current suite
Test Method:		[testPackage01.Test_NewValidationHelper.f36]
################################################################################################################################################
[ReportManager] File Action [DoesFileExist] successfully performed. With the following test data [File Path: "src/test/java/testPackage01/Test_NewValidationHelper.java"]. @30-09-2021 21:50:36.0317 PM
[ReportManager] Assertion [ValidateFileExists] PASSED. Expected [File 'src/test/java/testPackage01/Test_NewValidationHelper.java' should exist, after up to '1' retries] and Actual [File exists]. Validation Type [POSITIVE]. @30-09-2021 21:50:36.0317 P

################################################################################################################################################
Starting Execution:	[127 out of 144] test cases in the current suite
Test Method:		[testPackage01.Test_NewValidationHelper.f37]
################################################################################################################################################
[ReportManager] File Action [DoesFileExist] successfully performed. With the following test data [File Path: "pom.xml"]. @30-09-2021 21:50:36.0320 PM
[ReportManager] Assertion Failed: confirming that the file does't exist after 5 retries @30-09-2021 21:50:36.0320 PM
[ReportManager] Assertion [ValidateFileExists] FAILED. Expected [File 'pom.xml' should not exist, after up to '5' retries] and Actual [File exists]. Validation Type [NEGATIVE]. @30-09-2021 21:50:36.0320 P

################################################################################################################################################
Starting Execution:	[128 out of 144] test cases in the current suite
Test Method:		[testPackage01.Test_NewValidationHelper.f3_1]
################################################################################################################################################
[ReportManager] Assertion Passed: Checking valid user data @30-09-2021 21:50:36.0329 PM
[ReportManager] Assertion [ValidateEquals] PASSED. Expected [null] and Actual [null]. Comparison Type [EQUALS]. Validation Type [POSITIVE]. @30-09-2021 21:50:36.0329 P

################################################################################################################################################
Starting Execution:	[129 out of 144] test cases in the current suite
Test Method:		[testPackage01.Test_NewValidationHelper.f4]
################################################################################################################################################
[ReportManager] Assertion [ValidateEquals] PASSED. Expected [1] and Actual [123]. Comparison Type [CONTAINS]. Validation Type [POSITIVE]. @30-09-2021 21:50:36.0331 P

################################################################################################################################################
Starting Execution:	[130 out of 144] test cases in the current suite
Test Method:		[testPackage01.Test_NewValidationHelper.f5]
################################################################################################################################################
[ReportManager] Assertion [ValidateNull] PASSED. Expected [NULL] and Actual [1]. Comparison Type [EQUALS]. Validation Type [NEGATIVE]. @30-09-2021 21:50:36.0333 P

################################################################################################################################################
Starting Execution:	[131 out of 144] test cases in the current suite
Test Method:		[testPackage01.Test_NewValidationHelper.f6]
################################################################################################################################################
[ReportManager] Assertion Failed: Making sure that null string is not equal to null object @30-09-2021 21:50:36.0335 PM
[ReportManager] Assertion [ValidateNull] FAILED. Expected [NULL] and Actual [NULL]. Comparison Type [EQUALS]. Validation Type [POSITIVE]. @30-09-2021 21:50:36.0335 P

################################################################################################################################################
Starting Execution:	[132 out of 144] test cases in the current suite
Test Method:		[testPackage01.Test_NewValidationHelper.f6_1]
################################################################################################################################################
[ReportManager] Assertion [ValidateNull] FAILED. Expected [NULL] and Actual [NULL]. Comparison Type [EQUALS]. Validation Type [NEGATIVE]. @30-09-2021 21:50:36.0337 P

################################################################################################################################################
Starting Execution:	[133 out of 144] test cases in the current suite
Test Method:		[testPackage01.Test_NewValidationHelper.f6_2]
################################################################################################################################################
[ReportManager] Assertion Failed: Making sure that null string is not equal to null object @30-09-2021 21:50:36.0339 PM
[ReportManager] Assertion [ValidateNull] FAILED. Expected [NULL] and Actual [not null]. Comparison Type [EQUALS]. Validation Type [POSITIVE]. @30-09-2021 21:50:36.0339 P

################################################################################################################################################
Starting Execution:	[134 out of 144] test cases in the current suite
Test Method:		[testPackage01.Test_NewValidationHelper.f7]
################################################################################################################################################
[ReportManager] Assertion [ValidateNull] PASSED. Expected [NULL] and Actual [NULL]. Comparison Type [EQUALS]. Validation Type [POSITIVE]. @30-09-2021 21:50:36.0341 P
[ReportManager] File Action [GetAbsolutePath] successfully performed. With the following test data [Relative Folder Path: "target/downloadedFiles/"]. @30-09-2021 21:50:36.0343 PM
[ReportManager] Attempting to run remotely on: [Linux-64], [GoogleChrome], [http://localhost:4444/wd/hub], Headless Execution. @30-09-2021 21:50:36.0343 PM
[ReportManager] Successfully Opened [GoogleChrome]. @30-09-2021 21:50:36.0565 PM
[ReportManager] Target URL: [https://the-internet.herokuapp.com/] @30-09-2021 21:50:36.0576 PM
[ReportManager] Initial URL: [data:,] @30-09-2021 21:50:36.0619 PM
[ReportManager] Browser Action [NavigateToURL] successfully performed. With the following test data [https://the-internet.herokuapp.com/]. @30-09-2021 21:50:37.0813 P

################################################################################################################################################
Starting Execution:	[135 out of 144] test cases in the current suite
Test Method:		[testPackage01.Test_NewValidationHelper.f8]
################################################################################################################################################
[ReportManager] Loaded Shared OpenCV @30-09-2021 21:50:38.0060 PM
[ReportManager] Assertion [ValidateElementExists] PASSED. Expected [Element Should Exist, locator 'By.tagName: h1'] and Actual [Element Exists]. Comparison Type [EQUALS]. Validation Type [POSITIVE]. @30-09-2021 21:50:38.0144 PM
[ReportManager] Successfully created attachment [Screenshot - 1633038638060_f8_ValidateElementExists_passed] @30-09-2021 21:50:38.0145 P
[ReportManager] Successfully Closed All Drivers. @30-09-2021 21:50:38.0224 P
[ReportManager] File Action [GetAbsolutePath] successfully performed. With the following test data [Relative Folder Path: "target/downloadedFiles/"]. @30-09-2021 21:50:38.0226 PM
[ReportManager] Attempting to run remotely on: [Linux-64], [GoogleChrome], [http://localhost:4444/wd/hub], Headless Execution. @30-09-2021 21:50:38.0226 PM
[ReportManager] Successfully Opened [GoogleChrome]. @30-09-2021 21:50:38.0440 PM
[ReportManager] Target URL: [https://the-internet.herokuapp.com/] @30-09-2021 21:50:38.0450 PM
[ReportManager] Initial URL: [data:,] @30-09-2021 21:50:38.0490 PM
[ReportManager] Browser Action [NavigateToURL] successfully performed. With the following test data [https://the-internet.herokuapp.com/]. @30-09-2021 21:50:39.0688 P

################################################################################################################################################
Starting Execution:	[136 out of 144] test cases in the current suite
Test Method:		[testPackage01.Test_NewValidationHelper.f9]
################################################################################################################################################
[ReportManager] Assertion [ValidateElementExists] FAILED. Expected [Element Should Exist, locator 'By.tagName: h3'] and Actual [Element Doesn't Exists]. Comparison Type [EQUALS]. Validation Type [POSITIVE]. @30-09-2021 21:51:10.0423 PM
[ReportManager] Successfully created attachment [Screenshot - 1633038670359_f9_ValidateElementExists_failed] @30-09-2021 21:51:10.0424 P
[ReportManager] Successfully Closed All Drivers. @30-09-2021 21:51:10.0499 P

################################################################################################################################################
Starting Execution:	[137 out of 144] test cases in the current suite
Test Method:		[testPackage01.Test_NewValidationHelper.forceFail]
################################################################################################################################################
[ReportManager] Assertion [ValidateFail] FAILED. Successfully force failed the test. @30-09-2021 21:51:10.0502 P

################################################################################################################################################
Starting Execution:	[138 out of 144] test cases in the current suite
Test Method:		[testPackage01.Test_NewValidationHelper.forceFail2]
################################################################################################################################################
[ReportManager] Assertion Failed: Custom Message @30-09-2021 21:51:10.0504 PM
[ReportManager] Assertion [ValidateFail] FAILED. Successfully force failed the test. @30-09-2021 21:51:10.0505 P

################################################################################################################################################
Starting Execution:	[139 out of 144] test cases in the current suite
Test Method:		[testPackage01.Test_sendGraphqlRequest.sendGraphqlRequestUsingMutationAndVariables]
################################################################################################################################################
[ReportManager] GraphQl Request is being Performed with the Following Parameters [Service URL: https://api.spacex.land/graphql | Request Body: {"variables":"{\"name\": \"sherlock holmes\",\"rocket\": \"221B Baker Street\"}","query":"mutation ($name: String, $rocket: String) {\n  insert_users(objects: {name: $name, rocket: $rocket}) {\n    returning {\n      name\n      rocket\n    }\n  }\n}"}] @30-09-2021 21:51:10.0506 PM
[ReportManager] Response status code: [200], status line: [HTTP/1.1 200 OK] @30-09-2021 21:51:11.0148 PM
[ReportManager] Assertion Passed: Evaluating the actual response status code against the expected one... @30-09-2021 21:51:11.0148 PM
[ReportManager] Assertion [ValidateEquals] PASSED. Expected [200] and Actual [200]. Comparison Type [EQUALS]. Validation Type [POSITIVE]. @30-09-2021 21:51:11.0149 PM
[ReportManager] API Action [PerformRequest] successfully performed. With the following test data [Request Type: "POST" | Target Status Code: "200" | Service URL: "https://api.spacex.land/graphql" | Content Type: "application/json" | Response Time: "531ms"]. @30-09-2021 21:51:11.0160 PM
[ReportManager] Successfully created attachment [API Request - Specifications] @30-09-2021 21:51:11.0160 PM
[ReportManager] Successfully created attachment [API Request - JSON Body] @30-09-2021 21:51:11.0161 PM
[ReportManager] Successfully created attachment [API Response - JSON Body] @30-09-2021 21:51:11.0161 PM
[ReportManager] API Action [GetResponseJSONValue] successfully performed. With the following test data [data.insert_users.returning[0].name]. @30-09-2021 21:51:11.0211 PM
[ReportManager] Assertion [ValidateEquals] PASSED. Expected [sherlock holmes] and Actual [sherlock holmes]. Comparison Type [EQUALS]. Validation Type [POSITIVE]. @30-09-2021 21:51:11.0211 P

################################################################################################################################################
Starting Execution:	[140 out of 144] test cases in the current suite
Test Method:		[testPackage01.Test_sendGraphqlRequest.sendGraphqlRequestUsingQuery]
################################################################################################################################################
[ReportManager] GraphQl Request is being Performed with the Following Parameters [Service URL: https://api.spacex.land/graphql | Request Body: {"query":"{company {ceo}}"}] @30-09-2021 21:51:11.0224 PM
[ReportManager] Response status code: [200], status line: [HTTP/1.1 200 OK] @30-09-2021 21:51:11.0544 PM
[ReportManager] Assertion Passed: Evaluating the actual response status code against the expected one... @30-09-2021 21:51:11.0544 PM
[ReportManager] Assertion [ValidateEquals] PASSED. Expected [200] and Actual [200]. Comparison Type [EQUALS]. Validation Type [POSITIVE]. @30-09-2021 21:51:11.0544 PM
[ReportManager] API Action [PerformRequest] successfully performed. With the following test data [Request Type: "POST" | Target Status Code: "200" | Service URL: "https://api.spacex.land/graphql" | Content Type: "application/json" | Response Time: "315ms"]. @30-09-2021 21:51:11.0558 PM
[ReportManager] Successfully created attachment [API Request - Specifications] @30-09-2021 21:51:11.0559 PM
[ReportManager] Successfully created attachment [API Request - JSON Body] @30-09-2021 21:51:11.0559 PM
[ReportManager] Successfully created attachment [API Response - JSON Body] @30-09-2021 21:51:11.0559 PM
[ReportManager] API Action [GetResponseJSONValue] successfully performed. With the following test data [data.company.ceo]. @30-09-2021 21:51:11.0574 PM
[ReportManager] Assertion [ValidateEquals] PASSED. Expected [Elon Musk] and Actual [Elon Musk]. Comparison Type [EQUALS]. Validation Type [POSITIVE]. @30-09-2021 21:51:11.0574 P

################################################################################################################################################
Starting Execution:	[141 out of 144] test cases in the current suite
Test Method:		[testPackage01.Test_chainableElementActions.chainElementActions]
################################################################################################################################################
[ReportManager] File Action [GetAbsolutePath] successfully performed. With the following test data [Relative Folder Path: "target/downloadedFiles/"]. @30-09-2021 21:51:11.0577 PM
[ReportManager] Attempting to run remotely on: [Linux-64], [GoogleChrome], [http://localhost:4444/wd/hub], Headless Execution. @30-09-2021 21:51:11.0577 PM
[ReportManager] Successfully Opened [GoogleChrome]. @30-09-2021 21:51:11.0788 PM
[ReportManager] Target URL: [https://www.google.com/ncr], and after redirection: [https://www.google.com] @30-09-2021 21:51:11.0798 PM
[ReportManager] Initial URL: [data:,] @30-09-2021 21:51:11.0850 PM
[ReportManager] Browser Action [NavigateToURL] successfully performed. With the following test data [https://www.google.com/ncr]. @30-09-2021 21:51:12.0735 PM
[ReportManager] Element Action [Type] successfully performed. With the following test data [chained type 1]. @30-09-2021 21:51:13.0093 PM
[ReportManager] Element Action [Type] successfully performed. With the following test data [chained type 2]. @30-09-2021 21:51:13.0428 PM
[ReportManager] Element Action [TypeAppend] successfully performed. With the following test data [345]. @30-09-2021 21:51:13.0523 PM
[ReportManager] Element Action [GetText] successfully performed. With the following test data [chained type 2345]. @30-09-2021 21:51:13.0639 PM
[ReportManager] Loaded Shared OpenCV @30-09-2021 21:51:13.0786 PM
[ReportManager] Assertion [ValidateElementAttribute] PASSED. Expected [Value Should be 'chained type 2345' for the 'text' attribute, element locator 'By.name: q'] and Actual [chained type 2345]. Comparison Type [EQUALS]. Validation Type [POSITIVE]. @30-09-2021 21:51:13.0877 PM
[ReportManager] Successfully created attachment [Screenshot - 1633038673786_chainElementActions_ValidateElementAttribute_passed] @30-09-2021 21:51:13.0879 PM
[ReportManager] Browser Action [CloseCurrentWindow] successfully performed. @30-09-2021 21:51:13.0999 PM
[ReportManager] Successfully created attachment [Browser Action Test Data - CloseCurrentWindow - Actual Value] @30-09-2021 21:51:14.0000 P

################################################################################################################################################
Starting Execution:	[142 out of 144] test cases in the current suite
Test Method:		[testPackage01.Test_SkipDueToIssue.doNotSkip]
################################################################################################################################################
[ReportManager] This should not be skipped. @30-09-2021 21:51:14.0004 P

################################################################################################################################################
Starting Execution:	[143 out of 144] test cases in the current suite
Test Method:		[testPackage01.Test_SkipDueToIssue.skip]
################################################################################################################################################
[ReportManager] This should be skipped. @30-09-2021 21:51:14.0017 P

################################################################################################################################################
Starting Execution:	[144 out of 144] test cases in the current suite
Test Method:		[testPackage01.Test_SkipDueToIssue.skip2]
################################################################################################################################################
[ReportManager] This should be skipped. @30-09-2021 21:51:14.0022 P

################################################################################################################################################
Test Closure Activities
################################################################################################################################################
[ReportManager] Successfully created attachment [SHAFT Engine Logs - Execution log] @30-09-2021 21:51:14.0050 PM

################################################################################################################################################
This test run was powered by SHAFT Engine Version: [SHAFT Engine v5.3.20210902]
SHAFT Engine is licensed under the MIT License: [https://github.com/MohabMohie/SHAFT_ENGINE/blob/master/LICENSE].
################################################################################################################################################