################################################################################################################################################
Detected SHAFT Engine Version: [SHAFT Engine v5.4.20211011]
################################################################################################################################################

################################################################################################################################################
Starting Execution:	[1 out of 143] test cases in the current suite
Test Method:		[unitTests.tests_validations_assertions.assertComparativeRelation_greaterThanOrEquals_false_equals_expectedToFail]
################################################################################################################################################
[ReportManager] Assertion [ValidateComparativeRelation] FAILED. Expected [1] and Actual [1]. Comparison Type [GREATER_THAN_OR_EQUALS]. Validation Type [NEGATIVE]. @24-10-2021 01:54:16.0835 A

################################################################################################################################################
Starting Execution:	[2 out of 143] test cases in the current suite
Test Method:		[unitTests.tests_validations_assertions.assertComparativeRelation_greaterThanOrEquals_false_equals_expectedToPass]
################################################################################################################################################
[ReportManager] Assertion [ValidateComparativeRelation] PASSED. Expected [2] and Actual [1]. Comparison Type [GREATER_THAN_OR_EQUALS]. Validation Type [NEGATIVE]. @24-10-2021 01:54:16.0955 A

################################################################################################################################################
Starting Execution:	[3 out of 143] test cases in the current suite
Test Method:		[unitTests.tests_validations_assertions.assertComparativeRelation_greaterThanOrEquals_false_greaterThan_expectedToFail]
################################################################################################################################################
[ReportManager] Assertion [ValidateComparativeRelation] FAILED. Expected [1] and Actual [2]. Comparison Type [GREATER_THAN_OR_EQUALS]. Validation Type [NEGATIVE]. @24-10-2021 01:54:16.0971 A

################################################################################################################################################
Starting Execution:	[4 out of 143] test cases in the current suite
Test Method:		[unitTests.tests_validations_assertions.assertComparativeRelation_greaterThanOrEquals_false_greaterThan_expectedToPass]
################################################################################################################################################
[ReportManager] Assertion [ValidateComparativeRelation] PASSED. Expected [2] and Actual [1]. Comparison Type [GREATER_THAN_OR_EQUALS]. Validation Type [NEGATIVE]. @24-10-2021 01:54:16.0992 A

################################################################################################################################################
Starting Execution:	[5 out of 143] test cases in the current suite
Test Method:		[unitTests.tests_validations_assertions.assertComparativeRelation_greaterThanOrEquals_true_equals_expectedToFail]
################################################################################################################################################
[ReportManager] Assertion [ValidateComparativeRelation] FAILED. Expected [1] and Actual [0]. Comparison Type [GREATER_THAN_OR_EQUALS]. Validation Type [POSITIVE]. @24-10-2021 01:54:17.0002 A

################################################################################################################################################
Starting Execution:	[6 out of 143] test cases in the current suite
Test Method:		[unitTests.tests_validations_assertions.assertComparativeRelation_greaterThanOrEquals_true_equals_expectedToPass]
################################################################################################################################################
[ReportManager] Assertion [ValidateComparativeRelation] PASSED. Expected [1] and Actual [1]. Comparison Type [GREATER_THAN_OR_EQUALS]. Validation Type [POSITIVE]. @24-10-2021 01:54:17.0015 A

################################################################################################################################################
Starting Execution:	[7 out of 143] test cases in the current suite
Test Method:		[unitTests.tests_validations_assertions.assertComparativeRelation_greaterThanOrEquals_true_greaterThan_expectedToFail]
################################################################################################################################################
[ReportManager] Assertion [ValidateComparativeRelation] FAILED. Expected [2] and Actual [1]. Comparison Type [GREATER_THAN_OR_EQUALS]. Validation Type [POSITIVE]. @24-10-2021 01:54:17.0025 A

################################################################################################################################################
Starting Execution:	[8 out of 143] test cases in the current suite
Test Method:		[unitTests.tests_validations_assertions.assertComparativeRelation_greaterThanOrEquals_true_greaterThan_expectedToPass]
################################################################################################################################################
[ReportManager] Assertion [ValidateComparativeRelation] PASSED. Expected [1] and Actual [2]. Comparison Type [GREATER_THAN_OR_EQUALS]. Validation Type [POSITIVE]. @24-10-2021 01:54:17.0036 A
[ReportManager] File Action [GetAbsolutePath] successfully performed. With the following test data [Relative Folder Path: "target/downloadedFiles/"]. @24-10-2021 01:54:17.0057 AM
[ReportManager] Attempting to run remotely on: [Linux-64], [GoogleChrome], [http://localhost:4444/wd/hub], Headless Execution. @24-10-2021 01:54:17.0087 AM
[ReportManager] Successfully Opened [GoogleChrome]. @24-10-2021 01:54:18.0823 AM
[ReportManager] Target URL: [https://www.google.com/ncr], and after redirection: [www.google.com] @24-10-2021 01:54:18.0872 AM
[ReportManager] Initial URL: [data:,] @24-10-2021 01:54:19.0021 AM
[ReportManager] Browser Action [NavigateToURL] successfully performed. With the following test data [https://www.google.com/ncr]. @24-10-2021 01:54:20.0565 A

################################################################################################################################################
Starting Execution:	[9 out of 143] test cases in the current suite
Test Method:		[unitTests.tests_validations_assertions.assertElementAttribute_false_caseInsensitiveComparison_expectedToFail]
################################################################################################################################################
[ReportManager] Element Action [Type] successfully performed. With the following test data [AUTOMATION]. @24-10-2021 01:54:21.0150 AM
[ReportManager] Element Action [GetText] successfully performed. With the following test data [AUTOMATION]. @24-10-2021 01:54:21.0389 AM
[ReportManager] Loaded Shared OpenCV @24-10-2021 01:54:22.0181 AM
[ReportManager] Assertion [ValidateElementAttribute] FAILED. Expected [Value Should not be 'AutomaTion' for the 'text' attribute, element locator 'By.name: q'] and Actual [AUTOMATION]. Comparison Type [CASE_INSENSITIVE]. Validation Type [NEGATIVE]. @24-10-2021 01:54:22.0493 AM
[ReportManager] Successfully created attachment [Screenshot - 1635040461638_assertElementAttribute_false_caseInsensitiveComparison_expectedToFail_ValidateElementAttribute_failed] @24-10-2021 01:54:22.0515 A
[ReportManager] Browser Action [CloseCurrentWindow] successfully performed. @24-10-2021 01:54:22.0693 AM
[ReportManager] Successfully created attachment [Browser Action Test Data - CloseCurrentWindow - Actual Value] @24-10-2021 01:54:22.0697 A
[ReportManager] File Action [GetAbsolutePath] successfully performed. With the following test data [Relative Folder Path: "target/downloadedFiles/"]. @24-10-2021 01:54:22.0713 AM
[ReportManager] Attempting to run remotely on: [Linux-64], [GoogleChrome], [http://localhost:4444/wd/hub], Headless Execution. @24-10-2021 01:54:22.0716 AM
[ReportManager] Successfully Opened [GoogleChrome]. @24-10-2021 01:54:23.0108 AM
[ReportManager] Target URL: [https://www.google.com/ncr], and after redirection: [www.google.com] @24-10-2021 01:54:23.0131 AM
[ReportManager] Initial URL: [data:,] @24-10-2021 01:54:23.0220 AM
[ReportManager] Browser Action [NavigateToURL] successfully performed. With the following test data [https://www.google.com/ncr]. @24-10-2021 01:54:24.0343 A

################################################################################################################################################
Starting Execution:	[10 out of 143] test cases in the current suite
Test Method:		[unitTests.tests_validations_assertions.assertElementAttribute_false_caseInsensitiveComparison_expectedToPass]
################################################################################################################################################
[ReportManager] Element Action [Type] successfully performed. With the following test data [AUTOMATION]. @24-10-2021 01:54:24.0903 AM
[ReportManager] Element Action [GetText] successfully performed. With the following test data [AUTOMATION]. @24-10-2021 01:54:25.0088 AM
[ReportManager] Loaded Shared OpenCV @24-10-2021 01:54:25.0291 AM
[ReportManager] Assertion [ValidateElementAttribute] PASSED. Expected [Value Should not be 'AutomaTion123' for the 'text' attribute, element locator 'By.name: q'] and Actual [AUTOMATION]. Comparison Type [CASE_INSENSITIVE]. Validation Type [NEGATIVE]. @24-10-2021 01:54:25.0455 AM
[ReportManager] Successfully created attachment [Screenshot - 1635040465291_assertElementAttribute_false_caseInsensitiveComparison_expectedToPass_ValidateElementAttribute_passed] @24-10-2021 01:54:25.0459 A
[ReportManager] Browser Action [CloseCurrentWindow] successfully performed. @24-10-2021 01:54:25.0607 AM
[ReportManager] Successfully created attachment [Browser Action Test Data - CloseCurrentWindow - Actual Value] @24-10-2021 01:54:25.0608 A
[ReportManager] File Action [GetAbsolutePath] successfully performed. With the following test data [Relative Folder Path: "target/downloadedFiles/"]. @24-10-2021 01:54:25.0615 AM
[ReportManager] Attempting to run remotely on: [Linux-64], [GoogleChrome], [http://localhost:4444/wd/hub], Headless Execution. @24-10-2021 01:54:25.0615 AM
[ReportManager] Successfully Opened [GoogleChrome]. @24-10-2021 01:54:25.0893 AM
[ReportManager] Target URL: [https://www.google.com/ncr], and after redirection: [www.google.com] @24-10-2021 01:54:25.0914 AM
[ReportManager] Initial URL: [data:,] @24-10-2021 01:54:26.0011 AM
[ReportManager] Browser Action [NavigateToURL] successfully performed. With the following test data [https://www.google.com/ncr]. @24-10-2021 01:54:27.0080 A

################################################################################################################################################
Starting Execution:	[11 out of 143] test cases in the current suite
Test Method:		[unitTests.tests_validations_assertions.assertElementAttribute_false_containsComparison_expectedToFail]
################################################################################################################################################
[ReportManager] Element Action [Type] successfully performed. With the following test data [Automation123]. @24-10-2021 01:54:27.0604 AM
[ReportManager] Element Action [GetText] successfully performed. With the following test data [Automation123]. @24-10-2021 01:54:27.0769 AM
[ReportManager] Loaded Shared OpenCV @24-10-2021 01:54:27.0970 AM
[ReportManager] Assertion [ValidateElementAttribute] FAILED. Expected [Value Should not be 'Automation' for the 'text' attribute, element locator 'By.name: q'] and Actual [Automation123]. Comparison Type [CONTAINS]. Validation Type [NEGATIVE]. @24-10-2021 01:54:28.0069 AM
[ReportManager] Successfully created attachment [Screenshot - 1635040467970_assertElementAttribute_false_containsComparison_expectedToFail_ValidateElementAttribute_failed] @24-10-2021 01:54:28.0070 A
[ReportManager] Browser Action [CloseCurrentWindow] successfully performed. @24-10-2021 01:54:28.0243 AM
[ReportManager] Successfully created attachment [Browser Action Test Data - CloseCurrentWindow - Actual Value] @24-10-2021 01:54:28.0244 A
[ReportManager] File Action [GetAbsolutePath] successfully performed. With the following test data [Relative Folder Path: "target/downloadedFiles/"]. @24-10-2021 01:54:28.0248 AM
[ReportManager] Attempting to run remotely on: [Linux-64], [GoogleChrome], [http://localhost:4444/wd/hub], Headless Execution. @24-10-2021 01:54:28.0249 AM
[ReportManager] Successfully Opened [GoogleChrome]. @24-10-2021 01:54:28.0501 AM
[ReportManager] Target URL: [https://www.google.com/ncr], and after redirection: [www.google.com] @24-10-2021 01:54:28.0536 AM
[ReportManager] Initial URL: [data:,] @24-10-2021 01:54:28.0600 AM
[ReportManager] Browser Action [NavigateToURL] successfully performed. With the following test data [https://www.google.com/ncr]. @24-10-2021 01:54:29.0655 A

################################################################################################################################################
Starting Execution:	[12 out of 143] test cases in the current suite
Test Method:		[unitTests.tests_validations_assertions.assertElementAttribute_false_containsComparison_expectedToPass]
################################################################################################################################################
[ReportManager] Element Action [Type] successfully performed. With the following test data [Automation123]. @24-10-2021 01:54:30.0145 AM
[ReportManager] Element Action [GetText] successfully performed. With the following test data [Automation123]. @24-10-2021 01:54:30.0302 AM
[ReportManager] Loaded Shared OpenCV @24-10-2021 01:54:30.0489 AM
[ReportManager] Assertion [ValidateElementAttribute] PASSED. Expected [Value Should not be 'Automation1234' for the 'text' attribute, element locator 'By.name: q'] and Actual [Automation123]. Comparison Type [CONTAINS]. Validation Type [NEGATIVE]. @24-10-2021 01:54:30.0574 AM
[ReportManager] Successfully created attachment [Screenshot - 1635040470489_assertElementAttribute_false_containsComparison_expectedToPass_ValidateElementAttribute_passed] @24-10-2021 01:54:30.0576 A
[ReportManager] Browser Action [CloseCurrentWindow] successfully performed. @24-10-2021 01:54:30.0740 AM
[ReportManager] Successfully created attachment [Browser Action Test Data - CloseCurrentWindow - Actual Value] @24-10-2021 01:54:30.0741 A
[ReportManager] File Action [GetAbsolutePath] successfully performed. With the following test data [Relative Folder Path: "target/downloadedFiles/"]. @24-10-2021 01:54:30.0757 AM
[ReportManager] Attempting to run remotely on: [Linux-64], [GoogleChrome], [http://localhost:4444/wd/hub], Headless Execution. @24-10-2021 01:54:30.0757 AM
[ReportManager] Successfully Opened [GoogleChrome]. @24-10-2021 01:54:30.0997 AM
[ReportManager] Target URL: [https://www.google.com/ncr], and after redirection: [www.google.com] @24-10-2021 01:54:31.0017 AM
[ReportManager] Initial URL: [data:,] @24-10-2021 01:54:31.0092 AM
[ReportManager] Browser Action [NavigateToURL] successfully performed. With the following test data [https://www.google.com/ncr]. @24-10-2021 01:54:32.0213 A

################################################################################################################################################
Starting Execution:	[13 out of 143] test cases in the current suite
Test Method:		[unitTests.tests_validations_assertions.assertElementAttribute_false_literalComparison_expectedToFail]
################################################################################################################################################
[ReportManager] Element Action [Type] successfully performed. With the following test data [Automation!@#$%^&*()_+{}[]\';/.,]. @24-10-2021 01:54:32.0756 AM
[ReportManager] Element Action [GetText] successfully performed. With the following test data [Automation!@#$%^&*()_+{}[]\';/.,]. @24-10-2021 01:54:32.0926 AM
[ReportManager] Loaded Shared OpenCV @24-10-2021 01:54:33.0124 AM
[ReportManager] Assertion [ValidateElementAttribute] PASSED. Expected [Value Should not be 'Automation!@#$%^&*()_+{}[]\\';/.,' for the 'text' attribute, element locator 'By.name: q'] and Actual [Automation!@#$%^&*()_+{}[]\';/.,]. Comparison Type [EQUALS]. Validation Type [NEGATIVE]. @24-10-2021 01:54:33.0213 AM
[ReportManager] Successfully created attachment [Screenshot - 1635040473124_assertElementAttribute_false_literalComparison_expectedToFail_ValidateElementAttribute_passed] @24-10-2021 01:54:33.0215 A
[ReportManager] Browser Action [CloseCurrentWindow] successfully performed. @24-10-2021 01:54:33.0373 AM
[ReportManager] Successfully created attachment [Browser Action Test Data - CloseCurrentWindow - Actual Value] @24-10-2021 01:54:33.0374 A
[ReportManager] File Action [GetAbsolutePath] successfully performed. With the following test data [Relative Folder Path: "target/downloadedFiles/"]. @24-10-2021 01:54:33.0378 AM
[ReportManager] Attempting to run remotely on: [Linux-64], [GoogleChrome], [http://localhost:4444/wd/hub], Headless Execution. @24-10-2021 01:54:33.0378 AM
[ReportManager] Successfully Opened [GoogleChrome]. @24-10-2021 01:54:33.0653 AM
[ReportManager] Target URL: [https://www.google.com/ncr], and after redirection: [www.google.com] @24-10-2021 01:54:33.0669 AM
[ReportManager] Initial URL: [data:,] @24-10-2021 01:54:33.0745 AM
[ReportManager] Browser Action [NavigateToURL] successfully performed. With the following test data [https://www.google.com/ncr]. @24-10-2021 01:54:34.0804 A

################################################################################################################################################
Starting Execution:	[14 out of 143] test cases in the current suite
Test Method:		[unitTests.tests_validations_assertions.assertElementAttribute_false_literalComparison_expectedToPass]
################################################################################################################################################
[ReportManager] Element Action [Type] successfully performed. With the following test data [Automation!@#$%^&*()_+{}[]\';/.,]. @24-10-2021 01:54:35.0432 AM
[ReportManager] Element Action [GetText] successfully performed. With the following test data [Automation!@#$%^&*()_+{}[]\';/.,]. @24-10-2021 01:54:35.0572 AM
[ReportManager] Loaded Shared OpenCV @24-10-2021 01:54:35.0751 AM
[ReportManager] Assertion [ValidateElementAttribute] PASSED. Expected [Value Should not be 'Automation' for the 'text' attribute, element locator 'By.name: q'] and Actual [Automation!@#$%^&*()_+{}[]\';/.,]. Comparison Type [EQUALS]. Validation Type [NEGATIVE]. @24-10-2021 01:54:35.0842 AM
[ReportManager] Successfully created attachment [Screenshot - 1635040475751_assertElementAttribute_false_literalComparison_expectedToPass_ValidateElementAttribute_passed] @24-10-2021 01:54:35.0844 A
[ReportManager] Browser Action [CloseCurrentWindow] successfully performed. @24-10-2021 01:54:35.0998 AM
[ReportManager] Successfully created attachment [Browser Action Test Data - CloseCurrentWindow - Actual Value] @24-10-2021 01:54:35.0999 A
[ReportManager] File Action [GetAbsolutePath] successfully performed. With the following test data [Relative Folder Path: "target/downloadedFiles/"]. @24-10-2021 01:54:36.0012 AM
[ReportManager] Attempting to run remotely on: [Linux-64], [GoogleChrome], [http://localhost:4444/wd/hub], Headless Execution. @24-10-2021 01:54:36.0013 AM
[ReportManager] Successfully Opened [GoogleChrome]. @24-10-2021 01:54:36.0317 AM
[ReportManager] Target URL: [https://www.google.com/ncr], and after redirection: [www.google.com] @24-10-2021 01:54:36.0339 AM
[ReportManager] Initial URL: [data:,] @24-10-2021 01:54:36.0412 AM
[ReportManager] Browser Action [NavigateToURL] successfully performed. With the following test data [https://www.google.com/ncr]. @24-10-2021 01:54:37.0472 A

################################################################################################################################################
Starting Execution:	[15 out of 143] test cases in the current suite
Test Method:		[unitTests.tests_validations_assertions.assertElementAttribute_false_regexComparison_expectedToFail]
################################################################################################################################################
[ReportManager] Element Action [Type] successfully performed. With the following test data [Automation123]. @24-10-2021 01:54:37.0917 AM
[ReportManager] Element Action [GetText] successfully performed. With the following test data [Automation123]. @24-10-2021 01:54:38.0068 AM
[ReportManager] Loaded Shared OpenCV @24-10-2021 01:54:38.0238 AM
[ReportManager] Assertion [ValidateElementAttribute] FAILED. Expected [Value Should not be 'Automation.*' for the 'text' attribute, element locator 'By.name: q'] and Actual [Automation123]. Comparison Type [MATCHES]. Validation Type [NEGATIVE]. @24-10-2021 01:54:38.0323 AM
[ReportManager] Successfully created attachment [Screenshot - 1635040478238_assertElementAttribute_false_regexComparison_expectedToFail_ValidateElementAttribute_failed] @24-10-2021 01:54:38.0324 A
[ReportManager] Browser Action [CloseCurrentWindow] successfully performed. @24-10-2021 01:54:38.0463 AM
[ReportManager] Successfully created attachment [Browser Action Test Data - CloseCurrentWindow - Actual Value] @24-10-2021 01:54:38.0465 A
[ReportManager] File Action [GetAbsolutePath] successfully performed. With the following test data [Relative Folder Path: "target/downloadedFiles/"]. @24-10-2021 01:54:38.0475 AM
[ReportManager] Attempting to run remotely on: [Linux-64], [GoogleChrome], [http://localhost:4444/wd/hub], Headless Execution. @24-10-2021 01:54:38.0476 AM
[ReportManager] Successfully Opened [GoogleChrome]. @24-10-2021 01:54:38.0776 AM
[ReportManager] Target URL: [https://www.google.com/ncr], and after redirection: [www.google.com] @24-10-2021 01:54:38.0799 AM
[ReportManager] Initial URL: [data:,] @24-10-2021 01:54:38.0868 AM
[ReportManager] Browser Action [NavigateToURL] successfully performed. With the following test data [https://www.google.com/ncr]. @24-10-2021 01:54:39.0958 A

################################################################################################################################################
Starting Execution:	[16 out of 143] test cases in the current suite
Test Method:		[unitTests.tests_validations_assertions.assertElementAttribute_false_regexComparison_expectedToPass]
################################################################################################################################################
[ReportManager] Element Action [Type] successfully performed. With the following test data [Automation123]. @24-10-2021 01:54:40.0411 AM
[ReportManager] Element Action [GetText] successfully performed. With the following test data [Automation123]. @24-10-2021 01:54:40.0567 AM
[ReportManager] Loaded Shared OpenCV @24-10-2021 01:54:40.0741 AM
[ReportManager] Assertion [ValidateElementAttribute] PASSED. Expected [Value Should not be 'Automation' for the 'text' attribute, element locator 'By.name: q'] and Actual [Automation123]. Comparison Type [MATCHES]. Validation Type [NEGATIVE]. @24-10-2021 01:54:40.0828 AM
[ReportManager] Successfully created attachment [Screenshot - 1635040480741_assertElementAttribute_false_regexComparison_expectedToPass_ValidateElementAttribute_passed] @24-10-2021 01:54:40.0830 A
[ReportManager] Browser Action [CloseCurrentWindow] successfully performed. @24-10-2021 01:54:40.0979 AM
[ReportManager] Successfully created attachment [Browser Action Test Data - CloseCurrentWindow - Actual Value] @24-10-2021 01:54:40.0980 A
[ReportManager] File Action [GetAbsolutePath] successfully performed. With the following test data [Relative Folder Path: "target/downloadedFiles/"]. @24-10-2021 01:54:40.0988 AM
[ReportManager] Attempting to run remotely on: [Linux-64], [GoogleChrome], [http://localhost:4444/wd/hub], Headless Execution. @24-10-2021 01:54:40.0988 AM
[ReportManager] Successfully Opened [GoogleChrome]. @24-10-2021 01:54:41.0272 AM
[ReportManager] Target URL: [https://www.google.com/ncr], and after redirection: [www.google.com] @24-10-2021 01:54:41.0302 AM
[ReportManager] Initial URL: [data:,] @24-10-2021 01:54:41.0355 AM
[ReportManager] Browser Action [NavigateToURL] successfully performed. With the following test data [https://www.google.com/ncr]. @24-10-2021 01:54:42.0392 A

################################################################################################################################################
Starting Execution:	[17 out of 143] test cases in the current suite
Test Method:		[unitTests.tests_validations_assertions.assertElementAttribute_true_caseInsensitiveComparison_expectedToFail]
################################################################################################################################################
[ReportManager] Element Action [Type] successfully performed. With the following test data [AUTOMATION]. @24-10-2021 01:54:42.0792 AM
[ReportManager] Element Action [GetText] successfully performed. With the following test data [AUTOMATION]. @24-10-2021 01:54:42.0933 AM
[ReportManager] Loaded Shared OpenCV @24-10-2021 01:54:43.0134 AM
[ReportManager] Assertion [ValidateElementAttribute] FAILED. Expected [Value Should be 'AutomaTion123' for the 'text' attribute, element locator 'By.name: q'] and Actual [AUTOMATION]. Comparison Type [CASE_INSENSITIVE]. Validation Type [POSITIVE]. @24-10-2021 01:54:43.0240 AM
[ReportManager] Successfully created attachment [Screenshot - 1635040483134_assertElementAttribute_true_caseInsensitiveComparison_expectedToFail_ValidateElementAttribute_failed] @24-10-2021 01:54:43.0241 A
[ReportManager] Browser Action [CloseCurrentWindow] successfully performed. @24-10-2021 01:54:43.0385 AM
[ReportManager] Successfully created attachment [Browser Action Test Data - CloseCurrentWindow - Actual Value] @24-10-2021 01:54:43.0386 A
[ReportManager] File Action [GetAbsolutePath] successfully performed. With the following test data [Relative Folder Path: "target/downloadedFiles/"]. @24-10-2021 01:54:43.0392 AM
[ReportManager] Attempting to run remotely on: [Linux-64], [GoogleChrome], [http://localhost:4444/wd/hub], Headless Execution. @24-10-2021 01:54:43.0392 AM
[ReportManager] Successfully Opened [GoogleChrome]. @24-10-2021 01:54:43.0719 AM
[ReportManager] Target URL: [https://www.google.com/ncr], and after redirection: [www.google.com] @24-10-2021 01:54:43.0733 AM
[ReportManager] Initial URL: [data:,] @24-10-2021 01:54:43.0787 AM
[ReportManager] Browser Action [NavigateToURL] successfully performed. With the following test data [https://www.google.com/ncr]. @24-10-2021 01:54:44.0843 A

################################################################################################################################################
Starting Execution:	[18 out of 143] test cases in the current suite
Test Method:		[unitTests.tests_validations_assertions.assertElementAttribute_true_caseInsensitiveComparison_expectedToPass]
################################################################################################################################################
[ReportManager] Element Action [Type] successfully performed. With the following test data [AUTOMATION]. @24-10-2021 01:54:45.0289 AM
[ReportManager] Element Action [GetText] successfully performed. With the following test data [AUTOMATION]. @24-10-2021 01:54:45.0409 AM
[ReportManager] Loaded Shared OpenCV @24-10-2021 01:54:45.0604 AM
[ReportManager] Assertion [ValidateElementAttribute] PASSED. Expected [Value Should be 'AutomaTion' for the 'text' attribute, element locator 'By.name: q'] and Actual [AUTOMATION]. Comparison Type [CASE_INSENSITIVE]. Validation Type [POSITIVE]. @24-10-2021 01:54:45.0694 AM
[ReportManager] Successfully created attachment [Screenshot - 1635040485604_assertElementAttribute_true_caseInsensitiveComparison_expectedToPass_ValidateElementAttribute_passed] @24-10-2021 01:54:45.0696 A
[ReportManager] Browser Action [CloseCurrentWindow] successfully performed. @24-10-2021 01:54:45.0841 AM
[ReportManager] Successfully created attachment [Browser Action Test Data - CloseCurrentWindow - Actual Value] @24-10-2021 01:54:45.0842 A
[ReportManager] File Action [GetAbsolutePath] successfully performed. With the following test data [Relative Folder Path: "target/downloadedFiles/"]. @24-10-2021 01:54:45.0845 AM
[ReportManager] Attempting to run remotely on: [Linux-64], [GoogleChrome], [http://localhost:4444/wd/hub], Headless Execution. @24-10-2021 01:54:45.0845 AM
[ReportManager] Successfully Opened [GoogleChrome]. @24-10-2021 01:54:46.0082 AM
[ReportManager] Target URL: [https://www.google.com/ncr], and after redirection: [www.google.com] @24-10-2021 01:54:46.0106 AM
[ReportManager] Initial URL: [data:,] @24-10-2021 01:54:46.0176 AM
[ReportManager] Browser Action [NavigateToURL] successfully performed. With the following test data [https://www.google.com/ncr]. @24-10-2021 01:54:47.0174 A

################################################################################################################################################
Starting Execution:	[19 out of 143] test cases in the current suite
Test Method:		[unitTests.tests_validations_assertions.assertElementAttribute_true_containsComparison_expectedToFail]
################################################################################################################################################
[ReportManager] Element Action [Type] successfully performed. With the following test data [Automation123]. @24-10-2021 01:54:47.0612 AM
[ReportManager] Element Action [GetText] successfully performed. With the following test data [Automation123]. @24-10-2021 01:54:47.0755 AM
[ReportManager] Loaded Shared OpenCV @24-10-2021 01:54:47.0922 AM
[ReportManager] Assertion [ValidateElementAttribute] FAILED. Expected [Value Should be 'Automation1234' for the 'text' attribute, element locator 'By.name: q'] and Actual [Automation123]. Comparison Type [CONTAINS]. Validation Type [POSITIVE]. @24-10-2021 01:54:48.0010 AM
[ReportManager] Successfully created attachment [Screenshot - 1635040487922_assertElementAttribute_true_containsComparison_expectedToFail_ValidateElementAttribute_failed] @24-10-2021 01:54:48.0011 A
[ReportManager] Browser Action [CloseCurrentWindow] successfully performed. @24-10-2021 01:54:48.0170 AM
[ReportManager] Successfully created attachment [Browser Action Test Data - CloseCurrentWindow - Actual Value] @24-10-2021 01:54:48.0171 A
[ReportManager] File Action [GetAbsolutePath] successfully performed. With the following test data [Relative Folder Path: "target/downloadedFiles/"]. @24-10-2021 01:54:48.0175 AM
[ReportManager] Attempting to run remotely on: [Linux-64], [GoogleChrome], [http://localhost:4444/wd/hub], Headless Execution. @24-10-2021 01:54:48.0175 AM
[ReportManager] Successfully Opened [GoogleChrome]. @24-10-2021 01:54:48.0424 AM
[ReportManager] Target URL: [https://www.google.com/ncr], and after redirection: [www.google.com] @24-10-2021 01:54:48.0436 AM
[ReportManager] Initial URL: [data:,] @24-10-2021 01:54:48.0512 AM
[ReportManager] Browser Action [NavigateToURL] successfully performed. With the following test data [https://www.google.com/ncr]. @24-10-2021 01:54:49.0499 A

################################################################################################################################################
Starting Execution:	[20 out of 143] test cases in the current suite
Test Method:		[unitTests.tests_validations_assertions.assertElementAttribute_true_containsComparison_expectedToPass]
################################################################################################################################################
[ReportManager] Element Action [Type] successfully performed. With the following test data [Automation123]. @24-10-2021 01:54:49.0966 AM
[ReportManager] Element Action [GetText] successfully performed. With the following test data [Automation123]. @24-10-2021 01:54:50.0104 AM
[ReportManager] Loaded Shared OpenCV @24-10-2021 01:54:50.0251 AM
[ReportManager] Assertion [ValidateElementAttribute] PASSED. Expected [Value Should be 'Automation' for the 'text' attribute, element locator 'By.name: q'] and Actual [Automation123]. Comparison Type [CONTAINS]. Validation Type [POSITIVE]. @24-10-2021 01:54:50.0337 AM
[ReportManager] Successfully created attachment [Screenshot - 1635040490251_assertElementAttribute_true_containsComparison_expectedToPass_ValidateElementAttribute_passed] @24-10-2021 01:54:50.0339 A
[ReportManager] Browser Action [CloseCurrentWindow] successfully performed. @24-10-2021 01:54:50.0481 AM
[ReportManager] Successfully created attachment [Browser Action Test Data - CloseCurrentWindow - Actual Value] @24-10-2021 01:54:50.0482 A
[ReportManager] File Action [GetAbsolutePath] successfully performed. With the following test data [Relative Folder Path: "target/downloadedFiles/"]. @24-10-2021 01:54:50.0486 AM
[ReportManager] Attempting to run remotely on: [Linux-64], [GoogleChrome], [http://localhost:4444/wd/hub], Headless Execution. @24-10-2021 01:54:50.0486 AM
[ReportManager] Successfully Opened [GoogleChrome]. @24-10-2021 01:54:50.0798 AM
[ReportManager] Target URL: [https://www.google.com/ncr], and after redirection: [www.google.com] @24-10-2021 01:54:50.0810 AM
[ReportManager] Initial URL: [data:,] @24-10-2021 01:54:50.0865 AM
[ReportManager] Browser Action [NavigateToURL] successfully performed. With the following test data [https://www.google.com/ncr]. @24-10-2021 01:54:51.0892 A

################################################################################################################################################
Starting Execution:	[21 out of 143] test cases in the current suite
Test Method:		[unitTests.tests_validations_assertions.assertElementAttribute_true_literalComparison_expectedToFail]
################################################################################################################################################
[ReportManager] Element Action [Type] successfully performed. With the following test data [Automation!@#$%^&*()_+{}[]\';/.,]. @24-10-2021 01:54:52.0478 AM
[ReportManager] Element Action [GetText] successfully performed. With the following test data [Automation!@#$%^&*()_+{}[]\';/.,]. @24-10-2021 01:54:52.0617 AM
[ReportManager] Loaded Shared OpenCV @24-10-2021 01:54:52.0850 AM
[ReportManager] Assertion [ValidateElementAttribute] FAILED. Expected [Value Should be 'Automation' for the 'text' attribute, element locator 'By.name: q'] and Actual [Automation!@#$%^&*()_+{}[]\';/.,]. Comparison Type [EQUALS]. Validation Type [POSITIVE]. @24-10-2021 01:54:52.0969 AM
[ReportManager] Successfully created attachment [Screenshot - 1635040492850_assertElementAttribute_true_literalComparison_expectedToFail_ValidateElementAttribute_failed] @24-10-2021 01:54:52.0974 A
[ReportManager] Browser Action [CloseCurrentWindow] successfully performed. @24-10-2021 01:54:53.0106 AM
[ReportManager] Successfully created attachment [Browser Action Test Data - CloseCurrentWindow - Actual Value] @24-10-2021 01:54:53.0107 A
[ReportManager] File Action [GetAbsolutePath] successfully performed. With the following test data [Relative Folder Path: "target/downloadedFiles/"]. @24-10-2021 01:54:53.0110 AM
[ReportManager] Attempting to run remotely on: [Linux-64], [GoogleChrome], [http://localhost:4444/wd/hub], Headless Execution. @24-10-2021 01:54:53.0110 AM
[ReportManager] Successfully Opened [GoogleChrome]. @24-10-2021 01:54:53.0430 AM
[ReportManager] Target URL: [https://www.google.com/ncr], and after redirection: [www.google.com] @24-10-2021 01:54:53.0444 AM
[ReportManager] Initial URL: [data:,] @24-10-2021 01:54:53.0508 AM
[ReportManager] Browser Action [NavigateToURL] successfully performed. With the following test data [https://www.google.com/ncr]. @24-10-2021 01:54:54.0708 A

################################################################################################################################################
Starting Execution:	[22 out of 143] test cases in the current suite
Test Method:		[unitTests.tests_validations_assertions.assertElementAttribute_true_literalComparison_expectedToPass]
################################################################################################################################################
[ReportManager] Element Action [Type] successfully performed. With the following test data [Automation!@#$%^&*()_+{}[]\';/.,]. @24-10-2021 01:54:55.0218 AM
[ReportManager] Element Action [GetText] successfully performed. With the following test data [Automation!@#$%^&*()_+{}[]\';/.,]. @24-10-2021 01:54:55.0338 AM
[ReportManager] Loaded Shared OpenCV @24-10-2021 01:54:55.0514 AM
[ReportManager] Assertion [ValidateElementAttribute] PASSED. Expected [Value Should be 'Automation!@#$%^&*()_+{}[]\';/.,' for the 'text' attribute, element locator 'By.name: q'] and Actual [Automation!@#$%^&*()_+{}[]\';/.,]. Comparison Type [EQUALS]. Validation Type [POSITIVE]. @24-10-2021 01:54:55.0611 AM
[ReportManager] Successfully created attachment [Screenshot - 1635040495514_assertElementAttribute_true_literalComparison_expectedToPass_ValidateElementAttribute_passed] @24-10-2021 01:54:55.0613 A
[ReportManager] Browser Action [CloseCurrentWindow] successfully performed. @24-10-2021 01:54:55.0752 AM
[ReportManager] Successfully created attachment [Browser Action Test Data - CloseCurrentWindow - Actual Value] @24-10-2021 01:54:55.0753 A
[ReportManager] File Action [GetAbsolutePath] successfully performed. With the following test data [Relative Folder Path: "target/downloadedFiles/"]. @24-10-2021 01:54:55.0755 AM
[ReportManager] Attempting to run remotely on: [Linux-64], [GoogleChrome], [http://localhost:4444/wd/hub], Headless Execution. @24-10-2021 01:54:55.0756 AM
[ReportManager] Successfully Opened [GoogleChrome]. @24-10-2021 01:54:56.0015 AM
[ReportManager] Target URL: [https://www.google.com/ncr], and after redirection: [www.google.com] @24-10-2021 01:54:56.0028 AM
[ReportManager] Initial URL: [data:,] @24-10-2021 01:54:56.0075 AM
[ReportManager] Browser Action [NavigateToURL] successfully performed. With the following test data [https://www.google.com/ncr]. @24-10-2021 01:54:57.0194 A

################################################################################################################################################
Starting Execution:	[23 out of 143] test cases in the current suite
Test Method:		[unitTests.tests_validations_assertions.assertElementAttribute_true_regexComparison_expectedToFail]
################################################################################################################################################
[ReportManager] Element Action [Type] successfully performed. With the following test data [Automation123]. @24-10-2021 01:54:57.0618 AM
[ReportManager] Element Action [GetText] successfully performed. With the following test data [Automation123]. @24-10-2021 01:54:57.0761 AM
[ReportManager] Loaded Shared OpenCV @24-10-2021 01:54:57.0935 AM
[ReportManager] Assertion [ValidateElementAttribute] FAILED. Expected [Value Should be 'Automation' for the 'text' attribute, element locator 'By.name: q'] and Actual [Automation123]. Comparison Type [MATCHES]. Validation Type [POSITIVE]. @24-10-2021 01:54:58.0031 AM
[ReportManager] Successfully created attachment [Screenshot - 1635040497935_assertElementAttribute_true_regexComparison_expectedToFail_ValidateElementAttribute_failed] @24-10-2021 01:54:58.0032 A
[ReportManager] Browser Action [CloseCurrentWindow] successfully performed. @24-10-2021 01:54:58.0179 AM
[ReportManager] Successfully created attachment [Browser Action Test Data - CloseCurrentWindow - Actual Value] @24-10-2021 01:54:58.0180 A
[ReportManager] File Action [GetAbsolutePath] successfully performed. With the following test data [Relative Folder Path: "target/downloadedFiles/"]. @24-10-2021 01:54:58.0184 AM
[ReportManager] Attempting to run remotely on: [Linux-64], [GoogleChrome], [http://localhost:4444/wd/hub], Headless Execution. @24-10-2021 01:54:58.0184 AM
[ReportManager] Successfully Opened [GoogleChrome]. @24-10-2021 01:54:58.0419 AM
[ReportManager] Target URL: [https://www.google.com/ncr], and after redirection: [www.google.com] @24-10-2021 01:54:58.0436 AM
[ReportManager] Initial URL: [data:,] @24-10-2021 01:54:58.0505 AM
[ReportManager] Browser Action [NavigateToURL] successfully performed. With the following test data [https://www.google.com/ncr]. @24-10-2021 01:54:59.0519 A

################################################################################################################################################
Starting Execution:	[24 out of 143] test cases in the current suite
Test Method:		[unitTests.tests_validations_assertions.assertElementAttribute_true_regexComparison_expectedToPass]
################################################################################################################################################
[ReportManager] Element Action [Type] successfully performed. With the following test data [Automation123]. @24-10-2021 01:54:59.0980 AM
[ReportManager] Element Action [GetText] successfully performed. With the following test data [Automation123]. @24-10-2021 01:55:00.0104 AM
[ReportManager] Loaded Shared OpenCV @24-10-2021 01:55:00.0300 AM
[ReportManager] Assertion [ValidateElementAttribute] PASSED. Expected [Value Should be 'Automation.*' for the 'text' attribute, element locator 'By.name: q'] and Actual [Automation123]. Comparison Type [MATCHES]. Validation Type [POSITIVE]. @24-10-2021 01:55:00.0388 AM
[ReportManager] Successfully created attachment [Screenshot - 1635040500300_assertElementAttribute_true_regexComparison_expectedToPass_ValidateElementAttribute_passed] @24-10-2021 01:55:00.0389 A
[ReportManager] Browser Action [CloseCurrentWindow] successfully performed. @24-10-2021 01:55:00.0530 AM
[ReportManager] Successfully created attachment [Browser Action Test Data - CloseCurrentWindow - Actual Value] @24-10-2021 01:55:00.0531 A
[ReportManager] File Action [GetAbsolutePath] successfully performed. With the following test data [Relative Folder Path: "target/downloadedFiles/"]. @24-10-2021 01:55:00.0534 AM
[ReportManager] Attempting to run remotely on: [Linux-64], [GoogleChrome], [http://localhost:4444/wd/hub], Headless Execution. @24-10-2021 01:55:00.0534 AM
[ReportManager] Successfully Opened [GoogleChrome]. @24-10-2021 01:55:00.0831 AM
[ReportManager] Target URL: [https://www.google.com/ncr], and after redirection: [www.google.com] @24-10-2021 01:55:00.0851 AM
[ReportManager] Initial URL: [data:,] @24-10-2021 01:55:00.0895 AM
[ReportManager] Browser Action [NavigateToURL] successfully performed. With the following test data [https://www.google.com/ncr]. @24-10-2021 01:55:01.0935 A

################################################################################################################################################
Starting Execution:	[25 out of 143] test cases in the current suite
Test Method:		[unitTests.tests_validations_assertions.assertElementAttribute_type_true_literalComparison_expectedToPass]
################################################################################################################################################
[ReportManager] Element Action [Type] successfully performed. With the following test data [Automation!@#$%^&*()_+{}[]\';/.,]. @24-10-2021 01:55:02.0418 AM
[ReportManager] Element Action [GetText] successfully performed. With the following test data [Automation!@#$%^&*()_+{}[]\';/.,]. @24-10-2021 01:55:02.0530 AM
[ReportManager] Loaded Shared OpenCV @24-10-2021 01:55:02.0699 AM
[ReportManager] Assertion [ValidateElementAttribute] PASSED. Expected [Value Should be 'Automation!@#$%^&*()_+{}[]\';/.,' for the 'text' attribute, element locator 'By.name: q'] and Actual [Automation!@#$%^&*()_+{}[]\';/.,]. Comparison Type [EQUALS]. Validation Type [POSITIVE]. @24-10-2021 01:55:02.0796 AM
[ReportManager] Successfully created attachment [Screenshot - 1635040502699_assertElementAttribute_type_true_literalComparison_expectedToPass_ValidateElementAttribute_passed] @24-10-2021 01:55:02.0798 A
[ReportManager] Browser Action [CloseCurrentWindow] successfully performed. @24-10-2021 01:55:02.0952 AM
[ReportManager] Successfully created attachment [Browser Action Test Data - CloseCurrentWindow - Actual Value] @24-10-2021 01:55:02.0953 A
[ReportManager] File Action [GetAbsolutePath] successfully performed. With the following test data [Relative Folder Path: "target/downloadedFiles/"]. @24-10-2021 01:55:02.0964 AM
[ReportManager] Attempting to run remotely on: [Linux-64], [GoogleChrome], [http://localhost:4444/wd/hub], Headless Execution. @24-10-2021 01:55:02.0965 AM
[ReportManager] Successfully Opened [GoogleChrome]. @24-10-2021 01:55:03.0195 AM
[ReportManager] Target URL: [https://www.google.com/ncr], and after redirection: [www.google.com] @24-10-2021 01:55:03.0210 AM
[ReportManager] Initial URL: [data:,] @24-10-2021 01:55:03.0267 AM
[ReportManager] Browser Action [NavigateToURL] successfully performed. With the following test data [https://www.google.com/ncr]. @24-10-2021 01:55:04.0233 A

################################################################################################################################################
Starting Execution:	[26 out of 143] test cases in the current suite
Test Method:		[unitTests.tests_validations_assertions.assertElementExists_false_expectedToFail]
################################################################################################################################################
[ReportManager] Assertion [ValidateElementExists] PASSED. Expected [Element Should not Exist, locator 'By.id: hplogo'] and Actual [Element Doesn't Exists]. Comparison Type [EQUALS]. Validation Type [NEGATIVE]. @24-10-2021 01:55:14.0675 AM
[ReportManager] Successfully created attachment [Screenshot - 1635040514595_assertElementExists_false_expectedToFail_ValidateElementExists_passed] @24-10-2021 01:55:14.0676 A
[ReportManager] Browser Action [CloseCurrentWindow] successfully performed. @24-10-2021 01:55:14.0809 AM
[ReportManager] Successfully created attachment [Browser Action Test Data - CloseCurrentWindow - Actual Value] @24-10-2021 01:55:14.0810 A
[ReportManager] File Action [GetAbsolutePath] successfully performed. With the following test data [Relative Folder Path: "target/downloadedFiles/"]. @24-10-2021 01:55:14.0812 AM
[ReportManager] Attempting to run remotely on: [Linux-64], [GoogleChrome], [http://localhost:4444/wd/hub], Headless Execution. @24-10-2021 01:55:14.0813 AM
[ReportManager] Successfully Opened [GoogleChrome]. @24-10-2021 01:55:15.0112 AM
[ReportManager] Target URL: [https://www.google.com/ncr], and after redirection: [www.google.com] @24-10-2021 01:55:15.0129 AM
[ReportManager] Initial URL: [data:,] @24-10-2021 01:55:15.0181 AM
[ReportManager] Browser Action [NavigateToURL] successfully performed. With the following test data [https://www.google.com/ncr]. @24-10-2021 01:55:16.0207 A

################################################################################################################################################
Starting Execution:	[27 out of 143] test cases in the current suite
Test Method:		[unitTests.tests_validations_assertions.assertElementExists_false_expectedToPass]
################################################################################################################################################
[ReportManager] Assertion [ValidateElementExists] PASSED. Expected [Element Should not Exist, locator 'By.id: fakeElement'] and Actual [Element Doesn't Exists]. Comparison Type [EQUALS]. Validation Type [NEGATIVE]. @24-10-2021 01:55:26.0646 AM
[ReportManager] Successfully created attachment [Screenshot - 1635040526577_assertElementExists_false_expectedToPass_ValidateElementExists_passed] @24-10-2021 01:55:26.0647 A
[ReportManager] Browser Action [CloseCurrentWindow] successfully performed. @24-10-2021 01:55:26.0778 AM
[ReportManager] Successfully created attachment [Browser Action Test Data - CloseCurrentWindow - Actual Value] @24-10-2021 01:55:26.0779 A
[ReportManager] File Action [GetAbsolutePath] successfully performed. With the following test data [Relative Folder Path: "target/downloadedFiles/"]. @24-10-2021 01:55:26.0782 AM
[ReportManager] Attempting to run remotely on: [Linux-64], [GoogleChrome], [http://localhost:4444/wd/hub], Headless Execution. @24-10-2021 01:55:26.0782 AM
[ReportManager] Successfully Opened [GoogleChrome]. @24-10-2021 01:55:27.0030 AM
[ReportManager] Target URL: [https://www.google.com/ncr], and after redirection: [www.google.com] @24-10-2021 01:55:27.0047 AM
[ReportManager] Initial URL: [data:,] @24-10-2021 01:55:27.0093 AM
[ReportManager] Browser Action [NavigateToURL] successfully performed. With the following test data [https://www.google.com/ncr]. @24-10-2021 01:55:28.0141 A

################################################################################################################################################
Starting Execution:	[28 out of 143] test cases in the current suite
Test Method:		[unitTests.tests_validations_assertions.assertElementExists_false_multipleElementsFound_expectedToFail]
################################################################################################################################################
[ReportManager] Assertion [ValidateElementExists] FAILED. Expected [Element Should not Exist, locator 'By.xpath: //div'] and Actual [Element Exists but is not unique]. Comparison Type [EQUALS]. Validation Type [NEGATIVE]. @24-10-2021 01:55:28.0405 AM
[ReportManager] Successfully created attachment [Screenshot - 1635040528328_assertElementExists_false_multipleElementsFound_expectedToFail_ValidateElementExists_failed] @24-10-2021 01:55:28.0406 A
[ReportManager] Browser Action [CloseCurrentWindow] successfully performed. @24-10-2021 01:55:28.0542 AM
[ReportManager] Successfully created attachment [Browser Action Test Data - CloseCurrentWindow - Actual Value] @24-10-2021 01:55:28.0548 A
[ReportManager] File Action [GetAbsolutePath] successfully performed. With the following test data [Relative Folder Path: "target/downloadedFiles/"]. @24-10-2021 01:55:28.0553 AM
[ReportManager] Attempting to run remotely on: [Linux-64], [GoogleChrome], [http://localhost:4444/wd/hub], Headless Execution. @24-10-2021 01:55:28.0553 AM
[ReportManager] Successfully Opened [GoogleChrome]. @24-10-2021 01:55:28.0805 AM
[ReportManager] Target URL: [https://www.google.com/ncr], and after redirection: [www.google.com] @24-10-2021 01:55:28.0822 AM
[ReportManager] Initial URL: [data:,] @24-10-2021 01:55:28.0881 AM
[ReportManager] Browser Action [NavigateToURL] successfully performed. With the following test data [https://www.google.com/ncr]. @24-10-2021 01:55:30.0210 A

################################################################################################################################################
Starting Execution:	[29 out of 143] test cases in the current suite
Test Method:		[unitTests.tests_validations_assertions.assertElementExists_true_expectedToFail]
################################################################################################################################################
[ReportManager] Assertion [ValidateElementExists] FAILED. Expected [Element Should Exist, locator 'By.id: fakeElement'] and Actual [Element Doesn't Exists]. Comparison Type [EQUALS]. Validation Type [POSITIVE]. @24-10-2021 01:56:01.0023 AM
[ReportManager] Successfully created attachment [Screenshot - 1635040560947_assertElementExists_true_expectedToFail_ValidateElementExists_failed] @24-10-2021 01:56:01.0025 A
[ReportManager] Browser Action [CloseCurrentWindow] successfully performed. @24-10-2021 01:56:01.0172 AM
[ReportManager] Successfully created attachment [Browser Action Test Data - CloseCurrentWindow - Actual Value] @24-10-2021 01:56:01.0173 A
[ReportManager] File Action [GetAbsolutePath] successfully performed. With the following test data [Relative Folder Path: "target/downloadedFiles/"]. @24-10-2021 01:56:01.0177 AM
[ReportManager] Attempting to run remotely on: [Linux-64], [GoogleChrome], [http://localhost:4444/wd/hub], Headless Execution. @24-10-2021 01:56:01.0177 AM
[ReportManager] Successfully Opened [GoogleChrome]. @24-10-2021 01:56:01.0414 AM
[ReportManager] Target URL: [https://www.google.com/ncr], and after redirection: [www.google.com] @24-10-2021 01:56:01.0428 AM
[ReportManager] Initial URL: [data:,] @24-10-2021 01:56:01.0488 AM
[ReportManager] Browser Action [NavigateToURL] successfully performed. With the following test data [https://www.google.com/ncr]. @24-10-2021 01:56:02.0544 A

################################################################################################################################################
Starting Execution:	[30 out of 143] test cases in the current suite
Test Method:		[unitTests.tests_validations_assertions.assertElementExists_true_expectedToPass]
################################################################################################################################################
[ReportManager] Loaded Shared OpenCV @24-10-2021 01:56:02.0766 AM
[ReportManager] Assertion [ValidateElementExists] PASSED. Expected [Element Should Exist, locator 'By.xpath: //*[@id='hplogo' or @alt='Google']'] and Actual [Element Exists]. Comparison Type [EQUALS]. Validation Type [POSITIVE]. @24-10-2021 01:56:02.0855 AM
[ReportManager] Successfully created attachment [Screenshot - 1635040562766_assertElementExists_true_expectedToPass_ValidateElementExists_passed] @24-10-2021 01:56:02.0856 A
[ReportManager] Browser Action [CloseCurrentWindow] successfully performed. @24-10-2021 01:56:02.0991 AM
[ReportManager] Successfully created attachment [Browser Action Test Data - CloseCurrentWindow - Actual Value] @24-10-2021 01:56:02.0991 A
[ReportManager] File Action [GetAbsolutePath] successfully performed. With the following test data [Relative Folder Path: "target/downloadedFiles/"]. @24-10-2021 01:56:02.0994 AM
[ReportManager] Attempting to run remotely on: [Linux-64], [GoogleChrome], [http://localhost:4444/wd/hub], Headless Execution. @24-10-2021 01:56:02.0994 AM
[ReportManager] Successfully Opened [GoogleChrome]. @24-10-2021 01:56:03.0227 AM
[ReportManager] Target URL: [https://www.google.com/ncr], and after redirection: [www.google.com] @24-10-2021 01:56:03.0239 AM
[ReportManager] Initial URL: [data:,] @24-10-2021 01:56:03.0287 AM
[ReportManager] Browser Action [NavigateToURL] successfully performed. With the following test data [https://www.google.com/ncr]. @24-10-2021 01:56:04.0327 A

################################################################################################################################################
Starting Execution:	[31 out of 143] test cases in the current suite
Test Method:		[unitTests.tests_validations_assertions.assertElementExists_true_multipleElementsFound_expectedToFail]
################################################################################################################################################
[ReportManager] Assertion [ValidateElementExists] FAILED. Expected [Element Should Exist, locator 'By.xpath: //div'] and Actual [Element Exists but is not unique]. Comparison Type [EQUALS]. Validation Type [POSITIVE]. @24-10-2021 01:56:04.0624 AM
[ReportManager] Successfully created attachment [Screenshot - 1635040564548_assertElementExists_true_multipleElementsFound_expectedToFail_ValidateElementExists_failed] @24-10-2021 01:56:04.0625 A
[ReportManager] Browser Action [CloseCurrentWindow] successfully performed. @24-10-2021 01:56:04.0762 AM
[ReportManager] Successfully created attachment [Browser Action Test Data - CloseCurrentWindow - Actual Value] @24-10-2021 01:56:04.0763 A

################################################################################################################################################
Starting Execution:	[32 out of 143] test cases in the current suite
Test Method:		[unitTests.tests_validations_assertions.assertEquals_false_expectedToFail]
################################################################################################################################################
[ReportManager] Assertion [ValidateEquals] FAILED. Expected [1] and Actual [1]. Comparison Type [EQUALS]. Validation Type [NEGATIVE]. @24-10-2021 01:56:04.0768 A

################################################################################################################################################
Starting Execution:	[33 out of 143] test cases in the current suite
Test Method:		[unitTests.tests_validations_assertions.assertEquals_false_expectedToPass]
################################################################################################################################################
[ReportManager] Assertion [ValidateEquals] PASSED. Expected [1] and Actual [2]. Comparison Type [EQUALS]. Validation Type [NEGATIVE]. @24-10-2021 01:56:04.0772 A

################################################################################################################################################
Starting Execution:	[34 out of 143] test cases in the current suite
Test Method:		[unitTests.tests_validations_assertions.assertEquals_longCharacters]
################################################################################################################################################
[ReportManager] Verification [ValidateEquals] PASSED. Expected and Actual values are attached. Comparison Type [EQUALS]. Validation Type [POSITIVE]. @24-10-2021 01:56:04.0777 AM
[ReportManager] Successfully created attachment [Validation Test Data - Expected Value] @24-10-2021 01:56:04.0778 AM
[ReportManager] Successfully created attachment [Validation Test Data - Actual Value] @24-10-2021 01:56:04.0778 AM
[ReportManager] Assertion [ValidateEquals] PASSED. Expected and Actual values are attached. Comparison Type [EQUALS]. Validation Type [POSITIVE]. @24-10-2021 01:56:04.0778 AM
[ReportManager] Successfully created attachment [Validation Test Data - Expected Value] @24-10-2021 01:56:04.0780 AM
[ReportManager] Successfully created attachment [Validation Test Data - Actual Value] @24-10-2021 01:56:04.0782 A

################################################################################################################################################
Starting Execution:	[35 out of 143] test cases in the current suite
Test Method:		[unitTests.tests_validations_assertions.assertEquals_longCharacters_Discreet]
################################################################################################################################################
[ReportManager] Assertion [ValidateEquals] PASSED. Expected [1LH5pROcDBjjQk0t0mCr0lXuzQu9lcGj28kY8R1H81X67eVAQJgWQhILiRWVPUgZ6uCtK5cnBkF55Jr9vYngjGO1Iyf0Mktv6lruDlL9T8MAUPcUZJGHZtji6nIeadujDSNmWMj5d6C8zlFqw0CRqBU0hO5adIasHgBSNoLotAjce3NGXoDwAlp3rYreeV16VIyZXROQY] and Actual [1LH5pROcDBjjQk0t0mCr0lXuzQu9lcGj28kY8R1H81X67eVAQJgWQhILiRWVPUgZ6uCtK5cnBkF55Jr9vYngjGO1Iyf0Mktv6lruDlL9T8MAUPcUZJGHZtji6nIeadujDSNmWMj5d6C8zlFqw0CRqBU0hO5adIasHgBSNoLotAjce3NGXoDwAlp3rYreeV16VIyZXROQY]. Comparison Type [EQUALS]. Validation Type [POSITIVE]. @24-10-2021 01:56:04.0786 A

################################################################################################################################################
Starting Execution:	[36 out of 143] test cases in the current suite
Test Method:		[unitTests.tests_validations_assertions.assertEquals_true_expectedToFail]
################################################################################################################################################
[ReportManager] Assertion [ValidateEquals] FAILED. Expected [1] and Actual [2]. Comparison Type [EQUALS]. Validation Type [POSITIVE]. @24-10-2021 01:56:04.0790 A

################################################################################################################################################
Starting Execution:	[37 out of 143] test cases in the current suite
Test Method:		[unitTests.tests_validations_assertions.assertEquals_true_expectedToPass]
Test Description:	[Assert that assertEquals works as expected when the two values are equal.]
################################################################################################################################################
[ReportManager] Verification [ValidateEquals] PASSED. Expected [1] and Actual [1]. Comparison Type [EQUALS]. Validation Type [POSITIVE]. @24-10-2021 01:56:04.0802 AM
[ReportManager] Assertion [ValidateEquals] PASSED. Expected [1] and Actual [1]. Comparison Type [EQUALS]. Validation Type [POSITIVE]. @24-10-2021 01:56:04.0802 A

################################################################################################################################################
Starting Execution:	[38 out of 143] test cases in the current suite
Test Method:		[unitTests.tests_validations_assertions.assertEquals_true_expectedToPass__]
################################################################################################################################################
[ReportManager] Assertion [ValidateEquals] PASSED. Expected [1] and Actual [1]. Comparison Type [EQUALS]. Validation Type [POSITIVE]. @24-10-2021 01:56:04.0813 A

################################################################################################################################################
Starting Execution:	[39 out of 143] test cases in the current suite
Test Method:		[unitTests.tests_validations_assertions.assertFileExists_false_expectedToFail]
################################################################################################################################################
[ReportManager] File Action [DoesFileExist] successfully performed. With the following test data [File Path: "src/main/java/com/shaft/gui/element/ElementActions.java"]. @24-10-2021 01:56:04.0818 AM
[ReportManager] Assertion [ValidateFileExists] FAILED. Expected [File 'src/main/java/com/shaft/gui/element/ElementActions.java' should not exist, after up to '1' retries] and Actual [File exists]. Validation Type [NEGATIVE]. @24-10-2021 01:56:04.0828 A

################################################################################################################################################
Starting Execution:	[40 out of 143] test cases in the current suite
Test Method:		[unitTests.tests_validations_assertions.assertFileExists_false_expectedToPass]
################################################################################################################################################
[ReportManager] File Action [DoesFileExist] successfully performed. With the following test data [File Path: "src/main/java/com/shaft/gui/element/ElementActions.java_fail"]. @24-10-2021 01:56:05.0333 AM
[ReportManager] Assertion [ValidateFileExists] PASSED. Expected [File 'src/main/java/com/shaft/gui/element/ElementActions.java_fail' should not exist, after up to '1' retries] and Actual [File does not exist]. Validation Type [NEGATIVE]. @24-10-2021 01:56:05.0333 A

################################################################################################################################################
Starting Execution:	[41 out of 143] test cases in the current suite
Test Method:		[unitTests.tests_validations_assertions.assertFileExists_true_expectedToFail]
################################################################################################################################################
[ReportManager] File Action [DoesFileExist] successfully performed. With the following test data [File Path: "src/main/java/com/shaft/gui/element/ElementActions.java_fail"]. @24-10-2021 01:56:05.0838 AM
[ReportManager] Assertion [ValidateFileExists] FAILED. Expected [File 'src/main/java/com/shaft/gui/element/ElementActions.java_fail' should exist, after up to '1' retries] and Actual [File does not exist]. Validation Type [POSITIVE]. @24-10-2021 01:56:05.0839 A

################################################################################################################################################
Starting Execution:	[42 out of 143] test cases in the current suite
Test Method:		[unitTests.tests_validations_assertions.assertFileExists_true_expectedToPass]
################################################################################################################################################
[ReportManager] File Action [DoesFileExist] successfully performed. With the following test data [File Path: "src/main/java/com/shaft/gui/element/ElementActions.java"]. @24-10-2021 01:56:05.0844 AM
[ReportManager] Assertion [ValidateFileExists] PASSED. Expected [File 'src/main/java/com/shaft/gui/element/ElementActions.java' should exist, after up to '1' retries] and Actual [File exists]. Validation Type [POSITIVE]. @24-10-2021 01:56:05.0844 A

################################################################################################################################################
Starting Execution:	[43 out of 143] test cases in the current suite
Test Method:		[unitTests.tests_validations_assertions.assertNull_false_expectedToFail]
################################################################################################################################################
[ReportManager] Assertion [ValidateNull] FAILED. Expected [NULL] and Actual [NULL]. Comparison Type [EQUALS]. Validation Type [NEGATIVE]. @24-10-2021 01:56:05.0852 A

################################################################################################################################################
Starting Execution:	[44 out of 143] test cases in the current suite
Test Method:		[unitTests.tests_validations_assertions.assertNull_false_expectedToPass]
################################################################################################################################################
[ReportManager] Assertion [ValidateNull] PASSED. Expected [NULL] and Actual [1]. Comparison Type [EQUALS]. Validation Type [NEGATIVE]. @24-10-2021 01:56:05.0856 A

################################################################################################################################################
Starting Execution:	[45 out of 143] test cases in the current suite
Test Method:		[unitTests.tests_validations_assertions.assertNull_true_expectedToFail]
################################################################################################################################################
[ReportManager] Assertion [ValidateNull] FAILED. Expected [NULL] and Actual [1]. Comparison Type [EQUALS]. Validation Type [POSITIVE]. @24-10-2021 01:56:05.0862 A

################################################################################################################################################
Starting Execution:	[46 out of 143] test cases in the current suite
Test Method:		[unitTests.tests_validations_assertions.assertNull_true_expectedToPass]
################################################################################################################################################
[ReportManager] Assertion [ValidateNull] PASSED. Expected [NULL] and Actual [NULL]. Comparison Type [EQUALS]. Validation Type [POSITIVE]. @24-10-2021 01:56:05.0866 A

################################################################################################################################################
Starting Execution:	[47 out of 143] test cases in the current suite
Test Method:		[unitTests.tests_restActions.getPostsAndAssertBodyForSpecificTitle]
################################################################################################################################################
[ReportManager] Response status code: [200], status line: [HTTP/1.1 200 OK] @24-10-2021 01:56:08.0484 AM
[ReportManager] Assertion Passed: Evaluating the actual response status code against the expected one... @24-10-2021 01:56:08.0485 AM
[ReportManager] Assertion [ValidateEquals] PASSED. Expected [200] and Actual [200]. Comparison Type [EQUALS]. Validation Type [POSITIVE]. @24-10-2021 01:56:08.0485 AM
[ReportManager] API Action [PerformRequest] successfully performed. With the following test data [Request Type: "GET" | Target Status Code: "200" | Service URL: "https://jsonplaceholder.typicode.com/posts" | Content Type: "*/*" | Response Time: "983ms"]. @24-10-2021 01:56:09.0705 AM
[ReportManager] Successfully created attachment [API Request - Specifications] @24-10-2021 01:56:09.0708 AM
[ReportManager] Successfully created attachment [API Response - JSON Body] @24-10-2021 01:56:09.0979 AM
[ReportManager] API Action [GetResponseJSONValueAsList] successfully performed. @24-10-2021 01:56:10.0026 AM
[ReportManager] API Action [GetResponseJSONValue] successfully performed. With the following test data [title]. @24-10-2021 01:56:10.0058 AM
[ReportManager] API Action [GetResponseJSONValue] successfully performed. With the following test data [title]. @24-10-2021 01:56:10.0083 AM
[ReportManager] API Action [GetResponseJSONValue] successfully performed. With the following test data [body]. @24-10-2021 01:56:10.0110 AM
[ReportManager] Assertion [ValidateEquals] PASSED. Expected [qui neque nisi nulla] and Actual [est rerum tempore vitae
sequi sint nihil reprehenderit dolor beatae ea dolores neque
fugiat blanditiis voluptate porro vel nihil molestiae ut reiciendis
qui aperiam non debitis possimus qui neque nisi nulla]. Comparison Type [CONTAINS]. Validation Type [POSITIVE]. @24-10-2021 01:56:10.0111 AM
[ReportManager] API Action [GetResponseJSONValue] successfully performed. With the following test data [title]. @24-10-2021 01:56:10.0128 AM
[ReportManager] API Action [GetResponseJSONValue] successfully performed. With the following test data [title]. @24-10-2021 01:56:10.0145 AM
[ReportManager] API Action [GetResponseJSONValue] successfully performed. With the following test data [title]. @24-10-2021 01:56:10.0165 AM
[ReportManager] API Action [GetResponseJSONValue] successfully performed. With the following test data [title]. @24-10-2021 01:56:10.0184 AM
[ReportManager] API Action [GetResponseJSONValue] successfully performed. With the following test data [title]. @24-10-2021 01:56:10.0204 AM
[ReportManager] API Action [GetResponseJSONValue] successfully performed. With the following test data [title]. @24-10-2021 01:56:10.0235 AM
[ReportManager] API Action [GetResponseJSONValue] successfully performed. With the following test data [title]. @24-10-2021 01:56:10.0250 AM
[ReportManager] API Action [GetResponseJSONValue] successfully performed. With the following test data [title]. @24-10-2021 01:56:10.0265 AM
[ReportManager] API Action [GetResponseJSONValue] successfully performed. With the following test data [title]. @24-10-2021 01:56:10.0279 AM
[ReportManager] API Action [GetResponseJSONValue] successfully performed. With the following test data [title]. @24-10-2021 01:56:10.0294 AM
[ReportManager] API Action [GetResponseJSONValue] successfully performed. With the following test data [title]. @24-10-2021 01:56:10.0309 AM
[ReportManager] API Action [GetResponseJSONValue] successfully performed. With the following test data [title]. @24-10-2021 01:56:10.0324 AM
[ReportManager] API Action [GetResponseJSONValue] successfully performed. With the following test data [title]. @24-10-2021 01:56:10.0339 AM
[ReportManager] API Action [GetResponseJSONValue] successfully performed. With the following test data [title]. @24-10-2021 01:56:10.0356 AM
[ReportManager] API Action [GetResponseJSONValue] successfully performed. With the following test data [title]. @24-10-2021 01:56:10.0371 AM
[ReportManager] API Action [GetResponseJSONValue] successfully performed. With the following test data [title]. @24-10-2021 01:56:10.0386 AM
[ReportManager] API Action [GetResponseJSONValue] successfully performed. With the following test data [title]. @24-10-2021 01:56:10.0401 AM
[ReportManager] API Action [GetResponseJSONValue] successfully performed. With the following test data [title]. @24-10-2021 01:56:10.0416 AM
[ReportManager] API Action [GetResponseJSONValue] successfully performed. With the following test data [title]. @24-10-2021 01:56:10.0429 AM
[ReportManager] API Action [GetResponseJSONValue] successfully performed. With the following test data [title]. @24-10-2021 01:56:10.0442 AM
[ReportManager] API Action [GetResponseJSONValue] successfully performed. With the following test data [title]. @24-10-2021 01:56:10.0455 AM
[ReportManager] API Action [GetResponseJSONValue] successfully performed. With the following test data [title]. @24-10-2021 01:56:10.0467 AM
[ReportManager] API Action [GetResponseJSONValue] successfully performed. With the following test data [title]. @24-10-2021 01:56:10.0480 AM
[ReportManager] API Action [GetResponseJSONValue] successfully performed. With the following test data [title]. @24-10-2021 01:56:10.0494 AM
[ReportManager] API Action [GetResponseJSONValue] successfully performed. With the following test data [title]. @24-10-2021 01:56:10.0509 AM
[ReportManager] API Action [GetResponseJSONValue] successfully performed. With the following test data [title]. @24-10-2021 01:56:10.0523 AM
[ReportManager] API Action [GetResponseJSONValue] successfully performed. With the following test data [title]. @24-10-2021 01:56:10.0537 AM
[ReportManager] API Action [GetResponseJSONValue] successfully performed. With the following test data [title]. @24-10-2021 01:56:10.0551 AM
[ReportManager] API Action [GetResponseJSONValue] successfully performed. With the following test data [title]. @24-10-2021 01:56:10.0566 AM
[ReportManager] API Action [GetResponseJSONValue] successfully performed. With the following test data [title]. @24-10-2021 01:56:10.0580 AM
[ReportManager] API Action [GetResponseJSONValue] successfully performed. With the following test data [title]. @24-10-2021 01:56:10.0593 AM
[ReportManager] API Action [GetResponseJSONValue] successfully performed. With the following test data [title]. @24-10-2021 01:56:10.0607 AM
[ReportManager] API Action [GetResponseJSONValue] successfully performed. With the following test data [title]. @24-10-2021 01:56:10.0622 AM
[ReportManager] API Action [GetResponseJSONValue] successfully performed. With the following test data [title]. @24-10-2021 01:56:10.0642 AM
[ReportManager] API Action [GetResponseJSONValue] successfully performed. With the following test data [title]. @24-10-2021 01:56:10.0655 AM
[ReportManager] API Action [GetResponseJSONValue] successfully performed. With the following test data [title]. @24-10-2021 01:56:10.0668 AM
[ReportManager] API Action [GetResponseJSONValue] successfully performed. With the following test data [title]. @24-10-2021 01:56:10.0683 AM
[ReportManager] API Action [GetResponseJSONValue] successfully performed. With the following test data [title]. @24-10-2021 01:56:10.0694 AM
[ReportManager] API Action [GetResponseJSONValue] successfully performed. With the following test data [title]. @24-10-2021 01:56:10.0707 AM
[ReportManager] API Action [GetResponseJSONValue] successfully performed. With the following test data [title]. @24-10-2021 01:56:10.0718 AM
[ReportManager] API Action [GetResponseJSONValue] successfully performed. With the following test data [title]. @24-10-2021 01:56:10.0730 AM
[ReportManager] API Action [GetResponseJSONValue] successfully performed. With the following test data [title]. @24-10-2021 01:56:10.0742 AM
[ReportManager] API Action [GetResponseJSONValue] successfully performed. With the following test data [title]. @24-10-2021 01:56:10.0753 AM
[ReportManager] API Action [GetResponseJSONValue] successfully performed. With the following test data [title]. @24-10-2021 01:56:10.0766 AM
[ReportManager] API Action [GetResponseJSONValue] successfully performed. With the following test data [title]. @24-10-2021 01:56:10.0778 AM
[ReportManager] API Action [GetResponseJSONValue] successfully performed. With the following test data [title]. @24-10-2021 01:56:10.0790 AM
[ReportManager] API Action [GetResponseJSONValue] successfully performed. With the following test data [title]. @24-10-2021 01:56:10.0801 AM
[ReportManager] API Action [GetResponseJSONValue] successfully performed. With the following test data [title]. @24-10-2021 01:56:10.0813 AM
[ReportManager] API Action [GetResponseJSONValue] successfully performed. With the following test data [title]. @24-10-2021 01:56:10.0825 AM
[ReportManager] API Action [GetResponseJSONValue] successfully performed. With the following test data [title]. @24-10-2021 01:56:10.0837 AM
[ReportManager] API Action [GetResponseJSONValue] successfully performed. With the following test data [title]. @24-10-2021 01:56:10.0849 AM
[ReportManager] API Action [GetResponseJSONValue] successfully performed. With the following test data [title]. @24-10-2021 01:56:10.0861 AM
[ReportManager] API Action [GetResponseJSONValue] successfully performed. With the following test data [title]. @24-10-2021 01:56:10.0875 AM
[ReportManager] API Action [GetResponseJSONValue] successfully performed. With the following test data [title]. @24-10-2021 01:56:10.0888 AM
[ReportManager] API Action [GetResponseJSONValue] successfully performed. With the following test data [title]. @24-10-2021 01:56:10.0904 AM
[ReportManager] API Action [GetResponseJSONValue] successfully performed. With the following test data [title]. @24-10-2021 01:56:10.0921 AM
[ReportManager] API Action [GetResponseJSONValue] successfully performed. With the following test data [title]. @24-10-2021 01:56:10.0936 AM
[ReportManager] API Action [GetResponseJSONValue] successfully performed. With the following test data [title]. @24-10-2021 01:56:10.0951 AM
[ReportManager] API Action [GetResponseJSONValue] successfully performed. With the following test data [title]. @24-10-2021 01:56:10.0972 AM
[ReportManager] API Action [GetResponseJSONValue] successfully performed. With the following test data [title]. @24-10-2021 01:56:11.0041 AM
[ReportManager] API Action [GetResponseJSONValue] successfully performed. With the following test data [title]. @24-10-2021 01:56:11.0066 AM
[ReportManager] API Action [GetResponseJSONValue] successfully performed. With the following test data [title]. @24-10-2021 01:56:11.0078 AM
[ReportManager] API Action [GetResponseJSONValue] successfully performed. With the following test data [title]. @24-10-2021 01:56:11.0092 AM
[ReportManager] API Action [GetResponseJSONValue] successfully performed. With the following test data [title]. @24-10-2021 01:56:11.0105 AM
[ReportManager] API Action [GetResponseJSONValue] successfully performed. With the following test data [title]. @24-10-2021 01:56:11.0118 AM
[ReportManager] API Action [GetResponseJSONValue] successfully performed. With the following test data [title]. @24-10-2021 01:56:11.0130 AM
[ReportManager] API Action [GetResponseJSONValue] successfully performed. With the following test data [title]. @24-10-2021 01:56:11.0147 AM
[ReportManager] API Action [GetResponseJSONValue] successfully performed. With the following test data [title]. @24-10-2021 01:56:11.0160 AM
[ReportManager] API Action [GetResponseJSONValue] successfully performed. With the following test data [title]. @24-10-2021 01:56:11.0174 AM
[ReportManager] API Action [GetResponseJSONValue] successfully performed. With the following test data [title]. @24-10-2021 01:56:11.0191 AM
[ReportManager] API Action [GetResponseJSONValue] successfully performed. With the following test data [title]. @24-10-2021 01:56:11.0207 AM
[ReportManager] API Action [GetResponseJSONValue] successfully performed. With the following test data [title]. @24-10-2021 01:56:11.0225 AM
[ReportManager] API Action [GetResponseJSONValue] successfully performed. With the following test data [title]. @24-10-2021 01:56:11.0252 AM
[ReportManager] API Action [GetResponseJSONValue] successfully performed. With the following test data [title]. @24-10-2021 01:56:11.0265 AM
[ReportManager] API Action [GetResponseJSONValue] successfully performed. With the following test data [title]. @24-10-2021 01:56:11.0290 AM
[ReportManager] API Action [GetResponseJSONValue] successfully performed. With the following test data [title]. @24-10-2021 01:56:11.0315 AM
[ReportManager] API Action [GetResponseJSONValue] successfully performed. With the following test data [title]. @24-10-2021 01:56:11.0371 AM
[ReportManager] API Action [GetResponseJSONValue] successfully performed. With the following test data [title]. @24-10-2021 01:56:11.0384 AM
[ReportManager] API Action [GetResponseJSONValue] successfully performed. With the following test data [title]. @24-10-2021 01:56:11.0394 AM
[ReportManager] API Action [GetResponseJSONValue] successfully performed. With the following test data [title]. @24-10-2021 01:56:11.0404 AM
[ReportManager] API Action [GetResponseJSONValue] successfully performed. With the following test data [title]. @24-10-2021 01:56:11.0414 AM
[ReportManager] API Action [GetResponseJSONValue] successfully performed. With the following test data [title]. @24-10-2021 01:56:11.0424 AM
[ReportManager] API Action [GetResponseJSONValue] successfully performed. With the following test data [title]. @24-10-2021 01:56:11.0435 AM
[ReportManager] API Action [GetResponseJSONValue] successfully performed. With the following test data [title]. @24-10-2021 01:56:11.0444 AM
[ReportManager] API Action [GetResponseJSONValue] successfully performed. With the following test data [title]. @24-10-2021 01:56:11.0454 AM
[ReportManager] API Action [GetResponseJSONValue] successfully performed. With the following test data [title]. @24-10-2021 01:56:11.0464 AM
[ReportManager] API Action [GetResponseJSONValue] successfully performed. With the following test data [title]. @24-10-2021 01:56:11.0473 AM
[ReportManager] API Action [GetResponseJSONValue] successfully performed. With the following test data [title]. @24-10-2021 01:56:11.0482 AM
[ReportManager] API Action [GetResponseJSONValue] successfully performed. With the following test data [title]. @24-10-2021 01:56:11.0493 AM
[ReportManager] API Action [GetResponseJSONValue] successfully performed. With the following test data [title]. @24-10-2021 01:56:11.0502 AM
[ReportManager] API Action [GetResponseJSONValue] successfully performed. With the following test data [title]. @24-10-2021 01:56:11.0512 AM
[ReportManager] API Action [GetResponseJSONValue] successfully performed. With the following test data [title]. @24-10-2021 01:56:11.0521 AM
[ReportManager] API Action [GetResponseJSONValue] successfully performed. With the following test data [title]. @24-10-2021 01:56:11.0530 AM
[ReportManager] API Action [GetResponseJSONValue] successfully performed. With the following test data [title]. @24-10-2021 01:56:11.0540 AM
[ReportManager] API Action [GetResponseJSONValue] successfully performed. With the following test data [title]. @24-10-2021 01:56:11.0549 AM
[ReportManager] API Action [GetResponseJSONValue] successfully performed. With the following test data [title]. @24-10-2021 01:56:11.0558 AM
[ReportManager] API Action [GetResponseJSONValue] successfully performed. With the following test data [title]. @24-10-2021 01:56:11.0567 AM
[ReportManager] API Action [GetResponseJSONValue] successfully performed. With the following test data [title]. @24-10-2021 01:56:11.0577 A

################################################################################################################################################
Starting Execution:	[48 out of 143] test cases in the current suite
Test Method:		[unitTests.tests_restActions.validateUserEmail]
################################################################################################################################################
[ReportManager] Response status code: [200], status line: [HTTP/1.1 200 OK] @24-10-2021 01:56:11.0669 AM
[ReportManager] Assertion Passed: Evaluating the actual response status code against the expected one... @24-10-2021 01:56:11.0670 AM
[ReportManager] Assertion [ValidateEquals] PASSED. Expected [200] and Actual [200]. Comparison Type [EQUALS]. Validation Type [POSITIVE]. @24-10-2021 01:56:11.0670 AM
[ReportManager] API Action [PerformRequest] successfully performed. With the following test data [Request Type: "GET" | Target Status Code: "200" | Service URL: "https://jsonplaceholder.typicode.com/users" | Content Type: "*/*" | Response Time: "84ms"]. @24-10-2021 01:56:11.0697 AM
[ReportManager] Successfully created attachment [API Request - Specifications] @24-10-2021 01:56:11.0698 AM
[ReportManager] Successfully created attachment [API Response - JSON Body] @24-10-2021 01:56:11.0699 AM
[ReportManager] Assertion [ValidateEquals] PASSED. Expected and Actual values are attached. Comparison Type [CONTAINS]. Validation Type [POSITIVE]. @24-10-2021 01:56:11.0699 AM
[ReportManager] Successfully created attachment [Validation Test Data - Expected Value] @24-10-2021 01:56:11.0699 AM
[ReportManager] Successfully created attachment [Validation Test Data - Actual Value] @24-10-2021 01:56:11.0699 AM
[ReportManager] API Action [GetResponseJSONValueAsList] successfully performed. With the following test data [$]. @24-10-2021 01:56:11.0704 AM
[ReportManager] API Action [GetResponseJSONValue] successfully performed. With the following test data [name]. @24-10-2021 01:56:11.0715 AM
[ReportManager] API Action [GetResponseJSONValue] successfully performed. With the following test data [email]. @24-10-2021 01:56:11.0725 AM
[ReportManager] Assertion [ValidateEquals] PASSED. Expected [Sincere@april.biz] and Actual [Sincere@april.biz]. Comparison Type [EQUALS]. Validation Type [POSITIVE]. @24-10-2021 01:56:11.0725 AM
[ReportManager] API Action [GetResponseJSONValue] successfully performed. With the following test data [name]. @24-10-2021 01:56:11.0735 AM
[ReportManager] API Action [GetResponseJSONValue] successfully performed. With the following test data [name]. @24-10-2021 01:56:11.0745 AM
[ReportManager] API Action [GetResponseJSONValue] successfully performed. With the following test data [name]. @24-10-2021 01:56:11.0756 AM
[ReportManager] API Action [GetResponseJSONValue] successfully performed. With the following test data [name]. @24-10-2021 01:56:11.0766 AM
[ReportManager] API Action [GetResponseJSONValue] successfully performed. With the following test data [name]. @24-10-2021 01:56:11.0776 AM
[ReportManager] API Action [GetResponseJSONValue] successfully performed. With the following test data [name]. @24-10-2021 01:56:11.0785 AM
[ReportManager] API Action [GetResponseJSONValue] successfully performed. With the following test data [name]. @24-10-2021 01:56:11.0795 AM
[ReportManager] API Action [GetResponseJSONValue] successfully performed. With the following test data [name]. @24-10-2021 01:56:11.0805 AM
[ReportManager] API Action [GetResponseJSONValue] successfully performed. With the following test data [name]. @24-10-2021 01:56:11.0815 A
[ReportManager] File Action [GetAbsolutePath] successfully performed. With the following test data [Relative Folder Path: "target/downloadedFiles/"]. @24-10-2021 01:56:11.0826 AM
[ReportManager] Attempting to run remotely on: [Linux-64], [GoogleChrome], [http://localhost:4444/wd/hub], Headless Execution. @24-10-2021 01:56:11.0826 AM
[ReportManager] Successfully Opened [GoogleChrome]. @24-10-2021 01:56:12.0153 AM
[ReportManager] Target URL: [https://duckduckgo.com] @24-10-2021 01:56:12.0169 AM
[ReportManager] Initial URL: [data:,] @24-10-2021 01:56:12.0223 AM
[ReportManager] Browser Action [NavigateToURL] successfully performed. With the following test data [https://duckduckgo.com]. @24-10-2021 01:56:13.0206 A

################################################################################################################################################
Starting Execution:	[49 out of 143] test cases in the current suite
Test Method:		[unitTests.tests_browserActions.fullScreenWindow]
################################################################################################################################################
[ReportManager] Initial Windows Size: 800x600 @24-10-2021 01:56:13.0219 AM
[ReportManager] Initial window size: (800, 600) @24-10-2021 01:56:13.0222 AM
[ReportManager] Window size after Toolkit: (1920, 1080) @24-10-2021 01:56:13.0443 AM
[ReportManager] Browser Action [MaximizeWindow] successfully performed. With the following test data [New screen size is now: (1920, 1080)]. @24-10-2021 01:56:13.0448 AM
[ReportManager] Current Windows Size after fullScreen: 1920x1080 @24-10-2021 01:56:13.0453 AM
[ReportManager] Browser Action [FullScreenWindow] successfully performed. @24-10-2021 01:56:13.0479 AM
[ReportManager] Successfully created attachment [Browser Action Test Data - FullScreenWindow - Actual Value] @24-10-2021 01:56:13.0483 A
[ReportManager] Target URL: [https://duckduckgo.com] @24-10-2021 01:56:13.0496 AM
[ReportManager] Initial URL: [https://duckduckgo.com] @24-10-2021 01:56:13.0579 AM
[ReportManager] Browser Action [NavigateToURL] successfully performed. With the following test data [https://duckduckgo.com]. @24-10-2021 01:56:14.0021 AM
[ReportManager] Browser Action [CloseCurrentWindow] successfully performed. @24-10-2021 01:56:14.0143 AM
[ReportManager] Successfully created attachment [Browser Action Test Data - CloseCurrentWindow - Actual Value] @24-10-2021 01:56:14.0145 A
[ReportManager] File Action [GetAbsolutePath] successfully performed. With the following test data [Relative Folder Path: "target/downloadedFiles/"]. @24-10-2021 01:56:14.0148 AM
[ReportManager] Attempting to run remotely on: [Linux-64], [GoogleChrome], [http://localhost:4444/wd/hub], Headless Execution. @24-10-2021 01:56:14.0148 AM
[ReportManager] Successfully Opened [GoogleChrome]. @24-10-2021 01:56:14.0369 AM
[ReportManager] Target URL: [https://duckduckgo.com] @24-10-2021 01:56:14.0391 AM
[ReportManager] Initial URL: [data:,] @24-10-2021 01:56:14.0441 AM
[ReportManager] Browser Action [NavigateToURL] successfully performed. With the following test data [https://duckduckgo.com]. @24-10-2021 01:56:15.0228 A

################################################################################################################################################
Starting Execution:	[50 out of 143] test cases in the current suite
Test Method:		[unitTests.tests_browserActions.getCurrentURL]
################################################################################################################################################
[ReportManager] Browser Action [GetCurrentURL] successfully performed. With the following test data [https://duckduckgo.com/]. @24-10-2021 01:56:15.0280 A
[ReportManager] Target URL: [https://duckduckgo.com] @24-10-2021 01:56:15.0284 AM
[ReportManager] Initial URL: [https://duckduckgo.com] @24-10-2021 01:56:15.0354 AM
[ReportManager] Browser Action [NavigateToURL] successfully performed. With the following test data [https://duckduckgo.com]. @24-10-2021 01:56:15.0736 AM
[ReportManager] Browser Action [CloseCurrentWindow] successfully performed. @24-10-2021 01:56:15.0845 AM
[ReportManager] Successfully created attachment [Browser Action Test Data - CloseCurrentWindow - Actual Value] @24-10-2021 01:56:15.0846 A
[ReportManager] File Action [GetAbsolutePath] successfully performed. With the following test data [Relative Folder Path: "target/downloadedFiles/"]. @24-10-2021 01:56:15.0848 AM
[ReportManager] Attempting to run remotely on: [Linux-64], [GoogleChrome], [http://localhost:4444/wd/hub], Headless Execution. @24-10-2021 01:56:15.0849 AM
[ReportManager] Successfully Opened [GoogleChrome]. @24-10-2021 01:56:16.0102 AM
[ReportManager] Target URL: [https://duckduckgo.com] @24-10-2021 01:56:16.0133 AM
[ReportManager] Initial URL: [data:,] @24-10-2021 01:56:16.0187 AM
[ReportManager] Browser Action [NavigateToURL] successfully performed. With the following test data [https://duckduckgo.com]. @24-10-2021 01:56:16.0978 A

################################################################################################################################################
Starting Execution:	[51 out of 143] test cases in the current suite
Test Method:		[unitTests.tests_browserActions.getCurrentWindowTitle]
################################################################################################################################################
[ReportManager] Browser Action [GetCurrentWindowTitle] successfully performed. With the following test data [DuckDuckGo  Privacy, simplified.]. @24-10-2021 01:56:17.0035 A
[ReportManager] Target URL: [https://duckduckgo.com] @24-10-2021 01:56:17.0046 AM
[ReportManager] Initial URL: [https://duckduckgo.com] @24-10-2021 01:56:17.0117 AM
[ReportManager] Browser Action [NavigateToURL] successfully performed. With the following test data [https://duckduckgo.com]. @24-10-2021 01:56:17.0509 AM
[ReportManager] Browser Action [CloseCurrentWindow] successfully performed. @24-10-2021 01:56:17.0617 AM
[ReportManager] Successfully created attachment [Browser Action Test Data - CloseCurrentWindow - Actual Value] @24-10-2021 01:56:17.0618 A
[ReportManager] File Action [GetAbsolutePath] successfully performed. With the following test data [Relative Folder Path: "target/downloadedFiles/"]. @24-10-2021 01:56:17.0620 AM
[ReportManager] Attempting to run remotely on: [Linux-64], [GoogleChrome], [http://localhost:4444/wd/hub], Headless Execution. @24-10-2021 01:56:17.0621 AM
[ReportManager] Successfully Opened [GoogleChrome]. @24-10-2021 01:56:17.0866 AM
[ReportManager] Target URL: [https://duckduckgo.com] @24-10-2021 01:56:17.0879 AM
[ReportManager] Initial URL: [data:,] @24-10-2021 01:56:17.0921 AM
[ReportManager] Browser Action [NavigateToURL] successfully performed. With the following test data [https://duckduckgo.com]. @24-10-2021 01:56:18.0716 A

################################################################################################################################################
Starting Execution:	[52 out of 143] test cases in the current suite
Test Method:		[unitTests.tests_browserActions.getPageSource]
################################################################################################################################################
[ReportManager] Browser Action [GetPageSource] successfully performed. @24-10-2021 01:56:18.0785 AM
[ReportManager] Successfully created attachment [Browser Action Test Data - GetPageSource - Actual Value] @24-10-2021 01:56:18.0786 A
[ReportManager] Target URL: [https://duckduckgo.com] @24-10-2021 01:56:18.0789 AM
[ReportManager] Initial URL: [https://duckduckgo.com] @24-10-2021 01:56:18.0856 AM
[ReportManager] Browser Action [NavigateToURL] successfully performed. With the following test data [https://duckduckgo.com]. @24-10-2021 01:56:19.0260 AM
[ReportManager] Browser Action [CloseCurrentWindow] successfully performed. @24-10-2021 01:56:19.0387 AM
[ReportManager] Successfully created attachment [Browser Action Test Data - CloseCurrentWindow - Actual Value] @24-10-2021 01:56:19.0387 A
[ReportManager] File Action [GetAbsolutePath] successfully performed. With the following test data [Relative Folder Path: "target/downloadedFiles/"]. @24-10-2021 01:56:19.0390 AM
[ReportManager] Attempting to run remotely on: [Linux-64], [GoogleChrome], [http://localhost:4444/wd/hub], Headless Execution. @24-10-2021 01:56:19.0390 AM
[ReportManager] Successfully Opened [GoogleChrome]. @24-10-2021 01:56:19.0651 AM
[ReportManager] Target URL: [https://duckduckgo.com] @24-10-2021 01:56:19.0664 AM
[ReportManager] Initial URL: [data:,] @24-10-2021 01:56:19.0716 AM
[ReportManager] Browser Action [NavigateToURL] successfully performed. With the following test data [https://duckduckgo.com]. @24-10-2021 01:56:20.0425 A

################################################################################################################################################
Starting Execution:	[53 out of 143] test cases in the current suite
Test Method:		[unitTests.tests_browserActions.getWindowHandle]
################################################################################################################################################
[ReportManager] Browser Action [GetWindowHandle] successfully performed. With the following test data [CDwindow-B127B9EBAACF04E4436EEFC36B4F9220]. @24-10-2021 01:56:20.0464 A
[ReportManager] Target URL: [https://duckduckgo.com] @24-10-2021 01:56:20.0466 AM
[ReportManager] Initial URL: [https://duckduckgo.com] @24-10-2021 01:56:20.0541 AM
[ReportManager] Browser Action [NavigateToURL] successfully performed. With the following test data [https://duckduckgo.com]. @24-10-2021 01:56:20.0930 AM
[ReportManager] Browser Action [CloseCurrentWindow] successfully performed. @24-10-2021 01:56:21.0039 AM
[ReportManager] Successfully created attachment [Browser Action Test Data - CloseCurrentWindow - Actual Value] @24-10-2021 01:56:21.0040 A
[ReportManager] File Action [GetAbsolutePath] successfully performed. With the following test data [Relative Folder Path: "target/downloadedFiles/"]. @24-10-2021 01:56:21.0042 AM
[ReportManager] Attempting to run remotely on: [Linux-64], [GoogleChrome], [http://localhost:4444/wd/hub], Headless Execution. @24-10-2021 01:56:21.0043 AM
[ReportManager] Successfully Opened [GoogleChrome]. @24-10-2021 01:56:21.0289 AM
[ReportManager] Target URL: [https://duckduckgo.com] @24-10-2021 01:56:21.0300 AM
[ReportManager] Initial URL: [data:,] @24-10-2021 01:56:21.0358 AM
[ReportManager] Browser Action [NavigateToURL] successfully performed. With the following test data [https://duckduckgo.com]. @24-10-2021 01:56:22.0205 A

################################################################################################################################################
Starting Execution:	[54 out of 143] test cases in the current suite
Test Method:		[unitTests.tests_browserActions.getWindowPosition]
################################################################################################################################################
[ReportManager] Browser Action [GetWindowPosition] successfully performed. With the following test data [(0, 0)]. @24-10-2021 01:56:22.0255 A
[ReportManager] Target URL: [https://duckduckgo.com] @24-10-2021 01:56:22.0257 AM
[ReportManager] Initial URL: [https://duckduckgo.com] @24-10-2021 01:56:22.0311 AM
[ReportManager] Browser Action [NavigateToURL] successfully performed. With the following test data [https://duckduckgo.com]. @24-10-2021 01:56:22.0718 AM
[ReportManager] Browser Action [CloseCurrentWindow] successfully performed. @24-10-2021 01:56:22.0820 AM
[ReportManager] Successfully created attachment [Browser Action Test Data - CloseCurrentWindow - Actual Value] @24-10-2021 01:56:22.0821 A
[ReportManager] File Action [GetAbsolutePath] successfully performed. With the following test data [Relative Folder Path: "target/downloadedFiles/"]. @24-10-2021 01:56:22.0823 AM
[ReportManager] Attempting to run remotely on: [Linux-64], [GoogleChrome], [http://localhost:4444/wd/hub], Headless Execution. @24-10-2021 01:56:22.0823 AM
[ReportManager] Successfully Opened [GoogleChrome]. @24-10-2021 01:56:23.0276 AM
[ReportManager] Target URL: [https://duckduckgo.com] @24-10-2021 01:56:23.0295 AM
[ReportManager] Initial URL: [data:,] @24-10-2021 01:56:23.0342 AM
[ReportManager] Browser Action [NavigateToURL] successfully performed. With the following test data [https://duckduckgo.com]. @24-10-2021 01:56:24.0136 A

################################################################################################################################################
Starting Execution:	[55 out of 143] test cases in the current suite
Test Method:		[unitTests.tests_browserActions.getWindowSize]
################################################################################################################################################
[ReportManager] Browser Action [GetWindowSize] successfully performed. With the following test data [(800, 600)]. @24-10-2021 01:56:24.0190 A
[ReportManager] Target URL: [https://duckduckgo.com] @24-10-2021 01:56:24.0192 AM
[ReportManager] Initial URL: [https://duckduckgo.com] @24-10-2021 01:56:24.0263 AM
[ReportManager] Browser Action [NavigateToURL] successfully performed. With the following test data [https://duckduckgo.com]. @24-10-2021 01:56:24.0646 AM
[ReportManager] Browser Action [CloseCurrentWindow] successfully performed. @24-10-2021 01:56:24.0765 AM
[ReportManager] Successfully created attachment [Browser Action Test Data - CloseCurrentWindow - Actual Value] @24-10-2021 01:56:24.0765 A
[ReportManager] File Action [GetAbsolutePath] successfully performed. With the following test data [Relative Folder Path: "target/downloadedFiles/"]. @24-10-2021 01:56:24.0768 AM
[ReportManager] Attempting to run remotely on: [Linux-64], [GoogleChrome], [http://localhost:4444/wd/hub], Headless Execution. @24-10-2021 01:56:24.0768 AM
[ReportManager] Successfully Opened [GoogleChrome]. @24-10-2021 01:56:24.0991 AM
[ReportManager] Target URL: [https://duckduckgo.com] @24-10-2021 01:56:25.0004 AM
[ReportManager] Initial URL: [data:,] @24-10-2021 01:56:25.0054 AM
[ReportManager] Browser Action [NavigateToURL] successfully performed. With the following test data [https://duckduckgo.com]. @24-10-2021 01:56:25.0774 A

################################################################################################################################################
Starting Execution:	[56 out of 143] test cases in the current suite
Test Method:		[unitTests.tests_browserActions.maximizeWindow]
################################################################################################################################################
[ReportManager] Initial window size: (800, 600) @24-10-2021 01:56:25.0786 AM
[ReportManager] Window size after Toolkit: (1920, 1080) @24-10-2021 01:56:26.0011 AM
[ReportManager] Browser Action [MaximizeWindow] successfully performed. With the following test data [New screen size is now: (1920, 1080)]. @24-10-2021 01:56:26.0014 A
[ReportManager] Target URL: [https://duckduckgo.com] @24-10-2021 01:56:26.0017 AM
[ReportManager] Initial URL: [https://duckduckgo.com] @24-10-2021 01:56:26.0094 AM
[ReportManager] Browser Action [NavigateToURL] successfully performed. With the following test data [https://duckduckgo.com]. @24-10-2021 01:56:26.0462 AM
[ReportManager] Browser Action [CloseCurrentWindow] successfully performed. @24-10-2021 01:56:26.0574 AM
[ReportManager] Successfully created attachment [Browser Action Test Data - CloseCurrentWindow - Actual Value] @24-10-2021 01:56:26.0575 A
[ReportManager] File Action [GetAbsolutePath] successfully performed. With the following test data [Relative Folder Path: "target/downloadedFiles/"]. @24-10-2021 01:56:26.0577 AM
[ReportManager] Attempting to run remotely on: [Linux-64], [GoogleChrome], [http://localhost:4444/wd/hub], Headless Execution. @24-10-2021 01:56:26.0577 AM
[ReportManager] Successfully Opened [GoogleChrome]. @24-10-2021 01:56:26.0798 AM
[ReportManager] Target URL: [https://duckduckgo.com] @24-10-2021 01:56:26.0814 AM
[ReportManager] Initial URL: [data:,] @24-10-2021 01:56:26.0869 AM
[ReportManager] Browser Action [NavigateToURL] successfully performed. With the following test data [https://duckduckgo.com]. @24-10-2021 01:56:27.0609 A

################################################################################################################################################
Starting Execution:	[57 out of 143] test cases in the current suite
Test Method:		[unitTests.tests_browserActions.navigateBack]
################################################################################################################################################
[ReportManager] Target URL: [https://www.google.com/ncr], and after redirection: [https://www.google.com] @24-10-2021 01:56:27.0622 AM
[ReportManager] Initial URL: [https://duckduckgo.com] @24-10-2021 01:56:27.0687 AM
[ReportManager] Browser Action [NavigateToURL] successfully performed. With the following test data [https://www.google.com/ncr]. @24-10-2021 01:56:28.0608 AM
[ReportManager] Browser Action [NavigateBack] successfully performed. With the following test data [https://duckduckgo.com/]. @24-10-2021 01:56:29.0022 AM
[ReportManager] Browser Action [GetCurrentURL] successfully performed. With the following test data [https://duckduckgo.com/]. @24-10-2021 01:56:29.0055 AM
[ReportManager] Assertion Passed: Confirming that navigating back was successful @24-10-2021 01:56:29.0218 AM
[ReportManager] Successfully created attachment [Screenshot - 1635040589145_navigateBack_ValidateBrowserAttribute_passed] @24-10-2021 01:56:29.0219 AM
[ReportManager] Assertion [ValidateBrowserAttribute] PASSED. Expected [Value Should be 'https://duckduckgo.com' for the 'CurrentUrl' attribute] and Actual [https://duckduckgo.com/]. Comparison Type [CONTAINS]. Validation Type [POSITIVE]. @24-10-2021 01:56:29.0219 A
[ReportManager] Target URL: [https://duckduckgo.com] @24-10-2021 01:56:29.0220 AM
[ReportManager] Initial URL: [https://duckduckgo.com] @24-10-2021 01:56:29.0302 AM
[ReportManager] Browser Action [NavigateToURL] successfully performed. With the following test data [https://duckduckgo.com]. @24-10-2021 01:56:29.0705 AM
[ReportManager] Browser Action [CloseCurrentWindow] successfully performed. @24-10-2021 01:56:29.0813 AM
[ReportManager] Successfully created attachment [Browser Action Test Data - CloseCurrentWindow - Actual Value] @24-10-2021 01:56:29.0814 A
[ReportManager] File Action [GetAbsolutePath] successfully performed. With the following test data [Relative Folder Path: "target/downloadedFiles/"]. @24-10-2021 01:56:29.0818 AM
[ReportManager] Attempting to run remotely on: [Linux-64], [GoogleChrome], [http://localhost:4444/wd/hub], Headless Execution. @24-10-2021 01:56:29.0819 AM
[ReportManager] Successfully Opened [GoogleChrome]. @24-10-2021 01:56:30.0088 AM
[ReportManager] Target URL: [https://duckduckgo.com] @24-10-2021 01:56:30.0099 AM
[ReportManager] Initial URL: [data:,] @24-10-2021 01:56:30.0148 AM
[ReportManager] Browser Action [NavigateToURL] successfully performed. With the following test data [https://duckduckgo.com]. @24-10-2021 01:56:30.0941 A

################################################################################################################################################
Starting Execution:	[58 out of 143] test cases in the current suite
Test Method:		[unitTests.tests_browserActions.navigateForward]
################################################################################################################################################
[ReportManager] Target URL: [https://www.google.com/ncr], and after redirection: [https://www.google.com] @24-10-2021 01:56:30.0944 AM
[ReportManager] Initial URL: [https://duckduckgo.com] @24-10-2021 01:56:31.0006 AM
[ReportManager] Browser Action [NavigateToURL] successfully performed. With the following test data [https://www.google.com/ncr]. @24-10-2021 01:56:32.0077 AM
[ReportManager] Browser Action [NavigateBack] successfully performed. With the following test data [https://duckduckgo.com/]. @24-10-2021 01:56:32.0497 AM
[ReportManager] Browser Action [NavigateForward] successfully performed. With the following test data [https://www.google.com/]. @24-10-2021 01:56:32.0974 A
[ReportManager] Target URL: [https://duckduckgo.com] @24-10-2021 01:56:32.0980 AM
[ReportManager] Initial URL: [https://www.google.com] @24-10-2021 01:56:33.0084 AM
[ReportManager] Browser Action [NavigateToURL] successfully performed. With the following test data [https://duckduckgo.com]. @24-10-2021 01:56:33.0632 AM
[ReportManager] Browser Action [CloseCurrentWindow] successfully performed. @24-10-2021 01:56:33.0745 AM
[ReportManager] Successfully created attachment [Browser Action Test Data - CloseCurrentWindow - Actual Value] @24-10-2021 01:56:33.0745 A
[ReportManager] File Action [GetAbsolutePath] successfully performed. With the following test data [Relative Folder Path: "target/downloadedFiles/"]. @24-10-2021 01:56:33.0747 AM
[ReportManager] Attempting to run remotely on: [Linux-64], [GoogleChrome], [http://localhost:4444/wd/hub], Headless Execution. @24-10-2021 01:56:33.0747 AM
[ReportManager] Successfully Opened [GoogleChrome]. @24-10-2021 01:56:33.0991 AM
[ReportManager] Target URL: [https://duckduckgo.com] @24-10-2021 01:56:34.0018 AM
[ReportManager] Initial URL: [data:,] @24-10-2021 01:56:34.0067 AM
[ReportManager] Browser Action [NavigateToURL] successfully performed. With the following test data [https://duckduckgo.com]. @24-10-2021 01:56:34.0821 A

################################################################################################################################################
Starting Execution:	[59 out of 143] test cases in the current suite
Test Method:		[unitTests.tests_browserActions.navigateToURL]
################################################################################################################################################
[ReportManager] Target URL: [https://duckduckgo.com] @24-10-2021 01:56:34.0835 AM
[ReportManager] Initial URL: [https://duckduckgo.com] @24-10-2021 01:56:34.0894 AM
[ReportManager] Browser Action [NavigateToURL] successfully performed. With the following test data [https://duckduckgo.com]. @24-10-2021 01:56:35.0254 A
[ReportManager] Target URL: [https://duckduckgo.com] @24-10-2021 01:56:35.0257 AM
[ReportManager] Initial URL: [https://duckduckgo.com] @24-10-2021 01:56:35.0349 AM
[ReportManager] Browser Action [NavigateToURL] successfully performed. With the following test data [https://duckduckgo.com]. @24-10-2021 01:56:35.0735 AM
[ReportManager] Browser Action [CloseCurrentWindow] successfully performed. @24-10-2021 01:56:35.0860 AM
[ReportManager] Successfully created attachment [Browser Action Test Data - CloseCurrentWindow - Actual Value] @24-10-2021 01:56:35.0860 A
[ReportManager] File Action [GetAbsolutePath] successfully performed. With the following test data [Relative Folder Path: "target/downloadedFiles/"]. @24-10-2021 01:56:35.0863 AM
[ReportManager] Attempting to run remotely on: [Linux-64], [GoogleChrome], [http://localhost:4444/wd/hub], Headless Execution. @24-10-2021 01:56:35.0863 AM
[ReportManager] Successfully Opened [GoogleChrome]. @24-10-2021 01:56:36.0090 AM
[ReportManager] Target URL: [https://duckduckgo.com] @24-10-2021 01:56:36.0104 AM
[ReportManager] Initial URL: [data:,] @24-10-2021 01:56:36.0154 AM
[ReportManager] Browser Action [NavigateToURL] successfully performed. With the following test data [https://duckduckgo.com]. @24-10-2021 01:56:36.0875 A

################################################################################################################################################
Starting Execution:	[60 out of 143] test cases in the current suite
Test Method:		[unitTests.tests_browserActions.navigateToURLWithRedirection]
################################################################################################################################################
[ReportManager] Target URL: [https://www.google.com/ncr], and after redirection: [https://www.google.com] @24-10-2021 01:56:36.0878 AM
[ReportManager] Initial URL: [https://duckduckgo.com] @24-10-2021 01:56:36.0953 AM
[ReportManager] Browser Action [NavigateToURL] successfully performed. With the following test data [https://www.google.com/ncr]. @24-10-2021 01:56:37.0900 A
[ReportManager] Target URL: [https://duckduckgo.com] @24-10-2021 01:56:37.0903 AM
[ReportManager] Initial URL: [https://www.google.com] @24-10-2021 01:56:37.0988 AM
[ReportManager] Browser Action [NavigateToURL] successfully performed. With the following test data [https://duckduckgo.com]. @24-10-2021 01:56:38.0540 AM
[ReportManager] Browser Action [CloseCurrentWindow] successfully performed. @24-10-2021 01:56:38.0643 AM
[ReportManager] Successfully created attachment [Browser Action Test Data - CloseCurrentWindow - Actual Value] @24-10-2021 01:56:38.0643 A
[ReportManager] File Action [GetAbsolutePath] successfully performed. With the following test data [Relative Folder Path: "target/downloadedFiles/"]. @24-10-2021 01:56:38.0645 AM
[ReportManager] Attempting to run remotely on: [Linux-64], [GoogleChrome], [http://localhost:4444/wd/hub], Headless Execution. @24-10-2021 01:56:38.0645 AM
[ReportManager] Successfully Opened [GoogleChrome]. @24-10-2021 01:56:38.0891 AM
[ReportManager] Target URL: [https://duckduckgo.com] @24-10-2021 01:56:38.0913 AM
[ReportManager] Initial URL: [data:,] @24-10-2021 01:56:38.0978 AM
[ReportManager] Browser Action [NavigateToURL] successfully performed. With the following test data [https://duckduckgo.com]. @24-10-2021 01:56:39.0723 A

################################################################################################################################################
Starting Execution:	[61 out of 143] test cases in the current suite
Test Method:		[unitTests.tests_browserActions.refreshCurrentPage]
################################################################################################################################################
[ReportManager] Browser Action [RefreshCurrentPage] successfully performed. @24-10-2021 01:56:39.0957 AM
[ReportManager] Successfully created attachment [Browser Action Test Data - RefreshCurrentPage - Actual Value] @24-10-2021 01:56:39.0958 A
[ReportManager] Target URL: [https://duckduckgo.com] @24-10-2021 01:56:39.0960 AM
[ReportManager] Initial URL: [https://duckduckgo.com] @24-10-2021 01:56:40.0031 AM
[ReportManager] Browser Action [NavigateToURL] successfully performed. With the following test data [https://duckduckgo.com]. @24-10-2021 01:56:40.0393 AM
[ReportManager] Browser Action [CloseCurrentWindow] successfully performed. @24-10-2021 01:56:40.0499 AM
[ReportManager] Successfully created attachment [Browser Action Test Data - CloseCurrentWindow - Actual Value] @24-10-2021 01:56:40.0500 A
[ReportManager] File Action [GetAbsolutePath] successfully performed. With the following test data [Relative Folder Path: "target/downloadedFiles/"]. @24-10-2021 01:56:40.0505 AM
[ReportManager] Attempting to run remotely on: [Linux-64], [GoogleChrome], [http://localhost:4444/wd/hub], Headless Execution. @24-10-2021 01:56:40.0505 AM
[ReportManager] Successfully Opened [GoogleChrome]. @24-10-2021 01:56:40.0726 AM
[ReportManager] Target URL: [https://duckduckgo.com] @24-10-2021 01:56:40.0738 AM
[ReportManager] Initial URL: [data:,] @24-10-2021 01:56:40.0781 AM
[ReportManager] Browser Action [NavigateToURL] successfully performed. With the following test data [https://duckduckgo.com]. @24-10-2021 01:56:41.0560 A

################################################################################################################################################
Starting Execution:	[62 out of 143] test cases in the current suite
Test Method:		[unitTests.tests_browserActions.setWindowSize]
################################################################################################################################################
[ReportManager] Initial window size: (800, 600) @24-10-2021 01:56:41.0579 AM
[ReportManager] Window size after SWD: (1280, 720) @24-10-2021 01:56:41.0799 AM
[ReportManager] Browser Action [SetWindowSize] successfully performed. With the following test data [New screen size is now: (1280, 720)]. @24-10-2021 01:56:41.0799 A
[ReportManager] Target URL: [https://duckduckgo.com] @24-10-2021 01:56:41.0801 AM
[ReportManager] Initial URL: [https://duckduckgo.com] @24-10-2021 01:56:41.0864 AM
[ReportManager] Browser Action [NavigateToURL] successfully performed. With the following test data [https://duckduckgo.com]. @24-10-2021 01:56:42.0267 AM
[ReportManager] Browser Action [CloseCurrentWindow] successfully performed. @24-10-2021 01:56:42.0374 AM
[ReportManager] Successfully created attachment [Browser Action Test Data - CloseCurrentWindow - Actual Value] @24-10-2021 01:56:42.0375 A
[ReportManager] File Action [GetAbsolutePath] successfully performed. With the following test data [Relative Folder Path: "target/downloadedFiles/"]. @24-10-2021 01:56:42.0377 AM
[ReportManager] Attempting to run remotely on: [Linux-64], [GoogleChrome], [http://localhost:4444/wd/hub], Headless Execution. @24-10-2021 01:56:42.0377 AM
[ReportManager] Successfully Opened [GoogleChrome]. @24-10-2021 01:56:42.0583 A

################################################################################################################################################
Starting Execution:	[63 out of 143] test cases in the current suite
Test Method:		[unitTests.tests_element_elementActions.waitForElementToBePresent_false_expectedToFail]
################################################################################################################################################
[ReportManager] Target URL: [https://www.google.com/ncr], and after redirection: [www.google.com] @24-10-2021 01:56:42.0599 AM
[ReportManager] Initial URL: [data:,] @24-10-2021 01:56:42.0643 AM
[ReportManager] Browser Action [NavigateToURL] successfully performed. With the following test data [https://www.google.com/ncr]. @24-10-2021 01:56:43.0592 AM
[ReportManager] Waiting for element to be present; elementLocator [By.xpath: //*[@id='hplogo' or @alt='Google']], numberOfTries[1], stateOfPresence[false]... @24-10-2021 01:56:43.0601 AM
[ReportManager] Element Action [WaitForElementToBePresent] failed. With the following test data [waited for the element's state of presence to be (false). Element locator (By.xpath: //*[@id='hplogo' or @alt='Google'])]. @24-10-2021 01:56:43.0797 AM
[ReportManager] Successfully created attachment [Screenshot - 1635040603724_waitForElementToBePresent_false_expectedToFail_WaitForElementToBePresent_failed] @24-10-2021 01:56:43.0798 A
[ReportManager] Browser Action [CloseCurrentWindow] successfully performed. @24-10-2021 01:56:43.0932 AM
[ReportManager] Successfully created attachment [Browser Action Test Data - CloseCurrentWindow - Actual Value] @24-10-2021 01:56:43.0933 A
[ReportManager] File Action [GetAbsolutePath] successfully performed. With the following test data [Relative Folder Path: "target/downloadedFiles/"]. @24-10-2021 01:56:43.0938 AM
[ReportManager] Attempting to run remotely on: [Linux-64], [GoogleChrome], [http://localhost:4444/wd/hub], Headless Execution. @24-10-2021 01:56:43.0938 AM
[ReportManager] Successfully Opened [GoogleChrome]. @24-10-2021 01:56:44.0184 A

################################################################################################################################################
Starting Execution:	[64 out of 143] test cases in the current suite
Test Method:		[unitTests.tests_element_elementActions.waitForElementToBePresent_false_expectedToPass]
################################################################################################################################################
[ReportManager] Target URL: [https://www.google.com/ncr], and after redirection: [www.google.com] @24-10-2021 01:56:44.0212 AM
[ReportManager] Initial URL: [data:,] @24-10-2021 01:56:44.0260 AM
[ReportManager] Browser Action [NavigateToURL] successfully performed. With the following test data [https://www.google.com/ncr]. @24-10-2021 01:56:45.0239 AM
[ReportManager] Waiting for element to be present; elementLocator [By.id: bla], numberOfTries[1], stateOfPresence[false]... @24-10-2021 01:56:45.0239 AM
[ReportManager] Element Action [WaitForElementToBePresent] successfully performed. With the following test data [waited for the element's state of presence to be (false). Element locator (By.id: bla)]. @24-10-2021 01:56:50.0365 A
[ReportManager] Browser Action [CloseCurrentWindow] successfully performed. @24-10-2021 01:56:50.0532 AM
[ReportManager] Successfully created attachment [Browser Action Test Data - CloseCurrentWindow - Actual Value] @24-10-2021 01:56:50.0533 A
[ReportManager] File Action [GetAbsolutePath] successfully performed. With the following test data [Relative Folder Path: "target/downloadedFiles/"]. @24-10-2021 01:56:50.0536 AM
[ReportManager] Attempting to run remotely on: [Linux-64], [GoogleChrome], [http://localhost:4444/wd/hub], Headless Execution. @24-10-2021 01:56:50.0536 AM
[ReportManager] Successfully Opened [GoogleChrome]. @24-10-2021 01:56:50.0767 A

################################################################################################################################################
Starting Execution:	[65 out of 143] test cases in the current suite
Test Method:		[unitTests.tests_element_elementActions.waitForElementToBePresent_moreThanOneElement_expectedToFail]
################################################################################################################################################
[ReportManager] Target URL: [https://www.google.com/ncr], and after redirection: [www.google.com] @24-10-2021 01:56:50.0780 AM
[ReportManager] Initial URL: [data:,] @24-10-2021 01:56:50.0831 AM
[ReportManager] Browser Action [NavigateToURL] successfully performed. With the following test data [https://www.google.com/ncr]. @24-10-2021 01:56:51.0820 AM
[ReportManager] Waiting for element to be present; elementLocator [By.xpath: //*], numberOfTries[1], stateOfPresence[false]... @24-10-2021 01:56:51.0820 AM
[ReportManager] Element Action [WaitForElementToBePresent] failed. With the following test data [waited for the element's state of presence to be (false). Element locator (By.xpath: //*)]. @24-10-2021 01:56:52.0072 AM
[ReportManager] Successfully created attachment [Screenshot - 1635040611994_waitForElementToBePresent_moreThanOneElement_expectedToFail_WaitForElementToBePresent_failed] @24-10-2021 01:56:52.0073 A
[ReportManager] Browser Action [CloseCurrentWindow] successfully performed. @24-10-2021 01:56:52.0206 AM
[ReportManager] Successfully created attachment [Browser Action Test Data - CloseCurrentWindow - Actual Value] @24-10-2021 01:56:52.0208 A
[ReportManager] File Action [GetAbsolutePath] successfully performed. With the following test data [Relative Folder Path: "target/downloadedFiles/"]. @24-10-2021 01:56:52.0212 AM
[ReportManager] Attempting to run remotely on: [Linux-64], [GoogleChrome], [http://localhost:4444/wd/hub], Headless Execution. @24-10-2021 01:56:52.0215 AM
[ReportManager] Successfully Opened [GoogleChrome]. @24-10-2021 01:56:52.0468 A

################################################################################################################################################
Starting Execution:	[66 out of 143] test cases in the current suite
Test Method:		[unitTests.tests_element_elementActions.waitForElementToBePresent_true_expectedToFail]
################################################################################################################################################
[ReportManager] Target URL: [https://www.google.com/ncr], and after redirection: [www.google.com] @24-10-2021 01:56:52.0481 AM
[ReportManager] Initial URL: [data:,] @24-10-2021 01:56:52.0544 AM
[ReportManager] Browser Action [NavigateToURL] successfully performed. With the following test data [https://www.google.com/ncr]. @24-10-2021 01:56:53.0494 AM
[ReportManager] Waiting for element to be present; elementLocator [By.id: bla], numberOfTries[1], stateOfPresence[true]... @24-10-2021 01:56:53.0494 AM
[ReportManager] Element Action [WaitForElementToBePresent] failed. With the following test data [waited for the element's state of presence to be (true). Element locator (By.id: bla)]. @24-10-2021 01:56:58.0775 AM
[ReportManager] Successfully created attachment [Screenshot - 1635040618708_waitForElementToBePresent_true_expectedToFail_WaitForElementToBePresent_failed] @24-10-2021 01:56:58.0776 A
[ReportManager] Browser Action [CloseCurrentWindow] successfully performed. @24-10-2021 01:56:58.0942 AM
[ReportManager] Successfully created attachment [Browser Action Test Data - CloseCurrentWindow - Actual Value] @24-10-2021 01:56:58.0943 A
[ReportManager] File Action [GetAbsolutePath] successfully performed. With the following test data [Relative Folder Path: "target/downloadedFiles/"]. @24-10-2021 01:56:58.0949 AM
[ReportManager] Attempting to run remotely on: [Linux-64], [GoogleChrome], [http://localhost:4444/wd/hub], Headless Execution. @24-10-2021 01:56:58.0949 AM
[ReportManager] Successfully Opened [GoogleChrome]. @24-10-2021 01:56:59.0165 A

################################################################################################################################################
Starting Execution:	[67 out of 143] test cases in the current suite
Test Method:		[unitTests.tests_element_elementActions.waitForElementToBePresent_true_expectedToPass]
################################################################################################################################################
[ReportManager] Target URL: [https://www.google.com/ncr], and after redirection: [www.google.com] @24-10-2021 01:56:59.0186 AM
[ReportManager] Initial URL: [data:,] @24-10-2021 01:56:59.0258 AM
[ReportManager] Browser Action [NavigateToURL] successfully performed. With the following test data [https://www.google.com/ncr]. @24-10-2021 01:57:00.0239 AM
[ReportManager] Waiting for element to be present; elementLocator [By.xpath: //*[@id='hplogo' or @alt='Google']], numberOfTries[1], stateOfPresence[true]... @24-10-2021 01:57:00.0240 AM
[ReportManager] Element Action [WaitForElementToBePresent] successfully performed. With the following test data [waited for the element's state of presence to be (true). Element locator (By.xpath: //*[@id='hplogo' or @alt='Google'])]. @24-10-2021 01:57:00.0324 AM
[ReportManager] File Action [DoesFileExist] successfully performed. With the following test data [File Path: "src/test/resources/DynamicObjectRepository/unitTests_tests_element_elementActions_waitForElementToBePresent_true_expectedToPass_By_xpath_id_hplogo_or_alt_Google.png"]. @24-10-2021 01:57:00.0327 AM
[ReportManager] File Action [DoesFileExist] successfully performed. With the following test data [File Path: "src/test/resources/DynamicObjectRepository/unitTests_tests_element_elementActions_waitForElementToBePresent_true_expectedToPass_By_xpath_id_hplogo_or_alt_Google.png"]. @24-10-2021 01:57:00.0504 AM
[ReportManager] Passing the test and saving a reference image @24-10-2021 01:57:00.0504 AM
[ReportManager] File Action [GetAbsolutePath] successfully performed. With the following test data [Relative File Path: "src/test/resources/DynamicObjectRepository/unitTests_tests_element_elementActions_waitForElementToBePresent_true_expectedToPass_By_xpath_id_hplogo_or_alt_Google.png"]. @24-10-2021 01:57:00.0504 AM
[ReportManager] File Action [WriteToFile] successfully performed. With the following test data [Target File Path: "/home/runner/work/SHAFT_ENGINE/SHAFT_ENGINE/src/test/resources/DynamicObjectRepository/unitTests_tests_element_elementActions_waitForElementToBePresent_true_expectedToPass_By_xpath_id_hplogo_or_alt_Google.png"]. @24-10-2021 01:57:00.0507 AM
[ReportManager] Assertion Passed: Using Visual AI; OpenCV @24-10-2021 01:57:00.0508 AM
[ReportManager] Successfully created attachment [Validation Test Data - Actual Screenshot] @24-10-2021 01:57:00.0508 AM
[ReportManager] Assertion [ValidateElementMatches] PASSED. Expected [Element should match the reference screenshot] and Actual [TRUE]. Comparison Type [EXACT_OPENCV]. Validation Type [POSITIVE]. @24-10-2021 01:57:00.0508 A
[ReportManager] Browser Action [CloseCurrentWindow] successfully performed. @24-10-2021 01:57:00.0652 AM
[ReportManager] Successfully created attachment [Browser Action Test Data - CloseCurrentWindow - Actual Value] @24-10-2021 01:57:00.0654 A
[ReportManager] Successfully loaded the following test data file [src/test/resources/TestDataFiles/testSuite01/TestData.xlsx]. @24-10-2021 01:57:01.0449 AM
[ReportManager] Successfully created attachment [Test Data - Excel] @24-10-2021 01:57:01.0449 A

################################################################################################################################################
Starting Execution:	[68 out of 143] test cases in the current suite
Test Method:		[unitTests.tests_io_excelFileManager.getCellData_rowName_expectedToPass]
################################################################################################################################################
[ReportManager] testRowData. @24-10-2021 01:57:01.0464 A

################################################################################################################################################
Starting Execution:	[69 out of 143] test cases in the current suite
Test Method:		[testPackage01.Test_testData.f]
################################################################################################################################################
[ReportManager] Successfully loaded the following test data file [src/test/resources/TestDataFiles/testSuite01/TestData.xlsx]. @24-10-2021 01:57:01.0494 AM
[ReportManager] Successfully created attachment [Test Data - Excel] @24-10-2021 01:57:01.0495 AM
[ReportManager] Last Column Number is: [3]. Zero-based. @24-10-2021 01:57:01.0495 A

################################################################################################################################################
Starting Execution:	[70 out of 143] test cases in the current suite
Test Method:		[testPackage01.Test_SkipDueToIssue.doNotSkip]
################################################################################################################################################
[ReportManager] This should not be skipped. @24-10-2021 01:57:01.0500 A

################################################################################################################################################
Starting Execution:	[71 out of 143] test cases in the current suite
Test Method:		[testPackage01.Test_SkipDueToIssue.skip]
################################################################################################################################################
[ReportManager] This should be skipped. @24-10-2021 01:57:01.0506 A

################################################################################################################################################
Starting Execution:	[72 out of 143] test cases in the current suite
Test Method:		[testPackage01.Test_SkipDueToIssue.skip2]
################################################################################################################################################
[ReportManager] This should be skipped. @24-10-2021 01:57:01.0511 A

################################################################################################################################################
Starting Execution:	[73 out of 143] test cases in the current suite
Test Method:		[testPackage01.Test_chainableElementActions.chainElementActions]
################################################################################################################################################
[ReportManager] File Action [GetAbsolutePath] successfully performed. With the following test data [Relative Folder Path: "target/downloadedFiles/"]. @24-10-2021 01:57:01.0515 AM
[ReportManager] Attempting to run remotely on: [Linux-64], [GoogleChrome], [http://localhost:4444/wd/hub], Headless Execution. @24-10-2021 01:57:01.0516 AM
[ReportManager] Successfully Opened [GoogleChrome]. @24-10-2021 01:57:01.0880 AM
[ReportManager] Target URL: [https://www.google.com/ncr], and after redirection: [https://www.google.com] @24-10-2021 01:57:01.0893 AM
[ReportManager] Initial URL: [data:,] @24-10-2021 01:57:01.0942 AM
[ReportManager] Browser Action [NavigateToURL] successfully performed. With the following test data [https://www.google.com/ncr]. @24-10-2021 01:57:02.0960 AM
[ReportManager] Element Action [Type] successfully performed. With the following test data [chained type 1]. @24-10-2021 01:57:03.0403 AM
[ReportManager] Element Action [Type] successfully performed. With the following test data [chained type 2]. @24-10-2021 01:57:03.0794 AM
[ReportManager] Element Action [TypeAppend] successfully performed. With the following test data [345]. @24-10-2021 01:57:03.0903 AM
[ReportManager] Element Action [GetText] successfully performed. With the following test data [chained type 2345]. @24-10-2021 01:57:04.0037 AM
[ReportManager] Loaded Shared OpenCV @24-10-2021 01:57:04.0193 AM
[ReportManager] Assertion [ValidateElementAttribute] PASSED. Expected [Value Should be 'chained type 2345' for the 'text' attribute, element locator 'By.name: q'] and Actual [chained type 2345]. Comparison Type [EQUALS]. Validation Type [POSITIVE]. @24-10-2021 01:57:04.0275 AM
[ReportManager] Successfully created attachment [Screenshot - 1635040624193_chainElementActions_ValidateElementAttribute_passed] @24-10-2021 01:57:04.0276 AM
[ReportManager] Browser Action [CloseCurrentWindow] successfully performed. @24-10-2021 01:57:04.0401 AM
[ReportManager] Successfully created attachment [Browser Action Test Data - CloseCurrentWindow - Actual Value] @24-10-2021 01:57:04.0402 A

################################################################################################################################################
Starting Execution:	[74 out of 143] test cases in the current suite
Test Method:		[testPackage01.Test_NewValidationHelper.f1]
################################################################################################################################################
[ReportManager] Assertion Passed: Checking valid user data @24-10-2021 01:57:04.0411 AM
[ReportManager] Successfully created attachment [Validation Test Data - Expected Value] @24-10-2021 01:57:04.0411 AM
[ReportManager] Successfully created attachment [Validation Test Data - Actual Value] @24-10-2021 01:57:04.0412 AM
[ReportManager] Assertion [ValidateEquals] PASSED. Expected and Actual values are attached. Comparison Type [EQUALS]. Validation Type [POSITIVE]. @24-10-2021 01:57:04.0412 A
[ReportManager] File Action [GetAbsolutePath] successfully performed. With the following test data [Relative Folder Path: "target/downloadedFiles/"]. @24-10-2021 01:57:04.0418 AM
[ReportManager] Attempting to run remotely on: [Linux-64], [GoogleChrome], [http://localhost:4444/wd/hub], Headless Execution. @24-10-2021 01:57:04.0419 AM
[ReportManager] Successfully Opened [GoogleChrome]. @24-10-2021 01:57:04.0660 AM
[ReportManager] Target URL: [https://the-internet.herokuapp.com/] @24-10-2021 01:57:04.0671 AM
[ReportManager] Initial URL: [data:,] @24-10-2021 01:57:04.0730 AM
[ReportManager] Browser Action [NavigateToURL] successfully performed. With the following test data [https://the-internet.herokuapp.com/]. @24-10-2021 01:57:05.0547 A

################################################################################################################################################
Starting Execution:	[75 out of 143] test cases in the current suite
Test Method:		[testPackage01.Test_NewValidationHelper.f10]
################################################################################################################################################
[ReportManager] Assertion [ValidateElementExists] FAILED. Expected [Element Should Exist, locator 'By.tagName: div'] and Actual [Element Exists but is not unique]. Comparison Type [EQUALS]. Validation Type [POSITIVE]. @24-10-2021 01:57:05.0847 AM
[ReportManager] Successfully created attachment [Screenshot - 1635040625774_f10_ValidateElementExists_failed] @24-10-2021 01:57:05.0848 A
[ReportManager] Successfully Closed All Drivers. @24-10-2021 01:57:05.0933 A
[ReportManager] File Action [GetAbsolutePath] successfully performed. With the following test data [Relative Folder Path: "target/downloadedFiles/"]. @24-10-2021 01:57:05.0936 AM
[ReportManager] Attempting to run remotely on: [Linux-64], [GoogleChrome], [http://localhost:4444/wd/hub], Headless Execution. @24-10-2021 01:57:05.0936 AM
[ReportManager] Successfully Opened [GoogleChrome]. @24-10-2021 01:57:06.0163 AM
[ReportManager] Target URL: [https://the-internet.herokuapp.com/] @24-10-2021 01:57:06.0177 AM
[ReportManager] Initial URL: [data:,] @24-10-2021 01:57:06.0258 AM
[ReportManager] Browser Action [NavigateToURL] successfully performed. With the following test data [https://the-internet.herokuapp.com/]. @24-10-2021 01:57:07.0016 A

################################################################################################################################################
Starting Execution:	[76 out of 143] test cases in the current suite
Test Method:		[testPackage01.Test_NewValidationHelper.f11]
################################################################################################################################################
[ReportManager] Assertion Passed: Checking that false tag doesn't exist @24-10-2021 01:57:17.0456 AM
[ReportManager] Successfully created attachment [Screenshot - 1635040637378_f11_ValidateElementExists_passed] @24-10-2021 01:57:17.0457 AM
[ReportManager] Assertion [ValidateElementExists] PASSED. Expected [Element Should not Exist, locator 'By.tagName: h3'] and Actual [Element Doesn't Exists]. Comparison Type [EQUALS]. Validation Type [NEGATIVE]. @24-10-2021 01:57:17.0457 A
[ReportManager] Successfully Closed All Drivers. @24-10-2021 01:57:17.0534 A
[ReportManager] File Action [GetAbsolutePath] successfully performed. With the following test data [Relative Folder Path: "target/downloadedFiles/"]. @24-10-2021 01:57:17.0537 AM
[ReportManager] Attempting to run remotely on: [Linux-64], [GoogleChrome], [http://localhost:4444/wd/hub], Headless Execution. @24-10-2021 01:57:17.0537 AM
[ReportManager] Successfully Opened [GoogleChrome]. @24-10-2021 01:57:17.0808 AM
[ReportManager] Target URL: [https://the-internet.herokuapp.com/] @24-10-2021 01:57:17.0824 AM
[ReportManager] Initial URL: [data:,] @24-10-2021 01:57:17.0871 AM
[ReportManager] Browser Action [NavigateToURL] successfully performed. With the following test data [https://the-internet.herokuapp.com/]. @24-10-2021 01:57:18.0677 A

################################################################################################################################################
Starting Execution:	[77 out of 143] test cases in the current suite
Test Method:		[testPackage01.Test_NewValidationHelper.f12]
################################################################################################################################################
[ReportManager] Loaded Shared OpenCV @24-10-2021 01:57:18.0924 AM
[ReportManager] Assertion [ValidateElementExists] FAILED. Expected [Element Should not Exist, locator 'By.tagName: h1'] and Actual [Element Exists]. Comparison Type [EQUALS]. Validation Type [NEGATIVE]. @24-10-2021 01:57:19.0012 AM
[ReportManager] Successfully created attachment [Screenshot - 1635040638924_f12_ValidateElementExists_failed] @24-10-2021 01:57:19.0014 A
[ReportManager] Successfully Closed All Drivers. @24-10-2021 01:57:19.0086 A
[ReportManager] File Action [GetAbsolutePath] successfully performed. With the following test data [Relative Folder Path: "target/downloadedFiles/"]. @24-10-2021 01:57:19.0089 AM
[ReportManager] Attempting to run remotely on: [Linux-64], [GoogleChrome], [http://localhost:4444/wd/hub], Headless Execution. @24-10-2021 01:57:19.0089 AM
[ReportManager] Successfully Opened [GoogleChrome]. @24-10-2021 01:57:19.0299 AM
[ReportManager] Target URL: [https://the-internet.herokuapp.com/] @24-10-2021 01:57:19.0309 AM
[ReportManager] Initial URL: [data:,] @24-10-2021 01:57:19.0361 AM
[ReportManager] Browser Action [NavigateToURL] successfully performed. With the following test data [https://the-internet.herokuapp.com/]. @24-10-2021 01:57:20.0127 A

################################################################################################################################################
Starting Execution:	[78 out of 143] test cases in the current suite
Test Method:		[testPackage01.Test_NewValidationHelper.f13]
################################################################################################################################################
[ReportManager] Assertion [ValidateElementExists] FAILED. Expected [Element Should not Exist, locator 'By.tagName: div'] and Actual [Element Exists but is not unique]. Comparison Type [EQUALS]. Validation Type [NEGATIVE]. @24-10-2021 01:57:20.0432 AM
[ReportManager] Successfully created attachment [Screenshot - 1635040640352_f13_ValidateElementExists_failed] @24-10-2021 01:57:20.0433 A
[ReportManager] Successfully Closed All Drivers. @24-10-2021 01:57:20.0508 A
[ReportManager] File Action [GetAbsolutePath] successfully performed. With the following test data [Relative Folder Path: "target/downloadedFiles/"]. @24-10-2021 01:57:20.0549 AM
[ReportManager] Attempting to run remotely on: [Linux-64], [GoogleChrome], [http://localhost:4444/wd/hub], Headless Execution. @24-10-2021 01:57:20.0549 AM
[ReportManager] Successfully Opened [GoogleChrome]. @24-10-2021 01:57:20.0761 AM
[ReportManager] Target URL: [https://the-internet.herokuapp.com/] @24-10-2021 01:57:20.0772 AM
[ReportManager] Initial URL: [data:,] @24-10-2021 01:57:20.0814 AM
[ReportManager] Browser Action [NavigateToURL] successfully performed. With the following test data [https://the-internet.herokuapp.com/]. @24-10-2021 01:57:21.0584 A

################################################################################################################################################
Starting Execution:	[79 out of 143] test cases in the current suite
Test Method:		[testPackage01.Test_NewValidationHelper.f14]
################################################################################################################################################
[ReportManager] Element Action [GetText] successfully performed. With the following test data [Welcome to the-internet]. @24-10-2021 01:57:21.0682 AM
[ReportManager] Loaded Shared OpenCV @24-10-2021 01:57:21.0840 AM
[ReportManager] Assertion Passed: Asserting that the header text is correct @24-10-2021 01:57:21.0939 AM
[ReportManager] Successfully created attachment [Screenshot - 1635040641840_f14_ValidateElementAttribute_passed] @24-10-2021 01:57:21.0940 AM
[ReportManager] Assertion [ValidateElementAttribute] PASSED. Expected [Value Should be 'Welcome to the-internet' for the 'text' attribute, element locator 'By.tagName: h1'] and Actual [Welcome to the-internet]. Comparison Type [EQUALS]. Validation Type [POSITIVE]. @24-10-2021 01:57:21.0940 A
[ReportManager] Successfully Closed All Drivers. @24-10-2021 01:57:22.0017 A
[ReportManager] File Action [GetAbsolutePath] successfully performed. With the following test data [Relative Folder Path: "target/downloadedFiles/"]. @24-10-2021 01:57:22.0022 AM
[ReportManager] Attempting to run remotely on: [Linux-64], [GoogleChrome], [http://localhost:4444/wd/hub], Headless Execution. @24-10-2021 01:57:22.0023 AM
[ReportManager] Successfully Opened [GoogleChrome]. @24-10-2021 01:57:22.0228 AM
[ReportManager] Target URL: [https://the-internet.herokuapp.com/] @24-10-2021 01:57:22.0239 AM
[ReportManager] Initial URL: [data:,] @24-10-2021 01:57:22.0301 AM
[ReportManager] Browser Action [NavigateToURL] successfully performed. With the following test data [https://the-internet.herokuapp.com/]. @24-10-2021 01:57:23.0080 A

################################################################################################################################################
Starting Execution:	[80 out of 143] test cases in the current suite
Test Method:		[testPackage01.Test_NewValidationHelper.f15]
################################################################################################################################################
[ReportManager] Element Action [GetText] successfully performed. With the following test data [Welcome to the-internet]. @24-10-2021 01:57:23.0183 AM
[ReportManager] Loaded Shared OpenCV @24-10-2021 01:57:23.0341 AM
[ReportManager] Assertion [ValidateElementAttribute] FAILED. Expected [Value Should not be 'Welcome' for the 'text' attribute, element locator 'By.tagName: h1'] and Actual [Welcome to the-internet]. Comparison Type [CONTAINS]. Validation Type [NEGATIVE]. @24-10-2021 01:57:23.0440 AM
[ReportManager] Successfully created attachment [Screenshot - 1635040643340_f15_ValidateElementAttribute_failed] @24-10-2021 01:57:23.0441 A
[ReportManager] Successfully Closed All Drivers. @24-10-2021 01:57:23.0531 A
[ReportManager] File Action [GetAbsolutePath] successfully performed. With the following test data [Relative Folder Path: "target/downloadedFiles/"]. @24-10-2021 01:57:23.0534 AM
[ReportManager] Attempting to run remotely on: [Linux-64], [GoogleChrome], [http://localhost:4444/wd/hub], Headless Execution. @24-10-2021 01:57:23.0534 AM
[ReportManager] Successfully Opened [GoogleChrome]. @24-10-2021 01:57:23.0763 AM
[ReportManager] Target URL: [https://the-internet.herokuapp.com/] @24-10-2021 01:57:23.0778 AM
[ReportManager] Initial URL: [data:,] @24-10-2021 01:57:23.0835 AM
[ReportManager] Browser Action [NavigateToURL] successfully performed. With the following test data [https://the-internet.herokuapp.com/]. @24-10-2021 01:57:24.0652 A

################################################################################################################################################
Starting Execution:	[81 out of 143] test cases in the current suite
Test Method:		[testPackage01.Test_NewValidationHelper.f16]
################################################################################################################################################
[ReportManager] Element Action [IdentifyUniqueElement] failed. With the following test data [zero elements found matching this locator "By.tagName: h3".]. @24-10-2021 01:57:50.0280 AM
[ReportManager] Successfully created attachment [Screenshot - 1635040670204_f16_IdentifyUniqueElement_failed] @24-10-2021 01:57:50.0282 AM
[ReportManager] Assertion [ValidateElementAttribute] FAILED. Expected [Value Should not be 'Welcome' for the 'text' attribute, element locator 'By.tagName: h3'] and Actual [Failed to read the desired element attribute]. Comparison Type [CONTAINS]. Validation Type [NEGATIVE]. @24-10-2021 01:57:50.0282 A
[ReportManager] Successfully Closed All Drivers. @24-10-2021 01:57:50.0360 A
[ReportManager] File Action [GetAbsolutePath] successfully performed. With the following test data [Relative Folder Path: "target/downloadedFiles/"]. @24-10-2021 01:57:50.0364 AM
[ReportManager] Attempting to run remotely on: [Linux-64], [GoogleChrome], [http://localhost:4444/wd/hub], Headless Execution. @24-10-2021 01:57:50.0364 AM
[ReportManager] Successfully Opened [GoogleChrome]. @24-10-2021 01:57:50.0590 AM
[ReportManager] Target URL: [https://the-internet.herokuapp.com/] @24-10-2021 01:57:50.0609 AM
[ReportManager] Initial URL: [data:,] @24-10-2021 01:57:50.0652 AM
[ReportManager] Browser Action [NavigateToURL] successfully performed. With the following test data [https://the-internet.herokuapp.com/]. @24-10-2021 01:57:51.0424 A

################################################################################################################################################
Starting Execution:	[82 out of 143] test cases in the current suite
Test Method:		[testPackage01.Test_NewValidationHelper.f17]
################################################################################################################################################
[ReportManager] Attempting to getAttribute [text2] from elementLocator [By.tagName: h1]. @24-10-2021 01:57:51.0428 AM
[ReportManager] Element Action [GetAttribute] successfully performed. @24-10-2021 01:57:51.0514 AM
[ReportManager] Loaded Shared OpenCV @24-10-2021 01:57:51.0688 AM
[ReportManager] Assertion [ValidateElementAttribute] PASSED. Expected [Value Should not be 'Welcome' for the 'text2' attribute, element locator 'By.tagName: h1'] and Actual [null]. Comparison Type [CONTAINS]. Validation Type [NEGATIVE]. @24-10-2021 01:57:51.0784 AM
[ReportManager] Successfully created attachment [Screenshot - 1635040671688_f17_ValidateElementAttribute_passed] @24-10-2021 01:57:51.0785 A
[ReportManager] Successfully Closed All Drivers. @24-10-2021 01:57:51.0861 A
[ReportManager] File Action [GetAbsolutePath] successfully performed. With the following test data [Relative Folder Path: "target/downloadedFiles/"]. @24-10-2021 01:57:51.0863 AM
[ReportManager] Attempting to run remotely on: [Linux-64], [GoogleChrome], [http://localhost:4444/wd/hub], Headless Execution. @24-10-2021 01:57:51.0864 AM
[ReportManager] Successfully Opened [GoogleChrome]. @24-10-2021 01:57:52.0077 AM
[ReportManager] Target URL: [https://the-internet.herokuapp.com/] @24-10-2021 01:57:52.0089 AM
[ReportManager] Initial URL: [data:,] @24-10-2021 01:57:52.0135 AM
[ReportManager] Browser Action [NavigateToURL] successfully performed. With the following test data [https://the-internet.herokuapp.com/]. @24-10-2021 01:57:52.0926 A

################################################################################################################################################
Starting Execution:	[83 out of 143] test cases in the current suite
Test Method:		[testPackage01.Test_NewValidationHelper.f18]
################################################################################################################################################
[ReportManager] Element Action [GetText] successfully performed. With the following test data [Welcome to the-internet]. @24-10-2021 01:57:53.0037 AM
[ReportManager] Loaded Shared OpenCV @24-10-2021 01:57:53.0217 AM
[ReportManager] Assertion [ValidateElementAttribute] PASSED. Expected [Value Should not be 'no' for the 'text' attribute, element locator 'By.tagName: h1'] and Actual [Welcome to the-internet]. Comparison Type [CONTAINS]. Validation Type [NEGATIVE]. @24-10-2021 01:57:53.0306 AM
[ReportManager] Successfully created attachment [Screenshot - 1635040673217_f18_ValidateElementAttribute_passed] @24-10-2021 01:57:53.0307 A
[ReportManager] Successfully Closed All Drivers. @24-10-2021 01:57:53.0382 A

################################################################################################################################################
Starting Execution:	[84 out of 143] test cases in the current suite
Test Method:		[testPackage01.Test_NewValidationHelper.f2]
################################################################################################################################################
[ReportManager] Assertion Failed: Checking valid user data @24-10-2021 01:57:53.0386 AM
[ReportManager] Assertion [ValidateEquals] FAILED. Expected [1] and Actual [2]. Comparison Type [EQUALS]. Validation Type [POSITIVE]. @24-10-2021 01:57:53.0386 A
[ReportManager] File Action [GetAbsolutePath] successfully performed. With the following test data [Relative Folder Path: "target/downloadedFiles/"]. @24-10-2021 01:57:53.0389 AM
[ReportManager] Attempting to run remotely on: [Linux-64], [GoogleChrome], [http://localhost:4444/wd/hub], Headless Execution. @24-10-2021 01:57:53.0389 AM
[ReportManager] Successfully Opened [GoogleChrome]. @24-10-2021 01:57:53.0607 AM
[ReportManager] Target URL: [https://the-internet.herokuapp.com/] @24-10-2021 01:57:53.0623 AM
[ReportManager] Initial URL: [data:,] @24-10-2021 01:57:53.0666 AM
[ReportManager] Browser Action [NavigateToURL] successfully performed. With the following test data [https://the-internet.herokuapp.com/]. @24-10-2021 01:57:54.0491 A

################################################################################################################################################
Starting Execution:	[85 out of 143] test cases in the current suite
Test Method:		[testPackage01.Test_NewValidationHelper.f20]
################################################################################################################################################
[ReportManager] Element Action [GetSize] successfully performed. With the following test data [(755, 61)]. @24-10-2021 01:57:54.0587 AM
[ReportManager] Loaded Shared OpenCV @24-10-2021 01:57:54.0776 AM
[ReportManager] Assertion [ValidateElementAttribute] PASSED. Expected [Value Should not be 'a' for the 'size' attribute, element locator 'By.tagName: h1'] and Actual [(755, 61)]. Comparison Type [CONTAINS]. Validation Type [NEGATIVE]. @24-10-2021 01:57:54.0881 AM
[ReportManager] Successfully created attachment [Screenshot - 1635040674776_f20_ValidateElementAttribute_passed] @24-10-2021 01:57:54.0883 A
[ReportManager] Successfully Closed All Drivers. @24-10-2021 01:57:54.0959 A
[ReportManager] File Action [GetAbsolutePath] successfully performed. With the following test data [Relative Folder Path: "target/downloadedFiles/"]. @24-10-2021 01:57:54.0962 AM
[ReportManager] Attempting to run remotely on: [Linux-64], [GoogleChrome], [http://localhost:4444/wd/hub], Headless Execution. @24-10-2021 01:57:54.0962 AM
[ReportManager] Successfully Opened [GoogleChrome]. @24-10-2021 01:57:55.0192 AM
[ReportManager] Target URL: [https://the-internet.herokuapp.com/] @24-10-2021 01:57:55.0208 AM
[ReportManager] Initial URL: [data:,] @24-10-2021 01:57:55.0266 AM
[ReportManager] Browser Action [NavigateToURL] successfully performed. With the following test data [https://the-internet.herokuapp.com/]. @24-10-2021 01:57:56.0052 A

################################################################################################################################################
Starting Execution:	[86 out of 143] test cases in the current suite
Test Method:		[testPackage01.Test_NewValidationHelper.f21]
################################################################################################################################################
[ReportManager] Element Action [IdentifyUniqueElement] failed. With the following test data [zero elements found matching this locator "By.tagName: h3".]. @24-10-2021 01:58:21.0736 AM
[ReportManager] Successfully created attachment [Screenshot - 1635040701622_f21_IdentifyUniqueElement_failed] @24-10-2021 01:58:21.0736 AM
[ReportManager] Assertion [ValidateElementAttribute] FAILED. Expected [Value Should be 'Welcome' for the 'text' attribute, element locator 'By.tagName: h3'] and Actual [Failed to read the desired element attribute]. Comparison Type [CONTAINS]. Validation Type [POSITIVE]. @24-10-2021 01:58:21.0737 A
[ReportManager] Successfully Closed All Drivers. @24-10-2021 01:58:21.0812 A
[ReportManager] File Action [GetAbsolutePath] successfully performed. With the following test data [Relative Folder Path: "target/downloadedFiles/"]. @24-10-2021 01:58:21.0815 AM
[ReportManager] Attempting to run remotely on: [Linux-64], [GoogleChrome], [http://localhost:4444/wd/hub], Headless Execution. @24-10-2021 01:58:21.0815 AM
[ReportManager] Successfully Opened [GoogleChrome]. @24-10-2021 01:58:22.0017 AM
[ReportManager] Target URL: [https://the-internet.herokuapp.com/] @24-10-2021 01:58:22.0034 AM
[ReportManager] Initial URL: [data:,] @24-10-2021 01:58:22.0102 AM
[ReportManager] Browser Action [NavigateToURL] successfully performed. With the following test data [https://the-internet.herokuapp.com/]. @24-10-2021 01:58:22.0931 A

################################################################################################################################################
Starting Execution:	[87 out of 143] test cases in the current suite
Test Method:		[testPackage01.Test_NewValidationHelper.f22]
################################################################################################################################################
[ReportManager] Element Action [GetText] successfully performed. With the following test data [Welcome to the-internet]. @24-10-2021 01:58:23.0066 AM
[ReportManager] Loaded Shared OpenCV @24-10-2021 01:58:23.0220 AM
[ReportManager] Assertion [ValidateElementAttribute] FAILED. Expected [Value Should be 'yyy' for the 'text' attribute, element locator 'By.tagName: h1'] and Actual [Welcome to the-internet]. Comparison Type [CONTAINS]. Validation Type [POSITIVE]. @24-10-2021 01:58:23.0310 AM
[ReportManager] Successfully created attachment [Screenshot - 1635040703220_f22_ValidateElementAttribute_failed] @24-10-2021 01:58:23.0311 A
[ReportManager] Successfully Closed All Drivers. @24-10-2021 01:58:23.0384 A

################################################################################################################################################
Starting Execution:	[88 out of 143] test cases in the current suite
Test Method:		[testPackage01.Test_NewValidationHelper.f23]
################################################################################################################################################
[ReportManager] Assertion Passed: confirming that the actual is greater than or equal to the expected @24-10-2021 01:58:23.0389 AM
[ReportManager] Assertion [ValidateComparativeRelation] PASSED. Expected [1] and Actual [1]. Comparison Type [GREATER_THAN_OR_EQUALS]. Validation Type [POSITIVE]. @24-10-2021 01:58:23.0389 A

################################################################################################################################################
Starting Execution:	[89 out of 143] test cases in the current suite
Test Method:		[testPackage01.Test_NewValidationHelper.f24]
################################################################################################################################################
[ReportManager] Assertion [ValidateComparativeRelation] PASSED. Expected [1] and Actual [10]. Comparison Type [GREATER_THAN_OR_EQUALS]. Validation Type [POSITIVE]. @24-10-2021 01:58:23.0396 A

################################################################################################################################################
Starting Execution:	[90 out of 143] test cases in the current suite
Test Method:		[testPackage01.Test_NewValidationHelper.f25]
################################################################################################################################################
[ReportManager] Assertion [ValidateComparativeRelation] PASSED. Expected [1] and Actual [1]. Comparison Type [EQUALS]. Validation Type [POSITIVE]. @24-10-2021 01:58:23.0399 A

################################################################################################################################################
Starting Execution:	[91 out of 143] test cases in the current suite
Test Method:		[testPackage01.Test_NewValidationHelper.f26]
################################################################################################################################################
[ReportManager] Assertion [ValidateComparativeRelation] PASSED. Expected [1] and Actual [5]. Comparison Type [GREATER_THAN]. Validation Type [POSITIVE]. @24-10-2021 01:58:23.0402 A

################################################################################################################################################
Starting Execution:	[92 out of 143] test cases in the current suite
Test Method:		[testPackage01.Test_NewValidationHelper.f27]
################################################################################################################################################
[ReportManager] Assertion [ValidateComparativeRelation] PASSED. Expected [11] and Actual [5]. Comparison Type [LESS_THAN]. Validation Type [POSITIVE]. @24-10-2021 01:58:23.0404 A

################################################################################################################################################
Starting Execution:	[93 out of 143] test cases in the current suite
Test Method:		[testPackage01.Test_NewValidationHelper.f28]
################################################################################################################################################
[ReportManager] Assertion [ValidateComparativeRelation] PASSED. Expected [11] and Actual [5]. Comparison Type [LESS_THAN_OR_EQUALS]. Validation Type [POSITIVE]. @24-10-2021 01:58:23.0406 A

################################################################################################################################################
Starting Execution:	[94 out of 143] test cases in the current suite
Test Method:		[testPackage01.Test_NewValidationHelper.f29]
################################################################################################################################################
[ReportManager] Assertion [ValidateComparativeRelation] PASSED. Expected [11] and Actual [11]. Comparison Type [LESS_THAN_OR_EQUALS]. Validation Type [POSITIVE]. @24-10-2021 01:58:23.0409 A

################################################################################################################################################
Starting Execution:	[95 out of 143] test cases in the current suite
Test Method:		[testPackage01.Test_NewValidationHelper.f3]
################################################################################################################################################
[ReportManager] Assertion [ValidateEquals] PASSED. Expected [1] and Actual [2]. Comparison Type [EQUALS]. Validation Type [NEGATIVE]. @24-10-2021 01:58:23.0411 A

################################################################################################################################################
Starting Execution:	[96 out of 143] test cases in the current suite
Test Method:		[testPackage01.Test_NewValidationHelper.f30]
################################################################################################################################################
[ReportManager] Assertion [ValidateComparativeRelation] FAILED. Expected [-9] and Actual [11]. Comparison Type [LESS_THAN_OR_EQUALS]. Validation Type [POSITIVE]. @24-10-2021 01:58:23.0413 A

################################################################################################################################################
Starting Execution:	[97 out of 143] test cases in the current suite
Test Method:		[testPackage01.Test_NewValidationHelper.f31]
################################################################################################################################################
[ReportManager] Assertion [ValidateTrue] PASSED. Expected [TRUE] and Actual [TRUE]. Validation Type [POSITIVE]. @24-10-2021 01:58:23.0415 A

################################################################################################################################################
Starting Execution:	[98 out of 143] test cases in the current suite
Test Method:		[testPackage01.Test_NewValidationHelper.f32]
################################################################################################################################################
[ReportManager] Assertion [ValidateTrue] PASSED. Expected [FALSE] and Actual [FALSE]. Validation Type [NEGATIVE]. @24-10-2021 01:58:23.0417 A

################################################################################################################################################
Starting Execution:	[99 out of 143] test cases in the current suite
Test Method:		[testPackage01.Test_NewValidationHelper.f33]
################################################################################################################################################
[ReportManager] Assertion [ValidateTrue] FAILED. Expected [FALSE] and Actual [TRUE]. Validation Type [NEGATIVE]. @24-10-2021 01:58:23.0419 A

################################################################################################################################################
Starting Execution:	[100 out of 143] test cases in the current suite
Test Method:		[testPackage01.Test_NewValidationHelper.f34]
################################################################################################################################################
[ReportManager] Assertion [ValidateTrue] FAILED. Expected [TRUE] and Actual [FALSE]. Validation Type [POSITIVE]. @24-10-2021 01:58:23.0421 A

################################################################################################################################################
Starting Execution:	[101 out of 143] test cases in the current suite
Test Method:		[testPackage01.Test_NewValidationHelper.f35]
################################################################################################################################################
[ReportManager] File Action [DoesFileExist] successfully performed. With the following test data [File Path: "pom.xml"]. @24-10-2021 01:58:23.0423 AM
[ReportManager] Assertion [ValidateFileExists] PASSED. Expected [File 'pom.xml' should exist, after up to '1' retries] and Actual [File exists]. Validation Type [POSITIVE]. @24-10-2021 01:58:23.0424 A

################################################################################################################################################
Starting Execution:	[102 out of 143] test cases in the current suite
Test Method:		[testPackage01.Test_NewValidationHelper.f36]
################################################################################################################################################
[ReportManager] File Action [DoesFileExist] successfully performed. With the following test data [File Path: "src/test/java/testPackage01/Test_NewValidationHelper.java"]. @24-10-2021 01:58:23.0425 AM
[ReportManager] Assertion [ValidateFileExists] PASSED. Expected [File 'src/test/java/testPackage01/Test_NewValidationHelper.java' should exist, after up to '1' retries] and Actual [File exists]. Validation Type [POSITIVE]. @24-10-2021 01:58:23.0426 A

################################################################################################################################################
Starting Execution:	[103 out of 143] test cases in the current suite
Test Method:		[testPackage01.Test_NewValidationHelper.f37]
################################################################################################################################################
[ReportManager] File Action [DoesFileExist] successfully performed. With the following test data [File Path: "pom.xml"]. @24-10-2021 01:58:23.0428 AM
[ReportManager] Assertion Failed: confirming that the file does't exist after 5 retries @24-10-2021 01:58:23.0428 AM
[ReportManager] Assertion [ValidateFileExists] FAILED. Expected [File 'pom.xml' should not exist, after up to '5' retries] and Actual [File exists]. Validation Type [NEGATIVE]. @24-10-2021 01:58:23.0428 A

################################################################################################################################################
Starting Execution:	[104 out of 143] test cases in the current suite
Test Method:		[testPackage01.Test_NewValidationHelper.f3_1]
################################################################################################################################################
[ReportManager] Assertion Passed: Checking valid user data @24-10-2021 01:58:23.0431 AM
[ReportManager] Assertion [ValidateEquals] PASSED. Expected [null] and Actual [null]. Comparison Type [EQUALS]. Validation Type [POSITIVE]. @24-10-2021 01:58:23.0431 A

################################################################################################################################################
Starting Execution:	[105 out of 143] test cases in the current suite
Test Method:		[testPackage01.Test_NewValidationHelper.f4]
################################################################################################################################################
[ReportManager] Assertion [ValidateEquals] PASSED. Expected [1] and Actual [123]. Comparison Type [CONTAINS]. Validation Type [POSITIVE]. @24-10-2021 01:58:23.0432 A

################################################################################################################################################
Starting Execution:	[106 out of 143] test cases in the current suite
Test Method:		[testPackage01.Test_NewValidationHelper.f5]
################################################################################################################################################
[ReportManager] Assertion [ValidateNull] PASSED. Expected [NULL] and Actual [1]. Comparison Type [EQUALS]. Validation Type [NEGATIVE]. @24-10-2021 01:58:23.0435 A

################################################################################################################################################
Starting Execution:	[107 out of 143] test cases in the current suite
Test Method:		[testPackage01.Test_NewValidationHelper.f6]
################################################################################################################################################
[ReportManager] Assertion Failed: Making sure that null string is not equal to null object @24-10-2021 01:58:23.0436 AM
[ReportManager] Assertion [ValidateNull] FAILED. Expected [NULL] and Actual [NULL]. Comparison Type [EQUALS]. Validation Type [POSITIVE]. @24-10-2021 01:58:23.0436 A

################################################################################################################################################
Starting Execution:	[108 out of 143] test cases in the current suite
Test Method:		[testPackage01.Test_NewValidationHelper.f6_1]
################################################################################################################################################
[ReportManager] Assertion [ValidateNull] FAILED. Expected [NULL] and Actual [NULL]. Comparison Type [EQUALS]. Validation Type [NEGATIVE]. @24-10-2021 01:58:23.0438 A

################################################################################################################################################
Starting Execution:	[109 out of 143] test cases in the current suite
Test Method:		[testPackage01.Test_NewValidationHelper.f6_2]
################################################################################################################################################
[ReportManager] Assertion Failed: Making sure that null string is not equal to null object @24-10-2021 01:58:23.0440 AM
[ReportManager] Assertion [ValidateNull] FAILED. Expected [NULL] and Actual [not null]. Comparison Type [EQUALS]. Validation Type [POSITIVE]. @24-10-2021 01:58:23.0440 A

################################################################################################################################################
Starting Execution:	[110 out of 143] test cases in the current suite
Test Method:		[testPackage01.Test_NewValidationHelper.f7]
################################################################################################################################################
[ReportManager] Assertion [ValidateNull] PASSED. Expected [NULL] and Actual [NULL]. Comparison Type [EQUALS]. Validation Type [POSITIVE]. @24-10-2021 01:58:23.0443 A
[ReportManager] File Action [GetAbsolutePath] successfully performed. With the following test data [Relative Folder Path: "target/downloadedFiles/"]. @24-10-2021 01:58:23.0445 AM
[ReportManager] Attempting to run remotely on: [Linux-64], [GoogleChrome], [http://localhost:4444/wd/hub], Headless Execution. @24-10-2021 01:58:23.0445 AM
[ReportManager] Successfully Opened [GoogleChrome]. @24-10-2021 01:58:23.0660 AM
[ReportManager] Target URL: [https://the-internet.herokuapp.com/] @24-10-2021 01:58:23.0673 AM
[ReportManager] Initial URL: [data:,] @24-10-2021 01:58:23.0714 AM
[ReportManager] Browser Action [NavigateToURL] successfully performed. With the following test data [https://the-internet.herokuapp.com/]. @24-10-2021 01:58:24.0500 A

################################################################################################################################################
Starting Execution:	[111 out of 143] test cases in the current suite
Test Method:		[testPackage01.Test_NewValidationHelper.f8]
################################################################################################################################################
[ReportManager] Loaded Shared OpenCV @24-10-2021 01:58:24.0723 AM
[ReportManager] Assertion [ValidateElementExists] PASSED. Expected [Element Should Exist, locator 'By.tagName: h1'] and Actual [Element Exists]. Comparison Type [EQUALS]. Validation Type [POSITIVE]. @24-10-2021 01:58:24.0820 AM
[ReportManager] Successfully created attachment [Screenshot - 1635040704722_f8_ValidateElementExists_passed] @24-10-2021 01:58:24.0821 A
[ReportManager] Successfully Closed All Drivers. @24-10-2021 01:58:24.0943 A
[ReportManager] File Action [GetAbsolutePath] successfully performed. With the following test data [Relative Folder Path: "target/downloadedFiles/"]. @24-10-2021 01:58:24.0946 AM
[ReportManager] Attempting to run remotely on: [Linux-64], [GoogleChrome], [http://localhost:4444/wd/hub], Headless Execution. @24-10-2021 01:58:24.0946 AM
[ReportManager] Successfully Opened [GoogleChrome]. @24-10-2021 01:58:25.0161 AM
[ReportManager] Target URL: [https://the-internet.herokuapp.com/] @24-10-2021 01:58:25.0172 AM
[ReportManager] Initial URL: [data:,] @24-10-2021 01:58:25.0213 AM
[ReportManager] Browser Action [NavigateToURL] successfully performed. With the following test data [https://the-internet.herokuapp.com/]. @24-10-2021 01:58:25.0983 A

################################################################################################################################################
Starting Execution:	[112 out of 143] test cases in the current suite
Test Method:		[testPackage01.Test_NewValidationHelper.f9]
################################################################################################################################################
[ReportManager] Assertion [ValidateElementExists] FAILED. Expected [Element Should Exist, locator 'By.tagName: h3'] and Actual [Element Doesn't Exists]. Comparison Type [EQUALS]. Validation Type [POSITIVE]. @24-10-2021 01:58:56.0726 AM
[ReportManager] Successfully created attachment [Screenshot - 1635040736652_f9_ValidateElementExists_failed] @24-10-2021 01:58:56.0727 A
[ReportManager] Successfully Closed All Drivers. @24-10-2021 01:58:56.0809 A

################################################################################################################################################
Starting Execution:	[113 out of 143] test cases in the current suite
Test Method:		[testPackage01.Test_NewValidationHelper.forceFail]
################################################################################################################################################
[ReportManager] Assertion [ValidateFail] FAILED. Successfully force failed the test. @24-10-2021 01:58:56.0813 A

################################################################################################################################################
Starting Execution:	[114 out of 143] test cases in the current suite
Test Method:		[testPackage01.Test_NewValidationHelper.forceFail2]
################################################################################################################################################
[ReportManager] Assertion Failed: Custom Message @24-10-2021 01:58:56.0819 AM
[ReportManager] Assertion [ValidateFail] FAILED. Successfully force failed the test. @24-10-2021 01:58:56.0819 A

################################################################################################################################################
Starting Execution:	[115 out of 143] test cases in the current suite
Test Method:		[testPackage01.Test_sendGraphqlRequest.sendGraphqlRequestUsingMutationAndVariables]
################################################################################################################################################
[ReportManager] GraphQl Request is being Performed with the Following Parameters [Service URL: https://api.spacex.land/graphql | Request Body: {"variables":"{\"name\": \"sherlock holmes\",\"rocket\": \"221B Baker Street\"}","query":"mutation ($name: String, $rocket: String) {\n  insert_users(objects: {name: $name, rocket: $rocket}) {\n    returning {\n      name\n      rocket\n    }\n  }\n}"}] @24-10-2021 01:58:56.0827 AM
[ReportManager] Response status code: [200], status line: [HTTP/1.1 200 OK] @24-10-2021 01:58:57.0510 AM
[ReportManager] Assertion Passed: Evaluating the actual response status code against the expected one... @24-10-2021 01:58:57.0511 AM
[ReportManager] Assertion [ValidateEquals] PASSED. Expected [200] and Actual [200]. Comparison Type [EQUALS]. Validation Type [POSITIVE]. @24-10-2021 01:58:57.0511 AM
[ReportManager] API Action [PerformRequest] successfully performed. With the following test data [Request Type: "POST" | Target Status Code: "200" | Service URL: "https://api.spacex.land/graphql" | Content Type: "application/json" | Response Time: "588ms"]. @24-10-2021 01:58:57.0525 AM
[ReportManager] Successfully created attachment [API Request - Specifications] @24-10-2021 01:58:57.0526 AM
[ReportManager] Successfully created attachment [API Request - JSON Body] @24-10-2021 01:58:57.0528 AM
[ReportManager] Successfully created attachment [API Response - JSON Body] @24-10-2021 01:58:57.0529 AM
[ReportManager] API Action [GetResponseJSONValue] successfully performed. With the following test data [data.insert_users.returning[0].name]. @24-10-2021 01:58:57.0629 AM
[ReportManager] Assertion [ValidateEquals] PASSED. Expected [sherlock holmes] and Actual [sherlock holmes]. Comparison Type [EQUALS]. Validation Type [POSITIVE]. @24-10-2021 01:58:57.0629 A

################################################################################################################################################
Starting Execution:	[116 out of 143] test cases in the current suite
Test Method:		[testPackage01.Test_sendGraphqlRequest.sendGraphqlRequestUsingQuery]
################################################################################################################################################
[ReportManager] GraphQl Request is being Performed with the Following Parameters [Service URL: https://api.spacex.land/graphql | Request Body: {"query":"{company {ceo}}"}] @24-10-2021 01:58:57.0633 AM
[ReportManager] Response status code: [200], status line: [HTTP/1.1 200 OK] @24-10-2021 01:58:57.0843 AM
[ReportManager] Assertion Passed: Evaluating the actual response status code against the expected one... @24-10-2021 01:58:57.0844 AM
[ReportManager] Assertion [ValidateEquals] PASSED. Expected [200] and Actual [200]. Comparison Type [EQUALS]. Validation Type [POSITIVE]. @24-10-2021 01:58:57.0844 AM
[ReportManager] API Action [PerformRequest] successfully performed. With the following test data [Request Type: "POST" | Target Status Code: "200" | Service URL: "https://api.spacex.land/graphql" | Content Type: "application/json" | Response Time: "203ms"]. @24-10-2021 01:58:57.0857 AM
[ReportManager] Successfully created attachment [API Request - Specifications] @24-10-2021 01:58:57.0858 AM
[ReportManager] Successfully created attachment [API Request - JSON Body] @24-10-2021 01:58:57.0858 AM
[ReportManager] Successfully created attachment [API Response - JSON Body] @24-10-2021 01:58:57.0858 AM
[ReportManager] API Action [GetResponseJSONValue] successfully performed. With the following test data [data.company.ceo]. @24-10-2021 01:58:57.0872 AM
[ReportManager] Assertion [ValidateEquals] PASSED. Expected [Elon Musk] and Actual [Elon Musk]. Comparison Type [EQUALS]. Validation Type [POSITIVE]. @24-10-2021 01:58:57.0872 A
[ReportManager] Successfully loaded the following test data file [src/test/resources/TestDataFiles/testSuite01/TestData.xlsx]. @24-10-2021 01:58:57.0929 AM
[ReportManager] Successfully created attachment [Test Data - Excel] @24-10-2021 01:58:57.0929 AM
[ReportManager] File Action [GetAbsolutePath] successfully performed. With the following test data [Relative Folder Path: "target/downloadedFiles/"]. @24-10-2021 01:58:57.0929 AM
[ReportManager] Attempting to run remotely on: [Linux-64], [GoogleChrome], [http://localhost:4444/wd/hub], Headless Execution. @24-10-2021 01:58:57.0929 AM
[ReportManager] Successfully Opened [GoogleChrome]. @24-10-2021 01:58:58.0152 A

################################################################################################################################################
Starting Execution:	[117 out of 143] test cases in the current suite
Test Method:		[testPackage01.Test_google.navigateToURLandVerifyGoogleLogoIsDisplayed]
Test Description:	[TC001 - Navigate to URL and Verify Google Logo is Displayed]
################################################################################################################################################
[ReportManager] Target URL: [https://www.google.com/ncr], and after redirection: [https://www.google.com] @24-10-2021 01:58:58.0168 AM
[ReportManager] Initial URL: [data:,] @24-10-2021 01:58:58.0210 AM
[ReportManager] Browser Action [NavigateToURL] successfully performed. With the following test data [https://www.google.com/ncr]. @24-10-2021 01:58:59.0173 AM
[ReportManager] Loaded Shared OpenCV @24-10-2021 01:58:59.0353 AM
[ReportManager] Assertion [ValidateElementExists] PASSED. Expected [Element Should Exist, locator 'By.xpath: //*[@id='hplogo' or @alt='Google']'] and Actual [Element Exists]. Comparison Type [EQUALS]. Validation Type [POSITIVE]. @24-10-2021 01:58:59.0432 AM
[ReportManager] Successfully created attachment [Screenshot - 1635040739353_navigateToURLandVerifyGoogleLogoIsDisplayed_ValidateElementExists_passed] @24-10-2021 01:58:59.0433 A

################################################################################################################################################
Starting Execution:	[118 out of 143] test cases in the current suite
Test Method:		[testPackage01.Test_google.searchForQueryandAssertResultsNumDisplayed]
Test Description:	[TC002 - Search for Query and Assert that the number of results is displayed]
################################################################################################################################################
[ReportManager] Element Action [Type] successfully performed. With the following test data [SHAFT_Engine]. @24-10-2021 01:58:59.0799 AM
[ReportManager] Element Action [KeyPress] successfully performed. With the following test data [Enter]. @24-10-2021 01:59:01.0335 AM
[ReportManager] Element Action [GetText] successfully performed. With the following test data [About 903,000 results (0.76 seconds) ]. @24-10-2021 01:59:01.0434 AM
[ReportManager] Loaded Shared OpenCV @24-10-2021 01:59:01.0602 AM
[ReportManager] Assertion [ValidateElementAttribute] PASSED. Expected [Value Should not be '' for the 'Text' attribute, element locator 'By.id: appbar'] and Actual [About 903,000 results (0.76 seconds) ]. Comparison Type [EQUALS]. Validation Type [NEGATIVE]. @24-10-2021 01:59:01.0701 AM
[ReportManager] Successfully created attachment [Screenshot - 1635040741602_searchForQueryandAssertResultsNumDisplayed_ValidateElementAttribute_passed] @24-10-2021 01:59:01.0703 A

################################################################################################################################################
Starting Execution:	[119 out of 143] test cases in the current suite
Test Method:		[testPackage01.Test_google.clickNextThrice]
Test Description:	[TC003 - Clicks the next button to make sure that the framework can scroll element into view before clicking it]
################################################################################################################################################
[ReportManager] Element Action [Click] successfully performed. With the following test data [Next]. @24-10-2021 01:59:02.0978 A
[ReportManager] Browser Action [CloseCurrentWindow] successfully performed. @24-10-2021 01:59:03.0355 AM
[ReportManager] Successfully created attachment [Browser Action Test Data - CloseCurrentWindow - Actual Value] @24-10-2021 01:59:03.0359 A
[ReportManager] File Action [GetAbsolutePath] successfully performed. With the following test data [Relative Folder Path: "target/downloadedFiles/"]. @24-10-2021 01:59:03.0363 AM
[ReportManager] Attempting to run remotely on: [Linux-64], [GoogleChrome], [http://localhost:4444/wd/hub], Headless Execution. @24-10-2021 01:59:03.0364 AM
[ReportManager] Successfully Opened [GoogleChrome]. @24-10-2021 01:59:03.0629 A

################################################################################################################################################
Starting Execution:	[120 out of 143] test cases in the current suite
Test Method:		[testPackage01.Test_ShadowDOM.shadowdom]
################################################################################################################################################
[ReportManager] Target URL: [https://mdn.github.io/web-components-examples/popup-info-box-web-component/] @24-10-2021 01:59:03.0665 AM
[ReportManager] Initial URL: [data:,] @24-10-2021 01:59:03.0710 AM
[ReportManager] Browser Action [NavigateToURL] successfully performed. With the following test data [https://mdn.github.io/web-components-examples/popup-info-box-web-component/]. @24-10-2021 01:59:04.0114 AM
[ReportManager] Element Action [Type] successfully performed. With the following test data [Typing into SHADOW DOM...]. @24-10-2021 01:59:04.0415 AM
[ReportManager] Element Action [GetText] successfully performed. With the following test data [Typing into SHADOW DOM...]. @24-10-2021 01:59:04.0512 AM
[ReportManager] Loaded Shared OpenCV @24-10-2021 01:59:04.0662 AM
[ReportManager] Assertion [ValidateElementAttribute] PASSED. Expected [Value Should be 'Typing into SHADOW DOM...' for the 'Text' attribute, element locator 'By.id: cvc'] and Actual [Typing into SHADOW DOM...]. Comparison Type [EQUALS]. Validation Type [POSITIVE]. @24-10-2021 01:59:04.0741 AM
[ReportManager] Successfully created attachment [Screenshot - 1635040744662_shadowdom_ValidateElementAttribute_passed] @24-10-2021 01:59:04.0742 A
[ReportManager] Browser Action [CloseCurrentWindow] successfully performed. @24-10-2021 01:59:04.0843 AM
[ReportManager] Successfully created attachment [Browser Action Test Data - CloseCurrentWindow - Actual Value] @24-10-2021 01:59:04.0844 A

################################################################################################################################################
Starting Execution:	[121 out of 143] test cases in the current suite
Test Method:		[testPackage01.Test_AssertApiResponseEquals.assertApiResponseEquals_expectedToPass]
################################################################################################################################################
[ReportManager] Response status code: [200], status line: [HTTP/1.1 200 OK] @24-10-2021 01:59:04.0936 AM
[ReportManager] Assertion Passed: Evaluating the actual response status code against the expected one... @24-10-2021 01:59:04.0936 AM
[ReportManager] Assertion [ValidateEquals] PASSED. Expected [200] and Actual [200]. Comparison Type [EQUALS]. Validation Type [POSITIVE]. @24-10-2021 01:59:04.0936 AM
[ReportManager] API Action [PerformRequest] successfully performed. With the following test data [Request Type: "GET" | Target Status Code: "200" | Service URL: "https://jsonplaceholder.typicode.com/users" | Content Type: "*/*" | Response Time: "71ms"]. @24-10-2021 01:59:04.0956 AM
[ReportManager] Successfully created attachment [API Request - Specifications] @24-10-2021 01:59:04.0958 AM
[ReportManager] Successfully created attachment [API Response - JSON Body] @24-10-2021 01:59:04.0959 AM
[ReportManager] API Action [GetResponseJSONValueAsList] successfully performed. With the following test data [$]. @24-10-2021 01:59:04.0963 AM
[ReportManager] API Action [GetResponseJSONValue] successfully performed. With the following test data [name]. @24-10-2021 01:59:04.0983 AM
[ReportManager] API Action [GetResponseJSONValue] successfully performed. With the following test data [email]. @24-10-2021 01:59:04.0995 AM
[ReportManager] Verification [ValidateEquals] PASSED. Expected [Sincere@april.biz] and Actual [Sincere@april.biz]. Comparison Type [EQUALS]. Validation Type [POSITIVE]. @24-10-2021 01:59:04.0995 AM
[ReportManager] API Action [GetResponseJSONValue] successfully performed. With the following test data [username]. @24-10-2021 01:59:05.0007 AM
[ReportManager] Assertion [ValidateEquals] PASSED. Expected [Bret] and Actual [Bret]. Comparison Type [EQUALS]. Validation Type [POSITIVE]. @24-10-2021 01:59:05.0007 AM
[ReportManager] API Action [GetResponseJSONValue] successfully performed. With the following test data [name]. @24-10-2021 01:59:05.0021 AM
[ReportManager] API Action [GetResponseJSONValue] successfully performed. With the following test data [name]. @24-10-2021 01:59:05.0031 AM
[ReportManager] API Action [GetResponseJSONValue] successfully performed. With the following test data [name]. @24-10-2021 01:59:05.0040 AM
[ReportManager] API Action [GetResponseJSONValue] successfully performed. With the following test data [name]. @24-10-2021 01:59:05.0056 AM
[ReportManager] API Action [GetResponseJSONValue] successfully performed. With the following test data [name]. @24-10-2021 01:59:05.0065 AM
[ReportManager] API Action [GetResponseJSONValue] successfully performed. With the following test data [name]. @24-10-2021 01:59:05.0093 AM
[ReportManager] API Action [GetResponseJSONValue] successfully performed. With the following test data [name]. @24-10-2021 01:59:05.0101 AM
[ReportManager] API Action [GetResponseJSONValue] successfully performed. With the following test data [name]. @24-10-2021 01:59:05.0109 AM
[ReportManager] API Action [GetResponseJSONValue] successfully performed. With the following test data [name]. @24-10-2021 01:59:05.0117 A
[ReportManager] File Action [GetAbsolutePath] successfully performed. With the following test data [Relative Folder Path: "target/downloadedFiles/"]. @24-10-2021 01:59:05.0127 AM
[ReportManager] Attempting to run remotely on: [Linux-64], [GoogleChrome], [http://localhost:4444/wd/hub], Headless Execution. @24-10-2021 01:59:05.0128 AM
[ReportManager] Successfully Opened [GoogleChrome]. @24-10-2021 01:59:05.0427 A

################################################################################################################################################
Starting Execution:	[122 out of 143] test cases in the current suite
Test Method:		[testPackage01.Test_IsElementClickable.testIsElementClickable]
################################################################################################################################################
[ReportManager] Target URL: [https://the-internet.herokuapp.com/] @24-10-2021 01:59:05.0444 AM
[ReportManager] Initial URL: [data:,] @24-10-2021 01:59:05.0488 AM
[ReportManager] Browser Action [NavigateToURL] successfully performed. With the following test data [https://the-internet.herokuapp.com/]. @24-10-2021 01:59:06.0285 AM
[ReportManager] Element Action [IsElementClickable] successfully performed. @24-10-2021 01:59:06.0432 AM
[ReportManager] Assertion [ValidateTrue] PASSED. Expected [TRUE] and Actual [TRUE]. Validation Type [POSITIVE]. @24-10-2021 01:59:06.0432 A
[ReportManager] Browser Action [CloseCurrentWindow] successfully performed. @24-10-2021 01:59:06.0537 AM
[ReportManager] Successfully created attachment [Browser Action Test Data - CloseCurrentWindow - Actual Value] @24-10-2021 01:59:06.0538 A

################################################################################################################################################
Starting Execution:	[123 out of 143] test cases in the current suite
Test Method:		[testPackage01.Test_JsonCompareWithSpecialCharacters.specialCharacters]
################################################################################################################################################
[ReportManager] File Action [GetAbsolutePath] successfully performed. With the following test data [Relative Folder Path: "src/test/resources/TestJsonFiles/specialCharacters.json"]. @24-10-2021 01:59:06.0548 AM
[ReportManager] File Action [ReadFromFile] successfully performed. With the following test data [File Path: "/home/runner/work/SHAFT_ENGINE/SHAFT_ENGINE/src/test/resources/TestJsonFiles/specialCharacters.json"]. @24-10-2021 01:59:06.0557 AM
[ReportManager] Successfully created attachment [File Action Actual Result - Command Log] @24-10-2021 01:59:06.0558 AM
[ReportManager] Comparing the provided API response with the file at this path "src/test/resources/TestJsonFiles/specialCharacters.json", comparison type "EQUALS" @24-10-2021 01:59:06.0558 AM
[ReportManager] API Action [CompareJSON] successfully performed. With the following test data [src/test/resources/TestJsonFiles/specialCharacters.json]. @24-10-2021 01:59:06.0566 AM
[ReportManager] File Action [GetAbsolutePath] successfully performed. With the following test data [Relative Folder Path: "src/test/resources/TestJsonFiles/specialCharacters.json"]. @24-10-2021 01:59:06.0566 AM
[ReportManager] File Action [ReadFromFile] successfully performed. With the following test data [File Path: "/home/runner/work/SHAFT_ENGINE/SHAFT_ENGINE/src/test/resources/TestJsonFiles/specialCharacters.json"]. @24-10-2021 01:59:06.0566 AM
[ReportManager] Verification [ValidateJSONFileContent] PASSED. Expected [Response data should match the JSON File in this path 'src/test/resources/TestJsonFiles/specialCharacters.json'] and Actual [TRUE]. Comparison Type [EQUALS]. Validation Type [POSITIVE]. @24-10-2021 01:59:06.0571 AM
[ReportManager] Successfully created attachment [Validation Test Data - Expected JSON Value] @24-10-2021 01:59:06.0572 AM
[ReportManager] Successfully created attachment [Validation Test Data - Actual JSON Value] @24-10-2021 01:59:06.0573 A

################################################################################################################################################
Starting Execution:	[124 out of 143] test cases in the current suite
Test Method:		[testPackage01.Test_JsonCompareWithSpecialCharacters.specialCharacters_assertion]
################################################################################################################################################
[ReportManager] File Action [GetAbsolutePath] successfully performed. With the following test data [Relative Folder Path: "src/test/resources/TestJsonFiles/specialCharacters.json"]. @24-10-2021 01:59:06.0582 AM
[ReportManager] File Action [ReadFromFile] successfully performed. With the following test data [File Path: "/home/runner/work/SHAFT_ENGINE/SHAFT_ENGINE/src/test/resources/TestJsonFiles/specialCharacters.json"]. @24-10-2021 01:59:06.0583 AM
[ReportManager] Successfully created attachment [File Action Actual Result - Command Log] @24-10-2021 01:59:06.0583 AM
[ReportManager] Comparing the provided API response with the file at this path "src/test/resources/TestJsonFiles/specialCharacters.json", comparison type "CONTAINS" @24-10-2021 01:59:06.0584 AM
[ReportManager] API Action [CompareJSON] successfully performed. With the following test data [src/test/resources/TestJsonFiles/specialCharacters.json]. @24-10-2021 01:59:06.0611 AM
[ReportManager] File Action [GetAbsolutePath] successfully performed. With the following test data [Relative Folder Path: "src/test/resources/TestJsonFiles/specialCharacters.json"]. @24-10-2021 01:59:06.0612 AM
[ReportManager] File Action [ReadFromFile] successfully performed. With the following test data [File Path: "/home/runner/work/SHAFT_ENGINE/SHAFT_ENGINE/src/test/resources/TestJsonFiles/specialCharacters.json"]. @24-10-2021 01:59:06.0612 AM
[ReportManager] Assertion Passed: trying out the log message @24-10-2021 01:59:06.0618 AM
[ReportManager] Successfully created attachment [Validation Test Data - Expected JSON Value] @24-10-2021 01:59:06.0618 AM
[ReportManager] Successfully created attachment [Validation Test Data - Actual JSON Value] @24-10-2021 01:59:06.0619 AM
[ReportManager] Assertion [ValidateJSONFileContent] PASSED. Expected [Response data should match the JSON File in this path 'src/test/resources/TestJsonFiles/specialCharacters.json'] and Actual [TRUE]. Comparison Type [CONTAINS]. Validation Type [POSITIVE]. @24-10-2021 01:59:06.0619 A
[ReportManager] File Action [GetAbsolutePath] successfully performed. With the following test data [Relative Folder Path: "target/downloadedFiles/"]. @24-10-2021 01:59:06.0621 AM
[ReportManager] Attempting to run remotely on: [Linux-64], [GoogleChrome], [http://localhost:4444/wd/hub], Headless Execution. @24-10-2021 01:59:06.0621 AM
[ReportManager] Successfully Opened [GoogleChrome]. @24-10-2021 01:59:06.0834 A

################################################################################################################################################
Starting Execution:	[125 out of 143] test cases in the current suite
Test Method:		[testPackage01.Test_assertEquals.test_assertElementAttribute]
################################################################################################################################################
[ReportManager] Target URL: [https://www.google.com/ncr], and after redirection: [https://www.google.com] @24-10-2021 01:59:06.0851 AM
[ReportManager] Initial URL: [data:,] @24-10-2021 01:59:06.0899 AM
[ReportManager] Browser Action [NavigateToURL] successfully performed. With the following test data [https://www.google.com/ncr]. @24-10-2021 01:59:07.0922 AM
[ReportManager] Element Action [Type] successfully performed. With the following test data [INC_004010050:Another SCHEDULER with the same name [Duplicate Job Name] already exists.]. @24-10-2021 01:59:08.0615 AM
[ReportManager] Element Action [GetText] successfully performed. With the following test data [INC_004010050:Another SCHEDULER with the same name [Duplicate Job Name] already exists.]. @24-10-2021 01:59:08.0708 AM
[ReportManager] Loaded Shared OpenCV @24-10-2021 01:59:08.0839 AM
[ReportManager] Assertion [ValidateElementAttribute] PASSED. Expected [Value Should be 'INC_004010050:Another SCHEDULER with the same name \[Duplicate Job Name\] already exists.' for the 'text' attribute, element locator 'By.name: q'] and Actual [INC_004010050:Another SCHEDULER with the same name [Duplicate Job Name] already exists.]. Comparison Type [MATCHES]. Validation Type [POSITIVE]. @24-10-2021 01:59:08.0919 AM
[ReportManager] Successfully created attachment [Screenshot - 1635040748839_test_assertElementAttribute_ValidateElementAttribute_passed] @24-10-2021 01:59:08.0920 A
[ReportManager] Browser Action [CloseCurrentWindow] successfully performed. @24-10-2021 01:59:09.0049 AM
[ReportManager] Successfully created attachment [Browser Action Test Data - CloseCurrentWindow - Actual Value] @24-10-2021 01:59:09.0051 A
[ReportManager] File Action [GetAbsolutePath] successfully performed. With the following test data [Relative Folder Path: "target/downloadedFiles/"]. @24-10-2021 01:59:09.0052 AM
[ReportManager] Attempting to run remotely on: [Linux-64], [GoogleChrome], [http://localhost:4444/wd/hub], Headless Execution. @24-10-2021 01:59:09.0052 AM
[ReportManager] Successfully Opened [GoogleChrome]. @24-10-2021 01:59:09.0261 A

################################################################################################################################################
Starting Execution:	[126 out of 143] test cases in the current suite
Test Method:		[testPackage01.Test_verifyEquals.test_assertElementAttribute]
################################################################################################################################################
[ReportManager] Target URL: [https://www.google.com/ncr], and after redirection: [https://www.google.com] @24-10-2021 01:59:09.0274 AM
[ReportManager] Initial URL: [data:,] @24-10-2021 01:59:09.0326 AM
[ReportManager] Browser Action [NavigateToURL] successfully performed. With the following test data [https://www.google.com/ncr]. @24-10-2021 01:59:10.0303 AM
[ReportManager] Element Action [Type] successfully performed. With the following test data [INC_004010050:Another SCHEDULER with the same name [Duplicate Job Name] already exists.]. @24-10-2021 01:59:11.0029 AM
[ReportManager] Element Action [GetText] successfully performed. With the following test data [INC_004010050:Another SCHEDULER with the same name [Duplicate Job Name] already exists.]. @24-10-2021 01:59:11.0144 AM
[ReportManager] Loaded Shared OpenCV @24-10-2021 01:59:11.0292 AM
[ReportManager] Verification [ValidateElementAttribute] PASSED. Expected [Value Should be 'INC_004010050:Another SCHEDULER with the same name \[Duplicate Job Name\] already exists.' for the 'text' attribute, element locator 'By.name: q'] and Actual [INC_004010050:Another SCHEDULER with the same name [Duplicate Job Name] already exists.]. Comparison Type [MATCHES]. Validation Type [POSITIVE]. @24-10-2021 01:59:11.0373 AM
[ReportManager] Successfully created attachment [Screenshot - 1635040751292_test_assertElementAttribute_ValidateElementAttribute_passed] @24-10-2021 01:59:11.0374 A
[ReportManager] Browser Action [CloseCurrentWindow] successfully performed. @24-10-2021 01:59:11.0518 AM
[ReportManager] Successfully created attachment [Browser Action Test Data - CloseCurrentWindow - Actual Value] @24-10-2021 01:59:11.0519 A

################################################################################################################################################
Starting Execution:	[127 out of 143] test cases in the current suite
Test Method:		[testPackage01.Test_JsonActions.f]
###############################################################################################################################################

################################################################################################################################################
Starting Execution:	[128 out of 143] test cases in the current suite
Test Method:		[testPackage01.Test_JsonActions.f2]
###############################################################################################################################################

################################################################################################################################################
Starting Execution:	[129 out of 143] test cases in the current suite
Test Method:		[testPackage01.Test_PDF.testPDF_Downloaded]
################################################################################################################################################
[ReportManager] File Action [DoesFileExist] successfully performed. With the following test data [File Path: "src/test/resources/TestDataFiles/sample.pdf"]. @24-10-2021 01:59:11.0547 AM
[ReportManager] File Action [GetAbsolutePath] successfully performed. With the following test data [Relative File Path: "src/test/resources/TestDataFiles/sample.pdf"]. @24-10-2021 01:59:11.0547 AM
[ReportManager] Assertion [ValidateTrue] PASSED. Expected [TRUE] and Actual [TRUE]. Validation Type [POSITIVE]. @24-10-2021 01:59:12.0568 A
[ReportManager] File Action [GetAbsolutePath] successfully performed. With the following test data [Relative Folder Path: "target/downloadedFiles/"]. @24-10-2021 01:59:12.0577 AM
[ReportManager] Attempting to run remotely on: [Linux-64], [GoogleChrome], [http://localhost:4444/wd/hub], Headless Execution. @24-10-2021 01:59:12.0577 AM
[ReportManager] Successfully Opened [GoogleChrome]. @24-10-2021 01:59:12.0798 A

################################################################################################################################################
Starting Execution:	[130 out of 143] test cases in the current suite
Test Method:		[testPackage01.Test_dragAndDrop.dragAndDropJquery]
################################################################################################################################################
[ReportManager] Target URL: [https://jqueryui.com/resources/demos/droppable/default.html] @24-10-2021 01:59:12.0810 AM
[ReportManager] Initial URL: [data:,] @24-10-2021 01:59:12.0858 AM
[ReportManager] Browser Action [NavigateToURL] successfully performed. With the following test data [https://jqueryui.com/resources/demos/droppable/default.html]. @24-10-2021 01:59:13.0373 AM
[ReportManager] Element Action [GetText] successfully performed. With the following test data [Drop here]. @24-10-2021 01:59:13.0471 AM
[ReportManager] Element Action [DragAndDrop] successfully performed. With the following test data [Start point: (8, 18), End point: (8, 18)]. @24-10-2021 01:59:14.0804 AM
[ReportManager] Element Action [GetText] successfully performed. With the following test data [Dropped!]. @24-10-2021 01:59:14.0875 AM
[ReportManager] Assertion Passed: Checking to see if the text has changed after performing drag and drop @24-10-2021 01:59:14.0876 AM
[ReportManager] Assertion [ValidateEquals] PASSED. Expected [Drop here] and Actual [Dropped!]. Comparison Type [EQUALS]. Validation Type [NEGATIVE]. @24-10-2021 01:59:14.0876 A
[ReportManager] Browser Action [CloseCurrentWindow] successfully performed. @24-10-2021 01:59:15.0011 AM
[ReportManager] Successfully created attachment [Browser Action Test Data - CloseCurrentWindow - Actual Value] @24-10-2021 01:59:15.0011 A
[ReportManager] File Action [GetAbsolutePath] successfully performed. With the following test data [Relative Folder Path: "target/downloadedFiles/"]. @24-10-2021 01:59:15.0013 AM
[ReportManager] Attempting to run remotely on: [Linux-64], [GoogleChrome], [http://localhost:4444/wd/hub], Headless Execution. @24-10-2021 01:59:15.0013 AM
[ReportManager] Successfully Opened [GoogleChrome]. @24-10-2021 01:59:15.0280 A

################################################################################################################################################
Starting Execution:	[131 out of 143] test cases in the current suite
Test Method:		[testPackage01.Test_dragAndDrop.dragAndDrop]
Test Description:	[TC001 - Test Drag and Drop function.]
################################################################################################################################################
[ReportManager] Target URL: [http://the-internet.herokuapp.com/drag_and_drop] @24-10-2021 01:59:15.0300 AM
[ReportManager] Initial URL: [data:,] @24-10-2021 01:59:15.0347 AM
[ReportManager] Browser Action [NavigateToURL] successfully performed. With the following test data [http://the-internet.herokuapp.com/drag_and_drop]. @24-10-2021 01:59:16.0010 AM
[ReportManager] Attempting Drag and Drop @24-10-2021 01:59:16.0010 AM
[ReportManager] Element Action [DragAndDrop] successfully performed. With the following test data [Start point: (32, 90), End point: (247, 90)]. @24-10-2021 01:59:17.0251 A
[ReportManager] Browser Action [CloseCurrentWindow] successfully performed. @24-10-2021 01:59:17.0358 AM
[ReportManager] Successfully created attachment [Browser Action Test Data - CloseCurrentWindow - Actual Value] @24-10-2021 01:59:17.0358 A
[ReportManager] File Action [GetAbsolutePath] successfully performed. With the following test data [Relative Folder Path: "target/downloadedFiles/"]. @24-10-2021 01:59:17.0360 AM
[ReportManager] Attempting to run remotely on: [Linux-64], [GoogleChrome], [http://localhost:4444/wd/hub], Headless Execution. @24-10-2021 01:59:17.0360 AM
[ReportManager] Successfully Opened [GoogleChrome]. @24-10-2021 01:59:17.0578 A

################################################################################################################################################
Starting Execution:	[132 out of 143] test cases in the current suite
Test Method:		[testPackage01.Test_dragAndDrop.dragAndDropByOffset]
Test Description:	[TC002 - Test Drag and Drop by offset function.]
################################################################################################################################################
[ReportManager] Target URL: [https://jqueryui.com/resources/demos/draggable/default.html] @24-10-2021 01:59:17.0598 AM
[ReportManager] Initial URL: [data:,] @24-10-2021 01:59:17.0676 AM
[ReportManager] Browser Action [NavigateToURL] successfully performed. With the following test data [https://jqueryui.com/resources/demos/draggable/default.html]. @24-10-2021 01:59:18.0183 AM
[ReportManager] Element Action [DragAndDropByOffset] successfully performed. With the following test data [Start point: (8, 8), End point: (108, 58)]. @24-10-2021 01:59:18.0367 A
[ReportManager] Browser Action [CloseCurrentWindow] successfully performed. @24-10-2021 01:59:18.0475 AM
[ReportManager] Successfully created attachment [Browser Action Test Data - CloseCurrentWindow - Actual Value] @24-10-2021 01:59:18.0475 A
[ReportManager] File Action [GetAbsolutePath] successfully performed. With the following test data [Relative Folder Path: "target/downloadedFiles/"]. @24-10-2021 01:59:18.0477 AM
[ReportManager] Attempting to run remotely on: [Linux-64], [GoogleChrome], [http://localhost:4444/wd/hub], Headless Execution. @24-10-2021 01:59:18.0477 AM
[ReportManager] Successfully Opened [GoogleChrome]. @24-10-2021 01:59:18.0685 A

################################################################################################################################################
Starting Execution:	[133 out of 143] test cases in the current suite
Test Method:		[testPackage01.Test_clipboardActions.typeTextAndCopyPaste]
################################################################################################################################################
[ReportManager] Target URL: [https://www.google.com/ncr], and after redirection: [https://www.google.com] @24-10-2021 01:59:18.0697 AM
[ReportManager] Initial URL: [data:,] @24-10-2021 01:59:18.0745 AM
[ReportManager] Browser Action [NavigateToURL] successfully performed. With the following test data [https://www.google.com/ncr]. @24-10-2021 01:59:19.0693 AM
[ReportManager] Element Action [Type] successfully performed. With the following test data [FIRST]. @24-10-2021 01:59:20.0056 AM
[ReportManager] Element Action [ClipboardActions] successfully performed. With the following test data [select all]. @24-10-2021 01:59:20.0133 AM
[ReportManager] Element Action [ClipboardActions] successfully performed. With the following test data [copy]. @24-10-2021 01:59:20.0195 AM
[ReportManager] Element Action [ClipboardActions] successfully performed. With the following test data [unselect]. @24-10-2021 01:59:20.0255 AM
[ReportManager] Element Action [ClipboardActions] successfully performed. With the following test data [paste]. @24-10-2021 01:59:20.0307 AM
[ReportManager] Element Action [ClipboardActions] successfully performed. With the following test data [select all]. @24-10-2021 01:59:20.0368 AM
[ReportManager] Element Action [Type] successfully performed. @24-10-2021 01:59:20.0613 AM
[ReportManager] Element Action [ClipboardActions] successfully performed. With the following test data [cut]. @24-10-2021 01:59:20.0614 AM
[ReportManager] Element Action [ClipboardActions] successfully performed. With the following test data [paste]. @24-10-2021 01:59:20.0692 AM
[ReportManager] Element Action [ClipboardActions] successfully performed. With the following test data [paste]. @24-10-2021 01:59:20.0763 A
[ReportManager] Browser Action [CloseCurrentWindow] successfully performed. @24-10-2021 01:59:20.0910 AM
[ReportManager] Successfully created attachment [Browser Action Test Data - CloseCurrentWindow - Actual Value] @24-10-2021 01:59:20.0912 A
[ReportManager] File Action [GetAbsolutePath] successfully performed. With the following test data [Relative Folder Path: "target/downloadedFiles/"]. @24-10-2021 01:59:20.0915 AM
[ReportManager] Attempting to run remotely on: [Linux-64], [GoogleChrome], [http://localhost:4444/wd/hub], Headless Execution. @24-10-2021 01:59:20.0915 AM
[ReportManager] Successfully Opened [GoogleChrome]. @24-10-2021 01:59:21.0163 A

################################################################################################################################################
Starting Execution:	[134 out of 143] test cases in the current suite
Test Method:		[testPackage01.Test_dynamicLoading.dynamicLoading_elementIsHidden]
################################################################################################################################################
[ReportManager] Target URL: [https://the-internet.herokuapp.com/dynamic_loading/1] @24-10-2021 01:59:21.0177 AM
[ReportManager] Initial URL: [data:,] @24-10-2021 01:59:21.0238 AM
[ReportManager] Browser Action [NavigateToURL] successfully performed. With the following test data [https://the-internet.herokuapp.com/dynamic_loading/1]. @24-10-2021 01:59:22.0022 AM
[ReportManager] Element Action [Click] successfully performed. With the following test data [Start]. @24-10-2021 01:59:22.0413 AM
[ReportManager] Element Action [GetText] successfully performed. With the following test data [
    Hello World!
  ]. @24-10-2021 01:59:22.0523 AM
[ReportManager] Loaded Shared OpenCV @24-10-2021 01:59:22.0693 AM
[ReportManager] Assertion [ValidateElementAttribute] PASSED. Expected [Value Should be 'Hello World!' for the 'text' attribute, element locator 'By.id: finish'] and Actual [
    Hello World!
  ]. Comparison Type [CONTAINS]. Validation Type [POSITIVE]. @24-10-2021 01:59:22.0821 AM
[ReportManager] Successfully created attachment [Screenshot - 1635040762693_dynamicLoading_elementIsHidden_ValidateElementAttribute_passed] @24-10-2021 01:59:22.0822 A
[ReportManager] Browser Action [CloseCurrentWindow] successfully performed. @24-10-2021 01:59:22.0917 AM
[ReportManager] Successfully created attachment [Browser Action Test Data - CloseCurrentWindow - Actual Value] @24-10-2021 01:59:22.0917 A
[ReportManager] File Action [GetAbsolutePath] successfully performed. With the following test data [Relative Folder Path: "target/downloadedFiles/"]. @24-10-2021 01:59:22.0919 AM
[ReportManager] Attempting to run remotely on: [Linux-64], [GoogleChrome], [http://localhost:4444/wd/hub], Headless Execution. @24-10-2021 01:59:22.0919 AM
[ReportManager] Successfully Opened [GoogleChrome]. @24-10-2021 01:59:23.0141 A

################################################################################################################################################
Starting Execution:	[135 out of 143] test cases in the current suite
Test Method:		[testPackage01.Test_dynamicLoading.dynamicLoading_elementIsRendered]
################################################################################################################################################
[ReportManager] Target URL: [https://the-internet.herokuapp.com/dynamic_loading/2] @24-10-2021 01:59:23.0165 AM
[ReportManager] Initial URL: [data:,] @24-10-2021 01:59:23.0212 AM
[ReportManager] Browser Action [NavigateToURL] successfully performed. With the following test data [https://the-internet.herokuapp.com/dynamic_loading/2]. @24-10-2021 01:59:23.0961 AM
[ReportManager] Element Action [Click] successfully performed. With the following test data [Start]. @24-10-2021 01:59:24.0321 AM
[ReportManager] Element Action [GetText] successfully performed. With the following test data [Hello World!]. @24-10-2021 01:59:29.0507 AM
[ReportManager] Loaded Shared OpenCV @24-10-2021 01:59:29.0677 AM
[ReportManager] Assertion [ValidateElementAttribute] PASSED. Expected [Value Should be 'Hello World!' for the 'text' attribute, element locator 'By.id: finish'] and Actual [Hello World!]. Comparison Type [CONTAINS]. Validation Type [POSITIVE]. @24-10-2021 01:59:29.0762 AM
[ReportManager] Successfully created attachment [Screenshot - 1635040769677_dynamicLoading_elementIsRendered_ValidateElementAttribute_passed] @24-10-2021 01:59:29.0763 A
[ReportManager] Browser Action [CloseCurrentWindow] successfully performed. @24-10-2021 01:59:29.0862 AM
[ReportManager] Successfully created attachment [Browser Action Test Data - CloseCurrentWindow - Actual Value] @24-10-2021 01:59:29.0862 A
[ReportManager] File Action [GetAbsolutePath] successfully performed. With the following test data [Relative Folder Path: "target/downloadedFiles/"]. @24-10-2021 01:59:29.0864 AM
[ReportManager] Attempting to run remotely on: [Linux-64], [GoogleChrome], [http://localhost:4444/wd/hub], Headless Execution. @24-10-2021 01:59:29.0864 AM
[ReportManager] Successfully Opened [GoogleChrome]. @24-10-2021 01:59:30.0089 A

################################################################################################################################################
Starting Execution:	[136 out of 143] test cases in the current suite
Test Method:		[testPackage01.Test_uploadFile.uploadFile_invisibleUploadInput]
################################################################################################################################################
[ReportManager] Target URL: [https://fineuploader.com/demos.html#gallery-view] @24-10-2021 01:59:30.0107 AM
[ReportManager] Initial URL: [data:,] @24-10-2021 01:59:30.0149 AM
[ReportManager] Browser Action [NavigateToURL] successfully performed. With the following test data [https://fineuploader.com/demos.html#gallery-view]. @24-10-2021 01:59:31.0969 AM
[ReportManager] File Action [GetAbsolutePath] successfully performed. With the following test data [Relative File Path: "src/main/resources/images/shaft.png"]. @24-10-2021 01:59:31.0970 AM
[ReportManager] Successfully created attachment [File Action Actual Result - Command Log] @24-10-2021 01:59:31.0970 AM
[ReportManager] Element Action [TypeFileLocationForUpload] successfully performed. With the following test data [/home/runner/work/SHAFT_ENGINE/SHAFT_ENGINE/src/main/resources/images/shaft.png]. @24-10-2021 01:59:32.0179 AM
[ReportManager] Attempting to getAttribute [src] from elementLocator [By.xpath: //div[@id='fine-uploader-gallery']//div[@class='qq-thumbnail-wrapper']/img]. @24-10-2021 01:59:32.0179 AM
[ReportManager] Element Action [GetAttribute] successfully performed. @24-10-2021 01:59:32.0326 AM
[ReportManager] Successfully created attachment [Element Action Test Data - GetAttribute - Actual Value] @24-10-2021 01:59:32.0326 AM
[ReportManager] Loaded Shared OpenCV @24-10-2021 01:59:32.0481 AM
[ReportManager] Assertion [ValidateElementAttribute] PASSED. Expected and Actual values are attached. Comparison Type [CONTAINS]. Validation Type [POSITIVE]. @24-10-2021 01:59:32.0581 AM
[ReportManager] Successfully created attachment [Validation Test Data - Expected Value] @24-10-2021 01:59:32.0581 AM
[ReportManager] Successfully created attachment [Validation Test Data - Actual Value] @24-10-2021 01:59:32.0582 AM
[ReportManager] Successfully created attachment [Screenshot - 1635040772481_uploadFile_invisibleUploadInput_ValidateElementAttribute_passed] @24-10-2021 01:59:32.0583 A
[ReportManager] Browser Action [CloseCurrentWindow] successfully performed. @24-10-2021 01:59:32.0721 AM
[ReportManager] Successfully created attachment [Browser Action Test Data - CloseCurrentWindow - Actual Value] @24-10-2021 01:59:32.0722 A
[ReportManager] File Action [GetAbsolutePath] successfully performed. With the following test data [Relative Folder Path: "target/downloadedFiles/"]. @24-10-2021 01:59:32.0731 AM
[ReportManager] Attempting to run remotely on: [Linux-64], [GoogleChrome], [http://localhost:4444/wd/hub], Headless Execution. @24-10-2021 01:59:32.0731 AM
[ReportManager] Successfully Opened [GoogleChrome]. @24-10-2021 01:59:32.0973 A

################################################################################################################################################
Starting Execution:	[137 out of 143] test cases in the current suite
Test Method:		[testPackage01.Test_uploadFile.uploadFile_visibleUploadInput]
################################################################################################################################################
[ReportManager] Target URL: [http://demo.guru99.com/test/upload/] @24-10-2021 01:59:32.0993 AM
[ReportManager] Initial URL: [data:,] @24-10-2021 01:59:33.0040 AM
[ReportManager] Browser Action [NavigateToURL] successfully performed. With the following test data [http://demo.guru99.com/test/upload/]. @24-10-2021 01:59:34.0339 AM
[ReportManager] File Action [GetAbsolutePath] successfully performed. With the following test data [Relative File Path: "src/main/resources/images/shaft.png"]. @24-10-2021 01:59:34.0339 AM
[ReportManager] Successfully created attachment [File Action Actual Result - Command Log] @24-10-2021 01:59:34.0339 AM
[ReportManager] Element Action [TypeFileLocationForUpload] successfully performed. With the following test data [/home/runner/work/SHAFT_ENGINE/SHAFT_ENGINE/src/main/resources/images/shaft.png]. @24-10-2021 01:59:34.0500 AM
[ReportManager] Element Action [Click] successfully performed. With the following test data [on]. @24-10-2021 01:59:34.0874 AM
[ReportManager] Element Action [Click] successfully performed. With the following test data [Submit File]. @24-10-2021 01:59:35.0220 AM
[ReportManager] Element Action [GetText] successfully performed. With the following test data [1 file
has been successfully uploaded.]. @24-10-2021 01:59:35.0873 AM
[ReportManager] Loaded Shared OpenCV @24-10-2021 01:59:36.0038 AM
[ReportManager] Assertion [ValidateElementAttribute] PASSED. Expected [Value Should be '1 file' for the 'Text' attribute, element locator 'By.id: res'] and Actual [1 file
has been successfully uploaded.]. Comparison Type [CONTAINS]. Validation Type [POSITIVE]. @24-10-2021 01:59:36.0119 AM
[ReportManager] Successfully created attachment [Screenshot - 1635040776038_uploadFile_visibleUploadInput_ValidateElementAttribute_passed] @24-10-2021 01:59:36.0120 A
[ReportManager] Browser Action [CloseCurrentWindow] successfully performed. @24-10-2021 01:59:36.0237 AM
[ReportManager] Successfully created attachment [Browser Action Test Data - CloseCurrentWindow - Actual Value] @24-10-2021 01:59:36.0238 A

################################################################################################################################################
Starting Execution:	[138 out of 143] test cases in the current suite
Test Method:		[testPackage01.Test_SelectedValue.multipleSelect]
################################################################################################################################################
[ReportManager] File Action [GetAbsolutePath] successfully performed. With the following test data [Relative Folder Path: "target/downloadedFiles/"]. @24-10-2021 01:59:36.0245 AM
[ReportManager] Attempting to run remotely on: [Linux-64], [GoogleChrome], [http://localhost:4444/wd/hub], Headless Execution. @24-10-2021 01:59:36.0245 AM
[ReportManager] Successfully Opened [GoogleChrome]. @24-10-2021 01:59:36.0484 AM
[ReportManager] Target URL: [https://yari-demos.prod.mdn.mozit.cloud/en-US/docs/Web/HTML/Element/select/_sample_.Advanced_select_with_multiple_features.html] @24-10-2021 01:59:36.0495 AM
[ReportManager] Initial URL: [data:,] @24-10-2021 01:59:36.0540 AM
[ReportManager] Browser Action [NavigateToURL] successfully performed. With the following test data [https://yari-demos.prod.mdn.mozit.cloud/en-US/docs/Web/HTML/Element/select/_sample_.Advanced_select_with_multiple_features.html]. @24-10-2021 01:59:37.0016 AM
[ReportManager] Element Action [Select] successfully performed. With the following test data [Dog]. @24-10-2021 01:59:37.0264 AM
[ReportManager] Element Action [Select] successfully performed. With the following test data [Cat]. @24-10-2021 01:59:37.0480 AM
[ReportManager] Element Action [GetSelectedText] successfully performed. With the following test data [DogCat]. @24-10-2021 01:59:37.0624 AM
[ReportManager] DogCat @24-10-2021 01:59:37.0628 AM
[ReportManager] Element Action [GetSelectedText] successfully performed. With the following test data [DogCat]. @24-10-2021 01:59:37.0758 AM
[ReportManager] Loaded Shared OpenCV @24-10-2021 01:59:37.0880 AM
[ReportManager] Assertion [ValidateElementAttribute] PASSED. Expected [Value Should be 'DogCat' for the 'selectedText' attribute, element locator 'By.tagName: select'] and Actual [DogCat]. Comparison Type [EQUALS]. Validation Type [POSITIVE]. @24-10-2021 01:59:37.0953 AM
[ReportManager] Successfully created attachment [Screenshot - 1635040777880_multipleSelect_ValidateElementAttribute_passed] @24-10-2021 01:59:37.0954 AM
[ReportManager] Browser Action [CloseCurrentWindow] successfully performed. @24-10-2021 01:59:38.0042 AM
[ReportManager] Successfully created attachment [Browser Action Test Data - CloseCurrentWindow - Actual Value] @24-10-2021 01:59:38.0042 A

################################################################################################################################################
Starting Execution:	[139 out of 143] test cases in the current suite
Test Method:		[testPackage01.Test_SelectedValue.simpleSelect]
################################################################################################################################################
[ReportManager] File Action [GetAbsolutePath] successfully performed. With the following test data [Relative Folder Path: "target/downloadedFiles/"]. @24-10-2021 01:59:38.0047 AM
[ReportManager] Attempting to run remotely on: [Linux-64], [GoogleChrome], [http://localhost:4444/wd/hub], Headless Execution. @24-10-2021 01:59:38.0048 AM
[ReportManager] Successfully Opened [GoogleChrome]. @24-10-2021 01:59:38.0263 AM
[ReportManager] Target URL: [https://yari-demos.prod.mdn.mozit.cloud/en-US/docs/Web/HTML/Element/select/_sample_.Basic_select.html] @24-10-2021 01:59:38.0281 AM
[ReportManager] Initial URL: [data:,] @24-10-2021 01:59:38.0332 AM
[ReportManager] Browser Action [NavigateToURL] successfully performed. With the following test data [https://yari-demos.prod.mdn.mozit.cloud/en-US/docs/Web/HTML/Element/select/_sample_.Basic_select.html]. @24-10-2021 01:59:38.0690 AM
[ReportManager] Element Action [Select] successfully performed. With the following test data [Third Value]. @24-10-2021 01:59:39.0028 AM
[ReportManager] Element Action [GetSelectedText] successfully performed. With the following test data [Third Value]. @24-10-2021 01:59:39.0150 AM
[ReportManager] Third Value @24-10-2021 01:59:39.0150 AM
[ReportManager] Element Action [GetSelectedText] successfully performed. With the following test data [Third Value]. @24-10-2021 01:59:39.0254 AM
[ReportManager] Loaded Shared OpenCV @24-10-2021 01:59:39.0391 AM
[ReportManager] Assertion [ValidateElementAttribute] PASSED. Expected [Value Should be 'Third Value' for the 'selectedText' attribute, element locator 'By.tagName: select'] and Actual [Third Value]. Comparison Type [EQUALS]. Validation Type [POSITIVE]. @24-10-2021 01:59:39.0468 AM
[ReportManager] Successfully created attachment [Screenshot - 1635040779391_simpleSelect_ValidateElementAttribute_passed] @24-10-2021 01:59:39.0468 AM
[ReportManager] Browser Action [CloseCurrentWindow] successfully performed. @24-10-2021 01:59:39.0558 AM
[ReportManager] Successfully created attachment [Browser Action Test Data - CloseCurrentWindow - Actual Value] @24-10-2021 01:59:39.0559 A

################################################################################################################################################
Starting Execution:	[140 out of 143] test cases in the current suite
Test Method:		[testPackage01.Test_JSONFileManager.readStringFromJson]
################################################################################################################################################
[ReportManager] Successfully loaded the following test data file [src/test/resources/TestDataFiles/simpleJSON.json]. @24-10-2021 01:59:39.0570 AM
[ReportManager] Successfully created attachment [Test Data - JSON] @24-10-2021 01:59:39.0571 AM
[ReportManager] Assertion [ValidateEquals] PASSED. Expected [Mohab Mohie] and Actual [Mohab Mohie]. Comparison Type [EQUALS]. Validation Type [POSITIVE]. @24-10-2021 01:59:39.0584 A
[ReportManager] Successfully loaded the following test data file [src/test/resources/TestDataFiles/testSuite01/TestData.xlsx]. @24-10-2021 01:59:39.0647 AM
[ReportManager] Successfully created attachment [Test Data - Excel] @24-10-2021 01:59:39.0647 AM
[ReportManager] Attempting to run using Playwright locally on: [Linux-64], [GoogleChrome], Headless Execution. @24-10-2021 02:00:13.0131 AM
[ReportManager] File Action [GetAbsolutePath] successfully performed. With the following test data [Relative Folder Path: "target/downloadedFiles/"]. @24-10-2021 02:00:13.0132 AM
[ReportManager] Initial window size: (1280, 720) @24-10-2021 02:00:13.0801 AM
[ReportManager] Window size after Toolkit: com.microsoft.playwright.options.ViewportSize@13ec954 @24-10-2021 02:00:13.0805 AM
[ReportManager] Browser Action [MaximizeWindow] successfully performed. With the following test data [New screen size is now: (1920, 1080)]. @24-10-2021 02:00:13.0805 A

################################################################################################################################################
Starting Execution:	[141 out of 143] test cases in the current suite
Test Method:		[testPackage01.Test_google_playwright.navigateToURLandVerifyGoogleLogoIsDisplayed]
Test Description:	[TC001 - Navigate to URL and Verify Google Logo is Displayed]
################################################################################################################################################
[ReportManager] Target URL: [https://www.google.com/ncr], and after redirection: [https://www.google.com] @24-10-2021 02:00:13.0808 AM
[ReportManager] Initial URL: [about:blank] @24-10-2021 02:00:14.0291 AM
[ReportManager] Browser Action [NavigateToURL] successfully performed. With the following test data [https://www.google.com/ncr]. @24-10-2021 02:00:17.0327 AM
[ReportManager] Loaded Shared OpenCV @24-10-2021 02:00:17.0576 AM
[ReportManager] Assertion [ValidateElementExists] PASSED. Expected [Element Should Exist, locator 'xpath=//*[@id='hplogo' or @alt='Google']'] and Actual [Element Exists]. Comparison Type [EQUALS]. Validation Type [POSITIVE]. @24-10-2021 02:00:17.0824 AM
[ReportManager] Successfully created attachment [Screenshot - 1635040817571_navigateToURLandVerifyGoogleLogoIsDisplayed_ValidateElementExists_passed] @24-10-2021 02:00:17.0825 A

################################################################################################################################################
Starting Execution:	[142 out of 143] test cases in the current suite
Test Method:		[testPackage01.Test_google_playwright.searchForQueryandAssertResultsNumDisplayed]
Test Description:	[TC002 - Search for Query and Assert that the number of results is displayed]
################################################################################################################################################
[ReportManager] Element Action [Type] successfully performed. With the following test data [SHAFT_Engine]. @24-10-2021 02:00:18.0149 AM
[ReportManager] Element Action [KeyPress] successfully performed. With the following test data [Enter]. @24-10-2021 02:00:18.0191 AM
[ReportManager] Element Action [GetText] successfully performed. With the following test data [About 768,000 results (0.67 seconds)]. @24-10-2021 02:00:19.0148 AM
[ReportManager] Loaded Shared OpenCV @24-10-2021 02:00:21.0391 AM
[ReportManager] Assertion [ValidateElementAttribute] PASSED. Expected [Value Should not be '' for the 'text' attribute, element locator 'xpath=//div[@id='appbar']'] and Actual [About 768,000 results (0.67 seconds)]. Comparison Type [EQUALS]. Validation Type [NEGATIVE]. @24-10-2021 02:00:21.0697 AM
[ReportManager] Successfully created attachment [Screenshot - 1635040821389_searchForQueryandAssertResultsNumDisplayed_ValidateElementAttribute_passed] @24-10-2021 02:00:21.0700 A

################################################################################################################################################
Starting Execution:	[143 out of 143] test cases in the current suite
Test Method:		[testPackage01.Test_google_playwright.clickNextThrice]
Test Description:	[TC003 - Clicks the next button to make sure that the framework can scroll element into view before clicking it]
################################################################################################################################################
[ReportManager] Element Action [Click] successfully performed. With the following test data [Next]. @24-10-2021 02:00:21.0947 A
[ReportManager] Failed to find video recording. @24-10-2021 02:00:21.0954 AM
[ReportManager] Successfully Closed PlayWright Driver. @24-10-2021 02:00:22.0012 A

################################################################################################################################################
Test Closure Activities
################################################################################################################################################
[ReportManager] Successfully created attachment [SHAFT Engine Logs - Execution log] @24-10-2021 02:00:22.0033 AM

################################################################################################################################################
This test run was powered by SHAFT Engine Version: [SHAFT Engine v5.4.20211011]
SHAFT Engine is licensed under the MIT License: [https://github.com/MohabMohie/SHAFT_ENGINE/blob/master/LICENSE].
################################################################################################################################################