################################################################################################################################################
Detected SHAFT Engine Version: [SHAFT Engine v6.1.20220113]
################################################################################################################################################
[ReportManager] File Action [GetAbsolutePath] successfully performed. With the following test data [Relative Folder Path: "target/downloadedFiles/"]. @01-02-2022 01:53:59.0315 AM
[ReportManager] Attempting to run locally on: [Mac-64], [Safari], Headless Execution. @01-02-2022 01:53:59.0333 AM
[ReportManager] Successfully Opened Safari. @01-02-2022 01:54:06.0722 AM
[ReportManager] Initial window size: (800, 600) @01-02-2022 01:54:06.0745 AM
[ReportManager] Window size after SWD Maximize: (1176, 802) @01-02-2022 01:54:06.0811 AM
[ReportManager] Browser Action [MaximizeWindow] successfully performed. With the following test data [New screen size is now: (1176, 802)]. @01-02-2022 01:54:06.0827 A

################################################################################################################################################
Starting Execution:	[1 out of 162] test cases in the current suite
Test Method:		[unitTests.tests_element_elementActions.waitForElementToBePresent_false_expectedToFail]
################################################################################################################################################
[ReportManager] Target URL: [https://www.google.com/ncr], and after redirection: [www.google.com] @01-02-2022 01:54:07.0005 AM
[ReportManager] Initial URL: [] @01-02-2022 01:54:07.0118 AM
[ReportManager] Browser Action [NavigateToURL] successfully performed. With the following test data [https://www.google.com/ncr]. @01-02-2022 01:54:08.0950 AM
[ReportManager] Waiting for element to be present; elementLocator [By.xpath: //*[@id='hplogo' or @alt='Google']], numberOfTries[1], stateOfPresence[false]... @01-02-2022 01:54:08.0961 AM
[ReportManager] Element Action [WaitForElementToBePresent] failed. With the following test data [waited for the element's state of presence to be (false). Element locator (By.xpath: //*[@id='hplogo' or @alt='Google'])]. @01-02-2022 01:54:12.0478 AM
[ReportManager] Successfully created attachment [Screenshot - 1643680449104_waitForElementToBePresent_false_expectedToFail_WaitForElementToBePresent_failed] @01-02-2022 01:54:12.0491 A
[ReportManager] Browser Action [CloseCurrentWindow] successfully performed. @01-02-2022 01:54:12.0835 AM
[ReportManager] Successfully created attachment [Browser Action Test Data - CloseCurrentWindow - Actual Value] @01-02-2022 01:54:12.0836 A
[ReportManager] File Action [GetAbsolutePath] successfully performed. With the following test data [Relative Folder Path: "target/downloadedFiles/"]. @01-02-2022 01:54:12.0850 AM
[ReportManager] Attempting to run locally on: [Mac-64], [Safari], Headless Execution. @01-02-2022 01:54:12.0850 AM
[ReportManager] Successfully Opened Safari. @01-02-2022 01:54:13.0895 AM
[ReportManager] Initial window size: (800, 600) @01-02-2022 01:54:13.0910 AM
[ReportManager] Window size after SWD Maximize: (1176, 803) @01-02-2022 01:54:13.0958 AM
[ReportManager] Browser Action [MaximizeWindow] successfully performed. With the following test data [New screen size is now: (1176, 803)]. @01-02-2022 01:54:13.0959 A

################################################################################################################################################
Starting Execution:	[2 out of 162] test cases in the current suite
Test Method:		[unitTests.tests_element_elementActions.waitForElementToBePresent_false_expectedToPass]
################################################################################################################################################
[ReportManager] Target URL: [https://www.google.com/ncr], and after redirection: [www.google.com] @01-02-2022 01:54:14.0135 AM
[ReportManager] Initial URL: [] @01-02-2022 01:54:14.0233 AM
[ReportManager] Browser Action [NavigateToURL] successfully performed. With the following test data [https://www.google.com/ncr]. @01-02-2022 01:54:15.0351 AM
[ReportManager] Waiting for element to be present; elementLocator [By.id: bla], numberOfTries[1], stateOfPresence[false]... @01-02-2022 01:54:15.0352 AM
[ReportManager] org.openqa.selenium.TimeoutException:
Expected condition failed: waiting for com.shaft.gui.element.ElementActionsHelper$$Lambda$641/0x000000080112b9d8@e280006 (tried for 5 second(s) with 1000 milliseconds interval)
org.openqa.selenium.support.ui.FluentWait.timeoutException(FluentWait.java:263)
org.openqa.selenium.support.ui.FluentWait.until(FluentWait.java:231)
com.shaft.gui.element.ElementActionsHelper.waitForElementPresence(ElementActionsHelper.java:89)
com.shaft.gui.element.ElementActionsHelper.waitForElementPresence(ElementActionsHelper.java:37)
com.shaft.gui.element.WebDriverElementActions.getMatchingElementsCount(WebDriverElementActions.java:1481)
com.shaft.gui.element.WebDriverElementActions.waitForElementToBePresent(WebDriverElementActions.java:1295)
com.shaft.gui.element.ElementActions.waitForElementToBePresent(ElementActions.java:630)
unitTests.tests_element_elementActions.waitForElementToBePresent_false_expectedToPass(tests_element_elementActions.java:48)
java.base/jdk.internal.reflect.NativeMethodAccessorImpl.invoke0(Native Method)
java.base/jdk.internal.reflect.NativeMethodAccessorImpl.invoke(NativeMethodAccessorImpl.java:77)
java.base/jdk.internal.reflect.DelegatingMethodAccessorImpl.invoke(DelegatingMethodAccessorImpl.java:43)
java.base/java.lang.reflect.Method.invoke(Method.java:568)
org.testng.internal.invokers.MethodInvocationHelper.invokeMethod(MethodInvocationHelper.java:135)
org.testng.internal.invokers.TestInvoker.invokeMethod(TestInvoker.java:673)
org.testng.internal.invokers.TestInvoker.invokeTestMethod(TestInvoker.java:220)
org.testng.internal.invokers.MethodRunner.runInSequence(MethodRunner.java:50)
org.testng.internal.invokers.TestInvoker$MethodInvocationAgent.invoke(TestInvoker.java:945)
org.testng.internal.invokers.TestInvoker.invokeTestMethods(TestInvoker.java:193)
org.testng.internal.invokers.TestMethodWorker.invokeTestMethods(TestMethodWorker.java:146)
org.testng.internal.invokers.TestMethodWorker.run(TestMethodWorker.java:128)
java.base/java.util.ArrayList.forEach(ArrayList.java:1511)
org.testng.TestRunner.privateRun(TestRunner.java:808)
org.testng.TestRunner.run(TestRunner.java:603)
org.testng.SuiteRunner.runTest(SuiteRunner.java:429)
org.testng.SuiteRunner.runSequentially(SuiteRunner.java:423)
org.testng.SuiteRunner.privateRun(SuiteRunner.java:383)
org.testng.SuiteRunner.run(SuiteRunner.java:326)
org.testng.SuiteRunnerWorker.runSuite(SuiteRunnerWorker.java:52)
org.testng.SuiteRunnerWorker.run(SuiteRunnerWorker.java:95)
org.testng.TestNG.runSuitesSequentially(TestNG.java:1249)
org.testng.TestNG.runSuitesLocally(TestNG.java:1169)
org.testng.TestNG.runSuites(TestNG.java:1092)
org.testng.TestNG.run(TestNG.java:1060)
org.apache.maven.surefire.testng.TestNGExecutor.run(TestNGExecutor.java:136)
org.apache.maven.surefire.testng.TestNGDirectoryTestSuite.executeMulti(TestNGDirectoryTestSuite.java:193)
org.apache.maven.surefire.testng.TestNGDirectoryTestSuite.execute(TestNGDirectoryTestSuite.java:94)
org.apache.maven.surefire.testng.TestNGProvider.invoke(TestNGProvider.java:145)
org.apache.maven.surefire.booter.ForkedBooter.runSuitesInProcess(ForkedBooter.java:428)
org.apache.maven.surefire.booter.ForkedBooter.execute(ForkedBooter.java:162)
org.apache.maven.surefire.booter.ForkedBooter.run(ForkedBooter.java:562)
org.apache.maven.surefire.booter.ForkedBooter.main(ForkedBooter.java:548)

Caused by: org.openqa.selenium.NoSuchElementException:
For documentation on this error, please visit: https://selenium.dev/exceptions/#no_such_element
Build info: version: '4.1.1', revision: 'e8fcc2cecf'
System info: host: 'Mac-1643680281618.local', ip: '10.213.5.38', os.name: 'Mac OS X', os.arch: 'x86_64', os.version: '11.6.2', java.version: '17.0.2'
Driver info: org.openqa.selenium.safari.SafariDriver
Command: [FEF7A328-B3E8-4DAD-8C8C-28038E0057CF, findElement {using=id, value=bla}]
Capabilities {acceptInsecureCerts: false, browserName: Safari, browserVersion: 15.2, goog:loggingPrefs: {browser: ALL, client: ALL, driver: ALL, performance: ALL, profiler: ALL, server: ALL}, javascriptEnabled: true, pageLoadStrategy: normal, platform: MAC, platformName: MAC, safari:automaticInspection: false, safari:automaticProfiling: false, safari:diagnose: false, safari:platformBuildVersion: 20G314, safari:platformVersion: 11.6.2, safari:useSimulator: false, setWindowRect: true, strictFileInteractability: false, timeouts: {pageLoad: 30000, script: 30000}, webkit:WebRTC: {DisableICECandidateFiltering: false, DisableInsecureMediaCapture: false}}
Session ID: FEF7A328-B3E8-4DAD-8C8C-28038E0057CF
java.base/jdk.internal.reflect.NativeConstructorAccessorImpl.newInstance0(Native Method)
java.base/jdk.internal.reflect.NativeConstructorAccessorImpl.newInstance(NativeConstructorAccessorImpl.java:77)
java.base/jdk.internal.reflect.DelegatingConstructorAccessorImpl.newInstance(DelegatingConstructorAccessorImpl.java:45)
java.base/java.lang.reflect.Constructor.newInstanceWithCaller(Constructor.java:499)
java.base/java.lang.reflect.Constructor.newInstance(Constructor.java:480)
org.openqa.selenium.remote.codec.w3c.W3CHttpResponseCodec.createException(W3CHttpResponseCodec.java:200)
org.openqa.selenium.remote.codec.w3c.W3CHttpResponseCodec.decode(W3CHttpResponseCodec.java:133)
org.openqa.selenium.remote.codec.w3c.W3CHttpResponseCodec.decode(W3CHttpResponseCodec.java:53)
org.openqa.selenium.remote.HttpCommandExecutor.execute(HttpCommandExecutor.java:184)
org.openqa.selenium.remote.service.DriverCommandExecutor.invokeExecute(DriverCommandExecutor.java:167)
org.openqa.selenium.remote.service.DriverCommandExecutor.execute(DriverCommandExecutor.java:142)
org.openqa.selenium.remote.RemoteWebDriver.execute(RemoteWebDriver.java:543)
org.openqa.selenium.remote.ElementLocation$ElementFinder$2.findElement(ElementLocation.java:162)
org.openqa.selenium.remote.ElementLocation.findElement(ElementLocation.java:60)
org.openqa.selenium.remote.RemoteWebDriver.findElement(RemoteWebDriver.java:367)
org.openqa.selenium.remote.RemoteWebDriver.findElement(RemoteWebDriver.java:359)
com.shaft.gui.element.ElementActionsHelper.lambda$waitForElementPresence$0(ElementActionsHelper.java:92)
org.openqa.selenium.support.ui.FluentWait.until(FluentWait.java:208)
com.shaft.gui.element.ElementActionsHelper.waitForElementPresence(ElementActionsHelper.java:89)
com.shaft.gui.element.ElementActionsHelper.waitForElementPresence(ElementActionsHelper.java:37)
com.shaft.gui.element.WebDriverElementActions.getMatchingElementsCount(WebDriverElementActions.java:1481)
com.shaft.gui.element.WebDriverElementActions.waitForElementToBePresent(WebDriverElementActions.java:1295)
com.shaft.gui.element.ElementActions.waitForElementToBePresent(ElementActions.java:630)
unitTests.tests_element_elementActions.waitForElementToBePresent_false_expectedToPass(tests_element_elementActions.java:48)
java.base/jdk.internal.reflect.NativeMethodAccessorImpl.invoke0(Native Method)
java.base/jdk.internal.reflect.NativeMethodAccessorImpl.invoke(NativeMethodAccessorImpl.java:77)
java.base/jdk.internal.reflect.DelegatingMethodAccessorImpl.invoke(DelegatingMethodAccessorImpl.java:43)
java.base/java.lang.reflect.Method.invoke(Method.java:568)
org.testng.internal.invokers.MethodInvocationHelper.invokeMethod(MethodInvocationHelper.java:135)
org.testng.internal.invokers.TestInvoker.invokeMethod(TestInvoker.java:673)
org.testng.internal.invokers.TestInvoker.invokeTestMethod(TestInvoker.java:220)
org.testng.internal.invokers.MethodRunner.runInSequence(MethodRunner.java:50)
org.testng.internal.invokers.TestInvoker$MethodInvocationAgent.invoke(TestInvoker.java:945)
org.testng.internal.invokers.TestInvoker.invokeTestMethods(TestInvoker.java:193)
org.testng.internal.invokers.TestMethodWorker.invokeTestMethods(TestMethodWorker.java:146)
org.testng.internal.invokers.TestMethodWorker.run(TestMethodWorker.java:128)
java.base/java.util.ArrayList.forEach(ArrayList.java:1511)
org.testng.TestRunner.privateRun(TestRunner.java:808)
org.testng.TestRunner.run(TestRunner.java:603)
org.testng.SuiteRunner.runTest(SuiteRunner.java:429)
org.testng.SuiteRunner.runSequentially(SuiteRunner.java:423)
org.testng.SuiteRunner.privateRun(SuiteRunner.java:383)
org.testng.SuiteRunner.run(SuiteRunner.java:326)
org.testng.SuiteRunnerWorker.runSuite(SuiteRunnerWorker.java:52)
org.testng.SuiteRunnerWorker.run(SuiteRunnerWorker.java:95)
org.testng.TestNG.runSuitesSequentially(TestNG.java:1249)
org.testng.TestNG.runSuitesLocally(TestNG.java:1169)
org.testng.TestNG.runSuites(TestNG.java:1092)
org.testng.TestNG.run(TestNG.java:1060)
org.apache.maven.surefire.testng.TestNGExecutor.run(TestNGExecutor.java:136)
org.apache.maven.surefire.testng.TestNGDirectoryTestSuite.executeMulti(TestNGDirectoryTestSuite.java:193)
org.apache.maven.surefire.testng.TestNGDirectoryTestSuite.execute(TestNGDirectoryTestSuite.java:94)
org.apache.maven.surefire.testng.TestNGProvider.invoke(TestNGProvider.java:145)
org.apache.maven.surefire.booter.ForkedBooter.runSuitesInProcess(ForkedBooter.java:428)
org.apache.maven.surefire.booter.ForkedBooter.execute(ForkedBooter.java:162)
org.apache.maven.surefire.booter.ForkedBooter.run(ForkedBooter.java:562)
org.apache.maven.surefire.booter.ForkedBooter.main(ForkedBooter.java:548) @01-02-2022 01:54:20.0838 AM
[ReportManager] Element Action [WaitForElementToBePresent] successfully performed. With the following test data [waited for the element's state of presence to be (false). Element locator (By.id: bla)]. @01-02-2022 01:54:20.0840 A
[ReportManager] Browser Action [CloseCurrentWindow] successfully performed. @01-02-2022 01:54:21.0182 AM
[ReportManager] Successfully created attachment [Browser Action Test Data - CloseCurrentWindow - Actual Value] @01-02-2022 01:54:21.0183 A
[ReportManager] File Action [GetAbsolutePath] successfully performed. With the following test data [Relative Folder Path: "target/downloadedFiles/"]. @01-02-2022 01:54:21.0192 AM
[ReportManager] Attempting to run locally on: [Mac-64], [Safari], Headless Execution. @01-02-2022 01:54:21.0192 AM
[ReportManager] Successfully Opened Safari. @01-02-2022 01:54:22.0092 AM
[ReportManager] Initial window size: (800, 600) @01-02-2022 01:54:22.0127 AM
[ReportManager] Window size after SWD Maximize: (1176, 803) @01-02-2022 01:54:22.0204 AM
[ReportManager] Browser Action [MaximizeWindow] successfully performed. With the following test data [New screen size is now: (1176, 803)]. @01-02-2022 01:54:22.0206 A

################################################################################################################################################
Starting Execution:	[3 out of 162] test cases in the current suite
Test Method:		[unitTests.tests_element_elementActions.waitForElementToBePresent_moreThanOneElement_expectedToFail]
################################################################################################################################################
[ReportManager] Target URL: [https://www.google.com/ncr], and after redirection: [www.google.com] @01-02-2022 01:54:22.0213 AM
[ReportManager] Initial URL: [] @01-02-2022 01:54:22.0266 AM
[ReportManager] Browser Action [NavigateToURL] successfully performed. With the following test data [https://www.google.com/ncr]. @01-02-2022 01:54:23.0564 AM
[ReportManager] Waiting for element to be present; elementLocator [By.xpath: //*], numberOfTries[1], stateOfPresence[false]... @01-02-2022 01:54:23.0564 AM
[ReportManager] Element Action [WaitForElementToBePresent] failed. With the following test data [waited for the element's state of presence to be (false). Element locator (By.xpath: //*)]. @01-02-2022 01:54:23.0748 AM
[ReportManager] Successfully created attachment [Screenshot - 1643680463656_waitForElementToBePresent_moreThanOneElement_expectedToFail_WaitForElementToBePresent_failed] @01-02-2022 01:54:23.0751 A
[ReportManager] Browser Action [CloseCurrentWindow] successfully performed. @01-02-2022 01:54:24.0080 AM
[ReportManager] Successfully created attachment [Browser Action Test Data - CloseCurrentWindow - Actual Value] @01-02-2022 01:54:24.0083 A
[ReportManager] File Action [GetAbsolutePath] successfully performed. With the following test data [Relative Folder Path: "target/downloadedFiles/"]. @01-02-2022 01:54:24.0088 AM
[ReportManager] Attempting to run locally on: [Mac-64], [Safari], Headless Execution. @01-02-2022 01:54:24.0089 AM
[ReportManager] An Exception Occured with this Message: Could not start a new session. Possible causes are invalid address of the remote server or browser start-up failure.. @01-02-2022 01:54:24.0330 AM
[ReportManager] Successfully created attachment [Exception Stack Trace - org.openqa.selenium.SessionNotCreatedException] @01-02-2022 01:54:24.0331 AM
[ReportManager] Driver Factory Action [createNewLocalDriverInstanceForSafari] failed. With the following test data [Failed to create a session on DESKTOP_SAFARI]. @01-02-2022 01:54:24.0332 A

################################################################################################################################################
Starting Execution:	[4 out of 162] test cases in the current suite
Test Method:		[unitTests.tests_element_elementActions.waitForElementToBePresent_true_expectedToFail]
###############################################################################################################################################



################################################################################################################################################
Starting Execution:	[5 out of 162] test cases in the current suite
Test Method:		[unitTests.tests_element_elementActions.waitForElementToBePresent_true_expectedToPass]
###############################################################################################################################################

[ReportManager] File Action [GetAbsolutePath] successfully performed. With the following test data [Relative Folder Path: "target/downloadedFiles/"]. @01-02-2022 01:54:24.0372 AM
[ReportManager] Attempting to run locally on: [Mac-64], [Safari], Headless Execution. @01-02-2022 01:54:24.0373 AM
[ReportManager] Successfully Opened Safari. @01-02-2022 01:54:25.0317 AM
[ReportManager] Initial window size: (800, 600) @01-02-2022 01:54:25.0355 AM
[ReportManager] Window size after SWD Maximize: (1176, 803) @01-02-2022 01:54:25.0391 AM
[ReportManager] Browser Action [MaximizeWindow] successfully performed. With the following test data [New screen size is now: (1176, 803)]. @01-02-2022 01:54:25.0391 AM
[ReportManager] Target URL: [https://duckduckgo.com] @01-02-2022 01:54:25.0392 AM
[ReportManager] Initial URL: [] @01-02-2022 01:54:25.0509 AM
[ReportManager] Browser Action [NavigateToURL] successfully performed. With the following test data [https://duckduckgo.com]. @01-02-2022 01:54:26.0383 A

################################################################################################################################################
Starting Execution:	[6 out of 162] test cases in the current suite
Test Method:		[unitTests.tests_browserActions.fullScreenWindow]
################################################################################################################################################
[ReportManager] Initial Windows Size: 1176x803 @01-02-2022 01:54:26.0393 AM
[ReportManager] Current Windows Size after fullScreen: 1176x885 @01-02-2022 01:54:26.0910 AM
[ReportManager] Browser Action [FullScreenWindow] successfully performed. @01-02-2022 01:54:27.0035 AM
[ReportManager] Successfully created attachment [Browser Action Test Data - FullScreenWindow - Actual Value] @01-02-2022 01:54:27.0038 A
[ReportManager] Target URL: [https://duckduckgo.com] @01-02-2022 01:54:27.0043 AM
[ReportManager] Initial URL: [https://duckduckgo.com] @01-02-2022 01:54:27.0141 AM
[ReportManager] Browser Action [NavigateToURL] successfully performed. With the following test data [https://duckduckgo.com]. @01-02-2022 01:54:28.0090 AM
[ReportManager] Browser Action [CloseCurrentWindow] successfully performed. @01-02-2022 01:54:28.0372 AM
[ReportManager] Successfully created attachment [Browser Action Test Data - CloseCurrentWindow - Actual Value] @01-02-2022 01:54:28.0375 A
[ReportManager] File Action [GetAbsolutePath] successfully performed. With the following test data [Relative Folder Path: "target/downloadedFiles/"]. @01-02-2022 01:54:28.0380 AM
[ReportManager] Attempting to run locally on: [Mac-64], [Safari], Headless Execution. @01-02-2022 01:54:28.0381 AM
[ReportManager] Successfully Opened Safari. @01-02-2022 01:54:29.0222 AM
[ReportManager] Initial window size: (800, 600) @01-02-2022 01:54:29.0258 AM
[ReportManager] Window size after SWD Maximize: (1176, 803) @01-02-2022 01:54:29.0280 AM
[ReportManager] Browser Action [MaximizeWindow] successfully performed. With the following test data [New screen size is now: (1176, 803)]. @01-02-2022 01:54:29.0281 AM
[ReportManager] Target URL: [https://duckduckgo.com] @01-02-2022 01:54:29.0281 AM
[ReportManager] Initial URL: [] @01-02-2022 01:54:29.0372 AM
[ReportManager] Browser Action [NavigateToURL] successfully performed. With the following test data [https://duckduckgo.com]. @01-02-2022 01:54:30.0159 A

################################################################################################################################################
Starting Execution:	[7 out of 162] test cases in the current suite
Test Method:		[unitTests.tests_browserActions.getCurrentURL]
################################################################################################################################################
[ReportManager] Browser Action [GetCurrentURL] successfully performed. With the following test data [https://duckduckgo.com/]. @01-02-2022 01:54:30.0198 A
[ReportManager] Target URL: [https://duckduckgo.com] @01-02-2022 01:54:30.0207 AM
[ReportManager] Initial URL: [https://duckduckgo.com] @01-02-2022 01:54:30.0258 AM
[ReportManager] Browser Action [NavigateToURL] successfully performed. With the following test data [https://duckduckgo.com]. @01-02-2022 01:54:30.0647 AM
[ReportManager] Browser Action [CloseCurrentWindow] successfully performed. @01-02-2022 01:54:30.0813 AM
[ReportManager] Successfully created attachment [Browser Action Test Data - CloseCurrentWindow - Actual Value] @01-02-2022 01:54:30.0814 A
[ReportManager] File Action [GetAbsolutePath] successfully performed. With the following test data [Relative Folder Path: "target/downloadedFiles/"]. @01-02-2022 01:54:30.0819 AM
[ReportManager] Attempting to run locally on: [Mac-64], [Safari], Headless Execution. @01-02-2022 01:54:30.0819 AM
[ReportManager] Successfully Opened Safari. @01-02-2022 01:54:31.0725 AM
[ReportManager] Initial window size: (800, 600) @01-02-2022 01:54:31.0744 AM
[ReportManager] Window size after SWD Maximize: (1176, 803) @01-02-2022 01:54:31.0773 AM
[ReportManager] Browser Action [MaximizeWindow] successfully performed. With the following test data [New screen size is now: (1176, 803)]. @01-02-2022 01:54:31.0773 AM
[ReportManager] Target URL: [https://duckduckgo.com] @01-02-2022 01:54:31.0774 AM
[ReportManager] Initial URL: [] @01-02-2022 01:54:31.0848 AM
[ReportManager] Browser Action [NavigateToURL] successfully performed. With the following test data [https://duckduckgo.com]. @01-02-2022 01:54:32.0586 A

################################################################################################################################################
Starting Execution:	[8 out of 162] test cases in the current suite
Test Method:		[unitTests.tests_browserActions.getCurrentWindowTitle]
################################################################################################################################################
[ReportManager] Browser Action [GetCurrentWindowTitle] successfully performed. With the following test data [DuckDuckGo â€” Privacy, simplified.]. @01-02-2022 01:54:32.0617 A
[ReportManager] Target URL: [https://duckduckgo.com] @01-02-2022 01:54:32.0620 AM
[ReportManager] Initial URL: [https://duckduckgo.com] @01-02-2022 01:54:32.0676 AM
[ReportManager] Browser Action [NavigateToURL] successfully performed. With the following test data [https://duckduckgo.com]. @01-02-2022 01:54:33.0026 AM
[ReportManager] Browser Action [CloseCurrentWindow] successfully performed. @01-02-2022 01:54:33.0126 AM
[ReportManager] Successfully created attachment [Browser Action Test Data - CloseCurrentWindow - Actual Value] @01-02-2022 01:54:33.0127 A
[ReportManager] File Action [GetAbsolutePath] successfully performed. With the following test data [Relative Folder Path: "target/downloadedFiles/"]. @01-02-2022 01:54:33.0143 AM
[ReportManager] Attempting to run locally on: [Mac-64], [Safari], Headless Execution. @01-02-2022 01:54:33.0143 AM
[ReportManager] Successfully Opened Safari. @01-02-2022 01:54:34.0003 AM
[ReportManager] Initial window size: (800, 600) @01-02-2022 01:54:34.0035 AM
[ReportManager] Window size after SWD Maximize: (1176, 803) @01-02-2022 01:54:34.0075 AM
[ReportManager] Browser Action [MaximizeWindow] successfully performed. With the following test data [New screen size is now: (1176, 803)]. @01-02-2022 01:54:34.0075 AM
[ReportManager] Target URL: [https://duckduckgo.com] @01-02-2022 01:54:34.0075 AM
[ReportManager] Initial URL: [] @01-02-2022 01:54:34.0120 AM
[ReportManager] Browser Action [NavigateToURL] successfully performed. With the following test data [https://duckduckgo.com]. @01-02-2022 01:54:34.0822 A

################################################################################################################################################
Starting Execution:	[9 out of 162] test cases in the current suite
Test Method:		[unitTests.tests_browserActions.getPageSource]
################################################################################################################################################
[ReportManager] Browser Action [GetPageSource] successfully performed. @01-02-2022 01:54:34.0870 AM
[ReportManager] Successfully created attachment [Browser Action Test Data - GetPageSource - Actual Value] @01-02-2022 01:54:34.0871 A
[ReportManager] Target URL: [https://duckduckgo.com] @01-02-2022 01:54:34.0874 AM
[ReportManager] Initial URL: [https://duckduckgo.com] @01-02-2022 01:54:34.0911 AM
[ReportManager] Browser Action [NavigateToURL] successfully performed. With the following test data [https://duckduckgo.com]. @01-02-2022 01:54:35.0249 AM
[ReportManager] Browser Action [CloseCurrentWindow] successfully performed. @01-02-2022 01:54:35.0644 AM
[ReportManager] Successfully created attachment [Browser Action Test Data - CloseCurrentWindow - Actual Value] @01-02-2022 01:54:35.0645 A
[ReportManager] File Action [GetAbsolutePath] successfully performed. With the following test data [Relative Folder Path: "target/downloadedFiles/"]. @01-02-2022 01:54:35.0649 AM
[ReportManager] Attempting to run locally on: [Mac-64], [Safari], Headless Execution. @01-02-2022 01:54:35.0649 AM
[ReportManager] Successfully Opened Safari. @01-02-2022 01:54:36.0559 AM
[ReportManager] Initial window size: (800, 600) @01-02-2022 01:54:36.0607 AM
[ReportManager] Window size after SWD Maximize: (1176, 803) @01-02-2022 01:54:36.0653 AM
[ReportManager] Browser Action [MaximizeWindow] successfully performed. With the following test data [New screen size is now: (1176, 803)]. @01-02-2022 01:54:36.0654 AM
[ReportManager] Target URL: [https://duckduckgo.com] @01-02-2022 01:54:36.0654 AM
[ReportManager] Initial URL: [] @01-02-2022 01:54:36.0704 AM
[ReportManager] Browser Action [NavigateToURL] successfully performed. With the following test data [https://duckduckgo.com]. @01-02-2022 01:54:37.0450 A

################################################################################################################################################
Starting Execution:	[10 out of 162] test cases in the current suite
Test Method:		[unitTests.tests_browserActions.getWindowHandle]
################################################################################################################################################
[ReportManager] Browser Action [GetWindowHandle] successfully performed. With the following test data [page-24901483-8DBC-4DF5-8B89-AA569DF2513B]. @01-02-2022 01:54:37.0475 A
[ReportManager] Target URL: [https://duckduckgo.com] @01-02-2022 01:54:37.0478 AM
[ReportManager] Initial URL: [https://duckduckgo.com] @01-02-2022 01:54:37.0529 AM
[ReportManager] Browser Action [NavigateToURL] successfully performed. With the following test data [https://duckduckgo.com]. @01-02-2022 01:54:37.0881 AM
[ReportManager] Browser Action [CloseCurrentWindow] successfully performed. @01-02-2022 01:54:38.0197 AM
[ReportManager] Successfully created attachment [Browser Action Test Data - CloseCurrentWindow - Actual Value] @01-02-2022 01:54:38.0198 A
[ReportManager] File Action [GetAbsolutePath] successfully performed. With the following test data [Relative Folder Path: "target/downloadedFiles/"]. @01-02-2022 01:54:38.0202 AM
[ReportManager] Attempting to run locally on: [Mac-64], [Safari], Headless Execution. @01-02-2022 01:54:38.0203 AM
[ReportManager] Successfully Opened Safari. @01-02-2022 01:54:39.0089 AM
[ReportManager] Initial window size: (800, 600) @01-02-2022 01:54:39.0112 AM
[ReportManager] Window size after SWD Maximize: (1176, 803) @01-02-2022 01:54:39.0144 AM
[ReportManager] Browser Action [MaximizeWindow] successfully performed. With the following test data [New screen size is now: (1176, 803)]. @01-02-2022 01:54:39.0144 AM
[ReportManager] Target URL: [https://duckduckgo.com] @01-02-2022 01:54:39.0144 AM
[ReportManager] Initial URL: [] @01-02-2022 01:54:39.0216 AM
[ReportManager] Browser Action [NavigateToURL] successfully performed. With the following test data [https://duckduckgo.com]. @01-02-2022 01:54:39.0934 A

################################################################################################################################################
Starting Execution:	[11 out of 162] test cases in the current suite
Test Method:		[unitTests.tests_browserActions.getWindowPosition]
################################################################################################################################################
[ReportManager] Browser Action [GetWindowPosition] successfully performed. With the following test data [(0, 25)]. @01-02-2022 01:54:39.0983 A
[ReportManager] Target URL: [https://duckduckgo.com] @01-02-2022 01:54:39.0985 AM
[ReportManager] Initial URL: [https://duckduckgo.com] @01-02-2022 01:54:40.0037 AM
[ReportManager] Browser Action [NavigateToURL] successfully performed. With the following test data [https://duckduckgo.com]. @01-02-2022 01:54:40.0379 AM
[ReportManager] Browser Action [CloseCurrentWindow] successfully performed. @01-02-2022 01:54:40.0732 AM
[ReportManager] Successfully created attachment [Browser Action Test Data - CloseCurrentWindow - Actual Value] @01-02-2022 01:54:40.0733 A
[ReportManager] File Action [GetAbsolutePath] successfully performed. With the following test data [Relative Folder Path: "target/downloadedFiles/"]. @01-02-2022 01:54:40.0737 AM
[ReportManager] Attempting to run locally on: [Mac-64], [Safari], Headless Execution. @01-02-2022 01:54:40.0737 AM
[ReportManager] Successfully Opened Safari. @01-02-2022 01:54:41.0593 AM
[ReportManager] Initial window size: (800, 600) @01-02-2022 01:54:41.0628 AM
[ReportManager] Window size after SWD Maximize: (1176, 803) @01-02-2022 01:54:41.0647 AM
[ReportManager] Browser Action [MaximizeWindow] successfully performed. With the following test data [New screen size is now: (1176, 803)]. @01-02-2022 01:54:41.0647 AM
[ReportManager] Target URL: [https://duckduckgo.com] @01-02-2022 01:54:41.0647 AM
[ReportManager] Initial URL: [] @01-02-2022 01:54:41.0717 AM
[ReportManager] Browser Action [NavigateToURL] successfully performed. With the following test data [https://duckduckgo.com]. @01-02-2022 01:54:42.0510 A

################################################################################################################################################
Starting Execution:	[12 out of 162] test cases in the current suite
Test Method:		[unitTests.tests_browserActions.getWindowSize]
################################################################################################################################################
[ReportManager] Browser Action [GetWindowSize] successfully performed. With the following test data [(1176, 803)]. @01-02-2022 01:54:42.0546 A
[ReportManager] Target URL: [https://duckduckgo.com] @01-02-2022 01:54:42.0550 AM
[ReportManager] Initial URL: [https://duckduckgo.com] @01-02-2022 01:54:42.0605 AM
[ReportManager] Browser Action [NavigateToURL] successfully performed. With the following test data [https://duckduckgo.com]. @01-02-2022 01:54:42.0969 AM
[ReportManager] Browser Action [CloseCurrentWindow] successfully performed. @01-02-2022 01:54:43.0277 AM
[ReportManager] Successfully created attachment [Browser Action Test Data - CloseCurrentWindow - Actual Value] @01-02-2022 01:54:43.0278 A
[ReportManager] File Action [GetAbsolutePath] successfully performed. With the following test data [Relative Folder Path: "target/downloadedFiles/"]. @01-02-2022 01:54:43.0281 AM
[ReportManager] Attempting to run locally on: [Mac-64], [Safari], Headless Execution. @01-02-2022 01:54:43.0282 AM
[ReportManager] Successfully Opened Safari. @01-02-2022 01:54:44.0111 AM
[ReportManager] Initial window size: (800, 600) @01-02-2022 01:54:44.0142 AM
[ReportManager] Window size after SWD Maximize: (1176, 803) @01-02-2022 01:54:44.0171 AM
[ReportManager] Browser Action [MaximizeWindow] successfully performed. With the following test data [New screen size is now: (1176, 803)]. @01-02-2022 01:54:44.0172 AM
[ReportManager] Target URL: [https://duckduckgo.com] @01-02-2022 01:54:44.0172 AM
[ReportManager] Initial URL: [] @01-02-2022 01:54:44.0222 AM
[ReportManager] Browser Action [NavigateToURL] successfully performed. With the following test data [https://duckduckgo.com]. @01-02-2022 01:54:44.0955 A

################################################################################################################################################
Starting Execution:	[13 out of 162] test cases in the current suite
Test Method:		[unitTests.tests_browserActions.maximizeWindow]
################################################################################################################################################
[ReportManager] Initial window size: (1176, 803) @01-02-2022 01:54:44.0962 AM
[ReportManager] Window size after SWD Maximize: (1176, 803) @01-02-2022 01:54:44.0970 AM
[ReportManager] Window size after Toolkit: (1920, 1080) @01-02-2022 01:54:45.0011 AM
[ReportManager] Browser Action [MaximizeWindow] successfully performed. With the following test data [New screen size is now: (1920, 1080)]. @01-02-2022 01:54:45.0045 A
[ReportManager] Target URL: [https://duckduckgo.com] @01-02-2022 01:54:45.0048 AM
[ReportManager] Initial URL: [https://duckduckgo.com] @01-02-2022 01:54:45.0083 AM
[ReportManager] Browser Action [NavigateToURL] successfully performed. With the following test data [https://duckduckgo.com]. @01-02-2022 01:54:45.0428 AM
[ReportManager] Browser Action [CloseCurrentWindow] successfully performed. @01-02-2022 01:54:45.0793 AM
[ReportManager] Successfully created attachment [Browser Action Test Data - CloseCurrentWindow - Actual Value] @01-02-2022 01:54:45.0794 A
[ReportManager] File Action [GetAbsolutePath] successfully performed. With the following test data [Relative Folder Path: "target/downloadedFiles/"]. @01-02-2022 01:54:45.0797 AM
[ReportManager] Attempting to run locally on: [Mac-64], [Safari], Headless Execution. @01-02-2022 01:54:45.0797 AM
[ReportManager] Successfully Opened Safari. @01-02-2022 01:54:46.0630 AM
[ReportManager] Initial window size: (800, 600) @01-02-2022 01:54:46.0675 AM
[ReportManager] Window size after SWD Maximize: (1176, 803) @01-02-2022 01:54:46.0720 AM
[ReportManager] Browser Action [MaximizeWindow] successfully performed. With the following test data [New screen size is now: (1176, 803)]. @01-02-2022 01:54:46.0720 AM
[ReportManager] Target URL: [https://duckduckgo.com] @01-02-2022 01:54:46.0720 AM
[ReportManager] Initial URL: [] @01-02-2022 01:54:46.0803 AM
[ReportManager] Browser Action [NavigateToURL] successfully performed. With the following test data [https://duckduckgo.com]. @01-02-2022 01:54:47.0642 A

################################################################################################################################################
Starting Execution:	[14 out of 162] test cases in the current suite
Test Method:		[unitTests.tests_browserActions.navigateBack]
################################################################################################################################################
[ReportManager] Target URL: [https://www.google.com/ncr], and after redirection: [https://www.google.com] @01-02-2022 01:54:47.0647 AM
[ReportManager] Initial URL: [https://duckduckgo.com] @01-02-2022 01:54:47.0694 AM
[ReportManager] Browser Action [NavigateToURL] successfully performed. With the following test data [https://www.google.com/ncr]. @01-02-2022 01:54:48.0988 AM
[ReportManager] Browser Action [NavigateBack] successfully performed. With the following test data [https://duckduckgo.com/]. @01-02-2022 01:54:49.0126 AM
[ReportManager] Browser Action [GetCurrentURL] successfully performed. With the following test data [https://duckduckgo.com/]. @01-02-2022 01:54:49.0174 AM
[ReportManager] Assertion Passed: Confirming that navigating back was successful @01-02-2022 01:54:49.0315 AM
[ReportManager] Successfully created attachment [Screenshot - 1643680489211_navigateBack_ValidateBrowserAttribute_passed] @01-02-2022 01:54:49.0319 AM
[ReportManager] Assertion [ValidateBrowserAttribute] PASSED. Expected [Value Should be 'https://duckduckgo.com' for the 'CurrentUrl' attribute] and Actual [https://duckduckgo.com/]. Comparison Type [CONTAINS]. Validation Type [POSITIVE]. @01-02-2022 01:54:49.0319 A
[ReportManager] Target URL: [https://duckduckgo.com] @01-02-2022 01:54:49.0323 AM
[ReportManager] Initial URL: [https://duckduckgo.com] @01-02-2022 01:54:49.0361 AM
[ReportManager] Browser Action [NavigateToURL] successfully performed. With the following test data [https://duckduckgo.com]. @01-02-2022 01:54:49.0685 AM
[ReportManager] Browser Action [CloseCurrentWindow] successfully performed. @01-02-2022 01:54:49.0977 AM
[ReportManager] Successfully created attachment [Browser Action Test Data - CloseCurrentWindow - Actual Value] @01-02-2022 01:54:49.0978 A
[ReportManager] File Action [GetAbsolutePath] successfully performed. With the following test data [Relative Folder Path: "target/downloadedFiles/"]. @01-02-2022 01:54:49.0981 AM
[ReportManager] Attempting to run locally on: [Mac-64], [Safari], Headless Execution. @01-02-2022 01:54:49.0982 AM
[ReportManager] Successfully Opened Safari. @01-02-2022 01:54:50.0840 AM
[ReportManager] Initial window size: (800, 600) @01-02-2022 01:54:50.0875 AM
[ReportManager] Window size after SWD Maximize: (1176, 803) @01-02-2022 01:54:50.0960 AM
[ReportManager] Browser Action [MaximizeWindow] successfully performed. With the following test data [New screen size is now: (1176, 803)]. @01-02-2022 01:54:50.0961 AM
[ReportManager] Target URL: [https://duckduckgo.com] @01-02-2022 01:54:50.0961 AM
[ReportManager] Initial URL: [] @01-02-2022 01:54:51.0036 AM
[ReportManager] Browser Action [NavigateToURL] successfully performed. With the following test data [https://duckduckgo.com]. @01-02-2022 01:54:51.0679 A

################################################################################################################################################
Starting Execution:	[15 out of 162] test cases in the current suite
Test Method:		[unitTests.tests_browserActions.navigateForward]
################################################################################################################################################
[ReportManager] Target URL: [https://www.google.com/ncr], and after redirection: [https://www.google.com] @01-02-2022 01:54:51.0683 AM
[ReportManager] Initial URL: [https://duckduckgo.com] @01-02-2022 01:54:51.0732 AM
[ReportManager] Browser Action [NavigateToURL] successfully performed. With the following test data [https://www.google.com/ncr]. @01-02-2022 01:54:53.0104 AM
[ReportManager] Browser Action [NavigateBack] successfully performed. With the following test data [https://duckduckgo.com/]. @01-02-2022 01:54:53.0308 AM
[ReportManager] Browser Action [NavigateForward] successfully performed. With the following test data [https://www.google.com/]. @01-02-2022 01:54:53.0435 A
[ReportManager] Target URL: [https://duckduckgo.com] @01-02-2022 01:54:53.0441 AM
[ReportManager] Initial URL: [https://www.google.com] @01-02-2022 01:54:53.0480 AM
[ReportManager] Browser Action [NavigateToURL] successfully performed. With the following test data [https://duckduckgo.com]. @01-02-2022 01:54:53.0825 AM
[ReportManager] Browser Action [CloseCurrentWindow] successfully performed. @01-02-2022 01:54:54.0115 AM
[ReportManager] Successfully created attachment [Browser Action Test Data - CloseCurrentWindow - Actual Value] @01-02-2022 01:54:54.0116 A
[ReportManager] File Action [GetAbsolutePath] successfully performed. With the following test data [Relative Folder Path: "target/downloadedFiles/"]. @01-02-2022 01:54:54.0119 AM
[ReportManager] Attempting to run locally on: [Mac-64], [Safari], Headless Execution. @01-02-2022 01:54:54.0119 AM
[ReportManager] Successfully Opened Safari. @01-02-2022 01:54:54.0937 AM
[ReportManager] Initial window size: (800, 600) @01-02-2022 01:54:54.0963 AM
[ReportManager] Window size after SWD Maximize: (1176, 803) @01-02-2022 01:54:54.0994 AM
[ReportManager] Browser Action [MaximizeWindow] successfully performed. With the following test data [New screen size is now: (1176, 803)]. @01-02-2022 01:54:54.0994 AM
[ReportManager] Target URL: [https://duckduckgo.com] @01-02-2022 01:54:54.0994 AM
[ReportManager] Initial URL: [] @01-02-2022 01:54:55.0052 AM
[ReportManager] Browser Action [NavigateToURL] successfully performed. With the following test data [https://duckduckgo.com]. @01-02-2022 01:54:55.0742 A

################################################################################################################################################
Starting Execution:	[16 out of 162] test cases in the current suite
Test Method:		[unitTests.tests_browserActions.navigateToURL]
################################################################################################################################################
[ReportManager] Target URL: [https://duckduckgo.com] @01-02-2022 01:54:55.0747 AM
[ReportManager] Initial URL: [https://duckduckgo.com] @01-02-2022 01:54:55.0787 AM
[ReportManager] Browser Action [NavigateToURL] successfully performed. With the following test data [https://duckduckgo.com]. @01-02-2022 01:54:56.0126 A
[ReportManager] Target URL: [https://duckduckgo.com] @01-02-2022 01:54:56.0128 AM
[ReportManager] Initial URL: [https://duckduckgo.com] @01-02-2022 01:54:56.0162 AM
[ReportManager] Browser Action [NavigateToURL] successfully performed. With the following test data [https://duckduckgo.com]. @01-02-2022 01:54:56.0490 AM
[ReportManager] Browser Action [CloseCurrentWindow] successfully performed. @01-02-2022 01:54:56.0823 AM
[ReportManager] Successfully created attachment [Browser Action Test Data - CloseCurrentWindow - Actual Value] @01-02-2022 01:54:56.0824 A
[ReportManager] File Action [GetAbsolutePath] successfully performed. With the following test data [Relative Folder Path: "target/downloadedFiles/"]. @01-02-2022 01:54:56.0828 AM
[ReportManager] Attempting to run locally on: [Mac-64], [Safari], Headless Execution. @01-02-2022 01:54:56.0828 AM
[ReportManager] Successfully Opened Safari. @01-02-2022 01:54:57.0655 AM
[ReportManager] Initial window size: (800, 600) @01-02-2022 01:54:57.0693 AM
[ReportManager] Window size after SWD Maximize: (1176, 803) @01-02-2022 01:54:57.0708 AM
[ReportManager] Browser Action [MaximizeWindow] successfully performed. With the following test data [New screen size is now: (1176, 803)]. @01-02-2022 01:54:57.0708 AM
[ReportManager] Target URL: [https://duckduckgo.com] @01-02-2022 01:54:57.0708 AM
[ReportManager] Initial URL: [] @01-02-2022 01:54:57.0766 AM
[ReportManager] Browser Action [NavigateToURL] successfully performed. With the following test data [https://duckduckgo.com]. @01-02-2022 01:54:58.0562 A

################################################################################################################################################
Starting Execution:	[17 out of 162] test cases in the current suite
Test Method:		[unitTests.tests_browserActions.navigateToURLWithRedirection]
################################################################################################################################################
[ReportManager] Target URL: [https://www.google.com/ncr], and after redirection: [https://www.google.com] @01-02-2022 01:54:58.0566 AM
[ReportManager] Initial URL: [https://duckduckgo.com] @01-02-2022 01:54:58.0619 AM
[ReportManager] Browser Action [NavigateToURL] successfully performed. With the following test data [https://www.google.com/ncr]. @01-02-2022 01:54:59.0360 A
[ReportManager] Target URL: [https://duckduckgo.com] @01-02-2022 01:54:59.0363 AM
[ReportManager] Initial URL: [https://www.google.com] @01-02-2022 01:54:59.0397 AM
[ReportManager] Browser Action [NavigateToURL] successfully performed. With the following test data [https://duckduckgo.com]. @01-02-2022 01:54:59.0759 AM
[ReportManager] Browser Action [CloseCurrentWindow] successfully performed. @01-02-2022 01:55:00.0052 AM
[ReportManager] Successfully created attachment [Browser Action Test Data - CloseCurrentWindow - Actual Value] @01-02-2022 01:55:00.0053 A
[ReportManager] File Action [GetAbsolutePath] successfully performed. With the following test data [Relative Folder Path: "target/downloadedFiles/"]. @01-02-2022 01:55:00.0056 AM
[ReportManager] Attempting to run locally on: [Mac-64], [Safari], Headless Execution. @01-02-2022 01:55:00.0056 AM
[ReportManager] Successfully Opened Safari. @01-02-2022 01:55:00.0897 AM
[ReportManager] Initial window size: (800, 600) @01-02-2022 01:55:00.0931 AM
[ReportManager] Window size after SWD Maximize: (1176, 803) @01-02-2022 01:55:00.0954 AM
[ReportManager] Browser Action [MaximizeWindow] successfully performed. With the following test data [New screen size is now: (1176, 803)]. @01-02-2022 01:55:00.0955 AM
[ReportManager] Target URL: [https://duckduckgo.com] @01-02-2022 01:55:00.0955 AM
[ReportManager] Initial URL: [] @01-02-2022 01:55:01.0041 AM
[ReportManager] Browser Action [NavigateToURL] successfully performed. With the following test data [https://duckduckgo.com]. @01-02-2022 01:55:01.0684 A

################################################################################################################################################
Starting Execution:	[18 out of 162] test cases in the current suite
Test Method:		[unitTests.tests_browserActions.refreshCurrentPage]
################################################################################################################################################
[ReportManager] Browser Action [RefreshCurrentPage] successfully performed. @01-02-2022 01:55:01.0934 AM
[ReportManager] Successfully created attachment [Browser Action Test Data - RefreshCurrentPage - Actual Value] @01-02-2022 01:55:01.0935 A
[ReportManager] Target URL: [https://duckduckgo.com] @01-02-2022 01:55:01.0938 AM
[ReportManager] Initial URL: [https://duckduckgo.com] @01-02-2022 01:55:02.0022 AM
[ReportManager] Browser Action [NavigateToURL] successfully performed. With the following test data [https://duckduckgo.com]. @01-02-2022 01:55:02.0363 AM
[ReportManager] Browser Action [CloseCurrentWindow] successfully performed. @01-02-2022 01:55:02.0479 AM
[ReportManager] Successfully created attachment [Browser Action Test Data - CloseCurrentWindow - Actual Value] @01-02-2022 01:55:02.0520 A
[ReportManager] File Action [GetAbsolutePath] successfully performed. With the following test data [Relative Folder Path: "target/downloadedFiles/"]. @01-02-2022 01:55:02.0523 AM
[ReportManager] Attempting to run locally on: [Mac-64], [Safari], Headless Execution. @01-02-2022 01:55:02.0524 AM
[ReportManager] Successfully Opened Safari. @01-02-2022 01:55:03.0369 AM
[ReportManager] Initial window size: (800, 600) @01-02-2022 01:55:03.0397 AM
[ReportManager] Window size after SWD Maximize: (1176, 803) @01-02-2022 01:55:03.0437 AM
[ReportManager] Browser Action [MaximizeWindow] successfully performed. With the following test data [New screen size is now: (1176, 803)]. @01-02-2022 01:55:03.0437 AM
[ReportManager] Target URL: [https://duckduckgo.com] @01-02-2022 01:55:03.0437 AM
[ReportManager] Initial URL: [] @01-02-2022 01:55:03.0492 AM
[ReportManager] Browser Action [NavigateToURL] successfully performed. With the following test data [https://duckduckgo.com]. @01-02-2022 01:55:04.0267 A

################################################################################################################################################
Starting Execution:	[19 out of 162] test cases in the current suite
Test Method:		[unitTests.tests_browserActions.setWindowSize]
################################################################################################################################################
[ReportManager] Initial window size: (1176, 803) @01-02-2022 01:55:04.0276 AM
[ReportManager] Window size after SWD: (1280, 720) @01-02-2022 01:55:04.0337 AM
[ReportManager] Browser Action [SetWindowSize] successfully performed. With the following test data [New screen size is now: (1280, 720)]. @01-02-2022 01:55:04.0340 A
[ReportManager] Target URL: [https://duckduckgo.com] @01-02-2022 01:55:04.0343 AM
[ReportManager] Initial URL: [https://duckduckgo.com] @01-02-2022 01:55:04.0404 AM
[ReportManager] Browser Action [NavigateToURL] successfully performed. With the following test data [https://duckduckgo.com]. @01-02-2022 01:55:04.0756 AM
[ReportManager] Browser Action [CloseCurrentWindow] successfully performed. @01-02-2022 01:55:05.0116 AM
[ReportManager] Successfully created attachment [Browser Action Test Data - CloseCurrentWindow - Actual Value] @01-02-2022 01:55:05.0116 A
[ReportManager] Successfully loaded the following test data file [src/test/resources/testDataFiles/testSuite01/TestData.xlsx]. @01-02-2022 01:55:06.0180 AM
[ReportManager] Successfully created attachment [Test Data - Excel] @01-02-2022 01:55:06.0181 A

################################################################################################################################################
Starting Execution:	[20 out of 162] test cases in the current suite
Test Method:		[unitTests.tests_io_excelFileManager.getCellData_rowName_expectedToPass]
################################################################################################################################################
[ReportManager] testRowData. @01-02-2022 01:55:06.0193 A

################################################################################################################################################
Starting Execution:	[21 out of 162] test cases in the current suite
Test Method:		[unitTests.tests_validations_assertions.assertComparativeRelation_greaterThanOrEquals_false_equals_expectedToFail]
################################################################################################################################################
[ReportManager] Assertion [ValidateComparativeRelation] FAILED. Expected [1] and Actual [1]. Comparison Type [GREATER_THAN_OR_EQUALS]. Validation Type [NEGATIVE]. @01-02-2022 01:55:06.0200 A

################################################################################################################################################
Starting Execution:	[22 out of 162] test cases in the current suite
Test Method:		[unitTests.tests_validations_assertions.assertComparativeRelation_greaterThanOrEquals_false_equals_expectedToPass]
################################################################################################################################################
[ReportManager] Assertion [ValidateComparativeRelation] PASSED. Expected [2] and Actual [1]. Comparison Type [GREATER_THAN_OR_EQUALS]. Validation Type [NEGATIVE]. @01-02-2022 01:55:06.0205 A

################################################################################################################################################
Starting Execution:	[23 out of 162] test cases in the current suite
Test Method:		[unitTests.tests_validations_assertions.assertComparativeRelation_greaterThanOrEquals_false_greaterThan_expectedToFail]
################################################################################################################################################
[ReportManager] Assertion [ValidateComparativeRelation] FAILED. Expected [1] and Actual [2]. Comparison Type [GREATER_THAN_OR_EQUALS]. Validation Type [NEGATIVE]. @01-02-2022 01:55:06.0209 A

################################################################################################################################################
Starting Execution:	[24 out of 162] test cases in the current suite
Test Method:		[unitTests.tests_validations_assertions.assertComparativeRelation_greaterThanOrEquals_false_greaterThan_expectedToPass]
################################################################################################################################################
[ReportManager] Assertion [ValidateComparativeRelation] PASSED. Expected [2] and Actual [1]. Comparison Type [GREATER_THAN_OR_EQUALS]. Validation Type [NEGATIVE]. @01-02-2022 01:55:06.0213 A

################################################################################################################################################
Starting Execution:	[25 out of 162] test cases in the current suite
Test Method:		[unitTests.tests_validations_assertions.assertComparativeRelation_greaterThanOrEquals_true_equals_expectedToFail]
################################################################################################################################################
[ReportManager] Assertion [ValidateComparativeRelation] FAILED. Expected [1] and Actual [0]. Comparison Type [GREATER_THAN_OR_EQUALS]. Validation Type [POSITIVE]. @01-02-2022 01:55:06.0217 A

################################################################################################################################################
Starting Execution:	[26 out of 162] test cases in the current suite
Test Method:		[unitTests.tests_validations_assertions.assertComparativeRelation_greaterThanOrEquals_true_equals_expectedToPass]
################################################################################################################################################
[ReportManager] Assertion [ValidateComparativeRelation] PASSED. Expected [1] and Actual [1]. Comparison Type [GREATER_THAN_OR_EQUALS]. Validation Type [POSITIVE]. @01-02-2022 01:55:06.0221 A

################################################################################################################################################
Starting Execution:	[27 out of 162] test cases in the current suite
Test Method:		[unitTests.tests_validations_assertions.assertComparativeRelation_greaterThanOrEquals_true_greaterThan_expectedToFail]
################################################################################################################################################
[ReportManager] Assertion [ValidateComparativeRelation] FAILED. Expected [2] and Actual [1]. Comparison Type [GREATER_THAN_OR_EQUALS]. Validation Type [POSITIVE]. @01-02-2022 01:55:06.0225 A

################################################################################################################################################
Starting Execution:	[28 out of 162] test cases in the current suite
Test Method:		[unitTests.tests_validations_assertions.assertComparativeRelation_greaterThanOrEquals_true_greaterThan_expectedToPass]
################################################################################################################################################
[ReportManager] Assertion [ValidateComparativeRelation] PASSED. Expected [1] and Actual [2]. Comparison Type [GREATER_THAN_OR_EQUALS]. Validation Type [POSITIVE]. @01-02-2022 01:55:06.0229 A
[ReportManager] File Action [GetAbsolutePath] successfully performed. With the following test data [Relative Folder Path: "target/downloadedFiles/"]. @01-02-2022 01:55:06.0232 AM
[ReportManager] Attempting to run locally on: [Mac-64], [Safari], Headless Execution. @01-02-2022 01:55:06.0233 AM
[ReportManager] Successfully Opened Safari. @01-02-2022 01:55:07.0071 AM
[ReportManager] Initial window size: (800, 600) @01-02-2022 01:55:07.0094 AM
[ReportManager] Window size after SWD Maximize: (1176, 803) @01-02-2022 01:55:07.0111 AM
[ReportManager] Browser Action [MaximizeWindow] successfully performed. With the following test data [New screen size is now: (1176, 803)]. @01-02-2022 01:55:07.0112 AM
[ReportManager] Target URL: [https://www.google.com/ncr], and after redirection: [www.google.com] @01-02-2022 01:55:07.0112 AM
[ReportManager] Initial URL: [] @01-02-2022 01:55:07.0177 AM
[ReportManager] Browser Action [NavigateToURL] successfully performed. With the following test data [https://www.google.com/ncr]. @01-02-2022 01:55:08.0469 A

################################################################################################################################################
Starting Execution:	[29 out of 162] test cases in the current suite
Test Method:		[unitTests.tests_validations_assertions.assertElementAttribute_false_caseInsensitiveComparison_expectedToFail]
################################################################################################################################################
[ReportManager] Element Action [Type] successfully performed. With the following test data [AUTOMATION]. @01-02-2022 01:55:08.0808 AM
[ReportManager] Element Action [GetText] successfully performed. With the following test data [AUTOMATION]. @01-02-2022 01:55:08.0883 AM
[ReportManager] Assertion [ValidateElementAttribute] FAILED. Expected [Value Should not be 'AutomaTion' for the 'text' attribute, element locator 'By.name: q'] and Actual [AUTOMATION]. Comparison Type [CASE_INSENSITIVE]. Validation Type [NEGATIVE]. @01-02-2022 01:55:09.0296 AM
[ReportManager] Successfully created attachment [Screenshot - 1643680509119_assertElementAttribute_false_caseInsensitiveComparison_expectedToFail_ValidateElementAttribute_failed] @01-02-2022 01:55:09.0301 A
[ReportManager] Browser Action [CloseCurrentWindow] successfully performed. @01-02-2022 01:55:09.0614 AM
[ReportManager] Successfully created attachment [Browser Action Test Data - CloseCurrentWindow - Actual Value] @01-02-2022 01:55:09.0615 A
[ReportManager] File Action [GetAbsolutePath] successfully performed. With the following test data [Relative Folder Path: "target/downloadedFiles/"]. @01-02-2022 01:55:09.0620 AM
[ReportManager] Attempting to run locally on: [Mac-64], [Safari], Headless Execution. @01-02-2022 01:55:09.0620 AM
[ReportManager] Successfully Opened Safari. @01-02-2022 01:55:10.0593 AM
[ReportManager] Initial window size: (800, 600) @01-02-2022 01:55:10.0614 AM
[ReportManager] Window size after SWD Maximize: (1176, 803) @01-02-2022 01:55:10.0643 AM
[ReportManager] Browser Action [MaximizeWindow] successfully performed. With the following test data [New screen size is now: (1176, 803)]. @01-02-2022 01:55:10.0643 AM
[ReportManager] Target URL: [https://www.google.com/ncr], and after redirection: [www.google.com] @01-02-2022 01:55:10.0643 AM
[ReportManager] Initial URL: [] @01-02-2022 01:55:10.0693 AM
[ReportManager] Browser Action [NavigateToURL] successfully performed. With the following test data [https://www.google.com/ncr]. @01-02-2022 01:55:12.0039 A

################################################################################################################################################
Starting Execution:	[30 out of 162] test cases in the current suite
Test Method:		[unitTests.tests_validations_assertions.assertElementAttribute_false_caseInsensitiveComparison_expectedToPass]
################################################################################################################################################
[ReportManager] Element Action [Type] successfully performed. With the following test data [AUTOMATION]. @01-02-2022 01:55:12.0356 AM
[ReportManager] Element Action [GetText] successfully performed. With the following test data [AUTOMATION]. @01-02-2022 01:55:12.0437 AM
[ReportManager] Assertion [ValidateElementAttribute] PASSED. Expected [Value Should not be 'AutomaTion123' for the 'text' attribute, element locator 'By.name: q'] and Actual [AUTOMATION]. Comparison Type [CASE_INSENSITIVE]. Validation Type [NEGATIVE]. @01-02-2022 01:55:12.0667 AM
[ReportManager] Successfully created attachment [Screenshot - 1643680512532_assertElementAttribute_false_caseInsensitiveComparison_expectedToPass_ValidateElementAttribute_passed] @01-02-2022 01:55:12.0670 A
[ReportManager] Browser Action [CloseCurrentWindow] successfully performed. @01-02-2022 01:55:13.0058 AM
[ReportManager] Successfully created attachment [Browser Action Test Data - CloseCurrentWindow - Actual Value] @01-02-2022 01:55:13.0059 A
[ReportManager] File Action [GetAbsolutePath] successfully performed. With the following test data [Relative Folder Path: "target/downloadedFiles/"]. @01-02-2022 01:55:13.0062 AM
[ReportManager] Attempting to run locally on: [Mac-64], [Safari], Headless Execution. @01-02-2022 01:55:13.0063 AM
[ReportManager] An Exception Occured with this Message: Could not start a new session. Possible causes are invalid address of the remote server or browser start-up failure.. @01-02-2022 01:55:13.0234 AM
[ReportManager] Successfully created attachment [Exception Stack Trace - org.openqa.selenium.SessionNotCreatedException] @01-02-2022 01:55:13.0235 AM
[ReportManager] Driver Factory Action [createNewLocalDriverInstanceForSafari] failed. With the following test data [Failed to create a session on DESKTOP_SAFARI]. @01-02-2022 01:55:13.0235 A

################################################################################################################################################
Starting Execution:	[31 out of 162] test cases in the current suite
Test Method:		[unitTests.tests_validations_assertions.assertElementAttribute_false_containsComparison_expectedToFail]
###############################################################################################################################################



################################################################################################################################################
Starting Execution:	[32 out of 162] test cases in the current suite
Test Method:		[unitTests.tests_validations_assertions.assertElementAttribute_false_containsComparison_expectedToPass]
###############################################################################################################################################



################################################################################################################################################
Starting Execution:	[33 out of 162] test cases in the current suite
Test Method:		[unitTests.tests_validations_assertions.assertElementAttribute_false_literalComparison_expectedToFail]
###############################################################################################################################################



################################################################################################################################################
Starting Execution:	[34 out of 162] test cases in the current suite
Test Method:		[unitTests.tests_validations_assertions.assertElementAttribute_false_literalComparison_expectedToPass]
###############################################################################################################################################



################################################################################################################################################
Starting Execution:	[35 out of 162] test cases in the current suite
Test Method:		[unitTests.tests_validations_assertions.assertElementAttribute_false_regexComparison_expectedToFail]
###############################################################################################################################################



################################################################################################################################################
Starting Execution:	[36 out of 162] test cases in the current suite
Test Method:		[unitTests.tests_validations_assertions.assertElementAttribute_false_regexComparison_expectedToPass]
###############################################################################################################################################



################################################################################################################################################
Starting Execution:	[37 out of 162] test cases in the current suite
Test Method:		[unitTests.tests_validations_assertions.assertElementAttribute_true_caseInsensitiveComparison_expectedToFail]
###############################################################################################################################################



################################################################################################################################################
Starting Execution:	[38 out of 162] test cases in the current suite
Test Method:		[unitTests.tests_validations_assertions.assertElementAttribute_true_caseInsensitiveComparison_expectedToPass]
###############################################################################################################################################



################################################################################################################################################
Starting Execution:	[39 out of 162] test cases in the current suite
Test Method:		[unitTests.tests_validations_assertions.assertElementAttribute_true_containsComparison_expectedToFail]
###############################################################################################################################################



################################################################################################################################################
Starting Execution:	[40 out of 162] test cases in the current suite
Test Method:		[unitTests.tests_validations_assertions.assertElementAttribute_true_containsComparison_expectedToPass]
###############################################################################################################################################



################################################################################################################################################
Starting Execution:	[41 out of 162] test cases in the current suite
Test Method:		[unitTests.tests_validations_assertions.assertElementAttribute_true_literalComparison_expectedToFail]
###############################################################################################################################################



################################################################################################################################################
Starting Execution:	[42 out of 162] test cases in the current suite
Test Method:		[unitTests.tests_validations_assertions.assertElementAttribute_true_literalComparison_expectedToPass]
###############################################################################################################################################



################################################################################################################################################
Starting Execution:	[43 out of 162] test cases in the current suite
Test Method:		[unitTests.tests_validations_assertions.assertElementAttribute_true_regexComparison_expectedToFail]
###############################################################################################################################################



################################################################################################################################################
Starting Execution:	[44 out of 162] test cases in the current suite
Test Method:		[unitTests.tests_validations_assertions.assertElementAttribute_true_regexComparison_expectedToPass]
###############################################################################################################################################



################################################################################################################################################
Starting Execution:	[45 out of 162] test cases in the current suite
Test Method:		[unitTests.tests_validations_assertions.assertElementAttribute_type_true_literalComparison_expectedToPass]
###############################################################################################################################################



################################################################################################################################################
Starting Execution:	[46 out of 162] test cases in the current suite
Test Method:		[unitTests.tests_validations_assertions.assertElementExists_false_expectedToFail]
###############################################################################################################################################



################################################################################################################################################
Starting Execution:	[47 out of 162] test cases in the current suite
Test Method:		[unitTests.tests_validations_assertions.assertElementExists_false_expectedToPass]
###############################################################################################################################################



################################################################################################################################################
Starting Execution:	[48 out of 162] test cases in the current suite
Test Method:		[unitTests.tests_validations_assertions.assertElementExists_false_multipleElementsFound_expectedToFail]
###############################################################################################################################################



################################################################################################################################################
Starting Execution:	[49 out of 162] test cases in the current suite
Test Method:		[unitTests.tests_validations_assertions.assertElementExists_true_expectedToFail]
###############################################################################################################################################



################################################################################################################################################
Starting Execution:	[50 out of 162] test cases in the current suite
Test Method:		[unitTests.tests_validations_assertions.assertElementExists_true_expectedToPass]
###############################################################################################################################################



################################################################################################################################################
Starting Execution:	[51 out of 162] test cases in the current suite
Test Method:		[unitTests.tests_validations_assertions.assertElementExists_true_multipleElementsFound_expectedToFail]
###############################################################################################################################################


################################################################################################################################################
Starting Execution:	[52 out of 162] test cases in the current suite
Test Method:		[unitTests.tests_validations_assertions.assertEquals_false_expectedToFail]
###############################################################################################################################################

################################################################################################################################################
Starting Execution:	[53 out of 162] test cases in the current suite
Test Method:		[unitTests.tests_validations_assertions.assertEquals_false_expectedToPass]
###############################################################################################################################################

################################################################################################################################################
Starting Execution:	[54 out of 162] test cases in the current suite
Test Method:		[unitTests.tests_validations_assertions.assertEquals_longCharacters]
###############################################################################################################################################

################################################################################################################################################
Starting Execution:	[55 out of 162] test cases in the current suite
Test Method:		[unitTests.tests_validations_assertions.assertEquals_longCharacters_Discreet]
###############################################################################################################################################

################################################################################################################################################
Starting Execution:	[56 out of 162] test cases in the current suite
Test Method:		[unitTests.tests_validations_assertions.assertEquals_true_expectedToFail]
###############################################################################################################################################

################################################################################################################################################
Starting Execution:	[57 out of 162] test cases in the current suite
Test Method:		[unitTests.tests_validations_assertions.assertEquals_true_expectedToPass]
Test Description:	[Assert that assertEquals works as expected when the two values are equal.]
###############################################################################################################################################

################################################################################################################################################
Starting Execution:	[58 out of 162] test cases in the current suite
Test Method:		[unitTests.tests_validations_assertions.assertEquals_true_expectedToPass__]
###############################################################################################################################################

################################################################################################################################################
Starting Execution:	[59 out of 162] test cases in the current suite
Test Method:		[unitTests.tests_validations_assertions.assertFileExists_false_expectedToFail]
###############################################################################################################################################

################################################################################################################################################
Starting Execution:	[60 out of 162] test cases in the current suite
Test Method:		[unitTests.tests_validations_assertions.assertFileExists_false_expectedToPass]
###############################################################################################################################################

################################################################################################################################################
Starting Execution:	[61 out of 162] test cases in the current suite
Test Method:		[unitTests.tests_validations_assertions.assertFileExists_true_expectedToFail]
###############################################################################################################################################

################################################################################################################################################
Starting Execution:	[62 out of 162] test cases in the current suite
Test Method:		[unitTests.tests_validations_assertions.assertFileExists_true_expectedToPass]
###############################################################################################################################################

################################################################################################################################################
Starting Execution:	[63 out of 162] test cases in the current suite
Test Method:		[unitTests.tests_validations_assertions.assertNull_false_expectedToFail]
###############################################################################################################################################

################################################################################################################################################
Starting Execution:	[64 out of 162] test cases in the current suite
Test Method:		[unitTests.tests_validations_assertions.assertNull_false_expectedToPass]
###############################################################################################################################################

################################################################################################################################################
Starting Execution:	[65 out of 162] test cases in the current suite
Test Method:		[unitTests.tests_validations_assertions.assertNull_true_expectedToFail]
###############################################################################################################################################

################################################################################################################################################
Starting Execution:	[66 out of 162] test cases in the current suite
Test Method:		[unitTests.tests_validations_assertions.assertNull_true_expectedToPass]
###############################################################################################################################################

################################################################################################################################################
Starting Execution:	[67 out of 162] test cases in the current suite
Test Method:		[unitTests.tests_restActions.getPostsAndAssertBodyForSpecificTitle]
################################################################################################################################################
[ReportManager] Response status code: [200], status line: [HTTP/1.1 200 OK] @01-02-2022 01:55:15.0664 AM
[ReportManager] Assertion Passed: Evaluating the actual response status code against the expected one... @01-02-2022 01:55:15.0669 AM
[ReportManager] Assertion [ValidateComparativeRelation] PASSED. Expected [200] and Actual [200]. Comparison Type [EQUALS]. Validation Type [POSITIVE]. @01-02-2022 01:55:15.0670 AM
[ReportManager] API Action [PerformRequest] successfully performed. With the following test data [Request Type: "GET" | Target Status Code: "200" | Service URL: "https://jsonplaceholder.typicode.com/posts" | Content Type: "*/*" | Response Time: "679ms"]. @01-02-2022 01:55:16.0829 AM
[ReportManager] Successfully created attachment [API Request - Specifications] @01-02-2022 01:55:16.0830 AM
[ReportManager] Successfully created attachment [API Response - JSON Body] @01-02-2022 01:55:17.0077 AM
[ReportManager] API Action [GetResponseJSONValueAsList] successfully performed. @01-02-2022 01:55:17.0104 AM
[ReportManager] API Action [GetResponseJSONValue] successfully performed. With the following test data [title]. @01-02-2022 01:55:17.0127 AM
[ReportManager] API Action [GetResponseJSONValue] successfully performed. With the following test data [title]. @01-02-2022 01:55:17.0143 AM
[ReportManager] API Action [GetResponseJSONValue] successfully performed. With the following test data [body]. @01-02-2022 01:55:17.0159 AM
[ReportManager] Assertion [ValidateEquals] PASSED. Expected [qui neque nisi nulla] and Actual [est rerum tempore vitae
sequi sint nihil reprehenderit dolor beatae ea dolores neque
fugiat blanditiis voluptate porro vel nihil molestiae ut reiciendis
qui aperiam non debitis possimus qui neque nisi nulla]. Comparison Type [CONTAINS]. Validation Type [POSITIVE]. @01-02-2022 01:55:17.0159 AM
[ReportManager] API Action [GetResponseJSONValue] successfully performed. With the following test data [title]. @01-02-2022 01:55:17.0174 AM
[ReportManager] API Action [GetResponseJSONValue] successfully performed. With the following test data [title]. @01-02-2022 01:55:17.0188 AM
[ReportManager] API Action [GetResponseJSONValue] successfully performed. With the following test data [title]. @01-02-2022 01:55:17.0201 AM
[ReportManager] API Action [GetResponseJSONValue] successfully performed. With the following test data [title]. @01-02-2022 01:55:17.0215 AM
[ReportManager] API Action [GetResponseJSONValue] successfully performed. With the following test data [title]. @01-02-2022 01:55:17.0227 AM
[ReportManager] API Action [GetResponseJSONValue] successfully performed. With the following test data [title]. @01-02-2022 01:55:17.0241 AM
[ReportManager] API Action [GetResponseJSONValue] successfully performed. With the following test data [title]. @01-02-2022 01:55:17.0255 AM
[ReportManager] API Action [GetResponseJSONValue] successfully performed. With the following test data [title]. @01-02-2022 01:55:17.0270 AM
[ReportManager] API Action [GetResponseJSONValue] successfully performed. With the following test data [title]. @01-02-2022 01:55:17.0283 AM
[ReportManager] API Action [GetResponseJSONValue] successfully performed. With the following test data [title]. @01-02-2022 01:55:17.0295 AM
[ReportManager] API Action [GetResponseJSONValue] successfully performed. With the following test data [title]. @01-02-2022 01:55:17.0309 AM
[ReportManager] API Action [GetResponseJSONValue] successfully performed. With the following test data [title]. @01-02-2022 01:55:17.0324 AM
[ReportManager] API Action [GetResponseJSONValue] successfully performed. With the following test data [title]. @01-02-2022 01:55:17.0338 AM
[ReportManager] API Action [GetResponseJSONValue] successfully performed. With the following test data [title]. @01-02-2022 01:55:17.0350 AM
[ReportManager] API Action [GetResponseJSONValue] successfully performed. With the following test data [title]. @01-02-2022 01:55:17.0364 AM
[ReportManager] API Action [GetResponseJSONValue] successfully performed. With the following test data [title]. @01-02-2022 01:55:17.0376 AM
[ReportManager] API Action [GetResponseJSONValue] successfully performed. With the following test data [title]. @01-02-2022 01:55:17.0389 AM
[ReportManager] API Action [GetResponseJSONValue] successfully performed. With the following test data [title]. @01-02-2022 01:55:17.0401 AM
[ReportManager] API Action [GetResponseJSONValue] successfully performed. With the following test data [title]. @01-02-2022 01:55:17.0414 AM
[ReportManager] API Action [GetResponseJSONValue] successfully performed. With the following test data [title]. @01-02-2022 01:55:17.0428 AM
[ReportManager] API Action [GetResponseJSONValue] successfully performed. With the following test data [title]. @01-02-2022 01:55:17.0442 AM
[ReportManager] API Action [GetResponseJSONValue] successfully performed. With the following test data [title]. @01-02-2022 01:55:17.0455 AM
[ReportManager] API Action [GetResponseJSONValue] successfully performed. With the following test data [title]. @01-02-2022 01:55:17.0467 AM
[ReportManager] API Action [GetResponseJSONValue] successfully performed. With the following test data [title]. @01-02-2022 01:55:17.0480 AM
[ReportManager] API Action [GetResponseJSONValue] successfully performed. With the following test data [title]. @01-02-2022 01:55:17.0492 AM
[ReportManager] API Action [GetResponseJSONValue] successfully performed. With the following test data [title]. @01-02-2022 01:55:17.0505 AM
[ReportManager] API Action [GetResponseJSONValue] successfully performed. With the following test data [title]. @01-02-2022 01:55:17.0518 AM
[ReportManager] API Action [GetResponseJSONValue] successfully performed. With the following test data [title]. @01-02-2022 01:55:17.0530 AM
[ReportManager] API Action [GetResponseJSONValue] successfully performed. With the following test data [title]. @01-02-2022 01:55:17.0542 AM
[ReportManager] API Action [GetResponseJSONValue] successfully performed. With the following test data [title]. @01-02-2022 01:55:17.0553 AM
[ReportManager] API Action [GetResponseJSONValue] successfully performed. With the following test data [title]. @01-02-2022 01:55:17.0565 AM
[ReportManager] API Action [GetResponseJSONValue] successfully performed. With the following test data [title]. @01-02-2022 01:55:17.0578 AM
[ReportManager] API Action [GetResponseJSONValue] successfully performed. With the following test data [title]. @01-02-2022 01:55:17.0590 AM
[ReportManager] API Action [GetResponseJSONValue] successfully performed. With the following test data [title]. @01-02-2022 01:55:17.0602 AM
[ReportManager] API Action [GetResponseJSONValue] successfully performed. With the following test data [title]. @01-02-2022 01:55:17.0614 AM
[ReportManager] API Action [GetResponseJSONValue] successfully performed. With the following test data [title]. @01-02-2022 01:55:17.0626 AM
[ReportManager] API Action [GetResponseJSONValue] successfully performed. With the following test data [title]. @01-02-2022 01:55:17.0638 AM
[ReportManager] API Action [GetResponseJSONValue] successfully performed. With the following test data [title]. @01-02-2022 01:55:17.0650 AM
[ReportManager] API Action [GetResponseJSONValue] successfully performed. With the following test data [title]. @01-02-2022 01:55:17.0662 AM
[ReportManager] API Action [GetResponseJSONValue] successfully performed. With the following test data [title]. @01-02-2022 01:55:17.0674 AM
[ReportManager] API Action [GetResponseJSONValue] successfully performed. With the following test data [title]. @01-02-2022 01:55:17.0686 AM
[ReportManager] API Action [GetResponseJSONValue] successfully performed. With the following test data [title]. @01-02-2022 01:55:17.0698 AM
[ReportManager] API Action [GetResponseJSONValue] successfully performed. With the following test data [title]. @01-02-2022 01:55:17.0710 AM
[ReportManager] API Action [GetResponseJSONValue] successfully performed. With the following test data [title]. @01-02-2022 01:55:17.0723 AM
[ReportManager] API Action [GetResponseJSONValue] successfully performed. With the following test data [title]. @01-02-2022 01:55:17.0734 AM
[ReportManager] API Action [GetResponseJSONValue] successfully performed. With the following test data [title]. @01-02-2022 01:55:17.0747 AM
[ReportManager] API Action [GetResponseJSONValue] successfully performed. With the following test data [title]. @01-02-2022 01:55:17.0760 AM
[ReportManager] API Action [GetResponseJSONValue] successfully performed. With the following test data [title]. @01-02-2022 01:55:17.0774 AM
[ReportManager] API Action [GetResponseJSONValue] successfully performed. With the following test data [title]. @01-02-2022 01:55:17.0787 AM
[ReportManager] API Action [GetResponseJSONValue] successfully performed. With the following test data [title]. @01-02-2022 01:55:17.0799 AM
[ReportManager] API Action [GetResponseJSONValue] successfully performed. With the following test data [title]. @01-02-2022 01:55:17.0811 AM
[ReportManager] API Action [GetResponseJSONValue] successfully performed. With the following test data [title]. @01-02-2022 01:55:17.0823 AM
[ReportManager] API Action [GetResponseJSONValue] successfully performed. With the following test data [title]. @01-02-2022 01:55:17.0835 AM
[ReportManager] API Action [GetResponseJSONValue] successfully performed. With the following test data [title]. @01-02-2022 01:55:17.0847 AM
[ReportManager] API Action [GetResponseJSONValue] successfully performed. With the following test data [title]. @01-02-2022 01:55:17.0858 AM
[ReportManager] API Action [GetResponseJSONValue] successfully performed. With the following test data [title]. @01-02-2022 01:55:17.0870 AM
[ReportManager] API Action [GetResponseJSONValue] successfully performed. With the following test data [title]. @01-02-2022 01:55:17.0881 AM
[ReportManager] API Action [GetResponseJSONValue] successfully performed. With the following test data [title]. @01-02-2022 01:55:17.0893 AM
[ReportManager] API Action [GetResponseJSONValue] successfully performed. With the following test data [title]. @01-02-2022 01:55:17.0912 AM
[ReportManager] API Action [GetResponseJSONValue] successfully performed. With the following test data [title]. @01-02-2022 01:55:17.0947 AM
[ReportManager] API Action [GetResponseJSONValue] successfully performed. With the following test data [title]. @01-02-2022 01:55:17.0960 AM
[ReportManager] API Action [GetResponseJSONValue] successfully performed. With the following test data [title]. @01-02-2022 01:55:17.0971 AM
[ReportManager] API Action [GetResponseJSONValue] successfully performed. With the following test data [title]. @01-02-2022 01:55:17.0984 AM
[ReportManager] API Action [GetResponseJSONValue] successfully performed. With the following test data [title]. @01-02-2022 01:55:17.0998 AM
[ReportManager] API Action [GetResponseJSONValue] successfully performed. With the following test data [title]. @01-02-2022 01:55:18.0009 AM
[ReportManager] API Action [GetResponseJSONValue] successfully performed. With the following test data [title]. @01-02-2022 01:55:18.0020 AM
[ReportManager] API Action [GetResponseJSONValue] successfully performed. With the following test data [title]. @01-02-2022 01:55:18.0032 AM
[ReportManager] API Action [GetResponseJSONValue] successfully performed. With the following test data [title]. @01-02-2022 01:55:18.0043 AM
[ReportManager] API Action [GetResponseJSONValue] successfully performed. With the following test data [title]. @01-02-2022 01:55:18.0055 AM
[ReportManager] API Action [GetResponseJSONValue] successfully performed. With the following test data [title]. @01-02-2022 01:55:18.0066 AM
[ReportManager] API Action [GetResponseJSONValue] successfully performed. With the following test data [title]. @01-02-2022 01:55:18.0079 AM
[ReportManager] API Action [GetResponseJSONValue] successfully performed. With the following test data [title]. @01-02-2022 01:55:18.0090 AM
[ReportManager] API Action [GetResponseJSONValue] successfully performed. With the following test data [title]. @01-02-2022 01:55:18.0102 AM
[ReportManager] API Action [GetResponseJSONValue] successfully performed. With the following test data [title]. @01-02-2022 01:55:18.0113 AM
[ReportManager] API Action [GetResponseJSONValue] successfully performed. With the following test data [title]. @01-02-2022 01:55:18.0125 AM
[ReportManager] API Action [GetResponseJSONValue] successfully performed. With the following test data [title]. @01-02-2022 01:55:18.0136 AM
[ReportManager] API Action [GetResponseJSONValue] successfully performed. With the following test data [title]. @01-02-2022 01:55:18.0147 AM
[ReportManager] API Action [GetResponseJSONValue] successfully performed. With the following test data [title]. @01-02-2022 01:55:18.0158 AM
[ReportManager] API Action [GetResponseJSONValue] successfully performed. With the following test data [title]. @01-02-2022 01:55:18.0169 AM
[ReportManager] API Action [GetResponseJSONValue] successfully performed. With the following test data [title]. @01-02-2022 01:55:18.0198 AM
[ReportManager] API Action [GetResponseJSONValue] successfully performed. With the following test data [title]. @01-02-2022 01:55:18.0210 AM
[ReportManager] API Action [GetResponseJSONValue] successfully performed. With the following test data [title]. @01-02-2022 01:55:18.0222 AM
[ReportManager] API Action [GetResponseJSONValue] successfully performed. With the following test data [title]. @01-02-2022 01:55:18.0234 AM
[ReportManager] API Action [GetResponseJSONValue] successfully performed. With the following test data [title]. @01-02-2022 01:55:18.0246 AM
[ReportManager] API Action [GetResponseJSONValue] successfully performed. With the following test data [title]. @01-02-2022 01:55:18.0258 AM
[ReportManager] API Action [GetResponseJSONValue] successfully performed. With the following test data [title]. @01-02-2022 01:55:18.0269 AM
[ReportManager] API Action [GetResponseJSONValue] successfully performed. With the following test data [title]. @01-02-2022 01:55:18.0281 AM
[ReportManager] API Action [GetResponseJSONValue] successfully performed. With the following test data [title]. @01-02-2022 01:55:18.0293 AM
[ReportManager] API Action [GetResponseJSONValue] successfully performed. With the following test data [title]. @01-02-2022 01:55:18.0305 AM
[ReportManager] API Action [GetResponseJSONValue] successfully performed. With the following test data [title]. @01-02-2022 01:55:18.0319 AM
[ReportManager] API Action [GetResponseJSONValue] successfully performed. With the following test data [title]. @01-02-2022 01:55:18.0338 AM
[ReportManager] API Action [GetResponseJSONValue] successfully performed. With the following test data [title]. @01-02-2022 01:55:18.0365 AM
[ReportManager] API Action [GetResponseJSONValue] successfully performed. With the following test data [title]. @01-02-2022 01:55:18.0381 AM
[ReportManager] API Action [GetResponseJSONValue] successfully performed. With the following test data [title]. @01-02-2022 01:55:18.0396 AM
[ReportManager] API Action [GetResponseJSONValue] successfully performed. With the following test data [title]. @01-02-2022 01:55:18.0410 AM
[ReportManager] API Action [GetResponseJSONValue] successfully performed. With the following test data [title]. @01-02-2022 01:55:18.0428 AM
[ReportManager] API Action [GetResponseJSONValue] successfully performed. With the following test data [title]. @01-02-2022 01:55:18.0444 AM
[ReportManager] API Action [GetResponseJSONValue] successfully performed. With the following test data [title]. @01-02-2022 01:55:18.0459 A

################################################################################################################################################
Starting Execution:	[68 out of 162] test cases in the current suite
Test Method:		[unitTests.tests_restActions.validateUserEmail]
################################################################################################################################################
[ReportManager] Response status code: [200], status line: [HTTP/1.1 200 OK] @01-02-2022 01:55:18.0515 AM
[ReportManager] Assertion Passed: Evaluating the actual response status code against the expected one... @01-02-2022 01:55:18.0515 AM
[ReportManager] Assertion [ValidateComparativeRelation] PASSED. Expected [200] and Actual [200]. Comparison Type [EQUALS]. Validation Type [POSITIVE]. @01-02-2022 01:55:18.0515 AM
[ReportManager] API Action [PerformRequest] successfully performed. With the following test data [Request Type: "GET" | Target Status Code: "200" | Service URL: "https://jsonplaceholder.typicode.com/users" | Content Type: "*/*" | Response Time: "45ms"]. @01-02-2022 01:55:18.0541 AM
[ReportManager] Successfully created attachment [API Request - Specifications] @01-02-2022 01:55:18.0541 AM
[ReportManager] Successfully created attachment [API Response - JSON Body] @01-02-2022 01:55:18.0542 AM
[ReportManager] Assertion [ValidateEquals] PASSED. Expected and Actual values are attached. Comparison Type [CONTAINS]. Validation Type [POSITIVE]. @01-02-2022 01:55:18.0543 AM
[ReportManager] Successfully created attachment [Validation Test Data - Expected Value] @01-02-2022 01:55:18.0543 AM
[ReportManager] Successfully created attachment [Validation Test Data - Actual Value] @01-02-2022 01:55:18.0544 AM
[ReportManager] API Action [GetResponseJSONValueAsList] successfully performed. With the following test data [$]. @01-02-2022 01:55:18.0552 AM
[ReportManager] API Action [GetResponseJSONValue] successfully performed. With the following test data [name]. @01-02-2022 01:55:18.0566 AM
[ReportManager] API Action [GetResponseJSONValue] successfully performed. With the following test data [email]. @01-02-2022 01:55:18.0579 AM
[ReportManager] Assertion [ValidateEquals] PASSED. Expected [Sincere@april.biz] and Actual [Sincere@april.biz]. Comparison Type [EQUALS]. Validation Type [POSITIVE]. @01-02-2022 01:55:18.0579 AM
[ReportManager] API Action [GetResponseJSONValue] successfully performed. With the following test data [name]. @01-02-2022 01:55:18.0591 AM
[ReportManager] API Action [GetResponseJSONValue] successfully performed. With the following test data [name]. @01-02-2022 01:55:18.0602 AM
[ReportManager] API Action [GetResponseJSONValue] successfully performed. With the following test data [name]. @01-02-2022 01:55:18.0614 AM
[ReportManager] API Action [GetResponseJSONValue] successfully performed. With the following test data [name]. @01-02-2022 01:55:18.0625 AM
[ReportManager] API Action [GetResponseJSONValue] successfully performed. With the following test data [name]. @01-02-2022 01:55:18.0636 AM
[ReportManager] API Action [GetResponseJSONValue] successfully performed. With the following test data [name]. @01-02-2022 01:55:18.0648 AM
[ReportManager] API Action [GetResponseJSONValue] successfully performed. With the following test data [name]. @01-02-2022 01:55:18.0658 AM
[ReportManager] API Action [GetResponseJSONValue] successfully performed. With the following test data [name]. @01-02-2022 01:55:18.0668 AM
[ReportManager] API Action [GetResponseJSONValue] successfully performed. With the following test data [name]. @01-02-2022 01:55:18.0680 A
[ReportManager] File Action [GetAbsolutePath] successfully performed. With the following test data [Relative Folder Path: "target/downloadedFiles/"]. @01-02-2022 01:55:18.0683 AM
[ReportManager] Attempting to run locally on: [Mac-64], [Safari], Headless Execution. @01-02-2022 01:55:18.0684 AM
[ReportManager] Successfully Opened Safari. @01-02-2022 01:55:19.0541 AM
[ReportManager] Initial window size: (800, 600) @01-02-2022 01:55:19.0578 AM
[ReportManager] Window size after SWD Maximize: (1176, 803) @01-02-2022 01:55:19.0607 AM
[ReportManager] Browser Action [MaximizeWindow] successfully performed. With the following test data [New screen size is now: (1176, 803)]. @01-02-2022 01:55:19.0607 A

################################################################################################################################################
Starting Execution:	[69 out of 162] test cases in the current suite
Test Method:		[testPackage01.Test_uploadFile.uploadFile_invisibleUploadInput]
################################################################################################################################################
[ReportManager] Target URL: [https://fineuploader.com/demos.html#gallery-view] @01-02-2022 01:55:19.0611 AM
[ReportManager] Initial URL: [] @01-02-2022 01:55:19.0654 AM
[ReportManager] Browser Action [NavigateToURL] successfully performed. With the following test data [https://fineuploader.com/demos.html#gallery-view]. @01-02-2022 01:55:21.0147 AM
[ReportManager] File Action [GetAbsolutePath] successfully performed. With the following test data [Relative File Path: "src/main/resources/images/shaft.png"]. @01-02-2022 01:55:21.0148 AM
[ReportManager] Successfully created attachment [File Action Actual Result - Command Log] @01-02-2022 01:55:21.0188 AM
[ReportManager] Element Action [TypeFileLocationForUpload] successfully performed. With the following test data [/Users/runner/work/SHAFT_ENGINE/SHAFT_ENGINE/src/main/resources/images/shaft.png]. @01-02-2022 01:55:21.0257 AM
[ReportManager] Attempting to getAttribute [src] from elementLocator [By.xpath: //div[@id='fine-uploader-gallery']//div[@class='qq-thumbnail-wrapper']/img]. @01-02-2022 01:55:21.0260 AM
[ReportManager] Element Action [GetAttribute] successfully performed. @01-02-2022 01:55:21.0409 AM
[ReportManager] Successfully created attachment [Element Action Test Data - GetAttribute - Actual Value] @01-02-2022 01:55:21.0410 AM
[ReportManager] Assertion Passed: Then I Assert that the element found by [By.xpath: //div[@id='fine-uploader-gallery']//div[@class='qq-thumbnail-wrapper']/img] attribute [src] contains [data:image/png;base64]. @01-02-2022 01:55:21.0653 AM
[ReportManager] Successfully created attachment [Validation Test Data - Expected Value] @01-02-2022 01:55:21.0654 AM
[ReportManager] Successfully created attachment [Validation Test Data - Actual Value] @01-02-2022 01:55:21.0654 AM
[ReportManager] Successfully created attachment [Screenshot - 1643680521570_uploadFile_invisibleUploadInput_ValidateElementAttribute_passed] @01-02-2022 01:55:21.0657 AM
[ReportManager] Assertion [ValidateElementAttribute] PASSED. Expected and Actual values are attached. Comparison Type [CONTAINS]. Validation Type [POSITIVE]. @01-02-2022 01:55:21.0657 A
[ReportManager] Browser Action [CloseCurrentWindow] successfully performed. @01-02-2022 01:55:21.0761 AM
[ReportManager] Successfully created attachment [Browser Action Test Data - CloseCurrentWindow - Actual Value] @01-02-2022 01:55:21.0863 A
[ReportManager] File Action [GetAbsolutePath] successfully performed. With the following test data [Relative Folder Path: "target/downloadedFiles/"]. @01-02-2022 01:55:21.0868 AM
[ReportManager] Attempting to run locally on: [Mac-64], [Safari], Headless Execution. @01-02-2022 01:55:21.0868 AM
[ReportManager] Successfully Opened Safari. @01-02-2022 01:55:22.0738 AM
[ReportManager] Initial window size: (800, 600) @01-02-2022 01:55:22.0757 AM
[ReportManager] Window size after SWD Maximize: (1176, 803) @01-02-2022 01:55:22.0802 AM
[ReportManager] Browser Action [MaximizeWindow] successfully performed. With the following test data [New screen size is now: (1176, 803)]. @01-02-2022 01:55:22.0803 A

################################################################################################################################################
Starting Execution:	[70 out of 162] test cases in the current suite
Test Method:		[testPackage01.Test_uploadFile.uploadFile_visibleUploadInput]
################################################################################################################################################
[ReportManager] Target URL: [https://demo.guru99.com/test/upload/] @01-02-2022 01:55:22.0807 AM
[ReportManager] Initial URL: [] @01-02-2022 01:55:22.0853 AM
[ReportManager] Browser Action [NavigateToURL] successfully performed. With the following test data [https://demo.guru99.com/test/upload/]. @01-02-2022 01:55:24.0864 AM
[ReportManager] File Action [GetAbsolutePath] successfully performed. With the following test data [Relative Folder Path: "src/main/resources/images/shaft.png"]. @01-02-2022 01:55:24.0864 AM
[ReportManager] Element Action [TypeFileLocationForUpload] successfully performed. With the following test data [/Users/runner/work/SHAFT_ENGINE/SHAFT_ENGINE/src/main/resources/images/shaft.png]. @01-02-2022 01:55:25.0146 AM
[ReportManager] Element Action [Click] successfully performed. With the following test data [By.id: terms]. @01-02-2022 01:55:26.0118 AM
[ReportManager] Element Action [Click] successfully performed. With the following test data [By.id: submitbutton]. @01-02-2022 01:55:26.0329 AM
[ReportManager] Element Action [GetText] successfully performed. With the following test data [1 file has been successfully uploaded.]. @01-02-2022 01:55:26.0911 AM
[ReportManager] Assertion Passed: Then I Assert that the element found by [By.id: res] attribute [Text] contains [1 file]. @01-02-2022 01:55:27.0086 AM
[ReportManager] Successfully created attachment [Screenshot - 1643680527020_uploadFile_visibleUploadInput_ValidateElementAttribute_passed] @01-02-2022 01:55:27.0087 AM
[ReportManager] Assertion [ValidateElementAttribute] PASSED. Expected [Value Should be '1 file' for the 'Text' attribute, element locator 'By.id: res'] and Actual [1 file has been successfully uploaded.]. Comparison Type [CONTAINS]. Validation Type [POSITIVE]. @01-02-2022 01:55:27.0087 A
[ReportManager] Browser Action [CloseCurrentWindow] successfully performed. @01-02-2022 01:55:27.0449 AM
[ReportManager] Successfully created attachment [Browser Action Test Data - CloseCurrentWindow - Actual Value] @01-02-2022 01:55:27.0449 A

################################################################################################################################################
Starting Execution:	[71 out of 162] test cases in the current suite
Test Method:		[testPackage01.Test_AssertApiResponseEquals.assertApiResponseEquals_expectedToPass]
################################################################################################################################################
[ReportManager] Response status code: [200], status line: [HTTP/1.1 200 OK] @01-02-2022 01:55:27.0503 AM
[ReportManager] Assertion Passed: Evaluating the actual response status code against the expected one... @01-02-2022 01:55:27.0503 AM
[ReportManager] Assertion [ValidateComparativeRelation] PASSED. Expected [200] and Actual [200]. Comparison Type [EQUALS]. Validation Type [POSITIVE]. @01-02-2022 01:55:27.0503 AM
[ReportManager] API Action [PerformRequest] successfully performed. With the following test data [Request Type: "GET" | Target Status Code: "200" | Service URL: "https://jsonplaceholder.typicode.com/users" | Content Type: "*/*" | Response Time: "42ms"]. @01-02-2022 01:55:27.0530 AM
[ReportManager] Successfully created attachment [API Request - Specifications] @01-02-2022 01:55:27.0531 AM
[ReportManager] Successfully created attachment [API Response - JSON Body] @01-02-2022 01:55:27.0532 AM
[ReportManager] API Action [GetResponseJSONValueAsList] successfully performed. With the following test data [$]. @01-02-2022 01:55:27.0540 AM
[ReportManager] API Action [GetResponseJSONValue] successfully performed. With the following test data [name]. @01-02-2022 01:55:27.0554 AM
[ReportManager] API Action [GetResponseJSONValue] successfully performed. With the following test data [email]. @01-02-2022 01:55:27.0569 AM
[ReportManager] Verification [ValidateEquals] PASSED. Expected [Sincere@april.biz] and Actual [Sincere@april.biz]. Comparison Type [EQUALS]. Validation Type [POSITIVE]. @01-02-2022 01:55:27.0569 AM
[ReportManager] API Action [GetResponseJSONValue] successfully performed. With the following test data [username]. @01-02-2022 01:55:27.0582 AM
[ReportManager] Assertion [ValidateEquals] PASSED. Expected [Bret] and Actual [Bret]. Comparison Type [EQUALS]. Validation Type [POSITIVE]. @01-02-2022 01:55:27.0582 AM
[ReportManager] API Action [GetResponseJSONValue] successfully performed. With the following test data [name]. @01-02-2022 01:55:27.0596 AM
[ReportManager] API Action [GetResponseJSONValue] successfully performed. With the following test data [name]. @01-02-2022 01:55:27.0609 AM
[ReportManager] API Action [GetResponseJSONValue] successfully performed. With the following test data [name]. @01-02-2022 01:55:27.0622 AM
[ReportManager] API Action [GetResponseJSONValue] successfully performed. With the following test data [name]. @01-02-2022 01:55:27.0635 AM
[ReportManager] API Action [GetResponseJSONValue] successfully performed. With the following test data [name]. @01-02-2022 01:55:27.0648 AM
[ReportManager] API Action [GetResponseJSONValue] successfully performed. With the following test data [name]. @01-02-2022 01:55:27.0661 AM
[ReportManager] API Action [GetResponseJSONValue] successfully performed. With the following test data [name]. @01-02-2022 01:55:27.0676 AM
[ReportManager] API Action [GetResponseJSONValue] successfully performed. With the following test data [name]. @01-02-2022 01:55:27.0689 AM
[ReportManager] API Action [GetResponseJSONValue] successfully performed. With the following test data [name]. @01-02-2022 01:55:27.0702 A
[ReportManager] File Action [GetAbsolutePath] successfully performed. With the following test data [Relative Folder Path: "target/downloadedFiles/"]. @01-02-2022 01:55:27.0705 AM
[ReportManager] Attempting to run locally on: [Mac-64], [Safari], Headless Execution. @01-02-2022 01:55:27.0706 AM
[ReportManager] Successfully Opened Safari. @01-02-2022 01:55:28.0528 AM
[ReportManager] Initial window size: (800, 600) @01-02-2022 01:55:28.0558 AM
[ReportManager] Window size after SWD Maximize: (1176, 803) @01-02-2022 01:55:28.0574 AM
[ReportManager] Browser Action [MaximizeWindow] successfully performed. With the following test data [New screen size is now: (1176, 803)]. @01-02-2022 01:55:28.0574 AM
[ReportManager] Target URL: [http://the-internet.herokuapp.com/javascript_alerts] @01-02-2022 01:55:28.0574 AM
[ReportManager] Initial URL: [] @01-02-2022 01:55:28.0649 AM
[ReportManager] Browser Action [NavigateToURL] successfully performed. With the following test data [http://the-internet.herokuapp.com/javascript_alerts]. @01-02-2022 01:55:29.0118 A

################################################################################################################################################
Starting Execution:	[72 out of 162] test cases in the current suite
Test Method:		[testPackage01.TestJSPromptBox.dismissAlert]
################################################################################################################################################
[ReportManager] Element Action [Click] successfully performed. With the following test data [By.xpath: //button[contains(text(),'Click for JS Prompt')]]. @01-02-2022 01:55:29.0395 AM
[ReportManager] Alert is present @01-02-2022 01:55:29.0411 AM
[ReportManager] Element Action [DismissAlert] successfully performed. @01-02-2022 01:55:29.0426 A

################################################################################################################################################
Starting Execution:	[73 out of 162] test cases in the current suite
Test Method:		[testPackage01.TestJSPromptBox.assertOnCancelAlertResultText]
################################################################################################################################################
[ReportManager] Element Action [GetText] successfully performed. With the following test data [You entered: null]. @01-02-2022 01:55:29.0731 AM
[ReportManager] Assertion Passed: Then I Assert that the element found by [By.id: result] attribute [TEXT] is equal to [You entered: null]. @01-02-2022 01:55:29.0888 AM
[ReportManager] Successfully created attachment [Screenshot - 1643680529822_assertOnCancelAlertResultText_ValidateElementAttribute_passed] @01-02-2022 01:55:29.0889 AM
[ReportManager] Assertion [ValidateElementAttribute] PASSED. Expected [Value Should be 'You entered: null' for the 'text' attribute, element locator 'By.id: result'] and Actual [You entered: null]. Comparison Type [EQUALS]. Validation Type [POSITIVE]. @01-02-2022 01:55:29.0890 A

################################################################################################################################################
Starting Execution:	[74 out of 162] test cases in the current suite
Test Method:		[testPackage01.TestJSPromptBox.getAlertText]
################################################################################################################################################
[ReportManager] Element Action [Click] successfully performed. With the following test data [By.xpath: //button[contains(text(),'Click for JS Prompt')]]. @01-02-2022 01:55:30.0105 AM
[ReportManager] Alert is present @01-02-2022 01:55:30.0274 AM
[ReportManager] Alert Text is: [I am a JS prompt] @01-02-2022 01:55:30.0280 AM
[ReportManager] Element Action [GetAlertText] successfully performed. @01-02-2022 01:55:30.0281 AM
[ReportManager] Alert text is: [I am a JS prompt] @01-02-2022 01:55:30.0281 AM
[ReportManager] Alert is present @01-02-2022 01:55:30.0294 AM
[ReportManager] Alert Text is: [I am a JS prompt] @01-02-2022 01:55:30.0301 AM
[ReportManager] Element Action [GetAlertText] successfully performed. @01-02-2022 01:55:30.0302 AM
[ReportManager] Assertion Passed: Then I Assert that [I am a JS prompt] is equal to [I am a JS prompt]. @01-02-2022 01:55:30.0302 AM
[ReportManager] Assertion [ValidateEquals] PASSED. Expected [I am a JS prompt] and Actual [I am a JS prompt]. Comparison Type [EQUALS]. Validation Type [POSITIVE]. @01-02-2022 01:55:30.0302 A

################################################################################################################################################
Starting Execution:	[75 out of 162] test cases in the current suite
Test Method:		[testPackage01.TestJSPromptBox.acceptPromptAlertWithoutTypingTextMessage]
################################################################################################################################################
[ReportManager] Alert is not present @01-02-2022 01:56:00.0753 AM
[ReportManager] Element Action [WaitForAlertToBePresent] failed. @01-02-2022 01:56:00.0861 AM
[ReportManager] Successfully created attachment [Screenshot - 1643680560776_acceptPromptAlertWithoutTypingTextMessage_WaitForAlertToBePresent_failed] @01-02-2022 01:56:00.0862 A

################################################################################################################################################
Starting Execution:	[76 out of 162] test cases in the current suite
Test Method:		[testPackage01.TestJSPromptBox.assertOnConfirmPromptAlertWithoutTypingTextMessageResultText]
###############################################################################################################################################

################################################################################################################################################
Starting Execution:	[77 out of 162] test cases in the current suite
Test Method:		[testPackage01.TestJSPromptBox.acceptPromptAlertWithTextMessage]
###############################################################################################################################################

################################################################################################################################################
Starting Execution:	[78 out of 162] test cases in the current suite
Test Method:		[testPackage01.TestJSPromptBox.assertOnConfirmPromptAlertWithTextMessageResultText]
###############################################################################################################################################
[ReportManager] Browser Action [CloseCurrentWindow] successfully performed. @01-02-2022 01:56:01.0203 AM
[ReportManager] Successfully created attachment [Browser Action Test Data - CloseCurrentWindow - Actual Value] @01-02-2022 01:56:01.0204 A

################################################################################################################################################
Starting Execution:	[79 out of 162] test cases in the current suite
Test Method:		[testPackage01.Test_testData.f]
################################################################################################################################################
[ReportManager] Successfully loaded the following test data file [src/test/resources/testDataFiles/testSuite01/TestData.xlsx]. @01-02-2022 01:56:01.0242 AM
[ReportManager] Successfully created attachment [Test Data - Excel] @01-02-2022 01:56:01.0243 AM
[ReportManager] Last Column Number is: [3]. Zero-based. @01-02-2022 01:56:01.0243 A

################################################################################################################################################
Starting Execution:	[80 out of 162] test cases in the current suite
Test Method:		[testPackage01.Test_PDF.testPDF1]
################################################################################################################################################
[ReportManager] File Action [DoesFileExist] successfully performed. With the following test data [File Path: "src/test/resources/testDataFiles/sample.pdf"]. @01-02-2022 01:56:01.0251 AM
[ReportManager] File Action [GetAbsolutePath] successfully performed. With the following test data [Relative Folder Path: "src/test/resources/testDataFiles/sample.pdf"]. @01-02-2022 01:56:01.0252 AM
[ReportManager] Assertion Passed: Checking to see that the pdf file contains [A Simple PDF File] @01-02-2022 01:57:02.0556 AM
[ReportManager] Successfully created attachment [Validation Test Data - Expected Value] @01-02-2022 01:57:02.0557 AM
[ReportManager] Successfully created attachment [Validation Test Data - Actual Value] @01-02-2022 01:57:02.0558 AM
[ReportManager] Assertion [ValidateEquals] PASSED. Expected and Actual values are attached. Comparison Type [CONTAINS]. Validation Type [POSITIVE]. @01-02-2022 01:57:02.0558 A

################################################################################################################################################
Starting Execution:	[81 out of 162] test cases in the current suite
Test Method:		[testPackage01.Test_PDF.testPDF2]
################################################################################################################################################
[ReportManager] File Action [DoesFileExist] successfully performed. With the following test data [File Path: "src/test/resources/testDataFiles/sample.pdf"]. @01-02-2022 01:57:02.0723 AM
[ReportManager] File Action [GetAbsolutePath] successfully performed. With the following test data [Relative Folder Path: "src/test/resources/testDataFiles/sample.pdf"]. @01-02-2022 01:57:02.0723 AM
[ReportManager] Assertion Passed: Checking to see that the pdf file contains [A Simple PDF File] @01-02-2022 01:57:02.0738 AM
[ReportManager] Successfully created attachment [Validation Test Data - Expected Value] @01-02-2022 01:57:02.0739 AM
[ReportManager] Successfully created attachment [Validation Test Data - Actual Value] @01-02-2022 01:57:02.0739 AM
[ReportManager] Assertion [ValidateEquals] PASSED. Expected and Actual values are attached. Comparison Type [CONTAINS]. Validation Type [POSITIVE]. @01-02-2022 01:57:02.0740 A
[ReportManager] File Action [GetAbsolutePath] successfully performed. With the following test data [Relative Folder Path: "target/downloadedFiles/"]. @01-02-2022 01:57:02.0742 AM
[ReportManager] Attempting to run locally on: [Mac-64], [Safari], Headless Execution. @01-02-2022 01:57:02.0742 AM
[ReportManager] An Exception Occured with this Message: Could not start a new session. Possible causes are invalid address of the remote server or browser start-up failure.. @01-02-2022 01:57:02.0935 AM
[ReportManager] Successfully created attachment [Exception Stack Trace - org.openqa.selenium.SessionNotCreatedException] @01-02-2022 01:57:02.0976 AM
[ReportManager] Driver Factory Action [createNewLocalDriverInstanceForSafari] failed. With the following test data [Failed to create a session on DESKTOP_SAFARI]. @01-02-2022 01:57:02.0977 A

################################################################################################################################################
Starting Execution:	[82 out of 162] test cases in the current suite
Test Method:		[testPackage01.Test_ShadowDOM.shadowdom]
###############################################################################################################################################

[ReportManager] File Action [GetAbsolutePath] successfully performed. With the following test data [Relative Folder Path: "target/downloadedFiles/"]. @01-02-2022 01:57:03.0237 AM
[ReportManager] Attempting to run locally on: [Mac-64], [Safari], Headless Execution. @01-02-2022 01:57:03.0238 AM
[ReportManager] Successfully Opened Safari. @01-02-2022 01:57:04.0354 AM
[ReportManager] Initial window size: (800, 600) @01-02-2022 01:57:04.0375 AM
[ReportManager] Window size after SWD Maximize: (1176, 803) @01-02-2022 01:57:04.0400 AM
[ReportManager] Browser Action [MaximizeWindow] successfully performed. With the following test data [New screen size is now: (1176, 803)]. @01-02-2022 01:57:04.0401 A

################################################################################################################################################
Starting Execution:	[83 out of 162] test cases in the current suite
Test Method:		[testPackage01.Test_clipboardActions.typeTextAndCopyPaste]
################################################################################################################################################
[ReportManager] Target URL: [https://www.google.com/ncr], and after redirection: [https://www.google.com] @01-02-2022 01:57:04.0406 AM
[ReportManager] Initial URL: [] @01-02-2022 01:57:04.0469 AM
[ReportManager] Browser Action [NavigateToURL] successfully performed. With the following test data [https://www.google.com/ncr]. @01-02-2022 01:57:05.0826 AM
[ReportManager] Element Action [Type] successfully performed. With the following test data [FIRST]. @01-02-2022 01:57:06.0429 A
[ReportManager] Browser Action [CloseCurrentWindow] successfully performed. @01-02-2022 01:57:07.0202 AM
[ReportManager] Successfully created attachment [Browser Action Test Data - CloseCurrentWindow - Actual Value] @01-02-2022 01:57:07.0244 A
[ReportManager] File Action [GetAbsolutePath] successfully performed. With the following test data [Relative Folder Path: "target/downloadedFiles/"]. @01-02-2022 01:57:07.0327 AM
[ReportManager] Attempting to run locally on: [Mac-64], [Safari], Headless Execution. @01-02-2022 01:57:07.0328 AM
[ReportManager] Successfully Opened Safari. @01-02-2022 01:57:08.0213 AM
[ReportManager] Initial window size: (800, 600) @01-02-2022 01:57:08.0242 AM
[ReportManager] Window size after SWD Maximize: (1176, 803) @01-02-2022 01:57:08.0280 AM
[ReportManager] Browser Action [MaximizeWindow] successfully performed. With the following test data [New screen size is now: (1176, 803)]. @01-02-2022 01:57:08.0280 AM
[ReportManager] Target URL: [http://the-internet.herokuapp.com/javascript_alerts] @01-02-2022 01:57:08.0280 AM
[ReportManager] Initial URL: [] @01-02-2022 01:57:08.0355 AM
[ReportManager] Browser Action [NavigateToURL] successfully performed. With the following test data [http://the-internet.herokuapp.com/javascript_alerts]. @01-02-2022 01:57:08.0842 A

################################################################################################################################################
Starting Execution:	[84 out of 162] test cases in the current suite
Test Method:		[testPackage01.TestJSAlertBox.getJSAlertText]
################################################################################################################################################
[ReportManager] Element Action [Click] successfully performed. With the following test data [By.xpath: //button[contains(text(),'Click for JS Alert')]]. @01-02-2022 01:57:09.0120 AM
[ReportManager] Alert is present @01-02-2022 01:57:09.0133 AM
[ReportManager] Alert Text is: [I am a JS Alert] @01-02-2022 01:57:09.0140 AM
[ReportManager] Element Action [GetAlertText] successfully performed. @01-02-2022 01:57:09.0141 AM
[ReportManager] Alert text is: [I am a JS Alert] @01-02-2022 01:57:09.0141 AM
[ReportManager] Alert is present @01-02-2022 01:57:09.0157 AM
[ReportManager] Alert Text is: [I am a JS Alert] @01-02-2022 01:57:09.0174 AM
[ReportManager] Element Action [GetAlertText] successfully performed. @01-02-2022 01:57:09.0175 AM
[ReportManager] Assertion Passed: Then I Assert that [I am a JS Alert] is equal to [I am a JS Alert]. @01-02-2022 01:57:09.0176 AM
[ReportManager] Assertion [ValidateEquals] PASSED. Expected [I am a JS Alert] and Actual [I am a JS Alert]. Comparison Type [EQUALS]. Validation Type [POSITIVE]. @01-02-2022 01:57:09.0177 A

################################################################################################################################################
Starting Execution:	[85 out of 162] test cases in the current suite
Test Method:		[testPackage01.TestJSAlertBox.acceptAlert]
################################################################################################################################################
[ReportManager] Alert is not present @01-02-2022 01:57:39.0467 AM
[ReportManager] Element Action [WaitForAlertToBePresent] failed. @01-02-2022 01:57:39.0625 AM
[ReportManager] Successfully created attachment [Screenshot - 1643680659492_acceptAlert_WaitForAlertToBePresent_failed] @01-02-2022 01:57:39.0626 A

################################################################################################################################################
Starting Execution:	[86 out of 162] test cases in the current suite
Test Method:		[testPackage01.TestJSAlertBox.assertOnConfirmAlertResultText]
###############################################################################################################################################
[ReportManager] Browser Action [CloseCurrentWindow] successfully performed. @01-02-2022 01:57:39.0998 AM
[ReportManager] Successfully created attachment [Browser Action Test Data - CloseCurrentWindow - Actual Value] @01-02-2022 01:57:40.0040 A

################################################################################################################################################
Starting Execution:	[87 out of 162] test cases in the current suite
Test Method:		[testPackage01.Test_checkJDKShellFilesGenerated.testJDKGeneratedSuccessfully]
################################################################################################################################################
[ReportManager] Configuring JDK @01-02-2022 01:57:40.0123 AM
[ReportManager] File Action [GetAbsolutePath] successfully performed. With the following test data [Relative File Path: "generateJdkMac.sh"]. @01-02-2022 01:57:40.0124 AM
[ReportManager] File Action [WriteToFile] successfully performed. With the following test data [Target File Path: "/Users/runner/work/SHAFT_ENGINE/SHAFT_ENGINE/generateJdkMac.sh"]. @01-02-2022 01:57:40.0287 AM
[ReportManager] Attempting to perform the following command locally. Command: [chmod u+x generateJdk.sh] @01-02-2022 01:57:40.0287 AM
[ReportManager] Terminal Action [PerformTerminalCommands] successfully performed. With the following test data [Host Name: "localHost" | Command: "chmod u+x generateJdk.sh" | Exit Status: "1"]. @01-02-2022 01:57:40.0415 AM
[ReportManager] Successfully created attachment [Terminal Action Actual Result - Command Log] @01-02-2022 01:57:40.0499 AM
[ReportManager] Assertion Passed: Then I Assert that [[#!/bin/bash, export JAVA_HOME=$(/usr/libexec/java_home), export PATH=$JAVA_HOME/bin:$PATH, source ~/.zshenv, echo $JAVA_HOME, echo $PATH, exec bash]] contains [JAVA_HOME=$(/usr/libexec/java_home)]. @01-02-2022 01:57:40.0499 AM
[ReportManager] Assertion [ValidateEquals] PASSED. Expected [JAVA_HOME=$(/usr/libexec/java_home)] and Actual [[#!/bin/bash, export JAVA_HOME=$(/usr/libexec/java_home), export PATH=$JAVA_HOME/bin:$PATH, source ~/.zshenv, echo $JAVA_HOME, echo $PATH, exec bash]]. Comparison Type [CONTAINS]. Validation Type [POSITIVE]. @01-02-2022 01:57:40.0499 A
[ReportManager] File Action [GetAbsolutePath] successfully performed. With the following test data [Relative Folder Path: "target/downloadedFiles/"]. @01-02-2022 01:57:40.0624 AM
[ReportManager] Attempting to run locally on: [Mac-64], [Safari], Headless Execution. @01-02-2022 01:57:40.0624 AM
[ReportManager] Successfully Opened Safari. @01-02-2022 01:57:41.0562 AM
[ReportManager] Initial window size: (800, 600) @01-02-2022 01:57:41.0591 AM
[ReportManager] Window size after SWD Maximize: (1176, 803) @01-02-2022 01:57:41.0616 AM
[ReportManager] Browser Action [MaximizeWindow] successfully performed. With the following test data [New screen size is now: (1176, 803)]. @01-02-2022 01:57:41.0616 AM
[ReportManager] Target URL: [http://the-internet.herokuapp.com/javascript_alerts] @01-02-2022 01:57:41.0617 AM
[ReportManager] Initial URL: [] @01-02-2022 01:57:41.0756 AM
[ReportManager] Browser Action [NavigateToURL] successfully performed. With the following test data [http://the-internet.herokuapp.com/javascript_alerts]. @01-02-2022 01:57:42.0285 A

################################################################################################################################################
Starting Execution:	[88 out of 162] test cases in the current suite
Test Method:		[testPackage01.TestJSConfirmBox.dismissAlert]
################################################################################################################################################
[ReportManager] Element Action [Click] successfully performed. With the following test data [By.xpath: //button[contains(text(),'Click for JS Confirm')]]. @01-02-2022 01:57:42.0575 AM
[ReportManager] Alert is present @01-02-2022 01:57:42.0587 AM
[ReportManager] Element Action [DismissAlert] successfully performed. @01-02-2022 01:57:42.0602 A

################################################################################################################################################
Starting Execution:	[89 out of 162] test cases in the current suite
Test Method:		[testPackage01.TestJSConfirmBox.assertOnCancelAlertResultText]
################################################################################################################################################
[ReportManager] Element Action [GetText] successfully performed. With the following test data [You clicked: Cancel]. @01-02-2022 01:57:42.0820 AM
[ReportManager] Assertion Passed: Then I Assert that the element found by [By.id: result] attribute [TEXT] is equal to [You clicked: Cancel]. @01-02-2022 01:57:43.0153 AM
[ReportManager] Successfully created attachment [Screenshot - 1643680662950_assertOnCancelAlertResultText_ValidateElementAttribute_passed] @01-02-2022 01:57:43.0235 AM
[ReportManager] Assertion [ValidateElementAttribute] PASSED. Expected [Value Should be 'You clicked: Cancel' for the 'text' attribute, element locator 'By.id: result'] and Actual [You clicked: Cancel]. Comparison Type [EQUALS]. Validation Type [POSITIVE]. @01-02-2022 01:57:43.0236 A

################################################################################################################################################
Starting Execution:	[90 out of 162] test cases in the current suite
Test Method:		[testPackage01.TestJSConfirmBox.getAlertText]
################################################################################################################################################
[ReportManager] Element Action [Click] successfully performed. With the following test data [By.xpath: //button[contains(text(),'Click for JS Confirm')]]. @01-02-2022 01:57:43.0575 AM
[ReportManager] Alert is present @01-02-2022 01:57:43.0643 AM
[ReportManager] Alert Text is: [I am a JS Confirm] @01-02-2022 01:57:43.0678 AM
[ReportManager] Element Action [GetAlertText] successfully performed. @01-02-2022 01:57:43.0679 AM
[ReportManager] Alert text is: [I am a JS Confirm] @01-02-2022 01:57:43.0679 AM
[ReportManager] Alert is present @01-02-2022 01:57:43.0691 AM
[ReportManager] Alert Text is: [I am a JS Confirm] @01-02-2022 01:57:43.0701 AM
[ReportManager] Element Action [GetAlertText] successfully performed. @01-02-2022 01:57:43.0701 AM
[ReportManager] Assertion Passed: Then I Assert that [I am a JS Confirm] is equal to [I am a JS Confirm]. @01-02-2022 01:57:43.0701 AM
[ReportManager] Assertion [ValidateEquals] PASSED. Expected [I am a JS Confirm] and Actual [I am a JS Confirm]. Comparison Type [EQUALS]. Validation Type [POSITIVE]. @01-02-2022 01:57:43.0701 A

################################################################################################################################################
Starting Execution:	[91 out of 162] test cases in the current suite
Test Method:		[testPackage01.TestJSConfirmBox.acceptAlert]
################################################################################################################################################
[ReportManager] Alert is not present @01-02-2022 01:58:14.0375 AM
[ReportManager] Element Action [WaitForAlertToBePresent] failed. @01-02-2022 01:58:14.0580 AM
[ReportManager] Successfully created attachment [Screenshot - 1643680694403_acceptAlert_WaitForAlertToBePresent_failed] @01-02-2022 01:58:14.0662 A

################################################################################################################################################
Starting Execution:	[92 out of 162] test cases in the current suite
Test Method:		[testPackage01.TestJSConfirmBox.assertOnConfirmAlertResultText]
###############################################################################################################################################
[ReportManager] Browser Action [CloseCurrentWindow] successfully performed. @01-02-2022 01:58:15.0268 AM
[ReportManager] Successfully created attachment [Browser Action Test Data - CloseCurrentWindow - Actual Value] @01-02-2022 01:58:15.0350 A

################################################################################################################################################
Starting Execution:	[93 out of 162] test cases in the current suite
Test Method:		[testPackage01.Test_NewValidationHelper.f1]
################################################################################################################################################
[ReportManager] Assertion Passed: Checking valid user data @01-02-2022 01:58:15.0475 AM
[ReportManager] Successfully created attachment [Validation Test Data - Expected Value] @01-02-2022 01:58:15.0593 AM
[ReportManager] Successfully created attachment [Validation Test Data - Actual Value] @01-02-2022 01:58:15.0715 AM
[ReportManager] Assertion [ValidateEquals] PASSED. Expected and Actual values are attached. Comparison Type [EQUALS]. Validation Type [POSITIVE]. @01-02-2022 01:58:15.0715 A
[ReportManager] File Action [GetAbsolutePath] successfully performed. With the following test data [Relative Folder Path: "target/downloadedFiles/"]. @01-02-2022 01:58:15.0961 AM
[ReportManager] Attempting to run locally on: [Mac-64], [Safari], Headless Execution. @01-02-2022 01:58:15.0962 AM
[ReportManager] Successfully Opened Safari. @01-02-2022 01:58:17.0018 AM
[ReportManager] Initial window size: (800, 600) @01-02-2022 01:58:17.0043 AM
[ReportManager] Window size after SWD Maximize: (1176, 803) @01-02-2022 01:58:17.0091 AM
[ReportManager] Browser Action [MaximizeWindow] successfully performed. With the following test data [New screen size is now: (1176, 803)]. @01-02-2022 01:58:17.0091 AM
[ReportManager] Target URL: [https://the-internet.herokuapp.com/] @01-02-2022 01:58:17.0091 AM
[ReportManager] Initial URL: [] @01-02-2022 01:58:17.0255 AM
[ReportManager] Browser Action [NavigateToURL] successfully performed. With the following test data [https://the-internet.herokuapp.com/]. @01-02-2022 01:58:17.0948 A

################################################################################################################################################
Starting Execution:	[94 out of 162] test cases in the current suite
Test Method:		[testPackage01.Test_NewValidationHelper.f10]
################################################################################################################################################
[ReportManager] Assertion [ValidateElementExists] FAILED. Expected [Element Should Exist, locator 'By.tagName: div'] and Actual [Element Exists but is not unique]. Comparison Type [EQUALS]. Validation Type [POSITIVE]. @01-02-2022 01:58:18.0203 AM
[ReportManager] Successfully created attachment [Screenshot - 1643680698115_f10_ValidateElementExists_failed] @01-02-2022 01:58:18.0204 A
[ReportManager] Successfully Closed All Drivers. @01-02-2022 01:58:18.0573 A
[ReportManager] File Action [GetAbsolutePath] successfully performed. With the following test data [Relative Folder Path: "target/downloadedFiles/"]. @01-02-2022 01:58:18.0580 AM
[ReportManager] Attempting to run locally on: [Mac-64], [Safari], Headless Execution. @01-02-2022 01:58:18.0580 AM
[ReportManager] Successfully Opened Safari. @01-02-2022 01:58:19.0672 AM
[ReportManager] Initial window size: (800, 600) @01-02-2022 01:58:19.0686 AM
[ReportManager] Window size after SWD Maximize: (1176, 803) @01-02-2022 01:58:19.0705 AM
[ReportManager] Browser Action [MaximizeWindow] successfully performed. With the following test data [New screen size is now: (1176, 803)]. @01-02-2022 01:58:19.0705 AM
[ReportManager] Target URL: [https://the-internet.herokuapp.com/] @01-02-2022 01:58:19.0705 AM
[ReportManager] Initial URL: [] @01-02-2022 01:58:19.0784 AM
[ReportManager] Browser Action [NavigateToURL] successfully performed. With the following test data [https://the-internet.herokuapp.com/]. @01-02-2022 01:58:20.0487 A

################################################################################################################################################
Starting Execution:	[95 out of 162] test cases in the current suite
Test Method:		[testPackage01.Test_NewValidationHelper.f11]
################################################################################################################################################
[ReportManager] org.openqa.selenium.TimeoutException:
Expected condition failed: waiting for com.shaft.gui.element.ElementActionsHelper$$Lambda$641/0x000000080112b9d8@173d786c (tried for 5 second(s) with 1000 milliseconds interval)
org.openqa.selenium.support.ui.FluentWait.timeoutException(FluentWait.java:263)
org.openqa.selenium.support.ui.FluentWait.until(FluentWait.java:231)
com.shaft.gui.element.ElementActionsHelper.waitForElementPresence(ElementActionsHelper.java:89)
com.shaft.gui.element.ElementActionsHelper.waitForElementPresence(ElementActionsHelper.java:37)
com.shaft.gui.element.WebDriverElementActions.getMatchingElementsCount(WebDriverElementActions.java:1481)
com.shaft.gui.element.WebDriverElementActions.getElementsCount(WebDriverElementActions.java:561)
com.shaft.gui.element.ElementActions.getElementsCount(ElementActions.java:269)
com.shaft.validation.ValidationsHelper.validateElementExists(ValidationsHelper.java:149)
com.shaft.validation.Assertions.assertElementExists(Assertions.java:118)
testPackage01.Test_NewValidationHelper.f11(Test_NewValidationHelper.java:137)
java.base/jdk.internal.reflect.NativeMethodAccessorImpl.invoke0(Native Method)
java.base/jdk.internal.reflect.NativeMethodAccessorImpl.invoke(NativeMethodAccessorImpl.java:77)
java.base/jdk.internal.reflect.DelegatingMethodAccessorImpl.invoke(DelegatingMethodAccessorImpl.java:43)
java.base/java.lang.reflect.Method.invoke(Method.java:568)
org.testng.internal.invokers.MethodInvocationHelper.invokeMethod(MethodInvocationHelper.java:135)
org.testng.internal.invokers.TestInvoker.invokeMethod(TestInvoker.java:673)
org.testng.internal.invokers.TestInvoker.invokeTestMethod(TestInvoker.java:220)
org.testng.internal.invokers.MethodRunner.runInSequence(MethodRunner.java:50)
org.testng.internal.invokers.TestInvoker$MethodInvocationAgent.invoke(TestInvoker.java:945)
org.testng.internal.invokers.TestInvoker.invokeTestMethods(TestInvoker.java:193)
org.testng.internal.invokers.TestMethodWorker.invokeTestMethods(TestMethodWorker.java:146)
org.testng.internal.invokers.TestMethodWorker.run(TestMethodWorker.java:128)
java.base/java.util.ArrayList.forEach(ArrayList.java:1511)
org.testng.TestRunner.privateRun(TestRunner.java:808)
org.testng.TestRunner.run(TestRunner.java:603)
org.testng.SuiteRunner.runTest(SuiteRunner.java:429)
org.testng.SuiteRunner.runSequentially(SuiteRunner.java:423)
org.testng.SuiteRunner.privateRun(SuiteRunner.java:383)
org.testng.SuiteRunner.run(SuiteRunner.java:326)
org.testng.SuiteRunnerWorker.runSuite(SuiteRunnerWorker.java:52)
org.testng.SuiteRunnerWorker.run(SuiteRunnerWorker.java:95)
org.testng.TestNG.runSuitesSequentially(TestNG.java:1249)
org.testng.TestNG.runSuitesLocally(TestNG.java:1169)
org.testng.TestNG.runSuites(TestNG.java:1092)
org.testng.TestNG.run(TestNG.java:1060)
org.apache.maven.surefire.testng.TestNGExecutor.run(TestNGExecutor.java:136)
org.apache.maven.surefire.testng.TestNGDirectoryTestSuite.executeMulti(TestNGDirectoryTestSuite.java:193)
org.apache.maven.surefire.testng.TestNGDirectoryTestSuite.execute(TestNGDirectoryTestSuite.java:94)
org.apache.maven.surefire.testng.TestNGProvider.invoke(TestNGProvider.java:145)
org.apache.maven.surefire.booter.ForkedBooter.runSuitesInProcess(ForkedBooter.java:428)
org.apache.maven.surefire.booter.ForkedBooter.execute(ForkedBooter.java:162)
org.apache.maven.surefire.booter.ForkedBooter.run(ForkedBooter.java:562)
org.apache.maven.surefire.booter.ForkedBooter.main(ForkedBooter.java:548)

Caused by: org.openqa.selenium.NoSuchElementException:
For documentation on this error, please visit: https://selenium.dev/exceptions/#no_such_element
Build info: version: '4.1.1', revision: 'e8fcc2cecf'
System info: host: 'Mac-1643680281618.local', ip: '10.213.5.38', os.name: 'Mac OS X', os.arch: 'x86_64', os.version: '11.6.2', java.version: '17.0.2'
Driver info: org.openqa.selenium.safari.SafariDriver
Command: [861F269B-A9A8-4770-A8D2-1E6B5B6BA942, findElement {using=tag name, value=h3}]
Capabilities {acceptInsecureCerts: false, browserName: Safari, browserVersion: 15.2, goog:loggingPrefs: {browser: ALL, client: ALL, driver: ALL, performance: ALL, profiler: ALL, server: ALL}, javascriptEnabled: true, pageLoadStrategy: normal, platform: MAC, platformName: MAC, safari:automaticInspection: false, safari:automaticProfiling: false, safari:diagnose: false, safari:platformBuildVersion: 20G314, safari:platformVersion: 11.6.2, safari:useSimulator: false, setWindowRect: true, strictFileInteractability: false, timeouts: {pageLoad: 30000, script: 30000}, webkit:WebRTC: {DisableICECandidateFiltering: false, DisableInsecureMediaCapture: false}}
Session ID: 861F269B-A9A8-4770-A8D2-1E6B5B6BA942
java.base/jdk.internal.reflect.NativeConstructorAccessorImpl.newInstance0(Native Method)
java.base/jdk.internal.reflect.NativeConstructorAccessorImpl.newInstance(NativeConstructorAccessorImpl.java:77)
java.base/jdk.internal.reflect.DelegatingConstructorAccessorImpl.newInstance(DelegatingConstructorAccessorImpl.java:45)
java.base/java.lang.reflect.Constructor.newInstanceWithCaller(Constructor.java:499)
java.base/java.lang.reflect.Constructor.newInstance(Constructor.java:480)
org.openqa.selenium.remote.codec.w3c.W3CHttpResponseCodec.createException(W3CHttpResponseCodec.java:200)
org.openqa.selenium.remote.codec.w3c.W3CHttpResponseCodec.decode(W3CHttpResponseCodec.java:133)
org.openqa.selenium.remote.codec.w3c.W3CHttpResponseCodec.decode(W3CHttpResponseCodec.java:53)
org.openqa.selenium.remote.HttpCommandExecutor.execute(HttpCommandExecutor.java:184)
org.openqa.selenium.remote.service.DriverCommandExecutor.invokeExecute(DriverCommandExecutor.java:167)
org.openqa.selenium.remote.service.DriverCommandExecutor.execute(DriverCommandExecutor.java:142)
org.openqa.selenium.remote.RemoteWebDriver.execute(RemoteWebDriver.java:543)
org.openqa.selenium.remote.ElementLocation$ElementFinder$2.findElement(ElementLocation.java:162)
org.openqa.selenium.remote.ElementLocation.findElement(ElementLocation.java:60)
org.openqa.selenium.remote.RemoteWebDriver.findElement(RemoteWebDriver.java:367)
org.openqa.selenium.remote.RemoteWebDriver.findElement(RemoteWebDriver.java:359)
com.shaft.gui.element.ElementActionsHelper.lambda$waitForElementPresence$0(ElementActionsHelper.java:92)
org.openqa.selenium.support.ui.FluentWait.until(FluentWait.java:208)
com.shaft.gui.element.ElementActionsHelper.waitForElementPresence(ElementActionsHelper.java:89)
com.shaft.gui.element.ElementActionsHelper.waitForElementPresence(ElementActionsHelper.java:37)
com.shaft.gui.element.WebDriverElementActions.getMatchingElementsCount(WebDriverElementActions.java:1481)
com.shaft.gui.element.WebDriverElementActions.getElementsCount(WebDriverElementActions.java:561)
com.shaft.gui.element.ElementActions.getElementsCount(ElementActions.java:269)
com.shaft.validation.ValidationsHelper.validateElementExists(ValidationsHelper.java:149)
com.shaft.validation.Assertions.assertElementExists(Assertions.java:118)
testPackage01.Test_NewValidationHelper.f11(Test_NewValidationHelper.java:137)
java.base/jdk.internal.reflect.NativeMethodAccessorImpl.invoke0(Native Method)
java.base/jdk.internal.reflect.NativeMethodAccessorImpl.invoke(NativeMethodAccessorImpl.java:77)
java.base/jdk.internal.reflect.DelegatingMethodAccessorImpl.invoke(DelegatingMethodAccessorImpl.java:43)
java.base/java.lang.reflect.Method.invoke(Method.java:568)
org.testng.internal.invokers.MethodInvocationHelper.invokeMethod(MethodInvocationHelper.java:135)
org.testng.internal.invokers.TestInvoker.invokeMethod(TestInvoker.java:673)
org.testng.internal.invokers.TestInvoker.invokeTestMethod(TestInvoker.java:220)
org.testng.internal.invokers.MethodRunner.runInSequence(MethodRunner.java:50)
org.testng.internal.invokers.TestInvoker$MethodInvocationAgent.invoke(TestInvoker.java:945)
org.testng.internal.invokers.TestInvoker.invokeTestMethods(TestInvoker.java:193)
org.testng.internal.invokers.TestMethodWorker.invokeTestMethods(TestMethodWorker.java:146)
org.testng.internal.invokers.TestMethodWorker.run(TestMethodWorker.java:128)
java.base/java.util.ArrayList.forEach(ArrayList.java:1511)
org.testng.TestRunner.privateRun(TestRunner.java:808)
org.testng.TestRunner.run(TestRunner.java:603)
org.testng.SuiteRunner.runTest(SuiteRunner.java:429)
org.testng.SuiteRunner.runSequentially(SuiteRunner.java:423)
org.testng.SuiteRunner.privateRun(SuiteRunner.java:383)
org.testng.SuiteRunner.run(SuiteRunner.java:326)
org.testng.SuiteRunnerWorker.runSuite(SuiteRunnerWorker.java:52)
org.testng.SuiteRunnerWorker.run(SuiteRunnerWorker.java:95)
org.testng.TestNG.runSuitesSequentially(TestNG.java:1249)
org.testng.TestNG.runSuitesLocally(TestNG.java:1169)
org.testng.TestNG.runSuites(TestNG.java:1092)
org.testng.TestNG.run(TestNG.java:1060)
org.apache.maven.surefire.testng.TestNGExecutor.run(TestNGExecutor.java:136)
org.apache.maven.surefire.testng.TestNGDirectoryTestSuite.executeMulti(TestNGDirectoryTestSuite.java:193)
org.apache.maven.surefire.testng.TestNGDirectoryTestSuite.execute(TestNGDirectoryTestSuite.java:94)
org.apache.maven.surefire.testng.TestNGProvider.invoke(TestNGProvider.java:145)
org.apache.maven.surefire.booter.ForkedBooter.runSuitesInProcess(ForkedBooter.java:428)
org.apache.maven.surefire.booter.ForkedBooter.execute(ForkedBooter.java:162)
org.apache.maven.surefire.booter.ForkedBooter.run(ForkedBooter.java:562)
org.apache.maven.surefire.booter.ForkedBooter.main(ForkedBooter.java:548) @01-02-2022 01:58:26.0091 AM
[ReportManager] org.openqa.selenium.TimeoutException:
Expected condition failed: waiting for com.shaft.gui.element.ElementActionsHelper$$Lambda$641/0x000000080112b9d8@6b94ced3 (tried for 5 second(s) with 1000 milliseconds interval)
org.openqa.selenium.support.ui.FluentWait.timeoutException(FluentWait.java:263)
org.openqa.selenium.support.ui.FluentWait.until(FluentWait.java:231)
com.shaft.gui.element.ElementActionsHelper.waitForElementPresence(ElementActionsHelper.java:89)
com.shaft.gui.element.ElementActionsHelper.waitForElementPresence(ElementActionsHelper.java:37)
com.shaft.gui.element.WebDriverElementActions.getMatchingElementsCount(WebDriverElementActions.java:1481)
com.shaft.gui.element.WebDriverElementActions.getElementsCount(WebDriverElementActions.java:561)
com.shaft.gui.element.ElementActions.getElementsCount(ElementActions.java:269)
com.shaft.gui.image.ScreenshotManager.internalCaptureScreenShot(ScreenshotManager.java:385)
com.shaft.gui.image.ScreenshotManager.captureScreenShot(ScreenshotManager.java:141)
com.shaft.validation.ValidationsHelper.reportValidationState(ValidationsHelper.java:823)
com.shaft.validation.ValidationsHelper.pass(ValidationsHelper.java:564)
com.shaft.validation.ValidationsHelper.validateElementExists(ValidationsHelper.java:166)
com.shaft.validation.Assertions.assertElementExists(Assertions.java:118)
testPackage01.Test_NewValidationHelper.f11(Test_NewValidationHelper.java:137)
java.base/jdk.internal.reflect.NativeMethodAccessorImpl.invoke0(Native Method)
java.base/jdk.internal.reflect.NativeMethodAccessorImpl.invoke(NativeMethodAccessorImpl.java:77)
java.base/jdk.internal.reflect.DelegatingMethodAccessorImpl.invoke(DelegatingMethodAccessorImpl.java:43)
java.base/java.lang.reflect.Method.invoke(Method.java:568)
org.testng.internal.invokers.MethodInvocationHelper.invokeMethod(MethodInvocationHelper.java:135)
org.testng.internal.invokers.TestInvoker.invokeMethod(TestInvoker.java:673)
org.testng.internal.invokers.TestInvoker.invokeTestMethod(TestInvoker.java:220)
org.testng.internal.invokers.MethodRunner.runInSequence(MethodRunner.java:50)
org.testng.internal.invokers.TestInvoker$MethodInvocationAgent.invoke(TestInvoker.java:945)
org.testng.internal.invokers.TestInvoker.invokeTestMethods(TestInvoker.java:193)
org.testng.internal.invokers.TestMethodWorker.invokeTestMethods(TestMethodWorker.java:146)
org.testng.internal.invokers.TestMethodWorker.run(TestMethodWorker.java:128)
java.base/java.util.ArrayList.forEach(ArrayList.java:1511)
org.testng.TestRunner.privateRun(TestRunner.java:808)
org.testng.TestRunner.run(TestRunner.java:603)
org.testng.SuiteRunner.runTest(SuiteRunner.java:429)
org.testng.SuiteRunner.runSequentially(SuiteRunner.java:423)
org.testng.SuiteRunner.privateRun(SuiteRunner.java:383)
org.testng.SuiteRunner.run(SuiteRunner.java:326)
org.testng.SuiteRunnerWorker.runSuite(SuiteRunnerWorker.java:52)
org.testng.SuiteRunnerWorker.run(SuiteRunnerWorker.java:95)
org.testng.TestNG.runSuitesSequentially(TestNG.java:1249)
org.testng.TestNG.runSuitesLocally(TestNG.java:1169)
org.testng.TestNG.runSuites(TestNG.java:1092)
org.testng.TestNG.run(TestNG.java:1060)
org.apache.maven.surefire.testng.TestNGExecutor.run(TestNGExecutor.java:136)
org.apache.maven.surefire.testng.TestNGDirectoryTestSuite.executeMulti(TestNGDirectoryTestSuite.java:193)
org.apache.maven.surefire.testng.TestNGDirectoryTestSuite.execute(TestNGDirectoryTestSuite.java:94)
org.apache.maven.surefire.testng.TestNGProvider.invoke(TestNGProvider.java:145)
org.apache.maven.surefire.booter.ForkedBooter.runSuitesInProcess(ForkedBooter.java:428)
org.apache.maven.surefire.booter.ForkedBooter.execute(ForkedBooter.java:162)
org.apache.maven.surefire.booter.ForkedBooter.run(ForkedBooter.java:562)
org.apache.maven.surefire.booter.ForkedBooter.main(ForkedBooter.java:548)

Caused by: org.openqa.selenium.NoSuchElementException:
For documentation on this error, please visit: https://selenium.dev/exceptions/#no_such_element
Build info: version: '4.1.1', revision: 'e8fcc2cecf'
System info: host: 'Mac-1643680281618.local', ip: '10.213.5.38', os.name: 'Mac OS X', os.arch: 'x86_64', os.version: '11.6.2', java.version: '17.0.2'
Driver info: org.openqa.selenium.safari.SafariDriver
Command: [861F269B-A9A8-4770-A8D2-1E6B5B6BA942, findElement {using=tag name, value=h3}]
Capabilities {acceptInsecureCerts: false, browserName: Safari, browserVersion: 15.2, goog:loggingPrefs: {browser: ALL, client: ALL, driver: ALL, performance: ALL, profiler: ALL, server: ALL}, javascriptEnabled: true, pageLoadStrategy: normal, platform: MAC, platformName: MAC, safari:automaticInspection: false, safari:automaticProfiling: false, safari:diagnose: false, safari:platformBuildVersion: 20G314, safari:platformVersion: 11.6.2, safari:useSimulator: false, setWindowRect: true, strictFileInteractability: false, timeouts: {pageLoad: 30000, script: 30000}, webkit:WebRTC: {DisableICECandidateFiltering: false, DisableInsecureMediaCapture: false}}
Session ID: 861F269B-A9A8-4770-A8D2-1E6B5B6BA942
jdk.internal.reflect.GeneratedConstructorAccessor71.newInstance(Unknown Source)
java.base/jdk.internal.reflect.DelegatingConstructorAccessorImpl.newInstance(DelegatingConstructorAccessorImpl.java:45)
java.base/java.lang.reflect.Constructor.newInstanceWithCaller(Constructor.java:499)
java.base/java.lang.reflect.Constructor.newInstance(Constructor.java:480)
org.openqa.selenium.remote.codec.w3c.W3CHttpResponseCodec.createException(W3CHttpResponseCodec.java:200)
org.openqa.selenium.remote.codec.w3c.W3CHttpResponseCodec.decode(W3CHttpResponseCodec.java:133)
org.openqa.selenium.remote.codec.w3c.W3CHttpResponseCodec.decode(W3CHttpResponseCodec.java:53)
org.openqa.selenium.remote.HttpCommandExecutor.execute(HttpCommandExecutor.java:184)
org.openqa.selenium.remote.service.DriverCommandExecutor.invokeExecute(DriverCommandExecutor.java:167)
org.openqa.selenium.remote.service.DriverCommandExecutor.execute(DriverCommandExecutor.java:142)
org.openqa.selenium.remote.RemoteWebDriver.execute(RemoteWebDriver.java:543)
org.openqa.selenium.remote.ElementLocation$ElementFinder$2.findElement(ElementLocation.java:162)
org.openqa.selenium.remote.ElementLocation.findElement(ElementLocation.java:60)
org.openqa.selenium.remote.RemoteWebDriver.findElement(RemoteWebDriver.java:367)
org.openqa.selenium.remote.RemoteWebDriver.findElement(RemoteWebDriver.java:359)
com.shaft.gui.element.ElementActionsHelper.lambda$waitForElementPresence$0(ElementActionsHelper.java:92)
org.openqa.selenium.support.ui.FluentWait.until(FluentWait.java:208)
com.shaft.gui.element.ElementActionsHelper.waitForElementPresence(ElementActionsHelper.java:89)
com.shaft.gui.element.ElementActionsHelper.waitForElementPresence(ElementActionsHelper.java:37)
com.shaft.gui.element.WebDriverElementActions.getMatchingElementsCount(WebDriverElementActions.java:1481)
com.shaft.gui.element.WebDriverElementActions.getElementsCount(WebDriverElementActions.java:561)
com.shaft.gui.element.ElementActions.getElementsCount(ElementActions.java:269)
com.shaft.gui.image.ScreenshotManager.internalCaptureScreenShot(ScreenshotManager.java:385)
com.shaft.gui.image.ScreenshotManager.captureScreenShot(ScreenshotManager.java:141)
com.shaft.validation.ValidationsHelper.reportValidationState(ValidationsHelper.java:823)
com.shaft.validation.ValidationsHelper.pass(ValidationsHelper.java:564)
com.shaft.validation.ValidationsHelper.validateElementExists(ValidationsHelper.java:166)
com.shaft.validation.Assertions.assertElementExists(Assertions.java:118)
testPackage01.Test_NewValidationHelper.f11(Test_NewValidationHelper.java:137)
java.base/jdk.internal.reflect.NativeMethodAccessorImpl.invoke0(Native Method)
java.base/jdk.internal.reflect.NativeMethodAccessorImpl.invoke(NativeMethodAccessorImpl.java:77)
java.base/jdk.internal.reflect.DelegatingMethodAccessorImpl.invoke(DelegatingMethodAccessorImpl.java:43)
java.base/java.lang.reflect.Method.invoke(Method.java:568)
org.testng.internal.invokers.MethodInvocationHelper.invokeMethod(MethodInvocationHelper.java:135)
org.testng.internal.invokers.TestInvoker.invokeMethod(TestInvoker.java:673)
org.testng.internal.invokers.TestInvoker.invokeTestMethod(TestInvoker.java:220)
org.testng.internal.invokers.MethodRunner.runInSequence(MethodRunner.java:50)
org.testng.internal.invokers.TestInvoker$MethodInvocationAgent.invoke(TestInvoker.java:945)
org.testng.internal.invokers.TestInvoker.invokeTestMethods(TestInvoker.java:193)
org.testng.internal.invokers.TestMethodWorker.invokeTestMethods(TestMethodWorker.java:146)
org.testng.internal.invokers.TestMethodWorker.run(TestMethodWorker.java:128)
java.base/java.util.ArrayList.forEach(ArrayList.java:1511)
org.testng.TestRunner.privateRun(TestRunner.java:808)
org.testng.TestRunner.run(TestRunner.java:603)
org.testng.SuiteRunner.runTest(SuiteRunner.java:429)
org.testng.SuiteRunner.runSequentially(SuiteRunner.java:423)
org.testng.SuiteRunner.privateRun(SuiteRunner.java:383)
org.testng.SuiteRunner.run(SuiteRunner.java:326)
org.testng.SuiteRunnerWorker.runSuite(SuiteRunnerWorker.java:52)
org.testng.SuiteRunnerWorker.run(SuiteRunnerWorker.java:95)
org.testng.TestNG.runSuitesSequentially(TestNG.java:1249)
org.testng.TestNG.runSuitesLocally(TestNG.java:1169)
org.testng.TestNG.runSuites(TestNG.java:1092)
org.testng.TestNG.run(TestNG.java:1060)
org.apache.maven.surefire.testng.TestNGExecutor.run(TestNGExecutor.java:136)
org.apache.maven.surefire.testng.TestNGDirectoryTestSuite.executeMulti(TestNGDirectoryTestSuite.java:193)
org.apache.maven.surefire.testng.TestNGDirectoryTestSuite.execute(TestNGDirectoryTestSuite.java:94)
org.apache.maven.surefire.testng.TestNGProvider.invoke(TestNGProvider.java:145)
org.apache.maven.surefire.booter.ForkedBooter.runSuitesInProcess(ForkedBooter.java:428)
org.apache.maven.surefire.booter.ForkedBooter.execute(ForkedBooter.java:162)
org.apache.maven.surefire.booter.ForkedBooter.run(ForkedBooter.java:562)
org.apache.maven.surefire.booter.ForkedBooter.main(ForkedBooter.java:548) @01-02-2022 01:58:31.0517 AM
[ReportManager] Assertion Passed: Checking that false tag doesn't exist @01-02-2022 01:58:31.0714 AM
[ReportManager] Successfully created attachment [Screenshot - 1643680711546_f11_ValidateElementExists_passed] @01-02-2022 01:58:31.0833 AM
[ReportManager] Assertion [ValidateElementExists] PASSED. Expected [Element Should not Exist, locator 'By.tagName: h3'] and Actual [Element Doesn't Exists]. Comparison Type [EQUALS]. Validation Type [NEGATIVE]. @01-02-2022 01:58:31.0834 A
[ReportManager] Successfully Closed All Drivers. @01-02-2022 01:58:32.0321 A
[ReportManager] File Action [GetAbsolutePath] successfully performed. With the following test data [Relative Folder Path: "target/downloadedFiles/"]. @01-02-2022 01:58:32.0535 AM
[ReportManager] Attempting to run locally on: [Mac-64], [Safari], Headless Execution. @01-02-2022 01:58:32.0535 AM
[ReportManager] Successfully Opened Safari. @01-02-2022 01:58:33.0412 AM
[ReportManager] Initial window size: (800, 600) @01-02-2022 01:58:33.0448 AM
[ReportManager] Window size after SWD Maximize: (1176, 803) @01-02-2022 01:58:33.0481 AM
[ReportManager] Browser Action [MaximizeWindow] successfully performed. With the following test data [New screen size is now: (1176, 803)]. @01-02-2022 01:58:33.0492 AM
[ReportManager] Target URL: [https://the-internet.herokuapp.com/] @01-02-2022 01:58:33.0492 AM
[ReportManager] Initial URL: [] @01-02-2022 01:58:33.0531 AM
[ReportManager] Browser Action [NavigateToURL] successfully performed. With the following test data [https://the-internet.herokuapp.com/]. @01-02-2022 01:58:34.0165 A

################################################################################################################################################
Starting Execution:	[96 out of 162] test cases in the current suite
Test Method:		[testPackage01.Test_NewValidationHelper.f12]
################################################################################################################################################
[ReportManager] Assertion [ValidateElementExists] FAILED. Expected [Element Should not Exist, locator 'By.tagName: h1'] and Actual [Element Exists]. Comparison Type [EQUALS]. Validation Type [NEGATIVE]. @01-02-2022 01:58:34.0840 AM
[ReportManager] Successfully created attachment [Screenshot - 1643680714597_f12_ValidateElementExists_failed] @01-02-2022 01:58:34.0964 A
[ReportManager] Successfully Closed All Drivers. @01-02-2022 01:58:35.0698 A
[ReportManager] File Action [GetAbsolutePath] successfully performed. With the following test data [Relative Folder Path: "target/downloadedFiles/"]. @01-02-2022 01:58:35.0895 AM
[ReportManager] Attempting to run locally on: [Mac-64], [Safari], Headless Execution. @01-02-2022 01:58:35.0895 AM
[ReportManager] Successfully Opened Safari. @01-02-2022 01:58:36.0841 AM
[ReportManager] Initial window size: (800, 600) @01-02-2022 01:58:36.0860 AM
[ReportManager] Window size after SWD Maximize: (1176, 803) @01-02-2022 01:58:36.0946 AM
[ReportManager] Browser Action [MaximizeWindow] successfully performed. With the following test data [New screen size is now: (1176, 803)]. @01-02-2022 01:58:36.0947 AM
[ReportManager] Target URL: [https://the-internet.herokuapp.com/] @01-02-2022 01:58:36.0947 AM
[ReportManager] Initial URL: [] @01-02-2022 01:58:37.0049 AM
[ReportManager] Browser Action [NavigateToURL] successfully performed. With the following test data [https://the-internet.herokuapp.com/]. @01-02-2022 01:58:37.0834 A

################################################################################################################################################
Starting Execution:	[97 out of 162] test cases in the current suite
Test Method:		[testPackage01.Test_NewValidationHelper.f13]
################################################################################################################################################
[ReportManager] Assertion [ValidateElementExists] FAILED. Expected [Element Should not Exist, locator 'By.tagName: div'] and Actual [Element Exists but is not unique]. Comparison Type [EQUALS]. Validation Type [NEGATIVE]. @01-02-2022 01:58:38.0350 AM
[ReportManager] Successfully created attachment [Screenshot - 1643680718145_f13_ValidateElementExists_failed] @01-02-2022 01:58:38.0435 A
[ReportManager] Successfully Closed All Drivers. @01-02-2022 01:58:38.0852 A
[ReportManager] File Action [GetAbsolutePath] successfully performed. With the following test data [Relative Folder Path: "target/downloadedFiles/"]. @01-02-2022 01:58:38.0977 AM
[ReportManager] Attempting to run locally on: [Mac-64], [Safari], Headless Execution. @01-02-2022 01:58:38.0977 AM
[ReportManager] An Exception Occured with this Message: Could not start a new session. Possible causes are invalid address of the remote server or browser start-up failure.. @01-02-2022 01:58:39.0010 AM
[ReportManager] Successfully created attachment [Exception Stack Trace - org.openqa.selenium.SessionNotCreatedException] @01-02-2022 01:58:39.0092 AM
[ReportManager] Driver Factory Action [createNewLocalDriverInstanceForSafari] failed. With the following test data [Failed to create a session on DESKTOP_SAFARI]. @01-02-2022 01:58:39.0093 A

################################################################################################################################################
Starting Execution:	[98 out of 162] test cases in the current suite
Test Method:		[testPackage01.Test_NewValidationHelper.f14]
###############################################################################################################################################



################################################################################################################################################
Starting Execution:	[99 out of 162] test cases in the current suite
Test Method:		[testPackage01.Test_NewValidationHelper.f15]
###############################################################################################################################################



################################################################################################################################################
Starting Execution:	[100 out of 162] test cases in the current suite
Test Method:		[testPackage01.Test_NewValidationHelper.f16]
###############################################################################################################################################



################################################################################################################################################
Starting Execution:	[101 out of 162] test cases in the current suite
Test Method:		[testPackage01.Test_NewValidationHelper.f17]
###############################################################################################################################################



################################################################################################################################################
Starting Execution:	[102 out of 162] test cases in the current suite
Test Method:		[testPackage01.Test_NewValidationHelper.f18]
###############################################################################################################################################


################################################################################################################################################
Starting Execution:	[103 out of 162] test cases in the current suite
Test Method:		[testPackage01.Test_NewValidationHelper.f2]
###############################################################################################################################################


################################################################################################################################################
Starting Execution:	[104 out of 162] test cases in the current suite
Test Method:		[testPackage01.Test_NewValidationHelper.f20]
###############################################################################################################################################



################################################################################################################################################
Starting Execution:	[105 out of 162] test cases in the current suite
Test Method:		[testPackage01.Test_NewValidationHelper.f21]
###############################################################################################################################################



################################################################################################################################################
Starting Execution:	[106 out of 162] test cases in the current suite
Test Method:		[testPackage01.Test_NewValidationHelper.f22]
###############################################################################################################################################


################################################################################################################################################
Starting Execution:	[107 out of 162] test cases in the current suite
Test Method:		[testPackage01.Test_NewValidationHelper.f23]
###############################################################################################################################################

################################################################################################################################################
Starting Execution:	[108 out of 162] test cases in the current suite
Test Method:		[testPackage01.Test_NewValidationHelper.f24]
###############################################################################################################################################

################################################################################################################################################
Starting Execution:	[109 out of 162] test cases in the current suite
Test Method:		[testPackage01.Test_NewValidationHelper.f25]
###############################################################################################################################################

################################################################################################################################################
Starting Execution:	[110 out of 162] test cases in the current suite
Test Method:		[testPackage01.Test_NewValidationHelper.f26]
###############################################################################################################################################

################################################################################################################################################
Starting Execution:	[111 out of 162] test cases in the current suite
Test Method:		[testPackage01.Test_NewValidationHelper.f27]
###############################################################################################################################################

################################################################################################################################################
Starting Execution:	[112 out of 162] test cases in the current suite
Test Method:		[testPackage01.Test_NewValidationHelper.f28]
###############################################################################################################################################

################################################################################################################################################
Starting Execution:	[113 out of 162] test cases in the current suite
Test Method:		[testPackage01.Test_NewValidationHelper.f29]
###############################################################################################################################################

################################################################################################################################################
Starting Execution:	[114 out of 162] test cases in the current suite
Test Method:		[testPackage01.Test_NewValidationHelper.f3]
###############################################################################################################################################

################################################################################################################################################
Starting Execution:	[115 out of 162] test cases in the current suite
Test Method:		[testPackage01.Test_NewValidationHelper.f30]
###############################################################################################################################################

################################################################################################################################################
Starting Execution:	[116 out of 162] test cases in the current suite
Test Method:		[testPackage01.Test_NewValidationHelper.f31]
###############################################################################################################################################

################################################################################################################################################
Starting Execution:	[117 out of 162] test cases in the current suite
Test Method:		[testPackage01.Test_NewValidationHelper.f32]
###############################################################################################################################################

################################################################################################################################################
Starting Execution:	[118 out of 162] test cases in the current suite
Test Method:		[testPackage01.Test_NewValidationHelper.f33]
###############################################################################################################################################

################################################################################################################################################
Starting Execution:	[119 out of 162] test cases in the current suite
Test Method:		[testPackage01.Test_NewValidationHelper.f34]
###############################################################################################################################################

################################################################################################################################################
Starting Execution:	[120 out of 162] test cases in the current suite
Test Method:		[testPackage01.Test_NewValidationHelper.f35]
###############################################################################################################################################

################################################################################################################################################
Starting Execution:	[121 out of 162] test cases in the current suite
Test Method:		[testPackage01.Test_NewValidationHelper.f36]
###############################################################################################################################################

################################################################################################################################################
Starting Execution:	[122 out of 162] test cases in the current suite
Test Method:		[testPackage01.Test_NewValidationHelper.f37]
###############################################################################################################################################

################################################################################################################################################
Starting Execution:	[123 out of 162] test cases in the current suite
Test Method:		[testPackage01.Test_NewValidationHelper.f3_1]
###############################################################################################################################################

################################################################################################################################################
Starting Execution:	[124 out of 162] test cases in the current suite
Test Method:		[testPackage01.Test_NewValidationHelper.f4]
###############################################################################################################################################

################################################################################################################################################
Starting Execution:	[125 out of 162] test cases in the current suite
Test Method:		[testPackage01.Test_NewValidationHelper.f5]
###############################################################################################################################################

################################################################################################################################################
Starting Execution:	[126 out of 162] test cases in the current suite
Test Method:		[testPackage01.Test_NewValidationHelper.f6]
###############################################################################################################################################

################################################################################################################################################
Starting Execution:	[127 out of 162] test cases in the current suite
Test Method:		[testPackage01.Test_NewValidationHelper.f6_1]
###############################################################################################################################################

################################################################################################################################################
Starting Execution:	[128 out of 162] test cases in the current suite
Test Method:		[testPackage01.Test_NewValidationHelper.f6_2]
###############################################################################################################################################

################################################################################################################################################
Starting Execution:	[129 out of 162] test cases in the current suite
Test Method:		[testPackage01.Test_NewValidationHelper.f7]
###############################################################################################################################################


################################################################################################################################################
Starting Execution:	[130 out of 162] test cases in the current suite
Test Method:		[testPackage01.Test_NewValidationHelper.f8]
###############################################################################################################################################



################################################################################################################################################
Starting Execution:	[131 out of 162] test cases in the current suite
Test Method:		[testPackage01.Test_NewValidationHelper.f9]
###############################################################################################################################################


################################################################################################################################################
Starting Execution:	[132 out of 162] test cases in the current suite
Test Method:		[testPackage01.Test_NewValidationHelper.forceFail]
###############################################################################################################################################

################################################################################################################################################
Starting Execution:	[133 out of 162] test cases in the current suite
Test Method:		[testPackage01.Test_NewValidationHelper.forceFail2]
###############################################################################################################################################

################################################################################################################################################
Starting Execution:	[134 out of 162] test cases in the current suite
Test Method:		[testPackage01.Test_JsonActions.f]
###############################################################################################################################################

################################################################################################################################################
Starting Execution:	[135 out of 162] test cases in the current suite
Test Method:		[testPackage01.Test_JsonActions.f2]
###############################################################################################################################################

################################################################################################################################################
Starting Execution:	[136 out of 162] test cases in the current suite
Test Method:		[testPackage01.Test_sendGraphqlRequest.sendGraphqlRequestUsingMutationAndVariables]
################################################################################################################################################
[ReportManager] GraphQl Request is being Performed with the Following Parameters [Service URL: https://api.spacex.land/graphql | Request Body: {"variables":"{\"name\": \"sherlock holmes\",\"rocket\": \"221B Baker Street\"}","query":"mutation ($name: String, $rocket: String) {\n  insert_users(objects: {name: $name, rocket: $rocket}) {\n    returning {\n      name\n      rocket\n    }\n  }\n}"}] @01-02-2022 01:58:45.0597 AM
[ReportManager] Response status code: [200], status line: [HTTP/1.1 200 OK] @01-02-2022 01:58:46.0412 AM
[ReportManager] Assertion Passed: Evaluating the actual response status code against the expected one... @01-02-2022 01:58:46.0412 AM
[ReportManager] Assertion [ValidateComparativeRelation] PASSED. Expected [200] and Actual [200]. Comparison Type [EQUALS]. Validation Type [POSITIVE]. @01-02-2022 01:58:46.0412 AM
[ReportManager] API Action [PerformRequest] successfully performed. With the following test data [Request Type: "POST" | Target Status Code: "200" | Service URL: "https://api.spacex.land/graphql" | Content Type: "application/json" | Response Time: "314ms"]. @01-02-2022 01:58:46.0492 AM
[ReportManager] Successfully created attachment [API Request - Specifications] @01-02-2022 01:58:46.0576 AM
[ReportManager] Successfully created attachment [API Request - JSON Body] @01-02-2022 01:58:46.0698 AM
[ReportManager] Successfully created attachment [API Response - JSON Body] @01-02-2022 01:58:46.0819 AM
[ReportManager] API Action [GetResponseJSONValue] successfully performed. With the following test data [data.insert_users.returning[0].name]. @01-02-2022 01:58:47.0923 AM
[ReportManager] Assertion [ValidateEquals] PASSED. Expected [sherlock holmes] and Actual [sherlock holmes]. Comparison Type [EQUALS]. Validation Type [POSITIVE]. @01-02-2022 01:58:47.0923 A

################################################################################################################################################
Starting Execution:	[137 out of 162] test cases in the current suite
Test Method:		[testPackage01.Test_sendGraphqlRequest.sendGraphqlRequestUsingQuery]
################################################################################################################################################
[ReportManager] GraphQl Request is being Performed with the Following Parameters [Service URL: https://api.spacex.land/graphql | Request Body: {"query":"{company {ceo}}"}] @01-02-2022 01:58:48.0050 AM
[ReportManager] Response status code: [200], status line: [HTTP/1.1 200 OK] @01-02-2022 01:58:48.0127 AM
[ReportManager] Assertion Passed: Evaluating the actual response status code against the expected one... @01-02-2022 01:58:48.0128 AM
[ReportManager] Assertion [ValidateComparativeRelation] PASSED. Expected [200] and Actual [200]. Comparison Type [EQUALS]. Validation Type [POSITIVE]. @01-02-2022 01:58:48.0128 AM
[ReportManager] API Action [PerformRequest] successfully performed. With the following test data [Request Type: "POST" | Target Status Code: "200" | Service URL: "https://api.spacex.land/graphql" | Content Type: "application/json" | Response Time: "71ms"]. @01-02-2022 01:58:48.0142 AM
[ReportManager] Successfully created attachment [API Request - Specifications] @01-02-2022 01:58:48.0184 AM
[ReportManager] Successfully created attachment [API Request - JSON Body] @01-02-2022 01:58:48.0266 AM
[ReportManager] Successfully created attachment [API Response - JSON Body] @01-02-2022 01:58:48.0308 AM
[ReportManager] API Action [GetResponseJSONValue] successfully performed. With the following test data [data.company.ceo]. @01-02-2022 01:58:48.0328 AM
[ReportManager] Assertion [ValidateEquals] PASSED. Expected [Elon Musk] and Actual [Elon Musk]. Comparison Type [EQUALS]. Validation Type [POSITIVE]. @01-02-2022 01:58:48.0329 A

################################################################################################################################################
Starting Execution:	[138 out of 162] test cases in the current suite
Test Method:		[testPackage01.Test_MatchJsonSchema.checkAPI_ResponseSchema]
################################################################################################################################################
[ReportManager] Response status code: [200], status line: [HTTP/1.1 200 OK] @01-02-2022 01:58:48.0577 AM
[ReportManager] Assertion Passed: Evaluating the actual response status code against the expected one... @01-02-2022 01:58:48.0578 AM
[ReportManager] Assertion [ValidateComparativeRelation] PASSED. Expected [200] and Actual [200]. Comparison Type [EQUALS]. Validation Type [POSITIVE]. @01-02-2022 01:58:48.0578 AM
[ReportManager] API Action [PerformRequest] successfully performed. With the following test data [Request Type: "GET" | Target Status Code: "200" | Service URL: "http://api.zippopotam.us/us/90210" | Content Type: "*/*" | Response Time: "115ms"]. @01-02-2022 01:58:48.0594 AM
[ReportManager] Successfully created attachment [API Request - Specifications] @01-02-2022 01:58:48.0636 AM
[ReportManager] Successfully created attachment [API Response - JSON Body] @01-02-2022 01:58:48.0717 AM
[ReportManager] File Action [GetAbsolutePath] successfully performed. With the following test data [Relative Folder Path: "src/test/resources/testDataFiles/schema.json"]. @01-02-2022 01:58:48.0719 AM
[ReportManager] File Action [GetAbsolutePath] successfully performed. With the following test data [Relative Folder Path: "/Users/runner/work/SHAFT_ENGINE/SHAFT_ENGINE/src/test/resources/testDataFiles/schema.json"]. @01-02-2022 01:59:03.0491 AM
[ReportManager] File Action [ReadFromFile] successfully performed. With the following test data [File Path: "/Users/runner/work/SHAFT_ENGINE/SHAFT_ENGINE/src/test/resources/testDataFiles/schema.json"]. @01-02-2022 01:59:03.0492 AM
[ReportManager] Assertion Passed: Then I Assert that the API response schema matches that in this file [src/test/resources/testDataFiles/schema.json]. @01-02-2022 01:59:03.0493 AM
[ReportManager] Successfully created attachment [Validation Test Data - Expected JSON Value] @01-02-2022 01:59:03.0494 AM
[ReportManager] Successfully created attachment [Validation Test Data - Actual JSON Value] @01-02-2022 01:59:03.0494 AM
[ReportManager] Assertion [ValidateResponseFileSchema] PASSED. Expected [Response data should match the JSON File in this path '/Users/runner/work/SHAFT_ENGINE/SHAFT_ENGINE/src/test/resources/testDataFiles/schema.json'] and Actual [TRUE]. Comparison Type [EQUALS]. Validation Type [POSITIVE]. @01-02-2022 01:59:03.0494 A
[ReportManager] File Action [GetAbsolutePath] successfully performed. With the following test data [Relative Folder Path: "target/downloadedFiles/"]. @01-02-2022 01:59:03.0497 AM
[ReportManager] Attempting to run locally on: [Mac-64], [Safari], Headless Execution. @01-02-2022 01:59:03.0497 AM
[ReportManager] Successfully Opened Safari. @01-02-2022 01:59:04.0391 AM
[ReportManager] Initial window size: (800, 600) @01-02-2022 01:59:04.0435 AM
[ReportManager] Window size after SWD Maximize: (1176, 803) @01-02-2022 01:59:04.0453 AM
[ReportManager] Browser Action [MaximizeWindow] successfully performed. With the following test data [New screen size is now: (1176, 803)]. @01-02-2022 01:59:04.0454 A

################################################################################################################################################
Starting Execution:	[139 out of 162] test cases in the current suite
Test Method:		[testPackage01.Test_dragAndDrop.dragAndDropJquery]
################################################################################################################################################
[ReportManager] Target URL: [https://jqueryui.com/resources/demos/droppable/default.html] @01-02-2022 01:59:04.0595 AM
[ReportManager] Initial URL: [] @01-02-2022 01:59:04.0626 AM
[ReportManager] Browser Action [NavigateToURL] successfully performed. With the following test data [https://jqueryui.com/resources/demos/droppable/default.html]. @01-02-2022 01:59:05.0212 AM
[ReportManager] Element Action [GetText] successfully performed. With the following test data [
	Drop here
]. @01-02-2022 01:59:05.0297 AM
[ReportManager] Element Action [DragAndDrop] successfully performed. With the following test data [Start point: (8, 18), End point: (8, 18)]. @01-02-2022 01:59:06.0460 AM
[ReportManager] Element Action [GetText] successfully performed. With the following test data [
	Dropped!
]. @01-02-2022 01:59:06.0504 AM
[ReportManager] Assertion Passed: Checking to see if the text has changed after performing drag and drop @01-02-2022 01:59:06.0504 AM
[ReportManager] Assertion [ValidateEquals] PASSED. Expected [
	Drop here
] and Actual [
	Dropped!
]. Comparison Type [EQUALS]. Validation Type [NEGATIVE]. @01-02-2022 01:59:06.0504 A
[ReportManager] Browser Action [CloseCurrentWindow] successfully performed. @01-02-2022 01:59:07.0019 AM
[ReportManager] Successfully created attachment [Browser Action Test Data - CloseCurrentWindow - Actual Value] @01-02-2022 01:59:07.0058 A
[ReportManager] File Action [GetAbsolutePath] successfully performed. With the following test data [Relative Folder Path: "target/downloadedFiles/"]. @01-02-2022 01:59:07.0061 AM
[ReportManager] Attempting to run locally on: [Mac-64], [Safari], Headless Execution. @01-02-2022 01:59:07.0061 AM
[ReportManager] An Exception Occured with this Message: Could not start a new session. Possible causes are invalid address of the remote server or browser start-up failure.. @01-02-2022 01:59:07.0287 AM
[ReportManager] Successfully created attachment [Exception Stack Trace - org.openqa.selenium.SessionNotCreatedException] @01-02-2022 01:59:07.0329 AM
[ReportManager] Driver Factory Action [createNewLocalDriverInstanceForSafari] failed. With the following test data [Failed to create a session on DESKTOP_SAFARI]. @01-02-2022 01:59:07.0329 A

################################################################################################################################################
Starting Execution:	[140 out of 162] test cases in the current suite
Test Method:		[testPackage01.Test_dragAndDrop.dragAndDrop]
Test Description:	[TC001 - Test Drag and Drop function.]
###############################################################################################################################################



################################################################################################################################################
Starting Execution:	[141 out of 162] test cases in the current suite
Test Method:		[testPackage01.Test_dragAndDrop.dragAndDropByOffset]
Test Description:	[TC002 - Test Drag and Drop by offset function.]
###############################################################################################################################################

[ReportManager] Successfully loaded the following test data file [src/test/resources/testDataFiles/testSuite01/TestData.xlsx]. @01-02-2022 01:59:08.0007 AM
[ReportManager] Successfully created attachment [Test Data - Excel] @01-02-2022 01:59:08.0089 AM
[ReportManager] File Action [GetAbsolutePath] successfully performed. With the following test data [Relative Folder Path: "target/downloadedFiles/"]. @01-02-2022 01:59:08.0090 AM
[ReportManager] Attempting to run locally on: [Mac-64], [Safari], Headless Execution. @01-02-2022 01:59:08.0090 AM
[ReportManager] Successfully Opened Safari. @01-02-2022 01:59:08.0961 AM
[ReportManager] Initial window size: (800, 600) @01-02-2022 01:59:08.0983 AM
[ReportManager] Window size after SWD Maximize: (1176, 803) @01-02-2022 01:59:09.0000 AM
[ReportManager] Browser Action [MaximizeWindow] successfully performed. With the following test data [New screen size is now: (1176, 803)]. @01-02-2022 01:59:09.0000 A

################################################################################################################################################
Starting Execution:	[142 out of 162] test cases in the current suite
Test Method:		[testPackage01.Test_google.navigateToURLandVerifyGoogleLogoIsDisplayed]
Test Description:	[TC001 - Navigate to URL and Verify Google Logo is Displayed]
################################################################################################################################################
[ReportManager] Target URL: [https://www.google.com/ncr], and after redirection: [https://www.google.com] @01-02-2022 01:59:09.0045 AM
[ReportManager] Initial URL: [] @01-02-2022 01:59:09.0105 AM
[ReportManager] Browser Action [NavigateToURL] successfully performed. With the following test data [https://www.google.com/ncr]. @01-02-2022 01:59:10.0477 AM
[ReportManager] Assertion Passed: Then I Assert that the element found by [By.xpath: //*[@id='hplogo' or @alt='Google']] exists. @01-02-2022 01:59:10.0850 AM
[ReportManager] Successfully created attachment [Screenshot - 1643680750651_navigateToURLandVerifyGoogleLogoIsDisplayed_ValidateElementExists_passed] @01-02-2022 01:59:10.0932 AM
[ReportManager] Assertion [ValidateElementExists] PASSED. Expected [Element Should Exist, locator 'By.xpath: //*[@id='hplogo' or @alt='Google']'] and Actual [Element Exists]. Comparison Type [EQUALS]. Validation Type [POSITIVE]. @01-02-2022 01:59:10.0932 A

################################################################################################################################################
Starting Execution:	[143 out of 162] test cases in the current suite
Test Method:		[testPackage01.Test_google.searchForQueryandAssertResultsNumDisplayed]
Test Description:	[TC002 - Search for Query and Assert that the number of results is displayed]
################################################################################################################################################
[ReportManager] Element Action [Type] successfully performed. With the following test data [SHAFT_Engine]. @01-02-2022 01:59:11.0522 AM
[ReportManager] Element Action [KeyPress] successfully performed. With the following test data [Enter]. @01-02-2022 01:59:11.0606 AM
[ReportManager] Element Action [GetText] successfully performed. With the following test data [About 74,900,000 results (0.76 seconds)Â Quick SettingsSee all settingsPrivacySearch historyYour data in SearchUsing SearchExplicit results filterLearn more about SafeSearchHide explicit resultsLanguagesEnglishAdvanced searchAppearanceLight themeDark themeDevice defaultSupportSearch help]. @01-02-2022 01:59:13.0235 AM
[ReportManager] Assertion Passed: Then I Assert that the element found by [By.id: appbar] text does not equal []. @01-02-2022 01:59:13.0933 AM
[ReportManager] Successfully created attachment [Screenshot - 1643680753728_searchForQueryandAssertResultsNumDisplayed_ValidateElementAttribute_passed] @01-02-2022 01:59:14.0016 AM
[ReportManager] Assertion [ValidateElementAttribute] PASSED. Expected [Value Should not be '' for the 'text' attribute, element locator 'By.id: appbar'] and Actual [About 74,900,000 results (0.76 seconds)Â Quick SettingsSee all settingsPrivacySearch historyYour data in SearchUsing SearchExplicit results filterLearn more about SafeSearchHide explicit resultsLanguagesEnglishAdvanced searchAppearanceLight themeDark themeDevice defaultSupportSearch help]. Comparison Type [EQUALS]. Validation Type [NEGATIVE]. @01-02-2022 01:59:14.0017 A

################################################################################################################################################
Starting Execution:	[144 out of 162] test cases in the current suite
Test Method:		[testPackage01.Test_google.clickNextThrice]
Test Description:	[TC003 - Clicks the next button to make sure that the framework can scroll element into view before clicking it]
################################################################################################################################################
[ReportManager] Element Action [Click] successfully performed. With the following test data [By.xpath: //span[text()='Next']]. @01-02-2022 01:59:14.0397 A
[ReportManager] Successfully Closed All Drivers. @01-02-2022 01:59:14.0765 A
[ReportManager] File Action [GetAbsolutePath] successfully performed. With the following test data [Relative Folder Path: "target/downloadedFiles/"]. @01-02-2022 01:59:14.0808 AM
[ReportManager] Attempting to run locally on: [Mac-64], [Safari], Headless Execution. @01-02-2022 01:59:14.0808 AM
[ReportManager] Successfully Opened Safari. @01-02-2022 01:59:15.0691 AM
[ReportManager] Initial window size: (800, 600) @01-02-2022 01:59:15.0727 AM
[ReportManager] Window size after SWD Maximize: (1176, 803) @01-02-2022 01:59:15.0742 AM
[ReportManager] Browser Action [MaximizeWindow] successfully performed. With the following test data [New screen size is now: (1176, 803)]. @01-02-2022 01:59:15.0743 A

################################################################################################################################################
Starting Execution:	[145 out of 162] test cases in the current suite
Test Method:		[testPackage01.Test_chainableElementActions.chainElementActions]
################################################################################################################################################
[ReportManager] Target URL: [https://www.google.com/ncr], and after redirection: [https://www.google.com] @01-02-2022 01:59:15.0885 AM
[ReportManager] Initial URL: [] @01-02-2022 01:59:15.0936 AM
[ReportManager] Browser Action [NavigateToURL] successfully performed. With the following test data [https://www.google.com/ncr]. @01-02-2022 01:59:17.0216 AM
[ReportManager] Element Action [Type] successfully performed. With the following test data [chained type 1]. @01-02-2022 01:59:17.0633 AM
[ReportManager] Element Action [Type] successfully performed. With the following test data [chained type 2]. @01-02-2022 01:59:17.0954 AM
[ReportManager] Element Action [TypeAppend] successfully performed. With the following test data [345]. @01-02-2022 01:59:18.0070 AM
[ReportManager] Element Action [GetText] successfully performed. With the following test data [chained type 2345]. @01-02-2022 01:59:18.0158 AM
[ReportManager] Assertion Passed: Then I Assert that the element found by [By.name: q] text is equal to [chained type 2345]. @01-02-2022 01:59:18.0583 AM
[ReportManager] Successfully created attachment [Screenshot - 1643680758338_chainElementActions_ValidateElementAttribute_passed] @01-02-2022 01:59:18.0705 AM
[ReportManager] Assertion [ValidateElementAttribute] PASSED. Expected [Value Should be 'chained type 2345' for the 'text' attribute, element locator 'By.name: q'] and Actual [chained type 2345]. Comparison Type [EQUALS]. Validation Type [POSITIVE]. @01-02-2022 01:59:18.0705 A
[ReportManager] Successfully Closed All Drivers. @01-02-2022 01:59:19.0231 A
[ReportManager] File Action [GetAbsolutePath] successfully performed. With the following test data [Relative Folder Path: "target/downloadedFiles/"]. @01-02-2022 01:59:19.0234 AM
[ReportManager] Attempting to run locally on: [Mac-64], [Safari], Headless Execution. @01-02-2022 01:59:19.0234 AM
[ReportManager] Successfully Opened Safari. @01-02-2022 01:59:20.0115 AM
[ReportManager] Initial window size: (800, 600) @01-02-2022 01:59:20.0146 AM
[ReportManager] Window size after SWD Maximize: (1176, 803) @01-02-2022 01:59:20.0176 AM
[ReportManager] Browser Action [MaximizeWindow] successfully performed. With the following test data [New screen size is now: (1176, 803)]. @01-02-2022 01:59:20.0177 A

################################################################################################################################################
Starting Execution:	[146 out of 162] test cases in the current suite
Test Method:		[testPackage01.Test_RelativeLocators.relativeLocatorsTest1]
################################################################################################################################################
[ReportManager] Target URL: [https://duckduckgo.com/] @01-02-2022 01:59:20.0515 AM
[ReportManager] Initial URL: [] @01-02-2022 01:59:20.0551 AM
[ReportManager] Browser Action [NavigateToURL] successfully performed. With the following test data [https://duckduckgo.com/]. @01-02-2022 01:59:21.0373 AM
[ReportManager] Element Action [Type] successfully performed. With the following test data [SHAFT_Engine]. @01-02-2022 01:59:21.0735 AM
[ReportManager] Element Action [KeyPress] successfully performed. With the following test data [ENTER]. @01-02-2022 01:59:21.0812 AM
[ReportManager] Element Action [GetText] successfully performed. With the following test data [GitHub - MohabMohie/SHAFT_ENGINE: SHAFT_ENGINE is a Test ...]. @01-02-2022 01:59:24.0017 AM
[ReportManager] Assertion Passed: Then I Assert that the element found by [Relative Locator: {root={xpath=//a[@class='result__a js-result-title-link']}, filters=[{kind=below, args=[{xpath=//input[@name='q']}]}]}] text does not equal []. @01-02-2022 01:59:24.0662 AM
[ReportManager] Successfully created attachment [Screenshot - 1643680764376_relativeLocatorsTest1_ValidateElementAttribute_passed] @01-02-2022 01:59:24.0784 AM
[ReportManager] Assertion [ValidateElementAttribute] PASSED. Expected [Value Should not be '' for the 'text' attribute, element locator '[unknown locator]'] and Actual [GitHub - MohabMohie/SHAFT_ENGINE: SHAFT_ENGINE is a Test ...]. Comparison Type [EQUALS]. Validation Type [NEGATIVE]. @01-02-2022 01:59:24.0785 A
[ReportManager] Browser Action [CloseCurrentWindow] successfully performed. @01-02-2022 01:59:25.0465 AM
[ReportManager] Successfully created attachment [Browser Action Test Data - CloseCurrentWindow - Actual Value] @01-02-2022 01:59:25.0524 A

################################################################################################################################################
Starting Execution:	[147 out of 162] test cases in the current suite
Test Method:		[testPackage01.Test_JsonCompareWithSpecialCharacters.specialCharacters]
################################################################################################################################################
[ReportManager] File Action [GetAbsolutePath] successfully performed. With the following test data [Relative Folder Path: "src/test/resources/testDataFiles/specialCharacters.json"]. @01-02-2022 01:59:25.0773 AM
[ReportManager] File Action [ReadFromFile] successfully performed. With the following test data [File Path: "/Users/runner/work/SHAFT_ENGINE/SHAFT_ENGINE/src/test/resources/testDataFiles/specialCharacters.json"]. @01-02-2022 01:59:26.0013 AM
[ReportManager] Successfully created attachment [File Action Actual Result - Command Log] @01-02-2022 01:59:26.0135 AM
[ReportManager] Comparing the provided API response with the file at this path "src/test/resources/testDataFiles/specialCharacters.json", comparison type "EQUALS" @01-02-2022 01:59:26.0138 AM
[ReportManager] API Action [CompareJSON] successfully performed. With the following test data [src/test/resources/testDataFiles/specialCharacters.json]. @01-02-2022 01:59:26.0147 AM
[ReportManager] File Action [GetAbsolutePath] successfully performed. With the following test data [Relative Folder Path: "src/test/resources/testDataFiles/specialCharacters.json"]. @01-02-2022 01:59:26.0147 AM
[ReportManager] File Action [ReadFromFile] successfully performed. With the following test data [File Path: "/Users/runner/work/SHAFT_ENGINE/SHAFT_ENGINE/src/test/resources/testDataFiles/specialCharacters.json"]. @01-02-2022 01:59:26.0147 AM
[ReportManager] Verification [ValidateJSONFileContent] PASSED. Expected [Response data should match the JSON File in this path 'src/test/resources/testDataFiles/specialCharacters.json'] and Actual [TRUE]. Comparison Type [EQUALS]. Validation Type [POSITIVE]. @01-02-2022 01:59:26.0153 AM
[ReportManager] Successfully created attachment [Validation Test Data - Expected JSON Value] @01-02-2022 01:59:26.0258 AM
[ReportManager] Successfully created attachment [Validation Test Data - Actual JSON Value] @01-02-2022 01:59:26.0380 A

################################################################################################################################################
Starting Execution:	[148 out of 162] test cases in the current suite
Test Method:		[testPackage01.Test_JsonCompareWithSpecialCharacters.specialCharacters_assertion]
################################################################################################################################################
[ReportManager] File Action [GetAbsolutePath] successfully performed. With the following test data [Relative Folder Path: "src/test/resources/testDataFiles/specialCharacters.json"]. @01-02-2022 01:59:26.0626 AM
[ReportManager] File Action [ReadFromFile] successfully performed. With the following test data [File Path: "/Users/runner/work/SHAFT_ENGINE/SHAFT_ENGINE/src/test/resources/testDataFiles/specialCharacters.json"]. @01-02-2022 01:59:26.0626 AM
[ReportManager] Successfully created attachment [File Action Actual Result - Command Log] @01-02-2022 01:59:26.0748 AM
[ReportManager] Comparing the provided API response with the file at this path "src/test/resources/testDataFiles/specialCharacters.json", comparison type "CONTAINS" @01-02-2022 01:59:26.0749 AM
[ReportManager] API Action [CompareJSON] successfully performed. With the following test data [src/test/resources/testDataFiles/specialCharacters.json]. @01-02-2022 01:59:26.0759 AM
[ReportManager] File Action [GetAbsolutePath] successfully performed. With the following test data [Relative Folder Path: "src/test/resources/testDataFiles/specialCharacters.json"]. @01-02-2022 01:59:26.0759 AM
[ReportManager] File Action [ReadFromFile] successfully performed. With the following test data [File Path: "/Users/runner/work/SHAFT_ENGINE/SHAFT_ENGINE/src/test/resources/testDataFiles/specialCharacters.json"]. @01-02-2022 01:59:26.0759 AM
[ReportManager] Assertion Passed: trying out the log message @01-02-2022 01:59:26.0763 AM
[ReportManager] Successfully created attachment [Validation Test Data - Expected JSON Value] @01-02-2022 01:59:26.0873 AM
[ReportManager] Successfully created attachment [Validation Test Data - Actual JSON Value] @01-02-2022 01:59:26.0994 AM
[ReportManager] Assertion [ValidateJSONFileContent] PASSED. Expected [Response data should match the JSON File in this path 'src/test/resources/testDataFiles/specialCharacters.json'] and Actual [TRUE]. Comparison Type [CONTAINS]. Validation Type [POSITIVE]. @01-02-2022 01:59:26.0994 A

################################################################################################################################################
Starting Execution:	[149 out of 162] test cases in the current suite
Test Method:		[testPackage01.Test_SkipDueToIssue.doNotSkip]
################################################################################################################################################
[ReportManager] This should not be skipped. @01-02-2022 01:59:27.0238 A

################################################################################################################################################
Starting Execution:	[150 out of 162] test cases in the current suite
Test Method:		[testPackage01.Test_SkipDueToIssue.skip]
################################################################################################################################################
[ReportManager] This should be skipped. @01-02-2022 01:59:27.0484 A

################################################################################################################################################
Starting Execution:	[151 out of 162] test cases in the current suite
Test Method:		[testPackage01.Test_SkipDueToIssue.skip2]
################################################################################################################################################
[ReportManager] This should be skipped. @01-02-2022 01:59:27.0728 A

################################################################################################################################################
Starting Execution:	[152 out of 162] test cases in the current suite
Test Method:		[testPackage01.Test_JSONFileManager.readStringFromJson]
################################################################################################################################################
[ReportManager] File Action [GetAbsolutePath] successfully performed. With the following test data [Relative Folder Path: "src/test/resources/testDataFiles/simpleJSON.json"]. @01-02-2022 01:59:28.0464 AM
[ReportManager] Successfully loaded the following test data file [src/test/resources/testDataFiles/simpleJSON.json]. @01-02-2022 01:59:28.0465 AM
[ReportManager] Successfully created attachment [Test Data - JSON] @01-02-2022 01:59:28.0707 AM
[ReportManager] File Action [GetAbsolutePath] successfully performed. With the following test data [Relative Folder Path: "src/test/resources/testDataFiles/simpleJSON.json"]. @01-02-2022 01:59:28.0708 AM
[ReportManager] Assertion [ValidateEquals] PASSED. Expected [Mohab Mohie] and Actual [Mohab Mohie]. Comparison Type [EQUALS]. Validation Type [POSITIVE]. @01-02-2022 01:59:28.0845 A
[ReportManager] File Action [GetAbsolutePath] successfully performed. With the following test data [Relative Folder Path: "target/downloadedFiles/"]. @01-02-2022 01:59:29.0079 AM
[ReportManager] Attempting to run locally on: [Mac-64], [Safari], Headless Execution. @01-02-2022 01:59:29.0079 AM
[ReportManager] Successfully Opened Safari. @01-02-2022 01:59:29.0961 AM
[ReportManager] Initial window size: (800, 600) @01-02-2022 01:59:30.0001 AM
[ReportManager] Window size after SWD Maximize: (1176, 803) @01-02-2022 01:59:30.0036 AM
[ReportManager] Browser Action [MaximizeWindow] successfully performed. With the following test data [New screen size is now: (1176, 803)]. @01-02-2022 01:59:30.0036 A

################################################################################################################################################
Starting Execution:	[153 out of 162] test cases in the current suite
Test Method:		[testPackage01.Test_assertEquals.test_assertElementAttribute]
################################################################################################################################################
[ReportManager] Target URL: [https://www.google.com/ncr], and after redirection: [https://www.google.com] @01-02-2022 01:59:30.0079 AM
[ReportManager] Initial URL: [] @01-02-2022 01:59:30.0119 AM
[ReportManager] Browser Action [NavigateToURL] successfully performed. With the following test data [https://www.google.com/ncr]. @01-02-2022 01:59:31.0544 AM
[ReportManager] Element Action [Type] successfully performed. With the following test data [INC_004010050:Another SCHEDULER with the same name [Duplicate Job Name] already exists.]. @01-02-2022 01:59:35.0260 AM
[ReportManager] Element Action [GetText] successfully performed. With the following test data [INC_004010050:Another SCHEDULER with the same name [Duplicate Job Name] already exists.]. @01-02-2022 01:59:35.0348 AM
[ReportManager] Assertion [ValidateElementAttribute] PASSED. Expected [Value Should be 'INC_004010050:Another SCHEDULER with the same name \[Duplicate Job Name\] already exists.' for the 'text' attribute, element locator 'By.name: q'] and Actual [INC_004010050:Another SCHEDULER with the same name [Duplicate Job Name] already exists.]. Comparison Type [MATCHES]. Validation Type [POSITIVE]. @01-02-2022 01:59:35.0699 AM
[ReportManager] Successfully created attachment [Screenshot - 1643680775510_test_assertElementAttribute_ValidateElementAttribute_passed] @01-02-2022 01:59:35.0782 A
[ReportManager] Browser Action [CloseCurrentWindow] successfully performed. @01-02-2022 01:59:36.0251 AM
[ReportManager] Successfully created attachment [Browser Action Test Data - CloseCurrentWindow - Actual Value] @01-02-2022 01:59:36.0292 A
[ReportManager] File Action [GetAbsolutePath] successfully performed. With the following test data [Relative Folder Path: "target/downloadedFiles/"]. @01-02-2022 01:59:36.0375 AM
[ReportManager] Attempting to run locally on: [Mac-64], [Safari], Headless Execution. @01-02-2022 01:59:36.0375 AM
[ReportManager] Successfully Opened Safari. @01-02-2022 01:59:37.0325 AM
[ReportManager] Initial window size: (800, 600) @01-02-2022 01:59:37.0365 AM
[ReportManager] Window size after SWD Maximize: (1176, 803) @01-02-2022 01:59:37.0387 AM
[ReportManager] Browser Action [MaximizeWindow] successfully performed. With the following test data [New screen size is now: (1176, 803)]. @01-02-2022 01:59:37.0387 A

################################################################################################################################################
Starting Execution:	[154 out of 162] test cases in the current suite
Test Method:		[testPackage01.Test_IsElementClickable.testIsElementClickable]
################################################################################################################################################
[ReportManager] Target URL: [https://the-internet.herokuapp.com/] @01-02-2022 01:59:37.0528 AM
[ReportManager] Initial URL: [] @01-02-2022 01:59:37.0568 AM
[ReportManager] Browser Action [NavigateToURL] successfully performed. With the following test data [https://the-internet.herokuapp.com/]. @01-02-2022 01:59:38.0044 AM
[ReportManager] Element Action [IsElementClickable] successfully performed. @01-02-2022 01:59:38.0179 AM
[ReportManager] Assertion [ValidateTrue] PASSED. Expected [TRUE] and Actual [TRUE]. Validation Type [POSITIVE]. @01-02-2022 01:59:38.0179 A
[ReportManager] Browser Action [CloseCurrentWindow] successfully performed. @01-02-2022 01:59:38.0661 AM
[ReportManager] Successfully created attachment [Browser Action Test Data - CloseCurrentWindow - Actual Value] @01-02-2022 01:59:38.0702 A
[ReportManager] Successfully loaded the following test data file [src/test/resources/testDataFiles/testSuite01/TestData.xlsx]. @01-02-2022 01:59:38.0869 AM
[ReportManager] Successfully created attachment [Test Data - Excel] @01-02-2022 01:59:38.0910 AM
[ReportManager] Attempting to run using Playwright locally on: [Mac-64], [Safari], Headless Execution. @01-02-2022 02:00:26.0695 AM
[ReportManager] File Action [GetAbsolutePath] successfully performed. With the following test data [Relative Folder Path: "target/downloadedFiles/"]. @01-02-2022 02:00:26.0696 AM
[ReportManager] Initial window size: (1280, 720) @01-02-2022 02:00:32.0346 AM
[ReportManager] Window size after Toolkit: com.microsoft.playwright.options.ViewportSize@62516919 @01-02-2022 02:00:32.0356 AM
[ReportManager] Browser Action [MaximizeWindow] successfully performed. With the following test data [New screen size is now: (1920, 1080)]. @01-02-2022 02:00:32.0356 A

################################################################################################################################################
Starting Execution:	[155 out of 162] test cases in the current suite
Test Method:		[testPackage01.Test_google_playwright.navigateToURLandVerifyGoogleLogoIsDisplayed]
Test Description:	[TC001 - Navigate to URL and Verify Google Logo is Displayed]
################################################################################################################################################
[ReportManager] Target URL: [https://www.google.com/ncr], and after redirection: [https://www.google.com] @01-02-2022 02:00:32.0360 AM
[ReportManager] Initial URL: [about:blank] @01-02-2022 02:00:32.0814 AM
[ReportManager] Browser Action [NavigateToURL] successfully performed. With the following test data [https://www.google.com/ncr]. @01-02-2022 02:00:34.0488 AM
[ReportManager] Assertion [ValidateElementExists] PASSED. Expected [Element Should Exist, locator 'xpath=//*[@id='hplogo' or @alt='Google']'] and Actual [Element Exists]. Comparison Type [EQUALS]. Validation Type [POSITIVE]. @01-02-2022 02:00:34.0811 AM
[ReportManager] Successfully created attachment [Screenshot - 1643680834655_navigateToURLandVerifyGoogleLogoIsDisplayed_ValidateElementExists_passed] @01-02-2022 02:00:34.0812 A

################################################################################################################################################
Starting Execution:	[156 out of 162] test cases in the current suite
Test Method:		[testPackage01.Test_google_playwright.searchForQueryandAssertResultsNumDisplayed]
Test Description:	[TC002 - Search for Query and Assert that the number of results is displayed]
################################################################################################################################################
[ReportManager] Element Action [Type] successfully performed. With the following test data [SHAFT_Engine]. @01-02-2022 02:00:35.0265 AM
[ReportManager] Element Action [KeyPress] successfully performed. With the following test data [Enter]. @01-02-2022 02:00:35.0305 AM
[ReportManager] Element Action [GetText] successfully performed. With the following test data [About 74,900,000 results (0.67 seconds)Â 
]. @01-02-2022 02:00:37.0263 AM
[ReportManager] Assertion [ValidateElementAttribute] PASSED. Expected [Value Should not be '' for the 'text' attribute, element locator 'xpath=//div[@id='appbar']'] and Actual [About 74,900,000 results (0.67 seconds)Â 
]. Comparison Type [EQUALS]. Validation Type [NEGATIVE]. @01-02-2022 02:00:38.0415 AM
[ReportManager] Successfully created attachment [Screenshot - 1643680838265_searchForQueryandAssertResultsNumDisplayed_ValidateElementAttribute_passed] @01-02-2022 02:00:38.0419 A

################################################################################################################################################
Starting Execution:	[157 out of 162] test cases in the current suite
Test Method:		[testPackage01.Test_google_playwright.clickNextThrice]
Test Description:	[TC003 - Clicks the next button to make sure that the framework can scroll element into view before clicking it]
################################################################################################################################################
[ReportManager] Element Action [Click] successfully performed. With the following test data [Next]. @01-02-2022 02:00:38.0775 A
[ReportManager] Failed to find video recording. @01-02-2022 02:00:38.0779 AM
[ReportManager] Successfully Closed PlayWright Driver. @01-02-2022 02:00:38.0842 A
[ReportManager] File Action [GetAbsolutePath] successfully performed. With the following test data [Relative Folder Path: "target/downloadedFiles/"]. @01-02-2022 02:00:38.0844 AM
[ReportManager] Attempting to run locally on: [Mac-64], [Safari], Headless Execution. @01-02-2022 02:00:38.0844 AM
[ReportManager] Successfully Opened Safari. @01-02-2022 02:00:39.0995 AM
[ReportManager] Initial window size: (800, 600) @01-02-2022 02:00:40.0036 AM
[ReportManager] Window size after SWD Maximize: (1176, 803) @01-02-2022 02:00:40.0078 AM
[ReportManager] Browser Action [MaximizeWindow] successfully performed. With the following test data [New screen size is now: (1176, 803)]. @01-02-2022 02:00:40.0079 A

################################################################################################################################################
Starting Execution:	[158 out of 162] test cases in the current suite
Test Method:		[testPackage01.Test_verifyEquals.test_assertElementAttribute]
################################################################################################################################################
[ReportManager] Target URL: [https://www.google.com/ncr], and after redirection: [https://www.google.com] @01-02-2022 02:00:40.0089 AM
[ReportManager] Initial URL: [] @01-02-2022 02:00:40.0665 AM
[ReportManager] Browser Action [NavigateToURL] successfully performed. With the following test data [https://www.google.com/ncr]. @01-02-2022 02:00:42.0928 AM
[ReportManager] Element Action [Type] successfully performed. With the following test data [INC_004010050:Another SCHEDULER with the same name [Duplicate Job Name] already exists.]. @01-02-2022 02:01:07.0137 AM
[ReportManager] Element Action [GetText] successfully performed. With the following test data [INC_004010050:Another SCHEDULER with the same name [Duplicate Job Name] already exists.]. @01-02-2022 02:01:07.0413 AM
[ReportManager] Verification [ValidateElementAttribute] PASSED. Expected [Value Should be 'INC_004010050:Another SCHEDULER with the same name \[Duplicate Job Name\] already exists.' for the 'text' attribute, element locator 'By.name: q'] and Actual [INC_004010050:Another SCHEDULER with the same name [Duplicate Job Name] already exists.]. Comparison Type [MATCHES]. Validation Type [POSITIVE]. @01-02-2022 02:01:07.0703 AM
[ReportManager] Successfully created attachment [Screenshot - 1643680867608_test_assertElementAttribute_ValidateElementAttribute_passed] @01-02-2022 02:01:07.0705 A
[ReportManager] Browser Action [CloseCurrentWindow] successfully performed. @01-02-2022 02:01:07.0939 AM
[ReportManager] Successfully created attachment [Browser Action Test Data - CloseCurrentWindow - Actual Value] @01-02-2022 02:01:07.0941 A

################################################################################################################################################
Starting Execution:	[159 out of 162] test cases in the current suite
Test Method:		[testPackage01.Test_SelectedValue.multipleSelect]
################################################################################################################################################
[ReportManager] File Action [GetAbsolutePath] successfully performed. With the following test data [Relative Folder Path: "target/downloadedFiles/"]. @01-02-2022 02:01:08.0115 AM
[ReportManager] Attempting to run locally on: [Mac-64], [GoogleChrome], Headless Execution. @01-02-2022 02:01:08.0117 AM
[ReportManager] Identifying OS/Driver combination and selecting the correct driver version automatically. Please note that if a new driver executable will be downloaded it may take some time... @01-02-2022 02:01:08.0117 AM
[ReportManager] Successfully Opened Google Chrome. @01-02-2022 02:01:11.0483 AM
[ReportManager] Initial window size: (1920, 1080) @01-02-2022 02:01:11.0487 AM
[ReportManager] Window size after SWD Maximize: (1920, 1080) @01-02-2022 02:01:11.0698 AM
[ReportManager] Window size after Toolkit: (1920, 1080) @01-02-2022 02:01:12.0148 AM
[ReportManager] Browser Action [MaximizeWindow] successfully performed. With the following test data [New screen size is now: (1920, 1080)]. @01-02-2022 02:01:12.0177 AM
[ReportManager] Target URL: [https://yari-demos.prod.mdn.mozit.cloud/en-US/docs/Web/HTML/Element/select/_sample_.Advanced_select_with_multiple_features.html] @01-02-2022 02:01:12.0177 AM
[ReportManager] Initial URL: [data:,] @01-02-2022 02:01:12.0449 AM
[ReportManager] Browser Action [NavigateToURL] successfully performed. With the following test data [https://yari-demos.prod.mdn.mozit.cloud/en-US/docs/Web/HTML/Element/select/_sample_.Advanced_select_with_multiple_features.html]. @01-02-2022 02:01:14.0027 AM
[ReportManager] Element Action [Select] successfully performed. With the following test data [Dog]. @01-02-2022 02:01:14.0837 AM
[ReportManager] Element Action [Select] successfully performed. With the following test data [Cat]. @01-02-2022 02:01:15.0170 AM
[ReportManager] Element Action [GetSelectedText] successfully performed. With the following test data [DogCat]. @01-02-2022 02:01:15.0334 AM
[ReportManager] DogCat @01-02-2022 02:01:15.0334 AM
[ReportManager] Element Action [GetSelectedText] successfully performed. With the following test data [DogCat]. @01-02-2022 02:01:15.0504 AM
[ReportManager] Assertion [ValidateElementAttribute] PASSED. Expected [Value Should be 'DogCat' for the 'selectedText' attribute, element locator 'By.tagName: select'] and Actual [DogCat]. Comparison Type [EQUALS]. Validation Type [POSITIVE]. @01-02-2022 02:01:16.0365 AM
[ReportManager] Successfully created attachment [Screenshot - 1643680876119_multipleSelect_ValidateElementAttribute_passed] @01-02-2022 02:01:16.0367 AM
[ReportManager] Browser Action [CloseCurrentWindow] successfully performed. @01-02-2022 02:01:16.0619 AM
[ReportManager] Successfully created attachment [Browser Action Test Data - CloseCurrentWindow - Actual Value] @01-02-2022 02:01:16.0620 A

################################################################################################################################################
Starting Execution:	[160 out of 162] test cases in the current suite
Test Method:		[testPackage01.Test_SelectedValue.simpleSelect]
################################################################################################################################################
[ReportManager] File Action [GetAbsolutePath] successfully performed. With the following test data [Relative Folder Path: "target/downloadedFiles/"]. @01-02-2022 02:01:16.0627 AM
[ReportManager] Attempting to run locally on: [Mac-64], [GoogleChrome], Headless Execution. @01-02-2022 02:01:16.0627 AM
[ReportManager] Identifying OS/Driver combination and selecting the correct driver version automatically. Please note that if a new driver executable will be downloaded it may take some time... @01-02-2022 02:01:16.0627 AM
[ReportManager] Successfully Opened Google Chrome. @01-02-2022 02:01:17.0263 AM
[ReportManager] Initial window size: (1920, 1080) @01-02-2022 02:01:17.0267 AM
[ReportManager] Window size after SWD Maximize: (1920, 1080) @01-02-2022 02:01:17.0415 AM
[ReportManager] Window size after Toolkit: (1920, 1080) @01-02-2022 02:01:17.0893 AM
[ReportManager] Browser Action [MaximizeWindow] successfully performed. With the following test data [New screen size is now: (1920, 1080)]. @01-02-2022 02:01:17.0896 AM
[ReportManager] Target URL: [https://yari-demos.prod.mdn.mozit.cloud/en-US/docs/Web/HTML/Element/select/_sample_.Basic_select.html] @01-02-2022 02:01:17.0897 AM
[ReportManager] Initial URL: [data:,] @01-02-2022 02:01:17.0934 AM
[ReportManager] Browser Action [NavigateToURL] successfully performed. With the following test data [https://yari-demos.prod.mdn.mozit.cloud/en-US/docs/Web/HTML/Element/select/_sample_.Basic_select.html]. @01-02-2022 02:01:18.0209 AM
[ReportManager] Element Action [Select] successfully performed. With the following test data [Third Value]. @01-02-2022 02:01:18.0544 AM
[ReportManager] Element Action [GetSelectedText] successfully performed. With the following test data [Third Value]. @01-02-2022 02:01:18.0634 AM
[ReportManager] Third Value @01-02-2022 02:01:18.0634 AM
[ReportManager] Element Action [GetSelectedText] successfully performed. With the following test data [Third Value]. @01-02-2022 02:01:18.0739 AM
[ReportManager] Assertion [ValidateElementAttribute] PASSED. Expected [Value Should be 'Third Value' for the 'selectedText' attribute, element locator 'By.tagName: select'] and Actual [Third Value]. Comparison Type [EQUALS]. Validation Type [POSITIVE]. @01-02-2022 02:01:19.0316 AM
[ReportManager] Successfully created attachment [Screenshot - 1643680879179_simpleSelect_ValidateElementAttribute_passed] @01-02-2022 02:01:19.0317 AM
[ReportManager] Browser Action [CloseCurrentWindow] successfully performed. @01-02-2022 02:01:19.0555 AM
[ReportManager] Successfully created attachment [Browser Action Test Data - CloseCurrentWindow - Actual Value] @01-02-2022 02:01:19.0556 A
[ReportManager] File Action [GetAbsolutePath] successfully performed. With the following test data [Relative Folder Path: "target/downloadedFiles/"]. @01-02-2022 02:01:19.0559 AM
[ReportManager] Attempting to run locally on: [Mac-64], [Safari], Headless Execution. @01-02-2022 02:01:19.0559 AM
[ReportManager] Successfully Opened Safari. @01-02-2022 02:01:20.0916 AM
[ReportManager] Initial window size: (800, 600) @01-02-2022 02:01:20.0943 AM
[ReportManager] Window size after SWD Maximize: (1176, 803) @01-02-2022 02:01:20.0963 AM
[ReportManager] Browser Action [MaximizeWindow] successfully performed. With the following test data [New screen size is now: (1176, 803)]. @01-02-2022 02:01:20.0963 A

################################################################################################################################################
Starting Execution:	[161 out of 162] test cases in the current suite
Test Method:		[testPackage01.Test_dynamicLoading.dynamicLoading_elementIsHidden]
################################################################################################################################################
[ReportManager] Target URL: [https://the-internet.herokuapp.com/dynamic_loading/1] @01-02-2022 02:01:20.0984 AM
[ReportManager] Initial URL: [] @01-02-2022 02:01:21.0057 AM
[ReportManager] Browser Action [NavigateToURL] successfully performed. With the following test data [https://the-internet.herokuapp.com/dynamic_loading/1]. @01-02-2022 02:01:21.0586 AM
[ReportManager] Element Action [Click] successfully performed. With the following test data [By.xpath: //button[text()='Start']]. @01-02-2022 02:01:21.0815 AM
[ReportManager] Element Action [GetText] successfully performed. With the following test data [
    Hello World!
  ]. @01-02-2022 02:01:21.0869 A
[ReportManager] Browser Action [CloseCurrentWindow] successfully performed. @01-02-2022 02:01:22.0379 AM
[ReportManager] Successfully created attachment [Browser Action Test Data - CloseCurrentWindow - Actual Value] @01-02-2022 02:01:22.0380 A
[ReportManager] File Action [GetAbsolutePath] successfully performed. With the following test data [Relative Folder Path: "target/downloadedFiles/"]. @01-02-2022 02:01:22.0384 AM
[ReportManager] Attempting to run locally on: [Mac-64], [Safari], Headless Execution. @01-02-2022 02:01:22.0384 AM
[ReportManager] Successfully Opened Safari. @01-02-2022 02:01:23.0267 AM
[ReportManager] Initial window size: (800, 600) @01-02-2022 02:01:23.0287 AM
[ReportManager] Window size after SWD Maximize: (1176, 803) @01-02-2022 02:01:23.0301 AM
[ReportManager] Browser Action [MaximizeWindow] successfully performed. With the following test data [New screen size is now: (1176, 803)]. @01-02-2022 02:01:23.0302 A

################################################################################################################################################
Starting Execution:	[162 out of 162] test cases in the current suite
Test Method:		[testPackage01.Test_dynamicLoading.dynamicLoading_elementIsRendered]
################################################################################################################################################
[ReportManager] Target URL: [https://the-internet.herokuapp.com/dynamic_loading/2] @01-02-2022 02:01:23.0306 AM
[ReportManager] Initial URL: [] @01-02-2022 02:01:23.0358 AM
[ReportManager] Browser Action [NavigateToURL] successfully performed. With the following test data [https://the-internet.herokuapp.com/dynamic_loading/2]. @01-02-2022 02:01:23.0937 AM
[ReportManager] Element Action [Click] successfully performed. With the following test data [By.xpath: //button[text()='Start']]. @01-02-2022 02:01:24.0184 AM
[ReportManager] Element Action [GetText] successfully performed. With the following test data [Hello World!]. @01-02-2022 02:01:29.0600 AM
[ReportManager] Assertion [ValidateElementAttribute] PASSED. Expected [Value Should be 'Hello World!' for the 'text' attribute, element locator 'By.id: finish'] and Actual [Hello World!]. Comparison Type [CONTAINS]. Validation Type [POSITIVE]. @01-02-2022 02:01:29.0778 AM
[ReportManager] Successfully created attachment [Screenshot - 1643680889714_dynamicLoading_elementIsRendered_ValidateElementAttribute_passed] @01-02-2022 02:01:29.0779 A
[ReportManager] Browser Action [CloseCurrentWindow] successfully performed. @01-02-2022 02:01:30.0239 AM
[ReportManager] Successfully created attachment [Browser Action Test Data - CloseCurrentWindow - Actual Value] @01-02-2022 02:01:30.0240 A
[ReportManager] Successfully created attachment [SHAFT Engine Logs - Execution log] @01-02-2022 02:01:30.0280 AM

################################################################################################################################################
This test run was powered by SHAFT Engine Version: [SHAFT Engine v6.1.20220113]
SHAFT Engine is licensed under the MIT License: [https://github.com/MohabMohie/SHAFT_ENGINE/blob/master/LICENSE].
################################################################################################################################################