################################################################################################################################################
Detected SHAFT Engine Version: [SHAFT Engine v5.4.20211025-BETA]
################################################################################################################################################

################################################################################################################################################
Starting Execution:	[1 out of 143] test cases in the current suite
Test Method:		[unitTests.tests_validations_assertions.assertComparativeRelation_greaterThanOrEquals_false_equals_expectedToFail]
################################################################################################################################################
[ReportManager] Assertion [ValidateComparativeRelation] FAILED. Expected [1] and Actual [1]. Comparison Type [GREATER_THAN_OR_EQUALS]. Validation Type [NEGATIVE]. @27-10-2021 01:49:22.0308 A

################################################################################################################################################
Starting Execution:	[2 out of 143] test cases in the current suite
Test Method:		[unitTests.tests_validations_assertions.assertComparativeRelation_greaterThanOrEquals_false_equals_expectedToPass]
################################################################################################################################################
[ReportManager] Assertion [ValidateComparativeRelation] PASSED. Expected [2] and Actual [1]. Comparison Type [GREATER_THAN_OR_EQUALS]. Validation Type [NEGATIVE]. @27-10-2021 01:49:22.0446 A

################################################################################################################################################
Starting Execution:	[3 out of 143] test cases in the current suite
Test Method:		[unitTests.tests_validations_assertions.assertComparativeRelation_greaterThanOrEquals_false_greaterThan_expectedToFail]
################################################################################################################################################
[ReportManager] Assertion [ValidateComparativeRelation] FAILED. Expected [1] and Actual [2]. Comparison Type [GREATER_THAN_OR_EQUALS]. Validation Type [NEGATIVE]. @27-10-2021 01:49:22.0457 A

################################################################################################################################################
Starting Execution:	[4 out of 143] test cases in the current suite
Test Method:		[unitTests.tests_validations_assertions.assertComparativeRelation_greaterThanOrEquals_false_greaterThan_expectedToPass]
################################################################################################################################################
[ReportManager] Assertion [ValidateComparativeRelation] PASSED. Expected [2] and Actual [1]. Comparison Type [GREATER_THAN_OR_EQUALS]. Validation Type [NEGATIVE]. @27-10-2021 01:49:22.0467 A

################################################################################################################################################
Starting Execution:	[5 out of 143] test cases in the current suite
Test Method:		[unitTests.tests_validations_assertions.assertComparativeRelation_greaterThanOrEquals_true_equals_expectedToFail]
################################################################################################################################################
[ReportManager] Assertion [ValidateComparativeRelation] FAILED. Expected [1] and Actual [0]. Comparison Type [GREATER_THAN_OR_EQUALS]. Validation Type [POSITIVE]. @27-10-2021 01:49:22.0472 A

################################################################################################################################################
Starting Execution:	[6 out of 143] test cases in the current suite
Test Method:		[unitTests.tests_validations_assertions.assertComparativeRelation_greaterThanOrEquals_true_equals_expectedToPass]
################################################################################################################################################
[ReportManager] Assertion [ValidateComparativeRelation] PASSED. Expected [1] and Actual [1]. Comparison Type [GREATER_THAN_OR_EQUALS]. Validation Type [POSITIVE]. @27-10-2021 01:49:22.0480 A

################################################################################################################################################
Starting Execution:	[7 out of 143] test cases in the current suite
Test Method:		[unitTests.tests_validations_assertions.assertComparativeRelation_greaterThanOrEquals_true_greaterThan_expectedToFail]
################################################################################################################################################
[ReportManager] Assertion [ValidateComparativeRelation] FAILED. Expected [2] and Actual [1]. Comparison Type [GREATER_THAN_OR_EQUALS]. Validation Type [POSITIVE]. @27-10-2021 01:49:22.0490 A

################################################################################################################################################
Starting Execution:	[8 out of 143] test cases in the current suite
Test Method:		[unitTests.tests_validations_assertions.assertComparativeRelation_greaterThanOrEquals_true_greaterThan_expectedToPass]
################################################################################################################################################
[ReportManager] Assertion [ValidateComparativeRelation] PASSED. Expected [1] and Actual [2]. Comparison Type [GREATER_THAN_OR_EQUALS]. Validation Type [POSITIVE]. @27-10-2021 01:49:22.0497 A
[ReportManager] File Action [GetAbsolutePath] successfully performed. With the following test data [Relative Folder Path: "target/downloadedFiles/"]. @27-10-2021 01:49:22.0510 AM
[ReportManager] Attempting to run remotely on: [Linux-64], [GoogleChrome], [http://localhost:4444/wd/hub], Headless Execution. @27-10-2021 01:49:22.0573 AM
[ReportManager] Successfully Opened [GoogleChrome]. @27-10-2021 01:49:28.0294 AM
[ReportManager] Target URL: [https://www.google.com/ncr], and after redirection: [www.google.com] @27-10-2021 01:49:28.0302 AM
[ReportManager] Initial URL: [data:,] @27-10-2021 01:49:28.0636 AM
[ReportManager] Browser Action [NavigateToURL] successfully performed. With the following test data [https://www.google.com/ncr]. @27-10-2021 01:49:30.0030 A

################################################################################################################################################
Starting Execution:	[9 out of 143] test cases in the current suite
Test Method:		[unitTests.tests_validations_assertions.assertElementAttribute_false_caseInsensitiveComparison_expectedToFail]
################################################################################################################################################
[ReportManager] Element Action [Type] successfully performed. With the following test data [AUTOMATION]. @27-10-2021 01:49:31.0013 AM
[ReportManager] Element Action [GetText] successfully performed. With the following test data [AUTOMATION]. @27-10-2021 01:49:31.0334 AM
[ReportManager] Loaded Shared OpenCV @27-10-2021 01:49:32.0094 AM
[ReportManager] Assertion [ValidateElementAttribute] FAILED. Expected [Value Should not be 'AutomaTion' for the 'text' attribute, element locator 'By.name: q'] and Actual [AUTOMATION]. Comparison Type [CASE_INSENSITIVE]. Validation Type [NEGATIVE]. @27-10-2021 01:49:32.0595 AM
[ReportManager] Successfully created attachment [Screenshot - 1635299371591_assertElementAttribute_false_caseInsensitiveComparison_expectedToFail_ValidateElementAttribute_failed] @27-10-2021 01:49:32.0627 A
[ReportManager] Browser Action [CloseCurrentWindow] successfully performed. @27-10-2021 01:49:32.0897 AM
[ReportManager] Successfully created attachment [Browser Action Test Data - CloseCurrentWindow - Actual Value] @27-10-2021 01:49:32.0904 A
[ReportManager] File Action [GetAbsolutePath] successfully performed. With the following test data [Relative Folder Path: "target/downloadedFiles/"]. @27-10-2021 01:49:32.0921 AM
[ReportManager] Attempting to run remotely on: [Linux-64], [GoogleChrome], [http://localhost:4444/wd/hub], Headless Execution. @27-10-2021 01:49:32.0922 AM
[ReportManager] Successfully Opened [GoogleChrome]. @27-10-2021 01:49:37.0438 AM
[ReportManager] Target URL: [https://www.google.com/ncr], and after redirection: [www.google.com] @27-10-2021 01:49:37.0438 AM
[ReportManager] Initial URL: [data:,] @27-10-2021 01:49:37.0588 AM
[ReportManager] Browser Action [NavigateToURL] successfully performed. With the following test data [https://www.google.com/ncr]. @27-10-2021 01:49:38.0649 A

################################################################################################################################################
Starting Execution:	[10 out of 143] test cases in the current suite
Test Method:		[unitTests.tests_validations_assertions.assertElementAttribute_false_caseInsensitiveComparison_expectedToPass]
################################################################################################################################################
[ReportManager] Element Action [Type] successfully performed. With the following test data [AUTOMATION]. @27-10-2021 01:49:39.0382 AM
[ReportManager] Element Action [GetText] successfully performed. With the following test data [AUTOMATION]. @27-10-2021 01:49:39.0611 AM
[ReportManager] Loaded Shared OpenCV @27-10-2021 01:49:39.0821 AM
[ReportManager] Assertion [ValidateElementAttribute] PASSED. Expected [Value Should not be 'AutomaTion123' for the 'text' attribute, element locator 'By.name: q'] and Actual [AUTOMATION]. Comparison Type [CASE_INSENSITIVE]. Validation Type [NEGATIVE]. @27-10-2021 01:49:40.0008 AM
[ReportManager] Successfully created attachment [Screenshot - 1635299379821_assertElementAttribute_false_caseInsensitiveComparison_expectedToPass_ValidateElementAttribute_passed] @27-10-2021 01:49:40.0012 A
[ReportManager] Browser Action [CloseCurrentWindow] successfully performed. @27-10-2021 01:49:40.0208 AM
[ReportManager] Successfully created attachment [Browser Action Test Data - CloseCurrentWindow - Actual Value] @27-10-2021 01:49:40.0210 A
[ReportManager] File Action [GetAbsolutePath] successfully performed. With the following test data [Relative Folder Path: "target/downloadedFiles/"]. @27-10-2021 01:49:40.0215 AM
[ReportManager] Attempting to run remotely on: [Linux-64], [GoogleChrome], [http://localhost:4444/wd/hub], Headless Execution. @27-10-2021 01:49:40.0215 AM
[ReportManager] Successfully Opened [GoogleChrome]. @27-10-2021 01:49:42.0399 AM
[ReportManager] Target URL: [https://www.google.com/ncr], and after redirection: [www.google.com] @27-10-2021 01:49:42.0399 AM
[ReportManager] Initial URL: [data:,] @27-10-2021 01:49:42.0493 AM
[ReportManager] Browser Action [NavigateToURL] successfully performed. With the following test data [https://www.google.com/ncr]. @27-10-2021 01:49:43.0410 A

################################################################################################################################################
Starting Execution:	[11 out of 143] test cases in the current suite
Test Method:		[unitTests.tests_validations_assertions.assertElementAttribute_false_containsComparison_expectedToFail]
################################################################################################################################################
[ReportManager] Element Action [Type] successfully performed. With the following test data [Automation123]. @27-10-2021 01:49:44.0095 AM
[ReportManager] Element Action [GetText] successfully performed. With the following test data [Automation123]. @27-10-2021 01:49:44.0358 AM
[ReportManager] Loaded Shared OpenCV @27-10-2021 01:49:44.0612 AM
[ReportManager] Assertion [ValidateElementAttribute] FAILED. Expected [Value Should not be 'Automation' for the 'text' attribute, element locator 'By.name: q'] and Actual [Automation123]. Comparison Type [CONTAINS]. Validation Type [NEGATIVE]. @27-10-2021 01:49:44.0698 AM
[ReportManager] Successfully created attachment [Screenshot - 1635299384612_assertElementAttribute_false_containsComparison_expectedToFail_ValidateElementAttribute_failed] @27-10-2021 01:49:44.0699 A
[ReportManager] Browser Action [CloseCurrentWindow] successfully performed. @27-10-2021 01:49:44.0866 AM
[ReportManager] Successfully created attachment [Browser Action Test Data - CloseCurrentWindow - Actual Value] @27-10-2021 01:49:44.0867 A
[ReportManager] File Action [GetAbsolutePath] successfully performed. With the following test data [Relative Folder Path: "target/downloadedFiles/"]. @27-10-2021 01:49:44.0871 AM
[ReportManager] Attempting to run remotely on: [Linux-64], [GoogleChrome], [http://localhost:4444/wd/hub], Headless Execution. @27-10-2021 01:49:44.0872 AM
[ReportManager] Successfully Opened [GoogleChrome]. @27-10-2021 01:49:47.0389 AM
[ReportManager] Target URL: [https://www.google.com/ncr], and after redirection: [www.google.com] @27-10-2021 01:49:47.0389 AM
[ReportManager] Initial URL: [data:,] @27-10-2021 01:49:47.0494 AM
[ReportManager] Browser Action [NavigateToURL] successfully performed. With the following test data [https://www.google.com/ncr]. @27-10-2021 01:49:48.0458 A

################################################################################################################################################
Starting Execution:	[12 out of 143] test cases in the current suite
Test Method:		[unitTests.tests_validations_assertions.assertElementAttribute_false_containsComparison_expectedToPass]
################################################################################################################################################
[ReportManager] Element Action [Type] successfully performed. With the following test data [Automation123]. @27-10-2021 01:49:49.0196 AM
[ReportManager] Element Action [GetText] successfully performed. With the following test data [Automation123]. @27-10-2021 01:49:49.0420 AM
[ReportManager] Loaded Shared OpenCV @27-10-2021 01:49:49.0595 AM
[ReportManager] Assertion [ValidateElementAttribute] PASSED. Expected [Value Should not be 'Automation1234' for the 'text' attribute, element locator 'By.name: q'] and Actual [Automation123]. Comparison Type [CONTAINS]. Validation Type [NEGATIVE]. @27-10-2021 01:49:49.0680 AM
[ReportManager] Successfully created attachment [Screenshot - 1635299389595_assertElementAttribute_false_containsComparison_expectedToPass_ValidateElementAttribute_passed] @27-10-2021 01:49:49.0682 A
[ReportManager] Browser Action [CloseCurrentWindow] successfully performed. @27-10-2021 01:49:49.0851 AM
[ReportManager] Successfully created attachment [Browser Action Test Data - CloseCurrentWindow - Actual Value] @27-10-2021 01:49:49.0852 A
[ReportManager] File Action [GetAbsolutePath] successfully performed. With the following test data [Relative Folder Path: "target/downloadedFiles/"]. @27-10-2021 01:49:49.0855 AM
[ReportManager] Attempting to run remotely on: [Linux-64], [GoogleChrome], [http://localhost:4444/wd/hub], Headless Execution. @27-10-2021 01:49:49.0856 AM
[ReportManager] Successfully Opened [GoogleChrome]. @27-10-2021 01:49:52.0360 AM
[ReportManager] Target URL: [https://www.google.com/ncr], and after redirection: [www.google.com] @27-10-2021 01:49:52.0361 AM
[ReportManager] Initial URL: [data:,] @27-10-2021 01:49:52.0439 AM
[ReportManager] Browser Action [NavigateToURL] successfully performed. With the following test data [https://www.google.com/ncr]. @27-10-2021 01:49:53.0903 A

################################################################################################################################################
Starting Execution:	[13 out of 143] test cases in the current suite
Test Method:		[unitTests.tests_validations_assertions.assertElementAttribute_false_literalComparison_expectedToFail]
################################################################################################################################################
[ReportManager] Element Action [Type] successfully performed. With the following test data [Automation!@#$%^&*()_+{}[]\';/.,]. @27-10-2021 01:49:54.0589 AM
[ReportManager] Element Action [GetText] successfully performed. With the following test data [Automation!@#$%^&*()_+{}[]\';/.,]. @27-10-2021 01:49:54.0823 AM
[ReportManager] Loaded Shared OpenCV @27-10-2021 01:49:54.0999 AM
[ReportManager] Assertion [ValidateElementAttribute] PASSED. Expected [Value Should not be 'Automation!@#$%^&*()_+{}[]\\';/.,' for the 'text' attribute, element locator 'By.name: q'] and Actual [Automation!@#$%^&*()_+{}[]\';/.,]. Comparison Type [EQUALS]. Validation Type [NEGATIVE]. @27-10-2021 01:49:55.0086 AM
[ReportManager] Successfully created attachment [Screenshot - 1635299394999_assertElementAttribute_false_literalComparison_expectedToFail_ValidateElementAttribute_passed] @27-10-2021 01:49:55.0088 A
[ReportManager] Browser Action [CloseCurrentWindow] successfully performed. @27-10-2021 01:49:55.0257 AM
[ReportManager] Successfully created attachment [Browser Action Test Data - CloseCurrentWindow - Actual Value] @27-10-2021 01:49:55.0259 A
[ReportManager] File Action [GetAbsolutePath] successfully performed. With the following test data [Relative Folder Path: "target/downloadedFiles/"]. @27-10-2021 01:49:55.0263 AM
[ReportManager] Attempting to run remotely on: [Linux-64], [GoogleChrome], [http://localhost:4444/wd/hub], Headless Execution. @27-10-2021 01:49:55.0264 AM
[ReportManager] Successfully Opened [GoogleChrome]. @27-10-2021 01:49:57.0386 AM
[ReportManager] Target URL: [https://www.google.com/ncr], and after redirection: [www.google.com] @27-10-2021 01:49:57.0386 AM
[ReportManager] Initial URL: [data:,] @27-10-2021 01:49:57.0514 AM
[ReportManager] Browser Action [NavigateToURL] successfully performed. With the following test data [https://www.google.com/ncr]. @27-10-2021 01:49:58.0362 A

################################################################################################################################################
Starting Execution:	[14 out of 143] test cases in the current suite
Test Method:		[unitTests.tests_validations_assertions.assertElementAttribute_false_literalComparison_expectedToPass]
################################################################################################################################################
[ReportManager] Element Action [Type] successfully performed. With the following test data [Automation!@#$%^&*()_+{}[]\';/.,]. @27-10-2021 01:49:59.0070 AM
[ReportManager] Element Action [GetText] successfully performed. With the following test data [Automation!@#$%^&*()_+{}[]\';/.,]. @27-10-2021 01:49:59.0276 AM
[ReportManager] Loaded Shared OpenCV @27-10-2021 01:49:59.0430 AM
[ReportManager] Assertion [ValidateElementAttribute] PASSED. Expected [Value Should not be 'Automation' for the 'text' attribute, element locator 'By.name: q'] and Actual [Automation!@#$%^&*()_+{}[]\';/.,]. Comparison Type [EQUALS]. Validation Type [NEGATIVE]. @27-10-2021 01:49:59.0507 AM
[ReportManager] Successfully created attachment [Screenshot - 1635299399429_assertElementAttribute_false_literalComparison_expectedToPass_ValidateElementAttribute_passed] @27-10-2021 01:49:59.0509 A
[ReportManager] Browser Action [CloseCurrentWindow] successfully performed. @27-10-2021 01:49:59.0686 AM
[ReportManager] Successfully created attachment [Browser Action Test Data - CloseCurrentWindow - Actual Value] @27-10-2021 01:49:59.0689 A
[ReportManager] File Action [GetAbsolutePath] successfully performed. With the following test data [Relative Folder Path: "target/downloadedFiles/"]. @27-10-2021 01:49:59.0692 AM
[ReportManager] Attempting to run remotely on: [Linux-64], [GoogleChrome], [http://localhost:4444/wd/hub], Headless Execution. @27-10-2021 01:49:59.0692 AM
[ReportManager] Successfully Opened [GoogleChrome]. @27-10-2021 01:50:02.0371 AM
[ReportManager] Target URL: [https://www.google.com/ncr], and after redirection: [www.google.com] @27-10-2021 01:50:02.0371 AM
[ReportManager] Initial URL: [data:,] @27-10-2021 01:50:02.0465 AM
[ReportManager] Browser Action [NavigateToURL] successfully performed. With the following test data [https://www.google.com/ncr]. @27-10-2021 01:50:03.0288 A

################################################################################################################################################
Starting Execution:	[15 out of 143] test cases in the current suite
Test Method:		[unitTests.tests_validations_assertions.assertElementAttribute_false_regexComparison_expectedToFail]
################################################################################################################################################
[ReportManager] Element Action [Type] successfully performed. With the following test data [Automation123]. @27-10-2021 01:50:03.0826 AM
[ReportManager] Element Action [GetText] successfully performed. With the following test data [Automation123]. @27-10-2021 01:50:04.0021 AM
[ReportManager] Loaded Shared OpenCV @27-10-2021 01:50:04.0212 AM
[ReportManager] Assertion [ValidateElementAttribute] FAILED. Expected [Value Should not be 'Automation.*' for the 'text' attribute, element locator 'By.name: q'] and Actual [Automation123]. Comparison Type [MATCHES]. Validation Type [NEGATIVE]. @27-10-2021 01:50:04.0299 AM
[ReportManager] Successfully created attachment [Screenshot - 1635299404212_assertElementAttribute_false_regexComparison_expectedToFail_ValidateElementAttribute_failed] @27-10-2021 01:50:04.0300 A
[ReportManager] Browser Action [CloseCurrentWindow] successfully performed. @27-10-2021 01:50:04.0448 AM
[ReportManager] Successfully created attachment [Browser Action Test Data - CloseCurrentWindow - Actual Value] @27-10-2021 01:50:04.0449 A
[ReportManager] File Action [GetAbsolutePath] successfully performed. With the following test data [Relative Folder Path: "target/downloadedFiles/"]. @27-10-2021 01:50:04.0462 AM
[ReportManager] Attempting to run remotely on: [Linux-64], [GoogleChrome], [http://localhost:4444/wd/hub], Headless Execution. @27-10-2021 01:50:04.0467 AM
[ReportManager] Successfully Opened [GoogleChrome]. @27-10-2021 01:50:07.0354 AM
[ReportManager] Target URL: [https://www.google.com/ncr], and after redirection: [www.google.com] @27-10-2021 01:50:07.0355 AM
[ReportManager] Initial URL: [data:,] @27-10-2021 01:50:07.0426 AM
[ReportManager] Browser Action [NavigateToURL] successfully performed. With the following test data [https://www.google.com/ncr]. @27-10-2021 01:50:08.0198 A

################################################################################################################################################
Starting Execution:	[16 out of 143] test cases in the current suite
Test Method:		[unitTests.tests_validations_assertions.assertElementAttribute_false_regexComparison_expectedToPass]
################################################################################################################################################
[ReportManager] Element Action [Type] successfully performed. With the following test data [Automation123]. @27-10-2021 01:50:08.0803 AM
[ReportManager] Element Action [GetText] successfully performed. With the following test data [Automation123]. @27-10-2021 01:50:08.0952 AM
[ReportManager] Loaded Shared OpenCV @27-10-2021 01:50:09.0128 AM
[ReportManager] Assertion [ValidateElementAttribute] PASSED. Expected [Value Should not be 'Automation' for the 'text' attribute, element locator 'By.name: q'] and Actual [Automation123]. Comparison Type [MATCHES]. Validation Type [NEGATIVE]. @27-10-2021 01:50:09.0209 AM
[ReportManager] Successfully created attachment [Screenshot - 1635299409128_assertElementAttribute_false_regexComparison_expectedToPass_ValidateElementAttribute_passed] @27-10-2021 01:50:09.0210 A
[ReportManager] Browser Action [CloseCurrentWindow] successfully performed. @27-10-2021 01:50:09.0364 AM
[ReportManager] Successfully created attachment [Browser Action Test Data - CloseCurrentWindow - Actual Value] @27-10-2021 01:50:09.0365 A
[ReportManager] File Action [GetAbsolutePath] successfully performed. With the following test data [Relative Folder Path: "target/downloadedFiles/"]. @27-10-2021 01:50:09.0372 AM
[ReportManager] Attempting to run remotely on: [Linux-64], [GoogleChrome], [http://localhost:4444/wd/hub], Headless Execution. @27-10-2021 01:50:09.0372 AM
[ReportManager] Successfully Opened [GoogleChrome]. @27-10-2021 01:50:12.0427 AM
[ReportManager] Target URL: [https://www.google.com/ncr], and after redirection: [www.google.com] @27-10-2021 01:50:12.0427 AM
[ReportManager] Initial URL: [data:,] @27-10-2021 01:50:12.0568 AM
[ReportManager] Browser Action [NavigateToURL] successfully performed. With the following test data [https://www.google.com/ncr]. @27-10-2021 01:50:13.0466 A

################################################################################################################################################
Starting Execution:	[17 out of 143] test cases in the current suite
Test Method:		[unitTests.tests_validations_assertions.assertElementAttribute_true_caseInsensitiveComparison_expectedToFail]
################################################################################################################################################
[ReportManager] Element Action [Type] successfully performed. With the following test data [AUTOMATION]. @27-10-2021 01:50:14.0023 AM
[ReportManager] Element Action [GetText] successfully performed. With the following test data [AUTOMATION]. @27-10-2021 01:50:14.0211 AM
[ReportManager] Loaded Shared OpenCV @27-10-2021 01:50:14.0430 AM
[ReportManager] Assertion [ValidateElementAttribute] FAILED. Expected [Value Should be 'AutomaTion123' for the 'text' attribute, element locator 'By.name: q'] and Actual [AUTOMATION]. Comparison Type [CASE_INSENSITIVE]. Validation Type [POSITIVE]. @27-10-2021 01:50:14.0552 AM
[ReportManager] Successfully created attachment [Screenshot - 1635299414429_assertElementAttribute_true_caseInsensitiveComparison_expectedToFail_ValidateElementAttribute_failed] @27-10-2021 01:50:14.0554 A
[ReportManager] Browser Action [CloseCurrentWindow] successfully performed. @27-10-2021 01:50:14.0734 AM
[ReportManager] Successfully created attachment [Browser Action Test Data - CloseCurrentWindow - Actual Value] @27-10-2021 01:50:14.0735 A
[ReportManager] File Action [GetAbsolutePath] successfully performed. With the following test data [Relative Folder Path: "target/downloadedFiles/"]. @27-10-2021 01:50:14.0738 AM
[ReportManager] Attempting to run remotely on: [Linux-64], [GoogleChrome], [http://localhost:4444/wd/hub], Headless Execution. @27-10-2021 01:50:14.0739 AM
[ReportManager] Successfully Opened [GoogleChrome]. @27-10-2021 01:50:17.0379 AM
[ReportManager] Target URL: [https://www.google.com/ncr], and after redirection: [www.google.com] @27-10-2021 01:50:17.0395 AM
[ReportManager] Initial URL: [data:,] @27-10-2021 01:50:17.0475 AM
[ReportManager] Browser Action [NavigateToURL] successfully performed. With the following test data [https://www.google.com/ncr]. @27-10-2021 01:50:18.0265 A

################################################################################################################################################
Starting Execution:	[18 out of 143] test cases in the current suite
Test Method:		[unitTests.tests_validations_assertions.assertElementAttribute_true_caseInsensitiveComparison_expectedToPass]
################################################################################################################################################
[ReportManager] Element Action [Type] successfully performed. With the following test data [AUTOMATION]. @27-10-2021 01:50:18.0823 AM
[ReportManager] Element Action [GetText] successfully performed. With the following test data [AUTOMATION]. @27-10-2021 01:50:19.0019 AM
[ReportManager] Loaded Shared OpenCV @27-10-2021 01:50:19.0207 AM
[ReportManager] Assertion [ValidateElementAttribute] PASSED. Expected [Value Should be 'AutomaTion' for the 'text' attribute, element locator 'By.name: q'] and Actual [AUTOMATION]. Comparison Type [CASE_INSENSITIVE]. Validation Type [POSITIVE]. @27-10-2021 01:50:19.0285 AM
[ReportManager] Successfully created attachment [Screenshot - 1635299419207_assertElementAttribute_true_caseInsensitiveComparison_expectedToPass_ValidateElementAttribute_passed] @27-10-2021 01:50:19.0287 A
[ReportManager] Browser Action [CloseCurrentWindow] successfully performed. @27-10-2021 01:50:19.0447 AM
[ReportManager] Successfully created attachment [Browser Action Test Data - CloseCurrentWindow - Actual Value] @27-10-2021 01:50:19.0448 A
[ReportManager] File Action [GetAbsolutePath] successfully performed. With the following test data [Relative Folder Path: "target/downloadedFiles/"]. @27-10-2021 01:50:19.0453 AM
[ReportManager] Attempting to run remotely on: [Linux-64], [GoogleChrome], [http://localhost:4444/wd/hub], Headless Execution. @27-10-2021 01:50:19.0453 AM
[ReportManager] Successfully Opened [GoogleChrome]. @27-10-2021 01:50:22.0391 AM
[ReportManager] Target URL: [https://www.google.com/ncr], and after redirection: [www.google.com] @27-10-2021 01:50:22.0391 AM
[ReportManager] Initial URL: [data:,] @27-10-2021 01:50:22.0483 AM
[ReportManager] Browser Action [NavigateToURL] successfully performed. With the following test data [https://www.google.com/ncr]. @27-10-2021 01:50:23.0415 A

################################################################################################################################################
Starting Execution:	[19 out of 143] test cases in the current suite
Test Method:		[unitTests.tests_validations_assertions.assertElementAttribute_true_containsComparison_expectedToFail]
################################################################################################################################################
[ReportManager] Element Action [Type] successfully performed. With the following test data [Automation123]. @27-10-2021 01:50:23.0991 AM
[ReportManager] Element Action [GetText] successfully performed. With the following test data [Automation123]. @27-10-2021 01:50:24.0153 AM
[ReportManager] Loaded Shared OpenCV @27-10-2021 01:50:24.0327 AM
[ReportManager] Assertion [ValidateElementAttribute] FAILED. Expected [Value Should be 'Automation1234' for the 'text' attribute, element locator 'By.name: q'] and Actual [Automation123]. Comparison Type [CONTAINS]. Validation Type [POSITIVE]. @27-10-2021 01:50:24.0415 AM
[ReportManager] Successfully created attachment [Screenshot - 1635299424327_assertElementAttribute_true_containsComparison_expectedToFail_ValidateElementAttribute_failed] @27-10-2021 01:50:24.0416 A
[ReportManager] Browser Action [CloseCurrentWindow] successfully performed. @27-10-2021 01:50:24.0556 AM
[ReportManager] Successfully created attachment [Browser Action Test Data - CloseCurrentWindow - Actual Value] @27-10-2021 01:50:24.0557 A
[ReportManager] File Action [GetAbsolutePath] successfully performed. With the following test data [Relative Folder Path: "target/downloadedFiles/"]. @27-10-2021 01:50:24.0562 AM
[ReportManager] Attempting to run remotely on: [Linux-64], [GoogleChrome], [http://localhost:4444/wd/hub], Headless Execution. @27-10-2021 01:50:24.0562 AM
[ReportManager] Successfully Opened [GoogleChrome]. @27-10-2021 01:50:27.0390 AM
[ReportManager] Target URL: [https://www.google.com/ncr], and after redirection: [www.google.com] @27-10-2021 01:50:27.0390 AM
[ReportManager] Initial URL: [data:,] @27-10-2021 01:50:27.0471 AM
[ReportManager] Browser Action [NavigateToURL] successfully performed. With the following test data [https://www.google.com/ncr]. @27-10-2021 01:50:28.0350 A

################################################################################################################################################
Starting Execution:	[20 out of 143] test cases in the current suite
Test Method:		[unitTests.tests_validations_assertions.assertElementAttribute_true_containsComparison_expectedToPass]
################################################################################################################################################
[ReportManager] Element Action [Type] successfully performed. With the following test data [Automation123]. @27-10-2021 01:50:29.0025 AM
[ReportManager] Element Action [GetText] successfully performed. With the following test data [Automation123]. @27-10-2021 01:50:29.0204 AM
[ReportManager] Loaded Shared OpenCV @27-10-2021 01:50:29.0402 AM
[ReportManager] Assertion [ValidateElementAttribute] PASSED. Expected [Value Should be 'Automation' for the 'text' attribute, element locator 'By.name: q'] and Actual [Automation123]. Comparison Type [CONTAINS]. Validation Type [POSITIVE]. @27-10-2021 01:50:29.0485 AM
[ReportManager] Successfully created attachment [Screenshot - 1635299429402_assertElementAttribute_true_containsComparison_expectedToPass_ValidateElementAttribute_passed] @27-10-2021 01:50:29.0486 A
[ReportManager] Browser Action [CloseCurrentWindow] successfully performed. @27-10-2021 01:50:29.0645 AM
[ReportManager] Successfully created attachment [Browser Action Test Data - CloseCurrentWindow - Actual Value] @27-10-2021 01:50:29.0646 A
[ReportManager] File Action [GetAbsolutePath] successfully performed. With the following test data [Relative Folder Path: "target/downloadedFiles/"]. @27-10-2021 01:50:29.0649 AM
[ReportManager] Attempting to run remotely on: [Linux-64], [GoogleChrome], [http://localhost:4444/wd/hub], Headless Execution. @27-10-2021 01:50:29.0650 AM
[ReportManager] Successfully Opened [GoogleChrome]. @27-10-2021 01:50:32.0378 AM
[ReportManager] Target URL: [https://www.google.com/ncr], and after redirection: [www.google.com] @27-10-2021 01:50:32.0378 AM
[ReportManager] Initial URL: [data:,] @27-10-2021 01:50:32.0446 AM
[ReportManager] Browser Action [NavigateToURL] successfully performed. With the following test data [https://www.google.com/ncr]. @27-10-2021 01:50:33.0232 A

################################################################################################################################################
Starting Execution:	[21 out of 143] test cases in the current suite
Test Method:		[unitTests.tests_validations_assertions.assertElementAttribute_true_literalComparison_expectedToFail]
################################################################################################################################################
[ReportManager] Element Action [Type] successfully performed. With the following test data [Automation!@#$%^&*()_+{}[]\';/.,]. @27-10-2021 01:50:33.0855 AM
[ReportManager] Element Action [GetText] successfully performed. With the following test data [Automation!@#$%^&*()_+{}[]\';/.,]. @27-10-2021 01:50:34.0033 AM
[ReportManager] Loaded Shared OpenCV @27-10-2021 01:50:34.0198 AM
[ReportManager] Assertion [ValidateElementAttribute] FAILED. Expected [Value Should be 'Automation' for the 'text' attribute, element locator 'By.name: q'] and Actual [Automation!@#$%^&*()_+{}[]\';/.,]. Comparison Type [EQUALS]. Validation Type [POSITIVE]. @27-10-2021 01:50:34.0291 AM
[ReportManager] Successfully created attachment [Screenshot - 1635299434198_assertElementAttribute_true_literalComparison_expectedToFail_ValidateElementAttribute_failed] @27-10-2021 01:50:34.0292 A
[ReportManager] Browser Action [CloseCurrentWindow] successfully performed. @27-10-2021 01:50:34.0439 AM
[ReportManager] Successfully created attachment [Browser Action Test Data - CloseCurrentWindow - Actual Value] @27-10-2021 01:50:34.0440 A
[ReportManager] File Action [GetAbsolutePath] successfully performed. With the following test data [Relative Folder Path: "target/downloadedFiles/"]. @27-10-2021 01:50:34.0443 AM
[ReportManager] Attempting to run remotely on: [Linux-64], [GoogleChrome], [http://localhost:4444/wd/hub], Headless Execution. @27-10-2021 01:50:34.0443 AM
[ReportManager] Successfully Opened [GoogleChrome]. @27-10-2021 01:50:37.0357 AM
[ReportManager] Target URL: [https://www.google.com/ncr], and after redirection: [www.google.com] @27-10-2021 01:50:37.0357 AM
[ReportManager] Initial URL: [data:,] @27-10-2021 01:50:37.0438 AM
[ReportManager] Browser Action [NavigateToURL] successfully performed. With the following test data [https://www.google.com/ncr]. @27-10-2021 01:50:38.0277 A

################################################################################################################################################
Starting Execution:	[22 out of 143] test cases in the current suite
Test Method:		[unitTests.tests_validations_assertions.assertElementAttribute_true_literalComparison_expectedToPass]
################################################################################################################################################
[ReportManager] Element Action [Type] successfully performed. With the following test data [Automation!@#$%^&*()_+{}[]\';/.,]. @27-10-2021 01:50:38.0878 AM
[ReportManager] Element Action [GetText] successfully performed. With the following test data [Automation!@#$%^&*()_+{}[]\';/.,]. @27-10-2021 01:50:39.0064 AM
[ReportManager] Loaded Shared OpenCV @27-10-2021 01:50:39.0211 AM
[ReportManager] Assertion [ValidateElementAttribute] PASSED. Expected [Value Should be 'Automation!@#$%^&*()_+{}[]\';/.,' for the 'text' attribute, element locator 'By.name: q'] and Actual [Automation!@#$%^&*()_+{}[]\';/.,]. Comparison Type [EQUALS]. Validation Type [POSITIVE]. @27-10-2021 01:50:39.0296 AM
[ReportManager] Successfully created attachment [Screenshot - 1635299439211_assertElementAttribute_true_literalComparison_expectedToPass_ValidateElementAttribute_passed] @27-10-2021 01:50:39.0298 A
[ReportManager] Browser Action [CloseCurrentWindow] successfully performed. @27-10-2021 01:50:39.0516 AM
[ReportManager] Successfully created attachment [Browser Action Test Data - CloseCurrentWindow - Actual Value] @27-10-2021 01:50:39.0518 A
[ReportManager] File Action [GetAbsolutePath] successfully performed. With the following test data [Relative Folder Path: "target/downloadedFiles/"]. @27-10-2021 01:50:39.0535 AM
[ReportManager] Attempting to run remotely on: [Linux-64], [GoogleChrome], [http://localhost:4444/wd/hub], Headless Execution. @27-10-2021 01:50:39.0537 AM
[ReportManager] Successfully Opened [GoogleChrome]. @27-10-2021 01:50:42.0365 AM
[ReportManager] Target URL: [https://www.google.com/ncr], and after redirection: [www.google.com] @27-10-2021 01:50:42.0365 AM
[ReportManager] Initial URL: [data:,] @27-10-2021 01:50:42.0431 AM
[ReportManager] Browser Action [NavigateToURL] successfully performed. With the following test data [https://www.google.com/ncr]. @27-10-2021 01:50:43.0307 A

################################################################################################################################################
Starting Execution:	[23 out of 143] test cases in the current suite
Test Method:		[unitTests.tests_validations_assertions.assertElementAttribute_true_regexComparison_expectedToFail]
################################################################################################################################################
[ReportManager] Element Action [Type] successfully performed. With the following test data [Automation123]. @27-10-2021 01:50:43.0826 AM
[ReportManager] Element Action [GetText] successfully performed. With the following test data [Automation123]. @27-10-2021 01:50:43.0947 AM
[ReportManager] Loaded Shared OpenCV @27-10-2021 01:50:44.0117 AM
[ReportManager] Assertion [ValidateElementAttribute] FAILED. Expected [Value Should be 'Automation' for the 'text' attribute, element locator 'By.name: q'] and Actual [Automation123]. Comparison Type [MATCHES]. Validation Type [POSITIVE]. @27-10-2021 01:50:44.0199 AM
[ReportManager] Successfully created attachment [Screenshot - 1635299444117_assertElementAttribute_true_regexComparison_expectedToFail_ValidateElementAttribute_failed] @27-10-2021 01:50:44.0200 A
[ReportManager] Browser Action [CloseCurrentWindow] successfully performed. @27-10-2021 01:50:44.0340 AM
[ReportManager] Successfully created attachment [Browser Action Test Data - CloseCurrentWindow - Actual Value] @27-10-2021 01:50:44.0340 A
[ReportManager] File Action [GetAbsolutePath] successfully performed. With the following test data [Relative Folder Path: "target/downloadedFiles/"]. @27-10-2021 01:50:44.0344 AM
[ReportManager] Attempting to run remotely on: [Linux-64], [GoogleChrome], [http://localhost:4444/wd/hub], Headless Execution. @27-10-2021 01:50:44.0344 AM
[ReportManager] Successfully Opened [GoogleChrome]. @27-10-2021 01:50:47.0366 AM
[ReportManager] Target URL: [https://www.google.com/ncr], and after redirection: [www.google.com] @27-10-2021 01:50:47.0366 AM
[ReportManager] Initial URL: [data:,] @27-10-2021 01:50:47.0452 AM
[ReportManager] Browser Action [NavigateToURL] successfully performed. With the following test data [https://www.google.com/ncr]. @27-10-2021 01:50:48.0249 A

################################################################################################################################################
Starting Execution:	[24 out of 143] test cases in the current suite
Test Method:		[unitTests.tests_validations_assertions.assertElementAttribute_true_regexComparison_expectedToPass]
################################################################################################################################################
[ReportManager] Element Action [Type] successfully performed. With the following test data [Automation123]. @27-10-2021 01:50:48.0774 AM
[ReportManager] Element Action [GetText] successfully performed. With the following test data [Automation123]. @27-10-2021 01:50:48.0902 AM
[ReportManager] Loaded Shared OpenCV @27-10-2021 01:50:49.0127 AM
[ReportManager] Assertion [ValidateElementAttribute] PASSED. Expected [Value Should be 'Automation.*' for the 'text' attribute, element locator 'By.name: q'] and Actual [Automation123]. Comparison Type [MATCHES]. Validation Type [POSITIVE]. @27-10-2021 01:50:49.0208 AM
[ReportManager] Successfully created attachment [Screenshot - 1635299449127_assertElementAttribute_true_regexComparison_expectedToPass_ValidateElementAttribute_passed] @27-10-2021 01:50:49.0210 A
[ReportManager] Browser Action [CloseCurrentWindow] successfully performed. @27-10-2021 01:50:49.0346 AM
[ReportManager] Successfully created attachment [Browser Action Test Data - CloseCurrentWindow - Actual Value] @27-10-2021 01:50:49.0346 A
[ReportManager] File Action [GetAbsolutePath] successfully performed. With the following test data [Relative Folder Path: "target/downloadedFiles/"]. @27-10-2021 01:50:49.0352 AM
[ReportManager] Attempting to run remotely on: [Linux-64], [GoogleChrome], [http://localhost:4444/wd/hub], Headless Execution. @27-10-2021 01:50:49.0352 AM
[ReportManager] Successfully Opened [GoogleChrome]. @27-10-2021 01:50:52.0374 AM
[ReportManager] Target URL: [https://www.google.com/ncr], and after redirection: [www.google.com] @27-10-2021 01:50:52.0374 AM
[ReportManager] Initial URL: [data:,] @27-10-2021 01:50:52.0466 AM
[ReportManager] Browser Action [NavigateToURL] successfully performed. With the following test data [https://www.google.com/ncr]. @27-10-2021 01:50:53.0278 A

################################################################################################################################################
Starting Execution:	[25 out of 143] test cases in the current suite
Test Method:		[unitTests.tests_validations_assertions.assertElementAttribute_type_true_literalComparison_expectedToPass]
################################################################################################################################################
[ReportManager] Element Action [Type] successfully performed. With the following test data [Automation!@#$%^&*()_+{}[]\';/.,]. @27-10-2021 01:50:53.0863 AM
[ReportManager] Element Action [GetText] successfully performed. With the following test data [Automation!@#$%^&*()_+{}[]\';/.,]. @27-10-2021 01:50:54.0034 AM
[ReportManager] Loaded Shared OpenCV @27-10-2021 01:50:54.0219 AM
[ReportManager] Assertion [ValidateElementAttribute] PASSED. Expected [Value Should be 'Automation!@#$%^&*()_+{}[]\';/.,' for the 'text' attribute, element locator 'By.name: q'] and Actual [Automation!@#$%^&*()_+{}[]\';/.,]. Comparison Type [EQUALS]. Validation Type [POSITIVE]. @27-10-2021 01:50:54.0306 AM
[ReportManager] Successfully created attachment [Screenshot - 1635299454219_assertElementAttribute_type_true_literalComparison_expectedToPass_ValidateElementAttribute_passed] @27-10-2021 01:50:54.0313 A
[ReportManager] Browser Action [CloseCurrentWindow] successfully performed. @27-10-2021 01:50:54.0470 AM
[ReportManager] Successfully created attachment [Browser Action Test Data - CloseCurrentWindow - Actual Value] @27-10-2021 01:50:54.0471 A
[ReportManager] File Action [GetAbsolutePath] successfully performed. With the following test data [Relative Folder Path: "target/downloadedFiles/"]. @27-10-2021 01:50:54.0477 AM
[ReportManager] Attempting to run remotely on: [Linux-64], [GoogleChrome], [http://localhost:4444/wd/hub], Headless Execution. @27-10-2021 01:50:54.0478 AM
[ReportManager] Successfully Opened [GoogleChrome]. @27-10-2021 01:50:57.0366 AM
[ReportManager] Target URL: [https://www.google.com/ncr], and after redirection: [www.google.com] @27-10-2021 01:50:57.0366 AM
[ReportManager] Initial URL: [data:,] @27-10-2021 01:50:57.0487 AM
[ReportManager] Browser Action [NavigateToURL] successfully performed. With the following test data [https://www.google.com/ncr]. @27-10-2021 01:50:58.0324 A

################################################################################################################################################
Starting Execution:	[26 out of 143] test cases in the current suite
Test Method:		[unitTests.tests_validations_assertions.assertElementExists_false_expectedToFail]
################################################################################################################################################
[ReportManager] Assertion [ValidateElementExists] PASSED. Expected [Element Should not Exist, locator 'By.id: hplogo'] and Actual [Element Doesn't Exists]. Comparison Type [EQUALS]. Validation Type [NEGATIVE]. @27-10-2021 01:51:08.0817 AM
[ReportManager] Successfully created attachment [Screenshot - 1635299468696_assertElementExists_false_expectedToFail_ValidateElementExists_passed] @27-10-2021 01:51:08.0822 A
[ReportManager] Browser Action [CloseCurrentWindow] successfully performed. @27-10-2021 01:51:08.0958 AM
[ReportManager] Successfully created attachment [Browser Action Test Data - CloseCurrentWindow - Actual Value] @27-10-2021 01:51:08.0959 A
[ReportManager] File Action [GetAbsolutePath] successfully performed. With the following test data [Relative Folder Path: "target/downloadedFiles/"]. @27-10-2021 01:51:08.0962 AM
[ReportManager] Attempting to run remotely on: [Linux-64], [GoogleChrome], [http://localhost:4444/wd/hub], Headless Execution. @27-10-2021 01:51:08.0962 AM
[ReportManager] Successfully Opened [GoogleChrome]. @27-10-2021 01:51:12.0428 AM
[ReportManager] Target URL: [https://www.google.com/ncr], and after redirection: [www.google.com] @27-10-2021 01:51:12.0428 AM
[ReportManager] Initial URL: [data:,] @27-10-2021 01:51:12.0496 AM
[ReportManager] Browser Action [NavigateToURL] successfully performed. With the following test data [https://www.google.com/ncr]. @27-10-2021 01:51:13.0339 A

################################################################################################################################################
Starting Execution:	[27 out of 143] test cases in the current suite
Test Method:		[unitTests.tests_validations_assertions.assertElementExists_false_expectedToPass]
################################################################################################################################################
[ReportManager] Assertion [ValidateElementExists] PASSED. Expected [Element Should not Exist, locator 'By.id: fakeElement'] and Actual [Element Doesn't Exists]. Comparison Type [EQUALS]. Validation Type [NEGATIVE]. @27-10-2021 01:51:23.0764 AM
[ReportManager] Successfully created attachment [Screenshot - 1635299483692_assertElementExists_false_expectedToPass_ValidateElementExists_passed] @27-10-2021 01:51:23.0764 A
[ReportManager] Browser Action [CloseCurrentWindow] successfully performed. @27-10-2021 01:51:23.0912 AM
[ReportManager] Successfully created attachment [Browser Action Test Data - CloseCurrentWindow - Actual Value] @27-10-2021 01:51:23.0913 A
[ReportManager] File Action [GetAbsolutePath] successfully performed. With the following test data [Relative Folder Path: "target/downloadedFiles/"]. @27-10-2021 01:51:23.0915 AM
[ReportManager] Attempting to run remotely on: [Linux-64], [GoogleChrome], [http://localhost:4444/wd/hub], Headless Execution. @27-10-2021 01:51:23.0916 AM
[ReportManager] Successfully Opened [GoogleChrome]. @27-10-2021 01:51:27.0409 AM
[ReportManager] Target URL: [https://www.google.com/ncr], and after redirection: [www.google.com] @27-10-2021 01:51:27.0409 AM
[ReportManager] Initial URL: [data:,] @27-10-2021 01:51:27.0474 AM
[ReportManager] Browser Action [NavigateToURL] successfully performed. With the following test data [https://www.google.com/ncr]. @27-10-2021 01:51:28.0393 A

################################################################################################################################################
Starting Execution:	[28 out of 143] test cases in the current suite
Test Method:		[unitTests.tests_validations_assertions.assertElementExists_false_multipleElementsFound_expectedToFail]
################################################################################################################################################
[ReportManager] Assertion [ValidateElementExists] FAILED. Expected [Element Should not Exist, locator 'By.xpath: //div'] and Actual [Element Exists but is not unique]. Comparison Type [EQUALS]. Validation Type [NEGATIVE]. @27-10-2021 01:51:28.0778 AM
[ReportManager] Successfully created attachment [Screenshot - 1635299488699_assertElementExists_false_multipleElementsFound_expectedToFail_ValidateElementExists_failed] @27-10-2021 01:51:28.0779 A
[ReportManager] Browser Action [CloseCurrentWindow] successfully performed. @27-10-2021 01:51:28.0957 AM
[ReportManager] Successfully created attachment [Browser Action Test Data - CloseCurrentWindow - Actual Value] @27-10-2021 01:51:28.0957 A
[ReportManager] File Action [GetAbsolutePath] successfully performed. With the following test data [Relative Folder Path: "target/downloadedFiles/"]. @27-10-2021 01:51:28.0960 AM
[ReportManager] Attempting to run remotely on: [Linux-64], [GoogleChrome], [http://localhost:4444/wd/hub], Headless Execution. @27-10-2021 01:51:28.0960 AM
[ReportManager] Successfully Opened [GoogleChrome]. @27-10-2021 01:51:32.0393 AM
[ReportManager] Target URL: [https://www.google.com/ncr], and after redirection: [www.google.com] @27-10-2021 01:51:32.0393 AM
[ReportManager] Initial URL: [data:,] @27-10-2021 01:51:32.0443 AM
[ReportManager] Browser Action [NavigateToURL] successfully performed. With the following test data [https://www.google.com/ncr]. @27-10-2021 01:51:33.0342 A

################################################################################################################################################
Starting Execution:	[29 out of 143] test cases in the current suite
Test Method:		[unitTests.tests_validations_assertions.assertElementExists_true_expectedToFail]
################################################################################################################################################
[ReportManager] Assertion [ValidateElementExists] FAILED. Expected [Element Should Exist, locator 'By.id: fakeElement'] and Actual [Element Doesn't Exists]. Comparison Type [EQUALS]. Validation Type [POSITIVE]. @27-10-2021 01:52:04.0093 AM
[ReportManager] Successfully created attachment [Screenshot - 1635299524007_assertElementExists_true_expectedToFail_ValidateElementExists_failed] @27-10-2021 01:52:04.0094 A
[ReportManager] Browser Action [CloseCurrentWindow] successfully performed. @27-10-2021 01:52:04.0226 AM
[ReportManager] Successfully created attachment [Browser Action Test Data - CloseCurrentWindow - Actual Value] @27-10-2021 01:52:04.0227 A
[ReportManager] File Action [GetAbsolutePath] successfully performed. With the following test data [Relative Folder Path: "target/downloadedFiles/"]. @27-10-2021 01:52:04.0230 AM
[ReportManager] Attempting to run remotely on: [Linux-64], [GoogleChrome], [http://localhost:4444/wd/hub], Headless Execution. @27-10-2021 01:52:04.0233 AM
[ReportManager] Successfully Opened [GoogleChrome]. @27-10-2021 01:52:07.0363 AM
[ReportManager] Target URL: [https://www.google.com/ncr], and after redirection: [www.google.com] @27-10-2021 01:52:07.0363 AM
[ReportManager] Initial URL: [data:,] @27-10-2021 01:52:07.0425 AM
[ReportManager] Browser Action [NavigateToURL] successfully performed. With the following test data [https://www.google.com/ncr]. @27-10-2021 01:52:08.0197 A

################################################################################################################################################
Starting Execution:	[30 out of 143] test cases in the current suite
Test Method:		[unitTests.tests_validations_assertions.assertElementExists_true_expectedToPass]
################################################################################################################################################
[ReportManager] Loaded Shared OpenCV @27-10-2021 01:52:08.0419 AM
[ReportManager] Assertion [ValidateElementExists] PASSED. Expected [Element Should Exist, locator 'By.xpath: //*[@id='hplogo' or @alt='Google']'] and Actual [Element Exists]. Comparison Type [EQUALS]. Validation Type [POSITIVE]. @27-10-2021 01:52:08.0503 AM
[ReportManager] Successfully created attachment [Screenshot - 1635299528419_assertElementExists_true_expectedToPass_ValidateElementExists_passed] @27-10-2021 01:52:08.0504 A
[ReportManager] Browser Action [CloseCurrentWindow] successfully performed. @27-10-2021 01:52:08.0638 AM
[ReportManager] Successfully created attachment [Browser Action Test Data - CloseCurrentWindow - Actual Value] @27-10-2021 01:52:08.0639 A
[ReportManager] File Action [GetAbsolutePath] successfully performed. With the following test data [Relative Folder Path: "target/downloadedFiles/"]. @27-10-2021 01:52:08.0642 AM
[ReportManager] Attempting to run remotely on: [Linux-64], [GoogleChrome], [http://localhost:4444/wd/hub], Headless Execution. @27-10-2021 01:52:08.0642 AM
[ReportManager] Successfully Opened [GoogleChrome]. @27-10-2021 01:52:12.0476 AM
[ReportManager] Target URL: [https://www.google.com/ncr], and after redirection: [www.google.com] @27-10-2021 01:52:12.0477 AM
[ReportManager] Initial URL: [data:,] @27-10-2021 01:52:12.0573 AM
[ReportManager] Browser Action [NavigateToURL] successfully performed. With the following test data [https://www.google.com/ncr]. @27-10-2021 01:52:14.0292 A

################################################################################################################################################
Starting Execution:	[31 out of 143] test cases in the current suite
Test Method:		[unitTests.tests_validations_assertions.assertElementExists_true_multipleElementsFound_expectedToFail]
################################################################################################################################################
[ReportManager] Assertion [ValidateElementExists] FAILED. Expected [Element Should Exist, locator 'By.xpath: //div'] and Actual [Element Exists but is not unique]. Comparison Type [EQUALS]. Validation Type [POSITIVE]. @27-10-2021 01:52:14.0573 AM
[ReportManager] Successfully created attachment [Screenshot - 1635299534508_assertElementExists_true_multipleElementsFound_expectedToFail_ValidateElementExists_failed] @27-10-2021 01:52:14.0573 A
[ReportManager] Browser Action [CloseCurrentWindow] successfully performed. @27-10-2021 01:52:14.0694 AM
[ReportManager] Successfully created attachment [Browser Action Test Data - CloseCurrentWindow - Actual Value] @27-10-2021 01:52:14.0694 A

################################################################################################################################################
Starting Execution:	[32 out of 143] test cases in the current suite
Test Method:		[unitTests.tests_validations_assertions.assertEquals_false_expectedToFail]
################################################################################################################################################
[ReportManager] Assertion [ValidateEquals] FAILED. Expected [1] and Actual [1]. Comparison Type [EQUALS]. Validation Type [NEGATIVE]. @27-10-2021 01:52:14.0699 A

################################################################################################################################################
Starting Execution:	[33 out of 143] test cases in the current suite
Test Method:		[unitTests.tests_validations_assertions.assertEquals_false_expectedToPass]
################################################################################################################################################
[ReportManager] Assertion [ValidateEquals] PASSED. Expected [1] and Actual [2]. Comparison Type [EQUALS]. Validation Type [NEGATIVE]. @27-10-2021 01:52:14.0704 A

################################################################################################################################################
Starting Execution:	[34 out of 143] test cases in the current suite
Test Method:		[unitTests.tests_validations_assertions.assertEquals_longCharacters]
################################################################################################################################################
[ReportManager] Verification [ValidateEquals] PASSED. Expected and Actual values are attached. Comparison Type [EQUALS]. Validation Type [POSITIVE]. @27-10-2021 01:52:14.0713 AM
[ReportManager] Successfully created attachment [Validation Test Data - Expected Value] @27-10-2021 01:52:14.0713 AM
[ReportManager] Successfully created attachment [Validation Test Data - Actual Value] @27-10-2021 01:52:14.0713 AM
[ReportManager] Assertion [ValidateEquals] PASSED. Expected and Actual values are attached. Comparison Type [EQUALS]. Validation Type [POSITIVE]. @27-10-2021 01:52:14.0713 AM
[ReportManager] Successfully created attachment [Validation Test Data - Expected Value] @27-10-2021 01:52:14.0714 AM
[ReportManager] Successfully created attachment [Validation Test Data - Actual Value] @27-10-2021 01:52:14.0714 A

################################################################################################################################################
Starting Execution:	[35 out of 143] test cases in the current suite
Test Method:		[unitTests.tests_validations_assertions.assertEquals_longCharacters_Discreet]
################################################################################################################################################
[ReportManager] Assertion [ValidateEquals] PASSED. Expected [1LH5pROcDBjjQk0t0mCr0lXuzQu9lcGj28kY8R1H81X67eVAQJgWQhILiRWVPUgZ6uCtK5cnBkF55Jr9vYngjGO1Iyf0Mktv6lruDlL9T8MAUPcUZJGHZtji6nIeadujDSNmWMj5d6C8zlFqw0CRqBU0hO5adIasHgBSNoLotAjce3NGXoDwAlp3rYreeV16VIyZXROQY] and Actual [1LH5pROcDBjjQk0t0mCr0lXuzQu9lcGj28kY8R1H81X67eVAQJgWQhILiRWVPUgZ6uCtK5cnBkF55Jr9vYngjGO1Iyf0Mktv6lruDlL9T8MAUPcUZJGHZtji6nIeadujDSNmWMj5d6C8zlFqw0CRqBU0hO5adIasHgBSNoLotAjce3NGXoDwAlp3rYreeV16VIyZXROQY]. Comparison Type [EQUALS]. Validation Type [POSITIVE]. @27-10-2021 01:52:14.0717 A

################################################################################################################################################
Starting Execution:	[36 out of 143] test cases in the current suite
Test Method:		[unitTests.tests_validations_assertions.assertEquals_true_expectedToFail]
################################################################################################################################################
[ReportManager] Assertion [ValidateEquals] FAILED. Expected [1] and Actual [2]. Comparison Type [EQUALS]. Validation Type [POSITIVE]. @27-10-2021 01:52:14.0721 A

################################################################################################################################################
Starting Execution:	[37 out of 143] test cases in the current suite
Test Method:		[unitTests.tests_validations_assertions.assertEquals_true_expectedToPass]
Test Description:	[Assert that assertEquals works as expected when the two values are equal.]
################################################################################################################################################
[ReportManager] Verification [ValidateEquals] PASSED. Expected [1] and Actual [1]. Comparison Type [EQUALS]. Validation Type [POSITIVE]. @27-10-2021 01:52:14.0742 AM
[ReportManager] Assertion [ValidateEquals] PASSED. Expected [1] and Actual [1]. Comparison Type [EQUALS]. Validation Type [POSITIVE]. @27-10-2021 01:52:14.0744 A

################################################################################################################################################
Starting Execution:	[38 out of 143] test cases in the current suite
Test Method:		[unitTests.tests_validations_assertions.assertEquals_true_expectedToPass__]
################################################################################################################################################
[ReportManager] Assertion [ValidateEquals] PASSED. Expected [1] and Actual [1]. Comparison Type [EQUALS]. Validation Type [POSITIVE]. @27-10-2021 01:52:14.0749 A

################################################################################################################################################
Starting Execution:	[39 out of 143] test cases in the current suite
Test Method:		[unitTests.tests_validations_assertions.assertFileExists_false_expectedToFail]
################################################################################################################################################
[ReportManager] File Action [DoesFileExist] successfully performed. With the following test data [File Path: "src/main/java/com/shaft/gui/element/ElementActions.java"]. @27-10-2021 01:52:14.0753 AM
[ReportManager] Assertion [ValidateFileExists] FAILED. Expected [File 'src/main/java/com/shaft/gui/element/ElementActions.java' should not exist, after up to '1' retries] and Actual [File exists]. Validation Type [NEGATIVE]. @27-10-2021 01:52:14.0759 A

################################################################################################################################################
Starting Execution:	[40 out of 143] test cases in the current suite
Test Method:		[unitTests.tests_validations_assertions.assertFileExists_false_expectedToPass]
################################################################################################################################################
[ReportManager] File Action [DoesFileExist] successfully performed. With the following test data [File Path: "src/main/java/com/shaft/gui/element/ElementActions.java_fail"]. @27-10-2021 01:52:15.0264 AM
[ReportManager] Assertion [ValidateFileExists] PASSED. Expected [File 'src/main/java/com/shaft/gui/element/ElementActions.java_fail' should not exist, after up to '1' retries] and Actual [File does not exist]. Validation Type [NEGATIVE]. @27-10-2021 01:52:15.0264 A

################################################################################################################################################
Starting Execution:	[41 out of 143] test cases in the current suite
Test Method:		[unitTests.tests_validations_assertions.assertFileExists_true_expectedToFail]
################################################################################################################################################
[ReportManager] File Action [DoesFileExist] successfully performed. With the following test data [File Path: "src/main/java/com/shaft/gui/element/ElementActions.java_fail"]. @27-10-2021 01:52:15.0769 AM
[ReportManager] Assertion [ValidateFileExists] FAILED. Expected [File 'src/main/java/com/shaft/gui/element/ElementActions.java_fail' should exist, after up to '1' retries] and Actual [File does not exist]. Validation Type [POSITIVE]. @27-10-2021 01:52:15.0769 A

################################################################################################################################################
Starting Execution:	[42 out of 143] test cases in the current suite
Test Method:		[unitTests.tests_validations_assertions.assertFileExists_true_expectedToPass]
################################################################################################################################################
[ReportManager] File Action [DoesFileExist] successfully performed. With the following test data [File Path: "src/main/java/com/shaft/gui/element/ElementActions.java"]. @27-10-2021 01:52:15.0773 AM
[ReportManager] Assertion [ValidateFileExists] PASSED. Expected [File 'src/main/java/com/shaft/gui/element/ElementActions.java' should exist, after up to '1' retries] and Actual [File exists]. Validation Type [POSITIVE]. @27-10-2021 01:52:15.0774 A

################################################################################################################################################
Starting Execution:	[43 out of 143] test cases in the current suite
Test Method:		[unitTests.tests_validations_assertions.assertNull_false_expectedToFail]
################################################################################################################################################
[ReportManager] Assertion [ValidateNull] FAILED. Expected [NULL] and Actual [NULL]. Comparison Type [EQUALS]. Validation Type [NEGATIVE]. @27-10-2021 01:52:15.0776 A

################################################################################################################################################
Starting Execution:	[44 out of 143] test cases in the current suite
Test Method:		[unitTests.tests_validations_assertions.assertNull_false_expectedToPass]
################################################################################################################################################
[ReportManager] Assertion [ValidateNull] PASSED. Expected [NULL] and Actual [1]. Comparison Type [EQUALS]. Validation Type [NEGATIVE]. @27-10-2021 01:52:15.0779 A

################################################################################################################################################
Starting Execution:	[45 out of 143] test cases in the current suite
Test Method:		[unitTests.tests_validations_assertions.assertNull_true_expectedToFail]
################################################################################################################################################
[ReportManager] Assertion [ValidateNull] FAILED. Expected [NULL] and Actual [1]. Comparison Type [EQUALS]. Validation Type [POSITIVE]. @27-10-2021 01:52:15.0783 A

################################################################################################################################################
Starting Execution:	[46 out of 143] test cases in the current suite
Test Method:		[unitTests.tests_validations_assertions.assertNull_true_expectedToPass]
################################################################################################################################################
[ReportManager] Assertion [ValidateNull] PASSED. Expected [NULL] and Actual [NULL]. Comparison Type [EQUALS]. Validation Type [POSITIVE]. @27-10-2021 01:52:15.0785 A

################################################################################################################################################
Starting Execution:	[47 out of 143] test cases in the current suite
Test Method:		[unitTests.tests_restActions.getPostsAndAssertBodyForSpecificTitle]
################################################################################################################################################
[ReportManager] Response status code: [200], status line: [HTTP/1.1 200 OK] @27-10-2021 01:52:18.0138 AM
[ReportManager] Assertion Passed: Evaluating the actual response status code against the expected one... @27-10-2021 01:52:18.0139 AM
[ReportManager] Assertion [ValidateEquals] PASSED. Expected [200] and Actual [200]. Comparison Type [EQUALS]. Validation Type [POSITIVE]. @27-10-2021 01:52:18.0139 AM
[ReportManager] API Action [PerformRequest] successfully performed. With the following test data [Request Type: "GET" | Target Status Code: "200" | Service URL: "https://jsonplaceholder.typicode.com/posts" | Content Type: "*/*" | Response Time: "751ms"]. @27-10-2021 01:52:19.0512 AM
[ReportManager] Successfully created attachment [API Request - Specifications] @27-10-2021 01:52:19.0514 AM
[ReportManager] Successfully created attachment [API Response - JSON Body] @27-10-2021 01:52:19.0825 AM
[ReportManager] API Action [GetResponseJSONValueAsList] successfully performed. @27-10-2021 01:52:19.0850 AM
[ReportManager] API Action [GetResponseJSONValue] successfully performed. With the following test data [title]. @27-10-2021 01:52:19.0878 AM
[ReportManager] API Action [GetResponseJSONValue] successfully performed. With the following test data [title]. @27-10-2021 01:52:19.0896 AM
[ReportManager] API Action [GetResponseJSONValue] successfully performed. With the following test data [body]. @27-10-2021 01:52:19.0914 AM
[ReportManager] Assertion [ValidateEquals] PASSED. Expected [qui neque nisi nulla] and Actual [est rerum tempore vitae
sequi sint nihil reprehenderit dolor beatae ea dolores neque
fugiat blanditiis voluptate porro vel nihil molestiae ut reiciendis
qui aperiam non debitis possimus qui neque nisi nulla]. Comparison Type [CONTAINS]. Validation Type [POSITIVE]. @27-10-2021 01:52:19.0915 AM
[ReportManager] API Action [GetResponseJSONValue] successfully performed. With the following test data [title]. @27-10-2021 01:52:19.0932 AM
[ReportManager] API Action [GetResponseJSONValue] successfully performed. With the following test data [title]. @27-10-2021 01:52:19.0947 AM
[ReportManager] API Action [GetResponseJSONValue] successfully performed. With the following test data [title]. @27-10-2021 01:52:19.0960 AM
[ReportManager] API Action [GetResponseJSONValue] successfully performed. With the following test data [title]. @27-10-2021 01:52:19.0975 AM
[ReportManager] API Action [GetResponseJSONValue] successfully performed. With the following test data [title]. @27-10-2021 01:52:19.0990 AM
[ReportManager] API Action [GetResponseJSONValue] successfully performed. With the following test data [title]. @27-10-2021 01:52:20.0006 AM
[ReportManager] API Action [GetResponseJSONValue] successfully performed. With the following test data [title]. @27-10-2021 01:52:20.0027 AM
[ReportManager] API Action [GetResponseJSONValue] successfully performed. With the following test data [title]. @27-10-2021 01:52:20.0043 AM
[ReportManager] API Action [GetResponseJSONValue] successfully performed. With the following test data [title]. @27-10-2021 01:52:20.0059 AM
[ReportManager] API Action [GetResponseJSONValue] successfully performed. With the following test data [title]. @27-10-2021 01:52:20.0075 AM
[ReportManager] API Action [GetResponseJSONValue] successfully performed. With the following test data [title]. @27-10-2021 01:52:20.0092 AM
[ReportManager] API Action [GetResponseJSONValue] successfully performed. With the following test data [title]. @27-10-2021 01:52:20.0108 AM
[ReportManager] API Action [GetResponseJSONValue] successfully performed. With the following test data [title]. @27-10-2021 01:52:20.0128 AM
[ReportManager] API Action [GetResponseJSONValue] successfully performed. With the following test data [title]. @27-10-2021 01:52:20.0146 AM
[ReportManager] API Action [GetResponseJSONValue] successfully performed. With the following test data [title]. @27-10-2021 01:52:20.0168 AM
[ReportManager] API Action [GetResponseJSONValue] successfully performed. With the following test data [title]. @27-10-2021 01:52:20.0183 AM
[ReportManager] API Action [GetResponseJSONValue] successfully performed. With the following test data [title]. @27-10-2021 01:52:20.0198 AM
[ReportManager] API Action [GetResponseJSONValue] successfully performed. With the following test data [title]. @27-10-2021 01:52:20.0212 AM
[ReportManager] API Action [GetResponseJSONValue] successfully performed. With the following test data [title]. @27-10-2021 01:52:20.0235 AM
[ReportManager] API Action [GetResponseJSONValue] successfully performed. With the following test data [title]. @27-10-2021 01:52:20.0250 AM
[ReportManager] API Action [GetResponseJSONValue] successfully performed. With the following test data [title]. @27-10-2021 01:52:20.0272 AM
[ReportManager] API Action [GetResponseJSONValue] successfully performed. With the following test data [title]. @27-10-2021 01:52:20.0288 AM
[ReportManager] API Action [GetResponseJSONValue] successfully performed. With the following test data [title]. @27-10-2021 01:52:20.0304 AM
[ReportManager] API Action [GetResponseJSONValue] successfully performed. With the following test data [title]. @27-10-2021 01:52:20.0319 AM
[ReportManager] API Action [GetResponseJSONValue] successfully performed. With the following test data [title]. @27-10-2021 01:52:20.0333 AM
[ReportManager] API Action [GetResponseJSONValue] successfully performed. With the following test data [title]. @27-10-2021 01:52:20.0350 AM
[ReportManager] API Action [GetResponseJSONValue] successfully performed. With the following test data [title]. @27-10-2021 01:52:20.0366 AM
[ReportManager] API Action [GetResponseJSONValue] successfully performed. With the following test data [title]. @27-10-2021 01:52:20.0379 AM
[ReportManager] API Action [GetResponseJSONValue] successfully performed. With the following test data [title]. @27-10-2021 01:52:20.0391 AM
[ReportManager] API Action [GetResponseJSONValue] successfully performed. With the following test data [title]. @27-10-2021 01:52:20.0403 AM
[ReportManager] API Action [GetResponseJSONValue] successfully performed. With the following test data [title]. @27-10-2021 01:52:20.0414 AM
[ReportManager] API Action [GetResponseJSONValue] successfully performed. With the following test data [title]. @27-10-2021 01:52:20.0427 AM
[ReportManager] API Action [GetResponseJSONValue] successfully performed. With the following test data [title]. @27-10-2021 01:52:20.0442 AM
[ReportManager] API Action [GetResponseJSONValue] successfully performed. With the following test data [title]. @27-10-2021 01:52:20.0462 AM
[ReportManager] API Action [GetResponseJSONValue] successfully performed. With the following test data [title]. @27-10-2021 01:52:20.0476 AM
[ReportManager] API Action [GetResponseJSONValue] successfully performed. With the following test data [title]. @27-10-2021 01:52:20.0487 AM
[ReportManager] API Action [GetResponseJSONValue] successfully performed. With the following test data [title]. @27-10-2021 01:52:20.0498 AM
[ReportManager] API Action [GetResponseJSONValue] successfully performed. With the following test data [title]. @27-10-2021 01:52:20.0510 AM
[ReportManager] API Action [GetResponseJSONValue] successfully performed. With the following test data [title]. @27-10-2021 01:52:20.0522 AM
[ReportManager] API Action [GetResponseJSONValue] successfully performed. With the following test data [title]. @27-10-2021 01:52:20.0533 AM
[ReportManager] API Action [GetResponseJSONValue] successfully performed. With the following test data [title]. @27-10-2021 01:52:20.0546 AM
[ReportManager] API Action [GetResponseJSONValue] successfully performed. With the following test data [title]. @27-10-2021 01:52:20.0562 AM
[ReportManager] API Action [GetResponseJSONValue] successfully performed. With the following test data [title]. @27-10-2021 01:52:20.0574 AM
[ReportManager] API Action [GetResponseJSONValue] successfully performed. With the following test data [title]. @27-10-2021 01:52:20.0586 AM
[ReportManager] API Action [GetResponseJSONValue] successfully performed. With the following test data [title]. @27-10-2021 01:52:20.0599 AM
[ReportManager] API Action [GetResponseJSONValue] successfully performed. With the following test data [title]. @27-10-2021 01:52:20.0610 AM
[ReportManager] API Action [GetResponseJSONValue] successfully performed. With the following test data [title]. @27-10-2021 01:52:20.0623 AM
[ReportManager] API Action [GetResponseJSONValue] successfully performed. With the following test data [title]. @27-10-2021 01:52:20.0636 AM
[ReportManager] API Action [GetResponseJSONValue] successfully performed. With the following test data [title]. @27-10-2021 01:52:20.0649 AM
[ReportManager] API Action [GetResponseJSONValue] successfully performed. With the following test data [title]. @27-10-2021 01:52:20.0665 AM
[ReportManager] API Action [GetResponseJSONValue] successfully performed. With the following test data [title]. @27-10-2021 01:52:20.0677 AM
[ReportManager] API Action [GetResponseJSONValue] successfully performed. With the following test data [title]. @27-10-2021 01:52:20.0688 AM
[ReportManager] API Action [GetResponseJSONValue] successfully performed. With the following test data [title]. @27-10-2021 01:52:20.0699 AM
[ReportManager] API Action [GetResponseJSONValue] successfully performed. With the following test data [title]. @27-10-2021 01:52:20.0711 AM
[ReportManager] API Action [GetResponseJSONValue] successfully performed. With the following test data [title]. @27-10-2021 01:52:20.0723 AM
[ReportManager] API Action [GetResponseJSONValue] successfully performed. With the following test data [title]. @27-10-2021 01:52:20.0736 AM
[ReportManager] API Action [GetResponseJSONValue] successfully performed. With the following test data [title]. @27-10-2021 01:52:20.0747 AM
[ReportManager] API Action [GetResponseJSONValue] successfully performed. With the following test data [title]. @27-10-2021 01:52:20.0761 AM
[ReportManager] API Action [GetResponseJSONValue] successfully performed. With the following test data [title]. @27-10-2021 01:52:20.0779 AM
[ReportManager] API Action [GetResponseJSONValue] successfully performed. With the following test data [title]. @27-10-2021 01:52:20.0809 AM
[ReportManager] API Action [GetResponseJSONValue] successfully performed. With the following test data [title]. @27-10-2021 01:52:20.0822 AM
[ReportManager] API Action [GetResponseJSONValue] successfully performed. With the following test data [title]. @27-10-2021 01:52:20.0834 AM
[ReportManager] API Action [GetResponseJSONValue] successfully performed. With the following test data [title]. @27-10-2021 01:52:20.0845 AM
[ReportManager] API Action [GetResponseJSONValue] successfully performed. With the following test data [title]. @27-10-2021 01:52:20.0859 AM
[ReportManager] API Action [GetResponseJSONValue] successfully performed. With the following test data [title]. @27-10-2021 01:52:20.0872 AM
[ReportManager] API Action [GetResponseJSONValue] successfully performed. With the following test data [title]. @27-10-2021 01:52:20.0884 AM
[ReportManager] API Action [GetResponseJSONValue] successfully performed. With the following test data [title]. @27-10-2021 01:52:20.0895 AM
[ReportManager] API Action [GetResponseJSONValue] successfully performed. With the following test data [title]. @27-10-2021 01:52:20.0908 AM
[ReportManager] API Action [GetResponseJSONValue] successfully performed. With the following test data [title]. @27-10-2021 01:52:20.0921 AM
[ReportManager] API Action [GetResponseJSONValue] successfully performed. With the following test data [title]. @27-10-2021 01:52:20.0937 AM
[ReportManager] API Action [GetResponseJSONValue] successfully performed. With the following test data [title]. @27-10-2021 01:52:20.0952 AM
[ReportManager] API Action [GetResponseJSONValue] successfully performed. With the following test data [title]. @27-10-2021 01:52:20.0965 AM
[ReportManager] API Action [GetResponseJSONValue] successfully performed. With the following test data [title]. @27-10-2021 01:52:20.0976 AM
[ReportManager] API Action [GetResponseJSONValue] successfully performed. With the following test data [title]. @27-10-2021 01:52:20.0988 AM
[ReportManager] API Action [GetResponseJSONValue] successfully performed. With the following test data [title]. @27-10-2021 01:52:20.0998 AM
[ReportManager] API Action [GetResponseJSONValue] successfully performed. With the following test data [title]. @27-10-2021 01:52:21.0008 AM
[ReportManager] API Action [GetResponseJSONValue] successfully performed. With the following test data [title]. @27-10-2021 01:52:21.0019 AM
[ReportManager] API Action [GetResponseJSONValue] successfully performed. With the following test data [title]. @27-10-2021 01:52:21.0029 AM
[ReportManager] API Action [GetResponseJSONValue] successfully performed. With the following test data [title]. @27-10-2021 01:52:21.0038 AM
[ReportManager] API Action [GetResponseJSONValue] successfully performed. With the following test data [title]. @27-10-2021 01:52:21.0066 AM
[ReportManager] API Action [GetResponseJSONValue] successfully performed. With the following test data [title]. @27-10-2021 01:52:21.0081 AM
[ReportManager] API Action [GetResponseJSONValue] successfully performed. With the following test data [title]. @27-10-2021 01:52:21.0095 AM
[ReportManager] API Action [GetResponseJSONValue] successfully performed. With the following test data [title]. @27-10-2021 01:52:21.0110 AM
[ReportManager] API Action [GetResponseJSONValue] successfully performed. With the following test data [title]. @27-10-2021 01:52:21.0131 AM
[ReportManager] API Action [GetResponseJSONValue] successfully performed. With the following test data [title]. @27-10-2021 01:52:21.0143 AM
[ReportManager] API Action [GetResponseJSONValue] successfully performed. With the following test data [title]. @27-10-2021 01:52:21.0156 AM
[ReportManager] API Action [GetResponseJSONValue] successfully performed. With the following test data [title]. @27-10-2021 01:52:21.0255 AM
[ReportManager] API Action [GetResponseJSONValue] successfully performed. With the following test data [title]. @27-10-2021 01:52:21.0269 AM
[ReportManager] API Action [GetResponseJSONValue] successfully performed. With the following test data [title]. @27-10-2021 01:52:21.0280 AM
[ReportManager] API Action [GetResponseJSONValue] successfully performed. With the following test data [title]. @27-10-2021 01:52:21.0291 AM
[ReportManager] API Action [GetResponseJSONValue] successfully performed. With the following test data [title]. @27-10-2021 01:52:21.0303 AM
[ReportManager] API Action [GetResponseJSONValue] successfully performed. With the following test data [title]. @27-10-2021 01:52:21.0314 AM
[ReportManager] API Action [GetResponseJSONValue] successfully performed. With the following test data [title]. @27-10-2021 01:52:21.0325 AM
[ReportManager] API Action [GetResponseJSONValue] successfully performed. With the following test data [title]. @27-10-2021 01:52:21.0335 AM
[ReportManager] API Action [GetResponseJSONValue] successfully performed. With the following test data [title]. @27-10-2021 01:52:21.0345 AM
[ReportManager] API Action [GetResponseJSONValue] successfully performed. With the following test data [title]. @27-10-2021 01:52:21.0357 AM
[ReportManager] API Action [GetResponseJSONValue] successfully performed. With the following test data [title]. @27-10-2021 01:52:21.0371 AM
[ReportManager] API Action [GetResponseJSONValue] successfully performed. With the following test data [title]. @27-10-2021 01:52:21.0382 A

################################################################################################################################################
Starting Execution:	[48 out of 143] test cases in the current suite
Test Method:		[unitTests.tests_restActions.validateUserEmail]
################################################################################################################################################
[ReportManager] Response status code: [200], status line: [HTTP/1.1 200 OK] @27-10-2021 01:52:21.0474 AM
[ReportManager] Assertion Passed: Evaluating the actual response status code against the expected one... @27-10-2021 01:52:21.0475 AM
[ReportManager] Assertion [ValidateEquals] PASSED. Expected [200] and Actual [200]. Comparison Type [EQUALS]. Validation Type [POSITIVE]. @27-10-2021 01:52:21.0475 AM
[ReportManager] API Action [PerformRequest] successfully performed. With the following test data [Request Type: "GET" | Target Status Code: "200" | Service URL: "https://jsonplaceholder.typicode.com/users" | Content Type: "*/*" | Response Time: "70ms"]. @27-10-2021 01:52:21.0494 AM
[ReportManager] Successfully created attachment [API Request - Specifications] @27-10-2021 01:52:21.0495 AM
[ReportManager] Successfully created attachment [API Response - JSON Body] @27-10-2021 01:52:21.0495 AM
[ReportManager] Assertion [ValidateEquals] PASSED. Expected and Actual values are attached. Comparison Type [CONTAINS]. Validation Type [POSITIVE]. @27-10-2021 01:52:21.0496 AM
[ReportManager] Successfully created attachment [Validation Test Data - Expected Value] @27-10-2021 01:52:21.0496 AM
[ReportManager] Successfully created attachment [Validation Test Data - Actual Value] @27-10-2021 01:52:21.0496 AM
[ReportManager] API Action [GetResponseJSONValueAsList] successfully performed. With the following test data [$]. @27-10-2021 01:52:21.0502 AM
[ReportManager] API Action [GetResponseJSONValue] successfully performed. With the following test data [name]. @27-10-2021 01:52:21.0516 AM
[ReportManager] API Action [GetResponseJSONValue] successfully performed. With the following test data [email]. @27-10-2021 01:52:21.0528 AM
[ReportManager] Assertion [ValidateEquals] PASSED. Expected [Sincere@april.biz] and Actual [Sincere@april.biz]. Comparison Type [EQUALS]. Validation Type [POSITIVE]. @27-10-2021 01:52:21.0528 AM
[ReportManager] API Action [GetResponseJSONValue] successfully performed. With the following test data [name]. @27-10-2021 01:52:21.0538 AM
[ReportManager] API Action [GetResponseJSONValue] successfully performed. With the following test data [name]. @27-10-2021 01:52:21.0549 AM
[ReportManager] API Action [GetResponseJSONValue] successfully performed. With the following test data [name]. @27-10-2021 01:52:21.0561 AM
[ReportManager] API Action [GetResponseJSONValue] successfully performed. With the following test data [name]. @27-10-2021 01:52:21.0573 AM
[ReportManager] API Action [GetResponseJSONValue] successfully performed. With the following test data [name]. @27-10-2021 01:52:21.0586 AM
[ReportManager] API Action [GetResponseJSONValue] successfully performed. With the following test data [name]. @27-10-2021 01:52:21.0599 AM
[ReportManager] API Action [GetResponseJSONValue] successfully performed. With the following test data [name]. @27-10-2021 01:52:21.0611 AM
[ReportManager] API Action [GetResponseJSONValue] successfully performed. With the following test data [name]. @27-10-2021 01:52:21.0624 AM
[ReportManager] API Action [GetResponseJSONValue] successfully performed. With the following test data [name]. @27-10-2021 01:52:21.0634 A
[ReportManager] File Action [GetAbsolutePath] successfully performed. With the following test data [Relative Folder Path: "target/downloadedFiles/"]. @27-10-2021 01:52:21.0637 AM
[ReportManager] Attempting to run remotely on: [Linux-64], [GoogleChrome], [http://localhost:4444/wd/hub], Headless Execution. @27-10-2021 01:52:21.0644 AM
[ReportManager] Successfully Opened [GoogleChrome]. @27-10-2021 01:52:22.0504 AM
[ReportManager] Target URL: [https://duckduckgo.com] @27-10-2021 01:52:22.0504 AM
[ReportManager] Initial URL: [data:,] @27-10-2021 01:52:22.0566 AM
[ReportManager] Browser Action [NavigateToURL] successfully performed. With the following test data [https://duckduckgo.com]. @27-10-2021 01:52:23.0364 A

################################################################################################################################################
Starting Execution:	[49 out of 143] test cases in the current suite
Test Method:		[unitTests.tests_browserActions.fullScreenWindow]
################################################################################################################################################
[ReportManager] Initial Windows Size: 800x600 @27-10-2021 01:52:23.0394 AM
[ReportManager] Initial window size: (800, 600) @27-10-2021 01:52:23.0400 AM
[ReportManager] Window size after Toolkit: (1920, 1080) @27-10-2021 01:52:23.0639 AM
[ReportManager] Browser Action [MaximizeWindow] successfully performed. With the following test data [New screen size is now: (1920, 1080)]. @27-10-2021 01:52:23.0644 AM
[ReportManager] Current Windows Size after fullScreen: 1920x1080 @27-10-2021 01:52:23.0680 AM
[ReportManager] Browser Action [FullScreenWindow] successfully performed. @27-10-2021 01:52:23.0717 AM
[ReportManager] Successfully created attachment [Browser Action Test Data - FullScreenWindow - Actual Value] @27-10-2021 01:52:23.0726 A
[ReportManager] Target URL: [https://duckduckgo.com] @27-10-2021 01:52:23.0733 AM
[ReportManager] Initial URL: [https://duckduckgo.com] @27-10-2021 01:52:23.0803 AM
[ReportManager] Browser Action [NavigateToURL] successfully performed. With the following test data [https://duckduckgo.com]. @27-10-2021 01:52:24.0242 AM
[ReportManager] Browser Action [CloseCurrentWindow] successfully performed. @27-10-2021 01:52:24.0387 AM
[ReportManager] Successfully created attachment [Browser Action Test Data - CloseCurrentWindow - Actual Value] @27-10-2021 01:52:24.0407 A
[ReportManager] File Action [GetAbsolutePath] successfully performed. With the following test data [Relative Folder Path: "target/downloadedFiles/"]. @27-10-2021 01:52:24.0412 AM
[ReportManager] Attempting to run remotely on: [Linux-64], [GoogleChrome], [http://localhost:4444/wd/hub], Headless Execution. @27-10-2021 01:52:24.0412 AM
[ReportManager] Successfully Opened [GoogleChrome]. @27-10-2021 01:52:27.0390 AM
[ReportManager] Target URL: [https://duckduckgo.com] @27-10-2021 01:52:27.0391 AM
[ReportManager] Initial URL: [data:,] @27-10-2021 01:52:27.0476 AM
[ReportManager] Browser Action [NavigateToURL] successfully performed. With the following test data [https://duckduckgo.com]. @27-10-2021 01:52:28.0149 A

################################################################################################################################################
Starting Execution:	[50 out of 143] test cases in the current suite
Test Method:		[unitTests.tests_browserActions.getCurrentURL]
################################################################################################################################################
[ReportManager] Browser Action [GetCurrentURL] successfully performed. With the following test data [https://duckduckgo.com/]. @27-10-2021 01:52:28.0229 A
[ReportManager] Target URL: [https://duckduckgo.com] @27-10-2021 01:52:28.0234 AM
[ReportManager] Initial URL: [https://duckduckgo.com] @27-10-2021 01:52:28.0325 AM
[ReportManager] Browser Action [NavigateToURL] successfully performed. With the following test data [https://duckduckgo.com]. @27-10-2021 01:52:28.0731 AM
[ReportManager] Browser Action [CloseCurrentWindow] successfully performed. @27-10-2021 01:52:28.0864 AM
[ReportManager] Successfully created attachment [Browser Action Test Data - CloseCurrentWindow - Actual Value] @27-10-2021 01:52:28.0865 A
[ReportManager] File Action [GetAbsolutePath] successfully performed. With the following test data [Relative Folder Path: "target/downloadedFiles/"]. @27-10-2021 01:52:28.0868 AM
[ReportManager] Attempting to run remotely on: [Linux-64], [GoogleChrome], [http://localhost:4444/wd/hub], Headless Execution. @27-10-2021 01:52:28.0868 AM
[ReportManager] Successfully Opened [GoogleChrome]. @27-10-2021 01:52:32.0371 AM
[ReportManager] Target URL: [https://duckduckgo.com] @27-10-2021 01:52:32.0371 AM
[ReportManager] Initial URL: [data:,] @27-10-2021 01:52:32.0455 AM
[ReportManager] Browser Action [NavigateToURL] successfully performed. With the following test data [https://duckduckgo.com]. @27-10-2021 01:52:33.0029 A

################################################################################################################################################
Starting Execution:	[51 out of 143] test cases in the current suite
Test Method:		[unitTests.tests_browserActions.getCurrentWindowTitle]
################################################################################################################################################
[ReportManager] Browser Action [GetCurrentWindowTitle] successfully performed. With the following test data [DuckDuckGo  Privacy, simplified.]. @27-10-2021 01:52:33.0103 A
[ReportManager] Target URL: [https://duckduckgo.com] @27-10-2021 01:52:33.0108 AM
[ReportManager] Initial URL: [https://duckduckgo.com] @27-10-2021 01:52:33.0162 AM
[ReportManager] Browser Action [NavigateToURL] successfully performed. With the following test data [https://duckduckgo.com]. @27-10-2021 01:52:33.0545 AM
[ReportManager] Browser Action [CloseCurrentWindow] successfully performed. @27-10-2021 01:52:33.0673 AM
[ReportManager] Successfully created attachment [Browser Action Test Data - CloseCurrentWindow - Actual Value] @27-10-2021 01:52:33.0674 A
[ReportManager] File Action [GetAbsolutePath] successfully performed. With the following test data [Relative Folder Path: "target/downloadedFiles/"]. @27-10-2021 01:52:33.0677 AM
[ReportManager] Attempting to run remotely on: [Linux-64], [GoogleChrome], [http://localhost:4444/wd/hub], Headless Execution. @27-10-2021 01:52:33.0677 AM
[ReportManager] Successfully Opened [GoogleChrome]. @27-10-2021 01:52:37.0364 AM
[ReportManager] Target URL: [https://duckduckgo.com] @27-10-2021 01:52:37.0364 AM
[ReportManager] Initial URL: [data:,] @27-10-2021 01:52:37.0448 AM
[ReportManager] Browser Action [NavigateToURL] successfully performed. With the following test data [https://duckduckgo.com]. @27-10-2021 01:52:38.0020 A

################################################################################################################################################
Starting Execution:	[52 out of 143] test cases in the current suite
Test Method:		[unitTests.tests_browserActions.getPageSource]
################################################################################################################################################
[ReportManager] Browser Action [GetPageSource] successfully performed. @27-10-2021 01:52:38.0081 AM
[ReportManager] Successfully created attachment [Browser Action Test Data - GetPageSource - Actual Value] @27-10-2021 01:52:38.0082 A
[ReportManager] Target URL: [https://duckduckgo.com] @27-10-2021 01:52:38.0086 AM
[ReportManager] Initial URL: [https://duckduckgo.com] @27-10-2021 01:52:38.0174 AM
[ReportManager] Browser Action [NavigateToURL] successfully performed. With the following test data [https://duckduckgo.com]. @27-10-2021 01:52:38.0520 AM
[ReportManager] Browser Action [CloseCurrentWindow] successfully performed. @27-10-2021 01:52:38.0657 AM
[ReportManager] Successfully created attachment [Browser Action Test Data - CloseCurrentWindow - Actual Value] @27-10-2021 01:52:38.0658 A
[ReportManager] File Action [GetAbsolutePath] successfully performed. With the following test data [Relative Folder Path: "target/downloadedFiles/"]. @27-10-2021 01:52:38.0666 AM
[ReportManager] Attempting to run remotely on: [Linux-64], [GoogleChrome], [http://localhost:4444/wd/hub], Headless Execution. @27-10-2021 01:52:38.0670 AM
[ReportManager] Successfully Opened [GoogleChrome]. @27-10-2021 01:52:42.0568 AM
[ReportManager] Target URL: [https://duckduckgo.com] @27-10-2021 01:52:42.0569 AM
[ReportManager] Initial URL: [data:,] @27-10-2021 01:52:42.0642 AM
[ReportManager] Browser Action [NavigateToURL] successfully performed. With the following test data [https://duckduckgo.com]. @27-10-2021 01:52:43.0222 A

################################################################################################################################################
Starting Execution:	[53 out of 143] test cases in the current suite
Test Method:		[unitTests.tests_browserActions.getWindowHandle]
################################################################################################################################################
[ReportManager] Browser Action [GetWindowHandle] successfully performed. With the following test data [CDwindow-BD20D1B474940B2BBCCFFE96B90C1E84]. @27-10-2021 01:52:43.0336 A
[ReportManager] Target URL: [https://duckduckgo.com] @27-10-2021 01:52:43.0340 AM
[ReportManager] Initial URL: [https://duckduckgo.com] @27-10-2021 01:52:43.0433 AM
[ReportManager] Browser Action [NavigateToURL] successfully performed. With the following test data [https://duckduckgo.com]. @27-10-2021 01:52:43.0800 AM
[ReportManager] Browser Action [CloseCurrentWindow] successfully performed. @27-10-2021 01:52:43.0922 AM
[ReportManager] Successfully created attachment [Browser Action Test Data - CloseCurrentWindow - Actual Value] @27-10-2021 01:52:43.0922 A
[ReportManager] File Action [GetAbsolutePath] successfully performed. With the following test data [Relative Folder Path: "target/downloadedFiles/"]. @27-10-2021 01:52:43.0926 AM
[ReportManager] Attempting to run remotely on: [Linux-64], [GoogleChrome], [http://localhost:4444/wd/hub], Headless Execution. @27-10-2021 01:52:43.0926 AM
[ReportManager] Successfully Opened [GoogleChrome]. @27-10-2021 01:52:47.0373 AM
[ReportManager] Target URL: [https://duckduckgo.com] @27-10-2021 01:52:47.0373 AM
[ReportManager] Initial URL: [data:,] @27-10-2021 01:52:47.0460 AM
[ReportManager] Browser Action [NavigateToURL] successfully performed. With the following test data [https://duckduckgo.com]. @27-10-2021 01:52:48.0009 A

################################################################################################################################################
Starting Execution:	[54 out of 143] test cases in the current suite
Test Method:		[unitTests.tests_browserActions.getWindowPosition]
################################################################################################################################################
[ReportManager] Browser Action [GetWindowPosition] successfully performed. With the following test data [(0, 0)]. @27-10-2021 01:52:48.0063 A
[ReportManager] Target URL: [https://duckduckgo.com] @27-10-2021 01:52:48.0064 AM
[ReportManager] Initial URL: [https://duckduckgo.com] @27-10-2021 01:52:48.0147 AM
[ReportManager] Browser Action [NavigateToURL] successfully performed. With the following test data [https://duckduckgo.com]. @27-10-2021 01:52:48.0591 AM
[ReportManager] Browser Action [CloseCurrentWindow] successfully performed. @27-10-2021 01:52:48.0800 AM
[ReportManager] Successfully created attachment [Browser Action Test Data - CloseCurrentWindow - Actual Value] @27-10-2021 01:52:48.0800 A
[ReportManager] File Action [GetAbsolutePath] successfully performed. With the following test data [Relative Folder Path: "target/downloadedFiles/"]. @27-10-2021 01:52:48.0803 AM
[ReportManager] Attempting to run remotely on: [Linux-64], [GoogleChrome], [http://localhost:4444/wd/hub], Headless Execution. @27-10-2021 01:52:48.0803 AM
[ReportManager] Successfully Opened [GoogleChrome]. @27-10-2021 01:52:52.0382 AM
[ReportManager] Target URL: [https://duckduckgo.com] @27-10-2021 01:52:52.0382 AM
[ReportManager] Initial URL: [data:,] @27-10-2021 01:52:52.0488 AM
[ReportManager] Browser Action [NavigateToURL] successfully performed. With the following test data [https://duckduckgo.com]. @27-10-2021 01:52:53.0049 A

################################################################################################################################################
Starting Execution:	[55 out of 143] test cases in the current suite
Test Method:		[unitTests.tests_browserActions.getWindowSize]
################################################################################################################################################
[ReportManager] Browser Action [GetWindowSize] successfully performed. With the following test data [(800, 600)]. @27-10-2021 01:52:53.0129 A
[ReportManager] Target URL: [https://duckduckgo.com] @27-10-2021 01:52:53.0132 AM
[ReportManager] Initial URL: [https://duckduckgo.com] @27-10-2021 01:52:53.0184 AM
[ReportManager] Browser Action [NavigateToURL] successfully performed. With the following test data [https://duckduckgo.com]. @27-10-2021 01:52:53.0556 AM
[ReportManager] Browser Action [CloseCurrentWindow] successfully performed. @27-10-2021 01:52:53.0792 AM
[ReportManager] Successfully created attachment [Browser Action Test Data - CloseCurrentWindow - Actual Value] @27-10-2021 01:52:53.0792 A
[ReportManager] File Action [GetAbsolutePath] successfully performed. With the following test data [Relative Folder Path: "target/downloadedFiles/"]. @27-10-2021 01:52:53.0794 AM
[ReportManager] Attempting to run remotely on: [Linux-64], [GoogleChrome], [http://localhost:4444/wd/hub], Headless Execution. @27-10-2021 01:52:53.0795 AM
[ReportManager] Successfully Opened [GoogleChrome]. @27-10-2021 01:52:57.0352 AM
[ReportManager] Target URL: [https://duckduckgo.com] @27-10-2021 01:52:57.0352 AM
[ReportManager] Initial URL: [data:,] @27-10-2021 01:52:57.0430 AM
[ReportManager] Browser Action [NavigateToURL] successfully performed. With the following test data [https://duckduckgo.com]. @27-10-2021 01:52:57.0974 A

################################################################################################################################################
Starting Execution:	[56 out of 143] test cases in the current suite
Test Method:		[unitTests.tests_browserActions.maximizeWindow]
################################################################################################################################################
[ReportManager] Initial window size: (800, 600) @27-10-2021 01:52:57.0991 AM
[ReportManager] Window size after Toolkit: (1920, 1080) @27-10-2021 01:52:58.0231 AM
[ReportManager] Browser Action [MaximizeWindow] successfully performed. With the following test data [New screen size is now: (1920, 1080)]. @27-10-2021 01:52:58.0236 A
[ReportManager] Target URL: [https://duckduckgo.com] @27-10-2021 01:52:58.0239 AM
[ReportManager] Initial URL: [https://duckduckgo.com] @27-10-2021 01:52:58.0309 AM
[ReportManager] Browser Action [NavigateToURL] successfully performed. With the following test data [https://duckduckgo.com]. @27-10-2021 01:52:58.0669 AM
[ReportManager] Browser Action [CloseCurrentWindow] successfully performed. @27-10-2021 01:52:58.0810 AM
[ReportManager] Successfully created attachment [Browser Action Test Data - CloseCurrentWindow - Actual Value] @27-10-2021 01:52:58.0810 A
[ReportManager] File Action [GetAbsolutePath] successfully performed. With the following test data [Relative Folder Path: "target/downloadedFiles/"]. @27-10-2021 01:52:58.0812 AM
[ReportManager] Attempting to run remotely on: [Linux-64], [GoogleChrome], [http://localhost:4444/wd/hub], Headless Execution. @27-10-2021 01:52:58.0813 AM
[ReportManager] Successfully Opened [GoogleChrome]. @27-10-2021 01:53:02.0362 AM
[ReportManager] Target URL: [https://duckduckgo.com] @27-10-2021 01:53:02.0362 AM
[ReportManager] Initial URL: [data:,] @27-10-2021 01:53:02.0411 AM
[ReportManager] Browser Action [NavigateToURL] successfully performed. With the following test data [https://duckduckgo.com]. @27-10-2021 01:53:03.0040 A

################################################################################################################################################
Starting Execution:	[57 out of 143] test cases in the current suite
Test Method:		[unitTests.tests_browserActions.navigateBack]
################################################################################################################################################
[ReportManager] Target URL: [https://www.google.com/ncr], and after redirection: [https://www.google.com] @27-10-2021 01:53:03.0045 AM
[ReportManager] Initial URL: [https://duckduckgo.com] @27-10-2021 01:53:03.0144 AM
[ReportManager] Browser Action [NavigateToURL] successfully performed. With the following test data [https://www.google.com/ncr]. @27-10-2021 01:53:04.0008 AM
[ReportManager] Browser Action [NavigateBack] successfully performed. With the following test data [https://duckduckgo.com/]. @27-10-2021 01:53:04.0472 AM
[ReportManager] Browser Action [GetCurrentURL] successfully performed. With the following test data [https://duckduckgo.com/]. @27-10-2021 01:53:04.0551 AM
[ReportManager] Assertion Passed: Confirming that navigating back was successful @27-10-2021 01:53:04.0804 AM
[ReportManager] Successfully created attachment [Screenshot - 1635299584738_navigateBack_ValidateBrowserAttribute_passed] @27-10-2021 01:53:04.0805 AM
[ReportManager] Assertion [ValidateBrowserAttribute] PASSED. Expected [Value Should be 'https://duckduckgo.com' for the 'CurrentUrl' attribute] and Actual [https://duckduckgo.com/]. Comparison Type [CONTAINS]. Validation Type [POSITIVE]. @27-10-2021 01:53:04.0805 A
[ReportManager] Target URL: [https://duckduckgo.com] @27-10-2021 01:53:04.0811 AM
[ReportManager] Initial URL: [https://duckduckgo.com] @27-10-2021 01:53:04.0881 AM
[ReportManager] Browser Action [NavigateToURL] successfully performed. With the following test data [https://duckduckgo.com]. @27-10-2021 01:53:05.0237 AM
[ReportManager] Browser Action [CloseCurrentWindow] successfully performed. @27-10-2021 01:53:05.0428 AM
[ReportManager] Successfully created attachment [Browser Action Test Data - CloseCurrentWindow - Actual Value] @27-10-2021 01:53:05.0429 A
[ReportManager] File Action [GetAbsolutePath] successfully performed. With the following test data [Relative Folder Path: "target/downloadedFiles/"]. @27-10-2021 01:53:05.0433 AM
[ReportManager] Attempting to run remotely on: [Linux-64], [GoogleChrome], [http://localhost:4444/wd/hub], Headless Execution. @27-10-2021 01:53:05.0433 AM
[ReportManager] Successfully Opened [GoogleChrome]. @27-10-2021 01:53:07.0373 AM
[ReportManager] Target URL: [https://duckduckgo.com] @27-10-2021 01:53:07.0373 AM
[ReportManager] Initial URL: [data:,] @27-10-2021 01:53:07.0424 AM
[ReportManager] Browser Action [NavigateToURL] successfully performed. With the following test data [https://duckduckgo.com]. @27-10-2021 01:53:07.0909 A

################################################################################################################################################
Starting Execution:	[58 out of 143] test cases in the current suite
Test Method:		[unitTests.tests_browserActions.navigateForward]
################################################################################################################################################
[ReportManager] Target URL: [https://www.google.com/ncr], and after redirection: [https://www.google.com] @27-10-2021 01:53:07.0912 AM
[ReportManager] Initial URL: [https://duckduckgo.com] @27-10-2021 01:53:08.0012 AM
[ReportManager] Browser Action [NavigateToURL] successfully performed. With the following test data [https://www.google.com/ncr]. @27-10-2021 01:53:08.0738 AM
[ReportManager] Browser Action [NavigateBack] successfully performed. With the following test data [https://duckduckgo.com/]. @27-10-2021 01:53:09.0210 AM
[ReportManager] Browser Action [NavigateForward] successfully performed. With the following test data [https://www.google.com/]. @27-10-2021 01:53:09.0743 A
[ReportManager] Target URL: [https://duckduckgo.com] @27-10-2021 01:53:09.0746 AM
[ReportManager] Initial URL: [https://www.google.com] @27-10-2021 01:53:09.0840 AM
[ReportManager] Browser Action [NavigateToURL] successfully performed. With the following test data [https://duckduckgo.com]. @27-10-2021 01:53:10.0371 AM
[ReportManager] Browser Action [CloseCurrentWindow] successfully performed. @27-10-2021 01:53:10.0504 AM
[ReportManager] Successfully created attachment [Browser Action Test Data - CloseCurrentWindow - Actual Value] @27-10-2021 01:53:10.0505 A
[ReportManager] File Action [GetAbsolutePath] successfully performed. With the following test data [Relative Folder Path: "target/downloadedFiles/"]. @27-10-2021 01:53:10.0507 AM
[ReportManager] Attempting to run remotely on: [Linux-64], [GoogleChrome], [http://localhost:4444/wd/hub], Headless Execution. @27-10-2021 01:53:10.0507 AM
[ReportManager] Successfully Opened [GoogleChrome]. @27-10-2021 01:53:12.0447 AM
[ReportManager] Target URL: [https://duckduckgo.com] @27-10-2021 01:53:12.0447 AM
[ReportManager] Initial URL: [data:,] @27-10-2021 01:53:12.0505 AM
[ReportManager] Browser Action [NavigateToURL] successfully performed. With the following test data [https://duckduckgo.com]. @27-10-2021 01:53:13.0082 A

################################################################################################################################################
Starting Execution:	[59 out of 143] test cases in the current suite
Test Method:		[unitTests.tests_browserActions.navigateToURL]
################################################################################################################################################
[ReportManager] Target URL: [https://duckduckgo.com] @27-10-2021 01:53:13.0092 AM
[ReportManager] Initial URL: [https://duckduckgo.com] @27-10-2021 01:53:13.0189 AM
[ReportManager] Browser Action [NavigateToURL] successfully performed. With the following test data [https://duckduckgo.com]. @27-10-2021 01:53:13.0713 A
[ReportManager] Target URL: [https://duckduckgo.com] @27-10-2021 01:53:13.0715 AM
[ReportManager] Initial URL: [https://duckduckgo.com] @27-10-2021 01:53:13.0800 AM
[ReportManager] Browser Action [NavigateToURL] successfully performed. With the following test data [https://duckduckgo.com]. @27-10-2021 01:53:14.0171 AM
[ReportManager] Browser Action [CloseCurrentWindow] successfully performed. @27-10-2021 01:53:14.0288 AM
[ReportManager] Successfully created attachment [Browser Action Test Data - CloseCurrentWindow - Actual Value] @27-10-2021 01:53:14.0288 A
[ReportManager] File Action [GetAbsolutePath] successfully performed. With the following test data [Relative Folder Path: "target/downloadedFiles/"]. @27-10-2021 01:53:14.0290 AM
[ReportManager] Attempting to run remotely on: [Linux-64], [GoogleChrome], [http://localhost:4444/wd/hub], Headless Execution. @27-10-2021 01:53:14.0290 AM
[ReportManager] Successfully Opened [GoogleChrome]. @27-10-2021 01:53:17.0401 AM
[ReportManager] Target URL: [https://duckduckgo.com] @27-10-2021 01:53:17.0401 AM
[ReportManager] Initial URL: [data:,] @27-10-2021 01:53:17.0459 AM
[ReportManager] Browser Action [NavigateToURL] successfully performed. With the following test data [https://duckduckgo.com]. @27-10-2021 01:53:18.0097 A

################################################################################################################################################
Starting Execution:	[60 out of 143] test cases in the current suite
Test Method:		[unitTests.tests_browserActions.navigateToURLWithRedirection]
################################################################################################################################################
[ReportManager] Target URL: [https://www.google.com/ncr], and after redirection: [https://www.google.com] @27-10-2021 01:53:18.0113 AM
[ReportManager] Initial URL: [https://duckduckgo.com] @27-10-2021 01:53:18.0192 AM
[ReportManager] Browser Action [NavigateToURL] successfully performed. With the following test data [https://www.google.com/ncr]. @27-10-2021 01:53:18.0993 A
[ReportManager] Target URL: [https://duckduckgo.com] @27-10-2021 01:53:18.0997 AM
[ReportManager] Initial URL: [https://www.google.com] @27-10-2021 01:53:19.0085 AM
[ReportManager] Browser Action [NavigateToURL] successfully performed. With the following test data [https://duckduckgo.com]. @27-10-2021 01:53:19.0607 AM
[ReportManager] Browser Action [CloseCurrentWindow] successfully performed. @27-10-2021 01:53:19.0742 AM
[ReportManager] Successfully created attachment [Browser Action Test Data - CloseCurrentWindow - Actual Value] @27-10-2021 01:53:19.0743 A
[ReportManager] File Action [GetAbsolutePath] successfully performed. With the following test data [Relative Folder Path: "target/downloadedFiles/"]. @27-10-2021 01:53:19.0745 AM
[ReportManager] Attempting to run remotely on: [Linux-64], [GoogleChrome], [http://localhost:4444/wd/hub], Headless Execution. @27-10-2021 01:53:19.0745 AM
[ReportManager] Successfully Opened [GoogleChrome]. @27-10-2021 01:53:22.0352 AM
[ReportManager] Target URL: [https://duckduckgo.com] @27-10-2021 01:53:22.0352 AM
[ReportManager] Initial URL: [data:,] @27-10-2021 01:53:22.0421 AM
[ReportManager] Browser Action [NavigateToURL] successfully performed. With the following test data [https://duckduckgo.com]. @27-10-2021 01:53:22.0930 A

################################################################################################################################################
Starting Execution:	[61 out of 143] test cases in the current suite
Test Method:		[unitTests.tests_browserActions.refreshCurrentPage]
################################################################################################################################################
[ReportManager] Browser Action [RefreshCurrentPage] successfully performed. @27-10-2021 01:53:23.0116 AM
[ReportManager] Successfully created attachment [Browser Action Test Data - RefreshCurrentPage - Actual Value] @27-10-2021 01:53:23.0116 A
[ReportManager] Target URL: [https://duckduckgo.com] @27-10-2021 01:53:23.0118 AM
[ReportManager] Initial URL: [https://duckduckgo.com] @27-10-2021 01:53:23.0211 AM
[ReportManager] Browser Action [NavigateToURL] successfully performed. With the following test data [https://duckduckgo.com]. @27-10-2021 01:53:23.0502 AM
[ReportManager] Browser Action [CloseCurrentWindow] successfully performed. @27-10-2021 01:53:23.0620 AM
[ReportManager] Successfully created attachment [Browser Action Test Data - CloseCurrentWindow - Actual Value] @27-10-2021 01:53:23.0621 A
[ReportManager] File Action [GetAbsolutePath] successfully performed. With the following test data [Relative Folder Path: "target/downloadedFiles/"]. @27-10-2021 01:53:23.0623 AM
[ReportManager] Attempting to run remotely on: [Linux-64], [GoogleChrome], [http://localhost:4444/wd/hub], Headless Execution. @27-10-2021 01:53:23.0623 AM
[ReportManager] Successfully Opened [GoogleChrome]. @27-10-2021 01:53:27.0382 AM
[ReportManager] Target URL: [https://duckduckgo.com] @27-10-2021 01:53:27.0382 AM
[ReportManager] Initial URL: [data:,] @27-10-2021 01:53:27.0456 AM
[ReportManager] Browser Action [NavigateToURL] successfully performed. With the following test data [https://duckduckgo.com]. @27-10-2021 01:53:27.0963 A

################################################################################################################################################
Starting Execution:	[62 out of 143] test cases in the current suite
Test Method:		[unitTests.tests_browserActions.setWindowSize]
################################################################################################################################################
[ReportManager] Initial window size: (800, 600) @27-10-2021 01:53:27.0979 AM
[ReportManager] Window size after SWD: (1280, 720) @27-10-2021 01:53:28.0210 AM
[ReportManager] Browser Action [SetWindowSize] successfully performed. With the following test data [New screen size is now: (1280, 720)]. @27-10-2021 01:53:28.0213 A
[ReportManager] Target URL: [https://duckduckgo.com] @27-10-2021 01:53:28.0229 AM
[ReportManager] Initial URL: [https://duckduckgo.com] @27-10-2021 01:53:28.0356 AM
[ReportManager] Browser Action [NavigateToURL] successfully performed. With the following test data [https://duckduckgo.com]. @27-10-2021 01:53:28.0694 AM
[ReportManager] Browser Action [CloseCurrentWindow] successfully performed. @27-10-2021 01:53:28.0815 AM
[ReportManager] Successfully created attachment [Browser Action Test Data - CloseCurrentWindow - Actual Value] @27-10-2021 01:53:28.0816 A
[ReportManager] File Action [GetAbsolutePath] successfully performed. With the following test data [Relative Folder Path: "target/downloadedFiles/"]. @27-10-2021 01:53:28.0818 AM
[ReportManager] Attempting to run remotely on: [Linux-64], [GoogleChrome], [http://localhost:4444/wd/hub], Headless Execution. @27-10-2021 01:53:28.0818 AM
[ReportManager] Successfully Opened [GoogleChrome]. @27-10-2021 01:53:32.0351 A

################################################################################################################################################
Starting Execution:	[63 out of 143] test cases in the current suite
Test Method:		[unitTests.tests_element_elementActions.waitForElementToBePresent_false_expectedToFail]
################################################################################################################################################
[ReportManager] Target URL: [https://www.google.com/ncr], and after redirection: [www.google.com] @27-10-2021 01:53:32.0353 AM
[ReportManager] Initial URL: [data:,] @27-10-2021 01:53:32.0392 AM
[ReportManager] Browser Action [NavigateToURL] successfully performed. With the following test data [https://www.google.com/ncr]. @27-10-2021 01:53:33.0140 AM
[ReportManager] Waiting for element to be present; elementLocator [By.xpath: //*[@id='hplogo' or @alt='Google']], numberOfTries[1], stateOfPresence[false]... @27-10-2021 01:53:33.0144 AM
[ReportManager] Element Action [WaitForElementToBePresent] failed. With the following test data [waited for the element's state of presence to be (false). Element locator (By.xpath: //*[@id='hplogo' or @alt='Google'])]. @27-10-2021 01:53:33.0354 AM
[ReportManager] Successfully created attachment [Screenshot - 1635299613295_waitForElementToBePresent_false_expectedToFail_WaitForElementToBePresent_failed] @27-10-2021 01:53:33.0354 A
[ReportManager] Browser Action [CloseCurrentWindow] successfully performed. @27-10-2021 01:53:33.0494 AM
[ReportManager] Successfully created attachment [Browser Action Test Data - CloseCurrentWindow - Actual Value] @27-10-2021 01:53:33.0495 A
[ReportManager] File Action [GetAbsolutePath] successfully performed. With the following test data [Relative Folder Path: "target/downloadedFiles/"]. @27-10-2021 01:53:33.0498 AM
[ReportManager] Attempting to run remotely on: [Linux-64], [GoogleChrome], [http://localhost:4444/wd/hub], Headless Execution. @27-10-2021 01:53:33.0498 AM
[ReportManager] Successfully Opened [GoogleChrome]. @27-10-2021 01:53:37.0381 A

################################################################################################################################################
Starting Execution:	[64 out of 143] test cases in the current suite
Test Method:		[unitTests.tests_element_elementActions.waitForElementToBePresent_false_expectedToPass]
################################################################################################################################################
[ReportManager] Target URL: [https://www.google.com/ncr], and after redirection: [www.google.com] @27-10-2021 01:53:37.0389 AM
[ReportManager] Initial URL: [data:,] @27-10-2021 01:53:37.0484 AM
[ReportManager] Browser Action [NavigateToURL] successfully performed. With the following test data [https://www.google.com/ncr]. @27-10-2021 01:53:38.0351 AM
[ReportManager] Waiting for element to be present; elementLocator [By.id: bla], numberOfTries[1], stateOfPresence[false]... @27-10-2021 01:53:38.0352 AM
[ReportManager] Element Action [WaitForElementToBePresent] successfully performed. With the following test data [waited for the element's state of presence to be (false). Element locator (By.id: bla)]. @27-10-2021 01:53:43.0491 A
[ReportManager] Browser Action [CloseCurrentWindow] successfully performed. @27-10-2021 01:53:43.0624 AM
[ReportManager] Successfully created attachment [Browser Action Test Data - CloseCurrentWindow - Actual Value] @27-10-2021 01:53:43.0627 A
[ReportManager] File Action [GetAbsolutePath] successfully performed. With the following test data [Relative Folder Path: "target/downloadedFiles/"]. @27-10-2021 01:53:43.0630 AM
[ReportManager] Attempting to run remotely on: [Linux-64], [GoogleChrome], [http://localhost:4444/wd/hub], Headless Execution. @27-10-2021 01:53:43.0630 AM
[ReportManager] Successfully Opened [GoogleChrome]. @27-10-2021 01:53:47.0359 A

################################################################################################################################################
Starting Execution:	[65 out of 143] test cases in the current suite
Test Method:		[unitTests.tests_element_elementActions.waitForElementToBePresent_moreThanOneElement_expectedToFail]
################################################################################################################################################
[ReportManager] Target URL: [https://www.google.com/ncr], and after redirection: [www.google.com] @27-10-2021 01:53:47.0361 AM
[ReportManager] Initial URL: [data:,] @27-10-2021 01:53:47.0444 AM
[ReportManager] Browser Action [NavigateToURL] successfully performed. With the following test data [https://www.google.com/ncr]. @27-10-2021 01:53:48.0173 AM
[ReportManager] Waiting for element to be present; elementLocator [By.xpath: //*], numberOfTries[1], stateOfPresence[false]... @27-10-2021 01:53:48.0174 AM
[ReportManager] Element Action [WaitForElementToBePresent] failed. With the following test data [waited for the element's state of presence to be (false). Element locator (By.xpath: //*)]. @27-10-2021 01:53:48.0403 AM
[ReportManager] Successfully created attachment [Screenshot - 1635299628349_waitForElementToBePresent_moreThanOneElement_expectedToFail_WaitForElementToBePresent_failed] @27-10-2021 01:53:48.0404 A
[ReportManager] Browser Action [CloseCurrentWindow] successfully performed. @27-10-2021 01:53:48.0534 AM
[ReportManager] Successfully created attachment [Browser Action Test Data - CloseCurrentWindow - Actual Value] @27-10-2021 01:53:48.0535 A
[ReportManager] File Action [GetAbsolutePath] successfully performed. With the following test data [Relative Folder Path: "target/downloadedFiles/"]. @27-10-2021 01:53:48.0537 AM
[ReportManager] Attempting to run remotely on: [Linux-64], [GoogleChrome], [http://localhost:4444/wd/hub], Headless Execution. @27-10-2021 01:53:48.0537 AM
[ReportManager] Successfully Opened [GoogleChrome]. @27-10-2021 01:53:52.0361 A

################################################################################################################################################
Starting Execution:	[66 out of 143] test cases in the current suite
Test Method:		[unitTests.tests_element_elementActions.waitForElementToBePresent_true_expectedToFail]
################################################################################################################################################
[ReportManager] Target URL: [https://www.google.com/ncr], and after redirection: [www.google.com] @27-10-2021 01:53:52.0368 AM
[ReportManager] Initial URL: [data:,] @27-10-2021 01:53:52.0464 AM
[ReportManager] Browser Action [NavigateToURL] successfully performed. With the following test data [https://www.google.com/ncr]. @27-10-2021 01:53:53.0236 AM
[ReportManager] Waiting for element to be present; elementLocator [By.id: bla], numberOfTries[1], stateOfPresence[true]... @27-10-2021 01:53:53.0236 AM
[ReportManager] Element Action [WaitForElementToBePresent] failed. With the following test data [waited for the element's state of presence to be (true). Element locator (By.id: bla)]. @27-10-2021 01:53:58.0463 AM
[ReportManager] Successfully created attachment [Screenshot - 1635299638410_waitForElementToBePresent_true_expectedToFail_WaitForElementToBePresent_failed] @27-10-2021 01:53:58.0463 A
[ReportManager] Browser Action [CloseCurrentWindow] successfully performed. @27-10-2021 01:53:58.0587 AM
[ReportManager] Successfully created attachment [Browser Action Test Data - CloseCurrentWindow - Actual Value] @27-10-2021 01:53:58.0588 A
[ReportManager] File Action [GetAbsolutePath] successfully performed. With the following test data [Relative Folder Path: "target/downloadedFiles/"]. @27-10-2021 01:53:58.0591 AM
[ReportManager] Attempting to run remotely on: [Linux-64], [GoogleChrome], [http://localhost:4444/wd/hub], Headless Execution. @27-10-2021 01:53:58.0591 AM
[ReportManager] Successfully Opened [GoogleChrome]. @27-10-2021 01:54:02.0374 A

################################################################################################################################################
Starting Execution:	[67 out of 143] test cases in the current suite
Test Method:		[unitTests.tests_element_elementActions.waitForElementToBePresent_true_expectedToPass]
################################################################################################################################################
[ReportManager] Target URL: [https://www.google.com/ncr], and after redirection: [www.google.com] @27-10-2021 01:54:02.0381 AM
[ReportManager] Initial URL: [data:,] @27-10-2021 01:54:02.0421 AM
[ReportManager] Browser Action [NavigateToURL] successfully performed. With the following test data [https://www.google.com/ncr]. @27-10-2021 01:54:03.0192 AM
[ReportManager] Waiting for element to be present; elementLocator [By.xpath: //*[@id='hplogo' or @alt='Google']], numberOfTries[1], stateOfPresence[true]... @27-10-2021 01:54:03.0193 AM
[ReportManager] Element Action [WaitForElementToBePresent] successfully performed. With the following test data [waited for the element's state of presence to be (true). Element locator (By.xpath: //*[@id='hplogo' or @alt='Google'])]. @27-10-2021 01:54:03.0247 AM
[ReportManager] File Action [DoesFileExist] successfully performed. With the following test data [File Path: "src/test/resources/DynamicObjectRepository/unitTests_tests_element_elementActions_waitForElementToBePresent_true_expectedToPass_By_xpath_id_hplogo_or_alt_Google.png"]. @27-10-2021 01:54:03.0252 AM
[ReportManager] File Action [DoesFileExist] successfully performed. With the following test data [File Path: "src/test/resources/DynamicObjectRepository/unitTests_tests_element_elementActions_waitForElementToBePresent_true_expectedToPass_By_xpath_id_hplogo_or_alt_Google.png"]. @27-10-2021 01:54:03.0423 AM
[ReportManager] Passing the test and saving a reference image @27-10-2021 01:54:03.0423 AM
[ReportManager] File Action [GetAbsolutePath] successfully performed. With the following test data [Relative File Path: "src/test/resources/DynamicObjectRepository/unitTests_tests_element_elementActions_waitForElementToBePresent_true_expectedToPass_By_xpath_id_hplogo_or_alt_Google.png"]. @27-10-2021 01:54:03.0423 AM
[ReportManager] File Action [WriteToFile] successfully performed. With the following test data [Target File Path: "/home/runner/work/SHAFT_ENGINE/SHAFT_ENGINE/src/test/resources/DynamicObjectRepository/unitTests_tests_element_elementActions_waitForElementToBePresent_true_expectedToPass_By_xpath_id_hplogo_or_alt_Google.png"]. @27-10-2021 01:54:03.0424 AM
[ReportManager] Assertion Passed: Using Visual AI; OpenCV @27-10-2021 01:54:03.0424 AM
[ReportManager] Successfully created attachment [Validation Test Data - Actual Screenshot] @27-10-2021 01:54:03.0425 AM
[ReportManager] Assertion [ValidateElementMatches] PASSED. Expected [Element should match the reference screenshot] and Actual [TRUE]. Comparison Type [EXACT_OPENCV]. Validation Type [POSITIVE]. @27-10-2021 01:54:03.0425 A
[ReportManager] Browser Action [CloseCurrentWindow] successfully performed. @27-10-2021 01:54:03.0553 AM
[ReportManager] Successfully created attachment [Browser Action Test Data - CloseCurrentWindow - Actual Value] @27-10-2021 01:54:03.0554 A
[ReportManager] Successfully loaded the following test data file [src/test/resources/TestDataFiles/testSuite01/TestData.xlsx]. @27-10-2021 01:54:04.0367 AM
[ReportManager] Successfully created attachment [Test Data - Excel] @27-10-2021 01:54:04.0367 A

################################################################################################################################################
Starting Execution:	[68 out of 143] test cases in the current suite
Test Method:		[unitTests.tests_io_excelFileManager.getCellData_rowName_expectedToPass]
################################################################################################################################################
[ReportManager] testRowData. @27-10-2021 01:54:04.0381 A

################################################################################################################################################
Starting Execution:	[69 out of 143] test cases in the current suite
Test Method:		[testPackage01.Test_testData.f]
################################################################################################################################################
[ReportManager] Successfully loaded the following test data file [src/test/resources/TestDataFiles/testSuite01/TestData.xlsx]. @27-10-2021 01:54:04.0417 AM
[ReportManager] Successfully created attachment [Test Data - Excel] @27-10-2021 01:54:04.0418 AM
[ReportManager] Last Column Number is: [3]. Zero-based. @27-10-2021 01:54:04.0418 A

################################################################################################################################################
Starting Execution:	[70 out of 143] test cases in the current suite
Test Method:		[testPackage01.Test_SkipDueToIssue.doNotSkip]
################################################################################################################################################
[ReportManager] This should not be skipped. @27-10-2021 01:54:04.0422 A

################################################################################################################################################
Starting Execution:	[71 out of 143] test cases in the current suite
Test Method:		[testPackage01.Test_SkipDueToIssue.skip]
################################################################################################################################################
[ReportManager] This should be skipped. @27-10-2021 01:54:04.0428 A

################################################################################################################################################
Starting Execution:	[72 out of 143] test cases in the current suite
Test Method:		[testPackage01.Test_SkipDueToIssue.skip2]
################################################################################################################################################
[ReportManager] This should be skipped. @27-10-2021 01:54:04.0434 A

################################################################################################################################################
Starting Execution:	[73 out of 143] test cases in the current suite
Test Method:		[testPackage01.Test_chainableElementActions.chainElementActions]
################################################################################################################################################
[ReportManager] File Action [GetAbsolutePath] successfully performed. With the following test data [Relative Folder Path: "target/downloadedFiles/"]. @27-10-2021 01:54:04.0441 AM
[ReportManager] Attempting to run remotely on: [Linux-64], [GoogleChrome], [http://localhost:4444/wd/hub], Headless Execution. @27-10-2021 01:54:04.0441 AM
[ReportManager] Successfully Opened [GoogleChrome]. @27-10-2021 01:54:07.0357 AM
[ReportManager] Target URL: [https://www.google.com/ncr], and after redirection: [https://www.google.com] @27-10-2021 01:54:07.0358 AM
[ReportManager] Initial URL: [data:,] @27-10-2021 01:54:07.0422 AM
[ReportManager] Browser Action [NavigateToURL] successfully performed. With the following test data [https://www.google.com/ncr]. @27-10-2021 01:54:08.0129 AM
[ReportManager] Element Action [Type] successfully performed. With the following test data [chained type 1]. @27-10-2021 01:54:08.0555 AM
[ReportManager] Element Action [Type] successfully performed. With the following test data [chained type 2]. @27-10-2021 01:54:09.0061 AM
[ReportManager] Element Action [TypeAppend] successfully performed. With the following test data [345]. @27-10-2021 01:54:09.0156 AM
[ReportManager] Element Action [GetText] successfully performed. With the following test data [chained type 2345]. @27-10-2021 01:54:09.0315 AM
[ReportManager] Loaded Shared OpenCV @27-10-2021 01:54:09.0482 AM
[ReportManager] Assertion [ValidateElementAttribute] PASSED. Expected [Value Should be 'chained type 2345' for the 'text' attribute, element locator 'By.name: q'] and Actual [chained type 2345]. Comparison Type [EQUALS]. Validation Type [POSITIVE]. @27-10-2021 01:54:09.0556 AM
[ReportManager] Successfully created attachment [Screenshot - 1635299649481_chainElementActions_ValidateElementAttribute_passed] @27-10-2021 01:54:09.0557 AM
[ReportManager] Browser Action [CloseCurrentWindow] successfully performed. @27-10-2021 01:54:09.0679 AM
[ReportManager] Successfully created attachment [Browser Action Test Data - CloseCurrentWindow - Actual Value] @27-10-2021 01:54:09.0680 A

################################################################################################################################################
Starting Execution:	[74 out of 143] test cases in the current suite
Test Method:		[testPackage01.Test_NewValidationHelper.f1]
################################################################################################################################################
[ReportManager] Assertion Passed: Checking valid user data @27-10-2021 01:54:09.0686 AM
[ReportManager] Successfully created attachment [Validation Test Data - Expected Value] @27-10-2021 01:54:09.0687 AM
[ReportManager] Successfully created attachment [Validation Test Data - Actual Value] @27-10-2021 01:54:09.0687 AM
[ReportManager] Assertion [ValidateEquals] PASSED. Expected and Actual values are attached. Comparison Type [EQUALS]. Validation Type [POSITIVE]. @27-10-2021 01:54:09.0687 A
[ReportManager] File Action [GetAbsolutePath] successfully performed. With the following test data [Relative Folder Path: "target/downloadedFiles/"]. @27-10-2021 01:54:09.0689 AM
[ReportManager] Attempting to run remotely on: [Linux-64], [GoogleChrome], [http://localhost:4444/wd/hub], Headless Execution. @27-10-2021 01:54:09.0690 AM
[ReportManager] Successfully Opened [GoogleChrome]. @27-10-2021 01:54:12.0451 AM
[ReportManager] Target URL: [https://the-internet.herokuapp.com/] @27-10-2021 01:54:12.0451 AM
[ReportManager] Initial URL: [data:,] @27-10-2021 01:54:12.0546 AM
[ReportManager] Browser Action [NavigateToURL] successfully performed. With the following test data [https://the-internet.herokuapp.com/]. @27-10-2021 01:54:13.0043 A

################################################################################################################################################
Starting Execution:	[75 out of 143] test cases in the current suite
Test Method:		[testPackage01.Test_NewValidationHelper.f10]
################################################################################################################################################
[ReportManager] Assertion [ValidateElementExists] FAILED. Expected [Element Should Exist, locator 'By.tagName: div'] and Actual [Element Exists but is not unique]. Comparison Type [EQUALS]. Validation Type [POSITIVE]. @27-10-2021 01:54:13.0361 AM
[ReportManager] Successfully created attachment [Screenshot - 1635299653270_f10_ValidateElementExists_failed] @27-10-2021 01:54:13.0362 A
[ReportManager] Successfully Closed All Drivers. @27-10-2021 01:54:13.0459 A
[ReportManager] File Action [GetAbsolutePath] successfully performed. With the following test data [Relative Folder Path: "target/downloadedFiles/"]. @27-10-2021 01:54:13.0463 AM
[ReportManager] Attempting to run remotely on: [Linux-64], [GoogleChrome], [http://localhost:4444/wd/hub], Headless Execution. @27-10-2021 01:54:13.0467 AM
[ReportManager] Successfully Opened [GoogleChrome]. @27-10-2021 01:54:17.0355 AM
[ReportManager] Target URL: [https://the-internet.herokuapp.com/] @27-10-2021 01:54:17.0356 AM
[ReportManager] Initial URL: [data:,] @27-10-2021 01:54:17.0423 AM
[ReportManager] Browser Action [NavigateToURL] successfully performed. With the following test data [https://the-internet.herokuapp.com/]. @27-10-2021 01:54:17.0851 A

################################################################################################################################################
Starting Execution:	[76 out of 143] test cases in the current suite
Test Method:		[testPackage01.Test_NewValidationHelper.f11]
################################################################################################################################################
[ReportManager] Assertion Passed: Checking that false tag doesn't exist @27-10-2021 01:54:28.0283 AM
[ReportManager] Successfully created attachment [Screenshot - 1635299668201_f11_ValidateElementExists_passed] @27-10-2021 01:54:28.0284 AM
[ReportManager] Assertion [ValidateElementExists] PASSED. Expected [Element Should not Exist, locator 'By.tagName: h3'] and Actual [Element Doesn't Exists]. Comparison Type [EQUALS]. Validation Type [NEGATIVE]. @27-10-2021 01:54:28.0284 A
[ReportManager] Successfully Closed All Drivers. @27-10-2021 01:54:28.0369 A
[ReportManager] File Action [GetAbsolutePath] successfully performed. With the following test data [Relative Folder Path: "target/downloadedFiles/"]. @27-10-2021 01:54:28.0372 AM
[ReportManager] Attempting to run remotely on: [Linux-64], [GoogleChrome], [http://localhost:4444/wd/hub], Headless Execution. @27-10-2021 01:54:28.0372 AM
[ReportManager] Successfully Opened [GoogleChrome]. @27-10-2021 01:54:32.0355 AM
[ReportManager] Target URL: [https://the-internet.herokuapp.com/] @27-10-2021 01:54:32.0355 AM
[ReportManager] Initial URL: [data:,] @27-10-2021 01:54:32.0416 AM
[ReportManager] Browser Action [NavigateToURL] successfully performed. With the following test data [https://the-internet.herokuapp.com/]. @27-10-2021 01:54:32.0854 A

################################################################################################################################################
Starting Execution:	[77 out of 143] test cases in the current suite
Test Method:		[testPackage01.Test_NewValidationHelper.f12]
################################################################################################################################################
[ReportManager] Loaded Shared OpenCV @27-10-2021 01:54:33.0134 AM
[ReportManager] Assertion [ValidateElementExists] FAILED. Expected [Element Should not Exist, locator 'By.tagName: h1'] and Actual [Element Exists]. Comparison Type [EQUALS]. Validation Type [NEGATIVE]. @27-10-2021 01:54:33.0208 AM
[ReportManager] Successfully created attachment [Screenshot - 1635299673134_f12_ValidateElementExists_failed] @27-10-2021 01:54:33.0209 A
[ReportManager] Successfully Closed All Drivers. @27-10-2021 01:54:33.0292 A
[ReportManager] File Action [GetAbsolutePath] successfully performed. With the following test data [Relative Folder Path: "target/downloadedFiles/"]. @27-10-2021 01:54:33.0295 AM
[ReportManager] Attempting to run remotely on: [Linux-64], [GoogleChrome], [http://localhost:4444/wd/hub], Headless Execution. @27-10-2021 01:54:33.0295 AM
[ReportManager] Successfully Opened [GoogleChrome]. @27-10-2021 01:54:37.0384 AM
[ReportManager] Target URL: [https://the-internet.herokuapp.com/] @27-10-2021 01:54:37.0384 AM
[ReportManager] Initial URL: [data:,] @27-10-2021 01:54:37.0487 AM
[ReportManager] Browser Action [NavigateToURL] successfully performed. With the following test data [https://the-internet.herokuapp.com/]. @27-10-2021 01:54:37.0964 A

################################################################################################################################################
Starting Execution:	[78 out of 143] test cases in the current suite
Test Method:		[testPackage01.Test_NewValidationHelper.f13]
################################################################################################################################################
[ReportManager] Assertion [ValidateElementExists] FAILED. Expected [Element Should not Exist, locator 'By.tagName: div'] and Actual [Element Exists but is not unique]. Comparison Type [EQUALS]. Validation Type [NEGATIVE]. @27-10-2021 01:54:38.0241 AM
[ReportManager] Successfully created attachment [Screenshot - 1635299678171_f13_ValidateElementExists_failed] @27-10-2021 01:54:38.0242 A
[ReportManager] Successfully Closed All Drivers. @27-10-2021 01:54:38.0337 A
[ReportManager] File Action [GetAbsolutePath] successfully performed. With the following test data [Relative Folder Path: "target/downloadedFiles/"]. @27-10-2021 01:54:38.0339 AM
[ReportManager] Attempting to run remotely on: [Linux-64], [GoogleChrome], [http://localhost:4444/wd/hub], Headless Execution. @27-10-2021 01:54:38.0339 AM
[ReportManager] Successfully Opened [GoogleChrome]. @27-10-2021 01:54:42.0363 AM
[ReportManager] Target URL: [https://the-internet.herokuapp.com/] @27-10-2021 01:54:42.0363 AM
[ReportManager] Initial URL: [data:,] @27-10-2021 01:54:42.0427 AM
[ReportManager] Browser Action [NavigateToURL] successfully performed. With the following test data [https://the-internet.herokuapp.com/]. @27-10-2021 01:54:42.0848 A

################################################################################################################################################
Starting Execution:	[79 out of 143] test cases in the current suite
Test Method:		[testPackage01.Test_NewValidationHelper.f14]
################################################################################################################################################
[ReportManager] Element Action [GetText] successfully performed. With the following test data [Welcome to the-internet]. @27-10-2021 01:54:42.0959 AM
[ReportManager] Loaded Shared OpenCV @27-10-2021 01:54:43.0122 AM
[ReportManager] Assertion Passed: Asserting that the header text is correct @27-10-2021 01:54:43.0220 AM
[ReportManager] Successfully created attachment [Screenshot - 1635299683122_f14_ValidateElementAttribute_passed] @27-10-2021 01:54:43.0221 AM
[ReportManager] Assertion [ValidateElementAttribute] PASSED. Expected [Value Should be 'Welcome to the-internet' for the 'text' attribute, element locator 'By.tagName: h1'] and Actual [Welcome to the-internet]. Comparison Type [EQUALS]. Validation Type [POSITIVE]. @27-10-2021 01:54:43.0221 A
[ReportManager] Successfully Closed All Drivers. @27-10-2021 01:54:43.0314 A
[ReportManager] File Action [GetAbsolutePath] successfully performed. With the following test data [Relative Folder Path: "target/downloadedFiles/"]. @27-10-2021 01:54:43.0317 AM
[ReportManager] Attempting to run remotely on: [Linux-64], [GoogleChrome], [http://localhost:4444/wd/hub], Headless Execution. @27-10-2021 01:54:43.0317 AM
[ReportManager] Successfully Opened [GoogleChrome]. @27-10-2021 01:54:47.0362 AM
[ReportManager] Target URL: [https://the-internet.herokuapp.com/] @27-10-2021 01:54:47.0362 AM
[ReportManager] Initial URL: [data:,] @27-10-2021 01:54:47.0407 AM
[ReportManager] Browser Action [NavigateToURL] successfully performed. With the following test data [https://the-internet.herokuapp.com/]. @27-10-2021 01:54:47.0837 A

################################################################################################################################################
Starting Execution:	[80 out of 143] test cases in the current suite
Test Method:		[testPackage01.Test_NewValidationHelper.f15]
################################################################################################################################################
[ReportManager] Element Action [GetText] successfully performed. With the following test data [Welcome to the-internet]. @27-10-2021 01:54:47.0956 AM
[ReportManager] Loaded Shared OpenCV @27-10-2021 01:54:48.0089 AM
[ReportManager] Assertion [ValidateElementAttribute] FAILED. Expected [Value Should not be 'Welcome' for the 'text' attribute, element locator 'By.tagName: h1'] and Actual [Welcome to the-internet]. Comparison Type [CONTAINS]. Validation Type [NEGATIVE]. @27-10-2021 01:54:48.0180 AM
[ReportManager] Successfully created attachment [Screenshot - 1635299688089_f15_ValidateElementAttribute_failed] @27-10-2021 01:54:48.0181 A
[ReportManager] Successfully Closed All Drivers. @27-10-2021 01:54:48.0270 A
[ReportManager] File Action [GetAbsolutePath] successfully performed. With the following test data [Relative Folder Path: "target/downloadedFiles/"]. @27-10-2021 01:54:48.0272 AM
[ReportManager] Attempting to run remotely on: [Linux-64], [GoogleChrome], [http://localhost:4444/wd/hub], Headless Execution. @27-10-2021 01:54:48.0272 AM
[ReportManager] Successfully Opened [GoogleChrome]. @27-10-2021 01:54:52.0383 AM
[ReportManager] Target URL: [https://the-internet.herokuapp.com/] @27-10-2021 01:54:52.0383 AM
[ReportManager] Initial URL: [data:,] @27-10-2021 01:54:52.0424 AM
[ReportManager] Browser Action [NavigateToURL] successfully performed. With the following test data [https://the-internet.herokuapp.com/]. @27-10-2021 01:54:52.0825 A

################################################################################################################################################
Starting Execution:	[81 out of 143] test cases in the current suite
Test Method:		[testPackage01.Test_NewValidationHelper.f16]
################################################################################################################################################
[ReportManager] Element Action [IdentifyUniqueElement] failed. With the following test data [zero elements found matching this locator "By.tagName: h3".]. @27-10-2021 01:55:18.0485 AM
[ReportManager] Successfully created attachment [Screenshot - 1635299718398_f16_IdentifyUniqueElement_failed] @27-10-2021 01:55:18.0486 AM
[ReportManager] Assertion [ValidateElementAttribute] FAILED. Expected [Value Should not be 'Welcome' for the 'text' attribute, element locator 'By.tagName: h3'] and Actual [Failed to read the desired element attribute]. Comparison Type [CONTAINS]. Validation Type [NEGATIVE]. @27-10-2021 01:55:18.0487 A
[ReportManager] Successfully Closed All Drivers. @27-10-2021 01:55:18.0579 A
[ReportManager] File Action [GetAbsolutePath] successfully performed. With the following test data [Relative Folder Path: "target/downloadedFiles/"]. @27-10-2021 01:55:18.0582 AM
[ReportManager] Attempting to run remotely on: [Linux-64], [GoogleChrome], [http://localhost:4444/wd/hub], Headless Execution. @27-10-2021 01:55:18.0582 AM
[ReportManager] Successfully Opened [GoogleChrome]. @27-10-2021 01:55:22.0419 AM
[ReportManager] Target URL: [https://the-internet.herokuapp.com/] @27-10-2021 01:55:22.0419 AM
[ReportManager] Initial URL: [data:,] @27-10-2021 01:55:22.0475 AM
[ReportManager] Browser Action [NavigateToURL] successfully performed. With the following test data [https://the-internet.herokuapp.com/]. @27-10-2021 01:55:23.0001 A

################################################################################################################################################
Starting Execution:	[82 out of 143] test cases in the current suite
Test Method:		[testPackage01.Test_NewValidationHelper.f17]
################################################################################################################################################
[ReportManager] Attempting to getAttribute [text2] from elementLocator [By.tagName: h1]. @27-10-2021 01:55:23.0015 AM
[ReportManager] Element Action [GetAttribute] successfully performed. @27-10-2021 01:55:23.0199 AM
[ReportManager] Loaded Shared OpenCV @27-10-2021 01:55:23.0419 AM
[ReportManager] Assertion [ValidateElementAttribute] PASSED. Expected [Value Should not be 'Welcome' for the 'text2' attribute, element locator 'By.tagName: h1'] and Actual [null]. Comparison Type [CONTAINS]. Validation Type [NEGATIVE]. @27-10-2021 01:55:23.0511 AM
[ReportManager] Successfully created attachment [Screenshot - 1635299723419_f17_ValidateElementAttribute_passed] @27-10-2021 01:55:23.0515 A
[ReportManager] Successfully Closed All Drivers. @27-10-2021 01:55:23.0612 A
[ReportManager] File Action [GetAbsolutePath] successfully performed. With the following test data [Relative Folder Path: "target/downloadedFiles/"]. @27-10-2021 01:55:23.0618 AM
[ReportManager] Attempting to run remotely on: [Linux-64], [GoogleChrome], [http://localhost:4444/wd/hub], Headless Execution. @27-10-2021 01:55:23.0618 AM
[ReportManager] Successfully Opened [GoogleChrome]. @27-10-2021 01:55:27.0366 AM
[ReportManager] Target URL: [https://the-internet.herokuapp.com/] @27-10-2021 01:55:27.0366 AM
[ReportManager] Initial URL: [data:,] @27-10-2021 01:55:27.0420 AM
[ReportManager] Browser Action [NavigateToURL] successfully performed. With the following test data [https://the-internet.herokuapp.com/]. @27-10-2021 01:55:27.0815 A

################################################################################################################################################
Starting Execution:	[83 out of 143] test cases in the current suite
Test Method:		[testPackage01.Test_NewValidationHelper.f18]
################################################################################################################################################
[ReportManager] Element Action [GetText] successfully performed. With the following test data [Welcome to the-internet]. @27-10-2021 01:55:27.0955 AM
[ReportManager] Loaded Shared OpenCV @27-10-2021 01:55:28.0118 AM
[ReportManager] Assertion [ValidateElementAttribute] PASSED. Expected [Value Should not be 'no' for the 'text' attribute, element locator 'By.tagName: h1'] and Actual [Welcome to the-internet]. Comparison Type [CONTAINS]. Validation Type [NEGATIVE]. @27-10-2021 01:55:28.0195 AM
[ReportManager] Successfully created attachment [Screenshot - 1635299728118_f18_ValidateElementAttribute_passed] @27-10-2021 01:55:28.0196 A
[ReportManager] Successfully Closed All Drivers. @27-10-2021 01:55:28.0290 A

################################################################################################################################################
Starting Execution:	[84 out of 143] test cases in the current suite
Test Method:		[testPackage01.Test_NewValidationHelper.f2]
################################################################################################################################################
[ReportManager] Assertion Failed: Checking valid user data @27-10-2021 01:55:28.0295 AM
[ReportManager] Assertion [ValidateEquals] FAILED. Expected [1] and Actual [2]. Comparison Type [EQUALS]. Validation Type [POSITIVE]. @27-10-2021 01:55:28.0296 A
[ReportManager] File Action [GetAbsolutePath] successfully performed. With the following test data [Relative Folder Path: "target/downloadedFiles/"]. @27-10-2021 01:55:28.0299 AM
[ReportManager] Attempting to run remotely on: [Linux-64], [GoogleChrome], [http://localhost:4444/wd/hub], Headless Execution. @27-10-2021 01:55:28.0299 AM
[ReportManager] Successfully Opened [GoogleChrome]. @27-10-2021 01:55:32.0379 AM
[ReportManager] Target URL: [https://the-internet.herokuapp.com/] @27-10-2021 01:55:32.0380 AM
[ReportManager] Initial URL: [data:,] @27-10-2021 01:55:32.0444 AM
[ReportManager] Browser Action [NavigateToURL] successfully performed. With the following test data [https://the-internet.herokuapp.com/]. @27-10-2021 01:55:32.0917 A

################################################################################################################################################
Starting Execution:	[85 out of 143] test cases in the current suite
Test Method:		[testPackage01.Test_NewValidationHelper.f20]
################################################################################################################################################
[ReportManager] Element Action [GetSize] successfully performed. With the following test data [(755, 61)]. @27-10-2021 01:55:32.0988 AM
[ReportManager] Loaded Shared OpenCV @27-10-2021 01:55:33.0151 AM
[ReportManager] Assertion [ValidateElementAttribute] PASSED. Expected [Value Should not be 'a' for the 'size' attribute, element locator 'By.tagName: h1'] and Actual [(755, 61)]. Comparison Type [CONTAINS]. Validation Type [NEGATIVE]. @27-10-2021 01:55:33.0247 AM
[ReportManager] Successfully created attachment [Screenshot - 1635299733151_f20_ValidateElementAttribute_passed] @27-10-2021 01:55:33.0248 A
[ReportManager] Successfully Closed All Drivers. @27-10-2021 01:55:33.0335 A
[ReportManager] File Action [GetAbsolutePath] successfully performed. With the following test data [Relative Folder Path: "target/downloadedFiles/"]. @27-10-2021 01:55:33.0339 AM
[ReportManager] Attempting to run remotely on: [Linux-64], [GoogleChrome], [http://localhost:4444/wd/hub], Headless Execution. @27-10-2021 01:55:33.0339 AM
[ReportManager] Successfully Opened [GoogleChrome]. @27-10-2021 01:55:37.0382 AM
[ReportManager] Target URL: [https://the-internet.herokuapp.com/] @27-10-2021 01:55:37.0382 AM
[ReportManager] Initial URL: [data:,] @27-10-2021 01:55:37.0456 AM
[ReportManager] Browser Action [NavigateToURL] successfully performed. With the following test data [https://the-internet.herokuapp.com/]. @27-10-2021 01:55:37.0857 A

################################################################################################################################################
Starting Execution:	[86 out of 143] test cases in the current suite
Test Method:		[testPackage01.Test_NewValidationHelper.f21]
################################################################################################################################################
[ReportManager] Element Action [IdentifyUniqueElement] failed. With the following test data [zero elements found matching this locator "By.tagName: h3".]. @27-10-2021 01:56:03.0458 AM
[ReportManager] Successfully created attachment [Screenshot - 1635299763381_f21_IdentifyUniqueElement_failed] @27-10-2021 01:56:03.0459 AM
[ReportManager] Assertion [ValidateElementAttribute] FAILED. Expected [Value Should be 'Welcome' for the 'text' attribute, element locator 'By.tagName: h3'] and Actual [Failed to read the desired element attribute]. Comparison Type [CONTAINS]. Validation Type [POSITIVE]. @27-10-2021 01:56:03.0460 A
[ReportManager] Successfully Closed All Drivers. @27-10-2021 01:56:03.0555 A
[ReportManager] File Action [GetAbsolutePath] successfully performed. With the following test data [Relative Folder Path: "target/downloadedFiles/"]. @27-10-2021 01:56:03.0557 AM
[ReportManager] Attempting to run remotely on: [Linux-64], [GoogleChrome], [http://localhost:4444/wd/hub], Headless Execution. @27-10-2021 01:56:03.0557 AM
[ReportManager] Successfully Opened [GoogleChrome]. @27-10-2021 01:56:07.0400 AM
[ReportManager] Target URL: [https://the-internet.herokuapp.com/] @27-10-2021 01:56:07.0401 AM
[ReportManager] Initial URL: [data:,] @27-10-2021 01:56:07.0489 AM
[ReportManager] Browser Action [NavigateToURL] successfully performed. With the following test data [https://the-internet.herokuapp.com/]. @27-10-2021 01:56:07.0960 A

################################################################################################################################################
Starting Execution:	[87 out of 143] test cases in the current suite
Test Method:		[testPackage01.Test_NewValidationHelper.f22]
################################################################################################################################################
[ReportManager] Element Action [GetText] successfully performed. With the following test data [Welcome to the-internet]. @27-10-2021 01:56:08.0065 AM
[ReportManager] Loaded Shared OpenCV @27-10-2021 01:56:08.0233 AM
[ReportManager] Assertion [ValidateElementAttribute] FAILED. Expected [Value Should be 'yyy' for the 'text' attribute, element locator 'By.tagName: h1'] and Actual [Welcome to the-internet]. Comparison Type [CONTAINS]. Validation Type [POSITIVE]. @27-10-2021 01:56:08.0315 AM
[ReportManager] Successfully created attachment [Screenshot - 1635299768233_f22_ValidateElementAttribute_failed] @27-10-2021 01:56:08.0316 A
[ReportManager] Successfully Closed All Drivers. @27-10-2021 01:56:08.0405 A

################################################################################################################################################
Starting Execution:	[88 out of 143] test cases in the current suite
Test Method:		[testPackage01.Test_NewValidationHelper.f23]
################################################################################################################################################
[ReportManager] Assertion Passed: confirming that the actual is greater than or equal to the expected @27-10-2021 01:56:08.0408 AM
[ReportManager] Assertion [ValidateComparativeRelation] PASSED. Expected [1] and Actual [1]. Comparison Type [GREATER_THAN_OR_EQUALS]. Validation Type [POSITIVE]. @27-10-2021 01:56:08.0408 A

################################################################################################################################################
Starting Execution:	[89 out of 143] test cases in the current suite
Test Method:		[testPackage01.Test_NewValidationHelper.f24]
################################################################################################################################################
[ReportManager] Assertion [ValidateComparativeRelation] PASSED. Expected [1] and Actual [10]. Comparison Type [GREATER_THAN_OR_EQUALS]. Validation Type [POSITIVE]. @27-10-2021 01:56:08.0412 A

################################################################################################################################################
Starting Execution:	[90 out of 143] test cases in the current suite
Test Method:		[testPackage01.Test_NewValidationHelper.f25]
################################################################################################################################################
[ReportManager] Assertion [ValidateComparativeRelation] PASSED. Expected [1] and Actual [1]. Comparison Type [EQUALS]. Validation Type [POSITIVE]. @27-10-2021 01:56:08.0414 A

################################################################################################################################################
Starting Execution:	[91 out of 143] test cases in the current suite
Test Method:		[testPackage01.Test_NewValidationHelper.f26]
################################################################################################################################################
[ReportManager] Assertion [ValidateComparativeRelation] PASSED. Expected [1] and Actual [5]. Comparison Type [GREATER_THAN]. Validation Type [POSITIVE]. @27-10-2021 01:56:08.0417 A

################################################################################################################################################
Starting Execution:	[92 out of 143] test cases in the current suite
Test Method:		[testPackage01.Test_NewValidationHelper.f27]
################################################################################################################################################
[ReportManager] Assertion [ValidateComparativeRelation] PASSED. Expected [11] and Actual [5]. Comparison Type [LESS_THAN]. Validation Type [POSITIVE]. @27-10-2021 01:56:08.0419 A

################################################################################################################################################
Starting Execution:	[93 out of 143] test cases in the current suite
Test Method:		[testPackage01.Test_NewValidationHelper.f28]
################################################################################################################################################
[ReportManager] Assertion [ValidateComparativeRelation] PASSED. Expected [11] and Actual [5]. Comparison Type [LESS_THAN_OR_EQUALS]. Validation Type [POSITIVE]. @27-10-2021 01:56:08.0422 A

################################################################################################################################################
Starting Execution:	[94 out of 143] test cases in the current suite
Test Method:		[testPackage01.Test_NewValidationHelper.f29]
################################################################################################################################################
[ReportManager] Assertion [ValidateComparativeRelation] PASSED. Expected [11] and Actual [11]. Comparison Type [LESS_THAN_OR_EQUALS]. Validation Type [POSITIVE]. @27-10-2021 01:56:08.0424 A

################################################################################################################################################
Starting Execution:	[95 out of 143] test cases in the current suite
Test Method:		[testPackage01.Test_NewValidationHelper.f3]
################################################################################################################################################
[ReportManager] Assertion [ValidateEquals] PASSED. Expected [1] and Actual [2]. Comparison Type [EQUALS]. Validation Type [NEGATIVE]. @27-10-2021 01:56:08.0433 A

################################################################################################################################################
Starting Execution:	[96 out of 143] test cases in the current suite
Test Method:		[testPackage01.Test_NewValidationHelper.f30]
################################################################################################################################################
[ReportManager] Assertion [ValidateComparativeRelation] FAILED. Expected [-9] and Actual [11]. Comparison Type [LESS_THAN_OR_EQUALS]. Validation Type [POSITIVE]. @27-10-2021 01:56:08.0436 A

################################################################################################################################################
Starting Execution:	[97 out of 143] test cases in the current suite
Test Method:		[testPackage01.Test_NewValidationHelper.f31]
################################################################################################################################################
[ReportManager] Assertion [ValidateTrue] PASSED. Expected [TRUE] and Actual [TRUE]. Validation Type [POSITIVE]. @27-10-2021 01:56:08.0439 A

################################################################################################################################################
Starting Execution:	[98 out of 143] test cases in the current suite
Test Method:		[testPackage01.Test_NewValidationHelper.f32]
################################################################################################################################################
[ReportManager] Assertion [ValidateTrue] PASSED. Expected [FALSE] and Actual [FALSE]. Validation Type [NEGATIVE]. @27-10-2021 01:56:08.0442 A

################################################################################################################################################
Starting Execution:	[99 out of 143] test cases in the current suite
Test Method:		[testPackage01.Test_NewValidationHelper.f33]
################################################################################################################################################
[ReportManager] Assertion [ValidateTrue] FAILED. Expected [FALSE] and Actual [TRUE]. Validation Type [NEGATIVE]. @27-10-2021 01:56:08.0446 A

################################################################################################################################################
Starting Execution:	[100 out of 143] test cases in the current suite
Test Method:		[testPackage01.Test_NewValidationHelper.f34]
################################################################################################################################################
[ReportManager] Assertion [ValidateTrue] FAILED. Expected [TRUE] and Actual [FALSE]. Validation Type [POSITIVE]. @27-10-2021 01:56:08.0449 A

################################################################################################################################################
Starting Execution:	[101 out of 143] test cases in the current suite
Test Method:		[testPackage01.Test_NewValidationHelper.f35]
################################################################################################################################################
[ReportManager] File Action [DoesFileExist] successfully performed. With the following test data [File Path: "pom.xml"]. @27-10-2021 01:56:08.0452 AM
[ReportManager] Assertion [ValidateFileExists] PASSED. Expected [File 'pom.xml' should exist, after up to '1' retries] and Actual [File exists]. Validation Type [POSITIVE]. @27-10-2021 01:56:08.0452 A

################################################################################################################################################
Starting Execution:	[102 out of 143] test cases in the current suite
Test Method:		[testPackage01.Test_NewValidationHelper.f36]
################################################################################################################################################
[ReportManager] File Action [DoesFileExist] successfully performed. With the following test data [File Path: "src/test/java/testPackage01/Test_NewValidationHelper.java"]. @27-10-2021 01:56:08.0457 AM
[ReportManager] Assertion [ValidateFileExists] PASSED. Expected [File 'src/test/java/testPackage01/Test_NewValidationHelper.java' should exist, after up to '1' retries] and Actual [File exists]. Validation Type [POSITIVE]. @27-10-2021 01:56:08.0457 A

################################################################################################################################################
Starting Execution:	[103 out of 143] test cases in the current suite
Test Method:		[testPackage01.Test_NewValidationHelper.f37]
################################################################################################################################################
[ReportManager] File Action [DoesFileExist] successfully performed. With the following test data [File Path: "pom.xml"]. @27-10-2021 01:56:08.0460 AM
[ReportManager] Assertion Failed: confirming that the file does't exist after 5 retries @27-10-2021 01:56:08.0461 AM
[ReportManager] Assertion [ValidateFileExists] FAILED. Expected [File 'pom.xml' should not exist, after up to '5' retries] and Actual [File exists]. Validation Type [NEGATIVE]. @27-10-2021 01:56:08.0461 A

################################################################################################################################################
Starting Execution:	[104 out of 143] test cases in the current suite
Test Method:		[testPackage01.Test_NewValidationHelper.f3_1]
################################################################################################################################################
[ReportManager] Assertion Passed: Checking valid user data @27-10-2021 01:56:08.0464 AM
[ReportManager] Assertion [ValidateEquals] PASSED. Expected [null] and Actual [null]. Comparison Type [EQUALS]. Validation Type [POSITIVE]. @27-10-2021 01:56:08.0464 A

################################################################################################################################################
Starting Execution:	[105 out of 143] test cases in the current suite
Test Method:		[testPackage01.Test_NewValidationHelper.f4]
################################################################################################################################################
[ReportManager] Assertion [ValidateEquals] PASSED. Expected [1] and Actual [123]. Comparison Type [CONTAINS]. Validation Type [POSITIVE]. @27-10-2021 01:56:08.0469 A

################################################################################################################################################
Starting Execution:	[106 out of 143] test cases in the current suite
Test Method:		[testPackage01.Test_NewValidationHelper.f5]
################################################################################################################################################
[ReportManager] Assertion [ValidateNull] PASSED. Expected [NULL] and Actual [1]. Comparison Type [EQUALS]. Validation Type [NEGATIVE]. @27-10-2021 01:56:08.0472 A

################################################################################################################################################
Starting Execution:	[107 out of 143] test cases in the current suite
Test Method:		[testPackage01.Test_NewValidationHelper.f6]
################################################################################################################################################
[ReportManager] Assertion Failed: Making sure that null string is not equal to null object @27-10-2021 01:56:08.0475 AM
[ReportManager] Assertion [ValidateNull] FAILED. Expected [NULL] and Actual [NULL]. Comparison Type [EQUALS]. Validation Type [POSITIVE]. @27-10-2021 01:56:08.0475 A

################################################################################################################################################
Starting Execution:	[108 out of 143] test cases in the current suite
Test Method:		[testPackage01.Test_NewValidationHelper.f6_1]
################################################################################################################################################
[ReportManager] Assertion [ValidateNull] FAILED. Expected [NULL] and Actual [NULL]. Comparison Type [EQUALS]. Validation Type [NEGATIVE]. @27-10-2021 01:56:08.0479 A

################################################################################################################################################
Starting Execution:	[109 out of 143] test cases in the current suite
Test Method:		[testPackage01.Test_NewValidationHelper.f6_2]
################################################################################################################################################
[ReportManager] Assertion Failed: Making sure that null string is not equal to null object @27-10-2021 01:56:08.0482 AM
[ReportManager] Assertion [ValidateNull] FAILED. Expected [NULL] and Actual [not null]. Comparison Type [EQUALS]. Validation Type [POSITIVE]. @27-10-2021 01:56:08.0482 A

################################################################################################################################################
Starting Execution:	[110 out of 143] test cases in the current suite
Test Method:		[testPackage01.Test_NewValidationHelper.f7]
################################################################################################################################################
[ReportManager] Assertion [ValidateNull] PASSED. Expected [NULL] and Actual [NULL]. Comparison Type [EQUALS]. Validation Type [POSITIVE]. @27-10-2021 01:56:08.0487 A
[ReportManager] File Action [GetAbsolutePath] successfully performed. With the following test data [Relative Folder Path: "target/downloadedFiles/"]. @27-10-2021 01:56:08.0489 AM
[ReportManager] Attempting to run remotely on: [Linux-64], [GoogleChrome], [http://localhost:4444/wd/hub], Headless Execution. @27-10-2021 01:56:08.0490 AM
[ReportManager] Successfully Opened [GoogleChrome]. @27-10-2021 01:56:12.0450 AM
[ReportManager] Target URL: [https://the-internet.herokuapp.com/] @27-10-2021 01:56:12.0450 AM
[ReportManager] Initial URL: [data:,] @27-10-2021 01:56:12.0505 AM
[ReportManager] Browser Action [NavigateToURL] successfully performed. With the following test data [https://the-internet.herokuapp.com/]. @27-10-2021 01:56:12.0946 A

################################################################################################################################################
Starting Execution:	[111 out of 143] test cases in the current suite
Test Method:		[testPackage01.Test_NewValidationHelper.f8]
################################################################################################################################################
[ReportManager] Loaded Shared OpenCV @27-10-2021 01:56:13.0281 AM
[ReportManager] Assertion [ValidateElementExists] PASSED. Expected [Element Should Exist, locator 'By.tagName: h1'] and Actual [Element Exists]. Comparison Type [EQUALS]. Validation Type [POSITIVE]. @27-10-2021 01:56:13.0364 AM
[ReportManager] Successfully created attachment [Screenshot - 1635299773280_f8_ValidateElementExists_passed] @27-10-2021 01:56:13.0365 A
[ReportManager] Successfully Closed All Drivers. @27-10-2021 01:56:13.0454 A
[ReportManager] File Action [GetAbsolutePath] successfully performed. With the following test data [Relative Folder Path: "target/downloadedFiles/"]. @27-10-2021 01:56:13.0456 AM
[ReportManager] Attempting to run remotely on: [Linux-64], [GoogleChrome], [http://localhost:4444/wd/hub], Headless Execution. @27-10-2021 01:56:13.0457 AM
[ReportManager] Successfully Opened [GoogleChrome]. @27-10-2021 01:56:17.0410 AM
[ReportManager] Target URL: [https://the-internet.herokuapp.com/] @27-10-2021 01:56:17.0411 AM
[ReportManager] Initial URL: [data:,] @27-10-2021 01:56:17.0471 AM
[ReportManager] Browser Action [NavigateToURL] successfully performed. With the following test data [https://the-internet.herokuapp.com/]. @27-10-2021 01:56:17.0954 A

################################################################################################################################################
Starting Execution:	[112 out of 143] test cases in the current suite
Test Method:		[testPackage01.Test_NewValidationHelper.f9]
################################################################################################################################################
[ReportManager] Assertion [ValidateElementExists] FAILED. Expected [Element Should Exist, locator 'By.tagName: h3'] and Actual [Element Doesn't Exists]. Comparison Type [EQUALS]. Validation Type [POSITIVE]. @27-10-2021 01:56:48.0696 AM
[ReportManager] Successfully created attachment [Screenshot - 1635299808628_f9_ValidateElementExists_failed] @27-10-2021 01:56:48.0697 A
[ReportManager] Successfully Closed All Drivers. @27-10-2021 01:56:48.0786 A

################################################################################################################################################
Starting Execution:	[113 out of 143] test cases in the current suite
Test Method:		[testPackage01.Test_NewValidationHelper.forceFail]
################################################################################################################################################
[ReportManager] Assertion [ValidateFail] FAILED. Successfully force failed the test. @27-10-2021 01:56:48.0789 A

################################################################################################################################################
Starting Execution:	[114 out of 143] test cases in the current suite
Test Method:		[testPackage01.Test_NewValidationHelper.forceFail2]
################################################################################################################################################
[ReportManager] Assertion Failed: Custom Message @27-10-2021 01:56:48.0791 AM
[ReportManager] Assertion [ValidateFail] FAILED. Successfully force failed the test. @27-10-2021 01:56:48.0791 A

################################################################################################################################################
Starting Execution:	[115 out of 143] test cases in the current suite
Test Method:		[testPackage01.Test_sendGraphqlRequest.sendGraphqlRequestUsingMutationAndVariables]
################################################################################################################################################
[ReportManager] GraphQl Request is being Performed with the Following Parameters [Service URL: https://api.spacex.land/graphql | Request Body: {"variables":"{\"name\": \"sherlock holmes\",\"rocket\": \"221B Baker Street\"}","query":"mutation ($name: String, $rocket: String) {\n  insert_users(objects: {name: $name, rocket: $rocket}) {\n    returning {\n      name\n      rocket\n    }\n  }\n}"}] @27-10-2021 01:56:48.0796 AM
[ReportManager] Response status code: [200], status line: [HTTP/1.1 200 OK] @27-10-2021 01:56:49.0230 AM
[ReportManager] Assertion Passed: Evaluating the actual response status code against the expected one... @27-10-2021 01:56:49.0231 AM
[ReportManager] Assertion [ValidateEquals] PASSED. Expected [200] and Actual [200]. Comparison Type [EQUALS]. Validation Type [POSITIVE]. @27-10-2021 01:56:49.0231 AM
[ReportManager] API Action [PerformRequest] successfully performed. With the following test data [Request Type: "POST" | Target Status Code: "200" | Service URL: "https://api.spacex.land/graphql" | Content Type: "application/json" | Response Time: "319ms"]. @27-10-2021 01:56:49.0250 AM
[ReportManager] Successfully created attachment [API Request - Specifications] @27-10-2021 01:56:49.0250 AM
[ReportManager] Successfully created attachment [API Request - JSON Body] @27-10-2021 01:56:49.0251 AM
[ReportManager] Successfully created attachment [API Response - JSON Body] @27-10-2021 01:56:49.0251 AM
[ReportManager] API Action [GetResponseJSONValue] successfully performed. With the following test data [data.insert_users.returning[0].name]. @27-10-2021 01:56:49.0317 AM
[ReportManager] Assertion [ValidateEquals] PASSED. Expected [sherlock holmes] and Actual [sherlock holmes]. Comparison Type [EQUALS]. Validation Type [POSITIVE]. @27-10-2021 01:56:49.0317 A

################################################################################################################################################
Starting Execution:	[116 out of 143] test cases in the current suite
Test Method:		[testPackage01.Test_sendGraphqlRequest.sendGraphqlRequestUsingQuery]
################################################################################################################################################
[ReportManager] GraphQl Request is being Performed with the Following Parameters [Service URL: https://api.spacex.land/graphql | Request Body: {"query":"{company {ceo}}"}] @27-10-2021 01:56:49.0324 AM
[ReportManager] Response status code: [200], status line: [HTTP/1.1 200 OK] @27-10-2021 01:56:49.0401 AM
[ReportManager] Assertion Passed: Evaluating the actual response status code against the expected one... @27-10-2021 01:56:49.0401 AM
[ReportManager] Assertion [ValidateEquals] PASSED. Expected [200] and Actual [200]. Comparison Type [EQUALS]. Validation Type [POSITIVE]. @27-10-2021 01:56:49.0401 AM
[ReportManager] API Action [PerformRequest] successfully performed. With the following test data [Request Type: "POST" | Target Status Code: "200" | Service URL: "https://api.spacex.land/graphql" | Content Type: "application/json" | Response Time: "71ms"]. @27-10-2021 01:56:49.0416 AM
[ReportManager] Successfully created attachment [API Request - Specifications] @27-10-2021 01:56:49.0416 AM
[ReportManager] Successfully created attachment [API Request - JSON Body] @27-10-2021 01:56:49.0417 AM
[ReportManager] Successfully created attachment [API Response - JSON Body] @27-10-2021 01:56:49.0417 AM
[ReportManager] API Action [GetResponseJSONValue] successfully performed. With the following test data [data.company.ceo]. @27-10-2021 01:56:49.0433 AM
[ReportManager] Assertion [ValidateEquals] PASSED. Expected [Elon Musk] and Actual [Elon Musk]. Comparison Type [EQUALS]. Validation Type [POSITIVE]. @27-10-2021 01:56:49.0433 A
[ReportManager] Successfully loaded the following test data file [src/test/resources/TestDataFiles/testSuite01/TestData.xlsx]. @27-10-2021 01:56:49.0489 AM
[ReportManager] Successfully created attachment [Test Data - Excel] @27-10-2021 01:56:49.0489 AM
[ReportManager] File Action [GetAbsolutePath] successfully performed. With the following test data [Relative Folder Path: "target/downloadedFiles/"]. @27-10-2021 01:56:49.0489 AM
[ReportManager] Attempting to run remotely on: [Linux-64], [GoogleChrome], [http://localhost:4444/wd/hub], Headless Execution. @27-10-2021 01:56:49.0490 AM
[ReportManager] Successfully Opened [GoogleChrome]. @27-10-2021 01:56:52.0376 A

################################################################################################################################################
Starting Execution:	[117 out of 143] test cases in the current suite
Test Method:		[testPackage01.Test_google.navigateToURLandVerifyGoogleLogoIsDisplayed]
Test Description:	[TC001 - Navigate to URL and Verify Google Logo is Displayed]
################################################################################################################################################
[ReportManager] Target URL: [https://www.google.com/ncr], and after redirection: [https://www.google.com] @27-10-2021 01:56:52.0381 AM
[ReportManager] Initial URL: [data:,] @27-10-2021 01:56:52.0472 AM
[ReportManager] Browser Action [NavigateToURL] successfully performed. With the following test data [https://www.google.com/ncr]. @27-10-2021 01:56:53.0277 AM
[ReportManager] Loaded Shared OpenCV @27-10-2021 01:56:53.0489 AM
[ReportManager] Assertion [ValidateElementExists] PASSED. Expected [Element Should Exist, locator 'By.xpath: //*[@id='hplogo' or @alt='Google']'] and Actual [Element Exists]. Comparison Type [EQUALS]. Validation Type [POSITIVE]. @27-10-2021 01:56:53.0579 AM
[ReportManager] Successfully created attachment [Screenshot - 1635299813489_navigateToURLandVerifyGoogleLogoIsDisplayed_ValidateElementExists_passed] @27-10-2021 01:56:53.0580 A

################################################################################################################################################
Starting Execution:	[118 out of 143] test cases in the current suite
Test Method:		[testPackage01.Test_google.searchForQueryandAssertResultsNumDisplayed]
Test Description:	[TC002 - Search for Query and Assert that the number of results is displayed]
################################################################################################################################################
[ReportManager] Element Action [Type] successfully performed. With the following test data [SHAFT_Engine]. @27-10-2021 01:56:54.0031 AM
[ReportManager] Element Action [KeyPress] successfully performed. With the following test data [Enter]. @27-10-2021 01:56:55.0366 AM
[ReportManager] Element Action [GetText] successfully performed. With the following test data [About 938,000 results (0.56 seconds) ]. @27-10-2021 01:56:55.0468 AM
[ReportManager] Loaded Shared OpenCV @27-10-2021 01:56:55.0629 AM
[ReportManager] Assertion [ValidateElementAttribute] PASSED. Expected [Value Should not be '' for the 'Text' attribute, element locator 'By.id: appbar'] and Actual [About 938,000 results (0.56 seconds) ]. Comparison Type [EQUALS]. Validation Type [NEGATIVE]. @27-10-2021 01:56:55.0719 AM
[ReportManager] Successfully created attachment [Screenshot - 1635299815629_searchForQueryandAssertResultsNumDisplayed_ValidateElementAttribute_passed] @27-10-2021 01:56:55.0721 A

################################################################################################################################################
Starting Execution:	[119 out of 143] test cases in the current suite
Test Method:		[testPackage01.Test_google.clickNextThrice]
Test Description:	[TC003 - Clicks the next button to make sure that the framework can scroll element into view before clicking it]
################################################################################################################################################
[ReportManager] Element Action [Click] successfully performed. With the following test data [Next]. @27-10-2021 01:56:57.0369 A
[ReportManager] Browser Action [CloseCurrentWindow] successfully performed. @27-10-2021 01:56:57.0576 AM
[ReportManager] Successfully created attachment [Browser Action Test Data - CloseCurrentWindow - Actual Value] @27-10-2021 01:56:57.0581 A
[ReportManager] File Action [GetAbsolutePath] successfully performed. With the following test data [Relative Folder Path: "target/downloadedFiles/"]. @27-10-2021 01:56:57.0583 AM
[ReportManager] Attempting to run remotely on: [Linux-64], [GoogleChrome], [http://localhost:4444/wd/hub], Headless Execution. @27-10-2021 01:56:57.0583 AM
[ReportManager] Successfully Opened [GoogleChrome]. @27-10-2021 01:57:02.0374 A

################################################################################################################################################
Starting Execution:	[120 out of 143] test cases in the current suite
Test Method:		[testPackage01.Test_ShadowDOM.shadowdom]
################################################################################################################################################
[ReportManager] Target URL: [https://mdn.github.io/web-components-examples/popup-info-box-web-component/] @27-10-2021 01:57:02.0377 AM
[ReportManager] Initial URL: [data:,] @27-10-2021 01:57:02.0461 AM
[ReportManager] Browser Action [NavigateToURL] successfully performed. With the following test data [https://mdn.github.io/web-components-examples/popup-info-box-web-component/]. @27-10-2021 01:57:02.0840 AM
[ReportManager] Element Action [Type] successfully performed. With the following test data [Typing into SHADOW DOM...]. @27-10-2021 01:57:03.0239 AM
[ReportManager] Element Action [GetText] successfully performed. With the following test data [Typing into SHADOW DOM...]. @27-10-2021 01:57:03.0373 AM
[ReportManager] Loaded Shared OpenCV @27-10-2021 01:57:03.0538 AM
[ReportManager] Assertion [ValidateElementAttribute] PASSED. Expected [Value Should be 'Typing into SHADOW DOM...' for the 'Text' attribute, element locator 'By.id: cvc'] and Actual [Typing into SHADOW DOM...]. Comparison Type [EQUALS]. Validation Type [POSITIVE]. @27-10-2021 01:57:03.0616 AM
[ReportManager] Successfully created attachment [Screenshot - 1635299823538_shadowdom_ValidateElementAttribute_passed] @27-10-2021 01:57:03.0617 A
[ReportManager] Browser Action [CloseCurrentWindow] successfully performed. @27-10-2021 01:57:03.0720 AM
[ReportManager] Successfully created attachment [Browser Action Test Data - CloseCurrentWindow - Actual Value] @27-10-2021 01:57:03.0720 A

################################################################################################################################################
Starting Execution:	[121 out of 143] test cases in the current suite
Test Method:		[testPackage01.Test_AssertApiResponseEquals.assertApiResponseEquals_expectedToPass]
################################################################################################################################################
[ReportManager] Response status code: [200], status line: [HTTP/1.1 200 OK] @27-10-2021 01:57:03.0800 AM
[ReportManager] Assertion Passed: Evaluating the actual response status code against the expected one... @27-10-2021 01:57:03.0800 AM
[ReportManager] Assertion [ValidateEquals] PASSED. Expected [200] and Actual [200]. Comparison Type [EQUALS]. Validation Type [POSITIVE]. @27-10-2021 01:57:03.0800 AM
[ReportManager] API Action [PerformRequest] successfully performed. With the following test data [Request Type: "GET" | Target Status Code: "200" | Service URL: "https://jsonplaceholder.typicode.com/users" | Content Type: "*/*" | Response Time: "73ms"]. @27-10-2021 01:57:03.0836 AM
[ReportManager] Successfully created attachment [API Request - Specifications] @27-10-2021 01:57:03.0837 AM
[ReportManager] Successfully created attachment [API Response - JSON Body] @27-10-2021 01:57:03.0838 AM
[ReportManager] API Action [GetResponseJSONValueAsList] successfully performed. With the following test data [$]. @27-10-2021 01:57:03.0845 AM
[ReportManager] API Action [GetResponseJSONValue] successfully performed. With the following test data [name]. @27-10-2021 01:57:03.0864 AM
[ReportManager] API Action [GetResponseJSONValue] successfully performed. With the following test data [email]. @27-10-2021 01:57:03.0885 AM
[ReportManager] Verification [ValidateEquals] PASSED. Expected [Sincere@april.biz] and Actual [Sincere@april.biz]. Comparison Type [EQUALS]. Validation Type [POSITIVE]. @27-10-2021 01:57:03.0886 AM
[ReportManager] API Action [GetResponseJSONValue] successfully performed. With the following test data [username]. @27-10-2021 01:57:03.0908 AM
[ReportManager] Assertion [ValidateEquals] PASSED. Expected [Bret] and Actual [Bret]. Comparison Type [EQUALS]. Validation Type [POSITIVE]. @27-10-2021 01:57:03.0908 AM
[ReportManager] API Action [GetResponseJSONValue] successfully performed. With the following test data [name]. @27-10-2021 01:57:03.0926 AM
[ReportManager] API Action [GetResponseJSONValue] successfully performed. With the following test data [name]. @27-10-2021 01:57:03.0937 AM
[ReportManager] API Action [GetResponseJSONValue] successfully performed. With the following test data [name]. @27-10-2021 01:57:03.0953 AM
[ReportManager] API Action [GetResponseJSONValue] successfully performed. With the following test data [name]. @27-10-2021 01:57:03.0973 AM
[ReportManager] API Action [GetResponseJSONValue] successfully performed. With the following test data [name]. @27-10-2021 01:57:03.0987 AM
[ReportManager] API Action [GetResponseJSONValue] successfully performed. With the following test data [name]. @27-10-2021 01:57:04.0037 AM
[ReportManager] API Action [GetResponseJSONValue] successfully performed. With the following test data [name]. @27-10-2021 01:57:04.0052 AM
[ReportManager] API Action [GetResponseJSONValue] successfully performed. With the following test data [name]. @27-10-2021 01:57:04.0063 AM
[ReportManager] API Action [GetResponseJSONValue] successfully performed. With the following test data [name]. @27-10-2021 01:57:04.0074 A
[ReportManager] File Action [GetAbsolutePath] successfully performed. With the following test data [Relative Folder Path: "target/downloadedFiles/"]. @27-10-2021 01:57:04.0077 AM
[ReportManager] Attempting to run remotely on: [Linux-64], [GoogleChrome], [http://localhost:4444/wd/hub], Headless Execution. @27-10-2021 01:57:04.0077 AM
[ReportManager] Successfully Opened [GoogleChrome]. @27-10-2021 01:57:07.0386 A

################################################################################################################################################
Starting Execution:	[122 out of 143] test cases in the current suite
Test Method:		[testPackage01.Test_IsElementClickable.testIsElementClickable]
################################################################################################################################################
[ReportManager] Target URL: [https://the-internet.herokuapp.com/] @27-10-2021 01:57:07.0389 AM
[ReportManager] Initial URL: [data:,] @27-10-2021 01:57:07.0451 AM
[ReportManager] Browser Action [NavigateToURL] successfully performed. With the following test data [https://the-internet.herokuapp.com/]. @27-10-2021 01:57:07.0896 AM
[ReportManager] Element Action [IsElementClickable] successfully performed. @27-10-2021 01:57:08.0075 AM
[ReportManager] Assertion [ValidateTrue] PASSED. Expected [TRUE] and Actual [TRUE]. Validation Type [POSITIVE]. @27-10-2021 01:57:08.0076 A
[ReportManager] Browser Action [CloseCurrentWindow] successfully performed. @27-10-2021 01:57:08.0196 AM
[ReportManager] Successfully created attachment [Browser Action Test Data - CloseCurrentWindow - Actual Value] @27-10-2021 01:57:08.0196 A

################################################################################################################################################
Starting Execution:	[123 out of 143] test cases in the current suite
Test Method:		[testPackage01.Test_JsonCompareWithSpecialCharacters.specialCharacters]
################################################################################################################################################
[ReportManager] File Action [GetAbsolutePath] successfully performed. With the following test data [Relative Folder Path: "src/test/resources/TestJsonFiles/specialCharacters.json"]. @27-10-2021 01:57:08.0201 AM
[ReportManager] File Action [ReadFromFile] successfully performed. With the following test data [File Path: "/home/runner/work/SHAFT_ENGINE/SHAFT_ENGINE/src/test/resources/TestJsonFiles/specialCharacters.json"]. @27-10-2021 01:57:08.0207 AM
[ReportManager] Successfully created attachment [File Action Actual Result - Command Log] @27-10-2021 01:57:08.0207 AM
[ReportManager] Comparing the provided API response with the file at this path "src/test/resources/TestJsonFiles/specialCharacters.json", comparison type "EQUALS" @27-10-2021 01:57:08.0207 AM
[ReportManager] API Action [CompareJSON] successfully performed. With the following test data [src/test/resources/TestJsonFiles/specialCharacters.json]. @27-10-2021 01:57:08.0218 AM
[ReportManager] File Action [GetAbsolutePath] successfully performed. With the following test data [Relative Folder Path: "src/test/resources/TestJsonFiles/specialCharacters.json"]. @27-10-2021 01:57:08.0218 AM
[ReportManager] File Action [ReadFromFile] successfully performed. With the following test data [File Path: "/home/runner/work/SHAFT_ENGINE/SHAFT_ENGINE/src/test/resources/TestJsonFiles/specialCharacters.json"]. @27-10-2021 01:57:08.0218 AM
[ReportManager] Verification [ValidateJSONFileContent] PASSED. Expected [Response data should match the JSON File in this path 'src/test/resources/TestJsonFiles/specialCharacters.json'] and Actual [TRUE]. Comparison Type [EQUALS]. Validation Type [POSITIVE]. @27-10-2021 01:57:08.0222 AM
[ReportManager] Successfully created attachment [Validation Test Data - Expected JSON Value] @27-10-2021 01:57:08.0230 AM
[ReportManager] Successfully created attachment [Validation Test Data - Actual JSON Value] @27-10-2021 01:57:08.0231 A

################################################################################################################################################
Starting Execution:	[124 out of 143] test cases in the current suite
Test Method:		[testPackage01.Test_JsonCompareWithSpecialCharacters.specialCharacters_assertion]
################################################################################################################################################
[ReportManager] File Action [GetAbsolutePath] successfully performed. With the following test data [Relative Folder Path: "src/test/resources/TestJsonFiles/specialCharacters.json"]. @27-10-2021 01:57:08.0244 AM
[ReportManager] File Action [ReadFromFile] successfully performed. With the following test data [File Path: "/home/runner/work/SHAFT_ENGINE/SHAFT_ENGINE/src/test/resources/TestJsonFiles/specialCharacters.json"]. @27-10-2021 01:57:08.0244 AM
[ReportManager] Successfully created attachment [File Action Actual Result - Command Log] @27-10-2021 01:57:08.0244 AM
[ReportManager] Comparing the provided API response with the file at this path "src/test/resources/TestJsonFiles/specialCharacters.json", comparison type "CONTAINS" @27-10-2021 01:57:08.0245 AM
[ReportManager] API Action [CompareJSON] successfully performed. With the following test data [src/test/resources/TestJsonFiles/specialCharacters.json]. @27-10-2021 01:57:08.0277 AM
[ReportManager] File Action [GetAbsolutePath] successfully performed. With the following test data [Relative Folder Path: "src/test/resources/TestJsonFiles/specialCharacters.json"]. @27-10-2021 01:57:08.0277 AM
[ReportManager] File Action [ReadFromFile] successfully performed. With the following test data [File Path: "/home/runner/work/SHAFT_ENGINE/SHAFT_ENGINE/src/test/resources/TestJsonFiles/specialCharacters.json"]. @27-10-2021 01:57:08.0277 AM
[ReportManager] Assertion Passed: trying out the log message @27-10-2021 01:57:08.0290 AM
[ReportManager] Successfully created attachment [Validation Test Data - Expected JSON Value] @27-10-2021 01:57:08.0290 AM
[ReportManager] Successfully created attachment [Validation Test Data - Actual JSON Value] @27-10-2021 01:57:08.0291 AM
[ReportManager] Assertion [ValidateJSONFileContent] PASSED. Expected [Response data should match the JSON File in this path 'src/test/resources/TestJsonFiles/specialCharacters.json'] and Actual [TRUE]. Comparison Type [CONTAINS]. Validation Type [POSITIVE]. @27-10-2021 01:57:08.0291 A
[ReportManager] File Action [GetAbsolutePath] successfully performed. With the following test data [Relative Folder Path: "target/downloadedFiles/"]. @27-10-2021 01:57:08.0294 AM
[ReportManager] Attempting to run remotely on: [Linux-64], [GoogleChrome], [http://localhost:4444/wd/hub], Headless Execution. @27-10-2021 01:57:08.0307 AM
[ReportManager] Successfully Opened [GoogleChrome]. @27-10-2021 01:57:12.0439 A

################################################################################################################################################
Starting Execution:	[125 out of 143] test cases in the current suite
Test Method:		[testPackage01.Test_assertEquals.test_assertElementAttribute]
################################################################################################################################################
[ReportManager] Target URL: [https://www.google.com/ncr], and after redirection: [https://www.google.com] @27-10-2021 01:57:12.0445 AM
[ReportManager] Initial URL: [data:,] @27-10-2021 01:57:12.0523 AM
[ReportManager] Browser Action [NavigateToURL] successfully performed. With the following test data [https://www.google.com/ncr]. @27-10-2021 01:57:13.0329 AM
[ReportManager] Element Action [Type] successfully performed. With the following test data [INC_004010050:Another SCHEDULER with the same name [Duplicate Job Name] already exists.]. @27-10-2021 01:57:14.0299 AM
[ReportManager] Element Action [GetText] successfully performed. With the following test data [INC_004010050:Another SCHEDULER with the same name [Duplicate Job Name] already exists.]. @27-10-2021 01:57:14.0460 AM
[ReportManager] Loaded Shared OpenCV @27-10-2021 01:57:14.0606 AM
[ReportManager] Assertion [ValidateElementAttribute] PASSED. Expected [Value Should be 'INC_004010050:Another SCHEDULER with the same name \[Duplicate Job Name\] already exists.' for the 'text' attribute, element locator 'By.name: q'] and Actual [INC_004010050:Another SCHEDULER with the same name [Duplicate Job Name] already exists.]. Comparison Type [MATCHES]. Validation Type [POSITIVE]. @27-10-2021 01:57:14.0679 AM
[ReportManager] Successfully created attachment [Screenshot - 1635299834606_test_assertElementAttribute_ValidateElementAttribute_passed] @27-10-2021 01:57:14.0680 A
[ReportManager] Browser Action [CloseCurrentWindow] successfully performed. @27-10-2021 01:57:14.0828 AM
[ReportManager] Successfully created attachment [Browser Action Test Data - CloseCurrentWindow - Actual Value] @27-10-2021 01:57:14.0828 A
[ReportManager] File Action [GetAbsolutePath] successfully performed. With the following test data [Relative Folder Path: "target/downloadedFiles/"]. @27-10-2021 01:57:14.0830 AM
[ReportManager] Attempting to run remotely on: [Linux-64], [GoogleChrome], [http://localhost:4444/wd/hub], Headless Execution. @27-10-2021 01:57:14.0831 AM
[ReportManager] Successfully Opened [GoogleChrome]. @27-10-2021 01:57:17.0400 A

################################################################################################################################################
Starting Execution:	[126 out of 143] test cases in the current suite
Test Method:		[testPackage01.Test_verifyEquals.test_assertElementAttribute]
################################################################################################################################################
[ReportManager] Target URL: [https://www.google.com/ncr], and after redirection: [https://www.google.com] @27-10-2021 01:57:17.0403 AM
[ReportManager] Initial URL: [data:,] @27-10-2021 01:57:17.0461 AM
[ReportManager] Browser Action [NavigateToURL] successfully performed. With the following test data [https://www.google.com/ncr]. @27-10-2021 01:57:18.0230 AM
[ReportManager] Element Action [Type] successfully performed. With the following test data [INC_004010050:Another SCHEDULER with the same name [Duplicate Job Name] already exists.]. @27-10-2021 01:57:19.0110 AM
[ReportManager] Element Action [GetText] successfully performed. With the following test data [INC_004010050:Another SCHEDULER with the same name [Duplicate Job Name] already exists.]. @27-10-2021 01:57:19.0227 AM
[ReportManager] Loaded Shared OpenCV @27-10-2021 01:57:19.0392 AM
[ReportManager] Verification [ValidateElementAttribute] PASSED. Expected [Value Should be 'INC_004010050:Another SCHEDULER with the same name \[Duplicate Job Name\] already exists.' for the 'text' attribute, element locator 'By.name: q'] and Actual [INC_004010050:Another SCHEDULER with the same name [Duplicate Job Name] already exists.]. Comparison Type [MATCHES]. Validation Type [POSITIVE]. @27-10-2021 01:57:19.0477 AM
[ReportManager] Successfully created attachment [Screenshot - 1635299839392_test_assertElementAttribute_ValidateElementAttribute_passed] @27-10-2021 01:57:19.0478 A
[ReportManager] Browser Action [CloseCurrentWindow] successfully performed. @27-10-2021 01:57:19.0602 AM
[ReportManager] Successfully created attachment [Browser Action Test Data - CloseCurrentWindow - Actual Value] @27-10-2021 01:57:19.0603 A

################################################################################################################################################
Starting Execution:	[127 out of 143] test cases in the current suite
Test Method:		[testPackage01.Test_JsonActions.f]
###############################################################################################################################################

################################################################################################################################################
Starting Execution:	[128 out of 143] test cases in the current suite
Test Method:		[testPackage01.Test_JsonActions.f2]
###############################################################################################################################################

################################################################################################################################################
Starting Execution:	[129 out of 143] test cases in the current suite
Test Method:		[testPackage01.Test_PDF.testPDF_Downloaded]
################################################################################################################################################
[ReportManager] File Action [DoesFileExist] successfully performed. With the following test data [File Path: "src/test/resources/TestDataFiles/sample.pdf"]. @27-10-2021 01:57:19.0628 AM
[ReportManager] File Action [GetAbsolutePath] successfully performed. With the following test data [Relative File Path: "src/test/resources/TestDataFiles/sample.pdf"]. @27-10-2021 01:57:19.0628 AM
[ReportManager] Assertion [ValidateTrue] PASSED. Expected [TRUE] and Actual [TRUE]. Validation Type [POSITIVE]. @27-10-2021 01:57:20.0959 A
[ReportManager] File Action [GetAbsolutePath] successfully performed. With the following test data [Relative Folder Path: "target/downloadedFiles/"]. @27-10-2021 01:57:20.0963 AM
[ReportManager] Attempting to run remotely on: [Linux-64], [GoogleChrome], [http://localhost:4444/wd/hub], Headless Execution. @27-10-2021 01:57:20.0963 AM
[ReportManager] Successfully Opened [GoogleChrome]. @27-10-2021 01:57:22.0393 A

################################################################################################################################################
Starting Execution:	[130 out of 143] test cases in the current suite
Test Method:		[testPackage01.Test_dragAndDrop.dragAndDropJquery]
################################################################################################################################################
[ReportManager] Target URL: [https://jqueryui.com/resources/demos/droppable/default.html] @27-10-2021 01:57:22.0398 AM
[ReportManager] Initial URL: [data:,] @27-10-2021 01:57:22.0449 AM
[ReportManager] Browser Action [NavigateToURL] successfully performed. With the following test data [https://jqueryui.com/resources/demos/droppable/default.html]. @27-10-2021 01:57:22.0883 AM
[ReportManager] Element Action [GetText] successfully performed. With the following test data [Drop here]. @27-10-2021 01:57:22.0981 AM
[ReportManager] Element Action [DragAndDrop] successfully performed. With the following test data [Start point: (8, 18), End point: (8, 18)]. @27-10-2021 01:57:24.0485 AM
[ReportManager] Element Action [GetText] successfully performed. With the following test data [Dropped!]. @27-10-2021 01:57:24.0564 AM
[ReportManager] Assertion Passed: Checking to see if the text has changed after performing drag and drop @27-10-2021 01:57:24.0565 AM
[ReportManager] Assertion [ValidateEquals] PASSED. Expected [Drop here] and Actual [Dropped!]. Comparison Type [EQUALS]. Validation Type [NEGATIVE]. @27-10-2021 01:57:24.0565 A
[ReportManager] Browser Action [CloseCurrentWindow] successfully performed. @27-10-2021 01:57:24.0702 AM
[ReportManager] Successfully created attachment [Browser Action Test Data - CloseCurrentWindow - Actual Value] @27-10-2021 01:57:24.0702 A
[ReportManager] File Action [GetAbsolutePath] successfully performed. With the following test data [Relative Folder Path: "target/downloadedFiles/"]. @27-10-2021 01:57:24.0708 AM
[ReportManager] Attempting to run remotely on: [Linux-64], [GoogleChrome], [http://localhost:4444/wd/hub], Headless Execution. @27-10-2021 01:57:24.0709 AM
[ReportManager] Successfully Opened [GoogleChrome]. @27-10-2021 01:57:27.0386 A

################################################################################################################################################
Starting Execution:	[131 out of 143] test cases in the current suite
Test Method:		[testPackage01.Test_dragAndDrop.dragAndDrop]
Test Description:	[TC001 - Test Drag and Drop function.]
################################################################################################################################################
[ReportManager] Target URL: [http://the-internet.herokuapp.com/drag_and_drop] @27-10-2021 01:57:27.0393 AM
[ReportManager] Initial URL: [data:,] @27-10-2021 01:57:27.0452 AM
[ReportManager] Browser Action [NavigateToURL] successfully performed. With the following test data [http://the-internet.herokuapp.com/drag_and_drop]. @27-10-2021 01:57:27.0812 AM
[ReportManager] Attempting Drag and Drop @27-10-2021 01:57:27.0812 AM
[ReportManager] Element Action [DragAndDrop] successfully performed. With the following test data [Start point: (32, 89), End point: (247, 89)]. @27-10-2021 01:57:29.0012 A
[ReportManager] Browser Action [CloseCurrentWindow] successfully performed. @27-10-2021 01:57:29.0135 AM
[ReportManager] Successfully created attachment [Browser Action Test Data - CloseCurrentWindow - Actual Value] @27-10-2021 01:57:29.0135 A
[ReportManager] File Action [GetAbsolutePath] successfully performed. With the following test data [Relative Folder Path: "target/downloadedFiles/"]. @27-10-2021 01:57:29.0140 AM
[ReportManager] Attempting to run remotely on: [Linux-64], [GoogleChrome], [http://localhost:4444/wd/hub], Headless Execution. @27-10-2021 01:57:29.0140 AM
[ReportManager] Successfully Opened [GoogleChrome]. @27-10-2021 01:57:32.0364 A

################################################################################################################################################
Starting Execution:	[132 out of 143] test cases in the current suite
Test Method:		[testPackage01.Test_dragAndDrop.dragAndDropByOffset]
Test Description:	[TC002 - Test Drag and Drop by offset function.]
################################################################################################################################################
[ReportManager] Target URL: [https://jqueryui.com/resources/demos/draggable/default.html] @27-10-2021 01:57:32.0366 AM
[ReportManager] Initial URL: [data:,] @27-10-2021 01:57:32.0425 AM
[ReportManager] Browser Action [NavigateToURL] successfully performed. With the following test data [https://jqueryui.com/resources/demos/draggable/default.html]. @27-10-2021 01:57:32.0767 AM
[ReportManager] Element Action [DragAndDropByOffset] successfully performed. With the following test data [Start point: (8, 8), End point: (108, 58)]. @27-10-2021 01:57:33.0276 A
[ReportManager] Browser Action [CloseCurrentWindow] successfully performed. @27-10-2021 01:57:33.0399 AM
[ReportManager] Successfully created attachment [Browser Action Test Data - CloseCurrentWindow - Actual Value] @27-10-2021 01:57:33.0400 A
[ReportManager] File Action [GetAbsolutePath] successfully performed. With the following test data [Relative Folder Path: "target/downloadedFiles/"]. @27-10-2021 01:57:33.0402 AM
[ReportManager] Attempting to run remotely on: [Linux-64], [GoogleChrome], [http://localhost:4444/wd/hub], Headless Execution. @27-10-2021 01:57:33.0402 AM
[ReportManager] Successfully Opened [GoogleChrome]. @27-10-2021 01:57:37.0396 A

################################################################################################################################################
Starting Execution:	[133 out of 143] test cases in the current suite
Test Method:		[testPackage01.Test_clipboardActions.typeTextAndCopyPaste]
################################################################################################################################################
[ReportManager] Target URL: [https://www.google.com/ncr], and after redirection: [https://www.google.com] @27-10-2021 01:57:37.0399 AM
[ReportManager] Initial URL: [data:,] @27-10-2021 01:57:37.0461 AM
[ReportManager] Browser Action [NavigateToURL] successfully performed. With the following test data [https://www.google.com/ncr]. @27-10-2021 01:57:38.0164 AM
[ReportManager] Element Action [Type] successfully performed. With the following test data [FIRST]. @27-10-2021 01:57:38.0625 AM
[ReportManager] Element Action [ClipboardActions] successfully performed. With the following test data [select all]. @27-10-2021 01:57:38.0692 AM
[ReportManager] Element Action [ClipboardActions] successfully performed. With the following test data [copy]. @27-10-2021 01:57:38.0789 AM
[ReportManager] Element Action [ClipboardActions] successfully performed. With the following test data [unselect]. @27-10-2021 01:57:38.0864 AM
[ReportManager] Element Action [ClipboardActions] successfully performed. With the following test data [paste]. @27-10-2021 01:57:38.0988 AM
[ReportManager] Element Action [ClipboardActions] successfully performed. With the following test data [select all]. @27-10-2021 01:57:39.0045 AM
[ReportManager] Element Action [Type] successfully performed. @27-10-2021 01:57:39.0411 AM
[ReportManager] Element Action [ClipboardActions] successfully performed. With the following test data [cut]. @27-10-2021 01:57:39.0412 AM
[ReportManager] Element Action [ClipboardActions] successfully performed. With the following test data [paste]. @27-10-2021 01:57:39.0475 AM
[ReportManager] Element Action [ClipboardActions] successfully performed. With the following test data [paste]. @27-10-2021 01:57:39.0534 A
[ReportManager] Browser Action [CloseCurrentWindow] successfully performed. @27-10-2021 01:57:39.0655 AM
[ReportManager] Successfully created attachment [Browser Action Test Data - CloseCurrentWindow - Actual Value] @27-10-2021 01:57:39.0656 A
[ReportManager] File Action [GetAbsolutePath] successfully performed. With the following test data [Relative Folder Path: "target/downloadedFiles/"]. @27-10-2021 01:57:39.0657 AM
[ReportManager] Attempting to run remotely on: [Linux-64], [GoogleChrome], [http://localhost:4444/wd/hub], Headless Execution. @27-10-2021 01:57:39.0658 AM
[ReportManager] Successfully Opened [GoogleChrome]. @27-10-2021 01:57:42.0395 A

################################################################################################################################################
Starting Execution:	[134 out of 143] test cases in the current suite
Test Method:		[testPackage01.Test_dynamicLoading.dynamicLoading_elementIsHidden]
################################################################################################################################################
[ReportManager] Target URL: [https://the-internet.herokuapp.com/dynamic_loading/1] @27-10-2021 01:57:42.0408 AM
[ReportManager] Initial URL: [data:,] @27-10-2021 01:57:42.0517 AM
[ReportManager] Browser Action [NavigateToURL] successfully performed. With the following test data [https://the-internet.herokuapp.com/dynamic_loading/1]. @27-10-2021 01:57:42.0930 AM
[ReportManager] Element Action [Click] successfully performed. With the following test data [Start]. @27-10-2021 01:57:43.0420 AM
[ReportManager] Element Action [GetText] successfully performed. With the following test data [
    Hello World!
  ]. @27-10-2021 01:57:43.0539 AM
[ReportManager] Loaded Shared OpenCV @27-10-2021 01:57:43.0704 AM
[ReportManager] Assertion [ValidateElementAttribute] PASSED. Expected [Value Should be 'Hello World!' for the 'text' attribute, element locator 'By.id: finish'] and Actual [
    Hello World!
  ]. Comparison Type [CONTAINS]. Validation Type [POSITIVE]. @27-10-2021 01:57:43.0794 AM
[ReportManager] Successfully created attachment [Screenshot - 1635299863704_dynamicLoading_elementIsHidden_ValidateElementAttribute_passed] @27-10-2021 01:57:43.0794 A
[ReportManager] Browser Action [CloseCurrentWindow] successfully performed. @27-10-2021 01:57:43.0915 AM
[ReportManager] Successfully created attachment [Browser Action Test Data - CloseCurrentWindow - Actual Value] @27-10-2021 01:57:43.0915 A
[ReportManager] File Action [GetAbsolutePath] successfully performed. With the following test data [Relative Folder Path: "target/downloadedFiles/"]. @27-10-2021 01:57:43.0917 AM
[ReportManager] Attempting to run remotely on: [Linux-64], [GoogleChrome], [http://localhost:4444/wd/hub], Headless Execution. @27-10-2021 01:57:43.0917 AM
[ReportManager] Successfully Opened [GoogleChrome]. @27-10-2021 01:57:47.0367 A

################################################################################################################################################
Starting Execution:	[135 out of 143] test cases in the current suite
Test Method:		[testPackage01.Test_dynamicLoading.dynamicLoading_elementIsRendered]
################################################################################################################################################
[ReportManager] Target URL: [https://the-internet.herokuapp.com/dynamic_loading/2] @27-10-2021 01:57:47.0372 AM
[ReportManager] Initial URL: [data:,] @27-10-2021 01:57:47.0407 AM
[ReportManager] Browser Action [NavigateToURL] successfully performed. With the following test data [https://the-internet.herokuapp.com/dynamic_loading/2]. @27-10-2021 01:57:47.0827 AM
[ReportManager] Element Action [Click] successfully performed. With the following test data [Start]. @27-10-2021 01:57:48.0421 AM
[ReportManager] Element Action [GetText] successfully performed. With the following test data [Hello World!]. @27-10-2021 01:57:53.0595 AM
[ReportManager] Loaded Shared OpenCV @27-10-2021 01:57:53.0756 AM
[ReportManager] Assertion [ValidateElementAttribute] PASSED. Expected [Value Should be 'Hello World!' for the 'text' attribute, element locator 'By.id: finish'] and Actual [Hello World!]. Comparison Type [CONTAINS]. Validation Type [POSITIVE]. @27-10-2021 01:57:53.0858 AM
[ReportManager] Successfully created attachment [Screenshot - 1635299873756_dynamicLoading_elementIsRendered_ValidateElementAttribute_passed] @27-10-2021 01:57:53.0858 A
[ReportManager] Browser Action [CloseCurrentWindow] successfully performed. @27-10-2021 01:57:53.0973 AM
[ReportManager] Successfully created attachment [Browser Action Test Data - CloseCurrentWindow - Actual Value] @27-10-2021 01:57:53.0973 A
[ReportManager] File Action [GetAbsolutePath] successfully performed. With the following test data [Relative Folder Path: "target/downloadedFiles/"]. @27-10-2021 01:57:53.0975 AM
[ReportManager] Attempting to run remotely on: [Linux-64], [GoogleChrome], [http://localhost:4444/wd/hub], Headless Execution. @27-10-2021 01:57:53.0975 AM
[ReportManager] Successfully Opened [GoogleChrome]. @27-10-2021 01:57:57.0396 A

################################################################################################################################################
Starting Execution:	[136 out of 143] test cases in the current suite
Test Method:		[testPackage01.Test_uploadFile.uploadFile_invisibleUploadInput]
################################################################################################################################################
[ReportManager] Target URL: [https://fineuploader.com/demos.html#gallery-view] @27-10-2021 01:57:57.0399 AM
[ReportManager] Initial URL: [data:,] @27-10-2021 01:57:57.0447 AM
[ReportManager] Browser Action [NavigateToURL] successfully performed. With the following test data [https://fineuploader.com/demos.html#gallery-view]. @27-10-2021 01:57:58.0713 AM
[ReportManager] File Action [GetAbsolutePath] successfully performed. With the following test data [Relative File Path: "src/main/resources/images/shaft.png"]. @27-10-2021 01:57:58.0714 AM
[ReportManager] Successfully created attachment [File Action Actual Result - Command Log] @27-10-2021 01:57:58.0714 AM
[ReportManager] Element Action [TypeFileLocationForUpload] successfully performed. With the following test data [/home/runner/work/SHAFT_ENGINE/SHAFT_ENGINE/src/main/resources/images/shaft.png]. @27-10-2021 01:57:58.0905 AM
[ReportManager] Attempting to getAttribute [src] from elementLocator [By.xpath: //div[@id='fine-uploader-gallery']//div[@class='qq-thumbnail-wrapper']/img]. @27-10-2021 01:57:58.0905 AM
[ReportManager] Element Action [GetAttribute] successfully performed. @27-10-2021 01:57:59.0028 AM
[ReportManager] Successfully created attachment [Element Action Test Data - GetAttribute - Actual Value] @27-10-2021 01:57:59.0029 AM
[ReportManager] Loaded Shared OpenCV @27-10-2021 01:57:59.0194 AM
[ReportManager] Assertion [ValidateElementAttribute] PASSED. Expected and Actual values are attached. Comparison Type [CONTAINS]. Validation Type [POSITIVE]. @27-10-2021 01:57:59.0279 AM
[ReportManager] Successfully created attachment [Validation Test Data - Expected Value] @27-10-2021 01:57:59.0280 AM
[ReportManager] Successfully created attachment [Validation Test Data - Actual Value] @27-10-2021 01:57:59.0280 AM
[ReportManager] Successfully created attachment [Screenshot - 1635299879194_uploadFile_invisibleUploadInput_ValidateElementAttribute_passed] @27-10-2021 01:57:59.0281 A
[ReportManager] Browser Action [CloseCurrentWindow] successfully performed. @27-10-2021 01:57:59.0419 AM
[ReportManager] Successfully created attachment [Browser Action Test Data - CloseCurrentWindow - Actual Value] @27-10-2021 01:57:59.0419 A
[ReportManager] File Action [GetAbsolutePath] successfully performed. With the following test data [Relative Folder Path: "target/downloadedFiles/"]. @27-10-2021 01:57:59.0422 AM
[ReportManager] Attempting to run remotely on: [Linux-64], [GoogleChrome], [http://localhost:4444/wd/hub], Headless Execution. @27-10-2021 01:57:59.0422 AM
[ReportManager] Successfully Opened [GoogleChrome]. @27-10-2021 01:58:02.0386 A

################################################################################################################################################
Starting Execution:	[137 out of 143] test cases in the current suite
Test Method:		[testPackage01.Test_uploadFile.uploadFile_visibleUploadInput]
################################################################################################################################################
[ReportManager] Target URL: [http://demo.guru99.com/test/upload/] @27-10-2021 01:58:02.0388 AM
[ReportManager] Initial URL: [data:,] @27-10-2021 01:58:02.0428 AM
[ReportManager] Browser Action [NavigateToURL] successfully performed. With the following test data [http://demo.guru99.com/test/upload/]. @27-10-2021 01:58:04.0110 AM
[ReportManager] File Action [GetAbsolutePath] successfully performed. With the following test data [Relative File Path: "src/main/resources/images/shaft.png"]. @27-10-2021 01:58:04.0115 AM
[ReportManager] Successfully created attachment [File Action Actual Result - Command Log] @27-10-2021 01:58:04.0115 AM
[ReportManager] Element Action [TypeFileLocationForUpload] successfully performed. With the following test data [/home/runner/work/SHAFT_ENGINE/SHAFT_ENGINE/src/main/resources/images/shaft.png]. @27-10-2021 01:58:04.0261 AM
[ReportManager] Element Action [Click] successfully performed. With the following test data [on]. @27-10-2021 01:58:04.0811 AM
[ReportManager] Element Action [Click] successfully performed. With the following test data [Submit File]. @27-10-2021 01:58:05.0318 AM
[ReportManager] Element Action [GetText] successfully performed. With the following test data [1 file
has been successfully uploaded.]. @27-10-2021 01:58:05.0476 AM
[ReportManager] Loaded Shared OpenCV @27-10-2021 01:58:05.0618 AM
[ReportManager] Assertion [ValidateElementAttribute] PASSED. Expected [Value Should be '1 file' for the 'Text' attribute, element locator 'By.id: res'] and Actual [1 file
has been successfully uploaded.]. Comparison Type [CONTAINS]. Validation Type [POSITIVE]. @27-10-2021 01:58:05.0690 AM
[ReportManager] Successfully created attachment [Screenshot - 1635299885618_uploadFile_visibleUploadInput_ValidateElementAttribute_passed] @27-10-2021 01:58:05.0690 A
[ReportManager] Browser Action [CloseCurrentWindow] successfully performed. @27-10-2021 01:58:05.0859 AM
[ReportManager] Successfully created attachment [Browser Action Test Data - CloseCurrentWindow - Actual Value] @27-10-2021 01:58:05.0859 A

################################################################################################################################################
Starting Execution:	[138 out of 143] test cases in the current suite
Test Method:		[testPackage01.Test_SelectedValue.multipleSelect]
################################################################################################################################################
[ReportManager] File Action [GetAbsolutePath] successfully performed. With the following test data [Relative Folder Path: "target/downloadedFiles/"]. @27-10-2021 01:58:05.0863 AM
[ReportManager] Attempting to run remotely on: [Linux-64], [GoogleChrome], [http://localhost:4444/wd/hub], Headless Execution. @27-10-2021 01:58:05.0863 AM
[ReportManager] Successfully Opened [GoogleChrome]. @27-10-2021 01:58:07.0409 AM
[ReportManager] Target URL: [https://yari-demos.prod.mdn.mozit.cloud/en-US/docs/Web/HTML/Element/select/_sample_.Advanced_select_with_multiple_features.html] @27-10-2021 01:58:07.0409 AM
[ReportManager] Initial URL: [data:,] @27-10-2021 01:58:07.0457 AM
[ReportManager] Browser Action [NavigateToURL] successfully performed. With the following test data [https://yari-demos.prod.mdn.mozit.cloud/en-US/docs/Web/HTML/Element/select/_sample_.Advanced_select_with_multiple_features.html]. @27-10-2021 01:58:07.0902 AM
[ReportManager] Element Action [Select] successfully performed. With the following test data [Dog]. @27-10-2021 01:58:08.0216 AM
[ReportManager] Element Action [Select] successfully performed. With the following test data [Cat]. @27-10-2021 01:58:08.0504 AM
[ReportManager] Element Action [GetSelectedText] successfully performed. With the following test data [DogCat]. @27-10-2021 01:58:08.0699 AM
[ReportManager] DogCat @27-10-2021 01:58:08.0700 AM
[ReportManager] Element Action [GetSelectedText] successfully performed. With the following test data [DogCat]. @27-10-2021 01:58:08.0896 AM
[ReportManager] Loaded Shared OpenCV @27-10-2021 01:58:09.0012 AM
[ReportManager] Assertion [ValidateElementAttribute] PASSED. Expected [Value Should be 'DogCat' for the 'selectedText' attribute, element locator 'By.tagName: select'] and Actual [DogCat]. Comparison Type [EQUALS]. Validation Type [POSITIVE]. @27-10-2021 01:58:09.0077 AM
[ReportManager] Successfully created attachment [Screenshot - 1635299889012_multipleSelect_ValidateElementAttribute_passed] @27-10-2021 01:58:09.0078 AM
[ReportManager] Browser Action [CloseCurrentWindow] successfully performed. @27-10-2021 01:58:09.0212 AM
[ReportManager] Successfully created attachment [Browser Action Test Data - CloseCurrentWindow - Actual Value] @27-10-2021 01:58:09.0212 A

################################################################################################################################################
Starting Execution:	[139 out of 143] test cases in the current suite
Test Method:		[testPackage01.Test_SelectedValue.simpleSelect]
################################################################################################################################################
[ReportManager] File Action [GetAbsolutePath] successfully performed. With the following test data [Relative Folder Path: "target/downloadedFiles/"]. @27-10-2021 01:58:09.0216 AM
[ReportManager] Attempting to run remotely on: [Linux-64], [GoogleChrome], [http://localhost:4444/wd/hub], Headless Execution. @27-10-2021 01:58:09.0216 AM
[ReportManager] Successfully Opened [GoogleChrome]. @27-10-2021 01:58:12.0450 AM
[ReportManager] Target URL: [https://yari-demos.prod.mdn.mozit.cloud/en-US/docs/Web/HTML/Element/select/_sample_.Basic_select.html] @27-10-2021 01:58:12.0450 AM
[ReportManager] Initial URL: [data:,] @27-10-2021 01:58:12.0533 AM
[ReportManager] Browser Action [NavigateToURL] successfully performed. With the following test data [https://yari-demos.prod.mdn.mozit.cloud/en-US/docs/Web/HTML/Element/select/_sample_.Basic_select.html]. @27-10-2021 01:58:12.0800 AM
[ReportManager] Element Action [Select] successfully performed. With the following test data [Third Value]. @27-10-2021 01:58:13.0257 AM
[ReportManager] Element Action [GetSelectedText] successfully performed. With the following test data [Third Value]. @27-10-2021 01:58:13.0365 AM
[ReportManager] Third Value @27-10-2021 01:58:13.0365 AM
[ReportManager] Element Action [GetSelectedText] successfully performed. With the following test data [Third Value]. @27-10-2021 01:58:13.0506 AM
[ReportManager] Loaded Shared OpenCV @27-10-2021 01:58:13.0646 AM
[ReportManager] Assertion [ValidateElementAttribute] PASSED. Expected [Value Should be 'Third Value' for the 'selectedText' attribute, element locator 'By.tagName: select'] and Actual [Third Value]. Comparison Type [EQUALS]. Validation Type [POSITIVE]. @27-10-2021 01:58:13.0736 AM
[ReportManager] Successfully created attachment [Screenshot - 1635299893646_simpleSelect_ValidateElementAttribute_passed] @27-10-2021 01:58:13.0737 AM
[ReportManager] Browser Action [CloseCurrentWindow] successfully performed. @27-10-2021 01:58:13.0849 AM
[ReportManager] Successfully created attachment [Browser Action Test Data - CloseCurrentWindow - Actual Value] @27-10-2021 01:58:13.0849 A

################################################################################################################################################
Starting Execution:	[140 out of 143] test cases in the current suite
Test Method:		[testPackage01.Test_JSONFileManager.readStringFromJson]
################################################################################################################################################
[ReportManager] Successfully loaded the following test data file [src/test/resources/TestDataFiles/simpleJSON.json]. @27-10-2021 01:58:13.0856 AM
[ReportManager] Successfully created attachment [Test Data - JSON] @27-10-2021 01:58:13.0856 AM
[ReportManager] Assertion [ValidateEquals] PASSED. Expected [Mohab Mohie] and Actual [Mohab Mohie]. Comparison Type [EQUALS]. Validation Type [POSITIVE]. @27-10-2021 01:58:13.0870 A
[ReportManager] Successfully loaded the following test data file [src/test/resources/TestDataFiles/testSuite01/TestData.xlsx]. @27-10-2021 01:58:13.0913 AM
[ReportManager] Successfully created attachment [Test Data - Excel] @27-10-2021 01:58:13.0913 AM
[ReportManager] Attempting to run using Playwright locally on: [Linux-64], [GoogleChrome], Headless Execution. @27-10-2021 01:58:32.0147 AM
[ReportManager] File Action [GetAbsolutePath] successfully performed. With the following test data [Relative Folder Path: "target/downloadedFiles/"]. @27-10-2021 01:58:32.0149 AM
[ReportManager] Initial window size: (1280, 720) @27-10-2021 01:58:32.0856 AM
[ReportManager] Window size after Toolkit: com.microsoft.playwright.options.ViewportSize@7a324e97 @27-10-2021 01:58:32.0861 AM
[ReportManager] Browser Action [MaximizeWindow] successfully performed. With the following test data [New screen size is now: (1920, 1080)]. @27-10-2021 01:58:32.0862 A

################################################################################################################################################
Starting Execution:	[141 out of 143] test cases in the current suite
Test Method:		[testPackage01.Test_google_playwright.navigateToURLandVerifyGoogleLogoIsDisplayed]
Test Description:	[TC001 - Navigate to URL and Verify Google Logo is Displayed]
################################################################################################################################################
[ReportManager] Target URL: [https://www.google.com/ncr], and after redirection: [https://www.google.com] @27-10-2021 01:58:32.0873 AM
[ReportManager] Initial URL: [about:blank] @27-10-2021 01:58:33.0348 AM
[ReportManager] Browser Action [NavigateToURL] successfully performed. With the following test data [https://www.google.com/ncr]. @27-10-2021 01:58:35.0722 AM
[ReportManager] Loaded Shared OpenCV @27-10-2021 01:58:35.0999 AM
[ReportManager] Assertion [ValidateElementExists] PASSED. Expected [Element Should Exist, locator 'xpath=//*[@id='hplogo' or @alt='Google']'] and Actual [Element Exists]. Comparison Type [EQUALS]. Validation Type [POSITIVE]. @27-10-2021 01:58:36.0269 AM
[ReportManager] Successfully created attachment [Screenshot - 1635299915994_navigateToURLandVerifyGoogleLogoIsDisplayed_ValidateElementExists_passed] @27-10-2021 01:58:36.0270 A

################################################################################################################################################
Starting Execution:	[142 out of 143] test cases in the current suite
Test Method:		[testPackage01.Test_google_playwright.searchForQueryandAssertResultsNumDisplayed]
Test Description:	[TC002 - Search for Query and Assert that the number of results is displayed]
################################################################################################################################################
[ReportManager] Element Action [Type] successfully performed. With the following test data [SHAFT_Engine]. @27-10-2021 01:58:36.0651 AM
[ReportManager] Element Action [KeyPress] successfully performed. With the following test data [Enter]. @27-10-2021 01:58:36.0694 AM
[ReportManager] Element Action [GetText] successfully performed. With the following test data [About 938,000 results (0.47 seconds)]. @27-10-2021 01:58:37.0494 AM
[ReportManager] Loaded Shared OpenCV @27-10-2021 01:58:39.0738 AM
[ReportManager] Assertion [ValidateElementAttribute] PASSED. Expected [Value Should not be '' for the 'text' attribute, element locator 'xpath=//div[@id='appbar']'] and Actual [About 938,000 results (0.47 seconds)]. Comparison Type [EQUALS]. Validation Type [NEGATIVE]. @27-10-2021 01:58:40.0013 AM
[ReportManager] Successfully created attachment [Screenshot - 1635299919734_searchForQueryandAssertResultsNumDisplayed_ValidateElementAttribute_passed] @27-10-2021 01:58:40.0016 A

################################################################################################################################################
Starting Execution:	[143 out of 143] test cases in the current suite
Test Method:		[testPackage01.Test_google_playwright.clickNextThrice]
Test Description:	[TC003 - Clicks the next button to make sure that the framework can scroll element into view before clicking it]
################################################################################################################################################
[ReportManager] Element Action [Click] successfully performed. With the following test data [Next]. @27-10-2021 01:58:40.0293 A
[ReportManager] Failed to find video recording. @27-10-2021 01:58:40.0299 AM
[ReportManager] Successfully Closed PlayWright Driver. @27-10-2021 01:58:40.0349 A

################################################################################################################################################
Test Closure Activities
################################################################################################################################################
[ReportManager] Successfully created attachment [SHAFT Engine Logs - Execution log] @27-10-2021 01:58:40.0373 AM

################################################################################################################################################
This test run was powered by SHAFT Engine Version: [SHAFT Engine v5.4.20211025-BETA]
SHAFT Engine is licensed under the MIT License: [https://github.com/MohabMohie/SHAFT_ENGINE/blob/master/LICENSE].
################################################################################################################################################