################################################################################################################################################
Detected SHAFT Engine Version: [SHAFT Engine v5.4.20211202-BETA]
################################################################################################################################################
[ReportManager] File Action [GetAbsolutePath] successfully performed. With the following test data [Relative Folder Path: "target/downloadedFiles/"]. @12-01-2022 11:14:24.0396 AM
[ReportManager] Attempting to run locally on: [Mac-64], [Safari], Headless Execution. @12-01-2022 11:14:24.0411 AM
[ReportManager] Successfully Opened Safari. @12-01-2022 11:14:28.0801 AM
[ReportManager] Initial window size: (800, 600) @12-01-2022 11:14:28.0908 AM
[ReportManager] Window size after SWD Maximize: (1176, 802) @12-01-2022 11:14:29.0131 AM
[ReportManager] Browser Action [MaximizeWindow] successfully performed. With the following test data [New screen size is now: (1176, 802)]. @12-01-2022 11:14:29.0152 A

################################################################################################################################################
Starting Execution:	[1 out of 146] test cases in the current suite
Test Method:		[unitTests.tests_element_elementActions.waitForElementToBePresent_false_expectedToFail]
################################################################################################################################################
[ReportManager] Target URL: [https://www.google.com/ncr], and after redirection: [www.google.com] @12-01-2022 11:14:29.0391 AM
[ReportManager] Initial URL: [] @12-01-2022 11:14:29.0487 AM
[ReportManager] Browser Action [NavigateToURL] successfully performed. With the following test data [https://www.google.com/ncr]. @12-01-2022 11:14:31.0357 AM
[ReportManager] Waiting for element to be present; elementLocator [By.xpath: //*[@id='hplogo' or @alt='Google']], numberOfTries[1], stateOfPresence[false]... @12-01-2022 11:14:31.0369 AM
[ReportManager] Element Action [WaitForElementToBePresent] failed. With the following test data [waited for the element's state of presence to be (false). Element locator (By.xpath: //*[@id='hplogo' or @alt='Google'])]. @12-01-2022 11:14:35.0064 AM
[ReportManager] Successfully created attachment [Screenshot - 1641986071523_waitForElementToBePresent_false_expectedToFail_WaitForElementToBePresent_failed] @12-01-2022 11:14:35.0078 A
[ReportManager] Browser Action [CloseCurrentWindow] successfully performed. @12-01-2022 11:14:35.0276 AM
[ReportManager] Successfully created attachment [Browser Action Test Data - CloseCurrentWindow - Actual Value] @12-01-2022 11:14:35.0278 A
[ReportManager] File Action [GetAbsolutePath] successfully performed. With the following test data [Relative Folder Path: "target/downloadedFiles/"]. @12-01-2022 11:14:35.0292 AM
[ReportManager] Attempting to run locally on: [Mac-64], [Safari], Headless Execution. @12-01-2022 11:14:35.0292 AM
[ReportManager] Successfully Opened Safari. @12-01-2022 11:14:36.0362 AM
[ReportManager] Initial window size: (800, 600) @12-01-2022 11:14:36.0389 AM
[ReportManager] Window size after SWD Maximize: (1176, 803) @12-01-2022 11:14:36.0427 AM
[ReportManager] Browser Action [MaximizeWindow] successfully performed. With the following test data [New screen size is now: (1176, 803)]. @12-01-2022 11:14:36.0428 A

################################################################################################################################################
Starting Execution:	[2 out of 146] test cases in the current suite
Test Method:		[unitTests.tests_element_elementActions.waitForElementToBePresent_false_expectedToPass]
################################################################################################################################################
[ReportManager] Target URL: [https://www.google.com/ncr], and after redirection: [www.google.com] @12-01-2022 11:14:36.0474 AM
[ReportManager] Initial URL: [] @12-01-2022 11:14:36.0522 AM
[ReportManager] Browser Action [NavigateToURL] successfully performed. With the following test data [https://www.google.com/ncr]. @12-01-2022 11:14:37.0886 AM
[ReportManager] Waiting for element to be present; elementLocator [By.id: bla], numberOfTries[1], stateOfPresence[false]... @12-01-2022 11:14:37.0887 AM
[ReportManager] org.openqa.selenium.TimeoutException:
Expected condition failed: waiting for com.shaft.gui.element.ElementActionsHelper$$Lambda$641/0x0000000801128000@2e60d4f4 (tried for 5 second(s) with 1000 milliseconds interval)
org.openqa.selenium.support.ui.FluentWait.timeoutException(FluentWait.java:263)
org.openqa.selenium.support.ui.FluentWait.until(FluentWait.java:231)
com.shaft.gui.element.ElementActionsHelper.waitForElementPresence(ElementActionsHelper.java:63)
com.shaft.gui.element.ElementActionsHelper.waitForElementPresence(ElementActionsHelper.java:37)
com.shaft.gui.element.WebDriverElementActions.getMatchingElementsCount(WebDriverElementActions.java:1468)
com.shaft.gui.element.WebDriverElementActions.waitForElementToBePresent(WebDriverElementActions.java:1293)
com.shaft.gui.element.ElementActions.waitForElementToBePresent(ElementActions.java:622)
unitTests.tests_element_elementActions.waitForElementToBePresent_false_expectedToPass(tests_element_elementActions.java:48)
java.base/jdk.internal.reflect.NativeMethodAccessorImpl.invoke0(Native Method)
java.base/jdk.internal.reflect.NativeMethodAccessorImpl.invoke(NativeMethodAccessorImpl.java:77)
java.base/jdk.internal.reflect.DelegatingMethodAccessorImpl.invoke(DelegatingMethodAccessorImpl.java:43)
java.base/java.lang.reflect.Method.invoke(Method.java:568)
org.testng.internal.invokers.MethodInvocationHelper.invokeMethod(MethodInvocationHelper.java:135)
org.testng.internal.invokers.TestInvoker.invokeMethod(TestInvoker.java:673)
org.testng.internal.invokers.TestInvoker.invokeTestMethod(TestInvoker.java:220)
org.testng.internal.invokers.MethodRunner.runInSequence(MethodRunner.java:50)
org.testng.internal.invokers.TestInvoker$MethodInvocationAgent.invoke(TestInvoker.java:945)
org.testng.internal.invokers.TestInvoker.invokeTestMethods(TestInvoker.java:193)
org.testng.internal.invokers.TestMethodWorker.invokeTestMethods(TestMethodWorker.java:146)
org.testng.internal.invokers.TestMethodWorker.run(TestMethodWorker.java:128)
java.base/java.util.ArrayList.forEach(ArrayList.java:1511)
org.testng.TestRunner.privateRun(TestRunner.java:808)
org.testng.TestRunner.run(TestRunner.java:603)
org.testng.SuiteRunner.runTest(SuiteRunner.java:429)
org.testng.SuiteRunner.runSequentially(SuiteRunner.java:423)
org.testng.SuiteRunner.privateRun(SuiteRunner.java:383)
org.testng.SuiteRunner.run(SuiteRunner.java:326)
org.testng.SuiteRunnerWorker.runSuite(SuiteRunnerWorker.java:52)
org.testng.SuiteRunnerWorker.run(SuiteRunnerWorker.java:95)
org.testng.TestNG.runSuitesSequentially(TestNG.java:1249)
org.testng.TestNG.runSuitesLocally(TestNG.java:1169)
org.testng.TestNG.runSuites(TestNG.java:1092)
org.testng.TestNG.run(TestNG.java:1060)
org.apache.maven.surefire.testng.TestNGExecutor.run(TestNGExecutor.java:136)
org.apache.maven.surefire.testng.TestNGDirectoryTestSuite.executeMulti(TestNGDirectoryTestSuite.java:193)
org.apache.maven.surefire.testng.TestNGDirectoryTestSuite.execute(TestNGDirectoryTestSuite.java:94)
org.apache.maven.surefire.testng.TestNGProvider.invoke(TestNGProvider.java:145)
org.apache.maven.surefire.booter.ForkedBooter.runSuitesInProcess(ForkedBooter.java:428)
org.apache.maven.surefire.booter.ForkedBooter.execute(ForkedBooter.java:162)
org.apache.maven.surefire.booter.ForkedBooter.run(ForkedBooter.java:562)
org.apache.maven.surefire.booter.ForkedBooter.main(ForkedBooter.java:548)

Caused by: org.openqa.selenium.NoSuchElementException:
For documentation on this error, please visit: https://selenium.dev/exceptions/#no_such_element
Build info: version: '4.1.1', revision: 'e8fcc2cecf'
System info: host: 'Mac-1641985933071.local', ip: '10.212.20.83', os.name: 'Mac OS X', os.arch: 'x86_64', os.version: '11.5', java.version: '17.0.1'
Driver info: org.openqa.selenium.safari.SafariDriver
Command: [F3D2A034-CD76-4EE2-AEA7-228BCCF25B3B, findElement {using=id, value=bla}]
Capabilities {acceptInsecureCerts: false, browserName: Safari, browserVersion: 15.2, goog:loggingPrefs: {browser: ALL, client: ALL, driver: ALL, performance: ALL, profiler: ALL, server: ALL}, javascriptEnabled: true, pageLoadStrategy: normal, platform: MAC, platformName: MAC, safari:automaticInspection: false, safari:automaticProfiling: false, safari:diagnose: false, safari:platformBuildVersion: 20G314, safari:platformVersion: 11.6.2, safari:useSimulator: false, setWindowRect: true, strictFileInteractability: false, timeouts: {pageLoad: 30000, script: 30000}, webkit:WebRTC: {DisableICECandidateFiltering: false, DisableInsecureMediaCapture: false}}
Session ID: F3D2A034-CD76-4EE2-AEA7-228BCCF25B3B
java.base/jdk.internal.reflect.NativeConstructorAccessorImpl.newInstance0(Native Method)
java.base/jdk.internal.reflect.NativeConstructorAccessorImpl.newInstance(NativeConstructorAccessorImpl.java:77)
java.base/jdk.internal.reflect.DelegatingConstructorAccessorImpl.newInstance(DelegatingConstructorAccessorImpl.java:45)
java.base/java.lang.reflect.Constructor.newInstanceWithCaller(Constructor.java:499)
java.base/java.lang.reflect.Constructor.newInstance(Constructor.java:480)
org.openqa.selenium.remote.codec.w3c.W3CHttpResponseCodec.createException(W3CHttpResponseCodec.java:200)
org.openqa.selenium.remote.codec.w3c.W3CHttpResponseCodec.decode(W3CHttpResponseCodec.java:133)
org.openqa.selenium.remote.codec.w3c.W3CHttpResponseCodec.decode(W3CHttpResponseCodec.java:53)
org.openqa.selenium.remote.HttpCommandExecutor.execute(HttpCommandExecutor.java:184)
org.openqa.selenium.remote.service.DriverCommandExecutor.invokeExecute(DriverCommandExecutor.java:167)
org.openqa.selenium.remote.service.DriverCommandExecutor.execute(DriverCommandExecutor.java:142)
org.openqa.selenium.remote.RemoteWebDriver.execute(RemoteWebDriver.java:543)
org.openqa.selenium.remote.ElementLocation$ElementFinder$2.findElement(ElementLocation.java:162)
org.openqa.selenium.remote.ElementLocation.findElement(ElementLocation.java:60)
org.openqa.selenium.remote.RemoteWebDriver.findElement(RemoteWebDriver.java:367)
org.openqa.selenium.remote.RemoteWebDriver.findElement(RemoteWebDriver.java:359)
com.shaft.gui.element.ElementActionsHelper.lambda$waitForElementPresence$0(ElementActionsHelper.java:66)
org.openqa.selenium.support.ui.FluentWait.until(FluentWait.java:208)
com.shaft.gui.element.ElementActionsHelper.waitForElementPresence(ElementActionsHelper.java:63)
com.shaft.gui.element.ElementActionsHelper.waitForElementPresence(ElementActionsHelper.java:37)
com.shaft.gui.element.WebDriverElementActions.getMatchingElementsCount(WebDriverElementActions.java:1468)
com.shaft.gui.element.WebDriverElementActions.waitForElementToBePresent(WebDriverElementActions.java:1293)
com.shaft.gui.element.ElementActions.waitForElementToBePresent(ElementActions.java:622)
unitTests.tests_element_elementActions.waitForElementToBePresent_false_expectedToPass(tests_element_elementActions.java:48)
java.base/jdk.internal.reflect.NativeMethodAccessorImpl.invoke0(Native Method)
java.base/jdk.internal.reflect.NativeMethodAccessorImpl.invoke(NativeMethodAccessorImpl.java:77)
java.base/jdk.internal.reflect.DelegatingMethodAccessorImpl.invoke(DelegatingMethodAccessorImpl.java:43)
java.base/java.lang.reflect.Method.invoke(Method.java:568)
org.testng.internal.invokers.MethodInvocationHelper.invokeMethod(MethodInvocationHelper.java:135)
org.testng.internal.invokers.TestInvoker.invokeMethod(TestInvoker.java:673)
org.testng.internal.invokers.TestInvoker.invokeTestMethod(TestInvoker.java:220)
org.testng.internal.invokers.MethodRunner.runInSequence(MethodRunner.java:50)
org.testng.internal.invokers.TestInvoker$MethodInvocationAgent.invoke(TestInvoker.java:945)
org.testng.internal.invokers.TestInvoker.invokeTestMethods(TestInvoker.java:193)
org.testng.internal.invokers.TestMethodWorker.invokeTestMethods(TestMethodWorker.java:146)
org.testng.internal.invokers.TestMethodWorker.run(TestMethodWorker.java:128)
java.base/java.util.ArrayList.forEach(ArrayList.java:1511)
org.testng.TestRunner.privateRun(TestRunner.java:808)
org.testng.TestRunner.run(TestRunner.java:603)
org.testng.SuiteRunner.runTest(SuiteRunner.java:429)
org.testng.SuiteRunner.runSequentially(SuiteRunner.java:423)
org.testng.SuiteRunner.privateRun(SuiteRunner.java:383)
org.testng.SuiteRunner.run(SuiteRunner.java:326)
org.testng.SuiteRunnerWorker.runSuite(SuiteRunnerWorker.java:52)
org.testng.SuiteRunnerWorker.run(SuiteRunnerWorker.java:95)
org.testng.TestNG.runSuitesSequentially(TestNG.java:1249)
org.testng.TestNG.runSuitesLocally(TestNG.java:1169)
org.testng.TestNG.runSuites(TestNG.java:1092)
org.testng.TestNG.run(TestNG.java:1060)
org.apache.maven.surefire.testng.TestNGExecutor.run(TestNGExecutor.java:136)
org.apache.maven.surefire.testng.TestNGDirectoryTestSuite.executeMulti(TestNGDirectoryTestSuite.java:193)
org.apache.maven.surefire.testng.TestNGDirectoryTestSuite.execute(TestNGDirectoryTestSuite.java:94)
org.apache.maven.surefire.testng.TestNGProvider.invoke(TestNGProvider.java:145)
org.apache.maven.surefire.booter.ForkedBooter.runSuitesInProcess(ForkedBooter.java:428)
org.apache.maven.surefire.booter.ForkedBooter.execute(ForkedBooter.java:162)
org.apache.maven.surefire.booter.ForkedBooter.run(ForkedBooter.java:562)
org.apache.maven.surefire.booter.ForkedBooter.main(ForkedBooter.java:548) @12-01-2022 11:14:43.0211 AM
[ReportManager] Element Action [WaitForElementToBePresent] successfully performed. With the following test data [waited for the element's state of presence to be (false). Element locator (By.id: bla)]. @12-01-2022 11:14:43.0213 A
[ReportManager] Browser Action [CloseCurrentWindow] successfully performed. @12-01-2022 11:14:43.0439 AM
[ReportManager] Successfully created attachment [Browser Action Test Data - CloseCurrentWindow - Actual Value] @12-01-2022 11:14:43.0441 A
[ReportManager] File Action [GetAbsolutePath] successfully performed. With the following test data [Relative Folder Path: "target/downloadedFiles/"]. @12-01-2022 11:14:43.0448 AM
[ReportManager] Attempting to run locally on: [Mac-64], [Safari], Headless Execution. @12-01-2022 11:14:43.0448 AM
[ReportManager] Successfully Opened Safari. @12-01-2022 11:14:44.0425 AM
[ReportManager] Initial window size: (800, 600) @12-01-2022 11:14:44.0452 AM
[ReportManager] Window size after SWD Maximize: (1176, 803) @12-01-2022 11:14:44.0560 AM
[ReportManager] Browser Action [MaximizeWindow] successfully performed. With the following test data [New screen size is now: (1176, 803)]. @12-01-2022 11:14:44.0561 A

################################################################################################################################################
Starting Execution:	[3 out of 146] test cases in the current suite
Test Method:		[unitTests.tests_element_elementActions.waitForElementToBePresent_moreThanOneElement_expectedToFail]
################################################################################################################################################
[ReportManager] Target URL: [https://www.google.com/ncr], and after redirection: [www.google.com] @12-01-2022 11:14:44.0566 AM
[ReportManager] Initial URL: [] @12-01-2022 11:14:44.0687 AM
[ReportManager] Browser Action [NavigateToURL] successfully performed. With the following test data [https://www.google.com/ncr]. @12-01-2022 11:14:45.0960 AM
[ReportManager] Waiting for element to be present; elementLocator [By.xpath: //*], numberOfTries[1], stateOfPresence[false]... @12-01-2022 11:14:45.0960 AM
[ReportManager] Element Action [WaitForElementToBePresent] failed. With the following test data [waited for the element's state of presence to be (false). Element locator (By.xpath: //*)]. @12-01-2022 11:14:46.0137 AM
[ReportManager] Successfully created attachment [Screenshot - 1641986086028_waitForElementToBePresent_moreThanOneElement_expectedToFail_WaitForElementToBePresent_failed] @12-01-2022 11:14:46.0140 A
[ReportManager] Browser Action [CloseCurrentWindow] successfully performed. @12-01-2022 11:14:46.0291 AM
[ReportManager] Successfully created attachment [Browser Action Test Data - CloseCurrentWindow - Actual Value] @12-01-2022 11:14:46.0293 A
[ReportManager] File Action [GetAbsolutePath] successfully performed. With the following test data [Relative Folder Path: "target/downloadedFiles/"]. @12-01-2022 11:14:46.0298 AM
[ReportManager] Attempting to run locally on: [Mac-64], [Safari], Headless Execution. @12-01-2022 11:14:46.0299 AM
[ReportManager] Successfully Opened Safari. @12-01-2022 11:14:47.0124 AM
[ReportManager] Initial window size: (800, 600) @12-01-2022 11:14:47.0158 AM
[ReportManager] Window size after SWD Maximize: (1176, 803) @12-01-2022 11:14:47.0191 AM
[ReportManager] Browser Action [MaximizeWindow] successfully performed. With the following test data [New screen size is now: (1176, 803)]. @12-01-2022 11:14:47.0191 A

################################################################################################################################################
Starting Execution:	[4 out of 146] test cases in the current suite
Test Method:		[unitTests.tests_element_elementActions.waitForElementToBePresent_true_expectedToFail]
################################################################################################################################################
[ReportManager] Target URL: [https://www.google.com/ncr], and after redirection: [www.google.com] @12-01-2022 11:14:47.0194 AM
[ReportManager] Initial URL: [] @12-01-2022 11:14:47.0236 AM
[ReportManager] Browser Action [NavigateToURL] successfully performed. With the following test data [https://www.google.com/ncr]. @12-01-2022 11:14:48.0424 AM
[ReportManager] Waiting for element to be present; elementLocator [By.id: bla], numberOfTries[1], stateOfPresence[true]... @12-01-2022 11:14:48.0424 AM
[ReportManager] org.openqa.selenium.TimeoutException:
Expected condition failed: waiting for com.shaft.gui.element.ElementActionsHelper$$Lambda$641/0x0000000801128000@7a085d02 (tried for 5 second(s) with 1000 milliseconds interval)
org.openqa.selenium.support.ui.FluentWait.timeoutException(FluentWait.java:263)
org.openqa.selenium.support.ui.FluentWait.until(FluentWait.java:231)
com.shaft.gui.element.ElementActionsHelper.waitForElementPresence(ElementActionsHelper.java:63)
com.shaft.gui.element.ElementActionsHelper.waitForElementPresence(ElementActionsHelper.java:37)
com.shaft.gui.element.WebDriverElementActions.getMatchingElementsCount(WebDriverElementActions.java:1468)
com.shaft.gui.element.WebDriverElementActions.waitForElementToBePresent(WebDriverElementActions.java:1293)
com.shaft.gui.element.ElementActions.waitForElementToBePresent(ElementActions.java:622)
unitTests.tests_element_elementActions.waitForElementToBePresent_true_expectedToFail(tests_element_elementActions.java:39)
java.base/jdk.internal.reflect.NativeMethodAccessorImpl.invoke0(Native Method)
java.base/jdk.internal.reflect.NativeMethodAccessorImpl.invoke(NativeMethodAccessorImpl.java:77)
java.base/jdk.internal.reflect.DelegatingMethodAccessorImpl.invoke(DelegatingMethodAccessorImpl.java:43)
java.base/java.lang.reflect.Method.invoke(Method.java:568)
org.testng.internal.invokers.MethodInvocationHelper.invokeMethod(MethodInvocationHelper.java:135)
org.testng.internal.invokers.TestInvoker.invokeMethod(TestInvoker.java:673)
org.testng.internal.invokers.TestInvoker.invokeTestMethod(TestInvoker.java:220)
org.testng.internal.invokers.MethodRunner.runInSequence(MethodRunner.java:50)
org.testng.internal.invokers.TestInvoker$MethodInvocationAgent.invoke(TestInvoker.java:945)
org.testng.internal.invokers.TestInvoker.invokeTestMethods(TestInvoker.java:193)
org.testng.internal.invokers.TestMethodWorker.invokeTestMethods(TestMethodWorker.java:146)
org.testng.internal.invokers.TestMethodWorker.run(TestMethodWorker.java:128)
java.base/java.util.ArrayList.forEach(ArrayList.java:1511)
org.testng.TestRunner.privateRun(TestRunner.java:808)
org.testng.TestRunner.run(TestRunner.java:603)
org.testng.SuiteRunner.runTest(SuiteRunner.java:429)
org.testng.SuiteRunner.runSequentially(SuiteRunner.java:423)
org.testng.SuiteRunner.privateRun(SuiteRunner.java:383)
org.testng.SuiteRunner.run(SuiteRunner.java:326)
org.testng.SuiteRunnerWorker.runSuite(SuiteRunnerWorker.java:52)
org.testng.SuiteRunnerWorker.run(SuiteRunnerWorker.java:95)
org.testng.TestNG.runSuitesSequentially(TestNG.java:1249)
org.testng.TestNG.runSuitesLocally(TestNG.java:1169)
org.testng.TestNG.runSuites(TestNG.java:1092)
org.testng.TestNG.run(TestNG.java:1060)
org.apache.maven.surefire.testng.TestNGExecutor.run(TestNGExecutor.java:136)
org.apache.maven.surefire.testng.TestNGDirectoryTestSuite.executeMulti(TestNGDirectoryTestSuite.java:193)
org.apache.maven.surefire.testng.TestNGDirectoryTestSuite.execute(TestNGDirectoryTestSuite.java:94)
org.apache.maven.surefire.testng.TestNGProvider.invoke(TestNGProvider.java:145)
org.apache.maven.surefire.booter.ForkedBooter.runSuitesInProcess(ForkedBooter.java:428)
org.apache.maven.surefire.booter.ForkedBooter.execute(ForkedBooter.java:162)
org.apache.maven.surefire.booter.ForkedBooter.run(ForkedBooter.java:562)
org.apache.maven.surefire.booter.ForkedBooter.main(ForkedBooter.java:548)

Caused by: org.openqa.selenium.NoSuchElementException:
For documentation on this error, please visit: https://selenium.dev/exceptions/#no_such_element
Build info: version: '4.1.1', revision: 'e8fcc2cecf'
System info: host: 'Mac-1641985933071.local', ip: '10.212.20.83', os.name: 'Mac OS X', os.arch: 'x86_64', os.version: '11.5', java.version: '17.0.1'
Driver info: org.openqa.selenium.safari.SafariDriver
Command: [D21C3C49-CA82-4720-9F07-7E3F23E84D04, findElement {using=id, value=bla}]
Capabilities {acceptInsecureCerts: false, browserName: Safari, browserVersion: 15.2, goog:loggingPrefs: {browser: ALL, client: ALL, driver: ALL, performance: ALL, profiler: ALL, server: ALL}, javascriptEnabled: true, pageLoadStrategy: normal, platform: MAC, platformName: MAC, safari:automaticInspection: false, safari:automaticProfiling: false, safari:diagnose: false, safari:platformBuildVersion: 20G314, safari:platformVersion: 11.6.2, safari:useSimulator: false, setWindowRect: true, strictFileInteractability: false, timeouts: {pageLoad: 30000, script: 30000}, webkit:WebRTC: {DisableICECandidateFiltering: false, DisableInsecureMediaCapture: false}}
Session ID: D21C3C49-CA82-4720-9F07-7E3F23E84D04
java.base/jdk.internal.reflect.NativeConstructorAccessorImpl.newInstance0(Native Method)
java.base/jdk.internal.reflect.NativeConstructorAccessorImpl.newInstance(NativeConstructorAccessorImpl.java:77)
java.base/jdk.internal.reflect.DelegatingConstructorAccessorImpl.newInstance(DelegatingConstructorAccessorImpl.java:45)
java.base/java.lang.reflect.Constructor.newInstanceWithCaller(Constructor.java:499)
java.base/java.lang.reflect.Constructor.newInstance(Constructor.java:480)
org.openqa.selenium.remote.codec.w3c.W3CHttpResponseCodec.createException(W3CHttpResponseCodec.java:200)
org.openqa.selenium.remote.codec.w3c.W3CHttpResponseCodec.decode(W3CHttpResponseCodec.java:133)
org.openqa.selenium.remote.codec.w3c.W3CHttpResponseCodec.decode(W3CHttpResponseCodec.java:53)
org.openqa.selenium.remote.HttpCommandExecutor.execute(HttpCommandExecutor.java:184)
org.openqa.selenium.remote.service.DriverCommandExecutor.invokeExecute(DriverCommandExecutor.java:167)
org.openqa.selenium.remote.service.DriverCommandExecutor.execute(DriverCommandExecutor.java:142)
org.openqa.selenium.remote.RemoteWebDriver.execute(RemoteWebDriver.java:543)
org.openqa.selenium.remote.ElementLocation$ElementFinder$2.findElement(ElementLocation.java:162)
org.openqa.selenium.remote.ElementLocation.findElement(ElementLocation.java:60)
org.openqa.selenium.remote.RemoteWebDriver.findElement(RemoteWebDriver.java:367)
org.openqa.selenium.remote.RemoteWebDriver.findElement(RemoteWebDriver.java:359)
com.shaft.gui.element.ElementActionsHelper.lambda$waitForElementPresence$0(ElementActionsHelper.java:66)
org.openqa.selenium.support.ui.FluentWait.until(FluentWait.java:208)
com.shaft.gui.element.ElementActionsHelper.waitForElementPresence(ElementActionsHelper.java:63)
com.shaft.gui.element.ElementActionsHelper.waitForElementPresence(ElementActionsHelper.java:37)
com.shaft.gui.element.WebDriverElementActions.getMatchingElementsCount(WebDriverElementActions.java:1468)
com.shaft.gui.element.WebDriverElementActions.waitForElementToBePresent(WebDriverElementActions.java:1293)
com.shaft.gui.element.ElementActions.waitForElementToBePresent(ElementActions.java:622)
unitTests.tests_element_elementActions.waitForElementToBePresent_true_expectedToFail(tests_element_elementActions.java:39)
java.base/jdk.internal.reflect.NativeMethodAccessorImpl.invoke0(Native Method)
java.base/jdk.internal.reflect.NativeMethodAccessorImpl.invoke(NativeMethodAccessorImpl.java:77)
java.base/jdk.internal.reflect.DelegatingMethodAccessorImpl.invoke(DelegatingMethodAccessorImpl.java:43)
java.base/java.lang.reflect.Method.invoke(Method.java:568)
org.testng.internal.invokers.MethodInvocationHelper.invokeMethod(MethodInvocationHelper.java:135)
org.testng.internal.invokers.TestInvoker.invokeMethod(TestInvoker.java:673)
org.testng.internal.invokers.TestInvoker.invokeTestMethod(TestInvoker.java:220)
org.testng.internal.invokers.MethodRunner.runInSequence(MethodRunner.java:50)
org.testng.internal.invokers.TestInvoker$MethodInvocationAgent.invoke(TestInvoker.java:945)
org.testng.internal.invokers.TestInvoker.invokeTestMethods(TestInvoker.java:193)
org.testng.internal.invokers.TestMethodWorker.invokeTestMethods(TestMethodWorker.java:146)
org.testng.internal.invokers.TestMethodWorker.run(TestMethodWorker.java:128)
java.base/java.util.ArrayList.forEach(ArrayList.java:1511)
org.testng.TestRunner.privateRun(TestRunner.java:808)
org.testng.TestRunner.run(TestRunner.java:603)
org.testng.SuiteRunner.runTest(SuiteRunner.java:429)
org.testng.SuiteRunner.runSequentially(SuiteRunner.java:423)
org.testng.SuiteRunner.privateRun(SuiteRunner.java:383)
org.testng.SuiteRunner.run(SuiteRunner.java:326)
org.testng.SuiteRunnerWorker.runSuite(SuiteRunnerWorker.java:52)
org.testng.SuiteRunnerWorker.run(SuiteRunnerWorker.java:95)
org.testng.TestNG.runSuitesSequentially(TestNG.java:1249)
org.testng.TestNG.runSuitesLocally(TestNG.java:1169)
org.testng.TestNG.runSuites(TestNG.java:1092)
org.testng.TestNG.run(TestNG.java:1060)
org.apache.maven.surefire.testng.TestNGExecutor.run(TestNGExecutor.java:136)
org.apache.maven.surefire.testng.TestNGDirectoryTestSuite.executeMulti(TestNGDirectoryTestSuite.java:193)
org.apache.maven.surefire.testng.TestNGDirectoryTestSuite.execute(TestNGDirectoryTestSuite.java:94)
org.apache.maven.surefire.testng.TestNGProvider.invoke(TestNGProvider.java:145)
org.apache.maven.surefire.booter.ForkedBooter.runSuitesInProcess(ForkedBooter.java:428)
org.apache.maven.surefire.booter.ForkedBooter.execute(ForkedBooter.java:162)
org.apache.maven.surefire.booter.ForkedBooter.run(ForkedBooter.java:562)
org.apache.maven.surefire.booter.ForkedBooter.main(ForkedBooter.java:548) @12-01-2022 11:14:53.0624 AM
[ReportManager] Element Action [WaitForElementToBePresent] failed. With the following test data [waited for the element's state of presence to be (true). Element locator (By.id: bla)]. @12-01-2022 11:14:53.0729 AM
[ReportManager] Successfully created attachment [Screenshot - 1641986093651_waitForElementToBePresent_true_expectedToFail_WaitForElementToBePresent_failed] @12-01-2022 11:14:53.0731 A
[ReportManager] Browser Action [CloseCurrentWindow] successfully performed. @12-01-2022 11:14:53.0861 AM
[ReportManager] Successfully created attachment [Browser Action Test Data - CloseCurrentWindow - Actual Value] @12-01-2022 11:14:53.0862 A
[ReportManager] File Action [GetAbsolutePath] successfully performed. With the following test data [Relative Folder Path: "target/downloadedFiles/"]. @12-01-2022 11:14:53.0867 AM
[ReportManager] Attempting to run locally on: [Mac-64], [Safari], Headless Execution. @12-01-2022 11:14:53.0867 AM
[ReportManager] Successfully Opened Safari. @12-01-2022 11:14:54.0823 AM
[ReportManager] Initial window size: (800, 600) @12-01-2022 11:14:54.0860 AM
[ReportManager] Window size after SWD Maximize: (1176, 803) @12-01-2022 11:14:54.0894 AM
[ReportManager] Browser Action [MaximizeWindow] successfully performed. With the following test data [New screen size is now: (1176, 803)]. @12-01-2022 11:14:54.0894 A

################################################################################################################################################
Starting Execution:	[5 out of 146] test cases in the current suite
Test Method:		[unitTests.tests_element_elementActions.waitForElementToBePresent_true_expectedToPass]
################################################################################################################################################
[ReportManager] Target URL: [https://www.google.com/ncr], and after redirection: [www.google.com] @12-01-2022 11:14:55.0106 AM
[ReportManager] Initial URL: [] @12-01-2022 11:14:55.0140 AM
[ReportManager] Browser Action [NavigateToURL] successfully performed. With the following test data [https://www.google.com/ncr]. @12-01-2022 11:14:56.0335 AM
[ReportManager] Waiting for element to be present; elementLocator [By.xpath: //*[@id='hplogo' or @alt='Google']], numberOfTries[1], stateOfPresence[true]... @12-01-2022 11:14:56.0335 AM
[ReportManager] Element Action [WaitForElementToBePresent] successfully performed. With the following test data [waited for the element's state of presence to be (true). Element locator (By.xpath: //*[@id='hplogo' or @alt='Google'])]. @12-01-2022 11:14:56.0366 AM
[ReportManager] File Action [DoesFileExist] successfully performed. With the following test data [File Path: "src/main/resources/dynamicObjectRepository/unitTests_tests_element_elementActions_waitForElementToBePresent_true_expectedToPass_By_xpath_id_hplogo_or_alt_Google.png"]. @12-01-2022 11:14:56.0385 AM
[ReportManager] File Action [DoesFileExist] successfully performed. With the following test data [File Path: "src/main/resources/dynamicObjectRepository/unitTests_tests_element_elementActions_waitForElementToBePresent_true_expectedToPass_By_xpath_id_hplogo_or_alt_Google.png"]. @12-01-2022 11:14:56.0474 AM
[ReportManager] Passing the test and saving a reference image @12-01-2022 11:14:56.0474 AM
[ReportManager] File Action [GetAbsolutePath] successfully performed. With the following test data [Relative File Path: "src/main/resources/dynamicObjectRepository/unitTests_tests_element_elementActions_waitForElementToBePresent_true_expectedToPass_By_xpath_id_hplogo_or_alt_Google.png"]. @12-01-2022 11:14:56.0474 AM
[ReportManager] File Action [WriteToFile] successfully performed. With the following test data [Target File Path: "/Users/runner/work/SHAFT_ENGINE/SHAFT_ENGINE/src/main/resources/dynamicObjectRepository/unitTests_tests_element_elementActions_waitForElementToBePresent_true_expectedToPass_By_xpath_id_hplogo_or_alt_Google.png"]. @12-01-2022 11:14:56.0476 AM
[ReportManager] Assertion Passed: Using Visual AI; OpenCV @12-01-2022 11:14:56.0478 AM
[ReportManager] Successfully created attachment [Validation Test Data - Actual Screenshot] @12-01-2022 11:14:56.0479 AM
[ReportManager] Assertion [ValidateElementMatches] PASSED. Expected [Element should match the reference screenshot] and Actual [TRUE]. Comparison Type [EXACT_OPENCV]. Validation Type [POSITIVE]. @12-01-2022 11:14:56.0479 A
[ReportManager] Browser Action [CloseCurrentWindow] successfully performed. @12-01-2022 11:14:56.0840 AM
[ReportManager] Successfully created attachment [Browser Action Test Data - CloseCurrentWindow - Actual Value] @12-01-2022 11:14:56.0841 A
[ReportManager] File Action [GetAbsolutePath] successfully performed. With the following test data [Relative Folder Path: "target/downloadedFiles/"]. @12-01-2022 11:14:56.0845 AM
[ReportManager] Attempting to run locally on: [Mac-64], [Safari], Headless Execution. @12-01-2022 11:14:56.0846 AM
[ReportManager] An Exception Occured with this Message: Could not start a new session. Possible causes are invalid address of the remote server or browser start-up failure.. @12-01-2022 11:14:56.0909 AM
[ReportManager] Successfully created attachment [Exception Stack Trace - org.openqa.selenium.SessionNotCreatedException] @12-01-2022 11:14:56.0909 AM
[ReportManager] Driver Factory Action [createNewLocalDriverInstanceForSafari] failed. With the following test data [Failed to create a session on DESKTOP_SAFARI]. @12-01-2022 11:14:56.0910 A

################################################################################################################################################
Starting Execution:	[6 out of 146] test cases in the current suite
Test Method:		[unitTests.tests_browserActions.fullScreenWindow]
###############################################################################################################################################



################################################################################################################################################
Starting Execution:	[7 out of 146] test cases in the current suite
Test Method:		[unitTests.tests_browserActions.getCurrentURL]
###############################################################################################################################################



################################################################################################################################################
Starting Execution:	[8 out of 146] test cases in the current suite
Test Method:		[unitTests.tests_browserActions.getCurrentWindowTitle]
###############################################################################################################################################



################################################################################################################################################
Starting Execution:	[9 out of 146] test cases in the current suite
Test Method:		[unitTests.tests_browserActions.getPageSource]
###############################################################################################################################################



################################################################################################################################################
Starting Execution:	[10 out of 146] test cases in the current suite
Test Method:		[unitTests.tests_browserActions.getWindowHandle]
###############################################################################################################################################



################################################################################################################################################
Starting Execution:	[11 out of 146] test cases in the current suite
Test Method:		[unitTests.tests_browserActions.getWindowPosition]
###############################################################################################################################################



################################################################################################################################################
Starting Execution:	[12 out of 146] test cases in the current suite
Test Method:		[unitTests.tests_browserActions.getWindowSize]
###############################################################################################################################################



################################################################################################################################################
Starting Execution:	[13 out of 146] test cases in the current suite
Test Method:		[unitTests.tests_browserActions.maximizeWindow]
###############################################################################################################################################



################################################################################################################################################
Starting Execution:	[14 out of 146] test cases in the current suite
Test Method:		[unitTests.tests_browserActions.navigateBack]
###############################################################################################################################################



################################################################################################################################################
Starting Execution:	[15 out of 146] test cases in the current suite
Test Method:		[unitTests.tests_browserActions.navigateForward]
###############################################################################################################################################



################################################################################################################################################
Starting Execution:	[16 out of 146] test cases in the current suite
Test Method:		[unitTests.tests_browserActions.navigateToURL]
###############################################################################################################################################



################################################################################################################################################
Starting Execution:	[17 out of 146] test cases in the current suite
Test Method:		[unitTests.tests_browserActions.navigateToURLWithRedirection]
###############################################################################################################################################



################################################################################################################################################
Starting Execution:	[18 out of 146] test cases in the current suite
Test Method:		[unitTests.tests_browserActions.refreshCurrentPage]
###############################################################################################################################################



################################################################################################################################################
Starting Execution:	[19 out of 146] test cases in the current suite
Test Method:		[unitTests.tests_browserActions.setWindowSize]
###############################################################################################################################################

[ReportManager] Successfully loaded the following test data file [src/test/resources/testDataFiles/testSuite01/TestData.xlsx]. @12-01-2022 11:14:58.0043 AM
[ReportManager] Successfully created attachment [Test Data - Excel] @12-01-2022 11:14:58.0044 A

################################################################################################################################################
Starting Execution:	[20 out of 146] test cases in the current suite
Test Method:		[unitTests.tests_io_excelFileManager.getCellData_rowName_expectedToPass]
################################################################################################################################################
[ReportManager] testRowData. @12-01-2022 11:14:58.0061 A

################################################################################################################################################
Starting Execution:	[21 out of 146] test cases in the current suite
Test Method:		[unitTests.tests_validations_assertions.assertComparativeRelation_greaterThanOrEquals_false_equals_expectedToFail]
################################################################################################################################################
[ReportManager] Assertion [ValidateComparativeRelation] FAILED. Expected [1] and Actual [1]. Comparison Type [GREATER_THAN_OR_EQUALS]. Validation Type [NEGATIVE]. @12-01-2022 11:14:58.0073 A

################################################################################################################################################
Starting Execution:	[22 out of 146] test cases in the current suite
Test Method:		[unitTests.tests_validations_assertions.assertComparativeRelation_greaterThanOrEquals_false_equals_expectedToPass]
################################################################################################################################################
[ReportManager] Assertion [ValidateComparativeRelation] PASSED. Expected [2] and Actual [1]. Comparison Type [GREATER_THAN_OR_EQUALS]. Validation Type [NEGATIVE]. @12-01-2022 11:14:58.0079 A

################################################################################################################################################
Starting Execution:	[23 out of 146] test cases in the current suite
Test Method:		[unitTests.tests_validations_assertions.assertComparativeRelation_greaterThanOrEquals_false_greaterThan_expectedToFail]
################################################################################################################################################
[ReportManager] Assertion [ValidateComparativeRelation] FAILED. Expected [1] and Actual [2]. Comparison Type [GREATER_THAN_OR_EQUALS]. Validation Type [NEGATIVE]. @12-01-2022 11:14:58.0092 A

################################################################################################################################################
Starting Execution:	[24 out of 146] test cases in the current suite
Test Method:		[unitTests.tests_validations_assertions.assertComparativeRelation_greaterThanOrEquals_false_greaterThan_expectedToPass]
################################################################################################################################################
[ReportManager] Assertion [ValidateComparativeRelation] PASSED. Expected [2] and Actual [1]. Comparison Type [GREATER_THAN_OR_EQUALS]. Validation Type [NEGATIVE]. @12-01-2022 11:14:58.0098 A

################################################################################################################################################
Starting Execution:	[25 out of 146] test cases in the current suite
Test Method:		[unitTests.tests_validations_assertions.assertComparativeRelation_greaterThanOrEquals_true_equals_expectedToFail]
################################################################################################################################################
[ReportManager] Assertion [ValidateComparativeRelation] FAILED. Expected [1] and Actual [0]. Comparison Type [GREATER_THAN_OR_EQUALS]. Validation Type [POSITIVE]. @12-01-2022 11:14:58.0104 A

################################################################################################################################################
Starting Execution:	[26 out of 146] test cases in the current suite
Test Method:		[unitTests.tests_validations_assertions.assertComparativeRelation_greaterThanOrEquals_true_equals_expectedToPass]
################################################################################################################################################
[ReportManager] Assertion [ValidateComparativeRelation] PASSED. Expected [1] and Actual [1]. Comparison Type [GREATER_THAN_OR_EQUALS]. Validation Type [POSITIVE]. @12-01-2022 11:14:58.0109 A

################################################################################################################################################
Starting Execution:	[27 out of 146] test cases in the current suite
Test Method:		[unitTests.tests_validations_assertions.assertComparativeRelation_greaterThanOrEquals_true_greaterThan_expectedToFail]
################################################################################################################################################
[ReportManager] Assertion [ValidateComparativeRelation] FAILED. Expected [2] and Actual [1]. Comparison Type [GREATER_THAN_OR_EQUALS]. Validation Type [POSITIVE]. @12-01-2022 11:14:58.0114 A

################################################################################################################################################
Starting Execution:	[28 out of 146] test cases in the current suite
Test Method:		[unitTests.tests_validations_assertions.assertComparativeRelation_greaterThanOrEquals_true_greaterThan_expectedToPass]
################################################################################################################################################
[ReportManager] Assertion [ValidateComparativeRelation] PASSED. Expected [1] and Actual [2]. Comparison Type [GREATER_THAN_OR_EQUALS]. Validation Type [POSITIVE]. @12-01-2022 11:14:58.0121 A
[ReportManager] File Action [GetAbsolutePath] successfully performed. With the following test data [Relative Folder Path: "target/downloadedFiles/"]. @12-01-2022 11:14:58.0125 AM
[ReportManager] Attempting to run locally on: [Mac-64], [Safari], Headless Execution. @12-01-2022 11:14:58.0125 AM
[ReportManager] Successfully Opened Safari. @12-01-2022 11:14:58.0986 AM
[ReportManager] Initial window size: (800, 600) @12-01-2022 11:14:59.0009 AM
[ReportManager] Window size after SWD Maximize: (1176, 803) @12-01-2022 11:14:59.0025 AM
[ReportManager] Browser Action [MaximizeWindow] successfully performed. With the following test data [New screen size is now: (1176, 803)]. @12-01-2022 11:14:59.0025 AM
[ReportManager] Target URL: [https://www.google.com/ncr], and after redirection: [www.google.com] @12-01-2022 11:14:59.0025 AM
[ReportManager] Initial URL: [] @12-01-2022 11:14:59.0080 AM
[ReportManager] Browser Action [NavigateToURL] successfully performed. With the following test data [https://www.google.com/ncr]. @12-01-2022 11:15:00.0295 A

################################################################################################################################################
Starting Execution:	[29 out of 146] test cases in the current suite
Test Method:		[unitTests.tests_validations_assertions.assertElementAttribute_false_caseInsensitiveComparison_expectedToFail]
################################################################################################################################################
[ReportManager] Element Action [Type] successfully performed. With the following test data [AUTOMATION]. @12-01-2022 11:15:00.0543 AM
[ReportManager] Element Action [GetText] successfully performed. With the following test data [AUTOMATION]. @12-01-2022 11:15:00.0676 AM
[ReportManager] Loaded Shared OpenCV @12-01-2022 11:15:01.0884 AM
[ReportManager] Assertion [ValidateElementAttribute] FAILED. Expected [Value Should not be 'AutomaTion' for the 'text' attribute, element locator 'By.name: q'] and Actual [AUTOMATION]. Comparison Type [CASE_INSENSITIVE]. Validation Type [NEGATIVE]. @12-01-2022 11:15:02.0170 AM
[ReportManager] Successfully created attachment [Screenshot - 1641986100758_assertElementAttribute_false_caseInsensitiveComparison_expectedToFail_ValidateElementAttribute_failed] @12-01-2022 11:15:02.0177 A
[ReportManager] Browser Action [CloseCurrentWindow] successfully performed. @12-01-2022 11:15:02.0542 AM
[ReportManager] Successfully created attachment [Browser Action Test Data - CloseCurrentWindow - Actual Value] @12-01-2022 11:15:02.0543 A
[ReportManager] File Action [GetAbsolutePath] successfully performed. With the following test data [Relative Folder Path: "target/downloadedFiles/"]. @12-01-2022 11:15:02.0547 AM
[ReportManager] Attempting to run locally on: [Mac-64], [Safari], Headless Execution. @12-01-2022 11:15:02.0548 AM
[ReportManager] Successfully Opened Safari. @12-01-2022 11:15:03.0360 AM
[ReportManager] Initial window size: (800, 600) @12-01-2022 11:15:03.0391 AM
[ReportManager] Window size after SWD Maximize: (1176, 803) @12-01-2022 11:15:03.0422 AM
[ReportManager] Browser Action [MaximizeWindow] successfully performed. With the following test data [New screen size is now: (1176, 803)]. @12-01-2022 11:15:03.0423 AM
[ReportManager] Target URL: [https://www.google.com/ncr], and after redirection: [www.google.com] @12-01-2022 11:15:03.0423 AM
[ReportManager] Initial URL: [] @12-01-2022 11:15:03.0466 AM
[ReportManager] Browser Action [NavigateToURL] successfully performed. With the following test data [https://www.google.com/ncr]. @12-01-2022 11:15:04.0686 A

################################################################################################################################################
Starting Execution:	[30 out of 146] test cases in the current suite
Test Method:		[unitTests.tests_validations_assertions.assertElementAttribute_false_caseInsensitiveComparison_expectedToPass]
################################################################################################################################################
[ReportManager] Element Action [Type] successfully performed. With the following test data [AUTOMATION]. @12-01-2022 11:15:04.0931 AM
[ReportManager] Element Action [GetText] successfully performed. With the following test data [AUTOMATION]. @12-01-2022 11:15:05.0090 AM
[ReportManager] Loaded Shared OpenCV @12-01-2022 11:15:05.0202 AM
[ReportManager] Assertion [ValidateElementAttribute] PASSED. Expected [Value Should not be 'AutomaTion123' for the 'text' attribute, element locator 'By.name: q'] and Actual [AUTOMATION]. Comparison Type [CASE_INSENSITIVE]. Validation Type [NEGATIVE]. @12-01-2022 11:15:05.0326 AM
[ReportManager] Successfully created attachment [Screenshot - 1641986105202_assertElementAttribute_false_caseInsensitiveComparison_expectedToPass_ValidateElementAttribute_passed] @12-01-2022 11:15:05.0333 A
[ReportManager] Browser Action [CloseCurrentWindow] successfully performed. @12-01-2022 11:15:05.0529 AM
[ReportManager] Successfully created attachment [Browser Action Test Data - CloseCurrentWindow - Actual Value] @12-01-2022 11:15:05.0531 A
[ReportManager] File Action [GetAbsolutePath] successfully performed. With the following test data [Relative Folder Path: "target/downloadedFiles/"]. @12-01-2022 11:15:05.0539 AM
[ReportManager] Attempting to run locally on: [Mac-64], [Safari], Headless Execution. @12-01-2022 11:15:05.0539 AM
[ReportManager] Successfully Opened Safari. @12-01-2022 11:15:06.0511 AM
[ReportManager] Initial window size: (800, 600) @12-01-2022 11:15:06.0526 AM
[ReportManager] Window size after SWD Maximize: (1176, 803) @12-01-2022 11:15:06.0554 AM
[ReportManager] Browser Action [MaximizeWindow] successfully performed. With the following test data [New screen size is now: (1176, 803)]. @12-01-2022 11:15:06.0554 AM
[ReportManager] Target URL: [https://www.google.com/ncr], and after redirection: [www.google.com] @12-01-2022 11:15:06.0554 AM
[ReportManager] Initial URL: [] @12-01-2022 11:15:06.0597 AM
[ReportManager] Browser Action [NavigateToURL] successfully performed. With the following test data [https://www.google.com/ncr]. @12-01-2022 11:15:07.0838 A

################################################################################################################################################
Starting Execution:	[31 out of 146] test cases in the current suite
Test Method:		[unitTests.tests_validations_assertions.assertElementAttribute_false_containsComparison_expectedToFail]
################################################################################################################################################
[ReportManager] Element Action [Type] successfully performed. With the following test data [Automation123]. @12-01-2022 11:15:08.0078 AM
[ReportManager] Element Action [GetText] successfully performed. With the following test data [Automation123]. @12-01-2022 11:15:08.0184 AM
[ReportManager] Loaded Shared OpenCV @12-01-2022 11:15:08.0257 AM
[ReportManager] Assertion [ValidateElementAttribute] FAILED. Expected [Value Should not be 'Automation' for the 'text' attribute, element locator 'By.name: q'] and Actual [Automation123]. Comparison Type [CONTAINS]. Validation Type [NEGATIVE]. @12-01-2022 11:15:08.0354 AM
[ReportManager] Successfully created attachment [Screenshot - 1641986108257_assertElementAttribute_false_containsComparison_expectedToFail_ValidateElementAttribute_failed] @12-01-2022 11:15:08.0356 A
[ReportManager] Browser Action [CloseCurrentWindow] successfully performed. @12-01-2022 11:15:08.0692 AM
[ReportManager] Successfully created attachment [Browser Action Test Data - CloseCurrentWindow - Actual Value] @12-01-2022 11:15:08.0693 A
[ReportManager] File Action [GetAbsolutePath] successfully performed. With the following test data [Relative Folder Path: "target/downloadedFiles/"]. @12-01-2022 11:15:08.0696 AM
[ReportManager] Attempting to run locally on: [Mac-64], [Safari], Headless Execution. @12-01-2022 11:15:08.0696 AM
[ReportManager] Successfully Opened Safari. @12-01-2022 11:15:09.0524 AM
[ReportManager] Initial window size: (800, 600) @12-01-2022 11:15:09.0583 AM
[ReportManager] Window size after SWD Maximize: (1176, 803) @12-01-2022 11:15:09.0622 AM
[ReportManager] Browser Action [MaximizeWindow] successfully performed. With the following test data [New screen size is now: (1176, 803)]. @12-01-2022 11:15:09.0623 AM
[ReportManager] Target URL: [https://www.google.com/ncr], and after redirection: [www.google.com] @12-01-2022 11:15:09.0623 AM
[ReportManager] Initial URL: [] @12-01-2022 11:15:09.0659 AM
[ReportManager] Browser Action [NavigateToURL] successfully performed. With the following test data [https://www.google.com/ncr]. @12-01-2022 11:15:11.0851 A

################################################################################################################################################
Starting Execution:	[32 out of 146] test cases in the current suite
Test Method:		[unitTests.tests_validations_assertions.assertElementAttribute_false_containsComparison_expectedToPass]
################################################################################################################################################
[ReportManager] Element Action [Type] successfully performed. With the following test data [Automation123]. @12-01-2022 11:15:12.0064 AM
[ReportManager] Element Action [GetText] successfully performed. With the following test data [Automation123]. @12-01-2022 11:15:12.0172 AM
[ReportManager] Loaded Shared OpenCV @12-01-2022 11:15:12.0240 AM
[ReportManager] Assertion [ValidateElementAttribute] PASSED. Expected [Value Should not be 'Automation1234' for the 'text' attribute, element locator 'By.name: q'] and Actual [Automation123]. Comparison Type [CONTAINS]. Validation Type [NEGATIVE]. @12-01-2022 11:15:12.0334 AM
[ReportManager] Successfully created attachment [Screenshot - 1641986112240_assertElementAttribute_false_containsComparison_expectedToPass_ValidateElementAttribute_passed] @12-01-2022 11:15:12.0335 A
[ReportManager] Browser Action [CloseCurrentWindow] successfully performed. @12-01-2022 11:15:12.0501 AM
[ReportManager] Successfully created attachment [Browser Action Test Data - CloseCurrentWindow - Actual Value] @12-01-2022 11:15:12.0502 A
[ReportManager] File Action [GetAbsolutePath] successfully performed. With the following test data [Relative Folder Path: "target/downloadedFiles/"]. @12-01-2022 11:15:12.0506 AM
[ReportManager] Attempting to run locally on: [Mac-64], [Safari], Headless Execution. @12-01-2022 11:15:12.0506 AM
[ReportManager] Successfully Opened Safari. @12-01-2022 11:15:13.0356 AM
[ReportManager] Initial window size: (800, 600) @12-01-2022 11:15:13.0407 AM
[ReportManager] Window size after SWD Maximize: (1176, 803) @12-01-2022 11:15:13.0434 AM
[ReportManager] Browser Action [MaximizeWindow] successfully performed. With the following test data [New screen size is now: (1176, 803)]. @12-01-2022 11:15:13.0435 AM
[ReportManager] Target URL: [https://www.google.com/ncr], and after redirection: [www.google.com] @12-01-2022 11:15:13.0435 AM
[ReportManager] Initial URL: [] @12-01-2022 11:15:13.0503 AM
[ReportManager] Browser Action [NavigateToURL] successfully performed. With the following test data [https://www.google.com/ncr]. @12-01-2022 11:15:16.0901 A

################################################################################################################################################
Starting Execution:	[33 out of 146] test cases in the current suite
Test Method:		[unitTests.tests_validations_assertions.assertElementAttribute_false_literalComparison_expectedToFail]
################################################################################################################################################
[ReportManager] Element Action [Type] successfully performed. With the following test data [Automation!@#$%^&*()_+{}[]\';/.,]. @12-01-2022 11:15:17.0297 AM
[ReportManager] Element Action [GetText] successfully performed. With the following test data [Automation!@#$%^&*()_+{}[]\';/.,]. @12-01-2022 11:15:17.0415 AM
[ReportManager] Loaded Shared OpenCV @12-01-2022 11:15:17.0490 AM
[ReportManager] Assertion [ValidateElementAttribute] PASSED. Expected [Value Should not be 'Automation!@#$%^&*()_+{}[]\\';/.,' for the 'text' attribute, element locator 'By.name: q'] and Actual [Automation!@#$%^&*()_+{}[]\';/.,]. Comparison Type [EQUALS]. Validation Type [NEGATIVE]. @12-01-2022 11:15:17.0587 AM
[ReportManager] Successfully created attachment [Screenshot - 1641986117490_assertElementAttribute_false_literalComparison_expectedToFail_ValidateElementAttribute_passed] @12-01-2022 11:15:17.0589 A
[ReportManager] Browser Action [CloseCurrentWindow] successfully performed. @12-01-2022 11:15:17.0723 AM
[ReportManager] Successfully created attachment [Browser Action Test Data - CloseCurrentWindow - Actual Value] @12-01-2022 11:15:17.0724 A
[ReportManager] File Action [GetAbsolutePath] successfully performed. With the following test data [Relative Folder Path: "target/downloadedFiles/"]. @12-01-2022 11:15:17.0727 AM
[ReportManager] Attempting to run locally on: [Mac-64], [Safari], Headless Execution. @12-01-2022 11:15:17.0728 AM
[ReportManager] Successfully Opened Safari. @12-01-2022 11:15:18.0589 AM
[ReportManager] Initial window size: (800, 600) @12-01-2022 11:15:18.0604 AM
[ReportManager] Window size after SWD Maximize: (1176, 803) @12-01-2022 11:15:18.0627 AM
[ReportManager] Browser Action [MaximizeWindow] successfully performed. With the following test data [New screen size is now: (1176, 803)]. @12-01-2022 11:15:18.0627 AM
[ReportManager] Target URL: [https://www.google.com/ncr], and after redirection: [www.google.com] @12-01-2022 11:15:18.0627 AM
[ReportManager] Initial URL: [] @12-01-2022 11:15:18.0721 AM
[ReportManager] Browser Action [NavigateToURL] successfully performed. With the following test data [https://www.google.com/ncr]. @12-01-2022 11:15:20.0016 A

################################################################################################################################################
Starting Execution:	[34 out of 146] test cases in the current suite
Test Method:		[unitTests.tests_validations_assertions.assertElementAttribute_false_literalComparison_expectedToPass]
################################################################################################################################################
[ReportManager] Element Action [Type] successfully performed. With the following test data [Automation!@#$%^&*()_+{}[]\';/.,]. @12-01-2022 11:15:20.0343 AM
[ReportManager] Element Action [GetText] successfully performed. With the following test data [Automation!@#$%^&*()_+{}[]\';/.,]. @12-01-2022 11:15:20.0447 AM
[ReportManager] Loaded Shared OpenCV @12-01-2022 11:15:20.0526 AM
[ReportManager] Assertion [ValidateElementAttribute] PASSED. Expected [Value Should not be 'Automation' for the 'text' attribute, element locator 'By.name: q'] and Actual [Automation!@#$%^&*()_+{}[]\';/.,]. Comparison Type [EQUALS]. Validation Type [NEGATIVE]. @12-01-2022 11:15:20.0631 AM
[ReportManager] Successfully created attachment [Screenshot - 1641986120526_assertElementAttribute_false_literalComparison_expectedToPass_ValidateElementAttribute_passed] @12-01-2022 11:15:20.0634 A
[ReportManager] Browser Action [CloseCurrentWindow] successfully performed. @12-01-2022 11:15:20.0811 AM
[ReportManager] Successfully created attachment [Browser Action Test Data - CloseCurrentWindow - Actual Value] @12-01-2022 11:15:20.0812 A
[ReportManager] File Action [GetAbsolutePath] successfully performed. With the following test data [Relative Folder Path: "target/downloadedFiles/"]. @12-01-2022 11:15:20.0816 AM
[ReportManager] Attempting to run locally on: [Mac-64], [Safari], Headless Execution. @12-01-2022 11:15:20.0816 AM
[ReportManager] Successfully Opened Safari. @12-01-2022 11:15:21.0609 AM
[ReportManager] Initial window size: (800, 600) @12-01-2022 11:15:21.0641 AM
[ReportManager] Window size after SWD Maximize: (1176, 803) @12-01-2022 11:15:21.0663 AM
[ReportManager] Browser Action [MaximizeWindow] successfully performed. With the following test data [New screen size is now: (1176, 803)]. @12-01-2022 11:15:21.0663 AM
[ReportManager] Target URL: [https://www.google.com/ncr], and after redirection: [www.google.com] @12-01-2022 11:15:21.0664 AM
[ReportManager] Initial URL: [] @12-01-2022 11:15:21.0717 AM
[ReportManager] Browser Action [NavigateToURL] successfully performed. With the following test data [https://www.google.com/ncr]. @12-01-2022 11:15:22.0885 A

################################################################################################################################################
Starting Execution:	[35 out of 146] test cases in the current suite
Test Method:		[unitTests.tests_validations_assertions.assertElementAttribute_false_regexComparison_expectedToFail]
################################################################################################################################################
[ReportManager] Element Action [Type] successfully performed. With the following test data [Automation123]. @12-01-2022 11:15:23.0105 AM
[ReportManager] Element Action [GetText] successfully performed. With the following test data [Automation123]. @12-01-2022 11:15:23.0158 AM
[ReportManager] Loaded Shared OpenCV @12-01-2022 11:15:23.0250 AM
[ReportManager] Assertion [ValidateElementAttribute] FAILED. Expected [Value Should not be 'Automation.*' for the 'text' attribute, element locator 'By.name: q'] and Actual [Automation123]. Comparison Type [MATCHES]. Validation Type [NEGATIVE]. @12-01-2022 11:15:23.0346 AM
[ReportManager] Successfully created attachment [Screenshot - 1641986123250_assertElementAttribute_false_regexComparison_expectedToFail_ValidateElementAttribute_failed] @12-01-2022 11:15:23.0347 A
[ReportManager] Browser Action [CloseCurrentWindow] successfully performed. @12-01-2022 11:15:23.0667 AM
[ReportManager] Successfully created attachment [Browser Action Test Data - CloseCurrentWindow - Actual Value] @12-01-2022 11:15:23.0668 A
[ReportManager] File Action [GetAbsolutePath] successfully performed. With the following test data [Relative Folder Path: "target/downloadedFiles/"]. @12-01-2022 11:15:23.0671 AM
[ReportManager] Attempting to run locally on: [Mac-64], [Safari], Headless Execution. @12-01-2022 11:15:23.0672 AM
[ReportManager] Successfully Opened Safari. @12-01-2022 11:15:24.0478 AM
[ReportManager] Initial window size: (800, 600) @12-01-2022 11:15:24.0507 AM
[ReportManager] Window size after SWD Maximize: (1176, 803) @12-01-2022 11:15:24.0521 AM
[ReportManager] Browser Action [MaximizeWindow] successfully performed. With the following test data [New screen size is now: (1176, 803)]. @12-01-2022 11:15:24.0522 AM
[ReportManager] Target URL: [https://www.google.com/ncr], and after redirection: [www.google.com] @12-01-2022 11:15:24.0522 AM
[ReportManager] Initial URL: [] @12-01-2022 11:15:24.0656 AM
[ReportManager] Browser Action [NavigateToURL] successfully performed. With the following test data [https://www.google.com/ncr]. @12-01-2022 11:15:25.0851 A

################################################################################################################################################
Starting Execution:	[36 out of 146] test cases in the current suite
Test Method:		[unitTests.tests_validations_assertions.assertElementAttribute_false_regexComparison_expectedToPass]
################################################################################################################################################
[ReportManager] Element Action [Type] successfully performed. With the following test data [Automation123]. @12-01-2022 11:15:26.0078 AM
[ReportManager] Element Action [GetText] successfully performed. With the following test data [Automation123]. @12-01-2022 11:15:26.0198 AM
[ReportManager] Loaded Shared OpenCV @12-01-2022 11:15:26.0260 AM
[ReportManager] Assertion [ValidateElementAttribute] PASSED. Expected [Value Should not be 'Automation' for the 'text' attribute, element locator 'By.name: q'] and Actual [Automation123]. Comparison Type [MATCHES]. Validation Type [NEGATIVE]. @12-01-2022 11:15:26.0356 AM
[ReportManager] Successfully created attachment [Screenshot - 1641986126260_assertElementAttribute_false_regexComparison_expectedToPass_ValidateElementAttribute_passed] @12-01-2022 11:15:26.0357 A
[ReportManager] Browser Action [CloseCurrentWindow] successfully performed. @12-01-2022 11:15:26.0504 AM
[ReportManager] Successfully created attachment [Browser Action Test Data - CloseCurrentWindow - Actual Value] @12-01-2022 11:15:26.0505 A
[ReportManager] File Action [GetAbsolutePath] successfully performed. With the following test data [Relative Folder Path: "target/downloadedFiles/"]. @12-01-2022 11:15:26.0509 AM
[ReportManager] Attempting to run locally on: [Mac-64], [Safari], Headless Execution. @12-01-2022 11:15:26.0509 AM
[ReportManager] An Exception Occured with this Message: Could not start a new session. Possible causes are invalid address of the remote server or browser start-up failure.. @12-01-2022 11:15:26.0561 AM
[ReportManager] Successfully created attachment [Exception Stack Trace - org.openqa.selenium.SessionNotCreatedException] @12-01-2022 11:15:26.0562 AM
[ReportManager] Driver Factory Action [createNewLocalDriverInstanceForSafari] failed. With the following test data [Failed to create a session on DESKTOP_SAFARI]. @12-01-2022 11:15:26.0562 A

################################################################################################################################################
Starting Execution:	[37 out of 146] test cases in the current suite
Test Method:		[unitTests.tests_validations_assertions.assertElementAttribute_true_caseInsensitiveComparison_expectedToFail]
###############################################################################################################################################



################################################################################################################################################
Starting Execution:	[38 out of 146] test cases in the current suite
Test Method:		[unitTests.tests_validations_assertions.assertElementAttribute_true_caseInsensitiveComparison_expectedToPass]
###############################################################################################################################################



################################################################################################################################################
Starting Execution:	[39 out of 146] test cases in the current suite
Test Method:		[unitTests.tests_validations_assertions.assertElementAttribute_true_containsComparison_expectedToFail]
###############################################################################################################################################



################################################################################################################################################
Starting Execution:	[40 out of 146] test cases in the current suite
Test Method:		[unitTests.tests_validations_assertions.assertElementAttribute_true_containsComparison_expectedToPass]
###############################################################################################################################################



################################################################################################################################################
Starting Execution:	[41 out of 146] test cases in the current suite
Test Method:		[unitTests.tests_validations_assertions.assertElementAttribute_true_literalComparison_expectedToFail]
###############################################################################################################################################



################################################################################################################################################
Starting Execution:	[42 out of 146] test cases in the current suite
Test Method:		[unitTests.tests_validations_assertions.assertElementAttribute_true_literalComparison_expectedToPass]
###############################################################################################################################################



################################################################################################################################################
Starting Execution:	[43 out of 146] test cases in the current suite
Test Method:		[unitTests.tests_validations_assertions.assertElementAttribute_true_regexComparison_expectedToFail]
###############################################################################################################################################



################################################################################################################################################
Starting Execution:	[44 out of 146] test cases in the current suite
Test Method:		[unitTests.tests_validations_assertions.assertElementAttribute_true_regexComparison_expectedToPass]
###############################################################################################################################################



################################################################################################################################################
Starting Execution:	[45 out of 146] test cases in the current suite
Test Method:		[unitTests.tests_validations_assertions.assertElementAttribute_type_true_literalComparison_expectedToPass]
###############################################################################################################################################



################################################################################################################################################
Starting Execution:	[46 out of 146] test cases in the current suite
Test Method:		[unitTests.tests_validations_assertions.assertElementExists_false_expectedToFail]
###############################################################################################################################################



################################################################################################################################################
Starting Execution:	[47 out of 146] test cases in the current suite
Test Method:		[unitTests.tests_validations_assertions.assertElementExists_false_expectedToPass]
###############################################################################################################################################



################################################################################################################################################
Starting Execution:	[48 out of 146] test cases in the current suite
Test Method:		[unitTests.tests_validations_assertions.assertElementExists_false_multipleElementsFound_expectedToFail]
###############################################################################################################################################



################################################################################################################################################
Starting Execution:	[49 out of 146] test cases in the current suite
Test Method:		[unitTests.tests_validations_assertions.assertElementExists_true_expectedToFail]
###############################################################################################################################################



################################################################################################################################################
Starting Execution:	[50 out of 146] test cases in the current suite
Test Method:		[unitTests.tests_validations_assertions.assertElementExists_true_expectedToPass]
###############################################################################################################################################



################################################################################################################################################
Starting Execution:	[51 out of 146] test cases in the current suite
Test Method:		[unitTests.tests_validations_assertions.assertElementExists_true_multipleElementsFound_expectedToFail]
###############################################################################################################################################


################################################################################################################################################
Starting Execution:	[52 out of 146] test cases in the current suite
Test Method:		[unitTests.tests_validations_assertions.assertEquals_false_expectedToFail]
###############################################################################################################################################

################################################################################################################################################
Starting Execution:	[53 out of 146] test cases in the current suite
Test Method:		[unitTests.tests_validations_assertions.assertEquals_false_expectedToPass]
###############################################################################################################################################

################################################################################################################################################
Starting Execution:	[54 out of 146] test cases in the current suite
Test Method:		[unitTests.tests_validations_assertions.assertEquals_longCharacters]
###############################################################################################################################################

################################################################################################################################################
Starting Execution:	[55 out of 146] test cases in the current suite
Test Method:		[unitTests.tests_validations_assertions.assertEquals_longCharacters_Discreet]
###############################################################################################################################################

################################################################################################################################################
Starting Execution:	[56 out of 146] test cases in the current suite
Test Method:		[unitTests.tests_validations_assertions.assertEquals_true_expectedToFail]
###############################################################################################################################################

################################################################################################################################################
Starting Execution:	[57 out of 146] test cases in the current suite
Test Method:		[unitTests.tests_validations_assertions.assertEquals_true_expectedToPass]
Test Description:	[Assert that assertEquals works as expected when the two values are equal.]
###############################################################################################################################################

################################################################################################################################################
Starting Execution:	[58 out of 146] test cases in the current suite
Test Method:		[unitTests.tests_validations_assertions.assertEquals_true_expectedToPass__]
###############################################################################################################################################

################################################################################################################################################
Starting Execution:	[59 out of 146] test cases in the current suite
Test Method:		[unitTests.tests_validations_assertions.assertFileExists_false_expectedToFail]
###############################################################################################################################################

################################################################################################################################################
Starting Execution:	[60 out of 146] test cases in the current suite
Test Method:		[unitTests.tests_validations_assertions.assertFileExists_false_expectedToPass]
###############################################################################################################################################

################################################################################################################################################
Starting Execution:	[61 out of 146] test cases in the current suite
Test Method:		[unitTests.tests_validations_assertions.assertFileExists_true_expectedToFail]
###############################################################################################################################################

################################################################################################################################################
Starting Execution:	[62 out of 146] test cases in the current suite
Test Method:		[unitTests.tests_validations_assertions.assertFileExists_true_expectedToPass]
###############################################################################################################################################

################################################################################################################################################
Starting Execution:	[63 out of 146] test cases in the current suite
Test Method:		[unitTests.tests_validations_assertions.assertNull_false_expectedToFail]
###############################################################################################################################################

################################################################################################################################################
Starting Execution:	[64 out of 146] test cases in the current suite
Test Method:		[unitTests.tests_validations_assertions.assertNull_false_expectedToPass]
###############################################################################################################################################

################################################################################################################################################
Starting Execution:	[65 out of 146] test cases in the current suite
Test Method:		[unitTests.tests_validations_assertions.assertNull_true_expectedToFail]
###############################################################################################################################################

################################################################################################################################################
Starting Execution:	[66 out of 146] test cases in the current suite
Test Method:		[unitTests.tests_validations_assertions.assertNull_true_expectedToPass]
###############################################################################################################################################

################################################################################################################################################
Starting Execution:	[67 out of 146] test cases in the current suite
Test Method:		[unitTests.tests_restActions.getPostsAndAssertBodyForSpecificTitle]
################################################################################################################################################
[ReportManager] Response status code: [200], status line: [HTTP/1.1 200 OK] @12-01-2022 11:15:29.0772 AM
[ReportManager] Assertion Passed: Evaluating the actual response status code against the expected one... @12-01-2022 11:15:29.0777 AM
[ReportManager] Assertion [ValidateComparativeRelation] PASSED. Expected [200] and Actual [200]. Comparison Type [EQUALS]. Validation Type [POSITIVE]. @12-01-2022 11:15:29.0777 AM
[ReportManager] API Action [PerformRequest] successfully performed. With the following test data [Request Type: "GET" | Target Status Code: "200" | Service URL: "https://jsonplaceholder.typicode.com/posts" | Content Type: "*/*" | Response Time: "592ms"]. @12-01-2022 11:15:30.0844 AM
[ReportManager] Successfully created attachment [API Request - Specifications] @12-01-2022 11:15:30.0845 AM
[ReportManager] Successfully created attachment [API Response - JSON Body] @12-01-2022 11:15:31.0088 AM
[ReportManager] API Action [GetResponseJSONValueAsList] successfully performed. @12-01-2022 11:15:31.0116 AM
[ReportManager] API Action [GetResponseJSONValue] successfully performed. With the following test data [title]. @12-01-2022 11:15:31.0139 AM
[ReportManager] API Action [GetResponseJSONValue] successfully performed. With the following test data [title]. @12-01-2022 11:15:31.0154 AM
[ReportManager] API Action [GetResponseJSONValue] successfully performed. With the following test data [body]. @12-01-2022 11:15:31.0169 AM
[ReportManager] Assertion [ValidateEquals] PASSED. Expected [qui neque nisi nulla] and Actual [est rerum tempore vitae
sequi sint nihil reprehenderit dolor beatae ea dolores neque
fugiat blanditiis voluptate porro vel nihil molestiae ut reiciendis
qui aperiam non debitis possimus qui neque nisi nulla]. Comparison Type [CONTAINS]. Validation Type [POSITIVE]. @12-01-2022 11:15:31.0169 AM
[ReportManager] API Action [GetResponseJSONValue] successfully performed. With the following test data [title]. @12-01-2022 11:15:31.0184 AM
[ReportManager] API Action [GetResponseJSONValue] successfully performed. With the following test data [title]. @12-01-2022 11:15:31.0197 AM
[ReportManager] API Action [GetResponseJSONValue] successfully performed. With the following test data [title]. @12-01-2022 11:15:31.0211 AM
[ReportManager] API Action [GetResponseJSONValue] successfully performed. With the following test data [title]. @12-01-2022 11:15:31.0224 AM
[ReportManager] API Action [GetResponseJSONValue] successfully performed. With the following test data [title]. @12-01-2022 11:15:31.0238 AM
[ReportManager] API Action [GetResponseJSONValue] successfully performed. With the following test data [title]. @12-01-2022 11:15:31.0253 AM
[ReportManager] API Action [GetResponseJSONValue] successfully performed. With the following test data [title]. @12-01-2022 11:15:31.0267 AM
[ReportManager] API Action [GetResponseJSONValue] successfully performed. With the following test data [title]. @12-01-2022 11:15:31.0280 AM
[ReportManager] API Action [GetResponseJSONValue] successfully performed. With the following test data [title]. @12-01-2022 11:15:31.0293 AM
[ReportManager] API Action [GetResponseJSONValue] successfully performed. With the following test data [title]. @12-01-2022 11:15:31.0307 AM
[ReportManager] API Action [GetResponseJSONValue] successfully performed. With the following test data [title]. @12-01-2022 11:15:31.0321 AM
[ReportManager] API Action [GetResponseJSONValue] successfully performed. With the following test data [title]. @12-01-2022 11:15:31.0338 AM
[ReportManager] API Action [GetResponseJSONValue] successfully performed. With the following test data [title]. @12-01-2022 11:15:31.0352 AM
[ReportManager] API Action [GetResponseJSONValue] successfully performed. With the following test data [title]. @12-01-2022 11:15:31.0364 AM
[ReportManager] API Action [GetResponseJSONValue] successfully performed. With the following test data [title]. @12-01-2022 11:15:31.0376 AM
[ReportManager] API Action [GetResponseJSONValue] successfully performed. With the following test data [title]. @12-01-2022 11:15:31.0388 AM
[ReportManager] API Action [GetResponseJSONValue] successfully performed. With the following test data [title]. @12-01-2022 11:15:31.0401 AM
[ReportManager] API Action [GetResponseJSONValue] successfully performed. With the following test data [title]. @12-01-2022 11:15:31.0414 AM
[ReportManager] API Action [GetResponseJSONValue] successfully performed. With the following test data [title]. @12-01-2022 11:15:31.0428 AM
[ReportManager] API Action [GetResponseJSONValue] successfully performed. With the following test data [title]. @12-01-2022 11:15:31.0442 AM
[ReportManager] API Action [GetResponseJSONValue] successfully performed. With the following test data [title]. @12-01-2022 11:15:31.0454 AM
[ReportManager] API Action [GetResponseJSONValue] successfully performed. With the following test data [title]. @12-01-2022 11:15:31.0467 AM
[ReportManager] API Action [GetResponseJSONValue] successfully performed. With the following test data [title]. @12-01-2022 11:15:31.0480 AM
[ReportManager] API Action [GetResponseJSONValue] successfully performed. With the following test data [title]. @12-01-2022 11:15:31.0492 AM
[ReportManager] API Action [GetResponseJSONValue] successfully performed. With the following test data [title]. @12-01-2022 11:15:31.0504 AM
[ReportManager] API Action [GetResponseJSONValue] successfully performed. With the following test data [title]. @12-01-2022 11:15:31.0516 AM
[ReportManager] API Action [GetResponseJSONValue] successfully performed. With the following test data [title]. @12-01-2022 11:15:31.0527 AM
[ReportManager] API Action [GetResponseJSONValue] successfully performed. With the following test data [title]. @12-01-2022 11:15:31.0540 AM
[ReportManager] API Action [GetResponseJSONValue] successfully performed. With the following test data [title]. @12-01-2022 11:15:31.0552 AM
[ReportManager] API Action [GetResponseJSONValue] successfully performed. With the following test data [title]. @12-01-2022 11:15:31.0563 AM
[ReportManager] API Action [GetResponseJSONValue] successfully performed. With the following test data [title]. @12-01-2022 11:15:31.0575 AM
[ReportManager] API Action [GetResponseJSONValue] successfully performed. With the following test data [title]. @12-01-2022 11:15:31.0586 AM
[ReportManager] API Action [GetResponseJSONValue] successfully performed. With the following test data [title]. @12-01-2022 11:15:31.0599 AM
[ReportManager] API Action [GetResponseJSONValue] successfully performed. With the following test data [title]. @12-01-2022 11:15:31.0611 AM
[ReportManager] API Action [GetResponseJSONValue] successfully performed. With the following test data [title]. @12-01-2022 11:15:31.0623 AM
[ReportManager] API Action [GetResponseJSONValue] successfully performed. With the following test data [title]. @12-01-2022 11:15:31.0637 AM
[ReportManager] API Action [GetResponseJSONValue] successfully performed. With the following test data [title]. @12-01-2022 11:15:31.0649 AM
[ReportManager] API Action [GetResponseJSONValue] successfully performed. With the following test data [title]. @12-01-2022 11:15:31.0661 AM
[ReportManager] API Action [GetResponseJSONValue] successfully performed. With the following test data [title]. @12-01-2022 11:15:31.0676 AM
[ReportManager] API Action [GetResponseJSONValue] successfully performed. With the following test data [title]. @12-01-2022 11:15:31.0688 AM
[ReportManager] API Action [GetResponseJSONValue] successfully performed. With the following test data [title]. @12-01-2022 11:15:31.0700 AM
[ReportManager] API Action [GetResponseJSONValue] successfully performed. With the following test data [title]. @12-01-2022 11:15:31.0714 AM
[ReportManager] API Action [GetResponseJSONValue] successfully performed. With the following test data [title]. @12-01-2022 11:15:31.0731 AM
[ReportManager] API Action [GetResponseJSONValue] successfully performed. With the following test data [title]. @12-01-2022 11:15:31.0744 AM
[ReportManager] API Action [GetResponseJSONValue] successfully performed. With the following test data [title]. @12-01-2022 11:15:31.0755 AM
[ReportManager] API Action [GetResponseJSONValue] successfully performed. With the following test data [title]. @12-01-2022 11:15:31.0765 AM
[ReportManager] API Action [GetResponseJSONValue] successfully performed. With the following test data [title]. @12-01-2022 11:15:31.0775 AM
[ReportManager] API Action [GetResponseJSONValue] successfully performed. With the following test data [title]. @12-01-2022 11:15:31.0786 AM
[ReportManager] API Action [GetResponseJSONValue] successfully performed. With the following test data [title]. @12-01-2022 11:15:31.0796 AM
[ReportManager] API Action [GetResponseJSONValue] successfully performed. With the following test data [title]. @12-01-2022 11:15:31.0805 AM
[ReportManager] API Action [GetResponseJSONValue] successfully performed. With the following test data [title]. @12-01-2022 11:15:31.0820 AM
[ReportManager] API Action [GetResponseJSONValue] successfully performed. With the following test data [title]. @12-01-2022 11:15:31.0834 AM
[ReportManager] API Action [GetResponseJSONValue] successfully performed. With the following test data [title]. @12-01-2022 11:15:31.0844 AM
[ReportManager] API Action [GetResponseJSONValue] successfully performed. With the following test data [title]. @12-01-2022 11:15:31.0855 AM
[ReportManager] API Action [GetResponseJSONValue] successfully performed. With the following test data [title]. @12-01-2022 11:15:31.0866 AM
[ReportManager] API Action [GetResponseJSONValue] successfully performed. With the following test data [title]. @12-01-2022 11:15:31.0888 AM
[ReportManager] API Action [GetResponseJSONValue] successfully performed. With the following test data [title]. @12-01-2022 11:15:31.0903 AM
[ReportManager] API Action [GetResponseJSONValue] successfully performed. With the following test data [title]. @12-01-2022 11:15:31.0918 AM
[ReportManager] API Action [GetResponseJSONValue] successfully performed. With the following test data [title]. @12-01-2022 11:15:31.0936 AM
[ReportManager] API Action [GetResponseJSONValue] successfully performed. With the following test data [title]. @12-01-2022 11:15:31.0975 AM
[ReportManager] API Action [GetResponseJSONValue] successfully performed. With the following test data [title]. @12-01-2022 11:15:31.0988 AM
[ReportManager] API Action [GetResponseJSONValue] successfully performed. With the following test data [title]. @12-01-2022 11:15:32.0001 AM
[ReportManager] API Action [GetResponseJSONValue] successfully performed. With the following test data [title]. @12-01-2022 11:15:32.0016 AM
[ReportManager] API Action [GetResponseJSONValue] successfully performed. With the following test data [title]. @12-01-2022 11:15:32.0030 AM
[ReportManager] API Action [GetResponseJSONValue] successfully performed. With the following test data [title]. @12-01-2022 11:15:32.0048 AM
[ReportManager] API Action [GetResponseJSONValue] successfully performed. With the following test data [title]. @12-01-2022 11:15:32.0063 AM
[ReportManager] API Action [GetResponseJSONValue] successfully performed. With the following test data [title]. @12-01-2022 11:15:32.0078 AM
[ReportManager] API Action [GetResponseJSONValue] successfully performed. With the following test data [title]. @12-01-2022 11:15:32.0092 AM
[ReportManager] API Action [GetResponseJSONValue] successfully performed. With the following test data [title]. @12-01-2022 11:15:32.0105 AM
[ReportManager] API Action [GetResponseJSONValue] successfully performed. With the following test data [title]. @12-01-2022 11:15:32.0123 AM
[ReportManager] API Action [GetResponseJSONValue] successfully performed. With the following test data [title]. @12-01-2022 11:15:32.0137 AM
[ReportManager] API Action [GetResponseJSONValue] successfully performed. With the following test data [title]. @12-01-2022 11:15:32.0151 AM
[ReportManager] API Action [GetResponseJSONValue] successfully performed. With the following test data [title]. @12-01-2022 11:15:32.0165 AM
[ReportManager] API Action [GetResponseJSONValue] successfully performed. With the following test data [title]. @12-01-2022 11:15:32.0178 AM
[ReportManager] API Action [GetResponseJSONValue] successfully performed. With the following test data [title]. @12-01-2022 11:15:32.0190 AM
[ReportManager] API Action [GetResponseJSONValue] successfully performed. With the following test data [title]. @12-01-2022 11:15:32.0203 AM
[ReportManager] API Action [GetResponseJSONValue] successfully performed. With the following test data [title]. @12-01-2022 11:15:32.0215 AM
[ReportManager] API Action [GetResponseJSONValue] successfully performed. With the following test data [title]. @12-01-2022 11:15:32.0227 AM
[ReportManager] API Action [GetResponseJSONValue] successfully performed. With the following test data [title]. @12-01-2022 11:15:32.0238 AM
[ReportManager] API Action [GetResponseJSONValue] successfully performed. With the following test data [title]. @12-01-2022 11:15:32.0248 AM
[ReportManager] API Action [GetResponseJSONValue] successfully performed. With the following test data [title]. @12-01-2022 11:15:32.0258 AM
[ReportManager] API Action [GetResponseJSONValue] successfully performed. With the following test data [title]. @12-01-2022 11:15:32.0268 AM
[ReportManager] API Action [GetResponseJSONValue] successfully performed. With the following test data [title]. @12-01-2022 11:15:32.0279 AM
[ReportManager] API Action [GetResponseJSONValue] successfully performed. With the following test data [title]. @12-01-2022 11:15:32.0288 AM
[ReportManager] API Action [GetResponseJSONValue] successfully performed. With the following test data [title]. @12-01-2022 11:15:32.0298 AM
[ReportManager] API Action [GetResponseJSONValue] successfully performed. With the following test data [title]. @12-01-2022 11:15:32.0309 AM
[ReportManager] API Action [GetResponseJSONValue] successfully performed. With the following test data [title]. @12-01-2022 11:15:32.0319 AM
[ReportManager] API Action [GetResponseJSONValue] successfully performed. With the following test data [title]. @12-01-2022 11:15:32.0329 AM
[ReportManager] API Action [GetResponseJSONValue] successfully performed. With the following test data [title]. @12-01-2022 11:15:32.0340 AM
[ReportManager] API Action [GetResponseJSONValue] successfully performed. With the following test data [title]. @12-01-2022 11:15:32.0349 AM
[ReportManager] API Action [GetResponseJSONValue] successfully performed. With the following test data [title]. @12-01-2022 11:15:32.0360 AM
[ReportManager] API Action [GetResponseJSONValue] successfully performed. With the following test data [title]. @12-01-2022 11:15:32.0370 AM
[ReportManager] API Action [GetResponseJSONValue] successfully performed. With the following test data [title]. @12-01-2022 11:15:32.0380 AM
[ReportManager] API Action [GetResponseJSONValue] successfully performed. With the following test data [title]. @12-01-2022 11:15:32.0391 AM
[ReportManager] API Action [GetResponseJSONValue] successfully performed. With the following test data [title]. @12-01-2022 11:15:32.0401 AM
[ReportManager] API Action [GetResponseJSONValue] successfully performed. With the following test data [title]. @12-01-2022 11:15:32.0411 AM
[ReportManager] API Action [GetResponseJSONValue] successfully performed. With the following test data [title]. @12-01-2022 11:15:32.0422 AM
[ReportManager] API Action [GetResponseJSONValue] successfully performed. With the following test data [title]. @12-01-2022 11:15:32.0432 A

################################################################################################################################################
Starting Execution:	[68 out of 146] test cases in the current suite
Test Method:		[unitTests.tests_restActions.validateUserEmail]
################################################################################################################################################
[ReportManager] Response status code: [200], status line: [HTTP/1.1 200 OK] @12-01-2022 11:15:32.0478 AM
[ReportManager] Assertion Passed: Evaluating the actual response status code against the expected one... @12-01-2022 11:15:32.0478 AM
[ReportManager] Assertion [ValidateComparativeRelation] PASSED. Expected [200] and Actual [200]. Comparison Type [EQUALS]. Validation Type [POSITIVE]. @12-01-2022 11:15:32.0478 AM
[ReportManager] API Action [PerformRequest] successfully performed. With the following test data [Request Type: "GET" | Target Status Code: "200" | Service URL: "https://jsonplaceholder.typicode.com/users" | Content Type: "*/*" | Response Time: "36ms"]. @12-01-2022 11:15:32.0497 AM
[ReportManager] Successfully created attachment [API Request - Specifications] @12-01-2022 11:15:32.0498 AM
[ReportManager] Successfully created attachment [API Response - JSON Body] @12-01-2022 11:15:32.0498 AM
[ReportManager] Assertion [ValidateEquals] PASSED. Expected and Actual values are attached. Comparison Type [CONTAINS]. Validation Type [POSITIVE]. @12-01-2022 11:15:32.0499 AM
[ReportManager] Successfully created attachment [Validation Test Data - Expected Value] @12-01-2022 11:15:32.0499 AM
[ReportManager] Successfully created attachment [Validation Test Data - Actual Value] @12-01-2022 11:15:32.0499 AM
[ReportManager] API Action [GetResponseJSONValueAsList] successfully performed. With the following test data [$]. @12-01-2022 11:15:32.0505 AM
[ReportManager] API Action [GetResponseJSONValue] successfully performed. With the following test data [name]. @12-01-2022 11:15:32.0516 AM
[ReportManager] API Action [GetResponseJSONValue] successfully performed. With the following test data [email]. @12-01-2022 11:15:32.0526 AM
[ReportManager] Assertion [ValidateEquals] PASSED. Expected [Sincere@april.biz] and Actual [Sincere@april.biz]. Comparison Type [EQUALS]. Validation Type [POSITIVE]. @12-01-2022 11:15:32.0526 AM
[ReportManager] API Action [GetResponseJSONValue] successfully performed. With the following test data [name]. @12-01-2022 11:15:32.0537 AM
[ReportManager] API Action [GetResponseJSONValue] successfully performed. With the following test data [name]. @12-01-2022 11:15:32.0547 AM
[ReportManager] API Action [GetResponseJSONValue] successfully performed. With the following test data [name]. @12-01-2022 11:15:32.0557 AM
[ReportManager] API Action [GetResponseJSONValue] successfully performed. With the following test data [name]. @12-01-2022 11:15:32.0567 AM
[ReportManager] API Action [GetResponseJSONValue] successfully performed. With the following test data [name]. @12-01-2022 11:15:32.0577 AM
[ReportManager] API Action [GetResponseJSONValue] successfully performed. With the following test data [name]. @12-01-2022 11:15:32.0587 AM
[ReportManager] API Action [GetResponseJSONValue] successfully performed. With the following test data [name]. @12-01-2022 11:15:32.0597 AM
[ReportManager] API Action [GetResponseJSONValue] successfully performed. With the following test data [name]. @12-01-2022 11:15:32.0606 AM
[ReportManager] API Action [GetResponseJSONValue] successfully performed. With the following test data [name]. @12-01-2022 11:15:32.0616 A
[ReportManager] File Action [GetAbsolutePath] successfully performed. With the following test data [Relative Folder Path: "target/downloadedFiles/"]. @12-01-2022 11:15:32.0619 AM
[ReportManager] Attempting to run locally on: [Mac-64], [Safari], Headless Execution. @12-01-2022 11:15:32.0619 AM
[ReportManager] An Exception Occured with this Message: Could not start a new session. Possible causes are invalid address of the remote server or browser start-up failure.. @12-01-2022 11:15:32.0764 AM
[ReportManager] Successfully created attachment [Exception Stack Trace - org.openqa.selenium.SessionNotCreatedException] @12-01-2022 11:15:32.0764 AM
[ReportManager] Driver Factory Action [createNewLocalDriverInstanceForSafari] failed. With the following test data [Failed to create a session on DESKTOP_SAFARI]. @12-01-2022 11:15:32.0765 A

################################################################################################################################################
Starting Execution:	[69 out of 146] test cases in the current suite
Test Method:		[testPackage01.Test_uploadFile.uploadFile_invisibleUploadInput]
###############################################################################################################################################



################################################################################################################################################
Starting Execution:	[70 out of 146] test cases in the current suite
Test Method:		[testPackage01.Test_uploadFile.uploadFile_visibleUploadInput]
###############################################################################################################################################


################################################################################################################################################
Starting Execution:	[71 out of 146] test cases in the current suite
Test Method:		[testPackage01.Test_AssertApiResponseEquals.assertApiResponseEquals_expectedToPass]
################################################################################################################################################
[ReportManager] Response status code: [200], status line: [HTTP/1.1 200 OK] @12-01-2022 11:15:32.0855 AM
[ReportManager] Assertion Passed: Evaluating the actual response status code against the expected one... @12-01-2022 11:15:32.0855 AM
[ReportManager] Assertion [ValidateComparativeRelation] PASSED. Expected [200] and Actual [200]. Comparison Type [EQUALS]. Validation Type [POSITIVE]. @12-01-2022 11:15:32.0855 AM
[ReportManager] API Action [PerformRequest] successfully performed. With the following test data [Request Type: "GET" | Target Status Code: "200" | Service URL: "https://jsonplaceholder.typicode.com/users" | Content Type: "*/*" | Response Time: "55ms"]. @12-01-2022 11:15:32.0878 AM
[ReportManager] Successfully created attachment [API Request - Specifications] @12-01-2022 11:15:32.0879 AM
[ReportManager] Successfully created attachment [API Response - JSON Body] @12-01-2022 11:15:32.0879 AM
[ReportManager] API Action [GetResponseJSONValueAsList] successfully performed. With the following test data [$]. @12-01-2022 11:15:32.0885 AM
[ReportManager] API Action [GetResponseJSONValue] successfully performed. With the following test data [name]. @12-01-2022 11:15:32.0897 AM
[ReportManager] API Action [GetResponseJSONValue] successfully performed. With the following test data [email]. @12-01-2022 11:15:32.0910 AM
[ReportManager] Verification [ValidateEquals] PASSED. Expected [Sincere@april.biz] and Actual [Sincere@april.biz]. Comparison Type [EQUALS]. Validation Type [POSITIVE]. @12-01-2022 11:15:32.0910 AM
[ReportManager] API Action [GetResponseJSONValue] successfully performed. With the following test data [username]. @12-01-2022 11:15:32.0924 AM
[ReportManager] Assertion [ValidateEquals] PASSED. Expected [Bret] and Actual [Bret]. Comparison Type [EQUALS]. Validation Type [POSITIVE]. @12-01-2022 11:15:32.0924 AM
[ReportManager] API Action [GetResponseJSONValue] successfully performed. With the following test data [name]. @12-01-2022 11:15:32.0936 AM
[ReportManager] API Action [GetResponseJSONValue] successfully performed. With the following test data [name]. @12-01-2022 11:15:32.0952 AM
[ReportManager] API Action [GetResponseJSONValue] successfully performed. With the following test data [name]. @12-01-2022 11:15:32.0962 AM
[ReportManager] API Action [GetResponseJSONValue] successfully performed. With the following test data [name]. @12-01-2022 11:15:32.0972 AM
[ReportManager] API Action [GetResponseJSONValue] successfully performed. With the following test data [name]. @12-01-2022 11:15:32.0981 AM
[ReportManager] API Action [GetResponseJSONValue] successfully performed. With the following test data [name]. @12-01-2022 11:15:32.0999 AM
[ReportManager] API Action [GetResponseJSONValue] successfully performed. With the following test data [name]. @12-01-2022 11:15:33.0009 AM
[ReportManager] API Action [GetResponseJSONValue] successfully performed. With the following test data [name]. @12-01-2022 11:15:33.0018 AM
[ReportManager] API Action [GetResponseJSONValue] successfully performed. With the following test data [name]. @12-01-2022 11:15:33.0030 A

################################################################################################################################################
Starting Execution:	[72 out of 146] test cases in the current suite
Test Method:		[testPackage01.Test_testData.f]
################################################################################################################################################
[ReportManager] Successfully loaded the following test data file [src/test/resources/testDataFiles/testSuite01/TestData.xlsx]. @12-01-2022 11:15:33.0064 AM
[ReportManager] Successfully created attachment [Test Data - Excel] @12-01-2022 11:15:33.0064 AM
[ReportManager] Last Column Number is: [3]. Zero-based. @12-01-2022 11:15:33.0065 A

################################################################################################################################################
Starting Execution:	[73 out of 146] test cases in the current suite
Test Method:		[testPackage01.Test_PDF.testPDF1]
################################################################################################################################################
[ReportManager] File Action [DoesFileExist] successfully performed. With the following test data [File Path: "src/test/resources/testDataFiles/sample.pdf"]. @12-01-2022 11:15:33.0071 AM
[ReportManager] File Action [GetAbsolutePath] successfully performed. With the following test data [Relative Folder Path: "src/test/resources/testDataFiles/sample.pdf"]. @12-01-2022 11:15:33.0072 AM
[ReportManager] Assertion Passed: Checking to see that the pdf file contains [A Simple PDF File] @12-01-2022 11:15:37.0507 AM
[ReportManager] Successfully created attachment [Validation Test Data - Expected Value] @12-01-2022 11:15:37.0508 AM
[ReportManager] Successfully created attachment [Validation Test Data - Actual Value] @12-01-2022 11:15:37.0508 AM
[ReportManager] Assertion [ValidateEquals] PASSED. Expected and Actual values are attached. Comparison Type [CONTAINS]. Validation Type [POSITIVE]. @12-01-2022 11:15:37.0508 A

################################################################################################################################################
Starting Execution:	[74 out of 146] test cases in the current suite
Test Method:		[testPackage01.Test_PDF.testPDF2]
################################################################################################################################################
[ReportManager] File Action [DoesFileExist] successfully performed. With the following test data [File Path: "src/test/resources/testDataFiles/sample.pdf"]. @12-01-2022 11:15:37.0515 AM
[ReportManager] File Action [GetAbsolutePath] successfully performed. With the following test data [Relative Folder Path: "src/test/resources/testDataFiles/sample.pdf"]. @12-01-2022 11:15:37.0515 AM
[ReportManager] Assertion Passed: Checking to see that the pdf file contains [A Simple PDF File] @12-01-2022 11:15:37.0550 AM
[ReportManager] Successfully created attachment [Validation Test Data - Expected Value] @12-01-2022 11:15:37.0550 AM
[ReportManager] Successfully created attachment [Validation Test Data - Actual Value] @12-01-2022 11:15:37.0551 AM
[ReportManager] Assertion [ValidateEquals] PASSED. Expected and Actual values are attached. Comparison Type [CONTAINS]. Validation Type [POSITIVE]. @12-01-2022 11:15:37.0551 A
[ReportManager] File Action [GetAbsolutePath] successfully performed. With the following test data [Relative Folder Path: "target/downloadedFiles/"]. @12-01-2022 11:15:37.0554 AM
[ReportManager] Attempting to run locally on: [Mac-64], [Safari], Headless Execution. @12-01-2022 11:15:37.0554 AM
[ReportManager] Successfully Opened Safari. @12-01-2022 11:15:38.0387 AM
[ReportManager] Initial window size: (800, 600) @12-01-2022 11:15:38.0414 AM
[ReportManager] Window size after SWD Maximize: (1176, 803) @12-01-2022 11:15:38.0433 AM
[ReportManager] Browser Action [MaximizeWindow] successfully performed. With the following test data [New screen size is now: (1176, 803)]. @12-01-2022 11:15:38.0434 A

################################################################################################################################################
Starting Execution:	[75 out of 146] test cases in the current suite
Test Method:		[testPackage01.Test_ShadowDOM.shadowdom]
################################################################################################################################################
[ReportManager] Target URL: [https://mdn.github.io/web-components-examples/popup-info-box-web-component/] @12-01-2022 11:15:38.0439 AM
[ReportManager] Initial URL: [] @12-01-2022 11:15:38.0534 AM
[ReportManager] Browser Action [NavigateToURL] successfully performed. With the following test data [https://mdn.github.io/web-components-examples/popup-info-box-web-component/]. @12-01-2022 11:15:38.0948 AM
[ReportManager] Element Action [Type] successfully performed. With the following test data [Typing into SHADOW DOM...]. @12-01-2022 11:15:39.0756 AM
[ReportManager] Element Action [GetText] successfully performed. With the following test data [Typing into SHADOW DOM...]. @12-01-2022 11:15:39.0897 AM
[ReportManager] Loaded Shared OpenCV @12-01-2022 11:15:39.0963 AM
[ReportManager] Assertion [ValidateElementAttribute] PASSED. Expected [Value Should be 'Typing into SHADOW DOM...' for the 'Text' attribute, element locator 'By.id: cvc'] and Actual [Typing into SHADOW DOM...]. Comparison Type [EQUALS]. Validation Type [POSITIVE]. @12-01-2022 11:15:40.0155 AM
[ReportManager] Successfully created attachment [Screenshot - 1641986139963_shadowdom_ValidateElementAttribute_passed] @12-01-2022 11:15:40.0156 A
[ReportManager] Browser Action [CloseCurrentWindow] successfully performed. @12-01-2022 11:15:40.0494 AM
[ReportManager] Successfully created attachment [Browser Action Test Data - CloseCurrentWindow - Actual Value] @12-01-2022 11:15:40.0494 A
[ReportManager] File Action [GetAbsolutePath] successfully performed. With the following test data [Relative Folder Path: "target/downloadedFiles/"]. @12-01-2022 11:15:40.0496 AM
[ReportManager] Attempting to run locally on: [Mac-64], [Safari], Headless Execution. @12-01-2022 11:15:40.0496 AM
[ReportManager] Successfully Opened Safari. @12-01-2022 11:15:41.0323 AM
[ReportManager] Initial window size: (800, 600) @12-01-2022 11:15:41.0359 AM
[ReportManager] Window size after SWD Maximize: (1176, 803) @12-01-2022 11:15:41.0387 AM
[ReportManager] Browser Action [MaximizeWindow] successfully performed. With the following test data [New screen size is now: (1176, 803)]. @12-01-2022 11:15:41.0387 A

################################################################################################################################################
Starting Execution:	[76 out of 146] test cases in the current suite
Test Method:		[testPackage01.Test_clipboardActions.typeTextAndCopyPaste]
################################################################################################################################################
[ReportManager] Target URL: [https://www.google.com/ncr], and after redirection: [https://www.google.com] @12-01-2022 11:15:41.0429 AM
[ReportManager] Initial URL: [] @12-01-2022 11:15:41.0473 AM
[ReportManager] Browser Action [NavigateToURL] successfully performed. With the following test data [https://www.google.com/ncr]. @12-01-2022 11:15:42.0730 AM
[ReportManager] Element Action [Type] successfully performed. With the following test data [FIRST]. @12-01-2022 11:15:42.0912 A
[ReportManager] Browser Action [CloseCurrentWindow] successfully performed. @12-01-2022 11:15:43.0178 AM
[ReportManager] Successfully created attachment [Browser Action Test Data - CloseCurrentWindow - Actual Value] @12-01-2022 11:15:43.0179 A

################################################################################################################################################
Starting Execution:	[77 out of 146] test cases in the current suite
Test Method:		[testPackage01.Test_NewValidationHelper.f1]
################################################################################################################################################
[ReportManager] Assertion Passed: Checking valid user data @12-01-2022 11:15:43.0183 AM
[ReportManager] Successfully created attachment [Validation Test Data - Expected Value] @12-01-2022 11:15:43.0183 AM
[ReportManager] Successfully created attachment [Validation Test Data - Actual Value] @12-01-2022 11:15:43.0184 AM
[ReportManager] Assertion [ValidateEquals] PASSED. Expected and Actual values are attached. Comparison Type [EQUALS]. Validation Type [POSITIVE]. @12-01-2022 11:15:43.0184 A
[ReportManager] File Action [GetAbsolutePath] successfully performed. With the following test data [Relative Folder Path: "target/downloadedFiles/"]. @12-01-2022 11:15:43.0186 AM
[ReportManager] Attempting to run locally on: [Mac-64], [Safari], Headless Execution. @12-01-2022 11:15:43.0187 AM
[ReportManager] Successfully Opened Safari. @12-01-2022 11:15:44.0022 AM
[ReportManager] Initial window size: (800, 600) @12-01-2022 11:15:44.0043 AM
[ReportManager] Window size after SWD Maximize: (1176, 803) @12-01-2022 11:15:44.0057 AM
[ReportManager] Browser Action [MaximizeWindow] successfully performed. With the following test data [New screen size is now: (1176, 803)]. @12-01-2022 11:15:44.0057 AM
[ReportManager] Target URL: [https://the-internet.herokuapp.com/] @12-01-2022 11:15:44.0057 AM
[ReportManager] Initial URL: [] @12-01-2022 11:15:44.0107 AM
[ReportManager] Browser Action [NavigateToURL] successfully performed. With the following test data [https://the-internet.herokuapp.com/]. @12-01-2022 11:15:44.0481 A

################################################################################################################################################
Starting Execution:	[78 out of 146] test cases in the current suite
Test Method:		[testPackage01.Test_NewValidationHelper.f10]
################################################################################################################################################
[ReportManager] Loaded Shared OpenCV @12-01-2022 11:15:44.0617 AM
[ReportManager] Assertion [ValidateElementExists] FAILED. Expected [Element Should Exist, locator 'By.tagName: div'] and Actual [Element Exists but is not unique]. Comparison Type [EQUALS]. Validation Type [POSITIVE]. @12-01-2022 11:15:44.0712 AM
[ReportManager] Successfully created attachment [Screenshot - 1641986144617_f10_ValidateElementExists_failed] @12-01-2022 11:15:44.0713 A
[ReportManager] Successfully Closed All Drivers. @12-01-2022 11:15:44.0863 A
[ReportManager] File Action [GetAbsolutePath] successfully performed. With the following test data [Relative Folder Path: "target/downloadedFiles/"]. @12-01-2022 11:15:44.0865 AM
[ReportManager] Attempting to run locally on: [Mac-64], [Safari], Headless Execution. @12-01-2022 11:15:44.0865 AM
[ReportManager] Successfully Opened Safari. @12-01-2022 11:15:45.0651 AM
[ReportManager] Initial window size: (800, 600) @12-01-2022 11:15:45.0674 AM
[ReportManager] Window size after SWD Maximize: (1176, 803) @12-01-2022 11:15:45.0688 AM
[ReportManager] Browser Action [MaximizeWindow] successfully performed. With the following test data [New screen size is now: (1176, 803)]. @12-01-2022 11:15:45.0689 AM
[ReportManager] Target URL: [https://the-internet.herokuapp.com/] @12-01-2022 11:15:45.0689 AM
[ReportManager] Initial URL: [] @12-01-2022 11:15:45.0729 AM
[ReportManager] Browser Action [NavigateToURL] successfully performed. With the following test data [https://the-internet.herokuapp.com/]. @12-01-2022 11:15:46.0125 A

################################################################################################################################################
Starting Execution:	[79 out of 146] test cases in the current suite
Test Method:		[testPackage01.Test_NewValidationHelper.f11]
################################################################################################################################################
[ReportManager] org.openqa.selenium.TimeoutException:
Expected condition failed: waiting for com.shaft.gui.element.ElementActionsHelper$$Lambda$641/0x0000000801128000@4a793c64 (tried for 5 second(s) with 1000 milliseconds interval)
org.openqa.selenium.support.ui.FluentWait.timeoutException(FluentWait.java:263)
org.openqa.selenium.support.ui.FluentWait.until(FluentWait.java:231)
com.shaft.gui.element.ElementActionsHelper.waitForElementPresence(ElementActionsHelper.java:63)
com.shaft.gui.element.ElementActionsHelper.waitForElementPresence(ElementActionsHelper.java:37)
com.shaft.gui.element.WebDriverElementActions.getMatchingElementsCount(WebDriverElementActions.java:1468)
com.shaft.gui.element.WebDriverElementActions.getElementsCount(WebDriverElementActions.java:559)
com.shaft.gui.element.ElementActions.getElementsCount(ElementActions.java:261)
com.shaft.validation.ValidationsHelper.validateElementExists(ValidationsHelper.java:149)
com.shaft.validation.Assertions.assertElementExists(Assertions.java:118)
testPackage01.Test_NewValidationHelper.f11(Test_NewValidationHelper.java:137)
java.base/jdk.internal.reflect.NativeMethodAccessorImpl.invoke0(Native Method)
java.base/jdk.internal.reflect.NativeMethodAccessorImpl.invoke(NativeMethodAccessorImpl.java:77)
java.base/jdk.internal.reflect.DelegatingMethodAccessorImpl.invoke(DelegatingMethodAccessorImpl.java:43)
java.base/java.lang.reflect.Method.invoke(Method.java:568)
org.testng.internal.invokers.MethodInvocationHelper.invokeMethod(MethodInvocationHelper.java:135)
org.testng.internal.invokers.TestInvoker.invokeMethod(TestInvoker.java:673)
org.testng.internal.invokers.TestInvoker.invokeTestMethod(TestInvoker.java:220)
org.testng.internal.invokers.MethodRunner.runInSequence(MethodRunner.java:50)
org.testng.internal.invokers.TestInvoker$MethodInvocationAgent.invoke(TestInvoker.java:945)
org.testng.internal.invokers.TestInvoker.invokeTestMethods(TestInvoker.java:193)
org.testng.internal.invokers.TestMethodWorker.invokeTestMethods(TestMethodWorker.java:146)
org.testng.internal.invokers.TestMethodWorker.run(TestMethodWorker.java:128)
java.base/java.util.ArrayList.forEach(ArrayList.java:1511)
org.testng.TestRunner.privateRun(TestRunner.java:808)
org.testng.TestRunner.run(TestRunner.java:603)
org.testng.SuiteRunner.runTest(SuiteRunner.java:429)
org.testng.SuiteRunner.runSequentially(SuiteRunner.java:423)
org.testng.SuiteRunner.privateRun(SuiteRunner.java:383)
org.testng.SuiteRunner.run(SuiteRunner.java:326)
org.testng.SuiteRunnerWorker.runSuite(SuiteRunnerWorker.java:52)
org.testng.SuiteRunnerWorker.run(SuiteRunnerWorker.java:95)
org.testng.TestNG.runSuitesSequentially(TestNG.java:1249)
org.testng.TestNG.runSuitesLocally(TestNG.java:1169)
org.testng.TestNG.runSuites(TestNG.java:1092)
org.testng.TestNG.run(TestNG.java:1060)
org.apache.maven.surefire.testng.TestNGExecutor.run(TestNGExecutor.java:136)
org.apache.maven.surefire.testng.TestNGDirectoryTestSuite.executeMulti(TestNGDirectoryTestSuite.java:193)
org.apache.maven.surefire.testng.TestNGDirectoryTestSuite.execute(TestNGDirectoryTestSuite.java:94)
org.apache.maven.surefire.testng.TestNGProvider.invoke(TestNGProvider.java:145)
org.apache.maven.surefire.booter.ForkedBooter.runSuitesInProcess(ForkedBooter.java:428)
org.apache.maven.surefire.booter.ForkedBooter.execute(ForkedBooter.java:162)
org.apache.maven.surefire.booter.ForkedBooter.run(ForkedBooter.java:562)
org.apache.maven.surefire.booter.ForkedBooter.main(ForkedBooter.java:548)

Caused by: org.openqa.selenium.NoSuchElementException:
For documentation on this error, please visit: https://selenium.dev/exceptions/#no_such_element
Build info: version: '4.1.1', revision: 'e8fcc2cecf'
System info: host: 'Mac-1641985933071.local', ip: '10.212.20.83', os.name: 'Mac OS X', os.arch: 'x86_64', os.version: '11.5', java.version: '17.0.1'
Driver info: org.openqa.selenium.safari.SafariDriver
Command: [48D07A93-8B41-4EB4-8AD4-CCA1D48E38EB, findElement {using=tag name, value=h3}]
Capabilities {acceptInsecureCerts: false, browserName: Safari, browserVersion: 15.2, goog:loggingPrefs: {browser: ALL, client: ALL, driver: ALL, performance: ALL, profiler: ALL, server: ALL}, javascriptEnabled: true, pageLoadStrategy: normal, platform: MAC, platformName: MAC, safari:automaticInspection: false, safari:automaticProfiling: false, safari:diagnose: false, safari:platformBuildVersion: 20G314, safari:platformVersion: 11.6.2, safari:useSimulator: false, setWindowRect: true, strictFileInteractability: false, timeouts: {pageLoad: 30000, script: 30000}, webkit:WebRTC: {DisableICECandidateFiltering: false, DisableInsecureMediaCapture: false}}
Session ID: 48D07A93-8B41-4EB4-8AD4-CCA1D48E38EB
jdk.internal.reflect.GeneratedConstructorAccessor70.newInstance(Unknown Source)
java.base/jdk.internal.reflect.DelegatingConstructorAccessorImpl.newInstance(DelegatingConstructorAccessorImpl.java:45)
java.base/java.lang.reflect.Constructor.newInstanceWithCaller(Constructor.java:499)
java.base/java.lang.reflect.Constructor.newInstance(Constructor.java:480)
org.openqa.selenium.remote.codec.w3c.W3CHttpResponseCodec.createException(W3CHttpResponseCodec.java:200)
org.openqa.selenium.remote.codec.w3c.W3CHttpResponseCodec.decode(W3CHttpResponseCodec.java:133)
org.openqa.selenium.remote.codec.w3c.W3CHttpResponseCodec.decode(W3CHttpResponseCodec.java:53)
org.openqa.selenium.remote.HttpCommandExecutor.execute(HttpCommandExecutor.java:184)
org.openqa.selenium.remote.service.DriverCommandExecutor.invokeExecute(DriverCommandExecutor.java:167)
org.openqa.selenium.remote.service.DriverCommandExecutor.execute(DriverCommandExecutor.java:142)
org.openqa.selenium.remote.RemoteWebDriver.execute(RemoteWebDriver.java:543)
org.openqa.selenium.remote.ElementLocation$ElementFinder$2.findElement(ElementLocation.java:162)
org.openqa.selenium.remote.ElementLocation.findElement(ElementLocation.java:60)
org.openqa.selenium.remote.RemoteWebDriver.findElement(RemoteWebDriver.java:367)
org.openqa.selenium.remote.RemoteWebDriver.findElement(RemoteWebDriver.java:359)
com.shaft.gui.element.ElementActionsHelper.lambda$waitForElementPresence$0(ElementActionsHelper.java:66)
org.openqa.selenium.support.ui.FluentWait.until(FluentWait.java:208)
com.shaft.gui.element.ElementActionsHelper.waitForElementPresence(ElementActionsHelper.java:63)
com.shaft.gui.element.ElementActionsHelper.waitForElementPresence(ElementActionsHelper.java:37)
com.shaft.gui.element.WebDriverElementActions.getMatchingElementsCount(WebDriverElementActions.java:1468)
com.shaft.gui.element.WebDriverElementActions.getElementsCount(WebDriverElementActions.java:559)
com.shaft.gui.element.ElementActions.getElementsCount(ElementActions.java:261)
com.shaft.validation.ValidationsHelper.validateElementExists(ValidationsHelper.java:149)
com.shaft.validation.Assertions.assertElementExists(Assertions.java:118)
testPackage01.Test_NewValidationHelper.f11(Test_NewValidationHelper.java:137)
java.base/jdk.internal.reflect.NativeMethodAccessorImpl.invoke0(Native Method)
java.base/jdk.internal.reflect.NativeMethodAccessorImpl.invoke(NativeMethodAccessorImpl.java:77)
java.base/jdk.internal.reflect.DelegatingMethodAccessorImpl.invoke(DelegatingMethodAccessorImpl.java:43)
java.base/java.lang.reflect.Method.invoke(Method.java:568)
org.testng.internal.invokers.MethodInvocationHelper.invokeMethod(MethodInvocationHelper.java:135)
org.testng.internal.invokers.TestInvoker.invokeMethod(TestInvoker.java:673)
org.testng.internal.invokers.TestInvoker.invokeTestMethod(TestInvoker.java:220)
org.testng.internal.invokers.MethodRunner.runInSequence(MethodRunner.java:50)
org.testng.internal.invokers.TestInvoker$MethodInvocationAgent.invoke(TestInvoker.java:945)
org.testng.internal.invokers.TestInvoker.invokeTestMethods(TestInvoker.java:193)
org.testng.internal.invokers.TestMethodWorker.invokeTestMethods(TestMethodWorker.java:146)
org.testng.internal.invokers.TestMethodWorker.run(TestMethodWorker.java:128)
java.base/java.util.ArrayList.forEach(ArrayList.java:1511)
org.testng.TestRunner.privateRun(TestRunner.java:808)
org.testng.TestRunner.run(TestRunner.java:603)
org.testng.SuiteRunner.runTest(SuiteRunner.java:429)
org.testng.SuiteRunner.runSequentially(SuiteRunner.java:423)
org.testng.SuiteRunner.privateRun(SuiteRunner.java:383)
org.testng.SuiteRunner.run(SuiteRunner.java:326)
org.testng.SuiteRunnerWorker.runSuite(SuiteRunnerWorker.java:52)
org.testng.SuiteRunnerWorker.run(SuiteRunnerWorker.java:95)
org.testng.TestNG.runSuitesSequentially(TestNG.java:1249)
org.testng.TestNG.runSuitesLocally(TestNG.java:1169)
org.testng.TestNG.runSuites(TestNG.java:1092)
org.testng.TestNG.run(TestNG.java:1060)
org.apache.maven.surefire.testng.TestNGExecutor.run(TestNGExecutor.java:136)
org.apache.maven.surefire.testng.TestNGDirectoryTestSuite.executeMulti(TestNGDirectoryTestSuite.java:193)
org.apache.maven.surefire.testng.TestNGDirectoryTestSuite.execute(TestNGDirectoryTestSuite.java:94)
org.apache.maven.surefire.testng.TestNGProvider.invoke(TestNGProvider.java:145)
org.apache.maven.surefire.booter.ForkedBooter.runSuitesInProcess(ForkedBooter.java:428)
org.apache.maven.surefire.booter.ForkedBooter.execute(ForkedBooter.java:162)
org.apache.maven.surefire.booter.ForkedBooter.run(ForkedBooter.java:562)
org.apache.maven.surefire.booter.ForkedBooter.main(ForkedBooter.java:548) @12-01-2022 11:15:51.0379 AM
[ReportManager] org.openqa.selenium.TimeoutException:
Expected condition failed: waiting for com.shaft.gui.element.ElementActionsHelper$$Lambda$641/0x0000000801128000@3d6598cd (tried for 5 second(s) with 1000 milliseconds interval)
org.openqa.selenium.support.ui.FluentWait.timeoutException(FluentWait.java:263)
org.openqa.selenium.support.ui.FluentWait.until(FluentWait.java:231)
com.shaft.gui.element.ElementActionsHelper.waitForElementPresence(ElementActionsHelper.java:63)
com.shaft.gui.element.ElementActionsHelper.waitForElementPresence(ElementActionsHelper.java:37)
com.shaft.gui.element.WebDriverElementActions.getMatchingElementsCount(WebDriverElementActions.java:1468)
com.shaft.gui.element.WebDriverElementActions.getElementsCount(WebDriverElementActions.java:559)
com.shaft.gui.element.ElementActions.getElementsCount(ElementActions.java:261)
com.shaft.gui.image.ScreenshotManager.internalCaptureScreenShot(ScreenshotManager.java:394)
com.shaft.gui.image.ScreenshotManager.captureScreenShot(ScreenshotManager.java:141)
com.shaft.validation.ValidationsHelper.reportValidationState(ValidationsHelper.java:823)
com.shaft.validation.ValidationsHelper.pass(ValidationsHelper.java:564)
com.shaft.validation.ValidationsHelper.validateElementExists(ValidationsHelper.java:166)
com.shaft.validation.Assertions.assertElementExists(Assertions.java:118)
testPackage01.Test_NewValidationHelper.f11(Test_NewValidationHelper.java:137)
java.base/jdk.internal.reflect.NativeMethodAccessorImpl.invoke0(Native Method)
java.base/jdk.internal.reflect.NativeMethodAccessorImpl.invoke(NativeMethodAccessorImpl.java:77)
java.base/jdk.internal.reflect.DelegatingMethodAccessorImpl.invoke(DelegatingMethodAccessorImpl.java:43)
java.base/java.lang.reflect.Method.invoke(Method.java:568)
org.testng.internal.invokers.MethodInvocationHelper.invokeMethod(MethodInvocationHelper.java:135)
org.testng.internal.invokers.TestInvoker.invokeMethod(TestInvoker.java:673)
org.testng.internal.invokers.TestInvoker.invokeTestMethod(TestInvoker.java:220)
org.testng.internal.invokers.MethodRunner.runInSequence(MethodRunner.java:50)
org.testng.internal.invokers.TestInvoker$MethodInvocationAgent.invoke(TestInvoker.java:945)
org.testng.internal.invokers.TestInvoker.invokeTestMethods(TestInvoker.java:193)
org.testng.internal.invokers.TestMethodWorker.invokeTestMethods(TestMethodWorker.java:146)
org.testng.internal.invokers.TestMethodWorker.run(TestMethodWorker.java:128)
java.base/java.util.ArrayList.forEach(ArrayList.java:1511)
org.testng.TestRunner.privateRun(TestRunner.java:808)
org.testng.TestRunner.run(TestRunner.java:603)
org.testng.SuiteRunner.runTest(SuiteRunner.java:429)
org.testng.SuiteRunner.runSequentially(SuiteRunner.java:423)
org.testng.SuiteRunner.privateRun(SuiteRunner.java:383)
org.testng.SuiteRunner.run(SuiteRunner.java:326)
org.testng.SuiteRunnerWorker.runSuite(SuiteRunnerWorker.java:52)
org.testng.SuiteRunnerWorker.run(SuiteRunnerWorker.java:95)
org.testng.TestNG.runSuitesSequentially(TestNG.java:1249)
org.testng.TestNG.runSuitesLocally(TestNG.java:1169)
org.testng.TestNG.runSuites(TestNG.java:1092)
org.testng.TestNG.run(TestNG.java:1060)
org.apache.maven.surefire.testng.TestNGExecutor.run(TestNGExecutor.java:136)
org.apache.maven.surefire.testng.TestNGDirectoryTestSuite.executeMulti(TestNGDirectoryTestSuite.java:193)
org.apache.maven.surefire.testng.TestNGDirectoryTestSuite.execute(TestNGDirectoryTestSuite.java:94)
org.apache.maven.surefire.testng.TestNGProvider.invoke(TestNGProvider.java:145)
org.apache.maven.surefire.booter.ForkedBooter.runSuitesInProcess(ForkedBooter.java:428)
org.apache.maven.surefire.booter.ForkedBooter.execute(ForkedBooter.java:162)
org.apache.maven.surefire.booter.ForkedBooter.run(ForkedBooter.java:562)
org.apache.maven.surefire.booter.ForkedBooter.main(ForkedBooter.java:548)

Caused by: org.openqa.selenium.NoSuchElementException:
For documentation on this error, please visit: https://selenium.dev/exceptions/#no_such_element
Build info: version: '4.1.1', revision: 'e8fcc2cecf'
System info: host: 'Mac-1641985933071.local', ip: '10.212.20.83', os.name: 'Mac OS X', os.arch: 'x86_64', os.version: '11.5', java.version: '17.0.1'
Driver info: org.openqa.selenium.safari.SafariDriver
Command: [48D07A93-8B41-4EB4-8AD4-CCA1D48E38EB, findElement {using=tag name, value=h3}]
Capabilities {acceptInsecureCerts: false, browserName: Safari, browserVersion: 15.2, goog:loggingPrefs: {browser: ALL, client: ALL, driver: ALL, performance: ALL, profiler: ALL, server: ALL}, javascriptEnabled: true, pageLoadStrategy: normal, platform: MAC, platformName: MAC, safari:automaticInspection: false, safari:automaticProfiling: false, safari:diagnose: false, safari:platformBuildVersion: 20G314, safari:platformVersion: 11.6.2, safari:useSimulator: false, setWindowRect: true, strictFileInteractability: false, timeouts: {pageLoad: 30000, script: 30000}, webkit:WebRTC: {DisableICECandidateFiltering: false, DisableInsecureMediaCapture: false}}
Session ID: 48D07A93-8B41-4EB4-8AD4-CCA1D48E38EB
jdk.internal.reflect.GeneratedConstructorAccessor70.newInstance(Unknown Source)
java.base/jdk.internal.reflect.DelegatingConstructorAccessorImpl.newInstance(DelegatingConstructorAccessorImpl.java:45)
java.base/java.lang.reflect.Constructor.newInstanceWithCaller(Constructor.java:499)
java.base/java.lang.reflect.Constructor.newInstance(Constructor.java:480)
org.openqa.selenium.remote.codec.w3c.W3CHttpResponseCodec.createException(W3CHttpResponseCodec.java:200)
org.openqa.selenium.remote.codec.w3c.W3CHttpResponseCodec.decode(W3CHttpResponseCodec.java:133)
org.openqa.selenium.remote.codec.w3c.W3CHttpResponseCodec.decode(W3CHttpResponseCodec.java:53)
org.openqa.selenium.remote.HttpCommandExecutor.execute(HttpCommandExecutor.java:184)
org.openqa.selenium.remote.service.DriverCommandExecutor.invokeExecute(DriverCommandExecutor.java:167)
org.openqa.selenium.remote.service.DriverCommandExecutor.execute(DriverCommandExecutor.java:142)
org.openqa.selenium.remote.RemoteWebDriver.execute(RemoteWebDriver.java:543)
org.openqa.selenium.remote.ElementLocation$ElementFinder$2.findElement(ElementLocation.java:162)
org.openqa.selenium.remote.ElementLocation.findElement(ElementLocation.java:60)
org.openqa.selenium.remote.RemoteWebDriver.findElement(RemoteWebDriver.java:367)
org.openqa.selenium.remote.RemoteWebDriver.findElement(RemoteWebDriver.java:359)
com.shaft.gui.element.ElementActionsHelper.lambda$waitForElementPresence$0(ElementActionsHelper.java:66)
org.openqa.selenium.support.ui.FluentWait.until(FluentWait.java:208)
com.shaft.gui.element.ElementActionsHelper.waitForElementPresence(ElementActionsHelper.java:63)
com.shaft.gui.element.ElementActionsHelper.waitForElementPresence(ElementActionsHelper.java:37)
com.shaft.gui.element.WebDriverElementActions.getMatchingElementsCount(WebDriverElementActions.java:1468)
com.shaft.gui.element.WebDriverElementActions.getElementsCount(WebDriverElementActions.java:559)
com.shaft.gui.element.ElementActions.getElementsCount(ElementActions.java:261)
com.shaft.gui.image.ScreenshotManager.internalCaptureScreenShot(ScreenshotManager.java:394)
com.shaft.gui.image.ScreenshotManager.captureScreenShot(ScreenshotManager.java:141)
com.shaft.validation.ValidationsHelper.reportValidationState(ValidationsHelper.java:823)
com.shaft.validation.ValidationsHelper.pass(ValidationsHelper.java:564)
com.shaft.validation.ValidationsHelper.validateElementExists(ValidationsHelper.java:166)
com.shaft.validation.Assertions.assertElementExists(Assertions.java:118)
testPackage01.Test_NewValidationHelper.f11(Test_NewValidationHelper.java:137)
java.base/jdk.internal.reflect.NativeMethodAccessorImpl.invoke0(Native Method)
java.base/jdk.internal.reflect.NativeMethodAccessorImpl.invoke(NativeMethodAccessorImpl.java:77)
java.base/jdk.internal.reflect.DelegatingMethodAccessorImpl.invoke(DelegatingMethodAccessorImpl.java:43)
java.base/java.lang.reflect.Method.invoke(Method.java:568)
org.testng.internal.invokers.MethodInvocationHelper.invokeMethod(MethodInvocationHelper.java:135)
org.testng.internal.invokers.TestInvoker.invokeMethod(TestInvoker.java:673)
org.testng.internal.invokers.TestInvoker.invokeTestMethod(TestInvoker.java:220)
org.testng.internal.invokers.MethodRunner.runInSequence(MethodRunner.java:50)
org.testng.internal.invokers.TestInvoker$MethodInvocationAgent.invoke(TestInvoker.java:945)
org.testng.internal.invokers.TestInvoker.invokeTestMethods(TestInvoker.java:193)
org.testng.internal.invokers.TestMethodWorker.invokeTestMethods(TestMethodWorker.java:146)
org.testng.internal.invokers.TestMethodWorker.run(TestMethodWorker.java:128)
java.base/java.util.ArrayList.forEach(ArrayList.java:1511)
org.testng.TestRunner.privateRun(TestRunner.java:808)
org.testng.TestRunner.run(TestRunner.java:603)
org.testng.SuiteRunner.runTest(SuiteRunner.java:429)
org.testng.SuiteRunner.runSequentially(SuiteRunner.java:423)
org.testng.SuiteRunner.privateRun(SuiteRunner.java:383)
org.testng.SuiteRunner.run(SuiteRunner.java:326)
org.testng.SuiteRunnerWorker.runSuite(SuiteRunnerWorker.java:52)
org.testng.SuiteRunnerWorker.run(SuiteRunnerWorker.java:95)
org.testng.TestNG.runSuitesSequentially(TestNG.java:1249)
org.testng.TestNG.runSuitesLocally(TestNG.java:1169)
org.testng.TestNG.runSuites(TestNG.java:1092)
org.testng.TestNG.run(TestNG.java:1060)
org.apache.maven.surefire.testng.TestNGExecutor.run(TestNGExecutor.java:136)
org.apache.maven.surefire.testng.TestNGDirectoryTestSuite.executeMulti(TestNGDirectoryTestSuite.java:193)
org.apache.maven.surefire.testng.TestNGDirectoryTestSuite.execute(TestNGDirectoryTestSuite.java:94)
org.apache.maven.surefire.testng.TestNGProvider.invoke(TestNGProvider.java:145)
org.apache.maven.surefire.booter.ForkedBooter.runSuitesInProcess(ForkedBooter.java:428)
org.apache.maven.surefire.booter.ForkedBooter.execute(ForkedBooter.java:162)
org.apache.maven.surefire.booter.ForkedBooter.run(ForkedBooter.java:562)
org.apache.maven.surefire.booter.ForkedBooter.main(ForkedBooter.java:548) @12-01-2022 11:15:56.0642 AM
[ReportManager] Assertion Passed: Checking that false tag doesn't exist @12-01-2022 11:15:56.0755 AM
[ReportManager] Successfully created attachment [Screenshot - 1641986156668_f11_ValidateElementExists_passed] @12-01-2022 11:15:56.0756 AM
[ReportManager] Assertion [ValidateElementExists] PASSED. Expected [Element Should not Exist, locator 'By.tagName: h3'] and Actual [Element Doesn't Exists]. Comparison Type [EQUALS]. Validation Type [NEGATIVE]. @12-01-2022 11:15:56.0756 A
[ReportManager] Successfully Closed All Drivers. @12-01-2022 11:15:57.0042 A
[ReportManager] File Action [GetAbsolutePath] successfully performed. With the following test data [Relative Folder Path: "target/downloadedFiles/"]. @12-01-2022 11:15:57.0044 AM
[ReportManager] Attempting to run locally on: [Mac-64], [Safari], Headless Execution. @12-01-2022 11:15:57.0044 AM
[ReportManager] Successfully Opened Safari. @12-01-2022 11:15:57.0841 AM
[ReportManager] Initial window size: (800, 600) @12-01-2022 11:15:57.0875 AM
[ReportManager] Window size after SWD Maximize: (1176, 803) @12-01-2022 11:15:57.0888 AM
[ReportManager] Browser Action [MaximizeWindow] successfully performed. With the following test data [New screen size is now: (1176, 803)]. @12-01-2022 11:15:57.0888 AM
[ReportManager] Target URL: [https://the-internet.herokuapp.com/] @12-01-2022 11:15:57.0888 AM
[ReportManager] Initial URL: [] @12-01-2022 11:15:57.0929 AM
[ReportManager] Browser Action [NavigateToURL] successfully performed. With the following test data [https://the-internet.herokuapp.com/]. @12-01-2022 11:15:58.0284 A

################################################################################################################################################
Starting Execution:	[80 out of 146] test cases in the current suite
Test Method:		[testPackage01.Test_NewValidationHelper.f12]
################################################################################################################################################
[ReportManager] Loaded Shared OpenCV @12-01-2022 11:15:58.0424 AM
[ReportManager] Assertion [ValidateElementExists] FAILED. Expected [Element Should not Exist, locator 'By.tagName: h1'] and Actual [Element Exists]. Comparison Type [EQUALS]. Validation Type [NEGATIVE]. @12-01-2022 11:15:58.0517 AM
[ReportManager] Successfully created attachment [Screenshot - 1641986158424_f12_ValidateElementExists_failed] @12-01-2022 11:15:58.0518 A
[ReportManager] Successfully Closed All Drivers. @12-01-2022 11:15:58.0641 A
[ReportManager] File Action [GetAbsolutePath] successfully performed. With the following test data [Relative Folder Path: "target/downloadedFiles/"]. @12-01-2022 11:15:58.0644 AM
[ReportManager] Attempting to run locally on: [Mac-64], [Safari], Headless Execution. @12-01-2022 11:15:58.0644 AM
[ReportManager] Successfully Opened Safari. @12-01-2022 11:15:59.0471 AM
[ReportManager] Initial window size: (800, 600) @12-01-2022 11:15:59.0509 AM
[ReportManager] Window size after SWD Maximize: (1176, 803) @12-01-2022 11:15:59.0522 AM
[ReportManager] Browser Action [MaximizeWindow] successfully performed. With the following test data [New screen size is now: (1176, 803)]. @12-01-2022 11:15:59.0522 AM
[ReportManager] Target URL: [https://the-internet.herokuapp.com/] @12-01-2022 11:15:59.0522 AM
[ReportManager] Initial URL: [] @12-01-2022 11:15:59.0577 AM
[ReportManager] Browser Action [NavigateToURL] successfully performed. With the following test data [https://the-internet.herokuapp.com/]. @12-01-2022 11:15:59.0953 A

################################################################################################################################################
Starting Execution:	[81 out of 146] test cases in the current suite
Test Method:		[testPackage01.Test_NewValidationHelper.f13]
################################################################################################################################################
[ReportManager] Loaded Shared OpenCV @12-01-2022 11:16:00.0131 AM
[ReportManager] Assertion [ValidateElementExists] FAILED. Expected [Element Should not Exist, locator 'By.tagName: div'] and Actual [Element Exists but is not unique]. Comparison Type [EQUALS]. Validation Type [NEGATIVE]. @12-01-2022 11:16:00.0239 AM
[ReportManager] Successfully created attachment [Screenshot - 1641986160131_f13_ValidateElementExists_failed] @12-01-2022 11:16:00.0241 A
[ReportManager] Successfully Closed All Drivers. @12-01-2022 11:16:00.0434 A
[ReportManager] File Action [GetAbsolutePath] successfully performed. With the following test data [Relative Folder Path: "target/downloadedFiles/"]. @12-01-2022 11:16:00.0436 AM
[ReportManager] Attempting to run locally on: [Mac-64], [Safari], Headless Execution. @12-01-2022 11:16:00.0436 AM
[ReportManager] Successfully Opened Safari. @12-01-2022 11:16:01.0259 AM
[ReportManager] Initial window size: (800, 600) @12-01-2022 11:16:01.0280 AM
[ReportManager] Window size after SWD Maximize: (1176, 803) @12-01-2022 11:16:01.0298 AM
[ReportManager] Browser Action [MaximizeWindow] successfully performed. With the following test data [New screen size is now: (1176, 803)]. @12-01-2022 11:16:01.0298 AM
[ReportManager] Target URL: [https://the-internet.herokuapp.com/] @12-01-2022 11:16:01.0298 AM
[ReportManager] Initial URL: [] @12-01-2022 11:16:01.0359 AM
[ReportManager] Browser Action [NavigateToURL] successfully performed. With the following test data [https://the-internet.herokuapp.com/]. @12-01-2022 11:16:01.0850 A

################################################################################################################################################
Starting Execution:	[82 out of 146] test cases in the current suite
Test Method:		[testPackage01.Test_NewValidationHelper.f14]
################################################################################################################################################
[ReportManager] Element Action [GetText] successfully performed. With the following test data [Welcome to the-internet]. @12-01-2022 11:16:01.0892 AM
[ReportManager] Loaded Shared OpenCV @12-01-2022 11:16:01.0958 AM
[ReportManager] Assertion Passed: Asserting that the header text is correct @12-01-2022 11:16:02.0135 AM
[ReportManager] Successfully created attachment [Screenshot - 1641986161958_f14_ValidateElementAttribute_passed] @12-01-2022 11:16:02.0219 AM
[ReportManager] Assertion [ValidateElementAttribute] PASSED. Expected [Value Should be 'Welcome to the-internet' for the 'text' attribute, element locator 'By.tagName: h1'] and Actual [Welcome to the-internet]. Comparison Type [EQUALS]. Validation Type [POSITIVE]. @12-01-2022 11:16:02.0219 A
[ReportManager] Successfully Closed All Drivers. @12-01-2022 11:16:02.0370 A
[ReportManager] File Action [GetAbsolutePath] successfully performed. With the following test data [Relative Folder Path: "target/downloadedFiles/"]. @12-01-2022 11:16:02.0372 AM
[ReportManager] Attempting to run locally on: [Mac-64], [Safari], Headless Execution. @12-01-2022 11:16:02.0373 AM
[ReportManager] Successfully Opened Safari. @12-01-2022 11:16:03.0263 AM
[ReportManager] Initial window size: (800, 600) @12-01-2022 11:16:03.0325 AM
[ReportManager] Window size after SWD Maximize: (1176, 803) @12-01-2022 11:16:03.0353 AM
[ReportManager] Browser Action [MaximizeWindow] successfully performed. With the following test data [New screen size is now: (1176, 803)]. @12-01-2022 11:16:03.0353 AM
[ReportManager] Target URL: [https://the-internet.herokuapp.com/] @12-01-2022 11:16:03.0353 AM
[ReportManager] Initial URL: [] @12-01-2022 11:16:03.0398 AM
[ReportManager] Browser Action [NavigateToURL] successfully performed. With the following test data [https://the-internet.herokuapp.com/]. @12-01-2022 11:16:04.0084 A

################################################################################################################################################
Starting Execution:	[83 out of 146] test cases in the current suite
Test Method:		[testPackage01.Test_NewValidationHelper.f15]
################################################################################################################################################
[ReportManager] Element Action [GetText] successfully performed. With the following test data [Welcome to the-internet]. @12-01-2022 11:16:04.0129 AM
[ReportManager] Loaded Shared OpenCV @12-01-2022 11:16:04.0190 AM
[ReportManager] Assertion [ValidateElementAttribute] FAILED. Expected [Value Should not be 'Welcome' for the 'text' attribute, element locator 'By.tagName: h1'] and Actual [Welcome to the-internet]. Comparison Type [CONTAINS]. Validation Type [NEGATIVE]. @12-01-2022 11:16:04.0298 AM
[ReportManager] Successfully created attachment [Screenshot - 1641986164190_f15_ValidateElementAttribute_failed] @12-01-2022 11:16:04.0301 A
[ReportManager] Successfully Closed All Drivers. @12-01-2022 11:16:04.0482 A
[ReportManager] File Action [GetAbsolutePath] successfully performed. With the following test data [Relative Folder Path: "target/downloadedFiles/"]. @12-01-2022 11:16:04.0484 AM
[ReportManager] Attempting to run locally on: [Mac-64], [Safari], Headless Execution. @12-01-2022 11:16:04.0484 AM
[ReportManager] Successfully Opened Safari. @12-01-2022 11:16:05.0279 AM
[ReportManager] Initial window size: (800, 600) @12-01-2022 11:16:05.0312 AM
[ReportManager] Window size after SWD Maximize: (1176, 803) @12-01-2022 11:16:05.0328 AM
[ReportManager] Browser Action [MaximizeWindow] successfully performed. With the following test data [New screen size is now: (1176, 803)]. @12-01-2022 11:16:05.0328 AM
[ReportManager] Target URL: [https://the-internet.herokuapp.com/] @12-01-2022 11:16:05.0329 AM
[ReportManager] Initial URL: [] @12-01-2022 11:16:05.0388 AM
[ReportManager] Browser Action [NavigateToURL] successfully performed. With the following test data [https://the-internet.herokuapp.com/]. @12-01-2022 11:16:05.0767 A

################################################################################################################################################
Starting Execution:	[84 out of 146] test cases in the current suite
Test Method:		[testPackage01.Test_NewValidationHelper.f16]
################################################################################################################################################
[ReportManager] org.openqa.selenium.TimeoutException:
Expected condition failed: waiting for com.shaft.gui.element.ElementActionsHelper$$Lambda$641/0x0000000801128000@24c0ff64 (tried for 25 second(s) with 1000 milliseconds interval)
org.openqa.selenium.support.ui.FluentWait.timeoutException(FluentWait.java:263)
org.openqa.selenium.support.ui.FluentWait.until(FluentWait.java:231)
com.shaft.gui.element.ElementActionsHelper.waitForElementPresence(ElementActionsHelper.java:63)
com.shaft.gui.element.ElementActionsHelper.waitForElementPresence(ElementActionsHelper.java:41)
com.shaft.gui.element.WebDriverElementActions.getMatchingElementsCount(WebDriverElementActions.java:1470)
com.shaft.gui.element.WebDriverElementActions.identifyUniqueElement(WebDriverElementActions.java:1518)
com.shaft.gui.element.WebDriverElementActions.identifyUniqueElement(WebDriverElementActions.java:1316)
com.shaft.gui.element.WebDriverElementActions.getText(WebDriverElementActions.java:658)
com.shaft.gui.element.ElementActions.getText(ElementActions.java:311)
com.shaft.validation.ValidationsHelper.validateElementAttribute(ValidationsHelper.java:237)
com.shaft.validation.Assertions.assertElementAttribute(Assertions.java:201)
testPackage01.Test_NewValidationHelper.f16(Test_NewValidationHelper.java:181)
java.base/jdk.internal.reflect.NativeMethodAccessorImpl.invoke0(Native Method)
java.base/jdk.internal.reflect.NativeMethodAccessorImpl.invoke(NativeMethodAccessorImpl.java:77)
java.base/jdk.internal.reflect.DelegatingMethodAccessorImpl.invoke(DelegatingMethodAccessorImpl.java:43)
java.base/java.lang.reflect.Method.invoke(Method.java:568)
org.testng.internal.invokers.MethodInvocationHelper.invokeMethod(MethodInvocationHelper.java:135)
org.testng.internal.invokers.TestInvoker.invokeMethod(TestInvoker.java:673)
org.testng.internal.invokers.TestInvoker.invokeTestMethod(TestInvoker.java:220)
org.testng.internal.invokers.MethodRunner.runInSequence(MethodRunner.java:50)
org.testng.internal.invokers.TestInvoker$MethodInvocationAgent.invoke(TestInvoker.java:945)
org.testng.internal.invokers.TestInvoker.invokeTestMethods(TestInvoker.java:193)
org.testng.internal.invokers.TestMethodWorker.invokeTestMethods(TestMethodWorker.java:146)
org.testng.internal.invokers.TestMethodWorker.run(TestMethodWorker.java:128)
java.base/java.util.ArrayList.forEach(ArrayList.java:1511)
org.testng.TestRunner.privateRun(TestRunner.java:808)
org.testng.TestRunner.run(TestRunner.java:603)
org.testng.SuiteRunner.runTest(SuiteRunner.java:429)
org.testng.SuiteRunner.runSequentially(SuiteRunner.java:423)
org.testng.SuiteRunner.privateRun(SuiteRunner.java:383)
org.testng.SuiteRunner.run(SuiteRunner.java:326)
org.testng.SuiteRunnerWorker.runSuite(SuiteRunnerWorker.java:52)
org.testng.SuiteRunnerWorker.run(SuiteRunnerWorker.java:95)
org.testng.TestNG.runSuitesSequentially(TestNG.java:1249)
org.testng.TestNG.runSuitesLocally(TestNG.java:1169)
org.testng.TestNG.runSuites(TestNG.java:1092)
org.testng.TestNG.run(TestNG.java:1060)
org.apache.maven.surefire.testng.TestNGExecutor.run(TestNGExecutor.java:136)
org.apache.maven.surefire.testng.TestNGDirectoryTestSuite.executeMulti(TestNGDirectoryTestSuite.java:193)
org.apache.maven.surefire.testng.TestNGDirectoryTestSuite.execute(TestNGDirectoryTestSuite.java:94)
org.apache.maven.surefire.testng.TestNGProvider.invoke(TestNGProvider.java:145)
org.apache.maven.surefire.booter.ForkedBooter.runSuitesInProcess(ForkedBooter.java:428)
org.apache.maven.surefire.booter.ForkedBooter.execute(ForkedBooter.java:162)
org.apache.maven.surefire.booter.ForkedBooter.run(ForkedBooter.java:562)
org.apache.maven.surefire.booter.ForkedBooter.main(ForkedBooter.java:548)

Caused by: org.openqa.selenium.NoSuchElementException:
For documentation on this error, please visit: https://selenium.dev/exceptions/#no_such_element
Build info: version: '4.1.1', revision: 'e8fcc2cecf'
System info: host: 'Mac-1641985933071.local', ip: '10.212.20.83', os.name: 'Mac OS X', os.arch: 'x86_64', os.version: '11.5', java.version: '17.0.1'
Driver info: org.openqa.selenium.safari.SafariDriver
Command: [E335CFFB-8359-46B6-BDA0-00316B11984E, findElement {using=tag name, value=h3}]
Capabilities {acceptInsecureCerts: false, browserName: Safari, browserVersion: 15.2, goog:loggingPrefs: {browser: ALL, client: ALL, driver: ALL, performance: ALL, profiler: ALL, server: ALL}, javascriptEnabled: true, pageLoadStrategy: normal, platform: MAC, platformName: MAC, safari:automaticInspection: false, safari:automaticProfiling: false, safari:diagnose: false, safari:platformBuildVersion: 20G314, safari:platformVersion: 11.6.2, safari:useSimulator: false, setWindowRect: true, strictFileInteractability: false, timeouts: {pageLoad: 30000, script: 30000}, webkit:WebRTC: {DisableICECandidateFiltering: false, DisableInsecureMediaCapture: false}}
Session ID: E335CFFB-8359-46B6-BDA0-00316B11984E
jdk.internal.reflect.GeneratedConstructorAccessor70.newInstance(Unknown Source)
java.base/jdk.internal.reflect.DelegatingConstructorAccessorImpl.newInstance(DelegatingConstructorAccessorImpl.java:45)
java.base/java.lang.reflect.Constructor.newInstanceWithCaller(Constructor.java:499)
java.base/java.lang.reflect.Constructor.newInstance(Constructor.java:480)
org.openqa.selenium.remote.codec.w3c.W3CHttpResponseCodec.createException(W3CHttpResponseCodec.java:200)
org.openqa.selenium.remote.codec.w3c.W3CHttpResponseCodec.decode(W3CHttpResponseCodec.java:133)
org.openqa.selenium.remote.codec.w3c.W3CHttpResponseCodec.decode(W3CHttpResponseCodec.java:53)
org.openqa.selenium.remote.HttpCommandExecutor.execute(HttpCommandExecutor.java:184)
org.openqa.selenium.remote.service.DriverCommandExecutor.invokeExecute(DriverCommandExecutor.java:167)
org.openqa.selenium.remote.service.DriverCommandExecutor.execute(DriverCommandExecutor.java:142)
org.openqa.selenium.remote.RemoteWebDriver.execute(RemoteWebDriver.java:543)
org.openqa.selenium.remote.ElementLocation$ElementFinder$2.findElement(ElementLocation.java:162)
org.openqa.selenium.remote.ElementLocation.findElement(ElementLocation.java:60)
org.openqa.selenium.remote.RemoteWebDriver.findElement(RemoteWebDriver.java:367)
org.openqa.selenium.remote.RemoteWebDriver.findElement(RemoteWebDriver.java:359)
com.shaft.gui.element.ElementActionsHelper.lambda$waitForElementPresence$0(ElementActionsHelper.java:66)
org.openqa.selenium.support.ui.FluentWait.until(FluentWait.java:208)
com.shaft.gui.element.ElementActionsHelper.waitForElementPresence(ElementActionsHelper.java:63)
com.shaft.gui.element.ElementActionsHelper.waitForElementPresence(ElementActionsHelper.java:41)
com.shaft.gui.element.WebDriverElementActions.getMatchingElementsCount(WebDriverElementActions.java:1470)
com.shaft.gui.element.WebDriverElementActions.identifyUniqueElement(WebDriverElementActions.java:1518)
com.shaft.gui.element.WebDriverElementActions.identifyUniqueElement(WebDriverElementActions.java:1316)
com.shaft.gui.element.WebDriverElementActions.getText(WebDriverElementActions.java:658)
com.shaft.gui.element.ElementActions.getText(ElementActions.java:311)
com.shaft.validation.ValidationsHelper.validateElementAttribute(ValidationsHelper.java:237)
com.shaft.validation.Assertions.assertElementAttribute(Assertions.java:201)
testPackage01.Test_NewValidationHelper.f16(Test_NewValidationHelper.java:181)
java.base/jdk.internal.reflect.NativeMethodAccessorImpl.invoke0(Native Method)
java.base/jdk.internal.reflect.NativeMethodAccessorImpl.invoke(NativeMethodAccessorImpl.java:77)
java.base/jdk.internal.reflect.DelegatingMethodAccessorImpl.invoke(DelegatingMethodAccessorImpl.java:43)
java.base/java.lang.reflect.Method.invoke(Method.java:568)
org.testng.internal.invokers.MethodInvocationHelper.invokeMethod(MethodInvocationHelper.java:135)
org.testng.internal.invokers.TestInvoker.invokeMethod(TestInvoker.java:673)
org.testng.internal.invokers.TestInvoker.invokeTestMethod(TestInvoker.java:220)
org.testng.internal.invokers.MethodRunner.runInSequence(MethodRunner.java:50)
org.testng.internal.invokers.TestInvoker$MethodInvocationAgent.invoke(TestInvoker.java:945)
org.testng.internal.invokers.TestInvoker.invokeTestMethods(TestInvoker.java:193)
org.testng.internal.invokers.TestMethodWorker.invokeTestMethods(TestMethodWorker.java:146)
org.testng.internal.invokers.TestMethodWorker.run(TestMethodWorker.java:128)
java.base/java.util.ArrayList.forEach(ArrayList.java:1511)
org.testng.TestRunner.privateRun(TestRunner.java:808)
org.testng.TestRunner.run(TestRunner.java:603)
org.testng.SuiteRunner.runTest(SuiteRunner.java:429)
org.testng.SuiteRunner.runSequentially(SuiteRunner.java:423)
org.testng.SuiteRunner.privateRun(SuiteRunner.java:383)
org.testng.SuiteRunner.run(SuiteRunner.java:326)
org.testng.SuiteRunnerWorker.runSuite(SuiteRunnerWorker.java:52)
org.testng.SuiteRunnerWorker.run(SuiteRunnerWorker.java:95)
org.testng.TestNG.runSuitesSequentially(TestNG.java:1249)
org.testng.TestNG.runSuitesLocally(TestNG.java:1169)
org.testng.TestNG.runSuites(TestNG.java:1092)
org.testng.TestNG.run(TestNG.java:1060)
org.apache.maven.surefire.testng.TestNGExecutor.run(TestNGExecutor.java:136)
org.apache.maven.surefire.testng.TestNGDirectoryTestSuite.executeMulti(TestNGDirectoryTestSuite.java:193)
org.apache.maven.surefire.testng.TestNGDirectoryTestSuite.execute(TestNGDirectoryTestSuite.java:94)
org.apache.maven.surefire.testng.TestNGProvider.invoke(TestNGProvider.java:145)
org.apache.maven.surefire.booter.ForkedBooter.runSuitesInProcess(ForkedBooter.java:428)
org.apache.maven.surefire.booter.ForkedBooter.execute(ForkedBooter.java:162)
org.apache.maven.surefire.booter.ForkedBooter.run(ForkedBooter.java:562)
org.apache.maven.surefire.booter.ForkedBooter.main(ForkedBooter.java:548) @12-01-2022 11:16:31.0730 AM
[ReportManager] Element Action [IdentifyUniqueElement] failed. With the following test data [zero elements found matching this locator "By.tagName: h3".]. @12-01-2022 11:16:31.0848 AM
[ReportManager] Successfully created attachment [Screenshot - 1641986191758_f16_IdentifyUniqueElement_failed] @12-01-2022 11:16:31.0850 AM
[ReportManager] Assertion [ValidateElementAttribute] FAILED. Expected [Value Should not be 'Welcome' for the 'text' attribute, element locator 'By.tagName: h3'] and Actual [Failed to read the desired element attribute]. Comparison Type [CONTAINS]. Validation Type [NEGATIVE]. @12-01-2022 11:16:31.0850 A
[ReportManager] Successfully Closed All Drivers. @12-01-2022 11:16:31.0998 A
[ReportManager] File Action [GetAbsolutePath] successfully performed. With the following test data [Relative Folder Path: "target/downloadedFiles/"]. @12-01-2022 11:16:32.0001 AM
[ReportManager] Attempting to run locally on: [Mac-64], [Safari], Headless Execution. @12-01-2022 11:16:32.0001 AM
[ReportManager] An Exception Occured with this Message: Could not start a new session. Possible causes are invalid address of the remote server or browser start-up failure.. @12-01-2022 11:16:32.0135 AM
[ReportManager] Successfully created attachment [Exception Stack Trace - org.openqa.selenium.SessionNotCreatedException] @12-01-2022 11:16:32.0136 AM
[ReportManager] Driver Factory Action [createNewLocalDriverInstanceForSafari] failed. With the following test data [Failed to create a session on DESKTOP_SAFARI]. @12-01-2022 11:16:32.0136 A

################################################################################################################################################
Starting Execution:	[85 out of 146] test cases in the current suite
Test Method:		[testPackage01.Test_NewValidationHelper.f17]
###############################################################################################################################################



################################################################################################################################################
Starting Execution:	[86 out of 146] test cases in the current suite
Test Method:		[testPackage01.Test_NewValidationHelper.f18]
###############################################################################################################################################


################################################################################################################################################
Starting Execution:	[87 out of 146] test cases in the current suite
Test Method:		[testPackage01.Test_NewValidationHelper.f2]
###############################################################################################################################################


################################################################################################################################################
Starting Execution:	[88 out of 146] test cases in the current suite
Test Method:		[testPackage01.Test_NewValidationHelper.f20]
###############################################################################################################################################



################################################################################################################################################
Starting Execution:	[89 out of 146] test cases in the current suite
Test Method:		[testPackage01.Test_NewValidationHelper.f21]
###############################################################################################################################################



################################################################################################################################################
Starting Execution:	[90 out of 146] test cases in the current suite
Test Method:		[testPackage01.Test_NewValidationHelper.f22]
###############################################################################################################################################


################################################################################################################################################
Starting Execution:	[91 out of 146] test cases in the current suite
Test Method:		[testPackage01.Test_NewValidationHelper.f23]
###############################################################################################################################################

################################################################################################################################################
Starting Execution:	[92 out of 146] test cases in the current suite
Test Method:		[testPackage01.Test_NewValidationHelper.f24]
###############################################################################################################################################

################################################################################################################################################
Starting Execution:	[93 out of 146] test cases in the current suite
Test Method:		[testPackage01.Test_NewValidationHelper.f25]
###############################################################################################################################################

################################################################################################################################################
Starting Execution:	[94 out of 146] test cases in the current suite
Test Method:		[testPackage01.Test_NewValidationHelper.f26]
###############################################################################################################################################

################################################################################################################################################
Starting Execution:	[95 out of 146] test cases in the current suite
Test Method:		[testPackage01.Test_NewValidationHelper.f27]
###############################################################################################################################################

################################################################################################################################################
Starting Execution:	[96 out of 146] test cases in the current suite
Test Method:		[testPackage01.Test_NewValidationHelper.f28]
###############################################################################################################################################

################################################################################################################################################
Starting Execution:	[97 out of 146] test cases in the current suite
Test Method:		[testPackage01.Test_NewValidationHelper.f29]
###############################################################################################################################################

################################################################################################################################################
Starting Execution:	[98 out of 146] test cases in the current suite
Test Method:		[testPackage01.Test_NewValidationHelper.f3]
###############################################################################################################################################

################################################################################################################################################
Starting Execution:	[99 out of 146] test cases in the current suite
Test Method:		[testPackage01.Test_NewValidationHelper.f30]
###############################################################################################################################################

################################################################################################################################################
Starting Execution:	[100 out of 146] test cases in the current suite
Test Method:		[testPackage01.Test_NewValidationHelper.f31]
###############################################################################################################################################

################################################################################################################################################
Starting Execution:	[101 out of 146] test cases in the current suite
Test Method:		[testPackage01.Test_NewValidationHelper.f32]
###############################################################################################################################################

################################################################################################################################################
Starting Execution:	[102 out of 146] test cases in the current suite
Test Method:		[testPackage01.Test_NewValidationHelper.f33]
###############################################################################################################################################

################################################################################################################################################
Starting Execution:	[103 out of 146] test cases in the current suite
Test Method:		[testPackage01.Test_NewValidationHelper.f34]
###############################################################################################################################################

################################################################################################################################################
Starting Execution:	[104 out of 146] test cases in the current suite
Test Method:		[testPackage01.Test_NewValidationHelper.f35]
###############################################################################################################################################

################################################################################################################################################
Starting Execution:	[105 out of 146] test cases in the current suite
Test Method:		[testPackage01.Test_NewValidationHelper.f36]
###############################################################################################################################################

################################################################################################################################################
Starting Execution:	[106 out of 146] test cases in the current suite
Test Method:		[testPackage01.Test_NewValidationHelper.f37]
###############################################################################################################################################

################################################################################################################################################
Starting Execution:	[107 out of 146] test cases in the current suite
Test Method:		[testPackage01.Test_NewValidationHelper.f3_1]
###############################################################################################################################################

################################################################################################################################################
Starting Execution:	[108 out of 146] test cases in the current suite
Test Method:		[testPackage01.Test_NewValidationHelper.f4]
###############################################################################################################################################

################################################################################################################################################
Starting Execution:	[109 out of 146] test cases in the current suite
Test Method:		[testPackage01.Test_NewValidationHelper.f5]
###############################################################################################################################################

################################################################################################################################################
Starting Execution:	[110 out of 146] test cases in the current suite
Test Method:		[testPackage01.Test_NewValidationHelper.f6]
###############################################################################################################################################

################################################################################################################################################
Starting Execution:	[111 out of 146] test cases in the current suite
Test Method:		[testPackage01.Test_NewValidationHelper.f6_1]
###############################################################################################################################################

################################################################################################################################################
Starting Execution:	[112 out of 146] test cases in the current suite
Test Method:		[testPackage01.Test_NewValidationHelper.f6_2]
###############################################################################################################################################

################################################################################################################################################
Starting Execution:	[113 out of 146] test cases in the current suite
Test Method:		[testPackage01.Test_NewValidationHelper.f7]
###############################################################################################################################################


################################################################################################################################################
Starting Execution:	[114 out of 146] test cases in the current suite
Test Method:		[testPackage01.Test_NewValidationHelper.f8]
###############################################################################################################################################



################################################################################################################################################
Starting Execution:	[115 out of 146] test cases in the current suite
Test Method:		[testPackage01.Test_NewValidationHelper.f9]
###############################################################################################################################################


################################################################################################################################################
Starting Execution:	[116 out of 146] test cases in the current suite
Test Method:		[testPackage01.Test_NewValidationHelper.forceFail]
###############################################################################################################################################

################################################################################################################################################
Starting Execution:	[117 out of 146] test cases in the current suite
Test Method:		[testPackage01.Test_NewValidationHelper.forceFail2]
###############################################################################################################################################

################################################################################################################################################
Starting Execution:	[118 out of 146] test cases in the current suite
Test Method:		[testPackage01.Test_JsonActions.f]
###############################################################################################################################################

################################################################################################################################################
Starting Execution:	[119 out of 146] test cases in the current suite
Test Method:		[testPackage01.Test_JsonActions.f2]
###############################################################################################################################################

################################################################################################################################################
Starting Execution:	[120 out of 146] test cases in the current suite
Test Method:		[testPackage01.Test_sendGraphqlRequest.sendGraphqlRequestUsingMutationAndVariables]
################################################################################################################################################
[ReportManager] GraphQl Request is being Performed with the Following Parameters [Service URL: https://api.spacex.land/graphql | Request Body: {"variables":"{\"name\": \"sherlock holmes\",\"rocket\": \"221B Baker Street\"}","query":"mutation ($name: String, $rocket: String) {\n  insert_users(objects: {name: $name, rocket: $rocket}) {\n    returning {\n      name\n      rocket\n    }\n  }\n}"}] @12-01-2022 11:16:32.0635 AM
[ReportManager] Response status code: [200], status line: [HTTP/1.1 200 OK] @12-01-2022 11:16:32.0864 AM
[ReportManager] Assertion Passed: Evaluating the actual response status code against the expected one... @12-01-2022 11:16:32.0864 AM
[ReportManager] Assertion [ValidateComparativeRelation] PASSED. Expected [200] and Actual [200]. Comparison Type [EQUALS]. Validation Type [POSITIVE]. @12-01-2022 11:16:32.0864 AM
[ReportManager] API Action [PerformRequest] successfully performed. With the following test data [Request Type: "POST" | Target Status Code: "200" | Service URL: "https://api.spacex.land/graphql" | Content Type: "application/json" | Response Time: "132ms"]. @12-01-2022 11:16:32.0904 AM
[ReportManager] Successfully created attachment [API Request - Specifications] @12-01-2022 11:16:32.0904 AM
[ReportManager] Successfully created attachment [API Request - JSON Body] @12-01-2022 11:16:32.0905 AM
[ReportManager] Successfully created attachment [API Response - JSON Body] @12-01-2022 11:16:32.0906 AM
[ReportManager] API Action [GetResponseJSONValue] successfully performed. With the following test data [data.insert_users.returning[0].name]. @12-01-2022 11:16:32.0961 AM
[ReportManager] Assertion [ValidateEquals] PASSED. Expected [sherlock holmes] and Actual [sherlock holmes]. Comparison Type [EQUALS]. Validation Type [POSITIVE]. @12-01-2022 11:16:32.0961 A

################################################################################################################################################
Starting Execution:	[121 out of 146] test cases in the current suite
Test Method:		[testPackage01.Test_sendGraphqlRequest.sendGraphqlRequestUsingQuery]
################################################################################################################################################
[ReportManager] GraphQl Request is being Performed with the Following Parameters [Service URL: https://api.spacex.land/graphql | Request Body: {"query":"{company {ceo}}"}] @12-01-2022 11:16:32.0965 AM
[ReportManager] Response status code: [200], status line: [HTTP/1.1 200 OK] @12-01-2022 11:16:33.0036 AM
[ReportManager] Assertion Passed: Evaluating the actual response status code against the expected one... @12-01-2022 11:16:33.0036 AM
[ReportManager] Assertion [ValidateComparativeRelation] PASSED. Expected [200] and Actual [200]. Comparison Type [EQUALS]. Validation Type [POSITIVE]. @12-01-2022 11:16:33.0036 AM
[ReportManager] API Action [PerformRequest] successfully performed. With the following test data [Request Type: "POST" | Target Status Code: "200" | Service URL: "https://api.spacex.land/graphql" | Content Type: "application/json" | Response Time: "65ms"]. @12-01-2022 11:16:33.0049 AM
[ReportManager] Successfully created attachment [API Request - Specifications] @12-01-2022 11:16:33.0049 AM
[ReportManager] Successfully created attachment [API Request - JSON Body] @12-01-2022 11:16:33.0050 AM
[ReportManager] Successfully created attachment [API Response - JSON Body] @12-01-2022 11:16:33.0051 AM
[ReportManager] API Action [GetResponseJSONValue] successfully performed. With the following test data [data.company.ceo]. @12-01-2022 11:16:33.0065 AM
[ReportManager] Assertion [ValidateEquals] PASSED. Expected [Elon Musk] and Actual [Elon Musk]. Comparison Type [EQUALS]. Validation Type [POSITIVE]. @12-01-2022 11:16:33.0065 A

################################################################################################################################################
Starting Execution:	[122 out of 146] test cases in the current suite
Test Method:		[testPackage01.Test_MatchJsonSchema.checkAPI_ResponseSchema]
################################################################################################################################################
[ReportManager] Response status code: [200], status line: [HTTP/1.1 200 OK] @12-01-2022 11:16:33.0166 AM
[ReportManager] Assertion Passed: Evaluating the actual response status code against the expected one... @12-01-2022 11:16:33.0166 AM
[ReportManager] Assertion [ValidateComparativeRelation] PASSED. Expected [200] and Actual [200]. Comparison Type [EQUALS]. Validation Type [POSITIVE]. @12-01-2022 11:16:33.0167 AM
[ReportManager] API Action [PerformRequest] successfully performed. With the following test data [Request Type: "GET" | Target Status Code: "200" | Service URL: "http://api.zippopotam.us/us/90210" | Content Type: "*/*" | Response Time: "91ms"]. @12-01-2022 11:16:33.0180 AM
[ReportManager] Successfully created attachment [API Request - Specifications] @12-01-2022 11:16:33.0181 AM
[ReportManager] Successfully created attachment [API Response - JSON Body] @12-01-2022 11:16:33.0181 AM
[ReportManager] File Action [GetAbsolutePath] successfully performed. With the following test data [Relative Folder Path: "src/test/resources/testDataFiles/schema.json"]. @12-01-2022 11:16:33.0182 AM
[ReportManager] File Action [GetAbsolutePath] successfully performed. With the following test data [Relative Folder Path: "/Users/runner/work/SHAFT_ENGINE/SHAFT_ENGINE/src/test/resources/testDataFiles/schema.json"]. @12-01-2022 11:16:33.0934 AM
[ReportManager] File Action [ReadFromFile] successfully performed. With the following test data [File Path: "/Users/runner/work/SHAFT_ENGINE/SHAFT_ENGINE/src/test/resources/testDataFiles/schema.json"]. @12-01-2022 11:16:33.0934 AM
[ReportManager] Assertion Passed: Then I Assert that the API response schema matches that in this file [src/test/resources/testDataFiles/schema.json]. @12-01-2022 11:16:33.0936 AM
[ReportManager] Successfully created attachment [Validation Test Data - Expected JSON Value] @12-01-2022 11:16:33.0937 AM
[ReportManager] Successfully created attachment [Validation Test Data - Actual JSON Value] @12-01-2022 11:16:33.0937 AM
[ReportManager] Assertion [ValidateResponseFileSchema] PASSED. Expected [Response data should match the JSON File in this path '/Users/runner/work/SHAFT_ENGINE/SHAFT_ENGINE/src/test/resources/testDataFiles/schema.json'] and Actual [TRUE]. Comparison Type [EQUALS]. Validation Type [POSITIVE]. @12-01-2022 11:16:33.0937 A
[ReportManager] File Action [GetAbsolutePath] successfully performed. With the following test data [Relative Folder Path: "target/downloadedFiles/"]. @12-01-2022 11:16:33.0939 AM
[ReportManager] Attempting to run locally on: [Mac-64], [Safari], Headless Execution. @12-01-2022 11:16:33.0940 AM
[ReportManager] Successfully Opened Safari. @12-01-2022 11:16:34.0802 AM
[ReportManager] Initial window size: (800, 600) @12-01-2022 11:16:34.0842 AM
[ReportManager] Window size after SWD Maximize: (1176, 803) @12-01-2022 11:16:34.0943 AM
[ReportManager] Browser Action [MaximizeWindow] successfully performed. With the following test data [New screen size is now: (1176, 803)]. @12-01-2022 11:16:34.0943 A

################################################################################################################################################
Starting Execution:	[123 out of 146] test cases in the current suite
Test Method:		[testPackage01.Test_dragAndDrop.dragAndDropJquery]
################################################################################################################################################
[ReportManager] Target URL: [https://jqueryui.com/resources/demos/droppable/default.html] @12-01-2022 11:16:34.0945 AM
[ReportManager] Initial URL: [] @12-01-2022 11:16:35.0028 AM
[ReportManager] Browser Action [NavigateToURL] successfully performed. With the following test data [https://jqueryui.com/resources/demos/droppable/default.html]. @12-01-2022 11:16:35.0936 AM
[ReportManager] Element Action [GetText] successfully performed. With the following test data [
	Drop here
]. @12-01-2022 11:16:36.0001 AM
[ReportManager] Element Action [DragAndDrop] successfully performed. With the following test data [Start point: (8, 18), End point: (8, 18)]. @12-01-2022 11:16:37.0231 AM
[ReportManager] Element Action [GetText] successfully performed. With the following test data [
	Dropped!
]. @12-01-2022 11:16:37.0360 AM
[ReportManager] Assertion Passed: Checking to see if the text has changed after performing drag and drop @12-01-2022 11:16:37.0360 AM
[ReportManager] Assertion [ValidateEquals] PASSED. Expected [
	Drop here
] and Actual [
	Dropped!
]. Comparison Type [EQUALS]. Validation Type [NEGATIVE]. @12-01-2022 11:16:37.0360 A
[ReportManager] Browser Action [CloseCurrentWindow] successfully performed. @12-01-2022 11:16:37.0754 AM
[ReportManager] Successfully created attachment [Browser Action Test Data - CloseCurrentWindow - Actual Value] @12-01-2022 11:16:37.0755 A
[ReportManager] File Action [GetAbsolutePath] successfully performed. With the following test data [Relative Folder Path: "target/downloadedFiles/"]. @12-01-2022 11:16:37.0757 AM
[ReportManager] Attempting to run locally on: [Mac-64], [Safari], Headless Execution. @12-01-2022 11:16:37.0757 AM
[ReportManager] Successfully Opened Safari. @12-01-2022 11:16:38.0930 AM
[ReportManager] Initial window size: (800, 600) @12-01-2022 11:16:38.0953 AM
[ReportManager] Window size after SWD Maximize: (1176, 803) @12-01-2022 11:16:39.0113 AM
[ReportManager] Browser Action [MaximizeWindow] successfully performed. With the following test data [New screen size is now: (1176, 803)]. @12-01-2022 11:16:39.0113 A

################################################################################################################################################
Starting Execution:	[124 out of 146] test cases in the current suite
Test Method:		[testPackage01.Test_dragAndDrop.dragAndDrop]
Test Description:	[TC001 - Test Drag and Drop function.]
################################################################################################################################################
[ReportManager] Target URL: [http://the-internet.herokuapp.com/drag_and_drop] @12-01-2022 11:16:39.0239 AM
[ReportManager] Initial URL: [] @12-01-2022 11:16:39.0272 AM
[ReportManager] Browser Action [NavigateToURL] successfully performed. With the following test data [http://the-internet.herokuapp.com/drag_and_drop]. @12-01-2022 11:16:39.0888 AM
[ReportManager] Attempting Drag and Drop @12-01-2022 11:16:39.0888 AM
[ReportManager] Element Action [DragAndDrop] successfully performed. With the following test data [Start point: (120, 89), End point: (335, 89)]. @12-01-2022 11:16:40.0751 A
[ReportManager] Browser Action [CloseCurrentWindow] successfully performed. @12-01-2022 11:16:40.0948 AM
[ReportManager] Successfully created attachment [Browser Action Test Data - CloseCurrentWindow - Actual Value] @12-01-2022 11:16:40.0948 A
[ReportManager] File Action [GetAbsolutePath] successfully performed. With the following test data [Relative Folder Path: "target/downloadedFiles/"]. @12-01-2022 11:16:40.0950 AM
[ReportManager] Attempting to run locally on: [Mac-64], [Safari], Headless Execution. @12-01-2022 11:16:40.0951 AM
[ReportManager] Successfully Opened Safari. @12-01-2022 11:16:41.0881 AM
[ReportManager] Initial window size: (800, 600) @12-01-2022 11:16:41.0932 AM
[ReportManager] Window size after SWD Maximize: (1176, 803) @12-01-2022 11:16:41.0976 AM
[ReportManager] Browser Action [MaximizeWindow] successfully performed. With the following test data [New screen size is now: (1176, 803)]. @12-01-2022 11:16:41.0976 A

################################################################################################################################################
Starting Execution:	[125 out of 146] test cases in the current suite
Test Method:		[testPackage01.Test_dragAndDrop.dragAndDropByOffset]
Test Description:	[TC002 - Test Drag and Drop by offset function.]
################################################################################################################################################
[ReportManager] Target URL: [https://jqueryui.com/resources/demos/draggable/default.html] @12-01-2022 11:16:42.0100 AM
[ReportManager] Initial URL: [] @12-01-2022 11:16:42.0150 AM
[ReportManager] Browser Action [NavigateToURL] successfully performed. With the following test data [https://jqueryui.com/resources/demos/draggable/default.html]. @12-01-2022 11:16:42.0720 AM
[ReportManager] Element Action [DragAndDropByOffset] successfully performed. With the following test data [Start point: (8, 8), End point: (108, 58)]. @12-01-2022 11:16:43.0482 A
[ReportManager] Browser Action [CloseCurrentWindow] successfully performed. @12-01-2022 11:16:43.0916 AM
[ReportManager] Successfully created attachment [Browser Action Test Data - CloseCurrentWindow - Actual Value] @12-01-2022 11:16:43.0957 A
[ReportManager] Successfully loaded the following test data file [src/test/resources/testDataFiles/testSuite01/TestData.xlsx]. @12-01-2022 11:16:44.0129 AM
[ReportManager] Successfully created attachment [Test Data - Excel] @12-01-2022 11:16:44.0170 AM
[ReportManager] File Action [GetAbsolutePath] successfully performed. With the following test data [Relative Folder Path: "target/downloadedFiles/"]. @12-01-2022 11:16:44.0171 AM
[ReportManager] Attempting to run locally on: [Mac-64], [Safari], Headless Execution. @12-01-2022 11:16:44.0171 AM
[ReportManager] An Exception Occured with this Message: Could not start a new session. Possible causes are invalid address of the remote server or browser start-up failure.. @12-01-2022 11:16:44.0323 AM
[ReportManager] Successfully created attachment [Exception Stack Trace - org.openqa.selenium.SessionNotCreatedException] @12-01-2022 11:16:44.0364 AM
[ReportManager] Driver Factory Action [createNewLocalDriverInstanceForSafari] failed. With the following test data [Failed to create a session on DESKTOP_SAFARI]. @12-01-2022 11:16:44.0364 A

################################################################################################################################################
Starting Execution:	[126 out of 146] test cases in the current suite
Test Method:		[testPackage01.Test_google.navigateToURLandVerifyGoogleLogoIsDisplayed]
Test Description:	[TC001 - Navigate to URL and Verify Google Logo is Displayed]
###############################################################################################################################################

################################################################################################################################################
Starting Execution:	[127 out of 146] test cases in the current suite
Test Method:		[testPackage01.Test_google.searchForQueryandAssertResultsNumDisplayed]
Test Description:	[TC002 - Search for Query and Assert that the number of results is displayed]
###############################################################################################################################################

################################################################################################################################################
Starting Execution:	[128 out of 146] test cases in the current suite
Test Method:		[testPackage01.Test_google.clickNextThrice]
Test Description:	[TC003 - Clicks the next button to make sure that the framework can scroll element into view before clicking it]
###############################################################################################################################################

[ReportManager] File Action [GetAbsolutePath] successfully performed. With the following test data [Relative Folder Path: "target/downloadedFiles/"]. @12-01-2022 11:16:44.0951 AM
[ReportManager] Attempting to run locally on: [Mac-64], [Safari], Headless Execution. @12-01-2022 11:16:44.0952 AM
[ReportManager] An Exception Occured with this Message: Could not start a new session. Possible causes are invalid address of the remote server or browser start-up failure.. @12-01-2022 11:16:45.0150 AM
[ReportManager] Successfully created attachment [Exception Stack Trace - org.openqa.selenium.SessionNotCreatedException] @12-01-2022 11:16:45.0192 AM
[ReportManager] Driver Factory Action [createNewLocalDriverInstanceForSafari] failed. With the following test data [Failed to create a session on DESKTOP_SAFARI]. @12-01-2022 11:16:45.0193 A

################################################################################################################################################
Starting Execution:	[129 out of 146] test cases in the current suite
Test Method:		[testPackage01.Test_chainableElementActions.chainElementActions]
###############################################################################################################################################

[ReportManager] File Action [GetAbsolutePath] successfully performed. With the following test data [Relative Folder Path: "target/downloadedFiles/"]. @12-01-2022 11:16:45.0609 AM
[ReportManager] Attempting to run locally on: [Mac-64], [Safari], Headless Execution. @12-01-2022 11:16:45.0609 AM
[ReportManager] Successfully Opened Safari. @12-01-2022 11:16:46.0472 AM
[ReportManager] Initial window size: (800, 600) @12-01-2022 11:16:46.0504 AM
[ReportManager] Window size after SWD Maximize: (1176, 803) @12-01-2022 11:16:46.0574 AM
[ReportManager] Browser Action [MaximizeWindow] successfully performed. With the following test data [New screen size is now: (1176, 803)]. @12-01-2022 11:16:46.0575 A

################################################################################################################################################
Starting Execution:	[130 out of 146] test cases in the current suite
Test Method:		[testPackage01.Test_RelativeLocators.relativeLocatorsTest1]
################################################################################################################################################
[ReportManager] Target URL: [https://duckduckgo.com/] @12-01-2022 11:16:46.0700 AM
[ReportManager] Initial URL: [] @12-01-2022 11:16:46.0737 AM
[ReportManager] Browser Action [NavigateToURL] successfully performed. With the following test data [https://duckduckgo.com/]. @12-01-2022 11:16:47.0821 AM
[ReportManager] Element Action [Type] successfully performed. With the following test data [SHAFT_Engine]. @12-01-2022 11:16:48.0101 AM
[ReportManager] Element Action [KeyPress] successfully performed. With the following test data [ENTER]. @12-01-2022 11:16:48.0154 AM
[ReportManager] Element Action [GetText] successfully performed. With the following test data [GitHub - MohabMohie/SHAFT_ENGINE: SHAFT_ENGINE is a Test ...]. @12-01-2022 11:16:49.0785 AM
[ReportManager] Loaded Shared OpenCV @12-01-2022 11:16:49.0931 AM
[ReportManager] Assertion Passed: Then I Assert that the element found by [Relative Locator: {root={xpath=//a[@class='result__a js-result-title-link']}, filters=[{kind=below, args=[{xpath=//input[@name='q']}]}]}] text does not equal []. @12-01-2022 11:16:50.0448 AM
[ReportManager] Successfully created attachment [Screenshot - 1641986209931_relativeLocatorsTest1_ValidateElementAttribute_passed] @12-01-2022 11:16:50.0572 AM
[ReportManager] Assertion [ValidateElementAttribute] PASSED. Expected [Value Should not be '' for the 'text' attribute, element locator '[unknown locator]'] and Actual [GitHub - MohabMohie/SHAFT_ENGINE: SHAFT_ENGINE is a Test ...]. Comparison Type [EQUALS]. Validation Type [NEGATIVE]. @12-01-2022 11:16:50.0572 A
[ReportManager] Browser Action [CloseCurrentWindow] successfully performed. @12-01-2022 11:16:51.0024 AM
[ReportManager] Successfully created attachment [Browser Action Test Data - CloseCurrentWindow - Actual Value] @12-01-2022 11:16:51.0095 A

################################################################################################################################################
Starting Execution:	[131 out of 146] test cases in the current suite
Test Method:		[testPackage01.Test_JsonCompareWithSpecialCharacters.specialCharacters]
################################################################################################################################################
[ReportManager] File Action [GetAbsolutePath] successfully performed. With the following test data [Relative Folder Path: "src/test/resources/testDataFiles/specialCharacters.json"]. @12-01-2022 11:16:51.0383 AM
[ReportManager] File Action [ReadFromFile] successfully performed. With the following test data [File Path: "/Users/runner/work/SHAFT_ENGINE/SHAFT_ENGINE/src/test/resources/testDataFiles/specialCharacters.json"]. @12-01-2022 11:16:51.0383 AM
[ReportManager] Successfully created attachment [File Action Actual Result - Command Log] @12-01-2022 11:16:51.0499 AM
[ReportManager] Comparing the provided API response with the file at this path "src/test/resources/testDataFiles/specialCharacters.json", comparison type "EQUALS" @12-01-2022 11:16:51.0501 AM
[ReportManager] API Action [CompareJSON] successfully performed. With the following test data [src/test/resources/testDataFiles/specialCharacters.json]. @12-01-2022 11:16:51.0508 AM
[ReportManager] File Action [GetAbsolutePath] successfully performed. With the following test data [Relative Folder Path: "src/test/resources/testDataFiles/specialCharacters.json"]. @12-01-2022 11:16:51.0509 AM
[ReportManager] File Action [ReadFromFile] successfully performed. With the following test data [File Path: "/Users/runner/work/SHAFT_ENGINE/SHAFT_ENGINE/src/test/resources/testDataFiles/specialCharacters.json"]. @12-01-2022 11:16:51.0509 AM
[ReportManager] Verification [ValidateJSONFileContent] PASSED. Expected [Response data should match the JSON File in this path 'src/test/resources/testDataFiles/specialCharacters.json'] and Actual [TRUE]. Comparison Type [EQUALS]. Validation Type [POSITIVE]. @12-01-2022 11:16:51.0514 AM
[ReportManager] Successfully created attachment [Validation Test Data - Expected JSON Value] @12-01-2022 11:16:51.0661 AM
[ReportManager] Successfully created attachment [Validation Test Data - Actual JSON Value] @12-01-2022 11:16:51.0781 A

################################################################################################################################################
Starting Execution:	[132 out of 146] test cases in the current suite
Test Method:		[testPackage01.Test_JsonCompareWithSpecialCharacters.specialCharacters_assertion]
################################################################################################################################################
[ReportManager] File Action [GetAbsolutePath] successfully performed. With the following test data [Relative Folder Path: "src/test/resources/testDataFiles/specialCharacters.json"]. @12-01-2022 11:16:52.0069 AM
[ReportManager] File Action [ReadFromFile] successfully performed. With the following test data [File Path: "/Users/runner/work/SHAFT_ENGINE/SHAFT_ENGINE/src/test/resources/testDataFiles/specialCharacters.json"]. @12-01-2022 11:16:52.0069 AM
[ReportManager] Successfully created attachment [File Action Actual Result - Command Log] @12-01-2022 11:16:52.0188 AM
[ReportManager] Comparing the provided API response with the file at this path "src/test/resources/testDataFiles/specialCharacters.json", comparison type "CONTAINS" @12-01-2022 11:16:52.0189 AM
[ReportManager] API Action [CompareJSON] successfully performed. With the following test data [src/test/resources/testDataFiles/specialCharacters.json]. @12-01-2022 11:16:52.0200 AM
[ReportManager] File Action [GetAbsolutePath] successfully performed. With the following test data [Relative Folder Path: "src/test/resources/testDataFiles/specialCharacters.json"]. @12-01-2022 11:16:52.0200 AM
[ReportManager] File Action [ReadFromFile] successfully performed. With the following test data [File Path: "/Users/runner/work/SHAFT_ENGINE/SHAFT_ENGINE/src/test/resources/testDataFiles/specialCharacters.json"]. @12-01-2022 11:16:52.0200 AM
[ReportManager] Assertion Passed: trying out the log message @12-01-2022 11:16:52.0205 AM
[ReportManager] Successfully created attachment [Validation Test Data - Expected JSON Value] @12-01-2022 11:16:52.0310 AM
[ReportManager] Successfully created attachment [Validation Test Data - Actual JSON Value] @12-01-2022 11:16:52.0473 AM
[ReportManager] Assertion [ValidateJSONFileContent] PASSED. Expected [Response data should match the JSON File in this path 'src/test/resources/testDataFiles/specialCharacters.json'] and Actual [TRUE]. Comparison Type [CONTAINS]. Validation Type [POSITIVE]. @12-01-2022 11:16:52.0473 A

################################################################################################################################################
Starting Execution:	[133 out of 146] test cases in the current suite
Test Method:		[testPackage01.Test_SkipDueToIssue.doNotSkip]
################################################################################################################################################
[ReportManager] This should not be skipped. @12-01-2022 11:16:52.0717 A

################################################################################################################################################
Starting Execution:	[134 out of 146] test cases in the current suite
Test Method:		[testPackage01.Test_SkipDueToIssue.skip]
################################################################################################################################################
[ReportManager] This should be skipped. @12-01-2022 11:16:52.0924 A

################################################################################################################################################
Starting Execution:	[135 out of 146] test cases in the current suite
Test Method:		[testPackage01.Test_SkipDueToIssue.skip2]
################################################################################################################################################
[ReportManager] This should be skipped. @12-01-2022 11:16:53.0091 A

################################################################################################################################################
Starting Execution:	[136 out of 146] test cases in the current suite
Test Method:		[testPackage01.Test_JSONFileManager.readStringFromJson]
################################################################################################################################################
[ReportManager] File Action [GetAbsolutePath] successfully performed. With the following test data [Relative Folder Path: "src/test/resources/testDataFiles/simpleJSON.json"]. @12-01-2022 11:16:53.0218 AM
[ReportManager] Successfully loaded the following test data file [src/test/resources/testDataFiles/simpleJSON.json]. @12-01-2022 11:16:53.0218 AM
[ReportManager] Successfully created attachment [Test Data - JSON] @12-01-2022 11:16:53.0300 AM
[ReportManager] File Action [GetAbsolutePath] successfully performed. With the following test data [Relative Folder Path: "src/test/resources/testDataFiles/simpleJSON.json"]. @12-01-2022 11:16:53.0301 AM
[ReportManager] Assertion [ValidateEquals] PASSED. Expected [Mohab Mohie] and Actual [Mohab Mohie]. Comparison Type [EQUALS]. Validation Type [POSITIVE]. @12-01-2022 11:16:53.0314 A
[ReportManager] File Action [GetAbsolutePath] successfully performed. With the following test data [Relative Folder Path: "target/downloadedFiles/"]. @12-01-2022 11:16:53.0442 AM
[ReportManager] Attempting to run locally on: [Mac-64], [Safari], Headless Execution. @12-01-2022 11:16:53.0443 AM
[ReportManager] An Exception Occured with this Message: Could not start a new session. Possible causes are invalid address of the remote server or browser start-up failure.. @12-01-2022 11:16:53.0512 AM
[ReportManager] Successfully created attachment [Exception Stack Trace - org.openqa.selenium.SessionNotCreatedException] @12-01-2022 11:16:53.0553 AM
[ReportManager] Driver Factory Action [createNewLocalDriverInstanceForSafari] failed. With the following test data [Failed to create a session on DESKTOP_SAFARI]. @12-01-2022 11:16:53.0553 A

################################################################################################################################################
Starting Execution:	[137 out of 146] test cases in the current suite
Test Method:		[testPackage01.Test_assertEquals.test_assertElementAttribute]
###############################################################################################################################################

[ReportManager] File Action [GetAbsolutePath] successfully performed. With the following test data [Relative Folder Path: "target/downloadedFiles/"]. @12-01-2022 11:16:53.0806 AM
[ReportManager] Attempting to run locally on: [Mac-64], [Safari], Headless Execution. @12-01-2022 11:16:53.0806 AM
[ReportManager] Successfully Opened Safari. @12-01-2022 11:16:54.0682 AM
[ReportManager] Initial window size: (800, 600) @12-01-2022 11:16:54.0694 AM
[ReportManager] Window size after SWD Maximize: (1176, 803) @12-01-2022 11:16:54.0723 AM
[ReportManager] Browser Action [MaximizeWindow] successfully performed. With the following test data [New screen size is now: (1176, 803)]. @12-01-2022 11:16:54.0723 A

################################################################################################################################################
Starting Execution:	[138 out of 146] test cases in the current suite
Test Method:		[testPackage01.Test_IsElementClickable.testIsElementClickable]
################################################################################################################################################
[ReportManager] Target URL: [https://the-internet.herokuapp.com/] @12-01-2022 11:16:54.0848 AM
[ReportManager] Initial URL: [] @12-01-2022 11:16:54.0875 AM
[ReportManager] Browser Action [NavigateToURL] successfully performed. With the following test data [https://the-internet.herokuapp.com/]. @12-01-2022 11:16:55.0271 AM
[ReportManager] Element Action [IsElementClickable] successfully performed. @12-01-2022 11:16:55.0370 AM
[ReportManager] Assertion [ValidateTrue] PASSED. Expected [TRUE] and Actual [TRUE]. Validation Type [POSITIVE]. @12-01-2022 11:16:55.0371 A
[ReportManager] Browser Action [CloseCurrentWindow] successfully performed. @12-01-2022 11:16:55.0860 AM
[ReportManager] Successfully created attachment [Browser Action Test Data - CloseCurrentWindow - Actual Value] @12-01-2022 11:16:55.0901 A
[ReportManager] Successfully loaded the following test data file [src/test/resources/testDataFiles/testSuite01/TestData.xlsx]. @12-01-2022 11:16:56.0080 AM
[ReportManager] Successfully created attachment [Test Data - Excel] @12-01-2022 11:16:56.0121 AM
[ReportManager] Attempting to run using Playwright locally on: [Mac-64], [Safari], Headless Execution. @12-01-2022 11:20:17.0195 AM
[ReportManager] File Action [GetAbsolutePath] successfully performed. With the following test data [Relative Folder Path: "target/downloadedFiles/"]. @12-01-2022 11:20:17.0196 AM
[ReportManager] Initial window size: (1280, 720) @12-01-2022 11:20:22.0132 AM
[ReportManager] Window size after Toolkit: com.microsoft.playwright.options.ViewportSize@23e3788a @12-01-2022 11:20:22.0140 AM
[ReportManager] Browser Action [MaximizeWindow] successfully performed. With the following test data [New screen size is now: (1920, 1080)]. @12-01-2022 11:20:22.0141 A

################################################################################################################################################
Starting Execution:	[139 out of 146] test cases in the current suite
Test Method:		[testPackage01.Test_google_playwright.navigateToURLandVerifyGoogleLogoIsDisplayed]
Test Description:	[TC001 - Navigate to URL and Verify Google Logo is Displayed]
################################################################################################################################################
[ReportManager] Target URL: [https://www.google.com/ncr], and after redirection: [https://www.google.com] @12-01-2022 11:20:22.0283 AM
[ReportManager] Initial URL: [about:blank] @12-01-2022 11:20:22.0732 AM
[ReportManager] Browser Action [NavigateToURL] successfully performed. With the following test data [https://www.google.com/ncr]. @12-01-2022 11:20:24.0812 AM
[ReportManager] Loaded Shared OpenCV @12-01-2022 11:20:24.0903 AM
[ReportManager] Assertion [ValidateElementExists] PASSED. Expected [Element Should Exist, locator 'xpath=//*[@id='hplogo' or @alt='Google']'] and Actual [Element Exists]. Comparison Type [EQUALS]. Validation Type [POSITIVE]. @12-01-2022 11:20:25.0089 AM
[ReportManager] Successfully created attachment [Screenshot - 1641986424899_navigateToURLandVerifyGoogleLogoIsDisplayed_ValidateElementExists_passed] @12-01-2022 11:20:25.0090 A

################################################################################################################################################
Starting Execution:	[140 out of 146] test cases in the current suite
Test Method:		[testPackage01.Test_google_playwright.searchForQueryandAssertResultsNumDisplayed]
Test Description:	[TC002 - Search for Query and Assert that the number of results is displayed]
################################################################################################################################################
[ReportManager] Element Action [Type] successfully performed. With the following test data [SHAFT_Engine]. @12-01-2022 11:20:25.0367 AM
[ReportManager] Element Action [KeyPress] successfully performed. With the following test data [Enter]. @12-01-2022 11:20:25.0491 AM
[ReportManager] Element Action [GetText] successfully performed. With the following test data [About 1,040,000 results (0.75 seconds)
]. @12-01-2022 11:20:26.0534 AM
[ReportManager] Loaded Shared OpenCV @12-01-2022 11:20:28.0664 AM
[ReportManager] Assertion [ValidateElementAttribute] PASSED. Expected [Value Should not be '' for the 'text' attribute, element locator 'xpath=//div[@id='appbar']'] and Actual [About 1,040,000 results (0.75 seconds)
]. Comparison Type [EQUALS]. Validation Type [NEGATIVE]. @12-01-2022 11:20:28.0903 AM
[ReportManager] Successfully created attachment [Screenshot - 1641986428662_searchForQueryandAssertResultsNumDisplayed_ValidateElementAttribute_passed] @12-01-2022 11:20:28.0907 A

################################################################################################################################################
Starting Execution:	[141 out of 146] test cases in the current suite
Test Method:		[testPackage01.Test_google_playwright.clickNextThrice]
Test Description:	[TC003 - Clicks the next button to make sure that the framework can scroll element into view before clicking it]
################################################################################################################################################
[ReportManager] Element Action [Click] successfully performed. With the following test data [Next]. @12-01-2022 11:20:29.0280 A
[ReportManager] Failed to find video recording. @12-01-2022 11:20:29.0282 AM
[ReportManager] Successfully Closed PlayWright Driver. @12-01-2022 11:20:29.0320 A
[ReportManager] File Action [GetAbsolutePath] successfully performed. With the following test data [Relative Folder Path: "target/downloadedFiles/"]. @12-01-2022 11:20:29.0322 AM
[ReportManager] Attempting to run locally on: [Mac-64], [Safari], Headless Execution. @12-01-2022 11:20:29.0322 AM
[ReportManager] An Exception Occured with this Message: Could not start a new session. Possible causes are invalid address of the remote server or browser start-up failure.. @12-01-2022 11:20:29.0518 AM
[ReportManager] Successfully created attachment [Exception Stack Trace - org.openqa.selenium.SessionNotCreatedException] @12-01-2022 11:20:29.0559 AM
[ReportManager] Driver Factory Action [createNewLocalDriverInstanceForSafari] failed. With the following test data [Failed to create a session on DESKTOP_SAFARI]. @12-01-2022 11:20:29.0560 A

################################################################################################################################################
Starting Execution:	[142 out of 146] test cases in the current suite
Test Method:		[testPackage01.Test_verifyEquals.test_assertElementAttribute]
###############################################################################################################################################


################################################################################################################################################
Starting Execution:	[143 out of 146] test cases in the current suite
Test Method:		[testPackage01.Test_SelectedValue.multipleSelect]
################################################################################################################################################
[ReportManager] File Action [GetAbsolutePath] successfully performed. With the following test data [Relative Folder Path: "target/downloadedFiles/"]. @12-01-2022 11:20:29.0814 AM
[ReportManager] Attempting to run locally on: [Mac-64], [GoogleChrome], Headless Execution. @12-01-2022 11:20:29.0815 AM
[ReportManager] Identifying OS/Driver combination and selecting the correct driver version automatically. Please note that if a new driver executable will be downloaded it may take some time... @12-01-2022 11:20:29.0815 AM
[ReportManager] Successfully Opened Google Chrome. @12-01-2022 11:20:33.0468 AM
[ReportManager] Initial window size: (1920, 1080) @12-01-2022 11:20:33.0479 AM
[ReportManager] Window size after SWD Maximize: (1920, 1080) @12-01-2022 11:20:33.0701 AM
[ReportManager] Window size after Toolkit: (1920, 1080) @12-01-2022 11:20:34.0353 AM
[ReportManager] Browser Action [MaximizeWindow] successfully performed. With the following test data [New screen size is now: (1920, 1080)]. @12-01-2022 11:20:34.0355 AM
[ReportManager] Target URL: [https://yari-demos.prod.mdn.mozit.cloud/en-US/docs/Web/HTML/Element/select/_sample_.Advanced_select_with_multiple_features.html] @12-01-2022 11:20:34.0356 AM
[ReportManager] Initial URL: [data:,] @12-01-2022 11:20:34.0382 AM
[ReportManager] Browser Action [NavigateToURL] successfully performed. With the following test data [https://yari-demos.prod.mdn.mozit.cloud/en-US/docs/Web/HTML/Element/select/_sample_.Advanced_select_with_multiple_features.html]. @12-01-2022 11:20:34.0649 AM
[ReportManager] Element Action [Select] successfully performed. With the following test data [Dog]. @12-01-2022 11:20:34.0859 AM
[ReportManager] Element Action [Select] successfully performed. With the following test data [Cat]. @12-01-2022 11:20:35.0021 AM
[ReportManager] Element Action [GetSelectedText] successfully performed. With the following test data [DogCat]. @12-01-2022 11:20:35.0116 AM
[ReportManager] DogCat @12-01-2022 11:20:35.0116 AM
[ReportManager] Element Action [GetSelectedText] successfully performed. With the following test data [DogCat]. @12-01-2022 11:20:35.0192 AM
[ReportManager] Loaded Shared OpenCV @12-01-2022 11:20:35.0451 AM
[ReportManager] Assertion [ValidateElementAttribute] PASSED. Expected [Value Should be 'DogCat' for the 'selectedText' attribute, element locator 'By.tagName: select'] and Actual [DogCat]. Comparison Type [EQUALS]. Validation Type [POSITIVE]. @12-01-2022 11:20:35.0614 AM
[ReportManager] Successfully created attachment [Screenshot - 1641986435451_multipleSelect_ValidateElementAttribute_passed] @12-01-2022 11:20:35.0615 AM
[ReportManager] Browser Action [CloseCurrentWindow] successfully performed. @12-01-2022 11:20:35.0876 AM
[ReportManager] Successfully created attachment [Browser Action Test Data - CloseCurrentWindow - Actual Value] @12-01-2022 11:20:35.0876 A

################################################################################################################################################
Starting Execution:	[144 out of 146] test cases in the current suite
Test Method:		[testPackage01.Test_SelectedValue.simpleSelect]
################################################################################################################################################
[ReportManager] File Action [GetAbsolutePath] successfully performed. With the following test data [Relative Folder Path: "target/downloadedFiles/"]. @12-01-2022 11:20:35.0882 AM
[ReportManager] Attempting to run locally on: [Mac-64], [GoogleChrome], Headless Execution. @12-01-2022 11:20:35.0882 AM
[ReportManager] Identifying OS/Driver combination and selecting the correct driver version automatically. Please note that if a new driver executable will be downloaded it may take some time... @12-01-2022 11:20:35.0882 AM
[ReportManager] Successfully Opened Google Chrome. @12-01-2022 11:20:36.0361 AM
[ReportManager] Initial window size: (1920, 1080) @12-01-2022 11:20:36.0364 AM
[ReportManager] Window size after SWD Maximize: (1920, 1080) @12-01-2022 11:20:36.0471 AM
[ReportManager] Window size after Toolkit: (1920, 1080) @12-01-2022 11:20:36.0958 AM
[ReportManager] Browser Action [MaximizeWindow] successfully performed. With the following test data [New screen size is now: (1920, 1080)]. @12-01-2022 11:20:36.0962 AM
[ReportManager] Target URL: [https://yari-demos.prod.mdn.mozit.cloud/en-US/docs/Web/HTML/Element/select/_sample_.Basic_select.html] @12-01-2022 11:20:36.0962 AM
[ReportManager] Initial URL: [data:,] @12-01-2022 11:20:36.0995 AM
[ReportManager] Browser Action [NavigateToURL] successfully performed. With the following test data [https://yari-demos.prod.mdn.mozit.cloud/en-US/docs/Web/HTML/Element/select/_sample_.Basic_select.html]. @12-01-2022 11:20:37.0238 AM
[ReportManager] Element Action [Select] successfully performed. With the following test data [Third Value]. @12-01-2022 11:20:37.0552 AM
[ReportManager] Element Action [GetSelectedText] successfully performed. With the following test data [Third Value]. @12-01-2022 11:20:37.0640 AM
[ReportManager] Third Value @12-01-2022 11:20:37.0640 AM
[ReportManager] Element Action [GetSelectedText] successfully performed. With the following test data [Third Value]. @12-01-2022 11:20:37.0719 AM
[ReportManager] Loaded Shared OpenCV @12-01-2022 11:20:38.0208 AM
[ReportManager] Assertion [ValidateElementAttribute] PASSED. Expected [Value Should be 'Third Value' for the 'selectedText' attribute, element locator 'By.tagName: select'] and Actual [Third Value]. Comparison Type [EQUALS]. Validation Type [POSITIVE]. @12-01-2022 11:20:38.0382 AM
[ReportManager] Successfully created attachment [Screenshot - 1641986438208_simpleSelect_ValidateElementAttribute_passed] @12-01-2022 11:20:38.0383 AM
[ReportManager] Browser Action [CloseCurrentWindow] successfully performed. @12-01-2022 11:20:38.0610 AM
[ReportManager] Successfully created attachment [Browser Action Test Data - CloseCurrentWindow - Actual Value] @12-01-2022 11:20:38.0611 A
[ReportManager] File Action [GetAbsolutePath] successfully performed. With the following test data [Relative Folder Path: "target/downloadedFiles/"]. @12-01-2022 11:20:38.0613 AM
[ReportManager] Attempting to run locally on: [Mac-64], [Safari], Headless Execution. @12-01-2022 11:20:38.0613 AM
[ReportManager] Successfully Opened Safari. @12-01-2022 11:20:39.0460 AM
[ReportManager] Initial window size: (800, 600) @12-01-2022 11:20:39.0503 AM
[ReportManager] Window size after SWD Maximize: (1176, 803) @12-01-2022 11:20:39.0533 AM
[ReportManager] Browser Action [MaximizeWindow] successfully performed. With the following test data [New screen size is now: (1176, 803)]. @12-01-2022 11:20:39.0533 A

################################################################################################################################################
Starting Execution:	[145 out of 146] test cases in the current suite
Test Method:		[testPackage01.Test_dynamicLoading.dynamicLoading_elementIsHidden]
################################################################################################################################################
[ReportManager] Target URL: [https://the-internet.herokuapp.com/dynamic_loading/1] @12-01-2022 11:20:39.0535 AM
[ReportManager] Initial URL: [] @12-01-2022 11:20:39.0580 AM
[ReportManager] Browser Action [NavigateToURL] successfully performed. With the following test data [https://the-internet.herokuapp.com/dynamic_loading/1]. @12-01-2022 11:20:40.0037 AM
[ReportManager] Element Action [Click] successfully performed. With the following test data [By.xpath: //button[text()='Start']]. @12-01-2022 11:20:40.0226 AM
[ReportManager] Element Action [GetText] successfully performed. With the following test data [
    Hello World!
  ]. @12-01-2022 11:20:40.0389 A
[ReportManager] Browser Action [CloseCurrentWindow] successfully performed. @12-01-2022 11:20:40.0831 AM
[ReportManager] Successfully created attachment [Browser Action Test Data - CloseCurrentWindow - Actual Value] @12-01-2022 11:20:40.0872 A
[ReportManager] File Action [GetAbsolutePath] successfully performed. With the following test data [Relative Folder Path: "target/downloadedFiles/"]. @12-01-2022 11:20:40.0874 AM
[ReportManager] Attempting to run locally on: [Mac-64], [Safari], Headless Execution. @12-01-2022 11:20:40.0874 AM
[ReportManager] Successfully Opened Safari. @12-01-2022 11:20:41.0717 AM
[ReportManager] Initial window size: (800, 600) @12-01-2022 11:20:41.0748 AM
[ReportManager] Window size after SWD Maximize: (1176, 803) @12-01-2022 11:20:41.0764 AM
[ReportManager] Browser Action [MaximizeWindow] successfully performed. With the following test data [New screen size is now: (1176, 803)]. @12-01-2022 11:20:41.0765 A

################################################################################################################################################
Starting Execution:	[146 out of 146] test cases in the current suite
Test Method:		[testPackage01.Test_dynamicLoading.dynamicLoading_elementIsRendered]
################################################################################################################################################
[ReportManager] Target URL: [https://the-internet.herokuapp.com/dynamic_loading/2] @12-01-2022 11:20:41.0768 AM
[ReportManager] Initial URL: [] @12-01-2022 11:20:41.0841 AM
[ReportManager] Browser Action [NavigateToURL] successfully performed. With the following test data [https://the-internet.herokuapp.com/dynamic_loading/2]. @12-01-2022 11:20:42.0199 AM
[ReportManager] Element Action [Click] successfully performed. With the following test data [By.xpath: //button[text()='Start']]. @12-01-2022 11:20:42.0515 AM
[ReportManager] Element Action [GetText] successfully performed. With the following test data [Hello World!]. @12-01-2022 11:20:47.0974 AM
[ReportManager] Loaded Shared OpenCV @12-01-2022 11:20:48.0028 AM
[ReportManager] Assertion [ValidateElementAttribute] PASSED. Expected [Value Should be 'Hello World!' for the 'text' attribute, element locator 'By.id: finish'] and Actual [Hello World!]. Comparison Type [CONTAINS]. Validation Type [POSITIVE]. @12-01-2022 11:20:48.0133 AM
[ReportManager] Successfully created attachment [Screenshot - 1641986448028_dynamicLoading_elementIsRendered_ValidateElementAttribute_passed] @12-01-2022 11:20:48.0134 A
[ReportManager] Browser Action [CloseCurrentWindow] successfully performed. @12-01-2022 11:20:48.0447 AM
[ReportManager] Successfully created attachment [Browser Action Test Data - CloseCurrentWindow - Actual Value] @12-01-2022 11:20:48.0447 A
[ReportManager] Successfully created attachment [SHAFT Engine Logs - Execution log] @12-01-2022 11:20:48.0474 AM

################################################################################################################################################
This test run was powered by SHAFT Engine Version: [SHAFT Engine v5.4.20211202-BETA]
SHAFT Engine is licensed under the MIT License: [https://github.com/MohabMohie/SHAFT_ENGINE/blob/master/LICENSE].
################################################################################################################################################