################################################################################################################################################
Detected SHAFT Engine Version: [SHAFT Engine v6.1.20220113]
################################################################################################################################################
[ReportManager] File Action [GetAbsolutePath] successfully performed. With the following test data [Relative Folder Path: "target/downloadedFiles/"]. @25-01-2022 01:57:07.0396 AM
[ReportManager] Attempting to run locally on: [Mac-64], [Safari], Headless Execution. @25-01-2022 01:57:07.0411 AM
[ReportManager] Successfully Opened Safari. @25-01-2022 01:57:12.0945 AM
[ReportManager] Initial window size: (800, 600) @25-01-2022 01:57:12.0966 AM
[ReportManager] Window size after SWD Maximize: (1176, 802) @25-01-2022 01:57:13.0005 AM
[ReportManager] Browser Action [MaximizeWindow] successfully performed. With the following test data [New screen size is now: (1176, 802)]. @25-01-2022 01:57:13.0014 A

################################################################################################################################################
Starting Execution:	[1 out of 162] test cases in the current suite
Test Method:		[unitTests.tests_element_elementActions.waitForElementToBePresent_false_expectedToFail]
################################################################################################################################################
[ReportManager] Target URL: [https://www.google.com/ncr], and after redirection: [www.google.com] @25-01-2022 01:57:13.0186 AM
[ReportManager] Initial URL: [] @25-01-2022 01:57:13.0251 AM
[ReportManager] Browser Action [NavigateToURL] successfully performed. With the following test data [https://www.google.com/ncr]. @25-01-2022 01:57:16.0281 AM
[ReportManager] Waiting for element to be present; elementLocator [By.xpath: //*[@id='hplogo' or @alt='Google']], numberOfTries[1], stateOfPresence[false]... @25-01-2022 01:57:16.0292 AM
[ReportManager] Element Action [WaitForElementToBePresent] failed. With the following test data [waited for the element's state of presence to be (false). Element locator (By.xpath: //*[@id='hplogo' or @alt='Google'])]. @25-01-2022 01:57:19.0074 AM
[ReportManager] Successfully created attachment [Screenshot - 1643075836463_waitForElementToBePresent_false_expectedToFail_WaitForElementToBePresent_failed] @25-01-2022 01:57:19.0088 A
[ReportManager] Browser Action [CloseCurrentWindow] successfully performed. @25-01-2022 01:57:19.0467 AM
[ReportManager] Successfully created attachment [Browser Action Test Data - CloseCurrentWindow - Actual Value] @25-01-2022 01:57:19.0468 A
[ReportManager] File Action [GetAbsolutePath] successfully performed. With the following test data [Relative Folder Path: "target/downloadedFiles/"]. @25-01-2022 01:57:19.0481 AM
[ReportManager] Attempting to run locally on: [Mac-64], [Safari], Headless Execution. @25-01-2022 01:57:19.0482 AM
[ReportManager] An Exception Occured with this Message: Could not start a new session. Possible causes are invalid address of the remote server or browser start-up failure.. @25-01-2022 01:57:19.0630 AM
[ReportManager] Successfully created attachment [Exception Stack Trace - org.openqa.selenium.SessionNotCreatedException] @25-01-2022 01:57:19.0631 AM
[ReportManager] Driver Factory Action [createNewLocalDriverInstanceForSafari] failed. With the following test data [Failed to create a session on DESKTOP_SAFARI]. @25-01-2022 01:57:19.0632 A

################################################################################################################################################
Starting Execution:	[2 out of 162] test cases in the current suite
Test Method:		[unitTests.tests_element_elementActions.waitForElementToBePresent_false_expectedToPass]
###############################################################################################################################################



################################################################################################################################################
Starting Execution:	[3 out of 162] test cases in the current suite
Test Method:		[unitTests.tests_element_elementActions.waitForElementToBePresent_moreThanOneElement_expectedToFail]
###############################################################################################################################################



################################################################################################################################################
Starting Execution:	[4 out of 162] test cases in the current suite
Test Method:		[unitTests.tests_element_elementActions.waitForElementToBePresent_true_expectedToFail]
###############################################################################################################################################



################################################################################################################################################
Starting Execution:	[5 out of 162] test cases in the current suite
Test Method:		[unitTests.tests_element_elementActions.waitForElementToBePresent_true_expectedToPass]
###############################################################################################################################################

[ReportManager] File Action [GetAbsolutePath] successfully performed. With the following test data [Relative Folder Path: "target/downloadedFiles/"]. @25-01-2022 01:57:19.0732 AM
[ReportManager] Attempting to run locally on: [Mac-64], [Safari], Headless Execution. @25-01-2022 01:57:19.0732 AM
[ReportManager] Successfully Opened Safari. @25-01-2022 01:57:20.0875 AM
[ReportManager] Initial window size: (800, 600) @25-01-2022 01:57:20.0906 AM
[ReportManager] Window size after SWD Maximize: (1176, 803) @25-01-2022 01:57:20.0948 AM
[ReportManager] Browser Action [MaximizeWindow] successfully performed. With the following test data [New screen size is now: (1176, 803)]. @25-01-2022 01:57:20.0949 AM
[ReportManager] Target URL: [https://duckduckgo.com] @25-01-2022 01:57:20.0949 AM
[ReportManager] Initial URL: [] @25-01-2022 01:57:21.0030 AM
[ReportManager] Browser Action [NavigateToURL] successfully performed. With the following test data [https://duckduckgo.com]. @25-01-2022 01:57:22.0027 A

################################################################################################################################################
Starting Execution:	[6 out of 162] test cases in the current suite
Test Method:		[unitTests.tests_browserActions.fullScreenWindow]
################################################################################################################################################
[ReportManager] Initial Windows Size: 1176x803 @25-01-2022 01:57:22.0044 AM
[ReportManager] Current Windows Size after fullScreen: 1176x885 @25-01-2022 01:57:22.0376 AM
[ReportManager] Browser Action [FullScreenWindow] successfully performed. @25-01-2022 01:57:22.0444 AM
[ReportManager] Successfully created attachment [Browser Action Test Data - FullScreenWindow - Actual Value] @25-01-2022 01:57:22.0447 A
[ReportManager] Target URL: [https://duckduckgo.com] @25-01-2022 01:57:22.0457 AM
[ReportManager] Initial URL: [https://duckduckgo.com] @25-01-2022 01:57:22.0574 AM
[ReportManager] Browser Action [NavigateToURL] successfully performed. With the following test data [https://duckduckgo.com]. @25-01-2022 01:57:23.0387 AM
[ReportManager] Browser Action [CloseCurrentWindow] successfully performed. @25-01-2022 01:57:23.0574 AM
[ReportManager] Successfully created attachment [Browser Action Test Data - CloseCurrentWindow - Actual Value] @25-01-2022 01:57:23.0576 A
[ReportManager] File Action [GetAbsolutePath] successfully performed. With the following test data [Relative Folder Path: "target/downloadedFiles/"]. @25-01-2022 01:57:23.0583 AM
[ReportManager] Attempting to run locally on: [Mac-64], [Safari], Headless Execution. @25-01-2022 01:57:23.0584 AM
[ReportManager] Successfully Opened Safari. @25-01-2022 01:57:24.0529 AM
[ReportManager] Initial window size: (800, 600) @25-01-2022 01:57:24.0541 AM
[ReportManager] Window size after SWD Maximize: (1176, 803) @25-01-2022 01:57:24.0575 AM
[ReportManager] Browser Action [MaximizeWindow] successfully performed. With the following test data [New screen size is now: (1176, 803)]. @25-01-2022 01:57:24.0576 AM
[ReportManager] Target URL: [https://duckduckgo.com] @25-01-2022 01:57:24.0576 AM
[ReportManager] Initial URL: [] @25-01-2022 01:57:24.0643 AM
[ReportManager] Browser Action [NavigateToURL] successfully performed. With the following test data [https://duckduckgo.com]. @25-01-2022 01:57:25.0453 A

################################################################################################################################################
Starting Execution:	[7 out of 162] test cases in the current suite
Test Method:		[unitTests.tests_browserActions.getCurrentURL]
################################################################################################################################################
[ReportManager] Browser Action [GetCurrentURL] successfully performed. With the following test data [https://duckduckgo.com/]. @25-01-2022 01:57:25.0502 A
[ReportManager] Target URL: [https://duckduckgo.com] @25-01-2022 01:57:25.0505 AM
[ReportManager] Initial URL: [https://duckduckgo.com] @25-01-2022 01:57:25.0548 AM
[ReportManager] Browser Action [NavigateToURL] successfully performed. With the following test data [https://duckduckgo.com]. @25-01-2022 01:57:25.0972 AM
[ReportManager] Browser Action [CloseCurrentWindow] successfully performed. @25-01-2022 01:57:26.0282 AM
[ReportManager] Successfully created attachment [Browser Action Test Data - CloseCurrentWindow - Actual Value] @25-01-2022 01:57:26.0283 A
[ReportManager] File Action [GetAbsolutePath] successfully performed. With the following test data [Relative Folder Path: "target/downloadedFiles/"]. @25-01-2022 01:57:26.0288 AM
[ReportManager] Attempting to run locally on: [Mac-64], [Safari], Headless Execution. @25-01-2022 01:57:26.0288 AM
[ReportManager] Successfully Opened Safari. @25-01-2022 01:57:27.0225 AM
[ReportManager] Initial window size: (800, 600) @25-01-2022 01:57:27.0275 AM
[ReportManager] Window size after SWD Maximize: (1176, 803) @25-01-2022 01:57:27.0363 AM
[ReportManager] Browser Action [MaximizeWindow] successfully performed. With the following test data [New screen size is now: (1176, 803)]. @25-01-2022 01:57:27.0363 AM
[ReportManager] Target URL: [https://duckduckgo.com] @25-01-2022 01:57:27.0363 AM
[ReportManager] Initial URL: [] @25-01-2022 01:57:27.0438 AM
[ReportManager] Browser Action [NavigateToURL] successfully performed. With the following test data [https://duckduckgo.com]. @25-01-2022 01:57:28.0446 A

################################################################################################################################################
Starting Execution:	[8 out of 162] test cases in the current suite
Test Method:		[unitTests.tests_browserActions.getCurrentWindowTitle]
################################################################################################################################################
[ReportManager] Browser Action [GetCurrentWindowTitle] successfully performed. With the following test data [DuckDuckGo â€” Privacy, simplified.]. @25-01-2022 01:57:28.0497 A
[ReportManager] Target URL: [https://duckduckgo.com] @25-01-2022 01:57:28.0502 AM
[ReportManager] Initial URL: [https://duckduckgo.com] @25-01-2022 01:57:28.0554 AM
[ReportManager] Browser Action [NavigateToURL] successfully performed. With the following test data [https://duckduckgo.com]. @25-01-2022 01:57:29.0117 AM
[ReportManager] Browser Action [CloseCurrentWindow] successfully performed. @25-01-2022 01:57:29.0497 AM
[ReportManager] Successfully created attachment [Browser Action Test Data - CloseCurrentWindow - Actual Value] @25-01-2022 01:57:29.0498 A
[ReportManager] File Action [GetAbsolutePath] successfully performed. With the following test data [Relative Folder Path: "target/downloadedFiles/"]. @25-01-2022 01:57:29.0505 AM
[ReportManager] Attempting to run locally on: [Mac-64], [Safari], Headless Execution. @25-01-2022 01:57:29.0505 AM
[ReportManager] Successfully Opened Safari. @25-01-2022 01:57:30.0377 AM
[ReportManager] Initial window size: (800, 600) @25-01-2022 01:57:30.0400 AM
[ReportManager] Window size after SWD Maximize: (1176, 803) @25-01-2022 01:57:30.0434 AM
[ReportManager] Browser Action [MaximizeWindow] successfully performed. With the following test data [New screen size is now: (1176, 803)]. @25-01-2022 01:57:30.0435 AM
[ReportManager] Target URL: [https://duckduckgo.com] @25-01-2022 01:57:30.0435 AM
[ReportManager] Initial URL: [] @25-01-2022 01:57:30.0501 AM
[ReportManager] Browser Action [NavigateToURL] successfully performed. With the following test data [https://duckduckgo.com]. @25-01-2022 01:57:31.0540 A

################################################################################################################################################
Starting Execution:	[9 out of 162] test cases in the current suite
Test Method:		[unitTests.tests_browserActions.getPageSource]
################################################################################################################################################
[ReportManager] Browser Action [GetPageSource] successfully performed. @25-01-2022 01:57:31.0597 AM
[ReportManager] Successfully created attachment [Browser Action Test Data - GetPageSource - Actual Value] @25-01-2022 01:57:31.0599 A
[ReportManager] Target URL: [https://duckduckgo.com] @25-01-2022 01:57:31.0603 AM
[ReportManager] Initial URL: [https://duckduckgo.com] @25-01-2022 01:57:31.0655 AM
[ReportManager] Browser Action [NavigateToURL] successfully performed. With the following test data [https://duckduckgo.com]. @25-01-2022 01:57:32.0091 AM
[ReportManager] Browser Action [CloseCurrentWindow] successfully performed. @25-01-2022 01:57:32.0259 AM
[ReportManager] Successfully created attachment [Browser Action Test Data - CloseCurrentWindow - Actual Value] @25-01-2022 01:57:32.0260 A
[ReportManager] File Action [GetAbsolutePath] successfully performed. With the following test data [Relative Folder Path: "target/downloadedFiles/"]. @25-01-2022 01:57:32.0264 AM
[ReportManager] Attempting to run locally on: [Mac-64], [Safari], Headless Execution. @25-01-2022 01:57:32.0264 AM
[ReportManager] Successfully Opened Safari. @25-01-2022 01:57:33.0146 AM
[ReportManager] Initial window size: (800, 600) @25-01-2022 01:57:33.0174 AM
[ReportManager] Window size after SWD Maximize: (1176, 803) @25-01-2022 01:57:33.0233 AM
[ReportManager] Browser Action [MaximizeWindow] successfully performed. With the following test data [New screen size is now: (1176, 803)]. @25-01-2022 01:57:33.0234 AM
[ReportManager] Target URL: [https://duckduckgo.com] @25-01-2022 01:57:33.0234 AM
[ReportManager] Initial URL: [] @25-01-2022 01:57:33.0296 AM
[ReportManager] Browser Action [NavigateToURL] successfully performed. With the following test data [https://duckduckgo.com]. @25-01-2022 01:57:34.0088 A

################################################################################################################################################
Starting Execution:	[10 out of 162] test cases in the current suite
Test Method:		[unitTests.tests_browserActions.getWindowHandle]
################################################################################################################################################
[ReportManager] Browser Action [GetWindowHandle] successfully performed. With the following test data [page-59C29B05-9665-44B9-BE6A-BC784559AAF1]. @25-01-2022 01:57:34.0126 A
[ReportManager] Target URL: [https://duckduckgo.com] @25-01-2022 01:57:34.0129 AM
[ReportManager] Initial URL: [https://duckduckgo.com] @25-01-2022 01:57:34.0213 AM
[ReportManager] Browser Action [NavigateToURL] successfully performed. With the following test data [https://duckduckgo.com]. @25-01-2022 01:57:34.0575 AM
[ReportManager] Browser Action [CloseCurrentWindow] successfully performed. @25-01-2022 01:57:34.0872 AM
[ReportManager] Successfully created attachment [Browser Action Test Data - CloseCurrentWindow - Actual Value] @25-01-2022 01:57:34.0873 A
[ReportManager] File Action [GetAbsolutePath] successfully performed. With the following test data [Relative Folder Path: "target/downloadedFiles/"]. @25-01-2022 01:57:34.0878 AM
[ReportManager] Attempting to run locally on: [Mac-64], [Safari], Headless Execution. @25-01-2022 01:57:34.0878 AM
[ReportManager] Successfully Opened Safari. @25-01-2022 01:57:35.0743 AM
[ReportManager] Initial window size: (800, 600) @25-01-2022 01:57:35.0774 AM
[ReportManager] Window size after SWD Maximize: (1176, 803) @25-01-2022 01:57:35.0807 AM
[ReportManager] Browser Action [MaximizeWindow] successfully performed. With the following test data [New screen size is now: (1176, 803)]. @25-01-2022 01:57:35.0807 AM
[ReportManager] Target URL: [https://duckduckgo.com] @25-01-2022 01:57:35.0807 AM
[ReportManager] Initial URL: [] @25-01-2022 01:57:35.0857 AM
[ReportManager] Browser Action [NavigateToURL] successfully performed. With the following test data [https://duckduckgo.com]. @25-01-2022 01:57:36.0624 A

################################################################################################################################################
Starting Execution:	[11 out of 162] test cases in the current suite
Test Method:		[unitTests.tests_browserActions.getWindowPosition]
################################################################################################################################################
[ReportManager] Browser Action [GetWindowPosition] successfully performed. With the following test data [(0, 25)]. @25-01-2022 01:57:36.0655 A
[ReportManager] Target URL: [https://duckduckgo.com] @25-01-2022 01:57:36.0657 AM
[ReportManager] Initial URL: [https://duckduckgo.com] @25-01-2022 01:57:36.0721 AM
[ReportManager] Browser Action [NavigateToURL] successfully performed. With the following test data [https://duckduckgo.com]. @25-01-2022 01:57:37.0056 AM
[ReportManager] Browser Action [CloseCurrentWindow] successfully performed. @25-01-2022 01:57:37.0422 AM
[ReportManager] Successfully created attachment [Browser Action Test Data - CloseCurrentWindow - Actual Value] @25-01-2022 01:57:37.0422 A
[ReportManager] File Action [GetAbsolutePath] successfully performed. With the following test data [Relative Folder Path: "target/downloadedFiles/"]. @25-01-2022 01:57:37.0426 AM
[ReportManager] Attempting to run locally on: [Mac-64], [Safari], Headless Execution. @25-01-2022 01:57:37.0426 AM
[ReportManager] Successfully Opened Safari. @25-01-2022 01:57:38.0283 AM
[ReportManager] Initial window size: (800, 600) @25-01-2022 01:57:38.0325 AM
[ReportManager] Window size after SWD Maximize: (1176, 803) @25-01-2022 01:57:38.0360 AM
[ReportManager] Browser Action [MaximizeWindow] successfully performed. With the following test data [New screen size is now: (1176, 803)]. @25-01-2022 01:57:38.0361 AM
[ReportManager] Target URL: [https://duckduckgo.com] @25-01-2022 01:57:38.0361 AM
[ReportManager] Initial URL: [] @25-01-2022 01:57:38.0427 AM
[ReportManager] Browser Action [NavigateToURL] successfully performed. With the following test data [https://duckduckgo.com]. @25-01-2022 01:57:39.0092 A

################################################################################################################################################
Starting Execution:	[12 out of 162] test cases in the current suite
Test Method:		[unitTests.tests_browserActions.getWindowSize]
################################################################################################################################################
[ReportManager] Browser Action [GetWindowSize] successfully performed. With the following test data [(1176, 803)]. @25-01-2022 01:57:39.0140 A
[ReportManager] Target URL: [https://duckduckgo.com] @25-01-2022 01:57:39.0143 AM
[ReportManager] Initial URL: [https://duckduckgo.com] @25-01-2022 01:57:39.0188 AM
[ReportManager] Browser Action [NavigateToURL] successfully performed. With the following test data [https://duckduckgo.com]. @25-01-2022 01:57:39.0516 AM
[ReportManager] Browser Action [CloseCurrentWindow] successfully performed. @25-01-2022 01:57:39.0841 AM
[ReportManager] Successfully created attachment [Browser Action Test Data - CloseCurrentWindow - Actual Value] @25-01-2022 01:57:39.0842 A
[ReportManager] File Action [GetAbsolutePath] successfully performed. With the following test data [Relative Folder Path: "target/downloadedFiles/"]. @25-01-2022 01:57:39.0846 AM
[ReportManager] Attempting to run locally on: [Mac-64], [Safari], Headless Execution. @25-01-2022 01:57:39.0846 AM
[ReportManager] Successfully Opened Safari. @25-01-2022 01:57:40.0800 AM
[ReportManager] Initial window size: (800, 600) @25-01-2022 01:57:40.0824 AM
[ReportManager] Window size after SWD Maximize: (1176, 803) @25-01-2022 01:57:40.0846 AM
[ReportManager] Browser Action [MaximizeWindow] successfully performed. With the following test data [New screen size is now: (1176, 803)]. @25-01-2022 01:57:40.0846 AM
[ReportManager] Target URL: [https://duckduckgo.com] @25-01-2022 01:57:40.0846 AM
[ReportManager] Initial URL: [] @25-01-2022 01:57:40.0911 AM
[ReportManager] Browser Action [NavigateToURL] successfully performed. With the following test data [https://duckduckgo.com]. @25-01-2022 01:57:41.0678 A

################################################################################################################################################
Starting Execution:	[13 out of 162] test cases in the current suite
Test Method:		[unitTests.tests_browserActions.maximizeWindow]
################################################################################################################################################
[ReportManager] Initial window size: (1176, 803) @25-01-2022 01:57:41.0702 AM
[ReportManager] Window size after SWD Maximize: (1176, 803) @25-01-2022 01:57:41.0729 AM
[ReportManager] Window size after Toolkit: (1920, 1080) @25-01-2022 01:57:41.0790 AM
[ReportManager] Browser Action [MaximizeWindow] successfully performed. With the following test data [New screen size is now: (1920, 1080)]. @25-01-2022 01:57:41.0794 A
[ReportManager] Target URL: [https://duckduckgo.com] @25-01-2022 01:57:41.0797 AM
[ReportManager] Initial URL: [https://duckduckgo.com] @25-01-2022 01:57:41.0844 AM
[ReportManager] Browser Action [NavigateToURL] successfully performed. With the following test data [https://duckduckgo.com]. @25-01-2022 01:57:42.0226 AM
[ReportManager] Browser Action [CloseCurrentWindow] successfully performed. @25-01-2022 01:57:42.0556 AM
[ReportManager] Successfully created attachment [Browser Action Test Data - CloseCurrentWindow - Actual Value] @25-01-2022 01:57:42.0557 A
[ReportManager] File Action [GetAbsolutePath] successfully performed. With the following test data [Relative Folder Path: "target/downloadedFiles/"]. @25-01-2022 01:57:42.0560 AM
[ReportManager] Attempting to run locally on: [Mac-64], [Safari], Headless Execution. @25-01-2022 01:57:42.0561 AM
[ReportManager] Successfully Opened Safari. @25-01-2022 01:57:43.0460 AM
[ReportManager] Initial window size: (800, 600) @25-01-2022 01:57:43.0580 AM
[ReportManager] Window size after SWD Maximize: (1176, 803) @25-01-2022 01:57:43.0614 AM
[ReportManager] Browser Action [MaximizeWindow] successfully performed. With the following test data [New screen size is now: (1176, 803)]. @25-01-2022 01:57:43.0615 AM
[ReportManager] Target URL: [https://duckduckgo.com] @25-01-2022 01:57:43.0615 AM
[ReportManager] Initial URL: [] @25-01-2022 01:57:43.0668 AM
[ReportManager] Browser Action [NavigateToURL] successfully performed. With the following test data [https://duckduckgo.com]. @25-01-2022 01:57:44.0422 A

################################################################################################################################################
Starting Execution:	[14 out of 162] test cases in the current suite
Test Method:		[unitTests.tests_browserActions.navigateBack]
################################################################################################################################################
[ReportManager] Target URL: [https://www.google.com/ncr], and after redirection: [https://www.google.com] @25-01-2022 01:57:44.0425 AM
[ReportManager] Initial URL: [https://duckduckgo.com] @25-01-2022 01:57:44.0468 AM
[ReportManager] Browser Action [NavigateToURL] successfully performed. With the following test data [https://www.google.com/ncr]. @25-01-2022 01:57:46.0182 AM
[ReportManager] Browser Action [NavigateBack] successfully performed. With the following test data [https://duckduckgo.com/]. @25-01-2022 01:57:46.0342 AM
[ReportManager] Browser Action [GetCurrentURL] successfully performed. With the following test data [https://duckduckgo.com/]. @25-01-2022 01:57:46.0369 AM
[ReportManager] Assertion Passed: Confirming that navigating back was successful @25-01-2022 01:57:46.0527 AM
[ReportManager] Successfully created attachment [Screenshot - 1643075866405_navigateBack_ValidateBrowserAttribute_passed] @25-01-2022 01:57:46.0532 AM
[ReportManager] Assertion [ValidateBrowserAttribute] PASSED. Expected [Value Should be 'https://duckduckgo.com' for the 'CurrentUrl' attribute] and Actual [https://duckduckgo.com/]. Comparison Type [CONTAINS]. Validation Type [POSITIVE]. @25-01-2022 01:57:46.0532 A
[ReportManager] Target URL: [https://duckduckgo.com] @25-01-2022 01:57:46.0536 AM
[ReportManager] Initial URL: [https://duckduckgo.com] @25-01-2022 01:57:46.0585 AM
[ReportManager] Browser Action [NavigateToURL] successfully performed. With the following test data [https://duckduckgo.com]. @25-01-2022 01:57:46.0901 AM
[ReportManager] Browser Action [CloseCurrentWindow] successfully performed. @25-01-2022 01:57:47.0076 AM
[ReportManager] Successfully created attachment [Browser Action Test Data - CloseCurrentWindow - Actual Value] @25-01-2022 01:57:47.0077 A
[ReportManager] File Action [GetAbsolutePath] successfully performed. With the following test data [Relative Folder Path: "target/downloadedFiles/"]. @25-01-2022 01:57:47.0080 AM
[ReportManager] Attempting to run locally on: [Mac-64], [Safari], Headless Execution. @25-01-2022 01:57:47.0080 AM
[ReportManager] Successfully Opened Safari. @25-01-2022 01:57:47.0942 AM
[ReportManager] Initial window size: (800, 600) @25-01-2022 01:57:47.0968 AM
[ReportManager] Window size after SWD Maximize: (1176, 803) @25-01-2022 01:57:48.0001 AM
[ReportManager] Browser Action [MaximizeWindow] successfully performed. With the following test data [New screen size is now: (1176, 803)]. @25-01-2022 01:57:48.0001 AM
[ReportManager] Target URL: [https://duckduckgo.com] @25-01-2022 01:57:48.0001 AM
[ReportManager] Initial URL: [] @25-01-2022 01:57:48.0058 AM
[ReportManager] Browser Action [NavigateToURL] successfully performed. With the following test data [https://duckduckgo.com]. @25-01-2022 01:57:48.0782 A

################################################################################################################################################
Starting Execution:	[15 out of 162] test cases in the current suite
Test Method:		[unitTests.tests_browserActions.navigateForward]
################################################################################################################################################
[ReportManager] Target URL: [https://www.google.com/ncr], and after redirection: [https://www.google.com] @25-01-2022 01:57:48.0806 AM
[ReportManager] Initial URL: [https://duckduckgo.com] @25-01-2022 01:57:48.0857 AM
[ReportManager] Browser Action [NavigateToURL] successfully performed. With the following test data [https://www.google.com/ncr]. @25-01-2022 01:57:50.0686 AM
[ReportManager] Browser Action [NavigateBack] successfully performed. With the following test data [https://duckduckgo.com/]. @25-01-2022 01:57:50.0822 AM
[ReportManager] Browser Action [NavigateForward] successfully performed. With the following test data [https://www.google.com/]. @25-01-2022 01:57:50.0931 A
[ReportManager] Target URL: [https://duckduckgo.com] @25-01-2022 01:57:50.0937 AM
[ReportManager] Initial URL: [https://www.google.com] @25-01-2022 01:57:50.0976 AM
[ReportManager] Browser Action [NavigateToURL] successfully performed. With the following test data [https://duckduckgo.com]. @25-01-2022 01:57:51.0349 AM
[ReportManager] Browser Action [CloseCurrentWindow] successfully performed. @25-01-2022 01:57:51.0685 AM
[ReportManager] Successfully created attachment [Browser Action Test Data - CloseCurrentWindow - Actual Value] @25-01-2022 01:57:51.0686 A
[ReportManager] File Action [GetAbsolutePath] successfully performed. With the following test data [Relative Folder Path: "target/downloadedFiles/"]. @25-01-2022 01:57:51.0690 AM
[ReportManager] Attempting to run locally on: [Mac-64], [Safari], Headless Execution. @25-01-2022 01:57:51.0690 AM
[ReportManager] Successfully Opened Safari. @25-01-2022 01:57:52.0628 AM
[ReportManager] Initial window size: (800, 600) @25-01-2022 01:57:52.0641 AM
[ReportManager] Window size after SWD Maximize: (1176, 803) @25-01-2022 01:57:52.0673 AM
[ReportManager] Browser Action [MaximizeWindow] successfully performed. With the following test data [New screen size is now: (1176, 803)]. @25-01-2022 01:57:52.0675 AM
[ReportManager] Target URL: [https://duckduckgo.com] @25-01-2022 01:57:52.0675 AM
[ReportManager] Initial URL: [] @25-01-2022 01:57:52.0723 AM
[ReportManager] Browser Action [NavigateToURL] successfully performed. With the following test data [https://duckduckgo.com]. @25-01-2022 01:57:53.0736 A

################################################################################################################################################
Starting Execution:	[16 out of 162] test cases in the current suite
Test Method:		[unitTests.tests_browserActions.navigateToURL]
################################################################################################################################################
[ReportManager] Target URL: [https://duckduckgo.com] @25-01-2022 01:57:53.0740 AM
[ReportManager] Initial URL: [https://duckduckgo.com] @25-01-2022 01:57:53.0778 AM
[ReportManager] Browser Action [NavigateToURL] successfully performed. With the following test data [https://duckduckgo.com]. @25-01-2022 01:57:54.0116 A
[ReportManager] Target URL: [https://duckduckgo.com] @25-01-2022 01:57:54.0119 AM
[ReportManager] Initial URL: [https://duckduckgo.com] @25-01-2022 01:57:54.0154 AM
[ReportManager] Browser Action [NavigateToURL] successfully performed. With the following test data [https://duckduckgo.com]. @25-01-2022 01:57:54.0516 AM
[ReportManager] Browser Action [CloseCurrentWindow] successfully performed. @25-01-2022 01:57:54.0866 AM
[ReportManager] Successfully created attachment [Browser Action Test Data - CloseCurrentWindow - Actual Value] @25-01-2022 01:57:54.0867 A
[ReportManager] File Action [GetAbsolutePath] successfully performed. With the following test data [Relative Folder Path: "target/downloadedFiles/"]. @25-01-2022 01:57:54.0870 AM
[ReportManager] Attempting to run locally on: [Mac-64], [Safari], Headless Execution. @25-01-2022 01:57:54.0871 AM
[ReportManager] Successfully Opened Safari. @25-01-2022 01:57:55.0730 AM
[ReportManager] Initial window size: (800, 600) @25-01-2022 01:57:55.0749 AM
[ReportManager] Window size after SWD Maximize: (1176, 803) @25-01-2022 01:57:55.0772 AM
[ReportManager] Browser Action [MaximizeWindow] successfully performed. With the following test data [New screen size is now: (1176, 803)]. @25-01-2022 01:57:55.0773 AM
[ReportManager] Target URL: [https://duckduckgo.com] @25-01-2022 01:57:55.0773 AM
[ReportManager] Initial URL: [] @25-01-2022 01:57:55.0836 AM
[ReportManager] Browser Action [NavigateToURL] successfully performed. With the following test data [https://duckduckgo.com]. @25-01-2022 01:57:56.0594 A

################################################################################################################################################
Starting Execution:	[17 out of 162] test cases in the current suite
Test Method:		[unitTests.tests_browserActions.navigateToURLWithRedirection]
################################################################################################################################################
[ReportManager] Target URL: [https://www.google.com/ncr], and after redirection: [https://www.google.com] @25-01-2022 01:57:56.0603 AM
[ReportManager] Initial URL: [https://duckduckgo.com] @25-01-2022 01:57:56.0645 AM
[ReportManager] Browser Action [NavigateToURL] successfully performed. With the following test data [https://www.google.com/ncr]. @25-01-2022 01:57:58.0655 A
[ReportManager] Target URL: [https://duckduckgo.com] @25-01-2022 01:57:58.0657 AM
[ReportManager] Initial URL: [https://www.google.com] @25-01-2022 01:57:58.0689 AM
[ReportManager] Browser Action [NavigateToURL] successfully performed. With the following test data [https://duckduckgo.com]. @25-01-2022 01:57:59.0091 AM
[ReportManager] Browser Action [CloseCurrentWindow] successfully performed. @25-01-2022 01:57:59.0431 AM
[ReportManager] Successfully created attachment [Browser Action Test Data - CloseCurrentWindow - Actual Value] @25-01-2022 01:57:59.0432 A
[ReportManager] File Action [GetAbsolutePath] successfully performed. With the following test data [Relative Folder Path: "target/downloadedFiles/"]. @25-01-2022 01:57:59.0435 AM
[ReportManager] Attempting to run locally on: [Mac-64], [Safari], Headless Execution. @25-01-2022 01:57:59.0435 AM
[ReportManager] Successfully Opened Safari. @25-01-2022 01:58:00.0291 AM
[ReportManager] Initial window size: (800, 600) @25-01-2022 01:58:00.0331 AM
[ReportManager] Window size after SWD Maximize: (1176, 803) @25-01-2022 01:58:00.0350 AM
[ReportManager] Browser Action [MaximizeWindow] successfully performed. With the following test data [New screen size is now: (1176, 803)]. @25-01-2022 01:58:00.0350 AM
[ReportManager] Target URL: [https://duckduckgo.com] @25-01-2022 01:58:00.0350 AM
[ReportManager] Initial URL: [] @25-01-2022 01:58:00.0412 AM
[ReportManager] Browser Action [NavigateToURL] successfully performed. With the following test data [https://duckduckgo.com]. @25-01-2022 01:58:01.0094 A

################################################################################################################################################
Starting Execution:	[18 out of 162] test cases in the current suite
Test Method:		[unitTests.tests_browserActions.refreshCurrentPage]
################################################################################################################################################
[ReportManager] Browser Action [RefreshCurrentPage] successfully performed. @25-01-2022 01:58:01.0375 AM
[ReportManager] Successfully created attachment [Browser Action Test Data - RefreshCurrentPage - Actual Value] @25-01-2022 01:58:01.0375 A
[ReportManager] Target URL: [https://duckduckgo.com] @25-01-2022 01:58:01.0378 AM
[ReportManager] Initial URL: [https://duckduckgo.com] @25-01-2022 01:58:01.0417 AM
[ReportManager] Browser Action [NavigateToURL] successfully performed. With the following test data [https://duckduckgo.com]. @25-01-2022 01:58:01.0788 AM
[ReportManager] Browser Action [CloseCurrentWindow] successfully performed. @25-01-2022 01:58:02.0116 AM
[ReportManager] Successfully created attachment [Browser Action Test Data - CloseCurrentWindow - Actual Value] @25-01-2022 01:58:02.0117 A
[ReportManager] File Action [GetAbsolutePath] successfully performed. With the following test data [Relative Folder Path: "target/downloadedFiles/"]. @25-01-2022 01:58:02.0120 AM
[ReportManager] Attempting to run locally on: [Mac-64], [Safari], Headless Execution. @25-01-2022 01:58:02.0120 AM
[ReportManager] Successfully Opened Safari. @25-01-2022 01:58:02.0971 AM
[ReportManager] Initial window size: (800, 600) @25-01-2022 01:58:03.0000 AM
[ReportManager] Window size after SWD Maximize: (1176, 803) @25-01-2022 01:58:03.0034 AM
[ReportManager] Browser Action [MaximizeWindow] successfully performed. With the following test data [New screen size is now: (1176, 803)]. @25-01-2022 01:58:03.0035 AM
[ReportManager] Target URL: [https://duckduckgo.com] @25-01-2022 01:58:03.0035 AM
[ReportManager] Initial URL: [] @25-01-2022 01:58:03.0084 AM
[ReportManager] Browser Action [NavigateToURL] successfully performed. With the following test data [https://duckduckgo.com]. @25-01-2022 01:58:03.0718 A

################################################################################################################################################
Starting Execution:	[19 out of 162] test cases in the current suite
Test Method:		[unitTests.tests_browserActions.setWindowSize]
################################################################################################################################################
[ReportManager] Initial window size: (1176, 803) @25-01-2022 01:58:03.0727 AM
[ReportManager] Window size after SWD: (1280, 720) @25-01-2022 01:58:03.0804 AM
[ReportManager] Browser Action [SetWindowSize] successfully performed. With the following test data [New screen size is now: (1280, 720)]. @25-01-2022 01:58:03.0805 A
[ReportManager] Target URL: [https://duckduckgo.com] @25-01-2022 01:58:03.0807 AM
[ReportManager] Initial URL: [https://duckduckgo.com] @25-01-2022 01:58:03.0841 AM
[ReportManager] Browser Action [NavigateToURL] successfully performed. With the following test data [https://duckduckgo.com]. @25-01-2022 01:58:04.0121 AM
[ReportManager] Browser Action [CloseCurrentWindow] successfully performed. @25-01-2022 01:58:04.0435 AM
[ReportManager] Successfully created attachment [Browser Action Test Data - CloseCurrentWindow - Actual Value] @25-01-2022 01:58:04.0436 A
[ReportManager] Successfully loaded the following test data file [src/test/resources/testDataFiles/testSuite01/TestData.xlsx]. @25-01-2022 01:58:05.0773 AM
[ReportManager] Successfully created attachment [Test Data - Excel] @25-01-2022 01:58:05.0774 A

################################################################################################################################################
Starting Execution:	[20 out of 162] test cases in the current suite
Test Method:		[unitTests.tests_io_excelFileManager.getCellData_rowName_expectedToPass]
################################################################################################################################################
[ReportManager] testRowData. @25-01-2022 01:58:05.0787 A

################################################################################################################################################
Starting Execution:	[21 out of 162] test cases in the current suite
Test Method:		[unitTests.tests_validations_assertions.assertComparativeRelation_greaterThanOrEquals_false_equals_expectedToFail]
################################################################################################################################################
[ReportManager] Assertion [ValidateComparativeRelation] FAILED. Expected [1] and Actual [1]. Comparison Type [GREATER_THAN_OR_EQUALS]. Validation Type [NEGATIVE]. @25-01-2022 01:58:05.0793 A

################################################################################################################################################
Starting Execution:	[22 out of 162] test cases in the current suite
Test Method:		[unitTests.tests_validations_assertions.assertComparativeRelation_greaterThanOrEquals_false_equals_expectedToPass]
################################################################################################################################################
[ReportManager] Assertion [ValidateComparativeRelation] PASSED. Expected [2] and Actual [1]. Comparison Type [GREATER_THAN_OR_EQUALS]. Validation Type [NEGATIVE]. @25-01-2022 01:58:05.0798 A

################################################################################################################################################
Starting Execution:	[23 out of 162] test cases in the current suite
Test Method:		[unitTests.tests_validations_assertions.assertComparativeRelation_greaterThanOrEquals_false_greaterThan_expectedToFail]
################################################################################################################################################
[ReportManager] Assertion [ValidateComparativeRelation] FAILED. Expected [1] and Actual [2]. Comparison Type [GREATER_THAN_OR_EQUALS]. Validation Type [NEGATIVE]. @25-01-2022 01:58:05.0802 A

################################################################################################################################################
Starting Execution:	[24 out of 162] test cases in the current suite
Test Method:		[unitTests.tests_validations_assertions.assertComparativeRelation_greaterThanOrEquals_false_greaterThan_expectedToPass]
################################################################################################################################################
[ReportManager] Assertion [ValidateComparativeRelation] PASSED. Expected [2] and Actual [1]. Comparison Type [GREATER_THAN_OR_EQUALS]. Validation Type [NEGATIVE]. @25-01-2022 01:58:05.0806 A

################################################################################################################################################
Starting Execution:	[25 out of 162] test cases in the current suite
Test Method:		[unitTests.tests_validations_assertions.assertComparativeRelation_greaterThanOrEquals_true_equals_expectedToFail]
################################################################################################################################################
[ReportManager] Assertion [ValidateComparativeRelation] FAILED. Expected [1] and Actual [0]. Comparison Type [GREATER_THAN_OR_EQUALS]. Validation Type [POSITIVE]. @25-01-2022 01:58:05.0810 A

################################################################################################################################################
Starting Execution:	[26 out of 162] test cases in the current suite
Test Method:		[unitTests.tests_validations_assertions.assertComparativeRelation_greaterThanOrEquals_true_equals_expectedToPass]
################################################################################################################################################
[ReportManager] Assertion [ValidateComparativeRelation] PASSED. Expected [1] and Actual [1]. Comparison Type [GREATER_THAN_OR_EQUALS]. Validation Type [POSITIVE]. @25-01-2022 01:58:05.0816 A

################################################################################################################################################
Starting Execution:	[27 out of 162] test cases in the current suite
Test Method:		[unitTests.tests_validations_assertions.assertComparativeRelation_greaterThanOrEquals_true_greaterThan_expectedToFail]
################################################################################################################################################
[ReportManager] Assertion [ValidateComparativeRelation] FAILED. Expected [2] and Actual [1]. Comparison Type [GREATER_THAN_OR_EQUALS]. Validation Type [POSITIVE]. @25-01-2022 01:58:05.0821 A

################################################################################################################################################
Starting Execution:	[28 out of 162] test cases in the current suite
Test Method:		[unitTests.tests_validations_assertions.assertComparativeRelation_greaterThanOrEquals_true_greaterThan_expectedToPass]
################################################################################################################################################
[ReportManager] Assertion [ValidateComparativeRelation] PASSED. Expected [1] and Actual [2]. Comparison Type [GREATER_THAN_OR_EQUALS]. Validation Type [POSITIVE]. @25-01-2022 01:58:05.0828 A
[ReportManager] File Action [GetAbsolutePath] successfully performed. With the following test data [Relative Folder Path: "target/downloadedFiles/"]. @25-01-2022 01:58:05.0832 AM
[ReportManager] Attempting to run locally on: [Mac-64], [Safari], Headless Execution. @25-01-2022 01:58:05.0832 AM
[ReportManager] Successfully Opened Safari. @25-01-2022 01:58:06.0659 AM
[ReportManager] Initial window size: (800, 600) @25-01-2022 01:58:06.0673 AM
[ReportManager] Window size after SWD Maximize: (1176, 803) @25-01-2022 01:58:06.0702 AM
[ReportManager] Browser Action [MaximizeWindow] successfully performed. With the following test data [New screen size is now: (1176, 803)]. @25-01-2022 01:58:06.0703 AM
[ReportManager] Target URL: [https://www.google.com/ncr], and after redirection: [www.google.com] @25-01-2022 01:58:06.0703 AM
[ReportManager] Initial URL: [] @25-01-2022 01:58:06.0840 AM
[ReportManager] Browser Action [NavigateToURL] successfully performed. With the following test data [https://www.google.com/ncr]. @25-01-2022 01:58:08.0792 A

################################################################################################################################################
Starting Execution:	[29 out of 162] test cases in the current suite
Test Method:		[unitTests.tests_validations_assertions.assertElementAttribute_false_caseInsensitiveComparison_expectedToFail]
################################################################################################################################################
[ReportManager] Element Action [Type] successfully performed. With the following test data [AUTOMATION]. @25-01-2022 01:58:09.0201 AM
[ReportManager] Element Action [GetText] successfully performed. With the following test data [AUTOMATION]. @25-01-2022 01:58:09.0271 AM
[ReportManager] Assertion [ValidateElementAttribute] FAILED. Expected [Value Should not be 'AutomaTion' for the 'text' attribute, element locator 'By.name: q'] and Actual [AUTOMATION]. Comparison Type [CASE_INSENSITIVE]. Validation Type [NEGATIVE]. @25-01-2022 01:58:09.0744 AM
[ReportManager] Successfully created attachment [Screenshot - 1643075889627_assertElementAttribute_false_caseInsensitiveComparison_expectedToFail_ValidateElementAttribute_failed] @25-01-2022 01:58:09.0754 A
[ReportManager] Browser Action [CloseCurrentWindow] successfully performed. @25-01-2022 01:58:10.0057 AM
[ReportManager] Successfully created attachment [Browser Action Test Data - CloseCurrentWindow - Actual Value] @25-01-2022 01:58:10.0059 A
[ReportManager] File Action [GetAbsolutePath] successfully performed. With the following test data [Relative Folder Path: "target/downloadedFiles/"]. @25-01-2022 01:58:10.0065 AM
[ReportManager] Attempting to run locally on: [Mac-64], [Safari], Headless Execution. @25-01-2022 01:58:10.0066 AM
[ReportManager] Successfully Opened Safari. @25-01-2022 01:58:10.0994 AM
[ReportManager] Initial window size: (800, 600) @25-01-2022 01:58:11.0026 AM
[ReportManager] Window size after SWD Maximize: (1176, 803) @25-01-2022 01:58:11.0046 AM
[ReportManager] Browser Action [MaximizeWindow] successfully performed. With the following test data [New screen size is now: (1176, 803)]. @25-01-2022 01:58:11.0046 AM
[ReportManager] Target URL: [https://www.google.com/ncr], and after redirection: [www.google.com] @25-01-2022 01:58:11.0059 AM
[ReportManager] Initial URL: [] @25-01-2022 01:58:11.0128 AM
[ReportManager] Browser Action [NavigateToURL] successfully performed. With the following test data [https://www.google.com/ncr]. @25-01-2022 01:58:13.0194 A

################################################################################################################################################
Starting Execution:	[30 out of 162] test cases in the current suite
Test Method:		[unitTests.tests_validations_assertions.assertElementAttribute_false_caseInsensitiveComparison_expectedToPass]
################################################################################################################################################
[ReportManager] Element Action [Type] successfully performed. With the following test data [AUTOMATION]. @25-01-2022 01:58:13.0569 AM
[ReportManager] Element Action [GetText] successfully performed. With the following test data [AUTOMATION]. @25-01-2022 01:58:13.0641 AM
[ReportManager] Assertion [ValidateElementAttribute] PASSED. Expected [Value Should not be 'AutomaTion123' for the 'text' attribute, element locator 'By.name: q'] and Actual [AUTOMATION]. Comparison Type [CASE_INSENSITIVE]. Validation Type [NEGATIVE]. @25-01-2022 01:58:13.0880 AM
[ReportManager] Successfully created attachment [Screenshot - 1643075893749_assertElementAttribute_false_caseInsensitiveComparison_expectedToPass_ValidateElementAttribute_passed] @25-01-2022 01:58:13.0881 A
[ReportManager] Browser Action [CloseCurrentWindow] successfully performed. @25-01-2022 01:58:14.0187 AM
[ReportManager] Successfully created attachment [Browser Action Test Data - CloseCurrentWindow - Actual Value] @25-01-2022 01:58:14.0189 A
[ReportManager] File Action [GetAbsolutePath] successfully performed. With the following test data [Relative Folder Path: "target/downloadedFiles/"]. @25-01-2022 01:58:14.0195 AM
[ReportManager] Attempting to run locally on: [Mac-64], [Safari], Headless Execution. @25-01-2022 01:58:14.0195 AM
[ReportManager] An Exception Occured with this Message: Could not start a new session. Possible causes are invalid address of the remote server or browser start-up failure.. @25-01-2022 01:58:14.0404 AM
[ReportManager] Successfully created attachment [Exception Stack Trace - org.openqa.selenium.SessionNotCreatedException] @25-01-2022 01:58:14.0404 AM
[ReportManager] Driver Factory Action [createNewLocalDriverInstanceForSafari] failed. With the following test data [Failed to create a session on DESKTOP_SAFARI]. @25-01-2022 01:58:14.0405 A

################################################################################################################################################
Starting Execution:	[31 out of 162] test cases in the current suite
Test Method:		[unitTests.tests_validations_assertions.assertElementAttribute_false_containsComparison_expectedToFail]
###############################################################################################################################################



################################################################################################################################################
Starting Execution:	[32 out of 162] test cases in the current suite
Test Method:		[unitTests.tests_validations_assertions.assertElementAttribute_false_containsComparison_expectedToPass]
###############################################################################################################################################



################################################################################################################################################
Starting Execution:	[33 out of 162] test cases in the current suite
Test Method:		[unitTests.tests_validations_assertions.assertElementAttribute_false_literalComparison_expectedToFail]
###############################################################################################################################################



################################################################################################################################################
Starting Execution:	[34 out of 162] test cases in the current suite
Test Method:		[unitTests.tests_validations_assertions.assertElementAttribute_false_literalComparison_expectedToPass]
###############################################################################################################################################



################################################################################################################################################
Starting Execution:	[35 out of 162] test cases in the current suite
Test Method:		[unitTests.tests_validations_assertions.assertElementAttribute_false_regexComparison_expectedToFail]
###############################################################################################################################################



################################################################################################################################################
Starting Execution:	[36 out of 162] test cases in the current suite
Test Method:		[unitTests.tests_validations_assertions.assertElementAttribute_false_regexComparison_expectedToPass]
###############################################################################################################################################



################################################################################################################################################
Starting Execution:	[37 out of 162] test cases in the current suite
Test Method:		[unitTests.tests_validations_assertions.assertElementAttribute_true_caseInsensitiveComparison_expectedToFail]
###############################################################################################################################################



################################################################################################################################################
Starting Execution:	[38 out of 162] test cases in the current suite
Test Method:		[unitTests.tests_validations_assertions.assertElementAttribute_true_caseInsensitiveComparison_expectedToPass]
###############################################################################################################################################



################################################################################################################################################
Starting Execution:	[39 out of 162] test cases in the current suite
Test Method:		[unitTests.tests_validations_assertions.assertElementAttribute_true_containsComparison_expectedToFail]
###############################################################################################################################################



################################################################################################################################################
Starting Execution:	[40 out of 162] test cases in the current suite
Test Method:		[unitTests.tests_validations_assertions.assertElementAttribute_true_containsComparison_expectedToPass]
###############################################################################################################################################



################################################################################################################################################
Starting Execution:	[41 out of 162] test cases in the current suite
Test Method:		[unitTests.tests_validations_assertions.assertElementAttribute_true_literalComparison_expectedToFail]
###############################################################################################################################################



################################################################################################################################################
Starting Execution:	[42 out of 162] test cases in the current suite
Test Method:		[unitTests.tests_validations_assertions.assertElementAttribute_true_literalComparison_expectedToPass]
###############################################################################################################################################



################################################################################################################################################
Starting Execution:	[43 out of 162] test cases in the current suite
Test Method:		[unitTests.tests_validations_assertions.assertElementAttribute_true_regexComparison_expectedToFail]
###############################################################################################################################################



################################################################################################################################################
Starting Execution:	[44 out of 162] test cases in the current suite
Test Method:		[unitTests.tests_validations_assertions.assertElementAttribute_true_regexComparison_expectedToPass]
###############################################################################################################################################



################################################################################################################################################
Starting Execution:	[45 out of 162] test cases in the current suite
Test Method:		[unitTests.tests_validations_assertions.assertElementAttribute_type_true_literalComparison_expectedToPass]
###############################################################################################################################################



################################################################################################################################################
Starting Execution:	[46 out of 162] test cases in the current suite
Test Method:		[unitTests.tests_validations_assertions.assertElementExists_false_expectedToFail]
###############################################################################################################################################



################################################################################################################################################
Starting Execution:	[47 out of 162] test cases in the current suite
Test Method:		[unitTests.tests_validations_assertions.assertElementExists_false_expectedToPass]
###############################################################################################################################################



################################################################################################################################################
Starting Execution:	[48 out of 162] test cases in the current suite
Test Method:		[unitTests.tests_validations_assertions.assertElementExists_false_multipleElementsFound_expectedToFail]
###############################################################################################################################################



################################################################################################################################################
Starting Execution:	[49 out of 162] test cases in the current suite
Test Method:		[unitTests.tests_validations_assertions.assertElementExists_true_expectedToFail]
###############################################################################################################################################



################################################################################################################################################
Starting Execution:	[50 out of 162] test cases in the current suite
Test Method:		[unitTests.tests_validations_assertions.assertElementExists_true_expectedToPass]
###############################################################################################################################################



################################################################################################################################################
Starting Execution:	[51 out of 162] test cases in the current suite
Test Method:		[unitTests.tests_validations_assertions.assertElementExists_true_multipleElementsFound_expectedToFail]
###############################################################################################################################################


################################################################################################################################################
Starting Execution:	[52 out of 162] test cases in the current suite
Test Method:		[unitTests.tests_validations_assertions.assertEquals_false_expectedToFail]
###############################################################################################################################################

################################################################################################################################################
Starting Execution:	[53 out of 162] test cases in the current suite
Test Method:		[unitTests.tests_validations_assertions.assertEquals_false_expectedToPass]
###############################################################################################################################################

################################################################################################################################################
Starting Execution:	[54 out of 162] test cases in the current suite
Test Method:		[unitTests.tests_validations_assertions.assertEquals_longCharacters]
###############################################################################################################################################

################################################################################################################################################
Starting Execution:	[55 out of 162] test cases in the current suite
Test Method:		[unitTests.tests_validations_assertions.assertEquals_longCharacters_Discreet]
###############################################################################################################################################

################################################################################################################################################
Starting Execution:	[56 out of 162] test cases in the current suite
Test Method:		[unitTests.tests_validations_assertions.assertEquals_true_expectedToFail]
###############################################################################################################################################

################################################################################################################################################
Starting Execution:	[57 out of 162] test cases in the current suite
Test Method:		[unitTests.tests_validations_assertions.assertEquals_true_expectedToPass]
Test Description:	[Assert that assertEquals works as expected when the two values are equal.]
###############################################################################################################################################

################################################################################################################################################
Starting Execution:	[58 out of 162] test cases in the current suite
Test Method:		[unitTests.tests_validations_assertions.assertEquals_true_expectedToPass__]
###############################################################################################################################################

################################################################################################################################################
Starting Execution:	[59 out of 162] test cases in the current suite
Test Method:		[unitTests.tests_validations_assertions.assertFileExists_false_expectedToFail]
###############################################################################################################################################

################################################################################################################################################
Starting Execution:	[60 out of 162] test cases in the current suite
Test Method:		[unitTests.tests_validations_assertions.assertFileExists_false_expectedToPass]
###############################################################################################################################################

################################################################################################################################################
Starting Execution:	[61 out of 162] test cases in the current suite
Test Method:		[unitTests.tests_validations_assertions.assertFileExists_true_expectedToFail]
###############################################################################################################################################

################################################################################################################################################
Starting Execution:	[62 out of 162] test cases in the current suite
Test Method:		[unitTests.tests_validations_assertions.assertFileExists_true_expectedToPass]
###############################################################################################################################################

################################################################################################################################################
Starting Execution:	[63 out of 162] test cases in the current suite
Test Method:		[unitTests.tests_validations_assertions.assertNull_false_expectedToFail]
###############################################################################################################################################

################################################################################################################################################
Starting Execution:	[64 out of 162] test cases in the current suite
Test Method:		[unitTests.tests_validations_assertions.assertNull_false_expectedToPass]
###############################################################################################################################################

################################################################################################################################################
Starting Execution:	[65 out of 162] test cases in the current suite
Test Method:		[unitTests.tests_validations_assertions.assertNull_true_expectedToFail]
###############################################################################################################################################

################################################################################################################################################
Starting Execution:	[66 out of 162] test cases in the current suite
Test Method:		[unitTests.tests_validations_assertions.assertNull_true_expectedToPass]
###############################################################################################################################################

################################################################################################################################################
Starting Execution:	[67 out of 162] test cases in the current suite
Test Method:		[unitTests.tests_restActions.getPostsAndAssertBodyForSpecificTitle]
################################################################################################################################################
[ReportManager] Response status code: [200], status line: [HTTP/1.1 200 OK] @25-01-2022 01:58:18.0329 AM
[ReportManager] Assertion Passed: Evaluating the actual response status code against the expected one... @25-01-2022 01:58:18.0334 AM
[ReportManager] Assertion [ValidateComparativeRelation] PASSED. Expected [200] and Actual [200]. Comparison Type [EQUALS]. Validation Type [POSITIVE]. @25-01-2022 01:58:18.0335 AM
[ReportManager] API Action [PerformRequest] successfully performed. With the following test data [Request Type: "GET" | Target Status Code: "200" | Service URL: "https://jsonplaceholder.typicode.com/posts" | Content Type: "*/*" | Response Time: "877ms"]. @25-01-2022 01:58:19.0395 AM
[ReportManager] Successfully created attachment [API Request - Specifications] @25-01-2022 01:58:19.0396 AM
[ReportManager] Successfully created attachment [API Response - JSON Body] @25-01-2022 01:58:19.0657 AM
[ReportManager] API Action [GetResponseJSONValueAsList] successfully performed. @25-01-2022 01:58:19.0686 AM
[ReportManager] API Action [GetResponseJSONValue] successfully performed. With the following test data [title]. @25-01-2022 01:58:19.0711 AM
[ReportManager] API Action [GetResponseJSONValue] successfully performed. With the following test data [title]. @25-01-2022 01:58:19.0727 AM
[ReportManager] API Action [GetResponseJSONValue] successfully performed. With the following test data [body]. @25-01-2022 01:58:19.0741 AM
[ReportManager] Assertion [ValidateEquals] PASSED. Expected [qui neque nisi nulla] and Actual [est rerum tempore vitae
sequi sint nihil reprehenderit dolor beatae ea dolores neque
fugiat blanditiis voluptate porro vel nihil molestiae ut reiciendis
qui aperiam non debitis possimus qui neque nisi nulla]. Comparison Type [CONTAINS]. Validation Type [POSITIVE]. @25-01-2022 01:58:19.0742 AM
[ReportManager] API Action [GetResponseJSONValue] successfully performed. With the following test data [title]. @25-01-2022 01:58:19.0756 AM
[ReportManager] API Action [GetResponseJSONValue] successfully performed. With the following test data [title]. @25-01-2022 01:58:19.0769 AM
[ReportManager] API Action [GetResponseJSONValue] successfully performed. With the following test data [title]. @25-01-2022 01:58:19.0782 AM
[ReportManager] API Action [GetResponseJSONValue] successfully performed. With the following test data [title]. @25-01-2022 01:58:19.0795 AM
[ReportManager] API Action [GetResponseJSONValue] successfully performed. With the following test data [title]. @25-01-2022 01:58:19.0808 AM
[ReportManager] API Action [GetResponseJSONValue] successfully performed. With the following test data [title]. @25-01-2022 01:58:19.0821 AM
[ReportManager] API Action [GetResponseJSONValue] successfully performed. With the following test data [title]. @25-01-2022 01:58:19.0834 AM
[ReportManager] API Action [GetResponseJSONValue] successfully performed. With the following test data [title]. @25-01-2022 01:58:19.0848 AM
[ReportManager] API Action [GetResponseJSONValue] successfully performed. With the following test data [title]. @25-01-2022 01:58:19.0862 AM
[ReportManager] API Action [GetResponseJSONValue] successfully performed. With the following test data [title]. @25-01-2022 01:58:19.0876 AM
[ReportManager] API Action [GetResponseJSONValue] successfully performed. With the following test data [title]. @25-01-2022 01:58:19.0891 AM
[ReportManager] API Action [GetResponseJSONValue] successfully performed. With the following test data [title]. @25-01-2022 01:58:19.0905 AM
[ReportManager] API Action [GetResponseJSONValue] successfully performed. With the following test data [title]. @25-01-2022 01:58:19.0918 AM
[ReportManager] API Action [GetResponseJSONValue] successfully performed. With the following test data [title]. @25-01-2022 01:58:19.0930 AM
[ReportManager] API Action [GetResponseJSONValue] successfully performed. With the following test data [title]. @25-01-2022 01:58:19.0944 AM
[ReportManager] API Action [GetResponseJSONValue] successfully performed. With the following test data [title]. @25-01-2022 01:58:19.0959 AM
[ReportManager] API Action [GetResponseJSONValue] successfully performed. With the following test data [title]. @25-01-2022 01:58:19.0972 AM
[ReportManager] API Action [GetResponseJSONValue] successfully performed. With the following test data [title]. @25-01-2022 01:58:19.0986 AM
[ReportManager] API Action [GetResponseJSONValue] successfully performed. With the following test data [title]. @25-01-2022 01:58:19.0999 AM
[ReportManager] API Action [GetResponseJSONValue] successfully performed. With the following test data [title]. @25-01-2022 01:58:20.0013 AM
[ReportManager] API Action [GetResponseJSONValue] successfully performed. With the following test data [title]. @25-01-2022 01:58:20.0026 AM
[ReportManager] API Action [GetResponseJSONValue] successfully performed. With the following test data [title]. @25-01-2022 01:58:20.0038 AM
[ReportManager] API Action [GetResponseJSONValue] successfully performed. With the following test data [title]. @25-01-2022 01:58:20.0050 AM
[ReportManager] API Action [GetResponseJSONValue] successfully performed. With the following test data [title]. @25-01-2022 01:58:20.0063 AM
[ReportManager] API Action [GetResponseJSONValue] successfully performed. With the following test data [title]. @25-01-2022 01:58:20.0076 AM
[ReportManager] API Action [GetResponseJSONValue] successfully performed. With the following test data [title]. @25-01-2022 01:58:20.0088 AM
[ReportManager] API Action [GetResponseJSONValue] successfully performed. With the following test data [title]. @25-01-2022 01:58:20.0102 AM
[ReportManager] API Action [GetResponseJSONValue] successfully performed. With the following test data [title]. @25-01-2022 01:58:20.0117 AM
[ReportManager] API Action [GetResponseJSONValue] successfully performed. With the following test data [title]. @25-01-2022 01:58:20.0132 AM
[ReportManager] API Action [GetResponseJSONValue] successfully performed. With the following test data [title]. @25-01-2022 01:58:20.0147 AM
[ReportManager] API Action [GetResponseJSONValue] successfully performed. With the following test data [title]. @25-01-2022 01:58:20.0164 AM
[ReportManager] API Action [GetResponseJSONValue] successfully performed. With the following test data [title]. @25-01-2022 01:58:20.0177 AM
[ReportManager] API Action [GetResponseJSONValue] successfully performed. With the following test data [title]. @25-01-2022 01:58:20.0191 AM
[ReportManager] API Action [GetResponseJSONValue] successfully performed. With the following test data [title]. @25-01-2022 01:58:20.0209 AM
[ReportManager] API Action [GetResponseJSONValue] successfully performed. With the following test data [title]. @25-01-2022 01:58:20.0232 AM
[ReportManager] API Action [GetResponseJSONValue] successfully performed. With the following test data [title]. @25-01-2022 01:58:20.0247 AM
[ReportManager] API Action [GetResponseJSONValue] successfully performed. With the following test data [title]. @25-01-2022 01:58:20.0259 AM
[ReportManager] API Action [GetResponseJSONValue] successfully performed. With the following test data [title]. @25-01-2022 01:58:20.0271 AM
[ReportManager] API Action [GetResponseJSONValue] successfully performed. With the following test data [title]. @25-01-2022 01:58:20.0283 AM
[ReportManager] API Action [GetResponseJSONValue] successfully performed. With the following test data [title]. @25-01-2022 01:58:20.0295 AM
[ReportManager] API Action [GetResponseJSONValue] successfully performed. With the following test data [title]. @25-01-2022 01:58:20.0308 AM
[ReportManager] API Action [GetResponseJSONValue] successfully performed. With the following test data [title]. @25-01-2022 01:58:20.0320 AM
[ReportManager] API Action [GetResponseJSONValue] successfully performed. With the following test data [title]. @25-01-2022 01:58:20.0332 AM
[ReportManager] API Action [GetResponseJSONValue] successfully performed. With the following test data [title]. @25-01-2022 01:58:20.0344 AM
[ReportManager] API Action [GetResponseJSONValue] successfully performed. With the following test data [title]. @25-01-2022 01:58:20.0356 AM
[ReportManager] API Action [GetResponseJSONValue] successfully performed. With the following test data [title]. @25-01-2022 01:58:20.0368 AM
[ReportManager] API Action [GetResponseJSONValue] successfully performed. With the following test data [title]. @25-01-2022 01:58:20.0381 AM
[ReportManager] API Action [GetResponseJSONValue] successfully performed. With the following test data [title]. @25-01-2022 01:58:20.0394 AM
[ReportManager] API Action [GetResponseJSONValue] successfully performed. With the following test data [title]. @25-01-2022 01:58:20.0408 AM
[ReportManager] API Action [GetResponseJSONValue] successfully performed. With the following test data [title]. @25-01-2022 01:58:20.0421 AM
[ReportManager] API Action [GetResponseJSONValue] successfully performed. With the following test data [title]. @25-01-2022 01:58:20.0436 AM
[ReportManager] API Action [GetResponseJSONValue] successfully performed. With the following test data [title]. @25-01-2022 01:58:20.0451 AM
[ReportManager] API Action [GetResponseJSONValue] successfully performed. With the following test data [title]. @25-01-2022 01:58:20.0467 AM
[ReportManager] API Action [GetResponseJSONValue] successfully performed. With the following test data [title]. @25-01-2022 01:58:20.0478 AM
[ReportManager] API Action [GetResponseJSONValue] successfully performed. With the following test data [title]. @25-01-2022 01:58:20.0490 AM
[ReportManager] API Action [GetResponseJSONValue] successfully performed. With the following test data [title]. @25-01-2022 01:58:20.0503 AM
[ReportManager] API Action [GetResponseJSONValue] successfully performed. With the following test data [title]. @25-01-2022 01:58:20.0516 AM
[ReportManager] API Action [GetResponseJSONValue] successfully performed. With the following test data [title]. @25-01-2022 01:58:20.0528 AM
[ReportManager] API Action [GetResponseJSONValue] successfully performed. With the following test data [title]. @25-01-2022 01:58:20.0543 AM
[ReportManager] API Action [GetResponseJSONValue] successfully performed. With the following test data [title]. @25-01-2022 01:58:20.0573 AM
[ReportManager] API Action [GetResponseJSONValue] successfully performed. With the following test data [title]. @25-01-2022 01:58:20.0587 AM
[ReportManager] API Action [GetResponseJSONValue] successfully performed. With the following test data [title]. @25-01-2022 01:58:20.0600 AM
[ReportManager] API Action [GetResponseJSONValue] successfully performed. With the following test data [title]. @25-01-2022 01:58:20.0613 AM
[ReportManager] API Action [GetResponseJSONValue] successfully performed. With the following test data [title]. @25-01-2022 01:58:20.0625 AM
[ReportManager] API Action [GetResponseJSONValue] successfully performed. With the following test data [title]. @25-01-2022 01:58:20.0639 AM
[ReportManager] API Action [GetResponseJSONValue] successfully performed. With the following test data [title]. @25-01-2022 01:58:20.0651 AM
[ReportManager] API Action [GetResponseJSONValue] successfully performed. With the following test data [title]. @25-01-2022 01:58:20.0666 AM
[ReportManager] API Action [GetResponseJSONValue] successfully performed. With the following test data [title]. @25-01-2022 01:58:20.0682 AM
[ReportManager] API Action [GetResponseJSONValue] successfully performed. With the following test data [title]. @25-01-2022 01:58:20.0696 AM
[ReportManager] API Action [GetResponseJSONValue] successfully performed. With the following test data [title]. @25-01-2022 01:58:20.0710 AM
[ReportManager] API Action [GetResponseJSONValue] successfully performed. With the following test data [title]. @25-01-2022 01:58:20.0721 AM
[ReportManager] API Action [GetResponseJSONValue] successfully performed. With the following test data [title]. @25-01-2022 01:58:20.0757 AM
[ReportManager] API Action [GetResponseJSONValue] successfully performed. With the following test data [title]. @25-01-2022 01:58:20.0768 AM
[ReportManager] API Action [GetResponseJSONValue] successfully performed. With the following test data [title]. @25-01-2022 01:58:20.0780 AM
[ReportManager] API Action [GetResponseJSONValue] successfully performed. With the following test data [title]. @25-01-2022 01:58:20.0791 AM
[ReportManager] API Action [GetResponseJSONValue] successfully performed. With the following test data [title]. @25-01-2022 01:58:20.0803 AM
[ReportManager] API Action [GetResponseJSONValue] successfully performed. With the following test data [title]. @25-01-2022 01:58:20.0815 AM
[ReportManager] API Action [GetResponseJSONValue] successfully performed. With the following test data [title]. @25-01-2022 01:58:20.0827 AM
[ReportManager] API Action [GetResponseJSONValue] successfully performed. With the following test data [title]. @25-01-2022 01:58:20.0839 AM
[ReportManager] API Action [GetResponseJSONValue] successfully performed. With the following test data [title]. @25-01-2022 01:58:20.0862 AM
[ReportManager] API Action [GetResponseJSONValue] successfully performed. With the following test data [title]. @25-01-2022 01:58:20.0893 AM
[ReportManager] API Action [GetResponseJSONValue] successfully performed. With the following test data [title]. @25-01-2022 01:58:20.0928 AM
[ReportManager] API Action [GetResponseJSONValue] successfully performed. With the following test data [title]. @25-01-2022 01:58:20.0954 AM
[ReportManager] API Action [GetResponseJSONValue] successfully performed. With the following test data [title]. @25-01-2022 01:58:20.0979 AM
[ReportManager] API Action [GetResponseJSONValue] successfully performed. With the following test data [title]. @25-01-2022 01:58:21.0004 AM
[ReportManager] API Action [GetResponseJSONValue] successfully performed. With the following test data [title]. @25-01-2022 01:58:21.0040 AM
[ReportManager] API Action [GetResponseJSONValue] successfully performed. With the following test data [title]. @25-01-2022 01:58:21.0067 AM
[ReportManager] API Action [GetResponseJSONValue] successfully performed. With the following test data [title]. @25-01-2022 01:58:21.0083 AM
[ReportManager] API Action [GetResponseJSONValue] successfully performed. With the following test data [title]. @25-01-2022 01:58:21.0098 AM
[ReportManager] API Action [GetResponseJSONValue] successfully performed. With the following test data [title]. @25-01-2022 01:58:21.0110 AM
[ReportManager] API Action [GetResponseJSONValue] successfully performed. With the following test data [title]. @25-01-2022 01:58:21.0123 AM
[ReportManager] API Action [GetResponseJSONValue] successfully performed. With the following test data [title]. @25-01-2022 01:58:21.0135 AM
[ReportManager] API Action [GetResponseJSONValue] successfully performed. With the following test data [title]. @25-01-2022 01:58:21.0148 AM
[ReportManager] API Action [GetResponseJSONValue] successfully performed. With the following test data [title]. @25-01-2022 01:58:21.0161 AM
[ReportManager] API Action [GetResponseJSONValue] successfully performed. With the following test data [title]. @25-01-2022 01:58:21.0178 AM
[ReportManager] API Action [GetResponseJSONValue] successfully performed. With the following test data [title]. @25-01-2022 01:58:21.0196 AM
[ReportManager] API Action [GetResponseJSONValue] successfully performed. With the following test data [title]. @25-01-2022 01:58:21.0209 AM
[ReportManager] API Action [GetResponseJSONValue] successfully performed. With the following test data [title]. @25-01-2022 01:58:21.0223 A

################################################################################################################################################
Starting Execution:	[68 out of 162] test cases in the current suite
Test Method:		[unitTests.tests_restActions.validateUserEmail]
################################################################################################################################################
[ReportManager] Response status code: [200], status line: [HTTP/1.1 200 OK] @25-01-2022 01:58:21.0292 AM
[ReportManager] Assertion Passed: Evaluating the actual response status code against the expected one... @25-01-2022 01:58:21.0293 AM
[ReportManager] Assertion [ValidateComparativeRelation] PASSED. Expected [200] and Actual [200]. Comparison Type [EQUALS]. Validation Type [POSITIVE]. @25-01-2022 01:58:21.0293 AM
[ReportManager] API Action [PerformRequest] successfully performed. With the following test data [Request Type: "GET" | Target Status Code: "200" | Service URL: "https://jsonplaceholder.typicode.com/users" | Content Type: "*/*" | Response Time: "58ms"]. @25-01-2022 01:58:21.0315 AM
[ReportManager] Successfully created attachment [API Request - Specifications] @25-01-2022 01:58:21.0316 AM
[ReportManager] Successfully created attachment [API Response - JSON Body] @25-01-2022 01:58:21.0317 AM
[ReportManager] Assertion [ValidateEquals] PASSED. Expected and Actual values are attached. Comparison Type [CONTAINS]. Validation Type [POSITIVE]. @25-01-2022 01:58:21.0317 AM
[ReportManager] Successfully created attachment [Validation Test Data - Expected Value] @25-01-2022 01:58:21.0318 AM
[ReportManager] Successfully created attachment [Validation Test Data - Actual Value] @25-01-2022 01:58:21.0318 AM
[ReportManager] API Action [GetResponseJSONValueAsList] successfully performed. With the following test data [$]. @25-01-2022 01:58:21.0324 AM
[ReportManager] API Action [GetResponseJSONValue] successfully performed. With the following test data [name]. @25-01-2022 01:58:21.0337 AM
[ReportManager] API Action [GetResponseJSONValue] successfully performed. With the following test data [email]. @25-01-2022 01:58:21.0348 AM
[ReportManager] Assertion [ValidateEquals] PASSED. Expected [Sincere@april.biz] and Actual [Sincere@april.biz]. Comparison Type [EQUALS]. Validation Type [POSITIVE]. @25-01-2022 01:58:21.0349 AM
[ReportManager] API Action [GetResponseJSONValue] successfully performed. With the following test data [name]. @25-01-2022 01:58:21.0363 AM
[ReportManager] API Action [GetResponseJSONValue] successfully performed. With the following test data [name]. @25-01-2022 01:58:21.0379 AM
[ReportManager] API Action [GetResponseJSONValue] successfully performed. With the following test data [name]. @25-01-2022 01:58:21.0393 AM
[ReportManager] API Action [GetResponseJSONValue] successfully performed. With the following test data [name]. @25-01-2022 01:58:21.0404 AM
[ReportManager] API Action [GetResponseJSONValue] successfully performed. With the following test data [name]. @25-01-2022 01:58:21.0416 AM
[ReportManager] API Action [GetResponseJSONValue] successfully performed. With the following test data [name]. @25-01-2022 01:58:21.0427 AM
[ReportManager] API Action [GetResponseJSONValue] successfully performed. With the following test data [name]. @25-01-2022 01:58:21.0439 AM
[ReportManager] API Action [GetResponseJSONValue] successfully performed. With the following test data [name]. @25-01-2022 01:58:21.0450 AM
[ReportManager] API Action [GetResponseJSONValue] successfully performed. With the following test data [name]. @25-01-2022 01:58:21.0461 A
[ReportManager] File Action [GetAbsolutePath] successfully performed. With the following test data [Relative Folder Path: "target/downloadedFiles/"]. @25-01-2022 01:58:21.0464 AM
[ReportManager] Attempting to run locally on: [Mac-64], [Safari], Headless Execution. @25-01-2022 01:58:21.0464 AM
[ReportManager] Successfully Opened Safari. @25-01-2022 01:58:22.0337 AM
[ReportManager] Initial window size: (800, 600) @25-01-2022 01:58:22.0396 AM
[ReportManager] Window size after SWD Maximize: (1176, 803) @25-01-2022 01:58:22.0427 AM
[ReportManager] Browser Action [MaximizeWindow] successfully performed. With the following test data [New screen size is now: (1176, 803)]. @25-01-2022 01:58:22.0427 A

################################################################################################################################################
Starting Execution:	[69 out of 162] test cases in the current suite
Test Method:		[testPackage01.Test_uploadFile.uploadFile_invisibleUploadInput]
################################################################################################################################################
[ReportManager] Target URL: [https://fineuploader.com/demos.html#gallery-view] @25-01-2022 01:58:22.0430 AM
[ReportManager] Initial URL: [] @25-01-2022 01:58:22.0481 AM
[ReportManager] Browser Action [NavigateToURL] successfully performed. With the following test data [https://fineuploader.com/demos.html#gallery-view]. @25-01-2022 01:58:24.0362 AM
[ReportManager] File Action [GetAbsolutePath] successfully performed. With the following test data [Relative File Path: "src/main/resources/images/shaft.png"]. @25-01-2022 01:58:24.0362 AM
[ReportManager] Successfully created attachment [File Action Actual Result - Command Log] @25-01-2022 01:58:24.0363 AM
[ReportManager] Element Action [TypeFileLocationForUpload] successfully performed. With the following test data [/Users/runner/work/SHAFT_ENGINE/SHAFT_ENGINE/src/main/resources/images/shaft.png]. @25-01-2022 01:58:24.0417 AM
[ReportManager] Attempting to getAttribute [src] from elementLocator [By.xpath: //div[@id='fine-uploader-gallery']//div[@class='qq-thumbnail-wrapper']/img]. @25-01-2022 01:58:24.0420 AM
[ReportManager] Element Action [GetAttribute] successfully performed. @25-01-2022 01:58:24.0523 AM
[ReportManager] Successfully created attachment [Element Action Test Data - GetAttribute - Actual Value] @25-01-2022 01:58:24.0524 AM
[ReportManager] Assertion Passed: Then I Assert that the element found by [By.xpath: //div[@id='fine-uploader-gallery']//div[@class='qq-thumbnail-wrapper']/img] attribute [src] contains [data:image/png;base64]. @25-01-2022 01:58:24.0828 AM
[ReportManager] Successfully created attachment [Validation Test Data - Expected Value] @25-01-2022 01:58:24.0829 AM
[ReportManager] Successfully created attachment [Validation Test Data - Actual Value] @25-01-2022 01:58:24.0830 AM
[ReportManager] Successfully created attachment [Screenshot - 1643075904737_uploadFile_invisibleUploadInput_ValidateElementAttribute_passed] @25-01-2022 01:58:24.0832 AM
[ReportManager] Assertion [ValidateElementAttribute] PASSED. Expected and Actual values are attached. Comparison Type [CONTAINS]. Validation Type [POSITIVE]. @25-01-2022 01:58:24.0832 A
[ReportManager] Browser Action [CloseCurrentWindow] successfully performed. @25-01-2022 01:58:25.0162 AM
[ReportManager] Successfully created attachment [Browser Action Test Data - CloseCurrentWindow - Actual Value] @25-01-2022 01:58:25.0163 A
[ReportManager] File Action [GetAbsolutePath] successfully performed. With the following test data [Relative Folder Path: "target/downloadedFiles/"]. @25-01-2022 01:58:25.0168 AM
[ReportManager] Attempting to run locally on: [Mac-64], [Safari], Headless Execution. @25-01-2022 01:58:25.0168 AM
[ReportManager] Successfully Opened Safari. @25-01-2022 01:58:26.0027 AM
[ReportManager] Initial window size: (800, 600) @25-01-2022 01:58:26.0045 AM
[ReportManager] Window size after SWD Maximize: (1176, 803) @25-01-2022 01:58:26.0075 AM
[ReportManager] Browser Action [MaximizeWindow] successfully performed. With the following test data [New screen size is now: (1176, 803)]. @25-01-2022 01:58:26.0076 A

################################################################################################################################################
Starting Execution:	[70 out of 162] test cases in the current suite
Test Method:		[testPackage01.Test_uploadFile.uploadFile_visibleUploadInput]
################################################################################################################################################
[ReportManager] Target URL: [https://demo.guru99.com/test/upload/] @25-01-2022 01:58:26.0079 AM
[ReportManager] Initial URL: [] @25-01-2022 01:58:26.0124 AM
[ReportManager] Browser Action [NavigateToURL] successfully performed. With the following test data [https://demo.guru99.com/test/upload/]. @25-01-2022 01:58:28.0462 AM
[ReportManager] File Action [GetAbsolutePath] successfully performed. With the following test data [Relative Folder Path: "src/main/resources/images/shaft.png"]. @25-01-2022 01:58:28.0466 AM
[ReportManager] Element Action [TypeFileLocationForUpload] successfully performed. With the following test data [/Users/runner/work/SHAFT_ENGINE/SHAFT_ENGINE/src/main/resources/images/shaft.png]. @25-01-2022 01:58:28.0577 AM
[ReportManager] Element Action [Click] successfully performed. With the following test data [By.id: terms]. @25-01-2022 01:58:29.0765 AM
[ReportManager] Element Action [Click] successfully performed. With the following test data [By.id: submitbutton]. @25-01-2022 01:58:29.0981 AM
[ReportManager] Element Action [GetText] successfully performed. With the following test data [1 file has been successfully uploaded.]. @25-01-2022 01:58:30.0630 AM
[ReportManager] Assertion Passed: Then I Assert that the element found by [By.id: res] attribute [Text] contains [1 file]. @25-01-2022 01:58:30.0803 AM
[ReportManager] Successfully created attachment [Screenshot - 1643075910732_uploadFile_visibleUploadInput_ValidateElementAttribute_passed] @25-01-2022 01:58:30.0804 AM
[ReportManager] Assertion [ValidateElementAttribute] PASSED. Expected [Value Should be '1 file' for the 'Text' attribute, element locator 'By.id: res'] and Actual [1 file has been successfully uploaded.]. Comparison Type [CONTAINS]. Validation Type [POSITIVE]. @25-01-2022 01:58:30.0804 A
[ReportManager] Browser Action [CloseCurrentWindow] successfully performed. @25-01-2022 01:58:31.0162 AM
[ReportManager] Successfully created attachment [Browser Action Test Data - CloseCurrentWindow - Actual Value] @25-01-2022 01:58:31.0163 A

################################################################################################################################################
Starting Execution:	[71 out of 162] test cases in the current suite
Test Method:		[testPackage01.Test_AssertApiResponseEquals.assertApiResponseEquals_expectedToPass]
################################################################################################################################################
[ReportManager] Response status code: [200], status line: [HTTP/1.1 200 OK] @25-01-2022 01:58:31.0231 AM
[ReportManager] Assertion Passed: Evaluating the actual response status code against the expected one... @25-01-2022 01:58:31.0231 AM
[ReportManager] Assertion [ValidateComparativeRelation] PASSED. Expected [200] and Actual [200]. Comparison Type [EQUALS]. Validation Type [POSITIVE]. @25-01-2022 01:58:31.0231 AM
[ReportManager] API Action [PerformRequest] successfully performed. With the following test data [Request Type: "GET" | Target Status Code: "200" | Service URL: "https://jsonplaceholder.typicode.com/users" | Content Type: "*/*" | Response Time: "59ms"]. @25-01-2022 01:58:31.0256 AM
[ReportManager] Successfully created attachment [API Request - Specifications] @25-01-2022 01:58:31.0257 AM
[ReportManager] Successfully created attachment [API Response - JSON Body] @25-01-2022 01:58:31.0258 AM
[ReportManager] API Action [GetResponseJSONValueAsList] successfully performed. With the following test data [$]. @25-01-2022 01:58:31.0266 AM
[ReportManager] API Action [GetResponseJSONValue] successfully performed. With the following test data [name]. @25-01-2022 01:58:31.0279 AM
[ReportManager] API Action [GetResponseJSONValue] successfully performed. With the following test data [email]. @25-01-2022 01:58:31.0295 AM
[ReportManager] Verification [ValidateEquals] PASSED. Expected [Sincere@april.biz] and Actual [Sincere@april.biz]. Comparison Type [EQUALS]. Validation Type [POSITIVE]. @25-01-2022 01:58:31.0295 AM
[ReportManager] API Action [GetResponseJSONValue] successfully performed. With the following test data [username]. @25-01-2022 01:58:31.0307 AM
[ReportManager] Assertion [ValidateEquals] PASSED. Expected [Bret] and Actual [Bret]. Comparison Type [EQUALS]. Validation Type [POSITIVE]. @25-01-2022 01:58:31.0308 AM
[ReportManager] API Action [GetResponseJSONValue] successfully performed. With the following test data [name]. @25-01-2022 01:58:31.0320 AM
[ReportManager] API Action [GetResponseJSONValue] successfully performed. With the following test data [name]. @25-01-2022 01:58:31.0333 AM
[ReportManager] API Action [GetResponseJSONValue] successfully performed. With the following test data [name]. @25-01-2022 01:58:31.0346 AM
[ReportManager] API Action [GetResponseJSONValue] successfully performed. With the following test data [name]. @25-01-2022 01:58:31.0359 AM
[ReportManager] API Action [GetResponseJSONValue] successfully performed. With the following test data [name]. @25-01-2022 01:58:31.0371 AM
[ReportManager] API Action [GetResponseJSONValue] successfully performed. With the following test data [name]. @25-01-2022 01:58:31.0384 AM
[ReportManager] API Action [GetResponseJSONValue] successfully performed. With the following test data [name]. @25-01-2022 01:58:31.0397 AM
[ReportManager] API Action [GetResponseJSONValue] successfully performed. With the following test data [name]. @25-01-2022 01:58:31.0412 AM
[ReportManager] API Action [GetResponseJSONValue] successfully performed. With the following test data [name]. @25-01-2022 01:58:31.0426 A
[ReportManager] File Action [GetAbsolutePath] successfully performed. With the following test data [Relative Folder Path: "target/downloadedFiles/"]. @25-01-2022 01:58:31.0429 AM
[ReportManager] Attempting to run locally on: [Mac-64], [Safari], Headless Execution. @25-01-2022 01:58:31.0429 AM
[ReportManager] Successfully Opened Safari. @25-01-2022 01:58:32.0254 AM
[ReportManager] Initial window size: (800, 600) @25-01-2022 01:58:32.0280 AM
[ReportManager] Window size after SWD Maximize: (1176, 803) @25-01-2022 01:58:32.0304 AM
[ReportManager] Browser Action [MaximizeWindow] successfully performed. With the following test data [New screen size is now: (1176, 803)]. @25-01-2022 01:58:32.0305 AM
[ReportManager] Target URL: [http://the-internet.herokuapp.com/javascript_alerts] @25-01-2022 01:58:32.0305 AM
[ReportManager] Initial URL: [] @25-01-2022 01:58:32.0365 AM
[ReportManager] Browser Action [NavigateToURL] successfully performed. With the following test data [http://the-internet.herokuapp.com/javascript_alerts]. @25-01-2022 01:58:33.0644 A

################################################################################################################################################
Starting Execution:	[72 out of 162] test cases in the current suite
Test Method:		[testPackage01.TestJSPromptBox.dismissAlert]
################################################################################################################################################
[ReportManager] Element Action [Click] successfully performed. With the following test data [By.xpath: //button[contains(text(),'Click for JS Prompt')]]. @25-01-2022 01:58:33.0995 AM
[ReportManager] Alert is present @25-01-2022 01:58:34.0015 AM
[ReportManager] Element Action [DismissAlert] successfully performed. @25-01-2022 01:58:34.0028 A

################################################################################################################################################
Starting Execution:	[73 out of 162] test cases in the current suite
Test Method:		[testPackage01.TestJSPromptBox.assertOnCancelAlertResultText]
################################################################################################################################################
[ReportManager] Element Action [GetText] successfully performed. With the following test data [You entered: null]. @25-01-2022 01:58:34.0108 AM
[ReportManager] Assertion Passed: Then I Assert that the element found by [By.id: result] attribute [TEXT] is equal to [You entered: null]. @25-01-2022 01:58:34.0302 AM
[ReportManager] Successfully created attachment [Screenshot - 1643075914220_assertOnCancelAlertResultText_ValidateElementAttribute_passed] @25-01-2022 01:58:34.0303 AM
[ReportManager] Assertion [ValidateElementAttribute] PASSED. Expected [Value Should be 'You entered: null' for the 'text' attribute, element locator 'By.id: result'] and Actual [You entered: null]. Comparison Type [EQUALS]. Validation Type [POSITIVE]. @25-01-2022 01:58:34.0303 A

################################################################################################################################################
Starting Execution:	[74 out of 162] test cases in the current suite
Test Method:		[testPackage01.TestJSPromptBox.getAlertText]
################################################################################################################################################
[ReportManager] Element Action [Click] successfully performed. With the following test data [By.xpath: //button[contains(text(),'Click for JS Prompt')]]. @25-01-2022 01:58:34.0539 AM
[ReportManager] Alert is present @25-01-2022 01:58:34.0547 AM
[ReportManager] Alert Text is: [I am a JS prompt] @25-01-2022 01:58:34.0568 AM
[ReportManager] Element Action [GetAlertText] successfully performed. @25-01-2022 01:58:34.0568 AM
[ReportManager] Alert text is: [I am a JS prompt] @25-01-2022 01:58:34.0569 AM
[ReportManager] Alert is present @25-01-2022 01:58:34.0576 AM
[ReportManager] Alert Text is: [I am a JS prompt] @25-01-2022 01:58:34.0611 AM
[ReportManager] Element Action [GetAlertText] successfully performed. @25-01-2022 01:58:34.0611 AM
[ReportManager] Assertion Passed: Then I Assert that [I am a JS prompt] is equal to [I am a JS prompt]. @25-01-2022 01:58:34.0612 AM
[ReportManager] Assertion [ValidateEquals] PASSED. Expected [I am a JS prompt] and Actual [I am a JS prompt]. Comparison Type [EQUALS]. Validation Type [POSITIVE]. @25-01-2022 01:58:34.0612 A

################################################################################################################################################
Starting Execution:	[75 out of 162] test cases in the current suite
Test Method:		[testPackage01.TestJSPromptBox.acceptPromptAlertWithoutTypingTextMessage]
################################################################################################################################################
[ReportManager] Alert is not present @25-01-2022 01:59:05.0164 AM
[ReportManager] Element Action [WaitForAlertToBePresent] failed. @25-01-2022 01:59:05.0286 AM
[ReportManager] Successfully created attachment [Screenshot - 1643075945189_acceptPromptAlertWithoutTypingTextMessage_WaitForAlertToBePresent_failed] @25-01-2022 01:59:05.0287 A

################################################################################################################################################
Starting Execution:	[76 out of 162] test cases in the current suite
Test Method:		[testPackage01.TestJSPromptBox.assertOnConfirmPromptAlertWithoutTypingTextMessageResultText]
###############################################################################################################################################

################################################################################################################################################
Starting Execution:	[77 out of 162] test cases in the current suite
Test Method:		[testPackage01.TestJSPromptBox.acceptPromptAlertWithTextMessage]
###############################################################################################################################################

################################################################################################################################################
Starting Execution:	[78 out of 162] test cases in the current suite
Test Method:		[testPackage01.TestJSPromptBox.assertOnConfirmPromptAlertWithTextMessageResultText]
###############################################################################################################################################
[ReportManager] Browser Action [CloseCurrentWindow] successfully performed. @25-01-2022 01:59:05.0536 AM
[ReportManager] Successfully created attachment [Browser Action Test Data - CloseCurrentWindow - Actual Value] @25-01-2022 01:59:05.0537 A

################################################################################################################################################
Starting Execution:	[79 out of 162] test cases in the current suite
Test Method:		[testPackage01.Test_testData.f]
################################################################################################################################################
[ReportManager] Successfully loaded the following test data file [src/test/resources/testDataFiles/testSuite01/TestData.xlsx]. @25-01-2022 01:59:05.0583 AM
[ReportManager] Successfully created attachment [Test Data - Excel] @25-01-2022 01:59:05.0584 AM
[ReportManager] Last Column Number is: [3]. Zero-based. @25-01-2022 01:59:05.0584 A

################################################################################################################################################
Starting Execution:	[80 out of 162] test cases in the current suite
Test Method:		[testPackage01.Test_PDF.testPDF1]
################################################################################################################################################
[ReportManager] File Action [DoesFileExist] successfully performed. With the following test data [File Path: "src/test/resources/testDataFiles/sample.pdf"]. @25-01-2022 01:59:05.0592 AM
[ReportManager] File Action [GetAbsolutePath] successfully performed. With the following test data [Relative Folder Path: "src/test/resources/testDataFiles/sample.pdf"]. @25-01-2022 01:59:05.0594 AM
[ReportManager] Assertion Passed: Checking to see that the pdf file contains [A Simple PDF File] @25-01-2022 01:59:10.0456 AM
[ReportManager] Successfully created attachment [Validation Test Data - Expected Value] @25-01-2022 01:59:10.0457 AM
[ReportManager] Successfully created attachment [Validation Test Data - Actual Value] @25-01-2022 01:59:10.0458 AM
[ReportManager] Assertion [ValidateEquals] PASSED. Expected and Actual values are attached. Comparison Type [CONTAINS]. Validation Type [POSITIVE]. @25-01-2022 01:59:10.0458 A

################################################################################################################################################
Starting Execution:	[81 out of 162] test cases in the current suite
Test Method:		[testPackage01.Test_PDF.testPDF2]
################################################################################################################################################
[ReportManager] File Action [DoesFileExist] successfully performed. With the following test data [File Path: "src/test/resources/testDataFiles/sample.pdf"]. @25-01-2022 01:59:10.0468 AM
[ReportManager] File Action [GetAbsolutePath] successfully performed. With the following test data [Relative Folder Path: "src/test/resources/testDataFiles/sample.pdf"]. @25-01-2022 01:59:10.0468 AM
[ReportManager] Assertion Passed: Checking to see that the pdf file contains [A Simple PDF File] @25-01-2022 01:59:10.0489 AM
[ReportManager] Successfully created attachment [Validation Test Data - Expected Value] @25-01-2022 01:59:10.0489 AM
[ReportManager] Successfully created attachment [Validation Test Data - Actual Value] @25-01-2022 01:59:10.0490 AM
[ReportManager] Assertion [ValidateEquals] PASSED. Expected and Actual values are attached. Comparison Type [CONTAINS]. Validation Type [POSITIVE]. @25-01-2022 01:59:10.0490 A
[ReportManager] File Action [GetAbsolutePath] successfully performed. With the following test data [Relative Folder Path: "target/downloadedFiles/"]. @25-01-2022 01:59:10.0495 AM
[ReportManager] Attempting to run locally on: [Mac-64], [Safari], Headless Execution. @25-01-2022 01:59:10.0496 AM
[ReportManager] Successfully Opened Safari. @25-01-2022 01:59:11.0406 AM
[ReportManager] Initial window size: (800, 600) @25-01-2022 01:59:11.0435 AM
[ReportManager] Window size after SWD Maximize: (1176, 803) @25-01-2022 01:59:11.0472 AM
[ReportManager] Browser Action [MaximizeWindow] successfully performed. With the following test data [New screen size is now: (1176, 803)]. @25-01-2022 01:59:11.0472 A

################################################################################################################################################
Starting Execution:	[82 out of 162] test cases in the current suite
Test Method:		[testPackage01.Test_ShadowDOM.shadowdom]
################################################################################################################################################
[ReportManager] Target URL: [https://mdn.github.io/web-components-examples/popup-info-box-web-component/] @25-01-2022 01:59:11.0477 AM
[ReportManager] Initial URL: [] @25-01-2022 01:59:11.0532 AM
[ReportManager] Browser Action [NavigateToURL] successfully performed. With the following test data [https://mdn.github.io/web-components-examples/popup-info-box-web-component/]. @25-01-2022 01:59:11.0952 AM
[ReportManager] Element Action [Type] successfully performed. With the following test data [Typing into SHADOW DOM...]. @25-01-2022 01:59:12.0387 AM
[ReportManager] Element Action [GetText] successfully performed. With the following test data [Typing into SHADOW DOM...]. @25-01-2022 01:59:12.0460 AM
[ReportManager] Assertion [ValidateElementAttribute] PASSED. Expected [Value Should be 'Typing into SHADOW DOM...' for the 'Text' attribute, element locator 'By.id: cvc'] and Actual [Typing into SHADOW DOM...]. Comparison Type [EQUALS]. Validation Type [POSITIVE]. @25-01-2022 01:59:12.0618 AM
[ReportManager] Successfully created attachment [Screenshot - 1643075952544_shadowdom_ValidateElementAttribute_passed] @25-01-2022 01:59:12.0619 A
[ReportManager] Browser Action [CloseCurrentWindow] successfully performed. @25-01-2022 01:59:12.0942 AM
[ReportManager] Successfully created attachment [Browser Action Test Data - CloseCurrentWindow - Actual Value] @25-01-2022 01:59:12.0943 A
[ReportManager] File Action [GetAbsolutePath] successfully performed. With the following test data [Relative Folder Path: "target/downloadedFiles/"]. @25-01-2022 01:59:12.0946 AM
[ReportManager] Attempting to run locally on: [Mac-64], [Safari], Headless Execution. @25-01-2022 01:59:12.0946 AM
[ReportManager] Successfully Opened Safari. @25-01-2022 01:59:13.0809 AM
[ReportManager] Initial window size: (800, 600) @25-01-2022 01:59:13.0831 AM
[ReportManager] Window size after SWD Maximize: (1176, 803) @25-01-2022 01:59:13.0846 AM
[ReportManager] Browser Action [MaximizeWindow] successfully performed. With the following test data [New screen size is now: (1176, 803)]. @25-01-2022 01:59:13.0847 A

################################################################################################################################################
Starting Execution:	[83 out of 162] test cases in the current suite
Test Method:		[testPackage01.Test_clipboardActions.typeTextAndCopyPaste]
################################################################################################################################################
[ReportManager] Target URL: [https://www.google.com/ncr], and after redirection: [https://www.google.com] @25-01-2022 01:59:13.0856 AM
[ReportManager] Initial URL: [] @25-01-2022 01:59:13.0910 AM
[ReportManager] Browser Action [NavigateToURL] successfully performed. With the following test data [https://www.google.com/ncr]. @25-01-2022 01:59:15.0682 AM
[ReportManager] Element Action [Type] successfully performed. With the following test data [FIRST]. @25-01-2022 01:59:16.0099 A
[ReportManager] Browser Action [CloseCurrentWindow] successfully performed. @25-01-2022 01:59:16.0292 AM
[ReportManager] Successfully created attachment [Browser Action Test Data - CloseCurrentWindow - Actual Value] @25-01-2022 01:59:16.0293 A
[ReportManager] File Action [GetAbsolutePath] successfully performed. With the following test data [Relative Folder Path: "target/downloadedFiles/"]. @25-01-2022 01:59:16.0295 AM
[ReportManager] Attempting to run locally on: [Mac-64], [Safari], Headless Execution. @25-01-2022 01:59:16.0296 AM
[ReportManager] Successfully Opened Safari. @25-01-2022 01:59:17.0144 AM
[ReportManager] Initial window size: (800, 600) @25-01-2022 01:59:17.0165 AM
[ReportManager] Window size after SWD Maximize: (1176, 803) @25-01-2022 01:59:17.0182 AM
[ReportManager] Browser Action [MaximizeWindow] successfully performed. With the following test data [New screen size is now: (1176, 803)]. @25-01-2022 01:59:17.0183 AM
[ReportManager] Target URL: [http://the-internet.herokuapp.com/javascript_alerts] @25-01-2022 01:59:17.0183 AM
[ReportManager] Initial URL: [] @25-01-2022 01:59:17.0267 AM
[ReportManager] Browser Action [NavigateToURL] successfully performed. With the following test data [http://the-internet.herokuapp.com/javascript_alerts]. @25-01-2022 01:59:18.0209 A

################################################################################################################################################
Starting Execution:	[84 out of 162] test cases in the current suite
Test Method:		[testPackage01.TestJSAlertBox.getJSAlertText]
################################################################################################################################################
[ReportManager] Element Action [Click] successfully performed. With the following test data [By.xpath: //button[contains(text(),'Click for JS Alert')]]. @25-01-2022 01:59:18.0469 AM
[ReportManager] Alert is present @25-01-2022 01:59:18.0476 AM
[ReportManager] Alert Text is: [I am a JS Alert] @25-01-2022 01:59:18.0484 AM
[ReportManager] Element Action [GetAlertText] successfully performed. @25-01-2022 01:59:18.0484 AM
[ReportManager] Alert text is: [I am a JS Alert] @25-01-2022 01:59:18.0485 AM
[ReportManager] Alert is present @25-01-2022 01:59:18.0493 AM
[ReportManager] Alert Text is: [I am a JS Alert] @25-01-2022 01:59:18.0511 AM
[ReportManager] Element Action [GetAlertText] successfully performed. @25-01-2022 01:59:18.0512 AM
[ReportManager] Assertion Passed: Then I Assert that [I am a JS Alert] is equal to [I am a JS Alert]. @25-01-2022 01:59:18.0513 AM
[ReportManager] Assertion [ValidateEquals] PASSED. Expected [I am a JS Alert] and Actual [I am a JS Alert]. Comparison Type [EQUALS]. Validation Type [POSITIVE]. @25-01-2022 01:59:18.0514 A

################################################################################################################################################
Starting Execution:	[85 out of 162] test cases in the current suite
Test Method:		[testPackage01.TestJSAlertBox.acceptAlert]
################################################################################################################################################
[ReportManager] Alert is not present @25-01-2022 01:59:48.0574 AM
[ReportManager] Element Action [WaitForAlertToBePresent] failed. @25-01-2022 01:59:48.0819 AM
[ReportManager] Successfully created attachment [Screenshot - 1643075988600_acceptAlert_WaitForAlertToBePresent_failed] @25-01-2022 01:59:48.0902 A

################################################################################################################################################
Starting Execution:	[86 out of 162] test cases in the current suite
Test Method:		[testPackage01.TestJSAlertBox.assertOnConfirmAlertResultText]
###############################################################################################################################################
[ReportManager] Browser Action [CloseCurrentWindow] successfully performed. @25-01-2022 01:59:49.0716 AM
[ReportManager] Successfully created attachment [Browser Action Test Data - CloseCurrentWindow - Actual Value] @25-01-2022 01:59:49.0757 A

################################################################################################################################################
Starting Execution:	[87 out of 162] test cases in the current suite
Test Method:		[testPackage01.Test_checkJDKShellFilesGenerated.testJDKGeneratedSuccessfully]
################################################################################################################################################
[ReportManager] Configuring JDK @25-01-2022 01:59:49.0842 AM
[ReportManager] File Action [GetAbsolutePath] successfully performed. With the following test data [Relative File Path: "generateJdkMac.sh"]. @25-01-2022 01:59:49.0842 AM
[ReportManager] File Action [WriteToFile] successfully performed. With the following test data [Target File Path: "/Users/runner/work/SHAFT_ENGINE/SHAFT_ENGINE/generateJdkMac.sh"]. @25-01-2022 01:59:49.0965 AM
[ReportManager] Attempting to perform the following command locally. Command: [chmod u+x generateJdk.sh] @25-01-2022 01:59:49.0965 AM
[ReportManager] Terminal Action [PerformTerminalCommands] successfully performed. With the following test data [Host Name: "localHost" | Command: "chmod u+x generateJdk.sh" | Exit Status: "1"]. @25-01-2022 01:59:49.0974 AM
[ReportManager] Successfully created attachment [Terminal Action Actual Result - Command Log] @25-01-2022 01:59:50.0093 AM
[ReportManager] Assertion Passed: Then I Assert that [[#!/bin/bash, export JAVA_HOME=$(/usr/libexec/java_home), export PATH=$JAVA_HOME/bin:$PATH, source ~/.zshenv, echo $JAVA_HOME, echo $PATH, exec bash]] contains [JAVA_HOME=$(/usr/libexec/java_home)]. @25-01-2022 01:59:50.0094 AM
[ReportManager] Assertion [ValidateEquals] PASSED. Expected [JAVA_HOME=$(/usr/libexec/java_home)] and Actual [[#!/bin/bash, export JAVA_HOME=$(/usr/libexec/java_home), export PATH=$JAVA_HOME/bin:$PATH, source ~/.zshenv, echo $JAVA_HOME, echo $PATH, exec bash]]. Comparison Type [CONTAINS]. Validation Type [POSITIVE]. @25-01-2022 01:59:50.0094 A
[ReportManager] File Action [GetAbsolutePath] successfully performed. With the following test data [Relative Folder Path: "target/downloadedFiles/"]. @25-01-2022 01:59:50.0261 AM
[ReportManager] Attempting to run locally on: [Mac-64], [Safari], Headless Execution. @25-01-2022 01:59:50.0263 AM
[ReportManager] An Exception Occured with this Message: Could not start a new session. Possible causes are invalid address of the remote server or browser start-up failure.. @25-01-2022 01:59:50.0581 AM
[ReportManager] Successfully created attachment [Exception Stack Trace - org.openqa.selenium.SessionNotCreatedException] @25-01-2022 01:59:50.0622 AM
[ReportManager] Driver Factory Action [createNewLocalDriverInstanceForSafari] failed. With the following test data [Failed to create a session on DESKTOP_SAFARI]. @25-01-2022 01:59:50.0622 A

################################################################################################################################################
Starting Execution:	[88 out of 162] test cases in the current suite
Test Method:		[testPackage01.TestJSConfirmBox.dismissAlert]
###############################################################################################################################################

################################################################################################################################################
Starting Execution:	[89 out of 162] test cases in the current suite
Test Method:		[testPackage01.TestJSConfirmBox.assertOnCancelAlertResultText]
###############################################################################################################################################

################################################################################################################################################
Starting Execution:	[90 out of 162] test cases in the current suite
Test Method:		[testPackage01.TestJSConfirmBox.getAlertText]
###############################################################################################################################################

################################################################################################################################################
Starting Execution:	[91 out of 162] test cases in the current suite
Test Method:		[testPackage01.TestJSConfirmBox.acceptAlert]
###############################################################################################################################################

################################################################################################################################################
Starting Execution:	[92 out of 162] test cases in the current suite
Test Method:		[testPackage01.TestJSConfirmBox.assertOnConfirmAlertResultText]
###############################################################################################################################################


################################################################################################################################################
Starting Execution:	[93 out of 162] test cases in the current suite
Test Method:		[testPackage01.Test_NewValidationHelper.f1]
################################################################################################################################################
[ReportManager] Assertion Passed: Checking valid user data @25-01-2022 01:59:51.0461 AM
[ReportManager] Successfully created attachment [Validation Test Data - Expected Value] @25-01-2022 01:59:51.0544 AM
[ReportManager] Successfully created attachment [Validation Test Data - Actual Value] @25-01-2022 01:59:51.0585 AM
[ReportManager] Assertion [ValidateEquals] PASSED. Expected and Actual values are attached. Comparison Type [EQUALS]. Validation Type [POSITIVE]. @25-01-2022 01:59:51.0585 A
[ReportManager] File Action [GetAbsolutePath] successfully performed. With the following test data [Relative Folder Path: "target/downloadedFiles/"]. @25-01-2022 01:59:51.0751 AM
[ReportManager] Attempting to run locally on: [Mac-64], [Safari], Headless Execution. @25-01-2022 01:59:51.0752 AM
[ReportManager] Successfully Opened Safari. @25-01-2022 01:59:52.0638 AM
[ReportManager] Initial window size: (800, 600) @25-01-2022 01:59:52.0662 AM
[ReportManager] Window size after SWD Maximize: (1176, 803) @25-01-2022 01:59:52.0681 AM
[ReportManager] Browser Action [MaximizeWindow] successfully performed. With the following test data [New screen size is now: (1176, 803)]. @25-01-2022 01:59:52.0681 AM
[ReportManager] Target URL: [https://the-internet.herokuapp.com/] @25-01-2022 01:59:52.0681 AM
[ReportManager] Initial URL: [] @25-01-2022 01:59:52.0750 AM
[ReportManager] Browser Action [NavigateToURL] successfully performed. With the following test data [https://the-internet.herokuapp.com/]. @25-01-2022 01:59:54.0024 A

################################################################################################################################################
Starting Execution:	[94 out of 162] test cases in the current suite
Test Method:		[testPackage01.Test_NewValidationHelper.f10]
################################################################################################################################################
[ReportManager] Assertion [ValidateElementExists] FAILED. Expected [Element Should Exist, locator 'By.tagName: div'] and Actual [Element Exists but is not unique]. Comparison Type [EQUALS]. Validation Type [POSITIVE]. @25-01-2022 01:59:54.0712 AM
[ReportManager] Successfully created attachment [Screenshot - 1643075994384_f10_ValidateElementExists_failed] @25-01-2022 01:59:54.0914 A
[ReportManager] Successfully Closed All Drivers. @25-01-2022 01:59:55.0412 A
[ReportManager] File Action [GetAbsolutePath] successfully performed. With the following test data [Relative Folder Path: "target/downloadedFiles/"]. @25-01-2022 01:59:55.0538 AM
[ReportManager] Attempting to run locally on: [Mac-64], [Safari], Headless Execution. @25-01-2022 01:59:55.0538 AM
[ReportManager] Successfully Opened Safari. @25-01-2022 01:59:56.0591 AM
[ReportManager] Initial window size: (800, 600) @25-01-2022 01:59:56.0602 AM
[ReportManager] Window size after SWD Maximize: (1176, 803) @25-01-2022 01:59:56.0659 AM
[ReportManager] Browser Action [MaximizeWindow] successfully performed. With the following test data [New screen size is now: (1176, 803)]. @25-01-2022 01:59:56.0659 AM
[ReportManager] Target URL: [https://the-internet.herokuapp.com/] @25-01-2022 01:59:56.0659 AM
[ReportManager] Initial URL: [] @25-01-2022 01:59:56.0779 AM
[ReportManager] Browser Action [NavigateToURL] successfully performed. With the following test data [https://the-internet.herokuapp.com/]. @25-01-2022 01:59:58.0346 A

################################################################################################################################################
Starting Execution:	[95 out of 162] test cases in the current suite
Test Method:		[testPackage01.Test_NewValidationHelper.f11]
################################################################################################################################################
[ReportManager] org.openqa.selenium.TimeoutException:
Expected condition failed: waiting for com.shaft.gui.element.ElementActionsHelper$$Lambda$641/0x000000080112b7a8@4a18b0b3 (tried for 5 second(s) with 1000 milliseconds interval)
org.openqa.selenium.support.ui.FluentWait.timeoutException(FluentWait.java:263)
org.openqa.selenium.support.ui.FluentWait.until(FluentWait.java:231)
com.shaft.gui.element.ElementActionsHelper.waitForElementPresence(ElementActionsHelper.java:89)
com.shaft.gui.element.ElementActionsHelper.waitForElementPresence(ElementActionsHelper.java:37)
com.shaft.gui.element.WebDriverElementActions.getMatchingElementsCount(WebDriverElementActions.java:1481)
com.shaft.gui.element.WebDriverElementActions.getElementsCount(WebDriverElementActions.java:561)
com.shaft.gui.element.ElementActions.getElementsCount(ElementActions.java:269)
com.shaft.validation.ValidationsHelper.validateElementExists(ValidationsHelper.java:149)
com.shaft.validation.Assertions.assertElementExists(Assertions.java:118)
testPackage01.Test_NewValidationHelper.f11(Test_NewValidationHelper.java:137)
java.base/jdk.internal.reflect.NativeMethodAccessorImpl.invoke0(Native Method)
java.base/jdk.internal.reflect.NativeMethodAccessorImpl.invoke(NativeMethodAccessorImpl.java:77)
java.base/jdk.internal.reflect.DelegatingMethodAccessorImpl.invoke(DelegatingMethodAccessorImpl.java:43)
java.base/java.lang.reflect.Method.invoke(Method.java:568)
org.testng.internal.invokers.MethodInvocationHelper.invokeMethod(MethodInvocationHelper.java:135)
org.testng.internal.invokers.TestInvoker.invokeMethod(TestInvoker.java:673)
org.testng.internal.invokers.TestInvoker.invokeTestMethod(TestInvoker.java:220)
org.testng.internal.invokers.MethodRunner.runInSequence(MethodRunner.java:50)
org.testng.internal.invokers.TestInvoker$MethodInvocationAgent.invoke(TestInvoker.java:945)
org.testng.internal.invokers.TestInvoker.invokeTestMethods(TestInvoker.java:193)
org.testng.internal.invokers.TestMethodWorker.invokeTestMethods(TestMethodWorker.java:146)
org.testng.internal.invokers.TestMethodWorker.run(TestMethodWorker.java:128)
java.base/java.util.ArrayList.forEach(ArrayList.java:1511)
org.testng.TestRunner.privateRun(TestRunner.java:808)
org.testng.TestRunner.run(TestRunner.java:603)
org.testng.SuiteRunner.runTest(SuiteRunner.java:429)
org.testng.SuiteRunner.runSequentially(SuiteRunner.java:423)
org.testng.SuiteRunner.privateRun(SuiteRunner.java:383)
org.testng.SuiteRunner.run(SuiteRunner.java:326)
org.testng.SuiteRunnerWorker.runSuite(SuiteRunnerWorker.java:52)
org.testng.SuiteRunnerWorker.run(SuiteRunnerWorker.java:95)
org.testng.TestNG.runSuitesSequentially(TestNG.java:1249)
org.testng.TestNG.runSuitesLocally(TestNG.java:1169)
org.testng.TestNG.runSuites(TestNG.java:1092)
org.testng.TestNG.run(TestNG.java:1060)
org.apache.maven.surefire.testng.TestNGExecutor.run(TestNGExecutor.java:136)
org.apache.maven.surefire.testng.TestNGDirectoryTestSuite.executeMulti(TestNGDirectoryTestSuite.java:193)
org.apache.maven.surefire.testng.TestNGDirectoryTestSuite.execute(TestNGDirectoryTestSuite.java:94)
org.apache.maven.surefire.testng.TestNGProvider.invoke(TestNGProvider.java:145)
org.apache.maven.surefire.booter.ForkedBooter.runSuitesInProcess(ForkedBooter.java:428)
org.apache.maven.surefire.booter.ForkedBooter.execute(ForkedBooter.java:162)
org.apache.maven.surefire.booter.ForkedBooter.run(ForkedBooter.java:562)
org.apache.maven.surefire.booter.ForkedBooter.main(ForkedBooter.java:548)

Caused by: org.openqa.selenium.NoSuchElementException:
For documentation on this error, please visit: https://selenium.dev/exceptions/#no_such_element
Build info: version: '4.1.1', revision: 'e8fcc2cecf'
System info: host: 'Mac-1643075677101.local', ip: '10.212.3.235', os.name: 'Mac OS X', os.arch: 'x86_64', os.version: '11.6.2', java.version: '17.0.2'
Driver info: org.openqa.selenium.safari.SafariDriver
Command: [58FA917E-0E5D-4801-B2C6-4D7C3671416B, findElement {using=tag name, value=h3}]
Capabilities {acceptInsecureCerts: false, browserName: Safari, browserVersion: 15.2, goog:loggingPrefs: {browser: ALL, client: ALL, driver: ALL, performance: ALL, profiler: ALL, server: ALL}, javascriptEnabled: true, pageLoadStrategy: normal, platform: MAC, platformName: MAC, safari:automaticInspection: false, safari:automaticProfiling: false, safari:diagnose: false, safari:platformBuildVersion: 20G314, safari:platformVersion: 11.6.2, safari:useSimulator: false, setWindowRect: true, strictFileInteractability: false, timeouts: {pageLoad: 30000, script: 30000}, webkit:WebRTC: {DisableICECandidateFiltering: false, DisableInsecureMediaCapture: false}}
Session ID: 58FA917E-0E5D-4801-B2C6-4D7C3671416B
java.base/jdk.internal.reflect.NativeConstructorAccessorImpl.newInstance0(Native Method)
java.base/jdk.internal.reflect.NativeConstructorAccessorImpl.newInstance(NativeConstructorAccessorImpl.java:77)
java.base/jdk.internal.reflect.DelegatingConstructorAccessorImpl.newInstance(DelegatingConstructorAccessorImpl.java:45)
java.base/java.lang.reflect.Constructor.newInstanceWithCaller(Constructor.java:499)
java.base/java.lang.reflect.Constructor.newInstance(Constructor.java:480)
org.openqa.selenium.remote.codec.w3c.W3CHttpResponseCodec.createException(W3CHttpResponseCodec.java:200)
org.openqa.selenium.remote.codec.w3c.W3CHttpResponseCodec.decode(W3CHttpResponseCodec.java:133)
org.openqa.selenium.remote.codec.w3c.W3CHttpResponseCodec.decode(W3CHttpResponseCodec.java:53)
org.openqa.selenium.remote.HttpCommandExecutor.execute(HttpCommandExecutor.java:184)
org.openqa.selenium.remote.service.DriverCommandExecutor.invokeExecute(DriverCommandExecutor.java:167)
org.openqa.selenium.remote.service.DriverCommandExecutor.execute(DriverCommandExecutor.java:142)
org.openqa.selenium.remote.RemoteWebDriver.execute(RemoteWebDriver.java:543)
org.openqa.selenium.remote.ElementLocation$ElementFinder$2.findElement(ElementLocation.java:162)
org.openqa.selenium.remote.ElementLocation.findElement(ElementLocation.java:60)
org.openqa.selenium.remote.RemoteWebDriver.findElement(RemoteWebDriver.java:367)
org.openqa.selenium.remote.RemoteWebDriver.findElement(RemoteWebDriver.java:359)
com.shaft.gui.element.ElementActionsHelper.lambda$waitForElementPresence$0(ElementActionsHelper.java:92)
org.openqa.selenium.support.ui.FluentWait.until(FluentWait.java:208)
com.shaft.gui.element.ElementActionsHelper.waitForElementPresence(ElementActionsHelper.java:89)
com.shaft.gui.element.ElementActionsHelper.waitForElementPresence(ElementActionsHelper.java:37)
com.shaft.gui.element.WebDriverElementActions.getMatchingElementsCount(WebDriverElementActions.java:1481)
com.shaft.gui.element.WebDriverElementActions.getElementsCount(WebDriverElementActions.java:561)
com.shaft.gui.element.ElementActions.getElementsCount(ElementActions.java:269)
com.shaft.validation.ValidationsHelper.validateElementExists(ValidationsHelper.java:149)
com.shaft.validation.Assertions.assertElementExists(Assertions.java:118)
testPackage01.Test_NewValidationHelper.f11(Test_NewValidationHelper.java:137)
java.base/jdk.internal.reflect.NativeMethodAccessorImpl.invoke0(Native Method)
java.base/jdk.internal.reflect.NativeMethodAccessorImpl.invoke(NativeMethodAccessorImpl.java:77)
java.base/jdk.internal.reflect.DelegatingMethodAccessorImpl.invoke(DelegatingMethodAccessorImpl.java:43)
java.base/java.lang.reflect.Method.invoke(Method.java:568)
org.testng.internal.invokers.MethodInvocationHelper.invokeMethod(MethodInvocationHelper.java:135)
org.testng.internal.invokers.TestInvoker.invokeMethod(TestInvoker.java:673)
org.testng.internal.invokers.TestInvoker.invokeTestMethod(TestInvoker.java:220)
org.testng.internal.invokers.MethodRunner.runInSequence(MethodRunner.java:50)
org.testng.internal.invokers.TestInvoker$MethodInvocationAgent.invoke(TestInvoker.java:945)
org.testng.internal.invokers.TestInvoker.invokeTestMethods(TestInvoker.java:193)
org.testng.internal.invokers.TestMethodWorker.invokeTestMethods(TestMethodWorker.java:146)
org.testng.internal.invokers.TestMethodWorker.run(TestMethodWorker.java:128)
java.base/java.util.ArrayList.forEach(ArrayList.java:1511)
org.testng.TestRunner.privateRun(TestRunner.java:808)
org.testng.TestRunner.run(TestRunner.java:603)
org.testng.SuiteRunner.runTest(SuiteRunner.java:429)
org.testng.SuiteRunner.runSequentially(SuiteRunner.java:423)
org.testng.SuiteRunner.privateRun(SuiteRunner.java:383)
org.testng.SuiteRunner.run(SuiteRunner.java:326)
org.testng.SuiteRunnerWorker.runSuite(SuiteRunnerWorker.java:52)
org.testng.SuiteRunnerWorker.run(SuiteRunnerWorker.java:95)
org.testng.TestNG.runSuitesSequentially(TestNG.java:1249)
org.testng.TestNG.runSuitesLocally(TestNG.java:1169)
org.testng.TestNG.runSuites(TestNG.java:1092)
org.testng.TestNG.run(TestNG.java:1060)
org.apache.maven.surefire.testng.TestNGExecutor.run(TestNGExecutor.java:136)
org.apache.maven.surefire.testng.TestNGDirectoryTestSuite.executeMulti(TestNGDirectoryTestSuite.java:193)
org.apache.maven.surefire.testng.TestNGDirectoryTestSuite.execute(TestNGDirectoryTestSuite.java:94)
org.apache.maven.surefire.testng.TestNGProvider.invoke(TestNGProvider.java:145)
org.apache.maven.surefire.booter.ForkedBooter.runSuitesInProcess(ForkedBooter.java:428)
org.apache.maven.surefire.booter.ForkedBooter.execute(ForkedBooter.java:162)
org.apache.maven.surefire.booter.ForkedBooter.run(ForkedBooter.java:562)
org.apache.maven.surefire.booter.ForkedBooter.main(ForkedBooter.java:548) @25-01-2022 02:00:03.0787 AM
[ReportManager] org.openqa.selenium.TimeoutException:
Expected condition failed: waiting for com.shaft.gui.element.ElementActionsHelper$$Lambda$641/0x000000080112b7a8@6cef0bda (tried for 5 second(s) with 1000 milliseconds interval)
org.openqa.selenium.support.ui.FluentWait.timeoutException(FluentWait.java:263)
org.openqa.selenium.support.ui.FluentWait.until(FluentWait.java:231)
com.shaft.gui.element.ElementActionsHelper.waitForElementPresence(ElementActionsHelper.java:89)
com.shaft.gui.element.ElementActionsHelper.waitForElementPresence(ElementActionsHelper.java:37)
com.shaft.gui.element.WebDriverElementActions.getMatchingElementsCount(WebDriverElementActions.java:1481)
com.shaft.gui.element.WebDriverElementActions.getElementsCount(WebDriverElementActions.java:561)
com.shaft.gui.element.ElementActions.getElementsCount(ElementActions.java:269)
com.shaft.gui.image.ScreenshotManager.internalCaptureScreenShot(ScreenshotManager.java:385)
com.shaft.gui.image.ScreenshotManager.captureScreenShot(ScreenshotManager.java:141)
com.shaft.validation.ValidationsHelper.reportValidationState(ValidationsHelper.java:823)
com.shaft.validation.ValidationsHelper.pass(ValidationsHelper.java:564)
com.shaft.validation.ValidationsHelper.validateElementExists(ValidationsHelper.java:166)
com.shaft.validation.Assertions.assertElementExists(Assertions.java:118)
testPackage01.Test_NewValidationHelper.f11(Test_NewValidationHelper.java:137)
java.base/jdk.internal.reflect.NativeMethodAccessorImpl.invoke0(Native Method)
java.base/jdk.internal.reflect.NativeMethodAccessorImpl.invoke(NativeMethodAccessorImpl.java:77)
java.base/jdk.internal.reflect.DelegatingMethodAccessorImpl.invoke(DelegatingMethodAccessorImpl.java:43)
java.base/java.lang.reflect.Method.invoke(Method.java:568)
org.testng.internal.invokers.MethodInvocationHelper.invokeMethod(MethodInvocationHelper.java:135)
org.testng.internal.invokers.TestInvoker.invokeMethod(TestInvoker.java:673)
org.testng.internal.invokers.TestInvoker.invokeTestMethod(TestInvoker.java:220)
org.testng.internal.invokers.MethodRunner.runInSequence(MethodRunner.java:50)
org.testng.internal.invokers.TestInvoker$MethodInvocationAgent.invoke(TestInvoker.java:945)
org.testng.internal.invokers.TestInvoker.invokeTestMethods(TestInvoker.java:193)
org.testng.internal.invokers.TestMethodWorker.invokeTestMethods(TestMethodWorker.java:146)
org.testng.internal.invokers.TestMethodWorker.run(TestMethodWorker.java:128)
java.base/java.util.ArrayList.forEach(ArrayList.java:1511)
org.testng.TestRunner.privateRun(TestRunner.java:808)
org.testng.TestRunner.run(TestRunner.java:603)
org.testng.SuiteRunner.runTest(SuiteRunner.java:429)
org.testng.SuiteRunner.runSequentially(SuiteRunner.java:423)
org.testng.SuiteRunner.privateRun(SuiteRunner.java:383)
org.testng.SuiteRunner.run(SuiteRunner.java:326)
org.testng.SuiteRunnerWorker.runSuite(SuiteRunnerWorker.java:52)
org.testng.SuiteRunnerWorker.run(SuiteRunnerWorker.java:95)
org.testng.TestNG.runSuitesSequentially(TestNG.java:1249)
org.testng.TestNG.runSuitesLocally(TestNG.java:1169)
org.testng.TestNG.runSuites(TestNG.java:1092)
org.testng.TestNG.run(TestNG.java:1060)
org.apache.maven.surefire.testng.TestNGExecutor.run(TestNGExecutor.java:136)
org.apache.maven.surefire.testng.TestNGDirectoryTestSuite.executeMulti(TestNGDirectoryTestSuite.java:193)
org.apache.maven.surefire.testng.TestNGDirectoryTestSuite.execute(TestNGDirectoryTestSuite.java:94)
org.apache.maven.surefire.testng.TestNGProvider.invoke(TestNGProvider.java:145)
org.apache.maven.surefire.booter.ForkedBooter.runSuitesInProcess(ForkedBooter.java:428)
org.apache.maven.surefire.booter.ForkedBooter.execute(ForkedBooter.java:162)
org.apache.maven.surefire.booter.ForkedBooter.run(ForkedBooter.java:562)
org.apache.maven.surefire.booter.ForkedBooter.main(ForkedBooter.java:548)

Caused by: org.openqa.selenium.NoSuchElementException:
For documentation on this error, please visit: https://selenium.dev/exceptions/#no_such_element
Build info: version: '4.1.1', revision: 'e8fcc2cecf'
System info: host: 'Mac-1643075677101.local', ip: '10.212.3.235', os.name: 'Mac OS X', os.arch: 'x86_64', os.version: '11.6.2', java.version: '17.0.2'
Driver info: org.openqa.selenium.safari.SafariDriver
Command: [58FA917E-0E5D-4801-B2C6-4D7C3671416B, findElement {using=tag name, value=h3}]
Capabilities {acceptInsecureCerts: false, browserName: Safari, browserVersion: 15.2, goog:loggingPrefs: {browser: ALL, client: ALL, driver: ALL, performance: ALL, profiler: ALL, server: ALL}, javascriptEnabled: true, pageLoadStrategy: normal, platform: MAC, platformName: MAC, safari:automaticInspection: false, safari:automaticProfiling: false, safari:diagnose: false, safari:platformBuildVersion: 20G314, safari:platformVersion: 11.6.2, safari:useSimulator: false, setWindowRect: true, strictFileInteractability: false, timeouts: {pageLoad: 30000, script: 30000}, webkit:WebRTC: {DisableICECandidateFiltering: false, DisableInsecureMediaCapture: false}}
Session ID: 58FA917E-0E5D-4801-B2C6-4D7C3671416B
java.base/jdk.internal.reflect.NativeConstructorAccessorImpl.newInstance0(Native Method)
java.base/jdk.internal.reflect.NativeConstructorAccessorImpl.newInstance(NativeConstructorAccessorImpl.java:77)
java.base/jdk.internal.reflect.DelegatingConstructorAccessorImpl.newInstance(DelegatingConstructorAccessorImpl.java:45)
java.base/java.lang.reflect.Constructor.newInstanceWithCaller(Constructor.java:499)
java.base/java.lang.reflect.Constructor.newInstance(Constructor.java:480)
org.openqa.selenium.remote.codec.w3c.W3CHttpResponseCodec.createException(W3CHttpResponseCodec.java:200)
org.openqa.selenium.remote.codec.w3c.W3CHttpResponseCodec.decode(W3CHttpResponseCodec.java:133)
org.openqa.selenium.remote.codec.w3c.W3CHttpResponseCodec.decode(W3CHttpResponseCodec.java:53)
org.openqa.selenium.remote.HttpCommandExecutor.execute(HttpCommandExecutor.java:184)
org.openqa.selenium.remote.service.DriverCommandExecutor.invokeExecute(DriverCommandExecutor.java:167)
org.openqa.selenium.remote.service.DriverCommandExecutor.execute(DriverCommandExecutor.java:142)
org.openqa.selenium.remote.RemoteWebDriver.execute(RemoteWebDriver.java:543)
org.openqa.selenium.remote.ElementLocation$ElementFinder$2.findElement(ElementLocation.java:162)
org.openqa.selenium.remote.ElementLocation.findElement(ElementLocation.java:60)
org.openqa.selenium.remote.RemoteWebDriver.findElement(RemoteWebDriver.java:367)
org.openqa.selenium.remote.RemoteWebDriver.findElement(RemoteWebDriver.java:359)
com.shaft.gui.element.ElementActionsHelper.lambda$waitForElementPresence$0(ElementActionsHelper.java:92)
org.openqa.selenium.support.ui.FluentWait.until(FluentWait.java:208)
com.shaft.gui.element.ElementActionsHelper.waitForElementPresence(ElementActionsHelper.java:89)
com.shaft.gui.element.ElementActionsHelper.waitForElementPresence(ElementActionsHelper.java:37)
com.shaft.gui.element.WebDriverElementActions.getMatchingElementsCount(WebDriverElementActions.java:1481)
com.shaft.gui.element.WebDriverElementActions.getElementsCount(WebDriverElementActions.java:561)
com.shaft.gui.element.ElementActions.getElementsCount(ElementActions.java:269)
com.shaft.gui.image.ScreenshotManager.internalCaptureScreenShot(ScreenshotManager.java:385)
com.shaft.gui.image.ScreenshotManager.captureScreenShot(ScreenshotManager.java:141)
com.shaft.validation.ValidationsHelper.reportValidationState(ValidationsHelper.java:823)
com.shaft.validation.ValidationsHelper.pass(ValidationsHelper.java:564)
com.shaft.validation.ValidationsHelper.validateElementExists(ValidationsHelper.java:166)
com.shaft.validation.Assertions.assertElementExists(Assertions.java:118)
testPackage01.Test_NewValidationHelper.f11(Test_NewValidationHelper.java:137)
java.base/jdk.internal.reflect.NativeMethodAccessorImpl.invoke0(Native Method)
java.base/jdk.internal.reflect.NativeMethodAccessorImpl.invoke(NativeMethodAccessorImpl.java:77)
java.base/jdk.internal.reflect.DelegatingMethodAccessorImpl.invoke(DelegatingMethodAccessorImpl.java:43)
java.base/java.lang.reflect.Method.invoke(Method.java:568)
org.testng.internal.invokers.MethodInvocationHelper.invokeMethod(MethodInvocationHelper.java:135)
org.testng.internal.invokers.TestInvoker.invokeMethod(TestInvoker.java:673)
org.testng.internal.invokers.TestInvoker.invokeTestMethod(TestInvoker.java:220)
org.testng.internal.invokers.MethodRunner.runInSequence(MethodRunner.java:50)
org.testng.internal.invokers.TestInvoker$MethodInvocationAgent.invoke(TestInvoker.java:945)
org.testng.internal.invokers.TestInvoker.invokeTestMethods(TestInvoker.java:193)
org.testng.internal.invokers.TestMethodWorker.invokeTestMethods(TestMethodWorker.java:146)
org.testng.internal.invokers.TestMethodWorker.run(TestMethodWorker.java:128)
java.base/java.util.ArrayList.forEach(ArrayList.java:1511)
org.testng.TestRunner.privateRun(TestRunner.java:808)
org.testng.TestRunner.run(TestRunner.java:603)
org.testng.SuiteRunner.runTest(SuiteRunner.java:429)
org.testng.SuiteRunner.runSequentially(SuiteRunner.java:423)
org.testng.SuiteRunner.privateRun(SuiteRunner.java:383)
org.testng.SuiteRunner.run(SuiteRunner.java:326)
org.testng.SuiteRunnerWorker.runSuite(SuiteRunnerWorker.java:52)
org.testng.SuiteRunnerWorker.run(SuiteRunnerWorker.java:95)
org.testng.TestNG.runSuitesSequentially(TestNG.java:1249)
org.testng.TestNG.runSuitesLocally(TestNG.java:1169)
org.testng.TestNG.runSuites(TestNG.java:1092)
org.testng.TestNG.run(TestNG.java:1060)
org.apache.maven.surefire.testng.TestNGExecutor.run(TestNGExecutor.java:136)
org.apache.maven.surefire.testng.TestNGDirectoryTestSuite.executeMulti(TestNGDirectoryTestSuite.java:193)
org.apache.maven.surefire.testng.TestNGDirectoryTestSuite.execute(TestNGDirectoryTestSuite.java:94)
org.apache.maven.surefire.testng.TestNGProvider.invoke(TestNGProvider.java:145)
org.apache.maven.surefire.booter.ForkedBooter.runSuitesInProcess(ForkedBooter.java:428)
org.apache.maven.surefire.booter.ForkedBooter.execute(ForkedBooter.java:162)
org.apache.maven.surefire.booter.ForkedBooter.run(ForkedBooter.java:562)
org.apache.maven.surefire.booter.ForkedBooter.main(ForkedBooter.java:548) @25-01-2022 02:00:09.0040 AM
[ReportManager] Assertion Passed: Checking that false tag doesn't exist @25-01-2022 02:00:09.0253 AM
[ReportManager] Successfully created attachment [Screenshot - 1643076009067_f11_ValidateElementExists_passed] @25-01-2022 02:00:09.0337 AM
[ReportManager] Assertion [ValidateElementExists] PASSED. Expected [Element Should not Exist, locator 'By.tagName: h3'] and Actual [Element Doesn't Exists]. Comparison Type [EQUALS]. Validation Type [NEGATIVE]. @25-01-2022 02:00:09.0337 A
[ReportManager] Successfully Closed All Drivers. @25-01-2022 02:00:09.0673 A
[ReportManager] File Action [GetAbsolutePath] successfully performed. With the following test data [Relative Folder Path: "target/downloadedFiles/"]. @25-01-2022 02:00:09.0798 AM
[ReportManager] Attempting to run locally on: [Mac-64], [Safari], Headless Execution. @25-01-2022 02:00:09.0798 AM
[ReportManager] An Exception Occured with this Message: Could not start a new session. Possible causes are invalid address of the remote server or browser start-up failure.. @25-01-2022 02:00:09.0919 AM
[ReportManager] Successfully created attachment [Exception Stack Trace - org.openqa.selenium.SessionNotCreatedException] @25-01-2022 02:00:10.0003 AM
[ReportManager] Driver Factory Action [createNewLocalDriverInstanceForSafari] failed. With the following test data [Failed to create a session on DESKTOP_SAFARI]. @25-01-2022 02:00:10.0004 A

################################################################################################################################################
Starting Execution:	[96 out of 162] test cases in the current suite
Test Method:		[testPackage01.Test_NewValidationHelper.f12]
###############################################################################################################################################



################################################################################################################################################
Starting Execution:	[97 out of 162] test cases in the current suite
Test Method:		[testPackage01.Test_NewValidationHelper.f13]
###############################################################################################################################################



################################################################################################################################################
Starting Execution:	[98 out of 162] test cases in the current suite
Test Method:		[testPackage01.Test_NewValidationHelper.f14]
###############################################################################################################################################



################################################################################################################################################
Starting Execution:	[99 out of 162] test cases in the current suite
Test Method:		[testPackage01.Test_NewValidationHelper.f15]
###############################################################################################################################################



################################################################################################################################################
Starting Execution:	[100 out of 162] test cases in the current suite
Test Method:		[testPackage01.Test_NewValidationHelper.f16]
###############################################################################################################################################



################################################################################################################################################
Starting Execution:	[101 out of 162] test cases in the current suite
Test Method:		[testPackage01.Test_NewValidationHelper.f17]
###############################################################################################################################################



################################################################################################################################################
Starting Execution:	[102 out of 162] test cases in the current suite
Test Method:		[testPackage01.Test_NewValidationHelper.f18]
###############################################################################################################################################


################################################################################################################################################
Starting Execution:	[103 out of 162] test cases in the current suite
Test Method:		[testPackage01.Test_NewValidationHelper.f2]
###############################################################################################################################################


################################################################################################################################################
Starting Execution:	[104 out of 162] test cases in the current suite
Test Method:		[testPackage01.Test_NewValidationHelper.f20]
###############################################################################################################################################



################################################################################################################################################
Starting Execution:	[105 out of 162] test cases in the current suite
Test Method:		[testPackage01.Test_NewValidationHelper.f21]
###############################################################################################################################################



################################################################################################################################################
Starting Execution:	[106 out of 162] test cases in the current suite
Test Method:		[testPackage01.Test_NewValidationHelper.f22]
###############################################################################################################################################


################################################################################################################################################
Starting Execution:	[107 out of 162] test cases in the current suite
Test Method:		[testPackage01.Test_NewValidationHelper.f23]
###############################################################################################################################################

################################################################################################################################################
Starting Execution:	[108 out of 162] test cases in the current suite
Test Method:		[testPackage01.Test_NewValidationHelper.f24]
###############################################################################################################################################

################################################################################################################################################
Starting Execution:	[109 out of 162] test cases in the current suite
Test Method:		[testPackage01.Test_NewValidationHelper.f25]
###############################################################################################################################################

################################################################################################################################################
Starting Execution:	[110 out of 162] test cases in the current suite
Test Method:		[testPackage01.Test_NewValidationHelper.f26]
###############################################################################################################################################

################################################################################################################################################
Starting Execution:	[111 out of 162] test cases in the current suite
Test Method:		[testPackage01.Test_NewValidationHelper.f27]
###############################################################################################################################################

################################################################################################################################################
Starting Execution:	[112 out of 162] test cases in the current suite
Test Method:		[testPackage01.Test_NewValidationHelper.f28]
###############################################################################################################################################

################################################################################################################################################
Starting Execution:	[113 out of 162] test cases in the current suite
Test Method:		[testPackage01.Test_NewValidationHelper.f29]
###############################################################################################################################################

################################################################################################################################################
Starting Execution:	[114 out of 162] test cases in the current suite
Test Method:		[testPackage01.Test_NewValidationHelper.f3]
###############################################################################################################################################

################################################################################################################################################
Starting Execution:	[115 out of 162] test cases in the current suite
Test Method:		[testPackage01.Test_NewValidationHelper.f30]
###############################################################################################################################################

################################################################################################################################################
Starting Execution:	[116 out of 162] test cases in the current suite
Test Method:		[testPackage01.Test_NewValidationHelper.f31]
###############################################################################################################################################

################################################################################################################################################
Starting Execution:	[117 out of 162] test cases in the current suite
Test Method:		[testPackage01.Test_NewValidationHelper.f32]
###############################################################################################################################################

################################################################################################################################################
Starting Execution:	[118 out of 162] test cases in the current suite
Test Method:		[testPackage01.Test_NewValidationHelper.f33]
###############################################################################################################################################

################################################################################################################################################
Starting Execution:	[119 out of 162] test cases in the current suite
Test Method:		[testPackage01.Test_NewValidationHelper.f34]
###############################################################################################################################################

################################################################################################################################################
Starting Execution:	[120 out of 162] test cases in the current suite
Test Method:		[testPackage01.Test_NewValidationHelper.f35]
###############################################################################################################################################

################################################################################################################################################
Starting Execution:	[121 out of 162] test cases in the current suite
Test Method:		[testPackage01.Test_NewValidationHelper.f36]
###############################################################################################################################################

################################################################################################################################################
Starting Execution:	[122 out of 162] test cases in the current suite
Test Method:		[testPackage01.Test_NewValidationHelper.f37]
###############################################################################################################################################

################################################################################################################################################
Starting Execution:	[123 out of 162] test cases in the current suite
Test Method:		[testPackage01.Test_NewValidationHelper.f3_1]
###############################################################################################################################################

################################################################################################################################################
Starting Execution:	[124 out of 162] test cases in the current suite
Test Method:		[testPackage01.Test_NewValidationHelper.f4]
###############################################################################################################################################

################################################################################################################################################
Starting Execution:	[125 out of 162] test cases in the current suite
Test Method:		[testPackage01.Test_NewValidationHelper.f5]
###############################################################################################################################################

################################################################################################################################################
Starting Execution:	[126 out of 162] test cases in the current suite
Test Method:		[testPackage01.Test_NewValidationHelper.f6]
###############################################################################################################################################

################################################################################################################################################
Starting Execution:	[127 out of 162] test cases in the current suite
Test Method:		[testPackage01.Test_NewValidationHelper.f6_1]
###############################################################################################################################################

################################################################################################################################################
Starting Execution:	[128 out of 162] test cases in the current suite
Test Method:		[testPackage01.Test_NewValidationHelper.f6_2]
###############################################################################################################################################

################################################################################################################################################
Starting Execution:	[129 out of 162] test cases in the current suite
Test Method:		[testPackage01.Test_NewValidationHelper.f7]
###############################################################################################################################################


################################################################################################################################################
Starting Execution:	[130 out of 162] test cases in the current suite
Test Method:		[testPackage01.Test_NewValidationHelper.f8]
###############################################################################################################################################



################################################################################################################################################
Starting Execution:	[131 out of 162] test cases in the current suite
Test Method:		[testPackage01.Test_NewValidationHelper.f9]
###############################################################################################################################################


################################################################################################################################################
Starting Execution:	[132 out of 162] test cases in the current suite
Test Method:		[testPackage01.Test_NewValidationHelper.forceFail]
###############################################################################################################################################

################################################################################################################################################
Starting Execution:	[133 out of 162] test cases in the current suite
Test Method:		[testPackage01.Test_NewValidationHelper.forceFail2]
###############################################################################################################################################

################################################################################################################################################
Starting Execution:	[134 out of 162] test cases in the current suite
Test Method:		[testPackage01.Test_JsonActions.f]
###############################################################################################################################################

################################################################################################################################################
Starting Execution:	[135 out of 162] test cases in the current suite
Test Method:		[testPackage01.Test_JsonActions.f2]
###############################################################################################################################################

################################################################################################################################################
Starting Execution:	[136 out of 162] test cases in the current suite
Test Method:		[testPackage01.Test_sendGraphqlRequest.sendGraphqlRequestUsingMutationAndVariables]
################################################################################################################################################
[ReportManager] GraphQl Request is being Performed with the Following Parameters [Service URL: https://api.spacex.land/graphql | Request Body: {"variables":"{\"name\": \"sherlock holmes\",\"rocket\": \"221B Baker Street\"}","query":"mutation ($name: String, $rocket: String) {\n  insert_users(objects: {name: $name, rocket: $rocket}) {\n    returning {\n      name\n      rocket\n    }\n  }\n}"}] @25-01-2022 02:00:17.0132 AM
[ReportManager] Response status code: [200], status line: [HTTP/1.1 200 OK] @25-01-2022 02:00:17.0766 AM
[ReportManager] Assertion Passed: Evaluating the actual response status code against the expected one... @25-01-2022 02:00:17.0766 AM
[ReportManager] Assertion [ValidateComparativeRelation] PASSED. Expected [200] and Actual [200]. Comparison Type [EQUALS]. Validation Type [POSITIVE]. @25-01-2022 02:00:17.0766 AM
[ReportManager] API Action [PerformRequest] successfully performed. With the following test data [Request Type: "POST" | Target Status Code: "200" | Service URL: "https://api.spacex.land/graphql" | Content Type: "application/json" | Response Time: "521ms"]. @25-01-2022 02:00:17.0808 AM
[ReportManager] Successfully created attachment [API Request - Specifications] @25-01-2022 02:00:17.0849 AM
[ReportManager] Successfully created attachment [API Request - JSON Body] @25-01-2022 02:00:17.0932 AM
[ReportManager] Successfully created attachment [API Response - JSON Body] @25-01-2022 02:00:17.0975 AM
[ReportManager] API Action [GetResponseJSONValue] successfully performed. With the following test data [data.insert_users.returning[0].name]. @25-01-2022 02:00:18.0051 AM
[ReportManager] Assertion [ValidateEquals] PASSED. Expected [sherlock holmes] and Actual [sherlock holmes]. Comparison Type [EQUALS]. Validation Type [POSITIVE]. @25-01-2022 02:00:18.0051 A

################################################################################################################################################
Starting Execution:	[137 out of 162] test cases in the current suite
Test Method:		[testPackage01.Test_sendGraphqlRequest.sendGraphqlRequestUsingQuery]
################################################################################################################################################
[ReportManager] GraphQl Request is being Performed with the Following Parameters [Service URL: https://api.spacex.land/graphql | Request Body: {"query":"{company {ceo}}"}] @25-01-2022 02:00:18.0177 AM
[ReportManager] Response status code: [200], status line: [HTTP/1.1 200 OK] @25-01-2022 02:00:18.0485 AM
[ReportManager] Assertion Passed: Evaluating the actual response status code against the expected one... @25-01-2022 02:00:18.0486 AM
[ReportManager] Assertion [ValidateComparativeRelation] PASSED. Expected [200] and Actual [200]. Comparison Type [EQUALS]. Validation Type [POSITIVE]. @25-01-2022 02:00:18.0486 AM
[ReportManager] API Action [PerformRequest] successfully performed. With the following test data [Request Type: "POST" | Target Status Code: "200" | Service URL: "https://api.spacex.land/graphql" | Content Type: "application/json" | Response Time: "304ms"]. @25-01-2022 02:00:18.0501 AM
[ReportManager] Successfully created attachment [API Request - Specifications] @25-01-2022 02:00:18.0542 AM
[ReportManager] Successfully created attachment [API Request - JSON Body] @25-01-2022 02:00:18.0625 AM
[ReportManager] Successfully created attachment [API Response - JSON Body] @25-01-2022 02:00:18.0667 AM
[ReportManager] API Action [GetResponseJSONValue] successfully performed. With the following test data [data.company.ceo]. @25-01-2022 02:00:18.0680 AM
[ReportManager] Assertion [ValidateEquals] PASSED. Expected [Elon Musk] and Actual [Elon Musk]. Comparison Type [EQUALS]. Validation Type [POSITIVE]. @25-01-2022 02:00:18.0680 A

################################################################################################################################################
Starting Execution:	[138 out of 162] test cases in the current suite
Test Method:		[testPackage01.Test_MatchJsonSchema.checkAPI_ResponseSchema]
################################################################################################################################################
[ReportManager] Response status code: [200], status line: [HTTP/1.1 200 OK] @25-01-2022 02:00:18.0953 AM
[ReportManager] Assertion Passed: Evaluating the actual response status code against the expected one... @25-01-2022 02:00:18.0953 AM
[ReportManager] Assertion [ValidateComparativeRelation] PASSED. Expected [200] and Actual [200]. Comparison Type [EQUALS]. Validation Type [POSITIVE]. @25-01-2022 02:00:18.0953 AM
[ReportManager] API Action [PerformRequest] successfully performed. With the following test data [Request Type: "GET" | Target Status Code: "200" | Service URL: "http://api.zippopotam.us/us/90210" | Content Type: "*/*" | Response Time: "136ms"]. @25-01-2022 02:00:18.0974 AM
[ReportManager] Successfully created attachment [API Request - Specifications] @25-01-2022 02:00:19.0015 AM
[ReportManager] Successfully created attachment [API Response - JSON Body] @25-01-2022 02:00:19.0098 AM
[ReportManager] File Action [GetAbsolutePath] successfully performed. With the following test data [Relative Folder Path: "src/test/resources/testDataFiles/schema.json"]. @25-01-2022 02:00:19.0100 AM
[ReportManager] File Action [GetAbsolutePath] successfully performed. With the following test data [Relative Folder Path: "/Users/runner/work/SHAFT_ENGINE/SHAFT_ENGINE/src/test/resources/testDataFiles/schema.json"]. @25-01-2022 02:00:20.0295 AM
[ReportManager] File Action [ReadFromFile] successfully performed. With the following test data [File Path: "/Users/runner/work/SHAFT_ENGINE/SHAFT_ENGINE/src/test/resources/testDataFiles/schema.json"]. @25-01-2022 02:00:20.0295 AM
[ReportManager] Assertion Passed: Then I Assert that the API response schema matches that in this file [src/test/resources/testDataFiles/schema.json]. @25-01-2022 02:00:20.0298 AM
[ReportManager] Successfully created attachment [Validation Test Data - Expected JSON Value] @25-01-2022 02:00:20.0340 AM
[ReportManager] Successfully created attachment [Validation Test Data - Actual JSON Value] @25-01-2022 02:00:20.0423 AM
[ReportManager] Assertion [ValidateResponseFileSchema] PASSED. Expected [Response data should match the JSON File in this path '/Users/runner/work/SHAFT_ENGINE/SHAFT_ENGINE/src/test/resources/testDataFiles/schema.json'] and Actual [TRUE]. Comparison Type [EQUALS]. Validation Type [POSITIVE]. @25-01-2022 02:00:20.0423 A
[ReportManager] File Action [GetAbsolutePath] successfully performed. With the following test data [Relative Folder Path: "target/downloadedFiles/"]. @25-01-2022 02:00:20.0548 AM
[ReportManager] Attempting to run locally on: [Mac-64], [Safari], Headless Execution. @25-01-2022 02:00:20.0548 AM
[ReportManager] Successfully Opened Safari. @25-01-2022 02:00:21.0690 AM
[ReportManager] Initial window size: (800, 600) @25-01-2022 02:00:21.0700 AM
[ReportManager] Window size after SWD Maximize: (1176, 803) @25-01-2022 02:00:21.0716 AM
[ReportManager] Browser Action [MaximizeWindow] successfully performed. With the following test data [New screen size is now: (1176, 803)]. @25-01-2022 02:00:21.0719 A

################################################################################################################################################
Starting Execution:	[139 out of 162] test cases in the current suite
Test Method:		[testPackage01.Test_dragAndDrop.dragAndDropJquery]
################################################################################################################################################
[ReportManager] Target URL: [https://jqueryui.com/resources/demos/droppable/default.html] @25-01-2022 02:00:21.0847 AM
[ReportManager] Initial URL: [] @25-01-2022 02:00:21.0885 AM
[ReportManager] Browser Action [NavigateToURL] successfully performed. With the following test data [https://jqueryui.com/resources/demos/droppable/default.html]. @25-01-2022 02:00:22.0416 AM
[ReportManager] Element Action [GetText] successfully performed. With the following test data [
	Drop here
]. @25-01-2022 02:00:22.0497 AM
[ReportManager] Element Action [DragAndDrop] successfully performed. With the following test data [Start point: (8, 18), End point: (8, 18)]. @25-01-2022 02:00:23.0603 AM
[ReportManager] Element Action [GetText] successfully performed. With the following test data [
	Dropped!
]. @25-01-2022 02:00:23.0644 AM
[ReportManager] Assertion Passed: Checking to see if the text has changed after performing drag and drop @25-01-2022 02:00:23.0645 AM
[ReportManager] Assertion [ValidateEquals] PASSED. Expected [
	Drop here
] and Actual [
	Dropped!
]. Comparison Type [EQUALS]. Validation Type [NEGATIVE]. @25-01-2022 02:00:23.0645 A
[ReportManager] Browser Action [CloseCurrentWindow] successfully performed. @25-01-2022 02:00:24.0045 AM
[ReportManager] Successfully created attachment [Browser Action Test Data - CloseCurrentWindow - Actual Value] @25-01-2022 02:00:24.0087 A
[ReportManager] File Action [GetAbsolutePath] successfully performed. With the following test data [Relative Folder Path: "target/downloadedFiles/"]. @25-01-2022 02:00:24.0211 AM
[ReportManager] Attempting to run locally on: [Mac-64], [Safari], Headless Execution. @25-01-2022 02:00:24.0211 AM
[ReportManager] Successfully Opened Safari. @25-01-2022 02:00:25.0424 AM
[ReportManager] Initial window size: (800, 600) @25-01-2022 02:00:25.0444 AM
[ReportManager] Window size after SWD Maximize: (1176, 803) @25-01-2022 02:00:25.0474 AM
[ReportManager] Browser Action [MaximizeWindow] successfully performed. With the following test data [New screen size is now: (1176, 803)]. @25-01-2022 02:00:25.0474 A

################################################################################################################################################
Starting Execution:	[140 out of 162] test cases in the current suite
Test Method:		[testPackage01.Test_dragAndDrop.dragAndDrop]
Test Description:	[TC001 - Test Drag and Drop function.]
################################################################################################################################################
[ReportManager] Target URL: [http://the-internet.herokuapp.com/drag_and_drop] @25-01-2022 02:00:25.0600 AM
[ReportManager] Initial URL: [] @25-01-2022 02:00:25.0632 AM
[ReportManager] Browser Action [NavigateToURL] successfully performed. With the following test data [http://the-internet.herokuapp.com/drag_and_drop]. @25-01-2022 02:00:26.0694 AM
[ReportManager] Attempting Drag and Drop @25-01-2022 02:00:26.0695 AM
[ReportManager] Element Action [DragAndDrop] successfully performed. With the following test data [Start point: (120, 89), End point: (335, 89)]. @25-01-2022 02:00:27.0342 A
[ReportManager] Browser Action [CloseCurrentWindow] successfully performed. @25-01-2022 02:00:27.0673 AM
[ReportManager] Successfully created attachment [Browser Action Test Data - CloseCurrentWindow - Actual Value] @25-01-2022 02:00:27.0690 A
[ReportManager] File Action [GetAbsolutePath] successfully performed. With the following test data [Relative Folder Path: "target/downloadedFiles/"]. @25-01-2022 02:00:27.0693 AM
[ReportManager] Attempting to run locally on: [Mac-64], [Safari], Headless Execution. @25-01-2022 02:00:27.0693 AM
[ReportManager] Successfully Opened Safari. @25-01-2022 02:00:28.0757 AM
[ReportManager] Initial window size: (800, 600) @25-01-2022 02:00:28.0775 AM
[ReportManager] Window size after SWD Maximize: (1176, 803) @25-01-2022 02:00:28.0801 AM
[ReportManager] Browser Action [MaximizeWindow] successfully performed. With the following test data [New screen size is now: (1176, 803)]. @25-01-2022 02:00:28.0801 A

################################################################################################################################################
Starting Execution:	[141 out of 162] test cases in the current suite
Test Method:		[testPackage01.Test_dragAndDrop.dragAndDropByOffset]
Test Description:	[TC002 - Test Drag and Drop by offset function.]
################################################################################################################################################
[ReportManager] Target URL: [https://jqueryui.com/resources/demos/draggable/default.html] @25-01-2022 02:00:28.0927 AM
[ReportManager] Initial URL: [] @25-01-2022 02:00:28.0961 AM
[ReportManager] Browser Action [NavigateToURL] successfully performed. With the following test data [https://jqueryui.com/resources/demos/draggable/default.html]. @25-01-2022 02:00:29.0414 AM
[ReportManager] Element Action [DragAndDropByOffset] successfully performed. With the following test data [Start point: (8, 8), End point: (108, 58)]. @25-01-2022 02:00:30.0221 A
[ReportManager] Browser Action [CloseCurrentWindow] successfully performed. @25-01-2022 02:00:30.0752 AM
[ReportManager] Successfully created attachment [Browser Action Test Data - CloseCurrentWindow - Actual Value] @25-01-2022 02:00:30.0794 A
[ReportManager] Successfully loaded the following test data file [src/test/resources/testDataFiles/testSuite01/TestData.xlsx]. @25-01-2022 02:00:30.0990 AM
[ReportManager] Successfully created attachment [Test Data - Excel] @25-01-2022 02:00:31.0031 AM
[ReportManager] File Action [GetAbsolutePath] successfully performed. With the following test data [Relative Folder Path: "target/downloadedFiles/"]. @25-01-2022 02:00:31.0031 AM
[ReportManager] Attempting to run locally on: [Mac-64], [Safari], Headless Execution. @25-01-2022 02:00:31.0032 AM
[ReportManager] Successfully Opened Safari. @25-01-2022 02:00:31.0966 AM
[ReportManager] Initial window size: (800, 600) @25-01-2022 02:00:32.0008 AM
[ReportManager] Window size after SWD Maximize: (1176, 803) @25-01-2022 02:00:32.0051 AM
[ReportManager] Browser Action [MaximizeWindow] successfully performed. With the following test data [New screen size is now: (1176, 803)]. @25-01-2022 02:00:32.0051 A

################################################################################################################################################
Starting Execution:	[142 out of 162] test cases in the current suite
Test Method:		[testPackage01.Test_google.navigateToURLandVerifyGoogleLogoIsDisplayed]
Test Description:	[TC001 - Navigate to URL and Verify Google Logo is Displayed]
################################################################################################################################################
[ReportManager] Target URL: [https://www.google.com/ncr], and after redirection: [https://www.google.com] @25-01-2022 02:00:32.0096 AM
[ReportManager] Initial URL: [] @25-01-2022 02:00:32.0139 AM
[ReportManager] Browser Action [NavigateToURL] successfully performed. With the following test data [https://www.google.com/ncr]. @25-01-2022 02:00:33.0495 AM
[ReportManager] Assertion Passed: Then I Assert that the element found by [By.xpath: //*[@id='hplogo' or @alt='Google']] exists. @25-01-2022 02:00:33.0841 AM
[ReportManager] Successfully created attachment [Screenshot - 1643076033648_navigateToURLandVerifyGoogleLogoIsDisplayed_ValidateElementExists_passed] @25-01-2022 02:00:33.0923 AM
[ReportManager] Assertion [ValidateElementExists] PASSED. Expected [Element Should Exist, locator 'By.xpath: //*[@id='hplogo' or @alt='Google']'] and Actual [Element Exists]. Comparison Type [EQUALS]. Validation Type [POSITIVE]. @25-01-2022 02:00:33.0923 A

################################################################################################################################################
Starting Execution:	[143 out of 162] test cases in the current suite
Test Method:		[testPackage01.Test_google.searchForQueryandAssertResultsNumDisplayed]
Test Description:	[TC002 - Search for Query and Assert that the number of results is displayed]
################################################################################################################################################
[ReportManager] Element Action [Type] successfully performed. With the following test data [SHAFT_Engine]. @25-01-2022 02:00:34.0443 AM
[ReportManager] Element Action [KeyPress] successfully performed. With the following test data [Enter]. @25-01-2022 02:00:34.0527 AM
[ReportManager] Element Action [GetText] successfully performed. With the following test data [About 926,000 results (0.71 seconds)Â Quick SettingsSee all settingsPrivacySearch historyYour data in SearchUsing SearchExplicit results filterLearn more about SafeSearchHide explicit resultsLanguagesEnglishAdvanced searchAppearanceLight themeDark themeDevice defaultSupportSearch help]. @25-01-2022 02:00:36.0041 AM
[ReportManager] Assertion Passed: Then I Assert that the element found by [By.id: appbar] text does not equal []. @25-01-2022 02:00:36.0695 AM
[ReportManager] Successfully created attachment [Screenshot - 1643076036486_searchForQueryandAssertResultsNumDisplayed_ValidateElementAttribute_passed] @25-01-2022 02:00:36.0781 AM
[ReportManager] Assertion [ValidateElementAttribute] PASSED. Expected [Value Should not be '' for the 'text' attribute, element locator 'By.id: appbar'] and Actual [About 926,000 results (0.71 seconds)Â Quick SettingsSee all settingsPrivacySearch historyYour data in SearchUsing SearchExplicit results filterLearn more about SafeSearchHide explicit resultsLanguagesEnglishAdvanced searchAppearanceLight themeDark themeDevice defaultSupportSearch help]. Comparison Type [EQUALS]. Validation Type [NEGATIVE]. @25-01-2022 02:00:36.0781 A

################################################################################################################################################
Starting Execution:	[144 out of 162] test cases in the current suite
Test Method:		[testPackage01.Test_google.clickNextThrice]
Test Description:	[TC003 - Clicks the next button to make sure that the framework can scroll element into view before clicking it]
################################################################################################################################################
[ReportManager] Element Action [Click] successfully performed. With the following test data [By.xpath: //span[text()='Next']]. @25-01-2022 02:00:37.0111 A
[ReportManager] Successfully Closed All Drivers. @25-01-2022 02:00:37.0534 A
[ReportManager] File Action [GetAbsolutePath] successfully performed. With the following test data [Relative Folder Path: "target/downloadedFiles/"]. @25-01-2022 02:00:37.0657 AM
[ReportManager] Attempting to run locally on: [Mac-64], [Safari], Headless Execution. @25-01-2022 02:00:37.0657 AM
[ReportManager] Successfully Opened Safari. @25-01-2022 02:00:38.0594 AM
[ReportManager] Initial window size: (800, 600) @25-01-2022 02:00:38.0627 AM
[ReportManager] Window size after SWD Maximize: (1176, 803) @25-01-2022 02:00:38.0663 AM
[ReportManager] Browser Action [MaximizeWindow] successfully performed. With the following test data [New screen size is now: (1176, 803)]. @25-01-2022 02:00:38.0663 A

################################################################################################################################################
Starting Execution:	[145 out of 162] test cases in the current suite
Test Method:		[testPackage01.Test_chainableElementActions.chainElementActions]
################################################################################################################################################
[ReportManager] Target URL: [https://www.google.com/ncr], and after redirection: [https://www.google.com] @25-01-2022 02:00:38.0790 AM
[ReportManager] Initial URL: [] @25-01-2022 02:00:38.0828 AM
[ReportManager] Browser Action [NavigateToURL] successfully performed. With the following test data [https://www.google.com/ncr]. @25-01-2022 02:00:40.0194 AM
[ReportManager] Element Action [Type] successfully performed. With the following test data [chained type 1]. @25-01-2022 02:00:40.0534 AM
[ReportManager] Element Action [Type] successfully performed. With the following test data [chained type 2]. @25-01-2022 02:00:40.0950 AM
[ReportManager] Element Action [TypeAppend] successfully performed. With the following test data [345]. @25-01-2022 02:00:41.0038 AM
[ReportManager] Element Action [GetText] successfully performed. With the following test data [chained type 2345]. @25-01-2022 02:00:41.0121 AM
[ReportManager] Assertion Passed: Then I Assert that the element found by [By.name: q] text is equal to [chained type 2345]. @25-01-2022 02:00:41.0486 AM
[ReportManager] Successfully created attachment [Screenshot - 1643076041279_chainElementActions_ValidateElementAttribute_passed] @25-01-2022 02:00:41.0569 AM
[ReportManager] Assertion [ValidateElementAttribute] PASSED. Expected [Value Should be 'chained type 2345' for the 'text' attribute, element locator 'By.name: q'] and Actual [chained type 2345]. Comparison Type [EQUALS]. Validation Type [POSITIVE]. @25-01-2022 02:00:41.0569 A
[ReportManager] Successfully Closed All Drivers. @25-01-2022 02:00:41.0910 A
[ReportManager] File Action [GetAbsolutePath] successfully performed. With the following test data [Relative Folder Path: "target/downloadedFiles/"]. @25-01-2022 02:00:42.0036 AM
[ReportManager] Attempting to run locally on: [Mac-64], [Safari], Headless Execution. @25-01-2022 02:00:42.0036 AM
[ReportManager] An Exception Occured with this Message: Could not start a new session. Possible causes are invalid address of the remote server or browser start-up failure.. @25-01-2022 02:00:42.0338 AM
[ReportManager] Successfully created attachment [Exception Stack Trace - org.openqa.selenium.SessionNotCreatedException] @25-01-2022 02:00:42.0379 AM
[ReportManager] Driver Factory Action [createNewLocalDriverInstanceForSafari] failed. With the following test data [Failed to create a session on DESKTOP_SAFARI]. @25-01-2022 02:00:42.0379 A

################################################################################################################################################
Starting Execution:	[146 out of 162] test cases in the current suite
Test Method:		[testPackage01.Test_RelativeLocators.relativeLocatorsTest1]
###############################################################################################################################################


################################################################################################################################################
Starting Execution:	[147 out of 162] test cases in the current suite
Test Method:		[testPackage01.Test_JsonCompareWithSpecialCharacters.specialCharacters]
################################################################################################################################################
[ReportManager] File Action [GetAbsolutePath] successfully performed. With the following test data [Relative Folder Path: "src/test/resources/testDataFiles/specialCharacters.json"]. @25-01-2022 02:00:43.0111 AM
[ReportManager] File Action [ReadFromFile] successfully performed. With the following test data [File Path: "/Users/runner/work/SHAFT_ENGINE/SHAFT_ENGINE/src/test/resources/testDataFiles/specialCharacters.json"]. @25-01-2022 02:00:43.0112 AM
[ReportManager] Successfully created attachment [File Action Actual Result - Command Log] @25-01-2022 02:00:43.0227 AM
[ReportManager] Comparing the provided API response with the file at this path "src/test/resources/testDataFiles/specialCharacters.json", comparison type "EQUALS" @25-01-2022 02:00:43.0230 AM
[ReportManager] API Action [CompareJSON] successfully performed. With the following test data [src/test/resources/testDataFiles/specialCharacters.json]. @25-01-2022 02:00:43.0237 AM
[ReportManager] File Action [GetAbsolutePath] successfully performed. With the following test data [Relative Folder Path: "src/test/resources/testDataFiles/specialCharacters.json"]. @25-01-2022 02:00:43.0237 AM
[ReportManager] File Action [ReadFromFile] successfully performed. With the following test data [File Path: "/Users/runner/work/SHAFT_ENGINE/SHAFT_ENGINE/src/test/resources/testDataFiles/specialCharacters.json"]. @25-01-2022 02:00:43.0238 AM
[ReportManager] Verification [ValidateJSONFileContent] PASSED. Expected [Response data should match the JSON File in this path 'src/test/resources/testDataFiles/specialCharacters.json'] and Actual [TRUE]. Comparison Type [EQUALS]. Validation Type [POSITIVE]. @25-01-2022 02:00:43.0243 AM
[ReportManager] Successfully created attachment [Validation Test Data - Expected JSON Value] @25-01-2022 02:00:43.0348 AM
[ReportManager] Successfully created attachment [Validation Test Data - Actual JSON Value] @25-01-2022 02:00:43.0469 A

################################################################################################################################################
Starting Execution:	[148 out of 162] test cases in the current suite
Test Method:		[testPackage01.Test_JsonCompareWithSpecialCharacters.specialCharacters_assertion]
################################################################################################################################################
[ReportManager] File Action [GetAbsolutePath] successfully performed. With the following test data [Relative Folder Path: "src/test/resources/testDataFiles/specialCharacters.json"]. @25-01-2022 02:00:43.0712 AM
[ReportManager] File Action [ReadFromFile] successfully performed. With the following test data [File Path: "/Users/runner/work/SHAFT_ENGINE/SHAFT_ENGINE/src/test/resources/testDataFiles/specialCharacters.json"]. @25-01-2022 02:00:43.0713 AM
[ReportManager] Successfully created attachment [File Action Actual Result - Command Log] @25-01-2022 02:00:43.0831 AM
[ReportManager] Comparing the provided API response with the file at this path "src/test/resources/testDataFiles/specialCharacters.json", comparison type "CONTAINS" @25-01-2022 02:00:43.0832 AM
[ReportManager] API Action [CompareJSON] successfully performed. With the following test data [src/test/resources/testDataFiles/specialCharacters.json]. @25-01-2022 02:00:43.0843 AM
[ReportManager] File Action [GetAbsolutePath] successfully performed. With the following test data [Relative Folder Path: "src/test/resources/testDataFiles/specialCharacters.json"]. @25-01-2022 02:00:43.0843 AM
[ReportManager] File Action [ReadFromFile] successfully performed. With the following test data [File Path: "/Users/runner/work/SHAFT_ENGINE/SHAFT_ENGINE/src/test/resources/testDataFiles/specialCharacters.json"]. @25-01-2022 02:00:43.0843 AM
[ReportManager] Assertion Passed: trying out the log message @25-01-2022 02:00:43.0849 AM
[ReportManager] Successfully created attachment [Validation Test Data - Expected JSON Value] @25-01-2022 02:00:43.0954 AM
[ReportManager] Successfully created attachment [Validation Test Data - Actual JSON Value] @25-01-2022 02:00:44.0079 AM
[ReportManager] Assertion [ValidateJSONFileContent] PASSED. Expected [Response data should match the JSON File in this path 'src/test/resources/testDataFiles/specialCharacters.json'] and Actual [TRUE]. Comparison Type [CONTAINS]. Validation Type [POSITIVE]. @25-01-2022 02:00:44.0079 A

################################################################################################################################################
Starting Execution:	[149 out of 162] test cases in the current suite
Test Method:		[testPackage01.Test_SkipDueToIssue.doNotSkip]
################################################################################################################################################
[ReportManager] This should not be skipped. @25-01-2022 02:00:44.0325 A

################################################################################################################################################
Starting Execution:	[150 out of 162] test cases in the current suite
Test Method:		[testPackage01.Test_SkipDueToIssue.skip]
################################################################################################################################################
[ReportManager] This should be skipped. @25-01-2022 02:00:44.0455 A

################################################################################################################################################
Starting Execution:	[151 out of 162] test cases in the current suite
Test Method:		[testPackage01.Test_SkipDueToIssue.skip2]
################################################################################################################################################
[ReportManager] This should be skipped. @25-01-2022 02:00:44.0584 A

################################################################################################################################################
Starting Execution:	[152 out of 162] test cases in the current suite
Test Method:		[testPackage01.Test_JSONFileManager.readStringFromJson]
################################################################################################################################################
[ReportManager] File Action [GetAbsolutePath] successfully performed. With the following test data [Relative Folder Path: "src/test/resources/testDataFiles/simpleJSON.json"]. @25-01-2022 02:00:44.0713 AM
[ReportManager] Successfully loaded the following test data file [src/test/resources/testDataFiles/simpleJSON.json]. @25-01-2022 02:00:44.0714 AM
[ReportManager] Successfully created attachment [Test Data - JSON] @25-01-2022 02:00:44.0795 AM
[ReportManager] File Action [GetAbsolutePath] successfully performed. With the following test data [Relative Folder Path: "src/test/resources/testDataFiles/simpleJSON.json"]. @25-01-2022 02:00:44.0797 AM
[ReportManager] Assertion [ValidateEquals] PASSED. Expected [Mohab Mohie] and Actual [Mohab Mohie]. Comparison Type [EQUALS]. Validation Type [POSITIVE]. @25-01-2022 02:00:44.0814 A
[ReportManager] File Action [GetAbsolutePath] successfully performed. With the following test data [Relative Folder Path: "target/downloadedFiles/"]. @25-01-2022 02:00:44.0941 AM
[ReportManager] Attempting to run locally on: [Mac-64], [Safari], Headless Execution. @25-01-2022 02:00:44.0941 AM
[ReportManager] Successfully Opened Safari. @25-01-2022 02:00:45.0804 AM
[ReportManager] Initial window size: (800, 600) @25-01-2022 02:00:45.0829 AM
[ReportManager] Window size after SWD Maximize: (1176, 803) @25-01-2022 02:00:45.0844 AM
[ReportManager] Browser Action [MaximizeWindow] successfully performed. With the following test data [New screen size is now: (1176, 803)]. @25-01-2022 02:00:45.0844 A

################################################################################################################################################
Starting Execution:	[153 out of 162] test cases in the current suite
Test Method:		[testPackage01.Test_assertEquals.test_assertElementAttribute]
################################################################################################################################################
[ReportManager] Target URL: [https://www.google.com/ncr], and after redirection: [https://www.google.com] @25-01-2022 02:00:46.0088 AM
[ReportManager] Initial URL: [] @25-01-2022 02:00:46.0123 AM
[ReportManager] Browser Action [NavigateToURL] successfully performed. With the following test data [https://www.google.com/ncr]. @25-01-2022 02:00:47.0450 AM
[ReportManager] Element Action [Type] successfully performed. With the following test data [INC_004010050:Another SCHEDULER with the same name [Duplicate Job Name] already exists.]. @25-01-2022 02:00:48.0820 AM
[ReportManager] Element Action [GetText] successfully performed. With the following test data [INC_004010050:Another SCHEDULER with the same name [Duplicate Job Name] already exists.]. @25-01-2022 02:00:48.0877 AM
[ReportManager] Assertion [ValidateElementAttribute] PASSED. Expected [Value Should be 'INC_004010050:Another SCHEDULER with the same name \[Duplicate Job Name\] already exists.' for the 'text' attribute, element locator 'By.name: q'] and Actual [INC_004010050:Another SCHEDULER with the same name [Duplicate Job Name] already exists.]. Comparison Type [MATCHES]. Validation Type [POSITIVE]. @25-01-2022 02:00:49.0186 AM
[ReportManager] Successfully created attachment [Screenshot - 1643076048998_test_assertElementAttribute_ValidateElementAttribute_passed] @25-01-2022 02:00:49.0267 A
[ReportManager] Browser Action [CloseCurrentWindow] successfully performed. @25-01-2022 02:00:49.0727 AM
[ReportManager] Successfully created attachment [Browser Action Test Data - CloseCurrentWindow - Actual Value] @25-01-2022 02:00:49.0769 A
[ReportManager] File Action [GetAbsolutePath] successfully performed. With the following test data [Relative Folder Path: "target/downloadedFiles/"]. @25-01-2022 02:00:49.0852 AM
[ReportManager] Attempting to run locally on: [Mac-64], [Safari], Headless Execution. @25-01-2022 02:00:49.0853 AM
[ReportManager] An Exception Occured with this Message: Could not start a new session. Possible causes are invalid address of the remote server or browser start-up failure.. @25-01-2022 02:00:50.0036 AM
[ReportManager] Successfully created attachment [Exception Stack Trace - org.openqa.selenium.SessionNotCreatedException] @25-01-2022 02:00:50.0077 AM
[ReportManager] Driver Factory Action [createNewLocalDriverInstanceForSafari] failed. With the following test data [Failed to create a session on DESKTOP_SAFARI]. @25-01-2022 02:00:50.0078 A

################################################################################################################################################
Starting Execution:	[154 out of 162] test cases in the current suite
Test Method:		[testPackage01.Test_IsElementClickable.testIsElementClickable]
###############################################################################################################################################

[ReportManager] Successfully loaded the following test data file [src/test/resources/testDataFiles/testSuite01/TestData.xlsx]. @25-01-2022 02:00:50.0497 AM
[ReportManager] Successfully created attachment [Test Data - Excel] @25-01-2022 02:00:50.0538 AM
[ReportManager] Attempting to run using Playwright locally on: [Mac-64], [Safari], Headless Execution. @25-01-2022 02:03:22.0555 AM
[ReportManager] File Action [GetAbsolutePath] successfully performed. With the following test data [Relative Folder Path: "target/downloadedFiles/"]. @25-01-2022 02:03:22.0556 AM
[ReportManager] Initial window size: (1280, 720) @25-01-2022 02:03:28.0168 AM
[ReportManager] Window size after Toolkit: com.microsoft.playwright.options.ViewportSize@2169d6d4 @25-01-2022 02:03:28.0177 AM
[ReportManager] Browser Action [MaximizeWindow] successfully performed. With the following test data [New screen size is now: (1920, 1080)]. @25-01-2022 02:03:28.0177 A

################################################################################################################################################
Starting Execution:	[155 out of 162] test cases in the current suite
Test Method:		[testPackage01.Test_google_playwright.navigateToURLandVerifyGoogleLogoIsDisplayed]
Test Description:	[TC001 - Navigate to URL and Verify Google Logo is Displayed]
################################################################################################################################################
[ReportManager] Target URL: [https://www.google.com/ncr], and after redirection: [https://www.google.com] @25-01-2022 02:03:28.0327 AM
[ReportManager] Initial URL: [about:blank] @25-01-2022 02:03:28.0671 AM
[ReportManager] Browser Action [NavigateToURL] successfully performed. With the following test data [https://www.google.com/ncr]. @25-01-2022 02:03:31.0360 AM
[ReportManager] Assertion [ValidateElementExists] PASSED. Expected [Element Should Exist, locator 'xpath=//*[@id='hplogo' or @alt='Google']'] and Actual [Element Exists]. Comparison Type [EQUALS]. Validation Type [POSITIVE]. @25-01-2022 02:03:31.0646 AM
[ReportManager] Successfully created attachment [Screenshot - 1643076211535_navigateToURLandVerifyGoogleLogoIsDisplayed_ValidateElementExists_passed] @25-01-2022 02:03:31.0647 A

################################################################################################################################################
Starting Execution:	[156 out of 162] test cases in the current suite
Test Method:		[testPackage01.Test_google_playwright.searchForQueryandAssertResultsNumDisplayed]
Test Description:	[TC002 - Search for Query and Assert that the number of results is displayed]
################################################################################################################################################
[ReportManager] Element Action [Type] successfully performed. With the following test data [SHAFT_Engine]. @25-01-2022 02:03:31.0900 AM
[ReportManager] Element Action [KeyPress] successfully performed. With the following test data [Enter]. @25-01-2022 02:03:31.0937 AM
[ReportManager] Element Action [GetText] successfully performed. With the following test data [About 725,000 results (0.77 seconds)Â 
]. @25-01-2022 02:03:33.0600 AM
[ReportManager] Assertion [ValidateElementAttribute] PASSED. Expected [Value Should not be '' for the 'text' attribute, element locator 'xpath=//div[@id='appbar']'] and Actual [About 725,000 results (0.77 seconds)Â 
]. Comparison Type [EQUALS]. Validation Type [NEGATIVE]. @25-01-2022 02:03:34.0954 AM
[ReportManager] Successfully created attachment [Screenshot - 1643076214818_searchForQueryandAssertResultsNumDisplayed_ValidateElementAttribute_passed] @25-01-2022 02:03:34.0957 A

################################################################################################################################################
Starting Execution:	[157 out of 162] test cases in the current suite
Test Method:		[testPackage01.Test_google_playwright.clickNextThrice]
Test Description:	[TC003 - Clicks the next button to make sure that the framework can scroll element into view before clicking it]
################################################################################################################################################
[ReportManager] Element Action [Click] successfully performed. With the following test data [Next]. @25-01-2022 02:03:35.0261 A
[ReportManager] Failed to find video recording. @25-01-2022 02:03:35.0264 AM
[ReportManager] Successfully Closed PlayWright Driver. @25-01-2022 02:03:35.0310 A
[ReportManager] File Action [GetAbsolutePath] successfully performed. With the following test data [Relative Folder Path: "target/downloadedFiles/"]. @25-01-2022 02:03:35.0311 AM
[ReportManager] Attempting to run locally on: [Mac-64], [Safari], Headless Execution. @25-01-2022 02:03:35.0312 AM
[ReportManager] Successfully Opened Safari. @25-01-2022 02:03:36.0202 AM
[ReportManager] Initial window size: (800, 600) @25-01-2022 02:03:36.0230 AM
[ReportManager] Window size after SWD Maximize: (1176, 803) @25-01-2022 02:03:36.0264 AM
[ReportManager] Browser Action [MaximizeWindow] successfully performed. With the following test data [New screen size is now: (1176, 803)]. @25-01-2022 02:03:36.0264 A

################################################################################################################################################
Starting Execution:	[158 out of 162] test cases in the current suite
Test Method:		[testPackage01.Test_verifyEquals.test_assertElementAttribute]
################################################################################################################################################
[ReportManager] Target URL: [https://www.google.com/ncr], and after redirection: [https://www.google.com] @25-01-2022 02:03:36.0266 AM
[ReportManager] Initial URL: [] @25-01-2022 02:03:36.0316 AM
[ReportManager] Browser Action [NavigateToURL] successfully performed. With the following test data [https://www.google.com/ncr]. @25-01-2022 02:03:37.0607 AM
[ReportManager] Element Action [Type] successfully performed. With the following test data [INC_004010050:Another SCHEDULER with the same name [Duplicate Job Name] already exists.]. @25-01-2022 02:03:39.0699 AM
[ReportManager] Element Action [GetText] successfully performed. With the following test data [INC_004010050:Another SCHEDULER with the same name [Duplicate Job Name] already exists.]. @25-01-2022 02:03:39.0760 AM
[ReportManager] Verification [ValidateElementAttribute] PASSED. Expected [Value Should be 'INC_004010050:Another SCHEDULER with the same name \[Duplicate Job Name\] already exists.' for the 'text' attribute, element locator 'By.name: q'] and Actual [INC_004010050:Another SCHEDULER with the same name [Duplicate Job Name] already exists.]. Comparison Type [MATCHES]. Validation Type [POSITIVE]. @25-01-2022 02:03:39.0935 AM
[ReportManager] Successfully created attachment [Screenshot - 1643076219867_test_assertElementAttribute_ValidateElementAttribute_passed] @25-01-2022 02:03:39.0936 A
[ReportManager] Browser Action [CloseCurrentWindow] successfully performed. @25-01-2022 02:03:40.0306 AM
[ReportManager] Successfully created attachment [Browser Action Test Data - CloseCurrentWindow - Actual Value] @25-01-2022 02:03:40.0307 A

################################################################################################################################################
Starting Execution:	[159 out of 162] test cases in the current suite
Test Method:		[testPackage01.Test_SelectedValue.multipleSelect]
################################################################################################################################################
[ReportManager] File Action [GetAbsolutePath] successfully performed. With the following test data [Relative Folder Path: "target/downloadedFiles/"]. @25-01-2022 02:03:40.0312 AM
[ReportManager] Attempting to run locally on: [Mac-64], [GoogleChrome], Headless Execution. @25-01-2022 02:03:40.0313 AM
[ReportManager] Identifying OS/Driver combination and selecting the correct driver version automatically. Please note that if a new driver executable will be downloaded it may take some time... @25-01-2022 02:03:40.0314 AM
[ReportManager] Successfully Opened Google Chrome. @25-01-2022 02:03:43.0657 AM
[ReportManager] Initial window size: (1920, 1080) @25-01-2022 02:03:43.0662 AM
[ReportManager] Window size after SWD Maximize: (1920, 1080) @25-01-2022 02:03:43.0816 AM
[ReportManager] Window size after Toolkit: (1920, 1080) @25-01-2022 02:03:44.0415 AM
[ReportManager] Browser Action [MaximizeWindow] successfully performed. With the following test data [New screen size is now: (1920, 1080)]. @25-01-2022 02:03:44.0418 AM
[ReportManager] Target URL: [https://yari-demos.prod.mdn.mozit.cloud/en-US/docs/Web/HTML/Element/select/_sample_.Advanced_select_with_multiple_features.html] @25-01-2022 02:03:44.0419 AM
[ReportManager] Initial URL: [data:,] @25-01-2022 02:03:44.0450 AM
[ReportManager] Browser Action [NavigateToURL] successfully performed. With the following test data [https://yari-demos.prod.mdn.mozit.cloud/en-US/docs/Web/HTML/Element/select/_sample_.Advanced_select_with_multiple_features.html]. @25-01-2022 02:03:44.0726 AM
[ReportManager] Element Action [Select] successfully performed. With the following test data [Dog]. @25-01-2022 02:03:44.0951 AM
[ReportManager] Element Action [Select] successfully performed. With the following test data [Cat]. @25-01-2022 02:03:45.0133 AM
[ReportManager] Element Action [GetSelectedText] successfully performed. With the following test data [DogCat]. @25-01-2022 02:03:45.0248 AM
[ReportManager] DogCat @25-01-2022 02:03:45.0248 AM
[ReportManager] Element Action [GetSelectedText] successfully performed. With the following test data [DogCat]. @25-01-2022 02:03:45.0340 AM
[ReportManager] Assertion [ValidateElementAttribute] PASSED. Expected [Value Should be 'DogCat' for the 'selectedText' attribute, element locator 'By.tagName: select'] and Actual [DogCat]. Comparison Type [EQUALS]. Validation Type [POSITIVE]. @25-01-2022 02:03:45.0865 AM
[ReportManager] Successfully created attachment [Screenshot - 1643076225759_multipleSelect_ValidateElementAttribute_passed] @25-01-2022 02:03:45.0866 AM
[ReportManager] Browser Action [CloseCurrentWindow] successfully performed. @25-01-2022 02:03:46.0199 AM
[ReportManager] Successfully created attachment [Browser Action Test Data - CloseCurrentWindow - Actual Value] @25-01-2022 02:03:46.0199 A

################################################################################################################################################
Starting Execution:	[160 out of 162] test cases in the current suite
Test Method:		[testPackage01.Test_SelectedValue.simpleSelect]
################################################################################################################################################
[ReportManager] File Action [GetAbsolutePath] successfully performed. With the following test data [Relative Folder Path: "target/downloadedFiles/"]. @25-01-2022 02:03:46.0203 AM
[ReportManager] Attempting to run locally on: [Mac-64], [GoogleChrome], Headless Execution. @25-01-2022 02:03:46.0204 AM
[ReportManager] Identifying OS/Driver combination and selecting the correct driver version automatically. Please note that if a new driver executable will be downloaded it may take some time... @25-01-2022 02:03:46.0204 AM
[ReportManager] Successfully Opened Google Chrome. @25-01-2022 02:03:46.0700 AM
[ReportManager] Initial window size: (1920, 1080) @25-01-2022 02:03:46.0703 AM
[ReportManager] Window size after SWD Maximize: (1920, 1080) @25-01-2022 02:03:46.0852 AM
[ReportManager] Window size after Toolkit: (1920, 1080) @25-01-2022 02:03:47.0533 AM
[ReportManager] Browser Action [MaximizeWindow] successfully performed. With the following test data [New screen size is now: (1920, 1080)]. @25-01-2022 02:03:47.0535 AM
[ReportManager] Target URL: [https://yari-demos.prod.mdn.mozit.cloud/en-US/docs/Web/HTML/Element/select/_sample_.Basic_select.html] @25-01-2022 02:03:47.0535 AM
[ReportManager] Initial URL: [data:,] @25-01-2022 02:03:47.0565 AM
[ReportManager] Browser Action [NavigateToURL] successfully performed. With the following test data [https://yari-demos.prod.mdn.mozit.cloud/en-US/docs/Web/HTML/Element/select/_sample_.Basic_select.html]. @25-01-2022 02:03:47.0816 AM
[ReportManager] Element Action [Select] successfully performed. With the following test data [Third Value]. @25-01-2022 02:03:48.0077 AM
[ReportManager] Element Action [GetSelectedText] successfully performed. With the following test data [Third Value]. @25-01-2022 02:03:48.0155 AM
[ReportManager] Third Value @25-01-2022 02:03:48.0155 AM
[ReportManager] Element Action [GetSelectedText] successfully performed. With the following test data [Third Value]. @25-01-2022 02:03:48.0222 AM
[ReportManager] Assertion [ValidateElementAttribute] PASSED. Expected [Value Should be 'Third Value' for the 'selectedText' attribute, element locator 'By.tagName: select'] and Actual [Third Value]. Comparison Type [EQUALS]. Validation Type [POSITIVE]. @25-01-2022 02:03:48.0828 AM
[ReportManager] Successfully created attachment [Screenshot - 1643076228722_simpleSelect_ValidateElementAttribute_passed] @25-01-2022 02:03:48.0828 AM
[ReportManager] Browser Action [CloseCurrentWindow] successfully performed. @25-01-2022 02:03:49.0174 AM
[ReportManager] Successfully created attachment [Browser Action Test Data - CloseCurrentWindow - Actual Value] @25-01-2022 02:03:49.0174 A
[ReportManager] File Action [GetAbsolutePath] successfully performed. With the following test data [Relative Folder Path: "target/downloadedFiles/"]. @25-01-2022 02:03:49.0177 AM
[ReportManager] Attempting to run locally on: [Mac-64], [Safari], Headless Execution. @25-01-2022 02:03:49.0177 AM
[ReportManager] An Exception Occured with this Message: Could not start a new session. Possible causes are invalid address of the remote server or browser start-up failure.. @25-01-2022 02:03:49.0321 AM
[ReportManager] Successfully created attachment [Exception Stack Trace - org.openqa.selenium.SessionNotCreatedException] @25-01-2022 02:03:49.0322 AM
[ReportManager] Driver Factory Action [createNewLocalDriverInstanceForSafari] failed. With the following test data [Failed to create a session on DESKTOP_SAFARI]. @25-01-2022 02:03:49.0322 A

################################################################################################################################################
Starting Execution:	[161 out of 162] test cases in the current suite
Test Method:		[testPackage01.Test_dynamicLoading.dynamicLoading_elementIsHidden]
###############################################################################################################################################



################################################################################################################################################
Starting Execution:	[162 out of 162] test cases in the current suite
Test Method:		[testPackage01.Test_dynamicLoading.dynamicLoading_elementIsRendered]
###############################################################################################################################################

[ReportManager] Successfully created attachment [SHAFT Engine Logs - Execution log] @25-01-2022 02:03:49.0398 AM

################################################################################################################################################
This test run was powered by SHAFT Engine Version: [SHAFT Engine v6.1.20220113]
SHAFT Engine is licensed under the MIT License: [https://github.com/MohabMohie/SHAFT_ENGINE/blob/master/LICENSE].
################################################################################################################################################