################################################################################################################################################
Detected SHAFT Engine Version: [SHAFT Engine v5.4.20211025-BETA]
################################################################################################################################################

################################################################################################################################################
Starting Execution:	[1 out of 143] test cases in the current suite
Test Method:		[unitTests.tests_validations_assertions.assertComparativeRelation_greaterThanOrEquals_false_equals_expectedToFail]
################################################################################################################################################
[ReportManager] Assertion [ValidateComparativeRelation] FAILED. Expected [1] and Actual [1]. Comparison Type [GREATER_THAN_OR_EQUALS]. Validation Type [NEGATIVE]. @25-10-2021 21:20:46.0673 P

################################################################################################################################################
Starting Execution:	[2 out of 143] test cases in the current suite
Test Method:		[unitTests.tests_validations_assertions.assertComparativeRelation_greaterThanOrEquals_false_equals_expectedToPass]
################################################################################################################################################
[ReportManager] Assertion [ValidateComparativeRelation] PASSED. Expected [2] and Actual [1]. Comparison Type [GREATER_THAN_OR_EQUALS]. Validation Type [NEGATIVE]. @25-10-2021 21:20:46.0797 P

################################################################################################################################################
Starting Execution:	[3 out of 143] test cases in the current suite
Test Method:		[unitTests.tests_validations_assertions.assertComparativeRelation_greaterThanOrEquals_false_greaterThan_expectedToFail]
################################################################################################################################################
[ReportManager] Assertion [ValidateComparativeRelation] FAILED. Expected [1] and Actual [2]. Comparison Type [GREATER_THAN_OR_EQUALS]. Validation Type [NEGATIVE]. @25-10-2021 21:20:46.0807 P

################################################################################################################################################
Starting Execution:	[4 out of 143] test cases in the current suite
Test Method:		[unitTests.tests_validations_assertions.assertComparativeRelation_greaterThanOrEquals_false_greaterThan_expectedToPass]
################################################################################################################################################
[ReportManager] Assertion [ValidateComparativeRelation] PASSED. Expected [2] and Actual [1]. Comparison Type [GREATER_THAN_OR_EQUALS]. Validation Type [NEGATIVE]. @25-10-2021 21:20:46.0816 P

################################################################################################################################################
Starting Execution:	[5 out of 143] test cases in the current suite
Test Method:		[unitTests.tests_validations_assertions.assertComparativeRelation_greaterThanOrEquals_true_equals_expectedToFail]
################################################################################################################################################
[ReportManager] Assertion [ValidateComparativeRelation] FAILED. Expected [1] and Actual [0]. Comparison Type [GREATER_THAN_OR_EQUALS]. Validation Type [POSITIVE]. @25-10-2021 21:20:46.0822 P

################################################################################################################################################
Starting Execution:	[6 out of 143] test cases in the current suite
Test Method:		[unitTests.tests_validations_assertions.assertComparativeRelation_greaterThanOrEquals_true_equals_expectedToPass]
################################################################################################################################################
[ReportManager] Assertion [ValidateComparativeRelation] PASSED. Expected [1] and Actual [1]. Comparison Type [GREATER_THAN_OR_EQUALS]. Validation Type [POSITIVE]. @25-10-2021 21:20:46.0829 P

################################################################################################################################################
Starting Execution:	[7 out of 143] test cases in the current suite
Test Method:		[unitTests.tests_validations_assertions.assertComparativeRelation_greaterThanOrEquals_true_greaterThan_expectedToFail]
################################################################################################################################################
[ReportManager] Assertion [ValidateComparativeRelation] FAILED. Expected [2] and Actual [1]. Comparison Type [GREATER_THAN_OR_EQUALS]. Validation Type [POSITIVE]. @25-10-2021 21:20:46.0837 P

################################################################################################################################################
Starting Execution:	[8 out of 143] test cases in the current suite
Test Method:		[unitTests.tests_validations_assertions.assertComparativeRelation_greaterThanOrEquals_true_greaterThan_expectedToPass]
################################################################################################################################################
[ReportManager] Assertion [ValidateComparativeRelation] PASSED. Expected [1] and Actual [2]. Comparison Type [GREATER_THAN_OR_EQUALS]. Validation Type [POSITIVE]. @25-10-2021 21:20:46.0848 P
[ReportManager] File Action [GetAbsolutePath] successfully performed. With the following test data [Relative Folder Path: "target/downloadedFiles/"]. @25-10-2021 21:20:46.0868 PM
[ReportManager] Attempting to run remotely on: [Linux-64], [GoogleChrome], [http://localhost:4444/wd/hub], Headless Execution. @25-10-2021 21:20:46.0929 PM
[ReportManager] Successfully Opened [GoogleChrome]. @25-10-2021 21:20:52.0329 PM
[ReportManager] Target URL: [https://www.google.com/ncr], and after redirection: [www.google.com] @25-10-2021 21:20:52.0341 PM
[ReportManager] Initial URL: [data:,] @25-10-2021 21:20:52.0585 PM
[ReportManager] Browser Action [NavigateToURL] successfully performed. With the following test data [https://www.google.com/ncr]. @25-10-2021 21:20:53.0985 P

################################################################################################################################################
Starting Execution:	[9 out of 143] test cases in the current suite
Test Method:		[unitTests.tests_validations_assertions.assertElementAttribute_false_caseInsensitiveComparison_expectedToFail]
################################################################################################################################################
[ReportManager] Element Action [Type] successfully performed. With the following test data [AUTOMATION]. @25-10-2021 21:20:54.0288 PM
[ReportManager] Element Action [GetText] successfully performed. With the following test data [AUTOMATION]. @25-10-2021 21:20:54.0715 PM
[ReportManager] Loaded Shared OpenCV @25-10-2021 21:20:55.0684 PM
[ReportManager] Assertion [ValidateElementAttribute] FAILED. Expected [Value Should not be 'AutomaTion' for the 'text' attribute, element locator 'By.name: q'] and Actual [AUTOMATION]. Comparison Type [CASE_INSENSITIVE]. Validation Type [NEGATIVE]. @25-10-2021 21:20:56.0297 PM
[ReportManager] Successfully created attachment [Screenshot - 1635196855153_assertElementAttribute_false_caseInsensitiveComparison_expectedToFail_ValidateElementAttribute_failed] @25-10-2021 21:20:56.0326 P
[ReportManager] Browser Action [CloseCurrentWindow] successfully performed. @25-10-2021 21:20:56.0489 PM
[ReportManager] Successfully created attachment [Browser Action Test Data - CloseCurrentWindow - Actual Value] @25-10-2021 21:20:56.0495 P
[ReportManager] File Action [GetAbsolutePath] successfully performed. With the following test data [Relative Folder Path: "target/downloadedFiles/"]. @25-10-2021 21:20:56.0505 PM
[ReportManager] Attempting to run remotely on: [Linux-64], [GoogleChrome], [http://localhost:4444/wd/hub], Headless Execution. @25-10-2021 21:20:56.0505 PM
[ReportManager] Successfully Opened [GoogleChrome]. @25-10-2021 21:21:01.0511 PM
[ReportManager] Target URL: [https://www.google.com/ncr], and after redirection: [www.google.com] @25-10-2021 21:21:01.0511 PM
[ReportManager] Initial URL: [data:,] @25-10-2021 21:21:01.0576 PM
[ReportManager] Browser Action [NavigateToURL] successfully performed. With the following test data [https://www.google.com/ncr]. @25-10-2021 21:21:02.0477 P

################################################################################################################################################
Starting Execution:	[10 out of 143] test cases in the current suite
Test Method:		[unitTests.tests_validations_assertions.assertElementAttribute_false_caseInsensitiveComparison_expectedToPass]
################################################################################################################################################
[ReportManager] Element Action [Type] successfully performed. With the following test data [AUTOMATION]. @25-10-2021 21:21:02.0698 PM
[ReportManager] Element Action [GetText] successfully performed. With the following test data [AUTOMATION]. @25-10-2021 21:21:02.0997 PM
[ReportManager] Loaded Shared OpenCV @25-10-2021 21:21:03.0295 PM
[ReportManager] Assertion [ValidateElementAttribute] PASSED. Expected [Value Should not be 'AutomaTion123' for the 'text' attribute, element locator 'By.name: q'] and Actual [AUTOMATION]. Comparison Type [CASE_INSENSITIVE]. Validation Type [NEGATIVE]. @25-10-2021 21:21:03.0587 PM
[ReportManager] Successfully created attachment [Screenshot - 1635196863295_assertElementAttribute_false_caseInsensitiveComparison_expectedToPass_ValidateElementAttribute_passed] @25-10-2021 21:21:03.0591 P
[ReportManager] Browser Action [CloseCurrentWindow] successfully performed. @25-10-2021 21:21:03.0723 PM
[ReportManager] Successfully created attachment [Browser Action Test Data - CloseCurrentWindow - Actual Value] @25-10-2021 21:21:03.0736 P
[ReportManager] File Action [GetAbsolutePath] successfully performed. With the following test data [Relative Folder Path: "target/downloadedFiles/"]. @25-10-2021 21:21:03.0747 PM
[ReportManager] Attempting to run remotely on: [Linux-64], [GoogleChrome], [http://localhost:4444/wd/hub], Headless Execution. @25-10-2021 21:21:03.0747 PM
[ReportManager] Successfully Opened [GoogleChrome]. @25-10-2021 21:21:06.0481 PM
[ReportManager] Target URL: [https://www.google.com/ncr], and after redirection: [www.google.com] @25-10-2021 21:21:06.0481 PM
[ReportManager] Initial URL: [data:,] @25-10-2021 21:21:06.0571 PM
[ReportManager] Browser Action [NavigateToURL] successfully performed. With the following test data [https://www.google.com/ncr]. @25-10-2021 21:21:07.0538 P

################################################################################################################################################
Starting Execution:	[11 out of 143] test cases in the current suite
Test Method:		[unitTests.tests_validations_assertions.assertElementAttribute_false_containsComparison_expectedToFail]
################################################################################################################################################
[ReportManager] Element Action [Type] successfully performed. With the following test data [Automation123]. @25-10-2021 21:21:07.0772 PM
[ReportManager] Element Action [GetText] successfully performed. With the following test data [Automation123]. @25-10-2021 21:21:08.0125 PM
[ReportManager] Loaded Shared OpenCV @25-10-2021 21:21:08.0430 PM
[ReportManager] Assertion [ValidateElementAttribute] FAILED. Expected [Value Should not be 'Automation' for the 'text' attribute, element locator 'By.name: q'] and Actual [Automation123]. Comparison Type [CONTAINS]. Validation Type [NEGATIVE]. @25-10-2021 21:21:08.0707 PM
[ReportManager] Successfully created attachment [Screenshot - 1635196868430_assertElementAttribute_false_containsComparison_expectedToFail_ValidateElementAttribute_failed] @25-10-2021 21:21:08.0709 P
[ReportManager] Browser Action [CloseCurrentWindow] successfully performed. @25-10-2021 21:21:08.0861 PM
[ReportManager] Successfully created attachment [Browser Action Test Data - CloseCurrentWindow - Actual Value] @25-10-2021 21:21:08.0862 P
[ReportManager] File Action [GetAbsolutePath] successfully performed. With the following test data [Relative Folder Path: "target/downloadedFiles/"]. @25-10-2021 21:21:08.0870 PM
[ReportManager] Attempting to run remotely on: [Linux-64], [GoogleChrome], [http://localhost:4444/wd/hub], Headless Execution. @25-10-2021 21:21:08.0871 PM
[ReportManager] Successfully Opened [GoogleChrome]. @25-10-2021 21:21:11.0462 PM
[ReportManager] Target URL: [https://www.google.com/ncr], and after redirection: [www.google.com] @25-10-2021 21:21:11.0463 PM
[ReportManager] Initial URL: [data:,] @25-10-2021 21:21:11.0548 PM
[ReportManager] Browser Action [NavigateToURL] successfully performed. With the following test data [https://www.google.com/ncr]. @25-10-2021 21:21:12.0446 P

################################################################################################################################################
Starting Execution:	[12 out of 143] test cases in the current suite
Test Method:		[unitTests.tests_validations_assertions.assertElementAttribute_false_containsComparison_expectedToPass]
################################################################################################################################################
[ReportManager] Element Action [Type] successfully performed. With the following test data [Automation123]. @25-10-2021 21:21:12.0639 PM
[ReportManager] Element Action [GetText] successfully performed. With the following test data [Automation123]. @25-10-2021 21:21:12.0931 PM
[ReportManager] Loaded Shared OpenCV @25-10-2021 21:21:13.0256 PM
[ReportManager] Assertion [ValidateElementAttribute] PASSED. Expected [Value Should not be 'Automation1234' for the 'text' attribute, element locator 'By.name: q'] and Actual [Automation123]. Comparison Type [CONTAINS]. Validation Type [NEGATIVE]. @25-10-2021 21:21:13.0493 PM
[ReportManager] Successfully created attachment [Screenshot - 1635196873256_assertElementAttribute_false_containsComparison_expectedToPass_ValidateElementAttribute_passed] @25-10-2021 21:21:13.0496 P
[ReportManager] Browser Action [CloseCurrentWindow] successfully performed. @25-10-2021 21:21:13.0627 PM
[ReportManager] Successfully created attachment [Browser Action Test Data - CloseCurrentWindow - Actual Value] @25-10-2021 21:21:13.0628 P
[ReportManager] File Action [GetAbsolutePath] successfully performed. With the following test data [Relative Folder Path: "target/downloadedFiles/"]. @25-10-2021 21:21:13.0632 PM
[ReportManager] Attempting to run remotely on: [Linux-64], [GoogleChrome], [http://localhost:4444/wd/hub], Headless Execution. @25-10-2021 21:21:13.0632 PM
[ReportManager] Successfully Opened [GoogleChrome]. @25-10-2021 21:21:16.0513 PM
[ReportManager] Target URL: [https://www.google.com/ncr], and after redirection: [www.google.com] @25-10-2021 21:21:16.0513 PM
[ReportManager] Initial URL: [data:,] @25-10-2021 21:21:16.0618 PM
[ReportManager] Browser Action [NavigateToURL] successfully performed. With the following test data [https://www.google.com/ncr]. @25-10-2021 21:21:17.0483 P

################################################################################################################################################
Starting Execution:	[13 out of 143] test cases in the current suite
Test Method:		[unitTests.tests_validations_assertions.assertElementAttribute_false_literalComparison_expectedToFail]
################################################################################################################################################
[ReportManager] Element Action [Type] successfully performed. With the following test data [Automation!@#$%^&*()_+{}[]\';/.,]. @25-10-2021 21:21:17.0895 PM
[ReportManager] Element Action [GetText] successfully performed. With the following test data [Automation!@#$%^&*()_+{}[]\';/.,]. @25-10-2021 21:21:18.0246 PM
[ReportManager] Loaded Shared OpenCV @25-10-2021 21:21:18.0593 PM
[ReportManager] Assertion [ValidateElementAttribute] PASSED. Expected [Value Should not be 'Automation!@#$%^&*()_+{}[]\\';/.,' for the 'text' attribute, element locator 'By.name: q'] and Actual [Automation!@#$%^&*()_+{}[]\';/.,]. Comparison Type [EQUALS]. Validation Type [NEGATIVE]. @25-10-2021 21:21:18.0836 PM
[ReportManager] Successfully created attachment [Screenshot - 1635196878593_assertElementAttribute_false_literalComparison_expectedToFail_ValidateElementAttribute_passed] @25-10-2021 21:21:18.0840 P
[ReportManager] Browser Action [CloseCurrentWindow] successfully performed. @25-10-2021 21:21:18.0980 PM
[ReportManager] Successfully created attachment [Browser Action Test Data - CloseCurrentWindow - Actual Value] @25-10-2021 21:21:18.0982 P
[ReportManager] File Action [GetAbsolutePath] successfully performed. With the following test data [Relative Folder Path: "target/downloadedFiles/"]. @25-10-2021 21:21:18.0985 PM
[ReportManager] Attempting to run remotely on: [Linux-64], [GoogleChrome], [http://localhost:4444/wd/hub], Headless Execution. @25-10-2021 21:21:18.0986 PM
[ReportManager] Successfully Opened [GoogleChrome]. @25-10-2021 21:21:21.0450 PM
[ReportManager] Target URL: [https://www.google.com/ncr], and after redirection: [www.google.com] @25-10-2021 21:21:21.0450 PM
[ReportManager] Initial URL: [data:,] @25-10-2021 21:21:21.0505 PM
[ReportManager] Browser Action [NavigateToURL] successfully performed. With the following test data [https://www.google.com/ncr]. @25-10-2021 21:21:22.0416 P

################################################################################################################################################
Starting Execution:	[14 out of 143] test cases in the current suite
Test Method:		[unitTests.tests_validations_assertions.assertElementAttribute_false_literalComparison_expectedToPass]
################################################################################################################################################
[ReportManager] Element Action [Type] successfully performed. With the following test data [Automation!@#$%^&*()_+{}[]\';/.,]. @25-10-2021 21:21:22.0748 PM
[ReportManager] Element Action [GetText] successfully performed. With the following test data [Automation!@#$%^&*()_+{}[]\';/.,]. @25-10-2021 21:21:23.0016 PM
[ReportManager] Loaded Shared OpenCV @25-10-2021 21:21:23.0366 PM
[ReportManager] Assertion [ValidateElementAttribute] PASSED. Expected [Value Should not be 'Automation' for the 'text' attribute, element locator 'By.name: q'] and Actual [Automation!@#$%^&*()_+{}[]\';/.,]. Comparison Type [EQUALS]. Validation Type [NEGATIVE]. @25-10-2021 21:21:23.0625 PM
[ReportManager] Successfully created attachment [Screenshot - 1635196883366_assertElementAttribute_false_literalComparison_expectedToPass_ValidateElementAttribute_passed] @25-10-2021 21:21:23.0626 P
[ReportManager] Browser Action [CloseCurrentWindow] successfully performed. @25-10-2021 21:21:23.0753 PM
[ReportManager] Successfully created attachment [Browser Action Test Data - CloseCurrentWindow - Actual Value] @25-10-2021 21:21:23.0753 P
[ReportManager] File Action [GetAbsolutePath] successfully performed. With the following test data [Relative Folder Path: "target/downloadedFiles/"]. @25-10-2021 21:21:23.0760 PM
[ReportManager] Attempting to run remotely on: [Linux-64], [GoogleChrome], [http://localhost:4444/wd/hub], Headless Execution. @25-10-2021 21:21:23.0761 PM
[ReportManager] Successfully Opened [GoogleChrome]. @25-10-2021 21:21:26.0464 PM
[ReportManager] Target URL: [https://www.google.com/ncr], and after redirection: [www.google.com] @25-10-2021 21:21:26.0464 PM
[ReportManager] Initial URL: [data:,] @25-10-2021 21:21:26.0559 PM
[ReportManager] Browser Action [NavigateToURL] successfully performed. With the following test data [https://www.google.com/ncr]. @25-10-2021 21:21:27.0405 P

################################################################################################################################################
Starting Execution:	[15 out of 143] test cases in the current suite
Test Method:		[unitTests.tests_validations_assertions.assertElementAttribute_false_regexComparison_expectedToFail]
################################################################################################################################################
[ReportManager] Element Action [Type] successfully performed. With the following test data [Automation123]. @25-10-2021 21:21:27.0604 PM
[ReportManager] Element Action [GetText] successfully performed. With the following test data [Automation123]. @25-10-2021 21:21:27.0918 PM
[ReportManager] Loaded Shared OpenCV @25-10-2021 21:21:28.0214 PM
[ReportManager] Assertion [ValidateElementAttribute] FAILED. Expected [Value Should not be 'Automation.*' for the 'text' attribute, element locator 'By.name: q'] and Actual [Automation123]. Comparison Type [MATCHES]. Validation Type [NEGATIVE]. @25-10-2021 21:21:28.0433 PM
[ReportManager] Successfully created attachment [Screenshot - 1635196888214_assertElementAttribute_false_regexComparison_expectedToFail_ValidateElementAttribute_failed] @25-10-2021 21:21:28.0435 P
[ReportManager] Browser Action [CloseCurrentWindow] successfully performed. @25-10-2021 21:21:28.0565 PM
[ReportManager] Successfully created attachment [Browser Action Test Data - CloseCurrentWindow - Actual Value] @25-10-2021 21:21:28.0566 P
[ReportManager] File Action [GetAbsolutePath] successfully performed. With the following test data [Relative Folder Path: "target/downloadedFiles/"]. @25-10-2021 21:21:28.0569 PM
[ReportManager] Attempting to run remotely on: [Linux-64], [GoogleChrome], [http://localhost:4444/wd/hub], Headless Execution. @25-10-2021 21:21:28.0569 PM
[ReportManager] Successfully Opened [GoogleChrome]. @25-10-2021 21:21:31.0530 PM
[ReportManager] Target URL: [https://www.google.com/ncr], and after redirection: [www.google.com] @25-10-2021 21:21:31.0531 PM
[ReportManager] Initial URL: [data:,] @25-10-2021 21:21:31.0574 PM
[ReportManager] Browser Action [NavigateToURL] successfully performed. With the following test data [https://www.google.com/ncr]. @25-10-2021 21:21:32.0482 P

################################################################################################################################################
Starting Execution:	[16 out of 143] test cases in the current suite
Test Method:		[unitTests.tests_validations_assertions.assertElementAttribute_false_regexComparison_expectedToPass]
################################################################################################################################################
[ReportManager] Element Action [Type] successfully performed. With the following test data [Automation123]. @25-10-2021 21:21:32.0670 PM
[ReportManager] Element Action [GetText] successfully performed. With the following test data [Automation123]. @25-10-2021 21:21:32.0923 PM
[ReportManager] Loaded Shared OpenCV @25-10-2021 21:21:33.0231 PM
[ReportManager] Assertion [ValidateElementAttribute] PASSED. Expected [Value Should not be 'Automation' for the 'text' attribute, element locator 'By.name: q'] and Actual [Automation123]. Comparison Type [MATCHES]. Validation Type [NEGATIVE]. @25-10-2021 21:21:33.0463 PM
[ReportManager] Successfully created attachment [Screenshot - 1635196893231_assertElementAttribute_false_regexComparison_expectedToPass_ValidateElementAttribute_passed] @25-10-2021 21:21:33.0464 P
[ReportManager] Browser Action [CloseCurrentWindow] successfully performed. @25-10-2021 21:21:33.0599 PM
[ReportManager] Successfully created attachment [Browser Action Test Data - CloseCurrentWindow - Actual Value] @25-10-2021 21:21:33.0600 P
[ReportManager] File Action [GetAbsolutePath] successfully performed. With the following test data [Relative Folder Path: "target/downloadedFiles/"]. @25-10-2021 21:21:33.0612 PM
[ReportManager] Attempting to run remotely on: [Linux-64], [GoogleChrome], [http://localhost:4444/wd/hub], Headless Execution. @25-10-2021 21:21:33.0612 PM
[ReportManager] Successfully Opened [GoogleChrome]. @25-10-2021 21:21:36.0450 PM
[ReportManager] Target URL: [https://www.google.com/ncr], and after redirection: [www.google.com] @25-10-2021 21:21:36.0450 PM
[ReportManager] Initial URL: [data:,] @25-10-2021 21:21:36.0501 PM
[ReportManager] Browser Action [NavigateToURL] successfully performed. With the following test data [https://www.google.com/ncr]. @25-10-2021 21:21:37.0349 P

################################################################################################################################################
Starting Execution:	[17 out of 143] test cases in the current suite
Test Method:		[unitTests.tests_validations_assertions.assertElementAttribute_true_caseInsensitiveComparison_expectedToFail]
################################################################################################################################################
[ReportManager] Element Action [Type] successfully performed. With the following test data [AUTOMATION]. @25-10-2021 21:21:37.0543 PM
[ReportManager] Element Action [GetText] successfully performed. With the following test data [AUTOMATION]. @25-10-2021 21:21:37.0804 PM
[ReportManager] Loaded Shared OpenCV @25-10-2021 21:21:38.0084 PM
[ReportManager] Assertion [ValidateElementAttribute] FAILED. Expected [Value Should be 'AutomaTion123' for the 'text' attribute, element locator 'By.name: q'] and Actual [AUTOMATION]. Comparison Type [CASE_INSENSITIVE]. Validation Type [POSITIVE]. @25-10-2021 21:21:38.0328 PM
[ReportManager] Successfully created attachment [Screenshot - 1635196898084_assertElementAttribute_true_caseInsensitiveComparison_expectedToFail_ValidateElementAttribute_failed] @25-10-2021 21:21:38.0330 P
[ReportManager] Browser Action [CloseCurrentWindow] successfully performed. @25-10-2021 21:21:38.0448 PM
[ReportManager] Successfully created attachment [Browser Action Test Data - CloseCurrentWindow - Actual Value] @25-10-2021 21:21:38.0449 P
[ReportManager] File Action [GetAbsolutePath] successfully performed. With the following test data [Relative Folder Path: "target/downloadedFiles/"]. @25-10-2021 21:21:38.0451 PM
[ReportManager] Attempting to run remotely on: [Linux-64], [GoogleChrome], [http://localhost:4444/wd/hub], Headless Execution. @25-10-2021 21:21:38.0452 PM
[ReportManager] Successfully Opened [GoogleChrome]. @25-10-2021 21:21:41.0441 PM
[ReportManager] Target URL: [https://www.google.com/ncr], and after redirection: [www.google.com] @25-10-2021 21:21:41.0441 PM
[ReportManager] Initial URL: [data:,] @25-10-2021 21:21:41.0499 PM
[ReportManager] Browser Action [NavigateToURL] successfully performed. With the following test data [https://www.google.com/ncr]. @25-10-2021 21:21:42.0322 P

################################################################################################################################################
Starting Execution:	[18 out of 143] test cases in the current suite
Test Method:		[unitTests.tests_validations_assertions.assertElementAttribute_true_caseInsensitiveComparison_expectedToPass]
################################################################################################################################################
[ReportManager] Element Action [Type] successfully performed. With the following test data [AUTOMATION]. @25-10-2021 21:21:42.0554 PM
[ReportManager] Element Action [GetText] successfully performed. With the following test data [AUTOMATION]. @25-10-2021 21:21:42.0862 PM
[ReportManager] Loaded Shared OpenCV @25-10-2021 21:21:43.0171 PM
[ReportManager] Assertion [ValidateElementAttribute] PASSED. Expected [Value Should be 'AutomaTion' for the 'text' attribute, element locator 'By.name: q'] and Actual [AUTOMATION]. Comparison Type [CASE_INSENSITIVE]. Validation Type [POSITIVE]. @25-10-2021 21:21:43.0415 PM
[ReportManager] Successfully created attachment [Screenshot - 1635196903171_assertElementAttribute_true_caseInsensitiveComparison_expectedToPass_ValidateElementAttribute_passed] @25-10-2021 21:21:43.0416 P
[ReportManager] Browser Action [CloseCurrentWindow] successfully performed. @25-10-2021 21:21:43.0532 PM
[ReportManager] Successfully created attachment [Browser Action Test Data - CloseCurrentWindow - Actual Value] @25-10-2021 21:21:43.0533 P
[ReportManager] File Action [GetAbsolutePath] successfully performed. With the following test data [Relative Folder Path: "target/downloadedFiles/"]. @25-10-2021 21:21:43.0538 PM
[ReportManager] Attempting to run remotely on: [Linux-64], [GoogleChrome], [http://localhost:4444/wd/hub], Headless Execution. @25-10-2021 21:21:43.0539 PM
[ReportManager] Successfully Opened [GoogleChrome]. @25-10-2021 21:21:46.0438 PM
[ReportManager] Target URL: [https://www.google.com/ncr], and after redirection: [www.google.com] @25-10-2021 21:21:46.0438 PM
[ReportManager] Initial URL: [data:,] @25-10-2021 21:21:46.0502 PM
[ReportManager] Browser Action [NavigateToURL] successfully performed. With the following test data [https://www.google.com/ncr]. @25-10-2021 21:21:47.0329 P

################################################################################################################################################
Starting Execution:	[19 out of 143] test cases in the current suite
Test Method:		[unitTests.tests_validations_assertions.assertElementAttribute_true_containsComparison_expectedToFail]
################################################################################################################################################
[ReportManager] Element Action [Type] successfully performed. With the following test data [Automation123]. @25-10-2021 21:21:47.0498 PM
[ReportManager] Element Action [GetText] successfully performed. With the following test data [Automation123]. @25-10-2021 21:21:47.0796 PM
[ReportManager] Loaded Shared OpenCV @25-10-2021 21:21:48.0069 PM
[ReportManager] Assertion [ValidateElementAttribute] FAILED. Expected [Value Should be 'Automation1234' for the 'text' attribute, element locator 'By.name: q'] and Actual [Automation123]. Comparison Type [CONTAINS]. Validation Type [POSITIVE]. @25-10-2021 21:21:48.0310 PM
[ReportManager] Successfully created attachment [Screenshot - 1635196908069_assertElementAttribute_true_containsComparison_expectedToFail_ValidateElementAttribute_failed] @25-10-2021 21:21:48.0312 P
[ReportManager] Browser Action [CloseCurrentWindow] successfully performed. @25-10-2021 21:21:48.0428 PM
[ReportManager] Successfully created attachment [Browser Action Test Data - CloseCurrentWindow - Actual Value] @25-10-2021 21:21:48.0430 P
[ReportManager] File Action [GetAbsolutePath] successfully performed. With the following test data [Relative Folder Path: "target/downloadedFiles/"]. @25-10-2021 21:21:48.0434 PM
[ReportManager] Attempting to run remotely on: [Linux-64], [GoogleChrome], [http://localhost:4444/wd/hub], Headless Execution. @25-10-2021 21:21:48.0434 PM
[ReportManager] Successfully Opened [GoogleChrome]. @25-10-2021 21:21:51.0413 PM
[ReportManager] Target URL: [https://www.google.com/ncr], and after redirection: [www.google.com] @25-10-2021 21:21:51.0413 PM
[ReportManager] Initial URL: [data:,] @25-10-2021 21:21:51.0527 PM
[ReportManager] Browser Action [NavigateToURL] successfully performed. With the following test data [https://www.google.com/ncr]. @25-10-2021 21:21:52.0368 P

################################################################################################################################################
Starting Execution:	[20 out of 143] test cases in the current suite
Test Method:		[unitTests.tests_validations_assertions.assertElementAttribute_true_containsComparison_expectedToPass]
################################################################################################################################################
[ReportManager] Element Action [Type] successfully performed. With the following test data [Automation123]. @25-10-2021 21:21:52.0656 PM
[ReportManager] Element Action [GetText] successfully performed. With the following test data [Automation123]. @25-10-2021 21:21:52.0904 PM
[ReportManager] Loaded Shared OpenCV @25-10-2021 21:21:53.0202 PM
[ReportManager] Assertion [ValidateElementAttribute] PASSED. Expected [Value Should be 'Automation' for the 'text' attribute, element locator 'By.name: q'] and Actual [Automation123]. Comparison Type [CONTAINS]. Validation Type [POSITIVE]. @25-10-2021 21:21:53.0433 PM
[ReportManager] Successfully created attachment [Screenshot - 1635196913202_assertElementAttribute_true_containsComparison_expectedToPass_ValidateElementAttribute_passed] @25-10-2021 21:21:53.0435 P
[ReportManager] Browser Action [CloseCurrentWindow] successfully performed. @25-10-2021 21:21:53.0591 PM
[ReportManager] Successfully created attachment [Browser Action Test Data - CloseCurrentWindow - Actual Value] @25-10-2021 21:21:53.0592 P
[ReportManager] File Action [GetAbsolutePath] successfully performed. With the following test data [Relative Folder Path: "target/downloadedFiles/"]. @25-10-2021 21:21:53.0594 PM
[ReportManager] Attempting to run remotely on: [Linux-64], [GoogleChrome], [http://localhost:4444/wd/hub], Headless Execution. @25-10-2021 21:21:53.0595 PM
[ReportManager] Successfully Opened [GoogleChrome]. @25-10-2021 21:21:56.0422 PM
[ReportManager] Target URL: [https://www.google.com/ncr], and after redirection: [www.google.com] @25-10-2021 21:21:56.0422 PM
[ReportManager] Initial URL: [data:,] @25-10-2021 21:21:56.0487 PM
[ReportManager] Browser Action [NavigateToURL] successfully performed. With the following test data [https://www.google.com/ncr]. @25-10-2021 21:21:57.0360 P

################################################################################################################################################
Starting Execution:	[21 out of 143] test cases in the current suite
Test Method:		[unitTests.tests_validations_assertions.assertElementAttribute_true_literalComparison_expectedToFail]
################################################################################################################################################
[ReportManager] Element Action [Type] successfully performed. With the following test data [Automation!@#$%^&*()_+{}[]\';/.,]. @25-10-2021 21:21:57.0674 PM
[ReportManager] Element Action [GetText] successfully performed. With the following test data [Automation!@#$%^&*()_+{}[]\';/.,]. @25-10-2021 21:21:57.0893 PM
[ReportManager] Loaded Shared OpenCV @25-10-2021 21:21:58.0187 PM
[ReportManager] Assertion [ValidateElementAttribute] FAILED. Expected [Value Should be 'Automation' for the 'text' attribute, element locator 'By.name: q'] and Actual [Automation!@#$%^&*()_+{}[]\';/.,]. Comparison Type [EQUALS]. Validation Type [POSITIVE]. @25-10-2021 21:21:58.0404 PM
[ReportManager] Successfully created attachment [Screenshot - 1635196918187_assertElementAttribute_true_literalComparison_expectedToFail_ValidateElementAttribute_failed] @25-10-2021 21:21:58.0406 P
[ReportManager] Browser Action [CloseCurrentWindow] successfully performed. @25-10-2021 21:21:58.0521 PM
[ReportManager] Successfully created attachment [Browser Action Test Data - CloseCurrentWindow - Actual Value] @25-10-2021 21:21:58.0522 P
[ReportManager] File Action [GetAbsolutePath] successfully performed. With the following test data [Relative Folder Path: "target/downloadedFiles/"]. @25-10-2021 21:21:58.0525 PM
[ReportManager] Attempting to run remotely on: [Linux-64], [GoogleChrome], [http://localhost:4444/wd/hub], Headless Execution. @25-10-2021 21:21:58.0525 PM
[ReportManager] Successfully Opened [GoogleChrome]. @25-10-2021 21:22:01.0421 PM
[ReportManager] Target URL: [https://www.google.com/ncr], and after redirection: [www.google.com] @25-10-2021 21:22:01.0422 PM
[ReportManager] Initial URL: [data:,] @25-10-2021 21:22:01.0448 PM
[ReportManager] Browser Action [NavigateToURL] successfully performed. With the following test data [https://www.google.com/ncr]. @25-10-2021 21:22:02.0154 P

################################################################################################################################################
Starting Execution:	[22 out of 143] test cases in the current suite
Test Method:		[unitTests.tests_validations_assertions.assertElementAttribute_true_literalComparison_expectedToPass]
################################################################################################################################################
[ReportManager] Element Action [Type] successfully performed. With the following test data [Automation!@#$%^&*()_+{}[]\';/.,]. @25-10-2021 21:22:02.0429 PM
[ReportManager] Element Action [GetText] successfully performed. With the following test data [Automation!@#$%^&*()_+{}[]\';/.,]. @25-10-2021 21:22:02.0637 PM
[ReportManager] Loaded Shared OpenCV @25-10-2021 21:22:02.0918 PM
[ReportManager] Assertion [ValidateElementAttribute] PASSED. Expected [Value Should be 'Automation!@#$%^&*()_+{}[]\';/.,' for the 'text' attribute, element locator 'By.name: q'] and Actual [Automation!@#$%^&*()_+{}[]\';/.,]. Comparison Type [EQUALS]. Validation Type [POSITIVE]. @25-10-2021 21:22:03.0127 PM
[ReportManager] Successfully created attachment [Screenshot - 1635196922918_assertElementAttribute_true_literalComparison_expectedToPass_ValidateElementAttribute_passed] @25-10-2021 21:22:03.0129 P
[ReportManager] Browser Action [CloseCurrentWindow] successfully performed. @25-10-2021 21:22:03.0251 PM
[ReportManager] Successfully created attachment [Browser Action Test Data - CloseCurrentWindow - Actual Value] @25-10-2021 21:22:03.0252 P
[ReportManager] File Action [GetAbsolutePath] successfully performed. With the following test data [Relative Folder Path: "target/downloadedFiles/"]. @25-10-2021 21:22:03.0254 PM
[ReportManager] Attempting to run remotely on: [Linux-64], [GoogleChrome], [http://localhost:4444/wd/hub], Headless Execution. @25-10-2021 21:22:03.0254 PM
[ReportManager] Successfully Opened [GoogleChrome]. @25-10-2021 21:22:06.0432 PM
[ReportManager] Target URL: [https://www.google.com/ncr], and after redirection: [www.google.com] @25-10-2021 21:22:06.0432 PM
[ReportManager] Initial URL: [data:,] @25-10-2021 21:22:06.0483 PM
[ReportManager] Browser Action [NavigateToURL] successfully performed. With the following test data [https://www.google.com/ncr]. @25-10-2021 21:22:07.0296 P

################################################################################################################################################
Starting Execution:	[23 out of 143] test cases in the current suite
Test Method:		[unitTests.tests_validations_assertions.assertElementAttribute_true_regexComparison_expectedToFail]
################################################################################################################################################
[ReportManager] Element Action [Type] successfully performed. With the following test data [Automation123]. @25-10-2021 21:22:07.0493 PM
[ReportManager] Element Action [GetText] successfully performed. With the following test data [Automation123]. @25-10-2021 21:22:07.0740 PM
[ReportManager] Loaded Shared OpenCV @25-10-2021 21:22:08.0031 PM
[ReportManager] Assertion [ValidateElementAttribute] FAILED. Expected [Value Should be 'Automation' for the 'text' attribute, element locator 'By.name: q'] and Actual [Automation123]. Comparison Type [MATCHES]. Validation Type [POSITIVE]. @25-10-2021 21:22:08.0258 PM
[ReportManager] Successfully created attachment [Screenshot - 1635196928031_assertElementAttribute_true_regexComparison_expectedToFail_ValidateElementAttribute_failed] @25-10-2021 21:22:08.0259 P
[ReportManager] Browser Action [CloseCurrentWindow] successfully performed. @25-10-2021 21:22:08.0380 PM
[ReportManager] Successfully created attachment [Browser Action Test Data - CloseCurrentWindow - Actual Value] @25-10-2021 21:22:08.0381 P
[ReportManager] File Action [GetAbsolutePath] successfully performed. With the following test data [Relative Folder Path: "target/downloadedFiles/"]. @25-10-2021 21:22:08.0384 PM
[ReportManager] Attempting to run remotely on: [Linux-64], [GoogleChrome], [http://localhost:4444/wd/hub], Headless Execution. @25-10-2021 21:22:08.0385 PM
[ReportManager] Successfully Opened [GoogleChrome]. @25-10-2021 21:22:11.0425 PM
[ReportManager] Target URL: [https://www.google.com/ncr], and after redirection: [www.google.com] @25-10-2021 21:22:11.0425 PM
[ReportManager] Initial URL: [data:,] @25-10-2021 21:22:11.0471 PM
[ReportManager] Browser Action [NavigateToURL] successfully performed. With the following test data [https://www.google.com/ncr]. @25-10-2021 21:22:12.0492 P

################################################################################################################################################
Starting Execution:	[24 out of 143] test cases in the current suite
Test Method:		[unitTests.tests_validations_assertions.assertElementAttribute_true_regexComparison_expectedToPass]
################################################################################################################################################
[ReportManager] Element Action [Type] successfully performed. With the following test data [Automation123]. @25-10-2021 21:22:12.0696 PM
[ReportManager] Element Action [GetText] successfully performed. With the following test data [Automation123]. @25-10-2021 21:22:12.0942 PM
[ReportManager] Loaded Shared OpenCV @25-10-2021 21:22:13.0194 PM
[ReportManager] Assertion [ValidateElementAttribute] PASSED. Expected [Value Should be 'Automation.*' for the 'text' attribute, element locator 'By.name: q'] and Actual [Automation123]. Comparison Type [MATCHES]. Validation Type [POSITIVE]. @25-10-2021 21:22:13.0408 PM
[ReportManager] Successfully created attachment [Screenshot - 1635196933194_assertElementAttribute_true_regexComparison_expectedToPass_ValidateElementAttribute_passed] @25-10-2021 21:22:13.0410 P
[ReportManager] Browser Action [CloseCurrentWindow] successfully performed. @25-10-2021 21:22:13.0544 PM
[ReportManager] Successfully created attachment [Browser Action Test Data - CloseCurrentWindow - Actual Value] @25-10-2021 21:22:13.0545 P
[ReportManager] File Action [GetAbsolutePath] successfully performed. With the following test data [Relative Folder Path: "target/downloadedFiles/"]. @25-10-2021 21:22:13.0549 PM
[ReportManager] Attempting to run remotely on: [Linux-64], [GoogleChrome], [http://localhost:4444/wd/hub], Headless Execution. @25-10-2021 21:22:13.0549 PM
[ReportManager] Successfully Opened [GoogleChrome]. @25-10-2021 21:22:16.0487 PM
[ReportManager] Target URL: [https://www.google.com/ncr], and after redirection: [www.google.com] @25-10-2021 21:22:16.0487 PM
[ReportManager] Initial URL: [data:,] @25-10-2021 21:22:16.0528 PM
[ReportManager] Browser Action [NavigateToURL] successfully performed. With the following test data [https://www.google.com/ncr]. @25-10-2021 21:22:17.0267 P

################################################################################################################################################
Starting Execution:	[25 out of 143] test cases in the current suite
Test Method:		[unitTests.tests_validations_assertions.assertElementAttribute_type_true_literalComparison_expectedToPass]
################################################################################################################################################
[ReportManager] Element Action [Type] successfully performed. With the following test data [Automation!@#$%^&*()_+{}[]\';/.,]. @25-10-2021 21:22:17.0557 PM
[ReportManager] Element Action [GetText] successfully performed. With the following test data [Automation!@#$%^&*()_+{}[]\';/.,]. @25-10-2021 21:22:17.0827 PM
[ReportManager] Loaded Shared OpenCV @25-10-2021 21:22:18.0083 PM
[ReportManager] Assertion [ValidateElementAttribute] PASSED. Expected [Value Should be 'Automation!@#$%^&*()_+{}[]\';/.,' for the 'text' attribute, element locator 'By.name: q'] and Actual [Automation!@#$%^&*()_+{}[]\';/.,]. Comparison Type [EQUALS]. Validation Type [POSITIVE]. @25-10-2021 21:22:18.0285 PM
[ReportManager] Successfully created attachment [Screenshot - 1635196938083_assertElementAttribute_type_true_literalComparison_expectedToPass_ValidateElementAttribute_passed] @25-10-2021 21:22:18.0287 P
[ReportManager] Browser Action [CloseCurrentWindow] successfully performed. @25-10-2021 21:22:18.0405 PM
[ReportManager] Successfully created attachment [Browser Action Test Data - CloseCurrentWindow - Actual Value] @25-10-2021 21:22:18.0405 P
[ReportManager] File Action [GetAbsolutePath] successfully performed. With the following test data [Relative Folder Path: "target/downloadedFiles/"]. @25-10-2021 21:22:18.0408 PM
[ReportManager] Attempting to run remotely on: [Linux-64], [GoogleChrome], [http://localhost:4444/wd/hub], Headless Execution. @25-10-2021 21:22:18.0408 PM
[ReportManager] Successfully Opened [GoogleChrome]. @25-10-2021 21:22:21.0408 PM
[ReportManager] Target URL: [https://www.google.com/ncr], and after redirection: [www.google.com] @25-10-2021 21:22:21.0408 PM
[ReportManager] Initial URL: [data:,] @25-10-2021 21:22:21.0434 PM
[ReportManager] Browser Action [NavigateToURL] successfully performed. With the following test data [https://www.google.com/ncr]. @25-10-2021 21:22:22.0188 P

################################################################################################################################################
Starting Execution:	[26 out of 143] test cases in the current suite
Test Method:		[unitTests.tests_validations_assertions.assertElementExists_false_expectedToFail]
################################################################################################################################################
[ReportManager] Loaded Shared OpenCV @25-10-2021 21:22:22.0521 PM
[ReportManager] Assertion [ValidateElementExists] FAILED. Expected [Element Should not Exist, locator 'By.id: hplogo'] and Actual [Element Exists]. Comparison Type [EQUALS]. Validation Type [NEGATIVE]. @25-10-2021 21:22:22.0717 PM
[ReportManager] Successfully created attachment [Screenshot - 1635196942521_assertElementExists_false_expectedToFail_ValidateElementExists_failed] @25-10-2021 21:22:22.0721 P
[ReportManager] Browser Action [CloseCurrentWindow] successfully performed. @25-10-2021 21:22:22.0833 PM
[ReportManager] Successfully created attachment [Browser Action Test Data - CloseCurrentWindow - Actual Value] @25-10-2021 21:22:22.0834 P
[ReportManager] File Action [GetAbsolutePath] successfully performed. With the following test data [Relative Folder Path: "target/downloadedFiles/"]. @25-10-2021 21:22:22.0837 PM
[ReportManager] Attempting to run remotely on: [Linux-64], [GoogleChrome], [http://localhost:4444/wd/hub], Headless Execution. @25-10-2021 21:22:22.0837 PM
[ReportManager] Successfully Opened [GoogleChrome]. @25-10-2021 21:22:26.0423 PM
[ReportManager] Target URL: [https://www.google.com/ncr], and after redirection: [www.google.com] @25-10-2021 21:22:26.0423 PM
[ReportManager] Initial URL: [data:,] @25-10-2021 21:22:26.0480 PM
[ReportManager] Browser Action [NavigateToURL] successfully performed. With the following test data [https://www.google.com/ncr]. @25-10-2021 21:22:27.0329 P

################################################################################################################################################
Starting Execution:	[27 out of 143] test cases in the current suite
Test Method:		[unitTests.tests_validations_assertions.assertElementExists_false_expectedToPass]
################################################################################################################################################
[ReportManager] Assertion [ValidateElementExists] PASSED. Expected [Element Should not Exist, locator 'By.id: fakeElement'] and Actual [Element Doesn't Exists]. Comparison Type [EQUALS]. Validation Type [NEGATIVE]. @25-10-2021 21:22:37.0972 PM
[ReportManager] Successfully created attachment [Screenshot - 1635196957761_assertElementExists_false_expectedToPass_ValidateElementExists_passed] @25-10-2021 21:22:37.0973 P
[ReportManager] Browser Action [CloseCurrentWindow] successfully performed. @25-10-2021 21:22:38.0086 PM
[ReportManager] Successfully created attachment [Browser Action Test Data - CloseCurrentWindow - Actual Value] @25-10-2021 21:22:38.0086 P
[ReportManager] File Action [GetAbsolutePath] successfully performed. With the following test data [Relative Folder Path: "target/downloadedFiles/"]. @25-10-2021 21:22:38.0089 PM
[ReportManager] Attempting to run remotely on: [Linux-64], [GoogleChrome], [http://localhost:4444/wd/hub], Headless Execution. @25-10-2021 21:22:38.0089 PM
[ReportManager] Successfully Opened [GoogleChrome]. @25-10-2021 21:22:41.0451 PM
[ReportManager] Target URL: [https://www.google.com/ncr], and after redirection: [www.google.com] @25-10-2021 21:22:41.0451 PM
[ReportManager] Initial URL: [data:,] @25-10-2021 21:22:41.0509 PM
[ReportManager] Browser Action [NavigateToURL] successfully performed. With the following test data [https://www.google.com/ncr]. @25-10-2021 21:22:42.0379 P

################################################################################################################################################
Starting Execution:	[28 out of 143] test cases in the current suite
Test Method:		[unitTests.tests_validations_assertions.assertElementExists_false_multipleElementsFound_expectedToFail]
################################################################################################################################################
[ReportManager] Assertion [ValidateElementExists] FAILED. Expected [Element Should not Exist, locator 'By.xpath: //div'] and Actual [Element Exists but is not unique]. Comparison Type [EQUALS]. Validation Type [NEGATIVE]. @25-10-2021 21:22:42.0897 PM
[ReportManager] Successfully created attachment [Screenshot - 1635196962715_assertElementExists_false_multipleElementsFound_expectedToFail_ValidateElementExists_failed] @25-10-2021 21:22:42.0898 P
[ReportManager] Browser Action [CloseCurrentWindow] successfully performed. @25-10-2021 21:22:43.0007 PM
[ReportManager] Successfully created attachment [Browser Action Test Data - CloseCurrentWindow - Actual Value] @25-10-2021 21:22:43.0008 P
[ReportManager] File Action [GetAbsolutePath] successfully performed. With the following test data [Relative Folder Path: "target/downloadedFiles/"]. @25-10-2021 21:22:43.0016 PM
[ReportManager] Attempting to run remotely on: [Linux-64], [GoogleChrome], [http://localhost:4444/wd/hub], Headless Execution. @25-10-2021 21:22:43.0024 PM
[ReportManager] Successfully Opened [GoogleChrome]. @25-10-2021 21:22:46.0412 PM
[ReportManager] Target URL: [https://www.google.com/ncr], and after redirection: [www.google.com] @25-10-2021 21:22:46.0413 PM
[ReportManager] Initial URL: [data:,] @25-10-2021 21:22:46.0477 PM
[ReportManager] Browser Action [NavigateToURL] successfully performed. With the following test data [https://www.google.com/ncr]. @25-10-2021 21:22:47.0329 P

################################################################################################################################################
Starting Execution:	[29 out of 143] test cases in the current suite
Test Method:		[unitTests.tests_validations_assertions.assertElementExists_true_expectedToFail]
################################################################################################################################################
[ReportManager] Assertion [ValidateElementExists] FAILED. Expected [Element Should Exist, locator 'By.id: fakeElement'] and Actual [Element Doesn't Exists]. Comparison Type [EQUALS]. Validation Type [POSITIVE]. @25-10-2021 21:23:18.0273 PM
[ReportManager] Successfully created attachment [Screenshot - 1635196998109_assertElementExists_true_expectedToFail_ValidateElementExists_failed] @25-10-2021 21:23:18.0274 P
[ReportManager] Browser Action [CloseCurrentWindow] successfully performed. @25-10-2021 21:23:18.0382 PM
[ReportManager] Successfully created attachment [Browser Action Test Data - CloseCurrentWindow - Actual Value] @25-10-2021 21:23:18.0383 P
[ReportManager] File Action [GetAbsolutePath] successfully performed. With the following test data [Relative Folder Path: "target/downloadedFiles/"]. @25-10-2021 21:23:18.0385 PM
[ReportManager] Attempting to run remotely on: [Linux-64], [GoogleChrome], [http://localhost:4444/wd/hub], Headless Execution. @25-10-2021 21:23:18.0386 PM
[ReportManager] Successfully Opened [GoogleChrome]. @25-10-2021 21:23:21.0428 PM
[ReportManager] Target URL: [https://www.google.com/ncr], and after redirection: [www.google.com] @25-10-2021 21:23:21.0428 PM
[ReportManager] Initial URL: [data:,] @25-10-2021 21:23:21.0492 PM
[ReportManager] Browser Action [NavigateToURL] successfully performed. With the following test data [https://www.google.com/ncr]. @25-10-2021 21:23:22.0252 P

################################################################################################################################################
Starting Execution:	[30 out of 143] test cases in the current suite
Test Method:		[unitTests.tests_validations_assertions.assertElementExists_true_expectedToPass]
################################################################################################################################################
[ReportManager] Loaded Shared OpenCV @25-10-2021 21:23:22.0575 PM
[ReportManager] Assertion [ValidateElementExists] PASSED. Expected [Element Should Exist, locator 'By.xpath: //*[@id='hplogo' or @alt='Google']'] and Actual [Element Exists]. Comparison Type [EQUALS]. Validation Type [POSITIVE]. @25-10-2021 21:23:22.0801 PM
[ReportManager] Successfully created attachment [Screenshot - 1635197002575_assertElementExists_true_expectedToPass_ValidateElementExists_passed] @25-10-2021 21:23:22.0802 P
[ReportManager] Browser Action [CloseCurrentWindow] successfully performed. @25-10-2021 21:23:22.0908 PM
[ReportManager] Successfully created attachment [Browser Action Test Data - CloseCurrentWindow - Actual Value] @25-10-2021 21:23:22.0908 P
[ReportManager] File Action [GetAbsolutePath] successfully performed. With the following test data [Relative Folder Path: "target/downloadedFiles/"]. @25-10-2021 21:23:22.0913 PM
[ReportManager] Attempting to run remotely on: [Linux-64], [GoogleChrome], [http://localhost:4444/wd/hub], Headless Execution. @25-10-2021 21:23:22.0913 PM
[ReportManager] Successfully Opened [GoogleChrome]. @25-10-2021 21:23:26.0400 PM
[ReportManager] Target URL: [https://www.google.com/ncr], and after redirection: [www.google.com] @25-10-2021 21:23:26.0400 PM
[ReportManager] Initial URL: [data:,] @25-10-2021 21:23:26.0426 PM
[ReportManager] Browser Action [NavigateToURL] successfully performed. With the following test data [https://www.google.com/ncr]. @25-10-2021 21:23:27.0209 P

################################################################################################################################################
Starting Execution:	[31 out of 143] test cases in the current suite
Test Method:		[unitTests.tests_validations_assertions.assertElementExists_true_multipleElementsFound_expectedToFail]
################################################################################################################################################
[ReportManager] Assertion [ValidateElementExists] FAILED. Expected [Element Should Exist, locator 'By.xpath: //div'] and Actual [Element Exists but is not unique]. Comparison Type [EQUALS]. Validation Type [POSITIVE]. @25-10-2021 21:23:27.0684 PM
[ReportManager] Successfully created attachment [Screenshot - 1635197007518_assertElementExists_true_multipleElementsFound_expectedToFail_ValidateElementExists_failed] @25-10-2021 21:23:27.0684 P
[ReportManager] Browser Action [CloseCurrentWindow] successfully performed. @25-10-2021 21:23:27.0795 PM
[ReportManager] Successfully created attachment [Browser Action Test Data - CloseCurrentWindow - Actual Value] @25-10-2021 21:23:27.0796 P

################################################################################################################################################
Starting Execution:	[32 out of 143] test cases in the current suite
Test Method:		[unitTests.tests_validations_assertions.assertEquals_false_expectedToFail]
################################################################################################################################################
[ReportManager] Assertion [ValidateEquals] FAILED. Expected [1] and Actual [1]. Comparison Type [EQUALS]. Validation Type [NEGATIVE]. @25-10-2021 21:23:27.0800 P

################################################################################################################################################
Starting Execution:	[33 out of 143] test cases in the current suite
Test Method:		[unitTests.tests_validations_assertions.assertEquals_false_expectedToPass]
################################################################################################################################################
[ReportManager] Assertion [ValidateEquals] PASSED. Expected [1] and Actual [2]. Comparison Type [EQUALS]. Validation Type [NEGATIVE]. @25-10-2021 21:23:27.0803 P

################################################################################################################################################
Starting Execution:	[34 out of 143] test cases in the current suite
Test Method:		[unitTests.tests_validations_assertions.assertEquals_longCharacters]
################################################################################################################################################
[ReportManager] Verification [ValidateEquals] PASSED. Expected and Actual values are attached. Comparison Type [EQUALS]. Validation Type [POSITIVE]. @25-10-2021 21:23:27.0809 PM
[ReportManager] Successfully created attachment [Validation Test Data - Expected Value] @25-10-2021 21:23:27.0809 PM
[ReportManager] Successfully created attachment [Validation Test Data - Actual Value] @25-10-2021 21:23:27.0809 PM
[ReportManager] Assertion [ValidateEquals] PASSED. Expected and Actual values are attached. Comparison Type [EQUALS]. Validation Type [POSITIVE]. @25-10-2021 21:23:27.0810 PM
[ReportManager] Successfully created attachment [Validation Test Data - Expected Value] @25-10-2021 21:23:27.0810 PM
[ReportManager] Successfully created attachment [Validation Test Data - Actual Value] @25-10-2021 21:23:27.0810 P

################################################################################################################################################
Starting Execution:	[35 out of 143] test cases in the current suite
Test Method:		[unitTests.tests_validations_assertions.assertEquals_longCharacters_Discreet]
################################################################################################################################################
[ReportManager] Assertion [ValidateEquals] PASSED. Expected [1LH5pROcDBjjQk0t0mCr0lXuzQu9lcGj28kY8R1H81X67eVAQJgWQhILiRWVPUgZ6uCtK5cnBkF55Jr9vYngjGO1Iyf0Mktv6lruDlL9T8MAUPcUZJGHZtji6nIeadujDSNmWMj5d6C8zlFqw0CRqBU0hO5adIasHgBSNoLotAjce3NGXoDwAlp3rYreeV16VIyZXROQY] and Actual [1LH5pROcDBjjQk0t0mCr0lXuzQu9lcGj28kY8R1H81X67eVAQJgWQhILiRWVPUgZ6uCtK5cnBkF55Jr9vYngjGO1Iyf0Mktv6lruDlL9T8MAUPcUZJGHZtji6nIeadujDSNmWMj5d6C8zlFqw0CRqBU0hO5adIasHgBSNoLotAjce3NGXoDwAlp3rYreeV16VIyZXROQY]. Comparison Type [EQUALS]. Validation Type [POSITIVE]. @25-10-2021 21:23:27.0815 P

################################################################################################################################################
Starting Execution:	[36 out of 143] test cases in the current suite
Test Method:		[unitTests.tests_validations_assertions.assertEquals_true_expectedToFail]
################################################################################################################################################
[ReportManager] Assertion [ValidateEquals] FAILED. Expected [1] and Actual [2]. Comparison Type [EQUALS]. Validation Type [POSITIVE]. @25-10-2021 21:23:27.0824 P

################################################################################################################################################
Starting Execution:	[37 out of 143] test cases in the current suite
Test Method:		[unitTests.tests_validations_assertions.assertEquals_true_expectedToPass]
Test Description:	[Assert that assertEquals works as expected when the two values are equal.]
################################################################################################################################################
[ReportManager] Verification [ValidateEquals] PASSED. Expected [1] and Actual [1]. Comparison Type [EQUALS]. Validation Type [POSITIVE]. @25-10-2021 21:23:27.0839 PM
[ReportManager] Assertion [ValidateEquals] PASSED. Expected [1] and Actual [1]. Comparison Type [EQUALS]. Validation Type [POSITIVE]. @25-10-2021 21:23:27.0841 P

################################################################################################################################################
Starting Execution:	[38 out of 143] test cases in the current suite
Test Method:		[unitTests.tests_validations_assertions.assertEquals_true_expectedToPass__]
################################################################################################################################################
[ReportManager] Assertion [ValidateEquals] PASSED. Expected [1] and Actual [1]. Comparison Type [EQUALS]. Validation Type [POSITIVE]. @25-10-2021 21:23:27.0844 P

################################################################################################################################################
Starting Execution:	[39 out of 143] test cases in the current suite
Test Method:		[unitTests.tests_validations_assertions.assertFileExists_false_expectedToFail]
################################################################################################################################################
[ReportManager] File Action [DoesFileExist] successfully performed. With the following test data [File Path: "src/main/java/com/shaft/gui/element/ElementActions.java"]. @25-10-2021 21:23:27.0848 PM
[ReportManager] Assertion [ValidateFileExists] FAILED. Expected [File 'src/main/java/com/shaft/gui/element/ElementActions.java' should not exist, after up to '1' retries] and Actual [File exists]. Validation Type [NEGATIVE]. @25-10-2021 21:23:27.0856 P

################################################################################################################################################
Starting Execution:	[40 out of 143] test cases in the current suite
Test Method:		[unitTests.tests_validations_assertions.assertFileExists_false_expectedToPass]
################################################################################################################################################
[ReportManager] File Action [DoesFileExist] successfully performed. With the following test data [File Path: "src/main/java/com/shaft/gui/element/ElementActions.java_fail"]. @25-10-2021 21:23:28.0360 PM
[ReportManager] Assertion [ValidateFileExists] PASSED. Expected [File 'src/main/java/com/shaft/gui/element/ElementActions.java_fail' should not exist, after up to '1' retries] and Actual [File does not exist]. Validation Type [NEGATIVE]. @25-10-2021 21:23:28.0361 P

################################################################################################################################################
Starting Execution:	[41 out of 143] test cases in the current suite
Test Method:		[unitTests.tests_validations_assertions.assertFileExists_true_expectedToFail]
################################################################################################################################################
[ReportManager] File Action [DoesFileExist] successfully performed. With the following test data [File Path: "src/main/java/com/shaft/gui/element/ElementActions.java_fail"]. @25-10-2021 21:23:28.0865 PM
[ReportManager] Assertion [ValidateFileExists] FAILED. Expected [File 'src/main/java/com/shaft/gui/element/ElementActions.java_fail' should exist, after up to '1' retries] and Actual [File does not exist]. Validation Type [POSITIVE]. @25-10-2021 21:23:28.0866 P

################################################################################################################################################
Starting Execution:	[42 out of 143] test cases in the current suite
Test Method:		[unitTests.tests_validations_assertions.assertFileExists_true_expectedToPass]
################################################################################################################################################
[ReportManager] File Action [DoesFileExist] successfully performed. With the following test data [File Path: "src/main/java/com/shaft/gui/element/ElementActions.java"]. @25-10-2021 21:23:28.0870 PM
[ReportManager] Assertion [ValidateFileExists] PASSED. Expected [File 'src/main/java/com/shaft/gui/element/ElementActions.java' should exist, after up to '1' retries] and Actual [File exists]. Validation Type [POSITIVE]. @25-10-2021 21:23:28.0870 P

################################################################################################################################################
Starting Execution:	[43 out of 143] test cases in the current suite
Test Method:		[unitTests.tests_validations_assertions.assertNull_false_expectedToFail]
################################################################################################################################################
[ReportManager] Assertion [ValidateNull] FAILED. Expected [NULL] and Actual [NULL]. Comparison Type [EQUALS]. Validation Type [NEGATIVE]. @25-10-2021 21:23:28.0873 P

################################################################################################################################################
Starting Execution:	[44 out of 143] test cases in the current suite
Test Method:		[unitTests.tests_validations_assertions.assertNull_false_expectedToPass]
################################################################################################################################################
[ReportManager] Assertion [ValidateNull] PASSED. Expected [NULL] and Actual [1]. Comparison Type [EQUALS]. Validation Type [NEGATIVE]. @25-10-2021 21:23:28.0876 P

################################################################################################################################################
Starting Execution:	[45 out of 143] test cases in the current suite
Test Method:		[unitTests.tests_validations_assertions.assertNull_true_expectedToFail]
################################################################################################################################################
[ReportManager] Assertion [ValidateNull] FAILED. Expected [NULL] and Actual [1]. Comparison Type [EQUALS]. Validation Type [POSITIVE]. @25-10-2021 21:23:28.0879 P

################################################################################################################################################
Starting Execution:	[46 out of 143] test cases in the current suite
Test Method:		[unitTests.tests_validations_assertions.assertNull_true_expectedToPass]
################################################################################################################################################
[ReportManager] Assertion [ValidateNull] PASSED. Expected [NULL] and Actual [NULL]. Comparison Type [EQUALS]. Validation Type [POSITIVE]. @25-10-2021 21:23:28.0881 P

################################################################################################################################################
Starting Execution:	[47 out of 143] test cases in the current suite
Test Method:		[unitTests.tests_restActions.getPostsAndAssertBodyForSpecificTitle]
################################################################################################################################################
[ReportManager] Response status code: [200], status line: [HTTP/1.1 200 OK] @25-10-2021 21:23:31.0318 PM
[ReportManager] Assertion Passed: Evaluating the actual response status code against the expected one... @25-10-2021 21:23:31.0319 PM
[ReportManager] Assertion [ValidateEquals] PASSED. Expected [200] and Actual [200]. Comparison Type [EQUALS]. Validation Type [POSITIVE]. @25-10-2021 21:23:31.0319 PM
[ReportManager] API Action [PerformRequest] successfully performed. With the following test data [Request Type: "GET" | Target Status Code: "200" | Service URL: "https://jsonplaceholder.typicode.com/posts" | Content Type: "*/*" | Response Time: "924ms"]. @25-10-2021 21:23:32.0652 PM
[ReportManager] Successfully created attachment [API Request - Specifications] @25-10-2021 21:23:32.0653 PM
[ReportManager] Successfully created attachment [API Response - JSON Body] @25-10-2021 21:23:32.0889 PM
[ReportManager] API Action [GetResponseJSONValueAsList] successfully performed. @25-10-2021 21:23:32.0905 PM
[ReportManager] API Action [GetResponseJSONValue] successfully performed. With the following test data [title]. @25-10-2021 21:23:32.0925 PM
[ReportManager] API Action [GetResponseJSONValue] successfully performed. With the following test data [title]. @25-10-2021 21:23:32.0938 PM
[ReportManager] API Action [GetResponseJSONValue] successfully performed. With the following test data [body]. @25-10-2021 21:23:32.0948 PM
[ReportManager] Assertion [ValidateEquals] PASSED. Expected [qui neque nisi nulla] and Actual [est rerum tempore vitae
sequi sint nihil reprehenderit dolor beatae ea dolores neque
fugiat blanditiis voluptate porro vel nihil molestiae ut reiciendis
qui aperiam non debitis possimus qui neque nisi nulla]. Comparison Type [CONTAINS]. Validation Type [POSITIVE]. @25-10-2021 21:23:32.0948 PM
[ReportManager] API Action [GetResponseJSONValue] successfully performed. With the following test data [title]. @25-10-2021 21:23:32.0960 PM
[ReportManager] API Action [GetResponseJSONValue] successfully performed. With the following test data [title]. @25-10-2021 21:23:32.0970 PM
[ReportManager] API Action [GetResponseJSONValue] successfully performed. With the following test data [title]. @25-10-2021 21:23:32.0981 PM
[ReportManager] API Action [GetResponseJSONValue] successfully performed. With the following test data [title]. @25-10-2021 21:23:32.0991 PM
[ReportManager] API Action [GetResponseJSONValue] successfully performed. With the following test data [title]. @25-10-2021 21:23:33.0002 PM
[ReportManager] API Action [GetResponseJSONValue] successfully performed. With the following test data [title]. @25-10-2021 21:23:33.0011 PM
[ReportManager] API Action [GetResponseJSONValue] successfully performed. With the following test data [title]. @25-10-2021 21:23:33.0024 PM
[ReportManager] API Action [GetResponseJSONValue] successfully performed. With the following test data [title]. @25-10-2021 21:23:33.0034 PM
[ReportManager] API Action [GetResponseJSONValue] successfully performed. With the following test data [title]. @25-10-2021 21:23:33.0044 PM
[ReportManager] API Action [GetResponseJSONValue] successfully performed. With the following test data [title]. @25-10-2021 21:23:33.0056 PM
[ReportManager] API Action [GetResponseJSONValue] successfully performed. With the following test data [title]. @25-10-2021 21:23:33.0069 PM
[ReportManager] API Action [GetResponseJSONValue] successfully performed. With the following test data [title]. @25-10-2021 21:23:33.0081 PM
[ReportManager] API Action [GetResponseJSONValue] successfully performed. With the following test data [title]. @25-10-2021 21:23:33.0091 PM
[ReportManager] API Action [GetResponseJSONValue] successfully performed. With the following test data [title]. @25-10-2021 21:23:33.0101 PM
[ReportManager] API Action [GetResponseJSONValue] successfully performed. With the following test data [title]. @25-10-2021 21:23:33.0113 PM
[ReportManager] API Action [GetResponseJSONValue] successfully performed. With the following test data [title]. @25-10-2021 21:23:33.0123 PM
[ReportManager] API Action [GetResponseJSONValue] successfully performed. With the following test data [title]. @25-10-2021 21:23:33.0134 PM
[ReportManager] API Action [GetResponseJSONValue] successfully performed. With the following test data [title]. @25-10-2021 21:23:33.0144 PM
[ReportManager] API Action [GetResponseJSONValue] successfully performed. With the following test data [title]. @25-10-2021 21:23:33.0154 PM
[ReportManager] API Action [GetResponseJSONValue] successfully performed. With the following test data [title]. @25-10-2021 21:23:33.0164 PM
[ReportManager] API Action [GetResponseJSONValue] successfully performed. With the following test data [title]. @25-10-2021 21:23:33.0174 PM
[ReportManager] API Action [GetResponseJSONValue] successfully performed. With the following test data [title]. @25-10-2021 21:23:33.0183 PM
[ReportManager] API Action [GetResponseJSONValue] successfully performed. With the following test data [title]. @25-10-2021 21:23:33.0194 PM
[ReportManager] API Action [GetResponseJSONValue] successfully performed. With the following test data [title]. @25-10-2021 21:23:33.0204 PM
[ReportManager] API Action [GetResponseJSONValue] successfully performed. With the following test data [title]. @25-10-2021 21:23:33.0214 PM
[ReportManager] API Action [GetResponseJSONValue] successfully performed. With the following test data [title]. @25-10-2021 21:23:33.0225 PM
[ReportManager] API Action [GetResponseJSONValue] successfully performed. With the following test data [title]. @25-10-2021 21:23:33.0235 PM
[ReportManager] API Action [GetResponseJSONValue] successfully performed. With the following test data [title]. @25-10-2021 21:23:33.0246 PM
[ReportManager] API Action [GetResponseJSONValue] successfully performed. With the following test data [title]. @25-10-2021 21:23:33.0256 PM
[ReportManager] API Action [GetResponseJSONValue] successfully performed. With the following test data [title]. @25-10-2021 21:23:33.0266 PM
[ReportManager] API Action [GetResponseJSONValue] successfully performed. With the following test data [title]. @25-10-2021 21:23:33.0275 PM
[ReportManager] API Action [GetResponseJSONValue] successfully performed. With the following test data [title]. @25-10-2021 21:23:33.0284 PM
[ReportManager] API Action [GetResponseJSONValue] successfully performed. With the following test data [title]. @25-10-2021 21:23:33.0293 PM
[ReportManager] API Action [GetResponseJSONValue] successfully performed. With the following test data [title]. @25-10-2021 21:23:33.0303 PM
[ReportManager] API Action [GetResponseJSONValue] successfully performed. With the following test data [title]. @25-10-2021 21:23:33.0312 PM
[ReportManager] API Action [GetResponseJSONValue] successfully performed. With the following test data [title]. @25-10-2021 21:23:33.0323 PM
[ReportManager] API Action [GetResponseJSONValue] successfully performed. With the following test data [title]. @25-10-2021 21:23:33.0332 PM
[ReportManager] API Action [GetResponseJSONValue] successfully performed. With the following test data [title]. @25-10-2021 21:23:33.0340 PM
[ReportManager] API Action [GetResponseJSONValue] successfully performed. With the following test data [title]. @25-10-2021 21:23:33.0350 PM
[ReportManager] API Action [GetResponseJSONValue] successfully performed. With the following test data [title]. @25-10-2021 21:23:33.0362 PM
[ReportManager] API Action [GetResponseJSONValue] successfully performed. With the following test data [title]. @25-10-2021 21:23:33.0370 PM
[ReportManager] API Action [GetResponseJSONValue] successfully performed. With the following test data [title]. @25-10-2021 21:23:33.0380 PM
[ReportManager] API Action [GetResponseJSONValue] successfully performed. With the following test data [title]. @25-10-2021 21:23:33.0390 PM
[ReportManager] API Action [GetResponseJSONValue] successfully performed. With the following test data [title]. @25-10-2021 21:23:33.0398 PM
[ReportManager] API Action [GetResponseJSONValue] successfully performed. With the following test data [title]. @25-10-2021 21:23:33.0407 PM
[ReportManager] API Action [GetResponseJSONValue] successfully performed. With the following test data [title]. @25-10-2021 21:23:33.0415 PM
[ReportManager] API Action [GetResponseJSONValue] successfully performed. With the following test data [title]. @25-10-2021 21:23:33.0424 PM
[ReportManager] API Action [GetResponseJSONValue] successfully performed. With the following test data [title]. @25-10-2021 21:23:33.0434 PM
[ReportManager] API Action [GetResponseJSONValue] successfully performed. With the following test data [title]. @25-10-2021 21:23:33.0443 PM
[ReportManager] API Action [GetResponseJSONValue] successfully performed. With the following test data [title]. @25-10-2021 21:23:33.0451 PM
[ReportManager] API Action [GetResponseJSONValue] successfully performed. With the following test data [title]. @25-10-2021 21:23:33.0461 PM
[ReportManager] API Action [GetResponseJSONValue] successfully performed. With the following test data [title]. @25-10-2021 21:23:33.0470 PM
[ReportManager] API Action [GetResponseJSONValue] successfully performed. With the following test data [title]. @25-10-2021 21:23:33.0480 PM
[ReportManager] API Action [GetResponseJSONValue] successfully performed. With the following test data [title]. @25-10-2021 21:23:33.0488 PM
[ReportManager] API Action [GetResponseJSONValue] successfully performed. With the following test data [title]. @25-10-2021 21:23:33.0496 PM
[ReportManager] API Action [GetResponseJSONValue] successfully performed. With the following test data [title]. @25-10-2021 21:23:33.0505 PM
[ReportManager] API Action [GetResponseJSONValue] successfully performed. With the following test data [title]. @25-10-2021 21:23:33.0514 PM
[ReportManager] API Action [GetResponseJSONValue] successfully performed. With the following test data [title]. @25-10-2021 21:23:33.0524 PM
[ReportManager] API Action [GetResponseJSONValue] successfully performed. With the following test data [title]. @25-10-2021 21:23:33.0533 PM
[ReportManager] API Action [GetResponseJSONValue] successfully performed. With the following test data [title]. @25-10-2021 21:23:33.0557 PM
[ReportManager] API Action [GetResponseJSONValue] successfully performed. With the following test data [title]. @25-10-2021 21:23:33.0571 PM
[ReportManager] API Action [GetResponseJSONValue] successfully performed. With the following test data [title]. @25-10-2021 21:23:33.0581 PM
[ReportManager] API Action [GetResponseJSONValue] successfully performed. With the following test data [title]. @25-10-2021 21:23:33.0591 PM
[ReportManager] API Action [GetResponseJSONValue] successfully performed. With the following test data [title]. @25-10-2021 21:23:33.0600 PM
[ReportManager] API Action [GetResponseJSONValue] successfully performed. With the following test data [title]. @25-10-2021 21:23:33.0611 PM
[ReportManager] API Action [GetResponseJSONValue] successfully performed. With the following test data [title]. @25-10-2021 21:23:33.0624 PM
[ReportManager] API Action [GetResponseJSONValue] successfully performed. With the following test data [title]. @25-10-2021 21:23:33.0634 PM
[ReportManager] API Action [GetResponseJSONValue] successfully performed. With the following test data [title]. @25-10-2021 21:23:33.0645 PM
[ReportManager] API Action [GetResponseJSONValue] successfully performed. With the following test data [title]. @25-10-2021 21:23:33.0654 PM
[ReportManager] API Action [GetResponseJSONValue] successfully performed. With the following test data [title]. @25-10-2021 21:23:33.0668 PM
[ReportManager] API Action [GetResponseJSONValue] successfully performed. With the following test data [title]. @25-10-2021 21:23:33.0677 PM
[ReportManager] API Action [GetResponseJSONValue] successfully performed. With the following test data [title]. @25-10-2021 21:23:33.0694 PM
[ReportManager] API Action [GetResponseJSONValue] successfully performed. With the following test data [title]. @25-10-2021 21:23:33.0711 PM
[ReportManager] API Action [GetResponseJSONValue] successfully performed. With the following test data [title]. @25-10-2021 21:23:33.0720 PM
[ReportManager] API Action [GetResponseJSONValue] successfully performed. With the following test data [title]. @25-10-2021 21:23:33.0731 PM
[ReportManager] API Action [GetResponseJSONValue] successfully performed. With the following test data [title]. @25-10-2021 21:23:33.0747 PM
[ReportManager] API Action [GetResponseJSONValue] successfully performed. With the following test data [title]. @25-10-2021 21:23:33.0756 PM
[ReportManager] API Action [GetResponseJSONValue] successfully performed. With the following test data [title]. @25-10-2021 21:23:33.0767 PM
[ReportManager] API Action [GetResponseJSONValue] successfully performed. With the following test data [title]. @25-10-2021 21:23:33.0776 PM
[ReportManager] API Action [GetResponseJSONValue] successfully performed. With the following test data [title]. @25-10-2021 21:23:33.0785 PM
[ReportManager] API Action [GetResponseJSONValue] successfully performed. With the following test data [title]. @25-10-2021 21:23:33.0794 PM
[ReportManager] API Action [GetResponseJSONValue] successfully performed. With the following test data [title]. @25-10-2021 21:23:33.0803 PM
[ReportManager] API Action [GetResponseJSONValue] successfully performed. With the following test data [title]. @25-10-2021 21:23:33.0812 PM
[ReportManager] API Action [GetResponseJSONValue] successfully performed. With the following test data [title]. @25-10-2021 21:23:33.0821 PM
[ReportManager] API Action [GetResponseJSONValue] successfully performed. With the following test data [title]. @25-10-2021 21:23:33.0830 PM
[ReportManager] API Action [GetResponseJSONValue] successfully performed. With the following test data [title]. @25-10-2021 21:23:33.0839 PM
[ReportManager] API Action [GetResponseJSONValue] successfully performed. With the following test data [title]. @25-10-2021 21:23:33.0848 PM
[ReportManager] API Action [GetResponseJSONValue] successfully performed. With the following test data [title]. @25-10-2021 21:23:33.0857 PM
[ReportManager] API Action [GetResponseJSONValue] successfully performed. With the following test data [title]. @25-10-2021 21:23:33.0865 PM
[ReportManager] API Action [GetResponseJSONValue] successfully performed. With the following test data [title]. @25-10-2021 21:23:33.0874 PM
[ReportManager] API Action [GetResponseJSONValue] successfully performed. With the following test data [title]. @25-10-2021 21:23:33.0883 PM
[ReportManager] API Action [GetResponseJSONValue] successfully performed. With the following test data [title]. @25-10-2021 21:23:33.0891 PM
[ReportManager] API Action [GetResponseJSONValue] successfully performed. With the following test data [title]. @25-10-2021 21:23:33.0900 PM
[ReportManager] API Action [GetResponseJSONValue] successfully performed. With the following test data [title]. @25-10-2021 21:23:33.0908 PM
[ReportManager] API Action [GetResponseJSONValue] successfully performed. With the following test data [title]. @25-10-2021 21:23:33.0916 PM
[ReportManager] API Action [GetResponseJSONValue] successfully performed. With the following test data [title]. @25-10-2021 21:23:33.0927 PM
[ReportManager] API Action [GetResponseJSONValue] successfully performed. With the following test data [title]. @25-10-2021 21:23:33.0936 PM
[ReportManager] API Action [GetResponseJSONValue] successfully performed. With the following test data [title]. @25-10-2021 21:23:33.0944 P

################################################################################################################################################
Starting Execution:	[48 out of 143] test cases in the current suite
Test Method:		[unitTests.tests_restActions.validateUserEmail]
################################################################################################################################################
[ReportManager] Response status code: [200], status line: [HTTP/1.1 200 OK] @25-10-2021 21:23:34.0053 PM
[ReportManager] Assertion Passed: Evaluating the actual response status code against the expected one... @25-10-2021 21:23:34.0053 PM
[ReportManager] Assertion [ValidateEquals] PASSED. Expected [200] and Actual [200]. Comparison Type [EQUALS]. Validation Type [POSITIVE]. @25-10-2021 21:23:34.0053 PM
[ReportManager] API Action [PerformRequest] successfully performed. With the following test data [Request Type: "GET" | Target Status Code: "200" | Service URL: "https://jsonplaceholder.typicode.com/users" | Content Type: "*/*" | Response Time: "84ms"]. @25-10-2021 21:23:34.0071 PM
[ReportManager] Successfully created attachment [API Request - Specifications] @25-10-2021 21:23:34.0071 PM
[ReportManager] Successfully created attachment [API Response - JSON Body] @25-10-2021 21:23:34.0072 PM
[ReportManager] Assertion [ValidateEquals] PASSED. Expected and Actual values are attached. Comparison Type [CONTAINS]. Validation Type [POSITIVE]. @25-10-2021 21:23:34.0072 PM
[ReportManager] Successfully created attachment [Validation Test Data - Expected Value] @25-10-2021 21:23:34.0072 PM
[ReportManager] Successfully created attachment [Validation Test Data - Actual Value] @25-10-2021 21:23:34.0072 PM
[ReportManager] API Action [GetResponseJSONValueAsList] successfully performed. With the following test data [$]. @25-10-2021 21:23:34.0076 PM
[ReportManager] API Action [GetResponseJSONValue] successfully performed. With the following test data [name]. @25-10-2021 21:23:34.0087 PM
[ReportManager] API Action [GetResponseJSONValue] successfully performed. With the following test data [email]. @25-10-2021 21:23:34.0095 PM
[ReportManager] Assertion [ValidateEquals] PASSED. Expected [Sincere@april.biz] and Actual [Sincere@april.biz]. Comparison Type [EQUALS]. Validation Type [POSITIVE]. @25-10-2021 21:23:34.0095 PM
[ReportManager] API Action [GetResponseJSONValue] successfully performed. With the following test data [name]. @25-10-2021 21:23:34.0104 PM
[ReportManager] API Action [GetResponseJSONValue] successfully performed. With the following test data [name]. @25-10-2021 21:23:34.0114 PM
[ReportManager] API Action [GetResponseJSONValue] successfully performed. With the following test data [name]. @25-10-2021 21:23:34.0122 PM
[ReportManager] API Action [GetResponseJSONValue] successfully performed. With the following test data [name]. @25-10-2021 21:23:34.0132 PM
[ReportManager] API Action [GetResponseJSONValue] successfully performed. With the following test data [name]. @25-10-2021 21:23:34.0140 PM
[ReportManager] API Action [GetResponseJSONValue] successfully performed. With the following test data [name]. @25-10-2021 21:23:34.0149 PM
[ReportManager] API Action [GetResponseJSONValue] successfully performed. With the following test data [name]. @25-10-2021 21:23:34.0157 PM
[ReportManager] API Action [GetResponseJSONValue] successfully performed. With the following test data [name]. @25-10-2021 21:23:34.0165 PM
[ReportManager] API Action [GetResponseJSONValue] successfully performed. With the following test data [name]. @25-10-2021 21:23:34.0174 P
[ReportManager] File Action [GetAbsolutePath] successfully performed. With the following test data [Relative Folder Path: "target/downloadedFiles/"]. @25-10-2021 21:23:34.0183 PM
[ReportManager] Attempting to run remotely on: [Linux-64], [GoogleChrome], [http://localhost:4444/wd/hub], Headless Execution. @25-10-2021 21:23:34.0183 PM
[ReportManager] Successfully Opened [GoogleChrome]. @25-10-2021 21:23:36.0452 PM
[ReportManager] Target URL: [https://duckduckgo.com] @25-10-2021 21:23:36.0452 PM
[ReportManager] Initial URL: [data:,] @25-10-2021 21:23:36.0515 PM
[ReportManager] Browser Action [NavigateToURL] successfully performed. With the following test data [https://duckduckgo.com]. @25-10-2021 21:23:37.0231 P

################################################################################################################################################
Starting Execution:	[49 out of 143] test cases in the current suite
Test Method:		[unitTests.tests_browserActions.fullScreenWindow]
################################################################################################################################################
[ReportManager] Initial Windows Size: 1920x1080 @25-10-2021 21:23:37.0274 PM
[ReportManager] Initial window size: (1920, 1080) @25-10-2021 21:23:37.0293 PM
[ReportManager] Window size after Toolkit: (1920, 1080) @25-10-2021 21:23:37.0547 PM
[ReportManager] Browser Action [MaximizeWindow] successfully performed. With the following test data [New screen size is now: (1920, 1080)]. @25-10-2021 21:23:37.0556 PM
[ReportManager] Current Windows Size after fullScreen: 1920x1080 @25-10-2021 21:23:37.0591 PM
[ReportManager] Browser Action [FullScreenWindow] successfully performed. @25-10-2021 21:23:37.0617 PM
[ReportManager] Successfully created attachment [Browser Action Test Data - FullScreenWindow - Actual Value] @25-10-2021 21:23:37.0619 P
[ReportManager] Target URL: [https://duckduckgo.com] @25-10-2021 21:23:37.0626 PM
[ReportManager] Initial URL: [https://duckduckgo.com] @25-10-2021 21:23:37.0676 PM
[ReportManager] Browser Action [NavigateToURL] successfully performed. With the following test data [https://duckduckgo.com]. @25-10-2021 21:23:38.0046 PM
[ReportManager] Browser Action [CloseCurrentWindow] successfully performed. @25-10-2021 21:23:38.0159 PM
[ReportManager] Successfully created attachment [Browser Action Test Data - CloseCurrentWindow - Actual Value] @25-10-2021 21:23:38.0163 P
[ReportManager] File Action [GetAbsolutePath] successfully performed. With the following test data [Relative Folder Path: "target/downloadedFiles/"]. @25-10-2021 21:23:38.0165 PM
[ReportManager] Attempting to run remotely on: [Linux-64], [GoogleChrome], [http://localhost:4444/wd/hub], Headless Execution. @25-10-2021 21:23:38.0165 PM
[ReportManager] Successfully Opened [GoogleChrome]. @25-10-2021 21:23:41.0414 PM
[ReportManager] Target URL: [https://duckduckgo.com] @25-10-2021 21:23:41.0414 PM
[ReportManager] Initial URL: [data:,] @25-10-2021 21:23:41.0480 PM
[ReportManager] Browser Action [NavigateToURL] successfully performed. With the following test data [https://duckduckgo.com]. @25-10-2021 21:23:42.0129 P

################################################################################################################################################
Starting Execution:	[50 out of 143] test cases in the current suite
Test Method:		[unitTests.tests_browserActions.getCurrentURL]
################################################################################################################################################
[ReportManager] Browser Action [GetCurrentURL] successfully performed. With the following test data [https://duckduckgo.com/]. @25-10-2021 21:23:42.0143 P
[ReportManager] Target URL: [https://duckduckgo.com] @25-10-2021 21:23:42.0146 PM
[ReportManager] Initial URL: [https://duckduckgo.com] @25-10-2021 21:23:42.0189 PM
[ReportManager] Browser Action [NavigateToURL] successfully performed. With the following test data [https://duckduckgo.com]. @25-10-2021 21:23:42.0622 PM
[ReportManager] Browser Action [CloseCurrentWindow] successfully performed. @25-10-2021 21:23:42.0725 PM
[ReportManager] Successfully created attachment [Browser Action Test Data - CloseCurrentWindow - Actual Value] @25-10-2021 21:23:42.0726 P
[ReportManager] File Action [GetAbsolutePath] successfully performed. With the following test data [Relative Folder Path: "target/downloadedFiles/"]. @25-10-2021 21:23:42.0729 PM
[ReportManager] Attempting to run remotely on: [Linux-64], [GoogleChrome], [http://localhost:4444/wd/hub], Headless Execution. @25-10-2021 21:23:42.0729 PM
[ReportManager] Successfully Opened [GoogleChrome]. @25-10-2021 21:23:46.0421 PM
[ReportManager] Target URL: [https://duckduckgo.com] @25-10-2021 21:23:46.0421 PM
[ReportManager] Initial URL: [data:,] @25-10-2021 21:23:46.0475 PM
[ReportManager] Browser Action [NavigateToURL] successfully performed. With the following test data [https://duckduckgo.com]. @25-10-2021 21:23:47.0115 P

################################################################################################################################################
Starting Execution:	[51 out of 143] test cases in the current suite
Test Method:		[unitTests.tests_browserActions.getCurrentWindowTitle]
################################################################################################################################################
[ReportManager] Browser Action [GetCurrentWindowTitle] successfully performed. With the following test data [DuckDuckGo  Privacy, simplified.]. @25-10-2021 21:23:47.0140 P
[ReportManager] Target URL: [https://duckduckgo.com] @25-10-2021 21:23:47.0146 PM
[ReportManager] Initial URL: [https://duckduckgo.com] @25-10-2021 21:23:47.0180 PM
[ReportManager] Browser Action [NavigateToURL] successfully performed. With the following test data [https://duckduckgo.com]. @25-10-2021 21:23:47.0539 PM
[ReportManager] Browser Action [CloseCurrentWindow] successfully performed. @25-10-2021 21:23:47.0645 PM
[ReportManager] Successfully created attachment [Browser Action Test Data - CloseCurrentWindow - Actual Value] @25-10-2021 21:23:47.0652 P
[ReportManager] File Action [GetAbsolutePath] successfully performed. With the following test data [Relative Folder Path: "target/downloadedFiles/"]. @25-10-2021 21:23:47.0654 PM
[ReportManager] Attempting to run remotely on: [Linux-64], [GoogleChrome], [http://localhost:4444/wd/hub], Headless Execution. @25-10-2021 21:23:47.0654 PM
[ReportManager] Successfully Opened [GoogleChrome]. @25-10-2021 21:23:51.0482 PM
[ReportManager] Target URL: [https://duckduckgo.com] @25-10-2021 21:23:51.0482 PM
[ReportManager] Initial URL: [data:,] @25-10-2021 21:23:51.0566 PM
[ReportManager] Browser Action [NavigateToURL] successfully performed. With the following test data [https://duckduckgo.com]. @25-10-2021 21:23:52.0163 P

################################################################################################################################################
Starting Execution:	[52 out of 143] test cases in the current suite
Test Method:		[unitTests.tests_browserActions.getPageSource]
################################################################################################################################################
[ReportManager] Browser Action [GetPageSource] successfully performed. @25-10-2021 21:23:52.0214 PM
[ReportManager] Successfully created attachment [Browser Action Test Data - GetPageSource - Actual Value] @25-10-2021 21:23:52.0215 P
[ReportManager] Target URL: [https://duckduckgo.com] @25-10-2021 21:23:52.0218 PM
[ReportManager] Initial URL: [https://duckduckgo.com] @25-10-2021 21:23:52.0310 PM
[ReportManager] Browser Action [NavigateToURL] successfully performed. With the following test data [https://duckduckgo.com]. @25-10-2021 21:23:52.0668 PM
[ReportManager] Browser Action [CloseCurrentWindow] successfully performed. @25-10-2021 21:23:52.0765 PM
[ReportManager] Successfully created attachment [Browser Action Test Data - CloseCurrentWindow - Actual Value] @25-10-2021 21:23:52.0766 P
[ReportManager] File Action [GetAbsolutePath] successfully performed. With the following test data [Relative Folder Path: "target/downloadedFiles/"]. @25-10-2021 21:23:52.0768 PM
[ReportManager] Attempting to run remotely on: [Linux-64], [GoogleChrome], [http://localhost:4444/wd/hub], Headless Execution. @25-10-2021 21:23:52.0768 PM
[ReportManager] Successfully Opened [GoogleChrome]. @25-10-2021 21:23:56.0408 PM
[ReportManager] Target URL: [https://duckduckgo.com] @25-10-2021 21:23:56.0408 PM
[ReportManager] Initial URL: [data:,] @25-10-2021 21:23:56.0435 PM
[ReportManager] Browser Action [NavigateToURL] successfully performed. With the following test data [https://duckduckgo.com]. @25-10-2021 21:23:57.0060 P

################################################################################################################################################
Starting Execution:	[53 out of 143] test cases in the current suite
Test Method:		[unitTests.tests_browserActions.getWindowHandle]
################################################################################################################################################
[ReportManager] Browser Action [GetWindowHandle] successfully performed. With the following test data [CDwindow-EEB82B7F1E32FF723972B2F722BF73EF]. @25-10-2021 21:23:57.0080 P
[ReportManager] Target URL: [https://duckduckgo.com] @25-10-2021 21:23:57.0082 PM
[ReportManager] Initial URL: [https://duckduckgo.com] @25-10-2021 21:23:57.0129 PM
[ReportManager] Browser Action [NavigateToURL] successfully performed. With the following test data [https://duckduckgo.com]. @25-10-2021 21:23:57.0431 PM
[ReportManager] Browser Action [CloseCurrentWindow] successfully performed. @25-10-2021 21:23:57.0519 PM
[ReportManager] Successfully created attachment [Browser Action Test Data - CloseCurrentWindow - Actual Value] @25-10-2021 21:23:57.0519 P
[ReportManager] File Action [GetAbsolutePath] successfully performed. With the following test data [Relative Folder Path: "target/downloadedFiles/"]. @25-10-2021 21:23:57.0521 PM
[ReportManager] Attempting to run remotely on: [Linux-64], [GoogleChrome], [http://localhost:4444/wd/hub], Headless Execution. @25-10-2021 21:23:57.0522 PM
[ReportManager] Successfully Opened [GoogleChrome]. @25-10-2021 21:24:01.0407 PM
[ReportManager] Target URL: [https://duckduckgo.com] @25-10-2021 21:24:01.0407 PM
[ReportManager] Initial URL: [data:,] @25-10-2021 21:24:01.0456 PM
[ReportManager] Browser Action [NavigateToURL] successfully performed. With the following test data [https://duckduckgo.com]. @25-10-2021 21:24:02.0096 P

################################################################################################################################################
Starting Execution:	[54 out of 143] test cases in the current suite
Test Method:		[unitTests.tests_browserActions.getWindowPosition]
################################################################################################################################################
[ReportManager] Browser Action [GetWindowPosition] successfully performed. With the following test data [(0, 0)]. @25-10-2021 21:24:02.0145 P
[ReportManager] Target URL: [https://duckduckgo.com] @25-10-2021 21:24:02.0147 PM
[ReportManager] Initial URL: [https://duckduckgo.com] @25-10-2021 21:24:02.0181 PM
[ReportManager] Browser Action [NavigateToURL] successfully performed. With the following test data [https://duckduckgo.com]. @25-10-2021 21:24:02.0538 PM
[ReportManager] Browser Action [CloseCurrentWindow] successfully performed. @25-10-2021 21:24:02.0634 PM
[ReportManager] Successfully created attachment [Browser Action Test Data - CloseCurrentWindow - Actual Value] @25-10-2021 21:24:02.0634 P
[ReportManager] File Action [GetAbsolutePath] successfully performed. With the following test data [Relative Folder Path: "target/downloadedFiles/"]. @25-10-2021 21:24:02.0636 PM
[ReportManager] Attempting to run remotely on: [Linux-64], [GoogleChrome], [http://localhost:4444/wd/hub], Headless Execution. @25-10-2021 21:24:02.0637 PM
[ReportManager] Successfully Opened [GoogleChrome]. @25-10-2021 21:24:06.0450 PM
[ReportManager] Target URL: [https://duckduckgo.com] @25-10-2021 21:24:06.0450 PM
[ReportManager] Initial URL: [data:,] @25-10-2021 21:24:06.0500 PM
[ReportManager] Browser Action [NavigateToURL] successfully performed. With the following test data [https://duckduckgo.com]. @25-10-2021 21:24:07.0158 P

################################################################################################################################################
Starting Execution:	[55 out of 143] test cases in the current suite
Test Method:		[unitTests.tests_browserActions.getWindowSize]
################################################################################################################################################
[ReportManager] Browser Action [GetWindowSize] successfully performed. With the following test data [(1920, 1080)]. @25-10-2021 21:24:07.0172 P
[ReportManager] Target URL: [https://duckduckgo.com] @25-10-2021 21:24:07.0175 PM
[ReportManager] Initial URL: [https://duckduckgo.com] @25-10-2021 21:24:07.0217 PM
[ReportManager] Browser Action [NavigateToURL] successfully performed. With the following test data [https://duckduckgo.com]. @25-10-2021 21:24:07.0542 PM
[ReportManager] Browser Action [CloseCurrentWindow] successfully performed. @25-10-2021 21:24:07.0643 PM
[ReportManager] Successfully created attachment [Browser Action Test Data - CloseCurrentWindow - Actual Value] @25-10-2021 21:24:07.0644 P
[ReportManager] File Action [GetAbsolutePath] successfully performed. With the following test data [Relative Folder Path: "target/downloadedFiles/"]. @25-10-2021 21:24:07.0647 PM
[ReportManager] Attempting to run remotely on: [Linux-64], [GoogleChrome], [http://localhost:4444/wd/hub], Headless Execution. @25-10-2021 21:24:07.0647 PM
[ReportManager] Successfully Opened [GoogleChrome]. @25-10-2021 21:24:11.0443 PM
[ReportManager] Target URL: [https://duckduckgo.com] @25-10-2021 21:24:11.0443 PM
[ReportManager] Initial URL: [data:,] @25-10-2021 21:24:11.0486 PM
[ReportManager] Browser Action [NavigateToURL] successfully performed. With the following test data [https://duckduckgo.com]. @25-10-2021 21:24:12.0162 P

################################################################################################################################################
Starting Execution:	[56 out of 143] test cases in the current suite
Test Method:		[unitTests.tests_browserActions.maximizeWindow]
################################################################################################################################################
[ReportManager] Initial window size: (1920, 1080) @25-10-2021 21:24:12.0176 PM
[ReportManager] Window size after Toolkit: (1920, 1080) @25-10-2021 21:24:12.0457 PM
[ReportManager] Browser Action [MaximizeWindow] successfully performed. With the following test data [New screen size is now: (1920, 1080)]. @25-10-2021 21:24:12.0462 P
[ReportManager] Target URL: [https://duckduckgo.com] @25-10-2021 21:24:12.0472 PM
[ReportManager] Initial URL: [https://duckduckgo.com] @25-10-2021 21:24:12.0539 PM
[ReportManager] Browser Action [NavigateToURL] successfully performed. With the following test data [https://duckduckgo.com]. @25-10-2021 21:24:12.0902 PM
[ReportManager] Browser Action [CloseCurrentWindow] successfully performed. @25-10-2021 21:24:12.0998 PM
[ReportManager] Successfully created attachment [Browser Action Test Data - CloseCurrentWindow - Actual Value] @25-10-2021 21:24:12.0998 P
[ReportManager] File Action [GetAbsolutePath] successfully performed. With the following test data [Relative Folder Path: "target/downloadedFiles/"]. @25-10-2021 21:24:13.0001 PM
[ReportManager] Attempting to run remotely on: [Linux-64], [GoogleChrome], [http://localhost:4444/wd/hub], Headless Execution. @25-10-2021 21:24:13.0001 PM
[ReportManager] Successfully Opened [GoogleChrome]. @25-10-2021 21:24:16.0416 PM
[ReportManager] Target URL: [https://duckduckgo.com] @25-10-2021 21:24:16.0417 PM
[ReportManager] Initial URL: [data:,] @25-10-2021 21:24:16.0467 PM
[ReportManager] Browser Action [NavigateToURL] successfully performed. With the following test data [https://duckduckgo.com]. @25-10-2021 21:24:17.0115 P

################################################################################################################################################
Starting Execution:	[57 out of 143] test cases in the current suite
Test Method:		[unitTests.tests_browserActions.navigateBack]
################################################################################################################################################
[ReportManager] Target URL: [https://www.google.com/ncr], and after redirection: [https://www.google.com] @25-10-2021 21:24:17.0119 PM
[ReportManager] Initial URL: [https://duckduckgo.com] @25-10-2021 21:24:17.0157 PM
[ReportManager] Browser Action [NavigateToURL] successfully performed. With the following test data [https://www.google.com/ncr]. @25-10-2021 21:24:17.0967 PM
[ReportManager] Browser Action [NavigateBack] successfully performed. With the following test data [https://duckduckgo.com/]. @25-10-2021 21:24:18.0352 PM
[ReportManager] Browser Action [GetCurrentURL] successfully performed. With the following test data [https://duckduckgo.com/]. @25-10-2021 21:24:18.0385 PM
[ReportManager] Assertion Passed: Confirming that navigating back was successful @25-10-2021 21:24:18.0829 PM
[ReportManager] Successfully created attachment [Screenshot - 1635197058631_navigateBack_ValidateBrowserAttribute_passed] @25-10-2021 21:24:18.0830 PM
[ReportManager] Assertion [ValidateBrowserAttribute] PASSED. Expected [Value Should be 'https://duckduckgo.com' for the 'CurrentUrl' attribute] and Actual [https://duckduckgo.com/]. Comparison Type [CONTAINS]. Validation Type [POSITIVE]. @25-10-2021 21:24:18.0831 P
[ReportManager] Target URL: [https://duckduckgo.com] @25-10-2021 21:24:18.0833 PM
[ReportManager] Initial URL: [https://duckduckgo.com] @25-10-2021 21:24:18.0875 PM
[ReportManager] Browser Action [NavigateToURL] successfully performed. With the following test data [https://duckduckgo.com]. @25-10-2021 21:24:19.0211 PM
[ReportManager] Browser Action [CloseCurrentWindow] successfully performed. @25-10-2021 21:24:19.0310 PM
[ReportManager] Successfully created attachment [Browser Action Test Data - CloseCurrentWindow - Actual Value] @25-10-2021 21:24:19.0310 P
[ReportManager] File Action [GetAbsolutePath] successfully performed. With the following test data [Relative Folder Path: "target/downloadedFiles/"]. @25-10-2021 21:24:19.0313 PM
[ReportManager] Attempting to run remotely on: [Linux-64], [GoogleChrome], [http://localhost:4444/wd/hub], Headless Execution. @25-10-2021 21:24:19.0313 PM
[ReportManager] Successfully Opened [GoogleChrome]. @25-10-2021 21:24:21.0426 PM
[ReportManager] Target URL: [https://duckduckgo.com] @25-10-2021 21:24:21.0426 PM
[ReportManager] Initial URL: [data:,] @25-10-2021 21:24:21.0468 PM
[ReportManager] Browser Action [NavigateToURL] successfully performed. With the following test data [https://duckduckgo.com]. @25-10-2021 21:24:22.0113 P

################################################################################################################################################
Starting Execution:	[58 out of 143] test cases in the current suite
Test Method:		[unitTests.tests_browserActions.navigateForward]
################################################################################################################################################
[ReportManager] Target URL: [https://www.google.com/ncr], and after redirection: [https://www.google.com] @25-10-2021 21:24:22.0119 PM
[ReportManager] Initial URL: [https://duckduckgo.com] @25-10-2021 21:24:22.0195 PM
[ReportManager] Browser Action [NavigateToURL] successfully performed. With the following test data [https://www.google.com/ncr]. @25-10-2021 21:24:24.0409 PM
[ReportManager] Browser Action [NavigateBack] successfully performed. With the following test data [https://duckduckgo.com/]. @25-10-2021 21:24:24.0760 PM
[ReportManager] Browser Action [NavigateForward] successfully performed. With the following test data [https://www.google.com/]. @25-10-2021 21:24:25.0209 P
[ReportManager] Target URL: [https://duckduckgo.com] @25-10-2021 21:24:25.0217 PM
[ReportManager] Initial URL: [https://www.google.com] @25-10-2021 21:24:25.0305 PM
[ReportManager] Browser Action [NavigateToURL] successfully performed. With the following test data [https://duckduckgo.com]. @25-10-2021 21:24:25.0841 PM
[ReportManager] Browser Action [CloseCurrentWindow] successfully performed. @25-10-2021 21:24:25.0931 PM
[ReportManager] Successfully created attachment [Browser Action Test Data - CloseCurrentWindow - Actual Value] @25-10-2021 21:24:25.0931 P
[ReportManager] File Action [GetAbsolutePath] successfully performed. With the following test data [Relative Folder Path: "target/downloadedFiles/"]. @25-10-2021 21:24:25.0933 PM
[ReportManager] Attempting to run remotely on: [Linux-64], [GoogleChrome], [http://localhost:4444/wd/hub], Headless Execution. @25-10-2021 21:24:25.0933 PM
[ReportManager] Successfully Opened [GoogleChrome]. @25-10-2021 21:24:26.0418 PM
[ReportManager] Target URL: [https://duckduckgo.com] @25-10-2021 21:24:26.0418 PM
[ReportManager] Initial URL: [data:,] @25-10-2021 21:24:26.0464 PM
[ReportManager] Browser Action [NavigateToURL] successfully performed. With the following test data [https://duckduckgo.com]. @25-10-2021 21:24:27.0099 P

################################################################################################################################################
Starting Execution:	[59 out of 143] test cases in the current suite
Test Method:		[unitTests.tests_browserActions.navigateToURL]
################################################################################################################################################
[ReportManager] Target URL: [https://duckduckgo.com] @25-10-2021 21:24:27.0109 PM
[ReportManager] Initial URL: [https://duckduckgo.com] @25-10-2021 21:24:27.0146 PM
[ReportManager] Browser Action [NavigateToURL] successfully performed. With the following test data [https://duckduckgo.com]. @25-10-2021 21:24:27.0512 P
[ReportManager] Target URL: [https://duckduckgo.com] @25-10-2021 21:24:27.0516 PM
[ReportManager] Initial URL: [https://duckduckgo.com] @25-10-2021 21:24:27.0566 PM
[ReportManager] Browser Action [NavigateToURL] successfully performed. With the following test data [https://duckduckgo.com]. @25-10-2021 21:24:27.0984 PM
[ReportManager] Browser Action [CloseCurrentWindow] successfully performed. @25-10-2021 21:24:28.0081 PM
[ReportManager] Successfully created attachment [Browser Action Test Data - CloseCurrentWindow - Actual Value] @25-10-2021 21:24:28.0082 P
[ReportManager] File Action [GetAbsolutePath] successfully performed. With the following test data [Relative Folder Path: "target/downloadedFiles/"]. @25-10-2021 21:24:28.0085 PM
[ReportManager] Attempting to run remotely on: [Linux-64], [GoogleChrome], [http://localhost:4444/wd/hub], Headless Execution. @25-10-2021 21:24:28.0085 PM
[ReportManager] Successfully Opened [GoogleChrome]. @25-10-2021 21:24:31.0411 PM
[ReportManager] Target URL: [https://duckduckgo.com] @25-10-2021 21:24:31.0411 PM
[ReportManager] Initial URL: [data:,] @25-10-2021 21:24:31.0447 PM
[ReportManager] Browser Action [NavigateToURL] successfully performed. With the following test data [https://duckduckgo.com]. @25-10-2021 21:24:32.0150 P

################################################################################################################################################
Starting Execution:	[60 out of 143] test cases in the current suite
Test Method:		[unitTests.tests_browserActions.navigateToURLWithRedirection]
################################################################################################################################################
[ReportManager] Target URL: [https://www.google.com/ncr], and after redirection: [https://www.google.com] @25-10-2021 21:24:32.0153 PM
[ReportManager] Initial URL: [https://duckduckgo.com] @25-10-2021 21:24:32.0188 PM
[ReportManager] Browser Action [NavigateToURL] successfully performed. With the following test data [https://www.google.com/ncr]. @25-10-2021 21:24:32.0967 P
[ReportManager] Target URL: [https://duckduckgo.com] @25-10-2021 21:24:32.0969 PM
[ReportManager] Initial URL: [https://www.google.com] @25-10-2021 21:24:33.0018 PM
[ReportManager] Browser Action [NavigateToURL] successfully performed. With the following test data [https://duckduckgo.com]. @25-10-2021 21:24:33.0583 PM
[ReportManager] Browser Action [CloseCurrentWindow] successfully performed. @25-10-2021 21:24:33.0673 PM
[ReportManager] Successfully created attachment [Browser Action Test Data - CloseCurrentWindow - Actual Value] @25-10-2021 21:24:33.0673 P
[ReportManager] File Action [GetAbsolutePath] successfully performed. With the following test data [Relative Folder Path: "target/downloadedFiles/"]. @25-10-2021 21:24:33.0675 PM
[ReportManager] Attempting to run remotely on: [Linux-64], [GoogleChrome], [http://localhost:4444/wd/hub], Headless Execution. @25-10-2021 21:24:33.0675 PM
[ReportManager] Successfully Opened [GoogleChrome]. @25-10-2021 21:24:36.0413 PM
[ReportManager] Target URL: [https://duckduckgo.com] @25-10-2021 21:24:36.0413 PM
[ReportManager] Initial URL: [data:,] @25-10-2021 21:24:36.0456 PM
[ReportManager] Browser Action [NavigateToURL] successfully performed. With the following test data [https://duckduckgo.com]. @25-10-2021 21:24:37.0133 P

################################################################################################################################################
Starting Execution:	[61 out of 143] test cases in the current suite
Test Method:		[unitTests.tests_browserActions.refreshCurrentPage]
################################################################################################################################################
[ReportManager] Browser Action [RefreshCurrentPage] successfully performed. @25-10-2021 21:24:37.0351 PM
[ReportManager] Successfully created attachment [Browser Action Test Data - RefreshCurrentPage - Actual Value] @25-10-2021 21:24:37.0352 P
[ReportManager] Target URL: [https://duckduckgo.com] @25-10-2021 21:24:37.0355 PM
[ReportManager] Initial URL: [https://duckduckgo.com] @25-10-2021 21:24:37.0405 PM
[ReportManager] Browser Action [NavigateToURL] successfully performed. With the following test data [https://duckduckgo.com]. @25-10-2021 21:24:37.0731 PM
[ReportManager] Browser Action [CloseCurrentWindow] successfully performed. @25-10-2021 21:24:37.0832 PM
[ReportManager] Successfully created attachment [Browser Action Test Data - CloseCurrentWindow - Actual Value] @25-10-2021 21:24:37.0832 P
[ReportManager] File Action [GetAbsolutePath] successfully performed. With the following test data [Relative Folder Path: "target/downloadedFiles/"]. @25-10-2021 21:24:37.0844 PM
[ReportManager] Attempting to run remotely on: [Linux-64], [GoogleChrome], [http://localhost:4444/wd/hub], Headless Execution. @25-10-2021 21:24:37.0845 PM
[ReportManager] Successfully Opened [GoogleChrome]. @25-10-2021 21:24:41.0425 PM
[ReportManager] Target URL: [https://duckduckgo.com] @25-10-2021 21:24:41.0425 PM
[ReportManager] Initial URL: [data:,] @25-10-2021 21:24:41.0483 PM
[ReportManager] Browser Action [NavigateToURL] successfully performed. With the following test data [https://duckduckgo.com]. @25-10-2021 21:24:42.0146 P

################################################################################################################################################
Starting Execution:	[62 out of 143] test cases in the current suite
Test Method:		[unitTests.tests_browserActions.setWindowSize]
################################################################################################################################################
[ReportManager] Initial window size: (1920, 1080) @25-10-2021 21:24:42.0155 PM
[ReportManager] Window size after SWD: (1280, 720) @25-10-2021 21:24:42.0390 PM
[ReportManager] Browser Action [SetWindowSize] successfully performed. With the following test data [New screen size is now: (1280, 720)]. @25-10-2021 21:24:42.0391 P
[ReportManager] Target URL: [https://duckduckgo.com] @25-10-2021 21:24:42.0408 PM
[ReportManager] Initial URL: [https://duckduckgo.com] @25-10-2021 21:24:42.0478 PM
[ReportManager] Browser Action [NavigateToURL] successfully performed. With the following test data [https://duckduckgo.com]. @25-10-2021 21:24:42.0979 PM
[ReportManager] Browser Action [CloseCurrentWindow] successfully performed. @25-10-2021 21:24:43.0084 PM
[ReportManager] Successfully created attachment [Browser Action Test Data - CloseCurrentWindow - Actual Value] @25-10-2021 21:24:43.0084 P
[ReportManager] File Action [GetAbsolutePath] successfully performed. With the following test data [Relative Folder Path: "target/downloadedFiles/"]. @25-10-2021 21:24:43.0087 PM
[ReportManager] Attempting to run remotely on: [Linux-64], [GoogleChrome], [http://localhost:4444/wd/hub], Headless Execution. @25-10-2021 21:24:43.0089 PM
[ReportManager] Successfully Opened [GoogleChrome]. @25-10-2021 21:24:46.0426 P

################################################################################################################################################
Starting Execution:	[63 out of 143] test cases in the current suite
Test Method:		[unitTests.tests_element_elementActions.waitForElementToBePresent_false_expectedToFail]
################################################################################################################################################
[ReportManager] Target URL: [https://www.google.com/ncr], and after redirection: [www.google.com] @25-10-2021 21:24:46.0429 PM
[ReportManager] Initial URL: [data:,] @25-10-2021 21:24:46.0474 PM
[ReportManager] Browser Action [NavigateToURL] successfully performed. With the following test data [https://www.google.com/ncr]. @25-10-2021 21:24:47.0608 PM
[ReportManager] Waiting for element to be present; elementLocator [By.xpath: //*[@id='hplogo' or @alt='Google']], numberOfTries[1], stateOfPresence[false]... @25-10-2021 21:24:47.0622 PM
[ReportManager] Element Action [WaitForElementToBePresent] failed. With the following test data [waited for the element's state of presence to be (false). Element locator (By.xpath: //*[@id='hplogo' or @alt='Google'])]. @25-10-2021 21:24:48.0062 PM
[ReportManager] Successfully created attachment [Screenshot - 1635197087893_waitForElementToBePresent_false_expectedToFail_WaitForElementToBePresent_failed] @25-10-2021 21:24:48.0063 P
[ReportManager] Browser Action [CloseCurrentWindow] successfully performed. @25-10-2021 21:24:48.0181 PM
[ReportManager] Successfully created attachment [Browser Action Test Data - CloseCurrentWindow - Actual Value] @25-10-2021 21:24:48.0182 P
[ReportManager] File Action [GetAbsolutePath] successfully performed. With the following test data [Relative Folder Path: "target/downloadedFiles/"]. @25-10-2021 21:24:48.0184 PM
[ReportManager] Attempting to run remotely on: [Linux-64], [GoogleChrome], [http://localhost:4444/wd/hub], Headless Execution. @25-10-2021 21:24:48.0185 PM
[ReportManager] Successfully Opened [GoogleChrome]. @25-10-2021 21:24:51.0412 P

################################################################################################################################################
Starting Execution:	[64 out of 143] test cases in the current suite
Test Method:		[unitTests.tests_element_elementActions.waitForElementToBePresent_false_expectedToPass]
################################################################################################################################################
[ReportManager] Target URL: [https://www.google.com/ncr], and after redirection: [www.google.com] @25-10-2021 21:24:51.0426 PM
[ReportManager] Initial URL: [data:,] @25-10-2021 21:24:51.0467 PM
[ReportManager] Browser Action [NavigateToURL] successfully performed. With the following test data [https://www.google.com/ncr]. @25-10-2021 21:24:52.0193 PM
[ReportManager] Waiting for element to be present; elementLocator [By.id: bla], numberOfTries[1], stateOfPresence[false]... @25-10-2021 21:24:52.0193 PM
[ReportManager] Element Action [WaitForElementToBePresent] successfully performed. With the following test data [waited for the element's state of presence to be (false). Element locator (By.id: bla)]. @25-10-2021 21:24:57.0305 P
[ReportManager] Browser Action [CloseCurrentWindow] successfully performed. @25-10-2021 21:24:57.0421 PM
[ReportManager] Successfully created attachment [Browser Action Test Data - CloseCurrentWindow - Actual Value] @25-10-2021 21:24:57.0430 P
[ReportManager] File Action [GetAbsolutePath] successfully performed. With the following test data [Relative Folder Path: "target/downloadedFiles/"]. @25-10-2021 21:24:57.0432 PM
[ReportManager] Attempting to run remotely on: [Linux-64], [GoogleChrome], [http://localhost:4444/wd/hub], Headless Execution. @25-10-2021 21:24:57.0432 PM
[ReportManager] Successfully Opened [GoogleChrome]. @25-10-2021 21:25:01.0412 P

################################################################################################################################################
Starting Execution:	[65 out of 143] test cases in the current suite
Test Method:		[unitTests.tests_element_elementActions.waitForElementToBePresent_moreThanOneElement_expectedToFail]
################################################################################################################################################
[ReportManager] Target URL: [https://www.google.com/ncr], and after redirection: [www.google.com] @25-10-2021 21:25:01.0416 PM
[ReportManager] Initial URL: [data:,] @25-10-2021 21:25:01.0442 PM
[ReportManager] Browser Action [NavigateToURL] successfully performed. With the following test data [https://www.google.com/ncr]. @25-10-2021 21:25:02.0178 PM
[ReportManager] Waiting for element to be present; elementLocator [By.xpath: //*], numberOfTries[1], stateOfPresence[false]... @25-10-2021 21:25:02.0178 PM
[ReportManager] Element Action [WaitForElementToBePresent] failed. With the following test data [waited for the element's state of presence to be (false). Element locator (By.xpath: //*)]. @25-10-2021 21:25:02.0617 PM
[ReportManager] Successfully created attachment [Screenshot - 1635197102436_waitForElementToBePresent_moreThanOneElement_expectedToFail_WaitForElementToBePresent_failed] @25-10-2021 21:25:02.0618 P
[ReportManager] Browser Action [CloseCurrentWindow] successfully performed. @25-10-2021 21:25:02.0689 PM
[ReportManager] Successfully created attachment [Browser Action Test Data - CloseCurrentWindow - Actual Value] @25-10-2021 21:25:02.0690 P
[ReportManager] File Action [GetAbsolutePath] successfully performed. With the following test data [Relative Folder Path: "target/downloadedFiles/"]. @25-10-2021 21:25:02.0693 PM
[ReportManager] Attempting to run remotely on: [Linux-64], [GoogleChrome], [http://localhost:4444/wd/hub], Headless Execution. @25-10-2021 21:25:02.0693 PM
[ReportManager] Successfully Opened [GoogleChrome]. @25-10-2021 21:25:06.0417 P

################################################################################################################################################
Starting Execution:	[66 out of 143] test cases in the current suite
Test Method:		[unitTests.tests_element_elementActions.waitForElementToBePresent_true_expectedToFail]
################################################################################################################################################
[ReportManager] Target URL: [https://www.google.com/ncr], and after redirection: [www.google.com] @25-10-2021 21:25:06.0419 PM
[ReportManager] Initial URL: [data:,] @25-10-2021 21:25:06.0441 PM
[ReportManager] Browser Action [NavigateToURL] successfully performed. With the following test data [https://www.google.com/ncr]. @25-10-2021 21:25:07.0201 PM
[ReportManager] Waiting for element to be present; elementLocator [By.id: bla], numberOfTries[1], stateOfPresence[true]... @25-10-2021 21:25:07.0202 PM
[ReportManager] Element Action [WaitForElementToBePresent] failed. With the following test data [waited for the element's state of presence to be (true). Element locator (By.id: bla)]. @25-10-2021 21:25:12.0680 PM
[ReportManager] Successfully created attachment [Screenshot - 1635197112520_waitForElementToBePresent_true_expectedToFail_WaitForElementToBePresent_failed] @25-10-2021 21:25:12.0681 P
[ReportManager] Browser Action [CloseCurrentWindow] successfully performed. @25-10-2021 21:25:12.0785 PM
[ReportManager] Successfully created attachment [Browser Action Test Data - CloseCurrentWindow - Actual Value] @25-10-2021 21:25:12.0786 P
[ReportManager] File Action [GetAbsolutePath] successfully performed. With the following test data [Relative Folder Path: "target/downloadedFiles/"]. @25-10-2021 21:25:12.0790 PM
[ReportManager] Attempting to run remotely on: [Linux-64], [GoogleChrome], [http://localhost:4444/wd/hub], Headless Execution. @25-10-2021 21:25:12.0790 PM
[ReportManager] Successfully Opened [GoogleChrome]. @25-10-2021 21:25:16.0414 P

################################################################################################################################################
Starting Execution:	[67 out of 143] test cases in the current suite
Test Method:		[unitTests.tests_element_elementActions.waitForElementToBePresent_true_expectedToPass]
################################################################################################################################################
[ReportManager] Target URL: [https://www.google.com/ncr], and after redirection: [www.google.com] @25-10-2021 21:25:16.0417 PM
[ReportManager] Initial URL: [data:,] @25-10-2021 21:25:16.0440 PM
[ReportManager] Browser Action [NavigateToURL] successfully performed. With the following test data [https://www.google.com/ncr]. @25-10-2021 21:25:18.0713 PM
[ReportManager] Waiting for element to be present; elementLocator [By.xpath: //*[@id='hplogo' or @alt='Google']], numberOfTries[1], stateOfPresence[true]... @25-10-2021 21:25:18.0714 PM
[ReportManager] Element Action [WaitForElementToBePresent] successfully performed. With the following test data [waited for the element's state of presence to be (true). Element locator (By.xpath: //*[@id='hplogo' or @alt='Google'])]. @25-10-2021 21:25:18.0748 PM
[ReportManager] File Action [DoesFileExist] successfully performed. With the following test data [File Path: "src/test/resources/DynamicObjectRepository/unitTests_tests_element_elementActions_waitForElementToBePresent_true_expectedToPass_By_xpath_id_hplogo_or_alt_Google.png"]. @25-10-2021 21:25:18.0754 PM
[ReportManager] File Action [DoesFileExist] successfully performed. With the following test data [File Path: "src/test/resources/DynamicObjectRepository/unitTests_tests_element_elementActions_waitForElementToBePresent_true_expectedToPass_By_xpath_id_hplogo_or_alt_Google.png"]. @25-10-2021 21:25:18.0917 PM
[ReportManager] Passing the test and saving a reference image @25-10-2021 21:25:18.0917 PM
[ReportManager] File Action [GetAbsolutePath] successfully performed. With the following test data [Relative File Path: "src/test/resources/DynamicObjectRepository/unitTests_tests_element_elementActions_waitForElementToBePresent_true_expectedToPass_By_xpath_id_hplogo_or_alt_Google.png"]. @25-10-2021 21:25:18.0918 PM
[ReportManager] File Action [WriteToFile] successfully performed. With the following test data [Target File Path: "/home/runner/work/SHAFT_ENGINE/SHAFT_ENGINE/src/test/resources/DynamicObjectRepository/unitTests_tests_element_elementActions_waitForElementToBePresent_true_expectedToPass_By_xpath_id_hplogo_or_alt_Google.png"]. @25-10-2021 21:25:18.0920 PM
[ReportManager] Assertion Passed: Using Visual AI; OpenCV @25-10-2021 21:25:18.0921 PM
[ReportManager] Successfully created attachment [Validation Test Data - Actual Screenshot] @25-10-2021 21:25:18.0921 PM
[ReportManager] Assertion [ValidateElementMatches] PASSED. Expected [Element should match the reference screenshot] and Actual [TRUE]. Comparison Type [EXACT_OPENCV]. Validation Type [POSITIVE]. @25-10-2021 21:25:18.0921 P
[ReportManager] Browser Action [CloseCurrentWindow] successfully performed. @25-10-2021 21:25:19.0039 PM
[ReportManager] Successfully created attachment [Browser Action Test Data - CloseCurrentWindow - Actual Value] @25-10-2021 21:25:19.0039 P
[ReportManager] Successfully loaded the following test data file [src/test/resources/TestDataFiles/testSuite01/TestData.xlsx]. @25-10-2021 21:25:19.0782 PM
[ReportManager] Successfully created attachment [Test Data - Excel] @25-10-2021 21:25:19.0782 P

################################################################################################################################################
Starting Execution:	[68 out of 143] test cases in the current suite
Test Method:		[unitTests.tests_io_excelFileManager.getCellData_rowName_expectedToPass]
################################################################################################################################################
[ReportManager] testRowData. @25-10-2021 21:25:19.0857 P

################################################################################################################################################
Starting Execution:	[69 out of 143] test cases in the current suite
Test Method:		[testPackage01.Test_testData.f]
################################################################################################################################################
[ReportManager] Successfully loaded the following test data file [src/test/resources/TestDataFiles/testSuite01/TestData.xlsx]. @25-10-2021 21:25:19.0929 PM
[ReportManager] Successfully created attachment [Test Data - Excel] @25-10-2021 21:25:19.0930 PM
[ReportManager] Last Column Number is: [3]. Zero-based. @25-10-2021 21:25:19.0930 P

################################################################################################################################################
Starting Execution:	[70 out of 143] test cases in the current suite
Test Method:		[testPackage01.Test_SkipDueToIssue.doNotSkip]
################################################################################################################################################
[ReportManager] This should not be skipped. @25-10-2021 21:25:19.0939 P

################################################################################################################################################
Starting Execution:	[71 out of 143] test cases in the current suite
Test Method:		[testPackage01.Test_SkipDueToIssue.skip]
################################################################################################################################################
[ReportManager] This should be skipped. @25-10-2021 21:25:19.0946 P

################################################################################################################################################
Starting Execution:	[72 out of 143] test cases in the current suite
Test Method:		[testPackage01.Test_SkipDueToIssue.skip2]
################################################################################################################################################
[ReportManager] This should be skipped. @25-10-2021 21:25:19.0951 P

################################################################################################################################################
Starting Execution:	[73 out of 143] test cases in the current suite
Test Method:		[testPackage01.Test_chainableElementActions.chainElementActions]
################################################################################################################################################
[ReportManager] File Action [GetAbsolutePath] successfully performed. With the following test data [Relative Folder Path: "target/downloadedFiles/"]. @25-10-2021 21:25:19.0954 PM
[ReportManager] Attempting to run remotely on: [Linux-64], [GoogleChrome], [http://localhost:4444/wd/hub], Headless Execution. @25-10-2021 21:25:19.0955 PM
[ReportManager] Successfully Opened [GoogleChrome]. @25-10-2021 21:25:21.0417 PM
[ReportManager] Target URL: [https://www.google.com/ncr], and after redirection: [https://www.google.com] @25-10-2021 21:25:21.0417 PM
[ReportManager] Initial URL: [data:,] @25-10-2021 21:25:21.0443 PM
[ReportManager] Browser Action [NavigateToURL] successfully performed. With the following test data [https://www.google.com/ncr]. @25-10-2021 21:25:22.0184 PM
[ReportManager] Element Action [Type] successfully performed. With the following test data [chained type 1]. @25-10-2021 21:25:22.0373 PM
[ReportManager] Element Action [Type] successfully performed. With the following test data [chained type 2]. @25-10-2021 21:25:22.0615 PM
[ReportManager] Element Action [TypeAppend] successfully performed. With the following test data [345]. @25-10-2021 21:25:22.0738 PM
[ReportManager] Element Action [GetText] successfully performed. With the following test data [chained type 1chained type 2345]. @25-10-2021 21:25:22.0931 PM
[ReportManager] Loaded Shared OpenCV @25-10-2021 21:25:23.0172 PM
[ReportManager] Assertion [ValidateElementAttribute] FAILED. Expected [Value Should be 'chained type 2345' for the 'text' attribute, element locator 'By.name: q'] and Actual [chained type 1chained type 2345]. Comparison Type [EQUALS]. Validation Type [POSITIVE]. @25-10-2021 21:25:23.0392 PM
[ReportManager] Successfully created attachment [Screenshot - 1635197123171_chainElementActions_ValidateElementAttribute_failed] @25-10-2021 21:25:23.0393 P

################################################################################################################################################
Starting Execution:	[74 out of 143] test cases in the current suite
Test Method:		[testPackage01.Test_NewValidationHelper.f1]
################################################################################################################################################
[ReportManager] Assertion Passed: Checking valid user data @25-10-2021 21:25:23.0414 PM
[ReportManager] Successfully created attachment [Validation Test Data - Expected Value] @25-10-2021 21:25:23.0415 PM
[ReportManager] Successfully created attachment [Validation Test Data - Actual Value] @25-10-2021 21:25:23.0415 PM
[ReportManager] Assertion [ValidateEquals] PASSED. Expected and Actual values are attached. Comparison Type [EQUALS]. Validation Type [POSITIVE]. @25-10-2021 21:25:23.0415 P
[ReportManager] File Action [GetAbsolutePath] successfully performed. With the following test data [Relative Folder Path: "target/downloadedFiles/"]. @25-10-2021 21:25:23.0424 PM
[ReportManager] Attempting to run remotely on: [Linux-64], [GoogleChrome], [http://localhost:4444/wd/hub], Headless Execution. @25-10-2021 21:25:23.0424 PM
[ReportManager] An Exception Occured with this Message: Could not start a new session. Possible causes are invalid address of the remote server or browser start-up failure.. @25-10-2021 21:28:23.0436 PM
[ReportManager] Successfully created attachment [Exception Stack Trace - org.openqa.selenium.SessionNotCreatedException] @25-10-2021 21:28:23.0436 PM
[ReportManager] Failed to run remotely on: [Linux-64], [GoogleChrome], [http://localhost:4444/wd/hub]. @25-10-2021 21:28:23.0437 PM
[ReportManager] Driver Factory Action [createNewRemoteDriverInstance] failed. With the following test data [Unhandled Error.]. @25-10-2021 21:28:23.0437 PM
[ReportManager] An Exception Occured with this Message: Could not start a new session. Possible causes are invalid address of the remote server or browser start-up failure.. @25-10-2021 21:28:23.0438 PM
[ReportManager] Successfully created attachment [Exception Stack Trace - org.openqa.selenium.SessionNotCreatedException] @25-10-2021 21:28:23.0438 P

################################################################################################################################################
Starting Execution:	[75 out of 143] test cases in the current suite
Test Method:		[testPackage01.Test_NewValidationHelper.f10]
###############################################################################################################################################



################################################################################################################################################
Starting Execution:	[76 out of 143] test cases in the current suite
Test Method:		[testPackage01.Test_NewValidationHelper.f11]
###############################################################################################################################################



################################################################################################################################################
Starting Execution:	[77 out of 143] test cases in the current suite
Test Method:		[testPackage01.Test_NewValidationHelper.f12]
###############################################################################################################################################



################################################################################################################################################
Starting Execution:	[78 out of 143] test cases in the current suite
Test Method:		[testPackage01.Test_NewValidationHelper.f13]
###############################################################################################################################################



################################################################################################################################################
Starting Execution:	[79 out of 143] test cases in the current suite
Test Method:		[testPackage01.Test_NewValidationHelper.f14]
###############################################################################################################################################



################################################################################################################################################
Starting Execution:	[80 out of 143] test cases in the current suite
Test Method:		[testPackage01.Test_NewValidationHelper.f15]
###############################################################################################################################################



################################################################################################################################################
Starting Execution:	[81 out of 143] test cases in the current suite
Test Method:		[testPackage01.Test_NewValidationHelper.f16]
###############################################################################################################################################



################################################################################################################################################
Starting Execution:	[82 out of 143] test cases in the current suite
Test Method:		[testPackage01.Test_NewValidationHelper.f17]
###############################################################################################################################################



################################################################################################################################################
Starting Execution:	[83 out of 143] test cases in the current suite
Test Method:		[testPackage01.Test_NewValidationHelper.f18]
###############################################################################################################################################


################################################################################################################################################
Starting Execution:	[84 out of 143] test cases in the current suite
Test Method:		[testPackage01.Test_NewValidationHelper.f2]
###############################################################################################################################################


################################################################################################################################################
Starting Execution:	[85 out of 143] test cases in the current suite
Test Method:		[testPackage01.Test_NewValidationHelper.f20]
###############################################################################################################################################



################################################################################################################################################
Starting Execution:	[86 out of 143] test cases in the current suite
Test Method:		[testPackage01.Test_NewValidationHelper.f21]
###############################################################################################################################################



################################################################################################################################################
Starting Execution:	[87 out of 143] test cases in the current suite
Test Method:		[testPackage01.Test_NewValidationHelper.f22]
###############################################################################################################################################


################################################################################################################################################
Starting Execution:	[88 out of 143] test cases in the current suite
Test Method:		[testPackage01.Test_NewValidationHelper.f23]
###############################################################################################################################################

################################################################################################################################################
Starting Execution:	[89 out of 143] test cases in the current suite
Test Method:		[testPackage01.Test_NewValidationHelper.f24]
###############################################################################################################################################

################################################################################################################################################
Starting Execution:	[90 out of 143] test cases in the current suite
Test Method:		[testPackage01.Test_NewValidationHelper.f25]
###############################################################################################################################################

################################################################################################################################################
Starting Execution:	[91 out of 143] test cases in the current suite
Test Method:		[testPackage01.Test_NewValidationHelper.f26]
###############################################################################################################################################

################################################################################################################################################
Starting Execution:	[92 out of 143] test cases in the current suite
Test Method:		[testPackage01.Test_NewValidationHelper.f27]
###############################################################################################################################################

################################################################################################################################################
Starting Execution:	[93 out of 143] test cases in the current suite
Test Method:		[testPackage01.Test_NewValidationHelper.f28]
###############################################################################################################################################

################################################################################################################################################
Starting Execution:	[94 out of 143] test cases in the current suite
Test Method:		[testPackage01.Test_NewValidationHelper.f29]
###############################################################################################################################################

################################################################################################################################################
Starting Execution:	[95 out of 143] test cases in the current suite
Test Method:		[testPackage01.Test_NewValidationHelper.f3]
###############################################################################################################################################

################################################################################################################################################
Starting Execution:	[96 out of 143] test cases in the current suite
Test Method:		[testPackage01.Test_NewValidationHelper.f30]
###############################################################################################################################################

################################################################################################################################################
Starting Execution:	[97 out of 143] test cases in the current suite
Test Method:		[testPackage01.Test_NewValidationHelper.f31]
###############################################################################################################################################

################################################################################################################################################
Starting Execution:	[98 out of 143] test cases in the current suite
Test Method:		[testPackage01.Test_NewValidationHelper.f32]
###############################################################################################################################################

################################################################################################################################################
Starting Execution:	[99 out of 143] test cases in the current suite
Test Method:		[testPackage01.Test_NewValidationHelper.f33]
###############################################################################################################################################

################################################################################################################################################
Starting Execution:	[100 out of 143] test cases in the current suite
Test Method:		[testPackage01.Test_NewValidationHelper.f34]
###############################################################################################################################################

################################################################################################################################################
Starting Execution:	[101 out of 143] test cases in the current suite
Test Method:		[testPackage01.Test_NewValidationHelper.f35]
###############################################################################################################################################

################################################################################################################################################
Starting Execution:	[102 out of 143] test cases in the current suite
Test Method:		[testPackage01.Test_NewValidationHelper.f36]
###############################################################################################################################################

################################################################################################################################################
Starting Execution:	[103 out of 143] test cases in the current suite
Test Method:		[testPackage01.Test_NewValidationHelper.f37]
###############################################################################################################################################

################################################################################################################################################
Starting Execution:	[104 out of 143] test cases in the current suite
Test Method:		[testPackage01.Test_NewValidationHelper.f3_1]
###############################################################################################################################################

################################################################################################################################################
Starting Execution:	[105 out of 143] test cases in the current suite
Test Method:		[testPackage01.Test_NewValidationHelper.f4]
###############################################################################################################################################

################################################################################################################################################
Starting Execution:	[106 out of 143] test cases in the current suite
Test Method:		[testPackage01.Test_NewValidationHelper.f5]
###############################################################################################################################################

################################################################################################################################################
Starting Execution:	[107 out of 143] test cases in the current suite
Test Method:		[testPackage01.Test_NewValidationHelper.f6]
###############################################################################################################################################

################################################################################################################################################
Starting Execution:	[108 out of 143] test cases in the current suite
Test Method:		[testPackage01.Test_NewValidationHelper.f6_1]
###############################################################################################################################################

################################################################################################################################################
Starting Execution:	[109 out of 143] test cases in the current suite
Test Method:		[testPackage01.Test_NewValidationHelper.f6_2]
###############################################################################################################################################

################################################################################################################################################
Starting Execution:	[110 out of 143] test cases in the current suite
Test Method:		[testPackage01.Test_NewValidationHelper.f7]
###############################################################################################################################################


################################################################################################################################################
Starting Execution:	[111 out of 143] test cases in the current suite
Test Method:		[testPackage01.Test_NewValidationHelper.f8]
###############################################################################################################################################



################################################################################################################################################
Starting Execution:	[112 out of 143] test cases in the current suite
Test Method:		[testPackage01.Test_NewValidationHelper.f9]
###############################################################################################################################################


################################################################################################################################################
Starting Execution:	[113 out of 143] test cases in the current suite
Test Method:		[testPackage01.Test_NewValidationHelper.forceFail]
###############################################################################################################################################

################################################################################################################################################
Starting Execution:	[114 out of 143] test cases in the current suite
Test Method:		[testPackage01.Test_NewValidationHelper.forceFail2]
###############################################################################################################################################

################################################################################################################################################
Starting Execution:	[115 out of 143] test cases in the current suite
Test Method:		[testPackage01.Test_sendGraphqlRequest.sendGraphqlRequestUsingMutationAndVariables]
################################################################################################################################################
[ReportManager] GraphQl Request is being Performed with the Following Parameters [Service URL: https://api.spacex.land/graphql | Request Body: {"variables":"{\"name\": \"sherlock holmes\",\"rocket\": \"221B Baker Street\"}","query":"mutation ($name: String, $rocket: String) {\n  insert_users(objects: {name: $name, rocket: $rocket}) {\n    returning {\n      name\n      rocket\n    }\n  }\n}"}] @25-10-2021 21:28:24.0964 PM
[ReportManager] Response status code: [200], status line: [HTTP/1.1 200 OK] @25-10-2021 21:28:25.0721 PM
[ReportManager] Assertion Passed: Evaluating the actual response status code against the expected one... @25-10-2021 21:28:25.0721 PM
[ReportManager] Assertion [ValidateEquals] PASSED. Expected [200] and Actual [200]. Comparison Type [EQUALS]. Validation Type [POSITIVE]. @25-10-2021 21:28:25.0722 PM
[ReportManager] API Action [PerformRequest] successfully performed. With the following test data [Request Type: "POST" | Target Status Code: "200" | Service URL: "https://api.spacex.land/graphql" | Content Type: "application/json" | Response Time: "516ms"]. @25-10-2021 21:28:25.0742 PM
[ReportManager] Successfully created attachment [API Request - Specifications] @25-10-2021 21:28:25.0742 PM
[ReportManager] Successfully created attachment [API Request - JSON Body] @25-10-2021 21:28:25.0742 PM
[ReportManager] Successfully created attachment [API Response - JSON Body] @25-10-2021 21:28:25.0743 PM
[ReportManager] API Action [GetResponseJSONValue] successfully performed. With the following test data [data.insert_users.returning[0].name]. @25-10-2021 21:28:25.0808 PM
[ReportManager] Assertion [ValidateEquals] PASSED. Expected [sherlock holmes] and Actual [sherlock holmes]. Comparison Type [EQUALS]. Validation Type [POSITIVE]. @25-10-2021 21:28:25.0808 P

################################################################################################################################################
Starting Execution:	[116 out of 143] test cases in the current suite
Test Method:		[testPackage01.Test_sendGraphqlRequest.sendGraphqlRequestUsingQuery]
################################################################################################################################################
[ReportManager] GraphQl Request is being Performed with the Following Parameters [Service URL: https://api.spacex.land/graphql | Request Body: {"query":"{company {ceo}}"}] @25-10-2021 21:28:25.0824 PM
[ReportManager] Response status code: [200], status line: [HTTP/1.1 200 OK] @25-10-2021 21:28:26.0006 PM
[ReportManager] Assertion Passed: Evaluating the actual response status code against the expected one... @25-10-2021 21:28:26.0006 PM
[ReportManager] Assertion [ValidateEquals] PASSED. Expected [200] and Actual [200]. Comparison Type [EQUALS]. Validation Type [POSITIVE]. @25-10-2021 21:28:26.0006 PM
[ReportManager] API Action [PerformRequest] successfully performed. With the following test data [Request Type: "POST" | Target Status Code: "200" | Service URL: "https://api.spacex.land/graphql" | Content Type: "application/json" | Response Time: "175ms"]. @25-10-2021 21:28:26.0023 PM
[ReportManager] Successfully created attachment [API Request - Specifications] @25-10-2021 21:28:26.0024 PM
[ReportManager] Successfully created attachment [API Request - JSON Body] @25-10-2021 21:28:26.0024 PM
[ReportManager] Successfully created attachment [API Response - JSON Body] @25-10-2021 21:28:26.0024 PM
[ReportManager] API Action [GetResponseJSONValue] successfully performed. With the following test data [data.company.ceo]. @25-10-2021 21:28:26.0039 PM
[ReportManager] Assertion [ValidateEquals] PASSED. Expected [Elon Musk] and Actual [Elon Musk]. Comparison Type [EQUALS]. Validation Type [POSITIVE]. @25-10-2021 21:28:26.0039 P
[ReportManager] Successfully loaded the following test data file [src/test/resources/TestDataFiles/testSuite01/TestData.xlsx]. @25-10-2021 21:28:26.0144 PM
[ReportManager] Successfully created attachment [Test Data - Excel] @25-10-2021 21:28:26.0144 PM
[ReportManager] File Action [GetAbsolutePath] successfully performed. With the following test data [Relative Folder Path: "target/downloadedFiles/"]. @25-10-2021 21:28:26.0147 PM
[ReportManager] Attempting to run remotely on: [Linux-64], [GoogleChrome], [http://localhost:4444/wd/hub], Headless Execution. @25-10-2021 21:28:26.0147 PM
[ReportManager] An Exception Occured with this Message: Could not start a new session. Possible causes are invalid address of the remote server or browser start-up failure.. @25-10-2021 21:31:26.0163 PM
[ReportManager] Successfully created attachment [Exception Stack Trace - org.openqa.selenium.SessionNotCreatedException] @25-10-2021 21:31:26.0163 PM
[ReportManager] Failed to run remotely on: [Linux-64], [GoogleChrome], [http://localhost:4444/wd/hub]. @25-10-2021 21:31:26.0163 PM
[ReportManager] Driver Factory Action [createNewRemoteDriverInstance] failed. With the following test data [Unhandled Error.]. @25-10-2021 21:31:26.0164 PM
[ReportManager] An Exception Occured with this Message: Could not start a new session. Possible causes are invalid address of the remote server or browser start-up failure.. @25-10-2021 21:31:26.0164 PM
[ReportManager] Successfully created attachment [Exception Stack Trace - org.openqa.selenium.SessionNotCreatedException] @25-10-2021 21:31:26.0164 P

################################################################################################################################################
Starting Execution:	[117 out of 143] test cases in the current suite
Test Method:		[testPackage01.Test_google.navigateToURLandVerifyGoogleLogoIsDisplayed]
Test Description:	[TC001 - Navigate to URL and Verify Google Logo is Displayed]
###############################################################################################################################################

################################################################################################################################################
Starting Execution:	[118 out of 143] test cases in the current suite
Test Method:		[testPackage01.Test_google.searchForQueryandAssertResultsNumDisplayed]
Test Description:	[TC002 - Search for Query and Assert that the number of results is displayed]
###############################################################################################################################################

################################################################################################################################################
Starting Execution:	[119 out of 143] test cases in the current suite
Test Method:		[testPackage01.Test_google.clickNextThrice]
Test Description:	[TC003 - Clicks the next button to make sure that the framework can scroll element into view before clicking it]
###############################################################################################################################################

[ReportManager] File Action [GetAbsolutePath] successfully performed. With the following test data [Relative Folder Path: "target/downloadedFiles/"]. @25-10-2021 21:31:26.0357 PM
[ReportManager] Attempting to run remotely on: [Linux-64], [GoogleChrome], [http://localhost:4444/wd/hub], Headless Execution. @25-10-2021 21:31:26.0357 PM
[ReportManager] An Exception Occured with this Message: Could not start a new session. Possible causes are invalid address of the remote server or browser start-up failure.. @25-10-2021 21:34:26.0368 PM
[ReportManager] Successfully created attachment [Exception Stack Trace - org.openqa.selenium.SessionNotCreatedException] @25-10-2021 21:34:26.0368 PM
[ReportManager] Failed to run remotely on: [Linux-64], [GoogleChrome], [http://localhost:4444/wd/hub]. @25-10-2021 21:34:26.0368 PM
[ReportManager] Driver Factory Action [createNewRemoteDriverInstance] failed. With the following test data [Unhandled Error.]. @25-10-2021 21:34:26.0369 PM
[ReportManager] An Exception Occured with this Message: Could not start a new session. Possible causes are invalid address of the remote server or browser start-up failure.. @25-10-2021 21:34:26.0369 PM
[ReportManager] Successfully created attachment [Exception Stack Trace - org.openqa.selenium.SessionNotCreatedException] @25-10-2021 21:34:26.0369 P

################################################################################################################################################
Starting Execution:	[120 out of 143] test cases in the current suite
Test Method:		[testPackage01.Test_ShadowDOM.shadowdom]
###############################################################################################################################################


################################################################################################################################################
Starting Execution:	[121 out of 143] test cases in the current suite
Test Method:		[testPackage01.Test_AssertApiResponseEquals.assertApiResponseEquals_expectedToPass]
################################################################################################################################################
[ReportManager] Response status code: [200], status line: [HTTP/1.1 200 OK] @25-10-2021 21:34:26.0612 PM
[ReportManager] Assertion Passed: Evaluating the actual response status code against the expected one... @25-10-2021 21:34:26.0612 PM
[ReportManager] Assertion [ValidateEquals] PASSED. Expected [200] and Actual [200]. Comparison Type [EQUALS]. Validation Type [POSITIVE]. @25-10-2021 21:34:26.0612 PM
[ReportManager] API Action [PerformRequest] successfully performed. With the following test data [Request Type: "GET" | Target Status Code: "200" | Service URL: "https://jsonplaceholder.typicode.com/users" | Content Type: "*/*" | Response Time: "108ms"]. @25-10-2021 21:34:26.0641 PM
[ReportManager] Successfully created attachment [API Request - Specifications] @25-10-2021 21:34:26.0648 PM
[ReportManager] Successfully created attachment [API Response - JSON Body] @25-10-2021 21:34:26.0648 PM
[ReportManager] API Action [GetResponseJSONValueAsList] successfully performed. With the following test data [$]. @25-10-2021 21:34:26.0653 PM
[ReportManager] API Action [GetResponseJSONValue] successfully performed. With the following test data [name]. @25-10-2021 21:34:26.0674 PM
[ReportManager] API Action [GetResponseJSONValue] successfully performed. With the following test data [email]. @25-10-2021 21:34:26.0686 PM
[ReportManager] Verification [ValidateEquals] PASSED. Expected [Sincere@april.biz] and Actual [Sincere@april.biz]. Comparison Type [EQUALS]. Validation Type [POSITIVE]. @25-10-2021 21:34:26.0686 PM
[ReportManager] API Action [GetResponseJSONValue] successfully performed. With the following test data [username]. @25-10-2021 21:34:26.0703 PM
[ReportManager] Assertion [ValidateEquals] PASSED. Expected [Bret] and Actual [Bret]. Comparison Type [EQUALS]. Validation Type [POSITIVE]. @25-10-2021 21:34:26.0703 PM
[ReportManager] API Action [GetResponseJSONValue] successfully performed. With the following test data [name]. @25-10-2021 21:34:26.0719 PM
[ReportManager] API Action [GetResponseJSONValue] successfully performed. With the following test data [name]. @25-10-2021 21:34:26.0729 PM
[ReportManager] API Action [GetResponseJSONValue] successfully performed. With the following test data [name]. @25-10-2021 21:34:26.0742 PM
[ReportManager] API Action [GetResponseJSONValue] successfully performed. With the following test data [name]. @25-10-2021 21:34:26.0759 PM
[ReportManager] API Action [GetResponseJSONValue] successfully performed. With the following test data [name]. @25-10-2021 21:34:26.0773 PM
[ReportManager] API Action [GetResponseJSONValue] successfully performed. With the following test data [name]. @25-10-2021 21:34:26.0812 PM
[ReportManager] API Action [GetResponseJSONValue] successfully performed. With the following test data [name]. @25-10-2021 21:34:26.0827 PM
[ReportManager] API Action [GetResponseJSONValue] successfully performed. With the following test data [name]. @25-10-2021 21:34:26.0835 PM
[ReportManager] API Action [GetResponseJSONValue] successfully performed. With the following test data [name]. @25-10-2021 21:34:26.0844 P
[ReportManager] File Action [GetAbsolutePath] successfully performed. With the following test data [Relative Folder Path: "target/downloadedFiles/"]. @25-10-2021 21:34:26.0860 PM
[ReportManager] Attempting to run remotely on: [Linux-64], [GoogleChrome], [http://localhost:4444/wd/hub], Headless Execution. @25-10-2021 21:34:26.0860 PM
[ReportManager] An Exception Occured with this Message: Could not start a new session. Possible causes are invalid address of the remote server or browser start-up failure.. @25-10-2021 21:37:26.0867 PM
[ReportManager] Successfully created attachment [Exception Stack Trace - org.openqa.selenium.SessionNotCreatedException] @25-10-2021 21:37:26.0867 PM
[ReportManager] Failed to run remotely on: [Linux-64], [GoogleChrome], [http://localhost:4444/wd/hub]. @25-10-2021 21:37:26.0867 PM
[ReportManager] Driver Factory Action [createNewRemoteDriverInstance] failed. With the following test data [Unhandled Error.]. @25-10-2021 21:37:26.0867 PM
[ReportManager] An Exception Occured with this Message: Could not start a new session. Possible causes are invalid address of the remote server or browser start-up failure.. @25-10-2021 21:37:26.0868 PM
[ReportManager] Successfully created attachment [Exception Stack Trace - org.openqa.selenium.SessionNotCreatedException] @25-10-2021 21:37:26.0868 P

################################################################################################################################################
Starting Execution:	[122 out of 143] test cases in the current suite
Test Method:		[testPackage01.Test_IsElementClickable.testIsElementClickable]
###############################################################################################################################################


################################################################################################################################################
Starting Execution:	[123 out of 143] test cases in the current suite
Test Method:		[testPackage01.Test_JsonCompareWithSpecialCharacters.specialCharacters]
################################################################################################################################################
[ReportManager] File Action [GetAbsolutePath] successfully performed. With the following test data [Relative Folder Path: "src/test/resources/TestJsonFiles/specialCharacters.json"]. @25-10-2021 21:37:26.0925 PM
[ReportManager] File Action [ReadFromFile] successfully performed. With the following test data [File Path: "/home/runner/work/SHAFT_ENGINE/SHAFT_ENGINE/src/test/resources/TestJsonFiles/specialCharacters.json"]. @25-10-2021 21:37:26.0934 PM
[ReportManager] Successfully created attachment [File Action Actual Result - Command Log] @25-10-2021 21:37:26.0935 PM
[ReportManager] Comparing the provided API response with the file at this path "src/test/resources/TestJsonFiles/specialCharacters.json", comparison type "EQUALS" @25-10-2021 21:37:26.0935 PM
[ReportManager] API Action [CompareJSON] successfully performed. With the following test data [src/test/resources/TestJsonFiles/specialCharacters.json]. @25-10-2021 21:37:26.0950 PM
[ReportManager] File Action [GetAbsolutePath] successfully performed. With the following test data [Relative Folder Path: "src/test/resources/TestJsonFiles/specialCharacters.json"]. @25-10-2021 21:37:26.0950 PM
[ReportManager] File Action [ReadFromFile] successfully performed. With the following test data [File Path: "/home/runner/work/SHAFT_ENGINE/SHAFT_ENGINE/src/test/resources/TestJsonFiles/specialCharacters.json"]. @25-10-2021 21:37:26.0950 PM
[ReportManager] Verification [ValidateJSONFileContent] PASSED. Expected [Response data should match the JSON File in this path 'src/test/resources/TestJsonFiles/specialCharacters.json'] and Actual [TRUE]. Comparison Type [EQUALS]. Validation Type [POSITIVE]. @25-10-2021 21:37:26.0958 PM
[ReportManager] Successfully created attachment [Validation Test Data - Expected JSON Value] @25-10-2021 21:37:26.0958 PM
[ReportManager] Successfully created attachment [Validation Test Data - Actual JSON Value] @25-10-2021 21:37:26.0959 P

################################################################################################################################################
Starting Execution:	[124 out of 143] test cases in the current suite
Test Method:		[testPackage01.Test_JsonCompareWithSpecialCharacters.specialCharacters_assertion]
################################################################################################################################################
[ReportManager] File Action [GetAbsolutePath] successfully performed. With the following test data [Relative Folder Path: "src/test/resources/TestJsonFiles/specialCharacters.json"]. @25-10-2021 21:37:26.0996 PM
[ReportManager] File Action [ReadFromFile] successfully performed. With the following test data [File Path: "/home/runner/work/SHAFT_ENGINE/SHAFT_ENGINE/src/test/resources/TestJsonFiles/specialCharacters.json"]. @25-10-2021 21:37:26.0996 PM
[ReportManager] Successfully created attachment [File Action Actual Result - Command Log] @25-10-2021 21:37:26.0997 PM
[ReportManager] Comparing the provided API response with the file at this path "src/test/resources/TestJsonFiles/specialCharacters.json", comparison type "CONTAINS" @25-10-2021 21:37:26.0997 PM
[ReportManager] API Action [CompareJSON] successfully performed. With the following test data [src/test/resources/TestJsonFiles/specialCharacters.json]. @25-10-2021 21:37:27.0022 PM
[ReportManager] File Action [GetAbsolutePath] successfully performed. With the following test data [Relative Folder Path: "src/test/resources/TestJsonFiles/specialCharacters.json"]. @25-10-2021 21:37:27.0022 PM
[ReportManager] File Action [ReadFromFile] successfully performed. With the following test data [File Path: "/home/runner/work/SHAFT_ENGINE/SHAFT_ENGINE/src/test/resources/TestJsonFiles/specialCharacters.json"]. @25-10-2021 21:37:27.0022 PM
[ReportManager] Assertion Passed: trying out the log message @25-10-2021 21:37:27.0029 PM
[ReportManager] Successfully created attachment [Validation Test Data - Expected JSON Value] @25-10-2021 21:37:27.0030 PM
[ReportManager] Successfully created attachment [Validation Test Data - Actual JSON Value] @25-10-2021 21:37:27.0030 PM
[ReportManager] Assertion [ValidateJSONFileContent] PASSED. Expected [Response data should match the JSON File in this path 'src/test/resources/TestJsonFiles/specialCharacters.json'] and Actual [TRUE]. Comparison Type [CONTAINS]. Validation Type [POSITIVE]. @25-10-2021 21:37:27.0030 P
[ReportManager] File Action [GetAbsolutePath] successfully performed. With the following test data [Relative Folder Path: "target/downloadedFiles/"]. @25-10-2021 21:37:27.0042 PM
[ReportManager] Attempting to run remotely on: [Linux-64], [GoogleChrome], [http://localhost:4444/wd/hub], Headless Execution. @25-10-2021 21:37:27.0043 PM
[ReportManager] An Exception Occured with this Message: Could not start a new session. Possible causes are invalid address of the remote server or browser start-up failure.. @25-10-2021 21:40:27.0056 PM
[ReportManager] Successfully created attachment [Exception Stack Trace - org.openqa.selenium.SessionNotCreatedException] @25-10-2021 21:40:27.0056 PM
[ReportManager] Failed to run remotely on: [Linux-64], [GoogleChrome], [http://localhost:4444/wd/hub]. @25-10-2021 21:40:27.0056 PM
[ReportManager] Driver Factory Action [createNewRemoteDriverInstance] failed. With the following test data [Unhandled Error.]. @25-10-2021 21:40:27.0056 PM
[ReportManager] An Exception Occured with this Message: Could not start a new session. Possible causes are invalid address of the remote server or browser start-up failure.. @25-10-2021 21:40:27.0057 PM
[ReportManager] Successfully created attachment [Exception Stack Trace - org.openqa.selenium.SessionNotCreatedException] @25-10-2021 21:40:27.0057 P

################################################################################################################################################
Starting Execution:	[125 out of 143] test cases in the current suite
Test Method:		[testPackage01.Test_assertEquals.test_assertElementAttribute]
###############################################################################################################################################

[ReportManager] File Action [GetAbsolutePath] successfully performed. With the following test data [Relative Folder Path: "target/downloadedFiles/"]. @25-10-2021 21:40:27.0109 PM
[ReportManager] Attempting to run remotely on: [Linux-64], [GoogleChrome], [http://localhost:4444/wd/hub], Headless Execution. @25-10-2021 21:40:27.0109 PM
[ReportManager] An Exception Occured with this Message: Could not start a new session. Possible causes are invalid address of the remote server or browser start-up failure.. @25-10-2021 21:43:27.0122 PM
[ReportManager] Successfully created attachment [Exception Stack Trace - org.openqa.selenium.SessionNotCreatedException] @25-10-2021 21:43:27.0123 PM
[ReportManager] Failed to run remotely on: [Linux-64], [GoogleChrome], [http://localhost:4444/wd/hub]. @25-10-2021 21:43:27.0123 PM
[ReportManager] Driver Factory Action [createNewRemoteDriverInstance] failed. With the following test data [Unhandled Error.]. @25-10-2021 21:43:27.0123 PM
[ReportManager] An Exception Occured with this Message: Could not start a new session. Possible causes are invalid address of the remote server or browser start-up failure.. @25-10-2021 21:43:27.0123 PM
[ReportManager] Successfully created attachment [Exception Stack Trace - org.openqa.selenium.SessionNotCreatedException] @25-10-2021 21:43:27.0123 P

################################################################################################################################################
Starting Execution:	[126 out of 143] test cases in the current suite
Test Method:		[testPackage01.Test_verifyEquals.test_assertElementAttribute]
###############################################################################################################################################


################################################################################################################################################
Starting Execution:	[127 out of 143] test cases in the current suite
Test Method:		[testPackage01.Test_JsonActions.f]
###############################################################################################################################################

################################################################################################################################################
Starting Execution:	[128 out of 143] test cases in the current suite
Test Method:		[testPackage01.Test_JsonActions.f2]
###############################################################################################################################################

################################################################################################################################################
Starting Execution:	[129 out of 143] test cases in the current suite
Test Method:		[testPackage01.Test_PDF.testPDF_Downloaded]
################################################################################################################################################
[ReportManager] File Action [DoesFileExist] successfully performed. With the following test data [File Path: "src/test/resources/TestDataFiles/sample.pdf"]. @25-10-2021 21:43:27.0244 PM
[ReportManager] File Action [GetAbsolutePath] successfully performed. With the following test data [Relative File Path: "src/test/resources/TestDataFiles/sample.pdf"]. @25-10-2021 21:43:27.0244 PM
[ReportManager] Assertion [ValidateTrue] PASSED. Expected [TRUE] and Actual [TRUE]. Validation Type [POSITIVE]. @25-10-2021 21:43:28.0702 P
[ReportManager] File Action [GetAbsolutePath] successfully performed. With the following test data [Relative Folder Path: "target/downloadedFiles/"]. @25-10-2021 21:43:28.0738 PM
[ReportManager] Attempting to run remotely on: [Linux-64], [GoogleChrome], [http://localhost:4444/wd/hub], Headless Execution. @25-10-2021 21:43:28.0738 PM
[ReportManager] An Exception Occured with this Message: Could not start a new session. Possible causes are invalid address of the remote server or browser start-up failure.. @25-10-2021 21:46:28.0771 PM
[ReportManager] Successfully created attachment [Exception Stack Trace - org.openqa.selenium.SessionNotCreatedException] @25-10-2021 21:46:28.0771 PM
[ReportManager] Failed to run remotely on: [Linux-64], [GoogleChrome], [http://localhost:4444/wd/hub]. @25-10-2021 21:46:28.0771 PM
[ReportManager] Driver Factory Action [createNewRemoteDriverInstance] failed. With the following test data [Unhandled Error.]. @25-10-2021 21:46:28.0771 PM
[ReportManager] An Exception Occured with this Message: Could not start a new session. Possible causes are invalid address of the remote server or browser start-up failure.. @25-10-2021 21:46:28.0772 PM
[ReportManager] Successfully created attachment [Exception Stack Trace - org.openqa.selenium.SessionNotCreatedException] @25-10-2021 21:46:28.0772 P

################################################################################################################################################
Starting Execution:	[130 out of 143] test cases in the current suite
Test Method:		[testPackage01.Test_dragAndDrop.dragAndDropJquery]
###############################################################################################################################################



################################################################################################################################################
Starting Execution:	[131 out of 143] test cases in the current suite
Test Method:		[testPackage01.Test_dragAndDrop.dragAndDrop]
Test Description:	[TC001 - Test Drag and Drop function.]
###############################################################################################################################################



################################################################################################################################################
Starting Execution:	[132 out of 143] test cases in the current suite
Test Method:		[testPackage01.Test_dragAndDrop.dragAndDropByOffset]
Test Description:	[TC002 - Test Drag and Drop by offset function.]
###############################################################################################################################################

[ReportManager] File Action [GetAbsolutePath] successfully performed. With the following test data [Relative Folder Path: "target/downloadedFiles/"]. @25-10-2021 21:46:28.0915 PM
[ReportManager] Attempting to run remotely on: [Linux-64], [GoogleChrome], [http://localhost:4444/wd/hub], Headless Execution. @25-10-2021 21:46:28.0916 PM
[ReportManager] An Exception Occured with this Message: Could not start a new session. Possible causes are invalid address of the remote server or browser start-up failure.. @25-10-2021 21:49:28.0943 PM
[ReportManager] Successfully created attachment [Exception Stack Trace - org.openqa.selenium.SessionNotCreatedException] @25-10-2021 21:49:28.0944 PM
[ReportManager] Failed to run remotely on: [Linux-64], [GoogleChrome], [http://localhost:4444/wd/hub]. @25-10-2021 21:49:28.0944 PM
[ReportManager] Driver Factory Action [createNewRemoteDriverInstance] failed. With the following test data [Unhandled Error.]. @25-10-2021 21:49:28.0944 PM
[ReportManager] An Exception Occured with this Message: Could not start a new session. Possible causes are invalid address of the remote server or browser start-up failure.. @25-10-2021 21:49:28.0944 PM
[ReportManager] Successfully created attachment [Exception Stack Trace - org.openqa.selenium.SessionNotCreatedException] @25-10-2021 21:49:28.0945 P

################################################################################################################################################
Starting Execution:	[133 out of 143] test cases in the current suite
Test Method:		[testPackage01.Test_clipboardActions.typeTextAndCopyPaste]
###############################################################################################################################################

[ReportManager] File Action [GetAbsolutePath] successfully performed. With the following test data [Relative Folder Path: "target/downloadedFiles/"]. @25-10-2021 21:49:29.0009 PM
[ReportManager] Attempting to run remotely on: [Linux-64], [GoogleChrome], [http://localhost:4444/wd/hub], Headless Execution. @25-10-2021 21:49:29.0009 PM
[ReportManager] An Exception Occured with this Message: Could not start a new session. Possible causes are invalid address of the remote server or browser start-up failure.. @25-10-2021 21:52:29.0026 PM
[ReportManager] Successfully created attachment [Exception Stack Trace - org.openqa.selenium.SessionNotCreatedException] @25-10-2021 21:52:29.0026 PM
[ReportManager] Failed to run remotely on: [Linux-64], [GoogleChrome], [http://localhost:4444/wd/hub]. @25-10-2021 21:52:29.0026 PM
[ReportManager] Driver Factory Action [createNewRemoteDriverInstance] failed. With the following test data [Unhandled Error.]. @25-10-2021 21:52:29.0026 PM
[ReportManager] An Exception Occured with this Message: Could not start a new session. Possible causes are invalid address of the remote server or browser start-up failure.. @25-10-2021 21:52:29.0027 PM
[ReportManager] Successfully created attachment [Exception Stack Trace - org.openqa.selenium.SessionNotCreatedException] @25-10-2021 21:52:29.0027 P

################################################################################################################################################
Starting Execution:	[134 out of 143] test cases in the current suite
Test Method:		[testPackage01.Test_dynamicLoading.dynamicLoading_elementIsHidden]
###############################################################################################################################################



################################################################################################################################################
Starting Execution:	[135 out of 143] test cases in the current suite
Test Method:		[testPackage01.Test_dynamicLoading.dynamicLoading_elementIsRendered]
###############################################################################################################################################

[ReportManager] File Action [GetAbsolutePath] successfully performed. With the following test data [Relative Folder Path: "target/downloadedFiles/"]. @25-10-2021 21:52:29.0151 PM
[ReportManager] Attempting to run remotely on: [Linux-64], [GoogleChrome], [http://localhost:4444/wd/hub], Headless Execution. @25-10-2021 21:52:29.0151 PM
[ReportManager] An Exception Occured with this Message: Could not start a new session. Possible causes are invalid address of the remote server or browser start-up failure.. @25-10-2021 21:55:29.0159 PM
[ReportManager] Successfully created attachment [Exception Stack Trace - org.openqa.selenium.SessionNotCreatedException] @25-10-2021 21:55:29.0159 PM
[ReportManager] Failed to run remotely on: [Linux-64], [GoogleChrome], [http://localhost:4444/wd/hub]. @25-10-2021 21:55:29.0160 PM
[ReportManager] Driver Factory Action [createNewRemoteDriverInstance] failed. With the following test data [Unhandled Error.]. @25-10-2021 21:55:29.0160 PM
[ReportManager] An Exception Occured with this Message: Could not start a new session. Possible causes are invalid address of the remote server or browser start-up failure.. @25-10-2021 21:55:29.0160 PM
[ReportManager] Successfully created attachment [Exception Stack Trace - org.openqa.selenium.SessionNotCreatedException] @25-10-2021 21:55:29.0160 P

################################################################################################################################################
Starting Execution:	[136 out of 143] test cases in the current suite
Test Method:		[testPackage01.Test_uploadFile.uploadFile_invisibleUploadInput]
###############################################################################################################################################



################################################################################################################################################
Starting Execution:	[137 out of 143] test cases in the current suite
Test Method:		[testPackage01.Test_uploadFile.uploadFile_visibleUploadInput]
###############################################################################################################################################


################################################################################################################################################
Starting Execution:	[138 out of 143] test cases in the current suite
Test Method:		[testPackage01.Test_SelectedValue.multipleSelect]
################################################################################################################################################
[ReportManager] File Action [GetAbsolutePath] successfully performed. With the following test data [Relative Folder Path: "target/downloadedFiles/"]. @25-10-2021 21:55:29.0329 PM
[ReportManager] Attempting to run remotely on: [Linux-64], [GoogleChrome], [http://localhost:4444/wd/hub], Headless Execution. @25-10-2021 21:55:29.0329 PM
[ReportManager] An Exception Occured with this Message: Could not start a new session. Possible causes are invalid address of the remote server or browser start-up failure.. @25-10-2021 21:58:29.0338 PM
[ReportManager] Successfully created attachment [Exception Stack Trace - org.openqa.selenium.SessionNotCreatedException] @25-10-2021 21:58:29.0338 PM
[ReportManager] Failed to run remotely on: [Linux-64], [GoogleChrome], [http://localhost:4444/wd/hub]. @25-10-2021 21:58:29.0339 PM
[ReportManager] Driver Factory Action [createNewRemoteDriverInstance] failed. With the following test data [Unhandled Error.]. @25-10-2021 21:58:29.0339 PM
[ReportManager] An Exception Occured with this Message: Could not start a new session. Possible causes are invalid address of the remote server or browser start-up failure.. @25-10-2021 21:58:29.0339 PM
[ReportManager] Successfully created attachment [Exception Stack Trace - org.openqa.selenium.SessionNotCreatedException] @25-10-2021 21:58:29.0339 P

################################################################################################################################################
Starting Execution:	[139 out of 143] test cases in the current suite
Test Method:		[testPackage01.Test_SelectedValue.simpleSelect]
################################################################################################################################################
[ReportManager] File Action [GetAbsolutePath] successfully performed. With the following test data [Relative Folder Path: "target/downloadedFiles/"]. @25-10-2021 21:58:29.0355 PM
[ReportManager] Attempting to run remotely on: [Linux-64], [GoogleChrome], [http://localhost:4444/wd/hub], Headless Execution. @25-10-2021 21:58:29.0355 PM
[ReportManager] An Exception Occured with this Message: Could not start a new session. Possible causes are invalid address of the remote server or browser start-up failure.. @25-10-2021 22:01:29.0363 PM
[ReportManager] Successfully created attachment [Exception Stack Trace - org.openqa.selenium.SessionNotCreatedException] @25-10-2021 22:01:29.0363 PM
[ReportManager] Failed to run remotely on: [Linux-64], [GoogleChrome], [http://localhost:4444/wd/hub]. @25-10-2021 22:01:29.0364 PM
[ReportManager] Driver Factory Action [createNewRemoteDriverInstance] failed. With the following test data [Unhandled Error.]. @25-10-2021 22:01:29.0364 PM
[ReportManager] An Exception Occured with this Message: Could not start a new session. Possible causes are invalid address of the remote server or browser start-up failure.. @25-10-2021 22:01:29.0364 PM
[ReportManager] Successfully created attachment [Exception Stack Trace - org.openqa.selenium.SessionNotCreatedException] @25-10-2021 22:01:29.0364 P

################################################################################################################################################
Starting Execution:	[140 out of 143] test cases in the current suite
Test Method:		[testPackage01.Test_JSONFileManager.readStringFromJson]
################################################################################################################################################
[ReportManager] Successfully loaded the following test data file [src/test/resources/TestDataFiles/simpleJSON.json]. @25-10-2021 22:01:29.0399 PM
[ReportManager] Successfully created attachment [Test Data - JSON] @25-10-2021 22:01:29.0400 PM
[ReportManager] Assertion [ValidateEquals] PASSED. Expected [Mohab Mohie] and Actual [Mohab Mohie]. Comparison Type [EQUALS]. Validation Type [POSITIVE]. @25-10-2021 22:01:29.0419 P
[ReportManager] Successfully loaded the following test data file [src/test/resources/TestDataFiles/testSuite01/TestData.xlsx]. @25-10-2021 22:01:29.0475 PM
[ReportManager] Successfully created attachment [Test Data - Excel] @25-10-2021 22:01:29.0475 PM
[ReportManager] Attempting to run using Playwright locally on: [Linux-64], [GoogleChrome], Headless Execution. @25-10-2021 22:01:45.0810 PM
[ReportManager] File Action [GetAbsolutePath] successfully performed. With the following test data [Relative Folder Path: "target/downloadedFiles/"]. @25-10-2021 22:01:45.0811 PM
[ReportManager] Initial window size: (1280, 720) @25-10-2021 22:01:46.0137 PM
[ReportManager] Window size after Toolkit: com.microsoft.playwright.options.ViewportSize@55b3da15 @25-10-2021 22:01:46.0141 PM
[ReportManager] Browser Action [MaximizeWindow] successfully performed. With the following test data [New screen size is now: (1920, 1080)]. @25-10-2021 22:01:46.0142 P

################################################################################################################################################
Starting Execution:	[141 out of 143] test cases in the current suite
Test Method:		[testPackage01.Test_google_playwright.navigateToURLandVerifyGoogleLogoIsDisplayed]
Test Description:	[TC001 - Navigate to URL and Verify Google Logo is Displayed]
################################################################################################################################################
[ReportManager] Target URL: [https://www.google.com/ncr], and after redirection: [https://www.google.com] @25-10-2021 22:01:46.0163 PM
[ReportManager] Initial URL: [about:blank] @25-10-2021 22:01:46.0618 PM
[ReportManager] Browser Action [NavigateToURL] successfully performed. With the following test data [https://www.google.com/ncr]. @25-10-2021 22:01:49.0023 PM
[ReportManager] Loaded Shared OpenCV @25-10-2021 22:01:49.0285 PM
[ReportManager] Assertion [ValidateElementExists] PASSED. Expected [Element Should Exist, locator 'xpath=//*[@id='hplogo' or @alt='Google']'] and Actual [Element Exists]. Comparison Type [EQUALS]. Validation Type [POSITIVE]. @25-10-2021 22:01:49.0751 PM
[ReportManager] Successfully created attachment [Screenshot - 1635199309279_navigateToURLandVerifyGoogleLogoIsDisplayed_ValidateElementExists_passed] @25-10-2021 22:01:49.0832 P

################################################################################################################################################
Starting Execution:	[142 out of 143] test cases in the current suite
Test Method:		[testPackage01.Test_google_playwright.searchForQueryandAssertResultsNumDisplayed]
Test Description:	[TC002 - Search for Query and Assert that the number of results is displayed]
################################################################################################################################################
[ReportManager] Element Action [Type] successfully performed. With the following test data [SHAFT_Engine]. @25-10-2021 22:01:50.0078 PM
[ReportManager] Element Action [KeyPress] successfully performed. With the following test data [Enter]. @25-10-2021 22:01:50.0229 PM
[ReportManager] Element Action [GetText] successfully performed. With the following test data [About 811,000 results (0.72 seconds)]. @25-10-2021 22:01:51.0188 PM
[ReportManager] Loaded Shared OpenCV @25-10-2021 22:01:53.0349 PM
[ReportManager] Assertion [ValidateElementAttribute] PASSED. Expected [Value Should not be '' for the 'text' attribute, element locator 'xpath=//div[@id='appbar']'] and Actual [About 811,000 results (0.72 seconds)]. Comparison Type [EQUALS]. Validation Type [NEGATIVE]. @25-10-2021 22:01:53.0603 PM
[ReportManager] Successfully created attachment [Screenshot - 1635199313348_searchForQueryandAssertResultsNumDisplayed_ValidateElementAttribute_passed] @25-10-2021 22:01:53.0606 P

################################################################################################################################################
Starting Execution:	[143 out of 143] test cases in the current suite
Test Method:		[testPackage01.Test_google_playwright.clickNextThrice]
Test Description:	[TC003 - Clicks the next button to make sure that the framework can scroll element into view before clicking it]
################################################################################################################################################
[ReportManager] Element Action [Click] successfully performed. With the following test data [Next]. @25-10-2021 22:01:53.0882 P
[ReportManager] Failed to find video recording. @25-10-2021 22:01:53.0899 PM
[ReportManager] Successfully Closed PlayWright Driver. @25-10-2021 22:01:53.0982 P

################################################################################################################################################
Test Closure Activities
################################################################################################################################################
[ReportManager] Successfully created attachment [SHAFT Engine Logs - Execution log] @25-10-2021 22:01:54.0177 PM

################################################################################################################################################
This test run was powered by SHAFT Engine Version: [SHAFT Engine v5.4.20211025-BETA]
SHAFT Engine is licensed under the MIT License: [https://github.com/MohabMohie/SHAFT_ENGINE/blob/master/LICENSE].
################################################################################################################################################