################################################################################################################################################
Detected SHAFT Engine Version: [SHAFT Engine v5.3.20210902]
################################################################################################################################################

################################################################################################################################################
Starting Execution:	[1 out of 144] test cases in the current suite
Test Method:		[unitTests.tests_validations_assertions.assertComparativeRelation_greaterThanOrEquals_false_equals_expectedToFail]
################################################################################################################################################
[ReportManager] Assertion [ValidateComparativeRelation] FAILED. Expected [1] and Actual [1]. Comparison Type [GREATER_THAN_OR_EQUALS]. Validation Type [NEGATIVE]. @08-10-2021 09:42:52.0242 A

################################################################################################################################################
Starting Execution:	[2 out of 144] test cases in the current suite
Test Method:		[unitTests.tests_validations_assertions.assertComparativeRelation_greaterThanOrEquals_false_equals_expectedToPass]
################################################################################################################################################
[ReportManager] Assertion [ValidateComparativeRelation] PASSED. Expected [2] and Actual [1]. Comparison Type [GREATER_THAN_OR_EQUALS]. Validation Type [NEGATIVE]. @08-10-2021 09:42:52.0339 A

################################################################################################################################################
Starting Execution:	[3 out of 144] test cases in the current suite
Test Method:		[unitTests.tests_validations_assertions.assertComparativeRelation_greaterThanOrEquals_false_greaterThan_expectedToFail]
################################################################################################################################################
[ReportManager] Assertion [ValidateComparativeRelation] FAILED. Expected [1] and Actual [2]. Comparison Type [GREATER_THAN_OR_EQUALS]. Validation Type [NEGATIVE]. @08-10-2021 09:42:52.0359 A

################################################################################################################################################
Starting Execution:	[4 out of 144] test cases in the current suite
Test Method:		[unitTests.tests_validations_assertions.assertComparativeRelation_greaterThanOrEquals_false_greaterThan_expectedToPass]
################################################################################################################################################
[ReportManager] Assertion [ValidateComparativeRelation] PASSED. Expected [2] and Actual [1]. Comparison Type [GREATER_THAN_OR_EQUALS]. Validation Type [NEGATIVE]. @08-10-2021 09:42:52.0363 A

################################################################################################################################################
Starting Execution:	[5 out of 144] test cases in the current suite
Test Method:		[unitTests.tests_validations_assertions.assertComparativeRelation_greaterThanOrEquals_true_equals_expectedToFail]
################################################################################################################################################
[ReportManager] Assertion [ValidateComparativeRelation] FAILED. Expected [1] and Actual [0]. Comparison Type [GREATER_THAN_OR_EQUALS]. Validation Type [POSITIVE]. @08-10-2021 09:42:52.0370 A

################################################################################################################################################
Starting Execution:	[6 out of 144] test cases in the current suite
Test Method:		[unitTests.tests_validations_assertions.assertComparativeRelation_greaterThanOrEquals_true_equals_expectedToPass]
################################################################################################################################################
[ReportManager] Assertion [ValidateComparativeRelation] PASSED. Expected [1] and Actual [1]. Comparison Type [GREATER_THAN_OR_EQUALS]. Validation Type [POSITIVE]. @08-10-2021 09:42:52.0373 A

################################################################################################################################################
Starting Execution:	[7 out of 144] test cases in the current suite
Test Method:		[unitTests.tests_validations_assertions.assertComparativeRelation_greaterThanOrEquals_true_greaterThan_expectedToFail]
################################################################################################################################################
[ReportManager] Assertion [ValidateComparativeRelation] FAILED. Expected [2] and Actual [1]. Comparison Type [GREATER_THAN_OR_EQUALS]. Validation Type [POSITIVE]. @08-10-2021 09:42:52.0377 A

################################################################################################################################################
Starting Execution:	[8 out of 144] test cases in the current suite
Test Method:		[unitTests.tests_validations_assertions.assertComparativeRelation_greaterThanOrEquals_true_greaterThan_expectedToPass]
################################################################################################################################################
[ReportManager] Assertion [ValidateComparativeRelation] PASSED. Expected [1] and Actual [2]. Comparison Type [GREATER_THAN_OR_EQUALS]. Validation Type [POSITIVE]. @08-10-2021 09:42:52.0380 A
[ReportManager] File Action [GetAbsolutePath] successfully performed. With the following test data [Relative Folder Path: "target/downloadedFiles/"]. @08-10-2021 09:42:52.0390 AM
[ReportManager] Attempting to run remotely on: [Linux-64], [GoogleChrome], [http://localhost:4444/wd/hub], Headless Execution. @08-10-2021 09:42:52.0416 AM
[ReportManager] Successfully Opened [GoogleChrome]. @08-10-2021 09:42:53.0793 AM
[ReportManager] Target URL: [https://www.google.com/ncr], and after redirection: [www.google.com] @08-10-2021 09:42:53.0847 AM
[ReportManager] Initial URL: [data:,] @08-10-2021 09:42:53.0957 AM
[ReportManager] Browser Action [NavigateToURL] successfully performed. With the following test data [https://www.google.com/ncr]. @08-10-2021 09:42:55.0192 A

################################################################################################################################################
Starting Execution:	[9 out of 144] test cases in the current suite
Test Method:		[unitTests.tests_validations_assertions.assertElementAttribute_false_caseInsensitiveComparison_expectedToFail]
################################################################################################################################################
[ReportManager] Element Action [Type] successfully performed. With the following test data [AUTOMATION]. @08-10-2021 09:42:55.0626 AM
[ReportManager] Element Action [GetText] successfully performed. With the following test data [AUTOMATION]. @08-10-2021 09:42:55.0757 AM
[ReportManager] Loaded Shared OpenCV @08-10-2021 09:42:56.0339 AM
[ReportManager] Assertion [ValidateElementAttribute] FAILED. Expected [Value Should not be 'AutomaTion' for the 'text' attribute, element locator 'By.name: q'] and Actual [AUTOMATION]. Comparison Type [CASE_INSENSITIVE]. Validation Type [NEGATIVE]. @08-10-2021 09:42:56.0605 AM
[ReportManager] Successfully created attachment [Screenshot - 1633686175937_assertElementAttribute_false_caseInsensitiveComparison_expectedToFail_ValidateElementAttribute_failed] @08-10-2021 09:42:56.0636 A
[ReportManager] Browser Action [CloseCurrentWindow] successfully performed. @08-10-2021 09:42:56.0794 AM
[ReportManager] Successfully created attachment [Browser Action Test Data - CloseCurrentWindow - Actual Value] @08-10-2021 09:42:56.0798 A
[ReportManager] File Action [GetAbsolutePath] successfully performed. With the following test data [Relative Folder Path: "target/downloadedFiles/"]. @08-10-2021 09:42:56.0807 AM
[ReportManager] Attempting to run remotely on: [Linux-64], [GoogleChrome], [http://localhost:4444/wd/hub], Headless Execution. @08-10-2021 09:42:56.0807 AM
[ReportManager] Successfully Opened [GoogleChrome]. @08-10-2021 09:42:57.0203 AM
[ReportManager] Target URL: [https://www.google.com/ncr], and after redirection: [www.google.com] @08-10-2021 09:42:57.0234 AM
[ReportManager] Initial URL: [data:,] @08-10-2021 09:42:57.0299 AM
[ReportManager] Browser Action [NavigateToURL] successfully performed. With the following test data [https://www.google.com/ncr]. @08-10-2021 09:42:58.0131 A

################################################################################################################################################
Starting Execution:	[10 out of 144] test cases in the current suite
Test Method:		[unitTests.tests_validations_assertions.assertElementAttribute_false_caseInsensitiveComparison_expectedToPass]
################################################################################################################################################
[ReportManager] Element Action [Type] successfully performed. With the following test data [AUTOMATION]. @08-10-2021 09:42:58.0515 AM
[ReportManager] Element Action [GetText] successfully performed. With the following test data [AUTOMATION]. @08-10-2021 09:42:58.0631 AM
[ReportManager] Loaded Shared OpenCV @08-10-2021 09:42:58.0768 AM
[ReportManager] Assertion [ValidateElementAttribute] PASSED. Expected [Value Should not be 'AutomaTion123' for the 'text' attribute, element locator 'By.name: q'] and Actual [AUTOMATION]. Comparison Type [CASE_INSENSITIVE]. Validation Type [NEGATIVE]. @08-10-2021 09:42:58.0882 AM
[ReportManager] Successfully created attachment [Screenshot - 1633686178768_assertElementAttribute_false_caseInsensitiveComparison_expectedToPass_ValidateElementAttribute_passed] @08-10-2021 09:42:58.0889 A
[ReportManager] Browser Action [CloseCurrentWindow] successfully performed. @08-10-2021 09:42:59.0050 AM
[ReportManager] Successfully created attachment [Browser Action Test Data - CloseCurrentWindow - Actual Value] @08-10-2021 09:42:59.0051 A
[ReportManager] File Action [GetAbsolutePath] successfully performed. With the following test data [Relative Folder Path: "target/downloadedFiles/"]. @08-10-2021 09:42:59.0056 AM
[ReportManager] Attempting to run remotely on: [Linux-64], [GoogleChrome], [http://localhost:4444/wd/hub], Headless Execution. @08-10-2021 09:42:59.0056 AM
[ReportManager] Successfully Opened [GoogleChrome]. @08-10-2021 09:42:59.0295 AM
[ReportManager] Target URL: [https://www.google.com/ncr], and after redirection: [www.google.com] @08-10-2021 09:42:59.0310 AM
[ReportManager] Initial URL: [data:,] @08-10-2021 09:42:59.0376 AM
[ReportManager] Browser Action [NavigateToURL] successfully performed. With the following test data [https://www.google.com/ncr]. @08-10-2021 09:43:00.0161 A

################################################################################################################################################
Starting Execution:	[11 out of 144] test cases in the current suite
Test Method:		[unitTests.tests_validations_assertions.assertElementAttribute_false_containsComparison_expectedToFail]
################################################################################################################################################
[ReportManager] Element Action [Type] successfully performed. With the following test data [Automation123]. @08-10-2021 09:43:00.0530 AM
[ReportManager] Element Action [GetText] successfully performed. With the following test data [Automation123]. @08-10-2021 09:43:00.0649 AM
[ReportManager] Loaded Shared OpenCV @08-10-2021 09:43:00.0785 AM
[ReportManager] Assertion [ValidateElementAttribute] FAILED. Expected [Value Should not be 'Automation' for the 'text' attribute, element locator 'By.name: q'] and Actual [Automation123]. Comparison Type [CONTAINS]. Validation Type [NEGATIVE]. @08-10-2021 09:43:00.0858 AM
[ReportManager] Successfully created attachment [Screenshot - 1633686180785_assertElementAttribute_false_containsComparison_expectedToFail_ValidateElementAttribute_failed] @08-10-2021 09:43:00.0859 A
[ReportManager] Browser Action [CloseCurrentWindow] successfully performed. @08-10-2021 09:43:01.0009 AM
[ReportManager] Successfully created attachment [Browser Action Test Data - CloseCurrentWindow - Actual Value] @08-10-2021 09:43:01.0010 A
[ReportManager] File Action [GetAbsolutePath] successfully performed. With the following test data [Relative Folder Path: "target/downloadedFiles/"]. @08-10-2021 09:43:01.0021 AM
[ReportManager] Attempting to run remotely on: [Linux-64], [GoogleChrome], [http://localhost:4444/wd/hub], Headless Execution. @08-10-2021 09:43:01.0021 AM
[ReportManager] Successfully Opened [GoogleChrome]. @08-10-2021 09:43:01.0222 AM
[ReportManager] Target URL: [https://www.google.com/ncr], and after redirection: [www.google.com] @08-10-2021 09:43:01.0236 AM
[ReportManager] Initial URL: [data:,] @08-10-2021 09:43:01.0287 AM
[ReportManager] Browser Action [NavigateToURL] successfully performed. With the following test data [https://www.google.com/ncr]. @08-10-2021 09:43:01.0987 A

################################################################################################################################################
Starting Execution:	[12 out of 144] test cases in the current suite
Test Method:		[unitTests.tests_validations_assertions.assertElementAttribute_false_containsComparison_expectedToPass]
################################################################################################################################################
[ReportManager] Element Action [Type] successfully performed. With the following test data [Automation123]. @08-10-2021 09:43:02.0344 AM
[ReportManager] Element Action [GetText] successfully performed. With the following test data [Automation123]. @08-10-2021 09:43:02.0447 AM
[ReportManager] Loaded Shared OpenCV @08-10-2021 09:43:02.0582 AM
[ReportManager] Assertion [ValidateElementAttribute] PASSED. Expected [Value Should not be 'Automation1234' for the 'text' attribute, element locator 'By.name: q'] and Actual [Automation123]. Comparison Type [CONTAINS]. Validation Type [NEGATIVE]. @08-10-2021 09:43:02.0643 AM
[ReportManager] Successfully created attachment [Screenshot - 1633686182582_assertElementAttribute_false_containsComparison_expectedToPass_ValidateElementAttribute_passed] @08-10-2021 09:43:02.0645 A
[ReportManager] Browser Action [CloseCurrentWindow] successfully performed. @08-10-2021 09:43:02.0767 AM
[ReportManager] Successfully created attachment [Browser Action Test Data - CloseCurrentWindow - Actual Value] @08-10-2021 09:43:02.0768 A
[ReportManager] File Action [GetAbsolutePath] successfully performed. With the following test data [Relative Folder Path: "target/downloadedFiles/"]. @08-10-2021 09:43:02.0771 AM
[ReportManager] Attempting to run remotely on: [Linux-64], [GoogleChrome], [http://localhost:4444/wd/hub], Headless Execution. @08-10-2021 09:43:02.0772 AM
[ReportManager] Successfully Opened [GoogleChrome]. @08-10-2021 09:43:02.0954 AM
[ReportManager] Target URL: [https://www.google.com/ncr], and after redirection: [www.google.com] @08-10-2021 09:43:02.0973 AM
[ReportManager] Initial URL: [data:,] @08-10-2021 09:43:03.0020 AM
[ReportManager] Browser Action [NavigateToURL] successfully performed. With the following test data [https://www.google.com/ncr]. @08-10-2021 09:43:03.0745 A

################################################################################################################################################
Starting Execution:	[13 out of 144] test cases in the current suite
Test Method:		[unitTests.tests_validations_assertions.assertElementAttribute_false_literalComparison_expectedToFail]
################################################################################################################################################
[ReportManager] Element Action [Type] successfully performed. With the following test data [Automation!@#$%^&*()_+{}[]\';/.,]. @08-10-2021 09:43:04.0218 AM
[ReportManager] Element Action [GetText] successfully performed. With the following test data [Automation!@#$%^&*()_+{}[]\';/.,]. @08-10-2021 09:43:04.0339 AM
[ReportManager] Loaded Shared OpenCV @08-10-2021 09:43:04.0492 AM
[ReportManager] Assertion [ValidateElementAttribute] PASSED. Expected [Value Should not be 'Automation!@#$%^&*()_+{}[]\\';/.,' for the 'text' attribute, element locator 'By.name: q'] and Actual [Automation!@#$%^&*()_+{}[]\';/.,]. Comparison Type [EQUALS]. Validation Type [NEGATIVE]. @08-10-2021 09:43:04.0573 AM
[ReportManager] Successfully created attachment [Screenshot - 1633686184492_assertElementAttribute_false_literalComparison_expectedToFail_ValidateElementAttribute_passed] @08-10-2021 09:43:04.0574 A
[ReportManager] Browser Action [CloseCurrentWindow] successfully performed. @08-10-2021 09:43:04.0710 AM
[ReportManager] Successfully created attachment [Browser Action Test Data - CloseCurrentWindow - Actual Value] @08-10-2021 09:43:04.0710 A
[ReportManager] File Action [GetAbsolutePath] successfully performed. With the following test data [Relative Folder Path: "target/downloadedFiles/"]. @08-10-2021 09:43:04.0714 AM
[ReportManager] Attempting to run remotely on: [Linux-64], [GoogleChrome], [http://localhost:4444/wd/hub], Headless Execution. @08-10-2021 09:43:04.0714 AM
[ReportManager] Successfully Opened [GoogleChrome]. @08-10-2021 09:43:04.0922 AM
[ReportManager] Target URL: [https://www.google.com/ncr], and after redirection: [www.google.com] @08-10-2021 09:43:04.0940 AM
[ReportManager] Initial URL: [data:,] @08-10-2021 09:43:04.0994 AM
[ReportManager] Browser Action [NavigateToURL] successfully performed. With the following test data [https://www.google.com/ncr]. @08-10-2021 09:43:05.0753 A

################################################################################################################################################
Starting Execution:	[14 out of 144] test cases in the current suite
Test Method:		[unitTests.tests_validations_assertions.assertElementAttribute_false_literalComparison_expectedToPass]
################################################################################################################################################
[ReportManager] Element Action [Type] successfully performed. With the following test data [Automation!@#$%^&*()_+{}[]\';/.,]. @08-10-2021 09:43:06.0152 AM
[ReportManager] Element Action [GetText] successfully performed. With the following test data [Automation!@#$%^&*()_+{}[]\';/.,]. @08-10-2021 09:43:06.0241 AM
[ReportManager] Loaded Shared OpenCV @08-10-2021 09:43:06.0366 AM
[ReportManager] Assertion [ValidateElementAttribute] PASSED. Expected [Value Should not be 'Automation' for the 'text' attribute, element locator 'By.name: q'] and Actual [Automation!@#$%^&*()_+{}[]\';/.,]. Comparison Type [EQUALS]. Validation Type [NEGATIVE]. @08-10-2021 09:43:06.0431 AM
[ReportManager] Successfully created attachment [Screenshot - 1633686186366_assertElementAttribute_false_literalComparison_expectedToPass_ValidateElementAttribute_passed] @08-10-2021 09:43:06.0432 A
[ReportManager] Browser Action [CloseCurrentWindow] successfully performed. @08-10-2021 09:43:06.0563 AM
[ReportManager] Successfully created attachment [Browser Action Test Data - CloseCurrentWindow - Actual Value] @08-10-2021 09:43:06.0566 A
[ReportManager] File Action [GetAbsolutePath] successfully performed. With the following test data [Relative Folder Path: "target/downloadedFiles/"]. @08-10-2021 09:43:06.0569 AM
[ReportManager] Attempting to run remotely on: [Linux-64], [GoogleChrome], [http://localhost:4444/wd/hub], Headless Execution. @08-10-2021 09:43:06.0569 AM
[ReportManager] Successfully Opened [GoogleChrome]. @08-10-2021 09:43:06.0758 AM
[ReportManager] Target URL: [https://www.google.com/ncr], and after redirection: [www.google.com] @08-10-2021 09:43:06.0778 AM
[ReportManager] Initial URL: [data:,] @08-10-2021 09:43:06.0841 AM
[ReportManager] Browser Action [NavigateToURL] successfully performed. With the following test data [https://www.google.com/ncr]. @08-10-2021 09:43:07.0570 A

################################################################################################################################################
Starting Execution:	[15 out of 144] test cases in the current suite
Test Method:		[unitTests.tests_validations_assertions.assertElementAttribute_false_regexComparison_expectedToFail]
################################################################################################################################################
[ReportManager] Element Action [Type] successfully performed. With the following test data [Automation123]. @08-10-2021 09:43:07.0905 AM
[ReportManager] Element Action [GetText] successfully performed. With the following test data [Automation123]. @08-10-2021 09:43:08.0004 AM
[ReportManager] Loaded Shared OpenCV @08-10-2021 09:43:08.0128 AM
[ReportManager] Assertion [ValidateElementAttribute] FAILED. Expected [Value Should not be 'Automation.*' for the 'text' attribute, element locator 'By.name: q'] and Actual [Automation123]. Comparison Type [MATCHES]. Validation Type [NEGATIVE]. @08-10-2021 09:43:08.0188 AM
[ReportManager] Successfully created attachment [Screenshot - 1633686188128_assertElementAttribute_false_regexComparison_expectedToFail_ValidateElementAttribute_failed] @08-10-2021 09:43:08.0189 A
[ReportManager] Browser Action [CloseCurrentWindow] successfully performed. @08-10-2021 09:43:08.0318 AM
[ReportManager] Successfully created attachment [Browser Action Test Data - CloseCurrentWindow - Actual Value] @08-10-2021 09:43:08.0319 A
[ReportManager] File Action [GetAbsolutePath] successfully performed. With the following test data [Relative Folder Path: "target/downloadedFiles/"]. @08-10-2021 09:43:08.0321 AM
[ReportManager] Attempting to run remotely on: [Linux-64], [GoogleChrome], [http://localhost:4444/wd/hub], Headless Execution. @08-10-2021 09:43:08.0322 AM
[ReportManager] Successfully Opened [GoogleChrome]. @08-10-2021 09:43:08.0516 AM
[ReportManager] Target URL: [https://www.google.com/ncr], and after redirection: [www.google.com] @08-10-2021 09:43:08.0531 AM
[ReportManager] Initial URL: [data:,] @08-10-2021 09:43:08.0570 AM
[ReportManager] Browser Action [NavigateToURL] successfully performed. With the following test data [https://www.google.com/ncr]. @08-10-2021 09:43:09.0308 A

################################################################################################################################################
Starting Execution:	[16 out of 144] test cases in the current suite
Test Method:		[unitTests.tests_validations_assertions.assertElementAttribute_false_regexComparison_expectedToPass]
################################################################################################################################################
[ReportManager] Element Action [Type] successfully performed. With the following test data [Automation123]. @08-10-2021 09:43:09.0641 AM
[ReportManager] Element Action [GetText] successfully performed. With the following test data [Automation123]. @08-10-2021 09:43:09.0750 AM
[ReportManager] Loaded Shared OpenCV @08-10-2021 09:43:09.0861 AM
[ReportManager] Assertion [ValidateElementAttribute] PASSED. Expected [Value Should not be 'Automation' for the 'text' attribute, element locator 'By.name: q'] and Actual [Automation123]. Comparison Type [MATCHES]. Validation Type [NEGATIVE]. @08-10-2021 09:43:09.0928 AM
[ReportManager] Successfully created attachment [Screenshot - 1633686189861_assertElementAttribute_false_regexComparison_expectedToPass_ValidateElementAttribute_passed] @08-10-2021 09:43:09.0929 A
[ReportManager] Browser Action [CloseCurrentWindow] successfully performed. @08-10-2021 09:43:10.0051 AM
[ReportManager] Successfully created attachment [Browser Action Test Data - CloseCurrentWindow - Actual Value] @08-10-2021 09:43:10.0052 A
[ReportManager] File Action [GetAbsolutePath] successfully performed. With the following test data [Relative Folder Path: "target/downloadedFiles/"]. @08-10-2021 09:43:10.0059 AM
[ReportManager] Attempting to run remotely on: [Linux-64], [GoogleChrome], [http://localhost:4444/wd/hub], Headless Execution. @08-10-2021 09:43:10.0060 AM
[ReportManager] Successfully Opened [GoogleChrome]. @08-10-2021 09:43:10.0316 AM
[ReportManager] Target URL: [https://www.google.com/ncr], and after redirection: [www.google.com] @08-10-2021 09:43:10.0328 AM
[ReportManager] Initial URL: [data:,] @08-10-2021 09:43:10.0381 AM
[ReportManager] Browser Action [NavigateToURL] successfully performed. With the following test data [https://www.google.com/ncr]. @08-10-2021 09:43:11.0062 A

################################################################################################################################################
Starting Execution:	[17 out of 144] test cases in the current suite
Test Method:		[unitTests.tests_validations_assertions.assertElementAttribute_true_caseInsensitiveComparison_expectedToFail]
################################################################################################################################################
[ReportManager] Element Action [Type] successfully performed. With the following test data [AUTOMATION]. @08-10-2021 09:43:11.0386 AM
[ReportManager] Element Action [GetText] successfully performed. With the following test data [AUTOMATION]. @08-10-2021 09:43:11.0491 AM
[ReportManager] Loaded Shared OpenCV @08-10-2021 09:43:11.0617 AM
[ReportManager] Assertion [ValidateElementAttribute] FAILED. Expected [Value Should be 'AutomaTion123' for the 'text' attribute, element locator 'By.name: q'] and Actual [AUTOMATION]. Comparison Type [CASE_INSENSITIVE]. Validation Type [POSITIVE]. @08-10-2021 09:43:11.0680 AM
[ReportManager] Successfully created attachment [Screenshot - 1633686191617_assertElementAttribute_true_caseInsensitiveComparison_expectedToFail_ValidateElementAttribute_failed] @08-10-2021 09:43:11.0681 A
[ReportManager] Browser Action [CloseCurrentWindow] successfully performed. @08-10-2021 09:43:11.0810 AM
[ReportManager] Successfully created attachment [Browser Action Test Data - CloseCurrentWindow - Actual Value] @08-10-2021 09:43:11.0810 A
[ReportManager] File Action [GetAbsolutePath] successfully performed. With the following test data [Relative Folder Path: "target/downloadedFiles/"]. @08-10-2021 09:43:11.0813 AM
[ReportManager] Attempting to run remotely on: [Linux-64], [GoogleChrome], [http://localhost:4444/wd/hub], Headless Execution. @08-10-2021 09:43:11.0813 AM
[ReportManager] Successfully Opened [GoogleChrome]. @08-10-2021 09:43:12.0015 AM
[ReportManager] Target URL: [https://www.google.com/ncr], and after redirection: [www.google.com] @08-10-2021 09:43:12.0027 AM
[ReportManager] Initial URL: [data:,] @08-10-2021 09:43:12.0065 AM
[ReportManager] Browser Action [NavigateToURL] successfully performed. With the following test data [https://www.google.com/ncr]. @08-10-2021 09:43:12.0725 A

################################################################################################################################################
Starting Execution:	[18 out of 144] test cases in the current suite
Test Method:		[unitTests.tests_validations_assertions.assertElementAttribute_true_caseInsensitiveComparison_expectedToPass]
################################################################################################################################################
[ReportManager] Element Action [Type] successfully performed. With the following test data [AUTOMATION]. @08-10-2021 09:43:13.0056 AM
[ReportManager] Element Action [GetText] successfully performed. With the following test data [AUTOMATION]. @08-10-2021 09:43:13.0160 AM
[ReportManager] Loaded Shared OpenCV @08-10-2021 09:43:13.0286 AM
[ReportManager] Assertion [ValidateElementAttribute] PASSED. Expected [Value Should be 'AutomaTion' for the 'text' attribute, element locator 'By.name: q'] and Actual [AUTOMATION]. Comparison Type [CASE_INSENSITIVE]. Validation Type [POSITIVE]. @08-10-2021 09:43:13.0358 AM
[ReportManager] Successfully created attachment [Screenshot - 1633686193286_assertElementAttribute_true_caseInsensitiveComparison_expectedToPass_ValidateElementAttribute_passed] @08-10-2021 09:43:13.0359 A
[ReportManager] Browser Action [CloseCurrentWindow] successfully performed. @08-10-2021 09:43:13.0481 AM
[ReportManager] Successfully created attachment [Browser Action Test Data - CloseCurrentWindow - Actual Value] @08-10-2021 09:43:13.0482 A
[ReportManager] File Action [GetAbsolutePath] successfully performed. With the following test data [Relative Folder Path: "target/downloadedFiles/"]. @08-10-2021 09:43:13.0485 AM
[ReportManager] Attempting to run remotely on: [Linux-64], [GoogleChrome], [http://localhost:4444/wd/hub], Headless Execution. @08-10-2021 09:43:13.0485 AM
[ReportManager] Successfully Opened [GoogleChrome]. @08-10-2021 09:43:13.0689 AM
[ReportManager] Target URL: [https://www.google.com/ncr], and after redirection: [www.google.com] @08-10-2021 09:43:13.0700 AM
[ReportManager] Initial URL: [data:,] @08-10-2021 09:43:13.0753 AM
[ReportManager] Browser Action [NavigateToURL] successfully performed. With the following test data [https://www.google.com/ncr]. @08-10-2021 09:43:14.0442 A

################################################################################################################################################
Starting Execution:	[19 out of 144] test cases in the current suite
Test Method:		[unitTests.tests_validations_assertions.assertElementAttribute_true_containsComparison_expectedToFail]
################################################################################################################################################
[ReportManager] Element Action [Type] successfully performed. With the following test data [Automation123]. @08-10-2021 09:43:14.0780 AM
[ReportManager] Element Action [GetText] successfully performed. With the following test data [Automation123]. @08-10-2021 09:43:14.0873 AM
[ReportManager] Loaded Shared OpenCV @08-10-2021 09:43:15.0012 AM
[ReportManager] Assertion [ValidateElementAttribute] FAILED. Expected [Value Should be 'Automation1234' for the 'text' attribute, element locator 'By.name: q'] and Actual [Automation123]. Comparison Type [CONTAINS]. Validation Type [POSITIVE]. @08-10-2021 09:43:15.0095 AM
[ReportManager] Successfully created attachment [Screenshot - 1633686195012_assertElementAttribute_true_containsComparison_expectedToFail_ValidateElementAttribute_failed] @08-10-2021 09:43:15.0096 A
[ReportManager] Browser Action [CloseCurrentWindow] successfully performed. @08-10-2021 09:43:15.0235 AM
[ReportManager] Successfully created attachment [Browser Action Test Data - CloseCurrentWindow - Actual Value] @08-10-2021 09:43:15.0236 A
[ReportManager] File Action [GetAbsolutePath] successfully performed. With the following test data [Relative Folder Path: "target/downloadedFiles/"]. @08-10-2021 09:43:15.0239 AM
[ReportManager] Attempting to run remotely on: [Linux-64], [GoogleChrome], [http://localhost:4444/wd/hub], Headless Execution. @08-10-2021 09:43:15.0239 AM
[ReportManager] Successfully Opened [GoogleChrome]. @08-10-2021 09:43:15.0477 AM
[ReportManager] Target URL: [https://www.google.com/ncr], and after redirection: [www.google.com] @08-10-2021 09:43:15.0489 AM
[ReportManager] Initial URL: [data:,] @08-10-2021 09:43:15.0528 AM
[ReportManager] Browser Action [NavigateToURL] successfully performed. With the following test data [https://www.google.com/ncr]. @08-10-2021 09:43:16.0223 A

################################################################################################################################################
Starting Execution:	[20 out of 144] test cases in the current suite
Test Method:		[unitTests.tests_validations_assertions.assertElementAttribute_true_containsComparison_expectedToPass]
################################################################################################################################################
[ReportManager] Element Action [Type] successfully performed. With the following test data [Automation123]. @08-10-2021 09:43:16.0607 AM
[ReportManager] Element Action [GetText] successfully performed. With the following test data [Automation123]. @08-10-2021 09:43:16.0691 AM
[ReportManager] Loaded Shared OpenCV @08-10-2021 09:43:16.0792 AM
[ReportManager] Assertion [ValidateElementAttribute] PASSED. Expected [Value Should be 'Automation' for the 'text' attribute, element locator 'By.name: q'] and Actual [Automation123]. Comparison Type [CONTAINS]. Validation Type [POSITIVE]. @08-10-2021 09:43:16.0852 AM
[ReportManager] Successfully created attachment [Screenshot - 1633686196792_assertElementAttribute_true_containsComparison_expectedToPass_ValidateElementAttribute_passed] @08-10-2021 09:43:16.0853 A
[ReportManager] Browser Action [CloseCurrentWindow] successfully performed. @08-10-2021 09:43:16.0926 AM
[ReportManager] Successfully created attachment [Browser Action Test Data - CloseCurrentWindow - Actual Value] @08-10-2021 09:43:16.0927 A
[ReportManager] File Action [GetAbsolutePath] successfully performed. With the following test data [Relative Folder Path: "target/downloadedFiles/"]. @08-10-2021 09:43:16.0929 AM
[ReportManager] Attempting to run remotely on: [Linux-64], [GoogleChrome], [http://localhost:4444/wd/hub], Headless Execution. @08-10-2021 09:43:16.0929 AM
[ReportManager] Successfully Opened [GoogleChrome]. @08-10-2021 09:43:17.0141 AM
[ReportManager] Target URL: [https://www.google.com/ncr], and after redirection: [www.google.com] @08-10-2021 09:43:17.0156 AM
[ReportManager] Initial URL: [data:,] @08-10-2021 09:43:17.0193 AM
[ReportManager] Browser Action [NavigateToURL] successfully performed. With the following test data [https://www.google.com/ncr]. @08-10-2021 09:43:17.0843 A

################################################################################################################################################
Starting Execution:	[21 out of 144] test cases in the current suite
Test Method:		[unitTests.tests_validations_assertions.assertElementAttribute_true_literalComparison_expectedToFail]
################################################################################################################################################
[ReportManager] Element Action [Type] successfully performed. With the following test data [Automation!@#$%^&*()_+{}[]\';/.,]. @08-10-2021 09:43:18.0211 AM
[ReportManager] Element Action [GetText] successfully performed. With the following test data [Automation!@#$%^&*()_+{}[]\';/.,]. @08-10-2021 09:43:18.0316 AM
[ReportManager] Loaded Shared OpenCV @08-10-2021 09:43:18.0435 AM
[ReportManager] Assertion [ValidateElementAttribute] FAILED. Expected [Value Should be 'Automation' for the 'text' attribute, element locator 'By.name: q'] and Actual [Automation!@#$%^&*()_+{}[]\';/.,]. Comparison Type [EQUALS]. Validation Type [POSITIVE]. @08-10-2021 09:43:18.0515 AM
[ReportManager] Successfully created attachment [Screenshot - 1633686198435_assertElementAttribute_true_literalComparison_expectedToFail_ValidateElementAttribute_failed] @08-10-2021 09:43:18.0520 A
[ReportManager] Browser Action [CloseCurrentWindow] successfully performed. @08-10-2021 09:43:18.0678 AM
[ReportManager] Successfully created attachment [Browser Action Test Data - CloseCurrentWindow - Actual Value] @08-10-2021 09:43:18.0679 A
[ReportManager] File Action [GetAbsolutePath] successfully performed. With the following test data [Relative Folder Path: "target/downloadedFiles/"]. @08-10-2021 09:43:18.0682 AM
[ReportManager] Attempting to run remotely on: [Linux-64], [GoogleChrome], [http://localhost:4444/wd/hub], Headless Execution. @08-10-2021 09:43:18.0682 AM
[ReportManager] Successfully Opened [GoogleChrome]. @08-10-2021 09:43:18.0903 AM
[ReportManager] Target URL: [https://www.google.com/ncr], and after redirection: [www.google.com] @08-10-2021 09:43:18.0913 AM
[ReportManager] Initial URL: [data:,] @08-10-2021 09:43:18.0965 AM
[ReportManager] Browser Action [NavigateToURL] successfully performed. With the following test data [https://www.google.com/ncr]. @08-10-2021 09:43:19.0601 A

################################################################################################################################################
Starting Execution:	[22 out of 144] test cases in the current suite
Test Method:		[unitTests.tests_validations_assertions.assertElementAttribute_true_literalComparison_expectedToPass]
################################################################################################################################################
[ReportManager] Element Action [Type] successfully performed. With the following test data [Automation!@#$%^&*()_+{}[]\';/.,]. @08-10-2021 09:43:19.0980 AM
[ReportManager] Element Action [GetText] successfully performed. With the following test data [Automation!@#$%^&*()_+{}[]\';/.,]. @08-10-2021 09:43:20.0063 AM
[ReportManager] Loaded Shared OpenCV @08-10-2021 09:43:20.0181 AM
[ReportManager] Assertion [ValidateElementAttribute] PASSED. Expected [Value Should be 'Automation!@#$%^&*()_+{}[]\';/.,' for the 'text' attribute, element locator 'By.name: q'] and Actual [Automation!@#$%^&*()_+{}[]\';/.,]. Comparison Type [EQUALS]. Validation Type [POSITIVE]. @08-10-2021 09:43:20.0246 AM
[ReportManager] Successfully created attachment [Screenshot - 1633686200181_assertElementAttribute_true_literalComparison_expectedToPass_ValidateElementAttribute_passed] @08-10-2021 09:43:20.0247 A
[ReportManager] Browser Action [CloseCurrentWindow] successfully performed. @08-10-2021 09:43:20.0360 AM
[ReportManager] Successfully created attachment [Browser Action Test Data - CloseCurrentWindow - Actual Value] @08-10-2021 09:43:20.0361 A
[ReportManager] File Action [GetAbsolutePath] successfully performed. With the following test data [Relative Folder Path: "target/downloadedFiles/"]. @08-10-2021 09:43:20.0364 AM
[ReportManager] Attempting to run remotely on: [Linux-64], [GoogleChrome], [http://localhost:4444/wd/hub], Headless Execution. @08-10-2021 09:43:20.0364 AM
[ReportManager] Successfully Opened [GoogleChrome]. @08-10-2021 09:43:20.0551 AM
[ReportManager] Target URL: [https://www.google.com/ncr], and after redirection: [www.google.com] @08-10-2021 09:43:20.0562 AM
[ReportManager] Initial URL: [data:,] @08-10-2021 09:43:20.0599 AM
[ReportManager] Browser Action [NavigateToURL] successfully performed. With the following test data [https://www.google.com/ncr]. @08-10-2021 09:43:21.0275 A

################################################################################################################################################
Starting Execution:	[23 out of 144] test cases in the current suite
Test Method:		[unitTests.tests_validations_assertions.assertElementAttribute_true_regexComparison_expectedToFail]
################################################################################################################################################
[ReportManager] Element Action [Type] successfully performed. With the following test data [Automation123]. @08-10-2021 09:43:21.0621 AM
[ReportManager] Element Action [GetText] successfully performed. With the following test data [Automation123]. @08-10-2021 09:43:21.0709 AM
[ReportManager] Loaded Shared OpenCV @08-10-2021 09:43:21.0852 AM
[ReportManager] Assertion [ValidateElementAttribute] FAILED. Expected [Value Should be 'Automation' for the 'text' attribute, element locator 'By.name: q'] and Actual [Automation123]. Comparison Type [MATCHES]. Validation Type [POSITIVE]. @08-10-2021 09:43:21.0912 AM
[ReportManager] Successfully created attachment [Screenshot - 1633686201852_assertElementAttribute_true_regexComparison_expectedToFail_ValidateElementAttribute_failed] @08-10-2021 09:43:21.0913 A
[ReportManager] Browser Action [CloseCurrentWindow] successfully performed. @08-10-2021 09:43:22.0033 AM
[ReportManager] Successfully created attachment [Browser Action Test Data - CloseCurrentWindow - Actual Value] @08-10-2021 09:43:22.0036 A
[ReportManager] File Action [GetAbsolutePath] successfully performed. With the following test data [Relative Folder Path: "target/downloadedFiles/"]. @08-10-2021 09:43:22.0039 AM
[ReportManager] Attempting to run remotely on: [Linux-64], [GoogleChrome], [http://localhost:4444/wd/hub], Headless Execution. @08-10-2021 09:43:22.0040 AM
[ReportManager] Successfully Opened [GoogleChrome]. @08-10-2021 09:43:22.0241 AM
[ReportManager] Target URL: [https://www.google.com/ncr], and after redirection: [www.google.com] @08-10-2021 09:43:22.0251 AM
[ReportManager] Initial URL: [data:,] @08-10-2021 09:43:22.0300 AM
[ReportManager] Browser Action [NavigateToURL] successfully performed. With the following test data [https://www.google.com/ncr]. @08-10-2021 09:43:23.0023 A

################################################################################################################################################
Starting Execution:	[24 out of 144] test cases in the current suite
Test Method:		[unitTests.tests_validations_assertions.assertElementAttribute_true_regexComparison_expectedToPass]
################################################################################################################################################
[ReportManager] Element Action [Type] successfully performed. With the following test data [Automation123]. @08-10-2021 09:43:23.0341 AM
[ReportManager] Element Action [GetText] successfully performed. With the following test data [Automation123]. @08-10-2021 09:43:23.0435 AM
[ReportManager] Loaded Shared OpenCV @08-10-2021 09:43:23.0563 AM
[ReportManager] Assertion [ValidateElementAttribute] PASSED. Expected [Value Should be 'Automation.*' for the 'text' attribute, element locator 'By.name: q'] and Actual [Automation123]. Comparison Type [MATCHES]. Validation Type [POSITIVE]. @08-10-2021 09:43:23.0631 AM
[ReportManager] Successfully created attachment [Screenshot - 1633686203562_assertElementAttribute_true_regexComparison_expectedToPass_ValidateElementAttribute_passed] @08-10-2021 09:43:23.0632 A
[ReportManager] Browser Action [CloseCurrentWindow] successfully performed. @08-10-2021 09:43:23.0750 AM
[ReportManager] Successfully created attachment [Browser Action Test Data - CloseCurrentWindow - Actual Value] @08-10-2021 09:43:23.0751 A
[ReportManager] File Action [GetAbsolutePath] successfully performed. With the following test data [Relative Folder Path: "target/downloadedFiles/"]. @08-10-2021 09:43:23.0754 AM
[ReportManager] Attempting to run remotely on: [Linux-64], [GoogleChrome], [http://localhost:4444/wd/hub], Headless Execution. @08-10-2021 09:43:23.0754 AM
[ReportManager] Successfully Opened [GoogleChrome]. @08-10-2021 09:43:23.0930 AM
[ReportManager] Target URL: [https://www.google.com/ncr], and after redirection: [www.google.com] @08-10-2021 09:43:23.0941 AM
[ReportManager] Initial URL: [data:,] @08-10-2021 09:43:23.0979 AM
[ReportManager] Browser Action [NavigateToURL] successfully performed. With the following test data [https://www.google.com/ncr]. @08-10-2021 09:43:24.0648 A

################################################################################################################################################
Starting Execution:	[25 out of 144] test cases in the current suite
Test Method:		[unitTests.tests_validations_assertions.assertElementAttribute_type_true_literalComparison_expectedToPass]
################################################################################################################################################
[ReportManager] Element Action [Type] successfully performed. With the following test data [Automation!@#$%^&*()_+{}[]\';/.,]. @08-10-2021 09:43:25.0076 AM
[ReportManager] Element Action [GetText] successfully performed. With the following test data [Automation!@#$%^&*()_+{}[]\';/.,]. @08-10-2021 09:43:25.0180 AM
[ReportManager] Loaded Shared OpenCV @08-10-2021 09:43:25.0343 AM
[ReportManager] Assertion [ValidateElementAttribute] PASSED. Expected [Value Should be 'Automation!@#$%^&*()_+{}[]\';/.,' for the 'text' attribute, element locator 'By.name: q'] and Actual [Automation!@#$%^&*()_+{}[]\';/.,]. Comparison Type [EQUALS]. Validation Type [POSITIVE]. @08-10-2021 09:43:25.0421 AM
[ReportManager] Successfully created attachment [Screenshot - 1633686205343_assertElementAttribute_type_true_literalComparison_expectedToPass_ValidateElementAttribute_passed] @08-10-2021 09:43:25.0422 A
[ReportManager] Browser Action [CloseCurrentWindow] successfully performed. @08-10-2021 09:43:25.0543 AM
[ReportManager] Successfully created attachment [Browser Action Test Data - CloseCurrentWindow - Actual Value] @08-10-2021 09:43:25.0544 A
[ReportManager] File Action [GetAbsolutePath] successfully performed. With the following test data [Relative Folder Path: "target/downloadedFiles/"]. @08-10-2021 09:43:25.0547 AM
[ReportManager] Attempting to run remotely on: [Linux-64], [GoogleChrome], [http://localhost:4444/wd/hub], Headless Execution. @08-10-2021 09:43:25.0552 AM
[ReportManager] Successfully Opened [GoogleChrome]. @08-10-2021 09:43:25.0725 AM
[ReportManager] Target URL: [https://www.google.com/ncr], and after redirection: [www.google.com] @08-10-2021 09:43:25.0735 AM
[ReportManager] Initial URL: [data:,] @08-10-2021 09:43:25.0785 AM
[ReportManager] Browser Action [NavigateToURL] successfully performed. With the following test data [https://www.google.com/ncr]. @08-10-2021 09:43:26.0478 A

################################################################################################################################################
Starting Execution:	[26 out of 144] test cases in the current suite
Test Method:		[unitTests.tests_validations_assertions.assertElementExists_false_expectedToFail]
################################################################################################################################################
[ReportManager] Assertion [ValidateElementExists] PASSED. Expected [Element Should not Exist, locator 'By.id: hplogo'] and Actual [Element Doesn't Exists]. Comparison Type [EQUALS]. Validation Type [NEGATIVE]. @08-10-2021 09:43:36.0850 AM
[ReportManager] Successfully created attachment [Screenshot - 1633686216776_assertElementExists_false_expectedToFail_ValidateElementExists_passed] @08-10-2021 09:43:36.0850 A
[ReportManager] Browser Action [CloseCurrentWindow] successfully performed. @08-10-2021 09:43:36.0964 AM
[ReportManager] Successfully created attachment [Browser Action Test Data - CloseCurrentWindow - Actual Value] @08-10-2021 09:43:36.0964 A
[ReportManager] File Action [GetAbsolutePath] successfully performed. With the following test data [Relative Folder Path: "target/downloadedFiles/"]. @08-10-2021 09:43:36.0967 AM
[ReportManager] Attempting to run remotely on: [Linux-64], [GoogleChrome], [http://localhost:4444/wd/hub], Headless Execution. @08-10-2021 09:43:36.0967 AM
[ReportManager] Successfully Opened [GoogleChrome]. @08-10-2021 09:43:37.0139 AM
[ReportManager] Target URL: [https://www.google.com/ncr], and after redirection: [www.google.com] @08-10-2021 09:43:37.0149 AM
[ReportManager] Initial URL: [data:,] @08-10-2021 09:43:37.0184 AM
[ReportManager] Browser Action [NavigateToURL] successfully performed. With the following test data [https://www.google.com/ncr]. @08-10-2021 09:43:37.0838 A

################################################################################################################################################
Starting Execution:	[27 out of 144] test cases in the current suite
Test Method:		[unitTests.tests_validations_assertions.assertElementExists_false_expectedToPass]
################################################################################################################################################
[ReportManager] Assertion [ValidateElementExists] PASSED. Expected [Element Should not Exist, locator 'By.id: fakeElement'] and Actual [Element Doesn't Exists]. Comparison Type [EQUALS]. Validation Type [NEGATIVE]. @08-10-2021 09:43:48.0187 AM
[ReportManager] Successfully created attachment [Screenshot - 1633686228128_assertElementExists_false_expectedToPass_ValidateElementExists_passed] @08-10-2021 09:43:48.0188 A
[ReportManager] Browser Action [CloseCurrentWindow] successfully performed. @08-10-2021 09:43:48.0300 AM
[ReportManager] Successfully created attachment [Browser Action Test Data - CloseCurrentWindow - Actual Value] @08-10-2021 09:43:48.0301 A
[ReportManager] File Action [GetAbsolutePath] successfully performed. With the following test data [Relative Folder Path: "target/downloadedFiles/"]. @08-10-2021 09:43:48.0306 AM
[ReportManager] Attempting to run remotely on: [Linux-64], [GoogleChrome], [http://localhost:4444/wd/hub], Headless Execution. @08-10-2021 09:43:48.0306 AM
[ReportManager] Successfully Opened [GoogleChrome]. @08-10-2021 09:43:48.0480 AM
[ReportManager] Target URL: [https://www.google.com/ncr], and after redirection: [www.google.com] @08-10-2021 09:43:48.0495 AM
[ReportManager] Initial URL: [data:,] @08-10-2021 09:43:48.0533 AM
[ReportManager] Browser Action [NavigateToURL] successfully performed. With the following test data [https://www.google.com/ncr]. @08-10-2021 09:43:49.0205 A

################################################################################################################################################
Starting Execution:	[28 out of 144] test cases in the current suite
Test Method:		[unitTests.tests_validations_assertions.assertElementExists_false_multipleElementsFound_expectedToFail]
################################################################################################################################################
[ReportManager] Assertion [ValidateElementExists] FAILED. Expected [Element Should not Exist, locator 'By.xpath: //div'] and Actual [Element Exists but is not unique]. Comparison Type [EQUALS]. Validation Type [NEGATIVE]. @08-10-2021 09:43:49.0406 AM
[ReportManager] Successfully created attachment [Screenshot - 1633686229357_assertElementExists_false_multipleElementsFound_expectedToFail_ValidateElementExists_failed] @08-10-2021 09:43:49.0407 A
[ReportManager] Browser Action [CloseCurrentWindow] successfully performed. @08-10-2021 09:43:49.0525 AM
[ReportManager] Successfully created attachment [Browser Action Test Data - CloseCurrentWindow - Actual Value] @08-10-2021 09:43:49.0526 A
[ReportManager] File Action [GetAbsolutePath] successfully performed. With the following test data [Relative Folder Path: "target/downloadedFiles/"]. @08-10-2021 09:43:49.0529 AM
[ReportManager] Attempting to run remotely on: [Linux-64], [GoogleChrome], [http://localhost:4444/wd/hub], Headless Execution. @08-10-2021 09:43:49.0529 AM
[ReportManager] Successfully Opened [GoogleChrome]. @08-10-2021 09:43:49.0727 AM
[ReportManager] Target URL: [https://www.google.com/ncr], and after redirection: [www.google.com] @08-10-2021 09:43:49.0737 AM
[ReportManager] Initial URL: [data:,] @08-10-2021 09:43:49.0780 AM
[ReportManager] Browser Action [NavigateToURL] successfully performed. With the following test data [https://www.google.com/ncr]. @08-10-2021 09:43:50.0466 A

################################################################################################################################################
Starting Execution:	[29 out of 144] test cases in the current suite
Test Method:		[unitTests.tests_validations_assertions.assertElementExists_true_expectedToFail]
################################################################################################################################################
[ReportManager] Assertion [ValidateElementExists] FAILED. Expected [Element Should Exist, locator 'By.id: fakeElement'] and Actual [Element Doesn't Exists]. Comparison Type [EQUALS]. Validation Type [POSITIVE]. @08-10-2021 09:44:21.0082 AM
[ReportManager] Successfully created attachment [Screenshot - 1633686261025_assertElementExists_true_expectedToFail_ValidateElementExists_failed] @08-10-2021 09:44:21.0083 A
[ReportManager] Browser Action [CloseCurrentWindow] successfully performed. @08-10-2021 09:44:21.0198 AM
[ReportManager] Successfully created attachment [Browser Action Test Data - CloseCurrentWindow - Actual Value] @08-10-2021 09:44:21.0199 A
[ReportManager] File Action [GetAbsolutePath] successfully performed. With the following test data [Relative Folder Path: "target/downloadedFiles/"]. @08-10-2021 09:44:21.0203 AM
[ReportManager] Attempting to run remotely on: [Linux-64], [GoogleChrome], [http://localhost:4444/wd/hub], Headless Execution. @08-10-2021 09:44:21.0203 AM
[ReportManager] Successfully Opened [GoogleChrome]. @08-10-2021 09:44:21.0369 AM
[ReportManager] Target URL: [https://www.google.com/ncr], and after redirection: [www.google.com] @08-10-2021 09:44:21.0382 AM
[ReportManager] Initial URL: [data:,] @08-10-2021 09:44:21.0421 AM
[ReportManager] Browser Action [NavigateToURL] successfully performed. With the following test data [https://www.google.com/ncr]. @08-10-2021 09:44:22.0102 A

################################################################################################################################################
Starting Execution:	[30 out of 144] test cases in the current suite
Test Method:		[unitTests.tests_validations_assertions.assertElementExists_true_expectedToPass]
################################################################################################################################################
[ReportManager] Loaded Shared OpenCV @08-10-2021 09:44:22.0294 AM
[ReportManager] Assertion [ValidateElementExists] PASSED. Expected [Element Should Exist, locator 'By.xpath: //*[@id='hplogo' or @alt='Google']'] and Actual [Element Exists]. Comparison Type [EQUALS]. Validation Type [POSITIVE]. @08-10-2021 09:44:22.0362 AM
[ReportManager] Successfully created attachment [Screenshot - 1633686262294_assertElementExists_true_expectedToPass_ValidateElementExists_passed] @08-10-2021 09:44:22.0363 A
[ReportManager] Browser Action [CloseCurrentWindow] successfully performed. @08-10-2021 09:44:22.0477 AM
[ReportManager] Successfully created attachment [Browser Action Test Data - CloseCurrentWindow - Actual Value] @08-10-2021 09:44:22.0478 A
[ReportManager] File Action [GetAbsolutePath] successfully performed. With the following test data [Relative Folder Path: "target/downloadedFiles/"]. @08-10-2021 09:44:22.0481 AM
[ReportManager] Attempting to run remotely on: [Linux-64], [GoogleChrome], [http://localhost:4444/wd/hub], Headless Execution. @08-10-2021 09:44:22.0481 AM
[ReportManager] Successfully Opened [GoogleChrome]. @08-10-2021 09:44:22.0661 AM
[ReportManager] Target URL: [https://www.google.com/ncr], and after redirection: [www.google.com] @08-10-2021 09:44:22.0679 AM
[ReportManager] Initial URL: [data:,] @08-10-2021 09:44:22.0718 AM
[ReportManager] Browser Action [NavigateToURL] successfully performed. With the following test data [https://www.google.com/ncr]. @08-10-2021 09:44:23.0450 A

################################################################################################################################################
Starting Execution:	[31 out of 144] test cases in the current suite
Test Method:		[unitTests.tests_validations_assertions.assertElementExists_true_multipleElementsFound_expectedToFail]
################################################################################################################################################
[ReportManager] Assertion [ValidateElementExists] FAILED. Expected [Element Should Exist, locator 'By.xpath: //div'] and Actual [Element Exists but is not unique]. Comparison Type [EQUALS]. Validation Type [POSITIVE]. @08-10-2021 09:44:23.0656 AM
[ReportManager] Successfully created attachment [Screenshot - 1633686263606_assertElementExists_true_multipleElementsFound_expectedToFail_ValidateElementExists_failed] @08-10-2021 09:44:23.0656 A
[ReportManager] Browser Action [CloseCurrentWindow] successfully performed. @08-10-2021 09:44:23.0778 AM
[ReportManager] Successfully created attachment [Browser Action Test Data - CloseCurrentWindow - Actual Value] @08-10-2021 09:44:23.0779 A

################################################################################################################################################
Starting Execution:	[32 out of 144] test cases in the current suite
Test Method:		[unitTests.tests_validations_assertions.assertEquals_false_expectedToFail]
################################################################################################################################################
[ReportManager] Assertion [ValidateEquals] FAILED. Expected [1] and Actual [1]. Comparison Type [EQUALS]. Validation Type [NEGATIVE]. @08-10-2021 09:44:23.0783 A

################################################################################################################################################
Starting Execution:	[33 out of 144] test cases in the current suite
Test Method:		[unitTests.tests_validations_assertions.assertEquals_false_expectedToPass]
################################################################################################################################################
[ReportManager] Assertion [ValidateEquals] PASSED. Expected [1] and Actual [2]. Comparison Type [EQUALS]. Validation Type [NEGATIVE]. @08-10-2021 09:44:23.0786 A

################################################################################################################################################
Starting Execution:	[34 out of 144] test cases in the current suite
Test Method:		[unitTests.tests_validations_assertions.assertEquals_longCharacters]
################################################################################################################################################
[ReportManager] Verification [ValidateEquals] PASSED. Expected and Actual values are attached. Comparison Type [EQUALS]. Validation Type [POSITIVE]. @08-10-2021 09:44:23.0790 AM
[ReportManager] Successfully created attachment [Validation Test Data - Expected Value] @08-10-2021 09:44:23.0791 AM
[ReportManager] Successfully created attachment [Validation Test Data - Actual Value] @08-10-2021 09:44:23.0791 AM
[ReportManager] Assertion [ValidateEquals] PASSED. Expected and Actual values are attached. Comparison Type [EQUALS]. Validation Type [POSITIVE]. @08-10-2021 09:44:23.0791 AM
[ReportManager] Successfully created attachment [Validation Test Data - Expected Value] @08-10-2021 09:44:23.0791 AM
[ReportManager] Successfully created attachment [Validation Test Data - Actual Value] @08-10-2021 09:44:23.0791 A

################################################################################################################################################
Starting Execution:	[35 out of 144] test cases in the current suite
Test Method:		[unitTests.tests_validations_assertions.assertEquals_longCharacters_Discreet]
################################################################################################################################################
[ReportManager] Assertion [ValidateEquals] PASSED. Expected [1LH5pROcDBjjQk0t0mCr0lXuzQu9lcGj28kY8R1H81X67eVAQJgWQhILiRWVPUgZ6uCtK5cnBkF55Jr9vYngjGO1Iyf0Mktv6lruDlL9T8MAUPcUZJGHZtji6nIeadujDSNmWMj5d6C8zlFqw0CRqBU0hO5adIasHgBSNoLotAjce3NGXoDwAlp3rYreeV16VIyZXROQY] and Actual [1LH5pROcDBjjQk0t0mCr0lXuzQu9lcGj28kY8R1H81X67eVAQJgWQhILiRWVPUgZ6uCtK5cnBkF55Jr9vYngjGO1Iyf0Mktv6lruDlL9T8MAUPcUZJGHZtji6nIeadujDSNmWMj5d6C8zlFqw0CRqBU0hO5adIasHgBSNoLotAjce3NGXoDwAlp3rYreeV16VIyZXROQY]. Comparison Type [EQUALS]. Validation Type [POSITIVE]. @08-10-2021 09:44:23.0795 A

################################################################################################################################################
Starting Execution:	[36 out of 144] test cases in the current suite
Test Method:		[unitTests.tests_validations_assertions.assertEquals_true_expectedToFail]
################################################################################################################################################
[ReportManager] Assertion [ValidateEquals] FAILED. Expected [1] and Actual [2]. Comparison Type [EQUALS]. Validation Type [POSITIVE]. @08-10-2021 09:44:23.0803 A

################################################################################################################################################
Starting Execution:	[37 out of 144] test cases in the current suite
Test Method:		[unitTests.tests_validations_assertions.assertEquals_true_expectedToPass]
Test Description:	[Assert that assertEquals works as expected when the two values are equal.]
################################################################################################################################################
[ReportManager] Verification [ValidateEquals] PASSED. Expected [1] and Actual [1]. Comparison Type [EQUALS]. Validation Type [POSITIVE]. @08-10-2021 09:44:23.0810 AM
[ReportManager] Assertion [ValidateEquals] PASSED. Expected [1] and Actual [1]. Comparison Type [EQUALS]. Validation Type [POSITIVE]. @08-10-2021 09:44:23.0811 A

################################################################################################################################################
Starting Execution:	[38 out of 144] test cases in the current suite
Test Method:		[unitTests.tests_validations_assertions.assertEquals_true_expectedToPass__]
################################################################################################################################################
[ReportManager] Assertion [ValidateEquals] PASSED. Expected [1] and Actual [1]. Comparison Type [EQUALS]. Validation Type [POSITIVE]. @08-10-2021 09:44:23.0814 A

################################################################################################################################################
Starting Execution:	[39 out of 144] test cases in the current suite
Test Method:		[unitTests.tests_validations_assertions.assertFileExists_false_expectedToFail]
################################################################################################################################################
[ReportManager] File Action [DoesFileExist] successfully performed. With the following test data [File Path: "src/main/java/com/shaft/gui/element/ElementActions.java"]. @08-10-2021 09:44:23.0818 AM
[ReportManager] Assertion [ValidateFileExists] FAILED. Expected [File 'src/main/java/com/shaft/gui/element/ElementActions.java' should not exist, after up to '1' retries] and Actual [File exists]. Validation Type [NEGATIVE]. @08-10-2021 09:44:23.0822 A

################################################################################################################################################
Starting Execution:	[40 out of 144] test cases in the current suite
Test Method:		[unitTests.tests_validations_assertions.assertFileExists_false_expectedToPass]
################################################################################################################################################
[ReportManager] File Action [DoesFileExist] successfully performed. With the following test data [File Path: "src/main/java/com/shaft/gui/element/ElementActions.java_fail"]. @08-10-2021 09:44:24.0325 AM
[ReportManager] Assertion [ValidateFileExists] PASSED. Expected [File 'src/main/java/com/shaft/gui/element/ElementActions.java_fail' should not exist, after up to '1' retries] and Actual [File does not exist]. Validation Type [NEGATIVE]. @08-10-2021 09:44:24.0325 A

################################################################################################################################################
Starting Execution:	[41 out of 144] test cases in the current suite
Test Method:		[unitTests.tests_validations_assertions.assertFileExists_true_expectedToFail]
################################################################################################################################################
[ReportManager] File Action [DoesFileExist] successfully performed. With the following test data [File Path: "src/main/java/com/shaft/gui/element/ElementActions.java_fail"]. @08-10-2021 09:44:24.0830 AM
[ReportManager] Assertion [ValidateFileExists] FAILED. Expected [File 'src/main/java/com/shaft/gui/element/ElementActions.java_fail' should exist, after up to '1' retries] and Actual [File does not exist]. Validation Type [POSITIVE]. @08-10-2021 09:44:24.0831 A

################################################################################################################################################
Starting Execution:	[42 out of 144] test cases in the current suite
Test Method:		[unitTests.tests_validations_assertions.assertFileExists_true_expectedToPass]
################################################################################################################################################
[ReportManager] File Action [DoesFileExist] successfully performed. With the following test data [File Path: "src/main/java/com/shaft/gui/element/ElementActions.java"]. @08-10-2021 09:44:24.0834 AM
[ReportManager] Assertion [ValidateFileExists] PASSED. Expected [File 'src/main/java/com/shaft/gui/element/ElementActions.java' should exist, after up to '1' retries] and Actual [File exists]. Validation Type [POSITIVE]. @08-10-2021 09:44:24.0834 A

################################################################################################################################################
Starting Execution:	[43 out of 144] test cases in the current suite
Test Method:		[unitTests.tests_validations_assertions.assertNull_false_expectedToFail]
################################################################################################################################################
[ReportManager] Assertion [ValidateNull] FAILED. Expected [NULL] and Actual [NULL]. Comparison Type [EQUALS]. Validation Type [NEGATIVE]. @08-10-2021 09:44:24.0837 A

################################################################################################################################################
Starting Execution:	[44 out of 144] test cases in the current suite
Test Method:		[unitTests.tests_validations_assertions.assertNull_false_expectedToPass]
################################################################################################################################################
[ReportManager] Assertion [ValidateNull] PASSED. Expected [NULL] and Actual [1]. Comparison Type [EQUALS]. Validation Type [NEGATIVE]. @08-10-2021 09:44:24.0839 A

################################################################################################################################################
Starting Execution:	[45 out of 144] test cases in the current suite
Test Method:		[unitTests.tests_validations_assertions.assertNull_true_expectedToFail]
################################################################################################################################################
[ReportManager] Assertion [ValidateNull] FAILED. Expected [NULL] and Actual [1]. Comparison Type [EQUALS]. Validation Type [POSITIVE]. @08-10-2021 09:44:24.0841 A

################################################################################################################################################
Starting Execution:	[46 out of 144] test cases in the current suite
Test Method:		[unitTests.tests_validations_assertions.assertNull_true_expectedToPass]
################################################################################################################################################
[ReportManager] Assertion [ValidateNull] PASSED. Expected [NULL] and Actual [NULL]. Comparison Type [EQUALS]. Validation Type [POSITIVE]. @08-10-2021 09:44:24.0843 A

################################################################################################################################################
Starting Execution:	[47 out of 144] test cases in the current suite
Test Method:		[unitTests.tests_restActions.getPostsAndAssertBodyForSpecificTitle]
################################################################################################################################################
[ReportManager] Response status code: [200], status line: [HTTP/1.1 200 OK] @08-10-2021 09:44:26.0855 AM
[ReportManager] Assertion Passed: Evaluating the actual response status code against the expected one... @08-10-2021 09:44:26.0856 AM
[ReportManager] Assertion [ValidateEquals] PASSED. Expected [200] and Actual [200]. Comparison Type [EQUALS]. Validation Type [POSITIVE]. @08-10-2021 09:44:26.0856 AM
[ReportManager] API Action [PerformRequest] successfully performed. With the following test data [Request Type: "GET" | Target Status Code: "200" | Service URL: "https://jsonplaceholder.typicode.com/posts" | Content Type: "*/*" | Response Time: "803ms"]. @08-10-2021 09:44:27.0943 AM
[ReportManager] Successfully created attachment [API Request - Specifications] @08-10-2021 09:44:27.0943 AM
[ReportManager] Successfully created attachment [API Response - JSON Body] @08-10-2021 09:44:28.0203 AM
[ReportManager] API Action [GetResponseJSONValueAsList] successfully performed. @08-10-2021 09:44:28.0220 AM
[ReportManager] API Action [GetResponseJSONValue] successfully performed. With the following test data [title]. @08-10-2021 09:44:28.0240 AM
[ReportManager] API Action [GetResponseJSONValue] successfully performed. With the following test data [title]. @08-10-2021 09:44:28.0252 AM
[ReportManager] API Action [GetResponseJSONValue] successfully performed. With the following test data [body]. @08-10-2021 09:44:28.0264 AM
[ReportManager] Assertion [ValidateEquals] PASSED. Expected [qui neque nisi nulla] and Actual [est rerum tempore vitae
sequi sint nihil reprehenderit dolor beatae ea dolores neque
fugiat blanditiis voluptate porro vel nihil molestiae ut reiciendis
qui aperiam non debitis possimus qui neque nisi nulla]. Comparison Type [CONTAINS]. Validation Type [POSITIVE]. @08-10-2021 09:44:28.0264 AM
[ReportManager] API Action [GetResponseJSONValue] successfully performed. With the following test data [title]. @08-10-2021 09:44:28.0275 AM
[ReportManager] API Action [GetResponseJSONValue] successfully performed. With the following test data [title]. @08-10-2021 09:44:28.0285 AM
[ReportManager] API Action [GetResponseJSONValue] successfully performed. With the following test data [title]. @08-10-2021 09:44:28.0296 AM
[ReportManager] API Action [GetResponseJSONValue] successfully performed. With the following test data [title]. @08-10-2021 09:44:28.0306 AM
[ReportManager] API Action [GetResponseJSONValue] successfully performed. With the following test data [title]. @08-10-2021 09:44:28.0316 AM
[ReportManager] API Action [GetResponseJSONValue] successfully performed. With the following test data [title]. @08-10-2021 09:44:28.0327 AM
[ReportManager] API Action [GetResponseJSONValue] successfully performed. With the following test data [title]. @08-10-2021 09:44:28.0336 AM
[ReportManager] API Action [GetResponseJSONValue] successfully performed. With the following test data [title]. @08-10-2021 09:44:28.0349 AM
[ReportManager] API Action [GetResponseJSONValue] successfully performed. With the following test data [title]. @08-10-2021 09:44:28.0361 AM
[ReportManager] API Action [GetResponseJSONValue] successfully performed. With the following test data [title]. @08-10-2021 09:44:28.0373 AM
[ReportManager] API Action [GetResponseJSONValue] successfully performed. With the following test data [title]. @08-10-2021 09:44:28.0387 AM
[ReportManager] API Action [GetResponseJSONValue] successfully performed. With the following test data [title]. @08-10-2021 09:44:28.0400 AM
[ReportManager] API Action [GetResponseJSONValue] successfully performed. With the following test data [title]. @08-10-2021 09:44:28.0412 AM
[ReportManager] API Action [GetResponseJSONValue] successfully performed. With the following test data [title]. @08-10-2021 09:44:28.0423 AM
[ReportManager] API Action [GetResponseJSONValue] successfully performed. With the following test data [title]. @08-10-2021 09:44:28.0436 AM
[ReportManager] API Action [GetResponseJSONValue] successfully performed. With the following test data [title]. @08-10-2021 09:44:28.0449 AM
[ReportManager] API Action [GetResponseJSONValue] successfully performed. With the following test data [title]. @08-10-2021 09:44:28.0462 AM
[ReportManager] API Action [GetResponseJSONValue] successfully performed. With the following test data [title]. @08-10-2021 09:44:28.0473 AM
[ReportManager] API Action [GetResponseJSONValue] successfully performed. With the following test data [title]. @08-10-2021 09:44:28.0483 AM
[ReportManager] API Action [GetResponseJSONValue] successfully performed. With the following test data [title]. @08-10-2021 09:44:28.0492 AM
[ReportManager] API Action [GetResponseJSONValue] successfully performed. With the following test data [title]. @08-10-2021 09:44:28.0501 AM
[ReportManager] API Action [GetResponseJSONValue] successfully performed. With the following test data [title]. @08-10-2021 09:44:28.0511 AM
[ReportManager] API Action [GetResponseJSONValue] successfully performed. With the following test data [title]. @08-10-2021 09:44:28.0519 AM
[ReportManager] API Action [GetResponseJSONValue] successfully performed. With the following test data [title]. @08-10-2021 09:44:28.0529 AM
[ReportManager] API Action [GetResponseJSONValue] successfully performed. With the following test data [title]. @08-10-2021 09:44:28.0538 AM
[ReportManager] API Action [GetResponseJSONValue] successfully performed. With the following test data [title]. @08-10-2021 09:44:28.0547 AM
[ReportManager] API Action [GetResponseJSONValue] successfully performed. With the following test data [title]. @08-10-2021 09:44:28.0555 AM
[ReportManager] API Action [GetResponseJSONValue] successfully performed. With the following test data [title]. @08-10-2021 09:44:28.0569 AM
[ReportManager] API Action [GetResponseJSONValue] successfully performed. With the following test data [title]. @08-10-2021 09:44:28.0587 AM
[ReportManager] API Action [GetResponseJSONValue] successfully performed. With the following test data [title]. @08-10-2021 09:44:28.0595 AM
[ReportManager] API Action [GetResponseJSONValue] successfully performed. With the following test data [title]. @08-10-2021 09:44:28.0607 AM
[ReportManager] API Action [GetResponseJSONValue] successfully performed. With the following test data [title]. @08-10-2021 09:44:28.0618 AM
[ReportManager] API Action [GetResponseJSONValue] successfully performed. With the following test data [title]. @08-10-2021 09:44:28.0632 AM
[ReportManager] API Action [GetResponseJSONValue] successfully performed. With the following test data [title]. @08-10-2021 09:44:28.0641 AM
[ReportManager] API Action [GetResponseJSONValue] successfully performed. With the following test data [title]. @08-10-2021 09:44:28.0653 AM
[ReportManager] API Action [GetResponseJSONValue] successfully performed. With the following test data [title]. @08-10-2021 09:44:28.0662 AM
[ReportManager] API Action [GetResponseJSONValue] successfully performed. With the following test data [title]. @08-10-2021 09:44:28.0671 AM
[ReportManager] API Action [GetResponseJSONValue] successfully performed. With the following test data [title]. @08-10-2021 09:44:28.0681 AM
[ReportManager] API Action [GetResponseJSONValue] successfully performed. With the following test data [title]. @08-10-2021 09:44:28.0699 AM
[ReportManager] API Action [GetResponseJSONValue] successfully performed. With the following test data [title]. @08-10-2021 09:44:28.0710 AM
[ReportManager] API Action [GetResponseJSONValue] successfully performed. With the following test data [title]. @08-10-2021 09:44:28.0720 AM
[ReportManager] API Action [GetResponseJSONValue] successfully performed. With the following test data [title]. @08-10-2021 09:44:28.0731 AM
[ReportManager] API Action [GetResponseJSONValue] successfully performed. With the following test data [title]. @08-10-2021 09:44:28.0741 AM
[ReportManager] API Action [GetResponseJSONValue] successfully performed. With the following test data [title]. @08-10-2021 09:44:28.0758 AM
[ReportManager] API Action [GetResponseJSONValue] successfully performed. With the following test data [title]. @08-10-2021 09:44:28.0767 AM
[ReportManager] API Action [GetResponseJSONValue] successfully performed. With the following test data [title]. @08-10-2021 09:44:28.0778 AM
[ReportManager] API Action [GetResponseJSONValue] successfully performed. With the following test data [title]. @08-10-2021 09:44:28.0789 AM
[ReportManager] API Action [GetResponseJSONValue] successfully performed. With the following test data [title]. @08-10-2021 09:44:28.0806 AM
[ReportManager] API Action [GetResponseJSONValue] successfully performed. With the following test data [title]. @08-10-2021 09:44:28.0815 AM
[ReportManager] API Action [GetResponseJSONValue] successfully performed. With the following test data [title]. @08-10-2021 09:44:28.0825 AM
[ReportManager] API Action [GetResponseJSONValue] successfully performed. With the following test data [title]. @08-10-2021 09:44:28.0835 AM
[ReportManager] API Action [GetResponseJSONValue] successfully performed. With the following test data [title]. @08-10-2021 09:44:28.0846 AM
[ReportManager] API Action [GetResponseJSONValue] successfully performed. With the following test data [title]. @08-10-2021 09:44:28.0858 AM
[ReportManager] API Action [GetResponseJSONValue] successfully performed. With the following test data [title]. @08-10-2021 09:44:28.0868 AM
[ReportManager] API Action [GetResponseJSONValue] successfully performed. With the following test data [title]. @08-10-2021 09:44:28.0877 AM
[ReportManager] API Action [GetResponseJSONValue] successfully performed. With the following test data [title]. @08-10-2021 09:44:28.0888 AM
[ReportManager] API Action [GetResponseJSONValue] successfully performed. With the following test data [title]. @08-10-2021 09:44:28.0897 AM
[ReportManager] API Action [GetResponseJSONValue] successfully performed. With the following test data [title]. @08-10-2021 09:44:28.0907 AM
[ReportManager] API Action [GetResponseJSONValue] successfully performed. With the following test data [title]. @08-10-2021 09:44:28.0924 AM
[ReportManager] API Action [GetResponseJSONValue] successfully performed. With the following test data [title]. @08-10-2021 09:44:28.0960 AM
[ReportManager] API Action [GetResponseJSONValue] successfully performed. With the following test data [title]. @08-10-2021 09:44:28.0972 AM
[ReportManager] API Action [GetResponseJSONValue] successfully performed. With the following test data [title]. @08-10-2021 09:44:28.0980 AM
[ReportManager] API Action [GetResponseJSONValue] successfully performed. With the following test data [title]. @08-10-2021 09:44:28.0990 AM
[ReportManager] API Action [GetResponseJSONValue] successfully performed. With the following test data [title]. @08-10-2021 09:44:28.0999 AM
[ReportManager] API Action [GetResponseJSONValue] successfully performed. With the following test data [title]. @08-10-2021 09:44:29.0009 AM
[ReportManager] API Action [GetResponseJSONValue] successfully performed. With the following test data [title]. @08-10-2021 09:44:29.0018 AM
[ReportManager] API Action [GetResponseJSONValue] successfully performed. With the following test data [title]. @08-10-2021 09:44:29.0026 AM
[ReportManager] API Action [GetResponseJSONValue] successfully performed. With the following test data [title]. @08-10-2021 09:44:29.0036 AM
[ReportManager] API Action [GetResponseJSONValue] successfully performed. With the following test data [title]. @08-10-2021 09:44:29.0043 AM
[ReportManager] API Action [GetResponseJSONValue] successfully performed. With the following test data [title]. @08-10-2021 09:44:29.0052 AM
[ReportManager] API Action [GetResponseJSONValue] successfully performed. With the following test data [title]. @08-10-2021 09:44:29.0059 AM
[ReportManager] API Action [GetResponseJSONValue] successfully performed. With the following test data [title]. @08-10-2021 09:44:29.0071 AM
[ReportManager] API Action [GetResponseJSONValue] successfully performed. With the following test data [title]. @08-10-2021 09:44:29.0086 AM
[ReportManager] API Action [GetResponseJSONValue] successfully performed. With the following test data [title]. @08-10-2021 09:44:29.0093 AM
[ReportManager] API Action [GetResponseJSONValue] successfully performed. With the following test data [title]. @08-10-2021 09:44:29.0101 AM
[ReportManager] API Action [GetResponseJSONValue] successfully performed. With the following test data [title]. @08-10-2021 09:44:29.0109 AM
[ReportManager] API Action [GetResponseJSONValue] successfully performed. With the following test data [title]. @08-10-2021 09:44:29.0121 AM
[ReportManager] API Action [GetResponseJSONValue] successfully performed. With the following test data [title]. @08-10-2021 09:44:29.0130 AM
[ReportManager] API Action [GetResponseJSONValue] successfully performed. With the following test data [title]. @08-10-2021 09:44:29.0139 AM
[ReportManager] API Action [GetResponseJSONValue] successfully performed. With the following test data [title]. @08-10-2021 09:44:29.0147 AM
[ReportManager] API Action [GetResponseJSONValue] successfully performed. With the following test data [title]. @08-10-2021 09:44:29.0158 AM
[ReportManager] API Action [GetResponseJSONValue] successfully performed. With the following test data [title]. @08-10-2021 09:44:29.0177 AM
[ReportManager] API Action [GetResponseJSONValue] successfully performed. With the following test data [title]. @08-10-2021 09:44:29.0185 AM
[ReportManager] API Action [GetResponseJSONValue] successfully performed. With the following test data [title]. @08-10-2021 09:44:29.0192 AM
[ReportManager] API Action [GetResponseJSONValue] successfully performed. With the following test data [title]. @08-10-2021 09:44:29.0200 AM
[ReportManager] API Action [GetResponseJSONValue] successfully performed. With the following test data [title]. @08-10-2021 09:44:29.0212 AM
[ReportManager] API Action [GetResponseJSONValue] successfully performed. With the following test data [title]. @08-10-2021 09:44:29.0218 AM
[ReportManager] API Action [GetResponseJSONValue] successfully performed. With the following test data [title]. @08-10-2021 09:44:29.0227 AM
[ReportManager] API Action [GetResponseJSONValue] successfully performed. With the following test data [title]. @08-10-2021 09:44:29.0236 AM
[ReportManager] API Action [GetResponseJSONValue] successfully performed. With the following test data [title]. @08-10-2021 09:44:29.0243 AM
[ReportManager] API Action [GetResponseJSONValue] successfully performed. With the following test data [title]. @08-10-2021 09:44:29.0254 AM
[ReportManager] API Action [GetResponseJSONValue] successfully performed. With the following test data [title]. @08-10-2021 09:44:29.0269 AM
[ReportManager] API Action [GetResponseJSONValue] successfully performed. With the following test data [title]. @08-10-2021 09:44:29.0287 AM
[ReportManager] API Action [GetResponseJSONValue] successfully performed. With the following test data [title]. @08-10-2021 09:44:29.0297 AM
[ReportManager] API Action [GetResponseJSONValue] successfully performed. With the following test data [title]. @08-10-2021 09:44:29.0305 AM
[ReportManager] API Action [GetResponseJSONValue] successfully performed. With the following test data [title]. @08-10-2021 09:44:29.0312 AM
[ReportManager] API Action [GetResponseJSONValue] successfully performed. With the following test data [title]. @08-10-2021 09:44:29.0319 AM
[ReportManager] API Action [GetResponseJSONValue] successfully performed. With the following test data [title]. @08-10-2021 09:44:29.0325 A

################################################################################################################################################
Starting Execution:	[48 out of 144] test cases in the current suite
Test Method:		[unitTests.tests_restActions.validateUserEmail]
################################################################################################################################################
[ReportManager] Response status code: [200], status line: [HTTP/1.1 200 OK] @08-10-2021 09:44:29.0414 AM
[ReportManager] Assertion Passed: Evaluating the actual response status code against the expected one... @08-10-2021 09:44:29.0414 AM
[ReportManager] Assertion [ValidateEquals] PASSED. Expected [200] and Actual [200]. Comparison Type [EQUALS]. Validation Type [POSITIVE]. @08-10-2021 09:44:29.0414 AM
[ReportManager] API Action [PerformRequest] successfully performed. With the following test data [Request Type: "GET" | Target Status Code: "200" | Service URL: "https://jsonplaceholder.typicode.com/users" | Content Type: "*/*" | Response Time: "66ms"]. @08-10-2021 09:44:29.0428 AM
[ReportManager] Successfully created attachment [API Request - Specifications] @08-10-2021 09:44:29.0428 AM
[ReportManager] Successfully created attachment [API Response - JSON Body] @08-10-2021 09:44:29.0429 AM
[ReportManager] Assertion [ValidateEquals] PASSED. Expected and Actual values are attached. Comparison Type [CONTAINS]. Validation Type [POSITIVE]. @08-10-2021 09:44:29.0429 AM
[ReportManager] Successfully created attachment [Validation Test Data - Expected Value] @08-10-2021 09:44:29.0429 AM
[ReportManager] Successfully created attachment [Validation Test Data - Actual Value] @08-10-2021 09:44:29.0429 AM
[ReportManager] API Action [GetResponseJSONValueAsList] successfully performed. With the following test data [$]. @08-10-2021 09:44:29.0432 AM
[ReportManager] API Action [GetResponseJSONValue] successfully performed. With the following test data [name]. @08-10-2021 09:44:29.0440 AM
[ReportManager] API Action [GetResponseJSONValue] successfully performed. With the following test data [email]. @08-10-2021 09:44:29.0447 AM
[ReportManager] Assertion [ValidateEquals] PASSED. Expected [Sincere@april.biz] and Actual [Sincere@april.biz]. Comparison Type [EQUALS]. Validation Type [POSITIVE]. @08-10-2021 09:44:29.0447 AM
[ReportManager] API Action [GetResponseJSONValue] successfully performed. With the following test data [name]. @08-10-2021 09:44:29.0454 AM
[ReportManager] API Action [GetResponseJSONValue] successfully performed. With the following test data [name]. @08-10-2021 09:44:29.0460 AM
[ReportManager] API Action [GetResponseJSONValue] successfully performed. With the following test data [name]. @08-10-2021 09:44:29.0467 AM
[ReportManager] API Action [GetResponseJSONValue] successfully performed. With the following test data [name]. @08-10-2021 09:44:29.0474 AM
[ReportManager] API Action [GetResponseJSONValue] successfully performed. With the following test data [name]. @08-10-2021 09:44:29.0483 AM
[ReportManager] API Action [GetResponseJSONValue] successfully performed. With the following test data [name]. @08-10-2021 09:44:29.0491 AM
[ReportManager] API Action [GetResponseJSONValue] successfully performed. With the following test data [name]. @08-10-2021 09:44:29.0499 AM
[ReportManager] API Action [GetResponseJSONValue] successfully performed. With the following test data [name]. @08-10-2021 09:44:29.0506 AM
[ReportManager] API Action [GetResponseJSONValue] successfully performed. With the following test data [name]. @08-10-2021 09:44:29.0513 A
[ReportManager] File Action [GetAbsolutePath] successfully performed. With the following test data [Relative Folder Path: "target/downloadedFiles/"]. @08-10-2021 09:44:29.0521 AM
[ReportManager] Attempting to run remotely on: [Linux-64], [GoogleChrome], [http://localhost:4444/wd/hub], Headless Execution. @08-10-2021 09:44:29.0521 AM
[ReportManager] Successfully Opened [GoogleChrome]. @08-10-2021 09:44:29.0806 AM
[ReportManager] Target URL: [https://duckduckgo.com] @08-10-2021 09:44:29.0817 AM
[ReportManager] Initial URL: [data:,] @08-10-2021 09:44:29.0851 AM
[ReportManager] Browser Action [NavigateToURL] successfully performed. With the following test data [https://duckduckgo.com]. @08-10-2021 09:44:30.0383 A

################################################################################################################################################
Starting Execution:	[49 out of 144] test cases in the current suite
Test Method:		[unitTests.tests_browserActions.fullScreenWindow]
################################################################################################################################################
[ReportManager] Initial Windows Size: 800x600 @08-10-2021 09:44:30.0392 AM
[ReportManager] Initial window size: (800, 600) @08-10-2021 09:44:30.0395 AM
[ReportManager] Window size after Toolkit: (1920, 1080) @08-10-2021 09:44:30.0613 AM
[ReportManager] Browser Action [MaximizeWindow] successfully performed. With the following test data [New screen size is now: (1920, 1080)]. @08-10-2021 09:44:30.0616 AM
[ReportManager] Current Windows Size after fullScreen: 1920x1080 @08-10-2021 09:44:30.0621 AM
[ReportManager] Browser Action [FullScreenWindow] successfully performed. @08-10-2021 09:44:30.0645 AM
[ReportManager] Successfully created attachment [Browser Action Test Data - FullScreenWindow - Actual Value] @08-10-2021 09:44:30.0649 A
[ReportManager] Target URL: [https://duckduckgo.com] @08-10-2021 09:44:30.0654 AM
[ReportManager] Initial URL: [https://duckduckgo.com] @08-10-2021 09:44:30.0713 AM
[ReportManager] Browser Action [NavigateToURL] successfully performed. With the following test data [https://duckduckgo.com]. @08-10-2021 09:44:30.0975 AM
[ReportManager] Browser Action [CloseCurrentWindow] successfully performed. @08-10-2021 09:44:31.0069 AM
[ReportManager] Successfully created attachment [Browser Action Test Data - CloseCurrentWindow - Actual Value] @08-10-2021 09:44:31.0071 A
[ReportManager] File Action [GetAbsolutePath] successfully performed. With the following test data [Relative Folder Path: "target/downloadedFiles/"]. @08-10-2021 09:44:31.0073 AM
[ReportManager] Attempting to run remotely on: [Linux-64], [GoogleChrome], [http://localhost:4444/wd/hub], Headless Execution. @08-10-2021 09:44:31.0073 AM
[ReportManager] Successfully Opened [GoogleChrome]. @08-10-2021 09:44:31.0249 AM
[ReportManager] Target URL: [https://duckduckgo.com] @08-10-2021 09:44:31.0261 AM
[ReportManager] Initial URL: [data:,] @08-10-2021 09:44:31.0299 AM
[ReportManager] Browser Action [NavigateToURL] successfully performed. With the following test data [https://duckduckgo.com]. @08-10-2021 09:44:31.0738 A

################################################################################################################################################
Starting Execution:	[50 out of 144] test cases in the current suite
Test Method:		[unitTests.tests_browserActions.getCurrentURL]
################################################################################################################################################
[ReportManager] Browser Action [GetCurrentURL] successfully performed. With the following test data [https://duckduckgo.com/]. @08-10-2021 09:44:31.0778 A
[ReportManager] Target URL: [https://duckduckgo.com] @08-10-2021 09:44:31.0781 AM
[ReportManager] Initial URL: [https://duckduckgo.com] @08-10-2021 09:44:31.0838 AM
[ReportManager] Browser Action [NavigateToURL] successfully performed. With the following test data [https://duckduckgo.com]. @08-10-2021 09:44:32.0124 AM
[ReportManager] Browser Action [CloseCurrentWindow] successfully performed. @08-10-2021 09:44:32.0225 AM
[ReportManager] Successfully created attachment [Browser Action Test Data - CloseCurrentWindow - Actual Value] @08-10-2021 09:44:32.0226 A
[ReportManager] File Action [GetAbsolutePath] successfully performed. With the following test data [Relative Folder Path: "target/downloadedFiles/"]. @08-10-2021 09:44:32.0228 AM
[ReportManager] Attempting to run remotely on: [Linux-64], [GoogleChrome], [http://localhost:4444/wd/hub], Headless Execution. @08-10-2021 09:44:32.0228 AM
[ReportManager] Successfully Opened [GoogleChrome]. @08-10-2021 09:44:32.0396 AM
[ReportManager] Target URL: [https://duckduckgo.com] @08-10-2021 09:44:32.0410 AM
[ReportManager] Initial URL: [data:,] @08-10-2021 09:44:32.0450 AM
[ReportManager] Browser Action [NavigateToURL] successfully performed. With the following test data [https://duckduckgo.com]. @08-10-2021 09:44:32.0847 A

################################################################################################################################################
Starting Execution:	[51 out of 144] test cases in the current suite
Test Method:		[unitTests.tests_browserActions.getCurrentWindowTitle]
################################################################################################################################################
[ReportManager] Browser Action [GetCurrentWindowTitle] successfully performed. With the following test data [DuckDuckGo  Privacy, simplified.]. @08-10-2021 09:44:32.0885 A
[ReportManager] Target URL: [https://duckduckgo.com] @08-10-2021 09:44:32.0888 AM
[ReportManager] Initial URL: [https://duckduckgo.com] @08-10-2021 09:44:32.0940 AM
[ReportManager] Browser Action [NavigateToURL] successfully performed. With the following test data [https://duckduckgo.com]. @08-10-2021 09:44:33.0234 AM
[ReportManager] Browser Action [CloseCurrentWindow] successfully performed. @08-10-2021 09:44:33.0331 AM
[ReportManager] Successfully created attachment [Browser Action Test Data - CloseCurrentWindow - Actual Value] @08-10-2021 09:44:33.0331 A
[ReportManager] File Action [GetAbsolutePath] successfully performed. With the following test data [Relative Folder Path: "target/downloadedFiles/"]. @08-10-2021 09:44:33.0333 AM
[ReportManager] Attempting to run remotely on: [Linux-64], [GoogleChrome], [http://localhost:4444/wd/hub], Headless Execution. @08-10-2021 09:44:33.0334 AM
[ReportManager] Successfully Opened [GoogleChrome]. @08-10-2021 09:44:33.0493 AM
[ReportManager] Target URL: [https://duckduckgo.com] @08-10-2021 09:44:33.0503 AM
[ReportManager] Initial URL: [data:,] @08-10-2021 09:44:33.0538 AM
[ReportManager] Browser Action [NavigateToURL] successfully performed. With the following test data [https://duckduckgo.com]. @08-10-2021 09:44:33.0919 A

################################################################################################################################################
Starting Execution:	[52 out of 144] test cases in the current suite
Test Method:		[unitTests.tests_browserActions.getPageSource]
################################################################################################################################################
[ReportManager] Browser Action [GetPageSource] successfully performed. @08-10-2021 09:44:33.0964 AM
[ReportManager] Successfully created attachment [Browser Action Test Data - GetPageSource - Actual Value] @08-10-2021 09:44:33.0965 A
[ReportManager] Target URL: [https://duckduckgo.com] @08-10-2021 09:44:33.0968 AM
[ReportManager] Initial URL: [https://duckduckgo.com] @08-10-2021 09:44:34.0023 AM
[ReportManager] Browser Action [NavigateToURL] successfully performed. With the following test data [https://duckduckgo.com]. @08-10-2021 09:44:34.0285 AM
[ReportManager] Browser Action [CloseCurrentWindow] successfully performed. @08-10-2021 09:44:34.0379 AM
[ReportManager] Successfully created attachment [Browser Action Test Data - CloseCurrentWindow - Actual Value] @08-10-2021 09:44:34.0379 A
[ReportManager] File Action [GetAbsolutePath] successfully performed. With the following test data [Relative Folder Path: "target/downloadedFiles/"]. @08-10-2021 09:44:34.0381 AM
[ReportManager] Attempting to run remotely on: [Linux-64], [GoogleChrome], [http://localhost:4444/wd/hub], Headless Execution. @08-10-2021 09:44:34.0381 AM
[ReportManager] Successfully Opened [GoogleChrome]. @08-10-2021 09:44:34.0583 AM
[ReportManager] Target URL: [https://duckduckgo.com] @08-10-2021 09:44:34.0607 AM
[ReportManager] Initial URL: [data:,] @08-10-2021 09:44:34.0654 AM
[ReportManager] Browser Action [NavigateToURL] successfully performed. With the following test data [https://duckduckgo.com]. @08-10-2021 09:44:35.0117 A

################################################################################################################################################
Starting Execution:	[53 out of 144] test cases in the current suite
Test Method:		[unitTests.tests_browserActions.getWindowHandle]
################################################################################################################################################
[ReportManager] Browser Action [GetWindowHandle] successfully performed. With the following test data [CDwindow-E9ED8D97B803D0F3312DDC6F23971FA6]. @08-10-2021 09:44:35.0163 A
[ReportManager] Target URL: [https://duckduckgo.com] @08-10-2021 09:44:35.0165 AM
[ReportManager] Initial URL: [https://duckduckgo.com] @08-10-2021 09:44:35.0253 AM
[ReportManager] Browser Action [NavigateToURL] successfully performed. With the following test data [https://duckduckgo.com]. @08-10-2021 09:44:35.0544 AM
[ReportManager] Browser Action [CloseCurrentWindow] successfully performed. @08-10-2021 09:44:35.0635 AM
[ReportManager] Successfully created attachment [Browser Action Test Data - CloseCurrentWindow - Actual Value] @08-10-2021 09:44:35.0636 A
[ReportManager] File Action [GetAbsolutePath] successfully performed. With the following test data [Relative Folder Path: "target/downloadedFiles/"]. @08-10-2021 09:44:35.0638 AM
[ReportManager] Attempting to run remotely on: [Linux-64], [GoogleChrome], [http://localhost:4444/wd/hub], Headless Execution. @08-10-2021 09:44:35.0638 AM
[ReportManager] Successfully Opened [GoogleChrome]. @08-10-2021 09:44:35.0824 AM
[ReportManager] Target URL: [https://duckduckgo.com] @08-10-2021 09:44:35.0834 AM
[ReportManager] Initial URL: [data:,] @08-10-2021 09:44:35.0869 AM
[ReportManager] Browser Action [NavigateToURL] successfully performed. With the following test data [https://duckduckgo.com]. @08-10-2021 09:44:36.0387 A

################################################################################################################################################
Starting Execution:	[54 out of 144] test cases in the current suite
Test Method:		[unitTests.tests_browserActions.getWindowPosition]
################################################################################################################################################
[ReportManager] Browser Action [GetWindowPosition] successfully performed. With the following test data [(0, 0)]. @08-10-2021 09:44:36.0444 A
[ReportManager] Target URL: [https://duckduckgo.com] @08-10-2021 09:44:36.0458 AM
[ReportManager] Initial URL: [https://duckduckgo.com] @08-10-2021 09:44:36.0511 AM
[ReportManager] Browser Action [NavigateToURL] successfully performed. With the following test data [https://duckduckgo.com]. @08-10-2021 09:44:36.0823 AM
[ReportManager] Browser Action [CloseCurrentWindow] successfully performed. @08-10-2021 09:44:36.0939 AM
[ReportManager] Successfully created attachment [Browser Action Test Data - CloseCurrentWindow - Actual Value] @08-10-2021 09:44:36.0939 A
[ReportManager] File Action [GetAbsolutePath] successfully performed. With the following test data [Relative Folder Path: "target/downloadedFiles/"]. @08-10-2021 09:44:36.0958 AM
[ReportManager] Attempting to run remotely on: [Linux-64], [GoogleChrome], [http://localhost:4444/wd/hub], Headless Execution. @08-10-2021 09:44:36.0959 AM
[ReportManager] Successfully Opened [GoogleChrome]. @08-10-2021 09:44:37.0282 AM
[ReportManager] Target URL: [https://duckduckgo.com] @08-10-2021 09:44:37.0298 AM
[ReportManager] Initial URL: [data:,] @08-10-2021 09:44:37.0345 AM
[ReportManager] Browser Action [NavigateToURL] successfully performed. With the following test data [https://duckduckgo.com]. @08-10-2021 09:44:37.0990 A

################################################################################################################################################
Starting Execution:	[55 out of 144] test cases in the current suite
Test Method:		[unitTests.tests_browserActions.getWindowSize]
################################################################################################################################################
[ReportManager] Browser Action [GetWindowSize] successfully performed. With the following test data [(800, 600)]. @08-10-2021 09:44:38.0031 A
[ReportManager] Target URL: [https://duckduckgo.com] @08-10-2021 09:44:38.0034 AM
[ReportManager] Initial URL: [https://duckduckgo.com] @08-10-2021 09:44:38.0100 AM
[ReportManager] Browser Action [NavigateToURL] successfully performed. With the following test data [https://duckduckgo.com]. @08-10-2021 09:44:38.0415 AM
[ReportManager] Browser Action [CloseCurrentWindow] successfully performed. @08-10-2021 09:44:38.0523 AM
[ReportManager] Successfully created attachment [Browser Action Test Data - CloseCurrentWindow - Actual Value] @08-10-2021 09:44:38.0536 A
[ReportManager] File Action [GetAbsolutePath] successfully performed. With the following test data [Relative Folder Path: "target/downloadedFiles/"]. @08-10-2021 09:44:38.0540 AM
[ReportManager] Attempting to run remotely on: [Linux-64], [GoogleChrome], [http://localhost:4444/wd/hub], Headless Execution. @08-10-2021 09:44:38.0540 AM
[ReportManager] Successfully Opened [GoogleChrome]. @08-10-2021 09:44:38.0725 AM
[ReportManager] Target URL: [https://duckduckgo.com] @08-10-2021 09:44:38.0735 AM
[ReportManager] Initial URL: [data:,] @08-10-2021 09:44:38.0770 AM
[ReportManager] Browser Action [NavigateToURL] successfully performed. With the following test data [https://duckduckgo.com]. @08-10-2021 09:44:39.0202 A

################################################################################################################################################
Starting Execution:	[56 out of 144] test cases in the current suite
Test Method:		[unitTests.tests_browserActions.maximizeWindow]
################################################################################################################################################
[ReportManager] Initial window size: (800, 600) @08-10-2021 09:44:39.0217 AM
[ReportManager] Window size after Toolkit: (1920, 1080) @08-10-2021 09:44:39.0437 AM
[ReportManager] Browser Action [MaximizeWindow] successfully performed. With the following test data [New screen size is now: (1920, 1080)]. @08-10-2021 09:44:39.0440 A
[ReportManager] Target URL: [https://duckduckgo.com] @08-10-2021 09:44:39.0442 AM
[ReportManager] Initial URL: [https://duckduckgo.com] @08-10-2021 09:44:39.0494 AM
[ReportManager] Browser Action [NavigateToURL] successfully performed. With the following test data [https://duckduckgo.com]. @08-10-2021 09:44:39.0742 AM
[ReportManager] Browser Action [CloseCurrentWindow] successfully performed. @08-10-2021 09:44:39.0831 AM
[ReportManager] Successfully created attachment [Browser Action Test Data - CloseCurrentWindow - Actual Value] @08-10-2021 09:44:39.0831 A
[ReportManager] File Action [GetAbsolutePath] successfully performed. With the following test data [Relative Folder Path: "target/downloadedFiles/"]. @08-10-2021 09:44:39.0833 AM
[ReportManager] Attempting to run remotely on: [Linux-64], [GoogleChrome], [http://localhost:4444/wd/hub], Headless Execution. @08-10-2021 09:44:39.0833 AM
[ReportManager] Successfully Opened [GoogleChrome]. @08-10-2021 09:44:40.0013 AM
[ReportManager] Target URL: [https://duckduckgo.com] @08-10-2021 09:44:40.0024 AM
[ReportManager] Initial URL: [data:,] @08-10-2021 09:44:40.0060 AM
[ReportManager] Browser Action [NavigateToURL] successfully performed. With the following test data [https://duckduckgo.com]. @08-10-2021 09:44:40.0453 A

################################################################################################################################################
Starting Execution:	[57 out of 144] test cases in the current suite
Test Method:		[unitTests.tests_browserActions.navigateBack]
################################################################################################################################################
[ReportManager] Target URL: [https://www.google.com/ncr], and after redirection: [https://www.google.com] @08-10-2021 09:44:40.0458 AM
[ReportManager] Initial URL: [https://duckduckgo.com] @08-10-2021 09:44:40.0530 AM
[ReportManager] Browser Action [NavigateToURL] successfully performed. With the following test data [https://www.google.com/ncr]. @08-10-2021 09:44:41.0174 AM
[ReportManager] Browser Action [NavigateBack] successfully performed. With the following test data [https://duckduckgo.com/]. @08-10-2021 09:44:41.0468 AM
[ReportManager] Browser Action [GetCurrentURL] successfully performed. With the following test data [https://duckduckgo.com/]. @08-10-2021 09:44:41.0497 AM
[ReportManager] Assertion Passed: Confirming that navigating back was successful @08-10-2021 09:44:41.0604 AM
[ReportManager] Successfully created attachment [Screenshot - 1633686281554_navigateBack_ValidateBrowserAttribute_passed] @08-10-2021 09:44:41.0605 AM
[ReportManager] Assertion [ValidateBrowserAttribute] PASSED. Expected [Value Should be 'https://duckduckgo.com' for the 'CurrentUrl' attribute] and Actual [https://duckduckgo.com/]. Comparison Type [CONTAINS]. Validation Type [POSITIVE]. @08-10-2021 09:44:41.0605 A
[ReportManager] Target URL: [https://duckduckgo.com] @08-10-2021 09:44:41.0607 AM
[ReportManager] Initial URL: [https://duckduckgo.com] @08-10-2021 09:44:41.0659 AM
[ReportManager] Browser Action [NavigateToURL] successfully performed. With the following test data [https://duckduckgo.com]. @08-10-2021 09:44:41.0899 AM
[ReportManager] Browser Action [CloseCurrentWindow] successfully performed. @08-10-2021 09:44:41.0986 AM
[ReportManager] Successfully created attachment [Browser Action Test Data - CloseCurrentWindow - Actual Value] @08-10-2021 09:44:41.0987 A
[ReportManager] File Action [GetAbsolutePath] successfully performed. With the following test data [Relative Folder Path: "target/downloadedFiles/"]. @08-10-2021 09:44:41.0989 AM
[ReportManager] Attempting to run remotely on: [Linux-64], [GoogleChrome], [http://localhost:4444/wd/hub], Headless Execution. @08-10-2021 09:44:41.0989 AM
[ReportManager] Successfully Opened [GoogleChrome]. @08-10-2021 09:44:42.0175 AM
[ReportManager] Target URL: [https://duckduckgo.com] @08-10-2021 09:44:42.0190 AM
[ReportManager] Initial URL: [data:,] @08-10-2021 09:44:42.0223 AM
[ReportManager] Browser Action [NavigateToURL] successfully performed. With the following test data [https://duckduckgo.com]. @08-10-2021 09:44:42.0618 A

################################################################################################################################################
Starting Execution:	[58 out of 144] test cases in the current suite
Test Method:		[unitTests.tests_browserActions.navigateForward]
################################################################################################################################################
[ReportManager] Target URL: [https://www.google.com/ncr], and after redirection: [https://www.google.com] @08-10-2021 09:44:42.0622 AM
[ReportManager] Initial URL: [https://duckduckgo.com] @08-10-2021 09:44:42.0668 AM
[ReportManager] Browser Action [NavigateToURL] successfully performed. With the following test data [https://www.google.com/ncr]. @08-10-2021 09:44:43.0329 AM
[ReportManager] Browser Action [NavigateBack] successfully performed. With the following test data [https://duckduckgo.com/]. @08-10-2021 09:44:43.0617 AM
[ReportManager] Browser Action [NavigateForward] successfully performed. With the following test data [https://www.google.com/]. @08-10-2021 09:44:43.0954 A
[ReportManager] Target URL: [https://duckduckgo.com] @08-10-2021 09:44:43.0959 AM
[ReportManager] Initial URL: [https://www.google.com] @08-10-2021 09:44:44.0020 AM
[ReportManager] Browser Action [NavigateToURL] successfully performed. With the following test data [https://duckduckgo.com]. @08-10-2021 09:44:44.0376 AM
[ReportManager] Browser Action [CloseCurrentWindow] successfully performed. @08-10-2021 09:44:44.0465 AM
[ReportManager] Successfully created attachment [Browser Action Test Data - CloseCurrentWindow - Actual Value] @08-10-2021 09:44:44.0466 A
[ReportManager] File Action [GetAbsolutePath] successfully performed. With the following test data [Relative Folder Path: "target/downloadedFiles/"]. @08-10-2021 09:44:44.0468 AM
[ReportManager] Attempting to run remotely on: [Linux-64], [GoogleChrome], [http://localhost:4444/wd/hub], Headless Execution. @08-10-2021 09:44:44.0468 AM
[ReportManager] Successfully Opened [GoogleChrome]. @08-10-2021 09:44:44.0650 AM
[ReportManager] Target URL: [https://duckduckgo.com] @08-10-2021 09:44:44.0660 AM
[ReportManager] Initial URL: [data:,] @08-10-2021 09:44:44.0694 AM
[ReportManager] Browser Action [NavigateToURL] successfully performed. With the following test data [https://duckduckgo.com]. @08-10-2021 09:44:45.0087 A

################################################################################################################################################
Starting Execution:	[59 out of 144] test cases in the current suite
Test Method:		[unitTests.tests_browserActions.navigateToURL]
################################################################################################################################################
[ReportManager] Target URL: [https://duckduckgo.com] @08-10-2021 09:44:45.0090 AM
[ReportManager] Initial URL: [https://duckduckgo.com] @08-10-2021 09:44:45.0138 AM
[ReportManager] Browser Action [NavigateToURL] successfully performed. With the following test data [https://duckduckgo.com]. @08-10-2021 09:44:45.0427 A
[ReportManager] Target URL: [https://duckduckgo.com] @08-10-2021 09:44:45.0430 AM
[ReportManager] Initial URL: [https://duckduckgo.com] @08-10-2021 09:44:45.0479 AM
[ReportManager] Browser Action [NavigateToURL] successfully performed. With the following test data [https://duckduckgo.com]. @08-10-2021 09:44:45.0746 AM
[ReportManager] Browser Action [CloseCurrentWindow] successfully performed. @08-10-2021 09:44:45.0837 AM
[ReportManager] Successfully created attachment [Browser Action Test Data - CloseCurrentWindow - Actual Value] @08-10-2021 09:44:45.0837 A
[ReportManager] File Action [GetAbsolutePath] successfully performed. With the following test data [Relative Folder Path: "target/downloadedFiles/"]. @08-10-2021 09:44:45.0842 AM
[ReportManager] Attempting to run remotely on: [Linux-64], [GoogleChrome], [http://localhost:4444/wd/hub], Headless Execution. @08-10-2021 09:44:45.0842 AM
[ReportManager] Successfully Opened [GoogleChrome]. @08-10-2021 09:44:46.0052 AM
[ReportManager] Target URL: [https://duckduckgo.com] @08-10-2021 09:44:46.0068 AM
[ReportManager] Initial URL: [data:,] @08-10-2021 09:44:46.0100 AM
[ReportManager] Browser Action [NavigateToURL] successfully performed. With the following test data [https://duckduckgo.com]. @08-10-2021 09:44:46.0510 A

################################################################################################################################################
Starting Execution:	[60 out of 144] test cases in the current suite
Test Method:		[unitTests.tests_browserActions.navigateToURLWithRedirection]
################################################################################################################################################
[ReportManager] Target URL: [https://www.google.com/ncr], and after redirection: [https://www.google.com] @08-10-2021 09:44:46.0515 AM
[ReportManager] Initial URL: [https://duckduckgo.com] @08-10-2021 09:44:46.0563 AM
[ReportManager] Browser Action [NavigateToURL] successfully performed. With the following test data [https://www.google.com/ncr]. @08-10-2021 09:44:47.0197 A
[ReportManager] Target URL: [https://duckduckgo.com] @08-10-2021 09:44:47.0200 AM
[ReportManager] Initial URL: [https://www.google.com] @08-10-2021 09:44:47.0262 AM
[ReportManager] Browser Action [NavigateToURL] successfully performed. With the following test data [https://duckduckgo.com]. @08-10-2021 09:44:47.0638 AM
[ReportManager] Browser Action [CloseCurrentWindow] successfully performed. @08-10-2021 09:44:47.0727 AM
[ReportManager] Successfully created attachment [Browser Action Test Data - CloseCurrentWindow - Actual Value] @08-10-2021 09:44:47.0727 A
[ReportManager] File Action [GetAbsolutePath] successfully performed. With the following test data [Relative Folder Path: "target/downloadedFiles/"]. @08-10-2021 09:44:47.0729 AM
[ReportManager] Attempting to run remotely on: [Linux-64], [GoogleChrome], [http://localhost:4444/wd/hub], Headless Execution. @08-10-2021 09:44:47.0729 AM
[ReportManager] Successfully Opened [GoogleChrome]. @08-10-2021 09:44:47.0951 AM
[ReportManager] Target URL: [https://duckduckgo.com] @08-10-2021 09:44:47.0963 AM
[ReportManager] Initial URL: [data:,] @08-10-2021 09:44:47.0996 AM
[ReportManager] Browser Action [NavigateToURL] successfully performed. With the following test data [https://duckduckgo.com]. @08-10-2021 09:44:48.0399 A

################################################################################################################################################
Starting Execution:	[61 out of 144] test cases in the current suite
Test Method:		[unitTests.tests_browserActions.refreshCurrentPage]
################################################################################################################################################
[ReportManager] Browser Action [RefreshCurrentPage] successfully performed. @08-10-2021 09:44:48.0554 AM
[ReportManager] Successfully created attachment [Browser Action Test Data - RefreshCurrentPage - Actual Value] @08-10-2021 09:44:48.0554 A
[ReportManager] Target URL: [https://duckduckgo.com] @08-10-2021 09:44:48.0559 AM
[ReportManager] Initial URL: [https://duckduckgo.com] @08-10-2021 09:44:48.0611 AM
[ReportManager] Browser Action [NavigateToURL] successfully performed. With the following test data [https://duckduckgo.com]. @08-10-2021 09:44:48.0847 AM
[ReportManager] Browser Action [CloseCurrentWindow] successfully performed. @08-10-2021 09:44:48.0935 AM
[ReportManager] Successfully created attachment [Browser Action Test Data - CloseCurrentWindow - Actual Value] @08-10-2021 09:44:48.0935 A
[ReportManager] File Action [GetAbsolutePath] successfully performed. With the following test data [Relative Folder Path: "target/downloadedFiles/"]. @08-10-2021 09:44:48.0937 AM
[ReportManager] Attempting to run remotely on: [Linux-64], [GoogleChrome], [http://localhost:4444/wd/hub], Headless Execution. @08-10-2021 09:44:48.0937 AM
[ReportManager] Successfully Opened [GoogleChrome]. @08-10-2021 09:44:49.0130 AM
[ReportManager] Target URL: [https://duckduckgo.com] @08-10-2021 09:44:49.0150 AM
[ReportManager] Initial URL: [data:,] @08-10-2021 09:44:49.0185 AM
[ReportManager] Browser Action [NavigateToURL] successfully performed. With the following test data [https://duckduckgo.com]. @08-10-2021 09:44:49.0569 A

################################################################################################################################################
Starting Execution:	[62 out of 144] test cases in the current suite
Test Method:		[unitTests.tests_browserActions.setWindowSize]
################################################################################################################################################
[ReportManager] Initial window size: (800, 600) @08-10-2021 09:44:49.0577 AM
[ReportManager] Window size after SWD: (1280, 720) @08-10-2021 09:44:49.0791 AM
[ReportManager] Browser Action [SetWindowSize] successfully performed. With the following test data [New screen size is now: (1280, 720)]. @08-10-2021 09:44:49.0792 A
[ReportManager] Target URL: [https://duckduckgo.com] @08-10-2021 09:44:49.0793 AM
[ReportManager] Initial URL: [https://duckduckgo.com] @08-10-2021 09:44:49.0845 AM
[ReportManager] Browser Action [NavigateToURL] successfully performed. With the following test data [https://duckduckgo.com]. @08-10-2021 09:44:50.0094 AM
[ReportManager] Browser Action [CloseCurrentWindow] successfully performed. @08-10-2021 09:44:50.0187 AM
[ReportManager] Successfully created attachment [Browser Action Test Data - CloseCurrentWindow - Actual Value] @08-10-2021 09:44:50.0187 A
[ReportManager] File Action [GetAbsolutePath] successfully performed. With the following test data [Relative Folder Path: "target/downloadedFiles/"]. @08-10-2021 09:44:50.0189 AM
[ReportManager] Attempting to run remotely on: [Linux-64], [GoogleChrome], [http://localhost:4444/wd/hub], Headless Execution. @08-10-2021 09:44:50.0189 AM
[ReportManager] Successfully Opened [GoogleChrome]. @08-10-2021 09:44:50.0355 A

################################################################################################################################################
Starting Execution:	[63 out of 144] test cases in the current suite
Test Method:		[unitTests.tests_element_elementActions.waitForElementToBePresent_false_expectedToFail]
################################################################################################################################################
[ReportManager] Target URL: [https://www.google.com/ncr], and after redirection: [www.google.com] @08-10-2021 09:44:50.0366 AM
[ReportManager] Initial URL: [data:,] @08-10-2021 09:44:50.0403 AM
[ReportManager] Browser Action [NavigateToURL] successfully performed. With the following test data [https://www.google.com/ncr]. @08-10-2021 09:44:51.0025 AM
[ReportManager] Waiting for element to be present; elementLocator [By.xpath: //*[@id='hplogo' or @alt='Google']], numberOfTries[1], stateOfPresence[false]... @08-10-2021 09:44:51.0031 AM
[ReportManager] Element Action [WaitForElementToBePresent] failed. With the following test data [waited for the element's state of presence to be (false). Element locator (By.xpath: //*[@id='hplogo' or @alt='Google'])]. @08-10-2021 09:44:51.0225 AM
[ReportManager] Successfully created attachment [Screenshot - 1633686291176_waitForElementToBePresent_false_expectedToFail_WaitForElementToBePresent_failed] @08-10-2021 09:44:51.0225 A
[ReportManager] Browser Action [CloseCurrentWindow] successfully performed. @08-10-2021 09:44:51.0336 AM
[ReportManager] Successfully created attachment [Browser Action Test Data - CloseCurrentWindow - Actual Value] @08-10-2021 09:44:51.0336 A
[ReportManager] File Action [GetAbsolutePath] successfully performed. With the following test data [Relative Folder Path: "target/downloadedFiles/"]. @08-10-2021 09:44:51.0339 AM
[ReportManager] Attempting to run remotely on: [Linux-64], [GoogleChrome], [http://localhost:4444/wd/hub], Headless Execution. @08-10-2021 09:44:51.0339 AM
[ReportManager] Successfully Opened [GoogleChrome]. @08-10-2021 09:44:51.0503 A

################################################################################################################################################
Starting Execution:	[64 out of 144] test cases in the current suite
Test Method:		[unitTests.tests_element_elementActions.waitForElementToBePresent_false_expectedToPass]
################################################################################################################################################
[ReportManager] Target URL: [https://www.google.com/ncr], and after redirection: [www.google.com] @08-10-2021 09:44:51.0523 AM
[ReportManager] Initial URL: [data:,] @08-10-2021 09:44:51.0559 AM
[ReportManager] Browser Action [NavigateToURL] successfully performed. With the following test data [https://www.google.com/ncr]. @08-10-2021 09:44:52.0166 AM
[ReportManager] Waiting for element to be present; elementLocator [By.id: bla], numberOfTries[1], stateOfPresence[false]... @08-10-2021 09:44:52.0166 AM
[ReportManager] Element Action [WaitForElementToBePresent] successfully performed. With the following test data [waited for the element's state of presence to be (false). Element locator (By.id: bla)]. @08-10-2021 09:44:57.0269 A
[ReportManager] Browser Action [CloseCurrentWindow] successfully performed. @08-10-2021 09:44:57.0384 AM
[ReportManager] Successfully created attachment [Browser Action Test Data - CloseCurrentWindow - Actual Value] @08-10-2021 09:44:57.0388 A
[ReportManager] File Action [GetAbsolutePath] successfully performed. With the following test data [Relative Folder Path: "target/downloadedFiles/"]. @08-10-2021 09:44:57.0391 AM
[ReportManager] Attempting to run remotely on: [Linux-64], [GoogleChrome], [http://localhost:4444/wd/hub], Headless Execution. @08-10-2021 09:44:57.0391 AM
[ReportManager] Successfully Opened [GoogleChrome]. @08-10-2021 09:44:57.0578 A

################################################################################################################################################
Starting Execution:	[65 out of 144] test cases in the current suite
Test Method:		[unitTests.tests_element_elementActions.waitForElementToBePresent_moreThanOneElement_expectedToFail]
################################################################################################################################################
[ReportManager] Target URL: [https://www.google.com/ncr], and after redirection: [www.google.com] @08-10-2021 09:44:57.0598 AM
[ReportManager] Initial URL: [data:,] @08-10-2021 09:44:57.0637 AM
[ReportManager] Browser Action [NavigateToURL] successfully performed. With the following test data [https://www.google.com/ncr]. @08-10-2021 09:44:58.0336 AM
[ReportManager] Waiting for element to be present; elementLocator [By.xpath: //*], numberOfTries[1], stateOfPresence[false]... @08-10-2021 09:44:58.0336 AM
[ReportManager] Element Action [WaitForElementToBePresent] failed. With the following test data [waited for the element's state of presence to be (false). Element locator (By.xpath: //*)]. @08-10-2021 09:44:58.0503 AM
[ReportManager] Successfully created attachment [Screenshot - 1633686298455_waitForElementToBePresent_moreThanOneElement_expectedToFail_WaitForElementToBePresent_failed] @08-10-2021 09:44:58.0503 A
[ReportManager] Browser Action [CloseCurrentWindow] successfully performed. @08-10-2021 09:44:58.0620 AM
[ReportManager] Successfully created attachment [Browser Action Test Data - CloseCurrentWindow - Actual Value] @08-10-2021 09:44:58.0621 A
[ReportManager] File Action [GetAbsolutePath] successfully performed. With the following test data [Relative Folder Path: "target/downloadedFiles/"]. @08-10-2021 09:44:58.0624 AM
[ReportManager] Attempting to run remotely on: [Linux-64], [GoogleChrome], [http://localhost:4444/wd/hub], Headless Execution. @08-10-2021 09:44:58.0624 AM
[ReportManager] Successfully Opened [GoogleChrome]. @08-10-2021 09:44:58.0809 A

################################################################################################################################################
Starting Execution:	[66 out of 144] test cases in the current suite
Test Method:		[unitTests.tests_element_elementActions.waitForElementToBePresent_true_expectedToFail]
################################################################################################################################################
[ReportManager] Target URL: [https://www.google.com/ncr], and after redirection: [www.google.com] @08-10-2021 09:44:58.0823 AM
[ReportManager] Initial URL: [data:,] @08-10-2021 09:44:58.0880 AM
[ReportManager] Browser Action [NavigateToURL] successfully performed. With the following test data [https://www.google.com/ncr]. @08-10-2021 09:44:59.0559 AM
[ReportManager] Waiting for element to be present; elementLocator [By.id: bla], numberOfTries[1], stateOfPresence[true]... @08-10-2021 09:44:59.0559 AM
[ReportManager] Element Action [WaitForElementToBePresent] failed. With the following test data [waited for the element's state of presence to be (true). Element locator (By.id: bla)]. @08-10-2021 09:45:04.0771 AM
[ReportManager] Successfully created attachment [Screenshot - 1633686304724_waitForElementToBePresent_true_expectedToFail_WaitForElementToBePresent_failed] @08-10-2021 09:45:04.0772 A
[ReportManager] Browser Action [CloseCurrentWindow] successfully performed. @08-10-2021 09:45:04.0893 AM
[ReportManager] Successfully created attachment [Browser Action Test Data - CloseCurrentWindow - Actual Value] @08-10-2021 09:45:04.0894 A
[ReportManager] File Action [GetAbsolutePath] successfully performed. With the following test data [Relative Folder Path: "target/downloadedFiles/"]. @08-10-2021 09:45:04.0898 AM
[ReportManager] Attempting to run remotely on: [Linux-64], [GoogleChrome], [http://localhost:4444/wd/hub], Headless Execution. @08-10-2021 09:45:04.0898 AM
[ReportManager] Successfully Opened [GoogleChrome]. @08-10-2021 09:45:05.0062 A

################################################################################################################################################
Starting Execution:	[67 out of 144] test cases in the current suite
Test Method:		[unitTests.tests_element_elementActions.waitForElementToBePresent_true_expectedToPass]
################################################################################################################################################
[ReportManager] Target URL: [https://www.google.com/ncr], and after redirection: [www.google.com] @08-10-2021 09:45:05.0079 AM
[ReportManager] Initial URL: [data:,] @08-10-2021 09:45:05.0114 AM
[ReportManager] Browser Action [NavigateToURL] successfully performed. With the following test data [https://www.google.com/ncr]. @08-10-2021 09:45:05.0778 AM
[ReportManager] Waiting for element to be present; elementLocator [By.xpath: //*[@id='hplogo' or @alt='Google']], numberOfTries[1], stateOfPresence[true]... @08-10-2021 09:45:05.0778 AM
[ReportManager] Element Action [WaitForElementToBePresent] successfully performed. With the following test data [waited for the element's state of presence to be (true). Element locator (By.xpath: //*[@id='hplogo' or @alt='Google'])]. @08-10-2021 09:45:05.0827 AM
[ReportManager] File Action [DoesFileExist] successfully performed. With the following test data [File Path: "src/test/resources/DynamicObjectRepository/unitTests_tests_element_elementActions_waitForElementToBePresent_true_expectedToPass_By_xpath_id_hplogo_or_alt_Google.png"]. @08-10-2021 09:45:05.0830 AM
[ReportManager] File Action [DoesFileExist] successfully performed. With the following test data [File Path: "src/test/resources/DynamicObjectRepository/unitTests_tests_element_elementActions_waitForElementToBePresent_true_expectedToPass_By_xpath_id_hplogo_or_alt_Google.png"]. @08-10-2021 09:45:05.0987 AM
[ReportManager] Passing the test and saving a reference image @08-10-2021 09:45:05.0987 AM
[ReportManager] File Action [GetAbsolutePath] successfully performed. With the following test data [Relative File Path: "src/test/resources/DynamicObjectRepository/unitTests_tests_element_elementActions_waitForElementToBePresent_true_expectedToPass_By_xpath_id_hplogo_or_alt_Google.png"]. @08-10-2021 09:45:05.0987 AM
[ReportManager] File Action [WriteToFile] successfully performed. With the following test data [Target File Path: "/home/runner/work/SHAFT_ENGINE/SHAFT_ENGINE/src/test/resources/DynamicObjectRepository/unitTests_tests_element_elementActions_waitForElementToBePresent_true_expectedToPass_By_xpath_id_hplogo_or_alt_Google.png"]. @08-10-2021 09:45:05.0988 AM
[ReportManager] Assertion Passed: Using Visual AI; OpenCV @08-10-2021 09:45:05.0989 AM
[ReportManager] Successfully created attachment [Validation Test Data - Actual Screenshot] @08-10-2021 09:45:05.0989 AM
[ReportManager] Assertion [ValidateElementMatches] PASSED. Expected [Element should match the reference screenshot] and Actual [TRUE]. Comparison Type [EXACT_OPENCV]. Validation Type [POSITIVE]. @08-10-2021 09:45:05.0989 A
[ReportManager] Browser Action [CloseCurrentWindow] successfully performed. @08-10-2021 09:45:06.0101 AM
[ReportManager] Successfully created attachment [Browser Action Test Data - CloseCurrentWindow - Actual Value] @08-10-2021 09:45:06.0102 A
[ReportManager] Successfully loaded the following test data file [src/test/resources/TestDataFiles/testSuite01/TestData.xlsx]. @08-10-2021 09:45:06.0787 AM
[ReportManager] Successfully created attachment [Test Data - Excel] @08-10-2021 09:45:06.0787 A

################################################################################################################################################
Starting Execution:	[68 out of 144] test cases in the current suite
Test Method:		[unitTests.tests_io_excelFileManager.getCellData_rowName_expectedToPass]
################################################################################################################################################
[ReportManager] testRowData. @08-10-2021 09:45:06.0799 A

################################################################################################################################################
Starting Execution:	[69 out of 144] test cases in the current suite
Test Method:		[testPackage01.Test_testData.f]
################################################################################################################################################
[ReportManager] Successfully loaded the following test data file [src/test/resources/TestDataFiles/testSuite01/TestData.xlsx]. @08-10-2021 09:45:06.0824 AM
[ReportManager] Successfully created attachment [Test Data - Excel] @08-10-2021 09:45:06.0825 AM
[ReportManager] Last Column Number is: [3]. Zero-based. @08-10-2021 09:45:06.0825 A

################################################################################################################################################
Starting Execution:	[70 out of 144] test cases in the current suite
Test Method:		[testPackage01.Test_SkipDueToIssue.doNotSkip]
################################################################################################################################################
[ReportManager] This should not be skipped. @08-10-2021 09:45:06.0829 A

################################################################################################################################################
Starting Execution:	[71 out of 144] test cases in the current suite
Test Method:		[testPackage01.Test_SkipDueToIssue.skip]
################################################################################################################################################
[ReportManager] This should be skipped. @08-10-2021 09:45:06.0834 A

################################################################################################################################################
Starting Execution:	[72 out of 144] test cases in the current suite
Test Method:		[testPackage01.Test_SkipDueToIssue.skip2]
################################################################################################################################################
[ReportManager] This should be skipped. @08-10-2021 09:45:06.0838 A

################################################################################################################################################
Starting Execution:	[73 out of 144] test cases in the current suite
Test Method:		[testPackage01.Test_chainableElementActions.chainElementActions]
################################################################################################################################################
[ReportManager] File Action [GetAbsolutePath] successfully performed. With the following test data [Relative Folder Path: "target/downloadedFiles/"]. @08-10-2021 09:45:06.0842 AM
[ReportManager] Attempting to run remotely on: [Linux-64], [GoogleChrome], [http://localhost:4444/wd/hub], Headless Execution. @08-10-2021 09:45:06.0842 AM
[ReportManager] Successfully Opened [GoogleChrome]. @08-10-2021 09:45:07.0019 AM
[ReportManager] Target URL: [https://www.google.com/ncr], and after redirection: [https://www.google.com] @08-10-2021 09:45:07.0038 AM
[ReportManager] Initial URL: [data:,] @08-10-2021 09:45:07.0100 AM
[ReportManager] Browser Action [NavigateToURL] successfully performed. With the following test data [https://www.google.com/ncr]. @08-10-2021 09:45:07.0790 AM
[ReportManager] Element Action [Type] successfully performed. With the following test data [chained type 1]. @08-10-2021 09:45:08.0073 AM
[ReportManager] Element Action [Type] successfully performed. With the following test data [chained type 2]. @08-10-2021 09:45:08.0364 AM
[ReportManager] Element Action [TypeAppend] successfully performed. With the following test data [345]. @08-10-2021 09:45:08.0452 AM
[ReportManager] Element Action [GetText] successfully performed. With the following test data [chained type 2345]. @08-10-2021 09:45:08.0557 AM
[ReportManager] Loaded Shared OpenCV @08-10-2021 09:45:08.0655 AM
[ReportManager] Assertion [ValidateElementAttribute] PASSED. Expected [Value Should be 'chained type 2345' for the 'text' attribute, element locator 'By.name: q'] and Actual [chained type 2345]. Comparison Type [EQUALS]. Validation Type [POSITIVE]. @08-10-2021 09:45:08.0713 AM
[ReportManager] Successfully created attachment [Screenshot - 1633686308654_chainElementActions_ValidateElementAttribute_passed] @08-10-2021 09:45:08.0714 AM
[ReportManager] Browser Action [CloseCurrentWindow] successfully performed. @08-10-2021 09:45:08.0818 AM
[ReportManager] Successfully created attachment [Browser Action Test Data - CloseCurrentWindow - Actual Value] @08-10-2021 09:45:08.0819 A

################################################################################################################################################
Starting Execution:	[74 out of 144] test cases in the current suite
Test Method:		[testPackage01.Test_NewValidationHelper.f1]
################################################################################################################################################
[ReportManager] Assertion Passed: Checking valid user data @08-10-2021 09:45:08.0830 AM
[ReportManager] Successfully created attachment [Validation Test Data - Expected Value] @08-10-2021 09:45:08.0830 AM
[ReportManager] Successfully created attachment [Validation Test Data - Actual Value] @08-10-2021 09:45:08.0830 AM
[ReportManager] Assertion [ValidateEquals] PASSED. Expected and Actual values are attached. Comparison Type [EQUALS]. Validation Type [POSITIVE]. @08-10-2021 09:45:08.0830 A
[ReportManager] File Action [GetAbsolutePath] successfully performed. With the following test data [Relative Folder Path: "target/downloadedFiles/"]. @08-10-2021 09:45:08.0835 AM
[ReportManager] Attempting to run remotely on: [Linux-64], [GoogleChrome], [http://localhost:4444/wd/hub], Headless Execution. @08-10-2021 09:45:08.0835 AM
[ReportManager] Successfully Opened [GoogleChrome]. @08-10-2021 09:45:09.0010 AM
[ReportManager] Target URL: [https://the-internet.herokuapp.com/] @08-10-2021 09:45:09.0019 AM
[ReportManager] Initial URL: [data:,] @08-10-2021 09:45:09.0054 AM
[ReportManager] Browser Action [NavigateToURL] successfully performed. With the following test data [https://the-internet.herokuapp.com/]. @08-10-2021 09:45:09.0363 A

################################################################################################################################################
Starting Execution:	[75 out of 144] test cases in the current suite
Test Method:		[testPackage01.Test_NewValidationHelper.f10]
################################################################################################################################################
[ReportManager] Assertion [ValidateElementExists] FAILED. Expected [Element Should Exist, locator 'By.tagName: div'] and Actual [Element Exists but is not unique]. Comparison Type [EQUALS]. Validation Type [POSITIVE]. @08-10-2021 09:45:09.0624 AM
[ReportManager] Successfully created attachment [Screenshot - 1633686309531_f10_ValidateElementExists_failed] @08-10-2021 09:45:09.0625 A
[ReportManager] Successfully Closed All Drivers. @08-10-2021 09:45:09.0695 A
[ReportManager] File Action [GetAbsolutePath] successfully performed. With the following test data [Relative Folder Path: "target/downloadedFiles/"]. @08-10-2021 09:45:09.0696 AM
[ReportManager] Attempting to run remotely on: [Linux-64], [GoogleChrome], [http://localhost:4444/wd/hub], Headless Execution. @08-10-2021 09:45:09.0697 AM
[ReportManager] Successfully Opened [GoogleChrome]. @08-10-2021 09:45:09.0861 AM
[ReportManager] Target URL: [https://the-internet.herokuapp.com/] @08-10-2021 09:45:09.0871 AM
[ReportManager] Initial URL: [data:,] @08-10-2021 09:45:09.0945 AM
[ReportManager] Browser Action [NavigateToURL] successfully performed. With the following test data [https://the-internet.herokuapp.com/]. @08-10-2021 09:45:10.0260 A

################################################################################################################################################
Starting Execution:	[76 out of 144] test cases in the current suite
Test Method:		[testPackage01.Test_NewValidationHelper.f11]
################################################################################################################################################
[ReportManager] Assertion Passed: Checking that false tag doesn't exist @08-10-2021 09:45:20.0595 AM
[ReportManager] Successfully created attachment [Screenshot - 1633686320544_f11_ValidateElementExists_passed] @08-10-2021 09:45:20.0596 AM
[ReportManager] Assertion [ValidateElementExists] PASSED. Expected [Element Should not Exist, locator 'By.tagName: h3'] and Actual [Element Doesn't Exists]. Comparison Type [EQUALS]. Validation Type [NEGATIVE]. @08-10-2021 09:45:20.0596 A
[ReportManager] Successfully Closed All Drivers. @08-10-2021 09:45:20.0666 A
[ReportManager] File Action [GetAbsolutePath] successfully performed. With the following test data [Relative Folder Path: "target/downloadedFiles/"]. @08-10-2021 09:45:20.0668 AM
[ReportManager] Attempting to run remotely on: [Linux-64], [GoogleChrome], [http://localhost:4444/wd/hub], Headless Execution. @08-10-2021 09:45:20.0668 AM
[ReportManager] Successfully Opened [GoogleChrome]. @08-10-2021 09:45:20.0827 AM
[ReportManager] Target URL: [https://the-internet.herokuapp.com/] @08-10-2021 09:45:20.0837 AM
[ReportManager] Initial URL: [data:,] @08-10-2021 09:45:20.0869 AM
[ReportManager] Browser Action [NavigateToURL] successfully performed. With the following test data [https://the-internet.herokuapp.com/]. @08-10-2021 09:45:21.0156 A

################################################################################################################################################
Starting Execution:	[77 out of 144] test cases in the current suite
Test Method:		[testPackage01.Test_NewValidationHelper.f12]
################################################################################################################################################
[ReportManager] Loaded Shared OpenCV @08-10-2021 09:45:21.0325 AM
[ReportManager] Assertion [ValidateElementExists] FAILED. Expected [Element Should not Exist, locator 'By.tagName: h1'] and Actual [Element Exists]. Comparison Type [EQUALS]. Validation Type [NEGATIVE]. @08-10-2021 09:45:21.0388 AM
[ReportManager] Successfully created attachment [Screenshot - 1633686321325_f12_ValidateElementExists_failed] @08-10-2021 09:45:21.0389 A
[ReportManager] Successfully Closed All Drivers. @08-10-2021 09:45:21.0459 A
[ReportManager] File Action [GetAbsolutePath] successfully performed. With the following test data [Relative Folder Path: "target/downloadedFiles/"]. @08-10-2021 09:45:21.0462 AM
[ReportManager] Attempting to run remotely on: [Linux-64], [GoogleChrome], [http://localhost:4444/wd/hub], Headless Execution. @08-10-2021 09:45:21.0462 AM
[ReportManager] Successfully Opened [GoogleChrome]. @08-10-2021 09:45:21.0629 AM
[ReportManager] Target URL: [https://the-internet.herokuapp.com/] @08-10-2021 09:45:21.0646 AM
[ReportManager] Initial URL: [data:,] @08-10-2021 09:45:21.0678 AM
[ReportManager] Browser Action [NavigateToURL] successfully performed. With the following test data [https://the-internet.herokuapp.com/]. @08-10-2021 09:45:21.0940 A

################################################################################################################################################
Starting Execution:	[78 out of 144] test cases in the current suite
Test Method:		[testPackage01.Test_NewValidationHelper.f13]
################################################################################################################################################
[ReportManager] Assertion [ValidateElementExists] FAILED. Expected [Element Should not Exist, locator 'By.tagName: div'] and Actual [Element Exists but is not unique]. Comparison Type [EQUALS]. Validation Type [NEGATIVE]. @08-10-2021 09:45:22.0151 AM
[ReportManager] Successfully created attachment [Screenshot - 1633686322094_f13_ValidateElementExists_failed] @08-10-2021 09:45:22.0152 A
[ReportManager] Successfully Closed All Drivers. @08-10-2021 09:45:22.0226 A
[ReportManager] File Action [GetAbsolutePath] successfully performed. With the following test data [Relative Folder Path: "target/downloadedFiles/"]. @08-10-2021 09:45:22.0228 AM
[ReportManager] Attempting to run remotely on: [Linux-64], [GoogleChrome], [http://localhost:4444/wd/hub], Headless Execution. @08-10-2021 09:45:22.0228 AM
[ReportManager] Successfully Opened [GoogleChrome]. @08-10-2021 09:45:22.0391 AM
[ReportManager] Target URL: [https://the-internet.herokuapp.com/] @08-10-2021 09:45:22.0400 AM
[ReportManager] Initial URL: [data:,] @08-10-2021 09:45:22.0437 AM
[ReportManager] Browser Action [NavigateToURL] successfully performed. With the following test data [https://the-internet.herokuapp.com/]. @08-10-2021 09:45:22.0720 A

################################################################################################################################################
Starting Execution:	[79 out of 144] test cases in the current suite
Test Method:		[testPackage01.Test_NewValidationHelper.f14]
################################################################################################################################################
[ReportManager] Element Action [GetText] successfully performed. With the following test data [Welcome to the-internet]. @08-10-2021 09:45:22.0800 AM
[ReportManager] Loaded Shared OpenCV @08-10-2021 09:45:22.0910 AM
[ReportManager] Assertion Passed: Asserting that the header text is correct @08-10-2021 09:45:22.0981 AM
[ReportManager] Successfully created attachment [Screenshot - 1633686322910_f14_ValidateElementAttribute_passed] @08-10-2021 09:45:22.0982 AM
[ReportManager] Assertion [ValidateElementAttribute] PASSED. Expected [Value Should be 'Welcome to the-internet' for the 'text' attribute, element locator 'By.tagName: h1'] and Actual [Welcome to the-internet]. Comparison Type [EQUALS]. Validation Type [POSITIVE]. @08-10-2021 09:45:22.0982 A
[ReportManager] Successfully Closed All Drivers. @08-10-2021 09:45:23.0053 A
[ReportManager] File Action [GetAbsolutePath] successfully performed. With the following test data [Relative Folder Path: "target/downloadedFiles/"]. @08-10-2021 09:45:23.0055 AM
[ReportManager] Attempting to run remotely on: [Linux-64], [GoogleChrome], [http://localhost:4444/wd/hub], Headless Execution. @08-10-2021 09:45:23.0055 AM
[ReportManager] Successfully Opened [GoogleChrome]. @08-10-2021 09:45:23.0219 AM
[ReportManager] Target URL: [https://the-internet.herokuapp.com/] @08-10-2021 09:45:23.0228 AM
[ReportManager] Initial URL: [data:,] @08-10-2021 09:45:23.0273 AM
[ReportManager] Browser Action [NavigateToURL] successfully performed. With the following test data [https://the-internet.herokuapp.com/]. @08-10-2021 09:45:23.0551 A

################################################################################################################################################
Starting Execution:	[80 out of 144] test cases in the current suite
Test Method:		[testPackage01.Test_NewValidationHelper.f15]
################################################################################################################################################
[ReportManager] Element Action [GetText] successfully performed. With the following test data [Welcome to the-internet]. @08-10-2021 09:45:23.0632 AM
[ReportManager] Loaded Shared OpenCV @08-10-2021 09:45:23.0741 AM
[ReportManager] Assertion [ValidateElementAttribute] FAILED. Expected [Value Should not be 'Welcome' for the 'text' attribute, element locator 'By.tagName: h1'] and Actual [Welcome to the-internet]. Comparison Type [CONTAINS]. Validation Type [NEGATIVE]. @08-10-2021 09:45:23.0819 AM
[ReportManager] Successfully created attachment [Screenshot - 1633686323741_f15_ValidateElementAttribute_failed] @08-10-2021 09:45:23.0820 A
[ReportManager] Successfully Closed All Drivers. @08-10-2021 09:45:23.0892 A
[ReportManager] File Action [GetAbsolutePath] successfully performed. With the following test data [Relative Folder Path: "target/downloadedFiles/"]. @08-10-2021 09:45:23.0894 AM
[ReportManager] Attempting to run remotely on: [Linux-64], [GoogleChrome], [http://localhost:4444/wd/hub], Headless Execution. @08-10-2021 09:45:23.0895 AM
[ReportManager] Successfully Opened [GoogleChrome]. @08-10-2021 09:45:24.0076 AM
[ReportManager] Target URL: [https://the-internet.herokuapp.com/] @08-10-2021 09:45:24.0089 AM
[ReportManager] Initial URL: [data:,] @08-10-2021 09:45:24.0124 AM
[ReportManager] Browser Action [NavigateToURL] successfully performed. With the following test data [https://the-internet.herokuapp.com/]. @08-10-2021 09:45:24.0409 A

################################################################################################################################################
Starting Execution:	[81 out of 144] test cases in the current suite
Test Method:		[testPackage01.Test_NewValidationHelper.f16]
################################################################################################################################################
[ReportManager] Element Action [IdentifyUniqueElement] failed. With the following test data [zero elements found matching this locator "By.tagName: h3".]. @08-10-2021 09:45:49.0913 AM
[ReportManager] Successfully created attachment [Screenshot - 1633686349862_f16_IdentifyUniqueElement_failed] @08-10-2021 09:45:49.0914 AM
[ReportManager] Assertion [ValidateElementAttribute] FAILED. Expected [Value Should not be 'Welcome' for the 'text' attribute, element locator 'By.tagName: h3'] and Actual [Failed to read the desired element attribute]. Comparison Type [CONTAINS]. Validation Type [NEGATIVE]. @08-10-2021 09:45:49.0914 A
[ReportManager] Successfully Closed All Drivers. @08-10-2021 09:45:49.0987 A
[ReportManager] File Action [GetAbsolutePath] successfully performed. With the following test data [Relative Folder Path: "target/downloadedFiles/"]. @08-10-2021 09:45:49.0988 AM
[ReportManager] Attempting to run remotely on: [Linux-64], [GoogleChrome], [http://localhost:4444/wd/hub], Headless Execution. @08-10-2021 09:45:49.0989 AM
[ReportManager] Successfully Opened [GoogleChrome]. @08-10-2021 09:45:50.0155 AM
[ReportManager] Target URL: [https://the-internet.herokuapp.com/] @08-10-2021 09:45:50.0164 AM
[ReportManager] Initial URL: [data:,] @08-10-2021 09:45:50.0200 AM
[ReportManager] Browser Action [NavigateToURL] successfully performed. With the following test data [https://the-internet.herokuapp.com/]. @08-10-2021 09:45:50.0478 A

################################################################################################################################################
Starting Execution:	[82 out of 144] test cases in the current suite
Test Method:		[testPackage01.Test_NewValidationHelper.f17]
################################################################################################################################################
[ReportManager] Attempting to getAttribute [text2] from elementLocator [By.tagName: h1]. @08-10-2021 09:45:50.0482 AM
[ReportManager] Element Action [GetAttribute] successfully performed. @08-10-2021 09:45:50.0540 AM
[ReportManager] Loaded Shared OpenCV @08-10-2021 09:45:50.0658 AM
[ReportManager] Assertion [ValidateElementAttribute] PASSED. Expected [Value Should not be 'Welcome' for the 'text2' attribute, element locator 'By.tagName: h1'] and Actual [null]. Comparison Type [CONTAINS]. Validation Type [NEGATIVE]. @08-10-2021 09:45:50.0721 AM
[ReportManager] Successfully created attachment [Screenshot - 1633686350658_f17_ValidateElementAttribute_passed] @08-10-2021 09:45:50.0722 A
[ReportManager] Successfully Closed All Drivers. @08-10-2021 09:45:50.0793 A
[ReportManager] File Action [GetAbsolutePath] successfully performed. With the following test data [Relative Folder Path: "target/downloadedFiles/"]. @08-10-2021 09:45:50.0796 AM
[ReportManager] Attempting to run remotely on: [Linux-64], [GoogleChrome], [http://localhost:4444/wd/hub], Headless Execution. @08-10-2021 09:45:50.0797 AM
[ReportManager] Successfully Opened [GoogleChrome]. @08-10-2021 09:45:50.0987 AM
[ReportManager] Target URL: [https://the-internet.herokuapp.com/] @08-10-2021 09:45:51.0002 AM
[ReportManager] Initial URL: [data:,] @08-10-2021 09:45:51.0035 AM
[ReportManager] Browser Action [NavigateToURL] successfully performed. With the following test data [https://the-internet.herokuapp.com/]. @08-10-2021 09:45:51.0312 A

################################################################################################################################################
Starting Execution:	[83 out of 144] test cases in the current suite
Test Method:		[testPackage01.Test_NewValidationHelper.f18]
################################################################################################################################################
[ReportManager] Element Action [GetText] successfully performed. With the following test data [Welcome to the-internet]. @08-10-2021 09:45:51.0381 AM
[ReportManager] Loaded Shared OpenCV @08-10-2021 09:45:51.0493 AM
[ReportManager] Assertion [ValidateElementAttribute] PASSED. Expected [Value Should not be 'no' for the 'text' attribute, element locator 'By.tagName: h1'] and Actual [Welcome to the-internet]. Comparison Type [CONTAINS]. Validation Type [NEGATIVE]. @08-10-2021 09:45:51.0565 AM
[ReportManager] Successfully created attachment [Screenshot - 1633686351492_f18_ValidateElementAttribute_passed] @08-10-2021 09:45:51.0566 A
[ReportManager] Successfully Closed All Drivers. @08-10-2021 09:45:51.0638 A
[ReportManager] File Action [GetAbsolutePath] successfully performed. With the following test data [Relative Folder Path: "target/downloadedFiles/"]. @08-10-2021 09:45:51.0640 AM
[ReportManager] Attempting to run remotely on: [Linux-64], [GoogleChrome], [http://localhost:4444/wd/hub], Headless Execution. @08-10-2021 09:45:51.0640 AM
[ReportManager] Successfully Opened [GoogleChrome]. @08-10-2021 09:45:51.0813 AM
[ReportManager] Target URL: [https://the-internet.herokuapp.com/] @08-10-2021 09:45:51.0822 AM
[ReportManager] Initial URL: [data:,] @08-10-2021 09:45:51.0866 AM
[ReportManager] Browser Action [NavigateToURL] successfully performed. With the following test data [https://the-internet.herokuapp.com/]. @08-10-2021 09:45:52.0134 A

################################################################################################################################################
Starting Execution:	[84 out of 144] test cases in the current suite
Test Method:		[testPackage01.Test_NewValidationHelper.f19]
################################################################################################################################################
[ReportManager] Element Action [GetTagName] successfully performed. With the following test data [h1]. @08-10-2021 09:45:52.0206 AM
[ReportManager] Loaded Shared OpenCV @08-10-2021 09:45:52.0328 AM
[ReportManager] Assertion [ValidateElementAttribute] PASSED. Expected [Value Should be 'h' for the 'tagname' attribute, element locator 'By.tagName: h1'] and Actual [h1]. Comparison Type [CONTAINS]. Validation Type [POSITIVE]. @08-10-2021 09:45:52.0399 AM
[ReportManager] Successfully created attachment [Screenshot - 1633686352327_f19_ValidateElementAttribute_passed] @08-10-2021 09:45:52.0400 A
[ReportManager] Successfully Closed All Drivers. @08-10-2021 09:45:52.0474 A

################################################################################################################################################
Starting Execution:	[85 out of 144] test cases in the current suite
Test Method:		[testPackage01.Test_NewValidationHelper.f2]
################################################################################################################################################
[ReportManager] Assertion Failed: Checking valid user data @08-10-2021 09:45:52.0477 AM
[ReportManager] Assertion [ValidateEquals] FAILED. Expected [1] and Actual [2]. Comparison Type [EQUALS]. Validation Type [POSITIVE]. @08-10-2021 09:45:52.0477 A
[ReportManager] File Action [GetAbsolutePath] successfully performed. With the following test data [Relative Folder Path: "target/downloadedFiles/"]. @08-10-2021 09:45:52.0480 AM
[ReportManager] Attempting to run remotely on: [Linux-64], [GoogleChrome], [http://localhost:4444/wd/hub], Headless Execution. @08-10-2021 09:45:52.0480 AM
[ReportManager] Successfully Opened [GoogleChrome]. @08-10-2021 09:45:52.0692 AM
[ReportManager] Target URL: [https://the-internet.herokuapp.com/] @08-10-2021 09:45:52.0708 AM
[ReportManager] Initial URL: [data:,] @08-10-2021 09:45:52.0753 AM
[ReportManager] Browser Action [NavigateToURL] successfully performed. With the following test data [https://the-internet.herokuapp.com/]. @08-10-2021 09:45:53.0040 A

################################################################################################################################################
Starting Execution:	[86 out of 144] test cases in the current suite
Test Method:		[testPackage01.Test_NewValidationHelper.f20]
################################################################################################################################################
[ReportManager] Element Action [GetSize] successfully performed. With the following test data [(755, 61)]. @08-10-2021 09:45:53.0098 AM
[ReportManager] Loaded Shared OpenCV @08-10-2021 09:45:53.0207 AM
[ReportManager] Assertion [ValidateElementAttribute] PASSED. Expected [Value Should not be 'a' for the 'size' attribute, element locator 'By.tagName: h1'] and Actual [(755, 61)]. Comparison Type [CONTAINS]. Validation Type [NEGATIVE]. @08-10-2021 09:45:53.0269 AM
[ReportManager] Successfully created attachment [Screenshot - 1633686353207_f20_ValidateElementAttribute_passed] @08-10-2021 09:45:53.0270 A
[ReportManager] Successfully Closed All Drivers. @08-10-2021 09:45:53.0349 A
[ReportManager] File Action [GetAbsolutePath] successfully performed. With the following test data [Relative Folder Path: "target/downloadedFiles/"]. @08-10-2021 09:45:53.0350 AM
[ReportManager] Attempting to run remotely on: [Linux-64], [GoogleChrome], [http://localhost:4444/wd/hub], Headless Execution. @08-10-2021 09:45:53.0351 AM
[ReportManager] Successfully Opened [GoogleChrome]. @08-10-2021 09:45:53.0501 AM
[ReportManager] Target URL: [https://the-internet.herokuapp.com/] @08-10-2021 09:45:53.0509 AM
[ReportManager] Initial URL: [data:,] @08-10-2021 09:45:53.0546 AM
[ReportManager] Browser Action [NavigateToURL] successfully performed. With the following test data [https://the-internet.herokuapp.com/]. @08-10-2021 09:45:53.0832 A

################################################################################################################################################
Starting Execution:	[87 out of 144] test cases in the current suite
Test Method:		[testPackage01.Test_NewValidationHelper.f21]
################################################################################################################################################
[ReportManager] Element Action [IdentifyUniqueElement] failed. With the following test data [zero elements found matching this locator "By.tagName: h3".]. @08-10-2021 09:46:19.0345 AM
[ReportManager] Successfully created attachment [Screenshot - 1633686379285_f21_IdentifyUniqueElement_failed] @08-10-2021 09:46:19.0346 AM
[ReportManager] Assertion [ValidateElementAttribute] FAILED. Expected [Value Should be 'Welcome' for the 'text' attribute, element locator 'By.tagName: h3'] and Actual [Failed to read the desired element attribute]. Comparison Type [CONTAINS]. Validation Type [POSITIVE]. @08-10-2021 09:46:19.0346 A
[ReportManager] Successfully Closed All Drivers. @08-10-2021 09:46:19.0425 A
[ReportManager] File Action [GetAbsolutePath] successfully performed. With the following test data [Relative Folder Path: "target/downloadedFiles/"]. @08-10-2021 09:46:19.0427 AM
[ReportManager] Attempting to run remotely on: [Linux-64], [GoogleChrome], [http://localhost:4444/wd/hub], Headless Execution. @08-10-2021 09:46:19.0427 AM
[ReportManager] Successfully Opened [GoogleChrome]. @08-10-2021 09:46:19.0590 AM
[ReportManager] Target URL: [https://the-internet.herokuapp.com/] @08-10-2021 09:46:19.0598 AM
[ReportManager] Initial URL: [data:,] @08-10-2021 09:46:19.0638 AM
[ReportManager] Browser Action [NavigateToURL] successfully performed. With the following test data [https://the-internet.herokuapp.com/]. @08-10-2021 09:46:19.0939 A

################################################################################################################################################
Starting Execution:	[88 out of 144] test cases in the current suite
Test Method:		[testPackage01.Test_NewValidationHelper.f22]
################################################################################################################################################
[ReportManager] Element Action [GetText] successfully performed. With the following test data [Welcome to the-internet]. @08-10-2021 09:46:20.0007 AM
[ReportManager] Loaded Shared OpenCV @08-10-2021 09:46:20.0141 AM
[ReportManager] Assertion [ValidateElementAttribute] FAILED. Expected [Value Should be 'yyy' for the 'text' attribute, element locator 'By.tagName: h1'] and Actual [Welcome to the-internet]. Comparison Type [CONTAINS]. Validation Type [POSITIVE]. @08-10-2021 09:46:20.0209 AM
[ReportManager] Successfully created attachment [Screenshot - 1633686380141_f22_ValidateElementAttribute_failed] @08-10-2021 09:46:20.0210 A
[ReportManager] Successfully Closed All Drivers. @08-10-2021 09:46:20.0279 A

################################################################################################################################################
Starting Execution:	[89 out of 144] test cases in the current suite
Test Method:		[testPackage01.Test_NewValidationHelper.f23]
################################################################################################################################################
[ReportManager] Assertion Passed: confirming that the actual is greater than or equal to the expected @08-10-2021 09:46:20.0282 AM
[ReportManager] Assertion [ValidateComparativeRelation] PASSED. Expected [1] and Actual [1]. Comparison Type [GREATER_THAN_OR_EQUALS]. Validation Type [POSITIVE]. @08-10-2021 09:46:20.0282 A

################################################################################################################################################
Starting Execution:	[90 out of 144] test cases in the current suite
Test Method:		[testPackage01.Test_NewValidationHelper.f24]
################################################################################################################################################
[ReportManager] Assertion [ValidateComparativeRelation] PASSED. Expected [1] and Actual [10]. Comparison Type [GREATER_THAN_OR_EQUALS]. Validation Type [POSITIVE]. @08-10-2021 09:46:20.0285 A

################################################################################################################################################
Starting Execution:	[91 out of 144] test cases in the current suite
Test Method:		[testPackage01.Test_NewValidationHelper.f25]
################################################################################################################################################
[ReportManager] Assertion [ValidateComparativeRelation] PASSED. Expected [1] and Actual [1]. Comparison Type [EQUALS]. Validation Type [POSITIVE]. @08-10-2021 09:46:20.0287 A

################################################################################################################################################
Starting Execution:	[92 out of 144] test cases in the current suite
Test Method:		[testPackage01.Test_NewValidationHelper.f26]
################################################################################################################################################
[ReportManager] Assertion [ValidateComparativeRelation] PASSED. Expected [1] and Actual [5]. Comparison Type [GREATER_THAN]. Validation Type [POSITIVE]. @08-10-2021 09:46:20.0298 A

################################################################################################################################################
Starting Execution:	[93 out of 144] test cases in the current suite
Test Method:		[testPackage01.Test_NewValidationHelper.f27]
################################################################################################################################################
[ReportManager] Assertion [ValidateComparativeRelation] PASSED. Expected [11] and Actual [5]. Comparison Type [LESS_THAN]. Validation Type [POSITIVE]. @08-10-2021 09:46:20.0301 A

################################################################################################################################################
Starting Execution:	[94 out of 144] test cases in the current suite
Test Method:		[testPackage01.Test_NewValidationHelper.f28]
################################################################################################################################################
[ReportManager] Assertion [ValidateComparativeRelation] PASSED. Expected [11] and Actual [5]. Comparison Type [LESS_THAN_OR_EQUALS]. Validation Type [POSITIVE]. @08-10-2021 09:46:20.0304 A

################################################################################################################################################
Starting Execution:	[95 out of 144] test cases in the current suite
Test Method:		[testPackage01.Test_NewValidationHelper.f29]
################################################################################################################################################
[ReportManager] Assertion [ValidateComparativeRelation] PASSED. Expected [11] and Actual [11]. Comparison Type [LESS_THAN_OR_EQUALS]. Validation Type [POSITIVE]. @08-10-2021 09:46:20.0307 A

################################################################################################################################################
Starting Execution:	[96 out of 144] test cases in the current suite
Test Method:		[testPackage01.Test_NewValidationHelper.f3]
################################################################################################################################################
[ReportManager] Assertion [ValidateEquals] PASSED. Expected [1] and Actual [2]. Comparison Type [EQUALS]. Validation Type [NEGATIVE]. @08-10-2021 09:46:20.0310 A

################################################################################################################################################
Starting Execution:	[97 out of 144] test cases in the current suite
Test Method:		[testPackage01.Test_NewValidationHelper.f30]
################################################################################################################################################
[ReportManager] Assertion [ValidateComparativeRelation] FAILED. Expected [-9] and Actual [11]. Comparison Type [LESS_THAN_OR_EQUALS]. Validation Type [POSITIVE]. @08-10-2021 09:46:20.0312 A

################################################################################################################################################
Starting Execution:	[98 out of 144] test cases in the current suite
Test Method:		[testPackage01.Test_NewValidationHelper.f31]
################################################################################################################################################
[ReportManager] Assertion [ValidateTrue] PASSED. Expected [TRUE] and Actual [TRUE]. Validation Type [POSITIVE]. @08-10-2021 09:46:20.0315 A

################################################################################################################################################
Starting Execution:	[99 out of 144] test cases in the current suite
Test Method:		[testPackage01.Test_NewValidationHelper.f32]
################################################################################################################################################
[ReportManager] Assertion [ValidateTrue] PASSED. Expected [FALSE] and Actual [FALSE]. Validation Type [NEGATIVE]. @08-10-2021 09:46:20.0317 A

################################################################################################################################################
Starting Execution:	[100 out of 144] test cases in the current suite
Test Method:		[testPackage01.Test_NewValidationHelper.f33]
################################################################################################################################################
[ReportManager] Assertion [ValidateTrue] FAILED. Expected [FALSE] and Actual [TRUE]. Validation Type [NEGATIVE]. @08-10-2021 09:46:20.0319 A

################################################################################################################################################
Starting Execution:	[101 out of 144] test cases in the current suite
Test Method:		[testPackage01.Test_NewValidationHelper.f34]
################################################################################################################################################
[ReportManager] Assertion [ValidateTrue] FAILED. Expected [TRUE] and Actual [FALSE]. Validation Type [POSITIVE]. @08-10-2021 09:46:20.0321 A

################################################################################################################################################
Starting Execution:	[102 out of 144] test cases in the current suite
Test Method:		[testPackage01.Test_NewValidationHelper.f35]
################################################################################################################################################
[ReportManager] File Action [DoesFileExist] successfully performed. With the following test data [File Path: "pom.xml"]. @08-10-2021 09:46:20.0322 AM
[ReportManager] Assertion [ValidateFileExists] PASSED. Expected [File 'pom.xml' should exist, after up to '1' retries] and Actual [File exists]. Validation Type [POSITIVE]. @08-10-2021 09:46:20.0322 A

################################################################################################################################################
Starting Execution:	[103 out of 144] test cases in the current suite
Test Method:		[testPackage01.Test_NewValidationHelper.f36]
################################################################################################################################################
[ReportManager] File Action [DoesFileExist] successfully performed. With the following test data [File Path: "src/test/java/testPackage01/Test_NewValidationHelper.java"]. @08-10-2021 09:46:20.0324 AM
[ReportManager] Assertion [ValidateFileExists] PASSED. Expected [File 'src/test/java/testPackage01/Test_NewValidationHelper.java' should exist, after up to '1' retries] and Actual [File exists]. Validation Type [POSITIVE]. @08-10-2021 09:46:20.0324 A

################################################################################################################################################
Starting Execution:	[104 out of 144] test cases in the current suite
Test Method:		[testPackage01.Test_NewValidationHelper.f37]
################################################################################################################################################
[ReportManager] File Action [DoesFileExist] successfully performed. With the following test data [File Path: "pom.xml"]. @08-10-2021 09:46:20.0325 AM
[ReportManager] Assertion Failed: confirming that the file does't exist after 5 retries @08-10-2021 09:46:20.0325 AM
[ReportManager] Assertion [ValidateFileExists] FAILED. Expected [File 'pom.xml' should not exist, after up to '5' retries] and Actual [File exists]. Validation Type [NEGATIVE]. @08-10-2021 09:46:20.0325 A

################################################################################################################################################
Starting Execution:	[105 out of 144] test cases in the current suite
Test Method:		[testPackage01.Test_NewValidationHelper.f3_1]
################################################################################################################################################
[ReportManager] Assertion Passed: Checking valid user data @08-10-2021 09:46:20.0333 AM
[ReportManager] Assertion [ValidateEquals] PASSED. Expected [null] and Actual [null]. Comparison Type [EQUALS]. Validation Type [POSITIVE]. @08-10-2021 09:46:20.0333 A

################################################################################################################################################
Starting Execution:	[106 out of 144] test cases in the current suite
Test Method:		[testPackage01.Test_NewValidationHelper.f4]
################################################################################################################################################
[ReportManager] Assertion [ValidateEquals] PASSED. Expected [1] and Actual [123]. Comparison Type [CONTAINS]. Validation Type [POSITIVE]. @08-10-2021 09:46:20.0335 A

################################################################################################################################################
Starting Execution:	[107 out of 144] test cases in the current suite
Test Method:		[testPackage01.Test_NewValidationHelper.f5]
################################################################################################################################################
[ReportManager] Assertion [ValidateNull] PASSED. Expected [NULL] and Actual [1]. Comparison Type [EQUALS]. Validation Type [NEGATIVE]. @08-10-2021 09:46:20.0338 A

################################################################################################################################################
Starting Execution:	[108 out of 144] test cases in the current suite
Test Method:		[testPackage01.Test_NewValidationHelper.f6]
################################################################################################################################################
[ReportManager] Assertion Failed: Making sure that null string is not equal to null object @08-10-2021 09:46:20.0339 AM
[ReportManager] Assertion [ValidateNull] FAILED. Expected [NULL] and Actual [NULL]. Comparison Type [EQUALS]. Validation Type [POSITIVE]. @08-10-2021 09:46:20.0339 A

################################################################################################################################################
Starting Execution:	[109 out of 144] test cases in the current suite
Test Method:		[testPackage01.Test_NewValidationHelper.f6_1]
################################################################################################################################################
[ReportManager] Assertion [ValidateNull] FAILED. Expected [NULL] and Actual [NULL]. Comparison Type [EQUALS]. Validation Type [NEGATIVE]. @08-10-2021 09:46:20.0341 A

################################################################################################################################################
Starting Execution:	[110 out of 144] test cases in the current suite
Test Method:		[testPackage01.Test_NewValidationHelper.f6_2]
################################################################################################################################################
[ReportManager] Assertion Failed: Making sure that null string is not equal to null object @08-10-2021 09:46:20.0343 AM
[ReportManager] Assertion [ValidateNull] FAILED. Expected [NULL] and Actual [not null]. Comparison Type [EQUALS]. Validation Type [POSITIVE]. @08-10-2021 09:46:20.0343 A

################################################################################################################################################
Starting Execution:	[111 out of 144] test cases in the current suite
Test Method:		[testPackage01.Test_NewValidationHelper.f7]
################################################################################################################################################
[ReportManager] Assertion [ValidateNull] PASSED. Expected [NULL] and Actual [NULL]. Comparison Type [EQUALS]. Validation Type [POSITIVE]. @08-10-2021 09:46:20.0345 A
[ReportManager] File Action [GetAbsolutePath] successfully performed. With the following test data [Relative Folder Path: "target/downloadedFiles/"]. @08-10-2021 09:46:20.0346 AM
[ReportManager] Attempting to run remotely on: [Linux-64], [GoogleChrome], [http://localhost:4444/wd/hub], Headless Execution. @08-10-2021 09:46:20.0346 AM
[ReportManager] Successfully Opened [GoogleChrome]. @08-10-2021 09:46:20.0492 AM
[ReportManager] Target URL: [https://the-internet.herokuapp.com/] @08-10-2021 09:46:20.0504 AM
[ReportManager] Initial URL: [data:,] @08-10-2021 09:46:20.0543 AM
[ReportManager] Browser Action [NavigateToURL] successfully performed. With the following test data [https://the-internet.herokuapp.com/]. @08-10-2021 09:46:20.0840 A

################################################################################################################################################
Starting Execution:	[112 out of 144] test cases in the current suite
Test Method:		[testPackage01.Test_NewValidationHelper.f8]
################################################################################################################################################
[ReportManager] Loaded Shared OpenCV @08-10-2021 09:46:20.0990 AM
[ReportManager] Assertion [ValidateElementExists] PASSED. Expected [Element Should Exist, locator 'By.tagName: h1'] and Actual [Element Exists]. Comparison Type [EQUALS]. Validation Type [POSITIVE]. @08-10-2021 09:46:21.0053 AM
[ReportManager] Successfully created attachment [Screenshot - 1633686380990_f8_ValidateElementExists_passed] @08-10-2021 09:46:21.0054 A
[ReportManager] Successfully Closed All Drivers. @08-10-2021 09:46:21.0128 A
[ReportManager] File Action [GetAbsolutePath] successfully performed. With the following test data [Relative Folder Path: "target/downloadedFiles/"]. @08-10-2021 09:46:21.0129 AM
[ReportManager] Attempting to run remotely on: [Linux-64], [GoogleChrome], [http://localhost:4444/wd/hub], Headless Execution. @08-10-2021 09:46:21.0129 AM
[ReportManager] Successfully Opened [GoogleChrome]. @08-10-2021 09:46:21.0298 AM
[ReportManager] Target URL: [https://the-internet.herokuapp.com/] @08-10-2021 09:46:21.0314 AM
[ReportManager] Initial URL: [data:,] @08-10-2021 09:46:21.0359 AM
[ReportManager] Browser Action [NavigateToURL] successfully performed. With the following test data [https://the-internet.herokuapp.com/]. @08-10-2021 09:46:21.0721 A

################################################################################################################################################
Starting Execution:	[113 out of 144] test cases in the current suite
Test Method:		[testPackage01.Test_NewValidationHelper.f9]
################################################################################################################################################
[ReportManager] Assertion [ValidateElementExists] FAILED. Expected [Element Should Exist, locator 'By.tagName: h3'] and Actual [Element Doesn't Exists]. Comparison Type [EQUALS]. Validation Type [POSITIVE]. @08-10-2021 09:46:52.0365 AM
[ReportManager] Successfully created attachment [Screenshot - 1633686412307_f9_ValidateElementExists_failed] @08-10-2021 09:46:52.0366 A
[ReportManager] Successfully Closed All Drivers. @08-10-2021 09:46:52.0438 A

################################################################################################################################################
Starting Execution:	[114 out of 144] test cases in the current suite
Test Method:		[testPackage01.Test_NewValidationHelper.forceFail]
################################################################################################################################################
[ReportManager] Assertion [ValidateFail] FAILED. Successfully force failed the test. @08-10-2021 09:46:52.0442 A

################################################################################################################################################
Starting Execution:	[115 out of 144] test cases in the current suite
Test Method:		[testPackage01.Test_NewValidationHelper.forceFail2]
################################################################################################################################################
[ReportManager] Assertion Failed: Custom Message @08-10-2021 09:46:52.0445 AM
[ReportManager] Assertion [ValidateFail] FAILED. Successfully force failed the test. @08-10-2021 09:46:52.0445 A

################################################################################################################################################
Starting Execution:	[116 out of 144] test cases in the current suite
Test Method:		[testPackage01.Test_sendGraphqlRequest.sendGraphqlRequestUsingMutationAndVariables]
################################################################################################################################################
[ReportManager] GraphQl Request is being Performed with the Following Parameters [Service URL: https://api.spacex.land/graphql | Request Body: {"variables":"{\"name\": \"sherlock holmes\",\"rocket\": \"221B Baker Street\"}","query":"mutation ($name: String, $rocket: String) {\n  insert_users(objects: {name: $name, rocket: $rocket}) {\n    returning {\n      name\n      rocket\n    }\n  }\n}"}] @08-10-2021 09:46:52.0446 AM
[ReportManager] Response status code: [200], status line: [HTTP/1.1 200 OK] @08-10-2021 09:46:52.0646 AM
[ReportManager] Assertion Passed: Evaluating the actual response status code against the expected one... @08-10-2021 09:46:52.0646 AM
[ReportManager] Assertion [ValidateEquals] PASSED. Expected [200] and Actual [200]. Comparison Type [EQUALS]. Validation Type [POSITIVE]. @08-10-2021 09:46:52.0646 AM
[ReportManager] API Action [PerformRequest] successfully performed. With the following test data [Request Type: "POST" | Target Status Code: "200" | Service URL: "https://api.spacex.land/graphql" | Content Type: "application/json" | Response Time: "145ms"]. @08-10-2021 09:46:52.0656 AM
[ReportManager] Successfully created attachment [API Request - Specifications] @08-10-2021 09:46:52.0656 AM
[ReportManager] Successfully created attachment [API Request - JSON Body] @08-10-2021 09:46:52.0656 AM
[ReportManager] Successfully created attachment [API Response - JSON Body] @08-10-2021 09:46:52.0657 AM
[ReportManager] API Action [GetResponseJSONValue] successfully performed. With the following test data [data.insert_users.returning[0].name]. @08-10-2021 09:46:52.0687 AM
[ReportManager] Assertion [ValidateEquals] PASSED. Expected [sherlock holmes] and Actual [sherlock holmes]. Comparison Type [EQUALS]. Validation Type [POSITIVE]. @08-10-2021 09:46:52.0687 A

################################################################################################################################################
Starting Execution:	[117 out of 144] test cases in the current suite
Test Method:		[testPackage01.Test_sendGraphqlRequest.sendGraphqlRequestUsingQuery]
################################################################################################################################################
[ReportManager] GraphQl Request is being Performed with the Following Parameters [Service URL: https://api.spacex.land/graphql | Request Body: {"query":"{company {ceo}}"}] @08-10-2021 09:46:52.0690 AM
[ReportManager] Response status code: [200], status line: [HTTP/1.1 200 OK] @08-10-2021 09:46:52.0754 AM
[ReportManager] Assertion Passed: Evaluating the actual response status code against the expected one... @08-10-2021 09:46:52.0754 AM
[ReportManager] Assertion [ValidateEquals] PASSED. Expected [200] and Actual [200]. Comparison Type [EQUALS]. Validation Type [POSITIVE]. @08-10-2021 09:46:52.0754 AM
[ReportManager] API Action [PerformRequest] successfully performed. With the following test data [Request Type: "POST" | Target Status Code: "200" | Service URL: "https://api.spacex.land/graphql" | Content Type: "application/json" | Response Time: "61ms"]. @08-10-2021 09:46:52.0763 AM
[ReportManager] Successfully created attachment [API Request - Specifications] @08-10-2021 09:46:52.0764 AM
[ReportManager] Successfully created attachment [API Request - JSON Body] @08-10-2021 09:46:52.0764 AM
[ReportManager] Successfully created attachment [API Response - JSON Body] @08-10-2021 09:46:52.0764 AM
[ReportManager] API Action [GetResponseJSONValue] successfully performed. With the following test data [data.company.ceo]. @08-10-2021 09:46:52.0771 AM
[ReportManager] Assertion [ValidateEquals] PASSED. Expected [Elon Musk] and Actual [Elon Musk]. Comparison Type [EQUALS]. Validation Type [POSITIVE]. @08-10-2021 09:46:52.0771 A
[ReportManager] Successfully loaded the following test data file [src/test/resources/TestDataFiles/testSuite01/TestData.xlsx]. @08-10-2021 09:46:52.0793 AM
[ReportManager] Successfully created attachment [Test Data - Excel] @08-10-2021 09:46:52.0793 AM
[ReportManager] File Action [GetAbsolutePath] successfully performed. With the following test data [Relative Folder Path: "target/downloadedFiles/"]. @08-10-2021 09:46:52.0793 AM
[ReportManager] Attempting to run remotely on: [Linux-64], [GoogleChrome], [http://localhost:4444/wd/hub], Headless Execution. @08-10-2021 09:46:52.0794 AM
[ReportManager] Successfully Opened [GoogleChrome]. @08-10-2021 09:46:53.0005 A

################################################################################################################################################
Starting Execution:	[118 out of 144] test cases in the current suite
Test Method:		[testPackage01.Test_google.navigateToURLandVerifyGoogleLogoIsDisplayed]
Test Description:	[TC001 - Navigate to URL and Verify Google Logo is Displayed]
################################################################################################################################################
[ReportManager] Target URL: [https://www.google.com/ncr], and after redirection: [https://www.google.com] @08-10-2021 09:46:53.0018 AM
[ReportManager] Initial URL: [data:,] @08-10-2021 09:46:53.0057 AM
[ReportManager] Browser Action [NavigateToURL] successfully performed. With the following test data [https://www.google.com/ncr]. @08-10-2021 09:46:53.0702 AM
[ReportManager] Loaded Shared OpenCV @08-10-2021 09:46:53.0848 AM
[ReportManager] Assertion [ValidateElementExists] PASSED. Expected [Element Should Exist, locator 'By.xpath: //*[@id='hplogo' or @alt='Google']'] and Actual [Element Exists]. Comparison Type [EQUALS]. Validation Type [POSITIVE]. @08-10-2021 09:46:53.0906 AM
[ReportManager] Successfully created attachment [Screenshot - 1633686413848_navigateToURLandVerifyGoogleLogoIsDisplayed_ValidateElementExists_passed] @08-10-2021 09:46:53.0907 A

################################################################################################################################################
Starting Execution:	[119 out of 144] test cases in the current suite
Test Method:		[testPackage01.Test_google.searchForQueryandAssertResultsNumDisplayed]
Test Description:	[TC002 - Search for Query and Assert that the number of results is displayed]
################################################################################################################################################
[ReportManager] Element Action [Type] successfully performed. With the following test data [SHAFT_Engine]. @08-10-2021 09:46:54.0175 AM
[ReportManager] Element Action [KeyPress] successfully performed. With the following test data [Enter]. @08-10-2021 09:46:55.0453 AM
[ReportManager] Element Action [GetText] successfully performed. With the following test data [About 896,000 results (0.67 seconds) ]. @08-10-2021 09:46:55.0514 AM
[ReportManager] Loaded Shared OpenCV @08-10-2021 09:46:55.0631 AM
[ReportManager] Assertion [ValidateElementAttribute] PASSED. Expected [Value Should not be '' for the 'Text' attribute, element locator 'By.id: appbar'] and Actual [About 896,000 results (0.67 seconds) ]. Comparison Type [EQUALS]. Validation Type [NEGATIVE]. @08-10-2021 09:46:55.0701 AM
[ReportManager] Successfully created attachment [Screenshot - 1633686415631_searchForQueryandAssertResultsNumDisplayed_ValidateElementAttribute_passed] @08-10-2021 09:46:55.0702 A

################################################################################################################################################
Starting Execution:	[120 out of 144] test cases in the current suite
Test Method:		[testPackage01.Test_google.clickNextThrice]
Test Description:	[TC003 - Clicks the next button to make sure that the framework can scroll element into view before clicking it]
################################################################################################################################################
[ReportManager] Element Action [Click] successfully performed. With the following test data [Next]. @08-10-2021 09:46:56.0992 A
[ReportManager] Browser Action [CloseCurrentWindow] successfully performed. @08-10-2021 09:46:57.0176 AM
[ReportManager] Successfully created attachment [Browser Action Test Data - CloseCurrentWindow - Actual Value] @08-10-2021 09:46:57.0177 A
[ReportManager] File Action [GetAbsolutePath] successfully performed. With the following test data [Relative Folder Path: "target/downloadedFiles/"]. @08-10-2021 09:46:57.0180 AM
[ReportManager] Attempting to run remotely on: [Linux-64], [GoogleChrome], [http://localhost:4444/wd/hub], Headless Execution. @08-10-2021 09:46:57.0181 AM
[ReportManager] Successfully Opened [GoogleChrome]. @08-10-2021 09:46:57.0362 A

################################################################################################################################################
Starting Execution:	[121 out of 144] test cases in the current suite
Test Method:		[testPackage01.Test_ShadowDOM.shadowdom]
################################################################################################################################################
[ReportManager] Target URL: [https://mdn.github.io/web-components-examples/popup-info-box-web-component/] @08-10-2021 09:46:57.0378 AM
[ReportManager] Initial URL: [data:,] @08-10-2021 09:46:57.0414 AM
[ReportManager] Browser Action [NavigateToURL] successfully performed. With the following test data [https://mdn.github.io/web-components-examples/popup-info-box-web-component/]. @08-10-2021 09:46:57.0594 AM
[ReportManager] Element Action [Type] successfully performed. With the following test data [Typing into SHADOW DOM...]. @08-10-2021 09:46:57.0803 AM
[ReportManager] Element Action [GetText] successfully performed. With the following test data [Typing into SHADOW DOM...]. @08-10-2021 09:46:57.0874 AM
[ReportManager] Loaded Shared OpenCV @08-10-2021 09:46:57.0957 AM
[ReportManager] Assertion [ValidateElementAttribute] PASSED. Expected [Value Should be 'Typing into SHADOW DOM...' for the 'Text' attribute, element locator 'By.id: cvc'] and Actual [Typing into SHADOW DOM...]. Comparison Type [EQUALS]. Validation Type [POSITIVE]. @08-10-2021 09:46:58.0010 AM
[ReportManager] Successfully created attachment [Screenshot - 1633686417957_shadowdom_ValidateElementAttribute_passed] @08-10-2021 09:46:58.0010 A
[ReportManager] Browser Action [CloseCurrentWindow] successfully performed. @08-10-2021 09:46:58.0104 AM
[ReportManager] Successfully created attachment [Browser Action Test Data - CloseCurrentWindow - Actual Value] @08-10-2021 09:46:58.0105 A

################################################################################################################################################
Starting Execution:	[122 out of 144] test cases in the current suite
Test Method:		[testPackage01.Test_AssertApiResponseEquals.assertApiResponseEquals_expectedToPass]
################################################################################################################################################
[ReportManager] Response status code: [200], status line: [HTTP/1.1 200 OK] @08-10-2021 09:46:58.0162 AM
[ReportManager] Assertion Passed: Evaluating the actual response status code against the expected one... @08-10-2021 09:46:58.0163 AM
[ReportManager] Assertion [ValidateEquals] PASSED. Expected [200] and Actual [200]. Comparison Type [EQUALS]. Validation Type [POSITIVE]. @08-10-2021 09:46:58.0163 AM
[ReportManager] API Action [PerformRequest] successfully performed. With the following test data [Request Type: "GET" | Target Status Code: "200" | Service URL: "https://jsonplaceholder.typicode.com/users" | Content Type: "*/*" | Response Time: "48ms"]. @08-10-2021 09:46:58.0179 AM
[ReportManager] Successfully created attachment [API Request - Specifications] @08-10-2021 09:46:58.0179 AM
[ReportManager] Successfully created attachment [API Response - JSON Body] @08-10-2021 09:46:58.0179 AM
[ReportManager] API Action [GetResponseJSONValueAsList] successfully performed. With the following test data [$]. @08-10-2021 09:46:58.0182 AM
[ReportManager] API Action [GetResponseJSONValue] successfully performed. With the following test data [name]. @08-10-2021 09:46:58.0189 AM
[ReportManager] API Action [GetResponseJSONValue] successfully performed. With the following test data [email]. @08-10-2021 09:46:58.0197 AM
[ReportManager] Verification [ValidateEquals] PASSED. Expected [Sincere@april.biz] and Actual [Sincere@april.biz]. Comparison Type [EQUALS]. Validation Type [POSITIVE]. @08-10-2021 09:46:58.0198 AM
[ReportManager] API Action [GetResponseJSONValue] successfully performed. With the following test data [username]. @08-10-2021 09:46:58.0210 AM
[ReportManager] Assertion [ValidateEquals] PASSED. Expected [Bret] and Actual [Bret]. Comparison Type [EQUALS]. Validation Type [POSITIVE]. @08-10-2021 09:46:58.0210 AM
[ReportManager] API Action [GetResponseJSONValue] successfully performed. With the following test data [name]. @08-10-2021 09:46:58.0222 AM
[ReportManager] API Action [GetResponseJSONValue] successfully performed. With the following test data [name]. @08-10-2021 09:46:58.0229 AM
[ReportManager] API Action [GetResponseJSONValue] successfully performed. With the following test data [name]. @08-10-2021 09:46:58.0237 AM
[ReportManager] API Action [GetResponseJSONValue] successfully performed. With the following test data [name]. @08-10-2021 09:46:58.0251 AM
[ReportManager] API Action [GetResponseJSONValue] successfully performed. With the following test data [name]. @08-10-2021 09:46:58.0262 AM
[ReportManager] API Action [GetResponseJSONValue] successfully performed. With the following test data [name]. @08-10-2021 09:46:58.0302 AM
[ReportManager] API Action [GetResponseJSONValue] successfully performed. With the following test data [name]. @08-10-2021 09:46:58.0310 AM
[ReportManager] API Action [GetResponseJSONValue] successfully performed. With the following test data [name]. @08-10-2021 09:46:58.0317 AM
[ReportManager] API Action [GetResponseJSONValue] successfully performed. With the following test data [name]. @08-10-2021 09:46:58.0323 A
[ReportManager] File Action [GetAbsolutePath] successfully performed. With the following test data [Relative Folder Path: "target/downloadedFiles/"]. @08-10-2021 09:46:58.0325 AM
[ReportManager] Attempting to run remotely on: [Linux-64], [GoogleChrome], [http://localhost:4444/wd/hub], Headless Execution. @08-10-2021 09:46:58.0325 AM
[ReportManager] Successfully Opened [GoogleChrome]. @08-10-2021 09:46:58.0520 A

################################################################################################################################################
Starting Execution:	[123 out of 144] test cases in the current suite
Test Method:		[testPackage01.Test_IsElementClickable.testIsElementClickable]
################################################################################################################################################
[ReportManager] Target URL: [https://the-internet.herokuapp.com/] @08-10-2021 09:46:58.0531 AM
[ReportManager] Initial URL: [data:,] @08-10-2021 09:46:58.0563 AM
[ReportManager] Browser Action [NavigateToURL] successfully performed. With the following test data [https://the-internet.herokuapp.com/]. @08-10-2021 09:46:58.0847 AM
[ReportManager] Element Action [IsElementClickable] successfully performed. @08-10-2021 09:46:58.0957 AM
[ReportManager] Assertion [ValidateTrue] PASSED. Expected [TRUE] and Actual [TRUE]. Validation Type [POSITIVE]. @08-10-2021 09:46:58.0957 A
[ReportManager] Browser Action [CloseCurrentWindow] successfully performed. @08-10-2021 09:46:59.0050 AM
[ReportManager] Successfully created attachment [Browser Action Test Data - CloseCurrentWindow - Actual Value] @08-10-2021 09:46:59.0050 A

################################################################################################################################################
Starting Execution:	[124 out of 144] test cases in the current suite
Test Method:		[testPackage01.Test_JsonCompareWithSpecialCharacters.specialCharacters]
################################################################################################################################################
[ReportManager] File Action [GetAbsolutePath] successfully performed. With the following test data [Relative Folder Path: "src/test/resources/TestJsonFiles/specialCharacters.json"]. @08-10-2021 09:46:59.0057 AM
[ReportManager] File Action [ReadFromFile] successfully performed. With the following test data [File Path: "/home/runner/work/SHAFT_ENGINE/SHAFT_ENGINE/src/test/resources/TestJsonFiles/specialCharacters.json"]. @08-10-2021 09:46:59.0062 AM
[ReportManager] Successfully created attachment [File Action Actual Result - Command Log] @08-10-2021 09:46:59.0062 AM
[ReportManager] Comparing the provided API response with the file at this path "src/test/resources/TestJsonFiles/specialCharacters.json", comparison type "EQUALS" @08-10-2021 09:46:59.0062 AM
[ReportManager] API Action [CompareJSON] successfully performed. With the following test data [src/test/resources/TestJsonFiles/specialCharacters.json]. @08-10-2021 09:46:59.0069 AM
[ReportManager] File Action [GetAbsolutePath] successfully performed. With the following test data [Relative Folder Path: "src/test/resources/TestJsonFiles/specialCharacters.json"]. @08-10-2021 09:46:59.0069 AM
[ReportManager] File Action [ReadFromFile] successfully performed. With the following test data [File Path: "/home/runner/work/SHAFT_ENGINE/SHAFT_ENGINE/src/test/resources/TestJsonFiles/specialCharacters.json"]. @08-10-2021 09:46:59.0069 AM
[ReportManager] Verification [ValidateJSONFileContent] PASSED. Expected [Response data should match the JSON File in this path 'src/test/resources/TestJsonFiles/specialCharacters.json'] and Actual [TRUE]. Comparison Type [EQUALS]. Validation Type [POSITIVE]. @08-10-2021 09:46:59.0073 AM
[ReportManager] Successfully created attachment [Validation Test Data - Expected JSON Value] @08-10-2021 09:46:59.0074 AM
[ReportManager] Successfully created attachment [Validation Test Data - Actual JSON Value] @08-10-2021 09:46:59.0074 A

################################################################################################################################################
Starting Execution:	[125 out of 144] test cases in the current suite
Test Method:		[testPackage01.Test_JsonCompareWithSpecialCharacters.specialCharacters_assertion]
################################################################################################################################################
[ReportManager] File Action [GetAbsolutePath] successfully performed. With the following test data [Relative Folder Path: "src/test/resources/TestJsonFiles/specialCharacters.json"]. @08-10-2021 09:46:59.0081 AM
[ReportManager] File Action [ReadFromFile] successfully performed. With the following test data [File Path: "/home/runner/work/SHAFT_ENGINE/SHAFT_ENGINE/src/test/resources/TestJsonFiles/specialCharacters.json"]. @08-10-2021 09:46:59.0081 AM
[ReportManager] Successfully created attachment [File Action Actual Result - Command Log] @08-10-2021 09:46:59.0081 AM
[ReportManager] Comparing the provided API response with the file at this path "src/test/resources/TestJsonFiles/specialCharacters.json", comparison type "CONTAINS" @08-10-2021 09:46:59.0081 AM
[ReportManager] API Action [CompareJSON] successfully performed. With the following test data [src/test/resources/TestJsonFiles/specialCharacters.json]. @08-10-2021 09:46:59.0097 AM
[ReportManager] File Action [GetAbsolutePath] successfully performed. With the following test data [Relative Folder Path: "src/test/resources/TestJsonFiles/specialCharacters.json"]. @08-10-2021 09:46:59.0098 AM
[ReportManager] File Action [ReadFromFile] successfully performed. With the following test data [File Path: "/home/runner/work/SHAFT_ENGINE/SHAFT_ENGINE/src/test/resources/TestJsonFiles/specialCharacters.json"]. @08-10-2021 09:46:59.0098 AM
[ReportManager] Assertion Passed: trying out the log message @08-10-2021 09:46:59.0101 AM
[ReportManager] Successfully created attachment [Validation Test Data - Expected JSON Value] @08-10-2021 09:46:59.0101 AM
[ReportManager] Successfully created attachment [Validation Test Data - Actual JSON Value] @08-10-2021 09:46:59.0101 AM
[ReportManager] Assertion [ValidateJSONFileContent] PASSED. Expected [Response data should match the JSON File in this path 'src/test/resources/TestJsonFiles/specialCharacters.json'] and Actual [TRUE]. Comparison Type [CONTAINS]. Validation Type [POSITIVE]. @08-10-2021 09:46:59.0101 A
[ReportManager] File Action [GetAbsolutePath] successfully performed. With the following test data [Relative Folder Path: "target/downloadedFiles/"]. @08-10-2021 09:46:59.0106 AM
[ReportManager] Attempting to run remotely on: [Linux-64], [GoogleChrome], [http://localhost:4444/wd/hub], Headless Execution. @08-10-2021 09:46:59.0106 AM
[ReportManager] Successfully Opened [GoogleChrome]. @08-10-2021 09:46:59.0261 A

################################################################################################################################################
Starting Execution:	[126 out of 144] test cases in the current suite
Test Method:		[testPackage01.Test_assertEquals.test_assertElementAttribute]
################################################################################################################################################
[ReportManager] Target URL: [https://www.google.com/ncr], and after redirection: [https://www.google.com] @08-10-2021 09:46:59.0284 AM
[ReportManager] Initial URL: [data:,] @08-10-2021 09:46:59.0327 AM
[ReportManager] Browser Action [NavigateToURL] successfully performed. With the following test data [https://www.google.com/ncr]. @08-10-2021 09:47:00.0022 AM
[ReportManager] Element Action [Type] successfully performed. With the following test data [INC_004010050:Another SCHEDULER with the same name [Duplicate Job Name] already exists.]. @08-10-2021 09:47:00.0560 AM
[ReportManager] Element Action [GetText] successfully performed. With the following test data [INC_004010050:Another SCHEDULER with the same name [Duplicate Job Name] already exists.]. @08-10-2021 09:47:00.0636 AM
[ReportManager] Loaded Shared OpenCV @08-10-2021 09:47:00.0736 AM
[ReportManager] Assertion [ValidateElementAttribute] PASSED. Expected [Value Should be 'INC_004010050:Another SCHEDULER with the same name \[Duplicate Job Name\] already exists.' for the 'text' attribute, element locator 'By.name: q'] and Actual [INC_004010050:Another SCHEDULER with the same name [Duplicate Job Name] already exists.]. Comparison Type [MATCHES]. Validation Type [POSITIVE]. @08-10-2021 09:47:00.0811 AM
[ReportManager] Successfully created attachment [Screenshot - 1633686420736_test_assertElementAttribute_ValidateElementAttribute_passed] @08-10-2021 09:47:00.0812 A
[ReportManager] Browser Action [CloseCurrentWindow] successfully performed. @08-10-2021 09:47:00.0920 AM
[ReportManager] Successfully created attachment [Browser Action Test Data - CloseCurrentWindow - Actual Value] @08-10-2021 09:47:00.0922 A
[ReportManager] File Action [GetAbsolutePath] successfully performed. With the following test data [Relative Folder Path: "target/downloadedFiles/"]. @08-10-2021 09:47:00.0926 AM
[ReportManager] Attempting to run remotely on: [Linux-64], [GoogleChrome], [http://localhost:4444/wd/hub], Headless Execution. @08-10-2021 09:47:00.0926 AM
[ReportManager] Successfully Opened [GoogleChrome]. @08-10-2021 09:47:01.0086 A

################################################################################################################################################
Starting Execution:	[127 out of 144] test cases in the current suite
Test Method:		[testPackage01.Test_verifyEquals.test_assertElementAttribute]
################################################################################################################################################
[ReportManager] Target URL: [https://www.google.com/ncr], and after redirection: [https://www.google.com] @08-10-2021 09:47:01.0098 AM
[ReportManager] Initial URL: [data:,] @08-10-2021 09:47:01.0131 AM
[ReportManager] Browser Action [NavigateToURL] successfully performed. With the following test data [https://www.google.com/ncr]. @08-10-2021 09:47:01.0774 AM
[ReportManager] Element Action [Type] successfully performed. With the following test data [INC_004010050:Another SCHEDULER with the same name [Duplicate Job Name] already exists.]. @08-10-2021 09:47:02.0249 AM
[ReportManager] Element Action [GetText] successfully performed. With the following test data [INC_004010050:Another SCHEDULER with the same name [Duplicate Job Name] already exists.]. @08-10-2021 09:47:02.0319 AM
[ReportManager] Loaded Shared OpenCV @08-10-2021 09:47:02.0433 AM
[ReportManager] Verification [ValidateElementAttribute] PASSED. Expected [Value Should be 'INC_004010050:Another SCHEDULER with the same name \[Duplicate Job Name\] already exists.' for the 'text' attribute, element locator 'By.name: q'] and Actual [INC_004010050:Another SCHEDULER with the same name [Duplicate Job Name] already exists.]. Comparison Type [MATCHES]. Validation Type [POSITIVE]. @08-10-2021 09:47:02.0492 AM
[ReportManager] Successfully created attachment [Screenshot - 1633686422433_test_assertElementAttribute_ValidateElementAttribute_passed] @08-10-2021 09:47:02.0493 A
[ReportManager] Browser Action [CloseCurrentWindow] successfully performed. @08-10-2021 09:47:02.0611 AM
[ReportManager] Successfully created attachment [Browser Action Test Data - CloseCurrentWindow - Actual Value] @08-10-2021 09:47:02.0613 A

################################################################################################################################################
Starting Execution:	[128 out of 144] test cases in the current suite
Test Method:		[testPackage01.Test_JsonActions.f]
###############################################################################################################################################

################################################################################################################################################
Starting Execution:	[129 out of 144] test cases in the current suite
Test Method:		[testPackage01.Test_JsonActions.f2]
###############################################################################################################################################

################################################################################################################################################
Starting Execution:	[130 out of 144] test cases in the current suite
Test Method:		[testPackage01.Test_PDF.testPDF_Downloaded]
################################################################################################################################################
[ReportManager] File Action [DoesFileExist] successfully performed. With the following test data [File Path: "src/test/resources/TestDataFiles/sample.pdf"]. @08-10-2021 09:47:02.0651 AM
[ReportManager] File Action [GetAbsolutePath] successfully performed. With the following test data [Relative File Path: "src/test/resources/TestDataFiles/sample.pdf"]. @08-10-2021 09:47:02.0652 AM
[ReportManager] Assertion [ValidateTrue] PASSED. Expected [TRUE] and Actual [TRUE]. Validation Type [POSITIVE]. @08-10-2021 09:47:03.0277 A
[ReportManager] File Action [GetAbsolutePath] successfully performed. With the following test data [Relative Folder Path: "target/downloadedFiles/"]. @08-10-2021 09:47:03.0291 AM
[ReportManager] Attempting to run remotely on: [Linux-64], [GoogleChrome], [http://localhost:4444/wd/hub], Headless Execution. @08-10-2021 09:47:03.0291 AM
[ReportManager] Successfully Opened [GoogleChrome]. @08-10-2021 09:47:03.0456 A

################################################################################################################################################
Starting Execution:	[131 out of 144] test cases in the current suite
Test Method:		[testPackage01.Test_dragAndDrop.dragAndDropJquery]
################################################################################################################################################
[ReportManager] Target URL: [https://jqueryui.com/resources/demos/droppable/default.html] @08-10-2021 09:47:03.0469 AM
[ReportManager] Initial URL: [data:,] @08-10-2021 09:47:03.0501 AM
[ReportManager] Browser Action [NavigateToURL] successfully performed. With the following test data [https://jqueryui.com/resources/demos/droppable/default.html]. @08-10-2021 09:47:03.0768 AM
[ReportManager] Element Action [GetText] successfully performed. With the following test data [Drop here]. @08-10-2021 09:47:03.0828 AM
[ReportManager] Element Action [DragAndDrop] successfully performed. With the following test data [Start point: (8, 18), End point: (8, 18)]. @08-10-2021 09:47:05.0082 AM
[ReportManager] Element Action [GetText] successfully performed. With the following test data [Dropped!]. @08-10-2021 09:47:05.0138 AM
[ReportManager] Assertion Passed: Checking to see if the text has changed after performing drag and drop @08-10-2021 09:47:05.0138 AM
[ReportManager] Assertion [ValidateEquals] PASSED. Expected [Drop here] and Actual [Dropped!]. Comparison Type [EQUALS]. Validation Type [NEGATIVE]. @08-10-2021 09:47:05.0138 A
[ReportManager] Browser Action [CloseCurrentWindow] successfully performed. @08-10-2021 09:47:05.0244 AM
[ReportManager] Successfully created attachment [Browser Action Test Data - CloseCurrentWindow - Actual Value] @08-10-2021 09:47:05.0244 A
[ReportManager] File Action [GetAbsolutePath] successfully performed. With the following test data [Relative Folder Path: "target/downloadedFiles/"]. @08-10-2021 09:47:05.0251 AM
[ReportManager] Attempting to run remotely on: [Linux-64], [GoogleChrome], [http://localhost:4444/wd/hub], Headless Execution. @08-10-2021 09:47:05.0251 AM
[ReportManager] Successfully Opened [GoogleChrome]. @08-10-2021 09:47:05.0413 A

################################################################################################################################################
Starting Execution:	[132 out of 144] test cases in the current suite
Test Method:		[testPackage01.Test_dragAndDrop.dragAndDrop]
Test Description:	[TC001 - Test Drag and Drop function.]
################################################################################################################################################
[ReportManager] Target URL: [http://the-internet.herokuapp.com/drag_and_drop] @08-10-2021 09:47:05.0427 AM
[ReportManager] Initial URL: [data:,] @08-10-2021 09:47:05.0462 AM
[ReportManager] Browser Action [NavigateToURL] successfully performed. With the following test data [http://the-internet.herokuapp.com/drag_and_drop]. @08-10-2021 09:47:05.0734 AM
[ReportManager] Attempting Drag and Drop @08-10-2021 09:47:05.0735 AM
[ReportManager] Element Action [DragAndDrop] successfully performed. With the following test data [Start point: (32, 90), End point: (247, 90)]. @08-10-2021 09:47:06.0879 A
[ReportManager] Browser Action [CloseCurrentWindow] successfully performed. @08-10-2021 09:47:06.0964 AM
[ReportManager] Successfully created attachment [Browser Action Test Data - CloseCurrentWindow - Actual Value] @08-10-2021 09:47:06.0965 A
[ReportManager] File Action [GetAbsolutePath] successfully performed. With the following test data [Relative Folder Path: "target/downloadedFiles/"]. @08-10-2021 09:47:06.0966 AM
[ReportManager] Attempting to run remotely on: [Linux-64], [GoogleChrome], [http://localhost:4444/wd/hub], Headless Execution. @08-10-2021 09:47:06.0967 AM
[ReportManager] Successfully Opened [GoogleChrome]. @08-10-2021 09:47:07.0138 A

################################################################################################################################################
Starting Execution:	[133 out of 144] test cases in the current suite
Test Method:		[testPackage01.Test_dragAndDrop.dragAndDropByOffset]
Test Description:	[TC002 - Test Drag and Drop by offset function.]
################################################################################################################################################
[ReportManager] Target URL: [https://jqueryui.com/resources/demos/draggable/default.html] @08-10-2021 09:47:07.0149 AM
[ReportManager] Initial URL: [data:,] @08-10-2021 09:47:07.0182 AM
[ReportManager] Browser Action [NavigateToURL] successfully performed. With the following test data [https://jqueryui.com/resources/demos/draggable/default.html]. @08-10-2021 09:47:07.0429 AM
[ReportManager] Element Action [DragAndDropByOffset] successfully performed. With the following test data [Start point: (8, 8), End point: (108, 58)]. @08-10-2021 09:47:07.0553 A
[ReportManager] Browser Action [CloseCurrentWindow] successfully performed. @08-10-2021 09:47:07.0640 AM
[ReportManager] Successfully created attachment [Browser Action Test Data - CloseCurrentWindow - Actual Value] @08-10-2021 09:47:07.0640 A
[ReportManager] File Action [GetAbsolutePath] successfully performed. With the following test data [Relative Folder Path: "target/downloadedFiles/"]. @08-10-2021 09:47:07.0642 AM
[ReportManager] Attempting to run remotely on: [Linux-64], [GoogleChrome], [http://localhost:4444/wd/hub], Headless Execution. @08-10-2021 09:47:07.0642 AM
[ReportManager] Successfully Opened [GoogleChrome]. @08-10-2021 09:47:07.0804 A

################################################################################################################################################
Starting Execution:	[134 out of 144] test cases in the current suite
Test Method:		[testPackage01.Test_clipboardActions.typeTextAndCopyPaste]
################################################################################################################################################
[ReportManager] Target URL: [https://www.google.com/ncr], and after redirection: [https://www.google.com] @08-10-2021 09:47:07.0815 AM
[ReportManager] Initial URL: [data:,] @08-10-2021 09:47:07.0850 AM
[ReportManager] Browser Action [NavigateToURL] successfully performed. With the following test data [https://www.google.com/ncr]. @08-10-2021 09:47:08.0467 AM
[ReportManager] Element Action [Type] successfully performed. With the following test data [FIRST]. @08-10-2021 09:47:08.0736 AM
[ReportManager] Element Action [ClipboardActions] successfully performed. With the following test data [select all]. @08-10-2021 09:47:08.0782 AM
[ReportManager] Element Action [ClipboardActions] successfully performed. With the following test data [copy]. @08-10-2021 09:47:08.0819 AM
[ReportManager] Element Action [ClipboardActions] successfully performed. With the following test data [unselect]. @08-10-2021 09:47:08.0861 AM
[ReportManager] Element Action [ClipboardActions] successfully performed. With the following test data [paste]. @08-10-2021 09:47:08.0901 AM
[ReportManager] Element Action [ClipboardActions] successfully performed. With the following test data [select all]. @08-10-2021 09:47:08.0950 AM
[ReportManager] Element Action [Type] successfully performed. @08-10-2021 09:47:09.0103 AM
[ReportManager] Element Action [ClipboardActions] successfully performed. With the following test data [cut]. @08-10-2021 09:47:09.0103 AM
[ReportManager] Element Action [ClipboardActions] successfully performed. With the following test data [paste]. @08-10-2021 09:47:09.0153 AM
[ReportManager] Element Action [ClipboardActions] successfully performed. With the following test data [paste]. @08-10-2021 09:47:09.0199 A
[ReportManager] Browser Action [CloseCurrentWindow] successfully performed. @08-10-2021 09:47:09.0320 AM
[ReportManager] Successfully created attachment [Browser Action Test Data - CloseCurrentWindow - Actual Value] @08-10-2021 09:47:09.0321 A
[ReportManager] File Action [GetAbsolutePath] successfully performed. With the following test data [Relative Folder Path: "target/downloadedFiles/"]. @08-10-2021 09:47:09.0322 AM
[ReportManager] Attempting to run remotely on: [Linux-64], [GoogleChrome], [http://localhost:4444/wd/hub], Headless Execution. @08-10-2021 09:47:09.0322 AM
[ReportManager] Successfully Opened [GoogleChrome]. @08-10-2021 09:47:09.0490 A

################################################################################################################################################
Starting Execution:	[135 out of 144] test cases in the current suite
Test Method:		[testPackage01.Test_dynamicLoading.dynamicLoading_elementIsHidden]
################################################################################################################################################
[ReportManager] Target URL: [https://the-internet.herokuapp.com/dynamic_loading/1] @08-10-2021 09:47:09.0507 AM
[ReportManager] Initial URL: [data:,] @08-10-2021 09:47:09.0538 AM
[ReportManager] Browser Action [NavigateToURL] successfully performed. With the following test data [https://the-internet.herokuapp.com/dynamic_loading/1]. @08-10-2021 09:47:09.0803 AM
[ReportManager] Element Action [Click] successfully performed. With the following test data [Start]. @08-10-2021 09:47:10.0040 AM
[ReportManager] Element Action [GetText] successfully performed. With the following test data [
    Hello World!
  ]. @08-10-2021 09:47:10.0117 AM
[ReportManager] Loaded Shared OpenCV @08-10-2021 09:47:10.0231 AM
[ReportManager] Assertion [ValidateElementAttribute] PASSED. Expected [Value Should be 'Hello World!' for the 'text' attribute, element locator 'By.id: finish'] and Actual [
    Hello World!
  ]. Comparison Type [CONTAINS]. Validation Type [POSITIVE]. @08-10-2021 09:47:10.0303 AM
[ReportManager] Successfully created attachment [Screenshot - 1633686430231_dynamicLoading_elementIsHidden_ValidateElementAttribute_passed] @08-10-2021 09:47:10.0304 A
[ReportManager] Browser Action [CloseCurrentWindow] successfully performed. @08-10-2021 09:47:10.0388 AM
[ReportManager] Successfully created attachment [Browser Action Test Data - CloseCurrentWindow - Actual Value] @08-10-2021 09:47:10.0389 A
[ReportManager] File Action [GetAbsolutePath] successfully performed. With the following test data [Relative Folder Path: "target/downloadedFiles/"]. @08-10-2021 09:47:10.0390 AM
[ReportManager] Attempting to run remotely on: [Linux-64], [GoogleChrome], [http://localhost:4444/wd/hub], Headless Execution. @08-10-2021 09:47:10.0390 AM
[ReportManager] Successfully Opened [GoogleChrome]. @08-10-2021 09:47:10.0606 A

################################################################################################################################################
Starting Execution:	[136 out of 144] test cases in the current suite
Test Method:		[testPackage01.Test_dynamicLoading.dynamicLoading_elementIsRendered]
################################################################################################################################################
[ReportManager] Target URL: [https://the-internet.herokuapp.com/dynamic_loading/2] @08-10-2021 09:47:10.0620 AM
[ReportManager] Initial URL: [data:,] @08-10-2021 09:47:10.0656 AM
[ReportManager] Browser Action [NavigateToURL] successfully performed. With the following test data [https://the-internet.herokuapp.com/dynamic_loading/2]. @08-10-2021 09:47:10.0896 AM
[ReportManager] Element Action [Click] successfully performed. With the following test data [Start]. @08-10-2021 09:47:11.0138 AM
[ReportManager] Element Action [GetText] successfully performed. With the following test data [Hello World!]. @08-10-2021 09:47:16.0272 AM
[ReportManager] Loaded Shared OpenCV @08-10-2021 09:47:16.0379 AM
[ReportManager] Assertion [ValidateElementAttribute] PASSED. Expected [Value Should be 'Hello World!' for the 'text' attribute, element locator 'By.id: finish'] and Actual [Hello World!]. Comparison Type [CONTAINS]. Validation Type [POSITIVE]. @08-10-2021 09:47:16.0445 AM
[ReportManager] Successfully created attachment [Screenshot - 1633686436379_dynamicLoading_elementIsRendered_ValidateElementAttribute_passed] @08-10-2021 09:47:16.0445 A
[ReportManager] Browser Action [CloseCurrentWindow] successfully performed. @08-10-2021 09:47:16.0528 AM
[ReportManager] Successfully created attachment [Browser Action Test Data - CloseCurrentWindow - Actual Value] @08-10-2021 09:47:16.0528 A
[ReportManager] File Action [GetAbsolutePath] successfully performed. With the following test data [Relative Folder Path: "target/downloadedFiles/"]. @08-10-2021 09:47:16.0529 AM
[ReportManager] Attempting to run remotely on: [Linux-64], [GoogleChrome], [http://localhost:4444/wd/hub], Headless Execution. @08-10-2021 09:47:16.0530 AM
[ReportManager] Successfully Opened [GoogleChrome]. @08-10-2021 09:47:16.0689 A

################################################################################################################################################
Starting Execution:	[137 out of 144] test cases in the current suite
Test Method:		[testPackage01.Test_uploadFile.uploadFile_invisibleUploadInput]
################################################################################################################################################
[ReportManager] Target URL: [https://fineuploader.com/demos.html#gallery-view] @08-10-2021 09:47:16.0702 AM
[ReportManager] Initial URL: [data:,] @08-10-2021 09:47:16.0737 AM
[ReportManager] Browser Action [NavigateToURL] successfully performed. With the following test data [https://fineuploader.com/demos.html#gallery-view]. @08-10-2021 09:47:17.0973 AM
[ReportManager] File Action [GetAbsolutePath] successfully performed. With the following test data [Relative File Path: "src/main/resources/images/shaft.png"]. @08-10-2021 09:47:17.0973 AM
[ReportManager] Successfully created attachment [File Action Actual Result - Command Log] @08-10-2021 09:47:17.0974 AM
[ReportManager] Element Action [TypeFileLocationForUpload] successfully performed. With the following test data [/home/runner/work/SHAFT_ENGINE/SHAFT_ENGINE/src/main/resources/images/shaft.png]. @08-10-2021 09:47:18.0130 AM
[ReportManager] Attempting to getAttribute [src] from elementLocator [By.xpath: //div[@id='fine-uploader-gallery']//div[@class='qq-thumbnail-wrapper']/img]. @08-10-2021 09:47:18.0130 AM
[ReportManager] Element Action [GetAttribute] successfully performed. @08-10-2021 09:47:18.0215 AM
[ReportManager] Successfully created attachment [Element Action Test Data - GetAttribute - Actual Value] @08-10-2021 09:47:18.0216 AM
[ReportManager] Loaded Shared OpenCV @08-10-2021 09:47:18.0339 AM
[ReportManager] Assertion [ValidateElementAttribute] PASSED. Expected and Actual values are attached. Comparison Type [CONTAINS]. Validation Type [POSITIVE]. @08-10-2021 09:47:18.0402 AM
[ReportManager] Successfully created attachment [Validation Test Data - Expected Value] @08-10-2021 09:47:18.0402 AM
[ReportManager] Successfully created attachment [Validation Test Data - Actual Value] @08-10-2021 09:47:18.0402 AM
[ReportManager] Successfully created attachment [Screenshot - 1633686438339_uploadFile_invisibleUploadInput_ValidateElementAttribute_passed] @08-10-2021 09:47:18.0403 A
[ReportManager] Browser Action [CloseCurrentWindow] successfully performed. @08-10-2021 09:47:18.0521 AM
[ReportManager] Successfully created attachment [Browser Action Test Data - CloseCurrentWindow - Actual Value] @08-10-2021 09:47:18.0521 A
[ReportManager] File Action [GetAbsolutePath] successfully performed. With the following test data [Relative Folder Path: "target/downloadedFiles/"]. @08-10-2021 09:47:18.0524 AM
[ReportManager] Attempting to run remotely on: [Linux-64], [GoogleChrome], [http://localhost:4444/wd/hub], Headless Execution. @08-10-2021 09:47:18.0524 AM
[ReportManager] Successfully Opened [GoogleChrome]. @08-10-2021 09:47:18.0683 A

################################################################################################################################################
Starting Execution:	[138 out of 144] test cases in the current suite
Test Method:		[testPackage01.Test_uploadFile.uploadFile_visibleUploadInput]
################################################################################################################################################
[ReportManager] Target URL: [http://demo.guru99.com/test/upload/] @08-10-2021 09:47:18.0696 AM
[ReportManager] Initial URL: [data:,] @08-10-2021 09:47:18.0733 AM
[ReportManager] Browser Action [NavigateToURL] successfully performed. With the following test data [http://demo.guru99.com/test/upload/]. @08-10-2021 09:47:19.0676 AM
[ReportManager] File Action [GetAbsolutePath] successfully performed. With the following test data [Relative File Path: "src/main/resources/images/shaft.png"]. @08-10-2021 09:47:19.0676 AM
[ReportManager] Successfully created attachment [File Action Actual Result - Command Log] @08-10-2021 09:47:19.0676 AM
[ReportManager] Element Action [TypeFileLocationForUpload] successfully performed. With the following test data [/home/runner/work/SHAFT_ENGINE/SHAFT_ENGINE/src/main/resources/images/shaft.png]. @08-10-2021 09:47:19.0809 AM
[ReportManager] Element Action [Click] successfully performed. With the following test data [on]. @08-10-2021 09:47:20.0055 AM
[ReportManager] Element Action [Click] successfully performed. With the following test data [Submit File]. @08-10-2021 09:47:20.0299 AM
[ReportManager] Element Action [GetText] successfully performed. With the following test data [1 file
has been successfully uploaded.]. @08-10-2021 09:47:20.0910 AM
[ReportManager] Loaded Shared OpenCV @08-10-2021 09:47:21.0015 AM
[ReportManager] Assertion [ValidateElementAttribute] PASSED. Expected [Value Should be '1 file' for the 'Text' attribute, element locator 'By.id: res'] and Actual [1 file
has been successfully uploaded.]. Comparison Type [CONTAINS]. Validation Type [POSITIVE]. @08-10-2021 09:47:21.0073 AM
[ReportManager] Successfully created attachment [Screenshot - 1633686441015_uploadFile_visibleUploadInput_ValidateElementAttribute_passed] @08-10-2021 09:47:21.0073 A
[ReportManager] Browser Action [CloseCurrentWindow] successfully performed. @08-10-2021 09:47:21.0175 AM
[ReportManager] Successfully created attachment [Browser Action Test Data - CloseCurrentWindow - Actual Value] @08-10-2021 09:47:21.0176 A

################################################################################################################################################
Starting Execution:	[139 out of 144] test cases in the current suite
Test Method:		[testPackage01.Test_SelectedValue.multipleSelect]
################################################################################################################################################
[ReportManager] File Action [GetAbsolutePath] successfully performed. With the following test data [Relative Folder Path: "target/downloadedFiles/"]. @08-10-2021 09:47:21.0179 AM
[ReportManager] Attempting to run remotely on: [Linux-64], [GoogleChrome], [http://localhost:4444/wd/hub], Headless Execution. @08-10-2021 09:47:21.0179 AM
[ReportManager] Successfully Opened [GoogleChrome]. @08-10-2021 09:47:21.0349 AM
[ReportManager] Target URL: [https://yari-demos.prod.mdn.mozit.cloud/en-US/docs/Web/HTML/Element/select/_sample_.Advanced_select_with_multiple_features.html] @08-10-2021 09:47:21.0360 AM
[ReportManager] Initial URL: [data:,] @08-10-2021 09:47:21.0393 AM
[ReportManager] Browser Action [NavigateToURL] successfully performed. With the following test data [https://yari-demos.prod.mdn.mozit.cloud/en-US/docs/Web/HTML/Element/select/_sample_.Advanced_select_with_multiple_features.html]. @08-10-2021 09:47:21.0658 AM
[ReportManager] Element Action [Select] successfully performed. With the following test data [Dog]. @08-10-2021 09:47:21.0848 AM
[ReportManager] Element Action [Select] successfully performed. With the following test data [Cat]. @08-10-2021 09:47:22.0022 AM
[ReportManager] Element Action [GetSelectedText] successfully performed. With the following test data [DogCat]. @08-10-2021 09:47:22.0137 AM
[ReportManager] DogCat @08-10-2021 09:47:22.0137 AM
[ReportManager] Element Action [GetSelectedText] successfully performed. With the following test data [DogCat]. @08-10-2021 09:47:22.0235 AM
[ReportManager] Loaded Shared OpenCV @08-10-2021 09:47:22.0342 AM
[ReportManager] Assertion [ValidateElementAttribute] PASSED. Expected [Value Should be 'DogCat' for the 'selectedText' attribute, element locator 'By.tagName: select'] and Actual [DogCat]. Comparison Type [EQUALS]. Validation Type [POSITIVE]. @08-10-2021 09:47:22.0401 AM
[ReportManager] Successfully created attachment [Screenshot - 1633686442342_multipleSelect_ValidateElementAttribute_passed] @08-10-2021 09:47:22.0402 AM
[ReportManager] Browser Action [CloseCurrentWindow] successfully performed. @08-10-2021 09:47:22.0482 AM
[ReportManager] Successfully created attachment [Browser Action Test Data - CloseCurrentWindow - Actual Value] @08-10-2021 09:47:22.0483 A

################################################################################################################################################
Starting Execution:	[140 out of 144] test cases in the current suite
Test Method:		[testPackage01.Test_SelectedValue.simpleSelect]
################################################################################################################################################
[ReportManager] File Action [GetAbsolutePath] successfully performed. With the following test data [Relative Folder Path: "target/downloadedFiles/"]. @08-10-2021 09:47:22.0497 AM
[ReportManager] Attempting to run remotely on: [Linux-64], [GoogleChrome], [http://localhost:4444/wd/hub], Headless Execution. @08-10-2021 09:47:22.0497 AM
[ReportManager] Successfully Opened [GoogleChrome]. @08-10-2021 09:47:22.0732 AM
[ReportManager] Target URL: [https://yari-demos.prod.mdn.mozit.cloud/en-US/docs/Web/HTML/Element/select/_sample_.Basic_select.html] @08-10-2021 09:47:22.0743 AM
[ReportManager] Initial URL: [data:,] @08-10-2021 09:47:22.0780 AM
[ReportManager] Browser Action [NavigateToURL] successfully performed. With the following test data [https://yari-demos.prod.mdn.mozit.cloud/en-US/docs/Web/HTML/Element/select/_sample_.Basic_select.html]. @08-10-2021 09:47:22.0940 AM
[ReportManager] Element Action [Select] successfully performed. With the following test data [Third Value]. @08-10-2021 09:47:23.0179 AM
[ReportManager] Element Action [GetSelectedText] successfully performed. With the following test data [Third Value]. @08-10-2021 09:47:23.0262 AM
[ReportManager] Third Value @08-10-2021 09:47:23.0262 AM
[ReportManager] Element Action [GetSelectedText] successfully performed. With the following test data [Third Value]. @08-10-2021 09:47:23.0337 AM
[ReportManager] Loaded Shared OpenCV @08-10-2021 09:47:23.0437 AM
[ReportManager] Assertion [ValidateElementAttribute] PASSED. Expected [Value Should be 'Third Value' for the 'selectedText' attribute, element locator 'By.tagName: select'] and Actual [Third Value]. Comparison Type [EQUALS]. Validation Type [POSITIVE]. @08-10-2021 09:47:23.0488 AM
[ReportManager] Successfully created attachment [Screenshot - 1633686443437_simpleSelect_ValidateElementAttribute_passed] @08-10-2021 09:47:23.0488 AM
[ReportManager] Browser Action [CloseCurrentWindow] successfully performed. @08-10-2021 09:47:23.0569 AM
[ReportManager] Successfully created attachment [Browser Action Test Data - CloseCurrentWindow - Actual Value] @08-10-2021 09:47:23.0569 A

################################################################################################################################################
Starting Execution:	[141 out of 144] test cases in the current suite
Test Method:		[testPackage01.Test_JSONFileManager.readStringFromJson]
################################################################################################################################################
[ReportManager] Successfully loaded the following test data file [src/test/resources/TestDataFiles/simpleJSON.json]. @08-10-2021 09:47:23.0574 AM
[ReportManager] Successfully created attachment [Test Data - JSON] @08-10-2021 09:47:23.0574 AM
[ReportManager] Assertion [ValidateEquals] PASSED. Expected [Mohab Mohie] and Actual [Mohab Mohie]. Comparison Type [EQUALS]. Validation Type [POSITIVE]. @08-10-2021 09:47:23.0585 A
[ReportManager] Successfully loaded the following test data file [src/test/resources/TestDataFiles/testSuite01/TestData.xlsx]. @08-10-2021 09:47:23.0610 AM
[ReportManager] Successfully created attachment [Test Data - Excel] @08-10-2021 09:47:23.0610 AM
[ReportManager] Attempting to run using Playwright locally on: [Linux-64], [GoogleChrome], Headless Execution. @08-10-2021 09:47:34.0800 AM
[ReportManager] File Action [GetAbsolutePath] successfully performed. With the following test data [Relative Folder Path: "target/downloadedFiles/"]. @08-10-2021 09:47:34.0801 AM
[ReportManager] Initial window size: (1280, 720) @08-10-2021 09:47:35.0207 AM
[ReportManager] Window size after Toolkit: com.microsoft.playwright.options.ViewportSize@7b8ca59a @08-10-2021 09:47:35.0218 AM
[ReportManager] Browser Action [MaximizeWindow] successfully performed. With the following test data [New screen size is now: (1920, 1080)]. @08-10-2021 09:47:35.0219 A

################################################################################################################################################
Starting Execution:	[142 out of 144] test cases in the current suite
Test Method:		[testPackage01.Test_google_playwright.navigateToURLandVerifyGoogleLogoIsDisplayed]
Test Description:	[TC001 - Navigate to URL and Verify Google Logo is Displayed]
################################################################################################################################################
[ReportManager] Target URL: [https://www.google.com/ncr], and after redirection: [https://www.google.com] @08-10-2021 09:47:35.0222 AM
[ReportManager] Initial URL: [about:blank] @08-10-2021 09:47:35.0699 AM
[ReportManager] Browser Action [NavigateToURL] successfully performed. With the following test data [https://www.google.com/ncr]. @08-10-2021 09:47:38.0072 AM
[ReportManager] Loaded Shared OpenCV @08-10-2021 09:47:38.0241 AM
[ReportManager] Assertion [ValidateElementExists] PASSED. Expected [Element Should Exist, locator 'xpath=//*[@id='hplogo' or @alt='Google']'] and Actual [Element Exists]. Comparison Type [EQUALS]. Validation Type [POSITIVE]. @08-10-2021 09:47:38.0418 AM
[ReportManager] Successfully created attachment [Screenshot - 1633686458239_navigateToURLandVerifyGoogleLogoIsDisplayed_ValidateElementExists_passed] @08-10-2021 09:47:38.0419 A

################################################################################################################################################
Starting Execution:	[143 out of 144] test cases in the current suite
Test Method:		[testPackage01.Test_google_playwright.searchForQueryandAssertResultsNumDisplayed]
Test Description:	[TC002 - Search for Query and Assert that the number of results is displayed]
################################################################################################################################################
[ReportManager] Element Action [Type] successfully performed. With the following test data [SHAFT_Engine]. @08-10-2021 09:47:38.0570 AM
[ReportManager] Element Action [KeyPress] successfully performed. With the following test data [Enter]. @08-10-2021 09:47:38.0626 AM
[ReportManager] Element Action [GetText] successfully performed. With the following test data [About 896,000 results (0.66 seconds)]. @08-10-2021 09:47:40.0056 AM
[ReportManager] Loaded Shared OpenCV @08-10-2021 09:47:42.0040 AM
[ReportManager] Assertion [ValidateElementAttribute] PASSED. Expected [Value Should not be '' for the 'text' attribute, element locator 'xpath=//div[@id='appbar']'] and Actual [About 896,000 results (0.66 seconds)]. Comparison Type [EQUALS]. Validation Type [NEGATIVE]. @08-10-2021 09:47:42.0241 AM
[ReportManager] Successfully created attachment [Screenshot - 1633686462039_searchForQueryandAssertResultsNumDisplayed_ValidateElementAttribute_passed] @08-10-2021 09:47:42.0257 A

################################################################################################################################################
Starting Execution:	[144 out of 144] test cases in the current suite
Test Method:		[testPackage01.Test_google_playwright.clickNextThrice]
Test Description:	[TC003 - Clicks the next button to make sure that the framework can scroll element into view before clicking it]
################################################################################################################################################
[ReportManager] Element Action [Click] successfully performed. With the following test data [Next]. @08-10-2021 09:47:42.0479 A
[ReportManager] Failed to find video recording. @08-10-2021 09:47:42.0480 AM
[ReportManager] Successfully Closed PlayWright Driver. @08-10-2021 09:47:42.0519 A

################################################################################################################################################
Test Closure Activities
################################################################################################################################################
[ReportManager] Successfully created attachment [SHAFT Engine Logs - Execution log] @08-10-2021 09:47:42.0535 AM

################################################################################################################################################
This test run was powered by SHAFT Engine Version: [SHAFT Engine v5.3.20210902]
SHAFT Engine is licensed under the MIT License: [https://github.com/MohabMohie/SHAFT_ENGINE/blob/master/LICENSE].
################################################################################################################################################