################################################################################################################################################
Detected SHAFT Engine Version: [SHAFT Engine v5.4.20211025-BETA]
################################################################################################################################################

################################################################################################################################################
Starting Execution:	[1 out of 143] test cases in the current suite
Test Method:		[unitTests.tests_validations_assertions.assertComparativeRelation_greaterThanOrEquals_false_equals_expectedToFail]
################################################################################################################################################
[ReportManager] Assertion [ValidateComparativeRelation] FAILED. Expected [1] and Actual [1]. Comparison Type [GREATER_THAN_OR_EQUALS]. Validation Type [NEGATIVE]. @26-10-2021 01:49:14.0543 A

################################################################################################################################################
Starting Execution:	[2 out of 143] test cases in the current suite
Test Method:		[unitTests.tests_validations_assertions.assertComparativeRelation_greaterThanOrEquals_false_equals_expectedToPass]
################################################################################################################################################
[ReportManager] Assertion [ValidateComparativeRelation] PASSED. Expected [2] and Actual [1]. Comparison Type [GREATER_THAN_OR_EQUALS]. Validation Type [NEGATIVE]. @26-10-2021 01:49:14.0666 A

################################################################################################################################################
Starting Execution:	[3 out of 143] test cases in the current suite
Test Method:		[unitTests.tests_validations_assertions.assertComparativeRelation_greaterThanOrEquals_false_greaterThan_expectedToFail]
################################################################################################################################################
[ReportManager] Assertion [ValidateComparativeRelation] FAILED. Expected [1] and Actual [2]. Comparison Type [GREATER_THAN_OR_EQUALS]. Validation Type [NEGATIVE]. @26-10-2021 01:49:14.0675 A

################################################################################################################################################
Starting Execution:	[4 out of 143] test cases in the current suite
Test Method:		[unitTests.tests_validations_assertions.assertComparativeRelation_greaterThanOrEquals_false_greaterThan_expectedToPass]
################################################################################################################################################
[ReportManager] Assertion [ValidateComparativeRelation] PASSED. Expected [2] and Actual [1]. Comparison Type [GREATER_THAN_OR_EQUALS]. Validation Type [NEGATIVE]. @26-10-2021 01:49:14.0684 A

################################################################################################################################################
Starting Execution:	[5 out of 143] test cases in the current suite
Test Method:		[unitTests.tests_validations_assertions.assertComparativeRelation_greaterThanOrEquals_true_equals_expectedToFail]
################################################################################################################################################
[ReportManager] Assertion [ValidateComparativeRelation] FAILED. Expected [1] and Actual [0]. Comparison Type [GREATER_THAN_OR_EQUALS]. Validation Type [POSITIVE]. @26-10-2021 01:49:14.0694 A

################################################################################################################################################
Starting Execution:	[6 out of 143] test cases in the current suite
Test Method:		[unitTests.tests_validations_assertions.assertComparativeRelation_greaterThanOrEquals_true_equals_expectedToPass]
################################################################################################################################################
[ReportManager] Assertion [ValidateComparativeRelation] PASSED. Expected [1] and Actual [1]. Comparison Type [GREATER_THAN_OR_EQUALS]. Validation Type [POSITIVE]. @26-10-2021 01:49:14.0702 A

################################################################################################################################################
Starting Execution:	[7 out of 143] test cases in the current suite
Test Method:		[unitTests.tests_validations_assertions.assertComparativeRelation_greaterThanOrEquals_true_greaterThan_expectedToFail]
################################################################################################################################################
[ReportManager] Assertion [ValidateComparativeRelation] FAILED. Expected [2] and Actual [1]. Comparison Type [GREATER_THAN_OR_EQUALS]. Validation Type [POSITIVE]. @26-10-2021 01:49:14.0707 A

################################################################################################################################################
Starting Execution:	[8 out of 143] test cases in the current suite
Test Method:		[unitTests.tests_validations_assertions.assertComparativeRelation_greaterThanOrEquals_true_greaterThan_expectedToPass]
################################################################################################################################################
[ReportManager] Assertion [ValidateComparativeRelation] PASSED. Expected [1] and Actual [2]. Comparison Type [GREATER_THAN_OR_EQUALS]. Validation Type [POSITIVE]. @26-10-2021 01:49:14.0714 A
[ReportManager] File Action [GetAbsolutePath] successfully performed. With the following test data [Relative Folder Path: "target/downloadedFiles/"]. @26-10-2021 01:49:14.0725 AM
[ReportManager] Attempting to run remotely on: [Linux-64], [GoogleChrome], [http://localhost:4444/wd/hub], Headless Execution. @26-10-2021 01:49:14.0775 AM
[ReportManager] Successfully Opened [GoogleChrome]. @26-10-2021 01:49:19.0399 AM
[ReportManager] Target URL: [https://www.google.com/ncr], and after redirection: [www.google.com] @26-10-2021 01:49:19.0405 AM
[ReportManager] Initial URL: [data:,] @26-10-2021 01:49:19.0650 AM
[ReportManager] Browser Action [NavigateToURL] successfully performed. With the following test data [https://www.google.com/ncr]. @26-10-2021 01:49:20.0924 A

################################################################################################################################################
Starting Execution:	[9 out of 143] test cases in the current suite
Test Method:		[unitTests.tests_validations_assertions.assertElementAttribute_false_caseInsensitiveComparison_expectedToFail]
################################################################################################################################################
[ReportManager] Element Action [Type] successfully performed. With the following test data [AUTOMATION]. @26-10-2021 01:49:21.0693 AM
[ReportManager] Element Action [GetText] successfully performed. With the following test data [AUTOMATION]. @26-10-2021 01:49:21.0943 AM
[ReportManager] Loaded Shared OpenCV @26-10-2021 01:49:22.0662 AM
[ReportManager] Assertion [ValidateElementAttribute] FAILED. Expected [Value Should not be 'AutomaTion' for the 'text' attribute, element locator 'By.name: q'] and Actual [AUTOMATION]. Comparison Type [CASE_INSENSITIVE]. Validation Type [NEGATIVE]. @26-10-2021 01:49:22.0953 AM
[ReportManager] Successfully created attachment [Screenshot - 1635212962156_assertElementAttribute_false_caseInsensitiveComparison_expectedToFail_ValidateElementAttribute_failed] @26-10-2021 01:49:22.0974 A
[ReportManager] Browser Action [CloseCurrentWindow] successfully performed. @26-10-2021 01:49:23.0208 AM
[ReportManager] Successfully created attachment [Browser Action Test Data - CloseCurrentWindow - Actual Value] @26-10-2021 01:49:23.0213 A
[ReportManager] File Action [GetAbsolutePath] successfully performed. With the following test data [Relative Folder Path: "target/downloadedFiles/"]. @26-10-2021 01:49:23.0228 AM
[ReportManager] Attempting to run remotely on: [Linux-64], [GoogleChrome], [http://localhost:4444/wd/hub], Headless Execution. @26-10-2021 01:49:23.0229 AM
[ReportManager] Successfully Opened [GoogleChrome]. @26-10-2021 01:49:23.0687 AM
[ReportManager] Target URL: [https://www.google.com/ncr], and after redirection: [www.google.com] @26-10-2021 01:49:23.0687 AM
[ReportManager] Initial URL: [data:,] @26-10-2021 01:49:23.0785 AM
[ReportManager] Browser Action [NavigateToURL] successfully performed. With the following test data [https://www.google.com/ncr]. @26-10-2021 01:49:24.0646 A

################################################################################################################################################
Starting Execution:	[10 out of 143] test cases in the current suite
Test Method:		[unitTests.tests_validations_assertions.assertElementAttribute_false_caseInsensitiveComparison_expectedToPass]
################################################################################################################################################
[ReportManager] Element Action [Type] successfully performed. With the following test data [AUTOMATION]. @26-10-2021 01:49:25.0264 AM
[ReportManager] Element Action [GetText] successfully performed. With the following test data [AUTOMATION]. @26-10-2021 01:49:25.0469 AM
[ReportManager] Loaded Shared OpenCV @26-10-2021 01:49:25.0682 AM
[ReportManager] Assertion [ValidateElementAttribute] PASSED. Expected [Value Should not be 'AutomaTion123' for the 'text' attribute, element locator 'By.name: q'] and Actual [AUTOMATION]. Comparison Type [CASE_INSENSITIVE]. Validation Type [NEGATIVE]. @26-10-2021 01:49:25.0811 AM
[ReportManager] Successfully created attachment [Screenshot - 1635212965681_assertElementAttribute_false_caseInsensitiveComparison_expectedToPass_ValidateElementAttribute_passed] @26-10-2021 01:49:25.0816 A
[ReportManager] Browser Action [CloseCurrentWindow] successfully performed. @26-10-2021 01:49:25.0975 AM
[ReportManager] Successfully created attachment [Browser Action Test Data - CloseCurrentWindow - Actual Value] @26-10-2021 01:49:25.0980 A
[ReportManager] File Action [GetAbsolutePath] successfully performed. With the following test data [Relative Folder Path: "target/downloadedFiles/"]. @26-10-2021 01:49:25.0986 AM
[ReportManager] Attempting to run remotely on: [Linux-64], [GoogleChrome], [http://localhost:4444/wd/hub], Headless Execution. @26-10-2021 01:49:25.0987 AM
[ReportManager] Successfully Opened [GoogleChrome]. @26-10-2021 01:49:28.0669 AM
[ReportManager] Target URL: [https://www.google.com/ncr], and after redirection: [www.google.com] @26-10-2021 01:49:28.0669 AM
[ReportManager] Initial URL: [data:,] @26-10-2021 01:49:28.0773 AM
[ReportManager] Browser Action [NavigateToURL] successfully performed. With the following test data [https://www.google.com/ncr]. @26-10-2021 01:49:29.0634 A

################################################################################################################################################
Starting Execution:	[11 out of 143] test cases in the current suite
Test Method:		[unitTests.tests_validations_assertions.assertElementAttribute_false_containsComparison_expectedToFail]
################################################################################################################################################
[ReportManager] Element Action [Type] successfully performed. With the following test data [Automation123]. @26-10-2021 01:49:30.0293 AM
[ReportManager] Element Action [GetText] successfully performed. With the following test data [Automation123]. @26-10-2021 01:49:30.0555 AM
[ReportManager] Loaded Shared OpenCV @26-10-2021 01:49:30.0762 AM
[ReportManager] Assertion [ValidateElementAttribute] FAILED. Expected [Value Should not be 'Automation' for the 'text' attribute, element locator 'By.name: q'] and Actual [Automation123]. Comparison Type [CONTAINS]. Validation Type [NEGATIVE]. @26-10-2021 01:49:30.0838 AM
[ReportManager] Successfully created attachment [Screenshot - 1635212970762_assertElementAttribute_false_containsComparison_expectedToFail_ValidateElementAttribute_failed] @26-10-2021 01:49:30.0840 A
[ReportManager] Browser Action [CloseCurrentWindow] successfully performed. @26-10-2021 01:49:30.0989 AM
[ReportManager] Successfully created attachment [Browser Action Test Data - CloseCurrentWindow - Actual Value] @26-10-2021 01:49:30.0990 A
[ReportManager] File Action [GetAbsolutePath] successfully performed. With the following test data [Relative Folder Path: "target/downloadedFiles/"]. @26-10-2021 01:49:30.0996 AM
[ReportManager] Attempting to run remotely on: [Linux-64], [GoogleChrome], [http://localhost:4444/wd/hub], Headless Execution. @26-10-2021 01:49:30.0996 AM
[ReportManager] Successfully Opened [GoogleChrome]. @26-10-2021 01:49:33.0675 AM
[ReportManager] Target URL: [https://www.google.com/ncr], and after redirection: [www.google.com] @26-10-2021 01:49:33.0675 AM
[ReportManager] Initial URL: [data:,] @26-10-2021 01:49:33.0786 AM
[ReportManager] Browser Action [NavigateToURL] successfully performed. With the following test data [https://www.google.com/ncr]. @26-10-2021 01:49:34.0567 A

################################################################################################################################################
Starting Execution:	[12 out of 143] test cases in the current suite
Test Method:		[unitTests.tests_validations_assertions.assertElementAttribute_false_containsComparison_expectedToPass]
################################################################################################################################################
[ReportManager] Element Action [Type] successfully performed. With the following test data [Automation123]. @26-10-2021 01:49:35.0277 AM
[ReportManager] Element Action [GetText] successfully performed. With the following test data [Automation123]. @26-10-2021 01:49:35.0449 AM
[ReportManager] Loaded Shared OpenCV @26-10-2021 01:49:35.0659 AM
[ReportManager] Assertion [ValidateElementAttribute] PASSED. Expected [Value Should not be 'Automation1234' for the 'text' attribute, element locator 'By.name: q'] and Actual [Automation123]. Comparison Type [CONTAINS]. Validation Type [NEGATIVE]. @26-10-2021 01:49:35.0752 AM
[ReportManager] Successfully created attachment [Screenshot - 1635212975659_assertElementAttribute_false_containsComparison_expectedToPass_ValidateElementAttribute_passed] @26-10-2021 01:49:35.0754 A
[ReportManager] Browser Action [CloseCurrentWindow] successfully performed. @26-10-2021 01:49:35.0912 AM
[ReportManager] Successfully created attachment [Browser Action Test Data - CloseCurrentWindow - Actual Value] @26-10-2021 01:49:35.0914 A
[ReportManager] File Action [GetAbsolutePath] successfully performed. With the following test data [Relative Folder Path: "target/downloadedFiles/"]. @26-10-2021 01:49:35.0917 AM
[ReportManager] Attempting to run remotely on: [Linux-64], [GoogleChrome], [http://localhost:4444/wd/hub], Headless Execution. @26-10-2021 01:49:35.0917 AM
[ReportManager] Successfully Opened [GoogleChrome]. @26-10-2021 01:49:38.0656 AM
[ReportManager] Target URL: [https://www.google.com/ncr], and after redirection: [www.google.com] @26-10-2021 01:49:38.0657 AM
[ReportManager] Initial URL: [data:,] @26-10-2021 01:49:38.0722 AM
[ReportManager] Browser Action [NavigateToURL] successfully performed. With the following test data [https://www.google.com/ncr]. @26-10-2021 01:49:39.0457 A

################################################################################################################################################
Starting Execution:	[13 out of 143] test cases in the current suite
Test Method:		[unitTests.tests_validations_assertions.assertElementAttribute_false_literalComparison_expectedToFail]
################################################################################################################################################
[ReportManager] Element Action [Type] successfully performed. With the following test data [Automation!@#$%^&*()_+{}[]\';/.,]. @26-10-2021 01:49:40.0003 AM
[ReportManager] Element Action [GetText] successfully performed. With the following test data [Automation!@#$%^&*()_+{}[]\';/.,]. @26-10-2021 01:49:40.0163 AM
[ReportManager] Loaded Shared OpenCV @26-10-2021 01:49:40.0329 AM
[ReportManager] Assertion [ValidateElementAttribute] PASSED. Expected [Value Should not be 'Automation!@#$%^&*()_+{}[]\\';/.,' for the 'text' attribute, element locator 'By.name: q'] and Actual [Automation!@#$%^&*()_+{}[]\';/.,]. Comparison Type [EQUALS]. Validation Type [NEGATIVE]. @26-10-2021 01:49:40.0399 AM
[ReportManager] Successfully created attachment [Screenshot - 1635212980329_assertElementAttribute_false_literalComparison_expectedToFail_ValidateElementAttribute_passed] @26-10-2021 01:49:40.0401 A
[ReportManager] Browser Action [CloseCurrentWindow] successfully performed. @26-10-2021 01:49:40.0547 AM
[ReportManager] Successfully created attachment [Browser Action Test Data - CloseCurrentWindow - Actual Value] @26-10-2021 01:49:40.0548 A
[ReportManager] File Action [GetAbsolutePath] successfully performed. With the following test data [Relative Folder Path: "target/downloadedFiles/"]. @26-10-2021 01:49:40.0551 AM
[ReportManager] Attempting to run remotely on: [Linux-64], [GoogleChrome], [http://localhost:4444/wd/hub], Headless Execution. @26-10-2021 01:49:40.0551 AM
[ReportManager] Successfully Opened [GoogleChrome]. @26-10-2021 01:49:43.0668 AM
[ReportManager] Target URL: [https://www.google.com/ncr], and after redirection: [www.google.com] @26-10-2021 01:49:43.0668 AM
[ReportManager] Initial URL: [data:,] @26-10-2021 01:49:43.0770 AM
[ReportManager] Browser Action [NavigateToURL] successfully performed. With the following test data [https://www.google.com/ncr]. @26-10-2021 01:49:44.0455 A

################################################################################################################################################
Starting Execution:	[14 out of 143] test cases in the current suite
Test Method:		[unitTests.tests_validations_assertions.assertElementAttribute_false_literalComparison_expectedToPass]
################################################################################################################################################
[ReportManager] Element Action [Type] successfully performed. With the following test data [Automation!@#$%^&*()_+{}[]\';/.,]. @26-10-2021 01:49:45.0008 AM
[ReportManager] Element Action [GetText] successfully performed. With the following test data [Automation!@#$%^&*()_+{}[]\';/.,]. @26-10-2021 01:49:45.0189 AM
[ReportManager] Loaded Shared OpenCV @26-10-2021 01:49:45.0329 AM
[ReportManager] Assertion [ValidateElementAttribute] PASSED. Expected [Value Should not be 'Automation' for the 'text' attribute, element locator 'By.name: q'] and Actual [Automation!@#$%^&*()_+{}[]\';/.,]. Comparison Type [EQUALS]. Validation Type [NEGATIVE]. @26-10-2021 01:49:45.0399 AM
[ReportManager] Successfully created attachment [Screenshot - 1635212985329_assertElementAttribute_false_literalComparison_expectedToPass_ValidateElementAttribute_passed] @26-10-2021 01:49:45.0400 A
[ReportManager] Browser Action [CloseCurrentWindow] successfully performed. @26-10-2021 01:49:45.0557 AM
[ReportManager] Successfully created attachment [Browser Action Test Data - CloseCurrentWindow - Actual Value] @26-10-2021 01:49:45.0559 A
[ReportManager] File Action [GetAbsolutePath] successfully performed. With the following test data [Relative Folder Path: "target/downloadedFiles/"]. @26-10-2021 01:49:45.0563 AM
[ReportManager] Attempting to run remotely on: [Linux-64], [GoogleChrome], [http://localhost:4444/wd/hub], Headless Execution. @26-10-2021 01:49:45.0564 AM
[ReportManager] Successfully Opened [GoogleChrome]. @26-10-2021 01:49:48.0640 AM
[ReportManager] Target URL: [https://www.google.com/ncr], and after redirection: [www.google.com] @26-10-2021 01:49:48.0640 AM
[ReportManager] Initial URL: [data:,] @26-10-2021 01:49:48.0723 AM
[ReportManager] Browser Action [NavigateToURL] successfully performed. With the following test data [https://www.google.com/ncr]. @26-10-2021 01:49:49.0390 A

################################################################################################################################################
Starting Execution:	[15 out of 143] test cases in the current suite
Test Method:		[unitTests.tests_validations_assertions.assertElementAttribute_false_regexComparison_expectedToFail]
################################################################################################################################################
[ReportManager] Element Action [Type] successfully performed. With the following test data [Automation123]. @26-10-2021 01:49:49.0824 AM
[ReportManager] Element Action [GetText] successfully performed. With the following test data [Automation123]. @26-10-2021 01:49:49.0956 AM
[ReportManager] Loaded Shared OpenCV @26-10-2021 01:49:50.0107 AM
[ReportManager] Assertion [ValidateElementAttribute] FAILED. Expected [Value Should not be 'Automation.*' for the 'text' attribute, element locator 'By.name: q'] and Actual [Automation123]. Comparison Type [MATCHES]. Validation Type [NEGATIVE]. @26-10-2021 01:49:50.0175 AM
[ReportManager] Successfully created attachment [Screenshot - 1635212990107_assertElementAttribute_false_regexComparison_expectedToFail_ValidateElementAttribute_failed] @26-10-2021 01:49:50.0176 A
[ReportManager] Browser Action [CloseCurrentWindow] successfully performed. @26-10-2021 01:49:50.0335 AM
[ReportManager] Successfully created attachment [Browser Action Test Data - CloseCurrentWindow - Actual Value] @26-10-2021 01:49:50.0336 A
[ReportManager] File Action [GetAbsolutePath] successfully performed. With the following test data [Relative Folder Path: "target/downloadedFiles/"]. @26-10-2021 01:49:50.0339 AM
[ReportManager] Attempting to run remotely on: [Linux-64], [GoogleChrome], [http://localhost:4444/wd/hub], Headless Execution. @26-10-2021 01:49:50.0339 AM
[ReportManager] Successfully Opened [GoogleChrome]. @26-10-2021 01:49:53.0630 AM
[ReportManager] Target URL: [https://www.google.com/ncr], and after redirection: [www.google.com] @26-10-2021 01:49:53.0630 AM
[ReportManager] Initial URL: [data:,] @26-10-2021 01:49:53.0695 AM
[ReportManager] Browser Action [NavigateToURL] successfully performed. With the following test data [https://www.google.com/ncr]. @26-10-2021 01:49:54.0369 A

################################################################################################################################################
Starting Execution:	[16 out of 143] test cases in the current suite
Test Method:		[unitTests.tests_validations_assertions.assertElementAttribute_false_regexComparison_expectedToPass]
################################################################################################################################################
[ReportManager] Element Action [Type] successfully performed. With the following test data [Automation123]. @26-10-2021 01:49:54.0853 AM
[ReportManager] Element Action [GetText] successfully performed. With the following test data [Automation123]. @26-10-2021 01:49:55.0000 AM
[ReportManager] Loaded Shared OpenCV @26-10-2021 01:49:55.0139 AM
[ReportManager] Assertion [ValidateElementAttribute] PASSED. Expected [Value Should not be 'Automation' for the 'text' attribute, element locator 'By.name: q'] and Actual [Automation123]. Comparison Type [MATCHES]. Validation Type [NEGATIVE]. @26-10-2021 01:49:55.0208 AM
[ReportManager] Successfully created attachment [Screenshot - 1635212995139_assertElementAttribute_false_regexComparison_expectedToPass_ValidateElementAttribute_passed] @26-10-2021 01:49:55.0209 A
[ReportManager] Browser Action [CloseCurrentWindow] successfully performed. @26-10-2021 01:49:55.0351 AM
[ReportManager] Successfully created attachment [Browser Action Test Data - CloseCurrentWindow - Actual Value] @26-10-2021 01:49:55.0352 A
[ReportManager] File Action [GetAbsolutePath] successfully performed. With the following test data [Relative Folder Path: "target/downloadedFiles/"]. @26-10-2021 01:49:55.0364 AM
[ReportManager] Attempting to run remotely on: [Linux-64], [GoogleChrome], [http://localhost:4444/wd/hub], Headless Execution. @26-10-2021 01:49:55.0364 AM
[ReportManager] Successfully Opened [GoogleChrome]. @26-10-2021 01:49:58.0626 AM
[ReportManager] Target URL: [https://www.google.com/ncr], and after redirection: [www.google.com] @26-10-2021 01:49:58.0626 AM
[ReportManager] Initial URL: [data:,] @26-10-2021 01:49:58.0742 AM
[ReportManager] Browser Action [NavigateToURL] successfully performed. With the following test data [https://www.google.com/ncr]. @26-10-2021 01:49:59.0413 A

################################################################################################################################################
Starting Execution:	[17 out of 143] test cases in the current suite
Test Method:		[unitTests.tests_validations_assertions.assertElementAttribute_true_caseInsensitiveComparison_expectedToFail]
################################################################################################################################################
[ReportManager] Element Action [Type] successfully performed. With the following test data [AUTOMATION]. @26-10-2021 01:49:59.0854 AM
[ReportManager] Element Action [GetText] successfully performed. With the following test data [AUTOMATION]. @26-10-2021 01:49:59.0997 AM
[ReportManager] Loaded Shared OpenCV @26-10-2021 01:50:00.0155 AM
[ReportManager] Assertion [ValidateElementAttribute] FAILED. Expected [Value Should be 'AutomaTion123' for the 'text' attribute, element locator 'By.name: q'] and Actual [AUTOMATION]. Comparison Type [CASE_INSENSITIVE]. Validation Type [POSITIVE]. @26-10-2021 01:50:00.0258 AM
[ReportManager] Successfully created attachment [Screenshot - 1635213000155_assertElementAttribute_true_caseInsensitiveComparison_expectedToFail_ValidateElementAttribute_failed] @26-10-2021 01:50:00.0259 A
[ReportManager] Browser Action [CloseCurrentWindow] successfully performed. @26-10-2021 01:50:00.0453 AM
[ReportManager] Successfully created attachment [Browser Action Test Data - CloseCurrentWindow - Actual Value] @26-10-2021 01:50:00.0454 A
[ReportManager] File Action [GetAbsolutePath] successfully performed. With the following test data [Relative Folder Path: "target/downloadedFiles/"]. @26-10-2021 01:50:00.0457 AM
[ReportManager] Attempting to run remotely on: [Linux-64], [GoogleChrome], [http://localhost:4444/wd/hub], Headless Execution. @26-10-2021 01:50:00.0457 AM
[ReportManager] Successfully Opened [GoogleChrome]. @26-10-2021 01:50:03.0626 AM
[ReportManager] Target URL: [https://www.google.com/ncr], and after redirection: [www.google.com] @26-10-2021 01:50:03.0626 AM
[ReportManager] Initial URL: [data:,] @26-10-2021 01:50:03.0704 AM
[ReportManager] Browser Action [NavigateToURL] successfully performed. With the following test data [https://www.google.com/ncr]. @26-10-2021 01:50:04.0343 A

################################################################################################################################################
Starting Execution:	[18 out of 143] test cases in the current suite
Test Method:		[unitTests.tests_validations_assertions.assertElementAttribute_true_caseInsensitiveComparison_expectedToPass]
################################################################################################################################################
[ReportManager] Element Action [Type] successfully performed. With the following test data [AUTOMATION]. @26-10-2021 01:50:04.0787 AM
[ReportManager] Element Action [GetText] successfully performed. With the following test data [AUTOMATION]. @26-10-2021 01:50:04.0935 AM
[ReportManager] Loaded Shared OpenCV @26-10-2021 01:50:05.0074 AM
[ReportManager] Assertion [ValidateElementAttribute] PASSED. Expected [Value Should be 'AutomaTion' for the 'text' attribute, element locator 'By.name: q'] and Actual [AUTOMATION]. Comparison Type [CASE_INSENSITIVE]. Validation Type [POSITIVE]. @26-10-2021 01:50:05.0146 AM
[ReportManager] Successfully created attachment [Screenshot - 1635213005074_assertElementAttribute_true_caseInsensitiveComparison_expectedToPass_ValidateElementAttribute_passed] @26-10-2021 01:50:05.0147 A
[ReportManager] Browser Action [CloseCurrentWindow] successfully performed. @26-10-2021 01:50:05.0295 AM
[ReportManager] Successfully created attachment [Browser Action Test Data - CloseCurrentWindow - Actual Value] @26-10-2021 01:50:05.0296 A
[ReportManager] File Action [GetAbsolutePath] successfully performed. With the following test data [Relative Folder Path: "target/downloadedFiles/"]. @26-10-2021 01:50:05.0299 AM
[ReportManager] Attempting to run remotely on: [Linux-64], [GoogleChrome], [http://localhost:4444/wd/hub], Headless Execution. @26-10-2021 01:50:05.0300 AM
[ReportManager] Successfully Opened [GoogleChrome]. @26-10-2021 01:50:08.0636 AM
[ReportManager] Target URL: [https://www.google.com/ncr], and after redirection: [www.google.com] @26-10-2021 01:50:08.0636 AM
[ReportManager] Initial URL: [data:,] @26-10-2021 01:50:08.0755 AM
[ReportManager] Browser Action [NavigateToURL] successfully performed. With the following test data [https://www.google.com/ncr]. @26-10-2021 01:50:09.0397 A

################################################################################################################################################
Starting Execution:	[19 out of 143] test cases in the current suite
Test Method:		[unitTests.tests_validations_assertions.assertElementAttribute_true_containsComparison_expectedToFail]
################################################################################################################################################
[ReportManager] Element Action [Type] successfully performed. With the following test data [Automation123]. @26-10-2021 01:50:09.0866 AM
[ReportManager] Element Action [GetText] successfully performed. With the following test data [Automation123]. @26-10-2021 01:50:10.0023 AM
[ReportManager] Loaded Shared OpenCV @26-10-2021 01:50:10.0155 AM
[ReportManager] Assertion [ValidateElementAttribute] FAILED. Expected [Value Should be 'Automation1234' for the 'text' attribute, element locator 'By.name: q'] and Actual [Automation123]. Comparison Type [CONTAINS]. Validation Type [POSITIVE]. @26-10-2021 01:50:10.0222 AM
[ReportManager] Successfully created attachment [Screenshot - 1635213010155_assertElementAttribute_true_containsComparison_expectedToFail_ValidateElementAttribute_failed] @26-10-2021 01:50:10.0223 A
[ReportManager] Browser Action [CloseCurrentWindow] successfully performed. @26-10-2021 01:50:10.0368 AM
[ReportManager] Successfully created attachment [Browser Action Test Data - CloseCurrentWindow - Actual Value] @26-10-2021 01:50:10.0369 A
[ReportManager] File Action [GetAbsolutePath] successfully performed. With the following test data [Relative Folder Path: "target/downloadedFiles/"]. @26-10-2021 01:50:10.0372 AM
[ReportManager] Attempting to run remotely on: [Linux-64], [GoogleChrome], [http://localhost:4444/wd/hub], Headless Execution. @26-10-2021 01:50:10.0372 AM
[ReportManager] Successfully Opened [GoogleChrome]. @26-10-2021 01:50:13.0622 AM
[ReportManager] Target URL: [https://www.google.com/ncr], and after redirection: [www.google.com] @26-10-2021 01:50:13.0622 AM
[ReportManager] Initial URL: [data:,] @26-10-2021 01:50:13.0668 AM
[ReportManager] Browser Action [NavigateToURL] successfully performed. With the following test data [https://www.google.com/ncr]. @26-10-2021 01:50:14.0439 A

################################################################################################################################################
Starting Execution:	[20 out of 143] test cases in the current suite
Test Method:		[unitTests.tests_validations_assertions.assertElementAttribute_true_containsComparison_expectedToPass]
################################################################################################################################################
[ReportManager] Element Action [Type] successfully performed. With the following test data [Automation123]. @26-10-2021 01:50:14.0845 AM
[ReportManager] Element Action [GetText] successfully performed. With the following test data [Automation123]. @26-10-2021 01:50:14.0992 AM
[ReportManager] Loaded Shared OpenCV @26-10-2021 01:50:15.0139 AM
[ReportManager] Assertion [ValidateElementAttribute] PASSED. Expected [Value Should be 'Automation' for the 'text' attribute, element locator 'By.name: q'] and Actual [Automation123]. Comparison Type [CONTAINS]. Validation Type [POSITIVE]. @26-10-2021 01:50:15.0207 AM
[ReportManager] Successfully created attachment [Screenshot - 1635213015139_assertElementAttribute_true_containsComparison_expectedToPass_ValidateElementAttribute_passed] @26-10-2021 01:50:15.0208 A
[ReportManager] Browser Action [CloseCurrentWindow] successfully performed. @26-10-2021 01:50:15.0369 AM
[ReportManager] Successfully created attachment [Browser Action Test Data - CloseCurrentWindow - Actual Value] @26-10-2021 01:50:15.0370 A
[ReportManager] File Action [GetAbsolutePath] successfully performed. With the following test data [Relative Folder Path: "target/downloadedFiles/"]. @26-10-2021 01:50:15.0373 AM
[ReportManager] Attempting to run remotely on: [Linux-64], [GoogleChrome], [http://localhost:4444/wd/hub], Headless Execution. @26-10-2021 01:50:15.0373 AM
[ReportManager] Successfully Opened [GoogleChrome]. @26-10-2021 01:50:18.0634 AM
[ReportManager] Target URL: [https://www.google.com/ncr], and after redirection: [www.google.com] @26-10-2021 01:50:18.0634 AM
[ReportManager] Initial URL: [data:,] @26-10-2021 01:50:18.0681 AM
[ReportManager] Browser Action [NavigateToURL] successfully performed. With the following test data [https://www.google.com/ncr]. @26-10-2021 01:50:19.0357 A

################################################################################################################################################
Starting Execution:	[21 out of 143] test cases in the current suite
Test Method:		[unitTests.tests_validations_assertions.assertElementAttribute_true_literalComparison_expectedToFail]
################################################################################################################################################
[ReportManager] Element Action [Type] successfully performed. With the following test data [Automation!@#$%^&*()_+{}[]\';/.,]. @26-10-2021 01:50:19.0889 AM
[ReportManager] Element Action [GetText] successfully performed. With the following test data [Automation!@#$%^&*()_+{}[]\';/.,]. @26-10-2021 01:50:20.0016 AM
[ReportManager] Loaded Shared OpenCV @26-10-2021 01:50:20.0166 AM
[ReportManager] Assertion [ValidateElementAttribute] FAILED. Expected [Value Should be 'Automation' for the 'text' attribute, element locator 'By.name: q'] and Actual [Automation!@#$%^&*()_+{}[]\';/.,]. Comparison Type [EQUALS]. Validation Type [POSITIVE]. @26-10-2021 01:50:20.0247 AM
[ReportManager] Successfully created attachment [Screenshot - 1635213020165_assertElementAttribute_true_literalComparison_expectedToFail_ValidateElementAttribute_failed] @26-10-2021 01:50:20.0248 A
[ReportManager] Browser Action [CloseCurrentWindow] successfully performed. @26-10-2021 01:50:20.0375 AM
[ReportManager] Successfully created attachment [Browser Action Test Data - CloseCurrentWindow - Actual Value] @26-10-2021 01:50:20.0376 A
[ReportManager] File Action [GetAbsolutePath] successfully performed. With the following test data [Relative Folder Path: "target/downloadedFiles/"]. @26-10-2021 01:50:20.0378 AM
[ReportManager] Attempting to run remotely on: [Linux-64], [GoogleChrome], [http://localhost:4444/wd/hub], Headless Execution. @26-10-2021 01:50:20.0379 AM
[ReportManager] Successfully Opened [GoogleChrome]. @26-10-2021 01:50:23.0640 AM
[ReportManager] Target URL: [https://www.google.com/ncr], and after redirection: [www.google.com] @26-10-2021 01:50:23.0640 AM
[ReportManager] Initial URL: [data:,] @26-10-2021 01:50:23.0705 AM
[ReportManager] Browser Action [NavigateToURL] successfully performed. With the following test data [https://www.google.com/ncr]. @26-10-2021 01:50:24.0395 A

################################################################################################################################################
Starting Execution:	[22 out of 143] test cases in the current suite
Test Method:		[unitTests.tests_validations_assertions.assertElementAttribute_true_literalComparison_expectedToPass]
################################################################################################################################################
[ReportManager] Element Action [Type] successfully performed. With the following test data [Automation!@#$%^&*()_+{}[]\';/.,]. @26-10-2021 01:50:25.0072 AM
[ReportManager] Element Action [GetText] successfully performed. With the following test data [Automation!@#$%^&*()_+{}[]\';/.,]. @26-10-2021 01:50:25.0189 AM
[ReportManager] Loaded Shared OpenCV @26-10-2021 01:50:25.0373 AM
[ReportManager] Assertion [ValidateElementAttribute] PASSED. Expected [Value Should be 'Automation!@#$%^&*()_+{}[]\';/.,' for the 'text' attribute, element locator 'By.name: q'] and Actual [Automation!@#$%^&*()_+{}[]\';/.,]. Comparison Type [EQUALS]. Validation Type [POSITIVE]. @26-10-2021 01:50:25.0442 AM
[ReportManager] Successfully created attachment [Screenshot - 1635213025373_assertElementAttribute_true_literalComparison_expectedToPass_ValidateElementAttribute_passed] @26-10-2021 01:50:25.0443 A
[ReportManager] Browser Action [CloseCurrentWindow] successfully performed. @26-10-2021 01:50:25.0568 AM
[ReportManager] Successfully created attachment [Browser Action Test Data - CloseCurrentWindow - Actual Value] @26-10-2021 01:50:25.0569 A
[ReportManager] File Action [GetAbsolutePath] successfully performed. With the following test data [Relative Folder Path: "target/downloadedFiles/"]. @26-10-2021 01:50:25.0571 AM
[ReportManager] Attempting to run remotely on: [Linux-64], [GoogleChrome], [http://localhost:4444/wd/hub], Headless Execution. @26-10-2021 01:50:25.0572 AM
[ReportManager] Successfully Opened [GoogleChrome]. @26-10-2021 01:50:28.0637 AM
[ReportManager] Target URL: [https://www.google.com/ncr], and after redirection: [www.google.com] @26-10-2021 01:50:28.0637 AM
[ReportManager] Initial URL: [data:,] @26-10-2021 01:50:28.0692 AM
[ReportManager] Browser Action [NavigateToURL] successfully performed. With the following test data [https://www.google.com/ncr]. @26-10-2021 01:50:29.0329 A

################################################################################################################################################
Starting Execution:	[23 out of 143] test cases in the current suite
Test Method:		[unitTests.tests_validations_assertions.assertElementAttribute_true_regexComparison_expectedToFail]
################################################################################################################################################
[ReportManager] Element Action [Type] successfully performed. With the following test data [Automation123]. @26-10-2021 01:50:29.0719 AM
[ReportManager] Element Action [GetText] successfully performed. With the following test data [Automation123]. @26-10-2021 01:50:29.0842 AM
[ReportManager] Loaded Shared OpenCV @26-10-2021 01:50:29.0986 AM
[ReportManager] Assertion [ValidateElementAttribute] FAILED. Expected [Value Should be 'Automation' for the 'text' attribute, element locator 'By.name: q'] and Actual [Automation123]. Comparison Type [MATCHES]. Validation Type [POSITIVE]. @26-10-2021 01:50:30.0051 AM
[ReportManager] Successfully created attachment [Screenshot - 1635213029986_assertElementAttribute_true_regexComparison_expectedToFail_ValidateElementAttribute_failed] @26-10-2021 01:50:30.0052 A
[ReportManager] Browser Action [CloseCurrentWindow] successfully performed. @26-10-2021 01:50:30.0181 AM
[ReportManager] Successfully created attachment [Browser Action Test Data - CloseCurrentWindow - Actual Value] @26-10-2021 01:50:30.0182 A
[ReportManager] File Action [GetAbsolutePath] successfully performed. With the following test data [Relative Folder Path: "target/downloadedFiles/"]. @26-10-2021 01:50:30.0185 AM
[ReportManager] Attempting to run remotely on: [Linux-64], [GoogleChrome], [http://localhost:4444/wd/hub], Headless Execution. @26-10-2021 01:50:30.0185 AM
[ReportManager] Successfully Opened [GoogleChrome]. @26-10-2021 01:50:33.0643 AM
[ReportManager] Target URL: [https://www.google.com/ncr], and after redirection: [www.google.com] @26-10-2021 01:50:33.0643 AM
[ReportManager] Initial URL: [data:,] @26-10-2021 01:50:33.0716 AM
[ReportManager] Browser Action [NavigateToURL] successfully performed. With the following test data [https://www.google.com/ncr]. @26-10-2021 01:50:34.0464 A

################################################################################################################################################
Starting Execution:	[24 out of 143] test cases in the current suite
Test Method:		[unitTests.tests_validations_assertions.assertElementAttribute_true_regexComparison_expectedToPass]
################################################################################################################################################
[ReportManager] Element Action [Type] successfully performed. With the following test data [Automation123]. @26-10-2021 01:50:34.0962 AM
[ReportManager] Element Action [GetText] successfully performed. With the following test data [Automation123]. @26-10-2021 01:50:35.0081 AM
[ReportManager] Loaded Shared OpenCV @26-10-2021 01:50:35.0222 AM
[ReportManager] Assertion [ValidateElementAttribute] PASSED. Expected [Value Should be 'Automation.*' for the 'text' attribute, element locator 'By.name: q'] and Actual [Automation123]. Comparison Type [MATCHES]. Validation Type [POSITIVE]. @26-10-2021 01:50:35.0287 AM
[ReportManager] Successfully created attachment [Screenshot - 1635213035222_assertElementAttribute_true_regexComparison_expectedToPass_ValidateElementAttribute_passed] @26-10-2021 01:50:35.0289 A
[ReportManager] Browser Action [CloseCurrentWindow] successfully performed. @26-10-2021 01:50:35.0444 AM
[ReportManager] Successfully created attachment [Browser Action Test Data - CloseCurrentWindow - Actual Value] @26-10-2021 01:50:35.0445 A
[ReportManager] File Action [GetAbsolutePath] successfully performed. With the following test data [Relative Folder Path: "target/downloadedFiles/"]. @26-10-2021 01:50:35.0448 AM
[ReportManager] Attempting to run remotely on: [Linux-64], [GoogleChrome], [http://localhost:4444/wd/hub], Headless Execution. @26-10-2021 01:50:35.0449 AM
[ReportManager] Successfully Opened [GoogleChrome]. @26-10-2021 01:50:38.0628 AM
[ReportManager] Target URL: [https://www.google.com/ncr], and after redirection: [www.google.com] @26-10-2021 01:50:38.0628 AM
[ReportManager] Initial URL: [data:,] @26-10-2021 01:50:38.0676 AM
[ReportManager] Browser Action [NavigateToURL] successfully performed. With the following test data [https://www.google.com/ncr]. @26-10-2021 01:50:39.0347 A

################################################################################################################################################
Starting Execution:	[25 out of 143] test cases in the current suite
Test Method:		[unitTests.tests_validations_assertions.assertElementAttribute_type_true_literalComparison_expectedToPass]
################################################################################################################################################
[ReportManager] Element Action [Type] successfully performed. With the following test data [Automation!@#$%^&*()_+{}[]\';/.,]. @26-10-2021 01:50:40.0026 AM
[ReportManager] Element Action [GetText] successfully performed. With the following test data [Automation!@#$%^&*()_+{}[]\';/.,]. @26-10-2021 01:50:40.0143 AM
[ReportManager] Loaded Shared OpenCV @26-10-2021 01:50:40.0306 AM
[ReportManager] Assertion [ValidateElementAttribute] PASSED. Expected [Value Should be 'Automation!@#$%^&*()_+{}[]\';/.,' for the 'text' attribute, element locator 'By.name: q'] and Actual [Automation!@#$%^&*()_+{}[]\';/.,]. Comparison Type [EQUALS]. Validation Type [POSITIVE]. @26-10-2021 01:50:40.0374 AM
[ReportManager] Successfully created attachment [Screenshot - 1635213040306_assertElementAttribute_type_true_literalComparison_expectedToPass_ValidateElementAttribute_passed] @26-10-2021 01:50:40.0375 A
[ReportManager] Browser Action [CloseCurrentWindow] successfully performed. @26-10-2021 01:50:40.0501 AM
[ReportManager] Successfully created attachment [Browser Action Test Data - CloseCurrentWindow - Actual Value] @26-10-2021 01:50:40.0502 A
[ReportManager] File Action [GetAbsolutePath] successfully performed. With the following test data [Relative Folder Path: "target/downloadedFiles/"]. @26-10-2021 01:50:40.0505 AM
[ReportManager] Attempting to run remotely on: [Linux-64], [GoogleChrome], [http://localhost:4444/wd/hub], Headless Execution. @26-10-2021 01:50:40.0505 AM
[ReportManager] Successfully Opened [GoogleChrome]. @26-10-2021 01:50:43.0696 AM
[ReportManager] Target URL: [https://www.google.com/ncr], and after redirection: [www.google.com] @26-10-2021 01:50:43.0696 AM
[ReportManager] Initial URL: [data:,] @26-10-2021 01:50:43.0741 AM
[ReportManager] Browser Action [NavigateToURL] successfully performed. With the following test data [https://www.google.com/ncr]. @26-10-2021 01:50:46.0019 A

################################################################################################################################################
Starting Execution:	[26 out of 143] test cases in the current suite
Test Method:		[unitTests.tests_validations_assertions.assertElementExists_false_expectedToFail]
################################################################################################################################################
[ReportManager] Loaded Shared OpenCV @26-10-2021 01:50:46.0233 AM
[ReportManager] Assertion [ValidateElementExists] FAILED. Expected [Element Should not Exist, locator 'By.id: hplogo'] and Actual [Element Exists]. Comparison Type [EQUALS]. Validation Type [NEGATIVE]. @26-10-2021 01:50:46.0297 AM
[ReportManager] Successfully created attachment [Screenshot - 1635213046233_assertElementExists_false_expectedToFail_ValidateElementExists_failed] @26-10-2021 01:50:46.0298 A
[ReportManager] Browser Action [CloseCurrentWindow] successfully performed. @26-10-2021 01:50:46.0421 AM
[ReportManager] Successfully created attachment [Browser Action Test Data - CloseCurrentWindow - Actual Value] @26-10-2021 01:50:46.0422 A
[ReportManager] File Action [GetAbsolutePath] successfully performed. With the following test data [Relative Folder Path: "target/downloadedFiles/"]. @26-10-2021 01:50:46.0426 AM
[ReportManager] Attempting to run remotely on: [Linux-64], [GoogleChrome], [http://localhost:4444/wd/hub], Headless Execution. @26-10-2021 01:50:46.0426 AM
[ReportManager] Successfully Opened [GoogleChrome]. @26-10-2021 01:50:48.0640 AM
[ReportManager] Target URL: [https://www.google.com/ncr], and after redirection: [www.google.com] @26-10-2021 01:50:48.0643 AM
[ReportManager] Initial URL: [data:,] @26-10-2021 01:50:48.0697 AM
[ReportManager] Browser Action [NavigateToURL] successfully performed. With the following test data [https://www.google.com/ncr]. @26-10-2021 01:50:49.0346 A

################################################################################################################################################
Starting Execution:	[27 out of 143] test cases in the current suite
Test Method:		[unitTests.tests_validations_assertions.assertElementExists_false_expectedToPass]
################################################################################################################################################
[ReportManager] Assertion [ValidateElementExists] PASSED. Expected [Element Should not Exist, locator 'By.id: fakeElement'] and Actual [Element Doesn't Exists]. Comparison Type [EQUALS]. Validation Type [NEGATIVE]. @26-10-2021 01:50:59.0732 AM
[ReportManager] Successfully created attachment [Screenshot - 1635213059666_assertElementExists_false_expectedToPass_ValidateElementExists_passed] @26-10-2021 01:50:59.0733 A
[ReportManager] Browser Action [CloseCurrentWindow] successfully performed. @26-10-2021 01:50:59.0859 AM
[ReportManager] Successfully created attachment [Browser Action Test Data - CloseCurrentWindow - Actual Value] @26-10-2021 01:50:59.0860 A
[ReportManager] File Action [GetAbsolutePath] successfully performed. With the following test data [Relative Folder Path: "target/downloadedFiles/"]. @26-10-2021 01:50:59.0862 AM
[ReportManager] Attempting to run remotely on: [Linux-64], [GoogleChrome], [http://localhost:4444/wd/hub], Headless Execution. @26-10-2021 01:50:59.0863 AM
[ReportManager] Successfully Opened [GoogleChrome]. @26-10-2021 01:51:03.0657 AM
[ReportManager] Target URL: [https://www.google.com/ncr], and after redirection: [www.google.com] @26-10-2021 01:51:03.0657 AM
[ReportManager] Initial URL: [data:,] @26-10-2021 01:51:03.0729 AM
[ReportManager] Browser Action [NavigateToURL] successfully performed. With the following test data [https://www.google.com/ncr]. @26-10-2021 01:51:04.0492 A

################################################################################################################################################
Starting Execution:	[28 out of 143] test cases in the current suite
Test Method:		[unitTests.tests_validations_assertions.assertElementExists_false_multipleElementsFound_expectedToFail]
################################################################################################################################################
[ReportManager] Assertion [ValidateElementExists] FAILED. Expected [Element Should not Exist, locator 'By.xpath: //div'] and Actual [Element Exists but is not unique]. Comparison Type [EQUALS]. Validation Type [NEGATIVE]. @26-10-2021 01:51:04.0755 AM
[ReportManager] Successfully created attachment [Screenshot - 1635213064700_assertElementExists_false_multipleElementsFound_expectedToFail_ValidateElementExists_failed] @26-10-2021 01:51:04.0756 A
[ReportManager] Browser Action [CloseCurrentWindow] successfully performed. @26-10-2021 01:51:04.0904 AM
[ReportManager] Successfully created attachment [Browser Action Test Data - CloseCurrentWindow - Actual Value] @26-10-2021 01:51:04.0906 A
[ReportManager] File Action [GetAbsolutePath] successfully performed. With the following test data [Relative Folder Path: "target/downloadedFiles/"]. @26-10-2021 01:51:04.0909 AM
[ReportManager] Attempting to run remotely on: [Linux-64], [GoogleChrome], [http://localhost:4444/wd/hub], Headless Execution. @26-10-2021 01:51:04.0911 AM
[ReportManager] Successfully Opened [GoogleChrome]. @26-10-2021 01:51:08.0638 AM
[ReportManager] Target URL: [https://www.google.com/ncr], and after redirection: [www.google.com] @26-10-2021 01:51:08.0638 AM
[ReportManager] Initial URL: [data:,] @26-10-2021 01:51:08.0702 AM
[ReportManager] Browser Action [NavigateToURL] successfully performed. With the following test data [https://www.google.com/ncr]. @26-10-2021 01:51:09.0364 A

################################################################################################################################################
Starting Execution:	[29 out of 143] test cases in the current suite
Test Method:		[unitTests.tests_validations_assertions.assertElementExists_true_expectedToFail]
################################################################################################################################################
[ReportManager] Assertion [ValidateElementExists] FAILED. Expected [Element Should Exist, locator 'By.id: fakeElement'] and Actual [Element Doesn't Exists]. Comparison Type [EQUALS]. Validation Type [POSITIVE]. @26-10-2021 01:51:40.0024 AM
[ReportManager] Successfully created attachment [Screenshot - 1635213099968_assertElementExists_true_expectedToFail_ValidateElementExists_failed] @26-10-2021 01:51:40.0025 A
[ReportManager] Browser Action [CloseCurrentWindow] successfully performed. @26-10-2021 01:51:40.0143 AM
[ReportManager] Successfully created attachment [Browser Action Test Data - CloseCurrentWindow - Actual Value] @26-10-2021 01:51:40.0144 A
[ReportManager] File Action [GetAbsolutePath] successfully performed. With the following test data [Relative Folder Path: "target/downloadedFiles/"]. @26-10-2021 01:51:40.0149 AM
[ReportManager] Attempting to run remotely on: [Linux-64], [GoogleChrome], [http://localhost:4444/wd/hub], Headless Execution. @26-10-2021 01:51:40.0149 AM
[ReportManager] Successfully Opened [GoogleChrome]. @26-10-2021 01:51:43.0652 AM
[ReportManager] Target URL: [https://www.google.com/ncr], and after redirection: [www.google.com] @26-10-2021 01:51:43.0652 AM
[ReportManager] Initial URL: [data:,] @26-10-2021 01:51:43.0706 AM
[ReportManager] Browser Action [NavigateToURL] successfully performed. With the following test data [https://www.google.com/ncr]. @26-10-2021 01:51:45.0560 A

################################################################################################################################################
Starting Execution:	[30 out of 143] test cases in the current suite
Test Method:		[unitTests.tests_validations_assertions.assertElementExists_true_expectedToPass]
################################################################################################################################################
[ReportManager] Loaded Shared OpenCV @26-10-2021 01:51:45.0800 AM
[ReportManager] Assertion [ValidateElementExists] PASSED. Expected [Element Should Exist, locator 'By.xpath: //*[@id='hplogo' or @alt='Google']'] and Actual [Element Exists]. Comparison Type [EQUALS]. Validation Type [POSITIVE]. @26-10-2021 01:51:45.0866 AM
[ReportManager] Successfully created attachment [Screenshot - 1635213105800_assertElementExists_true_expectedToPass_ValidateElementExists_passed] @26-10-2021 01:51:45.0867 A
[ReportManager] Browser Action [CloseCurrentWindow] successfully performed. @26-10-2021 01:51:45.0997 AM
[ReportManager] Successfully created attachment [Browser Action Test Data - CloseCurrentWindow - Actual Value] @26-10-2021 01:51:45.0998 A
[ReportManager] File Action [GetAbsolutePath] successfully performed. With the following test data [Relative Folder Path: "target/downloadedFiles/"]. @26-10-2021 01:51:46.0003 AM
[ReportManager] Attempting to run remotely on: [Linux-64], [GoogleChrome], [http://localhost:4444/wd/hub], Headless Execution. @26-10-2021 01:51:46.0003 AM
[ReportManager] Successfully Opened [GoogleChrome]. @26-10-2021 01:51:48.0634 AM
[ReportManager] Target URL: [https://www.google.com/ncr], and after redirection: [www.google.com] @26-10-2021 01:51:48.0634 AM
[ReportManager] Initial URL: [data:,] @26-10-2021 01:51:48.0688 AM
[ReportManager] Browser Action [NavigateToURL] successfully performed. With the following test data [https://www.google.com/ncr]. @26-10-2021 01:51:49.0329 A

################################################################################################################################################
Starting Execution:	[31 out of 143] test cases in the current suite
Test Method:		[unitTests.tests_validations_assertions.assertElementExists_true_multipleElementsFound_expectedToFail]
################################################################################################################################################
[ReportManager] Assertion [ValidateElementExists] FAILED. Expected [Element Should Exist, locator 'By.xpath: //div'] and Actual [Element Exists but is not unique]. Comparison Type [EQUALS]. Validation Type [POSITIVE]. @26-10-2021 01:51:49.0568 AM
[ReportManager] Successfully created attachment [Screenshot - 1635213109500_assertElementExists_true_multipleElementsFound_expectedToFail_ValidateElementExists_failed] @26-10-2021 01:51:49.0569 A
[ReportManager] Browser Action [CloseCurrentWindow] successfully performed. @26-10-2021 01:51:49.0733 AM
[ReportManager] Successfully created attachment [Browser Action Test Data - CloseCurrentWindow - Actual Value] @26-10-2021 01:51:49.0734 A

################################################################################################################################################
Starting Execution:	[32 out of 143] test cases in the current suite
Test Method:		[unitTests.tests_validations_assertions.assertEquals_false_expectedToFail]
################################################################################################################################################
[ReportManager] Assertion [ValidateEquals] FAILED. Expected [1] and Actual [1]. Comparison Type [EQUALS]. Validation Type [NEGATIVE]. @26-10-2021 01:51:49.0747 A

################################################################################################################################################
Starting Execution:	[33 out of 143] test cases in the current suite
Test Method:		[unitTests.tests_validations_assertions.assertEquals_false_expectedToPass]
################################################################################################################################################
[ReportManager] Assertion [ValidateEquals] PASSED. Expected [1] and Actual [2]. Comparison Type [EQUALS]. Validation Type [NEGATIVE]. @26-10-2021 01:51:49.0751 A

################################################################################################################################################
Starting Execution:	[34 out of 143] test cases in the current suite
Test Method:		[unitTests.tests_validations_assertions.assertEquals_longCharacters]
################################################################################################################################################
[ReportManager] Verification [ValidateEquals] PASSED. Expected and Actual values are attached. Comparison Type [EQUALS]. Validation Type [POSITIVE]. @26-10-2021 01:51:49.0757 AM
[ReportManager] Successfully created attachment [Validation Test Data - Expected Value] @26-10-2021 01:51:49.0757 AM
[ReportManager] Successfully created attachment [Validation Test Data - Actual Value] @26-10-2021 01:51:49.0757 AM
[ReportManager] Assertion [ValidateEquals] PASSED. Expected and Actual values are attached. Comparison Type [EQUALS]. Validation Type [POSITIVE]. @26-10-2021 01:51:49.0758 AM
[ReportManager] Successfully created attachment [Validation Test Data - Expected Value] @26-10-2021 01:51:49.0758 AM
[ReportManager] Successfully created attachment [Validation Test Data - Actual Value] @26-10-2021 01:51:49.0758 A

################################################################################################################################################
Starting Execution:	[35 out of 143] test cases in the current suite
Test Method:		[unitTests.tests_validations_assertions.assertEquals_longCharacters_Discreet]
################################################################################################################################################
[ReportManager] Assertion [ValidateEquals] PASSED. Expected [1LH5pROcDBjjQk0t0mCr0lXuzQu9lcGj28kY8R1H81X67eVAQJgWQhILiRWVPUgZ6uCtK5cnBkF55Jr9vYngjGO1Iyf0Mktv6lruDlL9T8MAUPcUZJGHZtji6nIeadujDSNmWMj5d6C8zlFqw0CRqBU0hO5adIasHgBSNoLotAjce3NGXoDwAlp3rYreeV16VIyZXROQY] and Actual [1LH5pROcDBjjQk0t0mCr0lXuzQu9lcGj28kY8R1H81X67eVAQJgWQhILiRWVPUgZ6uCtK5cnBkF55Jr9vYngjGO1Iyf0Mktv6lruDlL9T8MAUPcUZJGHZtji6nIeadujDSNmWMj5d6C8zlFqw0CRqBU0hO5adIasHgBSNoLotAjce3NGXoDwAlp3rYreeV16VIyZXROQY]. Comparison Type [EQUALS]. Validation Type [POSITIVE]. @26-10-2021 01:51:49.0762 A

################################################################################################################################################
Starting Execution:	[36 out of 143] test cases in the current suite
Test Method:		[unitTests.tests_validations_assertions.assertEquals_true_expectedToFail]
################################################################################################################################################
[ReportManager] Assertion [ValidateEquals] FAILED. Expected [1] and Actual [2]. Comparison Type [EQUALS]. Validation Type [POSITIVE]. @26-10-2021 01:51:49.0769 A

################################################################################################################################################
Starting Execution:	[37 out of 143] test cases in the current suite
Test Method:		[unitTests.tests_validations_assertions.assertEquals_true_expectedToPass]
Test Description:	[Assert that assertEquals works as expected when the two values are equal.]
################################################################################################################################################
[ReportManager] Verification [ValidateEquals] PASSED. Expected [1] and Actual [1]. Comparison Type [EQUALS]. Validation Type [POSITIVE]. @26-10-2021 01:51:49.0776 AM
[ReportManager] Assertion [ValidateEquals] PASSED. Expected [1] and Actual [1]. Comparison Type [EQUALS]. Validation Type [POSITIVE]. @26-10-2021 01:51:49.0776 A

################################################################################################################################################
Starting Execution:	[38 out of 143] test cases in the current suite
Test Method:		[unitTests.tests_validations_assertions.assertEquals_true_expectedToPass__]
################################################################################################################################################
[ReportManager] Assertion [ValidateEquals] PASSED. Expected [1] and Actual [1]. Comparison Type [EQUALS]. Validation Type [POSITIVE]. @26-10-2021 01:51:49.0780 A

################################################################################################################################################
Starting Execution:	[39 out of 143] test cases in the current suite
Test Method:		[unitTests.tests_validations_assertions.assertFileExists_false_expectedToFail]
################################################################################################################################################
[ReportManager] File Action [DoesFileExist] successfully performed. With the following test data [File Path: "src/main/java/com/shaft/gui/element/ElementActions.java"]. @26-10-2021 01:51:49.0783 AM
[ReportManager] Assertion [ValidateFileExists] FAILED. Expected [File 'src/main/java/com/shaft/gui/element/ElementActions.java' should not exist, after up to '1' retries] and Actual [File exists]. Validation Type [NEGATIVE]. @26-10-2021 01:51:49.0787 A

################################################################################################################################################
Starting Execution:	[40 out of 143] test cases in the current suite
Test Method:		[unitTests.tests_validations_assertions.assertFileExists_false_expectedToPass]
################################################################################################################################################
[ReportManager] File Action [DoesFileExist] successfully performed. With the following test data [File Path: "src/main/java/com/shaft/gui/element/ElementActions.java_fail"]. @26-10-2021 01:51:50.0291 AM
[ReportManager] Assertion [ValidateFileExists] PASSED. Expected [File 'src/main/java/com/shaft/gui/element/ElementActions.java_fail' should not exist, after up to '1' retries] and Actual [File does not exist]. Validation Type [NEGATIVE]. @26-10-2021 01:51:50.0292 A

################################################################################################################################################
Starting Execution:	[41 out of 143] test cases in the current suite
Test Method:		[unitTests.tests_validations_assertions.assertFileExists_true_expectedToFail]
################################################################################################################################################
[ReportManager] File Action [DoesFileExist] successfully performed. With the following test data [File Path: "src/main/java/com/shaft/gui/element/ElementActions.java_fail"]. @26-10-2021 01:51:50.0796 AM
[ReportManager] Assertion [ValidateFileExists] FAILED. Expected [File 'src/main/java/com/shaft/gui/element/ElementActions.java_fail' should exist, after up to '1' retries] and Actual [File does not exist]. Validation Type [POSITIVE]. @26-10-2021 01:51:50.0796 A

################################################################################################################################################
Starting Execution:	[42 out of 143] test cases in the current suite
Test Method:		[unitTests.tests_validations_assertions.assertFileExists_true_expectedToPass]
################################################################################################################################################
[ReportManager] File Action [DoesFileExist] successfully performed. With the following test data [File Path: "src/main/java/com/shaft/gui/element/ElementActions.java"]. @26-10-2021 01:51:50.0801 AM
[ReportManager] Assertion [ValidateFileExists] PASSED. Expected [File 'src/main/java/com/shaft/gui/element/ElementActions.java' should exist, after up to '1' retries] and Actual [File exists]. Validation Type [POSITIVE]. @26-10-2021 01:51:50.0802 A

################################################################################################################################################
Starting Execution:	[43 out of 143] test cases in the current suite
Test Method:		[unitTests.tests_validations_assertions.assertNull_false_expectedToFail]
################################################################################################################################################
[ReportManager] Assertion [ValidateNull] FAILED. Expected [NULL] and Actual [NULL]. Comparison Type [EQUALS]. Validation Type [NEGATIVE]. @26-10-2021 01:51:50.0809 A

################################################################################################################################################
Starting Execution:	[44 out of 143] test cases in the current suite
Test Method:		[unitTests.tests_validations_assertions.assertNull_false_expectedToPass]
################################################################################################################################################
[ReportManager] Assertion [ValidateNull] PASSED. Expected [NULL] and Actual [1]. Comparison Type [EQUALS]. Validation Type [NEGATIVE]. @26-10-2021 01:51:50.0822 A

################################################################################################################################################
Starting Execution:	[45 out of 143] test cases in the current suite
Test Method:		[unitTests.tests_validations_assertions.assertNull_true_expectedToFail]
################################################################################################################################################
[ReportManager] Assertion [ValidateNull] FAILED. Expected [NULL] and Actual [1]. Comparison Type [EQUALS]. Validation Type [POSITIVE]. @26-10-2021 01:51:50.0826 A

################################################################################################################################################
Starting Execution:	[46 out of 143] test cases in the current suite
Test Method:		[unitTests.tests_validations_assertions.assertNull_true_expectedToPass]
################################################################################################################################################
[ReportManager] Assertion [ValidateNull] PASSED. Expected [NULL] and Actual [NULL]. Comparison Type [EQUALS]. Validation Type [POSITIVE]. @26-10-2021 01:51:50.0830 A

################################################################################################################################################
Starting Execution:	[47 out of 143] test cases in the current suite
Test Method:		[unitTests.tests_restActions.getPostsAndAssertBodyForSpecificTitle]
################################################################################################################################################
[ReportManager] Response status code: [200], status line: [HTTP/1.1 200 OK] @26-10-2021 01:51:52.0744 AM
[ReportManager] Assertion Passed: Evaluating the actual response status code against the expected one... @26-10-2021 01:51:52.0745 AM
[ReportManager] Assertion [ValidateEquals] PASSED. Expected [200] and Actual [200]. Comparison Type [EQUALS]. Validation Type [POSITIVE]. @26-10-2021 01:51:52.0745 AM
[ReportManager] API Action [PerformRequest] successfully performed. With the following test data [Request Type: "GET" | Target Status Code: "200" | Service URL: "https://jsonplaceholder.typicode.com/posts" | Content Type: "*/*" | Response Time: "666ms"]. @26-10-2021 01:51:53.0608 AM
[ReportManager] Successfully created attachment [API Request - Specifications] @26-10-2021 01:51:53.0608 AM
[ReportManager] Successfully created attachment [API Response - JSON Body] @26-10-2021 01:51:53.0839 AM
[ReportManager] API Action [GetResponseJSONValueAsList] successfully performed. @26-10-2021 01:51:53.0873 AM
[ReportManager] API Action [GetResponseJSONValue] successfully performed. With the following test data [title]. @26-10-2021 01:51:53.0898 AM
[ReportManager] API Action [GetResponseJSONValue] successfully performed. With the following test data [title]. @26-10-2021 01:51:53.0920 AM
[ReportManager] API Action [GetResponseJSONValue] successfully performed. With the following test data [body]. @26-10-2021 01:51:53.0947 AM
[ReportManager] Assertion [ValidateEquals] PASSED. Expected [qui neque nisi nulla] and Actual [est rerum tempore vitae
sequi sint nihil reprehenderit dolor beatae ea dolores neque
fugiat blanditiis voluptate porro vel nihil molestiae ut reiciendis
qui aperiam non debitis possimus qui neque nisi nulla]. Comparison Type [CONTAINS]. Validation Type [POSITIVE]. @26-10-2021 01:51:53.0947 AM
[ReportManager] API Action [GetResponseJSONValue] successfully performed. With the following test data [title]. @26-10-2021 01:51:53.0967 AM
[ReportManager] API Action [GetResponseJSONValue] successfully performed. With the following test data [title]. @26-10-2021 01:51:53.0981 AM
[ReportManager] API Action [GetResponseJSONValue] successfully performed. With the following test data [title]. @26-10-2021 01:51:53.0999 AM
[ReportManager] API Action [GetResponseJSONValue] successfully performed. With the following test data [title]. @26-10-2021 01:51:54.0017 AM
[ReportManager] API Action [GetResponseJSONValue] successfully performed. With the following test data [title]. @26-10-2021 01:51:54.0032 AM
[ReportManager] API Action [GetResponseJSONValue] successfully performed. With the following test data [title]. @26-10-2021 01:51:54.0051 AM
[ReportManager] API Action [GetResponseJSONValue] successfully performed. With the following test data [title]. @26-10-2021 01:51:54.0068 AM
[ReportManager] API Action [GetResponseJSONValue] successfully performed. With the following test data [title]. @26-10-2021 01:51:54.0083 AM
[ReportManager] API Action [GetResponseJSONValue] successfully performed. With the following test data [title]. @26-10-2021 01:51:54.0099 AM
[ReportManager] API Action [GetResponseJSONValue] successfully performed. With the following test data [title]. @26-10-2021 01:51:54.0112 AM
[ReportManager] API Action [GetResponseJSONValue] successfully performed. With the following test data [title]. @26-10-2021 01:51:54.0137 AM
[ReportManager] API Action [GetResponseJSONValue] successfully performed. With the following test data [title]. @26-10-2021 01:51:54.0163 AM
[ReportManager] API Action [GetResponseJSONValue] successfully performed. With the following test data [title]. @26-10-2021 01:51:54.0178 AM
[ReportManager] API Action [GetResponseJSONValue] successfully performed. With the following test data [title]. @26-10-2021 01:51:54.0192 AM
[ReportManager] API Action [GetResponseJSONValue] successfully performed. With the following test data [title]. @26-10-2021 01:51:54.0211 AM
[ReportManager] API Action [GetResponseJSONValue] successfully performed. With the following test data [title]. @26-10-2021 01:51:54.0226 AM
[ReportManager] API Action [GetResponseJSONValue] successfully performed. With the following test data [title]. @26-10-2021 01:51:54.0240 AM
[ReportManager] API Action [GetResponseJSONValue] successfully performed. With the following test data [title]. @26-10-2021 01:51:54.0253 AM
[ReportManager] API Action [GetResponseJSONValue] successfully performed. With the following test data [title]. @26-10-2021 01:51:54.0265 AM
[ReportManager] API Action [GetResponseJSONValue] successfully performed. With the following test data [title]. @26-10-2021 01:51:54.0280 AM
[ReportManager] API Action [GetResponseJSONValue] successfully performed. With the following test data [title]. @26-10-2021 01:51:54.0293 AM
[ReportManager] API Action [GetResponseJSONValue] successfully performed. With the following test data [title]. @26-10-2021 01:51:54.0311 AM
[ReportManager] API Action [GetResponseJSONValue] successfully performed. With the following test data [title]. @26-10-2021 01:51:54.0325 AM
[ReportManager] API Action [GetResponseJSONValue] successfully performed. With the following test data [title]. @26-10-2021 01:51:54.0338 AM
[ReportManager] API Action [GetResponseJSONValue] successfully performed. With the following test data [title]. @26-10-2021 01:51:54.0353 AM
[ReportManager] API Action [GetResponseJSONValue] successfully performed. With the following test data [title]. @26-10-2021 01:51:54.0365 AM
[ReportManager] API Action [GetResponseJSONValue] successfully performed. With the following test data [title]. @26-10-2021 01:51:54.0384 AM
[ReportManager] API Action [GetResponseJSONValue] successfully performed. With the following test data [title]. @26-10-2021 01:51:54.0400 AM
[ReportManager] API Action [GetResponseJSONValue] successfully performed. With the following test data [title]. @26-10-2021 01:51:54.0412 AM
[ReportManager] API Action [GetResponseJSONValue] successfully performed. With the following test data [title]. @26-10-2021 01:51:54.0422 AM
[ReportManager] API Action [GetResponseJSONValue] successfully performed. With the following test data [title]. @26-10-2021 01:51:54.0434 AM
[ReportManager] API Action [GetResponseJSONValue] successfully performed. With the following test data [title]. @26-10-2021 01:51:54.0445 AM
[ReportManager] API Action [GetResponseJSONValue] successfully performed. With the following test data [title]. @26-10-2021 01:51:54.0464 AM
[ReportManager] API Action [GetResponseJSONValue] successfully performed. With the following test data [title]. @26-10-2021 01:51:54.0473 AM
[ReportManager] API Action [GetResponseJSONValue] successfully performed. With the following test data [title]. @26-10-2021 01:51:54.0485 AM
[ReportManager] API Action [GetResponseJSONValue] successfully performed. With the following test data [title]. @26-10-2021 01:51:54.0494 AM
[ReportManager] API Action [GetResponseJSONValue] successfully performed. With the following test data [title]. @26-10-2021 01:51:54.0504 AM
[ReportManager] API Action [GetResponseJSONValue] successfully performed. With the following test data [title]. @26-10-2021 01:51:54.0515 AM
[ReportManager] API Action [GetResponseJSONValue] successfully performed. With the following test data [title]. @26-10-2021 01:51:54.0535 AM
[ReportManager] API Action [GetResponseJSONValue] successfully performed. With the following test data [title]. @26-10-2021 01:51:54.0546 AM
[ReportManager] API Action [GetResponseJSONValue] successfully performed. With the following test data [title]. @26-10-2021 01:51:54.0556 AM
[ReportManager] API Action [GetResponseJSONValue] successfully performed. With the following test data [title]. @26-10-2021 01:51:54.0568 AM
[ReportManager] API Action [GetResponseJSONValue] successfully performed. With the following test data [title]. @26-10-2021 01:51:54.0578 AM
[ReportManager] API Action [GetResponseJSONValue] successfully performed. With the following test data [title]. @26-10-2021 01:51:54.0593 AM
[ReportManager] API Action [GetResponseJSONValue] successfully performed. With the following test data [title]. @26-10-2021 01:51:54.0603 AM
[ReportManager] API Action [GetResponseJSONValue] successfully performed. With the following test data [title]. @26-10-2021 01:51:54.0616 AM
[ReportManager] API Action [GetResponseJSONValue] successfully performed. With the following test data [title]. @26-10-2021 01:51:54.0629 AM
[ReportManager] API Action [GetResponseJSONValue] successfully performed. With the following test data [title]. @26-10-2021 01:51:54.0648 AM
[ReportManager] API Action [GetResponseJSONValue] successfully performed. With the following test data [title]. @26-10-2021 01:51:54.0660 AM
[ReportManager] API Action [GetResponseJSONValue] successfully performed. With the following test data [title]. @26-10-2021 01:51:54.0669 AM
[ReportManager] API Action [GetResponseJSONValue] successfully performed. With the following test data [title]. @26-10-2021 01:51:54.0721 AM
[ReportManager] API Action [GetResponseJSONValue] successfully performed. With the following test data [title]. @26-10-2021 01:51:54.0764 AM
[ReportManager] API Action [GetResponseJSONValue] successfully performed. With the following test data [title]. @26-10-2021 01:51:54.0772 AM
[ReportManager] API Action [GetResponseJSONValue] successfully performed. With the following test data [title]. @26-10-2021 01:51:54.0779 AM
[ReportManager] API Action [GetResponseJSONValue] successfully performed. With the following test data [title]. @26-10-2021 01:51:54.0786 AM
[ReportManager] API Action [GetResponseJSONValue] successfully performed. With the following test data [title]. @26-10-2021 01:51:54.0794 AM
[ReportManager] API Action [GetResponseJSONValue] successfully performed. With the following test data [title]. @26-10-2021 01:51:54.0801 AM
[ReportManager] API Action [GetResponseJSONValue] successfully performed. With the following test data [title]. @26-10-2021 01:51:54.0808 AM
[ReportManager] API Action [GetResponseJSONValue] successfully performed. With the following test data [title]. @26-10-2021 01:51:54.0816 AM
[ReportManager] API Action [GetResponseJSONValue] successfully performed. With the following test data [title]. @26-10-2021 01:51:54.0863 AM
[ReportManager] API Action [GetResponseJSONValue] successfully performed. With the following test data [title]. @26-10-2021 01:51:54.0873 AM
[ReportManager] API Action [GetResponseJSONValue] successfully performed. With the following test data [title]. @26-10-2021 01:51:54.0884 AM
[ReportManager] API Action [GetResponseJSONValue] successfully performed. With the following test data [title]. @26-10-2021 01:51:54.0893 AM
[ReportManager] API Action [GetResponseJSONValue] successfully performed. With the following test data [title]. @26-10-2021 01:51:54.0904 AM
[ReportManager] API Action [GetResponseJSONValue] successfully performed. With the following test data [title]. @26-10-2021 01:51:54.0912 AM
[ReportManager] API Action [GetResponseJSONValue] successfully performed. With the following test data [title]. @26-10-2021 01:51:54.0920 AM
[ReportManager] API Action [GetResponseJSONValue] successfully performed. With the following test data [title]. @26-10-2021 01:51:54.0928 AM
[ReportManager] API Action [GetResponseJSONValue] successfully performed. With the following test data [title]. @26-10-2021 01:51:54.0937 AM
[ReportManager] API Action [GetResponseJSONValue] successfully performed. With the following test data [title]. @26-10-2021 01:51:54.0945 AM
[ReportManager] API Action [GetResponseJSONValue] successfully performed. With the following test data [title]. @26-10-2021 01:51:54.0955 AM
[ReportManager] API Action [GetResponseJSONValue] successfully performed. With the following test data [title]. @26-10-2021 01:51:54.0963 AM
[ReportManager] API Action [GetResponseJSONValue] successfully performed. With the following test data [title]. @26-10-2021 01:51:54.0977 AM
[ReportManager] API Action [GetResponseJSONValue] successfully performed. With the following test data [title]. @26-10-2021 01:51:54.0993 AM
[ReportManager] API Action [GetResponseJSONValue] successfully performed. With the following test data [title]. @26-10-2021 01:51:55.0003 AM
[ReportManager] API Action [GetResponseJSONValue] successfully performed. With the following test data [title]. @26-10-2021 01:51:55.0011 AM
[ReportManager] API Action [GetResponseJSONValue] successfully performed. With the following test data [title]. @26-10-2021 01:51:55.0021 AM
[ReportManager] API Action [GetResponseJSONValue] successfully performed. With the following test data [title]. @26-10-2021 01:51:55.0035 AM
[ReportManager] API Action [GetResponseJSONValue] successfully performed. With the following test data [title]. @26-10-2021 01:51:55.0043 AM
[ReportManager] API Action [GetResponseJSONValue] successfully performed. With the following test data [title]. @26-10-2021 01:51:55.0052 AM
[ReportManager] API Action [GetResponseJSONValue] successfully performed. With the following test data [title]. @26-10-2021 01:51:55.0061 AM
[ReportManager] API Action [GetResponseJSONValue] successfully performed. With the following test data [title]. @26-10-2021 01:51:55.0071 AM
[ReportManager] API Action [GetResponseJSONValue] successfully performed. With the following test data [title]. @26-10-2021 01:51:55.0088 AM
[ReportManager] API Action [GetResponseJSONValue] successfully performed. With the following test data [title]. @26-10-2021 01:51:55.0097 AM
[ReportManager] API Action [GetResponseJSONValue] successfully performed. With the following test data [title]. @26-10-2021 01:51:55.0103 AM
[ReportManager] API Action [GetResponseJSONValue] successfully performed. With the following test data [title]. @26-10-2021 01:51:55.0110 AM
[ReportManager] API Action [GetResponseJSONValue] successfully performed. With the following test data [title]. @26-10-2021 01:51:55.0120 AM
[ReportManager] API Action [GetResponseJSONValue] successfully performed. With the following test data [title]. @26-10-2021 01:51:55.0128 AM
[ReportManager] API Action [GetResponseJSONValue] successfully performed. With the following test data [title]. @26-10-2021 01:51:55.0135 AM
[ReportManager] API Action [GetResponseJSONValue] successfully performed. With the following test data [title]. @26-10-2021 01:51:55.0144 AM
[ReportManager] API Action [GetResponseJSONValue] successfully performed. With the following test data [title]. @26-10-2021 01:51:55.0152 AM
[ReportManager] API Action [GetResponseJSONValue] successfully performed. With the following test data [title]. @26-10-2021 01:51:55.0160 AM
[ReportManager] API Action [GetResponseJSONValue] successfully performed. With the following test data [title]. @26-10-2021 01:51:55.0179 AM
[ReportManager] API Action [GetResponseJSONValue] successfully performed. With the following test data [title]. @26-10-2021 01:51:55.0189 AM
[ReportManager] API Action [GetResponseJSONValue] successfully performed. With the following test data [title]. @26-10-2021 01:51:55.0196 AM
[ReportManager] API Action [GetResponseJSONValue] successfully performed. With the following test data [title]. @26-10-2021 01:51:55.0205 AM
[ReportManager] API Action [GetResponseJSONValue] successfully performed. With the following test data [title]. @26-10-2021 01:51:55.0213 AM
[ReportManager] API Action [GetResponseJSONValue] successfully performed. With the following test data [title]. @26-10-2021 01:51:55.0220 AM
[ReportManager] API Action [GetResponseJSONValue] successfully performed. With the following test data [title]. @26-10-2021 01:51:55.0227 A

################################################################################################################################################
Starting Execution:	[48 out of 143] test cases in the current suite
Test Method:		[unitTests.tests_restActions.validateUserEmail]
################################################################################################################################################
[ReportManager] Response status code: [200], status line: [HTTP/1.1 200 OK] @26-10-2021 01:51:55.0307 AM
[ReportManager] Assertion Passed: Evaluating the actual response status code against the expected one... @26-10-2021 01:51:55.0307 AM
[ReportManager] Assertion [ValidateEquals] PASSED. Expected [200] and Actual [200]. Comparison Type [EQUALS]. Validation Type [POSITIVE]. @26-10-2021 01:51:55.0307 AM
[ReportManager] API Action [PerformRequest] successfully performed. With the following test data [Request Type: "GET" | Target Status Code: "200" | Service URL: "https://jsonplaceholder.typicode.com/users" | Content Type: "*/*" | Response Time: "69ms"]. @26-10-2021 01:51:55.0331 AM
[ReportManager] Successfully created attachment [API Request - Specifications] @26-10-2021 01:51:55.0331 AM
[ReportManager] Successfully created attachment [API Response - JSON Body] @26-10-2021 01:51:55.0332 AM
[ReportManager] Assertion [ValidateEquals] PASSED. Expected and Actual values are attached. Comparison Type [CONTAINS]. Validation Type [POSITIVE]. @26-10-2021 01:51:55.0332 AM
[ReportManager] Successfully created attachment [Validation Test Data - Expected Value] @26-10-2021 01:51:55.0332 AM
[ReportManager] Successfully created attachment [Validation Test Data - Actual Value] @26-10-2021 01:51:55.0332 AM
[ReportManager] API Action [GetResponseJSONValueAsList] successfully performed. With the following test data [$]. @26-10-2021 01:51:55.0336 AM
[ReportManager] API Action [GetResponseJSONValue] successfully performed. With the following test data [name]. @26-10-2021 01:51:55.0351 AM
[ReportManager] API Action [GetResponseJSONValue] successfully performed. With the following test data [email]. @26-10-2021 01:51:55.0360 AM
[ReportManager] Assertion [ValidateEquals] PASSED. Expected [Sincere@april.biz] and Actual [Sincere@april.biz]. Comparison Type [EQUALS]. Validation Type [POSITIVE]. @26-10-2021 01:51:55.0360 AM
[ReportManager] API Action [GetResponseJSONValue] successfully performed. With the following test data [name]. @26-10-2021 01:51:55.0371 AM
[ReportManager] API Action [GetResponseJSONValue] successfully performed. With the following test data [name]. @26-10-2021 01:51:55.0381 AM
[ReportManager] API Action [GetResponseJSONValue] successfully performed. With the following test data [name]. @26-10-2021 01:51:55.0404 AM
[ReportManager] API Action [GetResponseJSONValue] successfully performed. With the following test data [name]. @26-10-2021 01:51:55.0414 AM
[ReportManager] API Action [GetResponseJSONValue] successfully performed. With the following test data [name]. @26-10-2021 01:51:55.0423 AM
[ReportManager] API Action [GetResponseJSONValue] successfully performed. With the following test data [name]. @26-10-2021 01:51:55.0430 AM
[ReportManager] API Action [GetResponseJSONValue] successfully performed. With the following test data [name]. @26-10-2021 01:51:55.0440 AM
[ReportManager] API Action [GetResponseJSONValue] successfully performed. With the following test data [name]. @26-10-2021 01:51:55.0448 AM
[ReportManager] API Action [GetResponseJSONValue] successfully performed. With the following test data [name]. @26-10-2021 01:51:55.0456 A
[ReportManager] File Action [GetAbsolutePath] successfully performed. With the following test data [Relative Folder Path: "target/downloadedFiles/"]. @26-10-2021 01:51:55.0466 AM
[ReportManager] Attempting to run remotely on: [Linux-64], [GoogleChrome], [http://localhost:4444/wd/hub], Headless Execution. @26-10-2021 01:51:55.0466 AM
[ReportManager] Successfully Opened [GoogleChrome]. @26-10-2021 01:51:58.0730 AM
[ReportManager] Target URL: [https://duckduckgo.com] @26-10-2021 01:51:58.0730 AM
[ReportManager] Initial URL: [data:,] @26-10-2021 01:51:58.0785 AM
[ReportManager] Browser Action [NavigateToURL] successfully performed. With the following test data [https://duckduckgo.com]. @26-10-2021 01:51:59.0389 A

################################################################################################################################################
Starting Execution:	[49 out of 143] test cases in the current suite
Test Method:		[unitTests.tests_browserActions.fullScreenWindow]
################################################################################################################################################
[ReportManager] Initial Windows Size: 800x600 @26-10-2021 01:51:59.0411 AM
[ReportManager] Initial window size: (800, 600) @26-10-2021 01:51:59.0415 AM
[ReportManager] Window size after Toolkit: (1920, 1080) @26-10-2021 01:51:59.0657 AM
[ReportManager] Browser Action [MaximizeWindow] successfully performed. With the following test data [New screen size is now: (1920, 1080)]. @26-10-2021 01:51:59.0662 AM
[ReportManager] Current Windows Size after fullScreen: 1920x1080 @26-10-2021 01:51:59.0686 AM
[ReportManager] Browser Action [FullScreenWindow] successfully performed. @26-10-2021 01:51:59.0703 AM
[ReportManager] Successfully created attachment [Browser Action Test Data - FullScreenWindow - Actual Value] @26-10-2021 01:51:59.0705 A
[ReportManager] Target URL: [https://duckduckgo.com] @26-10-2021 01:51:59.0709 AM
[ReportManager] Initial URL: [https://duckduckgo.com] @26-10-2021 01:51:59.0781 AM
[ReportManager] Browser Action [NavigateToURL] successfully performed. With the following test data [https://duckduckgo.com]. @26-10-2021 01:52:00.0122 AM
[ReportManager] Browser Action [CloseCurrentWindow] successfully performed. @26-10-2021 01:52:00.0234 AM
[ReportManager] Successfully created attachment [Browser Action Test Data - CloseCurrentWindow - Actual Value] @26-10-2021 01:52:00.0237 A
[ReportManager] File Action [GetAbsolutePath] successfully performed. With the following test data [Relative Folder Path: "target/downloadedFiles/"]. @26-10-2021 01:52:00.0240 AM
[ReportManager] Attempting to run remotely on: [Linux-64], [GoogleChrome], [http://localhost:4444/wd/hub], Headless Execution. @26-10-2021 01:52:00.0240 AM
[ReportManager] Successfully Opened [GoogleChrome]. @26-10-2021 01:52:03.0641 AM
[ReportManager] Target URL: [https://duckduckgo.com] @26-10-2021 01:52:03.0642 AM
[ReportManager] Initial URL: [data:,] @26-10-2021 01:52:03.0688 AM
[ReportManager] Browser Action [NavigateToURL] successfully performed. With the following test data [https://duckduckgo.com]. @26-10-2021 01:52:04.0142 A

################################################################################################################################################
Starting Execution:	[50 out of 143] test cases in the current suite
Test Method:		[unitTests.tests_browserActions.getCurrentURL]
################################################################################################################################################
[ReportManager] Browser Action [GetCurrentURL] successfully performed. With the following test data [https://duckduckgo.com/]. @26-10-2021 01:52:04.0183 A
[ReportManager] Target URL: [https://duckduckgo.com] @26-10-2021 01:52:04.0189 AM
[ReportManager] Initial URL: [https://duckduckgo.com] @26-10-2021 01:52:04.0251 AM
[ReportManager] Browser Action [NavigateToURL] successfully performed. With the following test data [https://duckduckgo.com]. @26-10-2021 01:52:04.0584 AM
[ReportManager] Browser Action [CloseCurrentWindow] successfully performed. @26-10-2021 01:52:04.0702 AM
[ReportManager] Successfully created attachment [Browser Action Test Data - CloseCurrentWindow - Actual Value] @26-10-2021 01:52:04.0703 A
[ReportManager] File Action [GetAbsolutePath] successfully performed. With the following test data [Relative Folder Path: "target/downloadedFiles/"]. @26-10-2021 01:52:04.0705 AM
[ReportManager] Attempting to run remotely on: [Linux-64], [GoogleChrome], [http://localhost:4444/wd/hub], Headless Execution. @26-10-2021 01:52:04.0705 AM
[ReportManager] Successfully Opened [GoogleChrome]. @26-10-2021 01:52:08.0640 AM
[ReportManager] Target URL: [https://duckduckgo.com] @26-10-2021 01:52:08.0641 AM
[ReportManager] Initial URL: [data:,] @26-10-2021 01:52:08.0688 AM
[ReportManager] Browser Action [NavigateToURL] successfully performed. With the following test data [https://duckduckgo.com]. @26-10-2021 01:52:09.0167 A

################################################################################################################################################
Starting Execution:	[51 out of 143] test cases in the current suite
Test Method:		[unitTests.tests_browserActions.getCurrentWindowTitle]
################################################################################################################################################
[ReportManager] Browser Action [GetCurrentWindowTitle] successfully performed. With the following test data [DuckDuckGo  Privacy, simplified.]. @26-10-2021 01:52:09.0241 A
[ReportManager] Target URL: [https://duckduckgo.com] @26-10-2021 01:52:09.0249 AM
[ReportManager] Initial URL: [https://duckduckgo.com] @26-10-2021 01:52:09.0336 AM
[ReportManager] Browser Action [NavigateToURL] successfully performed. With the following test data [https://duckduckgo.com]. @26-10-2021 01:52:09.0642 AM
[ReportManager] Browser Action [CloseCurrentWindow] successfully performed. @26-10-2021 01:52:09.0747 AM
[ReportManager] Successfully created attachment [Browser Action Test Data - CloseCurrentWindow - Actual Value] @26-10-2021 01:52:09.0748 A
[ReportManager] File Action [GetAbsolutePath] successfully performed. With the following test data [Relative Folder Path: "target/downloadedFiles/"]. @26-10-2021 01:52:09.0750 AM
[ReportManager] Attempting to run remotely on: [Linux-64], [GoogleChrome], [http://localhost:4444/wd/hub], Headless Execution. @26-10-2021 01:52:09.0750 AM
[ReportManager] Successfully Opened [GoogleChrome]. @26-10-2021 01:52:13.0711 AM
[ReportManager] Target URL: [https://duckduckgo.com] @26-10-2021 01:52:13.0711 AM
[ReportManager] Initial URL: [data:,] @26-10-2021 01:52:13.0786 AM
[ReportManager] Browser Action [NavigateToURL] successfully performed. With the following test data [https://duckduckgo.com]. @26-10-2021 01:52:14.0283 A

################################################################################################################################################
Starting Execution:	[52 out of 143] test cases in the current suite
Test Method:		[unitTests.tests_browserActions.getPageSource]
################################################################################################################################################
[ReportManager] Browser Action [GetPageSource] successfully performed. @26-10-2021 01:52:14.0328 AM
[ReportManager] Successfully created attachment [Browser Action Test Data - GetPageSource - Actual Value] @26-10-2021 01:52:14.0328 A
[ReportManager] Target URL: [https://duckduckgo.com] @26-10-2021 01:52:14.0330 AM
[ReportManager] Initial URL: [https://duckduckgo.com] @26-10-2021 01:52:14.0420 AM
[ReportManager] Browser Action [NavigateToURL] successfully performed. With the following test data [https://duckduckgo.com]. @26-10-2021 01:52:14.0676 AM
[ReportManager] Browser Action [CloseCurrentWindow] successfully performed. @26-10-2021 01:52:14.0804 AM
[ReportManager] Successfully created attachment [Browser Action Test Data - CloseCurrentWindow - Actual Value] @26-10-2021 01:52:14.0805 A
[ReportManager] File Action [GetAbsolutePath] successfully performed. With the following test data [Relative Folder Path: "target/downloadedFiles/"]. @26-10-2021 01:52:14.0807 AM
[ReportManager] Attempting to run remotely on: [Linux-64], [GoogleChrome], [http://localhost:4444/wd/hub], Headless Execution. @26-10-2021 01:52:14.0807 AM
[ReportManager] Successfully Opened [GoogleChrome]. @26-10-2021 01:52:18.0629 AM
[ReportManager] Target URL: [https://duckduckgo.com] @26-10-2021 01:52:18.0629 AM
[ReportManager] Initial URL: [data:,] @26-10-2021 01:52:18.0681 AM
[ReportManager] Browser Action [NavigateToURL] successfully performed. With the following test data [https://duckduckgo.com]. @26-10-2021 01:52:19.0200 A

################################################################################################################################################
Starting Execution:	[53 out of 143] test cases in the current suite
Test Method:		[unitTests.tests_browserActions.getWindowHandle]
################################################################################################################################################
[ReportManager] Browser Action [GetWindowHandle] successfully performed. With the following test data [CDwindow-926C35B95A476D25DC0B01FD0BB87188]. @26-10-2021 01:52:19.0237 A
[ReportManager] Target URL: [https://duckduckgo.com] @26-10-2021 01:52:19.0239 AM
[ReportManager] Initial URL: [https://duckduckgo.com] @26-10-2021 01:52:19.0314 AM
[ReportManager] Browser Action [NavigateToURL] successfully performed. With the following test data [https://duckduckgo.com]. @26-10-2021 01:52:19.0669 AM
[ReportManager] Browser Action [CloseCurrentWindow] successfully performed. @26-10-2021 01:52:19.0845 AM
[ReportManager] Successfully created attachment [Browser Action Test Data - CloseCurrentWindow - Actual Value] @26-10-2021 01:52:19.0845 A
[ReportManager] File Action [GetAbsolutePath] successfully performed. With the following test data [Relative Folder Path: "target/downloadedFiles/"]. @26-10-2021 01:52:19.0848 AM
[ReportManager] Attempting to run remotely on: [Linux-64], [GoogleChrome], [http://localhost:4444/wd/hub], Headless Execution. @26-10-2021 01:52:19.0848 AM
[ReportManager] Successfully Opened [GoogleChrome]. @26-10-2021 01:52:23.0632 AM
[ReportManager] Target URL: [https://duckduckgo.com] @26-10-2021 01:52:23.0632 AM
[ReportManager] Initial URL: [data:,] @26-10-2021 01:52:23.0704 AM
[ReportManager] Browser Action [NavigateToURL] successfully performed. With the following test data [https://duckduckgo.com]. @26-10-2021 01:52:24.0167 A

################################################################################################################################################
Starting Execution:	[54 out of 143] test cases in the current suite
Test Method:		[unitTests.tests_browserActions.getWindowPosition]
################################################################################################################################################
[ReportManager] Browser Action [GetWindowPosition] successfully performed. With the following test data [(0, 0)]. @26-10-2021 01:52:24.0221 A
[ReportManager] Target URL: [https://duckduckgo.com] @26-10-2021 01:52:24.0223 AM
[ReportManager] Initial URL: [https://duckduckgo.com] @26-10-2021 01:52:24.0278 AM
[ReportManager] Browser Action [NavigateToURL] successfully performed. With the following test data [https://duckduckgo.com]. @26-10-2021 01:52:24.0571 AM
[ReportManager] Browser Action [CloseCurrentWindow] successfully performed. @26-10-2021 01:52:24.0739 AM
[ReportManager] Successfully created attachment [Browser Action Test Data - CloseCurrentWindow - Actual Value] @26-10-2021 01:52:24.0740 A
[ReportManager] File Action [GetAbsolutePath] successfully performed. With the following test data [Relative Folder Path: "target/downloadedFiles/"]. @26-10-2021 01:52:24.0742 AM
[ReportManager] Attempting to run remotely on: [Linux-64], [GoogleChrome], [http://localhost:4444/wd/hub], Headless Execution. @26-10-2021 01:52:24.0742 AM
[ReportManager] Successfully Opened [GoogleChrome]. @26-10-2021 01:52:28.0641 AM
[ReportManager] Target URL: [https://duckduckgo.com] @26-10-2021 01:52:28.0641 AM
[ReportManager] Initial URL: [data:,] @26-10-2021 01:52:28.0694 AM
[ReportManager] Browser Action [NavigateToURL] successfully performed. With the following test data [https://duckduckgo.com]. @26-10-2021 01:52:29.0134 A

################################################################################################################################################
Starting Execution:	[55 out of 143] test cases in the current suite
Test Method:		[unitTests.tests_browserActions.getWindowSize]
################################################################################################################################################
[ReportManager] Browser Action [GetWindowSize] successfully performed. With the following test data [(800, 600)]. @26-10-2021 01:52:29.0189 A
[ReportManager] Target URL: [https://duckduckgo.com] @26-10-2021 01:52:29.0190 AM
[ReportManager] Initial URL: [https://duckduckgo.com] @26-10-2021 01:52:29.0300 AM
[ReportManager] Browser Action [NavigateToURL] successfully performed. With the following test data [https://duckduckgo.com]. @26-10-2021 01:52:29.0616 AM
[ReportManager] Browser Action [CloseCurrentWindow] successfully performed. @26-10-2021 01:52:29.0724 AM
[ReportManager] Successfully created attachment [Browser Action Test Data - CloseCurrentWindow - Actual Value] @26-10-2021 01:52:29.0724 A
[ReportManager] File Action [GetAbsolutePath] successfully performed. With the following test data [Relative Folder Path: "target/downloadedFiles/"]. @26-10-2021 01:52:29.0726 AM
[ReportManager] Attempting to run remotely on: [Linux-64], [GoogleChrome], [http://localhost:4444/wd/hub], Headless Execution. @26-10-2021 01:52:29.0726 AM
[ReportManager] Successfully Opened [GoogleChrome]. @26-10-2021 01:52:33.0668 AM
[ReportManager] Target URL: [https://duckduckgo.com] @26-10-2021 01:52:33.0668 AM
[ReportManager] Initial URL: [data:,] @26-10-2021 01:52:33.0725 AM
[ReportManager] Browser Action [NavigateToURL] successfully performed. With the following test data [https://duckduckgo.com]. @26-10-2021 01:52:34.0170 A

################################################################################################################################################
Starting Execution:	[56 out of 143] test cases in the current suite
Test Method:		[unitTests.tests_browserActions.maximizeWindow]
################################################################################################################################################
[ReportManager] Initial window size: (800, 600) @26-10-2021 01:52:34.0185 AM
[ReportManager] Window size after Toolkit: (1920, 1080) @26-10-2021 01:52:34.0417 AM
[ReportManager] Browser Action [MaximizeWindow] successfully performed. With the following test data [New screen size is now: (1920, 1080)]. @26-10-2021 01:52:34.0434 A
[ReportManager] Target URL: [https://duckduckgo.com] @26-10-2021 01:52:34.0445 AM
[ReportManager] Initial URL: [https://duckduckgo.com] @26-10-2021 01:52:34.0544 AM
[ReportManager] Browser Action [NavigateToURL] successfully performed. With the following test data [https://duckduckgo.com]. @26-10-2021 01:52:34.0846 AM
[ReportManager] Browser Action [CloseCurrentWindow] successfully performed. @26-10-2021 01:52:34.0992 AM
[ReportManager] Successfully created attachment [Browser Action Test Data - CloseCurrentWindow - Actual Value] @26-10-2021 01:52:34.0992 A
[ReportManager] File Action [GetAbsolutePath] successfully performed. With the following test data [Relative Folder Path: "target/downloadedFiles/"]. @26-10-2021 01:52:34.0994 AM
[ReportManager] Attempting to run remotely on: [Linux-64], [GoogleChrome], [http://localhost:4444/wd/hub], Headless Execution. @26-10-2021 01:52:34.0995 AM
[ReportManager] Successfully Opened [GoogleChrome]. @26-10-2021 01:52:38.0635 AM
[ReportManager] Target URL: [https://duckduckgo.com] @26-10-2021 01:52:38.0635 AM
[ReportManager] Initial URL: [data:,] @26-10-2021 01:52:38.0682 AM
[ReportManager] Browser Action [NavigateToURL] successfully performed. With the following test data [https://duckduckgo.com]. @26-10-2021 01:52:39.0131 A

################################################################################################################################################
Starting Execution:	[57 out of 143] test cases in the current suite
Test Method:		[unitTests.tests_browserActions.navigateBack]
################################################################################################################################################
[ReportManager] Target URL: [https://www.google.com/ncr], and after redirection: [https://www.google.com] @26-10-2021 01:52:39.0138 AM
[ReportManager] Initial URL: [https://duckduckgo.com] @26-10-2021 01:52:39.0206 AM
[ReportManager] Browser Action [NavigateToURL] successfully performed. With the following test data [https://www.google.com/ncr]. @26-10-2021 01:52:39.0816 AM
[ReportManager] Browser Action [NavigateBack] successfully performed. With the following test data [https://duckduckgo.com/]. @26-10-2021 01:52:40.0183 AM
[ReportManager] Browser Action [GetCurrentURL] successfully performed. With the following test data [https://duckduckgo.com/]. @26-10-2021 01:52:40.0232 AM
[ReportManager] Assertion Passed: Confirming that navigating back was successful @26-10-2021 01:52:40.0346 AM
[ReportManager] Successfully created attachment [Screenshot - 1635213160292_navigateBack_ValidateBrowserAttribute_passed] @26-10-2021 01:52:40.0347 AM
[ReportManager] Assertion [ValidateBrowserAttribute] PASSED. Expected [Value Should be 'https://duckduckgo.com' for the 'CurrentUrl' attribute] and Actual [https://duckduckgo.com/]. Comparison Type [CONTAINS]. Validation Type [POSITIVE]. @26-10-2021 01:52:40.0347 A
[ReportManager] Target URL: [https://duckduckgo.com] @26-10-2021 01:52:40.0348 AM
[ReportManager] Initial URL: [https://duckduckgo.com] @26-10-2021 01:52:40.0449 AM
[ReportManager] Browser Action [NavigateToURL] successfully performed. With the following test data [https://duckduckgo.com]. @26-10-2021 01:52:40.0728 AM
[ReportManager] Browser Action [CloseCurrentWindow] successfully performed. @26-10-2021 01:52:40.0876 AM
[ReportManager] Successfully created attachment [Browser Action Test Data - CloseCurrentWindow - Actual Value] @26-10-2021 01:52:40.0876 A
[ReportManager] File Action [GetAbsolutePath] successfully performed. With the following test data [Relative Folder Path: "target/downloadedFiles/"]. @26-10-2021 01:52:40.0879 AM
[ReportManager] Attempting to run remotely on: [Linux-64], [GoogleChrome], [http://localhost:4444/wd/hub], Headless Execution. @26-10-2021 01:52:40.0879 AM
[ReportManager] Successfully Opened [GoogleChrome]. @26-10-2021 01:52:43.0661 AM
[ReportManager] Target URL: [https://duckduckgo.com] @26-10-2021 01:52:43.0661 AM
[ReportManager] Initial URL: [data:,] @26-10-2021 01:52:43.0712 AM
[ReportManager] Browser Action [NavigateToURL] successfully performed. With the following test data [https://duckduckgo.com]. @26-10-2021 01:52:44.0168 A

################################################################################################################################################
Starting Execution:	[58 out of 143] test cases in the current suite
Test Method:		[unitTests.tests_browserActions.navigateForward]
################################################################################################################################################
[ReportManager] Target URL: [https://www.google.com/ncr], and after redirection: [https://www.google.com] @26-10-2021 01:52:44.0176 AM
[ReportManager] Initial URL: [https://duckduckgo.com] @26-10-2021 01:52:44.0218 AM
[ReportManager] Browser Action [NavigateToURL] successfully performed. With the following test data [https://www.google.com/ncr]. @26-10-2021 01:52:44.0910 AM
[ReportManager] Browser Action [NavigateBack] successfully performed. With the following test data [https://duckduckgo.com/]. @26-10-2021 01:52:45.0277 AM
[ReportManager] Browser Action [NavigateForward] successfully performed. With the following test data [https://www.google.com/]. @26-10-2021 01:52:45.0629 A
[ReportManager] Target URL: [https://duckduckgo.com] @26-10-2021 01:52:45.0632 AM
[ReportManager] Initial URL: [https://www.google.com] @26-10-2021 01:52:45.0702 AM
[ReportManager] Browser Action [NavigateToURL] successfully performed. With the following test data [https://duckduckgo.com]. @26-10-2021 01:52:46.0091 AM
[ReportManager] Browser Action [CloseCurrentWindow] successfully performed. @26-10-2021 01:52:46.0309 AM
[ReportManager] Successfully created attachment [Browser Action Test Data - CloseCurrentWindow - Actual Value] @26-10-2021 01:52:46.0309 A
[ReportManager] File Action [GetAbsolutePath] successfully performed. With the following test data [Relative Folder Path: "target/downloadedFiles/"]. @26-10-2021 01:52:46.0311 AM
[ReportManager] Attempting to run remotely on: [Linux-64], [GoogleChrome], [http://localhost:4444/wd/hub], Headless Execution. @26-10-2021 01:52:46.0311 AM
[ReportManager] Successfully Opened [GoogleChrome]. @26-10-2021 01:52:48.0641 AM
[ReportManager] Target URL: [https://duckduckgo.com] @26-10-2021 01:52:48.0641 AM
[ReportManager] Initial URL: [data:,] @26-10-2021 01:52:48.0679 AM
[ReportManager] Browser Action [NavigateToURL] successfully performed. With the following test data [https://duckduckgo.com]. @26-10-2021 01:52:49.0182 A

################################################################################################################################################
Starting Execution:	[59 out of 143] test cases in the current suite
Test Method:		[unitTests.tests_browserActions.navigateToURL]
################################################################################################################################################
[ReportManager] Target URL: [https://duckduckgo.com] @26-10-2021 01:52:49.0185 AM
[ReportManager] Initial URL: [https://duckduckgo.com] @26-10-2021 01:52:49.0234 AM
[ReportManager] Browser Action [NavigateToURL] successfully performed. With the following test data [https://duckduckgo.com]. @26-10-2021 01:52:49.0516 A
[ReportManager] Target URL: [https://duckduckgo.com] @26-10-2021 01:52:49.0519 AM
[ReportManager] Initial URL: [https://duckduckgo.com] @26-10-2021 01:52:49.0583 AM
[ReportManager] Browser Action [NavigateToURL] successfully performed. With the following test data [https://duckduckgo.com]. @26-10-2021 01:52:49.0849 AM
[ReportManager] Browser Action [CloseCurrentWindow] successfully performed. @26-10-2021 01:52:49.0981 AM
[ReportManager] Successfully created attachment [Browser Action Test Data - CloseCurrentWindow - Actual Value] @26-10-2021 01:52:49.0981 A
[ReportManager] File Action [GetAbsolutePath] successfully performed. With the following test data [Relative Folder Path: "target/downloadedFiles/"]. @26-10-2021 01:52:49.0983 AM
[ReportManager] Attempting to run remotely on: [Linux-64], [GoogleChrome], [http://localhost:4444/wd/hub], Headless Execution. @26-10-2021 01:52:49.0984 AM
[ReportManager] Successfully Opened [GoogleChrome]. @26-10-2021 01:52:53.0638 AM
[ReportManager] Target URL: [https://duckduckgo.com] @26-10-2021 01:52:53.0638 AM
[ReportManager] Initial URL: [data:,] @26-10-2021 01:52:53.0689 AM
[ReportManager] Browser Action [NavigateToURL] successfully performed. With the following test data [https://duckduckgo.com]. @26-10-2021 01:52:54.0133 A

################################################################################################################################################
Starting Execution:	[60 out of 143] test cases in the current suite
Test Method:		[unitTests.tests_browserActions.navigateToURLWithRedirection]
################################################################################################################################################
[ReportManager] Target URL: [https://www.google.com/ncr], and after redirection: [https://www.google.com] @26-10-2021 01:52:54.0140 AM
[ReportManager] Initial URL: [https://duckduckgo.com] @26-10-2021 01:52:54.0204 AM
[ReportManager] Browser Action [NavigateToURL] successfully performed. With the following test data [https://www.google.com/ncr]. @26-10-2021 01:52:54.0860 A
[ReportManager] Target URL: [https://duckduckgo.com] @26-10-2021 01:52:54.0862 AM
[ReportManager] Initial URL: [https://www.google.com] @26-10-2021 01:52:54.0991 AM
[ReportManager] Browser Action [NavigateToURL] successfully performed. With the following test data [https://duckduckgo.com]. @26-10-2021 01:52:55.0411 AM
[ReportManager] Browser Action [CloseCurrentWindow] successfully performed. @26-10-2021 01:52:55.0556 AM
[ReportManager] Successfully created attachment [Browser Action Test Data - CloseCurrentWindow - Actual Value] @26-10-2021 01:52:55.0556 A
[ReportManager] File Action [GetAbsolutePath] successfully performed. With the following test data [Relative Folder Path: "target/downloadedFiles/"]. @26-10-2021 01:52:55.0558 AM
[ReportManager] Attempting to run remotely on: [Linux-64], [GoogleChrome], [http://localhost:4444/wd/hub], Headless Execution. @26-10-2021 01:52:55.0559 AM
[ReportManager] Successfully Opened [GoogleChrome]. @26-10-2021 01:52:58.0643 AM
[ReportManager] Target URL: [https://duckduckgo.com] @26-10-2021 01:52:58.0643 AM
[ReportManager] Initial URL: [data:,] @26-10-2021 01:52:58.0697 AM
[ReportManager] Browser Action [NavigateToURL] successfully performed. With the following test data [https://duckduckgo.com]. @26-10-2021 01:52:59.0121 A

################################################################################################################################################
Starting Execution:	[61 out of 143] test cases in the current suite
Test Method:		[unitTests.tests_browserActions.refreshCurrentPage]
################################################################################################################################################
[ReportManager] Browser Action [RefreshCurrentPage] successfully performed. @26-10-2021 01:52:59.0278 AM
[ReportManager] Successfully created attachment [Browser Action Test Data - RefreshCurrentPage - Actual Value] @26-10-2021 01:52:59.0278 A
[ReportManager] Target URL: [https://duckduckgo.com] @26-10-2021 01:52:59.0287 AM
[ReportManager] Initial URL: [https://duckduckgo.com] @26-10-2021 01:52:59.0348 AM
[ReportManager] Browser Action [NavigateToURL] successfully performed. With the following test data [https://duckduckgo.com]. @26-10-2021 01:52:59.0620 AM
[ReportManager] Browser Action [CloseCurrentWindow] successfully performed. @26-10-2021 01:52:59.0770 AM
[ReportManager] Successfully created attachment [Browser Action Test Data - CloseCurrentWindow - Actual Value] @26-10-2021 01:52:59.0771 A
[ReportManager] File Action [GetAbsolutePath] successfully performed. With the following test data [Relative Folder Path: "target/downloadedFiles/"]. @26-10-2021 01:52:59.0773 AM
[ReportManager] Attempting to run remotely on: [Linux-64], [GoogleChrome], [http://localhost:4444/wd/hub], Headless Execution. @26-10-2021 01:52:59.0774 AM
[ReportManager] Successfully Opened [GoogleChrome]. @26-10-2021 01:53:03.0638 AM
[ReportManager] Target URL: [https://duckduckgo.com] @26-10-2021 01:53:03.0639 AM
[ReportManager] Initial URL: [data:,] @26-10-2021 01:53:03.0681 AM
[ReportManager] Browser Action [NavigateToURL] successfully performed. With the following test data [https://duckduckgo.com]. @26-10-2021 01:53:04.0116 A

################################################################################################################################################
Starting Execution:	[62 out of 143] test cases in the current suite
Test Method:		[unitTests.tests_browserActions.setWindowSize]
################################################################################################################################################
[ReportManager] Initial window size: (800, 600) @26-10-2021 01:53:04.0139 AM
[ReportManager] Window size after SWD: (1280, 720) @26-10-2021 01:53:04.0361 AM
[ReportManager] Browser Action [SetWindowSize] successfully performed. With the following test data [New screen size is now: (1280, 720)]. @26-10-2021 01:53:04.0362 A
[ReportManager] Target URL: [https://duckduckgo.com] @26-10-2021 01:53:04.0364 AM
[ReportManager] Initial URL: [https://duckduckgo.com] @26-10-2021 01:53:04.0427 AM
[ReportManager] Browser Action [NavigateToURL] successfully performed. With the following test data [https://duckduckgo.com]. @26-10-2021 01:53:04.0702 AM
[ReportManager] Browser Action [CloseCurrentWindow] successfully performed. @26-10-2021 01:53:04.0827 AM
[ReportManager] Successfully created attachment [Browser Action Test Data - CloseCurrentWindow - Actual Value] @26-10-2021 01:53:04.0828 A
[ReportManager] File Action [GetAbsolutePath] successfully performed. With the following test data [Relative Folder Path: "target/downloadedFiles/"]. @26-10-2021 01:53:04.0830 AM
[ReportManager] Attempting to run remotely on: [Linux-64], [GoogleChrome], [http://localhost:4444/wd/hub], Headless Execution. @26-10-2021 01:53:04.0830 AM
[ReportManager] Successfully Opened [GoogleChrome]. @26-10-2021 01:53:08.0641 A

################################################################################################################################################
Starting Execution:	[63 out of 143] test cases in the current suite
Test Method:		[unitTests.tests_element_elementActions.waitForElementToBePresent_false_expectedToFail]
################################################################################################################################################
[ReportManager] Target URL: [https://www.google.com/ncr], and after redirection: [www.google.com] @26-10-2021 01:53:08.0643 AM
[ReportManager] Initial URL: [data:,] @26-10-2021 01:53:08.0685 AM
[ReportManager] Browser Action [NavigateToURL] successfully performed. With the following test data [https://www.google.com/ncr]. @26-10-2021 01:53:09.0318 AM
[ReportManager] Waiting for element to be present; elementLocator [By.xpath: //*[@id='hplogo' or @alt='Google']], numberOfTries[1], stateOfPresence[false]... @26-10-2021 01:53:09.0331 AM
[ReportManager] Element Action [WaitForElementToBePresent] failed. With the following test data [waited for the element's state of presence to be (false). Element locator (By.xpath: //*[@id='hplogo' or @alt='Google'])]. @26-10-2021 01:53:09.0538 AM
[ReportManager] Successfully created attachment [Screenshot - 1635213189481_waitForElementToBePresent_false_expectedToFail_WaitForElementToBePresent_failed] @26-10-2021 01:53:09.0539 A
[ReportManager] Browser Action [CloseCurrentWindow] successfully performed. @26-10-2021 01:53:09.0668 AM
[ReportManager] Successfully created attachment [Browser Action Test Data - CloseCurrentWindow - Actual Value] @26-10-2021 01:53:09.0669 A
[ReportManager] File Action [GetAbsolutePath] successfully performed. With the following test data [Relative Folder Path: "target/downloadedFiles/"]. @26-10-2021 01:53:09.0671 AM
[ReportManager] Attempting to run remotely on: [Linux-64], [GoogleChrome], [http://localhost:4444/wd/hub], Headless Execution. @26-10-2021 01:53:09.0671 AM
[ReportManager] Successfully Opened [GoogleChrome]. @26-10-2021 01:53:13.0667 A

################################################################################################################################################
Starting Execution:	[64 out of 143] test cases in the current suite
Test Method:		[unitTests.tests_element_elementActions.waitForElementToBePresent_false_expectedToPass]
################################################################################################################################################
[ReportManager] Target URL: [https://www.google.com/ncr], and after redirection: [www.google.com] @26-10-2021 01:53:13.0671 AM
[ReportManager] Initial URL: [data:,] @26-10-2021 01:53:13.0731 AM
[ReportManager] Browser Action [NavigateToURL] successfully performed. With the following test data [https://www.google.com/ncr]. @26-10-2021 01:53:14.0443 AM
[ReportManager] Waiting for element to be present; elementLocator [By.id: bla], numberOfTries[1], stateOfPresence[false]... @26-10-2021 01:53:14.0443 AM
[ReportManager] Element Action [WaitForElementToBePresent] successfully performed. With the following test data [waited for the element's state of presence to be (false). Element locator (By.id: bla)]. @26-10-2021 01:53:19.0567 A
[ReportManager] Browser Action [CloseCurrentWindow] successfully performed. @26-10-2021 01:53:19.0685 AM
[ReportManager] Successfully created attachment [Browser Action Test Data - CloseCurrentWindow - Actual Value] @26-10-2021 01:53:19.0686 A
[ReportManager] File Action [GetAbsolutePath] successfully performed. With the following test data [Relative Folder Path: "target/downloadedFiles/"]. @26-10-2021 01:53:19.0688 AM
[ReportManager] Attempting to run remotely on: [Linux-64], [GoogleChrome], [http://localhost:4444/wd/hub], Headless Execution. @26-10-2021 01:53:19.0688 AM
[ReportManager] Successfully Opened [GoogleChrome]. @26-10-2021 01:53:23.0658 A

################################################################################################################################################
Starting Execution:	[65 out of 143] test cases in the current suite
Test Method:		[unitTests.tests_element_elementActions.waitForElementToBePresent_moreThanOneElement_expectedToFail]
################################################################################################################################################
[ReportManager] Target URL: [https://www.google.com/ncr], and after redirection: [www.google.com] @26-10-2021 01:53:23.0661 AM
[ReportManager] Initial URL: [data:,] @26-10-2021 01:53:23.0728 AM
[ReportManager] Browser Action [NavigateToURL] successfully performed. With the following test data [https://www.google.com/ncr]. @26-10-2021 01:53:24.0350 AM
[ReportManager] Waiting for element to be present; elementLocator [By.xpath: //*], numberOfTries[1], stateOfPresence[false]... @26-10-2021 01:53:24.0350 AM
[ReportManager] Element Action [WaitForElementToBePresent] failed. With the following test data [waited for the element's state of presence to be (false). Element locator (By.xpath: //*)]. @26-10-2021 01:53:24.0570 AM
[ReportManager] Successfully created attachment [Screenshot - 1635213204511_waitForElementToBePresent_moreThanOneElement_expectedToFail_WaitForElementToBePresent_failed] @26-10-2021 01:53:24.0571 A
[ReportManager] Browser Action [CloseCurrentWindow] successfully performed. @26-10-2021 01:53:24.0692 AM
[ReportManager] Successfully created attachment [Browser Action Test Data - CloseCurrentWindow - Actual Value] @26-10-2021 01:53:24.0693 A
[ReportManager] File Action [GetAbsolutePath] successfully performed. With the following test data [Relative Folder Path: "target/downloadedFiles/"]. @26-10-2021 01:53:24.0695 AM
[ReportManager] Attempting to run remotely on: [Linux-64], [GoogleChrome], [http://localhost:4444/wd/hub], Headless Execution. @26-10-2021 01:53:24.0696 AM
[ReportManager] Successfully Opened [GoogleChrome]. @26-10-2021 01:53:28.0656 A

################################################################################################################################################
Starting Execution:	[66 out of 143] test cases in the current suite
Test Method:		[unitTests.tests_element_elementActions.waitForElementToBePresent_true_expectedToFail]
################################################################################################################################################
[ReportManager] Target URL: [https://www.google.com/ncr], and after redirection: [www.google.com] @26-10-2021 01:53:28.0662 AM
[ReportManager] Initial URL: [data:,] @26-10-2021 01:53:28.0705 AM
[ReportManager] Browser Action [NavigateToURL] successfully performed. With the following test data [https://www.google.com/ncr]. @26-10-2021 01:53:29.0364 AM
[ReportManager] Waiting for element to be present; elementLocator [By.id: bla], numberOfTries[1], stateOfPresence[true]... @26-10-2021 01:53:29.0365 AM
[ReportManager] Element Action [WaitForElementToBePresent] failed. With the following test data [waited for the element's state of presence to be (true). Element locator (By.id: bla)]. @26-10-2021 01:53:34.0599 AM
[ReportManager] Successfully created attachment [Screenshot - 1635213214535_waitForElementToBePresent_true_expectedToFail_WaitForElementToBePresent_failed] @26-10-2021 01:53:34.0600 A
[ReportManager] Browser Action [CloseCurrentWindow] successfully performed. @26-10-2021 01:53:34.0739 AM
[ReportManager] Successfully created attachment [Browser Action Test Data - CloseCurrentWindow - Actual Value] @26-10-2021 01:53:34.0740 A
[ReportManager] File Action [GetAbsolutePath] successfully performed. With the following test data [Relative Folder Path: "target/downloadedFiles/"]. @26-10-2021 01:53:34.0744 AM
[ReportManager] Attempting to run remotely on: [Linux-64], [GoogleChrome], [http://localhost:4444/wd/hub], Headless Execution. @26-10-2021 01:53:34.0744 AM
[ReportManager] Successfully Opened [GoogleChrome]. @26-10-2021 01:53:38.0664 A

################################################################################################################################################
Starting Execution:	[67 out of 143] test cases in the current suite
Test Method:		[unitTests.tests_element_elementActions.waitForElementToBePresent_true_expectedToPass]
################################################################################################################################################
[ReportManager] Target URL: [https://www.google.com/ncr], and after redirection: [www.google.com] @26-10-2021 01:53:38.0667 AM
[ReportManager] Initial URL: [data:,] @26-10-2021 01:53:38.0705 AM
[ReportManager] Browser Action [NavigateToURL] successfully performed. With the following test data [https://www.google.com/ncr]. @26-10-2021 01:53:39.0340 AM
[ReportManager] Waiting for element to be present; elementLocator [By.xpath: //*[@id='hplogo' or @alt='Google']], numberOfTries[1], stateOfPresence[true]... @26-10-2021 01:53:39.0341 AM
[ReportManager] Element Action [WaitForElementToBePresent] successfully performed. With the following test data [waited for the element's state of presence to be (true). Element locator (By.xpath: //*[@id='hplogo' or @alt='Google'])]. @26-10-2021 01:53:39.0382 AM
[ReportManager] File Action [DoesFileExist] successfully performed. With the following test data [File Path: "src/test/resources/DynamicObjectRepository/unitTests_tests_element_elementActions_waitForElementToBePresent_true_expectedToPass_By_xpath_id_hplogo_or_alt_Google.png"]. @26-10-2021 01:53:39.0386 AM
[ReportManager] File Action [DoesFileExist] successfully performed. With the following test data [File Path: "src/test/resources/DynamicObjectRepository/unitTests_tests_element_elementActions_waitForElementToBePresent_true_expectedToPass_By_xpath_id_hplogo_or_alt_Google.png"]. @26-10-2021 01:53:39.0589 AM
[ReportManager] Passing the test and saving a reference image @26-10-2021 01:53:39.0589 AM
[ReportManager] File Action [GetAbsolutePath] successfully performed. With the following test data [Relative File Path: "src/test/resources/DynamicObjectRepository/unitTests_tests_element_elementActions_waitForElementToBePresent_true_expectedToPass_By_xpath_id_hplogo_or_alt_Google.png"]. @26-10-2021 01:53:39.0589 AM
[ReportManager] File Action [WriteToFile] successfully performed. With the following test data [Target File Path: "/home/runner/work/SHAFT_ENGINE/SHAFT_ENGINE/src/test/resources/DynamicObjectRepository/unitTests_tests_element_elementActions_waitForElementToBePresent_true_expectedToPass_By_xpath_id_hplogo_or_alt_Google.png"]. @26-10-2021 01:53:39.0593 AM
[ReportManager] Assertion Passed: Using Visual AI; OpenCV @26-10-2021 01:53:39.0594 AM
[ReportManager] Successfully created attachment [Validation Test Data - Actual Screenshot] @26-10-2021 01:53:39.0594 AM
[ReportManager] Assertion [ValidateElementMatches] PASSED. Expected [Element should match the reference screenshot] and Actual [TRUE]. Comparison Type [EXACT_OPENCV]. Validation Type [POSITIVE]. @26-10-2021 01:53:39.0594 A
[ReportManager] Browser Action [CloseCurrentWindow] successfully performed. @26-10-2021 01:53:39.0729 AM
[ReportManager] Successfully created attachment [Browser Action Test Data - CloseCurrentWindow - Actual Value] @26-10-2021 01:53:39.0730 A
[ReportManager] Successfully loaded the following test data file [src/test/resources/TestDataFiles/testSuite01/TestData.xlsx]. @26-10-2021 01:53:40.0404 AM
[ReportManager] Successfully created attachment [Test Data - Excel] @26-10-2021 01:53:40.0405 A

################################################################################################################################################
Starting Execution:	[68 out of 143] test cases in the current suite
Test Method:		[unitTests.tests_io_excelFileManager.getCellData_rowName_expectedToPass]
################################################################################################################################################
[ReportManager] testRowData. @26-10-2021 01:53:40.0418 A

################################################################################################################################################
Starting Execution:	[69 out of 143] test cases in the current suite
Test Method:		[testPackage01.Test_testData.f]
################################################################################################################################################
[ReportManager] Successfully loaded the following test data file [src/test/resources/TestDataFiles/testSuite01/TestData.xlsx]. @26-10-2021 01:53:40.0446 AM
[ReportManager] Successfully created attachment [Test Data - Excel] @26-10-2021 01:53:40.0446 AM
[ReportManager] Last Column Number is: [3]. Zero-based. @26-10-2021 01:53:40.0446 A

################################################################################################################################################
Starting Execution:	[70 out of 143] test cases in the current suite
Test Method:		[testPackage01.Test_SkipDueToIssue.doNotSkip]
################################################################################################################################################
[ReportManager] This should not be skipped. @26-10-2021 01:53:40.0451 A

################################################################################################################################################
Starting Execution:	[71 out of 143] test cases in the current suite
Test Method:		[testPackage01.Test_SkipDueToIssue.skip]
################################################################################################################################################
[ReportManager] This should be skipped. @26-10-2021 01:53:40.0456 A

################################################################################################################################################
Starting Execution:	[72 out of 143] test cases in the current suite
Test Method:		[testPackage01.Test_SkipDueToIssue.skip2]
################################################################################################################################################
[ReportManager] This should be skipped. @26-10-2021 01:53:40.0461 A

################################################################################################################################################
Starting Execution:	[73 out of 143] test cases in the current suite
Test Method:		[testPackage01.Test_chainableElementActions.chainElementActions]
################################################################################################################################################
[ReportManager] File Action [GetAbsolutePath] successfully performed. With the following test data [Relative Folder Path: "target/downloadedFiles/"]. @26-10-2021 01:53:40.0464 AM
[ReportManager] Attempting to run remotely on: [Linux-64], [GoogleChrome], [http://localhost:4444/wd/hub], Headless Execution. @26-10-2021 01:53:40.0465 AM
[ReportManager] Successfully Opened [GoogleChrome]. @26-10-2021 01:53:43.0654 AM
[ReportManager] Target URL: [https://www.google.com/ncr], and after redirection: [https://www.google.com] @26-10-2021 01:53:43.0654 AM
[ReportManager] Initial URL: [data:,] @26-10-2021 01:53:43.0689 AM
[ReportManager] Browser Action [NavigateToURL] successfully performed. With the following test data [https://www.google.com/ncr]. @26-10-2021 01:53:44.0336 AM
[ReportManager] Element Action [Type] successfully performed. With the following test data [chained type 1]. @26-10-2021 01:53:44.0689 AM
[ReportManager] Element Action [Type] successfully performed. With the following test data [chained type 2]. @26-10-2021 01:53:45.0045 AM
[ReportManager] Element Action [TypeAppend] successfully performed. With the following test data [345]. @26-10-2021 01:53:45.0151 AM
[ReportManager] Element Action [GetText] successfully performed. With the following test data [chained type 2345]. @26-10-2021 01:53:45.0315 AM
[ReportManager] Loaded Shared OpenCV @26-10-2021 01:53:45.0427 AM
[ReportManager] Assertion [ValidateElementAttribute] PASSED. Expected [Value Should be 'chained type 2345' for the 'text' attribute, element locator 'By.name: q'] and Actual [chained type 2345]. Comparison Type [EQUALS]. Validation Type [POSITIVE]. @26-10-2021 01:53:45.0491 AM
[ReportManager] Successfully created attachment [Screenshot - 1635213225427_chainElementActions_ValidateElementAttribute_passed] @26-10-2021 01:53:45.0492 AM
[ReportManager] Browser Action [CloseCurrentWindow] successfully performed. @26-10-2021 01:53:45.0602 AM
[ReportManager] Successfully created attachment [Browser Action Test Data - CloseCurrentWindow - Actual Value] @26-10-2021 01:53:45.0603 A

################################################################################################################################################
Starting Execution:	[74 out of 143] test cases in the current suite
Test Method:		[testPackage01.Test_NewValidationHelper.f1]
################################################################################################################################################
[ReportManager] Assertion Passed: Checking valid user data @26-10-2021 01:53:45.0608 AM
[ReportManager] Successfully created attachment [Validation Test Data - Expected Value] @26-10-2021 01:53:45.0608 AM
[ReportManager] Successfully created attachment [Validation Test Data - Actual Value] @26-10-2021 01:53:45.0608 AM
[ReportManager] Assertion [ValidateEquals] PASSED. Expected and Actual values are attached. Comparison Type [EQUALS]. Validation Type [POSITIVE]. @26-10-2021 01:53:45.0608 A
[ReportManager] File Action [GetAbsolutePath] successfully performed. With the following test data [Relative Folder Path: "target/downloadedFiles/"]. @26-10-2021 01:53:45.0612 AM
[ReportManager] Attempting to run remotely on: [Linux-64], [GoogleChrome], [http://localhost:4444/wd/hub], Headless Execution. @26-10-2021 01:53:45.0612 AM
[ReportManager] Successfully Opened [GoogleChrome]. @26-10-2021 01:53:48.0637 AM
[ReportManager] Target URL: [https://the-internet.herokuapp.com/] @26-10-2021 01:53:48.0637 AM
[ReportManager] Initial URL: [data:,] @26-10-2021 01:53:48.0678 AM
[ReportManager] Browser Action [NavigateToURL] successfully performed. With the following test data [https://the-internet.herokuapp.com/]. @26-10-2021 01:53:49.0182 A

################################################################################################################################################
Starting Execution:	[75 out of 143] test cases in the current suite
Test Method:		[testPackage01.Test_NewValidationHelper.f10]
################################################################################################################################################
[ReportManager] Assertion [ValidateElementExists] FAILED. Expected [Element Should Exist, locator 'By.tagName: div'] and Actual [Element Exists but is not unique]. Comparison Type [EQUALS]. Validation Type [POSITIVE]. @26-10-2021 01:53:49.0417 AM
[ReportManager] Successfully created attachment [Screenshot - 1635213229360_f10_ValidateElementExists_failed] @26-10-2021 01:53:49.0418 A
[ReportManager] Successfully Closed All Drivers. @26-10-2021 01:53:49.0511 A
[ReportManager] File Action [GetAbsolutePath] successfully performed. With the following test data [Relative Folder Path: "target/downloadedFiles/"]. @26-10-2021 01:53:49.0513 AM
[ReportManager] Attempting to run remotely on: [Linux-64], [GoogleChrome], [http://localhost:4444/wd/hub], Headless Execution. @26-10-2021 01:53:49.0513 AM
[ReportManager] Successfully Opened [GoogleChrome]. @26-10-2021 01:53:53.0643 AM
[ReportManager] Target URL: [https://the-internet.herokuapp.com/] @26-10-2021 01:53:53.0643 AM
[ReportManager] Initial URL: [data:,] @26-10-2021 01:53:53.0697 AM
[ReportManager] Browser Action [NavigateToURL] successfully performed. With the following test data [https://the-internet.herokuapp.com/]. @26-10-2021 01:53:54.0106 A

################################################################################################################################################
Starting Execution:	[76 out of 143] test cases in the current suite
Test Method:		[testPackage01.Test_NewValidationHelper.f11]
################################################################################################################################################
[ReportManager] Assertion Passed: Checking that false tag doesn't exist @26-10-2021 01:54:04.0455 AM
[ReportManager] Successfully created attachment [Screenshot - 1635213244393_f11_ValidateElementExists_passed] @26-10-2021 01:54:04.0456 AM
[ReportManager] Assertion [ValidateElementExists] PASSED. Expected [Element Should not Exist, locator 'By.tagName: h3'] and Actual [Element Doesn't Exists]. Comparison Type [EQUALS]. Validation Type [NEGATIVE]. @26-10-2021 01:54:04.0456 A
[ReportManager] Successfully Closed All Drivers. @26-10-2021 01:54:04.0539 A
[ReportManager] File Action [GetAbsolutePath] successfully performed. With the following test data [Relative Folder Path: "target/downloadedFiles/"]. @26-10-2021 01:54:04.0543 AM
[ReportManager] Attempting to run remotely on: [Linux-64], [GoogleChrome], [http://localhost:4444/wd/hub], Headless Execution. @26-10-2021 01:54:04.0543 AM
[ReportManager] Successfully Opened [GoogleChrome]. @26-10-2021 01:54:08.0649 AM
[ReportManager] Target URL: [https://the-internet.herokuapp.com/] @26-10-2021 01:54:08.0649 AM
[ReportManager] Initial URL: [data:,] @26-10-2021 01:54:08.0706 AM
[ReportManager] Browser Action [NavigateToURL] successfully performed. With the following test data [https://the-internet.herokuapp.com/]. @26-10-2021 01:54:09.0000 A

################################################################################################################################################
Starting Execution:	[77 out of 143] test cases in the current suite
Test Method:		[testPackage01.Test_NewValidationHelper.f12]
################################################################################################################################################
[ReportManager] Loaded Shared OpenCV @26-10-2021 01:54:09.0193 AM
[ReportManager] Assertion [ValidateElementExists] FAILED. Expected [Element Should not Exist, locator 'By.tagName: h1'] and Actual [Element Exists]. Comparison Type [EQUALS]. Validation Type [NEGATIVE]. @26-10-2021 01:54:09.0281 AM
[ReportManager] Successfully created attachment [Screenshot - 1635213249193_f12_ValidateElementExists_failed] @26-10-2021 01:54:09.0283 A
[ReportManager] Successfully Closed All Drivers. @26-10-2021 01:54:09.0366 A
[ReportManager] File Action [GetAbsolutePath] successfully performed. With the following test data [Relative Folder Path: "target/downloadedFiles/"]. @26-10-2021 01:54:09.0369 AM
[ReportManager] Attempting to run remotely on: [Linux-64], [GoogleChrome], [http://localhost:4444/wd/hub], Headless Execution. @26-10-2021 01:54:09.0369 AM
[ReportManager] Successfully Opened [GoogleChrome]. @26-10-2021 01:54:13.0640 AM
[ReportManager] Target URL: [https://the-internet.herokuapp.com/] @26-10-2021 01:54:13.0640 AM
[ReportManager] Initial URL: [data:,] @26-10-2021 01:54:13.0709 AM
[ReportManager] Browser Action [NavigateToURL] successfully performed. With the following test data [https://the-internet.herokuapp.com/]. @26-10-2021 01:54:14.0225 A

################################################################################################################################################
Starting Execution:	[78 out of 143] test cases in the current suite
Test Method:		[testPackage01.Test_NewValidationHelper.f13]
################################################################################################################################################
[ReportManager] Assertion [ValidateElementExists] FAILED. Expected [Element Should not Exist, locator 'By.tagName: div'] and Actual [Element Exists but is not unique]. Comparison Type [EQUALS]. Validation Type [NEGATIVE]. @26-10-2021 01:54:14.0468 AM
[ReportManager] Successfully created attachment [Screenshot - 1635213254408_f13_ValidateElementExists_failed] @26-10-2021 01:54:14.0469 A
[ReportManager] Successfully Closed All Drivers. @26-10-2021 01:54:14.0554 A
[ReportManager] File Action [GetAbsolutePath] successfully performed. With the following test data [Relative Folder Path: "target/downloadedFiles/"]. @26-10-2021 01:54:14.0556 AM
[ReportManager] Attempting to run remotely on: [Linux-64], [GoogleChrome], [http://localhost:4444/wd/hub], Headless Execution. @26-10-2021 01:54:14.0556 AM
[ReportManager] Successfully Opened [GoogleChrome]. @26-10-2021 01:54:18.0645 AM
[ReportManager] Target URL: [https://the-internet.herokuapp.com/] @26-10-2021 01:54:18.0645 AM
[ReportManager] Initial URL: [data:,] @26-10-2021 01:54:18.0700 AM
[ReportManager] Browser Action [NavigateToURL] successfully performed. With the following test data [https://the-internet.herokuapp.com/]. @26-10-2021 01:54:19.0197 A

################################################################################################################################################
Starting Execution:	[79 out of 143] test cases in the current suite
Test Method:		[testPackage01.Test_NewValidationHelper.f14]
################################################################################################################################################
[ReportManager] Element Action [GetText] successfully performed. With the following test data [Welcome to the-internet]. @26-10-2021 01:54:19.0268 AM
[ReportManager] Loaded Shared OpenCV @26-10-2021 01:54:19.0428 AM
[ReportManager] Assertion Passed: Asserting that the header text is correct @26-10-2021 01:54:19.0496 AM
[ReportManager] Successfully created attachment [Screenshot - 1635213259428_f14_ValidateElementAttribute_passed] @26-10-2021 01:54:19.0497 AM
[ReportManager] Assertion [ValidateElementAttribute] PASSED. Expected [Value Should be 'Welcome to the-internet' for the 'text' attribute, element locator 'By.tagName: h1'] and Actual [Welcome to the-internet]. Comparison Type [EQUALS]. Validation Type [POSITIVE]. @26-10-2021 01:54:19.0497 A
[ReportManager] Successfully Closed All Drivers. @26-10-2021 01:54:19.0583 A
[ReportManager] File Action [GetAbsolutePath] successfully performed. With the following test data [Relative Folder Path: "target/downloadedFiles/"]. @26-10-2021 01:54:19.0586 AM
[ReportManager] Attempting to run remotely on: [Linux-64], [GoogleChrome], [http://localhost:4444/wd/hub], Headless Execution. @26-10-2021 01:54:19.0586 AM
[ReportManager] Successfully Opened [GoogleChrome]. @26-10-2021 01:54:23.0650 AM
[ReportManager] Target URL: [https://the-internet.herokuapp.com/] @26-10-2021 01:54:23.0650 AM
[ReportManager] Initial URL: [data:,] @26-10-2021 01:54:23.0685 AM
[ReportManager] Browser Action [NavigateToURL] successfully performed. With the following test data [https://the-internet.herokuapp.com/]. @26-10-2021 01:54:24.0052 A

################################################################################################################################################
Starting Execution:	[80 out of 143] test cases in the current suite
Test Method:		[testPackage01.Test_NewValidationHelper.f15]
################################################################################################################################################
[ReportManager] Element Action [GetText] successfully performed. With the following test data [Welcome to the-internet]. @26-10-2021 01:54:24.0123 AM
[ReportManager] Loaded Shared OpenCV @26-10-2021 01:54:24.0292 AM
[ReportManager] Assertion [ValidateElementAttribute] FAILED. Expected [Value Should not be 'Welcome' for the 'text' attribute, element locator 'By.tagName: h1'] and Actual [Welcome to the-internet]. Comparison Type [CONTAINS]. Validation Type [NEGATIVE]. @26-10-2021 01:54:24.0361 AM
[ReportManager] Successfully created attachment [Screenshot - 1635213264292_f15_ValidateElementAttribute_failed] @26-10-2021 01:54:24.0362 A
[ReportManager] Successfully Closed All Drivers. @26-10-2021 01:54:24.0443 A
[ReportManager] File Action [GetAbsolutePath] successfully performed. With the following test data [Relative Folder Path: "target/downloadedFiles/"]. @26-10-2021 01:54:24.0446 AM
[ReportManager] Attempting to run remotely on: [Linux-64], [GoogleChrome], [http://localhost:4444/wd/hub], Headless Execution. @26-10-2021 01:54:24.0446 AM
[ReportManager] Successfully Opened [GoogleChrome]. @26-10-2021 01:54:28.0640 AM
[ReportManager] Target URL: [https://the-internet.herokuapp.com/] @26-10-2021 01:54:28.0640 AM
[ReportManager] Initial URL: [data:,] @26-10-2021 01:54:28.0681 AM
[ReportManager] Browser Action [NavigateToURL] successfully performed. With the following test data [https://the-internet.herokuapp.com/]. @26-10-2021 01:54:29.0207 A

################################################################################################################################################
Starting Execution:	[81 out of 143] test cases in the current suite
Test Method:		[testPackage01.Test_NewValidationHelper.f16]
################################################################################################################################################
[ReportManager] Element Action [IdentifyUniqueElement] failed. With the following test data [zero elements found matching this locator "By.tagName: h3".]. @26-10-2021 01:54:54.0730 AM
[ReportManager] Successfully created attachment [Screenshot - 1635213294659_f16_IdentifyUniqueElement_failed] @26-10-2021 01:54:54.0731 AM
[ReportManager] Assertion [ValidateElementAttribute] FAILED. Expected [Value Should not be 'Welcome' for the 'text' attribute, element locator 'By.tagName: h3'] and Actual [Failed to read the desired element attribute]. Comparison Type [CONTAINS]. Validation Type [NEGATIVE]. @26-10-2021 01:54:54.0731 A
[ReportManager] Successfully Closed All Drivers. @26-10-2021 01:54:54.0815 A
[ReportManager] File Action [GetAbsolutePath] successfully performed. With the following test data [Relative Folder Path: "target/downloadedFiles/"]. @26-10-2021 01:54:54.0817 AM
[ReportManager] Attempting to run remotely on: [Linux-64], [GoogleChrome], [http://localhost:4444/wd/hub], Headless Execution. @26-10-2021 01:54:54.0818 AM
[ReportManager] Successfully Opened [GoogleChrome]. @26-10-2021 01:54:58.0653 AM
[ReportManager] Target URL: [https://the-internet.herokuapp.com/] @26-10-2021 01:54:58.0653 AM
[ReportManager] Initial URL: [data:,] @26-10-2021 01:54:58.0688 AM
[ReportManager] Browser Action [NavigateToURL] successfully performed. With the following test data [https://the-internet.herokuapp.com/]. @26-10-2021 01:54:59.0007 A

################################################################################################################################################
Starting Execution:	[82 out of 143] test cases in the current suite
Test Method:		[testPackage01.Test_NewValidationHelper.f17]
################################################################################################################################################
[ReportManager] Attempting to getAttribute [text2] from elementLocator [By.tagName: h1]. @26-10-2021 01:54:59.0010 AM
[ReportManager] Element Action [GetAttribute] successfully performed. @26-10-2021 01:54:59.0099 AM
[ReportManager] Loaded Shared OpenCV @26-10-2021 01:54:59.0227 AM
[ReportManager] Assertion [ValidateElementAttribute] PASSED. Expected [Value Should not be 'Welcome' for the 'text2' attribute, element locator 'By.tagName: h1'] and Actual [null]. Comparison Type [CONTAINS]. Validation Type [NEGATIVE]. @26-10-2021 01:54:59.0310 AM
[ReportManager] Successfully created attachment [Screenshot - 1635213299227_f17_ValidateElementAttribute_passed] @26-10-2021 01:54:59.0311 A
[ReportManager] Successfully Closed All Drivers. @26-10-2021 01:54:59.0397 A
[ReportManager] File Action [GetAbsolutePath] successfully performed. With the following test data [Relative Folder Path: "target/downloadedFiles/"]. @26-10-2021 01:54:59.0399 AM
[ReportManager] Attempting to run remotely on: [Linux-64], [GoogleChrome], [http://localhost:4444/wd/hub], Headless Execution. @26-10-2021 01:54:59.0399 AM
[ReportManager] Successfully Opened [GoogleChrome]. @26-10-2021 01:55:03.0645 AM
[ReportManager] Target URL: [https://the-internet.herokuapp.com/] @26-10-2021 01:55:03.0645 AM
[ReportManager] Initial URL: [data:,] @26-10-2021 01:55:03.0691 AM
[ReportManager] Browser Action [NavigateToURL] successfully performed. With the following test data [https://the-internet.herokuapp.com/]. @26-10-2021 01:55:04.0010 A

################################################################################################################################################
Starting Execution:	[83 out of 143] test cases in the current suite
Test Method:		[testPackage01.Test_NewValidationHelper.f18]
################################################################################################################################################
[ReportManager] Element Action [GetText] successfully performed. With the following test data [Welcome to the-internet]. @26-10-2021 01:55:04.0103 AM
[ReportManager] Loaded Shared OpenCV @26-10-2021 01:55:04.0228 AM
[ReportManager] Assertion [ValidateElementAttribute] PASSED. Expected [Value Should not be 'no' for the 'text' attribute, element locator 'By.tagName: h1'] and Actual [Welcome to the-internet]. Comparison Type [CONTAINS]. Validation Type [NEGATIVE]. @26-10-2021 01:55:04.0306 AM
[ReportManager] Successfully created attachment [Screenshot - 1635213304228_f18_ValidateElementAttribute_passed] @26-10-2021 01:55:04.0308 A
[ReportManager] Successfully Closed All Drivers. @26-10-2021 01:55:04.0394 A

################################################################################################################################################
Starting Execution:	[84 out of 143] test cases in the current suite
Test Method:		[testPackage01.Test_NewValidationHelper.f2]
################################################################################################################################################
[ReportManager] Assertion Failed: Checking valid user data @26-10-2021 01:55:04.0397 AM
[ReportManager] Assertion [ValidateEquals] FAILED. Expected [1] and Actual [2]. Comparison Type [EQUALS]. Validation Type [POSITIVE]. @26-10-2021 01:55:04.0397 A
[ReportManager] File Action [GetAbsolutePath] successfully performed. With the following test data [Relative Folder Path: "target/downloadedFiles/"]. @26-10-2021 01:55:04.0399 AM
[ReportManager] Attempting to run remotely on: [Linux-64], [GoogleChrome], [http://localhost:4444/wd/hub], Headless Execution. @26-10-2021 01:55:04.0399 AM
[ReportManager] Successfully Opened [GoogleChrome]. @26-10-2021 01:55:08.0650 AM
[ReportManager] Target URL: [https://the-internet.herokuapp.com/] @26-10-2021 01:55:08.0650 AM
[ReportManager] Initial URL: [data:,] @26-10-2021 01:55:08.0705 AM
[ReportManager] Browser Action [NavigateToURL] successfully performed. With the following test data [https://the-internet.herokuapp.com/]. @26-10-2021 01:55:09.0212 A

################################################################################################################################################
Starting Execution:	[85 out of 143] test cases in the current suite
Test Method:		[testPackage01.Test_NewValidationHelper.f20]
################################################################################################################################################
[ReportManager] Element Action [GetSize] successfully performed. With the following test data [(755, 61)]. @26-10-2021 01:55:09.0284 AM
[ReportManager] Loaded Shared OpenCV @26-10-2021 01:55:09.0392 AM
[ReportManager] Assertion [ValidateElementAttribute] PASSED. Expected [Value Should not be 'a' for the 'size' attribute, element locator 'By.tagName: h1'] and Actual [(755, 61)]. Comparison Type [CONTAINS]. Validation Type [NEGATIVE]. @26-10-2021 01:55:09.0479 AM
[ReportManager] Successfully created attachment [Screenshot - 1635213309392_f20_ValidateElementAttribute_passed] @26-10-2021 01:55:09.0480 A
[ReportManager] Successfully Closed All Drivers. @26-10-2021 01:55:09.0566 A
[ReportManager] File Action [GetAbsolutePath] successfully performed. With the following test data [Relative Folder Path: "target/downloadedFiles/"]. @26-10-2021 01:55:09.0568 AM
[ReportManager] Attempting to run remotely on: [Linux-64], [GoogleChrome], [http://localhost:4444/wd/hub], Headless Execution. @26-10-2021 01:55:09.0569 AM
[ReportManager] Successfully Opened [GoogleChrome]. @26-10-2021 01:55:13.0655 AM
[ReportManager] Target URL: [https://the-internet.herokuapp.com/] @26-10-2021 01:55:13.0656 AM
[ReportManager] Initial URL: [data:,] @26-10-2021 01:55:13.0747 AM
[ReportManager] Browser Action [NavigateToURL] successfully performed. With the following test data [https://the-internet.herokuapp.com/]. @26-10-2021 01:55:14.0049 A

################################################################################################################################################
Starting Execution:	[86 out of 143] test cases in the current suite
Test Method:		[testPackage01.Test_NewValidationHelper.f21]
################################################################################################################################################
[ReportManager] Element Action [IdentifyUniqueElement] failed. With the following test data [zero elements found matching this locator "By.tagName: h3".]. @26-10-2021 01:55:39.0550 AM
[ReportManager] Successfully created attachment [Screenshot - 1635213339489_f21_IdentifyUniqueElement_failed] @26-10-2021 01:55:39.0551 AM
[ReportManager] Assertion [ValidateElementAttribute] FAILED. Expected [Value Should be 'Welcome' for the 'text' attribute, element locator 'By.tagName: h3'] and Actual [Failed to read the desired element attribute]. Comparison Type [CONTAINS]. Validation Type [POSITIVE]. @26-10-2021 01:55:39.0552 A
[ReportManager] Successfully Closed All Drivers. @26-10-2021 01:55:39.0639 A
[ReportManager] File Action [GetAbsolutePath] successfully performed. With the following test data [Relative Folder Path: "target/downloadedFiles/"]. @26-10-2021 01:55:39.0641 AM
[ReportManager] Attempting to run remotely on: [Linux-64], [GoogleChrome], [http://localhost:4444/wd/hub], Headless Execution. @26-10-2021 01:55:39.0642 AM
[ReportManager] Successfully Opened [GoogleChrome]. @26-10-2021 01:55:43.0665 AM
[ReportManager] Target URL: [https://the-internet.herokuapp.com/] @26-10-2021 01:55:43.0665 AM
[ReportManager] Initial URL: [data:,] @26-10-2021 01:55:43.0739 AM
[ReportManager] Browser Action [NavigateToURL] successfully performed. With the following test data [https://the-internet.herokuapp.com/]. @26-10-2021 01:55:44.0041 A

################################################################################################################################################
Starting Execution:	[87 out of 143] test cases in the current suite
Test Method:		[testPackage01.Test_NewValidationHelper.f22]
################################################################################################################################################
[ReportManager] Element Action [GetText] successfully performed. With the following test data [Welcome to the-internet]. @26-10-2021 01:55:44.0144 AM
[ReportManager] Loaded Shared OpenCV @26-10-2021 01:55:44.0255 AM
[ReportManager] Assertion [ValidateElementAttribute] FAILED. Expected [Value Should be 'yyy' for the 'text' attribute, element locator 'By.tagName: h1'] and Actual [Welcome to the-internet]. Comparison Type [CONTAINS]. Validation Type [POSITIVE]. @26-10-2021 01:55:44.0348 AM
[ReportManager] Successfully created attachment [Screenshot - 1635213344255_f22_ValidateElementAttribute_failed] @26-10-2021 01:55:44.0349 A
[ReportManager] Successfully Closed All Drivers. @26-10-2021 01:55:44.0445 A

################################################################################################################################################
Starting Execution:	[88 out of 143] test cases in the current suite
Test Method:		[testPackage01.Test_NewValidationHelper.f23]
################################################################################################################################################
[ReportManager] Assertion Passed: confirming that the actual is greater than or equal to the expected @26-10-2021 01:55:44.0450 AM
[ReportManager] Assertion [ValidateComparativeRelation] PASSED. Expected [1] and Actual [1]. Comparison Type [GREATER_THAN_OR_EQUALS]. Validation Type [POSITIVE]. @26-10-2021 01:55:44.0451 A

################################################################################################################################################
Starting Execution:	[89 out of 143] test cases in the current suite
Test Method:		[testPackage01.Test_NewValidationHelper.f24]
################################################################################################################################################
[ReportManager] Assertion [ValidateComparativeRelation] PASSED. Expected [1] and Actual [10]. Comparison Type [GREATER_THAN_OR_EQUALS]. Validation Type [POSITIVE]. @26-10-2021 01:55:44.0455 A

################################################################################################################################################
Starting Execution:	[90 out of 143] test cases in the current suite
Test Method:		[testPackage01.Test_NewValidationHelper.f25]
################################################################################################################################################
[ReportManager] Assertion [ValidateComparativeRelation] PASSED. Expected [1] and Actual [1]. Comparison Type [EQUALS]. Validation Type [POSITIVE]. @26-10-2021 01:55:44.0467 A

################################################################################################################################################
Starting Execution:	[91 out of 143] test cases in the current suite
Test Method:		[testPackage01.Test_NewValidationHelper.f26]
################################################################################################################################################
[ReportManager] Assertion [ValidateComparativeRelation] PASSED. Expected [1] and Actual [5]. Comparison Type [GREATER_THAN]. Validation Type [POSITIVE]. @26-10-2021 01:55:44.0474 A

################################################################################################################################################
Starting Execution:	[92 out of 143] test cases in the current suite
Test Method:		[testPackage01.Test_NewValidationHelper.f27]
################################################################################################################################################
[ReportManager] Assertion [ValidateComparativeRelation] PASSED. Expected [11] and Actual [5]. Comparison Type [LESS_THAN]. Validation Type [POSITIVE]. @26-10-2021 01:55:44.0479 A

################################################################################################################################################
Starting Execution:	[93 out of 143] test cases in the current suite
Test Method:		[testPackage01.Test_NewValidationHelper.f28]
################################################################################################################################################
[ReportManager] Assertion [ValidateComparativeRelation] PASSED. Expected [11] and Actual [5]. Comparison Type [LESS_THAN_OR_EQUALS]. Validation Type [POSITIVE]. @26-10-2021 01:55:44.0483 A

################################################################################################################################################
Starting Execution:	[94 out of 143] test cases in the current suite
Test Method:		[testPackage01.Test_NewValidationHelper.f29]
################################################################################################################################################
[ReportManager] Assertion [ValidateComparativeRelation] PASSED. Expected [11] and Actual [11]. Comparison Type [LESS_THAN_OR_EQUALS]. Validation Type [POSITIVE]. @26-10-2021 01:55:44.0488 A

################################################################################################################################################
Starting Execution:	[95 out of 143] test cases in the current suite
Test Method:		[testPackage01.Test_NewValidationHelper.f3]
################################################################################################################################################
[ReportManager] Assertion [ValidateEquals] PASSED. Expected [1] and Actual [2]. Comparison Type [EQUALS]. Validation Type [NEGATIVE]. @26-10-2021 01:55:44.0497 A

################################################################################################################################################
Starting Execution:	[96 out of 143] test cases in the current suite
Test Method:		[testPackage01.Test_NewValidationHelper.f30]
################################################################################################################################################
[ReportManager] Assertion [ValidateComparativeRelation] FAILED. Expected [-9] and Actual [11]. Comparison Type [LESS_THAN_OR_EQUALS]. Validation Type [POSITIVE]. @26-10-2021 01:55:44.0502 A

################################################################################################################################################
Starting Execution:	[97 out of 143] test cases in the current suite
Test Method:		[testPackage01.Test_NewValidationHelper.f31]
################################################################################################################################################
[ReportManager] Assertion [ValidateTrue] PASSED. Expected [TRUE] and Actual [TRUE]. Validation Type [POSITIVE]. @26-10-2021 01:55:44.0541 A

################################################################################################################################################
Starting Execution:	[98 out of 143] test cases in the current suite
Test Method:		[testPackage01.Test_NewValidationHelper.f32]
################################################################################################################################################
[ReportManager] Assertion [ValidateTrue] PASSED. Expected [FALSE] and Actual [FALSE]. Validation Type [NEGATIVE]. @26-10-2021 01:55:44.0545 A

################################################################################################################################################
Starting Execution:	[99 out of 143] test cases in the current suite
Test Method:		[testPackage01.Test_NewValidationHelper.f33]
################################################################################################################################################
[ReportManager] Assertion [ValidateTrue] FAILED. Expected [FALSE] and Actual [TRUE]. Validation Type [NEGATIVE]. @26-10-2021 01:55:44.0554 A

################################################################################################################################################
Starting Execution:	[100 out of 143] test cases in the current suite
Test Method:		[testPackage01.Test_NewValidationHelper.f34]
################################################################################################################################################
[ReportManager] Assertion [ValidateTrue] FAILED. Expected [TRUE] and Actual [FALSE]. Validation Type [POSITIVE]. @26-10-2021 01:55:44.0573 A

################################################################################################################################################
Starting Execution:	[101 out of 143] test cases in the current suite
Test Method:		[testPackage01.Test_NewValidationHelper.f35]
################################################################################################################################################
[ReportManager] File Action [DoesFileExist] successfully performed. With the following test data [File Path: "pom.xml"]. @26-10-2021 01:55:44.0578 AM
[ReportManager] Assertion [ValidateFileExists] PASSED. Expected [File 'pom.xml' should exist, after up to '1' retries] and Actual [File exists]. Validation Type [POSITIVE]. @26-10-2021 01:55:44.0579 A

################################################################################################################################################
Starting Execution:	[102 out of 143] test cases in the current suite
Test Method:		[testPackage01.Test_NewValidationHelper.f36]
################################################################################################################################################
[ReportManager] File Action [DoesFileExist] successfully performed. With the following test data [File Path: "src/test/java/testPackage01/Test_NewValidationHelper.java"]. @26-10-2021 01:55:44.0586 AM
[ReportManager] Assertion [ValidateFileExists] PASSED. Expected [File 'src/test/java/testPackage01/Test_NewValidationHelper.java' should exist, after up to '1' retries] and Actual [File exists]. Validation Type [POSITIVE]. @26-10-2021 01:55:44.0586 A

################################################################################################################################################
Starting Execution:	[103 out of 143] test cases in the current suite
Test Method:		[testPackage01.Test_NewValidationHelper.f37]
################################################################################################################################################
[ReportManager] File Action [DoesFileExist] successfully performed. With the following test data [File Path: "pom.xml"]. @26-10-2021 01:55:44.0588 AM
[ReportManager] Assertion Failed: confirming that the file does't exist after 5 retries @26-10-2021 01:55:44.0588 AM
[ReportManager] Assertion [ValidateFileExists] FAILED. Expected [File 'pom.xml' should not exist, after up to '5' retries] and Actual [File exists]. Validation Type [NEGATIVE]. @26-10-2021 01:55:44.0588 A

################################################################################################################################################
Starting Execution:	[104 out of 143] test cases in the current suite
Test Method:		[testPackage01.Test_NewValidationHelper.f3_1]
################################################################################################################################################
[ReportManager] Assertion Passed: Checking valid user data @26-10-2021 01:55:44.0590 AM
[ReportManager] Assertion [ValidateEquals] PASSED. Expected [null] and Actual [null]. Comparison Type [EQUALS]. Validation Type [POSITIVE]. @26-10-2021 01:55:44.0590 A

################################################################################################################################################
Starting Execution:	[105 out of 143] test cases in the current suite
Test Method:		[testPackage01.Test_NewValidationHelper.f4]
################################################################################################################################################
[ReportManager] Assertion [ValidateEquals] PASSED. Expected [1] and Actual [123]. Comparison Type [CONTAINS]. Validation Type [POSITIVE]. @26-10-2021 01:55:44.0592 A

################################################################################################################################################
Starting Execution:	[106 out of 143] test cases in the current suite
Test Method:		[testPackage01.Test_NewValidationHelper.f5]
################################################################################################################################################
[ReportManager] Assertion [ValidateNull] PASSED. Expected [NULL] and Actual [1]. Comparison Type [EQUALS]. Validation Type [NEGATIVE]. @26-10-2021 01:55:44.0601 A

################################################################################################################################################
Starting Execution:	[107 out of 143] test cases in the current suite
Test Method:		[testPackage01.Test_NewValidationHelper.f6]
################################################################################################################################################
[ReportManager] Assertion Failed: Making sure that null string is not equal to null object @26-10-2021 01:55:44.0603 AM
[ReportManager] Assertion [ValidateNull] FAILED. Expected [NULL] and Actual [NULL]. Comparison Type [EQUALS]. Validation Type [POSITIVE]. @26-10-2021 01:55:44.0603 A

################################################################################################################################################
Starting Execution:	[108 out of 143] test cases in the current suite
Test Method:		[testPackage01.Test_NewValidationHelper.f6_1]
################################################################################################################################################
[ReportManager] Assertion [ValidateNull] FAILED. Expected [NULL] and Actual [NULL]. Comparison Type [EQUALS]. Validation Type [NEGATIVE]. @26-10-2021 01:55:44.0604 A

################################################################################################################################################
Starting Execution:	[109 out of 143] test cases in the current suite
Test Method:		[testPackage01.Test_NewValidationHelper.f6_2]
################################################################################################################################################
[ReportManager] Assertion Failed: Making sure that null string is not equal to null object @26-10-2021 01:55:44.0606 AM
[ReportManager] Assertion [ValidateNull] FAILED. Expected [NULL] and Actual [not null]. Comparison Type [EQUALS]. Validation Type [POSITIVE]. @26-10-2021 01:55:44.0606 A

################################################################################################################################################
Starting Execution:	[110 out of 143] test cases in the current suite
Test Method:		[testPackage01.Test_NewValidationHelper.f7]
################################################################################################################################################
[ReportManager] Assertion [ValidateNull] PASSED. Expected [NULL] and Actual [NULL]. Comparison Type [EQUALS]. Validation Type [POSITIVE]. @26-10-2021 01:55:44.0608 A
[ReportManager] File Action [GetAbsolutePath] successfully performed. With the following test data [Relative Folder Path: "target/downloadedFiles/"]. @26-10-2021 01:55:44.0617 AM
[ReportManager] Attempting to run remotely on: [Linux-64], [GoogleChrome], [http://localhost:4444/wd/hub], Headless Execution. @26-10-2021 01:55:44.0617 AM
[ReportManager] Successfully Opened [GoogleChrome]. @26-10-2021 01:55:48.0655 AM
[ReportManager] Target URL: [https://the-internet.herokuapp.com/] @26-10-2021 01:55:48.0655 AM
[ReportManager] Initial URL: [data:,] @26-10-2021 01:55:48.0727 AM
[ReportManager] Browser Action [NavigateToURL] successfully performed. With the following test data [https://the-internet.herokuapp.com/]. @26-10-2021 01:55:49.0026 A

################################################################################################################################################
Starting Execution:	[111 out of 143] test cases in the current suite
Test Method:		[testPackage01.Test_NewValidationHelper.f8]
################################################################################################################################################
[ReportManager] Loaded Shared OpenCV @26-10-2021 01:55:49.0206 AM
[ReportManager] Assertion [ValidateElementExists] PASSED. Expected [Element Should Exist, locator 'By.tagName: h1'] and Actual [Element Exists]. Comparison Type [EQUALS]. Validation Type [POSITIVE]. @26-10-2021 01:55:49.0275 AM
[ReportManager] Successfully created attachment [Screenshot - 1635213349206_f8_ValidateElementExists_passed] @26-10-2021 01:55:49.0276 A
[ReportManager] Successfully Closed All Drivers. @26-10-2021 01:55:49.0379 A
[ReportManager] File Action [GetAbsolutePath] successfully performed. With the following test data [Relative Folder Path: "target/downloadedFiles/"]. @26-10-2021 01:55:49.0381 AM
[ReportManager] Attempting to run remotely on: [Linux-64], [GoogleChrome], [http://localhost:4444/wd/hub], Headless Execution. @26-10-2021 01:55:49.0382 AM
[ReportManager] Successfully Opened [GoogleChrome]. @26-10-2021 01:55:53.0664 AM
[ReportManager] Target URL: [https://the-internet.herokuapp.com/] @26-10-2021 01:55:53.0664 AM
[ReportManager] Initial URL: [data:,] @26-10-2021 01:55:53.0710 AM
[ReportManager] Browser Action [NavigateToURL] successfully performed. With the following test data [https://the-internet.herokuapp.com/]. @26-10-2021 01:55:54.0075 A

################################################################################################################################################
Starting Execution:	[112 out of 143] test cases in the current suite
Test Method:		[testPackage01.Test_NewValidationHelper.f9]
################################################################################################################################################
[ReportManager] Assertion [ValidateElementExists] FAILED. Expected [Element Should Exist, locator 'By.tagName: h3'] and Actual [Element Doesn't Exists]. Comparison Type [EQUALS]. Validation Type [POSITIVE]. @26-10-2021 01:56:24.0676 AM
[ReportManager] Successfully created attachment [Screenshot - 1635213384620_f9_ValidateElementExists_failed] @26-10-2021 01:56:24.0677 A
[ReportManager] Successfully Closed All Drivers. @26-10-2021 01:56:24.0763 A

################################################################################################################################################
Starting Execution:	[113 out of 143] test cases in the current suite
Test Method:		[testPackage01.Test_NewValidationHelper.forceFail]
################################################################################################################################################
[ReportManager] Assertion [ValidateFail] FAILED. Successfully force failed the test. @26-10-2021 01:56:24.0768 A

################################################################################################################################################
Starting Execution:	[114 out of 143] test cases in the current suite
Test Method:		[testPackage01.Test_NewValidationHelper.forceFail2]
################################################################################################################################################
[ReportManager] Assertion Failed: Custom Message @26-10-2021 01:56:24.0770 AM
[ReportManager] Assertion [ValidateFail] FAILED. Successfully force failed the test. @26-10-2021 01:56:24.0770 A

################################################################################################################################################
Starting Execution:	[115 out of 143] test cases in the current suite
Test Method:		[testPackage01.Test_sendGraphqlRequest.sendGraphqlRequestUsingMutationAndVariables]
################################################################################################################################################
[ReportManager] GraphQl Request is being Performed with the Following Parameters [Service URL: https://api.spacex.land/graphql | Request Body: {"variables":"{\"name\": \"sherlock holmes\",\"rocket\": \"221B Baker Street\"}","query":"mutation ($name: String, $rocket: String) {\n  insert_users(objects: {name: $name, rocket: $rocket}) {\n    returning {\n      name\n      rocket\n    }\n  }\n}"}] @26-10-2021 01:56:24.0773 AM
[ReportManager] Response status code: [200], status line: [HTTP/1.1 200 OK] @26-10-2021 01:56:25.0199 AM
[ReportManager] Assertion Passed: Evaluating the actual response status code against the expected one... @26-10-2021 01:56:25.0199 AM
[ReportManager] Assertion [ValidateEquals] PASSED. Expected [200] and Actual [200]. Comparison Type [EQUALS]. Validation Type [POSITIVE]. @26-10-2021 01:56:25.0199 AM
[ReportManager] API Action [PerformRequest] successfully performed. With the following test data [Request Type: "POST" | Target Status Code: "200" | Service URL: "https://api.spacex.land/graphql" | Content Type: "application/json" | Response Time: "333ms"]. @26-10-2021 01:56:25.0210 AM
[ReportManager] Successfully created attachment [API Request - Specifications] @26-10-2021 01:56:25.0211 AM
[ReportManager] Successfully created attachment [API Request - JSON Body] @26-10-2021 01:56:25.0211 AM
[ReportManager] Successfully created attachment [API Response - JSON Body] @26-10-2021 01:56:25.0211 AM
[ReportManager] API Action [GetResponseJSONValue] successfully performed. With the following test data [data.insert_users.returning[0].name]. @26-10-2021 01:56:25.0253 AM
[ReportManager] Assertion [ValidateEquals] PASSED. Expected [sherlock holmes] and Actual [sherlock holmes]. Comparison Type [EQUALS]. Validation Type [POSITIVE]. @26-10-2021 01:56:25.0253 A

################################################################################################################################################
Starting Execution:	[116 out of 143] test cases in the current suite
Test Method:		[testPackage01.Test_sendGraphqlRequest.sendGraphqlRequestUsingQuery]
################################################################################################################################################
[ReportManager] GraphQl Request is being Performed with the Following Parameters [Service URL: https://api.spacex.land/graphql | Request Body: {"query":"{company {ceo}}"}] @26-10-2021 01:56:25.0258 AM
[ReportManager] Response status code: [200], status line: [HTTP/1.1 200 OK] @26-10-2021 01:56:25.0317 AM
[ReportManager] Assertion Passed: Evaluating the actual response status code against the expected one... @26-10-2021 01:56:25.0317 AM
[ReportManager] Assertion [ValidateEquals] PASSED. Expected [200] and Actual [200]. Comparison Type [EQUALS]. Validation Type [POSITIVE]. @26-10-2021 01:56:25.0318 AM
[ReportManager] API Action [PerformRequest] successfully performed. With the following test data [Request Type: "POST" | Target Status Code: "200" | Service URL: "https://api.spacex.land/graphql" | Content Type: "application/json" | Response Time: "54ms"]. @26-10-2021 01:56:25.0327 AM
[ReportManager] Successfully created attachment [API Request - Specifications] @26-10-2021 01:56:25.0328 AM
[ReportManager] Successfully created attachment [API Request - JSON Body] @26-10-2021 01:56:25.0328 AM
[ReportManager] Successfully created attachment [API Response - JSON Body] @26-10-2021 01:56:25.0328 AM
[ReportManager] API Action [GetResponseJSONValue] successfully performed. With the following test data [data.company.ceo]. @26-10-2021 01:56:25.0335 AM
[ReportManager] Assertion [ValidateEquals] PASSED. Expected [Elon Musk] and Actual [Elon Musk]. Comparison Type [EQUALS]. Validation Type [POSITIVE]. @26-10-2021 01:56:25.0335 A
[ReportManager] Successfully loaded the following test data file [src/test/resources/TestDataFiles/testSuite01/TestData.xlsx]. @26-10-2021 01:56:25.0363 AM
[ReportManager] Successfully created attachment [Test Data - Excel] @26-10-2021 01:56:25.0363 AM
[ReportManager] File Action [GetAbsolutePath] successfully performed. With the following test data [Relative Folder Path: "target/downloadedFiles/"]. @26-10-2021 01:56:25.0363 AM
[ReportManager] Attempting to run remotely on: [Linux-64], [GoogleChrome], [http://localhost:4444/wd/hub], Headless Execution. @26-10-2021 01:56:25.0363 AM
[ReportManager] Successfully Opened [GoogleChrome]. @26-10-2021 01:56:28.0672 A

################################################################################################################################################
Starting Execution:	[117 out of 143] test cases in the current suite
Test Method:		[testPackage01.Test_google.navigateToURLandVerifyGoogleLogoIsDisplayed]
Test Description:	[TC001 - Navigate to URL and Verify Google Logo is Displayed]
################################################################################################################################################
[ReportManager] Target URL: [https://www.google.com/ncr], and after redirection: [https://www.google.com] @26-10-2021 01:56:28.0677 AM
[ReportManager] Initial URL: [data:,] @26-10-2021 01:56:28.0726 AM
[ReportManager] Browser Action [NavigateToURL] successfully performed. With the following test data [https://www.google.com/ncr]. @26-10-2021 01:56:29.0349 AM
[ReportManager] Loaded Shared OpenCV @26-10-2021 01:56:29.0520 AM
[ReportManager] Assertion [ValidateElementExists] PASSED. Expected [Element Should Exist, locator 'By.xpath: //*[@id='hplogo' or @alt='Google']'] and Actual [Element Exists]. Comparison Type [EQUALS]. Validation Type [POSITIVE]. @26-10-2021 01:56:29.0583 AM
[ReportManager] Successfully created attachment [Screenshot - 1635213389520_navigateToURLandVerifyGoogleLogoIsDisplayed_ValidateElementExists_passed] @26-10-2021 01:56:29.0584 A

################################################################################################################################################
Starting Execution:	[118 out of 143] test cases in the current suite
Test Method:		[testPackage01.Test_google.searchForQueryandAssertResultsNumDisplayed]
Test Description:	[TC002 - Search for Query and Assert that the number of results is displayed]
################################################################################################################################################
[ReportManager] Element Action [Type] successfully performed. With the following test data [SHAFT_Engine]. @26-10-2021 01:56:29.0966 AM
[ReportManager] Element Action [KeyPress] successfully performed. With the following test data [Enter]. @26-10-2021 01:56:31.0379 AM
[ReportManager] Element Action [GetText] successfully performed. With the following test data [About 891,000 results (0.68 seconds) ]. @26-10-2021 01:56:31.0455 AM
[ReportManager] Loaded Shared OpenCV @26-10-2021 01:56:31.0644 AM
[ReportManager] Assertion [ValidateElementAttribute] PASSED. Expected [Value Should not be '' for the 'Text' attribute, element locator 'By.id: appbar'] and Actual [About 891,000 results (0.68 seconds) ]. Comparison Type [EQUALS]. Validation Type [NEGATIVE]. @26-10-2021 01:56:31.0720 AM
[ReportManager] Successfully created attachment [Screenshot - 1635213391643_searchForQueryandAssertResultsNumDisplayed_ValidateElementAttribute_passed] @26-10-2021 01:56:31.0722 A

################################################################################################################################################
Starting Execution:	[119 out of 143] test cases in the current suite
Test Method:		[testPackage01.Test_google.clickNextThrice]
Test Description:	[TC003 - Clicks the next button to make sure that the framework can scroll element into view before clicking it]
################################################################################################################################################
[ReportManager] Element Action [Click] successfully performed. With the following test data [Next]. @26-10-2021 01:56:33.0403 A
[ReportManager] Browser Action [CloseCurrentWindow] successfully performed. @26-10-2021 01:56:33.0559 AM
[ReportManager] Successfully created attachment [Browser Action Test Data - CloseCurrentWindow - Actual Value] @26-10-2021 01:56:33.0561 A
[ReportManager] File Action [GetAbsolutePath] successfully performed. With the following test data [Relative Folder Path: "target/downloadedFiles/"]. @26-10-2021 01:56:33.0563 AM
[ReportManager] Attempting to run remotely on: [Linux-64], [GoogleChrome], [http://localhost:4444/wd/hub], Headless Execution. @26-10-2021 01:56:33.0563 AM
[ReportManager] Successfully Opened [GoogleChrome]. @26-10-2021 01:56:38.0660 A

################################################################################################################################################
Starting Execution:	[120 out of 143] test cases in the current suite
Test Method:		[testPackage01.Test_ShadowDOM.shadowdom]
################################################################################################################################################
[ReportManager] Target URL: [https://mdn.github.io/web-components-examples/popup-info-box-web-component/] @26-10-2021 01:56:38.0667 AM
[ReportManager] Initial URL: [data:,] @26-10-2021 01:56:38.0749 AM
[ReportManager] Browser Action [NavigateToURL] successfully performed. With the following test data [https://mdn.github.io/web-components-examples/popup-info-box-web-component/]. @26-10-2021 01:56:39.0001 AM
[ReportManager] Element Action [Type] successfully performed. With the following test data [Typing into SHADOW DOM...]. @26-10-2021 01:56:39.0362 AM
[ReportManager] Element Action [GetText] successfully performed. With the following test data [Typing into SHADOW DOM...]. @26-10-2021 01:56:39.0459 AM
[ReportManager] Loaded Shared OpenCV @26-10-2021 01:56:39.0560 AM
[ReportManager] Assertion [ValidateElementAttribute] PASSED. Expected [Value Should be 'Typing into SHADOW DOM...' for the 'Text' attribute, element locator 'By.id: cvc'] and Actual [Typing into SHADOW DOM...]. Comparison Type [EQUALS]. Validation Type [POSITIVE]. @26-10-2021 01:56:39.0620 AM
[ReportManager] Successfully created attachment [Screenshot - 1635213399560_shadowdom_ValidateElementAttribute_passed] @26-10-2021 01:56:39.0621 A
[ReportManager] Browser Action [CloseCurrentWindow] successfully performed. @26-10-2021 01:56:39.0718 AM
[ReportManager] Successfully created attachment [Browser Action Test Data - CloseCurrentWindow - Actual Value] @26-10-2021 01:56:39.0718 A

################################################################################################################################################
Starting Execution:	[121 out of 143] test cases in the current suite
Test Method:		[testPackage01.Test_AssertApiResponseEquals.assertApiResponseEquals_expectedToPass]
################################################################################################################################################
[ReportManager] Response status code: [200], status line: [HTTP/1.1 200 OK] @26-10-2021 01:56:39.0799 AM
[ReportManager] Assertion Passed: Evaluating the actual response status code against the expected one... @26-10-2021 01:56:39.0800 AM
[ReportManager] Assertion [ValidateEquals] PASSED. Expected [200] and Actual [200]. Comparison Type [EQUALS]. Validation Type [POSITIVE]. @26-10-2021 01:56:39.0800 AM
[ReportManager] API Action [PerformRequest] successfully performed. With the following test data [Request Type: "GET" | Target Status Code: "200" | Service URL: "https://jsonplaceholder.typicode.com/users" | Content Type: "*/*" | Response Time: "69ms"]. @26-10-2021 01:56:39.0871 AM
[ReportManager] Successfully created attachment [API Request - Specifications] @26-10-2021 01:56:39.0871 AM
[ReportManager] Successfully created attachment [API Response - JSON Body] @26-10-2021 01:56:39.0872 AM
[ReportManager] API Action [GetResponseJSONValueAsList] successfully performed. With the following test data [$]. @26-10-2021 01:56:39.0876 AM
[ReportManager] API Action [GetResponseJSONValue] successfully performed. With the following test data [name]. @26-10-2021 01:56:39.0884 AM
[ReportManager] API Action [GetResponseJSONValue] successfully performed. With the following test data [email]. @26-10-2021 01:56:39.0891 AM
[ReportManager] Verification [ValidateEquals] PASSED. Expected [Sincere@april.biz] and Actual [Sincere@april.biz]. Comparison Type [EQUALS]. Validation Type [POSITIVE]. @26-10-2021 01:56:39.0892 AM
[ReportManager] API Action [GetResponseJSONValue] successfully performed. With the following test data [username]. @26-10-2021 01:56:39.0898 AM
[ReportManager] Assertion [ValidateEquals] PASSED. Expected [Bret] and Actual [Bret]. Comparison Type [EQUALS]. Validation Type [POSITIVE]. @26-10-2021 01:56:39.0899 AM
[ReportManager] API Action [GetResponseJSONValue] successfully performed. With the following test data [name]. @26-10-2021 01:56:39.0906 AM
[ReportManager] API Action [GetResponseJSONValue] successfully performed. With the following test data [name]. @26-10-2021 01:56:39.0912 AM
[ReportManager] API Action [GetResponseJSONValue] successfully performed. With the following test data [name]. @26-10-2021 01:56:39.0919 AM
[ReportManager] API Action [GetResponseJSONValue] successfully performed. With the following test data [name]. @26-10-2021 01:56:39.0925 AM
[ReportManager] API Action [GetResponseJSONValue] successfully performed. With the following test data [name]. @26-10-2021 01:56:39.0931 AM
[ReportManager] API Action [GetResponseJSONValue] successfully performed. With the following test data [name]. @26-10-2021 01:56:39.0974 AM
[ReportManager] API Action [GetResponseJSONValue] successfully performed. With the following test data [name]. @26-10-2021 01:56:39.0987 AM
[ReportManager] API Action [GetResponseJSONValue] successfully performed. With the following test data [name]. @26-10-2021 01:56:39.0998 AM
[ReportManager] API Action [GetResponseJSONValue] successfully performed. With the following test data [name]. @26-10-2021 01:56:40.0012 A
[ReportManager] File Action [GetAbsolutePath] successfully performed. With the following test data [Relative Folder Path: "target/downloadedFiles/"]. @26-10-2021 01:56:40.0029 AM
[ReportManager] Attempting to run remotely on: [Linux-64], [GoogleChrome], [http://localhost:4444/wd/hub], Headless Execution. @26-10-2021 01:56:40.0029 AM
[ReportManager] Successfully Opened [GoogleChrome]. @26-10-2021 01:56:43.0661 A

################################################################################################################################################
Starting Execution:	[122 out of 143] test cases in the current suite
Test Method:		[testPackage01.Test_IsElementClickable.testIsElementClickable]
################################################################################################################################################
[ReportManager] Target URL: [https://the-internet.herokuapp.com/] @26-10-2021 01:56:43.0664 AM
[ReportManager] Initial URL: [data:,] @26-10-2021 01:56:43.0721 AM
[ReportManager] Browser Action [NavigateToURL] successfully performed. With the following test data [https://the-internet.herokuapp.com/]. @26-10-2021 01:56:44.0044 AM
[ReportManager] Element Action [IsElementClickable] successfully performed. @26-10-2021 01:56:44.0187 AM
[ReportManager] Assertion [ValidateTrue] PASSED. Expected [TRUE] and Actual [TRUE]. Validation Type [POSITIVE]. @26-10-2021 01:56:44.0188 A
[ReportManager] Browser Action [CloseCurrentWindow] successfully performed. @26-10-2021 01:56:44.0289 AM
[ReportManager] Successfully created attachment [Browser Action Test Data - CloseCurrentWindow - Actual Value] @26-10-2021 01:56:44.0290 A

################################################################################################################################################
Starting Execution:	[123 out of 143] test cases in the current suite
Test Method:		[testPackage01.Test_JsonCompareWithSpecialCharacters.specialCharacters]
################################################################################################################################################
[ReportManager] File Action [GetAbsolutePath] successfully performed. With the following test data [Relative Folder Path: "src/test/resources/TestJsonFiles/specialCharacters.json"]. @26-10-2021 01:56:44.0296 AM
[ReportManager] File Action [ReadFromFile] successfully performed. With the following test data [File Path: "/home/runner/work/SHAFT_ENGINE/SHAFT_ENGINE/src/test/resources/TestJsonFiles/specialCharacters.json"]. @26-10-2021 01:56:44.0302 AM
[ReportManager] Successfully created attachment [File Action Actual Result - Command Log] @26-10-2021 01:56:44.0303 AM
[ReportManager] Comparing the provided API response with the file at this path "src/test/resources/TestJsonFiles/specialCharacters.json", comparison type "EQUALS" @26-10-2021 01:56:44.0303 AM
[ReportManager] API Action [CompareJSON] successfully performed. With the following test data [src/test/resources/TestJsonFiles/specialCharacters.json]. @26-10-2021 01:56:44.0309 AM
[ReportManager] File Action [GetAbsolutePath] successfully performed. With the following test data [Relative Folder Path: "src/test/resources/TestJsonFiles/specialCharacters.json"]. @26-10-2021 01:56:44.0309 AM
[ReportManager] File Action [ReadFromFile] successfully performed. With the following test data [File Path: "/home/runner/work/SHAFT_ENGINE/SHAFT_ENGINE/src/test/resources/TestJsonFiles/specialCharacters.json"]. @26-10-2021 01:56:44.0309 AM
[ReportManager] Verification [ValidateJSONFileContent] PASSED. Expected [Response data should match the JSON File in this path 'src/test/resources/TestJsonFiles/specialCharacters.json'] and Actual [TRUE]. Comparison Type [EQUALS]. Validation Type [POSITIVE]. @26-10-2021 01:56:44.0313 AM
[ReportManager] Successfully created attachment [Validation Test Data - Expected JSON Value] @26-10-2021 01:56:44.0314 AM
[ReportManager] Successfully created attachment [Validation Test Data - Actual JSON Value] @26-10-2021 01:56:44.0314 A

################################################################################################################################################
Starting Execution:	[124 out of 143] test cases in the current suite
Test Method:		[testPackage01.Test_JsonCompareWithSpecialCharacters.specialCharacters_assertion]
################################################################################################################################################
[ReportManager] File Action [GetAbsolutePath] successfully performed. With the following test data [Relative Folder Path: "src/test/resources/TestJsonFiles/specialCharacters.json"]. @26-10-2021 01:56:44.0317 AM
[ReportManager] File Action [ReadFromFile] successfully performed. With the following test data [File Path: "/home/runner/work/SHAFT_ENGINE/SHAFT_ENGINE/src/test/resources/TestJsonFiles/specialCharacters.json"]. @26-10-2021 01:56:44.0317 AM
[ReportManager] Successfully created attachment [File Action Actual Result - Command Log] @26-10-2021 01:56:44.0318 AM
[ReportManager] Comparing the provided API response with the file at this path "src/test/resources/TestJsonFiles/specialCharacters.json", comparison type "CONTAINS" @26-10-2021 01:56:44.0318 AM
[ReportManager] API Action [CompareJSON] successfully performed. With the following test data [src/test/resources/TestJsonFiles/specialCharacters.json]. @26-10-2021 01:56:44.0334 AM
[ReportManager] File Action [GetAbsolutePath] successfully performed. With the following test data [Relative Folder Path: "src/test/resources/TestJsonFiles/specialCharacters.json"]. @26-10-2021 01:56:44.0334 AM
[ReportManager] File Action [ReadFromFile] successfully performed. With the following test data [File Path: "/home/runner/work/SHAFT_ENGINE/SHAFT_ENGINE/src/test/resources/TestJsonFiles/specialCharacters.json"]. @26-10-2021 01:56:44.0334 AM
[ReportManager] Assertion Passed: trying out the log message @26-10-2021 01:56:44.0342 AM
[ReportManager] Successfully created attachment [Validation Test Data - Expected JSON Value] @26-10-2021 01:56:44.0342 AM
[ReportManager] Successfully created attachment [Validation Test Data - Actual JSON Value] @26-10-2021 01:56:44.0343 AM
[ReportManager] Assertion [ValidateJSONFileContent] PASSED. Expected [Response data should match the JSON File in this path 'src/test/resources/TestJsonFiles/specialCharacters.json'] and Actual [TRUE]. Comparison Type [CONTAINS]. Validation Type [POSITIVE]. @26-10-2021 01:56:44.0343 A
[ReportManager] File Action [GetAbsolutePath] successfully performed. With the following test data [Relative Folder Path: "target/downloadedFiles/"]. @26-10-2021 01:56:44.0347 AM
[ReportManager] Attempting to run remotely on: [Linux-64], [GoogleChrome], [http://localhost:4444/wd/hub], Headless Execution. @26-10-2021 01:56:44.0347 AM
[ReportManager] Successfully Opened [GoogleChrome]. @26-10-2021 01:56:48.0657 A

################################################################################################################################################
Starting Execution:	[125 out of 143] test cases in the current suite
Test Method:		[testPackage01.Test_assertEquals.test_assertElementAttribute]
################################################################################################################################################
[ReportManager] Target URL: [https://www.google.com/ncr], and after redirection: [https://www.google.com] @26-10-2021 01:56:48.0662 AM
[ReportManager] Initial URL: [data:,] @26-10-2021 01:56:48.0713 AM
[ReportManager] Browser Action [NavigateToURL] successfully performed. With the following test data [https://www.google.com/ncr]. @26-10-2021 01:56:49.0319 AM
[ReportManager] Element Action [Type] successfully performed. With the following test data [INC_004010050:Another SCHEDULER with the same name [Duplicate Job Name] already exists.]. @26-10-2021 01:56:49.0976 AM
[ReportManager] Element Action [GetText] successfully performed. With the following test data [INC_004010050:Another SCHEDULER with the same name [Duplicate Job Name] already exists.]. @26-10-2021 01:56:50.0097 AM
[ReportManager] Loaded Shared OpenCV @26-10-2021 01:56:50.0203 AM
[ReportManager] Assertion [ValidateElementAttribute] PASSED. Expected [Value Should be 'INC_004010050:Another SCHEDULER with the same name \[Duplicate Job Name\] already exists.' for the 'text' attribute, element locator 'By.name: q'] and Actual [INC_004010050:Another SCHEDULER with the same name [Duplicate Job Name] already exists.]. Comparison Type [MATCHES]. Validation Type [POSITIVE]. @26-10-2021 01:56:50.0267 AM
[ReportManager] Successfully created attachment [Screenshot - 1635213410203_test_assertElementAttribute_ValidateElementAttribute_passed] @26-10-2021 01:56:50.0268 A
[ReportManager] Browser Action [CloseCurrentWindow] successfully performed. @26-10-2021 01:56:50.0389 AM
[ReportManager] Successfully created attachment [Browser Action Test Data - CloseCurrentWindow - Actual Value] @26-10-2021 01:56:50.0389 A
[ReportManager] File Action [GetAbsolutePath] successfully performed. With the following test data [Relative Folder Path: "target/downloadedFiles/"]. @26-10-2021 01:56:50.0391 AM
[ReportManager] Attempting to run remotely on: [Linux-64], [GoogleChrome], [http://localhost:4444/wd/hub], Headless Execution. @26-10-2021 01:56:50.0391 AM
[ReportManager] Successfully Opened [GoogleChrome]. @26-10-2021 01:56:53.0666 A

################################################################################################################################################
Starting Execution:	[126 out of 143] test cases in the current suite
Test Method:		[testPackage01.Test_verifyEquals.test_assertElementAttribute]
################################################################################################################################################
[ReportManager] Target URL: [https://www.google.com/ncr], and after redirection: [https://www.google.com] @26-10-2021 01:56:53.0676 AM
[ReportManager] Initial URL: [data:,] @26-10-2021 01:56:53.0739 AM
[ReportManager] Browser Action [NavigateToURL] successfully performed. With the following test data [https://www.google.com/ncr]. @26-10-2021 01:56:54.0356 AM
[ReportManager] Element Action [Type] successfully performed. With the following test data [INC_004010050:Another SCHEDULER with the same name [Duplicate Job Name] already exists.]. @26-10-2021 01:56:54.0981 AM
[ReportManager] Element Action [GetText] successfully performed. With the following test data [INC_004010050:Another SCHEDULER with the same name [Duplicate Job Name] already exists.]. @26-10-2021 01:56:55.0115 AM
[ReportManager] Loaded Shared OpenCV @26-10-2021 01:56:55.0237 AM
[ReportManager] Verification [ValidateElementAttribute] PASSED. Expected [Value Should be 'INC_004010050:Another SCHEDULER with the same name \[Duplicate Job Name\] already exists.' for the 'text' attribute, element locator 'By.name: q'] and Actual [INC_004010050:Another SCHEDULER with the same name [Duplicate Job Name] already exists.]. Comparison Type [MATCHES]. Validation Type [POSITIVE]. @26-10-2021 01:56:55.0301 AM
[ReportManager] Successfully created attachment [Screenshot - 1635213415237_test_assertElementAttribute_ValidateElementAttribute_passed] @26-10-2021 01:56:55.0301 A
[ReportManager] Browser Action [CloseCurrentWindow] successfully performed. @26-10-2021 01:56:55.0434 AM
[ReportManager] Successfully created attachment [Browser Action Test Data - CloseCurrentWindow - Actual Value] @26-10-2021 01:56:55.0435 A

################################################################################################################################################
Starting Execution:	[127 out of 143] test cases in the current suite
Test Method:		[testPackage01.Test_JsonActions.f]
###############################################################################################################################################

################################################################################################################################################
Starting Execution:	[128 out of 143] test cases in the current suite
Test Method:		[testPackage01.Test_JsonActions.f2]
###############################################################################################################################################

################################################################################################################################################
Starting Execution:	[129 out of 143] test cases in the current suite
Test Method:		[testPackage01.Test_PDF.testPDF_Downloaded]
################################################################################################################################################
[ReportManager] File Action [DoesFileExist] successfully performed. With the following test data [File Path: "src/test/resources/TestDataFiles/sample.pdf"]. @26-10-2021 01:56:55.0454 AM
[ReportManager] File Action [GetAbsolutePath] successfully performed. With the following test data [Relative File Path: "src/test/resources/TestDataFiles/sample.pdf"]. @26-10-2021 01:56:55.0454 AM
[ReportManager] Assertion [ValidateTrue] PASSED. Expected [TRUE] and Actual [TRUE]. Validation Type [POSITIVE]. @26-10-2021 01:56:55.0993 A
[ReportManager] File Action [GetAbsolutePath] successfully performed. With the following test data [Relative Folder Path: "target/downloadedFiles/"]. @26-10-2021 01:56:55.0995 AM
[ReportManager] Attempting to run remotely on: [Linux-64], [GoogleChrome], [http://localhost:4444/wd/hub], Headless Execution. @26-10-2021 01:56:55.0995 AM
[ReportManager] Successfully Opened [GoogleChrome]. @26-10-2021 01:56:58.0659 A

################################################################################################################################################
Starting Execution:	[130 out of 143] test cases in the current suite
Test Method:		[testPackage01.Test_dragAndDrop.dragAndDropJquery]
################################################################################################################################################
[ReportManager] Target URL: [https://jqueryui.com/resources/demos/droppable/default.html] @26-10-2021 01:56:58.0661 AM
[ReportManager] Initial URL: [data:,] @26-10-2021 01:56:58.0701 AM
[ReportManager] Browser Action [NavigateToURL] successfully performed. With the following test data [https://jqueryui.com/resources/demos/droppable/default.html]. @26-10-2021 01:56:59.0010 AM
[ReportManager] Element Action [GetText] successfully performed. With the following test data [Drop here]. @26-10-2021 01:56:59.0072 AM
[ReportManager] Element Action [DragAndDrop] successfully performed. With the following test data [Start point: (8, 18), End point: (8, 18)]. @26-10-2021 01:57:00.0552 AM
[ReportManager] Element Action [GetText] successfully performed. With the following test data [Dropped!]. @26-10-2021 01:57:00.0610 AM
[ReportManager] Assertion Passed: Checking to see if the text has changed after performing drag and drop @26-10-2021 01:57:00.0610 AM
[ReportManager] Assertion [ValidateEquals] PASSED. Expected [Drop here] and Actual [Dropped!]. Comparison Type [EQUALS]. Validation Type [NEGATIVE]. @26-10-2021 01:57:00.0611 A
[ReportManager] Browser Action [CloseCurrentWindow] successfully performed. @26-10-2021 01:57:00.0739 AM
[ReportManager] Successfully created attachment [Browser Action Test Data - CloseCurrentWindow - Actual Value] @26-10-2021 01:57:00.0739 A
[ReportManager] File Action [GetAbsolutePath] successfully performed. With the following test data [Relative Folder Path: "target/downloadedFiles/"]. @26-10-2021 01:57:00.0741 AM
[ReportManager] Attempting to run remotely on: [Linux-64], [GoogleChrome], [http://localhost:4444/wd/hub], Headless Execution. @26-10-2021 01:57:00.0741 AM
[ReportManager] Successfully Opened [GoogleChrome]. @26-10-2021 01:57:03.0655 A

################################################################################################################################################
Starting Execution:	[131 out of 143] test cases in the current suite
Test Method:		[testPackage01.Test_dragAndDrop.dragAndDrop]
Test Description:	[TC001 - Test Drag and Drop function.]
################################################################################################################################################
[ReportManager] Target URL: [http://the-internet.herokuapp.com/drag_and_drop] @26-10-2021 01:57:03.0663 AM
[ReportManager] Initial URL: [data:,] @26-10-2021 01:57:03.0700 AM
[ReportManager] Browser Action [NavigateToURL] successfully performed. With the following test data [http://the-internet.herokuapp.com/drag_and_drop]. @26-10-2021 01:57:04.0018 AM
[ReportManager] Attempting Drag and Drop @26-10-2021 01:57:04.0018 AM
[ReportManager] Element Action [DragAndDrop] successfully performed. With the following test data [Start point: (32, 89), End point: (247, 89)]. @26-10-2021 01:57:05.0223 A
[ReportManager] Browser Action [CloseCurrentWindow] successfully performed. @26-10-2021 01:57:05.0323 AM
[ReportManager] Successfully created attachment [Browser Action Test Data - CloseCurrentWindow - Actual Value] @26-10-2021 01:57:05.0323 A
[ReportManager] File Action [GetAbsolutePath] successfully performed. With the following test data [Relative Folder Path: "target/downloadedFiles/"]. @26-10-2021 01:57:05.0325 AM
[ReportManager] Attempting to run remotely on: [Linux-64], [GoogleChrome], [http://localhost:4444/wd/hub], Headless Execution. @26-10-2021 01:57:05.0326 AM
[ReportManager] Successfully Opened [GoogleChrome]. @26-10-2021 01:57:08.0663 A

################################################################################################################################################
Starting Execution:	[132 out of 143] test cases in the current suite
Test Method:		[testPackage01.Test_dragAndDrop.dragAndDropByOffset]
Test Description:	[TC002 - Test Drag and Drop by offset function.]
################################################################################################################################################
[ReportManager] Target URL: [https://jqueryui.com/resources/demos/draggable/default.html] @26-10-2021 01:57:08.0669 AM
[ReportManager] Initial URL: [data:,] @26-10-2021 01:57:08.0705 AM
[ReportManager] Browser Action [NavigateToURL] successfully performed. With the following test data [https://jqueryui.com/resources/demos/draggable/default.html]. @26-10-2021 01:57:08.0969 AM
[ReportManager] Element Action [DragAndDropByOffset] successfully performed. With the following test data [Start point: (8, 8), End point: (108, 58)]. @26-10-2021 01:57:09.0467 A
[ReportManager] Browser Action [CloseCurrentWindow] successfully performed. @26-10-2021 01:57:09.0576 AM
[ReportManager] Successfully created attachment [Browser Action Test Data - CloseCurrentWindow - Actual Value] @26-10-2021 01:57:09.0576 A
[ReportManager] File Action [GetAbsolutePath] successfully performed. With the following test data [Relative Folder Path: "target/downloadedFiles/"]. @26-10-2021 01:57:09.0577 AM
[ReportManager] Attempting to run remotely on: [Linux-64], [GoogleChrome], [http://localhost:4444/wd/hub], Headless Execution. @26-10-2021 01:57:09.0578 AM
[ReportManager] Successfully Opened [GoogleChrome]. @26-10-2021 01:57:13.0655 A

################################################################################################################################################
Starting Execution:	[133 out of 143] test cases in the current suite
Test Method:		[testPackage01.Test_clipboardActions.typeTextAndCopyPaste]
################################################################################################################################################
[ReportManager] Target URL: [https://www.google.com/ncr], and after redirection: [https://www.google.com] @26-10-2021 01:57:13.0657 AM
[ReportManager] Initial URL: [data:,] @26-10-2021 01:57:13.0709 AM
[ReportManager] Browser Action [NavigateToURL] successfully performed. With the following test data [https://www.google.com/ncr]. @26-10-2021 01:57:14.0315 AM
[ReportManager] Element Action [Type] successfully performed. With the following test data [FIRST]. @26-10-2021 01:57:14.0684 AM
[ReportManager] Element Action [ClipboardActions] successfully performed. With the following test data [select all]. @26-10-2021 01:57:14.0750 AM
[ReportManager] Element Action [ClipboardActions] successfully performed. With the following test data [copy]. @26-10-2021 01:57:14.0816 AM
[ReportManager] Element Action [ClipboardActions] successfully performed. With the following test data [unselect]. @26-10-2021 01:57:14.0887 AM
[ReportManager] Element Action [ClipboardActions] successfully performed. With the following test data [paste]. @26-10-2021 01:57:14.0980 AM
[ReportManager] Element Action [ClipboardActions] successfully performed. With the following test data [select all]. @26-10-2021 01:57:15.0033 AM
[ReportManager] Element Action [Type] successfully performed. @26-10-2021 01:57:15.0390 AM
[ReportManager] Element Action [ClipboardActions] successfully performed. With the following test data [cut]. @26-10-2021 01:57:15.0390 AM
[ReportManager] Element Action [ClipboardActions] successfully performed. With the following test data [paste]. @26-10-2021 01:57:15.0439 AM
[ReportManager] Element Action [ClipboardActions] successfully performed. With the following test data [paste]. @26-10-2021 01:57:15.0491 A
[ReportManager] Browser Action [CloseCurrentWindow] successfully performed. @26-10-2021 01:57:15.0615 AM
[ReportManager] Successfully created attachment [Browser Action Test Data - CloseCurrentWindow - Actual Value] @26-10-2021 01:57:15.0616 A
[ReportManager] File Action [GetAbsolutePath] successfully performed. With the following test data [Relative Folder Path: "target/downloadedFiles/"]. @26-10-2021 01:57:15.0617 AM
[ReportManager] Attempting to run remotely on: [Linux-64], [GoogleChrome], [http://localhost:4444/wd/hub], Headless Execution. @26-10-2021 01:57:15.0617 AM
[ReportManager] Successfully Opened [GoogleChrome]. @26-10-2021 01:57:18.0681 A

################################################################################################################################################
Starting Execution:	[134 out of 143] test cases in the current suite
Test Method:		[testPackage01.Test_dynamicLoading.dynamicLoading_elementIsHidden]
################################################################################################################################################
[ReportManager] Target URL: [https://the-internet.herokuapp.com/dynamic_loading/1] @26-10-2021 01:57:18.0684 AM
[ReportManager] Initial URL: [data:,] @26-10-2021 01:57:18.0727 AM
[ReportManager] Browser Action [NavigateToURL] successfully performed. With the following test data [https://the-internet.herokuapp.com/dynamic_loading/1]. @26-10-2021 01:57:19.0203 AM
[ReportManager] Element Action [Click] successfully performed. With the following test data [Start]. @26-10-2021 01:57:19.0638 AM
[ReportManager] Element Action [GetText] successfully performed. With the following test data [
    Hello World!
  ]. @26-10-2021 01:57:19.0732 AM
[ReportManager] Loaded Shared OpenCV @26-10-2021 01:57:19.0913 AM
[ReportManager] Assertion [ValidateElementAttribute] PASSED. Expected [Value Should be 'Hello World!' for the 'text' attribute, element locator 'By.id: finish'] and Actual [
    Hello World!
  ]. Comparison Type [CONTAINS]. Validation Type [POSITIVE]. @26-10-2021 01:57:20.0073 AM
[ReportManager] Successfully created attachment [Screenshot - 1635213439913_dynamicLoading_elementIsHidden_ValidateElementAttribute_passed] @26-10-2021 01:57:20.0074 A
[ReportManager] Browser Action [CloseCurrentWindow] successfully performed. @26-10-2021 01:57:20.0186 AM
[ReportManager] Successfully created attachment [Browser Action Test Data - CloseCurrentWindow - Actual Value] @26-10-2021 01:57:20.0186 A
[ReportManager] File Action [GetAbsolutePath] successfully performed. With the following test data [Relative Folder Path: "target/downloadedFiles/"]. @26-10-2021 01:57:20.0203 AM
[ReportManager] Attempting to run remotely on: [Linux-64], [GoogleChrome], [http://localhost:4444/wd/hub], Headless Execution. @26-10-2021 01:57:20.0204 AM
[ReportManager] Successfully Opened [GoogleChrome]. @26-10-2021 01:57:23.0656 A

################################################################################################################################################
Starting Execution:	[135 out of 143] test cases in the current suite
Test Method:		[testPackage01.Test_dynamicLoading.dynamicLoading_elementIsRendered]
################################################################################################################################################
[ReportManager] Target URL: [https://the-internet.herokuapp.com/dynamic_loading/2] @26-10-2021 01:57:23.0663 AM
[ReportManager] Initial URL: [data:,] @26-10-2021 01:57:23.0700 AM
[ReportManager] Browser Action [NavigateToURL] successfully performed. With the following test data [https://the-internet.herokuapp.com/dynamic_loading/2]. @26-10-2021 01:57:24.0019 AM
[ReportManager] Element Action [Click] successfully performed. With the following test data [Start]. @26-10-2021 01:57:24.0472 AM
[ReportManager] Element Action [GetText] successfully performed. With the following test data [Hello World!]. @26-10-2021 01:57:29.0631 AM
[ReportManager] Loaded Shared OpenCV @26-10-2021 01:57:29.0745 AM
[ReportManager] Assertion [ValidateElementAttribute] PASSED. Expected [Value Should be 'Hello World!' for the 'text' attribute, element locator 'By.id: finish'] and Actual [Hello World!]. Comparison Type [CONTAINS]. Validation Type [POSITIVE]. @26-10-2021 01:57:29.0810 AM
[ReportManager] Successfully created attachment [Screenshot - 1635213449745_dynamicLoading_elementIsRendered_ValidateElementAttribute_passed] @26-10-2021 01:57:29.0811 A
[ReportManager] Browser Action [CloseCurrentWindow] successfully performed. @26-10-2021 01:57:29.0919 AM
[ReportManager] Successfully created attachment [Browser Action Test Data - CloseCurrentWindow - Actual Value] @26-10-2021 01:57:29.0919 A
[ReportManager] File Action [GetAbsolutePath] successfully performed. With the following test data [Relative Folder Path: "target/downloadedFiles/"]. @26-10-2021 01:57:29.0922 AM
[ReportManager] Attempting to run remotely on: [Linux-64], [GoogleChrome], [http://localhost:4444/wd/hub], Headless Execution. @26-10-2021 01:57:29.0922 AM
[ReportManager] Successfully Opened [GoogleChrome]. @26-10-2021 01:57:33.0658 A

################################################################################################################################################
Starting Execution:	[136 out of 143] test cases in the current suite
Test Method:		[testPackage01.Test_uploadFile.uploadFile_invisibleUploadInput]
################################################################################################################################################
[ReportManager] Target URL: [https://fineuploader.com/demos.html#gallery-view] @26-10-2021 01:57:33.0661 AM
[ReportManager] Initial URL: [data:,] @26-10-2021 01:57:33.0697 AM
[ReportManager] Browser Action [NavigateToURL] successfully performed. With the following test data [https://fineuploader.com/demos.html#gallery-view]. @26-10-2021 01:57:34.0864 AM
[ReportManager] File Action [GetAbsolutePath] successfully performed. With the following test data [Relative File Path: "src/main/resources/images/shaft.png"]. @26-10-2021 01:57:34.0865 AM
[ReportManager] Successfully created attachment [File Action Actual Result - Command Log] @26-10-2021 01:57:34.0865 AM
[ReportManager] Element Action [TypeFileLocationForUpload] successfully performed. With the following test data [/home/runner/work/SHAFT_ENGINE/SHAFT_ENGINE/src/main/resources/images/shaft.png]. @26-10-2021 01:57:35.0025 AM
[ReportManager] Attempting to getAttribute [src] from elementLocator [By.xpath: //div[@id='fine-uploader-gallery']//div[@class='qq-thumbnail-wrapper']/img]. @26-10-2021 01:57:35.0025 AM
[ReportManager] Element Action [GetAttribute] successfully performed. @26-10-2021 01:57:35.0142 AM
[ReportManager] Successfully created attachment [Element Action Test Data - GetAttribute - Actual Value] @26-10-2021 01:57:35.0143 AM
[ReportManager] Loaded Shared OpenCV @26-10-2021 01:57:35.0251 AM
[ReportManager] Assertion [ValidateElementAttribute] PASSED. Expected and Actual values are attached. Comparison Type [CONTAINS]. Validation Type [POSITIVE]. @26-10-2021 01:57:35.0330 AM
[ReportManager] Successfully created attachment [Validation Test Data - Expected Value] @26-10-2021 01:57:35.0331 AM
[ReportManager] Successfully created attachment [Validation Test Data - Actual Value] @26-10-2021 01:57:35.0331 AM
[ReportManager] Successfully created attachment [Screenshot - 1635213455251_uploadFile_invisibleUploadInput_ValidateElementAttribute_passed] @26-10-2021 01:57:35.0332 A
[ReportManager] Browser Action [CloseCurrentWindow] successfully performed. @26-10-2021 01:57:35.0461 AM
[ReportManager] Successfully created attachment [Browser Action Test Data - CloseCurrentWindow - Actual Value] @26-10-2021 01:57:35.0462 A
[ReportManager] File Action [GetAbsolutePath] successfully performed. With the following test data [Relative Folder Path: "target/downloadedFiles/"]. @26-10-2021 01:57:35.0465 AM
[ReportManager] Attempting to run remotely on: [Linux-64], [GoogleChrome], [http://localhost:4444/wd/hub], Headless Execution. @26-10-2021 01:57:35.0465 AM
[ReportManager] Successfully Opened [GoogleChrome]. @26-10-2021 01:57:38.0656 A

################################################################################################################################################
Starting Execution:	[137 out of 143] test cases in the current suite
Test Method:		[testPackage01.Test_uploadFile.uploadFile_visibleUploadInput]
################################################################################################################################################
[ReportManager] Target URL: [http://demo.guru99.com/test/upload/] @26-10-2021 01:57:38.0659 AM
[ReportManager] Initial URL: [data:,] @26-10-2021 01:57:38.0727 AM
[ReportManager] Browser Action [NavigateToURL] successfully performed. With the following test data [http://demo.guru99.com/test/upload/]. @26-10-2021 01:57:39.0845 AM
[ReportManager] File Action [GetAbsolutePath] successfully performed. With the following test data [Relative File Path: "src/main/resources/images/shaft.png"]. @26-10-2021 01:57:39.0846 AM
[ReportManager] Successfully created attachment [File Action Actual Result - Command Log] @26-10-2021 01:57:39.0846 AM
[ReportManager] Element Action [TypeFileLocationForUpload] successfully performed. With the following test data [/home/runner/work/SHAFT_ENGINE/SHAFT_ENGINE/src/main/resources/images/shaft.png]. @26-10-2021 01:57:39.0959 AM
[ReportManager] Element Action [Click] successfully performed. With the following test data [on]. @26-10-2021 01:57:40.0385 AM
[ReportManager] Element Action [Click] successfully performed. With the following test data [Submit File]. @26-10-2021 01:57:40.0794 AM
[ReportManager] Element Action [GetText] successfully performed. With the following test data [1 file
has been successfully uploaded.]. @26-10-2021 01:57:41.0437 AM
[ReportManager] Loaded Shared OpenCV @26-10-2021 01:57:41.0525 AM
[ReportManager] Assertion [ValidateElementAttribute] PASSED. Expected [Value Should be '1 file' for the 'Text' attribute, element locator 'By.id: res'] and Actual [1 file
has been successfully uploaded.]. Comparison Type [CONTAINS]. Validation Type [POSITIVE]. @26-10-2021 01:57:41.0585 AM
[ReportManager] Successfully created attachment [Screenshot - 1635213461525_uploadFile_visibleUploadInput_ValidateElementAttribute_passed] @26-10-2021 01:57:41.0586 A
[ReportManager] Browser Action [CloseCurrentWindow] successfully performed. @26-10-2021 01:57:41.0708 AM
[ReportManager] Successfully created attachment [Browser Action Test Data - CloseCurrentWindow - Actual Value] @26-10-2021 01:57:41.0708 A

################################################################################################################################################
Starting Execution:	[138 out of 143] test cases in the current suite
Test Method:		[testPackage01.Test_SelectedValue.multipleSelect]
################################################################################################################################################
[ReportManager] File Action [GetAbsolutePath] successfully performed. With the following test data [Relative Folder Path: "target/downloadedFiles/"]. @26-10-2021 01:57:41.0711 AM
[ReportManager] Attempting to run remotely on: [Linux-64], [GoogleChrome], [http://localhost:4444/wd/hub], Headless Execution. @26-10-2021 01:57:41.0711 AM
[ReportManager] Successfully Opened [GoogleChrome]. @26-10-2021 01:57:43.0691 AM
[ReportManager] Target URL: [https://yari-demos.prod.mdn.mozit.cloud/en-US/docs/Web/HTML/Element/select/_sample_.Advanced_select_with_multiple_features.html] @26-10-2021 01:57:43.0691 AM
[ReportManager] Initial URL: [data:,] @26-10-2021 01:57:43.0744 AM
[ReportManager] Browser Action [NavigateToURL] successfully performed. With the following test data [https://yari-demos.prod.mdn.mozit.cloud/en-US/docs/Web/HTML/Element/select/_sample_.Advanced_select_with_multiple_features.html]. @26-10-2021 01:57:44.0066 AM
[ReportManager] Element Action [Select] successfully performed. With the following test data [Dog]. @26-10-2021 01:57:44.0364 AM
[ReportManager] Element Action [Select] successfully performed. With the following test data [Cat]. @26-10-2021 01:57:44.0600 AM
[ReportManager] Element Action [GetSelectedText] successfully performed. With the following test data [DogCat]. @26-10-2021 01:57:44.0763 AM
[ReportManager] DogCat @26-10-2021 01:57:44.0763 AM
[ReportManager] Element Action [GetSelectedText] successfully performed. With the following test data [DogCat]. @26-10-2021 01:57:44.0891 AM
[ReportManager] Loaded Shared OpenCV @26-10-2021 01:57:45.0024 AM
[ReportManager] Assertion [ValidateElementAttribute] PASSED. Expected [Value Should be 'DogCat' for the 'selectedText' attribute, element locator 'By.tagName: select'] and Actual [DogCat]. Comparison Type [EQUALS]. Validation Type [POSITIVE]. @26-10-2021 01:57:45.0081 AM
[ReportManager] Successfully created attachment [Screenshot - 1635213465024_multipleSelect_ValidateElementAttribute_passed] @26-10-2021 01:57:45.0081 AM
[ReportManager] Browser Action [CloseCurrentWindow] successfully performed. @26-10-2021 01:57:45.0181 AM
[ReportManager] Successfully created attachment [Browser Action Test Data - CloseCurrentWindow - Actual Value] @26-10-2021 01:57:45.0181 A

################################################################################################################################################
Starting Execution:	[139 out of 143] test cases in the current suite
Test Method:		[testPackage01.Test_SelectedValue.simpleSelect]
################################################################################################################################################
[ReportManager] File Action [GetAbsolutePath] successfully performed. With the following test data [Relative Folder Path: "target/downloadedFiles/"]. @26-10-2021 01:57:45.0187 AM
[ReportManager] Attempting to run remotely on: [Linux-64], [GoogleChrome], [http://localhost:4444/wd/hub], Headless Execution. @26-10-2021 01:57:45.0187 AM
[ReportManager] Successfully Opened [GoogleChrome]. @26-10-2021 01:57:48.0662 AM
[ReportManager] Target URL: [https://yari-demos.prod.mdn.mozit.cloud/en-US/docs/Web/HTML/Element/select/_sample_.Basic_select.html] @26-10-2021 01:57:48.0663 AM
[ReportManager] Initial URL: [data:,] @26-10-2021 01:57:48.0725 AM
[ReportManager] Browser Action [NavigateToURL] successfully performed. With the following test data [https://yari-demos.prod.mdn.mozit.cloud/en-US/docs/Web/HTML/Element/select/_sample_.Basic_select.html]. @26-10-2021 01:57:48.0961 AM
[ReportManager] Element Action [Select] successfully performed. With the following test data [Third Value]. @26-10-2021 01:57:49.0351 AM
[ReportManager] Element Action [GetSelectedText] successfully performed. With the following test data [Third Value]. @26-10-2021 01:57:49.0445 AM
[ReportManager] Third Value @26-10-2021 01:57:49.0445 AM
[ReportManager] Element Action [GetSelectedText] successfully performed. With the following test data [Third Value]. @26-10-2021 01:57:49.0560 AM
[ReportManager] Loaded Shared OpenCV @26-10-2021 01:57:49.0656 AM
[ReportManager] Assertion [ValidateElementAttribute] PASSED. Expected [Value Should be 'Third Value' for the 'selectedText' attribute, element locator 'By.tagName: select'] and Actual [Third Value]. Comparison Type [EQUALS]. Validation Type [POSITIVE]. @26-10-2021 01:57:49.0720 AM
[ReportManager] Successfully created attachment [Screenshot - 1635213469655_simpleSelect_ValidateElementAttribute_passed] @26-10-2021 01:57:49.0720 AM
[ReportManager] Browser Action [CloseCurrentWindow] successfully performed. @26-10-2021 01:57:49.0855 AM
[ReportManager] Successfully created attachment [Browser Action Test Data - CloseCurrentWindow - Actual Value] @26-10-2021 01:57:49.0856 A

################################################################################################################################################
Starting Execution:	[140 out of 143] test cases in the current suite
Test Method:		[testPackage01.Test_JSONFileManager.readStringFromJson]
################################################################################################################################################
[ReportManager] Successfully loaded the following test data file [src/test/resources/TestDataFiles/simpleJSON.json]. @26-10-2021 01:57:49.0864 AM
[ReportManager] Successfully created attachment [Test Data - JSON] @26-10-2021 01:57:49.0865 AM
[ReportManager] Assertion [ValidateEquals] PASSED. Expected [Mohab Mohie] and Actual [Mohab Mohie]. Comparison Type [EQUALS]. Validation Type [POSITIVE]. @26-10-2021 01:57:49.0877 A
[ReportManager] Successfully loaded the following test data file [src/test/resources/TestDataFiles/testSuite01/TestData.xlsx]. @26-10-2021 01:57:49.0898 AM
[ReportManager] Successfully created attachment [Test Data - Excel] @26-10-2021 01:57:49.0898 AM
[ReportManager] Attempting to run using Playwright locally on: [Linux-64], [GoogleChrome], Headless Execution. @26-10-2021 01:58:06.0244 AM
[ReportManager] File Action [GetAbsolutePath] successfully performed. With the following test data [Relative Folder Path: "target/downloadedFiles/"]. @26-10-2021 01:58:06.0245 AM
[ReportManager] Initial window size: (1280, 720) @26-10-2021 01:58:06.0518 AM
[ReportManager] Window size after Toolkit: com.microsoft.playwright.options.ViewportSize@16eac095 @26-10-2021 01:58:06.0521 AM
[ReportManager] Browser Action [MaximizeWindow] successfully performed. With the following test data [New screen size is now: (1920, 1080)]. @26-10-2021 01:58:06.0522 A

################################################################################################################################################
Starting Execution:	[141 out of 143] test cases in the current suite
Test Method:		[testPackage01.Test_google_playwright.navigateToURLandVerifyGoogleLogoIsDisplayed]
Test Description:	[TC001 - Navigate to URL and Verify Google Logo is Displayed]
################################################################################################################################################
[ReportManager] Target URL: [https://www.google.com/ncr], and after redirection: [https://www.google.com] @26-10-2021 01:58:06.0524 AM
[ReportManager] Initial URL: [about:blank] @26-10-2021 01:58:07.0013 AM
[ReportManager] Browser Action [NavigateToURL] successfully performed. With the following test data [https://www.google.com/ncr]. @26-10-2021 01:58:09.0194 AM
[ReportManager] Loaded Shared OpenCV @26-10-2021 01:58:09.0401 AM
[ReportManager] Assertion [ValidateElementExists] PASSED. Expected [Element Should Exist, locator 'xpath=//*[@id='hplogo' or @alt='Google']'] and Actual [Element Exists]. Comparison Type [EQUALS]. Validation Type [POSITIVE]. @26-10-2021 01:58:09.0626 AM
[ReportManager] Successfully created attachment [Screenshot - 1635213489397_navigateToURLandVerifyGoogleLogoIsDisplayed_ValidateElementExists_passed] @26-10-2021 01:58:09.0627 A

################################################################################################################################################
Starting Execution:	[142 out of 143] test cases in the current suite
Test Method:		[testPackage01.Test_google_playwright.searchForQueryandAssertResultsNumDisplayed]
Test Description:	[TC002 - Search for Query and Assert that the number of results is displayed]
################################################################################################################################################
[ReportManager] Element Action [Type] successfully performed. With the following test data [SHAFT_Engine]. @26-10-2021 01:58:09.0893 AM
[ReportManager] Element Action [KeyPress] successfully performed. With the following test data [Enter]. @26-10-2021 01:58:09.0926 AM
[ReportManager] Element Action [GetText] successfully performed. With the following test data [About 891,000 results (0.59 seconds)]. @26-10-2021 01:58:10.0701 AM
[ReportManager] Loaded Shared OpenCV @26-10-2021 01:58:12.0733 AM
[ReportManager] Assertion [ValidateElementAttribute] PASSED. Expected [Value Should not be '' for the 'text' attribute, element locator 'xpath=//div[@id='appbar']'] and Actual [About 891,000 results (0.59 seconds)]. Comparison Type [EQUALS]. Validation Type [NEGATIVE]. @26-10-2021 01:58:12.0952 AM
[ReportManager] Successfully created attachment [Screenshot - 1635213492732_searchForQueryandAssertResultsNumDisplayed_ValidateElementAttribute_passed] @26-10-2021 01:58:12.0955 A

################################################################################################################################################
Starting Execution:	[143 out of 143] test cases in the current suite
Test Method:		[testPackage01.Test_google_playwright.clickNextThrice]
Test Description:	[TC003 - Clicks the next button to make sure that the framework can scroll element into view before clicking it]
################################################################################################################################################
[ReportManager] Element Action [Click] successfully performed. With the following test data [Next]. @26-10-2021 01:58:13.0217 A
[ReportManager] Failed to find video recording. @26-10-2021 01:58:13.0219 AM
[ReportManager] Successfully Closed PlayWright Driver. @26-10-2021 01:58:13.0279 A

################################################################################################################################################
Test Closure Activities
################################################################################################################################################
[ReportManager] Successfully created attachment [SHAFT Engine Logs - Execution log] @26-10-2021 01:58:13.0304 AM

################################################################################################################################################
This test run was powered by SHAFT Engine Version: [SHAFT Engine v5.4.20211025-BETA]
SHAFT Engine is licensed under the MIT License: [https://github.com/MohabMohie/SHAFT_ENGINE/blob/master/LICENSE].
################################################################################################################################################