################################################################################################################################################
Detected SHAFT Engine Version: [SHAFT Engine v6.1.20220113]
################################################################################################################################################
[ReportManager] File Action [GetAbsolutePath] successfully performed. With the following test data [Relative Folder Path: "target/downloadedFiles/"]. @11-02-2022 20:25:08.0639 PM
[ReportManager] Attempting to run locally on: [Mac-64], [Safari], Headless Execution. @11-02-2022 20:25:08.0654 PM
[ReportManager] Successfully Opened Safari. @11-02-2022 20:25:15.0724 PM
[ReportManager] Initial window size: (800, 600) @11-02-2022 20:25:15.0767 PM
[ReportManager] Window size after SWD Maximize: (1176, 802) @11-02-2022 20:25:15.0812 PM
[ReportManager] Browser Action [MaximizeWindow] successfully performed. With the following test data [New screen size is now: (1176, 802)]. @11-02-2022 20:25:15.0942 P

################################################################################################################################################
Starting Execution:	[1 out of 165] test cases in the current suite
Test Method:		[unitTests.tests_element_elementActions.waitForElementToBePresent_false_expectedToFail]
################################################################################################################################################
[ReportManager] Target URL: [https://www.google.com/ncr], and after redirection: [www.google.com] @11-02-2022 20:25:16.0403 PM
[ReportManager] Initial URL: [] @11-02-2022 20:25:16.0555 PM
[ReportManager] Browser Action [NavigateToURL] successfully performed. With the following test data [https://www.google.com/ncr]. @11-02-2022 20:25:19.0361 PM
[ReportManager] Waiting for element to be present; elementLocator [By.xpath: //*[@id='hplogo' or @alt='Google']], numberOfTries[1], stateOfPresence[false]... @11-02-2022 20:25:19.0371 PM
[ReportManager] Element Action [WaitForElementToBePresent] failed. With the following test data [waited for the element's state of presence to be (false). Element locator (By.xpath: //*[@id='hplogo' or @alt='Google'])]. @11-02-2022 20:25:23.0013 PM
[ReportManager] Successfully created attachment [Screenshot - 1644611119669_waitForElementToBePresent_false_expectedToFail_WaitForElementToBePresent_failed] @11-02-2022 20:25:23.0026 P
[ReportManager] Browser Action [CloseCurrentWindow] successfully performed. @11-02-2022 20:25:23.0197 PM
[ReportManager] Successfully created attachment [Browser Action Test Data - CloseCurrentWindow - Actual Value] @11-02-2022 20:25:23.0198 P
[ReportManager] File Action [GetAbsolutePath] successfully performed. With the following test data [Relative Folder Path: "target/downloadedFiles/"]. @11-02-2022 20:25:23.0212 PM
[ReportManager] Attempting to run locally on: [Mac-64], [Safari], Headless Execution. @11-02-2022 20:25:23.0212 PM
[ReportManager] Successfully Opened Safari. @11-02-2022 20:25:24.0204 PM
[ReportManager] Initial window size: (800, 600) @11-02-2022 20:25:24.0219 PM
[ReportManager] Window size after SWD Maximize: (1176, 803) @11-02-2022 20:25:24.0318 PM
[ReportManager] Browser Action [MaximizeWindow] successfully performed. With the following test data [New screen size is now: (1176, 803)]. @11-02-2022 20:25:24.0319 P

################################################################################################################################################
Starting Execution:	[2 out of 165] test cases in the current suite
Test Method:		[unitTests.tests_element_elementActions.waitForElementToBePresent_false_expectedToPass]
################################################################################################################################################
[ReportManager] Target URL: [https://www.google.com/ncr], and after redirection: [www.google.com] @11-02-2022 20:25:24.0324 PM
[ReportManager] Initial URL: [] @11-02-2022 20:25:24.0365 PM
[ReportManager] Browser Action [NavigateToURL] successfully performed. With the following test data [https://www.google.com/ncr]. @11-02-2022 20:25:26.0468 PM
[ReportManager] Waiting for element to be present; elementLocator [By.id: bla], numberOfTries[1], stateOfPresence[false]... @11-02-2022 20:25:26.0469 PM
[ReportManager] org.openqa.selenium.TimeoutException:
Expected condition failed: waiting for com.shaft.gui.element.ElementActionsHelper$$Lambda$641/0x0000000801149890@58267ba1 (tried for 5 second(s) with 1000 milliseconds interval)
org.openqa.selenium.support.ui.FluentWait.timeoutException(FluentWait.java:263)
org.openqa.selenium.support.ui.FluentWait.until(FluentWait.java:231)
com.shaft.gui.element.ElementActionsHelper.waitForElementPresence(ElementActionsHelper.java:89)
com.shaft.gui.element.ElementActionsHelper.waitForElementPresence(ElementActionsHelper.java:37)
com.shaft.gui.element.WebDriverElementActions.getMatchingElementsCount(WebDriverElementActions.java:1481)
com.shaft.gui.element.WebDriverElementActions.waitForElementToBePresent(WebDriverElementActions.java:1295)
com.shaft.gui.element.ElementActions.waitForElementToBePresent(ElementActions.java:630)
unitTests.tests_element_elementActions.waitForElementToBePresent_false_expectedToPass(tests_element_elementActions.java:48)
java.base/jdk.internal.reflect.NativeMethodAccessorImpl.invoke0(Native Method)
java.base/jdk.internal.reflect.NativeMethodAccessorImpl.invoke(NativeMethodAccessorImpl.java:77)
java.base/jdk.internal.reflect.DelegatingMethodAccessorImpl.invoke(DelegatingMethodAccessorImpl.java:43)
java.base/java.lang.reflect.Method.invoke(Method.java:568)
org.testng.internal.invokers.MethodInvocationHelper.invokeMethod(MethodInvocationHelper.java:135)
org.testng.internal.invokers.TestInvoker.invokeMethod(TestInvoker.java:673)
org.testng.internal.invokers.TestInvoker.invokeTestMethod(TestInvoker.java:220)
org.testng.internal.invokers.MethodRunner.runInSequence(MethodRunner.java:50)
org.testng.internal.invokers.TestInvoker$MethodInvocationAgent.invoke(TestInvoker.java:945)
org.testng.internal.invokers.TestInvoker.invokeTestMethods(TestInvoker.java:193)
org.testng.internal.invokers.TestMethodWorker.invokeTestMethods(TestMethodWorker.java:146)
org.testng.internal.invokers.TestMethodWorker.run(TestMethodWorker.java:128)
java.base/java.util.ArrayList.forEach(ArrayList.java:1511)
org.testng.TestRunner.privateRun(TestRunner.java:808)
org.testng.TestRunner.run(TestRunner.java:603)
org.testng.SuiteRunner.runTest(SuiteRunner.java:429)
org.testng.SuiteRunner.runSequentially(SuiteRunner.java:423)
org.testng.SuiteRunner.privateRun(SuiteRunner.java:383)
org.testng.SuiteRunner.run(SuiteRunner.java:326)
org.testng.SuiteRunnerWorker.runSuite(SuiteRunnerWorker.java:52)
org.testng.SuiteRunnerWorker.run(SuiteRunnerWorker.java:95)
org.testng.TestNG.runSuitesSequentially(TestNG.java:1249)
org.testng.TestNG.runSuitesLocally(TestNG.java:1169)
org.testng.TestNG.runSuites(TestNG.java:1092)
org.testng.TestNG.run(TestNG.java:1060)
org.apache.maven.surefire.testng.TestNGExecutor.run(TestNGExecutor.java:136)
org.apache.maven.surefire.testng.TestNGDirectoryTestSuite.executeMulti(TestNGDirectoryTestSuite.java:193)
org.apache.maven.surefire.testng.TestNGDirectoryTestSuite.execute(TestNGDirectoryTestSuite.java:94)
org.apache.maven.surefire.testng.TestNGProvider.invoke(TestNGProvider.java:145)
org.apache.maven.surefire.booter.ForkedBooter.runSuitesInProcess(ForkedBooter.java:428)
org.apache.maven.surefire.booter.ForkedBooter.execute(ForkedBooter.java:162)
org.apache.maven.surefire.booter.ForkedBooter.run(ForkedBooter.java:562)
org.apache.maven.surefire.booter.ForkedBooter.main(ForkedBooter.java:548)

Caused by: org.openqa.selenium.NoSuchElementException:
For documentation on this error, please visit: https://selenium.dev/exceptions/#no_such_element
Build info: version: '4.1.2', revision: '9a5a329c5a'
System info: host: 'Mac-1644610971229.local', ip: '10.212.9.88', os.name: 'Mac OS X', os.arch: 'x86_64', os.version: '11.6.3', java.version: '17.0.2'
Driver info: org.openqa.selenium.safari.SafariDriver
Command: [45F83451-C6DD-4CF0-B871-5BB735674CB6, findElement {using=id, value=bla}]
Capabilities {acceptInsecureCerts: false, browserName: Safari, browserVersion: 15.3, goog:loggingPrefs: {browser: ALL, client: ALL, driver: ALL, performance: ALL, profiler: ALL, server: ALL}, javascriptEnabled: true, pageLoadStrategy: normal, platform: MAC, platformName: MAC, safari:automaticInspection: false, safari:automaticProfiling: false, safari:diagnose: false, safari:platformBuildVersion: 20G415, safari:platformVersion: 11.6.3, safari:useSimulator: false, setWindowRect: true, strictFileInteractability: false, timeouts: {pageLoad: 30000, script: 30000}, webkit:WebRTC: {DisableICECandidateFiltering: false, DisableInsecureMediaCapture: false}}
Session ID: 45F83451-C6DD-4CF0-B871-5BB735674CB6
java.base/jdk.internal.reflect.NativeConstructorAccessorImpl.newInstance0(Native Method)
java.base/jdk.internal.reflect.NativeConstructorAccessorImpl.newInstance(NativeConstructorAccessorImpl.java:77)
java.base/jdk.internal.reflect.DelegatingConstructorAccessorImpl.newInstance(DelegatingConstructorAccessorImpl.java:45)
java.base/java.lang.reflect.Constructor.newInstanceWithCaller(Constructor.java:499)
java.base/java.lang.reflect.Constructor.newInstance(Constructor.java:480)
org.openqa.selenium.remote.codec.w3c.W3CHttpResponseCodec.createException(W3CHttpResponseCodec.java:200)
org.openqa.selenium.remote.codec.w3c.W3CHttpResponseCodec.decode(W3CHttpResponseCodec.java:133)
org.openqa.selenium.remote.codec.w3c.W3CHttpResponseCodec.decode(W3CHttpResponseCodec.java:53)
org.openqa.selenium.remote.HttpCommandExecutor.execute(HttpCommandExecutor.java:184)
org.openqa.selenium.remote.service.DriverCommandExecutor.invokeExecute(DriverCommandExecutor.java:167)
org.openqa.selenium.remote.service.DriverCommandExecutor.execute(DriverCommandExecutor.java:142)
org.openqa.selenium.remote.RemoteWebDriver.execute(RemoteWebDriver.java:558)
org.openqa.selenium.remote.ElementLocation$ElementFinder$2.findElement(ElementLocation.java:162)
org.openqa.selenium.remote.ElementLocation.findElement(ElementLocation.java:60)
org.openqa.selenium.remote.RemoteWebDriver.findElement(RemoteWebDriver.java:382)
org.openqa.selenium.remote.RemoteWebDriver.findElement(RemoteWebDriver.java:374)
com.shaft.gui.element.ElementActionsHelper.lambda$waitForElementPresence$0(ElementActionsHelper.java:92)
org.openqa.selenium.support.ui.FluentWait.until(FluentWait.java:208)
com.shaft.gui.element.ElementActionsHelper.waitForElementPresence(ElementActionsHelper.java:89)
com.shaft.gui.element.ElementActionsHelper.waitForElementPresence(ElementActionsHelper.java:37)
com.shaft.gui.element.WebDriverElementActions.getMatchingElementsCount(WebDriverElementActions.java:1481)
com.shaft.gui.element.WebDriverElementActions.waitForElementToBePresent(WebDriverElementActions.java:1295)
com.shaft.gui.element.ElementActions.waitForElementToBePresent(ElementActions.java:630)
unitTests.tests_element_elementActions.waitForElementToBePresent_false_expectedToPass(tests_element_elementActions.java:48)
java.base/jdk.internal.reflect.NativeMethodAccessorImpl.invoke0(Native Method)
java.base/jdk.internal.reflect.NativeMethodAccessorImpl.invoke(NativeMethodAccessorImpl.java:77)
java.base/jdk.internal.reflect.DelegatingMethodAccessorImpl.invoke(DelegatingMethodAccessorImpl.java:43)
java.base/java.lang.reflect.Method.invoke(Method.java:568)
org.testng.internal.invokers.MethodInvocationHelper.invokeMethod(MethodInvocationHelper.java:135)
org.testng.internal.invokers.TestInvoker.invokeMethod(TestInvoker.java:673)
org.testng.internal.invokers.TestInvoker.invokeTestMethod(TestInvoker.java:220)
org.testng.internal.invokers.MethodRunner.runInSequence(MethodRunner.java:50)
org.testng.internal.invokers.TestInvoker$MethodInvocationAgent.invoke(TestInvoker.java:945)
org.testng.internal.invokers.TestInvoker.invokeTestMethods(TestInvoker.java:193)
org.testng.internal.invokers.TestMethodWorker.invokeTestMethods(TestMethodWorker.java:146)
org.testng.internal.invokers.TestMethodWorker.run(TestMethodWorker.java:128)
java.base/java.util.ArrayList.forEach(ArrayList.java:1511)
org.testng.TestRunner.privateRun(TestRunner.java:808)
org.testng.TestRunner.run(TestRunner.java:603)
org.testng.SuiteRunner.runTest(SuiteRunner.java:429)
org.testng.SuiteRunner.runSequentially(SuiteRunner.java:423)
org.testng.SuiteRunner.privateRun(SuiteRunner.java:383)
org.testng.SuiteRunner.run(SuiteRunner.java:326)
org.testng.SuiteRunnerWorker.runSuite(SuiteRunnerWorker.java:52)
org.testng.SuiteRunnerWorker.run(SuiteRunnerWorker.java:95)
org.testng.TestNG.runSuitesSequentially(TestNG.java:1249)
org.testng.TestNG.runSuitesLocally(TestNG.java:1169)
org.testng.TestNG.runSuites(TestNG.java:1092)
org.testng.TestNG.run(TestNG.java:1060)
org.apache.maven.surefire.testng.TestNGExecutor.run(TestNGExecutor.java:136)
org.apache.maven.surefire.testng.TestNGDirectoryTestSuite.executeMulti(TestNGDirectoryTestSuite.java:193)
org.apache.maven.surefire.testng.TestNGDirectoryTestSuite.execute(TestNGDirectoryTestSuite.java:94)
org.apache.maven.surefire.testng.TestNGProvider.invoke(TestNGProvider.java:145)
org.apache.maven.surefire.booter.ForkedBooter.runSuitesInProcess(ForkedBooter.java:428)
org.apache.maven.surefire.booter.ForkedBooter.execute(ForkedBooter.java:162)
org.apache.maven.surefire.booter.ForkedBooter.run(ForkedBooter.java:562)
org.apache.maven.surefire.booter.ForkedBooter.main(ForkedBooter.java:548) @11-02-2022 20:25:31.0865 PM
[ReportManager] Element Action [WaitForElementToBePresent] successfully performed. With the following test data [waited for the element's state of presence to be (false). Element locator (By.id: bla)]. @11-02-2022 20:25:31.0866 P
[ReportManager] Browser Action [CloseCurrentWindow] successfully performed. @11-02-2022 20:25:32.0164 PM
[ReportManager] Successfully created attachment [Browser Action Test Data - CloseCurrentWindow - Actual Value] @11-02-2022 20:25:32.0165 P
[ReportManager] File Action [GetAbsolutePath] successfully performed. With the following test data [Relative Folder Path: "target/downloadedFiles/"]. @11-02-2022 20:25:32.0173 PM
[ReportManager] Attempting to run locally on: [Mac-64], [Safari], Headless Execution. @11-02-2022 20:25:32.0173 PM
[ReportManager] Successfully Opened Safari. @11-02-2022 20:25:33.0094 PM
[ReportManager] Initial window size: (800, 600) @11-02-2022 20:25:33.0117 PM
[ReportManager] Window size after SWD Maximize: (1176, 803) @11-02-2022 20:25:33.0171 PM
[ReportManager] Browser Action [MaximizeWindow] successfully performed. With the following test data [New screen size is now: (1176, 803)]. @11-02-2022 20:25:33.0172 P

################################################################################################################################################
Starting Execution:	[3 out of 165] test cases in the current suite
Test Method:		[unitTests.tests_element_elementActions.waitForElementToBePresent_moreThanOneElement_expectedToFail]
################################################################################################################################################
[ReportManager] Target URL: [https://www.google.com/ncr], and after redirection: [www.google.com] @11-02-2022 20:25:33.0350 PM
[ReportManager] Initial URL: [] @11-02-2022 20:25:33.0395 PM
[ReportManager] Browser Action [NavigateToURL] successfully performed. With the following test data [https://www.google.com/ncr]. @11-02-2022 20:25:35.0127 PM
[ReportManager] Waiting for element to be present; elementLocator [By.xpath: //*], numberOfTries[1], stateOfPresence[false]... @11-02-2022 20:25:35.0128 PM
[ReportManager] Element Action [WaitForElementToBePresent] failed. With the following test data [waited for the element's state of presence to be (false). Element locator (By.xpath: //*)]. @11-02-2022 20:25:35.0399 PM
[ReportManager] Successfully created attachment [Screenshot - 1644611135220_waitForElementToBePresent_moreThanOneElement_expectedToFail_WaitForElementToBePresent_failed] @11-02-2022 20:25:35.0402 P
[ReportManager] Browser Action [CloseCurrentWindow] successfully performed. @11-02-2022 20:25:35.0772 PM
[ReportManager] Successfully created attachment [Browser Action Test Data - CloseCurrentWindow - Actual Value] @11-02-2022 20:25:35.0774 P
[ReportManager] File Action [GetAbsolutePath] successfully performed. With the following test data [Relative Folder Path: "target/downloadedFiles/"]. @11-02-2022 20:25:35.0778 PM
[ReportManager] Attempting to run locally on: [Mac-64], [Safari], Headless Execution. @11-02-2022 20:25:35.0779 PM
[ReportManager] Successfully Opened Safari. @11-02-2022 20:25:36.0752 PM
[ReportManager] Initial window size: (800, 600) @11-02-2022 20:25:36.0766 PM
[ReportManager] Window size after SWD Maximize: (1176, 803) @11-02-2022 20:25:36.0795 PM
[ReportManager] Browser Action [MaximizeWindow] successfully performed. With the following test data [New screen size is now: (1176, 803)]. @11-02-2022 20:25:36.0796 P

################################################################################################################################################
Starting Execution:	[4 out of 165] test cases in the current suite
Test Method:		[unitTests.tests_element_elementActions.waitForElementToBePresent_true_expectedToFail]
################################################################################################################################################
[ReportManager] Target URL: [https://www.google.com/ncr], and after redirection: [www.google.com] @11-02-2022 20:25:36.0800 PM
[ReportManager] Initial URL: [] @11-02-2022 20:25:36.0885 PM
[ReportManager] Browser Action [NavigateToURL] successfully performed. With the following test data [https://www.google.com/ncr]. @11-02-2022 20:25:38.0309 PM
[ReportManager] Waiting for element to be present; elementLocator [By.id: bla], numberOfTries[1], stateOfPresence[true]... @11-02-2022 20:25:38.0310 PM
[ReportManager] org.openqa.selenium.TimeoutException:
Expected condition failed: waiting for com.shaft.gui.element.ElementActionsHelper$$Lambda$641/0x0000000801149890@20331c8e (tried for 5 second(s) with 1000 milliseconds interval)
org.openqa.selenium.support.ui.FluentWait.timeoutException(FluentWait.java:263)
org.openqa.selenium.support.ui.FluentWait.until(FluentWait.java:231)
com.shaft.gui.element.ElementActionsHelper.waitForElementPresence(ElementActionsHelper.java:89)
com.shaft.gui.element.ElementActionsHelper.waitForElementPresence(ElementActionsHelper.java:37)
com.shaft.gui.element.WebDriverElementActions.getMatchingElementsCount(WebDriverElementActions.java:1481)
com.shaft.gui.element.WebDriverElementActions.waitForElementToBePresent(WebDriverElementActions.java:1295)
com.shaft.gui.element.ElementActions.waitForElementToBePresent(ElementActions.java:630)
unitTests.tests_element_elementActions.waitForElementToBePresent_true_expectedToFail(tests_element_elementActions.java:39)
java.base/jdk.internal.reflect.NativeMethodAccessorImpl.invoke0(Native Method)
java.base/jdk.internal.reflect.NativeMethodAccessorImpl.invoke(NativeMethodAccessorImpl.java:77)
java.base/jdk.internal.reflect.DelegatingMethodAccessorImpl.invoke(DelegatingMethodAccessorImpl.java:43)
java.base/java.lang.reflect.Method.invoke(Method.java:568)
org.testng.internal.invokers.MethodInvocationHelper.invokeMethod(MethodInvocationHelper.java:135)
org.testng.internal.invokers.TestInvoker.invokeMethod(TestInvoker.java:673)
org.testng.internal.invokers.TestInvoker.invokeTestMethod(TestInvoker.java:220)
org.testng.internal.invokers.MethodRunner.runInSequence(MethodRunner.java:50)
org.testng.internal.invokers.TestInvoker$MethodInvocationAgent.invoke(TestInvoker.java:945)
org.testng.internal.invokers.TestInvoker.invokeTestMethods(TestInvoker.java:193)
org.testng.internal.invokers.TestMethodWorker.invokeTestMethods(TestMethodWorker.java:146)
org.testng.internal.invokers.TestMethodWorker.run(TestMethodWorker.java:128)
java.base/java.util.ArrayList.forEach(ArrayList.java:1511)
org.testng.TestRunner.privateRun(TestRunner.java:808)
org.testng.TestRunner.run(TestRunner.java:603)
org.testng.SuiteRunner.runTest(SuiteRunner.java:429)
org.testng.SuiteRunner.runSequentially(SuiteRunner.java:423)
org.testng.SuiteRunner.privateRun(SuiteRunner.java:383)
org.testng.SuiteRunner.run(SuiteRunner.java:326)
org.testng.SuiteRunnerWorker.runSuite(SuiteRunnerWorker.java:52)
org.testng.SuiteRunnerWorker.run(SuiteRunnerWorker.java:95)
org.testng.TestNG.runSuitesSequentially(TestNG.java:1249)
org.testng.TestNG.runSuitesLocally(TestNG.java:1169)
org.testng.TestNG.runSuites(TestNG.java:1092)
org.testng.TestNG.run(TestNG.java:1060)
org.apache.maven.surefire.testng.TestNGExecutor.run(TestNGExecutor.java:136)
org.apache.maven.surefire.testng.TestNGDirectoryTestSuite.executeMulti(TestNGDirectoryTestSuite.java:193)
org.apache.maven.surefire.testng.TestNGDirectoryTestSuite.execute(TestNGDirectoryTestSuite.java:94)
org.apache.maven.surefire.testng.TestNGProvider.invoke(TestNGProvider.java:145)
org.apache.maven.surefire.booter.ForkedBooter.runSuitesInProcess(ForkedBooter.java:428)
org.apache.maven.surefire.booter.ForkedBooter.execute(ForkedBooter.java:162)
org.apache.maven.surefire.booter.ForkedBooter.run(ForkedBooter.java:562)
org.apache.maven.surefire.booter.ForkedBooter.main(ForkedBooter.java:548)

Caused by: org.openqa.selenium.NoSuchElementException:
For documentation on this error, please visit: https://selenium.dev/exceptions/#no_such_element
Build info: version: '4.1.2', revision: '9a5a329c5a'
System info: host: 'Mac-1644610971229.local', ip: '10.212.9.88', os.name: 'Mac OS X', os.arch: 'x86_64', os.version: '11.6.3', java.version: '17.0.2'
Driver info: org.openqa.selenium.safari.SafariDriver
Command: [1178310C-825F-4D93-83C9-00AC2EC0E1D4, findElement {using=id, value=bla}]
Capabilities {acceptInsecureCerts: false, browserName: Safari, browserVersion: 15.3, goog:loggingPrefs: {browser: ALL, client: ALL, driver: ALL, performance: ALL, profiler: ALL, server: ALL}, javascriptEnabled: true, pageLoadStrategy: normal, platform: MAC, platformName: MAC, safari:automaticInspection: false, safari:automaticProfiling: false, safari:diagnose: false, safari:platformBuildVersion: 20G415, safari:platformVersion: 11.6.3, safari:useSimulator: false, setWindowRect: true, strictFileInteractability: false, timeouts: {pageLoad: 30000, script: 30000}, webkit:WebRTC: {DisableICECandidateFiltering: false, DisableInsecureMediaCapture: false}}
Session ID: 1178310C-825F-4D93-83C9-00AC2EC0E1D4
java.base/jdk.internal.reflect.NativeConstructorAccessorImpl.newInstance0(Native Method)
java.base/jdk.internal.reflect.NativeConstructorAccessorImpl.newInstance(NativeConstructorAccessorImpl.java:77)
java.base/jdk.internal.reflect.DelegatingConstructorAccessorImpl.newInstance(DelegatingConstructorAccessorImpl.java:45)
java.base/java.lang.reflect.Constructor.newInstanceWithCaller(Constructor.java:499)
java.base/java.lang.reflect.Constructor.newInstance(Constructor.java:480)
org.openqa.selenium.remote.codec.w3c.W3CHttpResponseCodec.createException(W3CHttpResponseCodec.java:200)
org.openqa.selenium.remote.codec.w3c.W3CHttpResponseCodec.decode(W3CHttpResponseCodec.java:133)
org.openqa.selenium.remote.codec.w3c.W3CHttpResponseCodec.decode(W3CHttpResponseCodec.java:53)
org.openqa.selenium.remote.HttpCommandExecutor.execute(HttpCommandExecutor.java:184)
org.openqa.selenium.remote.service.DriverCommandExecutor.invokeExecute(DriverCommandExecutor.java:167)
org.openqa.selenium.remote.service.DriverCommandExecutor.execute(DriverCommandExecutor.java:142)
org.openqa.selenium.remote.RemoteWebDriver.execute(RemoteWebDriver.java:558)
org.openqa.selenium.remote.ElementLocation$ElementFinder$2.findElement(ElementLocation.java:162)
org.openqa.selenium.remote.ElementLocation.findElement(ElementLocation.java:60)
org.openqa.selenium.remote.RemoteWebDriver.findElement(RemoteWebDriver.java:382)
org.openqa.selenium.remote.RemoteWebDriver.findElement(RemoteWebDriver.java:374)
com.shaft.gui.element.ElementActionsHelper.lambda$waitForElementPresence$0(ElementActionsHelper.java:92)
org.openqa.selenium.support.ui.FluentWait.until(FluentWait.java:208)
com.shaft.gui.element.ElementActionsHelper.waitForElementPresence(ElementActionsHelper.java:89)
com.shaft.gui.element.ElementActionsHelper.waitForElementPresence(ElementActionsHelper.java:37)
com.shaft.gui.element.WebDriverElementActions.getMatchingElementsCount(WebDriverElementActions.java:1481)
com.shaft.gui.element.WebDriverElementActions.waitForElementToBePresent(WebDriverElementActions.java:1295)
com.shaft.gui.element.ElementActions.waitForElementToBePresent(ElementActions.java:630)
unitTests.tests_element_elementActions.waitForElementToBePresent_true_expectedToFail(tests_element_elementActions.java:39)
java.base/jdk.internal.reflect.NativeMethodAccessorImpl.invoke0(Native Method)
java.base/jdk.internal.reflect.NativeMethodAccessorImpl.invoke(NativeMethodAccessorImpl.java:77)
java.base/jdk.internal.reflect.DelegatingMethodAccessorImpl.invoke(DelegatingMethodAccessorImpl.java:43)
java.base/java.lang.reflect.Method.invoke(Method.java:568)
org.testng.internal.invokers.MethodInvocationHelper.invokeMethod(MethodInvocationHelper.java:135)
org.testng.internal.invokers.TestInvoker.invokeMethod(TestInvoker.java:673)
org.testng.internal.invokers.TestInvoker.invokeTestMethod(TestInvoker.java:220)
org.testng.internal.invokers.MethodRunner.runInSequence(MethodRunner.java:50)
org.testng.internal.invokers.TestInvoker$MethodInvocationAgent.invoke(TestInvoker.java:945)
org.testng.internal.invokers.TestInvoker.invokeTestMethods(TestInvoker.java:193)
org.testng.internal.invokers.TestMethodWorker.invokeTestMethods(TestMethodWorker.java:146)
org.testng.internal.invokers.TestMethodWorker.run(TestMethodWorker.java:128)
java.base/java.util.ArrayList.forEach(ArrayList.java:1511)
org.testng.TestRunner.privateRun(TestRunner.java:808)
org.testng.TestRunner.run(TestRunner.java:603)
org.testng.SuiteRunner.runTest(SuiteRunner.java:429)
org.testng.SuiteRunner.runSequentially(SuiteRunner.java:423)
org.testng.SuiteRunner.privateRun(SuiteRunner.java:383)
org.testng.SuiteRunner.run(SuiteRunner.java:326)
org.testng.SuiteRunnerWorker.runSuite(SuiteRunnerWorker.java:52)
org.testng.SuiteRunnerWorker.run(SuiteRunnerWorker.java:95)
org.testng.TestNG.runSuitesSequentially(TestNG.java:1249)
org.testng.TestNG.runSuitesLocally(TestNG.java:1169)
org.testng.TestNG.runSuites(TestNG.java:1092)
org.testng.TestNG.run(TestNG.java:1060)
org.apache.maven.surefire.testng.TestNGExecutor.run(TestNGExecutor.java:136)
org.apache.maven.surefire.testng.TestNGDirectoryTestSuite.executeMulti(TestNGDirectoryTestSuite.java:193)
org.apache.maven.surefire.testng.TestNGDirectoryTestSuite.execute(TestNGDirectoryTestSuite.java:94)
org.apache.maven.surefire.testng.TestNGProvider.invoke(TestNGProvider.java:145)
org.apache.maven.surefire.booter.ForkedBooter.runSuitesInProcess(ForkedBooter.java:428)
org.apache.maven.surefire.booter.ForkedBooter.execute(ForkedBooter.java:162)
org.apache.maven.surefire.booter.ForkedBooter.run(ForkedBooter.java:562)
org.apache.maven.surefire.booter.ForkedBooter.main(ForkedBooter.java:548) @11-02-2022 20:25:43.0665 PM
[ReportManager] Element Action [WaitForElementToBePresent] failed. With the following test data [waited for the element's state of presence to be (true). Element locator (By.id: bla)]. @11-02-2022 20:25:43.0811 PM
[ReportManager] Successfully created attachment [Screenshot - 1644611143695_waitForElementToBePresent_true_expectedToFail_WaitForElementToBePresent_failed] @11-02-2022 20:25:43.0814 P
[ReportManager] Browser Action [CloseCurrentWindow] successfully performed. @11-02-2022 20:25:44.0149 PM
[ReportManager] Successfully created attachment [Browser Action Test Data - CloseCurrentWindow - Actual Value] @11-02-2022 20:25:44.0150 P
[ReportManager] File Action [GetAbsolutePath] successfully performed. With the following test data [Relative Folder Path: "target/downloadedFiles/"]. @11-02-2022 20:25:44.0154 PM
[ReportManager] Attempting to run locally on: [Mac-64], [Safari], Headless Execution. @11-02-2022 20:25:44.0154 PM
[ReportManager] An Exception Occured with this Message: Could not start a new session. Possible causes are invalid address of the remote server or browser start-up failure.. @11-02-2022 20:25:44.0192 PM
[ReportManager] Successfully created attachment [Exception Stack Trace - org.openqa.selenium.SessionNotCreatedException] @11-02-2022 20:25:44.0193 PM
[ReportManager] Driver Factory Action [createNewLocalDriverInstanceForSafari] failed. With the following test data [Failed to create a session on DESKTOP_SAFARI]. @11-02-2022 20:25:44.0194 P

################################################################################################################################################
Starting Execution:	[5 out of 165] test cases in the current suite
Test Method:		[unitTests.tests_element_elementActions.waitForElementToBePresent_true_expectedToPass]
###############################################################################################################################################

[ReportManager] File Action [GetAbsolutePath] successfully performed. With the following test data [Relative Folder Path: "target/downloadedFiles/"]. @11-02-2022 20:25:44.0228 PM
[ReportManager] Attempting to run locally on: [Mac-64], [Safari], Headless Execution. @11-02-2022 20:25:44.0229 PM
[ReportManager] An Exception Occured with this Message: Could not start a new session. Possible causes are invalid address of the remote server or browser start-up failure.. @11-02-2022 20:25:44.0455 PM
[ReportManager] Successfully created attachment [Exception Stack Trace - org.openqa.selenium.SessionNotCreatedException] @11-02-2022 20:25:44.0456 PM
[ReportManager] Driver Factory Action [createNewLocalDriverInstanceForSafari] failed. With the following test data [Failed to create a session on DESKTOP_SAFARI]. @11-02-2022 20:25:44.0458 P

################################################################################################################################################
Starting Execution:	[6 out of 165] test cases in the current suite
Test Method:		[unitTests.tests_browserActions.fullScreenWindow]
###############################################################################################################################################



################################################################################################################################################
Starting Execution:	[7 out of 165] test cases in the current suite
Test Method:		[unitTests.tests_browserActions.getCurrentURL]
###############################################################################################################################################



################################################################################################################################################
Starting Execution:	[8 out of 165] test cases in the current suite
Test Method:		[unitTests.tests_browserActions.getCurrentWindowTitle]
###############################################################################################################################################



################################################################################################################################################
Starting Execution:	[9 out of 165] test cases in the current suite
Test Method:		[unitTests.tests_browserActions.getPageSource]
###############################################################################################################################################



################################################################################################################################################
Starting Execution:	[10 out of 165] test cases in the current suite
Test Method:		[unitTests.tests_browserActions.getWindowHandle]
###############################################################################################################################################



################################################################################################################################################
Starting Execution:	[11 out of 165] test cases in the current suite
Test Method:		[unitTests.tests_browserActions.getWindowPosition]
###############################################################################################################################################



################################################################################################################################################
Starting Execution:	[12 out of 165] test cases in the current suite
Test Method:		[unitTests.tests_browserActions.getWindowSize]
###############################################################################################################################################



################################################################################################################################################
Starting Execution:	[13 out of 165] test cases in the current suite
Test Method:		[unitTests.tests_browserActions.maximizeWindow]
###############################################################################################################################################



################################################################################################################################################
Starting Execution:	[14 out of 165] test cases in the current suite
Test Method:		[unitTests.tests_browserActions.navigateBack]
###############################################################################################################################################



################################################################################################################################################
Starting Execution:	[15 out of 165] test cases in the current suite
Test Method:		[unitTests.tests_browserActions.navigateForward]
###############################################################################################################################################



################################################################################################################################################
Starting Execution:	[16 out of 165] test cases in the current suite
Test Method:		[unitTests.tests_browserActions.navigateToURL]
###############################################################################################################################################



################################################################################################################################################
Starting Execution:	[17 out of 165] test cases in the current suite
Test Method:		[unitTests.tests_browserActions.navigateToURLWithRedirection]
###############################################################################################################################################



################################################################################################################################################
Starting Execution:	[18 out of 165] test cases in the current suite
Test Method:		[unitTests.tests_browserActions.refreshCurrentPage]
###############################################################################################################################################



################################################################################################################################################
Starting Execution:	[19 out of 165] test cases in the current suite
Test Method:		[unitTests.tests_browserActions.setWindowSize]
###############################################################################################################################################

[ReportManager] Successfully loaded the following test data file [src/test/resources/testDataFiles/testSuite01/TestData.xlsx]. @11-02-2022 20:25:46.0070 PM
[ReportManager] Successfully created attachment [Test Data - Excel] @11-02-2022 20:25:46.0071 P

################################################################################################################################################
Starting Execution:	[20 out of 165] test cases in the current suite
Test Method:		[unitTests.tests_io_excelFileManager.getCellData_rowName_expectedToPass]
################################################################################################################################################
[ReportManager] testRowData. @11-02-2022 20:25:46.0097 P

################################################################################################################################################
Starting Execution:	[21 out of 165] test cases in the current suite
Test Method:		[unitTests.tests_validations_assertions.assertComparativeRelation_greaterThanOrEquals_false_equals_expectedToFail]
################################################################################################################################################
[ReportManager] Assertion [ValidateComparativeRelation] FAILED. Expected [1] and Actual [1]. Comparison Type [GREATER_THAN_OR_EQUALS]. Validation Type [NEGATIVE]. @11-02-2022 20:25:46.0112 P

################################################################################################################################################
Starting Execution:	[22 out of 165] test cases in the current suite
Test Method:		[unitTests.tests_validations_assertions.assertComparativeRelation_greaterThanOrEquals_false_equals_expectedToPass]
################################################################################################################################################
[ReportManager] Assertion [ValidateComparativeRelation] PASSED. Expected [2] and Actual [1]. Comparison Type [GREATER_THAN_OR_EQUALS]. Validation Type [NEGATIVE]. @11-02-2022 20:25:46.0120 P

################################################################################################################################################
Starting Execution:	[23 out of 165] test cases in the current suite
Test Method:		[unitTests.tests_validations_assertions.assertComparativeRelation_greaterThanOrEquals_false_greaterThan_expectedToFail]
################################################################################################################################################
[ReportManager] Assertion [ValidateComparativeRelation] FAILED. Expected [1] and Actual [2]. Comparison Type [GREATER_THAN_OR_EQUALS]. Validation Type [NEGATIVE]. @11-02-2022 20:25:46.0125 P

################################################################################################################################################
Starting Execution:	[24 out of 165] test cases in the current suite
Test Method:		[unitTests.tests_validations_assertions.assertComparativeRelation_greaterThanOrEquals_false_greaterThan_expectedToPass]
################################################################################################################################################
[ReportManager] Assertion [ValidateComparativeRelation] PASSED. Expected [2] and Actual [1]. Comparison Type [GREATER_THAN_OR_EQUALS]. Validation Type [NEGATIVE]. @11-02-2022 20:25:46.0129 P

################################################################################################################################################
Starting Execution:	[25 out of 165] test cases in the current suite
Test Method:		[unitTests.tests_validations_assertions.assertComparativeRelation_greaterThanOrEquals_true_equals_expectedToFail]
################################################################################################################################################
[ReportManager] Assertion [ValidateComparativeRelation] FAILED. Expected [1] and Actual [0]. Comparison Type [GREATER_THAN_OR_EQUALS]. Validation Type [POSITIVE]. @11-02-2022 20:25:46.0133 P

################################################################################################################################################
Starting Execution:	[26 out of 165] test cases in the current suite
Test Method:		[unitTests.tests_validations_assertions.assertComparativeRelation_greaterThanOrEquals_true_equals_expectedToPass]
################################################################################################################################################
[ReportManager] Assertion [ValidateComparativeRelation] PASSED. Expected [1] and Actual [1]. Comparison Type [GREATER_THAN_OR_EQUALS]. Validation Type [POSITIVE]. @11-02-2022 20:25:46.0139 P

################################################################################################################################################
Starting Execution:	[27 out of 165] test cases in the current suite
Test Method:		[unitTests.tests_validations_assertions.assertComparativeRelation_greaterThanOrEquals_true_greaterThan_expectedToFail]
################################################################################################################################################
[ReportManager] Assertion [ValidateComparativeRelation] FAILED. Expected [2] and Actual [1]. Comparison Type [GREATER_THAN_OR_EQUALS]. Validation Type [POSITIVE]. @11-02-2022 20:25:46.0143 P

################################################################################################################################################
Starting Execution:	[28 out of 165] test cases in the current suite
Test Method:		[unitTests.tests_validations_assertions.assertComparativeRelation_greaterThanOrEquals_true_greaterThan_expectedToPass]
################################################################################################################################################
[ReportManager] Assertion [ValidateComparativeRelation] PASSED. Expected [1] and Actual [2]. Comparison Type [GREATER_THAN_OR_EQUALS]. Validation Type [POSITIVE]. @11-02-2022 20:25:46.0148 P
[ReportManager] File Action [GetAbsolutePath] successfully performed. With the following test data [Relative Folder Path: "target/downloadedFiles/"]. @11-02-2022 20:25:46.0155 PM
[ReportManager] Attempting to run locally on: [Mac-64], [Safari], Headless Execution. @11-02-2022 20:25:46.0155 PM
[ReportManager] Successfully Opened Safari. @11-02-2022 20:25:47.0039 PM
[ReportManager] Initial window size: (800, 600) @11-02-2022 20:25:47.0049 PM
[ReportManager] Window size after SWD Maximize: (1176, 803) @11-02-2022 20:25:47.0067 PM
[ReportManager] Browser Action [MaximizeWindow] successfully performed. With the following test data [New screen size is now: (1176, 803)]. @11-02-2022 20:25:47.0068 PM
[ReportManager] Target URL: [https://www.google.com/ncr], and after redirection: [www.google.com] @11-02-2022 20:25:47.0068 PM
[ReportManager] Initial URL: [] @11-02-2022 20:25:47.0151 PM
[ReportManager] Browser Action [NavigateToURL] successfully performed. With the following test data [https://www.google.com/ncr]. @11-02-2022 20:25:48.0693 P

################################################################################################################################################
Starting Execution:	[29 out of 165] test cases in the current suite
Test Method:		[unitTests.tests_validations_assertions.assertElementAttribute_false_caseInsensitiveComparison_expectedToFail]
################################################################################################################################################
[ReportManager] Element Action [Type] successfully performed. With the following test data [AUTOMATION]. @11-02-2022 20:25:49.0300 PM
[ReportManager] Element Action [GetText] successfully performed. With the following test data [AUTOMATION]. @11-02-2022 20:25:49.0396 PM
[ReportManager] Assertion [ValidateElementAttribute] FAILED. Expected [Value Should not be 'AutomaTion' for the 'text' attribute, element locator 'By.name: q'] and Actual [AUTOMATION]. Comparison Type [CASE_INSENSITIVE]. Validation Type [NEGATIVE]. @11-02-2022 20:25:49.0840 PM
[ReportManager] Successfully created attachment [Screenshot - 1644611149738_assertElementAttribute_false_caseInsensitiveComparison_expectedToFail_ValidateElementAttribute_failed] @11-02-2022 20:25:49.0846 P
[ReportManager] Browser Action [CloseCurrentWindow] successfully performed. @11-02-2022 20:25:50.0226 PM
[ReportManager] Successfully created attachment [Browser Action Test Data - CloseCurrentWindow - Actual Value] @11-02-2022 20:25:50.0227 P
[ReportManager] File Action [GetAbsolutePath] successfully performed. With the following test data [Relative Folder Path: "target/downloadedFiles/"]. @11-02-2022 20:25:50.0234 PM
[ReportManager] Attempting to run locally on: [Mac-64], [Safari], Headless Execution. @11-02-2022 20:25:50.0234 PM
[ReportManager] Successfully Opened Safari. @11-02-2022 20:25:51.0277 PM
[ReportManager] Initial window size: (800, 600) @11-02-2022 20:25:51.0289 PM
[ReportManager] Window size after SWD Maximize: (1176, 803) @11-02-2022 20:25:51.0323 PM
[ReportManager] Browser Action [MaximizeWindow] successfully performed. With the following test data [New screen size is now: (1176, 803)]. @11-02-2022 20:25:51.0323 PM
[ReportManager] Target URL: [https://www.google.com/ncr], and after redirection: [www.google.com] @11-02-2022 20:25:51.0323 PM
[ReportManager] Initial URL: [] @11-02-2022 20:25:51.0372 PM
[ReportManager] Browser Action [NavigateToURL] successfully performed. With the following test data [https://www.google.com/ncr]. @11-02-2022 20:25:53.0094 P

################################################################################################################################################
Starting Execution:	[30 out of 165] test cases in the current suite
Test Method:		[unitTests.tests_validations_assertions.assertElementAttribute_false_caseInsensitiveComparison_expectedToPass]
################################################################################################################################################
[ReportManager] Element Action [Type] successfully performed. With the following test data [AUTOMATION]. @11-02-2022 20:25:53.0549 PM
[ReportManager] Element Action [GetText] successfully performed. With the following test data [AUTOMATION]. @11-02-2022 20:25:53.0629 PM
[ReportManager] Assertion [ValidateElementAttribute] PASSED. Expected [Value Should not be 'AutomaTion123' for the 'text' attribute, element locator 'By.name: q'] and Actual [AUTOMATION]. Comparison Type [CASE_INSENSITIVE]. Validation Type [NEGATIVE]. @11-02-2022 20:25:53.0819 PM
[ReportManager] Successfully created attachment [Screenshot - 1644611153745_assertElementAttribute_false_caseInsensitiveComparison_expectedToPass_ValidateElementAttribute_passed] @11-02-2022 20:25:53.0822 P
[ReportManager] Browser Action [CloseCurrentWindow] successfully performed. @11-02-2022 20:25:54.0160 PM
[ReportManager] Successfully created attachment [Browser Action Test Data - CloseCurrentWindow - Actual Value] @11-02-2022 20:25:54.0161 P
[ReportManager] File Action [GetAbsolutePath] successfully performed. With the following test data [Relative Folder Path: "target/downloadedFiles/"]. @11-02-2022 20:25:54.0167 PM
[ReportManager] Attempting to run locally on: [Mac-64], [Safari], Headless Execution. @11-02-2022 20:25:54.0168 PM
[ReportManager] Successfully Opened Safari. @11-02-2022 20:25:54.0993 PM
[ReportManager] Initial window size: (800, 600) @11-02-2022 20:25:55.0014 PM
[ReportManager] Window size after SWD Maximize: (1176, 803) @11-02-2022 20:25:55.0031 PM
[ReportManager] Browser Action [MaximizeWindow] successfully performed. With the following test data [New screen size is now: (1176, 803)]. @11-02-2022 20:25:55.0032 PM
[ReportManager] Target URL: [https://www.google.com/ncr], and after redirection: [www.google.com] @11-02-2022 20:25:55.0032 PM
[ReportManager] Initial URL: [] @11-02-2022 20:25:55.0103 PM
[ReportManager] Browser Action [NavigateToURL] successfully performed. With the following test data [https://www.google.com/ncr]. @11-02-2022 20:25:57.0001 P

################################################################################################################################################
Starting Execution:	[31 out of 165] test cases in the current suite
Test Method:		[unitTests.tests_validations_assertions.assertElementAttribute_false_containsComparison_expectedToFail]
################################################################################################################################################
[ReportManager] Element Action [Type] successfully performed. With the following test data [Automation123]. @11-02-2022 20:25:57.0386 PM
[ReportManager] Element Action [GetText] successfully performed. With the following test data [Automation123]. @11-02-2022 20:25:57.0457 PM
[ReportManager] Assertion [ValidateElementAttribute] FAILED. Expected [Value Should not be 'Automation' for the 'text' attribute, element locator 'By.name: q'] and Actual [Automation123]. Comparison Type [CONTAINS]. Validation Type [NEGATIVE]. @11-02-2022 20:25:57.0644 PM
[ReportManager] Successfully created attachment [Screenshot - 1644611157561_assertElementAttribute_false_containsComparison_expectedToFail_ValidateElementAttribute_failed] @11-02-2022 20:25:57.0647 P
[ReportManager] Browser Action [CloseCurrentWindow] successfully performed. @11-02-2022 20:25:57.0746 PM
[ReportManager] Successfully created attachment [Browser Action Test Data - CloseCurrentWindow - Actual Value] @11-02-2022 20:25:57.0761 P
[ReportManager] File Action [GetAbsolutePath] successfully performed. With the following test data [Relative Folder Path: "target/downloadedFiles/"]. @11-02-2022 20:25:57.0769 PM
[ReportManager] Attempting to run locally on: [Mac-64], [Safari], Headless Execution. @11-02-2022 20:25:57.0769 PM
[ReportManager] Successfully Opened Safari. @11-02-2022 20:25:58.0605 PM
[ReportManager] Initial window size: (800, 600) @11-02-2022 20:25:58.0618 PM
[ReportManager] Window size after SWD Maximize: (1176, 803) @11-02-2022 20:25:58.0633 PM
[ReportManager] Browser Action [MaximizeWindow] successfully performed. With the following test data [New screen size is now: (1176, 803)]. @11-02-2022 20:25:58.0633 PM
[ReportManager] Target URL: [https://www.google.com/ncr], and after redirection: [www.google.com] @11-02-2022 20:25:58.0633 PM
[ReportManager] Initial URL: [] @11-02-2022 20:25:58.0696 PM
[ReportManager] Browser Action [NavigateToURL] successfully performed. With the following test data [https://www.google.com/ncr]. @11-02-2022 20:25:59.0963 P

################################################################################################################################################
Starting Execution:	[32 out of 165] test cases in the current suite
Test Method:		[unitTests.tests_validations_assertions.assertElementAttribute_false_containsComparison_expectedToPass]
################################################################################################################################################
[ReportManager] Element Action [Type] successfully performed. With the following test data [Automation123]. @11-02-2022 20:26:00.0321 PM
[ReportManager] Element Action [GetText] successfully performed. With the following test data [Automation123]. @11-02-2022 20:26:00.0389 PM
[ReportManager] Assertion [ValidateElementAttribute] PASSED. Expected [Value Should not be 'Automation1234' for the 'text' attribute, element locator 'By.name: q'] and Actual [Automation123]. Comparison Type [CONTAINS]. Validation Type [NEGATIVE]. @11-02-2022 20:26:00.0636 PM
[ReportManager] Successfully created attachment [Screenshot - 1644611160543_assertElementAttribute_false_containsComparison_expectedToPass_ValidateElementAttribute_passed] @11-02-2022 20:26:00.0637 P
[ReportManager] Browser Action [CloseCurrentWindow] successfully performed. @11-02-2022 20:26:00.0819 PM
[ReportManager] Successfully created attachment [Browser Action Test Data - CloseCurrentWindow - Actual Value] @11-02-2022 20:26:00.0836 P
[ReportManager] File Action [GetAbsolutePath] successfully performed. With the following test data [Relative Folder Path: "target/downloadedFiles/"]. @11-02-2022 20:26:00.0841 PM
[ReportManager] Attempting to run locally on: [Mac-64], [Safari], Headless Execution. @11-02-2022 20:26:00.0841 PM
[ReportManager] An Exception Occured with this Message: Could not start a new session. Possible causes are invalid address of the remote server or browser start-up failure.. @11-02-2022 20:26:00.0938 PM
[ReportManager] Successfully created attachment [Exception Stack Trace - org.openqa.selenium.SessionNotCreatedException] @11-02-2022 20:26:00.0939 PM
[ReportManager] Driver Factory Action [createNewLocalDriverInstanceForSafari] failed. With the following test data [Failed to create a session on DESKTOP_SAFARI]. @11-02-2022 20:26:00.0939 P

################################################################################################################################################
Starting Execution:	[33 out of 165] test cases in the current suite
Test Method:		[unitTests.tests_validations_assertions.assertElementAttribute_false_literalComparison_expectedToFail]
###############################################################################################################################################



################################################################################################################################################
Starting Execution:	[34 out of 165] test cases in the current suite
Test Method:		[unitTests.tests_validations_assertions.assertElementAttribute_false_literalComparison_expectedToPass]
###############################################################################################################################################



################################################################################################################################################
Starting Execution:	[35 out of 165] test cases in the current suite
Test Method:		[unitTests.tests_validations_assertions.assertElementAttribute_false_regexComparison_expectedToFail]
###############################################################################################################################################



################################################################################################################################################
Starting Execution:	[36 out of 165] test cases in the current suite
Test Method:		[unitTests.tests_validations_assertions.assertElementAttribute_false_regexComparison_expectedToPass]
###############################################################################################################################################



################################################################################################################################################
Starting Execution:	[37 out of 165] test cases in the current suite
Test Method:		[unitTests.tests_validations_assertions.assertElementAttribute_true_caseInsensitiveComparison_expectedToFail]
###############################################################################################################################################



################################################################################################################################################
Starting Execution:	[38 out of 165] test cases in the current suite
Test Method:		[unitTests.tests_validations_assertions.assertElementAttribute_true_caseInsensitiveComparison_expectedToPass]
###############################################################################################################################################



################################################################################################################################################
Starting Execution:	[39 out of 165] test cases in the current suite
Test Method:		[unitTests.tests_validations_assertions.assertElementAttribute_true_containsComparison_expectedToFail]
###############################################################################################################################################



################################################################################################################################################
Starting Execution:	[40 out of 165] test cases in the current suite
Test Method:		[unitTests.tests_validations_assertions.assertElementAttribute_true_containsComparison_expectedToPass]
###############################################################################################################################################



################################################################################################################################################
Starting Execution:	[41 out of 165] test cases in the current suite
Test Method:		[unitTests.tests_validations_assertions.assertElementAttribute_true_literalComparison_expectedToFail]
###############################################################################################################################################



################################################################################################################################################
Starting Execution:	[42 out of 165] test cases in the current suite
Test Method:		[unitTests.tests_validations_assertions.assertElementAttribute_true_literalComparison_expectedToPass]
###############################################################################################################################################



################################################################################################################################################
Starting Execution:	[43 out of 165] test cases in the current suite
Test Method:		[unitTests.tests_validations_assertions.assertElementAttribute_true_regexComparison_expectedToFail]
###############################################################################################################################################



################################################################################################################################################
Starting Execution:	[44 out of 165] test cases in the current suite
Test Method:		[unitTests.tests_validations_assertions.assertElementAttribute_true_regexComparison_expectedToPass]
###############################################################################################################################################



################################################################################################################################################
Starting Execution:	[45 out of 165] test cases in the current suite
Test Method:		[unitTests.tests_validations_assertions.assertElementAttribute_type_true_literalComparison_expectedToPass]
###############################################################################################################################################



################################################################################################################################################
Starting Execution:	[46 out of 165] test cases in the current suite
Test Method:		[unitTests.tests_validations_assertions.assertElementExists_false_expectedToFail]
###############################################################################################################################################



################################################################################################################################################
Starting Execution:	[47 out of 165] test cases in the current suite
Test Method:		[unitTests.tests_validations_assertions.assertElementExists_false_expectedToPass]
###############################################################################################################################################



################################################################################################################################################
Starting Execution:	[48 out of 165] test cases in the current suite
Test Method:		[unitTests.tests_validations_assertions.assertElementExists_false_multipleElementsFound_expectedToFail]
###############################################################################################################################################



################################################################################################################################################
Starting Execution:	[49 out of 165] test cases in the current suite
Test Method:		[unitTests.tests_validations_assertions.assertElementExists_true_expectedToFail]
###############################################################################################################################################



################################################################################################################################################
Starting Execution:	[50 out of 165] test cases in the current suite
Test Method:		[unitTests.tests_validations_assertions.assertElementExists_true_expectedToPass]
###############################################################################################################################################



################################################################################################################################################
Starting Execution:	[51 out of 165] test cases in the current suite
Test Method:		[unitTests.tests_validations_assertions.assertElementExists_true_multipleElementsFound_expectedToFail]
###############################################################################################################################################


################################################################################################################################################
Starting Execution:	[52 out of 165] test cases in the current suite
Test Method:		[unitTests.tests_validations_assertions.assertEquals_false_expectedToFail]
###############################################################################################################################################

################################################################################################################################################
Starting Execution:	[53 out of 165] test cases in the current suite
Test Method:		[unitTests.tests_validations_assertions.assertEquals_false_expectedToPass]
###############################################################################################################################################

################################################################################################################################################
Starting Execution:	[54 out of 165] test cases in the current suite
Test Method:		[unitTests.tests_validations_assertions.assertEquals_longCharacters]
###############################################################################################################################################

################################################################################################################################################
Starting Execution:	[55 out of 165] test cases in the current suite
Test Method:		[unitTests.tests_validations_assertions.assertEquals_longCharacters_Discreet]
###############################################################################################################################################

################################################################################################################################################
Starting Execution:	[56 out of 165] test cases in the current suite
Test Method:		[unitTests.tests_validations_assertions.assertEquals_true_expectedToFail]
###############################################################################################################################################

################################################################################################################################################
Starting Execution:	[57 out of 165] test cases in the current suite
Test Method:		[unitTests.tests_validations_assertions.assertEquals_true_expectedToPass]
Test Description:	[Assert that assertEquals works as expected when the two values are equal.]
###############################################################################################################################################

################################################################################################################################################
Starting Execution:	[58 out of 165] test cases in the current suite
Test Method:		[unitTests.tests_validations_assertions.assertEquals_true_expectedToPass__]
###############################################################################################################################################

################################################################################################################################################
Starting Execution:	[59 out of 165] test cases in the current suite
Test Method:		[unitTests.tests_validations_assertions.assertFileExists_false_expectedToFail]
###############################################################################################################################################

################################################################################################################################################
Starting Execution:	[60 out of 165] test cases in the current suite
Test Method:		[unitTests.tests_validations_assertions.assertFileExists_false_expectedToPass]
###############################################################################################################################################

################################################################################################################################################
Starting Execution:	[61 out of 165] test cases in the current suite
Test Method:		[unitTests.tests_validations_assertions.assertFileExists_true_expectedToFail]
###############################################################################################################################################

################################################################################################################################################
Starting Execution:	[62 out of 165] test cases in the current suite
Test Method:		[unitTests.tests_validations_assertions.assertFileExists_true_expectedToPass]
###############################################################################################################################################

################################################################################################################################################
Starting Execution:	[63 out of 165] test cases in the current suite
Test Method:		[unitTests.tests_validations_assertions.assertNull_false_expectedToFail]
###############################################################################################################################################

################################################################################################################################################
Starting Execution:	[64 out of 165] test cases in the current suite
Test Method:		[unitTests.tests_validations_assertions.assertNull_false_expectedToPass]
###############################################################################################################################################

################################################################################################################################################
Starting Execution:	[65 out of 165] test cases in the current suite
Test Method:		[unitTests.tests_validations_assertions.assertNull_true_expectedToFail]
###############################################################################################################################################

################################################################################################################################################
Starting Execution:	[66 out of 165] test cases in the current suite
Test Method:		[unitTests.tests_validations_assertions.assertNull_true_expectedToPass]
###############################################################################################################################################

################################################################################################################################################
Starting Execution:	[67 out of 165] test cases in the current suite
Test Method:		[unitTests.tests_restActions.getPostsAndAssertBodyForSpecificTitle]
################################################################################################################################################
[ReportManager] Response status code: [200], status line: [HTTP/1.1 200 OK] @11-02-2022 20:26:04.0390 PM
[ReportManager] Assertion Passed: Evaluating the actual response status code against the expected one... @11-02-2022 20:26:04.0395 PM
[ReportManager] Assertion [ValidateComparativeRelation] PASSED. Expected [200] and Actual [200]. Comparison Type [EQUALS]. Validation Type [POSITIVE]. @11-02-2022 20:26:04.0395 PM
[ReportManager] API Action [PerformRequest] successfully performed. With the following test data [Request Type: "GET" | Target Status Code: "200" | Service URL: "https://jsonplaceholder.typicode.com/posts" | Content Type: "*/*" | Response Time: "624ms"]. @11-02-2022 20:26:05.0574 PM
[ReportManager] Successfully created attachment [API Request - Specifications] @11-02-2022 20:26:05.0575 PM
[ReportManager] Successfully created attachment [API Response - JSON Body] @11-02-2022 20:26:05.0809 PM
[ReportManager] API Action [GetResponseJSONValueAsList] successfully performed. @11-02-2022 20:26:05.0833 PM
[ReportManager] API Action [GetResponseJSONValue] successfully performed. With the following test data [title]. @11-02-2022 20:26:05.0854 PM
[ReportManager] API Action [GetResponseJSONValue] successfully performed. With the following test data [title]. @11-02-2022 20:26:05.0869 PM
[ReportManager] API Action [GetResponseJSONValue] successfully performed. With the following test data [body]. @11-02-2022 20:26:05.0882 PM
[ReportManager] Assertion [ValidateEquals] PASSED. Expected [qui neque nisi nulla] and Actual [est rerum tempore vitae
sequi sint nihil reprehenderit dolor beatae ea dolores neque
fugiat blanditiis voluptate porro vel nihil molestiae ut reiciendis
qui aperiam non debitis possimus qui neque nisi nulla]. Comparison Type [CONTAINS]. Validation Type [POSITIVE]. @11-02-2022 20:26:05.0882 PM
[ReportManager] API Action [GetResponseJSONValue] successfully performed. With the following test data [title]. @11-02-2022 20:26:05.0896 PM
[ReportManager] API Action [GetResponseJSONValue] successfully performed. With the following test data [title]. @11-02-2022 20:26:05.0909 PM
[ReportManager] API Action [GetResponseJSONValue] successfully performed. With the following test data [title]. @11-02-2022 20:26:05.0922 PM
[ReportManager] API Action [GetResponseJSONValue] successfully performed. With the following test data [title]. @11-02-2022 20:26:05.0936 PM
[ReportManager] API Action [GetResponseJSONValue] successfully performed. With the following test data [title]. @11-02-2022 20:26:05.0948 PM
[ReportManager] API Action [GetResponseJSONValue] successfully performed. With the following test data [title]. @11-02-2022 20:26:05.0962 PM
[ReportManager] API Action [GetResponseJSONValue] successfully performed. With the following test data [title]. @11-02-2022 20:26:05.0975 PM
[ReportManager] API Action [GetResponseJSONValue] successfully performed. With the following test data [title]. @11-02-2022 20:26:05.0989 PM
[ReportManager] API Action [GetResponseJSONValue] successfully performed. With the following test data [title]. @11-02-2022 20:26:06.0002 PM
[ReportManager] API Action [GetResponseJSONValue] successfully performed. With the following test data [title]. @11-02-2022 20:26:06.0015 PM
[ReportManager] API Action [GetResponseJSONValue] successfully performed. With the following test data [title]. @11-02-2022 20:26:06.0029 PM
[ReportManager] API Action [GetResponseJSONValue] successfully performed. With the following test data [title]. @11-02-2022 20:26:06.0045 PM
[ReportManager] API Action [GetResponseJSONValue] successfully performed. With the following test data [title]. @11-02-2022 20:26:06.0057 PM
[ReportManager] API Action [GetResponseJSONValue] successfully performed. With the following test data [title]. @11-02-2022 20:26:06.0069 PM
[ReportManager] API Action [GetResponseJSONValue] successfully performed. With the following test data [title]. @11-02-2022 20:26:06.0081 PM
[ReportManager] API Action [GetResponseJSONValue] successfully performed. With the following test data [title]. @11-02-2022 20:26:06.0093 PM
[ReportManager] API Action [GetResponseJSONValue] successfully performed. With the following test data [title]. @11-02-2022 20:26:06.0119 PM
[ReportManager] API Action [GetResponseJSONValue] successfully performed. With the following test data [title]. @11-02-2022 20:26:06.0131 PM
[ReportManager] API Action [GetResponseJSONValue] successfully performed. With the following test data [title]. @11-02-2022 20:26:06.0143 PM
[ReportManager] API Action [GetResponseJSONValue] successfully performed. With the following test data [title]. @11-02-2022 20:26:06.0154 PM
[ReportManager] API Action [GetResponseJSONValue] successfully performed. With the following test data [title]. @11-02-2022 20:26:06.0166 PM
[ReportManager] API Action [GetResponseJSONValue] successfully performed. With the following test data [title]. @11-02-2022 20:26:06.0178 PM
[ReportManager] API Action [GetResponseJSONValue] successfully performed. With the following test data [title]. @11-02-2022 20:26:06.0192 PM
[ReportManager] API Action [GetResponseJSONValue] successfully performed. With the following test data [title]. @11-02-2022 20:26:06.0205 PM
[ReportManager] API Action [GetResponseJSONValue] successfully performed. With the following test data [title]. @11-02-2022 20:26:06.0217 PM
[ReportManager] API Action [GetResponseJSONValue] successfully performed. With the following test data [title]. @11-02-2022 20:26:06.0229 PM
[ReportManager] API Action [GetResponseJSONValue] successfully performed. With the following test data [title]. @11-02-2022 20:26:06.0241 PM
[ReportManager] API Action [GetResponseJSONValue] successfully performed. With the following test data [title]. @11-02-2022 20:26:06.0254 PM
[ReportManager] API Action [GetResponseJSONValue] successfully performed. With the following test data [title]. @11-02-2022 20:26:06.0267 PM
[ReportManager] API Action [GetResponseJSONValue] successfully performed. With the following test data [title]. @11-02-2022 20:26:06.0280 PM
[ReportManager] API Action [GetResponseJSONValue] successfully performed. With the following test data [title]. @11-02-2022 20:26:06.0293 PM
[ReportManager] API Action [GetResponseJSONValue] successfully performed. With the following test data [title]. @11-02-2022 20:26:06.0305 PM
[ReportManager] API Action [GetResponseJSONValue] successfully performed. With the following test data [title]. @11-02-2022 20:26:06.0317 PM
[ReportManager] API Action [GetResponseJSONValue] successfully performed. With the following test data [title]. @11-02-2022 20:26:06.0329 PM
[ReportManager] API Action [GetResponseJSONValue] successfully performed. With the following test data [title]. @11-02-2022 20:26:06.0342 PM
[ReportManager] API Action [GetResponseJSONValue] successfully performed. With the following test data [title]. @11-02-2022 20:26:06.0354 PM
[ReportManager] API Action [GetResponseJSONValue] successfully performed. With the following test data [title]. @11-02-2022 20:26:06.0367 PM
[ReportManager] API Action [GetResponseJSONValue] successfully performed. With the following test data [title]. @11-02-2022 20:26:06.0378 PM
[ReportManager] API Action [GetResponseJSONValue] successfully performed. With the following test data [title]. @11-02-2022 20:26:06.0392 PM
[ReportManager] API Action [GetResponseJSONValue] successfully performed. With the following test data [title]. @11-02-2022 20:26:06.0405 PM
[ReportManager] API Action [GetResponseJSONValue] successfully performed. With the following test data [title]. @11-02-2022 20:26:06.0419 PM
[ReportManager] API Action [GetResponseJSONValue] successfully performed. With the following test data [title]. @11-02-2022 20:26:06.0431 PM
[ReportManager] API Action [GetResponseJSONValue] successfully performed. With the following test data [title]. @11-02-2022 20:26:06.0446 PM
[ReportManager] API Action [GetResponseJSONValue] successfully performed. With the following test data [title]. @11-02-2022 20:26:06.0472 PM
[ReportManager] API Action [GetResponseJSONValue] successfully performed. With the following test data [title]. @11-02-2022 20:26:06.0489 PM
[ReportManager] API Action [GetResponseJSONValue] successfully performed. With the following test data [title]. @11-02-2022 20:26:06.0502 PM
[ReportManager] API Action [GetResponseJSONValue] successfully performed. With the following test data [title]. @11-02-2022 20:26:06.0518 PM
[ReportManager] API Action [GetResponseJSONValue] successfully performed. With the following test data [title]. @11-02-2022 20:26:06.0532 PM
[ReportManager] API Action [GetResponseJSONValue] successfully performed. With the following test data [title]. @11-02-2022 20:26:06.0548 PM
[ReportManager] API Action [GetResponseJSONValue] successfully performed. With the following test data [title]. @11-02-2022 20:26:06.0561 PM
[ReportManager] API Action [GetResponseJSONValue] successfully performed. With the following test data [title]. @11-02-2022 20:26:06.0574 PM
[ReportManager] API Action [GetResponseJSONValue] successfully performed. With the following test data [title]. @11-02-2022 20:26:06.0587 PM
[ReportManager] API Action [GetResponseJSONValue] successfully performed. With the following test data [title]. @11-02-2022 20:26:06.0600 PM
[ReportManager] API Action [GetResponseJSONValue] successfully performed. With the following test data [title]. @11-02-2022 20:26:06.0616 PM
[ReportManager] API Action [GetResponseJSONValue] successfully performed. With the following test data [title]. @11-02-2022 20:26:06.0635 PM
[ReportManager] API Action [GetResponseJSONValue] successfully performed. With the following test data [title]. @11-02-2022 20:26:06.0650 PM
[ReportManager] API Action [GetResponseJSONValue] successfully performed. With the following test data [title]. @11-02-2022 20:26:06.0663 PM
[ReportManager] API Action [GetResponseJSONValue] successfully performed. With the following test data [title]. @11-02-2022 20:26:06.0674 PM
[ReportManager] API Action [GetResponseJSONValue] successfully performed. With the following test data [title]. @11-02-2022 20:26:06.0686 PM
[ReportManager] API Action [GetResponseJSONValue] successfully performed. With the following test data [title]. @11-02-2022 20:26:06.0715 PM
[ReportManager] API Action [GetResponseJSONValue] successfully performed. With the following test data [title]. @11-02-2022 20:26:06.0727 PM
[ReportManager] API Action [GetResponseJSONValue] successfully performed. With the following test data [title]. @11-02-2022 20:26:06.0739 PM
[ReportManager] API Action [GetResponseJSONValue] successfully performed. With the following test data [title]. @11-02-2022 20:26:06.0752 PM
[ReportManager] API Action [GetResponseJSONValue] successfully performed. With the following test data [title]. @11-02-2022 20:26:06.0764 PM
[ReportManager] API Action [GetResponseJSONValue] successfully performed. With the following test data [title]. @11-02-2022 20:26:06.0776 PM
[ReportManager] API Action [GetResponseJSONValue] successfully performed. With the following test data [title]. @11-02-2022 20:26:06.0789 PM
[ReportManager] API Action [GetResponseJSONValue] successfully performed. With the following test data [title]. @11-02-2022 20:26:06.0800 PM
[ReportManager] API Action [GetResponseJSONValue] successfully performed. With the following test data [title]. @11-02-2022 20:26:06.0813 PM
[ReportManager] API Action [GetResponseJSONValue] successfully performed. With the following test data [title]. @11-02-2022 20:26:06.0824 PM
[ReportManager] API Action [GetResponseJSONValue] successfully performed. With the following test data [title]. @11-02-2022 20:26:06.0836 PM
[ReportManager] API Action [GetResponseJSONValue] successfully performed. With the following test data [title]. @11-02-2022 20:26:06.0851 PM
[ReportManager] API Action [GetResponseJSONValue] successfully performed. With the following test data [title]. @11-02-2022 20:26:06.0865 PM
[ReportManager] API Action [GetResponseJSONValue] successfully performed. With the following test data [title]. @11-02-2022 20:26:06.0879 PM
[ReportManager] API Action [GetResponseJSONValue] successfully performed. With the following test data [title]. @11-02-2022 20:26:06.0893 PM
[ReportManager] API Action [GetResponseJSONValue] successfully performed. With the following test data [title]. @11-02-2022 20:26:06.0908 PM
[ReportManager] API Action [GetResponseJSONValue] successfully performed. With the following test data [title]. @11-02-2022 20:26:06.0923 PM
[ReportManager] API Action [GetResponseJSONValue] successfully performed. With the following test data [title]. @11-02-2022 20:26:06.0936 PM
[ReportManager] API Action [GetResponseJSONValue] successfully performed. With the following test data [title]. @11-02-2022 20:26:06.0951 PM
[ReportManager] API Action [GetResponseJSONValue] successfully performed. With the following test data [title]. @11-02-2022 20:26:06.0968 PM
[ReportManager] API Action [GetResponseJSONValue] successfully performed. With the following test data [title]. @11-02-2022 20:26:06.0979 PM
[ReportManager] API Action [GetResponseJSONValue] successfully performed. With the following test data [title]. @11-02-2022 20:26:06.0990 PM
[ReportManager] API Action [GetResponseJSONValue] successfully performed. With the following test data [title]. @11-02-2022 20:26:07.0001 PM
[ReportManager] API Action [GetResponseJSONValue] successfully performed. With the following test data [title]. @11-02-2022 20:26:07.0013 PM
[ReportManager] API Action [GetResponseJSONValue] successfully performed. With the following test data [title]. @11-02-2022 20:26:07.0023 PM
[ReportManager] API Action [GetResponseJSONValue] successfully performed. With the following test data [title]. @11-02-2022 20:26:07.0034 PM
[ReportManager] API Action [GetResponseJSONValue] successfully performed. With the following test data [title]. @11-02-2022 20:26:07.0045 PM
[ReportManager] API Action [GetResponseJSONValue] successfully performed. With the following test data [title]. @11-02-2022 20:26:07.0055 PM
[ReportManager] API Action [GetResponseJSONValue] successfully performed. With the following test data [title]. @11-02-2022 20:26:07.0066 PM
[ReportManager] API Action [GetResponseJSONValue] successfully performed. With the following test data [title]. @11-02-2022 20:26:07.0077 PM
[ReportManager] API Action [GetResponseJSONValue] successfully performed. With the following test data [title]. @11-02-2022 20:26:07.0088 PM
[ReportManager] API Action [GetResponseJSONValue] successfully performed. With the following test data [title]. @11-02-2022 20:26:07.0098 PM
[ReportManager] API Action [GetResponseJSONValue] successfully performed. With the following test data [title]. @11-02-2022 20:26:07.0110 PM
[ReportManager] API Action [GetResponseJSONValue] successfully performed. With the following test data [title]. @11-02-2022 20:26:07.0121 PM
[ReportManager] API Action [GetResponseJSONValue] successfully performed. With the following test data [title]. @11-02-2022 20:26:07.0131 PM
[ReportManager] API Action [GetResponseJSONValue] successfully performed. With the following test data [title]. @11-02-2022 20:26:07.0142 PM
[ReportManager] API Action [GetResponseJSONValue] successfully performed. With the following test data [title]. @11-02-2022 20:26:07.0153 PM
[ReportManager] API Action [GetResponseJSONValue] successfully performed. With the following test data [title]. @11-02-2022 20:26:07.0163 PM
[ReportManager] API Action [GetResponseJSONValue] successfully performed. With the following test data [title]. @11-02-2022 20:26:07.0174 P

################################################################################################################################################
Starting Execution:	[68 out of 165] test cases in the current suite
Test Method:		[unitTests.tests_restActions.validateUserEmail]
################################################################################################################################################
[ReportManager] Response status code: [200], status line: [HTTP/1.1 200 OK] @11-02-2022 20:26:07.0238 PM
[ReportManager] Assertion Passed: Evaluating the actual response status code against the expected one... @11-02-2022 20:26:07.0238 PM
[ReportManager] Assertion [ValidateComparativeRelation] PASSED. Expected [200] and Actual [200]. Comparison Type [EQUALS]. Validation Type [POSITIVE]. @11-02-2022 20:26:07.0238 PM
[ReportManager] API Action [PerformRequest] successfully performed. With the following test data [Request Type: "GET" | Target Status Code: "200" | Service URL: "https://jsonplaceholder.typicode.com/users" | Content Type: "*/*" | Response Time: "53ms"]. @11-02-2022 20:26:07.0259 PM
[ReportManager] Successfully created attachment [API Request - Specifications] @11-02-2022 20:26:07.0260 PM
[ReportManager] Successfully created attachment [API Response - JSON Body] @11-02-2022 20:26:07.0261 PM
[ReportManager] Assertion [ValidateEquals] PASSED. Expected and Actual values are attached. Comparison Type [CONTAINS]. Validation Type [POSITIVE]. @11-02-2022 20:26:07.0261 PM
[ReportManager] Successfully created attachment [Validation Test Data - Expected Value] @11-02-2022 20:26:07.0262 PM
[ReportManager] Successfully created attachment [Validation Test Data - Actual Value] @11-02-2022 20:26:07.0262 PM
[ReportManager] API Action [GetResponseJSONValueAsList] successfully performed. With the following test data [$]. @11-02-2022 20:26:07.0268 PM
[ReportManager] API Action [GetResponseJSONValue] successfully performed. With the following test data [name]. @11-02-2022 20:26:07.0280 PM
[ReportManager] API Action [GetResponseJSONValue] successfully performed. With the following test data [email]. @11-02-2022 20:26:07.0291 PM
[ReportManager] Assertion [ValidateEquals] PASSED. Expected [Sincere@april.biz] and Actual [Sincere@april.biz]. Comparison Type [EQUALS]. Validation Type [POSITIVE]. @11-02-2022 20:26:07.0291 PM
[ReportManager] API Action [GetResponseJSONValue] successfully performed. With the following test data [name]. @11-02-2022 20:26:07.0302 PM
[ReportManager] API Action [GetResponseJSONValue] successfully performed. With the following test data [name]. @11-02-2022 20:26:07.0314 PM
[ReportManager] API Action [GetResponseJSONValue] successfully performed. With the following test data [name]. @11-02-2022 20:26:07.0325 PM
[ReportManager] API Action [GetResponseJSONValue] successfully performed. With the following test data [name]. @11-02-2022 20:26:07.0351 PM
[ReportManager] API Action [GetResponseJSONValue] successfully performed. With the following test data [name]. @11-02-2022 20:26:07.0366 PM
[ReportManager] API Action [GetResponseJSONValue] successfully performed. With the following test data [name]. @11-02-2022 20:26:07.0377 PM
[ReportManager] API Action [GetResponseJSONValue] successfully performed. With the following test data [name]. @11-02-2022 20:26:07.0389 PM
[ReportManager] API Action [GetResponseJSONValue] successfully performed. With the following test data [name]. @11-02-2022 20:26:07.0402 PM
[ReportManager] API Action [GetResponseJSONValue] successfully performed. With the following test data [name]. @11-02-2022 20:26:07.0414 P
[ReportManager] File Action [GetAbsolutePath] successfully performed. With the following test data [Relative Folder Path: "target/downloadedFiles/"]. @11-02-2022 20:26:07.0417 PM
[ReportManager] Attempting to run locally on: [Mac-64], [Safari], Headless Execution. @11-02-2022 20:26:07.0417 PM
[ReportManager] Successfully Opened Safari. @11-02-2022 20:26:08.0326 PM
[ReportManager] Initial window size: (800, 600) @11-02-2022 20:26:08.0349 PM
[ReportManager] Window size after SWD Maximize: (1176, 803) @11-02-2022 20:26:08.0365 PM
[ReportManager] Browser Action [MaximizeWindow] successfully performed. With the following test data [New screen size is now: (1176, 803)]. @11-02-2022 20:26:08.0365 P

################################################################################################################################################
Starting Execution:	[69 out of 165] test cases in the current suite
Test Method:		[testPackage01.Test_uploadFile.uploadFile_invisibleUploadInput]
################################################################################################################################################
[ReportManager] Target URL: [https://fineuploader.com/demos.html#gallery-view] @11-02-2022 20:26:08.0369 PM
[ReportManager] Initial URL: [] @11-02-2022 20:26:08.0444 PM
[ReportManager] Browser Action [NavigateToURL] successfully performed. With the following test data [https://fineuploader.com/demos.html#gallery-view]. @11-02-2022 20:26:10.0534 PM
[ReportManager] File Action [GetAbsolutePath] successfully performed. With the following test data [Relative File Path: "src/main/resources/images/shaft.png"]. @11-02-2022 20:26:10.0535 PM
[ReportManager] Successfully created attachment [File Action Actual Result - Command Log] @11-02-2022 20:26:10.0535 PM
[ReportManager] Element Action [TypeFileLocationForUpload] successfully performed. With the following test data [/Users/runner/work/SHAFT_ENGINE/SHAFT_ENGINE/src/main/resources/images/shaft.png]. @11-02-2022 20:26:10.0584 PM
[ReportManager] Attempting to getAttribute [src] from elementLocator [By.xpath: //div[@id='fine-uploader-gallery']//div[@class='qq-thumbnail-wrapper']/img]. @11-02-2022 20:26:10.0587 PM
[ReportManager] Element Action [GetAttribute] successfully performed. @11-02-2022 20:26:10.0693 PM
[ReportManager] Successfully created attachment [Element Action Test Data - GetAttribute - Actual Value] @11-02-2022 20:26:10.0694 PM
[ReportManager] Assertion Passed: Then I Assert that the element found by [By.xpath: //div[@id='fine-uploader-gallery']//div[@class='qq-thumbnail-wrapper']/img] attribute [src] contains [data:image/png;base64]. @11-02-2022 20:26:10.0920 PM
[ReportManager] Successfully created attachment [Validation Test Data - Expected Value] @11-02-2022 20:26:10.0922 PM
[ReportManager] Successfully created attachment [Validation Test Data - Actual Value] @11-02-2022 20:26:10.0922 PM
[ReportManager] Successfully created attachment [Screenshot - 1644611170839_uploadFile_invisibleUploadInput_ValidateElementAttribute_passed] @11-02-2022 20:26:10.0924 PM
[ReportManager] Assertion [ValidateElementAttribute] PASSED. Expected and Actual values are attached. Comparison Type [CONTAINS]. Validation Type [POSITIVE]. @11-02-2022 20:26:10.0924 P
[ReportManager] Browser Action [CloseCurrentWindow] successfully performed. @11-02-2022 20:26:11.0293 PM
[ReportManager] Successfully created attachment [Browser Action Test Data - CloseCurrentWindow - Actual Value] @11-02-2022 20:26:11.0294 P
[ReportManager] File Action [GetAbsolutePath] successfully performed. With the following test data [Relative Folder Path: "target/downloadedFiles/"]. @11-02-2022 20:26:11.0298 PM
[ReportManager] Attempting to run locally on: [Mac-64], [Safari], Headless Execution. @11-02-2022 20:26:11.0298 PM
[ReportManager] Successfully Opened Safari. @11-02-2022 20:26:12.0193 PM
[ReportManager] Initial window size: (800, 600) @11-02-2022 20:26:12.0230 PM
[ReportManager] Window size after SWD Maximize: (1176, 803) @11-02-2022 20:26:12.0272 PM
[ReportManager] Browser Action [MaximizeWindow] successfully performed. With the following test data [New screen size is now: (1176, 803)]. @11-02-2022 20:26:12.0272 P

################################################################################################################################################
Starting Execution:	[70 out of 165] test cases in the current suite
Test Method:		[testPackage01.Test_uploadFile.uploadFile_visibleUploadInput]
################################################################################################################################################
[ReportManager] Target URL: [https://demo.guru99.com/test/upload/] @11-02-2022 20:26:12.0277 PM
[ReportManager] Initial URL: [] @11-02-2022 20:26:12.0363 PM
[ReportManager] Browser Action [NavigateToURL] successfully performed. With the following test data [https://demo.guru99.com/test/upload/]. @11-02-2022 20:26:14.0868 PM
[ReportManager] File Action [GetAbsolutePath] successfully performed. With the following test data [Relative Folder Path: "src/main/resources/images/shaft.png"]. @11-02-2022 20:26:14.0868 PM
[ReportManager] Element Action [TypeFileLocationForUpload] successfully performed. With the following test data [/Users/runner/work/SHAFT_ENGINE/SHAFT_ENGINE/src/main/resources/images/shaft.png]. @11-02-2022 20:26:14.0950 PM
[ReportManager] Element Action [Click] successfully performed. With the following test data [By.id: terms]. @11-02-2022 20:26:15.0187 PM
[ReportManager] Element Action [Click] successfully performed. With the following test data [By.id: submitbutton]. @11-02-2022 20:26:15.0394 PM
[ReportManager] Element Action [GetText] successfully performed. With the following test data [1 file has been successfully uploaded.]. @11-02-2022 20:26:15.0651 PM
[ReportManager] Assertion Passed: Then I Assert that the element found by [By.id: res] attribute [Text] contains [1 file]. @11-02-2022 20:26:15.0827 PM
[ReportManager] Successfully created attachment [Screenshot - 1644611175754_uploadFile_visibleUploadInput_ValidateElementAttribute_passed] @11-02-2022 20:26:15.0828 PM
[ReportManager] Assertion [ValidateElementAttribute] PASSED. Expected [Value Should be '1 file' for the 'Text' attribute, element locator 'By.id: res'] and Actual [1 file has been successfully uploaded.]. Comparison Type [CONTAINS]. Validation Type [POSITIVE]. @11-02-2022 20:26:15.0828 P
[ReportManager] Browser Action [CloseCurrentWindow] successfully performed. @11-02-2022 20:26:16.0175 PM
[ReportManager] Successfully created attachment [Browser Action Test Data - CloseCurrentWindow - Actual Value] @11-02-2022 20:26:16.0180 P

################################################################################################################################################
Starting Execution:	[71 out of 165] test cases in the current suite
Test Method:		[testPackage01.Test_AssertApiResponseEquals.assertApiResponseEquals_expectedToPass]
################################################################################################################################################
[ReportManager] Response status code: [200], status line: [HTTP/1.1 200 OK] @11-02-2022 20:26:16.0239 PM
[ReportManager] Assertion Passed: Evaluating the actual response status code against the expected one... @11-02-2022 20:26:16.0240 PM
[ReportManager] Assertion [ValidateComparativeRelation] PASSED. Expected [200] and Actual [200]. Comparison Type [EQUALS]. Validation Type [POSITIVE]. @11-02-2022 20:26:16.0240 PM
[ReportManager] API Action [PerformRequest] successfully performed. With the following test data [Request Type: "GET" | Target Status Code: "200" | Service URL: "https://jsonplaceholder.typicode.com/users" | Content Type: "*/*" | Response Time: "49ms"]. @11-02-2022 20:26:16.0259 PM
[ReportManager] Successfully created attachment [API Request - Specifications] @11-02-2022 20:26:16.0259 PM
[ReportManager] Successfully created attachment [API Response - JSON Body] @11-02-2022 20:26:16.0260 PM
[ReportManager] API Action [GetResponseJSONValueAsList] successfully performed. With the following test data [$]. @11-02-2022 20:26:16.0265 PM
[ReportManager] API Action [GetResponseJSONValue] successfully performed. With the following test data [name]. @11-02-2022 20:26:16.0277 PM
[ReportManager] API Action [GetResponseJSONValue] successfully performed. With the following test data [email]. @11-02-2022 20:26:16.0291 PM
[ReportManager] Verification [ValidateEquals] PASSED. Expected [Sincere@april.biz] and Actual [Sincere@april.biz]. Comparison Type [EQUALS]. Validation Type [POSITIVE]. @11-02-2022 20:26:16.0291 PM
[ReportManager] API Action [GetResponseJSONValue] successfully performed. With the following test data [username]. @11-02-2022 20:26:16.0302 PM
[ReportManager] Assertion [ValidateEquals] PASSED. Expected [Bret] and Actual [Bret]. Comparison Type [EQUALS]. Validation Type [POSITIVE]. @11-02-2022 20:26:16.0302 PM
[ReportManager] API Action [GetResponseJSONValue] successfully performed. With the following test data [name]. @11-02-2022 20:26:16.0313 PM
[ReportManager] API Action [GetResponseJSONValue] successfully performed. With the following test data [name]. @11-02-2022 20:26:16.0323 PM
[ReportManager] API Action [GetResponseJSONValue] successfully performed. With the following test data [name]. @11-02-2022 20:26:16.0334 PM
[ReportManager] API Action [GetResponseJSONValue] successfully performed. With the following test data [name]. @11-02-2022 20:26:16.0345 PM
[ReportManager] API Action [GetResponseJSONValue] successfully performed. With the following test data [name]. @11-02-2022 20:26:16.0355 PM
[ReportManager] API Action [GetResponseJSONValue] successfully performed. With the following test data [name]. @11-02-2022 20:26:16.0366 PM
[ReportManager] API Action [GetResponseJSONValue] successfully performed. With the following test data [name]. @11-02-2022 20:26:16.0378 PM
[ReportManager] API Action [GetResponseJSONValue] successfully performed. With the following test data [name]. @11-02-2022 20:26:16.0389 PM
[ReportManager] API Action [GetResponseJSONValue] successfully performed. With the following test data [name]. @11-02-2022 20:26:16.0400 P
[ReportManager] File Action [GetAbsolutePath] successfully performed. With the following test data [Relative Folder Path: "target/downloadedFiles/"]. @11-02-2022 20:26:16.0402 PM
[ReportManager] Attempting to run locally on: [Mac-64], [Safari], Headless Execution. @11-02-2022 20:26:16.0402 PM
[ReportManager] Successfully Opened Safari. @11-02-2022 20:26:17.0241 PM
[ReportManager] Initial window size: (800, 600) @11-02-2022 20:26:17.0256 PM
[ReportManager] Window size after SWD Maximize: (1176, 803) @11-02-2022 20:26:17.0284 PM
[ReportManager] Browser Action [MaximizeWindow] successfully performed. With the following test data [New screen size is now: (1176, 803)]. @11-02-2022 20:26:17.0285 PM
[ReportManager] Target URL: [http://the-internet.herokuapp.com/javascript_alerts] @11-02-2022 20:26:17.0285 PM
[ReportManager] Initial URL: [] @11-02-2022 20:26:17.0339 PM
[ReportManager] Browser Action [NavigateToURL] successfully performed. With the following test data [http://the-internet.herokuapp.com/javascript_alerts]. @11-02-2022 20:26:18.0296 P

################################################################################################################################################
Starting Execution:	[72 out of 165] test cases in the current suite
Test Method:		[testPackage01.TestJSPromptBox.dismissAlert]
################################################################################################################################################
[ReportManager] Element Action [Click] successfully performed. With the following test data [By.xpath: //button[contains(text(),'Click for JS Prompt')]]. @11-02-2022 20:26:18.0589 PM
[ReportManager] Alert is present @11-02-2022 20:26:18.0598 PM
[ReportManager] Element Action [DismissAlert] successfully performed. @11-02-2022 20:26:18.0642 P

################################################################################################################################################
Starting Execution:	[73 out of 165] test cases in the current suite
Test Method:		[testPackage01.TestJSPromptBox.assertOnCancelAlertResultText]
################################################################################################################################################
[ReportManager] Element Action [GetText] successfully performed. With the following test data [You entered: null]. @11-02-2022 20:26:18.0795 PM
[ReportManager] Assertion Passed: Then I Assert that the element found by [By.id: result] attribute [TEXT] is equal to [You entered: null]. @11-02-2022 20:26:18.0951 PM
[ReportManager] Successfully created attachment [Screenshot - 1644611178887_assertOnCancelAlertResultText_ValidateElementAttribute_passed] @11-02-2022 20:26:18.0952 PM
[ReportManager] Assertion [ValidateElementAttribute] PASSED. Expected [Value Should be 'You entered: null' for the 'text' attribute, element locator 'By.id: result'] and Actual [You entered: null]. Comparison Type [EQUALS]. Validation Type [POSITIVE]. @11-02-2022 20:26:18.0952 P

################################################################################################################################################
Starting Execution:	[74 out of 165] test cases in the current suite
Test Method:		[testPackage01.TestJSPromptBox.getAlertText]
################################################################################################################################################
[ReportManager] Element Action [Click] successfully performed. With the following test data [By.xpath: //button[contains(text(),'Click for JS Prompt')]]. @11-02-2022 20:26:19.0186 PM
[ReportManager] Alert is present @11-02-2022 20:26:19.0192 PM
[ReportManager] Alert Text is: [I am a JS prompt] @11-02-2022 20:26:19.0198 PM
[ReportManager] Element Action [GetAlertText] successfully performed. @11-02-2022 20:26:19.0199 PM
[ReportManager] Alert text is: [I am a JS prompt] @11-02-2022 20:26:19.0199 PM
[ReportManager] Alert is present @11-02-2022 20:26:19.0230 PM
[ReportManager] Alert Text is: [I am a JS prompt] @11-02-2022 20:26:19.0243 PM
[ReportManager] Element Action [GetAlertText] successfully performed. @11-02-2022 20:26:19.0244 PM
[ReportManager] Assertion Passed: Then I Assert that [I am a JS prompt] is equal to [I am a JS prompt]. @11-02-2022 20:26:19.0244 PM
[ReportManager] Assertion [ValidateEquals] PASSED. Expected [I am a JS prompt] and Actual [I am a JS prompt]. Comparison Type [EQUALS]. Validation Type [POSITIVE]. @11-02-2022 20:26:19.0245 P

################################################################################################################################################
Starting Execution:	[75 out of 165] test cases in the current suite
Test Method:		[testPackage01.TestJSPromptBox.acceptPromptAlertWithoutTypingTextMessage]
################################################################################################################################################
[ReportManager] Alert is not present @11-02-2022 20:26:49.0579 PM
[ReportManager] Element Action [WaitForAlertToBePresent] failed. @11-02-2022 20:26:49.0696 PM
[ReportManager] Successfully created attachment [Screenshot - 1644611209603_acceptPromptAlertWithoutTypingTextMessage_WaitForAlertToBePresent_failed] @11-02-2022 20:26:49.0697 P

################################################################################################################################################
Starting Execution:	[76 out of 165] test cases in the current suite
Test Method:		[testPackage01.TestJSPromptBox.assertOnConfirmPromptAlertWithoutTypingTextMessageResultText]
###############################################################################################################################################

################################################################################################################################################
Starting Execution:	[77 out of 165] test cases in the current suite
Test Method:		[testPackage01.TestJSPromptBox.acceptPromptAlertWithTextMessage]
###############################################################################################################################################

################################################################################################################################################
Starting Execution:	[78 out of 165] test cases in the current suite
Test Method:		[testPackage01.TestJSPromptBox.assertOnConfirmPromptAlertWithTextMessageResultText]
###############################################################################################################################################
[ReportManager] Browser Action [CloseCurrentWindow] successfully performed. @11-02-2022 20:26:50.0102 PM
[ReportManager] Successfully created attachment [Browser Action Test Data - CloseCurrentWindow - Actual Value] @11-02-2022 20:26:50.0103 P

################################################################################################################################################
Starting Execution:	[79 out of 165] test cases in the current suite
Test Method:		[testPackage01.Test_testData.f]
################################################################################################################################################
[ReportManager] Successfully loaded the following test data file [src/test/resources/testDataFiles/testSuite01/TestData.xlsx]. @11-02-2022 20:26:50.0145 PM
[ReportManager] Successfully created attachment [Test Data - Excel] @11-02-2022 20:26:50.0145 PM
[ReportManager] Last Column Number is: [3]. Zero-based. @11-02-2022 20:26:50.0146 P

################################################################################################################################################
Starting Execution:	[80 out of 165] test cases in the current suite
Test Method:		[testPackage01.Test_PDF.testPDF1]
################################################################################################################################################
[ReportManager] File Action [DoesFileExist] successfully performed. With the following test data [File Path: "src/test/resources/testDataFiles/sample.pdf"]. @11-02-2022 20:26:50.0154 PM
[ReportManager] File Action [GetAbsolutePath] successfully performed. With the following test data [Relative Folder Path: "src/test/resources/testDataFiles/sample.pdf"]. @11-02-2022 20:26:50.0156 PM
[ReportManager] Assertion Passed: Checking to see that the pdf file contains [A Simple PDF File] @11-02-2022 20:26:54.0626 PM
[ReportManager] Successfully created attachment [Validation Test Data - Expected Value] @11-02-2022 20:26:54.0627 PM
[ReportManager] Successfully created attachment [Validation Test Data - Actual Value] @11-02-2022 20:26:54.0628 PM
[ReportManager] Assertion [ValidateEquals] PASSED. Expected and Actual values are attached. Comparison Type [CONTAINS]. Validation Type [POSITIVE]. @11-02-2022 20:26:54.0628 P

################################################################################################################################################
Starting Execution:	[81 out of 165] test cases in the current suite
Test Method:		[testPackage01.Test_PDF.testPDF2]
################################################################################################################################################
[ReportManager] File Action [DoesFileExist] successfully performed. With the following test data [File Path: "src/test/resources/testDataFiles/sample.pdf"]. @11-02-2022 20:26:54.0635 PM
[ReportManager] File Action [GetAbsolutePath] successfully performed. With the following test data [Relative Folder Path: "src/test/resources/testDataFiles/sample.pdf"]. @11-02-2022 20:26:54.0635 PM
[ReportManager] Assertion Passed: Checking to see that the pdf file contains [A Simple PDF File] @11-02-2022 20:26:54.0649 PM
[ReportManager] Successfully created attachment [Validation Test Data - Expected Value] @11-02-2022 20:26:54.0650 PM
[ReportManager] Successfully created attachment [Validation Test Data - Actual Value] @11-02-2022 20:26:54.0651 PM
[ReportManager] Assertion [ValidateEquals] PASSED. Expected and Actual values are attached. Comparison Type [CONTAINS]. Validation Type [POSITIVE]. @11-02-2022 20:26:54.0651 P
[ReportManager] File Action [GetAbsolutePath] successfully performed. With the following test data [Relative Folder Path: "target/downloadedFiles/"]. @11-02-2022 20:26:54.0654 PM
[ReportManager] Attempting to run locally on: [Mac-64], [Safari], Headless Execution. @11-02-2022 20:26:54.0654 PM
[ReportManager] Successfully Opened Safari. @11-02-2022 20:26:55.0508 PM
[ReportManager] Initial window size: (800, 600) @11-02-2022 20:26:55.0540 PM
[ReportManager] Window size after SWD Maximize: (1176, 803) @11-02-2022 20:26:55.0556 PM
[ReportManager] Browser Action [MaximizeWindow] successfully performed. With the following test data [New screen size is now: (1176, 803)]. @11-02-2022 20:26:55.0557 P

################################################################################################################################################
Starting Execution:	[82 out of 165] test cases in the current suite
Test Method:		[testPackage01.Test_ShadowDOM.shadowdom]
################################################################################################################################################
[ReportManager] Target URL: [https://mdn.github.io/web-components-examples/popup-info-box-web-component/] @11-02-2022 20:26:55.0613 PM
[ReportManager] Initial URL: [] @11-02-2022 20:26:55.0666 PM
[ReportManager] Browser Action [NavigateToURL] successfully performed. With the following test data [https://mdn.github.io/web-components-examples/popup-info-box-web-component/]. @11-02-2022 20:26:56.0019 PM
[ReportManager] Element Action [Type] successfully performed. With the following test data [Typing into SHADOW DOM...]. @11-02-2022 20:26:56.0373 PM
[ReportManager] Element Action [GetText] successfully performed. With the following test data [Typing into SHADOW DOM...]. @11-02-2022 20:26:56.0442 PM
[ReportManager] Assertion [ValidateElementAttribute] PASSED. Expected [Value Should be 'Typing into SHADOW DOM...' for the 'Text' attribute, element locator 'By.id: cvc'] and Actual [Typing into SHADOW DOM...]. Comparison Type [EQUALS]. Validation Type [POSITIVE]. @11-02-2022 20:26:56.0654 PM
[ReportManager] Successfully created attachment [Screenshot - 1644611216533_shadowdom_ValidateElementAttribute_passed] @11-02-2022 20:26:56.0694 P
[ReportManager] Browser Action [CloseCurrentWindow] successfully performed. @11-02-2022 20:26:56.0988 PM
[ReportManager] Successfully created attachment [Browser Action Test Data - CloseCurrentWindow - Actual Value] @11-02-2022 20:26:56.0989 P
[ReportManager] File Action [GetAbsolutePath] successfully performed. With the following test data [Relative Folder Path: "target/downloadedFiles/"]. @11-02-2022 20:26:56.0992 PM
[ReportManager] Attempting to run locally on: [Mac-64], [Safari], Headless Execution. @11-02-2022 20:26:56.0993 PM
[ReportManager] Successfully Opened Safari. @11-02-2022 20:26:58.0167 PM
[ReportManager] Initial window size: (800, 600) @11-02-2022 20:26:58.0173 PM
[ReportManager] Window size after SWD Maximize: (1176, 803) @11-02-2022 20:26:58.0215 PM
[ReportManager] Browser Action [MaximizeWindow] successfully performed. With the following test data [New screen size is now: (1176, 803)]. @11-02-2022 20:26:58.0215 P

################################################################################################################################################
Starting Execution:	[83 out of 165] test cases in the current suite
Test Method:		[testPackage01.Test_clipboardActions.typeTextAndCopyPaste]
################################################################################################################################################
[ReportManager] Target URL: [https://www.google.com/ncr], and after redirection: [https://www.google.com] @11-02-2022 20:26:58.0246 PM
[ReportManager] Initial URL: [] @11-02-2022 20:26:58.0305 PM
[ReportManager] Browser Action [NavigateToURL] successfully performed. With the following test data [https://www.google.com/ncr]. @11-02-2022 20:26:59.0571 PM
[ReportManager] Element Action [Type] successfully performed. With the following test data [FIRST]. @11-02-2022 20:26:59.0908 P
[ReportManager] Browser Action [CloseCurrentWindow] successfully performed. @11-02-2022 20:27:00.0102 PM
[ReportManager] Successfully created attachment [Browser Action Test Data - CloseCurrentWindow - Actual Value] @11-02-2022 20:27:00.0104 P
[ReportManager] File Action [GetAbsolutePath] successfully performed. With the following test data [Relative Folder Path: "target/downloadedFiles/"]. @11-02-2022 20:27:00.0105 PM
[ReportManager] Attempting to run locally on: [Mac-64], [Safari], Headless Execution. @11-02-2022 20:27:00.0105 PM
[ReportManager] An Exception Occured with this Message: Could not start a new session. Possible causes are invalid address of the remote server or browser start-up failure.. @11-02-2022 20:27:00.0349 PM
[ReportManager] Successfully created attachment [Exception Stack Trace - org.openqa.selenium.SessionNotCreatedException] @11-02-2022 20:27:00.0350 PM
[ReportManager] Driver Factory Action [createNewLocalDriverInstanceForSafari] failed. With the following test data [Failed to create a session on DESKTOP_SAFARI]. @11-02-2022 20:27:00.0350 P

################################################################################################################################################
Starting Execution:	[84 out of 165] test cases in the current suite
Test Method:		[testPackage01.TestJSAlertBox.getJSAlertText]
###############################################################################################################################################

################################################################################################################################################
Starting Execution:	[85 out of 165] test cases in the current suite
Test Method:		[testPackage01.TestJSAlertBox.acceptAlert]
###############################################################################################################################################

################################################################################################################################################
Starting Execution:	[86 out of 165] test cases in the current suite
Test Method:		[testPackage01.TestJSAlertBox.assertOnConfirmAlertResultText]
###############################################################################################################################################


################################################################################################################################################
Starting Execution:	[87 out of 165] test cases in the current suite
Test Method:		[testPackage01.Test_checkJDKShellFilesGenerated.testJDKGeneratedSuccessfully]
################################################################################################################################################
[ReportManager] Configuring JDK @11-02-2022 20:27:00.0368 PM
[ReportManager] File Action [GetAbsolutePath] successfully performed. With the following test data [Relative File Path: "generateJdkMac.sh"]. @11-02-2022 20:27:00.0368 PM
[ReportManager] File Action [WriteToFile] successfully performed. With the following test data [Target File Path: "/Users/runner/work/SHAFT_ENGINE/SHAFT_ENGINE/generateJdkMac.sh"]. @11-02-2022 20:27:00.0369 PM
[ReportManager] Attempting to perform the following command locally. Command: [chmod u+x generateJdk.sh] @11-02-2022 20:27:00.0369 PM
[ReportManager] Terminal Action [PerformTerminalCommands] successfully performed. With the following test data [Host Name: "localHost" | Command: "chmod u+x generateJdk.sh" | Exit Status: "1"]. @11-02-2022 20:27:00.0394 PM
[ReportManager] Successfully created attachment [Terminal Action Actual Result - Command Log] @11-02-2022 20:27:00.0395 PM
[ReportManager] Assertion Passed: Then I Assert that [[#!/bin/bash, export JAVA_HOME=$(/usr/libexec/java_home), export PATH=$JAVA_HOME/bin:$PATH, source ~/.zshenv, echo $JAVA_HOME, echo $PATH, exec bash]] contains [JAVA_HOME=$(/usr/libexec/java_home)]. @11-02-2022 20:27:00.0396 PM
[ReportManager] Assertion [ValidateEquals] PASSED. Expected [JAVA_HOME=$(/usr/libexec/java_home)] and Actual [[#!/bin/bash, export JAVA_HOME=$(/usr/libexec/java_home), export PATH=$JAVA_HOME/bin:$PATH, source ~/.zshenv, echo $JAVA_HOME, echo $PATH, exec bash]]. Comparison Type [CONTAINS]. Validation Type [POSITIVE]. @11-02-2022 20:27:00.0396 P
[ReportManager] File Action [GetAbsolutePath] successfully performed. With the following test data [Relative Folder Path: "target/downloadedFiles/"]. @11-02-2022 20:27:00.0398 PM
[ReportManager] Attempting to run locally on: [Mac-64], [Safari], Headless Execution. @11-02-2022 20:27:00.0398 PM
[ReportManager] An Exception Occured with this Message: Could not start a new session. Possible causes are invalid address of the remote server or browser start-up failure.. @11-02-2022 20:27:00.0607 PM
[ReportManager] Successfully created attachment [Exception Stack Trace - org.openqa.selenium.SessionNotCreatedException] @11-02-2022 20:27:00.0608 PM
[ReportManager] Driver Factory Action [createNewLocalDriverInstanceForSafari] failed. With the following test data [Failed to create a session on DESKTOP_SAFARI]. @11-02-2022 20:27:00.0608 P

################################################################################################################################################
Starting Execution:	[88 out of 165] test cases in the current suite
Test Method:		[testPackage01.TestJSConfirmBox.dismissAlert]
###############################################################################################################################################

################################################################################################################################################
Starting Execution:	[89 out of 165] test cases in the current suite
Test Method:		[testPackage01.TestJSConfirmBox.assertOnCancelAlertResultText]
###############################################################################################################################################

################################################################################################################################################
Starting Execution:	[90 out of 165] test cases in the current suite
Test Method:		[testPackage01.TestJSConfirmBox.getAlertText]
###############################################################################################################################################

################################################################################################################################################
Starting Execution:	[91 out of 165] test cases in the current suite
Test Method:		[testPackage01.TestJSConfirmBox.acceptAlert]
###############################################################################################################################################

################################################################################################################################################
Starting Execution:	[92 out of 165] test cases in the current suite
Test Method:		[testPackage01.TestJSConfirmBox.assertOnConfirmAlertResultText]
###############################################################################################################################################


################################################################################################################################################
Starting Execution:	[93 out of 165] test cases in the current suite
Test Method:		[testPackage01.Test_NewValidationHelper.f1]
################################################################################################################################################
[ReportManager] Assertion Passed: Checking valid user data @11-02-2022 20:27:00.0643 PM
[ReportManager] Successfully created attachment [Validation Test Data - Expected Value] @11-02-2022 20:27:00.0643 PM
[ReportManager] Successfully created attachment [Validation Test Data - Actual Value] @11-02-2022 20:27:00.0644 PM
[ReportManager] Assertion [ValidateEquals] PASSED. Expected and Actual values are attached. Comparison Type [EQUALS]. Validation Type [POSITIVE]. @11-02-2022 20:27:00.0644 P
[ReportManager] File Action [GetAbsolutePath] successfully performed. With the following test data [Relative Folder Path: "target/downloadedFiles/"]. @11-02-2022 20:27:00.0647 PM
[ReportManager] Attempting to run locally on: [Mac-64], [Safari], Headless Execution. @11-02-2022 20:27:00.0647 PM
[ReportManager] Successfully Opened Safari. @11-02-2022 20:27:01.0977 PM
[ReportManager] Initial window size: (800, 600) @11-02-2022 20:27:02.0009 PM
[ReportManager] Window size after SWD Maximize: (1176, 803) @11-02-2022 20:27:02.0025 PM
[ReportManager] Browser Action [MaximizeWindow] successfully performed. With the following test data [New screen size is now: (1176, 803)]. @11-02-2022 20:27:02.0025 PM
[ReportManager] Target URL: [https://the-internet.herokuapp.com/] @11-02-2022 20:27:02.0025 PM
[ReportManager] Initial URL: [] @11-02-2022 20:27:02.0294 PM
[ReportManager] Browser Action [NavigateToURL] successfully performed. With the following test data [https://the-internet.herokuapp.com/]. @11-02-2022 20:27:03.0499 P

################################################################################################################################################
Starting Execution:	[94 out of 165] test cases in the current suite
Test Method:		[testPackage01.Test_NewValidationHelper.f10]
################################################################################################################################################
[ReportManager] Assertion [ValidateElementExists] FAILED. Expected [Element Should Exist, locator 'By.tagName: div'] and Actual [Element Exists but is not unique]. Comparison Type [EQUALS]. Validation Type [POSITIVE]. @11-02-2022 20:27:03.0729 PM
[ReportManager] Successfully created attachment [Screenshot - 1644611223656_f10_ValidateElementExists_failed] @11-02-2022 20:27:03.0751 P
[ReportManager] Successfully Closed All Drivers. @11-02-2022 20:27:04.0102 P
[ReportManager] File Action [GetAbsolutePath] successfully performed. With the following test data [Relative Folder Path: "target/downloadedFiles/"]. @11-02-2022 20:27:04.0104 PM
[ReportManager] Attempting to run locally on: [Mac-64], [Safari], Headless Execution. @11-02-2022 20:27:04.0104 PM
[ReportManager] Successfully Opened Safari. @11-02-2022 20:27:04.0923 PM
[ReportManager] Initial window size: (800, 600) @11-02-2022 20:27:04.0934 PM
[ReportManager] Window size after SWD Maximize: (1176, 803) @11-02-2022 20:27:04.0953 PM
[ReportManager] Browser Action [MaximizeWindow] successfully performed. With the following test data [New screen size is now: (1176, 803)]. @11-02-2022 20:27:04.0953 PM
[ReportManager] Target URL: [https://the-internet.herokuapp.com/] @11-02-2022 20:27:04.0953 PM
[ReportManager] Initial URL: [] @11-02-2022 20:27:05.0011 PM
[ReportManager] Browser Action [NavigateToURL] successfully performed. With the following test data [https://the-internet.herokuapp.com/]. @11-02-2022 20:27:06.0231 P

################################################################################################################################################
Starting Execution:	[95 out of 165] test cases in the current suite
Test Method:		[testPackage01.Test_NewValidationHelper.f11]
################################################################################################################################################
[ReportManager] org.openqa.selenium.TimeoutException:
Expected condition failed: waiting for com.shaft.gui.element.ElementActionsHelper$$Lambda$641/0x0000000801149890@276996f2 (tried for 5 second(s) with 1000 milliseconds interval)
org.openqa.selenium.support.ui.FluentWait.timeoutException(FluentWait.java:263)
org.openqa.selenium.support.ui.FluentWait.until(FluentWait.java:231)
com.shaft.gui.element.ElementActionsHelper.waitForElementPresence(ElementActionsHelper.java:89)
com.shaft.gui.element.ElementActionsHelper.waitForElementPresence(ElementActionsHelper.java:37)
com.shaft.gui.element.WebDriverElementActions.getMatchingElementsCount(WebDriverElementActions.java:1481)
com.shaft.gui.element.WebDriverElementActions.getElementsCount(WebDriverElementActions.java:561)
com.shaft.gui.element.ElementActions.getElementsCount(ElementActions.java:269)
com.shaft.validation.ValidationsHelper.validateElementExists(ValidationsHelper.java:149)
com.shaft.validation.Assertions.assertElementExists(Assertions.java:118)
testPackage01.Test_NewValidationHelper.f11(Test_NewValidationHelper.java:137)
java.base/jdk.internal.reflect.NativeMethodAccessorImpl.invoke0(Native Method)
java.base/jdk.internal.reflect.NativeMethodAccessorImpl.invoke(NativeMethodAccessorImpl.java:77)
java.base/jdk.internal.reflect.DelegatingMethodAccessorImpl.invoke(DelegatingMethodAccessorImpl.java:43)
java.base/java.lang.reflect.Method.invoke(Method.java:568)
org.testng.internal.invokers.MethodInvocationHelper.invokeMethod(MethodInvocationHelper.java:135)
org.testng.internal.invokers.TestInvoker.invokeMethod(TestInvoker.java:673)
org.testng.internal.invokers.TestInvoker.invokeTestMethod(TestInvoker.java:220)
org.testng.internal.invokers.MethodRunner.runInSequence(MethodRunner.java:50)
org.testng.internal.invokers.TestInvoker$MethodInvocationAgent.invoke(TestInvoker.java:945)
org.testng.internal.invokers.TestInvoker.invokeTestMethods(TestInvoker.java:193)
org.testng.internal.invokers.TestMethodWorker.invokeTestMethods(TestMethodWorker.java:146)
org.testng.internal.invokers.TestMethodWorker.run(TestMethodWorker.java:128)
java.base/java.util.ArrayList.forEach(ArrayList.java:1511)
org.testng.TestRunner.privateRun(TestRunner.java:808)
org.testng.TestRunner.run(TestRunner.java:603)
org.testng.SuiteRunner.runTest(SuiteRunner.java:429)
org.testng.SuiteRunner.runSequentially(SuiteRunner.java:423)
org.testng.SuiteRunner.privateRun(SuiteRunner.java:383)
org.testng.SuiteRunner.run(SuiteRunner.java:326)
org.testng.SuiteRunnerWorker.runSuite(SuiteRunnerWorker.java:52)
org.testng.SuiteRunnerWorker.run(SuiteRunnerWorker.java:95)
org.testng.TestNG.runSuitesSequentially(TestNG.java:1249)
org.testng.TestNG.runSuitesLocally(TestNG.java:1169)
org.testng.TestNG.runSuites(TestNG.java:1092)
org.testng.TestNG.run(TestNG.java:1060)
org.apache.maven.surefire.testng.TestNGExecutor.run(TestNGExecutor.java:136)
org.apache.maven.surefire.testng.TestNGDirectoryTestSuite.executeMulti(TestNGDirectoryTestSuite.java:193)
org.apache.maven.surefire.testng.TestNGDirectoryTestSuite.execute(TestNGDirectoryTestSuite.java:94)
org.apache.maven.surefire.testng.TestNGProvider.invoke(TestNGProvider.java:145)
org.apache.maven.surefire.booter.ForkedBooter.runSuitesInProcess(ForkedBooter.java:428)
org.apache.maven.surefire.booter.ForkedBooter.execute(ForkedBooter.java:162)
org.apache.maven.surefire.booter.ForkedBooter.run(ForkedBooter.java:562)
org.apache.maven.surefire.booter.ForkedBooter.main(ForkedBooter.java:548)

Caused by: org.openqa.selenium.NoSuchElementException:
For documentation on this error, please visit: https://selenium.dev/exceptions/#no_such_element
Build info: version: '4.1.2', revision: '9a5a329c5a'
System info: host: 'Mac-1644610971229.local', ip: '10.212.9.88', os.name: 'Mac OS X', os.arch: 'x86_64', os.version: '11.6.3', java.version: '17.0.2'
Driver info: org.openqa.selenium.safari.SafariDriver
Command: [F7D2455A-92FE-45FA-BA61-3FE20770C073, findElement {using=tag name, value=h3}]
Capabilities {acceptInsecureCerts: false, browserName: Safari, browserVersion: 15.3, goog:loggingPrefs: {browser: ALL, client: ALL, driver: ALL, performance: ALL, profiler: ALL, server: ALL}, javascriptEnabled: true, pageLoadStrategy: normal, platform: MAC, platformName: MAC, safari:automaticInspection: false, safari:automaticProfiling: false, safari:diagnose: false, safari:platformBuildVersion: 20G415, safari:platformVersion: 11.6.3, safari:useSimulator: false, setWindowRect: true, strictFileInteractability: false, timeouts: {pageLoad: 30000, script: 30000}, webkit:WebRTC: {DisableICECandidateFiltering: false, DisableInsecureMediaCapture: false}}
Session ID: F7D2455A-92FE-45FA-BA61-3FE20770C073
jdk.internal.reflect.GeneratedConstructorAccessor58.newInstance(Unknown Source)
java.base/jdk.internal.reflect.DelegatingConstructorAccessorImpl.newInstance(DelegatingConstructorAccessorImpl.java:45)
java.base/java.lang.reflect.Constructor.newInstanceWithCaller(Constructor.java:499)
java.base/java.lang.reflect.Constructor.newInstance(Constructor.java:480)
org.openqa.selenium.remote.codec.w3c.W3CHttpResponseCodec.createException(W3CHttpResponseCodec.java:200)
org.openqa.selenium.remote.codec.w3c.W3CHttpResponseCodec.decode(W3CHttpResponseCodec.java:133)
org.openqa.selenium.remote.codec.w3c.W3CHttpResponseCodec.decode(W3CHttpResponseCodec.java:53)
org.openqa.selenium.remote.HttpCommandExecutor.execute(HttpCommandExecutor.java:184)
org.openqa.selenium.remote.service.DriverCommandExecutor.invokeExecute(DriverCommandExecutor.java:167)
org.openqa.selenium.remote.service.DriverCommandExecutor.execute(DriverCommandExecutor.java:142)
org.openqa.selenium.remote.RemoteWebDriver.execute(RemoteWebDriver.java:558)
org.openqa.selenium.remote.ElementLocation$ElementFinder$2.findElement(ElementLocation.java:162)
org.openqa.selenium.remote.ElementLocation.findElement(ElementLocation.java:60)
org.openqa.selenium.remote.RemoteWebDriver.findElement(RemoteWebDriver.java:382)
org.openqa.selenium.remote.RemoteWebDriver.findElement(RemoteWebDriver.java:374)
com.shaft.gui.element.ElementActionsHelper.lambda$waitForElementPresence$0(ElementActionsHelper.java:92)
org.openqa.selenium.support.ui.FluentWait.until(FluentWait.java:208)
com.shaft.gui.element.ElementActionsHelper.waitForElementPresence(ElementActionsHelper.java:89)
com.shaft.gui.element.ElementActionsHelper.waitForElementPresence(ElementActionsHelper.java:37)
com.shaft.gui.element.WebDriverElementActions.getMatchingElementsCount(WebDriverElementActions.java:1481)
com.shaft.gui.element.WebDriverElementActions.getElementsCount(WebDriverElementActions.java:561)
com.shaft.gui.element.ElementActions.getElementsCount(ElementActions.java:269)
com.shaft.validation.ValidationsHelper.validateElementExists(ValidationsHelper.java:149)
com.shaft.validation.Assertions.assertElementExists(Assertions.java:118)
testPackage01.Test_NewValidationHelper.f11(Test_NewValidationHelper.java:137)
java.base/jdk.internal.reflect.NativeMethodAccessorImpl.invoke0(Native Method)
java.base/jdk.internal.reflect.NativeMethodAccessorImpl.invoke(NativeMethodAccessorImpl.java:77)
java.base/jdk.internal.reflect.DelegatingMethodAccessorImpl.invoke(DelegatingMethodAccessorImpl.java:43)
java.base/java.lang.reflect.Method.invoke(Method.java:568)
org.testng.internal.invokers.MethodInvocationHelper.invokeMethod(MethodInvocationHelper.java:135)
org.testng.internal.invokers.TestInvoker.invokeMethod(TestInvoker.java:673)
org.testng.internal.invokers.TestInvoker.invokeTestMethod(TestInvoker.java:220)
org.testng.internal.invokers.MethodRunner.runInSequence(MethodRunner.java:50)
org.testng.internal.invokers.TestInvoker$MethodInvocationAgent.invoke(TestInvoker.java:945)
org.testng.internal.invokers.TestInvoker.invokeTestMethods(TestInvoker.java:193)
org.testng.internal.invokers.TestMethodWorker.invokeTestMethods(TestMethodWorker.java:146)
org.testng.internal.invokers.TestMethodWorker.run(TestMethodWorker.java:128)
java.base/java.util.ArrayList.forEach(ArrayList.java:1511)
org.testng.TestRunner.privateRun(TestRunner.java:808)
org.testng.TestRunner.run(TestRunner.java:603)
org.testng.SuiteRunner.runTest(SuiteRunner.java:429)
org.testng.SuiteRunner.runSequentially(SuiteRunner.java:423)
org.testng.SuiteRunner.privateRun(SuiteRunner.java:383)
org.testng.SuiteRunner.run(SuiteRunner.java:326)
org.testng.SuiteRunnerWorker.runSuite(SuiteRunnerWorker.java:52)
org.testng.SuiteRunnerWorker.run(SuiteRunnerWorker.java:95)
org.testng.TestNG.runSuitesSequentially(TestNG.java:1249)
org.testng.TestNG.runSuitesLocally(TestNG.java:1169)
org.testng.TestNG.runSuites(TestNG.java:1092)
org.testng.TestNG.run(TestNG.java:1060)
org.apache.maven.surefire.testng.TestNGExecutor.run(TestNGExecutor.java:136)
org.apache.maven.surefire.testng.TestNGDirectoryTestSuite.executeMulti(TestNGDirectoryTestSuite.java:193)
org.apache.maven.surefire.testng.TestNGDirectoryTestSuite.execute(TestNGDirectoryTestSuite.java:94)
org.apache.maven.surefire.testng.TestNGProvider.invoke(TestNGProvider.java:145)
org.apache.maven.surefire.booter.ForkedBooter.runSuitesInProcess(ForkedBooter.java:428)
org.apache.maven.surefire.booter.ForkedBooter.execute(ForkedBooter.java:162)
org.apache.maven.surefire.booter.ForkedBooter.run(ForkedBooter.java:562)
org.apache.maven.surefire.booter.ForkedBooter.main(ForkedBooter.java:548) @11-02-2022 20:27:11.0548 PM
[ReportManager] org.openqa.selenium.TimeoutException:
Expected condition failed: waiting for com.shaft.gui.element.ElementActionsHelper$$Lambda$641/0x0000000801149890@4ff496aa (tried for 5 second(s) with 1000 milliseconds interval)
org.openqa.selenium.support.ui.FluentWait.timeoutException(FluentWait.java:263)
org.openqa.selenium.support.ui.FluentWait.until(FluentWait.java:231)
com.shaft.gui.element.ElementActionsHelper.waitForElementPresence(ElementActionsHelper.java:89)
com.shaft.gui.element.ElementActionsHelper.waitForElementPresence(ElementActionsHelper.java:37)
com.shaft.gui.element.WebDriverElementActions.getMatchingElementsCount(WebDriverElementActions.java:1481)
com.shaft.gui.element.WebDriverElementActions.getElementsCount(WebDriverElementActions.java:561)
com.shaft.gui.element.ElementActions.getElementsCount(ElementActions.java:269)
com.shaft.gui.image.ScreenshotManager.internalCaptureScreenShot(ScreenshotManager.java:385)
com.shaft.gui.image.ScreenshotManager.captureScreenShot(ScreenshotManager.java:141)
com.shaft.validation.ValidationsHelper.reportValidationState(ValidationsHelper.java:823)
com.shaft.validation.ValidationsHelper.pass(ValidationsHelper.java:564)
com.shaft.validation.ValidationsHelper.validateElementExists(ValidationsHelper.java:166)
com.shaft.validation.Assertions.assertElementExists(Assertions.java:118)
testPackage01.Test_NewValidationHelper.f11(Test_NewValidationHelper.java:137)
java.base/jdk.internal.reflect.NativeMethodAccessorImpl.invoke0(Native Method)
java.base/jdk.internal.reflect.NativeMethodAccessorImpl.invoke(NativeMethodAccessorImpl.java:77)
java.base/jdk.internal.reflect.DelegatingMethodAccessorImpl.invoke(DelegatingMethodAccessorImpl.java:43)
java.base/java.lang.reflect.Method.invoke(Method.java:568)
org.testng.internal.invokers.MethodInvocationHelper.invokeMethod(MethodInvocationHelper.java:135)
org.testng.internal.invokers.TestInvoker.invokeMethod(TestInvoker.java:673)
org.testng.internal.invokers.TestInvoker.invokeTestMethod(TestInvoker.java:220)
org.testng.internal.invokers.MethodRunner.runInSequence(MethodRunner.java:50)
org.testng.internal.invokers.TestInvoker$MethodInvocationAgent.invoke(TestInvoker.java:945)
org.testng.internal.invokers.TestInvoker.invokeTestMethods(TestInvoker.java:193)
org.testng.internal.invokers.TestMethodWorker.invokeTestMethods(TestMethodWorker.java:146)
org.testng.internal.invokers.TestMethodWorker.run(TestMethodWorker.java:128)
java.base/java.util.ArrayList.forEach(ArrayList.java:1511)
org.testng.TestRunner.privateRun(TestRunner.java:808)
org.testng.TestRunner.run(TestRunner.java:603)
org.testng.SuiteRunner.runTest(SuiteRunner.java:429)
org.testng.SuiteRunner.runSequentially(SuiteRunner.java:423)
org.testng.SuiteRunner.privateRun(SuiteRunner.java:383)
org.testng.SuiteRunner.run(SuiteRunner.java:326)
org.testng.SuiteRunnerWorker.runSuite(SuiteRunnerWorker.java:52)
org.testng.SuiteRunnerWorker.run(SuiteRunnerWorker.java:95)
org.testng.TestNG.runSuitesSequentially(TestNG.java:1249)
org.testng.TestNG.runSuitesLocally(TestNG.java:1169)
org.testng.TestNG.runSuites(TestNG.java:1092)
org.testng.TestNG.run(TestNG.java:1060)
org.apache.maven.surefire.testng.TestNGExecutor.run(TestNGExecutor.java:136)
org.apache.maven.surefire.testng.TestNGDirectoryTestSuite.executeMulti(TestNGDirectoryTestSuite.java:193)
org.apache.maven.surefire.testng.TestNGDirectoryTestSuite.execute(TestNGDirectoryTestSuite.java:94)
org.apache.maven.surefire.testng.TestNGProvider.invoke(TestNGProvider.java:145)
org.apache.maven.surefire.booter.ForkedBooter.runSuitesInProcess(ForkedBooter.java:428)
org.apache.maven.surefire.booter.ForkedBooter.execute(ForkedBooter.java:162)
org.apache.maven.surefire.booter.ForkedBooter.run(ForkedBooter.java:562)
org.apache.maven.surefire.booter.ForkedBooter.main(ForkedBooter.java:548)

Caused by: org.openqa.selenium.NoSuchElementException:
For documentation on this error, please visit: https://selenium.dev/exceptions/#no_such_element
Build info: version: '4.1.2', revision: '9a5a329c5a'
System info: host: 'Mac-1644610971229.local', ip: '10.212.9.88', os.name: 'Mac OS X', os.arch: 'x86_64', os.version: '11.6.3', java.version: '17.0.2'
Driver info: org.openqa.selenium.safari.SafariDriver
Command: [F7D2455A-92FE-45FA-BA61-3FE20770C073, findElement {using=tag name, value=h3}]
Capabilities {acceptInsecureCerts: false, browserName: Safari, browserVersion: 15.3, goog:loggingPrefs: {browser: ALL, client: ALL, driver: ALL, performance: ALL, profiler: ALL, server: ALL}, javascriptEnabled: true, pageLoadStrategy: normal, platform: MAC, platformName: MAC, safari:automaticInspection: false, safari:automaticProfiling: false, safari:diagnose: false, safari:platformBuildVersion: 20G415, safari:platformVersion: 11.6.3, safari:useSimulator: false, setWindowRect: true, strictFileInteractability: false, timeouts: {pageLoad: 30000, script: 30000}, webkit:WebRTC: {DisableICECandidateFiltering: false, DisableInsecureMediaCapture: false}}
Session ID: F7D2455A-92FE-45FA-BA61-3FE20770C073
jdk.internal.reflect.GeneratedConstructorAccessor58.newInstance(Unknown Source)
java.base/jdk.internal.reflect.DelegatingConstructorAccessorImpl.newInstance(DelegatingConstructorAccessorImpl.java:45)
java.base/java.lang.reflect.Constructor.newInstanceWithCaller(Constructor.java:499)
java.base/java.lang.reflect.Constructor.newInstance(Constructor.java:480)
org.openqa.selenium.remote.codec.w3c.W3CHttpResponseCodec.createException(W3CHttpResponseCodec.java:200)
org.openqa.selenium.remote.codec.w3c.W3CHttpResponseCodec.decode(W3CHttpResponseCodec.java:133)
org.openqa.selenium.remote.codec.w3c.W3CHttpResponseCodec.decode(W3CHttpResponseCodec.java:53)
org.openqa.selenium.remote.HttpCommandExecutor.execute(HttpCommandExecutor.java:184)
org.openqa.selenium.remote.service.DriverCommandExecutor.invokeExecute(DriverCommandExecutor.java:167)
org.openqa.selenium.remote.service.DriverCommandExecutor.execute(DriverCommandExecutor.java:142)
org.openqa.selenium.remote.RemoteWebDriver.execute(RemoteWebDriver.java:558)
org.openqa.selenium.remote.ElementLocation$ElementFinder$2.findElement(ElementLocation.java:162)
org.openqa.selenium.remote.ElementLocation.findElement(ElementLocation.java:60)
org.openqa.selenium.remote.RemoteWebDriver.findElement(RemoteWebDriver.java:382)
org.openqa.selenium.remote.RemoteWebDriver.findElement(RemoteWebDriver.java:374)
com.shaft.gui.element.ElementActionsHelper.lambda$waitForElementPresence$0(ElementActionsHelper.java:92)
org.openqa.selenium.support.ui.FluentWait.until(FluentWait.java:208)
com.shaft.gui.element.ElementActionsHelper.waitForElementPresence(ElementActionsHelper.java:89)
com.shaft.gui.element.ElementActionsHelper.waitForElementPresence(ElementActionsHelper.java:37)
com.shaft.gui.element.WebDriverElementActions.getMatchingElementsCount(WebDriverElementActions.java:1481)
com.shaft.gui.element.WebDriverElementActions.getElementsCount(WebDriverElementActions.java:561)
com.shaft.gui.element.ElementActions.getElementsCount(ElementActions.java:269)
com.shaft.gui.image.ScreenshotManager.internalCaptureScreenShot(ScreenshotManager.java:385)
com.shaft.gui.image.ScreenshotManager.captureScreenShot(ScreenshotManager.java:141)
com.shaft.validation.ValidationsHelper.reportValidationState(ValidationsHelper.java:823)
com.shaft.validation.ValidationsHelper.pass(ValidationsHelper.java:564)
com.shaft.validation.ValidationsHelper.validateElementExists(ValidationsHelper.java:166)
com.shaft.validation.Assertions.assertElementExists(Assertions.java:118)
testPackage01.Test_NewValidationHelper.f11(Test_NewValidationHelper.java:137)
java.base/jdk.internal.reflect.NativeMethodAccessorImpl.invoke0(Native Method)
java.base/jdk.internal.reflect.NativeMethodAccessorImpl.invoke(NativeMethodAccessorImpl.java:77)
java.base/jdk.internal.reflect.DelegatingMethodAccessorImpl.invoke(DelegatingMethodAccessorImpl.java:43)
java.base/java.lang.reflect.Method.invoke(Method.java:568)
org.testng.internal.invokers.MethodInvocationHelper.invokeMethod(MethodInvocationHelper.java:135)
org.testng.internal.invokers.TestInvoker.invokeMethod(TestInvoker.java:673)
org.testng.internal.invokers.TestInvoker.invokeTestMethod(TestInvoker.java:220)
org.testng.internal.invokers.MethodRunner.runInSequence(MethodRunner.java:50)
org.testng.internal.invokers.TestInvoker$MethodInvocationAgent.invoke(TestInvoker.java:945)
org.testng.internal.invokers.TestInvoker.invokeTestMethods(TestInvoker.java:193)
org.testng.internal.invokers.TestMethodWorker.invokeTestMethods(TestMethodWorker.java:146)
org.testng.internal.invokers.TestMethodWorker.run(TestMethodWorker.java:128)
java.base/java.util.ArrayList.forEach(ArrayList.java:1511)
org.testng.TestRunner.privateRun(TestRunner.java:808)
org.testng.TestRunner.run(TestRunner.java:603)
org.testng.SuiteRunner.runTest(SuiteRunner.java:429)
org.testng.SuiteRunner.runSequentially(SuiteRunner.java:423)
org.testng.SuiteRunner.privateRun(SuiteRunner.java:383)
org.testng.SuiteRunner.run(SuiteRunner.java:326)
org.testng.SuiteRunnerWorker.runSuite(SuiteRunnerWorker.java:52)
org.testng.SuiteRunnerWorker.run(SuiteRunnerWorker.java:95)
org.testng.TestNG.runSuitesSequentially(TestNG.java:1249)
org.testng.TestNG.runSuitesLocally(TestNG.java:1169)
org.testng.TestNG.runSuites(TestNG.java:1092)
org.testng.TestNG.run(TestNG.java:1060)
org.apache.maven.surefire.testng.TestNGExecutor.run(TestNGExecutor.java:136)
org.apache.maven.surefire.testng.TestNGDirectoryTestSuite.executeMulti(TestNGDirectoryTestSuite.java:193)
org.apache.maven.surefire.testng.TestNGDirectoryTestSuite.execute(TestNGDirectoryTestSuite.java:94)
org.apache.maven.surefire.testng.TestNGProvider.invoke(TestNGProvider.java:145)
org.apache.maven.surefire.booter.ForkedBooter.runSuitesInProcess(ForkedBooter.java:428)
org.apache.maven.surefire.booter.ForkedBooter.execute(ForkedBooter.java:162)
org.apache.maven.surefire.booter.ForkedBooter.run(ForkedBooter.java:562)
org.apache.maven.surefire.booter.ForkedBooter.main(ForkedBooter.java:548) @11-02-2022 20:27:16.0856 PM
[ReportManager] Assertion Passed: Checking that false tag doesn't exist @11-02-2022 20:27:16.0969 PM
[ReportManager] Successfully created attachment [Screenshot - 1644611236882_f11_ValidateElementExists_passed] @11-02-2022 20:27:16.0970 PM
[ReportManager] Assertion [ValidateElementExists] PASSED. Expected [Element Should not Exist, locator 'By.tagName: h3'] and Actual [Element Doesn't Exists]. Comparison Type [EQUALS]. Validation Type [NEGATIVE]. @11-02-2022 20:27:16.0970 P
[ReportManager] Successfully Closed All Drivers. @11-02-2022 20:27:17.0133 P
[ReportManager] File Action [GetAbsolutePath] successfully performed. With the following test data [Relative Folder Path: "target/downloadedFiles/"]. @11-02-2022 20:27:17.0135 PM
[ReportManager] Attempting to run locally on: [Mac-64], [Safari], Headless Execution. @11-02-2022 20:27:17.0135 PM
[ReportManager] Successfully Opened Safari. @11-02-2022 20:27:18.0006 PM
[ReportManager] Initial window size: (800, 600) @11-02-2022 20:27:18.0030 PM
[ReportManager] Window size after SWD Maximize: (1176, 803) @11-02-2022 20:27:18.0058 PM
[ReportManager] Browser Action [MaximizeWindow] successfully performed. With the following test data [New screen size is now: (1176, 803)]. @11-02-2022 20:27:18.0058 PM
[ReportManager] Target URL: [https://the-internet.herokuapp.com/] @11-02-2022 20:27:18.0058 PM
[ReportManager] Initial URL: [] @11-02-2022 20:27:18.0099 PM
[ReportManager] Browser Action [NavigateToURL] successfully performed. With the following test data [https://the-internet.herokuapp.com/]. @11-02-2022 20:27:19.0312 P

################################################################################################################################################
Starting Execution:	[96 out of 165] test cases in the current suite
Test Method:		[testPackage01.Test_NewValidationHelper.f12]
################################################################################################################################################
[ReportManager] Assertion [ValidateElementExists] FAILED. Expected [Element Should not Exist, locator 'By.tagName: h1'] and Actual [Element Exists]. Comparison Type [EQUALS]. Validation Type [NEGATIVE]. @11-02-2022 20:27:19.0654 PM
[ReportManager] Successfully created attachment [Screenshot - 1644611239586_f12_ValidateElementExists_failed] @11-02-2022 20:27:19.0655 P
[ReportManager] Successfully Closed All Drivers. @11-02-2022 20:27:20.0001 P
[ReportManager] File Action [GetAbsolutePath] successfully performed. With the following test data [Relative Folder Path: "target/downloadedFiles/"]. @11-02-2022 20:27:20.0004 PM
[ReportManager] Attempting to run locally on: [Mac-64], [Safari], Headless Execution. @11-02-2022 20:27:20.0004 PM
[ReportManager] An Exception Occured with this Message: Could not start a new session. Possible causes are invalid address of the remote server or browser start-up failure.. @11-02-2022 20:27:20.0132 PM
[ReportManager] Successfully created attachment [Exception Stack Trace - org.openqa.selenium.SessionNotCreatedException] @11-02-2022 20:27:20.0133 PM
[ReportManager] Driver Factory Action [createNewLocalDriverInstanceForSafari] failed. With the following test data [Failed to create a session on DESKTOP_SAFARI]. @11-02-2022 20:27:20.0133 P

################################################################################################################################################
Starting Execution:	[97 out of 165] test cases in the current suite
Test Method:		[testPackage01.Test_NewValidationHelper.f13]
###############################################################################################################################################



################################################################################################################################################
Starting Execution:	[98 out of 165] test cases in the current suite
Test Method:		[testPackage01.Test_NewValidationHelper.f14]
###############################################################################################################################################



################################################################################################################################################
Starting Execution:	[99 out of 165] test cases in the current suite
Test Method:		[testPackage01.Test_NewValidationHelper.f15]
###############################################################################################################################################



################################################################################################################################################
Starting Execution:	[100 out of 165] test cases in the current suite
Test Method:		[testPackage01.Test_NewValidationHelper.f16]
###############################################################################################################################################



################################################################################################################################################
Starting Execution:	[101 out of 165] test cases in the current suite
Test Method:		[testPackage01.Test_NewValidationHelper.f17]
###############################################################################################################################################



################################################################################################################################################
Starting Execution:	[102 out of 165] test cases in the current suite
Test Method:		[testPackage01.Test_NewValidationHelper.f18]
###############################################################################################################################################


################################################################################################################################################
Starting Execution:	[103 out of 165] test cases in the current suite
Test Method:		[testPackage01.Test_NewValidationHelper.f2]
###############################################################################################################################################


################################################################################################################################################
Starting Execution:	[104 out of 165] test cases in the current suite
Test Method:		[testPackage01.Test_NewValidationHelper.f20]
###############################################################################################################################################



################################################################################################################################################
Starting Execution:	[105 out of 165] test cases in the current suite
Test Method:		[testPackage01.Test_NewValidationHelper.f21]
###############################################################################################################################################



################################################################################################################################################
Starting Execution:	[106 out of 165] test cases in the current suite
Test Method:		[testPackage01.Test_NewValidationHelper.f22]
###############################################################################################################################################


################################################################################################################################################
Starting Execution:	[107 out of 165] test cases in the current suite
Test Method:		[testPackage01.Test_NewValidationHelper.f23]
###############################################################################################################################################

################################################################################################################################################
Starting Execution:	[108 out of 165] test cases in the current suite
Test Method:		[testPackage01.Test_NewValidationHelper.f24]
###############################################################################################################################################

################################################################################################################################################
Starting Execution:	[109 out of 165] test cases in the current suite
Test Method:		[testPackage01.Test_NewValidationHelper.f25]
###############################################################################################################################################

################################################################################################################################################
Starting Execution:	[110 out of 165] test cases in the current suite
Test Method:		[testPackage01.Test_NewValidationHelper.f26]
###############################################################################################################################################

################################################################################################################################################
Starting Execution:	[111 out of 165] test cases in the current suite
Test Method:		[testPackage01.Test_NewValidationHelper.f27]
###############################################################################################################################################

################################################################################################################################################
Starting Execution:	[112 out of 165] test cases in the current suite
Test Method:		[testPackage01.Test_NewValidationHelper.f28]
###############################################################################################################################################

################################################################################################################################################
Starting Execution:	[113 out of 165] test cases in the current suite
Test Method:		[testPackage01.Test_NewValidationHelper.f29]
###############################################################################################################################################

################################################################################################################################################
Starting Execution:	[114 out of 165] test cases in the current suite
Test Method:		[testPackage01.Test_NewValidationHelper.f3]
###############################################################################################################################################

################################################################################################################################################
Starting Execution:	[115 out of 165] test cases in the current suite
Test Method:		[testPackage01.Test_NewValidationHelper.f30]
###############################################################################################################################################

################################################################################################################################################
Starting Execution:	[116 out of 165] test cases in the current suite
Test Method:		[testPackage01.Test_NewValidationHelper.f31]
###############################################################################################################################################

################################################################################################################################################
Starting Execution:	[117 out of 165] test cases in the current suite
Test Method:		[testPackage01.Test_NewValidationHelper.f32]
###############################################################################################################################################

################################################################################################################################################
Starting Execution:	[118 out of 165] test cases in the current suite
Test Method:		[testPackage01.Test_NewValidationHelper.f33]
###############################################################################################################################################

################################################################################################################################################
Starting Execution:	[119 out of 165] test cases in the current suite
Test Method:		[testPackage01.Test_NewValidationHelper.f34]
###############################################################################################################################################

################################################################################################################################################
Starting Execution:	[120 out of 165] test cases in the current suite
Test Method:		[testPackage01.Test_NewValidationHelper.f35]
###############################################################################################################################################

################################################################################################################################################
Starting Execution:	[121 out of 165] test cases in the current suite
Test Method:		[testPackage01.Test_NewValidationHelper.f36]
###############################################################################################################################################

################################################################################################################################################
Starting Execution:	[122 out of 165] test cases in the current suite
Test Method:		[testPackage01.Test_NewValidationHelper.f37]
###############################################################################################################################################

################################################################################################################################################
Starting Execution:	[123 out of 165] test cases in the current suite
Test Method:		[testPackage01.Test_NewValidationHelper.f3_1]
###############################################################################################################################################

################################################################################################################################################
Starting Execution:	[124 out of 165] test cases in the current suite
Test Method:		[testPackage01.Test_NewValidationHelper.f4]
###############################################################################################################################################

################################################################################################################################################
Starting Execution:	[125 out of 165] test cases in the current suite
Test Method:		[testPackage01.Test_NewValidationHelper.f5]
###############################################################################################################################################

################################################################################################################################################
Starting Execution:	[126 out of 165] test cases in the current suite
Test Method:		[testPackage01.Test_NewValidationHelper.f6]
###############################################################################################################################################

################################################################################################################################################
Starting Execution:	[127 out of 165] test cases in the current suite
Test Method:		[testPackage01.Test_NewValidationHelper.f6_1]
###############################################################################################################################################

################################################################################################################################################
Starting Execution:	[128 out of 165] test cases in the current suite
Test Method:		[testPackage01.Test_NewValidationHelper.f6_2]
###############################################################################################################################################

################################################################################################################################################
Starting Execution:	[129 out of 165] test cases in the current suite
Test Method:		[testPackage01.Test_NewValidationHelper.f7]
###############################################################################################################################################


################################################################################################################################################
Starting Execution:	[130 out of 165] test cases in the current suite
Test Method:		[testPackage01.Test_NewValidationHelper.f8]
###############################################################################################################################################



################################################################################################################################################
Starting Execution:	[131 out of 165] test cases in the current suite
Test Method:		[testPackage01.Test_NewValidationHelper.f9]
###############################################################################################################################################


################################################################################################################################################
Starting Execution:	[132 out of 165] test cases in the current suite
Test Method:		[testPackage01.Test_NewValidationHelper.forceFail]
###############################################################################################################################################

################################################################################################################################################
Starting Execution:	[133 out of 165] test cases in the current suite
Test Method:		[testPackage01.Test_NewValidationHelper.forceFail2]
###############################################################################################################################################

################################################################################################################################################
Starting Execution:	[134 out of 165] test cases in the current suite
Test Method:		[testPackage01.Test_JsonActions.f]
###############################################################################################################################################

################################################################################################################################################
Starting Execution:	[135 out of 165] test cases in the current suite
Test Method:		[testPackage01.Test_JsonActions.f2]
###############################################################################################################################################

################################################################################################################################################
Starting Execution:	[136 out of 165] test cases in the current suite
Test Method:		[testPackage01.Test_sendGraphqlRequest.sendGraphqlRequestUsingMutationAndVariables]
################################################################################################################################################
[ReportManager] GraphQl Request is being Performed with the Following Parameters [Service URL: https://api.spacex.land/graphql | Request Body: {"variables":"{\"name\": \"sherlock holmes\",\"rocket\": \"221B Baker Street\"}","query":"mutation ($name: String, $rocket: String) {\n  insert_users(objects: {name: $name, rocket: $rocket}) {\n    returning {\n      name\n      rocket\n    }\n  }\n}"}] @11-02-2022 20:27:20.0765 PM
[ReportManager] Response status code: [200], status line: [HTTP/1.1 200 OK] @11-02-2022 20:27:21.0342 PM
[ReportManager] Assertion Passed: Evaluating the actual response status code against the expected one... @11-02-2022 20:27:21.0342 PM
[ReportManager] Assertion [ValidateComparativeRelation] PASSED. Expected [200] and Actual [200]. Comparison Type [EQUALS]. Validation Type [POSITIVE]. @11-02-2022 20:27:21.0342 PM
[ReportManager] API Action [PerformRequest] successfully performed. With the following test data [Request Type: "POST" | Target Status Code: "200" | Service URL: "https://api.spacex.land/graphql" | Content Type: "application/json" | Response Time: "484ms"]. @11-02-2022 20:27:21.0372 PM
[ReportManager] Successfully created attachment [API Request - Specifications] @11-02-2022 20:27:21.0373 PM
[ReportManager] Successfully created attachment [API Request - JSON Body] @11-02-2022 20:27:21.0373 PM
[ReportManager] Successfully created attachment [API Response - JSON Body] @11-02-2022 20:27:21.0374 PM
[ReportManager] API Action [GetResponseJSONValue] successfully performed. With the following test data [data.insert_users.returning[0].name]. @11-02-2022 20:27:21.0419 PM
[ReportManager] Assertion [ValidateEquals] PASSED. Expected [sherlock holmes] and Actual [sherlock holmes]. Comparison Type [EQUALS]. Validation Type [POSITIVE]. @11-02-2022 20:27:21.0420 P

################################################################################################################################################
Starting Execution:	[137 out of 165] test cases in the current suite
Test Method:		[testPackage01.Test_sendGraphqlRequest.sendGraphqlRequestUsingQuery]
################################################################################################################################################
[ReportManager] GraphQl Request is being Performed with the Following Parameters [Service URL: https://api.spacex.land/graphql | Request Body: {"query":"{company {ceo}}"}] @11-02-2022 20:27:21.0423 PM
[ReportManager] Response status code: [200], status line: [HTTP/1.1 200 OK] @11-02-2022 20:27:21.0727 PM
[ReportManager] Assertion Passed: Evaluating the actual response status code against the expected one... @11-02-2022 20:27:21.0727 PM
[ReportManager] Assertion [ValidateComparativeRelation] PASSED. Expected [200] and Actual [200]. Comparison Type [EQUALS]. Validation Type [POSITIVE]. @11-02-2022 20:27:21.0728 PM
[ReportManager] API Action [PerformRequest] successfully performed. With the following test data [Request Type: "POST" | Target Status Code: "200" | Service URL: "https://api.spacex.land/graphql" | Content Type: "application/json" | Response Time: "297ms"]. @11-02-2022 20:27:21.0740 PM
[ReportManager] Successfully created attachment [API Request - Specifications] @11-02-2022 20:27:21.0741 PM
[ReportManager] Successfully created attachment [API Request - JSON Body] @11-02-2022 20:27:21.0742 PM
[ReportManager] Successfully created attachment [API Response - JSON Body] @11-02-2022 20:27:21.0742 PM
[ReportManager] API Action [GetResponseJSONValue] successfully performed. With the following test data [data.company.ceo]. @11-02-2022 20:27:21.0756 PM
[ReportManager] Assertion [ValidateEquals] PASSED. Expected [Elon Musk] and Actual [Elon Musk]. Comparison Type [EQUALS]. Validation Type [POSITIVE]. @11-02-2022 20:27:21.0756 P

################################################################################################################################################
Starting Execution:	[138 out of 165] test cases in the current suite
Test Method:		[testPackage01.Test_MatchJsonSchema.checkAPI_ResponseSchema]
################################################################################################################################################
[ReportManager] Response status code: [200], status line: [HTTP/1.1 200 OK] @11-02-2022 20:27:21.0901 PM
[ReportManager] Assertion Passed: Evaluating the actual response status code against the expected one... @11-02-2022 20:27:21.0902 PM
[ReportManager] Assertion [ValidateComparativeRelation] PASSED. Expected [200] and Actual [200]. Comparison Type [EQUALS]. Validation Type [POSITIVE]. @11-02-2022 20:27:21.0902 PM
[ReportManager] API Action [PerformRequest] successfully performed. With the following test data [Request Type: "GET" | Target Status Code: "200" | Service URL: "http://api.zippopotam.us/us/90210" | Content Type: "*/*" | Response Time: "135ms"]. @11-02-2022 20:27:21.0916 PM
[ReportManager] Successfully created attachment [API Request - Specifications] @11-02-2022 20:27:21.0917 PM
[ReportManager] Successfully created attachment [API Response - JSON Body] @11-02-2022 20:27:21.0917 PM
[ReportManager] File Action [GetAbsolutePath] successfully performed. With the following test data [Relative Folder Path: "src/test/resources/testDataFiles/schema.json"]. @11-02-2022 20:27:21.0918 PM
[ReportManager] File Action [GetAbsolutePath] successfully performed. With the following test data [Relative Folder Path: "/Users/runner/work/SHAFT_ENGINE/SHAFT_ENGINE/src/test/resources/testDataFiles/schema.json"]. @11-02-2022 20:27:22.0549 PM
[ReportManager] File Action [ReadFromFile] successfully performed. With the following test data [File Path: "/Users/runner/work/SHAFT_ENGINE/SHAFT_ENGINE/src/test/resources/testDataFiles/schema.json"]. @11-02-2022 20:27:22.0550 PM
[ReportManager] Assertion Passed: Then I Assert that the API response schema matches that in this file [src/test/resources/testDataFiles/schema.json]. @11-02-2022 20:27:22.0551 PM
[ReportManager] Successfully created attachment [Validation Test Data - Expected JSON Value] @11-02-2022 20:27:22.0552 PM
[ReportManager] Successfully created attachment [Validation Test Data - Actual JSON Value] @11-02-2022 20:27:22.0553 PM
[ReportManager] Assertion [ValidateResponseFileSchema] PASSED. Expected [Response data should match the JSON File in this path '/Users/runner/work/SHAFT_ENGINE/SHAFT_ENGINE/src/test/resources/testDataFiles/schema.json'] and Actual [TRUE]. Comparison Type [EQUALS]. Validation Type [POSITIVE]. @11-02-2022 20:27:22.0553 P
[ReportManager] File Action [GetAbsolutePath] successfully performed. With the following test data [Relative Folder Path: "target/downloadedFiles/"]. @11-02-2022 20:27:22.0557 PM
[ReportManager] Attempting to run locally on: [Mac-64], [Safari], Headless Execution. @11-02-2022 20:27:22.0557 PM
[ReportManager] Successfully Opened Safari. @11-02-2022 20:27:23.0380 PM
[ReportManager] Initial window size: (800, 600) @11-02-2022 20:27:23.0395 PM
[ReportManager] Window size after SWD Maximize: (1176, 803) @11-02-2022 20:27:23.0424 PM
[ReportManager] Browser Action [MaximizeWindow] successfully performed. With the following test data [New screen size is now: (1176, 803)]. @11-02-2022 20:27:23.0425 P

################################################################################################################################################
Starting Execution:	[139 out of 165] test cases in the current suite
Test Method:		[testPackage01.Test_dragAndDrop.dragAndDropJquery]
################################################################################################################################################
[ReportManager] Target URL: [https://jqueryui.com/resources/demos/droppable/default.html] @11-02-2022 20:27:23.0427 PM
[ReportManager] Initial URL: [] @11-02-2022 20:27:23.0469 PM
[ReportManager] Browser Action [NavigateToURL] successfully performed. With the following test data [https://jqueryui.com/resources/demos/droppable/default.html]. @11-02-2022 20:27:23.0929 PM
[ReportManager] Element Action [GetText] successfully performed. With the following test data [
	Drop here
]. @11-02-2022 20:27:24.0029 PM
[ReportManager] Element Action [DragAndDrop] successfully performed. With the following test data [Start point: (8, 18), End point: (8, 18)]. @11-02-2022 20:27:25.0079 PM
[ReportManager] Element Action [GetText] successfully performed. With the following test data [
	Dropped!
]. @11-02-2022 20:27:25.0116 PM
[ReportManager] Assertion Passed: Checking to see if the text has changed after performing drag and drop @11-02-2022 20:27:25.0116 PM
[ReportManager] Assertion [ValidateEquals] PASSED. Expected [
	Drop here
] and Actual [
	Dropped!
]. Comparison Type [EQUALS]. Validation Type [NEGATIVE]. @11-02-2022 20:27:25.0116 P
[ReportManager] Browser Action [CloseCurrentWindow] successfully performed. @11-02-2022 20:27:25.0476 PM
[ReportManager] Successfully created attachment [Browser Action Test Data - CloseCurrentWindow - Actual Value] @11-02-2022 20:27:25.0477 P
[ReportManager] File Action [GetAbsolutePath] successfully performed. With the following test data [Relative Folder Path: "target/downloadedFiles/"]. @11-02-2022 20:27:25.0479 PM
[ReportManager] Attempting to run locally on: [Mac-64], [Safari], Headless Execution. @11-02-2022 20:27:25.0479 PM
[ReportManager] An Exception Occured with this Message: Could not start a new session. Possible causes are invalid address of the remote server or browser start-up failure.. @11-02-2022 20:27:25.0556 PM
[ReportManager] Successfully created attachment [Exception Stack Trace - org.openqa.selenium.SessionNotCreatedException] @11-02-2022 20:27:25.0556 PM
[ReportManager] Driver Factory Action [createNewLocalDriverInstanceForSafari] failed. With the following test data [Failed to create a session on DESKTOP_SAFARI]. @11-02-2022 20:27:25.0556 P

################################################################################################################################################
Starting Execution:	[140 out of 165] test cases in the current suite
Test Method:		[testPackage01.Test_dragAndDrop.dragAndDrop]
Test Description:	[TC001 - Test Drag and Drop function.]
###############################################################################################################################################



################################################################################################################################################
Starting Execution:	[141 out of 165] test cases in the current suite
Test Method:		[testPackage01.Test_dragAndDrop.dragAndDropByOffset]
Test Description:	[TC002 - Test Drag and Drop by offset function.]
###############################################################################################################################################

[ReportManager] Successfully loaded the following test data file [src/test/resources/testDataFiles/testSuite01/TestData.xlsx]. @11-02-2022 20:27:25.0619 PM
[ReportManager] Successfully created attachment [Test Data - Excel] @11-02-2022 20:27:25.0620 PM
[ReportManager] File Action [GetAbsolutePath] successfully performed. With the following test data [Relative Folder Path: "target/downloadedFiles/"]. @11-02-2022 20:27:25.0620 PM
[ReportManager] Attempting to run locally on: [Mac-64], [Safari], Headless Execution. @11-02-2022 20:27:25.0621 PM
[ReportManager] Successfully Opened Safari. @11-02-2022 20:27:26.0555 PM
[ReportManager] Initial window size: (800, 600) @11-02-2022 20:27:26.0581 PM
[ReportManager] Window size after SWD Maximize: (1176, 803) @11-02-2022 20:27:26.0617 PM
[ReportManager] Browser Action [MaximizeWindow] successfully performed. With the following test data [New screen size is now: (1176, 803)]. @11-02-2022 20:27:26.0617 P

################################################################################################################################################
Starting Execution:	[142 out of 165] test cases in the current suite
Test Method:		[testPackage01.Test_google.navigateToURLandVerifyGoogleLogoIsDisplayed]
Test Description:	[TC001 - Navigate to URL and Verify Google Logo is Displayed]
################################################################################################################################################
[ReportManager] Target URL: [https://www.google.com/ncr], and after redirection: [https://www.google.com] @11-02-2022 20:27:26.0620 PM
[ReportManager] Initial URL: [] @11-02-2022 20:27:26.0690 PM
[ReportManager] Browser Action [NavigateToURL] successfully performed. With the following test data [https://www.google.com/ncr]. @11-02-2022 20:27:27.0991 PM
[ReportManager] Assertion Passed: Then I Assert that the element found by [By.xpath: //*[@id='hplogo' or @alt='Google']] exists. @11-02-2022 20:27:28.0163 PM
[ReportManager] Successfully created attachment [Screenshot - 1644611248100_navigateToURLandVerifyGoogleLogoIsDisplayed_ValidateElementExists_passed] @11-02-2022 20:27:28.0164 PM
[ReportManager] Assertion [ValidateElementExists] PASSED. Expected [Element Should Exist, locator 'By.xpath: //*[@id='hplogo' or @alt='Google']'] and Actual [Element Exists]. Comparison Type [EQUALS]. Validation Type [POSITIVE]. @11-02-2022 20:27:28.0164 P

################################################################################################################################################
Starting Execution:	[143 out of 165] test cases in the current suite
Test Method:		[testPackage01.Test_google.searchForQueryandAssertResultsNumDisplayed]
Test Description:	[TC002 - Search for Query and Assert that the number of results is displayed]
################################################################################################################################################
[ReportManager] Element Action [Type] successfully performed. With the following test data [SHAFT_Engine]. @11-02-2022 20:27:28.0428 PM
[ReportManager] Element Action [KeyPress] successfully performed. With the following test data [Enter]. @11-02-2022 20:27:28.0517 PM
[ReportManager] Element Action [GetText] successfully performed. With the following test data [About 779,000 results (0.45 seconds)Quick SettingsSee all settingsPrivacySearch historyYour data in SearchUsing SearchExplicit results filterLearn more about SafeSearchHide explicit resultsLanguagesEnglishAdvanced searchAppearanceLight themeDark themeDevice defaultSupportSearch help]. @11-02-2022 20:27:30.0046 PM
[ReportManager] Assertion Passed: Then I Assert that the element found by [By.id: appbar] text does not equal []. @11-02-2022 20:27:30.0690 PM
[ReportManager] Successfully created attachment [Screenshot - 1644611250549_searchForQueryandAssertResultsNumDisplayed_ValidateElementAttribute_passed] @11-02-2022 20:27:30.0855 PM
[ReportManager] Assertion [ValidateElementAttribute] PASSED. Expected [Value Should not be '' for the 'text' attribute, element locator 'By.id: appbar'] and Actual [About 779,000 results (0.45 seconds)Quick SettingsSee all settingsPrivacySearch historyYour data in SearchUsing SearchExplicit results filterLearn more about SafeSearchHide explicit resultsLanguagesEnglishAdvanced searchAppearanceLight themeDark themeDevice defaultSupportSearch help]. Comparison Type [EQUALS]. Validation Type [NEGATIVE]. @11-02-2022 20:27:30.0856 P

################################################################################################################################################
Starting Execution:	[144 out of 165] test cases in the current suite
Test Method:		[testPackage01.Test_google.clickNextThrice]
Test Description:	[TC003 - Clicks the next button to make sure that the framework can scroll element into view before clicking it]
################################################################################################################################################
[ReportManager] Element Action [Click] successfully performed. With the following test data [By.xpath: //span[text()='Next']]. @11-02-2022 20:27:31.0089 P
[ReportManager] Successfully Closed All Drivers. @11-02-2022 20:27:31.0288 P
[ReportManager] File Action [GetAbsolutePath] successfully performed. With the following test data [Relative Folder Path: "target/downloadedFiles/"]. @11-02-2022 20:27:31.0330 PM
[ReportManager] Attempting to run locally on: [Mac-64], [Safari], Headless Execution. @11-02-2022 20:27:31.0331 PM
[ReportManager] Successfully Opened Safari. @11-02-2022 20:27:32.0628 PM
[ReportManager] Initial window size: (800, 600) @11-02-2022 20:27:32.0660 PM
[ReportManager] Window size after SWD Maximize: (1176, 803) @11-02-2022 20:27:32.0709 PM
[ReportManager] Browser Action [MaximizeWindow] successfully performed. With the following test data [New screen size is now: (1176, 803)]. @11-02-2022 20:27:32.0709 P

################################################################################################################################################
Starting Execution:	[145 out of 165] test cases in the current suite
Test Method:		[testPackage01.Test_chainableElementActions.chainElementActions]
################################################################################################################################################
[ReportManager] Target URL: [https://www.google.com/ncr], and after redirection: [https://www.google.com] @11-02-2022 20:27:32.0712 PM
[ReportManager] Initial URL: [] @11-02-2022 20:27:32.0787 PM
[ReportManager] Browser Action [NavigateToURL] successfully performed. With the following test data [https://www.google.com/ncr]. @11-02-2022 20:27:34.0315 PM
[ReportManager] Element Action [Type] successfully performed. With the following test data [chained type 1]. @11-02-2022 20:27:34.0991 PM
[ReportManager] Element Action [Type] successfully performed. With the following test data [chained type 2]. @11-02-2022 20:27:35.0468 PM
[ReportManager] Element Action [TypeAppend] successfully performed. With the following test data [345]. @11-02-2022 20:27:35.0568 PM
[ReportManager] Element Action [GetText] successfully performed. With the following test data [chained type 2345]. @11-02-2022 20:27:35.0686 PM
[ReportManager] Assertion Passed: Then I Assert that the element found by [By.name: q] text is equal to [chained type 2345]. @11-02-2022 20:27:36.0018 PM
[ReportManager] Successfully created attachment [Screenshot - 1644611255821_chainElementActions_ValidateElementAttribute_passed] @11-02-2022 20:27:36.0100 PM
[ReportManager] Assertion [ValidateElementAttribute] PASSED. Expected [Value Should be 'chained type 2345' for the 'text' attribute, element locator 'By.name: q'] and Actual [chained type 2345]. Comparison Type [EQUALS]. Validation Type [POSITIVE]. @11-02-2022 20:27:36.0100 P
[ReportManager] Successfully Closed All Drivers. @11-02-2022 20:27:36.0405 P
[ReportManager] File Action [GetAbsolutePath] successfully performed. With the following test data [Relative Folder Path: "target/downloadedFiles/"]. @11-02-2022 20:27:36.0529 PM
[ReportManager] Attempting to run locally on: [Mac-64], [Safari], Headless Execution. @11-02-2022 20:27:36.0530 PM
[ReportManager] Successfully Opened Safari. @11-02-2022 20:27:37.0498 PM
[ReportManager] Initial window size: (800, 600) @11-02-2022 20:27:37.0542 PM
[ReportManager] Window size after SWD Maximize: (1176, 803) @11-02-2022 20:27:37.0591 PM
[ReportManager] Browser Action [MaximizeWindow] successfully performed. With the following test data [New screen size is now: (1176, 803)]. @11-02-2022 20:27:37.0591 P

################################################################################################################################################
Starting Execution:	[146 out of 165] test cases in the current suite
Test Method:		[testPackage01.Test_RelativeLocators.relativeLocatorsTest1]
################################################################################################################################################
[ReportManager] Target URL: [https://duckduckgo.com/] @11-02-2022 20:27:37.0762 PM
[ReportManager] Initial URL: [] @11-02-2022 20:27:37.0798 PM
[ReportManager] Browser Action [NavigateToURL] successfully performed. With the following test data [https://duckduckgo.com/]. @11-02-2022 20:27:38.0733 PM
[ReportManager] Element Action [Type] successfully performed. With the following test data [SHAFT_Engine]. @11-02-2022 20:27:39.0033 PM
[ReportManager] Element Action [KeyPress] successfully performed. With the following test data [ENTER]. @11-02-2022 20:27:39.0108 PM
[ReportManager] Element Action [GetText] successfully performed. With the following test data [GitHub - MohabMohie/SHAFT_ENGINE: SHAFT_ENGINE is a Test ...]. @11-02-2022 20:27:40.0899 PM
[ReportManager] Assertion Passed: Then I Assert that the element found by [Relative Locator: {root={xpath=//a[@class='result__a js-result-title-link']}, filters=[{kind=below, args=[{xpath=//input[@name='q']}]}]}] text does not equal []. @11-02-2022 20:27:41.0401 PM
[ReportManager] Successfully created attachment [Screenshot - 1644611261132_relativeLocatorsTest1_ValidateElementAttribute_passed] @11-02-2022 20:27:41.0488 PM
[ReportManager] Assertion [ValidateElementAttribute] PASSED. Expected [Value Should not be '' for the 'text' attribute, element locator '[unknown locator]'] and Actual [GitHub - MohabMohie/SHAFT_ENGINE: SHAFT_ENGINE is a Test ...]. Comparison Type [EQUALS]. Validation Type [NEGATIVE]. @11-02-2022 20:27:41.0488 P
[ReportManager] Browser Action [CloseCurrentWindow] successfully performed. @11-02-2022 20:27:41.0977 PM
[ReportManager] Successfully created attachment [Browser Action Test Data - CloseCurrentWindow - Actual Value] @11-02-2022 20:27:42.0034 P

################################################################################################################################################
Starting Execution:	[147 out of 165] test cases in the current suite
Test Method:		[testPackage01.Test_JsonCompareWithSpecialCharacters.specialCharacters]
################################################################################################################################################
[ReportManager] File Action [GetAbsolutePath] successfully performed. With the following test data [Relative Folder Path: "src/test/resources/testDataFiles/specialCharacters.json"]. @11-02-2022 20:27:42.0279 PM
[ReportManager] File Action [ReadFromFile] successfully performed. With the following test data [File Path: "/Users/runner/work/SHAFT_ENGINE/SHAFT_ENGINE/src/test/resources/testDataFiles/specialCharacters.json"]. @11-02-2022 20:27:42.0279 PM
[ReportManager] Successfully created attachment [File Action Actual Result - Command Log] @11-02-2022 20:27:42.0477 PM
[ReportManager] Comparing the provided API response with the file at this path "src/test/resources/testDataFiles/specialCharacters.json", comparison type "EQUALS" @11-02-2022 20:27:42.0479 PM
[ReportManager] API Action [CompareJSON] successfully performed. With the following test data [src/test/resources/testDataFiles/specialCharacters.json]. @11-02-2022 20:27:42.0491 PM
[ReportManager] File Action [GetAbsolutePath] successfully performed. With the following test data [Relative Folder Path: "src/test/resources/testDataFiles/specialCharacters.json"]. @11-02-2022 20:27:42.0491 PM
[ReportManager] File Action [ReadFromFile] successfully performed. With the following test data [File Path: "/Users/runner/work/SHAFT_ENGINE/SHAFT_ENGINE/src/test/resources/testDataFiles/specialCharacters.json"]. @11-02-2022 20:27:42.0491 PM
[ReportManager] Verification [ValidateJSONFileContent] PASSED. Expected [Response data should match the JSON File in this path 'src/test/resources/testDataFiles/specialCharacters.json'] and Actual [TRUE]. Comparison Type [EQUALS]. Validation Type [POSITIVE]. @11-02-2022 20:27:42.0509 PM
[ReportManager] Successfully created attachment [Validation Test Data - Expected JSON Value] @11-02-2022 20:27:42.0602 PM
[ReportManager] Successfully created attachment [Validation Test Data - Actual JSON Value] @11-02-2022 20:27:42.0718 P

################################################################################################################################################
Starting Execution:	[148 out of 165] test cases in the current suite
Test Method:		[testPackage01.Test_JsonCompareWithSpecialCharacters.specialCharacters_assertion]
################################################################################################################################################
[ReportManager] File Action [GetAbsolutePath] successfully performed. With the following test data [Relative Folder Path: "src/test/resources/testDataFiles/specialCharacters.json"]. @11-02-2022 20:27:42.0965 PM
[ReportManager] File Action [ReadFromFile] successfully performed. With the following test data [File Path: "/Users/runner/work/SHAFT_ENGINE/SHAFT_ENGINE/src/test/resources/testDataFiles/specialCharacters.json"]. @11-02-2022 20:27:42.0966 PM
[ReportManager] Successfully created attachment [File Action Actual Result - Command Log] @11-02-2022 20:27:43.0084 PM
[ReportManager] Comparing the provided API response with the file at this path "src/test/resources/testDataFiles/specialCharacters.json", comparison type "CONTAINS" @11-02-2022 20:27:43.0085 PM
[ReportManager] API Action [CompareJSON] successfully performed. With the following test data [src/test/resources/testDataFiles/specialCharacters.json]. @11-02-2022 20:27:43.0098 PM
[ReportManager] File Action [GetAbsolutePath] successfully performed. With the following test data [Relative Folder Path: "src/test/resources/testDataFiles/specialCharacters.json"]. @11-02-2022 20:27:43.0098 PM
[ReportManager] File Action [ReadFromFile] successfully performed. With the following test data [File Path: "/Users/runner/work/SHAFT_ENGINE/SHAFT_ENGINE/src/test/resources/testDataFiles/specialCharacters.json"]. @11-02-2022 20:27:43.0098 PM
[ReportManager] Assertion Passed: trying out the log message @11-02-2022 20:27:43.0102 PM
[ReportManager] Successfully created attachment [Validation Test Data - Expected JSON Value] @11-02-2022 20:27:43.0205 PM
[ReportManager] Successfully created attachment [Validation Test Data - Actual JSON Value] @11-02-2022 20:27:43.0326 PM
[ReportManager] Assertion [ValidateJSONFileContent] PASSED. Expected [Response data should match the JSON File in this path 'src/test/resources/testDataFiles/specialCharacters.json'] and Actual [TRUE]. Comparison Type [CONTAINS]. Validation Type [POSITIVE]. @11-02-2022 20:27:43.0326 P

################################################################################################################################################
Starting Execution:	[149 out of 165] test cases in the current suite
Test Method:		[testPackage01.Test_SkipDueToIssue.doNotSkip]
################################################################################################################################################
[ReportManager] This should not be skipped. @11-02-2022 20:27:43.0494 P

################################################################################################################################################
Starting Execution:	[150 out of 165] test cases in the current suite
Test Method:		[testPackage01.Test_SkipDueToIssue.skip]
################################################################################################################################################
[ReportManager] This should be skipped. @11-02-2022 20:27:43.0750 P

################################################################################################################################################
Starting Execution:	[151 out of 165] test cases in the current suite
Test Method:		[testPackage01.Test_SkipDueToIssue.skip2]
################################################################################################################################################
[ReportManager] This should be skipped. @11-02-2022 20:27:43.0984 P

################################################################################################################################################
Starting Execution:	[152 out of 165] test cases in the current suite
Test Method:		[testPackage01.Test_JSONFileManager.readStringFromJson]
################################################################################################################################################
[ReportManager] File Action [GetAbsolutePath] successfully performed. With the following test data [Relative Folder Path: "src/test/resources/testDataFiles/simpleJSON.json"]. @11-02-2022 20:27:44.0227 PM
[ReportManager] Successfully loaded the following test data file [src/test/resources/testDataFiles/simpleJSON.json]. @11-02-2022 20:27:44.0228 PM
[ReportManager] Successfully created attachment [Test Data - JSON] @11-02-2022 20:27:44.0346 PM
[ReportManager] File Action [GetAbsolutePath] successfully performed. With the following test data [Relative Folder Path: "src/test/resources/testDataFiles/simpleJSON.json"]. @11-02-2022 20:27:44.0347 PM
[ReportManager] Assertion [ValidateEquals] PASSED. Expected [Mohab Mohie] and Actual [Mohab Mohie]. Comparison Type [EQUALS]. Validation Type [POSITIVE]. @11-02-2022 20:27:44.0369 P
[ReportManager] File Action [GetAbsolutePath] successfully performed. With the following test data [Relative Folder Path: "target/downloadedFiles/"]. @11-02-2022 20:27:44.0588 PM
[ReportManager] Attempting to run locally on: [Mac-64], [Safari], Headless Execution. @11-02-2022 20:27:44.0589 PM
[ReportManager] An Exception Occured with this Message: Could not start a new session. Possible causes are invalid address of the remote server or browser start-up failure.. @11-02-2022 20:27:44.0927 PM
[ReportManager] Successfully created attachment [Exception Stack Trace - org.openqa.selenium.SessionNotCreatedException] @11-02-2022 20:27:45.0078 PM
[ReportManager] Driver Factory Action [createNewLocalDriverInstanceForSafari] failed. With the following test data [Failed to create a session on DESKTOP_SAFARI]. @11-02-2022 20:27:45.0079 P

################################################################################################################################################
Starting Execution:	[153 out of 165] test cases in the current suite
Test Method:		[testPackage01.Test_assertEquals.test_assertElementAttribute]
###############################################################################################################################################

[ReportManager] File Action [GetAbsolutePath] successfully performed. With the following test data [Relative Folder Path: "target/downloadedFiles/"]. @11-02-2022 20:27:45.0564 PM
[ReportManager] Attempting to run locally on: [Mac-64], [Safari], Headless Execution. @11-02-2022 20:27:45.0565 PM
[ReportManager] An Exception Occured with this Message: Could not start a new session. Possible causes are invalid address of the remote server or browser start-up failure.. @11-02-2022 20:27:45.0823 PM
[ReportManager] Successfully created attachment [Exception Stack Trace - org.openqa.selenium.SessionNotCreatedException] @11-02-2022 20:27:45.0926 PM
[ReportManager] Driver Factory Action [createNewLocalDriverInstanceForSafari] failed. With the following test data [Failed to create a session on DESKTOP_SAFARI]. @11-02-2022 20:27:45.0927 P

################################################################################################################################################
Starting Execution:	[154 out of 165] test cases in the current suite
Test Method:		[testPackage01.Test_IsElementClickable.testIsElementClickable]
###############################################################################################################################################

[ReportManager] Successfully loaded the following test data file [src/test/resources/testDataFiles/testSuite01/TestData.xlsx]. @11-02-2022 20:27:46.0691 PM
[ReportManager] Successfully created attachment [Test Data - Excel] @11-02-2022 20:27:46.0773 PM
[ReportManager] Attempting to run using Playwright locally on: [Mac-64], [Safari], Headless Execution. @11-02-2022 20:31:07.0938 PM
[ReportManager] File Action [GetAbsolutePath] successfully performed. With the following test data [Relative Folder Path: "target/downloadedFiles/"]. @11-02-2022 20:31:07.0941 PM
[ReportManager] Initial window size: (1280, 720) @11-02-2022 20:31:13.0082 PM
[ReportManager] Window size after Toolkit: com.microsoft.playwright.options.ViewportSize@15ebcdc1 @11-02-2022 20:31:13.0091 PM
[ReportManager] Browser Action [MaximizeWindow] successfully performed. With the following test data [New screen size is now: (1920, 1080)]. @11-02-2022 20:31:13.0092 P

################################################################################################################################################
Starting Execution:	[155 out of 165] test cases in the current suite
Test Method:		[testPackage01.Test_google_playwright.navigateToURLandVerifyGoogleLogoIsDisplayed]
Test Description:	[TC001 - Navigate to URL and Verify Google Logo is Displayed]
################################################################################################################################################
[ReportManager] Target URL: [https://www.google.com/ncr], and after redirection: [https://www.google.com] @11-02-2022 20:31:13.0235 PM
[ReportManager] Initial URL: [about:blank] @11-02-2022 20:31:13.0649 PM
[ReportManager] Browser Action [NavigateToURL] successfully performed. With the following test data [https://www.google.com/ncr]. @11-02-2022 20:31:16.0311 PM
[ReportManager] Assertion [ValidateElementExists] PASSED. Expected [Element Should Exist, locator 'xpath=//*[@id='hplogo' or @alt='Google']'] and Actual [Element Exists]. Comparison Type [EQUALS]. Validation Type [POSITIVE]. @11-02-2022 20:31:16.0627 PM
[ReportManager] Successfully created attachment [Screenshot - 1644611476480_navigateToURLandVerifyGoogleLogoIsDisplayed_ValidateElementExists_passed] @11-02-2022 20:31:16.0630 P

################################################################################################################################################
Starting Execution:	[156 out of 165] test cases in the current suite
Test Method:		[testPackage01.Test_google_playwright.searchForQueryandAssertResultsNumDisplayed]
Test Description:	[TC002 - Search for Query and Assert that the number of results is displayed]
################################################################################################################################################
[ReportManager] Element Action [Type] successfully performed. With the following test data [SHAFT_Engine]. @11-02-2022 20:31:17.0192 PM
[ReportManager] Element Action [KeyPress] successfully performed. With the following test data [Enter]. @11-02-2022 20:31:17.0274 PM
[ReportManager] Element Action [GetText] successfully performed. With the following test data [About 779,000 results (0.40 seconds)
]. @11-02-2022 20:31:18.0978 PM
[ReportManager] Assertion [ValidateElementAttribute] PASSED. Expected [Value Should not be '' for the 'text' attribute, element locator 'xpath=//div[@id='appbar']'] and Actual [About 779,000 results (0.40 seconds)
]. Comparison Type [EQUALS]. Validation Type [NEGATIVE]. @11-02-2022 20:31:19.0981 PM
[ReportManager] Successfully created attachment [Screenshot - 1644611479849_searchForQueryandAssertResultsNumDisplayed_ValidateElementAttribute_passed] @11-02-2022 20:31:19.0983 P

################################################################################################################################################
Starting Execution:	[157 out of 165] test cases in the current suite
Test Method:		[testPackage01.Test_google_playwright.clickNextThrice]
Test Description:	[TC003 - Clicks the next button to make sure that the framework can scroll element into view before clicking it]
################################################################################################################################################
[ReportManager] Element Action [Click] successfully performed. With the following test data [Next]. @11-02-2022 20:31:20.0309 P
[ReportManager] Failed to find video recording. @11-02-2022 20:31:20.0312 PM
[ReportManager] Successfully Closed PlayWright Driver. @11-02-2022 20:31:20.0355 P
[ReportManager] File Action [GetAbsolutePath] successfully performed. With the following test data [Relative Folder Path: "target/downloadedFiles/"]. @11-02-2022 20:31:20.0356 PM
[ReportManager] Attempting to run locally on: [Mac-64], [Safari], Headless Execution. @11-02-2022 20:31:20.0357 PM
[ReportManager] Successfully Opened Safari. @11-02-2022 20:31:21.0326 PM
[ReportManager] Initial window size: (800, 600) @11-02-2022 20:31:21.0335 PM
[ReportManager] Window size after SWD Maximize: (1176, 803) @11-02-2022 20:31:21.0354 PM
[ReportManager] Browser Action [MaximizeWindow] successfully performed. With the following test data [New screen size is now: (1176, 803)]. @11-02-2022 20:31:21.0355 P

################################################################################################################################################
Starting Execution:	[158 out of 165] test cases in the current suite
Test Method:		[testPackage01.Test_verifyEquals.test_assertElementAttribute]
################################################################################################################################################
[ReportManager] Target URL: [https://www.google.com/ncr], and after redirection: [https://www.google.com] @11-02-2022 20:31:21.0357 PM
[ReportManager] Initial URL: [] @11-02-2022 20:31:21.0429 PM
[ReportManager] Browser Action [NavigateToURL] successfully performed. With the following test data [https://www.google.com/ncr]. @11-02-2022 20:31:23.0524 PM
[ReportManager] Element Action [Type] successfully performed. With the following test data [INC_004010050:Another SCHEDULER with the same name [Duplicate Job Name] already exists.]. @11-02-2022 20:31:24.0795 PM
[ReportManager] Element Action [GetText] successfully performed. With the following test data [INC_004010050:Another SCHEDULER with the same name [Duplicate Job Name] already exists.]. @11-02-2022 20:31:24.0866 PM
[ReportManager] Verification [ValidateElementAttribute] PASSED. Expected [Value Should be 'INC_004010050:Another SCHEDULER with the same name \[Duplicate Job Name\] already exists.' for the 'text' attribute, element locator 'By.name: q'] and Actual [INC_004010050:Another SCHEDULER with the same name [Duplicate Job Name] already exists.]. Comparison Type [MATCHES]. Validation Type [POSITIVE]. @11-02-2022 20:31:25.0019 PM
[ReportManager] Successfully created attachment [Screenshot - 1644611484955_test_assertElementAttribute_ValidateElementAttribute_passed] @11-02-2022 20:31:25.0020 P
[ReportManager] Browser Action [CloseCurrentWindow] successfully performed. @11-02-2022 20:31:25.0449 PM
[ReportManager] Successfully created attachment [Browser Action Test Data - CloseCurrentWindow - Actual Value] @11-02-2022 20:31:25.0449 P

################################################################################################################################################
Starting Execution:	[159 out of 165] test cases in the current suite
Test Method:		[testPackage01.Test_SelectedValue.multipleSelect]
################################################################################################################################################
[ReportManager] File Action [GetAbsolutePath] successfully performed. With the following test data [Relative Folder Path: "target/downloadedFiles/"]. @11-02-2022 20:31:25.0453 PM
[ReportManager] Attempting to run locally on: [Mac-64], [GoogleChrome], Headless Execution. @11-02-2022 20:31:25.0455 PM
[ReportManager] Identifying OS/Driver combination and selecting the correct driver version automatically. Please note that if a new driver executable will be downloaded it may take some time... @11-02-2022 20:31:25.0456 PM
[ReportManager] Successfully Opened Google Chrome. @11-02-2022 20:31:30.0727 PM
[ReportManager] Initial window size: (1920, 1080) @11-02-2022 20:31:30.0733 PM
[ReportManager] Window size after SWD Maximize: (1920, 1080) @11-02-2022 20:31:30.0842 PM
[ReportManager] Window size after Toolkit: (1920, 1080) @11-02-2022 20:31:31.0356 PM
[ReportManager] Browser Action [MaximizeWindow] successfully performed. With the following test data [New screen size is now: (1920, 1080)]. @11-02-2022 20:31:31.0359 PM
[ReportManager] Target URL: [https://yari-demos.prod.mdn.mozit.cloud/en-US/docs/Web/HTML/Element/select/_sample_.Advanced_select_with_multiple_features.html] @11-02-2022 20:31:31.0359 PM
[ReportManager] Initial URL: [data:,] @11-02-2022 20:31:31.0395 PM
[ReportManager] Browser Action [NavigateToURL] successfully performed. With the following test data [https://yari-demos.prod.mdn.mozit.cloud/en-US/docs/Web/HTML/Element/select/_sample_.Advanced_select_with_multiple_features.html]. @11-02-2022 20:31:31.0926 PM
[ReportManager] Element Action [Select] successfully performed. With the following test data [Dog]. @11-02-2022 20:31:32.0155 PM
[ReportManager] Element Action [Select] successfully performed. With the following test data [Cat]. @11-02-2022 20:31:32.0344 PM
[ReportManager] Element Action [GetSelectedText] successfully performed. With the following test data [DogCat]. @11-02-2022 20:31:32.0469 PM
[ReportManager] DogCat @11-02-2022 20:31:32.0470 PM
[ReportManager] Element Action [GetSelectedText] successfully performed. With the following test data [DogCat]. @11-02-2022 20:31:32.0592 PM
[ReportManager] Assertion [ValidateElementAttribute] PASSED. Expected [Value Should be 'DogCat' for the 'selectedText' attribute, element locator 'By.tagName: select'] and Actual [DogCat]. Comparison Type [EQUALS]. Validation Type [POSITIVE]. @11-02-2022 20:31:33.0246 PM
[ReportManager] Successfully created attachment [Screenshot - 1644611493136_multipleSelect_ValidateElementAttribute_passed] @11-02-2022 20:31:33.0247 PM
[ReportManager] Browser Action [CloseCurrentWindow] successfully performed. @11-02-2022 20:31:33.0492 PM
[ReportManager] Successfully created attachment [Browser Action Test Data - CloseCurrentWindow - Actual Value] @11-02-2022 20:31:33.0493 P

################################################################################################################################################
Starting Execution:	[160 out of 165] test cases in the current suite
Test Method:		[testPackage01.Test_SelectedValue.simpleSelect]
################################################################################################################################################
[ReportManager] File Action [GetAbsolutePath] successfully performed. With the following test data [Relative Folder Path: "target/downloadedFiles/"]. @11-02-2022 20:31:33.0502 PM
[ReportManager] Attempting to run locally on: [Mac-64], [GoogleChrome], Headless Execution. @11-02-2022 20:31:33.0502 PM
[ReportManager] Identifying OS/Driver combination and selecting the correct driver version automatically. Please note that if a new driver executable will be downloaded it may take some time... @11-02-2022 20:31:33.0503 PM
[ReportManager] Successfully Opened Google Chrome. @11-02-2022 20:31:34.0046 PM
[ReportManager] Initial window size: (1920, 1080) @11-02-2022 20:31:34.0049 PM
[ReportManager] Window size after SWD Maximize: (1920, 1080) @11-02-2022 20:31:34.0188 PM
[ReportManager] Window size after Toolkit: (1920, 1080) @11-02-2022 20:31:34.0685 PM
[ReportManager] Browser Action [MaximizeWindow] successfully performed. With the following test data [New screen size is now: (1920, 1080)]. @11-02-2022 20:31:34.0689 PM
[ReportManager] Target URL: [https://yari-demos.prod.mdn.mozit.cloud/en-US/docs/Web/HTML/Element/select/_sample_.Basic_select.html] @11-02-2022 20:31:34.0689 PM
[ReportManager] Initial URL: [data:,] @11-02-2022 20:31:34.0722 PM
[ReportManager] Browser Action [NavigateToURL] successfully performed. With the following test data [https://yari-demos.prod.mdn.mozit.cloud/en-US/docs/Web/HTML/Element/select/_sample_.Basic_select.html]. @11-02-2022 20:31:34.0946 PM
[ReportManager] Element Action [Select] successfully performed. With the following test data [Third Value]. @11-02-2022 20:31:35.0226 PM
[ReportManager] Element Action [GetSelectedText] successfully performed. With the following test data [Third Value]. @11-02-2022 20:31:35.0315 PM
[ReportManager] Third Value @11-02-2022 20:31:35.0316 PM
[ReportManager] Element Action [GetSelectedText] successfully performed. With the following test data [Third Value]. @11-02-2022 20:31:35.0406 PM
[ReportManager] Assertion [ValidateElementAttribute] PASSED. Expected [Value Should be 'Third Value' for the 'selectedText' attribute, element locator 'By.tagName: select'] and Actual [Third Value]. Comparison Type [EQUALS]. Validation Type [POSITIVE]. @11-02-2022 20:31:35.0861 PM
[ReportManager] Successfully created attachment [Screenshot - 1644611495753_simpleSelect_ValidateElementAttribute_passed] @11-02-2022 20:31:35.0862 PM
[ReportManager] Browser Action [CloseCurrentWindow] successfully performed. @11-02-2022 20:31:36.0076 PM
[ReportManager] Successfully created attachment [Browser Action Test Data - CloseCurrentWindow - Actual Value] @11-02-2022 20:31:36.0077 P
[ReportManager] File Action [GetAbsolutePath] successfully performed. With the following test data [Relative Folder Path: "target/downloadedFiles/"]. @11-02-2022 20:31:36.0079 PM
[ReportManager] Attempting to run locally on: [Mac-64], [Safari], Headless Execution. @11-02-2022 20:31:36.0079 PM
[ReportManager] Successfully Opened Safari. @11-02-2022 20:31:36.0942 PM
[ReportManager] Initial window size: (800, 600) @11-02-2022 20:31:36.0965 PM
[ReportManager] Window size after SWD Maximize: (1176, 803) @11-02-2022 20:31:37.0007 PM
[ReportManager] Browser Action [MaximizeWindow] successfully performed. With the following test data [New screen size is now: (1176, 803)]. @11-02-2022 20:31:37.0008 P

################################################################################################################################################
Starting Execution:	[161 out of 165] test cases in the current suite
Test Method:		[testPackage01.Test_dynamicLoading.dynamicLoading_elementIsHidden]
################################################################################################################################################
[ReportManager] Target URL: [https://the-internet.herokuapp.com/dynamic_loading/1] @11-02-2022 20:31:37.0016 PM
[ReportManager] Initial URL: [] @11-02-2022 20:31:37.0083 PM
[ReportManager] Browser Action [NavigateToURL] successfully performed. With the following test data [https://the-internet.herokuapp.com/dynamic_loading/1]. @11-02-2022 20:31:38.0349 PM
[ReportManager] Element Action [Click] successfully performed. With the following test data [By.xpath: //button[text()='Start']]. @11-02-2022 20:31:38.0629 PM
[ReportManager] Element Action [GetText] successfully performed. With the following test data [
    Hello World!
  ]. @11-02-2022 20:31:38.0676 P
[ReportManager] Browser Action [CloseCurrentWindow] successfully performed. @11-02-2022 20:31:39.0164 PM
[ReportManager] Successfully created attachment [Browser Action Test Data - CloseCurrentWindow - Actual Value] @11-02-2022 20:31:39.0165 P
[ReportManager] File Action [GetAbsolutePath] successfully performed. With the following test data [Relative Folder Path: "target/downloadedFiles/"]. @11-02-2022 20:31:39.0167 PM
[ReportManager] Attempting to run locally on: [Mac-64], [Safari], Headless Execution. @11-02-2022 20:31:39.0167 PM
[ReportManager] Successfully Opened Safari. @11-02-2022 20:31:40.0007 PM
[ReportManager] Initial window size: (800, 600) @11-02-2022 20:31:40.0035 PM
[ReportManager] Window size after SWD Maximize: (1176, 803) @11-02-2022 20:31:40.0053 PM
[ReportManager] Browser Action [MaximizeWindow] successfully performed. With the following test data [New screen size is now: (1176, 803)]. @11-02-2022 20:31:40.0053 P

################################################################################################################################################
Starting Execution:	[162 out of 165] test cases in the current suite
Test Method:		[testPackage01.Test_dynamicLoading.dynamicLoading_elementIsRendered]
################################################################################################################################################
[ReportManager] Target URL: [https://the-internet.herokuapp.com/dynamic_loading/2] @11-02-2022 20:31:40.0059 PM
[ReportManager] Initial URL: [] @11-02-2022 20:31:40.0116 PM
[ReportManager] Browser Action [NavigateToURL] successfully performed. With the following test data [https://the-internet.herokuapp.com/dynamic_loading/2]. @11-02-2022 20:31:41.0579 PM
[ReportManager] Element Action [Click] successfully performed. With the following test data [By.xpath: //button[text()='Start']]. @11-02-2022 20:31:41.0808 PM
[ReportManager] Element Action [GetText] successfully performed. With the following test data [Hello World!]. @11-02-2022 20:31:47.0374 PM
[ReportManager] Assertion [ValidateElementAttribute] PASSED. Expected [Value Should be 'Hello World!' for the 'text' attribute, element locator 'By.id: finish'] and Actual [Hello World!]. Comparison Type [CONTAINS]. Validation Type [POSITIVE]. @11-02-2022 20:31:47.0573 PM
[ReportManager] Successfully created attachment [Screenshot - 1644611507510_dynamicLoading_elementIsRendered_ValidateElementAttribute_passed] @11-02-2022 20:31:47.0574 P
[ReportManager] Browser Action [CloseCurrentWindow] successfully performed. @11-02-2022 20:31:47.0862 PM
[ReportManager] Successfully created attachment [Browser Action Test Data - CloseCurrentWindow - Actual Value] @11-02-2022 20:31:47.0863 P

################################################################################################################################################
Starting Execution:	[163 out of 165] test cases in the current suite
Test Method:		[dsl.testDsl.testButton]
################################################################################################################################################
[ReportManager] File Action [GetAbsolutePath] successfully performed. With the following test data [Relative Folder Path: "target/downloadedFiles/"]. @11-02-2022 20:31:47.0868 PM
[ReportManager] Attempting to run locally on: [Mac-64], [Safari], Headless Execution. @11-02-2022 20:31:47.0868 PM
[ReportManager] Successfully Opened Safari. @11-02-2022 20:31:48.0816 PM
[ReportManager] Initial window size: (800, 600) @11-02-2022 20:31:48.0830 PM
[ReportManager] Window size after SWD Maximize: (1176, 803) @11-02-2022 20:31:48.0864 PM
[ReportManager] Browser Action [MaximizeWindow] successfully performed. With the following test data [New screen size is now: (1176, 803)]. @11-02-2022 20:31:48.0873 PM
[ReportManager] Target URL: [http://the-internet.herokuapp.com/] @11-02-2022 20:31:48.0873 PM
[ReportManager] Initial URL: [] @11-02-2022 20:31:48.0918 PM
[ReportManager] Browser Action [NavigateToURL] successfully performed. With the following test data [http://the-internet.herokuapp.com/]. @11-02-2022 20:31:49.0987 PM
[ReportManager] Element Action [Click] successfully performed. With the following test data [By.linkText: Add/Remove Elements]. @11-02-2022 20:31:50.0205 PM
[ReportManager] Element Action [GetText] successfully performed. With the following test data [Add Element]. @11-02-2022 20:31:51.0296 PM
[ReportManager] Assertion Passed: Then I Assert that [Add Element] is equal to [Add Element]. @11-02-2022 20:31:51.0296 PM
[ReportManager] Assertion [ValidateEquals] PASSED. Expected [Add Element] and Actual [Add Element]. Comparison Type [EQUALS]. Validation Type [POSITIVE]. @11-02-2022 20:31:51.0296 PM
[ReportManager] Element Action [Click] successfully performed. With the following test data [By.xpath: //button[text()='Add Element']]. @11-02-2022 20:31:51.0493 PM
[ReportManager] Attempting to getAttribute [disabled] from elementLocator [By.xpath: //button[text()='Add Element']]. @11-02-2022 20:31:51.0494 PM
[ReportManager] Element Action [GetAttribute] successfully performed. @11-02-2022 20:31:51.0555 PM
[ReportManager] Element Action [GetText] successfully performed. With the following test data [Delete]. @11-02-2022 20:31:51.0606 PM
[ReportManager] Assertion Passed: Then I Assert that [Delete] is equal to [Delete]. @11-02-2022 20:31:51.0607 PM
[ReportManager] Assertion [ValidateEquals] PASSED. Expected [Delete] and Actual [Delete]. Comparison Type [EQUALS]. Validation Type [POSITIVE]. @11-02-2022 20:31:51.0607 P

################################################################################################################################################
Starting Execution:	[164 out of 165] test cases in the current suite
Test Method:		[dsl.testDsl.testCheckBox]
################################################################################################################################################
[ReportManager] File Action [GetAbsolutePath] successfully performed. With the following test data [Relative Folder Path: "target/downloadedFiles/"]. @11-02-2022 20:31:51.0956 PM
[ReportManager] Attempting to run locally on: [Mac-64], [Safari], Headless Execution. @11-02-2022 20:31:51.0957 PM
[ReportManager] Successfully Opened Safari. @11-02-2022 20:31:52.0874 PM
[ReportManager] Initial window size: (800, 600) @11-02-2022 20:31:52.0900 PM
[ReportManager] Window size after SWD Maximize: (1176, 803) @11-02-2022 20:31:52.0917 PM
[ReportManager] Browser Action [MaximizeWindow] successfully performed. With the following test data [New screen size is now: (1176, 803)]. @11-02-2022 20:31:52.0918 PM
[ReportManager] Target URL: [http://the-internet.herokuapp.com/] @11-02-2022 20:31:52.0918 PM
[ReportManager] Initial URL: [] @11-02-2022 20:31:52.0992 PM
[ReportManager] Browser Action [NavigateToURL] successfully performed. With the following test data [http://the-internet.herokuapp.com/]. @11-02-2022 20:31:54.0645 PM
[ReportManager] Element Action [Click] successfully performed. With the following test data [By.linkText: Checkboxes]. @11-02-2022 20:31:55.0074 PM
[ReportManager] Element Action [Click] successfully performed. With the following test data [By.xpath: (//INPUT[@type='checkbox'])[1]]. @11-02-2022 20:31:55.0373 PM
[ReportManager] Element Action [Click] successfully performed. With the following test data [By.xpath: (//INPUT[@type='checkbox'])[2]]. @11-02-2022 20:31:55.0581 P

################################################################################################################################################
Starting Execution:	[165 out of 165] test cases in the current suite
Test Method:		[dsl.testDsl.testLabel]
################################################################################################################################################
[ReportManager] File Action [GetAbsolutePath] successfully performed. With the following test data [Relative Folder Path: "target/downloadedFiles/"]. @11-02-2022 20:31:55.0875 PM
[ReportManager] Attempting to run locally on: [Mac-64], [Safari], Headless Execution. @11-02-2022 20:31:55.0876 PM
[ReportManager] Successfully Opened Safari. @11-02-2022 20:31:56.0779 PM
[ReportManager] Initial window size: (800, 600) @11-02-2022 20:31:56.0798 PM
[ReportManager] Window size after SWD Maximize: (1176, 803) @11-02-2022 20:31:56.0857 PM
[ReportManager] Browser Action [MaximizeWindow] successfully performed. With the following test data [New screen size is now: (1176, 803)]. @11-02-2022 20:31:56.0858 PM
[ReportManager] Element Action [GetText] successfully performed. With the following test data [Welcome to the-internet]. @11-02-2022 20:31:57.0794 PM
[ReportManager] Assertion Passed: Then I Assert that [Welcome to the-internet] is equal to [Welcome to the-internet]. @11-02-2022 20:31:57.0794 PM
[ReportManager] Assertion [ValidateEquals] PASSED. Expected [Welcome to the-internet] and Actual [Welcome to the-internet]. Comparison Type [EQUALS]. Validation Type [POSITIVE]. @11-02-2022 20:31:57.0794 P
[ReportManager] Successfully created attachment [SHAFT Engine Logs - Execution log] @11-02-2022 20:31:58.0266 PM

################################################################################################################################################
This test run was powered by SHAFT Engine Version: [SHAFT Engine v6.1.20220113]
SHAFT Engine is licensed under the MIT License: [https://github.com/MohabMohie/SHAFT_ENGINE/blob/master/LICENSE].
################################################################################################################################################