################################################################################################################################################
Detected SHAFT Engine Version: [SHAFT Engine v5.4.20211202-BETA]
################################################################################################################################################
[ReportManager] File Action [GetAbsolutePath] successfully performed. With the following test data [Relative Folder Path: "target/downloadedFiles/"]. @15-12-2021 01:53:17.0625 AM
[ReportManager] Attempting to run locally on: [Mac-64], [Safari], Headless Execution. @15-12-2021 01:53:17.0641 AM
[ReportManager] Successfully Opened Safari. @15-12-2021 01:53:23.0524 AM
[ReportManager] Initial window size: (800, 600) @15-12-2021 01:53:23.0573 AM
[ReportManager] Window size after SWD Maximize: (1176, 802) @15-12-2021 01:53:23.0642 AM
[ReportManager] Browser Action [MaximizeWindow] successfully performed. With the following test data [New screen size is now: (1176, 802)]. @15-12-2021 01:53:23.0653 A

################################################################################################################################################
Starting Execution:	[1 out of 146] test cases in the current suite
Test Method:		[unitTests.tests_element_elementActions.waitForElementToBePresent_false_expectedToFail]
################################################################################################################################################
[ReportManager] Target URL: [https://www.google.com/ncr], and after redirection: [www.google.com] @15-12-2021 01:53:23.0844 AM
[ReportManager] Initial URL: [] @15-12-2021 01:53:23.0928 AM
[ReportManager] Browser Action [NavigateToURL] successfully performed. With the following test data [https://www.google.com/ncr]. @15-12-2021 01:53:27.0503 AM
[ReportManager] Waiting for element to be present; elementLocator [By.xpath: //*[@id='hplogo' or @alt='Google']], numberOfTries[1], stateOfPresence[false]... @15-12-2021 01:53:27.0515 AM
[ReportManager] Element Action [WaitForElementToBePresent] failed. With the following test data [waited for the element's state of presence to be (false). Element locator (By.xpath: //*[@id='hplogo' or @alt='Google'])]. @15-12-2021 01:53:30.0278 AM
[ReportManager] Successfully created attachment [Screenshot - 1639533207692_waitForElementToBePresent_false_expectedToFail_WaitForElementToBePresent_failed] @15-12-2021 01:53:30.0299 A
[ReportManager] Browser Action [CloseCurrentWindow] successfully performed. @15-12-2021 01:53:30.0549 AM
[ReportManager] Successfully created attachment [Browser Action Test Data - CloseCurrentWindow - Actual Value] @15-12-2021 01:53:30.0559 A
[ReportManager] File Action [GetAbsolutePath] successfully performed. With the following test data [Relative Folder Path: "target/downloadedFiles/"]. @15-12-2021 01:53:30.0643 AM
[ReportManager] Attempting to run locally on: [Mac-64], [Safari], Headless Execution. @15-12-2021 01:53:30.0643 AM
[ReportManager] Successfully Opened Safari. @15-12-2021 01:53:31.0662 AM
[ReportManager] Initial window size: (800, 600) @15-12-2021 01:53:31.0712 AM
[ReportManager] Window size after SWD Maximize: (1176, 803) @15-12-2021 01:53:31.0758 AM
[ReportManager] Browser Action [MaximizeWindow] successfully performed. With the following test data [New screen size is now: (1176, 803)]. @15-12-2021 01:53:31.0759 A

################################################################################################################################################
Starting Execution:	[2 out of 146] test cases in the current suite
Test Method:		[unitTests.tests_element_elementActions.waitForElementToBePresent_false_expectedToPass]
################################################################################################################################################
[ReportManager] Target URL: [https://www.google.com/ncr], and after redirection: [www.google.com] @15-12-2021 01:53:31.0795 AM
[ReportManager] Initial URL: [] @15-12-2021 01:53:31.0849 AM
[ReportManager] Browser Action [NavigateToURL] successfully performed. With the following test data [https://www.google.com/ncr]. @15-12-2021 01:53:34.0058 AM
[ReportManager] Waiting for element to be present; elementLocator [By.id: bla], numberOfTries[1], stateOfPresence[false]... @15-12-2021 01:53:34.0059 AM
[ReportManager] org.openqa.selenium.TimeoutException:
Expected condition failed: waiting for com.shaft.gui.element.ElementActionsHelper$$Lambda$625/0x0000000801136ce8@2370c90 (tried for 5 second(s) with 1000 milliseconds interval)
org.openqa.selenium.support.ui.FluentWait.timeoutException(FluentWait.java:263)
org.openqa.selenium.support.ui.FluentWait.until(FluentWait.java:231)
com.shaft.gui.element.ElementActionsHelper.waitForElementPresence(ElementActionsHelper.java:63)
com.shaft.gui.element.ElementActionsHelper.waitForElementPresence(ElementActionsHelper.java:37)
com.shaft.gui.element.WebDriverElementActions.getMatchingElementsCount(WebDriverElementActions.java:1468)
com.shaft.gui.element.WebDriverElementActions.waitForElementToBePresent(WebDriverElementActions.java:1293)
com.shaft.gui.element.ElementActions.waitForElementToBePresent(ElementActions.java:622)
unitTests.tests_element_elementActions.waitForElementToBePresent_false_expectedToPass(tests_element_elementActions.java:48)
java.base/jdk.internal.reflect.NativeMethodAccessorImpl.invoke0(Native Method)
java.base/jdk.internal.reflect.NativeMethodAccessorImpl.invoke(NativeMethodAccessorImpl.java:77)
java.base/jdk.internal.reflect.DelegatingMethodAccessorImpl.invoke(DelegatingMethodAccessorImpl.java:43)
java.base/java.lang.reflect.Method.invoke(Method.java:568)
org.testng.internal.MethodInvocationHelper.invokeMethod(MethodInvocationHelper.java:133)
org.testng.internal.TestInvoker.invokeMethod(TestInvoker.java:598)
org.testng.internal.TestInvoker.invokeTestMethod(TestInvoker.java:173)
org.testng.internal.MethodRunner.runInSequence(MethodRunner.java:46)
org.testng.internal.TestInvoker$MethodInvocationAgent.invoke(TestInvoker.java:824)
org.testng.internal.TestInvoker.invokeTestMethods(TestInvoker.java:146)
org.testng.internal.TestMethodWorker.invokeTestMethods(TestMethodWorker.java:146)
org.testng.internal.TestMethodWorker.run(TestMethodWorker.java:128)
java.base/java.util.ArrayList.forEach(ArrayList.java:1511)
org.testng.TestRunner.privateRun(TestRunner.java:794)
org.testng.TestRunner.run(TestRunner.java:596)
org.testng.SuiteRunner.runTest(SuiteRunner.java:377)
org.testng.SuiteRunner.runSequentially(SuiteRunner.java:371)
org.testng.SuiteRunner.privateRun(SuiteRunner.java:332)
org.testng.SuiteRunner.run(SuiteRunner.java:276)
org.testng.SuiteRunnerWorker.runSuite(SuiteRunnerWorker.java:53)
org.testng.SuiteRunnerWorker.run(SuiteRunnerWorker.java:96)
org.testng.TestNG.runSuitesSequentially(TestNG.java:1212)
org.testng.TestNG.runSuitesLocally(TestNG.java:1134)
org.testng.TestNG.runSuites(TestNG.java:1063)
org.testng.TestNG.run(TestNG.java:1031)
org.apache.maven.surefire.testng.TestNGExecutor.run(TestNGExecutor.java:136)
org.apache.maven.surefire.testng.TestNGDirectoryTestSuite.executeMulti(TestNGDirectoryTestSuite.java:193)
org.apache.maven.surefire.testng.TestNGDirectoryTestSuite.execute(TestNGDirectoryTestSuite.java:94)
org.apache.maven.surefire.testng.TestNGProvider.invoke(TestNGProvider.java:145)
org.apache.maven.surefire.booter.ForkedBooter.runSuitesInProcess(ForkedBooter.java:428)
org.apache.maven.surefire.booter.ForkedBooter.execute(ForkedBooter.java:162)
org.apache.maven.surefire.booter.ForkedBooter.run(ForkedBooter.java:562)
org.apache.maven.surefire.booter.ForkedBooter.main(ForkedBooter.java:548)

Caused by: org.openqa.selenium.NoSuchElementException:
For documentation on this error, please visit: https://selenium.dev/exceptions/#no_such_element
Build info: version: '4.1.0', revision: '87802e897b'
System info: host: 'Mac-1639533060327.local', ip: '10.212.11.68', os.name: 'Mac OS X', os.arch: 'x86_64', os.version: '11.5', java.version: '17.0.1'
Driver info: org.openqa.selenium.safari.SafariDriver
Command: [F7CFD304-B168-4201-9E9B-1EA345552BAB, findElement {using=id, value=bla}]
Capabilities {acceptInsecureCerts: false, browserName: Safari, browserVersion: 15.1, goog:loggingPrefs: {browser: ALL, client: ALL, driver: ALL, performance: ALL, profiler: ALL, server: ALL}, javascriptEnabled: true, pageLoadStrategy: normal, platform: MAC, platformName: MAC, safari:automaticInspection: false, safari:automaticProfiling: false, safari:diagnose: false, safari:platformBuildVersion: 20G224, safari:platformVersion: 11.6.1, safari:useSimulator: false, setWindowRect: true, strictFileInteractability: false, timeouts: {pageLoad: 30000, script: 30000}, webkit:WebRTC: {DisableICECandidateFiltering: false, DisableInsecureMediaCapture: false}}
Session ID: F7CFD304-B168-4201-9E9B-1EA345552BAB
java.base/jdk.internal.reflect.NativeConstructorAccessorImpl.newInstance0(Native Method)
java.base/jdk.internal.reflect.NativeConstructorAccessorImpl.newInstance(NativeConstructorAccessorImpl.java:77)
java.base/jdk.internal.reflect.DelegatingConstructorAccessorImpl.newInstance(DelegatingConstructorAccessorImpl.java:45)
java.base/java.lang.reflect.Constructor.newInstanceWithCaller(Constructor.java:499)
java.base/java.lang.reflect.Constructor.newInstance(Constructor.java:480)
org.openqa.selenium.remote.codec.w3c.W3CHttpResponseCodec.createException(W3CHttpResponseCodec.java:200)
org.openqa.selenium.remote.codec.w3c.W3CHttpResponseCodec.decode(W3CHttpResponseCodec.java:133)
org.openqa.selenium.remote.codec.w3c.W3CHttpResponseCodec.decode(W3CHttpResponseCodec.java:53)
org.openqa.selenium.remote.HttpCommandExecutor.execute(HttpCommandExecutor.java:184)
org.openqa.selenium.remote.service.DriverCommandExecutor.invokeExecute(DriverCommandExecutor.java:164)
org.openqa.selenium.remote.service.DriverCommandExecutor.execute(DriverCommandExecutor.java:139)
org.openqa.selenium.remote.RemoteWebDriver.execute(RemoteWebDriver.java:559)
org.openqa.selenium.remote.ElementLocation$ElementFinder$2.findElement(ElementLocation.java:162)
org.openqa.selenium.remote.ElementLocation.findElement(ElementLocation.java:60)
org.openqa.selenium.remote.RemoteWebDriver.findElement(RemoteWebDriver.java:383)
org.openqa.selenium.remote.RemoteWebDriver.findElement(RemoteWebDriver.java:375)
com.shaft.gui.element.ElementActionsHelper.lambda$waitForElementPresence$0(ElementActionsHelper.java:66)
org.openqa.selenium.support.ui.FluentWait.until(FluentWait.java:208)
com.shaft.gui.element.ElementActionsHelper.waitForElementPresence(ElementActionsHelper.java:63)
com.shaft.gui.element.ElementActionsHelper.waitForElementPresence(ElementActionsHelper.java:37)
com.shaft.gui.element.WebDriverElementActions.getMatchingElementsCount(WebDriverElementActions.java:1468)
com.shaft.gui.element.WebDriverElementActions.waitForElementToBePresent(WebDriverElementActions.java:1293)
com.shaft.gui.element.ElementActions.waitForElementToBePresent(ElementActions.java:622)
unitTests.tests_element_elementActions.waitForElementToBePresent_false_expectedToPass(tests_element_elementActions.java:48)
java.base/jdk.internal.reflect.NativeMethodAccessorImpl.invoke0(Native Method)
java.base/jdk.internal.reflect.NativeMethodAccessorImpl.invoke(NativeMethodAccessorImpl.java:77)
java.base/jdk.internal.reflect.DelegatingMethodAccessorImpl.invoke(DelegatingMethodAccessorImpl.java:43)
java.base/java.lang.reflect.Method.invoke(Method.java:568)
org.testng.internal.MethodInvocationHelper.invokeMethod(MethodInvocationHelper.java:133)
org.testng.internal.TestInvoker.invokeMethod(TestInvoker.java:598)
org.testng.internal.TestInvoker.invokeTestMethod(TestInvoker.java:173)
org.testng.internal.MethodRunner.runInSequence(MethodRunner.java:46)
org.testng.internal.TestInvoker$MethodInvocationAgent.invoke(TestInvoker.java:824)
org.testng.internal.TestInvoker.invokeTestMethods(TestInvoker.java:146)
org.testng.internal.TestMethodWorker.invokeTestMethods(TestMethodWorker.java:146)
org.testng.internal.TestMethodWorker.run(TestMethodWorker.java:128)
java.base/java.util.ArrayList.forEach(ArrayList.java:1511)
org.testng.TestRunner.privateRun(TestRunner.java:794)
org.testng.TestRunner.run(TestRunner.java:596)
org.testng.SuiteRunner.runTest(SuiteRunner.java:377)
org.testng.SuiteRunner.runSequentially(SuiteRunner.java:371)
org.testng.SuiteRunner.privateRun(SuiteRunner.java:332)
org.testng.SuiteRunner.run(SuiteRunner.java:276)
org.testng.SuiteRunnerWorker.runSuite(SuiteRunnerWorker.java:53)
org.testng.SuiteRunnerWorker.run(SuiteRunnerWorker.java:96)
org.testng.TestNG.runSuitesSequentially(TestNG.java:1212)
org.testng.TestNG.runSuitesLocally(TestNG.java:1134)
org.testng.TestNG.runSuites(TestNG.java:1063)
org.testng.TestNG.run(TestNG.java:1031)
org.apache.maven.surefire.testng.TestNGExecutor.run(TestNGExecutor.java:136)
org.apache.maven.surefire.testng.TestNGDirectoryTestSuite.executeMulti(TestNGDirectoryTestSuite.java:193)
org.apache.maven.surefire.testng.TestNGDirectoryTestSuite.execute(TestNGDirectoryTestSuite.java:94)
org.apache.maven.surefire.testng.TestNGProvider.invoke(TestNGProvider.java:145)
org.apache.maven.surefire.booter.ForkedBooter.runSuitesInProcess(ForkedBooter.java:428)
org.apache.maven.surefire.booter.ForkedBooter.execute(ForkedBooter.java:162)
org.apache.maven.surefire.booter.ForkedBooter.run(ForkedBooter.java:562)
org.apache.maven.surefire.booter.ForkedBooter.main(ForkedBooter.java:548) @15-12-2021 01:53:39.0503 AM
[ReportManager] Element Action [WaitForElementToBePresent] successfully performed. With the following test data [waited for the element's state of presence to be (false). Element locator (By.id: bla)]. @15-12-2021 01:53:39.0505 A
[ReportManager] Browser Action [CloseCurrentWindow] successfully performed. @15-12-2021 01:53:39.0893 AM
[ReportManager] Successfully created attachment [Browser Action Test Data - CloseCurrentWindow - Actual Value] @15-12-2021 01:53:39.0896 A
[ReportManager] File Action [GetAbsolutePath] successfully performed. With the following test data [Relative Folder Path: "target/downloadedFiles/"]. @15-12-2021 01:53:39.0913 AM
[ReportManager] Attempting to run locally on: [Mac-64], [Safari], Headless Execution. @15-12-2021 01:53:39.0914 AM
[ReportManager] Successfully Opened Safari. @15-12-2021 01:53:40.0843 AM
[ReportManager] Initial window size: (800, 600) @15-12-2021 01:53:40.0868 AM
[ReportManager] Window size after SWD Maximize: (1176, 803) @15-12-2021 01:53:40.0924 AM
[ReportManager] Browser Action [MaximizeWindow] successfully performed. With the following test data [New screen size is now: (1176, 803)]. @15-12-2021 01:53:40.0924 A

################################################################################################################################################
Starting Execution:	[3 out of 146] test cases in the current suite
Test Method:		[unitTests.tests_element_elementActions.waitForElementToBePresent_moreThanOneElement_expectedToFail]
################################################################################################################################################
[ReportManager] Target URL: [https://www.google.com/ncr], and after redirection: [www.google.com] @15-12-2021 01:53:41.0074 AM
[ReportManager] Initial URL: [] @15-12-2021 01:53:41.0115 AM
[ReportManager] Browser Action [NavigateToURL] successfully performed. With the following test data [https://www.google.com/ncr]. @15-12-2021 01:53:43.0227 AM
[ReportManager] Waiting for element to be present; elementLocator [By.xpath: //*], numberOfTries[1], stateOfPresence[false]... @15-12-2021 01:53:43.0228 AM
[ReportManager] Element Action [WaitForElementToBePresent] failed. With the following test data [waited for the element's state of presence to be (false). Element locator (By.xpath: //*)]. @15-12-2021 01:53:43.0427 AM
[ReportManager] Successfully created attachment [Screenshot - 1639533223314_waitForElementToBePresent_moreThanOneElement_expectedToFail_WaitForElementToBePresent_failed] @15-12-2021 01:53:43.0432 A
[ReportManager] Browser Action [CloseCurrentWindow] successfully performed. @15-12-2021 01:53:43.0847 AM
[ReportManager] Successfully created attachment [Browser Action Test Data - CloseCurrentWindow - Actual Value] @15-12-2021 01:53:43.0850 A
[ReportManager] File Action [GetAbsolutePath] successfully performed. With the following test data [Relative Folder Path: "target/downloadedFiles/"]. @15-12-2021 01:53:43.0865 AM
[ReportManager] Attempting to run locally on: [Mac-64], [Safari], Headless Execution. @15-12-2021 01:53:43.0866 AM
[ReportManager] Successfully Opened Safari. @15-12-2021 01:53:44.0761 AM
[ReportManager] Initial window size: (800, 600) @15-12-2021 01:53:44.0777 AM
[ReportManager] Window size after SWD Maximize: (1176, 803) @15-12-2021 01:53:44.0818 AM
[ReportManager] Browser Action [MaximizeWindow] successfully performed. With the following test data [New screen size is now: (1176, 803)]. @15-12-2021 01:53:44.0818 A

################################################################################################################################################
Starting Execution:	[4 out of 146] test cases in the current suite
Test Method:		[unitTests.tests_element_elementActions.waitForElementToBePresent_true_expectedToFail]
################################################################################################################################################
[ReportManager] Target URL: [https://www.google.com/ncr], and after redirection: [www.google.com] @15-12-2021 01:53:44.0823 AM
[ReportManager] Initial URL: [] @15-12-2021 01:53:44.0898 AM
[ReportManager] Browser Action [NavigateToURL] successfully performed. With the following test data [https://www.google.com/ncr]. @15-12-2021 01:53:47.0404 AM
[ReportManager] Waiting for element to be present; elementLocator [By.id: bla], numberOfTries[1], stateOfPresence[true]... @15-12-2021 01:53:47.0405 AM
[ReportManager] org.openqa.selenium.TimeoutException:
Expected condition failed: waiting for com.shaft.gui.element.ElementActionsHelper$$Lambda$625/0x0000000801136ce8@3df7e309 (tried for 5 second(s) with 1000 milliseconds interval)
org.openqa.selenium.support.ui.FluentWait.timeoutException(FluentWait.java:263)
org.openqa.selenium.support.ui.FluentWait.until(FluentWait.java:231)
com.shaft.gui.element.ElementActionsHelper.waitForElementPresence(ElementActionsHelper.java:63)
com.shaft.gui.element.ElementActionsHelper.waitForElementPresence(ElementActionsHelper.java:37)
com.shaft.gui.element.WebDriverElementActions.getMatchingElementsCount(WebDriverElementActions.java:1468)
com.shaft.gui.element.WebDriverElementActions.waitForElementToBePresent(WebDriverElementActions.java:1293)
com.shaft.gui.element.ElementActions.waitForElementToBePresent(ElementActions.java:622)
unitTests.tests_element_elementActions.waitForElementToBePresent_true_expectedToFail(tests_element_elementActions.java:39)
java.base/jdk.internal.reflect.NativeMethodAccessorImpl.invoke0(Native Method)
java.base/jdk.internal.reflect.NativeMethodAccessorImpl.invoke(NativeMethodAccessorImpl.java:77)
java.base/jdk.internal.reflect.DelegatingMethodAccessorImpl.invoke(DelegatingMethodAccessorImpl.java:43)
java.base/java.lang.reflect.Method.invoke(Method.java:568)
org.testng.internal.MethodInvocationHelper.invokeMethod(MethodInvocationHelper.java:133)
org.testng.internal.TestInvoker.invokeMethod(TestInvoker.java:598)
org.testng.internal.TestInvoker.invokeTestMethod(TestInvoker.java:173)
org.testng.internal.MethodRunner.runInSequence(MethodRunner.java:46)
org.testng.internal.TestInvoker$MethodInvocationAgent.invoke(TestInvoker.java:824)
org.testng.internal.TestInvoker.invokeTestMethods(TestInvoker.java:146)
org.testng.internal.TestMethodWorker.invokeTestMethods(TestMethodWorker.java:146)
org.testng.internal.TestMethodWorker.run(TestMethodWorker.java:128)
java.base/java.util.ArrayList.forEach(ArrayList.java:1511)
org.testng.TestRunner.privateRun(TestRunner.java:794)
org.testng.TestRunner.run(TestRunner.java:596)
org.testng.SuiteRunner.runTest(SuiteRunner.java:377)
org.testng.SuiteRunner.runSequentially(SuiteRunner.java:371)
org.testng.SuiteRunner.privateRun(SuiteRunner.java:332)
org.testng.SuiteRunner.run(SuiteRunner.java:276)
org.testng.SuiteRunnerWorker.runSuite(SuiteRunnerWorker.java:53)
org.testng.SuiteRunnerWorker.run(SuiteRunnerWorker.java:96)
org.testng.TestNG.runSuitesSequentially(TestNG.java:1212)
org.testng.TestNG.runSuitesLocally(TestNG.java:1134)
org.testng.TestNG.runSuites(TestNG.java:1063)
org.testng.TestNG.run(TestNG.java:1031)
org.apache.maven.surefire.testng.TestNGExecutor.run(TestNGExecutor.java:136)
org.apache.maven.surefire.testng.TestNGDirectoryTestSuite.executeMulti(TestNGDirectoryTestSuite.java:193)
org.apache.maven.surefire.testng.TestNGDirectoryTestSuite.execute(TestNGDirectoryTestSuite.java:94)
org.apache.maven.surefire.testng.TestNGProvider.invoke(TestNGProvider.java:145)
org.apache.maven.surefire.booter.ForkedBooter.runSuitesInProcess(ForkedBooter.java:428)
org.apache.maven.surefire.booter.ForkedBooter.execute(ForkedBooter.java:162)
org.apache.maven.surefire.booter.ForkedBooter.run(ForkedBooter.java:562)
org.apache.maven.surefire.booter.ForkedBooter.main(ForkedBooter.java:548)

Caused by: org.openqa.selenium.NoSuchElementException:
For documentation on this error, please visit: https://selenium.dev/exceptions/#no_such_element
Build info: version: '4.1.0', revision: '87802e897b'
System info: host: 'Mac-1639533060327.local', ip: '10.212.11.68', os.name: 'Mac OS X', os.arch: 'x86_64', os.version: '11.5', java.version: '17.0.1'
Driver info: org.openqa.selenium.safari.SafariDriver
Command: [199E456E-C988-4717-A416-2F636B7003C5, findElement {using=id, value=bla}]
Capabilities {acceptInsecureCerts: false, browserName: Safari, browserVersion: 15.1, goog:loggingPrefs: {browser: ALL, client: ALL, driver: ALL, performance: ALL, profiler: ALL, server: ALL}, javascriptEnabled: true, pageLoadStrategy: normal, platform: MAC, platformName: MAC, safari:automaticInspection: false, safari:automaticProfiling: false, safari:diagnose: false, safari:platformBuildVersion: 20G224, safari:platformVersion: 11.6.1, safari:useSimulator: false, setWindowRect: true, strictFileInteractability: false, timeouts: {pageLoad: 30000, script: 30000}, webkit:WebRTC: {DisableICECandidateFiltering: false, DisableInsecureMediaCapture: false}}
Session ID: 199E456E-C988-4717-A416-2F636B7003C5
java.base/jdk.internal.reflect.NativeConstructorAccessorImpl.newInstance0(Native Method)
java.base/jdk.internal.reflect.NativeConstructorAccessorImpl.newInstance(NativeConstructorAccessorImpl.java:77)
java.base/jdk.internal.reflect.DelegatingConstructorAccessorImpl.newInstance(DelegatingConstructorAccessorImpl.java:45)
java.base/java.lang.reflect.Constructor.newInstanceWithCaller(Constructor.java:499)
java.base/java.lang.reflect.Constructor.newInstance(Constructor.java:480)
org.openqa.selenium.remote.codec.w3c.W3CHttpResponseCodec.createException(W3CHttpResponseCodec.java:200)
org.openqa.selenium.remote.codec.w3c.W3CHttpResponseCodec.decode(W3CHttpResponseCodec.java:133)
org.openqa.selenium.remote.codec.w3c.W3CHttpResponseCodec.decode(W3CHttpResponseCodec.java:53)
org.openqa.selenium.remote.HttpCommandExecutor.execute(HttpCommandExecutor.java:184)
org.openqa.selenium.remote.service.DriverCommandExecutor.invokeExecute(DriverCommandExecutor.java:164)
org.openqa.selenium.remote.service.DriverCommandExecutor.execute(DriverCommandExecutor.java:139)
org.openqa.selenium.remote.RemoteWebDriver.execute(RemoteWebDriver.java:559)
org.openqa.selenium.remote.ElementLocation$ElementFinder$2.findElement(ElementLocation.java:162)
org.openqa.selenium.remote.ElementLocation.findElement(ElementLocation.java:60)
org.openqa.selenium.remote.RemoteWebDriver.findElement(RemoteWebDriver.java:383)
org.openqa.selenium.remote.RemoteWebDriver.findElement(RemoteWebDriver.java:375)
com.shaft.gui.element.ElementActionsHelper.lambda$waitForElementPresence$0(ElementActionsHelper.java:66)
org.openqa.selenium.support.ui.FluentWait.until(FluentWait.java:208)
com.shaft.gui.element.ElementActionsHelper.waitForElementPresence(ElementActionsHelper.java:63)
com.shaft.gui.element.ElementActionsHelper.waitForElementPresence(ElementActionsHelper.java:37)
com.shaft.gui.element.WebDriverElementActions.getMatchingElementsCount(WebDriverElementActions.java:1468)
com.shaft.gui.element.WebDriverElementActions.waitForElementToBePresent(WebDriverElementActions.java:1293)
com.shaft.gui.element.ElementActions.waitForElementToBePresent(ElementActions.java:622)
unitTests.tests_element_elementActions.waitForElementToBePresent_true_expectedToFail(tests_element_elementActions.java:39)
java.base/jdk.internal.reflect.NativeMethodAccessorImpl.invoke0(Native Method)
java.base/jdk.internal.reflect.NativeMethodAccessorImpl.invoke(NativeMethodAccessorImpl.java:77)
java.base/jdk.internal.reflect.DelegatingMethodAccessorImpl.invoke(DelegatingMethodAccessorImpl.java:43)
java.base/java.lang.reflect.Method.invoke(Method.java:568)
org.testng.internal.MethodInvocationHelper.invokeMethod(MethodInvocationHelper.java:133)
org.testng.internal.TestInvoker.invokeMethod(TestInvoker.java:598)
org.testng.internal.TestInvoker.invokeTestMethod(TestInvoker.java:173)
org.testng.internal.MethodRunner.runInSequence(MethodRunner.java:46)
org.testng.internal.TestInvoker$MethodInvocationAgent.invoke(TestInvoker.java:824)
org.testng.internal.TestInvoker.invokeTestMethods(TestInvoker.java:146)
org.testng.internal.TestMethodWorker.invokeTestMethods(TestMethodWorker.java:146)
org.testng.internal.TestMethodWorker.run(TestMethodWorker.java:128)
java.base/java.util.ArrayList.forEach(ArrayList.java:1511)
org.testng.TestRunner.privateRun(TestRunner.java:794)
org.testng.TestRunner.run(TestRunner.java:596)
org.testng.SuiteRunner.runTest(SuiteRunner.java:377)
org.testng.SuiteRunner.runSequentially(SuiteRunner.java:371)
org.testng.SuiteRunner.privateRun(SuiteRunner.java:332)
org.testng.SuiteRunner.run(SuiteRunner.java:276)
org.testng.SuiteRunnerWorker.runSuite(SuiteRunnerWorker.java:53)
org.testng.SuiteRunnerWorker.run(SuiteRunnerWorker.java:96)
org.testng.TestNG.runSuitesSequentially(TestNG.java:1212)
org.testng.TestNG.runSuitesLocally(TestNG.java:1134)
org.testng.TestNG.runSuites(TestNG.java:1063)
org.testng.TestNG.run(TestNG.java:1031)
org.apache.maven.surefire.testng.TestNGExecutor.run(TestNGExecutor.java:136)
org.apache.maven.surefire.testng.TestNGDirectoryTestSuite.executeMulti(TestNGDirectoryTestSuite.java:193)
org.apache.maven.surefire.testng.TestNGDirectoryTestSuite.execute(TestNGDirectoryTestSuite.java:94)
org.apache.maven.surefire.testng.TestNGProvider.invoke(TestNGProvider.java:145)
org.apache.maven.surefire.booter.ForkedBooter.runSuitesInProcess(ForkedBooter.java:428)
org.apache.maven.surefire.booter.ForkedBooter.execute(ForkedBooter.java:162)
org.apache.maven.surefire.booter.ForkedBooter.run(ForkedBooter.java:562)
org.apache.maven.surefire.booter.ForkedBooter.main(ForkedBooter.java:548) @15-12-2021 01:53:52.0614 AM
[ReportManager] Element Action [WaitForElementToBePresent] failed. With the following test data [waited for the element's state of presence to be (true). Element locator (By.id: bla)]. @15-12-2021 01:53:52.0734 AM
[ReportManager] Successfully created attachment [Screenshot - 1639533232646_waitForElementToBePresent_true_expectedToFail_WaitForElementToBePresent_failed] @15-12-2021 01:53:52.0745 A
[ReportManager] Browser Action [CloseCurrentWindow] successfully performed. @15-12-2021 01:53:52.0873 AM
[ReportManager] Successfully created attachment [Browser Action Test Data - CloseCurrentWindow - Actual Value] @15-12-2021 01:53:52.0876 A
[ReportManager] File Action [GetAbsolutePath] successfully performed. With the following test data [Relative Folder Path: "target/downloadedFiles/"]. @15-12-2021 01:53:52.0895 AM
[ReportManager] Attempting to run locally on: [Mac-64], [Safari], Headless Execution. @15-12-2021 01:53:52.0895 AM
[ReportManager] Successfully Opened Safari. @15-12-2021 01:53:53.0845 AM
[ReportManager] Initial window size: (800, 600) @15-12-2021 01:53:53.0875 AM
[ReportManager] Window size after SWD Maximize: (1176, 803) @15-12-2021 01:53:53.0923 AM
[ReportManager] Browser Action [MaximizeWindow] successfully performed. With the following test data [New screen size is now: (1176, 803)]. @15-12-2021 01:53:53.0924 A

################################################################################################################################################
Starting Execution:	[5 out of 146] test cases in the current suite
Test Method:		[unitTests.tests_element_elementActions.waitForElementToBePresent_true_expectedToPass]
################################################################################################################################################
[ReportManager] Target URL: [https://www.google.com/ncr], and after redirection: [www.google.com] @15-12-2021 01:53:53.0956 AM
[ReportManager] Initial URL: [] @15-12-2021 01:53:54.0022 AM
[ReportManager] Browser Action [NavigateToURL] successfully performed. With the following test data [https://www.google.com/ncr]. @15-12-2021 01:53:56.0082 AM
[ReportManager] Waiting for element to be present; elementLocator [By.xpath: //*[@id='hplogo' or @alt='Google']], numberOfTries[1], stateOfPresence[true]... @15-12-2021 01:53:56.0083 AM
[ReportManager] Element Action [WaitForElementToBePresent] successfully performed. With the following test data [waited for the element's state of presence to be (true). Element locator (By.xpath: //*[@id='hplogo' or @alt='Google'])]. @15-12-2021 01:53:56.0123 AM
[ReportManager] File Action [DoesFileExist] successfully performed. With the following test data [File Path: "src/main/resources/dynamicObjectRepository/unitTests_tests_element_elementActions_waitForElementToBePresent_true_expectedToPass_By_xpath_id_hplogo_or_alt_Google.png"]. @15-12-2021 01:53:56.0142 AM
[ReportManager] File Action [DoesFileExist] successfully performed. With the following test data [File Path: "src/main/resources/dynamicObjectRepository/unitTests_tests_element_elementActions_waitForElementToBePresent_true_expectedToPass_By_xpath_id_hplogo_or_alt_Google.png"]. @15-12-2021 01:53:56.0243 AM
[ReportManager] Passing the test and saving a reference image @15-12-2021 01:53:56.0243 AM
[ReportManager] File Action [GetAbsolutePath] successfully performed. With the following test data [Relative File Path: "src/main/resources/dynamicObjectRepository/unitTests_tests_element_elementActions_waitForElementToBePresent_true_expectedToPass_By_xpath_id_hplogo_or_alt_Google.png"]. @15-12-2021 01:53:56.0243 AM
[ReportManager] File Action [WriteToFile] successfully performed. With the following test data [Target File Path: "/Users/runner/work/SHAFT_ENGINE/SHAFT_ENGINE/src/main/resources/dynamicObjectRepository/unitTests_tests_element_elementActions_waitForElementToBePresent_true_expectedToPass_By_xpath_id_hplogo_or_alt_Google.png"]. @15-12-2021 01:53:56.0246 AM
[ReportManager] Assertion Passed: Using Visual AI; OpenCV @15-12-2021 01:53:56.0248 AM
[ReportManager] Successfully created attachment [Validation Test Data - Actual Screenshot] @15-12-2021 01:53:56.0249 AM
[ReportManager] Assertion [ValidateElementMatches] PASSED. Expected [Element should match the reference screenshot] and Actual [TRUE]. Comparison Type [EXACT_OPENCV]. Validation Type [POSITIVE]. @15-12-2021 01:53:56.0250 A
[ReportManager] Browser Action [CloseCurrentWindow] successfully performed. @15-12-2021 01:53:56.0536 AM
[ReportManager] Successfully created attachment [Browser Action Test Data - CloseCurrentWindow - Actual Value] @15-12-2021 01:53:56.0541 A
[ReportManager] File Action [GetAbsolutePath] successfully performed. With the following test data [Relative Folder Path: "target/downloadedFiles/"]. @15-12-2021 01:53:56.0549 AM
[ReportManager] Attempting to run locally on: [Mac-64], [Safari], Headless Execution. @15-12-2021 01:53:56.0550 AM
[ReportManager] Successfully Opened Safari. @15-12-2021 01:53:57.0556 AM
[ReportManager] Initial window size: (800, 600) @15-12-2021 01:53:57.0593 AM
[ReportManager] Window size after SWD Maximize: (1176, 803) @15-12-2021 01:53:57.0619 AM
[ReportManager] Browser Action [MaximizeWindow] successfully performed. With the following test data [New screen size is now: (1176, 803)]. @15-12-2021 01:53:57.0619 AM
[ReportManager] Target URL: [https://duckduckgo.com] @15-12-2021 01:53:57.0620 AM
[ReportManager] Initial URL: [] @15-12-2021 01:53:57.0777 AM
[ReportManager] Browser Action [NavigateToURL] successfully performed. With the following test data [https://duckduckgo.com]. @15-12-2021 01:53:58.0945 A

################################################################################################################################################
Starting Execution:	[6 out of 146] test cases in the current suite
Test Method:		[unitTests.tests_browserActions.fullScreenWindow]
################################################################################################################################################
[ReportManager] Initial Windows Size: 1176x803 @15-12-2021 01:53:58.0955 AM
[ReportManager] Current Windows Size after fullScreen: 1176x885 @15-12-2021 01:53:59.0343 AM
[ReportManager] Browser Action [FullScreenWindow] successfully performed. @15-12-2021 01:53:59.0370 AM
[ReportManager] Successfully created attachment [Browser Action Test Data - FullScreenWindow - Actual Value] @15-12-2021 01:53:59.0371 A
[ReportManager] Target URL: [https://duckduckgo.com] @15-12-2021 01:53:59.0375 AM
[ReportManager] Initial URL: [https://duckduckgo.com] @15-12-2021 01:53:59.0531 AM
[ReportManager] Browser Action [NavigateToURL] successfully performed. With the following test data [https://duckduckgo.com]. @15-12-2021 01:54:00.0179 AM
[ReportManager] Browser Action [CloseCurrentWindow] successfully performed. @15-12-2021 01:54:00.0525 AM
[ReportManager] Successfully created attachment [Browser Action Test Data - CloseCurrentWindow - Actual Value] @15-12-2021 01:54:00.0526 A
[ReportManager] File Action [GetAbsolutePath] successfully performed. With the following test data [Relative Folder Path: "target/downloadedFiles/"]. @15-12-2021 01:54:00.0530 AM
[ReportManager] Attempting to run locally on: [Mac-64], [Safari], Headless Execution. @15-12-2021 01:54:00.0531 AM
[ReportManager] Successfully Opened Safari. @15-12-2021 01:54:01.0410 AM
[ReportManager] Initial window size: (800, 600) @15-12-2021 01:54:01.0436 AM
[ReportManager] Window size after SWD Maximize: (1176, 803) @15-12-2021 01:54:01.0487 AM
[ReportManager] Browser Action [MaximizeWindow] successfully performed. With the following test data [New screen size is now: (1176, 803)]. @15-12-2021 01:54:01.0487 AM
[ReportManager] Target URL: [https://duckduckgo.com] @15-12-2021 01:54:01.0488 AM
[ReportManager] Initial URL: [] @15-12-2021 01:54:01.0542 AM
[ReportManager] Browser Action [NavigateToURL] successfully performed. With the following test data [https://duckduckgo.com]. @15-12-2021 01:54:02.0356 A

################################################################################################################################################
Starting Execution:	[7 out of 146] test cases in the current suite
Test Method:		[unitTests.tests_browserActions.getCurrentURL]
################################################################################################################################################
[ReportManager] Browser Action [GetCurrentURL] successfully performed. With the following test data [https://duckduckgo.com/]. @15-12-2021 01:54:02.0404 A
[ReportManager] Target URL: [https://duckduckgo.com] @15-12-2021 01:54:02.0406 AM
[ReportManager] Initial URL: [https://duckduckgo.com] @15-12-2021 01:54:02.0447 AM
[ReportManager] Browser Action [NavigateToURL] successfully performed. With the following test data [https://duckduckgo.com]. @15-12-2021 01:54:02.0826 AM
[ReportManager] Browser Action [CloseCurrentWindow] successfully performed. @15-12-2021 01:54:02.0987 AM
[ReportManager] Successfully created attachment [Browser Action Test Data - CloseCurrentWindow - Actual Value] @15-12-2021 01:54:02.0988 A
[ReportManager] File Action [GetAbsolutePath] successfully performed. With the following test data [Relative Folder Path: "target/downloadedFiles/"]. @15-12-2021 01:54:02.0991 AM
[ReportManager] Attempting to run locally on: [Mac-64], [Safari], Headless Execution. @15-12-2021 01:54:02.0992 AM
[ReportManager] Successfully Opened Safari. @15-12-2021 01:54:03.0855 AM
[ReportManager] Initial window size: (800, 600) @15-12-2021 01:54:03.0874 AM
[ReportManager] Window size after SWD Maximize: (1176, 803) @15-12-2021 01:54:03.0898 AM
[ReportManager] Browser Action [MaximizeWindow] successfully performed. With the following test data [New screen size is now: (1176, 803)]. @15-12-2021 01:54:03.0899 AM
[ReportManager] Target URL: [https://duckduckgo.com] @15-12-2021 01:54:03.0900 AM
[ReportManager] Initial URL: [] @15-12-2021 01:54:03.0973 AM
[ReportManager] Browser Action [NavigateToURL] successfully performed. With the following test data [https://duckduckgo.com]. @15-12-2021 01:54:04.0887 A

################################################################################################################################################
Starting Execution:	[8 out of 146] test cases in the current suite
Test Method:		[unitTests.tests_browserActions.getCurrentWindowTitle]
################################################################################################################################################
[ReportManager] Browser Action [GetCurrentWindowTitle] successfully performed. With the following test data [DuckDuckGo â€” Privacy, simplified.]. @15-12-2021 01:54:04.0930 A
[ReportManager] Target URL: [https://duckduckgo.com] @15-12-2021 01:54:04.0932 AM
[ReportManager] Initial URL: [https://duckduckgo.com] @15-12-2021 01:54:04.0995 AM
[ReportManager] Browser Action [NavigateToURL] successfully performed. With the following test data [https://duckduckgo.com]. @15-12-2021 01:54:05.0425 AM
[ReportManager] Browser Action [CloseCurrentWindow] successfully performed. @15-12-2021 01:54:05.0734 AM
[ReportManager] Successfully created attachment [Browser Action Test Data - CloseCurrentWindow - Actual Value] @15-12-2021 01:54:05.0735 A
[ReportManager] File Action [GetAbsolutePath] successfully performed. With the following test data [Relative Folder Path: "target/downloadedFiles/"]. @15-12-2021 01:54:05.0743 AM
[ReportManager] Attempting to run locally on: [Mac-64], [Safari], Headless Execution. @15-12-2021 01:54:05.0743 AM
[ReportManager] Successfully Opened Safari. @15-12-2021 01:54:06.0622 AM
[ReportManager] Initial window size: (800, 600) @15-12-2021 01:54:06.0648 AM
[ReportManager] Window size after SWD Maximize: (1176, 803) @15-12-2021 01:54:06.0671 AM
[ReportManager] Browser Action [MaximizeWindow] successfully performed. With the following test data [New screen size is now: (1176, 803)]. @15-12-2021 01:54:06.0672 AM
[ReportManager] Target URL: [https://duckduckgo.com] @15-12-2021 01:54:06.0672 AM
[ReportManager] Initial URL: [] @15-12-2021 01:54:06.0748 AM
[ReportManager] Browser Action [NavigateToURL] successfully performed. With the following test data [https://duckduckgo.com]. @15-12-2021 01:54:07.0509 A

################################################################################################################################################
Starting Execution:	[9 out of 146] test cases in the current suite
Test Method:		[unitTests.tests_browserActions.getPageSource]
################################################################################################################################################
[ReportManager] Browser Action [GetPageSource] successfully performed. @15-12-2021 01:54:07.0589 AM
[ReportManager] Successfully created attachment [Browser Action Test Data - GetPageSource - Actual Value] @15-12-2021 01:54:07.0590 A
[ReportManager] Target URL: [https://duckduckgo.com] @15-12-2021 01:54:07.0593 AM
[ReportManager] Initial URL: [https://duckduckgo.com] @15-12-2021 01:54:07.0649 AM
[ReportManager] Browser Action [NavigateToURL] successfully performed. With the following test data [https://duckduckgo.com]. @15-12-2021 01:54:08.0126 AM
[ReportManager] Browser Action [CloseCurrentWindow] successfully performed. @15-12-2021 01:54:08.0485 AM
[ReportManager] Successfully created attachment [Browser Action Test Data - CloseCurrentWindow - Actual Value] @15-12-2021 01:54:08.0486 A
[ReportManager] File Action [GetAbsolutePath] successfully performed. With the following test data [Relative Folder Path: "target/downloadedFiles/"]. @15-12-2021 01:54:08.0490 AM
[ReportManager] Attempting to run locally on: [Mac-64], [Safari], Headless Execution. @15-12-2021 01:54:08.0490 AM
[ReportManager] Successfully Opened Safari. @15-12-2021 01:54:09.0347 AM
[ReportManager] Initial window size: (800, 600) @15-12-2021 01:54:09.0358 AM
[ReportManager] Window size after SWD Maximize: (1176, 803) @15-12-2021 01:54:09.0389 AM
[ReportManager] Browser Action [MaximizeWindow] successfully performed. With the following test data [New screen size is now: (1176, 803)]. @15-12-2021 01:54:09.0389 AM
[ReportManager] Target URL: [https://duckduckgo.com] @15-12-2021 01:54:09.0390 AM
[ReportManager] Initial URL: [] @15-12-2021 01:54:09.0447 AM
[ReportManager] Browser Action [NavigateToURL] successfully performed. With the following test data [https://duckduckgo.com]. @15-12-2021 01:54:10.0215 A

################################################################################################################################################
Starting Execution:	[10 out of 146] test cases in the current suite
Test Method:		[unitTests.tests_browserActions.getWindowHandle]
################################################################################################################################################
[ReportManager] Browser Action [GetWindowHandle] successfully performed. With the following test data [page-3AE3AA14-EB4C-402D-AF3F-C2481AA206E3]. @15-12-2021 01:54:10.0261 A
[ReportManager] Target URL: [https://duckduckgo.com] @15-12-2021 01:54:10.0264 AM
[ReportManager] Initial URL: [https://duckduckgo.com] @15-12-2021 01:54:10.0317 AM
[ReportManager] Browser Action [NavigateToURL] successfully performed. With the following test data [https://duckduckgo.com]. @15-12-2021 01:54:10.0675 AM
[ReportManager] Browser Action [CloseCurrentWindow] successfully performed. @15-12-2021 01:54:10.0982 AM
[ReportManager] Successfully created attachment [Browser Action Test Data - CloseCurrentWindow - Actual Value] @15-12-2021 01:54:10.0983 A
[ReportManager] File Action [GetAbsolutePath] successfully performed. With the following test data [Relative Folder Path: "target/downloadedFiles/"]. @15-12-2021 01:54:10.0986 AM
[ReportManager] Attempting to run locally on: [Mac-64], [Safari], Headless Execution. @15-12-2021 01:54:10.0987 AM
[ReportManager] Successfully Opened Safari. @15-12-2021 01:54:11.0909 AM
[ReportManager] Initial window size: (800, 600) @15-12-2021 01:54:11.0935 AM
[ReportManager] Window size after SWD Maximize: (1176, 803) @15-12-2021 01:54:11.0969 AM
[ReportManager] Browser Action [MaximizeWindow] successfully performed. With the following test data [New screen size is now: (1176, 803)]. @15-12-2021 01:54:11.0969 AM
[ReportManager] Target URL: [https://duckduckgo.com] @15-12-2021 01:54:11.0969 AM
[ReportManager] Initial URL: [] @15-12-2021 01:54:12.0022 AM
[ReportManager] Browser Action [NavigateToURL] successfully performed. With the following test data [https://duckduckgo.com]. @15-12-2021 01:54:12.0702 A

################################################################################################################################################
Starting Execution:	[11 out of 146] test cases in the current suite
Test Method:		[unitTests.tests_browserActions.getWindowPosition]
################################################################################################################################################
[ReportManager] Browser Action [GetWindowPosition] successfully performed. With the following test data [(0, 25)]. @15-12-2021 01:54:12.0791 A
[ReportManager] Target URL: [https://duckduckgo.com] @15-12-2021 01:54:12.0794 AM
[ReportManager] Initial URL: [https://duckduckgo.com] @15-12-2021 01:54:12.0866 AM
[ReportManager] Browser Action [NavigateToURL] successfully performed. With the following test data [https://duckduckgo.com]. @15-12-2021 01:54:13.0221 AM
[ReportManager] Browser Action [CloseCurrentWindow] successfully performed. @15-12-2021 01:54:13.0539 AM
[ReportManager] Successfully created attachment [Browser Action Test Data - CloseCurrentWindow - Actual Value] @15-12-2021 01:54:13.0539 A
[ReportManager] File Action [GetAbsolutePath] successfully performed. With the following test data [Relative Folder Path: "target/downloadedFiles/"]. @15-12-2021 01:54:13.0544 AM
[ReportManager] Attempting to run locally on: [Mac-64], [Safari], Headless Execution. @15-12-2021 01:54:13.0545 AM
[ReportManager] Successfully Opened Safari. @15-12-2021 01:54:14.0429 AM
[ReportManager] Initial window size: (800, 600) @15-12-2021 01:54:14.0452 AM
[ReportManager] Window size after SWD Maximize: (1176, 803) @15-12-2021 01:54:14.0485 AM
[ReportManager] Browser Action [MaximizeWindow] successfully performed. With the following test data [New screen size is now: (1176, 803)]. @15-12-2021 01:54:14.0485 AM
[ReportManager] Target URL: [https://duckduckgo.com] @15-12-2021 01:54:14.0485 AM
[ReportManager] Initial URL: [] @15-12-2021 01:54:14.0538 AM
[ReportManager] Browser Action [NavigateToURL] successfully performed. With the following test data [https://duckduckgo.com]. @15-12-2021 01:54:15.0234 A

################################################################################################################################################
Starting Execution:	[12 out of 146] test cases in the current suite
Test Method:		[unitTests.tests_browserActions.getWindowSize]
################################################################################################################################################
[ReportManager] Browser Action [GetWindowSize] successfully performed. With the following test data [(1176, 803)]. @15-12-2021 01:54:15.0286 A
[ReportManager] Target URL: [https://duckduckgo.com] @15-12-2021 01:54:15.0291 AM
[ReportManager] Initial URL: [https://duckduckgo.com] @15-12-2021 01:54:15.0367 AM
[ReportManager] Browser Action [NavigateToURL] successfully performed. With the following test data [https://duckduckgo.com]. @15-12-2021 01:54:15.0696 AM
[ReportManager] Browser Action [CloseCurrentWindow] successfully performed. @15-12-2021 01:54:16.0030 AM
[ReportManager] Successfully created attachment [Browser Action Test Data - CloseCurrentWindow - Actual Value] @15-12-2021 01:54:16.0031 A
[ReportManager] File Action [GetAbsolutePath] successfully performed. With the following test data [Relative Folder Path: "target/downloadedFiles/"]. @15-12-2021 01:54:16.0034 AM
[ReportManager] Attempting to run locally on: [Mac-64], [Safari], Headless Execution. @15-12-2021 01:54:16.0034 AM
[ReportManager] Successfully Opened Safari. @15-12-2021 01:54:16.0943 AM
[ReportManager] Initial window size: (800, 600) @15-12-2021 01:54:16.0972 AM
[ReportManager] Window size after SWD Maximize: (1176, 803) @15-12-2021 01:54:16.0994 AM
[ReportManager] Browser Action [MaximizeWindow] successfully performed. With the following test data [New screen size is now: (1176, 803)]. @15-12-2021 01:54:16.0994 AM
[ReportManager] Target URL: [https://duckduckgo.com] @15-12-2021 01:54:16.0994 AM
[ReportManager] Initial URL: [] @15-12-2021 01:54:17.0067 AM
[ReportManager] Browser Action [NavigateToURL] successfully performed. With the following test data [https://duckduckgo.com]. @15-12-2021 01:54:17.0781 A

################################################################################################################################################
Starting Execution:	[13 out of 146] test cases in the current suite
Test Method:		[unitTests.tests_browserActions.maximizeWindow]
################################################################################################################################################
[ReportManager] Initial window size: (1176, 803) @15-12-2021 01:54:17.0792 AM
[ReportManager] Window size after SWD Maximize: (1176, 803) @15-12-2021 01:54:17.0816 AM
[ReportManager] Window size after Toolkit: (1920, 1080) @15-12-2021 01:54:17.0886 AM
[ReportManager] Browser Action [MaximizeWindow] successfully performed. With the following test data [New screen size is now: (1920, 1080)]. @15-12-2021 01:54:17.0892 A
[ReportManager] Target URL: [https://duckduckgo.com] @15-12-2021 01:54:17.0935 AM
[ReportManager] Initial URL: [https://duckduckgo.com] @15-12-2021 01:54:18.0015 AM
[ReportManager] Browser Action [NavigateToURL] successfully performed. With the following test data [https://duckduckgo.com]. @15-12-2021 01:54:18.0377 AM
[ReportManager] Browser Action [CloseCurrentWindow] successfully performed. @15-12-2021 01:54:18.0663 AM
[ReportManager] Successfully created attachment [Browser Action Test Data - CloseCurrentWindow - Actual Value] @15-12-2021 01:54:18.0664 A
[ReportManager] File Action [GetAbsolutePath] successfully performed. With the following test data [Relative Folder Path: "target/downloadedFiles/"]. @15-12-2021 01:54:18.0667 AM
[ReportManager] Attempting to run locally on: [Mac-64], [Safari], Headless Execution. @15-12-2021 01:54:18.0668 AM
[ReportManager] Successfully Opened Safari. @15-12-2021 01:54:19.0549 AM
[ReportManager] Initial window size: (800, 600) @15-12-2021 01:54:19.0578 AM
[ReportManager] Window size after SWD Maximize: (1176, 803) @15-12-2021 01:54:19.0620 AM
[ReportManager] Browser Action [MaximizeWindow] successfully performed. With the following test data [New screen size is now: (1176, 803)]. @15-12-2021 01:54:19.0620 AM
[ReportManager] Target URL: [https://duckduckgo.com] @15-12-2021 01:54:19.0620 AM
[ReportManager] Initial URL: [] @15-12-2021 01:54:19.0684 AM
[ReportManager] Browser Action [NavigateToURL] successfully performed. With the following test data [https://duckduckgo.com]. @15-12-2021 01:54:20.0389 A

################################################################################################################################################
Starting Execution:	[14 out of 146] test cases in the current suite
Test Method:		[unitTests.tests_browserActions.navigateBack]
################################################################################################################################################
[ReportManager] Target URL: [https://www.google.com/ncr], and after redirection: [https://www.google.com] @15-12-2021 01:54:20.0394 AM
[ReportManager] Initial URL: [https://duckduckgo.com] @15-12-2021 01:54:20.0467 AM
[ReportManager] Browser Action [NavigateToURL] successfully performed. With the following test data [https://www.google.com/ncr]. @15-12-2021 01:54:22.0400 AM
[ReportManager] Browser Action [NavigateBack] successfully performed. With the following test data [https://duckduckgo.com/]. @15-12-2021 01:54:22.0547 AM
[ReportManager] Browser Action [GetCurrentURL] successfully performed. With the following test data [https://duckduckgo.com/]. @15-12-2021 01:54:22.0577 AM
[ReportManager] Assertion Passed: Confirming that navigating back was successful @15-12-2021 01:54:22.0709 AM
[ReportManager] Successfully created attachment [Screenshot - 1639533262611_navigateBack_ValidateBrowserAttribute_passed] @15-12-2021 01:54:22.0711 AM
[ReportManager] Assertion [ValidateBrowserAttribute] PASSED. Expected [Value Should be 'https://duckduckgo.com' for the 'CurrentUrl' attribute] and Actual [https://duckduckgo.com/]. Comparison Type [CONTAINS]. Validation Type [POSITIVE]. @15-12-2021 01:54:22.0711 A
[ReportManager] Target URL: [https://duckduckgo.com] @15-12-2021 01:54:22.0720 AM
[ReportManager] Initial URL: [https://duckduckgo.com] @15-12-2021 01:54:22.0767 AM
[ReportManager] Browser Action [NavigateToURL] successfully performed. With the following test data [https://duckduckgo.com]. @15-12-2021 01:54:23.0092 AM
[ReportManager] Browser Action [CloseCurrentWindow] successfully performed. @15-12-2021 01:54:23.0193 AM
[ReportManager] Successfully created attachment [Browser Action Test Data - CloseCurrentWindow - Actual Value] @15-12-2021 01:54:23.0194 A
[ReportManager] File Action [GetAbsolutePath] successfully performed. With the following test data [Relative Folder Path: "target/downloadedFiles/"]. @15-12-2021 01:54:23.0198 AM
[ReportManager] Attempting to run locally on: [Mac-64], [Safari], Headless Execution. @15-12-2021 01:54:23.0199 AM
[ReportManager] Successfully Opened Safari. @15-12-2021 01:54:24.0093 AM
[ReportManager] Initial window size: (800, 600) @15-12-2021 01:54:24.0107 AM
[ReportManager] Window size after SWD Maximize: (1176, 803) @15-12-2021 01:54:24.0125 AM
[ReportManager] Browser Action [MaximizeWindow] successfully performed. With the following test data [New screen size is now: (1176, 803)]. @15-12-2021 01:54:24.0125 AM
[ReportManager] Target URL: [https://duckduckgo.com] @15-12-2021 01:54:24.0125 AM
[ReportManager] Initial URL: [] @15-12-2021 01:54:24.0190 AM
[ReportManager] Browser Action [NavigateToURL] successfully performed. With the following test data [https://duckduckgo.com]. @15-12-2021 01:54:24.0986 A

################################################################################################################################################
Starting Execution:	[15 out of 146] test cases in the current suite
Test Method:		[unitTests.tests_browserActions.navigateForward]
################################################################################################################################################
[ReportManager] Target URL: [https://www.google.com/ncr], and after redirection: [https://www.google.com] @15-12-2021 01:54:24.0990 AM
[ReportManager] Initial URL: [https://duckduckgo.com] @15-12-2021 01:54:25.0052 AM
[ReportManager] Browser Action [NavigateToURL] successfully performed. With the following test data [https://www.google.com/ncr]. @15-12-2021 01:54:27.0458 AM
[ReportManager] Browser Action [NavigateBack] successfully performed. With the following test data [https://duckduckgo.com/]. @15-12-2021 01:54:27.0664 AM
[ReportManager] Browser Action [NavigateForward] successfully performed. With the following test data [https://www.google.com/]. @15-12-2021 01:54:27.0906 A
[ReportManager] Target URL: [https://duckduckgo.com] @15-12-2021 01:54:27.0910 AM
[ReportManager] Initial URL: [https://www.google.com] @15-12-2021 01:54:28.0000 AM
[ReportManager] Browser Action [NavigateToURL] successfully performed. With the following test data [https://duckduckgo.com]. @15-12-2021 01:54:28.0505 AM
[ReportManager] Browser Action [CloseCurrentWindow] successfully performed. @15-12-2021 01:54:28.0862 AM
[ReportManager] Successfully created attachment [Browser Action Test Data - CloseCurrentWindow - Actual Value] @15-12-2021 01:54:28.0864 A
[ReportManager] File Action [GetAbsolutePath] successfully performed. With the following test data [Relative Folder Path: "target/downloadedFiles/"]. @15-12-2021 01:54:28.0869 AM
[ReportManager] Attempting to run locally on: [Mac-64], [Safari], Headless Execution. @15-12-2021 01:54:28.0869 AM
[ReportManager] Successfully Opened Safari. @15-12-2021 01:54:29.0729 AM
[ReportManager] Initial window size: (800, 600) @15-12-2021 01:54:29.0748 AM
[ReportManager] Window size after SWD Maximize: (1176, 803) @15-12-2021 01:54:29.0769 AM
[ReportManager] Browser Action [MaximizeWindow] successfully performed. With the following test data [New screen size is now: (1176, 803)]. @15-12-2021 01:54:29.0769 AM
[ReportManager] Target URL: [https://duckduckgo.com] @15-12-2021 01:54:29.0770 AM
[ReportManager] Initial URL: [] @15-12-2021 01:54:29.0832 AM
[ReportManager] Browser Action [NavigateToURL] successfully performed. With the following test data [https://duckduckgo.com]. @15-12-2021 01:54:30.0603 A

################################################################################################################################################
Starting Execution:	[16 out of 146] test cases in the current suite
Test Method:		[unitTests.tests_browserActions.navigateToURL]
################################################################################################################################################
[ReportManager] Target URL: [https://duckduckgo.com] @15-12-2021 01:54:30.0645 AM
[ReportManager] Initial URL: [https://duckduckgo.com] @15-12-2021 01:54:30.0706 AM
[ReportManager] Browser Action [NavigateToURL] successfully performed. With the following test data [https://duckduckgo.com]. @15-12-2021 01:54:31.0056 A
[ReportManager] Target URL: [https://duckduckgo.com] @15-12-2021 01:54:31.0063 AM
[ReportManager] Initial URL: [https://duckduckgo.com] @15-12-2021 01:54:31.0105 AM
[ReportManager] Browser Action [NavigateToURL] successfully performed. With the following test data [https://duckduckgo.com]. @15-12-2021 01:54:31.0433 AM
[ReportManager] Browser Action [CloseCurrentWindow] successfully performed. @15-12-2021 01:54:31.0621 AM
[ReportManager] Successfully created attachment [Browser Action Test Data - CloseCurrentWindow - Actual Value] @15-12-2021 01:54:31.0622 A
[ReportManager] File Action [GetAbsolutePath] successfully performed. With the following test data [Relative Folder Path: "target/downloadedFiles/"]. @15-12-2021 01:54:31.0625 AM
[ReportManager] Attempting to run locally on: [Mac-64], [Safari], Headless Execution. @15-12-2021 01:54:31.0625 AM
[ReportManager] Successfully Opened Safari. @15-12-2021 01:54:32.0497 AM
[ReportManager] Initial window size: (800, 600) @15-12-2021 01:54:32.0509 AM
[ReportManager] Window size after SWD Maximize: (1176, 803) @15-12-2021 01:54:32.0527 AM
[ReportManager] Browser Action [MaximizeWindow] successfully performed. With the following test data [New screen size is now: (1176, 803)]. @15-12-2021 01:54:32.0528 AM
[ReportManager] Target URL: [https://duckduckgo.com] @15-12-2021 01:54:32.0528 AM
[ReportManager] Initial URL: [] @15-12-2021 01:54:32.0590 AM
[ReportManager] Browser Action [NavigateToURL] successfully performed. With the following test data [https://duckduckgo.com]. @15-12-2021 01:54:33.0256 A

################################################################################################################################################
Starting Execution:	[17 out of 146] test cases in the current suite
Test Method:		[unitTests.tests_browserActions.navigateToURLWithRedirection]
################################################################################################################################################
[ReportManager] Target URL: [https://www.google.com/ncr], and after redirection: [https://www.google.com] @15-12-2021 01:54:33.0259 AM
[ReportManager] Initial URL: [https://duckduckgo.com] @15-12-2021 01:54:33.0332 AM
[ReportManager] Browser Action [NavigateToURL] successfully performed. With the following test data [https://www.google.com/ncr]. @15-12-2021 01:54:35.0407 A
[ReportManager] Target URL: [https://duckduckgo.com] @15-12-2021 01:54:35.0530 AM
[ReportManager] Initial URL: [https://www.google.com] @15-12-2021 01:54:35.0690 AM
[ReportManager] Browser Action [NavigateToURL] successfully performed. With the following test data [https://duckduckgo.com]. @15-12-2021 01:54:36.0406 AM
[ReportManager] Browser Action [CloseCurrentWindow] successfully performed. @15-12-2021 01:54:36.0600 AM
[ReportManager] Successfully created attachment [Browser Action Test Data - CloseCurrentWindow - Actual Value] @15-12-2021 01:54:36.0641 A
[ReportManager] File Action [GetAbsolutePath] successfully performed. With the following test data [Relative Folder Path: "target/downloadedFiles/"]. @15-12-2021 01:54:36.0645 AM
[ReportManager] Attempting to run locally on: [Mac-64], [Safari], Headless Execution. @15-12-2021 01:54:36.0645 AM
[ReportManager] Successfully Opened Safari. @15-12-2021 01:54:37.0598 AM
[ReportManager] Initial window size: (800, 600) @15-12-2021 01:54:37.0623 AM
[ReportManager] Window size after SWD Maximize: (1176, 803) @15-12-2021 01:54:37.0760 AM
[ReportManager] Browser Action [MaximizeWindow] successfully performed. With the following test data [New screen size is now: (1176, 803)]. @15-12-2021 01:54:37.0760 AM
[ReportManager] Target URL: [https://duckduckgo.com] @15-12-2021 01:54:37.0760 AM
[ReportManager] Initial URL: [] @15-12-2021 01:54:37.0827 AM
[ReportManager] Browser Action [NavigateToURL] successfully performed. With the following test data [https://duckduckgo.com]. @15-12-2021 01:54:38.0857 A

################################################################################################################################################
Starting Execution:	[18 out of 146] test cases in the current suite
Test Method:		[unitTests.tests_browserActions.refreshCurrentPage]
################################################################################################################################################
[ReportManager] Browser Action [RefreshCurrentPage] successfully performed. @15-12-2021 01:54:39.0372 AM
[ReportManager] Successfully created attachment [Browser Action Test Data - RefreshCurrentPage - Actual Value] @15-12-2021 01:54:39.0413 A
[ReportManager] Target URL: [https://duckduckgo.com] @15-12-2021 01:54:39.0417 AM
[ReportManager] Initial URL: [https://duckduckgo.com] @15-12-2021 01:54:39.0481 AM
[ReportManager] Browser Action [NavigateToURL] successfully performed. With the following test data [https://duckduckgo.com]. @15-12-2021 01:54:40.0003 AM
[ReportManager] Browser Action [CloseCurrentWindow] successfully performed. @15-12-2021 01:54:40.0103 AM
[ReportManager] Successfully created attachment [Browser Action Test Data - CloseCurrentWindow - Actual Value] @15-12-2021 01:54:40.0104 A
[ReportManager] File Action [GetAbsolutePath] successfully performed. With the following test data [Relative Folder Path: "target/downloadedFiles/"]. @15-12-2021 01:54:40.0109 AM
[ReportManager] Attempting to run locally on: [Mac-64], [Safari], Headless Execution. @15-12-2021 01:54:40.0111 AM
[ReportManager] Successfully Opened Safari. @15-12-2021 01:54:41.0122 AM
[ReportManager] Initial window size: (800, 600) @15-12-2021 01:54:41.0130 AM
[ReportManager] Window size after SWD Maximize: (1176, 803) @15-12-2021 01:54:41.0159 AM
[ReportManager] Browser Action [MaximizeWindow] successfully performed. With the following test data [New screen size is now: (1176, 803)]. @15-12-2021 01:54:41.0160 AM
[ReportManager] Target URL: [https://duckduckgo.com] @15-12-2021 01:54:41.0160 AM
[ReportManager] Initial URL: [] @15-12-2021 01:54:41.0226 AM
[ReportManager] Browser Action [NavigateToURL] successfully performed. With the following test data [https://duckduckgo.com]. @15-12-2021 01:54:42.0035 A

################################################################################################################################################
Starting Execution:	[19 out of 146] test cases in the current suite
Test Method:		[unitTests.tests_browserActions.setWindowSize]
################################################################################################################################################
[ReportManager] Initial window size: (1176, 803) @15-12-2021 01:54:42.0164 AM
[ReportManager] Window size after SWD: (1280, 720) @15-12-2021 01:54:42.0219 AM
[ReportManager] Browser Action [SetWindowSize] successfully performed. With the following test data [New screen size is now: (1280, 720)]. @15-12-2021 01:54:42.0220 A
[ReportManager] Target URL: [https://duckduckgo.com] @15-12-2021 01:54:42.0346 AM
[ReportManager] Initial URL: [https://duckduckgo.com] @15-12-2021 01:54:42.0391 AM
[ReportManager] Browser Action [NavigateToURL] successfully performed. With the following test data [https://duckduckgo.com]. @15-12-2021 01:54:42.0770 AM
[ReportManager] Browser Action [CloseCurrentWindow] successfully performed. @15-12-2021 01:54:43.0102 AM
[ReportManager] Successfully created attachment [Browser Action Test Data - CloseCurrentWindow - Actual Value] @15-12-2021 01:54:43.0120 A
[ReportManager] Successfully loaded the following test data file [src/test/resources/testDataFiles/testSuite01/TestData.xlsx]. @15-12-2021 01:54:44.0605 AM
[ReportManager] Successfully created attachment [Test Data - Excel] @15-12-2021 01:54:44.0687 A

################################################################################################################################################
Starting Execution:	[20 out of 146] test cases in the current suite
Test Method:		[unitTests.tests_io_excelFileManager.getCellData_rowName_expectedToPass]
################################################################################################################################################
[ReportManager] testRowData. @15-12-2021 01:54:44.0745 A

################################################################################################################################################
Starting Execution:	[21 out of 146] test cases in the current suite
Test Method:		[unitTests.tests_validations_assertions.assertComparativeRelation_greaterThanOrEquals_false_equals_expectedToFail]
################################################################################################################################################
[ReportManager] Assertion [ValidateComparativeRelation] FAILED. Expected [1] and Actual [1]. Comparison Type [GREATER_THAN_OR_EQUALS]. Validation Type [NEGATIVE]. @15-12-2021 01:54:44.0875 A

################################################################################################################################################
Starting Execution:	[22 out of 146] test cases in the current suite
Test Method:		[unitTests.tests_validations_assertions.assertComparativeRelation_greaterThanOrEquals_false_equals_expectedToPass]
################################################################################################################################################
[ReportManager] Assertion [ValidateComparativeRelation] PASSED. Expected [2] and Actual [1]. Comparison Type [GREATER_THAN_OR_EQUALS]. Validation Type [NEGATIVE]. @15-12-2021 01:54:45.0044 A

################################################################################################################################################
Starting Execution:	[23 out of 146] test cases in the current suite
Test Method:		[unitTests.tests_validations_assertions.assertComparativeRelation_greaterThanOrEquals_false_greaterThan_expectedToFail]
################################################################################################################################################
[ReportManager] Assertion [ValidateComparativeRelation] FAILED. Expected [1] and Actual [2]. Comparison Type [GREATER_THAN_OR_EQUALS]. Validation Type [NEGATIVE]. @15-12-2021 01:54:45.0172 A

################################################################################################################################################
Starting Execution:	[24 out of 146] test cases in the current suite
Test Method:		[unitTests.tests_validations_assertions.assertComparativeRelation_greaterThanOrEquals_false_greaterThan_expectedToPass]
################################################################################################################################################
[ReportManager] Assertion [ValidateComparativeRelation] PASSED. Expected [2] and Actual [1]. Comparison Type [GREATER_THAN_OR_EQUALS]. Validation Type [NEGATIVE]. @15-12-2021 01:54:45.0298 A

################################################################################################################################################
Starting Execution:	[25 out of 146] test cases in the current suite
Test Method:		[unitTests.tests_validations_assertions.assertComparativeRelation_greaterThanOrEquals_true_equals_expectedToFail]
################################################################################################################################################
[ReportManager] Assertion [ValidateComparativeRelation] FAILED. Expected [1] and Actual [0]. Comparison Type [GREATER_THAN_OR_EQUALS]. Validation Type [POSITIVE]. @15-12-2021 01:54:45.0465 A

################################################################################################################################################
Starting Execution:	[26 out of 146] test cases in the current suite
Test Method:		[unitTests.tests_validations_assertions.assertComparativeRelation_greaterThanOrEquals_true_equals_expectedToPass]
################################################################################################################################################
[ReportManager] Assertion [ValidateComparativeRelation] PASSED. Expected [1] and Actual [1]. Comparison Type [GREATER_THAN_OR_EQUALS]. Validation Type [POSITIVE]. @15-12-2021 01:54:45.0592 A

################################################################################################################################################
Starting Execution:	[27 out of 146] test cases in the current suite
Test Method:		[unitTests.tests_validations_assertions.assertComparativeRelation_greaterThanOrEquals_true_greaterThan_expectedToFail]
################################################################################################################################################
[ReportManager] Assertion [ValidateComparativeRelation] FAILED. Expected [2] and Actual [1]. Comparison Type [GREATER_THAN_OR_EQUALS]. Validation Type [POSITIVE]. @15-12-2021 01:54:45.0718 A

################################################################################################################################################
Starting Execution:	[28 out of 146] test cases in the current suite
Test Method:		[unitTests.tests_validations_assertions.assertComparativeRelation_greaterThanOrEquals_true_greaterThan_expectedToPass]
################################################################################################################################################
[ReportManager] Assertion [ValidateComparativeRelation] PASSED. Expected [1] and Actual [2]. Comparison Type [GREATER_THAN_OR_EQUALS]. Validation Type [POSITIVE]. @15-12-2021 01:54:45.0885 A
[ReportManager] File Action [GetAbsolutePath] successfully performed. With the following test data [Relative Folder Path: "target/downloadedFiles/"]. @15-12-2021 01:54:46.0010 AM
[ReportManager] Attempting to run locally on: [Mac-64], [Safari], Headless Execution. @15-12-2021 01:54:46.0010 AM
[ReportManager] Successfully Opened Safari. @15-12-2021 01:54:46.0943 AM
[ReportManager] Initial window size: (800, 600) @15-12-2021 01:54:46.0973 AM
[ReportManager] Window size after SWD Maximize: (1176, 803) @15-12-2021 01:54:46.0995 AM
[ReportManager] Browser Action [MaximizeWindow] successfully performed. With the following test data [New screen size is now: (1176, 803)]. @15-12-2021 01:54:46.0996 AM
[ReportManager] Target URL: [https://www.google.com/ncr], and after redirection: [www.google.com] @15-12-2021 01:54:46.0996 AM
[ReportManager] Initial URL: [] @15-12-2021 01:54:47.0076 AM
[ReportManager] Browser Action [NavigateToURL] successfully performed. With the following test data [https://www.google.com/ncr]. @15-12-2021 01:54:49.0664 A

################################################################################################################################################
Starting Execution:	[29 out of 146] test cases in the current suite
Test Method:		[unitTests.tests_validations_assertions.assertElementAttribute_false_caseInsensitiveComparison_expectedToFail]
################################################################################################################################################
[ReportManager] Element Action [Type] successfully performed. With the following test data [AUTOMATION]. @15-12-2021 01:54:50.0244 AM
[ReportManager] Element Action [GetText] successfully performed. With the following test data [AUTOMATION]. @15-12-2021 01:54:50.0459 AM
[ReportManager] Loaded Shared OpenCV @15-12-2021 01:54:55.0635 AM
[ReportManager] Assertion [ValidateElementAttribute] FAILED. Expected [Value Should not be 'AutomaTion' for the 'text' attribute, element locator 'By.name: q'] and Actual [AUTOMATION]. Comparison Type [CASE_INSENSITIVE]. Validation Type [NEGATIVE]. @15-12-2021 01:54:56.0224 AM
[ReportManager] Successfully created attachment [Screenshot - 1639533290578_assertElementAttribute_false_caseInsensitiveComparison_expectedToFail_ValidateElementAttribute_failed] @15-12-2021 01:54:56.0311 A
[ReportManager] Browser Action [CloseCurrentWindow] successfully performed. @15-12-2021 01:54:56.0819 AM
[ReportManager] Successfully created attachment [Browser Action Test Data - CloseCurrentWindow - Actual Value] @15-12-2021 01:54:56.0865 A
[ReportManager] File Action [GetAbsolutePath] successfully performed. With the following test data [Relative Folder Path: "target/downloadedFiles/"]. @15-12-2021 01:54:56.0997 AM
[ReportManager] Attempting to run locally on: [Mac-64], [Safari], Headless Execution. @15-12-2021 01:54:56.0997 AM
[ReportManager] Successfully Opened Safari. @15-12-2021 01:54:57.0895 AM
[ReportManager] Initial window size: (800, 600) @15-12-2021 01:54:57.0908 AM
[ReportManager] Window size after SWD Maximize: (1176, 803) @15-12-2021 01:54:57.0924 AM
[ReportManager] Browser Action [MaximizeWindow] successfully performed. With the following test data [New screen size is now: (1176, 803)]. @15-12-2021 01:54:57.0925 AM
[ReportManager] Target URL: [https://www.google.com/ncr], and after redirection: [www.google.com] @15-12-2021 01:54:57.0925 AM
[ReportManager] Initial URL: [] @15-12-2021 01:54:57.0983 AM
[ReportManager] Browser Action [NavigateToURL] successfully performed. With the following test data [https://www.google.com/ncr]. @15-12-2021 01:55:00.0089 A

################################################################################################################################################
Starting Execution:	[30 out of 146] test cases in the current suite
Test Method:		[unitTests.tests_validations_assertions.assertElementAttribute_false_caseInsensitiveComparison_expectedToPass]
################################################################################################################################################
[ReportManager] Element Action [Type] successfully performed. With the following test data [AUTOMATION]. @15-12-2021 01:55:00.0558 AM
[ReportManager] Element Action [GetText] successfully performed. With the following test data [AUTOMATION]. @15-12-2021 01:55:00.0685 AM
[ReportManager] Loaded Shared OpenCV @15-12-2021 01:55:00.0862 AM
[ReportManager] Assertion [ValidateElementAttribute] PASSED. Expected [Value Should not be 'AutomaTion123' for the 'text' attribute, element locator 'By.name: q'] and Actual [AUTOMATION]. Comparison Type [CASE_INSENSITIVE]. Validation Type [NEGATIVE]. @15-12-2021 01:55:01.0052 AM
[ReportManager] Successfully created attachment [Screenshot - 1639533300862_assertElementAttribute_false_caseInsensitiveComparison_expectedToPass_ValidateElementAttribute_passed] @15-12-2021 01:55:01.0054 A
[ReportManager] Browser Action [CloseCurrentWindow] successfully performed. @15-12-2021 01:55:01.0472 AM
[ReportManager] Successfully created attachment [Browser Action Test Data - CloseCurrentWindow - Actual Value] @15-12-2021 01:55:01.0489 A
[ReportManager] File Action [GetAbsolutePath] successfully performed. With the following test data [Relative Folder Path: "target/downloadedFiles/"]. @15-12-2021 01:55:01.0496 AM
[ReportManager] Attempting to run locally on: [Mac-64], [Safari], Headless Execution. @15-12-2021 01:55:01.0496 AM
[ReportManager] Successfully Opened Safari. @15-12-2021 01:55:02.0386 AM
[ReportManager] Initial window size: (800, 600) @15-12-2021 01:55:02.0420 AM
[ReportManager] Window size after SWD Maximize: (1176, 803) @15-12-2021 01:55:02.0464 AM
[ReportManager] Browser Action [MaximizeWindow] successfully performed. With the following test data [New screen size is now: (1176, 803)]. @15-12-2021 01:55:02.0464 AM
[ReportManager] Target URL: [https://www.google.com/ncr], and after redirection: [www.google.com] @15-12-2021 01:55:02.0464 AM
[ReportManager] Initial URL: [] @15-12-2021 01:55:02.0521 AM
[ReportManager] Browser Action [NavigateToURL] successfully performed. With the following test data [https://www.google.com/ncr]. @15-12-2021 01:55:04.0547 A

################################################################################################################################################
Starting Execution:	[31 out of 146] test cases in the current suite
Test Method:		[unitTests.tests_validations_assertions.assertElementAttribute_false_containsComparison_expectedToFail]
################################################################################################################################################
[ReportManager] Element Action [Type] successfully performed. With the following test data [Automation123]. @15-12-2021 01:55:04.0951 AM
[ReportManager] Element Action [GetText] successfully performed. With the following test data [Automation123]. @15-12-2021 01:55:05.0026 AM
[ReportManager] Loaded Shared OpenCV @15-12-2021 01:55:05.0171 AM
[ReportManager] Assertion [ValidateElementAttribute] FAILED. Expected [Value Should not be 'Automation' for the 'text' attribute, element locator 'By.name: q'] and Actual [Automation123]. Comparison Type [CONTAINS]. Validation Type [NEGATIVE]. @15-12-2021 01:55:05.0458 AM
[ReportManager] Successfully created attachment [Screenshot - 1639533305171_assertElementAttribute_false_containsComparison_expectedToFail_ValidateElementAttribute_failed] @15-12-2021 01:55:05.0557 A
[ReportManager] Browser Action [CloseCurrentWindow] successfully performed. @15-12-2021 01:55:06.0021 AM
[ReportManager] Successfully created attachment [Browser Action Test Data - CloseCurrentWindow - Actual Value] @15-12-2021 01:55:06.0077 A
[ReportManager] File Action [GetAbsolutePath] successfully performed. With the following test data [Relative Folder Path: "target/downloadedFiles/"]. @15-12-2021 01:55:06.0253 AM
[ReportManager] Attempting to run locally on: [Mac-64], [Safari], Headless Execution. @15-12-2021 01:55:06.0253 AM
[ReportManager] Successfully Opened Safari. @15-12-2021 01:55:07.0107 AM
[ReportManager] Initial window size: (800, 600) @15-12-2021 01:55:07.0132 AM
[ReportManager] Window size after SWD Maximize: (1176, 803) @15-12-2021 01:55:07.0159 AM
[ReportManager] Browser Action [MaximizeWindow] successfully performed. With the following test data [New screen size is now: (1176, 803)]. @15-12-2021 01:55:07.0159 AM
[ReportManager] Target URL: [https://www.google.com/ncr], and after redirection: [www.google.com] @15-12-2021 01:55:07.0159 AM
[ReportManager] Initial URL: [] @15-12-2021 01:55:07.0221 AM
[ReportManager] Browser Action [NavigateToURL] successfully performed. With the following test data [https://www.google.com/ncr]. @15-12-2021 01:55:09.0339 A

################################################################################################################################################
Starting Execution:	[32 out of 146] test cases in the current suite
Test Method:		[unitTests.tests_validations_assertions.assertElementAttribute_false_containsComparison_expectedToPass]
################################################################################################################################################
[ReportManager] Element Action [Type] successfully performed. With the following test data [Automation123]. @15-12-2021 01:55:09.0725 AM
[ReportManager] Element Action [GetText] successfully performed. With the following test data [Automation123]. @15-12-2021 01:55:09.0804 AM
[ReportManager] Loaded Shared OpenCV @15-12-2021 01:55:09.0947 AM
[ReportManager] Assertion [ValidateElementAttribute] PASSED. Expected [Value Should not be 'Automation1234' for the 'text' attribute, element locator 'By.name: q'] and Actual [Automation123]. Comparison Type [CONTAINS]. Validation Type [NEGATIVE]. @15-12-2021 01:55:10.0217 AM
[ReportManager] Successfully created attachment [Screenshot - 1639533309946_assertElementAttribute_false_containsComparison_expectedToPass_ValidateElementAttribute_passed] @15-12-2021 01:55:10.0301 A
[ReportManager] Browser Action [CloseCurrentWindow] successfully performed. @15-12-2021 01:55:10.0791 AM
[ReportManager] Successfully created attachment [Browser Action Test Data - CloseCurrentWindow - Actual Value] @15-12-2021 01:55:10.0836 A
[ReportManager] File Action [GetAbsolutePath] successfully performed. With the following test data [Relative Folder Path: "target/downloadedFiles/"]. @15-12-2021 01:55:11.0007 AM
[ReportManager] Attempting to run locally on: [Mac-64], [Safari], Headless Execution. @15-12-2021 01:55:11.0008 AM
[ReportManager] Successfully Opened Safari. @15-12-2021 01:55:11.0906 AM
[ReportManager] Initial window size: (800, 600) @15-12-2021 01:55:11.0928 AM
[ReportManager] Window size after SWD Maximize: (1176, 803) @15-12-2021 01:55:12.0050 AM
[ReportManager] Browser Action [MaximizeWindow] successfully performed. With the following test data [New screen size is now: (1176, 803)]. @15-12-2021 01:55:12.0050 AM
[ReportManager] Target URL: [https://www.google.com/ncr], and after redirection: [www.google.com] @15-12-2021 01:55:12.0050 AM
[ReportManager] Initial URL: [] @15-12-2021 01:55:12.0089 AM
[ReportManager] Browser Action [NavigateToURL] successfully performed. With the following test data [https://www.google.com/ncr]. @15-12-2021 01:55:14.0249 A

################################################################################################################################################
Starting Execution:	[33 out of 146] test cases in the current suite
Test Method:		[unitTests.tests_validations_assertions.assertElementAttribute_false_literalComparison_expectedToFail]
################################################################################################################################################
[ReportManager] Element Action [Type] successfully performed. With the following test data [Automation!@#$%^&*()_+{}[]\';/.,]. @15-12-2021 01:55:14.0891 AM
[ReportManager] Element Action [GetText] successfully performed. With the following test data [Automation!@#$%^&*()_+{}[]\';/.,]. @15-12-2021 01:55:14.0969 AM
[ReportManager] Loaded Shared OpenCV @15-12-2021 01:55:15.0162 AM
[ReportManager] Assertion [ValidateElementAttribute] PASSED. Expected [Value Should not be 'Automation!@#$%^&*()_+{}[]\\';/.,' for the 'text' attribute, element locator 'By.name: q'] and Actual [Automation!@#$%^&*()_+{}[]\';/.,]. Comparison Type [EQUALS]. Validation Type [NEGATIVE]. @15-12-2021 01:55:15.0454 AM
[ReportManager] Successfully created attachment [Screenshot - 1639533315162_assertElementAttribute_false_literalComparison_expectedToFail_ValidateElementAttribute_passed] @15-12-2021 01:55:15.0540 A
[ReportManager] Browser Action [CloseCurrentWindow] successfully performed. @15-12-2021 01:55:15.0999 AM
[ReportManager] Successfully created attachment [Browser Action Test Data - CloseCurrentWindow - Actual Value] @15-12-2021 01:55:16.0043 A
[ReportManager] File Action [GetAbsolutePath] successfully performed. With the following test data [Relative Folder Path: "target/downloadedFiles/"]. @15-12-2021 01:55:16.0081 AM
[ReportManager] Attempting to run locally on: [Mac-64], [Safari], Headless Execution. @15-12-2021 01:55:16.0081 AM
[ReportManager] Successfully Opened Safari. @15-12-2021 01:55:16.0987 AM
[ReportManager] Initial window size: (800, 600) @15-12-2021 01:55:17.0015 AM
[ReportManager] Window size after SWD Maximize: (1176, 803) @15-12-2021 01:55:17.0042 AM
[ReportManager] Browser Action [MaximizeWindow] successfully performed. With the following test data [New screen size is now: (1176, 803)]. @15-12-2021 01:55:17.0043 AM
[ReportManager] Target URL: [https://www.google.com/ncr], and after redirection: [www.google.com] @15-12-2021 01:55:17.0043 AM
[ReportManager] Initial URL: [] @15-12-2021 01:55:17.0106 AM
[ReportManager] Browser Action [NavigateToURL] successfully performed. With the following test data [https://www.google.com/ncr]. @15-12-2021 01:55:19.0635 A

################################################################################################################################################
Starting Execution:	[34 out of 146] test cases in the current suite
Test Method:		[unitTests.tests_validations_assertions.assertElementAttribute_false_literalComparison_expectedToPass]
################################################################################################################################################
[ReportManager] Element Action [Type] successfully performed. With the following test data [Automation!@#$%^&*()_+{}[]\';/.,]. @15-12-2021 01:55:20.0235 AM
[ReportManager] Element Action [GetText] successfully performed. With the following test data [Automation!@#$%^&*()_+{}[]\';/.,]. @15-12-2021 01:55:20.0328 AM
[ReportManager] Loaded Shared OpenCV @15-12-2021 01:55:20.0453 AM
[ReportManager] Assertion [ValidateElementAttribute] PASSED. Expected [Value Should not be 'Automation' for the 'text' attribute, element locator 'By.name: q'] and Actual [Automation!@#$%^&*()_+{}[]\';/.,]. Comparison Type [EQUALS]. Validation Type [NEGATIVE]. @15-12-2021 01:55:20.0733 AM
[ReportManager] Successfully created attachment [Screenshot - 1639533320453_assertElementAttribute_false_literalComparison_expectedToPass_ValidateElementAttribute_passed] @15-12-2021 01:55:20.0817 A
[ReportManager] Browser Action [CloseCurrentWindow] successfully performed. @15-12-2021 01:55:21.0232 AM
[ReportManager] Successfully created attachment [Browser Action Test Data - CloseCurrentWindow - Actual Value] @15-12-2021 01:55:21.0278 A
[ReportManager] File Action [GetAbsolutePath] successfully performed. With the following test data [Relative Folder Path: "target/downloadedFiles/"]. @15-12-2021 01:55:21.0409 AM
[ReportManager] Attempting to run locally on: [Mac-64], [Safari], Headless Execution. @15-12-2021 01:55:21.0410 AM
[ReportManager] Successfully Opened Safari. @15-12-2021 01:55:22.0325 AM
[ReportManager] Initial window size: (800, 600) @15-12-2021 01:55:22.0375 AM
[ReportManager] Window size after SWD Maximize: (1176, 803) @15-12-2021 01:55:22.0432 AM
[ReportManager] Browser Action [MaximizeWindow] successfully performed. With the following test data [New screen size is now: (1176, 803)]. @15-12-2021 01:55:22.0433 AM
[ReportManager] Target URL: [https://www.google.com/ncr], and after redirection: [www.google.com] @15-12-2021 01:55:22.0433 AM
[ReportManager] Initial URL: [] @15-12-2021 01:55:22.0502 AM
[ReportManager] Browser Action [NavigateToURL] successfully performed. With the following test data [https://www.google.com/ncr]. @15-12-2021 01:55:25.0019 A

################################################################################################################################################
Starting Execution:	[35 out of 146] test cases in the current suite
Test Method:		[unitTests.tests_validations_assertions.assertElementAttribute_false_regexComparison_expectedToFail]
################################################################################################################################################
[ReportManager] Element Action [Type] successfully performed. With the following test data [Automation123]. @15-12-2021 01:55:25.0366 AM
[ReportManager] Element Action [GetText] successfully performed. With the following test data [Automation123]. @15-12-2021 01:55:25.0445 AM
[ReportManager] Loaded Shared OpenCV @15-12-2021 01:55:25.0568 AM
[ReportManager] Assertion [ValidateElementAttribute] FAILED. Expected [Value Should not be 'Automation.*' for the 'text' attribute, element locator 'By.name: q'] and Actual [Automation123]. Comparison Type [MATCHES]. Validation Type [NEGATIVE]. @15-12-2021 01:55:25.0865 AM
[ReportManager] Successfully created attachment [Screenshot - 1639533325568_assertElementAttribute_false_regexComparison_expectedToFail_ValidateElementAttribute_failed] @15-12-2021 01:55:25.0948 A
[ReportManager] Browser Action [CloseCurrentWindow] successfully performed. @15-12-2021 01:55:26.0270 AM
[ReportManager] Successfully created attachment [Browser Action Test Data - CloseCurrentWindow - Actual Value] @15-12-2021 01:55:26.0316 A
[ReportManager] File Action [GetAbsolutePath] successfully performed. With the following test data [Relative Folder Path: "target/downloadedFiles/"]. @15-12-2021 01:55:26.0452 AM
[ReportManager] Attempting to run locally on: [Mac-64], [Safari], Headless Execution. @15-12-2021 01:55:26.0453 AM
[ReportManager] Successfully Opened Safari. @15-12-2021 01:55:27.0344 AM
[ReportManager] Initial window size: (800, 600) @15-12-2021 01:55:27.0358 AM
[ReportManager] Window size after SWD Maximize: (1176, 803) @15-12-2021 01:55:27.0388 AM
[ReportManager] Browser Action [MaximizeWindow] successfully performed. With the following test data [New screen size is now: (1176, 803)]. @15-12-2021 01:55:27.0389 AM
[ReportManager] Target URL: [https://www.google.com/ncr], and after redirection: [www.google.com] @15-12-2021 01:55:27.0389 AM
[ReportManager] Initial URL: [] @15-12-2021 01:55:27.0440 AM
[ReportManager] Browser Action [NavigateToURL] successfully performed. With the following test data [https://www.google.com/ncr]. @15-12-2021 01:55:29.0665 A

################################################################################################################################################
Starting Execution:	[36 out of 146] test cases in the current suite
Test Method:		[unitTests.tests_validations_assertions.assertElementAttribute_false_regexComparison_expectedToPass]
################################################################################################################################################
[ReportManager] Element Action [Type] successfully performed. With the following test data [Automation123]. @15-12-2021 01:55:30.0088 AM
[ReportManager] Element Action [GetText] successfully performed. With the following test data [Automation123]. @15-12-2021 01:55:30.0165 AM
[ReportManager] Loaded Shared OpenCV @15-12-2021 01:55:30.0360 AM
[ReportManager] Assertion [ValidateElementAttribute] PASSED. Expected [Value Should not be 'Automation' for the 'text' attribute, element locator 'By.name: q'] and Actual [Automation123]. Comparison Type [MATCHES]. Validation Type [NEGATIVE]. @15-12-2021 01:55:30.0580 AM
[ReportManager] Successfully created attachment [Screenshot - 1639533330360_assertElementAttribute_false_regexComparison_expectedToPass_ValidateElementAttribute_passed] @15-12-2021 01:55:30.0629 A
[ReportManager] Browser Action [CloseCurrentWindow] successfully performed. @15-12-2021 01:55:30.0982 AM
[ReportManager] Successfully created attachment [Browser Action Test Data - CloseCurrentWindow - Actual Value] @15-12-2021 01:55:31.0026 A
[ReportManager] File Action [GetAbsolutePath] successfully performed. With the following test data [Relative Folder Path: "target/downloadedFiles/"]. @15-12-2021 01:55:31.0159 AM
[ReportManager] Attempting to run locally on: [Mac-64], [Safari], Headless Execution. @15-12-2021 01:55:31.0159 AM
[ReportManager] Successfully Opened Safari. @15-12-2021 01:55:32.0059 AM
[ReportManager] Initial window size: (800, 600) @15-12-2021 01:55:32.0095 AM
[ReportManager] Window size after SWD Maximize: (1176, 803) @15-12-2021 01:55:32.0124 AM
[ReportManager] Browser Action [MaximizeWindow] successfully performed. With the following test data [New screen size is now: (1176, 803)]. @15-12-2021 01:55:32.0124 AM
[ReportManager] Target URL: [https://www.google.com/ncr], and after redirection: [www.google.com] @15-12-2021 01:55:32.0124 AM
[ReportManager] Initial URL: [] @15-12-2021 01:55:32.0177 AM
[ReportManager] Browser Action [NavigateToURL] successfully performed. With the following test data [https://www.google.com/ncr]. @15-12-2021 01:55:34.0223 A

################################################################################################################################################
Starting Execution:	[37 out of 146] test cases in the current suite
Test Method:		[unitTests.tests_validations_assertions.assertElementAttribute_true_caseInsensitiveComparison_expectedToFail]
################################################################################################################################################
[ReportManager] Element Action [Type] successfully performed. With the following test data [AUTOMATION]. @15-12-2021 01:55:34.0621 AM
[ReportManager] Element Action [GetText] successfully performed. With the following test data [AUTOMATION]. @15-12-2021 01:55:34.0709 AM
[ReportManager] Loaded Shared OpenCV @15-12-2021 01:55:34.0867 AM
[ReportManager] Assertion [ValidateElementAttribute] FAILED. Expected [Value Should be 'AutomaTion123' for the 'text' attribute, element locator 'By.name: q'] and Actual [AUTOMATION]. Comparison Type [CASE_INSENSITIVE]. Validation Type [POSITIVE]. @15-12-2021 01:55:35.0138 AM
[ReportManager] Successfully created attachment [Screenshot - 1639533334867_assertElementAttribute_true_caseInsensitiveComparison_expectedToFail_ValidateElementAttribute_failed] @15-12-2021 01:55:35.0221 A
[ReportManager] Browser Action [CloseCurrentWindow] successfully performed. @15-12-2021 01:55:35.0560 AM
[ReportManager] Successfully created attachment [Browser Action Test Data - CloseCurrentWindow - Actual Value] @15-12-2021 01:55:35.0606 A
[ReportManager] File Action [GetAbsolutePath] successfully performed. With the following test data [Relative Folder Path: "target/downloadedFiles/"]. @15-12-2021 01:55:35.0784 AM
[ReportManager] Attempting to run locally on: [Mac-64], [Safari], Headless Execution. @15-12-2021 01:55:35.0784 AM
[ReportManager] Successfully Opened Safari. @15-12-2021 01:55:36.0674 AM
[ReportManager] Initial window size: (800, 600) @15-12-2021 01:55:36.0702 AM
[ReportManager] Window size after SWD Maximize: (1176, 803) @15-12-2021 01:55:36.0727 AM
[ReportManager] Browser Action [MaximizeWindow] successfully performed. With the following test data [New screen size is now: (1176, 803)]. @15-12-2021 01:55:36.0727 AM
[ReportManager] Target URL: [https://www.google.com/ncr], and after redirection: [www.google.com] @15-12-2021 01:55:36.0727 AM
[ReportManager] Initial URL: [] @15-12-2021 01:55:36.0799 AM
[ReportManager] Browser Action [NavigateToURL] successfully performed. With the following test data [https://www.google.com/ncr]. @15-12-2021 01:55:39.0047 A

################################################################################################################################################
Starting Execution:	[38 out of 146] test cases in the current suite
Test Method:		[unitTests.tests_validations_assertions.assertElementAttribute_true_caseInsensitiveComparison_expectedToPass]
################################################################################################################################################
[ReportManager] Element Action [Type] successfully performed. With the following test data [AUTOMATION]. @15-12-2021 01:55:39.0409 AM
[ReportManager] Element Action [GetText] successfully performed. With the following test data [AUTOMATION]. @15-12-2021 01:55:39.0489 AM
[ReportManager] Loaded Shared OpenCV @15-12-2021 01:55:39.0641 AM
[ReportManager] Assertion [ValidateElementAttribute] PASSED. Expected [Value Should be 'AutomaTion' for the 'text' attribute, element locator 'By.name: q'] and Actual [AUTOMATION]. Comparison Type [CASE_INSENSITIVE]. Validation Type [POSITIVE]. @15-12-2021 01:55:39.0863 AM
[ReportManager] Successfully created attachment [Screenshot - 1639533339641_assertElementAttribute_true_caseInsensitiveComparison_expectedToPass_ValidateElementAttribute_passed] @15-12-2021 01:55:39.0865 A
[ReportManager] Browser Action [CloseCurrentWindow] successfully performed. @15-12-2021 01:55:40.0334 AM
[ReportManager] Successfully created attachment [Browser Action Test Data - CloseCurrentWindow - Actual Value] @15-12-2021 01:55:40.0336 A
[ReportManager] File Action [GetAbsolutePath] successfully performed. With the following test data [Relative Folder Path: "target/downloadedFiles/"]. @15-12-2021 01:55:40.0343 AM
[ReportManager] Attempting to run locally on: [Mac-64], [Safari], Headless Execution. @15-12-2021 01:55:40.0343 AM
[ReportManager] An Exception Occured with this Message: Could not start a new session. Possible causes are invalid address of the remote server or browser start-up failure.. @15-12-2021 01:55:40.0572 AM
[ReportManager] Successfully created attachment [Exception Stack Trace - org.openqa.selenium.SessionNotCreatedException] @15-12-2021 01:55:40.0573 AM
[ReportManager] Driver Factory Action [createNewLocalDriverInstanceForSafari] failed. With the following test data [Failed to create a session on DESKTOP_SAFARI]. @15-12-2021 01:55:40.0573 A

################################################################################################################################################
Starting Execution:	[39 out of 146] test cases in the current suite
Test Method:		[unitTests.tests_validations_assertions.assertElementAttribute_true_containsComparison_expectedToFail]
###############################################################################################################################################



################################################################################################################################################
Starting Execution:	[40 out of 146] test cases in the current suite
Test Method:		[unitTests.tests_validations_assertions.assertElementAttribute_true_containsComparison_expectedToPass]
###############################################################################################################################################



################################################################################################################################################
Starting Execution:	[41 out of 146] test cases in the current suite
Test Method:		[unitTests.tests_validations_assertions.assertElementAttribute_true_literalComparison_expectedToFail]
###############################################################################################################################################



################################################################################################################################################
Starting Execution:	[42 out of 146] test cases in the current suite
Test Method:		[unitTests.tests_validations_assertions.assertElementAttribute_true_literalComparison_expectedToPass]
###############################################################################################################################################



################################################################################################################################################
Starting Execution:	[43 out of 146] test cases in the current suite
Test Method:		[unitTests.tests_validations_assertions.assertElementAttribute_true_regexComparison_expectedToFail]
###############################################################################################################################################



################################################################################################################################################
Starting Execution:	[44 out of 146] test cases in the current suite
Test Method:		[unitTests.tests_validations_assertions.assertElementAttribute_true_regexComparison_expectedToPass]
###############################################################################################################################################



################################################################################################################################################
Starting Execution:	[45 out of 146] test cases in the current suite
Test Method:		[unitTests.tests_validations_assertions.assertElementAttribute_type_true_literalComparison_expectedToPass]
###############################################################################################################################################



################################################################################################################################################
Starting Execution:	[46 out of 146] test cases in the current suite
Test Method:		[unitTests.tests_validations_assertions.assertElementExists_false_expectedToFail]
###############################################################################################################################################



################################################################################################################################################
Starting Execution:	[47 out of 146] test cases in the current suite
Test Method:		[unitTests.tests_validations_assertions.assertElementExists_false_expectedToPass]
###############################################################################################################################################



################################################################################################################################################
Starting Execution:	[48 out of 146] test cases in the current suite
Test Method:		[unitTests.tests_validations_assertions.assertElementExists_false_multipleElementsFound_expectedToFail]
###############################################################################################################################################



################################################################################################################################################
Starting Execution:	[49 out of 146] test cases in the current suite
Test Method:		[unitTests.tests_validations_assertions.assertElementExists_true_expectedToFail]
###############################################################################################################################################



################################################################################################################################################
Starting Execution:	[50 out of 146] test cases in the current suite
Test Method:		[unitTests.tests_validations_assertions.assertElementExists_true_expectedToPass]
###############################################################################################################################################



################################################################################################################################################
Starting Execution:	[51 out of 146] test cases in the current suite
Test Method:		[unitTests.tests_validations_assertions.assertElementExists_true_multipleElementsFound_expectedToFail]
###############################################################################################################################################


################################################################################################################################################
Starting Execution:	[52 out of 146] test cases in the current suite
Test Method:		[unitTests.tests_validations_assertions.assertEquals_false_expectedToFail]
###############################################################################################################################################

################################################################################################################################################
Starting Execution:	[53 out of 146] test cases in the current suite
Test Method:		[unitTests.tests_validations_assertions.assertEquals_false_expectedToPass]
###############################################################################################################################################

################################################################################################################################################
Starting Execution:	[54 out of 146] test cases in the current suite
Test Method:		[unitTests.tests_validations_assertions.assertEquals_longCharacters]
###############################################################################################################################################

################################################################################################################################################
Starting Execution:	[55 out of 146] test cases in the current suite
Test Method:		[unitTests.tests_validations_assertions.assertEquals_longCharacters_Discreet]
###############################################################################################################################################

################################################################################################################################################
Starting Execution:	[56 out of 146] test cases in the current suite
Test Method:		[unitTests.tests_validations_assertions.assertEquals_true_expectedToFail]
###############################################################################################################################################

################################################################################################################################################
Starting Execution:	[57 out of 146] test cases in the current suite
Test Method:		[unitTests.tests_validations_assertions.assertEquals_true_expectedToPass]
Test Description:	[Assert that assertEquals works as expected when the two values are equal.]
###############################################################################################################################################

################################################################################################################################################
Starting Execution:	[58 out of 146] test cases in the current suite
Test Method:		[unitTests.tests_validations_assertions.assertEquals_true_expectedToPass__]
###############################################################################################################################################

################################################################################################################################################
Starting Execution:	[59 out of 146] test cases in the current suite
Test Method:		[unitTests.tests_validations_assertions.assertFileExists_false_expectedToFail]
###############################################################################################################################################

################################################################################################################################################
Starting Execution:	[60 out of 146] test cases in the current suite
Test Method:		[unitTests.tests_validations_assertions.assertFileExists_false_expectedToPass]
###############################################################################################################################################

################################################################################################################################################
Starting Execution:	[61 out of 146] test cases in the current suite
Test Method:		[unitTests.tests_validations_assertions.assertFileExists_true_expectedToFail]
###############################################################################################################################################

################################################################################################################################################
Starting Execution:	[62 out of 146] test cases in the current suite
Test Method:		[unitTests.tests_validations_assertions.assertFileExists_true_expectedToPass]
###############################################################################################################################################

################################################################################################################################################
Starting Execution:	[63 out of 146] test cases in the current suite
Test Method:		[unitTests.tests_validations_assertions.assertNull_false_expectedToFail]
###############################################################################################################################################

################################################################################################################################################
Starting Execution:	[64 out of 146] test cases in the current suite
Test Method:		[unitTests.tests_validations_assertions.assertNull_false_expectedToPass]
###############################################################################################################################################

################################################################################################################################################
Starting Execution:	[65 out of 146] test cases in the current suite
Test Method:		[unitTests.tests_validations_assertions.assertNull_true_expectedToFail]
###############################################################################################################################################

################################################################################################################################################
Starting Execution:	[66 out of 146] test cases in the current suite
Test Method:		[unitTests.tests_validations_assertions.assertNull_true_expectedToPass]
###############################################################################################################################################

################################################################################################################################################
Starting Execution:	[67 out of 146] test cases in the current suite
Test Method:		[unitTests.tests_restActions.getPostsAndAssertBodyForSpecificTitle]
################################################################################################################################################
[ReportManager] Response status code: [200], status line: [HTTP/1.1 200 OK] @15-12-2021 01:55:51.0164 AM
[ReportManager] Assertion Passed: Evaluating the actual response status code against the expected one... @15-12-2021 01:55:51.0169 AM
[ReportManager] Assertion [ValidateComparativeRelation] PASSED. Expected [200] and Actual [200]. Comparison Type [EQUALS]. Validation Type [POSITIVE]. @15-12-2021 01:55:51.0169 AM
[ReportManager] API Action [PerformRequest] successfully performed. With the following test data [Request Type: "GET" | Target Status Code: "200" | Service URL: "https://jsonplaceholder.typicode.com/posts" | Content Type: "*/*" | Response Time: "820ms"]. @15-12-2021 01:55:52.0281 AM
[ReportManager] Successfully created attachment [API Request - Specifications] @15-12-2021 01:55:52.0322 AM
[ReportManager] Successfully created attachment [API Response - JSON Body] @15-12-2021 01:55:52.0632 AM
[ReportManager] API Action [GetResponseJSONValueAsList] successfully performed. @15-12-2021 01:55:52.0661 AM
[ReportManager] API Action [GetResponseJSONValue] successfully performed. With the following test data [title]. @15-12-2021 01:55:52.0683 AM
[ReportManager] API Action [GetResponseJSONValue] successfully performed. With the following test data [title]. @15-12-2021 01:55:52.0699 AM
[ReportManager] API Action [GetResponseJSONValue] successfully performed. With the following test data [body]. @15-12-2021 01:55:52.0732 AM
[ReportManager] Assertion [ValidateEquals] PASSED. Expected [qui neque nisi nulla] and Actual [est rerum tempore vitae
sequi sint nihil reprehenderit dolor beatae ea dolores neque
fugiat blanditiis voluptate porro vel nihil molestiae ut reiciendis
qui aperiam non debitis possimus qui neque nisi nulla]. Comparison Type [CONTAINS]. Validation Type [POSITIVE]. @15-12-2021 01:55:52.0733 AM
[ReportManager] API Action [GetResponseJSONValue] successfully performed. With the following test data [title]. @15-12-2021 01:55:52.0748 AM
[ReportManager] API Action [GetResponseJSONValue] successfully performed. With the following test data [title]. @15-12-2021 01:55:52.0768 AM
[ReportManager] API Action [GetResponseJSONValue] successfully performed. With the following test data [title]. @15-12-2021 01:55:52.0785 AM
[ReportManager] API Action [GetResponseJSONValue] successfully performed. With the following test data [title]. @15-12-2021 01:55:52.0817 AM
[ReportManager] API Action [GetResponseJSONValue] successfully performed. With the following test data [title]. @15-12-2021 01:55:52.0842 AM
[ReportManager] API Action [GetResponseJSONValue] successfully performed. With the following test data [title]. @15-12-2021 01:55:52.0857 AM
[ReportManager] API Action [GetResponseJSONValue] successfully performed. With the following test data [title]. @15-12-2021 01:55:52.0870 AM
[ReportManager] API Action [GetResponseJSONValue] successfully performed. With the following test data [title]. @15-12-2021 01:55:52.0884 AM
[ReportManager] API Action [GetResponseJSONValue] successfully performed. With the following test data [title]. @15-12-2021 01:55:52.0899 AM
[ReportManager] API Action [GetResponseJSONValue] successfully performed. With the following test data [title]. @15-12-2021 01:55:52.0914 AM
[ReportManager] API Action [GetResponseJSONValue] successfully performed. With the following test data [title]. @15-12-2021 01:55:52.0930 AM
[ReportManager] API Action [GetResponseJSONValue] successfully performed. With the following test data [title]. @15-12-2021 01:55:52.0956 AM
[ReportManager] API Action [GetResponseJSONValue] successfully performed. With the following test data [title]. @15-12-2021 01:55:52.0969 AM
[ReportManager] API Action [GetResponseJSONValue] successfully performed. With the following test data [title]. @15-12-2021 01:55:52.0982 AM
[ReportManager] API Action [GetResponseJSONValue] successfully performed. With the following test data [title]. @15-12-2021 01:55:52.0995 AM
[ReportManager] API Action [GetResponseJSONValue] successfully performed. With the following test data [title]. @15-12-2021 01:55:53.0008 AM
[ReportManager] API Action [GetResponseJSONValue] successfully performed. With the following test data [title]. @15-12-2021 01:55:53.0020 AM
[ReportManager] API Action [GetResponseJSONValue] successfully performed. With the following test data [title]. @15-12-2021 01:55:53.0034 AM
[ReportManager] API Action [GetResponseJSONValue] successfully performed. With the following test data [title]. @15-12-2021 01:55:53.0046 AM
[ReportManager] API Action [GetResponseJSONValue] successfully performed. With the following test data [title]. @15-12-2021 01:55:53.0059 AM
[ReportManager] API Action [GetResponseJSONValue] successfully performed. With the following test data [title]. @15-12-2021 01:55:53.0071 AM
[ReportManager] API Action [GetResponseJSONValue] successfully performed. With the following test data [title]. @15-12-2021 01:55:53.0085 AM
[ReportManager] API Action [GetResponseJSONValue] successfully performed. With the following test data [title]. @15-12-2021 01:55:53.0098 AM
[ReportManager] API Action [GetResponseJSONValue] successfully performed. With the following test data [title]. @15-12-2021 01:55:53.0110 AM
[ReportManager] API Action [GetResponseJSONValue] successfully performed. With the following test data [title]. @15-12-2021 01:55:53.0123 AM
[ReportManager] API Action [GetResponseJSONValue] successfully performed. With the following test data [title]. @15-12-2021 01:55:53.0136 AM
[ReportManager] API Action [GetResponseJSONValue] successfully performed. With the following test data [title]. @15-12-2021 01:55:53.0149 AM
[ReportManager] API Action [GetResponseJSONValue] successfully performed. With the following test data [title]. @15-12-2021 01:55:53.0162 AM
[ReportManager] API Action [GetResponseJSONValue] successfully performed. With the following test data [title]. @15-12-2021 01:55:53.0175 AM
[ReportManager] API Action [GetResponseJSONValue] successfully performed. With the following test data [title]. @15-12-2021 01:55:53.0187 AM
[ReportManager] API Action [GetResponseJSONValue] successfully performed. With the following test data [title]. @15-12-2021 01:55:53.0198 AM
[ReportManager] API Action [GetResponseJSONValue] successfully performed. With the following test data [title]. @15-12-2021 01:55:53.0210 AM
[ReportManager] API Action [GetResponseJSONValue] successfully performed. With the following test data [title]. @15-12-2021 01:55:53.0222 AM
[ReportManager] API Action [GetResponseJSONValue] successfully performed. With the following test data [title]. @15-12-2021 01:55:53.0234 AM
[ReportManager] API Action [GetResponseJSONValue] successfully performed. With the following test data [title]. @15-12-2021 01:55:53.0247 AM
[ReportManager] API Action [GetResponseJSONValue] successfully performed. With the following test data [title]. @15-12-2021 01:55:53.0258 AM
[ReportManager] API Action [GetResponseJSONValue] successfully performed. With the following test data [title]. @15-12-2021 01:55:53.0269 AM
[ReportManager] API Action [GetResponseJSONValue] successfully performed. With the following test data [title]. @15-12-2021 01:55:53.0281 AM
[ReportManager] API Action [GetResponseJSONValue] successfully performed. With the following test data [title]. @15-12-2021 01:55:53.0295 AM
[ReportManager] API Action [GetResponseJSONValue] successfully performed. With the following test data [title]. @15-12-2021 01:55:53.0307 AM
[ReportManager] API Action [GetResponseJSONValue] successfully performed. With the following test data [title]. @15-12-2021 01:55:53.0318 AM
[ReportManager] API Action [GetResponseJSONValue] successfully performed. With the following test data [title]. @15-12-2021 01:55:53.0332 AM
[ReportManager] API Action [GetResponseJSONValue] successfully performed. With the following test data [title]. @15-12-2021 01:55:53.0345 AM
[ReportManager] API Action [GetResponseJSONValue] successfully performed. With the following test data [title]. @15-12-2021 01:55:53.0357 AM
[ReportManager] API Action [GetResponseJSONValue] successfully performed. With the following test data [title]. @15-12-2021 01:55:53.0369 AM
[ReportManager] API Action [GetResponseJSONValue] successfully performed. With the following test data [title]. @15-12-2021 01:55:53.0381 AM
[ReportManager] API Action [GetResponseJSONValue] successfully performed. With the following test data [title]. @15-12-2021 01:55:53.0396 AM
[ReportManager] API Action [GetResponseJSONValue] successfully performed. With the following test data [title]. @15-12-2021 01:55:53.0420 AM
[ReportManager] API Action [GetResponseJSONValue] successfully performed. With the following test data [title]. @15-12-2021 01:55:53.0435 AM
[ReportManager] API Action [GetResponseJSONValue] successfully performed. With the following test data [title]. @15-12-2021 01:55:53.0447 AM
[ReportManager] API Action [GetResponseJSONValue] successfully performed. With the following test data [title]. @15-12-2021 01:55:53.0459 AM
[ReportManager] API Action [GetResponseJSONValue] successfully performed. With the following test data [title]. @15-12-2021 01:55:53.0473 AM
[ReportManager] API Action [GetResponseJSONValue] successfully performed. With the following test data [title]. @15-12-2021 01:55:53.0485 AM
[ReportManager] API Action [GetResponseJSONValue] successfully performed. With the following test data [title]. @15-12-2021 01:55:53.0497 AM
[ReportManager] API Action [GetResponseJSONValue] successfully performed. With the following test data [title]. @15-12-2021 01:55:53.0509 AM
[ReportManager] API Action [GetResponseJSONValue] successfully performed. With the following test data [title]. @15-12-2021 01:55:53.0521 AM
[ReportManager] API Action [GetResponseJSONValue] successfully performed. With the following test data [title]. @15-12-2021 01:55:53.0532 AM
[ReportManager] API Action [GetResponseJSONValue] successfully performed. With the following test data [title]. @15-12-2021 01:55:53.0543 AM
[ReportManager] API Action [GetResponseJSONValue] successfully performed. With the following test data [title]. @15-12-2021 01:55:53.0556 AM
[ReportManager] API Action [GetResponseJSONValue] successfully performed. With the following test data [title]. @15-12-2021 01:55:53.0587 AM
[ReportManager] API Action [GetResponseJSONValue] successfully performed. With the following test data [title]. @15-12-2021 01:55:53.0599 AM
[ReportManager] API Action [GetResponseJSONValue] successfully performed. With the following test data [title]. @15-12-2021 01:55:53.0610 AM
[ReportManager] API Action [GetResponseJSONValue] successfully performed. With the following test data [title]. @15-12-2021 01:55:53.0622 AM
[ReportManager] API Action [GetResponseJSONValue] successfully performed. With the following test data [title]. @15-12-2021 01:55:53.0633 AM
[ReportManager] API Action [GetResponseJSONValue] successfully performed. With the following test data [title]. @15-12-2021 01:55:53.0643 AM
[ReportManager] API Action [GetResponseJSONValue] successfully performed. With the following test data [title]. @15-12-2021 01:55:53.0654 AM
[ReportManager] API Action [GetResponseJSONValue] successfully performed. With the following test data [title]. @15-12-2021 01:55:53.0664 AM
[ReportManager] API Action [GetResponseJSONValue] successfully performed. With the following test data [title]. @15-12-2021 01:55:53.0675 AM
[ReportManager] API Action [GetResponseJSONValue] successfully performed. With the following test data [title]. @15-12-2021 01:55:53.0687 AM
[ReportManager] API Action [GetResponseJSONValue] successfully performed. With the following test data [title]. @15-12-2021 01:55:53.0697 AM
[ReportManager] API Action [GetResponseJSONValue] successfully performed. With the following test data [title]. @15-12-2021 01:55:53.0708 AM
[ReportManager] API Action [GetResponseJSONValue] successfully performed. With the following test data [title]. @15-12-2021 01:55:53.0718 AM
[ReportManager] API Action [GetResponseJSONValue] successfully performed. With the following test data [title]. @15-12-2021 01:55:53.0729 AM
[ReportManager] API Action [GetResponseJSONValue] successfully performed. With the following test data [title]. @15-12-2021 01:55:53.0739 AM
[ReportManager] API Action [GetResponseJSONValue] successfully performed. With the following test data [title]. @15-12-2021 01:55:53.0750 AM
[ReportManager] API Action [GetResponseJSONValue] successfully performed. With the following test data [title]. @15-12-2021 01:55:53.0763 AM
[ReportManager] API Action [GetResponseJSONValue] successfully performed. With the following test data [title]. @15-12-2021 01:55:53.0775 AM
[ReportManager] API Action [GetResponseJSONValue] successfully performed. With the following test data [title]. @15-12-2021 01:55:53.0786 AM
[ReportManager] API Action [GetResponseJSONValue] successfully performed. With the following test data [title]. @15-12-2021 01:55:53.0797 AM
[ReportManager] API Action [GetResponseJSONValue] successfully performed. With the following test data [title]. @15-12-2021 01:55:53.0809 AM
[ReportManager] API Action [GetResponseJSONValue] successfully performed. With the following test data [title]. @15-12-2021 01:55:53.0820 AM
[ReportManager] API Action [GetResponseJSONValue] successfully performed. With the following test data [title]. @15-12-2021 01:55:53.0833 AM
[ReportManager] API Action [GetResponseJSONValue] successfully performed. With the following test data [title]. @15-12-2021 01:55:53.0845 AM
[ReportManager] API Action [GetResponseJSONValue] successfully performed. With the following test data [title]. @15-12-2021 01:55:53.0856 AM
[ReportManager] API Action [GetResponseJSONValue] successfully performed. With the following test data [title]. @15-12-2021 01:55:53.0866 AM
[ReportManager] API Action [GetResponseJSONValue] successfully performed. With the following test data [title]. @15-12-2021 01:55:53.0896 AM
[ReportManager] API Action [GetResponseJSONValue] successfully performed. With the following test data [title]. @15-12-2021 01:55:53.0918 AM
[ReportManager] API Action [GetResponseJSONValue] successfully performed. With the following test data [title]. @15-12-2021 01:55:53.0936 AM
[ReportManager] API Action [GetResponseJSONValue] successfully performed. With the following test data [title]. @15-12-2021 01:55:53.0954 AM
[ReportManager] API Action [GetResponseJSONValue] successfully performed. With the following test data [title]. @15-12-2021 01:55:53.0973 AM
[ReportManager] API Action [GetResponseJSONValue] successfully performed. With the following test data [title]. @15-12-2021 01:55:53.0986 AM
[ReportManager] API Action [GetResponseJSONValue] successfully performed. With the following test data [title]. @15-12-2021 01:55:54.0003 AM
[ReportManager] API Action [GetResponseJSONValue] successfully performed. With the following test data [title]. @15-12-2021 01:55:54.0022 AM
[ReportManager] API Action [GetResponseJSONValue] successfully performed. With the following test data [title]. @15-12-2021 01:55:54.0039 AM
[ReportManager] API Action [GetResponseJSONValue] successfully performed. With the following test data [title]. @15-12-2021 01:55:54.0060 AM
[ReportManager] API Action [GetResponseJSONValue] successfully performed. With the following test data [title]. @15-12-2021 01:55:54.0075 AM
[ReportManager] API Action [GetResponseJSONValue] successfully performed. With the following test data [title]. @15-12-2021 01:55:54.0090 AM
[ReportManager] API Action [GetResponseJSONValue] successfully performed. With the following test data [title]. @15-12-2021 01:55:54.0105 A

################################################################################################################################################
Starting Execution:	[68 out of 146] test cases in the current suite
Test Method:		[unitTests.tests_restActions.validateUserEmail]
################################################################################################################################################
[ReportManager] Response status code: [200], status line: [HTTP/1.1 200 OK] @15-12-2021 01:55:54.0299 AM
[ReportManager] Assertion Passed: Evaluating the actual response status code against the expected one... @15-12-2021 01:55:54.0299 AM
[ReportManager] Assertion [ValidateComparativeRelation] PASSED. Expected [200] and Actual [200]. Comparison Type [EQUALS]. Validation Type [POSITIVE]. @15-12-2021 01:55:54.0300 AM
[ReportManager] API Action [PerformRequest] successfully performed. With the following test data [Request Type: "GET" | Target Status Code: "200" | Service URL: "https://jsonplaceholder.typicode.com/users" | Content Type: "*/*" | Response Time: "61ms"]. @15-12-2021 01:55:54.0325 AM
[ReportManager] Successfully created attachment [API Request - Specifications] @15-12-2021 01:55:54.0407 AM
[ReportManager] Successfully created attachment [API Response - JSON Body] @15-12-2021 01:55:54.0449 AM
[ReportManager] Assertion [ValidateEquals] PASSED. Expected and Actual values are attached. Comparison Type [CONTAINS]. Validation Type [POSITIVE]. @15-12-2021 01:55:54.0450 AM
[ReportManager] Successfully created attachment [Validation Test Data - Expected Value] @15-12-2021 01:55:54.0531 AM
[ReportManager] Successfully created attachment [Validation Test Data - Actual Value] @15-12-2021 01:55:54.0572 AM
[ReportManager] API Action [GetResponseJSONValueAsList] successfully performed. With the following test data [$]. @15-12-2021 01:55:54.0582 AM
[ReportManager] API Action [GetResponseJSONValue] successfully performed. With the following test data [name]. @15-12-2021 01:55:54.0594 AM
[ReportManager] API Action [GetResponseJSONValue] successfully performed. With the following test data [email]. @15-12-2021 01:55:54.0605 AM
[ReportManager] Assertion [ValidateEquals] PASSED. Expected [Sincere@april.biz] and Actual [Sincere@april.biz]. Comparison Type [EQUALS]. Validation Type [POSITIVE]. @15-12-2021 01:55:54.0606 AM
[ReportManager] API Action [GetResponseJSONValue] successfully performed. With the following test data [name]. @15-12-2021 01:55:54.0617 AM
[ReportManager] API Action [GetResponseJSONValue] successfully performed. With the following test data [name]. @15-12-2021 01:55:54.0631 AM
[ReportManager] API Action [GetResponseJSONValue] successfully performed. With the following test data [name]. @15-12-2021 01:55:54.0642 AM
[ReportManager] API Action [GetResponseJSONValue] successfully performed. With the following test data [name]. @15-12-2021 01:55:54.0654 AM
[ReportManager] API Action [GetResponseJSONValue] successfully performed. With the following test data [name]. @15-12-2021 01:55:54.0666 AM
[ReportManager] API Action [GetResponseJSONValue] successfully performed. With the following test data [name]. @15-12-2021 01:55:54.0678 AM
[ReportManager] API Action [GetResponseJSONValue] successfully performed. With the following test data [name]. @15-12-2021 01:55:54.0691 AM
[ReportManager] API Action [GetResponseJSONValue] successfully performed. With the following test data [name]. @15-12-2021 01:55:54.0702 AM
[ReportManager] API Action [GetResponseJSONValue] successfully performed. With the following test data [name]. @15-12-2021 01:55:54.0713 A
[ReportManager] File Action [GetAbsolutePath] successfully performed. With the following test data [Relative Folder Path: "target/downloadedFiles/"]. @15-12-2021 01:55:54.0840 AM
[ReportManager] Attempting to run locally on: [Mac-64], [Safari], Headless Execution. @15-12-2021 01:55:54.0840 AM
[ReportManager] Successfully Opened Safari. @15-12-2021 01:55:55.0677 AM
[ReportManager] Initial window size: (800, 600) @15-12-2021 01:55:55.0706 AM
[ReportManager] Window size after SWD Maximize: (1176, 803) @15-12-2021 01:55:55.0721 AM
[ReportManager] Browser Action [MaximizeWindow] successfully performed. With the following test data [New screen size is now: (1176, 803)]. @15-12-2021 01:55:55.0721 A

################################################################################################################################################
Starting Execution:	[69 out of 146] test cases in the current suite
Test Method:		[testPackage01.Test_uploadFile.uploadFile_invisibleUploadInput]
################################################################################################################################################
[ReportManager] Target URL: [https://fineuploader.com/demos.html#gallery-view] @15-12-2021 01:55:55.0854 AM
[ReportManager] Initial URL: [] @15-12-2021 01:55:55.0883 AM
[ReportManager] Browser Action [NavigateToURL] successfully performed. With the following test data [https://fineuploader.com/demos.html#gallery-view]. @15-12-2021 01:55:57.0611 AM
[ReportManager] File Action [GetAbsolutePath] successfully performed. With the following test data [Relative File Path: "src/main/resources/images/shaft.png"]. @15-12-2021 01:55:57.0612 AM
[ReportManager] Successfully created attachment [File Action Actual Result - Command Log] @15-12-2021 01:55:57.0677 AM
[ReportManager] Element Action [TypeFileLocationForUpload] successfully performed. With the following test data [/Users/runner/work/SHAFT_ENGINE/SHAFT_ENGINE/src/main/resources/images/shaft.png]. @15-12-2021 01:55:57.0730 AM
[ReportManager] Attempting to getAttribute [src] from elementLocator [By.xpath: //div[@id='fine-uploader-gallery']//div[@class='qq-thumbnail-wrapper']/img]. @15-12-2021 01:55:57.0733 AM
[ReportManager] Element Action [GetAttribute] successfully performed. @15-12-2021 01:55:57.0852 AM
[ReportManager] Successfully created attachment [Element Action Test Data - GetAttribute - Actual Value] @15-12-2021 01:55:58.0013 AM
[ReportManager] Loaded Shared OpenCV @15-12-2021 01:55:58.0079 AM
[ReportManager] Assertion Passed: Then I Assert that the element found by [By.xpath: //div[@id='fine-uploader-gallery']//div[@class='qq-thumbnail-wrapper']/img] attribute [src] contains [data:image/png;base64]. @15-12-2021 01:55:58.0349 AM
[ReportManager] Successfully created attachment [Validation Test Data - Expected Value] @15-12-2021 01:55:58.0432 AM
[ReportManager] Successfully created attachment [Validation Test Data - Actual Value] @15-12-2021 01:55:58.0514 AM
[ReportManager] Successfully created attachment [Screenshot - 1639533358079_uploadFile_invisibleUploadInput_ValidateElementAttribute_passed] @15-12-2021 01:55:58.0636 AM
[ReportManager] Assertion [ValidateElementAttribute] PASSED. Expected and Actual values are attached. Comparison Type [CONTAINS]. Validation Type [POSITIVE]. @15-12-2021 01:55:58.0636 A
[ReportManager] Browser Action [CloseCurrentWindow] successfully performed. @15-12-2021 01:55:59.0135 AM
[ReportManager] Successfully created attachment [Browser Action Test Data - CloseCurrentWindow - Actual Value] @15-12-2021 01:55:59.0218 A
[ReportManager] File Action [GetAbsolutePath] successfully performed. With the following test data [Relative Folder Path: "target/downloadedFiles/"]. @15-12-2021 01:55:59.0345 AM
[ReportManager] Attempting to run locally on: [Mac-64], [Safari], Headless Execution. @15-12-2021 01:55:59.0346 AM
[ReportManager] Successfully Opened Safari. @15-12-2021 01:56:00.0431 AM
[ReportManager] Initial window size: (800, 600) @15-12-2021 01:56:00.0468 AM
[ReportManager] Window size after SWD Maximize: (1176, 803) @15-12-2021 01:56:00.0508 AM
[ReportManager] Browser Action [MaximizeWindow] successfully performed. With the following test data [New screen size is now: (1176, 803)]. @15-12-2021 01:56:00.0509 A

################################################################################################################################################
Starting Execution:	[70 out of 146] test cases in the current suite
Test Method:		[testPackage01.Test_uploadFile.uploadFile_visibleUploadInput]
################################################################################################################################################
[ReportManager] Target URL: [http://demo.guru99.com/test/upload/] @15-12-2021 01:56:00.0635 AM
[ReportManager] Initial URL: [] @15-12-2021 01:56:00.0668 AM
[ReportManager] Browser Action [NavigateToURL] successfully performed. With the following test data [http://demo.guru99.com/test/upload/]. @15-12-2021 01:56:03.0042 AM
[ReportManager] File Action [GetAbsolutePath] successfully performed. With the following test data [Relative Folder Path: "src/main/resources/images/shaft.png"]. @15-12-2021 01:56:03.0043 AM
[ReportManager] Element Action [TypeFileLocationForUpload] successfully performed. With the following test data [/Users/runner/work/SHAFT_ENGINE/SHAFT_ENGINE/src/main/resources/images/shaft.png]. @15-12-2021 01:56:03.0172 AM
[ReportManager] Element Action [Click] successfully performed. With the following test data [By.id: terms]. @15-12-2021 01:56:05.0545 AM
[ReportManager] Element Action [Click] successfully performed. With the following test data [By.id: submitbutton]. @15-12-2021 01:56:05.0744 AM
[ReportManager] Element Action [GetText] successfully performed. With the following test data [1 file has been successfully uploaded.]. @15-12-2021 01:56:06.0379 AM
[ReportManager] Loaded Shared OpenCV @15-12-2021 01:56:06.0436 AM
[ReportManager] Assertion Passed: Then I Assert that the element found by [By.id: res] attribute [Text] contains [1 file]. @15-12-2021 01:56:06.0738 AM
[ReportManager] Successfully created attachment [Screenshot - 1639533366436_uploadFile_visibleUploadInput_ValidateElementAttribute_passed] @15-12-2021 01:56:06.0819 AM
[ReportManager] Assertion [ValidateElementAttribute] PASSED. Expected [Value Should be '1 file' for the 'Text' attribute, element locator 'By.id: res'] and Actual [1 file has been successfully uploaded.]. Comparison Type [CONTAINS]. Validation Type [POSITIVE]. @15-12-2021 01:56:06.0819 A
[ReportManager] Browser Action [CloseCurrentWindow] successfully performed. @15-12-2021 01:56:07.0356 AM
[ReportManager] Successfully created attachment [Browser Action Test Data - CloseCurrentWindow - Actual Value] @15-12-2021 01:56:07.0438 A

################################################################################################################################################
Starting Execution:	[71 out of 146] test cases in the current suite
Test Method:		[testPackage01.Test_AssertApiResponseEquals.assertApiResponseEquals_expectedToPass]
################################################################################################################################################
[ReportManager] Response status code: [200], status line: [HTTP/1.1 200 OK] @15-12-2021 01:56:07.0630 AM
[ReportManager] Assertion Passed: Evaluating the actual response status code against the expected one... @15-12-2021 01:56:07.0631 AM
[ReportManager] Assertion [ValidateComparativeRelation] PASSED. Expected [200] and Actual [200]. Comparison Type [EQUALS]. Validation Type [POSITIVE]. @15-12-2021 01:56:07.0631 AM
[ReportManager] API Action [PerformRequest] successfully performed. With the following test data [Request Type: "GET" | Target Status Code: "200" | Service URL: "https://jsonplaceholder.typicode.com/users" | Content Type: "*/*" | Response Time: "59ms"]. @15-12-2021 01:56:07.0653 AM
[ReportManager] Successfully created attachment [API Request - Specifications] @15-12-2021 01:56:07.0694 AM
[ReportManager] Successfully created attachment [API Response - JSON Body] @15-12-2021 01:56:07.0777 AM
[ReportManager] API Action [GetResponseJSONValueAsList] successfully performed. With the following test data [$]. @15-12-2021 01:56:07.0784 AM
[ReportManager] API Action [GetResponseJSONValue] successfully performed. With the following test data [name]. @15-12-2021 01:56:07.0797 AM
[ReportManager] API Action [GetResponseJSONValue] successfully performed. With the following test data [email]. @15-12-2021 01:56:07.0811 AM
[ReportManager] Verification [ValidateEquals] PASSED. Expected [Sincere@april.biz] and Actual [Sincere@april.biz]. Comparison Type [EQUALS]. Validation Type [POSITIVE]. @15-12-2021 01:56:07.0811 AM
[ReportManager] API Action [GetResponseJSONValue] successfully performed. With the following test data [username]. @15-12-2021 01:56:07.0823 AM
[ReportManager] Assertion [ValidateEquals] PASSED. Expected [Bret] and Actual [Bret]. Comparison Type [EQUALS]. Validation Type [POSITIVE]. @15-12-2021 01:56:07.0823 AM
[ReportManager] API Action [GetResponseJSONValue] successfully performed. With the following test data [name]. @15-12-2021 01:56:07.0835 AM
[ReportManager] API Action [GetResponseJSONValue] successfully performed. With the following test data [name]. @15-12-2021 01:56:07.0846 AM
[ReportManager] API Action [GetResponseJSONValue] successfully performed. With the following test data [name]. @15-12-2021 01:56:07.0857 AM
[ReportManager] API Action [GetResponseJSONValue] successfully performed. With the following test data [name]. @15-12-2021 01:56:07.0868 AM
[ReportManager] API Action [GetResponseJSONValue] successfully performed. With the following test data [name]. @15-12-2021 01:56:07.0879 AM
[ReportManager] API Action [GetResponseJSONValue] successfully performed. With the following test data [name]. @15-12-2021 01:56:07.0892 AM
[ReportManager] API Action [GetResponseJSONValue] successfully performed. With the following test data [name]. @15-12-2021 01:56:07.0902 AM
[ReportManager] API Action [GetResponseJSONValue] successfully performed. With the following test data [name]. @15-12-2021 01:56:07.0914 AM
[ReportManager] API Action [GetResponseJSONValue] successfully performed. With the following test data [name]. @15-12-2021 01:56:07.0928 A

################################################################################################################################################
Starting Execution:	[72 out of 146] test cases in the current suite
Test Method:		[testPackage01.Test_testData.f]
################################################################################################################################################
[ReportManager] Successfully loaded the following test data file [src/test/resources/testDataFiles/testSuite01/TestData.xlsx]. @15-12-2021 01:56:07.0990 AM
[ReportManager] Successfully created attachment [Test Data - Excel] @15-12-2021 01:56:08.0031 AM
[ReportManager] Last Column Number is: [3]. Zero-based. @15-12-2021 01:56:08.0032 A

################################################################################################################################################
Starting Execution:	[73 out of 146] test cases in the current suite
Test Method:		[testPackage01.Test_PDF.testPDF1]
################################################################################################################################################
[ReportManager] File Action [DoesFileExist] successfully performed. With the following test data [File Path: "src/test/resources/testDataFiles/sample.pdf"]. @15-12-2021 01:56:08.0203 AM
[ReportManager] File Action [GetAbsolutePath] successfully performed. With the following test data [Relative Folder Path: "src/test/resources/testDataFiles/sample.pdf"]. @15-12-2021 01:56:08.0204 AM
[ReportManager] Assertion Passed: Checking to see that the pdf file contains [A Simple PDF File] @15-12-2021 01:57:55.0953 AM
[ReportManager] Successfully created attachment [Validation Test Data - Expected Value] @15-12-2021 01:57:55.0954 AM
[ReportManager] Successfully created attachment [Validation Test Data - Actual Value] @15-12-2021 01:57:55.0955 AM
[ReportManager] Assertion [ValidateEquals] PASSED. Expected and Actual values are attached. Comparison Type [CONTAINS]. Validation Type [POSITIVE]. @15-12-2021 01:57:55.0955 A

################################################################################################################################################
Starting Execution:	[74 out of 146] test cases in the current suite
Test Method:		[testPackage01.Test_PDF.testPDF2]
################################################################################################################################################
[ReportManager] File Action [DoesFileExist] successfully performed. With the following test data [File Path: "src/test/resources/testDataFiles/sample.pdf"]. @15-12-2021 01:57:56.0140 AM
[ReportManager] File Action [GetAbsolutePath] successfully performed. With the following test data [Relative Folder Path: "src/test/resources/testDataFiles/sample.pdf"]. @15-12-2021 01:57:56.0140 AM
[ReportManager] Assertion Passed: Checking to see that the pdf file contains [A Simple PDF File] @15-12-2021 01:57:56.0162 AM
[ReportManager] Successfully created attachment [Validation Test Data - Expected Value] @15-12-2021 01:57:56.0163 AM
[ReportManager] Successfully created attachment [Validation Test Data - Actual Value] @15-12-2021 01:57:56.0163 AM
[ReportManager] Assertion [ValidateEquals] PASSED. Expected and Actual values are attached. Comparison Type [CONTAINS]. Validation Type [POSITIVE]. @15-12-2021 01:57:56.0164 A
[ReportManager] File Action [GetAbsolutePath] successfully performed. With the following test data [Relative Folder Path: "target/downloadedFiles/"]. @15-12-2021 01:57:56.0166 AM
[ReportManager] Attempting to run locally on: [Mac-64], [Safari], Headless Execution. @15-12-2021 01:57:56.0166 AM
[ReportManager] An Exception Occured with this Message: Could not start a new session. Possible causes are invalid address of the remote server or browser start-up failure.. @15-12-2021 01:57:56.0244 AM
[ReportManager] Successfully created attachment [Exception Stack Trace - org.openqa.selenium.SessionNotCreatedException] @15-12-2021 01:57:56.0245 AM
[ReportManager] Driver Factory Action [createNewLocalDriverInstanceForSafari] failed. With the following test data [Failed to create a session on DESKTOP_SAFARI]. @15-12-2021 01:57:56.0245 A

################################################################################################################################################
Starting Execution:	[75 out of 146] test cases in the current suite
Test Method:		[testPackage01.Test_ShadowDOM.shadowdom]
###############################################################################################################################################

[ReportManager] File Action [GetAbsolutePath] successfully performed. With the following test data [Relative Folder Path: "target/downloadedFiles/"]. @15-12-2021 01:57:56.0321 AM
[ReportManager] Attempting to run locally on: [Mac-64], [Safari], Headless Execution. @15-12-2021 01:57:56.0322 AM
[ReportManager] Successfully Opened Safari. @15-12-2021 01:57:57.0358 AM
[ReportManager] Initial window size: (800, 600) @15-12-2021 01:57:57.0368 AM
[ReportManager] Window size after SWD Maximize: (1176, 803) @15-12-2021 01:57:57.0388 AM
[ReportManager] Browser Action [MaximizeWindow] successfully performed. With the following test data [New screen size is now: (1176, 803)]. @15-12-2021 01:57:57.0389 A

################################################################################################################################################
Starting Execution:	[76 out of 146] test cases in the current suite
Test Method:		[testPackage01.Test_clipboardActions.typeTextAndCopyPaste]
################################################################################################################################################
[ReportManager] Target URL: [https://www.google.com/ncr], and after redirection: [https://www.google.com] @15-12-2021 01:57:57.0391 AM
[ReportManager] Initial URL: [] @15-12-2021 01:57:57.0468 AM
[ReportManager] Browser Action [NavigateToURL] successfully performed. With the following test data [https://www.google.com/ncr]. @15-12-2021 01:57:59.0679 AM
[ReportManager] Element Action [Type] successfully performed. With the following test data [FIRST]. @15-12-2021 01:57:59.0913 A
[ReportManager] Browser Action [CloseCurrentWindow] successfully performed. @15-12-2021 01:58:00.0381 AM
[ReportManager] Successfully created attachment [Browser Action Test Data - CloseCurrentWindow - Actual Value] @15-12-2021 01:58:00.0384 A

################################################################################################################################################
Starting Execution:	[77 out of 146] test cases in the current suite
Test Method:		[testPackage01.Test_NewValidationHelper.f1]
################################################################################################################################################
[ReportManager] Assertion Passed: Checking valid user data @15-12-2021 01:58:00.0387 AM
[ReportManager] Successfully created attachment [Validation Test Data - Expected Value] @15-12-2021 01:58:00.0388 AM
[ReportManager] Successfully created attachment [Validation Test Data - Actual Value] @15-12-2021 01:58:00.0388 AM
[ReportManager] Assertion [ValidateEquals] PASSED. Expected and Actual values are attached. Comparison Type [EQUALS]. Validation Type [POSITIVE]. @15-12-2021 01:58:00.0388 A
[ReportManager] File Action [GetAbsolutePath] successfully performed. With the following test data [Relative Folder Path: "target/downloadedFiles/"]. @15-12-2021 01:58:00.0391 AM
[ReportManager] Attempting to run locally on: [Mac-64], [Safari], Headless Execution. @15-12-2021 01:58:00.0391 AM
[ReportManager] An Exception Occured with this Message: Could not start a new session. Possible causes are invalid address of the remote server or browser start-up failure.. @15-12-2021 01:58:00.0682 AM
[ReportManager] Successfully created attachment [Exception Stack Trace - org.openqa.selenium.SessionNotCreatedException] @15-12-2021 01:58:00.0682 AM
[ReportManager] Driver Factory Action [createNewLocalDriverInstanceForSafari] failed. With the following test data [Failed to create a session on DESKTOP_SAFARI]. @15-12-2021 01:58:00.0683 A

################################################################################################################################################
Starting Execution:	[78 out of 146] test cases in the current suite
Test Method:		[testPackage01.Test_NewValidationHelper.f10]
###############################################################################################################################################



################################################################################################################################################
Starting Execution:	[79 out of 146] test cases in the current suite
Test Method:		[testPackage01.Test_NewValidationHelper.f11]
###############################################################################################################################################



################################################################################################################################################
Starting Execution:	[80 out of 146] test cases in the current suite
Test Method:		[testPackage01.Test_NewValidationHelper.f12]
###############################################################################################################################################



################################################################################################################################################
Starting Execution:	[81 out of 146] test cases in the current suite
Test Method:		[testPackage01.Test_NewValidationHelper.f13]
###############################################################################################################################################



################################################################################################################################################
Starting Execution:	[82 out of 146] test cases in the current suite
Test Method:		[testPackage01.Test_NewValidationHelper.f14]
###############################################################################################################################################



################################################################################################################################################
Starting Execution:	[83 out of 146] test cases in the current suite
Test Method:		[testPackage01.Test_NewValidationHelper.f15]
###############################################################################################################################################



################################################################################################################################################
Starting Execution:	[84 out of 146] test cases in the current suite
Test Method:		[testPackage01.Test_NewValidationHelper.f16]
###############################################################################################################################################



################################################################################################################################################
Starting Execution:	[85 out of 146] test cases in the current suite
Test Method:		[testPackage01.Test_NewValidationHelper.f17]
###############################################################################################################################################



################################################################################################################################################
Starting Execution:	[86 out of 146] test cases in the current suite
Test Method:		[testPackage01.Test_NewValidationHelper.f18]
###############################################################################################################################################


################################################################################################################################################
Starting Execution:	[87 out of 146] test cases in the current suite
Test Method:		[testPackage01.Test_NewValidationHelper.f2]
###############################################################################################################################################


################################################################################################################################################
Starting Execution:	[88 out of 146] test cases in the current suite
Test Method:		[testPackage01.Test_NewValidationHelper.f20]
###############################################################################################################################################



################################################################################################################################################
Starting Execution:	[89 out of 146] test cases in the current suite
Test Method:		[testPackage01.Test_NewValidationHelper.f21]
###############################################################################################################################################



################################################################################################################################################
Starting Execution:	[90 out of 146] test cases in the current suite
Test Method:		[testPackage01.Test_NewValidationHelper.f22]
###############################################################################################################################################


################################################################################################################################################
Starting Execution:	[91 out of 146] test cases in the current suite
Test Method:		[testPackage01.Test_NewValidationHelper.f23]
###############################################################################################################################################

################################################################################################################################################
Starting Execution:	[92 out of 146] test cases in the current suite
Test Method:		[testPackage01.Test_NewValidationHelper.f24]
###############################################################################################################################################

################################################################################################################################################
Starting Execution:	[93 out of 146] test cases in the current suite
Test Method:		[testPackage01.Test_NewValidationHelper.f25]
###############################################################################################################################################

################################################################################################################################################
Starting Execution:	[94 out of 146] test cases in the current suite
Test Method:		[testPackage01.Test_NewValidationHelper.f26]
###############################################################################################################################################

################################################################################################################################################
Starting Execution:	[95 out of 146] test cases in the current suite
Test Method:		[testPackage01.Test_NewValidationHelper.f27]
###############################################################################################################################################

################################################################################################################################################
Starting Execution:	[96 out of 146] test cases in the current suite
Test Method:		[testPackage01.Test_NewValidationHelper.f28]
###############################################################################################################################################

################################################################################################################################################
Starting Execution:	[97 out of 146] test cases in the current suite
Test Method:		[testPackage01.Test_NewValidationHelper.f29]
###############################################################################################################################################

################################################################################################################################################
Starting Execution:	[98 out of 146] test cases in the current suite
Test Method:		[testPackage01.Test_NewValidationHelper.f3]
###############################################################################################################################################

################################################################################################################################################
Starting Execution:	[99 out of 146] test cases in the current suite
Test Method:		[testPackage01.Test_NewValidationHelper.f30]
###############################################################################################################################################

################################################################################################################################################
Starting Execution:	[100 out of 146] test cases in the current suite
Test Method:		[testPackage01.Test_NewValidationHelper.f31]
###############################################################################################################################################

################################################################################################################################################
Starting Execution:	[101 out of 146] test cases in the current suite
Test Method:		[testPackage01.Test_NewValidationHelper.f32]
###############################################################################################################################################

################################################################################################################################################
Starting Execution:	[102 out of 146] test cases in the current suite
Test Method:		[testPackage01.Test_NewValidationHelper.f33]
###############################################################################################################################################

################################################################################################################################################
Starting Execution:	[103 out of 146] test cases in the current suite
Test Method:		[testPackage01.Test_NewValidationHelper.f34]
###############################################################################################################################################

################################################################################################################################################
Starting Execution:	[104 out of 146] test cases in the current suite
Test Method:		[testPackage01.Test_NewValidationHelper.f35]
###############################################################################################################################################

################################################################################################################################################
Starting Execution:	[105 out of 146] test cases in the current suite
Test Method:		[testPackage01.Test_NewValidationHelper.f36]
###############################################################################################################################################

################################################################################################################################################
Starting Execution:	[106 out of 146] test cases in the current suite
Test Method:		[testPackage01.Test_NewValidationHelper.f37]
###############################################################################################################################################

################################################################################################################################################
Starting Execution:	[107 out of 146] test cases in the current suite
Test Method:		[testPackage01.Test_NewValidationHelper.f3_1]
###############################################################################################################################################

################################################################################################################################################
Starting Execution:	[108 out of 146] test cases in the current suite
Test Method:		[testPackage01.Test_NewValidationHelper.f4]
###############################################################################################################################################

################################################################################################################################################
Starting Execution:	[109 out of 146] test cases in the current suite
Test Method:		[testPackage01.Test_NewValidationHelper.f5]
###############################################################################################################################################

################################################################################################################################################
Starting Execution:	[110 out of 146] test cases in the current suite
Test Method:		[testPackage01.Test_NewValidationHelper.f6]
###############################################################################################################################################

################################################################################################################################################
Starting Execution:	[111 out of 146] test cases in the current suite
Test Method:		[testPackage01.Test_NewValidationHelper.f6_1]
###############################################################################################################################################

################################################################################################################################################
Starting Execution:	[112 out of 146] test cases in the current suite
Test Method:		[testPackage01.Test_NewValidationHelper.f6_2]
###############################################################################################################################################

################################################################################################################################################
Starting Execution:	[113 out of 146] test cases in the current suite
Test Method:		[testPackage01.Test_NewValidationHelper.f7]
###############################################################################################################################################


################################################################################################################################################
Starting Execution:	[114 out of 146] test cases in the current suite
Test Method:		[testPackage01.Test_NewValidationHelper.f8]
###############################################################################################################################################



################################################################################################################################################
Starting Execution:	[115 out of 146] test cases in the current suite
Test Method:		[testPackage01.Test_NewValidationHelper.f9]
###############################################################################################################################################


################################################################################################################################################
Starting Execution:	[116 out of 146] test cases in the current suite
Test Method:		[testPackage01.Test_NewValidationHelper.forceFail]
###############################################################################################################################################

################################################################################################################################################
Starting Execution:	[117 out of 146] test cases in the current suite
Test Method:		[testPackage01.Test_NewValidationHelper.forceFail2]
###############################################################################################################################################

################################################################################################################################################
Starting Execution:	[118 out of 146] test cases in the current suite
Test Method:		[testPackage01.Test_JsonActions.f]
###############################################################################################################################################

################################################################################################################################################
Starting Execution:	[119 out of 146] test cases in the current suite
Test Method:		[testPackage01.Test_JsonActions.f2]
###############################################################################################################################################

################################################################################################################################################
Starting Execution:	[120 out of 146] test cases in the current suite
Test Method:		[testPackage01.Test_sendGraphqlRequest.sendGraphqlRequestUsingMutationAndVariables]
################################################################################################################################################
[ReportManager] GraphQl Request is being Performed with the Following Parameters [Service URL: https://api.spacex.land/graphql | Request Body: {"variables":"{\"name\": \"sherlock holmes\",\"rocket\": \"221B Baker Street\"}","query":"mutation ($name: String, $rocket: String) {\n  insert_users(objects: {name: $name, rocket: $rocket}) {\n    returning {\n      name\n      rocket\n    }\n  }\n}"}] @15-12-2021 01:58:01.0114 AM
[ReportManager] Response status code: [200], status line: [HTTP/1.1 200 OK] @15-12-2021 01:58:07.0101 AM
[ReportManager] Assertion Passed: Evaluating the actual response status code against the expected one... @15-12-2021 01:58:07.0101 AM
[ReportManager] Assertion [ValidateComparativeRelation] PASSED. Expected [200] and Actual [200]. Comparison Type [EQUALS]. Validation Type [POSITIVE]. @15-12-2021 01:58:07.0101 AM
[ReportManager] API Action [PerformRequest] successfully performed. With the following test data [Request Type: "POST" | Target Status Code: "200" | Service URL: "https://api.spacex.land/graphql" | Content Type: "application/json" | Response Time: "5838ms"]. @15-12-2021 01:58:07.0142 AM
[ReportManager] Successfully created attachment [API Request - Specifications] @15-12-2021 01:58:07.0143 AM
[ReportManager] Successfully created attachment [API Request - JSON Body] @15-12-2021 01:58:07.0143 AM
[ReportManager] Successfully created attachment [API Response - JSON Body] @15-12-2021 01:58:07.0144 AM
[ReportManager] API Action [GetResponseJSONValue] successfully performed. With the following test data [data.insert_users.returning[0].name]. @15-12-2021 01:58:07.0204 AM
[ReportManager] Assertion [ValidateEquals] PASSED. Expected [sherlock holmes] and Actual [sherlock holmes]. Comparison Type [EQUALS]. Validation Type [POSITIVE]. @15-12-2021 01:58:07.0204 A

################################################################################################################################################
Starting Execution:	[121 out of 146] test cases in the current suite
Test Method:		[testPackage01.Test_sendGraphqlRequest.sendGraphqlRequestUsingQuery]
################################################################################################################################################
[ReportManager] GraphQl Request is being Performed with the Following Parameters [Service URL: https://api.spacex.land/graphql | Request Body: {"query":"{company {ceo}}"}] @15-12-2021 01:58:07.0210 AM
[ReportManager] Response status code: [200], status line: [HTTP/1.1 200 OK] @15-12-2021 01:58:07.0465 AM
[ReportManager] Assertion Passed: Evaluating the actual response status code against the expected one... @15-12-2021 01:58:07.0465 AM
[ReportManager] Assertion [ValidateComparativeRelation] PASSED. Expected [200] and Actual [200]. Comparison Type [EQUALS]. Validation Type [POSITIVE]. @15-12-2021 01:58:07.0465 AM
[ReportManager] API Action [PerformRequest] successfully performed. With the following test data [Request Type: "POST" | Target Status Code: "200" | Service URL: "https://api.spacex.land/graphql" | Content Type: "application/json" | Response Time: "248ms"]. @15-12-2021 01:58:07.0480 AM
[ReportManager] Successfully created attachment [API Request - Specifications] @15-12-2021 01:58:07.0481 AM
[ReportManager] Successfully created attachment [API Request - JSON Body] @15-12-2021 01:58:07.0482 AM
[ReportManager] Successfully created attachment [API Response - JSON Body] @15-12-2021 01:58:07.0482 AM
[ReportManager] API Action [GetResponseJSONValue] successfully performed. With the following test data [data.company.ceo]. @15-12-2021 01:58:07.0498 AM
[ReportManager] Assertion [ValidateEquals] PASSED. Expected [Elon Musk] and Actual [Elon Musk]. Comparison Type [EQUALS]. Validation Type [POSITIVE]. @15-12-2021 01:58:07.0499 A

################################################################################################################################################
Starting Execution:	[122 out of 146] test cases in the current suite
Test Method:		[testPackage01.Test_MatchJsonSchema.checkAPI_ResponseSchema]
################################################################################################################################################
[ReportManager] Response status code: [200], status line: [HTTP/1.1 200 OK] @15-12-2021 01:58:07.0667 AM
[ReportManager] Assertion Passed: Evaluating the actual response status code against the expected one... @15-12-2021 01:58:07.0668 AM
[ReportManager] Assertion [ValidateComparativeRelation] PASSED. Expected [200] and Actual [200]. Comparison Type [EQUALS]. Validation Type [POSITIVE]. @15-12-2021 01:58:07.0668 AM
[ReportManager] API Action [PerformRequest] successfully performed. With the following test data [Request Type: "GET" | Target Status Code: "200" | Service URL: "http://api.zippopotam.us/us/90210" | Content Type: "*/*" | Response Time: "157ms"]. @15-12-2021 01:58:07.0684 AM
[ReportManager] Successfully created attachment [API Request - Specifications] @15-12-2021 01:58:07.0685 AM
[ReportManager] Successfully created attachment [API Response - JSON Body] @15-12-2021 01:58:07.0686 AM
[ReportManager] File Action [GetAbsolutePath] successfully performed. With the following test data [Relative Folder Path: "src/test/resources/testDataFiles/schema.json"]. @15-12-2021 01:58:07.0687 AM
[ReportManager] File Action [GetAbsolutePath] successfully performed. With the following test data [Relative Folder Path: "/Users/runner/work/SHAFT_ENGINE/SHAFT_ENGINE/src/test/resources/testDataFiles/schema.json"]. @15-12-2021 01:58:08.0492 AM
[ReportManager] File Action [ReadFromFile] successfully performed. With the following test data [File Path: "/Users/runner/work/SHAFT_ENGINE/SHAFT_ENGINE/src/test/resources/testDataFiles/schema.json"]. @15-12-2021 01:58:08.0493 AM
[ReportManager] Assertion Passed: Then I Assert that the API response schema matches that in this file [src/test/resources/testDataFiles/schema.json]. @15-12-2021 01:58:08.0494 AM
[ReportManager] Successfully created attachment [Validation Test Data - Expected JSON Value] @15-12-2021 01:58:08.0495 AM
[ReportManager] Successfully created attachment [Validation Test Data - Actual JSON Value] @15-12-2021 01:58:08.0496 AM
[ReportManager] Assertion [ValidateResponseFileSchema] PASSED. Expected [Response data should match the JSON File in this path '/Users/runner/work/SHAFT_ENGINE/SHAFT_ENGINE/src/test/resources/testDataFiles/schema.json'] and Actual [TRUE]. Comparison Type [EQUALS]. Validation Type [POSITIVE]. @15-12-2021 01:58:08.0496 A
[ReportManager] File Action [GetAbsolutePath] successfully performed. With the following test data [Relative Folder Path: "target/downloadedFiles/"]. @15-12-2021 01:58:08.0499 AM
[ReportManager] Attempting to run locally on: [Mac-64], [Safari], Headless Execution. @15-12-2021 01:58:08.0499 AM
[ReportManager] Successfully Opened Safari. @15-12-2021 01:58:09.0355 AM
[ReportManager] Initial window size: (800, 600) @15-12-2021 01:58:09.0378 AM
[ReportManager] Window size after SWD Maximize: (1176, 803) @15-12-2021 01:58:09.0392 AM
[ReportManager] Browser Action [MaximizeWindow] successfully performed. With the following test data [New screen size is now: (1176, 803)]. @15-12-2021 01:58:09.0392 A

################################################################################################################################################
Starting Execution:	[123 out of 146] test cases in the current suite
Test Method:		[testPackage01.Test_dragAndDrop.dragAndDropJquery]
################################################################################################################################################
[ReportManager] Target URL: [https://jqueryui.com/resources/demos/droppable/default.html] @15-12-2021 01:58:09.0420 AM
[ReportManager] Initial URL: [] @15-12-2021 01:58:09.0473 AM
[ReportManager] Browser Action [NavigateToURL] successfully performed. With the following test data [https://jqueryui.com/resources/demos/droppable/default.html]. @15-12-2021 01:58:09.0978 AM
[ReportManager] Element Action [GetText] successfully performed. With the following test data [
	Drop here
]. @15-12-2021 01:58:10.0033 AM
[ReportManager] Element Action [DragAndDrop] successfully performed. With the following test data [Start point: (8, 18), End point: (8, 18)]. @15-12-2021 01:58:11.0128 AM
[ReportManager] Element Action [GetText] successfully performed. With the following test data [
	Dropped!
]. @15-12-2021 01:58:11.0167 AM
[ReportManager] Assertion Passed: Checking to see if the text has changed after performing drag and drop @15-12-2021 01:58:11.0167 AM
[ReportManager] Assertion [ValidateEquals] PASSED. Expected [
	Drop here
] and Actual [
	Dropped!
]. Comparison Type [EQUALS]. Validation Type [NEGATIVE]. @15-12-2021 01:58:11.0167 A
[ReportManager] Browser Action [CloseCurrentWindow] successfully performed. @15-12-2021 01:58:11.0523 AM
[ReportManager] Successfully created attachment [Browser Action Test Data - CloseCurrentWindow - Actual Value] @15-12-2021 01:58:11.0523 A
[ReportManager] File Action [GetAbsolutePath] successfully performed. With the following test data [Relative Folder Path: "target/downloadedFiles/"]. @15-12-2021 01:58:11.0525 AM
[ReportManager] Attempting to run locally on: [Mac-64], [Safari], Headless Execution. @15-12-2021 01:58:11.0525 AM
[ReportManager] Successfully Opened Safari. @15-12-2021 01:58:12.0368 AM
[ReportManager] Initial window size: (800, 600) @15-12-2021 01:58:12.0395 AM
[ReportManager] Window size after SWD Maximize: (1176, 803) @15-12-2021 01:58:12.0418 AM
[ReportManager] Browser Action [MaximizeWindow] successfully performed. With the following test data [New screen size is now: (1176, 803)]. @15-12-2021 01:58:12.0419 A

################################################################################################################################################
Starting Execution:	[124 out of 146] test cases in the current suite
Test Method:		[testPackage01.Test_dragAndDrop.dragAndDrop]
Test Description:	[TC001 - Test Drag and Drop function.]
################################################################################################################################################
[ReportManager] Target URL: [http://the-internet.herokuapp.com/drag_and_drop] @15-12-2021 01:58:12.0474 AM
[ReportManager] Initial URL: [] @15-12-2021 01:58:12.0509 AM
[ReportManager] Browser Action [NavigateToURL] successfully performed. With the following test data [http://the-internet.herokuapp.com/drag_and_drop]. @15-12-2021 01:58:14.0406 AM
[ReportManager] Attempting Drag and Drop @15-12-2021 01:58:14.0406 AM
[ReportManager] Element Action [DragAndDrop] successfully performed. With the following test data [Start point: (120, 89), End point: (335, 89)]. @15-12-2021 01:58:15.0072 A
[ReportManager] Browser Action [CloseCurrentWindow] successfully performed. @15-12-2021 01:58:15.0422 AM
[ReportManager] Successfully created attachment [Browser Action Test Data - CloseCurrentWindow - Actual Value] @15-12-2021 01:58:15.0423 A
[ReportManager] File Action [GetAbsolutePath] successfully performed. With the following test data [Relative Folder Path: "target/downloadedFiles/"]. @15-12-2021 01:58:15.0425 AM
[ReportManager] Attempting to run locally on: [Mac-64], [Safari], Headless Execution. @15-12-2021 01:58:15.0425 AM
[ReportManager] An Exception Occured with this Message: Could not start a new session. Possible causes are invalid address of the remote server or browser start-up failure.. @15-12-2021 01:58:15.0615 AM
[ReportManager] Successfully created attachment [Exception Stack Trace - org.openqa.selenium.SessionNotCreatedException] @15-12-2021 01:58:15.0656 AM
[ReportManager] Driver Factory Action [createNewLocalDriverInstanceForSafari] failed. With the following test data [Failed to create a session on DESKTOP_SAFARI]. @15-12-2021 01:58:15.0657 A

################################################################################################################################################
Starting Execution:	[125 out of 146] test cases in the current suite
Test Method:		[testPackage01.Test_dragAndDrop.dragAndDropByOffset]
Test Description:	[TC002 - Test Drag and Drop by offset function.]
###############################################################################################################################################

[ReportManager] Successfully loaded the following test data file [src/test/resources/testDataFiles/testSuite01/TestData.xlsx]. @15-12-2021 01:58:16.0030 AM
[ReportManager] Successfully created attachment [Test Data - Excel] @15-12-2021 01:58:16.0030 AM
[ReportManager] File Action [GetAbsolutePath] successfully performed. With the following test data [Relative Folder Path: "target/downloadedFiles/"]. @15-12-2021 01:58:16.0031 AM
[ReportManager] Attempting to run locally on: [Mac-64], [Safari], Headless Execution. @15-12-2021 01:58:16.0031 AM
[ReportManager] Successfully Opened Safari. @15-12-2021 01:58:16.0887 AM
[ReportManager] Initial window size: (800, 600) @15-12-2021 01:58:16.0912 AM
[ReportManager] Window size after SWD Maximize: (1176, 803) @15-12-2021 01:58:16.0926 AM
[ReportManager] Browser Action [MaximizeWindow] successfully performed. With the following test data [New screen size is now: (1176, 803)]. @15-12-2021 01:58:16.0926 A

################################################################################################################################################
Starting Execution:	[126 out of 146] test cases in the current suite
Test Method:		[testPackage01.Test_google.navigateToURLandVerifyGoogleLogoIsDisplayed]
Test Description:	[TC001 - Navigate to URL and Verify Google Logo is Displayed]
################################################################################################################################################
[ReportManager] Target URL: [https://www.google.com/ncr], and after redirection: [https://www.google.com] @15-12-2021 01:58:16.0928 AM
[ReportManager] Initial URL: [] @15-12-2021 01:58:16.0989 AM
[ReportManager] Browser Action [NavigateToURL] successfully performed. With the following test data [https://www.google.com/ncr]. @15-12-2021 01:58:19.0460 AM
[ReportManager] Loaded Shared OpenCV @15-12-2021 01:58:19.0718 AM
[ReportManager] Assertion Passed: Then I Assert that the element found by [By.xpath: //*[@id='hplogo' or @alt='Google']] exists. @15-12-2021 01:58:19.0921 AM
[ReportManager] Successfully created attachment [Screenshot - 1639533499718_navigateToURLandVerifyGoogleLogoIsDisplayed_ValidateElementExists_passed] @15-12-2021 01:58:19.0923 AM
[ReportManager] Assertion [ValidateElementExists] PASSED. Expected [Element Should Exist, locator 'By.xpath: //*[@id='hplogo' or @alt='Google']'] and Actual [Element Exists]. Comparison Type [EQUALS]. Validation Type [POSITIVE]. @15-12-2021 01:58:19.0923 A

################################################################################################################################################
Starting Execution:	[127 out of 146] test cases in the current suite
Test Method:		[testPackage01.Test_google.searchForQueryandAssertResultsNumDisplayed]
Test Description:	[TC002 - Search for Query and Assert that the number of results is displayed]
################################################################################################################################################
[ReportManager] Element Action [Type] successfully performed. With the following test data [SHAFT_Engine]. @15-12-2021 01:58:20.0297 AM
[ReportManager] Element Action [KeyPress] successfully performed. With the following test data [Enter]. @15-12-2021 01:58:20.0361 AM
[ReportManager] org.openqa.selenium.TimeoutException:
Expected condition failed: waiting for com.shaft.gui.element.ElementActionsHelper$$Lambda$625/0x0000000801136ce8@45012a91 (tried for 25 second(s) with 1000 milliseconds interval)
org.openqa.selenium.support.ui.FluentWait.timeoutException(FluentWait.java:263)
org.openqa.selenium.support.ui.FluentWait.until(FluentWait.java:231)
com.shaft.gui.element.ElementActionsHelper.waitForElementPresence(ElementActionsHelper.java:63)
com.shaft.gui.element.ElementActionsHelper.waitForElementPresence(ElementActionsHelper.java:41)
com.shaft.gui.element.WebDriverElementActions.getMatchingElementsCount(WebDriverElementActions.java:1470)
com.shaft.gui.element.WebDriverElementActions.identifyUniqueElement(WebDriverElementActions.java:1518)
com.shaft.gui.element.WebDriverElementActions.identifyUniqueElement(WebDriverElementActions.java:1316)
com.shaft.gui.element.WebDriverElementActions.getText(WebDriverElementActions.java:658)
com.shaft.gui.element.ElementActions.getText(ElementActions.java:311)
com.shaft.validation.ValidationsHelper.validateElementAttribute(ValidationsHelper.java:237)
com.shaft.validation.ValidationsExecutor.perform(ValidationsExecutor.java:148)
poms.GoogleSearchResults.assertResultsStatsExistsAndIsNotEmpty(GoogleSearchResults.java:38)
testPackage01.Test_google.searchForQueryandAssertResultsNumDisplayed(Test_google.java:37)
java.base/jdk.internal.reflect.NativeMethodAccessorImpl.invoke0(Native Method)
java.base/jdk.internal.reflect.NativeMethodAccessorImpl.invoke(NativeMethodAccessorImpl.java:77)
java.base/jdk.internal.reflect.DelegatingMethodAccessorImpl.invoke(DelegatingMethodAccessorImpl.java:43)
java.base/java.lang.reflect.Method.invoke(Method.java:568)
org.testng.internal.MethodInvocationHelper.invokeMethod(MethodInvocationHelper.java:133)
org.testng.internal.TestInvoker.invokeMethod(TestInvoker.java:598)
org.testng.internal.TestInvoker.invokeTestMethod(TestInvoker.java:173)
org.testng.internal.MethodRunner.runInSequence(MethodRunner.java:46)
org.testng.internal.TestInvoker$MethodInvocationAgent.invoke(TestInvoker.java:824)
org.testng.internal.TestInvoker.invokeTestMethods(TestInvoker.java:146)
org.testng.internal.TestMethodWorker.invokeTestMethods(TestMethodWorker.java:146)
org.testng.internal.TestMethodWorker.run(TestMethodWorker.java:128)
java.base/java.util.ArrayList.forEach(ArrayList.java:1511)
org.testng.TestRunner.privateRun(TestRunner.java:794)
org.testng.TestRunner.run(TestRunner.java:596)
org.testng.SuiteRunner.runTest(SuiteRunner.java:377)
org.testng.SuiteRunner.runSequentially(SuiteRunner.java:371)
org.testng.SuiteRunner.privateRun(SuiteRunner.java:332)
org.testng.SuiteRunner.run(SuiteRunner.java:276)
org.testng.SuiteRunnerWorker.runSuite(SuiteRunnerWorker.java:53)
org.testng.SuiteRunnerWorker.run(SuiteRunnerWorker.java:96)
org.testng.TestNG.runSuitesSequentially(TestNG.java:1212)
org.testng.TestNG.runSuitesLocally(TestNG.java:1134)
org.testng.TestNG.runSuites(TestNG.java:1063)
org.testng.TestNG.run(TestNG.java:1031)
org.apache.maven.surefire.testng.TestNGExecutor.run(TestNGExecutor.java:136)
org.apache.maven.surefire.testng.TestNGDirectoryTestSuite.executeMulti(TestNGDirectoryTestSuite.java:193)
org.apache.maven.surefire.testng.TestNGDirectoryTestSuite.execute(TestNGDirectoryTestSuite.java:94)
org.apache.maven.surefire.testng.TestNGProvider.invoke(TestNGProvider.java:145)
org.apache.maven.surefire.booter.ForkedBooter.runSuitesInProcess(ForkedBooter.java:428)
org.apache.maven.surefire.booter.ForkedBooter.execute(ForkedBooter.java:162)
org.apache.maven.surefire.booter.ForkedBooter.run(ForkedBooter.java:562)
org.apache.maven.surefire.booter.ForkedBooter.main(ForkedBooter.java:548)

Caused by: org.openqa.selenium.NoSuchElementException:
For documentation on this error, please visit: https://selenium.dev/exceptions/#no_such_element
Build info: version: '4.1.0', revision: '87802e897b'
System info: host: 'Mac-1639533060327.local', ip: '10.212.11.68', os.name: 'Mac OS X', os.arch: 'x86_64', os.version: '11.5', java.version: '17.0.1'
Driver info: org.openqa.selenium.safari.SafariDriver
Command: [EB659C98-34CE-495D-80E8-8BD62D8463B1, findElement {using=id, value=appbar}]
Capabilities {acceptInsecureCerts: false, browserName: Safari, browserVersion: 15.1, goog:loggingPrefs: {browser: ALL, client: ALL, driver: ALL, performance: ALL, profiler: ALL, server: ALL}, javascriptEnabled: true, pageLoadStrategy: normal, platform: MAC, platformName: MAC, safari:automaticInspection: false, safari:automaticProfiling: false, safari:diagnose: false, safari:platformBuildVersion: 20G224, safari:platformVersion: 11.6.1, safari:useSimulator: false, setWindowRect: true, strictFileInteractability: false, timeouts: {pageLoad: 30000, script: 30000}, webkit:WebRTC: {DisableICECandidateFiltering: false, DisableInsecureMediaCapture: false}}
Session ID: EB659C98-34CE-495D-80E8-8BD62D8463B1
jdk.internal.reflect.GeneratedConstructorAccessor85.newInstance(Unknown Source)
java.base/jdk.internal.reflect.DelegatingConstructorAccessorImpl.newInstance(DelegatingConstructorAccessorImpl.java:45)
java.base/java.lang.reflect.Constructor.newInstanceWithCaller(Constructor.java:499)
java.base/java.lang.reflect.Constructor.newInstance(Constructor.java:480)
org.openqa.selenium.remote.codec.w3c.W3CHttpResponseCodec.createException(W3CHttpResponseCodec.java:200)
org.openqa.selenium.remote.codec.w3c.W3CHttpResponseCodec.decode(W3CHttpResponseCodec.java:133)
org.openqa.selenium.remote.codec.w3c.W3CHttpResponseCodec.decode(W3CHttpResponseCodec.java:53)
org.openqa.selenium.remote.HttpCommandExecutor.execute(HttpCommandExecutor.java:184)
org.openqa.selenium.remote.service.DriverCommandExecutor.invokeExecute(DriverCommandExecutor.java:164)
org.openqa.selenium.remote.service.DriverCommandExecutor.execute(DriverCommandExecutor.java:139)
org.openqa.selenium.remote.RemoteWebDriver.execute(RemoteWebDriver.java:559)
org.openqa.selenium.remote.ElementLocation$ElementFinder$2.findElement(ElementLocation.java:162)
org.openqa.selenium.remote.ElementLocation.findElement(ElementLocation.java:60)
org.openqa.selenium.remote.RemoteWebDriver.findElement(RemoteWebDriver.java:383)
org.openqa.selenium.remote.RemoteWebDriver.findElement(RemoteWebDriver.java:375)
com.shaft.gui.element.ElementActionsHelper.lambda$waitForElementPresence$0(ElementActionsHelper.java:66)
org.openqa.selenium.support.ui.FluentWait.until(FluentWait.java:208)
com.shaft.gui.element.ElementActionsHelper.waitForElementPresence(ElementActionsHelper.java:63)
com.shaft.gui.element.ElementActionsHelper.waitForElementPresence(ElementActionsHelper.java:41)
com.shaft.gui.element.WebDriverElementActions.getMatchingElementsCount(WebDriverElementActions.java:1470)
com.shaft.gui.element.WebDriverElementActions.identifyUniqueElement(WebDriverElementActions.java:1518)
com.shaft.gui.element.WebDriverElementActions.identifyUniqueElement(WebDriverElementActions.java:1316)
com.shaft.gui.element.WebDriverElementActions.getText(WebDriverElementActions.java:658)
com.shaft.gui.element.ElementActions.getText(ElementActions.java:311)
com.shaft.validation.ValidationsHelper.validateElementAttribute(ValidationsHelper.java:237)
com.shaft.validation.ValidationsExecutor.perform(ValidationsExecutor.java:148)
poms.GoogleSearchResults.assertResultsStatsExistsAndIsNotEmpty(GoogleSearchResults.java:38)
testPackage01.Test_google.searchForQueryandAssertResultsNumDisplayed(Test_google.java:37)
java.base/jdk.internal.reflect.NativeMethodAccessorImpl.invoke0(Native Method)
java.base/jdk.internal.reflect.NativeMethodAccessorImpl.invoke(NativeMethodAccessorImpl.java:77)
java.base/jdk.internal.reflect.DelegatingMethodAccessorImpl.invoke(DelegatingMethodAccessorImpl.java:43)
java.base/java.lang.reflect.Method.invoke(Method.java:568)
org.testng.internal.MethodInvocationHelper.invokeMethod(MethodInvocationHelper.java:133)
org.testng.internal.TestInvoker.invokeMethod(TestInvoker.java:598)
org.testng.internal.TestInvoker.invokeTestMethod(TestInvoker.java:173)
org.testng.internal.MethodRunner.runInSequence(MethodRunner.java:46)
org.testng.internal.TestInvoker$MethodInvocationAgent.invoke(TestInvoker.java:824)
org.testng.internal.TestInvoker.invokeTestMethods(TestInvoker.java:146)
org.testng.internal.TestMethodWorker.invokeTestMethods(TestMethodWorker.java:146)
org.testng.internal.TestMethodWorker.run(TestMethodWorker.java:128)
java.base/java.util.ArrayList.forEach(ArrayList.java:1511)
org.testng.TestRunner.privateRun(TestRunner.java:794)
org.testng.TestRunner.run(TestRunner.java:596)
org.testng.SuiteRunner.runTest(SuiteRunner.java:377)
org.testng.SuiteRunner.runSequentially(SuiteRunner.java:371)
org.testng.SuiteRunner.privateRun(SuiteRunner.java:332)
org.testng.SuiteRunner.run(SuiteRunner.java:276)
org.testng.SuiteRunnerWorker.runSuite(SuiteRunnerWorker.java:53)
org.testng.SuiteRunnerWorker.run(SuiteRunnerWorker.java:96)
org.testng.TestNG.runSuitesSequentially(TestNG.java:1212)
org.testng.TestNG.runSuitesLocally(TestNG.java:1134)
org.testng.TestNG.runSuites(TestNG.java:1063)
org.testng.TestNG.run(TestNG.java:1031)
org.apache.maven.surefire.testng.TestNGExecutor.run(TestNGExecutor.java:136)
org.apache.maven.surefire.testng.TestNGDirectoryTestSuite.executeMulti(TestNGDirectoryTestSuite.java:193)
org.apache.maven.surefire.testng.TestNGDirectoryTestSuite.execute(TestNGDirectoryTestSuite.java:94)
org.apache.maven.surefire.testng.TestNGProvider.invoke(TestNGProvider.java:145)
org.apache.maven.surefire.booter.ForkedBooter.runSuitesInProcess(ForkedBooter.java:428)
org.apache.maven.surefire.booter.ForkedBooter.execute(ForkedBooter.java:162)
org.apache.maven.surefire.booter.ForkedBooter.run(ForkedBooter.java:562)
org.apache.maven.surefire.booter.ForkedBooter.main(ForkedBooter.java:548) @15-12-2021 01:58:45.0485 AM
[ReportManager] Element Action [IdentifyUniqueElement] failed. With the following test data [zero elements found matching this locator "By.id: appbar".]. @15-12-2021 01:58:45.0604 AM
[ReportManager] Successfully created attachment [Screenshot - 1639533525519_searchForQueryandAssertResultsNumDisplayed_IdentifyUniqueElement_failed] @15-12-2021 01:58:45.0609 AM
[ReportManager] Assertion Failed: Then I Assert that the element found by [By.id: appbar] text does not equal []. @15-12-2021 01:58:45.0610 AM
[ReportManager] Assertion [ValidateElementAttribute] FAILED. Expected [Value Should not be '' for the 'text' attribute, element locator 'By.id: appbar'] and Actual [Failed to read the desired element attribute]. Comparison Type [EQUALS]. Validation Type [NEGATIVE]. @15-12-2021 01:58:45.0610 A

################################################################################################################################################
Starting Execution:	[128 out of 146] test cases in the current suite
Test Method:		[testPackage01.Test_google.clickNextThrice]
Test Description:	[TC003 - Clicks the next button to make sure that the framework can scroll element into view before clicking it]
###############################################################################################################################################
[ReportManager] Successfully Closed All Drivers. @15-12-2021 01:58:45.0952 A
[ReportManager] File Action [GetAbsolutePath] successfully performed. With the following test data [Relative Folder Path: "target/downloadedFiles/"]. @15-12-2021 01:58:45.0960 AM
[ReportManager] Attempting to run locally on: [Mac-64], [Safari], Headless Execution. @15-12-2021 01:58:45.0960 AM
[ReportManager] An Exception Occured with this Message: Could not start a new session. Possible causes are invalid address of the remote server or browser start-up failure.. @15-12-2021 01:58:46.0021 AM
[ReportManager] Successfully created attachment [Exception Stack Trace - org.openqa.selenium.SessionNotCreatedException] @15-12-2021 01:58:46.0047 AM
[ReportManager] Driver Factory Action [createNewLocalDriverInstanceForSafari] failed. With the following test data [Failed to create a session on DESKTOP_SAFARI]. @15-12-2021 01:58:46.0048 A

################################################################################################################################################
Starting Execution:	[129 out of 146] test cases in the current suite
Test Method:		[testPackage01.Test_chainableElementActions.chainElementActions]
###############################################################################################################################################

[ReportManager] File Action [GetAbsolutePath] successfully performed. With the following test data [Relative Folder Path: "target/downloadedFiles/"]. @15-12-2021 01:58:46.0065 AM
[ReportManager] Attempting to run locally on: [Mac-64], [Safari], Headless Execution. @15-12-2021 01:58:46.0066 AM
[ReportManager] Successfully Opened Safari. @15-12-2021 01:58:47.0007 AM
[ReportManager] Initial window size: (800, 600) @15-12-2021 01:58:47.0028 AM
[ReportManager] Window size after SWD Maximize: (1176, 803) @15-12-2021 01:58:47.0049 AM
[ReportManager] Browser Action [MaximizeWindow] successfully performed. With the following test data [New screen size is now: (1176, 803)]. @15-12-2021 01:58:47.0050 A

################################################################################################################################################
Starting Execution:	[130 out of 146] test cases in the current suite
Test Method:		[testPackage01.Test_RelativeLocators.relativeLocatorsTest1]
################################################################################################################################################
[ReportManager] Target URL: [https://duckduckgo.com/] @15-12-2021 01:58:47.0093 AM
[ReportManager] Initial URL: [] @15-12-2021 01:58:47.0138 AM
[ReportManager] Browser Action [NavigateToURL] successfully performed. With the following test data [https://duckduckgo.com/]. @15-12-2021 01:58:48.0012 AM
[ReportManager] Element Action [Type] successfully performed. With the following test data [SHAFT_Engine]. @15-12-2021 01:58:48.0361 AM
[ReportManager] Element Action [KeyPress] successfully performed. With the following test data [ENTER]. @15-12-2021 01:58:48.0438 AM
[ReportManager] Element Action [GetText] successfully performed. With the following test data [GitHub - MohabMohie/SHAFT_ENGINE: SHAFT_ENGINE is a Test ...]. @15-12-2021 01:58:49.0746 AM
[ReportManager] Loaded Shared OpenCV @15-12-2021 01:58:49.0921 AM
[ReportManager] Assertion Passed: Then I Assert that the element found by [Relative Locator: {root={xpath=//a[@class='result__a js-result-title-link']}, filters=[{kind=below, args=[{xpath=//input[@name='q']}]}]}] text does not equal []. @15-12-2021 01:58:50.0136 AM
[ReportManager] Successfully created attachment [Screenshot - 1639533529921_relativeLocatorsTest1_ValidateElementAttribute_passed] @15-12-2021 01:58:50.0142 AM
[ReportManager] Assertion [ValidateElementAttribute] PASSED. Expected [Value Should not be '' for the 'text' attribute, element locator '[unknown locator]'] and Actual [GitHub - MohabMohie/SHAFT_ENGINE: SHAFT_ENGINE is a Test ...]. Comparison Type [EQUALS]. Validation Type [NEGATIVE]. @15-12-2021 01:58:50.0142 A
[ReportManager] Browser Action [CloseCurrentWindow] successfully performed. @15-12-2021 01:58:50.0454 AM
[ReportManager] Successfully created attachment [Browser Action Test Data - CloseCurrentWindow - Actual Value] @15-12-2021 01:58:50.0456 A

################################################################################################################################################
Starting Execution:	[131 out of 146] test cases in the current suite
Test Method:		[testPackage01.Test_JsonCompareWithSpecialCharacters.specialCharacters]
################################################################################################################################################
[ReportManager] File Action [GetAbsolutePath] successfully performed. With the following test data [Relative Folder Path: "src/test/resources/testDataFiles/specialCharacters.json"]. @15-12-2021 01:58:50.0464 AM
[ReportManager] File Action [ReadFromFile] successfully performed. With the following test data [File Path: "/Users/runner/work/SHAFT_ENGINE/SHAFT_ENGINE/src/test/resources/testDataFiles/specialCharacters.json"]. @15-12-2021 01:58:50.0465 AM
[ReportManager] Successfully created attachment [File Action Actual Result - Command Log] @15-12-2021 01:58:50.0466 AM
[ReportManager] Comparing the provided API response with the file at this path "src/test/resources/testDataFiles/specialCharacters.json", comparison type "EQUALS" @15-12-2021 01:58:50.0469 AM
[ReportManager] API Action [CompareJSON] successfully performed. With the following test data [src/test/resources/testDataFiles/specialCharacters.json]. @15-12-2021 01:58:50.0481 AM
[ReportManager] File Action [GetAbsolutePath] successfully performed. With the following test data [Relative Folder Path: "src/test/resources/testDataFiles/specialCharacters.json"]. @15-12-2021 01:58:50.0482 AM
[ReportManager] File Action [ReadFromFile] successfully performed. With the following test data [File Path: "/Users/runner/work/SHAFT_ENGINE/SHAFT_ENGINE/src/test/resources/testDataFiles/specialCharacters.json"]. @15-12-2021 01:58:50.0482 AM
[ReportManager] Verification [ValidateJSONFileContent] PASSED. Expected [Response data should match the JSON File in this path 'src/test/resources/testDataFiles/specialCharacters.json'] and Actual [TRUE]. Comparison Type [EQUALS]. Validation Type [POSITIVE]. @15-12-2021 01:58:50.0489 AM
[ReportManager] Successfully created attachment [Validation Test Data - Expected JSON Value] @15-12-2021 01:58:50.0490 AM
[ReportManager] Successfully created attachment [Validation Test Data - Actual JSON Value] @15-12-2021 01:58:50.0491 A

################################################################################################################################################
Starting Execution:	[132 out of 146] test cases in the current suite
Test Method:		[testPackage01.Test_JsonCompareWithSpecialCharacters.specialCharacters_assertion]
################################################################################################################################################
[ReportManager] File Action [GetAbsolutePath] successfully performed. With the following test data [Relative Folder Path: "src/test/resources/testDataFiles/specialCharacters.json"]. @15-12-2021 01:58:50.0496 AM
[ReportManager] File Action [ReadFromFile] successfully performed. With the following test data [File Path: "/Users/runner/work/SHAFT_ENGINE/SHAFT_ENGINE/src/test/resources/testDataFiles/specialCharacters.json"]. @15-12-2021 01:58:50.0497 AM
[ReportManager] Successfully created attachment [File Action Actual Result - Command Log] @15-12-2021 01:58:50.0497 AM
[ReportManager] Comparing the provided API response with the file at this path "src/test/resources/testDataFiles/specialCharacters.json", comparison type "CONTAINS" @15-12-2021 01:58:50.0498 AM
[ReportManager] API Action [CompareJSON] successfully performed. With the following test data [src/test/resources/testDataFiles/specialCharacters.json]. @15-12-2021 01:58:50.0511 AM
[ReportManager] File Action [GetAbsolutePath] successfully performed. With the following test data [Relative Folder Path: "src/test/resources/testDataFiles/specialCharacters.json"]. @15-12-2021 01:58:50.0512 AM
[ReportManager] File Action [ReadFromFile] successfully performed. With the following test data [File Path: "/Users/runner/work/SHAFT_ENGINE/SHAFT_ENGINE/src/test/resources/testDataFiles/specialCharacters.json"]. @15-12-2021 01:58:50.0512 AM
[ReportManager] Assertion Passed: trying out the log message @15-12-2021 01:58:50.0519 AM
[ReportManager] Successfully created attachment [Validation Test Data - Expected JSON Value] @15-12-2021 01:58:50.0520 AM
[ReportManager] Successfully created attachment [Validation Test Data - Actual JSON Value] @15-12-2021 01:58:50.0521 AM
[ReportManager] Assertion [ValidateJSONFileContent] PASSED. Expected [Response data should match the JSON File in this path 'src/test/resources/testDataFiles/specialCharacters.json'] and Actual [TRUE]. Comparison Type [CONTAINS]. Validation Type [POSITIVE]. @15-12-2021 01:58:50.0521 A

################################################################################################################################################
Starting Execution:	[133 out of 146] test cases in the current suite
Test Method:		[testPackage01.Test_SkipDueToIssue.doNotSkip]
################################################################################################################################################
[ReportManager] This should not be skipped. @15-12-2021 01:58:50.0528 A

################################################################################################################################################
Starting Execution:	[134 out of 146] test cases in the current suite
Test Method:		[testPackage01.Test_SkipDueToIssue.skip]
################################################################################################################################################
[ReportManager] This should be skipped. @15-12-2021 01:58:50.0537 A

################################################################################################################################################
Starting Execution:	[135 out of 146] test cases in the current suite
Test Method:		[testPackage01.Test_SkipDueToIssue.skip2]
################################################################################################################################################
[ReportManager] This should be skipped. @15-12-2021 01:58:50.0544 A

################################################################################################################################################
Starting Execution:	[136 out of 146] test cases in the current suite
Test Method:		[testPackage01.Test_JSONFileManager.readStringFromJson]
################################################################################################################################################
[ReportManager] File Action [GetAbsolutePath] successfully performed. With the following test data [Relative Folder Path: "src/test/resources/testDataFiles/simpleJSON.json"]. @15-12-2021 01:58:50.0553 AM
[ReportManager] Successfully loaded the following test data file [src/test/resources/testDataFiles/simpleJSON.json]. @15-12-2021 01:58:50.0554 AM
[ReportManager] Successfully created attachment [Test Data - JSON] @15-12-2021 01:58:50.0555 AM
[ReportManager] File Action [GetAbsolutePath] successfully performed. With the following test data [Relative Folder Path: "src/test/resources/testDataFiles/simpleJSON.json"]. @15-12-2021 01:58:50.0557 AM
[ReportManager] Assertion [ValidateEquals] PASSED. Expected [Mohab Mohie] and Actual [Mohab Mohie]. Comparison Type [EQUALS]. Validation Type [POSITIVE]. @15-12-2021 01:58:50.0578 A
[ReportManager] File Action [GetAbsolutePath] successfully performed. With the following test data [Relative Folder Path: "target/downloadedFiles/"]. @15-12-2021 01:58:50.0583 AM
[ReportManager] Attempting to run locally on: [Mac-64], [Safari], Headless Execution. @15-12-2021 01:58:50.0584 AM
[ReportManager] Successfully Opened Safari. @15-12-2021 01:58:51.0522 AM
[ReportManager] Initial window size: (800, 600) @15-12-2021 01:58:51.0548 AM
[ReportManager] Window size after SWD Maximize: (1176, 803) @15-12-2021 01:58:51.0584 AM
[ReportManager] Browser Action [MaximizeWindow] successfully performed. With the following test data [New screen size is now: (1176, 803)]. @15-12-2021 01:58:51.0585 A

################################################################################################################################################
Starting Execution:	[137 out of 146] test cases in the current suite
Test Method:		[testPackage01.Test_assertEquals.test_assertElementAttribute]
################################################################################################################################################
[ReportManager] Target URL: [https://www.google.com/ncr], and after redirection: [https://www.google.com] @15-12-2021 01:58:51.0591 AM
[ReportManager] Initial URL: [] @15-12-2021 01:58:51.0881 AM
[ReportManager] Browser Action [NavigateToURL] successfully performed. With the following test data [https://www.google.com/ncr]. @15-12-2021 01:58:54.0049 AM
[ReportManager] Element Action [Type] successfully performed. With the following test data [INC_004010050:Another SCHEDULER with the same name [Duplicate Job Name] already exists.]. @15-12-2021 01:58:54.0915 AM
[ReportManager] Element Action [GetText] successfully performed. With the following test data [INC_004010050:Another SCHEDULER with the same name [Duplicate Job Name] already exists.]. @15-12-2021 01:58:55.0075 AM
[ReportManager] Loaded Shared OpenCV @15-12-2021 01:58:55.0198 AM
[ReportManager] Assertion [ValidateElementAttribute] PASSED. Expected [Value Should be 'INC_004010050:Another SCHEDULER with the same name \[Duplicate Job Name\] already exists.' for the 'text' attribute, element locator 'By.name: q'] and Actual [INC_004010050:Another SCHEDULER with the same name [Duplicate Job Name] already exists.]. Comparison Type [MATCHES]. Validation Type [POSITIVE]. @15-12-2021 01:58:58.0651 AM
[ReportManager] Successfully created attachment [Screenshot - 1639533535198_test_assertElementAttribute_ValidateElementAttribute_passed] @15-12-2021 01:58:58.0652 A
[ReportManager] Browser Action [CloseCurrentWindow] successfully performed. @15-12-2021 01:58:59.0104 AM
[ReportManager] Successfully created attachment [Browser Action Test Data - CloseCurrentWindow - Actual Value] @15-12-2021 01:59:00.0100 A
[ReportManager] File Action [GetAbsolutePath] successfully performed. With the following test data [Relative Folder Path: "target/downloadedFiles/"]. @15-12-2021 01:59:00.0102 AM
[ReportManager] Attempting to run locally on: [Mac-64], [Safari], Headless Execution. @15-12-2021 01:59:00.0103 AM
[ReportManager] Successfully Opened Safari. @15-12-2021 01:59:00.0949 AM
[ReportManager] Initial window size: (800, 600) @15-12-2021 01:59:00.0979 AM
[ReportManager] Window size after SWD Maximize: (1176, 803) @15-12-2021 01:59:00.0997 AM
[ReportManager] Browser Action [MaximizeWindow] successfully performed. With the following test data [New screen size is now: (1176, 803)]. @15-12-2021 01:59:00.0998 A

################################################################################################################################################
Starting Execution:	[138 out of 146] test cases in the current suite
Test Method:		[testPackage01.Test_IsElementClickable.testIsElementClickable]
################################################################################################################################################
[ReportManager] Target URL: [https://the-internet.herokuapp.com/] @15-12-2021 01:59:01.0166 AM
[ReportManager] Initial URL: [] @15-12-2021 01:59:01.0197 AM
[ReportManager] Browser Action [NavigateToURL] successfully performed. With the following test data [https://the-internet.herokuapp.com/]. @15-12-2021 01:59:02.0493 AM
[ReportManager] Element Action [IsElementClickable] successfully performed. @15-12-2021 01:59:02.0571 AM
[ReportManager] Assertion [ValidateTrue] PASSED. Expected [TRUE] and Actual [TRUE]. Validation Type [POSITIVE]. @15-12-2021 01:59:02.0572 A
[ReportManager] Browser Action [CloseCurrentWindow] successfully performed. @15-12-2021 01:59:04.0109 AM
[ReportManager] Successfully created attachment [Browser Action Test Data - CloseCurrentWindow - Actual Value] @15-12-2021 01:59:04.0110 A
[ReportManager] Successfully loaded the following test data file [src/test/resources/testDataFiles/testSuite01/TestData.xlsx]. @15-12-2021 01:59:04.0158 AM
[ReportManager] Successfully created attachment [Test Data - Excel] @15-12-2021 01:59:04.0158 AM
[ReportManager] Attempting to run using Playwright locally on: [Mac-64], [Safari], Headless Execution. @15-12-2021 01:59:29.0501 AM
[ReportManager] File Action [GetAbsolutePath] successfully performed. With the following test data [Relative Folder Path: "target/downloadedFiles/"]. @15-12-2021 01:59:29.0503 AM
[ReportManager] Initial window size: (1280, 720) @15-12-2021 01:59:34.0431 AM
[ReportManager] Window size after Toolkit: com.microsoft.playwright.options.ViewportSize@62564e16 @15-12-2021 01:59:34.0445 AM
[ReportManager] Browser Action [MaximizeWindow] successfully performed. With the following test data [New screen size is now: (1920, 1080)]. @15-12-2021 01:59:34.0446 A

################################################################################################################################################
Starting Execution:	[139 out of 146] test cases in the current suite
Test Method:		[testPackage01.Test_google_playwright.navigateToURLandVerifyGoogleLogoIsDisplayed]
Test Description:	[TC001 - Navigate to URL and Verify Google Logo is Displayed]
################################################################################################################################################
[ReportManager] Target URL: [https://www.google.com/ncr], and after redirection: [https://www.google.com] @15-12-2021 01:59:34.0452 AM
[ReportManager] Initial URL: [about:blank] @15-12-2021 01:59:34.0958 AM
[ReportManager] Browser Action [NavigateToURL] successfully performed. With the following test data [https://www.google.com/ncr]. @15-12-2021 01:59:38.0597 AM
[ReportManager] Loaded Shared OpenCV @15-12-2021 01:59:38.0705 AM
[ReportManager] Assertion [ValidateElementExists] PASSED. Expected [Element Should Exist, locator 'xpath=//*[@id='hplogo' or @alt='Google']'] and Actual [Element Exists]. Comparison Type [EQUALS]. Validation Type [POSITIVE]. @15-12-2021 01:59:38.0916 AM
[ReportManager] Successfully created attachment [Screenshot - 1639533578701_navigateToURLandVerifyGoogleLogoIsDisplayed_ValidateElementExists_passed] @15-12-2021 01:59:38.0917 A

################################################################################################################################################
Starting Execution:	[140 out of 146] test cases in the current suite
Test Method:		[testPackage01.Test_google_playwright.searchForQueryandAssertResultsNumDisplayed]
Test Description:	[TC002 - Search for Query and Assert that the number of results is displayed]
################################################################################################################################################
[ReportManager] Element Action [Type] successfully performed. With the following test data [SHAFT_Engine]. @15-12-2021 01:59:39.0128 AM
[ReportManager] Element Action [KeyPress] successfully performed. With the following test data [Enter]. @15-12-2021 01:59:39.0170 AM
[ReportManager] Element Action [GetMatchingElementsCount] failed. @15-12-2021 01:59:44.0430 AM
[ReportManager] Successfully created attachment [Screenshot - 1639533584286_searchForQueryandAssertResultsNumDisplayed_GetMatchingElementsCount_failed] @15-12-2021 01:59:44.0431 AM
[ReportManager] Assertion [ValidateElementAttribute] FAILED. Expected [Value Should not be '' for the 'text' attribute, element locator 'xpath=//div[@id='appbar']'] and Actual [Failed to read the desired element attribute]. Comparison Type [EQUALS]. Validation Type [NEGATIVE]. @15-12-2021 01:59:44.0432 A

################################################################################################################################################
Starting Execution:	[141 out of 146] test cases in the current suite
Test Method:		[testPackage01.Test_google_playwright.clickNextThrice]
Test Description:	[TC003 - Clicks the next button to make sure that the framework can scroll element into view before clicking it]
###############################################################################################################################################
[ReportManager] Failed to find video recording. @15-12-2021 01:59:44.0440 AM
[ReportManager] Successfully Closed PlayWright Driver. @15-12-2021 01:59:44.0494 A
[ReportManager] File Action [GetAbsolutePath] successfully performed. With the following test data [Relative Folder Path: "target/downloadedFiles/"]. @15-12-2021 01:59:44.0496 AM
[ReportManager] Attempting to run locally on: [Mac-64], [Safari], Headless Execution. @15-12-2021 01:59:44.0496 AM
[ReportManager] Successfully Opened Safari. @15-12-2021 01:59:45.0960 AM
[ReportManager] Initial window size: (800, 600) @15-12-2021 01:59:45.0972 AM
[ReportManager] Window size after SWD Maximize: (1176, 803) @15-12-2021 01:59:45.0990 AM
[ReportManager] Browser Action [MaximizeWindow] successfully performed. With the following test data [New screen size is now: (1176, 803)]. @15-12-2021 01:59:45.0990 A

################################################################################################################################################
Starting Execution:	[142 out of 146] test cases in the current suite
Test Method:		[testPackage01.Test_verifyEquals.test_assertElementAttribute]
################################################################################################################################################
[ReportManager] Target URL: [https://www.google.com/ncr], and after redirection: [https://www.google.com] @15-12-2021 01:59:46.0037 AM
[ReportManager] Initial URL: [] @15-12-2021 01:59:46.0073 AM
[ReportManager] Browser Action [NavigateToURL] successfully performed. With the following test data [https://www.google.com/ncr]. @15-12-2021 01:59:48.0055 AM
[ReportManager] Element Action [Type] successfully performed. With the following test data [INC_004010050:Another SCHEDULER with the same name [Duplicate Job Name] already exists.]. @15-12-2021 01:59:48.0953 AM
[ReportManager] Element Action [GetText] successfully performed. With the following test data [INC_004010050:Another SCHEDULER with the same name [Duplicate Job Name] already exists.]. @15-12-2021 01:59:49.0063 AM
[ReportManager] Loaded Shared OpenCV @15-12-2021 01:59:49.0142 AM
[ReportManager] Verification [ValidateElementAttribute] PASSED. Expected [Value Should be 'INC_004010050:Another SCHEDULER with the same name \[Duplicate Job Name\] already exists.' for the 'text' attribute, element locator 'By.name: q'] and Actual [INC_004010050:Another SCHEDULER with the same name [Duplicate Job Name] already exists.]. Comparison Type [MATCHES]. Validation Type [POSITIVE]. @15-12-2021 01:59:49.0243 AM
[ReportManager] Successfully created attachment [Screenshot - 1639533589142_test_assertElementAttribute_ValidateElementAttribute_passed] @15-12-2021 01:59:49.0244 A
[ReportManager] Browser Action [CloseCurrentWindow] successfully performed. @15-12-2021 01:59:49.0669 AM
[ReportManager] Successfully created attachment [Browser Action Test Data - CloseCurrentWindow - Actual Value] @15-12-2021 01:59:49.0671 A

################################################################################################################################################
Starting Execution:	[143 out of 146] test cases in the current suite
Test Method:		[testPackage01.Test_SelectedValue.multipleSelect]
################################################################################################################################################
[ReportManager] File Action [GetAbsolutePath] successfully performed. With the following test data [Relative Folder Path: "target/downloadedFiles/"]. @15-12-2021 01:59:49.0674 AM
[ReportManager] Attempting to run locally on: [Mac-64], [GoogleChrome], Headless Execution. @15-12-2021 01:59:49.0675 AM
[ReportManager] Identifying OS/Driver combination and selecting the correct driver version automatically. Please note that if a new driver executable will be downloaded it may take some time... @15-12-2021 01:59:49.0676 AM
[ReportManager] Successfully Opened Google Chrome. @15-12-2021 01:59:53.0364 AM
[ReportManager] Initial window size: (1920, 1080) @15-12-2021 01:59:53.0371 AM
[ReportManager] Window size after SWD Maximize: (1920, 1080) @15-12-2021 01:59:53.0507 AM
[ReportManager] Window size after Toolkit: (1920, 1080) @15-12-2021 01:59:54.0070 AM
[ReportManager] Browser Action [MaximizeWindow] successfully performed. With the following test data [New screen size is now: (1920, 1080)]. @15-12-2021 01:59:54.0074 AM
[ReportManager] Target URL: [https://yari-demos.prod.mdn.mozit.cloud/en-US/docs/Web/HTML/Element/select/_sample_.Advanced_select_with_multiple_features.html] @15-12-2021 01:59:54.0074 AM
[ReportManager] Initial URL: [data:,] @15-12-2021 01:59:54.0114 AM
[ReportManager] Browser Action [NavigateToURL] successfully performed. With the following test data [https://yari-demos.prod.mdn.mozit.cloud/en-US/docs/Web/HTML/Element/select/_sample_.Advanced_select_with_multiple_features.html]. @15-12-2021 01:59:54.0719 AM
[ReportManager] Element Action [Select] successfully performed. With the following test data [Dog]. @15-12-2021 01:59:54.0955 AM
[ReportManager] Element Action [Select] successfully performed. With the following test data [Cat]. @15-12-2021 01:59:55.0219 AM
[ReportManager] Element Action [GetSelectedText] successfully performed. With the following test data [DogCat]. @15-12-2021 01:59:55.0481 AM
[ReportManager] DogCat @15-12-2021 01:59:55.0482 AM
[ReportManager] Element Action [GetSelectedText] successfully performed. With the following test data [DogCat]. @15-12-2021 01:59:55.0682 AM
[ReportManager] Loaded Shared OpenCV @15-12-2021 01:59:56.0229 AM
[ReportManager] Assertion [ValidateElementAttribute] PASSED. Expected [Value Should be 'DogCat' for the 'selectedText' attribute, element locator 'By.tagName: select'] and Actual [DogCat]. Comparison Type [EQUALS]. Validation Type [POSITIVE]. @15-12-2021 01:59:56.0471 AM
[ReportManager] Successfully created attachment [Screenshot - 1639533596229_multipleSelect_ValidateElementAttribute_passed] @15-12-2021 01:59:56.0472 AM
[ReportManager] Browser Action [CloseCurrentWindow] successfully performed. @15-12-2021 01:59:56.0732 AM
[ReportManager] Successfully created attachment [Browser Action Test Data - CloseCurrentWindow - Actual Value] @15-12-2021 01:59:56.0733 A

################################################################################################################################################
Starting Execution:	[144 out of 146] test cases in the current suite
Test Method:		[testPackage01.Test_SelectedValue.simpleSelect]
################################################################################################################################################
[ReportManager] File Action [GetAbsolutePath] successfully performed. With the following test data [Relative Folder Path: "target/downloadedFiles/"]. @15-12-2021 01:59:56.0921 AM
[ReportManager] Attempting to run locally on: [Mac-64], [GoogleChrome], Headless Execution. @15-12-2021 01:59:56.0922 AM
[ReportManager] Identifying OS/Driver combination and selecting the correct driver version automatically. Please note that if a new driver executable will be downloaded it may take some time... @15-12-2021 01:59:56.0922 AM
[ReportManager] Successfully Opened Google Chrome. @15-12-2021 02:00:00.0723 AM
[ReportManager] Initial window size: (1920, 1080) @15-12-2021 02:00:00.0727 AM
[ReportManager] Window size after SWD Maximize: (1920, 1080) @15-12-2021 02:00:00.0866 AM
[ReportManager] Window size after Toolkit: (1920, 1080) @15-12-2021 02:00:01.0482 AM
[ReportManager] Browser Action [MaximizeWindow] successfully performed. With the following test data [New screen size is now: (1920, 1080)]. @15-12-2021 02:00:01.0486 AM
[ReportManager] Target URL: [https://yari-demos.prod.mdn.mozit.cloud/en-US/docs/Web/HTML/Element/select/_sample_.Basic_select.html] @15-12-2021 02:00:01.0486 AM
[ReportManager] Initial URL: [data:,] @15-12-2021 02:00:01.0516 AM
[ReportManager] Browser Action [NavigateToURL] successfully performed. With the following test data [https://yari-demos.prod.mdn.mozit.cloud/en-US/docs/Web/HTML/Element/select/_sample_.Basic_select.html]. @15-12-2021 02:00:04.0985 AM
[ReportManager] Element Action [Select] successfully performed. With the following test data [Third Value]. @15-12-2021 02:00:05.0269 AM
[ReportManager] Element Action [GetSelectedText] successfully performed. With the following test data [Third Value]. @15-12-2021 02:00:05.0342 AM
[ReportManager] Third Value @15-12-2021 02:00:05.0342 AM
[ReportManager] Element Action [GetSelectedText] successfully performed. With the following test data [Third Value]. @15-12-2021 02:00:05.0417 AM
[ReportManager] Loaded Shared OpenCV @15-12-2021 02:00:05.0774 AM
[ReportManager] Assertion [ValidateElementAttribute] PASSED. Expected [Value Should be 'Third Value' for the 'selectedText' attribute, element locator 'By.tagName: select'] and Actual [Third Value]. Comparison Type [EQUALS]. Validation Type [POSITIVE]. @15-12-2021 02:00:06.0934 AM
[ReportManager] Successfully created attachment [Screenshot - 1639533605774_simpleSelect_ValidateElementAttribute_passed] @15-12-2021 02:00:06.0934 AM
[ReportManager] Browser Action [CloseCurrentWindow] successfully performed. @15-12-2021 02:00:07.0227 AM
[ReportManager] Successfully created attachment [Browser Action Test Data - CloseCurrentWindow - Actual Value] @15-12-2021 02:00:07.0228 A
[ReportManager] File Action [GetAbsolutePath] successfully performed. With the following test data [Relative Folder Path: "target/downloadedFiles/"]. @15-12-2021 02:00:07.0231 AM
[ReportManager] Attempting to run locally on: [Mac-64], [Safari], Headless Execution. @15-12-2021 02:00:07.0231 AM
[ReportManager] Successfully Opened Safari. @15-12-2021 02:00:08.0368 AM
[ReportManager] Initial window size: (800, 600) @15-12-2021 02:00:08.0398 AM
[ReportManager] Window size after SWD Maximize: (1176, 803) @15-12-2021 02:00:08.0414 AM
[ReportManager] Browser Action [MaximizeWindow] successfully performed. With the following test data [New screen size is now: (1176, 803)]. @15-12-2021 02:00:08.0414 A

################################################################################################################################################
Starting Execution:	[145 out of 146] test cases in the current suite
Test Method:		[testPackage01.Test_dynamicLoading.dynamicLoading_elementIsHidden]
################################################################################################################################################
[ReportManager] Target URL: [https://the-internet.herokuapp.com/dynamic_loading/1] @15-12-2021 02:00:08.0469 AM
[ReportManager] Initial URL: [] @15-12-2021 02:00:08.0503 AM
[ReportManager] Browser Action [NavigateToURL] successfully performed. With the following test data [https://the-internet.herokuapp.com/dynamic_loading/1]. @15-12-2021 02:00:09.0670 AM
[ReportManager] Element Action [Click] successfully performed. With the following test data [By.xpath: //button[text()='Start']]. @15-12-2021 02:00:09.0906 AM
[ReportManager] Element Action [GetText] successfully performed. With the following test data [
    Hello World!
  ]. @15-12-2021 02:00:09.0953 A
[ReportManager] Browser Action [CloseCurrentWindow] successfully performed. @15-12-2021 02:00:10.0235 AM
[ReportManager] Successfully created attachment [Browser Action Test Data - CloseCurrentWindow - Actual Value] @15-12-2021 02:00:10.0235 A
[ReportManager] File Action [GetAbsolutePath] successfully performed. With the following test data [Relative Folder Path: "target/downloadedFiles/"]. @15-12-2021 02:00:10.0237 AM
[ReportManager] Attempting to run locally on: [Mac-64], [Safari], Headless Execution. @15-12-2021 02:00:10.0237 AM
[ReportManager] Successfully Opened Safari. @15-12-2021 02:00:11.0141 AM
[ReportManager] Initial window size: (800, 600) @15-12-2021 02:00:11.0170 AM
[ReportManager] Window size after SWD Maximize: (1176, 803) @15-12-2021 02:00:11.0207 AM
[ReportManager] Browser Action [MaximizeWindow] successfully performed. With the following test data [New screen size is now: (1176, 803)]. @15-12-2021 02:00:11.0208 A

################################################################################################################################################
Starting Execution:	[146 out of 146] test cases in the current suite
Test Method:		[testPackage01.Test_dynamicLoading.dynamicLoading_elementIsRendered]
################################################################################################################################################
[ReportManager] Target URL: [https://the-internet.herokuapp.com/dynamic_loading/2] @15-12-2021 02:00:11.0210 AM
[ReportManager] Initial URL: [] @15-12-2021 02:00:11.0258 AM
[ReportManager] Browser Action [NavigateToURL] successfully performed. With the following test data [https://the-internet.herokuapp.com/dynamic_loading/2]. @15-12-2021 02:00:12.0373 AM
[ReportManager] Element Action [Click] successfully performed. With the following test data [By.xpath: //button[text()='Start']]. @15-12-2021 02:00:12.0667 AM
[ReportManager] Element Action [GetText] successfully performed. With the following test data [Hello World!]. @15-12-2021 02:00:18.0112 AM
[ReportManager] Loaded Shared OpenCV @15-12-2021 02:00:18.0178 AM
[ReportManager] Assertion [ValidateElementAttribute] PASSED. Expected [Value Should be 'Hello World!' for the 'text' attribute, element locator 'By.id: finish'] and Actual [Hello World!]. Comparison Type [CONTAINS]. Validation Type [POSITIVE]. @15-12-2021 02:00:18.0288 AM
[ReportManager] Successfully created attachment [Screenshot - 1639533618178_dynamicLoading_elementIsRendered_ValidateElementAttribute_passed] @15-12-2021 02:00:18.0289 A
[ReportManager] Browser Action [CloseCurrentWindow] successfully performed. @15-12-2021 02:00:18.0727 AM
[ReportManager] Successfully created attachment [Browser Action Test Data - CloseCurrentWindow - Actual Value] @15-12-2021 02:00:18.0728 A
[ReportManager] Successfully created attachment [SHAFT Engine Logs - Execution log] @15-12-2021 02:00:18.0775 AM

################################################################################################################################################
This test run was powered by SHAFT Engine Version: [SHAFT Engine v5.4.20211202-BETA]
SHAFT Engine is licensed under the MIT License: [https://github.com/MohabMohie/SHAFT_ENGINE/blob/master/LICENSE].
################################################################################################################################################