################################################################################################################################################
Detected SHAFT Engine Version: [SHAFT Engine v5.3.20210902]
################################################################################################################################################

################################################################################################################################################
Starting Execution:	[1 out of 144] test cases in the current suite
Test Method:		[unitTests.tests_validations_assertions.assertComparativeRelation_greaterThanOrEquals_false_equals_expectedToFail]
################################################################################################################################################
[ReportManager] Assertion [ValidateComparativeRelation] FAILED. Expected [1] and Actual [1]. Comparison Type [GREATER_THAN_OR_EQUALS]. Validation Type [NEGATIVE]. @10-10-2021 01:52:54.0587 A

################################################################################################################################################
Starting Execution:	[2 out of 144] test cases in the current suite
Test Method:		[unitTests.tests_validations_assertions.assertComparativeRelation_greaterThanOrEquals_false_equals_expectedToPass]
################################################################################################################################################
[ReportManager] Assertion [ValidateComparativeRelation] PASSED. Expected [2] and Actual [1]. Comparison Type [GREATER_THAN_OR_EQUALS]. Validation Type [NEGATIVE]. @10-10-2021 01:52:54.0709 A

################################################################################################################################################
Starting Execution:	[3 out of 144] test cases in the current suite
Test Method:		[unitTests.tests_validations_assertions.assertComparativeRelation_greaterThanOrEquals_false_greaterThan_expectedToFail]
################################################################################################################################################
[ReportManager] Assertion [ValidateComparativeRelation] FAILED. Expected [1] and Actual [2]. Comparison Type [GREATER_THAN_OR_EQUALS]. Validation Type [NEGATIVE]. @10-10-2021 01:52:54.0715 A

################################################################################################################################################
Starting Execution:	[4 out of 144] test cases in the current suite
Test Method:		[unitTests.tests_validations_assertions.assertComparativeRelation_greaterThanOrEquals_false_greaterThan_expectedToPass]
################################################################################################################################################
[ReportManager] Assertion [ValidateComparativeRelation] PASSED. Expected [2] and Actual [1]. Comparison Type [GREATER_THAN_OR_EQUALS]. Validation Type [NEGATIVE]. @10-10-2021 01:52:54.0721 A

################################################################################################################################################
Starting Execution:	[5 out of 144] test cases in the current suite
Test Method:		[unitTests.tests_validations_assertions.assertComparativeRelation_greaterThanOrEquals_true_equals_expectedToFail]
################################################################################################################################################
[ReportManager] Assertion [ValidateComparativeRelation] FAILED. Expected [1] and Actual [0]. Comparison Type [GREATER_THAN_OR_EQUALS]. Validation Type [POSITIVE]. @10-10-2021 01:52:54.0727 A

################################################################################################################################################
Starting Execution:	[6 out of 144] test cases in the current suite
Test Method:		[unitTests.tests_validations_assertions.assertComparativeRelation_greaterThanOrEquals_true_equals_expectedToPass]
################################################################################################################################################
[ReportManager] Assertion [ValidateComparativeRelation] PASSED. Expected [1] and Actual [1]. Comparison Type [GREATER_THAN_OR_EQUALS]. Validation Type [POSITIVE]. @10-10-2021 01:52:54.0731 A

################################################################################################################################################
Starting Execution:	[7 out of 144] test cases in the current suite
Test Method:		[unitTests.tests_validations_assertions.assertComparativeRelation_greaterThanOrEquals_true_greaterThan_expectedToFail]
################################################################################################################################################
[ReportManager] Assertion [ValidateComparativeRelation] FAILED. Expected [2] and Actual [1]. Comparison Type [GREATER_THAN_OR_EQUALS]. Validation Type [POSITIVE]. @10-10-2021 01:52:54.0736 A

################################################################################################################################################
Starting Execution:	[8 out of 144] test cases in the current suite
Test Method:		[unitTests.tests_validations_assertions.assertComparativeRelation_greaterThanOrEquals_true_greaterThan_expectedToPass]
################################################################################################################################################
[ReportManager] Assertion [ValidateComparativeRelation] PASSED. Expected [1] and Actual [2]. Comparison Type [GREATER_THAN_OR_EQUALS]. Validation Type [POSITIVE]. @10-10-2021 01:52:54.0742 A
[ReportManager] File Action [GetAbsolutePath] successfully performed. With the following test data [Relative Folder Path: "target/downloadedFiles/"]. @10-10-2021 01:52:54.0756 AM
[ReportManager] Attempting to run remotely on: [Linux-64], [GoogleChrome], [http://localhost:4444/wd/hub], Headless Execution. @10-10-2021 01:52:54.0788 AM
[ReportManager] Successfully Opened [GoogleChrome]. @10-10-2021 01:52:56.0283 AM
[ReportManager] Target URL: [https://www.google.com/ncr], and after redirection: [www.google.com] @10-10-2021 01:52:56.0334 AM
[ReportManager] Initial URL: [data:,] @10-10-2021 01:52:56.0414 AM
[ReportManager] Browser Action [NavigateToURL] successfully performed. With the following test data [https://www.google.com/ncr]. @10-10-2021 01:52:57.0667 A

################################################################################################################################################
Starting Execution:	[9 out of 144] test cases in the current suite
Test Method:		[unitTests.tests_validations_assertions.assertElementAttribute_false_caseInsensitiveComparison_expectedToFail]
################################################################################################################################################
[ReportManager] Element Action [Type] successfully performed. With the following test data [AUTOMATION]. @10-10-2021 01:52:58.0149 AM
[ReportManager] Element Action [GetText] successfully performed. With the following test data [AUTOMATION]. @10-10-2021 01:52:58.0289 AM
[ReportManager] Loaded Shared OpenCV @10-10-2021 01:52:59.0012 AM
[ReportManager] Assertion [ValidateElementAttribute] FAILED. Expected [Value Should not be 'AutomaTion' for the 'text' attribute, element locator 'By.name: q'] and Actual [AUTOMATION]. Comparison Type [CASE_INSENSITIVE]. Validation Type [NEGATIVE]. @10-10-2021 01:52:59.0306 AM
[ReportManager] Successfully created attachment [Screenshot - 1633830778528_assertElementAttribute_false_caseInsensitiveComparison_expectedToFail_ValidateElementAttribute_failed] @10-10-2021 01:52:59.0323 A
[ReportManager] Browser Action [CloseCurrentWindow] successfully performed. @10-10-2021 01:52:59.0502 AM
[ReportManager] Successfully created attachment [Browser Action Test Data - CloseCurrentWindow - Actual Value] @10-10-2021 01:52:59.0505 A
[ReportManager] File Action [GetAbsolutePath] successfully performed. With the following test data [Relative Folder Path: "target/downloadedFiles/"]. @10-10-2021 01:52:59.0514 AM
[ReportManager] Attempting to run remotely on: [Linux-64], [GoogleChrome], [http://localhost:4444/wd/hub], Headless Execution. @10-10-2021 01:52:59.0515 AM
[ReportManager] Successfully Opened [GoogleChrome]. @10-10-2021 01:52:59.0763 AM
[ReportManager] Target URL: [https://www.google.com/ncr], and after redirection: [www.google.com] @10-10-2021 01:52:59.0796 AM
[ReportManager] Initial URL: [data:,] @10-10-2021 01:52:59.0865 AM
[ReportManager] Browser Action [NavigateToURL] successfully performed. With the following test data [https://www.google.com/ncr]. @10-10-2021 01:53:00.0773 A

################################################################################################################################################
Starting Execution:	[10 out of 144] test cases in the current suite
Test Method:		[unitTests.tests_validations_assertions.assertElementAttribute_false_caseInsensitiveComparison_expectedToPass]
################################################################################################################################################
[ReportManager] Element Action [Type] successfully performed. With the following test data [AUTOMATION]. @10-10-2021 01:53:01.0206 AM
[ReportManager] Element Action [GetText] successfully performed. With the following test data [AUTOMATION]. @10-10-2021 01:53:01.0347 AM
[ReportManager] Loaded Shared OpenCV @10-10-2021 01:53:01.0501 AM
[ReportManager] Assertion [ValidateElementAttribute] PASSED. Expected [Value Should not be 'AutomaTion123' for the 'text' attribute, element locator 'By.name: q'] and Actual [AUTOMATION]. Comparison Type [CASE_INSENSITIVE]. Validation Type [NEGATIVE]. @10-10-2021 01:53:01.0635 AM
[ReportManager] Successfully created attachment [Screenshot - 1633830781501_assertElementAttribute_false_caseInsensitiveComparison_expectedToPass_ValidateElementAttribute_passed] @10-10-2021 01:53:01.0638 A
[ReportManager] Browser Action [CloseCurrentWindow] successfully performed. @10-10-2021 01:53:01.0776 AM
[ReportManager] Successfully created attachment [Browser Action Test Data - CloseCurrentWindow - Actual Value] @10-10-2021 01:53:01.0778 A
[ReportManager] File Action [GetAbsolutePath] successfully performed. With the following test data [Relative Folder Path: "target/downloadedFiles/"]. @10-10-2021 01:53:01.0788 AM
[ReportManager] Attempting to run remotely on: [Linux-64], [GoogleChrome], [http://localhost:4444/wd/hub], Headless Execution. @10-10-2021 01:53:01.0788 AM
[ReportManager] Successfully Opened [GoogleChrome]. @10-10-2021 01:53:02.0034 AM
[ReportManager] Target URL: [https://www.google.com/ncr], and after redirection: [www.google.com] @10-10-2021 01:53:02.0059 AM
[ReportManager] Initial URL: [data:,] @10-10-2021 01:53:02.0131 AM
[ReportManager] Browser Action [NavigateToURL] successfully performed. With the following test data [https://www.google.com/ncr]. @10-10-2021 01:53:02.0949 A

################################################################################################################################################
Starting Execution:	[11 out of 144] test cases in the current suite
Test Method:		[unitTests.tests_validations_assertions.assertElementAttribute_false_containsComparison_expectedToFail]
################################################################################################################################################
[ReportManager] Element Action [Type] successfully performed. With the following test data [Automation123]. @10-10-2021 01:53:03.0334 AM
[ReportManager] Element Action [GetText] successfully performed. With the following test data [Automation123]. @10-10-2021 01:53:03.0461 AM
[ReportManager] Loaded Shared OpenCV @10-10-2021 01:53:03.0606 AM
[ReportManager] Assertion [ValidateElementAttribute] FAILED. Expected [Value Should not be 'Automation' for the 'text' attribute, element locator 'By.name: q'] and Actual [Automation123]. Comparison Type [CONTAINS]. Validation Type [NEGATIVE]. @10-10-2021 01:53:03.0685 AM
[ReportManager] Successfully created attachment [Screenshot - 1633830783606_assertElementAttribute_false_containsComparison_expectedToFail_ValidateElementAttribute_failed] @10-10-2021 01:53:03.0687 A
[ReportManager] Browser Action [CloseCurrentWindow] successfully performed. @10-10-2021 01:53:03.0849 AM
[ReportManager] Successfully created attachment [Browser Action Test Data - CloseCurrentWindow - Actual Value] @10-10-2021 01:53:03.0850 A
[ReportManager] File Action [GetAbsolutePath] successfully performed. With the following test data [Relative Folder Path: "target/downloadedFiles/"]. @10-10-2021 01:53:03.0858 AM
[ReportManager] Attempting to run remotely on: [Linux-64], [GoogleChrome], [http://localhost:4444/wd/hub], Headless Execution. @10-10-2021 01:53:03.0858 AM
[ReportManager] Successfully Opened [GoogleChrome]. @10-10-2021 01:53:04.0082 AM
[ReportManager] Target URL: [https://www.google.com/ncr], and after redirection: [www.google.com] @10-10-2021 01:53:04.0103 AM
[ReportManager] Initial URL: [data:,] @10-10-2021 01:53:04.0162 AM
[ReportManager] Browser Action [NavigateToURL] successfully performed. With the following test data [https://www.google.com/ncr]. @10-10-2021 01:53:04.0993 A

################################################################################################################################################
Starting Execution:	[12 out of 144] test cases in the current suite
Test Method:		[unitTests.tests_validations_assertions.assertElementAttribute_false_containsComparison_expectedToPass]
################################################################################################################################################
[ReportManager] Element Action [Type] successfully performed. With the following test data [Automation123]. @10-10-2021 01:53:05.0367 AM
[ReportManager] Element Action [GetText] successfully performed. With the following test data [Automation123]. @10-10-2021 01:53:05.0488 AM
[ReportManager] Loaded Shared OpenCV @10-10-2021 01:53:05.0637 AM
[ReportManager] Assertion [ValidateElementAttribute] PASSED. Expected [Value Should not be 'Automation1234' for the 'text' attribute, element locator 'By.name: q'] and Actual [Automation123]. Comparison Type [CONTAINS]. Validation Type [NEGATIVE]. @10-10-2021 01:53:05.0716 AM
[ReportManager] Successfully created attachment [Screenshot - 1633830785636_assertElementAttribute_false_containsComparison_expectedToPass_ValidateElementAttribute_passed] @10-10-2021 01:53:05.0717 A
[ReportManager] Browser Action [CloseCurrentWindow] successfully performed. @10-10-2021 01:53:05.0862 AM
[ReportManager] Successfully created attachment [Browser Action Test Data - CloseCurrentWindow - Actual Value] @10-10-2021 01:53:05.0864 A
[ReportManager] File Action [GetAbsolutePath] successfully performed. With the following test data [Relative Folder Path: "target/downloadedFiles/"]. @10-10-2021 01:53:05.0872 AM
[ReportManager] Attempting to run remotely on: [Linux-64], [GoogleChrome], [http://localhost:4444/wd/hub], Headless Execution. @10-10-2021 01:53:05.0872 AM
[ReportManager] Successfully Opened [GoogleChrome]. @10-10-2021 01:53:06.0101 AM
[ReportManager] Target URL: [https://www.google.com/ncr], and after redirection: [www.google.com] @10-10-2021 01:53:06.0118 AM
[ReportManager] Initial URL: [data:,] @10-10-2021 01:53:06.0165 AM
[ReportManager] Browser Action [NavigateToURL] successfully performed. With the following test data [https://www.google.com/ncr]. @10-10-2021 01:53:06.0960 A

################################################################################################################################################
Starting Execution:	[13 out of 144] test cases in the current suite
Test Method:		[unitTests.tests_validations_assertions.assertElementAttribute_false_literalComparison_expectedToFail]
################################################################################################################################################
[ReportManager] Element Action [Type] successfully performed. With the following test data [Automation!@#$%^&*()_+{}[]\';/.,]. @10-10-2021 01:53:07.0434 AM
[ReportManager] Element Action [GetText] successfully performed. With the following test data [Automation!@#$%^&*()_+{}[]\';/.,]. @10-10-2021 01:53:07.0553 AM
[ReportManager] Loaded Shared OpenCV @10-10-2021 01:53:07.0695 AM
[ReportManager] Assertion [ValidateElementAttribute] PASSED. Expected [Value Should not be 'Automation!@#$%^&*()_+{}[]\\';/.,' for the 'text' attribute, element locator 'By.name: q'] and Actual [Automation!@#$%^&*()_+{}[]\';/.,]. Comparison Type [EQUALS]. Validation Type [NEGATIVE]. @10-10-2021 01:53:07.0778 AM
[ReportManager] Successfully created attachment [Screenshot - 1633830787695_assertElementAttribute_false_literalComparison_expectedToFail_ValidateElementAttribute_passed] @10-10-2021 01:53:07.0779 A
[ReportManager] Browser Action [CloseCurrentWindow] successfully performed. @10-10-2021 01:53:07.0910 AM
[ReportManager] Successfully created attachment [Browser Action Test Data - CloseCurrentWindow - Actual Value] @10-10-2021 01:53:07.0911 A
[ReportManager] File Action [GetAbsolutePath] successfully performed. With the following test data [Relative Folder Path: "target/downloadedFiles/"]. @10-10-2021 01:53:07.0919 AM
[ReportManager] Attempting to run remotely on: [Linux-64], [GoogleChrome], [http://localhost:4444/wd/hub], Headless Execution. @10-10-2021 01:53:07.0919 AM
[ReportManager] Successfully Opened [GoogleChrome]. @10-10-2021 01:53:08.0136 AM
[ReportManager] Target URL: [https://www.google.com/ncr], and after redirection: [www.google.com] @10-10-2021 01:53:08.0161 AM
[ReportManager] Initial URL: [data:,] @10-10-2021 01:53:08.0213 AM
[ReportManager] Browser Action [NavigateToURL] successfully performed. With the following test data [https://www.google.com/ncr]. @10-10-2021 01:53:09.0010 A

################################################################################################################################################
Starting Execution:	[14 out of 144] test cases in the current suite
Test Method:		[unitTests.tests_validations_assertions.assertElementAttribute_false_literalComparison_expectedToPass]
################################################################################################################################################
[ReportManager] Element Action [Type] successfully performed. With the following test data [Automation!@#$%^&*()_+{}[]\';/.,]. @10-10-2021 01:53:09.0483 AM
[ReportManager] Element Action [GetText] successfully performed. With the following test data [Automation!@#$%^&*()_+{}[]\';/.,]. @10-10-2021 01:53:09.0585 AM
[ReportManager] Loaded Shared OpenCV @10-10-2021 01:53:09.0729 AM
[ReportManager] Assertion [ValidateElementAttribute] PASSED. Expected [Value Should not be 'Automation' for the 'text' attribute, element locator 'By.name: q'] and Actual [Automation!@#$%^&*()_+{}[]\';/.,]. Comparison Type [EQUALS]. Validation Type [NEGATIVE]. @10-10-2021 01:53:09.0812 AM
[ReportManager] Successfully created attachment [Screenshot - 1633830789729_assertElementAttribute_false_literalComparison_expectedToPass_ValidateElementAttribute_passed] @10-10-2021 01:53:09.0813 A
[ReportManager] Browser Action [CloseCurrentWindow] successfully performed. @10-10-2021 01:53:09.0941 AM
[ReportManager] Successfully created attachment [Browser Action Test Data - CloseCurrentWindow - Actual Value] @10-10-2021 01:53:09.0949 A
[ReportManager] File Action [GetAbsolutePath] successfully performed. With the following test data [Relative Folder Path: "target/downloadedFiles/"]. @10-10-2021 01:53:09.0952 AM
[ReportManager] Attempting to run remotely on: [Linux-64], [GoogleChrome], [http://localhost:4444/wd/hub], Headless Execution. @10-10-2021 01:53:09.0952 AM
[ReportManager] Successfully Opened [GoogleChrome]. @10-10-2021 01:53:10.0163 AM
[ReportManager] Target URL: [https://www.google.com/ncr], and after redirection: [www.google.com] @10-10-2021 01:53:10.0198 AM
[ReportManager] Initial URL: [data:,] @10-10-2021 01:53:10.0242 AM
[ReportManager] Browser Action [NavigateToURL] successfully performed. With the following test data [https://www.google.com/ncr]. @10-10-2021 01:53:11.0031 A

################################################################################################################################################
Starting Execution:	[15 out of 144] test cases in the current suite
Test Method:		[unitTests.tests_validations_assertions.assertElementAttribute_false_regexComparison_expectedToFail]
################################################################################################################################################
[ReportManager] Element Action [Type] successfully performed. With the following test data [Automation123]. @10-10-2021 01:53:11.0370 AM
[ReportManager] Element Action [GetText] successfully performed. With the following test data [Automation123]. @10-10-2021 01:53:11.0472 AM
[ReportManager] Loaded Shared OpenCV @10-10-2021 01:53:11.0606 AM
[ReportManager] Assertion [ValidateElementAttribute] FAILED. Expected [Value Should not be 'Automation.*' for the 'text' attribute, element locator 'By.name: q'] and Actual [Automation123]. Comparison Type [MATCHES]. Validation Type [NEGATIVE]. @10-10-2021 01:53:11.0688 AM
[ReportManager] Successfully created attachment [Screenshot - 1633830791606_assertElementAttribute_false_regexComparison_expectedToFail_ValidateElementAttribute_failed] @10-10-2021 01:53:11.0689 A
[ReportManager] Browser Action [CloseCurrentWindow] successfully performed. @10-10-2021 01:53:11.0836 AM
[ReportManager] Successfully created attachment [Browser Action Test Data - CloseCurrentWindow - Actual Value] @10-10-2021 01:53:11.0837 A
[ReportManager] File Action [GetAbsolutePath] successfully performed. With the following test data [Relative Folder Path: "target/downloadedFiles/"]. @10-10-2021 01:53:11.0840 AM
[ReportManager] Attempting to run remotely on: [Linux-64], [GoogleChrome], [http://localhost:4444/wd/hub], Headless Execution. @10-10-2021 01:53:11.0841 AM
[ReportManager] Successfully Opened [GoogleChrome]. @10-10-2021 01:53:12.0073 AM
[ReportManager] Target URL: [https://www.google.com/ncr], and after redirection: [www.google.com] @10-10-2021 01:53:12.0085 AM
[ReportManager] Initial URL: [data:,] @10-10-2021 01:53:12.0139 AM
[ReportManager] Browser Action [NavigateToURL] successfully performed. With the following test data [https://www.google.com/ncr]. @10-10-2021 01:53:13.0000 A

################################################################################################################################################
Starting Execution:	[16 out of 144] test cases in the current suite
Test Method:		[unitTests.tests_validations_assertions.assertElementAttribute_false_regexComparison_expectedToPass]
################################################################################################################################################
[ReportManager] Element Action [Type] successfully performed. With the following test data [Automation123]. @10-10-2021 01:53:13.0357 AM
[ReportManager] Element Action [GetText] successfully performed. With the following test data [Automation123]. @10-10-2021 01:53:13.0468 AM
[ReportManager] Loaded Shared OpenCV @10-10-2021 01:53:13.0624 AM
[ReportManager] Assertion [ValidateElementAttribute] PASSED. Expected [Value Should not be 'Automation' for the 'text' attribute, element locator 'By.name: q'] and Actual [Automation123]. Comparison Type [MATCHES]. Validation Type [NEGATIVE]. @10-10-2021 01:53:13.0703 AM
[ReportManager] Successfully created attachment [Screenshot - 1633830793624_assertElementAttribute_false_regexComparison_expectedToPass_ValidateElementAttribute_passed] @10-10-2021 01:53:13.0704 A
[ReportManager] Browser Action [CloseCurrentWindow] successfully performed. @10-10-2021 01:53:13.0839 AM
[ReportManager] Successfully created attachment [Browser Action Test Data - CloseCurrentWindow - Actual Value] @10-10-2021 01:53:13.0840 A
[ReportManager] File Action [GetAbsolutePath] successfully performed. With the following test data [Relative Folder Path: "target/downloadedFiles/"]. @10-10-2021 01:53:13.0850 AM
[ReportManager] Attempting to run remotely on: [Linux-64], [GoogleChrome], [http://localhost:4444/wd/hub], Headless Execution. @10-10-2021 01:53:13.0851 AM
[ReportManager] Successfully Opened [GoogleChrome]. @10-10-2021 01:53:14.0073 AM
[ReportManager] Target URL: [https://www.google.com/ncr], and after redirection: [www.google.com] @10-10-2021 01:53:14.0090 AM
[ReportManager] Initial URL: [data:,] @10-10-2021 01:53:14.0139 AM
[ReportManager] Browser Action [NavigateToURL] successfully performed. With the following test data [https://www.google.com/ncr]. @10-10-2021 01:53:14.0900 A

################################################################################################################################################
Starting Execution:	[17 out of 144] test cases in the current suite
Test Method:		[unitTests.tests_validations_assertions.assertElementAttribute_true_caseInsensitiveComparison_expectedToFail]
################################################################################################################################################
[ReportManager] Element Action [Type] successfully performed. With the following test data [AUTOMATION]. @10-10-2021 01:53:15.0249 AM
[ReportManager] Element Action [GetText] successfully performed. With the following test data [AUTOMATION]. @10-10-2021 01:53:15.0354 AM
[ReportManager] Loaded Shared OpenCV @10-10-2021 01:53:15.0496 AM
[ReportManager] Assertion [ValidateElementAttribute] FAILED. Expected [Value Should be 'AutomaTion123' for the 'text' attribute, element locator 'By.name: q'] and Actual [AUTOMATION]. Comparison Type [CASE_INSENSITIVE]. Validation Type [POSITIVE]. @10-10-2021 01:53:15.0582 AM
[ReportManager] Successfully created attachment [Screenshot - 1633830795496_assertElementAttribute_true_caseInsensitiveComparison_expectedToFail_ValidateElementAttribute_failed] @10-10-2021 01:53:15.0583 A
[ReportManager] Browser Action [CloseCurrentWindow] successfully performed. @10-10-2021 01:53:15.0715 AM
[ReportManager] Successfully created attachment [Browser Action Test Data - CloseCurrentWindow - Actual Value] @10-10-2021 01:53:15.0716 A
[ReportManager] File Action [GetAbsolutePath] successfully performed. With the following test data [Relative Folder Path: "target/downloadedFiles/"]. @10-10-2021 01:53:15.0719 AM
[ReportManager] Attempting to run remotely on: [Linux-64], [GoogleChrome], [http://localhost:4444/wd/hub], Headless Execution. @10-10-2021 01:53:15.0719 AM
[ReportManager] Successfully Opened [GoogleChrome]. @10-10-2021 01:53:15.0946 AM
[ReportManager] Target URL: [https://www.google.com/ncr], and after redirection: [www.google.com] @10-10-2021 01:53:15.0958 AM
[ReportManager] Initial URL: [data:,] @10-10-2021 01:53:16.0009 AM
[ReportManager] Browser Action [NavigateToURL] successfully performed. With the following test data [https://www.google.com/ncr]. @10-10-2021 01:53:16.0761 A

################################################################################################################################################
Starting Execution:	[18 out of 144] test cases in the current suite
Test Method:		[unitTests.tests_validations_assertions.assertElementAttribute_true_caseInsensitiveComparison_expectedToPass]
################################################################################################################################################
[ReportManager] Element Action [Type] successfully performed. With the following test data [AUTOMATION]. @10-10-2021 01:53:17.0115 AM
[ReportManager] Element Action [GetText] successfully performed. With the following test data [AUTOMATION]. @10-10-2021 01:53:17.0211 AM
[ReportManager] Loaded Shared OpenCV @10-10-2021 01:53:17.0346 AM
[ReportManager] Assertion [ValidateElementAttribute] PASSED. Expected [Value Should be 'AutomaTion' for the 'text' attribute, element locator 'By.name: q'] and Actual [AUTOMATION]. Comparison Type [CASE_INSENSITIVE]. Validation Type [POSITIVE]. @10-10-2021 01:53:17.0426 AM
[ReportManager] Successfully created attachment [Screenshot - 1633830797346_assertElementAttribute_true_caseInsensitiveComparison_expectedToPass_ValidateElementAttribute_passed] @10-10-2021 01:53:17.0427 A
[ReportManager] Browser Action [CloseCurrentWindow] successfully performed. @10-10-2021 01:53:17.0548 AM
[ReportManager] Successfully created attachment [Browser Action Test Data - CloseCurrentWindow - Actual Value] @10-10-2021 01:53:17.0549 A
[ReportManager] File Action [GetAbsolutePath] successfully performed. With the following test data [Relative Folder Path: "target/downloadedFiles/"]. @10-10-2021 01:53:17.0556 AM
[ReportManager] Attempting to run remotely on: [Linux-64], [GoogleChrome], [http://localhost:4444/wd/hub], Headless Execution. @10-10-2021 01:53:17.0557 AM
[ReportManager] Successfully Opened [GoogleChrome]. @10-10-2021 01:53:17.0759 AM
[ReportManager] Target URL: [https://www.google.com/ncr], and after redirection: [www.google.com] @10-10-2021 01:53:17.0770 AM
[ReportManager] Initial URL: [data:,] @10-10-2021 01:53:17.0812 AM
[ReportManager] Browser Action [NavigateToURL] successfully performed. With the following test data [https://www.google.com/ncr]. @10-10-2021 01:53:18.0581 A

################################################################################################################################################
Starting Execution:	[19 out of 144] test cases in the current suite
Test Method:		[unitTests.tests_validations_assertions.assertElementAttribute_true_containsComparison_expectedToFail]
################################################################################################################################################
[ReportManager] Element Action [Type] successfully performed. With the following test data [Automation123]. @10-10-2021 01:53:18.0897 AM
[ReportManager] Element Action [GetText] successfully performed. With the following test data [Automation123]. @10-10-2021 01:53:19.0003 AM
[ReportManager] Loaded Shared OpenCV @10-10-2021 01:53:19.0119 AM
[ReportManager] Assertion [ValidateElementAttribute] FAILED. Expected [Value Should be 'Automation1234' for the 'text' attribute, element locator 'By.name: q'] and Actual [Automation123]. Comparison Type [CONTAINS]. Validation Type [POSITIVE]. @10-10-2021 01:53:19.0195 AM
[ReportManager] Successfully created attachment [Screenshot - 1633830799119_assertElementAttribute_true_containsComparison_expectedToFail_ValidateElementAttribute_failed] @10-10-2021 01:53:19.0196 A
[ReportManager] Browser Action [CloseCurrentWindow] successfully performed. @10-10-2021 01:53:19.0336 AM
[ReportManager] Successfully created attachment [Browser Action Test Data - CloseCurrentWindow - Actual Value] @10-10-2021 01:53:19.0337 A
[ReportManager] File Action [GetAbsolutePath] successfully performed. With the following test data [Relative Folder Path: "target/downloadedFiles/"]. @10-10-2021 01:53:19.0344 AM
[ReportManager] Attempting to run remotely on: [Linux-64], [GoogleChrome], [http://localhost:4444/wd/hub], Headless Execution. @10-10-2021 01:53:19.0344 AM
[ReportManager] Successfully Opened [GoogleChrome]. @10-10-2021 01:53:19.0555 AM
[ReportManager] Target URL: [https://www.google.com/ncr], and after redirection: [www.google.com] @10-10-2021 01:53:19.0570 AM
[ReportManager] Initial URL: [data:,] @10-10-2021 01:53:19.0617 AM
[ReportManager] Browser Action [NavigateToURL] successfully performed. With the following test data [https://www.google.com/ncr]. @10-10-2021 01:53:20.0413 A

################################################################################################################################################
Starting Execution:	[20 out of 144] test cases in the current suite
Test Method:		[unitTests.tests_validations_assertions.assertElementAttribute_true_containsComparison_expectedToPass]
################################################################################################################################################
[ReportManager] Element Action [Type] successfully performed. With the following test data [Automation123]. @10-10-2021 01:53:20.0812 AM
[ReportManager] Element Action [GetText] successfully performed. With the following test data [Automation123]. @10-10-2021 01:53:20.0906 AM
[ReportManager] Loaded Shared OpenCV @10-10-2021 01:53:21.0033 AM
[ReportManager] Assertion [ValidateElementAttribute] PASSED. Expected [Value Should be 'Automation' for the 'text' attribute, element locator 'By.name: q'] and Actual [Automation123]. Comparison Type [CONTAINS]. Validation Type [POSITIVE]. @10-10-2021 01:53:21.0111 AM
[ReportManager] Successfully created attachment [Screenshot - 1633830801033_assertElementAttribute_true_containsComparison_expectedToPass_ValidateElementAttribute_passed] @10-10-2021 01:53:21.0112 A
[ReportManager] Browser Action [CloseCurrentWindow] successfully performed. @10-10-2021 01:53:21.0234 AM
[ReportManager] Successfully created attachment [Browser Action Test Data - CloseCurrentWindow - Actual Value] @10-10-2021 01:53:21.0235 A
[ReportManager] File Action [GetAbsolutePath] successfully performed. With the following test data [Relative Folder Path: "target/downloadedFiles/"]. @10-10-2021 01:53:21.0238 AM
[ReportManager] Attempting to run remotely on: [Linux-64], [GoogleChrome], [http://localhost:4444/wd/hub], Headless Execution. @10-10-2021 01:53:21.0238 AM
[ReportManager] Successfully Opened [GoogleChrome]. @10-10-2021 01:53:21.0460 AM
[ReportManager] Target URL: [https://www.google.com/ncr], and after redirection: [www.google.com] @10-10-2021 01:53:21.0472 AM
[ReportManager] Initial URL: [data:,] @10-10-2021 01:53:21.0510 AM
[ReportManager] Browser Action [NavigateToURL] successfully performed. With the following test data [https://www.google.com/ncr]. @10-10-2021 01:53:22.0252 A

################################################################################################################################################
Starting Execution:	[21 out of 144] test cases in the current suite
Test Method:		[unitTests.tests_validations_assertions.assertElementAttribute_true_literalComparison_expectedToFail]
################################################################################################################################################
[ReportManager] Element Action [Type] successfully performed. With the following test data [Automation!@#$%^&*()_+{}[]\';/.,]. @10-10-2021 01:53:22.0660 AM
[ReportManager] Element Action [GetText] successfully performed. With the following test data [Automation!@#$%^&*()_+{}[]\';/.,]. @10-10-2021 01:53:22.0772 AM
[ReportManager] Loaded Shared OpenCV @10-10-2021 01:53:22.0905 AM
[ReportManager] Assertion [ValidateElementAttribute] FAILED. Expected [Value Should be 'Automation' for the 'text' attribute, element locator 'By.name: q'] and Actual [Automation!@#$%^&*()_+{}[]\';/.,]. Comparison Type [EQUALS]. Validation Type [POSITIVE]. @10-10-2021 01:53:23.0001 AM
[ReportManager] Successfully created attachment [Screenshot - 1633830802905_assertElementAttribute_true_literalComparison_expectedToFail_ValidateElementAttribute_failed] @10-10-2021 01:53:23.0004 A
[ReportManager] Browser Action [CloseCurrentWindow] successfully performed. @10-10-2021 01:53:23.0156 AM
[ReportManager] Successfully created attachment [Browser Action Test Data - CloseCurrentWindow - Actual Value] @10-10-2021 01:53:23.0157 A
[ReportManager] File Action [GetAbsolutePath] successfully performed. With the following test data [Relative Folder Path: "target/downloadedFiles/"]. @10-10-2021 01:53:23.0161 AM
[ReportManager] Attempting to run remotely on: [Linux-64], [GoogleChrome], [http://localhost:4444/wd/hub], Headless Execution. @10-10-2021 01:53:23.0161 AM
[ReportManager] Successfully Opened [GoogleChrome]. @10-10-2021 01:53:23.0359 AM
[ReportManager] Target URL: [https://www.google.com/ncr], and after redirection: [www.google.com] @10-10-2021 01:53:23.0371 AM
[ReportManager] Initial URL: [data:,] @10-10-2021 01:53:23.0415 AM
[ReportManager] Browser Action [NavigateToURL] successfully performed. With the following test data [https://www.google.com/ncr]. @10-10-2021 01:53:24.0188 A

################################################################################################################################################
Starting Execution:	[22 out of 144] test cases in the current suite
Test Method:		[unitTests.tests_validations_assertions.assertElementAttribute_true_literalComparison_expectedToPass]
################################################################################################################################################
[ReportManager] Element Action [Type] successfully performed. With the following test data [Automation!@#$%^&*()_+{}[]\';/.,]. @10-10-2021 01:53:24.0613 AM
[ReportManager] Element Action [GetText] successfully performed. With the following test data [Automation!@#$%^&*()_+{}[]\';/.,]. @10-10-2021 01:53:24.0709 AM
[ReportManager] Loaded Shared OpenCV @10-10-2021 01:53:24.0843 AM
[ReportManager] Assertion [ValidateElementAttribute] PASSED. Expected [Value Should be 'Automation!@#$%^&*()_+{}[]\';/.,' for the 'text' attribute, element locator 'By.name: q'] and Actual [Automation!@#$%^&*()_+{}[]\';/.,]. Comparison Type [EQUALS]. Validation Type [POSITIVE]. @10-10-2021 01:53:24.0923 AM
[ReportManager] Successfully created attachment [Screenshot - 1633830804843_assertElementAttribute_true_literalComparison_expectedToPass_ValidateElementAttribute_passed] @10-10-2021 01:53:24.0924 A
[ReportManager] Browser Action [CloseCurrentWindow] successfully performed. @10-10-2021 01:53:25.0044 AM
[ReportManager] Successfully created attachment [Browser Action Test Data - CloseCurrentWindow - Actual Value] @10-10-2021 01:53:25.0045 A
[ReportManager] File Action [GetAbsolutePath] successfully performed. With the following test data [Relative Folder Path: "target/downloadedFiles/"]. @10-10-2021 01:53:25.0047 AM
[ReportManager] Attempting to run remotely on: [Linux-64], [GoogleChrome], [http://localhost:4444/wd/hub], Headless Execution. @10-10-2021 01:53:25.0048 AM
[ReportManager] Successfully Opened [GoogleChrome]. @10-10-2021 01:53:25.0237 AM
[ReportManager] Target URL: [https://www.google.com/ncr], and after redirection: [www.google.com] @10-10-2021 01:53:25.0248 AM
[ReportManager] Initial URL: [data:,] @10-10-2021 01:53:25.0285 AM
[ReportManager] Browser Action [NavigateToURL] successfully performed. With the following test data [https://www.google.com/ncr]. @10-10-2021 01:53:26.0070 A

################################################################################################################################################
Starting Execution:	[23 out of 144] test cases in the current suite
Test Method:		[unitTests.tests_validations_assertions.assertElementAttribute_true_regexComparison_expectedToFail]
################################################################################################################################################
[ReportManager] Element Action [Type] successfully performed. With the following test data [Automation123]. @10-10-2021 01:53:26.0395 AM
[ReportManager] Element Action [GetText] successfully performed. With the following test data [Automation123]. @10-10-2021 01:53:26.0491 AM
[ReportManager] Loaded Shared OpenCV @10-10-2021 01:53:26.0620 AM
[ReportManager] Assertion [ValidateElementAttribute] FAILED. Expected [Value Should be 'Automation' for the 'text' attribute, element locator 'By.name: q'] and Actual [Automation123]. Comparison Type [MATCHES]. Validation Type [POSITIVE]. @10-10-2021 01:53:26.0697 AM
[ReportManager] Successfully created attachment [Screenshot - 1633830806620_assertElementAttribute_true_regexComparison_expectedToFail_ValidateElementAttribute_failed] @10-10-2021 01:53:26.0698 A
[ReportManager] Browser Action [CloseCurrentWindow] successfully performed. @10-10-2021 01:53:26.0824 AM
[ReportManager] Successfully created attachment [Browser Action Test Data - CloseCurrentWindow - Actual Value] @10-10-2021 01:53:26.0826 A
[ReportManager] File Action [GetAbsolutePath] successfully performed. With the following test data [Relative Folder Path: "target/downloadedFiles/"]. @10-10-2021 01:53:26.0830 AM
[ReportManager] Attempting to run remotely on: [Linux-64], [GoogleChrome], [http://localhost:4444/wd/hub], Headless Execution. @10-10-2021 01:53:26.0830 AM
[ReportManager] Successfully Opened [GoogleChrome]. @10-10-2021 01:53:27.0045 AM
[ReportManager] Target URL: [https://www.google.com/ncr], and after redirection: [www.google.com] @10-10-2021 01:53:27.0060 AM
[ReportManager] Initial URL: [data:,] @10-10-2021 01:53:27.0098 AM
[ReportManager] Browser Action [NavigateToURL] successfully performed. With the following test data [https://www.google.com/ncr]. @10-10-2021 01:53:27.0873 A

################################################################################################################################################
Starting Execution:	[24 out of 144] test cases in the current suite
Test Method:		[unitTests.tests_validations_assertions.assertElementAttribute_true_regexComparison_expectedToPass]
################################################################################################################################################
[ReportManager] Element Action [Type] successfully performed. With the following test data [Automation123]. @10-10-2021 01:53:28.0221 AM
[ReportManager] Element Action [GetText] successfully performed. With the following test data [Automation123]. @10-10-2021 01:53:28.0318 AM
[ReportManager] Loaded Shared OpenCV @10-10-2021 01:53:28.0496 AM
[ReportManager] Assertion [ValidateElementAttribute] PASSED. Expected [Value Should be 'Automation.*' for the 'text' attribute, element locator 'By.name: q'] and Actual [Automation123]. Comparison Type [MATCHES]. Validation Type [POSITIVE]. @10-10-2021 01:53:28.0573 AM
[ReportManager] Successfully created attachment [Screenshot - 1633830808495_assertElementAttribute_true_regexComparison_expectedToPass_ValidateElementAttribute_passed] @10-10-2021 01:53:28.0574 A
[ReportManager] Browser Action [CloseCurrentWindow] successfully performed. @10-10-2021 01:53:28.0710 AM
[ReportManager] Successfully created attachment [Browser Action Test Data - CloseCurrentWindow - Actual Value] @10-10-2021 01:53:28.0711 A
[ReportManager] File Action [GetAbsolutePath] successfully performed. With the following test data [Relative Folder Path: "target/downloadedFiles/"]. @10-10-2021 01:53:28.0714 AM
[ReportManager] Attempting to run remotely on: [Linux-64], [GoogleChrome], [http://localhost:4444/wd/hub], Headless Execution. @10-10-2021 01:53:28.0714 AM
[ReportManager] Successfully Opened [GoogleChrome]. @10-10-2021 01:53:28.0976 AM
[ReportManager] Target URL: [https://www.google.com/ncr], and after redirection: [www.google.com] @10-10-2021 01:53:28.0987 AM
[ReportManager] Initial URL: [data:,] @10-10-2021 01:53:29.0030 AM
[ReportManager] Browser Action [NavigateToURL] successfully performed. With the following test data [https://www.google.com/ncr]. @10-10-2021 01:53:29.0803 A

################################################################################################################################################
Starting Execution:	[25 out of 144] test cases in the current suite
Test Method:		[unitTests.tests_validations_assertions.assertElementAttribute_type_true_literalComparison_expectedToPass]
################################################################################################################################################
[ReportManager] Element Action [Type] successfully performed. With the following test data [Automation!@#$%^&*()_+{}[]\';/.,]. @10-10-2021 01:53:30.0238 AM
[ReportManager] Element Action [GetText] successfully performed. With the following test data [Automation!@#$%^&*()_+{}[]\';/.,]. @10-10-2021 01:53:30.0327 AM
[ReportManager] Loaded Shared OpenCV @10-10-2021 01:53:30.0456 AM
[ReportManager] Assertion [ValidateElementAttribute] PASSED. Expected [Value Should be 'Automation!@#$%^&*()_+{}[]\';/.,' for the 'text' attribute, element locator 'By.name: q'] and Actual [Automation!@#$%^&*()_+{}[]\';/.,]. Comparison Type [EQUALS]. Validation Type [POSITIVE]. @10-10-2021 01:53:30.0536 AM
[ReportManager] Successfully created attachment [Screenshot - 1633830810456_assertElementAttribute_type_true_literalComparison_expectedToPass_ValidateElementAttribute_passed] @10-10-2021 01:53:30.0537 A
[ReportManager] Browser Action [CloseCurrentWindow] successfully performed. @10-10-2021 01:53:30.0662 AM
[ReportManager] Successfully created attachment [Browser Action Test Data - CloseCurrentWindow - Actual Value] @10-10-2021 01:53:30.0664 A
[ReportManager] File Action [GetAbsolutePath] successfully performed. With the following test data [Relative Folder Path: "target/downloadedFiles/"]. @10-10-2021 01:53:30.0671 AM
[ReportManager] Attempting to run remotely on: [Linux-64], [GoogleChrome], [http://localhost:4444/wd/hub], Headless Execution. @10-10-2021 01:53:30.0671 AM
[ReportManager] Successfully Opened [GoogleChrome]. @10-10-2021 01:53:30.0932 AM
[ReportManager] Target URL: [https://www.google.com/ncr], and after redirection: [www.google.com] @10-10-2021 01:53:30.0958 AM
[ReportManager] Initial URL: [data:,] @10-10-2021 01:53:30.0998 AM
[ReportManager] Browser Action [NavigateToURL] successfully performed. With the following test data [https://www.google.com/ncr]. @10-10-2021 01:53:31.0747 A

################################################################################################################################################
Starting Execution:	[26 out of 144] test cases in the current suite
Test Method:		[unitTests.tests_validations_assertions.assertElementExists_false_expectedToFail]
################################################################################################################################################
[ReportManager] Assertion [ValidateElementExists] PASSED. Expected [Element Should not Exist, locator 'By.id: hplogo'] and Actual [Element Doesn't Exists]. Comparison Type [EQUALS]. Validation Type [NEGATIVE]. @10-10-2021 01:53:42.0147 AM
[ReportManager] Successfully created attachment [Screenshot - 1633830822066_assertElementExists_false_expectedToFail_ValidateElementExists_passed] @10-10-2021 01:53:42.0148 A
[ReportManager] Browser Action [CloseCurrentWindow] successfully performed. @10-10-2021 01:53:42.0268 AM
[ReportManager] Successfully created attachment [Browser Action Test Data - CloseCurrentWindow - Actual Value] @10-10-2021 01:53:42.0269 A
[ReportManager] File Action [GetAbsolutePath] successfully performed. With the following test data [Relative Folder Path: "target/downloadedFiles/"]. @10-10-2021 01:53:42.0273 AM
[ReportManager] Attempting to run remotely on: [Linux-64], [GoogleChrome], [http://localhost:4444/wd/hub], Headless Execution. @10-10-2021 01:53:42.0274 AM
[ReportManager] Successfully Opened [GoogleChrome]. @10-10-2021 01:53:42.0458 AM
[ReportManager] Target URL: [https://www.google.com/ncr], and after redirection: [www.google.com] @10-10-2021 01:53:42.0468 AM
[ReportManager] Initial URL: [data:,] @10-10-2021 01:53:42.0507 AM
[ReportManager] Browser Action [NavigateToURL] successfully performed. With the following test data [https://www.google.com/ncr]. @10-10-2021 01:53:44.0028 A

################################################################################################################################################
Starting Execution:	[27 out of 144] test cases in the current suite
Test Method:		[unitTests.tests_validations_assertions.assertElementExists_false_expectedToPass]
################################################################################################################################################
[ReportManager] Assertion [ValidateElementExists] PASSED. Expected [Element Should not Exist, locator 'By.id: fakeElement'] and Actual [Element Doesn't Exists]. Comparison Type [EQUALS]. Validation Type [NEGATIVE]. @10-10-2021 01:53:54.0412 AM
[ReportManager] Successfully created attachment [Screenshot - 1633830834344_assertElementExists_false_expectedToPass_ValidateElementExists_passed] @10-10-2021 01:53:54.0413 A
[ReportManager] Browser Action [CloseCurrentWindow] successfully performed. @10-10-2021 01:53:54.0531 AM
[ReportManager] Successfully created attachment [Browser Action Test Data - CloseCurrentWindow - Actual Value] @10-10-2021 01:53:54.0532 A
[ReportManager] File Action [GetAbsolutePath] successfully performed. With the following test data [Relative Folder Path: "target/downloadedFiles/"]. @10-10-2021 01:53:54.0539 AM
[ReportManager] Attempting to run remotely on: [Linux-64], [GoogleChrome], [http://localhost:4444/wd/hub], Headless Execution. @10-10-2021 01:53:54.0539 AM
[ReportManager] Successfully Opened [GoogleChrome]. @10-10-2021 01:53:54.0730 AM
[ReportManager] Target URL: [https://www.google.com/ncr], and after redirection: [www.google.com] @10-10-2021 01:53:54.0753 AM
[ReportManager] Initial URL: [data:,] @10-10-2021 01:53:54.0793 AM
[ReportManager] Browser Action [NavigateToURL] successfully performed. With the following test data [https://www.google.com/ncr]. @10-10-2021 01:53:55.0542 A

################################################################################################################################################
Starting Execution:	[28 out of 144] test cases in the current suite
Test Method:		[unitTests.tests_validations_assertions.assertElementExists_false_multipleElementsFound_expectedToFail]
################################################################################################################################################
[ReportManager] Assertion [ValidateElementExists] FAILED. Expected [Element Should not Exist, locator 'By.xpath: //div'] and Actual [Element Exists but is not unique]. Comparison Type [EQUALS]. Validation Type [NEGATIVE]. @10-10-2021 01:53:55.0777 AM
[ReportManager] Successfully created attachment [Screenshot - 1633830835712_assertElementExists_false_multipleElementsFound_expectedToFail_ValidateElementExists_failed] @10-10-2021 01:53:55.0777 A
[ReportManager] Browser Action [CloseCurrentWindow] successfully performed. @10-10-2021 01:53:55.0895 AM
[ReportManager] Successfully created attachment [Browser Action Test Data - CloseCurrentWindow - Actual Value] @10-10-2021 01:53:55.0896 A
[ReportManager] File Action [GetAbsolutePath] successfully performed. With the following test data [Relative Folder Path: "target/downloadedFiles/"]. @10-10-2021 01:53:55.0901 AM
[ReportManager] Attempting to run remotely on: [Linux-64], [GoogleChrome], [http://localhost:4444/wd/hub], Headless Execution. @10-10-2021 01:53:55.0902 AM
[ReportManager] Successfully Opened [GoogleChrome]. @10-10-2021 01:53:56.0093 AM
[ReportManager] Target URL: [https://www.google.com/ncr], and after redirection: [www.google.com] @10-10-2021 01:53:56.0126 AM
[ReportManager] Initial URL: [data:,] @10-10-2021 01:53:56.0179 AM
[ReportManager] Browser Action [NavigateToURL] successfully performed. With the following test data [https://www.google.com/ncr]. @10-10-2021 01:53:56.0997 A

################################################################################################################################################
Starting Execution:	[29 out of 144] test cases in the current suite
Test Method:		[unitTests.tests_validations_assertions.assertElementExists_true_expectedToFail]
################################################################################################################################################
[ReportManager] Assertion [ValidateElementExists] FAILED. Expected [Element Should Exist, locator 'By.id: fakeElement'] and Actual [Element Doesn't Exists]. Comparison Type [EQUALS]. Validation Type [POSITIVE]. @10-10-2021 01:54:27.0696 AM
[ReportManager] Successfully created attachment [Screenshot - 1633830867629_assertElementExists_true_expectedToFail_ValidateElementExists_failed] @10-10-2021 01:54:27.0697 A
[ReportManager] Browser Action [CloseCurrentWindow] successfully performed. @10-10-2021 01:54:27.0830 AM
[ReportManager] Successfully created attachment [Browser Action Test Data - CloseCurrentWindow - Actual Value] @10-10-2021 01:54:27.0831 A
[ReportManager] File Action [GetAbsolutePath] successfully performed. With the following test data [Relative Folder Path: "target/downloadedFiles/"]. @10-10-2021 01:54:27.0834 AM
[ReportManager] Attempting to run remotely on: [Linux-64], [GoogleChrome], [http://localhost:4444/wd/hub], Headless Execution. @10-10-2021 01:54:27.0834 AM
[ReportManager] Successfully Opened [GoogleChrome]. @10-10-2021 01:54:28.0030 AM
[ReportManager] Target URL: [https://www.google.com/ncr], and after redirection: [www.google.com] @10-10-2021 01:54:28.0041 AM
[ReportManager] Initial URL: [data:,] @10-10-2021 01:54:28.0083 AM
[ReportManager] Browser Action [NavigateToURL] successfully performed. With the following test data [https://www.google.com/ncr]. @10-10-2021 01:54:28.0970 A

################################################################################################################################################
Starting Execution:	[30 out of 144] test cases in the current suite
Test Method:		[unitTests.tests_validations_assertions.assertElementExists_true_expectedToPass]
################################################################################################################################################
[ReportManager] Loaded Shared OpenCV @10-10-2021 01:54:29.0170 AM
[ReportManager] Assertion [ValidateElementExists] PASSED. Expected [Element Should Exist, locator 'By.xpath: //*[@id='hplogo' or @alt='Google']'] and Actual [Element Exists]. Comparison Type [EQUALS]. Validation Type [POSITIVE]. @10-10-2021 01:54:29.0252 AM
[ReportManager] Successfully created attachment [Screenshot - 1633830869170_assertElementExists_true_expectedToPass_ValidateElementExists_passed] @10-10-2021 01:54:29.0253 A
[ReportManager] Browser Action [CloseCurrentWindow] successfully performed. @10-10-2021 01:54:29.0371 AM
[ReportManager] Successfully created attachment [Browser Action Test Data - CloseCurrentWindow - Actual Value] @10-10-2021 01:54:29.0372 A
[ReportManager] File Action [GetAbsolutePath] successfully performed. With the following test data [Relative Folder Path: "target/downloadedFiles/"]. @10-10-2021 01:54:29.0376 AM
[ReportManager] Attempting to run remotely on: [Linux-64], [GoogleChrome], [http://localhost:4444/wd/hub], Headless Execution. @10-10-2021 01:54:29.0376 AM
[ReportManager] Successfully Opened [GoogleChrome]. @10-10-2021 01:54:29.0572 AM
[ReportManager] Target URL: [https://www.google.com/ncr], and after redirection: [www.google.com] @10-10-2021 01:54:29.0595 AM
[ReportManager] Initial URL: [data:,] @10-10-2021 01:54:29.0636 AM
[ReportManager] Browser Action [NavigateToURL] successfully performed. With the following test data [https://www.google.com/ncr]. @10-10-2021 01:54:30.0447 A

################################################################################################################################################
Starting Execution:	[31 out of 144] test cases in the current suite
Test Method:		[unitTests.tests_validations_assertions.assertElementExists_true_multipleElementsFound_expectedToFail]
################################################################################################################################################
[ReportManager] Assertion [ValidateElementExists] FAILED. Expected [Element Should Exist, locator 'By.xpath: //div'] and Actual [Element Exists but is not unique]. Comparison Type [EQUALS]. Validation Type [POSITIVE]. @10-10-2021 01:54:30.0675 AM
[ReportManager] Successfully created attachment [Screenshot - 1633830870611_assertElementExists_true_multipleElementsFound_expectedToFail_ValidateElementExists_failed] @10-10-2021 01:54:30.0676 A
[ReportManager] Browser Action [CloseCurrentWindow] successfully performed. @10-10-2021 01:54:30.0792 AM
[ReportManager] Successfully created attachment [Browser Action Test Data - CloseCurrentWindow - Actual Value] @10-10-2021 01:54:30.0792 A

################################################################################################################################################
Starting Execution:	[32 out of 144] test cases in the current suite
Test Method:		[unitTests.tests_validations_assertions.assertEquals_false_expectedToFail]
################################################################################################################################################
[ReportManager] Assertion [ValidateEquals] FAILED. Expected [1] and Actual [1]. Comparison Type [EQUALS]. Validation Type [NEGATIVE]. @10-10-2021 01:54:30.0799 A

################################################################################################################################################
Starting Execution:	[33 out of 144] test cases in the current suite
Test Method:		[unitTests.tests_validations_assertions.assertEquals_false_expectedToPass]
################################################################################################################################################
[ReportManager] Assertion [ValidateEquals] PASSED. Expected [1] and Actual [2]. Comparison Type [EQUALS]. Validation Type [NEGATIVE]. @10-10-2021 01:54:30.0804 A

################################################################################################################################################
Starting Execution:	[34 out of 144] test cases in the current suite
Test Method:		[unitTests.tests_validations_assertions.assertEquals_longCharacters]
################################################################################################################################################
[ReportManager] Verification [ValidateEquals] PASSED. Expected and Actual values are attached. Comparison Type [EQUALS]. Validation Type [POSITIVE]. @10-10-2021 01:54:30.0813 AM
[ReportManager] Successfully created attachment [Validation Test Data - Expected Value] @10-10-2021 01:54:30.0813 AM
[ReportManager] Successfully created attachment [Validation Test Data - Actual Value] @10-10-2021 01:54:30.0813 AM
[ReportManager] Assertion [ValidateEquals] PASSED. Expected and Actual values are attached. Comparison Type [EQUALS]. Validation Type [POSITIVE]. @10-10-2021 01:54:30.0813 AM
[ReportManager] Successfully created attachment [Validation Test Data - Expected Value] @10-10-2021 01:54:30.0813 AM
[ReportManager] Successfully created attachment [Validation Test Data - Actual Value] @10-10-2021 01:54:30.0814 A

################################################################################################################################################
Starting Execution:	[35 out of 144] test cases in the current suite
Test Method:		[unitTests.tests_validations_assertions.assertEquals_longCharacters_Discreet]
################################################################################################################################################
[ReportManager] Assertion [ValidateEquals] PASSED. Expected [1LH5pROcDBjjQk0t0mCr0lXuzQu9lcGj28kY8R1H81X67eVAQJgWQhILiRWVPUgZ6uCtK5cnBkF55Jr9vYngjGO1Iyf0Mktv6lruDlL9T8MAUPcUZJGHZtji6nIeadujDSNmWMj5d6C8zlFqw0CRqBU0hO5adIasHgBSNoLotAjce3NGXoDwAlp3rYreeV16VIyZXROQY] and Actual [1LH5pROcDBjjQk0t0mCr0lXuzQu9lcGj28kY8R1H81X67eVAQJgWQhILiRWVPUgZ6uCtK5cnBkF55Jr9vYngjGO1Iyf0Mktv6lruDlL9T8MAUPcUZJGHZtji6nIeadujDSNmWMj5d6C8zlFqw0CRqBU0hO5adIasHgBSNoLotAjce3NGXoDwAlp3rYreeV16VIyZXROQY]. Comparison Type [EQUALS]. Validation Type [POSITIVE]. @10-10-2021 01:54:30.0818 A

################################################################################################################################################
Starting Execution:	[36 out of 144] test cases in the current suite
Test Method:		[unitTests.tests_validations_assertions.assertEquals_true_expectedToFail]
################################################################################################################################################
[ReportManager] Assertion [ValidateEquals] FAILED. Expected [1] and Actual [2]. Comparison Type [EQUALS]. Validation Type [POSITIVE]. @10-10-2021 01:54:30.0823 A

################################################################################################################################################
Starting Execution:	[37 out of 144] test cases in the current suite
Test Method:		[unitTests.tests_validations_assertions.assertEquals_true_expectedToPass]
Test Description:	[Assert that assertEquals works as expected when the two values are equal.]
################################################################################################################################################
[ReportManager] Verification [ValidateEquals] PASSED. Expected [1] and Actual [1]. Comparison Type [EQUALS]. Validation Type [POSITIVE]. @10-10-2021 01:54:30.0832 AM
[ReportManager] Assertion [ValidateEquals] PASSED. Expected [1] and Actual [1]. Comparison Type [EQUALS]. Validation Type [POSITIVE]. @10-10-2021 01:54:30.0832 A

################################################################################################################################################
Starting Execution:	[38 out of 144] test cases in the current suite
Test Method:		[unitTests.tests_validations_assertions.assertEquals_true_expectedToPass__]
################################################################################################################################################
[ReportManager] Assertion [ValidateEquals] PASSED. Expected [1] and Actual [1]. Comparison Type [EQUALS]. Validation Type [POSITIVE]. @10-10-2021 01:54:30.0839 A

################################################################################################################################################
Starting Execution:	[39 out of 144] test cases in the current suite
Test Method:		[unitTests.tests_validations_assertions.assertFileExists_false_expectedToFail]
################################################################################################################################################
[ReportManager] File Action [DoesFileExist] successfully performed. With the following test data [File Path: "src/main/java/com/shaft/gui/element/ElementActions.java"]. @10-10-2021 01:54:30.0844 AM
[ReportManager] Assertion [ValidateFileExists] FAILED. Expected [File 'src/main/java/com/shaft/gui/element/ElementActions.java' should not exist, after up to '1' retries] and Actual [File exists]. Validation Type [NEGATIVE]. @10-10-2021 01:54:30.0856 A

################################################################################################################################################
Starting Execution:	[40 out of 144] test cases in the current suite
Test Method:		[unitTests.tests_validations_assertions.assertFileExists_false_expectedToPass]
################################################################################################################################################
[ReportManager] File Action [DoesFileExist] successfully performed. With the following test data [File Path: "src/main/java/com/shaft/gui/element/ElementActions.java_fail"]. @10-10-2021 01:54:31.0361 AM
[ReportManager] Assertion [ValidateFileExists] PASSED. Expected [File 'src/main/java/com/shaft/gui/element/ElementActions.java_fail' should not exist, after up to '1' retries] and Actual [File does not exist]. Validation Type [NEGATIVE]. @10-10-2021 01:54:31.0361 A

################################################################################################################################################
Starting Execution:	[41 out of 144] test cases in the current suite
Test Method:		[unitTests.tests_validations_assertions.assertFileExists_true_expectedToFail]
################################################################################################################################################
[ReportManager] File Action [DoesFileExist] successfully performed. With the following test data [File Path: "src/main/java/com/shaft/gui/element/ElementActions.java_fail"]. @10-10-2021 01:54:31.0868 AM
[ReportManager] Assertion [ValidateFileExists] FAILED. Expected [File 'src/main/java/com/shaft/gui/element/ElementActions.java_fail' should exist, after up to '1' retries] and Actual [File does not exist]. Validation Type [POSITIVE]. @10-10-2021 01:54:31.0868 A

################################################################################################################################################
Starting Execution:	[42 out of 144] test cases in the current suite
Test Method:		[unitTests.tests_validations_assertions.assertFileExists_true_expectedToPass]
################################################################################################################################################
[ReportManager] File Action [DoesFileExist] successfully performed. With the following test data [File Path: "src/main/java/com/shaft/gui/element/ElementActions.java"]. @10-10-2021 01:54:31.0876 AM
[ReportManager] Assertion [ValidateFileExists] PASSED. Expected [File 'src/main/java/com/shaft/gui/element/ElementActions.java' should exist, after up to '1' retries] and Actual [File exists]. Validation Type [POSITIVE]. @10-10-2021 01:54:31.0877 A

################################################################################################################################################
Starting Execution:	[43 out of 144] test cases in the current suite
Test Method:		[unitTests.tests_validations_assertions.assertNull_false_expectedToFail]
################################################################################################################################################
[ReportManager] Assertion [ValidateNull] FAILED. Expected [NULL] and Actual [NULL]. Comparison Type [EQUALS]. Validation Type [NEGATIVE]. @10-10-2021 01:54:31.0886 A

################################################################################################################################################
Starting Execution:	[44 out of 144] test cases in the current suite
Test Method:		[unitTests.tests_validations_assertions.assertNull_false_expectedToPass]
################################################################################################################################################
[ReportManager] Assertion [ValidateNull] PASSED. Expected [NULL] and Actual [1]. Comparison Type [EQUALS]. Validation Type [NEGATIVE]. @10-10-2021 01:54:31.0892 A

################################################################################################################################################
Starting Execution:	[45 out of 144] test cases in the current suite
Test Method:		[unitTests.tests_validations_assertions.assertNull_true_expectedToFail]
################################################################################################################################################
[ReportManager] Assertion [ValidateNull] FAILED. Expected [NULL] and Actual [1]. Comparison Type [EQUALS]. Validation Type [POSITIVE]. @10-10-2021 01:54:31.0898 A

################################################################################################################################################
Starting Execution:	[46 out of 144] test cases in the current suite
Test Method:		[unitTests.tests_validations_assertions.assertNull_true_expectedToPass]
################################################################################################################################################
[ReportManager] Assertion [ValidateNull] PASSED. Expected [NULL] and Actual [NULL]. Comparison Type [EQUALS]. Validation Type [POSITIVE]. @10-10-2021 01:54:31.0901 A

################################################################################################################################################
Starting Execution:	[47 out of 144] test cases in the current suite
Test Method:		[unitTests.tests_restActions.getPostsAndAssertBodyForSpecificTitle]
################################################################################################################################################
[ReportManager] Response status code: [200], status line: [HTTP/1.1 200 OK] @10-10-2021 01:54:34.0113 AM
[ReportManager] Assertion Passed: Evaluating the actual response status code against the expected one... @10-10-2021 01:54:34.0114 AM
[ReportManager] Assertion [ValidateEquals] PASSED. Expected [200] and Actual [200]. Comparison Type [EQUALS]. Validation Type [POSITIVE]. @10-10-2021 01:54:34.0114 AM
[ReportManager] API Action [PerformRequest] successfully performed. With the following test data [Request Type: "GET" | Target Status Code: "200" | Service URL: "https://jsonplaceholder.typicode.com/posts" | Content Type: "*/*" | Response Time: "808ms"]. @10-10-2021 01:54:35.0104 AM
[ReportManager] Successfully created attachment [API Request - Specifications] @10-10-2021 01:54:35.0105 AM
[ReportManager] Successfully created attachment [API Response - JSON Body] @10-10-2021 01:54:35.0345 AM
[ReportManager] API Action [GetResponseJSONValueAsList] successfully performed. @10-10-2021 01:54:35.0365 AM
[ReportManager] API Action [GetResponseJSONValue] successfully performed. With the following test data [title]. @10-10-2021 01:54:35.0385 AM
[ReportManager] API Action [GetResponseJSONValue] successfully performed. With the following test data [title]. @10-10-2021 01:54:35.0398 AM
[ReportManager] API Action [GetResponseJSONValue] successfully performed. With the following test data [body]. @10-10-2021 01:54:35.0409 AM
[ReportManager] Assertion [ValidateEquals] PASSED. Expected [qui neque nisi nulla] and Actual [est rerum tempore vitae
sequi sint nihil reprehenderit dolor beatae ea dolores neque
fugiat blanditiis voluptate porro vel nihil molestiae ut reiciendis
qui aperiam non debitis possimus qui neque nisi nulla]. Comparison Type [CONTAINS]. Validation Type [POSITIVE]. @10-10-2021 01:54:35.0410 AM
[ReportManager] API Action [GetResponseJSONValue] successfully performed. With the following test data [title]. @10-10-2021 01:54:35.0421 AM
[ReportManager] API Action [GetResponseJSONValue] successfully performed. With the following test data [title]. @10-10-2021 01:54:35.0432 AM
[ReportManager] API Action [GetResponseJSONValue] successfully performed. With the following test data [title]. @10-10-2021 01:54:35.0443 AM
[ReportManager] API Action [GetResponseJSONValue] successfully performed. With the following test data [title]. @10-10-2021 01:54:35.0453 AM
[ReportManager] API Action [GetResponseJSONValue] successfully performed. With the following test data [title]. @10-10-2021 01:54:35.0464 AM
[ReportManager] API Action [GetResponseJSONValue] successfully performed. With the following test data [title]. @10-10-2021 01:54:35.0474 AM
[ReportManager] API Action [GetResponseJSONValue] successfully performed. With the following test data [title]. @10-10-2021 01:54:35.0485 AM
[ReportManager] API Action [GetResponseJSONValue] successfully performed. With the following test data [title]. @10-10-2021 01:54:35.0496 AM
[ReportManager] API Action [GetResponseJSONValue] successfully performed. With the following test data [title]. @10-10-2021 01:54:35.0506 AM
[ReportManager] API Action [GetResponseJSONValue] successfully performed. With the following test data [title]. @10-10-2021 01:54:35.0516 AM
[ReportManager] API Action [GetResponseJSONValue] successfully performed. With the following test data [title]. @10-10-2021 01:54:35.0529 AM
[ReportManager] API Action [GetResponseJSONValue] successfully performed. With the following test data [title]. @10-10-2021 01:54:35.0540 AM
[ReportManager] API Action [GetResponseJSONValue] successfully performed. With the following test data [title]. @10-10-2021 01:54:35.0550 AM
[ReportManager] API Action [GetResponseJSONValue] successfully performed. With the following test data [title]. @10-10-2021 01:54:35.0560 AM
[ReportManager] API Action [GetResponseJSONValue] successfully performed. With the following test data [title]. @10-10-2021 01:54:35.0570 AM
[ReportManager] API Action [GetResponseJSONValue] successfully performed. With the following test data [title]. @10-10-2021 01:54:35.0581 AM
[ReportManager] API Action [GetResponseJSONValue] successfully performed. With the following test data [title]. @10-10-2021 01:54:35.0591 AM
[ReportManager] API Action [GetResponseJSONValue] successfully performed. With the following test data [title]. @10-10-2021 01:54:35.0600 AM
[ReportManager] API Action [GetResponseJSONValue] successfully performed. With the following test data [title]. @10-10-2021 01:54:35.0611 AM
[ReportManager] API Action [GetResponseJSONValue] successfully performed. With the following test data [title]. @10-10-2021 01:54:35.0620 AM
[ReportManager] API Action [GetResponseJSONValue] successfully performed. With the following test data [title]. @10-10-2021 01:54:35.0630 AM
[ReportManager] API Action [GetResponseJSONValue] successfully performed. With the following test data [title]. @10-10-2021 01:54:35.0640 AM
[ReportManager] API Action [GetResponseJSONValue] successfully performed. With the following test data [title]. @10-10-2021 01:54:35.0649 AM
[ReportManager] API Action [GetResponseJSONValue] successfully performed. With the following test data [title]. @10-10-2021 01:54:35.0659 AM
[ReportManager] API Action [GetResponseJSONValue] successfully performed. With the following test data [title]. @10-10-2021 01:54:35.0669 AM
[ReportManager] API Action [GetResponseJSONValue] successfully performed. With the following test data [title]. @10-10-2021 01:54:35.0678 AM
[ReportManager] API Action [GetResponseJSONValue] successfully performed. With the following test data [title]. @10-10-2021 01:54:35.0688 AM
[ReportManager] API Action [GetResponseJSONValue] successfully performed. With the following test data [title]. @10-10-2021 01:54:35.0698 AM
[ReportManager] API Action [GetResponseJSONValue] successfully performed. With the following test data [title]. @10-10-2021 01:54:35.0706 AM
[ReportManager] API Action [GetResponseJSONValue] successfully performed. With the following test data [title]. @10-10-2021 01:54:35.0716 AM
[ReportManager] API Action [GetResponseJSONValue] successfully performed. With the following test data [title]. @10-10-2021 01:54:35.0725 AM
[ReportManager] API Action [GetResponseJSONValue] successfully performed. With the following test data [title]. @10-10-2021 01:54:35.0735 AM
[ReportManager] API Action [GetResponseJSONValue] successfully performed. With the following test data [title]. @10-10-2021 01:54:35.0744 AM
[ReportManager] API Action [GetResponseJSONValue] successfully performed. With the following test data [title]. @10-10-2021 01:54:35.0755 AM
[ReportManager] API Action [GetResponseJSONValue] successfully performed. With the following test data [title]. @10-10-2021 01:54:35.0763 AM
[ReportManager] API Action [GetResponseJSONValue] successfully performed. With the following test data [title]. @10-10-2021 01:54:35.0773 AM
[ReportManager] API Action [GetResponseJSONValue] successfully performed. With the following test data [title]. @10-10-2021 01:54:35.0783 AM
[ReportManager] API Action [GetResponseJSONValue] successfully performed. With the following test data [title]. @10-10-2021 01:54:35.0793 AM
[ReportManager] API Action [GetResponseJSONValue] successfully performed. With the following test data [title]. @10-10-2021 01:54:35.0802 AM
[ReportManager] API Action [GetResponseJSONValue] successfully performed. With the following test data [title]. @10-10-2021 01:54:35.0815 AM
[ReportManager] API Action [GetResponseJSONValue] successfully performed. With the following test data [title]. @10-10-2021 01:54:35.0830 AM
[ReportManager] API Action [GetResponseJSONValue] successfully performed. With the following test data [title]. @10-10-2021 01:54:35.0840 AM
[ReportManager] API Action [GetResponseJSONValue] successfully performed. With the following test data [title]. @10-10-2021 01:54:35.0849 AM
[ReportManager] API Action [GetResponseJSONValue] successfully performed. With the following test data [title]. @10-10-2021 01:54:35.0859 AM
[ReportManager] API Action [GetResponseJSONValue] successfully performed. With the following test data [title]. @10-10-2021 01:54:35.0868 AM
[ReportManager] API Action [GetResponseJSONValue] successfully performed. With the following test data [title]. @10-10-2021 01:54:35.0878 AM
[ReportManager] API Action [GetResponseJSONValue] successfully performed. With the following test data [title]. @10-10-2021 01:54:35.0887 AM
[ReportManager] API Action [GetResponseJSONValue] successfully performed. With the following test data [title]. @10-10-2021 01:54:35.0896 AM
[ReportManager] API Action [GetResponseJSONValue] successfully performed. With the following test data [title]. @10-10-2021 01:54:35.0905 AM
[ReportManager] API Action [GetResponseJSONValue] successfully performed. With the following test data [title]. @10-10-2021 01:54:35.0914 AM
[ReportManager] API Action [GetResponseJSONValue] successfully performed. With the following test data [title]. @10-10-2021 01:54:35.0924 AM
[ReportManager] API Action [GetResponseJSONValue] successfully performed. With the following test data [title]. @10-10-2021 01:54:35.0933 AM
[ReportManager] API Action [GetResponseJSONValue] successfully performed. With the following test data [title]. @10-10-2021 01:54:35.0943 AM
[ReportManager] API Action [GetResponseJSONValue] successfully performed. With the following test data [title]. @10-10-2021 01:54:35.0952 AM
[ReportManager] API Action [GetResponseJSONValue] successfully performed. With the following test data [title]. @10-10-2021 01:54:35.0961 AM
[ReportManager] API Action [GetResponseJSONValue] successfully performed. With the following test data [title]. @10-10-2021 01:54:35.0971 AM
[ReportManager] API Action [GetResponseJSONValue] successfully performed. With the following test data [title]. @10-10-2021 01:54:35.0980 AM
[ReportManager] API Action [GetResponseJSONValue] successfully performed. With the following test data [title]. @10-10-2021 01:54:35.0990 AM
[ReportManager] API Action [GetResponseJSONValue] successfully performed. With the following test data [title]. @10-10-2021 01:54:36.0000 AM
[ReportManager] API Action [GetResponseJSONValue] successfully performed. With the following test data [title]. @10-10-2021 01:54:36.0027 AM
[ReportManager] API Action [GetResponseJSONValue] successfully performed. With the following test data [title]. @10-10-2021 01:54:36.0038 AM
[ReportManager] API Action [GetResponseJSONValue] successfully performed. With the following test data [title]. @10-10-2021 01:54:36.0048 AM
[ReportManager] API Action [GetResponseJSONValue] successfully performed. With the following test data [title]. @10-10-2021 01:54:36.0057 AM
[ReportManager] API Action [GetResponseJSONValue] successfully performed. With the following test data [title]. @10-10-2021 01:54:36.0067 AM
[ReportManager] API Action [GetResponseJSONValue] successfully performed. With the following test data [title]. @10-10-2021 01:54:36.0077 AM
[ReportManager] API Action [GetResponseJSONValue] successfully performed. With the following test data [title]. @10-10-2021 01:54:36.0087 AM
[ReportManager] API Action [GetResponseJSONValue] successfully performed. With the following test data [title]. @10-10-2021 01:54:36.0097 AM
[ReportManager] API Action [GetResponseJSONValue] successfully performed. With the following test data [title]. @10-10-2021 01:54:36.0108 AM
[ReportManager] API Action [GetResponseJSONValue] successfully performed. With the following test data [title]. @10-10-2021 01:54:36.0118 AM
[ReportManager] API Action [GetResponseJSONValue] successfully performed. With the following test data [title]. @10-10-2021 01:54:36.0127 AM
[ReportManager] API Action [GetResponseJSONValue] successfully performed. With the following test data [title]. @10-10-2021 01:54:36.0137 AM
[ReportManager] API Action [GetResponseJSONValue] successfully performed. With the following test data [title]. @10-10-2021 01:54:36.0144 AM
[ReportManager] API Action [GetResponseJSONValue] successfully performed. With the following test data [title]. @10-10-2021 01:54:36.0153 AM
[ReportManager] API Action [GetResponseJSONValue] successfully performed. With the following test data [title]. @10-10-2021 01:54:36.0162 AM
[ReportManager] API Action [GetResponseJSONValue] successfully performed. With the following test data [title]. @10-10-2021 01:54:36.0173 AM
[ReportManager] API Action [GetResponseJSONValue] successfully performed. With the following test data [title]. @10-10-2021 01:54:36.0193 AM
[ReportManager] API Action [GetResponseJSONValue] successfully performed. With the following test data [title]. @10-10-2021 01:54:36.0202 AM
[ReportManager] API Action [GetResponseJSONValue] successfully performed. With the following test data [title]. @10-10-2021 01:54:36.0211 AM
[ReportManager] API Action [GetResponseJSONValue] successfully performed. With the following test data [title]. @10-10-2021 01:54:36.0219 AM
[ReportManager] API Action [GetResponseJSONValue] successfully performed. With the following test data [title]. @10-10-2021 01:54:36.0228 AM
[ReportManager] API Action [GetResponseJSONValue] successfully performed. With the following test data [title]. @10-10-2021 01:54:36.0237 AM
[ReportManager] API Action [GetResponseJSONValue] successfully performed. With the following test data [title]. @10-10-2021 01:54:36.0246 AM
[ReportManager] API Action [GetResponseJSONValue] successfully performed. With the following test data [title]. @10-10-2021 01:54:36.0255 AM
[ReportManager] API Action [GetResponseJSONValue] successfully performed. With the following test data [title]. @10-10-2021 01:54:36.0264 AM
[ReportManager] API Action [GetResponseJSONValue] successfully performed. With the following test data [title]. @10-10-2021 01:54:36.0273 AM
[ReportManager] API Action [GetResponseJSONValue] successfully performed. With the following test data [title]. @10-10-2021 01:54:36.0282 AM
[ReportManager] API Action [GetResponseJSONValue] successfully performed. With the following test data [title]. @10-10-2021 01:54:36.0291 AM
[ReportManager] API Action [GetResponseJSONValue] successfully performed. With the following test data [title]. @10-10-2021 01:54:36.0299 AM
[ReportManager] API Action [GetResponseJSONValue] successfully performed. With the following test data [title]. @10-10-2021 01:54:36.0308 AM
[ReportManager] API Action [GetResponseJSONValue] successfully performed. With the following test data [title]. @10-10-2021 01:54:36.0316 AM
[ReportManager] API Action [GetResponseJSONValue] successfully performed. With the following test data [title]. @10-10-2021 01:54:36.0326 AM
[ReportManager] API Action [GetResponseJSONValue] successfully performed. With the following test data [title]. @10-10-2021 01:54:36.0344 AM
[ReportManager] API Action [GetResponseJSONValue] successfully performed. With the following test data [title]. @10-10-2021 01:54:36.0356 AM
[ReportManager] API Action [GetResponseJSONValue] successfully performed. With the following test data [title]. @10-10-2021 01:54:36.0365 AM
[ReportManager] API Action [GetResponseJSONValue] successfully performed. With the following test data [title]. @10-10-2021 01:54:36.0376 AM
[ReportManager] API Action [GetResponseJSONValue] successfully performed. With the following test data [title]. @10-10-2021 01:54:36.0389 AM
[ReportManager] API Action [GetResponseJSONValue] successfully performed. With the following test data [title]. @10-10-2021 01:54:36.0399 AM
[ReportManager] API Action [GetResponseJSONValue] successfully performed. With the following test data [title]. @10-10-2021 01:54:36.0408 A

################################################################################################################################################
Starting Execution:	[48 out of 144] test cases in the current suite
Test Method:		[unitTests.tests_restActions.validateUserEmail]
################################################################################################################################################
[ReportManager] Response status code: [200], status line: [HTTP/1.1 200 OK] @10-10-2021 01:54:36.0497 AM
[ReportManager] Assertion Passed: Evaluating the actual response status code against the expected one... @10-10-2021 01:54:36.0497 AM
[ReportManager] Assertion [ValidateEquals] PASSED. Expected [200] and Actual [200]. Comparison Type [EQUALS]. Validation Type [POSITIVE]. @10-10-2021 01:54:36.0497 AM
[ReportManager] API Action [PerformRequest] successfully performed. With the following test data [Request Type: "GET" | Target Status Code: "200" | Service URL: "https://jsonplaceholder.typicode.com/users" | Content Type: "*/*" | Response Time: "76ms"]. @10-10-2021 01:54:36.0530 AM
[ReportManager] Successfully created attachment [API Request - Specifications] @10-10-2021 01:54:36.0530 AM
[ReportManager] Successfully created attachment [API Response - JSON Body] @10-10-2021 01:54:36.0531 AM
[ReportManager] Assertion [ValidateEquals] PASSED. Expected and Actual values are attached. Comparison Type [CONTAINS]. Validation Type [POSITIVE]. @10-10-2021 01:54:36.0531 AM
[ReportManager] Successfully created attachment [Validation Test Data - Expected Value] @10-10-2021 01:54:36.0532 AM
[ReportManager] Successfully created attachment [Validation Test Data - Actual Value] @10-10-2021 01:54:36.0532 AM
[ReportManager] API Action [GetResponseJSONValueAsList] successfully performed. With the following test data [$]. @10-10-2021 01:54:36.0540 AM
[ReportManager] API Action [GetResponseJSONValue] successfully performed. With the following test data [name]. @10-10-2021 01:54:36.0553 AM
[ReportManager] API Action [GetResponseJSONValue] successfully performed. With the following test data [email]. @10-10-2021 01:54:36.0566 AM
[ReportManager] Assertion [ValidateEquals] PASSED. Expected [Sincere@april.biz] and Actual [Sincere@april.biz]. Comparison Type [EQUALS]. Validation Type [POSITIVE]. @10-10-2021 01:54:36.0566 AM
[ReportManager] API Action [GetResponseJSONValue] successfully performed. With the following test data [name]. @10-10-2021 01:54:36.0579 AM
[ReportManager] API Action [GetResponseJSONValue] successfully performed. With the following test data [name]. @10-10-2021 01:54:36.0593 AM
[ReportManager] API Action [GetResponseJSONValue] successfully performed. With the following test data [name]. @10-10-2021 01:54:36.0609 AM
[ReportManager] API Action [GetResponseJSONValue] successfully performed. With the following test data [name]. @10-10-2021 01:54:36.0618 AM
[ReportManager] API Action [GetResponseJSONValue] successfully performed. With the following test data [name]. @10-10-2021 01:54:36.0627 AM
[ReportManager] API Action [GetResponseJSONValue] successfully performed. With the following test data [name]. @10-10-2021 01:54:36.0638 AM
[ReportManager] API Action [GetResponseJSONValue] successfully performed. With the following test data [name]. @10-10-2021 01:54:36.0648 AM
[ReportManager] API Action [GetResponseJSONValue] successfully performed. With the following test data [name]. @10-10-2021 01:54:36.0659 AM
[ReportManager] API Action [GetResponseJSONValue] successfully performed. With the following test data [name]. @10-10-2021 01:54:36.0670 A
[ReportManager] File Action [GetAbsolutePath] successfully performed. With the following test data [Relative Folder Path: "target/downloadedFiles/"]. @10-10-2021 01:54:36.0673 AM
[ReportManager] Attempting to run remotely on: [Linux-64], [GoogleChrome], [http://localhost:4444/wd/hub], Headless Execution. @10-10-2021 01:54:36.0674 AM
[ReportManager] Successfully Opened [GoogleChrome]. @10-10-2021 01:54:37.0009 AM
[ReportManager] Target URL: [https://duckduckgo.com] @10-10-2021 01:54:37.0031 AM
[ReportManager] Initial URL: [data:,] @10-10-2021 01:54:37.0075 AM
[ReportManager] Browser Action [NavigateToURL] successfully performed. With the following test data [https://duckduckgo.com]. @10-10-2021 01:54:37.0836 A

################################################################################################################################################
Starting Execution:	[49 out of 144] test cases in the current suite
Test Method:		[unitTests.tests_browserActions.fullScreenWindow]
################################################################################################################################################
[ReportManager] Initial Windows Size: 800x600 @10-10-2021 01:54:37.0856 AM
[ReportManager] Initial window size: (800, 600) @10-10-2021 01:54:37.0858 AM
[ReportManager] Window size after Toolkit: (1920, 1080) @10-10-2021 01:54:38.0077 AM
[ReportManager] Browser Action [MaximizeWindow] successfully performed. With the following test data [New screen size is now: (1920, 1080)]. @10-10-2021 01:54:38.0085 AM
[ReportManager] Current Windows Size after fullScreen: 1920x1080 @10-10-2021 01:54:38.0090 AM
[ReportManager] Browser Action [FullScreenWindow] successfully performed. @10-10-2021 01:54:38.0105 AM
[ReportManager] Successfully created attachment [Browser Action Test Data - FullScreenWindow - Actual Value] @10-10-2021 01:54:38.0107 A
[ReportManager] Target URL: [https://duckduckgo.com] @10-10-2021 01:54:38.0111 AM
[ReportManager] Initial URL: [https://duckduckgo.com] @10-10-2021 01:54:38.0170 AM
[ReportManager] Browser Action [NavigateToURL] successfully performed. With the following test data [https://duckduckgo.com]. @10-10-2021 01:54:38.0472 AM
[ReportManager] Browser Action [CloseCurrentWindow] successfully performed. @10-10-2021 01:54:38.0567 AM
[ReportManager] Successfully created attachment [Browser Action Test Data - CloseCurrentWindow - Actual Value] @10-10-2021 01:54:38.0569 A
[ReportManager] File Action [GetAbsolutePath] successfully performed. With the following test data [Relative Folder Path: "target/downloadedFiles/"]. @10-10-2021 01:54:38.0572 AM
[ReportManager] Attempting to run remotely on: [Linux-64], [GoogleChrome], [http://localhost:4444/wd/hub], Headless Execution. @10-10-2021 01:54:38.0572 AM
[ReportManager] Successfully Opened [GoogleChrome]. @10-10-2021 01:54:38.0771 AM
[ReportManager] Target URL: [https://duckduckgo.com] @10-10-2021 01:54:38.0782 AM
[ReportManager] Initial URL: [data:,] @10-10-2021 01:54:38.0826 AM
[ReportManager] Browser Action [NavigateToURL] successfully performed. With the following test data [https://duckduckgo.com]. @10-10-2021 01:54:39.0330 A

################################################################################################################################################
Starting Execution:	[50 out of 144] test cases in the current suite
Test Method:		[unitTests.tests_browserActions.getCurrentURL]
################################################################################################################################################
[ReportManager] Browser Action [GetCurrentURL] successfully performed. With the following test data [https://duckduckgo.com/]. @10-10-2021 01:54:39.0368 A
[ReportManager] Target URL: [https://duckduckgo.com] @10-10-2021 01:54:39.0372 AM
[ReportManager] Initial URL: [https://duckduckgo.com] @10-10-2021 01:54:39.0429 AM
[ReportManager] Browser Action [NavigateToURL] successfully performed. With the following test data [https://duckduckgo.com]. @10-10-2021 01:54:39.0730 AM
[ReportManager] Browser Action [CloseCurrentWindow] successfully performed. @10-10-2021 01:54:39.0831 AM
[ReportManager] Successfully created attachment [Browser Action Test Data - CloseCurrentWindow - Actual Value] @10-10-2021 01:54:39.0836 A
[ReportManager] File Action [GetAbsolutePath] successfully performed. With the following test data [Relative Folder Path: "target/downloadedFiles/"]. @10-10-2021 01:54:39.0839 AM
[ReportManager] Attempting to run remotely on: [Linux-64], [GoogleChrome], [http://localhost:4444/wd/hub], Headless Execution. @10-10-2021 01:54:39.0840 AM
[ReportManager] Successfully Opened [GoogleChrome]. @10-10-2021 01:54:40.0034 AM
[ReportManager] Target URL: [https://duckduckgo.com] @10-10-2021 01:54:40.0059 AM
[ReportManager] Initial URL: [data:,] @10-10-2021 01:54:40.0100 AM
[ReportManager] Browser Action [NavigateToURL] successfully performed. With the following test data [https://duckduckgo.com]. @10-10-2021 01:54:40.0604 A

################################################################################################################################################
Starting Execution:	[51 out of 144] test cases in the current suite
Test Method:		[unitTests.tests_browserActions.getCurrentWindowTitle]
################################################################################################################################################
[ReportManager] Browser Action [GetCurrentWindowTitle] successfully performed. With the following test data [DuckDuckGo  Privacy, simplified.]. @10-10-2021 01:54:40.0644 A
[ReportManager] Target URL: [https://duckduckgo.com] @10-10-2021 01:54:40.0648 AM
[ReportManager] Initial URL: [https://duckduckgo.com] @10-10-2021 01:54:40.0714 AM
[ReportManager] Browser Action [NavigateToURL] successfully performed. With the following test data [https://duckduckgo.com]. @10-10-2021 01:54:41.0000 AM
[ReportManager] Browser Action [CloseCurrentWindow] successfully performed. @10-10-2021 01:54:41.0097 AM
[ReportManager] Successfully created attachment [Browser Action Test Data - CloseCurrentWindow - Actual Value] @10-10-2021 01:54:41.0097 A
[ReportManager] File Action [GetAbsolutePath] successfully performed. With the following test data [Relative Folder Path: "target/downloadedFiles/"]. @10-10-2021 01:54:41.0099 AM
[ReportManager] Attempting to run remotely on: [Linux-64], [GoogleChrome], [http://localhost:4444/wd/hub], Headless Execution. @10-10-2021 01:54:41.0100 AM
[ReportManager] Successfully Opened [GoogleChrome]. @10-10-2021 01:54:41.0297 AM
[ReportManager] Target URL: [https://duckduckgo.com] @10-10-2021 01:54:41.0314 AM
[ReportManager] Initial URL: [data:,] @10-10-2021 01:54:41.0350 AM
[ReportManager] Browser Action [NavigateToURL] successfully performed. With the following test data [https://duckduckgo.com]. @10-10-2021 01:54:41.0847 A

################################################################################################################################################
Starting Execution:	[52 out of 144] test cases in the current suite
Test Method:		[unitTests.tests_browserActions.getPageSource]
################################################################################################################################################
[ReportManager] Browser Action [GetPageSource] successfully performed. @10-10-2021 01:54:41.0899 AM
[ReportManager] Successfully created attachment [Browser Action Test Data - GetPageSource - Actual Value] @10-10-2021 01:54:41.0900 A
[ReportManager] Target URL: [https://duckduckgo.com] @10-10-2021 01:54:41.0905 AM
[ReportManager] Initial URL: [https://duckduckgo.com] @10-10-2021 01:54:41.0957 AM
[ReportManager] Browser Action [NavigateToURL] successfully performed. With the following test data [https://duckduckgo.com]. @10-10-2021 01:54:42.0291 AM
[ReportManager] Browser Action [CloseCurrentWindow] successfully performed. @10-10-2021 01:54:42.0388 AM
[ReportManager] Successfully created attachment [Browser Action Test Data - CloseCurrentWindow - Actual Value] @10-10-2021 01:54:42.0389 A
[ReportManager] File Action [GetAbsolutePath] successfully performed. With the following test data [Relative Folder Path: "target/downloadedFiles/"]. @10-10-2021 01:54:42.0394 AM
[ReportManager] Attempting to run remotely on: [Linux-64], [GoogleChrome], [http://localhost:4444/wd/hub], Headless Execution. @10-10-2021 01:54:42.0395 AM
[ReportManager] Successfully Opened [GoogleChrome]. @10-10-2021 01:54:42.0684 AM
[ReportManager] Target URL: [https://duckduckgo.com] @10-10-2021 01:54:42.0695 AM
[ReportManager] Initial URL: [data:,] @10-10-2021 01:54:42.0740 AM
[ReportManager] Browser Action [NavigateToURL] successfully performed. With the following test data [https://duckduckgo.com]. @10-10-2021 01:54:43.0243 A

################################################################################################################################################
Starting Execution:	[53 out of 144] test cases in the current suite
Test Method:		[unitTests.tests_browserActions.getWindowHandle]
################################################################################################################################################
[ReportManager] Browser Action [GetWindowHandle] successfully performed. With the following test data [CDwindow-9FF12BA09C2A4370699D24252D4B0D71]. @10-10-2021 01:54:43.0283 A
[ReportManager] Target URL: [https://duckduckgo.com] @10-10-2021 01:54:43.0285 AM
[ReportManager] Initial URL: [https://duckduckgo.com] @10-10-2021 01:54:43.0337 AM
[ReportManager] Browser Action [NavigateToURL] successfully performed. With the following test data [https://duckduckgo.com]. @10-10-2021 01:54:43.0674 AM
[ReportManager] Browser Action [CloseCurrentWindow] successfully performed. @10-10-2021 01:54:43.0779 AM
[ReportManager] Successfully created attachment [Browser Action Test Data - CloseCurrentWindow - Actual Value] @10-10-2021 01:54:43.0779 A
[ReportManager] File Action [GetAbsolutePath] successfully performed. With the following test data [Relative Folder Path: "target/downloadedFiles/"]. @10-10-2021 01:54:43.0782 AM
[ReportManager] Attempting to run remotely on: [Linux-64], [GoogleChrome], [http://localhost:4444/wd/hub], Headless Execution. @10-10-2021 01:54:43.0782 AM
[ReportManager] Successfully Opened [GoogleChrome]. @10-10-2021 01:54:43.0970 AM
[ReportManager] Target URL: [https://duckduckgo.com] @10-10-2021 01:54:43.0981 AM
[ReportManager] Initial URL: [data:,] @10-10-2021 01:54:44.0024 AM
[ReportManager] Browser Action [NavigateToURL] successfully performed. With the following test data [https://duckduckgo.com]. @10-10-2021 01:54:44.0498 A

################################################################################################################################################
Starting Execution:	[54 out of 144] test cases in the current suite
Test Method:		[unitTests.tests_browserActions.getWindowPosition]
################################################################################################################################################
[ReportManager] Browser Action [GetWindowPosition] successfully performed. With the following test data [(0, 0)]. @10-10-2021 01:54:44.0532 A
[ReportManager] Target URL: [https://duckduckgo.com] @10-10-2021 01:54:44.0544 AM
[ReportManager] Initial URL: [https://duckduckgo.com] @10-10-2021 01:54:44.0604 AM
[ReportManager] Browser Action [NavigateToURL] successfully performed. With the following test data [https://duckduckgo.com]. @10-10-2021 01:54:44.0951 AM
[ReportManager] Browser Action [CloseCurrentWindow] successfully performed. @10-10-2021 01:54:45.0044 AM
[ReportManager] Successfully created attachment [Browser Action Test Data - CloseCurrentWindow - Actual Value] @10-10-2021 01:54:45.0044 A
[ReportManager] File Action [GetAbsolutePath] successfully performed. With the following test data [Relative Folder Path: "target/downloadedFiles/"]. @10-10-2021 01:54:45.0048 AM
[ReportManager] Attempting to run remotely on: [Linux-64], [GoogleChrome], [http://localhost:4444/wd/hub], Headless Execution. @10-10-2021 01:54:45.0048 AM
[ReportManager] Successfully Opened [GoogleChrome]. @10-10-2021 01:54:45.0372 AM
[ReportManager] Target URL: [https://duckduckgo.com] @10-10-2021 01:54:45.0404 AM
[ReportManager] Initial URL: [data:,] @10-10-2021 01:54:45.0440 AM
[ReportManager] Browser Action [NavigateToURL] successfully performed. With the following test data [https://duckduckgo.com]. @10-10-2021 01:54:46.0160 A

################################################################################################################################################
Starting Execution:	[55 out of 144] test cases in the current suite
Test Method:		[unitTests.tests_browserActions.getWindowSize]
################################################################################################################################################
[ReportManager] Browser Action [GetWindowSize] successfully performed. With the following test data [(800, 600)]. @10-10-2021 01:54:46.0219 A
[ReportManager] Target URL: [https://duckduckgo.com] @10-10-2021 01:54:46.0252 AM
[ReportManager] Initial URL: [https://duckduckgo.com] @10-10-2021 01:54:46.0306 AM
[ReportManager] Browser Action [NavigateToURL] successfully performed. With the following test data [https://duckduckgo.com]. @10-10-2021 01:54:46.0631 AM
[ReportManager] Browser Action [CloseCurrentWindow] successfully performed. @10-10-2021 01:54:46.0734 AM
[ReportManager] Successfully created attachment [Browser Action Test Data - CloseCurrentWindow - Actual Value] @10-10-2021 01:54:46.0735 A
[ReportManager] File Action [GetAbsolutePath] successfully performed. With the following test data [Relative Folder Path: "target/downloadedFiles/"]. @10-10-2021 01:54:46.0739 AM
[ReportManager] Attempting to run remotely on: [Linux-64], [GoogleChrome], [http://localhost:4444/wd/hub], Headless Execution. @10-10-2021 01:54:46.0739 AM
[ReportManager] Successfully Opened [GoogleChrome]. @10-10-2021 01:54:46.0939 AM
[ReportManager] Target URL: [https://duckduckgo.com] @10-10-2021 01:54:46.0950 AM
[ReportManager] Initial URL: [data:,] @10-10-2021 01:54:46.0985 AM
[ReportManager] Browser Action [NavigateToURL] successfully performed. With the following test data [https://duckduckgo.com]. @10-10-2021 01:54:47.0450 A

################################################################################################################################################
Starting Execution:	[56 out of 144] test cases in the current suite
Test Method:		[unitTests.tests_browserActions.maximizeWindow]
################################################################################################################################################
[ReportManager] Initial window size: (800, 600) @10-10-2021 01:54:47.0461 AM
[ReportManager] Window size after Toolkit: (1920, 1080) @10-10-2021 01:54:47.0687 AM
[ReportManager] Browser Action [MaximizeWindow] successfully performed. With the following test data [New screen size is now: (1920, 1080)]. @10-10-2021 01:54:47.0690 A
[ReportManager] Target URL: [https://duckduckgo.com] @10-10-2021 01:54:47.0693 AM
[ReportManager] Initial URL: [https://duckduckgo.com] @10-10-2021 01:54:47.0755 AM
[ReportManager] Browser Action [NavigateToURL] successfully performed. With the following test data [https://duckduckgo.com]. @10-10-2021 01:54:48.0084 AM
[ReportManager] Browser Action [CloseCurrentWindow] successfully performed. @10-10-2021 01:54:48.0179 AM
[ReportManager] Successfully created attachment [Browser Action Test Data - CloseCurrentWindow - Actual Value] @10-10-2021 01:54:48.0179 A
[ReportManager] File Action [GetAbsolutePath] successfully performed. With the following test data [Relative Folder Path: "target/downloadedFiles/"]. @10-10-2021 01:54:48.0184 AM
[ReportManager] Attempting to run remotely on: [Linux-64], [GoogleChrome], [http://localhost:4444/wd/hub], Headless Execution. @10-10-2021 01:54:48.0186 AM
[ReportManager] Successfully Opened [GoogleChrome]. @10-10-2021 01:54:48.0398 AM
[ReportManager] Target URL: [https://duckduckgo.com] @10-10-2021 01:54:48.0414 AM
[ReportManager] Initial URL: [data:,] @10-10-2021 01:54:48.0450 AM
[ReportManager] Browser Action [NavigateToURL] successfully performed. With the following test data [https://duckduckgo.com]. @10-10-2021 01:54:48.0899 A

################################################################################################################################################
Starting Execution:	[57 out of 144] test cases in the current suite
Test Method:		[unitTests.tests_browserActions.navigateBack]
################################################################################################################################################
[ReportManager] Target URL: [https://www.google.com/ncr], and after redirection: [https://www.google.com] @10-10-2021 01:54:48.0907 AM
[ReportManager] Initial URL: [https://duckduckgo.com] @10-10-2021 01:54:48.0957 AM
[ReportManager] Browser Action [NavigateToURL] successfully performed. With the following test data [https://www.google.com/ncr]. @10-10-2021 01:54:49.0713 AM
[ReportManager] Browser Action [NavigateBack] successfully performed. With the following test data [https://duckduckgo.com/]. @10-10-2021 01:54:50.0060 AM
[ReportManager] Browser Action [GetCurrentURL] successfully performed. With the following test data [https://duckduckgo.com/]. @10-10-2021 01:54:50.0088 AM
[ReportManager] Assertion Passed: Confirming that navigating back was successful @10-10-2021 01:54:50.0211 AM
[ReportManager] Successfully created attachment [Screenshot - 1633830890147_navigateBack_ValidateBrowserAttribute_passed] @10-10-2021 01:54:50.0212 AM
[ReportManager] Assertion [ValidateBrowserAttribute] PASSED. Expected [Value Should be 'https://duckduckgo.com' for the 'CurrentUrl' attribute] and Actual [https://duckduckgo.com/]. Comparison Type [CONTAINS]. Validation Type [POSITIVE]. @10-10-2021 01:54:50.0212 A
[ReportManager] Target URL: [https://duckduckgo.com] @10-10-2021 01:54:50.0214 AM
[ReportManager] Initial URL: [https://duckduckgo.com] @10-10-2021 01:54:50.0268 AM
[ReportManager] Browser Action [NavigateToURL] successfully performed. With the following test data [https://duckduckgo.com]. @10-10-2021 01:54:50.0548 AM
[ReportManager] Browser Action [CloseCurrentWindow] successfully performed. @10-10-2021 01:54:50.0643 AM
[ReportManager] Successfully created attachment [Browser Action Test Data - CloseCurrentWindow - Actual Value] @10-10-2021 01:54:50.0643 A
[ReportManager] File Action [GetAbsolutePath] successfully performed. With the following test data [Relative Folder Path: "target/downloadedFiles/"]. @10-10-2021 01:54:50.0653 AM
[ReportManager] Attempting to run remotely on: [Linux-64], [GoogleChrome], [http://localhost:4444/wd/hub], Headless Execution. @10-10-2021 01:54:50.0653 AM
[ReportManager] Successfully Opened [GoogleChrome]. @10-10-2021 01:54:50.0832 AM
[ReportManager] Target URL: [https://duckduckgo.com] @10-10-2021 01:54:50.0841 AM
[ReportManager] Initial URL: [data:,] @10-10-2021 01:54:50.0878 AM
[ReportManager] Browser Action [NavigateToURL] successfully performed. With the following test data [https://duckduckgo.com]. @10-10-2021 01:54:51.0331 A

################################################################################################################################################
Starting Execution:	[58 out of 144] test cases in the current suite
Test Method:		[unitTests.tests_browserActions.navigateForward]
################################################################################################################################################
[ReportManager] Target URL: [https://www.google.com/ncr], and after redirection: [https://www.google.com] @10-10-2021 01:54:51.0336 AM
[ReportManager] Initial URL: [https://duckduckgo.com] @10-10-2021 01:54:51.0387 AM
[ReportManager] Browser Action [NavigateToURL] successfully performed. With the following test data [https://www.google.com/ncr]. @10-10-2021 01:54:52.0154 AM
[ReportManager] Browser Action [NavigateBack] successfully performed. With the following test data [https://duckduckgo.com/]. @10-10-2021 01:54:52.0466 AM
[ReportManager] Browser Action [NavigateForward] successfully performed. With the following test data [https://www.google.com/]. @10-10-2021 01:54:52.0849 A
[ReportManager] Target URL: [https://duckduckgo.com] @10-10-2021 01:54:52.0851 AM
[ReportManager] Initial URL: [https://www.google.com] @10-10-2021 01:54:52.0927 AM
[ReportManager] Browser Action [NavigateToURL] successfully performed. With the following test data [https://duckduckgo.com]. @10-10-2021 01:54:53.0347 AM
[ReportManager] Browser Action [CloseCurrentWindow] successfully performed. @10-10-2021 01:54:53.0440 AM
[ReportManager] Successfully created attachment [Browser Action Test Data - CloseCurrentWindow - Actual Value] @10-10-2021 01:54:53.0441 A
[ReportManager] File Action [GetAbsolutePath] successfully performed. With the following test data [Relative Folder Path: "target/downloadedFiles/"]. @10-10-2021 01:54:53.0446 AM
[ReportManager] Attempting to run remotely on: [Linux-64], [GoogleChrome], [http://localhost:4444/wd/hub], Headless Execution. @10-10-2021 01:54:53.0446 AM
[ReportManager] Successfully Opened [GoogleChrome]. @10-10-2021 01:54:53.0631 AM
[ReportManager] Target URL: [https://duckduckgo.com] @10-10-2021 01:54:53.0655 AM
[ReportManager] Initial URL: [data:,] @10-10-2021 01:54:53.0699 AM
[ReportManager] Browser Action [NavigateToURL] successfully performed. With the following test data [https://duckduckgo.com]. @10-10-2021 01:54:54.0167 A

################################################################################################################################################
Starting Execution:	[59 out of 144] test cases in the current suite
Test Method:		[unitTests.tests_browserActions.navigateToURL]
################################################################################################################################################
[ReportManager] Target URL: [https://duckduckgo.com] @10-10-2021 01:54:54.0180 AM
[ReportManager] Initial URL: [https://duckduckgo.com] @10-10-2021 01:54:54.0235 AM
[ReportManager] Browser Action [NavigateToURL] successfully performed. With the following test data [https://duckduckgo.com]. @10-10-2021 01:54:54.0507 A
[ReportManager] Target URL: [https://duckduckgo.com] @10-10-2021 01:54:54.0517 AM
[ReportManager] Initial URL: [https://duckduckgo.com] @10-10-2021 01:54:54.0565 AM
[ReportManager] Browser Action [NavigateToURL] successfully performed. With the following test data [https://duckduckgo.com]. @10-10-2021 01:54:54.0854 AM
[ReportManager] Browser Action [CloseCurrentWindow] successfully performed. @10-10-2021 01:54:54.0945 AM
[ReportManager] Successfully created attachment [Browser Action Test Data - CloseCurrentWindow - Actual Value] @10-10-2021 01:54:54.0945 A
[ReportManager] File Action [GetAbsolutePath] successfully performed. With the following test data [Relative Folder Path: "target/downloadedFiles/"]. @10-10-2021 01:54:54.0947 AM
[ReportManager] Attempting to run remotely on: [Linux-64], [GoogleChrome], [http://localhost:4444/wd/hub], Headless Execution. @10-10-2021 01:54:54.0948 AM
[ReportManager] Successfully Opened [GoogleChrome]. @10-10-2021 01:54:55.0213 AM
[ReportManager] Target URL: [https://duckduckgo.com] @10-10-2021 01:54:55.0223 AM
[ReportManager] Initial URL: [data:,] @10-10-2021 01:54:55.0264 AM
[ReportManager] Browser Action [NavigateToURL] successfully performed. With the following test data [https://duckduckgo.com]. @10-10-2021 01:54:55.0708 A

################################################################################################################################################
Starting Execution:	[60 out of 144] test cases in the current suite
Test Method:		[unitTests.tests_browserActions.navigateToURLWithRedirection]
################################################################################################################################################
[ReportManager] Target URL: [https://www.google.com/ncr], and after redirection: [https://www.google.com] @10-10-2021 01:54:55.0716 AM
[ReportManager] Initial URL: [https://duckduckgo.com] @10-10-2021 01:54:55.0763 AM
[ReportManager] Browser Action [NavigateToURL] successfully performed. With the following test data [https://www.google.com/ncr]. @10-10-2021 01:54:56.0559 A
[ReportManager] Target URL: [https://duckduckgo.com] @10-10-2021 01:54:56.0562 AM
[ReportManager] Initial URL: [https://www.google.com] @10-10-2021 01:54:56.0632 AM
[ReportManager] Browser Action [NavigateToURL] successfully performed. With the following test data [https://duckduckgo.com]. @10-10-2021 01:54:57.0077 AM
[ReportManager] Browser Action [CloseCurrentWindow] successfully performed. @10-10-2021 01:54:57.0172 AM
[ReportManager] Successfully created attachment [Browser Action Test Data - CloseCurrentWindow - Actual Value] @10-10-2021 01:54:57.0172 A
[ReportManager] File Action [GetAbsolutePath] successfully performed. With the following test data [Relative Folder Path: "target/downloadedFiles/"]. @10-10-2021 01:54:57.0185 AM
[ReportManager] Attempting to run remotely on: [Linux-64], [GoogleChrome], [http://localhost:4444/wd/hub], Headless Execution. @10-10-2021 01:54:57.0185 AM
[ReportManager] Successfully Opened [GoogleChrome]. @10-10-2021 01:54:57.0367 AM
[ReportManager] Target URL: [https://duckduckgo.com] @10-10-2021 01:54:57.0380 AM
[ReportManager] Initial URL: [data:,] @10-10-2021 01:54:57.0419 AM
[ReportManager] Browser Action [NavigateToURL] successfully performed. With the following test data [https://duckduckgo.com]. @10-10-2021 01:54:57.0883 A

################################################################################################################################################
Starting Execution:	[61 out of 144] test cases in the current suite
Test Method:		[unitTests.tests_browserActions.refreshCurrentPage]
################################################################################################################################################
[ReportManager] Browser Action [RefreshCurrentPage] successfully performed. @10-10-2021 01:54:58.0060 AM
[ReportManager] Successfully created attachment [Browser Action Test Data - RefreshCurrentPage - Actual Value] @10-10-2021 01:54:58.0061 A
[ReportManager] Target URL: [https://duckduckgo.com] @10-10-2021 01:54:58.0066 AM
[ReportManager] Initial URL: [https://duckduckgo.com] @10-10-2021 01:54:58.0120 AM
[ReportManager] Browser Action [NavigateToURL] successfully performed. With the following test data [https://duckduckgo.com]. @10-10-2021 01:54:58.0390 AM
[ReportManager] Browser Action [CloseCurrentWindow] successfully performed. @10-10-2021 01:54:58.0484 AM
[ReportManager] Successfully created attachment [Browser Action Test Data - CloseCurrentWindow - Actual Value] @10-10-2021 01:54:58.0485 A
[ReportManager] File Action [GetAbsolutePath] successfully performed. With the following test data [Relative Folder Path: "target/downloadedFiles/"]. @10-10-2021 01:54:58.0487 AM
[ReportManager] Attempting to run remotely on: [Linux-64], [GoogleChrome], [http://localhost:4444/wd/hub], Headless Execution. @10-10-2021 01:54:58.0487 AM
[ReportManager] Successfully Opened [GoogleChrome]. @10-10-2021 01:54:58.0671 AM
[ReportManager] Target URL: [https://duckduckgo.com] @10-10-2021 01:54:58.0681 AM
[ReportManager] Initial URL: [data:,] @10-10-2021 01:54:58.0719 AM
[ReportManager] Browser Action [NavigateToURL] successfully performed. With the following test data [https://duckduckgo.com]. @10-10-2021 01:54:59.0202 A

################################################################################################################################################
Starting Execution:	[62 out of 144] test cases in the current suite
Test Method:		[unitTests.tests_browserActions.setWindowSize]
################################################################################################################################################
[ReportManager] Initial window size: (800, 600) @10-10-2021 01:54:59.0227 AM
[ReportManager] Window size after SWD: (1280, 720) @10-10-2021 01:54:59.0447 AM
[ReportManager] Browser Action [SetWindowSize] successfully performed. With the following test data [New screen size is now: (1280, 720)]. @10-10-2021 01:54:59.0448 A
[ReportManager] Target URL: [https://duckduckgo.com] @10-10-2021 01:54:59.0452 AM
[ReportManager] Initial URL: [https://duckduckgo.com] @10-10-2021 01:54:59.0513 AM
[ReportManager] Browser Action [NavigateToURL] successfully performed. With the following test data [https://duckduckgo.com]. @10-10-2021 01:54:59.0801 AM
[ReportManager] Browser Action [CloseCurrentWindow] successfully performed. @10-10-2021 01:54:59.0892 AM
[ReportManager] Successfully created attachment [Browser Action Test Data - CloseCurrentWindow - Actual Value] @10-10-2021 01:54:59.0892 A
[ReportManager] File Action [GetAbsolutePath] successfully performed. With the following test data [Relative Folder Path: "target/downloadedFiles/"]. @10-10-2021 01:54:59.0895 AM
[ReportManager] Attempting to run remotely on: [Linux-64], [GoogleChrome], [http://localhost:4444/wd/hub], Headless Execution. @10-10-2021 01:54:59.0897 AM
[ReportManager] Successfully Opened [GoogleChrome]. @10-10-2021 01:55:00.0087 A

################################################################################################################################################
Starting Execution:	[63 out of 144] test cases in the current suite
Test Method:		[unitTests.tests_element_elementActions.waitForElementToBePresent_false_expectedToFail]
################################################################################################################################################
[ReportManager] Target URL: [https://www.google.com/ncr], and after redirection: [www.google.com] @10-10-2021 01:55:00.0100 AM
[ReportManager] Initial URL: [data:,] @10-10-2021 01:55:00.0141 AM
[ReportManager] Browser Action [NavigateToURL] successfully performed. With the following test data [https://www.google.com/ncr]. @10-10-2021 01:55:00.0883 AM
[ReportManager] Waiting for element to be present; elementLocator [By.xpath: //*[@id='hplogo' or @alt='Google']], numberOfTries[1], stateOfPresence[false]... @10-10-2021 01:55:00.0885 AM
[ReportManager] Element Action [WaitForElementToBePresent] failed. With the following test data [waited for the element's state of presence to be (false). Element locator (By.xpath: //*[@id='hplogo' or @alt='Google'])]. @10-10-2021 01:55:01.0060 AM
[ReportManager] Successfully created attachment [Screenshot - 1633830900994_waitForElementToBePresent_false_expectedToFail_WaitForElementToBePresent_failed] @10-10-2021 01:55:01.0060 A
[ReportManager] Browser Action [CloseCurrentWindow] successfully performed. @10-10-2021 01:55:01.0183 AM
[ReportManager] Successfully created attachment [Browser Action Test Data - CloseCurrentWindow - Actual Value] @10-10-2021 01:55:01.0189 A
[ReportManager] File Action [GetAbsolutePath] successfully performed. With the following test data [Relative Folder Path: "target/downloadedFiles/"]. @10-10-2021 01:55:01.0196 AM
[ReportManager] Attempting to run remotely on: [Linux-64], [GoogleChrome], [http://localhost:4444/wd/hub], Headless Execution. @10-10-2021 01:55:01.0196 AM
[ReportManager] Successfully Opened [GoogleChrome]. @10-10-2021 01:55:01.0385 A

################################################################################################################################################
Starting Execution:	[64 out of 144] test cases in the current suite
Test Method:		[unitTests.tests_element_elementActions.waitForElementToBePresent_false_expectedToPass]
################################################################################################################################################
[ReportManager] Target URL: [https://www.google.com/ncr], and after redirection: [www.google.com] @10-10-2021 01:55:01.0402 AM
[ReportManager] Initial URL: [data:,] @10-10-2021 01:55:01.0449 AM
[ReportManager] Browser Action [NavigateToURL] successfully performed. With the following test data [https://www.google.com/ncr]. @10-10-2021 01:55:03.0358 AM
[ReportManager] Waiting for element to be present; elementLocator [By.id: bla], numberOfTries[1], stateOfPresence[false]... @10-10-2021 01:55:03.0358 AM
[ReportManager] Element Action [WaitForElementToBePresent] successfully performed. With the following test data [waited for the element's state of presence to be (false). Element locator (By.id: bla)]. @10-10-2021 01:55:08.0474 A
[ReportManager] Browser Action [CloseCurrentWindow] successfully performed. @10-10-2021 01:55:08.0596 AM
[ReportManager] Successfully created attachment [Browser Action Test Data - CloseCurrentWindow - Actual Value] @10-10-2021 01:55:08.0597 A
[ReportManager] File Action [GetAbsolutePath] successfully performed. With the following test data [Relative Folder Path: "target/downloadedFiles/"]. @10-10-2021 01:55:08.0600 AM
[ReportManager] Attempting to run remotely on: [Linux-64], [GoogleChrome], [http://localhost:4444/wd/hub], Headless Execution. @10-10-2021 01:55:08.0600 AM
[ReportManager] Successfully Opened [GoogleChrome]. @10-10-2021 01:55:08.0800 A

################################################################################################################################################
Starting Execution:	[65 out of 144] test cases in the current suite
Test Method:		[unitTests.tests_element_elementActions.waitForElementToBePresent_moreThanOneElement_expectedToFail]
################################################################################################################################################
[ReportManager] Target URL: [https://www.google.com/ncr], and after redirection: [www.google.com] @10-10-2021 01:55:08.0816 AM
[ReportManager] Initial URL: [data:,] @10-10-2021 01:55:08.0860 AM
[ReportManager] Browser Action [NavigateToURL] successfully performed. With the following test data [https://www.google.com/ncr]. @10-10-2021 01:55:09.0624 AM
[ReportManager] Waiting for element to be present; elementLocator [By.xpath: //*], numberOfTries[1], stateOfPresence[false]... @10-10-2021 01:55:09.0624 AM
[ReportManager] Element Action [WaitForElementToBePresent] failed. With the following test data [waited for the element's state of presence to be (false). Element locator (By.xpath: //*)]. @10-10-2021 01:55:09.0802 AM
[ReportManager] Successfully created attachment [Screenshot - 1633830909742_waitForElementToBePresent_moreThanOneElement_expectedToFail_WaitForElementToBePresent_failed] @10-10-2021 01:55:09.0804 A
[ReportManager] Browser Action [CloseCurrentWindow] successfully performed. @10-10-2021 01:55:09.0919 AM
[ReportManager] Successfully created attachment [Browser Action Test Data - CloseCurrentWindow - Actual Value] @10-10-2021 01:55:09.0920 A
[ReportManager] File Action [GetAbsolutePath] successfully performed. With the following test data [Relative Folder Path: "target/downloadedFiles/"]. @10-10-2021 01:55:09.0923 AM
[ReportManager] Attempting to run remotely on: [Linux-64], [GoogleChrome], [http://localhost:4444/wd/hub], Headless Execution. @10-10-2021 01:55:09.0925 AM
[ReportManager] Successfully Opened [GoogleChrome]. @10-10-2021 01:55:10.0107 A

################################################################################################################################################
Starting Execution:	[66 out of 144] test cases in the current suite
Test Method:		[unitTests.tests_element_elementActions.waitForElementToBePresent_true_expectedToFail]
################################################################################################################################################
[ReportManager] Target URL: [https://www.google.com/ncr], and after redirection: [www.google.com] @10-10-2021 01:55:10.0122 AM
[ReportManager] Initial URL: [data:,] @10-10-2021 01:55:10.0164 AM
[ReportManager] Browser Action [NavigateToURL] successfully performed. With the following test data [https://www.google.com/ncr]. @10-10-2021 01:55:11.0010 AM
[ReportManager] Waiting for element to be present; elementLocator [By.id: bla], numberOfTries[1], stateOfPresence[true]... @10-10-2021 01:55:11.0010 AM
[ReportManager] Element Action [WaitForElementToBePresent] failed. With the following test data [waited for the element's state of presence to be (true). Element locator (By.id: bla)]. @10-10-2021 01:55:16.0238 AM
[ReportManager] Successfully created attachment [Screenshot - 1633830916176_waitForElementToBePresent_true_expectedToFail_WaitForElementToBePresent_failed] @10-10-2021 01:55:16.0238 A
[ReportManager] Browser Action [CloseCurrentWindow] successfully performed. @10-10-2021 01:55:16.0359 AM
[ReportManager] Successfully created attachment [Browser Action Test Data - CloseCurrentWindow - Actual Value] @10-10-2021 01:55:16.0363 A
[ReportManager] File Action [GetAbsolutePath] successfully performed. With the following test data [Relative Folder Path: "target/downloadedFiles/"]. @10-10-2021 01:55:16.0365 AM
[ReportManager] Attempting to run remotely on: [Linux-64], [GoogleChrome], [http://localhost:4444/wd/hub], Headless Execution. @10-10-2021 01:55:16.0366 AM
[ReportManager] Successfully Opened [GoogleChrome]. @10-10-2021 01:55:16.0554 A

################################################################################################################################################
Starting Execution:	[67 out of 144] test cases in the current suite
Test Method:		[unitTests.tests_element_elementActions.waitForElementToBePresent_true_expectedToPass]
################################################################################################################################################
[ReportManager] Target URL: [https://www.google.com/ncr], and after redirection: [www.google.com] @10-10-2021 01:55:16.0569 AM
[ReportManager] Initial URL: [data:,] @10-10-2021 01:55:16.0609 AM
[ReportManager] Browser Action [NavigateToURL] successfully performed. With the following test data [https://www.google.com/ncr]. @10-10-2021 01:55:17.0374 AM
[ReportManager] Waiting for element to be present; elementLocator [By.xpath: //*[@id='hplogo' or @alt='Google']], numberOfTries[1], stateOfPresence[true]... @10-10-2021 01:55:17.0374 AM
[ReportManager] Element Action [WaitForElementToBePresent] successfully performed. With the following test data [waited for the element's state of presence to be (true). Element locator (By.xpath: //*[@id='hplogo' or @alt='Google'])]. @10-10-2021 01:55:17.0427 AM
[ReportManager] File Action [DoesFileExist] successfully performed. With the following test data [File Path: "src/test/resources/DynamicObjectRepository/unitTests_tests_element_elementActions_waitForElementToBePresent_true_expectedToPass_By_xpath_id_hplogo_or_alt_Google.png"]. @10-10-2021 01:55:17.0430 AM
[ReportManager] File Action [DoesFileExist] successfully performed. With the following test data [File Path: "src/test/resources/DynamicObjectRepository/unitTests_tests_element_elementActions_waitForElementToBePresent_true_expectedToPass_By_xpath_id_hplogo_or_alt_Google.png"]. @10-10-2021 01:55:17.0589 AM
[ReportManager] Passing the test and saving a reference image @10-10-2021 01:55:17.0589 AM
[ReportManager] File Action [GetAbsolutePath] successfully performed. With the following test data [Relative File Path: "src/test/resources/DynamicObjectRepository/unitTests_tests_element_elementActions_waitForElementToBePresent_true_expectedToPass_By_xpath_id_hplogo_or_alt_Google.png"]. @10-10-2021 01:55:17.0589 AM
[ReportManager] File Action [WriteToFile] successfully performed. With the following test data [Target File Path: "/home/runner/work/SHAFT_ENGINE/SHAFT_ENGINE/src/test/resources/DynamicObjectRepository/unitTests_tests_element_elementActions_waitForElementToBePresent_true_expectedToPass_By_xpath_id_hplogo_or_alt_Google.png"]. @10-10-2021 01:55:17.0590 AM
[ReportManager] Assertion Passed: Using Visual AI; OpenCV @10-10-2021 01:55:17.0591 AM
[ReportManager] Successfully created attachment [Validation Test Data - Actual Screenshot] @10-10-2021 01:55:17.0591 AM
[ReportManager] Assertion [ValidateElementMatches] PASSED. Expected [Element should match the reference screenshot] and Actual [TRUE]. Comparison Type [EXACT_OPENCV]. Validation Type [POSITIVE]. @10-10-2021 01:55:17.0591 A
[ReportManager] Browser Action [CloseCurrentWindow] successfully performed. @10-10-2021 01:55:17.0714 AM
[ReportManager] Successfully created attachment [Browser Action Test Data - CloseCurrentWindow - Actual Value] @10-10-2021 01:55:17.0716 A
[ReportManager] Successfully loaded the following test data file [src/test/resources/TestDataFiles/testSuite01/TestData.xlsx]. @10-10-2021 01:55:18.0349 AM
[ReportManager] Successfully created attachment [Test Data - Excel] @10-10-2021 01:55:18.0349 A

################################################################################################################################################
Starting Execution:	[68 out of 144] test cases in the current suite
Test Method:		[unitTests.tests_io_excelFileManager.getCellData_rowName_expectedToPass]
################################################################################################################################################
[ReportManager] testRowData. @10-10-2021 01:55:18.0358 A

################################################################################################################################################
Starting Execution:	[69 out of 144] test cases in the current suite
Test Method:		[testPackage01.Test_testData.f]
################################################################################################################################################
[ReportManager] Successfully loaded the following test data file [src/test/resources/TestDataFiles/testSuite01/TestData.xlsx]. @10-10-2021 01:55:18.0383 AM
[ReportManager] Successfully created attachment [Test Data - Excel] @10-10-2021 01:55:18.0384 AM
[ReportManager] Last Column Number is: [3]. Zero-based. @10-10-2021 01:55:18.0384 A

################################################################################################################################################
Starting Execution:	[70 out of 144] test cases in the current suite
Test Method:		[testPackage01.Test_SkipDueToIssue.doNotSkip]
################################################################################################################################################
[ReportManager] This should not be skipped. @10-10-2021 01:55:18.0386 A

################################################################################################################################################
Starting Execution:	[71 out of 144] test cases in the current suite
Test Method:		[testPackage01.Test_SkipDueToIssue.skip]
################################################################################################################################################
[ReportManager] This should be skipped. @10-10-2021 01:55:18.0391 A

################################################################################################################################################
Starting Execution:	[72 out of 144] test cases in the current suite
Test Method:		[testPackage01.Test_SkipDueToIssue.skip2]
################################################################################################################################################
[ReportManager] This should be skipped. @10-10-2021 01:55:18.0394 A

################################################################################################################################################
Starting Execution:	[73 out of 144] test cases in the current suite
Test Method:		[testPackage01.Test_chainableElementActions.chainElementActions]
################################################################################################################################################
[ReportManager] File Action [GetAbsolutePath] successfully performed. With the following test data [Relative Folder Path: "target/downloadedFiles/"]. @10-10-2021 01:55:18.0396 AM
[ReportManager] Attempting to run remotely on: [Linux-64], [GoogleChrome], [http://localhost:4444/wd/hub], Headless Execution. @10-10-2021 01:55:18.0396 AM
[ReportManager] Successfully Opened [GoogleChrome]. @10-10-2021 01:55:18.0661 AM
[ReportManager] Target URL: [https://www.google.com/ncr], and after redirection: [https://www.google.com] @10-10-2021 01:55:18.0684 AM
[ReportManager] Initial URL: [data:,] @10-10-2021 01:55:18.0731 AM
[ReportManager] Browser Action [NavigateToURL] successfully performed. With the following test data [https://www.google.com/ncr]. @10-10-2021 01:55:19.0470 AM
[ReportManager] Element Action [Type] successfully performed. With the following test data [chained type 1]. @10-10-2021 01:55:19.0792 AM
[ReportManager] Element Action [Type] successfully performed. With the following test data [chained type 2]. @10-10-2021 01:55:20.0080 AM
[ReportManager] Element Action [TypeAppend] successfully performed. With the following test data [345]. @10-10-2021 01:55:20.0186 AM
[ReportManager] Element Action [GetText] successfully performed. With the following test data [chained type 2345]. @10-10-2021 01:55:20.0324 AM
[ReportManager] Loaded Shared OpenCV @10-10-2021 01:55:20.0444 AM
[ReportManager] Assertion [ValidateElementAttribute] PASSED. Expected [Value Should be 'chained type 2345' for the 'text' attribute, element locator 'By.name: q'] and Actual [chained type 2345]. Comparison Type [EQUALS]. Validation Type [POSITIVE]. @10-10-2021 01:55:20.0521 AM
[ReportManager] Successfully created attachment [Screenshot - 1633830920444_chainElementActions_ValidateElementAttribute_passed] @10-10-2021 01:55:20.0522 AM
[ReportManager] Browser Action [CloseCurrentWindow] successfully performed. @10-10-2021 01:55:20.0652 AM
[ReportManager] Successfully created attachment [Browser Action Test Data - CloseCurrentWindow - Actual Value] @10-10-2021 01:55:20.0653 A

################################################################################################################################################
Starting Execution:	[74 out of 144] test cases in the current suite
Test Method:		[testPackage01.Test_NewValidationHelper.f1]
################################################################################################################################################
[ReportManager] Assertion Passed: Checking valid user data @10-10-2021 01:55:20.0665 AM
[ReportManager] Successfully created attachment [Validation Test Data - Expected Value] @10-10-2021 01:55:20.0665 AM
[ReportManager] Successfully created attachment [Validation Test Data - Actual Value] @10-10-2021 01:55:20.0665 AM
[ReportManager] Assertion [ValidateEquals] PASSED. Expected and Actual values are attached. Comparison Type [EQUALS]. Validation Type [POSITIVE]. @10-10-2021 01:55:20.0665 A
[ReportManager] File Action [GetAbsolutePath] successfully performed. With the following test data [Relative Folder Path: "target/downloadedFiles/"]. @10-10-2021 01:55:20.0667 AM
[ReportManager] Attempting to run remotely on: [Linux-64], [GoogleChrome], [http://localhost:4444/wd/hub], Headless Execution. @10-10-2021 01:55:20.0669 AM
[ReportManager] Successfully Opened [GoogleChrome]. @10-10-2021 01:55:20.0868 AM
[ReportManager] Target URL: [https://the-internet.herokuapp.com/] @10-10-2021 01:55:20.0878 AM
[ReportManager] Initial URL: [data:,] @10-10-2021 01:55:20.0919 AM
[ReportManager] Browser Action [NavigateToURL] successfully performed. With the following test data [https://the-internet.herokuapp.com/]. @10-10-2021 01:55:22.0353 A

################################################################################################################################################
Starting Execution:	[75 out of 144] test cases in the current suite
Test Method:		[testPackage01.Test_NewValidationHelper.f10]
################################################################################################################################################
[ReportManager] Assertion [ValidateElementExists] FAILED. Expected [Element Should Exist, locator 'By.tagName: div'] and Actual [Element Exists but is not unique]. Comparison Type [EQUALS]. Validation Type [POSITIVE]. @10-10-2021 01:55:22.0585 AM
[ReportManager] Successfully created attachment [Screenshot - 1633830922519_f10_ValidateElementExists_failed] @10-10-2021 01:55:22.0586 A
[ReportManager] Successfully Closed All Drivers. @10-10-2021 01:55:22.0658 A
[ReportManager] File Action [GetAbsolutePath] successfully performed. With the following test data [Relative Folder Path: "target/downloadedFiles/"]. @10-10-2021 01:55:22.0660 AM
[ReportManager] Attempting to run remotely on: [Linux-64], [GoogleChrome], [http://localhost:4444/wd/hub], Headless Execution. @10-10-2021 01:55:22.0661 AM
[ReportManager] Successfully Opened [GoogleChrome]. @10-10-2021 01:55:22.0884 AM
[ReportManager] Target URL: [https://the-internet.herokuapp.com/] @10-10-2021 01:55:22.0894 AM
[ReportManager] Initial URL: [data:,] @10-10-2021 01:55:22.0957 AM
[ReportManager] Browser Action [NavigateToURL] successfully performed. With the following test data [https://the-internet.herokuapp.com/]. @10-10-2021 01:55:24.0357 A

################################################################################################################################################
Starting Execution:	[76 out of 144] test cases in the current suite
Test Method:		[testPackage01.Test_NewValidationHelper.f11]
################################################################################################################################################
[ReportManager] Assertion Passed: Checking that false tag doesn't exist @10-10-2021 01:55:34.0766 AM
[ReportManager] Successfully created attachment [Screenshot - 1633830934677_f11_ValidateElementExists_passed] @10-10-2021 01:55:34.0767 AM
[ReportManager] Assertion [ValidateElementExists] PASSED. Expected [Element Should not Exist, locator 'By.tagName: h3'] and Actual [Element Doesn't Exists]. Comparison Type [EQUALS]. Validation Type [NEGATIVE]. @10-10-2021 01:55:34.0767 A
[ReportManager] Successfully Closed All Drivers. @10-10-2021 01:55:34.0840 A
[ReportManager] File Action [GetAbsolutePath] successfully performed. With the following test data [Relative Folder Path: "target/downloadedFiles/"]. @10-10-2021 01:55:34.0842 AM
[ReportManager] Attempting to run remotely on: [Linux-64], [GoogleChrome], [http://localhost:4444/wd/hub], Headless Execution. @10-10-2021 01:55:34.0842 AM
[ReportManager] Successfully Opened [GoogleChrome]. @10-10-2021 01:55:35.0028 AM
[ReportManager] Target URL: [https://the-internet.herokuapp.com/] @10-10-2021 01:55:35.0037 AM
[ReportManager] Initial URL: [data:,] @10-10-2021 01:55:35.0073 AM
[ReportManager] Browser Action [NavigateToURL] successfully performed. With the following test data [https://the-internet.herokuapp.com/]. @10-10-2021 01:55:36.0555 A

################################################################################################################################################
Starting Execution:	[77 out of 144] test cases in the current suite
Test Method:		[testPackage01.Test_NewValidationHelper.f12]
################################################################################################################################################
[ReportManager] Loaded Shared OpenCV @10-10-2021 01:55:36.0737 AM
[ReportManager] Assertion [ValidateElementExists] FAILED. Expected [Element Should not Exist, locator 'By.tagName: h1'] and Actual [Element Exists]. Comparison Type [EQUALS]. Validation Type [NEGATIVE]. @10-10-2021 01:55:36.0816 AM
[ReportManager] Successfully created attachment [Screenshot - 1633830936737_f12_ValidateElementExists_failed] @10-10-2021 01:55:36.0817 A
[ReportManager] Successfully Closed All Drivers. @10-10-2021 01:55:36.0895 A
[ReportManager] File Action [GetAbsolutePath] successfully performed. With the following test data [Relative Folder Path: "target/downloadedFiles/"]. @10-10-2021 01:55:36.0897 AM
[ReportManager] Attempting to run remotely on: [Linux-64], [GoogleChrome], [http://localhost:4444/wd/hub], Headless Execution. @10-10-2021 01:55:36.0898 AM
[ReportManager] Successfully Opened [GoogleChrome]. @10-10-2021 01:55:37.0067 AM
[ReportManager] Target URL: [https://the-internet.herokuapp.com/] @10-10-2021 01:55:37.0078 AM
[ReportManager] Initial URL: [data:,] @10-10-2021 01:55:37.0115 AM
[ReportManager] Browser Action [NavigateToURL] successfully performed. With the following test data [https://the-internet.herokuapp.com/]. @10-10-2021 01:55:38.0515 A

################################################################################################################################################
Starting Execution:	[78 out of 144] test cases in the current suite
Test Method:		[testPackage01.Test_NewValidationHelper.f13]
################################################################################################################################################
[ReportManager] Assertion [ValidateElementExists] FAILED. Expected [Element Should not Exist, locator 'By.tagName: div'] and Actual [Element Exists but is not unique]. Comparison Type [EQUALS]. Validation Type [NEGATIVE]. @10-10-2021 01:55:38.0751 AM
[ReportManager] Successfully created attachment [Screenshot - 1633830938686_f13_ValidateElementExists_failed] @10-10-2021 01:55:38.0752 A
[ReportManager] Successfully Closed All Drivers. @10-10-2021 01:55:38.0824 A
[ReportManager] File Action [GetAbsolutePath] successfully performed. With the following test data [Relative Folder Path: "target/downloadedFiles/"]. @10-10-2021 01:55:38.0826 AM
[ReportManager] Attempting to run remotely on: [Linux-64], [GoogleChrome], [http://localhost:4444/wd/hub], Headless Execution. @10-10-2021 01:55:38.0826 AM
[ReportManager] Successfully Opened [GoogleChrome]. @10-10-2021 01:55:39.0022 AM
[ReportManager] Target URL: [https://the-internet.herokuapp.com/] @10-10-2021 01:55:39.0031 AM
[ReportManager] Initial URL: [data:,] @10-10-2021 01:55:39.0067 AM
[ReportManager] Browser Action [NavigateToURL] successfully performed. With the following test data [https://the-internet.herokuapp.com/]. @10-10-2021 01:55:40.0424 A

################################################################################################################################################
Starting Execution:	[79 out of 144] test cases in the current suite
Test Method:		[testPackage01.Test_NewValidationHelper.f14]
################################################################################################################################################
[ReportManager] Element Action [GetText] successfully performed. With the following test data [Welcome to the-internet]. @10-10-2021 01:55:40.0495 AM
[ReportManager] Loaded Shared OpenCV @10-10-2021 01:55:40.0619 AM
[ReportManager] Assertion Passed: Asserting that the header text is correct @10-10-2021 01:55:40.0703 AM
[ReportManager] Successfully created attachment [Screenshot - 1633830940619_f14_ValidateElementAttribute_passed] @10-10-2021 01:55:40.0704 AM
[ReportManager] Assertion [ValidateElementAttribute] PASSED. Expected [Value Should be 'Welcome to the-internet' for the 'text' attribute, element locator 'By.tagName: h1'] and Actual [Welcome to the-internet]. Comparison Type [EQUALS]. Validation Type [POSITIVE]. @10-10-2021 01:55:40.0704 A
[ReportManager] Successfully Closed All Drivers. @10-10-2021 01:55:40.0777 A
[ReportManager] File Action [GetAbsolutePath] successfully performed. With the following test data [Relative Folder Path: "target/downloadedFiles/"]. @10-10-2021 01:55:40.0779 AM
[ReportManager] Attempting to run remotely on: [Linux-64], [GoogleChrome], [http://localhost:4444/wd/hub], Headless Execution. @10-10-2021 01:55:40.0779 AM
[ReportManager] Successfully Opened [GoogleChrome]. @10-10-2021 01:55:40.0957 AM
[ReportManager] Target URL: [https://the-internet.herokuapp.com/] @10-10-2021 01:55:40.0972 AM
[ReportManager] Initial URL: [data:,] @10-10-2021 01:55:41.0007 AM
[ReportManager] Browser Action [NavigateToURL] successfully performed. With the following test data [https://the-internet.herokuapp.com/]. @10-10-2021 01:55:42.0458 A

################################################################################################################################################
Starting Execution:	[80 out of 144] test cases in the current suite
Test Method:		[testPackage01.Test_NewValidationHelper.f15]
################################################################################################################################################
[ReportManager] Element Action [GetText] successfully performed. With the following test data [Welcome to the-internet]. @10-10-2021 01:55:42.0533 AM
[ReportManager] Loaded Shared OpenCV @10-10-2021 01:55:42.0652 AM
[ReportManager] Assertion [ValidateElementAttribute] FAILED. Expected [Value Should not be 'Welcome' for the 'text' attribute, element locator 'By.tagName: h1'] and Actual [Welcome to the-internet]. Comparison Type [CONTAINS]. Validation Type [NEGATIVE]. @10-10-2021 01:55:42.0754 AM
[ReportManager] Successfully created attachment [Screenshot - 1633830942652_f15_ValidateElementAttribute_failed] @10-10-2021 01:55:42.0755 A
[ReportManager] Successfully Closed All Drivers. @10-10-2021 01:55:42.0832 A
[ReportManager] File Action [GetAbsolutePath] successfully performed. With the following test data [Relative Folder Path: "target/downloadedFiles/"]. @10-10-2021 01:55:42.0835 AM
[ReportManager] Attempting to run remotely on: [Linux-64], [GoogleChrome], [http://localhost:4444/wd/hub], Headless Execution. @10-10-2021 01:55:42.0835 AM
[ReportManager] Successfully Opened [GoogleChrome]. @10-10-2021 01:55:43.0011 AM
[ReportManager] Target URL: [https://the-internet.herokuapp.com/] @10-10-2021 01:55:43.0025 AM
[ReportManager] Initial URL: [data:,] @10-10-2021 01:55:43.0060 AM
[ReportManager] Browser Action [NavigateToURL] successfully performed. With the following test data [https://the-internet.herokuapp.com/]. @10-10-2021 01:55:44.0450 A

################################################################################################################################################
Starting Execution:	[81 out of 144] test cases in the current suite
Test Method:		[testPackage01.Test_NewValidationHelper.f16]
################################################################################################################################################
[ReportManager] Element Action [IdentifyUniqueElement] failed. With the following test data [zero elements found matching this locator "By.tagName: h3".]. @10-10-2021 01:56:10.0046 AM
[ReportManager] Successfully created attachment [Screenshot - 1633830969983_f16_IdentifyUniqueElement_failed] @10-10-2021 01:56:10.0047 AM
[ReportManager] Assertion [ValidateElementAttribute] FAILED. Expected [Value Should not be 'Welcome' for the 'text' attribute, element locator 'By.tagName: h3'] and Actual [Failed to read the desired element attribute]. Comparison Type [CONTAINS]. Validation Type [NEGATIVE]. @10-10-2021 01:56:10.0047 A
[ReportManager] Successfully Closed All Drivers. @10-10-2021 01:56:10.0127 A
[ReportManager] File Action [GetAbsolutePath] successfully performed. With the following test data [Relative Folder Path: "target/downloadedFiles/"]. @10-10-2021 01:56:10.0129 AM
[ReportManager] Attempting to run remotely on: [Linux-64], [GoogleChrome], [http://localhost:4444/wd/hub], Headless Execution. @10-10-2021 01:56:10.0129 AM
[ReportManager] Successfully Opened [GoogleChrome]. @10-10-2021 01:56:10.0314 AM
[ReportManager] Target URL: [https://the-internet.herokuapp.com/] @10-10-2021 01:56:10.0328 AM
[ReportManager] Initial URL: [data:,] @10-10-2021 01:56:10.0364 AM
[ReportManager] Browser Action [NavigateToURL] successfully performed. With the following test data [https://the-internet.herokuapp.com/]. @10-10-2021 01:56:10.0707 A

################################################################################################################################################
Starting Execution:	[82 out of 144] test cases in the current suite
Test Method:		[testPackage01.Test_NewValidationHelper.f17]
################################################################################################################################################
[ReportManager] Attempting to getAttribute [text2] from elementLocator [By.tagName: h1]. @10-10-2021 01:56:10.0711 AM
[ReportManager] Element Action [GetAttribute] successfully performed. @10-10-2021 01:56:10.0777 AM
[ReportManager] Loaded Shared OpenCV @10-10-2021 01:56:10.0898 AM
[ReportManager] Assertion [ValidateElementAttribute] PASSED. Expected [Value Should not be 'Welcome' for the 'text2' attribute, element locator 'By.tagName: h1'] and Actual [null]. Comparison Type [CONTAINS]. Validation Type [NEGATIVE]. @10-10-2021 01:56:10.0973 AM
[ReportManager] Successfully created attachment [Screenshot - 1633830970898_f17_ValidateElementAttribute_passed] @10-10-2021 01:56:10.0974 A
[ReportManager] Successfully Closed All Drivers. @10-10-2021 01:56:11.0047 A
[ReportManager] File Action [GetAbsolutePath] successfully performed. With the following test data [Relative Folder Path: "target/downloadedFiles/"]. @10-10-2021 01:56:11.0050 AM
[ReportManager] Attempting to run remotely on: [Linux-64], [GoogleChrome], [http://localhost:4444/wd/hub], Headless Execution. @10-10-2021 01:56:11.0051 AM
[ReportManager] Successfully Opened [GoogleChrome]. @10-10-2021 01:56:11.0247 AM
[ReportManager] Target URL: [https://the-internet.herokuapp.com/] @10-10-2021 01:56:11.0265 AM
[ReportManager] Initial URL: [data:,] @10-10-2021 01:56:11.0307 AM
[ReportManager] Browser Action [NavigateToURL] successfully performed. With the following test data [https://the-internet.herokuapp.com/]. @10-10-2021 01:56:11.0647 A

################################################################################################################################################
Starting Execution:	[83 out of 144] test cases in the current suite
Test Method:		[testPackage01.Test_NewValidationHelper.f18]
################################################################################################################################################
[ReportManager] Element Action [GetText] successfully performed. With the following test data [Welcome to the-internet]. @10-10-2021 01:56:11.0731 AM
[ReportManager] Loaded Shared OpenCV @10-10-2021 01:56:11.0868 AM
[ReportManager] Assertion [ValidateElementAttribute] PASSED. Expected [Value Should not be 'no' for the 'text' attribute, element locator 'By.tagName: h1'] and Actual [Welcome to the-internet]. Comparison Type [CONTAINS]. Validation Type [NEGATIVE]. @10-10-2021 01:56:11.0956 AM
[ReportManager] Successfully created attachment [Screenshot - 1633830971868_f18_ValidateElementAttribute_passed] @10-10-2021 01:56:11.0957 A
[ReportManager] Successfully Closed All Drivers. @10-10-2021 01:56:12.0032 A
[ReportManager] File Action [GetAbsolutePath] successfully performed. With the following test data [Relative Folder Path: "target/downloadedFiles/"]. @10-10-2021 01:56:12.0036 AM
[ReportManager] Attempting to run remotely on: [Linux-64], [GoogleChrome], [http://localhost:4444/wd/hub], Headless Execution. @10-10-2021 01:56:12.0036 AM
[ReportManager] Successfully Opened [GoogleChrome]. @10-10-2021 01:56:12.0231 AM
[ReportManager] Target URL: [https://the-internet.herokuapp.com/] @10-10-2021 01:56:12.0248 AM
[ReportManager] Initial URL: [data:,] @10-10-2021 01:56:12.0288 AM
[ReportManager] Browser Action [NavigateToURL] successfully performed. With the following test data [https://the-internet.herokuapp.com/]. @10-10-2021 01:56:12.0623 A

################################################################################################################################################
Starting Execution:	[84 out of 144] test cases in the current suite
Test Method:		[testPackage01.Test_NewValidationHelper.f19]
################################################################################################################################################
[ReportManager] Element Action [GetTagName] successfully performed. With the following test data [h1]. @10-10-2021 01:56:12.0697 AM
[ReportManager] Loaded Shared OpenCV @10-10-2021 01:56:12.0855 AM
[ReportManager] Assertion [ValidateElementAttribute] PASSED. Expected [Value Should be 'h' for the 'tagname' attribute, element locator 'By.tagName: h1'] and Actual [h1]. Comparison Type [CONTAINS]. Validation Type [POSITIVE]. @10-10-2021 01:56:12.0941 AM
[ReportManager] Successfully created attachment [Screenshot - 1633830972855_f19_ValidateElementAttribute_passed] @10-10-2021 01:56:12.0942 A
[ReportManager] Successfully Closed All Drivers. @10-10-2021 01:56:13.0018 A

################################################################################################################################################
Starting Execution:	[85 out of 144] test cases in the current suite
Test Method:		[testPackage01.Test_NewValidationHelper.f2]
################################################################################################################################################
[ReportManager] Assertion Failed: Checking valid user data @10-10-2021 01:56:13.0022 AM
[ReportManager] Assertion [ValidateEquals] FAILED. Expected [1] and Actual [2]. Comparison Type [EQUALS]. Validation Type [POSITIVE]. @10-10-2021 01:56:13.0023 A
[ReportManager] File Action [GetAbsolutePath] successfully performed. With the following test data [Relative Folder Path: "target/downloadedFiles/"]. @10-10-2021 01:56:13.0026 AM
[ReportManager] Attempting to run remotely on: [Linux-64], [GoogleChrome], [http://localhost:4444/wd/hub], Headless Execution. @10-10-2021 01:56:13.0026 AM
[ReportManager] Successfully Opened [GoogleChrome]. @10-10-2021 01:56:13.0225 AM
[ReportManager] Target URL: [https://the-internet.herokuapp.com/] @10-10-2021 01:56:13.0235 AM
[ReportManager] Initial URL: [data:,] @10-10-2021 01:56:13.0283 AM
[ReportManager] Browser Action [NavigateToURL] successfully performed. With the following test data [https://the-internet.herokuapp.com/]. @10-10-2021 01:56:13.0621 A

################################################################################################################################################
Starting Execution:	[86 out of 144] test cases in the current suite
Test Method:		[testPackage01.Test_NewValidationHelper.f20]
################################################################################################################################################
[ReportManager] Element Action [GetSize] successfully performed. With the following test data [(755, 61)]. @10-10-2021 01:56:13.0699 AM
[ReportManager] Loaded Shared OpenCV @10-10-2021 01:56:13.0836 AM
[ReportManager] Assertion [ValidateElementAttribute] PASSED. Expected [Value Should not be 'a' for the 'size' attribute, element locator 'By.tagName: h1'] and Actual [(755, 61)]. Comparison Type [CONTAINS]. Validation Type [NEGATIVE]. @10-10-2021 01:56:13.0919 AM
[ReportManager] Successfully created attachment [Screenshot - 1633830973836_f20_ValidateElementAttribute_passed] @10-10-2021 01:56:13.0921 A
[ReportManager] Successfully Closed All Drivers. @10-10-2021 01:56:13.0994 A
[ReportManager] File Action [GetAbsolutePath] successfully performed. With the following test data [Relative Folder Path: "target/downloadedFiles/"]. @10-10-2021 01:56:13.0998 AM
[ReportManager] Attempting to run remotely on: [Linux-64], [GoogleChrome], [http://localhost:4444/wd/hub], Headless Execution. @10-10-2021 01:56:13.0998 AM
[ReportManager] Successfully Opened [GoogleChrome]. @10-10-2021 01:56:14.0196 AM
[ReportManager] Target URL: [https://the-internet.herokuapp.com/] @10-10-2021 01:56:14.0207 AM
[ReportManager] Initial URL: [data:,] @10-10-2021 01:56:14.0246 AM
[ReportManager] Browser Action [NavigateToURL] successfully performed. With the following test data [https://the-internet.herokuapp.com/]. @10-10-2021 01:56:14.0592 A

################################################################################################################################################
Starting Execution:	[87 out of 144] test cases in the current suite
Test Method:		[testPackage01.Test_NewValidationHelper.f21]
################################################################################################################################################
[ReportManager] Element Action [IdentifyUniqueElement] failed. With the following test data [zero elements found matching this locator "By.tagName: h3".]. @10-10-2021 01:56:40.0189 AM
[ReportManager] Successfully created attachment [Screenshot - 1633831000119_f21_IdentifyUniqueElement_failed] @10-10-2021 01:56:40.0189 AM
[ReportManager] Assertion [ValidateElementAttribute] FAILED. Expected [Value Should be 'Welcome' for the 'text' attribute, element locator 'By.tagName: h3'] and Actual [Failed to read the desired element attribute]. Comparison Type [CONTAINS]. Validation Type [POSITIVE]. @10-10-2021 01:56:40.0190 A
[ReportManager] Successfully Closed All Drivers. @10-10-2021 01:56:40.0262 A
[ReportManager] File Action [GetAbsolutePath] successfully performed. With the following test data [Relative Folder Path: "target/downloadedFiles/"]. @10-10-2021 01:56:40.0264 AM
[ReportManager] Attempting to run remotely on: [Linux-64], [GoogleChrome], [http://localhost:4444/wd/hub], Headless Execution. @10-10-2021 01:56:40.0264 AM
[ReportManager] Successfully Opened [GoogleChrome]. @10-10-2021 01:56:40.0436 AM
[ReportManager] Target URL: [https://the-internet.herokuapp.com/] @10-10-2021 01:56:40.0445 AM
[ReportManager] Initial URL: [data:,] @10-10-2021 01:56:40.0480 AM
[ReportManager] Browser Action [NavigateToURL] successfully performed. With the following test data [https://the-internet.herokuapp.com/]. @10-10-2021 01:56:40.0836 A

################################################################################################################################################
Starting Execution:	[88 out of 144] test cases in the current suite
Test Method:		[testPackage01.Test_NewValidationHelper.f22]
################################################################################################################################################
[ReportManager] Element Action [GetText] successfully performed. With the following test data [Welcome to the-internet]. @10-10-2021 01:56:40.0909 AM
[ReportManager] Loaded Shared OpenCV @10-10-2021 01:56:41.0036 AM
[ReportManager] Assertion [ValidateElementAttribute] FAILED. Expected [Value Should be 'yyy' for the 'text' attribute, element locator 'By.tagName: h1'] and Actual [Welcome to the-internet]. Comparison Type [CONTAINS]. Validation Type [POSITIVE]. @10-10-2021 01:56:41.0117 AM
[ReportManager] Successfully created attachment [Screenshot - 1633831001036_f22_ValidateElementAttribute_failed] @10-10-2021 01:56:41.0118 A
[ReportManager] Successfully Closed All Drivers. @10-10-2021 01:56:41.0189 A

################################################################################################################################################
Starting Execution:	[89 out of 144] test cases in the current suite
Test Method:		[testPackage01.Test_NewValidationHelper.f23]
################################################################################################################################################
[ReportManager] Assertion Passed: confirming that the actual is greater than or equal to the expected @10-10-2021 01:56:41.0197 AM
[ReportManager] Assertion [ValidateComparativeRelation] PASSED. Expected [1] and Actual [1]. Comparison Type [GREATER_THAN_OR_EQUALS]. Validation Type [POSITIVE]. @10-10-2021 01:56:41.0197 A

################################################################################################################################################
Starting Execution:	[90 out of 144] test cases in the current suite
Test Method:		[testPackage01.Test_NewValidationHelper.f24]
################################################################################################################################################
[ReportManager] Assertion [ValidateComparativeRelation] PASSED. Expected [1] and Actual [10]. Comparison Type [GREATER_THAN_OR_EQUALS]. Validation Type [POSITIVE]. @10-10-2021 01:56:41.0201 A

################################################################################################################################################
Starting Execution:	[91 out of 144] test cases in the current suite
Test Method:		[testPackage01.Test_NewValidationHelper.f25]
################################################################################################################################################
[ReportManager] Assertion [ValidateComparativeRelation] PASSED. Expected [1] and Actual [1]. Comparison Type [EQUALS]. Validation Type [POSITIVE]. @10-10-2021 01:56:41.0204 A

################################################################################################################################################
Starting Execution:	[92 out of 144] test cases in the current suite
Test Method:		[testPackage01.Test_NewValidationHelper.f26]
################################################################################################################################################
[ReportManager] Assertion [ValidateComparativeRelation] PASSED. Expected [1] and Actual [5]. Comparison Type [GREATER_THAN]. Validation Type [POSITIVE]. @10-10-2021 01:56:41.0207 A

################################################################################################################################################
Starting Execution:	[93 out of 144] test cases in the current suite
Test Method:		[testPackage01.Test_NewValidationHelper.f27]
################################################################################################################################################
[ReportManager] Assertion [ValidateComparativeRelation] PASSED. Expected [11] and Actual [5]. Comparison Type [LESS_THAN]. Validation Type [POSITIVE]. @10-10-2021 01:56:41.0211 A

################################################################################################################################################
Starting Execution:	[94 out of 144] test cases in the current suite
Test Method:		[testPackage01.Test_NewValidationHelper.f28]
################################################################################################################################################
[ReportManager] Assertion [ValidateComparativeRelation] PASSED. Expected [11] and Actual [5]. Comparison Type [LESS_THAN_OR_EQUALS]. Validation Type [POSITIVE]. @10-10-2021 01:56:41.0214 A

################################################################################################################################################
Starting Execution:	[95 out of 144] test cases in the current suite
Test Method:		[testPackage01.Test_NewValidationHelper.f29]
################################################################################################################################################
[ReportManager] Assertion [ValidateComparativeRelation] PASSED. Expected [11] and Actual [11]. Comparison Type [LESS_THAN_OR_EQUALS]. Validation Type [POSITIVE]. @10-10-2021 01:56:41.0216 A

################################################################################################################################################
Starting Execution:	[96 out of 144] test cases in the current suite
Test Method:		[testPackage01.Test_NewValidationHelper.f3]
################################################################################################################################################
[ReportManager] Assertion [ValidateEquals] PASSED. Expected [1] and Actual [2]. Comparison Type [EQUALS]. Validation Type [NEGATIVE]. @10-10-2021 01:56:41.0220 A

################################################################################################################################################
Starting Execution:	[97 out of 144] test cases in the current suite
Test Method:		[testPackage01.Test_NewValidationHelper.f30]
################################################################################################################################################
[ReportManager] Assertion [ValidateComparativeRelation] FAILED. Expected [-9] and Actual [11]. Comparison Type [LESS_THAN_OR_EQUALS]. Validation Type [POSITIVE]. @10-10-2021 01:56:41.0222 A

################################################################################################################################################
Starting Execution:	[98 out of 144] test cases in the current suite
Test Method:		[testPackage01.Test_NewValidationHelper.f31]
################################################################################################################################################
[ReportManager] Assertion [ValidateTrue] PASSED. Expected [TRUE] and Actual [TRUE]. Validation Type [POSITIVE]. @10-10-2021 01:56:41.0224 A

################################################################################################################################################
Starting Execution:	[99 out of 144] test cases in the current suite
Test Method:		[testPackage01.Test_NewValidationHelper.f32]
################################################################################################################################################
[ReportManager] Assertion [ValidateTrue] PASSED. Expected [FALSE] and Actual [FALSE]. Validation Type [NEGATIVE]. @10-10-2021 01:56:41.0227 A

################################################################################################################################################
Starting Execution:	[100 out of 144] test cases in the current suite
Test Method:		[testPackage01.Test_NewValidationHelper.f33]
################################################################################################################################################
[ReportManager] Assertion [ValidateTrue] FAILED. Expected [FALSE] and Actual [TRUE]. Validation Type [NEGATIVE]. @10-10-2021 01:56:41.0229 A

################################################################################################################################################
Starting Execution:	[101 out of 144] test cases in the current suite
Test Method:		[testPackage01.Test_NewValidationHelper.f34]
################################################################################################################################################
[ReportManager] Assertion [ValidateTrue] FAILED. Expected [TRUE] and Actual [FALSE]. Validation Type [POSITIVE]. @10-10-2021 01:56:41.0231 A

################################################################################################################################################
Starting Execution:	[102 out of 144] test cases in the current suite
Test Method:		[testPackage01.Test_NewValidationHelper.f35]
################################################################################################################################################
[ReportManager] File Action [DoesFileExist] successfully performed. With the following test data [File Path: "pom.xml"]. @10-10-2021 01:56:41.0233 AM
[ReportManager] Assertion [ValidateFileExists] PASSED. Expected [File 'pom.xml' should exist, after up to '1' retries] and Actual [File exists]. Validation Type [POSITIVE]. @10-10-2021 01:56:41.0233 A

################################################################################################################################################
Starting Execution:	[103 out of 144] test cases in the current suite
Test Method:		[testPackage01.Test_NewValidationHelper.f36]
################################################################################################################################################
[ReportManager] File Action [DoesFileExist] successfully performed. With the following test data [File Path: "src/test/java/testPackage01/Test_NewValidationHelper.java"]. @10-10-2021 01:56:41.0238 AM
[ReportManager] Assertion [ValidateFileExists] PASSED. Expected [File 'src/test/java/testPackage01/Test_NewValidationHelper.java' should exist, after up to '1' retries] and Actual [File exists]. Validation Type [POSITIVE]. @10-10-2021 01:56:41.0238 A

################################################################################################################################################
Starting Execution:	[104 out of 144] test cases in the current suite
Test Method:		[testPackage01.Test_NewValidationHelper.f37]
################################################################################################################################################
[ReportManager] File Action [DoesFileExist] successfully performed. With the following test data [File Path: "pom.xml"]. @10-10-2021 01:56:41.0240 AM
[ReportManager] Assertion Failed: confirming that the file does't exist after 5 retries @10-10-2021 01:56:41.0241 AM
[ReportManager] Assertion [ValidateFileExists] FAILED. Expected [File 'pom.xml' should not exist, after up to '5' retries] and Actual [File exists]. Validation Type [NEGATIVE]. @10-10-2021 01:56:41.0241 A

################################################################################################################################################
Starting Execution:	[105 out of 144] test cases in the current suite
Test Method:		[testPackage01.Test_NewValidationHelper.f3_1]
################################################################################################################################################
[ReportManager] Assertion Passed: Checking valid user data @10-10-2021 01:56:41.0243 AM
[ReportManager] Assertion [ValidateEquals] PASSED. Expected [null] and Actual [null]. Comparison Type [EQUALS]. Validation Type [POSITIVE]. @10-10-2021 01:56:41.0243 A

################################################################################################################################################
Starting Execution:	[106 out of 144] test cases in the current suite
Test Method:		[testPackage01.Test_NewValidationHelper.f4]
################################################################################################################################################
[ReportManager] Assertion [ValidateEquals] PASSED. Expected [1] and Actual [123]. Comparison Type [CONTAINS]. Validation Type [POSITIVE]. @10-10-2021 01:56:41.0245 A

################################################################################################################################################
Starting Execution:	[107 out of 144] test cases in the current suite
Test Method:		[testPackage01.Test_NewValidationHelper.f5]
################################################################################################################################################
[ReportManager] Assertion [ValidateNull] PASSED. Expected [NULL] and Actual [1]. Comparison Type [EQUALS]. Validation Type [NEGATIVE]. @10-10-2021 01:56:41.0247 A

################################################################################################################################################
Starting Execution:	[108 out of 144] test cases in the current suite
Test Method:		[testPackage01.Test_NewValidationHelper.f6]
################################################################################################################################################
[ReportManager] Assertion Failed: Making sure that null string is not equal to null object @10-10-2021 01:56:41.0249 AM
[ReportManager] Assertion [ValidateNull] FAILED. Expected [NULL] and Actual [NULL]. Comparison Type [EQUALS]. Validation Type [POSITIVE]. @10-10-2021 01:56:41.0249 A

################################################################################################################################################
Starting Execution:	[109 out of 144] test cases in the current suite
Test Method:		[testPackage01.Test_NewValidationHelper.f6_1]
################################################################################################################################################
[ReportManager] Assertion [ValidateNull] FAILED. Expected [NULL] and Actual [NULL]. Comparison Type [EQUALS]. Validation Type [NEGATIVE]. @10-10-2021 01:56:41.0252 A

################################################################################################################################################
Starting Execution:	[110 out of 144] test cases in the current suite
Test Method:		[testPackage01.Test_NewValidationHelper.f6_2]
################################################################################################################################################
[ReportManager] Assertion Failed: Making sure that null string is not equal to null object @10-10-2021 01:56:41.0254 AM
[ReportManager] Assertion [ValidateNull] FAILED. Expected [NULL] and Actual [not null]. Comparison Type [EQUALS]. Validation Type [POSITIVE]. @10-10-2021 01:56:41.0254 A

################################################################################################################################################
Starting Execution:	[111 out of 144] test cases in the current suite
Test Method:		[testPackage01.Test_NewValidationHelper.f7]
################################################################################################################################################
[ReportManager] Assertion [ValidateNull] PASSED. Expected [NULL] and Actual [NULL]. Comparison Type [EQUALS]. Validation Type [POSITIVE]. @10-10-2021 01:56:41.0256 A
[ReportManager] File Action [GetAbsolutePath] successfully performed. With the following test data [Relative Folder Path: "target/downloadedFiles/"]. @10-10-2021 01:56:41.0258 AM
[ReportManager] Attempting to run remotely on: [Linux-64], [GoogleChrome], [http://localhost:4444/wd/hub], Headless Execution. @10-10-2021 01:56:41.0259 AM
[ReportManager] Successfully Opened [GoogleChrome]. @10-10-2021 01:56:41.0440 AM
[ReportManager] Target URL: [https://the-internet.herokuapp.com/] @10-10-2021 01:56:41.0451 AM
[ReportManager] Initial URL: [data:,] @10-10-2021 01:56:41.0499 AM
[ReportManager] Browser Action [NavigateToURL] successfully performed. With the following test data [https://the-internet.herokuapp.com/]. @10-10-2021 01:56:41.0864 A

################################################################################################################################################
Starting Execution:	[112 out of 144] test cases in the current suite
Test Method:		[testPackage01.Test_NewValidationHelper.f8]
################################################################################################################################################
[ReportManager] Loaded Shared OpenCV @10-10-2021 01:56:42.0069 AM
[ReportManager] Assertion [ValidateElementExists] PASSED. Expected [Element Should Exist, locator 'By.tagName: h1'] and Actual [Element Exists]. Comparison Type [EQUALS]. Validation Type [POSITIVE]. @10-10-2021 01:56:42.0152 AM
[ReportManager] Successfully created attachment [Screenshot - 1633831002069_f8_ValidateElementExists_passed] @10-10-2021 01:56:42.0154 A
[ReportManager] Successfully Closed All Drivers. @10-10-2021 01:56:42.0227 A
[ReportManager] File Action [GetAbsolutePath] successfully performed. With the following test data [Relative Folder Path: "target/downloadedFiles/"]. @10-10-2021 01:56:42.0229 AM
[ReportManager] Attempting to run remotely on: [Linux-64], [GoogleChrome], [http://localhost:4444/wd/hub], Headless Execution. @10-10-2021 01:56:42.0229 AM
[ReportManager] Successfully Opened [GoogleChrome]. @10-10-2021 01:56:42.0408 AM
[ReportManager] Target URL: [https://the-internet.herokuapp.com/] @10-10-2021 01:56:42.0425 AM
[ReportManager] Initial URL: [data:,] @10-10-2021 01:56:42.0462 AM
[ReportManager] Browser Action [NavigateToURL] successfully performed. With the following test data [https://the-internet.herokuapp.com/]. @10-10-2021 01:56:42.0870 A

################################################################################################################################################
Starting Execution:	[113 out of 144] test cases in the current suite
Test Method:		[testPackage01.Test_NewValidationHelper.f9]
################################################################################################################################################
[ReportManager] Assertion [ValidateElementExists] FAILED. Expected [Element Should Exist, locator 'By.tagName: h3'] and Actual [Element Doesn't Exists]. Comparison Type [EQUALS]. Validation Type [POSITIVE]. @10-10-2021 01:57:13.0584 AM
[ReportManager] Successfully created attachment [Screenshot - 1633831033514_f9_ValidateElementExists_failed] @10-10-2021 01:57:13.0584 A
[ReportManager] Successfully Closed All Drivers. @10-10-2021 01:57:13.0659 A

################################################################################################################################################
Starting Execution:	[114 out of 144] test cases in the current suite
Test Method:		[testPackage01.Test_NewValidationHelper.forceFail]
################################################################################################################################################
[ReportManager] Assertion [ValidateFail] FAILED. Successfully force failed the test. @10-10-2021 01:57:13.0663 A

################################################################################################################################################
Starting Execution:	[115 out of 144] test cases in the current suite
Test Method:		[testPackage01.Test_NewValidationHelper.forceFail2]
################################################################################################################################################
[ReportManager] Assertion Failed: Custom Message @10-10-2021 01:57:13.0666 AM
[ReportManager] Assertion [ValidateFail] FAILED. Successfully force failed the test. @10-10-2021 01:57:13.0666 A

################################################################################################################################################
Starting Execution:	[116 out of 144] test cases in the current suite
Test Method:		[testPackage01.Test_sendGraphqlRequest.sendGraphqlRequestUsingMutationAndVariables]
################################################################################################################################################
[ReportManager] GraphQl Request is being Performed with the Following Parameters [Service URL: https://api.spacex.land/graphql | Request Body: {"variables":"{\"name\": \"sherlock holmes\",\"rocket\": \"221B Baker Street\"}","query":"mutation ($name: String, $rocket: String) {\n  insert_users(objects: {name: $name, rocket: $rocket}) {\n    returning {\n      name\n      rocket\n    }\n  }\n}"}] @10-10-2021 01:57:13.0669 AM
[ReportManager] Response status code: [200], status line: [HTTP/1.1 200 OK] @10-10-2021 01:57:19.0360 AM
[ReportManager] Assertion Passed: Evaluating the actual response status code against the expected one... @10-10-2021 01:57:19.0361 AM
[ReportManager] Assertion [ValidateEquals] PASSED. Expected [200] and Actual [200]. Comparison Type [EQUALS]. Validation Type [POSITIVE]. @10-10-2021 01:57:19.0361 AM
[ReportManager] API Action [PerformRequest] successfully performed. With the following test data [Request Type: "POST" | Target Status Code: "200" | Service URL: "https://api.spacex.land/graphql" | Content Type: "application/json" | Response Time: "5577ms"]. @10-10-2021 01:57:19.0372 AM
[ReportManager] Successfully created attachment [API Request - Specifications] @10-10-2021 01:57:19.0373 AM
[ReportManager] Successfully created attachment [API Request - JSON Body] @10-10-2021 01:57:19.0373 AM
[ReportManager] Successfully created attachment [API Response - JSON Body] @10-10-2021 01:57:19.0373 AM
[ReportManager] API Action [GetResponseJSONValue] successfully performed. With the following test data [data.insert_users.returning[0].name]. @10-10-2021 01:57:19.0415 AM
[ReportManager] Assertion [ValidateEquals] PASSED. Expected [sherlock holmes] and Actual [sherlock holmes]. Comparison Type [EQUALS]. Validation Type [POSITIVE]. @10-10-2021 01:57:19.0415 A

################################################################################################################################################
Starting Execution:	[117 out of 144] test cases in the current suite
Test Method:		[testPackage01.Test_sendGraphqlRequest.sendGraphqlRequestUsingQuery]
################################################################################################################################################
[ReportManager] GraphQl Request is being Performed with the Following Parameters [Service URL: https://api.spacex.land/graphql | Request Body: {"query":"{company {ceo}}"}] @10-10-2021 01:57:19.0418 AM
[ReportManager] Response status code: [200], status line: [HTTP/1.1 200 OK] @10-10-2021 01:57:19.0515 AM
[ReportManager] Assertion Passed: Evaluating the actual response status code against the expected one... @10-10-2021 01:57:19.0515 AM
[ReportManager] Assertion [ValidateEquals] PASSED. Expected [200] and Actual [200]. Comparison Type [EQUALS]. Validation Type [POSITIVE]. @10-10-2021 01:57:19.0515 AM
[ReportManager] API Action [PerformRequest] successfully performed. With the following test data [Request Type: "POST" | Target Status Code: "200" | Service URL: "https://api.spacex.land/graphql" | Content Type: "application/json" | Response Time: "86ms"]. @10-10-2021 01:57:19.0525 AM
[ReportManager] Successfully created attachment [API Request - Specifications] @10-10-2021 01:57:19.0525 AM
[ReportManager] Successfully created attachment [API Request - JSON Body] @10-10-2021 01:57:19.0526 AM
[ReportManager] Successfully created attachment [API Response - JSON Body] @10-10-2021 01:57:19.0526 AM
[ReportManager] API Action [GetResponseJSONValue] successfully performed. With the following test data [data.company.ceo]. @10-10-2021 01:57:19.0533 AM
[ReportManager] Assertion [ValidateEquals] PASSED. Expected [Elon Musk] and Actual [Elon Musk]. Comparison Type [EQUALS]. Validation Type [POSITIVE]. @10-10-2021 01:57:19.0533 A
[ReportManager] Successfully loaded the following test data file [src/test/resources/TestDataFiles/testSuite01/TestData.xlsx]. @10-10-2021 01:57:19.0574 AM
[ReportManager] Successfully created attachment [Test Data - Excel] @10-10-2021 01:57:19.0574 AM
[ReportManager] File Action [GetAbsolutePath] successfully performed. With the following test data [Relative Folder Path: "target/downloadedFiles/"]. @10-10-2021 01:57:19.0574 AM
[ReportManager] Attempting to run remotely on: [Linux-64], [GoogleChrome], [http://localhost:4444/wd/hub], Headless Execution. @10-10-2021 01:57:19.0574 AM
[ReportManager] Successfully Opened [GoogleChrome]. @10-10-2021 01:57:19.0788 A

################################################################################################################################################
Starting Execution:	[118 out of 144] test cases in the current suite
Test Method:		[testPackage01.Test_google.navigateToURLandVerifyGoogleLogoIsDisplayed]
Test Description:	[TC001 - Navigate to URL and Verify Google Logo is Displayed]
################################################################################################################################################
[ReportManager] Target URL: [https://www.google.com/ncr], and after redirection: [https://www.google.com] @10-10-2021 01:57:19.0800 AM
[ReportManager] Initial URL: [data:,] @10-10-2021 01:57:19.0838 AM
[ReportManager] Browser Action [NavigateToURL] successfully performed. With the following test data [https://www.google.com/ncr]. @10-10-2021 01:57:20.0582 AM
[ReportManager] Loaded Shared OpenCV @10-10-2021 01:57:20.0735 AM
[ReportManager] Assertion [ValidateElementExists] PASSED. Expected [Element Should Exist, locator 'By.xpath: //*[@id='hplogo' or @alt='Google']'] and Actual [Element Exists]. Comparison Type [EQUALS]. Validation Type [POSITIVE]. @10-10-2021 01:57:20.0808 AM
[ReportManager] Successfully created attachment [Screenshot - 1633831040735_navigateToURLandVerifyGoogleLogoIsDisplayed_ValidateElementExists_passed] @10-10-2021 01:57:20.0810 A

################################################################################################################################################
Starting Execution:	[119 out of 144] test cases in the current suite
Test Method:		[testPackage01.Test_google.searchForQueryandAssertResultsNumDisplayed]
Test Description:	[TC002 - Search for Query and Assert that the number of results is displayed]
################################################################################################################################################
[ReportManager] Element Action [Type] successfully performed. With the following test data [SHAFT_Engine]. @10-10-2021 01:57:21.0113 AM
[ReportManager] Element Action [KeyPress] successfully performed. With the following test data [Enter]. @10-10-2021 01:57:22.0856 AM
[ReportManager] Element Action [GetText] successfully performed. With the following test data [About 1,210,000 results (0.71 seconds) ]. @10-10-2021 01:57:22.0927 AM
[ReportManager] Loaded Shared OpenCV @10-10-2021 01:57:23.0060 AM
[ReportManager] Assertion [ValidateElementAttribute] PASSED. Expected [Value Should not be '' for the 'Text' attribute, element locator 'By.id: appbar'] and Actual [About 1,210,000 results (0.71 seconds) ]. Comparison Type [EQUALS]. Validation Type [NEGATIVE]. @10-10-2021 01:57:23.0162 AM
[ReportManager] Successfully created attachment [Screenshot - 1633831043060_searchForQueryandAssertResultsNumDisplayed_ValidateElementAttribute_passed] @10-10-2021 01:57:23.0163 A

################################################################################################################################################
Starting Execution:	[120 out of 144] test cases in the current suite
Test Method:		[testPackage01.Test_google.clickNextThrice]
Test Description:	[TC003 - Clicks the next button to make sure that the framework can scroll element into view before clicking it]
################################################################################################################################################
[ReportManager] Element Action [Click] successfully performed. With the following test data [Next]. @10-10-2021 01:57:24.0795 A
[ReportManager] Browser Action [CloseCurrentWindow] successfully performed. @10-10-2021 01:57:24.0972 AM
[ReportManager] Successfully created attachment [Browser Action Test Data - CloseCurrentWindow - Actual Value] @10-10-2021 01:57:24.0986 A
[ReportManager] File Action [GetAbsolutePath] successfully performed. With the following test data [Relative Folder Path: "target/downloadedFiles/"]. @10-10-2021 01:57:24.0988 AM
[ReportManager] Attempting to run remotely on: [Linux-64], [GoogleChrome], [http://localhost:4444/wd/hub], Headless Execution. @10-10-2021 01:57:24.0988 AM
[ReportManager] Successfully Opened [GoogleChrome]. @10-10-2021 01:57:25.0172 A

################################################################################################################################################
Starting Execution:	[121 out of 144] test cases in the current suite
Test Method:		[testPackage01.Test_ShadowDOM.shadowdom]
################################################################################################################################################
[ReportManager] Target URL: [https://mdn.github.io/web-components-examples/popup-info-box-web-component/] @10-10-2021 01:57:25.0192 AM
[ReportManager] Initial URL: [data:,] @10-10-2021 01:57:25.0228 AM
[ReportManager] Browser Action [NavigateToURL] successfully performed. With the following test data [https://mdn.github.io/web-components-examples/popup-info-box-web-component/]. @10-10-2021 01:57:25.0433 AM
[ReportManager] Element Action [Type] successfully performed. With the following test data [Typing into SHADOW DOM...]. @10-10-2021 01:57:25.0681 AM
[ReportManager] Element Action [GetText] successfully performed. With the following test data [Typing into SHADOW DOM...]. @10-10-2021 01:57:25.0761 AM
[ReportManager] Loaded Shared OpenCV @10-10-2021 01:57:25.0862 AM
[ReportManager] Assertion [ValidateElementAttribute] PASSED. Expected [Value Should be 'Typing into SHADOW DOM...' for the 'Text' attribute, element locator 'By.id: cvc'] and Actual [Typing into SHADOW DOM...]. Comparison Type [EQUALS]. Validation Type [POSITIVE]. @10-10-2021 01:57:25.0927 AM
[ReportManager] Successfully created attachment [Screenshot - 1633831045862_shadowdom_ValidateElementAttribute_passed] @10-10-2021 01:57:25.0928 A
[ReportManager] Browser Action [CloseCurrentWindow] successfully performed. @10-10-2021 01:57:26.0017 AM
[ReportManager] Successfully created attachment [Browser Action Test Data - CloseCurrentWindow - Actual Value] @10-10-2021 01:57:26.0018 A

################################################################################################################################################
Starting Execution:	[122 out of 144] test cases in the current suite
Test Method:		[testPackage01.Test_AssertApiResponseEquals.assertApiResponseEquals_expectedToPass]
################################################################################################################################################
[ReportManager] Response status code: [200], status line: [HTTP/1.1 200 OK] @10-10-2021 01:57:26.0080 AM
[ReportManager] Assertion Passed: Evaluating the actual response status code against the expected one... @10-10-2021 01:57:26.0080 AM
[ReportManager] Assertion [ValidateEquals] PASSED. Expected [200] and Actual [200]. Comparison Type [EQUALS]. Validation Type [POSITIVE]. @10-10-2021 01:57:26.0080 AM
[ReportManager] API Action [PerformRequest] successfully performed. With the following test data [Request Type: "GET" | Target Status Code: "200" | Service URL: "https://jsonplaceholder.typicode.com/users" | Content Type: "*/*" | Response Time: "53ms"]. @10-10-2021 01:57:26.0098 AM
[ReportManager] Successfully created attachment [API Request - Specifications] @10-10-2021 01:57:26.0098 AM
[ReportManager] Successfully created attachment [API Response - JSON Body] @10-10-2021 01:57:26.0098 AM
[ReportManager] API Action [GetResponseJSONValueAsList] successfully performed. With the following test data [$]. @10-10-2021 01:57:26.0104 AM
[ReportManager] API Action [GetResponseJSONValue] successfully performed. With the following test data [name]. @10-10-2021 01:57:26.0119 AM
[ReportManager] API Action [GetResponseJSONValue] successfully performed. With the following test data [email]. @10-10-2021 01:57:26.0135 AM
[ReportManager] Verification [ValidateEquals] PASSED. Expected [Sincere@april.biz] and Actual [Sincere@april.biz]. Comparison Type [EQUALS]. Validation Type [POSITIVE]. @10-10-2021 01:57:26.0136 AM
[ReportManager] API Action [GetResponseJSONValue] successfully performed. With the following test data [username]. @10-10-2021 01:57:26.0150 AM
[ReportManager] Assertion [ValidateEquals] PASSED. Expected [Bret] and Actual [Bret]. Comparison Type [EQUALS]. Validation Type [POSITIVE]. @10-10-2021 01:57:26.0150 AM
[ReportManager] API Action [GetResponseJSONValue] successfully performed. With the following test data [name]. @10-10-2021 01:57:26.0165 AM
[ReportManager] API Action [GetResponseJSONValue] successfully performed. With the following test data [name]. @10-10-2021 01:57:26.0173 AM
[ReportManager] API Action [GetResponseJSONValue] successfully performed. With the following test data [name]. @10-10-2021 01:57:26.0184 AM
[ReportManager] API Action [GetResponseJSONValue] successfully performed. With the following test data [name]. @10-10-2021 01:57:26.0199 AM
[ReportManager] API Action [GetResponseJSONValue] successfully performed. With the following test data [name]. @10-10-2021 01:57:26.0212 AM
[ReportManager] API Action [GetResponseJSONValue] successfully performed. With the following test data [name]. @10-10-2021 01:57:26.0256 AM
[ReportManager] API Action [GetResponseJSONValue] successfully performed. With the following test data [name]. @10-10-2021 01:57:26.0264 AM
[ReportManager] API Action [GetResponseJSONValue] successfully performed. With the following test data [name]. @10-10-2021 01:57:26.0271 AM
[ReportManager] API Action [GetResponseJSONValue] successfully performed. With the following test data [name]. @10-10-2021 01:57:26.0278 A
[ReportManager] File Action [GetAbsolutePath] successfully performed. With the following test data [Relative Folder Path: "target/downloadedFiles/"]. @10-10-2021 01:57:26.0280 AM
[ReportManager] Attempting to run remotely on: [Linux-64], [GoogleChrome], [http://localhost:4444/wd/hub], Headless Execution. @10-10-2021 01:57:26.0280 AM
[ReportManager] Successfully Opened [GoogleChrome]. @10-10-2021 01:57:26.0471 A

################################################################################################################################################
Starting Execution:	[123 out of 144] test cases in the current suite
Test Method:		[testPackage01.Test_IsElementClickable.testIsElementClickable]
################################################################################################################################################
[ReportManager] Target URL: [https://the-internet.herokuapp.com/] @10-10-2021 01:57:26.0483 AM
[ReportManager] Initial URL: [data:,] @10-10-2021 01:57:26.0522 AM
[ReportManager] Browser Action [NavigateToURL] successfully performed. With the following test data [https://the-internet.herokuapp.com/]. @10-10-2021 01:57:26.0858 AM
[ReportManager] Element Action [IsElementClickable] successfully performed. @10-10-2021 01:57:26.0980 AM
[ReportManager] Assertion [ValidateTrue] PASSED. Expected [TRUE] and Actual [TRUE]. Validation Type [POSITIVE]. @10-10-2021 01:57:26.0980 A
[ReportManager] Browser Action [CloseCurrentWindow] successfully performed. @10-10-2021 01:57:27.0071 AM
[ReportManager] Successfully created attachment [Browser Action Test Data - CloseCurrentWindow - Actual Value] @10-10-2021 01:57:27.0072 A

################################################################################################################################################
Starting Execution:	[124 out of 144] test cases in the current suite
Test Method:		[testPackage01.Test_JsonCompareWithSpecialCharacters.specialCharacters]
################################################################################################################################################
[ReportManager] File Action [GetAbsolutePath] successfully performed. With the following test data [Relative Folder Path: "src/test/resources/TestJsonFiles/specialCharacters.json"]. @10-10-2021 01:57:27.0079 AM
[ReportManager] File Action [ReadFromFile] successfully performed. With the following test data [File Path: "/home/runner/work/SHAFT_ENGINE/SHAFT_ENGINE/src/test/resources/TestJsonFiles/specialCharacters.json"]. @10-10-2021 01:57:27.0088 AM
[ReportManager] Successfully created attachment [File Action Actual Result - Command Log] @10-10-2021 01:57:27.0088 AM
[ReportManager] Comparing the provided API response with the file at this path "src/test/resources/TestJsonFiles/specialCharacters.json", comparison type "EQUALS" @10-10-2021 01:57:27.0089 AM
[ReportManager] API Action [CompareJSON] successfully performed. With the following test data [src/test/resources/TestJsonFiles/specialCharacters.json]. @10-10-2021 01:57:27.0101 AM
[ReportManager] File Action [GetAbsolutePath] successfully performed. With the following test data [Relative Folder Path: "src/test/resources/TestJsonFiles/specialCharacters.json"]. @10-10-2021 01:57:27.0102 AM
[ReportManager] File Action [ReadFromFile] successfully performed. With the following test data [File Path: "/home/runner/work/SHAFT_ENGINE/SHAFT_ENGINE/src/test/resources/TestJsonFiles/specialCharacters.json"]. @10-10-2021 01:57:27.0102 AM
[ReportManager] Verification [ValidateJSONFileContent] PASSED. Expected [Response data should match the JSON File in this path 'src/test/resources/TestJsonFiles/specialCharacters.json'] and Actual [TRUE]. Comparison Type [EQUALS]. Validation Type [POSITIVE]. @10-10-2021 01:57:27.0105 AM
[ReportManager] Successfully created attachment [Validation Test Data - Expected JSON Value] @10-10-2021 01:57:27.0106 AM
[ReportManager] Successfully created attachment [Validation Test Data - Actual JSON Value] @10-10-2021 01:57:27.0106 A

################################################################################################################################################
Starting Execution:	[125 out of 144] test cases in the current suite
Test Method:		[testPackage01.Test_JsonCompareWithSpecialCharacters.specialCharacters_assertion]
################################################################################################################################################
[ReportManager] File Action [GetAbsolutePath] successfully performed. With the following test data [Relative Folder Path: "src/test/resources/TestJsonFiles/specialCharacters.json"]. @10-10-2021 01:57:27.0120 AM
[ReportManager] File Action [ReadFromFile] successfully performed. With the following test data [File Path: "/home/runner/work/SHAFT_ENGINE/SHAFT_ENGINE/src/test/resources/TestJsonFiles/specialCharacters.json"]. @10-10-2021 01:57:27.0120 AM
[ReportManager] Successfully created attachment [File Action Actual Result - Command Log] @10-10-2021 01:57:27.0120 AM
[ReportManager] Comparing the provided API response with the file at this path "src/test/resources/TestJsonFiles/specialCharacters.json", comparison type "CONTAINS" @10-10-2021 01:57:27.0121 AM
[ReportManager] API Action [CompareJSON] successfully performed. With the following test data [src/test/resources/TestJsonFiles/specialCharacters.json]. @10-10-2021 01:57:27.0147 AM
[ReportManager] File Action [GetAbsolutePath] successfully performed. With the following test data [Relative Folder Path: "src/test/resources/TestJsonFiles/specialCharacters.json"]. @10-10-2021 01:57:27.0147 AM
[ReportManager] File Action [ReadFromFile] successfully performed. With the following test data [File Path: "/home/runner/work/SHAFT_ENGINE/SHAFT_ENGINE/src/test/resources/TestJsonFiles/specialCharacters.json"]. @10-10-2021 01:57:27.0148 AM
[ReportManager] Assertion Passed: trying out the log message @10-10-2021 01:57:27.0151 AM
[ReportManager] Successfully created attachment [Validation Test Data - Expected JSON Value] @10-10-2021 01:57:27.0151 AM
[ReportManager] Successfully created attachment [Validation Test Data - Actual JSON Value] @10-10-2021 01:57:27.0158 AM
[ReportManager] Assertion [ValidateJSONFileContent] PASSED. Expected [Response data should match the JSON File in this path 'src/test/resources/TestJsonFiles/specialCharacters.json'] and Actual [TRUE]. Comparison Type [CONTAINS]. Validation Type [POSITIVE]. @10-10-2021 01:57:27.0158 A
[ReportManager] File Action [GetAbsolutePath] successfully performed. With the following test data [Relative Folder Path: "target/downloadedFiles/"]. @10-10-2021 01:57:27.0161 AM
[ReportManager] Attempting to run remotely on: [Linux-64], [GoogleChrome], [http://localhost:4444/wd/hub], Headless Execution. @10-10-2021 01:57:27.0162 AM
[ReportManager] Successfully Opened [GoogleChrome]. @10-10-2021 01:57:27.0349 A

################################################################################################################################################
Starting Execution:	[126 out of 144] test cases in the current suite
Test Method:		[testPackage01.Test_assertEquals.test_assertElementAttribute]
################################################################################################################################################
[ReportManager] Target URL: [https://www.google.com/ncr], and after redirection: [https://www.google.com] @10-10-2021 01:57:27.0367 AM
[ReportManager] Initial URL: [data:,] @10-10-2021 01:57:27.0402 AM
[ReportManager] Browser Action [NavigateToURL] successfully performed. With the following test data [https://www.google.com/ncr]. @10-10-2021 01:57:28.0149 AM
[ReportManager] Element Action [Type] successfully performed. With the following test data [INC_004010050:Another SCHEDULER with the same name [Duplicate Job Name] already exists.]. @10-10-2021 01:57:28.0811 AM
[ReportManager] Element Action [GetText] successfully performed. With the following test data [INC_004010050:Another SCHEDULER with the same name [Duplicate Job Name] already exists.]. @10-10-2021 01:57:28.0898 AM
[ReportManager] Loaded Shared OpenCV @10-10-2021 01:57:29.0021 AM
[ReportManager] Assertion [ValidateElementAttribute] PASSED. Expected [Value Should be 'INC_004010050:Another SCHEDULER with the same name \[Duplicate Job Name\] already exists.' for the 'text' attribute, element locator 'By.name: q'] and Actual [INC_004010050:Another SCHEDULER with the same name [Duplicate Job Name] already exists.]. Comparison Type [MATCHES]. Validation Type [POSITIVE]. @10-10-2021 01:57:29.0098 AM
[ReportManager] Successfully created attachment [Screenshot - 1633831049021_test_assertElementAttribute_ValidateElementAttribute_passed] @10-10-2021 01:57:29.0099 A
[ReportManager] Browser Action [CloseCurrentWindow] successfully performed. @10-10-2021 01:57:29.0215 AM
[ReportManager] Successfully created attachment [Browser Action Test Data - CloseCurrentWindow - Actual Value] @10-10-2021 01:57:29.0217 A
[ReportManager] File Action [GetAbsolutePath] successfully performed. With the following test data [Relative Folder Path: "target/downloadedFiles/"]. @10-10-2021 01:57:29.0218 AM
[ReportManager] Attempting to run remotely on: [Linux-64], [GoogleChrome], [http://localhost:4444/wd/hub], Headless Execution. @10-10-2021 01:57:29.0218 AM
[ReportManager] Successfully Opened [GoogleChrome]. @10-10-2021 01:57:29.0429 A

################################################################################################################################################
Starting Execution:	[127 out of 144] test cases in the current suite
Test Method:		[testPackage01.Test_verifyEquals.test_assertElementAttribute]
################################################################################################################################################
[ReportManager] Target URL: [https://www.google.com/ncr], and after redirection: [https://www.google.com] @10-10-2021 01:57:29.0440 AM
[ReportManager] Initial URL: [data:,] @10-10-2021 01:57:29.0478 AM
[ReportManager] Browser Action [NavigateToURL] successfully performed. With the following test data [https://www.google.com/ncr]. @10-10-2021 01:57:30.0213 AM
[ReportManager] Element Action [Type] successfully performed. With the following test data [INC_004010050:Another SCHEDULER with the same name [Duplicate Job Name] already exists.]. @10-10-2021 01:57:30.0785 AM
[ReportManager] Element Action [GetText] successfully performed. With the following test data [INC_004010050:Another SCHEDULER with the same name [Duplicate Job Name] already exists.]. @10-10-2021 01:57:30.0858 AM
[ReportManager] Loaded Shared OpenCV @10-10-2021 01:57:30.0972 AM
[ReportManager] Verification [ValidateElementAttribute] PASSED. Expected [Value Should be 'INC_004010050:Another SCHEDULER with the same name \[Duplicate Job Name\] already exists.' for the 'text' attribute, element locator 'By.name: q'] and Actual [INC_004010050:Another SCHEDULER with the same name [Duplicate Job Name] already exists.]. Comparison Type [MATCHES]. Validation Type [POSITIVE]. @10-10-2021 01:57:31.0056 AM
[ReportManager] Successfully created attachment [Screenshot - 1633831050972_test_assertElementAttribute_ValidateElementAttribute_passed] @10-10-2021 01:57:31.0057 A
[ReportManager] Browser Action [CloseCurrentWindow] successfully performed. @10-10-2021 01:57:31.0179 AM
[ReportManager] Successfully created attachment [Browser Action Test Data - CloseCurrentWindow - Actual Value] @10-10-2021 01:57:31.0181 A

################################################################################################################################################
Starting Execution:	[128 out of 144] test cases in the current suite
Test Method:		[testPackage01.Test_JsonActions.f]
###############################################################################################################################################

################################################################################################################################################
Starting Execution:	[129 out of 144] test cases in the current suite
Test Method:		[testPackage01.Test_JsonActions.f2]
###############################################################################################################################################

################################################################################################################################################
Starting Execution:	[130 out of 144] test cases in the current suite
Test Method:		[testPackage01.Test_PDF.testPDF_Downloaded]
################################################################################################################################################
[ReportManager] File Action [DoesFileExist] successfully performed. With the following test data [File Path: "src/test/resources/TestDataFiles/sample.pdf"]. @10-10-2021 01:57:31.0206 AM
[ReportManager] File Action [GetAbsolutePath] successfully performed. With the following test data [Relative File Path: "src/test/resources/TestDataFiles/sample.pdf"]. @10-10-2021 01:57:31.0206 AM
[ReportManager] Assertion [ValidateTrue] PASSED. Expected [TRUE] and Actual [TRUE]. Validation Type [POSITIVE]. @10-10-2021 01:57:31.0589 A
[ReportManager] File Action [GetAbsolutePath] successfully performed. With the following test data [Relative Folder Path: "target/downloadedFiles/"]. @10-10-2021 01:57:31.0596 AM
[ReportManager] Attempting to run remotely on: [Linux-64], [GoogleChrome], [http://localhost:4444/wd/hub], Headless Execution. @10-10-2021 01:57:31.0596 AM
[ReportManager] Successfully Opened [GoogleChrome]. @10-10-2021 01:57:31.0817 A

################################################################################################################################################
Starting Execution:	[131 out of 144] test cases in the current suite
Test Method:		[testPackage01.Test_dragAndDrop.dragAndDropJquery]
################################################################################################################################################
[ReportManager] Target URL: [https://jqueryui.com/resources/demos/droppable/default.html] @10-10-2021 01:57:31.0841 AM
[ReportManager] Initial URL: [data:,] @10-10-2021 01:57:31.0876 AM
[ReportManager] Browser Action [NavigateToURL] successfully performed. With the following test data [https://jqueryui.com/resources/demos/droppable/default.html]. @10-10-2021 01:57:32.0243 AM
[ReportManager] Element Action [GetText] successfully performed. With the following test data [Drop here]. @10-10-2021 01:57:32.0315 AM
[ReportManager] Element Action [DragAndDrop] successfully performed. With the following test data [Start point: (8, 18), End point: (8, 18)]. @10-10-2021 01:57:33.0612 AM
[ReportManager] Element Action [GetText] successfully performed. With the following test data [Dropped!]. @10-10-2021 01:57:33.0674 AM
[ReportManager] Assertion Passed: Checking to see if the text has changed after performing drag and drop @10-10-2021 01:57:33.0674 AM
[ReportManager] Assertion [ValidateEquals] PASSED. Expected [Drop here] and Actual [Dropped!]. Comparison Type [EQUALS]. Validation Type [NEGATIVE]. @10-10-2021 01:57:33.0675 A
[ReportManager] Browser Action [CloseCurrentWindow] successfully performed. @10-10-2021 01:57:33.0769 AM
[ReportManager] Successfully created attachment [Browser Action Test Data - CloseCurrentWindow - Actual Value] @10-10-2021 01:57:33.0769 A
[ReportManager] File Action [GetAbsolutePath] successfully performed. With the following test data [Relative Folder Path: "target/downloadedFiles/"]. @10-10-2021 01:57:33.0771 AM
[ReportManager] Attempting to run remotely on: [Linux-64], [GoogleChrome], [http://localhost:4444/wd/hub], Headless Execution. @10-10-2021 01:57:33.0772 AM
[ReportManager] Successfully Opened [GoogleChrome]. @10-10-2021 01:57:33.0945 A

################################################################################################################################################
Starting Execution:	[132 out of 144] test cases in the current suite
Test Method:		[testPackage01.Test_dragAndDrop.dragAndDrop]
Test Description:	[TC001 - Test Drag and Drop function.]
################################################################################################################################################
[ReportManager] Target URL: [http://the-internet.herokuapp.com/drag_and_drop] @10-10-2021 01:57:33.0961 AM
[ReportManager] Initial URL: [data:,] @10-10-2021 01:57:33.0997 AM
[ReportManager] Browser Action [NavigateToURL] successfully performed. With the following test data [http://the-internet.herokuapp.com/drag_and_drop]. @10-10-2021 01:57:34.0306 AM
[ReportManager] Attempting Drag and Drop @10-10-2021 01:57:34.0306 AM
[ReportManager] Element Action [DragAndDrop] successfully performed. With the following test data [Start point: (32, 90), End point: (247, 90)]. @10-10-2021 01:57:35.0473 A
[ReportManager] Browser Action [CloseCurrentWindow] successfully performed. @10-10-2021 01:57:35.0568 AM
[ReportManager] Successfully created attachment [Browser Action Test Data - CloseCurrentWindow - Actual Value] @10-10-2021 01:57:35.0569 A
[ReportManager] File Action [GetAbsolutePath] successfully performed. With the following test data [Relative Folder Path: "target/downloadedFiles/"]. @10-10-2021 01:57:35.0571 AM
[ReportManager] Attempting to run remotely on: [Linux-64], [GoogleChrome], [http://localhost:4444/wd/hub], Headless Execution. @10-10-2021 01:57:35.0571 AM
[ReportManager] Successfully Opened [GoogleChrome]. @10-10-2021 01:57:35.0777 A

################################################################################################################################################
Starting Execution:	[133 out of 144] test cases in the current suite
Test Method:		[testPackage01.Test_dragAndDrop.dragAndDropByOffset]
Test Description:	[TC002 - Test Drag and Drop by offset function.]
################################################################################################################################################
[ReportManager] Target URL: [https://jqueryui.com/resources/demos/draggable/default.html] @10-10-2021 01:57:35.0789 AM
[ReportManager] Initial URL: [data:,] @10-10-2021 01:57:35.0824 AM
[ReportManager] Browser Action [NavigateToURL] successfully performed. With the following test data [https://jqueryui.com/resources/demos/draggable/default.html]. @10-10-2021 01:57:36.0120 AM
[ReportManager] Element Action [DragAndDropByOffset] successfully performed. With the following test data [Start point: (8, 8), End point: (108, 58)]. @10-10-2021 01:57:36.0271 A
[ReportManager] Browser Action [CloseCurrentWindow] successfully performed. @10-10-2021 01:57:36.0359 AM
[ReportManager] Successfully created attachment [Browser Action Test Data - CloseCurrentWindow - Actual Value] @10-10-2021 01:57:36.0359 A
[ReportManager] File Action [GetAbsolutePath] successfully performed. With the following test data [Relative Folder Path: "target/downloadedFiles/"]. @10-10-2021 01:57:36.0361 AM
[ReportManager] Attempting to run remotely on: [Linux-64], [GoogleChrome], [http://localhost:4444/wd/hub], Headless Execution. @10-10-2021 01:57:36.0362 AM
[ReportManager] Successfully Opened [GoogleChrome]. @10-10-2021 01:57:36.0547 A

################################################################################################################################################
Starting Execution:	[134 out of 144] test cases in the current suite
Test Method:		[testPackage01.Test_clipboardActions.typeTextAndCopyPaste]
################################################################################################################################################
[ReportManager] Target URL: [https://www.google.com/ncr], and after redirection: [https://www.google.com] @10-10-2021 01:57:36.0561 AM
[ReportManager] Initial URL: [data:,] @10-10-2021 01:57:36.0597 AM
[ReportManager] Browser Action [NavigateToURL] successfully performed. With the following test data [https://www.google.com/ncr]. @10-10-2021 01:57:37.0336 AM
[ReportManager] Element Action [Type] successfully performed. With the following test data [FIRST]. @10-10-2021 01:57:37.0657 AM
[ReportManager] Element Action [ClipboardActions] successfully performed. With the following test data [select all]. @10-10-2021 01:57:37.0706 AM
[ReportManager] Element Action [ClipboardActions] successfully performed. With the following test data [copy]. @10-10-2021 01:57:37.0750 AM
[ReportManager] Element Action [ClipboardActions] successfully performed. With the following test data [unselect]. @10-10-2021 01:57:37.0797 AM
[ReportManager] Element Action [ClipboardActions] successfully performed. With the following test data [paste]. @10-10-2021 01:57:37.0844 AM
[ReportManager] Element Action [ClipboardActions] successfully performed. With the following test data [select all]. @10-10-2021 01:57:37.0886 AM
[ReportManager] Element Action [Type] successfully performed. @10-10-2021 01:57:38.0069 AM
[ReportManager] Element Action [ClipboardActions] successfully performed. With the following test data [cut]. @10-10-2021 01:57:38.0069 AM
[ReportManager] Element Action [ClipboardActions] successfully performed. With the following test data [paste]. @10-10-2021 01:57:38.0129 AM
[ReportManager] Element Action [ClipboardActions] successfully performed. With the following test data [paste]. @10-10-2021 01:57:38.0186 A
[ReportManager] Browser Action [CloseCurrentWindow] successfully performed. @10-10-2021 01:57:38.0316 AM
[ReportManager] Successfully created attachment [Browser Action Test Data - CloseCurrentWindow - Actual Value] @10-10-2021 01:57:38.0317 A
[ReportManager] File Action [GetAbsolutePath] successfully performed. With the following test data [Relative Folder Path: "target/downloadedFiles/"]. @10-10-2021 01:57:38.0319 AM
[ReportManager] Attempting to run remotely on: [Linux-64], [GoogleChrome], [http://localhost:4444/wd/hub], Headless Execution. @10-10-2021 01:57:38.0319 AM
[ReportManager] Successfully Opened [GoogleChrome]. @10-10-2021 01:57:38.0503 A

################################################################################################################################################
Starting Execution:	[135 out of 144] test cases in the current suite
Test Method:		[testPackage01.Test_dynamicLoading.dynamicLoading_elementIsHidden]
################################################################################################################################################
[ReportManager] Target URL: [https://the-internet.herokuapp.com/dynamic_loading/1] @10-10-2021 01:57:38.0515 AM
[ReportManager] Initial URL: [data:,] @10-10-2021 01:57:38.0552 AM
[ReportManager] Browser Action [NavigateToURL] successfully performed. With the following test data [https://the-internet.herokuapp.com/dynamic_loading/1]. @10-10-2021 01:57:38.0875 AM
[ReportManager] Element Action [Click] successfully performed. With the following test data [Start]. @10-10-2021 01:57:39.0150 AM
[ReportManager] Element Action [GetText] successfully performed. With the following test data [
    Hello World!
  ]. @10-10-2021 01:57:39.0249 AM
[ReportManager] Loaded Shared OpenCV @10-10-2021 01:57:39.0390 AM
[ReportManager] Assertion [ValidateElementAttribute] PASSED. Expected [Value Should be 'Hello World!' for the 'text' attribute, element locator 'By.id: finish'] and Actual [
    Hello World!
  ]. Comparison Type [CONTAINS]. Validation Type [POSITIVE]. @10-10-2021 01:57:39.0483 AM
[ReportManager] Successfully created attachment [Screenshot - 1633831059390_dynamicLoading_elementIsHidden_ValidateElementAttribute_passed] @10-10-2021 01:57:39.0484 A
[ReportManager] Browser Action [CloseCurrentWindow] successfully performed. @10-10-2021 01:57:39.0571 AM
[ReportManager] Successfully created attachment [Browser Action Test Data - CloseCurrentWindow - Actual Value] @10-10-2021 01:57:39.0572 A
[ReportManager] File Action [GetAbsolutePath] successfully performed. With the following test data [Relative Folder Path: "target/downloadedFiles/"]. @10-10-2021 01:57:39.0573 AM
[ReportManager] Attempting to run remotely on: [Linux-64], [GoogleChrome], [http://localhost:4444/wd/hub], Headless Execution. @10-10-2021 01:57:39.0573 AM
[ReportManager] Successfully Opened [GoogleChrome]. @10-10-2021 01:57:39.0750 A

################################################################################################################################################
Starting Execution:	[136 out of 144] test cases in the current suite
Test Method:		[testPackage01.Test_dynamicLoading.dynamicLoading_elementIsRendered]
################################################################################################################################################
[ReportManager] Target URL: [https://the-internet.herokuapp.com/dynamic_loading/2] @10-10-2021 01:57:39.0782 AM
[ReportManager] Initial URL: [data:,] @10-10-2021 01:57:39.0825 AM
[ReportManager] Browser Action [NavigateToURL] successfully performed. With the following test data [https://the-internet.herokuapp.com/dynamic_loading/2]. @10-10-2021 01:57:40.0153 AM
[ReportManager] Element Action [Click] successfully performed. With the following test data [Start]. @10-10-2021 01:57:40.0449 AM
[ReportManager] Element Action [GetText] successfully performed. With the following test data [Hello World!]. @10-10-2021 01:57:45.0606 AM
[ReportManager] Loaded Shared OpenCV @10-10-2021 01:57:45.0718 AM
[ReportManager] Assertion [ValidateElementAttribute] PASSED. Expected [Value Should be 'Hello World!' for the 'text' attribute, element locator 'By.id: finish'] and Actual [Hello World!]. Comparison Type [CONTAINS]. Validation Type [POSITIVE]. @10-10-2021 01:57:45.0813 AM
[ReportManager] Successfully created attachment [Screenshot - 1633831065718_dynamicLoading_elementIsRendered_ValidateElementAttribute_passed] @10-10-2021 01:57:45.0813 A
[ReportManager] Browser Action [CloseCurrentWindow] successfully performed. @10-10-2021 01:57:45.0900 AM
[ReportManager] Successfully created attachment [Browser Action Test Data - CloseCurrentWindow - Actual Value] @10-10-2021 01:57:45.0900 A
[ReportManager] File Action [GetAbsolutePath] successfully performed. With the following test data [Relative Folder Path: "target/downloadedFiles/"]. @10-10-2021 01:57:45.0904 AM
[ReportManager] Attempting to run remotely on: [Linux-64], [GoogleChrome], [http://localhost:4444/wd/hub], Headless Execution. @10-10-2021 01:57:45.0904 AM
[ReportManager] Successfully Opened [GoogleChrome]. @10-10-2021 01:57:46.0092 A

################################################################################################################################################
Starting Execution:	[137 out of 144] test cases in the current suite
Test Method:		[testPackage01.Test_uploadFile.uploadFile_invisibleUploadInput]
################################################################################################################################################
[ReportManager] Target URL: [https://fineuploader.com/demos.html#gallery-view] @10-10-2021 01:57:46.0106 AM
[ReportManager] Initial URL: [data:,] @10-10-2021 01:57:46.0143 AM
[ReportManager] Browser Action [NavigateToURL] successfully performed. With the following test data [https://fineuploader.com/demos.html#gallery-view]. @10-10-2021 01:57:47.0703 AM
[ReportManager] File Action [GetAbsolutePath] successfully performed. With the following test data [Relative File Path: "src/main/resources/images/shaft.png"]. @10-10-2021 01:57:47.0703 AM
[ReportManager] Successfully created attachment [File Action Actual Result - Command Log] @10-10-2021 01:57:47.0703 AM
[ReportManager] Element Action [TypeFileLocationForUpload] successfully performed. With the following test data [/home/runner/work/SHAFT_ENGINE/SHAFT_ENGINE/src/main/resources/images/shaft.png]. @10-10-2021 01:57:47.0881 AM
[ReportManager] Attempting to getAttribute [src] from elementLocator [By.xpath: //div[@id='fine-uploader-gallery']//div[@class='qq-thumbnail-wrapper']/img]. @10-10-2021 01:57:47.0881 AM
[ReportManager] Element Action [GetAttribute] successfully performed. @10-10-2021 01:57:47.0979 AM
[ReportManager] Successfully created attachment [Element Action Test Data - GetAttribute - Actual Value] @10-10-2021 01:57:47.0980 AM
[ReportManager] Loaded Shared OpenCV @10-10-2021 01:57:48.0111 AM
[ReportManager] Assertion [ValidateElementAttribute] PASSED. Expected and Actual values are attached. Comparison Type [CONTAINS]. Validation Type [POSITIVE]. @10-10-2021 01:57:48.0192 AM
[ReportManager] Successfully created attachment [Validation Test Data - Expected Value] @10-10-2021 01:57:48.0192 AM
[ReportManager] Successfully created attachment [Validation Test Data - Actual Value] @10-10-2021 01:57:48.0192 AM
[ReportManager] Successfully created attachment [Screenshot - 1633831068111_uploadFile_invisibleUploadInput_ValidateElementAttribute_passed] @10-10-2021 01:57:48.0193 A
[ReportManager] Browser Action [CloseCurrentWindow] successfully performed. @10-10-2021 01:57:48.0318 AM
[ReportManager] Successfully created attachment [Browser Action Test Data - CloseCurrentWindow - Actual Value] @10-10-2021 01:57:48.0319 A
[ReportManager] File Action [GetAbsolutePath] successfully performed. With the following test data [Relative Folder Path: "target/downloadedFiles/"]. @10-10-2021 01:57:48.0322 AM
[ReportManager] Attempting to run remotely on: [Linux-64], [GoogleChrome], [http://localhost:4444/wd/hub], Headless Execution. @10-10-2021 01:57:48.0322 AM
[ReportManager] Successfully Opened [GoogleChrome]. @10-10-2021 01:57:48.0507 A

################################################################################################################################################
Starting Execution:	[138 out of 144] test cases in the current suite
Test Method:		[testPackage01.Test_uploadFile.uploadFile_visibleUploadInput]
################################################################################################################################################
[ReportManager] Target URL: [http://demo.guru99.com/test/upload/] @10-10-2021 01:57:48.0525 AM
[ReportManager] Initial URL: [data:,] @10-10-2021 01:57:48.0560 AM
[ReportManager] Browser Action [NavigateToURL] successfully performed. With the following test data [http://demo.guru99.com/test/upload/]. @10-10-2021 01:57:49.0646 AM
[ReportManager] File Action [GetAbsolutePath] successfully performed. With the following test data [Relative File Path: "src/main/resources/images/shaft.png"]. @10-10-2021 01:57:49.0646 AM
[ReportManager] Successfully created attachment [File Action Actual Result - Command Log] @10-10-2021 01:57:49.0646 AM
[ReportManager] Element Action [TypeFileLocationForUpload] successfully performed. With the following test data [/home/runner/work/SHAFT_ENGINE/SHAFT_ENGINE/src/main/resources/images/shaft.png]. @10-10-2021 01:57:49.0792 AM
[ReportManager] Element Action [Click] successfully performed. With the following test data [on]. @10-10-2021 01:57:50.0069 AM
[ReportManager] Element Action [Click] successfully performed. With the following test data [Submit File]. @10-10-2021 01:57:50.0341 AM
[ReportManager] Element Action [GetText] successfully performed. With the following test data [1 file
has been successfully uploaded.]. @10-10-2021 01:57:50.0958 AM
[ReportManager] Loaded Shared OpenCV @10-10-2021 01:57:51.0073 AM
[ReportManager] Assertion [ValidateElementAttribute] PASSED. Expected [Value Should be '1 file' for the 'Text' attribute, element locator 'By.id: res'] and Actual [1 file
has been successfully uploaded.]. Comparison Type [CONTAINS]. Validation Type [POSITIVE]. @10-10-2021 01:57:51.0149 AM
[ReportManager] Successfully created attachment [Screenshot - 1633831071072_uploadFile_visibleUploadInput_ValidateElementAttribute_passed] @10-10-2021 01:57:51.0150 A
[ReportManager] Browser Action [CloseCurrentWindow] successfully performed. @10-10-2021 01:57:51.0250 AM
[ReportManager] Successfully created attachment [Browser Action Test Data - CloseCurrentWindow - Actual Value] @10-10-2021 01:57:51.0251 A

################################################################################################################################################
Starting Execution:	[139 out of 144] test cases in the current suite
Test Method:		[testPackage01.Test_SelectedValue.multipleSelect]
################################################################################################################################################
[ReportManager] File Action [GetAbsolutePath] successfully performed. With the following test data [Relative Folder Path: "target/downloadedFiles/"]. @10-10-2021 01:57:51.0254 AM
[ReportManager] Attempting to run remotely on: [Linux-64], [GoogleChrome], [http://localhost:4444/wd/hub], Headless Execution. @10-10-2021 01:57:51.0258 AM
[ReportManager] Successfully Opened [GoogleChrome]. @10-10-2021 01:57:51.0455 AM
[ReportManager] Target URL: [https://yari-demos.prod.mdn.mozit.cloud/en-US/docs/Web/HTML/Element/select/_sample_.Advanced_select_with_multiple_features.html] @10-10-2021 01:57:51.0466 AM
[ReportManager] Initial URL: [data:,] @10-10-2021 01:57:51.0499 AM
[ReportManager] Browser Action [NavigateToURL] successfully performed. With the following test data [https://yari-demos.prod.mdn.mozit.cloud/en-US/docs/Web/HTML/Element/select/_sample_.Advanced_select_with_multiple_features.html]. @10-10-2021 01:57:51.0954 AM
[ReportManager] Element Action [Select] successfully performed. With the following test data [Dog]. @10-10-2021 01:57:52.0168 AM
[ReportManager] Element Action [Select] successfully performed. With the following test data [Cat]. @10-10-2021 01:57:52.0362 AM
[ReportManager] Element Action [GetSelectedText] successfully performed. With the following test data [DogCat]. @10-10-2021 01:57:52.0485 AM
[ReportManager] DogCat @10-10-2021 01:57:52.0486 AM
[ReportManager] Element Action [GetSelectedText] successfully performed. With the following test data [DogCat]. @10-10-2021 01:57:52.0590 AM
[ReportManager] Loaded Shared OpenCV @10-10-2021 01:57:52.0694 AM
[ReportManager] Assertion [ValidateElementAttribute] PASSED. Expected [Value Should be 'DogCat' for the 'selectedText' attribute, element locator 'By.tagName: select'] and Actual [DogCat]. Comparison Type [EQUALS]. Validation Type [POSITIVE]. @10-10-2021 01:57:52.0777 AM
[ReportManager] Successfully created attachment [Screenshot - 1633831072694_multipleSelect_ValidateElementAttribute_passed] @10-10-2021 01:57:52.0778 AM
[ReportManager] Browser Action [CloseCurrentWindow] successfully performed. @10-10-2021 01:57:52.0859 AM
[ReportManager] Successfully created attachment [Browser Action Test Data - CloseCurrentWindow - Actual Value] @10-10-2021 01:57:52.0859 A

################################################################################################################################################
Starting Execution:	[140 out of 144] test cases in the current suite
Test Method:		[testPackage01.Test_SelectedValue.simpleSelect]
################################################################################################################################################
[ReportManager] File Action [GetAbsolutePath] successfully performed. With the following test data [Relative Folder Path: "target/downloadedFiles/"]. @10-10-2021 01:57:52.0867 AM
[ReportManager] Attempting to run remotely on: [Linux-64], [GoogleChrome], [http://localhost:4444/wd/hub], Headless Execution. @10-10-2021 01:57:52.0868 AM
[ReportManager] Successfully Opened [GoogleChrome]. @10-10-2021 01:57:53.0044 AM
[ReportManager] Target URL: [https://yari-demos.prod.mdn.mozit.cloud/en-US/docs/Web/HTML/Element/select/_sample_.Basic_select.html] @10-10-2021 01:57:53.0054 AM
[ReportManager] Initial URL: [data:,] @10-10-2021 01:57:53.0090 AM
[ReportManager] Browser Action [NavigateToURL] successfully performed. With the following test data [https://yari-demos.prod.mdn.mozit.cloud/en-US/docs/Web/HTML/Element/select/_sample_.Basic_select.html]. @10-10-2021 01:57:53.0316 AM
[ReportManager] Element Action [Select] successfully performed. With the following test data [Third Value]. @10-10-2021 01:57:53.0557 AM
[ReportManager] Element Action [GetSelectedText] successfully performed. With the following test data [Third Value]. @10-10-2021 01:57:53.0646 AM
[ReportManager] Third Value @10-10-2021 01:57:53.0646 AM
[ReportManager] Element Action [GetSelectedText] successfully performed. With the following test data [Third Value]. @10-10-2021 01:57:53.0726 AM
[ReportManager] Loaded Shared OpenCV @10-10-2021 01:57:53.0823 AM
[ReportManager] Assertion [ValidateElementAttribute] PASSED. Expected [Value Should be 'Third Value' for the 'selectedText' attribute, element locator 'By.tagName: select'] and Actual [Third Value]. Comparison Type [EQUALS]. Validation Type [POSITIVE]. @10-10-2021 01:57:53.0886 AM
[ReportManager] Successfully created attachment [Screenshot - 1633831073823_simpleSelect_ValidateElementAttribute_passed] @10-10-2021 01:57:53.0886 AM
[ReportManager] Browser Action [CloseCurrentWindow] successfully performed. @10-10-2021 01:57:53.0971 AM
[ReportManager] Successfully created attachment [Browser Action Test Data - CloseCurrentWindow - Actual Value] @10-10-2021 01:57:53.0972 A

################################################################################################################################################
Starting Execution:	[141 out of 144] test cases in the current suite
Test Method:		[testPackage01.Test_JSONFileManager.readStringFromJson]
################################################################################################################################################
[ReportManager] Successfully loaded the following test data file [src/test/resources/TestDataFiles/simpleJSON.json]. @10-10-2021 01:57:53.0981 AM
[ReportManager] Successfully created attachment [Test Data - JSON] @10-10-2021 01:57:53.0982 AM
[ReportManager] Assertion [ValidateEquals] PASSED. Expected [Mohab Mohie] and Actual [Mohab Mohie]. Comparison Type [EQUALS]. Validation Type [POSITIVE]. @10-10-2021 01:57:53.0993 A
[ReportManager] Successfully loaded the following test data file [src/test/resources/TestDataFiles/testSuite01/TestData.xlsx]. @10-10-2021 01:57:54.0033 AM
[ReportManager] Successfully created attachment [Test Data - Excel] @10-10-2021 01:57:54.0033 AM
[ReportManager] Attempting to run using Playwright locally on: [Linux-64], [GoogleChrome], Headless Execution. @10-10-2021 01:58:07.0978 AM
[ReportManager] File Action [GetAbsolutePath] successfully performed. With the following test data [Relative Folder Path: "target/downloadedFiles/"]. @10-10-2021 01:58:07.0979 AM
[ReportManager] Initial window size: (1280, 720) @10-10-2021 01:58:08.0318 AM
[ReportManager] Window size after Toolkit: com.microsoft.playwright.options.ViewportSize@525f2260 @10-10-2021 01:58:08.0327 AM
[ReportManager] Browser Action [MaximizeWindow] successfully performed. With the following test data [New screen size is now: (1920, 1080)]. @10-10-2021 01:58:08.0329 A

################################################################################################################################################
Starting Execution:	[142 out of 144] test cases in the current suite
Test Method:		[testPackage01.Test_google_playwright.navigateToURLandVerifyGoogleLogoIsDisplayed]
Test Description:	[TC001 - Navigate to URL and Verify Google Logo is Displayed]
################################################################################################################################################
[ReportManager] Target URL: [https://www.google.com/ncr], and after redirection: [https://www.google.com] @10-10-2021 01:58:08.0335 AM
[ReportManager] Initial URL: [about:blank] @10-10-2021 01:58:08.0800 AM
[ReportManager] Browser Action [NavigateToURL] successfully performed. With the following test data [https://www.google.com/ncr]. @10-10-2021 01:58:10.0952 AM
[ReportManager] Loaded Shared OpenCV @10-10-2021 01:58:11.0159 AM
[ReportManager] Assertion [ValidateElementExists] PASSED. Expected [Element Should Exist, locator 'xpath=//*[@id='hplogo' or @alt='Google']'] and Actual [Element Exists]. Comparison Type [EQUALS]. Validation Type [POSITIVE]. @10-10-2021 01:58:11.0385 AM
[ReportManager] Successfully created attachment [Screenshot - 1633831091155_navigateToURLandVerifyGoogleLogoIsDisplayed_ValidateElementExists_passed] @10-10-2021 01:58:11.0385 A

################################################################################################################################################
Starting Execution:	[143 out of 144] test cases in the current suite
Test Method:		[testPackage01.Test_google_playwright.searchForQueryandAssertResultsNumDisplayed]
Test Description:	[TC002 - Search for Query and Assert that the number of results is displayed]
################################################################################################################################################
[ReportManager] Element Action [Type] successfully performed. With the following test data [SHAFT_Engine]. @10-10-2021 01:58:11.0604 AM
[ReportManager] Element Action [KeyPress] successfully performed. With the following test data [Enter]. @10-10-2021 01:58:11.0632 AM
[ReportManager] Element Action [GetText] successfully performed. With the following test data [About 1,210,000 results (0.68 seconds)]. @10-10-2021 01:58:12.0562 AM
[ReportManager] Loaded Shared OpenCV @10-10-2021 01:58:14.0716 AM
[ReportManager] Assertion [ValidateElementAttribute] PASSED. Expected [Value Should not be '' for the 'text' attribute, element locator 'xpath=//div[@id='appbar']'] and Actual [About 1,210,000 results (0.68 seconds)]. Comparison Type [EQUALS]. Validation Type [NEGATIVE]. @10-10-2021 01:58:14.0974 AM
[ReportManager] Successfully created attachment [Screenshot - 1633831094714_searchForQueryandAssertResultsNumDisplayed_ValidateElementAttribute_passed] @10-10-2021 01:58:14.0976 A

################################################################################################################################################
Starting Execution:	[144 out of 144] test cases in the current suite
Test Method:		[testPackage01.Test_google_playwright.clickNextThrice]
Test Description:	[TC003 - Clicks the next button to make sure that the framework can scroll element into view before clicking it]
################################################################################################################################################
[ReportManager] Element Action [Click] successfully performed. With the following test data [Next]. @10-10-2021 01:58:15.0252 A
[ReportManager] Failed to find video recording. @10-10-2021 01:58:15.0253 AM
[ReportManager] Successfully Closed PlayWright Driver. @10-10-2021 01:58:15.0308 A

################################################################################################################################################
Test Closure Activities
################################################################################################################################################
[ReportManager] Successfully created attachment [SHAFT Engine Logs - Execution log] @10-10-2021 01:58:15.0326 AM

################################################################################################################################################
This test run was powered by SHAFT Engine Version: [SHAFT Engine v5.3.20210902]
SHAFT Engine is licensed under the MIT License: [https://github.com/MohabMohie/SHAFT_ENGINE/blob/master/LICENSE].
################################################################################################################################################