################################################################################################################################################
Detected SHAFT Engine Version: [SHAFT Engine v5.4.20211025-BETA]
################################################################################################################################################
[ReportManager] File Action [GetAbsolutePath] successfully performed. With the following test data [Relative Folder Path: "target/downloadedFiles/"]. @27-10-2021 06:45:45.0266 AM
[ReportManager] Attempting to run locally on: [Mac-64], [Safari], Headless Execution. @27-10-2021 06:45:45.0291 AM
[ReportManager] Successfully Opened Safari. @27-10-2021 06:45:50.0535 AM
[ReportManager] Initial window size: (800, 600) @27-10-2021 06:45:50.0555 AM
[ReportManager] Window size after SWD Maximize: (1176, 810) @27-10-2021 06:45:50.0583 AM
[ReportManager] Browser Action [MaximizeWindow] successfully performed. With the following test data [New screen size is now: (1176, 810)]. @27-10-2021 06:45:50.0589 A

################################################################################################################################################
Starting Execution:	[1 out of 143] test cases in the current suite
Test Method:		[unitTests.tests_element_elementActions.waitForElementToBePresent_false_expectedToFail]
################################################################################################################################################
[ReportManager] Target URL: [https://www.google.com/ncr], and after redirection: [www.google.com] @27-10-2021 06:45:50.0753 AM
[ReportManager] Initial URL: [] @27-10-2021 06:45:50.0825 AM
[ReportManager] Browser Action [NavigateToURL] successfully performed. With the following test data [https://www.google.com/ncr]. @27-10-2021 06:45:52.0340 AM
[ReportManager] Waiting for element to be present; elementLocator [By.xpath: //*[@id='hplogo' or @alt='Google']], numberOfTries[1], stateOfPresence[false]... @27-10-2021 06:45:52.0350 AM
[ReportManager] Element Action [WaitForElementToBePresent] failed. With the following test data [waited for the element's state of presence to be (false). Element locator (By.xpath: //*[@id='hplogo' or @alt='Google'])]. @27-10-2021 06:45:54.0721 AM
[ReportManager] Successfully created attachment [Screenshot - 1635317152441_waitForElementToBePresent_false_expectedToFail_WaitForElementToBePresent_failed] @27-10-2021 06:45:54.0733 A
[ReportManager] Browser Action [CloseCurrentWindow] successfully performed. @27-10-2021 06:45:54.0891 AM
[ReportManager] Successfully created attachment [Browser Action Test Data - CloseCurrentWindow - Actual Value] @27-10-2021 06:45:54.0892 A
[ReportManager] File Action [GetAbsolutePath] successfully performed. With the following test data [Relative Folder Path: "target/downloadedFiles/"]. @27-10-2021 06:45:54.0909 AM
[ReportManager] Attempting to run locally on: [Mac-64], [Safari], Headless Execution. @27-10-2021 06:45:54.0909 AM
[ReportManager] Successfully Opened Safari. @27-10-2021 06:45:55.0900 AM
[ReportManager] Initial window size: (800, 600) @27-10-2021 06:45:55.0920 AM
[ReportManager] Window size after SWD Maximize: (1176, 811) @27-10-2021 06:45:55.0940 AM
[ReportManager] Browser Action [MaximizeWindow] successfully performed. With the following test data [New screen size is now: (1176, 811)]. @27-10-2021 06:45:55.0950 A

################################################################################################################################################
Starting Execution:	[2 out of 143] test cases in the current suite
Test Method:		[unitTests.tests_element_elementActions.waitForElementToBePresent_false_expectedToPass]
################################################################################################################################################
[ReportManager] Target URL: [https://www.google.com/ncr], and after redirection: [www.google.com] @27-10-2021 06:45:55.0958 AM
[ReportManager] Initial URL: [] @27-10-2021 06:45:56.0003 AM
[ReportManager] Browser Action [NavigateToURL] successfully performed. With the following test data [https://www.google.com/ncr]. @27-10-2021 06:45:57.0537 AM
[ReportManager] Waiting for element to be present; elementLocator [By.id: bla], numberOfTries[1], stateOfPresence[false]... @27-10-2021 06:45:57.0537 A
[ReportManager] Browser Action [CloseCurrentWindow] successfully performed. @27-10-2021 06:45:57.0840 AM
[ReportManager] Successfully created attachment [Browser Action Test Data - CloseCurrentWindow - Actual Value] @27-10-2021 06:45:57.0841 A
[ReportManager] File Action [GetAbsolutePath] successfully performed. With the following test data [Relative Folder Path: "target/downloadedFiles/"]. @27-10-2021 06:45:57.0848 AM
[ReportManager] Attempting to run locally on: [Mac-64], [Safari], Headless Execution. @27-10-2021 06:45:57.0848 AM
[ReportManager] Successfully Opened Safari. @27-10-2021 06:45:58.0738 AM
[ReportManager] Initial window size: (800, 600) @27-10-2021 06:45:58.0744 AM
[ReportManager] Window size after SWD Maximize: (1176, 811) @27-10-2021 06:45:58.0768 AM
[ReportManager] Browser Action [MaximizeWindow] successfully performed. With the following test data [New screen size is now: (1176, 811)]. @27-10-2021 06:45:58.0769 A

################################################################################################################################################
Starting Execution:	[3 out of 143] test cases in the current suite
Test Method:		[unitTests.tests_element_elementActions.waitForElementToBePresent_moreThanOneElement_expectedToFail]
################################################################################################################################################
[ReportManager] Target URL: [https://www.google.com/ncr], and after redirection: [www.google.com] @27-10-2021 06:45:58.0772 AM
[ReportManager] Initial URL: [] @27-10-2021 06:45:58.0861 AM
[ReportManager] Browser Action [NavigateToURL] successfully performed. With the following test data [https://www.google.com/ncr]. @27-10-2021 06:46:00.0161 AM
[ReportManager] Waiting for element to be present; elementLocator [By.xpath: //*], numberOfTries[1], stateOfPresence[false]... @27-10-2021 06:46:00.0161 AM
[ReportManager] Element Action [WaitForElementToBePresent] failed. With the following test data [waited for the element's state of presence to be (false). Element locator (By.xpath: //*)]. @27-10-2021 06:46:00.0406 AM
[ReportManager] Successfully created attachment [Screenshot - 1635317160232_waitForElementToBePresent_moreThanOneElement_expectedToFail_WaitForElementToBePresent_failed] @27-10-2021 06:46:00.0410 A
[ReportManager] Browser Action [CloseCurrentWindow] successfully performed. @27-10-2021 06:46:00.0519 AM
[ReportManager] Successfully created attachment [Browser Action Test Data - CloseCurrentWindow - Actual Value] @27-10-2021 06:46:00.0520 A
[ReportManager] File Action [GetAbsolutePath] successfully performed. With the following test data [Relative Folder Path: "target/downloadedFiles/"]. @27-10-2021 06:46:00.0528 AM
[ReportManager] Attempting to run locally on: [Mac-64], [Safari], Headless Execution. @27-10-2021 06:46:00.0529 AM
[ReportManager] Successfully Opened Safari. @27-10-2021 06:46:01.0415 AM
[ReportManager] Initial window size: (800, 600) @27-10-2021 06:46:01.0423 AM
[ReportManager] Window size after SWD Maximize: (1176, 811) @27-10-2021 06:46:01.0440 AM
[ReportManager] Browser Action [MaximizeWindow] successfully performed. With the following test data [New screen size is now: (1176, 811)]. @27-10-2021 06:46:01.0446 A

################################################################################################################################################
Starting Execution:	[4 out of 143] test cases in the current suite
Test Method:		[unitTests.tests_element_elementActions.waitForElementToBePresent_true_expectedToFail]
################################################################################################################################################
[ReportManager] Target URL: [https://www.google.com/ncr], and after redirection: [www.google.com] @27-10-2021 06:46:01.0460 AM
[ReportManager] Initial URL: [] @27-10-2021 06:46:01.0515 AM
[ReportManager] Browser Action [NavigateToURL] successfully performed. With the following test data [https://www.google.com/ncr]. @27-10-2021 06:46:02.0825 AM
[ReportManager] Waiting for element to be present; elementLocator [By.id: bla], numberOfTries[1], stateOfPresence[true]... @27-10-2021 06:46:02.0825 A
[ReportManager] Browser Action [CloseCurrentWindow] successfully performed. @27-10-2021 06:46:03.0006 AM
[ReportManager] Successfully created attachment [Browser Action Test Data - CloseCurrentWindow - Actual Value] @27-10-2021 06:46:03.0007 A
[ReportManager] File Action [GetAbsolutePath] successfully performed. With the following test data [Relative Folder Path: "target/downloadedFiles/"]. @27-10-2021 06:46:03.0011 AM
[ReportManager] Attempting to run locally on: [Mac-64], [Safari], Headless Execution. @27-10-2021 06:46:03.0011 AM
[ReportManager] Successfully Opened Safari. @27-10-2021 06:46:03.0940 AM
[ReportManager] Initial window size: (800, 600) @27-10-2021 06:46:03.0948 AM
[ReportManager] Window size after SWD Maximize: (1176, 811) @27-10-2021 06:46:03.0970 AM
[ReportManager] Browser Action [MaximizeWindow] successfully performed. With the following test data [New screen size is now: (1176, 811)]. @27-10-2021 06:46:03.0970 A

################################################################################################################################################
Starting Execution:	[5 out of 143] test cases in the current suite
Test Method:		[unitTests.tests_element_elementActions.waitForElementToBePresent_true_expectedToPass]
################################################################################################################################################
[ReportManager] Target URL: [https://www.google.com/ncr], and after redirection: [www.google.com] @27-10-2021 06:46:03.0973 AM
[ReportManager] Initial URL: [] @27-10-2021 06:46:04.0036 AM
[ReportManager] Browser Action [NavigateToURL] successfully performed. With the following test data [https://www.google.com/ncr]. @27-10-2021 06:46:05.0408 AM
[ReportManager] Waiting for element to be present; elementLocator [By.xpath: //*[@id='hplogo' or @alt='Google']], numberOfTries[1], stateOfPresence[true]... @27-10-2021 06:46:05.0408 AM
[ReportManager] Element Action [WaitForElementToBePresent] successfully performed. With the following test data [waited for the element's state of presence to be (true). Element locator (By.xpath: //*[@id='hplogo' or @alt='Google'])]. @27-10-2021 06:46:05.0432 AM
[ReportManager] File Action [DoesFileExist] successfully performed. With the following test data [File Path: "src/test/resources/DynamicObjectRepository/unitTests_tests_element_elementActions_waitForElementToBePresent_true_expectedToPass_By_xpath_id_hplogo_or_alt_Google.png"]. @27-10-2021 06:46:05.0448 AM
[ReportManager] File Action [DoesFileExist] successfully performed. With the following test data [File Path: "src/test/resources/DynamicObjectRepository/unitTests_tests_element_elementActions_waitForElementToBePresent_true_expectedToPass_By_xpath_id_hplogo_or_alt_Google.png"]. @27-10-2021 06:46:05.0517 AM
[ReportManager] Passing the test and saving a reference image @27-10-2021 06:46:05.0518 AM
[ReportManager] File Action [GetAbsolutePath] successfully performed. With the following test data [Relative File Path: "src/test/resources/DynamicObjectRepository/unitTests_tests_element_elementActions_waitForElementToBePresent_true_expectedToPass_By_xpath_id_hplogo_or_alt_Google.png"]. @27-10-2021 06:46:05.0518 AM
[ReportManager] File Action [WriteToFile] successfully performed. With the following test data [Target File Path: "/Users/runner/work/SHAFT_ENGINE/SHAFT_ENGINE/src/test/resources/DynamicObjectRepository/unitTests_tests_element_elementActions_waitForElementToBePresent_true_expectedToPass_By_xpath_id_hplogo_or_alt_Google.png"]. @27-10-2021 06:46:05.0520 AM
[ReportManager] Assertion Passed: Using Visual AI; OpenCV @27-10-2021 06:46:05.0522 AM
[ReportManager] Successfully created attachment [Validation Test Data - Actual Screenshot] @27-10-2021 06:46:05.0523 AM
[ReportManager] Assertion [ValidateElementMatches] PASSED. Expected [Element should match the reference screenshot] and Actual [TRUE]. Comparison Type [EXACT_OPENCV]. Validation Type [POSITIVE]. @27-10-2021 06:46:05.0523 A
[ReportManager] Browser Action [CloseCurrentWindow] successfully performed. @27-10-2021 06:46:05.0618 AM
[ReportManager] Successfully created attachment [Browser Action Test Data - CloseCurrentWindow - Actual Value] @27-10-2021 06:46:05.0619 A
[ReportManager] File Action [GetAbsolutePath] successfully performed. With the following test data [Relative Folder Path: "target/downloadedFiles/"]. @27-10-2021 06:46:05.0625 AM
[ReportManager] Attempting to run locally on: [Mac-64], [Safari], Headless Execution. @27-10-2021 06:46:05.0625 AM
[ReportManager] Successfully Opened Safari. @27-10-2021 06:46:06.0487 AM
[ReportManager] Initial window size: (800, 600) @27-10-2021 06:46:06.0493 AM
[ReportManager] Window size after SWD Maximize: (1176, 811) @27-10-2021 06:46:06.0510 AM
[ReportManager] Browser Action [MaximizeWindow] successfully performed. With the following test data [New screen size is now: (1176, 811)]. @27-10-2021 06:46:06.0511 AM
[ReportManager] Target URL: [https://duckduckgo.com] @27-10-2021 06:46:06.0511 AM
[ReportManager] Initial URL: [] @27-10-2021 06:46:06.0608 AM
[ReportManager] Browser Action [NavigateToURL] successfully performed. With the following test data [https://duckduckgo.com]. @27-10-2021 06:46:07.0485 A

################################################################################################################################################
Starting Execution:	[6 out of 143] test cases in the current suite
Test Method:		[unitTests.tests_browserActions.fullScreenWindow]
################################################################################################################################################
[ReportManager] Initial Windows Size: 1176x811 @27-10-2021 06:46:07.0496 AM
[ReportManager] Current Windows Size after fullScreen: 1176x885 @27-10-2021 06:46:07.0788 AM
[ReportManager] Browser Action [FullScreenWindow] successfully performed. @27-10-2021 06:46:07.0867 AM
[ReportManager] Successfully created attachment [Browser Action Test Data - FullScreenWindow - Actual Value] @27-10-2021 06:46:07.0870 A
[ReportManager] Target URL: [https://duckduckgo.com] @27-10-2021 06:46:07.0894 AM
[ReportManager] Initial URL: [https://duckduckgo.com] @27-10-2021 06:46:08.0006 AM
[ReportManager] Browser Action [NavigateToURL] successfully performed. With the following test data [https://duckduckgo.com]. @27-10-2021 06:46:08.0515 AM
[ReportManager] Browser Action [CloseCurrentWindow] successfully performed. @27-10-2021 06:46:08.0626 AM
[ReportManager] Successfully created attachment [Browser Action Test Data - CloseCurrentWindow - Actual Value] @27-10-2021 06:46:08.0629 A
[ReportManager] File Action [GetAbsolutePath] successfully performed. With the following test data [Relative Folder Path: "target/downloadedFiles/"]. @27-10-2021 06:46:08.0633 AM
[ReportManager] Attempting to run locally on: [Mac-64], [Safari], Headless Execution. @27-10-2021 06:46:08.0633 AM
[ReportManager] Successfully Opened Safari. @27-10-2021 06:46:09.0291 AM
[ReportManager] Initial window size: (800, 600) @27-10-2021 06:46:09.0298 AM
[ReportManager] Window size after SWD Maximize: (1176, 811) @27-10-2021 06:46:09.0359 AM
[ReportManager] Browser Action [MaximizeWindow] successfully performed. With the following test data [New screen size is now: (1176, 811)]. @27-10-2021 06:46:09.0360 AM
[ReportManager] Target URL: [https://duckduckgo.com] @27-10-2021 06:46:09.0360 AM
[ReportManager] Initial URL: [] @27-10-2021 06:46:09.0395 AM
[ReportManager] Browser Action [NavigateToURL] successfully performed. With the following test data [https://duckduckgo.com]. @27-10-2021 06:46:10.0122 A

################################################################################################################################################
Starting Execution:	[7 out of 143] test cases in the current suite
Test Method:		[unitTests.tests_browserActions.getCurrentURL]
################################################################################################################################################
[ReportManager] Browser Action [GetCurrentURL] successfully performed. With the following test data [https://duckduckgo.com/]. @27-10-2021 06:46:10.0153 A
[ReportManager] Target URL: [https://duckduckgo.com] @27-10-2021 06:46:10.0156 AM
[ReportManager] Initial URL: [https://duckduckgo.com] @27-10-2021 06:46:10.0201 AM
[ReportManager] Browser Action [NavigateToURL] successfully performed. With the following test data [https://duckduckgo.com]. @27-10-2021 06:46:10.0566 AM
[ReportManager] Browser Action [CloseCurrentWindow] successfully performed. @27-10-2021 06:46:10.0799 AM
[ReportManager] Successfully created attachment [Browser Action Test Data - CloseCurrentWindow - Actual Value] @27-10-2021 06:46:10.0801 A
[ReportManager] File Action [GetAbsolutePath] successfully performed. With the following test data [Relative Folder Path: "target/downloadedFiles/"]. @27-10-2021 06:46:10.0804 AM
[ReportManager] Attempting to run locally on: [Mac-64], [Safari], Headless Execution. @27-10-2021 06:46:10.0805 AM
[ReportManager] Successfully Opened Safari. @27-10-2021 06:46:11.0605 AM
[ReportManager] Initial window size: (800, 600) @27-10-2021 06:46:11.0613 AM
[ReportManager] Window size after SWD Maximize: (1176, 811) @27-10-2021 06:46:11.0640 AM
[ReportManager] Browser Action [MaximizeWindow] successfully performed. With the following test data [New screen size is now: (1176, 811)]. @27-10-2021 06:46:11.0640 AM
[ReportManager] Target URL: [https://duckduckgo.com] @27-10-2021 06:46:11.0640 AM
[ReportManager] Initial URL: [] @27-10-2021 06:46:11.0693 AM
[ReportManager] Browser Action [NavigateToURL] successfully performed. With the following test data [https://duckduckgo.com]. @27-10-2021 06:46:12.0427 A

################################################################################################################################################
Starting Execution:	[8 out of 143] test cases in the current suite
Test Method:		[unitTests.tests_browserActions.getCurrentWindowTitle]
################################################################################################################################################
[ReportManager] Browser Action [GetCurrentWindowTitle] successfully performed. With the following test data [DuckDuckGo â€” Privacy, simplified.]. @27-10-2021 06:46:12.0452 A
[ReportManager] Target URL: [https://duckduckgo.com] @27-10-2021 06:46:12.0454 AM
[ReportManager] Initial URL: [https://duckduckgo.com] @27-10-2021 06:46:12.0487 AM
[ReportManager] Browser Action [NavigateToURL] successfully performed. With the following test data [https://duckduckgo.com]. @27-10-2021 06:46:12.0825 AM
[ReportManager] Browser Action [CloseCurrentWindow] successfully performed. @27-10-2021 06:46:13.0053 AM
[ReportManager] Successfully created attachment [Browser Action Test Data - CloseCurrentWindow - Actual Value] @27-10-2021 06:46:13.0054 A
[ReportManager] File Action [GetAbsolutePath] successfully performed. With the following test data [Relative Folder Path: "target/downloadedFiles/"]. @27-10-2021 06:46:13.0091 AM
[ReportManager] Attempting to run locally on: [Mac-64], [Safari], Headless Execution. @27-10-2021 06:46:13.0091 AM
[ReportManager] Successfully Opened Safari. @27-10-2021 06:46:13.0943 AM
[ReportManager] Initial window size: (800, 600) @27-10-2021 06:46:13.0948 AM
[ReportManager] Window size after SWD Maximize: (1176, 811) @27-10-2021 06:46:13.0971 AM
[ReportManager] Browser Action [MaximizeWindow] successfully performed. With the following test data [New screen size is now: (1176, 811)]. @27-10-2021 06:46:13.0972 AM
[ReportManager] Target URL: [https://duckduckgo.com] @27-10-2021 06:46:13.0972 AM
[ReportManager] Initial URL: [] @27-10-2021 06:46:14.0025 AM
[ReportManager] Browser Action [NavigateToURL] successfully performed. With the following test data [https://duckduckgo.com]. @27-10-2021 06:46:14.0782 A

################################################################################################################################################
Starting Execution:	[9 out of 143] test cases in the current suite
Test Method:		[unitTests.tests_browserActions.getPageSource]
################################################################################################################################################
[ReportManager] Browser Action [GetPageSource] successfully performed. @27-10-2021 06:46:14.0814 AM
[ReportManager] Successfully created attachment [Browser Action Test Data - GetPageSource - Actual Value] @27-10-2021 06:46:14.0815 A
[ReportManager] Target URL: [https://duckduckgo.com] @27-10-2021 06:46:14.0819 AM
[ReportManager] Initial URL: [https://duckduckgo.com] @27-10-2021 06:46:14.0856 AM
[ReportManager] Browser Action [NavigateToURL] successfully performed. With the following test data [https://duckduckgo.com]. @27-10-2021 06:46:15.0186 AM
[ReportManager] Browser Action [CloseCurrentWindow] successfully performed. @27-10-2021 06:46:15.0284 AM
[ReportManager] Successfully created attachment [Browser Action Test Data - CloseCurrentWindow - Actual Value] @27-10-2021 06:46:15.0285 A
[ReportManager] File Action [GetAbsolutePath] successfully performed. With the following test data [Relative Folder Path: "target/downloadedFiles/"]. @27-10-2021 06:46:15.0288 AM
[ReportManager] Attempting to run locally on: [Mac-64], [Safari], Headless Execution. @27-10-2021 06:46:15.0289 AM
[ReportManager] Successfully Opened Safari. @27-10-2021 06:46:16.0175 AM
[ReportManager] Initial window size: (800, 600) @27-10-2021 06:46:16.0186 AM
[ReportManager] Window size after SWD Maximize: (1176, 811) @27-10-2021 06:46:16.0210 AM
[ReportManager] Browser Action [MaximizeWindow] successfully performed. With the following test data [New screen size is now: (1176, 811)]. @27-10-2021 06:46:16.0210 AM
[ReportManager] Target URL: [https://duckduckgo.com] @27-10-2021 06:46:16.0210 AM
[ReportManager] Initial URL: [] @27-10-2021 06:46:16.0264 AM
[ReportManager] Browser Action [NavigateToURL] successfully performed. With the following test data [https://duckduckgo.com]. @27-10-2021 06:46:16.0889 A

################################################################################################################################################
Starting Execution:	[10 out of 143] test cases in the current suite
Test Method:		[unitTests.tests_browserActions.getWindowHandle]
################################################################################################################################################
[ReportManager] Browser Action [GetWindowHandle] successfully performed. With the following test data [page-BAC9FFB8-9617-436F-8A6A-81F5CC3B4E3D]. @27-10-2021 06:46:16.0924 A
[ReportManager] Target URL: [https://duckduckgo.com] @27-10-2021 06:46:16.0927 AM
[ReportManager] Initial URL: [https://duckduckgo.com] @27-10-2021 06:46:16.0963 AM
[ReportManager] Browser Action [NavigateToURL] successfully performed. With the following test data [https://duckduckgo.com]. @27-10-2021 06:46:17.0272 AM
[ReportManager] Browser Action [CloseCurrentWindow] successfully performed. @27-10-2021 06:46:17.0491 AM
[ReportManager] Successfully created attachment [Browser Action Test Data - CloseCurrentWindow - Actual Value] @27-10-2021 06:46:17.0491 A
[ReportManager] File Action [GetAbsolutePath] successfully performed. With the following test data [Relative Folder Path: "target/downloadedFiles/"]. @27-10-2021 06:46:17.0494 AM
[ReportManager] Attempting to run locally on: [Mac-64], [Safari], Headless Execution. @27-10-2021 06:46:17.0495 AM
[ReportManager] Successfully Opened Safari. @27-10-2021 06:46:18.0368 AM
[ReportManager] Initial window size: (800, 600) @27-10-2021 06:46:18.0387 AM
[ReportManager] Window size after SWD Maximize: (1176, 811) @27-10-2021 06:46:18.0403 AM
[ReportManager] Browser Action [MaximizeWindow] successfully performed. With the following test data [New screen size is now: (1176, 811)]. @27-10-2021 06:46:18.0404 AM
[ReportManager] Target URL: [https://duckduckgo.com] @27-10-2021 06:46:18.0404 AM
[ReportManager] Initial URL: [] @27-10-2021 06:46:18.0449 AM
[ReportManager] Browser Action [NavigateToURL] successfully performed. With the following test data [https://duckduckgo.com]. @27-10-2021 06:46:19.0197 A

################################################################################################################################################
Starting Execution:	[11 out of 143] test cases in the current suite
Test Method:		[unitTests.tests_browserActions.getWindowPosition]
################################################################################################################################################
[ReportManager] Browser Action [GetWindowPosition] successfully performed. With the following test data [(0, 23)]. @27-10-2021 06:46:19.0230 A
[ReportManager] Target URL: [https://duckduckgo.com] @27-10-2021 06:46:19.0232 AM
[ReportManager] Initial URL: [https://duckduckgo.com] @27-10-2021 06:46:19.0386 AM
[ReportManager] Browser Action [NavigateToURL] successfully performed. With the following test data [https://duckduckgo.com]. @27-10-2021 06:46:19.0713 AM
[ReportManager] Browser Action [CloseCurrentWindow] successfully performed. @27-10-2021 06:46:19.0950 AM
[ReportManager] Successfully created attachment [Browser Action Test Data - CloseCurrentWindow - Actual Value] @27-10-2021 06:46:19.0951 A
[ReportManager] File Action [GetAbsolutePath] successfully performed. With the following test data [Relative Folder Path: "target/downloadedFiles/"]. @27-10-2021 06:46:19.0954 AM
[ReportManager] Attempting to run locally on: [Mac-64], [Safari], Headless Execution. @27-10-2021 06:46:19.0954 AM
[ReportManager] Successfully Opened Safari. @27-10-2021 06:46:20.0776 AM
[ReportManager] Initial window size: (800, 600) @27-10-2021 06:46:20.0812 AM
[ReportManager] Window size after SWD Maximize: (1176, 811) @27-10-2021 06:46:20.0856 AM
[ReportManager] Browser Action [MaximizeWindow] successfully performed. With the following test data [New screen size is now: (1176, 811)]. @27-10-2021 06:46:20.0856 AM
[ReportManager] Target URL: [https://duckduckgo.com] @27-10-2021 06:46:20.0856 AM
[ReportManager] Initial URL: [] @27-10-2021 06:46:20.0897 AM
[ReportManager] Browser Action [NavigateToURL] successfully performed. With the following test data [https://duckduckgo.com]. @27-10-2021 06:46:21.0590 A

################################################################################################################################################
Starting Execution:	[12 out of 143] test cases in the current suite
Test Method:		[unitTests.tests_browserActions.getWindowSize]
################################################################################################################################################
[ReportManager] Browser Action [GetWindowSize] successfully performed. With the following test data [(1176, 811)]. @27-10-2021 06:46:21.0617 A
[ReportManager] Target URL: [https://duckduckgo.com] @27-10-2021 06:46:21.0620 AM
[ReportManager] Initial URL: [https://duckduckgo.com] @27-10-2021 06:46:21.0656 AM
[ReportManager] Browser Action [NavigateToURL] successfully performed. With the following test data [https://duckduckgo.com]. @27-10-2021 06:46:21.0987 AM
[ReportManager] Browser Action [CloseCurrentWindow] successfully performed. @27-10-2021 06:46:22.0052 AM
[ReportManager] Successfully created attachment [Browser Action Test Data - CloseCurrentWindow - Actual Value] @27-10-2021 06:46:22.0053 A
[ReportManager] File Action [GetAbsolutePath] successfully performed. With the following test data [Relative Folder Path: "target/downloadedFiles/"]. @27-10-2021 06:46:22.0056 AM
[ReportManager] Attempting to run locally on: [Mac-64], [Safari], Headless Execution. @27-10-2021 06:46:22.0057 AM
[ReportManager] Successfully Opened Safari. @27-10-2021 06:46:22.0890 AM
[ReportManager] Initial window size: (800, 600) @27-10-2021 06:46:22.0895 AM
[ReportManager] Window size after SWD Maximize: (1176, 811) @27-10-2021 06:46:22.0916 AM
[ReportManager] Browser Action [MaximizeWindow] successfully performed. With the following test data [New screen size is now: (1176, 811)]. @27-10-2021 06:46:22.0916 AM
[ReportManager] Target URL: [https://duckduckgo.com] @27-10-2021 06:46:22.0916 AM
[ReportManager] Initial URL: [] @27-10-2021 06:46:22.0988 AM
[ReportManager] Browser Action [NavigateToURL] successfully performed. With the following test data [https://duckduckgo.com]. @27-10-2021 06:46:23.0630 A

################################################################################################################################################
Starting Execution:	[13 out of 143] test cases in the current suite
Test Method:		[unitTests.tests_browserActions.maximizeWindow]
################################################################################################################################################
[ReportManager] Initial window size: (1176, 811) @27-10-2021 06:46:23.0652 AM
[ReportManager] Window size after SWD Maximize: (1176, 811) @27-10-2021 06:46:23.0663 AM
[ReportManager] Window size after Toolkit: (1920, 1080) @27-10-2021 06:46:23.0701 AM
[ReportManager] Browser Action [MaximizeWindow] successfully performed. With the following test data [New screen size is now: (1920, 1080)]. @27-10-2021 06:46:23.0705 A
[ReportManager] Target URL: [https://duckduckgo.com] @27-10-2021 06:46:23.0721 AM
[ReportManager] Initial URL: [https://duckduckgo.com] @27-10-2021 06:46:23.0755 AM
[ReportManager] Browser Action [NavigateToURL] successfully performed. With the following test data [https://duckduckgo.com]. @27-10-2021 06:46:24.0079 AM
[ReportManager] Browser Action [CloseCurrentWindow] successfully performed. @27-10-2021 06:46:24.0217 AM
[ReportManager] Successfully created attachment [Browser Action Test Data - CloseCurrentWindow - Actual Value] @27-10-2021 06:46:24.0218 A
[ReportManager] File Action [GetAbsolutePath] successfully performed. With the following test data [Relative Folder Path: "target/downloadedFiles/"]. @27-10-2021 06:46:24.0223 AM
[ReportManager] Attempting to run locally on: [Mac-64], [Safari], Headless Execution. @27-10-2021 06:46:24.0223 AM
[ReportManager] Successfully Opened Safari. @27-10-2021 06:46:25.0072 AM
[ReportManager] Initial window size: (800, 600) @27-10-2021 06:46:25.0081 AM
[ReportManager] Window size after SWD Maximize: (1176, 811) @27-10-2021 06:46:25.0109 AM
[ReportManager] Browser Action [MaximizeWindow] successfully performed. With the following test data [New screen size is now: (1176, 811)]. @27-10-2021 06:46:25.0109 AM
[ReportManager] Target URL: [https://duckduckgo.com] @27-10-2021 06:46:25.0110 AM
[ReportManager] Initial URL: [] @27-10-2021 06:46:25.0162 AM
[ReportManager] Browser Action [NavigateToURL] successfully performed. With the following test data [https://duckduckgo.com]. @27-10-2021 06:46:25.0779 A

################################################################################################################################################
Starting Execution:	[14 out of 143] test cases in the current suite
Test Method:		[unitTests.tests_browserActions.navigateBack]
################################################################################################################################################
[ReportManager] Target URL: [https://www.google.com/ncr], and after redirection: [https://www.google.com] @27-10-2021 06:46:25.0781 AM
[ReportManager] Initial URL: [https://duckduckgo.com] @27-10-2021 06:46:25.0820 AM
[ReportManager] Browser Action [NavigateToURL] successfully performed. With the following test data [https://www.google.com/ncr]. @27-10-2021 06:46:26.0450 AM
[ReportManager] Browser Action [NavigateBack] successfully performed. With the following test data [https://duckduckgo.com/]. @27-10-2021 06:46:26.0577 AM
[ReportManager] Browser Action [GetCurrentURL] successfully performed. With the following test data [https://duckduckgo.com/]. @27-10-2021 06:46:26.0596 AM
[ReportManager] Assertion Passed: Confirming that navigating back was successful @27-10-2021 06:46:26.0741 AM
[ReportManager] Successfully created attachment [Screenshot - 1635317186636_navigateBack_ValidateBrowserAttribute_passed] @27-10-2021 06:46:26.0745 AM
[ReportManager] Assertion [ValidateBrowserAttribute] PASSED. Expected [Value Should be 'https://duckduckgo.com' for the 'CurrentUrl' attribute] and Actual [https://duckduckgo.com/]. Comparison Type [CONTAINS]. Validation Type [POSITIVE]. @27-10-2021 06:46:26.0745 A
[ReportManager] Target URL: [https://duckduckgo.com] @27-10-2021 06:46:26.0747 AM
[ReportManager] Initial URL: [https://duckduckgo.com] @27-10-2021 06:46:26.0788 AM
[ReportManager] Browser Action [NavigateToURL] successfully performed. With the following test data [https://duckduckgo.com]. @27-10-2021 06:46:27.0121 AM
[ReportManager] Browser Action [CloseCurrentWindow] successfully performed. @27-10-2021 06:46:27.0215 AM
[ReportManager] Successfully created attachment [Browser Action Test Data - CloseCurrentWindow - Actual Value] @27-10-2021 06:46:27.0216 A
[ReportManager] File Action [GetAbsolutePath] successfully performed. With the following test data [Relative Folder Path: "target/downloadedFiles/"]. @27-10-2021 06:46:27.0219 AM
[ReportManager] Attempting to run locally on: [Mac-64], [Safari], Headless Execution. @27-10-2021 06:46:27.0219 AM
[ReportManager] Successfully Opened Safari. @27-10-2021 06:46:28.0055 AM
[ReportManager] Initial window size: (800, 600) @27-10-2021 06:46:28.0060 AM
[ReportManager] Window size after SWD Maximize: (1176, 811) @27-10-2021 06:46:28.0073 AM
[ReportManager] Browser Action [MaximizeWindow] successfully performed. With the following test data [New screen size is now: (1176, 811)]. @27-10-2021 06:46:28.0080 AM
[ReportManager] Target URL: [https://duckduckgo.com] @27-10-2021 06:46:28.0081 AM
[ReportManager] Initial URL: [] @27-10-2021 06:46:28.0151 AM
[ReportManager] Browser Action [NavigateToURL] successfully performed. With the following test data [https://duckduckgo.com]. @27-10-2021 06:46:28.0805 A

################################################################################################################################################
Starting Execution:	[15 out of 143] test cases in the current suite
Test Method:		[unitTests.tests_browserActions.navigateForward]
################################################################################################################################################
[ReportManager] Target URL: [https://www.google.com/ncr], and after redirection: [https://www.google.com] @27-10-2021 06:46:28.0811 AM
[ReportManager] Initial URL: [https://duckduckgo.com] @27-10-2021 06:46:28.0847 AM
[ReportManager] Browser Action [NavigateToURL] successfully performed. With the following test data [https://www.google.com/ncr]. @27-10-2021 06:46:29.0513 AM
[ReportManager] Browser Action [NavigateBack] successfully performed. With the following test data [https://duckduckgo.com/]. @27-10-2021 06:46:29.0663 AM
[ReportManager] Browser Action [NavigateForward] successfully performed. With the following test data [https://www.google.com/]. @27-10-2021 06:46:29.0776 A
[ReportManager] Target URL: [https://duckduckgo.com] @27-10-2021 06:46:29.0779 AM
[ReportManager] Initial URL: [https://www.google.com] @27-10-2021 06:46:29.0825 AM
[ReportManager] Browser Action [NavigateToURL] successfully performed. With the following test data [https://duckduckgo.com]. @27-10-2021 06:46:30.0141 AM
[ReportManager] Browser Action [CloseCurrentWindow] successfully performed. @27-10-2021 06:46:30.0247 AM
[ReportManager] Successfully created attachment [Browser Action Test Data - CloseCurrentWindow - Actual Value] @27-10-2021 06:46:30.0248 A
[ReportManager] File Action [GetAbsolutePath] successfully performed. With the following test data [Relative Folder Path: "target/downloadedFiles/"]. @27-10-2021 06:46:30.0251 AM
[ReportManager] Attempting to run locally on: [Mac-64], [Safari], Headless Execution. @27-10-2021 06:46:30.0251 AM
[ReportManager] Successfully Opened Safari. @27-10-2021 06:46:31.0053 AM
[ReportManager] Initial window size: (800, 600) @27-10-2021 06:46:31.0064 AM
[ReportManager] Window size after SWD Maximize: (1176, 811) @27-10-2021 06:46:31.0077 AM
[ReportManager] Browser Action [MaximizeWindow] successfully performed. With the following test data [New screen size is now: (1176, 811)]. @27-10-2021 06:46:31.0077 AM
[ReportManager] Target URL: [https://duckduckgo.com] @27-10-2021 06:46:31.0077 AM
[ReportManager] Initial URL: [] @27-10-2021 06:46:31.0122 AM
[ReportManager] Browser Action [NavigateToURL] successfully performed. With the following test data [https://duckduckgo.com]. @27-10-2021 06:46:31.0768 A

################################################################################################################################################
Starting Execution:	[16 out of 143] test cases in the current suite
Test Method:		[unitTests.tests_browserActions.navigateToURL]
################################################################################################################################################
[ReportManager] Target URL: [https://duckduckgo.com] @27-10-2021 06:46:31.0772 AM
[ReportManager] Initial URL: [https://duckduckgo.com] @27-10-2021 06:46:31.0810 AM
[ReportManager] Browser Action [NavigateToURL] successfully performed. With the following test data [https://duckduckgo.com]. @27-10-2021 06:46:32.0121 A
[ReportManager] Target URL: [https://duckduckgo.com] @27-10-2021 06:46:32.0127 AM
[ReportManager] Initial URL: [https://duckduckgo.com] @27-10-2021 06:46:32.0167 AM
[ReportManager] Browser Action [NavigateToURL] successfully performed. With the following test data [https://duckduckgo.com]. @27-10-2021 06:46:32.0523 AM
[ReportManager] Browser Action [CloseCurrentWindow] successfully performed. @27-10-2021 06:46:32.0617 AM
[ReportManager] Successfully created attachment [Browser Action Test Data - CloseCurrentWindow - Actual Value] @27-10-2021 06:46:32.0618 A
[ReportManager] File Action [GetAbsolutePath] successfully performed. With the following test data [Relative Folder Path: "target/downloadedFiles/"]. @27-10-2021 06:46:32.0621 AM
[ReportManager] Attempting to run locally on: [Mac-64], [Safari], Headless Execution. @27-10-2021 06:46:32.0621 AM
[ReportManager] Successfully Opened Safari. @27-10-2021 06:46:33.0418 AM
[ReportManager] Initial window size: (800, 600) @27-10-2021 06:46:33.0423 AM
[ReportManager] Window size after SWD Maximize: (1176, 811) @27-10-2021 06:46:33.0437 AM
[ReportManager] Browser Action [MaximizeWindow] successfully performed. With the following test data [New screen size is now: (1176, 811)]. @27-10-2021 06:46:33.0437 AM
[ReportManager] Target URL: [https://duckduckgo.com] @27-10-2021 06:46:33.0438 AM
[ReportManager] Initial URL: [] @27-10-2021 06:46:33.0475 AM
[ReportManager] Browser Action [NavigateToURL] successfully performed. With the following test data [https://duckduckgo.com]. @27-10-2021 06:46:34.0100 A

################################################################################################################################################
Starting Execution:	[17 out of 143] test cases in the current suite
Test Method:		[unitTests.tests_browserActions.navigateToURLWithRedirection]
################################################################################################################################################
[ReportManager] Target URL: [https://www.google.com/ncr], and after redirection: [https://www.google.com] @27-10-2021 06:46:34.0105 AM
[ReportManager] Initial URL: [https://duckduckgo.com] @27-10-2021 06:46:34.0146 AM
[ReportManager] Browser Action [NavigateToURL] successfully performed. With the following test data [https://www.google.com/ncr]. @27-10-2021 06:46:34.0876 A
[ReportManager] Target URL: [https://duckduckgo.com] @27-10-2021 06:46:34.0878 AM
[ReportManager] Initial URL: [https://www.google.com] @27-10-2021 06:46:34.0906 AM
[ReportManager] Browser Action [NavigateToURL] successfully performed. With the following test data [https://duckduckgo.com]. @27-10-2021 06:46:35.0203 AM
[ReportManager] Browser Action [CloseCurrentWindow] successfully performed. @27-10-2021 06:46:35.0420 AM
[ReportManager] Successfully created attachment [Browser Action Test Data - CloseCurrentWindow - Actual Value] @27-10-2021 06:46:35.0421 A
[ReportManager] File Action [GetAbsolutePath] successfully performed. With the following test data [Relative Folder Path: "target/downloadedFiles/"]. @27-10-2021 06:46:35.0424 AM
[ReportManager] Attempting to run locally on: [Mac-64], [Safari], Headless Execution. @27-10-2021 06:46:35.0424 AM
[ReportManager] Successfully Opened Safari. @27-10-2021 06:46:36.0259 AM
[ReportManager] Initial window size: (800, 600) @27-10-2021 06:46:36.0268 AM
[ReportManager] Window size after SWD Maximize: (1176, 811) @27-10-2021 06:46:36.0292 AM
[ReportManager] Browser Action [MaximizeWindow] successfully performed. With the following test data [New screen size is now: (1176, 811)]. @27-10-2021 06:46:36.0293 AM
[ReportManager] Target URL: [https://duckduckgo.com] @27-10-2021 06:46:36.0293 AM
[ReportManager] Initial URL: [] @27-10-2021 06:46:36.0348 AM
[ReportManager] Browser Action [NavigateToURL] successfully performed. With the following test data [https://duckduckgo.com]. @27-10-2021 06:46:36.0980 A

################################################################################################################################################
Starting Execution:	[18 out of 143] test cases in the current suite
Test Method:		[unitTests.tests_browserActions.refreshCurrentPage]
################################################################################################################################################
[ReportManager] Browser Action [RefreshCurrentPage] successfully performed. @27-10-2021 06:46:37.0244 AM
[ReportManager] Successfully created attachment [Browser Action Test Data - RefreshCurrentPage - Actual Value] @27-10-2021 06:46:37.0245 A
[ReportManager] Target URL: [https://duckduckgo.com] @27-10-2021 06:46:37.0247 AM
[ReportManager] Initial URL: [https://duckduckgo.com] @27-10-2021 06:46:37.0279 AM
[ReportManager] Browser Action [NavigateToURL] successfully performed. With the following test data [https://duckduckgo.com]. @27-10-2021 06:46:37.0609 AM
[ReportManager] Browser Action [CloseCurrentWindow] successfully performed. @27-10-2021 06:46:37.0702 AM
[ReportManager] Successfully created attachment [Browser Action Test Data - CloseCurrentWindow - Actual Value] @27-10-2021 06:46:37.0703 A
[ReportManager] File Action [GetAbsolutePath] successfully performed. With the following test data [Relative Folder Path: "target/downloadedFiles/"]. @27-10-2021 06:46:37.0706 AM
[ReportManager] Attempting to run locally on: [Mac-64], [Safari], Headless Execution. @27-10-2021 06:46:37.0706 AM
[ReportManager] Successfully Opened Safari. @27-10-2021 06:46:38.0472 AM
[ReportManager] Initial window size: (800, 600) @27-10-2021 06:46:38.0479 AM
[ReportManager] Window size after SWD Maximize: (1176, 811) @27-10-2021 06:46:38.0494 AM
[ReportManager] Browser Action [MaximizeWindow] successfully performed. With the following test data [New screen size is now: (1176, 811)]. @27-10-2021 06:46:38.0500 AM
[ReportManager] Target URL: [https://duckduckgo.com] @27-10-2021 06:46:38.0501 AM
[ReportManager] Initial URL: [] @27-10-2021 06:46:38.0547 AM
[ReportManager] Browser Action [NavigateToURL] successfully performed. With the following test data [https://duckduckgo.com]. @27-10-2021 06:46:39.0246 A

################################################################################################################################################
Starting Execution:	[19 out of 143] test cases in the current suite
Test Method:		[unitTests.tests_browserActions.setWindowSize]
################################################################################################################################################
[ReportManager] Initial window size: (1176, 811) @27-10-2021 06:46:39.0258 AM
[ReportManager] Window size after SWD: (1280, 720) @27-10-2021 06:46:39.0287 AM
[ReportManager] Browser Action [SetWindowSize] successfully performed. With the following test data [New screen size is now: (1280, 720)]. @27-10-2021 06:46:39.0288 A
[ReportManager] Target URL: [https://duckduckgo.com] @27-10-2021 06:46:39.0291 AM
[ReportManager] Initial URL: [https://duckduckgo.com] @27-10-2021 06:46:39.0342 AM
[ReportManager] Browser Action [NavigateToURL] successfully performed. With the following test data [https://duckduckgo.com]. @27-10-2021 06:46:39.0696 AM
[ReportManager] Browser Action [CloseCurrentWindow] successfully performed. @27-10-2021 06:46:39.0971 AM
[ReportManager] Successfully created attachment [Browser Action Test Data - CloseCurrentWindow - Actual Value] @27-10-2021 06:46:39.0972 A
[ReportManager] Successfully loaded the following test data file [src/test/resources/TestDataFiles/testSuite01/TestData.xlsx]. @27-10-2021 06:46:40.0778 AM
[ReportManager] Successfully created attachment [Test Data - Excel] @27-10-2021 06:46:40.0779 A

################################################################################################################################################
Starting Execution:	[20 out of 143] test cases in the current suite
Test Method:		[unitTests.tests_io_excelFileManager.getCellData_rowName_expectedToPass]
################################################################################################################################################
[ReportManager] testRowData. @27-10-2021 06:46:40.0796 A

################################################################################################################################################
Starting Execution:	[21 out of 143] test cases in the current suite
Test Method:		[unitTests.tests_validations_assertions.assertComparativeRelation_greaterThanOrEquals_false_equals_expectedToFail]
################################################################################################################################################
[ReportManager] Assertion [ValidateComparativeRelation] FAILED. Expected [1] and Actual [1]. Comparison Type [GREATER_THAN_OR_EQUALS]. Validation Type [NEGATIVE]. @27-10-2021 06:46:40.0802 A

################################################################################################################################################
Starting Execution:	[22 out of 143] test cases in the current suite
Test Method:		[unitTests.tests_validations_assertions.assertComparativeRelation_greaterThanOrEquals_false_equals_expectedToPass]
################################################################################################################################################
[ReportManager] Assertion [ValidateComparativeRelation] PASSED. Expected [2] and Actual [1]. Comparison Type [GREATER_THAN_OR_EQUALS]. Validation Type [NEGATIVE]. @27-10-2021 06:46:40.0806 A

################################################################################################################################################
Starting Execution:	[23 out of 143] test cases in the current suite
Test Method:		[unitTests.tests_validations_assertions.assertComparativeRelation_greaterThanOrEquals_false_greaterThan_expectedToFail]
################################################################################################################################################
[ReportManager] Assertion [ValidateComparativeRelation] FAILED. Expected [1] and Actual [2]. Comparison Type [GREATER_THAN_OR_EQUALS]. Validation Type [NEGATIVE]. @27-10-2021 06:46:40.0810 A

################################################################################################################################################
Starting Execution:	[24 out of 143] test cases in the current suite
Test Method:		[unitTests.tests_validations_assertions.assertComparativeRelation_greaterThanOrEquals_false_greaterThan_expectedToPass]
################################################################################################################################################
[ReportManager] Assertion [ValidateComparativeRelation] PASSED. Expected [2] and Actual [1]. Comparison Type [GREATER_THAN_OR_EQUALS]. Validation Type [NEGATIVE]. @27-10-2021 06:46:40.0814 A

################################################################################################################################################
Starting Execution:	[25 out of 143] test cases in the current suite
Test Method:		[unitTests.tests_validations_assertions.assertComparativeRelation_greaterThanOrEquals_true_equals_expectedToFail]
################################################################################################################################################
[ReportManager] Assertion [ValidateComparativeRelation] FAILED. Expected [1] and Actual [0]. Comparison Type [GREATER_THAN_OR_EQUALS]. Validation Type [POSITIVE]. @27-10-2021 06:46:40.0818 A

################################################################################################################################################
Starting Execution:	[26 out of 143] test cases in the current suite
Test Method:		[unitTests.tests_validations_assertions.assertComparativeRelation_greaterThanOrEquals_true_equals_expectedToPass]
################################################################################################################################################
[ReportManager] Assertion [ValidateComparativeRelation] PASSED. Expected [1] and Actual [1]. Comparison Type [GREATER_THAN_OR_EQUALS]. Validation Type [POSITIVE]. @27-10-2021 06:46:40.0821 A

################################################################################################################################################
Starting Execution:	[27 out of 143] test cases in the current suite
Test Method:		[unitTests.tests_validations_assertions.assertComparativeRelation_greaterThanOrEquals_true_greaterThan_expectedToFail]
################################################################################################################################################
[ReportManager] Assertion [ValidateComparativeRelation] FAILED. Expected [2] and Actual [1]. Comparison Type [GREATER_THAN_OR_EQUALS]. Validation Type [POSITIVE]. @27-10-2021 06:46:40.0826 A

################################################################################################################################################
Starting Execution:	[28 out of 143] test cases in the current suite
Test Method:		[unitTests.tests_validations_assertions.assertComparativeRelation_greaterThanOrEquals_true_greaterThan_expectedToPass]
################################################################################################################################################
[ReportManager] Assertion [ValidateComparativeRelation] PASSED. Expected [1] and Actual [2]. Comparison Type [GREATER_THAN_OR_EQUALS]. Validation Type [POSITIVE]. @27-10-2021 06:46:40.0832 A
[ReportManager] File Action [GetAbsolutePath] successfully performed. With the following test data [Relative Folder Path: "target/downloadedFiles/"]. @27-10-2021 06:46:40.0835 AM
[ReportManager] Attempting to run locally on: [Mac-64], [Safari], Headless Execution. @27-10-2021 06:46:40.0835 AM
[ReportManager] Successfully Opened Safari. @27-10-2021 06:46:41.0633 AM
[ReportManager] Initial window size: (800, 600) @27-10-2021 06:46:41.0651 AM
[ReportManager] Window size after SWD Maximize: (1176, 811) @27-10-2021 06:46:41.0669 AM
[ReportManager] Browser Action [MaximizeWindow] successfully performed. With the following test data [New screen size is now: (1176, 811)]. @27-10-2021 06:46:41.0670 AM
[ReportManager] Target URL: [https://www.google.com/ncr], and after redirection: [www.google.com] @27-10-2021 06:46:41.0670 AM
[ReportManager] Initial URL: [] @27-10-2021 06:46:41.0714 AM
[ReportManager] Browser Action [NavigateToURL] successfully performed. With the following test data [https://www.google.com/ncr]. @27-10-2021 06:46:42.0534 A

################################################################################################################################################
Starting Execution:	[29 out of 143] test cases in the current suite
Test Method:		[unitTests.tests_validations_assertions.assertElementAttribute_false_caseInsensitiveComparison_expectedToFail]
################################################################################################################################################
[ReportManager] Element Action [Type] successfully performed. With the following test data [AUTOMATION]. @27-10-2021 06:46:43.0125 AM
[ReportManager] Element Action [GetText] successfully performed. With the following test data [AUTOMATION]. @27-10-2021 06:46:43.0202 AM
[ReportManager] Loaded Shared OpenCV @27-10-2021 06:46:44.0337 AM
[ReportManager] Assertion [ValidateElementAttribute] FAILED. Expected [Value Should not be 'AutomaTion' for the 'text' attribute, element locator 'By.name: q'] and Actual [AUTOMATION]. Comparison Type [CASE_INSENSITIVE]. Validation Type [NEGATIVE]. @27-10-2021 06:46:44.0648 AM
[ReportManager] Successfully created attachment [Screenshot - 1635317203272_assertElementAttribute_false_caseInsensitiveComparison_expectedToFail_ValidateElementAttribute_failed] @27-10-2021 06:46:44.0654 A
[ReportManager] Browser Action [CloseCurrentWindow] successfully performed. @27-10-2021 06:46:44.0803 AM
[ReportManager] Successfully created attachment [Browser Action Test Data - CloseCurrentWindow - Actual Value] @27-10-2021 06:46:44.0804 A
[ReportManager] File Action [GetAbsolutePath] successfully performed. With the following test data [Relative Folder Path: "target/downloadedFiles/"]. @27-10-2021 06:46:44.0808 AM
[ReportManager] Attempting to run locally on: [Mac-64], [Safari], Headless Execution. @27-10-2021 06:46:44.0808 AM
[ReportManager] Successfully Opened Safari. @27-10-2021 06:46:45.0657 AM
[ReportManager] Initial window size: (800, 600) @27-10-2021 06:46:45.0665 AM
[ReportManager] Window size after SWD Maximize: (1176, 811) @27-10-2021 06:46:45.0686 AM
[ReportManager] Browser Action [MaximizeWindow] successfully performed. With the following test data [New screen size is now: (1176, 811)]. @27-10-2021 06:46:45.0686 AM
[ReportManager] Target URL: [https://www.google.com/ncr], and after redirection: [www.google.com] @27-10-2021 06:46:45.0686 AM
[ReportManager] Initial URL: [] @27-10-2021 06:46:45.0756 AM
[ReportManager] Browser Action [NavigateToURL] successfully performed. With the following test data [https://www.google.com/ncr]. @27-10-2021 06:46:47.0091 A

################################################################################################################################################
Starting Execution:	[30 out of 143] test cases in the current suite
Test Method:		[unitTests.tests_validations_assertions.assertElementAttribute_false_caseInsensitiveComparison_expectedToPass]
################################################################################################################################################
[ReportManager] Element Action [Type] successfully performed. With the following test data [AUTOMATION]. @27-10-2021 06:46:47.0497 AM
[ReportManager] Element Action [GetText] successfully performed. With the following test data [AUTOMATION]. @27-10-2021 06:46:47.0547 AM
[ReportManager] Loaded Shared OpenCV @27-10-2021 06:46:47.0599 AM
[ReportManager] Assertion [ValidateElementAttribute] PASSED. Expected [Value Should not be 'AutomaTion123' for the 'text' attribute, element locator 'By.name: q'] and Actual [AUTOMATION]. Comparison Type [CASE_INSENSITIVE]. Validation Type [NEGATIVE]. @27-10-2021 06:46:47.0702 AM
[ReportManager] Successfully created attachment [Screenshot - 1635317207599_assertElementAttribute_false_caseInsensitiveComparison_expectedToPass_ValidateElementAttribute_passed] @27-10-2021 06:46:47.0704 A
[ReportManager] Browser Action [CloseCurrentWindow] successfully performed. @27-10-2021 06:46:47.0801 AM
[ReportManager] Successfully created attachment [Browser Action Test Data - CloseCurrentWindow - Actual Value] @27-10-2021 06:46:47.0802 A
[ReportManager] File Action [GetAbsolutePath] successfully performed. With the following test data [Relative Folder Path: "target/downloadedFiles/"]. @27-10-2021 06:46:47.0806 AM
[ReportManager] Attempting to run locally on: [Mac-64], [Safari], Headless Execution. @27-10-2021 06:46:47.0806 AM
[ReportManager] Successfully Opened Safari. @27-10-2021 06:46:48.0603 AM
[ReportManager] Initial window size: (800, 600) @27-10-2021 06:46:48.0617 AM
[ReportManager] Window size after SWD Maximize: (1176, 811) @27-10-2021 06:46:48.0628 AM
[ReportManager] Browser Action [MaximizeWindow] successfully performed. With the following test data [New screen size is now: (1176, 811)]. @27-10-2021 06:46:48.0629 AM
[ReportManager] Target URL: [https://www.google.com/ncr], and after redirection: [www.google.com] @27-10-2021 06:46:48.0629 AM
[ReportManager] Initial URL: [] @27-10-2021 06:46:48.0672 AM
[ReportManager] Browser Action [NavigateToURL] successfully performed. With the following test data [https://www.google.com/ncr]. @27-10-2021 06:46:49.0375 A

################################################################################################################################################
Starting Execution:	[31 out of 143] test cases in the current suite
Test Method:		[unitTests.tests_validations_assertions.assertElementAttribute_false_containsComparison_expectedToFail]
################################################################################################################################################
[ReportManager] Element Action [Type] successfully performed. With the following test data [Automation123]. @27-10-2021 06:46:49.0902 AM
[ReportManager] Element Action [GetText] successfully performed. With the following test data [Automation123]. @27-10-2021 06:46:49.0956 AM
[ReportManager] Loaded Shared OpenCV @27-10-2021 06:46:50.0011 AM
[ReportManager] Assertion [ValidateElementAttribute] FAILED. Expected [Value Should not be 'Automation' for the 'text' attribute, element locator 'By.name: q'] and Actual [Automation123]. Comparison Type [CONTAINS]. Validation Type [NEGATIVE]. @27-10-2021 06:46:50.0108 AM
[ReportManager] Successfully created attachment [Screenshot - 1635317210011_assertElementAttribute_false_containsComparison_expectedToFail_ValidateElementAttribute_failed] @27-10-2021 06:46:50.0109 A
[ReportManager] Browser Action [CloseCurrentWindow] successfully performed. @27-10-2021 06:46:50.0171 AM
[ReportManager] Successfully created attachment [Browser Action Test Data - CloseCurrentWindow - Actual Value] @27-10-2021 06:46:50.0184 A
[ReportManager] File Action [GetAbsolutePath] successfully performed. With the following test data [Relative Folder Path: "target/downloadedFiles/"]. @27-10-2021 06:46:50.0188 AM
[ReportManager] Attempting to run locally on: [Mac-64], [Safari], Headless Execution. @27-10-2021 06:46:50.0189 AM
[ReportManager] Successfully Opened Safari. @27-10-2021 06:46:51.0000 AM
[ReportManager] Initial window size: (800, 600) @27-10-2021 06:46:51.0007 AM
[ReportManager] Window size after SWD Maximize: (1176, 811) @27-10-2021 06:46:51.0020 AM
[ReportManager] Browser Action [MaximizeWindow] successfully performed. With the following test data [New screen size is now: (1176, 811)]. @27-10-2021 06:46:51.0020 AM
[ReportManager] Target URL: [https://www.google.com/ncr], and after redirection: [www.google.com] @27-10-2021 06:46:51.0020 AM
[ReportManager] Initial URL: [] @27-10-2021 06:46:51.0077 AM
[ReportManager] Browser Action [NavigateToURL] successfully performed. With the following test data [https://www.google.com/ncr]. @27-10-2021 06:46:51.0834 A

################################################################################################################################################
Starting Execution:	[32 out of 143] test cases in the current suite
Test Method:		[unitTests.tests_validations_assertions.assertElementAttribute_false_containsComparison_expectedToPass]
################################################################################################################################################
[ReportManager] Element Action [Type] successfully performed. With the following test data [Automation123]. @27-10-2021 06:46:52.0383 AM
[ReportManager] Element Action [GetText] successfully performed. With the following test data [Automation123]. @27-10-2021 06:46:52.0442 AM
[ReportManager] Loaded Shared OpenCV @27-10-2021 06:46:52.0496 AM
[ReportManager] Assertion [ValidateElementAttribute] PASSED. Expected [Value Should not be 'Automation1234' for the 'text' attribute, element locator 'By.name: q'] and Actual [Automation123]. Comparison Type [CONTAINS]. Validation Type [NEGATIVE]. @27-10-2021 06:46:52.0599 AM
[ReportManager] Successfully created attachment [Screenshot - 1635317212496_assertElementAttribute_false_containsComparison_expectedToPass_ValidateElementAttribute_passed] @27-10-2021 06:46:52.0621 A
[ReportManager] Browser Action [CloseCurrentWindow] successfully performed. @27-10-2021 06:46:52.0712 AM
[ReportManager] Successfully created attachment [Browser Action Test Data - CloseCurrentWindow - Actual Value] @27-10-2021 06:46:52.0713 A
[ReportManager] File Action [GetAbsolutePath] successfully performed. With the following test data [Relative Folder Path: "target/downloadedFiles/"]. @27-10-2021 06:46:52.0718 AM
[ReportManager] Attempting to run locally on: [Mac-64], [Safari], Headless Execution. @27-10-2021 06:46:52.0718 AM
[ReportManager] Successfully Opened Safari. @27-10-2021 06:46:53.0512 AM
[ReportManager] Initial window size: (800, 600) @27-10-2021 06:46:53.0534 AM
[ReportManager] Window size after SWD Maximize: (1176, 811) @27-10-2021 06:46:53.0555 AM
[ReportManager] Browser Action [MaximizeWindow] successfully performed. With the following test data [New screen size is now: (1176, 811)]. @27-10-2021 06:46:53.0556 AM
[ReportManager] Target URL: [https://www.google.com/ncr], and after redirection: [www.google.com] @27-10-2021 06:46:53.0556 AM
[ReportManager] Initial URL: [] @27-10-2021 06:46:53.0621 AM
[ReportManager] Browser Action [NavigateToURL] successfully performed. With the following test data [https://www.google.com/ncr]. @27-10-2021 06:46:54.0434 A

################################################################################################################################################
Starting Execution:	[33 out of 143] test cases in the current suite
Test Method:		[unitTests.tests_validations_assertions.assertElementAttribute_false_literalComparison_expectedToFail]
################################################################################################################################################
[ReportManager] Element Action [Type] successfully performed. With the following test data [Automation!@#$%^&*()_+{}[]\';/.,]. @27-10-2021 06:46:55.0618 AM
[ReportManager] Element Action [GetText] successfully performed. With the following test data [Automation!@#$%^&*()_+{}[]\';/.,]. @27-10-2021 06:46:55.0677 AM
[ReportManager] Loaded Shared OpenCV @27-10-2021 06:46:55.0728 AM
[ReportManager] Assertion [ValidateElementAttribute] PASSED. Expected [Value Should not be 'Automation!@#$%^&*()_+{}[]\\';/.,' for the 'text' attribute, element locator 'By.name: q'] and Actual [Automation!@#$%^&*()_+{}[]\';/.,]. Comparison Type [EQUALS]. Validation Type [NEGATIVE]. @27-10-2021 06:46:55.0846 AM
[ReportManager] Successfully created attachment [Screenshot - 1635317215728_assertElementAttribute_false_literalComparison_expectedToFail_ValidateElementAttribute_passed] @27-10-2021 06:46:55.0847 A
[ReportManager] Browser Action [CloseCurrentWindow] successfully performed. @27-10-2021 06:46:56.0106 AM
[ReportManager] Successfully created attachment [Browser Action Test Data - CloseCurrentWindow - Actual Value] @27-10-2021 06:46:56.0107 A
[ReportManager] File Action [GetAbsolutePath] successfully performed. With the following test data [Relative Folder Path: "target/downloadedFiles/"]. @27-10-2021 06:46:56.0114 AM
[ReportManager] Attempting to run locally on: [Mac-64], [Safari], Headless Execution. @27-10-2021 06:46:56.0114 AM
[ReportManager] Successfully Opened Safari. @27-10-2021 06:46:56.0919 AM
[ReportManager] Initial window size: (800, 600) @27-10-2021 06:46:56.0925 AM
[ReportManager] Window size after SWD Maximize: (1176, 811) @27-10-2021 06:46:56.0940 AM
[ReportManager] Browser Action [MaximizeWindow] successfully performed. With the following test data [New screen size is now: (1176, 811)]. @27-10-2021 06:46:56.0940 AM
[ReportManager] Target URL: [https://www.google.com/ncr], and after redirection: [www.google.com] @27-10-2021 06:46:56.0940 AM
[ReportManager] Initial URL: [] @27-10-2021 06:46:56.0978 AM
[ReportManager] Browser Action [NavigateToURL] successfully performed. With the following test data [https://www.google.com/ncr]. @27-10-2021 06:46:58.0308 A

################################################################################################################################################
Starting Execution:	[34 out of 143] test cases in the current suite
Test Method:		[unitTests.tests_validations_assertions.assertElementAttribute_false_literalComparison_expectedToPass]
################################################################################################################################################
[ReportManager] Element Action [Type] successfully performed. With the following test data [Automation!@#$%^&*()_+{}[]\';/.,]. @27-10-2021 06:46:59.0388 AM
[ReportManager] Element Action [GetText] successfully performed. With the following test data [Automation!@#$%^&*()_+{}[]\';/.,]. @27-10-2021 06:46:59.0440 AM
[ReportManager] Loaded Shared OpenCV @27-10-2021 06:46:59.0491 AM
[ReportManager] Assertion [ValidateElementAttribute] PASSED. Expected [Value Should not be 'Automation' for the 'text' attribute, element locator 'By.name: q'] and Actual [Automation!@#$%^&*()_+{}[]\';/.,]. Comparison Type [EQUALS]. Validation Type [NEGATIVE]. @27-10-2021 06:46:59.0591 AM
[ReportManager] Successfully created attachment [Screenshot - 1635317219491_assertElementAttribute_false_literalComparison_expectedToPass_ValidateElementAttribute_passed] @27-10-2021 06:46:59.0592 A
[ReportManager] Browser Action [CloseCurrentWindow] successfully performed. @27-10-2021 06:46:59.0653 AM
[ReportManager] Successfully created attachment [Browser Action Test Data - CloseCurrentWindow - Actual Value] @27-10-2021 06:46:59.0654 A
[ReportManager] File Action [GetAbsolutePath] successfully performed. With the following test data [Relative Folder Path: "target/downloadedFiles/"]. @27-10-2021 06:46:59.0669 AM
[ReportManager] Attempting to run locally on: [Mac-64], [Safari], Headless Execution. @27-10-2021 06:46:59.0670 AM
[ReportManager] Successfully Opened Safari. @27-10-2021 06:47:00.0517 AM
[ReportManager] Initial window size: (800, 600) @27-10-2021 06:47:00.0532 AM
[ReportManager] Window size after SWD Maximize: (1176, 811) @27-10-2021 06:47:00.0545 AM
[ReportManager] Browser Action [MaximizeWindow] successfully performed. With the following test data [New screen size is now: (1176, 811)]. @27-10-2021 06:47:00.0545 AM
[ReportManager] Target URL: [https://www.google.com/ncr], and after redirection: [www.google.com] @27-10-2021 06:47:00.0545 AM
[ReportManager] Initial URL: [] @27-10-2021 06:47:00.0604 AM
[ReportManager] Browser Action [NavigateToURL] successfully performed. With the following test data [https://www.google.com/ncr]. @27-10-2021 06:47:01.0361 A

################################################################################################################################################
Starting Execution:	[35 out of 143] test cases in the current suite
Test Method:		[unitTests.tests_validations_assertions.assertElementAttribute_false_regexComparison_expectedToFail]
################################################################################################################################################
[ReportManager] Element Action [Type] successfully performed. With the following test data [Automation123]. @27-10-2021 06:47:01.0887 AM
[ReportManager] Element Action [GetText] successfully performed. With the following test data [Automation123]. @27-10-2021 06:47:01.0951 AM
[ReportManager] Loaded Shared OpenCV @27-10-2021 06:47:02.0004 AM
[ReportManager] Assertion [ValidateElementAttribute] FAILED. Expected [Value Should not be 'Automation.*' for the 'text' attribute, element locator 'By.name: q'] and Actual [Automation123]. Comparison Type [MATCHES]. Validation Type [NEGATIVE]. @27-10-2021 06:47:02.0128 AM
[ReportManager] Successfully created attachment [Screenshot - 1635317222004_assertElementAttribute_false_regexComparison_expectedToFail_ValidateElementAttribute_failed] @27-10-2021 06:47:02.0130 A
[ReportManager] Browser Action [CloseCurrentWindow] successfully performed. @27-10-2021 06:47:02.0284 AM
[ReportManager] Successfully created attachment [Browser Action Test Data - CloseCurrentWindow - Actual Value] @27-10-2021 06:47:02.0285 A
[ReportManager] File Action [GetAbsolutePath] successfully performed. With the following test data [Relative Folder Path: "target/downloadedFiles/"]. @27-10-2021 06:47:02.0289 AM
[ReportManager] Attempting to run locally on: [Mac-64], [Safari], Headless Execution. @27-10-2021 06:47:02.0290 AM
[ReportManager] Successfully Opened Safari. @27-10-2021 06:47:03.0086 AM
[ReportManager] Initial window size: (800, 600) @27-10-2021 06:47:03.0112 AM
[ReportManager] Window size after SWD Maximize: (1176, 811) @27-10-2021 06:47:03.0142 AM
[ReportManager] Browser Action [MaximizeWindow] successfully performed. With the following test data [New screen size is now: (1176, 811)]. @27-10-2021 06:47:03.0142 AM
[ReportManager] Target URL: [https://www.google.com/ncr], and after redirection: [www.google.com] @27-10-2021 06:47:03.0142 AM
[ReportManager] Initial URL: [] @27-10-2021 06:47:03.0195 AM
[ReportManager] Browser Action [NavigateToURL] successfully performed. With the following test data [https://www.google.com/ncr]. @27-10-2021 06:47:04.0425 A

################################################################################################################################################
Starting Execution:	[36 out of 143] test cases in the current suite
Test Method:		[unitTests.tests_validations_assertions.assertElementAttribute_false_regexComparison_expectedToPass]
################################################################################################################################################
[ReportManager] Element Action [Type] successfully performed. With the following test data [Automation123]. @27-10-2021 06:47:04.0991 AM
[ReportManager] Element Action [GetText] successfully performed. With the following test data [Automation123]. @27-10-2021 06:47:05.0045 AM
[ReportManager] Loaded Shared OpenCV @27-10-2021 06:47:05.0100 AM
[ReportManager] Assertion [ValidateElementAttribute] PASSED. Expected [Value Should not be 'Automation' for the 'text' attribute, element locator 'By.name: q'] and Actual [Automation123]. Comparison Type [MATCHES]. Validation Type [NEGATIVE]. @27-10-2021 06:47:05.0203 AM
[ReportManager] Successfully created attachment [Screenshot - 1635317225100_assertElementAttribute_false_regexComparison_expectedToPass_ValidateElementAttribute_passed] @27-10-2021 06:47:05.0204 A
[ReportManager] Browser Action [CloseCurrentWindow] successfully performed. @27-10-2021 06:47:05.0485 AM
[ReportManager] Successfully created attachment [Browser Action Test Data - CloseCurrentWindow - Actual Value] @27-10-2021 06:47:05.0486 A
[ReportManager] File Action [GetAbsolutePath] successfully performed. With the following test data [Relative Folder Path: "target/downloadedFiles/"]. @27-10-2021 06:47:05.0491 AM
[ReportManager] Attempting to run locally on: [Mac-64], [Safari], Headless Execution. @27-10-2021 06:47:05.0491 AM
[ReportManager] Successfully Opened Safari. @27-10-2021 06:47:06.0374 AM
[ReportManager] Initial window size: (800, 600) @27-10-2021 06:47:06.0379 AM
[ReportManager] Window size after SWD Maximize: (1176, 811) @27-10-2021 06:47:06.0400 AM
[ReportManager] Browser Action [MaximizeWindow] successfully performed. With the following test data [New screen size is now: (1176, 811)]. @27-10-2021 06:47:06.0401 AM
[ReportManager] Target URL: [https://www.google.com/ncr], and after redirection: [www.google.com] @27-10-2021 06:47:06.0401 AM
[ReportManager] Initial URL: [] @27-10-2021 06:47:06.0446 AM
[ReportManager] Browser Action [NavigateToURL] successfully performed. With the following test data [https://www.google.com/ncr]. @27-10-2021 06:47:07.0994 A

################################################################################################################################################
Starting Execution:	[37 out of 143] test cases in the current suite
Test Method:		[unitTests.tests_validations_assertions.assertElementAttribute_true_caseInsensitiveComparison_expectedToFail]
################################################################################################################################################
[ReportManager] Element Action [Type] successfully performed. With the following test data [AUTOMATION]. @27-10-2021 06:47:08.0422 AM
[ReportManager] Element Action [GetText] successfully performed. With the following test data [AUTOMATION]. @27-10-2021 06:47:08.0477 AM
[ReportManager] Loaded Shared OpenCV @27-10-2021 06:47:08.0529 AM
[ReportManager] Assertion [ValidateElementAttribute] FAILED. Expected [Value Should be 'AutomaTion123' for the 'text' attribute, element locator 'By.name: q'] and Actual [AUTOMATION]. Comparison Type [CASE_INSENSITIVE]. Validation Type [POSITIVE]. @27-10-2021 06:47:08.0633 AM
[ReportManager] Successfully created attachment [Screenshot - 1635317228529_assertElementAttribute_true_caseInsensitiveComparison_expectedToFail_ValidateElementAttribute_failed] @27-10-2021 06:47:08.0634 A
[ReportManager] Browser Action [CloseCurrentWindow] successfully performed. @27-10-2021 06:47:08.0810 AM
[ReportManager] Successfully created attachment [Browser Action Test Data - CloseCurrentWindow - Actual Value] @27-10-2021 06:47:08.0811 A
[ReportManager] File Action [GetAbsolutePath] successfully performed. With the following test data [Relative Folder Path: "target/downloadedFiles/"]. @27-10-2021 06:47:08.0815 AM
[ReportManager] Attempting to run locally on: [Mac-64], [Safari], Headless Execution. @27-10-2021 06:47:08.0815 AM
[ReportManager] Successfully Opened Safari. @27-10-2021 06:47:09.0640 AM
[ReportManager] Initial window size: (800, 600) @27-10-2021 06:47:09.0645 AM
[ReportManager] Window size after SWD Maximize: (1176, 811) @27-10-2021 06:47:09.0667 AM
[ReportManager] Browser Action [MaximizeWindow] successfully performed. With the following test data [New screen size is now: (1176, 811)]. @27-10-2021 06:47:09.0667 AM
[ReportManager] Target URL: [https://www.google.com/ncr], and after redirection: [www.google.com] @27-10-2021 06:47:09.0668 AM
[ReportManager] Initial URL: [] @27-10-2021 06:47:09.0717 AM
[ReportManager] Browser Action [NavigateToURL] successfully performed. With the following test data [https://www.google.com/ncr]. @27-10-2021 06:47:11.0051 A

################################################################################################################################################
Starting Execution:	[38 out of 143] test cases in the current suite
Test Method:		[unitTests.tests_validations_assertions.assertElementAttribute_true_caseInsensitiveComparison_expectedToPass]
################################################################################################################################################
[ReportManager] Element Action [Type] successfully performed. With the following test data [AUTOMATION]. @27-10-2021 06:47:11.0445 AM
[ReportManager] Element Action [GetText] successfully performed. With the following test data [AUTOMATION]. @27-10-2021 06:47:11.0497 AM
[ReportManager] Loaded Shared OpenCV @27-10-2021 06:47:11.0552 AM
[ReportManager] Assertion [ValidateElementAttribute] PASSED. Expected [Value Should be 'AutomaTion' for the 'text' attribute, element locator 'By.name: q'] and Actual [AUTOMATION]. Comparison Type [CASE_INSENSITIVE]. Validation Type [POSITIVE]. @27-10-2021 06:47:11.0708 AM
[ReportManager] Successfully created attachment [Screenshot - 1635317231552_assertElementAttribute_true_caseInsensitiveComparison_expectedToPass_ValidateElementAttribute_passed] @27-10-2021 06:47:11.0709 A
[ReportManager] Browser Action [CloseCurrentWindow] successfully performed. @27-10-2021 06:47:11.0828 AM
[ReportManager] Successfully created attachment [Browser Action Test Data - CloseCurrentWindow - Actual Value] @27-10-2021 06:47:11.0829 A
[ReportManager] File Action [GetAbsolutePath] successfully performed. With the following test data [Relative Folder Path: "target/downloadedFiles/"]. @27-10-2021 06:47:11.0833 AM
[ReportManager] Attempting to run locally on: [Mac-64], [Safari], Headless Execution. @27-10-2021 06:47:11.0833 AM
[ReportManager] Successfully Opened Safari. @27-10-2021 06:47:12.0651 AM
[ReportManager] Initial window size: (800, 600) @27-10-2021 06:47:12.0656 AM
[ReportManager] Window size after SWD Maximize: (1176, 811) @27-10-2021 06:47:12.0685 AM
[ReportManager] Browser Action [MaximizeWindow] successfully performed. With the following test data [New screen size is now: (1176, 811)]. @27-10-2021 06:47:12.0686 AM
[ReportManager] Target URL: [https://www.google.com/ncr], and after redirection: [www.google.com] @27-10-2021 06:47:12.0686 AM
[ReportManager] Initial URL: [] @27-10-2021 06:47:12.0742 AM
[ReportManager] Browser Action [NavigateToURL] successfully performed. With the following test data [https://www.google.com/ncr]. @27-10-2021 06:47:13.0560 A

################################################################################################################################################
Starting Execution:	[39 out of 143] test cases in the current suite
Test Method:		[unitTests.tests_validations_assertions.assertElementAttribute_true_containsComparison_expectedToFail]
################################################################################################################################################
[ReportManager] Element Action [Type] successfully performed. With the following test data [Automation123]. @27-10-2021 06:47:14.0032 AM
[ReportManager] Element Action [GetText] successfully performed. With the following test data [Automation123]. @27-10-2021 06:47:14.0087 AM
[ReportManager] Loaded Shared OpenCV @27-10-2021 06:47:14.0138 AM
[ReportManager] Assertion [ValidateElementAttribute] FAILED. Expected [Value Should be 'Automation1234' for the 'text' attribute, element locator 'By.name: q'] and Actual [Automation123]. Comparison Type [CONTAINS]. Validation Type [POSITIVE]. @27-10-2021 06:47:14.0232 AM
[ReportManager] Successfully created attachment [Screenshot - 1635317234138_assertElementAttribute_true_containsComparison_expectedToFail_ValidateElementAttribute_failed] @27-10-2021 06:47:14.0233 A
[ReportManager] Browser Action [CloseCurrentWindow] successfully performed. @27-10-2021 06:47:14.0469 AM
[ReportManager] Successfully created attachment [Browser Action Test Data - CloseCurrentWindow - Actual Value] @27-10-2021 06:47:14.0470 A
[ReportManager] File Action [GetAbsolutePath] successfully performed. With the following test data [Relative Folder Path: "target/downloadedFiles/"]. @27-10-2021 06:47:14.0473 AM
[ReportManager] Attempting to run locally on: [Mac-64], [Safari], Headless Execution. @27-10-2021 06:47:14.0474 AM
[ReportManager] Successfully Opened Safari. @27-10-2021 06:47:15.0273 AM
[ReportManager] Initial window size: (800, 600) @27-10-2021 06:47:15.0279 AM
[ReportManager] Window size after SWD Maximize: (1176, 811) @27-10-2021 06:47:15.0309 AM
[ReportManager] Browser Action [MaximizeWindow] successfully performed. With the following test data [New screen size is now: (1176, 811)]. @27-10-2021 06:47:15.0309 AM
[ReportManager] Target URL: [https://www.google.com/ncr], and after redirection: [www.google.com] @27-10-2021 06:47:15.0309 AM
[ReportManager] Initial URL: [] @27-10-2021 06:47:15.0374 AM
[ReportManager] Browser Action [NavigateToURL] successfully performed. With the following test data [https://www.google.com/ncr]. @27-10-2021 06:47:16.0075 A

################################################################################################################################################
Starting Execution:	[40 out of 143] test cases in the current suite
Test Method:		[unitTests.tests_validations_assertions.assertElementAttribute_true_containsComparison_expectedToPass]
################################################################################################################################################
[ReportManager] Element Action [Type] successfully performed. With the following test data [Automation123]. @27-10-2021 06:47:16.0568 AM
[ReportManager] Element Action [GetText] successfully performed. With the following test data [Automation123]. @27-10-2021 06:47:16.0612 AM
[ReportManager] Loaded Shared OpenCV @27-10-2021 06:47:16.0659 AM
[ReportManager] Assertion [ValidateElementAttribute] PASSED. Expected [Value Should be 'Automation' for the 'text' attribute, element locator 'By.name: q'] and Actual [Automation123]. Comparison Type [CONTAINS]. Validation Type [POSITIVE]. @27-10-2021 06:47:16.0755 AM
[ReportManager] Successfully created attachment [Screenshot - 1635317236659_assertElementAttribute_true_containsComparison_expectedToPass_ValidateElementAttribute_passed] @27-10-2021 06:47:16.0757 A
[ReportManager] Browser Action [CloseCurrentWindow] successfully performed. @27-10-2021 06:47:16.0892 AM
[ReportManager] Successfully created attachment [Browser Action Test Data - CloseCurrentWindow - Actual Value] @27-10-2021 06:47:16.0893 A
[ReportManager] File Action [GetAbsolutePath] successfully performed. With the following test data [Relative Folder Path: "target/downloadedFiles/"]. @27-10-2021 06:47:16.0896 AM
[ReportManager] Attempting to run locally on: [Mac-64], [Safari], Headless Execution. @27-10-2021 06:47:16.0897 AM
[ReportManager] Successfully Opened Safari. @27-10-2021 06:47:17.0686 AM
[ReportManager] Initial window size: (800, 600) @27-10-2021 06:47:17.0703 AM
[ReportManager] Window size after SWD Maximize: (1176, 811) @27-10-2021 06:47:17.0714 AM
[ReportManager] Browser Action [MaximizeWindow] successfully performed. With the following test data [New screen size is now: (1176, 811)]. @27-10-2021 06:47:17.0715 AM
[ReportManager] Target URL: [https://www.google.com/ncr], and after redirection: [www.google.com] @27-10-2021 06:47:17.0715 AM
[ReportManager] Initial URL: [] @27-10-2021 06:47:17.0774 AM
[ReportManager] Browser Action [NavigateToURL] successfully performed. With the following test data [https://www.google.com/ncr]. @27-10-2021 06:47:18.0607 A

################################################################################################################################################
Starting Execution:	[41 out of 143] test cases in the current suite
Test Method:		[unitTests.tests_validations_assertions.assertElementAttribute_true_literalComparison_expectedToFail]
################################################################################################################################################
[ReportManager] Element Action [Type] successfully performed. With the following test data [Automation!@#$%^&*()_+{}[]\';/.,]. @27-10-2021 06:47:19.0699 AM
[ReportManager] Element Action [GetText] successfully performed. With the following test data [Automation!@#$%^&*()_+{}[]\';/.,]. @27-10-2021 06:47:19.0748 AM
[ReportManager] Loaded Shared OpenCV @27-10-2021 06:47:19.0803 AM
[ReportManager] Assertion [ValidateElementAttribute] FAILED. Expected [Value Should be 'Automation' for the 'text' attribute, element locator 'By.name: q'] and Actual [Automation!@#$%^&*()_+{}[]\';/.,]. Comparison Type [EQUALS]. Validation Type [POSITIVE]. @27-10-2021 06:47:19.0914 AM
[ReportManager] Successfully created attachment [Screenshot - 1635317239803_assertElementAttribute_true_literalComparison_expectedToFail_ValidateElementAttribute_failed] @27-10-2021 06:47:19.0915 A
[ReportManager] Browser Action [CloseCurrentWindow] successfully performed. @27-10-2021 06:47:19.0983 AM
[ReportManager] Successfully created attachment [Browser Action Test Data - CloseCurrentWindow - Actual Value] @27-10-2021 06:47:19.0985 A
[ReportManager] File Action [GetAbsolutePath] successfully performed. With the following test data [Relative Folder Path: "target/downloadedFiles/"]. @27-10-2021 06:47:19.0998 AM
[ReportManager] Attempting to run locally on: [Mac-64], [Safari], Headless Execution. @27-10-2021 06:47:19.0998 AM
[ReportManager] Successfully Opened Safari. @27-10-2021 06:47:20.0790 AM
[ReportManager] Initial window size: (800, 600) @27-10-2021 06:47:20.0797 AM
[ReportManager] Window size after SWD Maximize: (1176, 811) @27-10-2021 06:47:20.0815 AM
[ReportManager] Browser Action [MaximizeWindow] successfully performed. With the following test data [New screen size is now: (1176, 811)]. @27-10-2021 06:47:20.0816 AM
[ReportManager] Target URL: [https://www.google.com/ncr], and after redirection: [www.google.com] @27-10-2021 06:47:20.0816 AM
[ReportManager] Initial URL: [] @27-10-2021 06:47:20.0880 AM
[ReportManager] Browser Action [NavigateToURL] successfully performed. With the following test data [https://www.google.com/ncr]. @27-10-2021 06:47:21.0577 A

################################################################################################################################################
Starting Execution:	[42 out of 143] test cases in the current suite
Test Method:		[unitTests.tests_validations_assertions.assertElementAttribute_true_literalComparison_expectedToPass]
################################################################################################################################################
[ReportManager] Element Action [Type] successfully performed. With the following test data [Automation!@#$%^&*()_+{}[]\';/.,]. @27-10-2021 06:47:22.0742 AM
[ReportManager] Element Action [GetText] successfully performed. With the following test data [Automation!@#$%^&*()_+{}[]\';/.,]. @27-10-2021 06:47:22.0788 AM
[ReportManager] Loaded Shared OpenCV @27-10-2021 06:47:22.0840 AM
[ReportManager] Assertion [ValidateElementAttribute] PASSED. Expected [Value Should be 'Automation!@#$%^&*()_+{}[]\';/.,' for the 'text' attribute, element locator 'By.name: q'] and Actual [Automation!@#$%^&*()_+{}[]\';/.,]. Comparison Type [EQUALS]. Validation Type [POSITIVE]. @27-10-2021 06:47:22.0949 AM
[ReportManager] Successfully created attachment [Screenshot - 1635317242840_assertElementAttribute_true_literalComparison_expectedToPass_ValidateElementAttribute_passed] @27-10-2021 06:47:22.0951 A
[ReportManager] Browser Action [CloseCurrentWindow] successfully performed. @27-10-2021 06:47:23.0087 AM
[ReportManager] Successfully created attachment [Browser Action Test Data - CloseCurrentWindow - Actual Value] @27-10-2021 06:47:23.0088 A
[ReportManager] File Action [GetAbsolutePath] successfully performed. With the following test data [Relative Folder Path: "target/downloadedFiles/"]. @27-10-2021 06:47:23.0091 AM
[ReportManager] Attempting to run locally on: [Mac-64], [Safari], Headless Execution. @27-10-2021 06:47:23.0092 AM
[ReportManager] Successfully Opened Safari. @27-10-2021 06:47:23.0914 AM
[ReportManager] Initial window size: (800, 600) @27-10-2021 06:47:23.0932 AM
[ReportManager] Window size after SWD Maximize: (1176, 811) @27-10-2021 06:47:23.0949 AM
[ReportManager] Browser Action [MaximizeWindow] successfully performed. With the following test data [New screen size is now: (1176, 811)]. @27-10-2021 06:47:23.0949 AM
[ReportManager] Target URL: [https://www.google.com/ncr], and after redirection: [www.google.com] @27-10-2021 06:47:23.0949 AM
[ReportManager] Initial URL: [] @27-10-2021 06:47:24.0010 AM
[ReportManager] Browser Action [NavigateToURL] successfully performed. With the following test data [https://www.google.com/ncr]. @27-10-2021 06:47:25.0315 A

################################################################################################################################################
Starting Execution:	[43 out of 143] test cases in the current suite
Test Method:		[unitTests.tests_validations_assertions.assertElementAttribute_true_regexComparison_expectedToFail]
################################################################################################################################################
[ReportManager] Element Action [Type] successfully performed. With the following test data [Automation123]. @27-10-2021 06:47:25.0812 AM
[ReportManager] Element Action [GetText] successfully performed. With the following test data [Automation123]. @27-10-2021 06:47:25.0861 AM
[ReportManager] Loaded Shared OpenCV @27-10-2021 06:47:25.0919 AM
[ReportManager] Assertion [ValidateElementAttribute] FAILED. Expected [Value Should be 'Automation' for the 'text' attribute, element locator 'By.name: q'] and Actual [Automation123]. Comparison Type [MATCHES]. Validation Type [POSITIVE]. @27-10-2021 06:47:26.0030 AM
[ReportManager] Successfully created attachment [Screenshot - 1635317245919_assertElementAttribute_true_regexComparison_expectedToFail_ValidateElementAttribute_failed] @27-10-2021 06:47:26.0034 A
[ReportManager] Browser Action [CloseCurrentWindow] successfully performed. @27-10-2021 06:47:26.0104 AM
[ReportManager] Successfully created attachment [Browser Action Test Data - CloseCurrentWindow - Actual Value] @27-10-2021 06:47:26.0113 A
[ReportManager] File Action [GetAbsolutePath] successfully performed. With the following test data [Relative Folder Path: "target/downloadedFiles/"]. @27-10-2021 06:47:26.0120 AM
[ReportManager] Attempting to run locally on: [Mac-64], [Safari], Headless Execution. @27-10-2021 06:47:26.0121 AM
[ReportManager] Successfully Opened Safari. @27-10-2021 06:47:26.0943 AM
[ReportManager] Initial window size: (800, 600) @27-10-2021 06:47:26.0949 AM
[ReportManager] Window size after SWD Maximize: (1176, 811) @27-10-2021 06:47:26.0974 AM
[ReportManager] Browser Action [MaximizeWindow] successfully performed. With the following test data [New screen size is now: (1176, 811)]. @27-10-2021 06:47:26.0975 AM
[ReportManager] Target URL: [https://www.google.com/ncr], and after redirection: [www.google.com] @27-10-2021 06:47:26.0975 AM
[ReportManager] Initial URL: [] @27-10-2021 06:47:27.0031 AM
[ReportManager] Browser Action [NavigateToURL] successfully performed. With the following test data [https://www.google.com/ncr]. @27-10-2021 06:47:27.0881 A

################################################################################################################################################
Starting Execution:	[44 out of 143] test cases in the current suite
Test Method:		[unitTests.tests_validations_assertions.assertElementAttribute_true_regexComparison_expectedToPass]
################################################################################################################################################
[ReportManager] Element Action [Type] successfully performed. With the following test data [Automation123]. @27-10-2021 06:47:28.0358 AM
[ReportManager] Element Action [GetText] successfully performed. With the following test data [Automation123]. @27-10-2021 06:47:28.0408 AM
[ReportManager] Loaded Shared OpenCV @27-10-2021 06:47:28.0459 AM
[ReportManager] Assertion [ValidateElementAttribute] PASSED. Expected [Value Should be 'Automation.*' for the 'text' attribute, element locator 'By.name: q'] and Actual [Automation123]. Comparison Type [MATCHES]. Validation Type [POSITIVE]. @27-10-2021 06:47:28.0553 AM
[ReportManager] Successfully created attachment [Screenshot - 1635317248459_assertElementAttribute_true_regexComparison_expectedToPass_ValidateElementAttribute_passed] @27-10-2021 06:47:28.0555 A
[ReportManager] Browser Action [CloseCurrentWindow] successfully performed. @27-10-2021 06:47:28.0808 AM
[ReportManager] Successfully created attachment [Browser Action Test Data - CloseCurrentWindow - Actual Value] @27-10-2021 06:47:28.0809 A
[ReportManager] File Action [GetAbsolutePath] successfully performed. With the following test data [Relative Folder Path: "target/downloadedFiles/"]. @27-10-2021 06:47:28.0813 AM
[ReportManager] Attempting to run locally on: [Mac-64], [Safari], Headless Execution. @27-10-2021 06:47:28.0813 AM
[ReportManager] Successfully Opened Safari. @27-10-2021 06:47:29.0657 AM
[ReportManager] Initial window size: (800, 600) @27-10-2021 06:47:29.0662 AM
[ReportManager] Window size after SWD Maximize: (1176, 811) @27-10-2021 06:47:29.0682 AM
[ReportManager] Browser Action [MaximizeWindow] successfully performed. With the following test data [New screen size is now: (1176, 811)]. @27-10-2021 06:47:29.0683 AM
[ReportManager] Target URL: [https://www.google.com/ncr], and after redirection: [www.google.com] @27-10-2021 06:47:29.0683 AM
[ReportManager] Initial URL: [] @27-10-2021 06:47:29.0749 AM
[ReportManager] Browser Action [NavigateToURL] successfully performed. With the following test data [https://www.google.com/ncr]. @27-10-2021 06:47:31.0040 A

################################################################################################################################################
Starting Execution:	[45 out of 143] test cases in the current suite
Test Method:		[unitTests.tests_validations_assertions.assertElementAttribute_type_true_literalComparison_expectedToPass]
################################################################################################################################################
[ReportManager] Element Action [Type] successfully performed. With the following test data [Automation!@#$%^&*()_+{}[]\';/.,]. @27-10-2021 06:47:32.0029 AM
[ReportManager] Element Action [GetText] successfully performed. With the following test data [Automation!@#$%^&*()_+{}[]\';/.,]. @27-10-2021 06:47:32.0080 AM
[ReportManager] Loaded Shared OpenCV @27-10-2021 06:47:32.0129 AM
[ReportManager] Assertion [ValidateElementAttribute] PASSED. Expected [Value Should be 'Automation!@#$%^&*()_+{}[]\';/.,' for the 'text' attribute, element locator 'By.name: q'] and Actual [Automation!@#$%^&*()_+{}[]\';/.,]. Comparison Type [EQUALS]. Validation Type [POSITIVE]. @27-10-2021 06:47:32.0280 AM
[ReportManager] Successfully created attachment [Screenshot - 1635317252129_assertElementAttribute_type_true_literalComparison_expectedToPass_ValidateElementAttribute_passed] @27-10-2021 06:47:32.0281 A
[ReportManager] Browser Action [CloseCurrentWindow] successfully performed. @27-10-2021 06:47:32.0522 AM
[ReportManager] Successfully created attachment [Browser Action Test Data - CloseCurrentWindow - Actual Value] @27-10-2021 06:47:32.0523 A
[ReportManager] File Action [GetAbsolutePath] successfully performed. With the following test data [Relative Folder Path: "target/downloadedFiles/"]. @27-10-2021 06:47:32.0526 AM
[ReportManager] Attempting to run locally on: [Mac-64], [Safari], Headless Execution. @27-10-2021 06:47:32.0526 AM
[ReportManager] Successfully Opened Safari. @27-10-2021 06:47:33.0323 AM
[ReportManager] Initial window size: (800, 600) @27-10-2021 06:47:33.0341 AM
[ReportManager] Window size after SWD Maximize: (1176, 811) @27-10-2021 06:47:33.0352 AM
[ReportManager] Browser Action [MaximizeWindow] successfully performed. With the following test data [New screen size is now: (1176, 811)]. @27-10-2021 06:47:33.0353 AM
[ReportManager] Target URL: [https://www.google.com/ncr], and after redirection: [www.google.com] @27-10-2021 06:47:33.0353 AM
[ReportManager] Initial URL: [] @27-10-2021 06:47:33.0405 AM
[ReportManager] Browser Action [NavigateToURL] successfully performed. With the following test data [https://www.google.com/ncr]. @27-10-2021 06:47:34.0076 A

################################################################################################################################################
Starting Execution:	[46 out of 143] test cases in the current suite
Test Method:		[unitTests.tests_validations_assertions.assertElementExists_false_expectedToFail]
###############################################################################################################################################
[ReportManager] Browser Action [CloseCurrentWindow] successfully performed. @27-10-2021 06:47:34.0353 AM
[ReportManager] Successfully created attachment [Browser Action Test Data - CloseCurrentWindow - Actual Value] @27-10-2021 06:47:34.0354 A
[ReportManager] File Action [GetAbsolutePath] successfully performed. With the following test data [Relative Folder Path: "target/downloadedFiles/"]. @27-10-2021 06:47:34.0357 AM
[ReportManager] Attempting to run locally on: [Mac-64], [Safari], Headless Execution. @27-10-2021 06:47:34.0357 AM
[ReportManager] Successfully Opened Safari. @27-10-2021 06:47:35.0187 AM
[ReportManager] Initial window size: (800, 600) @27-10-2021 06:47:35.0210 AM
[ReportManager] Window size after SWD Maximize: (1176, 811) @27-10-2021 06:47:35.0221 AM
[ReportManager] Browser Action [MaximizeWindow] successfully performed. With the following test data [New screen size is now: (1176, 811)]. @27-10-2021 06:47:35.0222 AM
[ReportManager] Target URL: [https://www.google.com/ncr], and after redirection: [www.google.com] @27-10-2021 06:47:35.0222 AM
[ReportManager] Initial URL: [] @27-10-2021 06:47:35.0295 AM
[ReportManager] Browser Action [NavigateToURL] successfully performed. With the following test data [https://www.google.com/ncr]. @27-10-2021 06:47:36.0616 A

################################################################################################################################################
Starting Execution:	[47 out of 143] test cases in the current suite
Test Method:		[unitTests.tests_validations_assertions.assertElementExists_false_expectedToPass]
###############################################################################################################################################
[ReportManager] Browser Action [CloseCurrentWindow] successfully performed. @27-10-2021 06:47:36.0867 AM
[ReportManager] Successfully created attachment [Browser Action Test Data - CloseCurrentWindow - Actual Value] @27-10-2021 06:47:36.0868 A
[ReportManager] File Action [GetAbsolutePath] successfully performed. With the following test data [Relative Folder Path: "target/downloadedFiles/"]. @27-10-2021 06:47:36.0871 AM
[ReportManager] Attempting to run locally on: [Mac-64], [Safari], Headless Execution. @27-10-2021 06:47:36.0872 AM
[ReportManager] Successfully Opened Safari. @27-10-2021 06:47:37.0665 AM
[ReportManager] Initial window size: (800, 600) @27-10-2021 06:47:37.0683 AM
[ReportManager] Window size after SWD Maximize: (1176, 811) @27-10-2021 06:47:37.0695 AM
[ReportManager] Browser Action [MaximizeWindow] successfully performed. With the following test data [New screen size is now: (1176, 811)]. @27-10-2021 06:47:37.0696 AM
[ReportManager] Target URL: [https://www.google.com/ncr], and after redirection: [www.google.com] @27-10-2021 06:47:37.0696 AM
[ReportManager] Initial URL: [] @27-10-2021 06:47:37.0754 AM
[ReportManager] Browser Action [NavigateToURL] successfully performed. With the following test data [https://www.google.com/ncr]. @27-10-2021 06:47:39.0088 A

################################################################################################################################################
Starting Execution:	[48 out of 143] test cases in the current suite
Test Method:		[unitTests.tests_validations_assertions.assertElementExists_false_multipleElementsFound_expectedToFail]
################################################################################################################################################
[ReportManager] Assertion [ValidateElementExists] FAILED. Expected [Element Should not Exist, locator 'By.xpath: //div'] and Actual [Element Exists but is not unique]. Comparison Type [EQUALS]. Validation Type [NEGATIVE]. @27-10-2021 06:47:39.0245 AM
[ReportManager] Successfully created attachment [Screenshot - 1635317259156_assertElementExists_false_multipleElementsFound_expectedToFail_ValidateElementExists_failed] @27-10-2021 06:47:39.0246 A
[ReportManager] Browser Action [CloseCurrentWindow] successfully performed. @27-10-2021 06:47:39.0357 AM
[ReportManager] Successfully created attachment [Browser Action Test Data - CloseCurrentWindow - Actual Value] @27-10-2021 06:47:39.0358 A
[ReportManager] File Action [GetAbsolutePath] successfully performed. With the following test data [Relative Folder Path: "target/downloadedFiles/"]. @27-10-2021 06:47:39.0361 AM
[ReportManager] Attempting to run locally on: [Mac-64], [Safari], Headless Execution. @27-10-2021 06:47:39.0362 AM
[ReportManager] Successfully Opened Safari. @27-10-2021 06:47:40.0163 AM
[ReportManager] Initial window size: (800, 600) @27-10-2021 06:47:40.0181 AM
[ReportManager] Window size after SWD Maximize: (1176, 811) @27-10-2021 06:47:40.0192 AM
[ReportManager] Browser Action [MaximizeWindow] successfully performed. With the following test data [New screen size is now: (1176, 811)]. @27-10-2021 06:47:40.0192 AM
[ReportManager] Target URL: [https://www.google.com/ncr], and after redirection: [www.google.com] @27-10-2021 06:47:40.0192 AM
[ReportManager] Initial URL: [] @27-10-2021 06:47:40.0233 AM
[ReportManager] Browser Action [NavigateToURL] successfully performed. With the following test data [https://www.google.com/ncr]. @27-10-2021 06:47:40.0961 A

################################################################################################################################################
Starting Execution:	[49 out of 143] test cases in the current suite
Test Method:		[unitTests.tests_validations_assertions.assertElementExists_true_expectedToFail]
###############################################################################################################################################
[ReportManager] Browser Action [CloseCurrentWindow] successfully performed. @27-10-2021 06:47:41.0269 AM
[ReportManager] Successfully created attachment [Browser Action Test Data - CloseCurrentWindow - Actual Value] @27-10-2021 06:47:41.0270 A
[ReportManager] File Action [GetAbsolutePath] successfully performed. With the following test data [Relative Folder Path: "target/downloadedFiles/"]. @27-10-2021 06:47:41.0273 AM
[ReportManager] Attempting to run locally on: [Mac-64], [Safari], Headless Execution. @27-10-2021 06:47:41.0274 AM
[ReportManager] Successfully Opened Safari. @27-10-2021 06:47:42.0119 AM
[ReportManager] Initial window size: (800, 600) @27-10-2021 06:47:42.0138 AM
[ReportManager] Window size after SWD Maximize: (1176, 811) @27-10-2021 06:47:42.0150 AM
[ReportManager] Browser Action [MaximizeWindow] successfully performed. With the following test data [New screen size is now: (1176, 811)]. @27-10-2021 06:47:42.0150 AM
[ReportManager] Target URL: [https://www.google.com/ncr], and after redirection: [www.google.com] @27-10-2021 06:47:42.0150 AM
[ReportManager] Initial URL: [] @27-10-2021 06:47:42.0209 AM
[ReportManager] Browser Action [NavigateToURL] successfully performed. With the following test data [https://www.google.com/ncr]. @27-10-2021 06:47:43.0074 A

################################################################################################################################################
Starting Execution:	[50 out of 143] test cases in the current suite
Test Method:		[unitTests.tests_validations_assertions.assertElementExists_true_expectedToPass]
################################################################################################################################################
[ReportManager] Loaded Shared OpenCV @27-10-2021 06:47:43.0152 AM
[ReportManager] Assertion [ValidateElementExists] PASSED. Expected [Element Should Exist, locator 'By.xpath: //*[@id='hplogo' or @alt='Google']'] and Actual [Element Exists]. Comparison Type [EQUALS]. Validation Type [POSITIVE]. @27-10-2021 06:47:43.0252 AM
[ReportManager] Successfully created attachment [Screenshot - 1635317263152_assertElementExists_true_expectedToPass_ValidateElementExists_passed] @27-10-2021 06:47:43.0253 A
[ReportManager] Browser Action [CloseCurrentWindow] successfully performed. @27-10-2021 06:47:43.0415 AM
[ReportManager] Successfully created attachment [Browser Action Test Data - CloseCurrentWindow - Actual Value] @27-10-2021 06:47:43.0416 A
[ReportManager] File Action [GetAbsolutePath] successfully performed. With the following test data [Relative Folder Path: "target/downloadedFiles/"]. @27-10-2021 06:47:43.0419 AM
[ReportManager] Attempting to run locally on: [Mac-64], [Safari], Headless Execution. @27-10-2021 06:47:43.0419 AM
[ReportManager] Successfully Opened Safari. @27-10-2021 06:47:44.0204 AM
[ReportManager] Initial window size: (800, 600) @27-10-2021 06:47:44.0216 AM
[ReportManager] Window size after SWD Maximize: (1176, 811) @27-10-2021 06:47:44.0227 AM
[ReportManager] Browser Action [MaximizeWindow] successfully performed. With the following test data [New screen size is now: (1176, 811)]. @27-10-2021 06:47:44.0227 AM
[ReportManager] Target URL: [https://www.google.com/ncr], and after redirection: [www.google.com] @27-10-2021 06:47:44.0228 AM
[ReportManager] Initial URL: [] @27-10-2021 06:47:44.0273 AM
[ReportManager] Browser Action [NavigateToURL] successfully performed. With the following test data [https://www.google.com/ncr]. @27-10-2021 06:47:45.0544 A

################################################################################################################################################
Starting Execution:	[51 out of 143] test cases in the current suite
Test Method:		[unitTests.tests_validations_assertions.assertElementExists_true_multipleElementsFound_expectedToFail]
################################################################################################################################################
[ReportManager] Assertion [ValidateElementExists] FAILED. Expected [Element Should Exist, locator 'By.xpath: //div'] and Actual [Element Exists but is not unique]. Comparison Type [EQUALS]. Validation Type [POSITIVE]. @27-10-2021 06:47:45.0690 AM
[ReportManager] Successfully created attachment [Screenshot - 1635317265612_assertElementExists_true_multipleElementsFound_expectedToFail_ValidateElementExists_failed] @27-10-2021 06:47:45.0691 A
[ReportManager] Browser Action [CloseCurrentWindow] successfully performed. @27-10-2021 06:47:46.0026 AM
[ReportManager] Successfully created attachment [Browser Action Test Data - CloseCurrentWindow - Actual Value] @27-10-2021 06:47:46.0027 A

################################################################################################################################################
Starting Execution:	[52 out of 143] test cases in the current suite
Test Method:		[unitTests.tests_validations_assertions.assertEquals_false_expectedToFail]
################################################################################################################################################
[ReportManager] Assertion [ValidateEquals] FAILED. Expected [1] and Actual [1]. Comparison Type [EQUALS]. Validation Type [NEGATIVE]. @27-10-2021 06:47:46.0032 A

################################################################################################################################################
Starting Execution:	[53 out of 143] test cases in the current suite
Test Method:		[unitTests.tests_validations_assertions.assertEquals_false_expectedToPass]
################################################################################################################################################
[ReportManager] Assertion [ValidateEquals] PASSED. Expected [1] and Actual [2]. Comparison Type [EQUALS]. Validation Type [NEGATIVE]. @27-10-2021 06:47:46.0036 A

################################################################################################################################################
Starting Execution:	[54 out of 143] test cases in the current suite
Test Method:		[unitTests.tests_validations_assertions.assertEquals_longCharacters]
################################################################################################################################################
[ReportManager] Verification [ValidateEquals] PASSED. Expected and Actual values are attached. Comparison Type [EQUALS]. Validation Type [POSITIVE]. @27-10-2021 06:47:46.0042 AM
[ReportManager] Successfully created attachment [Validation Test Data - Expected Value] @27-10-2021 06:47:46.0042 AM
[ReportManager] Successfully created attachment [Validation Test Data - Actual Value] @27-10-2021 06:47:46.0043 AM
[ReportManager] Assertion [ValidateEquals] PASSED. Expected and Actual values are attached. Comparison Type [EQUALS]. Validation Type [POSITIVE]. @27-10-2021 06:47:46.0043 AM
[ReportManager] Successfully created attachment [Validation Test Data - Expected Value] @27-10-2021 06:47:46.0043 AM
[ReportManager] Successfully created attachment [Validation Test Data - Actual Value] @27-10-2021 06:47:46.0044 A

################################################################################################################################################
Starting Execution:	[55 out of 143] test cases in the current suite
Test Method:		[unitTests.tests_validations_assertions.assertEquals_longCharacters_Discreet]
################################################################################################################################################
[ReportManager] Assertion [ValidateEquals] PASSED. Expected [1LH5pROcDBjjQk0t0mCr0lXuzQu9lcGj28kY8R1H81X67eVAQJgWQhILiRWVPUgZ6uCtK5cnBkF55Jr9vYngjGO1Iyf0Mktv6lruDlL9T8MAUPcUZJGHZtji6nIeadujDSNmWMj5d6C8zlFqw0CRqBU0hO5adIasHgBSNoLotAjce3NGXoDwAlp3rYreeV16VIyZXROQY] and Actual [1LH5pROcDBjjQk0t0mCr0lXuzQu9lcGj28kY8R1H81X67eVAQJgWQhILiRWVPUgZ6uCtK5cnBkF55Jr9vYngjGO1Iyf0Mktv6lruDlL9T8MAUPcUZJGHZtji6nIeadujDSNmWMj5d6C8zlFqw0CRqBU0hO5adIasHgBSNoLotAjce3NGXoDwAlp3rYreeV16VIyZXROQY]. Comparison Type [EQUALS]. Validation Type [POSITIVE]. @27-10-2021 06:47:46.0047 A

################################################################################################################################################
Starting Execution:	[56 out of 143] test cases in the current suite
Test Method:		[unitTests.tests_validations_assertions.assertEquals_true_expectedToFail]
################################################################################################################################################
[ReportManager] Assertion [ValidateEquals] FAILED. Expected [1] and Actual [2]. Comparison Type [EQUALS]. Validation Type [POSITIVE]. @27-10-2021 06:47:46.0051 A

################################################################################################################################################
Starting Execution:	[57 out of 143] test cases in the current suite
Test Method:		[unitTests.tests_validations_assertions.assertEquals_true_expectedToPass]
Test Description:	[Assert that assertEquals works as expected when the two values are equal.]
################################################################################################################################################
[ReportManager] Verification [ValidateEquals] PASSED. Expected [1] and Actual [1]. Comparison Type [EQUALS]. Validation Type [POSITIVE]. @27-10-2021 06:47:46.0060 AM
[ReportManager] Assertion [ValidateEquals] PASSED. Expected [1] and Actual [1]. Comparison Type [EQUALS]. Validation Type [POSITIVE]. @27-10-2021 06:47:46.0060 A

################################################################################################################################################
Starting Execution:	[58 out of 143] test cases in the current suite
Test Method:		[unitTests.tests_validations_assertions.assertEquals_true_expectedToPass__]
################################################################################################################################################
[ReportManager] Assertion [ValidateEquals] PASSED. Expected [1] and Actual [1]. Comparison Type [EQUALS]. Validation Type [POSITIVE]. @27-10-2021 06:47:46.0064 A

################################################################################################################################################
Starting Execution:	[59 out of 143] test cases in the current suite
Test Method:		[unitTests.tests_validations_assertions.assertFileExists_false_expectedToFail]
################################################################################################################################################
[ReportManager] File Action [DoesFileExist] successfully performed. With the following test data [File Path: "src/main/java/com/shaft/gui/element/ElementActions.java"]. @27-10-2021 06:47:46.0068 AM
[ReportManager] Assertion [ValidateFileExists] FAILED. Expected [File 'src/main/java/com/shaft/gui/element/ElementActions.java' should not exist, after up to '1' retries] and Actual [File exists]. Validation Type [NEGATIVE]. @27-10-2021 06:47:46.0073 A

################################################################################################################################################
Starting Execution:	[60 out of 143] test cases in the current suite
Test Method:		[unitTests.tests_validations_assertions.assertFileExists_false_expectedToPass]
################################################################################################################################################
[ReportManager] File Action [DoesFileExist] successfully performed. With the following test data [File Path: "src/main/java/com/shaft/gui/element/ElementActions.java_fail"]. @27-10-2021 06:47:46.0665 AM
[ReportManager] Assertion [ValidateFileExists] PASSED. Expected [File 'src/main/java/com/shaft/gui/element/ElementActions.java_fail' should not exist, after up to '1' retries] and Actual [File does not exist]. Validation Type [NEGATIVE]. @27-10-2021 06:47:46.0665 A

################################################################################################################################################
Starting Execution:	[61 out of 143] test cases in the current suite
Test Method:		[unitTests.tests_validations_assertions.assertFileExists_true_expectedToFail]
################################################################################################################################################
[ReportManager] File Action [DoesFileExist] successfully performed. With the following test data [File Path: "src/main/java/com/shaft/gui/element/ElementActions.java_fail"]. @27-10-2021 06:47:47.0170 AM
[ReportManager] Assertion [ValidateFileExists] FAILED. Expected [File 'src/main/java/com/shaft/gui/element/ElementActions.java_fail' should exist, after up to '1' retries] and Actual [File does not exist]. Validation Type [POSITIVE]. @27-10-2021 06:47:47.0171 A

################################################################################################################################################
Starting Execution:	[62 out of 143] test cases in the current suite
Test Method:		[unitTests.tests_validations_assertions.assertFileExists_true_expectedToPass]
################################################################################################################################################
[ReportManager] File Action [DoesFileExist] successfully performed. With the following test data [File Path: "src/main/java/com/shaft/gui/element/ElementActions.java"]. @27-10-2021 06:47:47.0176 AM
[ReportManager] Assertion [ValidateFileExists] PASSED. Expected [File 'src/main/java/com/shaft/gui/element/ElementActions.java' should exist, after up to '1' retries] and Actual [File exists]. Validation Type [POSITIVE]. @27-10-2021 06:47:47.0176 A

################################################################################################################################################
Starting Execution:	[63 out of 143] test cases in the current suite
Test Method:		[unitTests.tests_validations_assertions.assertNull_false_expectedToFail]
################################################################################################################################################
[ReportManager] Assertion [ValidateNull] FAILED. Expected [NULL] and Actual [NULL]. Comparison Type [EQUALS]. Validation Type [NEGATIVE]. @27-10-2021 06:47:47.0180 A

################################################################################################################################################
Starting Execution:	[64 out of 143] test cases in the current suite
Test Method:		[unitTests.tests_validations_assertions.assertNull_false_expectedToPass]
################################################################################################################################################
[ReportManager] Assertion [ValidateNull] PASSED. Expected [NULL] and Actual [1]. Comparison Type [EQUALS]. Validation Type [NEGATIVE]. @27-10-2021 06:47:47.0185 A

################################################################################################################################################
Starting Execution:	[65 out of 143] test cases in the current suite
Test Method:		[unitTests.tests_validations_assertions.assertNull_true_expectedToFail]
################################################################################################################################################
[ReportManager] Assertion [ValidateNull] FAILED. Expected [NULL] and Actual [1]. Comparison Type [EQUALS]. Validation Type [POSITIVE]. @27-10-2021 06:47:47.0190 A

################################################################################################################################################
Starting Execution:	[66 out of 143] test cases in the current suite
Test Method:		[unitTests.tests_validations_assertions.assertNull_true_expectedToPass]
################################################################################################################################################
[ReportManager] Assertion [ValidateNull] PASSED. Expected [NULL] and Actual [NULL]. Comparison Type [EQUALS]. Validation Type [POSITIVE]. @27-10-2021 06:47:47.0194 A

################################################################################################################################################
Starting Execution:	[67 out of 143] test cases in the current suite
Test Method:		[unitTests.tests_restActions.getPostsAndAssertBodyForSpecificTitle]
################################################################################################################################################
[ReportManager] Response status code: [200], status line: [HTTP/1.1 200 OK] @27-10-2021 06:47:49.0774 AM
[ReportManager] Assertion Passed: Evaluating the actual response status code against the expected one... @27-10-2021 06:47:49.0774 AM
[ReportManager] Assertion [ValidateEquals] PASSED. Expected [200] and Actual [200]. Comparison Type [EQUALS]. Validation Type [POSITIVE]. @27-10-2021 06:47:49.0774 AM
[ReportManager] API Action [PerformRequest] successfully performed. With the following test data [Request Type: "GET" | Target Status Code: "200" | Service URL: "https://jsonplaceholder.typicode.com/posts" | Content Type: "*/*" | Response Time: "667ms"]. @27-10-2021 06:47:50.0832 AM
[ReportManager] Successfully created attachment [API Request - Specifications] @27-10-2021 06:47:50.0834 AM
[ReportManager] Successfully created attachment [API Response - JSON Body] @27-10-2021 06:47:51.0074 AM
[ReportManager] API Action [GetResponseJSONValueAsList] successfully performed. @27-10-2021 06:47:51.0102 AM
[ReportManager] API Action [GetResponseJSONValue] successfully performed. With the following test data [title]. @27-10-2021 06:47:51.0124 AM
[ReportManager] API Action [GetResponseJSONValue] successfully performed. With the following test data [title]. @27-10-2021 06:47:51.0140 AM
[ReportManager] API Action [GetResponseJSONValue] successfully performed. With the following test data [body]. @27-10-2021 06:47:51.0153 AM
[ReportManager] Assertion [ValidateEquals] PASSED. Expected [qui neque nisi nulla] and Actual [est rerum tempore vitae
sequi sint nihil reprehenderit dolor beatae ea dolores neque
fugiat blanditiis voluptate porro vel nihil molestiae ut reiciendis
qui aperiam non debitis possimus qui neque nisi nulla]. Comparison Type [CONTAINS]. Validation Type [POSITIVE]. @27-10-2021 06:47:51.0153 AM
[ReportManager] API Action [GetResponseJSONValue] successfully performed. With the following test data [title]. @27-10-2021 06:47:51.0167 AM
[ReportManager] API Action [GetResponseJSONValue] successfully performed. With the following test data [title]. @27-10-2021 06:47:51.0180 AM
[ReportManager] API Action [GetResponseJSONValue] successfully performed. With the following test data [title]. @27-10-2021 06:47:51.0194 AM
[ReportManager] API Action [GetResponseJSONValue] successfully performed. With the following test data [title]. @27-10-2021 06:47:51.0208 AM
[ReportManager] API Action [GetResponseJSONValue] successfully performed. With the following test data [title]. @27-10-2021 06:47:51.0221 AM
[ReportManager] API Action [GetResponseJSONValue] successfully performed. With the following test data [title]. @27-10-2021 06:47:51.0234 AM
[ReportManager] API Action [GetResponseJSONValue] successfully performed. With the following test data [title]. @27-10-2021 06:47:51.0247 AM
[ReportManager] API Action [GetResponseJSONValue] successfully performed. With the following test data [title]. @27-10-2021 06:47:51.0261 AM
[ReportManager] API Action [GetResponseJSONValue] successfully performed. With the following test data [title]. @27-10-2021 06:47:51.0277 AM
[ReportManager] API Action [GetResponseJSONValue] successfully performed. With the following test data [title]. @27-10-2021 06:47:51.0295 AM
[ReportManager] API Action [GetResponseJSONValue] successfully performed. With the following test data [title]. @27-10-2021 06:47:51.0315 AM
[ReportManager] API Action [GetResponseJSONValue] successfully performed. With the following test data [title]. @27-10-2021 06:47:51.0332 AM
[ReportManager] API Action [GetResponseJSONValue] successfully performed. With the following test data [title]. @27-10-2021 06:47:51.0346 AM
[ReportManager] API Action [GetResponseJSONValue] successfully performed. With the following test data [title]. @27-10-2021 06:47:51.0360 AM
[ReportManager] API Action [GetResponseJSONValue] successfully performed. With the following test data [title]. @27-10-2021 06:47:51.0372 AM
[ReportManager] API Action [GetResponseJSONValue] successfully performed. With the following test data [title]. @27-10-2021 06:47:51.0386 AM
[ReportManager] API Action [GetResponseJSONValue] successfully performed. With the following test data [title]. @27-10-2021 06:47:51.0399 AM
[ReportManager] API Action [GetResponseJSONValue] successfully performed. With the following test data [title]. @27-10-2021 06:47:51.0412 AM
[ReportManager] API Action [GetResponseJSONValue] successfully performed. With the following test data [title]. @27-10-2021 06:47:51.0427 AM
[ReportManager] API Action [GetResponseJSONValue] successfully performed. With the following test data [title]. @27-10-2021 06:47:51.0440 AM
[ReportManager] API Action [GetResponseJSONValue] successfully performed. With the following test data [title]. @27-10-2021 06:47:51.0454 AM
[ReportManager] API Action [GetResponseJSONValue] successfully performed. With the following test data [title]. @27-10-2021 06:47:51.0470 AM
[ReportManager] API Action [GetResponseJSONValue] successfully performed. With the following test data [title]. @27-10-2021 06:47:51.0485 AM
[ReportManager] API Action [GetResponseJSONValue] successfully performed. With the following test data [title]. @27-10-2021 06:47:51.0500 AM
[ReportManager] API Action [GetResponseJSONValue] successfully performed. With the following test data [title]. @27-10-2021 06:47:51.0514 AM
[ReportManager] API Action [GetResponseJSONValue] successfully performed. With the following test data [title]. @27-10-2021 06:47:51.0527 AM
[ReportManager] API Action [GetResponseJSONValue] successfully performed. With the following test data [title]. @27-10-2021 06:47:51.0543 AM
[ReportManager] API Action [GetResponseJSONValue] successfully performed. With the following test data [title]. @27-10-2021 06:47:51.0560 AM
[ReportManager] API Action [GetResponseJSONValue] successfully performed. With the following test data [title]. @27-10-2021 06:47:51.0575 AM
[ReportManager] API Action [GetResponseJSONValue] successfully performed. With the following test data [title]. @27-10-2021 06:47:51.0588 AM
[ReportManager] API Action [GetResponseJSONValue] successfully performed. With the following test data [title]. @27-10-2021 06:47:51.0600 AM
[ReportManager] API Action [GetResponseJSONValue] successfully performed. With the following test data [title]. @27-10-2021 06:47:51.0630 AM
[ReportManager] API Action [GetResponseJSONValue] successfully performed. With the following test data [title]. @27-10-2021 06:47:51.0643 AM
[ReportManager] API Action [GetResponseJSONValue] successfully performed. With the following test data [title]. @27-10-2021 06:47:51.0661 AM
[ReportManager] API Action [GetResponseJSONValue] successfully performed. With the following test data [title]. @27-10-2021 06:47:51.0678 AM
[ReportManager] API Action [GetResponseJSONValue] successfully performed. With the following test data [title]. @27-10-2021 06:47:51.0690 AM
[ReportManager] API Action [GetResponseJSONValue] successfully performed. With the following test data [title]. @27-10-2021 06:47:51.0702 AM
[ReportManager] API Action [GetResponseJSONValue] successfully performed. With the following test data [title]. @27-10-2021 06:47:51.0713 AM
[ReportManager] API Action [GetResponseJSONValue] successfully performed. With the following test data [title]. @27-10-2021 06:47:51.0726 AM
[ReportManager] API Action [GetResponseJSONValue] successfully performed. With the following test data [title]. @27-10-2021 06:47:51.0739 AM
[ReportManager] API Action [GetResponseJSONValue] successfully performed. With the following test data [title]. @27-10-2021 06:47:51.0750 AM
[ReportManager] API Action [GetResponseJSONValue] successfully performed. With the following test data [title]. @27-10-2021 06:47:51.0762 AM
[ReportManager] API Action [GetResponseJSONValue] successfully performed. With the following test data [title]. @27-10-2021 06:47:51.0778 AM
[ReportManager] API Action [GetResponseJSONValue] successfully performed. With the following test data [title]. @27-10-2021 06:47:51.0791 AM
[ReportManager] API Action [GetResponseJSONValue] successfully performed. With the following test data [title]. @27-10-2021 06:47:51.0806 AM
[ReportManager] API Action [GetResponseJSONValue] successfully performed. With the following test data [title]. @27-10-2021 06:47:51.0820 AM
[ReportManager] API Action [GetResponseJSONValue] successfully performed. With the following test data [title]. @27-10-2021 06:47:51.0832 AM
[ReportManager] API Action [GetResponseJSONValue] successfully performed. With the following test data [title]. @27-10-2021 06:47:51.0844 AM
[ReportManager] API Action [GetResponseJSONValue] successfully performed. With the following test data [title]. @27-10-2021 06:47:51.0855 AM
[ReportManager] API Action [GetResponseJSONValue] successfully performed. With the following test data [title]. @27-10-2021 06:47:51.0867 AM
[ReportManager] API Action [GetResponseJSONValue] successfully performed. With the following test data [title]. @27-10-2021 06:47:51.0880 AM
[ReportManager] API Action [GetResponseJSONValue] successfully performed. With the following test data [title]. @27-10-2021 06:47:51.0894 AM
[ReportManager] API Action [GetResponseJSONValue] successfully performed. With the following test data [title]. @27-10-2021 06:47:51.0908 AM
[ReportManager] API Action [GetResponseJSONValue] successfully performed. With the following test data [title]. @27-10-2021 06:47:51.0923 AM
[ReportManager] API Action [GetResponseJSONValue] successfully performed. With the following test data [title]. @27-10-2021 06:47:51.0935 AM
[ReportManager] API Action [GetResponseJSONValue] successfully performed. With the following test data [title]. @27-10-2021 06:47:51.0947 AM
[ReportManager] API Action [GetResponseJSONValue] successfully performed. With the following test data [title]. @27-10-2021 06:47:51.0959 AM
[ReportManager] API Action [GetResponseJSONValue] successfully performed. With the following test data [title]. @27-10-2021 06:47:51.0972 AM
[ReportManager] API Action [GetResponseJSONValue] successfully performed. With the following test data [title]. @27-10-2021 06:47:51.0985 AM
[ReportManager] API Action [GetResponseJSONValue] successfully performed. With the following test data [title]. @27-10-2021 06:47:52.0013 AM
[ReportManager] API Action [GetResponseJSONValue] successfully performed. With the following test data [title]. @27-10-2021 06:47:52.0027 AM
[ReportManager] API Action [GetResponseJSONValue] successfully performed. With the following test data [title]. @27-10-2021 06:47:52.0041 AM
[ReportManager] API Action [GetResponseJSONValue] successfully performed. With the following test data [title]. @27-10-2021 06:47:52.0053 AM
[ReportManager] API Action [GetResponseJSONValue] successfully performed. With the following test data [title]. @27-10-2021 06:47:52.0066 AM
[ReportManager] API Action [GetResponseJSONValue] successfully performed. With the following test data [title]. @27-10-2021 06:47:52.0077 AM
[ReportManager] API Action [GetResponseJSONValue] successfully performed. With the following test data [title]. @27-10-2021 06:47:52.0089 AM
[ReportManager] API Action [GetResponseJSONValue] successfully performed. With the following test data [title]. @27-10-2021 06:47:52.0100 AM
[ReportManager] API Action [GetResponseJSONValue] successfully performed. With the following test data [title]. @27-10-2021 06:47:52.0111 AM
[ReportManager] API Action [GetResponseJSONValue] successfully performed. With the following test data [title]. @27-10-2021 06:47:52.0123 AM
[ReportManager] API Action [GetResponseJSONValue] successfully performed. With the following test data [title]. @27-10-2021 06:47:52.0135 AM
[ReportManager] API Action [GetResponseJSONValue] successfully performed. With the following test data [title]. @27-10-2021 06:47:52.0146 AM
[ReportManager] API Action [GetResponseJSONValue] successfully performed. With the following test data [title]. @27-10-2021 06:47:52.0160 AM
[ReportManager] API Action [GetResponseJSONValue] successfully performed. With the following test data [title]. @27-10-2021 06:47:52.0171 AM
[ReportManager] API Action [GetResponseJSONValue] successfully performed. With the following test data [title]. @27-10-2021 06:47:52.0182 AM
[ReportManager] API Action [GetResponseJSONValue] successfully performed. With the following test data [title]. @27-10-2021 06:47:52.0193 AM
[ReportManager] API Action [GetResponseJSONValue] successfully performed. With the following test data [title]. @27-10-2021 06:47:52.0204 AM
[ReportManager] API Action [GetResponseJSONValue] successfully performed. With the following test data [title]. @27-10-2021 06:47:52.0216 AM
[ReportManager] API Action [GetResponseJSONValue] successfully performed. With the following test data [title]. @27-10-2021 06:47:52.0227 AM
[ReportManager] API Action [GetResponseJSONValue] successfully performed. With the following test data [title]. @27-10-2021 06:47:52.0238 AM
[ReportManager] API Action [GetResponseJSONValue] successfully performed. With the following test data [title]. @27-10-2021 06:47:52.0249 AM
[ReportManager] API Action [GetResponseJSONValue] successfully performed. With the following test data [title]. @27-10-2021 06:47:52.0260 AM
[ReportManager] API Action [GetResponseJSONValue] successfully performed. With the following test data [title]. @27-10-2021 06:47:52.0273 AM
[ReportManager] API Action [GetResponseJSONValue] successfully performed. With the following test data [title]. @27-10-2021 06:47:52.0284 AM
[ReportManager] API Action [GetResponseJSONValue] successfully performed. With the following test data [title]. @27-10-2021 06:47:52.0295 AM
[ReportManager] API Action [GetResponseJSONValue] successfully performed. With the following test data [title]. @27-10-2021 06:47:52.0306 AM
[ReportManager] API Action [GetResponseJSONValue] successfully performed. With the following test data [title]. @27-10-2021 06:47:52.0318 AM
[ReportManager] API Action [GetResponseJSONValue] successfully performed. With the following test data [title]. @27-10-2021 06:47:52.0329 AM
[ReportManager] API Action [GetResponseJSONValue] successfully performed. With the following test data [title]. @27-10-2021 06:47:52.0340 AM
[ReportManager] API Action [GetResponseJSONValue] successfully performed. With the following test data [title]. @27-10-2021 06:47:52.0352 AM
[ReportManager] API Action [GetResponseJSONValue] successfully performed. With the following test data [title]. @27-10-2021 06:47:52.0363 AM
[ReportManager] API Action [GetResponseJSONValue] successfully performed. With the following test data [title]. @27-10-2021 06:47:52.0374 AM
[ReportManager] API Action [GetResponseJSONValue] successfully performed. With the following test data [title]. @27-10-2021 06:47:52.0386 AM
[ReportManager] API Action [GetResponseJSONValue] successfully performed. With the following test data [title]. @27-10-2021 06:47:52.0397 AM
[ReportManager] API Action [GetResponseJSONValue] successfully performed. With the following test data [title]. @27-10-2021 06:47:52.0408 AM
[ReportManager] API Action [GetResponseJSONValue] successfully performed. With the following test data [title]. @27-10-2021 06:47:52.0419 AM
[ReportManager] API Action [GetResponseJSONValue] successfully performed. With the following test data [title]. @27-10-2021 06:47:52.0432 AM
[ReportManager] API Action [GetResponseJSONValue] successfully performed. With the following test data [title]. @27-10-2021 06:47:52.0444 AM
[ReportManager] API Action [GetResponseJSONValue] successfully performed. With the following test data [title]. @27-10-2021 06:47:52.0456 A

################################################################################################################################################
Starting Execution:	[68 out of 143] test cases in the current suite
Test Method:		[unitTests.tests_restActions.validateUserEmail]
################################################################################################################################################
[ReportManager] Response status code: [200], status line: [HTTP/1.1 200 OK] @27-10-2021 06:47:52.0509 AM
[ReportManager] Assertion Passed: Evaluating the actual response status code against the expected one... @27-10-2021 06:47:52.0509 AM
[ReportManager] Assertion [ValidateEquals] PASSED. Expected [200] and Actual [200]. Comparison Type [EQUALS]. Validation Type [POSITIVE]. @27-10-2021 06:47:52.0509 AM
[ReportManager] API Action [PerformRequest] successfully performed. With the following test data [Request Type: "GET" | Target Status Code: "200" | Service URL: "https://jsonplaceholder.typicode.com/users" | Content Type: "*/*" | Response Time: "40ms"]. @27-10-2021 06:47:52.0530 AM
[ReportManager] Successfully created attachment [API Request - Specifications] @27-10-2021 06:47:52.0531 AM
[ReportManager] Successfully created attachment [API Response - JSON Body] @27-10-2021 06:47:52.0532 AM
[ReportManager] Assertion [ValidateEquals] PASSED. Expected and Actual values are attached. Comparison Type [CONTAINS]. Validation Type [POSITIVE]. @27-10-2021 06:47:52.0532 AM
[ReportManager] Successfully created attachment [Validation Test Data - Expected Value] @27-10-2021 06:47:52.0533 AM
[ReportManager] Successfully created attachment [Validation Test Data - Actual Value] @27-10-2021 06:47:52.0533 AM
[ReportManager] API Action [GetResponseJSONValueAsList] successfully performed. With the following test data [$]. @27-10-2021 06:47:52.0540 AM
[ReportManager] API Action [GetResponseJSONValue] successfully performed. With the following test data [name]. @27-10-2021 06:47:52.0553 AM
[ReportManager] API Action [GetResponseJSONValue] successfully performed. With the following test data [email]. @27-10-2021 06:47:52.0567 AM
[ReportManager] Assertion [ValidateEquals] PASSED. Expected [Sincere@april.biz] and Actual [Sincere@april.biz]. Comparison Type [EQUALS]. Validation Type [POSITIVE]. @27-10-2021 06:47:52.0567 AM
[ReportManager] API Action [GetResponseJSONValue] successfully performed. With the following test data [name]. @27-10-2021 06:47:52.0582 AM
[ReportManager] API Action [GetResponseJSONValue] successfully performed. With the following test data [name]. @27-10-2021 06:47:52.0594 AM
[ReportManager] API Action [GetResponseJSONValue] successfully performed. With the following test data [name]. @27-10-2021 06:47:52.0607 AM
[ReportManager] API Action [GetResponseJSONValue] successfully performed. With the following test data [name]. @27-10-2021 06:47:52.0620 AM
[ReportManager] API Action [GetResponseJSONValue] successfully performed. With the following test data [name]. @27-10-2021 06:47:52.0633 AM
[ReportManager] API Action [GetResponseJSONValue] successfully performed. With the following test data [name]. @27-10-2021 06:47:52.0645 AM
[ReportManager] API Action [GetResponseJSONValue] successfully performed. With the following test data [name]. @27-10-2021 06:47:52.0657 AM
[ReportManager] API Action [GetResponseJSONValue] successfully performed. With the following test data [name]. @27-10-2021 06:47:52.0670 AM
[ReportManager] API Action [GetResponseJSONValue] successfully performed. With the following test data [name]. @27-10-2021 06:47:52.0684 A
[ReportManager] File Action [GetAbsolutePath] successfully performed. With the following test data [Relative Folder Path: "target/downloadedFiles/"]. @27-10-2021 06:47:52.0688 AM
[ReportManager] Attempting to run locally on: [Mac-64], [Safari], Headless Execution. @27-10-2021 06:47:52.0689 AM
[ReportManager] Successfully Opened Safari. @27-10-2021 06:47:53.0500 AM
[ReportManager] Initial window size: (800, 600) @27-10-2021 06:47:53.0532 AM
[ReportManager] Window size after SWD Maximize: (1176, 811) @27-10-2021 06:47:53.0570 AM
[ReportManager] Browser Action [MaximizeWindow] successfully performed. With the following test data [New screen size is now: (1176, 811)]. @27-10-2021 06:47:53.0571 A

################################################################################################################################################
Starting Execution:	[69 out of 143] test cases in the current suite
Test Method:		[testPackage01.Test_uploadFile.uploadFile_invisibleUploadInput]
################################################################################################################################################
[ReportManager] Target URL: [https://fineuploader.com/demos.html#gallery-view] @27-10-2021 06:47:53.0574 AM
[ReportManager] Initial URL: [] @27-10-2021 06:47:53.0690 AM
[ReportManager] Browser Action [NavigateToURL] successfully performed. With the following test data [https://fineuploader.com/demos.html#gallery-view]. @27-10-2021 06:47:55.0145 AM
[ReportManager] File Action [GetAbsolutePath] successfully performed. With the following test data [Relative File Path: "src/main/resources/images/shaft.png"]. @27-10-2021 06:47:55.0146 AM
[ReportManager] Successfully created attachment [File Action Actual Result - Command Log] @27-10-2021 06:47:55.0146 A
[ReportManager] Browser Action [CloseCurrentWindow] successfully performed. @27-10-2021 06:47:55.0341 AM
[ReportManager] Successfully created attachment [Browser Action Test Data - CloseCurrentWindow - Actual Value] @27-10-2021 06:47:55.0342 A
[ReportManager] File Action [GetAbsolutePath] successfully performed. With the following test data [Relative Folder Path: "target/downloadedFiles/"]. @27-10-2021 06:47:55.0346 AM
[ReportManager] Attempting to run locally on: [Mac-64], [Safari], Headless Execution. @27-10-2021 06:47:55.0346 AM
[ReportManager] Successfully Opened Safari. @27-10-2021 06:47:56.0224 AM
[ReportManager] Initial window size: (800, 600) @27-10-2021 06:47:56.0233 AM
[ReportManager] Window size after SWD Maximize: (1176, 811) @27-10-2021 06:47:56.0255 AM
[ReportManager] Browser Action [MaximizeWindow] successfully performed. With the following test data [New screen size is now: (1176, 811)]. @27-10-2021 06:47:56.0256 A

################################################################################################################################################
Starting Execution:	[70 out of 143] test cases in the current suite
Test Method:		[testPackage01.Test_uploadFile.uploadFile_visibleUploadInput]
################################################################################################################################################
[ReportManager] Target URL: [http://demo.guru99.com/test/upload/] @27-10-2021 06:47:56.0259 AM
[ReportManager] Initial URL: [] @27-10-2021 06:47:56.0342 AM
[ReportManager] Browser Action [NavigateToURL] successfully performed. With the following test data [http://demo.guru99.com/test/upload/]. @27-10-2021 06:47:58.0210 AM
[ReportManager] File Action [GetAbsolutePath] successfully performed. With the following test data [Relative File Path: "src/main/resources/images/shaft.png"]. @27-10-2021 06:47:58.0210 AM
[ReportManager] Successfully created attachment [File Action Actual Result - Command Log] @27-10-2021 06:47:58.0211 AM
[ReportManager] Element Action [TypeFileLocationForUpload] successfully performed. With the following test data [/Users/runner/work/SHAFT_ENGINE/SHAFT_ENGINE/src/main/resources/images/shaft.png]. @27-10-2021 06:47:58.0273 AM
[ReportManager] Element Action [Click] successfully performed. With the following test data [on]. @27-10-2021 06:47:58.0641 AM
[ReportManager] Element Action [Click] successfully performed. With the following test data [ Submit File]. @27-10-2021 06:47:58.0929 AM
[ReportManager] Element Action [GetText] successfully performed. With the following test data [1 file has been successfully uploaded.]. @27-10-2021 06:47:59.0722 AM
[ReportManager] Loaded Shared OpenCV @27-10-2021 06:47:59.0774 AM
[ReportManager] Assertion [ValidateElementAttribute] PASSED. Expected [Value Should be '1 file' for the 'Text' attribute, element locator 'By.id: res'] and Actual [1 file has been successfully uploaded.]. Comparison Type [CONTAINS]. Validation Type [POSITIVE]. @27-10-2021 06:47:59.0933 AM
[ReportManager] Successfully created attachment [Screenshot - 1635317279773_uploadFile_visibleUploadInput_ValidateElementAttribute_passed] @27-10-2021 06:47:59.0934 A
[ReportManager] Browser Action [CloseCurrentWindow] successfully performed. @27-10-2021 06:48:00.0092 AM
[ReportManager] Successfully created attachment [Browser Action Test Data - CloseCurrentWindow - Actual Value] @27-10-2021 06:48:00.0092 A

################################################################################################################################################
Starting Execution:	[71 out of 143] test cases in the current suite
Test Method:		[testPackage01.Test_AssertApiResponseEquals.assertApiResponseEquals_expectedToPass]
################################################################################################################################################
[ReportManager] Response status code: [200], status line: [HTTP/1.1 200 OK] @27-10-2021 06:48:00.0149 AM
[ReportManager] Assertion Passed: Evaluating the actual response status code against the expected one... @27-10-2021 06:48:00.0149 AM
[ReportManager] Assertion [ValidateEquals] PASSED. Expected [200] and Actual [200]. Comparison Type [EQUALS]. Validation Type [POSITIVE]. @27-10-2021 06:48:00.0150 AM
[ReportManager] API Action [PerformRequest] successfully performed. With the following test data [Request Type: "GET" | Target Status Code: "200" | Service URL: "https://jsonplaceholder.typicode.com/users" | Content Type: "*/*" | Response Time: "43ms"]. @27-10-2021 06:48:00.0176 AM
[ReportManager] Successfully created attachment [API Request - Specifications] @27-10-2021 06:48:00.0177 AM
[ReportManager] Successfully created attachment [API Response - JSON Body] @27-10-2021 06:48:00.0178 AM
[ReportManager] API Action [GetResponseJSONValueAsList] successfully performed. With the following test data [$]. @27-10-2021 06:48:00.0191 AM
[ReportManager] API Action [GetResponseJSONValue] successfully performed. With the following test data [name]. @27-10-2021 06:48:00.0208 AM
[ReportManager] API Action [GetResponseJSONValue] successfully performed. With the following test data [email]. @27-10-2021 06:48:00.0223 AM
[ReportManager] Verification [ValidateEquals] PASSED. Expected [Sincere@april.biz] and Actual [Sincere@april.biz]. Comparison Type [EQUALS]. Validation Type [POSITIVE]. @27-10-2021 06:48:00.0223 AM
[ReportManager] API Action [GetResponseJSONValue] successfully performed. With the following test data [username]. @27-10-2021 06:48:00.0239 AM
[ReportManager] Assertion [ValidateEquals] PASSED. Expected [Bret] and Actual [Bret]. Comparison Type [EQUALS]. Validation Type [POSITIVE]. @27-10-2021 06:48:00.0239 AM
[ReportManager] API Action [GetResponseJSONValue] successfully performed. With the following test data [name]. @27-10-2021 06:48:00.0253 AM
[ReportManager] API Action [GetResponseJSONValue] successfully performed. With the following test data [name]. @27-10-2021 06:48:00.0271 AM
[ReportManager] API Action [GetResponseJSONValue] successfully performed. With the following test data [name]. @27-10-2021 06:48:00.0287 AM
[ReportManager] API Action [GetResponseJSONValue] successfully performed. With the following test data [name]. @27-10-2021 06:48:00.0301 AM
[ReportManager] API Action [GetResponseJSONValue] successfully performed. With the following test data [name]. @27-10-2021 06:48:00.0315 AM
[ReportManager] API Action [GetResponseJSONValue] successfully performed. With the following test data [name]. @27-10-2021 06:48:00.0331 AM
[ReportManager] API Action [GetResponseJSONValue] successfully performed. With the following test data [name]. @27-10-2021 06:48:00.0346 AM
[ReportManager] API Action [GetResponseJSONValue] successfully performed. With the following test data [name]. @27-10-2021 06:48:00.0360 AM
[ReportManager] API Action [GetResponseJSONValue] successfully performed. With the following test data [name]. @27-10-2021 06:48:00.0388 A

################################################################################################################################################
Starting Execution:	[72 out of 143] test cases in the current suite
Test Method:		[testPackage01.Test_testData.f]
################################################################################################################################################
[ReportManager] Successfully loaded the following test data file [src/test/resources/TestDataFiles/testSuite01/TestData.xlsx]. @27-10-2021 06:48:00.0455 AM
[ReportManager] Successfully created attachment [Test Data - Excel] @27-10-2021 06:48:00.0456 AM
[ReportManager] Last Column Number is: [3]. Zero-based. @27-10-2021 06:48:00.0459 A

################################################################################################################################################
Starting Execution:	[73 out of 143] test cases in the current suite
Test Method:		[testPackage01.Test_PDF.testPDF_Downloaded]
################################################################################################################################################
[ReportManager] File Action [DoesFileExist] successfully performed. With the following test data [File Path: "src/test/resources/TestDataFiles/sample.pdf"]. @27-10-2021 06:48:00.0471 AM
[ReportManager] File Action [GetAbsolutePath] successfully performed. With the following test data [Relative File Path: "src/test/resources/TestDataFiles/sample.pdf"]. @27-10-2021 06:48:00.0471 AM
[ReportManager] Assertion [ValidateTrue] PASSED. Expected [TRUE] and Actual [TRUE]. Validation Type [POSITIVE]. @27-10-2021 06:48:03.0955 A
[ReportManager] File Action [GetAbsolutePath] successfully performed. With the following test data [Relative Folder Path: "target/downloadedFiles/"]. @27-10-2021 06:48:03.0959 AM
[ReportManager] Attempting to run locally on: [Mac-64], [Safari], Headless Execution. @27-10-2021 06:48:03.0959 AM
[ReportManager] Successfully Opened Safari. @27-10-2021 06:48:04.0753 AM
[ReportManager] Initial window size: (800, 600) @27-10-2021 06:48:04.0767 AM
[ReportManager] Window size after SWD Maximize: (1176, 811) @27-10-2021 06:48:04.0778 AM
[ReportManager] Browser Action [MaximizeWindow] successfully performed. With the following test data [New screen size is now: (1176, 811)]. @27-10-2021 06:48:04.0778 A

################################################################################################################################################
Starting Execution:	[74 out of 143] test cases in the current suite
Test Method:		[testPackage01.Test_ShadowDOM.shadowdom]
################################################################################################################################################
[ReportManager] Target URL: [https://mdn.github.io/web-components-examples/popup-info-box-web-component/] @27-10-2021 06:48:04.0781 AM
[ReportManager] Initial URL: [] @27-10-2021 06:48:04.0830 AM
[ReportManager] Browser Action [NavigateToURL] successfully performed. With the following test data [https://mdn.github.io/web-components-examples/popup-info-box-web-component/]. @27-10-2021 06:48:05.0103 AM
[ReportManager] Element Action [Type] successfully performed. With the following test data [Typing into SHADOW DOM...]. @27-10-2021 06:48:06.0037 AM
[ReportManager] Element Action [GetText] successfully performed. With the following test data [Typing into SHADOW DOM...]. @27-10-2021 06:48:06.0107 AM
[ReportManager] Loaded Shared OpenCV @27-10-2021 06:48:06.0179 AM
[ReportManager] Assertion [ValidateElementAttribute] PASSED. Expected [Value Should be 'Typing into SHADOW DOM...' for the 'Text' attribute, element locator 'By.id: cvc'] and Actual [Typing into SHADOW DOM...]. Comparison Type [EQUALS]. Validation Type [POSITIVE]. @27-10-2021 06:48:06.0332 AM
[ReportManager] Successfully created attachment [Screenshot - 1635317286179_shadowdom_ValidateElementAttribute_passed] @27-10-2021 06:48:06.0333 A
[ReportManager] Browser Action [CloseCurrentWindow] successfully performed. @27-10-2021 06:48:06.0441 AM
[ReportManager] Successfully created attachment [Browser Action Test Data - CloseCurrentWindow - Actual Value] @27-10-2021 06:48:06.0441 A
[ReportManager] File Action [GetAbsolutePath] successfully performed. With the following test data [Relative Folder Path: "target/downloadedFiles/"]. @27-10-2021 06:48:06.0443 AM
[ReportManager] Attempting to run locally on: [Mac-64], [Safari], Headless Execution. @27-10-2021 06:48:06.0444 AM
[ReportManager] Successfully Opened Safari. @27-10-2021 06:48:07.0284 AM
[ReportManager] Initial window size: (800, 600) @27-10-2021 06:48:07.0316 AM
[ReportManager] Window size after SWD Maximize: (1176, 811) @27-10-2021 06:48:07.0344 AM
[ReportManager] Browser Action [MaximizeWindow] successfully performed. With the following test data [New screen size is now: (1176, 811)]. @27-10-2021 06:48:07.0345 A

################################################################################################################################################
Starting Execution:	[75 out of 143] test cases in the current suite
Test Method:		[testPackage01.Test_clipboardActions.typeTextAndCopyPaste]
################################################################################################################################################
[ReportManager] Target URL: [https://www.google.com/ncr], and after redirection: [https://www.google.com] @27-10-2021 06:48:07.0349 AM
[ReportManager] Initial URL: [] @27-10-2021 06:48:07.0429 AM
[ReportManager] Browser Action [NavigateToURL] successfully performed. With the following test data [https://www.google.com/ncr]. @27-10-2021 06:48:08.0253 AM
[ReportManager] Element Action [Type] successfully performed. With the following test data [FIRST]. @27-10-2021 06:48:08.0621 A
[ReportManager] Browser Action [CloseCurrentWindow] successfully performed. @27-10-2021 06:48:08.0914 AM
[ReportManager] Successfully created attachment [Browser Action Test Data - CloseCurrentWindow - Actual Value] @27-10-2021 06:48:08.0915 A

################################################################################################################################################
Starting Execution:	[76 out of 143] test cases in the current suite
Test Method:		[testPackage01.Test_NewValidationHelper.f1]
################################################################################################################################################
[ReportManager] Assertion Passed: Checking valid user data @27-10-2021 06:48:08.0918 AM
[ReportManager] Successfully created attachment [Validation Test Data - Expected Value] @27-10-2021 06:48:08.0919 AM
[ReportManager] Successfully created attachment [Validation Test Data - Actual Value] @27-10-2021 06:48:08.0919 AM
[ReportManager] Assertion [ValidateEquals] PASSED. Expected and Actual values are attached. Comparison Type [EQUALS]. Validation Type [POSITIVE]. @27-10-2021 06:48:08.0919 A
[ReportManager] File Action [GetAbsolutePath] successfully performed. With the following test data [Relative Folder Path: "target/downloadedFiles/"]. @27-10-2021 06:48:08.0922 AM
[ReportManager] Attempting to run locally on: [Mac-64], [Safari], Headless Execution. @27-10-2021 06:48:08.0922 AM
[ReportManager] Successfully Opened Safari. @27-10-2021 06:48:09.0789 AM
[ReportManager] Initial window size: (800, 600) @27-10-2021 06:48:09.0796 AM
[ReportManager] Window size after SWD Maximize: (1176, 811) @27-10-2021 06:48:09.0819 AM
[ReportManager] Browser Action [MaximizeWindow] successfully performed. With the following test data [New screen size is now: (1176, 811)]. @27-10-2021 06:48:09.0820 AM
[ReportManager] Target URL: [https://the-internet.herokuapp.com/] @27-10-2021 06:48:09.0820 AM
[ReportManager] Initial URL: [] @27-10-2021 06:48:09.0880 AM
[ReportManager] Browser Action [NavigateToURL] successfully performed. With the following test data [https://the-internet.herokuapp.com/]. @27-10-2021 06:48:10.0382 A

################################################################################################################################################
Starting Execution:	[77 out of 143] test cases in the current suite
Test Method:		[testPackage01.Test_NewValidationHelper.f10]
################################################################################################################################################
[ReportManager] Assertion [ValidateElementExists] FAILED. Expected [Element Should Exist, locator 'By.tagName: div'] and Actual [Element Exists but is not unique]. Comparison Type [EQUALS]. Validation Type [POSITIVE]. @27-10-2021 06:48:10.0571 AM
[ReportManager] Successfully created attachment [Screenshot - 1635317290465_f10_ValidateElementExists_failed] @27-10-2021 06:48:10.0572 A



################################################################################################################################################
Starting Execution:	[78 out of 143] test cases in the current suite
Test Method:		[testPackage01.Test_NewValidationHelper.f11]
###############################################################################################################################################



################################################################################################################################################
Starting Execution:	[79 out of 143] test cases in the current suite
Test Method:		[testPackage01.Test_NewValidationHelper.f12]
###############################################################################################################################################



################################################################################################################################################
Starting Execution:	[80 out of 143] test cases in the current suite
Test Method:		[testPackage01.Test_NewValidationHelper.f13]
###############################################################################################################################################



################################################################################################################################################
Starting Execution:	[81 out of 143] test cases in the current suite
Test Method:		[testPackage01.Test_NewValidationHelper.f14]
###############################################################################################################################################



################################################################################################################################################
Starting Execution:	[82 out of 143] test cases in the current suite
Test Method:		[testPackage01.Test_NewValidationHelper.f15]
###############################################################################################################################################



################################################################################################################################################
Starting Execution:	[83 out of 143] test cases in the current suite
Test Method:		[testPackage01.Test_NewValidationHelper.f16]
###############################################################################################################################################



################################################################################################################################################
Starting Execution:	[84 out of 143] test cases in the current suite
Test Method:		[testPackage01.Test_NewValidationHelper.f17]
###############################################################################################################################################



################################################################################################################################################
Starting Execution:	[85 out of 143] test cases in the current suite
Test Method:		[testPackage01.Test_NewValidationHelper.f18]
###############################################################################################################################################


################################################################################################################################################
Starting Execution:	[86 out of 143] test cases in the current suite
Test Method:		[testPackage01.Test_NewValidationHelper.f2]
###############################################################################################################################################


################################################################################################################################################
Starting Execution:	[87 out of 143] test cases in the current suite
Test Method:		[testPackage01.Test_NewValidationHelper.f20]
###############################################################################################################################################



################################################################################################################################################
Starting Execution:	[88 out of 143] test cases in the current suite
Test Method:		[testPackage01.Test_NewValidationHelper.f21]
###############################################################################################################################################



################################################################################################################################################
Starting Execution:	[89 out of 143] test cases in the current suite
Test Method:		[testPackage01.Test_NewValidationHelper.f22]
###############################################################################################################################################


################################################################################################################################################
Starting Execution:	[90 out of 143] test cases in the current suite
Test Method:		[testPackage01.Test_NewValidationHelper.f23]
###############################################################################################################################################

################################################################################################################################################
Starting Execution:	[91 out of 143] test cases in the current suite
Test Method:		[testPackage01.Test_NewValidationHelper.f24]
###############################################################################################################################################

################################################################################################################################################
Starting Execution:	[92 out of 143] test cases in the current suite
Test Method:		[testPackage01.Test_NewValidationHelper.f25]
###############################################################################################################################################

################################################################################################################################################
Starting Execution:	[93 out of 143] test cases in the current suite
Test Method:		[testPackage01.Test_NewValidationHelper.f26]
###############################################################################################################################################

################################################################################################################################################
Starting Execution:	[94 out of 143] test cases in the current suite
Test Method:		[testPackage01.Test_NewValidationHelper.f27]
###############################################################################################################################################

################################################################################################################################################
Starting Execution:	[95 out of 143] test cases in the current suite
Test Method:		[testPackage01.Test_NewValidationHelper.f28]
###############################################################################################################################################

################################################################################################################################################
Starting Execution:	[96 out of 143] test cases in the current suite
Test Method:		[testPackage01.Test_NewValidationHelper.f29]
###############################################################################################################################################

################################################################################################################################################
Starting Execution:	[97 out of 143] test cases in the current suite
Test Method:		[testPackage01.Test_NewValidationHelper.f3]
###############################################################################################################################################

################################################################################################################################################
Starting Execution:	[98 out of 143] test cases in the current suite
Test Method:		[testPackage01.Test_NewValidationHelper.f30]
###############################################################################################################################################

################################################################################################################################################
Starting Execution:	[99 out of 143] test cases in the current suite
Test Method:		[testPackage01.Test_NewValidationHelper.f31]
###############################################################################################################################################

################################################################################################################################################
Starting Execution:	[100 out of 143] test cases in the current suite
Test Method:		[testPackage01.Test_NewValidationHelper.f32]
###############################################################################################################################################

################################################################################################################################################
Starting Execution:	[101 out of 143] test cases in the current suite
Test Method:		[testPackage01.Test_NewValidationHelper.f33]
###############################################################################################################################################

################################################################################################################################################
Starting Execution:	[102 out of 143] test cases in the current suite
Test Method:		[testPackage01.Test_NewValidationHelper.f34]
###############################################################################################################################################

################################################################################################################################################
Starting Execution:	[103 out of 143] test cases in the current suite
Test Method:		[testPackage01.Test_NewValidationHelper.f35]
###############################################################################################################################################

################################################################################################################################################
Starting Execution:	[104 out of 143] test cases in the current suite
Test Method:		[testPackage01.Test_NewValidationHelper.f36]
###############################################################################################################################################

################################################################################################################################################
Starting Execution:	[105 out of 143] test cases in the current suite
Test Method:		[testPackage01.Test_NewValidationHelper.f37]
###############################################################################################################################################

################################################################################################################################################
Starting Execution:	[106 out of 143] test cases in the current suite
Test Method:		[testPackage01.Test_NewValidationHelper.f3_1]
###############################################################################################################################################

################################################################################################################################################
Starting Execution:	[107 out of 143] test cases in the current suite
Test Method:		[testPackage01.Test_NewValidationHelper.f4]
###############################################################################################################################################

################################################################################################################################################
Starting Execution:	[108 out of 143] test cases in the current suite
Test Method:		[testPackage01.Test_NewValidationHelper.f5]
###############################################################################################################################################

################################################################################################################################################
Starting Execution:	[109 out of 143] test cases in the current suite
Test Method:		[testPackage01.Test_NewValidationHelper.f6]
###############################################################################################################################################

################################################################################################################################################
Starting Execution:	[110 out of 143] test cases in the current suite
Test Method:		[testPackage01.Test_NewValidationHelper.f6_1]
###############################################################################################################################################

################################################################################################################################################
Starting Execution:	[111 out of 143] test cases in the current suite
Test Method:		[testPackage01.Test_NewValidationHelper.f6_2]
###############################################################################################################################################

################################################################################################################################################
Starting Execution:	[112 out of 143] test cases in the current suite
Test Method:		[testPackage01.Test_NewValidationHelper.f7]
###############################################################################################################################################


################################################################################################################################################
Starting Execution:	[113 out of 143] test cases in the current suite
Test Method:		[testPackage01.Test_NewValidationHelper.f8]
###############################################################################################################################################



################################################################################################################################################
Starting Execution:	[114 out of 143] test cases in the current suite
Test Method:		[testPackage01.Test_NewValidationHelper.f9]
###############################################################################################################################################


################################################################################################################################################
Starting Execution:	[115 out of 143] test cases in the current suite
Test Method:		[testPackage01.Test_NewValidationHelper.forceFail]
###############################################################################################################################################

################################################################################################################################################
Starting Execution:	[116 out of 143] test cases in the current suite
Test Method:		[testPackage01.Test_NewValidationHelper.forceFail2]
###############################################################################################################################################

################################################################################################################################################
Starting Execution:	[117 out of 143] test cases in the current suite
Test Method:		[testPackage01.Test_JsonActions.f]
###############################################################################################################################################

################################################################################################################################################
Starting Execution:	[118 out of 143] test cases in the current suite
Test Method:		[testPackage01.Test_JsonActions.f2]
###############################################################################################################################################

################################################################################################################################################
Starting Execution:	[119 out of 143] test cases in the current suite
Test Method:		[testPackage01.Test_sendGraphqlRequest.sendGraphqlRequestUsingMutationAndVariables]
################################################################################################################################################
[ReportManager] GraphQl Request is being Performed with the Following Parameters [Service URL: https://api.spacex.land/graphql | Request Body: {"variables":"{\"name\": \"sherlock holmes\",\"rocket\": \"221B Baker Street\"}","query":"mutation ($name: String, $rocket: String) {\n  insert_users(objects: {name: $name, rocket: $rocket}) {\n    returning {\n      name\n      rocket\n    }\n  }\n}"}] @27-10-2021 06:48:10.0844 AM
[ReportManager] Response status code: [200], status line: [HTTP/1.1 200 OK] @27-10-2021 06:48:15.0258 AM
[ReportManager] Assertion Passed: Evaluating the actual response status code against the expected one... @27-10-2021 06:48:15.0258 AM
[ReportManager] Assertion [ValidateEquals] PASSED. Expected [200] and Actual [200]. Comparison Type [EQUALS]. Validation Type [POSITIVE]. @27-10-2021 06:48:15.0259 AM
[ReportManager] API Action [PerformRequest] successfully performed. With the following test data [Request Type: "POST" | Target Status Code: "200" | Service URL: "https://api.spacex.land/graphql" | Content Type: "application/json" | Response Time: "4325ms"]. @27-10-2021 06:48:15.0292 AM
[ReportManager] Successfully created attachment [API Request - Specifications] @27-10-2021 06:48:15.0293 AM
[ReportManager] Successfully created attachment [API Request - JSON Body] @27-10-2021 06:48:15.0293 AM
[ReportManager] Successfully created attachment [API Response - JSON Body] @27-10-2021 06:48:15.0294 AM
[ReportManager] API Action [GetResponseJSONValue] successfully performed. With the following test data [data.insert_users.returning[0].name]. @27-10-2021 06:48:15.0338 AM
[ReportManager] Assertion [ValidateEquals] PASSED. Expected [sherlock holmes] and Actual [sherlock holmes]. Comparison Type [EQUALS]. Validation Type [POSITIVE]. @27-10-2021 06:48:15.0338 A

################################################################################################################################################
Starting Execution:	[120 out of 143] test cases in the current suite
Test Method:		[testPackage01.Test_sendGraphqlRequest.sendGraphqlRequestUsingQuery]
################################################################################################################################################
[ReportManager] GraphQl Request is being Performed with the Following Parameters [Service URL: https://api.spacex.land/graphql | Request Body: {"query":"{company {ceo}}"}] @27-10-2021 06:48:15.0342 AM
[ReportManager] Response status code: [200], status line: [HTTP/1.1 200 OK] @27-10-2021 06:48:15.0458 AM
[ReportManager] Assertion Passed: Evaluating the actual response status code against the expected one... @27-10-2021 06:48:15.0458 AM
[ReportManager] Assertion [ValidateEquals] PASSED. Expected [200] and Actual [200]. Comparison Type [EQUALS]. Validation Type [POSITIVE]. @27-10-2021 06:48:15.0458 AM
[ReportManager] API Action [PerformRequest] successfully performed. With the following test data [Request Type: "POST" | Target Status Code: "200" | Service URL: "https://api.spacex.land/graphql" | Content Type: "application/json" | Response Time: "111ms"]. @27-10-2021 06:48:15.0470 AM
[ReportManager] Successfully created attachment [API Request - Specifications] @27-10-2021 06:48:15.0470 AM
[ReportManager] Successfully created attachment [API Request - JSON Body] @27-10-2021 06:48:15.0471 AM
[ReportManager] Successfully created attachment [API Response - JSON Body] @27-10-2021 06:48:15.0471 AM
[ReportManager] API Action [GetResponseJSONValue] successfully performed. With the following test data [data.company.ceo]. @27-10-2021 06:48:15.0482 AM
[ReportManager] Assertion [ValidateEquals] PASSED. Expected [Elon Musk] and Actual [Elon Musk]. Comparison Type [EQUALS]. Validation Type [POSITIVE]. @27-10-2021 06:48:15.0482 A
[ReportManager] File Action [GetAbsolutePath] successfully performed. With the following test data [Relative Folder Path: "target/downloadedFiles/"]. @27-10-2021 06:48:15.0485 AM
[ReportManager] Attempting to run locally on: [Mac-64], [Safari], Headless Execution. @27-10-2021 06:48:15.0485 AM
[ReportManager] Successfully Opened Safari. @27-10-2021 06:48:16.0304 AM
[ReportManager] Initial window size: (800, 600) @27-10-2021 06:48:16.0320 AM
[ReportManager] Window size after SWD Maximize: (1176, 811) @27-10-2021 06:48:16.0334 AM
[ReportManager] Browser Action [MaximizeWindow] successfully performed. With the following test data [New screen size is now: (1176, 811)]. @27-10-2021 06:48:16.0335 A

################################################################################################################################################
Starting Execution:	[121 out of 143] test cases in the current suite
Test Method:		[testPackage01.Test_dragAndDrop.dragAndDropJquery]
################################################################################################################################################
[ReportManager] Target URL: [https://jqueryui.com/resources/demos/droppable/default.html] @27-10-2021 06:48:16.0338 AM
[ReportManager] Initial URL: [] @27-10-2021 06:48:16.0386 AM
[ReportManager] Browser Action [NavigateToURL] successfully performed. With the following test data [https://jqueryui.com/resources/demos/droppable/default.html]. @27-10-2021 06:48:16.0710 AM
[ReportManager] Element Action [GetText] successfully performed. With the following test data [
	Drop here
]. @27-10-2021 06:48:16.0776 AM
[ReportManager] Element Action [DragAndDrop] successfully performed. With the following test data [Start point: (8, 18), End point: (8, 18)]. @27-10-2021 06:48:17.0816 AM
[ReportManager] Element Action [GetText] successfully performed. With the following test data [
	Dropped!
]. @27-10-2021 06:48:17.0842 AM
[ReportManager] Assertion Passed: Checking to see if the text has changed after performing drag and drop @27-10-2021 06:48:17.0843 AM
[ReportManager] Assertion [ValidateEquals] PASSED. Expected [
	Drop here
] and Actual [
	Dropped!
]. Comparison Type [EQUALS]. Validation Type [NEGATIVE]. @27-10-2021 06:48:17.0843 A
[ReportManager] Browser Action [CloseCurrentWindow] successfully performed. @27-10-2021 06:48:17.0943 AM
[ReportManager] Successfully created attachment [Browser Action Test Data - CloseCurrentWindow - Actual Value] @27-10-2021 06:48:17.0944 A
[ReportManager] File Action [GetAbsolutePath] successfully performed. With the following test data [Relative Folder Path: "target/downloadedFiles/"]. @27-10-2021 06:48:17.0947 AM
[ReportManager] Attempting to run locally on: [Mac-64], [Safari], Headless Execution. @27-10-2021 06:48:17.0947 AM
[ReportManager] Successfully Opened Safari. @27-10-2021 06:48:18.0770 AM
[ReportManager] Initial window size: (800, 600) @27-10-2021 06:48:18.0775 AM
[ReportManager] Window size after SWD Maximize: (1176, 811) @27-10-2021 06:48:18.0785 AM
[ReportManager] Browser Action [MaximizeWindow] successfully performed. With the following test data [New screen size is now: (1176, 811)]. @27-10-2021 06:48:18.0786 A

################################################################################################################################################
Starting Execution:	[122 out of 143] test cases in the current suite
Test Method:		[testPackage01.Test_dragAndDrop.dragAndDrop]
Test Description:	[TC001 - Test Drag and Drop function.]
################################################################################################################################################
[ReportManager] Target URL: [http://the-internet.herokuapp.com/drag_and_drop] @27-10-2021 06:48:18.0789 AM
[ReportManager] Initial URL: [] @27-10-2021 06:48:18.0860 AM
[ReportManager] Browser Action [NavigateToURL] successfully performed. With the following test data [http://the-internet.herokuapp.com/drag_and_drop]. @27-10-2021 06:48:19.0332 AM
[ReportManager] Attempting Drag and Drop @27-10-2021 06:48:19.0333 AM
[ReportManager] Element Action [DragAndDrop] successfully performed. With the following test data [Start point: (120, 89), End point: (335, 89)]. @27-10-2021 06:48:19.0959 A
[ReportManager] Browser Action [CloseCurrentWindow] successfully performed. @27-10-2021 06:48:20.0092 AM
[ReportManager] Successfully created attachment [Browser Action Test Data - CloseCurrentWindow - Actual Value] @27-10-2021 06:48:20.0093 A
[ReportManager] File Action [GetAbsolutePath] successfully performed. With the following test data [Relative Folder Path: "target/downloadedFiles/"]. @27-10-2021 06:48:20.0095 AM
[ReportManager] Attempting to run locally on: [Mac-64], [Safari], Headless Execution. @27-10-2021 06:48:20.0095 AM
[ReportManager] Successfully Opened Safari. @27-10-2021 06:48:20.0885 AM
[ReportManager] Initial window size: (800, 600) @27-10-2021 06:48:20.0890 AM
[ReportManager] Window size after SWD Maximize: (1176, 811) @27-10-2021 06:48:20.0907 AM
[ReportManager] Browser Action [MaximizeWindow] successfully performed. With the following test data [New screen size is now: (1176, 811)]. @27-10-2021 06:48:20.0908 A

################################################################################################################################################
Starting Execution:	[123 out of 143] test cases in the current suite
Test Method:		[testPackage01.Test_dragAndDrop.dragAndDropByOffset]
Test Description:	[TC002 - Test Drag and Drop by offset function.]
################################################################################################################################################
[ReportManager] Target URL: [https://jqueryui.com/resources/demos/draggable/default.html] @27-10-2021 06:48:20.0912 AM
[ReportManager] Initial URL: [] @27-10-2021 06:48:20.0966 AM
[ReportManager] Browser Action [NavigateToURL] successfully performed. With the following test data [https://jqueryui.com/resources/demos/draggable/default.html]. @27-10-2021 06:48:21.0250 AM
[ReportManager] Element Action [DragAndDropByOffset] successfully performed. With the following test data [Start point: (8, 8), End point: (108, 58)]. @27-10-2021 06:48:22.0001 A
[ReportManager] Browser Action [CloseCurrentWindow] successfully performed. @27-10-2021 06:48:22.0126 AM
[ReportManager] Successfully created attachment [Browser Action Test Data - CloseCurrentWindow - Actual Value] @27-10-2021 06:48:22.0127 A
[ReportManager] Successfully loaded the following test data file [src/test/resources/TestDataFiles/testSuite01/TestData.xlsx]. @27-10-2021 06:48:22.0159 AM
[ReportManager] Successfully created attachment [Test Data - Excel] @27-10-2021 06:48:22.0160 AM
[ReportManager] File Action [GetAbsolutePath] successfully performed. With the following test data [Relative Folder Path: "target/downloadedFiles/"]. @27-10-2021 06:48:22.0160 AM
[ReportManager] Attempting to run locally on: [Mac-64], [Safari], Headless Execution. @27-10-2021 06:48:22.0160 AM
[ReportManager] Successfully Opened Safari. @27-10-2021 06:48:22.0940 AM
[ReportManager] Initial window size: (800, 600) @27-10-2021 06:48:22.0945 AM
[ReportManager] Window size after SWD Maximize: (1176, 811) @27-10-2021 06:48:22.0956 AM
[ReportManager] Browser Action [MaximizeWindow] successfully performed. With the following test data [New screen size is now: (1176, 811)]. @27-10-2021 06:48:22.0956 A

################################################################################################################################################
Starting Execution:	[124 out of 143] test cases in the current suite
Test Method:		[testPackage01.Test_google.navigateToURLandVerifyGoogleLogoIsDisplayed]
Test Description:	[TC001 - Navigate to URL and Verify Google Logo is Displayed]
################################################################################################################################################
[ReportManager] Target URL: [https://www.google.com/ncr], and after redirection: [https://www.google.com] @27-10-2021 06:48:22.0968 AM
[ReportManager] Initial URL: [] @27-10-2021 06:48:23.0031 AM
[ReportManager] Browser Action [NavigateToURL] successfully performed. With the following test data [https://www.google.com/ncr]. @27-10-2021 06:48:24.0225 AM
[ReportManager] Loaded Shared OpenCV @27-10-2021 06:48:24.0296 AM
[ReportManager] Assertion [ValidateElementExists] PASSED. Expected [Element Should Exist, locator 'By.xpath: //*[@id='hplogo' or @alt='Google']'] and Actual [Element Exists]. Comparison Type [EQUALS]. Validation Type [POSITIVE]. @27-10-2021 06:48:24.0401 AM
[ReportManager] Successfully created attachment [Screenshot - 1635317304296_navigateToURLandVerifyGoogleLogoIsDisplayed_ValidateElementExists_passed] @27-10-2021 06:48:24.0403 A

################################################################################################################################################
Starting Execution:	[125 out of 143] test cases in the current suite
Test Method:		[testPackage01.Test_google.searchForQueryandAssertResultsNumDisplayed]
Test Description:	[TC002 - Search for Query and Assert that the number of results is displayed]
################################################################################################################################################
[ReportManager] Element Action [Type] successfully performed. With the following test data [SHAFT_Engine]. @27-10-2021 06:48:24.0897 AM
[ReportManager] Element Action [KeyPress] successfully performed. With the following test data [Enter]. @27-10-2021 06:48:24.0939 A

################################################################################################################################################
Starting Execution:	[126 out of 143] test cases in the current suite
Test Method:		[testPackage01.Test_google.clickNextThrice]
Test Description:	[TC003 - Clicks the next button to make sure that the framework can scroll element into view before clicking it]
###############################################################################################################################################
[ReportManager] Browser Action [CloseCurrentWindow] successfully performed. @27-10-2021 06:48:25.0205 AM
[ReportManager] Successfully created attachment [Browser Action Test Data - CloseCurrentWindow - Actual Value] @27-10-2021 06:48:25.0206 A

################################################################################################################################################
Starting Execution:	[127 out of 143] test cases in the current suite
Test Method:		[testPackage01.Test_chainableElementActions.chainElementActions]
################################################################################################################################################
[ReportManager] File Action [GetAbsolutePath] successfully performed. With the following test data [Relative Folder Path: "target/downloadedFiles/"]. @27-10-2021 06:48:25.0209 AM
[ReportManager] Attempting to run locally on: [Mac-64], [GoogleChrome], Headless Execution. @27-10-2021 06:48:25.0214 AM
[ReportManager] Identifying OS/Driver combination and selecting the correct driver version automatically. Please note that if a new driver executable will be downloaded it may take some time... @27-10-2021 06:48:25.0214 AM
[ReportManager] Successfully Opened Google Chrome. @27-10-2021 06:48:28.0093 AM
[ReportManager] Initial window size: (800, 600) @27-10-2021 06:48:28.0098 AM
[ReportManager] Window size after SWD Maximize: (800, 600) @27-10-2021 06:48:28.0329 AM
[ReportManager] Window size after Toolkit: (1920, 1080) @27-10-2021 06:48:28.0822 AM
[ReportManager] Browser Action [MaximizeWindow] successfully performed. With the following test data [New screen size is now: (1920, 1080)]. @27-10-2021 06:48:28.0825 AM
[ReportManager] Target URL: [https://www.google.com/ncr], and after redirection: [https://www.google.com] @27-10-2021 06:48:28.0825 AM
[ReportManager] Initial URL: [data:,] @27-10-2021 06:48:28.0854 AM
[ReportManager] Browser Action [NavigateToURL] successfully performed. With the following test data [https://www.google.com/ncr]. @27-10-2021 06:48:29.0581 AM
[ReportManager] Element Action [Type] successfully performed. With the following test data [chained type 1]. @27-10-2021 06:48:29.0995 AM
[ReportManager] Element Action [Type] successfully performed. With the following test data [chained type 2]. @27-10-2021 06:48:30.0393 AM
[ReportManager] Element Action [TypeAppend] successfully performed. With the following test data [345]. @27-10-2021 06:48:30.0470 AM
[ReportManager] Element Action [GetText] successfully performed. With the following test data [chained type 2345]. @27-10-2021 06:48:30.0557 AM
[ReportManager] Loaded Shared OpenCV @27-10-2021 06:48:30.0919 AM
[ReportManager] Assertion [ValidateElementAttribute] PASSED. Expected [Value Should be 'chained type 2345' for the 'text' attribute, element locator 'By.name: q'] and Actual [chained type 2345]. Comparison Type [EQUALS]. Validation Type [POSITIVE]. @27-10-2021 06:48:31.0116 AM
[ReportManager] Successfully created attachment [Screenshot - 1635317310918_chainElementActions_ValidateElementAttribute_passed] @27-10-2021 06:48:31.0117 AM
[ReportManager] Browser Action [CloseCurrentWindow] successfully performed. @27-10-2021 06:48:31.0351 AM
[ReportManager] Successfully created attachment [Browser Action Test Data - CloseCurrentWindow - Actual Value] @27-10-2021 06:48:31.0352 A

################################################################################################################################################
Starting Execution:	[128 out of 143] test cases in the current suite
Test Method:		[testPackage01.Test_JsonCompareWithSpecialCharacters.specialCharacters]
################################################################################################################################################
[ReportManager] File Action [GetAbsolutePath] successfully performed. With the following test data [Relative Folder Path: "src/test/resources/TestJsonFiles/specialCharacters.json"]. @27-10-2021 06:48:31.0360 AM
[ReportManager] File Action [ReadFromFile] successfully performed. With the following test data [File Path: "/Users/runner/work/SHAFT_ENGINE/SHAFT_ENGINE/src/test/resources/TestJsonFiles/specialCharacters.json"]. @27-10-2021 06:48:31.0366 AM
[ReportManager] Successfully created attachment [File Action Actual Result - Command Log] @27-10-2021 06:48:31.0367 AM
[ReportManager] Comparing the provided API response with the file at this path "src/test/resources/TestJsonFiles/specialCharacters.json", comparison type "EQUALS" @27-10-2021 06:48:31.0367 AM
[ReportManager] API Action [CompareJSON] successfully performed. With the following test data [src/test/resources/TestJsonFiles/specialCharacters.json]. @27-10-2021 06:48:31.0375 AM
[ReportManager] File Action [GetAbsolutePath] successfully performed. With the following test data [Relative Folder Path: "src/test/resources/TestJsonFiles/specialCharacters.json"]. @27-10-2021 06:48:31.0375 AM
[ReportManager] File Action [ReadFromFile] successfully performed. With the following test data [File Path: "/Users/runner/work/SHAFT_ENGINE/SHAFT_ENGINE/src/test/resources/TestJsonFiles/specialCharacters.json"]. @27-10-2021 06:48:31.0376 AM
[ReportManager] Verification [ValidateJSONFileContent] PASSED. Expected [Response data should match the JSON File in this path 'src/test/resources/TestJsonFiles/specialCharacters.json'] and Actual [TRUE]. Comparison Type [EQUALS]. Validation Type [POSITIVE]. @27-10-2021 06:48:31.0381 AM
[ReportManager] Successfully created attachment [Validation Test Data - Expected JSON Value] @27-10-2021 06:48:31.0383 AM
[ReportManager] Successfully created attachment [Validation Test Data - Actual JSON Value] @27-10-2021 06:48:31.0384 A

################################################################################################################################################
Starting Execution:	[129 out of 143] test cases in the current suite
Test Method:		[testPackage01.Test_JsonCompareWithSpecialCharacters.specialCharacters_assertion]
################################################################################################################################################
[ReportManager] File Action [GetAbsolutePath] successfully performed. With the following test data [Relative Folder Path: "src/test/resources/TestJsonFiles/specialCharacters.json"]. @27-10-2021 06:48:31.0389 AM
[ReportManager] File Action [ReadFromFile] successfully performed. With the following test data [File Path: "/Users/runner/work/SHAFT_ENGINE/SHAFT_ENGINE/src/test/resources/TestJsonFiles/specialCharacters.json"]. @27-10-2021 06:48:31.0390 AM
[ReportManager] Successfully created attachment [File Action Actual Result - Command Log] @27-10-2021 06:48:31.0390 AM
[ReportManager] Comparing the provided API response with the file at this path "src/test/resources/TestJsonFiles/specialCharacters.json", comparison type "CONTAINS" @27-10-2021 06:48:31.0391 AM
[ReportManager] API Action [CompareJSON] successfully performed. With the following test data [src/test/resources/TestJsonFiles/specialCharacters.json]. @27-10-2021 06:48:31.0403 AM
[ReportManager] File Action [GetAbsolutePath] successfully performed. With the following test data [Relative Folder Path: "src/test/resources/TestJsonFiles/specialCharacters.json"]. @27-10-2021 06:48:31.0403 AM
[ReportManager] File Action [ReadFromFile] successfully performed. With the following test data [File Path: "/Users/runner/work/SHAFT_ENGINE/SHAFT_ENGINE/src/test/resources/TestJsonFiles/specialCharacters.json"]. @27-10-2021 06:48:31.0404 AM
[ReportManager] Assertion Passed: trying out the log message @27-10-2021 06:48:31.0408 AM
[ReportManager] Successfully created attachment [Validation Test Data - Expected JSON Value] @27-10-2021 06:48:31.0409 AM
[ReportManager] Successfully created attachment [Validation Test Data - Actual JSON Value] @27-10-2021 06:48:31.0410 AM
[ReportManager] Assertion [ValidateJSONFileContent] PASSED. Expected [Response data should match the JSON File in this path 'src/test/resources/TestJsonFiles/specialCharacters.json'] and Actual [TRUE]. Comparison Type [CONTAINS]. Validation Type [POSITIVE]. @27-10-2021 06:48:31.0410 A

################################################################################################################################################
Starting Execution:	[130 out of 143] test cases in the current suite
Test Method:		[testPackage01.Test_SkipDueToIssue.doNotSkip]
################################################################################################################################################
[ReportManager] This should not be skipped. @27-10-2021 06:48:31.0414 A

################################################################################################################################################
Starting Execution:	[131 out of 143] test cases in the current suite
Test Method:		[testPackage01.Test_SkipDueToIssue.skip]
################################################################################################################################################
[ReportManager] This should be skipped. @27-10-2021 06:48:31.0422 A

################################################################################################################################################
Starting Execution:	[132 out of 143] test cases in the current suite
Test Method:		[testPackage01.Test_SkipDueToIssue.skip2]
################################################################################################################################################
[ReportManager] This should be skipped. @27-10-2021 06:48:31.0428 A

################################################################################################################################################
Starting Execution:	[133 out of 143] test cases in the current suite
Test Method:		[testPackage01.Test_JSONFileManager.readStringFromJson]
################################################################################################################################################
[ReportManager] Successfully loaded the following test data file [src/test/resources/TestDataFiles/simpleJSON.json]. @27-10-2021 06:48:31.0434 AM
[ReportManager] Successfully created attachment [Test Data - JSON] @27-10-2021 06:48:31.0435 AM
[ReportManager] Assertion [ValidateEquals] PASSED. Expected [Mohab Mohie] and Actual [Mohab Mohie]. Comparison Type [EQUALS]. Validation Type [POSITIVE]. @27-10-2021 06:48:31.0450 A
[ReportManager] File Action [GetAbsolutePath] successfully performed. With the following test data [Relative Folder Path: "target/downloadedFiles/"]. @27-10-2021 06:48:31.0453 AM
[ReportManager] Attempting to run locally on: [Mac-64], [Safari], Headless Execution. @27-10-2021 06:48:31.0453 AM
[ReportManager] Successfully Opened Safari. @27-10-2021 06:48:32.0539 AM
[ReportManager] Initial window size: (800, 600) @27-10-2021 06:48:32.0552 AM
[ReportManager] Window size after SWD Maximize: (1176, 811) @27-10-2021 06:48:32.0567 AM
[ReportManager] Browser Action [MaximizeWindow] successfully performed. With the following test data [New screen size is now: (1176, 811)]. @27-10-2021 06:48:32.0568 A

################################################################################################################################################
Starting Execution:	[134 out of 143] test cases in the current suite
Test Method:		[testPackage01.Test_assertEquals.test_assertElementAttribute]
################################################################################################################################################
[ReportManager] Target URL: [https://www.google.com/ncr], and after redirection: [https://www.google.com] @27-10-2021 06:48:32.0570 AM
[ReportManager] Initial URL: [] @27-10-2021 06:48:32.0608 AM
[ReportManager] Browser Action [NavigateToURL] successfully performed. With the following test data [https://www.google.com/ncr]. @27-10-2021 06:48:33.0363 AM
[ReportManager] Element Action [Type] successfully performed. With the following test data [INC_004010050:Another SCHEDULER with the same name [Duplicate Job Name] already exists.]. @27-10-2021 06:48:35.0859 AM
[ReportManager] Element Action [GetText] successfully performed. With the following test data [INC_004010050:Another SCHEDULER with the same name [Duplicate Job Name] already exists.]. @27-10-2021 06:48:35.0899 AM
[ReportManager] Loaded Shared OpenCV @27-10-2021 06:48:35.0940 AM
[ReportManager] Assertion [ValidateElementAttribute] PASSED. Expected [Value Should be 'INC_004010050:Another SCHEDULER with the same name \[Duplicate Job Name\] already exists.' for the 'text' attribute, element locator 'By.name: q'] and Actual [INC_004010050:Another SCHEDULER with the same name [Duplicate Job Name] already exists.]. Comparison Type [MATCHES]. Validation Type [POSITIVE]. @27-10-2021 06:48:36.0089 AM
[ReportManager] Successfully created attachment [Screenshot - 1635317315940_test_assertElementAttribute_ValidateElementAttribute_passed] @27-10-2021 06:48:36.0090 A
[ReportManager] Browser Action [CloseCurrentWindow] successfully performed. @27-10-2021 06:48:36.0329 AM
[ReportManager] Successfully created attachment [Browser Action Test Data - CloseCurrentWindow - Actual Value] @27-10-2021 06:48:36.0329 A
[ReportManager] File Action [GetAbsolutePath] successfully performed. With the following test data [Relative Folder Path: "target/downloadedFiles/"]. @27-10-2021 06:48:36.0331 AM
[ReportManager] Attempting to run locally on: [Mac-64], [Safari], Headless Execution. @27-10-2021 06:48:36.0332 AM
[ReportManager] Successfully Opened Safari. @27-10-2021 06:48:37.0151 AM
[ReportManager] Initial window size: (800, 600) @27-10-2021 06:48:37.0168 AM
[ReportManager] Window size after SWD Maximize: (1176, 811) @27-10-2021 06:48:37.0180 AM
[ReportManager] Browser Action [MaximizeWindow] successfully performed. With the following test data [New screen size is now: (1176, 811)]. @27-10-2021 06:48:37.0180 A

################################################################################################################################################
Starting Execution:	[135 out of 143] test cases in the current suite
Test Method:		[testPackage01.Test_IsElementClickable.testIsElementClickable]
################################################################################################################################################
[ReportManager] Target URL: [https://the-internet.herokuapp.com/] @27-10-2021 06:48:37.0184 AM
[ReportManager] Initial URL: [] @27-10-2021 06:48:37.0264 AM
[ReportManager] Browser Action [NavigateToURL] successfully performed. With the following test data [https://the-internet.herokuapp.com/]. @27-10-2021 06:48:37.0702 AM
[ReportManager] Element Action [IsElementClickable] successfully performed. @27-10-2021 06:48:37.0750 AM
[ReportManager] Assertion [ValidateTrue] PASSED. Expected [TRUE] and Actual [TRUE]. Validation Type [POSITIVE]. @27-10-2021 06:48:37.0751 A
[ReportManager] Browser Action [CloseCurrentWindow] successfully performed. @27-10-2021 06:48:37.0866 AM
[ReportManager] Successfully created attachment [Browser Action Test Data - CloseCurrentWindow - Actual Value] @27-10-2021 06:48:37.0867 A
[ReportManager] Successfully loaded the following test data file [src/test/resources/TestDataFiles/testSuite01/TestData.xlsx]. @27-10-2021 06:48:37.0914 AM
[ReportManager] Successfully created attachment [Test Data - Excel] @27-10-2021 06:48:37.0914 AM
[ReportManager] Attempting to run using Playwright locally on: [Mac-64], [Safari], Headless Execution. @27-10-2021 06:48:59.0055 AM
[ReportManager] File Action [GetAbsolutePath] successfully performed. With the following test data [Relative Folder Path: "target/downloadedFiles/"]. @27-10-2021 06:48:59.0056 AM
[ReportManager] Initial window size: (1280, 720) @27-10-2021 06:49:05.0104 AM
[ReportManager] Window size after Toolkit: com.microsoft.playwright.options.ViewportSize@ec33a88 @27-10-2021 06:49:05.0114 AM
[ReportManager] Browser Action [MaximizeWindow] successfully performed. With the following test data [New screen size is now: (1920, 1080)]. @27-10-2021 06:49:05.0115 A

################################################################################################################################################
Starting Execution:	[136 out of 143] test cases in the current suite
Test Method:		[testPackage01.Test_google_playwright.navigateToURLandVerifyGoogleLogoIsDisplayed]
Test Description:	[TC001 - Navigate to URL and Verify Google Logo is Displayed]
################################################################################################################################################
[ReportManager] Target URL: [https://www.google.com/ncr], and after redirection: [https://www.google.com] @27-10-2021 06:49:05.0118 AM
[ReportManager] Initial URL: [about:blank] @27-10-2021 06:49:05.0709 AM
[ReportManager] Browser Action [NavigateToURL] successfully performed. With the following test data [https://www.google.com/ncr]. @27-10-2021 06:49:07.0227 AM
[ReportManager] Loaded Shared OpenCV @27-10-2021 06:49:07.0305 AM
[ReportManager] Assertion [ValidateElementExists] PASSED. Expected [Element Should Exist, locator 'xpath=//*[@id='hplogo' or @alt='Google']'] and Actual [Element Exists]. Comparison Type [EQUALS]. Validation Type [POSITIVE]. @27-10-2021 06:49:07.0469 AM
[ReportManager] Successfully created attachment [Screenshot - 1635317347301_navigateToURLandVerifyGoogleLogoIsDisplayed_ValidateElementExists_passed] @27-10-2021 06:49:07.0470 A

################################################################################################################################################
Starting Execution:	[137 out of 143] test cases in the current suite
Test Method:		[testPackage01.Test_google_playwright.searchForQueryandAssertResultsNumDisplayed]
Test Description:	[TC002 - Search for Query and Assert that the number of results is displayed]
################################################################################################################################################
[ReportManager] Element Action [Type] successfully performed. With the following test data [SHAFT_Engine]. @27-10-2021 06:49:07.0633 AM
[ReportManager] Element Action [KeyPress] successfully performed. With the following test data [Enter]. @27-10-2021 06:49:07.0734 AM
[ReportManager] Element Action [GetText] successfully performed. With the following test data [About 981,000 results (0.51 seconds)Â 
]. @27-10-2021 06:49:08.0469 AM
[ReportManager] Loaded Shared OpenCV @27-10-2021 06:49:09.0869 AM
[ReportManager] Assertion [ValidateElementAttribute] PASSED. Expected [Value Should not be '' for the 'text' attribute, element locator 'xpath=//div[@id='appbar']'] and Actual [About 981,000 results (0.51 seconds)Â 
]. Comparison Type [EQUALS]. Validation Type [NEGATIVE]. @27-10-2021 06:49:10.0107 AM
[ReportManager] Successfully created attachment [Screenshot - 1635317349867_searchForQueryandAssertResultsNumDisplayed_ValidateElementAttribute_passed] @27-10-2021 06:49:10.0109 A

################################################################################################################################################
Starting Execution:	[138 out of 143] test cases in the current suite
Test Method:		[testPackage01.Test_google_playwright.clickNextThrice]
Test Description:	[TC003 - Clicks the next button to make sure that the framework can scroll element into view before clicking it]
################################################################################################################################################
[ReportManager] Element Action [Click] successfully performed. With the following test data [Next]. @27-10-2021 06:49:10.0412 A
[ReportManager] Failed to find video recording. @27-10-2021 06:49:10.0414 AM
[ReportManager] Successfully Closed PlayWright Driver. @27-10-2021 06:49:10.0463 A
[ReportManager] File Action [GetAbsolutePath] successfully performed. With the following test data [Relative Folder Path: "target/downloadedFiles/"]. @27-10-2021 06:49:10.0466 AM
[ReportManager] Attempting to run locally on: [Mac-64], [Safari], Headless Execution. @27-10-2021 06:49:10.0466 AM
[ReportManager] Successfully Opened Safari. @27-10-2021 06:49:11.0300 AM
[ReportManager] Initial window size: (800, 600) @27-10-2021 06:49:11.0330 AM
[ReportManager] Window size after SWD Maximize: (1176, 811) @27-10-2021 06:49:11.0361 AM
[ReportManager] Browser Action [MaximizeWindow] successfully performed. With the following test data [New screen size is now: (1176, 811)]. @27-10-2021 06:49:11.0361 A

################################################################################################################################################
Starting Execution:	[139 out of 143] test cases in the current suite
Test Method:		[testPackage01.Test_verifyEquals.test_assertElementAttribute]
################################################################################################################################################
[ReportManager] Target URL: [https://www.google.com/ncr], and after redirection: [https://www.google.com] @27-10-2021 06:49:11.0365 AM
[ReportManager] Initial URL: [] @27-10-2021 06:49:11.0423 AM
[ReportManager] Browser Action [NavigateToURL] successfully performed. With the following test data [https://www.google.com/ncr]. @27-10-2021 06:49:12.0868 AM
[ReportManager] Element Action [Type] successfully performed. With the following test data [INC_004010050:Another SCHEDULER with the same name [Duplicate Job Name] already exists.]. @27-10-2021 06:49:15.0484 AM
[ReportManager] Element Action [GetText] successfully performed. With the following test data [INC_004010050:Another SCHEDULER with the same name [Duplicate Job Name] already exists.]. @27-10-2021 06:49:15.0532 AM
[ReportManager] Loaded Shared OpenCV @27-10-2021 06:49:15.0576 AM
[ReportManager] Verification [ValidateElementAttribute] PASSED. Expected [Value Should be 'INC_004010050:Another SCHEDULER with the same name \[Duplicate Job Name\] already exists.' for the 'text' attribute, element locator 'By.name: q'] and Actual [INC_004010050:Another SCHEDULER with the same name [Duplicate Job Name] already exists.]. Comparison Type [MATCHES]. Validation Type [POSITIVE]. @27-10-2021 06:49:15.0666 AM
[ReportManager] Successfully created attachment [Screenshot - 1635317355576_test_assertElementAttribute_ValidateElementAttribute_passed] @27-10-2021 06:49:15.0667 A
[ReportManager] Browser Action [CloseCurrentWindow] successfully performed. @27-10-2021 06:49:15.0870 AM
[ReportManager] Successfully created attachment [Browser Action Test Data - CloseCurrentWindow - Actual Value] @27-10-2021 06:49:15.0871 A

################################################################################################################################################
Starting Execution:	[140 out of 143] test cases in the current suite
Test Method:		[testPackage01.Test_SelectedValue.multipleSelect]
################################################################################################################################################
[ReportManager] File Action [GetAbsolutePath] successfully performed. With the following test data [Relative Folder Path: "target/downloadedFiles/"]. @27-10-2021 06:49:15.0873 AM
[ReportManager] Attempting to run locally on: [Mac-64], [GoogleChrome], Headless Execution. @27-10-2021 06:49:15.0874 AM
[ReportManager] Identifying OS/Driver combination and selecting the correct driver version automatically. Please note that if a new driver executable will be downloaded it may take some time... @27-10-2021 06:49:15.0874 AM
[ReportManager] Successfully Opened Google Chrome. @27-10-2021 06:49:16.0374 AM
[ReportManager] Initial window size: (800, 600) @27-10-2021 06:49:16.0377 AM
[ReportManager] Window size after SWD Maximize: (800, 600) @27-10-2021 06:49:16.0494 AM
[ReportManager] Window size after Toolkit: (1920, 1080) @27-10-2021 06:49:16.0899 AM
[ReportManager] Browser Action [MaximizeWindow] successfully performed. With the following test data [New screen size is now: (1920, 1080)]. @27-10-2021 06:49:16.0902 AM
[ReportManager] Target URL: [https://yari-demos.prod.mdn.mozit.cloud/en-US/docs/Web/HTML/Element/select/_sample_.Advanced_select_with_multiple_features.html] @27-10-2021 06:49:16.0902 AM
[ReportManager] Initial URL: [data:,] @27-10-2021 06:49:16.0926 AM
[ReportManager] Browser Action [NavigateToURL] successfully performed. With the following test data [https://yari-demos.prod.mdn.mozit.cloud/en-US/docs/Web/HTML/Element/select/_sample_.Advanced_select_with_multiple_features.html]. @27-10-2021 06:49:17.0141 AM
[ReportManager] Element Action [Select] successfully performed. With the following test data [Dog]. @27-10-2021 06:49:17.0323 AM
[ReportManager] Element Action [Select] successfully performed. With the following test data [Cat]. @27-10-2021 06:49:17.0466 AM
[ReportManager] Element Action [GetSelectedText] successfully performed. With the following test data [DogCat]. @27-10-2021 06:49:17.0547 AM
[ReportManager] DogCat @27-10-2021 06:49:17.0548 AM
[ReportManager] Element Action [GetSelectedText] successfully performed. With the following test data [DogCat]. @27-10-2021 06:49:17.0618 AM
[ReportManager] Loaded Shared OpenCV @27-10-2021 06:49:17.0997 AM
[ReportManager] Assertion [ValidateElementAttribute] PASSED. Expected [Value Should be 'DogCat' for the 'selectedText' attribute, element locator 'By.tagName: select'] and Actual [DogCat]. Comparison Type [EQUALS]. Validation Type [POSITIVE]. @27-10-2021 06:49:18.0201 AM
[ReportManager] Successfully created attachment [Screenshot - 1635317357997_multipleSelect_ValidateElementAttribute_passed] @27-10-2021 06:49:18.0202 AM
[ReportManager] Browser Action [CloseCurrentWindow] successfully performed. @27-10-2021 06:49:18.0442 AM
[ReportManager] Successfully created attachment [Browser Action Test Data - CloseCurrentWindow - Actual Value] @27-10-2021 06:49:18.0443 A

################################################################################################################################################
Starting Execution:	[141 out of 143] test cases in the current suite
Test Method:		[testPackage01.Test_SelectedValue.simpleSelect]
################################################################################################################################################
[ReportManager] File Action [GetAbsolutePath] successfully performed. With the following test data [Relative Folder Path: "target/downloadedFiles/"]. @27-10-2021 06:49:18.0447 AM
[ReportManager] Attempting to run locally on: [Mac-64], [GoogleChrome], Headless Execution. @27-10-2021 06:49:18.0447 AM
[ReportManager] Identifying OS/Driver combination and selecting the correct driver version automatically. Please note that if a new driver executable will be downloaded it may take some time... @27-10-2021 06:49:18.0447 AM
[ReportManager] Successfully Opened Google Chrome. @27-10-2021 06:49:18.0937 AM
[ReportManager] Initial window size: (800, 600) @27-10-2021 06:49:18.0940 AM
[ReportManager] Window size after SWD Maximize: (800, 600) @27-10-2021 06:49:19.0056 AM
[ReportManager] Window size after Toolkit: (1920, 1080) @27-10-2021 06:49:19.0518 AM
[ReportManager] Browser Action [MaximizeWindow] successfully performed. With the following test data [New screen size is now: (1920, 1080)]. @27-10-2021 06:49:19.0521 AM
[ReportManager] Target URL: [https://yari-demos.prod.mdn.mozit.cloud/en-US/docs/Web/HTML/Element/select/_sample_.Basic_select.html] @27-10-2021 06:49:19.0521 AM
[ReportManager] Initial URL: [data:,] @27-10-2021 06:49:19.0549 AM
[ReportManager] Browser Action [NavigateToURL] successfully performed. With the following test data [https://yari-demos.prod.mdn.mozit.cloud/en-US/docs/Web/HTML/Element/select/_sample_.Basic_select.html]. @27-10-2021 06:49:19.0759 AM
[ReportManager] Element Action [Select] successfully performed. With the following test data [Third Value]. @27-10-2021 06:49:19.0997 AM
[ReportManager] Element Action [GetSelectedText] successfully performed. With the following test data [Third Value]. @27-10-2021 06:49:20.0059 AM
[ReportManager] Third Value @27-10-2021 06:49:20.0060 AM
[ReportManager] Element Action [GetSelectedText] successfully performed. With the following test data [Third Value]. @27-10-2021 06:49:20.0118 AM
[ReportManager] Loaded Shared OpenCV @27-10-2021 06:49:20.0532 AM
[ReportManager] Assertion [ValidateElementAttribute] PASSED. Expected [Value Should be 'Third Value' for the 'selectedText' attribute, element locator 'By.tagName: select'] and Actual [Third Value]. Comparison Type [EQUALS]. Validation Type [POSITIVE]. @27-10-2021 06:49:20.0698 AM
[ReportManager] Successfully created attachment [Screenshot - 1635317360531_simpleSelect_ValidateElementAttribute_passed] @27-10-2021 06:49:20.0698 AM
[ReportManager] Browser Action [CloseCurrentWindow] successfully performed. @27-10-2021 06:49:20.0940 AM
[ReportManager] Successfully created attachment [Browser Action Test Data - CloseCurrentWindow - Actual Value] @27-10-2021 06:49:20.0941 A
[ReportManager] File Action [GetAbsolutePath] successfully performed. With the following test data [Relative Folder Path: "target/downloadedFiles/"]. @27-10-2021 06:49:20.0944 AM
[ReportManager] Attempting to run locally on: [Mac-64], [Safari], Headless Execution. @27-10-2021 06:49:20.0944 AM
[ReportManager] Successfully Opened Safari. @27-10-2021 06:49:21.0738 AM
[ReportManager] Initial window size: (800, 600) @27-10-2021 06:49:21.0756 AM
[ReportManager] Window size after SWD Maximize: (1176, 811) @27-10-2021 06:49:21.0785 AM
[ReportManager] Browser Action [MaximizeWindow] successfully performed. With the following test data [New screen size is now: (1176, 811)]. @27-10-2021 06:49:21.0790 A

################################################################################################################################################
Starting Execution:	[142 out of 143] test cases in the current suite
Test Method:		[testPackage01.Test_dynamicLoading.dynamicLoading_elementIsHidden]
################################################################################################################################################
[ReportManager] Target URL: [https://the-internet.herokuapp.com/dynamic_loading/1] @27-10-2021 06:49:21.0797 AM
[ReportManager] Initial URL: [] @27-10-2021 06:49:21.0867 AM
[ReportManager] Browser Action [NavigateToURL] successfully performed. With the following test data [https://the-internet.herokuapp.com/dynamic_loading/1]. @27-10-2021 06:49:22.0312 AM
[ReportManager] Element Action [Click] successfully performed. With the following test data [Start]. @27-10-2021 06:49:22.0585 AM
[ReportManager] Element Action [GetText] successfully performed. With the following test data [
    Hello World!
  ]. @27-10-2021 06:49:22.0625 A
[ReportManager] Browser Action [CloseCurrentWindow] successfully performed. @27-10-2021 06:49:22.0828 AM
[ReportManager] Successfully created attachment [Browser Action Test Data - CloseCurrentWindow - Actual Value] @27-10-2021 06:49:22.0829 A
[ReportManager] File Action [GetAbsolutePath] successfully performed. With the following test data [Relative Folder Path: "target/downloadedFiles/"]. @27-10-2021 06:49:22.0831 AM
[ReportManager] Attempting to run locally on: [Mac-64], [Safari], Headless Execution. @27-10-2021 06:49:22.0832 AM
[ReportManager] Successfully Opened Safari. @27-10-2021 06:49:23.0658 AM
[ReportManager] Initial window size: (800, 600) @27-10-2021 06:49:23.0665 AM
[ReportManager] Window size after SWD Maximize: (1176, 811) @27-10-2021 06:49:23.0687 AM
[ReportManager] Browser Action [MaximizeWindow] successfully performed. With the following test data [New screen size is now: (1176, 811)]. @27-10-2021 06:49:23.0687 A

################################################################################################################################################
Starting Execution:	[143 out of 143] test cases in the current suite
Test Method:		[testPackage01.Test_dynamicLoading.dynamicLoading_elementIsRendered]
################################################################################################################################################
[ReportManager] Target URL: [https://the-internet.herokuapp.com/dynamic_loading/2] @27-10-2021 06:49:23.0692 AM
[ReportManager] Initial URL: [] @27-10-2021 06:49:23.0776 AM
[ReportManager] Browser Action [NavigateToURL] successfully performed. With the following test data [https://the-internet.herokuapp.com/dynamic_loading/2]. @27-10-2021 06:49:24.0345 AM
[ReportManager] Element Action [Click] successfully performed. With the following test data [Start]. @27-10-2021 06:49:24.0626 A
[ReportManager] Browser Action [CloseCurrentWindow] successfully performed. @27-10-2021 06:49:24.0924 AM
[ReportManager] Successfully created attachment [Browser Action Test Data - CloseCurrentWindow - Actual Value] @27-10-2021 06:49:24.0925 A

################################################################################################################################################
Test Closure Activities
################################################################################################################################################
[ReportManager] Successfully created attachment [SHAFT Engine Logs - Execution log] @27-10-2021 06:49:24.0959 AM

################################################################################################################################################
This test run was powered by SHAFT Engine Version: [SHAFT Engine v5.4.20211025-BETA]
SHAFT Engine is licensed under the MIT License: [https://github.com/MohabMohie/SHAFT_ENGINE/blob/master/LICENSE].
################################################################################################################################################