################################################################################################################################################
Detected SHAFT Engine Version: [SHAFT Engine v6.1.20220113]
################################################################################################################################################
[ReportManager] File Action [GetAbsolutePath] successfully performed. With the following test data [Relative Folder Path: "target/downloadedFiles/"]. @04-02-2022 01:41:31.0941 AM
[ReportManager] Attempting to run locally on: [Mac-64], [Safari], Headless Execution. @04-02-2022 01:41:31.0955 AM
[ReportManager] Successfully Opened Safari. @04-02-2022 01:41:37.0093 AM
[ReportManager] Initial window size: (800, 600) @04-02-2022 01:41:37.0134 AM
[ReportManager] Window size after SWD Maximize: (1176, 802) @04-02-2022 01:41:37.0175 AM
[ReportManager] Browser Action [MaximizeWindow] successfully performed. With the following test data [New screen size is now: (1176, 802)]. @04-02-2022 01:41:37.0186 A

################################################################################################################################################
Starting Execution:	[1 out of 162] test cases in the current suite
Test Method:		[unitTests.tests_element_elementActions.waitForElementToBePresent_false_expectedToFail]
################################################################################################################################################
[ReportManager] Target URL: [https://www.google.com/ncr], and after redirection: [www.google.com] @04-02-2022 01:41:37.0331 AM
[ReportManager] Initial URL: [] @04-02-2022 01:41:37.0405 AM
[ReportManager] Browser Action [NavigateToURL] successfully performed. With the following test data [https://www.google.com/ncr]. @04-02-2022 01:41:39.0090 AM
[ReportManager] Waiting for element to be present; elementLocator [By.xpath: //*[@id='hplogo' or @alt='Google']], numberOfTries[1], stateOfPresence[false]... @04-02-2022 01:41:39.0101 AM
[ReportManager] Element Action [WaitForElementToBePresent] failed. With the following test data [waited for the element's state of presence to be (false). Element locator (By.xpath: //*[@id='hplogo' or @alt='Google'])]. @04-02-2022 01:41:42.0516 AM
[ReportManager] Successfully created attachment [Screenshot - 1643938899231_waitForElementToBePresent_false_expectedToFail_WaitForElementToBePresent_failed] @04-02-2022 01:41:42.0527 A
[ReportManager] Browser Action [CloseCurrentWindow] successfully performed. @04-02-2022 01:41:42.0925 AM
[ReportManager] Successfully created attachment [Browser Action Test Data - CloseCurrentWindow - Actual Value] @04-02-2022 01:41:42.0926 A
[ReportManager] File Action [GetAbsolutePath] successfully performed. With the following test data [Relative Folder Path: "target/downloadedFiles/"]. @04-02-2022 01:41:42.0938 AM
[ReportManager] Attempting to run locally on: [Mac-64], [Safari], Headless Execution. @04-02-2022 01:41:42.0939 AM
[ReportManager] Successfully Opened Safari. @04-02-2022 01:41:43.0923 AM
[ReportManager] Initial window size: (800, 600) @04-02-2022 01:41:43.0946 AM
[ReportManager] Window size after SWD Maximize: (1176, 803) @04-02-2022 01:41:43.0984 AM
[ReportManager] Browser Action [MaximizeWindow] successfully performed. With the following test data [New screen size is now: (1176, 803)]. @04-02-2022 01:41:43.0985 A

################################################################################################################################################
Starting Execution:	[2 out of 162] test cases in the current suite
Test Method:		[unitTests.tests_element_elementActions.waitForElementToBePresent_false_expectedToPass]
################################################################################################################################################
[ReportManager] Target URL: [https://www.google.com/ncr], and after redirection: [www.google.com] @04-02-2022 01:41:43.0990 AM
[ReportManager] Initial URL: [] @04-02-2022 01:41:44.0038 AM
[ReportManager] Browser Action [NavigateToURL] successfully performed. With the following test data [https://www.google.com/ncr]. @04-02-2022 01:41:45.0325 AM
[ReportManager] Waiting for element to be present; elementLocator [By.id: bla], numberOfTries[1], stateOfPresence[false]... @04-02-2022 01:41:45.0325 AM
[ReportManager] org.openqa.selenium.TimeoutException:
Expected condition failed: waiting for com.shaft.gui.element.ElementActionsHelper$$Lambda$641/0x000000080112b150@2bd158ea (tried for 5 second(s) with 1000 milliseconds interval)
org.openqa.selenium.support.ui.FluentWait.timeoutException(FluentWait.java:263)
org.openqa.selenium.support.ui.FluentWait.until(FluentWait.java:231)
com.shaft.gui.element.ElementActionsHelper.waitForElementPresence(ElementActionsHelper.java:89)
com.shaft.gui.element.ElementActionsHelper.waitForElementPresence(ElementActionsHelper.java:37)
com.shaft.gui.element.WebDriverElementActions.getMatchingElementsCount(WebDriverElementActions.java:1481)
com.shaft.gui.element.WebDriverElementActions.waitForElementToBePresent(WebDriverElementActions.java:1295)
com.shaft.gui.element.ElementActions.waitForElementToBePresent(ElementActions.java:630)
unitTests.tests_element_elementActions.waitForElementToBePresent_false_expectedToPass(tests_element_elementActions.java:48)
java.base/jdk.internal.reflect.NativeMethodAccessorImpl.invoke0(Native Method)
java.base/jdk.internal.reflect.NativeMethodAccessorImpl.invoke(NativeMethodAccessorImpl.java:77)
java.base/jdk.internal.reflect.DelegatingMethodAccessorImpl.invoke(DelegatingMethodAccessorImpl.java:43)
java.base/java.lang.reflect.Method.invoke(Method.java:568)
org.testng.internal.invokers.MethodInvocationHelper.invokeMethod(MethodInvocationHelper.java:135)
org.testng.internal.invokers.TestInvoker.invokeMethod(TestInvoker.java:673)
org.testng.internal.invokers.TestInvoker.invokeTestMethod(TestInvoker.java:220)
org.testng.internal.invokers.MethodRunner.runInSequence(MethodRunner.java:50)
org.testng.internal.invokers.TestInvoker$MethodInvocationAgent.invoke(TestInvoker.java:945)
org.testng.internal.invokers.TestInvoker.invokeTestMethods(TestInvoker.java:193)
org.testng.internal.invokers.TestMethodWorker.invokeTestMethods(TestMethodWorker.java:146)
org.testng.internal.invokers.TestMethodWorker.run(TestMethodWorker.java:128)
java.base/java.util.ArrayList.forEach(ArrayList.java:1511)
org.testng.TestRunner.privateRun(TestRunner.java:808)
org.testng.TestRunner.run(TestRunner.java:603)
org.testng.SuiteRunner.runTest(SuiteRunner.java:429)
org.testng.SuiteRunner.runSequentially(SuiteRunner.java:423)
org.testng.SuiteRunner.privateRun(SuiteRunner.java:383)
org.testng.SuiteRunner.run(SuiteRunner.java:326)
org.testng.SuiteRunnerWorker.runSuite(SuiteRunnerWorker.java:52)
org.testng.SuiteRunnerWorker.run(SuiteRunnerWorker.java:95)
org.testng.TestNG.runSuitesSequentially(TestNG.java:1249)
org.testng.TestNG.runSuitesLocally(TestNG.java:1169)
org.testng.TestNG.runSuites(TestNG.java:1092)
org.testng.TestNG.run(TestNG.java:1060)
org.apache.maven.surefire.testng.TestNGExecutor.run(TestNGExecutor.java:136)
org.apache.maven.surefire.testng.TestNGDirectoryTestSuite.executeMulti(TestNGDirectoryTestSuite.java:193)
org.apache.maven.surefire.testng.TestNGDirectoryTestSuite.execute(TestNGDirectoryTestSuite.java:94)
org.apache.maven.surefire.testng.TestNGProvider.invoke(TestNGProvider.java:145)
org.apache.maven.surefire.booter.ForkedBooter.runSuitesInProcess(ForkedBooter.java:428)
org.apache.maven.surefire.booter.ForkedBooter.execute(ForkedBooter.java:162)
org.apache.maven.surefire.booter.ForkedBooter.run(ForkedBooter.java:562)
org.apache.maven.surefire.booter.ForkedBooter.main(ForkedBooter.java:548)

Caused by: org.openqa.selenium.NoSuchElementException:
For documentation on this error, please visit: https://selenium.dev/exceptions/#no_such_element
Build info: version: '4.1.2', revision: '9a5a329c5a'
System info: host: 'Mac-1643938772198.local', ip: '10.213.7.118', os.name: 'Mac OS X', os.arch: 'x86_64', os.version: '11.6.3', java.version: '17.0.2'
Driver info: org.openqa.selenium.safari.SafariDriver
Command: [78454CE2-C908-4A3F-98AD-207C2AD27C42, findElement {using=id, value=bla}]
Capabilities {acceptInsecureCerts: false, browserName: Safari, browserVersion: 15.3, goog:loggingPrefs: {browser: ALL, client: ALL, driver: ALL, performance: ALL, profiler: ALL, server: ALL}, javascriptEnabled: true, pageLoadStrategy: normal, platform: MAC, platformName: MAC, safari:automaticInspection: false, safari:automaticProfiling: false, safari:diagnose: false, safari:platformBuildVersion: 20G415, safari:platformVersion: 11.6.3, safari:useSimulator: false, setWindowRect: true, strictFileInteractability: false, timeouts: {pageLoad: 30000, script: 30000}, webkit:WebRTC: {DisableICECandidateFiltering: false, DisableInsecureMediaCapture: false}}
Session ID: 78454CE2-C908-4A3F-98AD-207C2AD27C42
java.base/jdk.internal.reflect.NativeConstructorAccessorImpl.newInstance0(Native Method)
java.base/jdk.internal.reflect.NativeConstructorAccessorImpl.newInstance(NativeConstructorAccessorImpl.java:77)
java.base/jdk.internal.reflect.DelegatingConstructorAccessorImpl.newInstance(DelegatingConstructorAccessorImpl.java:45)
java.base/java.lang.reflect.Constructor.newInstanceWithCaller(Constructor.java:499)
java.base/java.lang.reflect.Constructor.newInstance(Constructor.java:480)
org.openqa.selenium.remote.codec.w3c.W3CHttpResponseCodec.createException(W3CHttpResponseCodec.java:200)
org.openqa.selenium.remote.codec.w3c.W3CHttpResponseCodec.decode(W3CHttpResponseCodec.java:133)
org.openqa.selenium.remote.codec.w3c.W3CHttpResponseCodec.decode(W3CHttpResponseCodec.java:53)
org.openqa.selenium.remote.HttpCommandExecutor.execute(HttpCommandExecutor.java:184)
org.openqa.selenium.remote.service.DriverCommandExecutor.invokeExecute(DriverCommandExecutor.java:167)
org.openqa.selenium.remote.service.DriverCommandExecutor.execute(DriverCommandExecutor.java:142)
org.openqa.selenium.remote.RemoteWebDriver.execute(RemoteWebDriver.java:558)
org.openqa.selenium.remote.ElementLocation$ElementFinder$2.findElement(ElementLocation.java:162)
org.openqa.selenium.remote.ElementLocation.findElement(ElementLocation.java:60)
org.openqa.selenium.remote.RemoteWebDriver.findElement(RemoteWebDriver.java:382)
org.openqa.selenium.remote.RemoteWebDriver.findElement(RemoteWebDriver.java:374)
com.shaft.gui.element.ElementActionsHelper.lambda$waitForElementPresence$0(ElementActionsHelper.java:92)
org.openqa.selenium.support.ui.FluentWait.until(FluentWait.java:208)
com.shaft.gui.element.ElementActionsHelper.waitForElementPresence(ElementActionsHelper.java:89)
com.shaft.gui.element.ElementActionsHelper.waitForElementPresence(ElementActionsHelper.java:37)
com.shaft.gui.element.WebDriverElementActions.getMatchingElementsCount(WebDriverElementActions.java:1481)
com.shaft.gui.element.WebDriverElementActions.waitForElementToBePresent(WebDriverElementActions.java:1295)
com.shaft.gui.element.ElementActions.waitForElementToBePresent(ElementActions.java:630)
unitTests.tests_element_elementActions.waitForElementToBePresent_false_expectedToPass(tests_element_elementActions.java:48)
java.base/jdk.internal.reflect.NativeMethodAccessorImpl.invoke0(Native Method)
java.base/jdk.internal.reflect.NativeMethodAccessorImpl.invoke(NativeMethodAccessorImpl.java:77)
java.base/jdk.internal.reflect.DelegatingMethodAccessorImpl.invoke(DelegatingMethodAccessorImpl.java:43)
java.base/java.lang.reflect.Method.invoke(Method.java:568)
org.testng.internal.invokers.MethodInvocationHelper.invokeMethod(MethodInvocationHelper.java:135)
org.testng.internal.invokers.TestInvoker.invokeMethod(TestInvoker.java:673)
org.testng.internal.invokers.TestInvoker.invokeTestMethod(TestInvoker.java:220)
org.testng.internal.invokers.MethodRunner.runInSequence(MethodRunner.java:50)
org.testng.internal.invokers.TestInvoker$MethodInvocationAgent.invoke(TestInvoker.java:945)
org.testng.internal.invokers.TestInvoker.invokeTestMethods(TestInvoker.java:193)
org.testng.internal.invokers.TestMethodWorker.invokeTestMethods(TestMethodWorker.java:146)
org.testng.internal.invokers.TestMethodWorker.run(TestMethodWorker.java:128)
java.base/java.util.ArrayList.forEach(ArrayList.java:1511)
org.testng.TestRunner.privateRun(TestRunner.java:808)
org.testng.TestRunner.run(TestRunner.java:603)
org.testng.SuiteRunner.runTest(SuiteRunner.java:429)
org.testng.SuiteRunner.runSequentially(SuiteRunner.java:423)
org.testng.SuiteRunner.privateRun(SuiteRunner.java:383)
org.testng.SuiteRunner.run(SuiteRunner.java:326)
org.testng.SuiteRunnerWorker.runSuite(SuiteRunnerWorker.java:52)
org.testng.SuiteRunnerWorker.run(SuiteRunnerWorker.java:95)
org.testng.TestNG.runSuitesSequentially(TestNG.java:1249)
org.testng.TestNG.runSuitesLocally(TestNG.java:1169)
org.testng.TestNG.runSuites(TestNG.java:1092)
org.testng.TestNG.run(TestNG.java:1060)
org.apache.maven.surefire.testng.TestNGExecutor.run(TestNGExecutor.java:136)
org.apache.maven.surefire.testng.TestNGDirectoryTestSuite.executeMulti(TestNGDirectoryTestSuite.java:193)
org.apache.maven.surefire.testng.TestNGDirectoryTestSuite.execute(TestNGDirectoryTestSuite.java:94)
org.apache.maven.surefire.testng.TestNGProvider.invoke(TestNGProvider.java:145)
org.apache.maven.surefire.booter.ForkedBooter.runSuitesInProcess(ForkedBooter.java:428)
org.apache.maven.surefire.booter.ForkedBooter.execute(ForkedBooter.java:162)
org.apache.maven.surefire.booter.ForkedBooter.run(ForkedBooter.java:562)
org.apache.maven.surefire.booter.ForkedBooter.main(ForkedBooter.java:548) @04-02-2022 01:41:50.0684 AM
[ReportManager] Element Action [WaitForElementToBePresent] successfully performed. With the following test data [waited for the element's state of presence to be (false). Element locator (By.id: bla)]. @04-02-2022 01:41:50.0686 A
[ReportManager] Browser Action [CloseCurrentWindow] successfully performed. @04-02-2022 01:41:51.0045 AM
[ReportManager] Successfully created attachment [Browser Action Test Data - CloseCurrentWindow - Actual Value] @04-02-2022 01:41:51.0046 A
[ReportManager] File Action [GetAbsolutePath] successfully performed. With the following test data [Relative Folder Path: "target/downloadedFiles/"]. @04-02-2022 01:41:51.0053 AM
[ReportManager] Attempting to run locally on: [Mac-64], [Safari], Headless Execution. @04-02-2022 01:41:51.0053 AM
[ReportManager] Successfully Opened Safari. @04-02-2022 01:41:52.0034 AM
[ReportManager] Initial window size: (800, 600) @04-02-2022 01:41:52.0045 AM
[ReportManager] Window size after SWD Maximize: (1176, 803) @04-02-2022 01:41:52.0075 AM
[ReportManager] Browser Action [MaximizeWindow] successfully performed. With the following test data [New screen size is now: (1176, 803)]. @04-02-2022 01:41:52.0075 A

################################################################################################################################################
Starting Execution:	[3 out of 162] test cases in the current suite
Test Method:		[unitTests.tests_element_elementActions.waitForElementToBePresent_moreThanOneElement_expectedToFail]
################################################################################################################################################
[ReportManager] Target URL: [https://www.google.com/ncr], and after redirection: [www.google.com] @04-02-2022 01:41:52.0081 AM
[ReportManager] Initial URL: [] @04-02-2022 01:41:52.0126 AM
[ReportManager] Browser Action [NavigateToURL] successfully performed. With the following test data [https://www.google.com/ncr]. @04-02-2022 01:41:52.0901 AM
[ReportManager] Waiting for element to be present; elementLocator [By.xpath: //*], numberOfTries[1], stateOfPresence[false]... @04-02-2022 01:41:52.0901 AM
[ReportManager] Element Action [WaitForElementToBePresent] failed. With the following test data [waited for the element's state of presence to be (false). Element locator (By.xpath: //*)]. @04-02-2022 01:41:53.0164 AM
[ReportManager] Successfully created attachment [Screenshot - 1643938913042_waitForElementToBePresent_moreThanOneElement_expectedToFail_WaitForElementToBePresent_failed] @04-02-2022 01:41:53.0167 A
[ReportManager] Browser Action [CloseCurrentWindow] successfully performed. @04-02-2022 01:41:53.0540 AM
[ReportManager] Successfully created attachment [Browser Action Test Data - CloseCurrentWindow - Actual Value] @04-02-2022 01:41:53.0542 A
[ReportManager] File Action [GetAbsolutePath] successfully performed. With the following test data [Relative Folder Path: "target/downloadedFiles/"]. @04-02-2022 01:41:53.0547 AM
[ReportManager] Attempting to run locally on: [Mac-64], [Safari], Headless Execution. @04-02-2022 01:41:53.0548 AM
[ReportManager] Successfully Opened Safari. @04-02-2022 01:41:54.0503 AM
[ReportManager] Initial window size: (800, 600) @04-02-2022 01:41:54.0533 AM
[ReportManager] Window size after SWD Maximize: (1176, 803) @04-02-2022 01:41:54.0572 AM
[ReportManager] Browser Action [MaximizeWindow] successfully performed. With the following test data [New screen size is now: (1176, 803)]. @04-02-2022 01:41:54.0573 A

################################################################################################################################################
Starting Execution:	[4 out of 162] test cases in the current suite
Test Method:		[unitTests.tests_element_elementActions.waitForElementToBePresent_true_expectedToFail]
################################################################################################################################################
[ReportManager] Target URL: [https://www.google.com/ncr], and after redirection: [www.google.com] @04-02-2022 01:41:54.0577 AM
[ReportManager] Initial URL: [] @04-02-2022 01:41:54.0639 AM
[ReportManager] Browser Action [NavigateToURL] successfully performed. With the following test data [https://www.google.com/ncr]. @04-02-2022 01:41:56.0057 AM
[ReportManager] Waiting for element to be present; elementLocator [By.id: bla], numberOfTries[1], stateOfPresence[true]... @04-02-2022 01:41:56.0057 AM
[ReportManager] org.openqa.selenium.TimeoutException:
Expected condition failed: waiting for com.shaft.gui.element.ElementActionsHelper$$Lambda$641/0x000000080112b150@80081d7 (tried for 5 second(s) with 1000 milliseconds interval)
org.openqa.selenium.support.ui.FluentWait.timeoutException(FluentWait.java:263)
org.openqa.selenium.support.ui.FluentWait.until(FluentWait.java:231)
com.shaft.gui.element.ElementActionsHelper.waitForElementPresence(ElementActionsHelper.java:89)
com.shaft.gui.element.ElementActionsHelper.waitForElementPresence(ElementActionsHelper.java:37)
com.shaft.gui.element.WebDriverElementActions.getMatchingElementsCount(WebDriverElementActions.java:1481)
com.shaft.gui.element.WebDriverElementActions.waitForElementToBePresent(WebDriverElementActions.java:1295)
com.shaft.gui.element.ElementActions.waitForElementToBePresent(ElementActions.java:630)
unitTests.tests_element_elementActions.waitForElementToBePresent_true_expectedToFail(tests_element_elementActions.java:39)
java.base/jdk.internal.reflect.NativeMethodAccessorImpl.invoke0(Native Method)
java.base/jdk.internal.reflect.NativeMethodAccessorImpl.invoke(NativeMethodAccessorImpl.java:77)
java.base/jdk.internal.reflect.DelegatingMethodAccessorImpl.invoke(DelegatingMethodAccessorImpl.java:43)
java.base/java.lang.reflect.Method.invoke(Method.java:568)
org.testng.internal.invokers.MethodInvocationHelper.invokeMethod(MethodInvocationHelper.java:135)
org.testng.internal.invokers.TestInvoker.invokeMethod(TestInvoker.java:673)
org.testng.internal.invokers.TestInvoker.invokeTestMethod(TestInvoker.java:220)
org.testng.internal.invokers.MethodRunner.runInSequence(MethodRunner.java:50)
org.testng.internal.invokers.TestInvoker$MethodInvocationAgent.invoke(TestInvoker.java:945)
org.testng.internal.invokers.TestInvoker.invokeTestMethods(TestInvoker.java:193)
org.testng.internal.invokers.TestMethodWorker.invokeTestMethods(TestMethodWorker.java:146)
org.testng.internal.invokers.TestMethodWorker.run(TestMethodWorker.java:128)
java.base/java.util.ArrayList.forEach(ArrayList.java:1511)
org.testng.TestRunner.privateRun(TestRunner.java:808)
org.testng.TestRunner.run(TestRunner.java:603)
org.testng.SuiteRunner.runTest(SuiteRunner.java:429)
org.testng.SuiteRunner.runSequentially(SuiteRunner.java:423)
org.testng.SuiteRunner.privateRun(SuiteRunner.java:383)
org.testng.SuiteRunner.run(SuiteRunner.java:326)
org.testng.SuiteRunnerWorker.runSuite(SuiteRunnerWorker.java:52)
org.testng.SuiteRunnerWorker.run(SuiteRunnerWorker.java:95)
org.testng.TestNG.runSuitesSequentially(TestNG.java:1249)
org.testng.TestNG.runSuitesLocally(TestNG.java:1169)
org.testng.TestNG.runSuites(TestNG.java:1092)
org.testng.TestNG.run(TestNG.java:1060)
org.apache.maven.surefire.testng.TestNGExecutor.run(TestNGExecutor.java:136)
org.apache.maven.surefire.testng.TestNGDirectoryTestSuite.executeMulti(TestNGDirectoryTestSuite.java:193)
org.apache.maven.surefire.testng.TestNGDirectoryTestSuite.execute(TestNGDirectoryTestSuite.java:94)
org.apache.maven.surefire.testng.TestNGProvider.invoke(TestNGProvider.java:145)
org.apache.maven.surefire.booter.ForkedBooter.runSuitesInProcess(ForkedBooter.java:428)
org.apache.maven.surefire.booter.ForkedBooter.execute(ForkedBooter.java:162)
org.apache.maven.surefire.booter.ForkedBooter.run(ForkedBooter.java:562)
org.apache.maven.surefire.booter.ForkedBooter.main(ForkedBooter.java:548)

Caused by: org.openqa.selenium.NoSuchElementException:
For documentation on this error, please visit: https://selenium.dev/exceptions/#no_such_element
Build info: version: '4.1.2', revision: '9a5a329c5a'
System info: host: 'Mac-1643938772198.local', ip: '10.213.7.118', os.name: 'Mac OS X', os.arch: 'x86_64', os.version: '11.6.3', java.version: '17.0.2'
Driver info: org.openqa.selenium.safari.SafariDriver
Command: [D73DAEC2-9E88-4DCC-9C5D-786C3FB3961F, findElement {using=id, value=bla}]
Capabilities {acceptInsecureCerts: false, browserName: Safari, browserVersion: 15.3, goog:loggingPrefs: {browser: ALL, client: ALL, driver: ALL, performance: ALL, profiler: ALL, server: ALL}, javascriptEnabled: true, pageLoadStrategy: normal, platform: MAC, platformName: MAC, safari:automaticInspection: false, safari:automaticProfiling: false, safari:diagnose: false, safari:platformBuildVersion: 20G415, safari:platformVersion: 11.6.3, safari:useSimulator: false, setWindowRect: true, strictFileInteractability: false, timeouts: {pageLoad: 30000, script: 30000}, webkit:WebRTC: {DisableICECandidateFiltering: false, DisableInsecureMediaCapture: false}}
Session ID: D73DAEC2-9E88-4DCC-9C5D-786C3FB3961F
java.base/jdk.internal.reflect.NativeConstructorAccessorImpl.newInstance0(Native Method)
java.base/jdk.internal.reflect.NativeConstructorAccessorImpl.newInstance(NativeConstructorAccessorImpl.java:77)
java.base/jdk.internal.reflect.DelegatingConstructorAccessorImpl.newInstance(DelegatingConstructorAccessorImpl.java:45)
java.base/java.lang.reflect.Constructor.newInstanceWithCaller(Constructor.java:499)
java.base/java.lang.reflect.Constructor.newInstance(Constructor.java:480)
org.openqa.selenium.remote.codec.w3c.W3CHttpResponseCodec.createException(W3CHttpResponseCodec.java:200)
org.openqa.selenium.remote.codec.w3c.W3CHttpResponseCodec.decode(W3CHttpResponseCodec.java:133)
org.openqa.selenium.remote.codec.w3c.W3CHttpResponseCodec.decode(W3CHttpResponseCodec.java:53)
org.openqa.selenium.remote.HttpCommandExecutor.execute(HttpCommandExecutor.java:184)
org.openqa.selenium.remote.service.DriverCommandExecutor.invokeExecute(DriverCommandExecutor.java:167)
org.openqa.selenium.remote.service.DriverCommandExecutor.execute(DriverCommandExecutor.java:142)
org.openqa.selenium.remote.RemoteWebDriver.execute(RemoteWebDriver.java:558)
org.openqa.selenium.remote.ElementLocation$ElementFinder$2.findElement(ElementLocation.java:162)
org.openqa.selenium.remote.ElementLocation.findElement(ElementLocation.java:60)
org.openqa.selenium.remote.RemoteWebDriver.findElement(RemoteWebDriver.java:382)
org.openqa.selenium.remote.RemoteWebDriver.findElement(RemoteWebDriver.java:374)
com.shaft.gui.element.ElementActionsHelper.lambda$waitForElementPresence$0(ElementActionsHelper.java:92)
org.openqa.selenium.support.ui.FluentWait.until(FluentWait.java:208)
com.shaft.gui.element.ElementActionsHelper.waitForElementPresence(ElementActionsHelper.java:89)
com.shaft.gui.element.ElementActionsHelper.waitForElementPresence(ElementActionsHelper.java:37)
com.shaft.gui.element.WebDriverElementActions.getMatchingElementsCount(WebDriverElementActions.java:1481)
com.shaft.gui.element.WebDriverElementActions.waitForElementToBePresent(WebDriverElementActions.java:1295)
com.shaft.gui.element.ElementActions.waitForElementToBePresent(ElementActions.java:630)
unitTests.tests_element_elementActions.waitForElementToBePresent_true_expectedToFail(tests_element_elementActions.java:39)
java.base/jdk.internal.reflect.NativeMethodAccessorImpl.invoke0(Native Method)
java.base/jdk.internal.reflect.NativeMethodAccessorImpl.invoke(NativeMethodAccessorImpl.java:77)
java.base/jdk.internal.reflect.DelegatingMethodAccessorImpl.invoke(DelegatingMethodAccessorImpl.java:43)
java.base/java.lang.reflect.Method.invoke(Method.java:568)
org.testng.internal.invokers.MethodInvocationHelper.invokeMethod(MethodInvocationHelper.java:135)
org.testng.internal.invokers.TestInvoker.invokeMethod(TestInvoker.java:673)
org.testng.internal.invokers.TestInvoker.invokeTestMethod(TestInvoker.java:220)
org.testng.internal.invokers.MethodRunner.runInSequence(MethodRunner.java:50)
org.testng.internal.invokers.TestInvoker$MethodInvocationAgent.invoke(TestInvoker.java:945)
org.testng.internal.invokers.TestInvoker.invokeTestMethods(TestInvoker.java:193)
org.testng.internal.invokers.TestMethodWorker.invokeTestMethods(TestMethodWorker.java:146)
org.testng.internal.invokers.TestMethodWorker.run(TestMethodWorker.java:128)
java.base/java.util.ArrayList.forEach(ArrayList.java:1511)
org.testng.TestRunner.privateRun(TestRunner.java:808)
org.testng.TestRunner.run(TestRunner.java:603)
org.testng.SuiteRunner.runTest(SuiteRunner.java:429)
org.testng.SuiteRunner.runSequentially(SuiteRunner.java:423)
org.testng.SuiteRunner.privateRun(SuiteRunner.java:383)
org.testng.SuiteRunner.run(SuiteRunner.java:326)
org.testng.SuiteRunnerWorker.runSuite(SuiteRunnerWorker.java:52)
org.testng.SuiteRunnerWorker.run(SuiteRunnerWorker.java:95)
org.testng.TestNG.runSuitesSequentially(TestNG.java:1249)
org.testng.TestNG.runSuitesLocally(TestNG.java:1169)
org.testng.TestNG.runSuites(TestNG.java:1092)
org.testng.TestNG.run(TestNG.java:1060)
org.apache.maven.surefire.testng.TestNGExecutor.run(TestNGExecutor.java:136)
org.apache.maven.surefire.testng.TestNGDirectoryTestSuite.executeMulti(TestNGDirectoryTestSuite.java:193)
org.apache.maven.surefire.testng.TestNGDirectoryTestSuite.execute(TestNGDirectoryTestSuite.java:94)
org.apache.maven.surefire.testng.TestNGProvider.invoke(TestNGProvider.java:145)
org.apache.maven.surefire.booter.ForkedBooter.runSuitesInProcess(ForkedBooter.java:428)
org.apache.maven.surefire.booter.ForkedBooter.execute(ForkedBooter.java:162)
org.apache.maven.surefire.booter.ForkedBooter.run(ForkedBooter.java:562)
org.apache.maven.surefire.booter.ForkedBooter.main(ForkedBooter.java:548) @04-02-2022 01:42:01.0302 AM
[ReportManager] Element Action [WaitForElementToBePresent] failed. With the following test data [waited for the element's state of presence to be (true). Element locator (By.id: bla)]. @04-02-2022 01:42:01.0417 AM
[ReportManager] Successfully created attachment [Screenshot - 1643938921328_waitForElementToBePresent_true_expectedToFail_WaitForElementToBePresent_failed] @04-02-2022 01:42:01.0420 A
[ReportManager] Browser Action [CloseCurrentWindow] successfully performed. @04-02-2022 01:42:01.0563 AM
[ReportManager] Successfully created attachment [Browser Action Test Data - CloseCurrentWindow - Actual Value] @04-02-2022 01:42:01.0564 A
[ReportManager] File Action [GetAbsolutePath] successfully performed. With the following test data [Relative Folder Path: "target/downloadedFiles/"]. @04-02-2022 01:42:01.0569 AM
[ReportManager] Attempting to run locally on: [Mac-64], [Safari], Headless Execution. @04-02-2022 01:42:01.0569 AM
[ReportManager] Successfully Opened Safari. @04-02-2022 01:42:02.0500 AM
[ReportManager] Initial window size: (800, 600) @04-02-2022 01:42:02.0524 AM
[ReportManager] Window size after SWD Maximize: (1176, 803) @04-02-2022 01:42:02.0553 AM
[ReportManager] Browser Action [MaximizeWindow] successfully performed. With the following test data [New screen size is now: (1176, 803)]. @04-02-2022 01:42:02.0554 A

################################################################################################################################################
Starting Execution:	[5 out of 162] test cases in the current suite
Test Method:		[unitTests.tests_element_elementActions.waitForElementToBePresent_true_expectedToPass]
################################################################################################################################################
[ReportManager] Target URL: [https://www.google.com/ncr], and after redirection: [www.google.com] @04-02-2022 01:42:02.0562 AM
[ReportManager] Initial URL: [] @04-02-2022 01:42:02.0621 AM
[ReportManager] Browser Action [NavigateToURL] successfully performed. With the following test data [https://www.google.com/ncr]. @04-02-2022 01:42:03.0616 AM
[ReportManager] Waiting for element to be present; elementLocator [By.xpath: //*[@id='hplogo' or @alt='Google']], numberOfTries[1], stateOfPresence[true]... @04-02-2022 01:42:03.0616 AM
[ReportManager] Element Action [WaitForElementToBePresent] successfully performed. With the following test data [waited for the element's state of presence to be (true). Element locator (By.xpath: //*[@id='hplogo' or @alt='Google'])]. @04-02-2022 01:42:03.0648 AM
[ReportManager] File Action [DoesFileExist] successfully performed. With the following test data [File Path: "src/main/resources/dynamicObjectRepository/unitTests_tests_element_elementActions_waitForElementToBePresent_true_expectedToPass_By_xpath_id_hplogo_or_alt_Google.png"]. @04-02-2022 01:42:03.0657 AM
[ReportManager] File Action [DoesFileExist] successfully performed. With the following test data [File Path: "src/main/resources/dynamicObjectRepository/unitTests_tests_element_elementActions_waitForElementToBePresent_true_expectedToPass_By_xpath_id_hplogo_or_alt_Google.png"]. @04-02-2022 01:42:03.0736 AM
[ReportManager] Passing the test and saving a reference image @04-02-2022 01:42:03.0736 AM
[ReportManager] File Action [GetAbsolutePath] successfully performed. With the following test data [Relative File Path: "src/main/resources/dynamicObjectRepository/unitTests_tests_element_elementActions_waitForElementToBePresent_true_expectedToPass_By_xpath_id_hplogo_or_alt_Google.png"]. @04-02-2022 01:42:03.0736 AM
[ReportManager] File Action [WriteToFile] successfully performed. With the following test data [Target File Path: "/Users/runner/work/SHAFT_ENGINE/SHAFT_ENGINE/src/main/resources/dynamicObjectRepository/unitTests_tests_element_elementActions_waitForElementToBePresent_true_expectedToPass_By_xpath_id_hplogo_or_alt_Google.png"]. @04-02-2022 01:42:03.0738 AM
[ReportManager] Assertion Passed: Using Visual AI; OpenCV @04-02-2022 01:42:03.0740 AM
[ReportManager] Successfully created attachment [Validation Test Data - Actual Screenshot] @04-02-2022 01:42:03.0741 AM
[ReportManager] Assertion [ValidateElementMatches] PASSED. Expected [Element should match the reference screenshot] and Actual [TRUE]. Comparison Type [EXACT_OPENCV]. Validation Type [POSITIVE]. @04-02-2022 01:42:03.0742 A
[ReportManager] Browser Action [CloseCurrentWindow] successfully performed. @04-02-2022 01:42:04.0082 AM
[ReportManager] Successfully created attachment [Browser Action Test Data - CloseCurrentWindow - Actual Value] @04-02-2022 01:42:04.0083 A
[ReportManager] File Action [GetAbsolutePath] successfully performed. With the following test data [Relative Folder Path: "target/downloadedFiles/"]. @04-02-2022 01:42:04.0088 AM
[ReportManager] Attempting to run locally on: [Mac-64], [Safari], Headless Execution. @04-02-2022 01:42:04.0088 AM
[ReportManager] Successfully Opened Safari. @04-02-2022 01:42:05.0056 AM
[ReportManager] Initial window size: (800, 600) @04-02-2022 01:42:05.0075 AM
[ReportManager] Window size after SWD Maximize: (1176, 803) @04-02-2022 01:42:05.0114 AM
[ReportManager] Browser Action [MaximizeWindow] successfully performed. With the following test data [New screen size is now: (1176, 803)]. @04-02-2022 01:42:05.0115 AM
[ReportManager] Target URL: [https://duckduckgo.com] @04-02-2022 01:42:05.0115 AM
[ReportManager] Initial URL: [] @04-02-2022 01:42:05.0173 AM
[ReportManager] Browser Action [NavigateToURL] successfully performed. With the following test data [https://duckduckgo.com]. @04-02-2022 01:42:05.0958 A

################################################################################################################################################
Starting Execution:	[6 out of 162] test cases in the current suite
Test Method:		[unitTests.tests_browserActions.fullScreenWindow]
################################################################################################################################################
[ReportManager] Initial Windows Size: 1176x803 @04-02-2022 01:42:05.0972 AM
[ReportManager] Current Windows Size after fullScreen: 1176x885 @04-02-2022 01:42:06.0185 AM
[ReportManager] Browser Action [FullScreenWindow] successfully performed. @04-02-2022 01:42:06.0218 AM
[ReportManager] Successfully created attachment [Browser Action Test Data - FullScreenWindow - Actual Value] @04-02-2022 01:42:06.0221 A
[ReportManager] Target URL: [https://duckduckgo.com] @04-02-2022 01:42:06.0225 AM
[ReportManager] Initial URL: [https://duckduckgo.com] @04-02-2022 01:42:06.0315 AM
[ReportManager] Browser Action [NavigateToURL] successfully performed. With the following test data [https://duckduckgo.com]. @04-02-2022 01:42:06.0904 AM
[ReportManager] Browser Action [CloseCurrentWindow] successfully performed. @04-02-2022 01:42:07.0303 AM
[ReportManager] Successfully created attachment [Browser Action Test Data - CloseCurrentWindow - Actual Value] @04-02-2022 01:42:07.0305 A
[ReportManager] File Action [GetAbsolutePath] successfully performed. With the following test data [Relative Folder Path: "target/downloadedFiles/"]. @04-02-2022 01:42:07.0314 AM
[ReportManager] Attempting to run locally on: [Mac-64], [Safari], Headless Execution. @04-02-2022 01:42:07.0314 AM
[ReportManager] An Exception Occured with this Message: Could not start a new session. Possible causes are invalid address of the remote server or browser start-up failure.. @04-02-2022 01:42:07.0386 AM
[ReportManager] Successfully created attachment [Exception Stack Trace - org.openqa.selenium.SessionNotCreatedException] @04-02-2022 01:42:07.0387 AM
[ReportManager] Driver Factory Action [createNewLocalDriverInstanceForSafari] failed. With the following test data [Failed to create a session on DESKTOP_SAFARI]. @04-02-2022 01:42:07.0388 A

################################################################################################################################################
Starting Execution:	[7 out of 162] test cases in the current suite
Test Method:		[unitTests.tests_browserActions.getCurrentURL]
###############################################################################################################################################



################################################################################################################################################
Starting Execution:	[8 out of 162] test cases in the current suite
Test Method:		[unitTests.tests_browserActions.getCurrentWindowTitle]
###############################################################################################################################################



################################################################################################################################################
Starting Execution:	[9 out of 162] test cases in the current suite
Test Method:		[unitTests.tests_browserActions.getPageSource]
###############################################################################################################################################



################################################################################################################################################
Starting Execution:	[10 out of 162] test cases in the current suite
Test Method:		[unitTests.tests_browserActions.getWindowHandle]
###############################################################################################################################################



################################################################################################################################################
Starting Execution:	[11 out of 162] test cases in the current suite
Test Method:		[unitTests.tests_browserActions.getWindowPosition]
###############################################################################################################################################



################################################################################################################################################
Starting Execution:	[12 out of 162] test cases in the current suite
Test Method:		[unitTests.tests_browserActions.getWindowSize]
###############################################################################################################################################



################################################################################################################################################
Starting Execution:	[13 out of 162] test cases in the current suite
Test Method:		[unitTests.tests_browserActions.maximizeWindow]
###############################################################################################################################################



################################################################################################################################################
Starting Execution:	[14 out of 162] test cases in the current suite
Test Method:		[unitTests.tests_browserActions.navigateBack]
###############################################################################################################################################



################################################################################################################################################
Starting Execution:	[15 out of 162] test cases in the current suite
Test Method:		[unitTests.tests_browserActions.navigateForward]
###############################################################################################################################################



################################################################################################################################################
Starting Execution:	[16 out of 162] test cases in the current suite
Test Method:		[unitTests.tests_browserActions.navigateToURL]
###############################################################################################################################################



################################################################################################################################################
Starting Execution:	[17 out of 162] test cases in the current suite
Test Method:		[unitTests.tests_browserActions.navigateToURLWithRedirection]
###############################################################################################################################################



################################################################################################################################################
Starting Execution:	[18 out of 162] test cases in the current suite
Test Method:		[unitTests.tests_browserActions.refreshCurrentPage]
###############################################################################################################################################



################################################################################################################################################
Starting Execution:	[19 out of 162] test cases in the current suite
Test Method:		[unitTests.tests_browserActions.setWindowSize]
###############################################################################################################################################

[ReportManager] Successfully loaded the following test data file [src/test/resources/testDataFiles/testSuite01/TestData.xlsx]. @04-02-2022 01:42:08.0725 AM
[ReportManager] Successfully created attachment [Test Data - Excel] @04-02-2022 01:42:08.0726 A

################################################################################################################################################
Starting Execution:	[20 out of 162] test cases in the current suite
Test Method:		[unitTests.tests_io_excelFileManager.getCellData_rowName_expectedToPass]
################################################################################################################################################
[ReportManager] testRowData. @04-02-2022 01:42:08.0740 A

################################################################################################################################################
Starting Execution:	[21 out of 162] test cases in the current suite
Test Method:		[unitTests.tests_validations_assertions.assertComparativeRelation_greaterThanOrEquals_false_equals_expectedToFail]
################################################################################################################################################
[ReportManager] Assertion [ValidateComparativeRelation] FAILED. Expected [1] and Actual [1]. Comparison Type [GREATER_THAN_OR_EQUALS]. Validation Type [NEGATIVE]. @04-02-2022 01:42:08.0746 A

################################################################################################################################################
Starting Execution:	[22 out of 162] test cases in the current suite
Test Method:		[unitTests.tests_validations_assertions.assertComparativeRelation_greaterThanOrEquals_false_equals_expectedToPass]
################################################################################################################################################
[ReportManager] Assertion [ValidateComparativeRelation] PASSED. Expected [2] and Actual [1]. Comparison Type [GREATER_THAN_OR_EQUALS]. Validation Type [NEGATIVE]. @04-02-2022 01:42:08.0750 A

################################################################################################################################################
Starting Execution:	[23 out of 162] test cases in the current suite
Test Method:		[unitTests.tests_validations_assertions.assertComparativeRelation_greaterThanOrEquals_false_greaterThan_expectedToFail]
################################################################################################################################################
[ReportManager] Assertion [ValidateComparativeRelation] FAILED. Expected [1] and Actual [2]. Comparison Type [GREATER_THAN_OR_EQUALS]. Validation Type [NEGATIVE]. @04-02-2022 01:42:08.0754 A

################################################################################################################################################
Starting Execution:	[24 out of 162] test cases in the current suite
Test Method:		[unitTests.tests_validations_assertions.assertComparativeRelation_greaterThanOrEquals_false_greaterThan_expectedToPass]
################################################################################################################################################
[ReportManager] Assertion [ValidateComparativeRelation] PASSED. Expected [2] and Actual [1]. Comparison Type [GREATER_THAN_OR_EQUALS]. Validation Type [NEGATIVE]. @04-02-2022 01:42:08.0758 A

################################################################################################################################################
Starting Execution:	[25 out of 162] test cases in the current suite
Test Method:		[unitTests.tests_validations_assertions.assertComparativeRelation_greaterThanOrEquals_true_equals_expectedToFail]
################################################################################################################################################
[ReportManager] Assertion [ValidateComparativeRelation] FAILED. Expected [1] and Actual [0]. Comparison Type [GREATER_THAN_OR_EQUALS]. Validation Type [POSITIVE]. @04-02-2022 01:42:08.0762 A

################################################################################################################################################
Starting Execution:	[26 out of 162] test cases in the current suite
Test Method:		[unitTests.tests_validations_assertions.assertComparativeRelation_greaterThanOrEquals_true_equals_expectedToPass]
################################################################################################################################################
[ReportManager] Assertion [ValidateComparativeRelation] PASSED. Expected [1] and Actual [1]. Comparison Type [GREATER_THAN_OR_EQUALS]. Validation Type [POSITIVE]. @04-02-2022 01:42:08.0766 A

################################################################################################################################################
Starting Execution:	[27 out of 162] test cases in the current suite
Test Method:		[unitTests.tests_validations_assertions.assertComparativeRelation_greaterThanOrEquals_true_greaterThan_expectedToFail]
################################################################################################################################################
[ReportManager] Assertion [ValidateComparativeRelation] FAILED. Expected [2] and Actual [1]. Comparison Type [GREATER_THAN_OR_EQUALS]. Validation Type [POSITIVE]. @04-02-2022 01:42:08.0770 A

################################################################################################################################################
Starting Execution:	[28 out of 162] test cases in the current suite
Test Method:		[unitTests.tests_validations_assertions.assertComparativeRelation_greaterThanOrEquals_true_greaterThan_expectedToPass]
################################################################################################################################################
[ReportManager] Assertion [ValidateComparativeRelation] PASSED. Expected [1] and Actual [2]. Comparison Type [GREATER_THAN_OR_EQUALS]. Validation Type [POSITIVE]. @04-02-2022 01:42:08.0774 A
[ReportManager] File Action [GetAbsolutePath] successfully performed. With the following test data [Relative Folder Path: "target/downloadedFiles/"]. @04-02-2022 01:42:08.0778 AM
[ReportManager] Attempting to run locally on: [Mac-64], [Safari], Headless Execution. @04-02-2022 01:42:08.0778 AM
[ReportManager] Successfully Opened Safari. @04-02-2022 01:42:09.0636 AM
[ReportManager] Initial window size: (800, 600) @04-02-2022 01:42:09.0659 AM
[ReportManager] Window size after SWD Maximize: (1176, 803) @04-02-2022 01:42:09.0708 AM
[ReportManager] Browser Action [MaximizeWindow] successfully performed. With the following test data [New screen size is now: (1176, 803)]. @04-02-2022 01:42:09.0708 AM
[ReportManager] Target URL: [https://www.google.com/ncr], and after redirection: [www.google.com] @04-02-2022 01:42:09.0709 AM
[ReportManager] Initial URL: [] @04-02-2022 01:42:09.0819 AM
[ReportManager] Browser Action [NavigateToURL] successfully performed. With the following test data [https://www.google.com/ncr]. @04-02-2022 01:42:11.0063 A

################################################################################################################################################
Starting Execution:	[29 out of 162] test cases in the current suite
Test Method:		[unitTests.tests_validations_assertions.assertElementAttribute_false_caseInsensitiveComparison_expectedToFail]
################################################################################################################################################
[ReportManager] Element Action [Type] successfully performed. With the following test data [AUTOMATION]. @04-02-2022 01:42:11.0401 AM
[ReportManager] Element Action [GetText] successfully performed. With the following test data [AUTOMATION]. @04-02-2022 01:42:11.0471 AM
[ReportManager] Assertion [ValidateElementAttribute] FAILED. Expected [Value Should not be 'AutomaTion' for the 'text' attribute, element locator 'By.name: q'] and Actual [AUTOMATION]. Comparison Type [CASE_INSENSITIVE]. Validation Type [NEGATIVE]. @04-02-2022 01:42:11.0818 AM
[ReportManager] Successfully created attachment [Screenshot - 1643938931698_assertElementAttribute_false_caseInsensitiveComparison_expectedToFail_ValidateElementAttribute_failed] @04-02-2022 01:42:11.0824 A
[ReportManager] Browser Action [CloseCurrentWindow] successfully performed. @04-02-2022 01:42:12.0174 AM
[ReportManager] Successfully created attachment [Browser Action Test Data - CloseCurrentWindow - Actual Value] @04-02-2022 01:42:12.0175 A
[ReportManager] File Action [GetAbsolutePath] successfully performed. With the following test data [Relative Folder Path: "target/downloadedFiles/"]. @04-02-2022 01:42:12.0180 AM
[ReportManager] Attempting to run locally on: [Mac-64], [Safari], Headless Execution. @04-02-2022 01:42:12.0180 AM
[ReportManager] Successfully Opened Safari. @04-02-2022 01:42:13.0003 AM
[ReportManager] Initial window size: (800, 600) @04-02-2022 01:42:13.0017 AM
[ReportManager] Window size after SWD Maximize: (1176, 803) @04-02-2022 01:42:13.0056 AM
[ReportManager] Browser Action [MaximizeWindow] successfully performed. With the following test data [New screen size is now: (1176, 803)]. @04-02-2022 01:42:13.0057 AM
[ReportManager] Target URL: [https://www.google.com/ncr], and after redirection: [www.google.com] @04-02-2022 01:42:13.0057 AM
[ReportManager] Initial URL: [] @04-02-2022 01:42:13.0105 AM
[ReportManager] Browser Action [NavigateToURL] successfully performed. With the following test data [https://www.google.com/ncr]. @04-02-2022 01:42:13.0928 A

################################################################################################################################################
Starting Execution:	[30 out of 162] test cases in the current suite
Test Method:		[unitTests.tests_validations_assertions.assertElementAttribute_false_caseInsensitiveComparison_expectedToPass]
################################################################################################################################################
[ReportManager] Element Action [Type] successfully performed. With the following test data [AUTOMATION]. @04-02-2022 01:42:14.0443 AM
[ReportManager] Element Action [GetText] successfully performed. With the following test data [AUTOMATION]. @04-02-2022 01:42:14.0501 AM
[ReportManager] Assertion [ValidateElementAttribute] PASSED. Expected [Value Should not be 'AutomaTion123' for the 'text' attribute, element locator 'By.name: q'] and Actual [AUTOMATION]. Comparison Type [CASE_INSENSITIVE]. Validation Type [NEGATIVE]. @04-02-2022 01:42:14.0663 AM
[ReportManager] Successfully created attachment [Screenshot - 1643938934594_assertElementAttribute_false_caseInsensitiveComparison_expectedToPass_ValidateElementAttribute_passed] @04-02-2022 01:42:14.0664 A
[ReportManager] Browser Action [CloseCurrentWindow] successfully performed. @04-02-2022 01:42:14.0844 AM
[ReportManager] Successfully created attachment [Browser Action Test Data - CloseCurrentWindow - Actual Value] @04-02-2022 01:42:14.0845 A
[ReportManager] File Action [GetAbsolutePath] successfully performed. With the following test data [Relative Folder Path: "target/downloadedFiles/"]. @04-02-2022 01:42:14.0849 AM
[ReportManager] Attempting to run locally on: [Mac-64], [Safari], Headless Execution. @04-02-2022 01:42:14.0849 AM
[ReportManager] An Exception Occured with this Message: Could not start a new session. Possible causes are invalid address of the remote server or browser start-up failure.. @04-02-2022 01:42:15.0159 AM
[ReportManager] Successfully created attachment [Exception Stack Trace - org.openqa.selenium.SessionNotCreatedException] @04-02-2022 01:42:15.0159 AM
[ReportManager] Driver Factory Action [createNewLocalDriverInstanceForSafari] failed. With the following test data [Failed to create a session on DESKTOP_SAFARI]. @04-02-2022 01:42:15.0160 A

################################################################################################################################################
Starting Execution:	[31 out of 162] test cases in the current suite
Test Method:		[unitTests.tests_validations_assertions.assertElementAttribute_false_containsComparison_expectedToFail]
###############################################################################################################################################



################################################################################################################################################
Starting Execution:	[32 out of 162] test cases in the current suite
Test Method:		[unitTests.tests_validations_assertions.assertElementAttribute_false_containsComparison_expectedToPass]
###############################################################################################################################################



################################################################################################################################################
Starting Execution:	[33 out of 162] test cases in the current suite
Test Method:		[unitTests.tests_validations_assertions.assertElementAttribute_false_literalComparison_expectedToFail]
###############################################################################################################################################



################################################################################################################################################
Starting Execution:	[34 out of 162] test cases in the current suite
Test Method:		[unitTests.tests_validations_assertions.assertElementAttribute_false_literalComparison_expectedToPass]
###############################################################################################################################################



################################################################################################################################################
Starting Execution:	[35 out of 162] test cases in the current suite
Test Method:		[unitTests.tests_validations_assertions.assertElementAttribute_false_regexComparison_expectedToFail]
###############################################################################################################################################



################################################################################################################################################
Starting Execution:	[36 out of 162] test cases in the current suite
Test Method:		[unitTests.tests_validations_assertions.assertElementAttribute_false_regexComparison_expectedToPass]
###############################################################################################################################################



################################################################################################################################################
Starting Execution:	[37 out of 162] test cases in the current suite
Test Method:		[unitTests.tests_validations_assertions.assertElementAttribute_true_caseInsensitiveComparison_expectedToFail]
###############################################################################################################################################



################################################################################################################################################
Starting Execution:	[38 out of 162] test cases in the current suite
Test Method:		[unitTests.tests_validations_assertions.assertElementAttribute_true_caseInsensitiveComparison_expectedToPass]
###############################################################################################################################################



################################################################################################################################################
Starting Execution:	[39 out of 162] test cases in the current suite
Test Method:		[unitTests.tests_validations_assertions.assertElementAttribute_true_containsComparison_expectedToFail]
###############################################################################################################################################



################################################################################################################################################
Starting Execution:	[40 out of 162] test cases in the current suite
Test Method:		[unitTests.tests_validations_assertions.assertElementAttribute_true_containsComparison_expectedToPass]
###############################################################################################################################################



################################################################################################################################################
Starting Execution:	[41 out of 162] test cases in the current suite
Test Method:		[unitTests.tests_validations_assertions.assertElementAttribute_true_literalComparison_expectedToFail]
###############################################################################################################################################



################################################################################################################################################
Starting Execution:	[42 out of 162] test cases in the current suite
Test Method:		[unitTests.tests_validations_assertions.assertElementAttribute_true_literalComparison_expectedToPass]
###############################################################################################################################################



################################################################################################################################################
Starting Execution:	[43 out of 162] test cases in the current suite
Test Method:		[unitTests.tests_validations_assertions.assertElementAttribute_true_regexComparison_expectedToFail]
###############################################################################################################################################



################################################################################################################################################
Starting Execution:	[44 out of 162] test cases in the current suite
Test Method:		[unitTests.tests_validations_assertions.assertElementAttribute_true_regexComparison_expectedToPass]
###############################################################################################################################################



################################################################################################################################################
Starting Execution:	[45 out of 162] test cases in the current suite
Test Method:		[unitTests.tests_validations_assertions.assertElementAttribute_type_true_literalComparison_expectedToPass]
###############################################################################################################################################



################################################################################################################################################
Starting Execution:	[46 out of 162] test cases in the current suite
Test Method:		[unitTests.tests_validations_assertions.assertElementExists_false_expectedToFail]
###############################################################################################################################################



################################################################################################################################################
Starting Execution:	[47 out of 162] test cases in the current suite
Test Method:		[unitTests.tests_validations_assertions.assertElementExists_false_expectedToPass]
###############################################################################################################################################



################################################################################################################################################
Starting Execution:	[48 out of 162] test cases in the current suite
Test Method:		[unitTests.tests_validations_assertions.assertElementExists_false_multipleElementsFound_expectedToFail]
###############################################################################################################################################



################################################################################################################################################
Starting Execution:	[49 out of 162] test cases in the current suite
Test Method:		[unitTests.tests_validations_assertions.assertElementExists_true_expectedToFail]
###############################################################################################################################################



################################################################################################################################################
Starting Execution:	[50 out of 162] test cases in the current suite
Test Method:		[unitTests.tests_validations_assertions.assertElementExists_true_expectedToPass]
###############################################################################################################################################



################################################################################################################################################
Starting Execution:	[51 out of 162] test cases in the current suite
Test Method:		[unitTests.tests_validations_assertions.assertElementExists_true_multipleElementsFound_expectedToFail]
###############################################################################################################################################


################################################################################################################################################
Starting Execution:	[52 out of 162] test cases in the current suite
Test Method:		[unitTests.tests_validations_assertions.assertEquals_false_expectedToFail]
###############################################################################################################################################

################################################################################################################################################
Starting Execution:	[53 out of 162] test cases in the current suite
Test Method:		[unitTests.tests_validations_assertions.assertEquals_false_expectedToPass]
###############################################################################################################################################

################################################################################################################################################
Starting Execution:	[54 out of 162] test cases in the current suite
Test Method:		[unitTests.tests_validations_assertions.assertEquals_longCharacters]
###############################################################################################################################################

################################################################################################################################################
Starting Execution:	[55 out of 162] test cases in the current suite
Test Method:		[unitTests.tests_validations_assertions.assertEquals_longCharacters_Discreet]
###############################################################################################################################################

################################################################################################################################################
Starting Execution:	[56 out of 162] test cases in the current suite
Test Method:		[unitTests.tests_validations_assertions.assertEquals_true_expectedToFail]
###############################################################################################################################################

################################################################################################################################################
Starting Execution:	[57 out of 162] test cases in the current suite
Test Method:		[unitTests.tests_validations_assertions.assertEquals_true_expectedToPass]
Test Description:	[Assert that assertEquals works as expected when the two values are equal.]
###############################################################################################################################################

################################################################################################################################################
Starting Execution:	[58 out of 162] test cases in the current suite
Test Method:		[unitTests.tests_validations_assertions.assertEquals_true_expectedToPass__]
###############################################################################################################################################

################################################################################################################################################
Starting Execution:	[59 out of 162] test cases in the current suite
Test Method:		[unitTests.tests_validations_assertions.assertFileExists_false_expectedToFail]
###############################################################################################################################################

################################################################################################################################################
Starting Execution:	[60 out of 162] test cases in the current suite
Test Method:		[unitTests.tests_validations_assertions.assertFileExists_false_expectedToPass]
###############################################################################################################################################

################################################################################################################################################
Starting Execution:	[61 out of 162] test cases in the current suite
Test Method:		[unitTests.tests_validations_assertions.assertFileExists_true_expectedToFail]
###############################################################################################################################################

################################################################################################################################################
Starting Execution:	[62 out of 162] test cases in the current suite
Test Method:		[unitTests.tests_validations_assertions.assertFileExists_true_expectedToPass]
###############################################################################################################################################

################################################################################################################################################
Starting Execution:	[63 out of 162] test cases in the current suite
Test Method:		[unitTests.tests_validations_assertions.assertNull_false_expectedToFail]
###############################################################################################################################################

################################################################################################################################################
Starting Execution:	[64 out of 162] test cases in the current suite
Test Method:		[unitTests.tests_validations_assertions.assertNull_false_expectedToPass]
###############################################################################################################################################

################################################################################################################################################
Starting Execution:	[65 out of 162] test cases in the current suite
Test Method:		[unitTests.tests_validations_assertions.assertNull_true_expectedToFail]
###############################################################################################################################################

################################################################################################################################################
Starting Execution:	[66 out of 162] test cases in the current suite
Test Method:		[unitTests.tests_validations_assertions.assertNull_true_expectedToPass]
###############################################################################################################################################

################################################################################################################################################
Starting Execution:	[67 out of 162] test cases in the current suite
Test Method:		[unitTests.tests_restActions.getPostsAndAssertBodyForSpecificTitle]
################################################################################################################################################
[ReportManager] Response status code: [200], status line: [HTTP/1.1 200 OK] @04-02-2022 01:42:18.0450 AM
[ReportManager] Assertion Passed: Evaluating the actual response status code against the expected one... @04-02-2022 01:42:18.0456 AM
[ReportManager] Assertion [ValidateComparativeRelation] PASSED. Expected [200] and Actual [200]. Comparison Type [EQUALS]. Validation Type [POSITIVE]. @04-02-2022 01:42:18.0456 AM
[ReportManager] API Action [PerformRequest] successfully performed. With the following test data [Request Type: "GET" | Target Status Code: "200" | Service URL: "https://jsonplaceholder.typicode.com/posts" | Content Type: "*/*" | Response Time: "626ms"]. @04-02-2022 01:42:19.0653 AM
[ReportManager] Successfully created attachment [API Request - Specifications] @04-02-2022 01:42:19.0654 AM
[ReportManager] Successfully created attachment [API Response - JSON Body] @04-02-2022 01:42:19.0876 AM
[ReportManager] API Action [GetResponseJSONValueAsList] successfully performed. @04-02-2022 01:42:19.0907 AM
[ReportManager] API Action [GetResponseJSONValue] successfully performed. With the following test data [title]. @04-02-2022 01:42:19.0926 AM
[ReportManager] API Action [GetResponseJSONValue] successfully performed. With the following test data [title]. @04-02-2022 01:42:19.0941 AM
[ReportManager] API Action [GetResponseJSONValue] successfully performed. With the following test data [body]. @04-02-2022 01:42:19.0954 AM
[ReportManager] Assertion [ValidateEquals] PASSED. Expected [qui neque nisi nulla] and Actual [est rerum tempore vitae
sequi sint nihil reprehenderit dolor beatae ea dolores neque
fugiat blanditiis voluptate porro vel nihil molestiae ut reiciendis
qui aperiam non debitis possimus qui neque nisi nulla]. Comparison Type [CONTAINS]. Validation Type [POSITIVE]. @04-02-2022 01:42:19.0954 AM
[ReportManager] API Action [GetResponseJSONValue] successfully performed. With the following test data [title]. @04-02-2022 01:42:19.0967 AM
[ReportManager] API Action [GetResponseJSONValue] successfully performed. With the following test data [title]. @04-02-2022 01:42:19.0979 AM
[ReportManager] API Action [GetResponseJSONValue] successfully performed. With the following test data [title]. @04-02-2022 01:42:19.0992 AM
[ReportManager] API Action [GetResponseJSONValue] successfully performed. With the following test data [title]. @04-02-2022 01:42:20.0004 AM
[ReportManager] API Action [GetResponseJSONValue] successfully performed. With the following test data [title]. @04-02-2022 01:42:20.0016 AM
[ReportManager] API Action [GetResponseJSONValue] successfully performed. With the following test data [title]. @04-02-2022 01:42:20.0029 AM
[ReportManager] API Action [GetResponseJSONValue] successfully performed. With the following test data [title]. @04-02-2022 01:42:20.0041 AM
[ReportManager] API Action [GetResponseJSONValue] successfully performed. With the following test data [title]. @04-02-2022 01:42:20.0053 AM
[ReportManager] API Action [GetResponseJSONValue] successfully performed. With the following test data [title]. @04-02-2022 01:42:20.0072 AM
[ReportManager] API Action [GetResponseJSONValue] successfully performed. With the following test data [title]. @04-02-2022 01:42:20.0107 AM
[ReportManager] API Action [GetResponseJSONValue] successfully performed. With the following test data [title]. @04-02-2022 01:42:20.0120 AM
[ReportManager] API Action [GetResponseJSONValue] successfully performed. With the following test data [title]. @04-02-2022 01:42:20.0134 AM
[ReportManager] API Action [GetResponseJSONValue] successfully performed. With the following test data [title]. @04-02-2022 01:42:20.0146 AM
[ReportManager] API Action [GetResponseJSONValue] successfully performed. With the following test data [title]. @04-02-2022 01:42:20.0159 AM
[ReportManager] API Action [GetResponseJSONValue] successfully performed. With the following test data [title]. @04-02-2022 01:42:20.0171 AM
[ReportManager] API Action [GetResponseJSONValue] successfully performed. With the following test data [title]. @04-02-2022 01:42:20.0183 AM
[ReportManager] API Action [GetResponseJSONValue] successfully performed. With the following test data [title]. @04-02-2022 01:42:20.0195 AM
[ReportManager] API Action [GetResponseJSONValue] successfully performed. With the following test data [title]. @04-02-2022 01:42:20.0206 AM
[ReportManager] API Action [GetResponseJSONValue] successfully performed. With the following test data [title]. @04-02-2022 01:42:20.0218 AM
[ReportManager] API Action [GetResponseJSONValue] successfully performed. With the following test data [title]. @04-02-2022 01:42:20.0238 AM
[ReportManager] API Action [GetResponseJSONValue] successfully performed. With the following test data [title]. @04-02-2022 01:42:20.0250 AM
[ReportManager] API Action [GetResponseJSONValue] successfully performed. With the following test data [title]. @04-02-2022 01:42:20.0261 AM
[ReportManager] API Action [GetResponseJSONValue] successfully performed. With the following test data [title]. @04-02-2022 01:42:20.0274 AM
[ReportManager] API Action [GetResponseJSONValue] successfully performed. With the following test data [title]. @04-02-2022 01:42:20.0285 AM
[ReportManager] API Action [GetResponseJSONValue] successfully performed. With the following test data [title]. @04-02-2022 01:42:20.0296 AM
[ReportManager] API Action [GetResponseJSONValue] successfully performed. With the following test data [title]. @04-02-2022 01:42:20.0307 AM
[ReportManager] API Action [GetResponseJSONValue] successfully performed. With the following test data [title]. @04-02-2022 01:42:20.0318 AM
[ReportManager] API Action [GetResponseJSONValue] successfully performed. With the following test data [title]. @04-02-2022 01:42:20.0329 AM
[ReportManager] API Action [GetResponseJSONValue] successfully performed. With the following test data [title]. @04-02-2022 01:42:20.0341 AM
[ReportManager] API Action [GetResponseJSONValue] successfully performed. With the following test data [title]. @04-02-2022 01:42:20.0352 AM
[ReportManager] API Action [GetResponseJSONValue] successfully performed. With the following test data [title]. @04-02-2022 01:42:20.0363 AM
[ReportManager] API Action [GetResponseJSONValue] successfully performed. With the following test data [title]. @04-02-2022 01:42:20.0374 AM
[ReportManager] API Action [GetResponseJSONValue] successfully performed. With the following test data [title]. @04-02-2022 01:42:20.0386 AM
[ReportManager] API Action [GetResponseJSONValue] successfully performed. With the following test data [title]. @04-02-2022 01:42:20.0397 AM
[ReportManager] API Action [GetResponseJSONValue] successfully performed. With the following test data [title]. @04-02-2022 01:42:20.0408 AM
[ReportManager] API Action [GetResponseJSONValue] successfully performed. With the following test data [title]. @04-02-2022 01:42:20.0420 AM
[ReportManager] API Action [GetResponseJSONValue] successfully performed. With the following test data [title]. @04-02-2022 01:42:20.0431 AM
[ReportManager] API Action [GetResponseJSONValue] successfully performed. With the following test data [title]. @04-02-2022 01:42:20.0443 AM
[ReportManager] API Action [GetResponseJSONValue] successfully performed. With the following test data [title]. @04-02-2022 01:42:20.0455 AM
[ReportManager] API Action [GetResponseJSONValue] successfully performed. With the following test data [title]. @04-02-2022 01:42:20.0467 AM
[ReportManager] API Action [GetResponseJSONValue] successfully performed. With the following test data [title]. @04-02-2022 01:42:20.0478 AM
[ReportManager] API Action [GetResponseJSONValue] successfully performed. With the following test data [title]. @04-02-2022 01:42:20.0491 AM
[ReportManager] API Action [GetResponseJSONValue] successfully performed. With the following test data [title]. @04-02-2022 01:42:20.0503 AM
[ReportManager] API Action [GetResponseJSONValue] successfully performed. With the following test data [title]. @04-02-2022 01:42:20.0514 AM
[ReportManager] API Action [GetResponseJSONValue] successfully performed. With the following test data [title]. @04-02-2022 01:42:20.0526 AM
[ReportManager] API Action [GetResponseJSONValue] successfully performed. With the following test data [title]. @04-02-2022 01:42:20.0559 AM
[ReportManager] API Action [GetResponseJSONValue] successfully performed. With the following test data [title]. @04-02-2022 01:42:20.0592 AM
[ReportManager] API Action [GetResponseJSONValue] successfully performed. With the following test data [title]. @04-02-2022 01:42:20.0609 AM
[ReportManager] API Action [GetResponseJSONValue] successfully performed. With the following test data [title]. @04-02-2022 01:42:20.0627 AM
[ReportManager] API Action [GetResponseJSONValue] successfully performed. With the following test data [title]. @04-02-2022 01:42:20.0644 AM
[ReportManager] API Action [GetResponseJSONValue] successfully performed. With the following test data [title]. @04-02-2022 01:42:20.0660 AM
[ReportManager] API Action [GetResponseJSONValue] successfully performed. With the following test data [title]. @04-02-2022 01:42:20.0672 AM
[ReportManager] API Action [GetResponseJSONValue] successfully performed. With the following test data [title]. @04-02-2022 01:42:20.0683 AM
[ReportManager] API Action [GetResponseJSONValue] successfully performed. With the following test data [title]. @04-02-2022 01:42:20.0694 AM
[ReportManager] API Action [GetResponseJSONValue] successfully performed. With the following test data [title]. @04-02-2022 01:42:20.0704 AM
[ReportManager] API Action [GetResponseJSONValue] successfully performed. With the following test data [title]. @04-02-2022 01:42:20.0717 AM
[ReportManager] API Action [GetResponseJSONValue] successfully performed. With the following test data [title]. @04-02-2022 01:42:20.0728 AM
[ReportManager] API Action [GetResponseJSONValue] successfully performed. With the following test data [title]. @04-02-2022 01:42:20.0738 AM
[ReportManager] API Action [GetResponseJSONValue] successfully performed. With the following test data [title]. @04-02-2022 01:42:20.0749 AM
[ReportManager] API Action [GetResponseJSONValue] successfully performed. With the following test data [title]. @04-02-2022 01:42:20.0775 AM
[ReportManager] API Action [GetResponseJSONValue] successfully performed. With the following test data [title]. @04-02-2022 01:42:20.0786 AM
[ReportManager] API Action [GetResponseJSONValue] successfully performed. With the following test data [title]. @04-02-2022 01:42:20.0796 AM
[ReportManager] API Action [GetResponseJSONValue] successfully performed. With the following test data [title]. @04-02-2022 01:42:20.0807 AM
[ReportManager] API Action [GetResponseJSONValue] successfully performed. With the following test data [title]. @04-02-2022 01:42:20.0817 AM
[ReportManager] API Action [GetResponseJSONValue] successfully performed. With the following test data [title]. @04-02-2022 01:42:20.0827 AM
[ReportManager] API Action [GetResponseJSONValue] successfully performed. With the following test data [title]. @04-02-2022 01:42:20.0837 AM
[ReportManager] API Action [GetResponseJSONValue] successfully performed. With the following test data [title]. @04-02-2022 01:42:20.0847 AM
[ReportManager] API Action [GetResponseJSONValue] successfully performed. With the following test data [title]. @04-02-2022 01:42:20.0857 AM
[ReportManager] API Action [GetResponseJSONValue] successfully performed. With the following test data [title]. @04-02-2022 01:42:20.0867 AM
[ReportManager] API Action [GetResponseJSONValue] successfully performed. With the following test data [title]. @04-02-2022 01:42:20.0877 AM
[ReportManager] API Action [GetResponseJSONValue] successfully performed. With the following test data [title]. @04-02-2022 01:42:20.0888 AM
[ReportManager] API Action [GetResponseJSONValue] successfully performed. With the following test data [title]. @04-02-2022 01:42:20.0898 AM
[ReportManager] API Action [GetResponseJSONValue] successfully performed. With the following test data [title]. @04-02-2022 01:42:20.0909 AM
[ReportManager] API Action [GetResponseJSONValue] successfully performed. With the following test data [title]. @04-02-2022 01:42:20.0919 AM
[ReportManager] API Action [GetResponseJSONValue] successfully performed. With the following test data [title]. @04-02-2022 01:42:20.0929 AM
[ReportManager] API Action [GetResponseJSONValue] successfully performed. With the following test data [title]. @04-02-2022 01:42:20.0939 AM
[ReportManager] API Action [GetResponseJSONValue] successfully performed. With the following test data [title]. @04-02-2022 01:42:20.0950 AM
[ReportManager] API Action [GetResponseJSONValue] successfully performed. With the following test data [title]. @04-02-2022 01:42:20.0960 AM
[ReportManager] API Action [GetResponseJSONValue] successfully performed. With the following test data [title]. @04-02-2022 01:42:20.0971 AM
[ReportManager] API Action [GetResponseJSONValue] successfully performed. With the following test data [title]. @04-02-2022 01:42:20.0982 AM
[ReportManager] API Action [GetResponseJSONValue] successfully performed. With the following test data [title]. @04-02-2022 01:42:20.0996 AM
[ReportManager] API Action [GetResponseJSONValue] successfully performed. With the following test data [title]. @04-02-2022 01:42:21.0015 AM
[ReportManager] API Action [GetResponseJSONValue] successfully performed. With the following test data [title]. @04-02-2022 01:42:21.0028 AM
[ReportManager] API Action [GetResponseJSONValue] successfully performed. With the following test data [title]. @04-02-2022 01:42:21.0052 AM
[ReportManager] API Action [GetResponseJSONValue] successfully performed. With the following test data [title]. @04-02-2022 01:42:21.0064 AM
[ReportManager] API Action [GetResponseJSONValue] successfully performed. With the following test data [title]. @04-02-2022 01:42:21.0089 AM
[ReportManager] API Action [GetResponseJSONValue] successfully performed. With the following test data [title]. @04-02-2022 01:42:21.0103 AM
[ReportManager] API Action [GetResponseJSONValue] successfully performed. With the following test data [title]. @04-02-2022 01:42:21.0114 AM
[ReportManager] API Action [GetResponseJSONValue] successfully performed. With the following test data [title]. @04-02-2022 01:42:21.0124 AM
[ReportManager] API Action [GetResponseJSONValue] successfully performed. With the following test data [title]. @04-02-2022 01:42:21.0134 AM
[ReportManager] API Action [GetResponseJSONValue] successfully performed. With the following test data [title]. @04-02-2022 01:42:21.0144 AM
[ReportManager] API Action [GetResponseJSONValue] successfully performed. With the following test data [title]. @04-02-2022 01:42:21.0155 AM
[ReportManager] API Action [GetResponseJSONValue] successfully performed. With the following test data [title]. @04-02-2022 01:42:21.0165 AM
[ReportManager] API Action [GetResponseJSONValue] successfully performed. With the following test data [title]. @04-02-2022 01:42:21.0175 AM
[ReportManager] API Action [GetResponseJSONValue] successfully performed. With the following test data [title]. @04-02-2022 01:42:21.0185 AM
[ReportManager] API Action [GetResponseJSONValue] successfully performed. With the following test data [title]. @04-02-2022 01:42:21.0195 AM
[ReportManager] API Action [GetResponseJSONValue] successfully performed. With the following test data [title]. @04-02-2022 01:42:21.0205 AM
[ReportManager] API Action [GetResponseJSONValue] successfully performed. With the following test data [title]. @04-02-2022 01:42:21.0215 A

################################################################################################################################################
Starting Execution:	[68 out of 162] test cases in the current suite
Test Method:		[unitTests.tests_restActions.validateUserEmail]
################################################################################################################################################
[ReportManager] Response status code: [200], status line: [HTTP/1.1 200 OK] @04-02-2022 01:42:21.0268 AM
[ReportManager] Assertion Passed: Evaluating the actual response status code against the expected one... @04-02-2022 01:42:21.0269 AM
[ReportManager] Assertion [ValidateComparativeRelation] PASSED. Expected [200] and Actual [200]. Comparison Type [EQUALS]. Validation Type [POSITIVE]. @04-02-2022 01:42:21.0269 AM
[ReportManager] API Action [PerformRequest] successfully performed. With the following test data [Request Type: "GET" | Target Status Code: "200" | Service URL: "https://jsonplaceholder.typicode.com/users" | Content Type: "*/*" | Response Time: "42ms"]. @04-02-2022 01:42:21.0288 AM
[ReportManager] Successfully created attachment [API Request - Specifications] @04-02-2022 01:42:21.0289 AM
[ReportManager] Successfully created attachment [API Response - JSON Body] @04-02-2022 01:42:21.0289 AM
[ReportManager] Assertion [ValidateEquals] PASSED. Expected and Actual values are attached. Comparison Type [CONTAINS]. Validation Type [POSITIVE]. @04-02-2022 01:42:21.0290 AM
[ReportManager] Successfully created attachment [Validation Test Data - Expected Value] @04-02-2022 01:42:21.0290 AM
[ReportManager] Successfully created attachment [Validation Test Data - Actual Value] @04-02-2022 01:42:21.0291 AM
[ReportManager] API Action [GetResponseJSONValueAsList] successfully performed. With the following test data [$]. @04-02-2022 01:42:21.0297 AM
[ReportManager] API Action [GetResponseJSONValue] successfully performed. With the following test data [name]. @04-02-2022 01:42:21.0308 AM
[ReportManager] API Action [GetResponseJSONValue] successfully performed. With the following test data [email]. @04-02-2022 01:42:21.0319 AM
[ReportManager] Assertion [ValidateEquals] PASSED. Expected [Sincere@april.biz] and Actual [Sincere@april.biz]. Comparison Type [EQUALS]. Validation Type [POSITIVE]. @04-02-2022 01:42:21.0319 AM
[ReportManager] API Action [GetResponseJSONValue] successfully performed. With the following test data [name]. @04-02-2022 01:42:21.0330 AM
[ReportManager] API Action [GetResponseJSONValue] successfully performed. With the following test data [name]. @04-02-2022 01:42:21.0351 AM
[ReportManager] API Action [GetResponseJSONValue] successfully performed. With the following test data [name]. @04-02-2022 01:42:21.0362 AM
[ReportManager] API Action [GetResponseJSONValue] successfully performed. With the following test data [name]. @04-02-2022 01:42:21.0373 AM
[ReportManager] API Action [GetResponseJSONValue] successfully performed. With the following test data [name]. @04-02-2022 01:42:21.0383 AM
[ReportManager] API Action [GetResponseJSONValue] successfully performed. With the following test data [name]. @04-02-2022 01:42:21.0394 AM
[ReportManager] API Action [GetResponseJSONValue] successfully performed. With the following test data [name]. @04-02-2022 01:42:21.0404 AM
[ReportManager] API Action [GetResponseJSONValue] successfully performed. With the following test data [name]. @04-02-2022 01:42:21.0415 AM
[ReportManager] API Action [GetResponseJSONValue] successfully performed. With the following test data [name]. @04-02-2022 01:42:21.0428 A
[ReportManager] File Action [GetAbsolutePath] successfully performed. With the following test data [Relative Folder Path: "target/downloadedFiles/"]. @04-02-2022 01:42:21.0433 AM
[ReportManager] Attempting to run locally on: [Mac-64], [Safari], Headless Execution. @04-02-2022 01:42:21.0433 AM
[ReportManager] Successfully Opened Safari. @04-02-2022 01:42:22.0362 AM
[ReportManager] Initial window size: (800, 600) @04-02-2022 01:42:22.0383 AM
[ReportManager] Window size after SWD Maximize: (1176, 803) @04-02-2022 01:42:22.0406 AM
[ReportManager] Browser Action [MaximizeWindow] successfully performed. With the following test data [New screen size is now: (1176, 803)]. @04-02-2022 01:42:22.0406 A

################################################################################################################################################
Starting Execution:	[69 out of 162] test cases in the current suite
Test Method:		[testPackage01.Test_uploadFile.uploadFile_invisibleUploadInput]
################################################################################################################################################
[ReportManager] Target URL: [https://fineuploader.com/demos.html#gallery-view] @04-02-2022 01:42:22.0409 AM
[ReportManager] Initial URL: [] @04-02-2022 01:42:22.0464 AM
[ReportManager] Browser Action [NavigateToURL] successfully performed. With the following test data [https://fineuploader.com/demos.html#gallery-view]. @04-02-2022 01:42:23.0743 AM
[ReportManager] File Action [GetAbsolutePath] successfully performed. With the following test data [Relative File Path: "src/main/resources/images/shaft.png"]. @04-02-2022 01:42:23.0743 AM
[ReportManager] Successfully created attachment [File Action Actual Result - Command Log] @04-02-2022 01:42:23.0744 AM
[ReportManager] Element Action [TypeFileLocationForUpload] successfully performed. With the following test data [/Users/runner/work/SHAFT_ENGINE/SHAFT_ENGINE/src/main/resources/images/shaft.png]. @04-02-2022 01:42:23.0797 AM
[ReportManager] Attempting to getAttribute [src] from elementLocator [By.xpath: //div[@id='fine-uploader-gallery']//div[@class='qq-thumbnail-wrapper']/img]. @04-02-2022 01:42:23.0801 AM
[ReportManager] Element Action [GetAttribute] successfully performed. @04-02-2022 01:42:23.0909 AM
[ReportManager] Successfully created attachment [Element Action Test Data - GetAttribute - Actual Value] @04-02-2022 01:42:23.0910 AM
[ReportManager] Assertion Passed: Then I Assert that the element found by [By.xpath: //div[@id='fine-uploader-gallery']//div[@class='qq-thumbnail-wrapper']/img] attribute [src] contains [data:image/png;base64]. @04-02-2022 01:42:24.0108 AM
[ReportManager] Successfully created attachment [Validation Test Data - Expected Value] @04-02-2022 01:42:24.0108 AM
[ReportManager] Successfully created attachment [Validation Test Data - Actual Value] @04-02-2022 01:42:24.0109 AM
[ReportManager] Successfully created attachment [Screenshot - 1643938944028_uploadFile_invisibleUploadInput_ValidateElementAttribute_passed] @04-02-2022 01:42:24.0111 AM
[ReportManager] Assertion [ValidateElementAttribute] PASSED. Expected and Actual values are attached. Comparison Type [CONTAINS]. Validation Type [POSITIVE]. @04-02-2022 01:42:24.0111 A
[ReportManager] Browser Action [CloseCurrentWindow] successfully performed. @04-02-2022 01:42:24.0403 AM
[ReportManager] Successfully created attachment [Browser Action Test Data - CloseCurrentWindow - Actual Value] @04-02-2022 01:42:24.0404 A
[ReportManager] File Action [GetAbsolutePath] successfully performed. With the following test data [Relative Folder Path: "target/downloadedFiles/"]. @04-02-2022 01:42:24.0409 AM
[ReportManager] Attempting to run locally on: [Mac-64], [Safari], Headless Execution. @04-02-2022 01:42:24.0409 AM
[ReportManager] Successfully Opened Safari. @04-02-2022 01:42:25.0235 AM
[ReportManager] Initial window size: (800, 600) @04-02-2022 01:42:25.0249 AM
[ReportManager] Window size after SWD Maximize: (1176, 803) @04-02-2022 01:42:25.0265 AM
[ReportManager] Browser Action [MaximizeWindow] successfully performed. With the following test data [New screen size is now: (1176, 803)]. @04-02-2022 01:42:25.0265 A

################################################################################################################################################
Starting Execution:	[70 out of 162] test cases in the current suite
Test Method:		[testPackage01.Test_uploadFile.uploadFile_visibleUploadInput]
################################################################################################################################################
[ReportManager] Target URL: [https://demo.guru99.com/test/upload/] @04-02-2022 01:42:25.0268 AM
[ReportManager] Initial URL: [] @04-02-2022 01:42:25.0334 AM
[ReportManager] Browser Action [NavigateToURL] successfully performed. With the following test data [https://demo.guru99.com/test/upload/]. @04-02-2022 01:42:27.0002 AM
[ReportManager] File Action [GetAbsolutePath] successfully performed. With the following test data [Relative Folder Path: "src/main/resources/images/shaft.png"]. @04-02-2022 01:42:27.0004 AM
[ReportManager] Element Action [TypeFileLocationForUpload] successfully performed. With the following test data [/Users/runner/work/SHAFT_ENGINE/SHAFT_ENGINE/src/main/resources/images/shaft.png]. @04-02-2022 01:42:27.0117 AM
[ReportManager] Element Action [Click] successfully performed. With the following test data [By.id: terms]. @04-02-2022 01:42:28.0153 AM
[ReportManager] Element Action [Click] successfully performed. With the following test data [By.id: submitbutton]. @04-02-2022 01:42:28.0383 AM
[ReportManager] Element Action [GetText] successfully performed. With the following test data [1 file has been successfully uploaded.]. @04-02-2022 01:42:29.0060 AM
[ReportManager] Assertion Passed: Then I Assert that the element found by [By.id: res] attribute [Text] contains [1 file]. @04-02-2022 01:42:29.0225 AM
[ReportManager] Successfully created attachment [Screenshot - 1643938949147_uploadFile_visibleUploadInput_ValidateElementAttribute_passed] @04-02-2022 01:42:29.0226 AM
[ReportManager] Assertion [ValidateElementAttribute] PASSED. Expected [Value Should be '1 file' for the 'Text' attribute, element locator 'By.id: res'] and Actual [1 file has been successfully uploaded.]. Comparison Type [CONTAINS]. Validation Type [POSITIVE]. @04-02-2022 01:42:29.0226 A
[ReportManager] Browser Action [CloseCurrentWindow] successfully performed. @04-02-2022 01:42:29.0536 AM
[ReportManager] Successfully created attachment [Browser Action Test Data - CloseCurrentWindow - Actual Value] @04-02-2022 01:42:29.0536 A

################################################################################################################################################
Starting Execution:	[71 out of 162] test cases in the current suite
Test Method:		[testPackage01.Test_AssertApiResponseEquals.assertApiResponseEquals_expectedToPass]
################################################################################################################################################
[ReportManager] Response status code: [200], status line: [HTTP/1.1 200 OK] @04-02-2022 01:42:29.0574 AM
[ReportManager] Assertion Passed: Evaluating the actual response status code against the expected one... @04-02-2022 01:42:29.0575 AM
[ReportManager] Assertion [ValidateComparativeRelation] PASSED. Expected [200] and Actual [200]. Comparison Type [EQUALS]. Validation Type [POSITIVE]. @04-02-2022 01:42:29.0575 AM
[ReportManager] API Action [PerformRequest] successfully performed. With the following test data [Request Type: "GET" | Target Status Code: "200" | Service URL: "https://jsonplaceholder.typicode.com/users" | Content Type: "*/*" | Response Time: "30ms"]. @04-02-2022 01:42:29.0596 AM
[ReportManager] Successfully created attachment [API Request - Specifications] @04-02-2022 01:42:29.0596 AM
[ReportManager] Successfully created attachment [API Response - JSON Body] @04-02-2022 01:42:29.0597 AM
[ReportManager] API Action [GetResponseJSONValueAsList] successfully performed. With the following test data [$]. @04-02-2022 01:42:29.0603 AM
[ReportManager] API Action [GetResponseJSONValue] successfully performed. With the following test data [name]. @04-02-2022 01:42:29.0614 AM
[ReportManager] API Action [GetResponseJSONValue] successfully performed. With the following test data [email]. @04-02-2022 01:42:29.0627 AM
[ReportManager] Verification [ValidateEquals] PASSED. Expected [Sincere@april.biz] and Actual [Sincere@april.biz]. Comparison Type [EQUALS]. Validation Type [POSITIVE]. @04-02-2022 01:42:29.0627 AM
[ReportManager] API Action [GetResponseJSONValue] successfully performed. With the following test data [username]. @04-02-2022 01:42:29.0638 AM
[ReportManager] Assertion [ValidateEquals] PASSED. Expected [Bret] and Actual [Bret]. Comparison Type [EQUALS]. Validation Type [POSITIVE]. @04-02-2022 01:42:29.0638 AM
[ReportManager] API Action [GetResponseJSONValue] successfully performed. With the following test data [name]. @04-02-2022 01:42:29.0648 AM
[ReportManager] API Action [GetResponseJSONValue] successfully performed. With the following test data [name]. @04-02-2022 01:42:29.0659 AM
[ReportManager] API Action [GetResponseJSONValue] successfully performed. With the following test data [name]. @04-02-2022 01:42:29.0669 AM
[ReportManager] API Action [GetResponseJSONValue] successfully performed. With the following test data [name]. @04-02-2022 01:42:29.0679 AM
[ReportManager] API Action [GetResponseJSONValue] successfully performed. With the following test data [name]. @04-02-2022 01:42:29.0689 AM
[ReportManager] API Action [GetResponseJSONValue] successfully performed. With the following test data [name]. @04-02-2022 01:42:29.0698 AM
[ReportManager] API Action [GetResponseJSONValue] successfully performed. With the following test data [name]. @04-02-2022 01:42:29.0709 AM
[ReportManager] API Action [GetResponseJSONValue] successfully performed. With the following test data [name]. @04-02-2022 01:42:29.0719 AM
[ReportManager] API Action [GetResponseJSONValue] successfully performed. With the following test data [name]. @04-02-2022 01:42:29.0729 A
[ReportManager] File Action [GetAbsolutePath] successfully performed. With the following test data [Relative Folder Path: "target/downloadedFiles/"]. @04-02-2022 01:42:29.0732 AM
[ReportManager] Attempting to run locally on: [Mac-64], [Safari], Headless Execution. @04-02-2022 01:42:29.0732 AM
[ReportManager] Successfully Opened Safari. @04-02-2022 01:42:30.0547 AM
[ReportManager] Initial window size: (800, 600) @04-02-2022 01:42:30.0568 AM
[ReportManager] Window size after SWD Maximize: (1176, 803) @04-02-2022 01:42:30.0588 AM
[ReportManager] Browser Action [MaximizeWindow] successfully performed. With the following test data [New screen size is now: (1176, 803)]. @04-02-2022 01:42:30.0588 AM
[ReportManager] Target URL: [http://the-internet.herokuapp.com/javascript_alerts] @04-02-2022 01:42:30.0588 AM
[ReportManager] Initial URL: [] @04-02-2022 01:42:30.0639 AM
[ReportManager] Browser Action [NavigateToURL] successfully performed. With the following test data [http://the-internet.herokuapp.com/javascript_alerts]. @04-02-2022 01:42:30.0969 A

################################################################################################################################################
Starting Execution:	[72 out of 162] test cases in the current suite
Test Method:		[testPackage01.TestJSPromptBox.dismissAlert]
################################################################################################################################################
[ReportManager] Element Action [Click] successfully performed. With the following test data [By.xpath: //button[contains(text(),'Click for JS Prompt')]]. @04-02-2022 01:42:31.0267 AM
[ReportManager] Alert is present @04-02-2022 01:42:31.0275 AM
[ReportManager] Element Action [DismissAlert] successfully performed. @04-02-2022 01:42:31.0291 A

################################################################################################################################################
Starting Execution:	[73 out of 162] test cases in the current suite
Test Method:		[testPackage01.TestJSPromptBox.assertOnCancelAlertResultText]
################################################################################################################################################
[ReportManager] Element Action [GetText] successfully performed. With the following test data [You entered: null]. @04-02-2022 01:42:31.0368 AM
[ReportManager] Assertion Passed: Then I Assert that the element found by [By.id: result] attribute [TEXT] is equal to [You entered: null]. @04-02-2022 01:42:31.0513 AM
[ReportManager] Successfully created attachment [Screenshot - 1643938951449_assertOnCancelAlertResultText_ValidateElementAttribute_passed] @04-02-2022 01:42:31.0514 AM
[ReportManager] Assertion [ValidateElementAttribute] PASSED. Expected [Value Should be 'You entered: null' for the 'text' attribute, element locator 'By.id: result'] and Actual [You entered: null]. Comparison Type [EQUALS]. Validation Type [POSITIVE]. @04-02-2022 01:42:31.0514 A

################################################################################################################################################
Starting Execution:	[74 out of 162] test cases in the current suite
Test Method:		[testPackage01.TestJSPromptBox.getAlertText]
################################################################################################################################################
[ReportManager] Element Action [Click] successfully performed. With the following test data [By.xpath: //button[contains(text(),'Click for JS Prompt')]]. @04-02-2022 01:42:31.0719 AM
[ReportManager] Alert is present @04-02-2022 01:42:31.0725 AM
[ReportManager] Alert Text is: [I am a JS prompt] @04-02-2022 01:42:31.0730 AM
[ReportManager] Element Action [GetAlertText] successfully performed. @04-02-2022 01:42:31.0730 AM
[ReportManager] Alert text is: [I am a JS prompt] @04-02-2022 01:42:31.0731 AM
[ReportManager] Alert is present @04-02-2022 01:42:31.0795 AM
[ReportManager] Alert Text is: [I am a JS prompt] @04-02-2022 01:42:31.0824 AM
[ReportManager] Element Action [GetAlertText] successfully performed. @04-02-2022 01:42:31.0824 AM
[ReportManager] Assertion Passed: Then I Assert that [I am a JS prompt] is equal to [I am a JS prompt]. @04-02-2022 01:42:31.0825 AM
[ReportManager] Assertion [ValidateEquals] PASSED. Expected [I am a JS prompt] and Actual [I am a JS prompt]. Comparison Type [EQUALS]. Validation Type [POSITIVE]. @04-02-2022 01:42:31.0825 A

################################################################################################################################################
Starting Execution:	[75 out of 162] test cases in the current suite
Test Method:		[testPackage01.TestJSPromptBox.acceptPromptAlertWithoutTypingTextMessage]
################################################################################################################################################
[ReportManager] Alert is not present @04-02-2022 01:43:02.0273 AM
[ReportManager] Element Action [WaitForAlertToBePresent] failed. @04-02-2022 01:43:02.0384 AM
[ReportManager] Successfully created attachment [Screenshot - 1643938982296_acceptPromptAlertWithoutTypingTextMessage_WaitForAlertToBePresent_failed] @04-02-2022 01:43:02.0385 A

################################################################################################################################################
Starting Execution:	[76 out of 162] test cases in the current suite
Test Method:		[testPackage01.TestJSPromptBox.assertOnConfirmPromptAlertWithoutTypingTextMessageResultText]
###############################################################################################################################################

################################################################################################################################################
Starting Execution:	[77 out of 162] test cases in the current suite
Test Method:		[testPackage01.TestJSPromptBox.acceptPromptAlertWithTextMessage]
###############################################################################################################################################

################################################################################################################################################
Starting Execution:	[78 out of 162] test cases in the current suite
Test Method:		[testPackage01.TestJSPromptBox.assertOnConfirmPromptAlertWithTextMessageResultText]
###############################################################################################################################################
[ReportManager] Browser Action [CloseCurrentWindow] successfully performed. @04-02-2022 01:43:02.0780 AM
[ReportManager] Successfully created attachment [Browser Action Test Data - CloseCurrentWindow - Actual Value] @04-02-2022 01:43:02.0781 A

################################################################################################################################################
Starting Execution:	[79 out of 162] test cases in the current suite
Test Method:		[testPackage01.Test_testData.f]
################################################################################################################################################
[ReportManager] Successfully loaded the following test data file [src/test/resources/testDataFiles/testSuite01/TestData.xlsx]. @04-02-2022 01:43:02.0822 AM
[ReportManager] Successfully created attachment [Test Data - Excel] @04-02-2022 01:43:02.0823 AM
[ReportManager] Last Column Number is: [3]. Zero-based. @04-02-2022 01:43:02.0824 A

################################################################################################################################################
Starting Execution:	[80 out of 162] test cases in the current suite
Test Method:		[testPackage01.Test_PDF.testPDF1]
################################################################################################################################################
[ReportManager] File Action [DoesFileExist] successfully performed. With the following test data [File Path: "src/test/resources/testDataFiles/sample.pdf"]. @04-02-2022 01:43:02.0832 AM
[ReportManager] File Action [GetAbsolutePath] successfully performed. With the following test data [Relative Folder Path: "src/test/resources/testDataFiles/sample.pdf"]. @04-02-2022 01:43:02.0834 AM
[ReportManager] Assertion Passed: Checking to see that the pdf file contains [A Simple PDF File] @04-02-2022 01:43:07.0286 AM
[ReportManager] Successfully created attachment [Validation Test Data - Expected Value] @04-02-2022 01:43:07.0287 AM
[ReportManager] Successfully created attachment [Validation Test Data - Actual Value] @04-02-2022 01:43:07.0288 AM
[ReportManager] Assertion [ValidateEquals] PASSED. Expected and Actual values are attached. Comparison Type [CONTAINS]. Validation Type [POSITIVE]. @04-02-2022 01:43:07.0288 A

################################################################################################################################################
Starting Execution:	[81 out of 162] test cases in the current suite
Test Method:		[testPackage01.Test_PDF.testPDF2]
################################################################################################################################################
[ReportManager] File Action [DoesFileExist] successfully performed. With the following test data [File Path: "src/test/resources/testDataFiles/sample.pdf"]. @04-02-2022 01:43:07.0292 AM
[ReportManager] File Action [GetAbsolutePath] successfully performed. With the following test data [Relative Folder Path: "src/test/resources/testDataFiles/sample.pdf"]. @04-02-2022 01:43:07.0292 AM
[ReportManager] Assertion Passed: Checking to see that the pdf file contains [A Simple PDF File] @04-02-2022 01:43:07.0307 AM
[ReportManager] Successfully created attachment [Validation Test Data - Expected Value] @04-02-2022 01:43:07.0307 AM
[ReportManager] Successfully created attachment [Validation Test Data - Actual Value] @04-02-2022 01:43:07.0308 AM
[ReportManager] Assertion [ValidateEquals] PASSED. Expected and Actual values are attached. Comparison Type [CONTAINS]. Validation Type [POSITIVE]. @04-02-2022 01:43:07.0308 A
[ReportManager] File Action [GetAbsolutePath] successfully performed. With the following test data [Relative Folder Path: "target/downloadedFiles/"]. @04-02-2022 01:43:07.0310 AM
[ReportManager] Attempting to run locally on: [Mac-64], [Safari], Headless Execution. @04-02-2022 01:43:07.0310 AM
[ReportManager] Successfully Opened Safari. @04-02-2022 01:43:08.0111 AM
[ReportManager] Initial window size: (800, 600) @04-02-2022 01:43:08.0128 AM
[ReportManager] Window size after SWD Maximize: (1176, 803) @04-02-2022 01:43:08.0157 AM
[ReportManager] Browser Action [MaximizeWindow] successfully performed. With the following test data [New screen size is now: (1176, 803)]. @04-02-2022 01:43:08.0157 A

################################################################################################################################################
Starting Execution:	[82 out of 162] test cases in the current suite
Test Method:		[testPackage01.Test_ShadowDOM.shadowdom]
################################################################################################################################################
[ReportManager] Target URL: [https://mdn.github.io/web-components-examples/popup-info-box-web-component/] @04-02-2022 01:43:08.0161 AM
[ReportManager] Initial URL: [] @04-02-2022 01:43:08.0198 AM
[ReportManager] Browser Action [NavigateToURL] successfully performed. With the following test data [https://mdn.github.io/web-components-examples/popup-info-box-web-component/]. @04-02-2022 01:43:08.0427 AM
[ReportManager] Element Action [Type] successfully performed. With the following test data [Typing into SHADOW DOM...]. @04-02-2022 01:43:08.0758 AM
[ReportManager] Element Action [GetText] successfully performed. With the following test data [Typing into SHADOW DOM...]. @04-02-2022 01:43:08.0820 AM
[ReportManager] Assertion [ValidateElementAttribute] PASSED. Expected [Value Should be 'Typing into SHADOW DOM...' for the 'Text' attribute, element locator 'By.id: cvc'] and Actual [Typing into SHADOW DOM...]. Comparison Type [EQUALS]. Validation Type [POSITIVE]. @04-02-2022 01:43:09.0000 AM
[ReportManager] Successfully created attachment [Screenshot - 1643938988893_shadowdom_ValidateElementAttribute_passed] @04-02-2022 01:43:09.0001 A
[ReportManager] Browser Action [CloseCurrentWindow] successfully performed. @04-02-2022 01:43:09.0328 AM
[ReportManager] Successfully created attachment [Browser Action Test Data - CloseCurrentWindow - Actual Value] @04-02-2022 01:43:09.0329 A
[ReportManager] File Action [GetAbsolutePath] successfully performed. With the following test data [Relative Folder Path: "target/downloadedFiles/"]. @04-02-2022 01:43:09.0331 AM
[ReportManager] Attempting to run locally on: [Mac-64], [Safari], Headless Execution. @04-02-2022 01:43:09.0331 AM
[ReportManager] Successfully Opened Safari. @04-02-2022 01:43:10.0155 AM
[ReportManager] Initial window size: (800, 600) @04-02-2022 01:43:10.0166 AM
[ReportManager] Window size after SWD Maximize: (1176, 803) @04-02-2022 01:43:10.0182 AM
[ReportManager] Browser Action [MaximizeWindow] successfully performed. With the following test data [New screen size is now: (1176, 803)]. @04-02-2022 01:43:10.0183 A

################################################################################################################################################
Starting Execution:	[83 out of 162] test cases in the current suite
Test Method:		[testPackage01.Test_clipboardActions.typeTextAndCopyPaste]
################################################################################################################################################
[ReportManager] Target URL: [https://www.google.com/ncr], and after redirection: [https://www.google.com] @04-02-2022 01:43:10.0185 AM
[ReportManager] Initial URL: [] @04-02-2022 01:43:10.0229 AM
[ReportManager] Browser Action [NavigateToURL] successfully performed. With the following test data [https://www.google.com/ncr]. @04-02-2022 01:43:11.0064 AM
[ReportManager] Element Action [Type] successfully performed. With the following test data [FIRST]. @04-02-2022 01:43:11.0378 A
[ReportManager] Browser Action [CloseCurrentWindow] successfully performed. @04-02-2022 01:43:11.0734 AM
[ReportManager] Successfully created attachment [Browser Action Test Data - CloseCurrentWindow - Actual Value] @04-02-2022 01:43:11.0735 A
[ReportManager] File Action [GetAbsolutePath] successfully performed. With the following test data [Relative Folder Path: "target/downloadedFiles/"]. @04-02-2022 01:43:11.0736 AM
[ReportManager] Attempting to run locally on: [Mac-64], [Safari], Headless Execution. @04-02-2022 01:43:11.0737 AM
[ReportManager] Successfully Opened Safari. @04-02-2022 01:43:12.0558 AM
[ReportManager] Initial window size: (800, 600) @04-02-2022 01:43:12.0579 AM
[ReportManager] Window size after SWD Maximize: (1176, 803) @04-02-2022 01:43:12.0592 AM
[ReportManager] Browser Action [MaximizeWindow] successfully performed. With the following test data [New screen size is now: (1176, 803)]. @04-02-2022 01:43:12.0592 AM
[ReportManager] Target URL: [http://the-internet.herokuapp.com/javascript_alerts] @04-02-2022 01:43:12.0592 AM
[ReportManager] Initial URL: [] @04-02-2022 01:43:12.0645 AM
[ReportManager] Browser Action [NavigateToURL] successfully performed. With the following test data [http://the-internet.herokuapp.com/javascript_alerts]. @04-02-2022 01:43:13.0088 A

################################################################################################################################################
Starting Execution:	[84 out of 162] test cases in the current suite
Test Method:		[testPackage01.TestJSAlertBox.getJSAlertText]
################################################################################################################################################
[ReportManager] Element Action [Click] successfully performed. With the following test data [By.xpath: //button[contains(text(),'Click for JS Alert')]]. @04-02-2022 01:43:13.0345 AM
[ReportManager] Alert is present @04-02-2022 01:43:13.0350 AM
[ReportManager] Alert Text is: [I am a JS Alert] @04-02-2022 01:43:13.0355 AM
[ReportManager] Element Action [GetAlertText] successfully performed. @04-02-2022 01:43:13.0355 AM
[ReportManager] Alert text is: [I am a JS Alert] @04-02-2022 01:43:13.0355 AM
[ReportManager] Alert is present @04-02-2022 01:43:13.0361 AM
[ReportManager] Alert Text is: [I am a JS Alert] @04-02-2022 01:43:13.0372 AM
[ReportManager] Element Action [GetAlertText] successfully performed. @04-02-2022 01:43:13.0373 AM
[ReportManager] Assertion Passed: Then I Assert that [I am a JS Alert] is equal to [I am a JS Alert]. @04-02-2022 01:43:13.0374 AM
[ReportManager] Assertion [ValidateEquals] PASSED. Expected [I am a JS Alert] and Actual [I am a JS Alert]. Comparison Type [EQUALS]. Validation Type [POSITIVE]. @04-02-2022 01:43:13.0374 A

################################################################################################################################################
Starting Execution:	[85 out of 162] test cases in the current suite
Test Method:		[testPackage01.TestJSAlertBox.acceptAlert]
################################################################################################################################################
[ReportManager] Alert is not present @04-02-2022 01:43:43.0805 AM
[ReportManager] Element Action [WaitForAlertToBePresent] failed. @04-02-2022 01:43:44.0002 AM
[ReportManager] Successfully created attachment [Screenshot - 1643939023829_acceptAlert_WaitForAlertToBePresent_failed] @04-02-2022 01:43:44.0084 A

################################################################################################################################################
Starting Execution:	[86 out of 162] test cases in the current suite
Test Method:		[testPackage01.TestJSAlertBox.assertOnConfirmAlertResultText]
###############################################################################################################################################
[ReportManager] Browser Action [CloseCurrentWindow] successfully performed. @04-02-2022 01:43:44.0470 AM
[ReportManager] Successfully created attachment [Browser Action Test Data - CloseCurrentWindow - Actual Value] @04-02-2022 01:43:44.0511 A

################################################################################################################################################
Starting Execution:	[87 out of 162] test cases in the current suite
Test Method:		[testPackage01.Test_checkJDKShellFilesGenerated.testJDKGeneratedSuccessfully]
################################################################################################################################################
[ReportManager] Configuring JDK @04-02-2022 01:43:44.0595 AM
[ReportManager] File Action [GetAbsolutePath] successfully performed. With the following test data [Relative File Path: "generateJdkMac.sh"]. @04-02-2022 01:43:44.0596 AM
[ReportManager] File Action [WriteToFile] successfully performed. With the following test data [Target File Path: "/Users/runner/work/SHAFT_ENGINE/SHAFT_ENGINE/generateJdkMac.sh"]. @04-02-2022 01:43:44.0677 AM
[ReportManager] Attempting to perform the following command locally. Command: [chmod u+x generateJdk.sh] @04-02-2022 01:43:44.0677 AM
[ReportManager] Terminal Action [PerformTerminalCommands] successfully performed. With the following test data [Host Name: "localHost" | Command: "chmod u+x generateJdk.sh" | Exit Status: "1"]. @04-02-2022 01:43:44.0683 AM
[ReportManager] Successfully created attachment [Terminal Action Actual Result - Command Log] @04-02-2022 01:43:44.0765 AM
[ReportManager] Assertion Passed: Then I Assert that [[#!/bin/bash, export JAVA_HOME=$(/usr/libexec/java_home), export PATH=$JAVA_HOME/bin:$PATH, source ~/.zshenv, echo $JAVA_HOME, echo $PATH, exec bash]] contains [JAVA_HOME=$(/usr/libexec/java_home)]. @04-02-2022 01:43:44.0766 AM
[ReportManager] Assertion [ValidateEquals] PASSED. Expected [JAVA_HOME=$(/usr/libexec/java_home)] and Actual [[#!/bin/bash, export JAVA_HOME=$(/usr/libexec/java_home), export PATH=$JAVA_HOME/bin:$PATH, source ~/.zshenv, echo $JAVA_HOME, echo $PATH, exec bash]]. Comparison Type [CONTAINS]. Validation Type [POSITIVE]. @04-02-2022 01:43:44.0766 A
[ReportManager] File Action [GetAbsolutePath] successfully performed. With the following test data [Relative Folder Path: "target/downloadedFiles/"]. @04-02-2022 01:43:44.0890 AM
[ReportManager] Attempting to run locally on: [Mac-64], [Safari], Headless Execution. @04-02-2022 01:43:44.0890 AM
[ReportManager] An Exception Occured with this Message: Could not start a new session. Possible causes are invalid address of the remote server or browser start-up failure.. @04-02-2022 01:43:45.0003 AM
[ReportManager] Successfully created attachment [Exception Stack Trace - org.openqa.selenium.SessionNotCreatedException] @04-02-2022 01:43:45.0045 AM
[ReportManager] Driver Factory Action [createNewLocalDriverInstanceForSafari] failed. With the following test data [Failed to create a session on DESKTOP_SAFARI]. @04-02-2022 01:43:45.0045 A

################################################################################################################################################
Starting Execution:	[88 out of 162] test cases in the current suite
Test Method:		[testPackage01.TestJSConfirmBox.dismissAlert]
###############################################################################################################################################

################################################################################################################################################
Starting Execution:	[89 out of 162] test cases in the current suite
Test Method:		[testPackage01.TestJSConfirmBox.assertOnCancelAlertResultText]
###############################################################################################################################################

################################################################################################################################################
Starting Execution:	[90 out of 162] test cases in the current suite
Test Method:		[testPackage01.TestJSConfirmBox.getAlertText]
###############################################################################################################################################

################################################################################################################################################
Starting Execution:	[91 out of 162] test cases in the current suite
Test Method:		[testPackage01.TestJSConfirmBox.acceptAlert]
###############################################################################################################################################

################################################################################################################################################
Starting Execution:	[92 out of 162] test cases in the current suite
Test Method:		[testPackage01.TestJSConfirmBox.assertOnConfirmAlertResultText]
###############################################################################################################################################


################################################################################################################################################
Starting Execution:	[93 out of 162] test cases in the current suite
Test Method:		[testPackage01.Test_NewValidationHelper.f1]
################################################################################################################################################
[ReportManager] Assertion Passed: Checking valid user data @04-02-2022 01:43:45.0893 AM
[ReportManager] Successfully created attachment [Validation Test Data - Expected Value] @04-02-2022 01:43:45.0974 AM
[ReportManager] Successfully created attachment [Validation Test Data - Actual Value] @04-02-2022 01:43:46.0015 AM
[ReportManager] Assertion [ValidateEquals] PASSED. Expected and Actual values are attached. Comparison Type [EQUALS]. Validation Type [POSITIVE]. @04-02-2022 01:43:46.0015 A
[ReportManager] File Action [GetAbsolutePath] successfully performed. With the following test data [Relative Folder Path: "target/downloadedFiles/"]. @04-02-2022 01:43:46.0181 AM
[ReportManager] Attempting to run locally on: [Mac-64], [Safari], Headless Execution. @04-02-2022 01:43:46.0181 AM
[ReportManager] Successfully Opened Safari. @04-02-2022 01:43:47.0108 AM
[ReportManager] Initial window size: (800, 600) @04-02-2022 01:43:47.0126 AM
[ReportManager] Window size after SWD Maximize: (1176, 803) @04-02-2022 01:43:47.0155 AM
[ReportManager] Browser Action [MaximizeWindow] successfully performed. With the following test data [New screen size is now: (1176, 803)]. @04-02-2022 01:43:47.0155 AM
[ReportManager] Target URL: [https://the-internet.herokuapp.com/] @04-02-2022 01:43:47.0155 AM
[ReportManager] Initial URL: [] @04-02-2022 01:43:47.0212 AM
[ReportManager] Browser Action [NavigateToURL] successfully performed. With the following test data [https://the-internet.herokuapp.com/]. @04-02-2022 01:43:47.0854 A

################################################################################################################################################
Starting Execution:	[94 out of 162] test cases in the current suite
Test Method:		[testPackage01.Test_NewValidationHelper.f10]
################################################################################################################################################
[ReportManager] Assertion [ValidateElementExists] FAILED. Expected [Element Should Exist, locator 'By.tagName: div'] and Actual [Element Exists but is not unique]. Comparison Type [EQUALS]. Validation Type [POSITIVE]. @04-02-2022 01:43:48.0498 AM
[ReportManager] Successfully created attachment [Screenshot - 1643939028219_f10_ValidateElementExists_failed] @04-02-2022 01:43:48.0589 A
[ReportManager] Successfully Closed All Drivers. @04-02-2022 01:43:48.0871 A
[ReportManager] File Action [GetAbsolutePath] successfully performed. With the following test data [Relative Folder Path: "target/downloadedFiles/"]. @04-02-2022 01:43:48.0995 AM
[ReportManager] Attempting to run locally on: [Mac-64], [Safari], Headless Execution. @04-02-2022 01:43:48.0995 AM
[ReportManager] Successfully Opened Safari. @04-02-2022 01:43:49.0908 AM
[ReportManager] Initial window size: (800, 600) @04-02-2022 01:43:49.0925 AM
[ReportManager] Window size after SWD Maximize: (1176, 803) @04-02-2022 01:43:49.0975 AM
[ReportManager] Browser Action [MaximizeWindow] successfully performed. With the following test data [New screen size is now: (1176, 803)]. @04-02-2022 01:43:49.0975 AM
[ReportManager] Target URL: [https://the-internet.herokuapp.com/] @04-02-2022 01:43:49.0975 AM
[ReportManager] Initial URL: [] @04-02-2022 01:43:50.0028 AM
[ReportManager] Browser Action [NavigateToURL] successfully performed. With the following test data [https://the-internet.herokuapp.com/]. @04-02-2022 01:43:50.0495 A

################################################################################################################################################
Starting Execution:	[95 out of 162] test cases in the current suite
Test Method:		[testPackage01.Test_NewValidationHelper.f11]
################################################################################################################################################
[ReportManager] org.openqa.selenium.TimeoutException:
Expected condition failed: waiting for com.shaft.gui.element.ElementActionsHelper$$Lambda$641/0x000000080112b150@947e589 (tried for 5 second(s) with 1000 milliseconds interval)
org.openqa.selenium.support.ui.FluentWait.timeoutException(FluentWait.java:263)
org.openqa.selenium.support.ui.FluentWait.until(FluentWait.java:231)
com.shaft.gui.element.ElementActionsHelper.waitForElementPresence(ElementActionsHelper.java:89)
com.shaft.gui.element.ElementActionsHelper.waitForElementPresence(ElementActionsHelper.java:37)
com.shaft.gui.element.WebDriverElementActions.getMatchingElementsCount(WebDriverElementActions.java:1481)
com.shaft.gui.element.WebDriverElementActions.getElementsCount(WebDriverElementActions.java:561)
com.shaft.gui.element.ElementActions.getElementsCount(ElementActions.java:269)
com.shaft.validation.ValidationsHelper.validateElementExists(ValidationsHelper.java:149)
com.shaft.validation.Assertions.assertElementExists(Assertions.java:118)
testPackage01.Test_NewValidationHelper.f11(Test_NewValidationHelper.java:137)
java.base/jdk.internal.reflect.NativeMethodAccessorImpl.invoke0(Native Method)
java.base/jdk.internal.reflect.NativeMethodAccessorImpl.invoke(NativeMethodAccessorImpl.java:77)
java.base/jdk.internal.reflect.DelegatingMethodAccessorImpl.invoke(DelegatingMethodAccessorImpl.java:43)
java.base/java.lang.reflect.Method.invoke(Method.java:568)
org.testng.internal.invokers.MethodInvocationHelper.invokeMethod(MethodInvocationHelper.java:135)
org.testng.internal.invokers.TestInvoker.invokeMethod(TestInvoker.java:673)
org.testng.internal.invokers.TestInvoker.invokeTestMethod(TestInvoker.java:220)
org.testng.internal.invokers.MethodRunner.runInSequence(MethodRunner.java:50)
org.testng.internal.invokers.TestInvoker$MethodInvocationAgent.invoke(TestInvoker.java:945)
org.testng.internal.invokers.TestInvoker.invokeTestMethods(TestInvoker.java:193)
org.testng.internal.invokers.TestMethodWorker.invokeTestMethods(TestMethodWorker.java:146)
org.testng.internal.invokers.TestMethodWorker.run(TestMethodWorker.java:128)
java.base/java.util.ArrayList.forEach(ArrayList.java:1511)
org.testng.TestRunner.privateRun(TestRunner.java:808)
org.testng.TestRunner.run(TestRunner.java:603)
org.testng.SuiteRunner.runTest(SuiteRunner.java:429)
org.testng.SuiteRunner.runSequentially(SuiteRunner.java:423)
org.testng.SuiteRunner.privateRun(SuiteRunner.java:383)
org.testng.SuiteRunner.run(SuiteRunner.java:326)
org.testng.SuiteRunnerWorker.runSuite(SuiteRunnerWorker.java:52)
org.testng.SuiteRunnerWorker.run(SuiteRunnerWorker.java:95)
org.testng.TestNG.runSuitesSequentially(TestNG.java:1249)
org.testng.TestNG.runSuitesLocally(TestNG.java:1169)
org.testng.TestNG.runSuites(TestNG.java:1092)
org.testng.TestNG.run(TestNG.java:1060)
org.apache.maven.surefire.testng.TestNGExecutor.run(TestNGExecutor.java:136)
org.apache.maven.surefire.testng.TestNGDirectoryTestSuite.executeMulti(TestNGDirectoryTestSuite.java:193)
org.apache.maven.surefire.testng.TestNGDirectoryTestSuite.execute(TestNGDirectoryTestSuite.java:94)
org.apache.maven.surefire.testng.TestNGProvider.invoke(TestNGProvider.java:145)
org.apache.maven.surefire.booter.ForkedBooter.runSuitesInProcess(ForkedBooter.java:428)
org.apache.maven.surefire.booter.ForkedBooter.execute(ForkedBooter.java:162)
org.apache.maven.surefire.booter.ForkedBooter.run(ForkedBooter.java:562)
org.apache.maven.surefire.booter.ForkedBooter.main(ForkedBooter.java:548)

Caused by: org.openqa.selenium.NoSuchElementException:
For documentation on this error, please visit: https://selenium.dev/exceptions/#no_such_element
Build info: version: '4.1.2', revision: '9a5a329c5a'
System info: host: 'Mac-1643938772198.local', ip: '10.213.7.118', os.name: 'Mac OS X', os.arch: 'x86_64', os.version: '11.6.3', java.version: '17.0.2'
Driver info: org.openqa.selenium.safari.SafariDriver
Command: [0CE9932D-E4ED-4F8A-B986-1A3DDF945E1C, findElement {using=tag name, value=h3}]
Capabilities {acceptInsecureCerts: false, browserName: Safari, browserVersion: 15.3, goog:loggingPrefs: {browser: ALL, client: ALL, driver: ALL, performance: ALL, profiler: ALL, server: ALL}, javascriptEnabled: true, pageLoadStrategy: normal, platform: MAC, platformName: MAC, safari:automaticInspection: false, safari:automaticProfiling: false, safari:diagnose: false, safari:platformBuildVersion: 20G415, safari:platformVersion: 11.6.3, safari:useSimulator: false, setWindowRect: true, strictFileInteractability: false, timeouts: {pageLoad: 30000, script: 30000}, webkit:WebRTC: {DisableICECandidateFiltering: false, DisableInsecureMediaCapture: false}}
Session ID: 0CE9932D-E4ED-4F8A-B986-1A3DDF945E1C
jdk.internal.reflect.GeneratedConstructorAccessor70.newInstance(Unknown Source)
java.base/jdk.internal.reflect.DelegatingConstructorAccessorImpl.newInstance(DelegatingConstructorAccessorImpl.java:45)
java.base/java.lang.reflect.Constructor.newInstanceWithCaller(Constructor.java:499)
java.base/java.lang.reflect.Constructor.newInstance(Constructor.java:480)
org.openqa.selenium.remote.codec.w3c.W3CHttpResponseCodec.createException(W3CHttpResponseCodec.java:200)
org.openqa.selenium.remote.codec.w3c.W3CHttpResponseCodec.decode(W3CHttpResponseCodec.java:133)
org.openqa.selenium.remote.codec.w3c.W3CHttpResponseCodec.decode(W3CHttpResponseCodec.java:53)
org.openqa.selenium.remote.HttpCommandExecutor.execute(HttpCommandExecutor.java:184)
org.openqa.selenium.remote.service.DriverCommandExecutor.invokeExecute(DriverCommandExecutor.java:167)
org.openqa.selenium.remote.service.DriverCommandExecutor.execute(DriverCommandExecutor.java:142)
org.openqa.selenium.remote.RemoteWebDriver.execute(RemoteWebDriver.java:558)
org.openqa.selenium.remote.ElementLocation$ElementFinder$2.findElement(ElementLocation.java:162)
org.openqa.selenium.remote.ElementLocation.findElement(ElementLocation.java:60)
org.openqa.selenium.remote.RemoteWebDriver.findElement(RemoteWebDriver.java:382)
org.openqa.selenium.remote.RemoteWebDriver.findElement(RemoteWebDriver.java:374)
com.shaft.gui.element.ElementActionsHelper.lambda$waitForElementPresence$0(ElementActionsHelper.java:92)
org.openqa.selenium.support.ui.FluentWait.until(FluentWait.java:208)
com.shaft.gui.element.ElementActionsHelper.waitForElementPresence(ElementActionsHelper.java:89)
com.shaft.gui.element.ElementActionsHelper.waitForElementPresence(ElementActionsHelper.java:37)
com.shaft.gui.element.WebDriverElementActions.getMatchingElementsCount(WebDriverElementActions.java:1481)
com.shaft.gui.element.WebDriverElementActions.getElementsCount(WebDriverElementActions.java:561)
com.shaft.gui.element.ElementActions.getElementsCount(ElementActions.java:269)
com.shaft.validation.ValidationsHelper.validateElementExists(ValidationsHelper.java:149)
com.shaft.validation.Assertions.assertElementExists(Assertions.java:118)
testPackage01.Test_NewValidationHelper.f11(Test_NewValidationHelper.java:137)
java.base/jdk.internal.reflect.NativeMethodAccessorImpl.invoke0(Native Method)
java.base/jdk.internal.reflect.NativeMethodAccessorImpl.invoke(NativeMethodAccessorImpl.java:77)
java.base/jdk.internal.reflect.DelegatingMethodAccessorImpl.invoke(DelegatingMethodAccessorImpl.java:43)
java.base/java.lang.reflect.Method.invoke(Method.java:568)
org.testng.internal.invokers.MethodInvocationHelper.invokeMethod(MethodInvocationHelper.java:135)
org.testng.internal.invokers.TestInvoker.invokeMethod(TestInvoker.java:673)
org.testng.internal.invokers.TestInvoker.invokeTestMethod(TestInvoker.java:220)
org.testng.internal.invokers.MethodRunner.runInSequence(MethodRunner.java:50)
org.testng.internal.invokers.TestInvoker$MethodInvocationAgent.invoke(TestInvoker.java:945)
org.testng.internal.invokers.TestInvoker.invokeTestMethods(TestInvoker.java:193)
org.testng.internal.invokers.TestMethodWorker.invokeTestMethods(TestMethodWorker.java:146)
org.testng.internal.invokers.TestMethodWorker.run(TestMethodWorker.java:128)
java.base/java.util.ArrayList.forEach(ArrayList.java:1511)
org.testng.TestRunner.privateRun(TestRunner.java:808)
org.testng.TestRunner.run(TestRunner.java:603)
org.testng.SuiteRunner.runTest(SuiteRunner.java:429)
org.testng.SuiteRunner.runSequentially(SuiteRunner.java:423)
org.testng.SuiteRunner.privateRun(SuiteRunner.java:383)
org.testng.SuiteRunner.run(SuiteRunner.java:326)
org.testng.SuiteRunnerWorker.runSuite(SuiteRunnerWorker.java:52)
org.testng.SuiteRunnerWorker.run(SuiteRunnerWorker.java:95)
org.testng.TestNG.runSuitesSequentially(TestNG.java:1249)
org.testng.TestNG.runSuitesLocally(TestNG.java:1169)
org.testng.TestNG.runSuites(TestNG.java:1092)
org.testng.TestNG.run(TestNG.java:1060)
org.apache.maven.surefire.testng.TestNGExecutor.run(TestNGExecutor.java:136)
org.apache.maven.surefire.testng.TestNGDirectoryTestSuite.executeMulti(TestNGDirectoryTestSuite.java:193)
org.apache.maven.surefire.testng.TestNGDirectoryTestSuite.execute(TestNGDirectoryTestSuite.java:94)
org.apache.maven.surefire.testng.TestNGProvider.invoke(TestNGProvider.java:145)
org.apache.maven.surefire.booter.ForkedBooter.runSuitesInProcess(ForkedBooter.java:428)
org.apache.maven.surefire.booter.ForkedBooter.execute(ForkedBooter.java:162)
org.apache.maven.surefire.booter.ForkedBooter.run(ForkedBooter.java:562)
org.apache.maven.surefire.booter.ForkedBooter.main(ForkedBooter.java:548) @04-02-2022 01:43:55.0935 AM
[ReportManager] org.openqa.selenium.TimeoutException:
Expected condition failed: waiting for com.shaft.gui.element.ElementActionsHelper$$Lambda$641/0x000000080112b150@5dfdb548 (tried for 5 second(s) with 1000 milliseconds interval)
org.openqa.selenium.support.ui.FluentWait.timeoutException(FluentWait.java:263)
org.openqa.selenium.support.ui.FluentWait.until(FluentWait.java:231)
com.shaft.gui.element.ElementActionsHelper.waitForElementPresence(ElementActionsHelper.java:89)
com.shaft.gui.element.ElementActionsHelper.waitForElementPresence(ElementActionsHelper.java:37)
com.shaft.gui.element.WebDriverElementActions.getMatchingElementsCount(WebDriverElementActions.java:1481)
com.shaft.gui.element.WebDriverElementActions.getElementsCount(WebDriverElementActions.java:561)
com.shaft.gui.element.ElementActions.getElementsCount(ElementActions.java:269)
com.shaft.gui.image.ScreenshotManager.internalCaptureScreenShot(ScreenshotManager.java:385)
com.shaft.gui.image.ScreenshotManager.captureScreenShot(ScreenshotManager.java:141)
com.shaft.validation.ValidationsHelper.reportValidationState(ValidationsHelper.java:823)
com.shaft.validation.ValidationsHelper.pass(ValidationsHelper.java:564)
com.shaft.validation.ValidationsHelper.validateElementExists(ValidationsHelper.java:166)
com.shaft.validation.Assertions.assertElementExists(Assertions.java:118)
testPackage01.Test_NewValidationHelper.f11(Test_NewValidationHelper.java:137)
java.base/jdk.internal.reflect.NativeMethodAccessorImpl.invoke0(Native Method)
java.base/jdk.internal.reflect.NativeMethodAccessorImpl.invoke(NativeMethodAccessorImpl.java:77)
java.base/jdk.internal.reflect.DelegatingMethodAccessorImpl.invoke(DelegatingMethodAccessorImpl.java:43)
java.base/java.lang.reflect.Method.invoke(Method.java:568)
org.testng.internal.invokers.MethodInvocationHelper.invokeMethod(MethodInvocationHelper.java:135)
org.testng.internal.invokers.TestInvoker.invokeMethod(TestInvoker.java:673)
org.testng.internal.invokers.TestInvoker.invokeTestMethod(TestInvoker.java:220)
org.testng.internal.invokers.MethodRunner.runInSequence(MethodRunner.java:50)
org.testng.internal.invokers.TestInvoker$MethodInvocationAgent.invoke(TestInvoker.java:945)
org.testng.internal.invokers.TestInvoker.invokeTestMethods(TestInvoker.java:193)
org.testng.internal.invokers.TestMethodWorker.invokeTestMethods(TestMethodWorker.java:146)
org.testng.internal.invokers.TestMethodWorker.run(TestMethodWorker.java:128)
java.base/java.util.ArrayList.forEach(ArrayList.java:1511)
org.testng.TestRunner.privateRun(TestRunner.java:808)
org.testng.TestRunner.run(TestRunner.java:603)
org.testng.SuiteRunner.runTest(SuiteRunner.java:429)
org.testng.SuiteRunner.runSequentially(SuiteRunner.java:423)
org.testng.SuiteRunner.privateRun(SuiteRunner.java:383)
org.testng.SuiteRunner.run(SuiteRunner.java:326)
org.testng.SuiteRunnerWorker.runSuite(SuiteRunnerWorker.java:52)
org.testng.SuiteRunnerWorker.run(SuiteRunnerWorker.java:95)
org.testng.TestNG.runSuitesSequentially(TestNG.java:1249)
org.testng.TestNG.runSuitesLocally(TestNG.java:1169)
org.testng.TestNG.runSuites(TestNG.java:1092)
org.testng.TestNG.run(TestNG.java:1060)
org.apache.maven.surefire.testng.TestNGExecutor.run(TestNGExecutor.java:136)
org.apache.maven.surefire.testng.TestNGDirectoryTestSuite.executeMulti(TestNGDirectoryTestSuite.java:193)
org.apache.maven.surefire.testng.TestNGDirectoryTestSuite.execute(TestNGDirectoryTestSuite.java:94)
org.apache.maven.surefire.testng.TestNGProvider.invoke(TestNGProvider.java:145)
org.apache.maven.surefire.booter.ForkedBooter.runSuitesInProcess(ForkedBooter.java:428)
org.apache.maven.surefire.booter.ForkedBooter.execute(ForkedBooter.java:162)
org.apache.maven.surefire.booter.ForkedBooter.run(ForkedBooter.java:562)
org.apache.maven.surefire.booter.ForkedBooter.main(ForkedBooter.java:548)

Caused by: org.openqa.selenium.NoSuchElementException:
For documentation on this error, please visit: https://selenium.dev/exceptions/#no_such_element
Build info: version: '4.1.2', revision: '9a5a329c5a'
System info: host: 'Mac-1643938772198.local', ip: '10.213.7.118', os.name: 'Mac OS X', os.arch: 'x86_64', os.version: '11.6.3', java.version: '17.0.2'
Driver info: org.openqa.selenium.safari.SafariDriver
Command: [0CE9932D-E4ED-4F8A-B986-1A3DDF945E1C, findElement {using=tag name, value=h3}]
Capabilities {acceptInsecureCerts: false, browserName: Safari, browserVersion: 15.3, goog:loggingPrefs: {browser: ALL, client: ALL, driver: ALL, performance: ALL, profiler: ALL, server: ALL}, javascriptEnabled: true, pageLoadStrategy: normal, platform: MAC, platformName: MAC, safari:automaticInspection: false, safari:automaticProfiling: false, safari:diagnose: false, safari:platformBuildVersion: 20G415, safari:platformVersion: 11.6.3, safari:useSimulator: false, setWindowRect: true, strictFileInteractability: false, timeouts: {pageLoad: 30000, script: 30000}, webkit:WebRTC: {DisableICECandidateFiltering: false, DisableInsecureMediaCapture: false}}
Session ID: 0CE9932D-E4ED-4F8A-B986-1A3DDF945E1C
jdk.internal.reflect.GeneratedConstructorAccessor70.newInstance(Unknown Source)
java.base/jdk.internal.reflect.DelegatingConstructorAccessorImpl.newInstance(DelegatingConstructorAccessorImpl.java:45)
java.base/java.lang.reflect.Constructor.newInstanceWithCaller(Constructor.java:499)
java.base/java.lang.reflect.Constructor.newInstance(Constructor.java:480)
org.openqa.selenium.remote.codec.w3c.W3CHttpResponseCodec.createException(W3CHttpResponseCodec.java:200)
org.openqa.selenium.remote.codec.w3c.W3CHttpResponseCodec.decode(W3CHttpResponseCodec.java:133)
org.openqa.selenium.remote.codec.w3c.W3CHttpResponseCodec.decode(W3CHttpResponseCodec.java:53)
org.openqa.selenium.remote.HttpCommandExecutor.execute(HttpCommandExecutor.java:184)
org.openqa.selenium.remote.service.DriverCommandExecutor.invokeExecute(DriverCommandExecutor.java:167)
org.openqa.selenium.remote.service.DriverCommandExecutor.execute(DriverCommandExecutor.java:142)
org.openqa.selenium.remote.RemoteWebDriver.execute(RemoteWebDriver.java:558)
org.openqa.selenium.remote.ElementLocation$ElementFinder$2.findElement(ElementLocation.java:162)
org.openqa.selenium.remote.ElementLocation.findElement(ElementLocation.java:60)
org.openqa.selenium.remote.RemoteWebDriver.findElement(RemoteWebDriver.java:382)
org.openqa.selenium.remote.RemoteWebDriver.findElement(RemoteWebDriver.java:374)
com.shaft.gui.element.ElementActionsHelper.lambda$waitForElementPresence$0(ElementActionsHelper.java:92)
org.openqa.selenium.support.ui.FluentWait.until(FluentWait.java:208)
com.shaft.gui.element.ElementActionsHelper.waitForElementPresence(ElementActionsHelper.java:89)
com.shaft.gui.element.ElementActionsHelper.waitForElementPresence(ElementActionsHelper.java:37)
com.shaft.gui.element.WebDriverElementActions.getMatchingElementsCount(WebDriverElementActions.java:1481)
com.shaft.gui.element.WebDriverElementActions.getElementsCount(WebDriverElementActions.java:561)
com.shaft.gui.element.ElementActions.getElementsCount(ElementActions.java:269)
com.shaft.gui.image.ScreenshotManager.internalCaptureScreenShot(ScreenshotManager.java:385)
com.shaft.gui.image.ScreenshotManager.captureScreenShot(ScreenshotManager.java:141)
com.shaft.validation.ValidationsHelper.reportValidationState(ValidationsHelper.java:823)
com.shaft.validation.ValidationsHelper.pass(ValidationsHelper.java:564)
com.shaft.validation.ValidationsHelper.validateElementExists(ValidationsHelper.java:166)
com.shaft.validation.Assertions.assertElementExists(Assertions.java:118)
testPackage01.Test_NewValidationHelper.f11(Test_NewValidationHelper.java:137)
java.base/jdk.internal.reflect.NativeMethodAccessorImpl.invoke0(Native Method)
java.base/jdk.internal.reflect.NativeMethodAccessorImpl.invoke(NativeMethodAccessorImpl.java:77)
java.base/jdk.internal.reflect.DelegatingMethodAccessorImpl.invoke(DelegatingMethodAccessorImpl.java:43)
java.base/java.lang.reflect.Method.invoke(Method.java:568)
org.testng.internal.invokers.MethodInvocationHelper.invokeMethod(MethodInvocationHelper.java:135)
org.testng.internal.invokers.TestInvoker.invokeMethod(TestInvoker.java:673)
org.testng.internal.invokers.TestInvoker.invokeTestMethod(TestInvoker.java:220)
org.testng.internal.invokers.MethodRunner.runInSequence(MethodRunner.java:50)
org.testng.internal.invokers.TestInvoker$MethodInvocationAgent.invoke(TestInvoker.java:945)
org.testng.internal.invokers.TestInvoker.invokeTestMethods(TestInvoker.java:193)
org.testng.internal.invokers.TestMethodWorker.invokeTestMethods(TestMethodWorker.java:146)
org.testng.internal.invokers.TestMethodWorker.run(TestMethodWorker.java:128)
java.base/java.util.ArrayList.forEach(ArrayList.java:1511)
org.testng.TestRunner.privateRun(TestRunner.java:808)
org.testng.TestRunner.run(TestRunner.java:603)
org.testng.SuiteRunner.runTest(SuiteRunner.java:429)
org.testng.SuiteRunner.runSequentially(SuiteRunner.java:423)
org.testng.SuiteRunner.privateRun(SuiteRunner.java:383)
org.testng.SuiteRunner.run(SuiteRunner.java:326)
org.testng.SuiteRunnerWorker.runSuite(SuiteRunnerWorker.java:52)
org.testng.SuiteRunnerWorker.run(SuiteRunnerWorker.java:95)
org.testng.TestNG.runSuitesSequentially(TestNG.java:1249)
org.testng.TestNG.runSuitesLocally(TestNG.java:1169)
org.testng.TestNG.runSuites(TestNG.java:1092)
org.testng.TestNG.run(TestNG.java:1060)
org.apache.maven.surefire.testng.TestNGExecutor.run(TestNGExecutor.java:136)
org.apache.maven.surefire.testng.TestNGDirectoryTestSuite.executeMulti(TestNGDirectoryTestSuite.java:193)
org.apache.maven.surefire.testng.TestNGDirectoryTestSuite.execute(TestNGDirectoryTestSuite.java:94)
org.apache.maven.surefire.testng.TestNGProvider.invoke(TestNGProvider.java:145)
org.apache.maven.surefire.booter.ForkedBooter.runSuitesInProcess(ForkedBooter.java:428)
org.apache.maven.surefire.booter.ForkedBooter.execute(ForkedBooter.java:162)
org.apache.maven.surefire.booter.ForkedBooter.run(ForkedBooter.java:562)
org.apache.maven.surefire.booter.ForkedBooter.main(ForkedBooter.java:548) @04-02-2022 01:44:01.0183 AM
[ReportManager] Assertion Passed: Checking that false tag doesn't exist @04-02-2022 01:44:01.0377 AM
[ReportManager] Successfully created attachment [Screenshot - 1643939041216_f11_ValidateElementExists_passed] @04-02-2022 01:44:01.0459 AM
[ReportManager] Assertion [ValidateElementExists] PASSED. Expected [Element Should not Exist, locator 'By.tagName: h3'] and Actual [Element Doesn't Exists]. Comparison Type [EQUALS]. Validation Type [NEGATIVE]. @04-02-2022 01:44:01.0459 A
[ReportManager] Successfully Closed All Drivers. @04-02-2022 01:44:01.0755 A
[ReportManager] File Action [GetAbsolutePath] successfully performed. With the following test data [Relative Folder Path: "target/downloadedFiles/"]. @04-02-2022 01:44:01.0838 AM
[ReportManager] Attempting to run locally on: [Mac-64], [Safari], Headless Execution. @04-02-2022 01:44:01.0838 AM
[ReportManager] An Exception Occured with this Message: Could not start a new session. Possible causes are invalid address of the remote server or browser start-up failure.. @04-02-2022 01:44:02.0003 AM
[ReportManager] Successfully created attachment [Exception Stack Trace - org.openqa.selenium.SessionNotCreatedException] @04-02-2022 01:44:02.0086 AM
[ReportManager] Driver Factory Action [createNewLocalDriverInstanceForSafari] failed. With the following test data [Failed to create a session on DESKTOP_SAFARI]. @04-02-2022 01:44:02.0086 A

################################################################################################################################################
Starting Execution:	[96 out of 162] test cases in the current suite
Test Method:		[testPackage01.Test_NewValidationHelper.f12]
###############################################################################################################################################



################################################################################################################################################
Starting Execution:	[97 out of 162] test cases in the current suite
Test Method:		[testPackage01.Test_NewValidationHelper.f13]
###############################################################################################################################################



################################################################################################################################################
Starting Execution:	[98 out of 162] test cases in the current suite
Test Method:		[testPackage01.Test_NewValidationHelper.f14]
###############################################################################################################################################



################################################################################################################################################
Starting Execution:	[99 out of 162] test cases in the current suite
Test Method:		[testPackage01.Test_NewValidationHelper.f15]
###############################################################################################################################################



################################################################################################################################################
Starting Execution:	[100 out of 162] test cases in the current suite
Test Method:		[testPackage01.Test_NewValidationHelper.f16]
###############################################################################################################################################



################################################################################################################################################
Starting Execution:	[101 out of 162] test cases in the current suite
Test Method:		[testPackage01.Test_NewValidationHelper.f17]
###############################################################################################################################################



################################################################################################################################################
Starting Execution:	[102 out of 162] test cases in the current suite
Test Method:		[testPackage01.Test_NewValidationHelper.f18]
###############################################################################################################################################


################################################################################################################################################
Starting Execution:	[103 out of 162] test cases in the current suite
Test Method:		[testPackage01.Test_NewValidationHelper.f2]
###############################################################################################################################################


################################################################################################################################################
Starting Execution:	[104 out of 162] test cases in the current suite
Test Method:		[testPackage01.Test_NewValidationHelper.f20]
###############################################################################################################################################



################################################################################################################################################
Starting Execution:	[105 out of 162] test cases in the current suite
Test Method:		[testPackage01.Test_NewValidationHelper.f21]
###############################################################################################################################################



################################################################################################################################################
Starting Execution:	[106 out of 162] test cases in the current suite
Test Method:		[testPackage01.Test_NewValidationHelper.f22]
###############################################################################################################################################


################################################################################################################################################
Starting Execution:	[107 out of 162] test cases in the current suite
Test Method:		[testPackage01.Test_NewValidationHelper.f23]
###############################################################################################################################################

################################################################################################################################################
Starting Execution:	[108 out of 162] test cases in the current suite
Test Method:		[testPackage01.Test_NewValidationHelper.f24]
###############################################################################################################################################

################################################################################################################################################
Starting Execution:	[109 out of 162] test cases in the current suite
Test Method:		[testPackage01.Test_NewValidationHelper.f25]
###############################################################################################################################################

################################################################################################################################################
Starting Execution:	[110 out of 162] test cases in the current suite
Test Method:		[testPackage01.Test_NewValidationHelper.f26]
###############################################################################################################################################

################################################################################################################################################
Starting Execution:	[111 out of 162] test cases in the current suite
Test Method:		[testPackage01.Test_NewValidationHelper.f27]
###############################################################################################################################################

################################################################################################################################################
Starting Execution:	[112 out of 162] test cases in the current suite
Test Method:		[testPackage01.Test_NewValidationHelper.f28]
###############################################################################################################################################

################################################################################################################################################
Starting Execution:	[113 out of 162] test cases in the current suite
Test Method:		[testPackage01.Test_NewValidationHelper.f29]
###############################################################################################################################################

################################################################################################################################################
Starting Execution:	[114 out of 162] test cases in the current suite
Test Method:		[testPackage01.Test_NewValidationHelper.f3]
###############################################################################################################################################

################################################################################################################################################
Starting Execution:	[115 out of 162] test cases in the current suite
Test Method:		[testPackage01.Test_NewValidationHelper.f30]
###############################################################################################################################################

################################################################################################################################################
Starting Execution:	[116 out of 162] test cases in the current suite
Test Method:		[testPackage01.Test_NewValidationHelper.f31]
###############################################################################################################################################

################################################################################################################################################
Starting Execution:	[117 out of 162] test cases in the current suite
Test Method:		[testPackage01.Test_NewValidationHelper.f32]
###############################################################################################################################################

################################################################################################################################################
Starting Execution:	[118 out of 162] test cases in the current suite
Test Method:		[testPackage01.Test_NewValidationHelper.f33]
###############################################################################################################################################

################################################################################################################################################
Starting Execution:	[119 out of 162] test cases in the current suite
Test Method:		[testPackage01.Test_NewValidationHelper.f34]
###############################################################################################################################################

################################################################################################################################################
Starting Execution:	[120 out of 162] test cases in the current suite
Test Method:		[testPackage01.Test_NewValidationHelper.f35]
###############################################################################################################################################

################################################################################################################################################
Starting Execution:	[121 out of 162] test cases in the current suite
Test Method:		[testPackage01.Test_NewValidationHelper.f36]
###############################################################################################################################################

################################################################################################################################################
Starting Execution:	[122 out of 162] test cases in the current suite
Test Method:		[testPackage01.Test_NewValidationHelper.f37]
###############################################################################################################################################

################################################################################################################################################
Starting Execution:	[123 out of 162] test cases in the current suite
Test Method:		[testPackage01.Test_NewValidationHelper.f3_1]
###############################################################################################################################################

################################################################################################################################################
Starting Execution:	[124 out of 162] test cases in the current suite
Test Method:		[testPackage01.Test_NewValidationHelper.f4]
###############################################################################################################################################

################################################################################################################################################
Starting Execution:	[125 out of 162] test cases in the current suite
Test Method:		[testPackage01.Test_NewValidationHelper.f5]
###############################################################################################################################################

################################################################################################################################################
Starting Execution:	[126 out of 162] test cases in the current suite
Test Method:		[testPackage01.Test_NewValidationHelper.f6]
###############################################################################################################################################

################################################################################################################################################
Starting Execution:	[127 out of 162] test cases in the current suite
Test Method:		[testPackage01.Test_NewValidationHelper.f6_1]
###############################################################################################################################################

################################################################################################################################################
Starting Execution:	[128 out of 162] test cases in the current suite
Test Method:		[testPackage01.Test_NewValidationHelper.f6_2]
###############################################################################################################################################

################################################################################################################################################
Starting Execution:	[129 out of 162] test cases in the current suite
Test Method:		[testPackage01.Test_NewValidationHelper.f7]
###############################################################################################################################################


################################################################################################################################################
Starting Execution:	[130 out of 162] test cases in the current suite
Test Method:		[testPackage01.Test_NewValidationHelper.f8]
###############################################################################################################################################



################################################################################################################################################
Starting Execution:	[131 out of 162] test cases in the current suite
Test Method:		[testPackage01.Test_NewValidationHelper.f9]
###############################################################################################################################################


################################################################################################################################################
Starting Execution:	[132 out of 162] test cases in the current suite
Test Method:		[testPackage01.Test_NewValidationHelper.forceFail]
###############################################################################################################################################

################################################################################################################################################
Starting Execution:	[133 out of 162] test cases in the current suite
Test Method:		[testPackage01.Test_NewValidationHelper.forceFail2]
###############################################################################################################################################

################################################################################################################################################
Starting Execution:	[134 out of 162] test cases in the current suite
Test Method:		[testPackage01.Test_JsonActions.f]
###############################################################################################################################################

################################################################################################################################################
Starting Execution:	[135 out of 162] test cases in the current suite
Test Method:		[testPackage01.Test_JsonActions.f2]
###############################################################################################################################################

################################################################################################################################################
Starting Execution:	[136 out of 162] test cases in the current suite
Test Method:		[testPackage01.Test_sendGraphqlRequest.sendGraphqlRequestUsingMutationAndVariables]
################################################################################################################################################
[ReportManager] GraphQl Request is being Performed with the Following Parameters [Service URL: https://api.spacex.land/graphql | Request Body: {"variables":"{\"name\": \"sherlock holmes\",\"rocket\": \"221B Baker Street\"}","query":"mutation ($name: String, $rocket: String) {\n  insert_users(objects: {name: $name, rocket: $rocket}) {\n    returning {\n      name\n      rocket\n    }\n  }\n}"}] @04-02-2022 01:44:08.0652 AM
[ReportManager] Response status code: [200], status line: [HTTP/1.1 200 OK] @04-02-2022 01:44:12.0992 AM
[ReportManager] Assertion Passed: Evaluating the actual response status code against the expected one... @04-02-2022 01:44:12.0992 AM
[ReportManager] Assertion [ValidateComparativeRelation] PASSED. Expected [200] and Actual [200]. Comparison Type [EQUALS]. Validation Type [POSITIVE]. @04-02-2022 01:44:12.0992 AM
[ReportManager] API Action [PerformRequest] successfully performed. With the following test data [Request Type: "POST" | Target Status Code: "200" | Service URL: "https://api.spacex.land/graphql" | Content Type: "application/json" | Response Time: "4274ms"]. @04-02-2022 01:44:13.0030 AM
[ReportManager] Successfully created attachment [API Request - Specifications] @04-02-2022 01:44:13.0071 AM
[ReportManager] Successfully created attachment [API Request - JSON Body] @04-02-2022 01:44:13.0153 AM
[ReportManager] Successfully created attachment [API Response - JSON Body] @04-02-2022 01:44:13.0195 AM
[ReportManager] API Action [GetResponseJSONValue] successfully performed. With the following test data [data.insert_users.returning[0].name]. @04-02-2022 01:44:13.0238 AM
[ReportManager] Assertion [ValidateEquals] PASSED. Expected [sherlock holmes] and Actual [sherlock holmes]. Comparison Type [EQUALS]. Validation Type [POSITIVE]. @04-02-2022 01:44:13.0239 A

################################################################################################################################################
Starting Execution:	[137 out of 162] test cases in the current suite
Test Method:		[testPackage01.Test_sendGraphqlRequest.sendGraphqlRequestUsingQuery]
################################################################################################################################################
[ReportManager] GraphQl Request is being Performed with the Following Parameters [Service URL: https://api.spacex.land/graphql | Request Body: {"query":"{company {ceo}}"}] @04-02-2022 01:44:13.0365 AM
[ReportManager] Response status code: [200], status line: [HTTP/1.1 200 OK] @04-02-2022 01:44:13.0443 AM
[ReportManager] Assertion Passed: Evaluating the actual response status code against the expected one... @04-02-2022 01:44:13.0444 AM
[ReportManager] Assertion [ValidateComparativeRelation] PASSED. Expected [200] and Actual [200]. Comparison Type [EQUALS]. Validation Type [POSITIVE]. @04-02-2022 01:44:13.0444 AM
[ReportManager] API Action [PerformRequest] successfully performed. With the following test data [Request Type: "POST" | Target Status Code: "200" | Service URL: "https://api.spacex.land/graphql" | Content Type: "application/json" | Response Time: "74ms"]. @04-02-2022 01:44:13.0456 AM
[ReportManager] Successfully created attachment [API Request - Specifications] @04-02-2022 01:44:13.0496 AM
[ReportManager] Successfully created attachment [API Request - JSON Body] @04-02-2022 01:44:13.0578 AM
[ReportManager] Successfully created attachment [API Response - JSON Body] @04-02-2022 01:44:13.0579 AM
[ReportManager] API Action [GetResponseJSONValue] successfully performed. With the following test data [data.company.ceo]. @04-02-2022 01:44:13.0592 AM
[ReportManager] Assertion [ValidateEquals] PASSED. Expected [Elon Musk] and Actual [Elon Musk]. Comparison Type [EQUALS]. Validation Type [POSITIVE]. @04-02-2022 01:44:13.0593 A

################################################################################################################################################
Starting Execution:	[138 out of 162] test cases in the current suite
Test Method:		[testPackage01.Test_MatchJsonSchema.checkAPI_ResponseSchema]
################################################################################################################################################
[ReportManager] Response status code: [200], status line: [HTTP/1.1 200 OK] @04-02-2022 01:44:13.0727 AM
[ReportManager] Assertion Passed: Evaluating the actual response status code against the expected one... @04-02-2022 01:44:13.0727 AM
[ReportManager] Assertion [ValidateComparativeRelation] PASSED. Expected [200] and Actual [200]. Comparison Type [EQUALS]. Validation Type [POSITIVE]. @04-02-2022 01:44:13.0727 AM
[ReportManager] API Action [PerformRequest] successfully performed. With the following test data [Request Type: "GET" | Target Status Code: "200" | Service URL: "http://api.zippopotam.us/us/90210" | Content Type: "*/*" | Response Time: "120ms"]. @04-02-2022 01:44:13.0740 AM
[ReportManager] Successfully created attachment [API Request - Specifications] @04-02-2022 01:44:13.0822 AM
[ReportManager] Successfully created attachment [API Response - JSON Body] @04-02-2022 01:44:13.0864 AM
[ReportManager] File Action [GetAbsolutePath] successfully performed. With the following test data [Relative Folder Path: "src/test/resources/testDataFiles/schema.json"]. @04-02-2022 01:44:13.0865 AM
[ReportManager] File Action [GetAbsolutePath] successfully performed. With the following test data [Relative Folder Path: "/Users/runner/work/SHAFT_ENGINE/SHAFT_ENGINE/src/test/resources/testDataFiles/schema.json"]. @04-02-2022 01:44:14.0513 AM
[ReportManager] File Action [ReadFromFile] successfully performed. With the following test data [File Path: "/Users/runner/work/SHAFT_ENGINE/SHAFT_ENGINE/src/test/resources/testDataFiles/schema.json"]. @04-02-2022 01:44:14.0513 AM
[ReportManager] Assertion Passed: Then I Assert that the API response schema matches that in this file [src/test/resources/testDataFiles/schema.json]. @04-02-2022 01:44:14.0515 AM
[ReportManager] Successfully created attachment [Validation Test Data - Expected JSON Value] @04-02-2022 01:44:14.0515 AM
[ReportManager] Successfully created attachment [Validation Test Data - Actual JSON Value] @04-02-2022 01:44:14.0516 AM
[ReportManager] Assertion [ValidateResponseFileSchema] PASSED. Expected [Response data should match the JSON File in this path '/Users/runner/work/SHAFT_ENGINE/SHAFT_ENGINE/src/test/resources/testDataFiles/schema.json'] and Actual [TRUE]. Comparison Type [EQUALS]. Validation Type [POSITIVE]. @04-02-2022 01:44:14.0516 A
[ReportManager] File Action [GetAbsolutePath] successfully performed. With the following test data [Relative Folder Path: "target/downloadedFiles/"]. @04-02-2022 01:44:14.0548 AM
[ReportManager] Attempting to run locally on: [Mac-64], [Safari], Headless Execution. @04-02-2022 01:44:14.0548 AM
[ReportManager] Successfully Opened Safari. @04-02-2022 01:44:15.0439 AM
[ReportManager] Initial window size: (800, 600) @04-02-2022 01:44:15.0465 AM
[ReportManager] Window size after SWD Maximize: (1176, 803) @04-02-2022 01:44:15.0492 AM
[ReportManager] Browser Action [MaximizeWindow] successfully performed. With the following test data [New screen size is now: (1176, 803)]. @04-02-2022 01:44:15.0493 A

################################################################################################################################################
Starting Execution:	[139 out of 162] test cases in the current suite
Test Method:		[testPackage01.Test_dragAndDrop.dragAndDropJquery]
################################################################################################################################################
[ReportManager] Target URL: [https://jqueryui.com/resources/demos/droppable/default.html] @04-02-2022 01:44:15.0576 AM
[ReportManager] Initial URL: [] @04-02-2022 01:44:15.0605 AM
[ReportManager] Browser Action [NavigateToURL] successfully performed. With the following test data [https://jqueryui.com/resources/demos/droppable/default.html]. @04-02-2022 01:44:16.0016 AM
[ReportManager] Element Action [GetText] successfully performed. With the following test data [
	Drop here
]. @04-02-2022 01:44:16.0092 AM
[ReportManager] Element Action [DragAndDrop] successfully performed. With the following test data [Start point: (8, 18), End point: (8, 18)]. @04-02-2022 01:44:17.0173 AM
[ReportManager] Element Action [GetText] successfully performed. With the following test data [
	Dropped!
]. @04-02-2022 01:44:17.0207 AM
[ReportManager] Assertion Passed: Checking to see if the text has changed after performing drag and drop @04-02-2022 01:44:17.0207 AM
[ReportManager] Assertion [ValidateEquals] PASSED. Expected [
	Drop here
] and Actual [
	Dropped!
]. Comparison Type [EQUALS]. Validation Type [NEGATIVE]. @04-02-2022 01:44:17.0207 A
[ReportManager] Browser Action [CloseCurrentWindow] successfully performed. @04-02-2022 01:44:17.0680 AM
[ReportManager] Successfully created attachment [Browser Action Test Data - CloseCurrentWindow - Actual Value] @04-02-2022 01:44:17.0721 A
[ReportManager] File Action [GetAbsolutePath] successfully performed. With the following test data [Relative Folder Path: "target/downloadedFiles/"]. @04-02-2022 01:44:17.0845 AM
[ReportManager] Attempting to run locally on: [Mac-64], [Safari], Headless Execution. @04-02-2022 01:44:17.0845 AM
[ReportManager] Successfully Opened Safari. @04-02-2022 01:44:18.0693 AM
[ReportManager] Initial window size: (800, 600) @04-02-2022 01:44:18.0714 AM
[ReportManager] Window size after SWD Maximize: (1176, 803) @04-02-2022 01:44:18.0728 AM
[ReportManager] Browser Action [MaximizeWindow] successfully performed. With the following test data [New screen size is now: (1176, 803)]. @04-02-2022 01:44:18.0728 A

################################################################################################################################################
Starting Execution:	[140 out of 162] test cases in the current suite
Test Method:		[testPackage01.Test_dragAndDrop.dragAndDrop]
Test Description:	[TC001 - Test Drag and Drop function.]
################################################################################################################################################
[ReportManager] Target URL: [http://the-internet.herokuapp.com/drag_and_drop] @04-02-2022 01:44:18.0855 AM
[ReportManager] Initial URL: [] @04-02-2022 01:44:18.0883 AM
[ReportManager] Browser Action [NavigateToURL] successfully performed. With the following test data [http://the-internet.herokuapp.com/drag_and_drop]. @04-02-2022 01:44:19.0216 AM
[ReportManager] Attempting Drag and Drop @04-02-2022 01:44:19.0216 AM
[ReportManager] Element Action [DragAndDrop] successfully performed. With the following test data [Start point: (120, 89), End point: (335, 89)]. @04-02-2022 01:44:19.0897 A
[ReportManager] Browser Action [CloseCurrentWindow] successfully performed. @04-02-2022 01:44:20.0278 AM
[ReportManager] Successfully created attachment [Browser Action Test Data - CloseCurrentWindow - Actual Value] @04-02-2022 01:44:20.0319 A
[ReportManager] File Action [GetAbsolutePath] successfully performed. With the following test data [Relative Folder Path: "target/downloadedFiles/"]. @04-02-2022 01:44:20.0403 AM
[ReportManager] Attempting to run locally on: [Mac-64], [Safari], Headless Execution. @04-02-2022 01:44:20.0403 AM
[ReportManager] Successfully Opened Safari. @04-02-2022 01:44:21.0210 AM
[ReportManager] Initial window size: (800, 600) @04-02-2022 01:44:21.0227 AM
[ReportManager] Window size after SWD Maximize: (1176, 803) @04-02-2022 01:44:21.0259 AM
[ReportManager] Browser Action [MaximizeWindow] successfully performed. With the following test data [New screen size is now: (1176, 803)]. @04-02-2022 01:44:21.0259 A

################################################################################################################################################
Starting Execution:	[141 out of 162] test cases in the current suite
Test Method:		[testPackage01.Test_dragAndDrop.dragAndDropByOffset]
Test Description:	[TC002 - Test Drag and Drop by offset function.]
################################################################################################################################################
[ReportManager] Target URL: [https://jqueryui.com/resources/demos/draggable/default.html] @04-02-2022 01:44:21.0343 AM
[ReportManager] Initial URL: [] @04-02-2022 01:44:21.0372 AM
[ReportManager] Browser Action [NavigateToURL] successfully performed. With the following test data [https://jqueryui.com/resources/demos/draggable/default.html]. @04-02-2022 01:44:21.0761 AM
[ReportManager] Element Action [DragAndDropByOffset] successfully performed. With the following test data [Start point: (8, 8), End point: (108, 58)]. @04-02-2022 01:44:22.0539 A
[ReportManager] Browser Action [CloseCurrentWindow] successfully performed. @04-02-2022 01:44:22.0934 AM
[ReportManager] Successfully created attachment [Browser Action Test Data - CloseCurrentWindow - Actual Value] @04-02-2022 01:44:22.0974 A
[ReportManager] Successfully loaded the following test data file [src/test/resources/testDataFiles/testSuite01/TestData.xlsx]. @04-02-2022 01:44:23.0054 AM
[ReportManager] Successfully created attachment [Test Data - Excel] @04-02-2022 01:44:23.0055 AM
[ReportManager] File Action [GetAbsolutePath] successfully performed. With the following test data [Relative Folder Path: "target/downloadedFiles/"]. @04-02-2022 01:44:23.0055 AM
[ReportManager] Attempting to run locally on: [Mac-64], [Safari], Headless Execution. @04-02-2022 01:44:23.0055 AM
[ReportManager] Successfully Opened Safari. @04-02-2022 01:44:23.0929 AM
[ReportManager] Initial window size: (800, 600) @04-02-2022 01:44:23.0979 AM
[ReportManager] Window size after SWD Maximize: (1176, 803) @04-02-2022 01:44:24.0021 AM
[ReportManager] Browser Action [MaximizeWindow] successfully performed. With the following test data [New screen size is now: (1176, 803)]. @04-02-2022 01:44:24.0022 A

################################################################################################################################################
Starting Execution:	[142 out of 162] test cases in the current suite
Test Method:		[testPackage01.Test_google.navigateToURLandVerifyGoogleLogoIsDisplayed]
Test Description:	[TC001 - Navigate to URL and Verify Google Logo is Displayed]
################################################################################################################################################
[ReportManager] Target URL: [https://www.google.com/ncr], and after redirection: [https://www.google.com] @04-02-2022 01:44:24.0144 AM
[ReportManager] Initial URL: [] @04-02-2022 01:44:24.0176 AM
[ReportManager] Browser Action [NavigateToURL] successfully performed. With the following test data [https://www.google.com/ncr]. @04-02-2022 01:44:25.0183 AM
[ReportManager] Assertion Passed: Then I Assert that the element found by [By.xpath: //*[@id='hplogo' or @alt='Google']] exists. @04-02-2022 01:44:25.0623 AM
[ReportManager] Successfully created attachment [Screenshot - 1643939065333_navigateToURLandVerifyGoogleLogoIsDisplayed_ValidateElementExists_passed] @04-02-2022 01:44:25.0744 AM
[ReportManager] Assertion [ValidateElementExists] PASSED. Expected [Element Should Exist, locator 'By.xpath: //*[@id='hplogo' or @alt='Google']'] and Actual [Element Exists]. Comparison Type [EQUALS]. Validation Type [POSITIVE]. @04-02-2022 01:44:25.0744 A

################################################################################################################################################
Starting Execution:	[143 out of 162] test cases in the current suite
Test Method:		[testPackage01.Test_google.searchForQueryandAssertResultsNumDisplayed]
Test Description:	[TC002 - Search for Query and Assert that the number of results is displayed]
################################################################################################################################################
[ReportManager] Element Action [Type] successfully performed. With the following test data [SHAFT_Engine]. @04-02-2022 01:44:26.0331 AM
[ReportManager] Element Action [KeyPress] successfully performed. With the following test data [Enter]. @04-02-2022 01:44:26.0388 AM
[ReportManager] Element Action [GetText] successfully performed. With the following test data [About 880,000 results (0.36 seconds)Quick SettingsSee all settingsPrivacySearch historyYour data in SearchUsing SearchExplicit results filterLearn more about SafeSearchHide explicit resultsLanguagesEnglishAdvanced searchAppearanceLight themeDark themeDevice defaultSupportSearch help]. @04-02-2022 01:44:27.0715 AM
[ReportManager] Assertion Passed: Then I Assert that the element found by [By.id: appbar] text does not equal []. @04-02-2022 01:44:29.0286 AM
[ReportManager] Successfully created attachment [Screenshot - 1643939069085_searchForQueryandAssertResultsNumDisplayed_ValidateElementAttribute_passed] @04-02-2022 01:44:29.0371 AM
[ReportManager] Assertion [ValidateElementAttribute] PASSED. Expected [Value Should not be '' for the 'text' attribute, element locator 'By.id: appbar'] and Actual [About 880,000 results (0.36 seconds)Quick SettingsSee all settingsPrivacySearch historyYour data in SearchUsing SearchExplicit results filterLearn more about SafeSearchHide explicit resultsLanguagesEnglishAdvanced searchAppearanceLight themeDark themeDevice defaultSupportSearch help]. Comparison Type [EQUALS]. Validation Type [NEGATIVE]. @04-02-2022 01:44:29.0371 A

################################################################################################################################################
Starting Execution:	[144 out of 162] test cases in the current suite
Test Method:		[testPackage01.Test_google.clickNextThrice]
Test Description:	[TC003 - Clicks the next button to make sure that the framework can scroll element into view before clicking it]
################################################################################################################################################
[ReportManager] Element Action [Click] successfully performed. With the following test data [By.xpath: //span[text()='Next']]. @04-02-2022 01:44:29.0695 A
[ReportManager] Successfully Closed All Drivers. @04-02-2022 01:44:30.0044 A
[ReportManager] File Action [GetAbsolutePath] successfully performed. With the following test data [Relative Folder Path: "target/downloadedFiles/"]. @04-02-2022 01:44:30.0128 AM
[ReportManager] Attempting to run locally on: [Mac-64], [Safari], Headless Execution. @04-02-2022 01:44:30.0128 AM
[ReportManager] Successfully Opened Safari. @04-02-2022 01:44:31.0006 AM
[ReportManager] Initial window size: (800, 600) @04-02-2022 01:44:31.0030 AM
[ReportManager] Window size after SWD Maximize: (1176, 803) @04-02-2022 01:44:31.0060 AM
[ReportManager] Browser Action [MaximizeWindow] successfully performed. With the following test data [New screen size is now: (1176, 803)]. @04-02-2022 01:44:31.0060 A

################################################################################################################################################
Starting Execution:	[145 out of 162] test cases in the current suite
Test Method:		[testPackage01.Test_chainableElementActions.chainElementActions]
################################################################################################################################################
[ReportManager] Target URL: [https://www.google.com/ncr], and after redirection: [https://www.google.com] @04-02-2022 01:44:31.0144 AM
[ReportManager] Initial URL: [] @04-02-2022 01:44:31.0174 AM
[ReportManager] Browser Action [NavigateToURL] successfully performed. With the following test data [https://www.google.com/ncr]. @04-02-2022 01:44:32.0435 AM
[ReportManager] Element Action [Type] successfully performed. With the following test data [chained type 1]. @04-02-2022 01:44:33.0146 AM
[ReportManager] Element Action [Type] successfully performed. With the following test data [chained type 2]. @04-02-2022 01:44:33.0669 AM
[ReportManager] Element Action [TypeAppend] successfully performed. With the following test data [345]. @04-02-2022 01:44:33.0752 AM
[ReportManager] Element Action [GetText] successfully performed. With the following test data [chained type 2345]. @04-02-2022 01:44:33.0874 AM
[ReportManager] Assertion Passed: Then I Assert that the element found by [By.name: q] text is equal to [chained type 2345]. @04-02-2022 01:44:34.0200 AM
[ReportManager] Successfully created attachment [Screenshot - 1643939074010_chainElementActions_ValidateElementAttribute_passed] @04-02-2022 01:44:34.0282 AM
[ReportManager] Assertion [ValidateElementAttribute] PASSED. Expected [Value Should be 'chained type 2345' for the 'text' attribute, element locator 'By.name: q'] and Actual [chained type 2345]. Comparison Type [EQUALS]. Validation Type [POSITIVE]. @04-02-2022 01:44:34.0282 A
[ReportManager] Successfully Closed All Drivers. @04-02-2022 01:44:34.0626 A
[ReportManager] File Action [GetAbsolutePath] successfully performed. With the following test data [Relative Folder Path: "target/downloadedFiles/"]. @04-02-2022 01:44:34.0789 AM
[ReportManager] Attempting to run locally on: [Mac-64], [Safari], Headless Execution. @04-02-2022 01:44:34.0789 AM
[ReportManager] An Exception Occured with this Message: Could not start a new session. Possible causes are invalid address of the remote server or browser start-up failure.. @04-02-2022 01:44:35.0100 AM
[ReportManager] Successfully created attachment [Exception Stack Trace - org.openqa.selenium.SessionNotCreatedException] @04-02-2022 01:44:35.0141 AM
[ReportManager] Driver Factory Action [createNewLocalDriverInstanceForSafari] failed. With the following test data [Failed to create a session on DESKTOP_SAFARI]. @04-02-2022 01:44:35.0142 A

################################################################################################################################################
Starting Execution:	[146 out of 162] test cases in the current suite
Test Method:		[testPackage01.Test_RelativeLocators.relativeLocatorsTest1]
###############################################################################################################################################


################################################################################################################################################
Starting Execution:	[147 out of 162] test cases in the current suite
Test Method:		[testPackage01.Test_JsonCompareWithSpecialCharacters.specialCharacters]
################################################################################################################################################
[ReportManager] File Action [GetAbsolutePath] successfully performed. With the following test data [Relative Folder Path: "src/test/resources/testDataFiles/specialCharacters.json"]. @04-02-2022 01:44:35.0559 AM
[ReportManager] File Action [ReadFromFile] successfully performed. With the following test data [File Path: "/Users/runner/work/SHAFT_ENGINE/SHAFT_ENGINE/src/test/resources/testDataFiles/specialCharacters.json"]. @04-02-2022 01:44:35.0560 AM
[ReportManager] Successfully created attachment [File Action Actual Result - Command Log] @04-02-2022 01:44:35.0641 AM
[ReportManager] Comparing the provided API response with the file at this path "src/test/resources/testDataFiles/specialCharacters.json", comparison type "EQUALS" @04-02-2022 01:44:35.0644 AM
[ReportManager] API Action [CompareJSON] successfully performed. With the following test data [src/test/resources/testDataFiles/specialCharacters.json]. @04-02-2022 01:44:35.0651 AM
[ReportManager] File Action [GetAbsolutePath] successfully performed. With the following test data [Relative Folder Path: "src/test/resources/testDataFiles/specialCharacters.json"]. @04-02-2022 01:44:35.0651 AM
[ReportManager] File Action [ReadFromFile] successfully performed. With the following test data [File Path: "/Users/runner/work/SHAFT_ENGINE/SHAFT_ENGINE/src/test/resources/testDataFiles/specialCharacters.json"]. @04-02-2022 01:44:35.0651 AM
[ReportManager] Verification [ValidateJSONFileContent] PASSED. Expected [Response data should match the JSON File in this path 'src/test/resources/testDataFiles/specialCharacters.json'] and Actual [TRUE]. Comparison Type [EQUALS]. Validation Type [POSITIVE]. @04-02-2022 01:44:35.0656 AM
[ReportManager] Successfully created attachment [Validation Test Data - Expected JSON Value] @04-02-2022 01:44:35.0737 AM
[ReportManager] Successfully created attachment [Validation Test Data - Actual JSON Value] @04-02-2022 01:44:35.0778 A

################################################################################################################################################
Starting Execution:	[148 out of 162] test cases in the current suite
Test Method:		[testPackage01.Test_JsonCompareWithSpecialCharacters.specialCharacters_assertion]
################################################################################################################################################
[ReportManager] File Action [GetAbsolutePath] successfully performed. With the following test data [Relative Folder Path: "src/test/resources/testDataFiles/specialCharacters.json"]. @04-02-2022 01:44:35.0904 AM
[ReportManager] File Action [ReadFromFile] successfully performed. With the following test data [File Path: "/Users/runner/work/SHAFT_ENGINE/SHAFT_ENGINE/src/test/resources/testDataFiles/specialCharacters.json"]. @04-02-2022 01:44:35.0905 AM
[ReportManager] Successfully created attachment [File Action Actual Result - Command Log] @04-02-2022 01:44:35.0986 AM
[ReportManager] Comparing the provided API response with the file at this path "src/test/resources/testDataFiles/specialCharacters.json", comparison type "CONTAINS" @04-02-2022 01:44:35.0986 AM
[ReportManager] API Action [CompareJSON] successfully performed. With the following test data [src/test/resources/testDataFiles/specialCharacters.json]. @04-02-2022 01:44:35.0997 AM
[ReportManager] File Action [GetAbsolutePath] successfully performed. With the following test data [Relative Folder Path: "src/test/resources/testDataFiles/specialCharacters.json"]. @04-02-2022 01:44:35.0998 AM
[ReportManager] File Action [ReadFromFile] successfully performed. With the following test data [File Path: "/Users/runner/work/SHAFT_ENGINE/SHAFT_ENGINE/src/test/resources/testDataFiles/specialCharacters.json"]. @04-02-2022 01:44:35.0998 AM
[ReportManager] Assertion Passed: trying out the log message @04-02-2022 01:44:36.0002 AM
[ReportManager] Successfully created attachment [Validation Test Data - Expected JSON Value] @04-02-2022 01:44:36.0085 AM
[ReportManager] Successfully created attachment [Validation Test Data - Actual JSON Value] @04-02-2022 01:44:36.0126 AM
[ReportManager] Assertion [ValidateJSONFileContent] PASSED. Expected [Response data should match the JSON File in this path 'src/test/resources/testDataFiles/specialCharacters.json'] and Actual [TRUE]. Comparison Type [CONTAINS]. Validation Type [POSITIVE]. @04-02-2022 01:44:36.0126 A

################################################################################################################################################
Starting Execution:	[149 out of 162] test cases in the current suite
Test Method:		[testPackage01.Test_SkipDueToIssue.doNotSkip]
################################################################################################################################################
[ReportManager] This should not be skipped. @04-02-2022 01:44:36.0292 A

################################################################################################################################################
Starting Execution:	[150 out of 162] test cases in the current suite
Test Method:		[testPackage01.Test_SkipDueToIssue.skip]
################################################################################################################################################
[ReportManager] This should be skipped. @04-02-2022 01:44:36.0420 A

################################################################################################################################################
Starting Execution:	[151 out of 162] test cases in the current suite
Test Method:		[testPackage01.Test_SkipDueToIssue.skip2]
################################################################################################################################################
[ReportManager] This should be skipped. @04-02-2022 01:44:36.0547 A

################################################################################################################################################
Starting Execution:	[152 out of 162] test cases in the current suite
Test Method:		[testPackage01.Test_JSONFileManager.readStringFromJson]
################################################################################################################################################
[ReportManager] File Action [GetAbsolutePath] successfully performed. With the following test data [Relative Folder Path: "src/test/resources/testDataFiles/simpleJSON.json"]. @04-02-2022 01:44:36.0714 AM
[ReportManager] Successfully loaded the following test data file [src/test/resources/testDataFiles/simpleJSON.json]. @04-02-2022 01:44:36.0715 AM
[ReportManager] Successfully created attachment [Test Data - JSON] @04-02-2022 01:44:36.0756 AM
[ReportManager] File Action [GetAbsolutePath] successfully performed. With the following test data [Relative Folder Path: "src/test/resources/testDataFiles/simpleJSON.json"]. @04-02-2022 01:44:36.0757 AM
[ReportManager] Assertion [ValidateEquals] PASSED. Expected [Mohab Mohie] and Actual [Mohab Mohie]. Comparison Type [EQUALS]. Validation Type [POSITIVE]. @04-02-2022 01:44:36.0770 A
[ReportManager] File Action [GetAbsolutePath] successfully performed. With the following test data [Relative Folder Path: "target/downloadedFiles/"]. @04-02-2022 01:44:36.0935 AM
[ReportManager] Attempting to run locally on: [Mac-64], [Safari], Headless Execution. @04-02-2022 01:44:36.0936 AM
[ReportManager] Successfully Opened Safari. @04-02-2022 01:44:37.0805 AM
[ReportManager] Initial window size: (800, 600) @04-02-2022 01:44:37.0822 AM
[ReportManager] Window size after SWD Maximize: (1176, 803) @04-02-2022 01:44:37.0851 AM
[ReportManager] Browser Action [MaximizeWindow] successfully performed. With the following test data [New screen size is now: (1176, 803)]. @04-02-2022 01:44:37.0852 A

################################################################################################################################################
Starting Execution:	[153 out of 162] test cases in the current suite
Test Method:		[testPackage01.Test_assertEquals.test_assertElementAttribute]
################################################################################################################################################
[ReportManager] Target URL: [https://www.google.com/ncr], and after redirection: [https://www.google.com] @04-02-2022 01:44:37.0977 AM
[ReportManager] Initial URL: [] @04-02-2022 01:44:38.0009 AM
[ReportManager] Browser Action [NavigateToURL] successfully performed. With the following test data [https://www.google.com/ncr]. @04-02-2022 01:44:39.0289 AM
[ReportManager] Element Action [Type] successfully performed. With the following test data [INC_004010050:Another SCHEDULER with the same name [Duplicate Job Name] already exists.]. @04-02-2022 01:44:41.0237 AM
[ReportManager] Element Action [GetText] successfully performed. With the following test data [INC_004010050:Another SCHEDULER with the same name [Duplicate Job Name] already exists.]. @04-02-2022 01:44:41.0317 AM
[ReportManager] Assertion [ValidateElementAttribute] PASSED. Expected [Value Should be 'INC_004010050:Another SCHEDULER with the same name \[Duplicate Job Name\] already exists.' for the 'text' attribute, element locator 'By.name: q'] and Actual [INC_004010050:Another SCHEDULER with the same name [Duplicate Job Name] already exists.]. Comparison Type [MATCHES]. Validation Type [POSITIVE]. @04-02-2022 01:44:41.0550 AM
[ReportManager] Successfully created attachment [Screenshot - 1643939081446_test_assertElementAttribute_ValidateElementAttribute_passed] @04-02-2022 01:44:41.0589 A
[ReportManager] Browser Action [CloseCurrentWindow] successfully performed. @04-02-2022 01:44:41.0921 AM
[ReportManager] Successfully created attachment [Browser Action Test Data - CloseCurrentWindow - Actual Value] @04-02-2022 01:44:41.0962 A
[ReportManager] File Action [GetAbsolutePath] successfully performed. With the following test data [Relative Folder Path: "target/downloadedFiles/"]. @04-02-2022 01:44:42.0004 AM
[ReportManager] Attempting to run locally on: [Mac-64], [Safari], Headless Execution. @04-02-2022 01:44:42.0005 AM
[ReportManager] Successfully Opened Safari. @04-02-2022 01:44:43.0015 AM
[ReportManager] Initial window size: (800, 600) @04-02-2022 01:44:43.0035 AM
[ReportManager] Window size after SWD Maximize: (1176, 803) @04-02-2022 01:44:43.0072 AM
[ReportManager] Browser Action [MaximizeWindow] successfully performed. With the following test data [New screen size is now: (1176, 803)]. @04-02-2022 01:44:43.0072 A

################################################################################################################################################
Starting Execution:	[154 out of 162] test cases in the current suite
Test Method:		[testPackage01.Test_IsElementClickable.testIsElementClickable]
################################################################################################################################################
[ReportManager] Target URL: [https://the-internet.herokuapp.com/] @04-02-2022 01:44:43.0197 AM
[ReportManager] Initial URL: [] @04-02-2022 01:44:43.0232 AM
[ReportManager] Browser Action [NavigateToURL] successfully performed. With the following test data [https://the-internet.herokuapp.com/]. @04-02-2022 01:44:43.0869 AM
[ReportManager] Element Action [IsElementClickable] successfully performed. @04-02-2022 01:44:43.0939 AM
[ReportManager] Assertion [ValidateTrue] PASSED. Expected [TRUE] and Actual [TRUE]. Validation Type [POSITIVE]. @04-02-2022 01:44:43.0939 A
[ReportManager] Browser Action [CloseCurrentWindow] successfully performed. @04-02-2022 01:44:44.0430 AM
[ReportManager] Successfully created attachment [Browser Action Test Data - CloseCurrentWindow - Actual Value] @04-02-2022 01:44:44.0471 A
[ReportManager] Successfully loaded the following test data file [src/test/resources/testDataFiles/testSuite01/TestData.xlsx]. @04-02-2022 01:44:44.0702 AM
[ReportManager] Successfully created attachment [Test Data - Excel] @04-02-2022 01:44:44.0743 AM
[ReportManager] Attempting to run using Playwright locally on: [Mac-64], [Safari], Headless Execution. @04-02-2022 01:47:12.0735 AM
[ReportManager] File Action [GetAbsolutePath] successfully performed. With the following test data [Relative Folder Path: "target/downloadedFiles/"]. @04-02-2022 01:47:12.0736 AM
[ReportManager] Initial window size: (1280, 720) @04-02-2022 01:47:17.0951 AM
[ReportManager] Window size after Toolkit: com.microsoft.playwright.options.ViewportSize@3049f3f6 @04-02-2022 01:47:17.0963 AM
[ReportManager] Browser Action [MaximizeWindow] successfully performed. With the following test data [New screen size is now: (1920, 1080)]. @04-02-2022 01:47:17.0964 A

################################################################################################################################################
Starting Execution:	[155 out of 162] test cases in the current suite
Test Method:		[testPackage01.Test_google_playwright.navigateToURLandVerifyGoogleLogoIsDisplayed]
Test Description:	[TC001 - Navigate to URL and Verify Google Logo is Displayed]
################################################################################################################################################
[ReportManager] Target URL: [https://www.google.com/ncr], and after redirection: [https://www.google.com] @04-02-2022 01:47:18.0103 AM
[ReportManager] Initial URL: [about:blank] @04-02-2022 01:47:18.0561 AM
[ReportManager] Browser Action [NavigateToURL] successfully performed. With the following test data [https://www.google.com/ncr]. @04-02-2022 01:47:20.0160 AM
[ReportManager] Assertion [ValidateElementExists] PASSED. Expected [Element Should Exist, locator 'xpath=//*[@id='hplogo' or @alt='Google']'] and Actual [Element Exists]. Comparison Type [EQUALS]. Validation Type [POSITIVE]. @04-02-2022 01:47:20.0428 AM
[ReportManager] Successfully created attachment [Screenshot - 1643939240307_navigateToURLandVerifyGoogleLogoIsDisplayed_ValidateElementExists_passed] @04-02-2022 01:47:20.0429 A

################################################################################################################################################
Starting Execution:	[156 out of 162] test cases in the current suite
Test Method:		[testPackage01.Test_google_playwright.searchForQueryandAssertResultsNumDisplayed]
Test Description:	[TC002 - Search for Query and Assert that the number of results is displayed]
################################################################################################################################################
[ReportManager] Element Action [Type] successfully performed. With the following test data [SHAFT_Engine]. @04-02-2022 01:47:20.0954 AM
[ReportManager] Element Action [KeyPress] successfully performed. With the following test data [Enter]. @04-02-2022 01:47:21.0017 AM
[ReportManager] Element Action [GetText] successfully performed. With the following test data [About 880,000 results (0.39 seconds)
]. @04-02-2022 01:47:22.0613 AM
[ReportManager] Assertion [ValidateElementAttribute] PASSED. Expected [Value Should not be '' for the 'text' attribute, element locator 'xpath=//div[@id='appbar']'] and Actual [About 880,000 results (0.39 seconds)
]. Comparison Type [EQUALS]. Validation Type [NEGATIVE]. @04-02-2022 01:47:23.0586 AM
[ReportManager] Successfully created attachment [Screenshot - 1643939243445_searchForQueryandAssertResultsNumDisplayed_ValidateElementAttribute_passed] @04-02-2022 01:47:23.0588 A

################################################################################################################################################
Starting Execution:	[157 out of 162] test cases in the current suite
Test Method:		[testPackage01.Test_google_playwright.clickNextThrice]
Test Description:	[TC003 - Clicks the next button to make sure that the framework can scroll element into view before clicking it]
################################################################################################################################################
[ReportManager] Element Action [Click] successfully performed. With the following test data [Next]. @04-02-2022 01:47:23.0863 A
[ReportManager] Failed to find video recording. @04-02-2022 01:47:23.0865 AM
[ReportManager] Successfully Closed PlayWright Driver. @04-02-2022 01:47:23.0913 A
[ReportManager] File Action [GetAbsolutePath] successfully performed. With the following test data [Relative Folder Path: "target/downloadedFiles/"]. @04-02-2022 01:47:23.0914 AM
[ReportManager] Attempting to run locally on: [Mac-64], [Safari], Headless Execution. @04-02-2022 01:47:23.0914 AM
[ReportManager] Successfully Opened Safari. @04-02-2022 01:47:24.0755 AM
[ReportManager] Initial window size: (800, 600) @04-02-2022 01:47:24.0783 AM
[ReportManager] Window size after SWD Maximize: (1176, 803) @04-02-2022 01:47:24.0803 AM
[ReportManager] Browser Action [MaximizeWindow] successfully performed. With the following test data [New screen size is now: (1176, 803)]. @04-02-2022 01:47:24.0803 A

################################################################################################################################################
Starting Execution:	[158 out of 162] test cases in the current suite
Test Method:		[testPackage01.Test_verifyEquals.test_assertElementAttribute]
################################################################################################################################################
[ReportManager] Target URL: [https://www.google.com/ncr], and after redirection: [https://www.google.com] @04-02-2022 01:47:24.0806 AM
[ReportManager] Initial URL: [] @04-02-2022 01:47:24.0855 AM
[ReportManager] Browser Action [NavigateToURL] successfully performed. With the following test data [https://www.google.com/ncr]. @04-02-2022 01:47:26.0174 AM
[ReportManager] Element Action [Type] successfully performed. With the following test data [INC_004010050:Another SCHEDULER with the same name [Duplicate Job Name] already exists.]. @04-02-2022 01:47:27.0520 AM
[ReportManager] Element Action [GetText] successfully performed. With the following test data [INC_004010050:Another SCHEDULER with the same name [Duplicate Job Name] already exists.]. @04-02-2022 01:47:27.0583 AM
[ReportManager] Verification [ValidateElementAttribute] PASSED. Expected [Value Should be 'INC_004010050:Another SCHEDULER with the same name \[Duplicate Job Name\] already exists.' for the 'text' attribute, element locator 'By.name: q'] and Actual [INC_004010050:Another SCHEDULER with the same name [Duplicate Job Name] already exists.]. Comparison Type [MATCHES]. Validation Type [POSITIVE]. @04-02-2022 01:47:27.0750 AM
[ReportManager] Successfully created attachment [Screenshot - 1643939247685_test_assertElementAttribute_ValidateElementAttribute_passed] @04-02-2022 01:47:27.0751 A
[ReportManager] Browser Action [CloseCurrentWindow] successfully performed. @04-02-2022 01:47:28.0108 AM
[ReportManager] Successfully created attachment [Browser Action Test Data - CloseCurrentWindow - Actual Value] @04-02-2022 01:47:28.0108 A

################################################################################################################################################
Starting Execution:	[159 out of 162] test cases in the current suite
Test Method:		[testPackage01.Test_SelectedValue.multipleSelect]
################################################################################################################################################
[ReportManager] File Action [GetAbsolutePath] successfully performed. With the following test data [Relative Folder Path: "target/downloadedFiles/"]. @04-02-2022 01:47:28.0111 AM
[ReportManager] Attempting to run locally on: [Mac-64], [GoogleChrome], Headless Execution. @04-02-2022 01:47:28.0113 AM
[ReportManager] Identifying OS/Driver combination and selecting the correct driver version automatically. Please note that if a new driver executable will be downloaded it may take some time... @04-02-2022 01:47:28.0113 AM
[ReportManager] Successfully Opened Google Chrome. @04-02-2022 01:47:30.0857 AM
[ReportManager] Initial window size: (1920, 1080) @04-02-2022 01:47:30.0861 AM
[ReportManager] Window size after SWD Maximize: (1920, 1080) @04-02-2022 01:47:31.0070 AM
[ReportManager] Window size after Toolkit: (1920, 1080) @04-02-2022 01:47:31.0770 AM
[ReportManager] Browser Action [MaximizeWindow] successfully performed. With the following test data [New screen size is now: (1920, 1080)]. @04-02-2022 01:47:31.0773 AM
[ReportManager] Target URL: [https://yari-demos.prod.mdn.mozit.cloud/en-US/docs/Web/HTML/Element/select/_sample_.Advanced_select_with_multiple_features.html] @04-02-2022 01:47:31.0773 AM
[ReportManager] Initial URL: [data:,] @04-02-2022 01:47:31.0803 AM
[ReportManager] Browser Action [NavigateToURL] successfully performed. With the following test data [https://yari-demos.prod.mdn.mozit.cloud/en-US/docs/Web/HTML/Element/select/_sample_.Advanced_select_with_multiple_features.html]. @04-02-2022 01:47:32.0258 AM
[ReportManager] Element Action [Select] successfully performed. With the following test data [Dog]. @04-02-2022 01:47:32.0477 AM
[ReportManager] Element Action [Select] successfully performed. With the following test data [Cat]. @04-02-2022 01:47:32.0651 AM
[ReportManager] Element Action [GetSelectedText] successfully performed. With the following test data [DogCat]. @04-02-2022 01:47:32.0773 AM
[ReportManager] DogCat @04-02-2022 01:47:32.0773 AM
[ReportManager] Element Action [GetSelectedText] successfully performed. With the following test data [DogCat]. @04-02-2022 01:47:32.0865 AM
[ReportManager] Assertion [ValidateElementAttribute] PASSED. Expected [Value Should be 'DogCat' for the 'selectedText' attribute, element locator 'By.tagName: select'] and Actual [DogCat]. Comparison Type [EQUALS]. Validation Type [POSITIVE]. @04-02-2022 01:47:33.0460 AM
[ReportManager] Successfully created attachment [Screenshot - 1643939253355_multipleSelect_ValidateElementAttribute_passed] @04-02-2022 01:47:33.0460 AM
[ReportManager] Browser Action [CloseCurrentWindow] successfully performed. @04-02-2022 01:47:33.0715 AM
[ReportManager] Successfully created attachment [Browser Action Test Data - CloseCurrentWindow - Actual Value] @04-02-2022 01:47:33.0716 A

################################################################################################################################################
Starting Execution:	[160 out of 162] test cases in the current suite
Test Method:		[testPackage01.Test_SelectedValue.simpleSelect]
################################################################################################################################################
[ReportManager] File Action [GetAbsolutePath] successfully performed. With the following test data [Relative Folder Path: "target/downloadedFiles/"]. @04-02-2022 01:47:33.0722 AM
[ReportManager] Attempting to run locally on: [Mac-64], [GoogleChrome], Headless Execution. @04-02-2022 01:47:33.0722 AM
[ReportManager] Identifying OS/Driver combination and selecting the correct driver version automatically. Please note that if a new driver executable will be downloaded it may take some time... @04-02-2022 01:47:33.0723 AM
[ReportManager] Successfully Opened Google Chrome. @04-02-2022 01:47:34.0302 AM
[ReportManager] Initial window size: (1920, 1080) @04-02-2022 01:47:34.0305 AM
[ReportManager] Window size after SWD Maximize: (1920, 1080) @04-02-2022 01:47:34.0434 AM
[ReportManager] Window size after Toolkit: (1920, 1080) @04-02-2022 01:47:34.0863 AM
[ReportManager] Browser Action [MaximizeWindow] successfully performed. With the following test data [New screen size is now: (1920, 1080)]. @04-02-2022 01:47:34.0866 AM
[ReportManager] Target URL: [https://yari-demos.prod.mdn.mozit.cloud/en-US/docs/Web/HTML/Element/select/_sample_.Basic_select.html] @04-02-2022 01:47:34.0866 AM
[ReportManager] Initial URL: [data:,] @04-02-2022 01:47:34.0897 AM
[ReportManager] Browser Action [NavigateToURL] successfully performed. With the following test data [https://yari-demos.prod.mdn.mozit.cloud/en-US/docs/Web/HTML/Element/select/_sample_.Basic_select.html]. @04-02-2022 01:47:35.0259 AM
[ReportManager] Element Action [Select] successfully performed. With the following test data [Third Value]. @04-02-2022 01:47:35.0513 AM
[ReportManager] Element Action [GetSelectedText] successfully performed. With the following test data [Third Value]. @04-02-2022 01:47:35.0609 AM
[ReportManager] Third Value @04-02-2022 01:47:35.0609 AM
[ReportManager] Element Action [GetSelectedText] successfully performed. With the following test data [Third Value]. @04-02-2022 01:47:35.0687 AM
[ReportManager] Assertion [ValidateElementAttribute] PASSED. Expected [Value Should be 'Third Value' for the 'selectedText' attribute, element locator 'By.tagName: select'] and Actual [Third Value]. Comparison Type [EQUALS]. Validation Type [POSITIVE]. @04-02-2022 01:47:36.0124 AM
[ReportManager] Successfully created attachment [Screenshot - 1643939256017_simpleSelect_ValidateElementAttribute_passed] @04-02-2022 01:47:36.0124 AM
[ReportManager] Browser Action [CloseCurrentWindow] successfully performed. @04-02-2022 01:47:36.0371 AM
[ReportManager] Successfully created attachment [Browser Action Test Data - CloseCurrentWindow - Actual Value] @04-02-2022 01:47:36.0372 A
[ReportManager] File Action [GetAbsolutePath] successfully performed. With the following test data [Relative Folder Path: "target/downloadedFiles/"]. @04-02-2022 01:47:36.0374 AM
[ReportManager] Attempting to run locally on: [Mac-64], [Safari], Headless Execution. @04-02-2022 01:47:36.0374 AM
[ReportManager] Successfully Opened Safari. @04-02-2022 01:47:37.0223 AM
[ReportManager] Initial window size: (800, 600) @04-02-2022 01:47:37.0248 AM
[ReportManager] Window size after SWD Maximize: (1176, 803) @04-02-2022 01:47:37.0261 AM
[ReportManager] Browser Action [MaximizeWindow] successfully performed. With the following test data [New screen size is now: (1176, 803)]. @04-02-2022 01:47:37.0261 A

################################################################################################################################################
Starting Execution:	[161 out of 162] test cases in the current suite
Test Method:		[testPackage01.Test_dynamicLoading.dynamicLoading_elementIsHidden]
################################################################################################################################################
[ReportManager] Target URL: [https://the-internet.herokuapp.com/dynamic_loading/1] @04-02-2022 01:47:37.0264 AM
[ReportManager] Initial URL: [] @04-02-2022 01:47:37.0324 AM
[ReportManager] Browser Action [NavigateToURL] successfully performed. With the following test data [https://the-internet.herokuapp.com/dynamic_loading/1]. @04-02-2022 01:47:37.0787 AM
[ReportManager] Element Action [Click] successfully performed. With the following test data [By.xpath: //button[text()='Start']]. @04-02-2022 01:47:38.0069 AM
[ReportManager] Element Action [GetText] successfully performed. With the following test data [
    Hello World!
  ]. @04-02-2022 01:47:38.0113 A
[ReportManager] Browser Action [CloseCurrentWindow] successfully performed. @04-02-2022 01:47:38.0583 AM
[ReportManager] Successfully created attachment [Browser Action Test Data - CloseCurrentWindow - Actual Value] @04-02-2022 01:47:38.0583 A
[ReportManager] File Action [GetAbsolutePath] successfully performed. With the following test data [Relative Folder Path: "target/downloadedFiles/"]. @04-02-2022 01:47:38.0585 AM
[ReportManager] Attempting to run locally on: [Mac-64], [Safari], Headless Execution. @04-02-2022 01:47:38.0585 AM
[ReportManager] Successfully Opened Safari. @04-02-2022 01:47:39.0402 AM
[ReportManager] Initial window size: (800, 600) @04-02-2022 01:47:39.0417 AM
[ReportManager] Window size after SWD Maximize: (1176, 803) @04-02-2022 01:47:39.0430 AM
[ReportManager] Browser Action [MaximizeWindow] successfully performed. With the following test data [New screen size is now: (1176, 803)]. @04-02-2022 01:47:39.0431 A

################################################################################################################################################
Starting Execution:	[162 out of 162] test cases in the current suite
Test Method:		[testPackage01.Test_dynamicLoading.dynamicLoading_elementIsRendered]
################################################################################################################################################
[ReportManager] Target URL: [https://the-internet.herokuapp.com/dynamic_loading/2] @04-02-2022 01:47:39.0434 AM
[ReportManager] Initial URL: [] @04-02-2022 01:47:39.0487 AM
[ReportManager] Browser Action [NavigateToURL] successfully performed. With the following test data [https://the-internet.herokuapp.com/dynamic_loading/2]. @04-02-2022 01:47:39.0927 AM
[ReportManager] Element Action [Click] successfully performed. With the following test data [By.xpath: //button[text()='Start']]. @04-02-2022 01:47:40.0180 AM
[ReportManager] Element Action [GetText] successfully performed. With the following test data [Hello World!]. @04-02-2022 01:47:45.0847 AM
[ReportManager] Assertion [ValidateElementAttribute] PASSED. Expected [Value Should be 'Hello World!' for the 'text' attribute, element locator 'By.id: finish'] and Actual [Hello World!]. Comparison Type [CONTAINS]. Validation Type [POSITIVE]. @04-02-2022 01:47:45.0987 AM
[ReportManager] Successfully created attachment [Screenshot - 1643939265926_dynamicLoading_elementIsRendered_ValidateElementAttribute_passed] @04-02-2022 01:47:45.0988 A
[ReportManager] Browser Action [CloseCurrentWindow] successfully performed. @04-02-2022 01:47:46.0304 AM
[ReportManager] Successfully created attachment [Browser Action Test Data - CloseCurrentWindow - Actual Value] @04-02-2022 01:47:46.0305 A
[ReportManager] Successfully created attachment [SHAFT Engine Logs - Execution log] @04-02-2022 01:47:46.0361 AM

################################################################################################################################################
This test run was powered by SHAFT Engine Version: [SHAFT Engine v6.1.20220113]
SHAFT Engine is licensed under the MIT License: [https://github.com/MohabMohie/SHAFT_ENGINE/blob/master/LICENSE].
################################################################################################################################################