################################################################################################################################################
Detected SHAFT Engine Version: [SHAFT Engine v5.4.20211025-BETA]
################################################################################################################################################

################################################################################################################################################
Starting Execution:	[1 out of 143] test cases in the current suite
Test Method:		[unitTests.tests_validations_assertions.assertComparativeRelation_greaterThanOrEquals_false_equals_expectedToFail]
################################################################################################################################################
[ReportManager] Assertion [ValidateComparativeRelation] FAILED. Expected [1] and Actual [1]. Comparison Type [GREATER_THAN_OR_EQUALS]. Validation Type [NEGATIVE]. @26-10-2021 18:42:52.0054 P

################################################################################################################################################
Starting Execution:	[2 out of 143] test cases in the current suite
Test Method:		[unitTests.tests_validations_assertions.assertComparativeRelation_greaterThanOrEquals_false_equals_expectedToPass]
################################################################################################################################################
[ReportManager] Assertion [ValidateComparativeRelation] PASSED. Expected [2] and Actual [1]. Comparison Type [GREATER_THAN_OR_EQUALS]. Validation Type [NEGATIVE]. @26-10-2021 18:42:52.0173 P

################################################################################################################################################
Starting Execution:	[3 out of 143] test cases in the current suite
Test Method:		[unitTests.tests_validations_assertions.assertComparativeRelation_greaterThanOrEquals_false_greaterThan_expectedToFail]
################################################################################################################################################
[ReportManager] Assertion [ValidateComparativeRelation] FAILED. Expected [1] and Actual [2]. Comparison Type [GREATER_THAN_OR_EQUALS]. Validation Type [NEGATIVE]. @26-10-2021 18:42:52.0182 P

################################################################################################################################################
Starting Execution:	[4 out of 143] test cases in the current suite
Test Method:		[unitTests.tests_validations_assertions.assertComparativeRelation_greaterThanOrEquals_false_greaterThan_expectedToPass]
################################################################################################################################################
[ReportManager] Assertion [ValidateComparativeRelation] PASSED. Expected [2] and Actual [1]. Comparison Type [GREATER_THAN_OR_EQUALS]. Validation Type [NEGATIVE]. @26-10-2021 18:42:52.0204 P

################################################################################################################################################
Starting Execution:	[5 out of 143] test cases in the current suite
Test Method:		[unitTests.tests_validations_assertions.assertComparativeRelation_greaterThanOrEquals_true_equals_expectedToFail]
################################################################################################################################################
[ReportManager] Assertion [ValidateComparativeRelation] FAILED. Expected [1] and Actual [0]. Comparison Type [GREATER_THAN_OR_EQUALS]. Validation Type [POSITIVE]. @26-10-2021 18:42:52.0217 P

################################################################################################################################################
Starting Execution:	[6 out of 143] test cases in the current suite
Test Method:		[unitTests.tests_validations_assertions.assertComparativeRelation_greaterThanOrEquals_true_equals_expectedToPass]
################################################################################################################################################
[ReportManager] Assertion [ValidateComparativeRelation] PASSED. Expected [1] and Actual [1]. Comparison Type [GREATER_THAN_OR_EQUALS]. Validation Type [POSITIVE]. @26-10-2021 18:42:52.0225 P

################################################################################################################################################
Starting Execution:	[7 out of 143] test cases in the current suite
Test Method:		[unitTests.tests_validations_assertions.assertComparativeRelation_greaterThanOrEquals_true_greaterThan_expectedToFail]
################################################################################################################################################
[ReportManager] Assertion [ValidateComparativeRelation] FAILED. Expected [2] and Actual [1]. Comparison Type [GREATER_THAN_OR_EQUALS]. Validation Type [POSITIVE]. @26-10-2021 18:42:52.0243 P

################################################################################################################################################
Starting Execution:	[8 out of 143] test cases in the current suite
Test Method:		[unitTests.tests_validations_assertions.assertComparativeRelation_greaterThanOrEquals_true_greaterThan_expectedToPass]
################################################################################################################################################
[ReportManager] Assertion [ValidateComparativeRelation] PASSED. Expected [1] and Actual [2]. Comparison Type [GREATER_THAN_OR_EQUALS]. Validation Type [POSITIVE]. @26-10-2021 18:42:52.0257 P
[ReportManager] File Action [GetAbsolutePath] successfully performed. With the following test data [Relative Folder Path: "target/downloadedFiles/"]. @26-10-2021 18:42:52.0271 PM
[ReportManager] Attempting to run remotely on: [Linux-64], [GoogleChrome], [http://localhost:4444/wd/hub], Headless Execution. @26-10-2021 18:42:52.0339 PM
[ReportManager] Successfully Opened [GoogleChrome]. @26-10-2021 18:42:58.0113 PM
[ReportManager] Target URL: [https://www.google.com/ncr], and after redirection: [www.google.com] @26-10-2021 18:42:58.0124 PM
[ReportManager] Initial URL: [data:,] @26-10-2021 18:42:58.0528 PM
[ReportManager] Browser Action [NavigateToURL] successfully performed. With the following test data [https://www.google.com/ncr]. @26-10-2021 18:43:00.0000 P

################################################################################################################################################
Starting Execution:	[9 out of 143] test cases in the current suite
Test Method:		[unitTests.tests_validations_assertions.assertElementAttribute_false_caseInsensitiveComparison_expectedToFail]
################################################################################################################################################
[ReportManager] Element Action [Type] successfully performed. With the following test data [AUTOMATION]. @26-10-2021 18:43:00.0807 PM
[ReportManager] Element Action [GetText] successfully performed. With the following test data [AUTOMATION]. @26-10-2021 18:43:01.0084 PM
[ReportManager] Loaded Shared OpenCV @26-10-2021 18:43:02.0079 PM
[ReportManager] Assertion [ValidateElementAttribute] FAILED. Expected [Value Should not be 'AutomaTion' for the 'text' attribute, element locator 'By.name: q'] and Actual [AUTOMATION]. Comparison Type [CASE_INSENSITIVE]. Validation Type [NEGATIVE]. @26-10-2021 18:43:02.0676 PM
[ReportManager] Successfully created attachment [Screenshot - 1635273781510_assertElementAttribute_false_caseInsensitiveComparison_expectedToFail_ValidateElementAttribute_failed] @26-10-2021 18:43:02.0706 P
[ReportManager] Browser Action [CloseCurrentWindow] successfully performed. @26-10-2021 18:43:02.0913 PM
[ReportManager] Successfully created attachment [Browser Action Test Data - CloseCurrentWindow - Actual Value] @26-10-2021 18:43:02.0918 P
[ReportManager] File Action [GetAbsolutePath] successfully performed. With the following test data [Relative Folder Path: "target/downloadedFiles/"]. @26-10-2021 18:43:02.0927 PM
[ReportManager] Attempting to run remotely on: [Linux-64], [GoogleChrome], [http://localhost:4444/wd/hub], Headless Execution. @26-10-2021 18:43:02.0927 PM
[ReportManager] Successfully Opened [GoogleChrome]. @26-10-2021 18:43:07.0238 PM
[ReportManager] Target URL: [https://www.google.com/ncr], and after redirection: [www.google.com] @26-10-2021 18:43:07.0238 PM
[ReportManager] Initial URL: [data:,] @26-10-2021 18:43:07.0423 PM
[ReportManager] Browser Action [NavigateToURL] successfully performed. With the following test data [https://www.google.com/ncr]. @26-10-2021 18:43:08.0532 P

################################################################################################################################################
Starting Execution:	[10 out of 143] test cases in the current suite
Test Method:		[unitTests.tests_validations_assertions.assertElementAttribute_false_caseInsensitiveComparison_expectedToPass]
################################################################################################################################################
[ReportManager] Element Action [Type] successfully performed. With the following test data [AUTOMATION]. @26-10-2021 18:43:09.0249 PM
[ReportManager] Element Action [GetText] successfully performed. With the following test data [AUTOMATION]. @26-10-2021 18:43:09.0487 PM
[ReportManager] Loaded Shared OpenCV @26-10-2021 18:43:09.0855 PM
[ReportManager] Assertion [ValidateElementAttribute] PASSED. Expected [Value Should not be 'AutomaTion123' for the 'text' attribute, element locator 'By.name: q'] and Actual [AUTOMATION]. Comparison Type [CASE_INSENSITIVE]. Validation Type [NEGATIVE]. @26-10-2021 18:43:10.0166 PM
[ReportManager] Successfully created attachment [Screenshot - 1635273789854_assertElementAttribute_false_caseInsensitiveComparison_expectedToPass_ValidateElementAttribute_passed] @26-10-2021 18:43:10.0169 P
[ReportManager] Browser Action [CloseCurrentWindow] successfully performed. @26-10-2021 18:43:10.0339 PM
[ReportManager] Successfully created attachment [Browser Action Test Data - CloseCurrentWindow - Actual Value] @26-10-2021 18:43:10.0341 P
[ReportManager] File Action [GetAbsolutePath] successfully performed. With the following test data [Relative Folder Path: "target/downloadedFiles/"]. @26-10-2021 18:43:10.0352 PM
[ReportManager] Attempting to run remotely on: [Linux-64], [GoogleChrome], [http://localhost:4444/wd/hub], Headless Execution. @26-10-2021 18:43:10.0353 PM
[ReportManager] Successfully Opened [GoogleChrome]. @26-10-2021 18:43:12.0223 PM
[ReportManager] Target URL: [https://www.google.com/ncr], and after redirection: [www.google.com] @26-10-2021 18:43:12.0223 PM
[ReportManager] Initial URL: [data:,] @26-10-2021 18:43:12.0376 PM
[ReportManager] Browser Action [NavigateToURL] successfully performed. With the following test data [https://www.google.com/ncr]. @26-10-2021 18:43:13.0474 P

################################################################################################################################################
Starting Execution:	[11 out of 143] test cases in the current suite
Test Method:		[unitTests.tests_validations_assertions.assertElementAttribute_false_containsComparison_expectedToFail]
################################################################################################################################################
[ReportManager] Element Action [Type] successfully performed. With the following test data [Automation123]. @26-10-2021 18:43:14.0347 PM
[ReportManager] Element Action [GetText] successfully performed. With the following test data [Automation123]. @26-10-2021 18:43:14.0603 PM
[ReportManager] Loaded Shared OpenCV @26-10-2021 18:43:14.0954 PM
[ReportManager] Assertion [ValidateElementAttribute] FAILED. Expected [Value Should not be 'Automation' for the 'text' attribute, element locator 'By.name: q'] and Actual [Automation123]. Comparison Type [CONTAINS]. Validation Type [NEGATIVE]. @26-10-2021 18:43:15.0244 PM
[ReportManager] Successfully created attachment [Screenshot - 1635273794954_assertElementAttribute_false_containsComparison_expectedToFail_ValidateElementAttribute_failed] @26-10-2021 18:43:15.0246 P
[ReportManager] Browser Action [CloseCurrentWindow] successfully performed. @26-10-2021 18:43:15.0475 PM
[ReportManager] Successfully created attachment [Browser Action Test Data - CloseCurrentWindow - Actual Value] @26-10-2021 18:43:15.0480 P
[ReportManager] File Action [GetAbsolutePath] successfully performed. With the following test data [Relative Folder Path: "target/downloadedFiles/"]. @26-10-2021 18:43:15.0501 PM
[ReportManager] Attempting to run remotely on: [Linux-64], [GoogleChrome], [http://localhost:4444/wd/hub], Headless Execution. @26-10-2021 18:43:15.0508 PM
[ReportManager] Successfully Opened [GoogleChrome]. @26-10-2021 18:43:17.0205 PM
[ReportManager] Target URL: [https://www.google.com/ncr], and after redirection: [www.google.com] @26-10-2021 18:43:17.0205 PM
[ReportManager] Initial URL: [data:,] @26-10-2021 18:43:17.0310 PM
[ReportManager] Browser Action [NavigateToURL] successfully performed. With the following test data [https://www.google.com/ncr]. @26-10-2021 18:43:18.0378 P

################################################################################################################################################
Starting Execution:	[12 out of 143] test cases in the current suite
Test Method:		[unitTests.tests_validations_assertions.assertElementAttribute_false_containsComparison_expectedToPass]
################################################################################################################################################
[ReportManager] Element Action [Type] successfully performed. With the following test data [Automation123]. @26-10-2021 18:43:19.0186 PM
[ReportManager] Element Action [GetText] successfully performed. With the following test data [Automation123]. @26-10-2021 18:43:19.0436 PM
[ReportManager] Loaded Shared OpenCV @26-10-2021 18:43:19.0742 PM
[ReportManager] Assertion [ValidateElementAttribute] PASSED. Expected [Value Should not be 'Automation1234' for the 'text' attribute, element locator 'By.name: q'] and Actual [Automation123]. Comparison Type [CONTAINS]. Validation Type [NEGATIVE]. @26-10-2021 18:43:19.0983 PM
[ReportManager] Successfully created attachment [Screenshot - 1635273799742_assertElementAttribute_false_containsComparison_expectedToPass_ValidateElementAttribute_passed] @26-10-2021 18:43:19.0985 P
[ReportManager] Browser Action [CloseCurrentWindow] successfully performed. @26-10-2021 18:43:20.0176 PM
[ReportManager] Successfully created attachment [Browser Action Test Data - CloseCurrentWindow - Actual Value] @26-10-2021 18:43:20.0177 P
[ReportManager] File Action [GetAbsolutePath] successfully performed. With the following test data [Relative Folder Path: "target/downloadedFiles/"]. @26-10-2021 18:43:20.0181 PM
[ReportManager] Attempting to run remotely on: [Linux-64], [GoogleChrome], [http://localhost:4444/wd/hub], Headless Execution. @26-10-2021 18:43:20.0181 PM
[ReportManager] Successfully Opened [GoogleChrome]. @26-10-2021 18:43:22.0174 PM
[ReportManager] Target URL: [https://www.google.com/ncr], and after redirection: [www.google.com] @26-10-2021 18:43:22.0174 PM
[ReportManager] Initial URL: [data:,] @26-10-2021 18:43:22.0268 PM
[ReportManager] Browser Action [NavigateToURL] successfully performed. With the following test data [https://www.google.com/ncr]. @26-10-2021 18:43:23.0358 P

################################################################################################################################################
Starting Execution:	[13 out of 143] test cases in the current suite
Test Method:		[unitTests.tests_validations_assertions.assertElementAttribute_false_literalComparison_expectedToFail]
################################################################################################################################################
[ReportManager] Element Action [Type] successfully performed. With the following test data [Automation!@#$%^&*()_+{}[]\';/.,]. @26-10-2021 18:43:24.0055 PM
[ReportManager] Element Action [GetText] successfully performed. With the following test data [Automation!@#$%^&*()_+{}[]\';/.,]. @26-10-2021 18:43:24.0270 PM
[ReportManager] Loaded Shared OpenCV @26-10-2021 18:43:24.0631 PM
[ReportManager] Assertion [ValidateElementAttribute] PASSED. Expected [Value Should not be 'Automation!@#$%^&*()_+{}[]\\';/.,' for the 'text' attribute, element locator 'By.name: q'] and Actual [Automation!@#$%^&*()_+{}[]\';/.,]. Comparison Type [EQUALS]. Validation Type [NEGATIVE]. @26-10-2021 18:43:24.0881 PM
[ReportManager] Successfully created attachment [Screenshot - 1635273804631_assertElementAttribute_false_literalComparison_expectedToFail_ValidateElementAttribute_passed] @26-10-2021 18:43:24.0883 P
[ReportManager] Browser Action [CloseCurrentWindow] successfully performed. @26-10-2021 18:43:25.0036 PM
[ReportManager] Successfully created attachment [Browser Action Test Data - CloseCurrentWindow - Actual Value] @26-10-2021 18:43:25.0039 P
[ReportManager] File Action [GetAbsolutePath] successfully performed. With the following test data [Relative Folder Path: "target/downloadedFiles/"]. @26-10-2021 18:43:25.0043 PM
[ReportManager] Attempting to run remotely on: [Linux-64], [GoogleChrome], [http://localhost:4444/wd/hub], Headless Execution. @26-10-2021 18:43:25.0043 PM
[ReportManager] Successfully Opened [GoogleChrome]. @26-10-2021 18:43:27.0196 PM
[ReportManager] Target URL: [https://www.google.com/ncr], and after redirection: [www.google.com] @26-10-2021 18:43:27.0197 PM
[ReportManager] Initial URL: [data:,] @26-10-2021 18:43:27.0309 PM
[ReportManager] Browser Action [NavigateToURL] successfully performed. With the following test data [https://www.google.com/ncr]. @26-10-2021 18:43:28.0350 P

################################################################################################################################################
Starting Execution:	[14 out of 143] test cases in the current suite
Test Method:		[unitTests.tests_validations_assertions.assertElementAttribute_false_literalComparison_expectedToPass]
################################################################################################################################################
[ReportManager] Element Action [Type] successfully performed. With the following test data [Automation!@#$%^&*()_+{}[]\';/.,]. @26-10-2021 18:43:29.0046 PM
[ReportManager] Element Action [GetText] successfully performed. With the following test data [Automation!@#$%^&*()_+{}[]\';/.,]. @26-10-2021 18:43:29.0285 PM
[ReportManager] Loaded Shared OpenCV @26-10-2021 18:43:29.0603 PM
[ReportManager] Assertion [ValidateElementAttribute] PASSED. Expected [Value Should not be 'Automation' for the 'text' attribute, element locator 'By.name: q'] and Actual [Automation!@#$%^&*()_+{}[]\';/.,]. Comparison Type [EQUALS]. Validation Type [NEGATIVE]. @26-10-2021 18:43:29.0866 PM
[ReportManager] Successfully created attachment [Screenshot - 1635273809603_assertElementAttribute_false_literalComparison_expectedToPass_ValidateElementAttribute_passed] @26-10-2021 18:43:29.0869 P
[ReportManager] Browser Action [CloseCurrentWindow] successfully performed. @26-10-2021 18:43:30.0050 PM
[ReportManager] Successfully created attachment [Browser Action Test Data - CloseCurrentWindow - Actual Value] @26-10-2021 18:43:30.0052 P
[ReportManager] File Action [GetAbsolutePath] successfully performed. With the following test data [Relative Folder Path: "target/downloadedFiles/"]. @26-10-2021 18:43:30.0061 PM
[ReportManager] Attempting to run remotely on: [Linux-64], [GoogleChrome], [http://localhost:4444/wd/hub], Headless Execution. @26-10-2021 18:43:30.0062 PM
[ReportManager] Successfully Opened [GoogleChrome]. @26-10-2021 18:43:32.0204 PM
[ReportManager] Target URL: [https://www.google.com/ncr], and after redirection: [www.google.com] @26-10-2021 18:43:32.0204 PM
[ReportManager] Initial URL: [data:,] @26-10-2021 18:43:32.0338 PM
[ReportManager] Browser Action [NavigateToURL] successfully performed. With the following test data [https://www.google.com/ncr]. @26-10-2021 18:43:33.0235 P

################################################################################################################################################
Starting Execution:	[15 out of 143] test cases in the current suite
Test Method:		[unitTests.tests_validations_assertions.assertElementAttribute_false_regexComparison_expectedToFail]
################################################################################################################################################
[ReportManager] Element Action [Type] successfully performed. With the following test data [Automation123]. @26-10-2021 18:43:33.0796 PM
[ReportManager] Element Action [GetText] successfully performed. With the following test data [Automation123]. @26-10-2021 18:43:33.0997 PM
[ReportManager] Loaded Shared OpenCV @26-10-2021 18:43:34.0296 PM
[ReportManager] Assertion [ValidateElementAttribute] FAILED. Expected [Value Should not be 'Automation.*' for the 'text' attribute, element locator 'By.name: q'] and Actual [Automation123]. Comparison Type [MATCHES]. Validation Type [NEGATIVE]. @26-10-2021 18:43:34.0537 PM
[ReportManager] Successfully created attachment [Screenshot - 1635273814296_assertElementAttribute_false_regexComparison_expectedToFail_ValidateElementAttribute_failed] @26-10-2021 18:43:34.0539 P
[ReportManager] Browser Action [CloseCurrentWindow] successfully performed. @26-10-2021 18:43:34.0711 PM
[ReportManager] Successfully created attachment [Browser Action Test Data - CloseCurrentWindow - Actual Value] @26-10-2021 18:43:34.0712 P
[ReportManager] File Action [GetAbsolutePath] successfully performed. With the following test data [Relative Folder Path: "target/downloadedFiles/"]. @26-10-2021 18:43:34.0715 PM
[ReportManager] Attempting to run remotely on: [Linux-64], [GoogleChrome], [http://localhost:4444/wd/hub], Headless Execution. @26-10-2021 18:43:34.0715 PM
[ReportManager] Successfully Opened [GoogleChrome]. @26-10-2021 18:43:37.0184 PM
[ReportManager] Target URL: [https://www.google.com/ncr], and after redirection: [www.google.com] @26-10-2021 18:43:37.0184 PM
[ReportManager] Initial URL: [data:,] @26-10-2021 18:43:37.0289 PM
[ReportManager] Browser Action [NavigateToURL] successfully performed. With the following test data [https://www.google.com/ncr]. @26-10-2021 18:43:38.0334 P

################################################################################################################################################
Starting Execution:	[16 out of 143] test cases in the current suite
Test Method:		[unitTests.tests_validations_assertions.assertElementAttribute_false_regexComparison_expectedToPass]
################################################################################################################################################
[ReportManager] Element Action [Type] successfully performed. With the following test data [Automation123]. @26-10-2021 18:43:38.0963 PM
[ReportManager] Element Action [GetText] successfully performed. With the following test data [Automation123]. @26-10-2021 18:43:39.0152 PM
[ReportManager] Loaded Shared OpenCV @26-10-2021 18:43:39.0465 PM
[ReportManager] Assertion [ValidateElementAttribute] PASSED. Expected [Value Should not be 'Automation' for the 'text' attribute, element locator 'By.name: q'] and Actual [Automation123]. Comparison Type [MATCHES]. Validation Type [NEGATIVE]. @26-10-2021 18:43:39.0687 PM
[ReportManager] Successfully created attachment [Screenshot - 1635273819464_assertElementAttribute_false_regexComparison_expectedToPass_ValidateElementAttribute_passed] @26-10-2021 18:43:39.0688 P
[ReportManager] Browser Action [CloseCurrentWindow] successfully performed. @26-10-2021 18:43:39.0883 PM
[ReportManager] Successfully created attachment [Browser Action Test Data - CloseCurrentWindow - Actual Value] @26-10-2021 18:43:39.0883 P
[ReportManager] File Action [GetAbsolutePath] successfully performed. With the following test data [Relative Folder Path: "target/downloadedFiles/"]. @26-10-2021 18:43:39.0890 PM
[ReportManager] Attempting to run remotely on: [Linux-64], [GoogleChrome], [http://localhost:4444/wd/hub], Headless Execution. @26-10-2021 18:43:39.0890 PM
[ReportManager] Successfully Opened [GoogleChrome]. @26-10-2021 18:43:42.0157 PM
[ReportManager] Target URL: [https://www.google.com/ncr], and after redirection: [www.google.com] @26-10-2021 18:43:42.0157 PM
[ReportManager] Initial URL: [data:,] @26-10-2021 18:43:42.0267 PM
[ReportManager] Browser Action [NavigateToURL] successfully performed. With the following test data [https://www.google.com/ncr]. @26-10-2021 18:43:43.0294 P

################################################################################################################################################
Starting Execution:	[17 out of 143] test cases in the current suite
Test Method:		[unitTests.tests_validations_assertions.assertElementAttribute_true_caseInsensitiveComparison_expectedToFail]
################################################################################################################################################
[ReportManager] Element Action [Type] successfully performed. With the following test data [AUTOMATION]. @26-10-2021 18:43:43.0813 PM
[ReportManager] Element Action [GetText] successfully performed. With the following test data [AUTOMATION]. @26-10-2021 18:43:44.0016 PM
[ReportManager] Loaded Shared OpenCV @26-10-2021 18:43:44.0338 PM
[ReportManager] Assertion [ValidateElementAttribute] FAILED. Expected [Value Should be 'AutomaTion123' for the 'text' attribute, element locator 'By.name: q'] and Actual [AUTOMATION]. Comparison Type [CASE_INSENSITIVE]. Validation Type [POSITIVE]. @26-10-2021 18:43:44.0578 PM
[ReportManager] Successfully created attachment [Screenshot - 1635273824338_assertElementAttribute_true_caseInsensitiveComparison_expectedToFail_ValidateElementAttribute_failed] @26-10-2021 18:43:44.0580 P
[ReportManager] Browser Action [CloseCurrentWindow] successfully performed. @26-10-2021 18:43:44.0736 PM
[ReportManager] Successfully created attachment [Browser Action Test Data - CloseCurrentWindow - Actual Value] @26-10-2021 18:43:44.0737 P
[ReportManager] File Action [GetAbsolutePath] successfully performed. With the following test data [Relative Folder Path: "target/downloadedFiles/"]. @26-10-2021 18:43:44.0740 PM
[ReportManager] Attempting to run remotely on: [Linux-64], [GoogleChrome], [http://localhost:4444/wd/hub], Headless Execution. @26-10-2021 18:43:44.0741 PM
[ReportManager] Successfully Opened [GoogleChrome]. @26-10-2021 18:43:47.0208 PM
[ReportManager] Target URL: [https://www.google.com/ncr], and after redirection: [www.google.com] @26-10-2021 18:43:47.0214 PM
[ReportManager] Initial URL: [data:,] @26-10-2021 18:43:47.0320 PM
[ReportManager] Browser Action [NavigateToURL] successfully performed. With the following test data [https://www.google.com/ncr]. @26-10-2021 18:43:48.0338 P

################################################################################################################################################
Starting Execution:	[18 out of 143] test cases in the current suite
Test Method:		[unitTests.tests_validations_assertions.assertElementAttribute_true_caseInsensitiveComparison_expectedToPass]
################################################################################################################################################
[ReportManager] Element Action [Type] successfully performed. With the following test data [AUTOMATION]. @26-10-2021 18:43:49.0043 PM
[ReportManager] Element Action [GetText] successfully performed. With the following test data [AUTOMATION]. @26-10-2021 18:43:49.0203 PM
[ReportManager] Loaded Shared OpenCV @26-10-2021 18:43:49.0538 PM
[ReportManager] Assertion [ValidateElementAttribute] PASSED. Expected [Value Should be 'AutomaTion' for the 'text' attribute, element locator 'By.name: q'] and Actual [AUTOMATION]. Comparison Type [CASE_INSENSITIVE]. Validation Type [POSITIVE]. @26-10-2021 18:43:49.0773 PM
[ReportManager] Successfully created attachment [Screenshot - 1635273829538_assertElementAttribute_true_caseInsensitiveComparison_expectedToPass_ValidateElementAttribute_passed] @26-10-2021 18:43:49.0774 P
[ReportManager] Browser Action [CloseCurrentWindow] successfully performed. @26-10-2021 18:43:49.0931 PM
[ReportManager] Successfully created attachment [Browser Action Test Data - CloseCurrentWindow - Actual Value] @26-10-2021 18:43:49.0932 P
[ReportManager] File Action [GetAbsolutePath] successfully performed. With the following test data [Relative Folder Path: "target/downloadedFiles/"]. @26-10-2021 18:43:49.0935 PM
[ReportManager] Attempting to run remotely on: [Linux-64], [GoogleChrome], [http://localhost:4444/wd/hub], Headless Execution. @26-10-2021 18:43:49.0935 PM
[ReportManager] Successfully Opened [GoogleChrome]. @26-10-2021 18:43:52.0174 PM
[ReportManager] Target URL: [https://www.google.com/ncr], and after redirection: [www.google.com] @26-10-2021 18:43:52.0174 PM
[ReportManager] Initial URL: [data:,] @26-10-2021 18:43:52.0276 PM
[ReportManager] Browser Action [NavigateToURL] successfully performed. With the following test data [https://www.google.com/ncr]. @26-10-2021 18:43:53.0247 P

################################################################################################################################################
Starting Execution:	[19 out of 143] test cases in the current suite
Test Method:		[unitTests.tests_validations_assertions.assertElementAttribute_true_containsComparison_expectedToFail]
################################################################################################################################################
[ReportManager] Element Action [Type] successfully performed. With the following test data [Automation123]. @26-10-2021 18:43:53.0844 PM
[ReportManager] Element Action [GetText] successfully performed. With the following test data [Automation123]. @26-10-2021 18:43:54.0016 PM
[ReportManager] Loaded Shared OpenCV @26-10-2021 18:43:54.0298 PM
[ReportManager] Assertion [ValidateElementAttribute] FAILED. Expected [Value Should be 'Automation1234' for the 'text' attribute, element locator 'By.name: q'] and Actual [Automation123]. Comparison Type [CONTAINS]. Validation Type [POSITIVE]. @26-10-2021 18:43:54.0532 PM
[ReportManager] Successfully created attachment [Screenshot - 1635273834298_assertElementAttribute_true_containsComparison_expectedToFail_ValidateElementAttribute_failed] @26-10-2021 18:43:54.0534 P
[ReportManager] Browser Action [CloseCurrentWindow] successfully performed. @26-10-2021 18:43:54.0707 PM
[ReportManager] Successfully created attachment [Browser Action Test Data - CloseCurrentWindow - Actual Value] @26-10-2021 18:43:54.0708 P
[ReportManager] File Action [GetAbsolutePath] successfully performed. With the following test data [Relative Folder Path: "target/downloadedFiles/"]. @26-10-2021 18:43:54.0712 PM
[ReportManager] Attempting to run remotely on: [Linux-64], [GoogleChrome], [http://localhost:4444/wd/hub], Headless Execution. @26-10-2021 18:43:54.0712 PM
[ReportManager] Successfully Opened [GoogleChrome]. @26-10-2021 18:43:57.0180 PM
[ReportManager] Target URL: [https://www.google.com/ncr], and after redirection: [www.google.com] @26-10-2021 18:43:57.0181 PM
[ReportManager] Initial URL: [data:,] @26-10-2021 18:43:57.0257 PM
[ReportManager] Browser Action [NavigateToURL] successfully performed. With the following test data [https://www.google.com/ncr]. @26-10-2021 18:43:58.0227 P

################################################################################################################################################
Starting Execution:	[20 out of 143] test cases in the current suite
Test Method:		[unitTests.tests_validations_assertions.assertElementAttribute_true_containsComparison_expectedToPass]
################################################################################################################################################
[ReportManager] Element Action [Type] successfully performed. With the following test data [Automation123]. @26-10-2021 18:43:58.0763 PM
[ReportManager] Element Action [GetText] successfully performed. With the following test data [Automation123]. @26-10-2021 18:43:58.0980 PM
[ReportManager] Loaded Shared OpenCV @26-10-2021 18:43:59.0293 PM
[ReportManager] Assertion [ValidateElementAttribute] PASSED. Expected [Value Should be 'Automation' for the 'text' attribute, element locator 'By.name: q'] and Actual [Automation123]. Comparison Type [CONTAINS]. Validation Type [POSITIVE]. @26-10-2021 18:43:59.0526 PM
[ReportManager] Successfully created attachment [Screenshot - 1635273839293_assertElementAttribute_true_containsComparison_expectedToPass_ValidateElementAttribute_passed] @26-10-2021 18:43:59.0528 P
[ReportManager] Browser Action [CloseCurrentWindow] successfully performed. @26-10-2021 18:43:59.0662 PM
[ReportManager] Successfully created attachment [Browser Action Test Data - CloseCurrentWindow - Actual Value] @26-10-2021 18:43:59.0663 P
[ReportManager] File Action [GetAbsolutePath] successfully performed. With the following test data [Relative Folder Path: "target/downloadedFiles/"]. @26-10-2021 18:43:59.0666 PM
[ReportManager] Attempting to run remotely on: [Linux-64], [GoogleChrome], [http://localhost:4444/wd/hub], Headless Execution. @26-10-2021 18:43:59.0667 PM
[ReportManager] Successfully Opened [GoogleChrome]. @26-10-2021 18:44:02.0162 PM
[ReportManager] Target URL: [https://www.google.com/ncr], and after redirection: [www.google.com] @26-10-2021 18:44:02.0162 PM
[ReportManager] Initial URL: [data:,] @26-10-2021 18:44:02.0259 PM
[ReportManager] Browser Action [NavigateToURL] successfully performed. With the following test data [https://www.google.com/ncr]. @26-10-2021 18:44:04.0683 P

################################################################################################################################################
Starting Execution:	[21 out of 143] test cases in the current suite
Test Method:		[unitTests.tests_validations_assertions.assertElementAttribute_true_literalComparison_expectedToFail]
################################################################################################################################################
[ReportManager] Element Action [Type] successfully performed. With the following test data [Automation!@#$%^&*()_+{}[]\';/.,]. @26-10-2021 18:44:05.0316 PM
[ReportManager] Element Action [GetText] successfully performed. With the following test data [Automation!@#$%^&*()_+{}[]\';/.,]. @26-10-2021 18:44:05.0471 PM
[ReportManager] Loaded Shared OpenCV @26-10-2021 18:44:05.0832 PM
[ReportManager] Assertion [ValidateElementAttribute] FAILED. Expected [Value Should be 'Automation' for the 'text' attribute, element locator 'By.name: q'] and Actual [Automation!@#$%^&*()_+{}[]\';/.,]. Comparison Type [EQUALS]. Validation Type [POSITIVE]. @26-10-2021 18:44:06.0059 PM
[ReportManager] Successfully created attachment [Screenshot - 1635273845831_assertElementAttribute_true_literalComparison_expectedToFail_ValidateElementAttribute_failed] @26-10-2021 18:44:06.0061 P
[ReportManager] Browser Action [CloseCurrentWindow] successfully performed. @26-10-2021 18:44:06.0197 PM
[ReportManager] Successfully created attachment [Browser Action Test Data - CloseCurrentWindow - Actual Value] @26-10-2021 18:44:06.0198 P
[ReportManager] File Action [GetAbsolutePath] successfully performed. With the following test data [Relative Folder Path: "target/downloadedFiles/"]. @26-10-2021 18:44:06.0202 PM
[ReportManager] Attempting to run remotely on: [Linux-64], [GoogleChrome], [http://localhost:4444/wd/hub], Headless Execution. @26-10-2021 18:44:06.0202 PM
[ReportManager] Successfully Opened [GoogleChrome]. @26-10-2021 18:44:07.0172 PM
[ReportManager] Target URL: [https://www.google.com/ncr], and after redirection: [www.google.com] @26-10-2021 18:44:07.0172 PM
[ReportManager] Initial URL: [data:,] @26-10-2021 18:44:07.0262 PM
[ReportManager] Browser Action [NavigateToURL] successfully performed. With the following test data [https://www.google.com/ncr]. @26-10-2021 18:44:08.0240 P

################################################################################################################################################
Starting Execution:	[22 out of 143] test cases in the current suite
Test Method:		[unitTests.tests_validations_assertions.assertElementAttribute_true_literalComparison_expectedToPass]
################################################################################################################################################
[ReportManager] Element Action [Type] successfully performed. With the following test data [Automation!@#$%^&*()_+{}[]\';/.,]. @26-10-2021 18:44:08.0850 PM
[ReportManager] Element Action [GetText] successfully performed. With the following test data [Automation!@#$%^&*()_+{}[]\';/.,]. @26-10-2021 18:44:09.0035 PM
[ReportManager] Loaded Shared OpenCV @26-10-2021 18:44:09.0311 PM
[ReportManager] Assertion [ValidateElementAttribute] PASSED. Expected [Value Should be 'Automation!@#$%^&*()_+{}[]\';/.,' for the 'text' attribute, element locator 'By.name: q'] and Actual [Automation!@#$%^&*()_+{}[]\';/.,]. Comparison Type [EQUALS]. Validation Type [POSITIVE]. @26-10-2021 18:44:09.0539 PM
[ReportManager] Successfully created attachment [Screenshot - 1635273849311_assertElementAttribute_true_literalComparison_expectedToPass_ValidateElementAttribute_passed] @26-10-2021 18:44:09.0541 P
[ReportManager] Browser Action [CloseCurrentWindow] successfully performed. @26-10-2021 18:44:09.0690 PM
[ReportManager] Successfully created attachment [Browser Action Test Data - CloseCurrentWindow - Actual Value] @26-10-2021 18:44:09.0691 P
[ReportManager] File Action [GetAbsolutePath] successfully performed. With the following test data [Relative Folder Path: "target/downloadedFiles/"]. @26-10-2021 18:44:09.0694 PM
[ReportManager] Attempting to run remotely on: [Linux-64], [GoogleChrome], [http://localhost:4444/wd/hub], Headless Execution. @26-10-2021 18:44:09.0694 PM
[ReportManager] Successfully Opened [GoogleChrome]. @26-10-2021 18:44:12.0183 PM
[ReportManager] Target URL: [https://www.google.com/ncr], and after redirection: [www.google.com] @26-10-2021 18:44:12.0183 PM
[ReportManager] Initial URL: [data:,] @26-10-2021 18:44:12.0284 PM
[ReportManager] Browser Action [NavigateToURL] successfully performed. With the following test data [https://www.google.com/ncr]. @26-10-2021 18:44:13.0307 P

################################################################################################################################################
Starting Execution:	[23 out of 143] test cases in the current suite
Test Method:		[unitTests.tests_validations_assertions.assertElementAttribute_true_regexComparison_expectedToFail]
################################################################################################################################################
[ReportManager] Element Action [Type] successfully performed. With the following test data [Automation123]. @26-10-2021 18:44:13.0914 PM
[ReportManager] Element Action [GetText] successfully performed. With the following test data [Automation123]. @26-10-2021 18:44:14.0096 PM
[ReportManager] Loaded Shared OpenCV @26-10-2021 18:44:14.0399 PM
[ReportManager] Assertion [ValidateElementAttribute] FAILED. Expected [Value Should be 'Automation' for the 'text' attribute, element locator 'By.name: q'] and Actual [Automation123]. Comparison Type [MATCHES]. Validation Type [POSITIVE]. @26-10-2021 18:44:14.0634 PM
[ReportManager] Successfully created attachment [Screenshot - 1635273854399_assertElementAttribute_true_regexComparison_expectedToFail_ValidateElementAttribute_failed] @26-10-2021 18:44:14.0636 P
[ReportManager] Browser Action [CloseCurrentWindow] successfully performed. @26-10-2021 18:44:14.0782 PM
[ReportManager] Successfully created attachment [Browser Action Test Data - CloseCurrentWindow - Actual Value] @26-10-2021 18:44:14.0783 P
[ReportManager] File Action [GetAbsolutePath] successfully performed. With the following test data [Relative Folder Path: "target/downloadedFiles/"]. @26-10-2021 18:44:14.0787 PM
[ReportManager] Attempting to run remotely on: [Linux-64], [GoogleChrome], [http://localhost:4444/wd/hub], Headless Execution. @26-10-2021 18:44:14.0788 PM
[ReportManager] Successfully Opened [GoogleChrome]. @26-10-2021 18:44:17.0187 PM
[ReportManager] Target URL: [https://www.google.com/ncr], and after redirection: [www.google.com] @26-10-2021 18:44:17.0187 PM
[ReportManager] Initial URL: [data:,] @26-10-2021 18:44:17.0287 PM
[ReportManager] Browser Action [NavigateToURL] successfully performed. With the following test data [https://www.google.com/ncr]. @26-10-2021 18:44:18.0283 P

################################################################################################################################################
Starting Execution:	[24 out of 143] test cases in the current suite
Test Method:		[unitTests.tests_validations_assertions.assertElementAttribute_true_regexComparison_expectedToPass]
################################################################################################################################################
[ReportManager] Element Action [Type] successfully performed. With the following test data [Automation123]. @26-10-2021 18:44:18.0834 PM
[ReportManager] Element Action [GetText] successfully performed. With the following test data [Automation123]. @26-10-2021 18:44:19.0047 PM
[ReportManager] Loaded Shared OpenCV @26-10-2021 18:44:19.0332 PM
[ReportManager] Assertion [ValidateElementAttribute] PASSED. Expected [Value Should be 'Automation.*' for the 'text' attribute, element locator 'By.name: q'] and Actual [Automation123]. Comparison Type [MATCHES]. Validation Type [POSITIVE]. @26-10-2021 18:44:19.0565 PM
[ReportManager] Successfully created attachment [Screenshot - 1635273859332_assertElementAttribute_true_regexComparison_expectedToPass_ValidateElementAttribute_passed] @26-10-2021 18:44:19.0567 P
[ReportManager] Browser Action [CloseCurrentWindow] successfully performed. @26-10-2021 18:44:19.0752 PM
[ReportManager] Successfully created attachment [Browser Action Test Data - CloseCurrentWindow - Actual Value] @26-10-2021 18:44:19.0753 P
[ReportManager] File Action [GetAbsolutePath] successfully performed. With the following test data [Relative Folder Path: "target/downloadedFiles/"]. @26-10-2021 18:44:19.0756 PM
[ReportManager] Attempting to run remotely on: [Linux-64], [GoogleChrome], [http://localhost:4444/wd/hub], Headless Execution. @26-10-2021 18:44:19.0757 PM
[ReportManager] Successfully Opened [GoogleChrome]. @26-10-2021 18:44:22.0207 PM
[ReportManager] Target URL: [https://www.google.com/ncr], and after redirection: [www.google.com] @26-10-2021 18:44:22.0207 PM
[ReportManager] Initial URL: [data:,] @26-10-2021 18:44:22.0269 PM
[ReportManager] Browser Action [NavigateToURL] successfully performed. With the following test data [https://www.google.com/ncr]. @26-10-2021 18:44:23.0253 P

################################################################################################################################################
Starting Execution:	[25 out of 143] test cases in the current suite
Test Method:		[unitTests.tests_validations_assertions.assertElementAttribute_type_true_literalComparison_expectedToPass]
################################################################################################################################################
[ReportManager] Element Action [Type] successfully performed. With the following test data [Automation!@#$%^&*()_+{}[]\';/.,]. @26-10-2021 18:44:23.0880 PM
[ReportManager] Element Action [GetText] successfully performed. With the following test data [Automation!@#$%^&*()_+{}[]\';/.,]. @26-10-2021 18:44:24.0051 PM
[ReportManager] Loaded Shared OpenCV @26-10-2021 18:44:24.0441 PM
[ReportManager] Assertion [ValidateElementAttribute] PASSED. Expected [Value Should be 'Automation!@#$%^&*()_+{}[]\';/.,' for the 'text' attribute, element locator 'By.name: q'] and Actual [Automation!@#$%^&*()_+{}[]\';/.,]. Comparison Type [EQUALS]. Validation Type [POSITIVE]. @26-10-2021 18:44:24.0674 PM
[ReportManager] Successfully created attachment [Screenshot - 1635273864441_assertElementAttribute_type_true_literalComparison_expectedToPass_ValidateElementAttribute_passed] @26-10-2021 18:44:24.0676 P
[ReportManager] Browser Action [CloseCurrentWindow] successfully performed. @26-10-2021 18:44:24.0815 PM
[ReportManager] Successfully created attachment [Browser Action Test Data - CloseCurrentWindow - Actual Value] @26-10-2021 18:44:24.0816 P
[ReportManager] File Action [GetAbsolutePath] successfully performed. With the following test data [Relative Folder Path: "target/downloadedFiles/"]. @26-10-2021 18:44:24.0822 PM
[ReportManager] Attempting to run remotely on: [Linux-64], [GoogleChrome], [http://localhost:4444/wd/hub], Headless Execution. @26-10-2021 18:44:24.0822 PM
[ReportManager] Successfully Opened [GoogleChrome]. @26-10-2021 18:44:27.0181 PM
[ReportManager] Target URL: [https://www.google.com/ncr], and after redirection: [www.google.com] @26-10-2021 18:44:27.0181 PM
[ReportManager] Initial URL: [data:,] @26-10-2021 18:44:27.0251 PM
[ReportManager] Browser Action [NavigateToURL] successfully performed. With the following test data [https://www.google.com/ncr]. @26-10-2021 18:44:28.0167 P

################################################################################################################################################
Starting Execution:	[26 out of 143] test cases in the current suite
Test Method:		[unitTests.tests_validations_assertions.assertElementExists_false_expectedToFail]
################################################################################################################################################
[ReportManager] Assertion [ValidateElementExists] PASSED. Expected [Element Should not Exist, locator 'By.id: hplogo'] and Actual [Element Doesn't Exists]. Comparison Type [EQUALS]. Validation Type [NEGATIVE]. @26-10-2021 18:44:38.0857 PM
[ReportManager] Successfully created attachment [Screenshot - 1635273878651_assertElementExists_false_expectedToFail_ValidateElementExists_passed] @26-10-2021 18:44:38.0858 P
[ReportManager] Browser Action [CloseCurrentWindow] successfully performed. @26-10-2021 18:44:39.0026 PM
[ReportManager] Successfully created attachment [Browser Action Test Data - CloseCurrentWindow - Actual Value] @26-10-2021 18:44:39.0027 P
[ReportManager] File Action [GetAbsolutePath] successfully performed. With the following test data [Relative Folder Path: "target/downloadedFiles/"]. @26-10-2021 18:44:39.0030 PM
[ReportManager] Attempting to run remotely on: [Linux-64], [GoogleChrome], [http://localhost:4444/wd/hub], Headless Execution. @26-10-2021 18:44:39.0030 PM
[ReportManager] Successfully Opened [GoogleChrome]. @26-10-2021 18:44:42.0166 PM
[ReportManager] Target URL: [https://www.google.com/ncr], and after redirection: [www.google.com] @26-10-2021 18:44:42.0167 PM
[ReportManager] Initial URL: [data:,] @26-10-2021 18:44:42.0254 PM
[ReportManager] Browser Action [NavigateToURL] successfully performed. With the following test data [https://www.google.com/ncr]. @26-10-2021 18:44:43.0327 P

################################################################################################################################################
Starting Execution:	[27 out of 143] test cases in the current suite
Test Method:		[unitTests.tests_validations_assertions.assertElementExists_false_expectedToPass]
################################################################################################################################################
[ReportManager] Assertion [ValidateElementExists] PASSED. Expected [Element Should not Exist, locator 'By.id: fakeElement'] and Actual [Element Doesn't Exists]. Comparison Type [EQUALS]. Validation Type [NEGATIVE]. @26-10-2021 18:44:54.0033 PM
[ReportManager] Successfully created attachment [Screenshot - 1635273893852_assertElementExists_false_expectedToPass_ValidateElementExists_passed] @26-10-2021 18:44:54.0034 P
[ReportManager] Browser Action [CloseCurrentWindow] successfully performed. @26-10-2021 18:44:54.0194 PM
[ReportManager] Successfully created attachment [Browser Action Test Data - CloseCurrentWindow - Actual Value] @26-10-2021 18:44:54.0195 P
[ReportManager] File Action [GetAbsolutePath] successfully performed. With the following test data [Relative Folder Path: "target/downloadedFiles/"]. @26-10-2021 18:44:54.0200 PM
[ReportManager] Attempting to run remotely on: [Linux-64], [GoogleChrome], [http://localhost:4444/wd/hub], Headless Execution. @26-10-2021 18:44:54.0200 PM
[ReportManager] Successfully Opened [GoogleChrome]. @26-10-2021 18:44:57.0184 PM
[ReportManager] Target URL: [https://www.google.com/ncr], and after redirection: [www.google.com] @26-10-2021 18:44:57.0184 PM
[ReportManager] Initial URL: [data:,] @26-10-2021 18:44:57.0257 PM
[ReportManager] Browser Action [NavigateToURL] successfully performed. With the following test data [https://www.google.com/ncr]. @26-10-2021 18:44:58.0281 P

################################################################################################################################################
Starting Execution:	[28 out of 143] test cases in the current suite
Test Method:		[unitTests.tests_validations_assertions.assertElementExists_false_multipleElementsFound_expectedToFail]
################################################################################################################################################
[ReportManager] Assertion [ValidateElementExists] FAILED. Expected [Element Should not Exist, locator 'By.xpath: //div'] and Actual [Element Exists but is not unique]. Comparison Type [EQUALS]. Validation Type [NEGATIVE]. @26-10-2021 18:44:58.0913 PM
[ReportManager] Successfully created attachment [Screenshot - 1635273898726_assertElementExists_false_multipleElementsFound_expectedToFail_ValidateElementExists_failed] @26-10-2021 18:44:58.0914 P
[ReportManager] Browser Action [CloseCurrentWindow] successfully performed. @26-10-2021 18:44:59.0048 PM
[ReportManager] Successfully created attachment [Browser Action Test Data - CloseCurrentWindow - Actual Value] @26-10-2021 18:44:59.0049 P
[ReportManager] File Action [GetAbsolutePath] successfully performed. With the following test data [Relative Folder Path: "target/downloadedFiles/"]. @26-10-2021 18:44:59.0053 PM
[ReportManager] Attempting to run remotely on: [Linux-64], [GoogleChrome], [http://localhost:4444/wd/hub], Headless Execution. @26-10-2021 18:44:59.0054 PM
[ReportManager] Successfully Opened [GoogleChrome]. @26-10-2021 18:45:02.0192 PM
[ReportManager] Target URL: [https://www.google.com/ncr], and after redirection: [www.google.com] @26-10-2021 18:45:02.0192 PM
[ReportManager] Initial URL: [data:,] @26-10-2021 18:45:02.0292 PM
[ReportManager] Browser Action [NavigateToURL] successfully performed. With the following test data [https://www.google.com/ncr]. @26-10-2021 18:45:03.0213 P

################################################################################################################################################
Starting Execution:	[29 out of 143] test cases in the current suite
Test Method:		[unitTests.tests_validations_assertions.assertElementExists_true_expectedToFail]
################################################################################################################################################
[ReportManager] Assertion [ValidateElementExists] FAILED. Expected [Element Should Exist, locator 'By.id: fakeElement'] and Actual [Element Doesn't Exists]. Comparison Type [EQUALS]. Validation Type [POSITIVE]. @26-10-2021 18:45:34.0202 PM
[ReportManager] Successfully created attachment [Screenshot - 1635273934013_assertElementExists_true_expectedToFail_ValidateElementExists_failed] @26-10-2021 18:45:34.0202 P
[ReportManager] Browser Action [CloseCurrentWindow] successfully performed. @26-10-2021 18:45:34.0352 PM
[ReportManager] Successfully created attachment [Browser Action Test Data - CloseCurrentWindow - Actual Value] @26-10-2021 18:45:34.0353 P
[ReportManager] File Action [GetAbsolutePath] successfully performed. With the following test data [Relative Folder Path: "target/downloadedFiles/"]. @26-10-2021 18:45:34.0357 PM
[ReportManager] Attempting to run remotely on: [Linux-64], [GoogleChrome], [http://localhost:4444/wd/hub], Headless Execution. @26-10-2021 18:45:34.0358 PM
[ReportManager] Successfully Opened [GoogleChrome]. @26-10-2021 18:45:37.0168 PM
[ReportManager] Target URL: [https://www.google.com/ncr], and after redirection: [www.google.com] @26-10-2021 18:45:37.0168 PM
[ReportManager] Initial URL: [data:,] @26-10-2021 18:45:37.0249 PM
[ReportManager] Browser Action [NavigateToURL] successfully performed. With the following test data [https://www.google.com/ncr]. @26-10-2021 18:45:38.0233 P

################################################################################################################################################
Starting Execution:	[30 out of 143] test cases in the current suite
Test Method:		[unitTests.tests_validations_assertions.assertElementExists_true_expectedToPass]
################################################################################################################################################
[ReportManager] Loaded Shared OpenCV @26-10-2021 18:45:38.0597 PM
[ReportManager] Assertion [ValidateElementExists] PASSED. Expected [Element Should Exist, locator 'By.xpath: //*[@id='hplogo' or @alt='Google']'] and Actual [Element Exists]. Comparison Type [EQUALS]. Validation Type [POSITIVE]. @26-10-2021 18:45:38.0832 PM
[ReportManager] Successfully created attachment [Screenshot - 1635273938596_assertElementExists_true_expectedToPass_ValidateElementExists_passed] @26-10-2021 18:45:38.0834 P
[ReportManager] Browser Action [CloseCurrentWindow] successfully performed. @26-10-2021 18:45:38.0987 PM
[ReportManager] Successfully created attachment [Browser Action Test Data - CloseCurrentWindow - Actual Value] @26-10-2021 18:45:38.0988 P
[ReportManager] File Action [GetAbsolutePath] successfully performed. With the following test data [Relative Folder Path: "target/downloadedFiles/"]. @26-10-2021 18:45:38.0990 PM
[ReportManager] Attempting to run remotely on: [Linux-64], [GoogleChrome], [http://localhost:4444/wd/hub], Headless Execution. @26-10-2021 18:45:38.0991 PM
[ReportManager] Successfully Opened [GoogleChrome]. @26-10-2021 18:45:42.0249 PM
[ReportManager] Target URL: [https://www.google.com/ncr], and after redirection: [www.google.com] @26-10-2021 18:45:42.0249 PM
[ReportManager] Initial URL: [data:,] @26-10-2021 18:45:42.0310 PM
[ReportManager] Browser Action [NavigateToURL] successfully performed. With the following test data [https://www.google.com/ncr]. @26-10-2021 18:45:43.0261 P

################################################################################################################################################
Starting Execution:	[31 out of 143] test cases in the current suite
Test Method:		[unitTests.tests_validations_assertions.assertElementExists_true_multipleElementsFound_expectedToFail]
################################################################################################################################################
[ReportManager] Assertion [ValidateElementExists] FAILED. Expected [Element Should Exist, locator 'By.xpath: //div'] and Actual [Element Exists but is not unique]. Comparison Type [EQUALS]. Validation Type [POSITIVE]. @26-10-2021 18:45:43.0883 PM
[ReportManager] Successfully created attachment [Screenshot - 1635273943702_assertElementExists_true_multipleElementsFound_expectedToFail_ValidateElementExists_failed] @26-10-2021 18:45:43.0884 P
[ReportManager] Browser Action [CloseCurrentWindow] successfully performed. @26-10-2021 18:45:44.0015 PM
[ReportManager] Successfully created attachment [Browser Action Test Data - CloseCurrentWindow - Actual Value] @26-10-2021 18:45:44.0016 P

################################################################################################################################################
Starting Execution:	[32 out of 143] test cases in the current suite
Test Method:		[unitTests.tests_validations_assertions.assertEquals_false_expectedToFail]
################################################################################################################################################
[ReportManager] Assertion [ValidateEquals] FAILED. Expected [1] and Actual [1]. Comparison Type [EQUALS]. Validation Type [NEGATIVE]. @26-10-2021 18:45:44.0022 P

################################################################################################################################################
Starting Execution:	[33 out of 143] test cases in the current suite
Test Method:		[unitTests.tests_validations_assertions.assertEquals_false_expectedToPass]
################################################################################################################################################
[ReportManager] Assertion [ValidateEquals] PASSED. Expected [1] and Actual [2]. Comparison Type [EQUALS]. Validation Type [NEGATIVE]. @26-10-2021 18:45:44.0026 P

################################################################################################################################################
Starting Execution:	[34 out of 143] test cases in the current suite
Test Method:		[unitTests.tests_validations_assertions.assertEquals_longCharacters]
################################################################################################################################################
[ReportManager] Verification [ValidateEquals] PASSED. Expected and Actual values are attached. Comparison Type [EQUALS]. Validation Type [POSITIVE]. @26-10-2021 18:45:44.0035 PM
[ReportManager] Successfully created attachment [Validation Test Data - Expected Value] @26-10-2021 18:45:44.0035 PM
[ReportManager] Successfully created attachment [Validation Test Data - Actual Value] @26-10-2021 18:45:44.0035 PM
[ReportManager] Assertion [ValidateEquals] PASSED. Expected and Actual values are attached. Comparison Type [EQUALS]. Validation Type [POSITIVE]. @26-10-2021 18:45:44.0036 PM
[ReportManager] Successfully created attachment [Validation Test Data - Expected Value] @26-10-2021 18:45:44.0036 PM
[ReportManager] Successfully created attachment [Validation Test Data - Actual Value] @26-10-2021 18:45:44.0040 P

################################################################################################################################################
Starting Execution:	[35 out of 143] test cases in the current suite
Test Method:		[unitTests.tests_validations_assertions.assertEquals_longCharacters_Discreet]
################################################################################################################################################
[ReportManager] Assertion [ValidateEquals] PASSED. Expected [1LH5pROcDBjjQk0t0mCr0lXuzQu9lcGj28kY8R1H81X67eVAQJgWQhILiRWVPUgZ6uCtK5cnBkF55Jr9vYngjGO1Iyf0Mktv6lruDlL9T8MAUPcUZJGHZtji6nIeadujDSNmWMj5d6C8zlFqw0CRqBU0hO5adIasHgBSNoLotAjce3NGXoDwAlp3rYreeV16VIyZXROQY] and Actual [1LH5pROcDBjjQk0t0mCr0lXuzQu9lcGj28kY8R1H81X67eVAQJgWQhILiRWVPUgZ6uCtK5cnBkF55Jr9vYngjGO1Iyf0Mktv6lruDlL9T8MAUPcUZJGHZtji6nIeadujDSNmWMj5d6C8zlFqw0CRqBU0hO5adIasHgBSNoLotAjce3NGXoDwAlp3rYreeV16VIyZXROQY]. Comparison Type [EQUALS]. Validation Type [POSITIVE]. @26-10-2021 18:45:44.0044 P

################################################################################################################################################
Starting Execution:	[36 out of 143] test cases in the current suite
Test Method:		[unitTests.tests_validations_assertions.assertEquals_true_expectedToFail]
################################################################################################################################################
[ReportManager] Assertion [ValidateEquals] FAILED. Expected [1] and Actual [2]. Comparison Type [EQUALS]. Validation Type [POSITIVE]. @26-10-2021 18:45:44.0047 P

################################################################################################################################################
Starting Execution:	[37 out of 143] test cases in the current suite
Test Method:		[unitTests.tests_validations_assertions.assertEquals_true_expectedToPass]
Test Description:	[Assert that assertEquals works as expected when the two values are equal.]
################################################################################################################################################
[ReportManager] Verification [ValidateEquals] PASSED. Expected [1] and Actual [1]. Comparison Type [EQUALS]. Validation Type [POSITIVE]. @26-10-2021 18:45:44.0058 PM
[ReportManager] Assertion [ValidateEquals] PASSED. Expected [1] and Actual [1]. Comparison Type [EQUALS]. Validation Type [POSITIVE]. @26-10-2021 18:45:44.0058 P

################################################################################################################################################
Starting Execution:	[38 out of 143] test cases in the current suite
Test Method:		[unitTests.tests_validations_assertions.assertEquals_true_expectedToPass__]
################################################################################################################################################
[ReportManager] Assertion [ValidateEquals] PASSED. Expected [1] and Actual [1]. Comparison Type [EQUALS]. Validation Type [POSITIVE]. @26-10-2021 18:45:44.0062 P

################################################################################################################################################
Starting Execution:	[39 out of 143] test cases in the current suite
Test Method:		[unitTests.tests_validations_assertions.assertFileExists_false_expectedToFail]
################################################################################################################################################
[ReportManager] File Action [DoesFileExist] successfully performed. With the following test data [File Path: "src/main/java/com/shaft/gui/element/ElementActions.java"]. @26-10-2021 18:45:44.0065 PM
[ReportManager] Assertion [ValidateFileExists] FAILED. Expected [File 'src/main/java/com/shaft/gui/element/ElementActions.java' should not exist, after up to '1' retries] and Actual [File exists]. Validation Type [NEGATIVE]. @26-10-2021 18:45:44.0072 P

################################################################################################################################################
Starting Execution:	[40 out of 143] test cases in the current suite
Test Method:		[unitTests.tests_validations_assertions.assertFileExists_false_expectedToPass]
################################################################################################################################################
[ReportManager] File Action [DoesFileExist] successfully performed. With the following test data [File Path: "src/main/java/com/shaft/gui/element/ElementActions.java_fail"]. @26-10-2021 18:45:44.0578 PM
[ReportManager] Assertion [ValidateFileExists] PASSED. Expected [File 'src/main/java/com/shaft/gui/element/ElementActions.java_fail' should not exist, after up to '1' retries] and Actual [File does not exist]. Validation Type [NEGATIVE]. @26-10-2021 18:45:44.0578 P

################################################################################################################################################
Starting Execution:	[41 out of 143] test cases in the current suite
Test Method:		[unitTests.tests_validations_assertions.assertFileExists_true_expectedToFail]
################################################################################################################################################
[ReportManager] File Action [DoesFileExist] successfully performed. With the following test data [File Path: "src/main/java/com/shaft/gui/element/ElementActions.java_fail"]. @26-10-2021 18:45:45.0084 PM
[ReportManager] Assertion [ValidateFileExists] FAILED. Expected [File 'src/main/java/com/shaft/gui/element/ElementActions.java_fail' should exist, after up to '1' retries] and Actual [File does not exist]. Validation Type [POSITIVE]. @26-10-2021 18:45:45.0084 P

################################################################################################################################################
Starting Execution:	[42 out of 143] test cases in the current suite
Test Method:		[unitTests.tests_validations_assertions.assertFileExists_true_expectedToPass]
################################################################################################################################################
[ReportManager] File Action [DoesFileExist] successfully performed. With the following test data [File Path: "src/main/java/com/shaft/gui/element/ElementActions.java"]. @26-10-2021 18:45:45.0090 PM
[ReportManager] Assertion [ValidateFileExists] PASSED. Expected [File 'src/main/java/com/shaft/gui/element/ElementActions.java' should exist, after up to '1' retries] and Actual [File exists]. Validation Type [POSITIVE]. @26-10-2021 18:45:45.0090 P

################################################################################################################################################
Starting Execution:	[43 out of 143] test cases in the current suite
Test Method:		[unitTests.tests_validations_assertions.assertNull_false_expectedToFail]
################################################################################################################################################
[ReportManager] Assertion [ValidateNull] FAILED. Expected [NULL] and Actual [NULL]. Comparison Type [EQUALS]. Validation Type [NEGATIVE]. @26-10-2021 18:45:45.0097 P

################################################################################################################################################
Starting Execution:	[44 out of 143] test cases in the current suite
Test Method:		[unitTests.tests_validations_assertions.assertNull_false_expectedToPass]
################################################################################################################################################
[ReportManager] Assertion [ValidateNull] PASSED. Expected [NULL] and Actual [1]. Comparison Type [EQUALS]. Validation Type [NEGATIVE]. @26-10-2021 18:45:45.0101 P

################################################################################################################################################
Starting Execution:	[45 out of 143] test cases in the current suite
Test Method:		[unitTests.tests_validations_assertions.assertNull_true_expectedToFail]
################################################################################################################################################
[ReportManager] Assertion [ValidateNull] FAILED. Expected [NULL] and Actual [1]. Comparison Type [EQUALS]. Validation Type [POSITIVE]. @26-10-2021 18:45:45.0105 P

################################################################################################################################################
Starting Execution:	[46 out of 143] test cases in the current suite
Test Method:		[unitTests.tests_validations_assertions.assertNull_true_expectedToPass]
################################################################################################################################################
[ReportManager] Assertion [ValidateNull] PASSED. Expected [NULL] and Actual [NULL]. Comparison Type [EQUALS]. Validation Type [POSITIVE]. @26-10-2021 18:45:45.0107 P

################################################################################################################################################
Starting Execution:	[47 out of 143] test cases in the current suite
Test Method:		[unitTests.tests_restActions.getPostsAndAssertBodyForSpecificTitle]
################################################################################################################################################
[ReportManager] Response status code: [200], status line: [HTTP/1.1 200 OK] @26-10-2021 18:45:47.0390 PM
[ReportManager] Assertion Passed: Evaluating the actual response status code against the expected one... @26-10-2021 18:45:47.0390 PM
[ReportManager] Assertion [ValidateEquals] PASSED. Expected [200] and Actual [200]. Comparison Type [EQUALS]. Validation Type [POSITIVE]. @26-10-2021 18:45:47.0390 PM
[ReportManager] API Action [PerformRequest] successfully performed. With the following test data [Request Type: "GET" | Target Status Code: "200" | Service URL: "https://jsonplaceholder.typicode.com/posts" | Content Type: "*/*" | Response Time: "900ms"]. @26-10-2021 18:45:48.0470 PM
[ReportManager] Successfully created attachment [API Request - Specifications] @26-10-2021 18:45:48.0470 PM
[ReportManager] Successfully created attachment [API Response - JSON Body] @26-10-2021 18:45:48.0770 PM
[ReportManager] API Action [GetResponseJSONValueAsList] successfully performed. @26-10-2021 18:45:48.0790 PM
[ReportManager] API Action [GetResponseJSONValue] successfully performed. With the following test data [title]. @26-10-2021 18:45:48.0814 PM
[ReportManager] API Action [GetResponseJSONValue] successfully performed. With the following test data [title]. @26-10-2021 18:45:48.0830 PM
[ReportManager] API Action [GetResponseJSONValue] successfully performed. With the following test data [body]. @26-10-2021 18:45:48.0844 PM
[ReportManager] Assertion [ValidateEquals] PASSED. Expected [qui neque nisi nulla] and Actual [est rerum tempore vitae
sequi sint nihil reprehenderit dolor beatae ea dolores neque
fugiat blanditiis voluptate porro vel nihil molestiae ut reiciendis
qui aperiam non debitis possimus qui neque nisi nulla]. Comparison Type [CONTAINS]. Validation Type [POSITIVE]. @26-10-2021 18:45:48.0845 PM
[ReportManager] API Action [GetResponseJSONValue] successfully performed. With the following test data [title]. @26-10-2021 18:45:48.0860 PM
[ReportManager] API Action [GetResponseJSONValue] successfully performed. With the following test data [title]. @26-10-2021 18:45:48.0873 PM
[ReportManager] API Action [GetResponseJSONValue] successfully performed. With the following test data [title]. @26-10-2021 18:45:48.0888 PM
[ReportManager] API Action [GetResponseJSONValue] successfully performed. With the following test data [title]. @26-10-2021 18:45:48.0902 PM
[ReportManager] API Action [GetResponseJSONValue] successfully performed. With the following test data [title]. @26-10-2021 18:45:48.0915 PM
[ReportManager] API Action [GetResponseJSONValue] successfully performed. With the following test data [title]. @26-10-2021 18:45:48.0929 PM
[ReportManager] API Action [GetResponseJSONValue] successfully performed. With the following test data [title]. @26-10-2021 18:45:48.0942 PM
[ReportManager] API Action [GetResponseJSONValue] successfully performed. With the following test data [title]. @26-10-2021 18:45:48.0956 PM
[ReportManager] API Action [GetResponseJSONValue] successfully performed. With the following test data [title]. @26-10-2021 18:45:48.0970 PM
[ReportManager] API Action [GetResponseJSONValue] successfully performed. With the following test data [title]. @26-10-2021 18:45:48.0984 PM
[ReportManager] API Action [GetResponseJSONValue] successfully performed. With the following test data [title]. @26-10-2021 18:45:48.0999 PM
[ReportManager] API Action [GetResponseJSONValue] successfully performed. With the following test data [title]. @26-10-2021 18:45:49.0015 PM
[ReportManager] API Action [GetResponseJSONValue] successfully performed. With the following test data [title]. @26-10-2021 18:45:49.0028 PM
[ReportManager] API Action [GetResponseJSONValue] successfully performed. With the following test data [title]. @26-10-2021 18:45:49.0042 PM
[ReportManager] API Action [GetResponseJSONValue] successfully performed. With the following test data [title]. @26-10-2021 18:45:49.0055 PM
[ReportManager] API Action [GetResponseJSONValue] successfully performed. With the following test data [title]. @26-10-2021 18:45:49.0069 PM
[ReportManager] API Action [GetResponseJSONValue] successfully performed. With the following test data [title]. @26-10-2021 18:45:49.0082 PM
[ReportManager] API Action [GetResponseJSONValue] successfully performed. With the following test data [title]. @26-10-2021 18:45:49.0095 PM
[ReportManager] API Action [GetResponseJSONValue] successfully performed. With the following test data [title]. @26-10-2021 18:45:49.0109 PM
[ReportManager] API Action [GetResponseJSONValue] successfully performed. With the following test data [title]. @26-10-2021 18:45:49.0122 PM
[ReportManager] API Action [GetResponseJSONValue] successfully performed. With the following test data [title]. @26-10-2021 18:45:49.0135 PM
[ReportManager] API Action [GetResponseJSONValue] successfully performed. With the following test data [title]. @26-10-2021 18:45:49.0149 PM
[ReportManager] API Action [GetResponseJSONValue] successfully performed. With the following test data [title]. @26-10-2021 18:45:49.0162 PM
[ReportManager] API Action [GetResponseJSONValue] successfully performed. With the following test data [title]. @26-10-2021 18:45:49.0174 PM
[ReportManager] API Action [GetResponseJSONValue] successfully performed. With the following test data [title]. @26-10-2021 18:45:49.0187 PM
[ReportManager] API Action [GetResponseJSONValue] successfully performed. With the following test data [title]. @26-10-2021 18:45:49.0200 PM
[ReportManager] API Action [GetResponseJSONValue] successfully performed. With the following test data [title]. @26-10-2021 18:45:49.0213 PM
[ReportManager] API Action [GetResponseJSONValue] successfully performed. With the following test data [title]. @26-10-2021 18:45:49.0226 PM
[ReportManager] API Action [GetResponseJSONValue] successfully performed. With the following test data [title]. @26-10-2021 18:45:49.0239 PM
[ReportManager] API Action [GetResponseJSONValue] successfully performed. With the following test data [title]. @26-10-2021 18:45:49.0251 PM
[ReportManager] API Action [GetResponseJSONValue] successfully performed. With the following test data [title]. @26-10-2021 18:45:49.0263 PM
[ReportManager] API Action [GetResponseJSONValue] successfully performed. With the following test data [title]. @26-10-2021 18:45:49.0276 PM
[ReportManager] API Action [GetResponseJSONValue] successfully performed. With the following test data [title]. @26-10-2021 18:45:49.0289 PM
[ReportManager] API Action [GetResponseJSONValue] successfully performed. With the following test data [title]. @26-10-2021 18:45:49.0302 PM
[ReportManager] API Action [GetResponseJSONValue] successfully performed. With the following test data [title]. @26-10-2021 18:45:49.0315 PM
[ReportManager] API Action [GetResponseJSONValue] successfully performed. With the following test data [title]. @26-10-2021 18:45:49.0327 PM
[ReportManager] API Action [GetResponseJSONValue] successfully performed. With the following test data [title]. @26-10-2021 18:45:49.0339 PM
[ReportManager] API Action [GetResponseJSONValue] successfully performed. With the following test data [title]. @26-10-2021 18:45:49.0351 PM
[ReportManager] API Action [GetResponseJSONValue] successfully performed. With the following test data [title]. @26-10-2021 18:45:49.0364 PM
[ReportManager] API Action [GetResponseJSONValue] successfully performed. With the following test data [title]. @26-10-2021 18:45:49.0377 PM
[ReportManager] API Action [GetResponseJSONValue] successfully performed. With the following test data [title]. @26-10-2021 18:45:49.0389 PM
[ReportManager] API Action [GetResponseJSONValue] successfully performed. With the following test data [title]. @26-10-2021 18:45:49.0402 PM
[ReportManager] API Action [GetResponseJSONValue] successfully performed. With the following test data [title]. @26-10-2021 18:45:49.0414 PM
[ReportManager] API Action [GetResponseJSONValue] successfully performed. With the following test data [title]. @26-10-2021 18:45:49.0427 PM
[ReportManager] API Action [GetResponseJSONValue] successfully performed. With the following test data [title]. @26-10-2021 18:45:49.0440 PM
[ReportManager] API Action [GetResponseJSONValue] successfully performed. With the following test data [title]. @26-10-2021 18:45:49.0453 PM
[ReportManager] API Action [GetResponseJSONValue] successfully performed. With the following test data [title]. @26-10-2021 18:45:49.0466 PM
[ReportManager] API Action [GetResponseJSONValue] successfully performed. With the following test data [title]. @26-10-2021 18:45:49.0478 PM
[ReportManager] API Action [GetResponseJSONValue] successfully performed. With the following test data [title]. @26-10-2021 18:45:49.0491 PM
[ReportManager] API Action [GetResponseJSONValue] successfully performed. With the following test data [title]. @26-10-2021 18:45:49.0504 PM
[ReportManager] API Action [GetResponseJSONValue] successfully performed. With the following test data [title]. @26-10-2021 18:45:49.0517 PM
[ReportManager] API Action [GetResponseJSONValue] successfully performed. With the following test data [title]. @26-10-2021 18:45:49.0530 PM
[ReportManager] API Action [GetResponseJSONValue] successfully performed. With the following test data [title]. @26-10-2021 18:45:49.0542 PM
[ReportManager] API Action [GetResponseJSONValue] successfully performed. With the following test data [title]. @26-10-2021 18:45:49.0554 PM
[ReportManager] API Action [GetResponseJSONValue] successfully performed. With the following test data [title]. @26-10-2021 18:45:49.0566 PM
[ReportManager] API Action [GetResponseJSONValue] successfully performed. With the following test data [title]. @26-10-2021 18:45:49.0579 PM
[ReportManager] API Action [GetResponseJSONValue] successfully performed. With the following test data [title]. @26-10-2021 18:45:49.0591 PM
[ReportManager] API Action [GetResponseJSONValue] successfully performed. With the following test data [title]. @26-10-2021 18:45:49.0603 PM
[ReportManager] API Action [GetResponseJSONValue] successfully performed. With the following test data [title]. @26-10-2021 18:45:49.0616 PM
[ReportManager] API Action [GetResponseJSONValue] successfully performed. With the following test data [title]. @26-10-2021 18:45:49.0645 PM
[ReportManager] API Action [GetResponseJSONValue] successfully performed. With the following test data [title]. @26-10-2021 18:45:49.0658 PM
[ReportManager] API Action [GetResponseJSONValue] successfully performed. With the following test data [title]. @26-10-2021 18:45:49.0670 PM
[ReportManager] API Action [GetResponseJSONValue] successfully performed. With the following test data [title]. @26-10-2021 18:45:49.0682 PM
[ReportManager] API Action [GetResponseJSONValue] successfully performed. With the following test data [title]. @26-10-2021 18:45:49.0694 PM
[ReportManager] API Action [GetResponseJSONValue] successfully performed. With the following test data [title]. @26-10-2021 18:45:49.0706 PM
[ReportManager] API Action [GetResponseJSONValue] successfully performed. With the following test data [title]. @26-10-2021 18:45:49.0718 PM
[ReportManager] API Action [GetResponseJSONValue] successfully performed. With the following test data [title]. @26-10-2021 18:45:49.0730 PM
[ReportManager] API Action [GetResponseJSONValue] successfully performed. With the following test data [title]. @26-10-2021 18:45:49.0742 PM
[ReportManager] API Action [GetResponseJSONValue] successfully performed. With the following test data [title]. @26-10-2021 18:45:49.0754 PM
[ReportManager] API Action [GetResponseJSONValue] successfully performed. With the following test data [title]. @26-10-2021 18:45:49.0766 PM
[ReportManager] API Action [GetResponseJSONValue] successfully performed. With the following test data [title]. @26-10-2021 18:45:49.0778 PM
[ReportManager] API Action [GetResponseJSONValue] successfully performed. With the following test data [title]. @26-10-2021 18:45:49.0790 PM
[ReportManager] API Action [GetResponseJSONValue] successfully performed. With the following test data [title]. @26-10-2021 18:45:49.0802 PM
[ReportManager] API Action [GetResponseJSONValue] successfully performed. With the following test data [title]. @26-10-2021 18:45:49.0814 PM
[ReportManager] API Action [GetResponseJSONValue] successfully performed. With the following test data [title]. @26-10-2021 18:45:49.0826 PM
[ReportManager] API Action [GetResponseJSONValue] successfully performed. With the following test data [title]. @26-10-2021 18:45:49.0837 PM
[ReportManager] API Action [GetResponseJSONValue] successfully performed. With the following test data [title]. @26-10-2021 18:45:49.0849 PM
[ReportManager] API Action [GetResponseJSONValue] successfully performed. With the following test data [title]. @26-10-2021 18:45:49.0861 PM
[ReportManager] API Action [GetResponseJSONValue] successfully performed. With the following test data [title]. @26-10-2021 18:45:49.0873 PM
[ReportManager] API Action [GetResponseJSONValue] successfully performed. With the following test data [title]. @26-10-2021 18:45:49.0884 PM
[ReportManager] API Action [GetResponseJSONValue] successfully performed. With the following test data [title]. @26-10-2021 18:45:49.0897 PM
[ReportManager] API Action [GetResponseJSONValue] successfully performed. With the following test data [title]. @26-10-2021 18:45:49.0909 PM
[ReportManager] API Action [GetResponseJSONValue] successfully performed. With the following test data [title]. @26-10-2021 18:45:49.0921 PM
[ReportManager] API Action [GetResponseJSONValue] successfully performed. With the following test data [title]. @26-10-2021 18:45:49.0933 PM
[ReportManager] API Action [GetResponseJSONValue] successfully performed. With the following test data [title]. @26-10-2021 18:45:49.0945 PM
[ReportManager] API Action [GetResponseJSONValue] successfully performed. With the following test data [title]. @26-10-2021 18:45:49.0957 PM
[ReportManager] API Action [GetResponseJSONValue] successfully performed. With the following test data [title]. @26-10-2021 18:45:49.0969 PM
[ReportManager] API Action [GetResponseJSONValue] successfully performed. With the following test data [title]. @26-10-2021 18:45:49.0981 PM
[ReportManager] API Action [GetResponseJSONValue] successfully performed. With the following test data [title]. @26-10-2021 18:45:49.0993 PM
[ReportManager] API Action [GetResponseJSONValue] successfully performed. With the following test data [title]. @26-10-2021 18:45:50.0006 PM
[ReportManager] API Action [GetResponseJSONValue] successfully performed. With the following test data [title]. @26-10-2021 18:45:50.0019 PM
[ReportManager] API Action [GetResponseJSONValue] successfully performed. With the following test data [title]. @26-10-2021 18:45:50.0031 PM
[ReportManager] API Action [GetResponseJSONValue] successfully performed. With the following test data [title]. @26-10-2021 18:45:50.0043 PM
[ReportManager] API Action [GetResponseJSONValue] successfully performed. With the following test data [title]. @26-10-2021 18:45:50.0055 PM
[ReportManager] API Action [GetResponseJSONValue] successfully performed. With the following test data [title]. @26-10-2021 18:45:50.0066 PM
[ReportManager] API Action [GetResponseJSONValue] successfully performed. With the following test data [title]. @26-10-2021 18:45:50.0078 PM
[ReportManager] API Action [GetResponseJSONValue] successfully performed. With the following test data [title]. @26-10-2021 18:45:50.0090 PM
[ReportManager] API Action [GetResponseJSONValue] successfully performed. With the following test data [title]. @26-10-2021 18:45:50.0102 P

################################################################################################################################################
Starting Execution:	[48 out of 143] test cases in the current suite
Test Method:		[unitTests.tests_restActions.validateUserEmail]
################################################################################################################################################
[ReportManager] Response status code: [200], status line: [HTTP/1.1 200 OK] @26-10-2021 18:45:50.0183 PM
[ReportManager] Assertion Passed: Evaluating the actual response status code against the expected one... @26-10-2021 18:45:50.0184 PM
[ReportManager] Assertion [ValidateEquals] PASSED. Expected [200] and Actual [200]. Comparison Type [EQUALS]. Validation Type [POSITIVE]. @26-10-2021 18:45:50.0184 PM
[ReportManager] API Action [PerformRequest] successfully performed. With the following test data [Request Type: "GET" | Target Status Code: "200" | Service URL: "https://jsonplaceholder.typicode.com/users" | Content Type: "*/*" | Response Time: "71ms"]. @26-10-2021 18:45:50.0204 PM
[ReportManager] Successfully created attachment [API Request - Specifications] @26-10-2021 18:45:50.0204 PM
[ReportManager] Successfully created attachment [API Response - JSON Body] @26-10-2021 18:45:50.0205 PM
[ReportManager] Assertion [ValidateEquals] PASSED. Expected and Actual values are attached. Comparison Type [CONTAINS]. Validation Type [POSITIVE]. @26-10-2021 18:45:50.0205 PM
[ReportManager] Successfully created attachment [Validation Test Data - Expected Value] @26-10-2021 18:45:50.0206 PM
[ReportManager] Successfully created attachment [Validation Test Data - Actual Value] @26-10-2021 18:45:50.0206 PM
[ReportManager] API Action [GetResponseJSONValueAsList] successfully performed. With the following test data [$]. @26-10-2021 18:45:50.0210 PM
[ReportManager] API Action [GetResponseJSONValue] successfully performed. With the following test data [name]. @26-10-2021 18:45:50.0223 PM
[ReportManager] API Action [GetResponseJSONValue] successfully performed. With the following test data [email]. @26-10-2021 18:45:50.0235 PM
[ReportManager] Assertion [ValidateEquals] PASSED. Expected [Sincere@april.biz] and Actual [Sincere@april.biz]. Comparison Type [EQUALS]. Validation Type [POSITIVE]. @26-10-2021 18:45:50.0235 PM
[ReportManager] API Action [GetResponseJSONValue] successfully performed. With the following test data [name]. @26-10-2021 18:45:50.0247 PM
[ReportManager] API Action [GetResponseJSONValue] successfully performed. With the following test data [name]. @26-10-2021 18:45:50.0260 PM
[ReportManager] API Action [GetResponseJSONValue] successfully performed. With the following test data [name]. @26-10-2021 18:45:50.0272 PM
[ReportManager] API Action [GetResponseJSONValue] successfully performed. With the following test data [name]. @26-10-2021 18:45:50.0284 PM
[ReportManager] API Action [GetResponseJSONValue] successfully performed. With the following test data [name]. @26-10-2021 18:45:50.0296 PM
[ReportManager] API Action [GetResponseJSONValue] successfully performed. With the following test data [name]. @26-10-2021 18:45:50.0309 PM
[ReportManager] API Action [GetResponseJSONValue] successfully performed. With the following test data [name]. @26-10-2021 18:45:50.0321 PM
[ReportManager] API Action [GetResponseJSONValue] successfully performed. With the following test data [name]. @26-10-2021 18:45:50.0333 PM
[ReportManager] API Action [GetResponseJSONValue] successfully performed. With the following test data [name]. @26-10-2021 18:45:50.0345 P
[ReportManager] File Action [GetAbsolutePath] successfully performed. With the following test data [Relative Folder Path: "target/downloadedFiles/"]. @26-10-2021 18:45:50.0356 PM
[ReportManager] Attempting to run remotely on: [Linux-64], [GoogleChrome], [http://localhost:4444/wd/hub], Headless Execution. @26-10-2021 18:45:50.0356 PM
[ReportManager] Successfully Opened [GoogleChrome]. @26-10-2021 18:45:52.0195 PM
[ReportManager] Target URL: [https://duckduckgo.com] @26-10-2021 18:45:52.0195 PM
[ReportManager] Initial URL: [data:,] @26-10-2021 18:45:52.0268 PM
[ReportManager] Browser Action [NavigateToURL] successfully performed. With the following test data [https://duckduckgo.com]. @26-10-2021 18:45:53.0114 P

################################################################################################################################################
Starting Execution:	[49 out of 143] test cases in the current suite
Test Method:		[unitTests.tests_browserActions.fullScreenWindow]
################################################################################################################################################
[ReportManager] Initial Windows Size: 1920x1080 @26-10-2021 18:45:53.0143 PM
[ReportManager] Initial window size: (1920, 1080) @26-10-2021 18:45:53.0156 PM
[ReportManager] Window size after Toolkit: (1920, 1080) @26-10-2021 18:45:53.0408 PM
[ReportManager] Browser Action [MaximizeWindow] successfully performed. With the following test data [New screen size is now: (1920, 1080)]. @26-10-2021 18:45:53.0418 PM
[ReportManager] Current Windows Size after fullScreen: 1920x1080 @26-10-2021 18:45:53.0440 PM
[ReportManager] Browser Action [FullScreenWindow] successfully performed. @26-10-2021 18:45:53.0455 PM
[ReportManager] Successfully created attachment [Browser Action Test Data - FullScreenWindow - Actual Value] @26-10-2021 18:45:53.0458 P
[ReportManager] Target URL: [https://duckduckgo.com] @26-10-2021 18:45:53.0471 PM
[ReportManager] Initial URL: [https://duckduckgo.com] @26-10-2021 18:45:53.0599 PM
[ReportManager] Browser Action [NavigateToURL] successfully performed. With the following test data [https://duckduckgo.com]. @26-10-2021 18:45:54.0034 PM
[ReportManager] Browser Action [CloseCurrentWindow] successfully performed. @26-10-2021 18:45:54.0199 PM
[ReportManager] Successfully created attachment [Browser Action Test Data - CloseCurrentWindow - Actual Value] @26-10-2021 18:45:54.0201 P
[ReportManager] File Action [GetAbsolutePath] successfully performed. With the following test data [Relative Folder Path: "target/downloadedFiles/"]. @26-10-2021 18:45:54.0203 PM
[ReportManager] Attempting to run remotely on: [Linux-64], [GoogleChrome], [http://localhost:4444/wd/hub], Headless Execution. @26-10-2021 18:45:54.0203 PM
[ReportManager] Successfully Opened [GoogleChrome]. @26-10-2021 18:45:57.0172 PM
[ReportManager] Target URL: [https://duckduckgo.com] @26-10-2021 18:45:57.0172 PM
[ReportManager] Initial URL: [data:,] @26-10-2021 18:45:57.0260 PM
[ReportManager] Browser Action [NavigateToURL] successfully performed. With the following test data [https://duckduckgo.com]. @26-10-2021 18:45:57.0840 P

################################################################################################################################################
Starting Execution:	[50 out of 143] test cases in the current suite
Test Method:		[unitTests.tests_browserActions.getCurrentURL]
################################################################################################################################################
[ReportManager] Browser Action [GetCurrentURL] successfully performed. With the following test data [https://duckduckgo.com/]. @26-10-2021 18:45:57.0889 P
[ReportManager] Target URL: [https://duckduckgo.com] @26-10-2021 18:45:57.0891 PM
[ReportManager] Initial URL: [https://duckduckgo.com] @26-10-2021 18:45:57.0974 PM
[ReportManager] Browser Action [NavigateToURL] successfully performed. With the following test data [https://duckduckgo.com]. @26-10-2021 18:45:58.0384 PM
[ReportManager] Browser Action [CloseCurrentWindow] successfully performed. @26-10-2021 18:45:58.0505 PM
[ReportManager] Successfully created attachment [Browser Action Test Data - CloseCurrentWindow - Actual Value] @26-10-2021 18:45:58.0505 P
[ReportManager] File Action [GetAbsolutePath] successfully performed. With the following test data [Relative Folder Path: "target/downloadedFiles/"]. @26-10-2021 18:45:58.0508 PM
[ReportManager] Attempting to run remotely on: [Linux-64], [GoogleChrome], [http://localhost:4444/wd/hub], Headless Execution. @26-10-2021 18:45:58.0508 PM
[ReportManager] Successfully Opened [GoogleChrome]. @26-10-2021 18:46:02.0197 PM
[ReportManager] Target URL: [https://duckduckgo.com] @26-10-2021 18:46:02.0198 PM
[ReportManager] Initial URL: [data:,] @26-10-2021 18:46:02.0326 PM
[ReportManager] Browser Action [NavigateToURL] successfully performed. With the following test data [https://duckduckgo.com]. @26-10-2021 18:46:02.0899 P

################################################################################################################################################
Starting Execution:	[51 out of 143] test cases in the current suite
Test Method:		[unitTests.tests_browserActions.getCurrentWindowTitle]
################################################################################################################################################
[ReportManager] Browser Action [GetCurrentWindowTitle] successfully performed. With the following test data [DuckDuckGo  Privacy, simplified.]. @26-10-2021 18:46:02.0954 P
[ReportManager] Target URL: [https://duckduckgo.com] @26-10-2021 18:46:02.0961 PM
[ReportManager] Initial URL: [https://duckduckgo.com] @26-10-2021 18:46:03.0059 PM
[ReportManager] Browser Action [NavigateToURL] successfully performed. With the following test data [https://duckduckgo.com]. @26-10-2021 18:46:03.0456 PM
[ReportManager] Browser Action [CloseCurrentWindow] successfully performed. @26-10-2021 18:46:03.0586 PM
[ReportManager] Successfully created attachment [Browser Action Test Data - CloseCurrentWindow - Actual Value] @26-10-2021 18:46:03.0587 P
[ReportManager] File Action [GetAbsolutePath] successfully performed. With the following test data [Relative Folder Path: "target/downloadedFiles/"]. @26-10-2021 18:46:03.0589 PM
[ReportManager] Attempting to run remotely on: [Linux-64], [GoogleChrome], [http://localhost:4444/wd/hub], Headless Execution. @26-10-2021 18:46:03.0590 PM
[ReportManager] Successfully Opened [GoogleChrome]. @26-10-2021 18:46:07.0266 PM
[ReportManager] Target URL: [https://duckduckgo.com] @26-10-2021 18:46:07.0266 PM
[ReportManager] Initial URL: [data:,] @26-10-2021 18:46:07.0366 PM
[ReportManager] Browser Action [NavigateToURL] successfully performed. With the following test data [https://duckduckgo.com]. @26-10-2021 18:46:07.0952 P

################################################################################################################################################
Starting Execution:	[52 out of 143] test cases in the current suite
Test Method:		[unitTests.tests_browserActions.getPageSource]
################################################################################################################################################
[ReportManager] Browser Action [GetPageSource] successfully performed. @26-10-2021 18:46:08.0040 PM
[ReportManager] Successfully created attachment [Browser Action Test Data - GetPageSource - Actual Value] @26-10-2021 18:46:08.0040 P
[ReportManager] Target URL: [https://duckduckgo.com] @26-10-2021 18:46:08.0043 PM
[ReportManager] Initial URL: [https://duckduckgo.com] @26-10-2021 18:46:08.0163 PM
[ReportManager] Browser Action [NavigateToURL] successfully performed. With the following test data [https://duckduckgo.com]. @26-10-2021 18:46:08.0558 PM
[ReportManager] Browser Action [CloseCurrentWindow] successfully performed. @26-10-2021 18:46:08.0731 PM
[ReportManager] Successfully created attachment [Browser Action Test Data - CloseCurrentWindow - Actual Value] @26-10-2021 18:46:08.0732 P
[ReportManager] File Action [GetAbsolutePath] successfully performed. With the following test data [Relative Folder Path: "target/downloadedFiles/"]. @26-10-2021 18:46:08.0736 PM
[ReportManager] Attempting to run remotely on: [Linux-64], [GoogleChrome], [http://localhost:4444/wd/hub], Headless Execution. @26-10-2021 18:46:08.0737 PM
[ReportManager] Successfully Opened [GoogleChrome]. @26-10-2021 18:46:12.0178 PM
[ReportManager] Target URL: [https://duckduckgo.com] @26-10-2021 18:46:12.0178 PM
[ReportManager] Initial URL: [data:,] @26-10-2021 18:46:12.0241 PM
[ReportManager] Browser Action [NavigateToURL] successfully performed. With the following test data [https://duckduckgo.com]. @26-10-2021 18:46:12.0845 P

################################################################################################################################################
Starting Execution:	[53 out of 143] test cases in the current suite
Test Method:		[unitTests.tests_browserActions.getWindowHandle]
################################################################################################################################################
[ReportManager] Browser Action [GetWindowHandle] successfully performed. With the following test data [CDwindow-6B5EE5BD3F7222F4E0A3E93CD9C6D976]. @26-10-2021 18:46:12.0931 P
[ReportManager] Target URL: [https://duckduckgo.com] @26-10-2021 18:46:12.0934 PM
[ReportManager] Initial URL: [https://duckduckgo.com] @26-10-2021 18:46:12.0996 PM
[ReportManager] Browser Action [NavigateToURL] successfully performed. With the following test data [https://duckduckgo.com]. @26-10-2021 18:46:13.0419 PM
[ReportManager] Browser Action [CloseCurrentWindow] successfully performed. @26-10-2021 18:46:13.0542 PM
[ReportManager] Successfully created attachment [Browser Action Test Data - CloseCurrentWindow - Actual Value] @26-10-2021 18:46:13.0543 P
[ReportManager] File Action [GetAbsolutePath] successfully performed. With the following test data [Relative Folder Path: "target/downloadedFiles/"]. @26-10-2021 18:46:13.0547 PM
[ReportManager] Attempting to run remotely on: [Linux-64], [GoogleChrome], [http://localhost:4444/wd/hub], Headless Execution. @26-10-2021 18:46:13.0548 PM
[ReportManager] Successfully Opened [GoogleChrome]. @26-10-2021 18:46:17.0183 PM
[ReportManager] Target URL: [https://duckduckgo.com] @26-10-2021 18:46:17.0183 PM
[ReportManager] Initial URL: [data:,] @26-10-2021 18:46:17.0270 PM
[ReportManager] Browser Action [NavigateToURL] successfully performed. With the following test data [https://duckduckgo.com]. @26-10-2021 18:46:17.0933 P

################################################################################################################################################
Starting Execution:	[54 out of 143] test cases in the current suite
Test Method:		[unitTests.tests_browserActions.getWindowPosition]
################################################################################################################################################
[ReportManager] Browser Action [GetWindowPosition] successfully performed. With the following test data [(0, 0)]. @26-10-2021 18:46:18.0025 P
[ReportManager] Target URL: [https://duckduckgo.com] @26-10-2021 18:46:18.0036 PM
[ReportManager] Initial URL: [https://duckduckgo.com] @26-10-2021 18:46:18.0212 PM
[ReportManager] Browser Action [NavigateToURL] successfully performed. With the following test data [https://duckduckgo.com]. @26-10-2021 18:46:18.0658 PM
[ReportManager] Browser Action [CloseCurrentWindow] successfully performed. @26-10-2021 18:46:18.0901 PM
[ReportManager] Successfully created attachment [Browser Action Test Data - CloseCurrentWindow - Actual Value] @26-10-2021 18:46:18.0902 P
[ReportManager] File Action [GetAbsolutePath] successfully performed. With the following test data [Relative Folder Path: "target/downloadedFiles/"]. @26-10-2021 18:46:18.0905 PM
[ReportManager] Attempting to run remotely on: [Linux-64], [GoogleChrome], [http://localhost:4444/wd/hub], Headless Execution. @26-10-2021 18:46:18.0905 PM
[ReportManager] Successfully Opened [GoogleChrome]. @26-10-2021 18:46:22.0180 PM
[ReportManager] Target URL: [https://duckduckgo.com] @26-10-2021 18:46:22.0180 PM
[ReportManager] Initial URL: [data:,] @26-10-2021 18:46:22.0259 PM
[ReportManager] Browser Action [NavigateToURL] successfully performed. With the following test data [https://duckduckgo.com]. @26-10-2021 18:46:22.0877 P

################################################################################################################################################
Starting Execution:	[55 out of 143] test cases in the current suite
Test Method:		[unitTests.tests_browserActions.getWindowSize]
################################################################################################################################################
[ReportManager] Browser Action [GetWindowSize] successfully performed. With the following test data [(1920, 1080)]. @26-10-2021 18:46:22.0984 P
[ReportManager] Target URL: [https://duckduckgo.com] @26-10-2021 18:46:22.0997 PM
[ReportManager] Initial URL: [https://duckduckgo.com] @26-10-2021 18:46:23.0100 PM
[ReportManager] Browser Action [NavigateToURL] successfully performed. With the following test data [https://duckduckgo.com]. @26-10-2021 18:46:23.0530 PM
[ReportManager] Browser Action [CloseCurrentWindow] successfully performed. @26-10-2021 18:46:23.0706 PM
[ReportManager] Successfully created attachment [Browser Action Test Data - CloseCurrentWindow - Actual Value] @26-10-2021 18:46:23.0707 P
[ReportManager] File Action [GetAbsolutePath] successfully performed. With the following test data [Relative Folder Path: "target/downloadedFiles/"]. @26-10-2021 18:46:23.0709 PM
[ReportManager] Attempting to run remotely on: [Linux-64], [GoogleChrome], [http://localhost:4444/wd/hub], Headless Execution. @26-10-2021 18:46:23.0709 PM
[ReportManager] Successfully Opened [GoogleChrome]. @26-10-2021 18:46:27.0181 PM
[ReportManager] Target URL: [https://duckduckgo.com] @26-10-2021 18:46:27.0181 PM
[ReportManager] Initial URL: [data:,] @26-10-2021 18:46:27.0256 PM
[ReportManager] Browser Action [NavigateToURL] successfully performed. With the following test data [https://duckduckgo.com]. @26-10-2021 18:46:27.0881 P

################################################################################################################################################
Starting Execution:	[56 out of 143] test cases in the current suite
Test Method:		[unitTests.tests_browserActions.maximizeWindow]
################################################################################################################################################
[ReportManager] Initial window size: (1920, 1080) @26-10-2021 18:46:27.0897 PM
[ReportManager] Window size after Toolkit: (1920, 1080) @26-10-2021 18:46:28.0133 PM
[ReportManager] Browser Action [MaximizeWindow] successfully performed. With the following test data [New screen size is now: (1920, 1080)]. @26-10-2021 18:46:28.0146 P
[ReportManager] Target URL: [https://duckduckgo.com] @26-10-2021 18:46:28.0150 PM
[ReportManager] Initial URL: [https://duckduckgo.com] @26-10-2021 18:46:28.0271 PM
[ReportManager] Browser Action [NavigateToURL] successfully performed. With the following test data [https://duckduckgo.com]. @26-10-2021 18:46:28.0742 PM
[ReportManager] Browser Action [CloseCurrentWindow] successfully performed. @26-10-2021 18:46:28.0904 PM
[ReportManager] Successfully created attachment [Browser Action Test Data - CloseCurrentWindow - Actual Value] @26-10-2021 18:46:28.0905 P
[ReportManager] File Action [GetAbsolutePath] successfully performed. With the following test data [Relative Folder Path: "target/downloadedFiles/"]. @26-10-2021 18:46:28.0907 PM
[ReportManager] Attempting to run remotely on: [Linux-64], [GoogleChrome], [http://localhost:4444/wd/hub], Headless Execution. @26-10-2021 18:46:28.0907 PM
[ReportManager] Successfully Opened [GoogleChrome]. @26-10-2021 18:46:32.0204 PM
[ReportManager] Target URL: [https://duckduckgo.com] @26-10-2021 18:46:32.0204 PM
[ReportManager] Initial URL: [data:,] @26-10-2021 18:46:32.0277 PM
[ReportManager] Browser Action [NavigateToURL] successfully performed. With the following test data [https://duckduckgo.com]. @26-10-2021 18:46:32.0838 P

################################################################################################################################################
Starting Execution:	[57 out of 143] test cases in the current suite
Test Method:		[unitTests.tests_browserActions.navigateBack]
################################################################################################################################################
[ReportManager] Target URL: [https://www.google.com/ncr], and after redirection: [https://www.google.com] @26-10-2021 18:46:32.0844 PM
[ReportManager] Initial URL: [https://duckduckgo.com] @26-10-2021 18:46:32.0962 PM
[ReportManager] Browser Action [NavigateToURL] successfully performed. With the following test data [https://www.google.com/ncr]. @26-10-2021 18:46:33.0889 PM
[ReportManager] Browser Action [NavigateBack] successfully performed. With the following test data [https://duckduckgo.com/]. @26-10-2021 18:46:34.0401 PM
[ReportManager] Browser Action [GetCurrentURL] successfully performed. With the following test data [https://duckduckgo.com/]. @26-10-2021 18:46:34.0437 PM
[ReportManager] Assertion Passed: Confirming that navigating back was successful @26-10-2021 18:46:34.0859 PM
[ReportManager] Successfully created attachment [Screenshot - 1635273994652_navigateBack_ValidateBrowserAttribute_passed] @26-10-2021 18:46:34.0861 PM
[ReportManager] Assertion [ValidateBrowserAttribute] PASSED. Expected [Value Should be 'https://duckduckgo.com' for the 'CurrentUrl' attribute] and Actual [https://duckduckgo.com/]. Comparison Type [CONTAINS]. Validation Type [POSITIVE]. @26-10-2021 18:46:34.0861 P
[ReportManager] Target URL: [https://duckduckgo.com] @26-10-2021 18:46:34.0863 PM
[ReportManager] Initial URL: [https://duckduckgo.com] @26-10-2021 18:46:34.0955 PM
[ReportManager] Browser Action [NavigateToURL] successfully performed. With the following test data [https://duckduckgo.com]. @26-10-2021 18:46:35.0347 PM
[ReportManager] Browser Action [CloseCurrentWindow] successfully performed. @26-10-2021 18:46:35.0488 PM
[ReportManager] Successfully created attachment [Browser Action Test Data - CloseCurrentWindow - Actual Value] @26-10-2021 18:46:35.0489 P
[ReportManager] File Action [GetAbsolutePath] successfully performed. With the following test data [Relative Folder Path: "target/downloadedFiles/"]. @26-10-2021 18:46:35.0493 PM
[ReportManager] Attempting to run remotely on: [Linux-64], [GoogleChrome], [http://localhost:4444/wd/hub], Headless Execution. @26-10-2021 18:46:35.0493 PM
[ReportManager] Successfully Opened [GoogleChrome]. @26-10-2021 18:46:37.0202 PM
[ReportManager] Target URL: [https://duckduckgo.com] @26-10-2021 18:46:37.0202 PM
[ReportManager] Initial URL: [data:,] @26-10-2021 18:46:37.0308 PM
[ReportManager] Browser Action [NavigateToURL] successfully performed. With the following test data [https://duckduckgo.com]. @26-10-2021 18:46:37.0851 P

################################################################################################################################################
Starting Execution:	[58 out of 143] test cases in the current suite
Test Method:		[unitTests.tests_browserActions.navigateForward]
################################################################################################################################################
[ReportManager] Target URL: [https://www.google.com/ncr], and after redirection: [https://www.google.com] @26-10-2021 18:46:37.0853 PM
[ReportManager] Initial URL: [https://duckduckgo.com] @26-10-2021 18:46:37.0957 PM
[ReportManager] Browser Action [NavigateToURL] successfully performed. With the following test data [https://www.google.com/ncr]. @26-10-2021 18:46:38.0874 PM
[ReportManager] Browser Action [NavigateBack] successfully performed. With the following test data [https://duckduckgo.com/]. @26-10-2021 18:46:39.0390 PM
[ReportManager] Browser Action [NavigateForward] successfully performed. With the following test data [https://www.google.com/]. @26-10-2021 18:46:40.0031 P
[ReportManager] Target URL: [https://duckduckgo.com] @26-10-2021 18:46:40.0033 PM
[ReportManager] Initial URL: [https://www.google.com] @26-10-2021 18:46:40.0145 PM
[ReportManager] Browser Action [NavigateToURL] successfully performed. With the following test data [https://duckduckgo.com]. @26-10-2021 18:46:40.0765 PM
[ReportManager] Browser Action [CloseCurrentWindow] successfully performed. @26-10-2021 18:46:40.0887 PM
[ReportManager] Successfully created attachment [Browser Action Test Data - CloseCurrentWindow - Actual Value] @26-10-2021 18:46:40.0887 P
[ReportManager] File Action [GetAbsolutePath] successfully performed. With the following test data [Relative Folder Path: "target/downloadedFiles/"]. @26-10-2021 18:46:40.0889 PM
[ReportManager] Attempting to run remotely on: [Linux-64], [GoogleChrome], [http://localhost:4444/wd/hub], Headless Execution. @26-10-2021 18:46:40.0890 PM
[ReportManager] Successfully Opened [GoogleChrome]. @26-10-2021 18:46:42.0168 PM
[ReportManager] Target URL: [https://duckduckgo.com] @26-10-2021 18:46:42.0168 PM
[ReportManager] Initial URL: [data:,] @26-10-2021 18:46:42.0251 PM
[ReportManager] Browser Action [NavigateToURL] successfully performed. With the following test data [https://duckduckgo.com]. @26-10-2021 18:46:42.0856 P

################################################################################################################################################
Starting Execution:	[59 out of 143] test cases in the current suite
Test Method:		[unitTests.tests_browserActions.navigateToURL]
################################################################################################################################################
[ReportManager] Target URL: [https://duckduckgo.com] @26-10-2021 18:46:42.0866 PM
[ReportManager] Initial URL: [https://duckduckgo.com] @26-10-2021 18:46:42.0992 PM
[ReportManager] Browser Action [NavigateToURL] successfully performed. With the following test data [https://duckduckgo.com]. @26-10-2021 18:46:43.0412 P
[ReportManager] Target URL: [https://duckduckgo.com] @26-10-2021 18:46:43.0417 PM
[ReportManager] Initial URL: [https://duckduckgo.com] @26-10-2021 18:46:43.0506 PM
[ReportManager] Browser Action [NavigateToURL] successfully performed. With the following test data [https://duckduckgo.com]. @26-10-2021 18:46:43.0815 PM
[ReportManager] Browser Action [CloseCurrentWindow] successfully performed. @26-10-2021 18:46:43.0949 PM
[ReportManager] Successfully created attachment [Browser Action Test Data - CloseCurrentWindow - Actual Value] @26-10-2021 18:46:43.0950 P
[ReportManager] File Action [GetAbsolutePath] successfully performed. With the following test data [Relative Folder Path: "target/downloadedFiles/"]. @26-10-2021 18:46:43.0956 PM
[ReportManager] Attempting to run remotely on: [Linux-64], [GoogleChrome], [http://localhost:4444/wd/hub], Headless Execution. @26-10-2021 18:46:43.0957 PM
[ReportManager] Successfully Opened [GoogleChrome]. @26-10-2021 18:46:47.0184 PM
[ReportManager] Target URL: [https://duckduckgo.com] @26-10-2021 18:46:47.0184 PM
[ReportManager] Initial URL: [data:,] @26-10-2021 18:46:47.0269 PM
[ReportManager] Browser Action [NavigateToURL] successfully performed. With the following test data [https://duckduckgo.com]. @26-10-2021 18:46:47.0938 P

################################################################################################################################################
Starting Execution:	[60 out of 143] test cases in the current suite
Test Method:		[unitTests.tests_browserActions.navigateToURLWithRedirection]
################################################################################################################################################
[ReportManager] Target URL: [https://www.google.com/ncr], and after redirection: [https://www.google.com] @26-10-2021 18:46:47.0948 PM
[ReportManager] Initial URL: [https://duckduckgo.com] @26-10-2021 18:46:48.0046 PM
[ReportManager] Browser Action [NavigateToURL] successfully performed. With the following test data [https://www.google.com/ncr]. @26-10-2021 18:46:49.0085 P
[ReportManager] Target URL: [https://duckduckgo.com] @26-10-2021 18:46:49.0090 PM
[ReportManager] Initial URL: [https://www.google.com] @26-10-2021 18:46:49.0199 PM
[ReportManager] Browser Action [NavigateToURL] successfully performed. With the following test data [https://duckduckgo.com]. @26-10-2021 18:46:49.0766 PM
[ReportManager] Browser Action [CloseCurrentWindow] successfully performed. @26-10-2021 18:46:49.0896 PM
[ReportManager] Successfully created attachment [Browser Action Test Data - CloseCurrentWindow - Actual Value] @26-10-2021 18:46:49.0897 P
[ReportManager] File Action [GetAbsolutePath] successfully performed. With the following test data [Relative Folder Path: "target/downloadedFiles/"]. @26-10-2021 18:46:49.0899 PM
[ReportManager] Attempting to run remotely on: [Linux-64], [GoogleChrome], [http://localhost:4444/wd/hub], Headless Execution. @26-10-2021 18:46:49.0899 PM
[ReportManager] Successfully Opened [GoogleChrome]. @26-10-2021 18:46:52.0195 PM
[ReportManager] Target URL: [https://duckduckgo.com] @26-10-2021 18:46:52.0196 PM
[ReportManager] Initial URL: [data:,] @26-10-2021 18:46:52.0263 PM
[ReportManager] Browser Action [NavigateToURL] successfully performed. With the following test data [https://duckduckgo.com]. @26-10-2021 18:46:52.0810 P

################################################################################################################################################
Starting Execution:	[61 out of 143] test cases in the current suite
Test Method:		[unitTests.tests_browserActions.refreshCurrentPage]
################################################################################################################################################
[ReportManager] Browser Action [RefreshCurrentPage] successfully performed. @26-10-2021 18:46:53.0054 PM
[ReportManager] Successfully created attachment [Browser Action Test Data - RefreshCurrentPage - Actual Value] @26-10-2021 18:46:53.0054 P
[ReportManager] Target URL: [https://duckduckgo.com] @26-10-2021 18:46:53.0056 PM
[ReportManager] Initial URL: [https://duckduckgo.com] @26-10-2021 18:46:53.0152 PM
[ReportManager] Browser Action [NavigateToURL] successfully performed. With the following test data [https://duckduckgo.com]. @26-10-2021 18:46:53.0507 PM
[ReportManager] Browser Action [CloseCurrentWindow] successfully performed. @26-10-2021 18:46:53.0640 PM
[ReportManager] Successfully created attachment [Browser Action Test Data - CloseCurrentWindow - Actual Value] @26-10-2021 18:46:53.0641 P
[ReportManager] File Action [GetAbsolutePath] successfully performed. With the following test data [Relative Folder Path: "target/downloadedFiles/"]. @26-10-2021 18:46:53.0644 PM
[ReportManager] Attempting to run remotely on: [Linux-64], [GoogleChrome], [http://localhost:4444/wd/hub], Headless Execution. @26-10-2021 18:46:53.0645 PM
[ReportManager] Successfully Opened [GoogleChrome]. @26-10-2021 18:46:57.0176 PM
[ReportManager] Target URL: [https://duckduckgo.com] @26-10-2021 18:46:57.0176 PM
[ReportManager] Initial URL: [data:,] @26-10-2021 18:46:57.0234 PM
[ReportManager] Browser Action [NavigateToURL] successfully performed. With the following test data [https://duckduckgo.com]. @26-10-2021 18:46:57.0820 P

################################################################################################################################################
Starting Execution:	[62 out of 143] test cases in the current suite
Test Method:		[unitTests.tests_browserActions.setWindowSize]
################################################################################################################################################
[ReportManager] Initial window size: (1920, 1080) @26-10-2021 18:46:57.0845 PM
[ReportManager] Window size after SWD: (1280, 720) @26-10-2021 18:46:58.0073 PM
[ReportManager] Browser Action [SetWindowSize] successfully performed. With the following test data [New screen size is now: (1280, 720)]. @26-10-2021 18:46:58.0073 P
[ReportManager] Target URL: [https://duckduckgo.com] @26-10-2021 18:46:58.0075 PM
[ReportManager] Initial URL: [https://duckduckgo.com] @26-10-2021 18:46:58.0165 PM
[ReportManager] Browser Action [NavigateToURL] successfully performed. With the following test data [https://duckduckgo.com]. @26-10-2021 18:46:58.0562 PM
[ReportManager] Browser Action [CloseCurrentWindow] successfully performed. @26-10-2021 18:46:58.0691 PM
[ReportManager] Successfully created attachment [Browser Action Test Data - CloseCurrentWindow - Actual Value] @26-10-2021 18:46:58.0691 P
[ReportManager] File Action [GetAbsolutePath] successfully performed. With the following test data [Relative Folder Path: "target/downloadedFiles/"]. @26-10-2021 18:46:58.0694 PM
[ReportManager] Attempting to run remotely on: [Linux-64], [GoogleChrome], [http://localhost:4444/wd/hub], Headless Execution. @26-10-2021 18:46:58.0694 PM
[ReportManager] Successfully Opened [GoogleChrome]. @26-10-2021 18:47:02.0208 P

################################################################################################################################################
Starting Execution:	[63 out of 143] test cases in the current suite
Test Method:		[unitTests.tests_element_elementActions.waitForElementToBePresent_false_expectedToFail]
################################################################################################################################################
[ReportManager] Target URL: [https://www.google.com/ncr], and after redirection: [www.google.com] @26-10-2021 18:47:02.0211 PM
[ReportManager] Initial URL: [data:,] @26-10-2021 18:47:02.0303 PM
[ReportManager] Browser Action [NavigateToURL] successfully performed. With the following test data [https://www.google.com/ncr]. @26-10-2021 18:47:03.0225 PM
[ReportManager] Waiting for element to be present; elementLocator [By.xpath: //*[@id='hplogo' or @alt='Google']], numberOfTries[1], stateOfPresence[false]... @26-10-2021 18:47:03.0230 PM
[ReportManager] Element Action [WaitForElementToBePresent] failed. With the following test data [waited for the element's state of presence to be (false). Element locator (By.xpath: //*[@id='hplogo' or @alt='Google'])]. @26-10-2021 18:47:03.0695 PM
[ReportManager] Successfully created attachment [Screenshot - 1635274023513_waitForElementToBePresent_false_expectedToFail_WaitForElementToBePresent_failed] @26-10-2021 18:47:03.0696 P
[ReportManager] Browser Action [CloseCurrentWindow] successfully performed. @26-10-2021 18:47:03.0825 PM
[ReportManager] Successfully created attachment [Browser Action Test Data - CloseCurrentWindow - Actual Value] @26-10-2021 18:47:03.0826 P
[ReportManager] File Action [GetAbsolutePath] successfully performed. With the following test data [Relative Folder Path: "target/downloadedFiles/"]. @26-10-2021 18:47:03.0829 PM
[ReportManager] Attempting to run remotely on: [Linux-64], [GoogleChrome], [http://localhost:4444/wd/hub], Headless Execution. @26-10-2021 18:47:03.0829 PM
[ReportManager] Successfully Opened [GoogleChrome]. @26-10-2021 18:47:07.0201 P

################################################################################################################################################
Starting Execution:	[64 out of 143] test cases in the current suite
Test Method:		[unitTests.tests_element_elementActions.waitForElementToBePresent_false_expectedToPass]
################################################################################################################################################
[ReportManager] Target URL: [https://www.google.com/ncr], and after redirection: [www.google.com] @26-10-2021 18:47:07.0212 PM
[ReportManager] Initial URL: [data:,] @26-10-2021 18:47:07.0332 PM
[ReportManager] Browser Action [NavigateToURL] successfully performed. With the following test data [https://www.google.com/ncr]. @26-10-2021 18:47:08.0357 PM
[ReportManager] Waiting for element to be present; elementLocator [By.id: bla], numberOfTries[1], stateOfPresence[false]... @26-10-2021 18:47:08.0357 PM
[ReportManager] Element Action [WaitForElementToBePresent] successfully performed. With the following test data [waited for the element's state of presence to be (false). Element locator (By.id: bla)]. @26-10-2021 18:47:13.0520 P
[ReportManager] Browser Action [CloseCurrentWindow] successfully performed. @26-10-2021 18:47:13.0667 PM
[ReportManager] Successfully created attachment [Browser Action Test Data - CloseCurrentWindow - Actual Value] @26-10-2021 18:47:13.0671 P
[ReportManager] File Action [GetAbsolutePath] successfully performed. With the following test data [Relative Folder Path: "target/downloadedFiles/"]. @26-10-2021 18:47:13.0674 PM
[ReportManager] Attempting to run remotely on: [Linux-64], [GoogleChrome], [http://localhost:4444/wd/hub], Headless Execution. @26-10-2021 18:47:13.0674 PM
[ReportManager] Successfully Opened [GoogleChrome]. @26-10-2021 18:47:17.0207 P

################################################################################################################################################
Starting Execution:	[65 out of 143] test cases in the current suite
Test Method:		[unitTests.tests_element_elementActions.waitForElementToBePresent_moreThanOneElement_expectedToFail]
################################################################################################################################################
[ReportManager] Target URL: [https://www.google.com/ncr], and after redirection: [www.google.com] @26-10-2021 18:47:17.0214 PM
[ReportManager] Initial URL: [data:,] @26-10-2021 18:47:17.0289 PM
[ReportManager] Browser Action [NavigateToURL] successfully performed. With the following test data [https://www.google.com/ncr]. @26-10-2021 18:47:18.0213 PM
[ReportManager] Waiting for element to be present; elementLocator [By.xpath: //*], numberOfTries[1], stateOfPresence[false]... @26-10-2021 18:47:18.0213 PM
[ReportManager] Element Action [WaitForElementToBePresent] failed. With the following test data [waited for the element's state of presence to be (false). Element locator (By.xpath: //*)]. @26-10-2021 18:47:18.0679 PM
[ReportManager] Successfully created attachment [Screenshot - 1635274038501_waitForElementToBePresent_moreThanOneElement_expectedToFail_WaitForElementToBePresent_failed] @26-10-2021 18:47:18.0680 P
[ReportManager] Browser Action [CloseCurrentWindow] successfully performed. @26-10-2021 18:47:18.0829 PM
[ReportManager] Successfully created attachment [Browser Action Test Data - CloseCurrentWindow - Actual Value] @26-10-2021 18:47:18.0830 P
[ReportManager] File Action [GetAbsolutePath] successfully performed. With the following test data [Relative Folder Path: "target/downloadedFiles/"]. @26-10-2021 18:47:18.0832 PM
[ReportManager] Attempting to run remotely on: [Linux-64], [GoogleChrome], [http://localhost:4444/wd/hub], Headless Execution. @26-10-2021 18:47:18.0832 PM
[ReportManager] Successfully Opened [GoogleChrome]. @26-10-2021 18:47:22.0166 P

################################################################################################################################################
Starting Execution:	[66 out of 143] test cases in the current suite
Test Method:		[unitTests.tests_element_elementActions.waitForElementToBePresent_true_expectedToFail]
################################################################################################################################################
[ReportManager] Target URL: [https://www.google.com/ncr], and after redirection: [www.google.com] @26-10-2021 18:47:22.0169 PM
[ReportManager] Initial URL: [data:,] @26-10-2021 18:47:22.0239 PM
[ReportManager] Browser Action [NavigateToURL] successfully performed. With the following test data [https://www.google.com/ncr]. @26-10-2021 18:47:23.0179 PM
[ReportManager] Waiting for element to be present; elementLocator [By.id: bla], numberOfTries[1], stateOfPresence[true]... @26-10-2021 18:47:23.0179 PM
[ReportManager] Element Action [WaitForElementToBePresent] failed. With the following test data [waited for the element's state of presence to be (true). Element locator (By.id: bla)]. @26-10-2021 18:47:28.0743 PM
[ReportManager] Successfully created attachment [Screenshot - 1635274048555_waitForElementToBePresent_true_expectedToFail_WaitForElementToBePresent_failed] @26-10-2021 18:47:28.0744 P
[ReportManager] Browser Action [CloseCurrentWindow] successfully performed. @26-10-2021 18:47:28.0905 PM
[ReportManager] Successfully created attachment [Browser Action Test Data - CloseCurrentWindow - Actual Value] @26-10-2021 18:47:28.0906 P
[ReportManager] File Action [GetAbsolutePath] successfully performed. With the following test data [Relative Folder Path: "target/downloadedFiles/"]. @26-10-2021 18:47:28.0909 PM
[ReportManager] Attempting to run remotely on: [Linux-64], [GoogleChrome], [http://localhost:4444/wd/hub], Headless Execution. @26-10-2021 18:47:28.0909 PM
[ReportManager] Successfully Opened [GoogleChrome]. @26-10-2021 18:47:32.0202 P

################################################################################################################################################
Starting Execution:	[67 out of 143] test cases in the current suite
Test Method:		[unitTests.tests_element_elementActions.waitForElementToBePresent_true_expectedToPass]
################################################################################################################################################
[ReportManager] Target URL: [https://www.google.com/ncr], and after redirection: [www.google.com] @26-10-2021 18:47:32.0210 PM
[ReportManager] Initial URL: [data:,] @26-10-2021 18:47:32.0285 PM
[ReportManager] Browser Action [NavigateToURL] successfully performed. With the following test data [https://www.google.com/ncr]. @26-10-2021 18:47:33.0276 PM
[ReportManager] Waiting for element to be present; elementLocator [By.xpath: //*[@id='hplogo' or @alt='Google']], numberOfTries[1], stateOfPresence[true]... @26-10-2021 18:47:33.0276 PM
[ReportManager] Element Action [WaitForElementToBePresent] successfully performed. With the following test data [waited for the element's state of presence to be (true). Element locator (By.xpath: //*[@id='hplogo' or @alt='Google'])]. @26-10-2021 18:47:33.0356 PM
[ReportManager] File Action [DoesFileExist] successfully performed. With the following test data [File Path: "src/test/resources/DynamicObjectRepository/unitTests_tests_element_elementActions_waitForElementToBePresent_true_expectedToPass_By_xpath_id_hplogo_or_alt_Google.png"]. @26-10-2021 18:47:33.0366 PM
[ReportManager] File Action [DoesFileExist] successfully performed. With the following test data [File Path: "src/test/resources/DynamicObjectRepository/unitTests_tests_element_elementActions_waitForElementToBePresent_true_expectedToPass_By_xpath_id_hplogo_or_alt_Google.png"]. @26-10-2021 18:47:33.0582 PM
[ReportManager] Passing the test and saving a reference image @26-10-2021 18:47:33.0582 PM
[ReportManager] File Action [GetAbsolutePath] successfully performed. With the following test data [Relative File Path: "src/test/resources/DynamicObjectRepository/unitTests_tests_element_elementActions_waitForElementToBePresent_true_expectedToPass_By_xpath_id_hplogo_or_alt_Google.png"]. @26-10-2021 18:47:33.0582 PM
[ReportManager] File Action [WriteToFile] successfully performed. With the following test data [Target File Path: "/home/runner/work/SHAFT_ENGINE/SHAFT_ENGINE/src/test/resources/DynamicObjectRepository/unitTests_tests_element_elementActions_waitForElementToBePresent_true_expectedToPass_By_xpath_id_hplogo_or_alt_Google.png"]. @26-10-2021 18:47:33.0584 PM
[ReportManager] Assertion Passed: Using Visual AI; OpenCV @26-10-2021 18:47:33.0584 PM
[ReportManager] Successfully created attachment [Validation Test Data - Actual Screenshot] @26-10-2021 18:47:33.0584 PM
[ReportManager] Assertion [ValidateElementMatches] PASSED. Expected [Element should match the reference screenshot] and Actual [TRUE]. Comparison Type [EXACT_OPENCV]. Validation Type [POSITIVE]. @26-10-2021 18:47:33.0584 P
[ReportManager] Browser Action [CloseCurrentWindow] successfully performed. @26-10-2021 18:47:33.0690 PM
[ReportManager] Successfully created attachment [Browser Action Test Data - CloseCurrentWindow - Actual Value] @26-10-2021 18:47:33.0691 P
[ReportManager] Successfully loaded the following test data file [src/test/resources/TestDataFiles/testSuite01/TestData.xlsx]. @26-10-2021 18:47:34.0679 PM
[ReportManager] Successfully created attachment [Test Data - Excel] @26-10-2021 18:47:34.0679 P

################################################################################################################################################
Starting Execution:	[68 out of 143] test cases in the current suite
Test Method:		[unitTests.tests_io_excelFileManager.getCellData_rowName_expectedToPass]
################################################################################################################################################
[ReportManager] testRowData. @26-10-2021 18:47:34.0702 P

################################################################################################################################################
Starting Execution:	[69 out of 143] test cases in the current suite
Test Method:		[testPackage01.Test_testData.f]
################################################################################################################################################
[ReportManager] Successfully loaded the following test data file [src/test/resources/TestDataFiles/testSuite01/TestData.xlsx]. @26-10-2021 18:47:34.0807 PM
[ReportManager] Successfully created attachment [Test Data - Excel] @26-10-2021 18:47:34.0807 PM
[ReportManager] Last Column Number is: [3]. Zero-based. @26-10-2021 18:47:34.0808 P

################################################################################################################################################
Starting Execution:	[70 out of 143] test cases in the current suite
Test Method:		[testPackage01.Test_SkipDueToIssue.doNotSkip]
################################################################################################################################################
[ReportManager] This should not be skipped. @26-10-2021 18:47:34.0814 P

################################################################################################################################################
Starting Execution:	[71 out of 143] test cases in the current suite
Test Method:		[testPackage01.Test_SkipDueToIssue.skip]
################################################################################################################################################
[ReportManager] This should be skipped. @26-10-2021 18:47:34.0823 P

################################################################################################################################################
Starting Execution:	[72 out of 143] test cases in the current suite
Test Method:		[testPackage01.Test_SkipDueToIssue.skip2]
################################################################################################################################################
[ReportManager] This should be skipped. @26-10-2021 18:47:34.0831 P

################################################################################################################################################
Starting Execution:	[73 out of 143] test cases in the current suite
Test Method:		[testPackage01.Test_chainableElementActions.chainElementActions]
################################################################################################################################################
[ReportManager] File Action [GetAbsolutePath] successfully performed. With the following test data [Relative Folder Path: "target/downloadedFiles/"]. @26-10-2021 18:47:34.0836 PM
[ReportManager] Attempting to run remotely on: [Linux-64], [GoogleChrome], [http://localhost:4444/wd/hub], Headless Execution. @26-10-2021 18:47:34.0836 PM
[ReportManager] Successfully Opened [GoogleChrome]. @26-10-2021 18:47:37.0175 PM
[ReportManager] Target URL: [https://www.google.com/ncr], and after redirection: [https://www.google.com] @26-10-2021 18:47:37.0175 PM
[ReportManager] Initial URL: [data:,] @26-10-2021 18:47:37.0268 PM
[ReportManager] Browser Action [NavigateToURL] successfully performed. With the following test data [https://www.google.com/ncr]. @26-10-2021 18:47:38.0176 PM
[ReportManager] Element Action [Type] successfully performed. With the following test data [chained type 1]. @26-10-2021 18:47:38.0712 PM
[ReportManager] Element Action [Type] successfully performed. With the following test data [chained type 2]. @26-10-2021 18:47:39.0201 PM
[ReportManager] Element Action [TypeAppend] successfully performed. With the following test data [345]. @26-10-2021 18:47:39.0346 PM
[ReportManager] Element Action [GetText] successfully performed. With the following test data [chained type 2345]. @26-10-2021 18:47:39.0495 PM
[ReportManager] Loaded Shared OpenCV @26-10-2021 18:47:39.0774 PM
[ReportManager] Assertion [ValidateElementAttribute] PASSED. Expected [Value Should be 'chained type 2345' for the 'text' attribute, element locator 'By.name: q'] and Actual [chained type 2345]. Comparison Type [EQUALS]. Validation Type [POSITIVE]. @26-10-2021 18:47:39.0999 PM
[ReportManager] Successfully created attachment [Screenshot - 1635274059774_chainElementActions_ValidateElementAttribute_passed] @26-10-2021 18:47:40.0000 PM
[ReportManager] Browser Action [CloseCurrentWindow] successfully performed. @26-10-2021 18:47:40.0123 PM
[ReportManager] Successfully created attachment [Browser Action Test Data - CloseCurrentWindow - Actual Value] @26-10-2021 18:47:40.0124 P

################################################################################################################################################
Starting Execution:	[74 out of 143] test cases in the current suite
Test Method:		[testPackage01.Test_NewValidationHelper.f1]
################################################################################################################################################
[ReportManager] Assertion Passed: Checking valid user data @26-10-2021 18:47:40.0142 PM
[ReportManager] Successfully created attachment [Validation Test Data - Expected Value] @26-10-2021 18:47:40.0143 PM
[ReportManager] Successfully created attachment [Validation Test Data - Actual Value] @26-10-2021 18:47:40.0143 PM
[ReportManager] Assertion [ValidateEquals] PASSED. Expected and Actual values are attached. Comparison Type [EQUALS]. Validation Type [POSITIVE]. @26-10-2021 18:47:40.0143 P
[ReportManager] File Action [GetAbsolutePath] successfully performed. With the following test data [Relative Folder Path: "target/downloadedFiles/"]. @26-10-2021 18:47:40.0145 PM
[ReportManager] Attempting to run remotely on: [Linux-64], [GoogleChrome], [http://localhost:4444/wd/hub], Headless Execution. @26-10-2021 18:47:40.0145 PM
[ReportManager] Successfully Opened [GoogleChrome]. @26-10-2021 18:47:42.0181 PM
[ReportManager] Target URL: [https://the-internet.herokuapp.com/] @26-10-2021 18:47:42.0181 PM
[ReportManager] Initial URL: [data:,] @26-10-2021 18:47:42.0248 PM
[ReportManager] Browser Action [NavigateToURL] successfully performed. With the following test data [https://the-internet.herokuapp.com/]. @26-10-2021 18:47:42.0820 P

################################################################################################################################################
Starting Execution:	[75 out of 143] test cases in the current suite
Test Method:		[testPackage01.Test_NewValidationHelper.f10]
################################################################################################################################################
[ReportManager] Assertion [ValidateElementExists] FAILED. Expected [Element Should Exist, locator 'By.tagName: div'] and Actual [Element Exists but is not unique]. Comparison Type [EQUALS]. Validation Type [POSITIVE]. @26-10-2021 18:47:43.0345 PM
[ReportManager] Successfully created attachment [Screenshot - 1635274063149_f10_ValidateElementExists_failed] @26-10-2021 18:47:43.0346 P
[ReportManager] Successfully Closed All Drivers. @26-10-2021 18:47:43.0436 P
[ReportManager] File Action [GetAbsolutePath] successfully performed. With the following test data [Relative Folder Path: "target/downloadedFiles/"]. @26-10-2021 18:47:43.0439 PM
[ReportManager] Attempting to run remotely on: [Linux-64], [GoogleChrome], [http://localhost:4444/wd/hub], Headless Execution. @26-10-2021 18:47:43.0439 PM
[ReportManager] Successfully Opened [GoogleChrome]. @26-10-2021 18:47:47.0184 PM
[ReportManager] Target URL: [https://the-internet.herokuapp.com/] @26-10-2021 18:47:47.0184 PM
[ReportManager] Initial URL: [data:,] @26-10-2021 18:47:47.0282 PM
[ReportManager] Browser Action [NavigateToURL] successfully performed. With the following test data [https://the-internet.herokuapp.com/]. @26-10-2021 18:47:47.0677 P

################################################################################################################################################
Starting Execution:	[76 out of 143] test cases in the current suite
Test Method:		[testPackage01.Test_NewValidationHelper.f11]
################################################################################################################################################
[ReportManager] Assertion Passed: Checking that false tag doesn't exist @26-10-2021 18:47:58.0383 PM
[ReportManager] Successfully created attachment [Screenshot - 1635274078185_f11_ValidateElementExists_passed] @26-10-2021 18:47:58.0385 PM
[ReportManager] Assertion [ValidateElementExists] PASSED. Expected [Element Should not Exist, locator 'By.tagName: h3'] and Actual [Element Doesn't Exists]. Comparison Type [EQUALS]. Validation Type [NEGATIVE]. @26-10-2021 18:47:58.0385 P
[ReportManager] Successfully Closed All Drivers. @26-10-2021 18:47:58.0474 P
[ReportManager] File Action [GetAbsolutePath] successfully performed. With the following test data [Relative Folder Path: "target/downloadedFiles/"]. @26-10-2021 18:47:58.0476 PM
[ReportManager] Attempting to run remotely on: [Linux-64], [GoogleChrome], [http://localhost:4444/wd/hub], Headless Execution. @26-10-2021 18:47:58.0476 PM
[ReportManager] Successfully Opened [GoogleChrome]. @26-10-2021 18:48:02.0192 PM
[ReportManager] Target URL: [https://the-internet.herokuapp.com/] @26-10-2021 18:48:02.0192 PM
[ReportManager] Initial URL: [data:,] @26-10-2021 18:48:02.0291 PM
[ReportManager] Browser Action [NavigateToURL] successfully performed. With the following test data [https://the-internet.herokuapp.com/]. @26-10-2021 18:48:02.0731 P

################################################################################################################################################
Starting Execution:	[77 out of 143] test cases in the current suite
Test Method:		[testPackage01.Test_NewValidationHelper.f12]
################################################################################################################################################
[ReportManager] Loaded Shared OpenCV @26-10-2021 18:48:03.0233 PM
[ReportManager] Assertion [ValidateElementExists] FAILED. Expected [Element Should not Exist, locator 'By.tagName: h1'] and Actual [Element Exists]. Comparison Type [EQUALS]. Validation Type [NEGATIVE]. @26-10-2021 18:48:03.0475 PM
[ReportManager] Successfully created attachment [Screenshot - 1635274083233_f12_ValidateElementExists_failed] @26-10-2021 18:48:03.0477 P
[ReportManager] Successfully Closed All Drivers. @26-10-2021 18:48:03.0572 P
[ReportManager] File Action [GetAbsolutePath] successfully performed. With the following test data [Relative Folder Path: "target/downloadedFiles/"]. @26-10-2021 18:48:03.0574 PM
[ReportManager] Attempting to run remotely on: [Linux-64], [GoogleChrome], [http://localhost:4444/wd/hub], Headless Execution. @26-10-2021 18:48:03.0574 PM
[ReportManager] Successfully Opened [GoogleChrome]. @26-10-2021 18:48:07.0184 PM
[ReportManager] Target URL: [https://the-internet.herokuapp.com/] @26-10-2021 18:48:07.0184 PM
[ReportManager] Initial URL: [data:,] @26-10-2021 18:48:07.0261 PM
[ReportManager] Browser Action [NavigateToURL] successfully performed. With the following test data [https://the-internet.herokuapp.com/]. @26-10-2021 18:48:07.0704 P

################################################################################################################################################
Starting Execution:	[78 out of 143] test cases in the current suite
Test Method:		[testPackage01.Test_NewValidationHelper.f13]
################################################################################################################################################
[ReportManager] Assertion [ValidateElementExists] FAILED. Expected [Element Should not Exist, locator 'By.tagName: div'] and Actual [Element Exists but is not unique]. Comparison Type [EQUALS]. Validation Type [NEGATIVE]. @26-10-2021 18:48:08.0307 PM
[ReportManager] Successfully created attachment [Screenshot - 1635274088067_f13_ValidateElementExists_failed] @26-10-2021 18:48:08.0308 P
[ReportManager] Successfully Closed All Drivers. @26-10-2021 18:48:08.0401 P
[ReportManager] File Action [GetAbsolutePath] successfully performed. With the following test data [Relative Folder Path: "target/downloadedFiles/"]. @26-10-2021 18:48:08.0403 PM
[ReportManager] Attempting to run remotely on: [Linux-64], [GoogleChrome], [http://localhost:4444/wd/hub], Headless Execution. @26-10-2021 18:48:08.0403 PM
[ReportManager] Successfully Opened [GoogleChrome]. @26-10-2021 18:48:12.0196 PM
[ReportManager] Target URL: [https://the-internet.herokuapp.com/] @26-10-2021 18:48:12.0196 PM
[ReportManager] Initial URL: [data:,] @26-10-2021 18:48:12.0271 PM
[ReportManager] Browser Action [NavigateToURL] successfully performed. With the following test data [https://the-internet.herokuapp.com/]. @26-10-2021 18:48:12.0661 P

################################################################################################################################################
Starting Execution:	[79 out of 143] test cases in the current suite
Test Method:		[testPackage01.Test_NewValidationHelper.f14]
################################################################################################################################################
[ReportManager] Element Action [GetText] successfully performed. With the following test data [Welcome to the-internet]. @26-10-2021 18:48:12.0819 PM
[ReportManager] Loaded Shared OpenCV @26-10-2021 18:48:13.0104 PM
[ReportManager] Assertion Passed: Asserting that the header text is correct @26-10-2021 18:48:13.0346 PM
[ReportManager] Successfully created attachment [Screenshot - 1635274093104_f14_ValidateElementAttribute_passed] @26-10-2021 18:48:13.0348 PM
[ReportManager] Assertion [ValidateElementAttribute] PASSED. Expected [Value Should be 'Welcome to the-internet' for the 'text' attribute, element locator 'By.tagName: h1'] and Actual [Welcome to the-internet]. Comparison Type [EQUALS]. Validation Type [POSITIVE]. @26-10-2021 18:48:13.0348 P
[ReportManager] Successfully Closed All Drivers. @26-10-2021 18:48:13.0439 P
[ReportManager] File Action [GetAbsolutePath] successfully performed. With the following test data [Relative Folder Path: "target/downloadedFiles/"]. @26-10-2021 18:48:13.0441 PM
[ReportManager] Attempting to run remotely on: [Linux-64], [GoogleChrome], [http://localhost:4444/wd/hub], Headless Execution. @26-10-2021 18:48:13.0442 PM
[ReportManager] Successfully Opened [GoogleChrome]. @26-10-2021 18:48:17.0182 PM
[ReportManager] Target URL: [https://the-internet.herokuapp.com/] @26-10-2021 18:48:17.0182 PM
[ReportManager] Initial URL: [data:,] @26-10-2021 18:48:17.0298 PM
[ReportManager] Browser Action [NavigateToURL] successfully performed. With the following test data [https://the-internet.herokuapp.com/]. @26-10-2021 18:48:17.0743 P

################################################################################################################################################
Starting Execution:	[80 out of 143] test cases in the current suite
Test Method:		[testPackage01.Test_NewValidationHelper.f15]
################################################################################################################################################
[ReportManager] Element Action [GetText] successfully performed. With the following test data [Welcome to the-internet]. @26-10-2021 18:48:17.0885 PM
[ReportManager] Loaded Shared OpenCV @26-10-2021 18:48:18.0154 PM
[ReportManager] Assertion [ValidateElementAttribute] FAILED. Expected [Value Should not be 'Welcome' for the 'text' attribute, element locator 'By.tagName: h1'] and Actual [Welcome to the-internet]. Comparison Type [CONTAINS]. Validation Type [NEGATIVE]. @26-10-2021 18:48:18.0410 PM
[ReportManager] Successfully created attachment [Screenshot - 1635274098154_f15_ValidateElementAttribute_failed] @26-10-2021 18:48:18.0412 P
[ReportManager] Successfully Closed All Drivers. @26-10-2021 18:48:18.0511 P
[ReportManager] File Action [GetAbsolutePath] successfully performed. With the following test data [Relative Folder Path: "target/downloadedFiles/"]. @26-10-2021 18:48:18.0514 PM
[ReportManager] Attempting to run remotely on: [Linux-64], [GoogleChrome], [http://localhost:4444/wd/hub], Headless Execution. @26-10-2021 18:48:18.0514 PM
[ReportManager] Successfully Opened [GoogleChrome]. @26-10-2021 18:48:22.0174 PM
[ReportManager] Target URL: [https://the-internet.herokuapp.com/] @26-10-2021 18:48:22.0174 PM
[ReportManager] Initial URL: [data:,] @26-10-2021 18:48:22.0226 PM
[ReportManager] Browser Action [NavigateToURL] successfully performed. With the following test data [https://the-internet.herokuapp.com/]. @26-10-2021 18:48:22.0717 P

################################################################################################################################################
Starting Execution:	[81 out of 143] test cases in the current suite
Test Method:		[testPackage01.Test_NewValidationHelper.f16]
################################################################################################################################################
[ReportManager] Element Action [IdentifyUniqueElement] failed. With the following test data [zero elements found matching this locator "By.tagName: h3".]. @26-10-2021 18:48:48.0642 PM
[ReportManager] Successfully created attachment [Screenshot - 1635274128414_f16_IdentifyUniqueElement_failed] @26-10-2021 18:48:48.0644 PM
[ReportManager] Assertion [ValidateElementAttribute] FAILED. Expected [Value Should not be 'Welcome' for the 'text' attribute, element locator 'By.tagName: h3'] and Actual [Failed to read the desired element attribute]. Comparison Type [CONTAINS]. Validation Type [NEGATIVE]. @26-10-2021 18:48:48.0644 P
[ReportManager] Successfully Closed All Drivers. @26-10-2021 18:48:48.0740 P
[ReportManager] File Action [GetAbsolutePath] successfully performed. With the following test data [Relative Folder Path: "target/downloadedFiles/"]. @26-10-2021 18:48:48.0742 PM
[ReportManager] Attempting to run remotely on: [Linux-64], [GoogleChrome], [http://localhost:4444/wd/hub], Headless Execution. @26-10-2021 18:48:48.0742 PM
[ReportManager] Successfully Opened [GoogleChrome]. @26-10-2021 18:48:52.0195 PM
[ReportManager] Target URL: [https://the-internet.herokuapp.com/] @26-10-2021 18:48:52.0195 PM
[ReportManager] Initial URL: [data:,] @26-10-2021 18:48:52.0274 PM
[ReportManager] Browser Action [NavigateToURL] successfully performed. With the following test data [https://the-internet.herokuapp.com/]. @26-10-2021 18:48:52.0736 P

################################################################################################################################################
Starting Execution:	[82 out of 143] test cases in the current suite
Test Method:		[testPackage01.Test_NewValidationHelper.f17]
################################################################################################################################################
[ReportManager] Attempting to getAttribute [text2] from elementLocator [By.tagName: h1]. @26-10-2021 18:48:52.0739 PM
[ReportManager] Element Action [GetAttribute] successfully performed. @26-10-2021 18:48:52.0874 PM
[ReportManager] Loaded Shared OpenCV @26-10-2021 18:48:53.0162 PM
[ReportManager] Assertion [ValidateElementAttribute] PASSED. Expected [Value Should not be 'Welcome' for the 'text2' attribute, element locator 'By.tagName: h1'] and Actual [null]. Comparison Type [CONTAINS]. Validation Type [NEGATIVE]. @26-10-2021 18:48:53.0402 PM
[ReportManager] Successfully created attachment [Screenshot - 1635274133162_f17_ValidateElementAttribute_passed] @26-10-2021 18:48:53.0404 P
[ReportManager] Successfully Closed All Drivers. @26-10-2021 18:48:53.0502 P
[ReportManager] File Action [GetAbsolutePath] successfully performed. With the following test data [Relative Folder Path: "target/downloadedFiles/"]. @26-10-2021 18:48:53.0506 PM
[ReportManager] Attempting to run remotely on: [Linux-64], [GoogleChrome], [http://localhost:4444/wd/hub], Headless Execution. @26-10-2021 18:48:53.0506 PM
[ReportManager] Successfully Opened [GoogleChrome]. @26-10-2021 18:48:57.0182 PM
[ReportManager] Target URL: [https://the-internet.herokuapp.com/] @26-10-2021 18:48:57.0182 PM
[ReportManager] Initial URL: [data:,] @26-10-2021 18:48:57.0253 PM
[ReportManager] Browser Action [NavigateToURL] successfully performed. With the following test data [https://the-internet.herokuapp.com/]. @26-10-2021 18:48:57.0658 P

################################################################################################################################################
Starting Execution:	[83 out of 143] test cases in the current suite
Test Method:		[testPackage01.Test_NewValidationHelper.f18]
################################################################################################################################################
[ReportManager] Element Action [GetText] successfully performed. With the following test data [Welcome to the-internet]. @26-10-2021 18:48:57.0778 PM
[ReportManager] Loaded Shared OpenCV @26-10-2021 18:48:58.0080 PM
[ReportManager] Assertion [ValidateElementAttribute] PASSED. Expected [Value Should not be 'no' for the 'text' attribute, element locator 'By.tagName: h1'] and Actual [Welcome to the-internet]. Comparison Type [CONTAINS]. Validation Type [NEGATIVE]. @26-10-2021 18:48:58.0332 PM
[ReportManager] Successfully created attachment [Screenshot - 1635274138080_f18_ValidateElementAttribute_passed] @26-10-2021 18:48:58.0334 P
[ReportManager] Successfully Closed All Drivers. @26-10-2021 18:48:58.0475 P

################################################################################################################################################
Starting Execution:	[84 out of 143] test cases in the current suite
Test Method:		[testPackage01.Test_NewValidationHelper.f2]
################################################################################################################################################
[ReportManager] Assertion Failed: Checking valid user data @26-10-2021 18:48:58.0480 PM
[ReportManager] Assertion [ValidateEquals] FAILED. Expected [1] and Actual [2]. Comparison Type [EQUALS]. Validation Type [POSITIVE]. @26-10-2021 18:48:58.0480 P
[ReportManager] File Action [GetAbsolutePath] successfully performed. With the following test data [Relative Folder Path: "target/downloadedFiles/"]. @26-10-2021 18:48:58.0483 PM
[ReportManager] Attempting to run remotely on: [Linux-64], [GoogleChrome], [http://localhost:4444/wd/hub], Headless Execution. @26-10-2021 18:48:58.0483 PM
[ReportManager] Successfully Opened [GoogleChrome]. @26-10-2021 18:49:02.0191 PM
[ReportManager] Target URL: [https://the-internet.herokuapp.com/] @26-10-2021 18:49:02.0191 PM
[ReportManager] Initial URL: [data:,] @26-10-2021 18:49:02.0243 PM
[ReportManager] Browser Action [NavigateToURL] successfully performed. With the following test data [https://the-internet.herokuapp.com/]. @26-10-2021 18:49:02.0691 P

################################################################################################################################################
Starting Execution:	[85 out of 143] test cases in the current suite
Test Method:		[testPackage01.Test_NewValidationHelper.f20]
################################################################################################################################################
[ReportManager] Element Action [GetSize] successfully performed. With the following test data [(970, 61)]. @26-10-2021 18:49:02.0800 PM
[ReportManager] Loaded Shared OpenCV @26-10-2021 18:49:03.0119 PM
[ReportManager] Assertion [ValidateElementAttribute] PASSED. Expected [Value Should not be 'a' for the 'size' attribute, element locator 'By.tagName: h1'] and Actual [(970, 61)]. Comparison Type [CONTAINS]. Validation Type [NEGATIVE]. @26-10-2021 18:49:03.0366 PM
[ReportManager] Successfully created attachment [Screenshot - 1635274143118_f20_ValidateElementAttribute_passed] @26-10-2021 18:49:03.0368 P
[ReportManager] Successfully Closed All Drivers. @26-10-2021 18:49:03.0454 P
[ReportManager] File Action [GetAbsolutePath] successfully performed. With the following test data [Relative Folder Path: "target/downloadedFiles/"]. @26-10-2021 18:49:03.0457 PM
[ReportManager] Attempting to run remotely on: [Linux-64], [GoogleChrome], [http://localhost:4444/wd/hub], Headless Execution. @26-10-2021 18:49:03.0457 PM
[ReportManager] Successfully Opened [GoogleChrome]. @26-10-2021 18:49:07.0189 PM
[ReportManager] Target URL: [https://the-internet.herokuapp.com/] @26-10-2021 18:49:07.0189 PM
[ReportManager] Initial URL: [data:,] @26-10-2021 18:49:07.0284 PM
[ReportManager] Browser Action [NavigateToURL] successfully performed. With the following test data [https://the-internet.herokuapp.com/]. @26-10-2021 18:49:07.0710 P

################################################################################################################################################
Starting Execution:	[86 out of 143] test cases in the current suite
Test Method:		[testPackage01.Test_NewValidationHelper.f21]
################################################################################################################################################
[ReportManager] Element Action [IdentifyUniqueElement] failed. With the following test data [zero elements found matching this locator "By.tagName: h3".]. @26-10-2021 18:49:33.0585 PM
[ReportManager] Successfully created attachment [Screenshot - 1635274173391_f21_IdentifyUniqueElement_failed] @26-10-2021 18:49:33.0586 PM
[ReportManager] Assertion [ValidateElementAttribute] FAILED. Expected [Value Should be 'Welcome' for the 'text' attribute, element locator 'By.tagName: h3'] and Actual [Failed to read the desired element attribute]. Comparison Type [CONTAINS]. Validation Type [POSITIVE]. @26-10-2021 18:49:33.0587 P
[ReportManager] Successfully Closed All Drivers. @26-10-2021 18:49:33.0674 P
[ReportManager] File Action [GetAbsolutePath] successfully performed. With the following test data [Relative Folder Path: "target/downloadedFiles/"]. @26-10-2021 18:49:33.0676 PM
[ReportManager] Attempting to run remotely on: [Linux-64], [GoogleChrome], [http://localhost:4444/wd/hub], Headless Execution. @26-10-2021 18:49:33.0676 PM
[ReportManager] Successfully Opened [GoogleChrome]. @26-10-2021 18:49:37.0201 PM
[ReportManager] Target URL: [https://the-internet.herokuapp.com/] @26-10-2021 18:49:37.0201 PM
[ReportManager] Initial URL: [data:,] @26-10-2021 18:49:37.0287 PM
[ReportManager] Browser Action [NavigateToURL] successfully performed. With the following test data [https://the-internet.herokuapp.com/]. @26-10-2021 18:49:37.0789 P

################################################################################################################################################
Starting Execution:	[87 out of 143] test cases in the current suite
Test Method:		[testPackage01.Test_NewValidationHelper.f22]
################################################################################################################################################
[ReportManager] Element Action [GetText] successfully performed. With the following test data [Welcome to the-internet]. @26-10-2021 18:49:37.0888 PM
[ReportManager] Loaded Shared OpenCV @26-10-2021 18:49:38.0205 PM
[ReportManager] Assertion [ValidateElementAttribute] FAILED. Expected [Value Should be 'yyy' for the 'text' attribute, element locator 'By.tagName: h1'] and Actual [Welcome to the-internet]. Comparison Type [CONTAINS]. Validation Type [POSITIVE]. @26-10-2021 18:49:38.0447 PM
[ReportManager] Successfully created attachment [Screenshot - 1635274178205_f22_ValidateElementAttribute_failed] @26-10-2021 18:49:38.0449 P
[ReportManager] Successfully Closed All Drivers. @26-10-2021 18:49:38.0544 P

################################################################################################################################################
Starting Execution:	[88 out of 143] test cases in the current suite
Test Method:		[testPackage01.Test_NewValidationHelper.f23]
################################################################################################################################################
[ReportManager] Assertion Passed: confirming that the actual is greater than or equal to the expected @26-10-2021 18:49:38.0548 PM
[ReportManager] Assertion [ValidateComparativeRelation] PASSED. Expected [1] and Actual [1]. Comparison Type [GREATER_THAN_OR_EQUALS]. Validation Type [POSITIVE]. @26-10-2021 18:49:38.0548 P

################################################################################################################################################
Starting Execution:	[89 out of 143] test cases in the current suite
Test Method:		[testPackage01.Test_NewValidationHelper.f24]
################################################################################################################################################
[ReportManager] Assertion [ValidateComparativeRelation] PASSED. Expected [1] and Actual [10]. Comparison Type [GREATER_THAN_OR_EQUALS]. Validation Type [POSITIVE]. @26-10-2021 18:49:38.0552 P

################################################################################################################################################
Starting Execution:	[90 out of 143] test cases in the current suite
Test Method:		[testPackage01.Test_NewValidationHelper.f25]
################################################################################################################################################
[ReportManager] Assertion [ValidateComparativeRelation] PASSED. Expected [1] and Actual [1]. Comparison Type [EQUALS]. Validation Type [POSITIVE]. @26-10-2021 18:49:38.0555 P

################################################################################################################################################
Starting Execution:	[91 out of 143] test cases in the current suite
Test Method:		[testPackage01.Test_NewValidationHelper.f26]
################################################################################################################################################
[ReportManager] Assertion [ValidateComparativeRelation] PASSED. Expected [1] and Actual [5]. Comparison Type [GREATER_THAN]. Validation Type [POSITIVE]. @26-10-2021 18:49:38.0558 P

################################################################################################################################################
Starting Execution:	[92 out of 143] test cases in the current suite
Test Method:		[testPackage01.Test_NewValidationHelper.f27]
################################################################################################################################################
[ReportManager] Assertion [ValidateComparativeRelation] PASSED. Expected [11] and Actual [5]. Comparison Type [LESS_THAN]. Validation Type [POSITIVE]. @26-10-2021 18:49:38.0563 P

################################################################################################################################################
Starting Execution:	[93 out of 143] test cases in the current suite
Test Method:		[testPackage01.Test_NewValidationHelper.f28]
################################################################################################################################################
[ReportManager] Assertion [ValidateComparativeRelation] PASSED. Expected [11] and Actual [5]. Comparison Type [LESS_THAN_OR_EQUALS]. Validation Type [POSITIVE]. @26-10-2021 18:49:38.0566 P

################################################################################################################################################
Starting Execution:	[94 out of 143] test cases in the current suite
Test Method:		[testPackage01.Test_NewValidationHelper.f29]
################################################################################################################################################
[ReportManager] Assertion [ValidateComparativeRelation] PASSED. Expected [11] and Actual [11]. Comparison Type [LESS_THAN_OR_EQUALS]. Validation Type [POSITIVE]. @26-10-2021 18:49:38.0569 P

################################################################################################################################################
Starting Execution:	[95 out of 143] test cases in the current suite
Test Method:		[testPackage01.Test_NewValidationHelper.f3]
################################################################################################################################################
[ReportManager] Assertion [ValidateEquals] PASSED. Expected [1] and Actual [2]. Comparison Type [EQUALS]. Validation Type [NEGATIVE]. @26-10-2021 18:49:38.0572 P

################################################################################################################################################
Starting Execution:	[96 out of 143] test cases in the current suite
Test Method:		[testPackage01.Test_NewValidationHelper.f30]
################################################################################################################################################
[ReportManager] Assertion [ValidateComparativeRelation] FAILED. Expected [-9] and Actual [11]. Comparison Type [LESS_THAN_OR_EQUALS]. Validation Type [POSITIVE]. @26-10-2021 18:49:38.0574 P

################################################################################################################################################
Starting Execution:	[97 out of 143] test cases in the current suite
Test Method:		[testPackage01.Test_NewValidationHelper.f31]
################################################################################################################################################
[ReportManager] Assertion [ValidateTrue] PASSED. Expected [TRUE] and Actual [TRUE]. Validation Type [POSITIVE]. @26-10-2021 18:49:38.0577 P

################################################################################################################################################
Starting Execution:	[98 out of 143] test cases in the current suite
Test Method:		[testPackage01.Test_NewValidationHelper.f32]
################################################################################################################################################
[ReportManager] Assertion [ValidateTrue] PASSED. Expected [FALSE] and Actual [FALSE]. Validation Type [NEGATIVE]. @26-10-2021 18:49:38.0580 P

################################################################################################################################################
Starting Execution:	[99 out of 143] test cases in the current suite
Test Method:		[testPackage01.Test_NewValidationHelper.f33]
################################################################################################################################################
[ReportManager] Assertion [ValidateTrue] FAILED. Expected [FALSE] and Actual [TRUE]. Validation Type [NEGATIVE]. @26-10-2021 18:49:38.0583 P

################################################################################################################################################
Starting Execution:	[100 out of 143] test cases in the current suite
Test Method:		[testPackage01.Test_NewValidationHelper.f34]
################################################################################################################################################
[ReportManager] Assertion [ValidateTrue] FAILED. Expected [TRUE] and Actual [FALSE]. Validation Type [POSITIVE]. @26-10-2021 18:49:38.0585 P

################################################################################################################################################
Starting Execution:	[101 out of 143] test cases in the current suite
Test Method:		[testPackage01.Test_NewValidationHelper.f35]
################################################################################################################################################
[ReportManager] File Action [DoesFileExist] successfully performed. With the following test data [File Path: "pom.xml"]. @26-10-2021 18:49:38.0597 PM
[ReportManager] Assertion [ValidateFileExists] PASSED. Expected [File 'pom.xml' should exist, after up to '1' retries] and Actual [File exists]. Validation Type [POSITIVE]. @26-10-2021 18:49:38.0597 P

################################################################################################################################################
Starting Execution:	[102 out of 143] test cases in the current suite
Test Method:		[testPackage01.Test_NewValidationHelper.f36]
################################################################################################################################################
[ReportManager] File Action [DoesFileExist] successfully performed. With the following test data [File Path: "src/test/java/testPackage01/Test_NewValidationHelper.java"]. @26-10-2021 18:49:38.0600 PM
[ReportManager] Assertion [ValidateFileExists] PASSED. Expected [File 'src/test/java/testPackage01/Test_NewValidationHelper.java' should exist, after up to '1' retries] and Actual [File exists]. Validation Type [POSITIVE]. @26-10-2021 18:49:38.0601 P

################################################################################################################################################
Starting Execution:	[103 out of 143] test cases in the current suite
Test Method:		[testPackage01.Test_NewValidationHelper.f37]
################################################################################################################################################
[ReportManager] File Action [DoesFileExist] successfully performed. With the following test data [File Path: "pom.xml"]. @26-10-2021 18:49:38.0604 PM
[ReportManager] Assertion Failed: confirming that the file does't exist after 5 retries @26-10-2021 18:49:38.0604 PM
[ReportManager] Assertion [ValidateFileExists] FAILED. Expected [File 'pom.xml' should not exist, after up to '5' retries] and Actual [File exists]. Validation Type [NEGATIVE]. @26-10-2021 18:49:38.0604 P

################################################################################################################################################
Starting Execution:	[104 out of 143] test cases in the current suite
Test Method:		[testPackage01.Test_NewValidationHelper.f3_1]
################################################################################################################################################
[ReportManager] Assertion Passed: Checking valid user data @26-10-2021 18:49:38.0609 PM
[ReportManager] Assertion [ValidateEquals] PASSED. Expected [null] and Actual [null]. Comparison Type [EQUALS]. Validation Type [POSITIVE]. @26-10-2021 18:49:38.0610 P

################################################################################################################################################
Starting Execution:	[105 out of 143] test cases in the current suite
Test Method:		[testPackage01.Test_NewValidationHelper.f4]
################################################################################################################################################
[ReportManager] Assertion [ValidateEquals] PASSED. Expected [1] and Actual [123]. Comparison Type [CONTAINS]. Validation Type [POSITIVE]. @26-10-2021 18:49:38.0612 P

################################################################################################################################################
Starting Execution:	[106 out of 143] test cases in the current suite
Test Method:		[testPackage01.Test_NewValidationHelper.f5]
################################################################################################################################################
[ReportManager] Assertion [ValidateNull] PASSED. Expected [NULL] and Actual [1]. Comparison Type [EQUALS]. Validation Type [NEGATIVE]. @26-10-2021 18:49:38.0615 P

################################################################################################################################################
Starting Execution:	[107 out of 143] test cases in the current suite
Test Method:		[testPackage01.Test_NewValidationHelper.f6]
################################################################################################################################################
[ReportManager] Assertion Failed: Making sure that null string is not equal to null object @26-10-2021 18:49:38.0618 PM
[ReportManager] Assertion [ValidateNull] FAILED. Expected [NULL] and Actual [NULL]. Comparison Type [EQUALS]. Validation Type [POSITIVE]. @26-10-2021 18:49:38.0618 P

################################################################################################################################################
Starting Execution:	[108 out of 143] test cases in the current suite
Test Method:		[testPackage01.Test_NewValidationHelper.f6_1]
################################################################################################################################################
[ReportManager] Assertion [ValidateNull] FAILED. Expected [NULL] and Actual [NULL]. Comparison Type [EQUALS]. Validation Type [NEGATIVE]. @26-10-2021 18:49:38.0620 P

################################################################################################################################################
Starting Execution:	[109 out of 143] test cases in the current suite
Test Method:		[testPackage01.Test_NewValidationHelper.f6_2]
################################################################################################################################################
[ReportManager] Assertion Failed: Making sure that null string is not equal to null object @26-10-2021 18:49:38.0622 PM
[ReportManager] Assertion [ValidateNull] FAILED. Expected [NULL] and Actual [not null]. Comparison Type [EQUALS]. Validation Type [POSITIVE]. @26-10-2021 18:49:38.0622 P

################################################################################################################################################
Starting Execution:	[110 out of 143] test cases in the current suite
Test Method:		[testPackage01.Test_NewValidationHelper.f7]
################################################################################################################################################
[ReportManager] Assertion [ValidateNull] PASSED. Expected [NULL] and Actual [NULL]. Comparison Type [EQUALS]. Validation Type [POSITIVE]. @26-10-2021 18:49:38.0624 P
[ReportManager] File Action [GetAbsolutePath] successfully performed. With the following test data [Relative Folder Path: "target/downloadedFiles/"]. @26-10-2021 18:49:38.0626 PM
[ReportManager] Attempting to run remotely on: [Linux-64], [GoogleChrome], [http://localhost:4444/wd/hub], Headless Execution. @26-10-2021 18:49:38.0626 PM
[ReportManager] Successfully Opened [GoogleChrome]. @26-10-2021 18:49:42.0195 PM
[ReportManager] Target URL: [https://the-internet.herokuapp.com/] @26-10-2021 18:49:42.0195 PM
[ReportManager] Initial URL: [data:,] @26-10-2021 18:49:42.0255 PM
[ReportManager] Browser Action [NavigateToURL] successfully performed. With the following test data [https://the-internet.herokuapp.com/]. @26-10-2021 18:49:42.0666 P

################################################################################################################################################
Starting Execution:	[111 out of 143] test cases in the current suite
Test Method:		[testPackage01.Test_NewValidationHelper.f8]
################################################################################################################################################
[ReportManager] Loaded Shared OpenCV @26-10-2021 18:49:43.0062 PM
[ReportManager] Assertion [ValidateElementExists] PASSED. Expected [Element Should Exist, locator 'By.tagName: h1'] and Actual [Element Exists]. Comparison Type [EQUALS]. Validation Type [POSITIVE]. @26-10-2021 18:49:43.0314 PM
[ReportManager] Successfully created attachment [Screenshot - 1635274183061_f8_ValidateElementExists_passed] @26-10-2021 18:49:43.0316 P
[ReportManager] Successfully Closed All Drivers. @26-10-2021 18:49:43.0409 P
[ReportManager] File Action [GetAbsolutePath] successfully performed. With the following test data [Relative Folder Path: "target/downloadedFiles/"]. @26-10-2021 18:49:43.0411 PM
[ReportManager] Attempting to run remotely on: [Linux-64], [GoogleChrome], [http://localhost:4444/wd/hub], Headless Execution. @26-10-2021 18:49:43.0411 PM
[ReportManager] Successfully Opened [GoogleChrome]. @26-10-2021 18:49:47.0192 PM
[ReportManager] Target URL: [https://the-internet.herokuapp.com/] @26-10-2021 18:49:47.0193 PM
[ReportManager] Initial URL: [data:,] @26-10-2021 18:49:47.0267 PM
[ReportManager] Browser Action [NavigateToURL] successfully performed. With the following test data [https://the-internet.herokuapp.com/]. @26-10-2021 18:49:47.0734 P

################################################################################################################################################
Starting Execution:	[112 out of 143] test cases in the current suite
Test Method:		[testPackage01.Test_NewValidationHelper.f9]
################################################################################################################################################
[ReportManager] Assertion [ValidateElementExists] FAILED. Expected [Element Should Exist, locator 'By.tagName: h3'] and Actual [Element Doesn't Exists]. Comparison Type [EQUALS]. Validation Type [POSITIVE]. @26-10-2021 18:50:18.0784 PM
[ReportManager] Successfully created attachment [Screenshot - 1635274218572_f9_ValidateElementExists_failed] @26-10-2021 18:50:18.0785 P
[ReportManager] Successfully Closed All Drivers. @26-10-2021 18:50:18.0872 P

################################################################################################################################################
Starting Execution:	[113 out of 143] test cases in the current suite
Test Method:		[testPackage01.Test_NewValidationHelper.forceFail]
################################################################################################################################################
[ReportManager] Assertion [ValidateFail] FAILED. Successfully force failed the test. @26-10-2021 18:50:18.0876 P

################################################################################################################################################
Starting Execution:	[114 out of 143] test cases in the current suite
Test Method:		[testPackage01.Test_NewValidationHelper.forceFail2]
################################################################################################################################################
[ReportManager] Assertion Failed: Custom Message @26-10-2021 18:50:18.0878 PM
[ReportManager] Assertion [ValidateFail] FAILED. Successfully force failed the test. @26-10-2021 18:50:18.0878 P

################################################################################################################################################
Starting Execution:	[115 out of 143] test cases in the current suite
Test Method:		[testPackage01.Test_sendGraphqlRequest.sendGraphqlRequestUsingMutationAndVariables]
################################################################################################################################################
[ReportManager] GraphQl Request is being Performed with the Following Parameters [Service URL: https://api.spacex.land/graphql | Request Body: {"variables":"{\"name\": \"sherlock holmes\",\"rocket\": \"221B Baker Street\"}","query":"mutation ($name: String, $rocket: String) {\n  insert_users(objects: {name: $name, rocket: $rocket}) {\n    returning {\n      name\n      rocket\n    }\n  }\n}"}] @26-10-2021 18:50:18.0881 PM
[ReportManager] Response status code: [200], status line: [HTTP/1.1 200 OK] @26-10-2021 18:50:19.0212 PM
[ReportManager] Assertion Passed: Evaluating the actual response status code against the expected one... @26-10-2021 18:50:19.0213 PM
[ReportManager] Assertion [ValidateEquals] PASSED. Expected [200] and Actual [200]. Comparison Type [EQUALS]. Validation Type [POSITIVE]. @26-10-2021 18:50:19.0213 PM
[ReportManager] API Action [PerformRequest] successfully performed. With the following test data [Request Type: "POST" | Target Status Code: "200" | Service URL: "https://api.spacex.land/graphql" | Content Type: "application/json" | Response Time: "247ms"]. @26-10-2021 18:50:19.0227 PM
[ReportManager] Successfully created attachment [API Request - Specifications] @26-10-2021 18:50:19.0227 PM
[ReportManager] Successfully created attachment [API Request - JSON Body] @26-10-2021 18:50:19.0228 PM
[ReportManager] Successfully created attachment [API Response - JSON Body] @26-10-2021 18:50:19.0228 PM
[ReportManager] API Action [GetResponseJSONValue] successfully performed. With the following test data [data.insert_users.returning[0].name]. @26-10-2021 18:50:19.0273 PM
[ReportManager] Assertion [ValidateEquals] PASSED. Expected [sherlock holmes] and Actual [sherlock holmes]. Comparison Type [EQUALS]. Validation Type [POSITIVE]. @26-10-2021 18:50:19.0274 P

################################################################################################################################################
Starting Execution:	[116 out of 143] test cases in the current suite
Test Method:		[testPackage01.Test_sendGraphqlRequest.sendGraphqlRequestUsingQuery]
################################################################################################################################################
[ReportManager] GraphQl Request is being Performed with the Following Parameters [Service URL: https://api.spacex.land/graphql | Request Body: {"query":"{company {ceo}}"}] @26-10-2021 18:50:19.0282 PM
[ReportManager] Response status code: [200], status line: [HTTP/1.1 200 OK] @26-10-2021 18:50:19.0355 PM
[ReportManager] Assertion Passed: Evaluating the actual response status code against the expected one... @26-10-2021 18:50:19.0355 PM
[ReportManager] Assertion [ValidateEquals] PASSED. Expected [200] and Actual [200]. Comparison Type [EQUALS]. Validation Type [POSITIVE]. @26-10-2021 18:50:19.0355 PM
[ReportManager] API Action [PerformRequest] successfully performed. With the following test data [Request Type: "POST" | Target Status Code: "200" | Service URL: "https://api.spacex.land/graphql" | Content Type: "application/json" | Response Time: "67ms"]. @26-10-2021 18:50:19.0367 PM
[ReportManager] Successfully created attachment [API Request - Specifications] @26-10-2021 18:50:19.0368 PM
[ReportManager] Successfully created attachment [API Request - JSON Body] @26-10-2021 18:50:19.0368 PM
[ReportManager] Successfully created attachment [API Response - JSON Body] @26-10-2021 18:50:19.0368 PM
[ReportManager] API Action [GetResponseJSONValue] successfully performed. With the following test data [data.company.ceo]. @26-10-2021 18:50:19.0379 PM
[ReportManager] Assertion [ValidateEquals] PASSED. Expected [Elon Musk] and Actual [Elon Musk]. Comparison Type [EQUALS]. Validation Type [POSITIVE]. @26-10-2021 18:50:19.0379 P
[ReportManager] Successfully loaded the following test data file [src/test/resources/TestDataFiles/testSuite01/TestData.xlsx]. @26-10-2021 18:50:19.0409 PM
[ReportManager] Successfully created attachment [Test Data - Excel] @26-10-2021 18:50:19.0410 PM
[ReportManager] File Action [GetAbsolutePath] successfully performed. With the following test data [Relative Folder Path: "target/downloadedFiles/"]. @26-10-2021 18:50:19.0410 PM
[ReportManager] Attempting to run remotely on: [Linux-64], [GoogleChrome], [http://localhost:4444/wd/hub], Headless Execution. @26-10-2021 18:50:19.0411 PM
[ReportManager] Successfully Opened [GoogleChrome]. @26-10-2021 18:50:22.0185 P

################################################################################################################################################
Starting Execution:	[117 out of 143] test cases in the current suite
Test Method:		[testPackage01.Test_google.navigateToURLandVerifyGoogleLogoIsDisplayed]
Test Description:	[TC001 - Navigate to URL and Verify Google Logo is Displayed]
################################################################################################################################################
[ReportManager] Target URL: [https://www.google.com/ncr], and after redirection: [https://www.google.com] @26-10-2021 18:50:22.0190 PM
[ReportManager] Initial URL: [data:,] @26-10-2021 18:50:22.0249 PM
[ReportManager] Browser Action [NavigateToURL] successfully performed. With the following test data [https://www.google.com/ncr]. @26-10-2021 18:50:23.0200 PM
[ReportManager] Loaded Shared OpenCV @26-10-2021 18:50:23.0546 PM
[ReportManager] Assertion [ValidateElementExists] PASSED. Expected [Element Should Exist, locator 'By.xpath: //*[@id='hplogo' or @alt='Google']'] and Actual [Element Exists]. Comparison Type [EQUALS]. Validation Type [POSITIVE]. @26-10-2021 18:50:23.0768 PM
[ReportManager] Successfully created attachment [Screenshot - 1635274223546_navigateToURLandVerifyGoogleLogoIsDisplayed_ValidateElementExists_passed] @26-10-2021 18:50:23.0769 P

################################################################################################################################################
Starting Execution:	[118 out of 143] test cases in the current suite
Test Method:		[testPackage01.Test_google.searchForQueryandAssertResultsNumDisplayed]
Test Description:	[TC002 - Search for Query and Assert that the number of results is displayed]
################################################################################################################################################
[ReportManager] Element Action [Type] successfully performed. With the following test data [SHAFT_Engine]. @26-10-2021 18:50:24.0304 PM
[ReportManager] Element Action [KeyPress] successfully performed. With the following test data [Enter]. @26-10-2021 18:50:25.0869 PM
[ReportManager] Element Action [GetText] successfully performed. With the following test data [About 892,000 results (0.61 seconds) ]. @26-10-2021 18:50:25.0983 PM
[ReportManager] Loaded Shared OpenCV @26-10-2021 18:50:26.0272 PM
[ReportManager] Assertion [ValidateElementAttribute] PASSED. Expected [Value Should not be '' for the 'Text' attribute, element locator 'By.id: appbar'] and Actual [About 892,000 results (0.61 seconds) ]. Comparison Type [EQUALS]. Validation Type [NEGATIVE]. @26-10-2021 18:50:26.0545 PM
[ReportManager] Successfully created attachment [Screenshot - 1635274226272_searchForQueryandAssertResultsNumDisplayed_ValidateElementAttribute_passed] @26-10-2021 18:50:26.0548 P

################################################################################################################################################
Starting Execution:	[119 out of 143] test cases in the current suite
Test Method:		[testPackage01.Test_google.clickNextThrice]
Test Description:	[TC003 - Clicks the next button to make sure that the framework can scroll element into view before clicking it]
################################################################################################################################################
[ReportManager] Element Action [Click] successfully performed. With the following test data [Next]. @26-10-2021 18:50:28.0309 P
[ReportManager] Browser Action [CloseCurrentWindow] successfully performed. @26-10-2021 18:50:28.0547 PM
[ReportManager] Successfully created attachment [Browser Action Test Data - CloseCurrentWindow - Actual Value] @26-10-2021 18:50:28.0549 P
[ReportManager] File Action [GetAbsolutePath] successfully performed. With the following test data [Relative Folder Path: "target/downloadedFiles/"]. @26-10-2021 18:50:28.0551 PM
[ReportManager] Attempting to run remotely on: [Linux-64], [GoogleChrome], [http://localhost:4444/wd/hub], Headless Execution. @26-10-2021 18:50:28.0551 PM
[ReportManager] Successfully Opened [GoogleChrome]. @26-10-2021 18:50:32.0191 P

################################################################################################################################################
Starting Execution:	[120 out of 143] test cases in the current suite
Test Method:		[testPackage01.Test_ShadowDOM.shadowdom]
################################################################################################################################################
[ReportManager] Target URL: [https://mdn.github.io/web-components-examples/popup-info-box-web-component/] @26-10-2021 18:50:32.0196 PM
[ReportManager] Initial URL: [data:,] @26-10-2021 18:50:32.0289 PM
[ReportManager] Browser Action [NavigateToURL] successfully performed. With the following test data [https://mdn.github.io/web-components-examples/popup-info-box-web-component/]. @26-10-2021 18:50:32.0646 PM
[ReportManager] Element Action [Type] successfully performed. With the following test data [Typing into SHADOW DOM...]. @26-10-2021 18:50:33.0062 PM
[ReportManager] Element Action [GetText] successfully performed. With the following test data [Typing into SHADOW DOM...]. @26-10-2021 18:50:33.0250 PM
[ReportManager] Loaded Shared OpenCV @26-10-2021 18:50:33.0494 PM
[ReportManager] Assertion [ValidateElementAttribute] PASSED. Expected [Value Should be 'Typing into SHADOW DOM...' for the 'Text' attribute, element locator 'By.id: cvc'] and Actual [Typing into SHADOW DOM...]. Comparison Type [EQUALS]. Validation Type [POSITIVE]. @26-10-2021 18:50:33.0712 PM
[ReportManager] Successfully created attachment [Screenshot - 1635274233493_shadowdom_ValidateElementAttribute_passed] @26-10-2021 18:50:33.0713 P
[ReportManager] Browser Action [CloseCurrentWindow] successfully performed. @26-10-2021 18:50:33.0819 PM
[ReportManager] Successfully created attachment [Browser Action Test Data - CloseCurrentWindow - Actual Value] @26-10-2021 18:50:33.0819 P

################################################################################################################################################
Starting Execution:	[121 out of 143] test cases in the current suite
Test Method:		[testPackage01.Test_AssertApiResponseEquals.assertApiResponseEquals_expectedToPass]
################################################################################################################################################
[ReportManager] Response status code: [200], status line: [HTTP/1.1 200 OK] @26-10-2021 18:50:33.0907 PM
[ReportManager] Assertion Passed: Evaluating the actual response status code against the expected one... @26-10-2021 18:50:33.0908 PM
[ReportManager] Assertion [ValidateEquals] PASSED. Expected [200] and Actual [200]. Comparison Type [EQUALS]. Validation Type [POSITIVE]. @26-10-2021 18:50:33.0908 PM
[ReportManager] API Action [PerformRequest] successfully performed. With the following test data [Request Type: "GET" | Target Status Code: "200" | Service URL: "https://jsonplaceholder.typicode.com/users" | Content Type: "*/*" | Response Time: "76ms"]. @26-10-2021 18:50:33.0936 PM
[ReportManager] Successfully created attachment [API Request - Specifications] @26-10-2021 18:50:33.0936 PM
[ReportManager] Successfully created attachment [API Response - JSON Body] @26-10-2021 18:50:33.0936 PM
[ReportManager] API Action [GetResponseJSONValueAsList] successfully performed. With the following test data [$]. @26-10-2021 18:50:33.0944 PM
[ReportManager] API Action [GetResponseJSONValue] successfully performed. With the following test data [name]. @26-10-2021 18:50:33.0967 PM
[ReportManager] API Action [GetResponseJSONValue] successfully performed. With the following test data [email]. @26-10-2021 18:50:33.0977 PM
[ReportManager] Verification [ValidateEquals] PASSED. Expected [Sincere@april.biz] and Actual [Sincere@april.biz]. Comparison Type [EQUALS]. Validation Type [POSITIVE]. @26-10-2021 18:50:33.0978 PM
[ReportManager] API Action [GetResponseJSONValue] successfully performed. With the following test data [username]. @26-10-2021 18:50:33.0987 PM
[ReportManager] Assertion [ValidateEquals] PASSED. Expected [Bret] and Actual [Bret]. Comparison Type [EQUALS]. Validation Type [POSITIVE]. @26-10-2021 18:50:33.0987 PM
[ReportManager] API Action [GetResponseJSONValue] successfully performed. With the following test data [name]. @26-10-2021 18:50:33.0996 PM
[ReportManager] API Action [GetResponseJSONValue] successfully performed. With the following test data [name]. @26-10-2021 18:50:34.0005 PM
[ReportManager] API Action [GetResponseJSONValue] successfully performed. With the following test data [name]. @26-10-2021 18:50:34.0013 PM
[ReportManager] API Action [GetResponseJSONValue] successfully performed. With the following test data [name]. @26-10-2021 18:50:34.0023 PM
[ReportManager] API Action [GetResponseJSONValue] successfully performed. With the following test data [name]. @26-10-2021 18:50:34.0031 PM
[ReportManager] API Action [GetResponseJSONValue] successfully performed. With the following test data [name]. @26-10-2021 18:50:34.0055 PM
[ReportManager] API Action [GetResponseJSONValue] successfully performed. With the following test data [name]. @26-10-2021 18:50:34.0064 PM
[ReportManager] API Action [GetResponseJSONValue] successfully performed. With the following test data [name]. @26-10-2021 18:50:34.0072 PM
[ReportManager] API Action [GetResponseJSONValue] successfully performed. With the following test data [name]. @26-10-2021 18:50:34.0080 P
[ReportManager] File Action [GetAbsolutePath] successfully performed. With the following test data [Relative Folder Path: "target/downloadedFiles/"]. @26-10-2021 18:50:34.0090 PM
[ReportManager] Attempting to run remotely on: [Linux-64], [GoogleChrome], [http://localhost:4444/wd/hub], Headless Execution. @26-10-2021 18:50:34.0091 PM
[ReportManager] Successfully Opened [GoogleChrome]. @26-10-2021 18:50:37.0192 P

################################################################################################################################################
Starting Execution:	[122 out of 143] test cases in the current suite
Test Method:		[testPackage01.Test_IsElementClickable.testIsElementClickable]
################################################################################################################################################
[ReportManager] Target URL: [https://the-internet.herokuapp.com/] @26-10-2021 18:50:37.0195 PM
[ReportManager] Initial URL: [data:,] @26-10-2021 18:50:37.0264 PM
[ReportManager] Browser Action [NavigateToURL] successfully performed. With the following test data [https://the-internet.herokuapp.com/]. @26-10-2021 18:50:37.0644 PM
[ReportManager] Element Action [IsElementClickable] successfully performed. @26-10-2021 18:50:37.0844 PM
[ReportManager] Assertion [ValidateTrue] PASSED. Expected [TRUE] and Actual [TRUE]. Validation Type [POSITIVE]. @26-10-2021 18:50:37.0844 P
[ReportManager] Browser Action [CloseCurrentWindow] successfully performed. @26-10-2021 18:50:37.0977 PM
[ReportManager] Successfully created attachment [Browser Action Test Data - CloseCurrentWindow - Actual Value] @26-10-2021 18:50:37.0977 P

################################################################################################################################################
Starting Execution:	[123 out of 143] test cases in the current suite
Test Method:		[testPackage01.Test_JsonCompareWithSpecialCharacters.specialCharacters]
################################################################################################################################################
[ReportManager] File Action [GetAbsolutePath] successfully performed. With the following test data [Relative Folder Path: "src/test/resources/TestJsonFiles/specialCharacters.json"]. @26-10-2021 18:50:37.0984 PM
[ReportManager] File Action [ReadFromFile] successfully performed. With the following test data [File Path: "/home/runner/work/SHAFT_ENGINE/SHAFT_ENGINE/src/test/resources/TestJsonFiles/specialCharacters.json"]. @26-10-2021 18:50:37.0991 PM
[ReportManager] Successfully created attachment [File Action Actual Result - Command Log] @26-10-2021 18:50:37.0991 PM
[ReportManager] Comparing the provided API response with the file at this path "src/test/resources/TestJsonFiles/specialCharacters.json", comparison type "EQUALS" @26-10-2021 18:50:37.0992 PM
[ReportManager] API Action [CompareJSON] successfully performed. With the following test data [src/test/resources/TestJsonFiles/specialCharacters.json]. @26-10-2021 18:50:38.0006 PM
[ReportManager] File Action [GetAbsolutePath] successfully performed. With the following test data [Relative Folder Path: "src/test/resources/TestJsonFiles/specialCharacters.json"]. @26-10-2021 18:50:38.0006 PM
[ReportManager] File Action [ReadFromFile] successfully performed. With the following test data [File Path: "/home/runner/work/SHAFT_ENGINE/SHAFT_ENGINE/src/test/resources/TestJsonFiles/specialCharacters.json"]. @26-10-2021 18:50:38.0006 PM
[ReportManager] Verification [ValidateJSONFileContent] PASSED. Expected [Response data should match the JSON File in this path 'src/test/resources/TestJsonFiles/specialCharacters.json'] and Actual [TRUE]. Comparison Type [EQUALS]. Validation Type [POSITIVE]. @26-10-2021 18:50:38.0011 PM
[ReportManager] Successfully created attachment [Validation Test Data - Expected JSON Value] @26-10-2021 18:50:38.0011 PM
[ReportManager] Successfully created attachment [Validation Test Data - Actual JSON Value] @26-10-2021 18:50:38.0012 P

################################################################################################################################################
Starting Execution:	[124 out of 143] test cases in the current suite
Test Method:		[testPackage01.Test_JsonCompareWithSpecialCharacters.specialCharacters_assertion]
################################################################################################################################################
[ReportManager] File Action [GetAbsolutePath] successfully performed. With the following test data [Relative Folder Path: "src/test/resources/TestJsonFiles/specialCharacters.json"]. @26-10-2021 18:50:38.0020 PM
[ReportManager] File Action [ReadFromFile] successfully performed. With the following test data [File Path: "/home/runner/work/SHAFT_ENGINE/SHAFT_ENGINE/src/test/resources/TestJsonFiles/specialCharacters.json"]. @26-10-2021 18:50:38.0021 PM
[ReportManager] Successfully created attachment [File Action Actual Result - Command Log] @26-10-2021 18:50:38.0021 PM
[ReportManager] Comparing the provided API response with the file at this path "src/test/resources/TestJsonFiles/specialCharacters.json", comparison type "CONTAINS" @26-10-2021 18:50:38.0021 PM
[ReportManager] API Action [CompareJSON] successfully performed. With the following test data [src/test/resources/TestJsonFiles/specialCharacters.json]. @26-10-2021 18:50:38.0039 PM
[ReportManager] File Action [GetAbsolutePath] successfully performed. With the following test data [Relative Folder Path: "src/test/resources/TestJsonFiles/specialCharacters.json"]. @26-10-2021 18:50:38.0039 PM
[ReportManager] File Action [ReadFromFile] successfully performed. With the following test data [File Path: "/home/runner/work/SHAFT_ENGINE/SHAFT_ENGINE/src/test/resources/TestJsonFiles/specialCharacters.json"]. @26-10-2021 18:50:38.0039 PM
[ReportManager] Assertion Passed: trying out the log message @26-10-2021 18:50:38.0043 PM
[ReportManager] Successfully created attachment [Validation Test Data - Expected JSON Value] @26-10-2021 18:50:38.0044 PM
[ReportManager] Successfully created attachment [Validation Test Data - Actual JSON Value] @26-10-2021 18:50:38.0044 PM
[ReportManager] Assertion [ValidateJSONFileContent] PASSED. Expected [Response data should match the JSON File in this path 'src/test/resources/TestJsonFiles/specialCharacters.json'] and Actual [TRUE]. Comparison Type [CONTAINS]. Validation Type [POSITIVE]. @26-10-2021 18:50:38.0044 P
[ReportManager] File Action [GetAbsolutePath] successfully performed. With the following test data [Relative Folder Path: "target/downloadedFiles/"]. @26-10-2021 18:50:38.0053 PM
[ReportManager] Attempting to run remotely on: [Linux-64], [GoogleChrome], [http://localhost:4444/wd/hub], Headless Execution. @26-10-2021 18:50:38.0053 PM
[ReportManager] Successfully Opened [GoogleChrome]. @26-10-2021 18:50:42.0187 P

################################################################################################################################################
Starting Execution:	[125 out of 143] test cases in the current suite
Test Method:		[testPackage01.Test_assertEquals.test_assertElementAttribute]
################################################################################################################################################
[ReportManager] Target URL: [https://www.google.com/ncr], and after redirection: [https://www.google.com] @26-10-2021 18:50:42.0195 PM
[ReportManager] Initial URL: [data:,] @26-10-2021 18:50:42.0257 PM
[ReportManager] Browser Action [NavigateToURL] successfully performed. With the following test data [https://www.google.com/ncr]. @26-10-2021 18:50:43.0164 PM
[ReportManager] Element Action [Type] successfully performed. With the following test data [INC_004010050:Another SCHEDULER with the same name [Duplicate Job Name] already exists.]. @26-10-2021 18:50:43.0988 PM
[ReportManager] Element Action [GetText] successfully performed. With the following test data [INC_004010050:Another SCHEDULER with the same name [Duplicate Job Name] already exists.]. @26-10-2021 18:50:44.0118 PM
[ReportManager] Loaded Shared OpenCV @26-10-2021 18:50:44.0417 PM
[ReportManager] Assertion [ValidateElementAttribute] PASSED. Expected [Value Should be 'INC_004010050:Another SCHEDULER with the same name \[Duplicate Job Name\] already exists.' for the 'text' attribute, element locator 'By.name: q'] and Actual [INC_004010050:Another SCHEDULER with the same name [Duplicate Job Name] already exists.]. Comparison Type [MATCHES]. Validation Type [POSITIVE]. @26-10-2021 18:50:44.0651 PM
[ReportManager] Successfully created attachment [Screenshot - 1635274244417_test_assertElementAttribute_ValidateElementAttribute_passed] @26-10-2021 18:50:44.0652 P
[ReportManager] Browser Action [CloseCurrentWindow] successfully performed. @26-10-2021 18:50:44.0801 PM
[ReportManager] Successfully created attachment [Browser Action Test Data - CloseCurrentWindow - Actual Value] @26-10-2021 18:50:44.0802 P
[ReportManager] File Action [GetAbsolutePath] successfully performed. With the following test data [Relative Folder Path: "target/downloadedFiles/"]. @26-10-2021 18:50:44.0803 PM
[ReportManager] Attempting to run remotely on: [Linux-64], [GoogleChrome], [http://localhost:4444/wd/hub], Headless Execution. @26-10-2021 18:50:44.0803 PM
[ReportManager] Successfully Opened [GoogleChrome]. @26-10-2021 18:50:47.0195 P

################################################################################################################################################
Starting Execution:	[126 out of 143] test cases in the current suite
Test Method:		[testPackage01.Test_verifyEquals.test_assertElementAttribute]
################################################################################################################################################
[ReportManager] Target URL: [https://www.google.com/ncr], and after redirection: [https://www.google.com] @26-10-2021 18:50:47.0203 PM
[ReportManager] Initial URL: [data:,] @26-10-2021 18:50:47.0258 PM
[ReportManager] Browser Action [NavigateToURL] successfully performed. With the following test data [https://www.google.com/ncr]. @26-10-2021 18:50:48.0159 PM
[ReportManager] Element Action [Type] successfully performed. With the following test data [INC_004010050:Another SCHEDULER with the same name [Duplicate Job Name] already exists.]. @26-10-2021 18:50:49.0060 PM
[ReportManager] Element Action [GetText] successfully performed. With the following test data [INC_004010050:Another SCHEDULER with the same name [Duplicate Job Name] already exists.]. @26-10-2021 18:50:49.0209 PM
[ReportManager] Loaded Shared OpenCV @26-10-2021 18:50:49.0465 PM
[ReportManager] Verification [ValidateElementAttribute] PASSED. Expected [Value Should be 'INC_004010050:Another SCHEDULER with the same name \[Duplicate Job Name\] already exists.' for the 'text' attribute, element locator 'By.name: q'] and Actual [INC_004010050:Another SCHEDULER with the same name [Duplicate Job Name] already exists.]. Comparison Type [MATCHES]. Validation Type [POSITIVE]. @26-10-2021 18:50:49.0699 PM
[ReportManager] Successfully created attachment [Screenshot - 1635274249465_test_assertElementAttribute_ValidateElementAttribute_passed] @26-10-2021 18:50:49.0700 P
[ReportManager] Browser Action [CloseCurrentWindow] successfully performed. @26-10-2021 18:50:49.0855 PM
[ReportManager] Successfully created attachment [Browser Action Test Data - CloseCurrentWindow - Actual Value] @26-10-2021 18:50:49.0856 P

################################################################################################################################################
Starting Execution:	[127 out of 143] test cases in the current suite
Test Method:		[testPackage01.Test_JsonActions.f]
###############################################################################################################################################

################################################################################################################################################
Starting Execution:	[128 out of 143] test cases in the current suite
Test Method:		[testPackage01.Test_JsonActions.f2]
###############################################################################################################################################

################################################################################################################################################
Starting Execution:	[129 out of 143] test cases in the current suite
Test Method:		[testPackage01.Test_PDF.testPDF_Downloaded]
################################################################################################################################################
[ReportManager] File Action [DoesFileExist] successfully performed. With the following test data [File Path: "src/test/resources/TestDataFiles/sample.pdf"]. @26-10-2021 18:50:49.0875 PM
[ReportManager] File Action [GetAbsolutePath] successfully performed. With the following test data [Relative File Path: "src/test/resources/TestDataFiles/sample.pdf"]. @26-10-2021 18:50:49.0876 PM
[ReportManager] Assertion [ValidateTrue] PASSED. Expected [TRUE] and Actual [TRUE]. Validation Type [POSITIVE]. @26-10-2021 18:50:51.0103 P
[ReportManager] File Action [GetAbsolutePath] successfully performed. With the following test data [Relative Folder Path: "target/downloadedFiles/"]. @26-10-2021 18:50:51.0107 PM
[ReportManager] Attempting to run remotely on: [Linux-64], [GoogleChrome], [http://localhost:4444/wd/hub], Headless Execution. @26-10-2021 18:50:51.0107 PM
[ReportManager] Successfully Opened [GoogleChrome]. @26-10-2021 18:50:52.0196 P

################################################################################################################################################
Starting Execution:	[130 out of 143] test cases in the current suite
Test Method:		[testPackage01.Test_dragAndDrop.dragAndDropJquery]
################################################################################################################################################
[ReportManager] Target URL: [https://jqueryui.com/resources/demos/droppable/default.html] @26-10-2021 18:50:52.0198 PM
[ReportManager] Initial URL: [data:,] @26-10-2021 18:50:52.0298 PM
[ReportManager] Browser Action [NavigateToURL] successfully performed. With the following test data [https://jqueryui.com/resources/demos/droppable/default.html]. @26-10-2021 18:50:52.0712 PM
[ReportManager] Element Action [GetText] successfully performed. With the following test data [Drop here]. @26-10-2021 18:50:52.0854 PM
[ReportManager] Element Action [DragAndDrop] successfully performed. With the following test data [Start point: (8, 18), End point: (8, 18)]. @26-10-2021 18:50:54.0431 PM
[ReportManager] Element Action [GetText] successfully performed. With the following test data [Dropped!]. @26-10-2021 18:50:54.0511 PM
[ReportManager] Assertion Passed: Checking to see if the text has changed after performing drag and drop @26-10-2021 18:50:54.0511 PM
[ReportManager] Assertion [ValidateEquals] PASSED. Expected [Drop here] and Actual [Dropped!]. Comparison Type [EQUALS]. Validation Type [NEGATIVE]. @26-10-2021 18:50:54.0511 P
[ReportManager] Browser Action [CloseCurrentWindow] successfully performed. @26-10-2021 18:50:54.0689 PM
[ReportManager] Successfully created attachment [Browser Action Test Data - CloseCurrentWindow - Actual Value] @26-10-2021 18:50:54.0690 P
[ReportManager] File Action [GetAbsolutePath] successfully performed. With the following test data [Relative Folder Path: "target/downloadedFiles/"]. @26-10-2021 18:50:54.0692 PM
[ReportManager] Attempting to run remotely on: [Linux-64], [GoogleChrome], [http://localhost:4444/wd/hub], Headless Execution. @26-10-2021 18:50:54.0692 PM
[ReportManager] Successfully Opened [GoogleChrome]. @26-10-2021 18:50:57.0206 P

################################################################################################################################################
Starting Execution:	[131 out of 143] test cases in the current suite
Test Method:		[testPackage01.Test_dragAndDrop.dragAndDrop]
Test Description:	[TC001 - Test Drag and Drop function.]
################################################################################################################################################
[ReportManager] Target URL: [http://the-internet.herokuapp.com/drag_and_drop] @26-10-2021 18:50:57.0210 PM
[ReportManager] Initial URL: [data:,] @26-10-2021 18:50:57.0316 PM
[ReportManager] Browser Action [NavigateToURL] successfully performed. With the following test data [http://the-internet.herokuapp.com/drag_and_drop]. @26-10-2021 18:50:57.0737 PM
[ReportManager] Attempting Drag and Drop @26-10-2021 18:50:57.0737 PM
[ReportManager] Element Action [DragAndDrop] successfully performed. With the following test data [Start point: (492, 89), End point: (707, 89)]. @26-10-2021 18:50:59.0019 P
[ReportManager] Browser Action [CloseCurrentWindow] successfully performed. @26-10-2021 18:50:59.0145 PM
[ReportManager] Successfully created attachment [Browser Action Test Data - CloseCurrentWindow - Actual Value] @26-10-2021 18:50:59.0145 P
[ReportManager] File Action [GetAbsolutePath] successfully performed. With the following test data [Relative Folder Path: "target/downloadedFiles/"]. @26-10-2021 18:50:59.0147 PM
[ReportManager] Attempting to run remotely on: [Linux-64], [GoogleChrome], [http://localhost:4444/wd/hub], Headless Execution. @26-10-2021 18:50:59.0148 PM
[ReportManager] Successfully Opened [GoogleChrome]. @26-10-2021 18:51:02.0188 P

################################################################################################################################################
Starting Execution:	[132 out of 143] test cases in the current suite
Test Method:		[testPackage01.Test_dragAndDrop.dragAndDropByOffset]
Test Description:	[TC002 - Test Drag and Drop by offset function.]
################################################################################################################################################
[ReportManager] Target URL: [https://jqueryui.com/resources/demos/draggable/default.html] @26-10-2021 18:51:02.0195 PM
[ReportManager] Initial URL: [data:,] @26-10-2021 18:51:02.0264 PM
[ReportManager] Browser Action [NavigateToURL] successfully performed. With the following test data [https://jqueryui.com/resources/demos/draggable/default.html]. @26-10-2021 18:51:02.0628 PM
[ReportManager] Element Action [DragAndDropByOffset] successfully performed. With the following test data [Start point: (8, 8), End point: (108, 58)]. @26-10-2021 18:51:03.0181 P
[ReportManager] Browser Action [CloseCurrentWindow] successfully performed. @26-10-2021 18:51:03.0308 PM
[ReportManager] Successfully created attachment [Browser Action Test Data - CloseCurrentWindow - Actual Value] @26-10-2021 18:51:03.0309 P
[ReportManager] File Action [GetAbsolutePath] successfully performed. With the following test data [Relative Folder Path: "target/downloadedFiles/"]. @26-10-2021 18:51:03.0310 PM
[ReportManager] Attempting to run remotely on: [Linux-64], [GoogleChrome], [http://localhost:4444/wd/hub], Headless Execution. @26-10-2021 18:51:03.0310 PM
[ReportManager] Successfully Opened [GoogleChrome]. @26-10-2021 18:51:07.0190 P

################################################################################################################################################
Starting Execution:	[133 out of 143] test cases in the current suite
Test Method:		[testPackage01.Test_clipboardActions.typeTextAndCopyPaste]
################################################################################################################################################
[ReportManager] Target URL: [https://www.google.com/ncr], and after redirection: [https://www.google.com] @26-10-2021 18:51:07.0197 PM
[ReportManager] Initial URL: [data:,] @26-10-2021 18:51:07.0252 PM
[ReportManager] Browser Action [NavigateToURL] successfully performed. With the following test data [https://www.google.com/ncr]. @26-10-2021 18:51:08.0146 PM
[ReportManager] Element Action [Type] successfully performed. With the following test data [FIRST]. @26-10-2021 18:51:08.0679 PM
[ReportManager] Element Action [ClipboardActions] successfully performed. With the following test data [select all]. @26-10-2021 18:51:08.0760 PM
[ReportManager] Element Action [ClipboardActions] successfully performed. With the following test data [copy]. @26-10-2021 18:51:08.0867 PM
[ReportManager] Element Action [ClipboardActions] successfully performed. With the following test data [unselect]. @26-10-2021 18:51:08.0994 PM
[ReportManager] Element Action [ClipboardActions] successfully performed. With the following test data [paste]. @26-10-2021 18:51:09.0061 PM
[ReportManager] Element Action [ClipboardActions] successfully performed. With the following test data [select all]. @26-10-2021 18:51:09.0172 PM
[ReportManager] Element Action [Type] successfully performed. @26-10-2021 18:51:09.0614 PM
[ReportManager] Element Action [ClipboardActions] successfully performed. With the following test data [cut]. @26-10-2021 18:51:09.0614 PM
[ReportManager] Element Action [ClipboardActions] successfully performed. With the following test data [paste]. @26-10-2021 18:51:09.0686 PM
[ReportManager] Element Action [ClipboardActions] successfully performed. With the following test data [paste]. @26-10-2021 18:51:09.0780 P
[ReportManager] Browser Action [CloseCurrentWindow] successfully performed. @26-10-2021 18:51:09.0925 PM
[ReportManager] Successfully created attachment [Browser Action Test Data - CloseCurrentWindow - Actual Value] @26-10-2021 18:51:09.0926 P
[ReportManager] File Action [GetAbsolutePath] successfully performed. With the following test data [Relative Folder Path: "target/downloadedFiles/"]. @26-10-2021 18:51:09.0929 PM
[ReportManager] Attempting to run remotely on: [Linux-64], [GoogleChrome], [http://localhost:4444/wd/hub], Headless Execution. @26-10-2021 18:51:09.0929 PM
[ReportManager] Successfully Opened [GoogleChrome]. @26-10-2021 18:51:12.0197 P

################################################################################################################################################
Starting Execution:	[134 out of 143] test cases in the current suite
Test Method:		[testPackage01.Test_dynamicLoading.dynamicLoading_elementIsHidden]
################################################################################################################################################
[ReportManager] Target URL: [https://the-internet.herokuapp.com/dynamic_loading/1] @26-10-2021 18:51:12.0208 PM
[ReportManager] Initial URL: [data:,] @26-10-2021 18:51:12.0274 PM
[ReportManager] Browser Action [NavigateToURL] successfully performed. With the following test data [https://the-internet.herokuapp.com/dynamic_loading/1]. @26-10-2021 18:51:12.0718 PM
[ReportManager] Element Action [Click] successfully performed. With the following test data [Start]. @26-10-2021 18:51:13.0278 PM
[ReportManager] Element Action [GetText] successfully performed. With the following test data [
    Hello World!
  ]. @26-10-2021 18:51:13.0412 PM
[ReportManager] Loaded Shared OpenCV @26-10-2021 18:51:13.0745 PM
[ReportManager] Assertion [ValidateElementAttribute] PASSED. Expected [Value Should be 'Hello World!' for the 'text' attribute, element locator 'By.id: finish'] and Actual [
    Hello World!
  ]. Comparison Type [CONTAINS]. Validation Type [POSITIVE]. @26-10-2021 18:51:14.0000 PM
[ReportManager] Successfully created attachment [Screenshot - 1635274273745_dynamicLoading_elementIsHidden_ValidateElementAttribute_passed] @26-10-2021 18:51:14.0001 P
[ReportManager] Browser Action [CloseCurrentWindow] successfully performed. @26-10-2021 18:51:14.0132 PM
[ReportManager] Successfully created attachment [Browser Action Test Data - CloseCurrentWindow - Actual Value] @26-10-2021 18:51:14.0133 P
[ReportManager] File Action [GetAbsolutePath] successfully performed. With the following test data [Relative Folder Path: "target/downloadedFiles/"]. @26-10-2021 18:51:14.0134 PM
[ReportManager] Attempting to run remotely on: [Linux-64], [GoogleChrome], [http://localhost:4444/wd/hub], Headless Execution. @26-10-2021 18:51:14.0134 PM
[ReportManager] Successfully Opened [GoogleChrome]. @26-10-2021 18:51:17.0207 P

################################################################################################################################################
Starting Execution:	[135 out of 143] test cases in the current suite
Test Method:		[testPackage01.Test_dynamicLoading.dynamicLoading_elementIsRendered]
################################################################################################################################################
[ReportManager] Target URL: [https://the-internet.herokuapp.com/dynamic_loading/2] @26-10-2021 18:51:17.0209 PM
[ReportManager] Initial URL: [data:,] @26-10-2021 18:51:17.0283 PM
[ReportManager] Browser Action [NavigateToURL] successfully performed. With the following test data [https://the-internet.herokuapp.com/dynamic_loading/2]. @26-10-2021 18:51:17.0769 PM
[ReportManager] Element Action [Click] successfully performed. With the following test data [Start]. @26-10-2021 18:51:18.0336 PM
[ReportManager] Element Action [GetText] successfully performed. With the following test data [Hello World!]. @26-10-2021 18:51:23.0554 PM
[ReportManager] Loaded Shared OpenCV @26-10-2021 18:51:23.0804 PM
[ReportManager] Assertion [ValidateElementAttribute] PASSED. Expected [Value Should be 'Hello World!' for the 'text' attribute, element locator 'By.id: finish'] and Actual [Hello World!]. Comparison Type [CONTAINS]. Validation Type [POSITIVE]. @26-10-2021 18:51:24.0022 PM
[ReportManager] Successfully created attachment [Screenshot - 1635274283804_dynamicLoading_elementIsRendered_ValidateElementAttribute_passed] @26-10-2021 18:51:24.0023 P
[ReportManager] Browser Action [CloseCurrentWindow] successfully performed. @26-10-2021 18:51:24.0161 PM
[ReportManager] Successfully created attachment [Browser Action Test Data - CloseCurrentWindow - Actual Value] @26-10-2021 18:51:24.0161 P
[ReportManager] File Action [GetAbsolutePath] successfully performed. With the following test data [Relative Folder Path: "target/downloadedFiles/"]. @26-10-2021 18:51:24.0163 PM
[ReportManager] Attempting to run remotely on: [Linux-64], [GoogleChrome], [http://localhost:4444/wd/hub], Headless Execution. @26-10-2021 18:51:24.0163 PM
[ReportManager] Successfully Opened [GoogleChrome]. @26-10-2021 18:51:27.0219 P

################################################################################################################################################
Starting Execution:	[136 out of 143] test cases in the current suite
Test Method:		[testPackage01.Test_uploadFile.uploadFile_invisibleUploadInput]
################################################################################################################################################
[ReportManager] Target URL: [https://fineuploader.com/demos.html#gallery-view] @26-10-2021 18:51:27.0228 PM
[ReportManager] Initial URL: [data:,] @26-10-2021 18:51:27.0283 PM
[ReportManager] Browser Action [NavigateToURL] successfully performed. With the following test data [https://fineuploader.com/demos.html#gallery-view]. @26-10-2021 18:51:28.0759 PM
[ReportManager] File Action [GetAbsolutePath] successfully performed. With the following test data [Relative File Path: "src/main/resources/images/shaft.png"]. @26-10-2021 18:51:28.0760 PM
[ReportManager] Successfully created attachment [File Action Actual Result - Command Log] @26-10-2021 18:51:28.0760 PM
[ReportManager] Element Action [TypeFileLocationForUpload] successfully performed. With the following test data [/home/runner/work/SHAFT_ENGINE/SHAFT_ENGINE/src/main/resources/images/shaft.png]. @26-10-2021 18:51:28.0981 PM
[ReportManager] Attempting to getAttribute [src] from elementLocator [By.xpath: //div[@id='fine-uploader-gallery']//div[@class='qq-thumbnail-wrapper']/img]. @26-10-2021 18:51:28.0981 PM
[ReportManager] Element Action [GetAttribute] successfully performed. @26-10-2021 18:51:29.0138 PM
[ReportManager] Successfully created attachment [Element Action Test Data - GetAttribute - Actual Value] @26-10-2021 18:51:29.0139 PM
[ReportManager] Loaded Shared OpenCV @26-10-2021 18:51:29.0444 PM
[ReportManager] Assertion [ValidateElementAttribute] PASSED. Expected and Actual values are attached. Comparison Type [CONTAINS]. Validation Type [POSITIVE]. @26-10-2021 18:51:29.0692 PM
[ReportManager] Successfully created attachment [Validation Test Data - Expected Value] @26-10-2021 18:51:29.0693 PM
[ReportManager] Successfully created attachment [Validation Test Data - Actual Value] @26-10-2021 18:51:29.0693 PM
[ReportManager] Successfully created attachment [Screenshot - 1635274289444_uploadFile_invisibleUploadInput_ValidateElementAttribute_passed] @26-10-2021 18:51:29.0695 P
[ReportManager] Browser Action [CloseCurrentWindow] successfully performed. @26-10-2021 18:51:29.0851 PM
[ReportManager] Successfully created attachment [Browser Action Test Data - CloseCurrentWindow - Actual Value] @26-10-2021 18:51:29.0852 P
[ReportManager] File Action [GetAbsolutePath] successfully performed. With the following test data [Relative Folder Path: "target/downloadedFiles/"]. @26-10-2021 18:51:29.0855 PM
[ReportManager] Attempting to run remotely on: [Linux-64], [GoogleChrome], [http://localhost:4444/wd/hub], Headless Execution. @26-10-2021 18:51:29.0855 PM
[ReportManager] Successfully Opened [GoogleChrome]. @26-10-2021 18:51:32.0220 P

################################################################################################################################################
Starting Execution:	[137 out of 143] test cases in the current suite
Test Method:		[testPackage01.Test_uploadFile.uploadFile_visibleUploadInput]
################################################################################################################################################
[ReportManager] Target URL: [http://demo.guru99.com/test/upload/] @26-10-2021 18:51:32.0223 PM
[ReportManager] Initial URL: [data:,] @26-10-2021 18:51:32.0346 PM
[ReportManager] Browser Action [NavigateToURL] successfully performed. With the following test data [http://demo.guru99.com/test/upload/]. @26-10-2021 18:51:33.0525 PM
[ReportManager] File Action [GetAbsolutePath] successfully performed. With the following test data [Relative File Path: "src/main/resources/images/shaft.png"]. @26-10-2021 18:51:33.0525 PM
[ReportManager] Successfully created attachment [File Action Actual Result - Command Log] @26-10-2021 18:51:33.0526 PM
[ReportManager] Element Action [TypeFileLocationForUpload] successfully performed. With the following test data [/home/runner/work/SHAFT_ENGINE/SHAFT_ENGINE/src/main/resources/images/shaft.png]. @26-10-2021 18:51:33.0698 PM
[ReportManager] Element Action [Click] successfully performed. With the following test data [on]. @26-10-2021 18:51:34.0264 PM
[ReportManager] Element Action [Click] successfully performed. With the following test data [Submit File]. @26-10-2021 18:51:34.0827 PM
[ReportManager] Element Action [GetText] successfully performed. With the following test data [1 file
has been successfully uploaded.]. @26-10-2021 18:51:34.0956 PM
[ReportManager] Loaded Shared OpenCV @26-10-2021 18:51:35.0229 PM
[ReportManager] Assertion [ValidateElementAttribute] PASSED. Expected [Value Should be '1 file' for the 'Text' attribute, element locator 'By.id: res'] and Actual [1 file
has been successfully uploaded.]. Comparison Type [CONTAINS]. Validation Type [POSITIVE]. @26-10-2021 18:51:35.0446 PM
[ReportManager] Successfully created attachment [Screenshot - 1635274295229_uploadFile_visibleUploadInput_ValidateElementAttribute_passed] @26-10-2021 18:51:35.0447 P
[ReportManager] Browser Action [CloseCurrentWindow] successfully performed. @26-10-2021 18:51:35.0597 PM
[ReportManager] Successfully created attachment [Browser Action Test Data - CloseCurrentWindow - Actual Value] @26-10-2021 18:51:35.0597 P

################################################################################################################################################
Starting Execution:	[138 out of 143] test cases in the current suite
Test Method:		[testPackage01.Test_SelectedValue.multipleSelect]
################################################################################################################################################
[ReportManager] File Action [GetAbsolutePath] successfully performed. With the following test data [Relative Folder Path: "target/downloadedFiles/"]. @26-10-2021 18:51:35.0603 PM
[ReportManager] Attempting to run remotely on: [Linux-64], [GoogleChrome], [http://localhost:4444/wd/hub], Headless Execution. @26-10-2021 18:51:35.0603 PM
[ReportManager] Successfully Opened [GoogleChrome]. @26-10-2021 18:51:37.0212 PM
[ReportManager] Target URL: [https://yari-demos.prod.mdn.mozit.cloud/en-US/docs/Web/HTML/Element/select/_sample_.Advanced_select_with_multiple_features.html] @26-10-2021 18:51:37.0213 PM
[ReportManager] Initial URL: [data:,] @26-10-2021 18:51:37.0259 PM
[ReportManager] Browser Action [NavigateToURL] successfully performed. With the following test data [https://yari-demos.prod.mdn.mozit.cloud/en-US/docs/Web/HTML/Element/select/_sample_.Advanced_select_with_multiple_features.html]. @26-10-2021 18:51:37.0543 PM
[ReportManager] Element Action [Select] successfully performed. With the following test data [Dog]. @26-10-2021 18:51:37.0881 PM
[ReportManager] Element Action [Select] successfully performed. With the following test data [Cat]. @26-10-2021 18:51:38.0191 PM
[ReportManager] Element Action [GetSelectedText] successfully performed. With the following test data [DogCat]. @26-10-2021 18:51:38.0365 PM
[ReportManager] DogCat @26-10-2021 18:51:38.0365 PM
[ReportManager] Element Action [GetSelectedText] successfully performed. With the following test data [DogCat]. @26-10-2021 18:51:38.0556 PM
[ReportManager] Loaded Shared OpenCV @26-10-2021 18:51:38.0839 PM
[ReportManager] Assertion [ValidateElementAttribute] PASSED. Expected [Value Should be 'DogCat' for the 'selectedText' attribute, element locator 'By.tagName: select'] and Actual [DogCat]. Comparison Type [EQUALS]. Validation Type [POSITIVE]. @26-10-2021 18:51:39.0048 PM
[ReportManager] Successfully created attachment [Screenshot - 1635274298839_multipleSelect_ValidateElementAttribute_passed] @26-10-2021 18:51:39.0049 PM
[ReportManager] Browser Action [CloseCurrentWindow] successfully performed. @26-10-2021 18:51:39.0173 PM
[ReportManager] Successfully created attachment [Browser Action Test Data - CloseCurrentWindow - Actual Value] @26-10-2021 18:51:39.0174 P

################################################################################################################################################
Starting Execution:	[139 out of 143] test cases in the current suite
Test Method:		[testPackage01.Test_SelectedValue.simpleSelect]
################################################################################################################################################
[ReportManager] File Action [GetAbsolutePath] successfully performed. With the following test data [Relative Folder Path: "target/downloadedFiles/"]. @26-10-2021 18:51:39.0183 PM
[ReportManager] Attempting to run remotely on: [Linux-64], [GoogleChrome], [http://localhost:4444/wd/hub], Headless Execution. @26-10-2021 18:51:39.0183 PM
[ReportManager] Successfully Opened [GoogleChrome]. @26-10-2021 18:51:42.0192 PM
[ReportManager] Target URL: [https://yari-demos.prod.mdn.mozit.cloud/en-US/docs/Web/HTML/Element/select/_sample_.Basic_select.html] @26-10-2021 18:51:42.0192 PM
[ReportManager] Initial URL: [data:,] @26-10-2021 18:51:42.0299 PM
[ReportManager] Browser Action [NavigateToURL] successfully performed. With the following test data [https://yari-demos.prod.mdn.mozit.cloud/en-US/docs/Web/HTML/Element/select/_sample_.Basic_select.html]. @26-10-2021 18:51:42.0570 PM
[ReportManager] Element Action [Select] successfully performed. With the following test data [Third Value]. @26-10-2021 18:51:42.0999 PM
[ReportManager] Element Action [GetSelectedText] successfully performed. With the following test data [Third Value]. @26-10-2021 18:51:43.0140 PM
[ReportManager] Third Value @26-10-2021 18:51:43.0140 PM
[ReportManager] Element Action [GetSelectedText] successfully performed. With the following test data [Third Value]. @26-10-2021 18:51:43.0246 PM
[ReportManager] Loaded Shared OpenCV @26-10-2021 18:51:43.0524 PM
[ReportManager] Assertion [ValidateElementAttribute] PASSED. Expected [Value Should be 'Third Value' for the 'selectedText' attribute, element locator 'By.tagName: select'] and Actual [Third Value]. Comparison Type [EQUALS]. Validation Type [POSITIVE]. @26-10-2021 18:51:43.0730 PM
[ReportManager] Successfully created attachment [Screenshot - 1635274303524_simpleSelect_ValidateElementAttribute_passed] @26-10-2021 18:51:43.0731 PM
[ReportManager] Browser Action [CloseCurrentWindow] successfully performed. @26-10-2021 18:51:43.0826 PM
[ReportManager] Successfully created attachment [Browser Action Test Data - CloseCurrentWindow - Actual Value] @26-10-2021 18:51:43.0826 P

################################################################################################################################################
Starting Execution:	[140 out of 143] test cases in the current suite
Test Method:		[testPackage01.Test_JSONFileManager.readStringFromJson]
################################################################################################################################################
[ReportManager] Successfully loaded the following test data file [src/test/resources/TestDataFiles/simpleJSON.json]. @26-10-2021 18:51:43.0831 PM
[ReportManager] Successfully created attachment [Test Data - JSON] @26-10-2021 18:51:43.0832 PM
[ReportManager] Assertion [ValidateEquals] PASSED. Expected [Mohab Mohie] and Actual [Mohab Mohie]. Comparison Type [EQUALS]. Validation Type [POSITIVE]. @26-10-2021 18:51:43.0844 P
[ReportManager] Successfully loaded the following test data file [src/test/resources/TestDataFiles/testSuite01/TestData.xlsx]. @26-10-2021 18:51:43.0866 PM
[ReportManager] Successfully created attachment [Test Data - Excel] @26-10-2021 18:51:43.0866 PM
[ReportManager] Attempting to run using Playwright locally on: [Linux-64], [GoogleChrome], Headless Execution. @26-10-2021 18:52:06.0544 PM
[ReportManager] File Action [GetAbsolutePath] successfully performed. With the following test data [Relative Folder Path: "target/downloadedFiles/"]. @26-10-2021 18:52:06.0545 PM
[ReportManager] Initial window size: (1280, 720) @26-10-2021 18:52:06.0909 PM
[ReportManager] Window size after Toolkit: com.microsoft.playwright.options.ViewportSize@5453b0da @26-10-2021 18:52:06.0917 PM
[ReportManager] Browser Action [MaximizeWindow] successfully performed. With the following test data [New screen size is now: (1920, 1080)]. @26-10-2021 18:52:06.0918 P

################################################################################################################################################
Starting Execution:	[141 out of 143] test cases in the current suite
Test Method:		[testPackage01.Test_google_playwright.navigateToURLandVerifyGoogleLogoIsDisplayed]
Test Description:	[TC001 - Navigate to URL and Verify Google Logo is Displayed]
################################################################################################################################################
[ReportManager] Target URL: [https://www.google.com/ncr], and after redirection: [https://www.google.com] @26-10-2021 18:52:06.0922 PM
[ReportManager] Initial URL: [about:blank] @26-10-2021 18:52:07.0394 PM
[ReportManager] Browser Action [NavigateToURL] successfully performed. With the following test data [https://www.google.com/ncr]. @26-10-2021 18:52:09.0708 PM
[ReportManager] Loaded Shared OpenCV @26-10-2021 18:52:09.0942 PM
[ReportManager] Assertion [ValidateElementExists] PASSED. Expected [Element Should Exist, locator 'xpath=//*[@id='hplogo' or @alt='Google']'] and Actual [Element Exists]. Comparison Type [EQUALS]. Validation Type [POSITIVE]. @26-10-2021 18:52:10.0186 PM
[ReportManager] Successfully created attachment [Screenshot - 1635274329938_navigateToURLandVerifyGoogleLogoIsDisplayed_ValidateElementExists_passed] @26-10-2021 18:52:10.0187 P

################################################################################################################################################
Starting Execution:	[142 out of 143] test cases in the current suite
Test Method:		[testPackage01.Test_google_playwright.searchForQueryandAssertResultsNumDisplayed]
Test Description:	[TC002 - Search for Query and Assert that the number of results is displayed]
################################################################################################################################################
[ReportManager] Element Action [Type] successfully performed. With the following test data [SHAFT_Engine]. @26-10-2021 18:52:10.0468 PM
[ReportManager] Element Action [KeyPress] successfully performed. With the following test data [Enter]. @26-10-2021 18:52:10.0498 PM
[ReportManager] Element Action [GetText] successfully performed. With the following test data [About 892,000 results (0.72 seconds)]. @26-10-2021 18:52:11.0958 PM
[ReportManager] Loaded Shared OpenCV @26-10-2021 18:52:14.0089 PM
[ReportManager] Assertion [ValidateElementAttribute] PASSED. Expected [Value Should not be '' for the 'text' attribute, element locator 'xpath=//div[@id='appbar']'] and Actual [About 892,000 results (0.72 seconds)]. Comparison Type [EQUALS]. Validation Type [NEGATIVE]. @26-10-2021 18:52:14.0346 PM
[ReportManager] Successfully created attachment [Screenshot - 1635274334087_searchForQueryandAssertResultsNumDisplayed_ValidateElementAttribute_passed] @26-10-2021 18:52:14.0349 P

################################################################################################################################################
Starting Execution:	[143 out of 143] test cases in the current suite
Test Method:		[testPackage01.Test_google_playwright.clickNextThrice]
Test Description:	[TC003 - Clicks the next button to make sure that the framework can scroll element into view before clicking it]
################################################################################################################################################
[ReportManager] Element Action [Click] successfully performed. With the following test data [Next]. @26-10-2021 18:52:14.0592 P
[ReportManager] Failed to find video recording. @26-10-2021 18:52:14.0594 PM
[ReportManager] Successfully Closed PlayWright Driver. @26-10-2021 18:52:14.0647 P

################################################################################################################################################
Test Closure Activities
################################################################################################################################################
[ReportManager] Successfully created attachment [SHAFT Engine Logs - Execution log] @26-10-2021 18:52:14.0670 PM

################################################################################################################################################
This test run was powered by SHAFT Engine Version: [SHAFT Engine v5.4.20211025-BETA]
SHAFT Engine is licensed under the MIT License: [https://github.com/MohabMohie/SHAFT_ENGINE/blob/master/LICENSE].
################################################################################################################################################