################################################################################################################################################
Detected SHAFT Engine Version: [SHAFT Engine v5.4.20211011]
################################################################################################################################################

################################################################################################################################################
Starting Execution:	[1 out of 143] test cases in the current suite
Test Method:		[unitTests.tests_validations_assertions.assertComparativeRelation_greaterThanOrEquals_false_equals_expectedToFail]
################################################################################################################################################
[ReportManager] Assertion [ValidateComparativeRelation] FAILED. Expected [1] and Actual [1]. Comparison Type [GREATER_THAN_OR_EQUALS]. Validation Type [NEGATIVE]. @16-10-2021 01:57:38.0664 A

################################################################################################################################################
Starting Execution:	[2 out of 143] test cases in the current suite
Test Method:		[unitTests.tests_validations_assertions.assertComparativeRelation_greaterThanOrEquals_false_equals_expectedToPass]
################################################################################################################################################
[ReportManager] Assertion [ValidateComparativeRelation] PASSED. Expected [2] and Actual [1]. Comparison Type [GREATER_THAN_OR_EQUALS]. Validation Type [NEGATIVE]. @16-10-2021 01:57:38.0767 A

################################################################################################################################################
Starting Execution:	[3 out of 143] test cases in the current suite
Test Method:		[unitTests.tests_validations_assertions.assertComparativeRelation_greaterThanOrEquals_false_greaterThan_expectedToFail]
################################################################################################################################################
[ReportManager] Assertion [ValidateComparativeRelation] FAILED. Expected [1] and Actual [2]. Comparison Type [GREATER_THAN_OR_EQUALS]. Validation Type [NEGATIVE]. @16-10-2021 01:57:38.0772 A

################################################################################################################################################
Starting Execution:	[4 out of 143] test cases in the current suite
Test Method:		[unitTests.tests_validations_assertions.assertComparativeRelation_greaterThanOrEquals_false_greaterThan_expectedToPass]
################################################################################################################################################
[ReportManager] Assertion [ValidateComparativeRelation] PASSED. Expected [2] and Actual [1]. Comparison Type [GREATER_THAN_OR_EQUALS]. Validation Type [NEGATIVE]. @16-10-2021 01:57:38.0778 A

################################################################################################################################################
Starting Execution:	[5 out of 143] test cases in the current suite
Test Method:		[unitTests.tests_validations_assertions.assertComparativeRelation_greaterThanOrEquals_true_equals_expectedToFail]
################################################################################################################################################
[ReportManager] Assertion [ValidateComparativeRelation] FAILED. Expected [1] and Actual [0]. Comparison Type [GREATER_THAN_OR_EQUALS]. Validation Type [POSITIVE]. @16-10-2021 01:57:38.0790 A

################################################################################################################################################
Starting Execution:	[6 out of 143] test cases in the current suite
Test Method:		[unitTests.tests_validations_assertions.assertComparativeRelation_greaterThanOrEquals_true_equals_expectedToPass]
################################################################################################################################################
[ReportManager] Assertion [ValidateComparativeRelation] PASSED. Expected [1] and Actual [1]. Comparison Type [GREATER_THAN_OR_EQUALS]. Validation Type [POSITIVE]. @16-10-2021 01:57:38.0795 A

################################################################################################################################################
Starting Execution:	[7 out of 143] test cases in the current suite
Test Method:		[unitTests.tests_validations_assertions.assertComparativeRelation_greaterThanOrEquals_true_greaterThan_expectedToFail]
################################################################################################################################################
[ReportManager] Assertion [ValidateComparativeRelation] FAILED. Expected [2] and Actual [1]. Comparison Type [GREATER_THAN_OR_EQUALS]. Validation Type [POSITIVE]. @16-10-2021 01:57:38.0805 A

################################################################################################################################################
Starting Execution:	[8 out of 143] test cases in the current suite
Test Method:		[unitTests.tests_validations_assertions.assertComparativeRelation_greaterThanOrEquals_true_greaterThan_expectedToPass]
################################################################################################################################################
[ReportManager] Assertion [ValidateComparativeRelation] PASSED. Expected [1] and Actual [2]. Comparison Type [GREATER_THAN_OR_EQUALS]. Validation Type [POSITIVE]. @16-10-2021 01:57:38.0809 A
[ReportManager] File Action [GetAbsolutePath] successfully performed. With the following test data [Relative Folder Path: "target/downloadedFiles/"]. @16-10-2021 01:57:38.0832 AM
[ReportManager] Attempting to run remotely on: [Linux-64], [GoogleChrome], [http://localhost:4444/wd/hub], Headless Execution. @16-10-2021 01:57:38.0859 AM
[ReportManager] Successfully Opened [GoogleChrome]. @16-10-2021 01:57:40.0320 AM
[ReportManager] Target URL: [https://www.google.com/ncr], and after redirection: [www.google.com] @16-10-2021 01:57:40.0375 AM
[ReportManager] Initial URL: [data:,] @16-10-2021 01:57:40.0506 AM
[ReportManager] Browser Action [NavigateToURL] successfully performed. With the following test data [https://www.google.com/ncr]. @16-10-2021 01:57:41.0884 A

################################################################################################################################################
Starting Execution:	[9 out of 143] test cases in the current suite
Test Method:		[unitTests.tests_validations_assertions.assertElementAttribute_false_caseInsensitiveComparison_expectedToFail]
################################################################################################################################################
[ReportManager] Element Action [Type] successfully performed. With the following test data [AUTOMATION]. @16-10-2021 01:57:42.0442 AM
[ReportManager] Element Action [GetText] successfully performed. With the following test data [AUTOMATION]. @16-10-2021 01:57:42.0599 AM
[ReportManager] Loaded Shared OpenCV @16-10-2021 01:57:43.0311 AM
[ReportManager] Assertion [ValidateElementAttribute] FAILED. Expected [Value Should not be 'AutomaTion' for the 'text' attribute, element locator 'By.name: q'] and Actual [AUTOMATION]. Comparison Type [CASE_INSENSITIVE]. Validation Type [NEGATIVE]. @16-10-2021 01:57:43.0640 AM
[ReportManager] Successfully created attachment [Screenshot - 1634349462837_assertElementAttribute_false_caseInsensitiveComparison_expectedToFail_ValidateElementAttribute_failed] @16-10-2021 01:57:43.0666 A
[ReportManager] Browser Action [CloseCurrentWindow] successfully performed. @16-10-2021 01:57:43.0843 AM
[ReportManager] Successfully created attachment [Browser Action Test Data - CloseCurrentWindow - Actual Value] @16-10-2021 01:57:43.0850 A
[ReportManager] File Action [GetAbsolutePath] successfully performed. With the following test data [Relative Folder Path: "target/downloadedFiles/"]. @16-10-2021 01:57:43.0866 AM
[ReportManager] Attempting to run remotely on: [Linux-64], [GoogleChrome], [http://localhost:4444/wd/hub], Headless Execution. @16-10-2021 01:57:43.0866 AM
[ReportManager] Successfully Opened [GoogleChrome]. @16-10-2021 01:57:44.0303 AM
[ReportManager] Target URL: [https://www.google.com/ncr], and after redirection: [www.google.com] @16-10-2021 01:57:44.0332 AM
[ReportManager] Initial URL: [data:,] @16-10-2021 01:57:44.0414 AM
[ReportManager] Browser Action [NavigateToURL] successfully performed. With the following test data [https://www.google.com/ncr]. @16-10-2021 01:57:45.0367 A

################################################################################################################################################
Starting Execution:	[10 out of 143] test cases in the current suite
Test Method:		[unitTests.tests_validations_assertions.assertElementAttribute_false_caseInsensitiveComparison_expectedToPass]
################################################################################################################################################
[ReportManager] Element Action [Type] successfully performed. With the following test data [AUTOMATION]. @16-10-2021 01:57:45.0812 AM
[ReportManager] Element Action [GetText] successfully performed. With the following test data [AUTOMATION]. @16-10-2021 01:57:45.0962 AM
[ReportManager] Loaded Shared OpenCV @16-10-2021 01:57:46.0130 AM
[ReportManager] Assertion [ValidateElementAttribute] PASSED. Expected [Value Should not be 'AutomaTion123' for the 'text' attribute, element locator 'By.name: q'] and Actual [AUTOMATION]. Comparison Type [CASE_INSENSITIVE]. Validation Type [NEGATIVE]. @16-10-2021 01:57:46.0279 AM
[ReportManager] Successfully created attachment [Screenshot - 1634349466130_assertElementAttribute_false_caseInsensitiveComparison_expectedToPass_ValidateElementAttribute_passed] @16-10-2021 01:57:46.0282 A
[ReportManager] Browser Action [CloseCurrentWindow] successfully performed. @16-10-2021 01:57:46.0427 AM
[ReportManager] Successfully created attachment [Browser Action Test Data - CloseCurrentWindow - Actual Value] @16-10-2021 01:57:46.0436 A
[ReportManager] File Action [GetAbsolutePath] successfully performed. With the following test data [Relative Folder Path: "target/downloadedFiles/"]. @16-10-2021 01:57:46.0444 AM
[ReportManager] Attempting to run remotely on: [Linux-64], [GoogleChrome], [http://localhost:4444/wd/hub], Headless Execution. @16-10-2021 01:57:46.0444 AM
[ReportManager] Successfully Opened [GoogleChrome]. @16-10-2021 01:57:46.0746 AM
[ReportManager] Target URL: [https://www.google.com/ncr], and after redirection: [www.google.com] @16-10-2021 01:57:46.0768 AM
[ReportManager] Initial URL: [data:,] @16-10-2021 01:57:46.0840 AM
[ReportManager] Browser Action [NavigateToURL] successfully performed. With the following test data [https://www.google.com/ncr]. @16-10-2021 01:57:47.0700 A

################################################################################################################################################
Starting Execution:	[11 out of 143] test cases in the current suite
Test Method:		[unitTests.tests_validations_assertions.assertElementAttribute_false_containsComparison_expectedToFail]
################################################################################################################################################
[ReportManager] Element Action [Type] successfully performed. With the following test data [Automation123]. @16-10-2021 01:57:48.0082 AM
[ReportManager] Element Action [GetText] successfully performed. With the following test data [Automation123]. @16-10-2021 01:57:48.0215 AM
[ReportManager] Loaded Shared OpenCV @16-10-2021 01:57:48.0375 AM
[ReportManager] Assertion [ValidateElementAttribute] FAILED. Expected [Value Should not be 'Automation' for the 'text' attribute, element locator 'By.name: q'] and Actual [Automation123]. Comparison Type [CONTAINS]. Validation Type [NEGATIVE]. @16-10-2021 01:57:48.0463 AM
[ReportManager] Successfully created attachment [Screenshot - 1634349468374_assertElementAttribute_false_containsComparison_expectedToFail_ValidateElementAttribute_failed] @16-10-2021 01:57:48.0464 A
[ReportManager] Browser Action [CloseCurrentWindow] successfully performed. @16-10-2021 01:57:48.0619 AM
[ReportManager] Successfully created attachment [Browser Action Test Data - CloseCurrentWindow - Actual Value] @16-10-2021 01:57:48.0620 A
[ReportManager] File Action [GetAbsolutePath] successfully performed. With the following test data [Relative Folder Path: "target/downloadedFiles/"]. @16-10-2021 01:57:48.0626 AM
[ReportManager] Attempting to run remotely on: [Linux-64], [GoogleChrome], [http://localhost:4444/wd/hub], Headless Execution. @16-10-2021 01:57:48.0627 AM
[ReportManager] Successfully Opened [GoogleChrome]. @16-10-2021 01:57:48.0939 AM
[ReportManager] Target URL: [https://www.google.com/ncr], and after redirection: [www.google.com] @16-10-2021 01:57:48.0960 AM
[ReportManager] Initial URL: [data:,] @16-10-2021 01:57:49.0019 AM
[ReportManager] Browser Action [NavigateToURL] successfully performed. With the following test data [https://www.google.com/ncr]. @16-10-2021 01:57:49.0991 A

################################################################################################################################################
Starting Execution:	[12 out of 143] test cases in the current suite
Test Method:		[unitTests.tests_validations_assertions.assertElementAttribute_false_containsComparison_expectedToPass]
################################################################################################################################################
[ReportManager] Element Action [Type] successfully performed. With the following test data [Automation123]. @16-10-2021 01:57:50.0435 AM
[ReportManager] Element Action [GetText] successfully performed. With the following test data [Automation123]. @16-10-2021 01:57:50.0566 AM
[ReportManager] Loaded Shared OpenCV @16-10-2021 01:57:50.0704 AM
[ReportManager] Assertion [ValidateElementAttribute] PASSED. Expected [Value Should not be 'Automation1234' for the 'text' attribute, element locator 'By.name: q'] and Actual [Automation123]. Comparison Type [CONTAINS]. Validation Type [NEGATIVE]. @16-10-2021 01:57:50.0788 AM
[ReportManager] Successfully created attachment [Screenshot - 1634349470704_assertElementAttribute_false_containsComparison_expectedToPass_ValidateElementAttribute_passed] @16-10-2021 01:57:50.0789 A
[ReportManager] Browser Action [CloseCurrentWindow] successfully performed. @16-10-2021 01:57:50.0948 AM
[ReportManager] Successfully created attachment [Browser Action Test Data - CloseCurrentWindow - Actual Value] @16-10-2021 01:57:50.0948 A
[ReportManager] File Action [GetAbsolutePath] successfully performed. With the following test data [Relative Folder Path: "target/downloadedFiles/"]. @16-10-2021 01:57:50.0951 AM
[ReportManager] Attempting to run remotely on: [Linux-64], [GoogleChrome], [http://localhost:4444/wd/hub], Headless Execution. @16-10-2021 01:57:50.0952 AM
[ReportManager] Successfully Opened [GoogleChrome]. @16-10-2021 01:57:51.0189 AM
[ReportManager] Target URL: [https://www.google.com/ncr], and after redirection: [www.google.com] @16-10-2021 01:57:51.0213 AM
[ReportManager] Initial URL: [data:,] @16-10-2021 01:57:51.0265 AM
[ReportManager] Browser Action [NavigateToURL] successfully performed. With the following test data [https://www.google.com/ncr]. @16-10-2021 01:57:52.0123 A

################################################################################################################################################
Starting Execution:	[13 out of 143] test cases in the current suite
Test Method:		[unitTests.tests_validations_assertions.assertElementAttribute_false_literalComparison_expectedToFail]
################################################################################################################################################
[ReportManager] Element Action [Type] successfully performed. With the following test data [Automation!@#$%^&*()_+{}[]\';/.,]. @16-10-2021 01:57:52.0610 AM
[ReportManager] Element Action [GetText] successfully performed. With the following test data [Automation!@#$%^&*()_+{}[]\';/.,]. @16-10-2021 01:57:52.0742 AM
[ReportManager] Loaded Shared OpenCV @16-10-2021 01:57:52.0896 AM
[ReportManager] Assertion [ValidateElementAttribute] PASSED. Expected [Value Should not be 'Automation!@#$%^&*()_+{}[]\\';/.,' for the 'text' attribute, element locator 'By.name: q'] and Actual [Automation!@#$%^&*()_+{}[]\';/.,]. Comparison Type [EQUALS]. Validation Type [NEGATIVE]. @16-10-2021 01:57:52.0977 AM
[ReportManager] Successfully created attachment [Screenshot - 1634349472896_assertElementAttribute_false_literalComparison_expectedToFail_ValidateElementAttribute_passed] @16-10-2021 01:57:52.0978 A
[ReportManager] Browser Action [CloseCurrentWindow] successfully performed. @16-10-2021 01:57:53.0111 AM
[ReportManager] Successfully created attachment [Browser Action Test Data - CloseCurrentWindow - Actual Value] @16-10-2021 01:57:53.0112 A
[ReportManager] File Action [GetAbsolutePath] successfully performed. With the following test data [Relative Folder Path: "target/downloadedFiles/"]. @16-10-2021 01:57:53.0116 AM
[ReportManager] Attempting to run remotely on: [Linux-64], [GoogleChrome], [http://localhost:4444/wd/hub], Headless Execution. @16-10-2021 01:57:53.0117 AM
[ReportManager] Successfully Opened [GoogleChrome]. @16-10-2021 01:57:53.0348 AM
[ReportManager] Target URL: [https://www.google.com/ncr], and after redirection: [www.google.com] @16-10-2021 01:57:53.0380 AM
[ReportManager] Initial URL: [data:,] @16-10-2021 01:57:53.0450 AM
[ReportManager] Browser Action [NavigateToURL] successfully performed. With the following test data [https://www.google.com/ncr]. @16-10-2021 01:57:54.0339 A

################################################################################################################################################
Starting Execution:	[14 out of 143] test cases in the current suite
Test Method:		[unitTests.tests_validations_assertions.assertElementAttribute_false_literalComparison_expectedToPass]
################################################################################################################################################
[ReportManager] Element Action [Type] successfully performed. With the following test data [Automation!@#$%^&*()_+{}[]\';/.,]. @16-10-2021 01:57:54.0838 AM
[ReportManager] Element Action [GetText] successfully performed. With the following test data [Automation!@#$%^&*()_+{}[]\';/.,]. @16-10-2021 01:57:54.0955 AM
[ReportManager] Loaded Shared OpenCV @16-10-2021 01:57:55.0146 AM
[ReportManager] Assertion [ValidateElementAttribute] PASSED. Expected [Value Should not be 'Automation' for the 'text' attribute, element locator 'By.name: q'] and Actual [Automation!@#$%^&*()_+{}[]\';/.,]. Comparison Type [EQUALS]. Validation Type [NEGATIVE]. @16-10-2021 01:57:55.0228 AM
[ReportManager] Successfully created attachment [Screenshot - 1634349475146_assertElementAttribute_false_literalComparison_expectedToPass_ValidateElementAttribute_passed] @16-10-2021 01:57:55.0230 A
[ReportManager] Browser Action [CloseCurrentWindow] successfully performed. @16-10-2021 01:57:55.0368 AM
[ReportManager] Successfully created attachment [Browser Action Test Data - CloseCurrentWindow - Actual Value] @16-10-2021 01:57:55.0368 A
[ReportManager] File Action [GetAbsolutePath] successfully performed. With the following test data [Relative Folder Path: "target/downloadedFiles/"]. @16-10-2021 01:57:55.0373 AM
[ReportManager] Attempting to run remotely on: [Linux-64], [GoogleChrome], [http://localhost:4444/wd/hub], Headless Execution. @16-10-2021 01:57:55.0373 AM
[ReportManager] Successfully Opened [GoogleChrome]. @16-10-2021 01:57:55.0621 AM
[ReportManager] Target URL: [https://www.google.com/ncr], and after redirection: [www.google.com] @16-10-2021 01:57:55.0636 AM
[ReportManager] Initial URL: [data:,] @16-10-2021 01:57:55.0681 AM
[ReportManager] Browser Action [NavigateToURL] successfully performed. With the following test data [https://www.google.com/ncr]. @16-10-2021 01:57:56.0520 A

################################################################################################################################################
Starting Execution:	[15 out of 143] test cases in the current suite
Test Method:		[unitTests.tests_validations_assertions.assertElementAttribute_false_regexComparison_expectedToFail]
################################################################################################################################################
[ReportManager] Element Action [Type] successfully performed. With the following test data [Automation123]. @16-10-2021 01:57:56.0890 AM
[ReportManager] Element Action [GetText] successfully performed. With the following test data [Automation123]. @16-10-2021 01:57:56.0999 AM
[ReportManager] Loaded Shared OpenCV @16-10-2021 01:57:57.0137 AM
[ReportManager] Assertion [ValidateElementAttribute] FAILED. Expected [Value Should not be 'Automation.*' for the 'text' attribute, element locator 'By.name: q'] and Actual [Automation123]. Comparison Type [MATCHES]. Validation Type [NEGATIVE]. @16-10-2021 01:57:57.0222 AM
[ReportManager] Successfully created attachment [Screenshot - 1634349477137_assertElementAttribute_false_regexComparison_expectedToFail_ValidateElementAttribute_failed] @16-10-2021 01:57:57.0223 A
[ReportManager] Browser Action [CloseCurrentWindow] successfully performed. @16-10-2021 01:57:57.0370 AM
[ReportManager] Successfully created attachment [Browser Action Test Data - CloseCurrentWindow - Actual Value] @16-10-2021 01:57:57.0371 A
[ReportManager] File Action [GetAbsolutePath] successfully performed. With the following test data [Relative Folder Path: "target/downloadedFiles/"]. @16-10-2021 01:57:57.0374 AM
[ReportManager] Attempting to run remotely on: [Linux-64], [GoogleChrome], [http://localhost:4444/wd/hub], Headless Execution. @16-10-2021 01:57:57.0375 AM
[ReportManager] Successfully Opened [GoogleChrome]. @16-10-2021 01:57:57.0614 AM
[ReportManager] Target URL: [https://www.google.com/ncr], and after redirection: [www.google.com] @16-10-2021 01:57:57.0643 AM
[ReportManager] Initial URL: [data:,] @16-10-2021 01:57:57.0710 AM
[ReportManager] Browser Action [NavigateToURL] successfully performed. With the following test data [https://www.google.com/ncr]. @16-10-2021 01:57:59.0851 A

################################################################################################################################################
Starting Execution:	[16 out of 143] test cases in the current suite
Test Method:		[unitTests.tests_validations_assertions.assertElementAttribute_false_regexComparison_expectedToPass]
################################################################################################################################################
[ReportManager] Element Action [Type] successfully performed. With the following test data [Automation123]. @16-10-2021 01:58:00.0259 AM
[ReportManager] Element Action [GetText] successfully performed. With the following test data [Automation123]. @16-10-2021 01:58:00.0362 AM
[ReportManager] Loaded Shared OpenCV @16-10-2021 01:58:00.0500 AM
[ReportManager] Assertion [ValidateElementAttribute] PASSED. Expected [Value Should not be 'Automation' for the 'text' attribute, element locator 'By.name: q'] and Actual [Automation123]. Comparison Type [MATCHES]. Validation Type [NEGATIVE]. @16-10-2021 01:58:00.0585 AM
[ReportManager] Successfully created attachment [Screenshot - 1634349480500_assertElementAttribute_false_regexComparison_expectedToPass_ValidateElementAttribute_passed] @16-10-2021 01:58:00.0586 A
[ReportManager] Browser Action [CloseCurrentWindow] successfully performed. @16-10-2021 01:58:00.0722 AM
[ReportManager] Successfully created attachment [Browser Action Test Data - CloseCurrentWindow - Actual Value] @16-10-2021 01:58:00.0723 A
[ReportManager] File Action [GetAbsolutePath] successfully performed. With the following test data [Relative Folder Path: "target/downloadedFiles/"]. @16-10-2021 01:58:00.0732 AM
[ReportManager] Attempting to run remotely on: [Linux-64], [GoogleChrome], [http://localhost:4444/wd/hub], Headless Execution. @16-10-2021 01:58:00.0732 AM
[ReportManager] Successfully Opened [GoogleChrome]. @16-10-2021 01:58:00.0980 AM
[ReportManager] Target URL: [https://www.google.com/ncr], and after redirection: [www.google.com] @16-10-2021 01:58:01.0005 AM
[ReportManager] Initial URL: [data:,] @16-10-2021 01:58:01.0059 AM
[ReportManager] Browser Action [NavigateToURL] successfully performed. With the following test data [https://www.google.com/ncr]. @16-10-2021 01:58:01.0890 A

################################################################################################################################################
Starting Execution:	[17 out of 143] test cases in the current suite
Test Method:		[unitTests.tests_validations_assertions.assertElementAttribute_true_caseInsensitiveComparison_expectedToFail]
################################################################################################################################################
[ReportManager] Element Action [Type] successfully performed. With the following test data [AUTOMATION]. @16-10-2021 01:58:02.0280 AM
[ReportManager] Element Action [GetText] successfully performed. With the following test data [AUTOMATION]. @16-10-2021 01:58:02.0386 AM
[ReportManager] Loaded Shared OpenCV @16-10-2021 01:58:02.0543 AM
[ReportManager] Assertion [ValidateElementAttribute] FAILED. Expected [Value Should be 'AutomaTion123' for the 'text' attribute, element locator 'By.name: q'] and Actual [AUTOMATION]. Comparison Type [CASE_INSENSITIVE]. Validation Type [POSITIVE]. @16-10-2021 01:58:02.0626 AM
[ReportManager] Successfully created attachment [Screenshot - 1634349482543_assertElementAttribute_true_caseInsensitiveComparison_expectedToFail_ValidateElementAttribute_failed] @16-10-2021 01:58:02.0628 A
[ReportManager] Browser Action [CloseCurrentWindow] successfully performed. @16-10-2021 01:58:02.0774 AM
[ReportManager] Successfully created attachment [Browser Action Test Data - CloseCurrentWindow - Actual Value] @16-10-2021 01:58:02.0775 A
[ReportManager] File Action [GetAbsolutePath] successfully performed. With the following test data [Relative Folder Path: "target/downloadedFiles/"]. @16-10-2021 01:58:02.0778 AM
[ReportManager] Attempting to run remotely on: [Linux-64], [GoogleChrome], [http://localhost:4444/wd/hub], Headless Execution. @16-10-2021 01:58:02.0778 AM
[ReportManager] Successfully Opened [GoogleChrome]. @16-10-2021 01:58:03.0004 AM
[ReportManager] Target URL: [https://www.google.com/ncr], and after redirection: [www.google.com] @16-10-2021 01:58:03.0019 AM
[ReportManager] Initial URL: [data:,] @16-10-2021 01:58:03.0066 AM
[ReportManager] Browser Action [NavigateToURL] successfully performed. With the following test data [https://www.google.com/ncr]. @16-10-2021 01:58:03.0909 A

################################################################################################################################################
Starting Execution:	[18 out of 143] test cases in the current suite
Test Method:		[unitTests.tests_validations_assertions.assertElementAttribute_true_caseInsensitiveComparison_expectedToPass]
################################################################################################################################################
[ReportManager] Element Action [Type] successfully performed. With the following test data [AUTOMATION]. @16-10-2021 01:58:04.0311 AM
[ReportManager] Element Action [GetText] successfully performed. With the following test data [AUTOMATION]. @16-10-2021 01:58:04.0411 AM
[ReportManager] Loaded Shared OpenCV @16-10-2021 01:58:04.0561 AM
[ReportManager] Assertion [ValidateElementAttribute] PASSED. Expected [Value Should be 'AutomaTion' for the 'text' attribute, element locator 'By.name: q'] and Actual [AUTOMATION]. Comparison Type [CASE_INSENSITIVE]. Validation Type [POSITIVE]. @16-10-2021 01:58:04.0645 AM
[ReportManager] Successfully created attachment [Screenshot - 1634349484561_assertElementAttribute_true_caseInsensitiveComparison_expectedToPass_ValidateElementAttribute_passed] @16-10-2021 01:58:04.0647 A
[ReportManager] Browser Action [CloseCurrentWindow] successfully performed. @16-10-2021 01:58:04.0784 AM
[ReportManager] Successfully created attachment [Browser Action Test Data - CloseCurrentWindow - Actual Value] @16-10-2021 01:58:04.0785 A
[ReportManager] File Action [GetAbsolutePath] successfully performed. With the following test data [Relative Folder Path: "target/downloadedFiles/"]. @16-10-2021 01:58:04.0788 AM
[ReportManager] Attempting to run remotely on: [Linux-64], [GoogleChrome], [http://localhost:4444/wd/hub], Headless Execution. @16-10-2021 01:58:04.0788 AM
[ReportManager] Successfully Opened [GoogleChrome]. @16-10-2021 01:58:05.0014 AM
[ReportManager] Target URL: [https://www.google.com/ncr], and after redirection: [www.google.com] @16-10-2021 01:58:05.0032 AM
[ReportManager] Initial URL: [data:,] @16-10-2021 01:58:05.0088 AM
[ReportManager] Browser Action [NavigateToURL] successfully performed. With the following test data [https://www.google.com/ncr]. @16-10-2021 01:58:05.0939 A

################################################################################################################################################
Starting Execution:	[19 out of 143] test cases in the current suite
Test Method:		[unitTests.tests_validations_assertions.assertElementAttribute_true_containsComparison_expectedToFail]
################################################################################################################################################
[ReportManager] Element Action [Type] successfully performed. With the following test data [Automation123]. @16-10-2021 01:58:06.0344 AM
[ReportManager] Element Action [GetText] successfully performed. With the following test data [Automation123]. @16-10-2021 01:58:06.0471 AM
[ReportManager] Loaded Shared OpenCV @16-10-2021 01:58:06.0617 AM
[ReportManager] Assertion [ValidateElementAttribute] FAILED. Expected [Value Should be 'Automation1234' for the 'text' attribute, element locator 'By.name: q'] and Actual [Automation123]. Comparison Type [CONTAINS]. Validation Type [POSITIVE]. @16-10-2021 01:58:06.0695 AM
[ReportManager] Successfully created attachment [Screenshot - 1634349486617_assertElementAttribute_true_containsComparison_expectedToFail_ValidateElementAttribute_failed] @16-10-2021 01:58:06.0697 A
[ReportManager] Browser Action [CloseCurrentWindow] successfully performed. @16-10-2021 01:58:06.0837 AM
[ReportManager] Successfully created attachment [Browser Action Test Data - CloseCurrentWindow - Actual Value] @16-10-2021 01:58:06.0838 A
[ReportManager] File Action [GetAbsolutePath] successfully performed. With the following test data [Relative Folder Path: "target/downloadedFiles/"]. @16-10-2021 01:58:06.0841 AM
[ReportManager] Attempting to run remotely on: [Linux-64], [GoogleChrome], [http://localhost:4444/wd/hub], Headless Execution. @16-10-2021 01:58:06.0845 AM
[ReportManager] Successfully Opened [GoogleChrome]. @16-10-2021 01:58:07.0090 AM
[ReportManager] Target URL: [https://www.google.com/ncr], and after redirection: [www.google.com] @16-10-2021 01:58:07.0102 AM
[ReportManager] Initial URL: [data:,] @16-10-2021 01:58:07.0152 AM
[ReportManager] Browser Action [NavigateToURL] successfully performed. With the following test data [https://www.google.com/ncr]. @16-10-2021 01:58:08.0009 A

################################################################################################################################################
Starting Execution:	[20 out of 143] test cases in the current suite
Test Method:		[unitTests.tests_validations_assertions.assertElementAttribute_true_containsComparison_expectedToPass]
################################################################################################################################################
[ReportManager] Element Action [Type] successfully performed. With the following test data [Automation123]. @16-10-2021 01:58:08.0440 AM
[ReportManager] Element Action [GetText] successfully performed. With the following test data [Automation123]. @16-10-2021 01:58:08.0551 AM
[ReportManager] Loaded Shared OpenCV @16-10-2021 01:58:08.0667 AM
[ReportManager] Assertion [ValidateElementAttribute] PASSED. Expected [Value Should be 'Automation' for the 'text' attribute, element locator 'By.name: q'] and Actual [Automation123]. Comparison Type [CONTAINS]. Validation Type [POSITIVE]. @16-10-2021 01:58:08.0753 AM
[ReportManager] Successfully created attachment [Screenshot - 1634349488667_assertElementAttribute_true_containsComparison_expectedToPass_ValidateElementAttribute_passed] @16-10-2021 01:58:08.0754 A
[ReportManager] Browser Action [CloseCurrentWindow] successfully performed. @16-10-2021 01:58:08.0874 AM
[ReportManager] Successfully created attachment [Browser Action Test Data - CloseCurrentWindow - Actual Value] @16-10-2021 01:58:08.0875 A
[ReportManager] File Action [GetAbsolutePath] successfully performed. With the following test data [Relative Folder Path: "target/downloadedFiles/"]. @16-10-2021 01:58:08.0879 AM
[ReportManager] Attempting to run remotely on: [Linux-64], [GoogleChrome], [http://localhost:4444/wd/hub], Headless Execution. @16-10-2021 01:58:08.0879 AM
[ReportManager] Successfully Opened [GoogleChrome]. @16-10-2021 01:58:09.0151 AM
[ReportManager] Target URL: [https://www.google.com/ncr], and after redirection: [www.google.com] @16-10-2021 01:58:09.0163 AM
[ReportManager] Initial URL: [data:,] @16-10-2021 01:58:09.0206 AM
[ReportManager] Browser Action [NavigateToURL] successfully performed. With the following test data [https://www.google.com/ncr]. @16-10-2021 01:58:10.0109 A

################################################################################################################################################
Starting Execution:	[21 out of 143] test cases in the current suite
Test Method:		[unitTests.tests_validations_assertions.assertElementAttribute_true_literalComparison_expectedToFail]
################################################################################################################################################
[ReportManager] Element Action [Type] successfully performed. With the following test data [Automation!@#$%^&*()_+{}[]\';/.,]. @16-10-2021 01:58:10.0673 AM
[ReportManager] Element Action [GetText] successfully performed. With the following test data [Automation!@#$%^&*()_+{}[]\';/.,]. @16-10-2021 01:58:10.0787 AM
[ReportManager] Loaded Shared OpenCV @16-10-2021 01:58:10.0979 AM
[ReportManager] Assertion [ValidateElementAttribute] FAILED. Expected [Value Should be 'Automation' for the 'text' attribute, element locator 'By.name: q'] and Actual [Automation!@#$%^&*()_+{}[]\';/.,]. Comparison Type [EQUALS]. Validation Type [POSITIVE]. @16-10-2021 01:58:11.0096 AM
[ReportManager] Successfully created attachment [Screenshot - 1634349490978_assertElementAttribute_true_literalComparison_expectedToFail_ValidateElementAttribute_failed] @16-10-2021 01:58:11.0098 A
[ReportManager] Browser Action [CloseCurrentWindow] successfully performed. @16-10-2021 01:58:11.0229 AM
[ReportManager] Successfully created attachment [Browser Action Test Data - CloseCurrentWindow - Actual Value] @16-10-2021 01:58:11.0230 A
[ReportManager] File Action [GetAbsolutePath] successfully performed. With the following test data [Relative Folder Path: "target/downloadedFiles/"]. @16-10-2021 01:58:11.0233 AM
[ReportManager] Attempting to run remotely on: [Linux-64], [GoogleChrome], [http://localhost:4444/wd/hub], Headless Execution. @16-10-2021 01:58:11.0234 AM
[ReportManager] Successfully Opened [GoogleChrome]. @16-10-2021 01:58:11.0448 AM
[ReportManager] Target URL: [https://www.google.com/ncr], and after redirection: [www.google.com] @16-10-2021 01:58:11.0459 AM
[ReportManager] Initial URL: [data:,] @16-10-2021 01:58:11.0506 AM
[ReportManager] Browser Action [NavigateToURL] successfully performed. With the following test data [https://www.google.com/ncr]. @16-10-2021 01:58:12.0368 A

################################################################################################################################################
Starting Execution:	[22 out of 143] test cases in the current suite
Test Method:		[unitTests.tests_validations_assertions.assertElementAttribute_true_literalComparison_expectedToPass]
################################################################################################################################################
[ReportManager] Element Action [Type] successfully performed. With the following test data [Automation!@#$%^&*()_+{}[]\';/.,]. @16-10-2021 01:58:12.0848 AM
[ReportManager] Element Action [GetText] successfully performed. With the following test data [Automation!@#$%^&*()_+{}[]\';/.,]. @16-10-2021 01:58:12.0946 AM
[ReportManager] Loaded Shared OpenCV @16-10-2021 01:58:13.0104 AM
[ReportManager] Assertion [ValidateElementAttribute] PASSED. Expected [Value Should be 'Automation!@#$%^&*()_+{}[]\';/.,' for the 'text' attribute, element locator 'By.name: q'] and Actual [Automation!@#$%^&*()_+{}[]\';/.,]. Comparison Type [EQUALS]. Validation Type [POSITIVE]. @16-10-2021 01:58:13.0189 AM
[ReportManager] Successfully created attachment [Screenshot - 1634349493104_assertElementAttribute_true_literalComparison_expectedToPass_ValidateElementAttribute_passed] @16-10-2021 01:58:13.0191 A
[ReportManager] Browser Action [CloseCurrentWindow] successfully performed. @16-10-2021 01:58:13.0322 AM
[ReportManager] Successfully created attachment [Browser Action Test Data - CloseCurrentWindow - Actual Value] @16-10-2021 01:58:13.0323 A
[ReportManager] File Action [GetAbsolutePath] successfully performed. With the following test data [Relative Folder Path: "target/downloadedFiles/"]. @16-10-2021 01:58:13.0327 AM
[ReportManager] Attempting to run remotely on: [Linux-64], [GoogleChrome], [http://localhost:4444/wd/hub], Headless Execution. @16-10-2021 01:58:13.0327 AM
[ReportManager] Successfully Opened [GoogleChrome]. @16-10-2021 01:58:13.0528 AM
[ReportManager] Target URL: [https://www.google.com/ncr], and after redirection: [www.google.com] @16-10-2021 01:58:13.0540 AM
[ReportManager] Initial URL: [data:,] @16-10-2021 01:58:13.0581 AM
[ReportManager] Browser Action [NavigateToURL] successfully performed. With the following test data [https://www.google.com/ncr]. @16-10-2021 01:58:14.0439 A

################################################################################################################################################
Starting Execution:	[23 out of 143] test cases in the current suite
Test Method:		[unitTests.tests_validations_assertions.assertElementAttribute_true_regexComparison_expectedToFail]
################################################################################################################################################
[ReportManager] Element Action [Type] successfully performed. With the following test data [Automation123]. @16-10-2021 01:58:14.0825 AM
[ReportManager] Element Action [GetText] successfully performed. With the following test data [Automation123]. @16-10-2021 01:58:14.0929 AM
[ReportManager] Loaded Shared OpenCV @16-10-2021 01:58:15.0056 AM
[ReportManager] Assertion [ValidateElementAttribute] FAILED. Expected [Value Should be 'Automation' for the 'text' attribute, element locator 'By.name: q'] and Actual [Automation123]. Comparison Type [MATCHES]. Validation Type [POSITIVE]. @16-10-2021 01:58:15.0141 AM
[ReportManager] Successfully created attachment [Screenshot - 1634349495056_assertElementAttribute_true_regexComparison_expectedToFail_ValidateElementAttribute_failed] @16-10-2021 01:58:15.0142 A
[ReportManager] Browser Action [CloseCurrentWindow] successfully performed. @16-10-2021 01:58:15.0277 AM
[ReportManager] Successfully created attachment [Browser Action Test Data - CloseCurrentWindow - Actual Value] @16-10-2021 01:58:15.0278 A
[ReportManager] File Action [GetAbsolutePath] successfully performed. With the following test data [Relative Folder Path: "target/downloadedFiles/"]. @16-10-2021 01:58:15.0281 AM
[ReportManager] Attempting to run remotely on: [Linux-64], [GoogleChrome], [http://localhost:4444/wd/hub], Headless Execution. @16-10-2021 01:58:15.0281 AM
[ReportManager] Successfully Opened [GoogleChrome]. @16-10-2021 01:58:15.0485 AM
[ReportManager] Target URL: [https://www.google.com/ncr], and after redirection: [www.google.com] @16-10-2021 01:58:15.0496 AM
[ReportManager] Initial URL: [data:,] @16-10-2021 01:58:15.0560 AM
[ReportManager] Browser Action [NavigateToURL] successfully performed. With the following test data [https://www.google.com/ncr]. @16-10-2021 01:58:16.0445 A

################################################################################################################################################
Starting Execution:	[24 out of 143] test cases in the current suite
Test Method:		[unitTests.tests_validations_assertions.assertElementAttribute_true_regexComparison_expectedToPass]
################################################################################################################################################
[ReportManager] Element Action [Type] successfully performed. With the following test data [Automation123]. @16-10-2021 01:58:16.0861 AM
[ReportManager] Element Action [GetText] successfully performed. With the following test data [Automation123]. @16-10-2021 01:58:16.0968 AM
[ReportManager] Loaded Shared OpenCV @16-10-2021 01:58:17.0102 AM
[ReportManager] Assertion [ValidateElementAttribute] PASSED. Expected [Value Should be 'Automation.*' for the 'text' attribute, element locator 'By.name: q'] and Actual [Automation123]. Comparison Type [MATCHES]. Validation Type [POSITIVE]. @16-10-2021 01:58:17.0183 AM
[ReportManager] Successfully created attachment [Screenshot - 1634349497102_assertElementAttribute_true_regexComparison_expectedToPass_ValidateElementAttribute_passed] @16-10-2021 01:58:17.0184 A
[ReportManager] Browser Action [CloseCurrentWindow] successfully performed. @16-10-2021 01:58:17.0311 AM
[ReportManager] Successfully created attachment [Browser Action Test Data - CloseCurrentWindow - Actual Value] @16-10-2021 01:58:17.0311 A
[ReportManager] File Action [GetAbsolutePath] successfully performed. With the following test data [Relative Folder Path: "target/downloadedFiles/"]. @16-10-2021 01:58:17.0314 AM
[ReportManager] Attempting to run remotely on: [Linux-64], [GoogleChrome], [http://localhost:4444/wd/hub], Headless Execution. @16-10-2021 01:58:17.0315 AM
[ReportManager] Successfully Opened [GoogleChrome]. @16-10-2021 01:58:17.0550 AM
[ReportManager] Target URL: [https://www.google.com/ncr], and after redirection: [www.google.com] @16-10-2021 01:58:17.0570 AM
[ReportManager] Initial URL: [data:,] @16-10-2021 01:58:17.0618 AM
[ReportManager] Browser Action [NavigateToURL] successfully performed. With the following test data [https://www.google.com/ncr]. @16-10-2021 01:58:18.0466 A

################################################################################################################################################
Starting Execution:	[25 out of 143] test cases in the current suite
Test Method:		[unitTests.tests_validations_assertions.assertElementAttribute_type_true_literalComparison_expectedToPass]
################################################################################################################################################
[ReportManager] Element Action [Type] successfully performed. With the following test data [Automation!@#$%^&*()_+{}[]\';/.,]. @16-10-2021 01:58:18.0945 AM
[ReportManager] Element Action [GetText] successfully performed. With the following test data [Automation!@#$%^&*()_+{}[]\';/.,]. @16-10-2021 01:58:19.0049 AM
[ReportManager] Loaded Shared OpenCV @16-10-2021 01:58:19.0190 AM
[ReportManager] Assertion [ValidateElementAttribute] PASSED. Expected [Value Should be 'Automation!@#$%^&*()_+{}[]\';/.,' for the 'text' attribute, element locator 'By.name: q'] and Actual [Automation!@#$%^&*()_+{}[]\';/.,]. Comparison Type [EQUALS]. Validation Type [POSITIVE]. @16-10-2021 01:58:19.0269 AM
[ReportManager] Successfully created attachment [Screenshot - 1634349499190_assertElementAttribute_type_true_literalComparison_expectedToPass_ValidateElementAttribute_passed] @16-10-2021 01:58:19.0271 A
[ReportManager] Browser Action [CloseCurrentWindow] successfully performed. @16-10-2021 01:58:19.0397 AM
[ReportManager] Successfully created attachment [Browser Action Test Data - CloseCurrentWindow - Actual Value] @16-10-2021 01:58:19.0398 A
[ReportManager] File Action [GetAbsolutePath] successfully performed. With the following test data [Relative Folder Path: "target/downloadedFiles/"]. @16-10-2021 01:58:19.0401 AM
[ReportManager] Attempting to run remotely on: [Linux-64], [GoogleChrome], [http://localhost:4444/wd/hub], Headless Execution. @16-10-2021 01:58:19.0401 AM
[ReportManager] Successfully Opened [GoogleChrome]. @16-10-2021 01:58:19.0667 AM
[ReportManager] Target URL: [https://www.google.com/ncr], and after redirection: [www.google.com] @16-10-2021 01:58:19.0678 AM
[ReportManager] Initial URL: [data:,] @16-10-2021 01:58:19.0730 AM
[ReportManager] Browser Action [NavigateToURL] successfully performed. With the following test data [https://www.google.com/ncr]. @16-10-2021 01:58:20.0518 A

################################################################################################################################################
Starting Execution:	[26 out of 143] test cases in the current suite
Test Method:		[unitTests.tests_validations_assertions.assertElementExists_false_expectedToFail]
################################################################################################################################################
[ReportManager] Assertion [ValidateElementExists] PASSED. Expected [Element Should not Exist, locator 'By.id: hplogo'] and Actual [Element Doesn't Exists]. Comparison Type [EQUALS]. Validation Type [NEGATIVE]. @16-10-2021 01:58:30.0957 AM
[ReportManager] Successfully created attachment [Screenshot - 1634349510832_assertElementExists_false_expectedToFail_ValidateElementExists_passed] @16-10-2021 01:58:30.0958 A
[ReportManager] Browser Action [CloseCurrentWindow] successfully performed. @16-10-2021 01:58:31.0084 AM
[ReportManager] Successfully created attachment [Browser Action Test Data - CloseCurrentWindow - Actual Value] @16-10-2021 01:58:31.0084 A
[ReportManager] File Action [GetAbsolutePath] successfully performed. With the following test data [Relative Folder Path: "target/downloadedFiles/"]. @16-10-2021 01:58:31.0096 AM
[ReportManager] Attempting to run remotely on: [Linux-64], [GoogleChrome], [http://localhost:4444/wd/hub], Headless Execution. @16-10-2021 01:58:31.0097 AM
[ReportManager] Successfully Opened [GoogleChrome]. @16-10-2021 01:58:31.0386 AM
[ReportManager] Target URL: [https://www.google.com/ncr], and after redirection: [www.google.com] @16-10-2021 01:58:31.0397 AM
[ReportManager] Initial URL: [data:,] @16-10-2021 01:58:31.0438 AM
[ReportManager] Browser Action [NavigateToURL] successfully performed. With the following test data [https://www.google.com/ncr]. @16-10-2021 01:58:32.0235 A

################################################################################################################################################
Starting Execution:	[27 out of 143] test cases in the current suite
Test Method:		[unitTests.tests_validations_assertions.assertElementExists_false_expectedToPass]
################################################################################################################################################
[ReportManager] Assertion [ValidateElementExists] PASSED. Expected [Element Should not Exist, locator 'By.id: fakeElement'] and Actual [Element Doesn't Exists]. Comparison Type [EQUALS]. Validation Type [NEGATIVE]. @16-10-2021 01:58:42.0639 AM
[ReportManager] Successfully created attachment [Screenshot - 1634349522576_assertElementExists_false_expectedToPass_ValidateElementExists_passed] @16-10-2021 01:58:42.0640 A
[ReportManager] Browser Action [CloseCurrentWindow] successfully performed. @16-10-2021 01:58:42.0771 AM
[ReportManager] Successfully created attachment [Browser Action Test Data - CloseCurrentWindow - Actual Value] @16-10-2021 01:58:42.0772 A
[ReportManager] File Action [GetAbsolutePath] successfully performed. With the following test data [Relative Folder Path: "target/downloadedFiles/"]. @16-10-2021 01:58:42.0776 AM
[ReportManager] Attempting to run remotely on: [Linux-64], [GoogleChrome], [http://localhost:4444/wd/hub], Headless Execution. @16-10-2021 01:58:42.0777 AM
[ReportManager] Successfully Opened [GoogleChrome]. @16-10-2021 01:58:43.0004 AM
[ReportManager] Target URL: [https://www.google.com/ncr], and after redirection: [www.google.com] @16-10-2021 01:58:43.0044 AM
[ReportManager] Initial URL: [data:,] @16-10-2021 01:58:43.0117 AM
[ReportManager] Browser Action [NavigateToURL] successfully performed. With the following test data [https://www.google.com/ncr]. @16-10-2021 01:58:43.0969 A

################################################################################################################################################
Starting Execution:	[28 out of 143] test cases in the current suite
Test Method:		[unitTests.tests_validations_assertions.assertElementExists_false_multipleElementsFound_expectedToFail]
################################################################################################################################################
[ReportManager] Assertion [ValidateElementExists] FAILED. Expected [Element Should not Exist, locator 'By.xpath: //div'] and Actual [Element Exists but is not unique]. Comparison Type [EQUALS]. Validation Type [NEGATIVE]. @16-10-2021 01:58:44.0227 AM
[ReportManager] Successfully created attachment [Screenshot - 1634349524163_assertElementExists_false_multipleElementsFound_expectedToFail_ValidateElementExists_failed] @16-10-2021 01:58:44.0228 A
[ReportManager] Browser Action [CloseCurrentWindow] successfully performed. @16-10-2021 01:58:44.0348 AM
[ReportManager] Successfully created attachment [Browser Action Test Data - CloseCurrentWindow - Actual Value] @16-10-2021 01:58:44.0349 A
[ReportManager] File Action [GetAbsolutePath] successfully performed. With the following test data [Relative Folder Path: "target/downloadedFiles/"]. @16-10-2021 01:58:44.0354 AM
[ReportManager] Attempting to run remotely on: [Linux-64], [GoogleChrome], [http://localhost:4444/wd/hub], Headless Execution. @16-10-2021 01:58:44.0354 AM
[ReportManager] Successfully Opened [GoogleChrome]. @16-10-2021 01:58:44.0607 AM
[ReportManager] Target URL: [https://www.google.com/ncr], and after redirection: [www.google.com] @16-10-2021 01:58:44.0618 AM
[ReportManager] Initial URL: [data:,] @16-10-2021 01:58:44.0667 AM
[ReportManager] Browser Action [NavigateToURL] successfully performed. With the following test data [https://www.google.com/ncr]. @16-10-2021 01:58:45.0518 A

################################################################################################################################################
Starting Execution:	[29 out of 143] test cases in the current suite
Test Method:		[unitTests.tests_validations_assertions.assertElementExists_true_expectedToFail]
################################################################################################################################################
[ReportManager] Assertion [ValidateElementExists] FAILED. Expected [Element Should Exist, locator 'By.id: fakeElement'] and Actual [Element Doesn't Exists]. Comparison Type [EQUALS]. Validation Type [POSITIVE]. @16-10-2021 01:59:16.0206 AM
[ReportManager] Successfully created attachment [Screenshot - 1634349556144_assertElementExists_true_expectedToFail_ValidateElementExists_failed] @16-10-2021 01:59:16.0207 A
[ReportManager] Browser Action [CloseCurrentWindow] successfully performed. @16-10-2021 01:59:16.0332 AM
[ReportManager] Successfully created attachment [Browser Action Test Data - CloseCurrentWindow - Actual Value] @16-10-2021 01:59:16.0333 A
[ReportManager] File Action [GetAbsolutePath] successfully performed. With the following test data [Relative Folder Path: "target/downloadedFiles/"]. @16-10-2021 01:59:16.0335 AM
[ReportManager] Attempting to run remotely on: [Linux-64], [GoogleChrome], [http://localhost:4444/wd/hub], Headless Execution. @16-10-2021 01:59:16.0335 AM
[ReportManager] Successfully Opened [GoogleChrome]. @16-10-2021 01:59:16.0534 AM
[ReportManager] Target URL: [https://www.google.com/ncr], and after redirection: [www.google.com] @16-10-2021 01:59:16.0546 AM
[ReportManager] Initial URL: [data:,] @16-10-2021 01:59:16.0584 AM
[ReportManager] Browser Action [NavigateToURL] successfully performed. With the following test data [https://www.google.com/ncr]. @16-10-2021 01:59:17.0489 A

################################################################################################################################################
Starting Execution:	[30 out of 143] test cases in the current suite
Test Method:		[unitTests.tests_validations_assertions.assertElementExists_true_expectedToPass]
################################################################################################################################################
[ReportManager] Loaded Shared OpenCV @16-10-2021 01:59:17.0659 AM
[ReportManager] Assertion [ValidateElementExists] PASSED. Expected [Element Should Exist, locator 'By.xpath: //*[@id='hplogo' or @alt='Google']'] and Actual [Element Exists]. Comparison Type [EQUALS]. Validation Type [POSITIVE]. @16-10-2021 01:59:17.0736 AM
[ReportManager] Successfully created attachment [Screenshot - 1634349557659_assertElementExists_true_expectedToPass_ValidateElementExists_passed] @16-10-2021 01:59:17.0737 A
[ReportManager] Browser Action [CloseCurrentWindow] successfully performed. @16-10-2021 01:59:17.0855 AM
[ReportManager] Successfully created attachment [Browser Action Test Data - CloseCurrentWindow - Actual Value] @16-10-2021 01:59:17.0856 A
[ReportManager] File Action [GetAbsolutePath] successfully performed. With the following test data [Relative Folder Path: "target/downloadedFiles/"]. @16-10-2021 01:59:17.0859 AM
[ReportManager] Attempting to run remotely on: [Linux-64], [GoogleChrome], [http://localhost:4444/wd/hub], Headless Execution. @16-10-2021 01:59:17.0859 AM
[ReportManager] Successfully Opened [GoogleChrome]. @16-10-2021 01:59:18.0064 AM
[ReportManager] Target URL: [https://www.google.com/ncr], and after redirection: [www.google.com] @16-10-2021 01:59:18.0078 AM
[ReportManager] Initial URL: [data:,] @16-10-2021 01:59:18.0115 AM
[ReportManager] Browser Action [NavigateToURL] successfully performed. With the following test data [https://www.google.com/ncr]. @16-10-2021 01:59:18.0935 A

################################################################################################################################################
Starting Execution:	[31 out of 143] test cases in the current suite
Test Method:		[unitTests.tests_validations_assertions.assertElementExists_true_multipleElementsFound_expectedToFail]
################################################################################################################################################
[ReportManager] Assertion [ValidateElementExists] FAILED. Expected [Element Should Exist, locator 'By.xpath: //div'] and Actual [Element Exists but is not unique]. Comparison Type [EQUALS]. Validation Type [POSITIVE]. @16-10-2021 01:59:19.0178 AM
[ReportManager] Successfully created attachment [Screenshot - 1634349559110_assertElementExists_true_multipleElementsFound_expectedToFail_ValidateElementExists_failed] @16-10-2021 01:59:19.0179 A
[ReportManager] Browser Action [CloseCurrentWindow] successfully performed. @16-10-2021 01:59:19.0303 AM
[ReportManager] Successfully created attachment [Browser Action Test Data - CloseCurrentWindow - Actual Value] @16-10-2021 01:59:19.0304 A

################################################################################################################################################
Starting Execution:	[32 out of 143] test cases in the current suite
Test Method:		[unitTests.tests_validations_assertions.assertEquals_false_expectedToFail]
################################################################################################################################################
[ReportManager] Assertion [ValidateEquals] FAILED. Expected [1] and Actual [1]. Comparison Type [EQUALS]. Validation Type [NEGATIVE]. @16-10-2021 01:59:19.0310 A

################################################################################################################################################
Starting Execution:	[33 out of 143] test cases in the current suite
Test Method:		[unitTests.tests_validations_assertions.assertEquals_false_expectedToPass]
################################################################################################################################################
[ReportManager] Assertion [ValidateEquals] PASSED. Expected [1] and Actual [2]. Comparison Type [EQUALS]. Validation Type [NEGATIVE]. @16-10-2021 01:59:19.0315 A

################################################################################################################################################
Starting Execution:	[34 out of 143] test cases in the current suite
Test Method:		[unitTests.tests_validations_assertions.assertEquals_longCharacters]
################################################################################################################################################
[ReportManager] Verification [ValidateEquals] PASSED. Expected and Actual values are attached. Comparison Type [EQUALS]. Validation Type [POSITIVE]. @16-10-2021 01:59:19.0323 AM
[ReportManager] Successfully created attachment [Validation Test Data - Expected Value] @16-10-2021 01:59:19.0323 AM
[ReportManager] Successfully created attachment [Validation Test Data - Actual Value] @16-10-2021 01:59:19.0323 AM
[ReportManager] Assertion [ValidateEquals] PASSED. Expected and Actual values are attached. Comparison Type [EQUALS]. Validation Type [POSITIVE]. @16-10-2021 01:59:19.0323 AM
[ReportManager] Successfully created attachment [Validation Test Data - Expected Value] @16-10-2021 01:59:19.0324 AM
[ReportManager] Successfully created attachment [Validation Test Data - Actual Value] @16-10-2021 01:59:19.0324 A

################################################################################################################################################
Starting Execution:	[35 out of 143] test cases in the current suite
Test Method:		[unitTests.tests_validations_assertions.assertEquals_longCharacters_Discreet]
################################################################################################################################################
[ReportManager] Assertion [ValidateEquals] PASSED. Expected [1LH5pROcDBjjQk0t0mCr0lXuzQu9lcGj28kY8R1H81X67eVAQJgWQhILiRWVPUgZ6uCtK5cnBkF55Jr9vYngjGO1Iyf0Mktv6lruDlL9T8MAUPcUZJGHZtji6nIeadujDSNmWMj5d6C8zlFqw0CRqBU0hO5adIasHgBSNoLotAjce3NGXoDwAlp3rYreeV16VIyZXROQY] and Actual [1LH5pROcDBjjQk0t0mCr0lXuzQu9lcGj28kY8R1H81X67eVAQJgWQhILiRWVPUgZ6uCtK5cnBkF55Jr9vYngjGO1Iyf0Mktv6lruDlL9T8MAUPcUZJGHZtji6nIeadujDSNmWMj5d6C8zlFqw0CRqBU0hO5adIasHgBSNoLotAjce3NGXoDwAlp3rYreeV16VIyZXROQY]. Comparison Type [EQUALS]. Validation Type [POSITIVE]. @16-10-2021 01:59:19.0326 A

################################################################################################################################################
Starting Execution:	[36 out of 143] test cases in the current suite
Test Method:		[unitTests.tests_validations_assertions.assertEquals_true_expectedToFail]
################################################################################################################################################
[ReportManager] Assertion [ValidateEquals] FAILED. Expected [1] and Actual [2]. Comparison Type [EQUALS]. Validation Type [POSITIVE]. @16-10-2021 01:59:19.0335 A

################################################################################################################################################
Starting Execution:	[37 out of 143] test cases in the current suite
Test Method:		[unitTests.tests_validations_assertions.assertEquals_true_expectedToPass]
Test Description:	[Assert that assertEquals works as expected when the two values are equal.]
################################################################################################################################################
[ReportManager] Verification [ValidateEquals] PASSED. Expected [1] and Actual [1]. Comparison Type [EQUALS]. Validation Type [POSITIVE]. @16-10-2021 01:59:19.0344 AM
[ReportManager] Assertion [ValidateEquals] PASSED. Expected [1] and Actual [1]. Comparison Type [EQUALS]. Validation Type [POSITIVE]. @16-10-2021 01:59:19.0344 A

################################################################################################################################################
Starting Execution:	[38 out of 143] test cases in the current suite
Test Method:		[unitTests.tests_validations_assertions.assertEquals_true_expectedToPass__]
################################################################################################################################################
[ReportManager] Assertion [ValidateEquals] PASSED. Expected [1] and Actual [1]. Comparison Type [EQUALS]. Validation Type [POSITIVE]. @16-10-2021 01:59:19.0351 A

################################################################################################################################################
Starting Execution:	[39 out of 143] test cases in the current suite
Test Method:		[unitTests.tests_validations_assertions.assertFileExists_false_expectedToFail]
################################################################################################################################################
[ReportManager] File Action [DoesFileExist] successfully performed. With the following test data [File Path: "src/main/java/com/shaft/gui/element/ElementActions.java"]. @16-10-2021 01:59:19.0356 AM
[ReportManager] Assertion [ValidateFileExists] FAILED. Expected [File 'src/main/java/com/shaft/gui/element/ElementActions.java' should not exist, after up to '1' retries] and Actual [File exists]. Validation Type [NEGATIVE]. @16-10-2021 01:59:19.0362 A

################################################################################################################################################
Starting Execution:	[40 out of 143] test cases in the current suite
Test Method:		[unitTests.tests_validations_assertions.assertFileExists_false_expectedToPass]
################################################################################################################################################
[ReportManager] File Action [DoesFileExist] successfully performed. With the following test data [File Path: "src/main/java/com/shaft/gui/element/ElementActions.java_fail"]. @16-10-2021 01:59:19.0873 AM
[ReportManager] Assertion [ValidateFileExists] PASSED. Expected [File 'src/main/java/com/shaft/gui/element/ElementActions.java_fail' should not exist, after up to '1' retries] and Actual [File does not exist]. Validation Type [NEGATIVE]. @16-10-2021 01:59:19.0873 A

################################################################################################################################################
Starting Execution:	[41 out of 143] test cases in the current suite
Test Method:		[unitTests.tests_validations_assertions.assertFileExists_true_expectedToFail]
################################################################################################################################################
[ReportManager] File Action [DoesFileExist] successfully performed. With the following test data [File Path: "src/main/java/com/shaft/gui/element/ElementActions.java_fail"]. @16-10-2021 01:59:20.0380 AM
[ReportManager] Assertion [ValidateFileExists] FAILED. Expected [File 'src/main/java/com/shaft/gui/element/ElementActions.java_fail' should exist, after up to '1' retries] and Actual [File does not exist]. Validation Type [POSITIVE]. @16-10-2021 01:59:20.0381 A

################################################################################################################################################
Starting Execution:	[42 out of 143] test cases in the current suite
Test Method:		[unitTests.tests_validations_assertions.assertFileExists_true_expectedToPass]
################################################################################################################################################
[ReportManager] File Action [DoesFileExist] successfully performed. With the following test data [File Path: "src/main/java/com/shaft/gui/element/ElementActions.java"]. @16-10-2021 01:59:20.0387 AM
[ReportManager] Assertion [ValidateFileExists] PASSED. Expected [File 'src/main/java/com/shaft/gui/element/ElementActions.java' should exist, after up to '1' retries] and Actual [File exists]. Validation Type [POSITIVE]. @16-10-2021 01:59:20.0388 A

################################################################################################################################################
Starting Execution:	[43 out of 143] test cases in the current suite
Test Method:		[unitTests.tests_validations_assertions.assertNull_false_expectedToFail]
################################################################################################################################################
[ReportManager] Assertion [ValidateNull] FAILED. Expected [NULL] and Actual [NULL]. Comparison Type [EQUALS]. Validation Type [NEGATIVE]. @16-10-2021 01:59:20.0391 A

################################################################################################################################################
Starting Execution:	[44 out of 143] test cases in the current suite
Test Method:		[unitTests.tests_validations_assertions.assertNull_false_expectedToPass]
################################################################################################################################################
[ReportManager] Assertion [ValidateNull] PASSED. Expected [NULL] and Actual [1]. Comparison Type [EQUALS]. Validation Type [NEGATIVE]. @16-10-2021 01:59:20.0395 A

################################################################################################################################################
Starting Execution:	[45 out of 143] test cases in the current suite
Test Method:		[unitTests.tests_validations_assertions.assertNull_true_expectedToFail]
################################################################################################################################################
[ReportManager] Assertion [ValidateNull] FAILED. Expected [NULL] and Actual [1]. Comparison Type [EQUALS]. Validation Type [POSITIVE]. @16-10-2021 01:59:20.0398 A

################################################################################################################################################
Starting Execution:	[46 out of 143] test cases in the current suite
Test Method:		[unitTests.tests_validations_assertions.assertNull_true_expectedToPass]
################################################################################################################################################
[ReportManager] Assertion [ValidateNull] PASSED. Expected [NULL] and Actual [NULL]. Comparison Type [EQUALS]. Validation Type [POSITIVE]. @16-10-2021 01:59:20.0403 A

################################################################################################################################################
Starting Execution:	[47 out of 143] test cases in the current suite
Test Method:		[unitTests.tests_restActions.getPostsAndAssertBodyForSpecificTitle]
################################################################################################################################################
[ReportManager] Response status code: [200], status line: [HTTP/1.1 200 OK] @16-10-2021 01:59:22.0708 AM
[ReportManager] Assertion Passed: Evaluating the actual response status code against the expected one... @16-10-2021 01:59:22.0708 AM
[ReportManager] Assertion [ValidateEquals] PASSED. Expected [200] and Actual [200]. Comparison Type [EQUALS]. Validation Type [POSITIVE]. @16-10-2021 01:59:22.0709 AM
[ReportManager] API Action [PerformRequest] successfully performed. With the following test data [Request Type: "GET" | Target Status Code: "200" | Service URL: "https://jsonplaceholder.typicode.com/posts" | Content Type: "*/*" | Response Time: "860ms"]. @16-10-2021 01:59:23.0920 AM
[ReportManager] Successfully created attachment [API Request - Specifications] @16-10-2021 01:59:23.0920 AM
[ReportManager] Successfully created attachment [API Response - JSON Body] @16-10-2021 01:59:24.0228 AM
[ReportManager] API Action [GetResponseJSONValueAsList] successfully performed. @16-10-2021 01:59:24.0269 AM
[ReportManager] API Action [GetResponseJSONValue] successfully performed. With the following test data [title]. @16-10-2021 01:59:24.0302 AM
[ReportManager] API Action [GetResponseJSONValue] successfully performed. With the following test data [title]. @16-10-2021 01:59:24.0339 AM
[ReportManager] API Action [GetResponseJSONValue] successfully performed. With the following test data [body]. @16-10-2021 01:59:24.0366 AM
[ReportManager] Assertion [ValidateEquals] PASSED. Expected [qui neque nisi nulla] and Actual [est rerum tempore vitae
sequi sint nihil reprehenderit dolor beatae ea dolores neque
fugiat blanditiis voluptate porro vel nihil molestiae ut reiciendis
qui aperiam non debitis possimus qui neque nisi nulla]. Comparison Type [CONTAINS]. Validation Type [POSITIVE]. @16-10-2021 01:59:24.0367 AM
[ReportManager] API Action [GetResponseJSONValue] successfully performed. With the following test data [title]. @16-10-2021 01:59:24.0385 AM
[ReportManager] API Action [GetResponseJSONValue] successfully performed. With the following test data [title]. @16-10-2021 01:59:24.0402 AM
[ReportManager] API Action [GetResponseJSONValue] successfully performed. With the following test data [title]. @16-10-2021 01:59:24.0419 AM
[ReportManager] API Action [GetResponseJSONValue] successfully performed. With the following test data [title]. @16-10-2021 01:59:24.0437 AM
[ReportManager] API Action [GetResponseJSONValue] successfully performed. With the following test data [title]. @16-10-2021 01:59:24.0457 AM
[ReportManager] API Action [GetResponseJSONValue] successfully performed. With the following test data [title]. @16-10-2021 01:59:24.0477 AM
[ReportManager] API Action [GetResponseJSONValue] successfully performed. With the following test data [title]. @16-10-2021 01:59:24.0496 AM
[ReportManager] API Action [GetResponseJSONValue] successfully performed. With the following test data [title]. @16-10-2021 01:59:24.0512 AM
[ReportManager] API Action [GetResponseJSONValue] successfully performed. With the following test data [title]. @16-10-2021 01:59:24.0529 AM
[ReportManager] API Action [GetResponseJSONValue] successfully performed. With the following test data [title]. @16-10-2021 01:59:24.0543 AM
[ReportManager] API Action [GetResponseJSONValue] successfully performed. With the following test data [title]. @16-10-2021 01:59:24.0570 AM
[ReportManager] API Action [GetResponseJSONValue] successfully performed. With the following test data [title]. @16-10-2021 01:59:24.0594 AM
[ReportManager] API Action [GetResponseJSONValue] successfully performed. With the following test data [title]. @16-10-2021 01:59:24.0607 AM
[ReportManager] API Action [GetResponseJSONValue] successfully performed. With the following test data [title]. @16-10-2021 01:59:24.0623 AM
[ReportManager] API Action [GetResponseJSONValue] successfully performed. With the following test data [title]. @16-10-2021 01:59:24.0643 AM
[ReportManager] API Action [GetResponseJSONValue] successfully performed. With the following test data [title]. @16-10-2021 01:59:24.0671 AM
[ReportManager] API Action [GetResponseJSONValue] successfully performed. With the following test data [title]. @16-10-2021 01:59:24.0692 AM
[ReportManager] API Action [GetResponseJSONValue] successfully performed. With the following test data [title]. @16-10-2021 01:59:24.0707 AM
[ReportManager] API Action [GetResponseJSONValue] successfully performed. With the following test data [title]. @16-10-2021 01:59:24.0720 AM
[ReportManager] API Action [GetResponseJSONValue] successfully performed. With the following test data [title]. @16-10-2021 01:59:24.0740 AM
[ReportManager] API Action [GetResponseJSONValue] successfully performed. With the following test data [title]. @16-10-2021 01:59:24.0762 AM
[ReportManager] API Action [GetResponseJSONValue] successfully performed. With the following test data [title]. @16-10-2021 01:59:24.0783 AM
[ReportManager] API Action [GetResponseJSONValue] successfully performed. With the following test data [title]. @16-10-2021 01:59:24.0798 AM
[ReportManager] API Action [GetResponseJSONValue] successfully performed. With the following test data [title]. @16-10-2021 01:59:24.0814 AM
[ReportManager] API Action [GetResponseJSONValue] successfully performed. With the following test data [title]. @16-10-2021 01:59:24.0831 AM
[ReportManager] API Action [GetResponseJSONValue] successfully performed. With the following test data [title]. @16-10-2021 01:59:24.0844 AM
[ReportManager] API Action [GetResponseJSONValue] successfully performed. With the following test data [title]. @16-10-2021 01:59:24.0866 AM
[ReportManager] API Action [GetResponseJSONValue] successfully performed. With the following test data [title]. @16-10-2021 01:59:24.0888 AM
[ReportManager] API Action [GetResponseJSONValue] successfully performed. With the following test data [title]. @16-10-2021 01:59:24.0902 AM
[ReportManager] API Action [GetResponseJSONValue] successfully performed. With the following test data [title]. @16-10-2021 01:59:24.0913 AM
[ReportManager] API Action [GetResponseJSONValue] successfully performed. With the following test data [title]. @16-10-2021 01:59:24.0926 AM
[ReportManager] API Action [GetResponseJSONValue] successfully performed. With the following test data [title]. @16-10-2021 01:59:24.0941 AM
[ReportManager] API Action [GetResponseJSONValue] successfully performed. With the following test data [title]. @16-10-2021 01:59:24.0962 AM
[ReportManager] API Action [GetResponseJSONValue] successfully performed. With the following test data [title]. @16-10-2021 01:59:24.0976 AM
[ReportManager] API Action [GetResponseJSONValue] successfully performed. With the following test data [title]. @16-10-2021 01:59:24.0990 AM
[ReportManager] API Action [GetResponseJSONValue] successfully performed. With the following test data [title]. @16-10-2021 01:59:25.0004 AM
[ReportManager] API Action [GetResponseJSONValue] successfully performed. With the following test data [title]. @16-10-2021 01:59:25.0016 AM
[ReportManager] API Action [GetResponseJSONValue] successfully performed. With the following test data [title]. @16-10-2021 01:59:25.0031 AM
[ReportManager] API Action [GetResponseJSONValue] successfully performed. With the following test data [title]. @16-10-2021 01:59:25.0061 AM
[ReportManager] API Action [GetResponseJSONValue] successfully performed. With the following test data [title]. @16-10-2021 01:59:25.0081 AM
[ReportManager] API Action [GetResponseJSONValue] successfully performed. With the following test data [title]. @16-10-2021 01:59:25.0101 AM
[ReportManager] API Action [GetResponseJSONValue] successfully performed. With the following test data [title]. @16-10-2021 01:59:25.0116 AM
[ReportManager] API Action [GetResponseJSONValue] successfully performed. With the following test data [title]. @16-10-2021 01:59:25.0130 AM
[ReportManager] API Action [GetResponseJSONValue] successfully performed. With the following test data [title]. @16-10-2021 01:59:25.0148 AM
[ReportManager] API Action [GetResponseJSONValue] successfully performed. With the following test data [title]. @16-10-2021 01:59:25.0161 AM
[ReportManager] API Action [GetResponseJSONValue] successfully performed. With the following test data [title]. @16-10-2021 01:59:25.0173 AM
[ReportManager] API Action [GetResponseJSONValue] successfully performed. With the following test data [title]. @16-10-2021 01:59:25.0190 AM
[ReportManager] API Action [GetResponseJSONValue] successfully performed. With the following test data [title]. @16-10-2021 01:59:25.0210 AM
[ReportManager] API Action [GetResponseJSONValue] successfully performed. With the following test data [title]. @16-10-2021 01:59:25.0224 AM
[ReportManager] API Action [GetResponseJSONValue] successfully performed. With the following test data [title]. @16-10-2021 01:59:25.0237 AM
[ReportManager] API Action [GetResponseJSONValue] successfully performed. With the following test data [title]. @16-10-2021 01:59:25.0252 AM
[ReportManager] API Action [GetResponseJSONValue] successfully performed. With the following test data [title]. @16-10-2021 01:59:25.0268 AM
[ReportManager] API Action [GetResponseJSONValue] successfully performed. With the following test data [title]. @16-10-2021 01:59:25.0287 AM
[ReportManager] API Action [GetResponseJSONValue] successfully performed. With the following test data [title]. @16-10-2021 01:59:25.0299 AM
[ReportManager] API Action [GetResponseJSONValue] successfully performed. With the following test data [title]. @16-10-2021 01:59:25.0314 AM
[ReportManager] API Action [GetResponseJSONValue] successfully performed. With the following test data [title]. @16-10-2021 01:59:25.0327 AM
[ReportManager] API Action [GetResponseJSONValue] successfully performed. With the following test data [title]. @16-10-2021 01:59:25.0342 AM
[ReportManager] API Action [GetResponseJSONValue] successfully performed. With the following test data [title]. @16-10-2021 01:59:25.0355 AM
[ReportManager] API Action [GetResponseJSONValue] successfully performed. With the following test data [title]. @16-10-2021 01:59:25.0379 AM
[ReportManager] API Action [GetResponseJSONValue] successfully performed. With the following test data [title]. @16-10-2021 01:59:25.0433 AM
[ReportManager] API Action [GetResponseJSONValue] successfully performed. With the following test data [title]. @16-10-2021 01:59:25.0449 AM
[ReportManager] API Action [GetResponseJSONValue] successfully performed. With the following test data [title]. @16-10-2021 01:59:25.0458 AM
[ReportManager] API Action [GetResponseJSONValue] successfully performed. With the following test data [title]. @16-10-2021 01:59:25.0469 AM
[ReportManager] API Action [GetResponseJSONValue] successfully performed. With the following test data [title]. @16-10-2021 01:59:25.0481 AM
[ReportManager] API Action [GetResponseJSONValue] successfully performed. With the following test data [title]. @16-10-2021 01:59:25.0492 AM
[ReportManager] API Action [GetResponseJSONValue] successfully performed. With the following test data [title]. @16-10-2021 01:59:25.0503 AM
[ReportManager] API Action [GetResponseJSONValue] successfully performed. With the following test data [title]. @16-10-2021 01:59:25.0517 AM
[ReportManager] API Action [GetResponseJSONValue] successfully performed. With the following test data [title]. @16-10-2021 01:59:25.0528 AM
[ReportManager] API Action [GetResponseJSONValue] successfully performed. With the following test data [title]. @16-10-2021 01:59:25.0539 AM
[ReportManager] API Action [GetResponseJSONValue] successfully performed. With the following test data [title]. @16-10-2021 01:59:25.0553 AM
[ReportManager] API Action [GetResponseJSONValue] successfully performed. With the following test data [title]. @16-10-2021 01:59:25.0564 AM
[ReportManager] API Action [GetResponseJSONValue] successfully performed. With the following test data [title]. @16-10-2021 01:59:25.0580 AM
[ReportManager] API Action [GetResponseJSONValue] successfully performed. With the following test data [title]. @16-10-2021 01:59:25.0603 AM
[ReportManager] API Action [GetResponseJSONValue] successfully performed. With the following test data [title]. @16-10-2021 01:59:25.0615 AM
[ReportManager] API Action [GetResponseJSONValue] successfully performed. With the following test data [title]. @16-10-2021 01:59:25.0626 AM
[ReportManager] API Action [GetResponseJSONValue] successfully performed. With the following test data [title]. @16-10-2021 01:59:25.0637 AM
[ReportManager] API Action [GetResponseJSONValue] successfully performed. With the following test data [title]. @16-10-2021 01:59:25.0653 AM
[ReportManager] API Action [GetResponseJSONValue] successfully performed. With the following test data [title]. @16-10-2021 01:59:25.0663 AM
[ReportManager] API Action [GetResponseJSONValue] successfully performed. With the following test data [title]. @16-10-2021 01:59:25.0674 AM
[ReportManager] API Action [GetResponseJSONValue] successfully performed. With the following test data [title]. @16-10-2021 01:59:25.0692 AM
[ReportManager] API Action [GetResponseJSONValue] successfully performed. With the following test data [title]. @16-10-2021 01:59:25.0708 AM
[ReportManager] API Action [GetResponseJSONValue] successfully performed. With the following test data [title]. @16-10-2021 01:59:25.0732 AM
[ReportManager] API Action [GetResponseJSONValue] successfully performed. With the following test data [title]. @16-10-2021 01:59:25.0744 AM
[ReportManager] API Action [GetResponseJSONValue] successfully performed. With the following test data [title]. @16-10-2021 01:59:25.0754 AM
[ReportManager] API Action [GetResponseJSONValue] successfully performed. With the following test data [title]. @16-10-2021 01:59:25.0777 AM
[ReportManager] API Action [GetResponseJSONValue] successfully performed. With the following test data [title]. @16-10-2021 01:59:25.0787 AM
[ReportManager] API Action [GetResponseJSONValue] successfully performed. With the following test data [title]. @16-10-2021 01:59:25.0797 AM
[ReportManager] API Action [GetResponseJSONValue] successfully performed. With the following test data [title]. @16-10-2021 01:59:25.0807 AM
[ReportManager] API Action [GetResponseJSONValue] successfully performed. With the following test data [title]. @16-10-2021 01:59:25.0819 AM
[ReportManager] API Action [GetResponseJSONValue] successfully performed. With the following test data [title]. @16-10-2021 01:59:25.0831 AM
[ReportManager] API Action [GetResponseJSONValue] successfully performed. With the following test data [title]. @16-10-2021 01:59:25.0844 AM
[ReportManager] API Action [GetResponseJSONValue] successfully performed. With the following test data [title]. @16-10-2021 01:59:25.0866 AM
[ReportManager] API Action [GetResponseJSONValue] successfully performed. With the following test data [title]. @16-10-2021 01:59:25.0881 AM
[ReportManager] API Action [GetResponseJSONValue] successfully performed. With the following test data [title]. @16-10-2021 01:59:25.0893 AM
[ReportManager] API Action [GetResponseJSONValue] successfully performed. With the following test data [title]. @16-10-2021 01:59:25.0904 AM
[ReportManager] API Action [GetResponseJSONValue] successfully performed. With the following test data [title]. @16-10-2021 01:59:25.0916 AM
[ReportManager] API Action [GetResponseJSONValue] successfully performed. With the following test data [title]. @16-10-2021 01:59:25.0927 AM
[ReportManager] API Action [GetResponseJSONValue] successfully performed. With the following test data [title]. @16-10-2021 01:59:25.0937 A

################################################################################################################################################
Starting Execution:	[48 out of 143] test cases in the current suite
Test Method:		[unitTests.tests_restActions.validateUserEmail]
################################################################################################################################################
[ReportManager] Response status code: [200], status line: [HTTP/1.1 200 OK] @16-10-2021 01:59:26.0031 AM
[ReportManager] Assertion Passed: Evaluating the actual response status code against the expected one... @16-10-2021 01:59:26.0032 AM
[ReportManager] Assertion [ValidateEquals] PASSED. Expected [200] and Actual [200]. Comparison Type [EQUALS]. Validation Type [POSITIVE]. @16-10-2021 01:59:26.0032 AM
[ReportManager] API Action [PerformRequest] successfully performed. With the following test data [Request Type: "GET" | Target Status Code: "200" | Service URL: "https://jsonplaceholder.typicode.com/users" | Content Type: "*/*" | Response Time: "82ms"]. @16-10-2021 01:59:26.0063 AM
[ReportManager] Successfully created attachment [API Request - Specifications] @16-10-2021 01:59:26.0064 AM
[ReportManager] Successfully created attachment [API Response - JSON Body] @16-10-2021 01:59:26.0065 AM
[ReportManager] Assertion [ValidateEquals] PASSED. Expected and Actual values are attached. Comparison Type [CONTAINS]. Validation Type [POSITIVE]. @16-10-2021 01:59:26.0065 AM
[ReportManager] Successfully created attachment [Validation Test Data - Expected Value] @16-10-2021 01:59:26.0065 AM
[ReportManager] Successfully created attachment [Validation Test Data - Actual Value] @16-10-2021 01:59:26.0065 AM
[ReportManager] API Action [GetResponseJSONValueAsList] successfully performed. With the following test data [$]. @16-10-2021 01:59:26.0073 AM
[ReportManager] API Action [GetResponseJSONValue] successfully performed. With the following test data [name]. @16-10-2021 01:59:26.0086 AM
[ReportManager] API Action [GetResponseJSONValue] successfully performed. With the following test data [email]. @16-10-2021 01:59:26.0097 AM
[ReportManager] Assertion [ValidateEquals] PASSED. Expected [Sincere@april.biz] and Actual [Sincere@april.biz]. Comparison Type [EQUALS]. Validation Type [POSITIVE]. @16-10-2021 01:59:26.0097 AM
[ReportManager] API Action [GetResponseJSONValue] successfully performed. With the following test data [name]. @16-10-2021 01:59:26.0109 AM
[ReportManager] API Action [GetResponseJSONValue] successfully performed. With the following test data [name]. @16-10-2021 01:59:26.0121 AM
[ReportManager] API Action [GetResponseJSONValue] successfully performed. With the following test data [name]. @16-10-2021 01:59:26.0139 AM
[ReportManager] API Action [GetResponseJSONValue] successfully performed. With the following test data [name]. @16-10-2021 01:59:26.0153 AM
[ReportManager] API Action [GetResponseJSONValue] successfully performed. With the following test data [name]. @16-10-2021 01:59:26.0170 AM
[ReportManager] API Action [GetResponseJSONValue] successfully performed. With the following test data [name]. @16-10-2021 01:59:26.0181 AM
[ReportManager] API Action [GetResponseJSONValue] successfully performed. With the following test data [name]. @16-10-2021 01:59:26.0201 AM
[ReportManager] API Action [GetResponseJSONValue] successfully performed. With the following test data [name]. @16-10-2021 01:59:26.0213 AM
[ReportManager] API Action [GetResponseJSONValue] successfully performed. With the following test data [name]. @16-10-2021 01:59:26.0224 A
[ReportManager] File Action [GetAbsolutePath] successfully performed. With the following test data [Relative Folder Path: "target/downloadedFiles/"]. @16-10-2021 01:59:26.0229 AM
[ReportManager] Attempting to run remotely on: [Linux-64], [GoogleChrome], [http://localhost:4444/wd/hub], Headless Execution. @16-10-2021 01:59:26.0229 AM
[ReportManager] Successfully Opened [GoogleChrome]. @16-10-2021 01:59:26.0550 AM
[ReportManager] Target URL: [https://duckduckgo.com] @16-10-2021 01:59:26.0561 AM
[ReportManager] Initial URL: [data:,] @16-10-2021 01:59:26.0640 AM
[ReportManager] Browser Action [NavigateToURL] successfully performed. With the following test data [https://duckduckgo.com]. @16-10-2021 01:59:27.0344 A

################################################################################################################################################
Starting Execution:	[49 out of 143] test cases in the current suite
Test Method:		[unitTests.tests_browserActions.fullScreenWindow]
################################################################################################################################################
[ReportManager] Initial Windows Size: 800x600 @16-10-2021 01:59:27.0359 AM
[ReportManager] Initial window size: (800, 600) @16-10-2021 01:59:27.0362 AM
[ReportManager] Window size after Toolkit: (1920, 1080) @16-10-2021 01:59:27.0581 AM
[ReportManager] Browser Action [MaximizeWindow] successfully performed. With the following test data [New screen size is now: (1920, 1080)]. @16-10-2021 01:59:27.0583 AM
[ReportManager] Current Windows Size after fullScreen: 1920x1080 @16-10-2021 01:59:27.0593 AM
[ReportManager] Browser Action [FullScreenWindow] successfully performed. @16-10-2021 01:59:27.0610 AM
[ReportManager] Successfully created attachment [Browser Action Test Data - FullScreenWindow - Actual Value] @16-10-2021 01:59:27.0612 A
[ReportManager] Target URL: [https://duckduckgo.com] @16-10-2021 01:59:27.0617 AM
[ReportManager] Initial URL: [https://duckduckgo.com] @16-10-2021 01:59:27.0685 AM
[ReportManager] Browser Action [NavigateToURL] successfully performed. With the following test data [https://duckduckgo.com]. @16-10-2021 01:59:28.0069 AM
[ReportManager] Browser Action [CloseCurrentWindow] successfully performed. @16-10-2021 01:59:28.0172 AM
[ReportManager] Successfully created attachment [Browser Action Test Data - CloseCurrentWindow - Actual Value] @16-10-2021 01:59:28.0175 A
[ReportManager] File Action [GetAbsolutePath] successfully performed. With the following test data [Relative Folder Path: "target/downloadedFiles/"]. @16-10-2021 01:59:28.0179 AM
[ReportManager] Attempting to run remotely on: [Linux-64], [GoogleChrome], [http://localhost:4444/wd/hub], Headless Execution. @16-10-2021 01:59:28.0179 AM
[ReportManager] Successfully Opened [GoogleChrome]. @16-10-2021 01:59:28.0379 AM
[ReportManager] Target URL: [https://duckduckgo.com] @16-10-2021 01:59:28.0396 AM
[ReportManager] Initial URL: [data:,] @16-10-2021 01:59:28.0438 AM
[ReportManager] Browser Action [NavigateToURL] successfully performed. With the following test data [https://duckduckgo.com]. @16-10-2021 01:59:28.0955 A

################################################################################################################################################
Starting Execution:	[50 out of 143] test cases in the current suite
Test Method:		[unitTests.tests_browserActions.getCurrentURL]
################################################################################################################################################
[ReportManager] Browser Action [GetCurrentURL] successfully performed. With the following test data [https://duckduckgo.com/]. @16-10-2021 01:59:28.0991 A
[ReportManager] Target URL: [https://duckduckgo.com] @16-10-2021 01:59:28.0993 AM
[ReportManager] Initial URL: [https://duckduckgo.com] @16-10-2021 01:59:29.0052 AM
[ReportManager] Browser Action [NavigateToURL] successfully performed. With the following test data [https://duckduckgo.com]. @16-10-2021 01:59:29.0393 AM
[ReportManager] Browser Action [CloseCurrentWindow] successfully performed. @16-10-2021 01:59:29.0495 AM
[ReportManager] Successfully created attachment [Browser Action Test Data - CloseCurrentWindow - Actual Value] @16-10-2021 01:59:29.0495 A
[ReportManager] File Action [GetAbsolutePath] successfully performed. With the following test data [Relative Folder Path: "target/downloadedFiles/"]. @16-10-2021 01:59:29.0500 AM
[ReportManager] Attempting to run remotely on: [Linux-64], [GoogleChrome], [http://localhost:4444/wd/hub], Headless Execution. @16-10-2021 01:59:29.0500 AM
[ReportManager] Successfully Opened [GoogleChrome]. @16-10-2021 01:59:29.0733 AM
[ReportManager] Target URL: [https://duckduckgo.com] @16-10-2021 01:59:29.0743 AM
[ReportManager] Initial URL: [data:,] @16-10-2021 01:59:29.0784 AM
[ReportManager] Browser Action [NavigateToURL] successfully performed. With the following test data [https://duckduckgo.com]. @16-10-2021 01:59:30.0302 A

################################################################################################################################################
Starting Execution:	[51 out of 143] test cases in the current suite
Test Method:		[unitTests.tests_browserActions.getCurrentWindowTitle]
################################################################################################################################################
[ReportManager] Browser Action [GetCurrentWindowTitle] successfully performed. With the following test data [DuckDuckGo  Privacy, simplified.]. @16-10-2021 01:59:30.0343 A
[ReportManager] Target URL: [https://duckduckgo.com] @16-10-2021 01:59:30.0347 AM
[ReportManager] Initial URL: [https://duckduckgo.com] @16-10-2021 01:59:30.0430 AM
[ReportManager] Browser Action [NavigateToURL] successfully performed. With the following test data [https://duckduckgo.com]. @16-10-2021 01:59:30.0735 AM
[ReportManager] Browser Action [CloseCurrentWindow] successfully performed. @16-10-2021 01:59:30.0862 AM
[ReportManager] Successfully created attachment [Browser Action Test Data - CloseCurrentWindow - Actual Value] @16-10-2021 01:59:30.0863 A
[ReportManager] File Action [GetAbsolutePath] successfully performed. With the following test data [Relative Folder Path: "target/downloadedFiles/"]. @16-10-2021 01:59:30.0865 AM
[ReportManager] Attempting to run remotely on: [Linux-64], [GoogleChrome], [http://localhost:4444/wd/hub], Headless Execution. @16-10-2021 01:59:30.0865 AM
[ReportManager] Successfully Opened [GoogleChrome]. @16-10-2021 01:59:31.0084 AM
[ReportManager] Target URL: [https://duckduckgo.com] @16-10-2021 01:59:31.0097 AM
[ReportManager] Initial URL: [data:,] @16-10-2021 01:59:31.0139 AM
[ReportManager] Browser Action [NavigateToURL] successfully performed. With the following test data [https://duckduckgo.com]. @16-10-2021 01:59:31.0635 A

################################################################################################################################################
Starting Execution:	[52 out of 143] test cases in the current suite
Test Method:		[unitTests.tests_browserActions.getPageSource]
################################################################################################################################################
[ReportManager] Browser Action [GetPageSource] successfully performed. @16-10-2021 01:59:31.0684 AM
[ReportManager] Successfully created attachment [Browser Action Test Data - GetPageSource - Actual Value] @16-10-2021 01:59:31.0685 A
[ReportManager] Target URL: [https://duckduckgo.com] @16-10-2021 01:59:31.0688 AM
[ReportManager] Initial URL: [https://duckduckgo.com] @16-10-2021 01:59:31.0741 AM
[ReportManager] Browser Action [NavigateToURL] successfully performed. With the following test data [https://duckduckgo.com]. @16-10-2021 01:59:32.0065 AM
[ReportManager] Browser Action [CloseCurrentWindow] successfully performed. @16-10-2021 01:59:32.0174 AM
[ReportManager] Successfully created attachment [Browser Action Test Data - CloseCurrentWindow - Actual Value] @16-10-2021 01:59:32.0175 A
[ReportManager] File Action [GetAbsolutePath] successfully performed. With the following test data [Relative Folder Path: "target/downloadedFiles/"]. @16-10-2021 01:59:32.0177 AM
[ReportManager] Attempting to run remotely on: [Linux-64], [GoogleChrome], [http://localhost:4444/wd/hub], Headless Execution. @16-10-2021 01:59:32.0179 AM
[ReportManager] Successfully Opened [GoogleChrome]. @16-10-2021 01:59:32.0392 AM
[ReportManager] Target URL: [https://duckduckgo.com] @16-10-2021 01:59:32.0410 AM
[ReportManager] Initial URL: [data:,] @16-10-2021 01:59:32.0454 AM
[ReportManager] Browser Action [NavigateToURL] successfully performed. With the following test data [https://duckduckgo.com]. @16-10-2021 01:59:32.0969 A

################################################################################################################################################
Starting Execution:	[53 out of 143] test cases in the current suite
Test Method:		[unitTests.tests_browserActions.getWindowHandle]
################################################################################################################################################
[ReportManager] Browser Action [GetWindowHandle] successfully performed. With the following test data [CDwindow-F581EF4F5920FFC9D6662C7EBCDED8C3]. @16-10-2021 01:59:33.0009 A
[ReportManager] Target URL: [https://duckduckgo.com] @16-10-2021 01:59:33.0023 AM
[ReportManager] Initial URL: [https://duckduckgo.com] @16-10-2021 01:59:33.0083 AM
[ReportManager] Browser Action [NavigateToURL] successfully performed. With the following test data [https://duckduckgo.com]. @16-10-2021 01:59:33.0382 AM
[ReportManager] Browser Action [CloseCurrentWindow] successfully performed. @16-10-2021 01:59:33.0489 AM
[ReportManager] Successfully created attachment [Browser Action Test Data - CloseCurrentWindow - Actual Value] @16-10-2021 01:59:33.0489 A
[ReportManager] File Action [GetAbsolutePath] successfully performed. With the following test data [Relative Folder Path: "target/downloadedFiles/"]. @16-10-2021 01:59:33.0492 AM
[ReportManager] Attempting to run remotely on: [Linux-64], [GoogleChrome], [http://localhost:4444/wd/hub], Headless Execution. @16-10-2021 01:59:33.0492 AM
[ReportManager] Successfully Opened [GoogleChrome]. @16-10-2021 01:59:33.0695 AM
[ReportManager] Target URL: [https://duckduckgo.com] @16-10-2021 01:59:33.0705 AM
[ReportManager] Initial URL: [data:,] @16-10-2021 01:59:33.0754 AM
[ReportManager] Browser Action [NavigateToURL] successfully performed. With the following test data [https://duckduckgo.com]. @16-10-2021 01:59:34.0327 A

################################################################################################################################################
Starting Execution:	[54 out of 143] test cases in the current suite
Test Method:		[unitTests.tests_browserActions.getWindowPosition]
################################################################################################################################################
[ReportManager] Browser Action [GetWindowPosition] successfully performed. With the following test data [(0, 0)]. @16-10-2021 01:59:34.0361 A
[ReportManager] Target URL: [https://duckduckgo.com] @16-10-2021 01:59:34.0370 AM
[ReportManager] Initial URL: [https://duckduckgo.com] @16-10-2021 01:59:34.0430 AM
[ReportManager] Browser Action [NavigateToURL] successfully performed. With the following test data [https://duckduckgo.com]. @16-10-2021 01:59:34.0791 AM
[ReportManager] Browser Action [CloseCurrentWindow] successfully performed. @16-10-2021 01:59:34.0891 AM
[ReportManager] Successfully created attachment [Browser Action Test Data - CloseCurrentWindow - Actual Value] @16-10-2021 01:59:34.0891 A
[ReportManager] File Action [GetAbsolutePath] successfully performed. With the following test data [Relative Folder Path: "target/downloadedFiles/"]. @16-10-2021 01:59:34.0894 AM
[ReportManager] Attempting to run remotely on: [Linux-64], [GoogleChrome], [http://localhost:4444/wd/hub], Headless Execution. @16-10-2021 01:59:34.0895 AM
[ReportManager] Successfully Opened [GoogleChrome]. @16-10-2021 01:59:35.0332 AM
[ReportManager] Target URL: [https://duckduckgo.com] @16-10-2021 01:59:35.0350 AM
[ReportManager] Initial URL: [data:,] @16-10-2021 01:59:35.0386 AM
[ReportManager] Browser Action [NavigateToURL] successfully performed. With the following test data [https://duckduckgo.com]. @16-10-2021 01:59:35.0950 A

################################################################################################################################################
Starting Execution:	[55 out of 143] test cases in the current suite
Test Method:		[unitTests.tests_browserActions.getWindowSize]
################################################################################################################################################
[ReportManager] Browser Action [GetWindowSize] successfully performed. With the following test data [(800, 600)]. @16-10-2021 01:59:35.0999 A
[ReportManager] Target URL: [https://duckduckgo.com] @16-10-2021 01:59:36.0002 AM
[ReportManager] Initial URL: [https://duckduckgo.com] @16-10-2021 01:59:36.0062 AM
[ReportManager] Browser Action [NavigateToURL] successfully performed. With the following test data [https://duckduckgo.com]. @16-10-2021 01:59:36.0399 AM
[ReportManager] Browser Action [CloseCurrentWindow] successfully performed. @16-10-2021 01:59:36.0497 AM
[ReportManager] Successfully created attachment [Browser Action Test Data - CloseCurrentWindow - Actual Value] @16-10-2021 01:59:36.0504 A
[ReportManager] File Action [GetAbsolutePath] successfully performed. With the following test data [Relative Folder Path: "target/downloadedFiles/"]. @16-10-2021 01:59:36.0506 AM
[ReportManager] Attempting to run remotely on: [Linux-64], [GoogleChrome], [http://localhost:4444/wd/hub], Headless Execution. @16-10-2021 01:59:36.0506 AM
[ReportManager] Successfully Opened [GoogleChrome]. @16-10-2021 01:59:36.0722 AM
[ReportManager] Target URL: [https://duckduckgo.com] @16-10-2021 01:59:36.0732 AM
[ReportManager] Initial URL: [data:,] @16-10-2021 01:59:36.0772 AM
[ReportManager] Browser Action [NavigateToURL] successfully performed. With the following test data [https://duckduckgo.com]. @16-10-2021 01:59:37.0266 A

################################################################################################################################################
Starting Execution:	[56 out of 143] test cases in the current suite
Test Method:		[unitTests.tests_browserActions.maximizeWindow]
################################################################################################################################################
[ReportManager] Initial window size: (800, 600) @16-10-2021 01:59:37.0275 AM
[ReportManager] Window size after Toolkit: (1920, 1080) @16-10-2021 01:59:37.0499 AM
[ReportManager] Browser Action [MaximizeWindow] successfully performed. With the following test data [New screen size is now: (1920, 1080)]. @16-10-2021 01:59:37.0502 A
[ReportManager] Target URL: [https://duckduckgo.com] @16-10-2021 01:59:37.0505 AM
[ReportManager] Initial URL: [https://duckduckgo.com] @16-10-2021 01:59:37.0595 AM
[ReportManager] Browser Action [NavigateToURL] successfully performed. With the following test data [https://duckduckgo.com]. @16-10-2021 01:59:37.0924 AM
[ReportManager] Browser Action [CloseCurrentWindow] successfully performed. @16-10-2021 01:59:38.0017 AM
[ReportManager] Successfully created attachment [Browser Action Test Data - CloseCurrentWindow - Actual Value] @16-10-2021 01:59:38.0017 A
[ReportManager] File Action [GetAbsolutePath] successfully performed. With the following test data [Relative Folder Path: "target/downloadedFiles/"]. @16-10-2021 01:59:38.0022 AM
[ReportManager] Attempting to run remotely on: [Linux-64], [GoogleChrome], [http://localhost:4444/wd/hub], Headless Execution. @16-10-2021 01:59:38.0023 AM
[ReportManager] Successfully Opened [GoogleChrome]. @16-10-2021 01:59:38.0215 AM
[ReportManager] Target URL: [https://duckduckgo.com] @16-10-2021 01:59:38.0225 AM
[ReportManager] Initial URL: [data:,] @16-10-2021 01:59:38.0268 AM
[ReportManager] Browser Action [NavigateToURL] successfully performed. With the following test data [https://duckduckgo.com]. @16-10-2021 01:59:38.0758 A

################################################################################################################################################
Starting Execution:	[57 out of 143] test cases in the current suite
Test Method:		[unitTests.tests_browserActions.navigateBack]
################################################################################################################################################
[ReportManager] Target URL: [https://www.google.com/ncr], and after redirection: [https://www.google.com] @16-10-2021 01:59:38.0761 AM
[ReportManager] Initial URL: [https://duckduckgo.com] @16-10-2021 01:59:38.0822 AM
[ReportManager] Browser Action [NavigateToURL] successfully performed. With the following test data [https://www.google.com/ncr]. @16-10-2021 01:59:39.0600 AM
[ReportManager] Browser Action [NavigateBack] successfully performed. With the following test data [https://duckduckgo.com/]. @16-10-2021 01:59:39.0980 AM
[ReportManager] Browser Action [GetCurrentURL] successfully performed. With the following test data [https://duckduckgo.com/]. @16-10-2021 01:59:40.0020 AM
[ReportManager] Assertion Passed: Confirming that navigating back was successful @16-10-2021 01:59:40.0151 AM
[ReportManager] Successfully created attachment [Screenshot - 1634349580088_navigateBack_ValidateBrowserAttribute_passed] @16-10-2021 01:59:40.0152 AM
[ReportManager] Assertion [ValidateBrowserAttribute] PASSED. Expected [Value Should be 'https://duckduckgo.com' for the 'CurrentUrl' attribute] and Actual [https://duckduckgo.com/]. Comparison Type [CONTAINS]. Validation Type [POSITIVE]. @16-10-2021 01:59:40.0152 A
[ReportManager] Target URL: [https://duckduckgo.com] @16-10-2021 01:59:40.0154 AM
[ReportManager] Initial URL: [https://duckduckgo.com] @16-10-2021 01:59:40.0207 AM
[ReportManager] Browser Action [NavigateToURL] successfully performed. With the following test data [https://duckduckgo.com]. @16-10-2021 01:59:40.0524 AM
[ReportManager] Browser Action [CloseCurrentWindow] successfully performed. @16-10-2021 01:59:40.0625 AM
[ReportManager] Successfully created attachment [Browser Action Test Data - CloseCurrentWindow - Actual Value] @16-10-2021 01:59:40.0630 A
[ReportManager] File Action [GetAbsolutePath] successfully performed. With the following test data [Relative Folder Path: "target/downloadedFiles/"]. @16-10-2021 01:59:40.0633 AM
[ReportManager] Attempting to run remotely on: [Linux-64], [GoogleChrome], [http://localhost:4444/wd/hub], Headless Execution. @16-10-2021 01:59:40.0633 AM
[ReportManager] Successfully Opened [GoogleChrome]. @16-10-2021 01:59:40.0817 AM
[ReportManager] Target URL: [https://duckduckgo.com] @16-10-2021 01:59:40.0826 AM
[ReportManager] Initial URL: [data:,] @16-10-2021 01:59:40.0869 AM
[ReportManager] Browser Action [NavigateToURL] successfully performed. With the following test data [https://duckduckgo.com]. @16-10-2021 01:59:41.0361 A

################################################################################################################################################
Starting Execution:	[58 out of 143] test cases in the current suite
Test Method:		[unitTests.tests_browserActions.navigateForward]
################################################################################################################################################
[ReportManager] Target URL: [https://www.google.com/ncr], and after redirection: [https://www.google.com] @16-10-2021 01:59:41.0367 AM
[ReportManager] Initial URL: [https://duckduckgo.com] @16-10-2021 01:59:41.0428 AM
[ReportManager] Browser Action [NavigateToURL] successfully performed. With the following test data [https://www.google.com/ncr]. @16-10-2021 01:59:42.0193 AM
[ReportManager] Browser Action [NavigateBack] successfully performed. With the following test data [https://duckduckgo.com/]. @16-10-2021 01:59:42.0556 AM
[ReportManager] Browser Action [NavigateForward] successfully performed. With the following test data [https://www.google.com/]. @16-10-2021 01:59:42.0971 A
[ReportManager] Target URL: [https://duckduckgo.com] @16-10-2021 01:59:42.0974 AM
[ReportManager] Initial URL: [https://www.google.com] @16-10-2021 01:59:43.0050 AM
[ReportManager] Browser Action [NavigateToURL] successfully performed. With the following test data [https://duckduckgo.com]. @16-10-2021 01:59:43.0472 AM
[ReportManager] Browser Action [CloseCurrentWindow] successfully performed. @16-10-2021 01:59:43.0564 AM
[ReportManager] Successfully created attachment [Browser Action Test Data - CloseCurrentWindow - Actual Value] @16-10-2021 01:59:43.0564 A
[ReportManager] File Action [GetAbsolutePath] successfully performed. With the following test data [Relative Folder Path: "target/downloadedFiles/"]. @16-10-2021 01:59:43.0571 AM
[ReportManager] Attempting to run remotely on: [Linux-64], [GoogleChrome], [http://localhost:4444/wd/hub], Headless Execution. @16-10-2021 01:59:43.0571 AM
[ReportManager] Successfully Opened [GoogleChrome]. @16-10-2021 01:59:43.0780 AM
[ReportManager] Target URL: [https://duckduckgo.com] @16-10-2021 01:59:43.0803 AM
[ReportManager] Initial URL: [data:,] @16-10-2021 01:59:43.0845 AM
[ReportManager] Browser Action [NavigateToURL] successfully performed. With the following test data [https://duckduckgo.com]. @16-10-2021 01:59:44.0368 A

################################################################################################################################################
Starting Execution:	[59 out of 143] test cases in the current suite
Test Method:		[unitTests.tests_browserActions.navigateToURL]
################################################################################################################################################
[ReportManager] Target URL: [https://duckduckgo.com] @16-10-2021 01:59:44.0371 AM
[ReportManager] Initial URL: [https://duckduckgo.com] @16-10-2021 01:59:44.0422 AM
[ReportManager] Browser Action [NavigateToURL] successfully performed. With the following test data [https://duckduckgo.com]. @16-10-2021 01:59:44.0753 A
[ReportManager] Target URL: [https://duckduckgo.com] @16-10-2021 01:59:44.0756 AM
[ReportManager] Initial URL: [https://duckduckgo.com] @16-10-2021 01:59:44.0818 AM
[ReportManager] Browser Action [NavigateToURL] successfully performed. With the following test data [https://duckduckgo.com]. @16-10-2021 01:59:45.0182 AM
[ReportManager] Browser Action [CloseCurrentWindow] successfully performed. @16-10-2021 01:59:45.0275 AM
[ReportManager] Successfully created attachment [Browser Action Test Data - CloseCurrentWindow - Actual Value] @16-10-2021 01:59:45.0276 A
[ReportManager] File Action [GetAbsolutePath] successfully performed. With the following test data [Relative Folder Path: "target/downloadedFiles/"]. @16-10-2021 01:59:45.0282 AM
[ReportManager] Attempting to run remotely on: [Linux-64], [GoogleChrome], [http://localhost:4444/wd/hub], Headless Execution. @16-10-2021 01:59:45.0282 AM
[ReportManager] Successfully Opened [GoogleChrome]. @16-10-2021 01:59:45.0490 AM
[ReportManager] Target URL: [https://duckduckgo.com] @16-10-2021 01:59:45.0502 AM
[ReportManager] Initial URL: [data:,] @16-10-2021 01:59:45.0541 AM
[ReportManager] Browser Action [NavigateToURL] successfully performed. With the following test data [https://duckduckgo.com]. @16-10-2021 01:59:46.0036 A

################################################################################################################################################
Starting Execution:	[60 out of 143] test cases in the current suite
Test Method:		[unitTests.tests_browserActions.navigateToURLWithRedirection]
################################################################################################################################################
[ReportManager] Target URL: [https://www.google.com/ncr], and after redirection: [https://www.google.com] @16-10-2021 01:59:46.0042 AM
[ReportManager] Initial URL: [https://duckduckgo.com] @16-10-2021 01:59:46.0097 AM
[ReportManager] Browser Action [NavigateToURL] successfully performed. With the following test data [https://www.google.com/ncr]. @16-10-2021 01:59:46.0852 A
[ReportManager] Target URL: [https://duckduckgo.com] @16-10-2021 01:59:46.0854 AM
[ReportManager] Initial URL: [https://www.google.com] @16-10-2021 01:59:46.0925 AM
[ReportManager] Browser Action [NavigateToURL] successfully performed. With the following test data [https://duckduckgo.com]. @16-10-2021 01:59:47.0373 AM
[ReportManager] Browser Action [CloseCurrentWindow] successfully performed. @16-10-2021 01:59:47.0469 AM
[ReportManager] Successfully created attachment [Browser Action Test Data - CloseCurrentWindow - Actual Value] @16-10-2021 01:59:47.0469 A
[ReportManager] File Action [GetAbsolutePath] successfully performed. With the following test data [Relative Folder Path: "target/downloadedFiles/"]. @16-10-2021 01:59:47.0472 AM
[ReportManager] Attempting to run remotely on: [Linux-64], [GoogleChrome], [http://localhost:4444/wd/hub], Headless Execution. @16-10-2021 01:59:47.0472 AM
[ReportManager] Successfully Opened [GoogleChrome]. @16-10-2021 01:59:47.0680 AM
[ReportManager] Target URL: [https://duckduckgo.com] @16-10-2021 01:59:47.0690 AM
[ReportManager] Initial URL: [data:,] @16-10-2021 01:59:47.0731 AM
[ReportManager] Browser Action [NavigateToURL] successfully performed. With the following test data [https://duckduckgo.com]. @16-10-2021 01:59:48.0206 A

################################################################################################################################################
Starting Execution:	[61 out of 143] test cases in the current suite
Test Method:		[unitTests.tests_browserActions.refreshCurrentPage]
################################################################################################################################################
[ReportManager] Browser Action [RefreshCurrentPage] successfully performed. @16-10-2021 01:59:48.0384 AM
[ReportManager] Successfully created attachment [Browser Action Test Data - RefreshCurrentPage - Actual Value] @16-10-2021 01:59:48.0384 A
[ReportManager] Target URL: [https://duckduckgo.com] @16-10-2021 01:59:48.0386 AM
[ReportManager] Initial URL: [https://duckduckgo.com] @16-10-2021 01:59:48.0442 AM
[ReportManager] Browser Action [NavigateToURL] successfully performed. With the following test data [https://duckduckgo.com]. @16-10-2021 01:59:48.0737 AM
[ReportManager] Browser Action [CloseCurrentWindow] successfully performed. @16-10-2021 01:59:48.0836 AM
[ReportManager] Successfully created attachment [Browser Action Test Data - CloseCurrentWindow - Actual Value] @16-10-2021 01:59:48.0838 A
[ReportManager] File Action [GetAbsolutePath] successfully performed. With the following test data [Relative Folder Path: "target/downloadedFiles/"]. @16-10-2021 01:59:48.0839 AM
[ReportManager] Attempting to run remotely on: [Linux-64], [GoogleChrome], [http://localhost:4444/wd/hub], Headless Execution. @16-10-2021 01:59:48.0840 AM
[ReportManager] Successfully Opened [GoogleChrome]. @16-10-2021 01:59:49.0030 AM
[ReportManager] Target URL: [https://duckduckgo.com] @16-10-2021 01:59:49.0041 AM
[ReportManager] Initial URL: [data:,] @16-10-2021 01:59:49.0079 AM
[ReportManager] Browser Action [NavigateToURL] successfully performed. With the following test data [https://duckduckgo.com]. @16-10-2021 01:59:49.0575 A

################################################################################################################################################
Starting Execution:	[62 out of 143] test cases in the current suite
Test Method:		[unitTests.tests_browserActions.setWindowSize]
################################################################################################################################################
[ReportManager] Initial window size: (800, 600) @16-10-2021 01:59:49.0591 AM
[ReportManager] Window size after SWD: (1280, 720) @16-10-2021 01:59:49.0809 AM
[ReportManager] Browser Action [SetWindowSize] successfully performed. With the following test data [New screen size is now: (1280, 720)]. @16-10-2021 01:59:49.0809 A
[ReportManager] Target URL: [https://duckduckgo.com] @16-10-2021 01:59:49.0812 AM
[ReportManager] Initial URL: [https://duckduckgo.com] @16-10-2021 01:59:49.0885 AM
[ReportManager] Browser Action [NavigateToURL] successfully performed. With the following test data [https://duckduckgo.com]. @16-10-2021 01:59:50.0193 AM
[ReportManager] Browser Action [CloseCurrentWindow] successfully performed. @16-10-2021 01:59:50.0287 AM
[ReportManager] Successfully created attachment [Browser Action Test Data - CloseCurrentWindow - Actual Value] @16-10-2021 01:59:50.0288 A
[ReportManager] File Action [GetAbsolutePath] successfully performed. With the following test data [Relative Folder Path: "target/downloadedFiles/"]. @16-10-2021 01:59:50.0290 AM
[ReportManager] Attempting to run remotely on: [Linux-64], [GoogleChrome], [http://localhost:4444/wd/hub], Headless Execution. @16-10-2021 01:59:50.0292 AM
[ReportManager] Successfully Opened [GoogleChrome]. @16-10-2021 01:59:50.0480 A

################################################################################################################################################
Starting Execution:	[63 out of 143] test cases in the current suite
Test Method:		[unitTests.tests_element_elementActions.waitForElementToBePresent_false_expectedToFail]
################################################################################################################################################
[ReportManager] Target URL: [https://www.google.com/ncr], and after redirection: [www.google.com] @16-10-2021 01:59:50.0492 AM
[ReportManager] Initial URL: [data:,] @16-10-2021 01:59:50.0530 AM
[ReportManager] Browser Action [NavigateToURL] successfully performed. With the following test data [https://www.google.com/ncr]. @16-10-2021 01:59:51.0329 AM
[ReportManager] Waiting for element to be present; elementLocator [By.xpath: //*[@id='hplogo' or @alt='Google']], numberOfTries[1], stateOfPresence[false]... @16-10-2021 01:59:51.0337 AM
[ReportManager] Element Action [WaitForElementToBePresent] failed. With the following test data [waited for the element's state of presence to be (false). Element locator (By.xpath: //*[@id='hplogo' or @alt='Google'])]. @16-10-2021 01:59:51.0526 AM
[ReportManager] Successfully created attachment [Screenshot - 1634349591463_waitForElementToBePresent_false_expectedToFail_WaitForElementToBePresent_failed] @16-10-2021 01:59:51.0526 A
[ReportManager] Browser Action [CloseCurrentWindow] successfully performed. @16-10-2021 01:59:51.0658 AM
[ReportManager] Successfully created attachment [Browser Action Test Data - CloseCurrentWindow - Actual Value] @16-10-2021 01:59:51.0659 A
[ReportManager] File Action [GetAbsolutePath] successfully performed. With the following test data [Relative Folder Path: "target/downloadedFiles/"]. @16-10-2021 01:59:51.0661 AM
[ReportManager] Attempting to run remotely on: [Linux-64], [GoogleChrome], [http://localhost:4444/wd/hub], Headless Execution. @16-10-2021 01:59:51.0662 AM
[ReportManager] Successfully Opened [GoogleChrome]. @16-10-2021 01:59:51.0879 A

################################################################################################################################################
Starting Execution:	[64 out of 143] test cases in the current suite
Test Method:		[unitTests.tests_element_elementActions.waitForElementToBePresent_false_expectedToPass]
################################################################################################################################################
[ReportManager] Target URL: [https://www.google.com/ncr], and after redirection: [www.google.com] @16-10-2021 01:59:51.0897 AM
[ReportManager] Initial URL: [data:,] @16-10-2021 01:59:51.0938 AM
[ReportManager] Browser Action [NavigateToURL] successfully performed. With the following test data [https://www.google.com/ncr]. @16-10-2021 01:59:52.0737 AM
[ReportManager] Waiting for element to be present; elementLocator [By.id: bla], numberOfTries[1], stateOfPresence[false]... @16-10-2021 01:59:52.0737 AM
[ReportManager] Element Action [WaitForElementToBePresent] successfully performed. With the following test data [waited for the element's state of presence to be (false). Element locator (By.id: bla)]. @16-10-2021 01:59:57.0861 A
[ReportManager] Browser Action [CloseCurrentWindow] successfully performed. @16-10-2021 01:59:57.0984 AM
[ReportManager] Successfully created attachment [Browser Action Test Data - CloseCurrentWindow - Actual Value] @16-10-2021 01:59:57.0991 A
[ReportManager] File Action [GetAbsolutePath] successfully performed. With the following test data [Relative Folder Path: "target/downloadedFiles/"]. @16-10-2021 01:59:57.0994 AM
[ReportManager] Attempting to run remotely on: [Linux-64], [GoogleChrome], [http://localhost:4444/wd/hub], Headless Execution. @16-10-2021 01:59:57.0994 AM
[ReportManager] Successfully Opened [GoogleChrome]. @16-10-2021 01:59:58.0202 A

################################################################################################################################################
Starting Execution:	[65 out of 143] test cases in the current suite
Test Method:		[unitTests.tests_element_elementActions.waitForElementToBePresent_moreThanOneElement_expectedToFail]
################################################################################################################################################
[ReportManager] Target URL: [https://www.google.com/ncr], and after redirection: [www.google.com] @16-10-2021 01:59:58.0214 AM
[ReportManager] Initial URL: [data:,] @16-10-2021 01:59:58.0258 AM
[ReportManager] Browser Action [NavigateToURL] successfully performed. With the following test data [https://www.google.com/ncr]. @16-10-2021 01:59:59.0034 AM
[ReportManager] Waiting for element to be present; elementLocator [By.xpath: //*], numberOfTries[1], stateOfPresence[false]... @16-10-2021 01:59:59.0034 AM
[ReportManager] Element Action [WaitForElementToBePresent] failed. With the following test data [waited for the element's state of presence to be (false). Element locator (By.xpath: //*)]. @16-10-2021 01:59:59.0236 AM
[ReportManager] Successfully created attachment [Screenshot - 1634349599174_waitForElementToBePresent_moreThanOneElement_expectedToFail_WaitForElementToBePresent_failed] @16-10-2021 01:59:59.0237 A
[ReportManager] Browser Action [CloseCurrentWindow] successfully performed. @16-10-2021 01:59:59.0351 AM
[ReportManager] Successfully created attachment [Browser Action Test Data - CloseCurrentWindow - Actual Value] @16-10-2021 01:59:59.0351 A
[ReportManager] File Action [GetAbsolutePath] successfully performed. With the following test data [Relative Folder Path: "target/downloadedFiles/"]. @16-10-2021 01:59:59.0354 AM
[ReportManager] Attempting to run remotely on: [Linux-64], [GoogleChrome], [http://localhost:4444/wd/hub], Headless Execution. @16-10-2021 01:59:59.0358 AM
[ReportManager] Successfully Opened [GoogleChrome]. @16-10-2021 01:59:59.0574 A

################################################################################################################################################
Starting Execution:	[66 out of 143] test cases in the current suite
Test Method:		[unitTests.tests_element_elementActions.waitForElementToBePresent_true_expectedToFail]
################################################################################################################################################
[ReportManager] Target URL: [https://www.google.com/ncr], and after redirection: [www.google.com] @16-10-2021 01:59:59.0589 AM
[ReportManager] Initial URL: [data:,] @16-10-2021 01:59:59.0632 AM
[ReportManager] Browser Action [NavigateToURL] successfully performed. With the following test data [https://www.google.com/ncr]. @16-10-2021 02:00:00.0411 AM
[ReportManager] Waiting for element to be present; elementLocator [By.id: bla], numberOfTries[1], stateOfPresence[true]... @16-10-2021 02:00:00.0412 AM
[ReportManager] Element Action [WaitForElementToBePresent] failed. With the following test data [waited for the element's state of presence to be (true). Element locator (By.id: bla)]. @16-10-2021 02:00:05.0659 AM
[ReportManager] Successfully created attachment [Screenshot - 1634349605595_waitForElementToBePresent_true_expectedToFail_WaitForElementToBePresent_failed] @16-10-2021 02:00:05.0659 A
[ReportManager] Browser Action [CloseCurrentWindow] successfully performed. @16-10-2021 02:00:05.0791 AM
[ReportManager] Successfully created attachment [Browser Action Test Data - CloseCurrentWindow - Actual Value] @16-10-2021 02:00:05.0792 A
[ReportManager] File Action [GetAbsolutePath] successfully performed. With the following test data [Relative Folder Path: "target/downloadedFiles/"]. @16-10-2021 02:00:05.0794 AM
[ReportManager] Attempting to run remotely on: [Linux-64], [GoogleChrome], [http://localhost:4444/wd/hub], Headless Execution. @16-10-2021 02:00:05.0794 AM
[ReportManager] Successfully Opened [GoogleChrome]. @16-10-2021 02:00:06.0006 A

################################################################################################################################################
Starting Execution:	[67 out of 143] test cases in the current suite
Test Method:		[unitTests.tests_element_elementActions.waitForElementToBePresent_true_expectedToPass]
################################################################################################################################################
[ReportManager] Target URL: [https://www.google.com/ncr], and after redirection: [www.google.com] @16-10-2021 02:00:06.0022 AM
[ReportManager] Initial URL: [data:,] @16-10-2021 02:00:06.0066 AM
[ReportManager] Browser Action [NavigateToURL] successfully performed. With the following test data [https://www.google.com/ncr]. @16-10-2021 02:00:06.0890 AM
[ReportManager] Waiting for element to be present; elementLocator [By.xpath: //*[@id='hplogo' or @alt='Google']], numberOfTries[1], stateOfPresence[true]... @16-10-2021 02:00:06.0890 AM
[ReportManager] Element Action [WaitForElementToBePresent] successfully performed. With the following test data [waited for the element's state of presence to be (true). Element locator (By.xpath: //*[@id='hplogo' or @alt='Google'])]. @16-10-2021 02:00:06.0952 AM
[ReportManager] File Action [DoesFileExist] successfully performed. With the following test data [File Path: "src/test/resources/DynamicObjectRepository/unitTests_tests_element_elementActions_waitForElementToBePresent_true_expectedToPass_By_xpath_id_hplogo_or_alt_Google.png"]. @16-10-2021 02:00:06.0959 AM
[ReportManager] File Action [DoesFileExist] successfully performed. With the following test data [File Path: "src/test/resources/DynamicObjectRepository/unitTests_tests_element_elementActions_waitForElementToBePresent_true_expectedToPass_By_xpath_id_hplogo_or_alt_Google.png"]. @16-10-2021 02:00:07.0121 AM
[ReportManager] Passing the test and saving a reference image @16-10-2021 02:00:07.0121 AM
[ReportManager] File Action [GetAbsolutePath] successfully performed. With the following test data [Relative File Path: "src/test/resources/DynamicObjectRepository/unitTests_tests_element_elementActions_waitForElementToBePresent_true_expectedToPass_By_xpath_id_hplogo_or_alt_Google.png"]. @16-10-2021 02:00:07.0121 AM
[ReportManager] File Action [WriteToFile] successfully performed. With the following test data [Target File Path: "/home/runner/work/SHAFT_ENGINE/SHAFT_ENGINE/src/test/resources/DynamicObjectRepository/unitTests_tests_element_elementActions_waitForElementToBePresent_true_expectedToPass_By_xpath_id_hplogo_or_alt_Google.png"]. @16-10-2021 02:00:07.0122 AM
[ReportManager] Assertion Passed: Using Visual AI; OpenCV @16-10-2021 02:00:07.0123 AM
[ReportManager] Successfully created attachment [Validation Test Data - Actual Screenshot] @16-10-2021 02:00:07.0123 AM
[ReportManager] Assertion [ValidateElementMatches] PASSED. Expected [Element should match the reference screenshot] and Actual [TRUE]. Comparison Type [EXACT_OPENCV]. Validation Type [POSITIVE]. @16-10-2021 02:00:07.0123 A
[ReportManager] Browser Action [CloseCurrentWindow] successfully performed. @16-10-2021 02:00:07.0244 AM
[ReportManager] Successfully created attachment [Browser Action Test Data - CloseCurrentWindow - Actual Value] @16-10-2021 02:00:07.0245 A
[ReportManager] Successfully loaded the following test data file [src/test/resources/TestDataFiles/testSuite01/TestData.xlsx]. @16-10-2021 02:00:07.0962 AM
[ReportManager] Successfully created attachment [Test Data - Excel] @16-10-2021 02:00:07.0963 A

################################################################################################################################################
Starting Execution:	[68 out of 143] test cases in the current suite
Test Method:		[unitTests.tests_io_excelFileManager.getCellData_rowName_expectedToPass]
################################################################################################################################################
[ReportManager] testRowData. @16-10-2021 02:00:07.0982 A

################################################################################################################################################
Starting Execution:	[69 out of 143] test cases in the current suite
Test Method:		[testPackage01.Test_testData.f]
################################################################################################################################################
[ReportManager] Successfully loaded the following test data file [src/test/resources/TestDataFiles/testSuite01/TestData.xlsx]. @16-10-2021 02:00:08.0043 AM
[ReportManager] Successfully created attachment [Test Data - Excel] @16-10-2021 02:00:08.0043 AM
[ReportManager] Last Column Number is: [3]. Zero-based. @16-10-2021 02:00:08.0044 A

################################################################################################################################################
Starting Execution:	[70 out of 143] test cases in the current suite
Test Method:		[testPackage01.Test_SkipDueToIssue.doNotSkip]
################################################################################################################################################
[ReportManager] This should not be skipped. @16-10-2021 02:00:08.0047 A

################################################################################################################################################
Starting Execution:	[71 out of 143] test cases in the current suite
Test Method:		[testPackage01.Test_SkipDueToIssue.skip]
################################################################################################################################################
[ReportManager] This should be skipped. @16-10-2021 02:00:08.0052 A

################################################################################################################################################
Starting Execution:	[72 out of 143] test cases in the current suite
Test Method:		[testPackage01.Test_SkipDueToIssue.skip2]
################################################################################################################################################
[ReportManager] This should be skipped. @16-10-2021 02:00:08.0058 A

################################################################################################################################################
Starting Execution:	[73 out of 143] test cases in the current suite
Test Method:		[testPackage01.Test_chainableElementActions.chainElementActions]
################################################################################################################################################
[ReportManager] File Action [GetAbsolutePath] successfully performed. With the following test data [Relative Folder Path: "target/downloadedFiles/"]. @16-10-2021 02:00:08.0063 AM
[ReportManager] Attempting to run remotely on: [Linux-64], [GoogleChrome], [http://localhost:4444/wd/hub], Headless Execution. @16-10-2021 02:00:08.0063 AM
[ReportManager] Successfully Opened [GoogleChrome]. @16-10-2021 02:00:08.0349 AM
[ReportManager] Target URL: [https://www.google.com/ncr], and after redirection: [https://www.google.com] @16-10-2021 02:00:08.0363 AM
[ReportManager] Initial URL: [data:,] @16-10-2021 02:00:08.0411 AM
[ReportManager] Browser Action [NavigateToURL] successfully performed. With the following test data [https://www.google.com/ncr]. @16-10-2021 02:00:09.0227 AM
[ReportManager] Element Action [Type] successfully performed. With the following test data [chained type 1]. @16-10-2021 02:00:09.0571 AM
[ReportManager] Element Action [Type] successfully performed. With the following test data [chained type 2]. @16-10-2021 02:00:09.0930 AM
[ReportManager] Element Action [TypeAppend] successfully performed. With the following test data [345]. @16-10-2021 02:00:10.0030 AM
[ReportManager] Element Action [GetText] successfully performed. With the following test data [chained type 2345]. @16-10-2021 02:00:10.0160 AM
[ReportManager] Loaded Shared OpenCV @16-10-2021 02:00:10.0295 AM
[ReportManager] Assertion [ValidateElementAttribute] PASSED. Expected [Value Should be 'chained type 2345' for the 'text' attribute, element locator 'By.name: q'] and Actual [chained type 2345]. Comparison Type [EQUALS]. Validation Type [POSITIVE]. @16-10-2021 02:00:10.0377 AM
[ReportManager] Successfully created attachment [Screenshot - 1634349610295_chainElementActions_ValidateElementAttribute_passed] @16-10-2021 02:00:10.0378 AM
[ReportManager] Browser Action [CloseCurrentWindow] successfully performed. @16-10-2021 02:00:10.0497 AM
[ReportManager] Successfully created attachment [Browser Action Test Data - CloseCurrentWindow - Actual Value] @16-10-2021 02:00:10.0498 A

################################################################################################################################################
Starting Execution:	[74 out of 143] test cases in the current suite
Test Method:		[testPackage01.Test_NewValidationHelper.f1]
################################################################################################################################################
[ReportManager] Assertion Passed: Checking valid user data @16-10-2021 02:00:10.0508 AM
[ReportManager] Successfully created attachment [Validation Test Data - Expected Value] @16-10-2021 02:00:10.0508 AM
[ReportManager] Successfully created attachment [Validation Test Data - Actual Value] @16-10-2021 02:00:10.0508 AM
[ReportManager] Assertion [ValidateEquals] PASSED. Expected and Actual values are attached. Comparison Type [EQUALS]. Validation Type [POSITIVE]. @16-10-2021 02:00:10.0508 A
[ReportManager] File Action [GetAbsolutePath] successfully performed. With the following test data [Relative Folder Path: "target/downloadedFiles/"]. @16-10-2021 02:00:10.0512 AM
[ReportManager] Attempting to run remotely on: [Linux-64], [GoogleChrome], [http://localhost:4444/wd/hub], Headless Execution. @16-10-2021 02:00:10.0512 AM
[ReportManager] Successfully Opened [GoogleChrome]. @16-10-2021 02:00:10.0792 AM
[ReportManager] Target URL: [https://the-internet.herokuapp.com/] @16-10-2021 02:00:10.0807 AM
[ReportManager] Initial URL: [data:,] @16-10-2021 02:00:10.0861 AM
[ReportManager] Browser Action [NavigateToURL] successfully performed. With the following test data [https://the-internet.herokuapp.com/]. @16-10-2021 02:00:11.0262 A

################################################################################################################################################
Starting Execution:	[75 out of 143] test cases in the current suite
Test Method:		[testPackage01.Test_NewValidationHelper.f10]
################################################################################################################################################
[ReportManager] Assertion [ValidateElementExists] FAILED. Expected [Element Should Exist, locator 'By.tagName: div'] and Actual [Element Exists but is not unique]. Comparison Type [EQUALS]. Validation Type [POSITIVE]. @16-10-2021 02:00:11.0522 AM
[ReportManager] Successfully created attachment [Screenshot - 1634349611454_f10_ValidateElementExists_failed] @16-10-2021 02:00:11.0523 A
[ReportManager] Successfully Closed All Drivers. @16-10-2021 02:00:11.0615 A
[ReportManager] File Action [GetAbsolutePath] successfully performed. With the following test data [Relative Folder Path: "target/downloadedFiles/"]. @16-10-2021 02:00:11.0617 AM
[ReportManager] Attempting to run remotely on: [Linux-64], [GoogleChrome], [http://localhost:4444/wd/hub], Headless Execution. @16-10-2021 02:00:11.0617 AM
[ReportManager] Successfully Opened [GoogleChrome]. @16-10-2021 02:00:11.0831 AM
[ReportManager] Target URL: [https://the-internet.herokuapp.com/] @16-10-2021 02:00:11.0841 AM
[ReportManager] Initial URL: [data:,] @16-10-2021 02:00:11.0900 AM
[ReportManager] Browser Action [NavigateToURL] successfully performed. With the following test data [https://the-internet.herokuapp.com/]. @16-10-2021 02:00:12.0266 A

################################################################################################################################################
Starting Execution:	[76 out of 143] test cases in the current suite
Test Method:		[testPackage01.Test_NewValidationHelper.f11]
################################################################################################################################################
[ReportManager] Assertion Passed: Checking that false tag doesn't exist @16-10-2021 02:00:22.0680 AM
[ReportManager] Successfully created attachment [Screenshot - 1634349622611_f11_ValidateElementExists_passed] @16-10-2021 02:00:22.0681 AM
[ReportManager] Assertion [ValidateElementExists] PASSED. Expected [Element Should not Exist, locator 'By.tagName: h3'] and Actual [Element Doesn't Exists]. Comparison Type [EQUALS]. Validation Type [NEGATIVE]. @16-10-2021 02:00:22.0681 A
[ReportManager] Successfully Closed All Drivers. @16-10-2021 02:00:22.0756 A
[ReportManager] File Action [GetAbsolutePath] successfully performed. With the following test data [Relative Folder Path: "target/downloadedFiles/"]. @16-10-2021 02:00:22.0758 AM
[ReportManager] Attempting to run remotely on: [Linux-64], [GoogleChrome], [http://localhost:4444/wd/hub], Headless Execution. @16-10-2021 02:00:22.0758 AM
[ReportManager] Successfully Opened [GoogleChrome]. @16-10-2021 02:00:22.0970 AM
[ReportManager] Target URL: [https://the-internet.herokuapp.com/] @16-10-2021 02:00:22.0979 AM
[ReportManager] Initial URL: [data:,] @16-10-2021 02:00:23.0030 AM
[ReportManager] Browser Action [NavigateToURL] successfully performed. With the following test data [https://the-internet.herokuapp.com/]. @16-10-2021 02:00:23.0441 A

################################################################################################################################################
Starting Execution:	[77 out of 143] test cases in the current suite
Test Method:		[testPackage01.Test_NewValidationHelper.f12]
################################################################################################################################################
[ReportManager] Loaded Shared OpenCV @16-10-2021 02:00:23.0675 AM
[ReportManager] Assertion [ValidateElementExists] FAILED. Expected [Element Should not Exist, locator 'By.tagName: h1'] and Actual [Element Exists]. Comparison Type [EQUALS]. Validation Type [NEGATIVE]. @16-10-2021 02:00:23.0753 AM
[ReportManager] Successfully created attachment [Screenshot - 1634349623674_f12_ValidateElementExists_failed] @16-10-2021 02:00:23.0754 A
[ReportManager] Successfully Closed All Drivers. @16-10-2021 02:00:23.0823 A
[ReportManager] File Action [GetAbsolutePath] successfully performed. With the following test data [Relative Folder Path: "target/downloadedFiles/"]. @16-10-2021 02:00:23.0825 AM
[ReportManager] Attempting to run remotely on: [Linux-64], [GoogleChrome], [http://localhost:4444/wd/hub], Headless Execution. @16-10-2021 02:00:23.0825 AM
[ReportManager] Successfully Opened [GoogleChrome]. @16-10-2021 02:00:24.0072 AM
[ReportManager] Target URL: [https://the-internet.herokuapp.com/] @16-10-2021 02:00:24.0082 AM
[ReportManager] Initial URL: [data:,] @16-10-2021 02:00:24.0125 AM
[ReportManager] Browser Action [NavigateToURL] successfully performed. With the following test data [https://the-internet.herokuapp.com/]. @16-10-2021 02:00:24.0470 A

################################################################################################################################################
Starting Execution:	[78 out of 143] test cases in the current suite
Test Method:		[testPackage01.Test_NewValidationHelper.f13]
################################################################################################################################################
[ReportManager] Assertion [ValidateElementExists] FAILED. Expected [Element Should not Exist, locator 'By.tagName: div'] and Actual [Element Exists but is not unique]. Comparison Type [EQUALS]. Validation Type [NEGATIVE]. @16-10-2021 02:00:24.0717 AM
[ReportManager] Successfully created attachment [Screenshot - 1634349624651_f13_ValidateElementExists_failed] @16-10-2021 02:00:24.0717 A
[ReportManager] Successfully Closed All Drivers. @16-10-2021 02:00:24.0794 A
[ReportManager] File Action [GetAbsolutePath] successfully performed. With the following test data [Relative Folder Path: "target/downloadedFiles/"]. @16-10-2021 02:00:24.0796 AM
[ReportManager] Attempting to run remotely on: [Linux-64], [GoogleChrome], [http://localhost:4444/wd/hub], Headless Execution. @16-10-2021 02:00:24.0796 AM
[ReportManager] Successfully Opened [GoogleChrome]. @16-10-2021 02:00:25.0006 AM
[ReportManager] Target URL: [https://the-internet.herokuapp.com/] @16-10-2021 02:00:25.0032 AM
[ReportManager] Initial URL: [data:,] @16-10-2021 02:00:25.0097 AM
[ReportManager] Browser Action [NavigateToURL] successfully performed. With the following test data [https://the-internet.herokuapp.com/]. @16-10-2021 02:00:25.0457 A

################################################################################################################################################
Starting Execution:	[79 out of 143] test cases in the current suite
Test Method:		[testPackage01.Test_NewValidationHelper.f14]
################################################################################################################################################
[ReportManager] Element Action [GetText] successfully performed. With the following test data [Welcome to the-internet]. @16-10-2021 02:00:25.0539 AM
[ReportManager] Loaded Shared OpenCV @16-10-2021 02:00:25.0668 AM
[ReportManager] Assertion Passed: Asserting that the header text is correct @16-10-2021 02:00:25.0747 AM
[ReportManager] Successfully created attachment [Screenshot - 1634349625668_f14_ValidateElementAttribute_passed] @16-10-2021 02:00:25.0748 AM
[ReportManager] Assertion [ValidateElementAttribute] PASSED. Expected [Value Should be 'Welcome to the-internet' for the 'text' attribute, element locator 'By.tagName: h1'] and Actual [Welcome to the-internet]. Comparison Type [EQUALS]. Validation Type [POSITIVE]. @16-10-2021 02:00:25.0748 A
[ReportManager] Successfully Closed All Drivers. @16-10-2021 02:00:25.0819 A
[ReportManager] File Action [GetAbsolutePath] successfully performed. With the following test data [Relative Folder Path: "target/downloadedFiles/"]. @16-10-2021 02:00:25.0821 AM
[ReportManager] Attempting to run remotely on: [Linux-64], [GoogleChrome], [http://localhost:4444/wd/hub], Headless Execution. @16-10-2021 02:00:25.0822 AM
[ReportManager] Successfully Opened [GoogleChrome]. @16-10-2021 02:00:26.0013 AM
[ReportManager] Target URL: [https://the-internet.herokuapp.com/] @16-10-2021 02:00:26.0034 AM
[ReportManager] Initial URL: [data:,] @16-10-2021 02:00:26.0073 AM
[ReportManager] Browser Action [NavigateToURL] successfully performed. With the following test data [https://the-internet.herokuapp.com/]. @16-10-2021 02:00:26.0462 A

################################################################################################################################################
Starting Execution:	[80 out of 143] test cases in the current suite
Test Method:		[testPackage01.Test_NewValidationHelper.f15]
################################################################################################################################################
[ReportManager] Element Action [GetText] successfully performed. With the following test data [Welcome to the-internet]. @16-10-2021 02:00:26.0543 AM
[ReportManager] Loaded Shared OpenCV @16-10-2021 02:00:26.0670 AM
[ReportManager] Assertion [ValidateElementAttribute] FAILED. Expected [Value Should not be 'Welcome' for the 'text' attribute, element locator 'By.tagName: h1'] and Actual [Welcome to the-internet]. Comparison Type [CONTAINS]. Validation Type [NEGATIVE]. @16-10-2021 02:00:26.0754 AM
[ReportManager] Successfully created attachment [Screenshot - 1634349626670_f15_ValidateElementAttribute_failed] @16-10-2021 02:00:26.0755 A
[ReportManager] Successfully Closed All Drivers. @16-10-2021 02:00:26.0829 A
[ReportManager] File Action [GetAbsolutePath] successfully performed. With the following test data [Relative Folder Path: "target/downloadedFiles/"]. @16-10-2021 02:00:26.0831 AM
[ReportManager] Attempting to run remotely on: [Linux-64], [GoogleChrome], [http://localhost:4444/wd/hub], Headless Execution. @16-10-2021 02:00:26.0831 AM
[ReportManager] Successfully Opened [GoogleChrome]. @16-10-2021 02:00:27.0026 AM
[ReportManager] Target URL: [https://the-internet.herokuapp.com/] @16-10-2021 02:00:27.0035 AM
[ReportManager] Initial URL: [data:,] @16-10-2021 02:00:27.0078 AM
[ReportManager] Browser Action [NavigateToURL] successfully performed. With the following test data [https://the-internet.herokuapp.com/]. @16-10-2021 02:00:27.0460 A

################################################################################################################################################
Starting Execution:	[81 out of 143] test cases in the current suite
Test Method:		[testPackage01.Test_NewValidationHelper.f16]
################################################################################################################################################
[ReportManager] Element Action [IdentifyUniqueElement] failed. With the following test data [zero elements found matching this locator "By.tagName: h3".]. @16-10-2021 02:00:53.0013 AM
[ReportManager] Successfully created attachment [Screenshot - 1634349652950_f16_IdentifyUniqueElement_failed] @16-10-2021 02:00:53.0014 AM
[ReportManager] Assertion [ValidateElementAttribute] FAILED. Expected [Value Should not be 'Welcome' for the 'text' attribute, element locator 'By.tagName: h3'] and Actual [Failed to read the desired element attribute]. Comparison Type [CONTAINS]. Validation Type [NEGATIVE]. @16-10-2021 02:00:53.0015 A
[ReportManager] Successfully Closed All Drivers. @16-10-2021 02:00:53.0088 A
[ReportManager] File Action [GetAbsolutePath] successfully performed. With the following test data [Relative Folder Path: "target/downloadedFiles/"]. @16-10-2021 02:00:53.0092 AM
[ReportManager] Attempting to run remotely on: [Linux-64], [GoogleChrome], [http://localhost:4444/wd/hub], Headless Execution. @16-10-2021 02:00:53.0092 AM
[ReportManager] Successfully Opened [GoogleChrome]. @16-10-2021 02:00:53.0275 AM
[ReportManager] Target URL: [https://the-internet.herokuapp.com/] @16-10-2021 02:00:53.0285 AM
[ReportManager] Initial URL: [data:,] @16-10-2021 02:00:53.0328 AM
[ReportManager] Browser Action [NavigateToURL] successfully performed. With the following test data [https://the-internet.herokuapp.com/]. @16-10-2021 02:00:53.0693 A

################################################################################################################################################
Starting Execution:	[82 out of 143] test cases in the current suite
Test Method:		[testPackage01.Test_NewValidationHelper.f17]
################################################################################################################################################
[ReportManager] Attempting to getAttribute [text2] from elementLocator [By.tagName: h1]. @16-10-2021 02:00:53.0701 AM
[ReportManager] Element Action [GetAttribute] successfully performed. @16-10-2021 02:00:53.0777 AM
[ReportManager] Loaded Shared OpenCV @16-10-2021 02:00:53.0934 AM
[ReportManager] Assertion [ValidateElementAttribute] PASSED. Expected [Value Should not be 'Welcome' for the 'text2' attribute, element locator 'By.tagName: h1'] and Actual [null]. Comparison Type [CONTAINS]. Validation Type [NEGATIVE]. @16-10-2021 02:00:54.0014 AM
[ReportManager] Successfully created attachment [Screenshot - 1634349653934_f17_ValidateElementAttribute_passed] @16-10-2021 02:00:54.0015 A
[ReportManager] Successfully Closed All Drivers. @16-10-2021 02:00:54.0092 A
[ReportManager] File Action [GetAbsolutePath] successfully performed. With the following test data [Relative Folder Path: "target/downloadedFiles/"]. @16-10-2021 02:00:54.0095 AM
[ReportManager] Attempting to run remotely on: [Linux-64], [GoogleChrome], [http://localhost:4444/wd/hub], Headless Execution. @16-10-2021 02:00:54.0097 AM
[ReportManager] Successfully Opened [GoogleChrome]. @16-10-2021 02:00:54.0292 AM
[ReportManager] Target URL: [https://the-internet.herokuapp.com/] @16-10-2021 02:00:54.0302 AM
[ReportManager] Initial URL: [data:,] @16-10-2021 02:00:54.0389 AM
[ReportManager] Browser Action [NavigateToURL] successfully performed. With the following test data [https://the-internet.herokuapp.com/]. @16-10-2021 02:00:54.0729 A

################################################################################################################################################
Starting Execution:	[83 out of 143] test cases in the current suite
Test Method:		[testPackage01.Test_NewValidationHelper.f18]
################################################################################################################################################
[ReportManager] Element Action [GetText] successfully performed. With the following test data [Welcome to the-internet]. @16-10-2021 02:00:54.0807 AM
[ReportManager] Loaded Shared OpenCV @16-10-2021 02:00:54.0950 AM
[ReportManager] Assertion [ValidateElementAttribute] PASSED. Expected [Value Should not be 'no' for the 'text' attribute, element locator 'By.tagName: h1'] and Actual [Welcome to the-internet]. Comparison Type [CONTAINS]. Validation Type [NEGATIVE]. @16-10-2021 02:00:55.0033 AM
[ReportManager] Successfully created attachment [Screenshot - 1634349654950_f18_ValidateElementAttribute_passed] @16-10-2021 02:00:55.0034 A
[ReportManager] Successfully Closed All Drivers. @16-10-2021 02:00:55.0108 A

################################################################################################################################################
Starting Execution:	[84 out of 143] test cases in the current suite
Test Method:		[testPackage01.Test_NewValidationHelper.f2]
################################################################################################################################################
[ReportManager] Assertion Failed: Checking valid user data @16-10-2021 02:00:55.0112 AM
[ReportManager] Assertion [ValidateEquals] FAILED. Expected [1] and Actual [2]. Comparison Type [EQUALS]. Validation Type [POSITIVE]. @16-10-2021 02:00:55.0112 A
[ReportManager] File Action [GetAbsolutePath] successfully performed. With the following test data [Relative Folder Path: "target/downloadedFiles/"]. @16-10-2021 02:00:55.0116 AM
[ReportManager] Attempting to run remotely on: [Linux-64], [GoogleChrome], [http://localhost:4444/wd/hub], Headless Execution. @16-10-2021 02:00:55.0116 AM
[ReportManager] Successfully Opened [GoogleChrome]. @16-10-2021 02:00:55.0310 AM
[ReportManager] Target URL: [https://the-internet.herokuapp.com/] @16-10-2021 02:00:55.0334 AM
[ReportManager] Initial URL: [data:,] @16-10-2021 02:00:55.0385 AM
[ReportManager] Browser Action [NavigateToURL] successfully performed. With the following test data [https://the-internet.herokuapp.com/]. @16-10-2021 02:00:55.0730 A

################################################################################################################################################
Starting Execution:	[85 out of 143] test cases in the current suite
Test Method:		[testPackage01.Test_NewValidationHelper.f20]
################################################################################################################################################
[ReportManager] Element Action [GetSize] successfully performed. With the following test data [(755, 61)]. @16-10-2021 02:00:55.0803 AM
[ReportManager] Loaded Shared OpenCV @16-10-2021 02:00:55.0935 AM
[ReportManager] Assertion [ValidateElementAttribute] PASSED. Expected [Value Should not be 'a' for the 'size' attribute, element locator 'By.tagName: h1'] and Actual [(755, 61)]. Comparison Type [CONTAINS]. Validation Type [NEGATIVE]. @16-10-2021 02:00:56.0016 AM
[ReportManager] Successfully created attachment [Screenshot - 1634349655935_f20_ValidateElementAttribute_passed] @16-10-2021 02:00:56.0017 A
[ReportManager] Successfully Closed All Drivers. @16-10-2021 02:00:56.0092 A
[ReportManager] File Action [GetAbsolutePath] successfully performed. With the following test data [Relative Folder Path: "target/downloadedFiles/"]. @16-10-2021 02:00:56.0094 AM
[ReportManager] Attempting to run remotely on: [Linux-64], [GoogleChrome], [http://localhost:4444/wd/hub], Headless Execution. @16-10-2021 02:00:56.0094 AM
[ReportManager] Successfully Opened [GoogleChrome]. @16-10-2021 02:00:56.0337 AM
[ReportManager] Target URL: [https://the-internet.herokuapp.com/] @16-10-2021 02:00:56.0347 AM
[ReportManager] Initial URL: [data:,] @16-10-2021 02:00:56.0402 AM
[ReportManager] Browser Action [NavigateToURL] successfully performed. With the following test data [https://the-internet.herokuapp.com/]. @16-10-2021 02:00:56.0749 A

################################################################################################################################################
Starting Execution:	[86 out of 143] test cases in the current suite
Test Method:		[testPackage01.Test_NewValidationHelper.f21]
################################################################################################################################################
[ReportManager] Element Action [IdentifyUniqueElement] failed. With the following test data [zero elements found matching this locator "By.tagName: h3".]. @16-10-2021 02:01:22.0356 AM
[ReportManager] Successfully created attachment [Screenshot - 1634349682287_f21_IdentifyUniqueElement_failed] @16-10-2021 02:01:22.0356 AM
[ReportManager] Assertion [ValidateElementAttribute] FAILED. Expected [Value Should be 'Welcome' for the 'text' attribute, element locator 'By.tagName: h3'] and Actual [Failed to read the desired element attribute]. Comparison Type [CONTAINS]. Validation Type [POSITIVE]. @16-10-2021 02:01:22.0357 A
[ReportManager] Successfully Closed All Drivers. @16-10-2021 02:01:22.0438 A
[ReportManager] File Action [GetAbsolutePath] successfully performed. With the following test data [Relative Folder Path: "target/downloadedFiles/"]. @16-10-2021 02:01:22.0440 AM
[ReportManager] Attempting to run remotely on: [Linux-64], [GoogleChrome], [http://localhost:4444/wd/hub], Headless Execution. @16-10-2021 02:01:22.0441 AM
[ReportManager] Successfully Opened [GoogleChrome]. @16-10-2021 02:01:22.0641 AM
[ReportManager] Target URL: [https://the-internet.herokuapp.com/] @16-10-2021 02:01:22.0658 AM
[ReportManager] Initial URL: [data:,] @16-10-2021 02:01:22.0700 AM
[ReportManager] Browser Action [NavigateToURL] successfully performed. With the following test data [https://the-internet.herokuapp.com/]. @16-10-2021 02:01:23.0097 A

################################################################################################################################################
Starting Execution:	[87 out of 143] test cases in the current suite
Test Method:		[testPackage01.Test_NewValidationHelper.f22]
################################################################################################################################################
[ReportManager] Element Action [GetText] successfully performed. With the following test data [Welcome to the-internet]. @16-10-2021 02:01:23.0200 AM
[ReportManager] Loaded Shared OpenCV @16-10-2021 02:01:23.0330 AM
[ReportManager] Assertion [ValidateElementAttribute] FAILED. Expected [Value Should be 'yyy' for the 'text' attribute, element locator 'By.tagName: h1'] and Actual [Welcome to the-internet]. Comparison Type [CONTAINS]. Validation Type [POSITIVE]. @16-10-2021 02:01:23.0409 AM
[ReportManager] Successfully created attachment [Screenshot - 1634349683330_f22_ValidateElementAttribute_failed] @16-10-2021 02:01:23.0410 A
[ReportManager] Successfully Closed All Drivers. @16-10-2021 02:01:23.0480 A

################################################################################################################################################
Starting Execution:	[88 out of 143] test cases in the current suite
Test Method:		[testPackage01.Test_NewValidationHelper.f23]
################################################################################################################################################
[ReportManager] Assertion Passed: confirming that the actual is greater than or equal to the expected @16-10-2021 02:01:23.0484 AM
[ReportManager] Assertion [ValidateComparativeRelation] PASSED. Expected [1] and Actual [1]. Comparison Type [GREATER_THAN_OR_EQUALS]. Validation Type [POSITIVE]. @16-10-2021 02:01:23.0484 A

################################################################################################################################################
Starting Execution:	[89 out of 143] test cases in the current suite
Test Method:		[testPackage01.Test_NewValidationHelper.f24]
################################################################################################################################################
[ReportManager] Assertion [ValidateComparativeRelation] PASSED. Expected [1] and Actual [10]. Comparison Type [GREATER_THAN_OR_EQUALS]. Validation Type [POSITIVE]. @16-10-2021 02:01:23.0490 A

################################################################################################################################################
Starting Execution:	[90 out of 143] test cases in the current suite
Test Method:		[testPackage01.Test_NewValidationHelper.f25]
################################################################################################################################################
[ReportManager] Assertion [ValidateComparativeRelation] PASSED. Expected [1] and Actual [1]. Comparison Type [EQUALS]. Validation Type [POSITIVE]. @16-10-2021 02:01:23.0492 A

################################################################################################################################################
Starting Execution:	[91 out of 143] test cases in the current suite
Test Method:		[testPackage01.Test_NewValidationHelper.f26]
################################################################################################################################################
[ReportManager] Assertion [ValidateComparativeRelation] PASSED. Expected [1] and Actual [5]. Comparison Type [GREATER_THAN]. Validation Type [POSITIVE]. @16-10-2021 02:01:23.0494 A

################################################################################################################################################
Starting Execution:	[92 out of 143] test cases in the current suite
Test Method:		[testPackage01.Test_NewValidationHelper.f27]
################################################################################################################################################
[ReportManager] Assertion [ValidateComparativeRelation] PASSED. Expected [11] and Actual [5]. Comparison Type [LESS_THAN]. Validation Type [POSITIVE]. @16-10-2021 02:01:23.0496 A

################################################################################################################################################
Starting Execution:	[93 out of 143] test cases in the current suite
Test Method:		[testPackage01.Test_NewValidationHelper.f28]
################################################################################################################################################
[ReportManager] Assertion [ValidateComparativeRelation] PASSED. Expected [11] and Actual [5]. Comparison Type [LESS_THAN_OR_EQUALS]. Validation Type [POSITIVE]. @16-10-2021 02:01:23.0498 A

################################################################################################################################################
Starting Execution:	[94 out of 143] test cases in the current suite
Test Method:		[testPackage01.Test_NewValidationHelper.f29]
################################################################################################################################################
[ReportManager] Assertion [ValidateComparativeRelation] PASSED. Expected [11] and Actual [11]. Comparison Type [LESS_THAN_OR_EQUALS]. Validation Type [POSITIVE]. @16-10-2021 02:01:23.0501 A

################################################################################################################################################
Starting Execution:	[95 out of 143] test cases in the current suite
Test Method:		[testPackage01.Test_NewValidationHelper.f3]
################################################################################################################################################
[ReportManager] Assertion [ValidateEquals] PASSED. Expected [1] and Actual [2]. Comparison Type [EQUALS]. Validation Type [NEGATIVE]. @16-10-2021 02:01:23.0503 A

################################################################################################################################################
Starting Execution:	[96 out of 143] test cases in the current suite
Test Method:		[testPackage01.Test_NewValidationHelper.f30]
################################################################################################################################################
[ReportManager] Assertion [ValidateComparativeRelation] FAILED. Expected [-9] and Actual [11]. Comparison Type [LESS_THAN_OR_EQUALS]. Validation Type [POSITIVE]. @16-10-2021 02:01:23.0506 A

################################################################################################################################################
Starting Execution:	[97 out of 143] test cases in the current suite
Test Method:		[testPackage01.Test_NewValidationHelper.f31]
################################################################################################################################################
[ReportManager] Assertion [ValidateTrue] PASSED. Expected [TRUE] and Actual [TRUE]. Validation Type [POSITIVE]. @16-10-2021 02:01:23.0508 A

################################################################################################################################################
Starting Execution:	[98 out of 143] test cases in the current suite
Test Method:		[testPackage01.Test_NewValidationHelper.f32]
################################################################################################################################################
[ReportManager] Assertion [ValidateTrue] PASSED. Expected [FALSE] and Actual [FALSE]. Validation Type [NEGATIVE]. @16-10-2021 02:01:23.0509 A

################################################################################################################################################
Starting Execution:	[99 out of 143] test cases in the current suite
Test Method:		[testPackage01.Test_NewValidationHelper.f33]
################################################################################################################################################
[ReportManager] Assertion [ValidateTrue] FAILED. Expected [FALSE] and Actual [TRUE]. Validation Type [NEGATIVE]. @16-10-2021 02:01:23.0511 A

################################################################################################################################################
Starting Execution:	[100 out of 143] test cases in the current suite
Test Method:		[testPackage01.Test_NewValidationHelper.f34]
################################################################################################################################################
[ReportManager] Assertion [ValidateTrue] FAILED. Expected [TRUE] and Actual [FALSE]. Validation Type [POSITIVE]. @16-10-2021 02:01:23.0513 A

################################################################################################################################################
Starting Execution:	[101 out of 143] test cases in the current suite
Test Method:		[testPackage01.Test_NewValidationHelper.f35]
################################################################################################################################################
[ReportManager] File Action [DoesFileExist] successfully performed. With the following test data [File Path: "pom.xml"]. @16-10-2021 02:01:23.0516 AM
[ReportManager] Assertion [ValidateFileExists] PASSED. Expected [File 'pom.xml' should exist, after up to '1' retries] and Actual [File exists]. Validation Type [POSITIVE]. @16-10-2021 02:01:23.0516 A

################################################################################################################################################
Starting Execution:	[102 out of 143] test cases in the current suite
Test Method:		[testPackage01.Test_NewValidationHelper.f36]
################################################################################################################################################
[ReportManager] File Action [DoesFileExist] successfully performed. With the following test data [File Path: "src/test/java/testPackage01/Test_NewValidationHelper.java"]. @16-10-2021 02:01:23.0518 AM
[ReportManager] Assertion [ValidateFileExists] PASSED. Expected [File 'src/test/java/testPackage01/Test_NewValidationHelper.java' should exist, after up to '1' retries] and Actual [File exists]. Validation Type [POSITIVE]. @16-10-2021 02:01:23.0518 A

################################################################################################################################################
Starting Execution:	[103 out of 143] test cases in the current suite
Test Method:		[testPackage01.Test_NewValidationHelper.f37]
################################################################################################################################################
[ReportManager] File Action [DoesFileExist] successfully performed. With the following test data [File Path: "pom.xml"]. @16-10-2021 02:01:23.0520 AM
[ReportManager] Assertion Failed: confirming that the file does't exist after 5 retries @16-10-2021 02:01:23.0520 AM
[ReportManager] Assertion [ValidateFileExists] FAILED. Expected [File 'pom.xml' should not exist, after up to '5' retries] and Actual [File exists]. Validation Type [NEGATIVE]. @16-10-2021 02:01:23.0520 A

################################################################################################################################################
Starting Execution:	[104 out of 143] test cases in the current suite
Test Method:		[testPackage01.Test_NewValidationHelper.f3_1]
################################################################################################################################################
[ReportManager] Assertion Passed: Checking valid user data @16-10-2021 02:01:23.0522 AM
[ReportManager] Assertion [ValidateEquals] PASSED. Expected [null] and Actual [null]. Comparison Type [EQUALS]. Validation Type [POSITIVE]. @16-10-2021 02:01:23.0522 A

################################################################################################################################################
Starting Execution:	[105 out of 143] test cases in the current suite
Test Method:		[testPackage01.Test_NewValidationHelper.f4]
################################################################################################################################################
[ReportManager] Assertion [ValidateEquals] PASSED. Expected [1] and Actual [123]. Comparison Type [CONTAINS]. Validation Type [POSITIVE]. @16-10-2021 02:01:23.0524 A

################################################################################################################################################
Starting Execution:	[106 out of 143] test cases in the current suite
Test Method:		[testPackage01.Test_NewValidationHelper.f5]
################################################################################################################################################
[ReportManager] Assertion [ValidateNull] PASSED. Expected [NULL] and Actual [1]. Comparison Type [EQUALS]. Validation Type [NEGATIVE]. @16-10-2021 02:01:23.0526 A

################################################################################################################################################
Starting Execution:	[107 out of 143] test cases in the current suite
Test Method:		[testPackage01.Test_NewValidationHelper.f6]
################################################################################################################################################
[ReportManager] Assertion Failed: Making sure that null string is not equal to null object @16-10-2021 02:01:23.0528 AM
[ReportManager] Assertion [ValidateNull] FAILED. Expected [NULL] and Actual [NULL]. Comparison Type [EQUALS]. Validation Type [POSITIVE]. @16-10-2021 02:01:23.0528 A

################################################################################################################################################
Starting Execution:	[108 out of 143] test cases in the current suite
Test Method:		[testPackage01.Test_NewValidationHelper.f6_1]
################################################################################################################################################
[ReportManager] Assertion [ValidateNull] FAILED. Expected [NULL] and Actual [NULL]. Comparison Type [EQUALS]. Validation Type [NEGATIVE]. @16-10-2021 02:01:23.0532 A

################################################################################################################################################
Starting Execution:	[109 out of 143] test cases in the current suite
Test Method:		[testPackage01.Test_NewValidationHelper.f6_2]
################################################################################################################################################
[ReportManager] Assertion Failed: Making sure that null string is not equal to null object @16-10-2021 02:01:23.0534 AM
[ReportManager] Assertion [ValidateNull] FAILED. Expected [NULL] and Actual [not null]. Comparison Type [EQUALS]. Validation Type [POSITIVE]. @16-10-2021 02:01:23.0534 A

################################################################################################################################################
Starting Execution:	[110 out of 143] test cases in the current suite
Test Method:		[testPackage01.Test_NewValidationHelper.f7]
################################################################################################################################################
[ReportManager] Assertion [ValidateNull] PASSED. Expected [NULL] and Actual [NULL]. Comparison Type [EQUALS]. Validation Type [POSITIVE]. @16-10-2021 02:01:23.0540 A
[ReportManager] File Action [GetAbsolutePath] successfully performed. With the following test data [Relative Folder Path: "target/downloadedFiles/"]. @16-10-2021 02:01:23.0550 AM
[ReportManager] Attempting to run remotely on: [Linux-64], [GoogleChrome], [http://localhost:4444/wd/hub], Headless Execution. @16-10-2021 02:01:23.0550 AM
[ReportManager] Successfully Opened [GoogleChrome]. @16-10-2021 02:01:23.0771 AM
[ReportManager] Target URL: [https://the-internet.herokuapp.com/] @16-10-2021 02:01:23.0791 AM
[ReportManager] Initial URL: [data:,] @16-10-2021 02:01:23.0832 AM
[ReportManager] Browser Action [NavigateToURL] successfully performed. With the following test data [https://the-internet.herokuapp.com/]. @16-10-2021 02:01:24.0183 A

################################################################################################################################################
Starting Execution:	[111 out of 143] test cases in the current suite
Test Method:		[testPackage01.Test_NewValidationHelper.f8]
################################################################################################################################################
[ReportManager] Loaded Shared OpenCV @16-10-2021 02:01:24.0381 AM
[ReportManager] Assertion [ValidateElementExists] PASSED. Expected [Element Should Exist, locator 'By.tagName: h1'] and Actual [Element Exists]. Comparison Type [EQUALS]. Validation Type [POSITIVE]. @16-10-2021 02:01:24.0458 AM
[ReportManager] Successfully created attachment [Screenshot - 1634349684381_f8_ValidateElementExists_passed] @16-10-2021 02:01:24.0459 A
[ReportManager] Successfully Closed All Drivers. @16-10-2021 02:01:24.0530 A
[ReportManager] File Action [GetAbsolutePath] successfully performed. With the following test data [Relative Folder Path: "target/downloadedFiles/"]. @16-10-2021 02:01:24.0532 AM
[ReportManager] Attempting to run remotely on: [Linux-64], [GoogleChrome], [http://localhost:4444/wd/hub], Headless Execution. @16-10-2021 02:01:24.0532 AM
[ReportManager] Successfully Opened [GoogleChrome]. @16-10-2021 02:01:24.0722 AM
[ReportManager] Target URL: [https://the-internet.herokuapp.com/] @16-10-2021 02:01:24.0731 AM
[ReportManager] Initial URL: [data:,] @16-10-2021 02:01:24.0773 AM
[ReportManager] Browser Action [NavigateToURL] successfully performed. With the following test data [https://the-internet.herokuapp.com/]. @16-10-2021 02:01:25.0178 A

################################################################################################################################################
Starting Execution:	[112 out of 143] test cases in the current suite
Test Method:		[testPackage01.Test_NewValidationHelper.f9]
################################################################################################################################################
[ReportManager] Assertion [ValidateElementExists] FAILED. Expected [Element Should Exist, locator 'By.tagName: h3'] and Actual [Element Doesn't Exists]. Comparison Type [EQUALS]. Validation Type [POSITIVE]. @16-10-2021 02:01:55.0869 AM
[ReportManager] Successfully created attachment [Screenshot - 1634349715800_f9_ValidateElementExists_failed] @16-10-2021 02:01:55.0870 A
[ReportManager] Successfully Closed All Drivers. @16-10-2021 02:01:55.0945 A

################################################################################################################################################
Starting Execution:	[113 out of 143] test cases in the current suite
Test Method:		[testPackage01.Test_NewValidationHelper.forceFail]
################################################################################################################################################
[ReportManager] Assertion [ValidateFail] FAILED. Successfully force failed the test. @16-10-2021 02:01:55.0953 A

################################################################################################################################################
Starting Execution:	[114 out of 143] test cases in the current suite
Test Method:		[testPackage01.Test_NewValidationHelper.forceFail2]
################################################################################################################################################
[ReportManager] Assertion Failed: Custom Message @16-10-2021 02:01:55.0957 AM
[ReportManager] Assertion [ValidateFail] FAILED. Successfully force failed the test. @16-10-2021 02:01:55.0958 A

################################################################################################################################################
Starting Execution:	[115 out of 143] test cases in the current suite
Test Method:		[testPackage01.Test_sendGraphqlRequest.sendGraphqlRequestUsingMutationAndVariables]
################################################################################################################################################
[ReportManager] GraphQl Request is being Performed with the Following Parameters [Service URL: https://api.spacex.land/graphql | Request Body: {"variables":"{\"name\": \"sherlock holmes\",\"rocket\": \"221B Baker Street\"}","query":"mutation ($name: String, $rocket: String) {\n  insert_users(objects: {name: $name, rocket: $rocket}) {\n    returning {\n      name\n      rocket\n    }\n  }\n}"}] @16-10-2021 02:01:55.0964 AM
[ReportManager] Response status code: [200], status line: [HTTP/1.1 200 OK] @16-10-2021 02:01:59.0325 AM
[ReportManager] Assertion Passed: Evaluating the actual response status code against the expected one... @16-10-2021 02:01:59.0325 AM
[ReportManager] Assertion [ValidateEquals] PASSED. Expected [200] and Actual [200]. Comparison Type [EQUALS]. Validation Type [POSITIVE]. @16-10-2021 02:01:59.0326 AM
[ReportManager] API Action [PerformRequest] successfully performed. With the following test data [Request Type: "POST" | Target Status Code: "200" | Service URL: "https://api.spacex.land/graphql" | Content Type: "application/json" | Response Time: "3283ms"]. @16-10-2021 02:01:59.0337 AM
[ReportManager] Successfully created attachment [API Request - Specifications] @16-10-2021 02:01:59.0337 AM
[ReportManager] Successfully created attachment [API Request - JSON Body] @16-10-2021 02:01:59.0338 AM
[ReportManager] Successfully created attachment [API Response - JSON Body] @16-10-2021 02:01:59.0338 AM
[ReportManager] API Action [GetResponseJSONValue] successfully performed. With the following test data [data.insert_users.returning[0].name]. @16-10-2021 02:01:59.0396 AM
[ReportManager] Assertion [ValidateEquals] PASSED. Expected [sherlock holmes] and Actual [sherlock holmes]. Comparison Type [EQUALS]. Validation Type [POSITIVE]. @16-10-2021 02:01:59.0396 A

################################################################################################################################################
Starting Execution:	[116 out of 143] test cases in the current suite
Test Method:		[testPackage01.Test_sendGraphqlRequest.sendGraphqlRequestUsingQuery]
################################################################################################################################################
[ReportManager] GraphQl Request is being Performed with the Following Parameters [Service URL: https://api.spacex.land/graphql | Request Body: {"query":"{company {ceo}}"}] @16-10-2021 02:01:59.0403 AM
[ReportManager] Response status code: [200], status line: [HTTP/1.1 200 OK] @16-10-2021 02:01:59.0495 AM
[ReportManager] Assertion Passed: Evaluating the actual response status code against the expected one... @16-10-2021 02:01:59.0495 AM
[ReportManager] Assertion [ValidateEquals] PASSED. Expected [200] and Actual [200]. Comparison Type [EQUALS]. Validation Type [POSITIVE]. @16-10-2021 02:01:59.0495 AM
[ReportManager] API Action [PerformRequest] successfully performed. With the following test data [Request Type: "POST" | Target Status Code: "200" | Service URL: "https://api.spacex.land/graphql" | Content Type: "application/json" | Response Time: "86ms"]. @16-10-2021 02:01:59.0507 AM
[ReportManager] Successfully created attachment [API Request - Specifications] @16-10-2021 02:01:59.0508 AM
[ReportManager] Successfully created attachment [API Request - JSON Body] @16-10-2021 02:01:59.0508 AM
[ReportManager] Successfully created attachment [API Response - JSON Body] @16-10-2021 02:01:59.0508 AM
[ReportManager] API Action [GetResponseJSONValue] successfully performed. With the following test data [data.company.ceo]. @16-10-2021 02:01:59.0519 AM
[ReportManager] Assertion [ValidateEquals] PASSED. Expected [Elon Musk] and Actual [Elon Musk]. Comparison Type [EQUALS]. Validation Type [POSITIVE]. @16-10-2021 02:01:59.0519 A
[ReportManager] Successfully loaded the following test data file [src/test/resources/TestDataFiles/testSuite01/TestData.xlsx]. @16-10-2021 02:01:59.0584 AM
[ReportManager] Successfully created attachment [Test Data - Excel] @16-10-2021 02:01:59.0585 AM
[ReportManager] File Action [GetAbsolutePath] successfully performed. With the following test data [Relative Folder Path: "target/downloadedFiles/"]. @16-10-2021 02:01:59.0585 AM
[ReportManager] Attempting to run remotely on: [Linux-64], [GoogleChrome], [http://localhost:4444/wd/hub], Headless Execution. @16-10-2021 02:01:59.0585 AM
[ReportManager] Successfully Opened [GoogleChrome]. @16-10-2021 02:01:59.0822 A

################################################################################################################################################
Starting Execution:	[117 out of 143] test cases in the current suite
Test Method:		[testPackage01.Test_google.navigateToURLandVerifyGoogleLogoIsDisplayed]
Test Description:	[TC001 - Navigate to URL and Verify Google Logo is Displayed]
################################################################################################################################################
[ReportManager] Target URL: [https://www.google.com/ncr], and after redirection: [https://www.google.com] @16-10-2021 02:01:59.0845 AM
[ReportManager] Initial URL: [data:,] @16-10-2021 02:01:59.0902 AM
[ReportManager] Browser Action [NavigateToURL] successfully performed. With the following test data [https://www.google.com/ncr]. @16-10-2021 02:02:00.0696 AM
[ReportManager] Loaded Shared OpenCV @16-10-2021 02:02:00.0870 AM
[ReportManager] Assertion [ValidateElementExists] PASSED. Expected [Element Should Exist, locator 'By.xpath: //*[@id='hplogo' or @alt='Google']'] and Actual [Element Exists]. Comparison Type [EQUALS]. Validation Type [POSITIVE]. @16-10-2021 02:02:00.0942 AM
[ReportManager] Successfully created attachment [Screenshot - 1634349720870_navigateToURLandVerifyGoogleLogoIsDisplayed_ValidateElementExists_passed] @16-10-2021 02:02:00.0943 A

################################################################################################################################################
Starting Execution:	[118 out of 143] test cases in the current suite
Test Method:		[testPackage01.Test_google.searchForQueryandAssertResultsNumDisplayed]
Test Description:	[TC002 - Search for Query and Assert that the number of results is displayed]
################################################################################################################################################
[ReportManager] Element Action [Type] successfully performed. With the following test data [SHAFT_Engine]. @16-10-2021 02:02:01.0274 AM
[ReportManager] Element Action [KeyPress] successfully performed. With the following test data [Enter]. @16-10-2021 02:02:02.0664 AM
[ReportManager] Element Action [GetText] successfully performed. With the following test data [About 1,180,000 results (0.61 seconds) ]. @16-10-2021 02:02:02.0746 AM
[ReportManager] Loaded Shared OpenCV @16-10-2021 02:02:02.0893 AM
[ReportManager] Assertion [ValidateElementAttribute] PASSED. Expected [Value Should not be '' for the 'Text' attribute, element locator 'By.id: appbar'] and Actual [About 1,180,000 results (0.61 seconds) ]. Comparison Type [EQUALS]. Validation Type [NEGATIVE]. @16-10-2021 02:02:03.0001 AM
[ReportManager] Successfully created attachment [Screenshot - 1634349722893_searchForQueryandAssertResultsNumDisplayed_ValidateElementAttribute_passed] @16-10-2021 02:02:03.0003 A

################################################################################################################################################
Starting Execution:	[119 out of 143] test cases in the current suite
Test Method:		[testPackage01.Test_google.clickNextThrice]
Test Description:	[TC003 - Clicks the next button to make sure that the framework can scroll element into view before clicking it]
################################################################################################################################################
[ReportManager] Element Action [Click] successfully performed. With the following test data [Next]. @16-10-2021 02:02:04.0500 A
[ReportManager] Browser Action [CloseCurrentWindow] successfully performed. @16-10-2021 02:02:04.0679 AM
[ReportManager] Successfully created attachment [Browser Action Test Data - CloseCurrentWindow - Actual Value] @16-10-2021 02:02:04.0681 A
[ReportManager] File Action [GetAbsolutePath] successfully performed. With the following test data [Relative Folder Path: "target/downloadedFiles/"]. @16-10-2021 02:02:04.0683 AM
[ReportManager] Attempting to run remotely on: [Linux-64], [GoogleChrome], [http://localhost:4444/wd/hub], Headless Execution. @16-10-2021 02:02:04.0684 AM
[ReportManager] Successfully Opened [GoogleChrome]. @16-10-2021 02:02:04.0952 A

################################################################################################################################################
Starting Execution:	[120 out of 143] test cases in the current suite
Test Method:		[testPackage01.Test_ShadowDOM.shadowdom]
################################################################################################################################################
[ReportManager] Target URL: [https://mdn.github.io/web-components-examples/popup-info-box-web-component/] @16-10-2021 02:02:04.0965 AM
[ReportManager] Initial URL: [data:,] @16-10-2021 02:02:05.0009 AM
[ReportManager] Browser Action [NavigateToURL] successfully performed. With the following test data [https://mdn.github.io/web-components-examples/popup-info-box-web-component/]. @16-10-2021 02:02:05.0232 AM
[ReportManager] Element Action [Type] successfully performed. With the following test data [Typing into SHADOW DOM...]. @16-10-2021 02:02:05.0508 AM
[ReportManager] Element Action [GetText] successfully performed. With the following test data [Typing into SHADOW DOM...]. @16-10-2021 02:02:05.0590 AM
[ReportManager] Loaded Shared OpenCV @16-10-2021 02:02:05.0698 AM
[ReportManager] Assertion [ValidateElementAttribute] PASSED. Expected [Value Should be 'Typing into SHADOW DOM...' for the 'Text' attribute, element locator 'By.id: cvc'] and Actual [Typing into SHADOW DOM...]. Comparison Type [EQUALS]. Validation Type [POSITIVE]. @16-10-2021 02:02:05.0770 AM
[ReportManager] Successfully created attachment [Screenshot - 1634349725698_shadowdom_ValidateElementAttribute_passed] @16-10-2021 02:02:05.0771 A
[ReportManager] Browser Action [CloseCurrentWindow] successfully performed. @16-10-2021 02:02:05.0859 AM
[ReportManager] Successfully created attachment [Browser Action Test Data - CloseCurrentWindow - Actual Value] @16-10-2021 02:02:05.0860 A

################################################################################################################################################
Starting Execution:	[121 out of 143] test cases in the current suite
Test Method:		[testPackage01.Test_AssertApiResponseEquals.assertApiResponseEquals_expectedToPass]
################################################################################################################################################
[ReportManager] Response status code: [200], status line: [HTTP/1.1 200 OK] @16-10-2021 02:02:05.0925 AM
[ReportManager] Assertion Passed: Evaluating the actual response status code against the expected one... @16-10-2021 02:02:05.0925 AM
[ReportManager] Assertion [ValidateEquals] PASSED. Expected [200] and Actual [200]. Comparison Type [EQUALS]. Validation Type [POSITIVE]. @16-10-2021 02:02:05.0925 AM
[ReportManager] API Action [PerformRequest] successfully performed. With the following test data [Request Type: "GET" | Target Status Code: "200" | Service URL: "https://jsonplaceholder.typicode.com/users" | Content Type: "*/*" | Response Time: "56ms"]. @16-10-2021 02:02:05.0953 AM
[ReportManager] Successfully created attachment [API Request - Specifications] @16-10-2021 02:02:05.0956 AM
[ReportManager] Successfully created attachment [API Response - JSON Body] @16-10-2021 02:02:05.0956 AM
[ReportManager] API Action [GetResponseJSONValueAsList] successfully performed. With the following test data [$]. @16-10-2021 02:02:05.0962 AM
[ReportManager] API Action [GetResponseJSONValue] successfully performed. With the following test data [name]. @16-10-2021 02:02:05.0979 AM
[ReportManager] API Action [GetResponseJSONValue] successfully performed. With the following test data [email]. @16-10-2021 02:02:05.0992 AM
[ReportManager] Verification [ValidateEquals] PASSED. Expected [Sincere@april.biz] and Actual [Sincere@april.biz]. Comparison Type [EQUALS]. Validation Type [POSITIVE]. @16-10-2021 02:02:05.0993 AM
[ReportManager] API Action [GetResponseJSONValue] successfully performed. With the following test data [username]. @16-10-2021 02:02:06.0005 AM
[ReportManager] Assertion [ValidateEquals] PASSED. Expected [Bret] and Actual [Bret]. Comparison Type [EQUALS]. Validation Type [POSITIVE]. @16-10-2021 02:02:06.0006 AM
[ReportManager] API Action [GetResponseJSONValue] successfully performed. With the following test data [name]. @16-10-2021 02:02:06.0021 AM
[ReportManager] API Action [GetResponseJSONValue] successfully performed. With the following test data [name]. @16-10-2021 02:02:06.0032 AM
[ReportManager] API Action [GetResponseJSONValue] successfully performed. With the following test data [name]. @16-10-2021 02:02:06.0042 AM
[ReportManager] API Action [GetResponseJSONValue] successfully performed. With the following test data [name]. @16-10-2021 02:02:06.0058 AM
[ReportManager] API Action [GetResponseJSONValue] successfully performed. With the following test data [name]. @16-10-2021 02:02:06.0071 AM
[ReportManager] API Action [GetResponseJSONValue] successfully performed. With the following test data [name]. @16-10-2021 02:02:06.0125 AM
[ReportManager] API Action [GetResponseJSONValue] successfully performed. With the following test data [name]. @16-10-2021 02:02:06.0134 AM
[ReportManager] API Action [GetResponseJSONValue] successfully performed. With the following test data [name]. @16-10-2021 02:02:06.0142 AM
[ReportManager] API Action [GetResponseJSONValue] successfully performed. With the following test data [name]. @16-10-2021 02:02:06.0150 A
[ReportManager] File Action [GetAbsolutePath] successfully performed. With the following test data [Relative Folder Path: "target/downloadedFiles/"]. @16-10-2021 02:02:06.0155 AM
[ReportManager] Attempting to run remotely on: [Linux-64], [GoogleChrome], [http://localhost:4444/wd/hub], Headless Execution. @16-10-2021 02:02:06.0155 AM
[ReportManager] Successfully Opened [GoogleChrome]. @16-10-2021 02:02:06.0374 A

################################################################################################################################################
Starting Execution:	[122 out of 143] test cases in the current suite
Test Method:		[testPackage01.Test_IsElementClickable.testIsElementClickable]
################################################################################################################################################
[ReportManager] Target URL: [https://the-internet.herokuapp.com/] @16-10-2021 02:02:06.0390 AM
[ReportManager] Initial URL: [data:,] @16-10-2021 02:02:06.0455 AM
[ReportManager] Browser Action [NavigateToURL] successfully performed. With the following test data [https://the-internet.herokuapp.com/]. @16-10-2021 02:02:06.0810 AM
[ReportManager] Element Action [IsElementClickable] successfully performed. @16-10-2021 02:02:06.0943 AM
[ReportManager] Assertion [ValidateTrue] PASSED. Expected [TRUE] and Actual [TRUE]. Validation Type [POSITIVE]. @16-10-2021 02:02:06.0943 A
[ReportManager] Browser Action [CloseCurrentWindow] successfully performed. @16-10-2021 02:02:07.0043 AM
[ReportManager] Successfully created attachment [Browser Action Test Data - CloseCurrentWindow - Actual Value] @16-10-2021 02:02:07.0043 A

################################################################################################################################################
Starting Execution:	[123 out of 143] test cases in the current suite
Test Method:		[testPackage01.Test_JsonCompareWithSpecialCharacters.specialCharacters]
################################################################################################################################################
[ReportManager] File Action [GetAbsolutePath] successfully performed. With the following test data [Relative Folder Path: "src/test/resources/TestJsonFiles/specialCharacters.json"]. @16-10-2021 02:02:07.0050 AM
[ReportManager] File Action [ReadFromFile] successfully performed. With the following test data [File Path: "/home/runner/work/SHAFT_ENGINE/SHAFT_ENGINE/src/test/resources/TestJsonFiles/specialCharacters.json"]. @16-10-2021 02:02:07.0056 AM
[ReportManager] Successfully created attachment [File Action Actual Result - Command Log] @16-10-2021 02:02:07.0057 AM
[ReportManager] Comparing the provided API response with the file at this path "src/test/resources/TestJsonFiles/specialCharacters.json", comparison type "EQUALS" @16-10-2021 02:02:07.0057 AM
[ReportManager] API Action [CompareJSON] successfully performed. With the following test data [src/test/resources/TestJsonFiles/specialCharacters.json]. @16-10-2021 02:02:07.0070 AM
[ReportManager] File Action [GetAbsolutePath] successfully performed. With the following test data [Relative Folder Path: "src/test/resources/TestJsonFiles/specialCharacters.json"]. @16-10-2021 02:02:07.0070 AM
[ReportManager] File Action [ReadFromFile] successfully performed. With the following test data [File Path: "/home/runner/work/SHAFT_ENGINE/SHAFT_ENGINE/src/test/resources/TestJsonFiles/specialCharacters.json"]. @16-10-2021 02:02:07.0070 AM
[ReportManager] Verification [ValidateJSONFileContent] PASSED. Expected [Response data should match the JSON File in this path 'src/test/resources/TestJsonFiles/specialCharacters.json'] and Actual [TRUE]. Comparison Type [EQUALS]. Validation Type [POSITIVE]. @16-10-2021 02:02:07.0075 AM
[ReportManager] Successfully created attachment [Validation Test Data - Expected JSON Value] @16-10-2021 02:02:07.0076 AM
[ReportManager] Successfully created attachment [Validation Test Data - Actual JSON Value] @16-10-2021 02:02:07.0076 A

################################################################################################################################################
Starting Execution:	[124 out of 143] test cases in the current suite
Test Method:		[testPackage01.Test_JsonCompareWithSpecialCharacters.specialCharacters_assertion]
################################################################################################################################################
[ReportManager] File Action [GetAbsolutePath] successfully performed. With the following test data [Relative Folder Path: "src/test/resources/TestJsonFiles/specialCharacters.json"]. @16-10-2021 02:02:07.0084 AM
[ReportManager] File Action [ReadFromFile] successfully performed. With the following test data [File Path: "/home/runner/work/SHAFT_ENGINE/SHAFT_ENGINE/src/test/resources/TestJsonFiles/specialCharacters.json"]. @16-10-2021 02:02:07.0084 AM
[ReportManager] Successfully created attachment [File Action Actual Result - Command Log] @16-10-2021 02:02:07.0085 AM
[ReportManager] Comparing the provided API response with the file at this path "src/test/resources/TestJsonFiles/specialCharacters.json", comparison type "CONTAINS" @16-10-2021 02:02:07.0085 AM
[ReportManager] API Action [CompareJSON] successfully performed. With the following test data [src/test/resources/TestJsonFiles/specialCharacters.json]. @16-10-2021 02:02:07.0112 AM
[ReportManager] File Action [GetAbsolutePath] successfully performed. With the following test data [Relative Folder Path: "src/test/resources/TestJsonFiles/specialCharacters.json"]. @16-10-2021 02:02:07.0112 AM
[ReportManager] File Action [ReadFromFile] successfully performed. With the following test data [File Path: "/home/runner/work/SHAFT_ENGINE/SHAFT_ENGINE/src/test/resources/TestJsonFiles/specialCharacters.json"]. @16-10-2021 02:02:07.0112 AM
[ReportManager] Assertion Passed: trying out the log message @16-10-2021 02:02:07.0117 AM
[ReportManager] Successfully created attachment [Validation Test Data - Expected JSON Value] @16-10-2021 02:02:07.0117 AM
[ReportManager] Successfully created attachment [Validation Test Data - Actual JSON Value] @16-10-2021 02:02:07.0118 AM
[ReportManager] Assertion [ValidateJSONFileContent] PASSED. Expected [Response data should match the JSON File in this path 'src/test/resources/TestJsonFiles/specialCharacters.json'] and Actual [TRUE]. Comparison Type [CONTAINS]. Validation Type [POSITIVE]. @16-10-2021 02:02:07.0118 A
[ReportManager] File Action [GetAbsolutePath] successfully performed. With the following test data [Relative Folder Path: "target/downloadedFiles/"]. @16-10-2021 02:02:07.0125 AM
[ReportManager] Attempting to run remotely on: [Linux-64], [GoogleChrome], [http://localhost:4444/wd/hub], Headless Execution. @16-10-2021 02:02:07.0125 AM
[ReportManager] Successfully Opened [GoogleChrome]. @16-10-2021 02:02:07.0330 A

################################################################################################################################################
Starting Execution:	[125 out of 143] test cases in the current suite
Test Method:		[testPackage01.Test_assertEquals.test_assertElementAttribute]
################################################################################################################################################
[ReportManager] Target URL: [https://www.google.com/ncr], and after redirection: [https://www.google.com] @16-10-2021 02:02:07.0342 AM
[ReportManager] Initial URL: [data:,] @16-10-2021 02:02:07.0380 AM
[ReportManager] Browser Action [NavigateToURL] successfully performed. With the following test data [https://www.google.com/ncr]. @16-10-2021 02:02:08.0266 AM
[ReportManager] Element Action [Type] successfully performed. With the following test data [INC_004010050:Another SCHEDULER with the same name [Duplicate Job Name] already exists.]. @16-10-2021 02:02:08.0954 AM
[ReportManager] Element Action [GetText] successfully performed. With the following test data [INC_004010050:Another SCHEDULER with the same name [Duplicate Job Name] already exists.]. @16-10-2021 02:02:09.0037 AM
[ReportManager] Loaded Shared OpenCV @16-10-2021 02:02:09.0172 AM
[ReportManager] Assertion [ValidateElementAttribute] PASSED. Expected [Value Should be 'INC_004010050:Another SCHEDULER with the same name \[Duplicate Job Name\] already exists.' for the 'text' attribute, element locator 'By.name: q'] and Actual [INC_004010050:Another SCHEDULER with the same name [Duplicate Job Name] already exists.]. Comparison Type [MATCHES]. Validation Type [POSITIVE]. @16-10-2021 02:02:09.0246 AM
[ReportManager] Successfully created attachment [Screenshot - 1634349729172_test_assertElementAttribute_ValidateElementAttribute_passed] @16-10-2021 02:02:09.0247 A
[ReportManager] Browser Action [CloseCurrentWindow] successfully performed. @16-10-2021 02:02:09.0366 AM
[ReportManager] Successfully created attachment [Browser Action Test Data - CloseCurrentWindow - Actual Value] @16-10-2021 02:02:09.0366 A
[ReportManager] File Action [GetAbsolutePath] successfully performed. With the following test data [Relative Folder Path: "target/downloadedFiles/"]. @16-10-2021 02:02:09.0368 AM
[ReportManager] Attempting to run remotely on: [Linux-64], [GoogleChrome], [http://localhost:4444/wd/hub], Headless Execution. @16-10-2021 02:02:09.0368 AM
[ReportManager] Successfully Opened [GoogleChrome]. @16-10-2021 02:02:09.0596 A

################################################################################################################################################
Starting Execution:	[126 out of 143] test cases in the current suite
Test Method:		[testPackage01.Test_verifyEquals.test_assertElementAttribute]
################################################################################################################################################
[ReportManager] Target URL: [https://www.google.com/ncr], and after redirection: [https://www.google.com] @16-10-2021 02:02:09.0616 AM
[ReportManager] Initial URL: [data:,] @16-10-2021 02:02:09.0690 AM
[ReportManager] Browser Action [NavigateToURL] successfully performed. With the following test data [https://www.google.com/ncr]. @16-10-2021 02:02:10.0566 AM
[ReportManager] Element Action [Type] successfully performed. With the following test data [INC_004010050:Another SCHEDULER with the same name [Duplicate Job Name] already exists.]. @16-10-2021 02:02:11.0285 AM
[ReportManager] Element Action [GetText] successfully performed. With the following test data [INC_004010050:Another SCHEDULER with the same name [Duplicate Job Name] already exists.]. @16-10-2021 02:02:11.0389 AM
[ReportManager] Loaded Shared OpenCV @16-10-2021 02:02:11.0522 AM
[ReportManager] Verification [ValidateElementAttribute] PASSED. Expected [Value Should be 'INC_004010050:Another SCHEDULER with the same name \[Duplicate Job Name\] already exists.' for the 'text' attribute, element locator 'By.name: q'] and Actual [INC_004010050:Another SCHEDULER with the same name [Duplicate Job Name] already exists.]. Comparison Type [MATCHES]. Validation Type [POSITIVE]. @16-10-2021 02:02:11.0610 AM
[ReportManager] Successfully created attachment [Screenshot - 1634349731522_test_assertElementAttribute_ValidateElementAttribute_passed] @16-10-2021 02:02:11.0611 A
[ReportManager] Browser Action [CloseCurrentWindow] successfully performed. @16-10-2021 02:02:11.0726 AM
[ReportManager] Successfully created attachment [Browser Action Test Data - CloseCurrentWindow - Actual Value] @16-10-2021 02:02:11.0727 A

################################################################################################################################################
Starting Execution:	[127 out of 143] test cases in the current suite
Test Method:		[testPackage01.Test_JsonActions.f]
###############################################################################################################################################

################################################################################################################################################
Starting Execution:	[128 out of 143] test cases in the current suite
Test Method:		[testPackage01.Test_JsonActions.f2]
###############################################################################################################################################

################################################################################################################################################
Starting Execution:	[129 out of 143] test cases in the current suite
Test Method:		[testPackage01.Test_PDF.testPDF_Downloaded]
################################################################################################################################################
[ReportManager] File Action [DoesFileExist] successfully performed. With the following test data [File Path: "src/test/resources/TestDataFiles/sample.pdf"]. @16-10-2021 02:02:11.0748 AM
[ReportManager] File Action [GetAbsolutePath] successfully performed. With the following test data [Relative File Path: "src/test/resources/TestDataFiles/sample.pdf"]. @16-10-2021 02:02:11.0748 AM
[ReportManager] Assertion [ValidateTrue] PASSED. Expected [TRUE] and Actual [TRUE]. Validation Type [POSITIVE]. @16-10-2021 02:02:13.0352 A
[ReportManager] File Action [GetAbsolutePath] successfully performed. With the following test data [Relative Folder Path: "target/downloadedFiles/"]. @16-10-2021 02:02:13.0357 AM
[ReportManager] Attempting to run remotely on: [Linux-64], [GoogleChrome], [http://localhost:4444/wd/hub], Headless Execution. @16-10-2021 02:02:13.0357 AM
[ReportManager] Successfully Opened [GoogleChrome]. @16-10-2021 02:02:13.0567 A

################################################################################################################################################
Starting Execution:	[130 out of 143] test cases in the current suite
Test Method:		[testPackage01.Test_dragAndDrop.dragAndDropJquery]
################################################################################################################################################
[ReportManager] Target URL: [https://jqueryui.com/resources/demos/droppable/default.html] @16-10-2021 02:02:13.0586 AM
[ReportManager] Initial URL: [data:,] @16-10-2021 02:02:13.0625 AM
[ReportManager] Browser Action [NavigateToURL] successfully performed. With the following test data [https://jqueryui.com/resources/demos/droppable/default.html]. @16-10-2021 02:02:14.0014 AM
[ReportManager] Element Action [GetText] successfully performed. With the following test data [Drop here]. @16-10-2021 02:02:14.0088 AM
[ReportManager] Element Action [DragAndDrop] successfully performed. With the following test data [Start point: (8, 18), End point: (8, 18)]. @16-10-2021 02:02:15.0398 AM
[ReportManager] Element Action [GetText] successfully performed. With the following test data [Dropped!]. @16-10-2021 02:02:15.0458 AM
[ReportManager] Assertion Passed: Checking to see if the text has changed after performing drag and drop @16-10-2021 02:02:15.0458 AM
[ReportManager] Assertion [ValidateEquals] PASSED. Expected [Drop here] and Actual [Dropped!]. Comparison Type [EQUALS]. Validation Type [NEGATIVE]. @16-10-2021 02:02:15.0458 A
[ReportManager] Browser Action [CloseCurrentWindow] successfully performed. @16-10-2021 02:02:15.0569 AM
[ReportManager] Successfully created attachment [Browser Action Test Data - CloseCurrentWindow - Actual Value] @16-10-2021 02:02:15.0569 A
[ReportManager] File Action [GetAbsolutePath] successfully performed. With the following test data [Relative Folder Path: "target/downloadedFiles/"]. @16-10-2021 02:02:15.0571 AM
[ReportManager] Attempting to run remotely on: [Linux-64], [GoogleChrome], [http://localhost:4444/wd/hub], Headless Execution. @16-10-2021 02:02:15.0571 AM
[ReportManager] Successfully Opened [GoogleChrome]. @16-10-2021 02:02:15.0804 A

################################################################################################################################################
Starting Execution:	[131 out of 143] test cases in the current suite
Test Method:		[testPackage01.Test_dragAndDrop.dragAndDrop]
Test Description:	[TC001 - Test Drag and Drop function.]
################################################################################################################################################
[ReportManager] Target URL: [http://the-internet.herokuapp.com/drag_and_drop] @16-10-2021 02:02:15.0823 AM
[ReportManager] Initial URL: [data:,] @16-10-2021 02:02:15.0863 AM
[ReportManager] Browser Action [NavigateToURL] successfully performed. With the following test data [http://the-internet.herokuapp.com/drag_and_drop]. @16-10-2021 02:02:16.0205 AM
[ReportManager] Attempting Drag and Drop @16-10-2021 02:02:16.0205 AM
[ReportManager] Element Action [DragAndDrop] successfully performed. With the following test data [Start point: (32, 90), End point: (247, 90)]. @16-10-2021 02:02:17.0393 A
[ReportManager] Browser Action [CloseCurrentWindow] successfully performed. @16-10-2021 02:02:17.0493 AM
[ReportManager] Successfully created attachment [Browser Action Test Data - CloseCurrentWindow - Actual Value] @16-10-2021 02:02:17.0493 A
[ReportManager] File Action [GetAbsolutePath] successfully performed. With the following test data [Relative Folder Path: "target/downloadedFiles/"]. @16-10-2021 02:02:17.0495 AM
[ReportManager] Attempting to run remotely on: [Linux-64], [GoogleChrome], [http://localhost:4444/wd/hub], Headless Execution. @16-10-2021 02:02:17.0495 AM
[ReportManager] Successfully Opened [GoogleChrome]. @16-10-2021 02:02:17.0695 A

################################################################################################################################################
Starting Execution:	[132 out of 143] test cases in the current suite
Test Method:		[testPackage01.Test_dragAndDrop.dragAndDropByOffset]
Test Description:	[TC002 - Test Drag and Drop by offset function.]
################################################################################################################################################
[ReportManager] Target URL: [https://jqueryui.com/resources/demos/draggable/default.html] @16-10-2021 02:02:17.0709 AM
[ReportManager] Initial URL: [data:,] @16-10-2021 02:02:17.0754 AM
[ReportManager] Browser Action [NavigateToURL] successfully performed. With the following test data [https://jqueryui.com/resources/demos/draggable/default.html]. @16-10-2021 02:02:18.0074 AM
[ReportManager] Element Action [DragAndDropByOffset] successfully performed. With the following test data [Start point: (8, 8), End point: (108, 58)]. @16-10-2021 02:02:18.0221 A
[ReportManager] Browser Action [CloseCurrentWindow] successfully performed. @16-10-2021 02:02:18.0321 AM
[ReportManager] Successfully created attachment [Browser Action Test Data - CloseCurrentWindow - Actual Value] @16-10-2021 02:02:18.0321 A
[ReportManager] File Action [GetAbsolutePath] successfully performed. With the following test data [Relative Folder Path: "target/downloadedFiles/"]. @16-10-2021 02:02:18.0323 AM
[ReportManager] Attempting to run remotely on: [Linux-64], [GoogleChrome], [http://localhost:4444/wd/hub], Headless Execution. @16-10-2021 02:02:18.0323 AM
[ReportManager] Successfully Opened [GoogleChrome]. @16-10-2021 02:02:18.0535 A

################################################################################################################################################
Starting Execution:	[133 out of 143] test cases in the current suite
Test Method:		[testPackage01.Test_clipboardActions.typeTextAndCopyPaste]
################################################################################################################################################
[ReportManager] Target URL: [https://www.google.com/ncr], and after redirection: [https://www.google.com] @16-10-2021 02:02:18.0547 AM
[ReportManager] Initial URL: [data:,] @16-10-2021 02:02:18.0585 AM
[ReportManager] Browser Action [NavigateToURL] successfully performed. With the following test data [https://www.google.com/ncr]. @16-10-2021 02:02:19.0398 AM
[ReportManager] Element Action [Type] successfully performed. With the following test data [FIRST]. @16-10-2021 02:02:19.0742 AM
[ReportManager] Element Action [ClipboardActions] successfully performed. With the following test data [select all]. @16-10-2021 02:02:19.0805 AM
[ReportManager] Element Action [ClipboardActions] successfully performed. With the following test data [copy]. @16-10-2021 02:02:19.0850 AM
[ReportManager] Element Action [ClipboardActions] successfully performed. With the following test data [unselect]. @16-10-2021 02:02:19.0900 AM
[ReportManager] Element Action [ClipboardActions] successfully performed. With the following test data [paste]. @16-10-2021 02:02:19.0950 AM
[ReportManager] Element Action [ClipboardActions] successfully performed. With the following test data [select all]. @16-10-2021 02:02:19.0998 AM
[ReportManager] Element Action [Type] successfully performed. @16-10-2021 02:02:20.0204 AM
[ReportManager] Element Action [ClipboardActions] successfully performed. With the following test data [cut]. @16-10-2021 02:02:20.0204 AM
[ReportManager] Element Action [ClipboardActions] successfully performed. With the following test data [paste]. @16-10-2021 02:02:20.0270 AM
[ReportManager] Element Action [ClipboardActions] successfully performed. With the following test data [paste]. @16-10-2021 02:02:20.0328 A
[ReportManager] Browser Action [CloseCurrentWindow] successfully performed. @16-10-2021 02:02:20.0457 AM
[ReportManager] Successfully created attachment [Browser Action Test Data - CloseCurrentWindow - Actual Value] @16-10-2021 02:02:20.0458 A
[ReportManager] File Action [GetAbsolutePath] successfully performed. With the following test data [Relative Folder Path: "target/downloadedFiles/"]. @16-10-2021 02:02:20.0459 AM
[ReportManager] Attempting to run remotely on: [Linux-64], [GoogleChrome], [http://localhost:4444/wd/hub], Headless Execution. @16-10-2021 02:02:20.0459 AM
[ReportManager] Successfully Opened [GoogleChrome]. @16-10-2021 02:02:20.0688 A

################################################################################################################################################
Starting Execution:	[134 out of 143] test cases in the current suite
Test Method:		[testPackage01.Test_dynamicLoading.dynamicLoading_elementIsHidden]
################################################################################################################################################
[ReportManager] Target URL: [https://the-internet.herokuapp.com/dynamic_loading/1] @16-10-2021 02:02:20.0710 AM
[ReportManager] Initial URL: [data:,] @16-10-2021 02:02:20.0749 AM
[ReportManager] Browser Action [NavigateToURL] successfully performed. With the following test data [https://the-internet.herokuapp.com/dynamic_loading/1]. @16-10-2021 02:02:21.0198 AM
[ReportManager] Element Action [Click] successfully performed. With the following test data [Start]. @16-10-2021 02:02:21.0517 AM
[ReportManager] Element Action [GetText] successfully performed. With the following test data [
    Hello World!
  ]. @16-10-2021 02:02:21.0612 AM
[ReportManager] Loaded Shared OpenCV @16-10-2021 02:02:21.0754 AM
[ReportManager] Assertion [ValidateElementAttribute] PASSED. Expected [Value Should be 'Hello World!' for the 'text' attribute, element locator 'By.id: finish'] and Actual [
    Hello World!
  ]. Comparison Type [CONTAINS]. Validation Type [POSITIVE]. @16-10-2021 02:02:21.0834 AM
[ReportManager] Successfully created attachment [Screenshot - 1634349741754_dynamicLoading_elementIsHidden_ValidateElementAttribute_passed] @16-10-2021 02:02:21.0834 A
[ReportManager] Browser Action [CloseCurrentWindow] successfully performed. @16-10-2021 02:02:21.0927 AM
[ReportManager] Successfully created attachment [Browser Action Test Data - CloseCurrentWindow - Actual Value] @16-10-2021 02:02:21.0927 A
[ReportManager] File Action [GetAbsolutePath] successfully performed. With the following test data [Relative Folder Path: "target/downloadedFiles/"]. @16-10-2021 02:02:21.0929 AM
[ReportManager] Attempting to run remotely on: [Linux-64], [GoogleChrome], [http://localhost:4444/wd/hub], Headless Execution. @16-10-2021 02:02:21.0929 AM
[ReportManager] Successfully Opened [GoogleChrome]. @16-10-2021 02:02:22.0134 A

################################################################################################################################################
Starting Execution:	[135 out of 143] test cases in the current suite
Test Method:		[testPackage01.Test_dynamicLoading.dynamicLoading_elementIsRendered]
################################################################################################################################################
[ReportManager] Target URL: [https://the-internet.herokuapp.com/dynamic_loading/2] @16-10-2021 02:02:22.0147 AM
[ReportManager] Initial URL: [data:,] @16-10-2021 02:02:22.0186 AM
[ReportManager] Browser Action [NavigateToURL] successfully performed. With the following test data [https://the-internet.herokuapp.com/dynamic_loading/2]. @16-10-2021 02:02:22.0560 AM
[ReportManager] Element Action [Click] successfully performed. With the following test data [Start]. @16-10-2021 02:02:22.0851 AM
[ReportManager] Element Action [GetText] successfully performed. With the following test data [Hello World!]. @16-10-2021 02:02:28.0043 AM
[ReportManager] Loaded Shared OpenCV @16-10-2021 02:02:28.0170 AM
[ReportManager] Assertion [ValidateElementAttribute] PASSED. Expected [Value Should be 'Hello World!' for the 'text' attribute, element locator 'By.id: finish'] and Actual [Hello World!]. Comparison Type [CONTAINS]. Validation Type [POSITIVE]. @16-10-2021 02:02:28.0243 AM
[ReportManager] Successfully created attachment [Screenshot - 1634349748170_dynamicLoading_elementIsRendered_ValidateElementAttribute_passed] @16-10-2021 02:02:28.0244 A
[ReportManager] Browser Action [CloseCurrentWindow] successfully performed. @16-10-2021 02:02:28.0338 AM
[ReportManager] Successfully created attachment [Browser Action Test Data - CloseCurrentWindow - Actual Value] @16-10-2021 02:02:28.0339 A
[ReportManager] File Action [GetAbsolutePath] successfully performed. With the following test data [Relative Folder Path: "target/downloadedFiles/"]. @16-10-2021 02:02:28.0340 AM
[ReportManager] Attempting to run remotely on: [Linux-64], [GoogleChrome], [http://localhost:4444/wd/hub], Headless Execution. @16-10-2021 02:02:28.0340 AM
[ReportManager] Successfully Opened [GoogleChrome]. @16-10-2021 02:02:28.0517 A

################################################################################################################################################
Starting Execution:	[136 out of 143] test cases in the current suite
Test Method:		[testPackage01.Test_uploadFile.uploadFile_invisibleUploadInput]
################################################################################################################################################
[ReportManager] Target URL: [https://fineuploader.com/demos.html#gallery-view] @16-10-2021 02:02:28.0528 AM
[ReportManager] Initial URL: [data:,] @16-10-2021 02:02:28.0565 AM
[ReportManager] Browser Action [NavigateToURL] successfully performed. With the following test data [https://fineuploader.com/demos.html#gallery-view]. @16-10-2021 02:02:29.0904 AM
[ReportManager] File Action [GetAbsolutePath] successfully performed. With the following test data [Relative File Path: "src/main/resources/images/shaft.png"]. @16-10-2021 02:02:29.0904 AM
[ReportManager] Successfully created attachment [File Action Actual Result - Command Log] @16-10-2021 02:02:29.0904 AM
[ReportManager] Element Action [TypeFileLocationForUpload] successfully performed. With the following test data [/home/runner/work/SHAFT_ENGINE/SHAFT_ENGINE/src/main/resources/images/shaft.png]. @16-10-2021 02:02:30.0102 AM
[ReportManager] Attempting to getAttribute [src] from elementLocator [By.xpath: //div[@id='fine-uploader-gallery']//div[@class='qq-thumbnail-wrapper']/img]. @16-10-2021 02:02:30.0102 AM
[ReportManager] Element Action [GetAttribute] successfully performed. @16-10-2021 02:02:30.0228 AM
[ReportManager] Successfully created attachment [Element Action Test Data - GetAttribute - Actual Value] @16-10-2021 02:02:30.0229 AM
[ReportManager] Loaded Shared OpenCV @16-10-2021 02:02:30.0380 AM
[ReportManager] Assertion [ValidateElementAttribute] PASSED. Expected and Actual values are attached. Comparison Type [CONTAINS]. Validation Type [POSITIVE]. @16-10-2021 02:02:30.0487 AM
[ReportManager] Successfully created attachment [Validation Test Data - Expected Value] @16-10-2021 02:02:30.0488 AM
[ReportManager] Successfully created attachment [Validation Test Data - Actual Value] @16-10-2021 02:02:30.0488 AM
[ReportManager] Successfully created attachment [Screenshot - 1634349750379_uploadFile_invisibleUploadInput_ValidateElementAttribute_passed] @16-10-2021 02:02:30.0489 A
[ReportManager] Browser Action [CloseCurrentWindow] successfully performed. @16-10-2021 02:02:30.0647 AM
[ReportManager] Successfully created attachment [Browser Action Test Data - CloseCurrentWindow - Actual Value] @16-10-2021 02:02:30.0648 A
[ReportManager] File Action [GetAbsolutePath] successfully performed. With the following test data [Relative Folder Path: "target/downloadedFiles/"]. @16-10-2021 02:02:30.0651 AM
[ReportManager] Attempting to run remotely on: [Linux-64], [GoogleChrome], [http://localhost:4444/wd/hub], Headless Execution. @16-10-2021 02:02:30.0652 AM
[ReportManager] Successfully Opened [GoogleChrome]. @16-10-2021 02:02:30.0869 A

################################################################################################################################################
Starting Execution:	[137 out of 143] test cases in the current suite
Test Method:		[testPackage01.Test_uploadFile.uploadFile_visibleUploadInput]
################################################################################################################################################
[ReportManager] Target URL: [http://demo.guru99.com/test/upload/] @16-10-2021 02:02:30.0886 AM
[ReportManager] Initial URL: [data:,] @16-10-2021 02:02:30.0930 AM
[ReportManager] Browser Action [NavigateToURL] successfully performed. With the following test data [http://demo.guru99.com/test/upload/]. @16-10-2021 02:02:31.0931 AM
[ReportManager] File Action [GetAbsolutePath] successfully performed. With the following test data [Relative File Path: "src/main/resources/images/shaft.png"]. @16-10-2021 02:02:31.0932 AM
[ReportManager] Successfully created attachment [File Action Actual Result - Command Log] @16-10-2021 02:02:31.0932 AM
[ReportManager] Element Action [TypeFileLocationForUpload] successfully performed. With the following test data [/home/runner/work/SHAFT_ENGINE/SHAFT_ENGINE/src/main/resources/images/shaft.png]. @16-10-2021 02:02:32.0104 AM
[ReportManager] Element Action [Click] successfully performed. With the following test data [on]. @16-10-2021 02:02:32.0447 AM
[ReportManager] Element Action [Click] successfully performed. With the following test data [Submit File]. @16-10-2021 02:02:32.0763 AM
[ReportManager] Element Action [GetText] successfully performed. With the following test data [1 file
has been successfully uploaded.]. @16-10-2021 02:02:33.0396 AM
[ReportManager] Loaded Shared OpenCV @16-10-2021 02:02:33.0537 AM
[ReportManager] Assertion [ValidateElementAttribute] PASSED. Expected [Value Should be '1 file' for the 'Text' attribute, element locator 'By.id: res'] and Actual [1 file
has been successfully uploaded.]. Comparison Type [CONTAINS]. Validation Type [POSITIVE]. @16-10-2021 02:02:33.0616 AM
[ReportManager] Successfully created attachment [Screenshot - 1634349753537_uploadFile_visibleUploadInput_ValidateElementAttribute_passed] @16-10-2021 02:02:33.0617 A
[ReportManager] Browser Action [CloseCurrentWindow] successfully performed. @16-10-2021 02:02:33.0717 AM
[ReportManager] Successfully created attachment [Browser Action Test Data - CloseCurrentWindow - Actual Value] @16-10-2021 02:02:33.0717 A

################################################################################################################################################
Starting Execution:	[138 out of 143] test cases in the current suite
Test Method:		[testPackage01.Test_SelectedValue.multipleSelect]
################################################################################################################################################
[ReportManager] File Action [GetAbsolutePath] successfully performed. With the following test data [Relative Folder Path: "target/downloadedFiles/"]. @16-10-2021 02:02:33.0720 AM
[ReportManager] Attempting to run remotely on: [Linux-64], [GoogleChrome], [http://localhost:4444/wd/hub], Headless Execution. @16-10-2021 02:02:33.0720 AM
[ReportManager] Successfully Opened [GoogleChrome]. @16-10-2021 02:02:33.0917 AM
[ReportManager] Target URL: [https://yari-demos.prod.mdn.mozit.cloud/en-US/docs/Web/HTML/Element/select/_sample_.Advanced_select_with_multiple_features.html] @16-10-2021 02:02:33.0927 AM
[ReportManager] Initial URL: [data:,] @16-10-2021 02:02:33.0968 AM
[ReportManager] Browser Action [NavigateToURL] successfully performed. With the following test data [https://yari-demos.prod.mdn.mozit.cloud/en-US/docs/Web/HTML/Element/select/_sample_.Advanced_select_with_multiple_features.html]. @16-10-2021 02:02:34.0253 AM
[ReportManager] Element Action [Select] successfully performed. With the following test data [Dog]. @16-10-2021 02:02:34.0466 AM
[ReportManager] Element Action [Select] successfully performed. With the following test data [Cat]. @16-10-2021 02:02:34.0654 AM
[ReportManager] Element Action [GetSelectedText] successfully performed. With the following test data [DogCat]. @16-10-2021 02:02:34.0784 AM
[ReportManager] DogCat @16-10-2021 02:02:34.0784 AM
[ReportManager] Element Action [GetSelectedText] successfully performed. With the following test data [DogCat]. @16-10-2021 02:02:34.0898 AM
[ReportManager] Loaded Shared OpenCV @16-10-2021 02:02:35.0014 AM
[ReportManager] Assertion [ValidateElementAttribute] PASSED. Expected [Value Should be 'DogCat' for the 'selectedText' attribute, element locator 'By.tagName: select'] and Actual [DogCat]. Comparison Type [EQUALS]. Validation Type [POSITIVE]. @16-10-2021 02:02:35.0090 AM
[ReportManager] Successfully created attachment [Screenshot - 1634349755013_multipleSelect_ValidateElementAttribute_passed] @16-10-2021 02:02:35.0091 AM
[ReportManager] Browser Action [CloseCurrentWindow] successfully performed. @16-10-2021 02:02:35.0185 AM
[ReportManager] Successfully created attachment [Browser Action Test Data - CloseCurrentWindow - Actual Value] @16-10-2021 02:02:35.0185 A

################################################################################################################################################
Starting Execution:	[139 out of 143] test cases in the current suite
Test Method:		[testPackage01.Test_SelectedValue.simpleSelect]
################################################################################################################################################
[ReportManager] File Action [GetAbsolutePath] successfully performed. With the following test data [Relative Folder Path: "target/downloadedFiles/"]. @16-10-2021 02:02:35.0196 AM
[ReportManager] Attempting to run remotely on: [Linux-64], [GoogleChrome], [http://localhost:4444/wd/hub], Headless Execution. @16-10-2021 02:02:35.0196 AM
[ReportManager] Successfully Opened [GoogleChrome]. @16-10-2021 02:02:35.0428 AM
[ReportManager] Target URL: [https://yari-demos.prod.mdn.mozit.cloud/en-US/docs/Web/HTML/Element/select/_sample_.Basic_select.html] @16-10-2021 02:02:35.0437 AM
[ReportManager] Initial URL: [data:,] @16-10-2021 02:02:35.0476 AM
[ReportManager] Browser Action [NavigateToURL] successfully performed. With the following test data [https://yari-demos.prod.mdn.mozit.cloud/en-US/docs/Web/HTML/Element/select/_sample_.Basic_select.html]. @16-10-2021 02:02:35.0722 AM
[ReportManager] Element Action [Select] successfully performed. With the following test data [Third Value]. @16-10-2021 02:02:36.0026 AM
[ReportManager] Element Action [GetSelectedText] successfully performed. With the following test data [Third Value]. @16-10-2021 02:02:36.0125 AM
[ReportManager] Third Value @16-10-2021 02:02:36.0125 AM
[ReportManager] Element Action [GetSelectedText] successfully performed. With the following test data [Third Value]. @16-10-2021 02:02:36.0219 AM
[ReportManager] Loaded Shared OpenCV @16-10-2021 02:02:36.0330 AM
[ReportManager] Assertion [ValidateElementAttribute] PASSED. Expected [Value Should be 'Third Value' for the 'selectedText' attribute, element locator 'By.tagName: select'] and Actual [Third Value]. Comparison Type [EQUALS]. Validation Type [POSITIVE]. @16-10-2021 02:02:36.0405 AM
[ReportManager] Successfully created attachment [Screenshot - 1634349756330_simpleSelect_ValidateElementAttribute_passed] @16-10-2021 02:02:36.0405 AM
[ReportManager] Browser Action [CloseCurrentWindow] successfully performed. @16-10-2021 02:02:36.0489 AM
[ReportManager] Successfully created attachment [Browser Action Test Data - CloseCurrentWindow - Actual Value] @16-10-2021 02:02:36.0489 A

################################################################################################################################################
Starting Execution:	[140 out of 143] test cases in the current suite
Test Method:		[testPackage01.Test_JSONFileManager.readStringFromJson]
################################################################################################################################################
[ReportManager] Successfully loaded the following test data file [src/test/resources/TestDataFiles/simpleJSON.json]. @16-10-2021 02:02:36.0498 AM
[ReportManager] Successfully created attachment [Test Data - JSON] @16-10-2021 02:02:36.0499 AM
[ReportManager] Assertion [ValidateEquals] PASSED. Expected [Mohab Mohie] and Actual [Mohab Mohie]. Comparison Type [EQUALS]. Validation Type [POSITIVE]. @16-10-2021 02:02:36.0511 A
[ReportManager] Successfully loaded the following test data file [src/test/resources/TestDataFiles/testSuite01/TestData.xlsx]. @16-10-2021 02:02:36.0533 AM
[ReportManager] Successfully created attachment [Test Data - Excel] @16-10-2021 02:02:36.0533 AM
[ReportManager] Attempting to run using Playwright locally on: [Linux-64], [GoogleChrome], Headless Execution. @16-10-2021 02:02:51.0127 AM
[ReportManager] File Action [GetAbsolutePath] successfully performed. With the following test data [Relative Folder Path: "target/downloadedFiles/"]. @16-10-2021 02:02:51.0128 AM
[ReportManager] Initial window size: (1280, 720) @16-10-2021 02:02:51.0645 AM
[ReportManager] Window size after Toolkit: com.microsoft.playwright.options.ViewportSize@6d5c28bc @16-10-2021 02:02:51.0650 AM
[ReportManager] Browser Action [MaximizeWindow] successfully performed. With the following test data [New screen size is now: (1920, 1080)]. @16-10-2021 02:02:51.0651 A

################################################################################################################################################
Starting Execution:	[141 out of 143] test cases in the current suite
Test Method:		[testPackage01.Test_google_playwright.navigateToURLandVerifyGoogleLogoIsDisplayed]
Test Description:	[TC001 - Navigate to URL and Verify Google Logo is Displayed]
################################################################################################################################################
[ReportManager] Target URL: [https://www.google.com/ncr], and after redirection: [https://www.google.com] @16-10-2021 02:02:51.0656 AM
[ReportManager] Initial URL: [about:blank] @16-10-2021 02:02:52.0135 AM
[ReportManager] Browser Action [NavigateToURL] successfully performed. With the following test data [https://www.google.com/ncr]. @16-10-2021 02:02:54.0490 AM
[ReportManager] Loaded Shared OpenCV @16-10-2021 02:02:54.0715 AM
[ReportManager] Assertion [ValidateElementExists] PASSED. Expected [Element Should Exist, locator 'xpath=//*[@id='hplogo' or @alt='Google']'] and Actual [Element Exists]. Comparison Type [EQUALS]. Validation Type [POSITIVE]. @16-10-2021 02:02:54.0949 AM
[ReportManager] Successfully created attachment [Screenshot - 1634349774711_navigateToURLandVerifyGoogleLogoIsDisplayed_ValidateElementExists_passed] @16-10-2021 02:02:54.0950 A

################################################################################################################################################
Starting Execution:	[142 out of 143] test cases in the current suite
Test Method:		[testPackage01.Test_google_playwright.searchForQueryandAssertResultsNumDisplayed]
Test Description:	[TC002 - Search for Query and Assert that the number of results is displayed]
################################################################################################################################################
[ReportManager] Element Action [Type] successfully performed. With the following test data [SHAFT_Engine]. @16-10-2021 02:02:55.0380 AM
[ReportManager] Element Action [KeyPress] successfully performed. With the following test data [Enter]. @16-10-2021 02:02:55.0422 AM
[ReportManager] Element Action [GetText] successfully performed. With the following test data [About 1,180,000 results (0.60 seconds)]. @16-10-2021 02:02:56.0336 AM
[ReportManager] Loaded Shared OpenCV @16-10-2021 02:02:58.0591 AM
[ReportManager] Assertion [ValidateElementAttribute] PASSED. Expected [Value Should not be '' for the 'text' attribute, element locator 'xpath=//div[@id='appbar']'] and Actual [About 1,180,000 results (0.60 seconds)]. Comparison Type [EQUALS]. Validation Type [NEGATIVE]. @16-10-2021 02:02:58.0851 AM
[ReportManager] Successfully created attachment [Screenshot - 1634349778589_searchForQueryandAssertResultsNumDisplayed_ValidateElementAttribute_passed] @16-10-2021 02:02:58.0854 A

################################################################################################################################################
Starting Execution:	[143 out of 143] test cases in the current suite
Test Method:		[testPackage01.Test_google_playwright.clickNextThrice]
Test Description:	[TC003 - Clicks the next button to make sure that the framework can scroll element into view before clicking it]
################################################################################################################################################
[ReportManager] Element Action [Click] successfully performed. With the following test data [Next]. @16-10-2021 02:02:59.0113 A
[ReportManager] Failed to find video recording. @16-10-2021 02:02:59.0114 AM
[ReportManager] Successfully Closed PlayWright Driver. @16-10-2021 02:02:59.0173 A

################################################################################################################################################
Test Closure Activities
################################################################################################################################################
[ReportManager] Successfully created attachment [SHAFT Engine Logs - Execution log] @16-10-2021 02:02:59.0206 AM

################################################################################################################################################
This test run was powered by SHAFT Engine Version: [SHAFT Engine v5.4.20211011]
SHAFT Engine is licensed under the MIT License: [https://github.com/MohabMohie/SHAFT_ENGINE/blob/master/LICENSE].
################################################################################################################################################