################################################################################################################################################
Detected SHAFT Engine Version: [SHAFT Engine v5.4.20211011]
################################################################################################################################################

################################################################################################################################################
Starting Execution:	[1 out of 143] test cases in the current suite
Test Method:		[unitTests.tests_validations_assertions.assertComparativeRelation_greaterThanOrEquals_false_equals_expectedToFail]
################################################################################################################################################
[ReportManager] Assertion [ValidateComparativeRelation] FAILED. Expected [1] and Actual [1]. Comparison Type [GREATER_THAN_OR_EQUALS]. Validation Type [NEGATIVE]. @18-10-2021 02:00:30.0361 A

################################################################################################################################################
Starting Execution:	[2 out of 143] test cases in the current suite
Test Method:		[unitTests.tests_validations_assertions.assertComparativeRelation_greaterThanOrEquals_false_equals_expectedToPass]
################################################################################################################################################
[ReportManager] Assertion [ValidateComparativeRelation] PASSED. Expected [2] and Actual [1]. Comparison Type [GREATER_THAN_OR_EQUALS]. Validation Type [NEGATIVE]. @18-10-2021 02:00:30.0492 A

################################################################################################################################################
Starting Execution:	[3 out of 143] test cases in the current suite
Test Method:		[unitTests.tests_validations_assertions.assertComparativeRelation_greaterThanOrEquals_false_greaterThan_expectedToFail]
################################################################################################################################################
[ReportManager] Assertion [ValidateComparativeRelation] FAILED. Expected [1] and Actual [2]. Comparison Type [GREATER_THAN_OR_EQUALS]. Validation Type [NEGATIVE]. @18-10-2021 02:00:30.0504 A

################################################################################################################################################
Starting Execution:	[4 out of 143] test cases in the current suite
Test Method:		[unitTests.tests_validations_assertions.assertComparativeRelation_greaterThanOrEquals_false_greaterThan_expectedToPass]
################################################################################################################################################
[ReportManager] Assertion [ValidateComparativeRelation] PASSED. Expected [2] and Actual [1]. Comparison Type [GREATER_THAN_OR_EQUALS]. Validation Type [NEGATIVE]. @18-10-2021 02:00:30.0519 A

################################################################################################################################################
Starting Execution:	[5 out of 143] test cases in the current suite
Test Method:		[unitTests.tests_validations_assertions.assertComparativeRelation_greaterThanOrEquals_true_equals_expectedToFail]
################################################################################################################################################
[ReportManager] Assertion [ValidateComparativeRelation] FAILED. Expected [1] and Actual [0]. Comparison Type [GREATER_THAN_OR_EQUALS]. Validation Type [POSITIVE]. @18-10-2021 02:00:30.0531 A

################################################################################################################################################
Starting Execution:	[6 out of 143] test cases in the current suite
Test Method:		[unitTests.tests_validations_assertions.assertComparativeRelation_greaterThanOrEquals_true_equals_expectedToPass]
################################################################################################################################################
[ReportManager] Assertion [ValidateComparativeRelation] PASSED. Expected [1] and Actual [1]. Comparison Type [GREATER_THAN_OR_EQUALS]. Validation Type [POSITIVE]. @18-10-2021 02:00:30.0542 A

################################################################################################################################################
Starting Execution:	[7 out of 143] test cases in the current suite
Test Method:		[unitTests.tests_validations_assertions.assertComparativeRelation_greaterThanOrEquals_true_greaterThan_expectedToFail]
################################################################################################################################################
[ReportManager] Assertion [ValidateComparativeRelation] FAILED. Expected [2] and Actual [1]. Comparison Type [GREATER_THAN_OR_EQUALS]. Validation Type [POSITIVE]. @18-10-2021 02:00:30.0549 A

################################################################################################################################################
Starting Execution:	[8 out of 143] test cases in the current suite
Test Method:		[unitTests.tests_validations_assertions.assertComparativeRelation_greaterThanOrEquals_true_greaterThan_expectedToPass]
################################################################################################################################################
[ReportManager] Assertion [ValidateComparativeRelation] PASSED. Expected [1] and Actual [2]. Comparison Type [GREATER_THAN_OR_EQUALS]. Validation Type [POSITIVE]. @18-10-2021 02:00:30.0558 A
[ReportManager] File Action [GetAbsolutePath] successfully performed. With the following test data [Relative Folder Path: "target/downloadedFiles/"]. @18-10-2021 02:00:30.0576 AM
[ReportManager] Attempting to run remotely on: [Linux-64], [GoogleChrome], [http://localhost:4444/wd/hub], Headless Execution. @18-10-2021 02:00:30.0612 AM
[ReportManager] Successfully Opened [GoogleChrome]. @18-10-2021 02:00:32.0429 AM
[ReportManager] Target URL: [https://www.google.com/ncr], and after redirection: [www.google.com] @18-10-2021 02:00:32.0497 AM
[ReportManager] Initial URL: [data:,] @18-10-2021 02:00:32.0638 AM
[ReportManager] Browser Action [NavigateToURL] successfully performed. With the following test data [https://www.google.com/ncr]. @18-10-2021 02:00:34.0159 A

################################################################################################################################################
Starting Execution:	[9 out of 143] test cases in the current suite
Test Method:		[unitTests.tests_validations_assertions.assertElementAttribute_false_caseInsensitiveComparison_expectedToFail]
################################################################################################################################################
[ReportManager] Element Action [Type] successfully performed. With the following test data [AUTOMATION]. @18-10-2021 02:00:34.0797 AM
[ReportManager] Element Action [GetText] successfully performed. With the following test data [AUTOMATION]. @18-10-2021 02:00:34.0992 AM
[ReportManager] Loaded Shared OpenCV @18-10-2021 02:00:35.0768 AM
[ReportManager] Assertion [ValidateElementAttribute] FAILED. Expected [Value Should not be 'AutomaTion' for the 'text' attribute, element locator 'By.name: q'] and Actual [AUTOMATION]. Comparison Type [CASE_INSENSITIVE]. Validation Type [NEGATIVE]. @18-10-2021 02:00:36.0146 AM
[ReportManager] Successfully created attachment [Screenshot - 1634522435247_assertElementAttribute_false_caseInsensitiveComparison_expectedToFail_ValidateElementAttribute_failed] @18-10-2021 02:00:36.0172 A
[ReportManager] Browser Action [CloseCurrentWindow] successfully performed. @18-10-2021 02:00:36.0369 AM
[ReportManager] Successfully created attachment [Browser Action Test Data - CloseCurrentWindow - Actual Value] @18-10-2021 02:00:36.0379 A
[ReportManager] File Action [GetAbsolutePath] successfully performed. With the following test data [Relative Folder Path: "target/downloadedFiles/"]. @18-10-2021 02:00:36.0389 AM
[ReportManager] Attempting to run remotely on: [Linux-64], [GoogleChrome], [http://localhost:4444/wd/hub], Headless Execution. @18-10-2021 02:00:36.0390 AM
[ReportManager] Successfully Opened [GoogleChrome]. @18-10-2021 02:00:36.0679 AM
[ReportManager] Target URL: [https://www.google.com/ncr], and after redirection: [www.google.com] @18-10-2021 02:00:36.0706 AM
[ReportManager] Initial URL: [data:,] @18-10-2021 02:00:36.0794 AM
[ReportManager] Browser Action [NavigateToURL] successfully performed. With the following test data [https://www.google.com/ncr]. @18-10-2021 02:00:37.0880 A

################################################################################################################################################
Starting Execution:	[10 out of 143] test cases in the current suite
Test Method:		[unitTests.tests_validations_assertions.assertElementAttribute_false_caseInsensitiveComparison_expectedToPass]
################################################################################################################################################
[ReportManager] Element Action [Type] successfully performed. With the following test data [AUTOMATION]. @18-10-2021 02:00:38.0391 AM
[ReportManager] Element Action [GetText] successfully performed. With the following test data [AUTOMATION]. @18-10-2021 02:00:38.0578 AM
[ReportManager] Loaded Shared OpenCV @18-10-2021 02:00:38.0772 AM
[ReportManager] Assertion [ValidateElementAttribute] PASSED. Expected [Value Should not be 'AutomaTion123' for the 'text' attribute, element locator 'By.name: q'] and Actual [AUTOMATION]. Comparison Type [CASE_INSENSITIVE]. Validation Type [NEGATIVE]. @18-10-2021 02:00:38.0926 AM
[ReportManager] Successfully created attachment [Screenshot - 1634522438772_assertElementAttribute_false_caseInsensitiveComparison_expectedToPass_ValidateElementAttribute_passed] @18-10-2021 02:00:38.0930 A
[ReportManager] Browser Action [CloseCurrentWindow] successfully performed. @18-10-2021 02:00:39.0099 AM
[ReportManager] Successfully created attachment [Browser Action Test Data - CloseCurrentWindow - Actual Value] @18-10-2021 02:00:39.0102 A
[ReportManager] File Action [GetAbsolutePath] successfully performed. With the following test data [Relative Folder Path: "target/downloadedFiles/"]. @18-10-2021 02:00:39.0126 AM
[ReportManager] Attempting to run remotely on: [Linux-64], [GoogleChrome], [http://localhost:4444/wd/hub], Headless Execution. @18-10-2021 02:00:39.0127 AM
[ReportManager] Successfully Opened [GoogleChrome]. @18-10-2021 02:00:39.0430 AM
[ReportManager] Target URL: [https://www.google.com/ncr], and after redirection: [www.google.com] @18-10-2021 02:00:39.0449 AM
[ReportManager] Initial URL: [data:,] @18-10-2021 02:00:39.0535 AM
[ReportManager] Browser Action [NavigateToURL] successfully performed. With the following test data [https://www.google.com/ncr]. @18-10-2021 02:00:40.0481 A

################################################################################################################################################
Starting Execution:	[11 out of 143] test cases in the current suite
Test Method:		[unitTests.tests_validations_assertions.assertElementAttribute_false_containsComparison_expectedToFail]
################################################################################################################################################
[ReportManager] Element Action [Type] successfully performed. With the following test data [Automation123]. @18-10-2021 02:00:40.0949 AM
[ReportManager] Element Action [GetText] successfully performed. With the following test data [Automation123]. @18-10-2021 02:00:41.0120 AM
[ReportManager] Loaded Shared OpenCV @18-10-2021 02:00:41.0304 AM
[ReportManager] Assertion [ValidateElementAttribute] FAILED. Expected [Value Should not be 'Automation' for the 'text' attribute, element locator 'By.name: q'] and Actual [Automation123]. Comparison Type [CONTAINS]. Validation Type [NEGATIVE]. @18-10-2021 02:00:41.0401 AM
[ReportManager] Successfully created attachment [Screenshot - 1634522441303_assertElementAttribute_false_containsComparison_expectedToFail_ValidateElementAttribute_failed] @18-10-2021 02:00:41.0402 A
[ReportManager] Browser Action [CloseCurrentWindow] successfully performed. @18-10-2021 02:00:41.0555 AM
[ReportManager] Successfully created attachment [Browser Action Test Data - CloseCurrentWindow - Actual Value] @18-10-2021 02:00:41.0556 A
[ReportManager] File Action [GetAbsolutePath] successfully performed. With the following test data [Relative Folder Path: "target/downloadedFiles/"]. @18-10-2021 02:00:41.0562 AM
[ReportManager] Attempting to run remotely on: [Linux-64], [GoogleChrome], [http://localhost:4444/wd/hub], Headless Execution. @18-10-2021 02:00:41.0562 AM
[ReportManager] Successfully Opened [GoogleChrome]. @18-10-2021 02:00:41.0834 AM
[ReportManager] Target URL: [https://www.google.com/ncr], and after redirection: [www.google.com] @18-10-2021 02:00:41.0864 AM
[ReportManager] Initial URL: [data:,] @18-10-2021 02:00:41.0937 AM
[ReportManager] Browser Action [NavigateToURL] successfully performed. With the following test data [https://www.google.com/ncr]. @18-10-2021 02:00:42.0841 A

################################################################################################################################################
Starting Execution:	[12 out of 143] test cases in the current suite
Test Method:		[unitTests.tests_validations_assertions.assertElementAttribute_false_containsComparison_expectedToPass]
################################################################################################################################################
[ReportManager] Element Action [Type] successfully performed. With the following test data [Automation123]. @18-10-2021 02:00:43.0293 AM
[ReportManager] Element Action [GetText] successfully performed. With the following test data [Automation123]. @18-10-2021 02:00:43.0417 AM
[ReportManager] Loaded Shared OpenCV @18-10-2021 02:00:43.0579 AM
[ReportManager] Assertion [ValidateElementAttribute] PASSED. Expected [Value Should not be 'Automation1234' for the 'text' attribute, element locator 'By.name: q'] and Actual [Automation123]. Comparison Type [CONTAINS]. Validation Type [NEGATIVE]. @18-10-2021 02:00:43.0664 AM
[ReportManager] Successfully created attachment [Screenshot - 1634522443579_assertElementAttribute_false_containsComparison_expectedToPass_ValidateElementAttribute_passed] @18-10-2021 02:00:43.0666 A
[ReportManager] Browser Action [CloseCurrentWindow] successfully performed. @18-10-2021 02:00:43.0828 AM
[ReportManager] Successfully created attachment [Browser Action Test Data - CloseCurrentWindow - Actual Value] @18-10-2021 02:00:43.0829 A
[ReportManager] File Action [GetAbsolutePath] successfully performed. With the following test data [Relative Folder Path: "target/downloadedFiles/"]. @18-10-2021 02:00:43.0833 AM
[ReportManager] Attempting to run remotely on: [Linux-64], [GoogleChrome], [http://localhost:4444/wd/hub], Headless Execution. @18-10-2021 02:00:43.0833 AM
[ReportManager] Successfully Opened [GoogleChrome]. @18-10-2021 02:00:44.0143 AM
[ReportManager] Target URL: [https://www.google.com/ncr], and after redirection: [www.google.com] @18-10-2021 02:00:44.0160 AM
[ReportManager] Initial URL: [data:,] @18-10-2021 02:00:44.0221 AM
[ReportManager] Browser Action [NavigateToURL] successfully performed. With the following test data [https://www.google.com/ncr]. @18-10-2021 02:00:45.0127 A

################################################################################################################################################
Starting Execution:	[13 out of 143] test cases in the current suite
Test Method:		[unitTests.tests_validations_assertions.assertElementAttribute_false_literalComparison_expectedToFail]
################################################################################################################################################
[ReportManager] Element Action [Type] successfully performed. With the following test data [Automation!@#$%^&*()_+{}[]\';/.,]. @18-10-2021 02:00:45.0725 AM
[ReportManager] Element Action [GetText] successfully performed. With the following test data [Automation!@#$%^&*()_+{}[]\';/.,]. @18-10-2021 02:00:45.0882 AM
[ReportManager] Loaded Shared OpenCV @18-10-2021 02:00:46.0072 AM
[ReportManager] Assertion [ValidateElementAttribute] PASSED. Expected [Value Should not be 'Automation!@#$%^&*()_+{}[]\\';/.,' for the 'text' attribute, element locator 'By.name: q'] and Actual [Automation!@#$%^&*()_+{}[]\';/.,]. Comparison Type [EQUALS]. Validation Type [NEGATIVE]. @18-10-2021 02:00:46.0164 AM
[ReportManager] Successfully created attachment [Screenshot - 1634522446072_assertElementAttribute_false_literalComparison_expectedToFail_ValidateElementAttribute_passed] @18-10-2021 02:00:46.0165 A
[ReportManager] Browser Action [CloseCurrentWindow] successfully performed. @18-10-2021 02:00:46.0328 AM
[ReportManager] Successfully created attachment [Browser Action Test Data - CloseCurrentWindow - Actual Value] @18-10-2021 02:00:46.0330 A
[ReportManager] File Action [GetAbsolutePath] successfully performed. With the following test data [Relative Folder Path: "target/downloadedFiles/"]. @18-10-2021 02:00:46.0340 AM
[ReportManager] Attempting to run remotely on: [Linux-64], [GoogleChrome], [http://localhost:4444/wd/hub], Headless Execution. @18-10-2021 02:00:46.0341 AM
[ReportManager] Successfully Opened [GoogleChrome]. @18-10-2021 02:00:46.0615 AM
[ReportManager] Target URL: [https://www.google.com/ncr], and after redirection: [www.google.com] @18-10-2021 02:00:46.0639 AM
[ReportManager] Initial URL: [data:,] @18-10-2021 02:00:46.0695 AM
[ReportManager] Browser Action [NavigateToURL] successfully performed. With the following test data [https://www.google.com/ncr]. @18-10-2021 02:00:47.0662 A

################################################################################################################################################
Starting Execution:	[14 out of 143] test cases in the current suite
Test Method:		[unitTests.tests_validations_assertions.assertElementAttribute_false_literalComparison_expectedToPass]
################################################################################################################################################
[ReportManager] Element Action [Type] successfully performed. With the following test data [Automation!@#$%^&*()_+{}[]\';/.,]. @18-10-2021 02:00:48.0217 AM
[ReportManager] Element Action [GetText] successfully performed. With the following test data [Automation!@#$%^&*()_+{}[]\';/.,]. @18-10-2021 02:00:48.0355 AM
[ReportManager] Loaded Shared OpenCV @18-10-2021 02:00:48.0534 AM
[ReportManager] Assertion [ValidateElementAttribute] PASSED. Expected [Value Should not be 'Automation' for the 'text' attribute, element locator 'By.name: q'] and Actual [Automation!@#$%^&*()_+{}[]\';/.,]. Comparison Type [EQUALS]. Validation Type [NEGATIVE]. @18-10-2021 02:00:48.0638 AM
[ReportManager] Successfully created attachment [Screenshot - 1634522448534_assertElementAttribute_false_literalComparison_expectedToPass_ValidateElementAttribute_passed] @18-10-2021 02:00:48.0639 A
[ReportManager] Browser Action [CloseCurrentWindow] successfully performed. @18-10-2021 02:00:48.0772 AM
[ReportManager] Successfully created attachment [Browser Action Test Data - CloseCurrentWindow - Actual Value] @18-10-2021 02:00:48.0773 A
[ReportManager] File Action [GetAbsolutePath] successfully performed. With the following test data [Relative Folder Path: "target/downloadedFiles/"]. @18-10-2021 02:00:48.0777 AM
[ReportManager] Attempting to run remotely on: [Linux-64], [GoogleChrome], [http://localhost:4444/wd/hub], Headless Execution. @18-10-2021 02:00:48.0777 AM
[ReportManager] Successfully Opened [GoogleChrome]. @18-10-2021 02:00:49.0033 AM
[ReportManager] Target URL: [https://www.google.com/ncr], and after redirection: [www.google.com] @18-10-2021 02:00:49.0064 AM
[ReportManager] Initial URL: [data:,] @18-10-2021 02:00:49.0121 AM
[ReportManager] Browser Action [NavigateToURL] successfully performed. With the following test data [https://www.google.com/ncr]. @18-10-2021 02:00:50.0111 A

################################################################################################################################################
Starting Execution:	[15 out of 143] test cases in the current suite
Test Method:		[unitTests.tests_validations_assertions.assertElementAttribute_false_regexComparison_expectedToFail]
################################################################################################################################################
[ReportManager] Element Action [Type] successfully performed. With the following test data [Automation123]. @18-10-2021 02:00:50.0550 AM
[ReportManager] Element Action [GetText] successfully performed. With the following test data [Automation123]. @18-10-2021 02:00:50.0667 AM
[ReportManager] Loaded Shared OpenCV @18-10-2021 02:00:50.0843 AM
[ReportManager] Assertion [ValidateElementAttribute] FAILED. Expected [Value Should not be 'Automation.*' for the 'text' attribute, element locator 'By.name: q'] and Actual [Automation123]. Comparison Type [MATCHES]. Validation Type [NEGATIVE]. @18-10-2021 02:00:50.0932 AM
[ReportManager] Successfully created attachment [Screenshot - 1634522450843_assertElementAttribute_false_regexComparison_expectedToFail_ValidateElementAttribute_failed] @18-10-2021 02:00:50.0934 A
[ReportManager] Browser Action [CloseCurrentWindow] successfully performed. @18-10-2021 02:00:51.0069 AM
[ReportManager] Successfully created attachment [Browser Action Test Data - CloseCurrentWindow - Actual Value] @18-10-2021 02:00:51.0071 A
[ReportManager] File Action [GetAbsolutePath] successfully performed. With the following test data [Relative Folder Path: "target/downloadedFiles/"]. @18-10-2021 02:00:51.0074 AM
[ReportManager] Attempting to run remotely on: [Linux-64], [GoogleChrome], [http://localhost:4444/wd/hub], Headless Execution. @18-10-2021 02:00:51.0076 AM
[ReportManager] Successfully Opened [GoogleChrome]. @18-10-2021 02:00:51.0324 AM
[ReportManager] Target URL: [https://www.google.com/ncr], and after redirection: [www.google.com] @18-10-2021 02:00:51.0353 AM
[ReportManager] Initial URL: [data:,] @18-10-2021 02:00:51.0419 AM
[ReportManager] Browser Action [NavigateToURL] successfully performed. With the following test data [https://www.google.com/ncr]. @18-10-2021 02:00:52.0352 A

################################################################################################################################################
Starting Execution:	[16 out of 143] test cases in the current suite
Test Method:		[unitTests.tests_validations_assertions.assertElementAttribute_false_regexComparison_expectedToPass]
################################################################################################################################################
[ReportManager] Element Action [Type] successfully performed. With the following test data [Automation123]. @18-10-2021 02:00:52.0773 AM
[ReportManager] Element Action [GetText] successfully performed. With the following test data [Automation123]. @18-10-2021 02:00:52.0896 AM
[ReportManager] Loaded Shared OpenCV @18-10-2021 02:00:53.0042 AM
[ReportManager] Assertion [ValidateElementAttribute] PASSED. Expected [Value Should not be 'Automation' for the 'text' attribute, element locator 'By.name: q'] and Actual [Automation123]. Comparison Type [MATCHES]. Validation Type [NEGATIVE]. @18-10-2021 02:00:53.0130 AM
[ReportManager] Successfully created attachment [Screenshot - 1634522453041_assertElementAttribute_false_regexComparison_expectedToPass_ValidateElementAttribute_passed] @18-10-2021 02:00:53.0131 A
[ReportManager] Browser Action [CloseCurrentWindow] successfully performed. @18-10-2021 02:00:53.0274 AM
[ReportManager] Successfully created attachment [Browser Action Test Data - CloseCurrentWindow - Actual Value] @18-10-2021 02:00:53.0275 A
[ReportManager] File Action [GetAbsolutePath] successfully performed. With the following test data [Relative Folder Path: "target/downloadedFiles/"]. @18-10-2021 02:00:53.0288 AM
[ReportManager] Attempting to run remotely on: [Linux-64], [GoogleChrome], [http://localhost:4444/wd/hub], Headless Execution. @18-10-2021 02:00:53.0288 AM
[ReportManager] Successfully Opened [GoogleChrome]. @18-10-2021 02:00:53.0576 AM
[ReportManager] Target URL: [https://www.google.com/ncr], and after redirection: [www.google.com] @18-10-2021 02:00:53.0594 AM
[ReportManager] Initial URL: [data:,] @18-10-2021 02:00:53.0649 AM
[ReportManager] Browser Action [NavigateToURL] successfully performed. With the following test data [https://www.google.com/ncr]. @18-10-2021 02:00:54.0601 A

################################################################################################################################################
Starting Execution:	[17 out of 143] test cases in the current suite
Test Method:		[unitTests.tests_validations_assertions.assertElementAttribute_true_caseInsensitiveComparison_expectedToFail]
################################################################################################################################################
[ReportManager] Element Action [Type] successfully performed. With the following test data [AUTOMATION]. @18-10-2021 02:00:55.0016 AM
[ReportManager] Element Action [GetText] successfully performed. With the following test data [AUTOMATION]. @18-10-2021 02:00:55.0135 AM
[ReportManager] Loaded Shared OpenCV @18-10-2021 02:00:55.0299 AM
[ReportManager] Assertion [ValidateElementAttribute] FAILED. Expected [Value Should be 'AutomaTion123' for the 'text' attribute, element locator 'By.name: q'] and Actual [AUTOMATION]. Comparison Type [CASE_INSENSITIVE]. Validation Type [POSITIVE]. @18-10-2021 02:00:55.0386 AM
[ReportManager] Successfully created attachment [Screenshot - 1634522455299_assertElementAttribute_true_caseInsensitiveComparison_expectedToFail_ValidateElementAttribute_failed] @18-10-2021 02:00:55.0387 A
[ReportManager] Browser Action [CloseCurrentWindow] successfully performed. @18-10-2021 02:00:55.0535 AM
[ReportManager] Successfully created attachment [Browser Action Test Data - CloseCurrentWindow - Actual Value] @18-10-2021 02:00:55.0536 A
[ReportManager] File Action [GetAbsolutePath] successfully performed. With the following test data [Relative Folder Path: "target/downloadedFiles/"]. @18-10-2021 02:00:55.0539 AM
[ReportManager] Attempting to run remotely on: [Linux-64], [GoogleChrome], [http://localhost:4444/wd/hub], Headless Execution. @18-10-2021 02:00:55.0540 AM
[ReportManager] Successfully Opened [GoogleChrome]. @18-10-2021 02:00:55.0783 AM
[ReportManager] Target URL: [https://www.google.com/ncr], and after redirection: [www.google.com] @18-10-2021 02:00:55.0798 AM
[ReportManager] Initial URL: [data:,] @18-10-2021 02:00:55.0851 AM
[ReportManager] Browser Action [NavigateToURL] successfully performed. With the following test data [https://www.google.com/ncr]. @18-10-2021 02:00:56.0727 A

################################################################################################################################################
Starting Execution:	[18 out of 143] test cases in the current suite
Test Method:		[unitTests.tests_validations_assertions.assertElementAttribute_true_caseInsensitiveComparison_expectedToPass]
################################################################################################################################################
[ReportManager] Element Action [Type] successfully performed. With the following test data [AUTOMATION]. @18-10-2021 02:00:57.0166 AM
[ReportManager] Element Action [GetText] successfully performed. With the following test data [AUTOMATION]. @18-10-2021 02:00:57.0272 AM
[ReportManager] Loaded Shared OpenCV @18-10-2021 02:00:57.0433 AM
[ReportManager] Assertion [ValidateElementAttribute] PASSED. Expected [Value Should be 'AutomaTion' for the 'text' attribute, element locator 'By.name: q'] and Actual [AUTOMATION]. Comparison Type [CASE_INSENSITIVE]. Validation Type [POSITIVE]. @18-10-2021 02:00:57.0522 AM
[ReportManager] Successfully created attachment [Screenshot - 1634522457433_assertElementAttribute_true_caseInsensitiveComparison_expectedToPass_ValidateElementAttribute_passed] @18-10-2021 02:00:57.0524 A
[ReportManager] Browser Action [CloseCurrentWindow] successfully performed. @18-10-2021 02:00:57.0657 AM
[ReportManager] Successfully created attachment [Browser Action Test Data - CloseCurrentWindow - Actual Value] @18-10-2021 02:00:57.0658 A
[ReportManager] File Action [GetAbsolutePath] successfully performed. With the following test data [Relative Folder Path: "target/downloadedFiles/"]. @18-10-2021 02:00:57.0662 AM
[ReportManager] Attempting to run remotely on: [Linux-64], [GoogleChrome], [http://localhost:4444/wd/hub], Headless Execution. @18-10-2021 02:00:57.0663 AM
[ReportManager] Successfully Opened [GoogleChrome]. @18-10-2021 02:00:57.0952 AM
[ReportManager] Target URL: [https://www.google.com/ncr], and after redirection: [www.google.com] @18-10-2021 02:00:57.0967 AM
[ReportManager] Initial URL: [data:,] @18-10-2021 02:00:58.0024 AM
[ReportManager] Browser Action [NavigateToURL] successfully performed. With the following test data [https://www.google.com/ncr]. @18-10-2021 02:00:58.0925 A

################################################################################################################################################
Starting Execution:	[19 out of 143] test cases in the current suite
Test Method:		[unitTests.tests_validations_assertions.assertElementAttribute_true_containsComparison_expectedToFail]
################################################################################################################################################
[ReportManager] Element Action [Type] successfully performed. With the following test data [Automation123]. @18-10-2021 02:00:59.0331 AM
[ReportManager] Element Action [GetText] successfully performed. With the following test data [Automation123]. @18-10-2021 02:00:59.0477 AM
[ReportManager] Loaded Shared OpenCV @18-10-2021 02:00:59.0644 AM
[ReportManager] Assertion [ValidateElementAttribute] FAILED. Expected [Value Should be 'Automation1234' for the 'text' attribute, element locator 'By.name: q'] and Actual [Automation123]. Comparison Type [CONTAINS]. Validation Type [POSITIVE]. @18-10-2021 02:00:59.0731 AM
[ReportManager] Successfully created attachment [Screenshot - 1634522459644_assertElementAttribute_true_containsComparison_expectedToFail_ValidateElementAttribute_failed] @18-10-2021 02:00:59.0732 A
[ReportManager] Browser Action [CloseCurrentWindow] successfully performed. @18-10-2021 02:00:59.0885 AM
[ReportManager] Successfully created attachment [Browser Action Test Data - CloseCurrentWindow - Actual Value] @18-10-2021 02:00:59.0886 A
[ReportManager] File Action [GetAbsolutePath] successfully performed. With the following test data [Relative Folder Path: "target/downloadedFiles/"]. @18-10-2021 02:00:59.0889 AM
[ReportManager] Attempting to run remotely on: [Linux-64], [GoogleChrome], [http://localhost:4444/wd/hub], Headless Execution. @18-10-2021 02:00:59.0890 AM
[ReportManager] Successfully Opened [GoogleChrome]. @18-10-2021 02:01:00.0202 AM
[ReportManager] Target URL: [https://www.google.com/ncr], and after redirection: [www.google.com] @18-10-2021 02:01:00.0217 AM
[ReportManager] Initial URL: [data:,] @18-10-2021 02:01:00.0273 AM
[ReportManager] Browser Action [NavigateToURL] successfully performed. With the following test data [https://www.google.com/ncr]. @18-10-2021 02:01:01.0155 A

################################################################################################################################################
Starting Execution:	[20 out of 143] test cases in the current suite
Test Method:		[unitTests.tests_validations_assertions.assertElementAttribute_true_containsComparison_expectedToPass]
################################################################################################################################################
[ReportManager] Element Action [Type] successfully performed. With the following test data [Automation123]. @18-10-2021 02:01:01.0573 AM
[ReportManager] Element Action [GetText] successfully performed. With the following test data [Automation123]. @18-10-2021 02:01:01.0674 AM
[ReportManager] Loaded Shared OpenCV @18-10-2021 02:01:01.0831 AM
[ReportManager] Assertion [ValidateElementAttribute] PASSED. Expected [Value Should be 'Automation' for the 'text' attribute, element locator 'By.name: q'] and Actual [Automation123]. Comparison Type [CONTAINS]. Validation Type [POSITIVE]. @18-10-2021 02:01:01.0920 AM
[ReportManager] Successfully created attachment [Screenshot - 1634522461831_assertElementAttribute_true_containsComparison_expectedToPass_ValidateElementAttribute_passed] @18-10-2021 02:01:01.0921 A
[ReportManager] Browser Action [CloseCurrentWindow] successfully performed. @18-10-2021 02:01:02.0055 AM
[ReportManager] Successfully created attachment [Browser Action Test Data - CloseCurrentWindow - Actual Value] @18-10-2021 02:01:02.0056 A
[ReportManager] File Action [GetAbsolutePath] successfully performed. With the following test data [Relative Folder Path: "target/downloadedFiles/"]. @18-10-2021 02:01:02.0059 AM
[ReportManager] Attempting to run remotely on: [Linux-64], [GoogleChrome], [http://localhost:4444/wd/hub], Headless Execution. @18-10-2021 02:01:02.0059 AM
[ReportManager] Successfully Opened [GoogleChrome]. @18-10-2021 02:01:02.0348 AM
[ReportManager] Target URL: [https://www.google.com/ncr], and after redirection: [www.google.com] @18-10-2021 02:01:02.0361 AM
[ReportManager] Initial URL: [data:,] @18-10-2021 02:01:02.0407 AM
[ReportManager] Browser Action [NavigateToURL] successfully performed. With the following test data [https://www.google.com/ncr]. @18-10-2021 02:01:03.0265 A

################################################################################################################################################
Starting Execution:	[21 out of 143] test cases in the current suite
Test Method:		[unitTests.tests_validations_assertions.assertElementAttribute_true_literalComparison_expectedToFail]
################################################################################################################################################
[ReportManager] Element Action [Type] successfully performed. With the following test data [Automation!@#$%^&*()_+{}[]\';/.,]. @18-10-2021 02:01:03.0809 AM
[ReportManager] Element Action [GetText] successfully performed. With the following test data [Automation!@#$%^&*()_+{}[]\';/.,]. @18-10-2021 02:01:03.0965 AM
[ReportManager] Loaded Shared OpenCV @18-10-2021 02:01:04.0153 AM
[ReportManager] Assertion [ValidateElementAttribute] FAILED. Expected [Value Should be 'Automation' for the 'text' attribute, element locator 'By.name: q'] and Actual [Automation!@#$%^&*()_+{}[]\';/.,]. Comparison Type [EQUALS]. Validation Type [POSITIVE]. @18-10-2021 02:01:04.0241 AM
[ReportManager] Successfully created attachment [Screenshot - 1634522464152_assertElementAttribute_true_literalComparison_expectedToFail_ValidateElementAttribute_failed] @18-10-2021 02:01:04.0243 A
[ReportManager] Browser Action [CloseCurrentWindow] successfully performed. @18-10-2021 02:01:04.0394 AM
[ReportManager] Successfully created attachment [Browser Action Test Data - CloseCurrentWindow - Actual Value] @18-10-2021 02:01:04.0395 A
[ReportManager] File Action [GetAbsolutePath] successfully performed. With the following test data [Relative Folder Path: "target/downloadedFiles/"]. @18-10-2021 02:01:04.0399 AM
[ReportManager] Attempting to run remotely on: [Linux-64], [GoogleChrome], [http://localhost:4444/wd/hub], Headless Execution. @18-10-2021 02:01:04.0399 AM
[ReportManager] Successfully Opened [GoogleChrome]. @18-10-2021 02:01:04.0701 AM
[ReportManager] Target URL: [https://www.google.com/ncr], and after redirection: [www.google.com] @18-10-2021 02:01:04.0713 AM
[ReportManager] Initial URL: [data:,] @18-10-2021 02:01:04.0770 AM
[ReportManager] Browser Action [NavigateToURL] successfully performed. With the following test data [https://www.google.com/ncr]. @18-10-2021 02:01:05.0682 A

################################################################################################################################################
Starting Execution:	[22 out of 143] test cases in the current suite
Test Method:		[unitTests.tests_validations_assertions.assertElementAttribute_true_literalComparison_expectedToPass]
################################################################################################################################################
[ReportManager] Element Action [Type] successfully performed. With the following test data [Automation!@#$%^&*()_+{}[]\';/.,]. @18-10-2021 02:01:06.0208 AM
[ReportManager] Element Action [GetText] successfully performed. With the following test data [Automation!@#$%^&*()_+{}[]\';/.,]. @18-10-2021 02:01:06.0316 AM
[ReportManager] Loaded Shared OpenCV @18-10-2021 02:01:06.0468 AM
[ReportManager] Assertion [ValidateElementAttribute] PASSED. Expected [Value Should be 'Automation!@#$%^&*()_+{}[]\';/.,' for the 'text' attribute, element locator 'By.name: q'] and Actual [Automation!@#$%^&*()_+{}[]\';/.,]. Comparison Type [EQUALS]. Validation Type [POSITIVE]. @18-10-2021 02:01:06.0556 AM
[ReportManager] Successfully created attachment [Screenshot - 1634522466468_assertElementAttribute_true_literalComparison_expectedToPass_ValidateElementAttribute_passed] @18-10-2021 02:01:06.0557 A
[ReportManager] Browser Action [CloseCurrentWindow] successfully performed. @18-10-2021 02:01:06.0695 AM
[ReportManager] Successfully created attachment [Browser Action Test Data - CloseCurrentWindow - Actual Value] @18-10-2021 02:01:06.0696 A
[ReportManager] File Action [GetAbsolutePath] successfully performed. With the following test data [Relative Folder Path: "target/downloadedFiles/"]. @18-10-2021 02:01:06.0699 AM
[ReportManager] Attempting to run remotely on: [Linux-64], [GoogleChrome], [http://localhost:4444/wd/hub], Headless Execution. @18-10-2021 02:01:06.0699 AM
[ReportManager] Successfully Opened [GoogleChrome]. @18-10-2021 02:01:06.0993 AM
[ReportManager] Target URL: [https://www.google.com/ncr], and after redirection: [www.google.com] @18-10-2021 02:01:07.0007 AM
[ReportManager] Initial URL: [data:,] @18-10-2021 02:01:07.0057 AM
[ReportManager] Browser Action [NavigateToURL] successfully performed. With the following test data [https://www.google.com/ncr]. @18-10-2021 02:01:07.0963 A

################################################################################################################################################
Starting Execution:	[23 out of 143] test cases in the current suite
Test Method:		[unitTests.tests_validations_assertions.assertElementAttribute_true_regexComparison_expectedToFail]
################################################################################################################################################
[ReportManager] Element Action [Type] successfully performed. With the following test data [Automation123]. @18-10-2021 02:01:08.0376 AM
[ReportManager] Element Action [GetText] successfully performed. With the following test data [Automation123]. @18-10-2021 02:01:08.0476 AM
[ReportManager] Loaded Shared OpenCV @18-10-2021 02:01:08.0628 AM
[ReportManager] Assertion [ValidateElementAttribute] FAILED. Expected [Value Should be 'Automation' for the 'text' attribute, element locator 'By.name: q'] and Actual [Automation123]. Comparison Type [MATCHES]. Validation Type [POSITIVE]. @18-10-2021 02:01:08.0711 AM
[ReportManager] Successfully created attachment [Screenshot - 1634522468628_assertElementAttribute_true_regexComparison_expectedToFail_ValidateElementAttribute_failed] @18-10-2021 02:01:08.0712 A
[ReportManager] Browser Action [CloseCurrentWindow] successfully performed. @18-10-2021 02:01:08.0853 AM
[ReportManager] Successfully created attachment [Browser Action Test Data - CloseCurrentWindow - Actual Value] @18-10-2021 02:01:08.0854 A
[ReportManager] File Action [GetAbsolutePath] successfully performed. With the following test data [Relative Folder Path: "target/downloadedFiles/"]. @18-10-2021 02:01:08.0858 AM
[ReportManager] Attempting to run remotely on: [Linux-64], [GoogleChrome], [http://localhost:4444/wd/hub], Headless Execution. @18-10-2021 02:01:08.0858 AM
[ReportManager] Successfully Opened [GoogleChrome]. @18-10-2021 02:01:09.0342 AM
[ReportManager] Target URL: [https://www.google.com/ncr], and after redirection: [www.google.com] @18-10-2021 02:01:09.0353 AM
[ReportManager] Initial URL: [data:,] @18-10-2021 02:01:09.0408 AM
[ReportManager] Browser Action [NavigateToURL] successfully performed. With the following test data [https://www.google.com/ncr]. @18-10-2021 02:01:10.0332 A

################################################################################################################################################
Starting Execution:	[24 out of 143] test cases in the current suite
Test Method:		[unitTests.tests_validations_assertions.assertElementAttribute_true_regexComparison_expectedToPass]
################################################################################################################################################
[ReportManager] Element Action [Type] successfully performed. With the following test data [Automation123]. @18-10-2021 02:01:10.0775 AM
[ReportManager] Element Action [GetText] successfully performed. With the following test data [Automation123]. @18-10-2021 02:01:10.0891 AM
[ReportManager] Loaded Shared OpenCV @18-10-2021 02:01:11.0042 AM
[ReportManager] Assertion [ValidateElementAttribute] PASSED. Expected [Value Should be 'Automation.*' for the 'text' attribute, element locator 'By.name: q'] and Actual [Automation123]. Comparison Type [MATCHES]. Validation Type [POSITIVE]. @18-10-2021 02:01:11.0136 AM
[ReportManager] Successfully created attachment [Screenshot - 1634522471042_assertElementAttribute_true_regexComparison_expectedToPass_ValidateElementAttribute_passed] @18-10-2021 02:01:11.0137 A
[ReportManager] Browser Action [CloseCurrentWindow] successfully performed. @18-10-2021 02:01:11.0283 AM
[ReportManager] Successfully created attachment [Browser Action Test Data - CloseCurrentWindow - Actual Value] @18-10-2021 02:01:11.0284 A
[ReportManager] File Action [GetAbsolutePath] successfully performed. With the following test data [Relative Folder Path: "target/downloadedFiles/"]. @18-10-2021 02:01:11.0287 AM
[ReportManager] Attempting to run remotely on: [Linux-64], [GoogleChrome], [http://localhost:4444/wd/hub], Headless Execution. @18-10-2021 02:01:11.0287 AM
[ReportManager] Successfully Opened [GoogleChrome]. @18-10-2021 02:01:11.0530 AM
[ReportManager] Target URL: [https://www.google.com/ncr], and after redirection: [www.google.com] @18-10-2021 02:01:11.0540 AM
[ReportManager] Initial URL: [data:,] @18-10-2021 02:01:11.0585 AM
[ReportManager] Browser Action [NavigateToURL] successfully performed. With the following test data [https://www.google.com/ncr]. @18-10-2021 02:01:12.0483 A

################################################################################################################################################
Starting Execution:	[25 out of 143] test cases in the current suite
Test Method:		[unitTests.tests_validations_assertions.assertElementAttribute_type_true_literalComparison_expectedToPass]
################################################################################################################################################
[ReportManager] Element Action [Type] successfully performed. With the following test data [Automation!@#$%^&*()_+{}[]\';/.,]. @18-10-2021 02:01:13.0120 AM
[ReportManager] Element Action [GetText] successfully performed. With the following test data [Automation!@#$%^&*()_+{}[]\';/.,]. @18-10-2021 02:01:13.0227 AM
[ReportManager] Loaded Shared OpenCV @18-10-2021 02:01:13.0370 AM
[ReportManager] Assertion [ValidateElementAttribute] PASSED. Expected [Value Should be 'Automation!@#$%^&*()_+{}[]\';/.,' for the 'text' attribute, element locator 'By.name: q'] and Actual [Automation!@#$%^&*()_+{}[]\';/.,]. Comparison Type [EQUALS]. Validation Type [POSITIVE]. @18-10-2021 02:01:13.0460 AM
[ReportManager] Successfully created attachment [Screenshot - 1634522473370_assertElementAttribute_type_true_literalComparison_expectedToPass_ValidateElementAttribute_passed] @18-10-2021 02:01:13.0462 A
[ReportManager] Browser Action [CloseCurrentWindow] successfully performed. @18-10-2021 02:01:13.0593 AM
[ReportManager] Successfully created attachment [Browser Action Test Data - CloseCurrentWindow - Actual Value] @18-10-2021 02:01:13.0594 A
[ReportManager] File Action [GetAbsolutePath] successfully performed. With the following test data [Relative Folder Path: "target/downloadedFiles/"]. @18-10-2021 02:01:13.0597 AM
[ReportManager] Attempting to run remotely on: [Linux-64], [GoogleChrome], [http://localhost:4444/wd/hub], Headless Execution. @18-10-2021 02:01:13.0597 AM
[ReportManager] Successfully Opened [GoogleChrome]. @18-10-2021 02:01:13.0894 AM
[ReportManager] Target URL: [https://www.google.com/ncr], and after redirection: [www.google.com] @18-10-2021 02:01:13.0909 AM
[ReportManager] Initial URL: [data:,] @18-10-2021 02:01:13.0974 AM
[ReportManager] Browser Action [NavigateToURL] successfully performed. With the following test data [https://www.google.com/ncr]. @18-10-2021 02:01:14.0817 A

################################################################################################################################################
Starting Execution:	[26 out of 143] test cases in the current suite
Test Method:		[unitTests.tests_validations_assertions.assertElementExists_false_expectedToFail]
################################################################################################################################################
[ReportManager] Assertion [ValidateElementExists] PASSED. Expected [Element Should not Exist, locator 'By.id: hplogo'] and Actual [Element Doesn't Exists]. Comparison Type [EQUALS]. Validation Type [NEGATIVE]. @18-10-2021 02:01:25.0262 AM
[ReportManager] Successfully created attachment [Screenshot - 1634522485172_assertElementExists_false_expectedToFail_ValidateElementExists_passed] @18-10-2021 02:01:25.0262 A
[ReportManager] Browser Action [CloseCurrentWindow] successfully performed. @18-10-2021 02:01:25.0395 AM
[ReportManager] Successfully created attachment [Browser Action Test Data - CloseCurrentWindow - Actual Value] @18-10-2021 02:01:25.0396 A
[ReportManager] File Action [GetAbsolutePath] successfully performed. With the following test data [Relative Folder Path: "target/downloadedFiles/"]. @18-10-2021 02:01:25.0399 AM
[ReportManager] Attempting to run remotely on: [Linux-64], [GoogleChrome], [http://localhost:4444/wd/hub], Headless Execution. @18-10-2021 02:01:25.0399 AM
[ReportManager] Successfully Opened [GoogleChrome]. @18-10-2021 02:01:25.0628 AM
[ReportManager] Target URL: [https://www.google.com/ncr], and after redirection: [www.google.com] @18-10-2021 02:01:25.0639 AM
[ReportManager] Initial URL: [data:,] @18-10-2021 02:01:25.0687 AM
[ReportManager] Browser Action [NavigateToURL] successfully performed. With the following test data [https://www.google.com/ncr]. @18-10-2021 02:01:26.0600 A

################################################################################################################################################
Starting Execution:	[27 out of 143] test cases in the current suite
Test Method:		[unitTests.tests_validations_assertions.assertElementExists_false_expectedToPass]
################################################################################################################################################
[ReportManager] Assertion [ValidateElementExists] PASSED. Expected [Element Should not Exist, locator 'By.id: fakeElement'] and Actual [Element Doesn't Exists]. Comparison Type [EQUALS]. Validation Type [NEGATIVE]. @18-10-2021 02:01:37.0009 AM
[ReportManager] Successfully created attachment [Screenshot - 1634522496937_assertElementExists_false_expectedToPass_ValidateElementExists_passed] @18-10-2021 02:01:37.0010 A
[ReportManager] Browser Action [CloseCurrentWindow] successfully performed. @18-10-2021 02:01:37.0145 AM
[ReportManager] Successfully created attachment [Browser Action Test Data - CloseCurrentWindow - Actual Value] @18-10-2021 02:01:37.0146 A
[ReportManager] File Action [GetAbsolutePath] successfully performed. With the following test data [Relative Folder Path: "target/downloadedFiles/"]. @18-10-2021 02:01:37.0149 AM
[ReportManager] Attempting to run remotely on: [Linux-64], [GoogleChrome], [http://localhost:4444/wd/hub], Headless Execution. @18-10-2021 02:01:37.0149 AM
[ReportManager] Successfully Opened [GoogleChrome]. @18-10-2021 02:01:37.0422 AM
[ReportManager] Target URL: [https://www.google.com/ncr], and after redirection: [www.google.com] @18-10-2021 02:01:37.0437 AM
[ReportManager] Initial URL: [data:,] @18-10-2021 02:01:37.0485 AM
[ReportManager] Browser Action [NavigateToURL] successfully performed. With the following test data [https://www.google.com/ncr]. @18-10-2021 02:01:38.0384 A

################################################################################################################################################
Starting Execution:	[28 out of 143] test cases in the current suite
Test Method:		[unitTests.tests_validations_assertions.assertElementExists_false_multipleElementsFound_expectedToFail]
################################################################################################################################################
[ReportManager] Assertion [ValidateElementExists] FAILED. Expected [Element Should not Exist, locator 'By.xpath: //div'] and Actual [Element Exists but is not unique]. Comparison Type [EQUALS]. Validation Type [NEGATIVE]. @18-10-2021 02:01:38.0651 AM
[ReportManager] Successfully created attachment [Screenshot - 1634522498585_assertElementExists_false_multipleElementsFound_expectedToFail_ValidateElementExists_failed] @18-10-2021 02:01:38.0651 A
[ReportManager] Browser Action [CloseCurrentWindow] successfully performed. @18-10-2021 02:01:38.0781 AM
[ReportManager] Successfully created attachment [Browser Action Test Data - CloseCurrentWindow - Actual Value] @18-10-2021 02:01:38.0782 A
[ReportManager] File Action [GetAbsolutePath] successfully performed. With the following test data [Relative Folder Path: "target/downloadedFiles/"]. @18-10-2021 02:01:38.0786 AM
[ReportManager] Attempting to run remotely on: [Linux-64], [GoogleChrome], [http://localhost:4444/wd/hub], Headless Execution. @18-10-2021 02:01:38.0786 AM
[ReportManager] Successfully Opened [GoogleChrome]. @18-10-2021 02:01:39.0023 AM
[ReportManager] Target URL: [https://www.google.com/ncr], and after redirection: [www.google.com] @18-10-2021 02:01:39.0036 AM
[ReportManager] Initial URL: [data:,] @18-10-2021 02:01:39.0096 AM
[ReportManager] Browser Action [NavigateToURL] successfully performed. With the following test data [https://www.google.com/ncr]. @18-10-2021 02:01:40.0083 A

################################################################################################################################################
Starting Execution:	[29 out of 143] test cases in the current suite
Test Method:		[unitTests.tests_validations_assertions.assertElementExists_true_expectedToFail]
################################################################################################################################################
[ReportManager] Assertion [ValidateElementExists] FAILED. Expected [Element Should Exist, locator 'By.id: fakeElement'] and Actual [Element Doesn't Exists]. Comparison Type [EQUALS]. Validation Type [POSITIVE]. @18-10-2021 02:02:10.0823 AM
[ReportManager] Successfully created attachment [Screenshot - 1634522530753_assertElementExists_true_expectedToFail_ValidateElementExists_failed] @18-10-2021 02:02:10.0823 A
[ReportManager] Browser Action [CloseCurrentWindow] successfully performed. @18-10-2021 02:02:10.0963 AM
[ReportManager] Successfully created attachment [Browser Action Test Data - CloseCurrentWindow - Actual Value] @18-10-2021 02:02:10.0964 A
[ReportManager] File Action [GetAbsolutePath] successfully performed. With the following test data [Relative Folder Path: "target/downloadedFiles/"]. @18-10-2021 02:02:10.0968 AM
[ReportManager] Attempting to run remotely on: [Linux-64], [GoogleChrome], [http://localhost:4444/wd/hub], Headless Execution. @18-10-2021 02:02:10.0968 AM
[ReportManager] Successfully Opened [GoogleChrome]. @18-10-2021 02:02:11.0214 AM
[ReportManager] Target URL: [https://www.google.com/ncr], and after redirection: [www.google.com] @18-10-2021 02:02:11.0231 AM
[ReportManager] Initial URL: [data:,] @18-10-2021 02:02:11.0291 AM
[ReportManager] Browser Action [NavigateToURL] successfully performed. With the following test data [https://www.google.com/ncr]. @18-10-2021 02:02:12.0140 A

################################################################################################################################################
Starting Execution:	[30 out of 143] test cases in the current suite
Test Method:		[unitTests.tests_validations_assertions.assertElementExists_true_expectedToPass]
################################################################################################################################################
[ReportManager] Loaded Shared OpenCV @18-10-2021 02:02:12.0338 AM
[ReportManager] Assertion [ValidateElementExists] PASSED. Expected [Element Should Exist, locator 'By.xpath: //*[@id='hplogo' or @alt='Google']'] and Actual [Element Exists]. Comparison Type [EQUALS]. Validation Type [POSITIVE]. @18-10-2021 02:02:12.0424 AM
[ReportManager] Successfully created attachment [Screenshot - 1634522532337_assertElementExists_true_expectedToPass_ValidateElementExists_passed] @18-10-2021 02:02:12.0425 A
[ReportManager] Browser Action [CloseCurrentWindow] successfully performed. @18-10-2021 02:02:12.0568 AM
[ReportManager] Successfully created attachment [Browser Action Test Data - CloseCurrentWindow - Actual Value] @18-10-2021 02:02:12.0569 A
[ReportManager] File Action [GetAbsolutePath] successfully performed. With the following test data [Relative Folder Path: "target/downloadedFiles/"]. @18-10-2021 02:02:12.0574 AM
[ReportManager] Attempting to run remotely on: [Linux-64], [GoogleChrome], [http://localhost:4444/wd/hub], Headless Execution. @18-10-2021 02:02:12.0575 AM
[ReportManager] Successfully Opened [GoogleChrome]. @18-10-2021 02:02:12.0852 AM
[ReportManager] Target URL: [https://www.google.com/ncr], and after redirection: [www.google.com] @18-10-2021 02:02:12.0866 AM
[ReportManager] Initial URL: [data:,] @18-10-2021 02:02:12.0907 AM
[ReportManager] Browser Action [NavigateToURL] successfully performed. With the following test data [https://www.google.com/ncr]. @18-10-2021 02:02:13.0748 A

################################################################################################################################################
Starting Execution:	[31 out of 143] test cases in the current suite
Test Method:		[unitTests.tests_validations_assertions.assertElementExists_true_multipleElementsFound_expectedToFail]
################################################################################################################################################
[ReportManager] Assertion [ValidateElementExists] FAILED. Expected [Element Should Exist, locator 'By.xpath: //div'] and Actual [Element Exists but is not unique]. Comparison Type [EQUALS]. Validation Type [POSITIVE]. @18-10-2021 02:02:14.0002 AM
[ReportManager] Successfully created attachment [Screenshot - 1634522533936_assertElementExists_true_multipleElementsFound_expectedToFail_ValidateElementExists_failed] @18-10-2021 02:02:14.0003 A
[ReportManager] Browser Action [CloseCurrentWindow] successfully performed. @18-10-2021 02:02:14.0137 AM
[ReportManager] Successfully created attachment [Browser Action Test Data - CloseCurrentWindow - Actual Value] @18-10-2021 02:02:14.0141 A

################################################################################################################################################
Starting Execution:	[32 out of 143] test cases in the current suite
Test Method:		[unitTests.tests_validations_assertions.assertEquals_false_expectedToFail]
################################################################################################################################################
[ReportManager] Assertion [ValidateEquals] FAILED. Expected [1] and Actual [1]. Comparison Type [EQUALS]. Validation Type [NEGATIVE]. @18-10-2021 02:02:14.0145 A

################################################################################################################################################
Starting Execution:	[33 out of 143] test cases in the current suite
Test Method:		[unitTests.tests_validations_assertions.assertEquals_false_expectedToPass]
################################################################################################################################################
[ReportManager] Assertion [ValidateEquals] PASSED. Expected [1] and Actual [2]. Comparison Type [EQUALS]. Validation Type [NEGATIVE]. @18-10-2021 02:02:14.0160 A

################################################################################################################################################
Starting Execution:	[34 out of 143] test cases in the current suite
Test Method:		[unitTests.tests_validations_assertions.assertEquals_longCharacters]
################################################################################################################################################
[ReportManager] Verification [ValidateEquals] PASSED. Expected and Actual values are attached. Comparison Type [EQUALS]. Validation Type [POSITIVE]. @18-10-2021 02:02:14.0167 AM
[ReportManager] Successfully created attachment [Validation Test Data - Expected Value] @18-10-2021 02:02:14.0168 AM
[ReportManager] Successfully created attachment [Validation Test Data - Actual Value] @18-10-2021 02:02:14.0168 AM
[ReportManager] Assertion [ValidateEquals] PASSED. Expected and Actual values are attached. Comparison Type [EQUALS]. Validation Type [POSITIVE]. @18-10-2021 02:02:14.0168 AM
[ReportManager] Successfully created attachment [Validation Test Data - Expected Value] @18-10-2021 02:02:14.0169 AM
[ReportManager] Successfully created attachment [Validation Test Data - Actual Value] @18-10-2021 02:02:14.0169 A

################################################################################################################################################
Starting Execution:	[35 out of 143] test cases in the current suite
Test Method:		[unitTests.tests_validations_assertions.assertEquals_longCharacters_Discreet]
################################################################################################################################################
[ReportManager] Assertion [ValidateEquals] PASSED. Expected [1LH5pROcDBjjQk0t0mCr0lXuzQu9lcGj28kY8R1H81X67eVAQJgWQhILiRWVPUgZ6uCtK5cnBkF55Jr9vYngjGO1Iyf0Mktv6lruDlL9T8MAUPcUZJGHZtji6nIeadujDSNmWMj5d6C8zlFqw0CRqBU0hO5adIasHgBSNoLotAjce3NGXoDwAlp3rYreeV16VIyZXROQY] and Actual [1LH5pROcDBjjQk0t0mCr0lXuzQu9lcGj28kY8R1H81X67eVAQJgWQhILiRWVPUgZ6uCtK5cnBkF55Jr9vYngjGO1Iyf0Mktv6lruDlL9T8MAUPcUZJGHZtji6nIeadujDSNmWMj5d6C8zlFqw0CRqBU0hO5adIasHgBSNoLotAjce3NGXoDwAlp3rYreeV16VIyZXROQY]. Comparison Type [EQUALS]. Validation Type [POSITIVE]. @18-10-2021 02:02:14.0175 A

################################################################################################################################################
Starting Execution:	[36 out of 143] test cases in the current suite
Test Method:		[unitTests.tests_validations_assertions.assertEquals_true_expectedToFail]
################################################################################################################################################
[ReportManager] Assertion [ValidateEquals] FAILED. Expected [1] and Actual [2]. Comparison Type [EQUALS]. Validation Type [POSITIVE]. @18-10-2021 02:02:14.0177 A

################################################################################################################################################
Starting Execution:	[37 out of 143] test cases in the current suite
Test Method:		[unitTests.tests_validations_assertions.assertEquals_true_expectedToPass]
Test Description:	[Assert that assertEquals works as expected when the two values are equal.]
################################################################################################################################################
[ReportManager] Verification [ValidateEquals] PASSED. Expected [1] and Actual [1]. Comparison Type [EQUALS]. Validation Type [POSITIVE]. @18-10-2021 02:02:14.0185 AM
[ReportManager] Assertion [ValidateEquals] PASSED. Expected [1] and Actual [1]. Comparison Type [EQUALS]. Validation Type [POSITIVE]. @18-10-2021 02:02:14.0185 A

################################################################################################################################################
Starting Execution:	[38 out of 143] test cases in the current suite
Test Method:		[unitTests.tests_validations_assertions.assertEquals_true_expectedToPass__]
################################################################################################################################################
[ReportManager] Assertion [ValidateEquals] PASSED. Expected [1] and Actual [1]. Comparison Type [EQUALS]. Validation Type [POSITIVE]. @18-10-2021 02:02:14.0193 A

################################################################################################################################################
Starting Execution:	[39 out of 143] test cases in the current suite
Test Method:		[unitTests.tests_validations_assertions.assertFileExists_false_expectedToFail]
################################################################################################################################################
[ReportManager] File Action [DoesFileExist] successfully performed. With the following test data [File Path: "src/main/java/com/shaft/gui/element/ElementActions.java"]. @18-10-2021 02:02:14.0197 AM
[ReportManager] Assertion [ValidateFileExists] FAILED. Expected [File 'src/main/java/com/shaft/gui/element/ElementActions.java' should not exist, after up to '1' retries] and Actual [File exists]. Validation Type [NEGATIVE]. @18-10-2021 02:02:14.0205 A

################################################################################################################################################
Starting Execution:	[40 out of 143] test cases in the current suite
Test Method:		[unitTests.tests_validations_assertions.assertFileExists_false_expectedToPass]
################################################################################################################################################
[ReportManager] File Action [DoesFileExist] successfully performed. With the following test data [File Path: "src/main/java/com/shaft/gui/element/ElementActions.java_fail"]. @18-10-2021 02:02:14.0709 AM
[ReportManager] Assertion [ValidateFileExists] PASSED. Expected [File 'src/main/java/com/shaft/gui/element/ElementActions.java_fail' should not exist, after up to '1' retries] and Actual [File does not exist]. Validation Type [NEGATIVE]. @18-10-2021 02:02:14.0709 A

################################################################################################################################################
Starting Execution:	[41 out of 143] test cases in the current suite
Test Method:		[unitTests.tests_validations_assertions.assertFileExists_true_expectedToFail]
################################################################################################################################################
[ReportManager] File Action [DoesFileExist] successfully performed. With the following test data [File Path: "src/main/java/com/shaft/gui/element/ElementActions.java_fail"]. @18-10-2021 02:02:15.0213 AM
[ReportManager] Assertion [ValidateFileExists] FAILED. Expected [File 'src/main/java/com/shaft/gui/element/ElementActions.java_fail' should exist, after up to '1' retries] and Actual [File does not exist]. Validation Type [POSITIVE]. @18-10-2021 02:02:15.0214 A

################################################################################################################################################
Starting Execution:	[42 out of 143] test cases in the current suite
Test Method:		[unitTests.tests_validations_assertions.assertFileExists_true_expectedToPass]
################################################################################################################################################
[ReportManager] File Action [DoesFileExist] successfully performed. With the following test data [File Path: "src/main/java/com/shaft/gui/element/ElementActions.java"]. @18-10-2021 02:02:15.0219 AM
[ReportManager] Assertion [ValidateFileExists] PASSED. Expected [File 'src/main/java/com/shaft/gui/element/ElementActions.java' should exist, after up to '1' retries] and Actual [File exists]. Validation Type [POSITIVE]. @18-10-2021 02:02:15.0219 A

################################################################################################################################################
Starting Execution:	[43 out of 143] test cases in the current suite
Test Method:		[unitTests.tests_validations_assertions.assertNull_false_expectedToFail]
################################################################################################################################################
[ReportManager] Assertion [ValidateNull] FAILED. Expected [NULL] and Actual [NULL]. Comparison Type [EQUALS]. Validation Type [NEGATIVE]. @18-10-2021 02:02:15.0224 A

################################################################################################################################################
Starting Execution:	[44 out of 143] test cases in the current suite
Test Method:		[unitTests.tests_validations_assertions.assertNull_false_expectedToPass]
################################################################################################################################################
[ReportManager] Assertion [ValidateNull] PASSED. Expected [NULL] and Actual [1]. Comparison Type [EQUALS]. Validation Type [NEGATIVE]. @18-10-2021 02:02:15.0231 A

################################################################################################################################################
Starting Execution:	[45 out of 143] test cases in the current suite
Test Method:		[unitTests.tests_validations_assertions.assertNull_true_expectedToFail]
################################################################################################################################################
[ReportManager] Assertion [ValidateNull] FAILED. Expected [NULL] and Actual [1]. Comparison Type [EQUALS]. Validation Type [POSITIVE]. @18-10-2021 02:02:15.0238 A

################################################################################################################################################
Starting Execution:	[46 out of 143] test cases in the current suite
Test Method:		[unitTests.tests_validations_assertions.assertNull_true_expectedToPass]
################################################################################################################################################
[ReportManager] Assertion [ValidateNull] PASSED. Expected [NULL] and Actual [NULL]. Comparison Type [EQUALS]. Validation Type [POSITIVE]. @18-10-2021 02:02:15.0240 A

################################################################################################################################################
Starting Execution:	[47 out of 143] test cases in the current suite
Test Method:		[unitTests.tests_restActions.getPostsAndAssertBodyForSpecificTitle]
################################################################################################################################################
[ReportManager] Response status code: [200], status line: [HTTP/1.1 200 OK] @18-10-2021 02:02:17.0707 AM
[ReportManager] Assertion Passed: Evaluating the actual response status code against the expected one... @18-10-2021 02:02:17.0707 AM
[ReportManager] Assertion [ValidateEquals] PASSED. Expected [200] and Actual [200]. Comparison Type [EQUALS]. Validation Type [POSITIVE]. @18-10-2021 02:02:17.0707 AM
[ReportManager] API Action [PerformRequest] successfully performed. With the following test data [Request Type: "GET" | Target Status Code: "200" | Service URL: "https://jsonplaceholder.typicode.com/posts" | Content Type: "*/*" | Response Time: "943ms"]. @18-10-2021 02:02:19.0174 AM
[ReportManager] Successfully created attachment [API Request - Specifications] @18-10-2021 02:02:19.0175 AM
[ReportManager] Successfully created attachment [API Response - JSON Body] @18-10-2021 02:02:19.0452 AM
[ReportManager] API Action [GetResponseJSONValueAsList] successfully performed. @18-10-2021 02:02:19.0493 AM
[ReportManager] API Action [GetResponseJSONValue] successfully performed. With the following test data [title]. @18-10-2021 02:02:19.0520 AM
[ReportManager] API Action [GetResponseJSONValue] successfully performed. With the following test data [title]. @18-10-2021 02:02:19.0549 AM
[ReportManager] API Action [GetResponseJSONValue] successfully performed. With the following test data [body]. @18-10-2021 02:02:19.0572 AM
[ReportManager] Assertion [ValidateEquals] PASSED. Expected [qui neque nisi nulla] and Actual [est rerum tempore vitae
sequi sint nihil reprehenderit dolor beatae ea dolores neque
fugiat blanditiis voluptate porro vel nihil molestiae ut reiciendis
qui aperiam non debitis possimus qui neque nisi nulla]. Comparison Type [CONTAINS]. Validation Type [POSITIVE]. @18-10-2021 02:02:19.0572 AM
[ReportManager] API Action [GetResponseJSONValue] successfully performed. With the following test data [title]. @18-10-2021 02:02:19.0584 AM
[ReportManager] API Action [GetResponseJSONValue] successfully performed. With the following test data [title]. @18-10-2021 02:02:19.0596 AM
[ReportManager] API Action [GetResponseJSONValue] successfully performed. With the following test data [title]. @18-10-2021 02:02:19.0606 AM
[ReportManager] API Action [GetResponseJSONValue] successfully performed. With the following test data [title]. @18-10-2021 02:02:19.0618 AM
[ReportManager] API Action [GetResponseJSONValue] successfully performed. With the following test data [title]. @18-10-2021 02:02:19.0629 AM
[ReportManager] API Action [GetResponseJSONValue] successfully performed. With the following test data [title]. @18-10-2021 02:02:19.0641 AM
[ReportManager] API Action [GetResponseJSONValue] successfully performed. With the following test data [title]. @18-10-2021 02:02:19.0654 AM
[ReportManager] API Action [GetResponseJSONValue] successfully performed. With the following test data [title]. @18-10-2021 02:02:19.0665 AM
[ReportManager] API Action [GetResponseJSONValue] successfully performed. With the following test data [title]. @18-10-2021 02:02:19.0677 AM
[ReportManager] API Action [GetResponseJSONValue] successfully performed. With the following test data [title]. @18-10-2021 02:02:19.0688 AM
[ReportManager] API Action [GetResponseJSONValue] successfully performed. With the following test data [title]. @18-10-2021 02:02:19.0700 AM
[ReportManager] API Action [GetResponseJSONValue] successfully performed. With the following test data [title]. @18-10-2021 02:02:19.0713 AM
[ReportManager] API Action [GetResponseJSONValue] successfully performed. With the following test data [title]. @18-10-2021 02:02:19.0723 AM
[ReportManager] API Action [GetResponseJSONValue] successfully performed. With the following test data [title]. @18-10-2021 02:02:19.0732 AM
[ReportManager] API Action [GetResponseJSONValue] successfully performed. With the following test data [title]. @18-10-2021 02:02:19.0742 AM
[ReportManager] API Action [GetResponseJSONValue] successfully performed. With the following test data [title]. @18-10-2021 02:02:19.0752 AM
[ReportManager] API Action [GetResponseJSONValue] successfully performed. With the following test data [title]. @18-10-2021 02:02:19.0770 AM
[ReportManager] API Action [GetResponseJSONValue] successfully performed. With the following test data [title]. @18-10-2021 02:02:19.0782 AM
[ReportManager] API Action [GetResponseJSONValue] successfully performed. With the following test data [title]. @18-10-2021 02:02:19.0793 AM
[ReportManager] API Action [GetResponseJSONValue] successfully performed. With the following test data [title]. @18-10-2021 02:02:19.0805 AM
[ReportManager] API Action [GetResponseJSONValue] successfully performed. With the following test data [title]. @18-10-2021 02:02:19.0816 AM
[ReportManager] API Action [GetResponseJSONValue] successfully performed. With the following test data [title]. @18-10-2021 02:02:19.0828 AM
[ReportManager] API Action [GetResponseJSONValue] successfully performed. With the following test data [title]. @18-10-2021 02:02:19.0848 AM
[ReportManager] API Action [GetResponseJSONValue] successfully performed. With the following test data [title]. @18-10-2021 02:02:19.0865 AM
[ReportManager] API Action [GetResponseJSONValue] successfully performed. With the following test data [title]. @18-10-2021 02:02:19.0885 AM
[ReportManager] API Action [GetResponseJSONValue] successfully performed. With the following test data [title]. @18-10-2021 02:02:19.0901 AM
[ReportManager] API Action [GetResponseJSONValue] successfully performed. With the following test data [title]. @18-10-2021 02:02:19.0927 AM
[ReportManager] API Action [GetResponseJSONValue] successfully performed. With the following test data [title]. @18-10-2021 02:02:19.0949 AM
[ReportManager] API Action [GetResponseJSONValue] successfully performed. With the following test data [title]. @18-10-2021 02:02:19.0964 AM
[ReportManager] API Action [GetResponseJSONValue] successfully performed. With the following test data [title]. @18-10-2021 02:02:19.0975 AM
[ReportManager] API Action [GetResponseJSONValue] successfully performed. With the following test data [title]. @18-10-2021 02:02:19.0992 AM
[ReportManager] API Action [GetResponseJSONValue] successfully performed. With the following test data [title]. @18-10-2021 02:02:20.0006 AM
[ReportManager] API Action [GetResponseJSONValue] successfully performed. With the following test data [title]. @18-10-2021 02:02:20.0027 AM
[ReportManager] API Action [GetResponseJSONValue] successfully performed. With the following test data [title]. @18-10-2021 02:02:20.0037 AM
[ReportManager] API Action [GetResponseJSONValue] successfully performed. With the following test data [title]. @18-10-2021 02:02:20.0046 AM
[ReportManager] API Action [GetResponseJSONValue] successfully performed. With the following test data [title]. @18-10-2021 02:02:20.0056 AM
[ReportManager] API Action [GetResponseJSONValue] successfully performed. With the following test data [title]. @18-10-2021 02:02:20.0067 AM
[ReportManager] API Action [GetResponseJSONValue] successfully performed. With the following test data [title]. @18-10-2021 02:02:20.0079 AM
[ReportManager] API Action [GetResponseJSONValue] successfully performed. With the following test data [title]. @18-10-2021 02:02:20.0089 AM
[ReportManager] API Action [GetResponseJSONValue] successfully performed. With the following test data [title]. @18-10-2021 02:02:20.0099 AM
[ReportManager] API Action [GetResponseJSONValue] successfully performed. With the following test data [title]. @18-10-2021 02:02:20.0111 AM
[ReportManager] API Action [GetResponseJSONValue] successfully performed. With the following test data [title]. @18-10-2021 02:02:20.0121 AM
[ReportManager] API Action [GetResponseJSONValue] successfully performed. With the following test data [title]. @18-10-2021 02:02:20.0131 AM
[ReportManager] API Action [GetResponseJSONValue] successfully performed. With the following test data [title]. @18-10-2021 02:02:20.0141 AM
[ReportManager] API Action [GetResponseJSONValue] successfully performed. With the following test data [title]. @18-10-2021 02:02:20.0151 AM
[ReportManager] API Action [GetResponseJSONValue] successfully performed. With the following test data [title]. @18-10-2021 02:02:20.0160 AM
[ReportManager] API Action [GetResponseJSONValue] successfully performed. With the following test data [title]. @18-10-2021 02:02:20.0170 AM
[ReportManager] API Action [GetResponseJSONValue] successfully performed. With the following test data [title]. @18-10-2021 02:02:20.0179 AM
[ReportManager] API Action [GetResponseJSONValue] successfully performed. With the following test data [title]. @18-10-2021 02:02:20.0189 AM
[ReportManager] API Action [GetResponseJSONValue] successfully performed. With the following test data [title]. @18-10-2021 02:02:20.0199 AM
[ReportManager] API Action [GetResponseJSONValue] successfully performed. With the following test data [title]. @18-10-2021 02:02:20.0209 AM
[ReportManager] API Action [GetResponseJSONValue] successfully performed. With the following test data [title]. @18-10-2021 02:02:20.0219 AM
[ReportManager] API Action [GetResponseJSONValue] successfully performed. With the following test data [title]. @18-10-2021 02:02:20.0232 AM
[ReportManager] API Action [GetResponseJSONValue] successfully performed. With the following test data [title]. @18-10-2021 02:02:20.0244 AM
[ReportManager] API Action [GetResponseJSONValue] successfully performed. With the following test data [title]. @18-10-2021 02:02:20.0254 AM
[ReportManager] API Action [GetResponseJSONValue] successfully performed. With the following test data [title]. @18-10-2021 02:02:20.0264 AM
[ReportManager] API Action [GetResponseJSONValue] successfully performed. With the following test data [title]. @18-10-2021 02:02:20.0273 AM
[ReportManager] API Action [GetResponseJSONValue] successfully performed. With the following test data [title]. @18-10-2021 02:02:20.0283 AM
[ReportManager] API Action [GetResponseJSONValue] successfully performed. With the following test data [title]. @18-10-2021 02:02:20.0294 AM
[ReportManager] API Action [GetResponseJSONValue] successfully performed. With the following test data [title]. @18-10-2021 02:02:20.0322 AM
[ReportManager] API Action [GetResponseJSONValue] successfully performed. With the following test data [title]. @18-10-2021 02:02:20.0333 AM
[ReportManager] API Action [GetResponseJSONValue] successfully performed. With the following test data [title]. @18-10-2021 02:02:20.0344 AM
[ReportManager] API Action [GetResponseJSONValue] successfully performed. With the following test data [title]. @18-10-2021 02:02:20.0358 AM
[ReportManager] API Action [GetResponseJSONValue] successfully performed. With the following test data [title]. @18-10-2021 02:02:20.0368 AM
[ReportManager] API Action [GetResponseJSONValue] successfully performed. With the following test data [title]. @18-10-2021 02:02:20.0378 AM
[ReportManager] API Action [GetResponseJSONValue] successfully performed. With the following test data [title]. @18-10-2021 02:02:20.0387 AM
[ReportManager] API Action [GetResponseJSONValue] successfully performed. With the following test data [title]. @18-10-2021 02:02:20.0396 AM
[ReportManager] API Action [GetResponseJSONValue] successfully performed. With the following test data [title]. @18-10-2021 02:02:20.0405 AM
[ReportManager] API Action [GetResponseJSONValue] successfully performed. With the following test data [title]. @18-10-2021 02:02:20.0414 AM
[ReportManager] API Action [GetResponseJSONValue] successfully performed. With the following test data [title]. @18-10-2021 02:02:20.0424 AM
[ReportManager] API Action [GetResponseJSONValue] successfully performed. With the following test data [title]. @18-10-2021 02:02:20.0433 AM
[ReportManager] API Action [GetResponseJSONValue] successfully performed. With the following test data [title]. @18-10-2021 02:02:20.0442 AM
[ReportManager] API Action [GetResponseJSONValue] successfully performed. With the following test data [title]. @18-10-2021 02:02:20.0452 AM
[ReportManager] API Action [GetResponseJSONValue] successfully performed. With the following test data [title]. @18-10-2021 02:02:20.0461 AM
[ReportManager] API Action [GetResponseJSONValue] successfully performed. With the following test data [title]. @18-10-2021 02:02:20.0472 AM
[ReportManager] API Action [GetResponseJSONValue] successfully performed. With the following test data [title]. @18-10-2021 02:02:20.0482 AM
[ReportManager] API Action [GetResponseJSONValue] successfully performed. With the following test data [title]. @18-10-2021 02:02:20.0493 AM
[ReportManager] API Action [GetResponseJSONValue] successfully performed. With the following test data [title]. @18-10-2021 02:02:20.0502 AM
[ReportManager] API Action [GetResponseJSONValue] successfully performed. With the following test data [title]. @18-10-2021 02:02:20.0511 AM
[ReportManager] API Action [GetResponseJSONValue] successfully performed. With the following test data [title]. @18-10-2021 02:02:20.0521 AM
[ReportManager] API Action [GetResponseJSONValue] successfully performed. With the following test data [title]. @18-10-2021 02:02:20.0530 AM
[ReportManager] API Action [GetResponseJSONValue] successfully performed. With the following test data [title]. @18-10-2021 02:02:20.0541 AM
[ReportManager] API Action [GetResponseJSONValue] successfully performed. With the following test data [title]. @18-10-2021 02:02:20.0550 AM
[ReportManager] API Action [GetResponseJSONValue] successfully performed. With the following test data [title]. @18-10-2021 02:02:20.0559 AM
[ReportManager] API Action [GetResponseJSONValue] successfully performed. With the following test data [title]. @18-10-2021 02:02:20.0567 AM
[ReportManager] API Action [GetResponseJSONValue] successfully performed. With the following test data [title]. @18-10-2021 02:02:20.0575 AM
[ReportManager] API Action [GetResponseJSONValue] successfully performed. With the following test data [title]. @18-10-2021 02:02:20.0584 AM
[ReportManager] API Action [GetResponseJSONValue] successfully performed. With the following test data [title]. @18-10-2021 02:02:20.0594 AM
[ReportManager] API Action [GetResponseJSONValue] successfully performed. With the following test data [title]. @18-10-2021 02:02:20.0604 AM
[ReportManager] API Action [GetResponseJSONValue] successfully performed. With the following test data [title]. @18-10-2021 02:02:20.0613 AM
[ReportManager] API Action [GetResponseJSONValue] successfully performed. With the following test data [title]. @18-10-2021 02:02:20.0625 AM
[ReportManager] API Action [GetResponseJSONValue] successfully performed. With the following test data [title]. @18-10-2021 02:02:20.0670 AM
[ReportManager] API Action [GetResponseJSONValue] successfully performed. With the following test data [title]. @18-10-2021 02:02:20.0689 AM
[ReportManager] API Action [GetResponseJSONValue] successfully performed. With the following test data [title]. @18-10-2021 02:02:20.0730 AM
[ReportManager] API Action [GetResponseJSONValue] successfully performed. With the following test data [title]. @18-10-2021 02:02:20.0744 AM
[ReportManager] API Action [GetResponseJSONValue] successfully performed. With the following test data [title]. @18-10-2021 02:02:20.0756 AM
[ReportManager] API Action [GetResponseJSONValue] successfully performed. With the following test data [title]. @18-10-2021 02:02:20.0765 AM
[ReportManager] API Action [GetResponseJSONValue] successfully performed. With the following test data [title]. @18-10-2021 02:02:20.0785 A

################################################################################################################################################
Starting Execution:	[48 out of 143] test cases in the current suite
Test Method:		[unitTests.tests_restActions.validateUserEmail]
################################################################################################################################################
[ReportManager] Response status code: [200], status line: [HTTP/1.1 200 OK] @18-10-2021 02:02:20.0856 AM
[ReportManager] Assertion Passed: Evaluating the actual response status code against the expected one... @18-10-2021 02:02:20.0857 AM
[ReportManager] Assertion [ValidateEquals] PASSED. Expected [200] and Actual [200]. Comparison Type [EQUALS]. Validation Type [POSITIVE]. @18-10-2021 02:02:20.0857 AM
[ReportManager] API Action [PerformRequest] successfully performed. With the following test data [Request Type: "GET" | Target Status Code: "200" | Service URL: "https://jsonplaceholder.typicode.com/users" | Content Type: "*/*" | Response Time: "59ms"]. @18-10-2021 02:02:20.0894 AM
[ReportManager] Successfully created attachment [API Request - Specifications] @18-10-2021 02:02:20.0894 AM
[ReportManager] Successfully created attachment [API Response - JSON Body] @18-10-2021 02:02:20.0897 AM
[ReportManager] Assertion [ValidateEquals] PASSED. Expected and Actual values are attached. Comparison Type [CONTAINS]. Validation Type [POSITIVE]. @18-10-2021 02:02:20.0897 AM
[ReportManager] Successfully created attachment [Validation Test Data - Expected Value] @18-10-2021 02:02:20.0897 AM
[ReportManager] Successfully created attachment [Validation Test Data - Actual Value] @18-10-2021 02:02:20.0898 AM
[ReportManager] API Action [GetResponseJSONValueAsList] successfully performed. With the following test data [$]. @18-10-2021 02:02:20.0903 AM
[ReportManager] API Action [GetResponseJSONValue] successfully performed. With the following test data [name]. @18-10-2021 02:02:20.0913 AM
[ReportManager] API Action [GetResponseJSONValue] successfully performed. With the following test data [email]. @18-10-2021 02:02:20.0924 AM
[ReportManager] Assertion [ValidateEquals] PASSED. Expected [Sincere@april.biz] and Actual [Sincere@april.biz]. Comparison Type [EQUALS]. Validation Type [POSITIVE]. @18-10-2021 02:02:20.0924 AM
[ReportManager] API Action [GetResponseJSONValue] successfully performed. With the following test data [name]. @18-10-2021 02:02:20.0938 AM
[ReportManager] API Action [GetResponseJSONValue] successfully performed. With the following test data [name]. @18-10-2021 02:02:20.0960 AM
[ReportManager] API Action [GetResponseJSONValue] successfully performed. With the following test data [name]. @18-10-2021 02:02:20.0975 AM
[ReportManager] API Action [GetResponseJSONValue] successfully performed. With the following test data [name]. @18-10-2021 02:02:20.0987 AM
[ReportManager] API Action [GetResponseJSONValue] successfully performed. With the following test data [name]. @18-10-2021 02:02:20.0998 AM
[ReportManager] API Action [GetResponseJSONValue] successfully performed. With the following test data [name]. @18-10-2021 02:02:21.0009 AM
[ReportManager] API Action [GetResponseJSONValue] successfully performed. With the following test data [name]. @18-10-2021 02:02:21.0020 AM
[ReportManager] API Action [GetResponseJSONValue] successfully performed. With the following test data [name]. @18-10-2021 02:02:21.0030 AM
[ReportManager] API Action [GetResponseJSONValue] successfully performed. With the following test data [name]. @18-10-2021 02:02:21.0039 A
[ReportManager] File Action [GetAbsolutePath] successfully performed. With the following test data [Relative Folder Path: "target/downloadedFiles/"]. @18-10-2021 02:02:21.0046 AM
[ReportManager] Attempting to run remotely on: [Linux-64], [GoogleChrome], [http://localhost:4444/wd/hub], Headless Execution. @18-10-2021 02:02:21.0046 AM
[ReportManager] Successfully Opened [GoogleChrome]. @18-10-2021 02:02:21.0434 AM
[ReportManager] Target URL: [https://duckduckgo.com] @18-10-2021 02:02:21.0462 AM
[ReportManager] Initial URL: [data:,] @18-10-2021 02:02:21.0507 AM
[ReportManager] Browser Action [NavigateToURL] successfully performed. With the following test data [https://duckduckgo.com]. @18-10-2021 02:02:22.0263 A

################################################################################################################################################
Starting Execution:	[49 out of 143] test cases in the current suite
Test Method:		[unitTests.tests_browserActions.fullScreenWindow]
################################################################################################################################################
[ReportManager] Initial Windows Size: 800x600 @18-10-2021 02:02:22.0280 AM
[ReportManager] Initial window size: (800, 600) @18-10-2021 02:02:22.0282 AM
[ReportManager] Window size after Toolkit: (1920, 1080) @18-10-2021 02:02:22.0507 AM
[ReportManager] Browser Action [MaximizeWindow] successfully performed. With the following test data [New screen size is now: (1920, 1080)]. @18-10-2021 02:02:22.0510 AM
[ReportManager] Current Windows Size after fullScreen: 1920x1080 @18-10-2021 02:02:22.0515 AM
[ReportManager] Browser Action [FullScreenWindow] successfully performed. @18-10-2021 02:02:22.0534 AM
[ReportManager] Successfully created attachment [Browser Action Test Data - FullScreenWindow - Actual Value] @18-10-2021 02:02:22.0537 A
[ReportManager] Target URL: [https://duckduckgo.com] @18-10-2021 02:02:22.0541 AM
[ReportManager] Initial URL: [https://duckduckgo.com] @18-10-2021 02:02:22.0627 AM
[ReportManager] Browser Action [NavigateToURL] successfully performed. With the following test data [https://duckduckgo.com]. @18-10-2021 02:02:23.0048 AM
[ReportManager] Browser Action [CloseCurrentWindow] successfully performed. @18-10-2021 02:02:23.0151 AM
[ReportManager] Successfully created attachment [Browser Action Test Data - CloseCurrentWindow - Actual Value] @18-10-2021 02:02:23.0154 A
[ReportManager] File Action [GetAbsolutePath] successfully performed. With the following test data [Relative Folder Path: "target/downloadedFiles/"]. @18-10-2021 02:02:23.0157 AM
[ReportManager] Attempting to run remotely on: [Linux-64], [GoogleChrome], [http://localhost:4444/wd/hub], Headless Execution. @18-10-2021 02:02:23.0157 AM
[ReportManager] Successfully Opened [GoogleChrome]. @18-10-2021 02:02:23.0384 AM
[ReportManager] Target URL: [https://duckduckgo.com] @18-10-2021 02:02:23.0395 AM
[ReportManager] Initial URL: [data:,] @18-10-2021 02:02:23.0447 AM
[ReportManager] Browser Action [NavigateToURL] successfully performed. With the following test data [https://duckduckgo.com]. @18-10-2021 02:02:23.0997 A

################################################################################################################################################
Starting Execution:	[50 out of 143] test cases in the current suite
Test Method:		[unitTests.tests_browserActions.getCurrentURL]
################################################################################################################################################
[ReportManager] Browser Action [GetCurrentURL] successfully performed. With the following test data [https://duckduckgo.com/]. @18-10-2021 02:02:24.0036 A
[ReportManager] Target URL: [https://duckduckgo.com] @18-10-2021 02:02:24.0037 AM
[ReportManager] Initial URL: [https://duckduckgo.com] @18-10-2021 02:02:24.0107 AM
[ReportManager] Browser Action [NavigateToURL] successfully performed. With the following test data [https://duckduckgo.com]. @18-10-2021 02:02:24.0431 AM
[ReportManager] Browser Action [CloseCurrentWindow] successfully performed. @18-10-2021 02:02:24.0532 AM
[ReportManager] Successfully created attachment [Browser Action Test Data - CloseCurrentWindow - Actual Value] @18-10-2021 02:02:24.0532 A
[ReportManager] File Action [GetAbsolutePath] successfully performed. With the following test data [Relative Folder Path: "target/downloadedFiles/"]. @18-10-2021 02:02:24.0535 AM
[ReportManager] Attempting to run remotely on: [Linux-64], [GoogleChrome], [http://localhost:4444/wd/hub], Headless Execution. @18-10-2021 02:02:24.0535 AM
[ReportManager] Successfully Opened [GoogleChrome]. @18-10-2021 02:02:24.0751 AM
[ReportManager] Target URL: [https://duckduckgo.com] @18-10-2021 02:02:24.0776 AM
[ReportManager] Initial URL: [data:,] @18-10-2021 02:02:24.0835 AM
[ReportManager] Browser Action [NavigateToURL] successfully performed. With the following test data [https://duckduckgo.com]. @18-10-2021 02:02:25.0471 A

################################################################################################################################################
Starting Execution:	[51 out of 143] test cases in the current suite
Test Method:		[unitTests.tests_browserActions.getCurrentWindowTitle]
################################################################################################################################################
[ReportManager] Browser Action [GetCurrentWindowTitle] successfully performed. With the following test data [DuckDuckGo  Privacy, simplified.]. @18-10-2021 02:02:25.0518 A
[ReportManager] Target URL: [https://duckduckgo.com] @18-10-2021 02:02:25.0522 AM
[ReportManager] Initial URL: [https://duckduckgo.com] @18-10-2021 02:02:25.0593 AM
[ReportManager] Browser Action [NavigateToURL] successfully performed. With the following test data [https://duckduckgo.com]. @18-10-2021 02:02:25.0941 AM
[ReportManager] Browser Action [CloseCurrentWindow] successfully performed. @18-10-2021 02:02:26.0043 AM
[ReportManager] Successfully created attachment [Browser Action Test Data - CloseCurrentWindow - Actual Value] @18-10-2021 02:02:26.0044 A
[ReportManager] File Action [GetAbsolutePath] successfully performed. With the following test data [Relative Folder Path: "target/downloadedFiles/"]. @18-10-2021 02:02:26.0046 AM
[ReportManager] Attempting to run remotely on: [Linux-64], [GoogleChrome], [http://localhost:4444/wd/hub], Headless Execution. @18-10-2021 02:02:26.0047 AM
[ReportManager] Successfully Opened [GoogleChrome]. @18-10-2021 02:02:26.0278 AM
[ReportManager] Target URL: [https://duckduckgo.com] @18-10-2021 02:02:26.0289 AM
[ReportManager] Initial URL: [data:,] @18-10-2021 02:02:26.0332 AM
[ReportManager] Browser Action [NavigateToURL] successfully performed. With the following test data [https://duckduckgo.com]. @18-10-2021 02:02:26.0889 A

################################################################################################################################################
Starting Execution:	[52 out of 143] test cases in the current suite
Test Method:		[unitTests.tests_browserActions.getPageSource]
################################################################################################################################################
[ReportManager] Browser Action [GetPageSource] successfully performed. @18-10-2021 02:02:26.0946 AM
[ReportManager] Successfully created attachment [Browser Action Test Data - GetPageSource - Actual Value] @18-10-2021 02:02:26.0948 A
[ReportManager] Target URL: [https://duckduckgo.com] @18-10-2021 02:02:26.0950 AM
[ReportManager] Initial URL: [https://duckduckgo.com] @18-10-2021 02:02:27.0029 AM
[ReportManager] Browser Action [NavigateToURL] successfully performed. With the following test data [https://duckduckgo.com]. @18-10-2021 02:02:27.0444 AM
[ReportManager] Browser Action [CloseCurrentWindow] successfully performed. @18-10-2021 02:02:27.0555 AM
[ReportManager] Successfully created attachment [Browser Action Test Data - CloseCurrentWindow - Actual Value] @18-10-2021 02:02:27.0555 A
[ReportManager] File Action [GetAbsolutePath] successfully performed. With the following test data [Relative Folder Path: "target/downloadedFiles/"]. @18-10-2021 02:02:27.0558 AM
[ReportManager] Attempting to run remotely on: [Linux-64], [GoogleChrome], [http://localhost:4444/wd/hub], Headless Execution. @18-10-2021 02:02:27.0558 AM
[ReportManager] Successfully Opened [GoogleChrome]. @18-10-2021 02:02:27.0845 AM
[ReportManager] Target URL: [https://duckduckgo.com] @18-10-2021 02:02:27.0857 AM
[ReportManager] Initial URL: [data:,] @18-10-2021 02:02:27.0917 AM
[ReportManager] Browser Action [NavigateToURL] successfully performed. With the following test data [https://duckduckgo.com]. @18-10-2021 02:02:28.0432 A

################################################################################################################################################
Starting Execution:	[53 out of 143] test cases in the current suite
Test Method:		[unitTests.tests_browserActions.getWindowHandle]
################################################################################################################################################
[ReportManager] Browser Action [GetWindowHandle] successfully performed. With the following test data [CDwindow-C4D3997002AFCC0798A27D3388C8B3DE]. @18-10-2021 02:02:28.0479 A
[ReportManager] Target URL: [https://duckduckgo.com] @18-10-2021 02:02:28.0495 AM
[ReportManager] Initial URL: [https://duckduckgo.com] @18-10-2021 02:02:28.0580 AM
[ReportManager] Browser Action [NavigateToURL] successfully performed. With the following test data [https://duckduckgo.com]. @18-10-2021 02:02:29.0021 AM
[ReportManager] Browser Action [CloseCurrentWindow] successfully performed. @18-10-2021 02:02:29.0127 AM
[ReportManager] Successfully created attachment [Browser Action Test Data - CloseCurrentWindow - Actual Value] @18-10-2021 02:02:29.0127 A
[ReportManager] File Action [GetAbsolutePath] successfully performed. With the following test data [Relative Folder Path: "target/downloadedFiles/"]. @18-10-2021 02:02:29.0131 AM
[ReportManager] Attempting to run remotely on: [Linux-64], [GoogleChrome], [http://localhost:4444/wd/hub], Headless Execution. @18-10-2021 02:02:29.0131 AM
[ReportManager] Successfully Opened [GoogleChrome]. @18-10-2021 02:02:29.0369 AM
[ReportManager] Target URL: [https://duckduckgo.com] @18-10-2021 02:02:29.0379 AM
[ReportManager] Initial URL: [data:,] @18-10-2021 02:02:29.0429 AM
[ReportManager] Browser Action [NavigateToURL] successfully performed. With the following test data [https://duckduckgo.com]. @18-10-2021 02:02:30.0151 A

################################################################################################################################################
Starting Execution:	[54 out of 143] test cases in the current suite
Test Method:		[unitTests.tests_browserActions.getWindowPosition]
################################################################################################################################################
[ReportManager] Browser Action [GetWindowPosition] successfully performed. With the following test data [(0, 0)]. @18-10-2021 02:02:30.0207 A
[ReportManager] Target URL: [https://duckduckgo.com] @18-10-2021 02:02:30.0209 AM
[ReportManager] Initial URL: [https://duckduckgo.com] @18-10-2021 02:02:30.0294 AM
[ReportManager] Browser Action [NavigateToURL] successfully performed. With the following test data [https://duckduckgo.com]. @18-10-2021 02:02:30.0777 AM
[ReportManager] Browser Action [CloseCurrentWindow] successfully performed. @18-10-2021 02:02:30.0910 AM
[ReportManager] Successfully created attachment [Browser Action Test Data - CloseCurrentWindow - Actual Value] @18-10-2021 02:02:30.0911 A
[ReportManager] File Action [GetAbsolutePath] successfully performed. With the following test data [Relative Folder Path: "target/downloadedFiles/"]. @18-10-2021 02:02:30.0924 AM
[ReportManager] Attempting to run remotely on: [Linux-64], [GoogleChrome], [http://localhost:4444/wd/hub], Headless Execution. @18-10-2021 02:02:30.0925 AM
[ReportManager] Successfully Opened [GoogleChrome]. @18-10-2021 02:02:31.0433 AM
[ReportManager] Target URL: [https://duckduckgo.com] @18-10-2021 02:02:31.0452 AM
[ReportManager] Initial URL: [data:,] @18-10-2021 02:02:31.0505 AM
[ReportManager] Browser Action [NavigateToURL] successfully performed. With the following test data [https://duckduckgo.com]. @18-10-2021 02:02:32.0152 A

################################################################################################################################################
Starting Execution:	[55 out of 143] test cases in the current suite
Test Method:		[unitTests.tests_browserActions.getWindowSize]
################################################################################################################################################
[ReportManager] Browser Action [GetWindowSize] successfully performed. With the following test data [(800, 600)]. @18-10-2021 02:02:32.0194 A
[ReportManager] Target URL: [https://duckduckgo.com] @18-10-2021 02:02:32.0197 AM
[ReportManager] Initial URL: [https://duckduckgo.com] @18-10-2021 02:02:32.0276 AM
[ReportManager] Browser Action [NavigateToURL] successfully performed. With the following test data [https://duckduckgo.com]. @18-10-2021 02:02:32.0629 AM
[ReportManager] Browser Action [CloseCurrentWindow] successfully performed. @18-10-2021 02:02:32.0733 AM
[ReportManager] Successfully created attachment [Browser Action Test Data - CloseCurrentWindow - Actual Value] @18-10-2021 02:02:32.0733 A
[ReportManager] File Action [GetAbsolutePath] successfully performed. With the following test data [Relative Folder Path: "target/downloadedFiles/"]. @18-10-2021 02:02:32.0736 AM
[ReportManager] Attempting to run remotely on: [Linux-64], [GoogleChrome], [http://localhost:4444/wd/hub], Headless Execution. @18-10-2021 02:02:32.0736 AM
[ReportManager] Successfully Opened [GoogleChrome]. @18-10-2021 02:02:33.0027 AM
[ReportManager] Target URL: [https://duckduckgo.com] @18-10-2021 02:02:33.0037 AM
[ReportManager] Initial URL: [data:,] @18-10-2021 02:02:33.0087 AM
[ReportManager] Browser Action [NavigateToURL] successfully performed. With the following test data [https://duckduckgo.com]. @18-10-2021 02:02:33.0670 A

################################################################################################################################################
Starting Execution:	[56 out of 143] test cases in the current suite
Test Method:		[unitTests.tests_browserActions.maximizeWindow]
################################################################################################################################################
[ReportManager] Initial window size: (800, 600) @18-10-2021 02:02:33.0692 AM
[ReportManager] Window size after Toolkit: (1920, 1080) @18-10-2021 02:02:33.0918 AM
[ReportManager] Browser Action [MaximizeWindow] successfully performed. With the following test data [New screen size is now: (1920, 1080)]. @18-10-2021 02:02:33.0921 A
[ReportManager] Target URL: [https://duckduckgo.com] @18-10-2021 02:02:33.0924 AM
[ReportManager] Initial URL: [https://duckduckgo.com] @18-10-2021 02:02:33.0988 AM
[ReportManager] Browser Action [NavigateToURL] successfully performed. With the following test data [https://duckduckgo.com]. @18-10-2021 02:02:34.0337 AM
[ReportManager] Browser Action [CloseCurrentWindow] successfully performed. @18-10-2021 02:02:34.0443 AM
[ReportManager] Successfully created attachment [Browser Action Test Data - CloseCurrentWindow - Actual Value] @18-10-2021 02:02:34.0443 A
[ReportManager] File Action [GetAbsolutePath] successfully performed. With the following test data [Relative Folder Path: "target/downloadedFiles/"]. @18-10-2021 02:02:34.0450 AM
[ReportManager] Attempting to run remotely on: [Linux-64], [GoogleChrome], [http://localhost:4444/wd/hub], Headless Execution. @18-10-2021 02:02:34.0450 AM
[ReportManager] Successfully Opened [GoogleChrome]. @18-10-2021 02:02:34.0701 AM
[ReportManager] Target URL: [https://duckduckgo.com] @18-10-2021 02:02:34.0712 AM
[ReportManager] Initial URL: [data:,] @18-10-2021 02:02:34.0754 AM
[ReportManager] Browser Action [NavigateToURL] successfully performed. With the following test data [https://duckduckgo.com]. @18-10-2021 02:02:35.0335 A

################################################################################################################################################
Starting Execution:	[57 out of 143] test cases in the current suite
Test Method:		[unitTests.tests_browserActions.navigateBack]
################################################################################################################################################
[ReportManager] Target URL: [https://www.google.com/ncr], and after redirection: [https://www.google.com] @18-10-2021 02:02:35.0340 AM
[ReportManager] Initial URL: [https://duckduckgo.com] @18-10-2021 02:02:35.0406 AM
[ReportManager] Browser Action [NavigateToURL] successfully performed. With the following test data [https://www.google.com/ncr]. @18-10-2021 02:02:36.0254 AM
[ReportManager] Browser Action [NavigateBack] successfully performed. With the following test data [https://duckduckgo.com/]. @18-10-2021 02:02:36.0677 AM
[ReportManager] Browser Action [GetCurrentURL] successfully performed. With the following test data [https://duckduckgo.com/]. @18-10-2021 02:02:36.0713 AM
[ReportManager] Assertion Passed: Confirming that navigating back was successful @18-10-2021 02:02:36.0876 AM
[ReportManager] Successfully created attachment [Screenshot - 1634522556794_navigateBack_ValidateBrowserAttribute_passed] @18-10-2021 02:02:36.0877 AM
[ReportManager] Assertion [ValidateBrowserAttribute] PASSED. Expected [Value Should be 'https://duckduckgo.com' for the 'CurrentUrl' attribute] and Actual [https://duckduckgo.com/]. Comparison Type [CONTAINS]. Validation Type [POSITIVE]. @18-10-2021 02:02:36.0877 A
[ReportManager] Target URL: [https://duckduckgo.com] @18-10-2021 02:02:36.0879 AM
[ReportManager] Initial URL: [https://duckduckgo.com] @18-10-2021 02:02:36.0960 AM
[ReportManager] Browser Action [NavigateToURL] successfully performed. With the following test data [https://duckduckgo.com]. @18-10-2021 02:02:37.0324 AM
[ReportManager] Browser Action [CloseCurrentWindow] successfully performed. @18-10-2021 02:02:37.0430 AM
[ReportManager] Successfully created attachment [Browser Action Test Data - CloseCurrentWindow - Actual Value] @18-10-2021 02:02:37.0436 A
[ReportManager] File Action [GetAbsolutePath] successfully performed. With the following test data [Relative Folder Path: "target/downloadedFiles/"]. @18-10-2021 02:02:37.0439 AM
[ReportManager] Attempting to run remotely on: [Linux-64], [GoogleChrome], [http://localhost:4444/wd/hub], Headless Execution. @18-10-2021 02:02:37.0440 AM
[ReportManager] Successfully Opened [GoogleChrome]. @18-10-2021 02:02:37.0665 AM
[ReportManager] Target URL: [https://duckduckgo.com] @18-10-2021 02:02:37.0676 AM
[ReportManager] Initial URL: [data:,] @18-10-2021 02:02:37.0738 AM
[ReportManager] Browser Action [NavigateToURL] successfully performed. With the following test data [https://duckduckgo.com]. @18-10-2021 02:02:38.0283 A

################################################################################################################################################
Starting Execution:	[58 out of 143] test cases in the current suite
Test Method:		[unitTests.tests_browserActions.navigateForward]
################################################################################################################################################
[ReportManager] Target URL: [https://www.google.com/ncr], and after redirection: [https://www.google.com] @18-10-2021 02:02:38.0286 AM
[ReportManager] Initial URL: [https://duckduckgo.com] @18-10-2021 02:02:38.0347 AM
[ReportManager] Browser Action [NavigateToURL] successfully performed. With the following test data [https://www.google.com/ncr]. @18-10-2021 02:02:39.0203 AM
[ReportManager] Browser Action [NavigateBack] successfully performed. With the following test data [https://duckduckgo.com/]. @18-10-2021 02:02:39.0604 AM
[ReportManager] Browser Action [NavigateForward] successfully performed. With the following test data [https://www.google.com/]. @18-10-2021 02:02:40.0079 A
[ReportManager] Target URL: [https://duckduckgo.com] @18-10-2021 02:02:40.0081 AM
[ReportManager] Initial URL: [https://www.google.com] @18-10-2021 02:02:40.0174 AM
[ReportManager] Browser Action [NavigateToURL] successfully performed. With the following test data [https://duckduckgo.com]. @18-10-2021 02:02:40.0698 AM
[ReportManager] Browser Action [CloseCurrentWindow] successfully performed. @18-10-2021 02:02:40.0799 AM
[ReportManager] Successfully created attachment [Browser Action Test Data - CloseCurrentWindow - Actual Value] @18-10-2021 02:02:40.0801 A
[ReportManager] File Action [GetAbsolutePath] successfully performed. With the following test data [Relative Folder Path: "target/downloadedFiles/"]. @18-10-2021 02:02:40.0803 AM
[ReportManager] Attempting to run remotely on: [Linux-64], [GoogleChrome], [http://localhost:4444/wd/hub], Headless Execution. @18-10-2021 02:02:40.0803 AM
[ReportManager] Successfully Opened [GoogleChrome]. @18-10-2021 02:02:41.0010 AM
[ReportManager] Target URL: [https://duckduckgo.com] @18-10-2021 02:02:41.0030 AM
[ReportManager] Initial URL: [data:,] @18-10-2021 02:02:41.0076 AM
[ReportManager] Browser Action [NavigateToURL] successfully performed. With the following test data [https://duckduckgo.com]. @18-10-2021 02:02:41.0618 A

################################################################################################################################################
Starting Execution:	[59 out of 143] test cases in the current suite
Test Method:		[unitTests.tests_browserActions.navigateToURL]
################################################################################################################################################
[ReportManager] Target URL: [https://duckduckgo.com] @18-10-2021 02:02:41.0622 AM
[ReportManager] Initial URL: [https://duckduckgo.com] @18-10-2021 02:02:41.0686 AM
[ReportManager] Browser Action [NavigateToURL] successfully performed. With the following test data [https://duckduckgo.com]. @18-10-2021 02:02:42.0027 A
[ReportManager] Target URL: [https://duckduckgo.com] @18-10-2021 02:02:42.0031 AM
[ReportManager] Initial URL: [https://duckduckgo.com] @18-10-2021 02:02:42.0122 AM
[ReportManager] Browser Action [NavigateToURL] successfully performed. With the following test data [https://duckduckgo.com]. @18-10-2021 02:02:42.0422 AM
[ReportManager] Browser Action [CloseCurrentWindow] successfully performed. @18-10-2021 02:02:42.0526 AM
[ReportManager] Successfully created attachment [Browser Action Test Data - CloseCurrentWindow - Actual Value] @18-10-2021 02:02:42.0527 A
[ReportManager] File Action [GetAbsolutePath] successfully performed. With the following test data [Relative Folder Path: "target/downloadedFiles/"]. @18-10-2021 02:02:42.0529 AM
[ReportManager] Attempting to run remotely on: [Linux-64], [GoogleChrome], [http://localhost:4444/wd/hub], Headless Execution. @18-10-2021 02:02:42.0529 AM
[ReportManager] Successfully Opened [GoogleChrome]. @18-10-2021 02:02:42.0784 AM
[ReportManager] Target URL: [https://duckduckgo.com] @18-10-2021 02:02:42.0797 AM
[ReportManager] Initial URL: [data:,] @18-10-2021 02:02:42.0837 AM
[ReportManager] Browser Action [NavigateToURL] successfully performed. With the following test data [https://duckduckgo.com]. @18-10-2021 02:02:43.0387 A

################################################################################################################################################
Starting Execution:	[60 out of 143] test cases in the current suite
Test Method:		[unitTests.tests_browserActions.navigateToURLWithRedirection]
################################################################################################################################################
[ReportManager] Target URL: [https://www.google.com/ncr], and after redirection: [https://www.google.com] @18-10-2021 02:02:43.0390 AM
[ReportManager] Initial URL: [https://duckduckgo.com] @18-10-2021 02:02:43.0447 AM
[ReportManager] Browser Action [NavigateToURL] successfully performed. With the following test data [https://www.google.com/ncr]. @18-10-2021 02:02:44.0271 A
[ReportManager] Target URL: [https://duckduckgo.com] @18-10-2021 02:02:44.0273 AM
[ReportManager] Initial URL: [https://www.google.com] @18-10-2021 02:02:44.0353 AM
[ReportManager] Browser Action [NavigateToURL] successfully performed. With the following test data [https://duckduckgo.com]. @18-10-2021 02:02:44.0876 AM
[ReportManager] Browser Action [CloseCurrentWindow] successfully performed. @18-10-2021 02:02:44.0994 AM
[ReportManager] Successfully created attachment [Browser Action Test Data - CloseCurrentWindow - Actual Value] @18-10-2021 02:02:44.0995 A
[ReportManager] File Action [GetAbsolutePath] successfully performed. With the following test data [Relative Folder Path: "target/downloadedFiles/"]. @18-10-2021 02:02:45.0000 AM
[ReportManager] Attempting to run remotely on: [Linux-64], [GoogleChrome], [http://localhost:4444/wd/hub], Headless Execution. @18-10-2021 02:02:45.0000 AM
[ReportManager] Successfully Opened [GoogleChrome]. @18-10-2021 02:02:45.0217 AM
[ReportManager] Target URL: [https://duckduckgo.com] @18-10-2021 02:02:45.0244 AM
[ReportManager] Initial URL: [data:,] @18-10-2021 02:02:45.0315 AM
[ReportManager] Browser Action [NavigateToURL] successfully performed. With the following test data [https://duckduckgo.com]. @18-10-2021 02:02:45.0918 A

################################################################################################################################################
Starting Execution:	[61 out of 143] test cases in the current suite
Test Method:		[unitTests.tests_browserActions.refreshCurrentPage]
################################################################################################################################################
[ReportManager] Browser Action [RefreshCurrentPage] successfully performed. @18-10-2021 02:02:46.0149 AM
[ReportManager] Successfully created attachment [Browser Action Test Data - RefreshCurrentPage - Actual Value] @18-10-2021 02:02:46.0149 A
[ReportManager] Target URL: [https://duckduckgo.com] @18-10-2021 02:02:46.0153 AM
[ReportManager] Initial URL: [https://duckduckgo.com] @18-10-2021 02:02:46.0219 AM
[ReportManager] Browser Action [NavigateToURL] successfully performed. With the following test data [https://duckduckgo.com]. @18-10-2021 02:02:46.0522 AM
[ReportManager] Browser Action [CloseCurrentWindow] successfully performed. @18-10-2021 02:02:46.0626 AM
[ReportManager] Successfully created attachment [Browser Action Test Data - CloseCurrentWindow - Actual Value] @18-10-2021 02:02:46.0626 A
[ReportManager] File Action [GetAbsolutePath] successfully performed. With the following test data [Relative Folder Path: "target/downloadedFiles/"]. @18-10-2021 02:02:46.0631 AM
[ReportManager] Attempting to run remotely on: [Linux-64], [GoogleChrome], [http://localhost:4444/wd/hub], Headless Execution. @18-10-2021 02:02:46.0631 AM
[ReportManager] Successfully Opened [GoogleChrome]. @18-10-2021 02:02:46.0853 AM
[ReportManager] Target URL: [https://duckduckgo.com] @18-10-2021 02:02:46.0870 AM
[ReportManager] Initial URL: [data:,] @18-10-2021 02:02:46.0910 AM
[ReportManager] Browser Action [NavigateToURL] successfully performed. With the following test data [https://duckduckgo.com]. @18-10-2021 02:02:47.0459 A

################################################################################################################################################
Starting Execution:	[62 out of 143] test cases in the current suite
Test Method:		[unitTests.tests_browserActions.setWindowSize]
################################################################################################################################################
[ReportManager] Initial window size: (800, 600) @18-10-2021 02:02:47.0472 AM
[ReportManager] Window size after SWD: (1280, 720) @18-10-2021 02:02:47.0690 AM
[ReportManager] Browser Action [SetWindowSize] successfully performed. With the following test data [New screen size is now: (1280, 720)]. @18-10-2021 02:02:47.0691 A
[ReportManager] Target URL: [https://duckduckgo.com] @18-10-2021 02:02:47.0698 AM
[ReportManager] Initial URL: [https://duckduckgo.com] @18-10-2021 02:02:47.0783 AM
[ReportManager] Browser Action [NavigateToURL] successfully performed. With the following test data [https://duckduckgo.com]. @18-10-2021 02:02:48.0120 AM
[ReportManager] Browser Action [CloseCurrentWindow] successfully performed. @18-10-2021 02:02:48.0220 AM
[ReportManager] Successfully created attachment [Browser Action Test Data - CloseCurrentWindow - Actual Value] @18-10-2021 02:02:48.0221 A
[ReportManager] File Action [GetAbsolutePath] successfully performed. With the following test data [Relative Folder Path: "target/downloadedFiles/"]. @18-10-2021 02:02:48.0223 AM
[ReportManager] Attempting to run remotely on: [Linux-64], [GoogleChrome], [http://localhost:4444/wd/hub], Headless Execution. @18-10-2021 02:02:48.0223 AM
[ReportManager] Successfully Opened [GoogleChrome]. @18-10-2021 02:02:48.0426 A

################################################################################################################################################
Starting Execution:	[63 out of 143] test cases in the current suite
Test Method:		[unitTests.tests_element_elementActions.waitForElementToBePresent_false_expectedToFail]
################################################################################################################################################
[ReportManager] Target URL: [https://www.google.com/ncr], and after redirection: [www.google.com] @18-10-2021 02:02:48.0440 AM
[ReportManager] Initial URL: [data:,] @18-10-2021 02:02:48.0495 AM
[ReportManager] Browser Action [NavigateToURL] successfully performed. With the following test data [https://www.google.com/ncr]. @18-10-2021 02:02:49.0364 AM
[ReportManager] Waiting for element to be present; elementLocator [By.xpath: //*[@id='hplogo' or @alt='Google']], numberOfTries[1], stateOfPresence[false]... @18-10-2021 02:02:49.0372 AM
[ReportManager] Element Action [WaitForElementToBePresent] failed. With the following test data [waited for the element's state of presence to be (false). Element locator (By.xpath: //*[@id='hplogo' or @alt='Google'])]. @18-10-2021 02:02:49.0555 AM
[ReportManager] Successfully created attachment [Screenshot - 1634522569484_waitForElementToBePresent_false_expectedToFail_WaitForElementToBePresent_failed] @18-10-2021 02:02:49.0555 A
[ReportManager] Browser Action [CloseCurrentWindow] successfully performed. @18-10-2021 02:02:49.0703 AM
[ReportManager] Successfully created attachment [Browser Action Test Data - CloseCurrentWindow - Actual Value] @18-10-2021 02:02:49.0704 A
[ReportManager] File Action [GetAbsolutePath] successfully performed. With the following test data [Relative Folder Path: "target/downloadedFiles/"]. @18-10-2021 02:02:49.0708 AM
[ReportManager] Attempting to run remotely on: [Linux-64], [GoogleChrome], [http://localhost:4444/wd/hub], Headless Execution. @18-10-2021 02:02:49.0708 AM
[ReportManager] Successfully Opened [GoogleChrome]. @18-10-2021 02:02:49.0942 A

################################################################################################################################################
Starting Execution:	[64 out of 143] test cases in the current suite
Test Method:		[unitTests.tests_element_elementActions.waitForElementToBePresent_false_expectedToPass]
################################################################################################################################################
[ReportManager] Target URL: [https://www.google.com/ncr], and after redirection: [www.google.com] @18-10-2021 02:02:49.0965 AM
[ReportManager] Initial URL: [data:,] @18-10-2021 02:02:50.0009 AM
[ReportManager] Browser Action [NavigateToURL] successfully performed. With the following test data [https://www.google.com/ncr]. @18-10-2021 02:02:50.0867 AM
[ReportManager] Waiting for element to be present; elementLocator [By.id: bla], numberOfTries[1], stateOfPresence[false]... @18-10-2021 02:02:50.0867 AM
[ReportManager] Element Action [WaitForElementToBePresent] successfully performed. With the following test data [waited for the element's state of presence to be (false). Element locator (By.id: bla)]. @18-10-2021 02:02:55.0989 A
[ReportManager] Browser Action [CloseCurrentWindow] successfully performed. @18-10-2021 02:02:56.0119 AM
[ReportManager] Successfully created attachment [Browser Action Test Data - CloseCurrentWindow - Actual Value] @18-10-2021 02:02:56.0120 A
[ReportManager] File Action [GetAbsolutePath] successfully performed. With the following test data [Relative Folder Path: "target/downloadedFiles/"]. @18-10-2021 02:02:56.0122 AM
[ReportManager] Attempting to run remotely on: [Linux-64], [GoogleChrome], [http://localhost:4444/wd/hub], Headless Execution. @18-10-2021 02:02:56.0123 AM
[ReportManager] Successfully Opened [GoogleChrome]. @18-10-2021 02:02:56.0349 A

################################################################################################################################################
Starting Execution:	[65 out of 143] test cases in the current suite
Test Method:		[unitTests.tests_element_elementActions.waitForElementToBePresent_moreThanOneElement_expectedToFail]
################################################################################################################################################
[ReportManager] Target URL: [https://www.google.com/ncr], and after redirection: [www.google.com] @18-10-2021 02:02:56.0362 AM
[ReportManager] Initial URL: [data:,] @18-10-2021 02:02:56.0412 AM
[ReportManager] Browser Action [NavigateToURL] successfully performed. With the following test data [https://www.google.com/ncr]. @18-10-2021 02:02:57.0367 AM
[ReportManager] Waiting for element to be present; elementLocator [By.xpath: //*], numberOfTries[1], stateOfPresence[false]... @18-10-2021 02:02:57.0367 AM
[ReportManager] Element Action [WaitForElementToBePresent] failed. With the following test data [waited for the element's state of presence to be (false). Element locator (By.xpath: //*)]. @18-10-2021 02:02:57.0607 AM
[ReportManager] Successfully created attachment [Screenshot - 1634522577522_waitForElementToBePresent_moreThanOneElement_expectedToFail_WaitForElementToBePresent_failed] @18-10-2021 02:02:57.0607 A
[ReportManager] Browser Action [CloseCurrentWindow] successfully performed. @18-10-2021 02:02:57.0744 AM
[ReportManager] Successfully created attachment [Browser Action Test Data - CloseCurrentWindow - Actual Value] @18-10-2021 02:02:57.0745 A
[ReportManager] File Action [GetAbsolutePath] successfully performed. With the following test data [Relative Folder Path: "target/downloadedFiles/"]. @18-10-2021 02:02:57.0748 AM
[ReportManager] Attempting to run remotely on: [Linux-64], [GoogleChrome], [http://localhost:4444/wd/hub], Headless Execution. @18-10-2021 02:02:57.0748 AM
[ReportManager] Successfully Opened [GoogleChrome]. @18-10-2021 02:02:58.0012 A

################################################################################################################################################
Starting Execution:	[66 out of 143] test cases in the current suite
Test Method:		[unitTests.tests_element_elementActions.waitForElementToBePresent_true_expectedToFail]
################################################################################################################################################
[ReportManager] Target URL: [https://www.google.com/ncr], and after redirection: [www.google.com] @18-10-2021 02:02:58.0025 AM
[ReportManager] Initial URL: [data:,] @18-10-2021 02:02:58.0079 AM
[ReportManager] Browser Action [NavigateToURL] successfully performed. With the following test data [https://www.google.com/ncr]. @18-10-2021 02:02:58.0917 AM
[ReportManager] Waiting for element to be present; elementLocator [By.id: bla], numberOfTries[1], stateOfPresence[true]... @18-10-2021 02:02:58.0917 AM
[ReportManager] Element Action [WaitForElementToBePresent] failed. With the following test data [waited for the element's state of presence to be (true). Element locator (By.id: bla)]. @18-10-2021 02:03:04.0183 AM
[ReportManager] Successfully created attachment [Screenshot - 1634522584117_waitForElementToBePresent_true_expectedToFail_WaitForElementToBePresent_failed] @18-10-2021 02:03:04.0184 A
[ReportManager] Browser Action [CloseCurrentWindow] successfully performed. @18-10-2021 02:03:04.0318 AM
[ReportManager] Successfully created attachment [Browser Action Test Data - CloseCurrentWindow - Actual Value] @18-10-2021 02:03:04.0319 A
[ReportManager] File Action [GetAbsolutePath] successfully performed. With the following test data [Relative Folder Path: "target/downloadedFiles/"]. @18-10-2021 02:03:04.0322 AM
[ReportManager] Attempting to run remotely on: [Linux-64], [GoogleChrome], [http://localhost:4444/wd/hub], Headless Execution. @18-10-2021 02:03:04.0322 AM
[ReportManager] Successfully Opened [GoogleChrome]. @18-10-2021 02:03:04.0549 A

################################################################################################################################################
Starting Execution:	[67 out of 143] test cases in the current suite
Test Method:		[unitTests.tests_element_elementActions.waitForElementToBePresent_true_expectedToPass]
################################################################################################################################################
[ReportManager] Target URL: [https://www.google.com/ncr], and after redirection: [www.google.com] @18-10-2021 02:03:04.0580 AM
[ReportManager] Initial URL: [data:,] @18-10-2021 02:03:04.0623 AM
[ReportManager] Browser Action [NavigateToURL] successfully performed. With the following test data [https://www.google.com/ncr]. @18-10-2021 02:03:05.0495 AM
[ReportManager] Waiting for element to be present; elementLocator [By.xpath: //*[@id='hplogo' or @alt='Google']], numberOfTries[1], stateOfPresence[true]... @18-10-2021 02:03:05.0495 AM
[ReportManager] Element Action [WaitForElementToBePresent] successfully performed. With the following test data [waited for the element's state of presence to be (true). Element locator (By.xpath: //*[@id='hplogo' or @alt='Google'])]. @18-10-2021 02:03:05.0554 AM
[ReportManager] File Action [DoesFileExist] successfully performed. With the following test data [File Path: "src/test/resources/DynamicObjectRepository/unitTests_tests_element_elementActions_waitForElementToBePresent_true_expectedToPass_By_xpath_id_hplogo_or_alt_Google.png"]. @18-10-2021 02:03:05.0559 AM
[ReportManager] File Action [DoesFileExist] successfully performed. With the following test data [File Path: "src/test/resources/DynamicObjectRepository/unitTests_tests_element_elementActions_waitForElementToBePresent_true_expectedToPass_By_xpath_id_hplogo_or_alt_Google.png"]. @18-10-2021 02:03:05.0726 AM
[ReportManager] Passing the test and saving a reference image @18-10-2021 02:03:05.0726 AM
[ReportManager] File Action [GetAbsolutePath] successfully performed. With the following test data [Relative File Path: "src/test/resources/DynamicObjectRepository/unitTests_tests_element_elementActions_waitForElementToBePresent_true_expectedToPass_By_xpath_id_hplogo_or_alt_Google.png"]. @18-10-2021 02:03:05.0726 AM
[ReportManager] File Action [WriteToFile] successfully performed. With the following test data [Target File Path: "/home/runner/work/SHAFT_ENGINE/SHAFT_ENGINE/src/test/resources/DynamicObjectRepository/unitTests_tests_element_elementActions_waitForElementToBePresent_true_expectedToPass_By_xpath_id_hplogo_or_alt_Google.png"]. @18-10-2021 02:03:05.0732 AM
[ReportManager] Assertion Passed: Using Visual AI; OpenCV @18-10-2021 02:03:05.0732 AM
[ReportManager] Successfully created attachment [Validation Test Data - Actual Screenshot] @18-10-2021 02:03:05.0733 AM
[ReportManager] Assertion [ValidateElementMatches] PASSED. Expected [Element should match the reference screenshot] and Actual [TRUE]. Comparison Type [EXACT_OPENCV]. Validation Type [POSITIVE]. @18-10-2021 02:03:05.0733 A
[ReportManager] Browser Action [CloseCurrentWindow] successfully performed. @18-10-2021 02:03:05.0871 AM
[ReportManager] Successfully created attachment [Browser Action Test Data - CloseCurrentWindow - Actual Value] @18-10-2021 02:03:05.0872 A
[ReportManager] Successfully loaded the following test data file [src/test/resources/TestDataFiles/testSuite01/TestData.xlsx]. @18-10-2021 02:03:06.0771 AM
[ReportManager] Successfully created attachment [Test Data - Excel] @18-10-2021 02:03:06.0772 A

################################################################################################################################################
Starting Execution:	[68 out of 143] test cases in the current suite
Test Method:		[unitTests.tests_io_excelFileManager.getCellData_rowName_expectedToPass]
################################################################################################################################################
[ReportManager] testRowData. @18-10-2021 02:03:06.0789 A

################################################################################################################################################
Starting Execution:	[69 out of 143] test cases in the current suite
Test Method:		[testPackage01.Test_testData.f]
################################################################################################################################################
[ReportManager] Successfully loaded the following test data file [src/test/resources/TestDataFiles/testSuite01/TestData.xlsx]. @18-10-2021 02:03:06.0848 AM
[ReportManager] Successfully created attachment [Test Data - Excel] @18-10-2021 02:03:06.0849 AM
[ReportManager] Last Column Number is: [3]. Zero-based. @18-10-2021 02:03:06.0850 A

################################################################################################################################################
Starting Execution:	[70 out of 143] test cases in the current suite
Test Method:		[testPackage01.Test_SkipDueToIssue.doNotSkip]
################################################################################################################################################
[ReportManager] This should not be skipped. @18-10-2021 02:03:06.0854 A

################################################################################################################################################
Starting Execution:	[71 out of 143] test cases in the current suite
Test Method:		[testPackage01.Test_SkipDueToIssue.skip]
################################################################################################################################################
[ReportManager] This should be skipped. @18-10-2021 02:03:06.0860 A

################################################################################################################################################
Starting Execution:	[72 out of 143] test cases in the current suite
Test Method:		[testPackage01.Test_SkipDueToIssue.skip2]
################################################################################################################################################
[ReportManager] This should be skipped. @18-10-2021 02:03:06.0869 A

################################################################################################################################################
Starting Execution:	[73 out of 143] test cases in the current suite
Test Method:		[testPackage01.Test_chainableElementActions.chainElementActions]
################################################################################################################################################
[ReportManager] File Action [GetAbsolutePath] successfully performed. With the following test data [Relative Folder Path: "target/downloadedFiles/"]. @18-10-2021 02:03:06.0873 AM
[ReportManager] Attempting to run remotely on: [Linux-64], [GoogleChrome], [http://localhost:4444/wd/hub], Headless Execution. @18-10-2021 02:03:06.0873 AM
[ReportManager] Successfully Opened [GoogleChrome]. @18-10-2021 02:03:07.0192 AM
[ReportManager] Target URL: [https://www.google.com/ncr], and after redirection: [https://www.google.com] @18-10-2021 02:03:07.0212 AM
[ReportManager] Initial URL: [data:,] @18-10-2021 02:03:07.0278 AM
[ReportManager] Browser Action [NavigateToURL] successfully performed. With the following test data [https://www.google.com/ncr]. @18-10-2021 02:03:08.0222 AM
[ReportManager] Element Action [Type] successfully performed. With the following test data [chained type 1]. @18-10-2021 02:03:08.0613 AM
[ReportManager] Element Action [Type] successfully performed. With the following test data [chained type 2]. @18-10-2021 02:03:09.0095 AM
[ReportManager] Element Action [TypeAppend] successfully performed. With the following test data [345]. @18-10-2021 02:03:09.0207 AM
[ReportManager] Element Action [GetText] successfully performed. With the following test data [chained type 2345]. @18-10-2021 02:03:09.0352 AM
[ReportManager] Loaded Shared OpenCV @18-10-2021 02:03:09.0483 AM
[ReportManager] Assertion [ValidateElementAttribute] PASSED. Expected [Value Should be 'chained type 2345' for the 'text' attribute, element locator 'By.name: q'] and Actual [chained type 2345]. Comparison Type [EQUALS]. Validation Type [POSITIVE]. @18-10-2021 02:03:09.0580 AM
[ReportManager] Successfully created attachment [Screenshot - 1634522589483_chainElementActions_ValidateElementAttribute_passed] @18-10-2021 02:03:09.0581 AM
[ReportManager] Browser Action [CloseCurrentWindow] successfully performed. @18-10-2021 02:03:09.0708 AM
[ReportManager] Successfully created attachment [Browser Action Test Data - CloseCurrentWindow - Actual Value] @18-10-2021 02:03:09.0709 A

################################################################################################################################################
Starting Execution:	[74 out of 143] test cases in the current suite
Test Method:		[testPackage01.Test_NewValidationHelper.f1]
################################################################################################################################################
[ReportManager] Assertion Passed: Checking valid user data @18-10-2021 02:03:09.0713 AM
[ReportManager] Successfully created attachment [Validation Test Data - Expected Value] @18-10-2021 02:03:09.0713 AM
[ReportManager] Successfully created attachment [Validation Test Data - Actual Value] @18-10-2021 02:03:09.0714 AM
[ReportManager] Assertion [ValidateEquals] PASSED. Expected and Actual values are attached. Comparison Type [EQUALS]. Validation Type [POSITIVE]. @18-10-2021 02:03:09.0714 A
[ReportManager] File Action [GetAbsolutePath] successfully performed. With the following test data [Relative Folder Path: "target/downloadedFiles/"]. @18-10-2021 02:03:09.0718 AM
[ReportManager] Attempting to run remotely on: [Linux-64], [GoogleChrome], [http://localhost:4444/wd/hub], Headless Execution. @18-10-2021 02:03:09.0718 AM
[ReportManager] Successfully Opened [GoogleChrome]. @18-10-2021 02:03:09.0957 AM
[ReportManager] Target URL: [https://the-internet.herokuapp.com/] @18-10-2021 02:03:09.0968 AM
[ReportManager] Initial URL: [data:,] @18-10-2021 02:03:10.0018 AM
[ReportManager] Browser Action [NavigateToURL] successfully performed. With the following test data [https://the-internet.herokuapp.com/]. @18-10-2021 02:03:10.0447 A

################################################################################################################################################
Starting Execution:	[75 out of 143] test cases in the current suite
Test Method:		[testPackage01.Test_NewValidationHelper.f10]
################################################################################################################################################
[ReportManager] Assertion [ValidateElementExists] FAILED. Expected [Element Should Exist, locator 'By.tagName: div'] and Actual [Element Exists but is not unique]. Comparison Type [EQUALS]. Validation Type [POSITIVE]. @18-10-2021 02:03:10.0736 AM
[ReportManager] Successfully created attachment [Screenshot - 1634522590662_f10_ValidateElementExists_failed] @18-10-2021 02:03:10.0737 A
[ReportManager] Successfully Closed All Drivers. @18-10-2021 02:03:10.0822 A
[ReportManager] File Action [GetAbsolutePath] successfully performed. With the following test data [Relative Folder Path: "target/downloadedFiles/"]. @18-10-2021 02:03:10.0825 AM
[ReportManager] Attempting to run remotely on: [Linux-64], [GoogleChrome], [http://localhost:4444/wd/hub], Headless Execution. @18-10-2021 02:03:10.0825 AM
[ReportManager] Successfully Opened [GoogleChrome]. @18-10-2021 02:03:11.0052 AM
[ReportManager] Target URL: [https://the-internet.herokuapp.com/] @18-10-2021 02:03:11.0064 AM
[ReportManager] Initial URL: [data:,] @18-10-2021 02:03:11.0140 AM
[ReportManager] Browser Action [NavigateToURL] successfully performed. With the following test data [https://the-internet.herokuapp.com/]. @18-10-2021 02:03:11.0599 A

################################################################################################################################################
Starting Execution:	[76 out of 143] test cases in the current suite
Test Method:		[testPackage01.Test_NewValidationHelper.f11]
################################################################################################################################################
[ReportManager] Assertion Passed: Checking that false tag doesn't exist @18-10-2021 02:03:22.0048 AM
[ReportManager] Successfully created attachment [Screenshot - 1634522601979_f11_ValidateElementExists_passed] @18-10-2021 02:03:22.0048 AM
[ReportManager] Assertion [ValidateElementExists] PASSED. Expected [Element Should not Exist, locator 'By.tagName: h3'] and Actual [Element Doesn't Exists]. Comparison Type [EQUALS]. Validation Type [NEGATIVE]. @18-10-2021 02:03:22.0048 A
[ReportManager] Successfully Closed All Drivers. @18-10-2021 02:03:22.0083 A
[ReportManager] File Action [GetAbsolutePath] successfully performed. With the following test data [Relative Folder Path: "target/downloadedFiles/"]. @18-10-2021 02:03:22.0086 AM
[ReportManager] Attempting to run remotely on: [Linux-64], [GoogleChrome], [http://localhost:4444/wd/hub], Headless Execution. @18-10-2021 02:03:22.0086 AM
[ReportManager] Successfully Opened [GoogleChrome]. @18-10-2021 02:03:22.0316 AM
[ReportManager] Target URL: [https://the-internet.herokuapp.com/] @18-10-2021 02:03:22.0326 AM
[ReportManager] Initial URL: [data:,] @18-10-2021 02:03:22.0364 AM
[ReportManager] Browser Action [NavigateToURL] successfully performed. With the following test data [https://the-internet.herokuapp.com/]. @18-10-2021 02:03:22.0777 A

################################################################################################################################################
Starting Execution:	[77 out of 143] test cases in the current suite
Test Method:		[testPackage01.Test_NewValidationHelper.f12]
################################################################################################################################################
[ReportManager] Loaded Shared OpenCV @18-10-2021 02:03:22.0995 AM
[ReportManager] Assertion [ValidateElementExists] FAILED. Expected [Element Should not Exist, locator 'By.tagName: h1'] and Actual [Element Exists]. Comparison Type [EQUALS]. Validation Type [NEGATIVE]. @18-10-2021 02:03:23.0097 AM
[ReportManager] Successfully created attachment [Screenshot - 1634522602995_f12_ValidateElementExists_failed] @18-10-2021 02:03:23.0099 A
[ReportManager] Successfully Closed All Drivers. @18-10-2021 02:03:23.0179 A
[ReportManager] File Action [GetAbsolutePath] successfully performed. With the following test data [Relative Folder Path: "target/downloadedFiles/"]. @18-10-2021 02:03:23.0181 AM
[ReportManager] Attempting to run remotely on: [Linux-64], [GoogleChrome], [http://localhost:4444/wd/hub], Headless Execution. @18-10-2021 02:03:23.0181 AM
[ReportManager] Successfully Opened [GoogleChrome]. @18-10-2021 02:03:23.0421 AM
[ReportManager] Target URL: [https://the-internet.herokuapp.com/] @18-10-2021 02:03:23.0445 AM
[ReportManager] Initial URL: [data:,] @18-10-2021 02:03:23.0499 AM
[ReportManager] Browser Action [NavigateToURL] successfully performed. With the following test data [https://the-internet.herokuapp.com/]. @18-10-2021 02:03:23.0877 A

################################################################################################################################################
Starting Execution:	[78 out of 143] test cases in the current suite
Test Method:		[testPackage01.Test_NewValidationHelper.f13]
################################################################################################################################################
[ReportManager] Assertion [ValidateElementExists] FAILED. Expected [Element Should not Exist, locator 'By.tagName: div'] and Actual [Element Exists but is not unique]. Comparison Type [EQUALS]. Validation Type [NEGATIVE]. @18-10-2021 02:03:24.0161 AM
[ReportManager] Successfully created attachment [Screenshot - 1634522604060_f13_ValidateElementExists_failed] @18-10-2021 02:03:24.0162 A
[ReportManager] Successfully Closed All Drivers. @18-10-2021 02:03:24.0240 A
[ReportManager] File Action [GetAbsolutePath] successfully performed. With the following test data [Relative Folder Path: "target/downloadedFiles/"]. @18-10-2021 02:03:24.0243 AM
[ReportManager] Attempting to run remotely on: [Linux-64], [GoogleChrome], [http://localhost:4444/wd/hub], Headless Execution. @18-10-2021 02:03:24.0243 AM
[ReportManager] Successfully Opened [GoogleChrome]. @18-10-2021 02:03:24.0458 AM
[ReportManager] Target URL: [https://the-internet.herokuapp.com/] @18-10-2021 02:03:24.0469 AM
[ReportManager] Initial URL: [data:,] @18-10-2021 02:03:24.0514 AM
[ReportManager] Browser Action [NavigateToURL] successfully performed. With the following test data [https://the-internet.herokuapp.com/]. @18-10-2021 02:03:24.0878 A

################################################################################################################################################
Starting Execution:	[79 out of 143] test cases in the current suite
Test Method:		[testPackage01.Test_NewValidationHelper.f14]
################################################################################################################################################
[ReportManager] Element Action [GetText] successfully performed. With the following test data [Welcome to the-internet]. @18-10-2021 02:03:24.0974 AM
[ReportManager] Loaded Shared OpenCV @18-10-2021 02:03:25.0149 AM
[ReportManager] Assertion Passed: Asserting that the header text is correct @18-10-2021 02:03:25.0240 AM
[ReportManager] Successfully created attachment [Screenshot - 1634522605149_f14_ValidateElementAttribute_passed] @18-10-2021 02:03:25.0242 AM
[ReportManager] Assertion [ValidateElementAttribute] PASSED. Expected [Value Should be 'Welcome to the-internet' for the 'text' attribute, element locator 'By.tagName: h1'] and Actual [Welcome to the-internet]. Comparison Type [EQUALS]. Validation Type [POSITIVE]. @18-10-2021 02:03:25.0242 A
[ReportManager] Successfully Closed All Drivers. @18-10-2021 02:03:25.0320 A
[ReportManager] File Action [GetAbsolutePath] successfully performed. With the following test data [Relative Folder Path: "target/downloadedFiles/"]. @18-10-2021 02:03:25.0322 AM
[ReportManager] Attempting to run remotely on: [Linux-64], [GoogleChrome], [http://localhost:4444/wd/hub], Headless Execution. @18-10-2021 02:03:25.0322 AM
[ReportManager] Successfully Opened [GoogleChrome]. @18-10-2021 02:03:25.0533 AM
[ReportManager] Target URL: [https://the-internet.herokuapp.com/] @18-10-2021 02:03:25.0543 AM
[ReportManager] Initial URL: [data:,] @18-10-2021 02:03:25.0585 AM
[ReportManager] Browser Action [NavigateToURL] successfully performed. With the following test data [https://the-internet.herokuapp.com/]. @18-10-2021 02:03:26.0016 A

################################################################################################################################################
Starting Execution:	[80 out of 143] test cases in the current suite
Test Method:		[testPackage01.Test_NewValidationHelper.f15]
################################################################################################################################################
[ReportManager] Element Action [GetText] successfully performed. With the following test data [Welcome to the-internet]. @18-10-2021 02:03:26.0128 AM
[ReportManager] Loaded Shared OpenCV @18-10-2021 02:03:26.0281 AM
[ReportManager] Assertion [ValidateElementAttribute] FAILED. Expected [Value Should not be 'Welcome' for the 'text' attribute, element locator 'By.tagName: h1'] and Actual [Welcome to the-internet]. Comparison Type [CONTAINS]. Validation Type [NEGATIVE]. @18-10-2021 02:03:26.0375 AM
[ReportManager] Successfully created attachment [Screenshot - 1634522606280_f15_ValidateElementAttribute_failed] @18-10-2021 02:03:26.0377 A
[ReportManager] Successfully Closed All Drivers. @18-10-2021 02:03:26.0456 A
[ReportManager] File Action [GetAbsolutePath] successfully performed. With the following test data [Relative Folder Path: "target/downloadedFiles/"]. @18-10-2021 02:03:26.0458 AM
[ReportManager] Attempting to run remotely on: [Linux-64], [GoogleChrome], [http://localhost:4444/wd/hub], Headless Execution. @18-10-2021 02:03:26.0458 AM
[ReportManager] Successfully Opened [GoogleChrome]. @18-10-2021 02:03:26.0668 AM
[ReportManager] Target URL: [https://the-internet.herokuapp.com/] @18-10-2021 02:03:26.0694 AM
[ReportManager] Initial URL: [data:,] @18-10-2021 02:03:26.0750 AM
[ReportManager] Browser Action [NavigateToURL] successfully performed. With the following test data [https://the-internet.herokuapp.com/]. @18-10-2021 02:03:27.0152 A

################################################################################################################################################
Starting Execution:	[81 out of 143] test cases in the current suite
Test Method:		[testPackage01.Test_NewValidationHelper.f16]
################################################################################################################################################
[ReportManager] Element Action [IdentifyUniqueElement] failed. With the following test data [zero elements found matching this locator "By.tagName: h3".]. @18-10-2021 02:03:52.0763 AM
[ReportManager] Successfully created attachment [Screenshot - 1634522632694_f16_IdentifyUniqueElement_failed] @18-10-2021 02:03:52.0765 AM
[ReportManager] Assertion [ValidateElementAttribute] FAILED. Expected [Value Should not be 'Welcome' for the 'text' attribute, element locator 'By.tagName: h3'] and Actual [Failed to read the desired element attribute]. Comparison Type [CONTAINS]. Validation Type [NEGATIVE]. @18-10-2021 02:03:52.0765 A
[ReportManager] Successfully Closed All Drivers. @18-10-2021 02:03:52.0839 A
[ReportManager] File Action [GetAbsolutePath] successfully performed. With the following test data [Relative Folder Path: "target/downloadedFiles/"]. @18-10-2021 02:03:52.0842 AM
[ReportManager] Attempting to run remotely on: [Linux-64], [GoogleChrome], [http://localhost:4444/wd/hub], Headless Execution. @18-10-2021 02:03:52.0842 AM
[ReportManager] Successfully Opened [GoogleChrome]. @18-10-2021 02:03:53.0051 AM
[ReportManager] Target URL: [https://the-internet.herokuapp.com/] @18-10-2021 02:03:53.0063 AM
[ReportManager] Initial URL: [data:,] @18-10-2021 02:03:53.0103 AM
[ReportManager] Browser Action [NavigateToURL] successfully performed. With the following test data [https://the-internet.herokuapp.com/]. @18-10-2021 02:03:53.0476 A

################################################################################################################################################
Starting Execution:	[82 out of 143] test cases in the current suite
Test Method:		[testPackage01.Test_NewValidationHelper.f17]
################################################################################################################################################
[ReportManager] Attempting to getAttribute [text2] from elementLocator [By.tagName: h1]. @18-10-2021 02:03:53.0482 AM
[ReportManager] Element Action [GetAttribute] successfully performed. @18-10-2021 02:03:53.0570 AM
[ReportManager] Loaded Shared OpenCV @18-10-2021 02:03:53.0733 AM
[ReportManager] Assertion [ValidateElementAttribute] PASSED. Expected [Value Should not be 'Welcome' for the 'text2' attribute, element locator 'By.tagName: h1'] and Actual [null]. Comparison Type [CONTAINS]. Validation Type [NEGATIVE]. @18-10-2021 02:03:53.0820 AM
[ReportManager] Successfully created attachment [Screenshot - 1634522633733_f17_ValidateElementAttribute_passed] @18-10-2021 02:03:53.0821 A
[ReportManager] Successfully Closed All Drivers. @18-10-2021 02:03:53.0899 A
[ReportManager] File Action [GetAbsolutePath] successfully performed. With the following test data [Relative Folder Path: "target/downloadedFiles/"]. @18-10-2021 02:03:53.0905 AM
[ReportManager] Attempting to run remotely on: [Linux-64], [GoogleChrome], [http://localhost:4444/wd/hub], Headless Execution. @18-10-2021 02:03:53.0905 AM
[ReportManager] Successfully Opened [GoogleChrome]. @18-10-2021 02:03:54.0120 AM
[ReportManager] Target URL: [https://the-internet.herokuapp.com/] @18-10-2021 02:03:54.0137 AM
[ReportManager] Initial URL: [data:,] @18-10-2021 02:03:54.0207 AM
[ReportManager] Browser Action [NavigateToURL] successfully performed. With the following test data [https://the-internet.herokuapp.com/]. @18-10-2021 02:03:54.0606 A

################################################################################################################################################
Starting Execution:	[83 out of 143] test cases in the current suite
Test Method:		[testPackage01.Test_NewValidationHelper.f18]
################################################################################################################################################
[ReportManager] Element Action [GetText] successfully performed. With the following test data [Welcome to the-internet]. @18-10-2021 02:03:54.0717 AM
[ReportManager] Loaded Shared OpenCV @18-10-2021 02:03:54.0865 AM
[ReportManager] Assertion [ValidateElementAttribute] PASSED. Expected [Value Should not be 'no' for the 'text' attribute, element locator 'By.tagName: h1'] and Actual [Welcome to the-internet]. Comparison Type [CONTAINS]. Validation Type [NEGATIVE]. @18-10-2021 02:03:54.0960 AM
[ReportManager] Successfully created attachment [Screenshot - 1634522634865_f18_ValidateElementAttribute_passed] @18-10-2021 02:03:54.0963 A
[ReportManager] Successfully Closed All Drivers. @18-10-2021 02:03:55.0048 A

################################################################################################################################################
Starting Execution:	[84 out of 143] test cases in the current suite
Test Method:		[testPackage01.Test_NewValidationHelper.f2]
################################################################################################################################################
[ReportManager] Assertion Failed: Checking valid user data @18-10-2021 02:03:55.0052 AM
[ReportManager] Assertion [ValidateEquals] FAILED. Expected [1] and Actual [2]. Comparison Type [EQUALS]. Validation Type [POSITIVE]. @18-10-2021 02:03:55.0052 A
[ReportManager] File Action [GetAbsolutePath] successfully performed. With the following test data [Relative Folder Path: "target/downloadedFiles/"]. @18-10-2021 02:03:55.0054 AM
[ReportManager] Attempting to run remotely on: [Linux-64], [GoogleChrome], [http://localhost:4444/wd/hub], Headless Execution. @18-10-2021 02:03:55.0055 AM
[ReportManager] Successfully Opened [GoogleChrome]. @18-10-2021 02:03:55.0310 AM
[ReportManager] Target URL: [https://the-internet.herokuapp.com/] @18-10-2021 02:03:55.0343 AM
[ReportManager] Initial URL: [data:,] @18-10-2021 02:03:55.0392 AM
[ReportManager] Browser Action [NavigateToURL] successfully performed. With the following test data [https://the-internet.herokuapp.com/]. @18-10-2021 02:03:55.0782 A

################################################################################################################################################
Starting Execution:	[85 out of 143] test cases in the current suite
Test Method:		[testPackage01.Test_NewValidationHelper.f20]
################################################################################################################################################
[ReportManager] Element Action [GetSize] successfully performed. With the following test data [(755, 61)]. @18-10-2021 02:03:55.0868 AM
[ReportManager] Loaded Shared OpenCV @18-10-2021 02:03:56.0049 AM
[ReportManager] Assertion [ValidateElementAttribute] PASSED. Expected [Value Should not be 'a' for the 'size' attribute, element locator 'By.tagName: h1'] and Actual [(755, 61)]. Comparison Type [CONTAINS]. Validation Type [NEGATIVE]. @18-10-2021 02:03:56.0139 AM
[ReportManager] Successfully created attachment [Screenshot - 1634522636049_f20_ValidateElementAttribute_passed] @18-10-2021 02:03:56.0140 A
[ReportManager] Successfully Closed All Drivers. @18-10-2021 02:03:56.0218 A
[ReportManager] File Action [GetAbsolutePath] successfully performed. With the following test data [Relative Folder Path: "target/downloadedFiles/"]. @18-10-2021 02:03:56.0220 AM
[ReportManager] Attempting to run remotely on: [Linux-64], [GoogleChrome], [http://localhost:4444/wd/hub], Headless Execution. @18-10-2021 02:03:56.0220 AM
[ReportManager] Successfully Opened [GoogleChrome]. @18-10-2021 02:03:56.0450 AM
[ReportManager] Target URL: [https://the-internet.herokuapp.com/] @18-10-2021 02:03:56.0461 AM
[ReportManager] Initial URL: [data:,] @18-10-2021 02:03:56.0533 AM
[ReportManager] Browser Action [NavigateToURL] successfully performed. With the following test data [https://the-internet.herokuapp.com/]. @18-10-2021 02:03:56.0899 A

################################################################################################################################################
Starting Execution:	[86 out of 143] test cases in the current suite
Test Method:		[testPackage01.Test_NewValidationHelper.f21]
################################################################################################################################################
[ReportManager] Element Action [IdentifyUniqueElement] failed. With the following test data [zero elements found matching this locator "By.tagName: h3".]. @18-10-2021 02:04:22.0539 AM
[ReportManager] Successfully created attachment [Screenshot - 1634522662467_f21_IdentifyUniqueElement_failed] @18-10-2021 02:04:22.0540 AM
[ReportManager] Assertion [ValidateElementAttribute] FAILED. Expected [Value Should be 'Welcome' for the 'text' attribute, element locator 'By.tagName: h3'] and Actual [Failed to read the desired element attribute]. Comparison Type [CONTAINS]. Validation Type [POSITIVE]. @18-10-2021 02:04:22.0540 A
[ReportManager] Successfully Closed All Drivers. @18-10-2021 02:04:22.0625 A
[ReportManager] File Action [GetAbsolutePath] successfully performed. With the following test data [Relative Folder Path: "target/downloadedFiles/"]. @18-10-2021 02:04:22.0627 AM
[ReportManager] Attempting to run remotely on: [Linux-64], [GoogleChrome], [http://localhost:4444/wd/hub], Headless Execution. @18-10-2021 02:04:22.0627 AM
[ReportManager] Successfully Opened [GoogleChrome]. @18-10-2021 02:04:22.0854 AM
[ReportManager] Target URL: [https://the-internet.herokuapp.com/] @18-10-2021 02:04:22.0879 AM
[ReportManager] Initial URL: [data:,] @18-10-2021 02:04:22.0923 AM
[ReportManager] Browser Action [NavigateToURL] successfully performed. With the following test data [https://the-internet.herokuapp.com/]. @18-10-2021 02:04:23.0295 A

################################################################################################################################################
Starting Execution:	[87 out of 143] test cases in the current suite
Test Method:		[testPackage01.Test_NewValidationHelper.f22]
################################################################################################################################################
[ReportManager] Element Action [GetText] successfully performed. With the following test data [Welcome to the-internet]. @18-10-2021 02:04:23.0409 AM
[ReportManager] Loaded Shared OpenCV @18-10-2021 02:04:23.0558 AM
[ReportManager] Assertion [ValidateElementAttribute] FAILED. Expected [Value Should be 'yyy' for the 'text' attribute, element locator 'By.tagName: h1'] and Actual [Welcome to the-internet]. Comparison Type [CONTAINS]. Validation Type [POSITIVE]. @18-10-2021 02:04:23.0650 AM
[ReportManager] Successfully created attachment [Screenshot - 1634522663558_f22_ValidateElementAttribute_failed] @18-10-2021 02:04:23.0651 A
[ReportManager] Successfully Closed All Drivers. @18-10-2021 02:04:23.0728 A

################################################################################################################################################
Starting Execution:	[88 out of 143] test cases in the current suite
Test Method:		[testPackage01.Test_NewValidationHelper.f23]
################################################################################################################################################
[ReportManager] Assertion Passed: confirming that the actual is greater than or equal to the expected @18-10-2021 02:04:23.0731 AM
[ReportManager] Assertion [ValidateComparativeRelation] PASSED. Expected [1] and Actual [1]. Comparison Type [GREATER_THAN_OR_EQUALS]. Validation Type [POSITIVE]. @18-10-2021 02:04:23.0731 A

################################################################################################################################################
Starting Execution:	[89 out of 143] test cases in the current suite
Test Method:		[testPackage01.Test_NewValidationHelper.f24]
################################################################################################################################################
[ReportManager] Assertion [ValidateComparativeRelation] PASSED. Expected [1] and Actual [10]. Comparison Type [GREATER_THAN_OR_EQUALS]. Validation Type [POSITIVE]. @18-10-2021 02:04:23.0734 A

################################################################################################################################################
Starting Execution:	[90 out of 143] test cases in the current suite
Test Method:		[testPackage01.Test_NewValidationHelper.f25]
################################################################################################################################################
[ReportManager] Assertion [ValidateComparativeRelation] PASSED. Expected [1] and Actual [1]. Comparison Type [EQUALS]. Validation Type [POSITIVE]. @18-10-2021 02:04:23.0736 A

################################################################################################################################################
Starting Execution:	[91 out of 143] test cases in the current suite
Test Method:		[testPackage01.Test_NewValidationHelper.f26]
################################################################################################################################################
[ReportManager] Assertion [ValidateComparativeRelation] PASSED. Expected [1] and Actual [5]. Comparison Type [GREATER_THAN]. Validation Type [POSITIVE]. @18-10-2021 02:04:23.0738 A

################################################################################################################################################
Starting Execution:	[92 out of 143] test cases in the current suite
Test Method:		[testPackage01.Test_NewValidationHelper.f27]
################################################################################################################################################
[ReportManager] Assertion [ValidateComparativeRelation] PASSED. Expected [11] and Actual [5]. Comparison Type [LESS_THAN]. Validation Type [POSITIVE]. @18-10-2021 02:04:23.0741 A

################################################################################################################################################
Starting Execution:	[93 out of 143] test cases in the current suite
Test Method:		[testPackage01.Test_NewValidationHelper.f28]
################################################################################################################################################
[ReportManager] Assertion [ValidateComparativeRelation] PASSED. Expected [11] and Actual [5]. Comparison Type [LESS_THAN_OR_EQUALS]. Validation Type [POSITIVE]. @18-10-2021 02:04:23.0744 A

################################################################################################################################################
Starting Execution:	[94 out of 143] test cases in the current suite
Test Method:		[testPackage01.Test_NewValidationHelper.f29]
################################################################################################################################################
[ReportManager] Assertion [ValidateComparativeRelation] PASSED. Expected [11] and Actual [11]. Comparison Type [LESS_THAN_OR_EQUALS]. Validation Type [POSITIVE]. @18-10-2021 02:04:23.0747 A

################################################################################################################################################
Starting Execution:	[95 out of 143] test cases in the current suite
Test Method:		[testPackage01.Test_NewValidationHelper.f3]
################################################################################################################################################
[ReportManager] Assertion [ValidateEquals] PASSED. Expected [1] and Actual [2]. Comparison Type [EQUALS]. Validation Type [NEGATIVE]. @18-10-2021 02:04:23.0750 A

################################################################################################################################################
Starting Execution:	[96 out of 143] test cases in the current suite
Test Method:		[testPackage01.Test_NewValidationHelper.f30]
################################################################################################################################################
[ReportManager] Assertion [ValidateComparativeRelation] FAILED. Expected [-9] and Actual [11]. Comparison Type [LESS_THAN_OR_EQUALS]. Validation Type [POSITIVE]. @18-10-2021 02:04:23.0753 A

################################################################################################################################################
Starting Execution:	[97 out of 143] test cases in the current suite
Test Method:		[testPackage01.Test_NewValidationHelper.f31]
################################################################################################################################################
[ReportManager] Assertion [ValidateTrue] PASSED. Expected [TRUE] and Actual [TRUE]. Validation Type [POSITIVE]. @18-10-2021 02:04:23.0755 A

################################################################################################################################################
Starting Execution:	[98 out of 143] test cases in the current suite
Test Method:		[testPackage01.Test_NewValidationHelper.f32]
################################################################################################################################################
[ReportManager] Assertion [ValidateTrue] PASSED. Expected [FALSE] and Actual [FALSE]. Validation Type [NEGATIVE]. @18-10-2021 02:04:23.0758 A

################################################################################################################################################
Starting Execution:	[99 out of 143] test cases in the current suite
Test Method:		[testPackage01.Test_NewValidationHelper.f33]
################################################################################################################################################
[ReportManager] Assertion [ValidateTrue] FAILED. Expected [FALSE] and Actual [TRUE]. Validation Type [NEGATIVE]. @18-10-2021 02:04:23.0763 A

################################################################################################################################################
Starting Execution:	[100 out of 143] test cases in the current suite
Test Method:		[testPackage01.Test_NewValidationHelper.f34]
################################################################################################################################################
[ReportManager] Assertion [ValidateTrue] FAILED. Expected [TRUE] and Actual [FALSE]. Validation Type [POSITIVE]. @18-10-2021 02:04:23.0765 A

################################################################################################################################################
Starting Execution:	[101 out of 143] test cases in the current suite
Test Method:		[testPackage01.Test_NewValidationHelper.f35]
################################################################################################################################################
[ReportManager] File Action [DoesFileExist] successfully performed. With the following test data [File Path: "pom.xml"]. @18-10-2021 02:04:23.0768 AM
[ReportManager] Assertion [ValidateFileExists] PASSED. Expected [File 'pom.xml' should exist, after up to '1' retries] and Actual [File exists]. Validation Type [POSITIVE]. @18-10-2021 02:04:23.0768 A

################################################################################################################################################
Starting Execution:	[102 out of 143] test cases in the current suite
Test Method:		[testPackage01.Test_NewValidationHelper.f36]
################################################################################################################################################
[ReportManager] File Action [DoesFileExist] successfully performed. With the following test data [File Path: "src/test/java/testPackage01/Test_NewValidationHelper.java"]. @18-10-2021 02:04:23.0770 AM
[ReportManager] Assertion [ValidateFileExists] PASSED. Expected [File 'src/test/java/testPackage01/Test_NewValidationHelper.java' should exist, after up to '1' retries] and Actual [File exists]. Validation Type [POSITIVE]. @18-10-2021 02:04:23.0770 A

################################################################################################################################################
Starting Execution:	[103 out of 143] test cases in the current suite
Test Method:		[testPackage01.Test_NewValidationHelper.f37]
################################################################################################################################################
[ReportManager] File Action [DoesFileExist] successfully performed. With the following test data [File Path: "pom.xml"]. @18-10-2021 02:04:23.0773 AM
[ReportManager] Assertion Failed: confirming that the file does't exist after 5 retries @18-10-2021 02:04:23.0773 AM
[ReportManager] Assertion [ValidateFileExists] FAILED. Expected [File 'pom.xml' should not exist, after up to '5' retries] and Actual [File exists]. Validation Type [NEGATIVE]. @18-10-2021 02:04:23.0773 A

################################################################################################################################################
Starting Execution:	[104 out of 143] test cases in the current suite
Test Method:		[testPackage01.Test_NewValidationHelper.f3_1]
################################################################################################################################################
[ReportManager] Assertion Passed: Checking valid user data @18-10-2021 02:04:23.0776 AM
[ReportManager] Assertion [ValidateEquals] PASSED. Expected [null] and Actual [null]. Comparison Type [EQUALS]. Validation Type [POSITIVE]. @18-10-2021 02:04:23.0776 A

################################################################################################################################################
Starting Execution:	[105 out of 143] test cases in the current suite
Test Method:		[testPackage01.Test_NewValidationHelper.f4]
################################################################################################################################################
[ReportManager] Assertion [ValidateEquals] PASSED. Expected [1] and Actual [123]. Comparison Type [CONTAINS]. Validation Type [POSITIVE]. @18-10-2021 02:04:23.0778 A

################################################################################################################################################
Starting Execution:	[106 out of 143] test cases in the current suite
Test Method:		[testPackage01.Test_NewValidationHelper.f5]
################################################################################################################################################
[ReportManager] Assertion [ValidateNull] PASSED. Expected [NULL] and Actual [1]. Comparison Type [EQUALS]. Validation Type [NEGATIVE]. @18-10-2021 02:04:23.0781 A

################################################################################################################################################
Starting Execution:	[107 out of 143] test cases in the current suite
Test Method:		[testPackage01.Test_NewValidationHelper.f6]
################################################################################################################################################
[ReportManager] Assertion Failed: Making sure that null string is not equal to null object @18-10-2021 02:04:23.0783 AM
[ReportManager] Assertion [ValidateNull] FAILED. Expected [NULL] and Actual [NULL]. Comparison Type [EQUALS]. Validation Type [POSITIVE]. @18-10-2021 02:04:23.0783 A

################################################################################################################################################
Starting Execution:	[108 out of 143] test cases in the current suite
Test Method:		[testPackage01.Test_NewValidationHelper.f6_1]
################################################################################################################################################
[ReportManager] Assertion [ValidateNull] FAILED. Expected [NULL] and Actual [NULL]. Comparison Type [EQUALS]. Validation Type [NEGATIVE]. @18-10-2021 02:04:23.0786 A

################################################################################################################################################
Starting Execution:	[109 out of 143] test cases in the current suite
Test Method:		[testPackage01.Test_NewValidationHelper.f6_2]
################################################################################################################################################
[ReportManager] Assertion Failed: Making sure that null string is not equal to null object @18-10-2021 02:04:23.0789 AM
[ReportManager] Assertion [ValidateNull] FAILED. Expected [NULL] and Actual [not null]. Comparison Type [EQUALS]. Validation Type [POSITIVE]. @18-10-2021 02:04:23.0789 A

################################################################################################################################################
Starting Execution:	[110 out of 143] test cases in the current suite
Test Method:		[testPackage01.Test_NewValidationHelper.f7]
################################################################################################################################################
[ReportManager] Assertion [ValidateNull] PASSED. Expected [NULL] and Actual [NULL]. Comparison Type [EQUALS]. Validation Type [POSITIVE]. @18-10-2021 02:04:23.0792 A
[ReportManager] File Action [GetAbsolutePath] successfully performed. With the following test data [Relative Folder Path: "target/downloadedFiles/"]. @18-10-2021 02:04:23.0793 AM
[ReportManager] Attempting to run remotely on: [Linux-64], [GoogleChrome], [http://localhost:4444/wd/hub], Headless Execution. @18-10-2021 02:04:23.0794 AM
[ReportManager] Successfully Opened [GoogleChrome]. @18-10-2021 02:04:24.0033 AM
[ReportManager] Target URL: [https://the-internet.herokuapp.com/] @18-10-2021 02:04:24.0044 AM
[ReportManager] Initial URL: [data:,] @18-10-2021 02:04:24.0087 AM
[ReportManager] Browser Action [NavigateToURL] successfully performed. With the following test data [https://the-internet.herokuapp.com/]. @18-10-2021 02:04:24.0455 A

################################################################################################################################################
Starting Execution:	[111 out of 143] test cases in the current suite
Test Method:		[testPackage01.Test_NewValidationHelper.f8]
################################################################################################################################################
[ReportManager] Loaded Shared OpenCV @18-10-2021 02:04:24.0680 AM
[ReportManager] Assertion [ValidateElementExists] PASSED. Expected [Element Should Exist, locator 'By.tagName: h1'] and Actual [Element Exists]. Comparison Type [EQUALS]. Validation Type [POSITIVE]. @18-10-2021 02:04:24.0769 AM
[ReportManager] Successfully created attachment [Screenshot - 1634522664680_f8_ValidateElementExists_passed] @18-10-2021 02:04:24.0771 A
[ReportManager] Successfully Closed All Drivers. @18-10-2021 02:04:24.0897 A
[ReportManager] File Action [GetAbsolutePath] successfully performed. With the following test data [Relative Folder Path: "target/downloadedFiles/"]. @18-10-2021 02:04:24.0899 AM
[ReportManager] Attempting to run remotely on: [Linux-64], [GoogleChrome], [http://localhost:4444/wd/hub], Headless Execution. @18-10-2021 02:04:24.0899 AM
[ReportManager] Successfully Opened [GoogleChrome]. @18-10-2021 02:04:25.0119 AM
[ReportManager] Target URL: [https://the-internet.herokuapp.com/] @18-10-2021 02:04:25.0130 AM
[ReportManager] Initial URL: [data:,] @18-10-2021 02:04:25.0207 AM
[ReportManager] Browser Action [NavigateToURL] successfully performed. With the following test data [https://the-internet.herokuapp.com/]. @18-10-2021 02:04:25.0614 A

################################################################################################################################################
Starting Execution:	[112 out of 143] test cases in the current suite
Test Method:		[testPackage01.Test_NewValidationHelper.f9]
################################################################################################################################################
[ReportManager] Assertion [ValidateElementExists] FAILED. Expected [Element Should Exist, locator 'By.tagName: h3'] and Actual [Element Doesn't Exists]. Comparison Type [EQUALS]. Validation Type [POSITIVE]. @18-10-2021 02:04:56.0369 AM
[ReportManager] Successfully created attachment [Screenshot - 1634522696297_f9_ValidateElementExists_failed] @18-10-2021 02:04:56.0370 A
[ReportManager] Successfully Closed All Drivers. @18-10-2021 02:04:56.0452 A

################################################################################################################################################
Starting Execution:	[113 out of 143] test cases in the current suite
Test Method:		[testPackage01.Test_NewValidationHelper.forceFail]
################################################################################################################################################
[ReportManager] Assertion [ValidateFail] FAILED. Successfully force failed the test. @18-10-2021 02:04:56.0458 A

################################################################################################################################################
Starting Execution:	[114 out of 143] test cases in the current suite
Test Method:		[testPackage01.Test_NewValidationHelper.forceFail2]
################################################################################################################################################
[ReportManager] Assertion Failed: Custom Message @18-10-2021 02:04:56.0470 AM
[ReportManager] Assertion [ValidateFail] FAILED. Successfully force failed the test. @18-10-2021 02:04:56.0470 A

################################################################################################################################################
Starting Execution:	[115 out of 143] test cases in the current suite
Test Method:		[testPackage01.Test_sendGraphqlRequest.sendGraphqlRequestUsingMutationAndVariables]
################################################################################################################################################
[ReportManager] GraphQl Request is being Performed with the Following Parameters [Service URL: https://api.spacex.land/graphql | Request Body: {"variables":"{\"name\": \"sherlock holmes\",\"rocket\": \"221B Baker Street\"}","query":"mutation ($name: String, $rocket: String) {\n  insert_users(objects: {name: $name, rocket: $rocket}) {\n    returning {\n      name\n      rocket\n    }\n  }\n}"}] @18-10-2021 02:04:56.0479 AM
[ReportManager] Response status code: [200], status line: [HTTP/1.1 200 OK] @18-10-2021 02:04:56.0770 AM
[ReportManager] Assertion Passed: Evaluating the actual response status code against the expected one... @18-10-2021 02:04:56.0771 AM
[ReportManager] Assertion [ValidateEquals] PASSED. Expected [200] and Actual [200]. Comparison Type [EQUALS]. Validation Type [POSITIVE]. @18-10-2021 02:04:56.0771 AM
[ReportManager] API Action [PerformRequest] successfully performed. With the following test data [Request Type: "POST" | Target Status Code: "200" | Service URL: "https://api.spacex.land/graphql" | Content Type: "application/json" | Response Time: "173ms"]. @18-10-2021 02:04:56.0784 AM
[ReportManager] Successfully created attachment [API Request - Specifications] @18-10-2021 02:04:56.0785 AM
[ReportManager] Successfully created attachment [API Request - JSON Body] @18-10-2021 02:04:56.0785 AM
[ReportManager] Successfully created attachment [API Response - JSON Body] @18-10-2021 02:04:56.0785 AM
[ReportManager] API Action [GetResponseJSONValue] successfully performed. With the following test data [data.insert_users.returning[0].name]. @18-10-2021 02:04:56.0850 AM
[ReportManager] Assertion [ValidateEquals] PASSED. Expected [sherlock holmes] and Actual [sherlock holmes]. Comparison Type [EQUALS]. Validation Type [POSITIVE]. @18-10-2021 02:04:56.0850 A

################################################################################################################################################
Starting Execution:	[116 out of 143] test cases in the current suite
Test Method:		[testPackage01.Test_sendGraphqlRequest.sendGraphqlRequestUsingQuery]
################################################################################################################################################
[ReportManager] GraphQl Request is being Performed with the Following Parameters [Service URL: https://api.spacex.land/graphql | Request Body: {"query":"{company {ceo}}"}] @18-10-2021 02:04:56.0858 AM
[ReportManager] Response status code: [200], status line: [HTTP/1.1 200 OK] @18-10-2021 02:04:56.0937 AM
[ReportManager] Assertion Passed: Evaluating the actual response status code against the expected one... @18-10-2021 02:04:56.0937 AM
[ReportManager] Assertion [ValidateEquals] PASSED. Expected [200] and Actual [200]. Comparison Type [EQUALS]. Validation Type [POSITIVE]. @18-10-2021 02:04:56.0937 AM
[ReportManager] API Action [PerformRequest] successfully performed. With the following test data [Request Type: "POST" | Target Status Code: "200" | Service URL: "https://api.spacex.land/graphql" | Content Type: "application/json" | Response Time: "72ms"]. @18-10-2021 02:04:56.0951 AM
[ReportManager] Successfully created attachment [API Request - Specifications] @18-10-2021 02:04:56.0952 AM
[ReportManager] Successfully created attachment [API Request - JSON Body] @18-10-2021 02:04:56.0952 AM
[ReportManager] Successfully created attachment [API Response - JSON Body] @18-10-2021 02:04:56.0953 AM
[ReportManager] API Action [GetResponseJSONValue] successfully performed. With the following test data [data.company.ceo]. @18-10-2021 02:04:56.0965 AM
[ReportManager] Assertion [ValidateEquals] PASSED. Expected [Elon Musk] and Actual [Elon Musk]. Comparison Type [EQUALS]. Validation Type [POSITIVE]. @18-10-2021 02:04:56.0965 A
[ReportManager] Successfully loaded the following test data file [src/test/resources/TestDataFiles/testSuite01/TestData.xlsx]. @18-10-2021 02:04:57.0023 AM
[ReportManager] Successfully created attachment [Test Data - Excel] @18-10-2021 02:04:57.0024 AM
[ReportManager] File Action [GetAbsolutePath] successfully performed. With the following test data [Relative Folder Path: "target/downloadedFiles/"]. @18-10-2021 02:04:57.0024 AM
[ReportManager] Attempting to run remotely on: [Linux-64], [GoogleChrome], [http://localhost:4444/wd/hub], Headless Execution. @18-10-2021 02:04:57.0024 AM
[ReportManager] Successfully Opened [GoogleChrome]. @18-10-2021 02:04:57.0239 A

################################################################################################################################################
Starting Execution:	[117 out of 143] test cases in the current suite
Test Method:		[testPackage01.Test_google.navigateToURLandVerifyGoogleLogoIsDisplayed]
Test Description:	[TC001 - Navigate to URL and Verify Google Logo is Displayed]
################################################################################################################################################
[ReportManager] Target URL: [https://www.google.com/ncr], and after redirection: [https://www.google.com] @18-10-2021 02:04:57.0255 AM
[ReportManager] Initial URL: [data:,] @18-10-2021 02:04:57.0305 AM
[ReportManager] Browser Action [NavigateToURL] successfully performed. With the following test data [https://www.google.com/ncr]. @18-10-2021 02:04:58.0207 AM
[ReportManager] Loaded Shared OpenCV @18-10-2021 02:04:58.0393 AM
[ReportManager] Assertion [ValidateElementExists] PASSED. Expected [Element Should Exist, locator 'By.xpath: //*[@id='hplogo' or @alt='Google']'] and Actual [Element Exists]. Comparison Type [EQUALS]. Validation Type [POSITIVE]. @18-10-2021 02:04:58.0478 AM
[ReportManager] Successfully created attachment [Screenshot - 1634522698393_navigateToURLandVerifyGoogleLogoIsDisplayed_ValidateElementExists_passed] @18-10-2021 02:04:58.0479 A

################################################################################################################################################
Starting Execution:	[118 out of 143] test cases in the current suite
Test Method:		[testPackage01.Test_google.searchForQueryandAssertResultsNumDisplayed]
Test Description:	[TC002 - Search for Query and Assert that the number of results is displayed]
################################################################################################################################################
[ReportManager] Element Action [Type] successfully performed. With the following test data [SHAFT_Engine]. @18-10-2021 02:04:58.0856 AM
[ReportManager] Element Action [KeyPress] successfully performed. With the following test data [Enter]. @18-10-2021 02:05:00.0235 AM
[ReportManager] Element Action [GetText] successfully performed. With the following test data [About 958,000 results (0.66 seconds) ]. @18-10-2021 02:05:00.0330 AM
[ReportManager] Loaded Shared OpenCV @18-10-2021 02:05:00.0486 AM
[ReportManager] Assertion [ValidateElementAttribute] PASSED. Expected [Value Should not be '' for the 'Text' attribute, element locator 'By.id: appbar'] and Actual [About 958,000 results (0.66 seconds) ]. Comparison Type [EQUALS]. Validation Type [NEGATIVE]. @18-10-2021 02:05:00.0600 AM
[ReportManager] Successfully created attachment [Screenshot - 1634522700486_searchForQueryandAssertResultsNumDisplayed_ValidateElementAttribute_passed] @18-10-2021 02:05:00.0601 A

################################################################################################################################################
Starting Execution:	[119 out of 143] test cases in the current suite
Test Method:		[testPackage01.Test_google.clickNextThrice]
Test Description:	[TC003 - Clicks the next button to make sure that the framework can scroll element into view before clicking it]
################################################################################################################################################
[ReportManager] Element Action [Click] successfully performed. With the following test data [Next]. @18-10-2021 02:05:02.0218 A
[ReportManager] Browser Action [CloseCurrentWindow] successfully performed. @18-10-2021 02:05:02.0418 AM
[ReportManager] Successfully created attachment [Browser Action Test Data - CloseCurrentWindow - Actual Value] @18-10-2021 02:05:02.0421 A
[ReportManager] File Action [GetAbsolutePath] successfully performed. With the following test data [Relative Folder Path: "target/downloadedFiles/"]. @18-10-2021 02:05:02.0427 AM
[ReportManager] Attempting to run remotely on: [Linux-64], [GoogleChrome], [http://localhost:4444/wd/hub], Headless Execution. @18-10-2021 02:05:02.0427 AM
[ReportManager] Successfully Opened [GoogleChrome]. @18-10-2021 02:05:02.0655 A

################################################################################################################################################
Starting Execution:	[120 out of 143] test cases in the current suite
Test Method:		[testPackage01.Test_ShadowDOM.shadowdom]
################################################################################################################################################
[ReportManager] Target URL: [https://mdn.github.io/web-components-examples/popup-info-box-web-component/] @18-10-2021 02:05:02.0679 AM
[ReportManager] Initial URL: [data:,] @18-10-2021 02:05:02.0726 AM
[ReportManager] Browser Action [NavigateToURL] successfully performed. With the following test data [https://mdn.github.io/web-components-examples/popup-info-box-web-component/]. @18-10-2021 02:05:02.0970 AM
[ReportManager] Element Action [Type] successfully performed. With the following test data [Typing into SHADOW DOM...]. @18-10-2021 02:05:03.0275 AM
[ReportManager] Element Action [GetText] successfully performed. With the following test data [Typing into SHADOW DOM...]. @18-10-2021 02:05:03.0362 AM
[ReportManager] Loaded Shared OpenCV @18-10-2021 02:05:03.0494 AM
[ReportManager] Assertion [ValidateElementAttribute] PASSED. Expected [Value Should be 'Typing into SHADOW DOM...' for the 'Text' attribute, element locator 'By.id: cvc'] and Actual [Typing into SHADOW DOM...]. Comparison Type [EQUALS]. Validation Type [POSITIVE]. @18-10-2021 02:05:03.0569 AM
[ReportManager] Successfully created attachment [Screenshot - 1634522703493_shadowdom_ValidateElementAttribute_passed] @18-10-2021 02:05:03.0570 A
[ReportManager] Browser Action [CloseCurrentWindow] successfully performed. @18-10-2021 02:05:03.0662 AM
[ReportManager] Successfully created attachment [Browser Action Test Data - CloseCurrentWindow - Actual Value] @18-10-2021 02:05:03.0663 A

################################################################################################################################################
Starting Execution:	[121 out of 143] test cases in the current suite
Test Method:		[testPackage01.Test_AssertApiResponseEquals.assertApiResponseEquals_expectedToPass]
################################################################################################################################################
[ReportManager] Response status code: [200], status line: [HTTP/1.1 200 OK] @18-10-2021 02:05:03.0728 AM
[ReportManager] Assertion Passed: Evaluating the actual response status code against the expected one... @18-10-2021 02:05:03.0728 AM
[ReportManager] Assertion [ValidateEquals] PASSED. Expected [200] and Actual [200]. Comparison Type [EQUALS]. Validation Type [POSITIVE]. @18-10-2021 02:05:03.0728 AM
[ReportManager] API Action [PerformRequest] successfully performed. With the following test data [Request Type: "GET" | Target Status Code: "200" | Service URL: "https://jsonplaceholder.typicode.com/users" | Content Type: "*/*" | Response Time: "58ms"]. @18-10-2021 02:05:03.0748 AM
[ReportManager] Successfully created attachment [API Request - Specifications] @18-10-2021 02:05:03.0750 AM
[ReportManager] Successfully created attachment [API Response - JSON Body] @18-10-2021 02:05:03.0750 AM
[ReportManager] API Action [GetResponseJSONValueAsList] successfully performed. With the following test data [$]. @18-10-2021 02:05:03.0756 AM
[ReportManager] API Action [GetResponseJSONValue] successfully performed. With the following test data [name]. @18-10-2021 02:05:03.0773 AM
[ReportManager] API Action [GetResponseJSONValue] successfully performed. With the following test data [email]. @18-10-2021 02:05:03.0794 AM
[ReportManager] Verification [ValidateEquals] PASSED. Expected [Sincere@april.biz] and Actual [Sincere@april.biz]. Comparison Type [EQUALS]. Validation Type [POSITIVE]. @18-10-2021 02:05:03.0794 AM
[ReportManager] API Action [GetResponseJSONValue] successfully performed. With the following test data [username]. @18-10-2021 02:05:03.0812 AM
[ReportManager] Assertion [ValidateEquals] PASSED. Expected [Bret] and Actual [Bret]. Comparison Type [EQUALS]. Validation Type [POSITIVE]. @18-10-2021 02:05:03.0813 AM
[ReportManager] API Action [GetResponseJSONValue] successfully performed. With the following test data [name]. @18-10-2021 02:05:03.0830 AM
[ReportManager] API Action [GetResponseJSONValue] successfully performed. With the following test data [name]. @18-10-2021 02:05:03.0839 AM
[ReportManager] API Action [GetResponseJSONValue] successfully performed. With the following test data [name]. @18-10-2021 02:05:03.0849 AM
[ReportManager] API Action [GetResponseJSONValue] successfully performed. With the following test data [name]. @18-10-2021 02:05:03.0859 AM
[ReportManager] API Action [GetResponseJSONValue] successfully performed. With the following test data [name]. @18-10-2021 02:05:03.0868 AM
[ReportManager] API Action [GetResponseJSONValue] successfully performed. With the following test data [name]. @18-10-2021 02:05:03.0891 AM
[ReportManager] API Action [GetResponseJSONValue] successfully performed. With the following test data [name]. @18-10-2021 02:05:03.0901 AM
[ReportManager] API Action [GetResponseJSONValue] successfully performed. With the following test data [name]. @18-10-2021 02:05:03.0909 AM
[ReportManager] API Action [GetResponseJSONValue] successfully performed. With the following test data [name]. @18-10-2021 02:05:03.0917 A
[ReportManager] File Action [GetAbsolutePath] successfully performed. With the following test data [Relative Folder Path: "target/downloadedFiles/"]. @18-10-2021 02:05:03.0921 AM
[ReportManager] Attempting to run remotely on: [Linux-64], [GoogleChrome], [http://localhost:4444/wd/hub], Headless Execution. @18-10-2021 02:05:03.0921 AM
[ReportManager] Successfully Opened [GoogleChrome]. @18-10-2021 02:05:04.0152 A

################################################################################################################################################
Starting Execution:	[122 out of 143] test cases in the current suite
Test Method:		[testPackage01.Test_IsElementClickable.testIsElementClickable]
################################################################################################################################################
[ReportManager] Target URL: [https://the-internet.herokuapp.com/] @18-10-2021 02:05:04.0181 AM
[ReportManager] Initial URL: [data:,] @18-10-2021 02:05:04.0226 AM
[ReportManager] Browser Action [NavigateToURL] successfully performed. With the following test data [https://the-internet.herokuapp.com/]. @18-10-2021 02:05:04.0590 AM
[ReportManager] Element Action [IsElementClickable] successfully performed. @18-10-2021 02:05:04.0753 AM
[ReportManager] Assertion [ValidateTrue] PASSED. Expected [TRUE] and Actual [TRUE]. Validation Type [POSITIVE]. @18-10-2021 02:05:04.0754 A
[ReportManager] Browser Action [CloseCurrentWindow] successfully performed. @18-10-2021 02:05:04.0859 AM
[ReportManager] Successfully created attachment [Browser Action Test Data - CloseCurrentWindow - Actual Value] @18-10-2021 02:05:04.0859 A

################################################################################################################################################
Starting Execution:	[123 out of 143] test cases in the current suite
Test Method:		[testPackage01.Test_JsonCompareWithSpecialCharacters.specialCharacters]
################################################################################################################################################
[ReportManager] File Action [GetAbsolutePath] successfully performed. With the following test data [Relative Folder Path: "src/test/resources/TestJsonFiles/specialCharacters.json"]. @18-10-2021 02:05:04.0866 AM
[ReportManager] File Action [ReadFromFile] successfully performed. With the following test data [File Path: "/home/runner/work/SHAFT_ENGINE/SHAFT_ENGINE/src/test/resources/TestJsonFiles/specialCharacters.json"]. @18-10-2021 02:05:04.0872 AM
[ReportManager] Successfully created attachment [File Action Actual Result - Command Log] @18-10-2021 02:05:04.0873 AM
[ReportManager] Comparing the provided API response with the file at this path "src/test/resources/TestJsonFiles/specialCharacters.json", comparison type "EQUALS" @18-10-2021 02:05:04.0873 AM
[ReportManager] API Action [CompareJSON] successfully performed. With the following test data [src/test/resources/TestJsonFiles/specialCharacters.json]. @18-10-2021 02:05:04.0882 AM
[ReportManager] File Action [GetAbsolutePath] successfully performed. With the following test data [Relative Folder Path: "src/test/resources/TestJsonFiles/specialCharacters.json"]. @18-10-2021 02:05:04.0882 AM
[ReportManager] File Action [ReadFromFile] successfully performed. With the following test data [File Path: "/home/runner/work/SHAFT_ENGINE/SHAFT_ENGINE/src/test/resources/TestJsonFiles/specialCharacters.json"]. @18-10-2021 02:05:04.0882 AM
[ReportManager] Verification [ValidateJSONFileContent] PASSED. Expected [Response data should match the JSON File in this path 'src/test/resources/TestJsonFiles/specialCharacters.json'] and Actual [TRUE]. Comparison Type [EQUALS]. Validation Type [POSITIVE]. @18-10-2021 02:05:04.0895 AM
[ReportManager] Successfully created attachment [Validation Test Data - Expected JSON Value] @18-10-2021 02:05:04.0896 AM
[ReportManager] Successfully created attachment [Validation Test Data - Actual JSON Value] @18-10-2021 02:05:04.0897 A

################################################################################################################################################
Starting Execution:	[124 out of 143] test cases in the current suite
Test Method:		[testPackage01.Test_JsonCompareWithSpecialCharacters.specialCharacters_assertion]
################################################################################################################################################
[ReportManager] File Action [GetAbsolutePath] successfully performed. With the following test data [Relative Folder Path: "src/test/resources/TestJsonFiles/specialCharacters.json"]. @18-10-2021 02:05:04.0901 AM
[ReportManager] File Action [ReadFromFile] successfully performed. With the following test data [File Path: "/home/runner/work/SHAFT_ENGINE/SHAFT_ENGINE/src/test/resources/TestJsonFiles/specialCharacters.json"]. @18-10-2021 02:05:04.0902 AM
[ReportManager] Successfully created attachment [File Action Actual Result - Command Log] @18-10-2021 02:05:04.0902 AM
[ReportManager] Comparing the provided API response with the file at this path "src/test/resources/TestJsonFiles/specialCharacters.json", comparison type "CONTAINS" @18-10-2021 02:05:04.0902 AM
[ReportManager] API Action [CompareJSON] successfully performed. With the following test data [src/test/resources/TestJsonFiles/specialCharacters.json]. @18-10-2021 02:05:04.0947 AM
[ReportManager] File Action [GetAbsolutePath] successfully performed. With the following test data [Relative Folder Path: "src/test/resources/TestJsonFiles/specialCharacters.json"]. @18-10-2021 02:05:04.0947 AM
[ReportManager] File Action [ReadFromFile] successfully performed. With the following test data [File Path: "/home/runner/work/SHAFT_ENGINE/SHAFT_ENGINE/src/test/resources/TestJsonFiles/specialCharacters.json"]. @18-10-2021 02:05:04.0948 AM
[ReportManager] Assertion Passed: trying out the log message @18-10-2021 02:05:04.0952 AM
[ReportManager] Successfully created attachment [Validation Test Data - Expected JSON Value] @18-10-2021 02:05:04.0952 AM
[ReportManager] Successfully created attachment [Validation Test Data - Actual JSON Value] @18-10-2021 02:05:04.0953 AM
[ReportManager] Assertion [ValidateJSONFileContent] PASSED. Expected [Response data should match the JSON File in this path 'src/test/resources/TestJsonFiles/specialCharacters.json'] and Actual [TRUE]. Comparison Type [CONTAINS]. Validation Type [POSITIVE]. @18-10-2021 02:05:04.0953 A
[ReportManager] File Action [GetAbsolutePath] successfully performed. With the following test data [Relative Folder Path: "target/downloadedFiles/"]. @18-10-2021 02:05:04.0958 AM
[ReportManager] Attempting to run remotely on: [Linux-64], [GoogleChrome], [http://localhost:4444/wd/hub], Headless Execution. @18-10-2021 02:05:04.0958 AM
[ReportManager] Successfully Opened [GoogleChrome]. @18-10-2021 02:05:05.0203 A

################################################################################################################################################
Starting Execution:	[125 out of 143] test cases in the current suite
Test Method:		[testPackage01.Test_assertEquals.test_assertElementAttribute]
################################################################################################################################################
[ReportManager] Target URL: [https://www.google.com/ncr], and after redirection: [https://www.google.com] @18-10-2021 02:05:05.0216 AM
[ReportManager] Initial URL: [data:,] @18-10-2021 02:05:05.0260 AM
[ReportManager] Browser Action [NavigateToURL] successfully performed. With the following test data [https://www.google.com/ncr]. @18-10-2021 02:05:06.0137 AM
[ReportManager] Element Action [Type] successfully performed. With the following test data [INC_004010050:Another SCHEDULER with the same name [Duplicate Job Name] already exists.]. @18-10-2021 02:05:06.0901 AM
[ReportManager] Element Action [GetText] successfully performed. With the following test data [INC_004010050:Another SCHEDULER with the same name [Duplicate Job Name] already exists.]. @18-10-2021 02:05:07.0010 AM
[ReportManager] Loaded Shared OpenCV @18-10-2021 02:05:07.0167 AM
[ReportManager] Assertion [ValidateElementAttribute] PASSED. Expected [Value Should be 'INC_004010050:Another SCHEDULER with the same name \[Duplicate Job Name\] already exists.' for the 'text' attribute, element locator 'By.name: q'] and Actual [INC_004010050:Another SCHEDULER with the same name [Duplicate Job Name] already exists.]. Comparison Type [MATCHES]. Validation Type [POSITIVE]. @18-10-2021 02:05:07.0258 AM
[ReportManager] Successfully created attachment [Screenshot - 1634522707166_test_assertElementAttribute_ValidateElementAttribute_passed] @18-10-2021 02:05:07.0259 A
[ReportManager] Browser Action [CloseCurrentWindow] successfully performed. @18-10-2021 02:05:07.0411 AM
[ReportManager] Successfully created attachment [Browser Action Test Data - CloseCurrentWindow - Actual Value] @18-10-2021 02:05:07.0412 A
[ReportManager] File Action [GetAbsolutePath] successfully performed. With the following test data [Relative Folder Path: "target/downloadedFiles/"]. @18-10-2021 02:05:07.0414 AM
[ReportManager] Attempting to run remotely on: [Linux-64], [GoogleChrome], [http://localhost:4444/wd/hub], Headless Execution. @18-10-2021 02:05:07.0414 AM
[ReportManager] Successfully Opened [GoogleChrome]. @18-10-2021 02:05:07.0635 A

################################################################################################################################################
Starting Execution:	[126 out of 143] test cases in the current suite
Test Method:		[testPackage01.Test_verifyEquals.test_assertElementAttribute]
################################################################################################################################################
[ReportManager] Target URL: [https://www.google.com/ncr], and after redirection: [https://www.google.com] @18-10-2021 02:05:07.0653 AM
[ReportManager] Initial URL: [data:,] @18-10-2021 02:05:07.0705 AM
[ReportManager] Browser Action [NavigateToURL] successfully performed. With the following test data [https://www.google.com/ncr]. @18-10-2021 02:05:08.0586 AM
[ReportManager] Element Action [Type] successfully performed. With the following test data [INC_004010050:Another SCHEDULER with the same name [Duplicate Job Name] already exists.]. @18-10-2021 02:05:09.0404 AM
[ReportManager] Element Action [GetText] successfully performed. With the following test data [INC_004010050:Another SCHEDULER with the same name [Duplicate Job Name] already exists.]. @18-10-2021 02:05:09.0501 AM
[ReportManager] Loaded Shared OpenCV @18-10-2021 02:05:09.0649 AM
[ReportManager] Verification [ValidateElementAttribute] PASSED. Expected [Value Should be 'INC_004010050:Another SCHEDULER with the same name \[Duplicate Job Name\] already exists.' for the 'text' attribute, element locator 'By.name: q'] and Actual [INC_004010050:Another SCHEDULER with the same name [Duplicate Job Name] already exists.]. Comparison Type [MATCHES]. Validation Type [POSITIVE]. @18-10-2021 02:05:09.0732 AM
[ReportManager] Successfully created attachment [Screenshot - 1634522709649_test_assertElementAttribute_ValidateElementAttribute_passed] @18-10-2021 02:05:09.0733 A
[ReportManager] Browser Action [CloseCurrentWindow] successfully performed. @18-10-2021 02:05:09.0879 AM
[ReportManager] Successfully created attachment [Browser Action Test Data - CloseCurrentWindow - Actual Value] @18-10-2021 02:05:09.0880 A

################################################################################################################################################
Starting Execution:	[127 out of 143] test cases in the current suite
Test Method:		[testPackage01.Test_JsonActions.f]
###############################################################################################################################################

################################################################################################################################################
Starting Execution:	[128 out of 143] test cases in the current suite
Test Method:		[testPackage01.Test_JsonActions.f2]
###############################################################################################################################################

################################################################################################################################################
Starting Execution:	[129 out of 143] test cases in the current suite
Test Method:		[testPackage01.Test_PDF.testPDF_Downloaded]
################################################################################################################################################
[ReportManager] File Action [DoesFileExist] successfully performed. With the following test data [File Path: "src/test/resources/TestDataFiles/sample.pdf"]. @18-10-2021 02:05:09.0926 AM
[ReportManager] File Action [GetAbsolutePath] successfully performed. With the following test data [Relative File Path: "src/test/resources/TestDataFiles/sample.pdf"]. @18-10-2021 02:05:09.0926 AM
[ReportManager] Assertion [ValidateTrue] PASSED. Expected [TRUE] and Actual [TRUE]. Validation Type [POSITIVE]. @18-10-2021 02:05:10.0470 A
[ReportManager] File Action [GetAbsolutePath] successfully performed. With the following test data [Relative Folder Path: "target/downloadedFiles/"]. @18-10-2021 02:05:10.0479 AM
[ReportManager] Attempting to run remotely on: [Linux-64], [GoogleChrome], [http://localhost:4444/wd/hub], Headless Execution. @18-10-2021 02:05:10.0479 AM
[ReportManager] Successfully Opened [GoogleChrome]. @18-10-2021 02:05:10.0802 A

################################################################################################################################################
Starting Execution:	[130 out of 143] test cases in the current suite
Test Method:		[testPackage01.Test_dragAndDrop.dragAndDropJquery]
################################################################################################################################################
[ReportManager] Target URL: [https://jqueryui.com/resources/demos/droppable/default.html] @18-10-2021 02:05:10.0816 AM
[ReportManager] Initial URL: [data:,] @18-10-2021 02:05:10.0856 AM
[ReportManager] Browser Action [NavigateToURL] successfully performed. With the following test data [https://jqueryui.com/resources/demos/droppable/default.html]. @18-10-2021 02:05:11.0254 AM
[ReportManager] Element Action [GetText] successfully performed. With the following test data [Drop here]. @18-10-2021 02:05:11.0338 AM
[ReportManager] Element Action [DragAndDrop] successfully performed. With the following test data [Start point: (8, 18), End point: (8, 18)]. @18-10-2021 02:05:12.0687 AM
[ReportManager] Element Action [GetText] successfully performed. With the following test data [Dropped!]. @18-10-2021 02:05:12.0758 AM
[ReportManager] Assertion Passed: Checking to see if the text has changed after performing drag and drop @18-10-2021 02:05:12.0758 AM
[ReportManager] Assertion [ValidateEquals] PASSED. Expected [Drop here] and Actual [Dropped!]. Comparison Type [EQUALS]. Validation Type [NEGATIVE]. @18-10-2021 02:05:12.0758 A
[ReportManager] Browser Action [CloseCurrentWindow] successfully performed. @18-10-2021 02:05:12.0888 AM
[ReportManager] Successfully created attachment [Browser Action Test Data - CloseCurrentWindow - Actual Value] @18-10-2021 02:05:12.0889 A
[ReportManager] File Action [GetAbsolutePath] successfully performed. With the following test data [Relative Folder Path: "target/downloadedFiles/"]. @18-10-2021 02:05:12.0890 AM
[ReportManager] Attempting to run remotely on: [Linux-64], [GoogleChrome], [http://localhost:4444/wd/hub], Headless Execution. @18-10-2021 02:05:12.0891 AM
[ReportManager] Successfully Opened [GoogleChrome]. @18-10-2021 02:05:13.0115 A

################################################################################################################################################
Starting Execution:	[131 out of 143] test cases in the current suite
Test Method:		[testPackage01.Test_dragAndDrop.dragAndDrop]
Test Description:	[TC001 - Test Drag and Drop function.]
################################################################################################################################################
[ReportManager] Target URL: [http://the-internet.herokuapp.com/drag_and_drop] @18-10-2021 02:05:13.0136 AM
[ReportManager] Initial URL: [data:,] @18-10-2021 02:05:13.0195 AM
[ReportManager] Browser Action [NavigateToURL] successfully performed. With the following test data [http://the-internet.herokuapp.com/drag_and_drop]. @18-10-2021 02:05:13.0555 AM
[ReportManager] Attempting Drag and Drop @18-10-2021 02:05:13.0555 AM
[ReportManager] Element Action [DragAndDrop] successfully performed. With the following test data [Start point: (32, 90), End point: (247, 90)]. @18-10-2021 02:05:14.0751 A
[ReportManager] Browser Action [CloseCurrentWindow] successfully performed. @18-10-2021 02:05:14.0845 AM
[ReportManager] Successfully created attachment [Browser Action Test Data - CloseCurrentWindow - Actual Value] @18-10-2021 02:05:14.0845 A
[ReportManager] File Action [GetAbsolutePath] successfully performed. With the following test data [Relative Folder Path: "target/downloadedFiles/"]. @18-10-2021 02:05:14.0851 AM
[ReportManager] Attempting to run remotely on: [Linux-64], [GoogleChrome], [http://localhost:4444/wd/hub], Headless Execution. @18-10-2021 02:05:14.0851 AM
[ReportManager] Successfully Opened [GoogleChrome]. @18-10-2021 02:05:15.0077 A

################################################################################################################################################
Starting Execution:	[132 out of 143] test cases in the current suite
Test Method:		[testPackage01.Test_dragAndDrop.dragAndDropByOffset]
Test Description:	[TC002 - Test Drag and Drop by offset function.]
################################################################################################################################################
[ReportManager] Target URL: [https://jqueryui.com/resources/demos/draggable/default.html] @18-10-2021 02:05:15.0092 AM
[ReportManager] Initial URL: [data:,] @18-10-2021 02:05:15.0151 AM
[ReportManager] Browser Action [NavigateToURL] successfully performed. With the following test data [https://jqueryui.com/resources/demos/draggable/default.html]. @18-10-2021 02:05:15.0458 AM
[ReportManager] Element Action [DragAndDropByOffset] successfully performed. With the following test data [Start point: (8, 8), End point: (108, 58)]. @18-10-2021 02:05:15.0638 A
[ReportManager] Browser Action [CloseCurrentWindow] successfully performed. @18-10-2021 02:05:15.0739 AM
[ReportManager] Successfully created attachment [Browser Action Test Data - CloseCurrentWindow - Actual Value] @18-10-2021 02:05:15.0740 A
[ReportManager] File Action [GetAbsolutePath] successfully performed. With the following test data [Relative Folder Path: "target/downloadedFiles/"]. @18-10-2021 02:05:15.0742 AM
[ReportManager] Attempting to run remotely on: [Linux-64], [GoogleChrome], [http://localhost:4444/wd/hub], Headless Execution. @18-10-2021 02:05:15.0742 AM
[ReportManager] Successfully Opened [GoogleChrome]. @18-10-2021 02:05:15.0960 A

################################################################################################################################################
Starting Execution:	[133 out of 143] test cases in the current suite
Test Method:		[testPackage01.Test_clipboardActions.typeTextAndCopyPaste]
################################################################################################################################################
[ReportManager] Target URL: [https://www.google.com/ncr], and after redirection: [https://www.google.com] @18-10-2021 02:05:15.0974 AM
[ReportManager] Initial URL: [data:,] @18-10-2021 02:05:16.0024 AM
[ReportManager] Browser Action [NavigateToURL] successfully performed. With the following test data [https://www.google.com/ncr]. @18-10-2021 02:05:16.0904 AM
[ReportManager] Element Action [Type] successfully performed. With the following test data [FIRST]. @18-10-2021 02:05:17.0297 AM
[ReportManager] Element Action [ClipboardActions] successfully performed. With the following test data [select all]. @18-10-2021 02:05:17.0365 AM
[ReportManager] Element Action [ClipboardActions] successfully performed. With the following test data [copy]. @18-10-2021 02:05:17.0430 AM
[ReportManager] Element Action [ClipboardActions] successfully performed. With the following test data [unselect]. @18-10-2021 02:05:17.0485 AM
[ReportManager] Element Action [ClipboardActions] successfully performed. With the following test data [paste]. @18-10-2021 02:05:17.0545 AM
[ReportManager] Element Action [ClipboardActions] successfully performed. With the following test data [select all]. @18-10-2021 02:05:17.0597 AM
[ReportManager] Element Action [Type] successfully performed. @18-10-2021 02:05:17.0841 AM
[ReportManager] Element Action [ClipboardActions] successfully performed. With the following test data [cut]. @18-10-2021 02:05:17.0841 AM
[ReportManager] Element Action [ClipboardActions] successfully performed. With the following test data [paste]. @18-10-2021 02:05:17.0919 AM
[ReportManager] Element Action [ClipboardActions] successfully performed. With the following test data [paste]. @18-10-2021 02:05:17.0992 A
[ReportManager] Browser Action [CloseCurrentWindow] successfully performed. @18-10-2021 02:05:18.0145 AM
[ReportManager] Successfully created attachment [Browser Action Test Data - CloseCurrentWindow - Actual Value] @18-10-2021 02:05:18.0146 A
[ReportManager] File Action [GetAbsolutePath] successfully performed. With the following test data [Relative Folder Path: "target/downloadedFiles/"]. @18-10-2021 02:05:18.0147 AM
[ReportManager] Attempting to run remotely on: [Linux-64], [GoogleChrome], [http://localhost:4444/wd/hub], Headless Execution. @18-10-2021 02:05:18.0147 AM
[ReportManager] Successfully Opened [GoogleChrome]. @18-10-2021 02:05:18.0386 A

################################################################################################################################################
Starting Execution:	[134 out of 143] test cases in the current suite
Test Method:		[testPackage01.Test_dynamicLoading.dynamicLoading_elementIsHidden]
################################################################################################################################################
[ReportManager] Target URL: [https://the-internet.herokuapp.com/dynamic_loading/1] @18-10-2021 02:05:18.0400 AM
[ReportManager] Initial URL: [data:,] @18-10-2021 02:05:18.0447 AM
[ReportManager] Browser Action [NavigateToURL] successfully performed. With the following test data [https://the-internet.herokuapp.com/dynamic_loading/1]. @18-10-2021 02:05:18.0818 AM
[ReportManager] Element Action [Click] successfully performed. With the following test data [Start]. @18-10-2021 02:05:19.0144 AM
[ReportManager] Element Action [GetText] successfully performed. With the following test data [
    Hello World!
  ]. @18-10-2021 02:05:19.0248 AM
[ReportManager] Loaded Shared OpenCV @18-10-2021 02:05:19.0411 AM
[ReportManager] Assertion [ValidateElementAttribute] PASSED. Expected [Value Should be 'Hello World!' for the 'text' attribute, element locator 'By.id: finish'] and Actual [
    Hello World!
  ]. Comparison Type [CONTAINS]. Validation Type [POSITIVE]. @18-10-2021 02:05:19.0517 AM
[ReportManager] Successfully created attachment [Screenshot - 1634522719411_dynamicLoading_elementIsHidden_ValidateElementAttribute_passed] @18-10-2021 02:05:19.0518 A
[ReportManager] Browser Action [CloseCurrentWindow] successfully performed. @18-10-2021 02:05:19.0618 AM
[ReportManager] Successfully created attachment [Browser Action Test Data - CloseCurrentWindow - Actual Value] @18-10-2021 02:05:19.0619 A
[ReportManager] File Action [GetAbsolutePath] successfully performed. With the following test data [Relative Folder Path: "target/downloadedFiles/"]. @18-10-2021 02:05:19.0620 AM
[ReportManager] Attempting to run remotely on: [Linux-64], [GoogleChrome], [http://localhost:4444/wd/hub], Headless Execution. @18-10-2021 02:05:19.0620 AM
[ReportManager] Successfully Opened [GoogleChrome]. @18-10-2021 02:05:19.0833 A

################################################################################################################################################
Starting Execution:	[135 out of 143] test cases in the current suite
Test Method:		[testPackage01.Test_dynamicLoading.dynamicLoading_elementIsRendered]
################################################################################################################################################
[ReportManager] Target URL: [https://the-internet.herokuapp.com/dynamic_loading/2] @18-10-2021 02:05:19.0850 AM
[ReportManager] Initial URL: [data:,] @18-10-2021 02:05:19.0907 AM
[ReportManager] Browser Action [NavigateToURL] successfully performed. With the following test data [https://the-internet.herokuapp.com/dynamic_loading/2]. @18-10-2021 02:05:20.0263 AM
[ReportManager] Element Action [Click] successfully performed. With the following test data [Start]. @18-10-2021 02:05:20.0591 AM
[ReportManager] Element Action [GetText] successfully performed. With the following test data [Hello World!]. @18-10-2021 02:05:25.0785 AM
[ReportManager] Loaded Shared OpenCV @18-10-2021 02:05:25.0928 AM
[ReportManager] Assertion [ValidateElementAttribute] PASSED. Expected [Value Should be 'Hello World!' for the 'text' attribute, element locator 'By.id: finish'] and Actual [Hello World!]. Comparison Type [CONTAINS]. Validation Type [POSITIVE]. @18-10-2021 02:05:26.0010 AM
[ReportManager] Successfully created attachment [Screenshot - 1634522725928_dynamicLoading_elementIsRendered_ValidateElementAttribute_passed] @18-10-2021 02:05:26.0011 A
[ReportManager] Browser Action [CloseCurrentWindow] successfully performed. @18-10-2021 02:05:26.0102 AM
[ReportManager] Successfully created attachment [Browser Action Test Data - CloseCurrentWindow - Actual Value] @18-10-2021 02:05:26.0102 A
[ReportManager] File Action [GetAbsolutePath] successfully performed. With the following test data [Relative Folder Path: "target/downloadedFiles/"]. @18-10-2021 02:05:26.0104 AM
[ReportManager] Attempting to run remotely on: [Linux-64], [GoogleChrome], [http://localhost:4444/wd/hub], Headless Execution. @18-10-2021 02:05:26.0104 AM
[ReportManager] Successfully Opened [GoogleChrome]. @18-10-2021 02:05:26.0318 A

################################################################################################################################################
Starting Execution:	[136 out of 143] test cases in the current suite
Test Method:		[testPackage01.Test_uploadFile.uploadFile_invisibleUploadInput]
################################################################################################################################################
[ReportManager] Target URL: [https://fineuploader.com/demos.html#gallery-view] @18-10-2021 02:05:26.0330 AM
[ReportManager] Initial URL: [data:,] @18-10-2021 02:05:26.0376 AM
[ReportManager] Browser Action [NavigateToURL] successfully performed. With the following test data [https://fineuploader.com/demos.html#gallery-view]. @18-10-2021 02:05:27.0993 AM
[ReportManager] File Action [GetAbsolutePath] successfully performed. With the following test data [Relative File Path: "src/main/resources/images/shaft.png"]. @18-10-2021 02:05:27.0993 AM
[ReportManager] Successfully created attachment [File Action Actual Result - Command Log] @18-10-2021 02:05:27.0993 AM
[ReportManager] Element Action [TypeFileLocationForUpload] successfully performed. With the following test data [/home/runner/work/SHAFT_ENGINE/SHAFT_ENGINE/src/main/resources/images/shaft.png]. @18-10-2021 02:05:28.0188 AM
[ReportManager] Attempting to getAttribute [src] from elementLocator [By.xpath: //div[@id='fine-uploader-gallery']//div[@class='qq-thumbnail-wrapper']/img]. @18-10-2021 02:05:28.0188 AM
[ReportManager] Element Action [GetAttribute] successfully performed. @18-10-2021 02:05:28.0297 AM
[ReportManager] Successfully created attachment [Element Action Test Data - GetAttribute - Actual Value] @18-10-2021 02:05:28.0298 AM
[ReportManager] Loaded Shared OpenCV @18-10-2021 02:05:28.0456 AM
[ReportManager] Assertion [ValidateElementAttribute] PASSED. Expected and Actual values are attached. Comparison Type [CONTAINS]. Validation Type [POSITIVE]. @18-10-2021 02:05:28.0551 AM
[ReportManager] Successfully created attachment [Validation Test Data - Expected Value] @18-10-2021 02:05:28.0551 AM
[ReportManager] Successfully created attachment [Validation Test Data - Actual Value] @18-10-2021 02:05:28.0552 AM
[ReportManager] Successfully created attachment [Screenshot - 1634522728456_uploadFile_invisibleUploadInput_ValidateElementAttribute_passed] @18-10-2021 02:05:28.0553 A
[ReportManager] Browser Action [CloseCurrentWindow] successfully performed. @18-10-2021 02:05:28.0687 AM
[ReportManager] Successfully created attachment [Browser Action Test Data - CloseCurrentWindow - Actual Value] @18-10-2021 02:05:28.0688 A
[ReportManager] File Action [GetAbsolutePath] successfully performed. With the following test data [Relative Folder Path: "target/downloadedFiles/"]. @18-10-2021 02:05:28.0691 AM
[ReportManager] Attempting to run remotely on: [Linux-64], [GoogleChrome], [http://localhost:4444/wd/hub], Headless Execution. @18-10-2021 02:05:28.0691 AM
[ReportManager] Successfully Opened [GoogleChrome]. @18-10-2021 02:05:28.0899 A

################################################################################################################################################
Starting Execution:	[137 out of 143] test cases in the current suite
Test Method:		[testPackage01.Test_uploadFile.uploadFile_visibleUploadInput]
################################################################################################################################################
[ReportManager] Target URL: [http://demo.guru99.com/test/upload/] @18-10-2021 02:05:28.0911 AM
[ReportManager] Initial URL: [data:,] @18-10-2021 02:05:28.0960 AM
[ReportManager] Browser Action [NavigateToURL] successfully performed. With the following test data [http://demo.guru99.com/test/upload/]. @18-10-2021 02:05:29.0959 AM
[ReportManager] File Action [GetAbsolutePath] successfully performed. With the following test data [Relative File Path: "src/main/resources/images/shaft.png"]. @18-10-2021 02:05:29.0959 AM
[ReportManager] Successfully created attachment [File Action Actual Result - Command Log] @18-10-2021 02:05:29.0960 AM
[ReportManager] Element Action [TypeFileLocationForUpload] successfully performed. With the following test data [/home/runner/work/SHAFT_ENGINE/SHAFT_ENGINE/src/main/resources/images/shaft.png]. @18-10-2021 02:05:30.0172 AM
[ReportManager] Element Action [Click] successfully performed. With the following test data [on]. @18-10-2021 02:05:30.0521 AM
[ReportManager] Element Action [Click] successfully performed. With the following test data [Submit File]. @18-10-2021 02:05:30.0877 AM
[ReportManager] Element Action [GetText] successfully performed. With the following test data [1 file
has been successfully uploaded.]. @18-10-2021 02:05:31.0022 AM
[ReportManager] Loaded Shared OpenCV @18-10-2021 02:05:31.0163 AM
[ReportManager] Assertion [ValidateElementAttribute] PASSED. Expected [Value Should be '1 file' for the 'Text' attribute, element locator 'By.id: res'] and Actual [1 file
has been successfully uploaded.]. Comparison Type [CONTAINS]. Validation Type [POSITIVE]. @18-10-2021 02:05:31.0252 AM
[ReportManager] Successfully created attachment [Screenshot - 1634522731163_uploadFile_visibleUploadInput_ValidateElementAttribute_passed] @18-10-2021 02:05:31.0253 A
[ReportManager] Browser Action [CloseCurrentWindow] successfully performed. @18-10-2021 02:05:31.0359 AM
[ReportManager] Successfully created attachment [Browser Action Test Data - CloseCurrentWindow - Actual Value] @18-10-2021 02:05:31.0359 A

################################################################################################################################################
Starting Execution:	[138 out of 143] test cases in the current suite
Test Method:		[testPackage01.Test_SelectedValue.multipleSelect]
################################################################################################################################################
[ReportManager] File Action [GetAbsolutePath] successfully performed. With the following test data [Relative Folder Path: "target/downloadedFiles/"]. @18-10-2021 02:05:31.0362 AM
[ReportManager] Attempting to run remotely on: [Linux-64], [GoogleChrome], [http://localhost:4444/wd/hub], Headless Execution. @18-10-2021 02:05:31.0362 AM
[ReportManager] Successfully Opened [GoogleChrome]. @18-10-2021 02:05:31.0573 AM
[ReportManager] Target URL: [https://yari-demos.prod.mdn.mozit.cloud/en-US/docs/Web/HTML/Element/select/_sample_.Advanced_select_with_multiple_features.html] @18-10-2021 02:05:31.0583 AM
[ReportManager] Initial URL: [data:,] @18-10-2021 02:05:31.0631 AM
[ReportManager] Browser Action [NavigateToURL] successfully performed. With the following test data [https://yari-demos.prod.mdn.mozit.cloud/en-US/docs/Web/HTML/Element/select/_sample_.Advanced_select_with_multiple_features.html]. @18-10-2021 02:05:32.0095 AM
[ReportManager] Element Action [Select] successfully performed. With the following test data [Dog]. @18-10-2021 02:05:32.0369 AM
[ReportManager] Element Action [Select] successfully performed. With the following test data [Cat]. @18-10-2021 02:05:32.0596 AM
[ReportManager] Element Action [GetSelectedText] successfully performed. With the following test data [DogCat]. @18-10-2021 02:05:32.0759 AM
[ReportManager] DogCat @18-10-2021 02:05:32.0759 AM
[ReportManager] Element Action [GetSelectedText] successfully performed. With the following test data [DogCat]. @18-10-2021 02:05:32.0880 AM
[ReportManager] Loaded Shared OpenCV @18-10-2021 02:05:33.0002 AM
[ReportManager] Assertion [ValidateElementAttribute] PASSED. Expected [Value Should be 'DogCat' for the 'selectedText' attribute, element locator 'By.tagName: select'] and Actual [DogCat]. Comparison Type [EQUALS]. Validation Type [POSITIVE]. @18-10-2021 02:05:33.0080 AM
[ReportManager] Successfully created attachment [Screenshot - 1634522733002_multipleSelect_ValidateElementAttribute_passed] @18-10-2021 02:05:33.0081 AM
[ReportManager] Browser Action [CloseCurrentWindow] successfully performed. @18-10-2021 02:05:33.0167 AM
[ReportManager] Successfully created attachment [Browser Action Test Data - CloseCurrentWindow - Actual Value] @18-10-2021 02:05:33.0167 A

################################################################################################################################################
Starting Execution:	[139 out of 143] test cases in the current suite
Test Method:		[testPackage01.Test_SelectedValue.simpleSelect]
################################################################################################################################################
[ReportManager] File Action [GetAbsolutePath] successfully performed. With the following test data [Relative Folder Path: "target/downloadedFiles/"]. @18-10-2021 02:05:33.0170 AM
[ReportManager] Attempting to run remotely on: [Linux-64], [GoogleChrome], [http://localhost:4444/wd/hub], Headless Execution. @18-10-2021 02:05:33.0170 AM
[ReportManager] Successfully Opened [GoogleChrome]. @18-10-2021 02:05:33.0393 AM
[ReportManager] Target URL: [https://yari-demos.prod.mdn.mozit.cloud/en-US/docs/Web/HTML/Element/select/_sample_.Basic_select.html] @18-10-2021 02:05:33.0407 AM
[ReportManager] Initial URL: [data:,] @18-10-2021 02:05:33.0475 AM
[ReportManager] Browser Action [NavigateToURL] successfully performed. With the following test data [https://yari-demos.prod.mdn.mozit.cloud/en-US/docs/Web/HTML/Element/select/_sample_.Basic_select.html]. @18-10-2021 02:05:33.0711 AM
[ReportManager] Element Action [Select] successfully performed. With the following test data [Third Value]. @18-10-2021 02:05:34.0009 AM
[ReportManager] Element Action [GetSelectedText] successfully performed. With the following test data [Third Value]. @18-10-2021 02:05:34.0134 AM
[ReportManager] Third Value @18-10-2021 02:05:34.0134 AM
[ReportManager] Element Action [GetSelectedText] successfully performed. With the following test data [Third Value]. @18-10-2021 02:05:34.0237 AM
[ReportManager] Loaded Shared OpenCV @18-10-2021 02:05:34.0350 AM
[ReportManager] Assertion [ValidateElementAttribute] PASSED. Expected [Value Should be 'Third Value' for the 'selectedText' attribute, element locator 'By.tagName: select'] and Actual [Third Value]. Comparison Type [EQUALS]. Validation Type [POSITIVE]. @18-10-2021 02:05:34.0424 AM
[ReportManager] Successfully created attachment [Screenshot - 1634522734350_simpleSelect_ValidateElementAttribute_passed] @18-10-2021 02:05:34.0425 AM
[ReportManager] Browser Action [CloseCurrentWindow] successfully performed. @18-10-2021 02:05:34.0510 AM
[ReportManager] Successfully created attachment [Browser Action Test Data - CloseCurrentWindow - Actual Value] @18-10-2021 02:05:34.0511 A

################################################################################################################################################
Starting Execution:	[140 out of 143] test cases in the current suite
Test Method:		[testPackage01.Test_JSONFileManager.readStringFromJson]
################################################################################################################################################
[ReportManager] Successfully loaded the following test data file [src/test/resources/TestDataFiles/simpleJSON.json]. @18-10-2021 02:05:34.0521 AM
[ReportManager] Successfully created attachment [Test Data - JSON] @18-10-2021 02:05:34.0522 AM
[ReportManager] Assertion [ValidateEquals] PASSED. Expected [Mohab Mohie] and Actual [Mohab Mohie]. Comparison Type [EQUALS]. Validation Type [POSITIVE]. @18-10-2021 02:05:34.0541 A
[ReportManager] Successfully loaded the following test data file [src/test/resources/TestDataFiles/testSuite01/TestData.xlsx]. @18-10-2021 02:05:34.0585 AM
[ReportManager] Successfully created attachment [Test Data - Excel] @18-10-2021 02:05:34.0585 AM
[ReportManager] Attempting to run using Playwright locally on: [Linux-64], [GoogleChrome], Headless Execution. @18-10-2021 02:05:50.0263 AM
[ReportManager] File Action [GetAbsolutePath] successfully performed. With the following test data [Relative Folder Path: "target/downloadedFiles/"]. @18-10-2021 02:05:50.0264 AM
[ReportManager] Initial window size: (1280, 720) @18-10-2021 02:05:50.0696 AM
[ReportManager] Window size after Toolkit: com.microsoft.playwright.options.ViewportSize@45e0e3f3 @18-10-2021 02:05:50.0701 AM
[ReportManager] Browser Action [MaximizeWindow] successfully performed. With the following test data [New screen size is now: (1920, 1080)]. @18-10-2021 02:05:50.0702 A

################################################################################################################################################
Starting Execution:	[141 out of 143] test cases in the current suite
Test Method:		[testPackage01.Test_google_playwright.navigateToURLandVerifyGoogleLogoIsDisplayed]
Test Description:	[TC001 - Navigate to URL and Verify Google Logo is Displayed]
################################################################################################################################################
[ReportManager] Target URL: [https://www.google.com/ncr], and after redirection: [https://www.google.com] @18-10-2021 02:05:50.0712 AM
[ReportManager] Initial URL: [about:blank] @18-10-2021 02:05:51.0172 AM
[ReportManager] Browser Action [NavigateToURL] successfully performed. With the following test data [https://www.google.com/ncr]. @18-10-2021 02:05:53.0515 AM
[ReportManager] Loaded Shared OpenCV @18-10-2021 02:05:53.0745 AM
[ReportManager] Assertion [ValidateElementExists] PASSED. Expected [Element Should Exist, locator 'xpath=//*[@id='hplogo' or @alt='Google']'] and Actual [Element Exists]. Comparison Type [EQUALS]. Validation Type [POSITIVE]. @18-10-2021 02:05:53.0969 AM
[ReportManager] Successfully created attachment [Screenshot - 1634522753741_navigateToURLandVerifyGoogleLogoIsDisplayed_ValidateElementExists_passed] @18-10-2021 02:05:53.0970 A

################################################################################################################################################
Starting Execution:	[142 out of 143] test cases in the current suite
Test Method:		[testPackage01.Test_google_playwright.searchForQueryandAssertResultsNumDisplayed]
Test Description:	[TC002 - Search for Query and Assert that the number of results is displayed]
################################################################################################################################################
[ReportManager] Element Action [Type] successfully performed. With the following test data [SHAFT_Engine]. @18-10-2021 02:05:54.0289 AM
[ReportManager] Element Action [KeyPress] successfully performed. With the following test data [Enter]. @18-10-2021 02:05:54.0322 AM
[ReportManager] Element Action [GetText] successfully performed. With the following test data [About 958,000 results (0.53 seconds)]. @18-10-2021 02:05:55.0782 AM
[ReportManager] Loaded Shared OpenCV @18-10-2021 02:05:57.0978 AM
[ReportManager] Assertion [ValidateElementAttribute] PASSED. Expected [Value Should not be '' for the 'text' attribute, element locator 'xpath=//div[@id='appbar']'] and Actual [About 958,000 results (0.53 seconds)]. Comparison Type [EQUALS]. Validation Type [NEGATIVE]. @18-10-2021 02:05:58.0272 AM
[ReportManager] Successfully created attachment [Screenshot - 1634522757976_searchForQueryandAssertResultsNumDisplayed_ValidateElementAttribute_passed] @18-10-2021 02:05:58.0275 A

################################################################################################################################################
Starting Execution:	[143 out of 143] test cases in the current suite
Test Method:		[testPackage01.Test_google_playwright.clickNextThrice]
Test Description:	[TC003 - Clicks the next button to make sure that the framework can scroll element into view before clicking it]
################################################################################################################################################
[ReportManager] Element Action [Click] successfully performed. With the following test data [Next]. @18-10-2021 02:05:58.0541 A
[ReportManager] Failed to find video recording. @18-10-2021 02:05:58.0543 AM
[ReportManager] Successfully Closed PlayWright Driver. @18-10-2021 02:05:58.0600 A

################################################################################################################################################
Test Closure Activities
################################################################################################################################################
[ReportManager] Successfully created attachment [SHAFT Engine Logs - Execution log] @18-10-2021 02:05:58.0622 AM

################################################################################################################################################
This test run was powered by SHAFT Engine Version: [SHAFT Engine v5.4.20211011]
SHAFT Engine is licensed under the MIT License: [https://github.com/MohabMohie/SHAFT_ENGINE/blob/master/LICENSE].
################################################################################################################################################