################################################################################################################################################
Detected SHAFT Engine Version: [SHAFT Engine v5.4.20211122-BETA]
################################################################################################################################################
[ReportManager] File Action [GetAbsolutePath] successfully performed. With the following test data [Relative Folder Path: "target/downloadedFiles/"]. @28-11-2021 01:46:23.0356 AM
[ReportManager] Attempting to run locally on: [Mac-64], [Safari], Headless Execution. @28-11-2021 01:46:23.0371 AM
[ReportManager] Successfully Opened Safari. @28-11-2021 01:46:28.0979 AM
[ReportManager] Initial window size: (800, 600) @28-11-2021 01:46:28.0999 AM
[ReportManager] Window size after SWD Maximize: (1176, 802) @28-11-2021 01:46:29.0053 AM
[ReportManager] Browser Action [MaximizeWindow] successfully performed. With the following test data [New screen size is now: (1176, 802)]. @28-11-2021 01:46:29.0069 A

################################################################################################################################################
Starting Execution:	[1 out of 146] test cases in the current suite
Test Method:		[unitTests.tests_element_elementActions.waitForElementToBePresent_false_expectedToFail]
################################################################################################################################################
[ReportManager] Target URL: [https://www.google.com/ncr], and after redirection: [www.google.com] @28-11-2021 01:46:29.0218 AM
[ReportManager] Initial URL: [] @28-11-2021 01:46:29.0282 AM
[ReportManager] Browser Action [NavigateToURL] successfully performed. With the following test data [https://www.google.com/ncr]. @28-11-2021 01:46:31.0605 AM
[ReportManager] Waiting for element to be present; elementLocator [By.xpath: //*[@id='hplogo' or @alt='Google']], numberOfTries[1], stateOfPresence[false]... @28-11-2021 01:46:31.0615 AM
[ReportManager] Element Action [WaitForElementToBePresent] failed. With the following test data [waited for the element's state of presence to be (false). Element locator (By.xpath: //*[@id='hplogo' or @alt='Google'])]. @28-11-2021 01:46:34.0869 AM
[ReportManager] Successfully created attachment [Screenshot - 1638063991695_waitForElementToBePresent_false_expectedToFail_WaitForElementToBePresent_failed] @28-11-2021 01:46:34.0899 A
[ReportManager] Browser Action [CloseCurrentWindow] successfully performed. @28-11-2021 01:46:35.0097 AM
[ReportManager] Successfully created attachment [Browser Action Test Data - CloseCurrentWindow - Actual Value] @28-11-2021 01:46:35.0099 A
[ReportManager] File Action [GetAbsolutePath] successfully performed. With the following test data [Relative Folder Path: "target/downloadedFiles/"]. @28-11-2021 01:46:35.0114 AM
[ReportManager] Attempting to run locally on: [Mac-64], [Safari], Headless Execution. @28-11-2021 01:46:35.0114 AM
[ReportManager] Successfully Opened Safari. @28-11-2021 01:46:36.0126 AM
[ReportManager] Initial window size: (800, 600) @28-11-2021 01:46:36.0186 AM
[ReportManager] Window size after SWD Maximize: (1176, 803) @28-11-2021 01:46:36.0230 AM
[ReportManager] Browser Action [MaximizeWindow] successfully performed. With the following test data [New screen size is now: (1176, 803)]. @28-11-2021 01:46:36.0230 A

################################################################################################################################################
Starting Execution:	[2 out of 146] test cases in the current suite
Test Method:		[unitTests.tests_element_elementActions.waitForElementToBePresent_false_expectedToPass]
################################################################################################################################################
[ReportManager] Target URL: [https://www.google.com/ncr], and after redirection: [www.google.com] @28-11-2021 01:46:36.0236 AM
[ReportManager] Initial URL: [] @28-11-2021 01:46:36.0312 AM
[ReportManager] Browser Action [NavigateToURL] successfully performed. With the following test data [https://www.google.com/ncr]. @28-11-2021 01:46:38.0704 AM
[ReportManager] Waiting for element to be present; elementLocator [By.id: bla], numberOfTries[1], stateOfPresence[false]... @28-11-2021 01:46:38.0705 AM
[ReportManager] org.openqa.selenium.TimeoutException:
Expected condition failed: waiting for com.shaft.gui.element.ElementActionsHelper$$Lambda$625/0x000000080113a728@6aed4a23 (tried for 5 second(s) with 1000 milliseconds interval)
org.openqa.selenium.support.ui.FluentWait.timeoutException(FluentWait.java:263)
org.openqa.selenium.support.ui.FluentWait.until(FluentWait.java:231)
com.shaft.gui.element.ElementActionsHelper.waitForElementPresence(ElementActionsHelper.java:63)
com.shaft.gui.element.ElementActionsHelper.waitForElementPresence(ElementActionsHelper.java:37)
com.shaft.gui.element.WebDriverElementActions.getMatchingElementsCount(WebDriverElementActions.java:1468)
com.shaft.gui.element.WebDriverElementActions.waitForElementToBePresent(WebDriverElementActions.java:1293)
com.shaft.gui.element.ElementActions.waitForElementToBePresent(ElementActions.java:622)
unitTests.tests_element_elementActions.waitForElementToBePresent_false_expectedToPass(tests_element_elementActions.java:48)
java.base/jdk.internal.reflect.NativeMethodAccessorImpl.invoke0(Native Method)
java.base/jdk.internal.reflect.NativeMethodAccessorImpl.invoke(NativeMethodAccessorImpl.java:77)
java.base/jdk.internal.reflect.DelegatingMethodAccessorImpl.invoke(DelegatingMethodAccessorImpl.java:43)
java.base/java.lang.reflect.Method.invoke(Method.java:568)
org.testng.internal.MethodInvocationHelper.invokeMethod(MethodInvocationHelper.java:133)
org.testng.internal.TestInvoker.invokeMethod(TestInvoker.java:598)
org.testng.internal.TestInvoker.invokeTestMethod(TestInvoker.java:173)
org.testng.internal.MethodRunner.runInSequence(MethodRunner.java:46)
org.testng.internal.TestInvoker$MethodInvocationAgent.invoke(TestInvoker.java:824)
org.testng.internal.TestInvoker.invokeTestMethods(TestInvoker.java:146)
org.testng.internal.TestMethodWorker.invokeTestMethods(TestMethodWorker.java:146)
org.testng.internal.TestMethodWorker.run(TestMethodWorker.java:128)
java.base/java.util.ArrayList.forEach(ArrayList.java:1511)
org.testng.TestRunner.privateRun(TestRunner.java:794)
org.testng.TestRunner.run(TestRunner.java:596)
org.testng.SuiteRunner.runTest(SuiteRunner.java:377)
org.testng.SuiteRunner.runSequentially(SuiteRunner.java:371)
org.testng.SuiteRunner.privateRun(SuiteRunner.java:332)
org.testng.SuiteRunner.run(SuiteRunner.java:276)
org.testng.SuiteRunnerWorker.runSuite(SuiteRunnerWorker.java:53)
org.testng.SuiteRunnerWorker.run(SuiteRunnerWorker.java:96)
org.testng.TestNG.runSuitesSequentially(TestNG.java:1212)
org.testng.TestNG.runSuitesLocally(TestNG.java:1134)
org.testng.TestNG.runSuites(TestNG.java:1063)
org.testng.TestNG.run(TestNG.java:1031)
org.apache.maven.surefire.testng.TestNGExecutor.run(TestNGExecutor.java:136)
org.apache.maven.surefire.testng.TestNGDirectoryTestSuite.executeMulti(TestNGDirectoryTestSuite.java:193)
org.apache.maven.surefire.testng.TestNGDirectoryTestSuite.execute(TestNGDirectoryTestSuite.java:94)
org.apache.maven.surefire.testng.TestNGProvider.invoke(TestNGProvider.java:145)
org.apache.maven.surefire.booter.ForkedBooter.runSuitesInProcess(ForkedBooter.java:428)
org.apache.maven.surefire.booter.ForkedBooter.execute(ForkedBooter.java:162)
org.apache.maven.surefire.booter.ForkedBooter.run(ForkedBooter.java:562)
org.apache.maven.surefire.booter.ForkedBooter.main(ForkedBooter.java:548)

Caused by: org.openqa.selenium.NoSuchElementException:
For documentation on this error, please visit: https://selenium.dev/exceptions/#no_such_element
Build info: version: '4.1.0', revision: '87802e897b'
System info: host: 'Mac-1638062350226.local', ip: '10.212.9.89', os.name: 'Mac OS X', os.arch: 'x86_64', os.version: '11.5', java.version: '17.0.1'
Driver info: org.openqa.selenium.safari.SafariDriver
Command: [7BEF3B71-506F-462F-A655-E9D4C43D118B, findElement {using=id, value=bla}]
Capabilities {acceptInsecureCerts: false, browserName: Safari, browserVersion: 15.1, goog:loggingPrefs: {browser: ALL, client: ALL, driver: ALL, performance: ALL, profiler: ALL, server: ALL}, javascriptEnabled: true, pageLoadStrategy: normal, platform: MAC, platformName: MAC, safari:automaticInspection: false, safari:automaticProfiling: false, safari:diagnose: false, safari:platformBuildVersion: 20G224, safari:platformVersion: 11.6.1, safari:useSimulator: false, setWindowRect: true, strictFileInteractability: false, timeouts: {pageLoad: 30000, script: 30000}, webkit:WebRTC: {DisableICECandidateFiltering: false, DisableInsecureMediaCapture: false}}
Session ID: 7BEF3B71-506F-462F-A655-E9D4C43D118B
java.base/jdk.internal.reflect.NativeConstructorAccessorImpl.newInstance0(Native Method)
java.base/jdk.internal.reflect.NativeConstructorAccessorImpl.newInstance(NativeConstructorAccessorImpl.java:77)
java.base/jdk.internal.reflect.DelegatingConstructorAccessorImpl.newInstance(DelegatingConstructorAccessorImpl.java:45)
java.base/java.lang.reflect.Constructor.newInstanceWithCaller(Constructor.java:499)
java.base/java.lang.reflect.Constructor.newInstance(Constructor.java:480)
org.openqa.selenium.remote.codec.w3c.W3CHttpResponseCodec.createException(W3CHttpResponseCodec.java:200)
org.openqa.selenium.remote.codec.w3c.W3CHttpResponseCodec.decode(W3CHttpResponseCodec.java:133)
org.openqa.selenium.remote.codec.w3c.W3CHttpResponseCodec.decode(W3CHttpResponseCodec.java:53)
org.openqa.selenium.remote.HttpCommandExecutor.execute(HttpCommandExecutor.java:184)
org.openqa.selenium.remote.service.DriverCommandExecutor.invokeExecute(DriverCommandExecutor.java:164)
org.openqa.selenium.remote.service.DriverCommandExecutor.execute(DriverCommandExecutor.java:139)
org.openqa.selenium.remote.RemoteWebDriver.execute(RemoteWebDriver.java:559)
org.openqa.selenium.remote.ElementLocation$ElementFinder$2.findElement(ElementLocation.java:162)
org.openqa.selenium.remote.ElementLocation.findElement(ElementLocation.java:60)
org.openqa.selenium.remote.RemoteWebDriver.findElement(RemoteWebDriver.java:383)
org.openqa.selenium.remote.RemoteWebDriver.findElement(RemoteWebDriver.java:375)
com.shaft.gui.element.ElementActionsHelper.lambda$waitForElementPresence$0(ElementActionsHelper.java:71)
org.openqa.selenium.support.ui.FluentWait.until(FluentWait.java:208)
com.shaft.gui.element.ElementActionsHelper.waitForElementPresence(ElementActionsHelper.java:63)
com.shaft.gui.element.ElementActionsHelper.waitForElementPresence(ElementActionsHelper.java:37)
com.shaft.gui.element.WebDriverElementActions.getMatchingElementsCount(WebDriverElementActions.java:1468)
com.shaft.gui.element.WebDriverElementActions.waitForElementToBePresent(WebDriverElementActions.java:1293)
com.shaft.gui.element.ElementActions.waitForElementToBePresent(ElementActions.java:622)
unitTests.tests_element_elementActions.waitForElementToBePresent_false_expectedToPass(tests_element_elementActions.java:48)
java.base/jdk.internal.reflect.NativeMethodAccessorImpl.invoke0(Native Method)
java.base/jdk.internal.reflect.NativeMethodAccessorImpl.invoke(NativeMethodAccessorImpl.java:77)
java.base/jdk.internal.reflect.DelegatingMethodAccessorImpl.invoke(DelegatingMethodAccessorImpl.java:43)
java.base/java.lang.reflect.Method.invoke(Method.java:568)
org.testng.internal.MethodInvocationHelper.invokeMethod(MethodInvocationHelper.java:133)
org.testng.internal.TestInvoker.invokeMethod(TestInvoker.java:598)
org.testng.internal.TestInvoker.invokeTestMethod(TestInvoker.java:173)
org.testng.internal.MethodRunner.runInSequence(MethodRunner.java:46)
org.testng.internal.TestInvoker$MethodInvocationAgent.invoke(TestInvoker.java:824)
org.testng.internal.TestInvoker.invokeTestMethods(TestInvoker.java:146)
org.testng.internal.TestMethodWorker.invokeTestMethods(TestMethodWorker.java:146)
org.testng.internal.TestMethodWorker.run(TestMethodWorker.java:128)
java.base/java.util.ArrayList.forEach(ArrayList.java:1511)
org.testng.TestRunner.privateRun(TestRunner.java:794)
org.testng.TestRunner.run(TestRunner.java:596)
org.testng.SuiteRunner.runTest(SuiteRunner.java:377)
org.testng.SuiteRunner.runSequentially(SuiteRunner.java:371)
org.testng.SuiteRunner.privateRun(SuiteRunner.java:332)
org.testng.SuiteRunner.run(SuiteRunner.java:276)
org.testng.SuiteRunnerWorker.runSuite(SuiteRunnerWorker.java:53)
org.testng.SuiteRunnerWorker.run(SuiteRunnerWorker.java:96)
org.testng.TestNG.runSuitesSequentially(TestNG.java:1212)
org.testng.TestNG.runSuitesLocally(TestNG.java:1134)
org.testng.TestNG.runSuites(TestNG.java:1063)
org.testng.TestNG.run(TestNG.java:1031)
org.apache.maven.surefire.testng.TestNGExecutor.run(TestNGExecutor.java:136)
org.apache.maven.surefire.testng.TestNGDirectoryTestSuite.executeMulti(TestNGDirectoryTestSuite.java:193)
org.apache.maven.surefire.testng.TestNGDirectoryTestSuite.execute(TestNGDirectoryTestSuite.java:94)
org.apache.maven.surefire.testng.TestNGProvider.invoke(TestNGProvider.java:145)
org.apache.maven.surefire.booter.ForkedBooter.runSuitesInProcess(ForkedBooter.java:428)
org.apache.maven.surefire.booter.ForkedBooter.execute(ForkedBooter.java:162)
org.apache.maven.surefire.booter.ForkedBooter.run(ForkedBooter.java:562)
org.apache.maven.surefire.booter.ForkedBooter.main(ForkedBooter.java:548) @28-11-2021 01:46:44.0228 AM
[ReportManager] Element Action [WaitForElementToBePresent] successfully performed. With the following test data [waited for the element's state of presence to be (false). Element locator (By.id: bla)]. @28-11-2021 01:46:44.0228 A
[ReportManager] Browser Action [CloseCurrentWindow] successfully performed. @28-11-2021 01:46:44.0545 AM
[ReportManager] Successfully created attachment [Browser Action Test Data - CloseCurrentWindow - Actual Value] @28-11-2021 01:46:44.0546 A
[ReportManager] File Action [GetAbsolutePath] successfully performed. With the following test data [Relative Folder Path: "target/downloadedFiles/"]. @28-11-2021 01:46:44.0552 AM
[ReportManager] Attempting to run locally on: [Mac-64], [Safari], Headless Execution. @28-11-2021 01:46:44.0553 AM
[ReportManager] Successfully Opened Safari. @28-11-2021 01:46:45.0486 AM
[ReportManager] Initial window size: (800, 600) @28-11-2021 01:46:45.0517 AM
[ReportManager] Window size after SWD Maximize: (1176, 803) @28-11-2021 01:46:45.0545 AM
[ReportManager] Browser Action [MaximizeWindow] successfully performed. With the following test data [New screen size is now: (1176, 803)]. @28-11-2021 01:46:45.0545 A

################################################################################################################################################
Starting Execution:	[3 out of 146] test cases in the current suite
Test Method:		[unitTests.tests_element_elementActions.waitForElementToBePresent_moreThanOneElement_expectedToFail]
################################################################################################################################################
[ReportManager] Target URL: [https://www.google.com/ncr], and after redirection: [www.google.com] @28-11-2021 01:46:45.0550 AM
[ReportManager] Initial URL: [] @28-11-2021 01:46:45.0621 AM
[ReportManager] Browser Action [NavigateToURL] successfully performed. With the following test data [https://www.google.com/ncr]. @28-11-2021 01:46:47.0945 AM
[ReportManager] Waiting for element to be present; elementLocator [By.xpath: //*], numberOfTries[1], stateOfPresence[false]... @28-11-2021 01:46:47.0945 AM
[ReportManager] Element Action [WaitForElementToBePresent] failed. With the following test data [waited for the element's state of presence to be (false). Element locator (By.xpath: //*)]. @28-11-2021 01:46:48.0125 AM
[ReportManager] Successfully created attachment [Screenshot - 1638064008018_waitForElementToBePresent_moreThanOneElement_expectedToFail_WaitForElementToBePresent_failed] @28-11-2021 01:46:48.0128 A
[ReportManager] Browser Action [CloseCurrentWindow] successfully performed. @28-11-2021 01:46:48.0514 AM
[ReportManager] Successfully created attachment [Browser Action Test Data - CloseCurrentWindow - Actual Value] @28-11-2021 01:46:48.0515 A
[ReportManager] File Action [GetAbsolutePath] successfully performed. With the following test data [Relative Folder Path: "target/downloadedFiles/"]. @28-11-2021 01:46:48.0521 AM
[ReportManager] Attempting to run locally on: [Mac-64], [Safari], Headless Execution. @28-11-2021 01:46:48.0521 AM
[ReportManager] Successfully Opened Safari. @28-11-2021 01:46:49.0404 AM
[ReportManager] Initial window size: (800, 600) @28-11-2021 01:46:49.0436 AM
[ReportManager] Window size after SWD Maximize: (1176, 803) @28-11-2021 01:46:49.0455 AM
[ReportManager] Browser Action [MaximizeWindow] successfully performed. With the following test data [New screen size is now: (1176, 803)]. @28-11-2021 01:46:49.0456 A

################################################################################################################################################
Starting Execution:	[4 out of 146] test cases in the current suite
Test Method:		[unitTests.tests_element_elementActions.waitForElementToBePresent_true_expectedToFail]
################################################################################################################################################
[ReportManager] Target URL: [https://www.google.com/ncr], and after redirection: [www.google.com] @28-11-2021 01:46:49.0459 AM
[ReportManager] Initial URL: [] @28-11-2021 01:46:49.0576 AM
[ReportManager] Browser Action [NavigateToURL] successfully performed. With the following test data [https://www.google.com/ncr]. @28-11-2021 01:46:51.0868 AM
[ReportManager] Waiting for element to be present; elementLocator [By.id: bla], numberOfTries[1], stateOfPresence[true]... @28-11-2021 01:46:51.0868 AM
[ReportManager] org.openqa.selenium.TimeoutException:
Expected condition failed: waiting for com.shaft.gui.element.ElementActionsHelper$$Lambda$625/0x000000080113a728@48543f11 (tried for 5 second(s) with 1000 milliseconds interval)
org.openqa.selenium.support.ui.FluentWait.timeoutException(FluentWait.java:263)
org.openqa.selenium.support.ui.FluentWait.until(FluentWait.java:231)
com.shaft.gui.element.ElementActionsHelper.waitForElementPresence(ElementActionsHelper.java:63)
com.shaft.gui.element.ElementActionsHelper.waitForElementPresence(ElementActionsHelper.java:37)
com.shaft.gui.element.WebDriverElementActions.getMatchingElementsCount(WebDriverElementActions.java:1468)
com.shaft.gui.element.WebDriverElementActions.waitForElementToBePresent(WebDriverElementActions.java:1293)
com.shaft.gui.element.ElementActions.waitForElementToBePresent(ElementActions.java:622)
unitTests.tests_element_elementActions.waitForElementToBePresent_true_expectedToFail(tests_element_elementActions.java:39)
java.base/jdk.internal.reflect.NativeMethodAccessorImpl.invoke0(Native Method)
java.base/jdk.internal.reflect.NativeMethodAccessorImpl.invoke(NativeMethodAccessorImpl.java:77)
java.base/jdk.internal.reflect.DelegatingMethodAccessorImpl.invoke(DelegatingMethodAccessorImpl.java:43)
java.base/java.lang.reflect.Method.invoke(Method.java:568)
org.testng.internal.MethodInvocationHelper.invokeMethod(MethodInvocationHelper.java:133)
org.testng.internal.TestInvoker.invokeMethod(TestInvoker.java:598)
org.testng.internal.TestInvoker.invokeTestMethod(TestInvoker.java:173)
org.testng.internal.MethodRunner.runInSequence(MethodRunner.java:46)
org.testng.internal.TestInvoker$MethodInvocationAgent.invoke(TestInvoker.java:824)
org.testng.internal.TestInvoker.invokeTestMethods(TestInvoker.java:146)
org.testng.internal.TestMethodWorker.invokeTestMethods(TestMethodWorker.java:146)
org.testng.internal.TestMethodWorker.run(TestMethodWorker.java:128)
java.base/java.util.ArrayList.forEach(ArrayList.java:1511)
org.testng.TestRunner.privateRun(TestRunner.java:794)
org.testng.TestRunner.run(TestRunner.java:596)
org.testng.SuiteRunner.runTest(SuiteRunner.java:377)
org.testng.SuiteRunner.runSequentially(SuiteRunner.java:371)
org.testng.SuiteRunner.privateRun(SuiteRunner.java:332)
org.testng.SuiteRunner.run(SuiteRunner.java:276)
org.testng.SuiteRunnerWorker.runSuite(SuiteRunnerWorker.java:53)
org.testng.SuiteRunnerWorker.run(SuiteRunnerWorker.java:96)
org.testng.TestNG.runSuitesSequentially(TestNG.java:1212)
org.testng.TestNG.runSuitesLocally(TestNG.java:1134)
org.testng.TestNG.runSuites(TestNG.java:1063)
org.testng.TestNG.run(TestNG.java:1031)
org.apache.maven.surefire.testng.TestNGExecutor.run(TestNGExecutor.java:136)
org.apache.maven.surefire.testng.TestNGDirectoryTestSuite.executeMulti(TestNGDirectoryTestSuite.java:193)
org.apache.maven.surefire.testng.TestNGDirectoryTestSuite.execute(TestNGDirectoryTestSuite.java:94)
org.apache.maven.surefire.testng.TestNGProvider.invoke(TestNGProvider.java:145)
org.apache.maven.surefire.booter.ForkedBooter.runSuitesInProcess(ForkedBooter.java:428)
org.apache.maven.surefire.booter.ForkedBooter.execute(ForkedBooter.java:162)
org.apache.maven.surefire.booter.ForkedBooter.run(ForkedBooter.java:562)
org.apache.maven.surefire.booter.ForkedBooter.main(ForkedBooter.java:548)

Caused by: org.openqa.selenium.NoSuchElementException:
For documentation on this error, please visit: https://selenium.dev/exceptions/#no_such_element
Build info: version: '4.1.0', revision: '87802e897b'
System info: host: 'Mac-1638062350226.local', ip: '10.212.9.89', os.name: 'Mac OS X', os.arch: 'x86_64', os.version: '11.5', java.version: '17.0.1'
Driver info: org.openqa.selenium.safari.SafariDriver
Command: [8A3003F3-9483-45D8-B304-8D1540861CFE, findElement {using=id, value=bla}]
Capabilities {acceptInsecureCerts: false, browserName: Safari, browserVersion: 15.1, goog:loggingPrefs: {browser: ALL, client: ALL, driver: ALL, performance: ALL, profiler: ALL, server: ALL}, javascriptEnabled: true, pageLoadStrategy: normal, platform: MAC, platformName: MAC, safari:automaticInspection: false, safari:automaticProfiling: false, safari:diagnose: false, safari:platformBuildVersion: 20G224, safari:platformVersion: 11.6.1, safari:useSimulator: false, setWindowRect: true, strictFileInteractability: false, timeouts: {pageLoad: 30000, script: 30000}, webkit:WebRTC: {DisableICECandidateFiltering: false, DisableInsecureMediaCapture: false}}
Session ID: 8A3003F3-9483-45D8-B304-8D1540861CFE
java.base/jdk.internal.reflect.NativeConstructorAccessorImpl.newInstance0(Native Method)
java.base/jdk.internal.reflect.NativeConstructorAccessorImpl.newInstance(NativeConstructorAccessorImpl.java:77)
java.base/jdk.internal.reflect.DelegatingConstructorAccessorImpl.newInstance(DelegatingConstructorAccessorImpl.java:45)
java.base/java.lang.reflect.Constructor.newInstanceWithCaller(Constructor.java:499)
java.base/java.lang.reflect.Constructor.newInstance(Constructor.java:480)
org.openqa.selenium.remote.codec.w3c.W3CHttpResponseCodec.createException(W3CHttpResponseCodec.java:200)
org.openqa.selenium.remote.codec.w3c.W3CHttpResponseCodec.decode(W3CHttpResponseCodec.java:133)
org.openqa.selenium.remote.codec.w3c.W3CHttpResponseCodec.decode(W3CHttpResponseCodec.java:53)
org.openqa.selenium.remote.HttpCommandExecutor.execute(HttpCommandExecutor.java:184)
org.openqa.selenium.remote.service.DriverCommandExecutor.invokeExecute(DriverCommandExecutor.java:164)
org.openqa.selenium.remote.service.DriverCommandExecutor.execute(DriverCommandExecutor.java:139)
org.openqa.selenium.remote.RemoteWebDriver.execute(RemoteWebDriver.java:559)
org.openqa.selenium.remote.ElementLocation$ElementFinder$2.findElement(ElementLocation.java:162)
org.openqa.selenium.remote.ElementLocation.findElement(ElementLocation.java:60)
org.openqa.selenium.remote.RemoteWebDriver.findElement(RemoteWebDriver.java:383)
org.openqa.selenium.remote.RemoteWebDriver.findElement(RemoteWebDriver.java:375)
com.shaft.gui.element.ElementActionsHelper.lambda$waitForElementPresence$0(ElementActionsHelper.java:71)
org.openqa.selenium.support.ui.FluentWait.until(FluentWait.java:208)
com.shaft.gui.element.ElementActionsHelper.waitForElementPresence(ElementActionsHelper.java:63)
com.shaft.gui.element.ElementActionsHelper.waitForElementPresence(ElementActionsHelper.java:37)
com.shaft.gui.element.WebDriverElementActions.getMatchingElementsCount(WebDriverElementActions.java:1468)
com.shaft.gui.element.WebDriverElementActions.waitForElementToBePresent(WebDriverElementActions.java:1293)
com.shaft.gui.element.ElementActions.waitForElementToBePresent(ElementActions.java:622)
unitTests.tests_element_elementActions.waitForElementToBePresent_true_expectedToFail(tests_element_elementActions.java:39)
java.base/jdk.internal.reflect.NativeMethodAccessorImpl.invoke0(Native Method)
java.base/jdk.internal.reflect.NativeMethodAccessorImpl.invoke(NativeMethodAccessorImpl.java:77)
java.base/jdk.internal.reflect.DelegatingMethodAccessorImpl.invoke(DelegatingMethodAccessorImpl.java:43)
java.base/java.lang.reflect.Method.invoke(Method.java:568)
org.testng.internal.MethodInvocationHelper.invokeMethod(MethodInvocationHelper.java:133)
org.testng.internal.TestInvoker.invokeMethod(TestInvoker.java:598)
org.testng.internal.TestInvoker.invokeTestMethod(TestInvoker.java:173)
org.testng.internal.MethodRunner.runInSequence(MethodRunner.java:46)
org.testng.internal.TestInvoker$MethodInvocationAgent.invoke(TestInvoker.java:824)
org.testng.internal.TestInvoker.invokeTestMethods(TestInvoker.java:146)
org.testng.internal.TestMethodWorker.invokeTestMethods(TestMethodWorker.java:146)
org.testng.internal.TestMethodWorker.run(TestMethodWorker.java:128)
java.base/java.util.ArrayList.forEach(ArrayList.java:1511)
org.testng.TestRunner.privateRun(TestRunner.java:794)
org.testng.TestRunner.run(TestRunner.java:596)
org.testng.SuiteRunner.runTest(SuiteRunner.java:377)
org.testng.SuiteRunner.runSequentially(SuiteRunner.java:371)
org.testng.SuiteRunner.privateRun(SuiteRunner.java:332)
org.testng.SuiteRunner.run(SuiteRunner.java:276)
org.testng.SuiteRunnerWorker.runSuite(SuiteRunnerWorker.java:53)
org.testng.SuiteRunnerWorker.run(SuiteRunnerWorker.java:96)
org.testng.TestNG.runSuitesSequentially(TestNG.java:1212)
org.testng.TestNG.runSuitesLocally(TestNG.java:1134)
org.testng.TestNG.runSuites(TestNG.java:1063)
org.testng.TestNG.run(TestNG.java:1031)
org.apache.maven.surefire.testng.TestNGExecutor.run(TestNGExecutor.java:136)
org.apache.maven.surefire.testng.TestNGDirectoryTestSuite.executeMulti(TestNGDirectoryTestSuite.java:193)
org.apache.maven.surefire.testng.TestNGDirectoryTestSuite.execute(TestNGDirectoryTestSuite.java:94)
org.apache.maven.surefire.testng.TestNGProvider.invoke(TestNGProvider.java:145)
org.apache.maven.surefire.booter.ForkedBooter.runSuitesInProcess(ForkedBooter.java:428)
org.apache.maven.surefire.booter.ForkedBooter.execute(ForkedBooter.java:162)
org.apache.maven.surefire.booter.ForkedBooter.run(ForkedBooter.java:562)
org.apache.maven.surefire.booter.ForkedBooter.main(ForkedBooter.java:548) @28-11-2021 01:46:56.0976 AM
[ReportManager] Element Action [WaitForElementToBePresent] failed. With the following test data [waited for the element's state of presence to be (true). Element locator (By.id: bla)]. @28-11-2021 01:46:57.0084 AM
[ReportManager] Successfully created attachment [Screenshot - 1638064017003_waitForElementToBePresent_true_expectedToFail_WaitForElementToBePresent_failed] @28-11-2021 01:46:57.0087 A
[ReportManager] Browser Action [CloseCurrentWindow] successfully performed. @28-11-2021 01:46:57.0148 AM
[ReportManager] Successfully created attachment [Browser Action Test Data - CloseCurrentWindow - Actual Value] @28-11-2021 01:46:57.0150 A
[ReportManager] File Action [GetAbsolutePath] successfully performed. With the following test data [Relative Folder Path: "target/downloadedFiles/"]. @28-11-2021 01:46:57.0159 AM
[ReportManager] Attempting to run locally on: [Mac-64], [Safari], Headless Execution. @28-11-2021 01:46:57.0159 AM
[ReportManager] Successfully Opened Safari. @28-11-2021 01:46:58.0056 AM
[ReportManager] Initial window size: (800, 600) @28-11-2021 01:46:58.0105 AM
[ReportManager] Window size after SWD Maximize: (1176, 803) @28-11-2021 01:46:58.0150 AM
[ReportManager] Browser Action [MaximizeWindow] successfully performed. With the following test data [New screen size is now: (1176, 803)]. @28-11-2021 01:46:58.0151 A

################################################################################################################################################
Starting Execution:	[5 out of 146] test cases in the current suite
Test Method:		[unitTests.tests_element_elementActions.waitForElementToBePresent_true_expectedToPass]
################################################################################################################################################
[ReportManager] Target URL: [https://www.google.com/ncr], and after redirection: [www.google.com] @28-11-2021 01:46:58.0156 AM
[ReportManager] Initial URL: [] @28-11-2021 01:46:58.0236 AM
[ReportManager] Browser Action [NavigateToURL] successfully performed. With the following test data [https://www.google.com/ncr]. @28-11-2021 01:47:00.0641 AM
[ReportManager] Waiting for element to be present; elementLocator [By.xpath: //*[@id='hplogo' or @alt='Google']], numberOfTries[1], stateOfPresence[true]... @28-11-2021 01:47:00.0641 AM
[ReportManager] Element Action [WaitForElementToBePresent] successfully performed. With the following test data [waited for the element's state of presence to be (true). Element locator (By.xpath: //*[@id='hplogo' or @alt='Google'])]. @28-11-2021 01:47:00.0665 AM
[ReportManager] File Action [DoesFileExist] successfully performed. With the following test data [File Path: "src/main/resources/dynamicObjectRepository/unitTests_tests_element_elementActions_waitForElementToBePresent_true_expectedToPass_By_xpath_id_hplogo_or_alt_Google.png"]. @28-11-2021 01:47:00.0683 AM
[ReportManager] File Action [DoesFileExist] successfully performed. With the following test data [File Path: "src/main/resources/dynamicObjectRepository/unitTests_tests_element_elementActions_waitForElementToBePresent_true_expectedToPass_By_xpath_id_hplogo_or_alt_Google.png"]. @28-11-2021 01:47:00.0753 AM
[ReportManager] Passing the test and saving a reference image @28-11-2021 01:47:00.0753 AM
[ReportManager] File Action [GetAbsolutePath] successfully performed. With the following test data [Relative File Path: "src/main/resources/dynamicObjectRepository/unitTests_tests_element_elementActions_waitForElementToBePresent_true_expectedToPass_By_xpath_id_hplogo_or_alt_Google.png"]. @28-11-2021 01:47:00.0753 AM
[ReportManager] File Action [WriteToFile] successfully performed. With the following test data [Target File Path: "/Users/runner/work/SHAFT_ENGINE/SHAFT_ENGINE/src/main/resources/dynamicObjectRepository/unitTests_tests_element_elementActions_waitForElementToBePresent_true_expectedToPass_By_xpath_id_hplogo_or_alt_Google.png"]. @28-11-2021 01:47:00.0755 AM
[ReportManager] Assertion Passed: Using Visual AI; OpenCV @28-11-2021 01:47:00.0756 AM
[ReportManager] Successfully created attachment [Validation Test Data - Actual Screenshot] @28-11-2021 01:47:00.0758 AM
[ReportManager] Assertion [ValidateElementMatches] PASSED. Expected [Element should match the reference screenshot] and Actual [TRUE]. Comparison Type [EXACT_OPENCV]. Validation Type [POSITIVE]. @28-11-2021 01:47:00.0758 A
[ReportManager] Browser Action [CloseCurrentWindow] successfully performed. @28-11-2021 01:47:01.0056 AM
[ReportManager] Successfully created attachment [Browser Action Test Data - CloseCurrentWindow - Actual Value] @28-11-2021 01:47:01.0058 A
[ReportManager] File Action [GetAbsolutePath] successfully performed. With the following test data [Relative Folder Path: "target/downloadedFiles/"]. @28-11-2021 01:47:01.0063 AM
[ReportManager] Attempting to run locally on: [Mac-64], [Safari], Headless Execution. @28-11-2021 01:47:01.0063 AM
[ReportManager] Successfully Opened Safari. @28-11-2021 01:47:01.0935 AM
[ReportManager] Initial window size: (800, 600) @28-11-2021 01:47:01.0969 AM
[ReportManager] Window size after SWD Maximize: (1176, 803) @28-11-2021 01:47:02.0017 AM
[ReportManager] Browser Action [MaximizeWindow] successfully performed. With the following test data [New screen size is now: (1176, 803)]. @28-11-2021 01:47:02.0018 AM
[ReportManager] Target URL: [https://duckduckgo.com] @28-11-2021 01:47:02.0018 AM
[ReportManager] Initial URL: [] @28-11-2021 01:47:02.0087 AM
[ReportManager] Browser Action [NavigateToURL] successfully performed. With the following test data [https://duckduckgo.com]. @28-11-2021 01:47:03.0148 A

################################################################################################################################################
Starting Execution:	[6 out of 146] test cases in the current suite
Test Method:		[unitTests.tests_browserActions.fullScreenWindow]
################################################################################################################################################
[ReportManager] Initial Windows Size: 1176x803 @28-11-2021 01:47:03.0159 AM
[ReportManager] Current Windows Size after fullScreen: 1176x885 @28-11-2021 01:47:03.0801 AM
[ReportManager] Browser Action [FullScreenWindow] successfully performed. @28-11-2021 01:47:03.0841 AM
[ReportManager] Successfully created attachment [Browser Action Test Data - FullScreenWindow - Actual Value] @28-11-2021 01:47:03.0844 A
[ReportManager] Target URL: [https://duckduckgo.com] @28-11-2021 01:47:03.0864 AM
[ReportManager] Initial URL: [https://duckduckgo.com] @28-11-2021 01:47:04.0250 AM
[ReportManager] Browser Action [NavigateToURL] successfully performed. With the following test data [https://duckduckgo.com]. @28-11-2021 01:47:04.0887 AM
[ReportManager] Browser Action [CloseCurrentWindow] successfully performed. @28-11-2021 01:47:05.0249 AM
[ReportManager] Successfully created attachment [Browser Action Test Data - CloseCurrentWindow - Actual Value] @28-11-2021 01:47:05.0251 A
[ReportManager] File Action [GetAbsolutePath] successfully performed. With the following test data [Relative Folder Path: "target/downloadedFiles/"]. @28-11-2021 01:47:05.0255 AM
[ReportManager] Attempting to run locally on: [Mac-64], [Safari], Headless Execution. @28-11-2021 01:47:05.0256 AM
[ReportManager] Successfully Opened Safari. @28-11-2021 01:47:06.0140 AM
[ReportManager] Initial window size: (800, 600) @28-11-2021 01:47:06.0169 AM
[ReportManager] Window size after SWD Maximize: (1176, 803) @28-11-2021 01:47:06.0214 AM
[ReportManager] Browser Action [MaximizeWindow] successfully performed. With the following test data [New screen size is now: (1176, 803)]. @28-11-2021 01:47:06.0215 AM
[ReportManager] Target URL: [https://duckduckgo.com] @28-11-2021 01:47:06.0215 AM
[ReportManager] Initial URL: [] @28-11-2021 01:47:06.0271 AM
[ReportManager] Browser Action [NavigateToURL] successfully performed. With the following test data [https://duckduckgo.com]. @28-11-2021 01:47:06.0986 A

################################################################################################################################################
Starting Execution:	[7 out of 146] test cases in the current suite
Test Method:		[unitTests.tests_browserActions.getCurrentURL]
################################################################################################################################################
[ReportManager] Browser Action [GetCurrentURL] successfully performed. With the following test data [https://duckduckgo.com/]. @28-11-2021 01:47:07.0022 A
[ReportManager] Target URL: [https://duckduckgo.com] @28-11-2021 01:47:07.0025 AM
[ReportManager] Initial URL: [https://duckduckgo.com] @28-11-2021 01:47:07.0063 AM
[ReportManager] Browser Action [NavigateToURL] successfully performed. With the following test data [https://duckduckgo.com]. @28-11-2021 01:47:07.0438 AM
[ReportManager] Browser Action [CloseCurrentWindow] successfully performed. @28-11-2021 01:47:07.0873 AM
[ReportManager] Successfully created attachment [Browser Action Test Data - CloseCurrentWindow - Actual Value] @28-11-2021 01:47:07.0874 A
[ReportManager] File Action [GetAbsolutePath] successfully performed. With the following test data [Relative Folder Path: "target/downloadedFiles/"]. @28-11-2021 01:47:07.0878 AM
[ReportManager] Attempting to run locally on: [Mac-64], [Safari], Headless Execution. @28-11-2021 01:47:07.0878 AM
[ReportManager] Successfully Opened Safari. @28-11-2021 01:47:08.0716 AM
[ReportManager] Initial window size: (800, 600) @28-11-2021 01:47:08.0776 AM
[ReportManager] Window size after SWD Maximize: (1176, 803) @28-11-2021 01:47:08.0814 AM
[ReportManager] Browser Action [MaximizeWindow] successfully performed. With the following test data [New screen size is now: (1176, 803)]. @28-11-2021 01:47:08.0814 AM
[ReportManager] Target URL: [https://duckduckgo.com] @28-11-2021 01:47:08.0814 AM
[ReportManager] Initial URL: [] @28-11-2021 01:47:08.0891 AM
[ReportManager] Browser Action [NavigateToURL] successfully performed. With the following test data [https://duckduckgo.com]. @28-11-2021 01:47:09.0564 A

################################################################################################################################################
Starting Execution:	[8 out of 146] test cases in the current suite
Test Method:		[unitTests.tests_browserActions.getCurrentWindowTitle]
################################################################################################################################################
[ReportManager] Browser Action [GetCurrentWindowTitle] successfully performed. With the following test data [DuckDuckGo â€” Privacy, simplified.]. @28-11-2021 01:47:09.0707 A
[ReportManager] Target URL: [https://duckduckgo.com] @28-11-2021 01:47:09.0713 AM
[ReportManager] Initial URL: [https://duckduckgo.com] @28-11-2021 01:47:09.0754 AM
[ReportManager] Browser Action [NavigateToURL] successfully performed. With the following test data [https://duckduckgo.com]. @28-11-2021 01:47:10.0144 AM
[ReportManager] Browser Action [CloseCurrentWindow] successfully performed. @28-11-2021 01:47:10.0466 AM
[ReportManager] Successfully created attachment [Browser Action Test Data - CloseCurrentWindow - Actual Value] @28-11-2021 01:47:10.0467 A
[ReportManager] File Action [GetAbsolutePath] successfully performed. With the following test data [Relative Folder Path: "target/downloadedFiles/"]. @28-11-2021 01:47:10.0474 AM
[ReportManager] Attempting to run locally on: [Mac-64], [Safari], Headless Execution. @28-11-2021 01:47:10.0474 AM
[ReportManager] Successfully Opened Safari. @28-11-2021 01:47:11.0290 AM
[ReportManager] Initial window size: (800, 600) @28-11-2021 01:47:11.0322 AM
[ReportManager] Window size after SWD Maximize: (1176, 803) @28-11-2021 01:47:11.0352 AM
[ReportManager] Browser Action [MaximizeWindow] successfully performed. With the following test data [New screen size is now: (1176, 803)]. @28-11-2021 01:47:11.0352 AM
[ReportManager] Target URL: [https://duckduckgo.com] @28-11-2021 01:47:11.0352 AM
[ReportManager] Initial URL: [] @28-11-2021 01:47:11.0434 AM
[ReportManager] Browser Action [NavigateToURL] successfully performed. With the following test data [https://duckduckgo.com]. @28-11-2021 01:47:12.0254 A

################################################################################################################################################
Starting Execution:	[9 out of 146] test cases in the current suite
Test Method:		[unitTests.tests_browserActions.getPageSource]
################################################################################################################################################
[ReportManager] Browser Action [GetPageSource] successfully performed. @28-11-2021 01:47:12.0302 AM
[ReportManager] Successfully created attachment [Browser Action Test Data - GetPageSource - Actual Value] @28-11-2021 01:47:12.0302 A
[ReportManager] Target URL: [https://duckduckgo.com] @28-11-2021 01:47:12.0306 AM
[ReportManager] Initial URL: [https://duckduckgo.com] @28-11-2021 01:47:12.0334 AM
[ReportManager] Browser Action [NavigateToURL] successfully performed. With the following test data [https://duckduckgo.com]. @28-11-2021 01:47:12.0705 AM
[ReportManager] Browser Action [CloseCurrentWindow] successfully performed. @28-11-2021 01:47:13.0056 AM
[ReportManager] Successfully created attachment [Browser Action Test Data - CloseCurrentWindow - Actual Value] @28-11-2021 01:47:13.0057 A
[ReportManager] File Action [GetAbsolutePath] successfully performed. With the following test data [Relative Folder Path: "target/downloadedFiles/"]. @28-11-2021 01:47:13.0060 AM
[ReportManager] Attempting to run locally on: [Mac-64], [Safari], Headless Execution. @28-11-2021 01:47:13.0060 AM
[ReportManager] Successfully Opened Safari. @28-11-2021 01:47:13.0916 AM
[ReportManager] Initial window size: (800, 600) @28-11-2021 01:47:13.0933 AM
[ReportManager] Window size after SWD Maximize: (1176, 803) @28-11-2021 01:47:13.0977 AM
[ReportManager] Browser Action [MaximizeWindow] successfully performed. With the following test data [New screen size is now: (1176, 803)]. @28-11-2021 01:47:13.0977 AM
[ReportManager] Target URL: [https://duckduckgo.com] @28-11-2021 01:47:13.0978 AM
[ReportManager] Initial URL: [] @28-11-2021 01:47:14.0027 AM
[ReportManager] Browser Action [NavigateToURL] successfully performed. With the following test data [https://duckduckgo.com]. @28-11-2021 01:47:14.0879 A

################################################################################################################################################
Starting Execution:	[10 out of 146] test cases in the current suite
Test Method:		[unitTests.tests_browserActions.getWindowHandle]
################################################################################################################################################
[ReportManager] Browser Action [GetWindowHandle] successfully performed. With the following test data [page-FE55FE88-1E70-4994-88D7-74685ADF7900]. @28-11-2021 01:47:14.0910 A
[ReportManager] Target URL: [https://duckduckgo.com] @28-11-2021 01:47:14.0913 AM
[ReportManager] Initial URL: [https://duckduckgo.com] @28-11-2021 01:47:14.0953 AM
[ReportManager] Browser Action [NavigateToURL] successfully performed. With the following test data [https://duckduckgo.com]. @28-11-2021 01:47:15.0296 AM
[ReportManager] Browser Action [CloseCurrentWindow] successfully performed. @28-11-2021 01:47:15.0583 AM
[ReportManager] Successfully created attachment [Browser Action Test Data - CloseCurrentWindow - Actual Value] @28-11-2021 01:47:15.0584 A
[ReportManager] File Action [GetAbsolutePath] successfully performed. With the following test data [Relative Folder Path: "target/downloadedFiles/"]. @28-11-2021 01:47:15.0587 AM
[ReportManager] Attempting to run locally on: [Mac-64], [Safari], Headless Execution. @28-11-2021 01:47:15.0587 AM
[ReportManager] Successfully Opened Safari. @28-11-2021 01:47:16.0417 AM
[ReportManager] Initial window size: (800, 600) @28-11-2021 01:47:16.0444 AM
[ReportManager] Window size after SWD Maximize: (1176, 803) @28-11-2021 01:47:16.0480 AM
[ReportManager] Browser Action [MaximizeWindow] successfully performed. With the following test data [New screen size is now: (1176, 803)]. @28-11-2021 01:47:16.0480 AM
[ReportManager] Target URL: [https://duckduckgo.com] @28-11-2021 01:47:16.0481 AM
[ReportManager] Initial URL: [] @28-11-2021 01:47:16.0523 AM
[ReportManager] Browser Action [NavigateToURL] successfully performed. With the following test data [https://duckduckgo.com]. @28-11-2021 01:47:17.0308 A

################################################################################################################################################
Starting Execution:	[11 out of 146] test cases in the current suite
Test Method:		[unitTests.tests_browserActions.getWindowPosition]
################################################################################################################################################
[ReportManager] Browser Action [GetWindowPosition] successfully performed. With the following test data [(0, 25)]. @28-11-2021 01:47:17.0353 A
[ReportManager] Target URL: [https://duckduckgo.com] @28-11-2021 01:47:17.0355 AM
[ReportManager] Initial URL: [https://duckduckgo.com] @28-11-2021 01:47:17.0394 AM
[ReportManager] Browser Action [NavigateToURL] successfully performed. With the following test data [https://duckduckgo.com]. @28-11-2021 01:47:17.0744 AM
[ReportManager] Browser Action [CloseCurrentWindow] successfully performed. @28-11-2021 01:47:18.0051 AM
[ReportManager] Successfully created attachment [Browser Action Test Data - CloseCurrentWindow - Actual Value] @28-11-2021 01:47:18.0052 A
[ReportManager] File Action [GetAbsolutePath] successfully performed. With the following test data [Relative Folder Path: "target/downloadedFiles/"]. @28-11-2021 01:47:18.0055 AM
[ReportManager] Attempting to run locally on: [Mac-64], [Safari], Headless Execution. @28-11-2021 01:47:18.0056 AM
[ReportManager] Successfully Opened Safari. @28-11-2021 01:47:18.0863 AM
[ReportManager] Initial window size: (800, 600) @28-11-2021 01:47:18.0887 AM
[ReportManager] Window size after SWD Maximize: (1176, 803) @28-11-2021 01:47:18.0917 AM
[ReportManager] Browser Action [MaximizeWindow] successfully performed. With the following test data [New screen size is now: (1176, 803)]. @28-11-2021 01:47:18.0917 AM
[ReportManager] Target URL: [https://duckduckgo.com] @28-11-2021 01:47:18.0917 AM
[ReportManager] Initial URL: [] @28-11-2021 01:47:18.0957 AM
[ReportManager] Browser Action [NavigateToURL] successfully performed. With the following test data [https://duckduckgo.com]. @28-11-2021 01:47:19.0580 A

################################################################################################################################################
Starting Execution:	[12 out of 146] test cases in the current suite
Test Method:		[unitTests.tests_browserActions.getWindowSize]
################################################################################################################################################
[ReportManager] Browser Action [GetWindowSize] successfully performed. With the following test data [(1176, 803)]. @28-11-2021 01:47:19.0621 A
[ReportManager] Target URL: [https://duckduckgo.com] @28-11-2021 01:47:19.0623 AM
[ReportManager] Initial URL: [https://duckduckgo.com] @28-11-2021 01:47:19.0658 AM
[ReportManager] Browser Action [NavigateToURL] successfully performed. With the following test data [https://duckduckgo.com]. @28-11-2021 01:47:19.0991 AM
[ReportManager] Browser Action [CloseCurrentWindow] successfully performed. @28-11-2021 01:47:20.0372 AM
[ReportManager] Successfully created attachment [Browser Action Test Data - CloseCurrentWindow - Actual Value] @28-11-2021 01:47:20.0373 A
[ReportManager] File Action [GetAbsolutePath] successfully performed. With the following test data [Relative Folder Path: "target/downloadedFiles/"]. @28-11-2021 01:47:20.0376 AM
[ReportManager] Attempting to run locally on: [Mac-64], [Safari], Headless Execution. @28-11-2021 01:47:20.0376 AM
[ReportManager] An Exception Occured with this Message: Could not start a new session. Possible causes are invalid address of the remote server or browser start-up failure.. @28-11-2021 01:47:20.0622 AM
[ReportManager] Successfully created attachment [Exception Stack Trace - org.openqa.selenium.SessionNotCreatedException] @28-11-2021 01:47:20.0630 AM
[ReportManager] Driver Factory Action [createNewLocalDriverInstanceForSafari] failed. With the following test data [Failed to create a session on DESKTOP_SAFARI]. @28-11-2021 01:47:20.0631 A

################################################################################################################################################
Starting Execution:	[13 out of 146] test cases in the current suite
Test Method:		[unitTests.tests_browserActions.maximizeWindow]
###############################################################################################################################################



################################################################################################################################################
Starting Execution:	[14 out of 146] test cases in the current suite
Test Method:		[unitTests.tests_browserActions.navigateBack]
###############################################################################################################################################



################################################################################################################################################
Starting Execution:	[15 out of 146] test cases in the current suite
Test Method:		[unitTests.tests_browserActions.navigateForward]
###############################################################################################################################################



################################################################################################################################################
Starting Execution:	[16 out of 146] test cases in the current suite
Test Method:		[unitTests.tests_browserActions.navigateToURL]
###############################################################################################################################################



################################################################################################################################################
Starting Execution:	[17 out of 146] test cases in the current suite
Test Method:		[unitTests.tests_browserActions.navigateToURLWithRedirection]
###############################################################################################################################################



################################################################################################################################################
Starting Execution:	[18 out of 146] test cases in the current suite
Test Method:		[unitTests.tests_browserActions.refreshCurrentPage]
###############################################################################################################################################



################################################################################################################################################
Starting Execution:	[19 out of 146] test cases in the current suite
Test Method:		[unitTests.tests_browserActions.setWindowSize]
###############################################################################################################################################

[ReportManager] Successfully loaded the following test data file [src/test/resources/testDataFiles/testSuite01/TestData.xlsx]. @28-11-2021 01:47:22.0489 AM
[ReportManager] Successfully created attachment [Test Data - Excel] @28-11-2021 01:47:22.0490 A

################################################################################################################################################
Starting Execution:	[20 out of 146] test cases in the current suite
Test Method:		[unitTests.tests_io_excelFileManager.getCellData_rowName_expectedToPass]
################################################################################################################################################
[ReportManager] testRowData. @28-11-2021 01:47:22.0506 A

################################################################################################################################################
Starting Execution:	[21 out of 146] test cases in the current suite
Test Method:		[unitTests.tests_validations_assertions.assertComparativeRelation_greaterThanOrEquals_false_equals_expectedToFail]
################################################################################################################################################
[ReportManager] Assertion [ValidateComparativeRelation] FAILED. Expected [1] and Actual [1]. Comparison Type [GREATER_THAN_OR_EQUALS]. Validation Type [NEGATIVE]. @28-11-2021 01:47:22.0513 A

################################################################################################################################################
Starting Execution:	[22 out of 146] test cases in the current suite
Test Method:		[unitTests.tests_validations_assertions.assertComparativeRelation_greaterThanOrEquals_false_equals_expectedToPass]
################################################################################################################################################
[ReportManager] Assertion [ValidateComparativeRelation] PASSED. Expected [2] and Actual [1]. Comparison Type [GREATER_THAN_OR_EQUALS]. Validation Type [NEGATIVE]. @28-11-2021 01:47:22.0517 A

################################################################################################################################################
Starting Execution:	[23 out of 146] test cases in the current suite
Test Method:		[unitTests.tests_validations_assertions.assertComparativeRelation_greaterThanOrEquals_false_greaterThan_expectedToFail]
################################################################################################################################################
[ReportManager] Assertion [ValidateComparativeRelation] FAILED. Expected [1] and Actual [2]. Comparison Type [GREATER_THAN_OR_EQUALS]. Validation Type [NEGATIVE]. @28-11-2021 01:47:22.0522 A

################################################################################################################################################
Starting Execution:	[24 out of 146] test cases in the current suite
Test Method:		[unitTests.tests_validations_assertions.assertComparativeRelation_greaterThanOrEquals_false_greaterThan_expectedToPass]
################################################################################################################################################
[ReportManager] Assertion [ValidateComparativeRelation] PASSED. Expected [2] and Actual [1]. Comparison Type [GREATER_THAN_OR_EQUALS]. Validation Type [NEGATIVE]. @28-11-2021 01:47:22.0528 A

################################################################################################################################################
Starting Execution:	[25 out of 146] test cases in the current suite
Test Method:		[unitTests.tests_validations_assertions.assertComparativeRelation_greaterThanOrEquals_true_equals_expectedToFail]
################################################################################################################################################
[ReportManager] Assertion [ValidateComparativeRelation] FAILED. Expected [1] and Actual [0]. Comparison Type [GREATER_THAN_OR_EQUALS]. Validation Type [POSITIVE]. @28-11-2021 01:47:22.0535 A

################################################################################################################################################
Starting Execution:	[26 out of 146] test cases in the current suite
Test Method:		[unitTests.tests_validations_assertions.assertComparativeRelation_greaterThanOrEquals_true_equals_expectedToPass]
################################################################################################################################################
[ReportManager] Assertion [ValidateComparativeRelation] PASSED. Expected [1] and Actual [1]. Comparison Type [GREATER_THAN_OR_EQUALS]. Validation Type [POSITIVE]. @28-11-2021 01:47:22.0540 A

################################################################################################################################################
Starting Execution:	[27 out of 146] test cases in the current suite
Test Method:		[unitTests.tests_validations_assertions.assertComparativeRelation_greaterThanOrEquals_true_greaterThan_expectedToFail]
################################################################################################################################################
[ReportManager] Assertion [ValidateComparativeRelation] FAILED. Expected [2] and Actual [1]. Comparison Type [GREATER_THAN_OR_EQUALS]. Validation Type [POSITIVE]. @28-11-2021 01:47:22.0547 A

################################################################################################################################################
Starting Execution:	[28 out of 146] test cases in the current suite
Test Method:		[unitTests.tests_validations_assertions.assertComparativeRelation_greaterThanOrEquals_true_greaterThan_expectedToPass]
################################################################################################################################################
[ReportManager] Assertion [ValidateComparativeRelation] PASSED. Expected [1] and Actual [2]. Comparison Type [GREATER_THAN_OR_EQUALS]. Validation Type [POSITIVE]. @28-11-2021 01:47:22.0561 A
[ReportManager] File Action [GetAbsolutePath] successfully performed. With the following test data [Relative Folder Path: "target/downloadedFiles/"]. @28-11-2021 01:47:22.0569 AM
[ReportManager] Attempting to run locally on: [Mac-64], [Safari], Headless Execution. @28-11-2021 01:47:22.0571 AM
[ReportManager] Successfully Opened Safari. @28-11-2021 01:47:23.0398 AM
[ReportManager] Initial window size: (800, 600) @28-11-2021 01:47:23.0435 AM
[ReportManager] Window size after SWD Maximize: (1176, 803) @28-11-2021 01:47:23.0449 AM
[ReportManager] Browser Action [MaximizeWindow] successfully performed. With the following test data [New screen size is now: (1176, 803)]. @28-11-2021 01:47:23.0449 AM
[ReportManager] Target URL: [https://www.google.com/ncr], and after redirection: [www.google.com] @28-11-2021 01:47:23.0449 AM
[ReportManager] Initial URL: [] @28-11-2021 01:47:23.0504 AM
[ReportManager] Browser Action [NavigateToURL] successfully performed. With the following test data [https://www.google.com/ncr]. @28-11-2021 01:47:25.0308 A

################################################################################################################################################
Starting Execution:	[29 out of 146] test cases in the current suite
Test Method:		[unitTests.tests_validations_assertions.assertElementAttribute_false_caseInsensitiveComparison_expectedToFail]
################################################################################################################################################
[ReportManager] Element Action [Type] successfully performed. With the following test data [AUTOMATION]. @28-11-2021 01:47:25.0466 AM
[ReportManager] Element Action [GetText] successfully performed. With the following test data [AUTOMATION]. @28-11-2021 01:47:25.0536 AM
[ReportManager] Loaded Shared OpenCV @28-11-2021 01:47:26.0810 AM
[ReportManager] Assertion [ValidateElementAttribute] FAILED. Expected [Value Should not be 'AutomaTion' for the 'text' attribute, element locator 'By.name: q'] and Actual [AUTOMATION]. Comparison Type [CASE_INSENSITIVE]. Validation Type [NEGATIVE]. @28-11-2021 01:47:27.0082 AM
[ReportManager] Successfully created attachment [Screenshot - 1638064045601_assertElementAttribute_false_caseInsensitiveComparison_expectedToFail_ValidateElementAttribute_failed] @28-11-2021 01:47:27.0087 A
[ReportManager] Browser Action [CloseCurrentWindow] successfully performed. @28-11-2021 01:47:27.0533 AM
[ReportManager] Successfully created attachment [Browser Action Test Data - CloseCurrentWindow - Actual Value] @28-11-2021 01:47:27.0534 A
[ReportManager] File Action [GetAbsolutePath] successfully performed. With the following test data [Relative Folder Path: "target/downloadedFiles/"]. @28-11-2021 01:47:27.0540 AM
[ReportManager] Attempting to run locally on: [Mac-64], [Safari], Headless Execution. @28-11-2021 01:47:27.0540 AM
[ReportManager] Successfully Opened Safari. @28-11-2021 01:47:28.0404 AM
[ReportManager] Initial window size: (800, 600) @28-11-2021 01:47:28.0418 AM
[ReportManager] Window size after SWD Maximize: (1176, 803) @28-11-2021 01:47:28.0447 AM
[ReportManager] Browser Action [MaximizeWindow] successfully performed. With the following test data [New screen size is now: (1176, 803)]. @28-11-2021 01:47:28.0447 AM
[ReportManager] Target URL: [https://www.google.com/ncr], and after redirection: [www.google.com] @28-11-2021 01:47:28.0447 AM
[ReportManager] Initial URL: [] @28-11-2021 01:47:28.0498 AM
[ReportManager] Browser Action [NavigateToURL] successfully performed. With the following test data [https://www.google.com/ncr]. @28-11-2021 01:47:30.0797 A

################################################################################################################################################
Starting Execution:	[30 out of 146] test cases in the current suite
Test Method:		[unitTests.tests_validations_assertions.assertElementAttribute_false_caseInsensitiveComparison_expectedToPass]
################################################################################################################################################
[ReportManager] Element Action [Type] successfully performed. With the following test data [AUTOMATION]. @28-11-2021 01:47:30.0975 AM
[ReportManager] Element Action [GetText] successfully performed. With the following test data [AUTOMATION]. @28-11-2021 01:47:31.0035 AM
[ReportManager] Loaded Shared OpenCV @28-11-2021 01:47:31.0086 AM
[ReportManager] Assertion [ValidateElementAttribute] PASSED. Expected [Value Should not be 'AutomaTion123' for the 'text' attribute, element locator 'By.name: q'] and Actual [AUTOMATION]. Comparison Type [CASE_INSENSITIVE]. Validation Type [NEGATIVE]. @28-11-2021 01:47:31.0203 AM
[ReportManager] Successfully created attachment [Screenshot - 1638064051086_assertElementAttribute_false_caseInsensitiveComparison_expectedToPass_ValidateElementAttribute_passed] @28-11-2021 01:47:31.0205 A
[ReportManager] Browser Action [CloseCurrentWindow] successfully performed. @28-11-2021 01:47:31.0466 AM
[ReportManager] Successfully created attachment [Browser Action Test Data - CloseCurrentWindow - Actual Value] @28-11-2021 01:47:31.0468 A
[ReportManager] File Action [GetAbsolutePath] successfully performed. With the following test data [Relative Folder Path: "target/downloadedFiles/"]. @28-11-2021 01:47:31.0471 AM
[ReportManager] Attempting to run locally on: [Mac-64], [Safari], Headless Execution. @28-11-2021 01:47:31.0471 AM
[ReportManager] Successfully Opened Safari. @28-11-2021 01:47:32.0373 AM
[ReportManager] Initial window size: (800, 600) @28-11-2021 01:47:32.0389 AM
[ReportManager] Window size after SWD Maximize: (1176, 803) @28-11-2021 01:47:32.0430 AM
[ReportManager] Browser Action [MaximizeWindow] successfully performed. With the following test data [New screen size is now: (1176, 803)]. @28-11-2021 01:47:32.0431 AM
[ReportManager] Target URL: [https://www.google.com/ncr], and after redirection: [www.google.com] @28-11-2021 01:47:32.0431 AM
[ReportManager] Initial URL: [] @28-11-2021 01:47:32.0486 AM
[ReportManager] Browser Action [NavigateToURL] successfully performed. With the following test data [https://www.google.com/ncr]. @28-11-2021 01:47:34.0841 A

################################################################################################################################################
Starting Execution:	[31 out of 146] test cases in the current suite
Test Method:		[unitTests.tests_validations_assertions.assertElementAttribute_false_containsComparison_expectedToFail]
################################################################################################################################################
[ReportManager] Element Action [Type] successfully performed. With the following test data [Automation123]. @28-11-2021 01:47:34.0969 AM
[ReportManager] Element Action [GetText] successfully performed. With the following test data [Automation123]. @28-11-2021 01:47:35.0031 AM
[ReportManager] Loaded Shared OpenCV @28-11-2021 01:47:35.0082 AM
[ReportManager] Assertion [ValidateElementAttribute] FAILED. Expected [Value Should not be 'Automation' for the 'text' attribute, element locator 'By.name: q'] and Actual [Automation123]. Comparison Type [CONTAINS]. Validation Type [NEGATIVE]. @28-11-2021 01:47:35.0206 AM
[ReportManager] Successfully created attachment [Screenshot - 1638064055082_assertElementAttribute_false_containsComparison_expectedToFail_ValidateElementAttribute_failed] @28-11-2021 01:47:35.0208 A
[ReportManager] Browser Action [CloseCurrentWindow] successfully performed. @28-11-2021 01:47:35.0532 AM
[ReportManager] Successfully created attachment [Browser Action Test Data - CloseCurrentWindow - Actual Value] @28-11-2021 01:47:35.0533 A
[ReportManager] File Action [GetAbsolutePath] successfully performed. With the following test data [Relative Folder Path: "target/downloadedFiles/"]. @28-11-2021 01:47:35.0536 AM
[ReportManager] Attempting to run locally on: [Mac-64], [Safari], Headless Execution. @28-11-2021 01:47:35.0537 AM
[ReportManager] Successfully Opened Safari. @28-11-2021 01:47:36.0334 AM
[ReportManager] Initial window size: (800, 600) @28-11-2021 01:47:36.0352 AM
[ReportManager] Window size after SWD Maximize: (1176, 803) @28-11-2021 01:47:36.0381 AM
[ReportManager] Browser Action [MaximizeWindow] successfully performed. With the following test data [New screen size is now: (1176, 803)]. @28-11-2021 01:47:36.0382 AM
[ReportManager] Target URL: [https://www.google.com/ncr], and after redirection: [www.google.com] @28-11-2021 01:47:36.0382 AM
[ReportManager] Initial URL: [] @28-11-2021 01:47:36.0419 AM
[ReportManager] Browser Action [NavigateToURL] successfully performed. With the following test data [https://www.google.com/ncr]. @28-11-2021 01:47:38.0798 A

################################################################################################################################################
Starting Execution:	[32 out of 146] test cases in the current suite
Test Method:		[unitTests.tests_validations_assertions.assertElementAttribute_false_containsComparison_expectedToPass]
################################################################################################################################################
[ReportManager] Element Action [Type] successfully performed. With the following test data [Automation123]. @28-11-2021 01:47:38.0949 AM
[ReportManager] Element Action [GetText] successfully performed. With the following test data [Automation123]. @28-11-2021 01:47:39.0028 AM
[ReportManager] Loaded Shared OpenCV @28-11-2021 01:47:39.0087 AM
[ReportManager] Assertion [ValidateElementAttribute] PASSED. Expected [Value Should not be 'Automation1234' for the 'text' attribute, element locator 'By.name: q'] and Actual [Automation123]. Comparison Type [CONTAINS]. Validation Type [NEGATIVE]. @28-11-2021 01:47:39.0261 AM
[ReportManager] Successfully created attachment [Screenshot - 1638064059087_assertElementAttribute_false_containsComparison_expectedToPass_ValidateElementAttribute_passed] @28-11-2021 01:47:39.0263 A
[ReportManager] Browser Action [CloseCurrentWindow] successfully performed. @28-11-2021 01:47:39.0716 AM
[ReportManager] Successfully created attachment [Browser Action Test Data - CloseCurrentWindow - Actual Value] @28-11-2021 01:47:39.0717 A
[ReportManager] File Action [GetAbsolutePath] successfully performed. With the following test data [Relative Folder Path: "target/downloadedFiles/"]. @28-11-2021 01:47:39.0720 AM
[ReportManager] Attempting to run locally on: [Mac-64], [Safari], Headless Execution. @28-11-2021 01:47:39.0721 AM
[ReportManager] Successfully Opened Safari. @28-11-2021 01:47:40.0520 AM
[ReportManager] Initial window size: (800, 600) @28-11-2021 01:47:40.0552 AM
[ReportManager] Window size after SWD Maximize: (1176, 803) @28-11-2021 01:47:40.0588 AM
[ReportManager] Browser Action [MaximizeWindow] successfully performed. With the following test data [New screen size is now: (1176, 803)]. @28-11-2021 01:47:40.0589 AM
[ReportManager] Target URL: [https://www.google.com/ncr], and after redirection: [www.google.com] @28-11-2021 01:47:40.0589 AM
[ReportManager] Initial URL: [] @28-11-2021 01:47:40.0624 AM
[ReportManager] Browser Action [NavigateToURL] successfully performed. With the following test data [https://www.google.com/ncr]. @28-11-2021 01:47:42.0997 A

################################################################################################################################################
Starting Execution:	[33 out of 146] test cases in the current suite
Test Method:		[unitTests.tests_validations_assertions.assertElementAttribute_false_literalComparison_expectedToFail]
################################################################################################################################################
[ReportManager] Element Action [Type] successfully performed. With the following test data [Automation!@#$%^&*()_+{}[]\';/.,]. @28-11-2021 01:47:43.0249 AM
[ReportManager] Element Action [GetText] successfully performed. With the following test data [Automation!@#$%^&*()_+{}[]\';/.,]. @28-11-2021 01:47:43.0312 AM
[ReportManager] Loaded Shared OpenCV @28-11-2021 01:47:43.0361 AM
[ReportManager] Assertion [ValidateElementAttribute] PASSED. Expected [Value Should not be 'Automation!@#$%^&*()_+{}[]\\';/.,' for the 'text' attribute, element locator 'By.name: q'] and Actual [Automation!@#$%^&*()_+{}[]\';/.,]. Comparison Type [EQUALS]. Validation Type [NEGATIVE]. @28-11-2021 01:47:43.0469 AM
[ReportManager] Successfully created attachment [Screenshot - 1638064063361_assertElementAttribute_false_literalComparison_expectedToFail_ValidateElementAttribute_passed] @28-11-2021 01:47:43.0470 A
[ReportManager] Browser Action [CloseCurrentWindow] successfully performed. @28-11-2021 01:47:43.0637 AM
[ReportManager] Successfully created attachment [Browser Action Test Data - CloseCurrentWindow - Actual Value] @28-11-2021 01:47:43.0638 A
[ReportManager] File Action [GetAbsolutePath] successfully performed. With the following test data [Relative Folder Path: "target/downloadedFiles/"]. @28-11-2021 01:47:43.0642 AM
[ReportManager] Attempting to run locally on: [Mac-64], [Safari], Headless Execution. @28-11-2021 01:47:43.0642 AM
[ReportManager] Successfully Opened Safari. @28-11-2021 01:47:44.0533 AM
[ReportManager] Initial window size: (800, 600) @28-11-2021 01:47:44.0567 AM
[ReportManager] Window size after SWD Maximize: (1176, 803) @28-11-2021 01:47:44.0620 AM
[ReportManager] Browser Action [MaximizeWindow] successfully performed. With the following test data [New screen size is now: (1176, 803)]. @28-11-2021 01:47:44.0621 AM
[ReportManager] Target URL: [https://www.google.com/ncr], and after redirection: [www.google.com] @28-11-2021 01:47:44.0621 AM
[ReportManager] Initial URL: [] @28-11-2021 01:47:44.0674 AM
[ReportManager] Browser Action [NavigateToURL] successfully performed. With the following test data [https://www.google.com/ncr]. @28-11-2021 01:47:47.0086 A

################################################################################################################################################
Starting Execution:	[34 out of 146] test cases in the current suite
Test Method:		[unitTests.tests_validations_assertions.assertElementAttribute_false_literalComparison_expectedToPass]
################################################################################################################################################
[ReportManager] Element Action [Type] successfully performed. With the following test data [Automation!@#$%^&*()_+{}[]\';/.,]. @28-11-2021 01:47:47.0324 AM
[ReportManager] Element Action [GetText] successfully performed. With the following test data [Automation!@#$%^&*()_+{}[]\';/.,]. @28-11-2021 01:47:47.0383 AM
[ReportManager] Loaded Shared OpenCV @28-11-2021 01:47:47.0431 AM
[ReportManager] Assertion [ValidateElementAttribute] PASSED. Expected [Value Should not be 'Automation' for the 'text' attribute, element locator 'By.name: q'] and Actual [Automation!@#$%^&*()_+{}[]\';/.,]. Comparison Type [EQUALS]. Validation Type [NEGATIVE]. @28-11-2021 01:47:47.0548 AM
[ReportManager] Successfully created attachment [Screenshot - 1638064067430_assertElementAttribute_false_literalComparison_expectedToPass_ValidateElementAttribute_passed] @28-11-2021 01:47:47.0550 A
[ReportManager] Browser Action [CloseCurrentWindow] successfully performed. @28-11-2021 01:47:47.0996 AM
[ReportManager] Successfully created attachment [Browser Action Test Data - CloseCurrentWindow - Actual Value] @28-11-2021 01:47:47.0997 A
[ReportManager] File Action [GetAbsolutePath] successfully performed. With the following test data [Relative Folder Path: "target/downloadedFiles/"]. @28-11-2021 01:47:48.0000 AM
[ReportManager] Attempting to run locally on: [Mac-64], [Safari], Headless Execution. @28-11-2021 01:47:48.0000 AM
[ReportManager] Successfully Opened Safari. @28-11-2021 01:47:48.0796 AM
[ReportManager] Initial window size: (800, 600) @28-11-2021 01:47:48.0819 AM
[ReportManager] Window size after SWD Maximize: (1176, 803) @28-11-2021 01:47:48.0854 AM
[ReportManager] Browser Action [MaximizeWindow] successfully performed. With the following test data [New screen size is now: (1176, 803)]. @28-11-2021 01:47:48.0854 AM
[ReportManager] Target URL: [https://www.google.com/ncr], and after redirection: [www.google.com] @28-11-2021 01:47:48.0854 AM
[ReportManager] Initial URL: [] @28-11-2021 01:47:48.0888 AM
[ReportManager] Browser Action [NavigateToURL] successfully performed. With the following test data [https://www.google.com/ncr]. @28-11-2021 01:47:51.0261 A

################################################################################################################################################
Starting Execution:	[35 out of 146] test cases in the current suite
Test Method:		[unitTests.tests_validations_assertions.assertElementAttribute_false_regexComparison_expectedToFail]
################################################################################################################################################
[ReportManager] Element Action [Type] successfully performed. With the following test data [Automation123]. @28-11-2021 01:47:51.0387 AM
[ReportManager] Element Action [GetText] successfully performed. With the following test data [Automation123]. @28-11-2021 01:47:51.0442 AM
[ReportManager] Loaded Shared OpenCV @28-11-2021 01:47:51.0493 AM
[ReportManager] Assertion [ValidateElementAttribute] FAILED. Expected [Value Should not be 'Automation.*' for the 'text' attribute, element locator 'By.name: q'] and Actual [Automation123]. Comparison Type [MATCHES]. Validation Type [NEGATIVE]. @28-11-2021 01:47:51.0605 AM
[ReportManager] Successfully created attachment [Screenshot - 1638064071493_assertElementAttribute_false_regexComparison_expectedToFail_ValidateElementAttribute_failed] @28-11-2021 01:47:51.0615 A
[ReportManager] Browser Action [CloseCurrentWindow] successfully performed. @28-11-2021 01:47:52.0089 AM
[ReportManager] Successfully created attachment [Browser Action Test Data - CloseCurrentWindow - Actual Value] @28-11-2021 01:47:52.0090 A
[ReportManager] File Action [GetAbsolutePath] successfully performed. With the following test data [Relative Folder Path: "target/downloadedFiles/"]. @28-11-2021 01:47:52.0093 AM
[ReportManager] Attempting to run locally on: [Mac-64], [Safari], Headless Execution. @28-11-2021 01:47:52.0093 AM
[ReportManager] Successfully Opened Safari. @28-11-2021 01:47:52.0888 AM
[ReportManager] Initial window size: (800, 600) @28-11-2021 01:47:52.0920 AM
[ReportManager] Window size after SWD Maximize: (1176, 803) @28-11-2021 01:47:52.0948 AM
[ReportManager] Browser Action [MaximizeWindow] successfully performed. With the following test data [New screen size is now: (1176, 803)]. @28-11-2021 01:47:52.0949 AM
[ReportManager] Target URL: [https://www.google.com/ncr], and after redirection: [www.google.com] @28-11-2021 01:47:52.0949 AM
[ReportManager] Initial URL: [] @28-11-2021 01:47:52.0995 AM
[ReportManager] Browser Action [NavigateToURL] successfully performed. With the following test data [https://www.google.com/ncr]. @28-11-2021 01:47:55.0177 A

################################################################################################################################################
Starting Execution:	[36 out of 146] test cases in the current suite
Test Method:		[unitTests.tests_validations_assertions.assertElementAttribute_false_regexComparison_expectedToPass]
################################################################################################################################################
[ReportManager] Element Action [Type] successfully performed. With the following test data [Automation123]. @28-11-2021 01:47:55.0343 AM
[ReportManager] Element Action [GetText] successfully performed. With the following test data [Automation123]. @28-11-2021 01:47:55.0403 AM
[ReportManager] Loaded Shared OpenCV @28-11-2021 01:47:55.0453 AM
[ReportManager] Assertion [ValidateElementAttribute] PASSED. Expected [Value Should not be 'Automation' for the 'text' attribute, element locator 'By.name: q'] and Actual [Automation123]. Comparison Type [MATCHES]. Validation Type [NEGATIVE]. @28-11-2021 01:47:55.0568 AM
[ReportManager] Successfully created attachment [Screenshot - 1638064075453_assertElementAttribute_false_regexComparison_expectedToPass_ValidateElementAttribute_passed] @28-11-2021 01:47:55.0569 A
[ReportManager] Browser Action [CloseCurrentWindow] successfully performed. @28-11-2021 01:47:55.0954 AM
[ReportManager] Successfully created attachment [Browser Action Test Data - CloseCurrentWindow - Actual Value] @28-11-2021 01:47:55.0954 A
[ReportManager] File Action [GetAbsolutePath] successfully performed. With the following test data [Relative Folder Path: "target/downloadedFiles/"]. @28-11-2021 01:47:55.0958 AM
[ReportManager] Attempting to run locally on: [Mac-64], [Safari], Headless Execution. @28-11-2021 01:47:55.0958 AM
[ReportManager] Successfully Opened Safari. @28-11-2021 01:47:56.0764 AM
[ReportManager] Initial window size: (800, 600) @28-11-2021 01:47:56.0785 AM
[ReportManager] Window size after SWD Maximize: (1176, 803) @28-11-2021 01:47:56.0820 AM
[ReportManager] Browser Action [MaximizeWindow] successfully performed. With the following test data [New screen size is now: (1176, 803)]. @28-11-2021 01:47:56.0820 AM
[ReportManager] Target URL: [https://www.google.com/ncr], and after redirection: [www.google.com] @28-11-2021 01:47:56.0820 AM
[ReportManager] Initial URL: [] @28-11-2021 01:47:56.0893 AM
[ReportManager] Browser Action [NavigateToURL] successfully performed. With the following test data [https://www.google.com/ncr]. @28-11-2021 01:47:59.0097 A

################################################################################################################################################
Starting Execution:	[37 out of 146] test cases in the current suite
Test Method:		[unitTests.tests_validations_assertions.assertElementAttribute_true_caseInsensitiveComparison_expectedToFail]
################################################################################################################################################
[ReportManager] Element Action [Type] successfully performed. With the following test data [AUTOMATION]. @28-11-2021 01:47:59.0316 AM
[ReportManager] Element Action [GetText] successfully performed. With the following test data [AUTOMATION]. @28-11-2021 01:47:59.0374 AM
[ReportManager] Loaded Shared OpenCV @28-11-2021 01:47:59.0422 AM
[ReportManager] Assertion [ValidateElementAttribute] FAILED. Expected [Value Should be 'AutomaTion123' for the 'text' attribute, element locator 'By.name: q'] and Actual [AUTOMATION]. Comparison Type [CASE_INSENSITIVE]. Validation Type [POSITIVE]. @28-11-2021 01:47:59.0562 AM
[ReportManager] Successfully created attachment [Screenshot - 1638064079422_assertElementAttribute_true_caseInsensitiveComparison_expectedToFail_ValidateElementAttribute_failed] @28-11-2021 01:47:59.0564 A
[ReportManager] Browser Action [CloseCurrentWindow] successfully performed. @28-11-2021 01:47:59.0996 AM
[ReportManager] Successfully created attachment [Browser Action Test Data - CloseCurrentWindow - Actual Value] @28-11-2021 01:47:59.0997 A
[ReportManager] File Action [GetAbsolutePath] successfully performed. With the following test data [Relative Folder Path: "target/downloadedFiles/"]. @28-11-2021 01:48:00.0000 AM
[ReportManager] Attempting to run locally on: [Mac-64], [Safari], Headless Execution. @28-11-2021 01:48:00.0001 AM
[ReportManager] Successfully Opened Safari. @28-11-2021 01:48:00.0814 AM
[ReportManager] Initial window size: (800, 600) @28-11-2021 01:48:00.0857 AM
[ReportManager] Window size after SWD Maximize: (1176, 803) @28-11-2021 01:48:00.0885 AM
[ReportManager] Browser Action [MaximizeWindow] successfully performed. With the following test data [New screen size is now: (1176, 803)]. @28-11-2021 01:48:00.0886 AM
[ReportManager] Target URL: [https://www.google.com/ncr], and after redirection: [www.google.com] @28-11-2021 01:48:00.0886 AM
[ReportManager] Initial URL: [] @28-11-2021 01:48:01.0002 AM
[ReportManager] Browser Action [NavigateToURL] successfully performed. With the following test data [https://www.google.com/ncr]. @28-11-2021 01:48:03.0327 A

################################################################################################################################################
Starting Execution:	[38 out of 146] test cases in the current suite
Test Method:		[unitTests.tests_validations_assertions.assertElementAttribute_true_caseInsensitiveComparison_expectedToPass]
################################################################################################################################################
[ReportManager] Element Action [Type] successfully performed. With the following test data [AUTOMATION]. @28-11-2021 01:48:03.0473 AM
[ReportManager] Element Action [GetText] successfully performed. With the following test data [AUTOMATION]. @28-11-2021 01:48:03.0529 AM
[ReportManager] Loaded Shared OpenCV @28-11-2021 01:48:03.0591 AM
[ReportManager] Assertion [ValidateElementAttribute] PASSED. Expected [Value Should be 'AutomaTion' for the 'text' attribute, element locator 'By.name: q'] and Actual [AUTOMATION]. Comparison Type [CASE_INSENSITIVE]. Validation Type [POSITIVE]. @28-11-2021 01:48:03.0733 AM
[ReportManager] Successfully created attachment [Screenshot - 1638064083591_assertElementAttribute_true_caseInsensitiveComparison_expectedToPass_ValidateElementAttribute_passed] @28-11-2021 01:48:03.0734 A
[ReportManager] Browser Action [CloseCurrentWindow] successfully performed. @28-11-2021 01:48:04.0191 AM
[ReportManager] Successfully created attachment [Browser Action Test Data - CloseCurrentWindow - Actual Value] @28-11-2021 01:48:04.0228 A
[ReportManager] File Action [GetAbsolutePath] successfully performed. With the following test data [Relative Folder Path: "target/downloadedFiles/"]. @28-11-2021 01:48:04.0232 AM
[ReportManager] Attempting to run locally on: [Mac-64], [Safari], Headless Execution. @28-11-2021 01:48:04.0232 AM
[ReportManager] Successfully Opened Safari. @28-11-2021 01:48:05.0031 AM
[ReportManager] Initial window size: (800, 600) @28-11-2021 01:48:05.0069 AM
[ReportManager] Window size after SWD Maximize: (1176, 803) @28-11-2021 01:48:05.0083 AM
[ReportManager] Browser Action [MaximizeWindow] successfully performed. With the following test data [New screen size is now: (1176, 803)]. @28-11-2021 01:48:05.0083 AM
[ReportManager] Target URL: [https://www.google.com/ncr], and after redirection: [www.google.com] @28-11-2021 01:48:05.0083 AM
[ReportManager] Initial URL: [] @28-11-2021 01:48:05.0137 AM
[ReportManager] Browser Action [NavigateToURL] successfully performed. With the following test data [https://www.google.com/ncr]. @28-11-2021 01:48:07.0535 A

################################################################################################################################################
Starting Execution:	[39 out of 146] test cases in the current suite
Test Method:		[unitTests.tests_validations_assertions.assertElementAttribute_true_containsComparison_expectedToFail]
################################################################################################################################################
[ReportManager] Element Action [Type] successfully performed. With the following test data [Automation123]. @28-11-2021 01:48:07.0673 AM
[ReportManager] Element Action [GetText] successfully performed. With the following test data [Automation123]. @28-11-2021 01:48:07.0727 AM
[ReportManager] Loaded Shared OpenCV @28-11-2021 01:48:07.0775 AM
[ReportManager] Assertion [ValidateElementAttribute] FAILED. Expected [Value Should be 'Automation1234' for the 'text' attribute, element locator 'By.name: q'] and Actual [Automation123]. Comparison Type [CONTAINS]. Validation Type [POSITIVE]. @28-11-2021 01:48:07.0884 AM
[ReportManager] Successfully created attachment [Screenshot - 1638064087775_assertElementAttribute_true_containsComparison_expectedToFail_ValidateElementAttribute_failed] @28-11-2021 01:48:07.0888 A
[ReportManager] Browser Action [CloseCurrentWindow] successfully performed. @28-11-2021 01:48:08.0185 AM
[ReportManager] Successfully created attachment [Browser Action Test Data - CloseCurrentWindow - Actual Value] @28-11-2021 01:48:08.0186 A
[ReportManager] File Action [GetAbsolutePath] successfully performed. With the following test data [Relative Folder Path: "target/downloadedFiles/"]. @28-11-2021 01:48:08.0189 AM
[ReportManager] Attempting to run locally on: [Mac-64], [Safari], Headless Execution. @28-11-2021 01:48:08.0190 AM
[ReportManager] An Exception Occured with this Message: Could not start a new session. Possible causes are invalid address of the remote server or browser start-up failure.. @28-11-2021 01:48:08.0547 AM
[ReportManager] Successfully created attachment [Exception Stack Trace - org.openqa.selenium.SessionNotCreatedException] @28-11-2021 01:48:08.0548 AM
[ReportManager] Driver Factory Action [createNewLocalDriverInstanceForSafari] failed. With the following test data [Failed to create a session on DESKTOP_SAFARI]. @28-11-2021 01:48:08.0548 A

################################################################################################################################################
Starting Execution:	[40 out of 146] test cases in the current suite
Test Method:		[unitTests.tests_validations_assertions.assertElementAttribute_true_containsComparison_expectedToPass]
###############################################################################################################################################



################################################################################################################################################
Starting Execution:	[41 out of 146] test cases in the current suite
Test Method:		[unitTests.tests_validations_assertions.assertElementAttribute_true_literalComparison_expectedToFail]
###############################################################################################################################################



################################################################################################################################################
Starting Execution:	[42 out of 146] test cases in the current suite
Test Method:		[unitTests.tests_validations_assertions.assertElementAttribute_true_literalComparison_expectedToPass]
###############################################################################################################################################



################################################################################################################################################
Starting Execution:	[43 out of 146] test cases in the current suite
Test Method:		[unitTests.tests_validations_assertions.assertElementAttribute_true_regexComparison_expectedToFail]
###############################################################################################################################################



################################################################################################################################################
Starting Execution:	[44 out of 146] test cases in the current suite
Test Method:		[unitTests.tests_validations_assertions.assertElementAttribute_true_regexComparison_expectedToPass]
###############################################################################################################################################



################################################################################################################################################
Starting Execution:	[45 out of 146] test cases in the current suite
Test Method:		[unitTests.tests_validations_assertions.assertElementAttribute_type_true_literalComparison_expectedToPass]
###############################################################################################################################################



################################################################################################################################################
Starting Execution:	[46 out of 146] test cases in the current suite
Test Method:		[unitTests.tests_validations_assertions.assertElementExists_false_expectedToFail]
###############################################################################################################################################



################################################################################################################################################
Starting Execution:	[47 out of 146] test cases in the current suite
Test Method:		[unitTests.tests_validations_assertions.assertElementExists_false_expectedToPass]
###############################################################################################################################################



################################################################################################################################################
Starting Execution:	[48 out of 146] test cases in the current suite
Test Method:		[unitTests.tests_validations_assertions.assertElementExists_false_multipleElementsFound_expectedToFail]
###############################################################################################################################################



################################################################################################################################################
Starting Execution:	[49 out of 146] test cases in the current suite
Test Method:		[unitTests.tests_validations_assertions.assertElementExists_true_expectedToFail]
###############################################################################################################################################



################################################################################################################################################
Starting Execution:	[50 out of 146] test cases in the current suite
Test Method:		[unitTests.tests_validations_assertions.assertElementExists_true_expectedToPass]
###############################################################################################################################################



################################################################################################################################################
Starting Execution:	[51 out of 146] test cases in the current suite
Test Method:		[unitTests.tests_validations_assertions.assertElementExists_true_multipleElementsFound_expectedToFail]
###############################################################################################################################################


################################################################################################################################################
Starting Execution:	[52 out of 146] test cases in the current suite
Test Method:		[unitTests.tests_validations_assertions.assertEquals_false_expectedToFail]
###############################################################################################################################################

################################################################################################################################################
Starting Execution:	[53 out of 146] test cases in the current suite
Test Method:		[unitTests.tests_validations_assertions.assertEquals_false_expectedToPass]
###############################################################################################################################################

################################################################################################################################################
Starting Execution:	[54 out of 146] test cases in the current suite
Test Method:		[unitTests.tests_validations_assertions.assertEquals_longCharacters]
###############################################################################################################################################

################################################################################################################################################
Starting Execution:	[55 out of 146] test cases in the current suite
Test Method:		[unitTests.tests_validations_assertions.assertEquals_longCharacters_Discreet]
###############################################################################################################################################

################################################################################################################################################
Starting Execution:	[56 out of 146] test cases in the current suite
Test Method:		[unitTests.tests_validations_assertions.assertEquals_true_expectedToFail]
###############################################################################################################################################

################################################################################################################################################
Starting Execution:	[57 out of 146] test cases in the current suite
Test Method:		[unitTests.tests_validations_assertions.assertEquals_true_expectedToPass]
Test Description:	[Assert that assertEquals works as expected when the two values are equal.]
###############################################################################################################################################

################################################################################################################################################
Starting Execution:	[58 out of 146] test cases in the current suite
Test Method:		[unitTests.tests_validations_assertions.assertEquals_true_expectedToPass__]
###############################################################################################################################################

################################################################################################################################################
Starting Execution:	[59 out of 146] test cases in the current suite
Test Method:		[unitTests.tests_validations_assertions.assertFileExists_false_expectedToFail]
###############################################################################################################################################

################################################################################################################################################
Starting Execution:	[60 out of 146] test cases in the current suite
Test Method:		[unitTests.tests_validations_assertions.assertFileExists_false_expectedToPass]
###############################################################################################################################################

################################################################################################################################################
Starting Execution:	[61 out of 146] test cases in the current suite
Test Method:		[unitTests.tests_validations_assertions.assertFileExists_true_expectedToFail]
###############################################################################################################################################

################################################################################################################################################
Starting Execution:	[62 out of 146] test cases in the current suite
Test Method:		[unitTests.tests_validations_assertions.assertFileExists_true_expectedToPass]
###############################################################################################################################################

################################################################################################################################################
Starting Execution:	[63 out of 146] test cases in the current suite
Test Method:		[unitTests.tests_validations_assertions.assertNull_false_expectedToFail]
###############################################################################################################################################

################################################################################################################################################
Starting Execution:	[64 out of 146] test cases in the current suite
Test Method:		[unitTests.tests_validations_assertions.assertNull_false_expectedToPass]
###############################################################################################################################################

################################################################################################################################################
Starting Execution:	[65 out of 146] test cases in the current suite
Test Method:		[unitTests.tests_validations_assertions.assertNull_true_expectedToFail]
###############################################################################################################################################

################################################################################################################################################
Starting Execution:	[66 out of 146] test cases in the current suite
Test Method:		[unitTests.tests_validations_assertions.assertNull_true_expectedToPass]
###############################################################################################################################################

################################################################################################################################################
Starting Execution:	[67 out of 146] test cases in the current suite
Test Method:		[unitTests.tests_restActions.getPostsAndAssertBodyForSpecificTitle]
################################################################################################################################################
[ReportManager] Response status code: [200], status line: [HTTP/1.1 200 OK] @28-11-2021 01:48:11.0427 AM
[ReportManager] Assertion Passed: Evaluating the actual response status code against the expected one... @28-11-2021 01:48:11.0434 AM
[ReportManager] Assertion [ValidateComparativeRelation] PASSED. Expected [200] and Actual [200]. Comparison Type [EQUALS]. Validation Type [POSITIVE]. @28-11-2021 01:48:11.0435 AM
[ReportManager] API Action [PerformRequest] successfully performed. With the following test data [Request Type: "GET" | Target Status Code: "200" | Service URL: "https://jsonplaceholder.typicode.com/posts" | Content Type: "*/*" | Response Time: "726ms"]. @28-11-2021 01:48:12.0513 AM
[ReportManager] Successfully created attachment [API Request - Specifications] @28-11-2021 01:48:12.0514 AM
[ReportManager] Successfully created attachment [API Response - JSON Body] @28-11-2021 01:48:12.0754 AM
[ReportManager] API Action [GetResponseJSONValueAsList] successfully performed. @28-11-2021 01:48:12.0797 AM
[ReportManager] API Action [GetResponseJSONValue] successfully performed. With the following test data [title]. @28-11-2021 01:48:12.0827 AM
[ReportManager] API Action [GetResponseJSONValue] successfully performed. With the following test data [title]. @28-11-2021 01:48:12.0851 AM
[ReportManager] API Action [GetResponseJSONValue] successfully performed. With the following test data [body]. @28-11-2021 01:48:12.0865 AM
[ReportManager] Assertion [ValidateEquals] PASSED. Expected [qui neque nisi nulla] and Actual [est rerum tempore vitae
sequi sint nihil reprehenderit dolor beatae ea dolores neque
fugiat blanditiis voluptate porro vel nihil molestiae ut reiciendis
qui aperiam non debitis possimus qui neque nisi nulla]. Comparison Type [CONTAINS]. Validation Type [POSITIVE]. @28-11-2021 01:48:12.0865 AM
[ReportManager] API Action [GetResponseJSONValue] successfully performed. With the following test data [title]. @28-11-2021 01:48:12.0879 AM
[ReportManager] API Action [GetResponseJSONValue] successfully performed. With the following test data [title]. @28-11-2021 01:48:12.0892 AM
[ReportManager] API Action [GetResponseJSONValue] successfully performed. With the following test data [title]. @28-11-2021 01:48:12.0906 AM
[ReportManager] API Action [GetResponseJSONValue] successfully performed. With the following test data [title]. @28-11-2021 01:48:12.0918 AM
[ReportManager] API Action [GetResponseJSONValue] successfully performed. With the following test data [title]. @28-11-2021 01:48:12.0931 AM
[ReportManager] API Action [GetResponseJSONValue] successfully performed. With the following test data [title]. @28-11-2021 01:48:12.0943 AM
[ReportManager] API Action [GetResponseJSONValue] successfully performed. With the following test data [title]. @28-11-2021 01:48:12.0955 AM
[ReportManager] API Action [GetResponseJSONValue] successfully performed. With the following test data [title]. @28-11-2021 01:48:12.0967 AM
[ReportManager] API Action [GetResponseJSONValue] successfully performed. With the following test data [title]. @28-11-2021 01:48:12.0980 AM
[ReportManager] API Action [GetResponseJSONValue] successfully performed. With the following test data [title]. @28-11-2021 01:48:12.0993 AM
[ReportManager] API Action [GetResponseJSONValue] successfully performed. With the following test data [title]. @28-11-2021 01:48:13.0007 AM
[ReportManager] API Action [GetResponseJSONValue] successfully performed. With the following test data [title]. @28-11-2021 01:48:13.0022 AM
[ReportManager] API Action [GetResponseJSONValue] successfully performed. With the following test data [title]. @28-11-2021 01:48:13.0035 AM
[ReportManager] API Action [GetResponseJSONValue] successfully performed. With the following test data [title]. @28-11-2021 01:48:13.0049 AM
[ReportManager] API Action [GetResponseJSONValue] successfully performed. With the following test data [title]. @28-11-2021 01:48:13.0061 AM
[ReportManager] API Action [GetResponseJSONValue] successfully performed. With the following test data [title]. @28-11-2021 01:48:13.0073 AM
[ReportManager] API Action [GetResponseJSONValue] successfully performed. With the following test data [title]. @28-11-2021 01:48:13.0086 AM
[ReportManager] API Action [GetResponseJSONValue] successfully performed. With the following test data [title]. @28-11-2021 01:48:13.0099 AM
[ReportManager] API Action [GetResponseJSONValue] successfully performed. With the following test data [title]. @28-11-2021 01:48:13.0111 AM
[ReportManager] API Action [GetResponseJSONValue] successfully performed. With the following test data [title]. @28-11-2021 01:48:13.0124 AM
[ReportManager] API Action [GetResponseJSONValue] successfully performed. With the following test data [title]. @28-11-2021 01:48:13.0136 AM
[ReportManager] API Action [GetResponseJSONValue] successfully performed. With the following test data [title]. @28-11-2021 01:48:13.0148 AM
[ReportManager] API Action [GetResponseJSONValue] successfully performed. With the following test data [title]. @28-11-2021 01:48:13.0160 AM
[ReportManager] API Action [GetResponseJSONValue] successfully performed. With the following test data [title]. @28-11-2021 01:48:13.0174 AM
[ReportManager] API Action [GetResponseJSONValue] successfully performed. With the following test data [title]. @28-11-2021 01:48:13.0188 AM
[ReportManager] API Action [GetResponseJSONValue] successfully performed. With the following test data [title]. @28-11-2021 01:48:13.0200 AM
[ReportManager] API Action [GetResponseJSONValue] successfully performed. With the following test data [title]. @28-11-2021 01:48:13.0211 AM
[ReportManager] API Action [GetResponseJSONValue] successfully performed. With the following test data [title]. @28-11-2021 01:48:13.0223 AM
[ReportManager] API Action [GetResponseJSONValue] successfully performed. With the following test data [title]. @28-11-2021 01:48:13.0250 AM
[ReportManager] API Action [GetResponseJSONValue] successfully performed. With the following test data [title]. @28-11-2021 01:48:13.0261 AM
[ReportManager] API Action [GetResponseJSONValue] successfully performed. With the following test data [title]. @28-11-2021 01:48:13.0272 AM
[ReportManager] API Action [GetResponseJSONValue] successfully performed. With the following test data [title]. @28-11-2021 01:48:13.0283 AM
[ReportManager] API Action [GetResponseJSONValue] successfully performed. With the following test data [title]. @28-11-2021 01:48:13.0295 AM
[ReportManager] API Action [GetResponseJSONValue] successfully performed. With the following test data [title]. @28-11-2021 01:48:13.0307 AM
[ReportManager] API Action [GetResponseJSONValue] successfully performed. With the following test data [title]. @28-11-2021 01:48:13.0319 AM
[ReportManager] API Action [GetResponseJSONValue] successfully performed. With the following test data [title]. @28-11-2021 01:48:13.0330 AM
[ReportManager] API Action [GetResponseJSONValue] successfully performed. With the following test data [title]. @28-11-2021 01:48:13.0342 AM
[ReportManager] API Action [GetResponseJSONValue] successfully performed. With the following test data [title]. @28-11-2021 01:48:13.0355 AM
[ReportManager] API Action [GetResponseJSONValue] successfully performed. With the following test data [title]. @28-11-2021 01:48:13.0368 AM
[ReportManager] API Action [GetResponseJSONValue] successfully performed. With the following test data [title]. @28-11-2021 01:48:13.0381 AM
[ReportManager] API Action [GetResponseJSONValue] successfully performed. With the following test data [title]. @28-11-2021 01:48:13.0413 AM
[ReportManager] API Action [GetResponseJSONValue] successfully performed. With the following test data [title]. @28-11-2021 01:48:13.0425 AM
[ReportManager] API Action [GetResponseJSONValue] successfully performed. With the following test data [title]. @28-11-2021 01:48:13.0436 AM
[ReportManager] API Action [GetResponseJSONValue] successfully performed. With the following test data [title]. @28-11-2021 01:48:13.0447 AM
[ReportManager] API Action [GetResponseJSONValue] successfully performed. With the following test data [title]. @28-11-2021 01:48:13.0458 AM
[ReportManager] API Action [GetResponseJSONValue] successfully performed. With the following test data [title]. @28-11-2021 01:48:13.0469 AM
[ReportManager] API Action [GetResponseJSONValue] successfully performed. With the following test data [title]. @28-11-2021 01:48:13.0479 AM
[ReportManager] API Action [GetResponseJSONValue] successfully performed. With the following test data [title]. @28-11-2021 01:48:13.0490 AM
[ReportManager] API Action [GetResponseJSONValue] successfully performed. With the following test data [title]. @28-11-2021 01:48:13.0500 AM
[ReportManager] API Action [GetResponseJSONValue] successfully performed. With the following test data [title]. @28-11-2021 01:48:13.0511 AM
[ReportManager] API Action [GetResponseJSONValue] successfully performed. With the following test data [title]. @28-11-2021 01:48:13.0521 AM
[ReportManager] API Action [GetResponseJSONValue] successfully performed. With the following test data [title]. @28-11-2021 01:48:13.0532 AM
[ReportManager] API Action [GetResponseJSONValue] successfully performed. With the following test data [title]. @28-11-2021 01:48:13.0543 AM
[ReportManager] API Action [GetResponseJSONValue] successfully performed. With the following test data [title]. @28-11-2021 01:48:13.0553 AM
[ReportManager] API Action [GetResponseJSONValue] successfully performed. With the following test data [title]. @28-11-2021 01:48:13.0564 AM
[ReportManager] API Action [GetResponseJSONValue] successfully performed. With the following test data [title]. @28-11-2021 01:48:13.0574 AM
[ReportManager] API Action [GetResponseJSONValue] successfully performed. With the following test data [title]. @28-11-2021 01:48:13.0585 AM
[ReportManager] API Action [GetResponseJSONValue] successfully performed. With the following test data [title]. @28-11-2021 01:48:13.0596 AM
[ReportManager] API Action [GetResponseJSONValue] successfully performed. With the following test data [title]. @28-11-2021 01:48:13.0608 AM
[ReportManager] API Action [GetResponseJSONValue] successfully performed. With the following test data [title]. @28-11-2021 01:48:13.0637 AM
[ReportManager] API Action [GetResponseJSONValue] successfully performed. With the following test data [title]. @28-11-2021 01:48:13.0648 AM
[ReportManager] API Action [GetResponseJSONValue] successfully performed. With the following test data [title]. @28-11-2021 01:48:13.0658 AM
[ReportManager] API Action [GetResponseJSONValue] successfully performed. With the following test data [title]. @28-11-2021 01:48:13.0669 AM
[ReportManager] API Action [GetResponseJSONValue] successfully performed. With the following test data [title]. @28-11-2021 01:48:13.0680 AM
[ReportManager] API Action [GetResponseJSONValue] successfully performed. With the following test data [title]. @28-11-2021 01:48:13.0691 AM
[ReportManager] API Action [GetResponseJSONValue] successfully performed. With the following test data [title]. @28-11-2021 01:48:13.0702 AM
[ReportManager] API Action [GetResponseJSONValue] successfully performed. With the following test data [title]. @28-11-2021 01:48:13.0712 AM
[ReportManager] API Action [GetResponseJSONValue] successfully performed. With the following test data [title]. @28-11-2021 01:48:13.0723 AM
[ReportManager] API Action [GetResponseJSONValue] successfully performed. With the following test data [title]. @28-11-2021 01:48:13.0733 AM
[ReportManager] API Action [GetResponseJSONValue] successfully performed. With the following test data [title]. @28-11-2021 01:48:13.0744 AM
[ReportManager] API Action [GetResponseJSONValue] successfully performed. With the following test data [title]. @28-11-2021 01:48:13.0755 AM
[ReportManager] API Action [GetResponseJSONValue] successfully performed. With the following test data [title]. @28-11-2021 01:48:13.0765 AM
[ReportManager] API Action [GetResponseJSONValue] successfully performed. With the following test data [title]. @28-11-2021 01:48:13.0775 AM
[ReportManager] API Action [GetResponseJSONValue] successfully performed. With the following test data [title]. @28-11-2021 01:48:13.0786 AM
[ReportManager] API Action [GetResponseJSONValue] successfully performed. With the following test data [title]. @28-11-2021 01:48:13.0797 AM
[ReportManager] API Action [GetResponseJSONValue] successfully performed. With the following test data [title]. @28-11-2021 01:48:13.0808 AM
[ReportManager] API Action [GetResponseJSONValue] successfully performed. With the following test data [title]. @28-11-2021 01:48:13.0818 AM
[ReportManager] API Action [GetResponseJSONValue] successfully performed. With the following test data [title]. @28-11-2021 01:48:13.0828 AM
[ReportManager] API Action [GetResponseJSONValue] successfully performed. With the following test data [title]. @28-11-2021 01:48:13.0838 AM
[ReportManager] API Action [GetResponseJSONValue] successfully performed. With the following test data [title]. @28-11-2021 01:48:13.0848 AM
[ReportManager] API Action [GetResponseJSONValue] successfully performed. With the following test data [title]. @28-11-2021 01:48:13.0859 AM
[ReportManager] API Action [GetResponseJSONValue] successfully performed. With the following test data [title]. @28-11-2021 01:48:13.0870 AM
[ReportManager] API Action [GetResponseJSONValue] successfully performed. With the following test data [title]. @28-11-2021 01:48:13.0880 AM
[ReportManager] API Action [GetResponseJSONValue] successfully performed. With the following test data [title]. @28-11-2021 01:48:13.0890 AM
[ReportManager] API Action [GetResponseJSONValue] successfully performed. With the following test data [title]. @28-11-2021 01:48:13.0900 AM
[ReportManager] API Action [GetResponseJSONValue] successfully performed. With the following test data [title]. @28-11-2021 01:48:13.0910 AM
[ReportManager] API Action [GetResponseJSONValue] successfully performed. With the following test data [title]. @28-11-2021 01:48:13.0920 AM
[ReportManager] API Action [GetResponseJSONValue] successfully performed. With the following test data [title]. @28-11-2021 01:48:13.0930 AM
[ReportManager] API Action [GetResponseJSONValue] successfully performed. With the following test data [title]. @28-11-2021 01:48:13.0941 AM
[ReportManager] API Action [GetResponseJSONValue] successfully performed. With the following test data [title]. @28-11-2021 01:48:13.0951 AM
[ReportManager] API Action [GetResponseJSONValue] successfully performed. With the following test data [title]. @28-11-2021 01:48:13.0961 AM
[ReportManager] API Action [GetResponseJSONValue] successfully performed. With the following test data [title]. @28-11-2021 01:48:13.0972 AM
[ReportManager] API Action [GetResponseJSONValue] successfully performed. With the following test data [title]. @28-11-2021 01:48:13.0983 AM
[ReportManager] API Action [GetResponseJSONValue] successfully performed. With the following test data [title]. @28-11-2021 01:48:13.0994 AM
[ReportManager] API Action [GetResponseJSONValue] successfully performed. With the following test data [title]. @28-11-2021 01:48:14.0005 AM
[ReportManager] API Action [GetResponseJSONValue] successfully performed. With the following test data [title]. @28-11-2021 01:48:14.0015 AM
[ReportManager] API Action [GetResponseJSONValue] successfully performed. With the following test data [title]. @28-11-2021 01:48:14.0025 AM
[ReportManager] API Action [GetResponseJSONValue] successfully performed. With the following test data [title]. @28-11-2021 01:48:14.0035 A

################################################################################################################################################
Starting Execution:	[68 out of 146] test cases in the current suite
Test Method:		[unitTests.tests_restActions.validateUserEmail]
################################################################################################################################################
[ReportManager] Response status code: [200], status line: [HTTP/1.1 200 OK] @28-11-2021 01:48:14.0156 AM
[ReportManager] Assertion Passed: Evaluating the actual response status code against the expected one... @28-11-2021 01:48:14.0156 AM
[ReportManager] Assertion [ValidateComparativeRelation] PASSED. Expected [200] and Actual [200]. Comparison Type [EQUALS]. Validation Type [POSITIVE]. @28-11-2021 01:48:14.0156 AM
[ReportManager] API Action [PerformRequest] successfully performed. With the following test data [Request Type: "GET" | Target Status Code: "200" | Service URL: "https://jsonplaceholder.typicode.com/users" | Content Type: "*/*" | Response Time: "111ms"]. @28-11-2021 01:48:14.0178 AM
[ReportManager] Successfully created attachment [API Request - Specifications] @28-11-2021 01:48:14.0179 AM
[ReportManager] Successfully created attachment [API Response - JSON Body] @28-11-2021 01:48:14.0179 AM
[ReportManager] Assertion [ValidateEquals] PASSED. Expected and Actual values are attached. Comparison Type [CONTAINS]. Validation Type [POSITIVE]. @28-11-2021 01:48:14.0180 AM
[ReportManager] Successfully created attachment [Validation Test Data - Expected Value] @28-11-2021 01:48:14.0180 AM
[ReportManager] Successfully created attachment [Validation Test Data - Actual Value] @28-11-2021 01:48:14.0181 AM
[ReportManager] API Action [GetResponseJSONValueAsList] successfully performed. With the following test data [$]. @28-11-2021 01:48:14.0188 AM
[ReportManager] API Action [GetResponseJSONValue] successfully performed. With the following test data [name]. @28-11-2021 01:48:14.0200 AM
[ReportManager] API Action [GetResponseJSONValue] successfully performed. With the following test data [email]. @28-11-2021 01:48:14.0210 AM
[ReportManager] Assertion [ValidateEquals] PASSED. Expected [Sincere@april.biz] and Actual [Sincere@april.biz]. Comparison Type [EQUALS]. Validation Type [POSITIVE]. @28-11-2021 01:48:14.0211 AM
[ReportManager] API Action [GetResponseJSONValue] successfully performed. With the following test data [name]. @28-11-2021 01:48:14.0222 AM
[ReportManager] API Action [GetResponseJSONValue] successfully performed. With the following test data [name]. @28-11-2021 01:48:14.0233 AM
[ReportManager] API Action [GetResponseJSONValue] successfully performed. With the following test data [name]. @28-11-2021 01:48:14.0243 AM
[ReportManager] API Action [GetResponseJSONValue] successfully performed. With the following test data [name]. @28-11-2021 01:48:14.0254 AM
[ReportManager] API Action [GetResponseJSONValue] successfully performed. With the following test data [name]. @28-11-2021 01:48:14.0265 AM
[ReportManager] API Action [GetResponseJSONValue] successfully performed. With the following test data [name]. @28-11-2021 01:48:14.0275 AM
[ReportManager] API Action [GetResponseJSONValue] successfully performed. With the following test data [name]. @28-11-2021 01:48:14.0285 AM
[ReportManager] API Action [GetResponseJSONValue] successfully performed. With the following test data [name]. @28-11-2021 01:48:14.0296 AM
[ReportManager] API Action [GetResponseJSONValue] successfully performed. With the following test data [name]. @28-11-2021 01:48:14.0307 A
[ReportManager] File Action [GetAbsolutePath] successfully performed. With the following test data [Relative Folder Path: "target/downloadedFiles/"]. @28-11-2021 01:48:14.0309 AM
[ReportManager] Attempting to run locally on: [Mac-64], [Safari], Headless Execution. @28-11-2021 01:48:14.0310 AM
[ReportManager] Successfully Opened Safari. @28-11-2021 01:48:15.0115 AM
[ReportManager] Initial window size: (800, 600) @28-11-2021 01:48:15.0152 AM
[ReportManager] Window size after SWD Maximize: (1176, 803) @28-11-2021 01:48:15.0207 AM
[ReportManager] Browser Action [MaximizeWindow] successfully performed. With the following test data [New screen size is now: (1176, 803)]. @28-11-2021 01:48:15.0207 A

################################################################################################################################################
Starting Execution:	[69 out of 146] test cases in the current suite
Test Method:		[testPackage01.Test_uploadFile.uploadFile_invisibleUploadInput]
################################################################################################################################################
[ReportManager] Target URL: [https://fineuploader.com/demos.html#gallery-view] @28-11-2021 01:48:15.0210 AM
[ReportManager] Initial URL: [] @28-11-2021 01:48:15.0297 AM
[ReportManager] Browser Action [NavigateToURL] successfully performed. With the following test data [https://fineuploader.com/demos.html#gallery-view]. @28-11-2021 01:48:17.0154 AM
[ReportManager] File Action [GetAbsolutePath] successfully performed. With the following test data [Relative File Path: "src/main/resources/images/shaft.png"]. @28-11-2021 01:48:17.0155 AM
[ReportManager] Successfully created attachment [File Action Actual Result - Command Log] @28-11-2021 01:48:17.0179 AM
[ReportManager] Element Action [TypeFileLocationForUpload] successfully performed. With the following test data [/Users/runner/work/SHAFT_ENGINE/SHAFT_ENGINE/src/main/resources/images/shaft.png]. @28-11-2021 01:48:17.0256 AM
[ReportManager] Attempting to getAttribute [src] from elementLocator [By.xpath: //div[@id='fine-uploader-gallery']//div[@class='qq-thumbnail-wrapper']/img]. @28-11-2021 01:48:17.0259 AM
[ReportManager] Element Action [GetAttribute] successfully performed. @28-11-2021 01:48:17.0350 AM
[ReportManager] Successfully created attachment [Element Action Test Data - GetAttribute - Actual Value] @28-11-2021 01:48:17.0352 AM
[ReportManager] Loaded Shared OpenCV @28-11-2021 01:48:17.0432 AM
[ReportManager] Assertion Passed: Then I Assert that the element found by [By.xpath: //div[@id='fine-uploader-gallery']//div[@class='qq-thumbnail-wrapper']/img] attribute [src] contains [data:image/png;base64]. @28-11-2021 01:48:17.0579 AM
[ReportManager] Successfully created attachment [Validation Test Data - Expected Value] @28-11-2021 01:48:17.0579 AM
[ReportManager] Successfully created attachment [Validation Test Data - Actual Value] @28-11-2021 01:48:17.0580 AM
[ReportManager] Successfully created attachment [Screenshot - 1638064097432_uploadFile_invisibleUploadInput_ValidateElementAttribute_passed] @28-11-2021 01:48:17.0581 AM
[ReportManager] Assertion [ValidateElementAttribute] PASSED. Expected and Actual values are attached. Comparison Type [CONTAINS]. Validation Type [POSITIVE]. @28-11-2021 01:48:17.0581 A
[ReportManager] Browser Action [CloseCurrentWindow] successfully performed. @28-11-2021 01:48:17.0701 AM
[ReportManager] Successfully created attachment [Browser Action Test Data - CloseCurrentWindow - Actual Value] @28-11-2021 01:48:17.0702 A
[ReportManager] File Action [GetAbsolutePath] successfully performed. With the following test data [Relative Folder Path: "target/downloadedFiles/"]. @28-11-2021 01:48:17.0706 AM
[ReportManager] Attempting to run locally on: [Mac-64], [Safari], Headless Execution. @28-11-2021 01:48:17.0706 AM
[ReportManager] Successfully Opened Safari. @28-11-2021 01:48:18.0620 AM
[ReportManager] Initial window size: (800, 600) @28-11-2021 01:48:18.0652 AM
[ReportManager] Window size after SWD Maximize: (1176, 803) @28-11-2021 01:48:18.0679 AM
[ReportManager] Browser Action [MaximizeWindow] successfully performed. With the following test data [New screen size is now: (1176, 803)]. @28-11-2021 01:48:18.0680 A

################################################################################################################################################
Starting Execution:	[70 out of 146] test cases in the current suite
Test Method:		[testPackage01.Test_uploadFile.uploadFile_visibleUploadInput]
################################################################################################################################################
[ReportManager] Target URL: [http://demo.guru99.com/test/upload/] @28-11-2021 01:48:18.0683 AM
[ReportManager] Initial URL: [] @28-11-2021 01:48:18.0743 AM
[ReportManager] Browser Action [NavigateToURL] successfully performed. With the following test data [http://demo.guru99.com/test/upload/]. @28-11-2021 01:48:20.0712 AM
[ReportManager] File Action [GetAbsolutePath] successfully performed. With the following test data [Relative Folder Path: "src/main/resources/images/shaft.png"]. @28-11-2021 01:48:20.0712 AM
[ReportManager] Element Action [TypeFileLocationForUpload] successfully performed. With the following test data [/Users/runner/work/SHAFT_ENGINE/SHAFT_ENGINE/src/main/resources/images/shaft.png]. @28-11-2021 01:48:20.0787 AM
[ReportManager] Element Action [Click] successfully performed. With the following test data [By.id: terms]. @28-11-2021 01:48:20.0989 AM
[ReportManager] Element Action [Click] successfully performed. With the following test data [By.id: submitbutton]. @28-11-2021 01:48:21.0193 AM
[ReportManager] Element Action [GetText] successfully performed. With the following test data [1 file has been successfully uploaded.]. @28-11-2021 01:48:21.0759 AM
[ReportManager] Loaded Shared OpenCV @28-11-2021 01:48:21.0812 AM
[ReportManager] Assertion Passed: Then I Assert that the element found by [By.id: res] attribute [Text] contains [1 file]. @28-11-2021 01:48:21.0909 AM
[ReportManager] Successfully created attachment [Screenshot - 1638064101812_uploadFile_visibleUploadInput_ValidateElementAttribute_passed] @28-11-2021 01:48:21.0910 AM
[ReportManager] Assertion [ValidateElementAttribute] PASSED. Expected [Value Should be '1 file' for the 'Text' attribute, element locator 'By.id: res'] and Actual [1 file has been successfully uploaded.]. Comparison Type [CONTAINS]. Validation Type [POSITIVE]. @28-11-2021 01:48:21.0910 A
[ReportManager] Browser Action [CloseCurrentWindow] successfully performed. @28-11-2021 01:48:22.0332 AM
[ReportManager] Successfully created attachment [Browser Action Test Data - CloseCurrentWindow - Actual Value] @28-11-2021 01:48:22.0332 A

################################################################################################################################################
Starting Execution:	[71 out of 146] test cases in the current suite
Test Method:		[testPackage01.Test_AssertApiResponseEquals.assertApiResponseEquals_expectedToPass]
################################################################################################################################################
[ReportManager] Response status code: [200], status line: [HTTP/1.1 200 OK] @28-11-2021 01:48:22.0477 AM
[ReportManager] Assertion Passed: Evaluating the actual response status code against the expected one... @28-11-2021 01:48:22.0477 AM
[ReportManager] Assertion [ValidateComparativeRelation] PASSED. Expected [200] and Actual [200]. Comparison Type [EQUALS]. Validation Type [POSITIVE]. @28-11-2021 01:48:22.0478 AM
[ReportManager] API Action [PerformRequest] successfully performed. With the following test data [Request Type: "GET" | Target Status Code: "200" | Service URL: "https://jsonplaceholder.typicode.com/users" | Content Type: "*/*" | Response Time: "131ms"]. @28-11-2021 01:48:22.0513 AM
[ReportManager] Successfully created attachment [API Request - Specifications] @28-11-2021 01:48:22.0516 AM
[ReportManager] Successfully created attachment [API Response - JSON Body] @28-11-2021 01:48:22.0519 AM
[ReportManager] API Action [GetResponseJSONValueAsList] successfully performed. With the following test data [$]. @28-11-2021 01:48:22.0529 AM
[ReportManager] API Action [GetResponseJSONValue] successfully performed. With the following test data [name]. @28-11-2021 01:48:22.0546 AM
[ReportManager] API Action [GetResponseJSONValue] successfully performed. With the following test data [email]. @28-11-2021 01:48:22.0566 AM
[ReportManager] Verification [ValidateEquals] PASSED. Expected [Sincere@april.biz] and Actual [Sincere@april.biz]. Comparison Type [EQUALS]. Validation Type [POSITIVE]. @28-11-2021 01:48:22.0570 AM
[ReportManager] API Action [GetResponseJSONValue] successfully performed. With the following test data [username]. @28-11-2021 01:48:22.0590 AM
[ReportManager] Assertion [ValidateEquals] PASSED. Expected [Bret] and Actual [Bret]. Comparison Type [EQUALS]. Validation Type [POSITIVE]. @28-11-2021 01:48:22.0591 AM
[ReportManager] API Action [GetResponseJSONValue] successfully performed. With the following test data [name]. @28-11-2021 01:48:22.0604 AM
[ReportManager] API Action [GetResponseJSONValue] successfully performed. With the following test data [name]. @28-11-2021 01:48:22.0622 AM
[ReportManager] API Action [GetResponseJSONValue] successfully performed. With the following test data [name]. @28-11-2021 01:48:22.0647 AM
[ReportManager] API Action [GetResponseJSONValue] successfully performed. With the following test data [name]. @28-11-2021 01:48:22.0667 AM
[ReportManager] API Action [GetResponseJSONValue] successfully performed. With the following test data [name]. @28-11-2021 01:48:22.0688 AM
[ReportManager] API Action [GetResponseJSONValue] successfully performed. With the following test data [name]. @28-11-2021 01:48:22.0717 AM
[ReportManager] API Action [GetResponseJSONValue] successfully performed. With the following test data [name]. @28-11-2021 01:48:22.0741 AM
[ReportManager] API Action [GetResponseJSONValue] successfully performed. With the following test data [name]. @28-11-2021 01:48:22.0758 AM
[ReportManager] API Action [GetResponseJSONValue] successfully performed. With the following test data [name]. @28-11-2021 01:48:22.0774 A

################################################################################################################################################
Starting Execution:	[72 out of 146] test cases in the current suite
Test Method:		[testPackage01.Test_testData.f]
################################################################################################################################################
[ReportManager] Successfully loaded the following test data file [src/test/resources/testDataFiles/testSuite01/TestData.xlsx]. @28-11-2021 01:48:22.0842 AM
[ReportManager] Successfully created attachment [Test Data - Excel] @28-11-2021 01:48:22.0843 AM
[ReportManager] Last Column Number is: [3]. Zero-based. @28-11-2021 01:48:22.0844 A

################################################################################################################################################
Starting Execution:	[73 out of 146] test cases in the current suite
Test Method:		[testPackage01.Test_PDF.testPDF1]
################################################################################################################################################
[ReportManager] File Action [DoesFileExist] successfully performed. With the following test data [File Path: "src/test/resources/testDataFiles/sample.pdf"]. @28-11-2021 01:48:22.0851 AM
[ReportManager] File Action [GetAbsolutePath] successfully performed. With the following test data [Relative Folder Path: "src/test/resources/testDataFiles/sample.pdf"]. @28-11-2021 01:48:22.0851 AM
[ReportManager] Assertion Passed: Checking to see that the pdf file contains [A Simple PDF File] @28-11-2021 01:48:27.0057 AM
[ReportManager] Successfully created attachment [Validation Test Data - Expected Value] @28-11-2021 01:48:27.0058 AM
[ReportManager] Successfully created attachment [Validation Test Data - Actual Value] @28-11-2021 01:48:27.0058 AM
[ReportManager] Assertion [ValidateEquals] PASSED. Expected and Actual values are attached. Comparison Type [CONTAINS]. Validation Type [POSITIVE]. @28-11-2021 01:48:27.0059 A

################################################################################################################################################
Starting Execution:	[74 out of 146] test cases in the current suite
Test Method:		[testPackage01.Test_PDF.testPDF2]
################################################################################################################################################
[ReportManager] File Action [DoesFileExist] successfully performed. With the following test data [File Path: "src/test/resources/testDataFiles/sample.pdf"]. @28-11-2021 01:48:27.0064 AM
[ReportManager] File Action [GetAbsolutePath] successfully performed. With the following test data [Relative Folder Path: "src/test/resources/testDataFiles/sample.pdf"]. @28-11-2021 01:48:27.0064 AM
[ReportManager] Assertion Passed: Checking to see that the pdf file contains [A Simple PDF File] @28-11-2021 01:48:27.0078 AM
[ReportManager] Successfully created attachment [Validation Test Data - Expected Value] @28-11-2021 01:48:27.0079 AM
[ReportManager] Successfully created attachment [Validation Test Data - Actual Value] @28-11-2021 01:48:27.0079 AM
[ReportManager] Assertion [ValidateEquals] PASSED. Expected and Actual values are attached. Comparison Type [CONTAINS]. Validation Type [POSITIVE]. @28-11-2021 01:48:27.0079 A
[ReportManager] File Action [GetAbsolutePath] successfully performed. With the following test data [Relative Folder Path: "target/downloadedFiles/"]. @28-11-2021 01:48:27.0082 AM
[ReportManager] Attempting to run locally on: [Mac-64], [Safari], Headless Execution. @28-11-2021 01:48:27.0082 AM
[ReportManager] Successfully Opened Safari. @28-11-2021 01:48:27.0946 AM
[ReportManager] Initial window size: (800, 600) @28-11-2021 01:48:27.0969 AM
[ReportManager] Window size after SWD Maximize: (1176, 803) @28-11-2021 01:48:27.0984 AM
[ReportManager] Browser Action [MaximizeWindow] successfully performed. With the following test data [New screen size is now: (1176, 803)]. @28-11-2021 01:48:27.0984 A

################################################################################################################################################
Starting Execution:	[75 out of 146] test cases in the current suite
Test Method:		[testPackage01.Test_ShadowDOM.shadowdom]
################################################################################################################################################
[ReportManager] Target URL: [https://mdn.github.io/web-components-examples/popup-info-box-web-component/] @28-11-2021 01:48:27.0987 AM
[ReportManager] Initial URL: [] @28-11-2021 01:48:28.0023 AM
[ReportManager] Browser Action [NavigateToURL] successfully performed. With the following test data [https://mdn.github.io/web-components-examples/popup-info-box-web-component/]. @28-11-2021 01:48:28.0448 AM
[ReportManager] Element Action [Type] successfully performed. With the following test data [Typing into SHADOW DOM...]. @28-11-2021 01:48:28.0963 AM
[ReportManager] Element Action [GetText] successfully performed. With the following test data [Typing into SHADOW DOM...]. @28-11-2021 01:48:29.0027 AM
[ReportManager] Loaded Shared OpenCV @28-11-2021 01:48:29.0071 AM
[ReportManager] Assertion [ValidateElementAttribute] PASSED. Expected [Value Should be 'Typing into SHADOW DOM...' for the 'Text' attribute, element locator 'By.id: cvc'] and Actual [Typing into SHADOW DOM...]. Comparison Type [EQUALS]. Validation Type [POSITIVE]. @28-11-2021 01:48:29.0201 AM
[ReportManager] Successfully created attachment [Screenshot - 1638064109071_shadowdom_ValidateElementAttribute_passed] @28-11-2021 01:48:29.0284 A
[ReportManager] Browser Action [CloseCurrentWindow] successfully performed. @28-11-2021 01:48:29.0821 AM
[ReportManager] Successfully created attachment [Browser Action Test Data - CloseCurrentWindow - Actual Value] @28-11-2021 01:48:29.0822 A
[ReportManager] File Action [GetAbsolutePath] successfully performed. With the following test data [Relative Folder Path: "target/downloadedFiles/"]. @28-11-2021 01:48:29.0824 AM
[ReportManager] Attempting to run locally on: [Mac-64], [Safari], Headless Execution. @28-11-2021 01:48:29.0824 AM
[ReportManager] Successfully Opened Safari. @28-11-2021 01:48:30.0616 AM
[ReportManager] Initial window size: (800, 600) @28-11-2021 01:48:30.0653 AM
[ReportManager] Window size after SWD Maximize: (1176, 803) @28-11-2021 01:48:30.0680 AM
[ReportManager] Browser Action [MaximizeWindow] successfully performed. With the following test data [New screen size is now: (1176, 803)]. @28-11-2021 01:48:30.0680 A

################################################################################################################################################
Starting Execution:	[76 out of 146] test cases in the current suite
Test Method:		[testPackage01.Test_clipboardActions.typeTextAndCopyPaste]
################################################################################################################################################
[ReportManager] Target URL: [https://www.google.com/ncr], and after redirection: [https://www.google.com] @28-11-2021 01:48:30.0682 AM
[ReportManager] Initial URL: [] @28-11-2021 01:48:30.0715 AM
[ReportManager] Browser Action [NavigateToURL] successfully performed. With the following test data [https://www.google.com/ncr]. @28-11-2021 01:48:33.0152 AM
[ReportManager] Element Action [Type] successfully performed. With the following test data [FIRST]. @28-11-2021 01:48:33.0267 A
[ReportManager] Browser Action [CloseCurrentWindow] successfully performed. @28-11-2021 01:48:33.0439 AM
[ReportManager] Successfully created attachment [Browser Action Test Data - CloseCurrentWindow - Actual Value] @28-11-2021 01:48:33.0440 A

################################################################################################################################################
Starting Execution:	[77 out of 146] test cases in the current suite
Test Method:		[testPackage01.Test_NewValidationHelper.f1]
################################################################################################################################################
[ReportManager] Assertion Passed: Checking valid user data @28-11-2021 01:48:33.0445 AM
[ReportManager] Successfully created attachment [Validation Test Data - Expected Value] @28-11-2021 01:48:33.0445 AM
[ReportManager] Successfully created attachment [Validation Test Data - Actual Value] @28-11-2021 01:48:33.0446 AM
[ReportManager] Assertion [ValidateEquals] PASSED. Expected and Actual values are attached. Comparison Type [EQUALS]. Validation Type [POSITIVE]. @28-11-2021 01:48:33.0446 A
[ReportManager] File Action [GetAbsolutePath] successfully performed. With the following test data [Relative Folder Path: "target/downloadedFiles/"]. @28-11-2021 01:48:33.0448 AM
[ReportManager] Attempting to run locally on: [Mac-64], [Safari], Headless Execution. @28-11-2021 01:48:33.0448 AM
[ReportManager] Successfully Opened Safari. @28-11-2021 01:48:34.0354 AM
[ReportManager] Initial window size: (800, 600) @28-11-2021 01:48:34.0383 AM
[ReportManager] Window size after SWD Maximize: (1176, 803) @28-11-2021 01:48:34.0429 AM
[ReportManager] Browser Action [MaximizeWindow] successfully performed. With the following test data [New screen size is now: (1176, 803)]. @28-11-2021 01:48:34.0430 AM
[ReportManager] Target URL: [https://the-internet.herokuapp.com/] @28-11-2021 01:48:34.0430 AM
[ReportManager] Initial URL: [] @28-11-2021 01:48:34.0473 AM
[ReportManager] Browser Action [NavigateToURL] successfully performed. With the following test data [https://the-internet.herokuapp.com/]. @28-11-2021 01:48:35.0731 A

################################################################################################################################################
Starting Execution:	[78 out of 146] test cases in the current suite
Test Method:		[testPackage01.Test_NewValidationHelper.f10]
################################################################################################################################################
[ReportManager] Loaded Shared OpenCV @28-11-2021 01:48:35.0822 AM
[ReportManager] Assertion [ValidateElementExists] FAILED. Expected [Element Should Exist, locator 'By.tagName: div'] and Actual [Element Exists but is not unique]. Comparison Type [EQUALS]. Validation Type [POSITIVE]. @28-11-2021 01:48:35.0920 AM
[ReportManager] Successfully created attachment [Screenshot - 1638064115822_f10_ValidateElementExists_failed] @28-11-2021 01:48:35.0921 A
[ReportManager] Successfully Closed All Drivers. @28-11-2021 01:48:36.0186 A
[ReportManager] File Action [GetAbsolutePath] successfully performed. With the following test data [Relative Folder Path: "target/downloadedFiles/"]. @28-11-2021 01:48:36.0188 AM
[ReportManager] Attempting to run locally on: [Mac-64], [Safari], Headless Execution. @28-11-2021 01:48:36.0188 AM
[ReportManager] Successfully Opened Safari. @28-11-2021 01:48:37.0021 AM
[ReportManager] Initial window size: (800, 600) @28-11-2021 01:48:37.0063 AM
[ReportManager] Window size after SWD Maximize: (1176, 803) @28-11-2021 01:48:37.0088 AM
[ReportManager] Browser Action [MaximizeWindow] successfully performed. With the following test data [New screen size is now: (1176, 803)]. @28-11-2021 01:48:37.0088 AM
[ReportManager] Target URL: [https://the-internet.herokuapp.com/] @28-11-2021 01:48:37.0088 AM
[ReportManager] Initial URL: [] @28-11-2021 01:48:37.0140 AM
[ReportManager] Browser Action [NavigateToURL] successfully performed. With the following test data [https://the-internet.herokuapp.com/]. @28-11-2021 01:48:38.0372 A

################################################################################################################################################
Starting Execution:	[79 out of 146] test cases in the current suite
Test Method:		[testPackage01.Test_NewValidationHelper.f11]
################################################################################################################################################
[ReportManager] org.openqa.selenium.TimeoutException:
Expected condition failed: waiting for com.shaft.gui.element.ElementActionsHelper$$Lambda$625/0x000000080113a728@1a9d9a3e (tried for 5 second(s) with 1000 milliseconds interval)
org.openqa.selenium.support.ui.FluentWait.timeoutException(FluentWait.java:263)
org.openqa.selenium.support.ui.FluentWait.until(FluentWait.java:231)
com.shaft.gui.element.ElementActionsHelper.waitForElementPresence(ElementActionsHelper.java:63)
com.shaft.gui.element.ElementActionsHelper.waitForElementPresence(ElementActionsHelper.java:37)
com.shaft.gui.element.WebDriverElementActions.getMatchingElementsCount(WebDriverElementActions.java:1468)
com.shaft.gui.element.WebDriverElementActions.getElementsCount(WebDriverElementActions.java:559)
com.shaft.gui.element.ElementActions.getElementsCount(ElementActions.java:261)
com.shaft.validation.ValidationsHelper.validateElementExists(ValidationsHelper.java:149)
com.shaft.validation.Assertions.assertElementExists(Assertions.java:118)
testPackage01.Test_NewValidationHelper.f11(Test_NewValidationHelper.java:137)
java.base/jdk.internal.reflect.NativeMethodAccessorImpl.invoke0(Native Method)
java.base/jdk.internal.reflect.NativeMethodAccessorImpl.invoke(NativeMethodAccessorImpl.java:77)
java.base/jdk.internal.reflect.DelegatingMethodAccessorImpl.invoke(DelegatingMethodAccessorImpl.java:43)
java.base/java.lang.reflect.Method.invoke(Method.java:568)
org.testng.internal.MethodInvocationHelper.invokeMethod(MethodInvocationHelper.java:133)
org.testng.internal.TestInvoker.invokeMethod(TestInvoker.java:598)
org.testng.internal.TestInvoker.invokeTestMethod(TestInvoker.java:173)
org.testng.internal.MethodRunner.runInSequence(MethodRunner.java:46)
org.testng.internal.TestInvoker$MethodInvocationAgent.invoke(TestInvoker.java:824)
org.testng.internal.TestInvoker.invokeTestMethods(TestInvoker.java:146)
org.testng.internal.TestMethodWorker.invokeTestMethods(TestMethodWorker.java:146)
org.testng.internal.TestMethodWorker.run(TestMethodWorker.java:128)
java.base/java.util.ArrayList.forEach(ArrayList.java:1511)
org.testng.TestRunner.privateRun(TestRunner.java:794)
org.testng.TestRunner.run(TestRunner.java:596)
org.testng.SuiteRunner.runTest(SuiteRunner.java:377)
org.testng.SuiteRunner.runSequentially(SuiteRunner.java:371)
org.testng.SuiteRunner.privateRun(SuiteRunner.java:332)
org.testng.SuiteRunner.run(SuiteRunner.java:276)
org.testng.SuiteRunnerWorker.runSuite(SuiteRunnerWorker.java:53)
org.testng.SuiteRunnerWorker.run(SuiteRunnerWorker.java:96)
org.testng.TestNG.runSuitesSequentially(TestNG.java:1212)
org.testng.TestNG.runSuitesLocally(TestNG.java:1134)
org.testng.TestNG.runSuites(TestNG.java:1063)
org.testng.TestNG.run(TestNG.java:1031)
org.apache.maven.surefire.testng.TestNGExecutor.run(TestNGExecutor.java:136)
org.apache.maven.surefire.testng.TestNGDirectoryTestSuite.executeMulti(TestNGDirectoryTestSuite.java:193)
org.apache.maven.surefire.testng.TestNGDirectoryTestSuite.execute(TestNGDirectoryTestSuite.java:94)
org.apache.maven.surefire.testng.TestNGProvider.invoke(TestNGProvider.java:145)
org.apache.maven.surefire.booter.ForkedBooter.runSuitesInProcess(ForkedBooter.java:428)
org.apache.maven.surefire.booter.ForkedBooter.execute(ForkedBooter.java:162)
org.apache.maven.surefire.booter.ForkedBooter.run(ForkedBooter.java:562)
org.apache.maven.surefire.booter.ForkedBooter.main(ForkedBooter.java:548)

Caused by: org.openqa.selenium.NoSuchElementException:
For documentation on this error, please visit: https://selenium.dev/exceptions/#no_such_element
Build info: version: '4.1.0', revision: '87802e897b'
System info: host: 'Mac-1638062350226.local', ip: '10.212.9.89', os.name: 'Mac OS X', os.arch: 'x86_64', os.version: '11.5', java.version: '17.0.1'
Driver info: org.openqa.selenium.safari.SafariDriver
Command: [91D3ADA4-29AF-4B89-A06A-936D315EC280, findElement {using=tag name, value=h3}]
Capabilities {acceptInsecureCerts: false, browserName: Safari, browserVersion: 15.1, goog:loggingPrefs: {browser: ALL, client: ALL, driver: ALL, performance: ALL, profiler: ALL, server: ALL}, javascriptEnabled: true, pageLoadStrategy: normal, platform: MAC, platformName: MAC, safari:automaticInspection: false, safari:automaticProfiling: false, safari:diagnose: false, safari:platformBuildVersion: 20G224, safari:platformVersion: 11.6.1, safari:useSimulator: false, setWindowRect: true, strictFileInteractability: false, timeouts: {pageLoad: 30000, script: 30000}, webkit:WebRTC: {DisableICECandidateFiltering: false, DisableInsecureMediaCapture: false}}
Session ID: 91D3ADA4-29AF-4B89-A06A-936D315EC280
jdk.internal.reflect.GeneratedConstructorAccessor70.newInstance(Unknown Source)
java.base/jdk.internal.reflect.DelegatingConstructorAccessorImpl.newInstance(DelegatingConstructorAccessorImpl.java:45)
java.base/java.lang.reflect.Constructor.newInstanceWithCaller(Constructor.java:499)
java.base/java.lang.reflect.Constructor.newInstance(Constructor.java:480)
org.openqa.selenium.remote.codec.w3c.W3CHttpResponseCodec.createException(W3CHttpResponseCodec.java:200)
org.openqa.selenium.remote.codec.w3c.W3CHttpResponseCodec.decode(W3CHttpResponseCodec.java:133)
org.openqa.selenium.remote.codec.w3c.W3CHttpResponseCodec.decode(W3CHttpResponseCodec.java:53)
org.openqa.selenium.remote.HttpCommandExecutor.execute(HttpCommandExecutor.java:184)
org.openqa.selenium.remote.service.DriverCommandExecutor.invokeExecute(DriverCommandExecutor.java:164)
org.openqa.selenium.remote.service.DriverCommandExecutor.execute(DriverCommandExecutor.java:139)
org.openqa.selenium.remote.RemoteWebDriver.execute(RemoteWebDriver.java:559)
org.openqa.selenium.remote.ElementLocation$ElementFinder$2.findElement(ElementLocation.java:162)
org.openqa.selenium.remote.ElementLocation.findElement(ElementLocation.java:60)
org.openqa.selenium.remote.RemoteWebDriver.findElement(RemoteWebDriver.java:383)
org.openqa.selenium.remote.RemoteWebDriver.findElement(RemoteWebDriver.java:375)
com.shaft.gui.element.ElementActionsHelper.lambda$waitForElementPresence$0(ElementActionsHelper.java:71)
org.openqa.selenium.support.ui.FluentWait.until(FluentWait.java:208)
com.shaft.gui.element.ElementActionsHelper.waitForElementPresence(ElementActionsHelper.java:63)
com.shaft.gui.element.ElementActionsHelper.waitForElementPresence(ElementActionsHelper.java:37)
com.shaft.gui.element.WebDriverElementActions.getMatchingElementsCount(WebDriverElementActions.java:1468)
com.shaft.gui.element.WebDriverElementActions.getElementsCount(WebDriverElementActions.java:559)
com.shaft.gui.element.ElementActions.getElementsCount(ElementActions.java:261)
com.shaft.validation.ValidationsHelper.validateElementExists(ValidationsHelper.java:149)
com.shaft.validation.Assertions.assertElementExists(Assertions.java:118)
testPackage01.Test_NewValidationHelper.f11(Test_NewValidationHelper.java:137)
java.base/jdk.internal.reflect.NativeMethodAccessorImpl.invoke0(Native Method)
java.base/jdk.internal.reflect.NativeMethodAccessorImpl.invoke(NativeMethodAccessorImpl.java:77)
java.base/jdk.internal.reflect.DelegatingMethodAccessorImpl.invoke(DelegatingMethodAccessorImpl.java:43)
java.base/java.lang.reflect.Method.invoke(Method.java:568)
org.testng.internal.MethodInvocationHelper.invokeMethod(MethodInvocationHelper.java:133)
org.testng.internal.TestInvoker.invokeMethod(TestInvoker.java:598)
org.testng.internal.TestInvoker.invokeTestMethod(TestInvoker.java:173)
org.testng.internal.MethodRunner.runInSequence(MethodRunner.java:46)
org.testng.internal.TestInvoker$MethodInvocationAgent.invoke(TestInvoker.java:824)
org.testng.internal.TestInvoker.invokeTestMethods(TestInvoker.java:146)
org.testng.internal.TestMethodWorker.invokeTestMethods(TestMethodWorker.java:146)
org.testng.internal.TestMethodWorker.run(TestMethodWorker.java:128)
java.base/java.util.ArrayList.forEach(ArrayList.java:1511)
org.testng.TestRunner.privateRun(TestRunner.java:794)
org.testng.TestRunner.run(TestRunner.java:596)
org.testng.SuiteRunner.runTest(SuiteRunner.java:377)
org.testng.SuiteRunner.runSequentially(SuiteRunner.java:371)
org.testng.SuiteRunner.privateRun(SuiteRunner.java:332)
org.testng.SuiteRunner.run(SuiteRunner.java:276)
org.testng.SuiteRunnerWorker.runSuite(SuiteRunnerWorker.java:53)
org.testng.SuiteRunnerWorker.run(SuiteRunnerWorker.java:96)
org.testng.TestNG.runSuitesSequentially(TestNG.java:1212)
org.testng.TestNG.runSuitesLocally(TestNG.java:1134)
org.testng.TestNG.runSuites(TestNG.java:1063)
org.testng.TestNG.run(TestNG.java:1031)
org.apache.maven.surefire.testng.TestNGExecutor.run(TestNGExecutor.java:136)
org.apache.maven.surefire.testng.TestNGDirectoryTestSuite.executeMulti(TestNGDirectoryTestSuite.java:193)
org.apache.maven.surefire.testng.TestNGDirectoryTestSuite.execute(TestNGDirectoryTestSuite.java:94)
org.apache.maven.surefire.testng.TestNGProvider.invoke(TestNGProvider.java:145)
org.apache.maven.surefire.booter.ForkedBooter.runSuitesInProcess(ForkedBooter.java:428)
org.apache.maven.surefire.booter.ForkedBooter.execute(ForkedBooter.java:162)
org.apache.maven.surefire.booter.ForkedBooter.run(ForkedBooter.java:562)
org.apache.maven.surefire.booter.ForkedBooter.main(ForkedBooter.java:548) @28-11-2021 01:48:43.0814 AM
[ReportManager] org.openqa.selenium.TimeoutException:
Expected condition failed: waiting for com.shaft.gui.element.ElementActionsHelper$$Lambda$625/0x000000080113a728@3450d67f (tried for 5 second(s) with 1000 milliseconds interval)
org.openqa.selenium.support.ui.FluentWait.timeoutException(FluentWait.java:263)
org.openqa.selenium.support.ui.FluentWait.until(FluentWait.java:231)
com.shaft.gui.element.ElementActionsHelper.waitForElementPresence(ElementActionsHelper.java:63)
com.shaft.gui.element.ElementActionsHelper.waitForElementPresence(ElementActionsHelper.java:37)
com.shaft.gui.element.WebDriverElementActions.getMatchingElementsCount(WebDriverElementActions.java:1468)
com.shaft.gui.element.WebDriverElementActions.getElementsCount(WebDriverElementActions.java:559)
com.shaft.gui.element.ElementActions.getElementsCount(ElementActions.java:261)
com.shaft.gui.image.ScreenshotManager.internalCaptureScreenShot(ScreenshotManager.java:394)
com.shaft.gui.image.ScreenshotManager.captureScreenShot(ScreenshotManager.java:141)
com.shaft.validation.ValidationsHelper.reportValidationState(ValidationsHelper.java:823)
com.shaft.validation.ValidationsHelper.pass(ValidationsHelper.java:564)
com.shaft.validation.ValidationsHelper.validateElementExists(ValidationsHelper.java:166)
com.shaft.validation.Assertions.assertElementExists(Assertions.java:118)
testPackage01.Test_NewValidationHelper.f11(Test_NewValidationHelper.java:137)
java.base/jdk.internal.reflect.NativeMethodAccessorImpl.invoke0(Native Method)
java.base/jdk.internal.reflect.NativeMethodAccessorImpl.invoke(NativeMethodAccessorImpl.java:77)
java.base/jdk.internal.reflect.DelegatingMethodAccessorImpl.invoke(DelegatingMethodAccessorImpl.java:43)
java.base/java.lang.reflect.Method.invoke(Method.java:568)
org.testng.internal.MethodInvocationHelper.invokeMethod(MethodInvocationHelper.java:133)
org.testng.internal.TestInvoker.invokeMethod(TestInvoker.java:598)
org.testng.internal.TestInvoker.invokeTestMethod(TestInvoker.java:173)
org.testng.internal.MethodRunner.runInSequence(MethodRunner.java:46)
org.testng.internal.TestInvoker$MethodInvocationAgent.invoke(TestInvoker.java:824)
org.testng.internal.TestInvoker.invokeTestMethods(TestInvoker.java:146)
org.testng.internal.TestMethodWorker.invokeTestMethods(TestMethodWorker.java:146)
org.testng.internal.TestMethodWorker.run(TestMethodWorker.java:128)
java.base/java.util.ArrayList.forEach(ArrayList.java:1511)
org.testng.TestRunner.privateRun(TestRunner.java:794)
org.testng.TestRunner.run(TestRunner.java:596)
org.testng.SuiteRunner.runTest(SuiteRunner.java:377)
org.testng.SuiteRunner.runSequentially(SuiteRunner.java:371)
org.testng.SuiteRunner.privateRun(SuiteRunner.java:332)
org.testng.SuiteRunner.run(SuiteRunner.java:276)
org.testng.SuiteRunnerWorker.runSuite(SuiteRunnerWorker.java:53)
org.testng.SuiteRunnerWorker.run(SuiteRunnerWorker.java:96)
org.testng.TestNG.runSuitesSequentially(TestNG.java:1212)
org.testng.TestNG.runSuitesLocally(TestNG.java:1134)
org.testng.TestNG.runSuites(TestNG.java:1063)
org.testng.TestNG.run(TestNG.java:1031)
org.apache.maven.surefire.testng.TestNGExecutor.run(TestNGExecutor.java:136)
org.apache.maven.surefire.testng.TestNGDirectoryTestSuite.executeMulti(TestNGDirectoryTestSuite.java:193)
org.apache.maven.surefire.testng.TestNGDirectoryTestSuite.execute(TestNGDirectoryTestSuite.java:94)
org.apache.maven.surefire.testng.TestNGProvider.invoke(TestNGProvider.java:145)
org.apache.maven.surefire.booter.ForkedBooter.runSuitesInProcess(ForkedBooter.java:428)
org.apache.maven.surefire.booter.ForkedBooter.execute(ForkedBooter.java:162)
org.apache.maven.surefire.booter.ForkedBooter.run(ForkedBooter.java:562)
org.apache.maven.surefire.booter.ForkedBooter.main(ForkedBooter.java:548)

Caused by: org.openqa.selenium.NoSuchElementException:
For documentation on this error, please visit: https://selenium.dev/exceptions/#no_such_element
Build info: version: '4.1.0', revision: '87802e897b'
System info: host: 'Mac-1638062350226.local', ip: '10.212.9.89', os.name: 'Mac OS X', os.arch: 'x86_64', os.version: '11.5', java.version: '17.0.1'
Driver info: org.openqa.selenium.safari.SafariDriver
Command: [91D3ADA4-29AF-4B89-A06A-936D315EC280, findElement {using=tag name, value=h3}]
Capabilities {acceptInsecureCerts: false, browserName: Safari, browserVersion: 15.1, goog:loggingPrefs: {browser: ALL, client: ALL, driver: ALL, performance: ALL, profiler: ALL, server: ALL}, javascriptEnabled: true, pageLoadStrategy: normal, platform: MAC, platformName: MAC, safari:automaticInspection: false, safari:automaticProfiling: false, safari:diagnose: false, safari:platformBuildVersion: 20G224, safari:platformVersion: 11.6.1, safari:useSimulator: false, setWindowRect: true, strictFileInteractability: false, timeouts: {pageLoad: 30000, script: 30000}, webkit:WebRTC: {DisableICECandidateFiltering: false, DisableInsecureMediaCapture: false}}
Session ID: 91D3ADA4-29AF-4B89-A06A-936D315EC280
jdk.internal.reflect.GeneratedConstructorAccessor70.newInstance(Unknown Source)
java.base/jdk.internal.reflect.DelegatingConstructorAccessorImpl.newInstance(DelegatingConstructorAccessorImpl.java:45)
java.base/java.lang.reflect.Constructor.newInstanceWithCaller(Constructor.java:499)
java.base/java.lang.reflect.Constructor.newInstance(Constructor.java:480)
org.openqa.selenium.remote.codec.w3c.W3CHttpResponseCodec.createException(W3CHttpResponseCodec.java:200)
org.openqa.selenium.remote.codec.w3c.W3CHttpResponseCodec.decode(W3CHttpResponseCodec.java:133)
org.openqa.selenium.remote.codec.w3c.W3CHttpResponseCodec.decode(W3CHttpResponseCodec.java:53)
org.openqa.selenium.remote.HttpCommandExecutor.execute(HttpCommandExecutor.java:184)
org.openqa.selenium.remote.service.DriverCommandExecutor.invokeExecute(DriverCommandExecutor.java:164)
org.openqa.selenium.remote.service.DriverCommandExecutor.execute(DriverCommandExecutor.java:139)
org.openqa.selenium.remote.RemoteWebDriver.execute(RemoteWebDriver.java:559)
org.openqa.selenium.remote.ElementLocation$ElementFinder$2.findElement(ElementLocation.java:162)
org.openqa.selenium.remote.ElementLocation.findElement(ElementLocation.java:60)
org.openqa.selenium.remote.RemoteWebDriver.findElement(RemoteWebDriver.java:383)
org.openqa.selenium.remote.RemoteWebDriver.findElement(RemoteWebDriver.java:375)
com.shaft.gui.element.ElementActionsHelper.lambda$waitForElementPresence$0(ElementActionsHelper.java:71)
org.openqa.selenium.support.ui.FluentWait.until(FluentWait.java:208)
com.shaft.gui.element.ElementActionsHelper.waitForElementPresence(ElementActionsHelper.java:63)
com.shaft.gui.element.ElementActionsHelper.waitForElementPresence(ElementActionsHelper.java:37)
com.shaft.gui.element.WebDriverElementActions.getMatchingElementsCount(WebDriverElementActions.java:1468)
com.shaft.gui.element.WebDriverElementActions.getElementsCount(WebDriverElementActions.java:559)
com.shaft.gui.element.ElementActions.getElementsCount(ElementActions.java:261)
com.shaft.gui.image.ScreenshotManager.internalCaptureScreenShot(ScreenshotManager.java:394)
com.shaft.gui.image.ScreenshotManager.captureScreenShot(ScreenshotManager.java:141)
com.shaft.validation.ValidationsHelper.reportValidationState(ValidationsHelper.java:823)
com.shaft.validation.ValidationsHelper.pass(ValidationsHelper.java:564)
com.shaft.validation.ValidationsHelper.validateElementExists(ValidationsHelper.java:166)
com.shaft.validation.Assertions.assertElementExists(Assertions.java:118)
testPackage01.Test_NewValidationHelper.f11(Test_NewValidationHelper.java:137)
java.base/jdk.internal.reflect.NativeMethodAccessorImpl.invoke0(Native Method)
java.base/jdk.internal.reflect.NativeMethodAccessorImpl.invoke(NativeMethodAccessorImpl.java:77)
java.base/jdk.internal.reflect.DelegatingMethodAccessorImpl.invoke(DelegatingMethodAccessorImpl.java:43)
java.base/java.lang.reflect.Method.invoke(Method.java:568)
org.testng.internal.MethodInvocationHelper.invokeMethod(MethodInvocationHelper.java:133)
org.testng.internal.TestInvoker.invokeMethod(TestInvoker.java:598)
org.testng.internal.TestInvoker.invokeTestMethod(TestInvoker.java:173)
org.testng.internal.MethodRunner.runInSequence(MethodRunner.java:46)
org.testng.internal.TestInvoker$MethodInvocationAgent.invoke(TestInvoker.java:824)
org.testng.internal.TestInvoker.invokeTestMethods(TestInvoker.java:146)
org.testng.internal.TestMethodWorker.invokeTestMethods(TestMethodWorker.java:146)
org.testng.internal.TestMethodWorker.run(TestMethodWorker.java:128)
java.base/java.util.ArrayList.forEach(ArrayList.java:1511)
org.testng.TestRunner.privateRun(TestRunner.java:794)
org.testng.TestRunner.run(TestRunner.java:596)
org.testng.SuiteRunner.runTest(SuiteRunner.java:377)
org.testng.SuiteRunner.runSequentially(SuiteRunner.java:371)
org.testng.SuiteRunner.privateRun(SuiteRunner.java:332)
org.testng.SuiteRunner.run(SuiteRunner.java:276)
org.testng.SuiteRunnerWorker.runSuite(SuiteRunnerWorker.java:53)
org.testng.SuiteRunnerWorker.run(SuiteRunnerWorker.java:96)
org.testng.TestNG.runSuitesSequentially(TestNG.java:1212)
org.testng.TestNG.runSuitesLocally(TestNG.java:1134)
org.testng.TestNG.runSuites(TestNG.java:1063)
org.testng.TestNG.run(TestNG.java:1031)
org.apache.maven.surefire.testng.TestNGExecutor.run(TestNGExecutor.java:136)
org.apache.maven.surefire.testng.TestNGDirectoryTestSuite.executeMulti(TestNGDirectoryTestSuite.java:193)
org.apache.maven.surefire.testng.TestNGDirectoryTestSuite.execute(TestNGDirectoryTestSuite.java:94)
org.apache.maven.surefire.testng.TestNGProvider.invoke(TestNGProvider.java:145)
org.apache.maven.surefire.booter.ForkedBooter.runSuitesInProcess(ForkedBooter.java:428)
org.apache.maven.surefire.booter.ForkedBooter.execute(ForkedBooter.java:162)
org.apache.maven.surefire.booter.ForkedBooter.run(ForkedBooter.java:562)
org.apache.maven.surefire.booter.ForkedBooter.main(ForkedBooter.java:548) @28-11-2021 01:48:49.0250 AM
[ReportManager] Assertion Passed: Checking that false tag doesn't exist @28-11-2021 01:48:49.0355 AM
[ReportManager] Successfully created attachment [Screenshot - 1638064129274_f11_ValidateElementExists_passed] @28-11-2021 01:48:49.0355 AM
[ReportManager] Assertion [ValidateElementExists] PASSED. Expected [Element Should not Exist, locator 'By.tagName: h3'] and Actual [Element Doesn't Exists]. Comparison Type [EQUALS]. Validation Type [NEGATIVE]. @28-11-2021 01:48:49.0355 A
[ReportManager] Successfully Closed All Drivers. @28-11-2021 01:48:49.0473 A
[ReportManager] File Action [GetAbsolutePath] successfully performed. With the following test data [Relative Folder Path: "target/downloadedFiles/"]. @28-11-2021 01:48:49.0476 AM
[ReportManager] Attempting to run locally on: [Mac-64], [Safari], Headless Execution. @28-11-2021 01:48:49.0476 AM
[ReportManager] Successfully Opened Safari. @28-11-2021 01:48:50.0398 AM
[ReportManager] Initial window size: (800, 600) @28-11-2021 01:48:50.0417 AM
[ReportManager] Window size after SWD Maximize: (1176, 803) @28-11-2021 01:48:50.0457 AM
[ReportManager] Browser Action [MaximizeWindow] successfully performed. With the following test data [New screen size is now: (1176, 803)]. @28-11-2021 01:48:50.0457 AM
[ReportManager] Target URL: [https://the-internet.herokuapp.com/] @28-11-2021 01:48:50.0458 AM
[ReportManager] Initial URL: [] @28-11-2021 01:48:50.0494 AM
[ReportManager] Browser Action [NavigateToURL] successfully performed. With the following test data [https://the-internet.herokuapp.com/]. @28-11-2021 01:48:51.0602 A

################################################################################################################################################
Starting Execution:	[80 out of 146] test cases in the current suite
Test Method:		[testPackage01.Test_NewValidationHelper.f12]
################################################################################################################################################
[ReportManager] Loaded Shared OpenCV @28-11-2021 01:48:51.0712 AM
[ReportManager] Assertion [ValidateElementExists] FAILED. Expected [Element Should not Exist, locator 'By.tagName: h1'] and Actual [Element Exists]. Comparison Type [EQUALS]. Validation Type [NEGATIVE]. @28-11-2021 01:48:51.0815 AM
[ReportManager] Successfully created attachment [Screenshot - 1638064131712_f12_ValidateElementExists_failed] @28-11-2021 01:48:51.0817 A
[ReportManager] Successfully Closed All Drivers. @28-11-2021 01:48:52.0060 A
[ReportManager] File Action [GetAbsolutePath] successfully performed. With the following test data [Relative Folder Path: "target/downloadedFiles/"]. @28-11-2021 01:48:52.0104 AM
[ReportManager] Attempting to run locally on: [Mac-64], [Safari], Headless Execution. @28-11-2021 01:48:52.0104 AM
[ReportManager] Successfully Opened Safari. @28-11-2021 01:48:52.0916 AM
[ReportManager] Initial window size: (800, 600) @28-11-2021 01:48:52.0954 AM
[ReportManager] Window size after SWD Maximize: (1176, 803) @28-11-2021 01:48:52.0979 AM
[ReportManager] Browser Action [MaximizeWindow] successfully performed. With the following test data [New screen size is now: (1176, 803)]. @28-11-2021 01:48:52.0979 AM
[ReportManager] Target URL: [https://the-internet.herokuapp.com/] @28-11-2021 01:48:52.0979 AM
[ReportManager] Initial URL: [] @28-11-2021 01:48:53.0032 AM
[ReportManager] Browser Action [NavigateToURL] successfully performed. With the following test data [https://the-internet.herokuapp.com/]. @28-11-2021 01:48:54.0213 A

################################################################################################################################################
Starting Execution:	[81 out of 146] test cases in the current suite
Test Method:		[testPackage01.Test_NewValidationHelper.f13]
################################################################################################################################################
[ReportManager] Loaded Shared OpenCV @28-11-2021 01:48:54.0344 AM
[ReportManager] Assertion [ValidateElementExists] FAILED. Expected [Element Should not Exist, locator 'By.tagName: div'] and Actual [Element Exists but is not unique]. Comparison Type [EQUALS]. Validation Type [NEGATIVE]. @28-11-2021 01:48:54.0438 AM
[ReportManager] Successfully created attachment [Screenshot - 1638064134344_f13_ValidateElementExists_failed] @28-11-2021 01:48:54.0440 A
[ReportManager] Successfully Closed All Drivers. @28-11-2021 01:48:54.0632 A
[ReportManager] File Action [GetAbsolutePath] successfully performed. With the following test data [Relative Folder Path: "target/downloadedFiles/"]. @28-11-2021 01:48:54.0634 AM
[ReportManager] Attempting to run locally on: [Mac-64], [Safari], Headless Execution. @28-11-2021 01:48:54.0634 AM
[ReportManager] Successfully Opened Safari. @28-11-2021 01:48:55.0487 AM
[ReportManager] Initial window size: (800, 600) @28-11-2021 01:48:55.0518 AM
[ReportManager] Window size after SWD Maximize: (1176, 803) @28-11-2021 01:48:55.0552 AM
[ReportManager] Browser Action [MaximizeWindow] successfully performed. With the following test data [New screen size is now: (1176, 803)]. @28-11-2021 01:48:55.0552 AM
[ReportManager] Target URL: [https://the-internet.herokuapp.com/] @28-11-2021 01:48:55.0552 AM
[ReportManager] Initial URL: [] @28-11-2021 01:48:55.0584 AM
[ReportManager] Browser Action [NavigateToURL] successfully performed. With the following test data [https://the-internet.herokuapp.com/]. @28-11-2021 01:48:56.0647 A

################################################################################################################################################
Starting Execution:	[82 out of 146] test cases in the current suite
Test Method:		[testPackage01.Test_NewValidationHelper.f14]
################################################################################################################################################
[ReportManager] Element Action [GetText] successfully performed. With the following test data [Welcome to the-internet]. @28-11-2021 01:48:56.0689 AM
[ReportManager] Loaded Shared OpenCV @28-11-2021 01:48:56.0772 AM
[ReportManager] Assertion Passed: Asserting that the header text is correct @28-11-2021 01:48:56.0864 AM
[ReportManager] Successfully created attachment [Screenshot - 1638064136772_f14_ValidateElementAttribute_passed] @28-11-2021 01:48:56.0865 AM
[ReportManager] Assertion [ValidateElementAttribute] PASSED. Expected [Value Should be 'Welcome to the-internet' for the 'text' attribute, element locator 'By.tagName: h1'] and Actual [Welcome to the-internet]. Comparison Type [EQUALS]. Validation Type [POSITIVE]. @28-11-2021 01:48:56.0865 A
[ReportManager] Successfully Closed All Drivers. @28-11-2021 01:48:57.0111 A
[ReportManager] File Action [GetAbsolutePath] successfully performed. With the following test data [Relative Folder Path: "target/downloadedFiles/"]. @28-11-2021 01:48:57.0113 AM
[ReportManager] Attempting to run locally on: [Mac-64], [Safari], Headless Execution. @28-11-2021 01:48:57.0113 AM
[ReportManager] Successfully Opened Safari. @28-11-2021 01:48:57.0906 AM
[ReportManager] Initial window size: (800, 600) @28-11-2021 01:48:57.0936 AM
[ReportManager] Window size after SWD Maximize: (1176, 803) @28-11-2021 01:48:57.0950 AM
[ReportManager] Browser Action [MaximizeWindow] successfully performed. With the following test data [New screen size is now: (1176, 803)]. @28-11-2021 01:48:57.0950 AM
[ReportManager] Target URL: [https://the-internet.herokuapp.com/] @28-11-2021 01:48:57.0950 AM
[ReportManager] Initial URL: [] @28-11-2021 01:48:58.0000 AM
[ReportManager] Browser Action [NavigateToURL] successfully performed. With the following test data [https://the-internet.herokuapp.com/]. @28-11-2021 01:48:59.0121 A

################################################################################################################################################
Starting Execution:	[83 out of 146] test cases in the current suite
Test Method:		[testPackage01.Test_NewValidationHelper.f15]
################################################################################################################################################
[ReportManager] Element Action [GetText] successfully performed. With the following test data [Welcome to the-internet]. @28-11-2021 01:48:59.0160 AM
[ReportManager] Loaded Shared OpenCV @28-11-2021 01:48:59.0232 AM
[ReportManager] Assertion [ValidateElementAttribute] FAILED. Expected [Value Should not be 'Welcome' for the 'text' attribute, element locator 'By.tagName: h1'] and Actual [Welcome to the-internet]. Comparison Type [CONTAINS]. Validation Type [NEGATIVE]. @28-11-2021 01:48:59.0328 AM
[ReportManager] Successfully created attachment [Screenshot - 1638064139232_f15_ValidateElementAttribute_failed] @28-11-2021 01:48:59.0329 A
[ReportManager] Successfully Closed All Drivers. @28-11-2021 01:48:59.0692 A
[ReportManager] File Action [GetAbsolutePath] successfully performed. With the following test data [Relative Folder Path: "target/downloadedFiles/"]. @28-11-2021 01:48:59.0694 AM
[ReportManager] Attempting to run locally on: [Mac-64], [Safari], Headless Execution. @28-11-2021 01:48:59.0695 AM
[ReportManager] Successfully Opened Safari. @28-11-2021 01:49:00.0502 AM
[ReportManager] Initial window size: (800, 600) @28-11-2021 01:49:00.0538 AM
[ReportManager] Window size after SWD Maximize: (1176, 803) @28-11-2021 01:49:00.0575 AM
[ReportManager] Browser Action [MaximizeWindow] successfully performed. With the following test data [New screen size is now: (1176, 803)]. @28-11-2021 01:49:00.0576 AM
[ReportManager] Target URL: [https://the-internet.herokuapp.com/] @28-11-2021 01:49:00.0576 AM
[ReportManager] Initial URL: [] @28-11-2021 01:49:00.0610 AM
[ReportManager] Browser Action [NavigateToURL] successfully performed. With the following test data [https://the-internet.herokuapp.com/]. @28-11-2021 01:49:01.0711 A

################################################################################################################################################
Starting Execution:	[84 out of 146] test cases in the current suite
Test Method:		[testPackage01.Test_NewValidationHelper.f16]
################################################################################################################################################
[ReportManager] org.openqa.selenium.TimeoutException:
Expected condition failed: waiting for com.shaft.gui.element.ElementActionsHelper$$Lambda$625/0x000000080113a728@6f08a190 (tried for 25 second(s) with 1000 milliseconds interval)
org.openqa.selenium.support.ui.FluentWait.timeoutException(FluentWait.java:263)
org.openqa.selenium.support.ui.FluentWait.until(FluentWait.java:231)
com.shaft.gui.element.ElementActionsHelper.waitForElementPresence(ElementActionsHelper.java:63)
com.shaft.gui.element.ElementActionsHelper.waitForElementPresence(ElementActionsHelper.java:41)
com.shaft.gui.element.WebDriverElementActions.getMatchingElementsCount(WebDriverElementActions.java:1470)
com.shaft.gui.element.WebDriverElementActions.identifyUniqueElement(WebDriverElementActions.java:1518)
com.shaft.gui.element.WebDriverElementActions.identifyUniqueElement(WebDriverElementActions.java:1316)
com.shaft.gui.element.WebDriverElementActions.getText(WebDriverElementActions.java:658)
com.shaft.gui.element.ElementActions.getText(ElementActions.java:311)
com.shaft.validation.ValidationsHelper.validateElementAttribute(ValidationsHelper.java:237)
com.shaft.validation.Assertions.assertElementAttribute(Assertions.java:201)
testPackage01.Test_NewValidationHelper.f16(Test_NewValidationHelper.java:181)
java.base/jdk.internal.reflect.NativeMethodAccessorImpl.invoke0(Native Method)
java.base/jdk.internal.reflect.NativeMethodAccessorImpl.invoke(NativeMethodAccessorImpl.java:77)
java.base/jdk.internal.reflect.DelegatingMethodAccessorImpl.invoke(DelegatingMethodAccessorImpl.java:43)
java.base/java.lang.reflect.Method.invoke(Method.java:568)
org.testng.internal.MethodInvocationHelper.invokeMethod(MethodInvocationHelper.java:133)
org.testng.internal.TestInvoker.invokeMethod(TestInvoker.java:598)
org.testng.internal.TestInvoker.invokeTestMethod(TestInvoker.java:173)
org.testng.internal.MethodRunner.runInSequence(MethodRunner.java:46)
org.testng.internal.TestInvoker$MethodInvocationAgent.invoke(TestInvoker.java:824)
org.testng.internal.TestInvoker.invokeTestMethods(TestInvoker.java:146)
org.testng.internal.TestMethodWorker.invokeTestMethods(TestMethodWorker.java:146)
org.testng.internal.TestMethodWorker.run(TestMethodWorker.java:128)
java.base/java.util.ArrayList.forEach(ArrayList.java:1511)
org.testng.TestRunner.privateRun(TestRunner.java:794)
org.testng.TestRunner.run(TestRunner.java:596)
org.testng.SuiteRunner.runTest(SuiteRunner.java:377)
org.testng.SuiteRunner.runSequentially(SuiteRunner.java:371)
org.testng.SuiteRunner.privateRun(SuiteRunner.java:332)
org.testng.SuiteRunner.run(SuiteRunner.java:276)
org.testng.SuiteRunnerWorker.runSuite(SuiteRunnerWorker.java:53)
org.testng.SuiteRunnerWorker.run(SuiteRunnerWorker.java:96)
org.testng.TestNG.runSuitesSequentially(TestNG.java:1212)
org.testng.TestNG.runSuitesLocally(TestNG.java:1134)
org.testng.TestNG.runSuites(TestNG.java:1063)
org.testng.TestNG.run(TestNG.java:1031)
org.apache.maven.surefire.testng.TestNGExecutor.run(TestNGExecutor.java:136)
org.apache.maven.surefire.testng.TestNGDirectoryTestSuite.executeMulti(TestNGDirectoryTestSuite.java:193)
org.apache.maven.surefire.testng.TestNGDirectoryTestSuite.execute(TestNGDirectoryTestSuite.java:94)
org.apache.maven.surefire.testng.TestNGProvider.invoke(TestNGProvider.java:145)
org.apache.maven.surefire.booter.ForkedBooter.runSuitesInProcess(ForkedBooter.java:428)
org.apache.maven.surefire.booter.ForkedBooter.execute(ForkedBooter.java:162)
org.apache.maven.surefire.booter.ForkedBooter.run(ForkedBooter.java:562)
org.apache.maven.surefire.booter.ForkedBooter.main(ForkedBooter.java:548)

Caused by: org.openqa.selenium.NoSuchElementException:
For documentation on this error, please visit: https://selenium.dev/exceptions/#no_such_element
Build info: version: '4.1.0', revision: '87802e897b'
System info: host: 'Mac-1638062350226.local', ip: '10.212.9.89', os.name: 'Mac OS X', os.arch: 'x86_64', os.version: '11.5', java.version: '17.0.1'
Driver info: org.openqa.selenium.safari.SafariDriver
Command: [D4959265-B7C6-4F4E-8371-B397AA050E52, findElement {using=tag name, value=h3}]
Capabilities {acceptInsecureCerts: false, browserName: Safari, browserVersion: 15.1, goog:loggingPrefs: {browser: ALL, client: ALL, driver: ALL, performance: ALL, profiler: ALL, server: ALL}, javascriptEnabled: true, pageLoadStrategy: normal, platform: MAC, platformName: MAC, safari:automaticInspection: false, safari:automaticProfiling: false, safari:diagnose: false, safari:platformBuildVersion: 20G224, safari:platformVersion: 11.6.1, safari:useSimulator: false, setWindowRect: true, strictFileInteractability: false, timeouts: {pageLoad: 30000, script: 30000}, webkit:WebRTC: {DisableICECandidateFiltering: false, DisableInsecureMediaCapture: false}}
Session ID: D4959265-B7C6-4F4E-8371-B397AA050E52
jdk.internal.reflect.GeneratedConstructorAccessor70.newInstance(Unknown Source)
java.base/jdk.internal.reflect.DelegatingConstructorAccessorImpl.newInstance(DelegatingConstructorAccessorImpl.java:45)
java.base/java.lang.reflect.Constructor.newInstanceWithCaller(Constructor.java:499)
java.base/java.lang.reflect.Constructor.newInstance(Constructor.java:480)
org.openqa.selenium.remote.codec.w3c.W3CHttpResponseCodec.createException(W3CHttpResponseCodec.java:200)
org.openqa.selenium.remote.codec.w3c.W3CHttpResponseCodec.decode(W3CHttpResponseCodec.java:133)
org.openqa.selenium.remote.codec.w3c.W3CHttpResponseCodec.decode(W3CHttpResponseCodec.java:53)
org.openqa.selenium.remote.HttpCommandExecutor.execute(HttpCommandExecutor.java:184)
org.openqa.selenium.remote.service.DriverCommandExecutor.invokeExecute(DriverCommandExecutor.java:164)
org.openqa.selenium.remote.service.DriverCommandExecutor.execute(DriverCommandExecutor.java:139)
org.openqa.selenium.remote.RemoteWebDriver.execute(RemoteWebDriver.java:559)
org.openqa.selenium.remote.ElementLocation$ElementFinder$2.findElement(ElementLocation.java:162)
org.openqa.selenium.remote.ElementLocation.findElement(ElementLocation.java:60)
org.openqa.selenium.remote.RemoteWebDriver.findElement(RemoteWebDriver.java:383)
org.openqa.selenium.remote.RemoteWebDriver.findElement(RemoteWebDriver.java:375)
com.shaft.gui.element.ElementActionsHelper.lambda$waitForElementPresence$0(ElementActionsHelper.java:66)
org.openqa.selenium.support.ui.FluentWait.until(FluentWait.java:208)
com.shaft.gui.element.ElementActionsHelper.waitForElementPresence(ElementActionsHelper.java:63)
com.shaft.gui.element.ElementActionsHelper.waitForElementPresence(ElementActionsHelper.java:41)
com.shaft.gui.element.WebDriverElementActions.getMatchingElementsCount(WebDriverElementActions.java:1470)
com.shaft.gui.element.WebDriverElementActions.identifyUniqueElement(WebDriverElementActions.java:1518)
com.shaft.gui.element.WebDriverElementActions.identifyUniqueElement(WebDriverElementActions.java:1316)
com.shaft.gui.element.WebDriverElementActions.getText(WebDriverElementActions.java:658)
com.shaft.gui.element.ElementActions.getText(ElementActions.java:311)
com.shaft.validation.ValidationsHelper.validateElementAttribute(ValidationsHelper.java:237)
com.shaft.validation.Assertions.assertElementAttribute(Assertions.java:201)
testPackage01.Test_NewValidationHelper.f16(Test_NewValidationHelper.java:181)
java.base/jdk.internal.reflect.NativeMethodAccessorImpl.invoke0(Native Method)
java.base/jdk.internal.reflect.NativeMethodAccessorImpl.invoke(NativeMethodAccessorImpl.java:77)
java.base/jdk.internal.reflect.DelegatingMethodAccessorImpl.invoke(DelegatingMethodAccessorImpl.java:43)
java.base/java.lang.reflect.Method.invoke(Method.java:568)
org.testng.internal.MethodInvocationHelper.invokeMethod(MethodInvocationHelper.java:133)
org.testng.internal.TestInvoker.invokeMethod(TestInvoker.java:598)
org.testng.internal.TestInvoker.invokeTestMethod(TestInvoker.java:173)
org.testng.internal.MethodRunner.runInSequence(MethodRunner.java:46)
org.testng.internal.TestInvoker$MethodInvocationAgent.invoke(TestInvoker.java:824)
org.testng.internal.TestInvoker.invokeTestMethods(TestInvoker.java:146)
org.testng.internal.TestMethodWorker.invokeTestMethods(TestMethodWorker.java:146)
org.testng.internal.TestMethodWorker.run(TestMethodWorker.java:128)
java.base/java.util.ArrayList.forEach(ArrayList.java:1511)
org.testng.TestRunner.privateRun(TestRunner.java:794)
org.testng.TestRunner.run(TestRunner.java:596)
org.testng.SuiteRunner.runTest(SuiteRunner.java:377)
org.testng.SuiteRunner.runSequentially(SuiteRunner.java:371)
org.testng.SuiteRunner.privateRun(SuiteRunner.java:332)
org.testng.SuiteRunner.run(SuiteRunner.java:276)
org.testng.SuiteRunnerWorker.runSuite(SuiteRunnerWorker.java:53)
org.testng.SuiteRunnerWorker.run(SuiteRunnerWorker.java:96)
org.testng.TestNG.runSuitesSequentially(TestNG.java:1212)
org.testng.TestNG.runSuitesLocally(TestNG.java:1134)
org.testng.TestNG.runSuites(TestNG.java:1063)
org.testng.TestNG.run(TestNG.java:1031)
org.apache.maven.surefire.testng.TestNGExecutor.run(TestNGExecutor.java:136)
org.apache.maven.surefire.testng.TestNGDirectoryTestSuite.executeMulti(TestNGDirectoryTestSuite.java:193)
org.apache.maven.surefire.testng.TestNGDirectoryTestSuite.execute(TestNGDirectoryTestSuite.java:94)
org.apache.maven.surefire.testng.TestNGProvider.invoke(TestNGProvider.java:145)
org.apache.maven.surefire.booter.ForkedBooter.runSuitesInProcess(ForkedBooter.java:428)
org.apache.maven.surefire.booter.ForkedBooter.execute(ForkedBooter.java:162)
org.apache.maven.surefire.booter.ForkedBooter.run(ForkedBooter.java:562)
org.apache.maven.surefire.booter.ForkedBooter.main(ForkedBooter.java:548) @28-11-2021 01:49:27.0763 AM
[ReportManager] Element Action [IdentifyUniqueElement] failed. With the following test data [zero elements found matching this locator "By.tagName: h3".]. @28-11-2021 01:49:27.0875 AM
[ReportManager] Successfully created attachment [Screenshot - 1638064167790_f16_IdentifyUniqueElement_failed] @28-11-2021 01:49:27.0876 AM
[ReportManager] Assertion [ValidateElementAttribute] FAILED. Expected [Value Should not be 'Welcome' for the 'text' attribute, element locator 'By.tagName: h3'] and Actual [Failed to read the desired element attribute]. Comparison Type [CONTAINS]. Validation Type [NEGATIVE]. @28-11-2021 01:49:27.0876 A
[ReportManager] Successfully Closed All Drivers. @28-11-2021 01:49:28.0161 A
[ReportManager] File Action [GetAbsolutePath] successfully performed. With the following test data [Relative Folder Path: "target/downloadedFiles/"]. @28-11-2021 01:49:28.0163 AM
[ReportManager] Attempting to run locally on: [Mac-64], [Safari], Headless Execution. @28-11-2021 01:49:28.0163 AM
[ReportManager] An Exception Occured with this Message: Could not start a new session. Possible causes are invalid address of the remote server or browser start-up failure.. @28-11-2021 01:49:28.0271 AM
[ReportManager] Successfully created attachment [Exception Stack Trace - org.openqa.selenium.SessionNotCreatedException] @28-11-2021 01:49:28.0272 AM
[ReportManager] Driver Factory Action [createNewLocalDriverInstanceForSafari] failed. With the following test data [Failed to create a session on DESKTOP_SAFARI]. @28-11-2021 01:49:28.0272 A

################################################################################################################################################
Starting Execution:	[85 out of 146] test cases in the current suite
Test Method:		[testPackage01.Test_NewValidationHelper.f17]
###############################################################################################################################################



################################################################################################################################################
Starting Execution:	[86 out of 146] test cases in the current suite
Test Method:		[testPackage01.Test_NewValidationHelper.f18]
###############################################################################################################################################


################################################################################################################################################
Starting Execution:	[87 out of 146] test cases in the current suite
Test Method:		[testPackage01.Test_NewValidationHelper.f2]
###############################################################################################################################################


################################################################################################################################################
Starting Execution:	[88 out of 146] test cases in the current suite
Test Method:		[testPackage01.Test_NewValidationHelper.f20]
###############################################################################################################################################



################################################################################################################################################
Starting Execution:	[89 out of 146] test cases in the current suite
Test Method:		[testPackage01.Test_NewValidationHelper.f21]
###############################################################################################################################################



################################################################################################################################################
Starting Execution:	[90 out of 146] test cases in the current suite
Test Method:		[testPackage01.Test_NewValidationHelper.f22]
###############################################################################################################################################


################################################################################################################################################
Starting Execution:	[91 out of 146] test cases in the current suite
Test Method:		[testPackage01.Test_NewValidationHelper.f23]
###############################################################################################################################################

################################################################################################################################################
Starting Execution:	[92 out of 146] test cases in the current suite
Test Method:		[testPackage01.Test_NewValidationHelper.f24]
###############################################################################################################################################

################################################################################################################################################
Starting Execution:	[93 out of 146] test cases in the current suite
Test Method:		[testPackage01.Test_NewValidationHelper.f25]
###############################################################################################################################################

################################################################################################################################################
Starting Execution:	[94 out of 146] test cases in the current suite
Test Method:		[testPackage01.Test_NewValidationHelper.f26]
###############################################################################################################################################

################################################################################################################################################
Starting Execution:	[95 out of 146] test cases in the current suite
Test Method:		[testPackage01.Test_NewValidationHelper.f27]
###############################################################################################################################################

################################################################################################################################################
Starting Execution:	[96 out of 146] test cases in the current suite
Test Method:		[testPackage01.Test_NewValidationHelper.f28]
###############################################################################################################################################

################################################################################################################################################
Starting Execution:	[97 out of 146] test cases in the current suite
Test Method:		[testPackage01.Test_NewValidationHelper.f29]
###############################################################################################################################################

################################################################################################################################################
Starting Execution:	[98 out of 146] test cases in the current suite
Test Method:		[testPackage01.Test_NewValidationHelper.f3]
###############################################################################################################################################

################################################################################################################################################
Starting Execution:	[99 out of 146] test cases in the current suite
Test Method:		[testPackage01.Test_NewValidationHelper.f30]
###############################################################################################################################################

################################################################################################################################################
Starting Execution:	[100 out of 146] test cases in the current suite
Test Method:		[testPackage01.Test_NewValidationHelper.f31]
###############################################################################################################################################

################################################################################################################################################
Starting Execution:	[101 out of 146] test cases in the current suite
Test Method:		[testPackage01.Test_NewValidationHelper.f32]
###############################################################################################################################################

################################################################################################################################################
Starting Execution:	[102 out of 146] test cases in the current suite
Test Method:		[testPackage01.Test_NewValidationHelper.f33]
###############################################################################################################################################

################################################################################################################################################
Starting Execution:	[103 out of 146] test cases in the current suite
Test Method:		[testPackage01.Test_NewValidationHelper.f34]
###############################################################################################################################################

################################################################################################################################################
Starting Execution:	[104 out of 146] test cases in the current suite
Test Method:		[testPackage01.Test_NewValidationHelper.f35]
###############################################################################################################################################

################################################################################################################################################
Starting Execution:	[105 out of 146] test cases in the current suite
Test Method:		[testPackage01.Test_NewValidationHelper.f36]
###############################################################################################################################################

################################################################################################################################################
Starting Execution:	[106 out of 146] test cases in the current suite
Test Method:		[testPackage01.Test_NewValidationHelper.f37]
###############################################################################################################################################

################################################################################################################################################
Starting Execution:	[107 out of 146] test cases in the current suite
Test Method:		[testPackage01.Test_NewValidationHelper.f3_1]
###############################################################################################################################################

################################################################################################################################################
Starting Execution:	[108 out of 146] test cases in the current suite
Test Method:		[testPackage01.Test_NewValidationHelper.f4]
###############################################################################################################################################

################################################################################################################################################
Starting Execution:	[109 out of 146] test cases in the current suite
Test Method:		[testPackage01.Test_NewValidationHelper.f5]
###############################################################################################################################################

################################################################################################################################################
Starting Execution:	[110 out of 146] test cases in the current suite
Test Method:		[testPackage01.Test_NewValidationHelper.f6]
###############################################################################################################################################

################################################################################################################################################
Starting Execution:	[111 out of 146] test cases in the current suite
Test Method:		[testPackage01.Test_NewValidationHelper.f6_1]
###############################################################################################################################################

################################################################################################################################################
Starting Execution:	[112 out of 146] test cases in the current suite
Test Method:		[testPackage01.Test_NewValidationHelper.f6_2]
###############################################################################################################################################

################################################################################################################################################
Starting Execution:	[113 out of 146] test cases in the current suite
Test Method:		[testPackage01.Test_NewValidationHelper.f7]
###############################################################################################################################################


################################################################################################################################################
Starting Execution:	[114 out of 146] test cases in the current suite
Test Method:		[testPackage01.Test_NewValidationHelper.f8]
###############################################################################################################################################



################################################################################################################################################
Starting Execution:	[115 out of 146] test cases in the current suite
Test Method:		[testPackage01.Test_NewValidationHelper.f9]
###############################################################################################################################################


################################################################################################################################################
Starting Execution:	[116 out of 146] test cases in the current suite
Test Method:		[testPackage01.Test_NewValidationHelper.forceFail]
###############################################################################################################################################

################################################################################################################################################
Starting Execution:	[117 out of 146] test cases in the current suite
Test Method:		[testPackage01.Test_NewValidationHelper.forceFail2]
###############################################################################################################################################

################################################################################################################################################
Starting Execution:	[118 out of 146] test cases in the current suite
Test Method:		[testPackage01.Test_JsonActions.f]
###############################################################################################################################################

################################################################################################################################################
Starting Execution:	[119 out of 146] test cases in the current suite
Test Method:		[testPackage01.Test_JsonActions.f2]
###############################################################################################################################################

################################################################################################################################################
Starting Execution:	[120 out of 146] test cases in the current suite
Test Method:		[testPackage01.Test_sendGraphqlRequest.sendGraphqlRequestUsingMutationAndVariables]
################################################################################################################################################
[ReportManager] GraphQl Request is being Performed with the Following Parameters [Service URL: https://api.spacex.land/graphql | Request Body: {"variables":"{\"name\": \"sherlock holmes\",\"rocket\": \"221B Baker Street\"}","query":"mutation ($name: String, $rocket: String) {\n  insert_users(objects: {name: $name, rocket: $rocket}) {\n    returning {\n      name\n      rocket\n    }\n  }\n}"}] @28-11-2021 01:49:28.0864 AM
[ReportManager] Response status code: [200], status line: [HTTP/1.1 200 OK] @28-11-2021 01:49:33.0673 AM
[ReportManager] Assertion Passed: Evaluating the actual response status code against the expected one... @28-11-2021 01:49:33.0674 AM
[ReportManager] Assertion [ValidateComparativeRelation] PASSED. Expected [200] and Actual [200]. Comparison Type [EQUALS]. Validation Type [POSITIVE]. @28-11-2021 01:49:33.0674 AM
[ReportManager] API Action [PerformRequest] successfully performed. With the following test data [Request Type: "POST" | Target Status Code: "200" | Service URL: "https://api.spacex.land/graphql" | Content Type: "application/json" | Response Time: "4548ms"]. @28-11-2021 01:49:33.0722 AM
[ReportManager] Successfully created attachment [API Request - Specifications] @28-11-2021 01:49:33.0722 AM
[ReportManager] Successfully created attachment [API Request - JSON Body] @28-11-2021 01:49:33.0723 AM
[ReportManager] Successfully created attachment [API Response - JSON Body] @28-11-2021 01:49:33.0724 AM
[ReportManager] API Action [GetResponseJSONValue] successfully performed. With the following test data [data.insert_users.returning[0].name]. @28-11-2021 01:49:33.0800 AM
[ReportManager] Assertion [ValidateEquals] PASSED. Expected [sherlock holmes] and Actual [sherlock holmes]. Comparison Type [EQUALS]. Validation Type [POSITIVE]. @28-11-2021 01:49:33.0800 A

################################################################################################################################################
Starting Execution:	[121 out of 146] test cases in the current suite
Test Method:		[testPackage01.Test_sendGraphqlRequest.sendGraphqlRequestUsingQuery]
################################################################################################################################################
[ReportManager] GraphQl Request is being Performed with the Following Parameters [Service URL: https://api.spacex.land/graphql | Request Body: {"query":"{company {ceo}}"}] @28-11-2021 01:49:33.0807 AM
[ReportManager] Response status code: [200], status line: [HTTP/1.1 200 OK] @28-11-2021 01:49:34.0069 AM
[ReportManager] Assertion Passed: Evaluating the actual response status code against the expected one... @28-11-2021 01:49:34.0070 AM
[ReportManager] Assertion [ValidateComparativeRelation] PASSED. Expected [200] and Actual [200]. Comparison Type [EQUALS]. Validation Type [POSITIVE]. @28-11-2021 01:49:34.0070 AM
[ReportManager] API Action [PerformRequest] successfully performed. With the following test data [Request Type: "POST" | Target Status Code: "200" | Service URL: "https://api.spacex.land/graphql" | Content Type: "application/json" | Response Time: "257ms"]. @28-11-2021 01:49:34.0081 AM
[ReportManager] Successfully created attachment [API Request - Specifications] @28-11-2021 01:49:34.0082 AM
[ReportManager] Successfully created attachment [API Request - JSON Body] @28-11-2021 01:49:34.0083 AM
[ReportManager] Successfully created attachment [API Response - JSON Body] @28-11-2021 01:49:34.0083 AM
[ReportManager] API Action [GetResponseJSONValue] successfully performed. With the following test data [data.company.ceo]. @28-11-2021 01:49:34.0094 AM
[ReportManager] Assertion [ValidateEquals] PASSED. Expected [Elon Musk] and Actual [Elon Musk]. Comparison Type [EQUALS]. Validation Type [POSITIVE]. @28-11-2021 01:49:34.0094 A

################################################################################################################################################
Starting Execution:	[122 out of 146] test cases in the current suite
Test Method:		[testPackage01.Test_MatchJsonSchema.checkAPI_ResponseSchema]
################################################################################################################################################
[ReportManager] Response status code: [200], status line: [HTTP/1.1 200 OK] @28-11-2021 01:49:34.0215 AM
[ReportManager] Assertion Passed: Evaluating the actual response status code against the expected one... @28-11-2021 01:49:34.0215 AM
[ReportManager] Assertion [ValidateComparativeRelation] PASSED. Expected [200] and Actual [200]. Comparison Type [EQUALS]. Validation Type [POSITIVE]. @28-11-2021 01:49:34.0216 AM
[ReportManager] API Action [PerformRequest] successfully performed. With the following test data [Request Type: "GET" | Target Status Code: "200" | Service URL: "http://api.zippopotam.us/us/90210" | Content Type: "*/*" | Response Time: "112ms"]. @28-11-2021 01:49:34.0226 AM
[ReportManager] Successfully created attachment [API Request - Specifications] @28-11-2021 01:49:34.0227 AM
[ReportManager] Successfully created attachment [API Response - JSON Body] @28-11-2021 01:49:34.0228 AM
[ReportManager] File Action [GetAbsolutePath] successfully performed. With the following test data [Relative Folder Path: "src/test/resources/testDataFiles/schema.json"]. @28-11-2021 01:49:34.0229 AM
[ReportManager] File Action [GetAbsolutePath] successfully performed. With the following test data [Relative Folder Path: "/Users/runner/work/SHAFT_ENGINE/SHAFT_ENGINE/src/test/resources/testDataFiles/schema.json"]. @28-11-2021 01:49:34.0865 AM
[ReportManager] File Action [ReadFromFile] successfully performed. With the following test data [File Path: "/Users/runner/work/SHAFT_ENGINE/SHAFT_ENGINE/src/test/resources/testDataFiles/schema.json"]. @28-11-2021 01:49:34.0865 AM
[ReportManager] Assertion Passed: Then I Assert that the API response schema matches that in this file [src/test/resources/testDataFiles/schema.json]. @28-11-2021 01:49:34.0866 AM
[ReportManager] Successfully created attachment [Validation Test Data - Expected JSON Value] @28-11-2021 01:49:34.0867 AM
[ReportManager] Successfully created attachment [Validation Test Data - Actual JSON Value] @28-11-2021 01:49:34.0868 AM
[ReportManager] Assertion [ValidateResponseFileSchema] PASSED. Expected [Response data should match the JSON File in this path '/Users/runner/work/SHAFT_ENGINE/SHAFT_ENGINE/src/test/resources/testDataFiles/schema.json'] and Actual [TRUE]. Comparison Type [EQUALS]. Validation Type [POSITIVE]. @28-11-2021 01:49:34.0868 A
[ReportManager] File Action [GetAbsolutePath] successfully performed. With the following test data [Relative Folder Path: "target/downloadedFiles/"]. @28-11-2021 01:49:34.0870 AM
[ReportManager] Attempting to run locally on: [Mac-64], [Safari], Headless Execution. @28-11-2021 01:49:34.0871 AM
[ReportManager] Successfully Opened Safari. @28-11-2021 01:49:35.0663 AM
[ReportManager] Initial window size: (800, 600) @28-11-2021 01:49:35.0702 AM
[ReportManager] Window size after SWD Maximize: (1176, 803) @28-11-2021 01:49:35.0716 AM
[ReportManager] Browser Action [MaximizeWindow] successfully performed. With the following test data [New screen size is now: (1176, 803)]. @28-11-2021 01:49:35.0716 A

################################################################################################################################################
Starting Execution:	[123 out of 146] test cases in the current suite
Test Method:		[testPackage01.Test_dragAndDrop.dragAndDropJquery]
################################################################################################################################################
[ReportManager] Target URL: [https://jqueryui.com/resources/demos/droppable/default.html] @28-11-2021 01:49:35.0765 AM
[ReportManager] Initial URL: [] @28-11-2021 01:49:35.0802 AM
[ReportManager] Browser Action [NavigateToURL] successfully performed. With the following test data [https://jqueryui.com/resources/demos/droppable/default.html]. @28-11-2021 01:49:36.0271 AM
[ReportManager] Element Action [GetText] successfully performed. With the following test data [
	Drop here
]. @28-11-2021 01:49:36.0306 AM
[ReportManager] Element Action [DragAndDrop] successfully performed. With the following test data [Start point: (8, 18), End point: (8, 18)]. @28-11-2021 01:49:37.0366 AM
[ReportManager] Element Action [GetText] successfully performed. With the following test data [
	Dropped!
]. @28-11-2021 01:49:37.0398 AM
[ReportManager] Assertion Passed: Checking to see if the text has changed after performing drag and drop @28-11-2021 01:49:37.0398 AM
[ReportManager] Assertion [ValidateEquals] PASSED. Expected [
	Drop here
] and Actual [
	Dropped!
]. Comparison Type [EQUALS]. Validation Type [NEGATIVE]. @28-11-2021 01:49:37.0398 A
[ReportManager] Browser Action [CloseCurrentWindow] successfully performed. @28-11-2021 01:49:37.0682 AM
[ReportManager] Successfully created attachment [Browser Action Test Data - CloseCurrentWindow - Actual Value] @28-11-2021 01:49:37.0683 A
[ReportManager] File Action [GetAbsolutePath] successfully performed. With the following test data [Relative Folder Path: "target/downloadedFiles/"]. @28-11-2021 01:49:37.0685 AM
[ReportManager] Attempting to run locally on: [Mac-64], [Safari], Headless Execution. @28-11-2021 01:49:37.0685 AM
[ReportManager] Successfully Opened Safari. @28-11-2021 01:49:38.0496 AM
[ReportManager] Initial window size: (800, 600) @28-11-2021 01:49:38.0534 AM
[ReportManager] Window size after SWD Maximize: (1176, 803) @28-11-2021 01:49:38.0547 AM
[ReportManager] Browser Action [MaximizeWindow] successfully performed. With the following test data [New screen size is now: (1176, 803)]. @28-11-2021 01:49:38.0548 A

################################################################################################################################################
Starting Execution:	[124 out of 146] test cases in the current suite
Test Method:		[testPackage01.Test_dragAndDrop.dragAndDrop]
Test Description:	[TC001 - Test Drag and Drop function.]
################################################################################################################################################
[ReportManager] Target URL: [http://the-internet.herokuapp.com/drag_and_drop] @28-11-2021 01:49:38.0551 AM
[ReportManager] Initial URL: [] @28-11-2021 01:49:38.0598 AM
[ReportManager] Browser Action [NavigateToURL] successfully performed. With the following test data [http://the-internet.herokuapp.com/drag_and_drop]. @28-11-2021 01:49:39.0539 AM
[ReportManager] Attempting Drag and Drop @28-11-2021 01:49:39.0539 AM
[ReportManager] Element Action [DragAndDrop] successfully performed. With the following test data [Start point: (120, 89), End point: (335, 89)]. @28-11-2021 01:49:40.0164 A
[ReportManager] Browser Action [CloseCurrentWindow] successfully performed. @28-11-2021 01:49:40.0559 AM
[ReportManager] Successfully created attachment [Browser Action Test Data - CloseCurrentWindow - Actual Value] @28-11-2021 01:49:40.0560 A
[ReportManager] File Action [GetAbsolutePath] successfully performed. With the following test data [Relative Folder Path: "target/downloadedFiles/"]. @28-11-2021 01:49:40.0562 AM
[ReportManager] Attempting to run locally on: [Mac-64], [Safari], Headless Execution. @28-11-2021 01:49:40.0562 AM
[ReportManager] Successfully Opened Safari. @28-11-2021 01:49:41.0803 AM
[ReportManager] Initial window size: (800, 600) @28-11-2021 01:49:41.0809 AM
[ReportManager] Window size after SWD Maximize: (1176, 803) @28-11-2021 01:49:41.0822 AM
[ReportManager] Browser Action [MaximizeWindow] successfully performed. With the following test data [New screen size is now: (1176, 803)]. @28-11-2021 01:49:41.0828 A

################################################################################################################################################
Starting Execution:	[125 out of 146] test cases in the current suite
Test Method:		[testPackage01.Test_dragAndDrop.dragAndDropByOffset]
Test Description:	[TC002 - Test Drag and Drop by offset function.]
################################################################################################################################################
[ReportManager] Target URL: [https://jqueryui.com/resources/demos/draggable/default.html] @28-11-2021 01:49:41.0831 AM
[ReportManager] Initial URL: [] @28-11-2021 01:49:41.0876 AM
[ReportManager] Browser Action [NavigateToURL] successfully performed. With the following test data [https://jqueryui.com/resources/demos/draggable/default.html]. @28-11-2021 01:49:42.0373 AM
[ReportManager] Element Action [DragAndDropByOffset] successfully performed. With the following test data [Start point: (8, 8), End point: (108, 58)]. @28-11-2021 01:49:43.0130 A
[ReportManager] Browser Action [CloseCurrentWindow] successfully performed. @28-11-2021 01:49:43.0557 AM
[ReportManager] Successfully created attachment [Browser Action Test Data - CloseCurrentWindow - Actual Value] @28-11-2021 01:49:43.0558 A
[ReportManager] Successfully loaded the following test data file [src/test/resources/testDataFiles/testSuite01/TestData.xlsx]. @28-11-2021 01:49:43.0595 AM
[ReportManager] Successfully created attachment [Test Data - Excel] @28-11-2021 01:49:43.0595 AM
[ReportManager] File Action [GetAbsolutePath] successfully performed. With the following test data [Relative Folder Path: "target/downloadedFiles/"]. @28-11-2021 01:49:43.0596 AM
[ReportManager] Attempting to run locally on: [Mac-64], [Safari], Headless Execution. @28-11-2021 01:49:43.0596 AM
[ReportManager] Successfully Opened Safari. @28-11-2021 01:49:44.0495 AM
[ReportManager] Initial window size: (800, 600) @28-11-2021 01:49:44.0515 AM
[ReportManager] Window size after SWD Maximize: (1176, 803) @28-11-2021 01:49:44.0547 AM
[ReportManager] Browser Action [MaximizeWindow] successfully performed. With the following test data [New screen size is now: (1176, 803)]. @28-11-2021 01:49:44.0547 A

################################################################################################################################################
Starting Execution:	[126 out of 146] test cases in the current suite
Test Method:		[testPackage01.Test_google.navigateToURLandVerifyGoogleLogoIsDisplayed]
Test Description:	[TC001 - Navigate to URL and Verify Google Logo is Displayed]
################################################################################################################################################
[ReportManager] Target URL: [https://www.google.com/ncr], and after redirection: [https://www.google.com] @28-11-2021 01:49:44.0549 AM
[ReportManager] Initial URL: [] @28-11-2021 01:49:44.0590 AM
[ReportManager] Browser Action [NavigateToURL] successfully performed. With the following test data [https://www.google.com/ncr]. @28-11-2021 01:49:46.0352 AM
[ReportManager] Loaded Shared OpenCV @28-11-2021 01:49:46.0465 AM
[ReportManager] Assertion Passed: Then I Assert that the element found by [By.xpath: //*[@id='hplogo' or @alt='Google']] exists. @28-11-2021 01:49:46.0562 AM
[ReportManager] Successfully created attachment [Screenshot - 1638064186465_navigateToURLandVerifyGoogleLogoIsDisplayed_ValidateElementExists_passed] @28-11-2021 01:49:46.0563 AM
[ReportManager] Assertion [ValidateElementExists] PASSED. Expected [Element Should Exist, locator 'By.xpath: //*[@id='hplogo' or @alt='Google']'] and Actual [Element Exists]. Comparison Type [EQUALS]. Validation Type [POSITIVE]. @28-11-2021 01:49:46.0564 A

################################################################################################################################################
Starting Execution:	[127 out of 146] test cases in the current suite
Test Method:		[testPackage01.Test_google.searchForQueryandAssertResultsNumDisplayed]
Test Description:	[TC002 - Search for Query and Assert that the number of results is displayed]
################################################################################################################################################
[ReportManager] Element Action [Type] successfully performed. With the following test data [SHAFT_Engine]. @28-11-2021 01:49:46.0713 AM
[ReportManager] Element Action [KeyPress] successfully performed. With the following test data [Enter]. @28-11-2021 01:49:46.0782 AM
[ReportManager] Element Action [GetText] successfully performed. With the following test data [About 788,000 results (0.62 seconds)Â ]. @28-11-2021 01:49:47.0887 AM
[ReportManager] Loaded Shared OpenCV @28-11-2021 01:49:48.0695 AM
[ReportManager] Assertion Passed: Then I Assert that the element found by [By.id: appbar] text does not equal []. @28-11-2021 01:49:48.0892 AM
[ReportManager] Successfully created attachment [Screenshot - 1638064188695_searchForQueryandAssertResultsNumDisplayed_ValidateElementAttribute_passed] @28-11-2021 01:49:48.0894 AM
[ReportManager] Assertion [ValidateElementAttribute] PASSED. Expected [Value Should not be '' for the 'text' attribute, element locator 'By.id: appbar'] and Actual [About 788,000 results (0.62 seconds)Â ]. Comparison Type [EQUALS]. Validation Type [NEGATIVE]. @28-11-2021 01:49:48.0894 A

################################################################################################################################################
Starting Execution:	[128 out of 146] test cases in the current suite
Test Method:		[testPackage01.Test_google.clickNextThrice]
Test Description:	[TC003 - Clicks the next button to make sure that the framework can scroll element into view before clicking it]
################################################################################################################################################
[ReportManager] Element Action [Click] successfully performed. With the following test data [By.xpath: //span[text()='Next']]. @28-11-2021 01:49:49.0221 A
[ReportManager] Successfully Closed All Drivers. @28-11-2021 01:49:49.0448 A
[ReportManager] File Action [GetAbsolutePath] successfully performed. With the following test data [Relative Folder Path: "target/downloadedFiles/"]. @28-11-2021 01:49:49.0450 AM
[ReportManager] Attempting to run locally on: [Mac-64], [Safari], Headless Execution. @28-11-2021 01:49:49.0450 AM
[ReportManager] An Exception Occured with this Message: Could not start a new session. Possible causes are invalid address of the remote server or browser start-up failure.. @28-11-2021 01:49:49.0659 AM
[ReportManager] Successfully created attachment [Exception Stack Trace - org.openqa.selenium.SessionNotCreatedException] @28-11-2021 01:49:49.0660 AM
[ReportManager] Driver Factory Action [createNewLocalDriverInstanceForSafari] failed. With the following test data [Failed to create a session on DESKTOP_SAFARI]. @28-11-2021 01:49:49.0660 A

################################################################################################################################################
Starting Execution:	[129 out of 146] test cases in the current suite
Test Method:		[testPackage01.Test_chainableElementActions.chainElementActions]
###############################################################################################################################################

[ReportManager] File Action [GetAbsolutePath] successfully performed. With the following test data [Relative Folder Path: "target/downloadedFiles/"]. @28-11-2021 01:49:49.0667 AM
[ReportManager] Attempting to run locally on: [Mac-64], [Safari], Headless Execution. @28-11-2021 01:49:49.0667 AM
[ReportManager] Successfully Opened Safari. @28-11-2021 01:49:50.0549 AM
[ReportManager] Initial window size: (800, 600) @28-11-2021 01:49:50.0583 AM
[ReportManager] Window size after SWD Maximize: (1176, 803) @28-11-2021 01:49:50.0612 AM
[ReportManager] Browser Action [MaximizeWindow] successfully performed. With the following test data [New screen size is now: (1176, 803)]. @28-11-2021 01:49:50.0613 A

################################################################################################################################################
Starting Execution:	[130 out of 146] test cases in the current suite
Test Method:		[testPackage01.Test_RelativeLocators.relativeLocatorsTest1]
################################################################################################################################################
[ReportManager] Target URL: [https://duckduckgo.com/] @28-11-2021 01:49:50.0615 AM
[ReportManager] Initial URL: [] @28-11-2021 01:49:50.0672 AM
[ReportManager] Browser Action [NavigateToURL] successfully performed. With the following test data [https://duckduckgo.com/]. @28-11-2021 01:49:51.0246 AM
[ReportManager] Element Action [Type] successfully performed. With the following test data [SHAFT_Engine]. @28-11-2021 01:49:51.0546 AM
[ReportManager] Element Action [KeyPress] successfully performed. With the following test data [ENTER]. @28-11-2021 01:49:51.0622 AM
[ReportManager] Element Action [GetText] successfully performed. With the following test data [GitHub - MohabMohie/SHAFT_ENGINE: SHAFT_ENGINE is a Test ...]. @28-11-2021 01:49:53.0429 AM
[ReportManager] Loaded Shared OpenCV @28-11-2021 01:49:53.0543 AM
[ReportManager] Assertion Passed: Then I Assert that the element found by [Relative Locator: {root={xpath=//a[@class='result__a js-result-title-link']}, filters=[{kind=below, args=[{xpath=//input[@name='q']}]}]}] text does not equal []. @28-11-2021 01:49:53.0720 AM
[ReportManager] Successfully created attachment [Screenshot - 1638064193542_relativeLocatorsTest1_ValidateElementAttribute_passed] @28-11-2021 01:49:53.0723 AM
[ReportManager] Assertion [ValidateElementAttribute] PASSED. Expected [Value Should not be '' for the 'text' attribute, element locator '[unknown locator]'] and Actual [GitHub - MohabMohie/SHAFT_ENGINE: SHAFT_ENGINE is a Test ...]. Comparison Type [EQUALS]. Validation Type [NEGATIVE]. @28-11-2021 01:49:53.0723 A
[ReportManager] Browser Action [CloseCurrentWindow] successfully performed. @28-11-2021 01:49:54.0153 AM
[ReportManager] Successfully created attachment [Browser Action Test Data - CloseCurrentWindow - Actual Value] @28-11-2021 01:49:54.0154 A

################################################################################################################################################
Starting Execution:	[131 out of 146] test cases in the current suite
Test Method:		[testPackage01.Test_JsonCompareWithSpecialCharacters.specialCharacters]
################################################################################################################################################
[ReportManager] File Action [GetAbsolutePath] successfully performed. With the following test data [Relative Folder Path: "src/test/resources/testDataFiles/specialCharacters.json"]. @28-11-2021 01:49:54.0160 AM
[ReportManager] File Action [ReadFromFile] successfully performed. With the following test data [File Path: "/Users/runner/work/SHAFT_ENGINE/SHAFT_ENGINE/src/test/resources/testDataFiles/specialCharacters.json"]. @28-11-2021 01:49:54.0160 AM
[ReportManager] Successfully created attachment [File Action Actual Result - Command Log] @28-11-2021 01:49:54.0161 AM
[ReportManager] Comparing the provided API response with the file at this path "src/test/resources/testDataFiles/specialCharacters.json", comparison type "EQUALS" @28-11-2021 01:49:54.0162 AM
[ReportManager] API Action [CompareJSON] successfully performed. With the following test data [src/test/resources/testDataFiles/specialCharacters.json]. @28-11-2021 01:49:54.0174 AM
[ReportManager] File Action [GetAbsolutePath] successfully performed. With the following test data [Relative Folder Path: "src/test/resources/testDataFiles/specialCharacters.json"]. @28-11-2021 01:49:54.0174 AM
[ReportManager] File Action [ReadFromFile] successfully performed. With the following test data [File Path: "/Users/runner/work/SHAFT_ENGINE/SHAFT_ENGINE/src/test/resources/testDataFiles/specialCharacters.json"]. @28-11-2021 01:49:54.0175 AM
[ReportManager] Verification [ValidateJSONFileContent] PASSED. Expected [Response data should match the JSON File in this path 'src/test/resources/testDataFiles/specialCharacters.json'] and Actual [TRUE]. Comparison Type [EQUALS]. Validation Type [POSITIVE]. @28-11-2021 01:49:54.0182 AM
[ReportManager] Successfully created attachment [Validation Test Data - Expected JSON Value] @28-11-2021 01:49:54.0183 AM
[ReportManager] Successfully created attachment [Validation Test Data - Actual JSON Value] @28-11-2021 01:49:54.0184 A

################################################################################################################################################
Starting Execution:	[132 out of 146] test cases in the current suite
Test Method:		[testPackage01.Test_JsonCompareWithSpecialCharacters.specialCharacters_assertion]
################################################################################################################################################
[ReportManager] File Action [GetAbsolutePath] successfully performed. With the following test data [Relative Folder Path: "src/test/resources/testDataFiles/specialCharacters.json"]. @28-11-2021 01:49:54.0188 AM
[ReportManager] File Action [ReadFromFile] successfully performed. With the following test data [File Path: "/Users/runner/work/SHAFT_ENGINE/SHAFT_ENGINE/src/test/resources/testDataFiles/specialCharacters.json"]. @28-11-2021 01:49:54.0188 AM
[ReportManager] Successfully created attachment [File Action Actual Result - Command Log] @28-11-2021 01:49:54.0189 AM
[ReportManager] Comparing the provided API response with the file at this path "src/test/resources/testDataFiles/specialCharacters.json", comparison type "CONTAINS" @28-11-2021 01:49:54.0189 AM
[ReportManager] API Action [CompareJSON] successfully performed. With the following test data [src/test/resources/testDataFiles/specialCharacters.json]. @28-11-2021 01:49:54.0201 AM
[ReportManager] File Action [GetAbsolutePath] successfully performed. With the following test data [Relative Folder Path: "src/test/resources/testDataFiles/specialCharacters.json"]. @28-11-2021 01:49:54.0202 AM
[ReportManager] File Action [ReadFromFile] successfully performed. With the following test data [File Path: "/Users/runner/work/SHAFT_ENGINE/SHAFT_ENGINE/src/test/resources/testDataFiles/specialCharacters.json"]. @28-11-2021 01:49:54.0202 AM
[ReportManager] Assertion Passed: trying out the log message @28-11-2021 01:49:54.0206 AM
[ReportManager] Successfully created attachment [Validation Test Data - Expected JSON Value] @28-11-2021 01:49:54.0207 AM
[ReportManager] Successfully created attachment [Validation Test Data - Actual JSON Value] @28-11-2021 01:49:54.0208 AM
[ReportManager] Assertion [ValidateJSONFileContent] PASSED. Expected [Response data should match the JSON File in this path 'src/test/resources/testDataFiles/specialCharacters.json'] and Actual [TRUE]. Comparison Type [CONTAINS]. Validation Type [POSITIVE]. @28-11-2021 01:49:54.0208 A

################################################################################################################################################
Starting Execution:	[133 out of 146] test cases in the current suite
Test Method:		[testPackage01.Test_SkipDueToIssue.doNotSkip]
################################################################################################################################################
[ReportManager] This should not be skipped. @28-11-2021 01:49:54.0211 A

################################################################################################################################################
Starting Execution:	[134 out of 146] test cases in the current suite
Test Method:		[testPackage01.Test_SkipDueToIssue.skip]
################################################################################################################################################
[ReportManager] This should be skipped. @28-11-2021 01:49:54.0217 A

################################################################################################################################################
Starting Execution:	[135 out of 146] test cases in the current suite
Test Method:		[testPackage01.Test_SkipDueToIssue.skip2]
################################################################################################################################################
[ReportManager] This should be skipped. @28-11-2021 01:49:54.0222 A

################################################################################################################################################
Starting Execution:	[136 out of 146] test cases in the current suite
Test Method:		[testPackage01.Test_JSONFileManager.readStringFromJson]
################################################################################################################################################
[ReportManager] File Action [GetAbsolutePath] successfully performed. With the following test data [Relative Folder Path: "src/test/resources/testDataFiles/simpleJSON.json"]. @28-11-2021 01:49:54.0228 AM
[ReportManager] Successfully loaded the following test data file [src/test/resources/testDataFiles/simpleJSON.json]. @28-11-2021 01:49:54.0228 AM
[ReportManager] Successfully created attachment [Test Data - JSON] @28-11-2021 01:49:54.0229 AM
[ReportManager] File Action [GetAbsolutePath] successfully performed. With the following test data [Relative Folder Path: "src/test/resources/testDataFiles/simpleJSON.json"]. @28-11-2021 01:49:54.0230 AM
[ReportManager] Assertion [ValidateEquals] PASSED. Expected [Mohab Mohie] and Actual [Mohab Mohie]. Comparison Type [EQUALS]. Validation Type [POSITIVE]. @28-11-2021 01:49:54.0243 A
[ReportManager] File Action [GetAbsolutePath] successfully performed. With the following test data [Relative Folder Path: "target/downloadedFiles/"]. @28-11-2021 01:49:54.0246 AM
[ReportManager] Attempting to run locally on: [Mac-64], [Safari], Headless Execution. @28-11-2021 01:49:54.0246 AM
[ReportManager] An Exception Occured with this Message: Could not start a new session. Possible causes are invalid address of the remote server or browser start-up failure.. @28-11-2021 01:49:54.0274 AM
[ReportManager] Successfully created attachment [Exception Stack Trace - org.openqa.selenium.SessionNotCreatedException] @28-11-2021 01:49:54.0316 AM
[ReportManager] Driver Factory Action [createNewLocalDriverInstanceForSafari] failed. With the following test data [Failed to create a session on DESKTOP_SAFARI]. @28-11-2021 01:49:54.0316 A

################################################################################################################################################
Starting Execution:	[137 out of 146] test cases in the current suite
Test Method:		[testPackage01.Test_assertEquals.test_assertElementAttribute]
###############################################################################################################################################

[ReportManager] File Action [GetAbsolutePath] successfully performed. With the following test data [Relative Folder Path: "target/downloadedFiles/"]. @28-11-2021 01:49:54.0325 AM
[ReportManager] Attempting to run locally on: [Mac-64], [Safari], Headless Execution. @28-11-2021 01:49:54.0325 AM
[ReportManager] Successfully Opened Safari. @28-11-2021 01:49:55.0168 AM
[ReportManager] Initial window size: (800, 600) @28-11-2021 01:49:55.0192 AM
[ReportManager] Window size after SWD Maximize: (1176, 803) @28-11-2021 01:49:55.0221 AM
[ReportManager] Browser Action [MaximizeWindow] successfully performed. With the following test data [New screen size is now: (1176, 803)]. @28-11-2021 01:49:55.0221 A

################################################################################################################################################
Starting Execution:	[138 out of 146] test cases in the current suite
Test Method:		[testPackage01.Test_IsElementClickable.testIsElementClickable]
################################################################################################################################################
[ReportManager] Target URL: [https://the-internet.herokuapp.com/] @28-11-2021 01:49:55.0224 AM
[ReportManager] Initial URL: [] @28-11-2021 01:49:55.0277 AM
[ReportManager] Browser Action [NavigateToURL] successfully performed. With the following test data [https://the-internet.herokuapp.com/]. @28-11-2021 01:49:56.0420 AM
[ReportManager] Element Action [IsElementClickable] successfully performed. @28-11-2021 01:49:56.0496 AM
[ReportManager] Assertion [ValidateTrue] PASSED. Expected [TRUE] and Actual [TRUE]. Validation Type [POSITIVE]. @28-11-2021 01:49:56.0496 A
[ReportManager] Browser Action [CloseCurrentWindow] successfully performed. @28-11-2021 01:49:56.0920 AM
[ReportManager] Successfully created attachment [Browser Action Test Data - CloseCurrentWindow - Actual Value] @28-11-2021 01:49:56.0960 A
[ReportManager] Successfully loaded the following test data file [src/test/resources/testDataFiles/testSuite01/TestData.xlsx]. @28-11-2021 01:49:56.0988 AM
[ReportManager] Successfully created attachment [Test Data - Excel] @28-11-2021 01:49:56.0989 AM
[ReportManager] Attempting to run using Playwright locally on: [Mac-64], [Safari], Headless Execution. @28-11-2021 01:50:31.0997 AM
[ReportManager] File Action [GetAbsolutePath] successfully performed. With the following test data [Relative Folder Path: "target/downloadedFiles/"]. @28-11-2021 01:50:31.0998 AM
[ReportManager] Initial window size: (1280, 720) @28-11-2021 01:50:36.0738 AM
[ReportManager] Window size after Toolkit: com.microsoft.playwright.options.ViewportSize@277ce807 @28-11-2021 01:50:36.0746 AM
[ReportManager] Browser Action [MaximizeWindow] successfully performed. With the following test data [New screen size is now: (1920, 1080)]. @28-11-2021 01:50:36.0746 A

################################################################################################################################################
Starting Execution:	[139 out of 146] test cases in the current suite
Test Method:		[testPackage01.Test_google_playwright.navigateToURLandVerifyGoogleLogoIsDisplayed]
Test Description:	[TC001 - Navigate to URL and Verify Google Logo is Displayed]
################################################################################################################################################
[ReportManager] Target URL: [https://www.google.com/ncr], and after redirection: [https://www.google.com] @28-11-2021 01:50:36.0889 AM
[ReportManager] Initial URL: [about:blank] @28-11-2021 01:50:37.0314 AM
[ReportManager] Browser Action [NavigateToURL] successfully performed. With the following test data [https://www.google.com/ncr]. @28-11-2021 01:50:40.0019 AM
[ReportManager] Loaded Shared OpenCV @28-11-2021 01:50:40.0112 AM
[ReportManager] Assertion [ValidateElementExists] PASSED. Expected [Element Should Exist, locator 'xpath=//*[@id='hplogo' or @alt='Google']'] and Actual [Element Exists]. Comparison Type [EQUALS]. Validation Type [POSITIVE]. @28-11-2021 01:50:40.0272 AM
[ReportManager] Successfully created attachment [Screenshot - 1638064240108_navigateToURLandVerifyGoogleLogoIsDisplayed_ValidateElementExists_passed] @28-11-2021 01:50:40.0272 A

################################################################################################################################################
Starting Execution:	[140 out of 146] test cases in the current suite
Test Method:		[testPackage01.Test_google_playwright.searchForQueryandAssertResultsNumDisplayed]
Test Description:	[TC002 - Search for Query and Assert that the number of results is displayed]
################################################################################################################################################
[ReportManager] Element Action [Type] successfully performed. With the following test data [SHAFT_Engine]. @28-11-2021 01:50:40.0441 AM
[ReportManager] Element Action [KeyPress] successfully performed. With the following test data [Enter]. @28-11-2021 01:50:40.0472 AM
[ReportManager] Element Action [GetText] successfully performed. With the following test data [About 1,120,000 results (0.55 seconds)Â 
]. @28-11-2021 01:50:41.0400 AM
[ReportManager] Loaded Shared OpenCV @28-11-2021 01:50:43.0897 AM
[ReportManager] Assertion [ValidateElementAttribute] PASSED. Expected [Value Should not be '' for the 'text' attribute, element locator 'xpath=//div[@id='appbar']'] and Actual [About 1,120,000 results (0.55 seconds)Â 
]. Comparison Type [EQUALS]. Validation Type [NEGATIVE]. @28-11-2021 01:50:44.0121 AM
[ReportManager] Successfully created attachment [Screenshot - 1638064243896_searchForQueryandAssertResultsNumDisplayed_ValidateElementAttribute_passed] @28-11-2021 01:50:44.0123 A

################################################################################################################################################
Starting Execution:	[141 out of 146] test cases in the current suite
Test Method:		[testPackage01.Test_google_playwright.clickNextThrice]
Test Description:	[TC003 - Clicks the next button to make sure that the framework can scroll element into view before clicking it]
################################################################################################################################################
[ReportManager] Element Action [Click] successfully performed. With the following test data [Next]. @28-11-2021 01:50:44.0554 A
[ReportManager] Failed to find video recording. @28-11-2021 01:50:44.0558 AM
[ReportManager] Successfully Closed PlayWright Driver. @28-11-2021 01:50:44.0627 A
[ReportManager] File Action [GetAbsolutePath] successfully performed. With the following test data [Relative Folder Path: "target/downloadedFiles/"]. @28-11-2021 01:50:44.0629 AM
[ReportManager] Attempting to run locally on: [Mac-64], [Safari], Headless Execution. @28-11-2021 01:50:44.0629 AM
[ReportManager] Successfully Opened Safari. @28-11-2021 01:50:45.0804 AM
[ReportManager] Initial window size: (800, 600) @28-11-2021 01:50:45.0919 AM
[ReportManager] Window size after SWD Maximize: (1176, 803) @28-11-2021 01:50:45.0950 AM
[ReportManager] Browser Action [MaximizeWindow] successfully performed. With the following test data [New screen size is now: (1176, 803)]. @28-11-2021 01:50:45.0951 A

################################################################################################################################################
Starting Execution:	[142 out of 146] test cases in the current suite
Test Method:		[testPackage01.Test_verifyEquals.test_assertElementAttribute]
################################################################################################################################################
[ReportManager] Target URL: [https://www.google.com/ncr], and after redirection: [https://www.google.com] @28-11-2021 01:50:45.0953 AM
[ReportManager] Initial URL: [] @28-11-2021 01:50:46.0020 AM
[ReportManager] Browser Action [NavigateToURL] successfully performed. With the following test data [https://www.google.com/ncr]. @28-11-2021 01:50:48.0347 AM
[ReportManager] Element Action [Type] successfully performed. With the following test data [INC_004010050:Another SCHEDULER with the same name [Duplicate Job Name] already exists.]. @28-11-2021 01:50:48.0853 AM
[ReportManager] Element Action [GetText] successfully performed. With the following test data [INC_004010050:Another SCHEDULER with the same name [Duplicate Job Name] already exists.]. @28-11-2021 01:50:48.0908 AM
[ReportManager] Loaded Shared OpenCV @28-11-2021 01:50:48.0951 AM
[ReportManager] Verification [ValidateElementAttribute] PASSED. Expected [Value Should be 'INC_004010050:Another SCHEDULER with the same name \[Duplicate Job Name\] already exists.' for the 'text' attribute, element locator 'By.name: q'] and Actual [INC_004010050:Another SCHEDULER with the same name [Duplicate Job Name] already exists.]. Comparison Type [MATCHES]. Validation Type [POSITIVE]. @28-11-2021 01:50:49.0095 AM
[ReportManager] Successfully created attachment [Screenshot - 1638064248951_test_assertElementAttribute_ValidateElementAttribute_passed] @28-11-2021 01:50:49.0096 A
[ReportManager] Browser Action [CloseCurrentWindow] successfully performed. @28-11-2021 01:50:49.0519 AM
[ReportManager] Successfully created attachment [Browser Action Test Data - CloseCurrentWindow - Actual Value] @28-11-2021 01:50:49.0519 A

################################################################################################################################################
Starting Execution:	[143 out of 146] test cases in the current suite
Test Method:		[testPackage01.Test_SelectedValue.multipleSelect]
################################################################################################################################################
[ReportManager] File Action [GetAbsolutePath] successfully performed. With the following test data [Relative Folder Path: "target/downloadedFiles/"]. @28-11-2021 01:50:49.0522 AM
[ReportManager] Attempting to run locally on: [Mac-64], [GoogleChrome], Headless Execution. @28-11-2021 01:50:49.0524 AM
[ReportManager] Identifying OS/Driver combination and selecting the correct driver version automatically. Please note that if a new driver executable will be downloaded it may take some time... @28-11-2021 01:50:49.0524 AM
[ReportManager] Successfully Opened Google Chrome. @28-11-2021 01:50:52.0521 AM
[ReportManager] Initial window size: (1920, 1080) @28-11-2021 01:50:52.0525 AM
[ReportManager] Window size after SWD Maximize: (1920, 1080) @28-11-2021 01:50:52.0634 AM
[ReportManager] Window size after Toolkit: (1920, 1080) @28-11-2021 01:50:53.0128 AM
[ReportManager] Browser Action [MaximizeWindow] successfully performed. With the following test data [New screen size is now: (1920, 1080)]. @28-11-2021 01:50:53.0132 AM
[ReportManager] Target URL: [https://yari-demos.prod.mdn.mozit.cloud/en-US/docs/Web/HTML/Element/select/_sample_.Advanced_select_with_multiple_features.html] @28-11-2021 01:50:53.0133 AM
[ReportManager] Initial URL: [data:,] @28-11-2021 01:50:53.0164 AM
[ReportManager] Browser Action [NavigateToURL] successfully performed. With the following test data [https://yari-demos.prod.mdn.mozit.cloud/en-US/docs/Web/HTML/Element/select/_sample_.Advanced_select_with_multiple_features.html]. @28-11-2021 01:50:53.0679 AM
[ReportManager] Element Action [Select] successfully performed. With the following test data [Dog]. @28-11-2021 01:50:53.0889 AM
[ReportManager] Element Action [Select] successfully performed. With the following test data [Cat]. @28-11-2021 01:50:54.0073 AM
[ReportManager] Element Action [GetSelectedText] successfully performed. With the following test data [DogCat]. @28-11-2021 01:50:54.0168 AM
[ReportManager] DogCat @28-11-2021 01:50:54.0168 AM
[ReportManager] Element Action [GetSelectedText] successfully performed. With the following test data [DogCat]. @28-11-2021 01:50:54.0245 AM
[ReportManager] Loaded Shared OpenCV @28-11-2021 01:50:54.0588 AM
[ReportManager] Assertion [ValidateElementAttribute] PASSED. Expected [Value Should be 'DogCat' for the 'selectedText' attribute, element locator 'By.tagName: select'] and Actual [DogCat]. Comparison Type [EQUALS]. Validation Type [POSITIVE]. @28-11-2021 01:50:54.0803 AM
[ReportManager] Successfully created attachment [Screenshot - 1638064254588_multipleSelect_ValidateElementAttribute_passed] @28-11-2021 01:50:54.0804 AM
[ReportManager] Browser Action [CloseCurrentWindow] successfully performed. @28-11-2021 01:50:55.0051 AM
[ReportManager] Successfully created attachment [Browser Action Test Data - CloseCurrentWindow - Actual Value] @28-11-2021 01:50:55.0052 A

################################################################################################################################################
Starting Execution:	[144 out of 146] test cases in the current suite
Test Method:		[testPackage01.Test_SelectedValue.simpleSelect]
################################################################################################################################################
[ReportManager] File Action [GetAbsolutePath] successfully performed. With the following test data [Relative Folder Path: "target/downloadedFiles/"]. @28-11-2021 01:50:55.0058 AM
[ReportManager] Attempting to run locally on: [Mac-64], [GoogleChrome], Headless Execution. @28-11-2021 01:50:55.0058 AM
[ReportManager] Identifying OS/Driver combination and selecting the correct driver version automatically. Please note that if a new driver executable will be downloaded it may take some time... @28-11-2021 01:50:55.0059 AM
[ReportManager] Successfully Opened Google Chrome. @28-11-2021 01:50:55.0660 AM
[ReportManager] Initial window size: (1920, 1080) @28-11-2021 01:50:55.0669 AM
[ReportManager] Window size after SWD Maximize: (1920, 1080) @28-11-2021 01:50:55.0805 AM
[ReportManager] Window size after Toolkit: (1920, 1080) @28-11-2021 01:50:56.0338 AM
[ReportManager] Browser Action [MaximizeWindow] successfully performed. With the following test data [New screen size is now: (1920, 1080)]. @28-11-2021 01:50:56.0340 AM
[ReportManager] Target URL: [https://yari-demos.prod.mdn.mozit.cloud/en-US/docs/Web/HTML/Element/select/_sample_.Basic_select.html] @28-11-2021 01:50:56.0341 AM
[ReportManager] Initial URL: [data:,] @28-11-2021 01:50:56.0365 AM
[ReportManager] Browser Action [NavigateToURL] successfully performed. With the following test data [https://yari-demos.prod.mdn.mozit.cloud/en-US/docs/Web/HTML/Element/select/_sample_.Basic_select.html]. @28-11-2021 01:50:56.0551 AM
[ReportManager] Element Action [Select] successfully performed. With the following test data [Third Value]. @28-11-2021 01:50:56.0787 AM
[ReportManager] Element Action [GetSelectedText] successfully performed. With the following test data [Third Value]. @28-11-2021 01:50:56.0856 AM
[ReportManager] Third Value @28-11-2021 01:50:56.0856 AM
[ReportManager] Element Action [GetSelectedText] successfully performed. With the following test data [Third Value]. @28-11-2021 01:50:56.0917 AM
[ReportManager] Loaded Shared OpenCV @28-11-2021 01:50:57.0356 AM
[ReportManager] Assertion [ValidateElementAttribute] PASSED. Expected [Value Should be 'Third Value' for the 'selectedText' attribute, element locator 'By.tagName: select'] and Actual [Third Value]. Comparison Type [EQUALS]. Validation Type [POSITIVE]. @28-11-2021 01:50:57.0515 AM
[ReportManager] Successfully created attachment [Screenshot - 1638064257356_simpleSelect_ValidateElementAttribute_passed] @28-11-2021 01:50:57.0516 AM
[ReportManager] Browser Action [CloseCurrentWindow] successfully performed. @28-11-2021 01:50:57.0662 AM
[ReportManager] Successfully created attachment [Browser Action Test Data - CloseCurrentWindow - Actual Value] @28-11-2021 01:50:57.0662 A
[ReportManager] File Action [GetAbsolutePath] successfully performed. With the following test data [Relative Folder Path: "target/downloadedFiles/"]. @28-11-2021 01:50:57.0664 AM
[ReportManager] Attempting to run locally on: [Mac-64], [Safari], Headless Execution. @28-11-2021 01:50:57.0665 AM
[ReportManager] Successfully Opened Safari. @28-11-2021 01:50:58.0482 AM
[ReportManager] Initial window size: (800, 600) @28-11-2021 01:50:58.0514 AM
[ReportManager] Window size after SWD Maximize: (1176, 803) @28-11-2021 01:50:58.0546 AM
[ReportManager] Browser Action [MaximizeWindow] successfully performed. With the following test data [New screen size is now: (1176, 803)]. @28-11-2021 01:50:58.0547 A

################################################################################################################################################
Starting Execution:	[145 out of 146] test cases in the current suite
Test Method:		[testPackage01.Test_dynamicLoading.dynamicLoading_elementIsHidden]
################################################################################################################################################
[ReportManager] Target URL: [https://the-internet.herokuapp.com/dynamic_loading/1] @28-11-2021 01:50:58.0551 AM
[ReportManager] Initial URL: [] @28-11-2021 01:50:58.0586 AM
[ReportManager] Browser Action [NavigateToURL] successfully performed. With the following test data [https://the-internet.herokuapp.com/dynamic_loading/1]. @28-11-2021 01:50:59.0698 AM
[ReportManager] Element Action [Click] successfully performed. With the following test data [By.xpath: //button[text()='Start']]. @28-11-2021 01:50:59.0944 AM
[ReportManager] Element Action [GetText] successfully performed. With the following test data [
    Hello World!
  ]. @28-11-2021 01:50:59.0979 A
[ReportManager] Browser Action [CloseCurrentWindow] successfully performed. @28-11-2021 01:51:00.0368 AM
[ReportManager] Successfully created attachment [Browser Action Test Data - CloseCurrentWindow - Actual Value] @28-11-2021 01:51:00.0369 A
[ReportManager] File Action [GetAbsolutePath] successfully performed. With the following test data [Relative Folder Path: "target/downloadedFiles/"]. @28-11-2021 01:51:00.0371 AM
[ReportManager] Attempting to run locally on: [Mac-64], [Safari], Headless Execution. @28-11-2021 01:51:00.0371 AM
[ReportManager] Successfully Opened Safari. @28-11-2021 01:51:01.0151 AM
[ReportManager] Initial window size: (800, 600) @28-11-2021 01:51:01.0182 AM
[ReportManager] Window size after SWD Maximize: (1176, 803) @28-11-2021 01:51:01.0207 AM
[ReportManager] Browser Action [MaximizeWindow] successfully performed. With the following test data [New screen size is now: (1176, 803)]. @28-11-2021 01:51:01.0207 A

################################################################################################################################################
Starting Execution:	[146 out of 146] test cases in the current suite
Test Method:		[testPackage01.Test_dynamicLoading.dynamicLoading_elementIsRendered]
################################################################################################################################################
[ReportManager] Target URL: [https://the-internet.herokuapp.com/dynamic_loading/2] @28-11-2021 01:51:01.0210 AM
[ReportManager] Initial URL: [] @28-11-2021 01:51:01.0248 AM
[ReportManager] Browser Action [NavigateToURL] successfully performed. With the following test data [https://the-internet.herokuapp.com/dynamic_loading/2]. @28-11-2021 01:51:02.0309 AM
[ReportManager] Element Action [Click] successfully performed. With the following test data [By.xpath: //button[text()='Start']]. @28-11-2021 01:51:02.0489 AM
[ReportManager] Element Action [GetText] successfully performed. With the following test data [Hello World!]. @28-11-2021 01:51:08.0075 AM
[ReportManager] Loaded Shared OpenCV @28-11-2021 01:51:08.0116 AM
[ReportManager] Assertion [ValidateElementAttribute] PASSED. Expected [Value Should be 'Hello World!' for the 'text' attribute, element locator 'By.id: finish'] and Actual [Hello World!]. Comparison Type [CONTAINS]. Validation Type [POSITIVE]. @28-11-2021 01:51:08.0198 AM
[ReportManager] Successfully created attachment [Screenshot - 1638064268116_dynamicLoading_elementIsRendered_ValidateElementAttribute_passed] @28-11-2021 01:51:08.0199 A
[ReportManager] Browser Action [CloseCurrentWindow] successfully performed. @28-11-2021 01:51:08.0494 AM
[ReportManager] Successfully created attachment [Browser Action Test Data - CloseCurrentWindow - Actual Value] @28-11-2021 01:51:08.0495 A
[ReportManager] Successfully created attachment [SHAFT Engine Logs - Execution log] @28-11-2021 01:51:08.0584 AM

################################################################################################################################################
This test run was powered by SHAFT Engine Version: [SHAFT Engine v5.4.20211122-BETA]
SHAFT Engine is licensed under the MIT License: [https://github.com/MohabMohie/SHAFT_ENGINE/blob/master/LICENSE].
################################################################################################################################################