################################################################################################################################################
Detected SHAFT Engine Version: [SHAFT Engine v5.3.20210902]
################################################################################################################################################

################################################################################################################################################
Starting Execution:	[1 out of 144] test cases in the current suite
Test Method:		[unitTests.tests_validations_assertions.assertComparativeRelation_greaterThanOrEquals_false_equals_expectedToFail]
################################################################################################################################################
[ReportManager] Assertion [ValidateComparativeRelation] FAILED. Expected [1] and Actual [1]. Comparison Type [GREATER_THAN_OR_EQUALS]. Validation Type [NEGATIVE]. @06-10-2021 01:53:36.0729 A

################################################################################################################################################
Starting Execution:	[2 out of 144] test cases in the current suite
Test Method:		[unitTests.tests_validations_assertions.assertComparativeRelation_greaterThanOrEquals_false_equals_expectedToPass]
################################################################################################################################################
[ReportManager] Assertion [ValidateComparativeRelation] PASSED. Expected [2] and Actual [1]. Comparison Type [GREATER_THAN_OR_EQUALS]. Validation Type [NEGATIVE]. @06-10-2021 01:53:36.0840 A

################################################################################################################################################
Starting Execution:	[3 out of 144] test cases in the current suite
Test Method:		[unitTests.tests_validations_assertions.assertComparativeRelation_greaterThanOrEquals_false_greaterThan_expectedToFail]
################################################################################################################################################
[ReportManager] Assertion [ValidateComparativeRelation] FAILED. Expected [1] and Actual [2]. Comparison Type [GREATER_THAN_OR_EQUALS]. Validation Type [NEGATIVE]. @06-10-2021 01:53:36.0846 A

################################################################################################################################################
Starting Execution:	[4 out of 144] test cases in the current suite
Test Method:		[unitTests.tests_validations_assertions.assertComparativeRelation_greaterThanOrEquals_false_greaterThan_expectedToPass]
################################################################################################################################################
[ReportManager] Assertion [ValidateComparativeRelation] PASSED. Expected [2] and Actual [1]. Comparison Type [GREATER_THAN_OR_EQUALS]. Validation Type [NEGATIVE]. @06-10-2021 01:53:36.0853 A

################################################################################################################################################
Starting Execution:	[5 out of 144] test cases in the current suite
Test Method:		[unitTests.tests_validations_assertions.assertComparativeRelation_greaterThanOrEquals_true_equals_expectedToFail]
################################################################################################################################################
[ReportManager] Assertion [ValidateComparativeRelation] FAILED. Expected [1] and Actual [0]. Comparison Type [GREATER_THAN_OR_EQUALS]. Validation Type [POSITIVE]. @06-10-2021 01:53:36.0859 A

################################################################################################################################################
Starting Execution:	[6 out of 144] test cases in the current suite
Test Method:		[unitTests.tests_validations_assertions.assertComparativeRelation_greaterThanOrEquals_true_equals_expectedToPass]
################################################################################################################################################
[ReportManager] Assertion [ValidateComparativeRelation] PASSED. Expected [1] and Actual [1]. Comparison Type [GREATER_THAN_OR_EQUALS]. Validation Type [POSITIVE]. @06-10-2021 01:53:36.0865 A

################################################################################################################################################
Starting Execution:	[7 out of 144] test cases in the current suite
Test Method:		[unitTests.tests_validations_assertions.assertComparativeRelation_greaterThanOrEquals_true_greaterThan_expectedToFail]
################################################################################################################################################
[ReportManager] Assertion [ValidateComparativeRelation] FAILED. Expected [2] and Actual [1]. Comparison Type [GREATER_THAN_OR_EQUALS]. Validation Type [POSITIVE]. @06-10-2021 01:53:36.0871 A

################################################################################################################################################
Starting Execution:	[8 out of 144] test cases in the current suite
Test Method:		[unitTests.tests_validations_assertions.assertComparativeRelation_greaterThanOrEquals_true_greaterThan_expectedToPass]
################################################################################################################################################
[ReportManager] Assertion [ValidateComparativeRelation] PASSED. Expected [1] and Actual [2]. Comparison Type [GREATER_THAN_OR_EQUALS]. Validation Type [POSITIVE]. @06-10-2021 01:53:36.0875 A
[ReportManager] File Action [GetAbsolutePath] successfully performed. With the following test data [Relative Folder Path: "target/downloadedFiles/"]. @06-10-2021 01:53:36.0887 AM
[ReportManager] Attempting to run remotely on: [Linux-64], [GoogleChrome], [http://localhost:4444/wd/hub], Headless Execution. @06-10-2021 01:53:36.0916 AM
[ReportManager] Successfully Opened [GoogleChrome]. @06-10-2021 01:53:38.0637 AM
[ReportManager] Target URL: [https://www.google.com/ncr], and after redirection: [www.google.com] @06-10-2021 01:53:38.0681 AM
[ReportManager] Initial URL: [data:,] @06-10-2021 01:53:38.0777 AM
[ReportManager] Browser Action [NavigateToURL] successfully performed. With the following test data [https://www.google.com/ncr]. @06-10-2021 01:53:40.0101 A

################################################################################################################################################
Starting Execution:	[9 out of 144] test cases in the current suite
Test Method:		[unitTests.tests_validations_assertions.assertElementAttribute_false_caseInsensitiveComparison_expectedToFail]
################################################################################################################################################
[ReportManager] Element Action [Type] successfully performed. With the following test data [AUTOMATION]. @06-10-2021 01:53:40.0712 AM
[ReportManager] Element Action [GetText] successfully performed. With the following test data [AUTOMATION]. @06-10-2021 01:53:40.0873 AM
[ReportManager] Loaded Shared OpenCV @06-10-2021 01:53:41.0622 AM
[ReportManager] Assertion [ValidateElementAttribute] FAILED. Expected [Value Should not be 'AutomaTion' for the 'text' attribute, element locator 'By.name: q'] and Actual [AUTOMATION]. Comparison Type [CASE_INSENSITIVE]. Validation Type [NEGATIVE]. @06-10-2021 01:53:41.0928 AM
[ReportManager] Successfully created attachment [Screenshot - 1633485221111_assertElementAttribute_false_caseInsensitiveComparison_expectedToFail_ValidateElementAttribute_failed] @06-10-2021 01:53:41.0957 A
[ReportManager] Browser Action [CloseCurrentWindow] successfully performed. @06-10-2021 01:53:42.0141 AM
[ReportManager] Successfully created attachment [Browser Action Test Data - CloseCurrentWindow - Actual Value] @06-10-2021 01:53:42.0149 A
[ReportManager] File Action [GetAbsolutePath] successfully performed. With the following test data [Relative Folder Path: "target/downloadedFiles/"]. @06-10-2021 01:53:42.0165 AM
[ReportManager] Attempting to run remotely on: [Linux-64], [GoogleChrome], [http://localhost:4444/wd/hub], Headless Execution. @06-10-2021 01:53:42.0165 AM
[ReportManager] Successfully Opened [GoogleChrome]. @06-10-2021 01:53:42.0547 AM
[ReportManager] Target URL: [https://www.google.com/ncr], and after redirection: [www.google.com] @06-10-2021 01:53:42.0582 AM
[ReportManager] Initial URL: [data:,] @06-10-2021 01:53:42.0660 AM
[ReportManager] Browser Action [NavigateToURL] successfully performed. With the following test data [https://www.google.com/ncr]. @06-10-2021 01:53:43.0633 A

################################################################################################################################################
Starting Execution:	[10 out of 144] test cases in the current suite
Test Method:		[unitTests.tests_validations_assertions.assertElementAttribute_false_caseInsensitiveComparison_expectedToPass]
################################################################################################################################################
[ReportManager] Element Action [Type] successfully performed. With the following test data [AUTOMATION]. @06-10-2021 01:53:44.0095 AM
[ReportManager] Element Action [GetText] successfully performed. With the following test data [AUTOMATION]. @06-10-2021 01:53:44.0259 AM
[ReportManager] Loaded Shared OpenCV @06-10-2021 01:53:44.0441 AM
[ReportManager] Assertion [ValidateElementAttribute] PASSED. Expected [Value Should not be 'AutomaTion123' for the 'text' attribute, element locator 'By.name: q'] and Actual [AUTOMATION]. Comparison Type [CASE_INSENSITIVE]. Validation Type [NEGATIVE]. @06-10-2021 01:53:44.0583 AM
[ReportManager] Successfully created attachment [Screenshot - 1633485224441_assertElementAttribute_false_caseInsensitiveComparison_expectedToPass_ValidateElementAttribute_passed] @06-10-2021 01:53:44.0587 A
[ReportManager] Browser Action [CloseCurrentWindow] successfully performed. @06-10-2021 01:53:44.0727 AM
[ReportManager] Successfully created attachment [Browser Action Test Data - CloseCurrentWindow - Actual Value] @06-10-2021 01:53:44.0728 A
[ReportManager] File Action [GetAbsolutePath] successfully performed. With the following test data [Relative Folder Path: "target/downloadedFiles/"]. @06-10-2021 01:53:44.0737 AM
[ReportManager] Attempting to run remotely on: [Linux-64], [GoogleChrome], [http://localhost:4444/wd/hub], Headless Execution. @06-10-2021 01:53:44.0738 AM
[ReportManager] Successfully Opened [GoogleChrome]. @06-10-2021 01:53:45.0006 AM
[ReportManager] Target URL: [https://www.google.com/ncr], and after redirection: [www.google.com] @06-10-2021 01:53:45.0027 AM
[ReportManager] Initial URL: [data:,] @06-10-2021 01:53:45.0111 AM
[ReportManager] Browser Action [NavigateToURL] successfully performed. With the following test data [https://www.google.com/ncr]. @06-10-2021 01:53:45.0992 A

################################################################################################################################################
Starting Execution:	[11 out of 144] test cases in the current suite
Test Method:		[unitTests.tests_validations_assertions.assertElementAttribute_false_containsComparison_expectedToFail]
################################################################################################################################################
[ReportManager] Element Action [Type] successfully performed. With the following test data [Automation123]. @06-10-2021 01:53:46.0433 AM
[ReportManager] Element Action [GetText] successfully performed. With the following test data [Automation123]. @06-10-2021 01:53:46.0583 AM
[ReportManager] Loaded Shared OpenCV @06-10-2021 01:53:46.0798 AM
[ReportManager] Assertion [ValidateElementAttribute] FAILED. Expected [Value Should not be 'Automation' for the 'text' attribute, element locator 'By.name: q'] and Actual [Automation123]. Comparison Type [CONTAINS]. Validation Type [NEGATIVE]. @06-10-2021 01:53:46.0879 AM
[ReportManager] Successfully created attachment [Screenshot - 1633485226798_assertElementAttribute_false_containsComparison_expectedToFail_ValidateElementAttribute_failed] @06-10-2021 01:53:46.0880 A
[ReportManager] Browser Action [CloseCurrentWindow] successfully performed. @06-10-2021 01:53:47.0037 AM
[ReportManager] Successfully created attachment [Browser Action Test Data - CloseCurrentWindow - Actual Value] @06-10-2021 01:53:47.0039 A
[ReportManager] File Action [GetAbsolutePath] successfully performed. With the following test data [Relative Folder Path: "target/downloadedFiles/"]. @06-10-2021 01:53:47.0056 AM
[ReportManager] Attempting to run remotely on: [Linux-64], [GoogleChrome], [http://localhost:4444/wd/hub], Headless Execution. @06-10-2021 01:53:47.0057 AM
[ReportManager] Successfully Opened [GoogleChrome]. @06-10-2021 01:53:47.0305 AM
[ReportManager] Target URL: [https://www.google.com/ncr], and after redirection: [www.google.com] @06-10-2021 01:53:47.0337 AM
[ReportManager] Initial URL: [data:,] @06-10-2021 01:53:47.0403 AM
[ReportManager] Browser Action [NavigateToURL] successfully performed. With the following test data [https://www.google.com/ncr]. @06-10-2021 01:53:48.0315 A

################################################################################################################################################
Starting Execution:	[12 out of 144] test cases in the current suite
Test Method:		[unitTests.tests_validations_assertions.assertElementAttribute_false_containsComparison_expectedToPass]
################################################################################################################################################
[ReportManager] Element Action [Type] successfully performed. With the following test data [Automation123]. @06-10-2021 01:53:48.0761 AM
[ReportManager] Element Action [GetText] successfully performed. With the following test data [Automation123]. @06-10-2021 01:53:48.0898 AM
[ReportManager] Loaded Shared OpenCV @06-10-2021 01:53:49.0046 AM
[ReportManager] Assertion [ValidateElementAttribute] PASSED. Expected [Value Should not be 'Automation1234' for the 'text' attribute, element locator 'By.name: q'] and Actual [Automation123]. Comparison Type [CONTAINS]. Validation Type [NEGATIVE]. @06-10-2021 01:53:49.0140 AM
[ReportManager] Successfully created attachment [Screenshot - 1633485229046_assertElementAttribute_false_containsComparison_expectedToPass_ValidateElementAttribute_passed] @06-10-2021 01:53:49.0141 A
[ReportManager] Browser Action [CloseCurrentWindow] successfully performed. @06-10-2021 01:53:49.0308 AM
[ReportManager] Successfully created attachment [Browser Action Test Data - CloseCurrentWindow - Actual Value] @06-10-2021 01:53:49.0309 A
[ReportManager] File Action [GetAbsolutePath] successfully performed. With the following test data [Relative Folder Path: "target/downloadedFiles/"]. @06-10-2021 01:53:49.0313 AM
[ReportManager] Attempting to run remotely on: [Linux-64], [GoogleChrome], [http://localhost:4444/wd/hub], Headless Execution. @06-10-2021 01:53:49.0313 AM
[ReportManager] Successfully Opened [GoogleChrome]. @06-10-2021 01:53:49.0550 AM
[ReportManager] Target URL: [https://www.google.com/ncr], and after redirection: [www.google.com] @06-10-2021 01:53:49.0566 AM
[ReportManager] Initial URL: [data:,] @06-10-2021 01:53:49.0621 AM
[ReportManager] Browser Action [NavigateToURL] successfully performed. With the following test data [https://www.google.com/ncr]. @06-10-2021 01:53:50.0501 A

################################################################################################################################################
Starting Execution:	[13 out of 144] test cases in the current suite
Test Method:		[unitTests.tests_validations_assertions.assertElementAttribute_false_literalComparison_expectedToFail]
################################################################################################################################################
[ReportManager] Element Action [Type] successfully performed. With the following test data [Automation!@#$%^&*()_+{}[]\';/.,]. @06-10-2021 01:53:51.0035 AM
[ReportManager] Element Action [GetText] successfully performed. With the following test data [Automation!@#$%^&*()_+{}[]\';/.,]. @06-10-2021 01:53:51.0174 AM
[ReportManager] Loaded Shared OpenCV @06-10-2021 01:53:51.0359 AM
[ReportManager] Assertion [ValidateElementAttribute] PASSED. Expected [Value Should not be 'Automation!@#$%^&*()_+{}[]\\';/.,' for the 'text' attribute, element locator 'By.name: q'] and Actual [Automation!@#$%^&*()_+{}[]\';/.,]. Comparison Type [EQUALS]. Validation Type [NEGATIVE]. @06-10-2021 01:53:51.0443 AM
[ReportManager] Successfully created attachment [Screenshot - 1633485231359_assertElementAttribute_false_literalComparison_expectedToFail_ValidateElementAttribute_passed] @06-10-2021 01:53:51.0445 A
[ReportManager] Browser Action [CloseCurrentWindow] successfully performed. @06-10-2021 01:53:51.0586 AM
[ReportManager] Successfully created attachment [Browser Action Test Data - CloseCurrentWindow - Actual Value] @06-10-2021 01:53:51.0587 A
[ReportManager] File Action [GetAbsolutePath] successfully performed. With the following test data [Relative Folder Path: "target/downloadedFiles/"]. @06-10-2021 01:53:51.0596 AM
[ReportManager] Attempting to run remotely on: [Linux-64], [GoogleChrome], [http://localhost:4444/wd/hub], Headless Execution. @06-10-2021 01:53:51.0596 AM
[ReportManager] Successfully Opened [GoogleChrome]. @06-10-2021 01:53:51.0865 AM
[ReportManager] Target URL: [https://www.google.com/ncr], and after redirection: [www.google.com] @06-10-2021 01:53:51.0885 AM
[ReportManager] Initial URL: [data:,] @06-10-2021 01:53:51.0947 AM
[ReportManager] Browser Action [NavigateToURL] successfully performed. With the following test data [https://www.google.com/ncr]. @06-10-2021 01:53:52.0870 A

################################################################################################################################################
Starting Execution:	[14 out of 144] test cases in the current suite
Test Method:		[unitTests.tests_validations_assertions.assertElementAttribute_false_literalComparison_expectedToPass]
################################################################################################################################################
[ReportManager] Element Action [Type] successfully performed. With the following test data [Automation!@#$%^&*()_+{}[]\';/.,]. @06-10-2021 01:53:53.0388 AM
[ReportManager] Element Action [GetText] successfully performed. With the following test data [Automation!@#$%^&*()_+{}[]\';/.,]. @06-10-2021 01:53:53.0511 AM
[ReportManager] Loaded Shared OpenCV @06-10-2021 01:53:53.0671 AM
[ReportManager] Assertion [ValidateElementAttribute] PASSED. Expected [Value Should not be 'Automation' for the 'text' attribute, element locator 'By.name: q'] and Actual [Automation!@#$%^&*()_+{}[]\';/.,]. Comparison Type [EQUALS]. Validation Type [NEGATIVE]. @06-10-2021 01:53:53.0761 AM
[ReportManager] Successfully created attachment [Screenshot - 1633485233671_assertElementAttribute_false_literalComparison_expectedToPass_ValidateElementAttribute_passed] @06-10-2021 01:53:53.0763 A
[ReportManager] Browser Action [CloseCurrentWindow] successfully performed. @06-10-2021 01:53:53.0907 AM
[ReportManager] Successfully created attachment [Browser Action Test Data - CloseCurrentWindow - Actual Value] @06-10-2021 01:53:53.0908 A
[ReportManager] File Action [GetAbsolutePath] successfully performed. With the following test data [Relative Folder Path: "target/downloadedFiles/"]. @06-10-2021 01:53:53.0911 AM
[ReportManager] Attempting to run remotely on: [Linux-64], [GoogleChrome], [http://localhost:4444/wd/hub], Headless Execution. @06-10-2021 01:53:53.0912 AM
[ReportManager] Successfully Opened [GoogleChrome]. @06-10-2021 01:53:54.0209 AM
[ReportManager] Target URL: [https://www.google.com/ncr], and after redirection: [www.google.com] @06-10-2021 01:53:54.0229 AM
[ReportManager] Initial URL: [data:,] @06-10-2021 01:53:54.0354 AM
[ReportManager] Browser Action [NavigateToURL] successfully performed. With the following test data [https://www.google.com/ncr]. @06-10-2021 01:53:55.0345 A

################################################################################################################################################
Starting Execution:	[15 out of 144] test cases in the current suite
Test Method:		[unitTests.tests_validations_assertions.assertElementAttribute_false_regexComparison_expectedToFail]
################################################################################################################################################
[ReportManager] Element Action [Type] successfully performed. With the following test data [Automation123]. @06-10-2021 01:53:55.0766 AM
[ReportManager] Element Action [GetText] successfully performed. With the following test data [Automation123]. @06-10-2021 01:53:55.0906 AM
[ReportManager] Loaded Shared OpenCV @06-10-2021 01:53:56.0060 AM
[ReportManager] Assertion [ValidateElementAttribute] FAILED. Expected [Value Should not be 'Automation.*' for the 'text' attribute, element locator 'By.name: q'] and Actual [Automation123]. Comparison Type [MATCHES]. Validation Type [NEGATIVE]. @06-10-2021 01:53:56.0144 AM
[ReportManager] Successfully created attachment [Screenshot - 1633485236060_assertElementAttribute_false_regexComparison_expectedToFail_ValidateElementAttribute_failed] @06-10-2021 01:53:56.0145 A
[ReportManager] Browser Action [CloseCurrentWindow] successfully performed. @06-10-2021 01:53:56.0285 AM
[ReportManager] Successfully created attachment [Browser Action Test Data - CloseCurrentWindow - Actual Value] @06-10-2021 01:53:56.0288 A
[ReportManager] File Action [GetAbsolutePath] successfully performed. With the following test data [Relative Folder Path: "target/downloadedFiles/"]. @06-10-2021 01:53:56.0296 AM
[ReportManager] Attempting to run remotely on: [Linux-64], [GoogleChrome], [http://localhost:4444/wd/hub], Headless Execution. @06-10-2021 01:53:56.0296 AM
[ReportManager] Successfully Opened [GoogleChrome]. @06-10-2021 01:53:56.0555 AM
[ReportManager] Target URL: [https://www.google.com/ncr], and after redirection: [www.google.com] @06-10-2021 01:53:56.0577 AM
[ReportManager] Initial URL: [data:,] @06-10-2021 01:53:56.0640 AM
[ReportManager] Browser Action [NavigateToURL] successfully performed. With the following test data [https://www.google.com/ncr]. @06-10-2021 01:53:59.0133 A

################################################################################################################################################
Starting Execution:	[16 out of 144] test cases in the current suite
Test Method:		[unitTests.tests_validations_assertions.assertElementAttribute_false_regexComparison_expectedToPass]
################################################################################################################################################
[ReportManager] Element Action [Type] successfully performed. With the following test data [Automation123]. @06-10-2021 01:53:59.0596 AM
[ReportManager] Element Action [GetText] successfully performed. With the following test data [Automation123]. @06-10-2021 01:53:59.0756 AM
[ReportManager] Loaded Shared OpenCV @06-10-2021 01:53:59.0922 AM
[ReportManager] Assertion [ValidateElementAttribute] PASSED. Expected [Value Should not be 'Automation' for the 'text' attribute, element locator 'By.name: q'] and Actual [Automation123]. Comparison Type [MATCHES]. Validation Type [NEGATIVE]. @06-10-2021 01:54:00.0006 AM
[ReportManager] Successfully created attachment [Screenshot - 1633485239921_assertElementAttribute_false_regexComparison_expectedToPass_ValidateElementAttribute_passed] @06-10-2021 01:54:00.0007 A
[ReportManager] Browser Action [CloseCurrentWindow] successfully performed. @06-10-2021 01:54:00.0159 AM
[ReportManager] Successfully created attachment [Browser Action Test Data - CloseCurrentWindow - Actual Value] @06-10-2021 01:54:00.0160 A
[ReportManager] File Action [GetAbsolutePath] successfully performed. With the following test data [Relative Folder Path: "target/downloadedFiles/"]. @06-10-2021 01:54:00.0171 AM
[ReportManager] Attempting to run remotely on: [Linux-64], [GoogleChrome], [http://localhost:4444/wd/hub], Headless Execution. @06-10-2021 01:54:00.0172 AM
[ReportManager] Successfully Opened [GoogleChrome]. @06-10-2021 01:54:00.0387 AM
[ReportManager] Target URL: [https://www.google.com/ncr], and after redirection: [www.google.com] @06-10-2021 01:54:00.0401 AM
[ReportManager] Initial URL: [data:,] @06-10-2021 01:54:00.0456 AM
[ReportManager] Browser Action [NavigateToURL] successfully performed. With the following test data [https://www.google.com/ncr]. @06-10-2021 01:54:01.0366 A

################################################################################################################################################
Starting Execution:	[17 out of 144] test cases in the current suite
Test Method:		[unitTests.tests_validations_assertions.assertElementAttribute_true_caseInsensitiveComparison_expectedToFail]
################################################################################################################################################
[ReportManager] Element Action [Type] successfully performed. With the following test data [AUTOMATION]. @06-10-2021 01:54:01.0785 AM
[ReportManager] Element Action [GetText] successfully performed. With the following test data [AUTOMATION]. @06-10-2021 01:54:01.0942 AM
[ReportManager] Loaded Shared OpenCV @06-10-2021 01:54:02.0088 AM
[ReportManager] Assertion [ValidateElementAttribute] FAILED. Expected [Value Should be 'AutomaTion123' for the 'text' attribute, element locator 'By.name: q'] and Actual [AUTOMATION]. Comparison Type [CASE_INSENSITIVE]. Validation Type [POSITIVE]. @06-10-2021 01:54:02.0173 AM
[ReportManager] Successfully created attachment [Screenshot - 1633485242088_assertElementAttribute_true_caseInsensitiveComparison_expectedToFail_ValidateElementAttribute_failed] @06-10-2021 01:54:02.0174 A
[ReportManager] Browser Action [CloseCurrentWindow] successfully performed. @06-10-2021 01:54:02.0319 AM
[ReportManager] Successfully created attachment [Browser Action Test Data - CloseCurrentWindow - Actual Value] @06-10-2021 01:54:02.0330 A
[ReportManager] File Action [GetAbsolutePath] successfully performed. With the following test data [Relative Folder Path: "target/downloadedFiles/"]. @06-10-2021 01:54:02.0334 AM
[ReportManager] Attempting to run remotely on: [Linux-64], [GoogleChrome], [http://localhost:4444/wd/hub], Headless Execution. @06-10-2021 01:54:02.0334 AM
[ReportManager] Successfully Opened [GoogleChrome]. @06-10-2021 01:54:02.0592 AM
[ReportManager] Target URL: [https://www.google.com/ncr], and after redirection: [www.google.com] @06-10-2021 01:54:02.0604 AM
[ReportManager] Initial URL: [data:,] @06-10-2021 01:54:02.0651 AM
[ReportManager] Browser Action [NavigateToURL] successfully performed. With the following test data [https://www.google.com/ncr]. @06-10-2021 01:54:03.0527 A

################################################################################################################################################
Starting Execution:	[18 out of 144] test cases in the current suite
Test Method:		[unitTests.tests_validations_assertions.assertElementAttribute_true_caseInsensitiveComparison_expectedToPass]
################################################################################################################################################
[ReportManager] Element Action [Type] successfully performed. With the following test data [AUTOMATION]. @06-10-2021 01:54:03.0935 AM
[ReportManager] Element Action [GetText] successfully performed. With the following test data [AUTOMATION]. @06-10-2021 01:54:04.0045 AM
[ReportManager] Loaded Shared OpenCV @06-10-2021 01:54:04.0203 AM
[ReportManager] Assertion [ValidateElementAttribute] PASSED. Expected [Value Should be 'AutomaTion' for the 'text' attribute, element locator 'By.name: q'] and Actual [AUTOMATION]. Comparison Type [CASE_INSENSITIVE]. Validation Type [POSITIVE]. @06-10-2021 01:54:04.0284 AM
[ReportManager] Successfully created attachment [Screenshot - 1633485244203_assertElementAttribute_true_caseInsensitiveComparison_expectedToPass_ValidateElementAttribute_passed] @06-10-2021 01:54:04.0285 A
[ReportManager] Browser Action [CloseCurrentWindow] successfully performed. @06-10-2021 01:54:04.0449 AM
[ReportManager] Successfully created attachment [Browser Action Test Data - CloseCurrentWindow - Actual Value] @06-10-2021 01:54:04.0450 A
[ReportManager] File Action [GetAbsolutePath] successfully performed. With the following test data [Relative Folder Path: "target/downloadedFiles/"]. @06-10-2021 01:54:04.0453 AM
[ReportManager] Attempting to run remotely on: [Linux-64], [GoogleChrome], [http://localhost:4444/wd/hub], Headless Execution. @06-10-2021 01:54:04.0453 AM
[ReportManager] Successfully Opened [GoogleChrome]. @06-10-2021 01:54:04.0696 AM
[ReportManager] Target URL: [https://www.google.com/ncr], and after redirection: [www.google.com] @06-10-2021 01:54:04.0709 AM
[ReportManager] Initial URL: [data:,] @06-10-2021 01:54:04.0764 AM
[ReportManager] Browser Action [NavigateToURL] successfully performed. With the following test data [https://www.google.com/ncr]. @06-10-2021 01:54:05.0728 A

################################################################################################################################################
Starting Execution:	[19 out of 144] test cases in the current suite
Test Method:		[unitTests.tests_validations_assertions.assertElementAttribute_true_containsComparison_expectedToFail]
################################################################################################################################################
[ReportManager] Element Action [Type] successfully performed. With the following test data [Automation123]. @06-10-2021 01:54:06.0102 AM
[ReportManager] Element Action [GetText] successfully performed. With the following test data [Automation123]. @06-10-2021 01:54:06.0251 AM
[ReportManager] Loaded Shared OpenCV @06-10-2021 01:54:06.0412 AM
[ReportManager] Assertion [ValidateElementAttribute] FAILED. Expected [Value Should be 'Automation1234' for the 'text' attribute, element locator 'By.name: q'] and Actual [Automation123]. Comparison Type [CONTAINS]. Validation Type [POSITIVE]. @06-10-2021 01:54:06.0490 AM
[ReportManager] Successfully created attachment [Screenshot - 1633485246412_assertElementAttribute_true_containsComparison_expectedToFail_ValidateElementAttribute_failed] @06-10-2021 01:54:06.0491 A
[ReportManager] Browser Action [CloseCurrentWindow] successfully performed. @06-10-2021 01:54:06.0635 AM
[ReportManager] Successfully created attachment [Browser Action Test Data - CloseCurrentWindow - Actual Value] @06-10-2021 01:54:06.0636 A
[ReportManager] File Action [GetAbsolutePath] successfully performed. With the following test data [Relative Folder Path: "target/downloadedFiles/"]. @06-10-2021 01:54:06.0639 AM
[ReportManager] Attempting to run remotely on: [Linux-64], [GoogleChrome], [http://localhost:4444/wd/hub], Headless Execution. @06-10-2021 01:54:06.0639 AM
[ReportManager] Successfully Opened [GoogleChrome]. @06-10-2021 01:54:06.0898 AM
[ReportManager] Target URL: [https://www.google.com/ncr], and after redirection: [www.google.com] @06-10-2021 01:54:06.0911 AM
[ReportManager] Initial URL: [data:,] @06-10-2021 01:54:06.0956 AM
[ReportManager] Browser Action [NavigateToURL] successfully performed. With the following test data [https://www.google.com/ncr]. @06-10-2021 01:54:07.0842 A

################################################################################################################################################
Starting Execution:	[20 out of 144] test cases in the current suite
Test Method:		[unitTests.tests_validations_assertions.assertElementAttribute_true_containsComparison_expectedToPass]
################################################################################################################################################
[ReportManager] Element Action [Type] successfully performed. With the following test data [Automation123]. @06-10-2021 01:54:08.0223 AM
[ReportManager] Element Action [GetText] successfully performed. With the following test data [Automation123]. @06-10-2021 01:54:08.0349 AM
[ReportManager] Loaded Shared OpenCV @06-10-2021 01:54:08.0495 AM
[ReportManager] Assertion [ValidateElementAttribute] PASSED. Expected [Value Should be 'Automation' for the 'text' attribute, element locator 'By.name: q'] and Actual [Automation123]. Comparison Type [CONTAINS]. Validation Type [POSITIVE]. @06-10-2021 01:54:08.0575 AM
[ReportManager] Successfully created attachment [Screenshot - 1633485248495_assertElementAttribute_true_containsComparison_expectedToPass_ValidateElementAttribute_passed] @06-10-2021 01:54:08.0576 A
[ReportManager] Browser Action [CloseCurrentWindow] successfully performed. @06-10-2021 01:54:08.0716 AM
[ReportManager] Successfully created attachment [Browser Action Test Data - CloseCurrentWindow - Actual Value] @06-10-2021 01:54:08.0716 A
[ReportManager] File Action [GetAbsolutePath] successfully performed. With the following test data [Relative Folder Path: "target/downloadedFiles/"]. @06-10-2021 01:54:08.0720 AM
[ReportManager] Attempting to run remotely on: [Linux-64], [GoogleChrome], [http://localhost:4444/wd/hub], Headless Execution. @06-10-2021 01:54:08.0720 AM
[ReportManager] Successfully Opened [GoogleChrome]. @06-10-2021 01:54:08.0988 AM
[ReportManager] Target URL: [https://www.google.com/ncr], and after redirection: [www.google.com] @06-10-2021 01:54:09.0007 AM
[ReportManager] Initial URL: [data:,] @06-10-2021 01:54:09.0060 AM
[ReportManager] Browser Action [NavigateToURL] successfully performed. With the following test data [https://www.google.com/ncr]. @06-10-2021 01:54:09.0915 A

################################################################################################################################################
Starting Execution:	[21 out of 144] test cases in the current suite
Test Method:		[unitTests.tests_validations_assertions.assertElementAttribute_true_literalComparison_expectedToFail]
################################################################################################################################################
[ReportManager] Element Action [Type] successfully performed. With the following test data [Automation!@#$%^&*()_+{}[]\';/.,]. @06-10-2021 01:54:10.0394 AM
[ReportManager] Element Action [GetText] successfully performed. With the following test data [Automation!@#$%^&*()_+{}[]\';/.,]. @06-10-2021 01:54:10.0535 AM
[ReportManager] Loaded Shared OpenCV @06-10-2021 01:54:10.0711 AM
[ReportManager] Assertion [ValidateElementAttribute] FAILED. Expected [Value Should be 'Automation' for the 'text' attribute, element locator 'By.name: q'] and Actual [Automation!@#$%^&*()_+{}[]\';/.,]. Comparison Type [EQUALS]. Validation Type [POSITIVE]. @06-10-2021 01:54:10.0810 AM
[ReportManager] Successfully created attachment [Screenshot - 1633485250710_assertElementAttribute_true_literalComparison_expectedToFail_ValidateElementAttribute_failed] @06-10-2021 01:54:10.0811 A
[ReportManager] Browser Action [CloseCurrentWindow] successfully performed. @06-10-2021 01:54:10.0947 AM
[ReportManager] Successfully created attachment [Browser Action Test Data - CloseCurrentWindow - Actual Value] @06-10-2021 01:54:10.0948 A
[ReportManager] File Action [GetAbsolutePath] successfully performed. With the following test data [Relative Folder Path: "target/downloadedFiles/"]. @06-10-2021 01:54:10.0951 AM
[ReportManager] Attempting to run remotely on: [Linux-64], [GoogleChrome], [http://localhost:4444/wd/hub], Headless Execution. @06-10-2021 01:54:10.0951 AM
[ReportManager] Successfully Opened [GoogleChrome]. @06-10-2021 01:54:11.0177 AM
[ReportManager] Target URL: [https://www.google.com/ncr], and after redirection: [www.google.com] @06-10-2021 01:54:11.0190 AM
[ReportManager] Initial URL: [data:,] @06-10-2021 01:54:11.0238 AM
[ReportManager] Browser Action [NavigateToURL] successfully performed. With the following test data [https://www.google.com/ncr]. @06-10-2021 01:54:12.0205 A

################################################################################################################################################
Starting Execution:	[22 out of 144] test cases in the current suite
Test Method:		[unitTests.tests_validations_assertions.assertElementAttribute_true_literalComparison_expectedToPass]
################################################################################################################################################
[ReportManager] Element Action [Type] successfully performed. With the following test data [Automation!@#$%^&*()_+{}[]\';/.,]. @06-10-2021 01:54:12.0703 AM
[ReportManager] Element Action [GetText] successfully performed. With the following test data [Automation!@#$%^&*()_+{}[]\';/.,]. @06-10-2021 01:54:12.0809 AM
[ReportManager] Loaded Shared OpenCV @06-10-2021 01:54:12.0952 AM
[ReportManager] Assertion [ValidateElementAttribute] PASSED. Expected [Value Should be 'Automation!@#$%^&*()_+{}[]\';/.,' for the 'text' attribute, element locator 'By.name: q'] and Actual [Automation!@#$%^&*()_+{}[]\';/.,]. Comparison Type [EQUALS]. Validation Type [POSITIVE]. @06-10-2021 01:54:13.0037 AM
[ReportManager] Successfully created attachment [Screenshot - 1633485252951_assertElementAttribute_true_literalComparison_expectedToPass_ValidateElementAttribute_passed] @06-10-2021 01:54:13.0038 A
[ReportManager] Browser Action [CloseCurrentWindow] successfully performed. @06-10-2021 01:54:13.0181 AM
[ReportManager] Successfully created attachment [Browser Action Test Data - CloseCurrentWindow - Actual Value] @06-10-2021 01:54:13.0182 A
[ReportManager] File Action [GetAbsolutePath] successfully performed. With the following test data [Relative Folder Path: "target/downloadedFiles/"]. @06-10-2021 01:54:13.0185 AM
[ReportManager] Attempting to run remotely on: [Linux-64], [GoogleChrome], [http://localhost:4444/wd/hub], Headless Execution. @06-10-2021 01:54:13.0185 AM
[ReportManager] Successfully Opened [GoogleChrome]. @06-10-2021 01:54:13.0403 AM
[ReportManager] Target URL: [https://www.google.com/ncr], and after redirection: [www.google.com] @06-10-2021 01:54:13.0414 AM
[ReportManager] Initial URL: [data:,] @06-10-2021 01:54:13.0454 AM
[ReportManager] Browser Action [NavigateToURL] successfully performed. With the following test data [https://www.google.com/ncr]. @06-10-2021 01:54:14.0426 A

################################################################################################################################################
Starting Execution:	[23 out of 144] test cases in the current suite
Test Method:		[unitTests.tests_validations_assertions.assertElementAttribute_true_regexComparison_expectedToFail]
################################################################################################################################################
[ReportManager] Element Action [Type] successfully performed. With the following test data [Automation123]. @06-10-2021 01:54:14.0794 AM
[ReportManager] Element Action [GetText] successfully performed. With the following test data [Automation123]. @06-10-2021 01:54:14.0911 AM
[ReportManager] Loaded Shared OpenCV @06-10-2021 01:54:15.0060 AM
[ReportManager] Assertion [ValidateElementAttribute] FAILED. Expected [Value Should be 'Automation' for the 'text' attribute, element locator 'By.name: q'] and Actual [Automation123]. Comparison Type [MATCHES]. Validation Type [POSITIVE]. @06-10-2021 01:54:15.0139 AM
[ReportManager] Successfully created attachment [Screenshot - 1633485255060_assertElementAttribute_true_regexComparison_expectedToFail_ValidateElementAttribute_failed] @06-10-2021 01:54:15.0140 A
[ReportManager] Browser Action [CloseCurrentWindow] successfully performed. @06-10-2021 01:54:15.0265 AM
[ReportManager] Successfully created attachment [Browser Action Test Data - CloseCurrentWindow - Actual Value] @06-10-2021 01:54:15.0266 A
[ReportManager] File Action [GetAbsolutePath] successfully performed. With the following test data [Relative Folder Path: "target/downloadedFiles/"]. @06-10-2021 01:54:15.0270 AM
[ReportManager] Attempting to run remotely on: [Linux-64], [GoogleChrome], [http://localhost:4444/wd/hub], Headless Execution. @06-10-2021 01:54:15.0270 AM
[ReportManager] Successfully Opened [GoogleChrome]. @06-10-2021 01:54:15.0484 AM
[ReportManager] Target URL: [https://www.google.com/ncr], and after redirection: [www.google.com] @06-10-2021 01:54:15.0495 AM
[ReportManager] Initial URL: [data:,] @06-10-2021 01:54:15.0560 AM
[ReportManager] Browser Action [NavigateToURL] successfully performed. With the following test data [https://www.google.com/ncr]. @06-10-2021 01:54:16.0457 A

################################################################################################################################################
Starting Execution:	[24 out of 144] test cases in the current suite
Test Method:		[unitTests.tests_validations_assertions.assertElementAttribute_true_regexComparison_expectedToPass]
################################################################################################################################################
[ReportManager] Element Action [Type] successfully performed. With the following test data [Automation123]. @06-10-2021 01:54:16.0871 AM
[ReportManager] Element Action [GetText] successfully performed. With the following test data [Automation123]. @06-10-2021 01:54:16.0995 AM
[ReportManager] Loaded Shared OpenCV @06-10-2021 01:54:17.0124 AM
[ReportManager] Assertion [ValidateElementAttribute] PASSED. Expected [Value Should be 'Automation.*' for the 'text' attribute, element locator 'By.name: q'] and Actual [Automation123]. Comparison Type [MATCHES]. Validation Type [POSITIVE]. @06-10-2021 01:54:17.0199 AM
[ReportManager] Successfully created attachment [Screenshot - 1633485257124_assertElementAttribute_true_regexComparison_expectedToPass_ValidateElementAttribute_passed] @06-10-2021 01:54:17.0200 A
[ReportManager] Browser Action [CloseCurrentWindow] successfully performed. @06-10-2021 01:54:17.0343 AM
[ReportManager] Successfully created attachment [Browser Action Test Data - CloseCurrentWindow - Actual Value] @06-10-2021 01:54:17.0344 A
[ReportManager] File Action [GetAbsolutePath] successfully performed. With the following test data [Relative Folder Path: "target/downloadedFiles/"]. @06-10-2021 01:54:17.0346 AM
[ReportManager] Attempting to run remotely on: [Linux-64], [GoogleChrome], [http://localhost:4444/wd/hub], Headless Execution. @06-10-2021 01:54:17.0347 AM
[ReportManager] Successfully Opened [GoogleChrome]. @06-10-2021 01:54:17.0622 AM
[ReportManager] Target URL: [https://www.google.com/ncr], and after redirection: [www.google.com] @06-10-2021 01:54:17.0632 AM
[ReportManager] Initial URL: [data:,] @06-10-2021 01:54:17.0681 AM
[ReportManager] Browser Action [NavigateToURL] successfully performed. With the following test data [https://www.google.com/ncr]. @06-10-2021 01:54:18.0550 A

################################################################################################################################################
Starting Execution:	[25 out of 144] test cases in the current suite
Test Method:		[unitTests.tests_validations_assertions.assertElementAttribute_type_true_literalComparison_expectedToPass]
################################################################################################################################################
[ReportManager] Element Action [Type] successfully performed. With the following test data [Automation!@#$%^&*()_+{}[]\';/.,]. @06-10-2021 01:54:19.0090 AM
[ReportManager] Element Action [GetText] successfully performed. With the following test data [Automation!@#$%^&*()_+{}[]\';/.,]. @06-10-2021 01:54:19.0202 AM
[ReportManager] Loaded Shared OpenCV @06-10-2021 01:54:19.0351 AM
[ReportManager] Assertion [ValidateElementAttribute] PASSED. Expected [Value Should be 'Automation!@#$%^&*()_+{}[]\';/.,' for the 'text' attribute, element locator 'By.name: q'] and Actual [Automation!@#$%^&*()_+{}[]\';/.,]. Comparison Type [EQUALS]. Validation Type [POSITIVE]. @06-10-2021 01:54:19.0435 AM
[ReportManager] Successfully created attachment [Screenshot - 1633485259351_assertElementAttribute_type_true_literalComparison_expectedToPass_ValidateElementAttribute_passed] @06-10-2021 01:54:19.0436 A
[ReportManager] Browser Action [CloseCurrentWindow] successfully performed. @06-10-2021 01:54:19.0566 AM
[ReportManager] Successfully created attachment [Browser Action Test Data - CloseCurrentWindow - Actual Value] @06-10-2021 01:54:19.0567 A
[ReportManager] File Action [GetAbsolutePath] successfully performed. With the following test data [Relative Folder Path: "target/downloadedFiles/"]. @06-10-2021 01:54:19.0570 AM
[ReportManager] Attempting to run remotely on: [Linux-64], [GoogleChrome], [http://localhost:4444/wd/hub], Headless Execution. @06-10-2021 01:54:19.0570 AM
[ReportManager] Successfully Opened [GoogleChrome]. @06-10-2021 01:54:19.0785 AM
[ReportManager] Target URL: [https://www.google.com/ncr], and after redirection: [www.google.com] @06-10-2021 01:54:19.0798 AM
[ReportManager] Initial URL: [data:,] @06-10-2021 01:54:19.0860 AM
[ReportManager] Browser Action [NavigateToURL] successfully performed. With the following test data [https://www.google.com/ncr]. @06-10-2021 01:54:20.0679 A

################################################################################################################################################
Starting Execution:	[26 out of 144] test cases in the current suite
Test Method:		[unitTests.tests_validations_assertions.assertElementExists_false_expectedToFail]
################################################################################################################################################
[ReportManager] Assertion [ValidateElementExists] PASSED. Expected [Element Should not Exist, locator 'By.id: hplogo'] and Actual [Element Doesn't Exists]. Comparison Type [EQUALS]. Validation Type [NEGATIVE]. @06-10-2021 01:54:31.0105 AM
[ReportManager] Successfully created attachment [Screenshot - 1633485271027_assertElementExists_false_expectedToFail_ValidateElementExists_passed] @06-10-2021 01:54:31.0106 A
[ReportManager] Browser Action [CloseCurrentWindow] successfully performed. @06-10-2021 01:54:31.0236 AM
[ReportManager] Successfully created attachment [Browser Action Test Data - CloseCurrentWindow - Actual Value] @06-10-2021 01:54:31.0237 A
[ReportManager] File Action [GetAbsolutePath] successfully performed. With the following test data [Relative Folder Path: "target/downloadedFiles/"]. @06-10-2021 01:54:31.0240 AM
[ReportManager] Attempting to run remotely on: [Linux-64], [GoogleChrome], [http://localhost:4444/wd/hub], Headless Execution. @06-10-2021 01:54:31.0241 AM
[ReportManager] Successfully Opened [GoogleChrome]. @06-10-2021 01:54:31.0454 AM
[ReportManager] Target URL: [https://www.google.com/ncr], and after redirection: [www.google.com] @06-10-2021 01:54:31.0471 AM
[ReportManager] Initial URL: [data:,] @06-10-2021 01:54:31.0516 AM
[ReportManager] Browser Action [NavigateToURL] successfully performed. With the following test data [https://www.google.com/ncr]. @06-10-2021 01:54:32.0408 A

################################################################################################################################################
Starting Execution:	[27 out of 144] test cases in the current suite
Test Method:		[unitTests.tests_validations_assertions.assertElementExists_false_expectedToPass]
################################################################################################################################################
[ReportManager] Assertion [ValidateElementExists] PASSED. Expected [Element Should not Exist, locator 'By.id: fakeElement'] and Actual [Element Doesn't Exists]. Comparison Type [EQUALS]. Validation Type [NEGATIVE]. @06-10-2021 01:54:42.0821 AM
[ReportManager] Successfully created attachment [Screenshot - 1633485282752_assertElementExists_false_expectedToPass_ValidateElementExists_passed] @06-10-2021 01:54:42.0821 A
[ReportManager] Browser Action [CloseCurrentWindow] successfully performed. @06-10-2021 01:54:42.0986 AM
[ReportManager] Successfully created attachment [Browser Action Test Data - CloseCurrentWindow - Actual Value] @06-10-2021 01:54:42.0987 A
[ReportManager] File Action [GetAbsolutePath] successfully performed. With the following test data [Relative Folder Path: "target/downloadedFiles/"]. @06-10-2021 01:54:42.0992 AM
[ReportManager] Attempting to run remotely on: [Linux-64], [GoogleChrome], [http://localhost:4444/wd/hub], Headless Execution. @06-10-2021 01:54:42.0993 AM
[ReportManager] Successfully Opened [GoogleChrome]. @06-10-2021 01:54:43.0214 AM
[ReportManager] Target URL: [https://www.google.com/ncr], and after redirection: [www.google.com] @06-10-2021 01:54:43.0227 AM
[ReportManager] Initial URL: [data:,] @06-10-2021 01:54:43.0269 AM
[ReportManager] Browser Action [NavigateToURL] successfully performed. With the following test data [https://www.google.com/ncr]. @06-10-2021 01:54:44.0129 A

################################################################################################################################################
Starting Execution:	[28 out of 144] test cases in the current suite
Test Method:		[unitTests.tests_validations_assertions.assertElementExists_false_multipleElementsFound_expectedToFail]
################################################################################################################################################
[ReportManager] Assertion [ValidateElementExists] FAILED. Expected [Element Should not Exist, locator 'By.xpath: //div'] and Actual [Element Exists but is not unique]. Comparison Type [EQUALS]. Validation Type [NEGATIVE]. @06-10-2021 01:54:44.0383 AM
[ReportManager] Successfully created attachment [Screenshot - 1633485284322_assertElementExists_false_multipleElementsFound_expectedToFail_ValidateElementExists_failed] @06-10-2021 01:54:44.0384 A
[ReportManager] Browser Action [CloseCurrentWindow] successfully performed. @06-10-2021 01:54:44.0523 AM
[ReportManager] Successfully created attachment [Browser Action Test Data - CloseCurrentWindow - Actual Value] @06-10-2021 01:54:44.0524 A
[ReportManager] File Action [GetAbsolutePath] successfully performed. With the following test data [Relative Folder Path: "target/downloadedFiles/"]. @06-10-2021 01:54:44.0530 AM
[ReportManager] Attempting to run remotely on: [Linux-64], [GoogleChrome], [http://localhost:4444/wd/hub], Headless Execution. @06-10-2021 01:54:44.0530 AM
[ReportManager] Successfully Opened [GoogleChrome]. @06-10-2021 01:54:44.0734 AM
[ReportManager] Target URL: [https://www.google.com/ncr], and after redirection: [www.google.com] @06-10-2021 01:54:44.0745 AM
[ReportManager] Initial URL: [data:,] @06-10-2021 01:54:44.0792 AM
[ReportManager] Browser Action [NavigateToURL] successfully performed. With the following test data [https://www.google.com/ncr]. @06-10-2021 01:54:45.0675 A

################################################################################################################################################
Starting Execution:	[29 out of 144] test cases in the current suite
Test Method:		[unitTests.tests_validations_assertions.assertElementExists_true_expectedToFail]
################################################################################################################################################
[ReportManager] Assertion [ValidateElementExists] FAILED. Expected [Element Should Exist, locator 'By.id: fakeElement'] and Actual [Element Doesn't Exists]. Comparison Type [EQUALS]. Validation Type [POSITIVE]. @06-10-2021 01:55:16.0407 AM
[ReportManager] Successfully created attachment [Screenshot - 1633485316343_assertElementExists_true_expectedToFail_ValidateElementExists_failed] @06-10-2021 01:55:16.0408 A
[ReportManager] Browser Action [CloseCurrentWindow] successfully performed. @06-10-2021 01:55:16.0542 AM
[ReportManager] Successfully created attachment [Browser Action Test Data - CloseCurrentWindow - Actual Value] @06-10-2021 01:55:16.0544 A
[ReportManager] File Action [GetAbsolutePath] successfully performed. With the following test data [Relative Folder Path: "target/downloadedFiles/"]. @06-10-2021 01:55:16.0547 AM
[ReportManager] Attempting to run remotely on: [Linux-64], [GoogleChrome], [http://localhost:4444/wd/hub], Headless Execution. @06-10-2021 01:55:16.0547 AM
[ReportManager] Successfully Opened [GoogleChrome]. @06-10-2021 01:55:16.0758 AM
[ReportManager] Target URL: [https://www.google.com/ncr], and after redirection: [www.google.com] @06-10-2021 01:55:16.0768 AM
[ReportManager] Initial URL: [data:,] @06-10-2021 01:55:16.0810 AM
[ReportManager] Browser Action [NavigateToURL] successfully performed. With the following test data [https://www.google.com/ncr]. @06-10-2021 01:55:17.0672 A

################################################################################################################################################
Starting Execution:	[30 out of 144] test cases in the current suite
Test Method:		[unitTests.tests_validations_assertions.assertElementExists_true_expectedToPass]
################################################################################################################################################
[ReportManager] Loaded Shared OpenCV @06-10-2021 01:55:17.0859 AM
[ReportManager] Assertion [ValidateElementExists] PASSED. Expected [Element Should Exist, locator 'By.xpath: //*[@id='hplogo' or @alt='Google']'] and Actual [Element Exists]. Comparison Type [EQUALS]. Validation Type [POSITIVE]. @06-10-2021 01:55:17.0952 AM
[ReportManager] Successfully created attachment [Screenshot - 1633485317859_assertElementExists_true_expectedToPass_ValidateElementExists_passed] @06-10-2021 01:55:17.0953 A
[ReportManager] Browser Action [CloseCurrentWindow] successfully performed. @06-10-2021 01:55:18.0098 AM
[ReportManager] Successfully created attachment [Browser Action Test Data - CloseCurrentWindow - Actual Value] @06-10-2021 01:55:18.0099 A
[ReportManager] File Action [GetAbsolutePath] successfully performed. With the following test data [Relative Folder Path: "target/downloadedFiles/"]. @06-10-2021 01:55:18.0102 AM
[ReportManager] Attempting to run remotely on: [Linux-64], [GoogleChrome], [http://localhost:4444/wd/hub], Headless Execution. @06-10-2021 01:55:18.0103 AM
[ReportManager] Successfully Opened [GoogleChrome]. @06-10-2021 01:55:18.0295 AM
[ReportManager] Target URL: [https://www.google.com/ncr], and after redirection: [www.google.com] @06-10-2021 01:55:18.0319 AM
[ReportManager] Initial URL: [data:,] @06-10-2021 01:55:18.0363 AM
[ReportManager] Browser Action [NavigateToURL] successfully performed. With the following test data [https://www.google.com/ncr]. @06-10-2021 01:55:19.0197 A

################################################################################################################################################
Starting Execution:	[31 out of 144] test cases in the current suite
Test Method:		[unitTests.tests_validations_assertions.assertElementExists_true_multipleElementsFound_expectedToFail]
################################################################################################################################################
[ReportManager] Assertion [ValidateElementExists] FAILED. Expected [Element Should Exist, locator 'By.xpath: //div'] and Actual [Element Exists but is not unique]. Comparison Type [EQUALS]. Validation Type [POSITIVE]. @06-10-2021 01:55:19.0453 AM
[ReportManager] Successfully created attachment [Screenshot - 1633485319389_assertElementExists_true_multipleElementsFound_expectedToFail_ValidateElementExists_failed] @06-10-2021 01:55:19.0454 A
[ReportManager] Browser Action [CloseCurrentWindow] successfully performed. @06-10-2021 01:55:19.0588 AM
[ReportManager] Successfully created attachment [Browser Action Test Data - CloseCurrentWindow - Actual Value] @06-10-2021 01:55:19.0589 A

################################################################################################################################################
Starting Execution:	[32 out of 144] test cases in the current suite
Test Method:		[unitTests.tests_validations_assertions.assertEquals_false_expectedToFail]
################################################################################################################################################
[ReportManager] Assertion [ValidateEquals] FAILED. Expected [1] and Actual [1]. Comparison Type [EQUALS]. Validation Type [NEGATIVE]. @06-10-2021 01:55:19.0599 A

################################################################################################################################################
Starting Execution:	[33 out of 144] test cases in the current suite
Test Method:		[unitTests.tests_validations_assertions.assertEquals_false_expectedToPass]
################################################################################################################################################
[ReportManager] Assertion [ValidateEquals] PASSED. Expected [1] and Actual [2]. Comparison Type [EQUALS]. Validation Type [NEGATIVE]. @06-10-2021 01:55:19.0604 A

################################################################################################################################################
Starting Execution:	[34 out of 144] test cases in the current suite
Test Method:		[unitTests.tests_validations_assertions.assertEquals_longCharacters]
################################################################################################################################################
[ReportManager] Verification [ValidateEquals] PASSED. Expected and Actual values are attached. Comparison Type [EQUALS]. Validation Type [POSITIVE]. @06-10-2021 01:55:19.0612 AM
[ReportManager] Successfully created attachment [Validation Test Data - Expected Value] @06-10-2021 01:55:19.0613 AM
[ReportManager] Successfully created attachment [Validation Test Data - Actual Value] @06-10-2021 01:55:19.0613 AM
[ReportManager] Assertion [ValidateEquals] PASSED. Expected and Actual values are attached. Comparison Type [EQUALS]. Validation Type [POSITIVE]. @06-10-2021 01:55:19.0613 AM
[ReportManager] Successfully created attachment [Validation Test Data - Expected Value] @06-10-2021 01:55:19.0614 AM
[ReportManager] Successfully created attachment [Validation Test Data - Actual Value] @06-10-2021 01:55:19.0614 A

################################################################################################################################################
Starting Execution:	[35 out of 144] test cases in the current suite
Test Method:		[unitTests.tests_validations_assertions.assertEquals_longCharacters_Discreet]
################################################################################################################################################
[ReportManager] Assertion [ValidateEquals] PASSED. Expected [1LH5pROcDBjjQk0t0mCr0lXuzQu9lcGj28kY8R1H81X67eVAQJgWQhILiRWVPUgZ6uCtK5cnBkF55Jr9vYngjGO1Iyf0Mktv6lruDlL9T8MAUPcUZJGHZtji6nIeadujDSNmWMj5d6C8zlFqw0CRqBU0hO5adIasHgBSNoLotAjce3NGXoDwAlp3rYreeV16VIyZXROQY] and Actual [1LH5pROcDBjjQk0t0mCr0lXuzQu9lcGj28kY8R1H81X67eVAQJgWQhILiRWVPUgZ6uCtK5cnBkF55Jr9vYngjGO1Iyf0Mktv6lruDlL9T8MAUPcUZJGHZtji6nIeadujDSNmWMj5d6C8zlFqw0CRqBU0hO5adIasHgBSNoLotAjce3NGXoDwAlp3rYreeV16VIyZXROQY]. Comparison Type [EQUALS]. Validation Type [POSITIVE]. @06-10-2021 01:55:19.0618 A

################################################################################################################################################
Starting Execution:	[36 out of 144] test cases in the current suite
Test Method:		[unitTests.tests_validations_assertions.assertEquals_true_expectedToFail]
################################################################################################################################################
[ReportManager] Assertion [ValidateEquals] FAILED. Expected [1] and Actual [2]. Comparison Type [EQUALS]. Validation Type [POSITIVE]. @06-10-2021 01:55:19.0621 A

################################################################################################################################################
Starting Execution:	[37 out of 144] test cases in the current suite
Test Method:		[unitTests.tests_validations_assertions.assertEquals_true_expectedToPass]
Test Description:	[Assert that assertEquals works as expected when the two values are equal.]
################################################################################################################################################
[ReportManager] Verification [ValidateEquals] PASSED. Expected [1] and Actual [1]. Comparison Type [EQUALS]. Validation Type [POSITIVE]. @06-10-2021 01:55:19.0629 AM
[ReportManager] Assertion [ValidateEquals] PASSED. Expected [1] and Actual [1]. Comparison Type [EQUALS]. Validation Type [POSITIVE]. @06-10-2021 01:55:19.0630 A

################################################################################################################################################
Starting Execution:	[38 out of 144] test cases in the current suite
Test Method:		[unitTests.tests_validations_assertions.assertEquals_true_expectedToPass__]
################################################################################################################################################
[ReportManager] Assertion [ValidateEquals] PASSED. Expected [1] and Actual [1]. Comparison Type [EQUALS]. Validation Type [POSITIVE]. @06-10-2021 01:55:19.0634 A

################################################################################################################################################
Starting Execution:	[39 out of 144] test cases in the current suite
Test Method:		[unitTests.tests_validations_assertions.assertFileExists_false_expectedToFail]
################################################################################################################################################
[ReportManager] File Action [DoesFileExist] successfully performed. With the following test data [File Path: "src/main/java/com/shaft/gui/element/ElementActions.java"]. @06-10-2021 01:55:19.0638 AM
[ReportManager] Assertion [ValidateFileExists] FAILED. Expected [File 'src/main/java/com/shaft/gui/element/ElementActions.java' should not exist, after up to '1' retries] and Actual [File exists]. Validation Type [NEGATIVE]. @06-10-2021 01:55:19.0642 A

################################################################################################################################################
Starting Execution:	[40 out of 144] test cases in the current suite
Test Method:		[unitTests.tests_validations_assertions.assertFileExists_false_expectedToPass]
################################################################################################################################################
[ReportManager] File Action [DoesFileExist] successfully performed. With the following test data [File Path: "src/main/java/com/shaft/gui/element/ElementActions.java_fail"]. @06-10-2021 01:55:20.0147 AM
[ReportManager] Assertion [ValidateFileExists] PASSED. Expected [File 'src/main/java/com/shaft/gui/element/ElementActions.java_fail' should not exist, after up to '1' retries] and Actual [File does not exist]. Validation Type [NEGATIVE]. @06-10-2021 01:55:20.0147 A

################################################################################################################################################
Starting Execution:	[41 out of 144] test cases in the current suite
Test Method:		[unitTests.tests_validations_assertions.assertFileExists_true_expectedToFail]
################################################################################################################################################
[ReportManager] File Action [DoesFileExist] successfully performed. With the following test data [File Path: "src/main/java/com/shaft/gui/element/ElementActions.java_fail"]. @06-10-2021 01:55:20.0656 AM
[ReportManager] Assertion [ValidateFileExists] FAILED. Expected [File 'src/main/java/com/shaft/gui/element/ElementActions.java_fail' should exist, after up to '1' retries] and Actual [File does not exist]. Validation Type [POSITIVE]. @06-10-2021 01:55:20.0656 A

################################################################################################################################################
Starting Execution:	[42 out of 144] test cases in the current suite
Test Method:		[unitTests.tests_validations_assertions.assertFileExists_true_expectedToPass]
################################################################################################################################################
[ReportManager] File Action [DoesFileExist] successfully performed. With the following test data [File Path: "src/main/java/com/shaft/gui/element/ElementActions.java"]. @06-10-2021 01:55:20.0661 AM
[ReportManager] Assertion [ValidateFileExists] PASSED. Expected [File 'src/main/java/com/shaft/gui/element/ElementActions.java' should exist, after up to '1' retries] and Actual [File exists]. Validation Type [POSITIVE]. @06-10-2021 01:55:20.0662 A

################################################################################################################################################
Starting Execution:	[43 out of 144] test cases in the current suite
Test Method:		[unitTests.tests_validations_assertions.assertNull_false_expectedToFail]
################################################################################################################################################
[ReportManager] Assertion [ValidateNull] FAILED. Expected [NULL] and Actual [NULL]. Comparison Type [EQUALS]. Validation Type [NEGATIVE]. @06-10-2021 01:55:20.0665 A

################################################################################################################################################
Starting Execution:	[44 out of 144] test cases in the current suite
Test Method:		[unitTests.tests_validations_assertions.assertNull_false_expectedToPass]
################################################################################################################################################
[ReportManager] Assertion [ValidateNull] PASSED. Expected [NULL] and Actual [1]. Comparison Type [EQUALS]. Validation Type [NEGATIVE]. @06-10-2021 01:55:20.0668 A

################################################################################################################################################
Starting Execution:	[45 out of 144] test cases in the current suite
Test Method:		[unitTests.tests_validations_assertions.assertNull_true_expectedToFail]
################################################################################################################################################
[ReportManager] Assertion [ValidateNull] FAILED. Expected [NULL] and Actual [1]. Comparison Type [EQUALS]. Validation Type [POSITIVE]. @06-10-2021 01:55:20.0671 A

################################################################################################################################################
Starting Execution:	[46 out of 144] test cases in the current suite
Test Method:		[unitTests.tests_validations_assertions.assertNull_true_expectedToPass]
################################################################################################################################################
[ReportManager] Assertion [ValidateNull] PASSED. Expected [NULL] and Actual [NULL]. Comparison Type [EQUALS]. Validation Type [POSITIVE]. @06-10-2021 01:55:20.0674 A

################################################################################################################################################
Starting Execution:	[47 out of 144] test cases in the current suite
Test Method:		[unitTests.tests_restActions.getPostsAndAssertBodyForSpecificTitle]
################################################################################################################################################
[ReportManager] Response status code: [200], status line: [HTTP/1.1 200 OK] @06-10-2021 01:55:22.0991 AM
[ReportManager] Assertion Passed: Evaluating the actual response status code against the expected one... @06-10-2021 01:55:22.0992 AM
[ReportManager] Assertion [ValidateEquals] PASSED. Expected [200] and Actual [200]. Comparison Type [EQUALS]. Validation Type [POSITIVE]. @06-10-2021 01:55:22.0992 AM
[ReportManager] API Action [PerformRequest] successfully performed. With the following test data [Request Type: "GET" | Target Status Code: "200" | Service URL: "https://jsonplaceholder.typicode.com/posts" | Content Type: "*/*" | Response Time: "791ms"]. @06-10-2021 01:55:24.0317 AM
[ReportManager] Successfully created attachment [API Request - Specifications] @06-10-2021 01:55:24.0317 AM
[ReportManager] Successfully created attachment [API Response - JSON Body] @06-10-2021 01:55:24.0533 AM
[ReportManager] API Action [GetResponseJSONValueAsList] successfully performed. @06-10-2021 01:55:24.0553 AM
[ReportManager] API Action [GetResponseJSONValue] successfully performed. With the following test data [title]. @06-10-2021 01:55:24.0582 AM
[ReportManager] API Action [GetResponseJSONValue] successfully performed. With the following test data [title]. @06-10-2021 01:55:24.0605 AM
[ReportManager] API Action [GetResponseJSONValue] successfully performed. With the following test data [body]. @06-10-2021 01:55:24.0629 AM
[ReportManager] Assertion [ValidateEquals] PASSED. Expected [qui neque nisi nulla] and Actual [est rerum tempore vitae
sequi sint nihil reprehenderit dolor beatae ea dolores neque
fugiat blanditiis voluptate porro vel nihil molestiae ut reiciendis
qui aperiam non debitis possimus qui neque nisi nulla]. Comparison Type [CONTAINS]. Validation Type [POSITIVE]. @06-10-2021 01:55:24.0630 AM
[ReportManager] API Action [GetResponseJSONValue] successfully performed. With the following test data [title]. @06-10-2021 01:55:24.0645 AM
[ReportManager] API Action [GetResponseJSONValue] successfully performed. With the following test data [title]. @06-10-2021 01:55:24.0659 AM
[ReportManager] API Action [GetResponseJSONValue] successfully performed. With the following test data [title]. @06-10-2021 01:55:24.0673 AM
[ReportManager] API Action [GetResponseJSONValue] successfully performed. With the following test data [title]. @06-10-2021 01:55:24.0689 AM
[ReportManager] API Action [GetResponseJSONValue] successfully performed. With the following test data [title]. @06-10-2021 01:55:24.0706 AM
[ReportManager] API Action [GetResponseJSONValue] successfully performed. With the following test data [title]. @06-10-2021 01:55:24.0722 AM
[ReportManager] API Action [GetResponseJSONValue] successfully performed. With the following test data [title]. @06-10-2021 01:55:24.0740 AM
[ReportManager] API Action [GetResponseJSONValue] successfully performed. With the following test data [title]. @06-10-2021 01:55:24.0757 AM
[ReportManager] API Action [GetResponseJSONValue] successfully performed. With the following test data [title]. @06-10-2021 01:55:24.0772 AM
[ReportManager] API Action [GetResponseJSONValue] successfully performed. With the following test data [title]. @06-10-2021 01:55:24.0786 AM
[ReportManager] API Action [GetResponseJSONValue] successfully performed. With the following test data [title]. @06-10-2021 01:55:24.0808 AM
[ReportManager] API Action [GetResponseJSONValue] successfully performed. With the following test data [title]. @06-10-2021 01:55:24.0834 AM
[ReportManager] API Action [GetResponseJSONValue] successfully performed. With the following test data [title]. @06-10-2021 01:55:24.0848 AM
[ReportManager] API Action [GetResponseJSONValue] successfully performed. With the following test data [title]. @06-10-2021 01:55:24.0862 AM
[ReportManager] API Action [GetResponseJSONValue] successfully performed. With the following test data [title]. @06-10-2021 01:55:24.0882 AM
[ReportManager] API Action [GetResponseJSONValue] successfully performed. With the following test data [title]. @06-10-2021 01:55:24.0898 AM
[ReportManager] API Action [GetResponseJSONValue] successfully performed. With the following test data [title]. @06-10-2021 01:55:24.0913 AM
[ReportManager] API Action [GetResponseJSONValue] successfully performed. With the following test data [title]. @06-10-2021 01:55:24.0926 AM
[ReportManager] API Action [GetResponseJSONValue] successfully performed. With the following test data [title]. @06-10-2021 01:55:24.0937 AM
[ReportManager] API Action [GetResponseJSONValue] successfully performed. With the following test data [title]. @06-10-2021 01:55:24.0953 AM
[ReportManager] API Action [GetResponseJSONValue] successfully performed. With the following test data [title]. @06-10-2021 01:55:24.0966 AM
[ReportManager] API Action [GetResponseJSONValue] successfully performed. With the following test data [title]. @06-10-2021 01:55:24.0984 AM
[ReportManager] API Action [GetResponseJSONValue] successfully performed. With the following test data [title]. @06-10-2021 01:55:24.0996 AM
[ReportManager] API Action [GetResponseJSONValue] successfully performed. With the following test data [title]. @06-10-2021 01:55:25.0009 AM
[ReportManager] API Action [GetResponseJSONValue] successfully performed. With the following test data [title]. @06-10-2021 01:55:25.0023 AM
[ReportManager] API Action [GetResponseJSONValue] successfully performed. With the following test data [title]. @06-10-2021 01:55:25.0035 AM
[ReportManager] API Action [GetResponseJSONValue] successfully performed. With the following test data [title]. @06-10-2021 01:55:25.0052 AM
[ReportManager] API Action [GetResponseJSONValue] successfully performed. With the following test data [title]. @06-10-2021 01:55:25.0067 AM
[ReportManager] API Action [GetResponseJSONValue] successfully performed. With the following test data [title]. @06-10-2021 01:55:25.0079 AM
[ReportManager] API Action [GetResponseJSONValue] successfully performed. With the following test data [title]. @06-10-2021 01:55:25.0087 AM
[ReportManager] API Action [GetResponseJSONValue] successfully performed. With the following test data [title]. @06-10-2021 01:55:25.0098 AM
[ReportManager] API Action [GetResponseJSONValue] successfully performed. With the following test data [title]. @06-10-2021 01:55:25.0109 AM
[ReportManager] API Action [GetResponseJSONValue] successfully performed. With the following test data [title]. @06-10-2021 01:55:25.0127 AM
[ReportManager] API Action [GetResponseJSONValue] successfully performed. With the following test data [title]. @06-10-2021 01:55:25.0136 AM
[ReportManager] API Action [GetResponseJSONValue] successfully performed. With the following test data [title]. @06-10-2021 01:55:25.0148 AM
[ReportManager] API Action [GetResponseJSONValue] successfully performed. With the following test data [title]. @06-10-2021 01:55:25.0160 AM
[ReportManager] API Action [GetResponseJSONValue] successfully performed. With the following test data [title]. @06-10-2021 01:55:25.0169 AM
[ReportManager] API Action [GetResponseJSONValue] successfully performed. With the following test data [title]. @06-10-2021 01:55:25.0181 AM
[ReportManager] API Action [GetResponseJSONValue] successfully performed. With the following test data [title]. @06-10-2021 01:55:25.0199 AM
[ReportManager] API Action [GetResponseJSONValue] successfully performed. With the following test data [title]. @06-10-2021 01:55:25.0212 AM
[ReportManager] API Action [GetResponseJSONValue] successfully performed. With the following test data [title]. @06-10-2021 01:55:25.0222 AM
[ReportManager] API Action [GetResponseJSONValue] successfully performed. With the following test data [title]. @06-10-2021 01:55:25.0233 AM
[ReportManager] API Action [GetResponseJSONValue] successfully performed. With the following test data [title]. @06-10-2021 01:55:25.0242 AM
[ReportManager] API Action [GetResponseJSONValue] successfully performed. With the following test data [title]. @06-10-2021 01:55:25.0257 AM
[ReportManager] API Action [GetResponseJSONValue] successfully performed. With the following test data [title]. @06-10-2021 01:55:25.0267 AM
[ReportManager] API Action [GetResponseJSONValue] successfully performed. With the following test data [title]. @06-10-2021 01:55:25.0278 AM
[ReportManager] API Action [GetResponseJSONValue] successfully performed. With the following test data [title]. @06-10-2021 01:55:25.0288 AM
[ReportManager] API Action [GetResponseJSONValue] successfully performed. With the following test data [title]. @06-10-2021 01:55:25.0297 AM
[ReportManager] API Action [GetResponseJSONValue] successfully performed. With the following test data [title]. @06-10-2021 01:55:25.0307 AM
[ReportManager] API Action [GetResponseJSONValue] successfully performed. With the following test data [title]. @06-10-2021 01:55:25.0314 AM
[ReportManager] API Action [GetResponseJSONValue] successfully performed. With the following test data [title]. @06-10-2021 01:55:25.0322 AM
[ReportManager] API Action [GetResponseJSONValue] successfully performed. With the following test data [title]. @06-10-2021 01:55:25.0329 AM
[ReportManager] API Action [GetResponseJSONValue] successfully performed. With the following test data [title]. @06-10-2021 01:55:25.0336 AM
[ReportManager] API Action [GetResponseJSONValue] successfully performed. With the following test data [title]. @06-10-2021 01:55:25.0344 AM
[ReportManager] API Action [GetResponseJSONValue] successfully performed. With the following test data [title]. @06-10-2021 01:55:25.0351 AM
[ReportManager] API Action [GetResponseJSONValue] successfully performed. With the following test data [title]. @06-10-2021 01:55:25.0359 AM
[ReportManager] API Action [GetResponseJSONValue] successfully performed. With the following test data [title]. @06-10-2021 01:55:25.0367 AM
[ReportManager] API Action [GetResponseJSONValue] successfully performed. With the following test data [title]. @06-10-2021 01:55:25.0374 AM
[ReportManager] API Action [GetResponseJSONValue] successfully performed. With the following test data [title]. @06-10-2021 01:55:25.0382 AM
[ReportManager] API Action [GetResponseJSONValue] successfully performed. With the following test data [title]. @06-10-2021 01:55:25.0406 AM
[ReportManager] API Action [GetResponseJSONValue] successfully performed. With the following test data [title]. @06-10-2021 01:55:25.0415 AM
[ReportManager] API Action [GetResponseJSONValue] successfully performed. With the following test data [title]. @06-10-2021 01:55:25.0423 AM
[ReportManager] API Action [GetResponseJSONValue] successfully performed. With the following test data [title]. @06-10-2021 01:55:25.0432 AM
[ReportManager] API Action [GetResponseJSONValue] successfully performed. With the following test data [title]. @06-10-2021 01:55:25.0439 AM
[ReportManager] API Action [GetResponseJSONValue] successfully performed. With the following test data [title]. @06-10-2021 01:55:25.0480 AM
[ReportManager] API Action [GetResponseJSONValue] successfully performed. With the following test data [title]. @06-10-2021 01:55:25.0514 AM
[ReportManager] API Action [GetResponseJSONValue] successfully performed. With the following test data [title]. @06-10-2021 01:55:25.0522 AM
[ReportManager] API Action [GetResponseJSONValue] successfully performed. With the following test data [title]. @06-10-2021 01:55:25.0530 AM
[ReportManager] API Action [GetResponseJSONValue] successfully performed. With the following test data [title]. @06-10-2021 01:55:25.0538 AM
[ReportManager] API Action [GetResponseJSONValue] successfully performed. With the following test data [title]. @06-10-2021 01:55:25.0546 AM
[ReportManager] API Action [GetResponseJSONValue] successfully performed. With the following test data [title]. @06-10-2021 01:55:25.0554 AM
[ReportManager] API Action [GetResponseJSONValue] successfully performed. With the following test data [title]. @06-10-2021 01:55:25.0561 AM
[ReportManager] API Action [GetResponseJSONValue] successfully performed. With the following test data [title]. @06-10-2021 01:55:25.0568 AM
[ReportManager] API Action [GetResponseJSONValue] successfully performed. With the following test data [title]. @06-10-2021 01:55:25.0576 AM
[ReportManager] API Action [GetResponseJSONValue] successfully performed. With the following test data [title]. @06-10-2021 01:55:25.0583 AM
[ReportManager] API Action [GetResponseJSONValue] successfully performed. With the following test data [title]. @06-10-2021 01:55:25.0590 AM
[ReportManager] API Action [GetResponseJSONValue] successfully performed. With the following test data [title]. @06-10-2021 01:55:25.0597 AM
[ReportManager] API Action [GetResponseJSONValue] successfully performed. With the following test data [title]. @06-10-2021 01:55:25.0603 AM
[ReportManager] API Action [GetResponseJSONValue] successfully performed. With the following test data [title]. @06-10-2021 01:55:25.0610 AM
[ReportManager] API Action [GetResponseJSONValue] successfully performed. With the following test data [title]. @06-10-2021 01:55:25.0617 AM
[ReportManager] API Action [GetResponseJSONValue] successfully performed. With the following test data [title]. @06-10-2021 01:55:25.0624 AM
[ReportManager] API Action [GetResponseJSONValue] successfully performed. With the following test data [title]. @06-10-2021 01:55:25.0630 AM
[ReportManager] API Action [GetResponseJSONValue] successfully performed. With the following test data [title]. @06-10-2021 01:55:25.0637 AM
[ReportManager] API Action [GetResponseJSONValue] successfully performed. With the following test data [title]. @06-10-2021 01:55:25.0644 AM
[ReportManager] API Action [GetResponseJSONValue] successfully performed. With the following test data [title]. @06-10-2021 01:55:25.0651 AM
[ReportManager] API Action [GetResponseJSONValue] successfully performed. With the following test data [title]. @06-10-2021 01:55:25.0658 AM
[ReportManager] API Action [GetResponseJSONValue] successfully performed. With the following test data [title]. @06-10-2021 01:55:25.0665 AM
[ReportManager] API Action [GetResponseJSONValue] successfully performed. With the following test data [title]. @06-10-2021 01:55:25.0671 AM
[ReportManager] API Action [GetResponseJSONValue] successfully performed. With the following test data [title]. @06-10-2021 01:55:25.0678 AM
[ReportManager] API Action [GetResponseJSONValue] successfully performed. With the following test data [title]. @06-10-2021 01:55:25.0685 AM
[ReportManager] API Action [GetResponseJSONValue] successfully performed. With the following test data [title]. @06-10-2021 01:55:25.0692 AM
[ReportManager] API Action [GetResponseJSONValue] successfully performed. With the following test data [title]. @06-10-2021 01:55:25.0699 AM
[ReportManager] API Action [GetResponseJSONValue] successfully performed. With the following test data [title]. @06-10-2021 01:55:25.0705 AM
[ReportManager] API Action [GetResponseJSONValue] successfully performed. With the following test data [title]. @06-10-2021 01:55:25.0712 AM
[ReportManager] API Action [GetResponseJSONValue] successfully performed. With the following test data [title]. @06-10-2021 01:55:25.0719 AM
[ReportManager] API Action [GetResponseJSONValue] successfully performed. With the following test data [title]. @06-10-2021 01:55:25.0725 AM
[ReportManager] API Action [GetResponseJSONValue] successfully performed. With the following test data [title]. @06-10-2021 01:55:25.0732 AM
[ReportManager] API Action [GetResponseJSONValue] successfully performed. With the following test data [title]. @06-10-2021 01:55:25.0738 A

################################################################################################################################################
Starting Execution:	[48 out of 144] test cases in the current suite
Test Method:		[unitTests.tests_restActions.validateUserEmail]
################################################################################################################################################
[ReportManager] Response status code: [200], status line: [HTTP/1.1 200 OK] @06-10-2021 01:55:25.0864 AM
[ReportManager] Assertion Passed: Evaluating the actual response status code against the expected one... @06-10-2021 01:55:25.0865 AM
[ReportManager] Assertion [ValidateEquals] PASSED. Expected [200] and Actual [200]. Comparison Type [EQUALS]. Validation Type [POSITIVE]. @06-10-2021 01:55:25.0865 AM
[ReportManager] API Action [PerformRequest] successfully performed. With the following test data [Request Type: "GET" | Target Status Code: "200" | Service URL: "https://jsonplaceholder.typicode.com/users" | Content Type: "*/*" | Response Time: "117ms"]. @06-10-2021 01:55:25.0899 AM
[ReportManager] Successfully created attachment [API Request - Specifications] @06-10-2021 01:55:25.0899 AM
[ReportManager] Successfully created attachment [API Response - JSON Body] @06-10-2021 01:55:25.0899 AM
[ReportManager] Assertion [ValidateEquals] PASSED. Expected and Actual values are attached. Comparison Type [CONTAINS]. Validation Type [POSITIVE]. @06-10-2021 01:55:25.0900 AM
[ReportManager] Successfully created attachment [Validation Test Data - Expected Value] @06-10-2021 01:55:25.0900 AM
[ReportManager] Successfully created attachment [Validation Test Data - Actual Value] @06-10-2021 01:55:25.0900 AM
[ReportManager] API Action [GetResponseJSONValueAsList] successfully performed. With the following test data [$]. @06-10-2021 01:55:25.0903 AM
[ReportManager] API Action [GetResponseJSONValue] successfully performed. With the following test data [name]. @06-10-2021 01:55:25.0918 AM
[ReportManager] API Action [GetResponseJSONValue] successfully performed. With the following test data [email]. @06-10-2021 01:55:25.0928 AM
[ReportManager] Assertion [ValidateEquals] PASSED. Expected [Sincere@april.biz] and Actual [Sincere@april.biz]. Comparison Type [EQUALS]. Validation Type [POSITIVE]. @06-10-2021 01:55:25.0929 AM
[ReportManager] API Action [GetResponseJSONValue] successfully performed. With the following test data [name]. @06-10-2021 01:55:25.0947 AM
[ReportManager] API Action [GetResponseJSONValue] successfully performed. With the following test data [name]. @06-10-2021 01:55:25.0958 AM
[ReportManager] API Action [GetResponseJSONValue] successfully performed. With the following test data [name]. @06-10-2021 01:55:25.0972 AM
[ReportManager] API Action [GetResponseJSONValue] successfully performed. With the following test data [name]. @06-10-2021 01:55:25.0982 AM
[ReportManager] API Action [GetResponseJSONValue] successfully performed. With the following test data [name]. @06-10-2021 01:55:25.0991 AM
[ReportManager] API Action [GetResponseJSONValue] successfully performed. With the following test data [name]. @06-10-2021 01:55:26.0000 AM
[ReportManager] API Action [GetResponseJSONValue] successfully performed. With the following test data [name]. @06-10-2021 01:55:26.0009 AM
[ReportManager] API Action [GetResponseJSONValue] successfully performed. With the following test data [name]. @06-10-2021 01:55:26.0017 AM
[ReportManager] API Action [GetResponseJSONValue] successfully performed. With the following test data [name]. @06-10-2021 01:55:26.0025 A
[ReportManager] File Action [GetAbsolutePath] successfully performed. With the following test data [Relative Folder Path: "target/downloadedFiles/"]. @06-10-2021 01:55:26.0037 AM
[ReportManager] Attempting to run remotely on: [Linux-64], [GoogleChrome], [http://localhost:4444/wd/hub], Headless Execution. @06-10-2021 01:55:26.0037 AM
[ReportManager] Successfully Opened [GoogleChrome]. @06-10-2021 01:55:26.0267 A

################################################################################################################################################
Starting Execution:	[49 out of 144] test cases in the current suite
Test Method:		[unitTests.tests_element_elementActions.waitForElementToBePresent_false_expectedToFail]
################################################################################################################################################
[ReportManager] Target URL: [https://www.google.com/ncr], and after redirection: [www.google.com] @06-10-2021 01:55:26.0285 AM
[ReportManager] Initial URL: [data:,] @06-10-2021 01:55:26.0346 AM
[ReportManager] Browser Action [NavigateToURL] successfully performed. With the following test data [https://www.google.com/ncr]. @06-10-2021 01:55:27.0258 AM
[ReportManager] Waiting for element to be present; elementLocator [By.xpath: //*[@id='hplogo' or @alt='Google']], numberOfTries[1], stateOfPresence[false]... @06-10-2021 01:55:27.0262 AM
[ReportManager] Element Action [WaitForElementToBePresent] failed. With the following test data [waited for the element's state of presence to be (false). Element locator (By.xpath: //*[@id='hplogo' or @alt='Google'])]. @06-10-2021 01:55:27.0495 AM
[ReportManager] Successfully created attachment [Screenshot - 1633485327422_waitForElementToBePresent_false_expectedToFail_WaitForElementToBePresent_failed] @06-10-2021 01:55:27.0496 A
[ReportManager] Browser Action [CloseCurrentWindow] successfully performed. @06-10-2021 01:55:27.0617 AM
[ReportManager] Successfully created attachment [Browser Action Test Data - CloseCurrentWindow - Actual Value] @06-10-2021 01:55:27.0618 A
[ReportManager] File Action [GetAbsolutePath] successfully performed. With the following test data [Relative Folder Path: "target/downloadedFiles/"]. @06-10-2021 01:55:27.0622 AM
[ReportManager] Attempting to run remotely on: [Linux-64], [GoogleChrome], [http://localhost:4444/wd/hub], Headless Execution. @06-10-2021 01:55:27.0622 AM
[ReportManager] Successfully Opened [GoogleChrome]. @06-10-2021 01:55:27.0810 A

################################################################################################################################################
Starting Execution:	[50 out of 144] test cases in the current suite
Test Method:		[unitTests.tests_element_elementActions.waitForElementToBePresent_false_expectedToPass]
################################################################################################################################################
[ReportManager] Target URL: [https://www.google.com/ncr], and after redirection: [www.google.com] @06-10-2021 01:55:27.0825 AM
[ReportManager] Initial URL: [data:,] @06-10-2021 01:55:27.0871 AM
[ReportManager] Browser Action [NavigateToURL] successfully performed. With the following test data [https://www.google.com/ncr]. @06-10-2021 01:55:28.0716 AM
[ReportManager] Waiting for element to be present; elementLocator [By.id: bla], numberOfTries[1], stateOfPresence[false]... @06-10-2021 01:55:28.0716 AM
[ReportManager] Element Action [WaitForElementToBePresent] successfully performed. With the following test data [waited for the element's state of presence to be (false). Element locator (By.id: bla)]. @06-10-2021 01:55:33.0854 A
[ReportManager] Browser Action [CloseCurrentWindow] successfully performed. @06-10-2021 01:55:33.0988 AM
[ReportManager] Successfully created attachment [Browser Action Test Data - CloseCurrentWindow - Actual Value] @06-10-2021 01:55:33.0989 A
[ReportManager] File Action [GetAbsolutePath] successfully performed. With the following test data [Relative Folder Path: "target/downloadedFiles/"]. @06-10-2021 01:55:33.0992 AM
[ReportManager] Attempting to run remotely on: [Linux-64], [GoogleChrome], [http://localhost:4444/wd/hub], Headless Execution. @06-10-2021 01:55:33.0992 AM
[ReportManager] Successfully Opened [GoogleChrome]. @06-10-2021 01:55:34.0189 A

################################################################################################################################################
Starting Execution:	[51 out of 144] test cases in the current suite
Test Method:		[unitTests.tests_element_elementActions.waitForElementToBePresent_moreThanOneElement_expectedToFail]
################################################################################################################################################
[ReportManager] Target URL: [https://www.google.com/ncr], and after redirection: [www.google.com] @06-10-2021 01:55:34.0203 AM
[ReportManager] Initial URL: [data:,] @06-10-2021 01:55:34.0252 AM
[ReportManager] Browser Action [NavigateToURL] successfully performed. With the following test data [https://www.google.com/ncr]. @06-10-2021 01:55:35.0172 AM
[ReportManager] Waiting for element to be present; elementLocator [By.xpath: //*], numberOfTries[1], stateOfPresence[false]... @06-10-2021 01:55:35.0173 AM
[ReportManager] Element Action [WaitForElementToBePresent] failed. With the following test data [waited for the element's state of presence to be (false). Element locator (By.xpath: //*)]. @06-10-2021 01:55:35.0378 AM
[ReportManager] Successfully created attachment [Screenshot - 1633485335312_waitForElementToBePresent_moreThanOneElement_expectedToFail_WaitForElementToBePresent_failed] @06-10-2021 01:55:35.0379 A
[ReportManager] Browser Action [CloseCurrentWindow] successfully performed. @06-10-2021 01:55:35.0529 AM
[ReportManager] Successfully created attachment [Browser Action Test Data - CloseCurrentWindow - Actual Value] @06-10-2021 01:55:35.0530 A
[ReportManager] File Action [GetAbsolutePath] successfully performed. With the following test data [Relative Folder Path: "target/downloadedFiles/"]. @06-10-2021 01:55:35.0533 AM
[ReportManager] Attempting to run remotely on: [Linux-64], [GoogleChrome], [http://localhost:4444/wd/hub], Headless Execution. @06-10-2021 01:55:35.0536 AM
[ReportManager] Successfully Opened [GoogleChrome]. @06-10-2021 01:55:35.0752 A

################################################################################################################################################
Starting Execution:	[52 out of 144] test cases in the current suite
Test Method:		[unitTests.tests_element_elementActions.waitForElementToBePresent_true_expectedToFail]
################################################################################################################################################
[ReportManager] Target URL: [https://www.google.com/ncr], and after redirection: [www.google.com] @06-10-2021 01:55:35.0771 AM
[ReportManager] Initial URL: [data:,] @06-10-2021 01:55:35.0826 AM
[ReportManager] Browser Action [NavigateToURL] successfully performed. With the following test data [https://www.google.com/ncr]. @06-10-2021 01:55:36.0739 AM
[ReportManager] Waiting for element to be present; elementLocator [By.id: bla], numberOfTries[1], stateOfPresence[true]... @06-10-2021 01:55:36.0739 AM
[ReportManager] Element Action [WaitForElementToBePresent] failed. With the following test data [waited for the element's state of presence to be (true). Element locator (By.id: bla)]. @06-10-2021 01:55:41.0998 AM
[ReportManager] Successfully created attachment [Screenshot - 1633485341936_waitForElementToBePresent_true_expectedToFail_WaitForElementToBePresent_failed] @06-10-2021 01:55:41.0999 A
[ReportManager] Browser Action [CloseCurrentWindow] successfully performed. @06-10-2021 01:55:42.0124 AM
[ReportManager] Successfully created attachment [Browser Action Test Data - CloseCurrentWindow - Actual Value] @06-10-2021 01:55:42.0125 A
[ReportManager] File Action [GetAbsolutePath] successfully performed. With the following test data [Relative Folder Path: "target/downloadedFiles/"]. @06-10-2021 01:55:42.0129 AM
[ReportManager] Attempting to run remotely on: [Linux-64], [GoogleChrome], [http://localhost:4444/wd/hub], Headless Execution. @06-10-2021 01:55:42.0129 AM
[ReportManager] Successfully Opened [GoogleChrome]. @06-10-2021 01:55:42.0395 A

################################################################################################################################################
Starting Execution:	[53 out of 144] test cases in the current suite
Test Method:		[unitTests.tests_element_elementActions.waitForElementToBePresent_true_expectedToPass]
################################################################################################################################################
[ReportManager] Target URL: [https://www.google.com/ncr], and after redirection: [www.google.com] @06-10-2021 01:55:42.0411 AM
[ReportManager] Initial URL: [data:,] @06-10-2021 01:55:42.0467 AM
[ReportManager] Browser Action [NavigateToURL] successfully performed. With the following test data [https://www.google.com/ncr]. @06-10-2021 01:55:43.0295 AM
[ReportManager] Waiting for element to be present; elementLocator [By.xpath: //*[@id='hplogo' or @alt='Google']], numberOfTries[1], stateOfPresence[true]... @06-10-2021 01:55:43.0295 AM
[ReportManager] Element Action [WaitForElementToBePresent] successfully performed. With the following test data [waited for the element's state of presence to be (true). Element locator (By.xpath: //*[@id='hplogo' or @alt='Google'])]. @06-10-2021 01:55:43.0347 AM
[ReportManager] File Action [DoesFileExist] successfully performed. With the following test data [File Path: "src/test/resources/DynamicObjectRepository/unitTests_tests_element_elementActions_waitForElementToBePresent_true_expectedToPass_By_xpath_id_hplogo_or_alt_Google.png"]. @06-10-2021 01:55:43.0351 AM
[ReportManager] File Action [DoesFileExist] successfully performed. With the following test data [File Path: "src/test/resources/DynamicObjectRepository/unitTests_tests_element_elementActions_waitForElementToBePresent_true_expectedToPass_By_xpath_id_hplogo_or_alt_Google.png"]. @06-10-2021 01:55:43.0514 AM
[ReportManager] Passing the test and saving a reference image @06-10-2021 01:55:43.0514 AM
[ReportManager] File Action [GetAbsolutePath] successfully performed. With the following test data [Relative File Path: "src/test/resources/DynamicObjectRepository/unitTests_tests_element_elementActions_waitForElementToBePresent_true_expectedToPass_By_xpath_id_hplogo_or_alt_Google.png"]. @06-10-2021 01:55:43.0514 AM
[ReportManager] File Action [WriteToFile] successfully performed. With the following test data [Target File Path: "/home/runner/work/SHAFT_ENGINE/SHAFT_ENGINE/src/test/resources/DynamicObjectRepository/unitTests_tests_element_elementActions_waitForElementToBePresent_true_expectedToPass_By_xpath_id_hplogo_or_alt_Google.png"]. @06-10-2021 01:55:43.0517 AM
[ReportManager] Assertion Passed: Using Visual AI; OpenCV @06-10-2021 01:55:43.0518 AM
[ReportManager] Successfully created attachment [Validation Test Data - Actual Screenshot] @06-10-2021 01:55:43.0518 AM
[ReportManager] Assertion [ValidateElementMatches] PASSED. Expected [Element should match the reference screenshot] and Actual [TRUE]. Comparison Type [EXACT_OPENCV]. Validation Type [POSITIVE]. @06-10-2021 01:55:43.0518 A
[ReportManager] Browser Action [CloseCurrentWindow] successfully performed. @06-10-2021 01:55:43.0655 AM
[ReportManager] Successfully created attachment [Browser Action Test Data - CloseCurrentWindow - Actual Value] @06-10-2021 01:55:43.0656 A
[ReportManager] File Action [GetAbsolutePath] successfully performed. With the following test data [Relative Folder Path: "target/downloadedFiles/"]. @06-10-2021 01:55:43.0660 AM
[ReportManager] Attempting to run remotely on: [Linux-64], [GoogleChrome], [http://localhost:4444/wd/hub], Headless Execution. @06-10-2021 01:55:43.0660 AM
[ReportManager] Successfully Opened [GoogleChrome]. @06-10-2021 01:55:43.0868 AM
[ReportManager] Target URL: [https://duckduckgo.com] @06-10-2021 01:55:43.0879 AM
[ReportManager] Initial URL: [data:,] @06-10-2021 01:55:43.0917 AM
[ReportManager] Browser Action [NavigateToURL] successfully performed. With the following test data [https://duckduckgo.com]. @06-10-2021 01:55:44.0492 A

################################################################################################################################################
Starting Execution:	[54 out of 144] test cases in the current suite
Test Method:		[unitTests.tests_browserActions.fullScreenWindow]
################################################################################################################################################
[ReportManager] Initial Windows Size: 800x600 @06-10-2021 01:55:44.0504 AM
[ReportManager] Initial window size: (800, 600) @06-10-2021 01:55:44.0507 AM
[ReportManager] Window size after Toolkit: (1920, 1080) @06-10-2021 01:55:44.0733 AM
[ReportManager] Browser Action [MaximizeWindow] successfully performed. With the following test data [New screen size is now: (1920, 1080)]. @06-10-2021 01:55:44.0736 AM
[ReportManager] Current Windows Size after fullScreen: 1920x1080 @06-10-2021 01:55:44.0751 AM
[ReportManager] Browser Action [FullScreenWindow] successfully performed. @06-10-2021 01:55:44.0771 AM
[ReportManager] Successfully created attachment [Browser Action Test Data - FullScreenWindow - Actual Value] @06-10-2021 01:55:44.0777 A
[ReportManager] Target URL: [https://duckduckgo.com] @06-10-2021 01:55:44.0787 AM
[ReportManager] Initial URL: [https://duckduckgo.com] @06-10-2021 01:55:44.0850 AM
[ReportManager] Browser Action [NavigateToURL] successfully performed. With the following test data [https://duckduckgo.com]. @06-10-2021 01:55:45.0198 AM
[ReportManager] Browser Action [CloseCurrentWindow] successfully performed. @06-10-2021 01:55:45.0303 AM
[ReportManager] Successfully created attachment [Browser Action Test Data - CloseCurrentWindow - Actual Value] @06-10-2021 01:55:45.0305 A
[ReportManager] File Action [GetAbsolutePath] successfully performed. With the following test data [Relative Folder Path: "target/downloadedFiles/"]. @06-10-2021 01:55:45.0307 AM
[ReportManager] Attempting to run remotely on: [Linux-64], [GoogleChrome], [http://localhost:4444/wd/hub], Headless Execution. @06-10-2021 01:55:45.0307 AM
[ReportManager] Successfully Opened [GoogleChrome]. @06-10-2021 01:55:45.0525 AM
[ReportManager] Target URL: [https://duckduckgo.com] @06-10-2021 01:55:45.0535 AM
[ReportManager] Initial URL: [data:,] @06-10-2021 01:55:45.0578 AM
[ReportManager] Browser Action [NavigateToURL] successfully performed. With the following test data [https://duckduckgo.com]. @06-10-2021 01:55:46.0135 A

################################################################################################################################################
Starting Execution:	[55 out of 144] test cases in the current suite
Test Method:		[unitTests.tests_browserActions.getCurrentURL]
################################################################################################################################################
[ReportManager] Browser Action [GetCurrentURL] successfully performed. With the following test data [https://duckduckgo.com/]. @06-10-2021 01:55:46.0172 A
[ReportManager] Target URL: [https://duckduckgo.com] @06-10-2021 01:55:46.0175 AM
[ReportManager] Initial URL: [https://duckduckgo.com] @06-10-2021 01:55:46.0251 AM
[ReportManager] Browser Action [NavigateToURL] successfully performed. With the following test data [https://duckduckgo.com]. @06-10-2021 01:55:46.0589 AM
[ReportManager] Browser Action [CloseCurrentWindow] successfully performed. @06-10-2021 01:55:46.0695 AM
[ReportManager] Successfully created attachment [Browser Action Test Data - CloseCurrentWindow - Actual Value] @06-10-2021 01:55:46.0696 A
[ReportManager] File Action [GetAbsolutePath] successfully performed. With the following test data [Relative Folder Path: "target/downloadedFiles/"]. @06-10-2021 01:55:46.0703 AM
[ReportManager] Attempting to run remotely on: [Linux-64], [GoogleChrome], [http://localhost:4444/wd/hub], Headless Execution. @06-10-2021 01:55:46.0705 AM
[ReportManager] Successfully Opened [GoogleChrome]. @06-10-2021 01:55:46.0940 AM
[ReportManager] Target URL: [https://duckduckgo.com] @06-10-2021 01:55:46.0954 AM
[ReportManager] Initial URL: [data:,] @06-10-2021 01:55:46.0998 AM
[ReportManager] Browser Action [NavigateToURL] successfully performed. With the following test data [https://duckduckgo.com]. @06-10-2021 01:55:47.0540 A

################################################################################################################################################
Starting Execution:	[56 out of 144] test cases in the current suite
Test Method:		[unitTests.tests_browserActions.getCurrentWindowTitle]
################################################################################################################################################
[ReportManager] Browser Action [GetCurrentWindowTitle] successfully performed. With the following test data [DuckDuckGo  Privacy, simplified.]. @06-10-2021 01:55:47.0584 A
[ReportManager] Target URL: [https://duckduckgo.com] @06-10-2021 01:55:47.0589 AM
[ReportManager] Initial URL: [https://duckduckgo.com] @06-10-2021 01:55:47.0641 AM
[ReportManager] Browser Action [NavigateToURL] successfully performed. With the following test data [https://duckduckgo.com]. @06-10-2021 01:55:48.0000 AM
[ReportManager] Browser Action [CloseCurrentWindow] successfully performed. @06-10-2021 01:55:48.0098 AM
[ReportManager] Successfully created attachment [Browser Action Test Data - CloseCurrentWindow - Actual Value] @06-10-2021 01:55:48.0099 A
[ReportManager] File Action [GetAbsolutePath] successfully performed. With the following test data [Relative Folder Path: "target/downloadedFiles/"]. @06-10-2021 01:55:48.0101 AM
[ReportManager] Attempting to run remotely on: [Linux-64], [GoogleChrome], [http://localhost:4444/wd/hub], Headless Execution. @06-10-2021 01:55:48.0101 AM
[ReportManager] Successfully Opened [GoogleChrome]. @06-10-2021 01:55:48.0567 AM
[ReportManager] Target URL: [https://duckduckgo.com] @06-10-2021 01:55:48.0577 AM
[ReportManager] Initial URL: [data:,] @06-10-2021 01:55:48.0635 AM
[ReportManager] Browser Action [NavigateToURL] successfully performed. With the following test data [https://duckduckgo.com]. @06-10-2021 01:55:49.0270 A

################################################################################################################################################
Starting Execution:	[57 out of 144] test cases in the current suite
Test Method:		[unitTests.tests_browserActions.getPageSource]
################################################################################################################################################
[ReportManager] Browser Action [GetPageSource] successfully performed. @06-10-2021 01:55:49.0323 AM
[ReportManager] Successfully created attachment [Browser Action Test Data - GetPageSource - Actual Value] @06-10-2021 01:55:49.0324 A
[ReportManager] Target URL: [https://duckduckgo.com] @06-10-2021 01:55:49.0327 AM
[ReportManager] Initial URL: [https://duckduckgo.com] @06-10-2021 01:55:49.0390 AM
[ReportManager] Browser Action [NavigateToURL] successfully performed. With the following test data [https://duckduckgo.com]. @06-10-2021 01:55:49.0703 AM
[ReportManager] Browser Action [CloseCurrentWindow] successfully performed. @06-10-2021 01:55:49.0808 AM
[ReportManager] Successfully created attachment [Browser Action Test Data - CloseCurrentWindow - Actual Value] @06-10-2021 01:55:49.0810 A
[ReportManager] File Action [GetAbsolutePath] successfully performed. With the following test data [Relative Folder Path: "target/downloadedFiles/"]. @06-10-2021 01:55:49.0817 AM
[ReportManager] Attempting to run remotely on: [Linux-64], [GoogleChrome], [http://localhost:4444/wd/hub], Headless Execution. @06-10-2021 01:55:49.0817 AM
[ReportManager] Successfully Opened [GoogleChrome]. @06-10-2021 01:55:50.0024 AM
[ReportManager] Target URL: [https://duckduckgo.com] @06-10-2021 01:55:50.0035 AM
[ReportManager] Initial URL: [data:,] @06-10-2021 01:55:50.0081 AM
[ReportManager] Browser Action [NavigateToURL] successfully performed. With the following test data [https://duckduckgo.com]. @06-10-2021 01:55:50.0594 A

################################################################################################################################################
Starting Execution:	[58 out of 144] test cases in the current suite
Test Method:		[unitTests.tests_browserActions.getWindowHandle]
################################################################################################################################################
[ReportManager] Browser Action [GetWindowHandle] successfully performed. With the following test data [CDwindow-D6BE78A9E94082A7BD4BC739C379A4DB]. @06-10-2021 01:55:50.0638 A
[ReportManager] Target URL: [https://duckduckgo.com] @06-10-2021 01:55:50.0640 AM
[ReportManager] Initial URL: [https://duckduckgo.com] @06-10-2021 01:55:50.0702 AM
[ReportManager] Browser Action [NavigateToURL] successfully performed. With the following test data [https://duckduckgo.com]. @06-10-2021 01:55:51.0010 AM
[ReportManager] Browser Action [CloseCurrentWindow] successfully performed. @06-10-2021 01:55:51.0116 AM
[ReportManager] Successfully created attachment [Browser Action Test Data - CloseCurrentWindow - Actual Value] @06-10-2021 01:55:51.0116 A
[ReportManager] File Action [GetAbsolutePath] successfully performed. With the following test data [Relative Folder Path: "target/downloadedFiles/"]. @06-10-2021 01:55:51.0121 AM
[ReportManager] Attempting to run remotely on: [Linux-64], [GoogleChrome], [http://localhost:4444/wd/hub], Headless Execution. @06-10-2021 01:55:51.0122 AM
[ReportManager] Successfully Opened [GoogleChrome]. @06-10-2021 01:55:51.0328 AM
[ReportManager] Target URL: [https://duckduckgo.com] @06-10-2021 01:55:51.0338 AM
[ReportManager] Initial URL: [data:,] @06-10-2021 01:55:51.0377 AM
[ReportManager] Browser Action [NavigateToURL] successfully performed. With the following test data [https://duckduckgo.com]. @06-10-2021 01:55:51.0899 A

################################################################################################################################################
Starting Execution:	[59 out of 144] test cases in the current suite
Test Method:		[unitTests.tests_browserActions.getWindowPosition]
################################################################################################################################################
[ReportManager] Browser Action [GetWindowPosition] successfully performed. With the following test data [(0, 0)]. @06-10-2021 01:55:51.0935 A
[ReportManager] Target URL: [https://duckduckgo.com] @06-10-2021 01:55:51.0937 AM
[ReportManager] Initial URL: [https://duckduckgo.com] @06-10-2021 01:55:52.0002 AM
[ReportManager] Browser Action [NavigateToURL] successfully performed. With the following test data [https://duckduckgo.com]. @06-10-2021 01:55:52.0355 AM
[ReportManager] Browser Action [CloseCurrentWindow] successfully performed. @06-10-2021 01:55:52.0465 AM
[ReportManager] Successfully created attachment [Browser Action Test Data - CloseCurrentWindow - Actual Value] @06-10-2021 01:55:52.0466 A
[ReportManager] File Action [GetAbsolutePath] successfully performed. With the following test data [Relative Folder Path: "target/downloadedFiles/"]. @06-10-2021 01:55:52.0469 AM
[ReportManager] Attempting to run remotely on: [Linux-64], [GoogleChrome], [http://localhost:4444/wd/hub], Headless Execution. @06-10-2021 01:55:52.0469 AM
[ReportManager] Successfully Opened [GoogleChrome]. @06-10-2021 01:55:52.0678 AM
[ReportManager] Target URL: [https://duckduckgo.com] @06-10-2021 01:55:52.0703 AM
[ReportManager] Initial URL: [data:,] @06-10-2021 01:55:52.0742 AM
[ReportManager] Browser Action [NavigateToURL] successfully performed. With the following test data [https://duckduckgo.com]. @06-10-2021 01:55:53.0284 A

################################################################################################################################################
Starting Execution:	[60 out of 144] test cases in the current suite
Test Method:		[unitTests.tests_browserActions.getWindowSize]
################################################################################################################################################
[ReportManager] Browser Action [GetWindowSize] successfully performed. With the following test data [(800, 600)]. @06-10-2021 01:55:53.0334 A
[ReportManager] Target URL: [https://duckduckgo.com] @06-10-2021 01:55:53.0338 AM
[ReportManager] Initial URL: [https://duckduckgo.com] @06-10-2021 01:55:53.0390 AM
[ReportManager] Browser Action [NavigateToURL] successfully performed. With the following test data [https://duckduckgo.com]. @06-10-2021 01:55:53.0772 AM
[ReportManager] Browser Action [CloseCurrentWindow] successfully performed. @06-10-2021 01:55:53.0872 AM
[ReportManager] Successfully created attachment [Browser Action Test Data - CloseCurrentWindow - Actual Value] @06-10-2021 01:55:53.0880 A
[ReportManager] File Action [GetAbsolutePath] successfully performed. With the following test data [Relative Folder Path: "target/downloadedFiles/"]. @06-10-2021 01:55:53.0884 AM
[ReportManager] Attempting to run remotely on: [Linux-64], [GoogleChrome], [http://localhost:4444/wd/hub], Headless Execution. @06-10-2021 01:55:53.0885 AM
[ReportManager] Successfully Opened [GoogleChrome]. @06-10-2021 01:55:54.0157 AM
[ReportManager] Target URL: [https://duckduckgo.com] @06-10-2021 01:55:54.0173 AM
[ReportManager] Initial URL: [data:,] @06-10-2021 01:55:54.0216 AM
[ReportManager] Browser Action [NavigateToURL] successfully performed. With the following test data [https://duckduckgo.com]. @06-10-2021 01:55:54.0747 A

################################################################################################################################################
Starting Execution:	[61 out of 144] test cases in the current suite
Test Method:		[unitTests.tests_browserActions.maximizeWindow]
################################################################################################################################################
[ReportManager] Initial window size: (800, 600) @06-10-2021 01:55:54.0759 AM
[ReportManager] Window size after Toolkit: (1920, 1080) @06-10-2021 01:55:54.0978 AM
[ReportManager] Browser Action [MaximizeWindow] successfully performed. With the following test data [New screen size is now: (1920, 1080)]. @06-10-2021 01:55:54.0981 A
[ReportManager] Target URL: [https://duckduckgo.com] @06-10-2021 01:55:54.0986 AM
[ReportManager] Initial URL: [https://duckduckgo.com] @06-10-2021 01:55:55.0054 AM
[ReportManager] Browser Action [NavigateToURL] successfully performed. With the following test data [https://duckduckgo.com]. @06-10-2021 01:55:55.0375 AM
[ReportManager] Browser Action [CloseCurrentWindow] successfully performed. @06-10-2021 01:55:55.0480 AM
[ReportManager] Successfully created attachment [Browser Action Test Data - CloseCurrentWindow - Actual Value] @06-10-2021 01:55:55.0480 A
[ReportManager] File Action [GetAbsolutePath] successfully performed. With the following test data [Relative Folder Path: "target/downloadedFiles/"]. @06-10-2021 01:55:55.0482 AM
[ReportManager] Attempting to run remotely on: [Linux-64], [GoogleChrome], [http://localhost:4444/wd/hub], Headless Execution. @06-10-2021 01:55:55.0482 AM
[ReportManager] Successfully Opened [GoogleChrome]. @06-10-2021 01:55:55.0692 AM
[ReportManager] Target URL: [https://duckduckgo.com] @06-10-2021 01:55:55.0703 AM
[ReportManager] Initial URL: [data:,] @06-10-2021 01:55:55.0741 AM
[ReportManager] Browser Action [NavigateToURL] successfully performed. With the following test data [https://duckduckgo.com]. @06-10-2021 01:55:56.0257 A

################################################################################################################################################
Starting Execution:	[62 out of 144] test cases in the current suite
Test Method:		[unitTests.tests_browserActions.navigateBack]
################################################################################################################################################
[ReportManager] Target URL: [https://www.google.com/ncr], and after redirection: [https://www.google.com] @06-10-2021 01:55:56.0260 AM
[ReportManager] Initial URL: [https://duckduckgo.com] @06-10-2021 01:55:56.0326 AM
[ReportManager] Browser Action [NavigateToURL] successfully performed. With the following test data [https://www.google.com/ncr]. @06-10-2021 01:55:57.0240 AM
[ReportManager] Browser Action [NavigateBack] successfully performed. With the following test data [https://duckduckgo.com/]. @06-10-2021 01:55:57.0629 AM
[ReportManager] Browser Action [GetCurrentURL] successfully performed. With the following test data [https://duckduckgo.com/]. @06-10-2021 01:55:57.0660 AM
[ReportManager] Assertion Passed: Confirming that navigating back was successful @06-10-2021 01:55:57.0803 AM
[ReportManager] Successfully created attachment [Screenshot - 1633485357739_navigateBack_ValidateBrowserAttribute_passed] @06-10-2021 01:55:57.0804 AM
[ReportManager] Assertion [ValidateBrowserAttribute] PASSED. Expected [Value Should be 'https://duckduckgo.com' for the 'CurrentUrl' attribute] and Actual [https://duckduckgo.com/]. Comparison Type [CONTAINS]. Validation Type [POSITIVE]. @06-10-2021 01:55:57.0804 A
[ReportManager] Target URL: [https://duckduckgo.com] @06-10-2021 01:55:57.0810 AM
[ReportManager] Initial URL: [https://duckduckgo.com] @06-10-2021 01:55:57.0870 AM
[ReportManager] Browser Action [NavigateToURL] successfully performed. With the following test data [https://duckduckgo.com]. @06-10-2021 01:55:58.0175 AM
[ReportManager] Browser Action [CloseCurrentWindow] successfully performed. @06-10-2021 01:55:58.0272 AM
[ReportManager] Successfully created attachment [Browser Action Test Data - CloseCurrentWindow - Actual Value] @06-10-2021 01:55:58.0273 A
[ReportManager] File Action [GetAbsolutePath] successfully performed. With the following test data [Relative Folder Path: "target/downloadedFiles/"]. @06-10-2021 01:55:58.0276 AM
[ReportManager] Attempting to run remotely on: [Linux-64], [GoogleChrome], [http://localhost:4444/wd/hub], Headless Execution. @06-10-2021 01:55:58.0276 AM
[ReportManager] Successfully Opened [GoogleChrome]. @06-10-2021 01:55:58.0467 AM
[ReportManager] Target URL: [https://duckduckgo.com] @06-10-2021 01:55:58.0495 AM
[ReportManager] Initial URL: [data:,] @06-10-2021 01:55:58.0533 AM
[ReportManager] Browser Action [NavigateToURL] successfully performed. With the following test data [https://duckduckgo.com]. @06-10-2021 01:55:59.0034 A

################################################################################################################################################
Starting Execution:	[63 out of 144] test cases in the current suite
Test Method:		[unitTests.tests_browserActions.navigateForward]
################################################################################################################################################
[ReportManager] Target URL: [https://www.google.com/ncr], and after redirection: [https://www.google.com] @06-10-2021 01:55:59.0040 AM
[ReportManager] Initial URL: [https://duckduckgo.com] @06-10-2021 01:55:59.0105 AM
[ReportManager] Browser Action [NavigateToURL] successfully performed. With the following test data [https://www.google.com/ncr]. @06-10-2021 01:56:00.0011 AM
[ReportManager] Browser Action [NavigateBack] successfully performed. With the following test data [https://duckduckgo.com/]. @06-10-2021 01:56:00.0355 AM
[ReportManager] Browser Action [NavigateForward] successfully performed. With the following test data [https://www.google.com/]. @06-10-2021 01:56:00.0763 A
[ReportManager] Target URL: [https://duckduckgo.com] @06-10-2021 01:56:00.0764 AM
[ReportManager] Initial URL: [https://www.google.com] @06-10-2021 01:56:00.0858 AM
[ReportManager] Browser Action [NavigateToURL] successfully performed. With the following test data [https://duckduckgo.com]. @06-10-2021 01:56:01.0314 AM
[ReportManager] Browser Action [CloseCurrentWindow] successfully performed. @06-10-2021 01:56:01.0421 AM
[ReportManager] Successfully created attachment [Browser Action Test Data - CloseCurrentWindow - Actual Value] @06-10-2021 01:56:01.0421 A
[ReportManager] File Action [GetAbsolutePath] successfully performed. With the following test data [Relative Folder Path: "target/downloadedFiles/"]. @06-10-2021 01:56:01.0424 AM
[ReportManager] Attempting to run remotely on: [Linux-64], [GoogleChrome], [http://localhost:4444/wd/hub], Headless Execution. @06-10-2021 01:56:01.0424 AM
[ReportManager] Successfully Opened [GoogleChrome]. @06-10-2021 01:56:01.0652 AM
[ReportManager] Target URL: [https://duckduckgo.com] @06-10-2021 01:56:01.0662 AM
[ReportManager] Initial URL: [data:,] @06-10-2021 01:56:01.0708 AM
[ReportManager] Browser Action [NavigateToURL] successfully performed. With the following test data [https://duckduckgo.com]. @06-10-2021 01:56:02.0260 A

################################################################################################################################################
Starting Execution:	[64 out of 144] test cases in the current suite
Test Method:		[unitTests.tests_browserActions.navigateToURL]
################################################################################################################################################
[ReportManager] Target URL: [https://duckduckgo.com] @06-10-2021 01:56:02.0268 AM
[ReportManager] Initial URL: [https://duckduckgo.com] @06-10-2021 01:56:02.0327 AM
[ReportManager] Browser Action [NavigateToURL] successfully performed. With the following test data [https://duckduckgo.com]. @06-10-2021 01:56:02.0701 A
[ReportManager] Target URL: [https://duckduckgo.com] @06-10-2021 01:56:02.0703 AM
[ReportManager] Initial URL: [https://duckduckgo.com] @06-10-2021 01:56:02.0753 AM
[ReportManager] Browser Action [NavigateToURL] successfully performed. With the following test data [https://duckduckgo.com]. @06-10-2021 01:56:03.0074 AM
[ReportManager] Browser Action [CloseCurrentWindow] successfully performed. @06-10-2021 01:56:03.0176 AM
[ReportManager] Successfully created attachment [Browser Action Test Data - CloseCurrentWindow - Actual Value] @06-10-2021 01:56:03.0177 A
[ReportManager] File Action [GetAbsolutePath] successfully performed. With the following test data [Relative Folder Path: "target/downloadedFiles/"]. @06-10-2021 01:56:03.0179 AM
[ReportManager] Attempting to run remotely on: [Linux-64], [GoogleChrome], [http://localhost:4444/wd/hub], Headless Execution. @06-10-2021 01:56:03.0179 AM
[ReportManager] Successfully Opened [GoogleChrome]. @06-10-2021 01:56:03.0376 AM
[ReportManager] Target URL: [https://duckduckgo.com] @06-10-2021 01:56:03.0389 AM
[ReportManager] Initial URL: [data:,] @06-10-2021 01:56:03.0437 AM
[ReportManager] Browser Action [NavigateToURL] successfully performed. With the following test data [https://duckduckgo.com]. @06-10-2021 01:56:03.0987 A

################################################################################################################################################
Starting Execution:	[65 out of 144] test cases in the current suite
Test Method:		[unitTests.tests_browserActions.navigateToURLWithRedirection]
################################################################################################################################################
[ReportManager] Target URL: [https://www.google.com/ncr], and after redirection: [https://www.google.com] @06-10-2021 01:56:03.0990 AM
[ReportManager] Initial URL: [https://duckduckgo.com] @06-10-2021 01:56:04.0051 AM
[ReportManager] Browser Action [NavigateToURL] successfully performed. With the following test data [https://www.google.com/ncr]. @06-10-2021 01:56:04.0870 A
[ReportManager] Target URL: [https://duckduckgo.com] @06-10-2021 01:56:04.0872 AM
[ReportManager] Initial URL: [https://www.google.com] @06-10-2021 01:56:04.0945 AM
[ReportManager] Browser Action [NavigateToURL] successfully performed. With the following test data [https://duckduckgo.com]. @06-10-2021 01:56:05.0444 AM
[ReportManager] Browser Action [CloseCurrentWindow] successfully performed. @06-10-2021 01:56:05.0548 AM
[ReportManager] Successfully created attachment [Browser Action Test Data - CloseCurrentWindow - Actual Value] @06-10-2021 01:56:05.0549 A
[ReportManager] File Action [GetAbsolutePath] successfully performed. With the following test data [Relative Folder Path: "target/downloadedFiles/"]. @06-10-2021 01:56:05.0551 AM
[ReportManager] Attempting to run remotely on: [Linux-64], [GoogleChrome], [http://localhost:4444/wd/hub], Headless Execution. @06-10-2021 01:56:05.0551 AM
[ReportManager] Successfully Opened [GoogleChrome]. @06-10-2021 01:56:05.0768 AM
[ReportManager] Target URL: [https://duckduckgo.com] @06-10-2021 01:56:05.0779 AM
[ReportManager] Initial URL: [data:,] @06-10-2021 01:56:05.0821 AM
[ReportManager] Browser Action [NavigateToURL] successfully performed. With the following test data [https://duckduckgo.com]. @06-10-2021 01:56:06.0338 A

################################################################################################################################################
Starting Execution:	[66 out of 144] test cases in the current suite
Test Method:		[unitTests.tests_browserActions.refreshCurrentPage]
################################################################################################################################################
[ReportManager] Browser Action [RefreshCurrentPage] successfully performed. @06-10-2021 01:56:06.0538 AM
[ReportManager] Successfully created attachment [Browser Action Test Data - RefreshCurrentPage - Actual Value] @06-10-2021 01:56:06.0539 A
[ReportManager] Target URL: [https://duckduckgo.com] @06-10-2021 01:56:06.0545 AM
[ReportManager] Initial URL: [https://duckduckgo.com] @06-10-2021 01:56:06.0611 AM
[ReportManager] Browser Action [NavigateToURL] successfully performed. With the following test data [https://duckduckgo.com]. @06-10-2021 01:56:06.0892 AM
[ReportManager] Browser Action [CloseCurrentWindow] successfully performed. @06-10-2021 01:56:06.0988 AM
[ReportManager] Successfully created attachment [Browser Action Test Data - CloseCurrentWindow - Actual Value] @06-10-2021 01:56:06.0988 A
[ReportManager] File Action [GetAbsolutePath] successfully performed. With the following test data [Relative Folder Path: "target/downloadedFiles/"]. @06-10-2021 01:56:06.0997 AM
[ReportManager] Attempting to run remotely on: [Linux-64], [GoogleChrome], [http://localhost:4444/wd/hub], Headless Execution. @06-10-2021 01:56:06.0997 AM
[ReportManager] Successfully Opened [GoogleChrome]. @06-10-2021 01:56:07.0189 AM
[ReportManager] Target URL: [https://duckduckgo.com] @06-10-2021 01:56:07.0200 AM
[ReportManager] Initial URL: [data:,] @06-10-2021 01:56:07.0240 AM
[ReportManager] Browser Action [NavigateToURL] successfully performed. With the following test data [https://duckduckgo.com]. @06-10-2021 01:56:07.0775 A

################################################################################################################################################
Starting Execution:	[67 out of 144] test cases in the current suite
Test Method:		[unitTests.tests_browserActions.setWindowSize]
################################################################################################################################################
[ReportManager] Initial window size: (800, 600) @06-10-2021 01:56:07.0796 AM
[ReportManager] Window size after SWD: (1280, 720) @06-10-2021 01:56:08.0019 AM
[ReportManager] Browser Action [SetWindowSize] successfully performed. With the following test data [New screen size is now: (1280, 720)]. @06-10-2021 01:56:08.0019 A
[ReportManager] Target URL: [https://duckduckgo.com] @06-10-2021 01:56:08.0029 AM
[ReportManager] Initial URL: [https://duckduckgo.com] @06-10-2021 01:56:08.0104 AM
[ReportManager] Browser Action [NavigateToURL] successfully performed. With the following test data [https://duckduckgo.com]. @06-10-2021 01:56:08.0431 AM
[ReportManager] Browser Action [CloseCurrentWindow] successfully performed. @06-10-2021 01:56:08.0532 AM
[ReportManager] Successfully created attachment [Browser Action Test Data - CloseCurrentWindow - Actual Value] @06-10-2021 01:56:08.0533 A
[ReportManager] Successfully loaded the following test data file [src/test/resources/TestDataFiles/testSuite01/TestData.xlsx]. @06-10-2021 01:56:09.0295 AM
[ReportManager] Successfully created attachment [Test Data - Excel] @06-10-2021 01:56:09.0296 A

################################################################################################################################################
Starting Execution:	[68 out of 144] test cases in the current suite
Test Method:		[unitTests.tests_io_excelFileManager.getCellData_rowName_expectedToPass]
################################################################################################################################################
[ReportManager] testRowData. @06-10-2021 01:56:09.0311 A
[ReportManager] Successfully loaded the following test data file [src/test/resources/TestDataFiles/testSuite01/TestData.xlsx]. @06-10-2021 01:56:09.0341 AM
[ReportManager] Successfully created attachment [Test Data - Excel] @06-10-2021 01:56:09.0342 AM
[ReportManager] File Action [GetAbsolutePath] successfully performed. With the following test data [Relative Folder Path: "target/downloadedFiles/"]. @06-10-2021 01:56:09.0342 AM
[ReportManager] Attempting to run remotely on: [Linux-64], [GoogleChrome], [http://localhost:4444/wd/hub], Headless Execution. @06-10-2021 01:56:09.0342 AM
[ReportManager] Successfully Opened [GoogleChrome]. @06-10-2021 01:56:09.0578 A

################################################################################################################################################
Starting Execution:	[69 out of 144] test cases in the current suite
Test Method:		[testPackage01.Test_google.navigateToURLandVerifyGoogleLogoIsDisplayed]
Test Description:	[TC001 - Navigate to URL and Verify Google Logo is Displayed]
################################################################################################################################################
[ReportManager] Target URL: [https://www.google.com/ncr], and after redirection: [https://www.google.com] @06-10-2021 01:56:09.0603 AM
[ReportManager] Initial URL: [data:,] @06-10-2021 01:56:09.0663 AM
[ReportManager] Browser Action [NavigateToURL] successfully performed. With the following test data [https://www.google.com/ncr]. @06-10-2021 01:56:10.0499 AM
[ReportManager] Loaded Shared OpenCV @06-10-2021 01:56:10.0704 AM
[ReportManager] Assertion [ValidateElementExists] PASSED. Expected [Element Should Exist, locator 'By.xpath: //*[@id='hplogo' or @alt='Google']'] and Actual [Element Exists]. Comparison Type [EQUALS]. Validation Type [POSITIVE]. @06-10-2021 01:56:10.0786 AM
[ReportManager] Successfully created attachment [Screenshot - 1633485370700_navigateToURLandVerifyGoogleLogoIsDisplayed_ValidateElementExists_passed] @06-10-2021 01:56:10.0787 A

################################################################################################################################################
Starting Execution:	[70 out of 144] test cases in the current suite
Test Method:		[testPackage01.Test_google.searchForQueryandAssertResultsNumDisplayed]
Test Description:	[TC002 - Search for Query and Assert that the number of results is displayed]
################################################################################################################################################
[ReportManager] Element Action [Type] successfully performed. With the following test data [SHAFT_Engine]. @06-10-2021 01:56:11.0211 AM
[ReportManager] Element Action [KeyPress] successfully performed. With the following test data [Enter]. @06-10-2021 01:56:12.0669 AM
[ReportManager] Element Action [GetText] successfully performed. With the following test data [About 1,390,000 results (0.62 seconds) ]. @06-10-2021 01:56:12.0754 AM
[ReportManager] Loaded Shared OpenCV @06-10-2021 01:56:12.0938 AM
[ReportManager] Assertion [ValidateElementAttribute] PASSED. Expected [Value Should not be '' for the 'Text' attribute, element locator 'By.id: appbar'] and Actual [About 1,390,000 results (0.62 seconds) ]. Comparison Type [EQUALS]. Validation Type [NEGATIVE]. @06-10-2021 01:56:13.0028 AM
[ReportManager] Successfully created attachment [Screenshot - 1633485372938_searchForQueryandAssertResultsNumDisplayed_ValidateElementAttribute_passed] @06-10-2021 01:56:13.0030 A

################################################################################################################################################
Starting Execution:	[71 out of 144] test cases in the current suite
Test Method:		[testPackage01.Test_google.clickNextThrice]
Test Description:	[TC003 - Clicks the next button to make sure that the framework can scroll element into view before clicking it]
################################################################################################################################################
[ReportManager] Element Action [Click] successfully performed. With the following test data [Next]. @06-10-2021 01:56:14.0545 A
[ReportManager] Browser Action [CloseCurrentWindow] successfully performed. @06-10-2021 01:56:14.0756 AM
[ReportManager] Successfully created attachment [Browser Action Test Data - CloseCurrentWindow - Actual Value] @06-10-2021 01:56:14.0759 A

################################################################################################################################################
Starting Execution:	[72 out of 144] test cases in the current suite
Test Method:		[testPackage01.Test_testData.f]
################################################################################################################################################
[ReportManager] Successfully loaded the following test data file [src/test/resources/TestDataFiles/testSuite01/TestData.xlsx]. @06-10-2021 01:56:14.0793 AM
[ReportManager] Successfully created attachment [Test Data - Excel] @06-10-2021 01:56:14.0794 AM
[ReportManager] Last Column Number is: [3]. Zero-based. @06-10-2021 01:56:14.0794 A

################################################################################################################################################
Starting Execution:	[73 out of 144] test cases in the current suite
Test Method:		[testPackage01.Test_PDF.testPDF_Downloaded]
################################################################################################################################################
[ReportManager] File Action [DoesFileExist] successfully performed. With the following test data [File Path: "src/test/resources/TestDataFiles/sample.pdf"]. @06-10-2021 01:56:14.0801 AM
[ReportManager] File Action [GetAbsolutePath] successfully performed. With the following test data [Relative File Path: "src/test/resources/TestDataFiles/sample.pdf"]. @06-10-2021 01:56:14.0801 AM
[ReportManager] Assertion [ValidateTrue] PASSED. Expected [TRUE] and Actual [TRUE]. Validation Type [POSITIVE]. @06-10-2021 01:56:15.0294 A

################################################################################################################################################
Starting Execution:	[74 out of 144] test cases in the current suite
Test Method:		[testPackage01.Test_JSONFileManager.readStringFromJson]
################################################################################################################################################
[ReportManager] Successfully loaded the following test data file [src/test/resources/TestDataFiles/simpleJSON.json]. @06-10-2021 01:56:15.0305 AM
[ReportManager] Successfully created attachment [Test Data - JSON] @06-10-2021 01:56:15.0306 AM
[ReportManager] Assertion [ValidateEquals] PASSED. Expected [Mohab Mohie] and Actual [Mohab Mohie]. Comparison Type [EQUALS]. Validation Type [POSITIVE]. @06-10-2021 01:56:15.0325 A
[ReportManager] File Action [GetAbsolutePath] successfully performed. With the following test data [Relative Folder Path: "target/downloadedFiles/"]. @06-10-2021 01:56:15.0328 AM
[ReportManager] Attempting to run remotely on: [Linux-64], [GoogleChrome], [http://localhost:4444/wd/hub], Headless Execution. @06-10-2021 01:56:15.0328 AM
[ReportManager] Successfully Opened [GoogleChrome]. @06-10-2021 01:56:15.0546 A

################################################################################################################################################
Starting Execution:	[75 out of 144] test cases in the current suite
Test Method:		[testPackage01.Test_dragAndDrop.dragAndDropJquery]
################################################################################################################################################
[ReportManager] Target URL: [https://jqueryui.com/resources/demos/droppable/default.html] @06-10-2021 01:56:15.0562 AM
[ReportManager] Initial URL: [data:,] @06-10-2021 01:56:15.0599 AM
[ReportManager] Browser Action [NavigateToURL] successfully performed. With the following test data [https://jqueryui.com/resources/demos/droppable/default.html]. @06-10-2021 01:56:15.0978 AM
[ReportManager] Element Action [GetText] successfully performed. With the following test data [Drop here]. @06-10-2021 01:56:16.0081 AM
[ReportManager] Element Action [DragAndDrop] successfully performed. With the following test data [Start point: (8, 18), End point: (8, 18)]. @06-10-2021 01:56:17.0427 AM
[ReportManager] Element Action [GetText] successfully performed. With the following test data [Dropped!]. @06-10-2021 01:56:17.0497 AM
[ReportManager] Assertion Passed: Checking to see if the text has changed after performing drag and drop @06-10-2021 01:56:17.0498 AM
[ReportManager] Assertion [ValidateEquals] PASSED. Expected [Drop here] and Actual [Dropped!]. Comparison Type [EQUALS]. Validation Type [NEGATIVE]. @06-10-2021 01:56:17.0498 A
[ReportManager] Browser Action [CloseCurrentWindow] successfully performed. @06-10-2021 01:56:17.0613 AM
[ReportManager] Successfully created attachment [Browser Action Test Data - CloseCurrentWindow - Actual Value] @06-10-2021 01:56:17.0614 A
[ReportManager] File Action [GetAbsolutePath] successfully performed. With the following test data [Relative Folder Path: "target/downloadedFiles/"]. @06-10-2021 01:56:17.0616 AM
[ReportManager] Attempting to run remotely on: [Linux-64], [GoogleChrome], [http://localhost:4444/wd/hub], Headless Execution. @06-10-2021 01:56:17.0616 AM
[ReportManager] Successfully Opened [GoogleChrome]. @06-10-2021 01:56:17.0829 A

################################################################################################################################################
Starting Execution:	[76 out of 144] test cases in the current suite
Test Method:		[testPackage01.Test_dragAndDrop.dragAndDrop]
Test Description:	[TC001 - Test Drag and Drop function.]
################################################################################################################################################
[ReportManager] Target URL: [http://the-internet.herokuapp.com/drag_and_drop] @06-10-2021 01:56:17.0849 AM
[ReportManager] Initial URL: [data:,] @06-10-2021 01:56:17.0890 AM
[ReportManager] Browser Action [NavigateToURL] successfully performed. With the following test data [http://the-internet.herokuapp.com/drag_and_drop]. @06-10-2021 01:56:18.0260 AM
[ReportManager] Attempting Drag and Drop @06-10-2021 01:56:18.0260 AM
[ReportManager] Element Action [DragAndDrop] successfully performed. With the following test data [Start point: (32, 90), End point: (247, 90)]. @06-10-2021 01:56:19.0445 A
[ReportManager] Browser Action [CloseCurrentWindow] successfully performed. @06-10-2021 01:56:19.0540 AM
[ReportManager] Successfully created attachment [Browser Action Test Data - CloseCurrentWindow - Actual Value] @06-10-2021 01:56:19.0540 A
[ReportManager] File Action [GetAbsolutePath] successfully performed. With the following test data [Relative Folder Path: "target/downloadedFiles/"]. @06-10-2021 01:56:19.0542 AM
[ReportManager] Attempting to run remotely on: [Linux-64], [GoogleChrome], [http://localhost:4444/wd/hub], Headless Execution. @06-10-2021 01:56:19.0542 AM
[ReportManager] Successfully Opened [GoogleChrome]. @06-10-2021 01:56:19.0755 A

################################################################################################################################################
Starting Execution:	[77 out of 144] test cases in the current suite
Test Method:		[testPackage01.Test_dragAndDrop.dragAndDropByOffset]
Test Description:	[TC002 - Test Drag and Drop by offset function.]
################################################################################################################################################
[ReportManager] Target URL: [https://jqueryui.com/resources/demos/draggable/default.html] @06-10-2021 01:56:19.0771 AM
[ReportManager] Initial URL: [data:,] @06-10-2021 01:56:19.0823 AM
[ReportManager] Browser Action [NavigateToURL] successfully performed. With the following test data [https://jqueryui.com/resources/demos/draggable/default.html]. @06-10-2021 01:56:20.0158 AM
[ReportManager] Element Action [DragAndDropByOffset] successfully performed. With the following test data [Start point: (8, 8), End point: (108, 58)]. @06-10-2021 01:56:20.0302 A
[ReportManager] Browser Action [CloseCurrentWindow] successfully performed. @06-10-2021 01:56:20.0392 AM
[ReportManager] Successfully created attachment [Browser Action Test Data - CloseCurrentWindow - Actual Value] @06-10-2021 01:56:20.0392 A
[ReportManager] File Action [GetAbsolutePath] successfully performed. With the following test data [Relative Folder Path: "target/downloadedFiles/"]. @06-10-2021 01:56:20.0394 AM
[ReportManager] Attempting to run remotely on: [Linux-64], [GoogleChrome], [http://localhost:4444/wd/hub], Headless Execution. @06-10-2021 01:56:20.0395 AM
[ReportManager] Successfully Opened [GoogleChrome]. @06-10-2021 01:56:20.0604 A

################################################################################################################################################
Starting Execution:	[78 out of 144] test cases in the current suite
Test Method:		[testPackage01.Test_verifyEquals.test_assertElementAttribute]
################################################################################################################################################
[ReportManager] Target URL: [https://www.google.com/ncr], and after redirection: [https://www.google.com] @06-10-2021 01:56:20.0620 AM
[ReportManager] Initial URL: [data:,] @06-10-2021 01:56:20.0658 AM
[ReportManager] Browser Action [NavigateToURL] successfully performed. With the following test data [https://www.google.com/ncr]. @06-10-2021 01:56:21.0469 AM
[ReportManager] Element Action [Type] successfully performed. With the following test data [INC_004010050:Another SCHEDULER with the same name [Duplicate Job Name] already exists.]. @06-10-2021 01:56:22.0122 AM
[ReportManager] Element Action [GetText] successfully performed. With the following test data [INC_004010050:Another SCHEDULER with the same name [Duplicate Job Name] already exists.]. @06-10-2021 01:56:22.0206 AM
[ReportManager] Loaded Shared OpenCV @06-10-2021 01:56:22.0339 AM
[ReportManager] Verification [ValidateElementAttribute] PASSED. Expected [Value Should be 'INC_004010050:Another SCHEDULER with the same name \[Duplicate Job Name\] already exists.' for the 'text' attribute, element locator 'By.name: q'] and Actual [INC_004010050:Another SCHEDULER with the same name [Duplicate Job Name] already exists.]. Comparison Type [MATCHES]. Validation Type [POSITIVE]. @06-10-2021 01:56:22.0443 AM
[ReportManager] Successfully created attachment [Screenshot - 1633485382339_test_assertElementAttribute_ValidateElementAttribute_passed] @06-10-2021 01:56:22.0444 A
[ReportManager] Browser Action [CloseCurrentWindow] successfully performed. @06-10-2021 01:56:22.0572 AM
[ReportManager] Successfully created attachment [Browser Action Test Data - CloseCurrentWindow - Actual Value] @06-10-2021 01:56:22.0573 A
[ReportManager] Successfully loaded the following test data file [src/test/resources/TestDataFiles/testSuite01/TestData.xlsx]. @06-10-2021 01:56:22.0607 AM
[ReportManager] Successfully created attachment [Test Data - Excel] @06-10-2021 01:56:22.0608 AM
[ReportManager] Attempting to run using Playwright locally on: [Linux-64], [GoogleChrome], Headless Execution. @06-10-2021 01:56:36.0178 AM
[ReportManager] File Action [GetAbsolutePath] successfully performed. With the following test data [Relative Folder Path: "target/downloadedFiles/"]. @06-10-2021 01:56:36.0179 AM
[ReportManager] Initial window size: (1280, 720) @06-10-2021 01:56:36.0531 AM
[ReportManager] Window size after Toolkit: com.microsoft.playwright.options.ViewportSize@423d5c81 @06-10-2021 01:56:36.0540 AM
[ReportManager] Browser Action [MaximizeWindow] successfully performed. With the following test data [New screen size is now: (1920, 1080)]. @06-10-2021 01:56:36.0541 A

################################################################################################################################################
Starting Execution:	[79 out of 144] test cases in the current suite
Test Method:		[testPackage01.Test_google_playwright.navigateToURLandVerifyGoogleLogoIsDisplayed]
Test Description:	[TC001 - Navigate to URL and Verify Google Logo is Displayed]
################################################################################################################################################
[ReportManager] Target URL: [https://www.google.com/ncr], and after redirection: [https://www.google.com] @06-10-2021 01:56:36.0543 AM
[ReportManager] Initial URL: [about:blank] @06-10-2021 01:56:37.0020 AM
[ReportManager] Browser Action [NavigateToURL] successfully performed. With the following test data [https://www.google.com/ncr]. @06-10-2021 01:56:39.0278 AM
[ReportManager] Loaded Shared OpenCV @06-10-2021 01:56:39.0493 AM
[ReportManager] Assertion [ValidateElementExists] PASSED. Expected [Element Should Exist, locator 'xpath=//*[@id='hplogo' or @alt='Google']'] and Actual [Element Exists]. Comparison Type [EQUALS]. Validation Type [POSITIVE]. @06-10-2021 01:56:39.0711 AM
[ReportManager] Successfully created attachment [Screenshot - 1633485399485_navigateToURLandVerifyGoogleLogoIsDisplayed_ValidateElementExists_passed] @06-10-2021 01:56:39.0712 A

################################################################################################################################################
Starting Execution:	[80 out of 144] test cases in the current suite
Test Method:		[testPackage01.Test_google_playwright.searchForQueryandAssertResultsNumDisplayed]
Test Description:	[TC002 - Search for Query and Assert that the number of results is displayed]
################################################################################################################################################
[ReportManager] Element Action [Type] successfully performed. With the following test data [SHAFT_Engine]. @06-10-2021 01:56:39.0963 AM
[ReportManager] Element Action [KeyPress] successfully performed. With the following test data [Enter]. @06-10-2021 01:56:39.0998 AM
[ReportManager] Element Action [GetText] successfully performed. With the following test data [About 889,000 results (0.73 seconds)]. @06-10-2021 01:56:41.0071 AM
[ReportManager] Loaded Shared OpenCV @06-10-2021 01:56:43.0196 AM
[ReportManager] Assertion [ValidateElementAttribute] PASSED. Expected [Value Should not be '' for the 'text' attribute, element locator 'xpath=//div[@id='appbar']'] and Actual [About 889,000 results (0.73 seconds)]. Comparison Type [EQUALS]. Validation Type [NEGATIVE]. @06-10-2021 01:56:43.0493 AM
[ReportManager] Successfully created attachment [Screenshot - 1633485403195_searchForQueryandAssertResultsNumDisplayed_ValidateElementAttribute_passed] @06-10-2021 01:56:43.0495 A

################################################################################################################################################
Starting Execution:	[81 out of 144] test cases in the current suite
Test Method:		[testPackage01.Test_google_playwright.clickNextThrice]
Test Description:	[TC003 - Clicks the next button to make sure that the framework can scroll element into view before clicking it]
################################################################################################################################################
[ReportManager] Element Action [Click] successfully performed. With the following test data [Next]. @06-10-2021 01:56:43.0759 A
[ReportManager] Failed to find video recording. @06-10-2021 01:56:43.0760 AM
[ReportManager] Successfully Closed PlayWright Driver. @06-10-2021 01:56:43.0813 A

################################################################################################################################################
Starting Execution:	[82 out of 144] test cases in the current suite
Test Method:		[testPackage01.Test_JsonActions.f]
###############################################################################################################################################

################################################################################################################################################
Starting Execution:	[83 out of 144] test cases in the current suite
Test Method:		[testPackage01.Test_JsonActions.f2]
###############################################################################################################################################

################################################################################################################################################
Starting Execution:	[84 out of 144] test cases in the current suite
Test Method:		[testPackage01.Test_AssertApiResponseEquals.assertApiResponseEquals_expectedToPass]
################################################################################################################################################
[ReportManager] Response status code: [200], status line: [HTTP/1.1 200 OK] @06-10-2021 01:56:43.0923 AM
[ReportManager] Assertion Passed: Evaluating the actual response status code against the expected one... @06-10-2021 01:56:43.0923 AM
[ReportManager] Assertion [ValidateEquals] PASSED. Expected [200] and Actual [200]. Comparison Type [EQUALS]. Validation Type [POSITIVE]. @06-10-2021 01:56:43.0924 AM
[ReportManager] API Action [PerformRequest] successfully performed. With the following test data [Request Type: "GET" | Target Status Code: "200" | Service URL: "https://jsonplaceholder.typicode.com/users" | Content Type: "*/*" | Response Time: "69ms"]. @06-10-2021 01:56:43.0940 AM
[ReportManager] Successfully created attachment [API Request - Specifications] @06-10-2021 01:56:43.0940 AM
[ReportManager] Successfully created attachment [API Response - JSON Body] @06-10-2021 01:56:43.0941 AM
[ReportManager] API Action [GetResponseJSONValueAsList] successfully performed. With the following test data [$]. @06-10-2021 01:56:43.0944 AM
[ReportManager] API Action [GetResponseJSONValue] successfully performed. With the following test data [name]. @06-10-2021 01:56:43.0955 AM
[ReportManager] API Action [GetResponseJSONValue] successfully performed. With the following test data [email]. @06-10-2021 01:56:43.0963 AM
[ReportManager] Verification [ValidateEquals] PASSED. Expected [Sincere@april.biz] and Actual [Sincere@april.biz]. Comparison Type [EQUALS]. Validation Type [POSITIVE]. @06-10-2021 01:56:43.0963 AM
[ReportManager] API Action [GetResponseJSONValue] successfully performed. With the following test data [username]. @06-10-2021 01:56:43.0970 AM
[ReportManager] Assertion [ValidateEquals] PASSED. Expected [Bret] and Actual [Bret]. Comparison Type [EQUALS]. Validation Type [POSITIVE]. @06-10-2021 01:56:43.0971 AM
[ReportManager] API Action [GetResponseJSONValue] successfully performed. With the following test data [name]. @06-10-2021 01:56:43.0983 AM
[ReportManager] API Action [GetResponseJSONValue] successfully performed. With the following test data [name]. @06-10-2021 01:56:43.0990 AM
[ReportManager] API Action [GetResponseJSONValue] successfully performed. With the following test data [name]. @06-10-2021 01:56:43.0998 AM
[ReportManager] API Action [GetResponseJSONValue] successfully performed. With the following test data [name]. @06-10-2021 01:56:44.0005 AM
[ReportManager] API Action [GetResponseJSONValue] successfully performed. With the following test data [name]. @06-10-2021 01:56:44.0012 AM
[ReportManager] API Action [GetResponseJSONValue] successfully performed. With the following test data [name]. @06-10-2021 01:56:44.0022 AM
[ReportManager] API Action [GetResponseJSONValue] successfully performed. With the following test data [name]. @06-10-2021 01:56:44.0029 AM
[ReportManager] API Action [GetResponseJSONValue] successfully performed. With the following test data [name]. @06-10-2021 01:56:44.0046 AM
[ReportManager] API Action [GetResponseJSONValue] successfully performed. With the following test data [name]. @06-10-2021 01:56:44.0081 A
[ReportManager] File Action [GetAbsolutePath] successfully performed. With the following test data [Relative Folder Path: "target/downloadedFiles/"]. @06-10-2021 01:56:44.0093 AM
[ReportManager] Attempting to run remotely on: [Linux-64], [GoogleChrome], [http://localhost:4444/wd/hub], Headless Execution. @06-10-2021 01:56:44.0093 AM
[ReportManager] Successfully Opened [GoogleChrome]. @06-10-2021 01:56:44.0381 A

################################################################################################################################################
Starting Execution:	[85 out of 144] test cases in the current suite
Test Method:		[testPackage01.Test_ShadowDOM.shadowdom]
################################################################################################################################################
[ReportManager] Target URL: [https://mdn.github.io/web-components-examples/popup-info-box-web-component/] @06-10-2021 01:56:44.0394 AM
[ReportManager] Initial URL: [data:,] @06-10-2021 01:56:44.0435 AM
[ReportManager] Browser Action [NavigateToURL] successfully performed. With the following test data [https://mdn.github.io/web-components-examples/popup-info-box-web-component/]. @06-10-2021 01:56:44.0691 AM
[ReportManager] Element Action [Type] successfully performed. With the following test data [Typing into SHADOW DOM...]. @06-10-2021 01:56:44.0964 AM
[ReportManager] Element Action [GetText] successfully performed. With the following test data [Typing into SHADOW DOM...]. @06-10-2021 01:56:45.0059 AM
[ReportManager] Loaded Shared OpenCV @06-10-2021 01:56:45.0179 AM
[ReportManager] Assertion [ValidateElementAttribute] PASSED. Expected [Value Should be 'Typing into SHADOW DOM...' for the 'Text' attribute, element locator 'By.id: cvc'] and Actual [Typing into SHADOW DOM...]. Comparison Type [EQUALS]. Validation Type [POSITIVE]. @06-10-2021 01:56:45.0272 AM
[ReportManager] Successfully created attachment [Screenshot - 1633485405179_shadowdom_ValidateElementAttribute_passed] @06-10-2021 01:56:45.0273 A
[ReportManager] Browser Action [CloseCurrentWindow] successfully performed. @06-10-2021 01:56:45.0360 AM
[ReportManager] Successfully created attachment [Browser Action Test Data - CloseCurrentWindow - Actual Value] @06-10-2021 01:56:45.0360 A

################################################################################################################################################
Starting Execution:	[86 out of 144] test cases in the current suite
Test Method:		[testPackage01.Test_SelectedValue.multipleSelect]
################################################################################################################################################
[ReportManager] File Action [GetAbsolutePath] successfully performed. With the following test data [Relative Folder Path: "target/downloadedFiles/"]. @06-10-2021 01:56:45.0366 AM
[ReportManager] Attempting to run remotely on: [Linux-64], [GoogleChrome], [http://localhost:4444/wd/hub], Headless Execution. @06-10-2021 01:56:45.0367 AM
[ReportManager] Successfully Opened [GoogleChrome]. @06-10-2021 01:56:45.0551 AM
[ReportManager] Target URL: [https://yari-demos.prod.mdn.mozit.cloud/en-US/docs/Web/HTML/Element/select/_sample_.Advanced_select_with_multiple_features.html] @06-10-2021 01:56:45.0563 AM
[ReportManager] Initial URL: [data:,] @06-10-2021 01:56:45.0603 AM
[ReportManager] Browser Action [NavigateToURL] successfully performed. With the following test data [https://yari-demos.prod.mdn.mozit.cloud/en-US/docs/Web/HTML/Element/select/_sample_.Advanced_select_with_multiple_features.html]. @06-10-2021 01:56:46.0141 AM
[ReportManager] Element Action [Select] successfully performed. With the following test data [Dog]. @06-10-2021 01:56:46.0366 AM
[ReportManager] Element Action [Select] successfully performed. With the following test data [Cat]. @06-10-2021 01:56:46.0583 AM
[ReportManager] Element Action [GetSelectedText] successfully performed. With the following test data [DogCat]. @06-10-2021 01:56:46.0700 AM
[ReportManager] DogCat @06-10-2021 01:56:46.0700 AM
[ReportManager] Element Action [GetSelectedText] successfully performed. With the following test data [DogCat]. @06-10-2021 01:56:46.0915 AM
[ReportManager] Loaded Shared OpenCV @06-10-2021 01:56:47.0023 AM
[ReportManager] Assertion [ValidateElementAttribute] PASSED. Expected [Value Should be 'DogCat' for the 'selectedText' attribute, element locator 'By.tagName: select'] and Actual [DogCat]. Comparison Type [EQUALS]. Validation Type [POSITIVE]. @06-10-2021 01:56:47.0100 AM
[ReportManager] Successfully created attachment [Screenshot - 1633485407023_multipleSelect_ValidateElementAttribute_passed] @06-10-2021 01:56:47.0100 AM
[ReportManager] Browser Action [CloseCurrentWindow] successfully performed. @06-10-2021 01:56:47.0205 AM
[ReportManager] Successfully created attachment [Browser Action Test Data - CloseCurrentWindow - Actual Value] @06-10-2021 01:56:47.0206 A

################################################################################################################################################
Starting Execution:	[87 out of 144] test cases in the current suite
Test Method:		[testPackage01.Test_SelectedValue.simpleSelect]
################################################################################################################################################
[ReportManager] File Action [GetAbsolutePath] successfully performed. With the following test data [Relative Folder Path: "target/downloadedFiles/"]. @06-10-2021 01:56:47.0215 AM
[ReportManager] Attempting to run remotely on: [Linux-64], [GoogleChrome], [http://localhost:4444/wd/hub], Headless Execution. @06-10-2021 01:56:47.0215 AM
[ReportManager] Successfully Opened [GoogleChrome]. @06-10-2021 01:56:47.0403 AM
[ReportManager] Target URL: [https://yari-demos.prod.mdn.mozit.cloud/en-US/docs/Web/HTML/Element/select/_sample_.Basic_select.html] @06-10-2021 01:56:47.0428 AM
[ReportManager] Initial URL: [data:,] @06-10-2021 01:56:47.0466 AM
[ReportManager] Browser Action [NavigateToURL] successfully performed. With the following test data [https://yari-demos.prod.mdn.mozit.cloud/en-US/docs/Web/HTML/Element/select/_sample_.Basic_select.html]. @06-10-2021 01:56:47.0832 AM
[ReportManager] Element Action [Select] successfully performed. With the following test data [Third Value]. @06-10-2021 01:56:48.0114 AM
[ReportManager] Element Action [GetSelectedText] successfully performed. With the following test data [Third Value]. @06-10-2021 01:56:48.0215 AM
[ReportManager] Third Value @06-10-2021 01:56:48.0215 AM
[ReportManager] Element Action [GetSelectedText] successfully performed. With the following test data [Third Value]. @06-10-2021 01:56:48.0314 AM
[ReportManager] Loaded Shared OpenCV @06-10-2021 01:56:48.0426 AM
[ReportManager] Assertion [ValidateElementAttribute] PASSED. Expected [Value Should be 'Third Value' for the 'selectedText' attribute, element locator 'By.tagName: select'] and Actual [Third Value]. Comparison Type [EQUALS]. Validation Type [POSITIVE]. @06-10-2021 01:56:48.0493 AM
[ReportManager] Successfully created attachment [Screenshot - 1633485408426_simpleSelect_ValidateElementAttribute_passed] @06-10-2021 01:56:48.0494 AM
[ReportManager] Browser Action [CloseCurrentWindow] successfully performed. @06-10-2021 01:56:48.0579 AM
[ReportManager] Successfully created attachment [Browser Action Test Data - CloseCurrentWindow - Actual Value] @06-10-2021 01:56:48.0579 A
[ReportManager] File Action [GetAbsolutePath] successfully performed. With the following test data [Relative Folder Path: "target/downloadedFiles/"]. @06-10-2021 01:56:48.0590 AM
[ReportManager] Attempting to run remotely on: [Linux-64], [GoogleChrome], [http://localhost:4444/wd/hub], Headless Execution. @06-10-2021 01:56:48.0590 AM
[ReportManager] Successfully Opened [GoogleChrome]. @06-10-2021 01:56:48.0813 A

################################################################################################################################################
Starting Execution:	[88 out of 144] test cases in the current suite
Test Method:		[testPackage01.Test_IsElementClickable.testIsElementClickable]
################################################################################################################################################
[ReportManager] Target URL: [https://the-internet.herokuapp.com/] @06-10-2021 01:56:48.0828 AM
[ReportManager] Initial URL: [data:,] @06-10-2021 01:56:48.0875 AM
[ReportManager] Browser Action [NavigateToURL] successfully performed. With the following test data [https://the-internet.herokuapp.com/]. @06-10-2021 01:56:49.0248 AM
[ReportManager] Element Action [IsElementClickable] successfully performed. @06-10-2021 01:56:49.0396 AM
[ReportManager] Assertion [ValidateTrue] PASSED. Expected [TRUE] and Actual [TRUE]. Validation Type [POSITIVE]. @06-10-2021 01:56:49.0397 A
[ReportManager] Browser Action [CloseCurrentWindow] successfully performed. @06-10-2021 01:56:49.0506 AM
[ReportManager] Successfully created attachment [Browser Action Test Data - CloseCurrentWindow - Actual Value] @06-10-2021 01:56:49.0506 A
[ReportManager] File Action [GetAbsolutePath] successfully performed. With the following test data [Relative Folder Path: "target/downloadedFiles/"]. @06-10-2021 01:56:49.0508 AM
[ReportManager] Attempting to run remotely on: [Linux-64], [GoogleChrome], [http://localhost:4444/wd/hub], Headless Execution. @06-10-2021 01:56:49.0508 AM
[ReportManager] Successfully Opened [GoogleChrome]. @06-10-2021 01:56:49.0719 A

################################################################################################################################################
Starting Execution:	[89 out of 144] test cases in the current suite
Test Method:		[testPackage01.Test_clipboardActions.typeTextAndCopyPaste]
################################################################################################################################################
[ReportManager] Target URL: [https://www.google.com/ncr], and after redirection: [https://www.google.com] @06-10-2021 01:56:49.0735 AM
[ReportManager] Initial URL: [data:,] @06-10-2021 01:56:49.0780 AM
[ReportManager] Browser Action [NavigateToURL] successfully performed. With the following test data [https://www.google.com/ncr]. @06-10-2021 01:56:50.0592 AM
[ReportManager] Element Action [Type] successfully performed. With the following test data [FIRST]. @06-10-2021 01:56:50.0928 AM
[ReportManager] Element Action [ClipboardActions] successfully performed. With the following test data [select all]. @06-10-2021 01:56:50.0982 AM
[ReportManager] Element Action [ClipboardActions] successfully performed. With the following test data [copy]. @06-10-2021 01:56:51.0029 AM
[ReportManager] Element Action [ClipboardActions] successfully performed. With the following test data [unselect]. @06-10-2021 01:56:51.0106 AM
[ReportManager] Element Action [ClipboardActions] successfully performed. With the following test data [paste]. @06-10-2021 01:56:51.0159 AM
[ReportManager] Element Action [ClipboardActions] successfully performed. With the following test data [select all]. @06-10-2021 01:56:51.0208 AM
[ReportManager] Element Action [Type] successfully performed. @06-10-2021 01:56:51.0414 AM
[ReportManager] Element Action [ClipboardActions] successfully performed. With the following test data [cut]. @06-10-2021 01:56:51.0414 AM
[ReportManager] Element Action [ClipboardActions] successfully performed. With the following test data [paste]. @06-10-2021 01:56:51.0478 AM
[ReportManager] Element Action [ClipboardActions] successfully performed. With the following test data [paste]. @06-10-2021 01:56:51.0541 A
[ReportManager] Browser Action [CloseCurrentWindow] successfully performed. @06-10-2021 01:56:51.0702 AM
[ReportManager] Successfully created attachment [Browser Action Test Data - CloseCurrentWindow - Actual Value] @06-10-2021 01:56:51.0703 A
[ReportManager] File Action [GetAbsolutePath] successfully performed. With the following test data [Relative Folder Path: "target/downloadedFiles/"]. @06-10-2021 01:56:51.0706 AM
[ReportManager] Attempting to run remotely on: [Linux-64], [GoogleChrome], [http://localhost:4444/wd/hub], Headless Execution. @06-10-2021 01:56:51.0706 AM
[ReportManager] Successfully Opened [GoogleChrome]. @06-10-2021 01:56:51.0921 A

################################################################################################################################################
Starting Execution:	[90 out of 144] test cases in the current suite
Test Method:		[testPackage01.Test_dynamicLoading.dynamicLoading_elementIsHidden]
################################################################################################################################################
[ReportManager] Target URL: [https://the-internet.herokuapp.com/dynamic_loading/1] @06-10-2021 01:56:51.0935 AM
[ReportManager] Initial URL: [data:,] @06-10-2021 01:56:51.0973 AM
[ReportManager] Browser Action [NavigateToURL] successfully performed. With the following test data [https://the-internet.herokuapp.com/dynamic_loading/1]. @06-10-2021 01:56:52.0303 AM
[ReportManager] Element Action [Click] successfully performed. With the following test data [Start]. @06-10-2021 01:56:52.0600 AM
[ReportManager] Element Action [GetText] successfully performed. With the following test data [
    Hello World!
  ]. @06-10-2021 01:56:52.0693 AM
[ReportManager] Loaded Shared OpenCV @06-10-2021 01:56:52.0837 AM
[ReportManager] Assertion [ValidateElementAttribute] PASSED. Expected [Value Should be 'Hello World!' for the 'text' attribute, element locator 'By.id: finish'] and Actual [
    Hello World!
  ]. Comparison Type [CONTAINS]. Validation Type [POSITIVE]. @06-10-2021 01:56:52.0912 AM
[ReportManager] Successfully created attachment [Screenshot - 1633485412837_dynamicLoading_elementIsHidden_ValidateElementAttribute_passed] @06-10-2021 01:56:52.0913 A
[ReportManager] Browser Action [CloseCurrentWindow] successfully performed. @06-10-2021 01:56:53.0020 AM
[ReportManager] Successfully created attachment [Browser Action Test Data - CloseCurrentWindow - Actual Value] @06-10-2021 01:56:53.0020 A
[ReportManager] File Action [GetAbsolutePath] successfully performed. With the following test data [Relative Folder Path: "target/downloadedFiles/"]. @06-10-2021 01:56:53.0022 AM
[ReportManager] Attempting to run remotely on: [Linux-64], [GoogleChrome], [http://localhost:4444/wd/hub], Headless Execution. @06-10-2021 01:56:53.0022 AM
[ReportManager] Successfully Opened [GoogleChrome]. @06-10-2021 01:56:53.0217 A

################################################################################################################################################
Starting Execution:	[91 out of 144] test cases in the current suite
Test Method:		[testPackage01.Test_dynamicLoading.dynamicLoading_elementIsRendered]
################################################################################################################################################
[ReportManager] Target URL: [https://the-internet.herokuapp.com/dynamic_loading/2] @06-10-2021 01:56:53.0232 AM
[ReportManager] Initial URL: [data:,] @06-10-2021 01:56:53.0287 AM
[ReportManager] Browser Action [NavigateToURL] successfully performed. With the following test data [https://the-internet.herokuapp.com/dynamic_loading/2]. @06-10-2021 01:56:53.0648 AM
[ReportManager] Element Action [Click] successfully performed. With the following test data [Start]. @06-10-2021 01:56:53.0962 AM
[ReportManager] Element Action [GetText] successfully performed. With the following test data [Hello World!]. @06-10-2021 01:56:59.0128 AM
[ReportManager] Loaded Shared OpenCV @06-10-2021 01:56:59.0264 AM
[ReportManager] Assertion [ValidateElementAttribute] PASSED. Expected [Value Should be 'Hello World!' for the 'text' attribute, element locator 'By.id: finish'] and Actual [Hello World!]. Comparison Type [CONTAINS]. Validation Type [POSITIVE]. @06-10-2021 01:56:59.0348 AM
[ReportManager] Successfully created attachment [Screenshot - 1633485419264_dynamicLoading_elementIsRendered_ValidateElementAttribute_passed] @06-10-2021 01:56:59.0349 A
[ReportManager] Browser Action [CloseCurrentWindow] successfully performed. @06-10-2021 01:56:59.0444 AM
[ReportManager] Successfully created attachment [Browser Action Test Data - CloseCurrentWindow - Actual Value] @06-10-2021 01:56:59.0444 A

################################################################################################################################################
Starting Execution:	[92 out of 144] test cases in the current suite
Test Method:		[testPackage01.Test_JsonCompareWithSpecialCharacters.specialCharacters]
################################################################################################################################################
[ReportManager] File Action [GetAbsolutePath] successfully performed. With the following test data [Relative Folder Path: "src/test/resources/TestJsonFiles/specialCharacters.json"]. @06-10-2021 01:56:59.0455 AM
[ReportManager] File Action [ReadFromFile] successfully performed. With the following test data [File Path: "/home/runner/work/SHAFT_ENGINE/SHAFT_ENGINE/src/test/resources/TestJsonFiles/specialCharacters.json"]. @06-10-2021 01:56:59.0464 AM
[ReportManager] Successfully created attachment [File Action Actual Result - Command Log] @06-10-2021 01:56:59.0464 AM
[ReportManager] Comparing the provided API response with the file at this path "src/test/resources/TestJsonFiles/specialCharacters.json", comparison type "EQUALS" @06-10-2021 01:56:59.0465 AM
[ReportManager] API Action [CompareJSON] successfully performed. With the following test data [src/test/resources/TestJsonFiles/specialCharacters.json]. @06-10-2021 01:56:59.0480 AM
[ReportManager] File Action [GetAbsolutePath] successfully performed. With the following test data [Relative Folder Path: "src/test/resources/TestJsonFiles/specialCharacters.json"]. @06-10-2021 01:56:59.0480 AM
[ReportManager] File Action [ReadFromFile] successfully performed. With the following test data [File Path: "/home/runner/work/SHAFT_ENGINE/SHAFT_ENGINE/src/test/resources/TestJsonFiles/specialCharacters.json"]. @06-10-2021 01:56:59.0481 AM
[ReportManager] Verification [ValidateJSONFileContent] PASSED. Expected [Response data should match the JSON File in this path 'src/test/resources/TestJsonFiles/specialCharacters.json'] and Actual [TRUE]. Comparison Type [EQUALS]. Validation Type [POSITIVE]. @06-10-2021 01:56:59.0487 AM
[ReportManager] Successfully created attachment [Validation Test Data - Expected JSON Value] @06-10-2021 01:56:59.0487 AM
[ReportManager] Successfully created attachment [Validation Test Data - Actual JSON Value] @06-10-2021 01:56:59.0488 A

################################################################################################################################################
Starting Execution:	[93 out of 144] test cases in the current suite
Test Method:		[testPackage01.Test_JsonCompareWithSpecialCharacters.specialCharacters_assertion]
################################################################################################################################################
[ReportManager] File Action [GetAbsolutePath] successfully performed. With the following test data [Relative Folder Path: "src/test/resources/TestJsonFiles/specialCharacters.json"]. @06-10-2021 01:56:59.0493 AM
[ReportManager] File Action [ReadFromFile] successfully performed. With the following test data [File Path: "/home/runner/work/SHAFT_ENGINE/SHAFT_ENGINE/src/test/resources/TestJsonFiles/specialCharacters.json"]. @06-10-2021 01:56:59.0494 AM
[ReportManager] Successfully created attachment [File Action Actual Result - Command Log] @06-10-2021 01:56:59.0494 AM
[ReportManager] Comparing the provided API response with the file at this path "src/test/resources/TestJsonFiles/specialCharacters.json", comparison type "CONTAINS" @06-10-2021 01:56:59.0495 AM
[ReportManager] API Action [CompareJSON] successfully performed. With the following test data [src/test/resources/TestJsonFiles/specialCharacters.json]. @06-10-2021 01:56:59.0511 AM
[ReportManager] File Action [GetAbsolutePath] successfully performed. With the following test data [Relative Folder Path: "src/test/resources/TestJsonFiles/specialCharacters.json"]. @06-10-2021 01:56:59.0511 AM
[ReportManager] File Action [ReadFromFile] successfully performed. With the following test data [File Path: "/home/runner/work/SHAFT_ENGINE/SHAFT_ENGINE/src/test/resources/TestJsonFiles/specialCharacters.json"]. @06-10-2021 01:56:59.0511 AM
[ReportManager] Assertion Passed: trying out the log message @06-10-2021 01:56:59.0515 AM
[ReportManager] Successfully created attachment [Validation Test Data - Expected JSON Value] @06-10-2021 01:56:59.0516 AM
[ReportManager] Successfully created attachment [Validation Test Data - Actual JSON Value] @06-10-2021 01:56:59.0516 AM
[ReportManager] Assertion [ValidateJSONFileContent] PASSED. Expected [Response data should match the JSON File in this path 'src/test/resources/TestJsonFiles/specialCharacters.json'] and Actual [TRUE]. Comparison Type [CONTAINS]. Validation Type [POSITIVE]. @06-10-2021 01:56:59.0516 A
[ReportManager] File Action [GetAbsolutePath] successfully performed. With the following test data [Relative Folder Path: "target/downloadedFiles/"]. @06-10-2021 01:56:59.0521 AM
[ReportManager] Attempting to run remotely on: [Linux-64], [GoogleChrome], [http://localhost:4444/wd/hub], Headless Execution. @06-10-2021 01:56:59.0521 AM
[ReportManager] Successfully Opened [GoogleChrome]. @06-10-2021 01:56:59.0733 A

################################################################################################################################################
Starting Execution:	[94 out of 144] test cases in the current suite
Test Method:		[testPackage01.Test_uploadFile.uploadFile_invisibleUploadInput]
################################################################################################################################################
[ReportManager] Target URL: [https://fineuploader.com/demos.html#gallery-view] @06-10-2021 01:56:59.0748 AM
[ReportManager] Initial URL: [data:,] @06-10-2021 01:56:59.0785 AM
[ReportManager] Browser Action [NavigateToURL] successfully performed. With the following test data [https://fineuploader.com/demos.html#gallery-view]. @06-10-2021 01:57:01.0396 AM
[ReportManager] File Action [GetAbsolutePath] successfully performed. With the following test data [Relative File Path: "src/main/resources/images/shaft.png"]. @06-10-2021 01:57:01.0396 AM
[ReportManager] Successfully created attachment [File Action Actual Result - Command Log] @06-10-2021 01:57:01.0396 AM
[ReportManager] Element Action [TypeFileLocationForUpload] successfully performed. With the following test data [/home/runner/work/SHAFT_ENGINE/SHAFT_ENGINE/src/main/resources/images/shaft.png]. @06-10-2021 01:57:01.0580 AM
[ReportManager] Attempting to getAttribute [src] from elementLocator [By.xpath: //div[@id='fine-uploader-gallery']//div[@class='qq-thumbnail-wrapper']/img]. @06-10-2021 01:57:01.0580 AM
[ReportManager] Element Action [GetAttribute] successfully performed. @06-10-2021 01:57:01.0725 AM
[ReportManager] Successfully created attachment [Element Action Test Data - GetAttribute - Actual Value] @06-10-2021 01:57:01.0725 AM
[ReportManager] Loaded Shared OpenCV @06-10-2021 01:57:01.0881 AM
[ReportManager] Assertion [ValidateElementAttribute] PASSED. Expected and Actual values are attached. Comparison Type [CONTAINS]. Validation Type [POSITIVE]. @06-10-2021 01:57:01.0972 AM
[ReportManager] Successfully created attachment [Validation Test Data - Expected Value] @06-10-2021 01:57:01.0973 AM
[ReportManager] Successfully created attachment [Validation Test Data - Actual Value] @06-10-2021 01:57:01.0973 AM
[ReportManager] Successfully created attachment [Screenshot - 1633485421881_uploadFile_invisibleUploadInput_ValidateElementAttribute_passed] @06-10-2021 01:57:01.0974 A
[ReportManager] Browser Action [CloseCurrentWindow] successfully performed. @06-10-2021 01:57:02.0107 AM
[ReportManager] Successfully created attachment [Browser Action Test Data - CloseCurrentWindow - Actual Value] @06-10-2021 01:57:02.0107 A
[ReportManager] File Action [GetAbsolutePath] successfully performed. With the following test data [Relative Folder Path: "target/downloadedFiles/"]. @06-10-2021 01:57:02.0111 AM
[ReportManager] Attempting to run remotely on: [Linux-64], [GoogleChrome], [http://localhost:4444/wd/hub], Headless Execution. @06-10-2021 01:57:02.0112 AM
[ReportManager] Successfully Opened [GoogleChrome]. @06-10-2021 01:57:02.0299 A

################################################################################################################################################
Starting Execution:	[95 out of 144] test cases in the current suite
Test Method:		[testPackage01.Test_uploadFile.uploadFile_visibleUploadInput]
################################################################################################################################################
[ReportManager] Target URL: [http://demo.guru99.com/test/upload/] @06-10-2021 01:57:02.0311 AM
[ReportManager] Initial URL: [data:,] @06-10-2021 01:57:02.0373 AM
[ReportManager] Browser Action [NavigateToURL] successfully performed. With the following test data [http://demo.guru99.com/test/upload/]. @06-10-2021 01:57:03.0659 AM
[ReportManager] File Action [GetAbsolutePath] successfully performed. With the following test data [Relative File Path: "src/main/resources/images/shaft.png"]. @06-10-2021 01:57:03.0659 AM
[ReportManager] Successfully created attachment [File Action Actual Result - Command Log] @06-10-2021 01:57:03.0659 AM
[ReportManager] Element Action [TypeFileLocationForUpload] successfully performed. With the following test data [/home/runner/work/SHAFT_ENGINE/SHAFT_ENGINE/src/main/resources/images/shaft.png]. @06-10-2021 01:57:03.0830 AM
[ReportManager] Element Action [Click] successfully performed. With the following test data [on]. @06-10-2021 01:57:04.0141 AM
[ReportManager] Element Action [Click] successfully performed. With the following test data [Submit File]. @06-10-2021 01:57:04.0441 AM
[ReportManager] Element Action [GetText] successfully performed. With the following test data [1 file
has been successfully uploaded.]. @06-10-2021 01:57:05.0076 AM
[ReportManager] Loaded Shared OpenCV @06-10-2021 01:57:05.0199 AM
[ReportManager] Assertion [ValidateElementAttribute] PASSED. Expected [Value Should be '1 file' for the 'Text' attribute, element locator 'By.id: res'] and Actual [1 file
has been successfully uploaded.]. Comparison Type [CONTAINS]. Validation Type [POSITIVE]. @06-10-2021 01:57:05.0273 AM
[ReportManager] Successfully created attachment [Screenshot - 1633485425199_uploadFile_visibleUploadInput_ValidateElementAttribute_passed] @06-10-2021 01:57:05.0273 A
[ReportManager] Browser Action [CloseCurrentWindow] successfully performed. @06-10-2021 01:57:05.0376 AM
[ReportManager] Successfully created attachment [Browser Action Test Data - CloseCurrentWindow - Actual Value] @06-10-2021 01:57:05.0376 A
[ReportManager] File Action [GetAbsolutePath] successfully performed. With the following test data [Relative Folder Path: "target/downloadedFiles/"]. @06-10-2021 01:57:05.0386 AM
[ReportManager] Attempting to run remotely on: [Linux-64], [GoogleChrome], [http://localhost:4444/wd/hub], Headless Execution. @06-10-2021 01:57:05.0386 AM
[ReportManager] Successfully Opened [GoogleChrome]. @06-10-2021 01:57:05.0567 A

################################################################################################################################################
Starting Execution:	[96 out of 144] test cases in the current suite
Test Method:		[testPackage01.Test_assertEquals.test_assertElementAttribute]
################################################################################################################################################
[ReportManager] Target URL: [https://www.google.com/ncr], and after redirection: [https://www.google.com] @06-10-2021 01:57:05.0597 AM
[ReportManager] Initial URL: [data:,] @06-10-2021 01:57:05.0635 AM
[ReportManager] Browser Action [NavigateToURL] successfully performed. With the following test data [https://www.google.com/ncr]. @06-10-2021 01:57:06.0462 AM
[ReportManager] Element Action [Type] successfully performed. With the following test data [INC_004010050:Another SCHEDULER with the same name [Duplicate Job Name] already exists.]. @06-10-2021 01:57:07.0308 AM
[ReportManager] Element Action [GetText] successfully performed. With the following test data [INC_004010050:Another SCHEDULER with the same name [Duplicate Job Name] already exists.]. @06-10-2021 01:57:07.0395 AM
[ReportManager] Loaded Shared OpenCV @06-10-2021 01:57:07.0541 AM
[ReportManager] Assertion [ValidateElementAttribute] PASSED. Expected [Value Should be 'INC_004010050:Another SCHEDULER with the same name \[Duplicate Job Name\] already exists.' for the 'text' attribute, element locator 'By.name: q'] and Actual [INC_004010050:Another SCHEDULER with the same name [Duplicate Job Name] already exists.]. Comparison Type [MATCHES]. Validation Type [POSITIVE]. @06-10-2021 01:57:07.0622 AM
[ReportManager] Successfully created attachment [Screenshot - 1633485427541_test_assertElementAttribute_ValidateElementAttribute_passed] @06-10-2021 01:57:07.0623 A
[ReportManager] Browser Action [CloseCurrentWindow] successfully performed. @06-10-2021 01:57:07.0748 AM
[ReportManager] Successfully created attachment [Browser Action Test Data - CloseCurrentWindow - Actual Value] @06-10-2021 01:57:07.0749 A

################################################################################################################################################
Starting Execution:	[97 out of 144] test cases in the current suite
Test Method:		[testPackage01.Test_NewValidationHelper.f1]
################################################################################################################################################
[ReportManager] Assertion Passed: Checking valid user data @06-10-2021 01:57:07.0753 AM
[ReportManager] Successfully created attachment [Validation Test Data - Expected Value] @06-10-2021 01:57:07.0753 AM
[ReportManager] Successfully created attachment [Validation Test Data - Actual Value] @06-10-2021 01:57:07.0754 AM
[ReportManager] Assertion [ValidateEquals] PASSED. Expected and Actual values are attached. Comparison Type [EQUALS]. Validation Type [POSITIVE]. @06-10-2021 01:57:07.0754 A
[ReportManager] File Action [GetAbsolutePath] successfully performed. With the following test data [Relative Folder Path: "target/downloadedFiles/"]. @06-10-2021 01:57:07.0756 AM
[ReportManager] Attempting to run remotely on: [Linux-64], [GoogleChrome], [http://localhost:4444/wd/hub], Headless Execution. @06-10-2021 01:57:07.0756 AM
[ReportManager] Successfully Opened [GoogleChrome]. @06-10-2021 01:57:07.0960 AM
[ReportManager] Target URL: [https://the-internet.herokuapp.com/] @06-10-2021 01:57:07.0970 AM
[ReportManager] Initial URL: [data:,] @06-10-2021 01:57:08.0006 AM
[ReportManager] Browser Action [NavigateToURL] successfully performed. With the following test data [https://the-internet.herokuapp.com/]. @06-10-2021 01:57:08.0375 A

################################################################################################################################################
Starting Execution:	[98 out of 144] test cases in the current suite
Test Method:		[testPackage01.Test_NewValidationHelper.f10]
################################################################################################################################################
[ReportManager] Assertion [ValidateElementExists] FAILED. Expected [Element Should Exist, locator 'By.tagName: div'] and Actual [Element Exists but is not unique]. Comparison Type [EQUALS]. Validation Type [POSITIVE]. @06-10-2021 01:57:08.0667 AM
[ReportManager] Successfully created attachment [Screenshot - 1633485428581_f10_ValidateElementExists_failed] @06-10-2021 01:57:08.0667 A
[ReportManager] Successfully Closed All Drivers. @06-10-2021 01:57:08.0742 A
[ReportManager] File Action [GetAbsolutePath] successfully performed. With the following test data [Relative Folder Path: "target/downloadedFiles/"]. @06-10-2021 01:57:08.0744 AM
[ReportManager] Attempting to run remotely on: [Linux-64], [GoogleChrome], [http://localhost:4444/wd/hub], Headless Execution. @06-10-2021 01:57:08.0744 AM
[ReportManager] Successfully Opened [GoogleChrome]. @06-10-2021 01:57:08.0963 AM
[ReportManager] Target URL: [https://the-internet.herokuapp.com/] @06-10-2021 01:57:08.0978 AM
[ReportManager] Initial URL: [data:,] @06-10-2021 01:57:09.0019 AM
[ReportManager] Browser Action [NavigateToURL] successfully performed. With the following test data [https://the-internet.herokuapp.com/]. @06-10-2021 01:57:09.0377 A

################################################################################################################################################
Starting Execution:	[99 out of 144] test cases in the current suite
Test Method:		[testPackage01.Test_NewValidationHelper.f11]
################################################################################################################################################
[ReportManager] Assertion Passed: Checking that false tag doesn't exist @06-10-2021 01:57:19.0789 AM
[ReportManager] Successfully created attachment [Screenshot - 1633485439722_f11_ValidateElementExists_passed] @06-10-2021 01:57:19.0790 AM
[ReportManager] Assertion [ValidateElementExists] PASSED. Expected [Element Should not Exist, locator 'By.tagName: h3'] and Actual [Element Doesn't Exists]. Comparison Type [EQUALS]. Validation Type [NEGATIVE]. @06-10-2021 01:57:19.0790 A
[ReportManager] Successfully Closed All Drivers. @06-10-2021 01:57:19.0862 A
[ReportManager] File Action [GetAbsolutePath] successfully performed. With the following test data [Relative Folder Path: "target/downloadedFiles/"]. @06-10-2021 01:57:19.0865 AM
[ReportManager] Attempting to run remotely on: [Linux-64], [GoogleChrome], [http://localhost:4444/wd/hub], Headless Execution. @06-10-2021 01:57:19.0865 AM
[ReportManager] Successfully Opened [GoogleChrome]. @06-10-2021 01:57:20.0068 AM
[ReportManager] Target URL: [https://the-internet.herokuapp.com/] @06-10-2021 01:57:20.0081 AM
[ReportManager] Initial URL: [data:,] @06-10-2021 01:57:20.0121 AM
[ReportManager] Browser Action [NavigateToURL] successfully performed. With the following test data [https://the-internet.herokuapp.com/]. @06-10-2021 01:57:20.0541 A

################################################################################################################################################
Starting Execution:	[100 out of 144] test cases in the current suite
Test Method:		[testPackage01.Test_NewValidationHelper.f12]
################################################################################################################################################
[ReportManager] Loaded Shared OpenCV @06-10-2021 01:57:20.0749 AM
[ReportManager] Assertion [ValidateElementExists] FAILED. Expected [Element Should not Exist, locator 'By.tagName: h1'] and Actual [Element Exists]. Comparison Type [EQUALS]. Validation Type [NEGATIVE]. @06-10-2021 01:57:20.0840 AM
[ReportManager] Successfully created attachment [Screenshot - 1633485440749_f12_ValidateElementExists_failed] @06-10-2021 01:57:20.0842 A
[ReportManager] Successfully Closed All Drivers. @06-10-2021 01:57:20.0914 A
[ReportManager] File Action [GetAbsolutePath] successfully performed. With the following test data [Relative Folder Path: "target/downloadedFiles/"]. @06-10-2021 01:57:20.0916 AM
[ReportManager] Attempting to run remotely on: [Linux-64], [GoogleChrome], [http://localhost:4444/wd/hub], Headless Execution. @06-10-2021 01:57:20.0916 AM
[ReportManager] Successfully Opened [GoogleChrome]. @06-10-2021 01:57:21.0117 AM
[ReportManager] Target URL: [https://the-internet.herokuapp.com/] @06-10-2021 01:57:21.0132 AM
[ReportManager] Initial URL: [data:,] @06-10-2021 01:57:21.0170 AM
[ReportManager] Browser Action [NavigateToURL] successfully performed. With the following test data [https://the-internet.herokuapp.com/]. @06-10-2021 01:57:21.0559 A

################################################################################################################################################
Starting Execution:	[101 out of 144] test cases in the current suite
Test Method:		[testPackage01.Test_NewValidationHelper.f13]
################################################################################################################################################
[ReportManager] Assertion [ValidateElementExists] FAILED. Expected [Element Should not Exist, locator 'By.tagName: div'] and Actual [Element Exists but is not unique]. Comparison Type [EQUALS]. Validation Type [NEGATIVE]. @06-10-2021 01:57:21.0839 AM
[ReportManager] Successfully created attachment [Screenshot - 1633485441759_f13_ValidateElementExists_failed] @06-10-2021 01:57:21.0840 A
[ReportManager] Successfully Closed All Drivers. @06-10-2021 01:57:21.0912 A
[ReportManager] File Action [GetAbsolutePath] successfully performed. With the following test data [Relative Folder Path: "target/downloadedFiles/"]. @06-10-2021 01:57:21.0915 AM
[ReportManager] Attempting to run remotely on: [Linux-64], [GoogleChrome], [http://localhost:4444/wd/hub], Headless Execution. @06-10-2021 01:57:21.0915 AM
[ReportManager] Successfully Opened [GoogleChrome]. @06-10-2021 01:57:22.0096 AM
[ReportManager] Target URL: [https://the-internet.herokuapp.com/] @06-10-2021 01:57:22.0110 AM
[ReportManager] Initial URL: [data:,] @06-10-2021 01:57:22.0156 AM
[ReportManager] Browser Action [NavigateToURL] successfully performed. With the following test data [https://the-internet.herokuapp.com/]. @06-10-2021 01:57:22.0508 A

################################################################################################################################################
Starting Execution:	[102 out of 144] test cases in the current suite
Test Method:		[testPackage01.Test_NewValidationHelper.f14]
################################################################################################################################################
[ReportManager] Element Action [GetText] successfully performed. With the following test data [Welcome to the-internet]. @06-10-2021 01:57:22.0601 AM
[ReportManager] Loaded Shared OpenCV @06-10-2021 01:57:22.0748 AM
[ReportManager] Assertion Passed: Asserting that the header text is correct @06-10-2021 01:57:22.0832 AM
[ReportManager] Successfully created attachment [Screenshot - 1633485442748_f14_ValidateElementAttribute_passed] @06-10-2021 01:57:22.0834 AM
[ReportManager] Assertion [ValidateElementAttribute] PASSED. Expected [Value Should be 'Welcome to the-internet' for the 'text' attribute, element locator 'By.tagName: h1'] and Actual [Welcome to the-internet]. Comparison Type [EQUALS]. Validation Type [POSITIVE]. @06-10-2021 01:57:22.0834 A
[ReportManager] Successfully Closed All Drivers. @06-10-2021 01:57:22.0907 A
[ReportManager] File Action [GetAbsolutePath] successfully performed. With the following test data [Relative Folder Path: "target/downloadedFiles/"]. @06-10-2021 01:57:22.0910 AM
[ReportManager] Attempting to run remotely on: [Linux-64], [GoogleChrome], [http://localhost:4444/wd/hub], Headless Execution. @06-10-2021 01:57:22.0910 AM
[ReportManager] Successfully Opened [GoogleChrome]. @06-10-2021 01:57:23.0150 AM
[ReportManager] Target URL: [https://the-internet.herokuapp.com/] @06-10-2021 01:57:23.0160 AM
[ReportManager] Initial URL: [data:,] @06-10-2021 01:57:23.0206 AM
[ReportManager] Browser Action [NavigateToURL] successfully performed. With the following test data [https://the-internet.herokuapp.com/]. @06-10-2021 01:57:23.0561 A

################################################################################################################################################
Starting Execution:	[103 out of 144] test cases in the current suite
Test Method:		[testPackage01.Test_NewValidationHelper.f15]
################################################################################################################################################
[ReportManager] Element Action [GetText] successfully performed. With the following test data [Welcome to the-internet]. @06-10-2021 01:57:23.0642 AM
[ReportManager] Loaded Shared OpenCV @06-10-2021 01:57:23.0793 AM
[ReportManager] Assertion [ValidateElementAttribute] FAILED. Expected [Value Should not be 'Welcome' for the 'text' attribute, element locator 'By.tagName: h1'] and Actual [Welcome to the-internet]. Comparison Type [CONTAINS]. Validation Type [NEGATIVE]. @06-10-2021 01:57:23.0900 AM
[ReportManager] Successfully created attachment [Screenshot - 1633485443793_f15_ValidateElementAttribute_failed] @06-10-2021 01:57:23.0901 A
[ReportManager] Successfully Closed All Drivers. @06-10-2021 01:57:23.0973 A
[ReportManager] File Action [GetAbsolutePath] successfully performed. With the following test data [Relative Folder Path: "target/downloadedFiles/"]. @06-10-2021 01:57:23.0975 AM
[ReportManager] Attempting to run remotely on: [Linux-64], [GoogleChrome], [http://localhost:4444/wd/hub], Headless Execution. @06-10-2021 01:57:23.0975 AM
[ReportManager] Successfully Opened [GoogleChrome]. @06-10-2021 01:57:24.0179 AM
[ReportManager] Target URL: [https://the-internet.herokuapp.com/] @06-10-2021 01:57:24.0189 AM
[ReportManager] Initial URL: [data:,] @06-10-2021 01:57:24.0225 AM
[ReportManager] Browser Action [NavigateToURL] successfully performed. With the following test data [https://the-internet.herokuapp.com/]. @06-10-2021 01:57:24.0565 A

################################################################################################################################################
Starting Execution:	[104 out of 144] test cases in the current suite
Test Method:		[testPackage01.Test_NewValidationHelper.f16]
################################################################################################################################################
[ReportManager] Element Action [IdentifyUniqueElement] failed. With the following test data [zero elements found matching this locator "By.tagName: h3".]. @06-10-2021 01:57:50.0170 AM
[ReportManager] Successfully created attachment [Screenshot - 1633485470094_f16_IdentifyUniqueElement_failed] @06-10-2021 01:57:50.0171 AM
[ReportManager] Assertion [ValidateElementAttribute] FAILED. Expected [Value Should not be 'Welcome' for the 'text' attribute, element locator 'By.tagName: h3'] and Actual [Failed to read the desired element attribute]. Comparison Type [CONTAINS]. Validation Type [NEGATIVE]. @06-10-2021 01:57:50.0171 A
[ReportManager] Successfully Closed All Drivers. @06-10-2021 01:57:50.0247 A
[ReportManager] File Action [GetAbsolutePath] successfully performed. With the following test data [Relative Folder Path: "target/downloadedFiles/"]. @06-10-2021 01:57:50.0249 AM
[ReportManager] Attempting to run remotely on: [Linux-64], [GoogleChrome], [http://localhost:4444/wd/hub], Headless Execution. @06-10-2021 01:57:50.0249 AM
[ReportManager] Successfully Opened [GoogleChrome]. @06-10-2021 01:57:50.0465 AM
[ReportManager] Target URL: [https://the-internet.herokuapp.com/] @06-10-2021 01:57:50.0475 AM
[ReportManager] Initial URL: [data:,] @06-10-2021 01:57:50.0513 AM
[ReportManager] Browser Action [NavigateToURL] successfully performed. With the following test data [https://the-internet.herokuapp.com/]. @06-10-2021 01:57:50.0880 A

################################################################################################################################################
Starting Execution:	[105 out of 144] test cases in the current suite
Test Method:		[testPackage01.Test_NewValidationHelper.f17]
################################################################################################################################################
[ReportManager] Attempting to getAttribute [text2] from elementLocator [By.tagName: h1]. @06-10-2021 01:57:50.0886 AM
[ReportManager] Element Action [GetAttribute] successfully performed. @06-10-2021 01:57:50.0959 AM
[ReportManager] Loaded Shared OpenCV @06-10-2021 01:57:51.0094 AM
[ReportManager] Assertion [ValidateElementAttribute] PASSED. Expected [Value Should not be 'Welcome' for the 'text2' attribute, element locator 'By.tagName: h1'] and Actual [null]. Comparison Type [CONTAINS]. Validation Type [NEGATIVE]. @06-10-2021 01:57:51.0179 AM
[ReportManager] Successfully created attachment [Screenshot - 1633485471094_f17_ValidateElementAttribute_passed] @06-10-2021 01:57:51.0180 A
[ReportManager] Successfully Closed All Drivers. @06-10-2021 01:57:51.0252 A
[ReportManager] File Action [GetAbsolutePath] successfully performed. With the following test data [Relative Folder Path: "target/downloadedFiles/"]. @06-10-2021 01:57:51.0260 AM
[ReportManager] Attempting to run remotely on: [Linux-64], [GoogleChrome], [http://localhost:4444/wd/hub], Headless Execution. @06-10-2021 01:57:51.0260 AM
[ReportManager] Successfully Opened [GoogleChrome]. @06-10-2021 01:57:51.0450 AM
[ReportManager] Target URL: [https://the-internet.herokuapp.com/] @06-10-2021 01:57:51.0459 AM
[ReportManager] Initial URL: [data:,] @06-10-2021 01:57:51.0505 AM
[ReportManager] Browser Action [NavigateToURL] successfully performed. With the following test data [https://the-internet.herokuapp.com/]. @06-10-2021 01:57:51.0868 A

################################################################################################################################################
Starting Execution:	[106 out of 144] test cases in the current suite
Test Method:		[testPackage01.Test_NewValidationHelper.f18]
################################################################################################################################################
[ReportManager] Element Action [GetText] successfully performed. With the following test data [Welcome to the-internet]. @06-10-2021 01:57:51.0953 AM
[ReportManager] Loaded Shared OpenCV @06-10-2021 01:57:52.0094 AM
[ReportManager] Assertion [ValidateElementAttribute] PASSED. Expected [Value Should not be 'no' for the 'text' attribute, element locator 'By.tagName: h1'] and Actual [Welcome to the-internet]. Comparison Type [CONTAINS]. Validation Type [NEGATIVE]. @06-10-2021 01:57:52.0186 AM
[ReportManager] Successfully created attachment [Screenshot - 1633485472094_f18_ValidateElementAttribute_passed] @06-10-2021 01:57:52.0188 A
[ReportManager] Successfully Closed All Drivers. @06-10-2021 01:57:52.0272 A
[ReportManager] File Action [GetAbsolutePath] successfully performed. With the following test data [Relative Folder Path: "target/downloadedFiles/"]. @06-10-2021 01:57:52.0274 AM
[ReportManager] Attempting to run remotely on: [Linux-64], [GoogleChrome], [http://localhost:4444/wd/hub], Headless Execution. @06-10-2021 01:57:52.0275 AM
[ReportManager] Successfully Opened [GoogleChrome]. @06-10-2021 01:57:52.0488 AM
[ReportManager] Target URL: [https://the-internet.herokuapp.com/] @06-10-2021 01:57:52.0510 AM
[ReportManager] Initial URL: [data:,] @06-10-2021 01:57:52.0548 AM
[ReportManager] Browser Action [NavigateToURL] successfully performed. With the following test data [https://the-internet.herokuapp.com/]. @06-10-2021 01:57:52.0888 A

################################################################################################################################################
Starting Execution:	[107 out of 144] test cases in the current suite
Test Method:		[testPackage01.Test_NewValidationHelper.f19]
################################################################################################################################################
[ReportManager] Element Action [GetTagName] successfully performed. With the following test data [h1]. @06-10-2021 01:57:52.0974 AM
[ReportManager] Loaded Shared OpenCV @06-10-2021 01:57:53.0112 AM
[ReportManager] Assertion [ValidateElementAttribute] PASSED. Expected [Value Should be 'h' for the 'tagname' attribute, element locator 'By.tagName: h1'] and Actual [h1]. Comparison Type [CONTAINS]. Validation Type [POSITIVE]. @06-10-2021 01:57:53.0213 AM
[ReportManager] Successfully created attachment [Screenshot - 1633485473111_f19_ValidateElementAttribute_passed] @06-10-2021 01:57:53.0214 A
[ReportManager] Successfully Closed All Drivers. @06-10-2021 01:57:53.0289 A

################################################################################################################################################
Starting Execution:	[108 out of 144] test cases in the current suite
Test Method:		[testPackage01.Test_NewValidationHelper.f2]
################################################################################################################################################
[ReportManager] Assertion Failed: Checking valid user data @06-10-2021 01:57:53.0296 AM
[ReportManager] Assertion [ValidateEquals] FAILED. Expected [1] and Actual [2]. Comparison Type [EQUALS]. Validation Type [POSITIVE]. @06-10-2021 01:57:53.0296 A
[ReportManager] File Action [GetAbsolutePath] successfully performed. With the following test data [Relative Folder Path: "target/downloadedFiles/"]. @06-10-2021 01:57:53.0299 AM
[ReportManager] Attempting to run remotely on: [Linux-64], [GoogleChrome], [http://localhost:4444/wd/hub], Headless Execution. @06-10-2021 01:57:53.0300 AM
[ReportManager] Successfully Opened [GoogleChrome]. @06-10-2021 01:57:53.0481 AM
[ReportManager] Target URL: [https://the-internet.herokuapp.com/] @06-10-2021 01:57:53.0492 AM
[ReportManager] Initial URL: [data:,] @06-10-2021 01:57:53.0530 AM
[ReportManager] Browser Action [NavigateToURL] successfully performed. With the following test data [https://the-internet.herokuapp.com/]. @06-10-2021 01:57:53.0875 A

################################################################################################################################################
Starting Execution:	[109 out of 144] test cases in the current suite
Test Method:		[testPackage01.Test_NewValidationHelper.f20]
################################################################################################################################################
[ReportManager] Element Action [GetSize] successfully performed. With the following test data [(755, 61)]. @06-10-2021 01:57:53.0946 AM
[ReportManager] Loaded Shared OpenCV @06-10-2021 01:57:54.0095 AM
[ReportManager] Assertion [ValidateElementAttribute] PASSED. Expected [Value Should not be 'a' for the 'size' attribute, element locator 'By.tagName: h1'] and Actual [(755, 61)]. Comparison Type [CONTAINS]. Validation Type [NEGATIVE]. @06-10-2021 01:57:54.0201 AM
[ReportManager] Successfully created attachment [Screenshot - 1633485474095_f20_ValidateElementAttribute_passed] @06-10-2021 01:57:54.0202 A
[ReportManager] Successfully Closed All Drivers. @06-10-2021 01:57:54.0283 A
[ReportManager] File Action [GetAbsolutePath] successfully performed. With the following test data [Relative Folder Path: "target/downloadedFiles/"]. @06-10-2021 01:57:54.0285 AM
[ReportManager] Attempting to run remotely on: [Linux-64], [GoogleChrome], [http://localhost:4444/wd/hub], Headless Execution. @06-10-2021 01:57:54.0285 AM
[ReportManager] Successfully Opened [GoogleChrome]. @06-10-2021 01:57:54.0499 AM
[ReportManager] Target URL: [https://the-internet.herokuapp.com/] @06-10-2021 01:57:54.0510 AM
[ReportManager] Initial URL: [data:,] @06-10-2021 01:57:54.0556 AM
[ReportManager] Browser Action [NavigateToURL] successfully performed. With the following test data [https://the-internet.herokuapp.com/]. @06-10-2021 01:57:54.0931 A

################################################################################################################################################
Starting Execution:	[110 out of 144] test cases in the current suite
Test Method:		[testPackage01.Test_NewValidationHelper.f21]
################################################################################################################################################
[ReportManager] Element Action [IdentifyUniqueElement] failed. With the following test data [zero elements found matching this locator "By.tagName: h3".]. @06-10-2021 01:58:20.0536 AM
[ReportManager] Successfully created attachment [Screenshot - 1633485500465_f21_IdentifyUniqueElement_failed] @06-10-2021 01:58:20.0537 AM
[ReportManager] Assertion [ValidateElementAttribute] FAILED. Expected [Value Should be 'Welcome' for the 'text' attribute, element locator 'By.tagName: h3'] and Actual [Failed to read the desired element attribute]. Comparison Type [CONTAINS]. Validation Type [POSITIVE]. @06-10-2021 01:58:20.0538 A
[ReportManager] Successfully Closed All Drivers. @06-10-2021 01:58:20.0610 A
[ReportManager] File Action [GetAbsolutePath] successfully performed. With the following test data [Relative Folder Path: "target/downloadedFiles/"]. @06-10-2021 01:58:20.0612 AM
[ReportManager] Attempting to run remotely on: [Linux-64], [GoogleChrome], [http://localhost:4444/wd/hub], Headless Execution. @06-10-2021 01:58:20.0612 AM
[ReportManager] Successfully Opened [GoogleChrome]. @06-10-2021 01:58:20.0814 AM
[ReportManager] Target URL: [https://the-internet.herokuapp.com/] @06-10-2021 01:58:20.0823 AM
[ReportManager] Initial URL: [data:,] @06-10-2021 01:58:20.0882 AM
[ReportManager] Browser Action [NavigateToURL] successfully performed. With the following test data [https://the-internet.herokuapp.com/]. @06-10-2021 01:58:21.0280 A

################################################################################################################################################
Starting Execution:	[111 out of 144] test cases in the current suite
Test Method:		[testPackage01.Test_NewValidationHelper.f22]
################################################################################################################################################
[ReportManager] Element Action [GetText] successfully performed. With the following test data [Welcome to the-internet]. @06-10-2021 01:58:21.0359 AM
[ReportManager] Loaded Shared OpenCV @06-10-2021 01:58:21.0498 AM
[ReportManager] Assertion [ValidateElementAttribute] FAILED. Expected [Value Should be 'yyy' for the 'text' attribute, element locator 'By.tagName: h1'] and Actual [Welcome to the-internet]. Comparison Type [CONTAINS]. Validation Type [POSITIVE]. @06-10-2021 01:58:21.0588 AM
[ReportManager] Successfully created attachment [Screenshot - 1633485501497_f22_ValidateElementAttribute_failed] @06-10-2021 01:58:21.0589 A
[ReportManager] Successfully Closed All Drivers. @06-10-2021 01:58:21.0660 A

################################################################################################################################################
Starting Execution:	[112 out of 144] test cases in the current suite
Test Method:		[testPackage01.Test_NewValidationHelper.f23]
################################################################################################################################################
[ReportManager] Assertion Passed: confirming that the actual is greater than or equal to the expected @06-10-2021 01:58:21.0664 AM
[ReportManager] Assertion [ValidateComparativeRelation] PASSED. Expected [1] and Actual [1]. Comparison Type [GREATER_THAN_OR_EQUALS]. Validation Type [POSITIVE]. @06-10-2021 01:58:21.0664 A

################################################################################################################################################
Starting Execution:	[113 out of 144] test cases in the current suite
Test Method:		[testPackage01.Test_NewValidationHelper.f24]
################################################################################################################################################
[ReportManager] Assertion [ValidateComparativeRelation] PASSED. Expected [1] and Actual [10]. Comparison Type [GREATER_THAN_OR_EQUALS]. Validation Type [POSITIVE]. @06-10-2021 01:58:21.0667 A

################################################################################################################################################
Starting Execution:	[114 out of 144] test cases in the current suite
Test Method:		[testPackage01.Test_NewValidationHelper.f25]
################################################################################################################################################
[ReportManager] Assertion [ValidateComparativeRelation] PASSED. Expected [1] and Actual [1]. Comparison Type [EQUALS]. Validation Type [POSITIVE]. @06-10-2021 01:58:21.0669 A

################################################################################################################################################
Starting Execution:	[115 out of 144] test cases in the current suite
Test Method:		[testPackage01.Test_NewValidationHelper.f26]
################################################################################################################################################
[ReportManager] Assertion [ValidateComparativeRelation] PASSED. Expected [1] and Actual [5]. Comparison Type [GREATER_THAN]. Validation Type [POSITIVE]. @06-10-2021 01:58:21.0671 A

################################################################################################################################################
Starting Execution:	[116 out of 144] test cases in the current suite
Test Method:		[testPackage01.Test_NewValidationHelper.f27]
################################################################################################################################################
[ReportManager] Assertion [ValidateComparativeRelation] PASSED. Expected [11] and Actual [5]. Comparison Type [LESS_THAN]. Validation Type [POSITIVE]. @06-10-2021 01:58:21.0674 A

################################################################################################################################################
Starting Execution:	[117 out of 144] test cases in the current suite
Test Method:		[testPackage01.Test_NewValidationHelper.f28]
################################################################################################################################################
[ReportManager] Assertion [ValidateComparativeRelation] PASSED. Expected [11] and Actual [5]. Comparison Type [LESS_THAN_OR_EQUALS]. Validation Type [POSITIVE]. @06-10-2021 01:58:21.0676 A

################################################################################################################################################
Starting Execution:	[118 out of 144] test cases in the current suite
Test Method:		[testPackage01.Test_NewValidationHelper.f29]
################################################################################################################################################
[ReportManager] Assertion [ValidateComparativeRelation] PASSED. Expected [11] and Actual [11]. Comparison Type [LESS_THAN_OR_EQUALS]. Validation Type [POSITIVE]. @06-10-2021 01:58:21.0678 A

################################################################################################################################################
Starting Execution:	[119 out of 144] test cases in the current suite
Test Method:		[testPackage01.Test_NewValidationHelper.f3]
################################################################################################################################################
[ReportManager] Assertion [ValidateEquals] PASSED. Expected [1] and Actual [2]. Comparison Type [EQUALS]. Validation Type [NEGATIVE]. @06-10-2021 01:58:21.0680 A

################################################################################################################################################
Starting Execution:	[120 out of 144] test cases in the current suite
Test Method:		[testPackage01.Test_NewValidationHelper.f30]
################################################################################################################################################
[ReportManager] Assertion [ValidateComparativeRelation] FAILED. Expected [-9] and Actual [11]. Comparison Type [LESS_THAN_OR_EQUALS]. Validation Type [POSITIVE]. @06-10-2021 01:58:21.0682 A

################################################################################################################################################
Starting Execution:	[121 out of 144] test cases in the current suite
Test Method:		[testPackage01.Test_NewValidationHelper.f31]
################################################################################################################################################
[ReportManager] Assertion [ValidateTrue] PASSED. Expected [TRUE] and Actual [TRUE]. Validation Type [POSITIVE]. @06-10-2021 01:58:21.0684 A

################################################################################################################################################
Starting Execution:	[122 out of 144] test cases in the current suite
Test Method:		[testPackage01.Test_NewValidationHelper.f32]
################################################################################################################################################
[ReportManager] Assertion [ValidateTrue] PASSED. Expected [FALSE] and Actual [FALSE]. Validation Type [NEGATIVE]. @06-10-2021 01:58:21.0686 A

################################################################################################################################################
Starting Execution:	[123 out of 144] test cases in the current suite
Test Method:		[testPackage01.Test_NewValidationHelper.f33]
################################################################################################################################################
[ReportManager] Assertion [ValidateTrue] FAILED. Expected [FALSE] and Actual [TRUE]. Validation Type [NEGATIVE]. @06-10-2021 01:58:21.0688 A

################################################################################################################################################
Starting Execution:	[124 out of 144] test cases in the current suite
Test Method:		[testPackage01.Test_NewValidationHelper.f34]
################################################################################################################################################
[ReportManager] Assertion [ValidateTrue] FAILED. Expected [TRUE] and Actual [FALSE]. Validation Type [POSITIVE]. @06-10-2021 01:58:21.0690 A

################################################################################################################################################
Starting Execution:	[125 out of 144] test cases in the current suite
Test Method:		[testPackage01.Test_NewValidationHelper.f35]
################################################################################################################################################
[ReportManager] File Action [DoesFileExist] successfully performed. With the following test data [File Path: "pom.xml"]. @06-10-2021 01:58:21.0692 AM
[ReportManager] Assertion [ValidateFileExists] PASSED. Expected [File 'pom.xml' should exist, after up to '1' retries] and Actual [File exists]. Validation Type [POSITIVE]. @06-10-2021 01:58:21.0693 A

################################################################################################################################################
Starting Execution:	[126 out of 144] test cases in the current suite
Test Method:		[testPackage01.Test_NewValidationHelper.f36]
################################################################################################################################################
[ReportManager] File Action [DoesFileExist] successfully performed. With the following test data [File Path: "src/test/java/testPackage01/Test_NewValidationHelper.java"]. @06-10-2021 01:58:21.0694 AM
[ReportManager] Assertion [ValidateFileExists] PASSED. Expected [File 'src/test/java/testPackage01/Test_NewValidationHelper.java' should exist, after up to '1' retries] and Actual [File exists]. Validation Type [POSITIVE]. @06-10-2021 01:58:21.0695 A

################################################################################################################################################
Starting Execution:	[127 out of 144] test cases in the current suite
Test Method:		[testPackage01.Test_NewValidationHelper.f37]
################################################################################################################################################
[ReportManager] File Action [DoesFileExist] successfully performed. With the following test data [File Path: "pom.xml"]. @06-10-2021 01:58:21.0697 AM
[ReportManager] Assertion Failed: confirming that the file does't exist after 5 retries @06-10-2021 01:58:21.0697 AM
[ReportManager] Assertion [ValidateFileExists] FAILED. Expected [File 'pom.xml' should not exist, after up to '5' retries] and Actual [File exists]. Validation Type [NEGATIVE]. @06-10-2021 01:58:21.0697 A

################################################################################################################################################
Starting Execution:	[128 out of 144] test cases in the current suite
Test Method:		[testPackage01.Test_NewValidationHelper.f3_1]
################################################################################################################################################
[ReportManager] Assertion Passed: Checking valid user data @06-10-2021 01:58:21.0699 AM
[ReportManager] Assertion [ValidateEquals] PASSED. Expected [null] and Actual [null]. Comparison Type [EQUALS]. Validation Type [POSITIVE]. @06-10-2021 01:58:21.0699 A

################################################################################################################################################
Starting Execution:	[129 out of 144] test cases in the current suite
Test Method:		[testPackage01.Test_NewValidationHelper.f4]
################################################################################################################################################
[ReportManager] Assertion [ValidateEquals] PASSED. Expected [1] and Actual [123]. Comparison Type [CONTAINS]. Validation Type [POSITIVE]. @06-10-2021 01:58:21.0701 A

################################################################################################################################################
Starting Execution:	[130 out of 144] test cases in the current suite
Test Method:		[testPackage01.Test_NewValidationHelper.f5]
################################################################################################################################################
[ReportManager] Assertion [ValidateNull] PASSED. Expected [NULL] and Actual [1]. Comparison Type [EQUALS]. Validation Type [NEGATIVE]. @06-10-2021 01:58:21.0703 A

################################################################################################################################################
Starting Execution:	[131 out of 144] test cases in the current suite
Test Method:		[testPackage01.Test_NewValidationHelper.f6]
################################################################################################################################################
[ReportManager] Assertion Failed: Making sure that null string is not equal to null object @06-10-2021 01:58:21.0705 AM
[ReportManager] Assertion [ValidateNull] FAILED. Expected [NULL] and Actual [NULL]. Comparison Type [EQUALS]. Validation Type [POSITIVE]. @06-10-2021 01:58:21.0705 A

################################################################################################################################################
Starting Execution:	[132 out of 144] test cases in the current suite
Test Method:		[testPackage01.Test_NewValidationHelper.f6_1]
################################################################################################################################################
[ReportManager] Assertion [ValidateNull] FAILED. Expected [NULL] and Actual [NULL]. Comparison Type [EQUALS]. Validation Type [NEGATIVE]. @06-10-2021 01:58:21.0707 A

################################################################################################################################################
Starting Execution:	[133 out of 144] test cases in the current suite
Test Method:		[testPackage01.Test_NewValidationHelper.f6_2]
################################################################################################################################################
[ReportManager] Assertion Failed: Making sure that null string is not equal to null object @06-10-2021 01:58:21.0709 AM
[ReportManager] Assertion [ValidateNull] FAILED. Expected [NULL] and Actual [not null]. Comparison Type [EQUALS]. Validation Type [POSITIVE]. @06-10-2021 01:58:21.0709 A

################################################################################################################################################
Starting Execution:	[134 out of 144] test cases in the current suite
Test Method:		[testPackage01.Test_NewValidationHelper.f7]
################################################################################################################################################
[ReportManager] Assertion [ValidateNull] PASSED. Expected [NULL] and Actual [NULL]. Comparison Type [EQUALS]. Validation Type [POSITIVE]. @06-10-2021 01:58:21.0711 A
[ReportManager] File Action [GetAbsolutePath] successfully performed. With the following test data [Relative Folder Path: "target/downloadedFiles/"]. @06-10-2021 01:58:21.0713 AM
[ReportManager] Attempting to run remotely on: [Linux-64], [GoogleChrome], [http://localhost:4444/wd/hub], Headless Execution. @06-10-2021 01:58:21.0713 AM
[ReportManager] Successfully Opened [GoogleChrome]. @06-10-2021 01:58:21.0925 AM
[ReportManager] Target URL: [https://the-internet.herokuapp.com/] @06-10-2021 01:58:21.0947 AM
[ReportManager] Initial URL: [data:,] @06-10-2021 01:58:21.0987 AM
[ReportManager] Browser Action [NavigateToURL] successfully performed. With the following test data [https://the-internet.herokuapp.com/]. @06-10-2021 01:58:22.0346 A

################################################################################################################################################
Starting Execution:	[135 out of 144] test cases in the current suite
Test Method:		[testPackage01.Test_NewValidationHelper.f8]
################################################################################################################################################
[ReportManager] Loaded Shared OpenCV @06-10-2021 01:58:22.0580 AM
[ReportManager] Assertion [ValidateElementExists] PASSED. Expected [Element Should Exist, locator 'By.tagName: h1'] and Actual [Element Exists]. Comparison Type [EQUALS]. Validation Type [POSITIVE]. @06-10-2021 01:58:22.0666 AM
[ReportManager] Successfully created attachment [Screenshot - 1633485502579_f8_ValidateElementExists_passed] @06-10-2021 01:58:22.0667 A
[ReportManager] Successfully Closed All Drivers. @06-10-2021 01:58:22.0745 A
[ReportManager] File Action [GetAbsolutePath] successfully performed. With the following test data [Relative Folder Path: "target/downloadedFiles/"]. @06-10-2021 01:58:22.0747 AM
[ReportManager] Attempting to run remotely on: [Linux-64], [GoogleChrome], [http://localhost:4444/wd/hub], Headless Execution. @06-10-2021 01:58:22.0747 AM
[ReportManager] Successfully Opened [GoogleChrome]. @06-10-2021 01:58:22.0934 AM
[ReportManager] Target URL: [https://the-internet.herokuapp.com/] @06-10-2021 01:58:22.0948 AM
[ReportManager] Initial URL: [data:,] @06-10-2021 01:58:22.0989 AM
[ReportManager] Browser Action [NavigateToURL] successfully performed. With the following test data [https://the-internet.herokuapp.com/]. @06-10-2021 01:58:23.0346 A

################################################################################################################################################
Starting Execution:	[136 out of 144] test cases in the current suite
Test Method:		[testPackage01.Test_NewValidationHelper.f9]
################################################################################################################################################
[ReportManager] Assertion [ValidateElementExists] FAILED. Expected [Element Should Exist, locator 'By.tagName: h3'] and Actual [Element Doesn't Exists]. Comparison Type [EQUALS]. Validation Type [POSITIVE]. @06-10-2021 01:58:54.0063 AM
[ReportManager] Successfully created attachment [Screenshot - 1633485533991_f9_ValidateElementExists_failed] @06-10-2021 01:58:54.0064 A
[ReportManager] Successfully Closed All Drivers. @06-10-2021 01:58:54.0137 A

################################################################################################################################################
Starting Execution:	[137 out of 144] test cases in the current suite
Test Method:		[testPackage01.Test_NewValidationHelper.forceFail]
################################################################################################################################################
[ReportManager] Assertion [ValidateFail] FAILED. Successfully force failed the test. @06-10-2021 01:58:54.0141 A

################################################################################################################################################
Starting Execution:	[138 out of 144] test cases in the current suite
Test Method:		[testPackage01.Test_NewValidationHelper.forceFail2]
################################################################################################################################################
[ReportManager] Assertion Failed: Custom Message @06-10-2021 01:58:54.0147 AM
[ReportManager] Assertion [ValidateFail] FAILED. Successfully force failed the test. @06-10-2021 01:58:54.0147 A

################################################################################################################################################
Starting Execution:	[139 out of 144] test cases in the current suite
Test Method:		[testPackage01.Test_sendGraphqlRequest.sendGraphqlRequestUsingMutationAndVariables]
################################################################################################################################################
[ReportManager] GraphQl Request is being Performed with the Following Parameters [Service URL: https://api.spacex.land/graphql | Request Body: {"variables":"{\"name\": \"sherlock holmes\",\"rocket\": \"221B Baker Street\"}","query":"mutation ($name: String, $rocket: String) {\n  insert_users(objects: {name: $name, rocket: $rocket}) {\n    returning {\n      name\n      rocket\n    }\n  }\n}"}] @06-10-2021 01:58:54.0150 AM
[ReportManager] Response status code: [200], status line: [HTTP/1.1 200 OK] @06-10-2021 01:58:57.0529 AM
[ReportManager] Assertion Passed: Evaluating the actual response status code against the expected one... @06-10-2021 01:58:57.0530 AM
[ReportManager] Assertion [ValidateEquals] PASSED. Expected [200] and Actual [200]. Comparison Type [EQUALS]. Validation Type [POSITIVE]. @06-10-2021 01:58:57.0530 AM
[ReportManager] API Action [PerformRequest] successfully performed. With the following test data [Request Type: "POST" | Target Status Code: "200" | Service URL: "https://api.spacex.land/graphql" | Content Type: "application/json" | Response Time: "3316ms"]. @06-10-2021 01:58:57.0542 AM
[ReportManager] Successfully created attachment [API Request - Specifications] @06-10-2021 01:58:57.0543 AM
[ReportManager] Successfully created attachment [API Request - JSON Body] @06-10-2021 01:58:57.0543 AM
[ReportManager] Successfully created attachment [API Response - JSON Body] @06-10-2021 01:58:57.0543 AM
[ReportManager] API Action [GetResponseJSONValue] successfully performed. With the following test data [data.insert_users.returning[0].name]. @06-10-2021 01:58:57.0600 AM
[ReportManager] Assertion [ValidateEquals] PASSED. Expected [sherlock holmes] and Actual [sherlock holmes]. Comparison Type [EQUALS]. Validation Type [POSITIVE]. @06-10-2021 01:58:57.0600 A

################################################################################################################################################
Starting Execution:	[140 out of 144] test cases in the current suite
Test Method:		[testPackage01.Test_sendGraphqlRequest.sendGraphqlRequestUsingQuery]
################################################################################################################################################
[ReportManager] GraphQl Request is being Performed with the Following Parameters [Service URL: https://api.spacex.land/graphql | Request Body: {"query":"{company {ceo}}"}] @06-10-2021 01:58:57.0602 AM
[ReportManager] Response status code: [200], status line: [HTTP/1.1 200 OK] @06-10-2021 01:58:57.0693 AM
[ReportManager] Assertion Passed: Evaluating the actual response status code against the expected one... @06-10-2021 01:58:57.0694 AM
[ReportManager] Assertion [ValidateEquals] PASSED. Expected [200] and Actual [200]. Comparison Type [EQUALS]. Validation Type [POSITIVE]. @06-10-2021 01:58:57.0694 AM
[ReportManager] API Action [PerformRequest] successfully performed. With the following test data [Request Type: "POST" | Target Status Code: "200" | Service URL: "https://api.spacex.land/graphql" | Content Type: "application/json" | Response Time: "82ms"]. @06-10-2021 01:58:57.0709 AM
[ReportManager] Successfully created attachment [API Request - Specifications] @06-10-2021 01:58:57.0709 AM
[ReportManager] Successfully created attachment [API Request - JSON Body] @06-10-2021 01:58:57.0709 AM
[ReportManager] Successfully created attachment [API Response - JSON Body] @06-10-2021 01:58:57.0710 AM
[ReportManager] API Action [GetResponseJSONValue] successfully performed. With the following test data [data.company.ceo]. @06-10-2021 01:58:57.0721 AM
[ReportManager] Assertion [ValidateEquals] PASSED. Expected [Elon Musk] and Actual [Elon Musk]. Comparison Type [EQUALS]. Validation Type [POSITIVE]. @06-10-2021 01:58:57.0721 A

################################################################################################################################################
Starting Execution:	[141 out of 144] test cases in the current suite
Test Method:		[testPackage01.Test_chainableElementActions.chainElementActions]
################################################################################################################################################
[ReportManager] File Action [GetAbsolutePath] successfully performed. With the following test data [Relative Folder Path: "target/downloadedFiles/"]. @06-10-2021 01:58:57.0725 AM
[ReportManager] Attempting to run remotely on: [Linux-64], [GoogleChrome], [http://localhost:4444/wd/hub], Headless Execution. @06-10-2021 01:58:57.0725 AM
[ReportManager] Successfully Opened [GoogleChrome]. @06-10-2021 01:58:57.0946 AM
[ReportManager] Target URL: [https://www.google.com/ncr], and after redirection: [https://www.google.com] @06-10-2021 01:58:57.0956 AM
[ReportManager] Initial URL: [data:,] @06-10-2021 01:58:57.0993 AM
[ReportManager] Browser Action [NavigateToURL] successfully performed. With the following test data [https://www.google.com/ncr]. @06-10-2021 01:58:58.0801 AM
[ReportManager] Element Action [Type] successfully performed. With the following test data [chained type 1]. @06-10-2021 01:58:59.0095 AM
[ReportManager] Element Action [Type] successfully performed. With the following test data [chained type 2]. @06-10-2021 01:58:59.0377 AM
[ReportManager] Element Action [TypeAppend] successfully performed. With the following test data [345]. @06-10-2021 01:58:59.0461 AM
[ReportManager] Element Action [GetText] successfully performed. With the following test data [chained type 2345]. @06-10-2021 01:58:59.0596 AM
[ReportManager] Loaded Shared OpenCV @06-10-2021 01:58:59.0716 AM
[ReportManager] Assertion [ValidateElementAttribute] PASSED. Expected [Value Should be 'chained type 2345' for the 'text' attribute, element locator 'By.name: q'] and Actual [chained type 2345]. Comparison Type [EQUALS]. Validation Type [POSITIVE]. @06-10-2021 01:58:59.0819 AM
[ReportManager] Successfully created attachment [Screenshot - 1633485539715_chainElementActions_ValidateElementAttribute_passed] @06-10-2021 01:58:59.0820 AM
[ReportManager] Browser Action [CloseCurrentWindow] successfully performed. @06-10-2021 01:58:59.0938 AM
[ReportManager] Successfully created attachment [Browser Action Test Data - CloseCurrentWindow - Actual Value] @06-10-2021 01:58:59.0939 A

################################################################################################################################################
Starting Execution:	[142 out of 144] test cases in the current suite
Test Method:		[testPackage01.Test_SkipDueToIssue.doNotSkip]
################################################################################################################################################
[ReportManager] This should not be skipped. @06-10-2021 01:58:59.0948 A

################################################################################################################################################
Starting Execution:	[143 out of 144] test cases in the current suite
Test Method:		[testPackage01.Test_SkipDueToIssue.skip]
################################################################################################################################################
[ReportManager] This should be skipped. @06-10-2021 01:58:59.0954 A

################################################################################################################################################
Starting Execution:	[144 out of 144] test cases in the current suite
Test Method:		[testPackage01.Test_SkipDueToIssue.skip2]
################################################################################################################################################
[ReportManager] This should be skipped. @06-10-2021 01:58:59.0957 A

################################################################################################################################################
Test Closure Activities
################################################################################################################################################
[ReportManager] Successfully created attachment [SHAFT Engine Logs - Execution log] @06-10-2021 01:58:59.0979 AM

################################################################################################################################################
This test run was powered by SHAFT Engine Version: [SHAFT Engine v5.3.20210902]
SHAFT Engine is licensed under the MIT License: [https://github.com/MohabMohie/SHAFT_ENGINE/blob/master/LICENSE].
################################################################################################################################################