################################################################################################################################################
Detected SHAFT Engine Version: [SHAFT Engine v5.4.20211202-BETA]
################################################################################################################################################
[ReportManager] File Action [GetAbsolutePath] successfully performed. With the following test data [Relative Folder Path: "target/downloadedFiles/"]. @04-01-2022 01:57:52.0813 AM
[ReportManager] Attempting to run locally on: [Mac-64], [Safari], Headless Execution. @04-01-2022 01:57:52.0829 AM
[ReportManager] Successfully Opened Safari. @04-01-2022 01:58:01.0348 AM
[ReportManager] Initial window size: (800, 600) @04-01-2022 01:58:01.0367 AM
[ReportManager] Window size after SWD Maximize: (1176, 802) @04-01-2022 01:58:01.0451 AM
[ReportManager] Browser Action [MaximizeWindow] successfully performed. With the following test data [New screen size is now: (1176, 802)]. @04-01-2022 01:58:01.0459 A

################################################################################################################################################
Starting Execution:	[1 out of 146] test cases in the current suite
Test Method:		[unitTests.tests_element_elementActions.waitForElementToBePresent_false_expectedToFail]
################################################################################################################################################
[ReportManager] Target URL: [https://www.google.com/ncr], and after redirection: [www.google.com] @04-01-2022 01:58:01.0644 AM
[ReportManager] Initial URL: [] @04-01-2022 01:58:01.0719 AM
[ReportManager] Browser Action [NavigateToURL] successfully performed. With the following test data [https://www.google.com/ncr]. @04-01-2022 01:58:04.0083 AM
[ReportManager] Waiting for element to be present; elementLocator [By.xpath: //*[@id='hplogo' or @alt='Google']], numberOfTries[1], stateOfPresence[false]... @04-01-2022 01:58:04.0096 AM
[ReportManager] Element Action [WaitForElementToBePresent] failed. With the following test data [waited for the element's state of presence to be (false). Element locator (By.xpath: //*[@id='hplogo' or @alt='Google'])]. @04-01-2022 01:58:07.0352 AM
[ReportManager] Successfully created attachment [Screenshot - 1641261484298_waitForElementToBePresent_false_expectedToFail_WaitForElementToBePresent_failed] @04-01-2022 01:58:07.0379 A
[ReportManager] Browser Action [CloseCurrentWindow] successfully performed. @04-01-2022 01:58:07.0656 AM
[ReportManager] Successfully created attachment [Browser Action Test Data - CloseCurrentWindow - Actual Value] @04-01-2022 01:58:07.0657 A
[ReportManager] File Action [GetAbsolutePath] successfully performed. With the following test data [Relative Folder Path: "target/downloadedFiles/"]. @04-01-2022 01:58:07.0674 AM
[ReportManager] Attempting to run locally on: [Mac-64], [Safari], Headless Execution. @04-01-2022 01:58:07.0675 AM
[ReportManager] An Exception Occured with this Message: Could not start a new session. Possible causes are invalid address of the remote server or browser start-up failure.. @04-01-2022 01:58:07.0836 AM
[ReportManager] Successfully created attachment [Exception Stack Trace - org.openqa.selenium.SessionNotCreatedException] @04-01-2022 01:58:07.0837 AM
[ReportManager] Driver Factory Action [createNewLocalDriverInstanceForSafari] failed. With the following test data [Failed to create a session on DESKTOP_SAFARI]. @04-01-2022 01:58:07.0838 A

################################################################################################################################################
Starting Execution:	[2 out of 146] test cases in the current suite
Test Method:		[unitTests.tests_element_elementActions.waitForElementToBePresent_false_expectedToPass]
###############################################################################################################################################



################################################################################################################################################
Starting Execution:	[3 out of 146] test cases in the current suite
Test Method:		[unitTests.tests_element_elementActions.waitForElementToBePresent_moreThanOneElement_expectedToFail]
###############################################################################################################################################



################################################################################################################################################
Starting Execution:	[4 out of 146] test cases in the current suite
Test Method:		[unitTests.tests_element_elementActions.waitForElementToBePresent_true_expectedToFail]
###############################################################################################################################################



################################################################################################################################################
Starting Execution:	[5 out of 146] test cases in the current suite
Test Method:		[unitTests.tests_element_elementActions.waitForElementToBePresent_true_expectedToPass]
###############################################################################################################################################

[ReportManager] File Action [GetAbsolutePath] successfully performed. With the following test data [Relative Folder Path: "target/downloadedFiles/"]. @04-01-2022 01:58:08.0218 AM
[ReportManager] Attempting to run locally on: [Mac-64], [Safari], Headless Execution. @04-01-2022 01:58:08.0219 AM
[ReportManager] Successfully Opened Safari. @04-01-2022 01:58:09.0440 AM
[ReportManager] Initial window size: (800, 600) @04-01-2022 01:58:09.0494 AM
[ReportManager] Window size after SWD Maximize: (1176, 803) @04-01-2022 01:58:09.0523 AM
[ReportManager] Browser Action [MaximizeWindow] successfully performed. With the following test data [New screen size is now: (1176, 803)]. @04-01-2022 01:58:09.0523 AM
[ReportManager] Target URL: [https://duckduckgo.com] @04-01-2022 01:58:09.0523 AM
[ReportManager] Initial URL: [] @04-01-2022 01:58:09.0602 AM
[ReportManager] Browser Action [NavigateToURL] successfully performed. With the following test data [https://duckduckgo.com]. @04-01-2022 01:58:10.0628 A

################################################################################################################################################
Starting Execution:	[6 out of 146] test cases in the current suite
Test Method:		[unitTests.tests_browserActions.fullScreenWindow]
################################################################################################################################################
[ReportManager] Initial Windows Size: 1176x803 @04-01-2022 01:58:10.0640 AM
[ReportManager] Current Windows Size after fullScreen: 1176x885 @04-01-2022 01:58:10.0889 AM
[ReportManager] Browser Action [FullScreenWindow] successfully performed. @04-01-2022 01:58:10.0927 AM
[ReportManager] Successfully created attachment [Browser Action Test Data - FullScreenWindow - Actual Value] @04-01-2022 01:58:10.0929 A
[ReportManager] Target URL: [https://duckduckgo.com] @04-01-2022 01:58:10.0945 AM
[ReportManager] Initial URL: [https://duckduckgo.com] @04-01-2022 01:58:11.0174 AM
[ReportManager] Browser Action [NavigateToURL] successfully performed. With the following test data [https://duckduckgo.com]. @04-01-2022 01:58:11.0738 AM
[ReportManager] Browser Action [CloseCurrentWindow] successfully performed. @04-01-2022 01:58:12.0086 AM
[ReportManager] Successfully created attachment [Browser Action Test Data - CloseCurrentWindow - Actual Value] @04-01-2022 01:58:12.0089 A
[ReportManager] File Action [GetAbsolutePath] successfully performed. With the following test data [Relative Folder Path: "target/downloadedFiles/"]. @04-01-2022 01:58:12.0096 AM
[ReportManager] Attempting to run locally on: [Mac-64], [Safari], Headless Execution. @04-01-2022 01:58:12.0096 AM
[ReportManager] Successfully Opened Safari. @04-01-2022 01:58:13.0016 AM
[ReportManager] Initial window size: (800, 600) @04-01-2022 01:58:13.0038 AM
[ReportManager] Window size after SWD Maximize: (1176, 803) @04-01-2022 01:58:13.0059 AM
[ReportManager] Browser Action [MaximizeWindow] successfully performed. With the following test data [New screen size is now: (1176, 803)]. @04-01-2022 01:58:13.0060 AM
[ReportManager] Target URL: [https://duckduckgo.com] @04-01-2022 01:58:13.0060 AM
[ReportManager] Initial URL: [] @04-01-2022 01:58:13.0122 AM
[ReportManager] Browser Action [NavigateToURL] successfully performed. With the following test data [https://duckduckgo.com]. @04-01-2022 01:58:13.0789 A

################################################################################################################################################
Starting Execution:	[7 out of 146] test cases in the current suite
Test Method:		[unitTests.tests_browserActions.getCurrentURL]
################################################################################################################################################
[ReportManager] Browser Action [GetCurrentURL] successfully performed. With the following test data [https://duckduckgo.com/]. @04-01-2022 01:58:13.0824 A
[ReportManager] Target URL: [https://duckduckgo.com] @04-01-2022 01:58:13.0826 AM
[ReportManager] Initial URL: [https://duckduckgo.com] @04-01-2022 01:58:13.0863 AM
[ReportManager] Browser Action [NavigateToURL] successfully performed. With the following test data [https://duckduckgo.com]. @04-01-2022 01:58:14.0175 AM
[ReportManager] Browser Action [CloseCurrentWindow] successfully performed. @04-01-2022 01:58:14.0474 AM
[ReportManager] Successfully created attachment [Browser Action Test Data - CloseCurrentWindow - Actual Value] @04-01-2022 01:58:14.0475 A
[ReportManager] File Action [GetAbsolutePath] successfully performed. With the following test data [Relative Folder Path: "target/downloadedFiles/"]. @04-01-2022 01:58:14.0478 AM
[ReportManager] Attempting to run locally on: [Mac-64], [Safari], Headless Execution. @04-01-2022 01:58:14.0478 AM
[ReportManager] Successfully Opened Safari. @04-01-2022 01:58:15.0331 AM
[ReportManager] Initial window size: (800, 600) @04-01-2022 01:58:15.0353 AM
[ReportManager] Window size after SWD Maximize: (1176, 803) @04-01-2022 01:58:15.0392 AM
[ReportManager] Browser Action [MaximizeWindow] successfully performed. With the following test data [New screen size is now: (1176, 803)]. @04-01-2022 01:58:15.0392 AM
[ReportManager] Target URL: [https://duckduckgo.com] @04-01-2022 01:58:15.0392 AM
[ReportManager] Initial URL: [] @04-01-2022 01:58:15.0450 AM
[ReportManager] Browser Action [NavigateToURL] successfully performed. With the following test data [https://duckduckgo.com]. @04-01-2022 01:58:16.0154 A

################################################################################################################################################
Starting Execution:	[8 out of 146] test cases in the current suite
Test Method:		[unitTests.tests_browserActions.getCurrentWindowTitle]
################################################################################################################################################
[ReportManager] Browser Action [GetCurrentWindowTitle] successfully performed. With the following test data [DuckDuckGo â€” Privacy, simplified.]. @04-01-2022 01:58:16.0183 A
[ReportManager] Target URL: [https://duckduckgo.com] @04-01-2022 01:58:16.0186 AM
[ReportManager] Initial URL: [https://duckduckgo.com] @04-01-2022 01:58:16.0224 AM
[ReportManager] Browser Action [NavigateToURL] successfully performed. With the following test data [https://duckduckgo.com]. @04-01-2022 01:58:16.0538 AM
[ReportManager] Browser Action [CloseCurrentWindow] successfully performed. @04-01-2022 01:58:16.0920 AM
[ReportManager] Successfully created attachment [Browser Action Test Data - CloseCurrentWindow - Actual Value] @04-01-2022 01:58:16.0921 A
[ReportManager] File Action [GetAbsolutePath] successfully performed. With the following test data [Relative Folder Path: "target/downloadedFiles/"]. @04-01-2022 01:58:16.0928 AM
[ReportManager] Attempting to run locally on: [Mac-64], [Safari], Headless Execution. @04-01-2022 01:58:16.0928 AM
[ReportManager] Successfully Opened Safari. @04-01-2022 01:58:17.0770 AM
[ReportManager] Initial window size: (800, 600) @04-01-2022 01:58:17.0778 AM
[ReportManager] Window size after SWD Maximize: (1176, 803) @04-01-2022 01:58:17.0801 AM
[ReportManager] Browser Action [MaximizeWindow] successfully performed. With the following test data [New screen size is now: (1176, 803)]. @04-01-2022 01:58:17.0801 AM
[ReportManager] Target URL: [https://duckduckgo.com] @04-01-2022 01:58:17.0801 AM
[ReportManager] Initial URL: [] @04-01-2022 01:58:17.0863 AM
[ReportManager] Browser Action [NavigateToURL] successfully performed. With the following test data [https://duckduckgo.com]. @04-01-2022 01:58:18.0501 A

################################################################################################################################################
Starting Execution:	[9 out of 146] test cases in the current suite
Test Method:		[unitTests.tests_browserActions.getPageSource]
################################################################################################################################################
[ReportManager] Browser Action [GetPageSource] successfully performed. @04-01-2022 01:58:18.0551 AM
[ReportManager] Successfully created attachment [Browser Action Test Data - GetPageSource - Actual Value] @04-01-2022 01:58:18.0552 A
[ReportManager] Target URL: [https://duckduckgo.com] @04-01-2022 01:58:18.0555 AM
[ReportManager] Initial URL: [https://duckduckgo.com] @04-01-2022 01:58:18.0596 AM
[ReportManager] Browser Action [NavigateToURL] successfully performed. With the following test data [https://duckduckgo.com]. @04-01-2022 01:58:18.0901 AM
[ReportManager] Browser Action [CloseCurrentWindow] successfully performed. @04-01-2022 01:58:19.0264 AM
[ReportManager] Successfully created attachment [Browser Action Test Data - CloseCurrentWindow - Actual Value] @04-01-2022 01:58:19.0265 A
[ReportManager] File Action [GetAbsolutePath] successfully performed. With the following test data [Relative Folder Path: "target/downloadedFiles/"]. @04-01-2022 01:58:19.0269 AM
[ReportManager] Attempting to run locally on: [Mac-64], [Safari], Headless Execution. @04-01-2022 01:58:19.0270 AM
[ReportManager] Successfully Opened Safari. @04-01-2022 01:58:20.0151 AM
[ReportManager] Initial window size: (800, 600) @04-01-2022 01:58:20.0171 AM
[ReportManager] Window size after SWD Maximize: (1176, 803) @04-01-2022 01:58:20.0197 AM
[ReportManager] Browser Action [MaximizeWindow] successfully performed. With the following test data [New screen size is now: (1176, 803)]. @04-01-2022 01:58:20.0198 AM
[ReportManager] Target URL: [https://duckduckgo.com] @04-01-2022 01:58:20.0198 AM
[ReportManager] Initial URL: [] @04-01-2022 01:58:20.0263 AM
[ReportManager] Browser Action [NavigateToURL] successfully performed. With the following test data [https://duckduckgo.com]. @04-01-2022 01:58:20.0998 A

################################################################################################################################################
Starting Execution:	[10 out of 146] test cases in the current suite
Test Method:		[unitTests.tests_browserActions.getWindowHandle]
################################################################################################################################################
[ReportManager] Browser Action [GetWindowHandle] successfully performed. With the following test data [page-35291969-B9FE-453E-986D-F9426C1FACD7]. @04-01-2022 01:58:21.0025 A
[ReportManager] Target URL: [https://duckduckgo.com] @04-01-2022 01:58:21.0028 AM
[ReportManager] Initial URL: [https://duckduckgo.com] @04-01-2022 01:58:21.0080 AM
[ReportManager] Browser Action [NavigateToURL] successfully performed. With the following test data [https://duckduckgo.com]. @04-01-2022 01:58:21.0416 AM
[ReportManager] Browser Action [CloseCurrentWindow] successfully performed. @04-01-2022 01:58:21.0764 AM
[ReportManager] Successfully created attachment [Browser Action Test Data - CloseCurrentWindow - Actual Value] @04-01-2022 01:58:21.0765 A
[ReportManager] File Action [GetAbsolutePath] successfully performed. With the following test data [Relative Folder Path: "target/downloadedFiles/"]. @04-01-2022 01:58:21.0768 AM
[ReportManager] Attempting to run locally on: [Mac-64], [Safari], Headless Execution. @04-01-2022 01:58:21.0768 AM
[ReportManager] Successfully Opened Safari. @04-01-2022 01:58:22.0603 AM
[ReportManager] Initial window size: (800, 600) @04-01-2022 01:58:22.0624 AM
[ReportManager] Window size after SWD Maximize: (1176, 803) @04-01-2022 01:58:22.0641 AM
[ReportManager] Browser Action [MaximizeWindow] successfully performed. With the following test data [New screen size is now: (1176, 803)]. @04-01-2022 01:58:22.0641 AM
[ReportManager] Target URL: [https://duckduckgo.com] @04-01-2022 01:58:22.0641 AM
[ReportManager] Initial URL: [] @04-01-2022 01:58:22.0697 AM
[ReportManager] Browser Action [NavigateToURL] successfully performed. With the following test data [https://duckduckgo.com]. @04-01-2022 01:58:23.0705 A

################################################################################################################################################
Starting Execution:	[11 out of 146] test cases in the current suite
Test Method:		[unitTests.tests_browserActions.getWindowPosition]
################################################################################################################################################
[ReportManager] Browser Action [GetWindowPosition] successfully performed. With the following test data [(0, 25)]. @04-01-2022 01:58:23.0731 A
[ReportManager] Target URL: [https://duckduckgo.com] @04-01-2022 01:58:23.0733 AM
[ReportManager] Initial URL: [https://duckduckgo.com] @04-01-2022 01:58:23.0779 AM
[ReportManager] Browser Action [NavigateToURL] successfully performed. With the following test data [https://duckduckgo.com]. @04-01-2022 01:58:24.0083 AM
[ReportManager] Browser Action [CloseCurrentWindow] successfully performed. @04-01-2022 01:58:24.0445 AM
[ReportManager] Successfully created attachment [Browser Action Test Data - CloseCurrentWindow - Actual Value] @04-01-2022 01:58:24.0445 A
[ReportManager] File Action [GetAbsolutePath] successfully performed. With the following test data [Relative Folder Path: "target/downloadedFiles/"]. @04-01-2022 01:58:24.0448 AM
[ReportManager] Attempting to run locally on: [Mac-64], [Safari], Headless Execution. @04-01-2022 01:58:24.0449 AM
[ReportManager] Successfully Opened Safari. @04-01-2022 01:58:25.0304 AM
[ReportManager] Initial window size: (800, 600) @04-01-2022 01:58:25.0334 AM
[ReportManager] Window size after SWD Maximize: (1176, 803) @04-01-2022 01:58:25.0370 AM
[ReportManager] Browser Action [MaximizeWindow] successfully performed. With the following test data [New screen size is now: (1176, 803)]. @04-01-2022 01:58:25.0371 AM
[ReportManager] Target URL: [https://duckduckgo.com] @04-01-2022 01:58:25.0371 AM
[ReportManager] Initial URL: [] @04-01-2022 01:58:25.0432 AM
[ReportManager] Browser Action [NavigateToURL] successfully performed. With the following test data [https://duckduckgo.com]. @04-01-2022 01:58:26.0132 A

################################################################################################################################################
Starting Execution:	[12 out of 146] test cases in the current suite
Test Method:		[unitTests.tests_browserActions.getWindowSize]
################################################################################################################################################
[ReportManager] Browser Action [GetWindowSize] successfully performed. With the following test data [(1176, 803)]. @04-01-2022 01:58:26.0166 A
[ReportManager] Target URL: [https://duckduckgo.com] @04-01-2022 01:58:26.0168 AM
[ReportManager] Initial URL: [https://duckduckgo.com] @04-01-2022 01:58:26.0202 AM
[ReportManager] Browser Action [NavigateToURL] successfully performed. With the following test data [https://duckduckgo.com]. @04-01-2022 01:58:26.0546 AM
[ReportManager] Browser Action [CloseCurrentWindow] successfully performed. @04-01-2022 01:58:26.0720 AM
[ReportManager] Successfully created attachment [Browser Action Test Data - CloseCurrentWindow - Actual Value] @04-01-2022 01:58:26.0721 A
[ReportManager] File Action [GetAbsolutePath] successfully performed. With the following test data [Relative Folder Path: "target/downloadedFiles/"]. @04-01-2022 01:58:26.0724 AM
[ReportManager] Attempting to run locally on: [Mac-64], [Safari], Headless Execution. @04-01-2022 01:58:26.0724 AM
[ReportManager] An Exception Occured with this Message: Could not start a new session. Possible causes are invalid address of the remote server or browser start-up failure.. @04-01-2022 01:58:26.0937 AM
[ReportManager] Successfully created attachment [Exception Stack Trace - org.openqa.selenium.SessionNotCreatedException] @04-01-2022 01:58:26.0941 AM
[ReportManager] Driver Factory Action [createNewLocalDriverInstanceForSafari] failed. With the following test data [Failed to create a session on DESKTOP_SAFARI]. @04-01-2022 01:58:26.0941 A

################################################################################################################################################
Starting Execution:	[13 out of 146] test cases in the current suite
Test Method:		[unitTests.tests_browserActions.maximizeWindow]
###############################################################################################################################################



################################################################################################################################################
Starting Execution:	[14 out of 146] test cases in the current suite
Test Method:		[unitTests.tests_browserActions.navigateBack]
###############################################################################################################################################



################################################################################################################################################
Starting Execution:	[15 out of 146] test cases in the current suite
Test Method:		[unitTests.tests_browserActions.navigateForward]
###############################################################################################################################################



################################################################################################################################################
Starting Execution:	[16 out of 146] test cases in the current suite
Test Method:		[unitTests.tests_browserActions.navigateToURL]
###############################################################################################################################################



################################################################################################################################################
Starting Execution:	[17 out of 146] test cases in the current suite
Test Method:		[unitTests.tests_browserActions.navigateToURLWithRedirection]
###############################################################################################################################################



################################################################################################################################################
Starting Execution:	[18 out of 146] test cases in the current suite
Test Method:		[unitTests.tests_browserActions.refreshCurrentPage]
###############################################################################################################################################



################################################################################################################################################
Starting Execution:	[19 out of 146] test cases in the current suite
Test Method:		[unitTests.tests_browserActions.setWindowSize]
###############################################################################################################################################

[ReportManager] Successfully loaded the following test data file [src/test/resources/testDataFiles/testSuite01/TestData.xlsx]. @04-01-2022 01:58:28.0394 AM
[ReportManager] Successfully created attachment [Test Data - Excel] @04-01-2022 01:58:28.0395 A

################################################################################################################################################
Starting Execution:	[20 out of 146] test cases in the current suite
Test Method:		[unitTests.tests_io_excelFileManager.getCellData_rowName_expectedToPass]
################################################################################################################################################
[ReportManager] testRowData. @04-01-2022 01:58:28.0409 A

################################################################################################################################################
Starting Execution:	[21 out of 146] test cases in the current suite
Test Method:		[unitTests.tests_validations_assertions.assertComparativeRelation_greaterThanOrEquals_false_equals_expectedToFail]
################################################################################################################################################
[ReportManager] Assertion [ValidateComparativeRelation] FAILED. Expected [1] and Actual [1]. Comparison Type [GREATER_THAN_OR_EQUALS]. Validation Type [NEGATIVE]. @04-01-2022 01:58:28.0420 A

################################################################################################################################################
Starting Execution:	[22 out of 146] test cases in the current suite
Test Method:		[unitTests.tests_validations_assertions.assertComparativeRelation_greaterThanOrEquals_false_equals_expectedToPass]
################################################################################################################################################
[ReportManager] Assertion [ValidateComparativeRelation] PASSED. Expected [2] and Actual [1]. Comparison Type [GREATER_THAN_OR_EQUALS]. Validation Type [NEGATIVE]. @04-01-2022 01:58:28.0425 A

################################################################################################################################################
Starting Execution:	[23 out of 146] test cases in the current suite
Test Method:		[unitTests.tests_validations_assertions.assertComparativeRelation_greaterThanOrEquals_false_greaterThan_expectedToFail]
################################################################################################################################################
[ReportManager] Assertion [ValidateComparativeRelation] FAILED. Expected [1] and Actual [2]. Comparison Type [GREATER_THAN_OR_EQUALS]. Validation Type [NEGATIVE]. @04-01-2022 01:58:28.0429 A

################################################################################################################################################
Starting Execution:	[24 out of 146] test cases in the current suite
Test Method:		[unitTests.tests_validations_assertions.assertComparativeRelation_greaterThanOrEquals_false_greaterThan_expectedToPass]
################################################################################################################################################
[ReportManager] Assertion [ValidateComparativeRelation] PASSED. Expected [2] and Actual [1]. Comparison Type [GREATER_THAN_OR_EQUALS]. Validation Type [NEGATIVE]. @04-01-2022 01:58:28.0433 A

################################################################################################################################################
Starting Execution:	[25 out of 146] test cases in the current suite
Test Method:		[unitTests.tests_validations_assertions.assertComparativeRelation_greaterThanOrEquals_true_equals_expectedToFail]
################################################################################################################################################
[ReportManager] Assertion [ValidateComparativeRelation] FAILED. Expected [1] and Actual [0]. Comparison Type [GREATER_THAN_OR_EQUALS]. Validation Type [POSITIVE]. @04-01-2022 01:58:28.0437 A

################################################################################################################################################
Starting Execution:	[26 out of 146] test cases in the current suite
Test Method:		[unitTests.tests_validations_assertions.assertComparativeRelation_greaterThanOrEquals_true_equals_expectedToPass]
################################################################################################################################################
[ReportManager] Assertion [ValidateComparativeRelation] PASSED. Expected [1] and Actual [1]. Comparison Type [GREATER_THAN_OR_EQUALS]. Validation Type [POSITIVE]. @04-01-2022 01:58:28.0441 A

################################################################################################################################################
Starting Execution:	[27 out of 146] test cases in the current suite
Test Method:		[unitTests.tests_validations_assertions.assertComparativeRelation_greaterThanOrEquals_true_greaterThan_expectedToFail]
################################################################################################################################################
[ReportManager] Assertion [ValidateComparativeRelation] FAILED. Expected [2] and Actual [1]. Comparison Type [GREATER_THAN_OR_EQUALS]. Validation Type [POSITIVE]. @04-01-2022 01:58:28.0445 A

################################################################################################################################################
Starting Execution:	[28 out of 146] test cases in the current suite
Test Method:		[unitTests.tests_validations_assertions.assertComparativeRelation_greaterThanOrEquals_true_greaterThan_expectedToPass]
################################################################################################################################################
[ReportManager] Assertion [ValidateComparativeRelation] PASSED. Expected [1] and Actual [2]. Comparison Type [GREATER_THAN_OR_EQUALS]. Validation Type [POSITIVE]. @04-01-2022 01:58:28.0449 A
[ReportManager] File Action [GetAbsolutePath] successfully performed. With the following test data [Relative Folder Path: "target/downloadedFiles/"]. @04-01-2022 01:58:28.0453 AM
[ReportManager] Attempting to run locally on: [Mac-64], [Safari], Headless Execution. @04-01-2022 01:58:28.0453 AM
[ReportManager] Successfully Opened Safari. @04-01-2022 01:58:29.0315 AM
[ReportManager] Initial window size: (800, 600) @04-01-2022 01:58:29.0330 AM
[ReportManager] Window size after SWD Maximize: (1176, 803) @04-01-2022 01:58:29.0359 AM
[ReportManager] Browser Action [MaximizeWindow] successfully performed. With the following test data [New screen size is now: (1176, 803)]. @04-01-2022 01:58:29.0359 AM
[ReportManager] Target URL: [https://www.google.com/ncr], and after redirection: [www.google.com] @04-01-2022 01:58:29.0360 AM
[ReportManager] Initial URL: [] @04-01-2022 01:58:29.0407 AM
[ReportManager] Browser Action [NavigateToURL] successfully performed. With the following test data [https://www.google.com/ncr]. @04-01-2022 01:58:31.0219 A

################################################################################################################################################
Starting Execution:	[29 out of 146] test cases in the current suite
Test Method:		[unitTests.tests_validations_assertions.assertElementAttribute_false_caseInsensitiveComparison_expectedToFail]
################################################################################################################################################
[ReportManager] Element Action [Type] successfully performed. With the following test data [AUTOMATION]. @04-01-2022 01:58:31.0542 AM
[ReportManager] Element Action [GetText] successfully performed. With the following test data [AUTOMATION]. @04-01-2022 01:58:31.0638 AM
[ReportManager] Loaded Shared OpenCV @04-01-2022 01:58:32.0984 AM
[ReportManager] Assertion [ValidateElementAttribute] FAILED. Expected [Value Should not be 'AutomaTion' for the 'text' attribute, element locator 'By.name: q'] and Actual [AUTOMATION]. Comparison Type [CASE_INSENSITIVE]. Validation Type [NEGATIVE]. @04-01-2022 01:58:33.0422 AM
[ReportManager] Successfully created attachment [Screenshot - 1641261511847_assertElementAttribute_false_caseInsensitiveComparison_expectedToFail_ValidateElementAttribute_failed] @04-01-2022 01:58:33.0432 A
[ReportManager] Browser Action [CloseCurrentWindow] successfully performed. @04-01-2022 01:58:33.0782 AM
[ReportManager] Successfully created attachment [Browser Action Test Data - CloseCurrentWindow - Actual Value] @04-01-2022 01:58:33.0783 A
[ReportManager] File Action [GetAbsolutePath] successfully performed. With the following test data [Relative Folder Path: "target/downloadedFiles/"]. @04-01-2022 01:58:33.0788 AM
[ReportManager] Attempting to run locally on: [Mac-64], [Safari], Headless Execution. @04-01-2022 01:58:33.0788 AM
[ReportManager] An Exception Occured with this Message: Could not start a new session. Possible causes are invalid address of the remote server or browser start-up failure.. @04-01-2022 01:58:33.0842 AM
[ReportManager] Successfully created attachment [Exception Stack Trace - org.openqa.selenium.SessionNotCreatedException] @04-01-2022 01:58:33.0843 AM
[ReportManager] Driver Factory Action [createNewLocalDriverInstanceForSafari] failed. With the following test data [Failed to create a session on DESKTOP_SAFARI]. @04-01-2022 01:58:33.0843 A

################################################################################################################################################
Starting Execution:	[30 out of 146] test cases in the current suite
Test Method:		[unitTests.tests_validations_assertions.assertElementAttribute_false_caseInsensitiveComparison_expectedToPass]
###############################################################################################################################################



################################################################################################################################################
Starting Execution:	[31 out of 146] test cases in the current suite
Test Method:		[unitTests.tests_validations_assertions.assertElementAttribute_false_containsComparison_expectedToFail]
###############################################################################################################################################



################################################################################################################################################
Starting Execution:	[32 out of 146] test cases in the current suite
Test Method:		[unitTests.tests_validations_assertions.assertElementAttribute_false_containsComparison_expectedToPass]
###############################################################################################################################################



################################################################################################################################################
Starting Execution:	[33 out of 146] test cases in the current suite
Test Method:		[unitTests.tests_validations_assertions.assertElementAttribute_false_literalComparison_expectedToFail]
###############################################################################################################################################



################################################################################################################################################
Starting Execution:	[34 out of 146] test cases in the current suite
Test Method:		[unitTests.tests_validations_assertions.assertElementAttribute_false_literalComparison_expectedToPass]
###############################################################################################################################################



################################################################################################################################################
Starting Execution:	[35 out of 146] test cases in the current suite
Test Method:		[unitTests.tests_validations_assertions.assertElementAttribute_false_regexComparison_expectedToFail]
###############################################################################################################################################



################################################################################################################################################
Starting Execution:	[36 out of 146] test cases in the current suite
Test Method:		[unitTests.tests_validations_assertions.assertElementAttribute_false_regexComparison_expectedToPass]
###############################################################################################################################################



################################################################################################################################################
Starting Execution:	[37 out of 146] test cases in the current suite
Test Method:		[unitTests.tests_validations_assertions.assertElementAttribute_true_caseInsensitiveComparison_expectedToFail]
###############################################################################################################################################



################################################################################################################################################
Starting Execution:	[38 out of 146] test cases in the current suite
Test Method:		[unitTests.tests_validations_assertions.assertElementAttribute_true_caseInsensitiveComparison_expectedToPass]
###############################################################################################################################################



################################################################################################################################################
Starting Execution:	[39 out of 146] test cases in the current suite
Test Method:		[unitTests.tests_validations_assertions.assertElementAttribute_true_containsComparison_expectedToFail]
###############################################################################################################################################



################################################################################################################################################
Starting Execution:	[40 out of 146] test cases in the current suite
Test Method:		[unitTests.tests_validations_assertions.assertElementAttribute_true_containsComparison_expectedToPass]
###############################################################################################################################################



################################################################################################################################################
Starting Execution:	[41 out of 146] test cases in the current suite
Test Method:		[unitTests.tests_validations_assertions.assertElementAttribute_true_literalComparison_expectedToFail]
###############################################################################################################################################



################################################################################################################################################
Starting Execution:	[42 out of 146] test cases in the current suite
Test Method:		[unitTests.tests_validations_assertions.assertElementAttribute_true_literalComparison_expectedToPass]
###############################################################################################################################################



################################################################################################################################################
Starting Execution:	[43 out of 146] test cases in the current suite
Test Method:		[unitTests.tests_validations_assertions.assertElementAttribute_true_regexComparison_expectedToFail]
###############################################################################################################################################



################################################################################################################################################
Starting Execution:	[44 out of 146] test cases in the current suite
Test Method:		[unitTests.tests_validations_assertions.assertElementAttribute_true_regexComparison_expectedToPass]
###############################################################################################################################################



################################################################################################################################################
Starting Execution:	[45 out of 146] test cases in the current suite
Test Method:		[unitTests.tests_validations_assertions.assertElementAttribute_type_true_literalComparison_expectedToPass]
###############################################################################################################################################



################################################################################################################################################
Starting Execution:	[46 out of 146] test cases in the current suite
Test Method:		[unitTests.tests_validations_assertions.assertElementExists_false_expectedToFail]
###############################################################################################################################################



################################################################################################################################################
Starting Execution:	[47 out of 146] test cases in the current suite
Test Method:		[unitTests.tests_validations_assertions.assertElementExists_false_expectedToPass]
###############################################################################################################################################



################################################################################################################################################
Starting Execution:	[48 out of 146] test cases in the current suite
Test Method:		[unitTests.tests_validations_assertions.assertElementExists_false_multipleElementsFound_expectedToFail]
###############################################################################################################################################



################################################################################################################################################
Starting Execution:	[49 out of 146] test cases in the current suite
Test Method:		[unitTests.tests_validations_assertions.assertElementExists_true_expectedToFail]
###############################################################################################################################################



################################################################################################################################################
Starting Execution:	[50 out of 146] test cases in the current suite
Test Method:		[unitTests.tests_validations_assertions.assertElementExists_true_expectedToPass]
###############################################################################################################################################



################################################################################################################################################
Starting Execution:	[51 out of 146] test cases in the current suite
Test Method:		[unitTests.tests_validations_assertions.assertElementExists_true_multipleElementsFound_expectedToFail]
###############################################################################################################################################


################################################################################################################################################
Starting Execution:	[52 out of 146] test cases in the current suite
Test Method:		[unitTests.tests_validations_assertions.assertEquals_false_expectedToFail]
###############################################################################################################################################

################################################################################################################################################
Starting Execution:	[53 out of 146] test cases in the current suite
Test Method:		[unitTests.tests_validations_assertions.assertEquals_false_expectedToPass]
###############################################################################################################################################

################################################################################################################################################
Starting Execution:	[54 out of 146] test cases in the current suite
Test Method:		[unitTests.tests_validations_assertions.assertEquals_longCharacters]
###############################################################################################################################################

################################################################################################################################################
Starting Execution:	[55 out of 146] test cases in the current suite
Test Method:		[unitTests.tests_validations_assertions.assertEquals_longCharacters_Discreet]
###############################################################################################################################################

################################################################################################################################################
Starting Execution:	[56 out of 146] test cases in the current suite
Test Method:		[unitTests.tests_validations_assertions.assertEquals_true_expectedToFail]
###############################################################################################################################################

################################################################################################################################################
Starting Execution:	[57 out of 146] test cases in the current suite
Test Method:		[unitTests.tests_validations_assertions.assertEquals_true_expectedToPass]
Test Description:	[Assert that assertEquals works as expected when the two values are equal.]
###############################################################################################################################################

################################################################################################################################################
Starting Execution:	[58 out of 146] test cases in the current suite
Test Method:		[unitTests.tests_validations_assertions.assertEquals_true_expectedToPass__]
###############################################################################################################################################

################################################################################################################################################
Starting Execution:	[59 out of 146] test cases in the current suite
Test Method:		[unitTests.tests_validations_assertions.assertFileExists_false_expectedToFail]
###############################################################################################################################################

################################################################################################################################################
Starting Execution:	[60 out of 146] test cases in the current suite
Test Method:		[unitTests.tests_validations_assertions.assertFileExists_false_expectedToPass]
###############################################################################################################################################

################################################################################################################################################
Starting Execution:	[61 out of 146] test cases in the current suite
Test Method:		[unitTests.tests_validations_assertions.assertFileExists_true_expectedToFail]
###############################################################################################################################################

################################################################################################################################################
Starting Execution:	[62 out of 146] test cases in the current suite
Test Method:		[unitTests.tests_validations_assertions.assertFileExists_true_expectedToPass]
###############################################################################################################################################

################################################################################################################################################
Starting Execution:	[63 out of 146] test cases in the current suite
Test Method:		[unitTests.tests_validations_assertions.assertNull_false_expectedToFail]
###############################################################################################################################################

################################################################################################################################################
Starting Execution:	[64 out of 146] test cases in the current suite
Test Method:		[unitTests.tests_validations_assertions.assertNull_false_expectedToPass]
###############################################################################################################################################

################################################################################################################################################
Starting Execution:	[65 out of 146] test cases in the current suite
Test Method:		[unitTests.tests_validations_assertions.assertNull_true_expectedToFail]
###############################################################################################################################################

################################################################################################################################################
Starting Execution:	[66 out of 146] test cases in the current suite
Test Method:		[unitTests.tests_validations_assertions.assertNull_true_expectedToPass]
###############################################################################################################################################

################################################################################################################################################
Starting Execution:	[67 out of 146] test cases in the current suite
Test Method:		[unitTests.tests_restActions.getPostsAndAssertBodyForSpecificTitle]
################################################################################################################################################
[ReportManager] Response status code: [200], status line: [HTTP/1.1 200 OK] @04-01-2022 01:58:36.0449 AM
[ReportManager] Assertion Passed: Evaluating the actual response status code against the expected one... @04-01-2022 01:58:36.0459 AM
[ReportManager] Assertion [ValidateComparativeRelation] PASSED. Expected [200] and Actual [200]. Comparison Type [EQUALS]. Validation Type [POSITIVE]. @04-01-2022 01:58:36.0459 AM
[ReportManager] API Action [PerformRequest] successfully performed. With the following test data [Request Type: "GET" | Target Status Code: "200" | Service URL: "https://jsonplaceholder.typicode.com/posts" | Content Type: "*/*" | Response Time: "714ms"]. @04-01-2022 01:58:37.0517 AM
[ReportManager] Successfully created attachment [API Request - Specifications] @04-01-2022 01:58:37.0518 AM
[ReportManager] Successfully created attachment [API Response - JSON Body] @04-01-2022 01:58:37.0795 AM
[ReportManager] API Action [GetResponseJSONValueAsList] successfully performed. @04-01-2022 01:58:37.0835 AM
[ReportManager] API Action [GetResponseJSONValue] successfully performed. With the following test data [title]. @04-01-2022 01:58:37.0862 AM
[ReportManager] API Action [GetResponseJSONValue] successfully performed. With the following test data [title]. @04-01-2022 01:58:37.0881 AM
[ReportManager] API Action [GetResponseJSONValue] successfully performed. With the following test data [body]. @04-01-2022 01:58:37.0897 AM
[ReportManager] Assertion [ValidateEquals] PASSED. Expected [qui neque nisi nulla] and Actual [est rerum tempore vitae
sequi sint nihil reprehenderit dolor beatae ea dolores neque
fugiat blanditiis voluptate porro vel nihil molestiae ut reiciendis
qui aperiam non debitis possimus qui neque nisi nulla]. Comparison Type [CONTAINS]. Validation Type [POSITIVE]. @04-01-2022 01:58:37.0898 AM
[ReportManager] API Action [GetResponseJSONValue] successfully performed. With the following test data [title]. @04-01-2022 01:58:37.0935 AM
[ReportManager] API Action [GetResponseJSONValue] successfully performed. With the following test data [title]. @04-01-2022 01:58:37.0954 AM
[ReportManager] API Action [GetResponseJSONValue] successfully performed. With the following test data [title]. @04-01-2022 01:58:37.0970 AM
[ReportManager] API Action [GetResponseJSONValue] successfully performed. With the following test data [title]. @04-01-2022 01:58:37.0986 AM
[ReportManager] API Action [GetResponseJSONValue] successfully performed. With the following test data [title]. @04-01-2022 01:58:38.0022 AM
[ReportManager] API Action [GetResponseJSONValue] successfully performed. With the following test data [title]. @04-01-2022 01:58:38.0041 AM
[ReportManager] API Action [GetResponseJSONValue] successfully performed. With the following test data [title]. @04-01-2022 01:58:38.0061 AM
[ReportManager] API Action [GetResponseJSONValue] successfully performed. With the following test data [title]. @04-01-2022 01:58:38.0077 AM
[ReportManager] API Action [GetResponseJSONValue] successfully performed. With the following test data [title]. @04-01-2022 01:58:38.0093 AM
[ReportManager] API Action [GetResponseJSONValue] successfully performed. With the following test data [title]. @04-01-2022 01:58:38.0108 AM
[ReportManager] API Action [GetResponseJSONValue] successfully performed. With the following test data [title]. @04-01-2022 01:58:38.0126 AM
[ReportManager] API Action [GetResponseJSONValue] successfully performed. With the following test data [title]. @04-01-2022 01:58:38.0143 AM
[ReportManager] API Action [GetResponseJSONValue] successfully performed. With the following test data [title]. @04-01-2022 01:58:38.0158 AM
[ReportManager] API Action [GetResponseJSONValue] successfully performed. With the following test data [title]. @04-01-2022 01:58:38.0173 AM
[ReportManager] API Action [GetResponseJSONValue] successfully performed. With the following test data [title]. @04-01-2022 01:58:38.0188 AM
[ReportManager] API Action [GetResponseJSONValue] successfully performed. With the following test data [title]. @04-01-2022 01:58:38.0204 AM
[ReportManager] API Action [GetResponseJSONValue] successfully performed. With the following test data [title]. @04-01-2022 01:58:38.0220 AM
[ReportManager] API Action [GetResponseJSONValue] successfully performed. With the following test data [title]. @04-01-2022 01:58:38.0237 AM
[ReportManager] API Action [GetResponseJSONValue] successfully performed. With the following test data [title]. @04-01-2022 01:58:38.0252 AM
[ReportManager] API Action [GetResponseJSONValue] successfully performed. With the following test data [title]. @04-01-2022 01:58:38.0269 AM
[ReportManager] API Action [GetResponseJSONValue] successfully performed. With the following test data [title]. @04-01-2022 01:58:38.0307 AM
[ReportManager] API Action [GetResponseJSONValue] successfully performed. With the following test data [title]. @04-01-2022 01:58:38.0324 AM
[ReportManager] API Action [GetResponseJSONValue] successfully performed. With the following test data [title]. @04-01-2022 01:58:38.0339 AM
[ReportManager] API Action [GetResponseJSONValue] successfully performed. With the following test data [title]. @04-01-2022 01:58:38.0404 AM
[ReportManager] API Action [GetResponseJSONValue] successfully performed. With the following test data [title]. @04-01-2022 01:58:38.0438 AM
[ReportManager] API Action [GetResponseJSONValue] successfully performed. With the following test data [title]. @04-01-2022 01:58:38.0454 AM
[ReportManager] API Action [GetResponseJSONValue] successfully performed. With the following test data [title]. @04-01-2022 01:58:38.0469 AM
[ReportManager] API Action [GetResponseJSONValue] successfully performed. With the following test data [title]. @04-01-2022 01:58:38.0483 AM
[ReportManager] API Action [GetResponseJSONValue] successfully performed. With the following test data [title]. @04-01-2022 01:58:38.0497 AM
[ReportManager] API Action [GetResponseJSONValue] successfully performed. With the following test data [title]. @04-01-2022 01:58:38.0510 AM
[ReportManager] API Action [GetResponseJSONValue] successfully performed. With the following test data [title]. @04-01-2022 01:58:38.0524 AM
[ReportManager] API Action [GetResponseJSONValue] successfully performed. With the following test data [title]. @04-01-2022 01:58:38.0537 AM
[ReportManager] API Action [GetResponseJSONValue] successfully performed. With the following test data [title]. @04-01-2022 01:58:38.0551 AM
[ReportManager] API Action [GetResponseJSONValue] successfully performed. With the following test data [title]. @04-01-2022 01:58:38.0566 AM
[ReportManager] API Action [GetResponseJSONValue] successfully performed. With the following test data [title]. @04-01-2022 01:58:38.0583 AM
[ReportManager] API Action [GetResponseJSONValue] successfully performed. With the following test data [title]. @04-01-2022 01:58:38.0600 AM
[ReportManager] API Action [GetResponseJSONValue] successfully performed. With the following test data [title]. @04-01-2022 01:58:38.0612 AM
[ReportManager] API Action [GetResponseJSONValue] successfully performed. With the following test data [title]. @04-01-2022 01:58:38.0628 AM
[ReportManager] API Action [GetResponseJSONValue] successfully performed. With the following test data [title]. @04-01-2022 01:58:38.0641 AM
[ReportManager] API Action [GetResponseJSONValue] successfully performed. With the following test data [title]. @04-01-2022 01:58:38.0654 AM
[ReportManager] API Action [GetResponseJSONValue] successfully performed. With the following test data [title]. @04-01-2022 01:58:38.0666 AM
[ReportManager] API Action [GetResponseJSONValue] successfully performed. With the following test data [title]. @04-01-2022 01:58:38.0681 AM
[ReportManager] API Action [GetResponseJSONValue] successfully performed. With the following test data [title]. @04-01-2022 01:58:38.0696 AM
[ReportManager] API Action [GetResponseJSONValue] successfully performed. With the following test data [title]. @04-01-2022 01:58:38.0710 AM
[ReportManager] API Action [GetResponseJSONValue] successfully performed. With the following test data [title]. @04-01-2022 01:58:38.0723 AM
[ReportManager] API Action [GetResponseJSONValue] successfully performed. With the following test data [title]. @04-01-2022 01:58:38.0736 AM
[ReportManager] API Action [GetResponseJSONValue] successfully performed. With the following test data [title]. @04-01-2022 01:58:38.0748 AM
[ReportManager] API Action [GetResponseJSONValue] successfully performed. With the following test data [title]. @04-01-2022 01:58:38.0763 AM
[ReportManager] API Action [GetResponseJSONValue] successfully performed. With the following test data [title]. @04-01-2022 01:58:38.0777 AM
[ReportManager] API Action [GetResponseJSONValue] successfully performed. With the following test data [title]. @04-01-2022 01:58:38.0791 AM
[ReportManager] API Action [GetResponseJSONValue] successfully performed. With the following test data [title]. @04-01-2022 01:58:38.0804 AM
[ReportManager] API Action [GetResponseJSONValue] successfully performed. With the following test data [title]. @04-01-2022 01:58:38.0817 AM
[ReportManager] API Action [GetResponseJSONValue] successfully performed. With the following test data [title]. @04-01-2022 01:58:38.0833 AM
[ReportManager] API Action [GetResponseJSONValue] successfully performed. With the following test data [title]. @04-01-2022 01:58:38.0845 AM
[ReportManager] API Action [GetResponseJSONValue] successfully performed. With the following test data [title]. @04-01-2022 01:58:38.0857 AM
[ReportManager] API Action [GetResponseJSONValue] successfully performed. With the following test data [title]. @04-01-2022 01:58:38.0870 AM
[ReportManager] API Action [GetResponseJSONValue] successfully performed. With the following test data [title]. @04-01-2022 01:58:38.0885 AM
[ReportManager] API Action [GetResponseJSONValue] successfully performed. With the following test data [title]. @04-01-2022 01:58:38.0900 AM
[ReportManager] API Action [GetResponseJSONValue] successfully performed. With the following test data [title]. @04-01-2022 01:58:38.0916 AM
[ReportManager] API Action [GetResponseJSONValue] successfully performed. With the following test data [title]. @04-01-2022 01:58:38.0946 AM
[ReportManager] API Action [GetResponseJSONValue] successfully performed. With the following test data [title]. @04-01-2022 01:58:38.0959 AM
[ReportManager] API Action [GetResponseJSONValue] successfully performed. With the following test data [title]. @04-01-2022 01:58:38.0973 AM
[ReportManager] API Action [GetResponseJSONValue] successfully performed. With the following test data [title]. @04-01-2022 01:58:38.0986 AM
[ReportManager] API Action [GetResponseJSONValue] successfully performed. With the following test data [title]. @04-01-2022 01:58:39.0000 AM
[ReportManager] API Action [GetResponseJSONValue] successfully performed. With the following test data [title]. @04-01-2022 01:58:39.0013 AM
[ReportManager] API Action [GetResponseJSONValue] successfully performed. With the following test data [title]. @04-01-2022 01:58:39.0026 AM
[ReportManager] API Action [GetResponseJSONValue] successfully performed. With the following test data [title]. @04-01-2022 01:58:39.0040 AM
[ReportManager] API Action [GetResponseJSONValue] successfully performed. With the following test data [title]. @04-01-2022 01:58:39.0054 AM
[ReportManager] API Action [GetResponseJSONValue] successfully performed. With the following test data [title]. @04-01-2022 01:58:39.0067 AM
[ReportManager] API Action [GetResponseJSONValue] successfully performed. With the following test data [title]. @04-01-2022 01:58:39.0081 AM
[ReportManager] API Action [GetResponseJSONValue] successfully performed. With the following test data [title]. @04-01-2022 01:58:39.0095 AM
[ReportManager] API Action [GetResponseJSONValue] successfully performed. With the following test data [title]. @04-01-2022 01:58:39.0108 AM
[ReportManager] API Action [GetResponseJSONValue] successfully performed. With the following test data [title]. @04-01-2022 01:58:39.0122 AM
[ReportManager] API Action [GetResponseJSONValue] successfully performed. With the following test data [title]. @04-01-2022 01:58:39.0135 AM
[ReportManager] API Action [GetResponseJSONValue] successfully performed. With the following test data [title]. @04-01-2022 01:58:39.0149 AM
[ReportManager] API Action [GetResponseJSONValue] successfully performed. With the following test data [title]. @04-01-2022 01:58:39.0162 AM
[ReportManager] API Action [GetResponseJSONValue] successfully performed. With the following test data [title]. @04-01-2022 01:58:39.0176 AM
[ReportManager] API Action [GetResponseJSONValue] successfully performed. With the following test data [title]. @04-01-2022 01:58:39.0190 AM
[ReportManager] API Action [GetResponseJSONValue] successfully performed. With the following test data [title]. @04-01-2022 01:58:39.0204 AM
[ReportManager] API Action [GetResponseJSONValue] successfully performed. With the following test data [title]. @04-01-2022 01:58:39.0219 AM
[ReportManager] API Action [GetResponseJSONValue] successfully performed. With the following test data [title]. @04-01-2022 01:58:39.0233 AM
[ReportManager] API Action [GetResponseJSONValue] successfully performed. With the following test data [title]. @04-01-2022 01:58:39.0247 AM
[ReportManager] API Action [GetResponseJSONValue] successfully performed. With the following test data [title]. @04-01-2022 01:58:39.0261 AM
[ReportManager] API Action [GetResponseJSONValue] successfully performed. With the following test data [title]. @04-01-2022 01:58:39.0275 AM
[ReportManager] API Action [GetResponseJSONValue] successfully performed. With the following test data [title]. @04-01-2022 01:58:39.0289 AM
[ReportManager] API Action [GetResponseJSONValue] successfully performed. With the following test data [title]. @04-01-2022 01:58:39.0302 AM
[ReportManager] API Action [GetResponseJSONValue] successfully performed. With the following test data [title]. @04-01-2022 01:58:39.0315 AM
[ReportManager] API Action [GetResponseJSONValue] successfully performed. With the following test data [title]. @04-01-2022 01:58:39.0328 AM
[ReportManager] API Action [GetResponseJSONValue] successfully performed. With the following test data [title]. @04-01-2022 01:58:39.0341 AM
[ReportManager] API Action [GetResponseJSONValue] successfully performed. With the following test data [title]. @04-01-2022 01:58:39.0353 AM
[ReportManager] API Action [GetResponseJSONValue] successfully performed. With the following test data [title]. @04-01-2022 01:58:39.0365 AM
[ReportManager] API Action [GetResponseJSONValue] successfully performed. With the following test data [title]. @04-01-2022 01:58:39.0378 AM
[ReportManager] API Action [GetResponseJSONValue] successfully performed. With the following test data [title]. @04-01-2022 01:58:39.0391 AM
[ReportManager] API Action [GetResponseJSONValue] successfully performed. With the following test data [title]. @04-01-2022 01:58:39.0403 AM
[ReportManager] API Action [GetResponseJSONValue] successfully performed. With the following test data [title]. @04-01-2022 01:58:39.0416 AM
[ReportManager] API Action [GetResponseJSONValue] successfully performed. With the following test data [title]. @04-01-2022 01:58:39.0429 AM
[ReportManager] API Action [GetResponseJSONValue] successfully performed. With the following test data [title]. @04-01-2022 01:58:39.0441 AM
[ReportManager] API Action [GetResponseJSONValue] successfully performed. With the following test data [title]. @04-01-2022 01:58:39.0456 A

################################################################################################################################################
Starting Execution:	[68 out of 146] test cases in the current suite
Test Method:		[unitTests.tests_restActions.validateUserEmail]
################################################################################################################################################
[ReportManager] Response status code: [200], status line: [HTTP/1.1 200 OK] @04-01-2022 01:58:39.0709 AM
[ReportManager] Assertion Passed: Evaluating the actual response status code against the expected one... @04-01-2022 01:58:39.0710 AM
[ReportManager] Assertion [ValidateComparativeRelation] PASSED. Expected [200] and Actual [200]. Comparison Type [EQUALS]. Validation Type [POSITIVE]. @04-01-2022 01:58:39.0710 AM
[ReportManager] API Action [PerformRequest] successfully performed. With the following test data [Request Type: "GET" | Target Status Code: "200" | Service URL: "https://jsonplaceholder.typicode.com/users" | Content Type: "*/*" | Response Time: "78ms"]. @04-01-2022 01:58:39.0751 AM
[ReportManager] Successfully created attachment [API Request - Specifications] @04-01-2022 01:58:39.0752 AM
[ReportManager] Successfully created attachment [API Response - JSON Body] @04-01-2022 01:58:39.0753 AM
[ReportManager] Assertion [ValidateEquals] PASSED. Expected and Actual values are attached. Comparison Type [CONTAINS]. Validation Type [POSITIVE]. @04-01-2022 01:58:39.0754 AM
[ReportManager] Successfully created attachment [Validation Test Data - Expected Value] @04-01-2022 01:58:39.0755 AM
[ReportManager] Successfully created attachment [Validation Test Data - Actual Value] @04-01-2022 01:58:39.0755 AM
[ReportManager] API Action [GetResponseJSONValueAsList] successfully performed. With the following test data [$]. @04-01-2022 01:58:39.0765 AM
[ReportManager] API Action [GetResponseJSONValue] successfully performed. With the following test data [name]. @04-01-2022 01:58:39.0782 AM
[ReportManager] API Action [GetResponseJSONValue] successfully performed. With the following test data [email]. @04-01-2022 01:58:39.0795 AM
[ReportManager] Assertion [ValidateEquals] PASSED. Expected [Sincere@april.biz] and Actual [Sincere@april.biz]. Comparison Type [EQUALS]. Validation Type [POSITIVE]. @04-01-2022 01:58:39.0795 AM
[ReportManager] API Action [GetResponseJSONValue] successfully performed. With the following test data [name]. @04-01-2022 01:58:39.0809 AM
[ReportManager] API Action [GetResponseJSONValue] successfully performed. With the following test data [name]. @04-01-2022 01:58:39.0822 AM
[ReportManager] API Action [GetResponseJSONValue] successfully performed. With the following test data [name]. @04-01-2022 01:58:39.0834 AM
[ReportManager] API Action [GetResponseJSONValue] successfully performed. With the following test data [name]. @04-01-2022 01:58:39.0846 AM
[ReportManager] API Action [GetResponseJSONValue] successfully performed. With the following test data [name]. @04-01-2022 01:58:39.0859 AM
[ReportManager] API Action [GetResponseJSONValue] successfully performed. With the following test data [name]. @04-01-2022 01:58:39.0871 AM
[ReportManager] API Action [GetResponseJSONValue] successfully performed. With the following test data [name]. @04-01-2022 01:58:39.0882 AM
[ReportManager] API Action [GetResponseJSONValue] successfully performed. With the following test data [name]. @04-01-2022 01:58:39.0895 AM
[ReportManager] API Action [GetResponseJSONValue] successfully performed. With the following test data [name]. @04-01-2022 01:58:39.0908 A
[ReportManager] File Action [GetAbsolutePath] successfully performed. With the following test data [Relative Folder Path: "target/downloadedFiles/"]. @04-01-2022 01:58:39.0912 AM
[ReportManager] Attempting to run locally on: [Mac-64], [Safari], Headless Execution. @04-01-2022 01:58:39.0912 AM
[ReportManager] Successfully Opened Safari. @04-01-2022 01:58:40.0771 AM
[ReportManager] Initial window size: (800, 600) @04-01-2022 01:58:40.0782 AM
[ReportManager] Window size after SWD Maximize: (1176, 803) @04-01-2022 01:58:40.0804 AM
[ReportManager] Browser Action [MaximizeWindow] successfully performed. With the following test data [New screen size is now: (1176, 803)]. @04-01-2022 01:58:40.0804 A

################################################################################################################################################
Starting Execution:	[69 out of 146] test cases in the current suite
Test Method:		[testPackage01.Test_uploadFile.uploadFile_invisibleUploadInput]
################################################################################################################################################
[ReportManager] Target URL: [https://fineuploader.com/demos.html#gallery-view] @04-01-2022 01:58:40.0807 AM
[ReportManager] Initial URL: [] @04-01-2022 01:58:40.0888 AM
[ReportManager] Browser Action [NavigateToURL] successfully performed. With the following test data [https://fineuploader.com/demos.html#gallery-view]. @04-01-2022 01:58:42.0631 AM
[ReportManager] File Action [GetAbsolutePath] successfully performed. With the following test data [Relative File Path: "src/main/resources/images/shaft.png"]. @04-01-2022 01:58:42.0632 AM
[ReportManager] Successfully created attachment [File Action Actual Result - Command Log] @04-01-2022 01:58:42.0633 AM
[ReportManager] Element Action [TypeFileLocationForUpload] successfully performed. With the following test data [/Users/runner/work/SHAFT_ENGINE/SHAFT_ENGINE/src/main/resources/images/shaft.png]. @04-01-2022 01:58:42.0693 AM
[ReportManager] Attempting to getAttribute [src] from elementLocator [By.xpath: //div[@id='fine-uploader-gallery']//div[@class='qq-thumbnail-wrapper']/img]. @04-01-2022 01:58:42.0697 AM
[ReportManager] Element Action [GetAttribute] successfully performed. @04-01-2022 01:58:42.0869 AM
[ReportManager] Successfully created attachment [Element Action Test Data - GetAttribute - Actual Value] @04-01-2022 01:58:42.0871 AM
[ReportManager] Loaded Shared OpenCV @04-01-2022 01:58:42.0988 AM
[ReportManager] Assertion Passed: Then I Assert that the element found by [By.xpath: //div[@id='fine-uploader-gallery']//div[@class='qq-thumbnail-wrapper']/img] attribute [src] contains [data:image/png;base64]. @04-01-2022 01:58:43.0212 AM
[ReportManager] Successfully created attachment [Validation Test Data - Expected Value] @04-01-2022 01:58:43.0213 AM
[ReportManager] Successfully created attachment [Validation Test Data - Actual Value] @04-01-2022 01:58:43.0214 AM
[ReportManager] Successfully created attachment [Screenshot - 1641261522988_uploadFile_invisibleUploadInput_ValidateElementAttribute_passed] @04-01-2022 01:58:43.0217 AM
[ReportManager] Assertion [ValidateElementAttribute] PASSED. Expected and Actual values are attached. Comparison Type [CONTAINS]. Validation Type [POSITIVE]. @04-01-2022 01:58:43.0217 A
[ReportManager] Browser Action [CloseCurrentWindow] successfully performed. @04-01-2022 01:58:43.0570 AM
[ReportManager] Successfully created attachment [Browser Action Test Data - CloseCurrentWindow - Actual Value] @04-01-2022 01:58:43.0571 A
[ReportManager] File Action [GetAbsolutePath] successfully performed. With the following test data [Relative Folder Path: "target/downloadedFiles/"]. @04-01-2022 01:58:43.0575 AM
[ReportManager] Attempting to run locally on: [Mac-64], [Safari], Headless Execution. @04-01-2022 01:58:43.0575 AM
[ReportManager] Successfully Opened Safari. @04-01-2022 01:58:44.0440 AM
[ReportManager] Initial window size: (800, 600) @04-01-2022 01:58:44.0454 AM
[ReportManager] Window size after SWD Maximize: (1176, 803) @04-01-2022 01:58:44.0491 AM
[ReportManager] Browser Action [MaximizeWindow] successfully performed. With the following test data [New screen size is now: (1176, 803)]. @04-01-2022 01:58:44.0492 A

################################################################################################################################################
Starting Execution:	[70 out of 146] test cases in the current suite
Test Method:		[testPackage01.Test_uploadFile.uploadFile_visibleUploadInput]
################################################################################################################################################
[ReportManager] Target URL: [http://demo.guru99.com/test/upload/] @04-01-2022 01:58:44.0495 AM
[ReportManager] Initial URL: [] @04-01-2022 01:58:44.0542 AM
[ReportManager] Browser Action [CheckNavigationWasSuccesssful] failed. With the following test data [Waited for 30 seconds to navigate to [http://demo.guru99.com/test/upload/] but ended up with [https://demo.guru99.com/test/upload/].]. @04-01-2022 01:59:16.0864 A
[ReportManager] Browser Action [CloseCurrentWindow] successfully performed. @04-01-2022 01:59:17.0219 AM
[ReportManager] Successfully created attachment [Browser Action Test Data - CloseCurrentWindow - Actual Value] @04-01-2022 01:59:17.0220 A

################################################################################################################################################
Starting Execution:	[71 out of 146] test cases in the current suite
Test Method:		[testPackage01.Test_AssertApiResponseEquals.assertApiResponseEquals_expectedToPass]
################################################################################################################################################
[ReportManager] Response status code: [200], status line: [HTTP/1.1 200 OK] @04-01-2022 01:59:17.0293 AM
[ReportManager] Assertion Passed: Evaluating the actual response status code against the expected one... @04-01-2022 01:59:17.0293 AM
[ReportManager] Assertion [ValidateComparativeRelation] PASSED. Expected [200] and Actual [200]. Comparison Type [EQUALS]. Validation Type [POSITIVE]. @04-01-2022 01:59:17.0294 AM
[ReportManager] API Action [PerformRequest] successfully performed. With the following test data [Request Type: "GET" | Target Status Code: "200" | Service URL: "https://jsonplaceholder.typicode.com/users" | Content Type: "*/*" | Response Time: "64ms"]. @04-01-2022 01:59:17.0317 AM
[ReportManager] Successfully created attachment [API Request - Specifications] @04-01-2022 01:59:17.0318 AM
[ReportManager] Successfully created attachment [API Response - JSON Body] @04-01-2022 01:59:17.0319 AM
[ReportManager] API Action [GetResponseJSONValueAsList] successfully performed. With the following test data [$]. @04-01-2022 01:59:17.0332 AM
[ReportManager] API Action [GetResponseJSONValue] successfully performed. With the following test data [name]. @04-01-2022 01:59:17.0346 AM
[ReportManager] API Action [GetResponseJSONValue] successfully performed. With the following test data [email]. @04-01-2022 01:59:17.0362 AM
[ReportManager] Verification [ValidateEquals] PASSED. Expected [Sincere@april.biz] and Actual [Sincere@april.biz]. Comparison Type [EQUALS]. Validation Type [POSITIVE]. @04-01-2022 01:59:17.0362 AM
[ReportManager] API Action [GetResponseJSONValue] successfully performed. With the following test data [username]. @04-01-2022 01:59:17.0376 AM
[ReportManager] Assertion [ValidateEquals] PASSED. Expected [Bret] and Actual [Bret]. Comparison Type [EQUALS]. Validation Type [POSITIVE]. @04-01-2022 01:59:17.0377 AM
[ReportManager] API Action [GetResponseJSONValue] successfully performed. With the following test data [name]. @04-01-2022 01:59:17.0390 AM
[ReportManager] API Action [GetResponseJSONValue] successfully performed. With the following test data [name]. @04-01-2022 01:59:17.0402 AM
[ReportManager] API Action [GetResponseJSONValue] successfully performed. With the following test data [name]. @04-01-2022 01:59:17.0415 AM
[ReportManager] API Action [GetResponseJSONValue] successfully performed. With the following test data [name]. @04-01-2022 01:59:17.0426 AM
[ReportManager] API Action [GetResponseJSONValue] successfully performed. With the following test data [name]. @04-01-2022 01:59:17.0440 AM
[ReportManager] API Action [GetResponseJSONValue] successfully performed. With the following test data [name]. @04-01-2022 01:59:17.0456 AM
[ReportManager] API Action [GetResponseJSONValue] successfully performed. With the following test data [name]. @04-01-2022 01:59:17.0471 AM
[ReportManager] API Action [GetResponseJSONValue] successfully performed. With the following test data [name]. @04-01-2022 01:59:17.0498 AM
[ReportManager] API Action [GetResponseJSONValue] successfully performed. With the following test data [name]. @04-01-2022 01:59:17.0531 A

################################################################################################################################################
Starting Execution:	[72 out of 146] test cases in the current suite
Test Method:		[testPackage01.Test_testData.f]
################################################################################################################################################
[ReportManager] Successfully loaded the following test data file [src/test/resources/testDataFiles/testSuite01/TestData.xlsx]. @04-01-2022 01:59:17.0595 AM
[ReportManager] Successfully created attachment [Test Data - Excel] @04-01-2022 01:59:17.0596 AM
[ReportManager] Last Column Number is: [3]. Zero-based. @04-01-2022 01:59:17.0597 A

################################################################################################################################################
Starting Execution:	[73 out of 146] test cases in the current suite
Test Method:		[testPackage01.Test_PDF.testPDF1]
################################################################################################################################################
[ReportManager] File Action [DoesFileExist] successfully performed. With the following test data [File Path: "src/test/resources/testDataFiles/sample.pdf"]. @04-01-2022 01:59:17.0607 AM
[ReportManager] File Action [GetAbsolutePath] successfully performed. With the following test data [Relative Folder Path: "src/test/resources/testDataFiles/sample.pdf"]. @04-01-2022 01:59:17.0608 AM
[ReportManager] Assertion Passed: Checking to see that the pdf file contains [A Simple PDF File] @04-01-2022 01:59:22.0293 AM
[ReportManager] Successfully created attachment [Validation Test Data - Expected Value] @04-01-2022 01:59:22.0334 AM
[ReportManager] Successfully created attachment [Validation Test Data - Actual Value] @04-01-2022 01:59:22.0335 AM
[ReportManager] Assertion [ValidateEquals] PASSED. Expected and Actual values are attached. Comparison Type [CONTAINS]. Validation Type [POSITIVE]. @04-01-2022 01:59:22.0335 A

################################################################################################################################################
Starting Execution:	[74 out of 146] test cases in the current suite
Test Method:		[testPackage01.Test_PDF.testPDF2]
################################################################################################################################################
[ReportManager] File Action [DoesFileExist] successfully performed. With the following test data [File Path: "src/test/resources/testDataFiles/sample.pdf"]. @04-01-2022 01:59:22.0341 AM
[ReportManager] File Action [GetAbsolutePath] successfully performed. With the following test data [Relative Folder Path: "src/test/resources/testDataFiles/sample.pdf"]. @04-01-2022 01:59:22.0341 AM
[ReportManager] Assertion Passed: Checking to see that the pdf file contains [A Simple PDF File] @04-01-2022 01:59:22.0356 AM
[ReportManager] Successfully created attachment [Validation Test Data - Expected Value] @04-01-2022 01:59:22.0357 AM
[ReportManager] Successfully created attachment [Validation Test Data - Actual Value] @04-01-2022 01:59:22.0358 AM
[ReportManager] Assertion [ValidateEquals] PASSED. Expected and Actual values are attached. Comparison Type [CONTAINS]. Validation Type [POSITIVE]. @04-01-2022 01:59:22.0358 A
[ReportManager] File Action [GetAbsolutePath] successfully performed. With the following test data [Relative Folder Path: "target/downloadedFiles/"]. @04-01-2022 01:59:22.0360 AM
[ReportManager] Attempting to run locally on: [Mac-64], [Safari], Headless Execution. @04-01-2022 01:59:22.0360 AM
[ReportManager] Successfully Opened Safari. @04-01-2022 01:59:23.0278 AM
[ReportManager] Initial window size: (800, 600) @04-01-2022 01:59:23.0292 AM
[ReportManager] Window size after SWD Maximize: (1176, 803) @04-01-2022 01:59:23.0309 AM
[ReportManager] Browser Action [MaximizeWindow] successfully performed. With the following test data [New screen size is now: (1176, 803)]. @04-01-2022 01:59:23.0310 A

################################################################################################################################################
Starting Execution:	[75 out of 146] test cases in the current suite
Test Method:		[testPackage01.Test_ShadowDOM.shadowdom]
################################################################################################################################################
[ReportManager] Target URL: [https://mdn.github.io/web-components-examples/popup-info-box-web-component/] @04-01-2022 01:59:23.0331 AM
[ReportManager] Initial URL: [] @04-01-2022 01:59:23.0372 AM
[ReportManager] Browser Action [NavigateToURL] successfully performed. With the following test data [https://mdn.github.io/web-components-examples/popup-info-box-web-component/]. @04-01-2022 01:59:23.0780 AM
[ReportManager] Element Action [Type] successfully performed. With the following test data [Typing into SHADOW DOM...]. @04-01-2022 01:59:24.0430 AM
[ReportManager] Element Action [GetText] successfully performed. With the following test data [Typing into SHADOW DOM...]. @04-01-2022 01:59:24.0498 AM
[ReportManager] Loaded Shared OpenCV @04-01-2022 01:59:24.0554 AM
[ReportManager] Assertion [ValidateElementAttribute] PASSED. Expected [Value Should be 'Typing into SHADOW DOM...' for the 'Text' attribute, element locator 'By.id: cvc'] and Actual [Typing into SHADOW DOM...]. Comparison Type [EQUALS]. Validation Type [POSITIVE]. @04-01-2022 01:59:24.0797 AM
[ReportManager] Successfully created attachment [Screenshot - 1641261564554_shadowdom_ValidateElementAttribute_passed] @04-01-2022 01:59:24.0798 A
[ReportManager] Browser Action [CloseCurrentWindow] successfully performed. @04-01-2022 01:59:25.0098 AM
[ReportManager] Successfully created attachment [Browser Action Test Data - CloseCurrentWindow - Actual Value] @04-01-2022 01:59:25.0099 A
[ReportManager] File Action [GetAbsolutePath] successfully performed. With the following test data [Relative Folder Path: "target/downloadedFiles/"]. @04-01-2022 01:59:25.0101 AM
[ReportManager] Attempting to run locally on: [Mac-64], [Safari], Headless Execution. @04-01-2022 01:59:25.0101 AM
[ReportManager] Successfully Opened Safari. @04-01-2022 01:59:25.0953 AM
[ReportManager] Initial window size: (800, 600) @04-01-2022 01:59:26.0002 AM
[ReportManager] Window size after SWD Maximize: (1176, 803) @04-01-2022 01:59:26.0033 AM
[ReportManager] Browser Action [MaximizeWindow] successfully performed. With the following test data [New screen size is now: (1176, 803)]. @04-01-2022 01:59:26.0034 A

################################################################################################################################################
Starting Execution:	[76 out of 146] test cases in the current suite
Test Method:		[testPackage01.Test_clipboardActions.typeTextAndCopyPaste]
################################################################################################################################################
[ReportManager] Target URL: [https://www.google.com/ncr], and after redirection: [https://www.google.com] @04-01-2022 01:59:26.0036 AM
[ReportManager] Initial URL: [] @04-01-2022 01:59:26.0081 AM
[ReportManager] Browser Action [NavigateToURL] successfully performed. With the following test data [https://www.google.com/ncr]. @04-01-2022 01:59:28.0292 AM
[ReportManager] Element Action [Type] successfully performed. With the following test data [FIRST]. @04-01-2022 01:59:28.0498 A
[ReportManager] Browser Action [CloseCurrentWindow] successfully performed. @04-01-2022 01:59:28.0874 AM
[ReportManager] Successfully created attachment [Browser Action Test Data - CloseCurrentWindow - Actual Value] @04-01-2022 01:59:28.0875 A

################################################################################################################################################
Starting Execution:	[77 out of 146] test cases in the current suite
Test Method:		[testPackage01.Test_NewValidationHelper.f1]
################################################################################################################################################
[ReportManager] Assertion Passed: Checking valid user data @04-01-2022 01:59:28.0879 AM
[ReportManager] Successfully created attachment [Validation Test Data - Expected Value] @04-01-2022 01:59:28.0879 AM
[ReportManager] Successfully created attachment [Validation Test Data - Actual Value] @04-01-2022 01:59:28.0880 AM
[ReportManager] Assertion [ValidateEquals] PASSED. Expected and Actual values are attached. Comparison Type [EQUALS]. Validation Type [POSITIVE]. @04-01-2022 01:59:28.0880 A
[ReportManager] File Action [GetAbsolutePath] successfully performed. With the following test data [Relative Folder Path: "target/downloadedFiles/"]. @04-01-2022 01:59:28.0882 AM
[ReportManager] Attempting to run locally on: [Mac-64], [Safari], Headless Execution. @04-01-2022 01:59:28.0883 AM
[ReportManager] Successfully Opened Safari. @04-01-2022 01:59:29.0721 AM
[ReportManager] Initial window size: (800, 600) @04-01-2022 01:59:29.0729 AM
[ReportManager] Window size after SWD Maximize: (1176, 803) @04-01-2022 01:59:29.0772 AM
[ReportManager] Browser Action [MaximizeWindow] successfully performed. With the following test data [New screen size is now: (1176, 803)]. @04-01-2022 01:59:29.0773 AM
[ReportManager] Target URL: [https://the-internet.herokuapp.com/] @04-01-2022 01:59:29.0773 AM
[ReportManager] Initial URL: [] @04-01-2022 01:59:29.0998 AM
[ReportManager] Browser Action [NavigateToURL] successfully performed. With the following test data [https://the-internet.herokuapp.com/]. @04-01-2022 01:59:31.0200 A

################################################################################################################################################
Starting Execution:	[78 out of 146] test cases in the current suite
Test Method:		[testPackage01.Test_NewValidationHelper.f10]
################################################################################################################################################
[ReportManager] Loaded Shared OpenCV @04-01-2022 01:59:31.0352 AM
[ReportManager] Assertion [ValidateElementExists] FAILED. Expected [Element Should Exist, locator 'By.tagName: div'] and Actual [Element Exists but is not unique]. Comparison Type [EQUALS]. Validation Type [POSITIVE]. @04-01-2022 01:59:31.0482 AM
[ReportManager] Successfully created attachment [Screenshot - 1641261571352_f10_ValidateElementExists_failed] @04-01-2022 01:59:31.0485 A
[ReportManager] Successfully Closed All Drivers. @04-01-2022 01:59:31.0644 A
[ReportManager] File Action [GetAbsolutePath] successfully performed. With the following test data [Relative Folder Path: "target/downloadedFiles/"]. @04-01-2022 01:59:31.0647 AM
[ReportManager] Attempting to run locally on: [Mac-64], [Safari], Headless Execution. @04-01-2022 01:59:31.0648 AM
[ReportManager] Successfully Opened Safari. @04-01-2022 01:59:32.0481 AM
[ReportManager] Initial window size: (800, 600) @04-01-2022 01:59:32.0499 AM
[ReportManager] Window size after SWD Maximize: (1176, 803) @04-01-2022 01:59:32.0528 AM
[ReportManager] Browser Action [MaximizeWindow] successfully performed. With the following test data [New screen size is now: (1176, 803)]. @04-01-2022 01:59:32.0528 AM
[ReportManager] Target URL: [https://the-internet.herokuapp.com/] @04-01-2022 01:59:32.0528 AM
[ReportManager] Initial URL: [] @04-01-2022 01:59:32.0573 AM
[ReportManager] Browser Action [NavigateToURL] successfully performed. With the following test data [https://the-internet.herokuapp.com/]. @04-01-2022 01:59:33.0674 A

################################################################################################################################################
Starting Execution:	[79 out of 146] test cases in the current suite
Test Method:		[testPackage01.Test_NewValidationHelper.f11]
################################################################################################################################################
[ReportManager] org.openqa.selenium.TimeoutException:
Expected condition failed: waiting for com.shaft.gui.element.ElementActionsHelper$$Lambda$625/0x000000080113ea88@53e83eb0 (tried for 5 second(s) with 1000 milliseconds interval)
org.openqa.selenium.support.ui.FluentWait.timeoutException(FluentWait.java:263)
org.openqa.selenium.support.ui.FluentWait.until(FluentWait.java:231)
com.shaft.gui.element.ElementActionsHelper.waitForElementPresence(ElementActionsHelper.java:63)
com.shaft.gui.element.ElementActionsHelper.waitForElementPresence(ElementActionsHelper.java:37)
com.shaft.gui.element.WebDriverElementActions.getMatchingElementsCount(WebDriverElementActions.java:1468)
com.shaft.gui.element.WebDriverElementActions.getElementsCount(WebDriverElementActions.java:559)
com.shaft.gui.element.ElementActions.getElementsCount(ElementActions.java:261)
com.shaft.validation.ValidationsHelper.validateElementExists(ValidationsHelper.java:149)
com.shaft.validation.Assertions.assertElementExists(Assertions.java:118)
testPackage01.Test_NewValidationHelper.f11(Test_NewValidationHelper.java:137)
java.base/jdk.internal.reflect.NativeMethodAccessorImpl.invoke0(Native Method)
java.base/jdk.internal.reflect.NativeMethodAccessorImpl.invoke(NativeMethodAccessorImpl.java:77)
java.base/jdk.internal.reflect.DelegatingMethodAccessorImpl.invoke(DelegatingMethodAccessorImpl.java:43)
java.base/java.lang.reflect.Method.invoke(Method.java:568)
org.testng.internal.MethodInvocationHelper.invokeMethod(MethodInvocationHelper.java:133)
org.testng.internal.TestInvoker.invokeMethod(TestInvoker.java:598)
org.testng.internal.TestInvoker.invokeTestMethod(TestInvoker.java:173)
org.testng.internal.MethodRunner.runInSequence(MethodRunner.java:46)
org.testng.internal.TestInvoker$MethodInvocationAgent.invoke(TestInvoker.java:824)
org.testng.internal.TestInvoker.invokeTestMethods(TestInvoker.java:146)
org.testng.internal.TestMethodWorker.invokeTestMethods(TestMethodWorker.java:146)
org.testng.internal.TestMethodWorker.run(TestMethodWorker.java:128)
java.base/java.util.ArrayList.forEach(ArrayList.java:1511)
org.testng.TestRunner.privateRun(TestRunner.java:794)
org.testng.TestRunner.run(TestRunner.java:596)
org.testng.SuiteRunner.runTest(SuiteRunner.java:377)
org.testng.SuiteRunner.runSequentially(SuiteRunner.java:371)
org.testng.SuiteRunner.privateRun(SuiteRunner.java:332)
org.testng.SuiteRunner.run(SuiteRunner.java:276)
org.testng.SuiteRunnerWorker.runSuite(SuiteRunnerWorker.java:53)
org.testng.SuiteRunnerWorker.run(SuiteRunnerWorker.java:96)
org.testng.TestNG.runSuitesSequentially(TestNG.java:1212)
org.testng.TestNG.runSuitesLocally(TestNG.java:1134)
org.testng.TestNG.runSuites(TestNG.java:1063)
org.testng.TestNG.run(TestNG.java:1031)
org.apache.maven.surefire.testng.TestNGExecutor.run(TestNGExecutor.java:136)
org.apache.maven.surefire.testng.TestNGDirectoryTestSuite.executeMulti(TestNGDirectoryTestSuite.java:193)
org.apache.maven.surefire.testng.TestNGDirectoryTestSuite.execute(TestNGDirectoryTestSuite.java:94)
org.apache.maven.surefire.testng.TestNGProvider.invoke(TestNGProvider.java:145)
org.apache.maven.surefire.booter.ForkedBooter.runSuitesInProcess(ForkedBooter.java:428)
org.apache.maven.surefire.booter.ForkedBooter.execute(ForkedBooter.java:162)
org.apache.maven.surefire.booter.ForkedBooter.run(ForkedBooter.java:562)
org.apache.maven.surefire.booter.ForkedBooter.main(ForkedBooter.java:548)

Caused by: org.openqa.selenium.NoSuchElementException:
For documentation on this error, please visit: https://selenium.dev/exceptions/#no_such_element
Build info: version: '4.1.1', revision: 'e8fcc2cecf'
System info: host: 'Mac-1641261353259.local', ip: '10.212.6.122', os.name: 'Mac OS X', os.arch: 'x86_64', os.version: '11.5', java.version: '17.0.1'
Driver info: org.openqa.selenium.safari.SafariDriver
Command: [DC02ECB5-6ED8-489B-8353-44F4A4FDDD16, findElement {using=tag name, value=h3}]
Capabilities {acceptInsecureCerts: false, browserName: Safari, browserVersion: 15.2, goog:loggingPrefs: {browser: ALL, client: ALL, driver: ALL, performance: ALL, profiler: ALL, server: ALL}, javascriptEnabled: true, pageLoadStrategy: normal, platform: MAC, platformName: MAC, safari:automaticInspection: false, safari:automaticProfiling: false, safari:diagnose: false, safari:platformBuildVersion: 20G314, safari:platformVersion: 11.6.2, safari:useSimulator: false, setWindowRect: true, strictFileInteractability: false, timeouts: {pageLoad: 30000, script: 30000}, webkit:WebRTC: {DisableICECandidateFiltering: false, DisableInsecureMediaCapture: false}}
Session ID: DC02ECB5-6ED8-489B-8353-44F4A4FDDD16
java.base/jdk.internal.reflect.NativeConstructorAccessorImpl.newInstance0(Native Method)
java.base/jdk.internal.reflect.NativeConstructorAccessorImpl.newInstance(NativeConstructorAccessorImpl.java:77)
java.base/jdk.internal.reflect.DelegatingConstructorAccessorImpl.newInstance(DelegatingConstructorAccessorImpl.java:45)
java.base/java.lang.reflect.Constructor.newInstanceWithCaller(Constructor.java:499)
java.base/java.lang.reflect.Constructor.newInstance(Constructor.java:480)
org.openqa.selenium.remote.codec.w3c.W3CHttpResponseCodec.createException(W3CHttpResponseCodec.java:200)
org.openqa.selenium.remote.codec.w3c.W3CHttpResponseCodec.decode(W3CHttpResponseCodec.java:133)
org.openqa.selenium.remote.codec.w3c.W3CHttpResponseCodec.decode(W3CHttpResponseCodec.java:53)
org.openqa.selenium.remote.HttpCommandExecutor.execute(HttpCommandExecutor.java:184)
org.openqa.selenium.remote.service.DriverCommandExecutor.invokeExecute(DriverCommandExecutor.java:167)
org.openqa.selenium.remote.service.DriverCommandExecutor.execute(DriverCommandExecutor.java:142)
org.openqa.selenium.remote.RemoteWebDriver.execute(RemoteWebDriver.java:543)
org.openqa.selenium.remote.ElementLocation$ElementFinder$2.findElement(ElementLocation.java:162)
org.openqa.selenium.remote.ElementLocation.findElement(ElementLocation.java:60)
org.openqa.selenium.remote.RemoteWebDriver.findElement(RemoteWebDriver.java:367)
org.openqa.selenium.remote.RemoteWebDriver.findElement(RemoteWebDriver.java:359)
com.shaft.gui.element.ElementActionsHelper.lambda$waitForElementPresence$0(ElementActionsHelper.java:66)
org.openqa.selenium.support.ui.FluentWait.until(FluentWait.java:208)
com.shaft.gui.element.ElementActionsHelper.waitForElementPresence(ElementActionsHelper.java:63)
com.shaft.gui.element.ElementActionsHelper.waitForElementPresence(ElementActionsHelper.java:37)
com.shaft.gui.element.WebDriverElementActions.getMatchingElementsCount(WebDriverElementActions.java:1468)
com.shaft.gui.element.WebDriverElementActions.getElementsCount(WebDriverElementActions.java:559)
com.shaft.gui.element.ElementActions.getElementsCount(ElementActions.java:261)
com.shaft.validation.ValidationsHelper.validateElementExists(ValidationsHelper.java:149)
com.shaft.validation.Assertions.assertElementExists(Assertions.java:118)
testPackage01.Test_NewValidationHelper.f11(Test_NewValidationHelper.java:137)
java.base/jdk.internal.reflect.NativeMethodAccessorImpl.invoke0(Native Method)
java.base/jdk.internal.reflect.NativeMethodAccessorImpl.invoke(NativeMethodAccessorImpl.java:77)
java.base/jdk.internal.reflect.DelegatingMethodAccessorImpl.invoke(DelegatingMethodAccessorImpl.java:43)
java.base/java.lang.reflect.Method.invoke(Method.java:568)
org.testng.internal.MethodInvocationHelper.invokeMethod(MethodInvocationHelper.java:133)
org.testng.internal.TestInvoker.invokeMethod(TestInvoker.java:598)
org.testng.internal.TestInvoker.invokeTestMethod(TestInvoker.java:173)
org.testng.internal.MethodRunner.runInSequence(MethodRunner.java:46)
org.testng.internal.TestInvoker$MethodInvocationAgent.invoke(TestInvoker.java:824)
org.testng.internal.TestInvoker.invokeTestMethods(TestInvoker.java:146)
org.testng.internal.TestMethodWorker.invokeTestMethods(TestMethodWorker.java:146)
org.testng.internal.TestMethodWorker.run(TestMethodWorker.java:128)
java.base/java.util.ArrayList.forEach(ArrayList.java:1511)
org.testng.TestRunner.privateRun(TestRunner.java:794)
org.testng.TestRunner.run(TestRunner.java:596)
org.testng.SuiteRunner.runTest(SuiteRunner.java:377)
org.testng.SuiteRunner.runSequentially(SuiteRunner.java:371)
org.testng.SuiteRunner.privateRun(SuiteRunner.java:332)
org.testng.SuiteRunner.run(SuiteRunner.java:276)
org.testng.SuiteRunnerWorker.runSuite(SuiteRunnerWorker.java:53)
org.testng.SuiteRunnerWorker.run(SuiteRunnerWorker.java:96)
org.testng.TestNG.runSuitesSequentially(TestNG.java:1212)
org.testng.TestNG.runSuitesLocally(TestNG.java:1134)
org.testng.TestNG.runSuites(TestNG.java:1063)
org.testng.TestNG.run(TestNG.java:1031)
org.apache.maven.surefire.testng.TestNGExecutor.run(TestNGExecutor.java:136)
org.apache.maven.surefire.testng.TestNGDirectoryTestSuite.executeMulti(TestNGDirectoryTestSuite.java:193)
org.apache.maven.surefire.testng.TestNGDirectoryTestSuite.execute(TestNGDirectoryTestSuite.java:94)
org.apache.maven.surefire.testng.TestNGProvider.invoke(TestNGProvider.java:145)
org.apache.maven.surefire.booter.ForkedBooter.runSuitesInProcess(ForkedBooter.java:428)
org.apache.maven.surefire.booter.ForkedBooter.execute(ForkedBooter.java:162)
org.apache.maven.surefire.booter.ForkedBooter.run(ForkedBooter.java:562)
org.apache.maven.surefire.booter.ForkedBooter.main(ForkedBooter.java:548) @04-01-2022 01:59:38.0850 AM
[ReportManager] org.openqa.selenium.TimeoutException:
Expected condition failed: waiting for com.shaft.gui.element.ElementActionsHelper$$Lambda$625/0x000000080113ea88@76e6e88b (tried for 5 second(s) with 1000 milliseconds interval)
org.openqa.selenium.support.ui.FluentWait.timeoutException(FluentWait.java:263)
org.openqa.selenium.support.ui.FluentWait.until(FluentWait.java:231)
com.shaft.gui.element.ElementActionsHelper.waitForElementPresence(ElementActionsHelper.java:63)
com.shaft.gui.element.ElementActionsHelper.waitForElementPresence(ElementActionsHelper.java:37)
com.shaft.gui.element.WebDriverElementActions.getMatchingElementsCount(WebDriverElementActions.java:1468)
com.shaft.gui.element.WebDriverElementActions.getElementsCount(WebDriverElementActions.java:559)
com.shaft.gui.element.ElementActions.getElementsCount(ElementActions.java:261)
com.shaft.gui.image.ScreenshotManager.internalCaptureScreenShot(ScreenshotManager.java:394)
com.shaft.gui.image.ScreenshotManager.captureScreenShot(ScreenshotManager.java:141)
com.shaft.validation.ValidationsHelper.reportValidationState(ValidationsHelper.java:823)
com.shaft.validation.ValidationsHelper.pass(ValidationsHelper.java:564)
com.shaft.validation.ValidationsHelper.validateElementExists(ValidationsHelper.java:166)
com.shaft.validation.Assertions.assertElementExists(Assertions.java:118)
testPackage01.Test_NewValidationHelper.f11(Test_NewValidationHelper.java:137)
java.base/jdk.internal.reflect.NativeMethodAccessorImpl.invoke0(Native Method)
java.base/jdk.internal.reflect.NativeMethodAccessorImpl.invoke(NativeMethodAccessorImpl.java:77)
java.base/jdk.internal.reflect.DelegatingMethodAccessorImpl.invoke(DelegatingMethodAccessorImpl.java:43)
java.base/java.lang.reflect.Method.invoke(Method.java:568)
org.testng.internal.MethodInvocationHelper.invokeMethod(MethodInvocationHelper.java:133)
org.testng.internal.TestInvoker.invokeMethod(TestInvoker.java:598)
org.testng.internal.TestInvoker.invokeTestMethod(TestInvoker.java:173)
org.testng.internal.MethodRunner.runInSequence(MethodRunner.java:46)
org.testng.internal.TestInvoker$MethodInvocationAgent.invoke(TestInvoker.java:824)
org.testng.internal.TestInvoker.invokeTestMethods(TestInvoker.java:146)
org.testng.internal.TestMethodWorker.invokeTestMethods(TestMethodWorker.java:146)
org.testng.internal.TestMethodWorker.run(TestMethodWorker.java:128)
java.base/java.util.ArrayList.forEach(ArrayList.java:1511)
org.testng.TestRunner.privateRun(TestRunner.java:794)
org.testng.TestRunner.run(TestRunner.java:596)
org.testng.SuiteRunner.runTest(SuiteRunner.java:377)
org.testng.SuiteRunner.runSequentially(SuiteRunner.java:371)
org.testng.SuiteRunner.privateRun(SuiteRunner.java:332)
org.testng.SuiteRunner.run(SuiteRunner.java:276)
org.testng.SuiteRunnerWorker.runSuite(SuiteRunnerWorker.java:53)
org.testng.SuiteRunnerWorker.run(SuiteRunnerWorker.java:96)
org.testng.TestNG.runSuitesSequentially(TestNG.java:1212)
org.testng.TestNG.runSuitesLocally(TestNG.java:1134)
org.testng.TestNG.runSuites(TestNG.java:1063)
org.testng.TestNG.run(TestNG.java:1031)
org.apache.maven.surefire.testng.TestNGExecutor.run(TestNGExecutor.java:136)
org.apache.maven.surefire.testng.TestNGDirectoryTestSuite.executeMulti(TestNGDirectoryTestSuite.java:193)
org.apache.maven.surefire.testng.TestNGDirectoryTestSuite.execute(TestNGDirectoryTestSuite.java:94)
org.apache.maven.surefire.testng.TestNGProvider.invoke(TestNGProvider.java:145)
org.apache.maven.surefire.booter.ForkedBooter.runSuitesInProcess(ForkedBooter.java:428)
org.apache.maven.surefire.booter.ForkedBooter.execute(ForkedBooter.java:162)
org.apache.maven.surefire.booter.ForkedBooter.run(ForkedBooter.java:562)
org.apache.maven.surefire.booter.ForkedBooter.main(ForkedBooter.java:548)

Caused by: org.openqa.selenium.NoSuchElementException:
For documentation on this error, please visit: https://selenium.dev/exceptions/#no_such_element
Build info: version: '4.1.1', revision: 'e8fcc2cecf'
System info: host: 'Mac-1641261353259.local', ip: '10.212.6.122', os.name: 'Mac OS X', os.arch: 'x86_64', os.version: '11.5', java.version: '17.0.1'
Driver info: org.openqa.selenium.safari.SafariDriver
Command: [DC02ECB5-6ED8-489B-8353-44F4A4FDDD16, findElement {using=tag name, value=h3}]
Capabilities {acceptInsecureCerts: false, browserName: Safari, browserVersion: 15.2, goog:loggingPrefs: {browser: ALL, client: ALL, driver: ALL, performance: ALL, profiler: ALL, server: ALL}, javascriptEnabled: true, pageLoadStrategy: normal, platform: MAC, platformName: MAC, safari:automaticInspection: false, safari:automaticProfiling: false, safari:diagnose: false, safari:platformBuildVersion: 20G314, safari:platformVersion: 11.6.2, safari:useSimulator: false, setWindowRect: true, strictFileInteractability: false, timeouts: {pageLoad: 30000, script: 30000}, webkit:WebRTC: {DisableICECandidateFiltering: false, DisableInsecureMediaCapture: false}}
Session ID: DC02ECB5-6ED8-489B-8353-44F4A4FDDD16
java.base/jdk.internal.reflect.NativeConstructorAccessorImpl.newInstance0(Native Method)
java.base/jdk.internal.reflect.NativeConstructorAccessorImpl.newInstance(NativeConstructorAccessorImpl.java:77)
java.base/jdk.internal.reflect.DelegatingConstructorAccessorImpl.newInstance(DelegatingConstructorAccessorImpl.java:45)
java.base/java.lang.reflect.Constructor.newInstanceWithCaller(Constructor.java:499)
java.base/java.lang.reflect.Constructor.newInstance(Constructor.java:480)
org.openqa.selenium.remote.codec.w3c.W3CHttpResponseCodec.createException(W3CHttpResponseCodec.java:200)
org.openqa.selenium.remote.codec.w3c.W3CHttpResponseCodec.decode(W3CHttpResponseCodec.java:133)
org.openqa.selenium.remote.codec.w3c.W3CHttpResponseCodec.decode(W3CHttpResponseCodec.java:53)
org.openqa.selenium.remote.HttpCommandExecutor.execute(HttpCommandExecutor.java:184)
org.openqa.selenium.remote.service.DriverCommandExecutor.invokeExecute(DriverCommandExecutor.java:167)
org.openqa.selenium.remote.service.DriverCommandExecutor.execute(DriverCommandExecutor.java:142)
org.openqa.selenium.remote.RemoteWebDriver.execute(RemoteWebDriver.java:543)
org.openqa.selenium.remote.ElementLocation$ElementFinder$2.findElement(ElementLocation.java:162)
org.openqa.selenium.remote.ElementLocation.findElement(ElementLocation.java:60)
org.openqa.selenium.remote.RemoteWebDriver.findElement(RemoteWebDriver.java:367)
org.openqa.selenium.remote.RemoteWebDriver.findElement(RemoteWebDriver.java:359)
com.shaft.gui.element.ElementActionsHelper.lambda$waitForElementPresence$0(ElementActionsHelper.java:66)
org.openqa.selenium.support.ui.FluentWait.until(FluentWait.java:208)
com.shaft.gui.element.ElementActionsHelper.waitForElementPresence(ElementActionsHelper.java:63)
com.shaft.gui.element.ElementActionsHelper.waitForElementPresence(ElementActionsHelper.java:37)
com.shaft.gui.element.WebDriverElementActions.getMatchingElementsCount(WebDriverElementActions.java:1468)
com.shaft.gui.element.WebDriverElementActions.getElementsCount(WebDriverElementActions.java:559)
com.shaft.gui.element.ElementActions.getElementsCount(ElementActions.java:261)
com.shaft.gui.image.ScreenshotManager.internalCaptureScreenShot(ScreenshotManager.java:394)
com.shaft.gui.image.ScreenshotManager.captureScreenShot(ScreenshotManager.java:141)
com.shaft.validation.ValidationsHelper.reportValidationState(ValidationsHelper.java:823)
com.shaft.validation.ValidationsHelper.pass(ValidationsHelper.java:564)
com.shaft.validation.ValidationsHelper.validateElementExists(ValidationsHelper.java:166)
com.shaft.validation.Assertions.assertElementExists(Assertions.java:118)
testPackage01.Test_NewValidationHelper.f11(Test_NewValidationHelper.java:137)
java.base/jdk.internal.reflect.NativeMethodAccessorImpl.invoke0(Native Method)
java.base/jdk.internal.reflect.NativeMethodAccessorImpl.invoke(NativeMethodAccessorImpl.java:77)
java.base/jdk.internal.reflect.DelegatingMethodAccessorImpl.invoke(DelegatingMethodAccessorImpl.java:43)
java.base/java.lang.reflect.Method.invoke(Method.java:568)
org.testng.internal.MethodInvocationHelper.invokeMethod(MethodInvocationHelper.java:133)
org.testng.internal.TestInvoker.invokeMethod(TestInvoker.java:598)
org.testng.internal.TestInvoker.invokeTestMethod(TestInvoker.java:173)
org.testng.internal.MethodRunner.runInSequence(MethodRunner.java:46)
org.testng.internal.TestInvoker$MethodInvocationAgent.invoke(TestInvoker.java:824)
org.testng.internal.TestInvoker.invokeTestMethods(TestInvoker.java:146)
org.testng.internal.TestMethodWorker.invokeTestMethods(TestMethodWorker.java:146)
org.testng.internal.TestMethodWorker.run(TestMethodWorker.java:128)
java.base/java.util.ArrayList.forEach(ArrayList.java:1511)
org.testng.TestRunner.privateRun(TestRunner.java:794)
org.testng.TestRunner.run(TestRunner.java:596)
org.testng.SuiteRunner.runTest(SuiteRunner.java:377)
org.testng.SuiteRunner.runSequentially(SuiteRunner.java:371)
org.testng.SuiteRunner.privateRun(SuiteRunner.java:332)
org.testng.SuiteRunner.run(SuiteRunner.java:276)
org.testng.SuiteRunnerWorker.runSuite(SuiteRunnerWorker.java:53)
org.testng.SuiteRunnerWorker.run(SuiteRunnerWorker.java:96)
org.testng.TestNG.runSuitesSequentially(TestNG.java:1212)
org.testng.TestNG.runSuitesLocally(TestNG.java:1134)
org.testng.TestNG.runSuites(TestNG.java:1063)
org.testng.TestNG.run(TestNG.java:1031)
org.apache.maven.surefire.testng.TestNGExecutor.run(TestNGExecutor.java:136)
org.apache.maven.surefire.testng.TestNGDirectoryTestSuite.executeMulti(TestNGDirectoryTestSuite.java:193)
org.apache.maven.surefire.testng.TestNGDirectoryTestSuite.execute(TestNGDirectoryTestSuite.java:94)
org.apache.maven.surefire.testng.TestNGProvider.invoke(TestNGProvider.java:145)
org.apache.maven.surefire.booter.ForkedBooter.runSuitesInProcess(ForkedBooter.java:428)
org.apache.maven.surefire.booter.ForkedBooter.execute(ForkedBooter.java:162)
org.apache.maven.surefire.booter.ForkedBooter.run(ForkedBooter.java:562)
org.apache.maven.surefire.booter.ForkedBooter.main(ForkedBooter.java:548) @04-01-2022 01:59:44.0096 AM
[ReportManager] Assertion Passed: Checking that false tag doesn't exist @04-01-2022 01:59:44.0224 AM
[ReportManager] Successfully created attachment [Screenshot - 1641261584124_f11_ValidateElementExists_passed] @04-01-2022 01:59:44.0226 AM
[ReportManager] Assertion [ValidateElementExists] PASSED. Expected [Element Should not Exist, locator 'By.tagName: h3'] and Actual [Element Doesn't Exists]. Comparison Type [EQUALS]. Validation Type [NEGATIVE]. @04-01-2022 01:59:44.0226 A
[ReportManager] Successfully Closed All Drivers. @04-01-2022 01:59:44.0395 A
[ReportManager] File Action [GetAbsolutePath] successfully performed. With the following test data [Relative Folder Path: "target/downloadedFiles/"]. @04-01-2022 01:59:44.0398 AM
[ReportManager] Attempting to run locally on: [Mac-64], [Safari], Headless Execution. @04-01-2022 01:59:44.0398 AM
[ReportManager] Successfully Opened Safari. @04-01-2022 01:59:45.0202 AM
[ReportManager] Initial window size: (800, 600) @04-01-2022 01:59:45.0237 AM
[ReportManager] Window size after SWD Maximize: (1176, 803) @04-01-2022 01:59:45.0264 AM
[ReportManager] Browser Action [MaximizeWindow] successfully performed. With the following test data [New screen size is now: (1176, 803)]. @04-01-2022 01:59:45.0265 AM
[ReportManager] Target URL: [https://the-internet.herokuapp.com/] @04-01-2022 01:59:45.0265 AM
[ReportManager] Initial URL: [] @04-01-2022 01:59:45.0306 AM
[ReportManager] Browser Action [NavigateToURL] successfully performed. With the following test data [https://the-internet.herokuapp.com/]. @04-01-2022 01:59:46.0436 A

################################################################################################################################################
Starting Execution:	[80 out of 146] test cases in the current suite
Test Method:		[testPackage01.Test_NewValidationHelper.f12]
################################################################################################################################################
[ReportManager] Loaded Shared OpenCV @04-01-2022 01:59:46.0568 AM
[ReportManager] Assertion [ValidateElementExists] FAILED. Expected [Element Should not Exist, locator 'By.tagName: h1'] and Actual [Element Exists]. Comparison Type [EQUALS]. Validation Type [NEGATIVE]. @04-01-2022 01:59:46.0667 AM
[ReportManager] Successfully created attachment [Screenshot - 1641261586568_f12_ValidateElementExists_failed] @04-01-2022 01:59:46.0668 A
[ReportManager] Successfully Closed All Drivers. @04-01-2022 01:59:46.0785 A
[ReportManager] File Action [GetAbsolutePath] successfully performed. With the following test data [Relative Folder Path: "target/downloadedFiles/"]. @04-01-2022 01:59:46.0788 AM
[ReportManager] Attempting to run locally on: [Mac-64], [Safari], Headless Execution. @04-01-2022 01:59:46.0788 AM
[ReportManager] Successfully Opened Safari. @04-01-2022 01:59:47.0649 AM
[ReportManager] Initial window size: (800, 600) @04-01-2022 01:59:47.0662 AM
[ReportManager] Window size after SWD Maximize: (1176, 803) @04-01-2022 01:59:47.0690 AM
[ReportManager] Browser Action [MaximizeWindow] successfully performed. With the following test data [New screen size is now: (1176, 803)]. @04-01-2022 01:59:47.0691 AM
[ReportManager] Target URL: [https://the-internet.herokuapp.com/] @04-01-2022 01:59:47.0691 AM
[ReportManager] Initial URL: [] @04-01-2022 01:59:47.0734 AM
[ReportManager] Browser Action [NavigateToURL] successfully performed. With the following test data [https://the-internet.herokuapp.com/]. @04-01-2022 01:59:49.0007 A

################################################################################################################################################
Starting Execution:	[81 out of 146] test cases in the current suite
Test Method:		[testPackage01.Test_NewValidationHelper.f13]
################################################################################################################################################
[ReportManager] Loaded Shared OpenCV @04-01-2022 01:59:49.0121 AM
[ReportManager] Assertion [ValidateElementExists] FAILED. Expected [Element Should not Exist, locator 'By.tagName: div'] and Actual [Element Exists but is not unique]. Comparison Type [EQUALS]. Validation Type [NEGATIVE]. @04-01-2022 01:59:49.0269 AM
[ReportManager] Successfully created attachment [Screenshot - 1641261589121_f13_ValidateElementExists_failed] @04-01-2022 01:59:49.0273 A
[ReportManager] Successfully Closed All Drivers. @04-01-2022 01:59:49.0479 A
[ReportManager] File Action [GetAbsolutePath] successfully performed. With the following test data [Relative Folder Path: "target/downloadedFiles/"]. @04-01-2022 01:59:49.0482 AM
[ReportManager] Attempting to run locally on: [Mac-64], [Safari], Headless Execution. @04-01-2022 01:59:49.0482 AM
[ReportManager] Successfully Opened Safari. @04-01-2022 01:59:50.0393 AM
[ReportManager] Initial window size: (800, 600) @04-01-2022 01:59:50.0404 AM
[ReportManager] Window size after SWD Maximize: (1176, 803) @04-01-2022 01:59:50.0434 AM
[ReportManager] Browser Action [MaximizeWindow] successfully performed. With the following test data [New screen size is now: (1176, 803)]. @04-01-2022 01:59:50.0434 AM
[ReportManager] Target URL: [https://the-internet.herokuapp.com/] @04-01-2022 01:59:50.0434 AM
[ReportManager] Initial URL: [] @04-01-2022 01:59:50.0473 AM
[ReportManager] Browser Action [NavigateToURL] successfully performed. With the following test data [https://the-internet.herokuapp.com/]. @04-01-2022 01:59:51.0614 A

################################################################################################################################################
Starting Execution:	[82 out of 146] test cases in the current suite
Test Method:		[testPackage01.Test_NewValidationHelper.f14]
################################################################################################################################################
[ReportManager] Element Action [GetText] successfully performed. With the following test data [Welcome to the-internet]. @04-01-2022 01:59:51.0699 AM
[ReportManager] Loaded Shared OpenCV @04-01-2022 01:59:51.0770 AM
[ReportManager] Assertion Passed: Asserting that the header text is correct @04-01-2022 01:59:51.0929 AM
[ReportManager] Successfully created attachment [Screenshot - 1641261591770_f14_ValidateElementAttribute_passed] @04-01-2022 01:59:51.0931 AM
[ReportManager] Assertion [ValidateElementAttribute] PASSED. Expected [Value Should be 'Welcome to the-internet' for the 'text' attribute, element locator 'By.tagName: h1'] and Actual [Welcome to the-internet]. Comparison Type [EQUALS]. Validation Type [POSITIVE]. @04-01-2022 01:59:51.0931 A
[ReportManager] Successfully Closed All Drivers. @04-01-2022 01:59:52.0073 A
[ReportManager] File Action [GetAbsolutePath] successfully performed. With the following test data [Relative Folder Path: "target/downloadedFiles/"]. @04-01-2022 01:59:52.0076 AM
[ReportManager] Attempting to run locally on: [Mac-64], [Safari], Headless Execution. @04-01-2022 01:59:52.0076 AM
[ReportManager] Successfully Opened Safari. @04-01-2022 01:59:52.0930 AM
[ReportManager] Initial window size: (800, 600) @04-01-2022 01:59:52.0939 AM
[ReportManager] Window size after SWD Maximize: (1176, 803) @04-01-2022 01:59:52.0958 AM
[ReportManager] Browser Action [MaximizeWindow] successfully performed. With the following test data [New screen size is now: (1176, 803)]. @04-01-2022 01:59:52.0959 AM
[ReportManager] Target URL: [https://the-internet.herokuapp.com/] @04-01-2022 01:59:52.0959 AM
[ReportManager] Initial URL: [] @04-01-2022 01:59:53.0018 AM
[ReportManager] Browser Action [NavigateToURL] successfully performed. With the following test data [https://the-internet.herokuapp.com/]. @04-01-2022 01:59:54.0101 A

################################################################################################################################################
Starting Execution:	[83 out of 146] test cases in the current suite
Test Method:		[testPackage01.Test_NewValidationHelper.f15]
################################################################################################################################################
[ReportManager] Element Action [GetText] successfully performed. With the following test data [Welcome to the-internet]. @04-01-2022 01:59:54.0161 AM
[ReportManager] Loaded Shared OpenCV @04-01-2022 01:59:54.0232 AM
[ReportManager] Assertion [ValidateElementAttribute] FAILED. Expected [Value Should not be 'Welcome' for the 'text' attribute, element locator 'By.tagName: h1'] and Actual [Welcome to the-internet]. Comparison Type [CONTAINS]. Validation Type [NEGATIVE]. @04-01-2022 01:59:54.0330 AM
[ReportManager] Successfully created attachment [Screenshot - 1641261594232_f15_ValidateElementAttribute_failed] @04-01-2022 01:59:54.0332 A
[ReportManager] Successfully Closed All Drivers. @04-01-2022 01:59:54.0484 A
[ReportManager] File Action [GetAbsolutePath] successfully performed. With the following test data [Relative Folder Path: "target/downloadedFiles/"]. @04-01-2022 01:59:54.0487 AM
[ReportManager] Attempting to run locally on: [Mac-64], [Safari], Headless Execution. @04-01-2022 01:59:54.0487 AM
[ReportManager] Successfully Opened Safari. @04-01-2022 01:59:55.0312 AM
[ReportManager] Initial window size: (800, 600) @04-01-2022 01:59:55.0340 AM
[ReportManager] Window size after SWD Maximize: (1176, 803) @04-01-2022 01:59:55.0354 AM
[ReportManager] Browser Action [MaximizeWindow] successfully performed. With the following test data [New screen size is now: (1176, 803)]. @04-01-2022 01:59:55.0355 AM
[ReportManager] Target URL: [https://the-internet.herokuapp.com/] @04-01-2022 01:59:55.0355 AM
[ReportManager] Initial URL: [] @04-01-2022 01:59:55.0402 AM
[ReportManager] Browser Action [NavigateToURL] successfully performed. With the following test data [https://the-internet.herokuapp.com/]. @04-01-2022 01:59:56.0564 A

################################################################################################################################################
Starting Execution:	[84 out of 146] test cases in the current suite
Test Method:		[testPackage01.Test_NewValidationHelper.f16]
################################################################################################################################################
[ReportManager] org.openqa.selenium.TimeoutException:
Expected condition failed: waiting for com.shaft.gui.element.ElementActionsHelper$$Lambda$625/0x000000080113ea88@4637b8f6 (tried for 25 second(s) with 1000 milliseconds interval)
org.openqa.selenium.support.ui.FluentWait.timeoutException(FluentWait.java:263)
org.openqa.selenium.support.ui.FluentWait.until(FluentWait.java:231)
com.shaft.gui.element.ElementActionsHelper.waitForElementPresence(ElementActionsHelper.java:63)
com.shaft.gui.element.ElementActionsHelper.waitForElementPresence(ElementActionsHelper.java:41)
com.shaft.gui.element.WebDriverElementActions.getMatchingElementsCount(WebDriverElementActions.java:1470)
com.shaft.gui.element.WebDriverElementActions.identifyUniqueElement(WebDriverElementActions.java:1518)
com.shaft.gui.element.WebDriverElementActions.identifyUniqueElement(WebDriverElementActions.java:1316)
com.shaft.gui.element.WebDriverElementActions.getText(WebDriverElementActions.java:658)
com.shaft.gui.element.ElementActions.getText(ElementActions.java:311)
com.shaft.validation.ValidationsHelper.validateElementAttribute(ValidationsHelper.java:237)
com.shaft.validation.Assertions.assertElementAttribute(Assertions.java:201)
testPackage01.Test_NewValidationHelper.f16(Test_NewValidationHelper.java:181)
java.base/jdk.internal.reflect.NativeMethodAccessorImpl.invoke0(Native Method)
java.base/jdk.internal.reflect.NativeMethodAccessorImpl.invoke(NativeMethodAccessorImpl.java:77)
java.base/jdk.internal.reflect.DelegatingMethodAccessorImpl.invoke(DelegatingMethodAccessorImpl.java:43)
java.base/java.lang.reflect.Method.invoke(Method.java:568)
org.testng.internal.MethodInvocationHelper.invokeMethod(MethodInvocationHelper.java:133)
org.testng.internal.TestInvoker.invokeMethod(TestInvoker.java:598)
org.testng.internal.TestInvoker.invokeTestMethod(TestInvoker.java:173)
org.testng.internal.MethodRunner.runInSequence(MethodRunner.java:46)
org.testng.internal.TestInvoker$MethodInvocationAgent.invoke(TestInvoker.java:824)
org.testng.internal.TestInvoker.invokeTestMethods(TestInvoker.java:146)
org.testng.internal.TestMethodWorker.invokeTestMethods(TestMethodWorker.java:146)
org.testng.internal.TestMethodWorker.run(TestMethodWorker.java:128)
java.base/java.util.ArrayList.forEach(ArrayList.java:1511)
org.testng.TestRunner.privateRun(TestRunner.java:794)
org.testng.TestRunner.run(TestRunner.java:596)
org.testng.SuiteRunner.runTest(SuiteRunner.java:377)
org.testng.SuiteRunner.runSequentially(SuiteRunner.java:371)
org.testng.SuiteRunner.privateRun(SuiteRunner.java:332)
org.testng.SuiteRunner.run(SuiteRunner.java:276)
org.testng.SuiteRunnerWorker.runSuite(SuiteRunnerWorker.java:53)
org.testng.SuiteRunnerWorker.run(SuiteRunnerWorker.java:96)
org.testng.TestNG.runSuitesSequentially(TestNG.java:1212)
org.testng.TestNG.runSuitesLocally(TestNG.java:1134)
org.testng.TestNG.runSuites(TestNG.java:1063)
org.testng.TestNG.run(TestNG.java:1031)
org.apache.maven.surefire.testng.TestNGExecutor.run(TestNGExecutor.java:136)
org.apache.maven.surefire.testng.TestNGDirectoryTestSuite.executeMulti(TestNGDirectoryTestSuite.java:193)
org.apache.maven.surefire.testng.TestNGDirectoryTestSuite.execute(TestNGDirectoryTestSuite.java:94)
org.apache.maven.surefire.testng.TestNGProvider.invoke(TestNGProvider.java:145)
org.apache.maven.surefire.booter.ForkedBooter.runSuitesInProcess(ForkedBooter.java:428)
org.apache.maven.surefire.booter.ForkedBooter.execute(ForkedBooter.java:162)
org.apache.maven.surefire.booter.ForkedBooter.run(ForkedBooter.java:562)
org.apache.maven.surefire.booter.ForkedBooter.main(ForkedBooter.java:548)

Caused by: org.openqa.selenium.NoSuchElementException:
For documentation on this error, please visit: https://selenium.dev/exceptions/#no_such_element
Build info: version: '4.1.1', revision: 'e8fcc2cecf'
System info: host: 'Mac-1641261353259.local', ip: '10.212.6.122', os.name: 'Mac OS X', os.arch: 'x86_64', os.version: '11.5', java.version: '17.0.1'
Driver info: org.openqa.selenium.safari.SafariDriver
Command: [C5D26784-6469-406A-AA75-B1A6081EC0D1, findElement {using=tag name, value=h3}]
Capabilities {acceptInsecureCerts: false, browserName: Safari, browserVersion: 15.2, goog:loggingPrefs: {browser: ALL, client: ALL, driver: ALL, performance: ALL, profiler: ALL, server: ALL}, javascriptEnabled: true, pageLoadStrategy: normal, platform: MAC, platformName: MAC, safari:automaticInspection: false, safari:automaticProfiling: false, safari:diagnose: false, safari:platformBuildVersion: 20G314, safari:platformVersion: 11.6.2, safari:useSimulator: false, setWindowRect: true, strictFileInteractability: false, timeouts: {pageLoad: 30000, script: 30000}, webkit:WebRTC: {DisableICECandidateFiltering: false, DisableInsecureMediaCapture: false}}
Session ID: C5D26784-6469-406A-AA75-B1A6081EC0D1
jdk.internal.reflect.GeneratedConstructorAccessor70.newInstance(Unknown Source)
java.base/jdk.internal.reflect.DelegatingConstructorAccessorImpl.newInstance(DelegatingConstructorAccessorImpl.java:45)
java.base/java.lang.reflect.Constructor.newInstanceWithCaller(Constructor.java:499)
java.base/java.lang.reflect.Constructor.newInstance(Constructor.java:480)
org.openqa.selenium.remote.codec.w3c.W3CHttpResponseCodec.createException(W3CHttpResponseCodec.java:200)
org.openqa.selenium.remote.codec.w3c.W3CHttpResponseCodec.decode(W3CHttpResponseCodec.java:133)
org.openqa.selenium.remote.codec.w3c.W3CHttpResponseCodec.decode(W3CHttpResponseCodec.java:53)
org.openqa.selenium.remote.HttpCommandExecutor.execute(HttpCommandExecutor.java:184)
org.openqa.selenium.remote.service.DriverCommandExecutor.invokeExecute(DriverCommandExecutor.java:167)
org.openqa.selenium.remote.service.DriverCommandExecutor.execute(DriverCommandExecutor.java:142)
org.openqa.selenium.remote.RemoteWebDriver.execute(RemoteWebDriver.java:543)
org.openqa.selenium.remote.ElementLocation$ElementFinder$2.findElement(ElementLocation.java:162)
org.openqa.selenium.remote.ElementLocation.findElement(ElementLocation.java:60)
org.openqa.selenium.remote.RemoteWebDriver.findElement(RemoteWebDriver.java:367)
org.openqa.selenium.remote.RemoteWebDriver.findElement(RemoteWebDriver.java:359)
com.shaft.gui.element.ElementActionsHelper.lambda$waitForElementPresence$0(ElementActionsHelper.java:66)
org.openqa.selenium.support.ui.FluentWait.until(FluentWait.java:208)
com.shaft.gui.element.ElementActionsHelper.waitForElementPresence(ElementActionsHelper.java:63)
com.shaft.gui.element.ElementActionsHelper.waitForElementPresence(ElementActionsHelper.java:41)
com.shaft.gui.element.WebDriverElementActions.getMatchingElementsCount(WebDriverElementActions.java:1470)
com.shaft.gui.element.WebDriverElementActions.identifyUniqueElement(WebDriverElementActions.java:1518)
com.shaft.gui.element.WebDriverElementActions.identifyUniqueElement(WebDriverElementActions.java:1316)
com.shaft.gui.element.WebDriverElementActions.getText(WebDriverElementActions.java:658)
com.shaft.gui.element.ElementActions.getText(ElementActions.java:311)
com.shaft.validation.ValidationsHelper.validateElementAttribute(ValidationsHelper.java:237)
com.shaft.validation.Assertions.assertElementAttribute(Assertions.java:201)
testPackage01.Test_NewValidationHelper.f16(Test_NewValidationHelper.java:181)
java.base/jdk.internal.reflect.NativeMethodAccessorImpl.invoke0(Native Method)
java.base/jdk.internal.reflect.NativeMethodAccessorImpl.invoke(NativeMethodAccessorImpl.java:77)
java.base/jdk.internal.reflect.DelegatingMethodAccessorImpl.invoke(DelegatingMethodAccessorImpl.java:43)
java.base/java.lang.reflect.Method.invoke(Method.java:568)
org.testng.internal.MethodInvocationHelper.invokeMethod(MethodInvocationHelper.java:133)
org.testng.internal.TestInvoker.invokeMethod(TestInvoker.java:598)
org.testng.internal.TestInvoker.invokeTestMethod(TestInvoker.java:173)
org.testng.internal.MethodRunner.runInSequence(MethodRunner.java:46)
org.testng.internal.TestInvoker$MethodInvocationAgent.invoke(TestInvoker.java:824)
org.testng.internal.TestInvoker.invokeTestMethods(TestInvoker.java:146)
org.testng.internal.TestMethodWorker.invokeTestMethods(TestMethodWorker.java:146)
org.testng.internal.TestMethodWorker.run(TestMethodWorker.java:128)
java.base/java.util.ArrayList.forEach(ArrayList.java:1511)
org.testng.TestRunner.privateRun(TestRunner.java:794)
org.testng.TestRunner.run(TestRunner.java:596)
org.testng.SuiteRunner.runTest(SuiteRunner.java:377)
org.testng.SuiteRunner.runSequentially(SuiteRunner.java:371)
org.testng.SuiteRunner.privateRun(SuiteRunner.java:332)
org.testng.SuiteRunner.run(SuiteRunner.java:276)
org.testng.SuiteRunnerWorker.runSuite(SuiteRunnerWorker.java:53)
org.testng.SuiteRunnerWorker.run(SuiteRunnerWorker.java:96)
org.testng.TestNG.runSuitesSequentially(TestNG.java:1212)
org.testng.TestNG.runSuitesLocally(TestNG.java:1134)
org.testng.TestNG.runSuites(TestNG.java:1063)
org.testng.TestNG.run(TestNG.java:1031)
org.apache.maven.surefire.testng.TestNGExecutor.run(TestNGExecutor.java:136)
org.apache.maven.surefire.testng.TestNGDirectoryTestSuite.executeMulti(TestNGDirectoryTestSuite.java:193)
org.apache.maven.surefire.testng.TestNGDirectoryTestSuite.execute(TestNGDirectoryTestSuite.java:94)
org.apache.maven.surefire.testng.TestNGProvider.invoke(TestNGProvider.java:145)
org.apache.maven.surefire.booter.ForkedBooter.runSuitesInProcess(ForkedBooter.java:428)
org.apache.maven.surefire.booter.ForkedBooter.execute(ForkedBooter.java:162)
org.apache.maven.surefire.booter.ForkedBooter.run(ForkedBooter.java:562)
org.apache.maven.surefire.booter.ForkedBooter.main(ForkedBooter.java:548) @04-01-2022 02:00:21.0673 AM
[ReportManager] Element Action [IdentifyUniqueElement] failed. With the following test data [zero elements found matching this locator "By.tagName: h3".]. @04-01-2022 02:00:21.0841 AM
[ReportManager] Successfully created attachment [Screenshot - 1641261621710_f16_IdentifyUniqueElement_failed] @04-01-2022 02:00:21.0923 AM
[ReportManager] Assertion [ValidateElementAttribute] FAILED. Expected [Value Should not be 'Welcome' for the 'text' attribute, element locator 'By.tagName: h3'] and Actual [Failed to read the desired element attribute]. Comparison Type [CONTAINS]. Validation Type [NEGATIVE]. @04-01-2022 02:00:21.0924 A
[ReportManager] Successfully Closed All Drivers. @04-01-2022 02:00:22.0097 A
[ReportManager] File Action [GetAbsolutePath] successfully performed. With the following test data [Relative Folder Path: "target/downloadedFiles/"]. @04-01-2022 02:00:22.0223 AM
[ReportManager] Attempting to run locally on: [Mac-64], [Safari], Headless Execution. @04-01-2022 02:00:22.0223 AM
[ReportManager] Successfully Opened Safari. @04-01-2022 02:00:23.0221 AM
[ReportManager] Initial window size: (800, 600) @04-01-2022 02:00:23.0237 AM
[ReportManager] Window size after SWD Maximize: (1176, 803) @04-01-2022 02:00:23.0265 AM
[ReportManager] Browser Action [MaximizeWindow] successfully performed. With the following test data [New screen size is now: (1176, 803)]. @04-01-2022 02:00:23.0265 AM
[ReportManager] Target URL: [https://the-internet.herokuapp.com/] @04-01-2022 02:00:23.0265 AM
[ReportManager] Initial URL: [] @04-01-2022 02:00:23.0336 AM
[ReportManager] Browser Action [NavigateToURL] successfully performed. With the following test data [https://the-internet.herokuapp.com/]. @04-01-2022 02:00:24.0656 A

################################################################################################################################################
Starting Execution:	[85 out of 146] test cases in the current suite
Test Method:		[testPackage01.Test_NewValidationHelper.f17]
################################################################################################################################################
[ReportManager] Attempting to getAttribute [text2] from elementLocator [By.tagName: h1]. @04-01-2022 02:00:24.0965 AM
[ReportManager] Element Action [GetAttribute] successfully performed. @04-01-2022 02:00:25.0015 AM
[ReportManager] Loaded Shared OpenCV @04-01-2022 02:00:25.0078 AM
[ReportManager] Assertion [ValidateElementAttribute] PASSED. Expected [Value Should not be 'Welcome' for the 'text2' attribute, element locator 'By.tagName: h1'] and Actual [null]. Comparison Type [CONTAINS]. Validation Type [NEGATIVE]. @04-01-2022 02:00:25.0470 AM
[ReportManager] Successfully created attachment [Screenshot - 1641261625078_f17_ValidateElementAttribute_passed] @04-01-2022 02:00:25.0591 A
[ReportManager] Successfully Closed All Drivers. @04-01-2022 02:00:26.0068 A
[ReportManager] File Action [GetAbsolutePath] successfully performed. With the following test data [Relative Folder Path: "target/downloadedFiles/"]. @04-01-2022 02:00:26.0300 AM
[ReportManager] Attempting to run locally on: [Mac-64], [Safari], Headless Execution. @04-01-2022 02:00:26.0300 AM
[ReportManager] Successfully Opened Safari. @04-01-2022 02:00:27.0281 AM
[ReportManager] Initial window size: (800, 600) @04-01-2022 02:00:27.0304 AM
[ReportManager] Window size after SWD Maximize: (1176, 803) @04-01-2022 02:00:27.0334 AM
[ReportManager] Browser Action [MaximizeWindow] successfully performed. With the following test data [New screen size is now: (1176, 803)]. @04-01-2022 02:00:27.0334 AM
[ReportManager] Target URL: [https://the-internet.herokuapp.com/] @04-01-2022 02:00:27.0334 AM
[ReportManager] Initial URL: [] @04-01-2022 02:00:27.0375 AM
[ReportManager] Browser Action [NavigateToURL] successfully performed. With the following test data [https://the-internet.herokuapp.com/]. @04-01-2022 02:00:28.0623 A

################################################################################################################################################
Starting Execution:	[86 out of 146] test cases in the current suite
Test Method:		[testPackage01.Test_NewValidationHelper.f18]
################################################################################################################################################
[ReportManager] Element Action [GetText] successfully performed. With the following test data [Welcome to the-internet]. @04-01-2022 02:00:28.0669 AM
[ReportManager] Loaded Shared OpenCV @04-01-2022 02:00:28.0744 AM
[ReportManager] Assertion [ValidateElementAttribute] PASSED. Expected [Value Should not be 'no' for the 'text' attribute, element locator 'By.tagName: h1'] and Actual [Welcome to the-internet]. Comparison Type [CONTAINS]. Validation Type [NEGATIVE]. @04-01-2022 02:00:28.0964 AM
[ReportManager] Successfully created attachment [Screenshot - 1641261628744_f18_ValidateElementAttribute_passed] @04-01-2022 02:00:28.0965 A
[ReportManager] Successfully Closed All Drivers. @04-01-2022 02:00:29.0162 A

################################################################################################################################################
Starting Execution:	[87 out of 146] test cases in the current suite
Test Method:		[testPackage01.Test_NewValidationHelper.f2]
################################################################################################################################################
[ReportManager] Assertion Failed: Checking valid user data @04-01-2022 02:00:29.0289 AM
[ReportManager] Assertion [ValidateEquals] FAILED. Expected [1] and Actual [2]. Comparison Type [EQUALS]. Validation Type [POSITIVE]. @04-01-2022 02:00:29.0289 A
[ReportManager] File Action [GetAbsolutePath] successfully performed. With the following test data [Relative Folder Path: "target/downloadedFiles/"]. @04-01-2022 02:00:29.0414 AM
[ReportManager] Attempting to run locally on: [Mac-64], [Safari], Headless Execution. @04-01-2022 02:00:29.0414 AM
[ReportManager] Successfully Opened Safari. @04-01-2022 02:00:30.0297 AM
[ReportManager] Initial window size: (800, 600) @04-01-2022 02:00:30.0325 AM
[ReportManager] Window size after SWD Maximize: (1176, 803) @04-01-2022 02:00:30.0360 AM
[ReportManager] Browser Action [MaximizeWindow] successfully performed. With the following test data [New screen size is now: (1176, 803)]. @04-01-2022 02:00:30.0360 AM
[ReportManager] Target URL: [https://the-internet.herokuapp.com/] @04-01-2022 02:00:30.0360 AM
[ReportManager] Initial URL: [] @04-01-2022 02:00:30.0408 AM
[ReportManager] Browser Action [NavigateToURL] successfully performed. With the following test data [https://the-internet.herokuapp.com/]. @04-01-2022 02:00:31.0772 A

################################################################################################################################################
Starting Execution:	[88 out of 146] test cases in the current suite
Test Method:		[testPackage01.Test_NewValidationHelper.f20]
################################################################################################################################################
[ReportManager] Element Action [GetSize] successfully performed. With the following test data [(971, 62)]. @04-01-2022 02:00:31.0822 AM
[ReportManager] Loaded Shared OpenCV @04-01-2022 02:00:31.0881 AM
[ReportManager] Assertion [ValidateElementAttribute] PASSED. Expected [Value Should not be 'a' for the 'size' attribute, element locator 'By.tagName: h1'] and Actual [(971, 62)]. Comparison Type [CONTAINS]. Validation Type [NEGATIVE]. @04-01-2022 02:00:31.0977 AM
[ReportManager] Successfully created attachment [Screenshot - 1641261631881_f20_ValidateElementAttribute_passed] @04-01-2022 02:00:31.0979 A
[ReportManager] Successfully Closed All Drivers. @04-01-2022 02:00:32.0111 A
[ReportManager] File Action [GetAbsolutePath] successfully performed. With the following test data [Relative Folder Path: "target/downloadedFiles/"]. @04-01-2022 02:00:32.0235 AM
[ReportManager] Attempting to run locally on: [Mac-64], [Safari], Headless Execution. @04-01-2022 02:00:32.0236 AM
[ReportManager] Successfully Opened Safari. @04-01-2022 02:00:33.0127 AM
[ReportManager] Initial window size: (800, 600) @04-01-2022 02:00:33.0150 AM
[ReportManager] Window size after SWD Maximize: (1176, 803) @04-01-2022 02:00:33.0191 AM
[ReportManager] Browser Action [MaximizeWindow] successfully performed. With the following test data [New screen size is now: (1176, 803)]. @04-01-2022 02:00:33.0191 AM
[ReportManager] Target URL: [https://the-internet.herokuapp.com/] @04-01-2022 02:00:33.0191 AM
[ReportManager] Initial URL: [] @04-01-2022 02:00:33.0257 AM
[ReportManager] Browser Action [NavigateToURL] successfully performed. With the following test data [https://the-internet.herokuapp.com/]. @04-01-2022 02:00:34.0503 A

################################################################################################################################################
Starting Execution:	[89 out of 146] test cases in the current suite
Test Method:		[testPackage01.Test_NewValidationHelper.f21]
################################################################################################################################################
[ReportManager] org.openqa.selenium.TimeoutException:
Expected condition failed: waiting for com.shaft.gui.element.ElementActionsHelper$$Lambda$625/0x000000080113ea88@31ad7aec (tried for 25 second(s) with 1000 milliseconds interval)
org.openqa.selenium.support.ui.FluentWait.timeoutException(FluentWait.java:263)
org.openqa.selenium.support.ui.FluentWait.until(FluentWait.java:231)
com.shaft.gui.element.ElementActionsHelper.waitForElementPresence(ElementActionsHelper.java:63)
com.shaft.gui.element.ElementActionsHelper.waitForElementPresence(ElementActionsHelper.java:41)
com.shaft.gui.element.WebDriverElementActions.getMatchingElementsCount(WebDriverElementActions.java:1470)
com.shaft.gui.element.WebDriverElementActions.identifyUniqueElement(WebDriverElementActions.java:1518)
com.shaft.gui.element.WebDriverElementActions.identifyUniqueElement(WebDriverElementActions.java:1316)
com.shaft.gui.element.WebDriverElementActions.getText(WebDriverElementActions.java:658)
com.shaft.gui.element.ElementActions.getText(ElementActions.java:311)
com.shaft.validation.ValidationsHelper.validateElementAttribute(ValidationsHelper.java:237)
com.shaft.validation.Assertions.assertElementAttribute(Assertions.java:201)
testPackage01.Test_NewValidationHelper.f21(Test_NewValidationHelper.java:210)
java.base/jdk.internal.reflect.NativeMethodAccessorImpl.invoke0(Native Method)
java.base/jdk.internal.reflect.NativeMethodAccessorImpl.invoke(NativeMethodAccessorImpl.java:77)
java.base/jdk.internal.reflect.DelegatingMethodAccessorImpl.invoke(DelegatingMethodAccessorImpl.java:43)
java.base/java.lang.reflect.Method.invoke(Method.java:568)
org.testng.internal.MethodInvocationHelper.invokeMethod(MethodInvocationHelper.java:133)
org.testng.internal.TestInvoker.invokeMethod(TestInvoker.java:598)
org.testng.internal.TestInvoker.invokeTestMethod(TestInvoker.java:173)
org.testng.internal.MethodRunner.runInSequence(MethodRunner.java:46)
org.testng.internal.TestInvoker$MethodInvocationAgent.invoke(TestInvoker.java:824)
org.testng.internal.TestInvoker.invokeTestMethods(TestInvoker.java:146)
org.testng.internal.TestMethodWorker.invokeTestMethods(TestMethodWorker.java:146)
org.testng.internal.TestMethodWorker.run(TestMethodWorker.java:128)
java.base/java.util.ArrayList.forEach(ArrayList.java:1511)
org.testng.TestRunner.privateRun(TestRunner.java:794)
org.testng.TestRunner.run(TestRunner.java:596)
org.testng.SuiteRunner.runTest(SuiteRunner.java:377)
org.testng.SuiteRunner.runSequentially(SuiteRunner.java:371)
org.testng.SuiteRunner.privateRun(SuiteRunner.java:332)
org.testng.SuiteRunner.run(SuiteRunner.java:276)
org.testng.SuiteRunnerWorker.runSuite(SuiteRunnerWorker.java:53)
org.testng.SuiteRunnerWorker.run(SuiteRunnerWorker.java:96)
org.testng.TestNG.runSuitesSequentially(TestNG.java:1212)
org.testng.TestNG.runSuitesLocally(TestNG.java:1134)
org.testng.TestNG.runSuites(TestNG.java:1063)
org.testng.TestNG.run(TestNG.java:1031)
org.apache.maven.surefire.testng.TestNGExecutor.run(TestNGExecutor.java:136)
org.apache.maven.surefire.testng.TestNGDirectoryTestSuite.executeMulti(TestNGDirectoryTestSuite.java:193)
org.apache.maven.surefire.testng.TestNGDirectoryTestSuite.execute(TestNGDirectoryTestSuite.java:94)
org.apache.maven.surefire.testng.TestNGProvider.invoke(TestNGProvider.java:145)
org.apache.maven.surefire.booter.ForkedBooter.runSuitesInProcess(ForkedBooter.java:428)
org.apache.maven.surefire.booter.ForkedBooter.execute(ForkedBooter.java:162)
org.apache.maven.surefire.booter.ForkedBooter.run(ForkedBooter.java:562)
org.apache.maven.surefire.booter.ForkedBooter.main(ForkedBooter.java:548)

Caused by: org.openqa.selenium.NoSuchElementException:
For documentation on this error, please visit: https://selenium.dev/exceptions/#no_such_element
Build info: version: '4.1.1', revision: 'e8fcc2cecf'
System info: host: 'Mac-1641261353259.local', ip: '10.212.6.122', os.name: 'Mac OS X', os.arch: 'x86_64', os.version: '11.5', java.version: '17.0.1'
Driver info: org.openqa.selenium.safari.SafariDriver
Command: [A386E1AB-2974-436D-B9DF-B88A78B9727D, findElement {using=tag name, value=h3}]
Capabilities {acceptInsecureCerts: false, browserName: Safari, browserVersion: 15.2, goog:loggingPrefs: {browser: ALL, client: ALL, driver: ALL, performance: ALL, profiler: ALL, server: ALL}, javascriptEnabled: true, pageLoadStrategy: normal, platform: MAC, platformName: MAC, safari:automaticInspection: false, safari:automaticProfiling: false, safari:diagnose: false, safari:platformBuildVersion: 20G314, safari:platformVersion: 11.6.2, safari:useSimulator: false, setWindowRect: true, strictFileInteractability: false, timeouts: {pageLoad: 30000, script: 30000}, webkit:WebRTC: {DisableICECandidateFiltering: false, DisableInsecureMediaCapture: false}}
Session ID: A386E1AB-2974-436D-B9DF-B88A78B9727D
jdk.internal.reflect.GeneratedConstructorAccessor70.newInstance(Unknown Source)
java.base/jdk.internal.reflect.DelegatingConstructorAccessorImpl.newInstance(DelegatingConstructorAccessorImpl.java:45)
java.base/java.lang.reflect.Constructor.newInstanceWithCaller(Constructor.java:499)
java.base/java.lang.reflect.Constructor.newInstance(Constructor.java:480)
org.openqa.selenium.remote.codec.w3c.W3CHttpResponseCodec.createException(W3CHttpResponseCodec.java:200)
org.openqa.selenium.remote.codec.w3c.W3CHttpResponseCodec.decode(W3CHttpResponseCodec.java:133)
org.openqa.selenium.remote.codec.w3c.W3CHttpResponseCodec.decode(W3CHttpResponseCodec.java:53)
org.openqa.selenium.remote.HttpCommandExecutor.execute(HttpCommandExecutor.java:184)
org.openqa.selenium.remote.service.DriverCommandExecutor.invokeExecute(DriverCommandExecutor.java:167)
org.openqa.selenium.remote.service.DriverCommandExecutor.execute(DriverCommandExecutor.java:142)
org.openqa.selenium.remote.RemoteWebDriver.execute(RemoteWebDriver.java:543)
org.openqa.selenium.remote.ElementLocation$ElementFinder$2.findElement(ElementLocation.java:162)
org.openqa.selenium.remote.ElementLocation.findElement(ElementLocation.java:60)
org.openqa.selenium.remote.RemoteWebDriver.findElement(RemoteWebDriver.java:367)
org.openqa.selenium.remote.RemoteWebDriver.findElement(RemoteWebDriver.java:359)
com.shaft.gui.element.ElementActionsHelper.lambda$waitForElementPresence$0(ElementActionsHelper.java:66)
org.openqa.selenium.support.ui.FluentWait.until(FluentWait.java:208)
com.shaft.gui.element.ElementActionsHelper.waitForElementPresence(ElementActionsHelper.java:63)
com.shaft.gui.element.ElementActionsHelper.waitForElementPresence(ElementActionsHelper.java:41)
com.shaft.gui.element.WebDriverElementActions.getMatchingElementsCount(WebDriverElementActions.java:1470)
com.shaft.gui.element.WebDriverElementActions.identifyUniqueElement(WebDriverElementActions.java:1518)
com.shaft.gui.element.WebDriverElementActions.identifyUniqueElement(WebDriverElementActions.java:1316)
com.shaft.gui.element.WebDriverElementActions.getText(WebDriverElementActions.java:658)
com.shaft.gui.element.ElementActions.getText(ElementActions.java:311)
com.shaft.validation.ValidationsHelper.validateElementAttribute(ValidationsHelper.java:237)
com.shaft.validation.Assertions.assertElementAttribute(Assertions.java:201)
testPackage01.Test_NewValidationHelper.f21(Test_NewValidationHelper.java:210)
java.base/jdk.internal.reflect.NativeMethodAccessorImpl.invoke0(Native Method)
java.base/jdk.internal.reflect.NativeMethodAccessorImpl.invoke(NativeMethodAccessorImpl.java:77)
java.base/jdk.internal.reflect.DelegatingMethodAccessorImpl.invoke(DelegatingMethodAccessorImpl.java:43)
java.base/java.lang.reflect.Method.invoke(Method.java:568)
org.testng.internal.MethodInvocationHelper.invokeMethod(MethodInvocationHelper.java:133)
org.testng.internal.TestInvoker.invokeMethod(TestInvoker.java:598)
org.testng.internal.TestInvoker.invokeTestMethod(TestInvoker.java:173)
org.testng.internal.MethodRunner.runInSequence(MethodRunner.java:46)
org.testng.internal.TestInvoker$MethodInvocationAgent.invoke(TestInvoker.java:824)
org.testng.internal.TestInvoker.invokeTestMethods(TestInvoker.java:146)
org.testng.internal.TestMethodWorker.invokeTestMethods(TestMethodWorker.java:146)
org.testng.internal.TestMethodWorker.run(TestMethodWorker.java:128)
java.base/java.util.ArrayList.forEach(ArrayList.java:1511)
org.testng.TestRunner.privateRun(TestRunner.java:794)
org.testng.TestRunner.run(TestRunner.java:596)
org.testng.SuiteRunner.runTest(SuiteRunner.java:377)
org.testng.SuiteRunner.runSequentially(SuiteRunner.java:371)
org.testng.SuiteRunner.privateRun(SuiteRunner.java:332)
org.testng.SuiteRunner.run(SuiteRunner.java:276)
org.testng.SuiteRunnerWorker.runSuite(SuiteRunnerWorker.java:53)
org.testng.SuiteRunnerWorker.run(SuiteRunnerWorker.java:96)
org.testng.TestNG.runSuitesSequentially(TestNG.java:1212)
org.testng.TestNG.runSuitesLocally(TestNG.java:1134)
org.testng.TestNG.runSuites(TestNG.java:1063)
org.testng.TestNG.run(TestNG.java:1031)
org.apache.maven.surefire.testng.TestNGExecutor.run(TestNGExecutor.java:136)
org.apache.maven.surefire.testng.TestNGDirectoryTestSuite.executeMulti(TestNGDirectoryTestSuite.java:193)
org.apache.maven.surefire.testng.TestNGDirectoryTestSuite.execute(TestNGDirectoryTestSuite.java:94)
org.apache.maven.surefire.testng.TestNGProvider.invoke(TestNGProvider.java:145)
org.apache.maven.surefire.booter.ForkedBooter.runSuitesInProcess(ForkedBooter.java:428)
org.apache.maven.surefire.booter.ForkedBooter.execute(ForkedBooter.java:162)
org.apache.maven.surefire.booter.ForkedBooter.run(ForkedBooter.java:562)
org.apache.maven.surefire.booter.ForkedBooter.main(ForkedBooter.java:548) @04-01-2022 02:01:00.0396 AM
[ReportManager] Element Action [IdentifyUniqueElement] failed. With the following test data [zero elements found matching this locator "By.tagName: h3".]. @04-01-2022 02:01:00.0800 AM
[ReportManager] Successfully created attachment [Screenshot - 1641261660423_f21_IdentifyUniqueElement_failed] @04-01-2022 02:01:00.0841 AM
[ReportManager] Assertion [ValidateElementAttribute] FAILED. Expected [Value Should be 'Welcome' for the 'text' attribute, element locator 'By.tagName: h3'] and Actual [Failed to read the desired element attribute]. Comparison Type [CONTAINS]. Validation Type [POSITIVE]. @04-01-2022 02:01:00.0842 A
[ReportManager] Successfully Closed All Drivers. @04-01-2022 02:01:01.0193 A
[ReportManager] File Action [GetAbsolutePath] successfully performed. With the following test data [Relative Folder Path: "target/downloadedFiles/"]. @04-01-2022 02:01:01.0317 AM
[ReportManager] Attempting to run locally on: [Mac-64], [Safari], Headless Execution. @04-01-2022 02:01:01.0317 AM
[ReportManager] Successfully Opened Safari. @04-01-2022 02:01:02.0168 AM
[ReportManager] Initial window size: (800, 600) @04-01-2022 02:01:02.0214 AM
[ReportManager] Window size after SWD Maximize: (1176, 803) @04-01-2022 02:01:02.0234 AM
[ReportManager] Browser Action [MaximizeWindow] successfully performed. With the following test data [New screen size is now: (1176, 803)]. @04-01-2022 02:01:02.0234 AM
[ReportManager] Target URL: [https://the-internet.herokuapp.com/] @04-01-2022 02:01:02.0234 AM
[ReportManager] Initial URL: [] @04-01-2022 02:01:02.0281 AM
[ReportManager] Browser Action [NavigateToURL] successfully performed. With the following test data [https://the-internet.herokuapp.com/]. @04-01-2022 02:01:04.0100 A

################################################################################################################################################
Starting Execution:	[90 out of 146] test cases in the current suite
Test Method:		[testPackage01.Test_NewValidationHelper.f22]
################################################################################################################################################
[ReportManager] Element Action [GetText] successfully performed. With the following test data [Welcome to the-internet]. @04-01-2022 02:01:04.0453 AM
[ReportManager] Loaded Shared OpenCV @04-01-2022 02:01:04.0517 AM
[ReportManager] Assertion [ValidateElementAttribute] FAILED. Expected [Value Should be 'yyy' for the 'text' attribute, element locator 'By.tagName: h1'] and Actual [Welcome to the-internet]. Comparison Type [CONTAINS]. Validation Type [POSITIVE]. @04-01-2022 02:01:04.0696 AM
[ReportManager] Successfully created attachment [Screenshot - 1641261664517_f22_ValidateElementAttribute_failed] @04-01-2022 02:01:04.0780 A
[ReportManager] Successfully Closed All Drivers. @04-01-2022 02:01:05.0069 A

################################################################################################################################################
Starting Execution:	[91 out of 146] test cases in the current suite
Test Method:		[testPackage01.Test_NewValidationHelper.f23]
################################################################################################################################################
[ReportManager] Assertion Passed: confirming that the actual is greater than or equal to the expected @04-01-2022 02:01:05.0194 AM
[ReportManager] Assertion [ValidateComparativeRelation] PASSED. Expected [1] and Actual [1]. Comparison Type [GREATER_THAN_OR_EQUALS]. Validation Type [POSITIVE]. @04-01-2022 02:01:05.0194 A

################################################################################################################################################
Starting Execution:	[92 out of 146] test cases in the current suite
Test Method:		[testPackage01.Test_NewValidationHelper.f24]
################################################################################################################################################
[ReportManager] Assertion [ValidateComparativeRelation] PASSED. Expected [1] and Actual [10]. Comparison Type [GREATER_THAN_OR_EQUALS]. Validation Type [POSITIVE]. @04-01-2022 02:01:05.0319 A

################################################################################################################################################
Starting Execution:	[93 out of 146] test cases in the current suite
Test Method:		[testPackage01.Test_NewValidationHelper.f25]
################################################################################################################################################
[ReportManager] Assertion [ValidateComparativeRelation] PASSED. Expected [1] and Actual [1]. Comparison Type [EQUALS]. Validation Type [POSITIVE]. @04-01-2022 02:01:05.0405 A

################################################################################################################################################
Starting Execution:	[94 out of 146] test cases in the current suite
Test Method:		[testPackage01.Test_NewValidationHelper.f26]
################################################################################################################################################
[ReportManager] Assertion [ValidateComparativeRelation] PASSED. Expected [1] and Actual [5]. Comparison Type [GREATER_THAN]. Validation Type [POSITIVE]. @04-01-2022 02:01:05.0409 A

################################################################################################################################################
Starting Execution:	[95 out of 146] test cases in the current suite
Test Method:		[testPackage01.Test_NewValidationHelper.f27]
################################################################################################################################################
[ReportManager] Assertion [ValidateComparativeRelation] PASSED. Expected [11] and Actual [5]. Comparison Type [LESS_THAN]. Validation Type [POSITIVE]. @04-01-2022 02:01:05.0535 A

################################################################################################################################################
Starting Execution:	[96 out of 146] test cases in the current suite
Test Method:		[testPackage01.Test_NewValidationHelper.f28]
################################################################################################################################################
[ReportManager] Assertion [ValidateComparativeRelation] PASSED. Expected [11] and Actual [5]. Comparison Type [LESS_THAN_OR_EQUALS]. Validation Type [POSITIVE]. @04-01-2022 02:01:05.0661 A

################################################################################################################################################
Starting Execution:	[97 out of 146] test cases in the current suite
Test Method:		[testPackage01.Test_NewValidationHelper.f29]
################################################################################################################################################
[ReportManager] Assertion [ValidateComparativeRelation] PASSED. Expected [11] and Actual [11]. Comparison Type [LESS_THAN_OR_EQUALS]. Validation Type [POSITIVE]. @04-01-2022 02:01:05.0867 A

################################################################################################################################################
Starting Execution:	[98 out of 146] test cases in the current suite
Test Method:		[testPackage01.Test_NewValidationHelper.f3]
################################################################################################################################################
[ReportManager] Assertion [ValidateEquals] PASSED. Expected [1] and Actual [2]. Comparison Type [EQUALS]. Validation Type [NEGATIVE]. @04-01-2022 02:01:06.0033 A

################################################################################################################################################
Starting Execution:	[99 out of 146] test cases in the current suite
Test Method:		[testPackage01.Test_NewValidationHelper.f30]
################################################################################################################################################
[ReportManager] Assertion [ValidateComparativeRelation] FAILED. Expected [-9] and Actual [11]. Comparison Type [LESS_THAN_OR_EQUALS]. Validation Type [POSITIVE]. @04-01-2022 02:01:06.0158 A

################################################################################################################################################
Starting Execution:	[100 out of 146] test cases in the current suite
Test Method:		[testPackage01.Test_NewValidationHelper.f31]
################################################################################################################################################
[ReportManager] Assertion [ValidateTrue] PASSED. Expected [TRUE] and Actual [TRUE]. Validation Type [POSITIVE]. @04-01-2022 02:01:06.0283 A

################################################################################################################################################
Starting Execution:	[101 out of 146] test cases in the current suite
Test Method:		[testPackage01.Test_NewValidationHelper.f32]
################################################################################################################################################
[ReportManager] Assertion [ValidateTrue] PASSED. Expected [FALSE] and Actual [FALSE]. Validation Type [NEGATIVE]. @04-01-2022 02:01:06.0450 A

################################################################################################################################################
Starting Execution:	[102 out of 146] test cases in the current suite
Test Method:		[testPackage01.Test_NewValidationHelper.f33]
################################################################################################################################################
[ReportManager] Assertion [ValidateTrue] FAILED. Expected [FALSE] and Actual [TRUE]. Validation Type [NEGATIVE]. @04-01-2022 02:01:06.0575 A

################################################################################################################################################
Starting Execution:	[103 out of 146] test cases in the current suite
Test Method:		[testPackage01.Test_NewValidationHelper.f34]
################################################################################################################################################
[ReportManager] Assertion [ValidateTrue] FAILED. Expected [TRUE] and Actual [FALSE]. Validation Type [POSITIVE]. @04-01-2022 02:01:06.0700 A

################################################################################################################################################
Starting Execution:	[104 out of 146] test cases in the current suite
Test Method:		[testPackage01.Test_NewValidationHelper.f35]
################################################################################################################################################
[ReportManager] File Action [DoesFileExist] successfully performed. With the following test data [File Path: "pom.xml"]. @04-01-2022 02:01:06.0823 AM
[ReportManager] Assertion [ValidateFileExists] PASSED. Expected [File 'pom.xml' should exist, after up to '1' retries] and Actual [File exists]. Validation Type [POSITIVE]. @04-01-2022 02:01:06.0828 A

################################################################################################################################################
Starting Execution:	[105 out of 146] test cases in the current suite
Test Method:		[testPackage01.Test_NewValidationHelper.f36]
################################################################################################################################################
[ReportManager] File Action [DoesFileExist] successfully performed. With the following test data [File Path: "src/test/java/testPackage01/Test_NewValidationHelper.java"]. @04-01-2022 02:01:06.0831 AM
[ReportManager] Assertion [ValidateFileExists] PASSED. Expected [File 'src/test/java/testPackage01/Test_NewValidationHelper.java' should exist, after up to '1' retries] and Actual [File exists]. Validation Type [POSITIVE]. @04-01-2022 02:01:06.0831 A

################################################################################################################################################
Starting Execution:	[106 out of 146] test cases in the current suite
Test Method:		[testPackage01.Test_NewValidationHelper.f37]
################################################################################################################################################
[ReportManager] File Action [DoesFileExist] successfully performed. With the following test data [File Path: "pom.xml"]. @04-01-2022 02:01:06.0834 AM
[ReportManager] Assertion Failed: confirming that the file does't exist after 5 retries @04-01-2022 02:01:06.0835 AM
[ReportManager] Assertion [ValidateFileExists] FAILED. Expected [File 'pom.xml' should not exist, after up to '5' retries] and Actual [File exists]. Validation Type [NEGATIVE]. @04-01-2022 02:01:06.0835 A

################################################################################################################################################
Starting Execution:	[107 out of 146] test cases in the current suite
Test Method:		[testPackage01.Test_NewValidationHelper.f3_1]
################################################################################################################################################
[ReportManager] Assertion Passed: Checking valid user data @04-01-2022 02:01:06.0838 AM
[ReportManager] Assertion [ValidateEquals] PASSED. Expected [null] and Actual [null]. Comparison Type [EQUALS]. Validation Type [POSITIVE]. @04-01-2022 02:01:06.0838 A

################################################################################################################################################
Starting Execution:	[108 out of 146] test cases in the current suite
Test Method:		[testPackage01.Test_NewValidationHelper.f4]
################################################################################################################################################
[ReportManager] Assertion [ValidateEquals] PASSED. Expected [1] and Actual [123]. Comparison Type [CONTAINS]. Validation Type [POSITIVE]. @04-01-2022 02:01:06.0841 A

################################################################################################################################################
Starting Execution:	[109 out of 146] test cases in the current suite
Test Method:		[testPackage01.Test_NewValidationHelper.f5]
################################################################################################################################################
[ReportManager] Assertion [ValidateNull] PASSED. Expected [NULL] and Actual [1]. Comparison Type [EQUALS]. Validation Type [NEGATIVE]. @04-01-2022 02:01:06.0844 A

################################################################################################################################################
Starting Execution:	[110 out of 146] test cases in the current suite
Test Method:		[testPackage01.Test_NewValidationHelper.f6]
################################################################################################################################################
[ReportManager] Assertion Failed: Making sure that null string is not equal to null object @04-01-2022 02:01:06.0848 AM
[ReportManager] Assertion [ValidateNull] FAILED. Expected [NULL] and Actual [NULL]. Comparison Type [EQUALS]. Validation Type [POSITIVE]. @04-01-2022 02:01:06.0848 A

################################################################################################################################################
Starting Execution:	[111 out of 146] test cases in the current suite
Test Method:		[testPackage01.Test_NewValidationHelper.f6_1]
################################################################################################################################################
[ReportManager] Assertion [ValidateNull] FAILED. Expected [NULL] and Actual [NULL]. Comparison Type [EQUALS]. Validation Type [NEGATIVE]. @04-01-2022 02:01:06.0853 A

################################################################################################################################################
Starting Execution:	[112 out of 146] test cases in the current suite
Test Method:		[testPackage01.Test_NewValidationHelper.f6_2]
################################################################################################################################################
[ReportManager] Assertion Failed: Making sure that null string is not equal to null object @04-01-2022 02:01:06.0856 AM
[ReportManager] Assertion [ValidateNull] FAILED. Expected [NULL] and Actual [not null]. Comparison Type [EQUALS]. Validation Type [POSITIVE]. @04-01-2022 02:01:06.0856 A

################################################################################################################################################
Starting Execution:	[113 out of 146] test cases in the current suite
Test Method:		[testPackage01.Test_NewValidationHelper.f7]
################################################################################################################################################
[ReportManager] Assertion [ValidateNull] PASSED. Expected [NULL] and Actual [NULL]. Comparison Type [EQUALS]. Validation Type [POSITIVE]. @04-01-2022 02:01:06.0861 A
[ReportManager] File Action [GetAbsolutePath] successfully performed. With the following test data [Relative Folder Path: "target/downloadedFiles/"]. @04-01-2022 02:01:06.0867 AM
[ReportManager] Attempting to run locally on: [Mac-64], [Safari], Headless Execution. @04-01-2022 02:01:06.0867 AM
[ReportManager] Successfully Opened Safari. @04-01-2022 02:01:07.0795 AM
[ReportManager] Initial window size: (800, 600) @04-01-2022 02:01:07.0821 AM
[ReportManager] Window size after SWD Maximize: (1176, 803) @04-01-2022 02:01:07.0842 AM
[ReportManager] Browser Action [MaximizeWindow] successfully performed. With the following test data [New screen size is now: (1176, 803)]. @04-01-2022 02:01:07.0843 AM
[ReportManager] Target URL: [https://the-internet.herokuapp.com/] @04-01-2022 02:01:07.0843 AM
[ReportManager] Initial URL: [] @04-01-2022 02:01:07.0898 AM
[ReportManager] Browser Action [NavigateToURL] successfully performed. With the following test data [https://the-internet.herokuapp.com/]. @04-01-2022 02:01:09.0224 A

################################################################################################################################################
Starting Execution:	[114 out of 146] test cases in the current suite
Test Method:		[testPackage01.Test_NewValidationHelper.f8]
################################################################################################################################################
[ReportManager] Loaded Shared OpenCV @04-01-2022 02:01:09.0466 AM
[ReportManager] Assertion [ValidateElementExists] PASSED. Expected [Element Should Exist, locator 'By.tagName: h1'] and Actual [Element Exists]. Comparison Type [EQUALS]. Validation Type [POSITIVE]. @04-01-2022 02:01:09.0733 AM
[ReportManager] Successfully created attachment [Screenshot - 1641261669466_f8_ValidateElementExists_passed] @04-01-2022 02:01:09.0816 A
[ReportManager] Successfully Closed All Drivers. @04-01-2022 02:01:10.0145 A
[ReportManager] File Action [GetAbsolutePath] successfully performed. With the following test data [Relative Folder Path: "target/downloadedFiles/"]. @04-01-2022 02:01:10.0228 AM
[ReportManager] Attempting to run locally on: [Mac-64], [Safari], Headless Execution. @04-01-2022 02:01:10.0229 AM
[ReportManager] An Exception Occured with this Message: Could not start a new session. Possible causes are invalid address of the remote server or browser start-up failure.. @04-01-2022 02:01:10.0461 AM
[ReportManager] Successfully created attachment [Exception Stack Trace - org.openqa.selenium.SessionNotCreatedException] @04-01-2022 02:01:10.0502 AM
[ReportManager] Driver Factory Action [createNewLocalDriverInstanceForSafari] failed. With the following test data [Failed to create a session on DESKTOP_SAFARI]. @04-01-2022 02:01:10.0503 A

################################################################################################################################################
Starting Execution:	[115 out of 146] test cases in the current suite
Test Method:		[testPackage01.Test_NewValidationHelper.f9]
###############################################################################################################################################


################################################################################################################################################
Starting Execution:	[116 out of 146] test cases in the current suite
Test Method:		[testPackage01.Test_NewValidationHelper.forceFail]
###############################################################################################################################################

################################################################################################################################################
Starting Execution:	[117 out of 146] test cases in the current suite
Test Method:		[testPackage01.Test_NewValidationHelper.forceFail2]
###############################################################################################################################################

################################################################################################################################################
Starting Execution:	[118 out of 146] test cases in the current suite
Test Method:		[testPackage01.Test_JsonActions.f]
###############################################################################################################################################

################################################################################################################################################
Starting Execution:	[119 out of 146] test cases in the current suite
Test Method:		[testPackage01.Test_JsonActions.f2]
###############################################################################################################################################

################################################################################################################################################
Starting Execution:	[120 out of 146] test cases in the current suite
Test Method:		[testPackage01.Test_sendGraphqlRequest.sendGraphqlRequestUsingMutationAndVariables]
################################################################################################################################################
[ReportManager] GraphQl Request is being Performed with the Following Parameters [Service URL: https://api.spacex.land/graphql | Request Body: {"variables":"{\"name\": \"sherlock holmes\",\"rocket\": \"221B Baker Street\"}","query":"mutation ($name: String, $rocket: String) {\n  insert_users(objects: {name: $name, rocket: $rocket}) {\n    returning {\n      name\n      rocket\n    }\n  }\n}"}] @04-01-2022 02:01:11.0483 AM
[ReportManager] Response status code: [200], status line: [HTTP/1.1 200 OK] @04-01-2022 02:01:16.0371 AM
[ReportManager] Assertion Passed: Evaluating the actual response status code against the expected one... @04-01-2022 02:01:16.0371 AM
[ReportManager] Assertion [ValidateComparativeRelation] PASSED. Expected [200] and Actual [200]. Comparison Type [EQUALS]. Validation Type [POSITIVE]. @04-01-2022 02:01:16.0371 AM
[ReportManager] API Action [PerformRequest] successfully performed. With the following test data [Request Type: "POST" | Target Status Code: "200" | Service URL: "https://api.spacex.land/graphql" | Content Type: "application/json" | Response Time: "4788ms"]. @04-01-2022 02:01:16.0399 AM
[ReportManager] Successfully created attachment [API Request - Specifications] @04-01-2022 02:01:16.0441 AM
[ReportManager] Successfully created attachment [API Request - JSON Body] @04-01-2022 02:01:16.0522 AM
[ReportManager] Successfully created attachment [API Response - JSON Body] @04-01-2022 02:01:16.0563 AM
[ReportManager] API Action [GetResponseJSONValue] successfully performed. With the following test data [data.insert_users.returning[0].name]. @04-01-2022 02:01:16.0620 AM
[ReportManager] Assertion [ValidateEquals] PASSED. Expected [sherlock holmes] and Actual [sherlock holmes]. Comparison Type [EQUALS]. Validation Type [POSITIVE]. @04-01-2022 02:01:16.0621 A

################################################################################################################################################
Starting Execution:	[121 out of 146] test cases in the current suite
Test Method:		[testPackage01.Test_sendGraphqlRequest.sendGraphqlRequestUsingQuery]
################################################################################################################################################
[ReportManager] GraphQl Request is being Performed with the Following Parameters [Service URL: https://api.spacex.land/graphql | Request Body: {"query":"{company {ceo}}"}] @04-01-2022 02:01:16.0749 AM
[ReportManager] Response status code: [200], status line: [HTTP/1.1 200 OK] @04-01-2022 02:01:17.0036 AM
[ReportManager] Assertion Passed: Evaluating the actual response status code against the expected one... @04-01-2022 02:01:17.0037 AM
[ReportManager] Assertion [ValidateComparativeRelation] PASSED. Expected [200] and Actual [200]. Comparison Type [EQUALS]. Validation Type [POSITIVE]. @04-01-2022 02:01:17.0037 AM
[ReportManager] API Action [PerformRequest] successfully performed. With the following test data [Request Type: "POST" | Target Status Code: "200" | Service URL: "https://api.spacex.land/graphql" | Content Type: "application/json" | Response Time: "282ms"]. @04-01-2022 02:01:17.0055 AM
[ReportManager] Successfully created attachment [API Request - Specifications] @04-01-2022 02:01:17.0139 AM
[ReportManager] Successfully created attachment [API Request - JSON Body] @04-01-2022 02:01:17.0180 AM
[ReportManager] Successfully created attachment [API Response - JSON Body] @04-01-2022 02:01:17.0181 AM
[ReportManager] API Action [GetResponseJSONValue] successfully performed. With the following test data [data.company.ceo]. @04-01-2022 02:01:17.0194 AM
[ReportManager] Assertion [ValidateEquals] PASSED. Expected [Elon Musk] and Actual [Elon Musk]. Comparison Type [EQUALS]. Validation Type [POSITIVE]. @04-01-2022 02:01:17.0194 A

################################################################################################################################################
Starting Execution:	[122 out of 146] test cases in the current suite
Test Method:		[testPackage01.Test_MatchJsonSchema.checkAPI_ResponseSchema]
################################################################################################################################################
[ReportManager] Response status code: [200], status line: [HTTP/1.1 200 OK] @04-01-2022 02:01:17.0443 AM
[ReportManager] Assertion Passed: Evaluating the actual response status code against the expected one... @04-01-2022 02:01:17.0443 AM
[ReportManager] Assertion [ValidateComparativeRelation] PASSED. Expected [200] and Actual [200]. Comparison Type [EQUALS]. Validation Type [POSITIVE]. @04-01-2022 02:01:17.0444 AM
[ReportManager] API Action [PerformRequest] successfully performed. With the following test data [Request Type: "GET" | Target Status Code: "200" | Service URL: "http://api.zippopotam.us/us/90210" | Content Type: "*/*" | Response Time: "118ms"]. @04-01-2022 02:01:17.0456 AM
[ReportManager] Successfully created attachment [API Request - Specifications] @04-01-2022 02:01:17.0538 AM
[ReportManager] Successfully created attachment [API Response - JSON Body] @04-01-2022 02:01:17.0579 AM
[ReportManager] File Action [GetAbsolutePath] successfully performed. With the following test data [Relative Folder Path: "src/test/resources/testDataFiles/schema.json"]. @04-01-2022 02:01:17.0580 AM
[ReportManager] File Action [GetAbsolutePath] successfully performed. With the following test data [Relative Folder Path: "/Users/runner/work/SHAFT_ENGINE/SHAFT_ENGINE/src/test/resources/testDataFiles/schema.json"]. @04-01-2022 02:01:18.0398 AM
[ReportManager] File Action [ReadFromFile] successfully performed. With the following test data [File Path: "/Users/runner/work/SHAFT_ENGINE/SHAFT_ENGINE/src/test/resources/testDataFiles/schema.json"]. @04-01-2022 02:01:18.0399 AM
[ReportManager] Assertion Passed: Then I Assert that the API response schema matches that in this file [src/test/resources/testDataFiles/schema.json]. @04-01-2022 02:01:18.0400 AM
[ReportManager] Successfully created attachment [Validation Test Data - Expected JSON Value] @04-01-2022 02:01:18.0442 AM
[ReportManager] Successfully created attachment [Validation Test Data - Actual JSON Value] @04-01-2022 02:01:18.0524 AM
[ReportManager] Assertion [ValidateResponseFileSchema] PASSED. Expected [Response data should match the JSON File in this path '/Users/runner/work/SHAFT_ENGINE/SHAFT_ENGINE/src/test/resources/testDataFiles/schema.json'] and Actual [TRUE]. Comparison Type [EQUALS]. Validation Type [POSITIVE]. @04-01-2022 02:01:18.0524 A
[ReportManager] File Action [GetAbsolutePath] successfully performed. With the following test data [Relative Folder Path: "target/downloadedFiles/"]. @04-01-2022 02:01:18.0649 AM
[ReportManager] Attempting to run locally on: [Mac-64], [Safari], Headless Execution. @04-01-2022 02:01:18.0650 AM
[ReportManager] Successfully Opened Safari. @04-01-2022 02:01:19.0835 AM
[ReportManager] Initial window size: (800, 600) @04-01-2022 02:01:19.0855 AM
[ReportManager] Window size after SWD Maximize: (1176, 803) @04-01-2022 02:01:19.0874 AM
[ReportManager] Browser Action [MaximizeWindow] successfully performed. With the following test data [New screen size is now: (1176, 803)]. @04-01-2022 02:01:19.0875 A

################################################################################################################################################
Starting Execution:	[123 out of 146] test cases in the current suite
Test Method:		[testPackage01.Test_dragAndDrop.dragAndDropJquery]
################################################################################################################################################
[ReportManager] Target URL: [https://jqueryui.com/resources/demos/droppable/default.html] @04-01-2022 02:01:20.0000 AM
[ReportManager] Initial URL: [] @04-01-2022 02:01:20.0036 AM
[ReportManager] Browser Action [NavigateToURL] successfully performed. With the following test data [https://jqueryui.com/resources/demos/droppable/default.html]. @04-01-2022 02:01:20.0619 AM
[ReportManager] Element Action [GetText] successfully performed. With the following test data [
	Drop here
]. @04-01-2022 02:01:20.0677 AM
[ReportManager] Element Action [DragAndDrop] successfully performed. With the following test data [Start point: (8, 18), End point: (8, 18)]. @04-01-2022 02:01:21.0748 AM
[ReportManager] Element Action [GetText] successfully performed. With the following test data [
	Dropped!
]. @04-01-2022 02:01:21.0808 AM
[ReportManager] Assertion Passed: Checking to see if the text has changed after performing drag and drop @04-01-2022 02:01:21.0808 AM
[ReportManager] Assertion [ValidateEquals] PASSED. Expected [
	Drop here
] and Actual [
	Dropped!
]. Comparison Type [EQUALS]. Validation Type [NEGATIVE]. @04-01-2022 02:01:21.0809 A
[ReportManager] Browser Action [CloseCurrentWindow] successfully performed. @04-01-2022 02:01:22.0317 AM
[ReportManager] Successfully created attachment [Browser Action Test Data - CloseCurrentWindow - Actual Value] @04-01-2022 02:01:22.0358 A
[ReportManager] File Action [GetAbsolutePath] successfully performed. With the following test data [Relative Folder Path: "target/downloadedFiles/"]. @04-01-2022 02:01:22.0483 AM
[ReportManager] Attempting to run locally on: [Mac-64], [Safari], Headless Execution. @04-01-2022 02:01:22.0483 AM
[ReportManager] Successfully Opened Safari. @04-01-2022 02:01:23.0313 AM
[ReportManager] Initial window size: (800, 600) @04-01-2022 02:01:23.0339 AM
[ReportManager] Window size after SWD Maximize: (1176, 803) @04-01-2022 02:01:23.0354 AM
[ReportManager] Browser Action [MaximizeWindow] successfully performed. With the following test data [New screen size is now: (1176, 803)]. @04-01-2022 02:01:23.0354 A

################################################################################################################################################
Starting Execution:	[124 out of 146] test cases in the current suite
Test Method:		[testPackage01.Test_dragAndDrop.dragAndDrop]
Test Description:	[TC001 - Test Drag and Drop function.]
################################################################################################################################################
[ReportManager] Target URL: [http://the-internet.herokuapp.com/drag_and_drop] @04-01-2022 02:01:23.0482 AM
[ReportManager] Initial URL: [] @04-01-2022 02:01:23.0512 AM
[ReportManager] Browser Action [NavigateToURL] successfully performed. With the following test data [http://the-internet.herokuapp.com/drag_and_drop]. @04-01-2022 02:01:24.0410 AM
[ReportManager] Attempting Drag and Drop @04-01-2022 02:01:24.0411 AM
[ReportManager] Element Action [DragAndDrop] successfully performed. With the following test data [Start point: (120, 89), End point: (335, 89)]. @04-01-2022 02:01:25.0163 A
[ReportManager] Browser Action [CloseCurrentWindow] successfully performed. @04-01-2022 02:01:25.0710 AM
[ReportManager] Successfully created attachment [Browser Action Test Data - CloseCurrentWindow - Actual Value] @04-01-2022 02:01:25.0752 A
[ReportManager] File Action [GetAbsolutePath] successfully performed. With the following test data [Relative Folder Path: "target/downloadedFiles/"]. @04-01-2022 02:01:25.0876 AM
[ReportManager] Attempting to run locally on: [Mac-64], [Safari], Headless Execution. @04-01-2022 02:01:25.0876 AM
[ReportManager] Successfully Opened Safari. @04-01-2022 02:01:26.0732 AM
[ReportManager] Initial window size: (800, 600) @04-01-2022 02:01:26.0757 AM
[ReportManager] Window size after SWD Maximize: (1176, 803) @04-01-2022 02:01:26.0790 AM
[ReportManager] Browser Action [MaximizeWindow] successfully performed. With the following test data [New screen size is now: (1176, 803)]. @04-01-2022 02:01:26.0790 A

################################################################################################################################################
Starting Execution:	[125 out of 146] test cases in the current suite
Test Method:		[testPackage01.Test_dragAndDrop.dragAndDropByOffset]
Test Description:	[TC002 - Test Drag and Drop by offset function.]
################################################################################################################################################
[ReportManager] Target URL: [https://jqueryui.com/resources/demos/draggable/default.html] @04-01-2022 02:01:26.0833 AM
[ReportManager] Initial URL: [] @04-01-2022 02:01:26.0864 AM
[ReportManager] Browser Action [NavigateToURL] successfully performed. With the following test data [https://jqueryui.com/resources/demos/draggable/default.html]. @04-01-2022 02:01:27.0429 AM
[ReportManager] Element Action [DragAndDropByOffset] successfully performed. With the following test data [Start point: (8, 8), End point: (108, 58)]. @04-01-2022 02:01:28.0220 A
[ReportManager] Browser Action [CloseCurrentWindow] successfully performed. @04-01-2022 02:01:28.0772 AM
[ReportManager] Successfully created attachment [Browser Action Test Data - CloseCurrentWindow - Actual Value] @04-01-2022 02:01:28.0814 A
[ReportManager] Successfully loaded the following test data file [src/test/resources/testDataFiles/testSuite01/TestData.xlsx]. @04-01-2022 02:01:28.0972 AM
[ReportManager] Successfully created attachment [Test Data - Excel] @04-01-2022 02:01:29.0054 AM
[ReportManager] File Action [GetAbsolutePath] successfully performed. With the following test data [Relative Folder Path: "target/downloadedFiles/"]. @04-01-2022 02:01:29.0054 AM
[ReportManager] Attempting to run locally on: [Mac-64], [Safari], Headless Execution. @04-01-2022 02:01:29.0054 AM
[ReportManager] Successfully Opened Safari. @04-01-2022 02:01:29.0894 AM
[ReportManager] Initial window size: (800, 600) @04-01-2022 02:01:29.0927 AM
[ReportManager] Window size after SWD Maximize: (1176, 803) @04-01-2022 02:01:29.0957 AM
[ReportManager] Browser Action [MaximizeWindow] successfully performed. With the following test data [New screen size is now: (1176, 803)]. @04-01-2022 02:01:29.0957 A

################################################################################################################################################
Starting Execution:	[126 out of 146] test cases in the current suite
Test Method:		[testPackage01.Test_google.navigateToURLandVerifyGoogleLogoIsDisplayed]
Test Description:	[TC001 - Navigate to URL and Verify Google Logo is Displayed]
################################################################################################################################################
[ReportManager] Target URL: [https://www.google.com/ncr], and after redirection: [https://www.google.com] @04-01-2022 02:01:30.0001 AM
[ReportManager] Initial URL: [] @04-01-2022 02:01:30.0040 AM
[ReportManager] Browser Action [NavigateToURL] successfully performed. With the following test data [https://www.google.com/ncr]. @04-01-2022 02:01:32.0330 AM
[ReportManager] Loaded Shared OpenCV @04-01-2022 02:01:32.0414 AM
[ReportManager] Assertion Passed: Then I Assert that the element found by [By.xpath: //*[@id='hplogo' or @alt='Google']] exists. @04-01-2022 02:01:32.0660 AM
[ReportManager] Successfully created attachment [Screenshot - 1641261692414_navigateToURLandVerifyGoogleLogoIsDisplayed_ValidateElementExists_passed] @04-01-2022 02:01:32.0702 AM
[ReportManager] Assertion [ValidateElementExists] PASSED. Expected [Element Should Exist, locator 'By.xpath: //*[@id='hplogo' or @alt='Google']'] and Actual [Element Exists]. Comparison Type [EQUALS]. Validation Type [POSITIVE]. @04-01-2022 02:01:32.0702 A

################################################################################################################################################
Starting Execution:	[127 out of 146] test cases in the current suite
Test Method:		[testPackage01.Test_google.searchForQueryandAssertResultsNumDisplayed]
Test Description:	[TC002 - Search for Query and Assert that the number of results is displayed]
################################################################################################################################################
[ReportManager] Element Action [Type] successfully performed. With the following test data [SHAFT_Engine]. @04-01-2022 02:01:33.0346 AM
[ReportManager] Element Action [KeyPress] successfully performed. With the following test data [Enter]. @04-01-2022 02:01:33.0479 AM
[ReportManager] Element Action [GetText] successfully performed. With the following test data [About 854,000 results (0.64 seconds)Â ]. @04-01-2022 02:01:35.0040 AM
[ReportManager] Loaded Shared OpenCV @04-01-2022 02:01:35.0180 AM
[ReportManager] Assertion Passed: Then I Assert that the element found by [By.id: appbar] text does not equal []. @04-01-2022 02:01:35.0463 AM
[ReportManager] Successfully created attachment [Screenshot - 1641261695180_searchForQueryandAssertResultsNumDisplayed_ValidateElementAttribute_passed] @04-01-2022 02:01:35.0547 AM
[ReportManager] Assertion [ValidateElementAttribute] PASSED. Expected [Value Should not be '' for the 'text' attribute, element locator 'By.id: appbar'] and Actual [About 854,000 results (0.64 seconds)Â ]. Comparison Type [EQUALS]. Validation Type [NEGATIVE]. @04-01-2022 02:01:35.0547 A

################################################################################################################################################
Starting Execution:	[128 out of 146] test cases in the current suite
Test Method:		[testPackage01.Test_google.clickNextThrice]
Test Description:	[TC003 - Clicks the next button to make sure that the framework can scroll element into view before clicking it]
################################################################################################################################################
[ReportManager] Element Action [Click] successfully performed. With the following test data [By.xpath: //span[text()='Next']]. @04-01-2022 02:01:35.0914 A
[ReportManager] Successfully Closed All Drivers. @04-01-2022 02:01:36.0125 A
[ReportManager] File Action [GetAbsolutePath] successfully performed. With the following test data [Relative Folder Path: "target/downloadedFiles/"]. @04-01-2022 02:01:36.0168 AM
[ReportManager] Attempting to run locally on: [Mac-64], [Safari], Headless Execution. @04-01-2022 02:01:36.0168 AM
[ReportManager] An Exception Occured with this Message: Could not start a new session. Possible causes are invalid address of the remote server or browser start-up failure.. @04-01-2022 02:01:36.0236 AM
[ReportManager] Successfully created attachment [Exception Stack Trace - org.openqa.selenium.SessionNotCreatedException] @04-01-2022 02:01:36.0277 AM
[ReportManager] Driver Factory Action [createNewLocalDriverInstanceForSafari] failed. With the following test data [Failed to create a session on DESKTOP_SAFARI]. @04-01-2022 02:01:36.0278 A

################################################################################################################################################
Starting Execution:	[129 out of 146] test cases in the current suite
Test Method:		[testPackage01.Test_chainableElementActions.chainElementActions]
###############################################################################################################################################

[ReportManager] File Action [GetAbsolutePath] successfully performed. With the following test data [Relative Folder Path: "target/downloadedFiles/"]. @04-01-2022 02:01:36.0734 AM
[ReportManager] Attempting to run locally on: [Mac-64], [Safari], Headless Execution. @04-01-2022 02:01:36.0734 AM
[ReportManager] Successfully Opened Safari. @04-01-2022 02:01:37.0599 AM
[ReportManager] Initial window size: (800, 600) @04-01-2022 02:01:37.0623 AM
[ReportManager] Window size after SWD Maximize: (1176, 803) @04-01-2022 02:01:37.0639 AM
[ReportManager] Browser Action [MaximizeWindow] successfully performed. With the following test data [New screen size is now: (1176, 803)]. @04-01-2022 02:01:37.0640 A

################################################################################################################################################
Starting Execution:	[130 out of 146] test cases in the current suite
Test Method:		[testPackage01.Test_RelativeLocators.relativeLocatorsTest1]
################################################################################################################################################
[ReportManager] Target URL: [https://duckduckgo.com/] @04-01-2022 02:01:37.0765 AM
[ReportManager] Initial URL: [] @04-01-2022 02:01:37.0794 AM
[ReportManager] Browser Action [NavigateToURL] successfully performed. With the following test data [https://duckduckgo.com/]. @04-01-2022 02:01:38.0427 AM
[ReportManager] Element Action [Type] successfully performed. With the following test data [SHAFT_Engine]. @04-01-2022 02:01:38.0718 AM
[ReportManager] Element Action [KeyPress] successfully performed. With the following test data [ENTER]. @04-01-2022 02:01:38.0790 AM
[ReportManager] Element Action [GetText] successfully performed. With the following test data [GitHub - MohabMohie/SHAFT_ENGINE: SHAFT_ENGINE is a Test ...]. @04-01-2022 02:01:40.0102 AM
[ReportManager] Loaded Shared OpenCV @04-01-2022 02:01:40.0261 AM
[ReportManager] Assertion Passed: Then I Assert that the element found by [Relative Locator: {root={xpath=//a[@class='result__a js-result-title-link']}, filters=[{kind=below, args=[{xpath=//input[@name='q']}]}]}] text does not equal []. @04-01-2022 02:01:40.0484 AM
[ReportManager] Successfully created attachment [Screenshot - 1641261700261_relativeLocatorsTest1_ValidateElementAttribute_passed] @04-01-2022 02:01:40.0572 AM
[ReportManager] Assertion [ValidateElementAttribute] PASSED. Expected [Value Should not be '' for the 'text' attribute, element locator '[unknown locator]'] and Actual [GitHub - MohabMohie/SHAFT_ENGINE: SHAFT_ENGINE is a Test ...]. Comparison Type [EQUALS]. Validation Type [NEGATIVE]. @04-01-2022 02:01:40.0572 A
[ReportManager] Browser Action [CloseCurrentWindow] successfully performed. @04-01-2022 02:01:41.0064 AM
[ReportManager] Successfully created attachment [Browser Action Test Data - CloseCurrentWindow - Actual Value] @04-01-2022 02:01:41.0105 A

################################################################################################################################################
Starting Execution:	[131 out of 146] test cases in the current suite
Test Method:		[testPackage01.Test_JsonCompareWithSpecialCharacters.specialCharacters]
################################################################################################################################################
[ReportManager] File Action [GetAbsolutePath] successfully performed. With the following test data [Relative Folder Path: "src/test/resources/testDataFiles/specialCharacters.json"]. @04-01-2022 02:01:41.0235 AM
[ReportManager] File Action [ReadFromFile] successfully performed. With the following test data [File Path: "/Users/runner/work/SHAFT_ENGINE/SHAFT_ENGINE/src/test/resources/testDataFiles/specialCharacters.json"]. @04-01-2022 02:01:41.0236 AM
[ReportManager] Successfully created attachment [File Action Actual Result - Command Log] @04-01-2022 02:01:41.0317 AM
[ReportManager] Comparing the provided API response with the file at this path "src/test/resources/testDataFiles/specialCharacters.json", comparison type "EQUALS" @04-01-2022 02:01:41.0319 AM
[ReportManager] API Action [CompareJSON] successfully performed. With the following test data [src/test/resources/testDataFiles/specialCharacters.json]. @04-01-2022 02:01:41.0328 AM
[ReportManager] File Action [GetAbsolutePath] successfully performed. With the following test data [Relative Folder Path: "src/test/resources/testDataFiles/specialCharacters.json"]. @04-01-2022 02:01:41.0328 AM
[ReportManager] File Action [ReadFromFile] successfully performed. With the following test data [File Path: "/Users/runner/work/SHAFT_ENGINE/SHAFT_ENGINE/src/test/resources/testDataFiles/specialCharacters.json"]. @04-01-2022 02:01:41.0328 AM
[ReportManager] Verification [ValidateJSONFileContent] PASSED. Expected [Response data should match the JSON File in this path 'src/test/resources/testDataFiles/specialCharacters.json'] and Actual [TRUE]. Comparison Type [EQUALS]. Validation Type [POSITIVE]. @04-01-2022 02:01:41.0336 AM
[ReportManager] Successfully created attachment [Validation Test Data - Expected JSON Value] @04-01-2022 02:01:41.0419 AM
[ReportManager] Successfully created attachment [Validation Test Data - Actual JSON Value] @04-01-2022 02:01:41.0461 A

################################################################################################################################################
Starting Execution:	[132 out of 146] test cases in the current suite
Test Method:		[testPackage01.Test_JsonCompareWithSpecialCharacters.specialCharacters_assertion]
################################################################################################################################################
[ReportManager] File Action [GetAbsolutePath] successfully performed. With the following test data [Relative Folder Path: "src/test/resources/testDataFiles/specialCharacters.json"]. @04-01-2022 02:01:41.0588 AM
[ReportManager] File Action [ReadFromFile] successfully performed. With the following test data [File Path: "/Users/runner/work/SHAFT_ENGINE/SHAFT_ENGINE/src/test/resources/testDataFiles/specialCharacters.json"]. @04-01-2022 02:01:41.0589 AM
[ReportManager] Successfully created attachment [File Action Actual Result - Command Log] @04-01-2022 02:01:41.0670 AM
[ReportManager] Comparing the provided API response with the file at this path "src/test/resources/testDataFiles/specialCharacters.json", comparison type "CONTAINS" @04-01-2022 02:01:41.0671 AM
[ReportManager] API Action [CompareJSON] successfully performed. With the following test data [src/test/resources/testDataFiles/specialCharacters.json]. @04-01-2022 02:01:41.0680 AM
[ReportManager] File Action [GetAbsolutePath] successfully performed. With the following test data [Relative Folder Path: "src/test/resources/testDataFiles/specialCharacters.json"]. @04-01-2022 02:01:41.0680 AM
[ReportManager] File Action [ReadFromFile] successfully performed. With the following test data [File Path: "/Users/runner/work/SHAFT_ENGINE/SHAFT_ENGINE/src/test/resources/testDataFiles/specialCharacters.json"]. @04-01-2022 02:01:41.0680 AM
[ReportManager] Assertion Passed: trying out the log message @04-01-2022 02:01:41.0685 AM
[ReportManager] Successfully created attachment [Validation Test Data - Expected JSON Value] @04-01-2022 02:01:41.0767 AM
[ReportManager] Successfully created attachment [Validation Test Data - Actual JSON Value] @04-01-2022 02:01:41.0809 AM
[ReportManager] Assertion [ValidateJSONFileContent] PASSED. Expected [Response data should match the JSON File in this path 'src/test/resources/testDataFiles/specialCharacters.json'] and Actual [TRUE]. Comparison Type [CONTAINS]. Validation Type [POSITIVE]. @04-01-2022 02:01:41.0809 A

################################################################################################################################################
Starting Execution:	[133 out of 146] test cases in the current suite
Test Method:		[testPackage01.Test_SkipDueToIssue.doNotSkip]
################################################################################################################################################
[ReportManager] This should not be skipped. @04-01-2022 02:01:41.0936 A

################################################################################################################################################
Starting Execution:	[134 out of 146] test cases in the current suite
Test Method:		[testPackage01.Test_SkipDueToIssue.skip]
################################################################################################################################################
[ReportManager] This should be skipped. @04-01-2022 02:01:42.0064 A

################################################################################################################################################
Starting Execution:	[135 out of 146] test cases in the current suite
Test Method:		[testPackage01.Test_SkipDueToIssue.skip2]
################################################################################################################################################
[ReportManager] This should be skipped. @04-01-2022 02:01:42.0193 A

################################################################################################################################################
Starting Execution:	[136 out of 146] test cases in the current suite
Test Method:		[testPackage01.Test_JSONFileManager.readStringFromJson]
################################################################################################################################################
[ReportManager] File Action [GetAbsolutePath] successfully performed. With the following test data [Relative Folder Path: "src/test/resources/testDataFiles/simpleJSON.json"]. @04-01-2022 02:01:42.0322 AM
[ReportManager] Successfully loaded the following test data file [src/test/resources/testDataFiles/simpleJSON.json]. @04-01-2022 02:01:42.0323 AM
[ReportManager] Successfully created attachment [Test Data - JSON] @04-01-2022 02:01:42.0404 AM
[ReportManager] File Action [GetAbsolutePath] successfully performed. With the following test data [Relative Folder Path: "src/test/resources/testDataFiles/simpleJSON.json"]. @04-01-2022 02:01:42.0406 AM
[ReportManager] Assertion [ValidateEquals] PASSED. Expected [Mohab Mohie] and Actual [Mohab Mohie]. Comparison Type [EQUALS]. Validation Type [POSITIVE]. @04-01-2022 02:01:42.0419 A
[ReportManager] File Action [GetAbsolutePath] successfully performed. With the following test data [Relative Folder Path: "target/downloadedFiles/"]. @04-01-2022 02:01:42.0544 AM
[ReportManager] Attempting to run locally on: [Mac-64], [Safari], Headless Execution. @04-01-2022 02:01:42.0544 AM
[ReportManager] Successfully Opened Safari. @04-01-2022 02:01:43.0495 AM
[ReportManager] Initial window size: (800, 600) @04-01-2022 02:01:43.0505 AM
[ReportManager] Window size after SWD Maximize: (1176, 803) @04-01-2022 02:01:43.0525 AM
[ReportManager] Browser Action [MaximizeWindow] successfully performed. With the following test data [New screen size is now: (1176, 803)]. @04-01-2022 02:01:43.0526 A

################################################################################################################################################
Starting Execution:	[137 out of 146] test cases in the current suite
Test Method:		[testPackage01.Test_assertEquals.test_assertElementAttribute]
################################################################################################################################################
[ReportManager] Target URL: [https://www.google.com/ncr], and after redirection: [https://www.google.com] @04-01-2022 02:01:43.0569 AM
[ReportManager] Initial URL: [] @04-01-2022 02:01:43.0611 AM
[ReportManager] Browser Action [NavigateToURL] successfully performed. With the following test data [https://www.google.com/ncr]. @04-01-2022 02:01:45.0469 AM
[ReportManager] Element Action [Type] successfully performed. With the following test data [INC_004010050:Another SCHEDULER with the same name [Duplicate Job Name] already exists.]. @04-01-2022 02:01:46.0355 AM
[ReportManager] Element Action [GetText] successfully performed. With the following test data [INC_004010050:Another SCHEDULER with the same name [Duplicate Job Name] already exists.]. @04-01-2022 02:01:46.0449 AM
[ReportManager] Loaded Shared OpenCV @04-01-2022 02:01:46.0528 AM
[ReportManager] Assertion [ValidateElementAttribute] PASSED. Expected [Value Should be 'INC_004010050:Another SCHEDULER with the same name \[Duplicate Job Name\] already exists.' for the 'text' attribute, element locator 'By.name: q'] and Actual [INC_004010050:Another SCHEDULER with the same name [Duplicate Job Name] already exists.]. Comparison Type [MATCHES]. Validation Type [POSITIVE]. @04-01-2022 02:01:46.0783 AM
[ReportManager] Successfully created attachment [Screenshot - 1641261706528_test_assertElementAttribute_ValidateElementAttribute_passed] @04-01-2022 02:01:46.0865 A
[ReportManager] Browser Action [CloseCurrentWindow] successfully performed. @04-01-2022 02:01:47.0273 AM
[ReportManager] Successfully created attachment [Browser Action Test Data - CloseCurrentWindow - Actual Value] @04-01-2022 02:01:47.0314 A
[ReportManager] File Action [GetAbsolutePath] successfully performed. With the following test data [Relative Folder Path: "target/downloadedFiles/"]. @04-01-2022 02:01:47.0397 AM
[ReportManager] Attempting to run locally on: [Mac-64], [Safari], Headless Execution. @04-01-2022 02:01:47.0397 AM
[ReportManager] Successfully Opened Safari. @04-01-2022 02:01:48.0325 AM
[ReportManager] Initial window size: (800, 600) @04-01-2022 02:01:48.0346 AM
[ReportManager] Window size after SWD Maximize: (1176, 803) @04-01-2022 02:01:48.0366 AM
[ReportManager] Browser Action [MaximizeWindow] successfully performed. With the following test data [New screen size is now: (1176, 803)]. @04-01-2022 02:01:48.0366 A

################################################################################################################################################
Starting Execution:	[138 out of 146] test cases in the current suite
Test Method:		[testPackage01.Test_IsElementClickable.testIsElementClickable]
################################################################################################################################################
[ReportManager] Target URL: [https://the-internet.herokuapp.com/] @04-01-2022 02:01:48.0498 AM
[ReportManager] Initial URL: [] @04-01-2022 02:01:48.0547 AM
[ReportManager] Browser Action [NavigateToURL] successfully performed. With the following test data [https://the-internet.herokuapp.com/]. @04-01-2022 02:01:49.0750 AM
[ReportManager] Element Action [IsElementClickable] successfully performed. @04-01-2022 02:01:49.0837 AM
[ReportManager] Assertion [ValidateTrue] PASSED. Expected [TRUE] and Actual [TRUE]. Validation Type [POSITIVE]. @04-01-2022 02:01:49.0838 A
[ReportManager] Browser Action [CloseCurrentWindow] successfully performed. @04-01-2022 02:01:50.0145 AM
[ReportManager] Successfully created attachment [Browser Action Test Data - CloseCurrentWindow - Actual Value] @04-01-2022 02:01:50.0187 A
[ReportManager] Successfully loaded the following test data file [src/test/resources/testDataFiles/testSuite01/TestData.xlsx]. @04-01-2022 02:01:50.0344 AM
[ReportManager] Successfully created attachment [Test Data - Excel] @04-01-2022 02:01:50.0344 AM
[ReportManager] Attempting to run using Playwright locally on: [Mac-64], [Safari], Headless Execution. @04-01-2022 02:03:27.0103 AM
[ReportManager] File Action [GetAbsolutePath] successfully performed. With the following test data [Relative Folder Path: "target/downloadedFiles/"]. @04-01-2022 02:03:27.0105 AM
[ReportManager] Initial window size: (1280, 720) @04-01-2022 02:03:32.0671 AM
[ReportManager] Window size after Toolkit: com.microsoft.playwright.options.ViewportSize@5549c878 @04-01-2022 02:03:32.0681 AM
[ReportManager] Browser Action [MaximizeWindow] successfully performed. With the following test data [New screen size is now: (1920, 1080)]. @04-01-2022 02:03:32.0682 A

################################################################################################################################################
Starting Execution:	[139 out of 146] test cases in the current suite
Test Method:		[testPackage01.Test_google_playwright.navigateToURLandVerifyGoogleLogoIsDisplayed]
Test Description:	[TC001 - Navigate to URL and Verify Google Logo is Displayed]
################################################################################################################################################
[ReportManager] Target URL: [https://www.google.com/ncr], and after redirection: [https://www.google.com] @04-01-2022 02:03:32.0830 AM
[ReportManager] Initial URL: [about:blank] @04-01-2022 02:03:33.0152 AM
[ReportManager] Browser Action [NavigateToURL] successfully performed. With the following test data [https://www.google.com/ncr]. @04-01-2022 02:03:36.0402 AM
[ReportManager] Loaded Shared OpenCV @04-01-2022 02:03:36.0501 AM
[ReportManager] Assertion [ValidateElementExists] PASSED. Expected [Element Should Exist, locator 'xpath=//*[@id='hplogo' or @alt='Google']'] and Actual [Element Exists]. Comparison Type [EQUALS]. Validation Type [POSITIVE]. @04-01-2022 02:03:36.0674 AM
[ReportManager] Successfully created attachment [Screenshot - 1641261816497_navigateToURLandVerifyGoogleLogoIsDisplayed_ValidateElementExists_passed] @04-01-2022 02:03:36.0675 A

################################################################################################################################################
Starting Execution:	[140 out of 146] test cases in the current suite
Test Method:		[testPackage01.Test_google_playwright.searchForQueryandAssertResultsNumDisplayed]
Test Description:	[TC002 - Search for Query and Assert that the number of results is displayed]
################################################################################################################################################
[ReportManager] Element Action [Type] successfully performed. With the following test data [SHAFT_Engine]. @04-01-2022 02:03:36.0850 AM
[ReportManager] Element Action [KeyPress] successfully performed. With the following test data [Enter]. @04-01-2022 02:03:36.0896 AM
[ReportManager] Element Action [GetText] successfully performed. With the following test data [About 854,000 results (0.57 seconds)Â 
]. @04-01-2022 02:03:37.0845 AM
[ReportManager] Loaded Shared OpenCV @04-01-2022 02:03:40.0181 AM
[ReportManager] Assertion [ValidateElementAttribute] PASSED. Expected [Value Should not be '' for the 'text' attribute, element locator 'xpath=//div[@id='appbar']'] and Actual [About 854,000 results (0.57 seconds)Â 
]. Comparison Type [EQUALS]. Validation Type [NEGATIVE]. @04-01-2022 02:03:40.0377 AM
[ReportManager] Successfully created attachment [Screenshot - 1641261820179_searchForQueryandAssertResultsNumDisplayed_ValidateElementAttribute_passed] @04-01-2022 02:03:40.0379 A

################################################################################################################################################
Starting Execution:	[141 out of 146] test cases in the current suite
Test Method:		[testPackage01.Test_google_playwright.clickNextThrice]
Test Description:	[TC003 - Clicks the next button to make sure that the framework can scroll element into view before clicking it]
################################################################################################################################################
[ReportManager] Element Action [Click] successfully performed. With the following test data [Next]. @04-01-2022 02:03:40.0810 A
[ReportManager] Failed to find video recording. @04-01-2022 02:03:40.0812 AM
[ReportManager] Successfully Closed PlayWright Driver. @04-01-2022 02:03:40.0859 A
[ReportManager] File Action [GetAbsolutePath] successfully performed. With the following test data [Relative Folder Path: "target/downloadedFiles/"]. @04-01-2022 02:03:40.0861 AM
[ReportManager] Attempting to run locally on: [Mac-64], [Safari], Headless Execution. @04-01-2022 02:03:40.0861 AM
[ReportManager] Successfully Opened Safari. @04-01-2022 02:03:41.0711 AM
[ReportManager] Initial window size: (800, 600) @04-01-2022 02:03:41.0733 AM
[ReportManager] Window size after SWD Maximize: (1176, 803) @04-01-2022 02:03:41.0764 AM
[ReportManager] Browser Action [MaximizeWindow] successfully performed. With the following test data [New screen size is now: (1176, 803)]. @04-01-2022 02:03:41.0764 A

################################################################################################################################################
Starting Execution:	[142 out of 146] test cases in the current suite
Test Method:		[testPackage01.Test_verifyEquals.test_assertElementAttribute]
################################################################################################################################################
[ReportManager] Target URL: [https://www.google.com/ncr], and after redirection: [https://www.google.com] @04-01-2022 02:03:41.0766 AM
[ReportManager] Initial URL: [] @04-01-2022 02:03:41.0812 AM
[ReportManager] Browser Action [NavigateToURL] successfully performed. With the following test data [https://www.google.com/ncr]. @04-01-2022 02:03:43.0602 AM
[ReportManager] Element Action [Type] successfully performed. With the following test data [INC_004010050:Another SCHEDULER with the same name [Duplicate Job Name] already exists.]. @04-01-2022 02:03:44.0454 AM
[ReportManager] Element Action [GetText] successfully performed. With the following test data [INC_004010050:Another SCHEDULER with the same name [Duplicate Job Name] already exists.]. @04-01-2022 02:03:44.0576 AM
[ReportManager] Loaded Shared OpenCV @04-01-2022 02:03:44.0643 AM
[ReportManager] Verification [ValidateElementAttribute] PASSED. Expected [Value Should be 'INC_004010050:Another SCHEDULER with the same name \[Duplicate Job Name\] already exists.' for the 'text' attribute, element locator 'By.name: q'] and Actual [INC_004010050:Another SCHEDULER with the same name [Duplicate Job Name] already exists.]. Comparison Type [MATCHES]. Validation Type [POSITIVE]. @04-01-2022 02:03:44.0758 AM
[ReportManager] Successfully created attachment [Screenshot - 1641261824643_test_assertElementAttribute_ValidateElementAttribute_passed] @04-01-2022 02:03:44.0763 A
[ReportManager] Browser Action [CloseCurrentWindow] successfully performed. @04-01-2022 02:03:44.0966 AM
[ReportManager] Successfully created attachment [Browser Action Test Data - CloseCurrentWindow - Actual Value] @04-01-2022 02:03:44.0967 A

################################################################################################################################################
Starting Execution:	[143 out of 146] test cases in the current suite
Test Method:		[testPackage01.Test_SelectedValue.multipleSelect]
################################################################################################################################################
[ReportManager] File Action [GetAbsolutePath] successfully performed. With the following test data [Relative Folder Path: "target/downloadedFiles/"]. @04-01-2022 02:03:44.0969 AM
[ReportManager] Attempting to run locally on: [Mac-64], [GoogleChrome], Headless Execution. @04-01-2022 02:03:44.0971 AM
[ReportManager] Identifying OS/Driver combination and selecting the correct driver version automatically. Please note that if a new driver executable will be downloaded it may take some time... @04-01-2022 02:03:44.0972 AM
[ReportManager] Successfully Opened Google Chrome. @04-01-2022 02:03:48.0292 AM
[ReportManager] Initial window size: (1920, 1080) @04-01-2022 02:03:48.0296 AM
[ReportManager] Window size after SWD Maximize: (1920, 1080) @04-01-2022 02:03:48.0413 AM
[ReportManager] Window size after Toolkit: (1920, 1080) @04-01-2022 02:03:49.0069 AM
[ReportManager] Browser Action [MaximizeWindow] successfully performed. With the following test data [New screen size is now: (1920, 1080)]. @04-01-2022 02:03:49.0072 AM
[ReportManager] Target URL: [https://yari-demos.prod.mdn.mozit.cloud/en-US/docs/Web/HTML/Element/select/_sample_.Advanced_select_with_multiple_features.html] @04-01-2022 02:03:49.0073 AM
[ReportManager] Initial URL: [data:,] @04-01-2022 02:03:49.0108 AM
[ReportManager] Browser Action [NavigateToURL] successfully performed. With the following test data [https://yari-demos.prod.mdn.mozit.cloud/en-US/docs/Web/HTML/Element/select/_sample_.Advanced_select_with_multiple_features.html]. @04-01-2022 02:03:49.0626 AM
[ReportManager] Element Action [Select] successfully performed. With the following test data [Dog]. @04-01-2022 02:03:49.0826 AM
[ReportManager] Element Action [Select] successfully performed. With the following test data [Cat]. @04-01-2022 02:03:49.0980 AM
[ReportManager] Element Action [GetSelectedText] successfully performed. With the following test data [DogCat]. @04-01-2022 02:03:50.0155 AM
[ReportManager] DogCat @04-01-2022 02:03:50.0155 AM
[ReportManager] Element Action [GetSelectedText] successfully performed. With the following test data [DogCat]. @04-01-2022 02:03:50.0246 AM
[ReportManager] Loaded Shared OpenCV @04-01-2022 02:03:50.0509 AM
[ReportManager] Assertion [ValidateElementAttribute] PASSED. Expected [Value Should be 'DogCat' for the 'selectedText' attribute, element locator 'By.tagName: select'] and Actual [DogCat]. Comparison Type [EQUALS]. Validation Type [POSITIVE]. @04-01-2022 02:03:50.0677 AM
[ReportManager] Successfully created attachment [Screenshot - 1641261830509_multipleSelect_ValidateElementAttribute_passed] @04-01-2022 02:03:50.0678 AM
[ReportManager] Browser Action [CloseCurrentWindow] successfully performed. @04-01-2022 02:03:50.0939 AM
[ReportManager] Successfully created attachment [Browser Action Test Data - CloseCurrentWindow - Actual Value] @04-01-2022 02:03:50.0940 A

################################################################################################################################################
Starting Execution:	[144 out of 146] test cases in the current suite
Test Method:		[testPackage01.Test_SelectedValue.simpleSelect]
################################################################################################################################################
[ReportManager] File Action [GetAbsolutePath] successfully performed. With the following test data [Relative Folder Path: "target/downloadedFiles/"]. @04-01-2022 02:03:50.0944 AM
[ReportManager] Attempting to run locally on: [Mac-64], [GoogleChrome], Headless Execution. @04-01-2022 02:03:50.0944 AM
[ReportManager] Identifying OS/Driver combination and selecting the correct driver version automatically. Please note that if a new driver executable will be downloaded it may take some time... @04-01-2022 02:03:50.0944 AM
[ReportManager] Successfully Opened Google Chrome. @04-01-2022 02:03:51.0480 AM
[ReportManager] Initial window size: (1920, 1080) @04-01-2022 02:03:51.0493 AM
[ReportManager] Window size after SWD Maximize: (1920, 1080) @04-01-2022 02:03:51.0709 AM
[ReportManager] Window size after Toolkit: (1920, 1080) @04-01-2022 02:03:52.0318 AM
[ReportManager] Browser Action [MaximizeWindow] successfully performed. With the following test data [New screen size is now: (1920, 1080)]. @04-01-2022 02:03:52.0321 AM
[ReportManager] Target URL: [https://yari-demos.prod.mdn.mozit.cloud/en-US/docs/Web/HTML/Element/select/_sample_.Basic_select.html] @04-01-2022 02:03:52.0321 AM
[ReportManager] Initial URL: [data:,] @04-01-2022 02:03:52.0352 AM
[ReportManager] Browser Action [NavigateToURL] successfully performed. With the following test data [https://yari-demos.prod.mdn.mozit.cloud/en-US/docs/Web/HTML/Element/select/_sample_.Basic_select.html]. @04-01-2022 02:03:52.0611 AM
[ReportManager] Element Action [Select] successfully performed. With the following test data [Third Value]. @04-01-2022 02:03:52.0867 AM
[ReportManager] Element Action [GetSelectedText] successfully performed. With the following test data [Third Value]. @04-01-2022 02:03:52.0944 AM
[ReportManager] Third Value @04-01-2022 02:03:52.0945 AM
[ReportManager] Element Action [GetSelectedText] successfully performed. With the following test data [Third Value]. @04-01-2022 02:03:53.0015 AM
[ReportManager] Loaded Shared OpenCV @04-01-2022 02:03:53.0370 AM
[ReportManager] Assertion [ValidateElementAttribute] PASSED. Expected [Value Should be 'Third Value' for the 'selectedText' attribute, element locator 'By.tagName: select'] and Actual [Third Value]. Comparison Type [EQUALS]. Validation Type [POSITIVE]. @04-01-2022 02:03:53.0533 AM
[ReportManager] Successfully created attachment [Screenshot - 1641261833370_simpleSelect_ValidateElementAttribute_passed] @04-01-2022 02:03:53.0534 AM
[ReportManager] Browser Action [CloseCurrentWindow] successfully performed. @04-01-2022 02:03:53.0873 AM
[ReportManager] Successfully created attachment [Browser Action Test Data - CloseCurrentWindow - Actual Value] @04-01-2022 02:03:53.0874 A
[ReportManager] File Action [GetAbsolutePath] successfully performed. With the following test data [Relative Folder Path: "target/downloadedFiles/"]. @04-01-2022 02:03:53.0876 AM
[ReportManager] Attempting to run locally on: [Mac-64], [Safari], Headless Execution. @04-01-2022 02:03:53.0876 AM
[ReportManager] Successfully Opened Safari. @04-01-2022 02:03:54.0741 AM
[ReportManager] Initial window size: (800, 600) @04-01-2022 02:03:54.0799 AM
[ReportManager] Window size after SWD Maximize: (1176, 803) @04-01-2022 02:03:54.0848 AM
[ReportManager] Browser Action [MaximizeWindow] successfully performed. With the following test data [New screen size is now: (1176, 803)]. @04-01-2022 02:03:54.0848 A

################################################################################################################################################
Starting Execution:	[145 out of 146] test cases in the current suite
Test Method:		[testPackage01.Test_dynamicLoading.dynamicLoading_elementIsHidden]
################################################################################################################################################
[ReportManager] Target URL: [https://the-internet.herokuapp.com/dynamic_loading/1] @04-01-2022 02:03:54.0851 AM
[ReportManager] Initial URL: [] @04-01-2022 02:03:54.0896 AM
[ReportManager] Browser Action [NavigateToURL] successfully performed. With the following test data [https://the-internet.herokuapp.com/dynamic_loading/1]. @04-01-2022 02:03:56.0319 AM
[ReportManager] Element Action [Click] successfully performed. With the following test data [By.xpath: //button[text()='Start']]. @04-01-2022 02:03:56.0526 AM
[ReportManager] Element Action [GetText] successfully performed. With the following test data [
    Hello World!
  ]. @04-01-2022 02:03:56.0601 A
[ReportManager] Browser Action [CloseCurrentWindow] successfully performed. @04-01-2022 02:03:57.0066 AM
[ReportManager] Successfully created attachment [Browser Action Test Data - CloseCurrentWindow - Actual Value] @04-01-2022 02:03:57.0067 A
[ReportManager] File Action [GetAbsolutePath] successfully performed. With the following test data [Relative Folder Path: "target/downloadedFiles/"]. @04-01-2022 02:03:57.0069 AM
[ReportManager] Attempting to run locally on: [Mac-64], [Safari], Headless Execution. @04-01-2022 02:03:57.0069 AM
[ReportManager] Successfully Opened Safari. @04-01-2022 02:03:58.0260 AM
[ReportManager] Initial window size: (800, 600) @04-01-2022 02:03:58.0266 AM
[ReportManager] Window size after SWD Maximize: (1176, 803) @04-01-2022 02:03:58.0306 AM
[ReportManager] Browser Action [MaximizeWindow] successfully performed. With the following test data [New screen size is now: (1176, 803)]. @04-01-2022 02:03:58.0307 A

################################################################################################################################################
Starting Execution:	[146 out of 146] test cases in the current suite
Test Method:		[testPackage01.Test_dynamicLoading.dynamicLoading_elementIsRendered]
################################################################################################################################################
[ReportManager] Target URL: [https://the-internet.herokuapp.com/dynamic_loading/2] @04-01-2022 02:03:58.0311 AM
[ReportManager] Initial URL: [] @04-01-2022 02:03:58.0368 AM
[ReportManager] Browser Action [NavigateToURL] successfully performed. With the following test data [https://the-internet.herokuapp.com/dynamic_loading/2]. @04-01-2022 02:03:59.0722 AM
[ReportManager] Element Action [Click] successfully performed. With the following test data [By.xpath: //button[text()='Start']]. @04-01-2022 02:04:00.0038 AM
[ReportManager] Element Action [GetText] successfully performed. With the following test data [Hello World!]. @04-01-2022 02:04:05.0483 AM
[ReportManager] Loaded Shared OpenCV @04-01-2022 02:04:05.0541 AM
[ReportManager] Assertion [ValidateElementAttribute] PASSED. Expected [Value Should be 'Hello World!' for the 'text' attribute, element locator 'By.id: finish'] and Actual [Hello World!]. Comparison Type [CONTAINS]. Validation Type [POSITIVE]. @04-01-2022 02:04:05.0677 AM
[ReportManager] Successfully created attachment [Screenshot - 1641261845540_dynamicLoading_elementIsRendered_ValidateElementAttribute_passed] @04-01-2022 02:04:05.0678 A
[ReportManager] Browser Action [CloseCurrentWindow] successfully performed. @04-01-2022 02:04:05.0988 AM
[ReportManager] Successfully created attachment [Browser Action Test Data - CloseCurrentWindow - Actual Value] @04-01-2022 02:04:05.0988 A
[ReportManager] Successfully created attachment [SHAFT Engine Logs - Execution log] @04-01-2022 02:04:06.0017 AM

################################################################################################################################################
This test run was powered by SHAFT Engine Version: [SHAFT Engine v5.4.20211202-BETA]
SHAFT Engine is licensed under the MIT License: [https://github.com/MohabMohie/SHAFT_ENGINE/blob/master/LICENSE].
################################################################################################################################################