################################################################################################################################################
Detected SHAFT Engine Version: [SHAFT Engine v5.4.20211030-BETA]
################################################################################################################################################
[ReportManager] File Action [GetAbsolutePath] successfully performed. With the following test data [Relative Folder Path: "target/downloadedFiles/"]. @02-11-2021 01:55:03.0596 AM
[ReportManager] Attempting to run locally on: [Mac-64], [Safari], Headless Execution. @02-11-2021 01:55:03.0614 AM
[ReportManager] Successfully Opened Safari. @02-11-2021 01:55:08.0369 AM
[ReportManager] Initial window size: (800, 600) @02-11-2021 01:55:08.0395 AM
[ReportManager] Window size after SWD Maximize: (1176, 810) @02-11-2021 01:55:08.0446 AM
[ReportManager] Browser Action [MaximizeWindow] successfully performed. With the following test data [New screen size is now: (1176, 810)]. @02-11-2021 01:55:08.0447 A

################################################################################################################################################
Starting Execution:	[1 out of 143] test cases in the current suite
Test Method:		[unitTests.tests_element_elementActions.waitForElementToBePresent_false_expectedToFail]
################################################################################################################################################
[ReportManager] Target URL: [https://www.google.com/ncr], and after redirection: [www.google.com] @02-11-2021 01:55:08.0603 AM
[ReportManager] Initial URL: [] @02-11-2021 01:55:08.0667 AM
[ReportManager] Browser Action [NavigateToURL] successfully performed. With the following test data [https://www.google.com/ncr]. @02-11-2021 01:55:09.0962 AM
[ReportManager] Waiting for element to be present; elementLocator [By.xpath: //*[@id='hplogo' or @alt='Google']], numberOfTries[1], stateOfPresence[false]... @02-11-2021 01:55:09.0971 AM
[ReportManager] Element Action [WaitForElementToBePresent] failed. With the following test data [waited for the element's state of presence to be (false). Element locator (By.xpath: //*[@id='hplogo' or @alt='Google'])]. @02-11-2021 01:55:12.0375 AM
[ReportManager] Successfully created attachment [Screenshot - 1635818110060_waitForElementToBePresent_false_expectedToFail_WaitForElementToBePresent_failed] @02-11-2021 01:55:12.0393 A
[ReportManager] Browser Action [CloseCurrentWindow] successfully performed. @02-11-2021 01:55:12.0553 AM
[ReportManager] Successfully created attachment [Browser Action Test Data - CloseCurrentWindow - Actual Value] @02-11-2021 01:55:12.0554 A
[ReportManager] File Action [GetAbsolutePath] successfully performed. With the following test data [Relative Folder Path: "target/downloadedFiles/"]. @02-11-2021 01:55:12.0566 AM
[ReportManager] Attempting to run locally on: [Mac-64], [Safari], Headless Execution. @02-11-2021 01:55:12.0567 AM
[ReportManager] Successfully Opened Safari. @02-11-2021 01:55:13.0427 AM
[ReportManager] Initial window size: (800, 600) @02-11-2021 01:55:13.0447 AM
[ReportManager] Window size after SWD Maximize: (1176, 811) @02-11-2021 01:55:13.0469 AM
[ReportManager] Browser Action [MaximizeWindow] successfully performed. With the following test data [New screen size is now: (1176, 811)]. @02-11-2021 01:55:13.0470 A

################################################################################################################################################
Starting Execution:	[2 out of 143] test cases in the current suite
Test Method:		[unitTests.tests_element_elementActions.waitForElementToBePresent_false_expectedToPass]
################################################################################################################################################
[ReportManager] Target URL: [https://www.google.com/ncr], and after redirection: [www.google.com] @02-11-2021 01:55:13.0491 AM
[ReportManager] Initial URL: [] @02-11-2021 01:55:13.0555 AM
[ReportManager] Browser Action [NavigateToURL] successfully performed. With the following test data [https://www.google.com/ncr]. @02-11-2021 01:55:14.0961 AM
[ReportManager] Waiting for element to be present; elementLocator [By.id: bla], numberOfTries[1], stateOfPresence[false]... @02-11-2021 01:55:14.0961 AM
[ReportManager] Element Action [WaitForElementToBePresent] successfully performed. With the following test data [waited for the element's state of presence to be (false). Element locator (By.id: bla)]. @02-11-2021 01:55:20.0397 A
[ReportManager] Browser Action [CloseCurrentWindow] successfully performed. @02-11-2021 01:55:20.0643 AM
[ReportManager] Successfully created attachment [Browser Action Test Data - CloseCurrentWindow - Actual Value] @02-11-2021 01:55:20.0644 A
[ReportManager] File Action [GetAbsolutePath] successfully performed. With the following test data [Relative Folder Path: "target/downloadedFiles/"]. @02-11-2021 01:55:20.0651 AM
[ReportManager] Attempting to run locally on: [Mac-64], [Safari], Headless Execution. @02-11-2021 01:55:20.0651 AM
[ReportManager] Successfully Opened Safari. @02-11-2021 01:55:21.0582 AM
[ReportManager] Initial window size: (800, 600) @02-11-2021 01:55:21.0590 AM
[ReportManager] Window size after SWD Maximize: (1176, 811) @02-11-2021 01:55:21.0603 AM
[ReportManager] Browser Action [MaximizeWindow] successfully performed. With the following test data [New screen size is now: (1176, 811)]. @02-11-2021 01:55:21.0604 A

################################################################################################################################################
Starting Execution:	[3 out of 143] test cases in the current suite
Test Method:		[unitTests.tests_element_elementActions.waitForElementToBePresent_moreThanOneElement_expectedToFail]
################################################################################################################################################
[ReportManager] Target URL: [https://www.google.com/ncr], and after redirection: [www.google.com] @02-11-2021 01:55:21.0621 AM
[ReportManager] Initial URL: [] @02-11-2021 01:55:21.0704 AM
[ReportManager] Browser Action [NavigateToURL] successfully performed. With the following test data [https://www.google.com/ncr]. @02-11-2021 01:55:22.0620 AM
[ReportManager] Waiting for element to be present; elementLocator [By.xpath: //*], numberOfTries[1], stateOfPresence[false]... @02-11-2021 01:55:22.0621 AM
[ReportManager] Element Action [WaitForElementToBePresent] failed. With the following test data [waited for the element's state of presence to be (false). Element locator (By.xpath: //*)]. @02-11-2021 01:55:22.0852 AM
[ReportManager] Successfully created attachment [Screenshot - 1635818122709_waitForElementToBePresent_moreThanOneElement_expectedToFail_WaitForElementToBePresent_failed] @02-11-2021 01:55:22.0859 A
[ReportManager] Browser Action [CloseCurrentWindow] successfully performed. @02-11-2021 01:55:23.0004 AM
[ReportManager] Successfully created attachment [Browser Action Test Data - CloseCurrentWindow - Actual Value] @02-11-2021 01:55:23.0005 A
[ReportManager] File Action [GetAbsolutePath] successfully performed. With the following test data [Relative Folder Path: "target/downloadedFiles/"]. @02-11-2021 01:55:23.0011 AM
[ReportManager] Attempting to run locally on: [Mac-64], [Safari], Headless Execution. @02-11-2021 01:55:23.0011 AM
[ReportManager] Successfully Opened Safari. @02-11-2021 01:55:23.0835 AM
[ReportManager] Initial window size: (800, 600) @02-11-2021 01:55:23.0842 AM
[ReportManager] Window size after SWD Maximize: (1176, 811) @02-11-2021 01:55:23.0867 AM
[ReportManager] Browser Action [MaximizeWindow] successfully performed. With the following test data [New screen size is now: (1176, 811)]. @02-11-2021 01:55:23.0868 A

################################################################################################################################################
Starting Execution:	[4 out of 143] test cases in the current suite
Test Method:		[unitTests.tests_element_elementActions.waitForElementToBePresent_true_expectedToFail]
################################################################################################################################################
[ReportManager] Target URL: [https://www.google.com/ncr], and after redirection: [www.google.com] @02-11-2021 01:55:23.0871 AM
[ReportManager] Initial URL: [] @02-11-2021 01:55:23.0964 AM
[ReportManager] Browser Action [NavigateToURL] successfully performed. With the following test data [https://www.google.com/ncr]. @02-11-2021 01:55:24.0917 AM
[ReportManager] Waiting for element to be present; elementLocator [By.id: bla], numberOfTries[1], stateOfPresence[true]... @02-11-2021 01:55:24.0917 AM
[ReportManager] Element Action [WaitForElementToBePresent] failed. With the following test data [waited for the element's state of presence to be (true). Element locator (By.id: bla)]. @02-11-2021 01:55:30.0582 AM
[ReportManager] Successfully created attachment [Screenshot - 1635818130460_waitForElementToBePresent_true_expectedToFail_WaitForElementToBePresent_failed] @02-11-2021 01:55:30.0586 A
[ReportManager] Browser Action [CloseCurrentWindow] successfully performed. @02-11-2021 01:55:30.0796 AM
[ReportManager] Successfully created attachment [Browser Action Test Data - CloseCurrentWindow - Actual Value] @02-11-2021 01:55:30.0797 A
[ReportManager] File Action [GetAbsolutePath] successfully performed. With the following test data [Relative Folder Path: "target/downloadedFiles/"]. @02-11-2021 01:55:30.0801 AM
[ReportManager] Attempting to run locally on: [Mac-64], [Safari], Headless Execution. @02-11-2021 01:55:30.0802 AM
[ReportManager] Successfully Opened Safari. @02-11-2021 01:55:31.0650 AM
[ReportManager] Initial window size: (800, 600) @02-11-2021 01:55:31.0656 AM
[ReportManager] Window size after SWD Maximize: (1176, 811) @02-11-2021 01:55:31.0670 AM
[ReportManager] Browser Action [MaximizeWindow] successfully performed. With the following test data [New screen size is now: (1176, 811)]. @02-11-2021 01:55:31.0670 A

################################################################################################################################################
Starting Execution:	[5 out of 143] test cases in the current suite
Test Method:		[unitTests.tests_element_elementActions.waitForElementToBePresent_true_expectedToPass]
################################################################################################################################################
[ReportManager] Target URL: [https://www.google.com/ncr], and after redirection: [www.google.com] @02-11-2021 01:55:31.0689 AM
[ReportManager] Initial URL: [] @02-11-2021 01:55:31.0760 AM
[ReportManager] Browser Action [NavigateToURL] successfully performed. With the following test data [https://www.google.com/ncr]. @02-11-2021 01:55:32.0868 AM
[ReportManager] Waiting for element to be present; elementLocator [By.xpath: //*[@id='hplogo' or @alt='Google']], numberOfTries[1], stateOfPresence[true]... @02-11-2021 01:55:32.0868 AM
[ReportManager] Element Action [WaitForElementToBePresent] successfully performed. With the following test data [waited for the element's state of presence to be (true). Element locator (By.xpath: //*[@id='hplogo' or @alt='Google'])]. @02-11-2021 01:55:32.0901 AM
[ReportManager] File Action [DoesFileExist] successfully performed. With the following test data [File Path: "src/test/resources/DynamicObjectRepository/unitTests_tests_element_elementActions_waitForElementToBePresent_true_expectedToPass_By_xpath_id_hplogo_or_alt_Google.png"]. @02-11-2021 01:55:32.0920 AM
[ReportManager] File Action [DoesFileExist] successfully performed. With the following test data [File Path: "src/test/resources/DynamicObjectRepository/unitTests_tests_element_elementActions_waitForElementToBePresent_true_expectedToPass_By_xpath_id_hplogo_or_alt_Google.png"]. @02-11-2021 01:55:33.0031 AM
[ReportManager] Passing the test and saving a reference image @02-11-2021 01:55:33.0031 AM
[ReportManager] File Action [GetAbsolutePath] successfully performed. With the following test data [Relative File Path: "src/test/resources/DynamicObjectRepository/unitTests_tests_element_elementActions_waitForElementToBePresent_true_expectedToPass_By_xpath_id_hplogo_or_alt_Google.png"]. @02-11-2021 01:55:33.0032 AM
[ReportManager] File Action [WriteToFile] successfully performed. With the following test data [Target File Path: "/Users/runner/work/SHAFT_ENGINE/SHAFT_ENGINE/src/test/resources/DynamicObjectRepository/unitTests_tests_element_elementActions_waitForElementToBePresent_true_expectedToPass_By_xpath_id_hplogo_or_alt_Google.png"]. @02-11-2021 01:55:33.0045 AM
[ReportManager] Assertion Passed: Using Visual AI; OpenCV @02-11-2021 01:55:33.0047 AM
[ReportManager] Successfully created attachment [Validation Test Data - Actual Screenshot] @02-11-2021 01:55:33.0049 AM
[ReportManager] Assertion [ValidateElementMatches] PASSED. Expected [Element should match the reference screenshot] and Actual [TRUE]. Comparison Type [EXACT_OPENCV]. Validation Type [POSITIVE]. @02-11-2021 01:55:33.0049 A
[ReportManager] Browser Action [CloseCurrentWindow] successfully performed. @02-11-2021 01:55:33.0322 AM
[ReportManager] Successfully created attachment [Browser Action Test Data - CloseCurrentWindow - Actual Value] @02-11-2021 01:55:33.0323 A
[ReportManager] File Action [GetAbsolutePath] successfully performed. With the following test data [Relative Folder Path: "target/downloadedFiles/"]. @02-11-2021 01:55:33.0327 AM
[ReportManager] Attempting to run locally on: [Mac-64], [Safari], Headless Execution. @02-11-2021 01:55:33.0328 AM
[ReportManager] Successfully Opened Safari. @02-11-2021 01:55:34.0139 AM
[ReportManager] Initial window size: (800, 600) @02-11-2021 01:55:34.0147 AM
[ReportManager] Window size after SWD Maximize: (1176, 811) @02-11-2021 01:55:34.0170 AM
[ReportManager] Browser Action [MaximizeWindow] successfully performed. With the following test data [New screen size is now: (1176, 811)]. @02-11-2021 01:55:34.0171 AM
[ReportManager] Target URL: [https://duckduckgo.com] @02-11-2021 01:55:34.0171 AM
[ReportManager] Initial URL: [] @02-11-2021 01:55:34.0239 AM
[ReportManager] Browser Action [NavigateToURL] successfully performed. With the following test data [https://duckduckgo.com]. @02-11-2021 01:55:35.0073 A

################################################################################################################################################
Starting Execution:	[6 out of 143] test cases in the current suite
Test Method:		[unitTests.tests_browserActions.fullScreenWindow]
################################################################################################################################################
[ReportManager] Initial Windows Size: 1176x811 @02-11-2021 01:55:35.0084 AM
[ReportManager] Current Windows Size after fullScreen: 1176x885 @02-11-2021 01:55:35.0296 AM
[ReportManager] Browser Action [FullScreenWindow] successfully performed. @02-11-2021 01:55:35.0323 AM
[ReportManager] Successfully created attachment [Browser Action Test Data - FullScreenWindow - Actual Value] @02-11-2021 01:55:35.0325 A
[ReportManager] Target URL: [https://duckduckgo.com] @02-11-2021 01:55:35.0332 AM
[ReportManager] Initial URL: [https://duckduckgo.com] @02-11-2021 01:55:35.0425 AM
[ReportManager] Browser Action [NavigateToURL] successfully performed. With the following test data [https://duckduckgo.com]. @02-11-2021 01:55:35.0907 AM
[ReportManager] Browser Action [CloseCurrentWindow] successfully performed. @02-11-2021 01:55:36.0022 AM
[ReportManager] Successfully created attachment [Browser Action Test Data - CloseCurrentWindow - Actual Value] @02-11-2021 01:55:36.0025 A
[ReportManager] File Action [GetAbsolutePath] successfully performed. With the following test data [Relative Folder Path: "target/downloadedFiles/"]. @02-11-2021 01:55:36.0030 AM
[ReportManager] Attempting to run locally on: [Mac-64], [Safari], Headless Execution. @02-11-2021 01:55:36.0030 AM
[ReportManager] Successfully Opened Safari. @02-11-2021 01:55:36.0757 AM
[ReportManager] Initial window size: (800, 600) @02-11-2021 01:55:36.0791 AM
[ReportManager] Window size after SWD Maximize: (1176, 811) @02-11-2021 01:55:36.0833 AM
[ReportManager] Browser Action [MaximizeWindow] successfully performed. With the following test data [New screen size is now: (1176, 811)]. @02-11-2021 01:55:36.0834 AM
[ReportManager] Target URL: [https://duckduckgo.com] @02-11-2021 01:55:36.0834 AM
[ReportManager] Initial URL: [] @02-11-2021 01:55:36.0877 AM
[ReportManager] Browser Action [NavigateToURL] successfully performed. With the following test data [https://duckduckgo.com]. @02-11-2021 01:55:37.0536 A

################################################################################################################################################
Starting Execution:	[7 out of 143] test cases in the current suite
Test Method:		[unitTests.tests_browserActions.getCurrentURL]
################################################################################################################################################
[ReportManager] Browser Action [GetCurrentURL] successfully performed. With the following test data [https://duckduckgo.com/]. @02-11-2021 01:55:37.0565 A
[ReportManager] Target URL: [https://duckduckgo.com] @02-11-2021 01:55:37.0567 AM
[ReportManager] Initial URL: [https://duckduckgo.com] @02-11-2021 01:55:37.0600 AM
[ReportManager] Browser Action [NavigateToURL] successfully performed. With the following test data [https://duckduckgo.com]. @02-11-2021 01:55:37.0904 AM
[ReportManager] Browser Action [CloseCurrentWindow] successfully performed. @02-11-2021 01:55:38.0130 AM
[ReportManager] Successfully created attachment [Browser Action Test Data - CloseCurrentWindow - Actual Value] @02-11-2021 01:55:38.0131 A
[ReportManager] File Action [GetAbsolutePath] successfully performed. With the following test data [Relative Folder Path: "target/downloadedFiles/"]. @02-11-2021 01:55:38.0135 AM
[ReportManager] Attempting to run locally on: [Mac-64], [Safari], Headless Execution. @02-11-2021 01:55:38.0135 AM
[ReportManager] Successfully Opened Safari. @02-11-2021 01:55:38.0985 AM
[ReportManager] Initial window size: (800, 600) @02-11-2021 01:55:38.0999 AM
[ReportManager] Window size after SWD Maximize: (1176, 811) @02-11-2021 01:55:39.0014 AM
[ReportManager] Browser Action [MaximizeWindow] successfully performed. With the following test data [New screen size is now: (1176, 811)]. @02-11-2021 01:55:39.0015 AM
[ReportManager] Target URL: [https://duckduckgo.com] @02-11-2021 01:55:39.0015 AM
[ReportManager] Initial URL: [] @02-11-2021 01:55:39.0057 AM
[ReportManager] Browser Action [NavigateToURL] successfully performed. With the following test data [https://duckduckgo.com]. @02-11-2021 01:55:39.0736 A

################################################################################################################################################
Starting Execution:	[8 out of 143] test cases in the current suite
Test Method:		[unitTests.tests_browserActions.getCurrentWindowTitle]
################################################################################################################################################
[ReportManager] Browser Action [GetCurrentWindowTitle] successfully performed. With the following test data [DuckDuckGo â€” Privacy, simplified.]. @02-11-2021 01:55:39.0766 A
[ReportManager] Target URL: [https://duckduckgo.com] @02-11-2021 01:55:39.0768 AM
[ReportManager] Initial URL: [https://duckduckgo.com] @02-11-2021 01:55:39.0798 AM
[ReportManager] Browser Action [NavigateToURL] successfully performed. With the following test data [https://duckduckgo.com]. @02-11-2021 01:55:40.0118 AM
[ReportManager] Browser Action [CloseCurrentWindow] successfully performed. @02-11-2021 01:55:40.0339 AM
[ReportManager] Successfully created attachment [Browser Action Test Data - CloseCurrentWindow - Actual Value] @02-11-2021 01:55:40.0340 A
[ReportManager] File Action [GetAbsolutePath] successfully performed. With the following test data [Relative Folder Path: "target/downloadedFiles/"]. @02-11-2021 01:55:40.0346 AM
[ReportManager] Attempting to run locally on: [Mac-64], [Safari], Headless Execution. @02-11-2021 01:55:40.0347 AM
[ReportManager] Successfully Opened Safari. @02-11-2021 01:55:41.0153 AM
[ReportManager] Initial window size: (800, 600) @02-11-2021 01:55:41.0161 AM
[ReportManager] Window size after SWD Maximize: (1176, 811) @02-11-2021 01:55:41.0173 AM
[ReportManager] Browser Action [MaximizeWindow] successfully performed. With the following test data [New screen size is now: (1176, 811)]. @02-11-2021 01:55:41.0173 AM
[ReportManager] Target URL: [https://duckduckgo.com] @02-11-2021 01:55:41.0173 AM
[ReportManager] Initial URL: [] @02-11-2021 01:55:41.0227 AM
[ReportManager] Browser Action [NavigateToURL] successfully performed. With the following test data [https://duckduckgo.com]. @02-11-2021 01:55:41.0872 A

################################################################################################################################################
Starting Execution:	[9 out of 143] test cases in the current suite
Test Method:		[unitTests.tests_browserActions.getPageSource]
################################################################################################################################################
[ReportManager] Browser Action [GetPageSource] successfully performed. @02-11-2021 01:55:41.0911 AM
[ReportManager] Successfully created attachment [Browser Action Test Data - GetPageSource - Actual Value] @02-11-2021 01:55:41.0912 A
[ReportManager] Target URL: [https://duckduckgo.com] @02-11-2021 01:55:41.0914 AM
[ReportManager] Initial URL: [https://duckduckgo.com] @02-11-2021 01:55:41.0944 AM
[ReportManager] Browser Action [NavigateToURL] successfully performed. With the following test data [https://duckduckgo.com]. @02-11-2021 01:55:42.0251 AM
[ReportManager] Browser Action [CloseCurrentWindow] successfully performed. @02-11-2021 01:55:42.0439 AM
[ReportManager] Successfully created attachment [Browser Action Test Data - CloseCurrentWindow - Actual Value] @02-11-2021 01:55:42.0446 A
[ReportManager] File Action [GetAbsolutePath] successfully performed. With the following test data [Relative Folder Path: "target/downloadedFiles/"]. @02-11-2021 01:55:42.0461 AM
[ReportManager] Attempting to run locally on: [Mac-64], [Safari], Headless Execution. @02-11-2021 01:55:42.0461 AM
[ReportManager] Successfully Opened Safari. @02-11-2021 01:55:43.0299 AM
[ReportManager] Initial window size: (800, 600) @02-11-2021 01:55:43.0326 AM
[ReportManager] Window size after SWD Maximize: (1176, 811) @02-11-2021 01:55:43.0337 AM
[ReportManager] Browser Action [MaximizeWindow] successfully performed. With the following test data [New screen size is now: (1176, 811)]. @02-11-2021 01:55:43.0337 AM
[ReportManager] Target URL: [https://duckduckgo.com] @02-11-2021 01:55:43.0337 AM
[ReportManager] Initial URL: [] @02-11-2021 01:55:43.0386 AM
[ReportManager] Browser Action [NavigateToURL] successfully performed. With the following test data [https://duckduckgo.com]. @02-11-2021 01:55:44.0087 A

################################################################################################################################################
Starting Execution:	[10 out of 143] test cases in the current suite
Test Method:		[unitTests.tests_browserActions.getWindowHandle]
################################################################################################################################################
[ReportManager] Browser Action [GetWindowHandle] successfully performed. With the following test data [page-F3920DDA-C185-4F36-828A-2BBA5E2EDB81]. @02-11-2021 01:55:44.0115 A
[ReportManager] Target URL: [https://duckduckgo.com] @02-11-2021 01:55:44.0117 AM
[ReportManager] Initial URL: [https://duckduckgo.com] @02-11-2021 01:55:44.0149 AM
[ReportManager] Browser Action [NavigateToURL] successfully performed. With the following test data [https://duckduckgo.com]. @02-11-2021 01:55:44.0460 AM
[ReportManager] Browser Action [CloseCurrentWindow] successfully performed. @02-11-2021 01:55:44.0601 AM
[ReportManager] Successfully created attachment [Browser Action Test Data - CloseCurrentWindow - Actual Value] @02-11-2021 01:55:44.0602 A
[ReportManager] File Action [GetAbsolutePath] successfully performed. With the following test data [Relative Folder Path: "target/downloadedFiles/"]. @02-11-2021 01:55:44.0605 AM
[ReportManager] Attempting to run locally on: [Mac-64], [Safari], Headless Execution. @02-11-2021 01:55:44.0605 AM
[ReportManager] Successfully Opened Safari. @02-11-2021 01:55:45.0405 AM
[ReportManager] Initial window size: (800, 600) @02-11-2021 01:55:45.0412 AM
[ReportManager] Window size after SWD Maximize: (1176, 811) @02-11-2021 01:55:45.0434 AM
[ReportManager] Browser Action [MaximizeWindow] successfully performed. With the following test data [New screen size is now: (1176, 811)]. @02-11-2021 01:55:45.0435 AM
[ReportManager] Target URL: [https://duckduckgo.com] @02-11-2021 01:55:45.0435 AM
[ReportManager] Initial URL: [] @02-11-2021 01:55:45.0507 AM
[ReportManager] Browser Action [NavigateToURL] successfully performed. With the following test data [https://duckduckgo.com]. @02-11-2021 01:55:46.0201 A

################################################################################################################################################
Starting Execution:	[11 out of 143] test cases in the current suite
Test Method:		[unitTests.tests_browserActions.getWindowPosition]
################################################################################################################################################
[ReportManager] Browser Action [GetWindowPosition] successfully performed. With the following test data [(0, 23)]. @02-11-2021 01:55:46.0229 A
[ReportManager] Target URL: [https://duckduckgo.com] @02-11-2021 01:55:46.0231 AM
[ReportManager] Initial URL: [https://duckduckgo.com] @02-11-2021 01:55:46.0268 AM
[ReportManager] Browser Action [NavigateToURL] successfully performed. With the following test data [https://duckduckgo.com]. @02-11-2021 01:55:46.0603 AM
[ReportManager] Browser Action [CloseCurrentWindow] successfully performed. @02-11-2021 01:55:46.0862 AM
[ReportManager] Successfully created attachment [Browser Action Test Data - CloseCurrentWindow - Actual Value] @02-11-2021 01:55:46.0863 A
[ReportManager] File Action [GetAbsolutePath] successfully performed. With the following test data [Relative Folder Path: "target/downloadedFiles/"]. @02-11-2021 01:55:46.0866 AM
[ReportManager] Attempting to run locally on: [Mac-64], [Safari], Headless Execution. @02-11-2021 01:55:46.0866 AM
[ReportManager] Successfully Opened Safari. @02-11-2021 01:55:47.0686 AM
[ReportManager] Initial window size: (800, 600) @02-11-2021 01:55:47.0705 AM
[ReportManager] Window size after SWD Maximize: (1176, 811) @02-11-2021 01:55:47.0720 AM
[ReportManager] Browser Action [MaximizeWindow] successfully performed. With the following test data [New screen size is now: (1176, 811)]. @02-11-2021 01:55:47.0721 AM
[ReportManager] Target URL: [https://duckduckgo.com] @02-11-2021 01:55:47.0721 AM
[ReportManager] Initial URL: [] @02-11-2021 01:55:47.0786 AM
[ReportManager] Browser Action [NavigateToURL] successfully performed. With the following test data [https://duckduckgo.com]. @02-11-2021 01:55:48.0440 A

################################################################################################################################################
Starting Execution:	[12 out of 143] test cases in the current suite
Test Method:		[unitTests.tests_browserActions.getWindowSize]
################################################################################################################################################
[ReportManager] Browser Action [GetWindowSize] successfully performed. With the following test data [(1176, 811)]. @02-11-2021 01:55:48.0467 A
[ReportManager] Target URL: [https://duckduckgo.com] @02-11-2021 01:55:48.0470 AM
[ReportManager] Initial URL: [https://duckduckgo.com] @02-11-2021 01:55:48.0505 AM
[ReportManager] Browser Action [NavigateToURL] successfully performed. With the following test data [https://duckduckgo.com]. @02-11-2021 01:55:48.0814 AM
[ReportManager] Browser Action [CloseCurrentWindow] successfully performed. @02-11-2021 01:55:49.0047 AM
[ReportManager] Successfully created attachment [Browser Action Test Data - CloseCurrentWindow - Actual Value] @02-11-2021 01:55:49.0048 A
[ReportManager] File Action [GetAbsolutePath] successfully performed. With the following test data [Relative Folder Path: "target/downloadedFiles/"]. @02-11-2021 01:55:49.0051 AM
[ReportManager] Attempting to run locally on: [Mac-64], [Safari], Headless Execution. @02-11-2021 01:55:49.0051 AM
[ReportManager] Successfully Opened Safari. @02-11-2021 01:55:49.0840 AM
[ReportManager] Initial window size: (800, 600) @02-11-2021 01:55:49.0846 AM
[ReportManager] Window size after SWD Maximize: (1176, 811) @02-11-2021 01:55:49.0871 AM
[ReportManager] Browser Action [MaximizeWindow] successfully performed. With the following test data [New screen size is now: (1176, 811)]. @02-11-2021 01:55:49.0871 AM
[ReportManager] Target URL: [https://duckduckgo.com] @02-11-2021 01:55:49.0872 AM
[ReportManager] Initial URL: [] @02-11-2021 01:55:49.0927 AM
[ReportManager] Browser Action [NavigateToURL] successfully performed. With the following test data [https://duckduckgo.com]. @02-11-2021 01:55:50.0587 A

################################################################################################################################################
Starting Execution:	[13 out of 143] test cases in the current suite
Test Method:		[unitTests.tests_browserActions.maximizeWindow]
################################################################################################################################################
[ReportManager] Initial window size: (1176, 811) @02-11-2021 01:55:50.0607 AM
[ReportManager] Window size after SWD Maximize: (1176, 811) @02-11-2021 01:55:50.0615 AM
[ReportManager] Window size after Toolkit: (1920, 1080) @02-11-2021 01:55:50.0651 AM
[ReportManager] Browser Action [MaximizeWindow] successfully performed. With the following test data [New screen size is now: (1920, 1080)]. @02-11-2021 01:55:50.0654 A
[ReportManager] Target URL: [https://duckduckgo.com] @02-11-2021 01:55:50.0657 AM
[ReportManager] Initial URL: [https://duckduckgo.com] @02-11-2021 01:55:50.0703 AM
[ReportManager] Browser Action [NavigateToURL] successfully performed. With the following test data [https://duckduckgo.com]. @02-11-2021 01:55:51.0021 AM
[ReportManager] Browser Action [CloseCurrentWindow] successfully performed. @02-11-2021 01:55:51.0265 AM
[ReportManager] Successfully created attachment [Browser Action Test Data - CloseCurrentWindow - Actual Value] @02-11-2021 01:55:51.0265 A
[ReportManager] File Action [GetAbsolutePath] successfully performed. With the following test data [Relative Folder Path: "target/downloadedFiles/"]. @02-11-2021 01:55:51.0268 AM
[ReportManager] Attempting to run locally on: [Mac-64], [Safari], Headless Execution. @02-11-2021 01:55:51.0268 AM
[ReportManager] Successfully Opened Safari. @02-11-2021 01:55:52.0103 AM
[ReportManager] Initial window size: (800, 600) @02-11-2021 01:55:52.0110 AM
[ReportManager] Window size after SWD Maximize: (1176, 811) @02-11-2021 01:55:52.0135 AM
[ReportManager] Browser Action [MaximizeWindow] successfully performed. With the following test data [New screen size is now: (1176, 811)]. @02-11-2021 01:55:52.0136 AM
[ReportManager] Target URL: [https://duckduckgo.com] @02-11-2021 01:55:52.0136 AM
[ReportManager] Initial URL: [] @02-11-2021 01:55:52.0205 AM
[ReportManager] Browser Action [NavigateToURL] successfully performed. With the following test data [https://duckduckgo.com]. @02-11-2021 01:55:52.0829 A

################################################################################################################################################
Starting Execution:	[14 out of 143] test cases in the current suite
Test Method:		[unitTests.tests_browserActions.navigateBack]
################################################################################################################################################
[ReportManager] Target URL: [https://www.google.com/ncr], and after redirection: [https://www.google.com] @02-11-2021 01:55:52.0833 AM
[ReportManager] Initial URL: [https://duckduckgo.com] @02-11-2021 01:55:52.0868 AM
[ReportManager] Browser Action [NavigateToURL] successfully performed. With the following test data [https://www.google.com/ncr]. @02-11-2021 01:55:54.0221 AM
[ReportManager] Browser Action [NavigateBack] successfully performed. With the following test data [https://duckduckgo.com/]. @02-11-2021 01:55:54.0383 AM
[ReportManager] Browser Action [GetCurrentURL] successfully performed. With the following test data [https://duckduckgo.com/]. @02-11-2021 01:55:54.0403 AM
[ReportManager] Assertion Passed: Confirming that navigating back was successful @02-11-2021 01:55:54.0519 AM
[ReportManager] Successfully created attachment [Screenshot - 1635818154434_navigateBack_ValidateBrowserAttribute_passed] @02-11-2021 01:55:54.0520 AM
[ReportManager] Assertion [ValidateBrowserAttribute] PASSED. Expected [Value Should be 'https://duckduckgo.com' for the 'CurrentUrl' attribute] and Actual [https://duckduckgo.com/]. Comparison Type [CONTAINS]. Validation Type [POSITIVE]. @02-11-2021 01:55:54.0520 A
[ReportManager] Target URL: [https://duckduckgo.com] @02-11-2021 01:55:54.0522 AM
[ReportManager] Initial URL: [https://duckduckgo.com] @02-11-2021 01:55:54.0557 AM
[ReportManager] Browser Action [NavigateToURL] successfully performed. With the following test data [https://duckduckgo.com]. @02-11-2021 01:55:54.0916 AM
[ReportManager] Browser Action [CloseCurrentWindow] successfully performed. @02-11-2021 01:55:55.0077 AM
[ReportManager] Successfully created attachment [Browser Action Test Data - CloseCurrentWindow - Actual Value] @02-11-2021 01:55:55.0078 A
[ReportManager] File Action [GetAbsolutePath] successfully performed. With the following test data [Relative Folder Path: "target/downloadedFiles/"]. @02-11-2021 01:55:55.0081 AM
[ReportManager] Attempting to run locally on: [Mac-64], [Safari], Headless Execution. @02-11-2021 01:55:55.0081 AM
[ReportManager] Successfully Opened Safari. @02-11-2021 01:55:55.0903 AM
[ReportManager] Initial window size: (800, 600) @02-11-2021 01:55:55.0913 AM
[ReportManager] Window size after SWD Maximize: (1176, 811) @02-11-2021 01:55:55.0934 AM
[ReportManager] Browser Action [MaximizeWindow] successfully performed. With the following test data [New screen size is now: (1176, 811)]. @02-11-2021 01:55:55.0935 AM
[ReportManager] Target URL: [https://duckduckgo.com] @02-11-2021 01:55:55.0935 AM
[ReportManager] Initial URL: [] @02-11-2021 01:55:55.0991 AM
[ReportManager] Browser Action [NavigateToURL] successfully performed. With the following test data [https://duckduckgo.com]. @02-11-2021 01:55:56.0612 A

################################################################################################################################################
Starting Execution:	[15 out of 143] test cases in the current suite
Test Method:		[unitTests.tests_browserActions.navigateForward]
################################################################################################################################################
[ReportManager] Target URL: [https://www.google.com/ncr], and after redirection: [https://www.google.com] @02-11-2021 01:55:56.0618 AM
[ReportManager] Initial URL: [https://duckduckgo.com] @02-11-2021 01:55:56.0657 AM
[ReportManager] Browser Action [NavigateToURL] successfully performed. With the following test data [https://www.google.com/ncr]. @02-11-2021 01:55:57.0820 AM
[ReportManager] Browser Action [NavigateBack] successfully performed. With the following test data [https://duckduckgo.com/]. @02-11-2021 01:55:57.0937 AM
[ReportManager] Browser Action [NavigateForward] successfully performed. With the following test data [https://www.google.com/]. @02-11-2021 01:55:58.0121 A
[ReportManager] Target URL: [https://duckduckgo.com] @02-11-2021 01:55:58.0124 AM
[ReportManager] Initial URL: [https://www.google.com] @02-11-2021 01:55:58.0159 AM
[ReportManager] Browser Action [NavigateToURL] successfully performed. With the following test data [https://duckduckgo.com]. @02-11-2021 01:55:58.0444 AM
[ReportManager] Browser Action [CloseCurrentWindow] successfully performed. @02-11-2021 01:55:58.0535 AM
[ReportManager] Successfully created attachment [Browser Action Test Data - CloseCurrentWindow - Actual Value] @02-11-2021 01:55:58.0536 A
[ReportManager] File Action [GetAbsolutePath] successfully performed. With the following test data [Relative Folder Path: "target/downloadedFiles/"]. @02-11-2021 01:55:58.0543 AM
[ReportManager] Attempting to run locally on: [Mac-64], [Safari], Headless Execution. @02-11-2021 01:55:58.0543 AM
[ReportManager] Successfully Opened Safari. @02-11-2021 01:55:59.0387 AM
[ReportManager] Initial window size: (800, 600) @02-11-2021 01:55:59.0403 AM
[ReportManager] Window size after SWD Maximize: (1176, 811) @02-11-2021 01:55:59.0417 AM
[ReportManager] Browser Action [MaximizeWindow] successfully performed. With the following test data [New screen size is now: (1176, 811)]. @02-11-2021 01:55:59.0418 AM
[ReportManager] Target URL: [https://duckduckgo.com] @02-11-2021 01:55:59.0418 AM
[ReportManager] Initial URL: [] @02-11-2021 01:55:59.0462 AM
[ReportManager] Browser Action [NavigateToURL] successfully performed. With the following test data [https://duckduckgo.com]. @02-11-2021 01:56:00.0083 A

################################################################################################################################################
Starting Execution:	[16 out of 143] test cases in the current suite
Test Method:		[unitTests.tests_browserActions.navigateToURL]
################################################################################################################################################
[ReportManager] Target URL: [https://duckduckgo.com] @02-11-2021 01:56:00.0087 AM
[ReportManager] Initial URL: [https://duckduckgo.com] @02-11-2021 01:56:00.0125 AM
[ReportManager] Browser Action [NavigateToURL] successfully performed. With the following test data [https://duckduckgo.com]. @02-11-2021 01:56:00.0434 A
[ReportManager] Target URL: [https://duckduckgo.com] @02-11-2021 01:56:00.0440 AM
[ReportManager] Initial URL: [https://duckduckgo.com] @02-11-2021 01:56:00.0468 AM
[ReportManager] Browser Action [NavigateToURL] successfully performed. With the following test data [https://duckduckgo.com]. @02-11-2021 01:56:00.0784 AM
[ReportManager] Browser Action [CloseCurrentWindow] successfully performed. @02-11-2021 01:56:00.0875 AM
[ReportManager] Successfully created attachment [Browser Action Test Data - CloseCurrentWindow - Actual Value] @02-11-2021 01:56:00.0881 A
[ReportManager] File Action [GetAbsolutePath] successfully performed. With the following test data [Relative Folder Path: "target/downloadedFiles/"]. @02-11-2021 01:56:00.0895 AM
[ReportManager] Attempting to run locally on: [Mac-64], [Safari], Headless Execution. @02-11-2021 01:56:00.0895 AM
[ReportManager] Successfully Opened Safari. @02-11-2021 01:56:01.0671 AM
[ReportManager] Initial window size: (800, 600) @02-11-2021 01:56:01.0678 AM
[ReportManager] Window size after SWD Maximize: (1176, 811) @02-11-2021 01:56:01.0697 AM
[ReportManager] Browser Action [MaximizeWindow] successfully performed. With the following test data [New screen size is now: (1176, 811)]. @02-11-2021 01:56:01.0698 AM
[ReportManager] Target URL: [https://duckduckgo.com] @02-11-2021 01:56:01.0698 AM
[ReportManager] Initial URL: [] @02-11-2021 01:56:01.0762 AM
[ReportManager] Browser Action [NavigateToURL] successfully performed. With the following test data [https://duckduckgo.com]. @02-11-2021 01:56:02.0408 A

################################################################################################################################################
Starting Execution:	[17 out of 143] test cases in the current suite
Test Method:		[unitTests.tests_browserActions.navigateToURLWithRedirection]
################################################################################################################################################
[ReportManager] Target URL: [https://www.google.com/ncr], and after redirection: [https://www.google.com] @02-11-2021 01:56:02.0412 AM
[ReportManager] Initial URL: [https://duckduckgo.com] @02-11-2021 01:56:02.0444 AM
[ReportManager] Browser Action [NavigateToURL] successfully performed. With the following test data [https://www.google.com/ncr]. @02-11-2021 01:56:03.0858 A
[ReportManager] Target URL: [https://duckduckgo.com] @02-11-2021 01:56:03.0860 AM
[ReportManager] Initial URL: [https://www.google.com] @02-11-2021 01:56:03.0890 AM
[ReportManager] Browser Action [NavigateToURL] successfully performed. With the following test data [https://duckduckgo.com]. @02-11-2021 01:56:04.0189 AM
[ReportManager] Browser Action [CloseCurrentWindow] successfully performed. @02-11-2021 01:56:04.0374 AM
[ReportManager] Successfully created attachment [Browser Action Test Data - CloseCurrentWindow - Actual Value] @02-11-2021 01:56:04.0375 A
[ReportManager] File Action [GetAbsolutePath] successfully performed. With the following test data [Relative Folder Path: "target/downloadedFiles/"]. @02-11-2021 01:56:04.0377 AM
[ReportManager] Attempting to run locally on: [Mac-64], [Safari], Headless Execution. @02-11-2021 01:56:04.0378 AM
[ReportManager] Successfully Opened Safari. @02-11-2021 01:56:05.0185 AM
[ReportManager] Initial window size: (800, 600) @02-11-2021 01:56:05.0191 AM
[ReportManager] Window size after SWD Maximize: (1176, 811) @02-11-2021 01:56:05.0202 AM
[ReportManager] Browser Action [MaximizeWindow] successfully performed. With the following test data [New screen size is now: (1176, 811)]. @02-11-2021 01:56:05.0203 AM
[ReportManager] Target URL: [https://duckduckgo.com] @02-11-2021 01:56:05.0203 AM
[ReportManager] Initial URL: [] @02-11-2021 01:56:05.0260 AM
[ReportManager] Browser Action [NavigateToURL] successfully performed. With the following test data [https://duckduckgo.com]. @02-11-2021 01:56:05.0869 A

################################################################################################################################################
Starting Execution:	[18 out of 143] test cases in the current suite
Test Method:		[unitTests.tests_browserActions.refreshCurrentPage]
################################################################################################################################################
[ReportManager] Browser Action [RefreshCurrentPage] successfully performed. @02-11-2021 01:56:06.0128 AM
[ReportManager] Successfully created attachment [Browser Action Test Data - RefreshCurrentPage - Actual Value] @02-11-2021 01:56:06.0130 A
[ReportManager] Target URL: [https://duckduckgo.com] @02-11-2021 01:56:06.0135 AM
[ReportManager] Initial URL: [https://duckduckgo.com] @02-11-2021 01:56:06.0163 AM
[ReportManager] Browser Action [NavigateToURL] successfully performed. With the following test data [https://duckduckgo.com]. @02-11-2021 01:56:06.0478 AM
[ReportManager] Browser Action [CloseCurrentWindow] successfully performed. @02-11-2021 01:56:06.0680 AM
[ReportManager] Successfully created attachment [Browser Action Test Data - CloseCurrentWindow - Actual Value] @02-11-2021 01:56:06.0681 A
[ReportManager] File Action [GetAbsolutePath] successfully performed. With the following test data [Relative Folder Path: "target/downloadedFiles/"]. @02-11-2021 01:56:06.0683 AM
[ReportManager] Attempting to run locally on: [Mac-64], [Safari], Headless Execution. @02-11-2021 01:56:06.0683 AM
[ReportManager] Successfully Opened Safari. @02-11-2021 01:56:07.0464 AM
[ReportManager] Initial window size: (800, 600) @02-11-2021 01:56:07.0484 AM
[ReportManager] Window size after SWD Maximize: (1176, 811) @02-11-2021 01:56:07.0505 AM
[ReportManager] Browser Action [MaximizeWindow] successfully performed. With the following test data [New screen size is now: (1176, 811)]. @02-11-2021 01:56:07.0525 AM
[ReportManager] Target URL: [https://duckduckgo.com] @02-11-2021 01:56:07.0526 AM
[ReportManager] Initial URL: [] @02-11-2021 01:56:07.0581 AM
[ReportManager] Browser Action [NavigateToURL] successfully performed. With the following test data [https://duckduckgo.com]. @02-11-2021 01:56:08.0300 A

################################################################################################################################################
Starting Execution:	[19 out of 143] test cases in the current suite
Test Method:		[unitTests.tests_browserActions.setWindowSize]
################################################################################################################################################
[ReportManager] Initial window size: (1176, 811) @02-11-2021 01:56:08.0308 AM
[ReportManager] Window size after SWD: (1280, 720) @02-11-2021 01:56:08.0336 AM
[ReportManager] Browser Action [SetWindowSize] successfully performed. With the following test data [New screen size is now: (1280, 720)]. @02-11-2021 01:56:08.0337 A
[ReportManager] Target URL: [https://duckduckgo.com] @02-11-2021 01:56:08.0339 AM
[ReportManager] Initial URL: [https://duckduckgo.com] @02-11-2021 01:56:08.0382 AM
[ReportManager] Browser Action [NavigateToURL] successfully performed. With the following test data [https://duckduckgo.com]. @02-11-2021 01:56:08.0691 AM
[ReportManager] Browser Action [CloseCurrentWindow] successfully performed. @02-11-2021 01:56:08.0834 AM
[ReportManager] Successfully created attachment [Browser Action Test Data - CloseCurrentWindow - Actual Value] @02-11-2021 01:56:08.0835 A
[ReportManager] Successfully loaded the following test data file [src/test/resources/TestDataFiles/testSuite01/TestData.xlsx]. @02-11-2021 01:56:09.0583 AM
[ReportManager] Successfully created attachment [Test Data - Excel] @02-11-2021 01:56:09.0584 A

################################################################################################################################################
Starting Execution:	[20 out of 143] test cases in the current suite
Test Method:		[unitTests.tests_io_excelFileManager.getCellData_rowName_expectedToPass]
################################################################################################################################################
[ReportManager] testRowData. @02-11-2021 01:56:09.0601 A

################################################################################################################################################
Starting Execution:	[21 out of 143] test cases in the current suite
Test Method:		[unitTests.tests_validations_assertions.assertComparativeRelation_greaterThanOrEquals_false_equals_expectedToFail]
################################################################################################################################################
[ReportManager] Assertion [ValidateComparativeRelation] FAILED. Expected [1] and Actual [1]. Comparison Type [GREATER_THAN_OR_EQUALS]. Validation Type [NEGATIVE]. @02-11-2021 01:56:09.0607 A

################################################################################################################################################
Starting Execution:	[22 out of 143] test cases in the current suite
Test Method:		[unitTests.tests_validations_assertions.assertComparativeRelation_greaterThanOrEquals_false_equals_expectedToPass]
################################################################################################################################################
[ReportManager] Assertion [ValidateComparativeRelation] PASSED. Expected [2] and Actual [1]. Comparison Type [GREATER_THAN_OR_EQUALS]. Validation Type [NEGATIVE]. @02-11-2021 01:56:09.0612 A

################################################################################################################################################
Starting Execution:	[23 out of 143] test cases in the current suite
Test Method:		[unitTests.tests_validations_assertions.assertComparativeRelation_greaterThanOrEquals_false_greaterThan_expectedToFail]
################################################################################################################################################
[ReportManager] Assertion [ValidateComparativeRelation] FAILED. Expected [1] and Actual [2]. Comparison Type [GREATER_THAN_OR_EQUALS]. Validation Type [NEGATIVE]. @02-11-2021 01:56:09.0616 A

################################################################################################################################################
Starting Execution:	[24 out of 143] test cases in the current suite
Test Method:		[unitTests.tests_validations_assertions.assertComparativeRelation_greaterThanOrEquals_false_greaterThan_expectedToPass]
################################################################################################################################################
[ReportManager] Assertion [ValidateComparativeRelation] PASSED. Expected [2] and Actual [1]. Comparison Type [GREATER_THAN_OR_EQUALS]. Validation Type [NEGATIVE]. @02-11-2021 01:56:09.0620 A

################################################################################################################################################
Starting Execution:	[25 out of 143] test cases in the current suite
Test Method:		[unitTests.tests_validations_assertions.assertComparativeRelation_greaterThanOrEquals_true_equals_expectedToFail]
################################################################################################################################################
[ReportManager] Assertion [ValidateComparativeRelation] FAILED. Expected [1] and Actual [0]. Comparison Type [GREATER_THAN_OR_EQUALS]. Validation Type [POSITIVE]. @02-11-2021 01:56:09.0625 A

################################################################################################################################################
Starting Execution:	[26 out of 143] test cases in the current suite
Test Method:		[unitTests.tests_validations_assertions.assertComparativeRelation_greaterThanOrEquals_true_equals_expectedToPass]
################################################################################################################################################
[ReportManager] Assertion [ValidateComparativeRelation] PASSED. Expected [1] and Actual [1]. Comparison Type [GREATER_THAN_OR_EQUALS]. Validation Type [POSITIVE]. @02-11-2021 01:56:09.0635 A

################################################################################################################################################
Starting Execution:	[27 out of 143] test cases in the current suite
Test Method:		[unitTests.tests_validations_assertions.assertComparativeRelation_greaterThanOrEquals_true_greaterThan_expectedToFail]
################################################################################################################################################
[ReportManager] Assertion [ValidateComparativeRelation] FAILED. Expected [2] and Actual [1]. Comparison Type [GREATER_THAN_OR_EQUALS]. Validation Type [POSITIVE]. @02-11-2021 01:56:09.0640 A

################################################################################################################################################
Starting Execution:	[28 out of 143] test cases in the current suite
Test Method:		[unitTests.tests_validations_assertions.assertComparativeRelation_greaterThanOrEquals_true_greaterThan_expectedToPass]
################################################################################################################################################
[ReportManager] Assertion [ValidateComparativeRelation] PASSED. Expected [1] and Actual [2]. Comparison Type [GREATER_THAN_OR_EQUALS]. Validation Type [POSITIVE]. @02-11-2021 01:56:09.0643 A
[ReportManager] File Action [GetAbsolutePath] successfully performed. With the following test data [Relative Folder Path: "target/downloadedFiles/"]. @02-11-2021 01:56:09.0646 AM
[ReportManager] Attempting to run locally on: [Mac-64], [Safari], Headless Execution. @02-11-2021 01:56:09.0647 AM
[ReportManager] Successfully Opened Safari. @02-11-2021 01:56:10.0536 AM
[ReportManager] Initial window size: (800, 600) @02-11-2021 01:56:10.0542 AM
[ReportManager] Window size after SWD Maximize: (1176, 811) @02-11-2021 01:56:10.0554 AM
[ReportManager] Browser Action [MaximizeWindow] successfully performed. With the following test data [New screen size is now: (1176, 811)]. @02-11-2021 01:56:10.0555 AM
[ReportManager] Target URL: [https://www.google.com/ncr], and after redirection: [www.google.com] @02-11-2021 01:56:10.0555 AM
[ReportManager] Initial URL: [] @02-11-2021 01:56:10.0626 AM
[ReportManager] Browser Action [NavigateToURL] successfully performed. With the following test data [https://www.google.com/ncr]. @02-11-2021 01:56:12.0040 A

################################################################################################################################################
Starting Execution:	[29 out of 143] test cases in the current suite
Test Method:		[unitTests.tests_validations_assertions.assertElementAttribute_false_caseInsensitiveComparison_expectedToFail]
################################################################################################################################################
[ReportManager] Element Action [Type] successfully performed. With the following test data [AUTOMATION]. @02-11-2021 01:56:12.0443 AM
[ReportManager] Element Action [GetText] successfully performed. With the following test data [AUTOMATION]. @02-11-2021 01:56:12.0495 AM
[ReportManager] Loaded Shared OpenCV @02-11-2021 01:56:13.0616 AM
[ReportManager] Assertion [ValidateElementAttribute] FAILED. Expected [Value Should not be 'AutomaTion' for the 'text' attribute, element locator 'By.name: q'] and Actual [AUTOMATION]. Comparison Type [CASE_INSENSITIVE]. Validation Type [NEGATIVE]. @02-11-2021 01:56:13.0958 AM
[ReportManager] Successfully created attachment [Screenshot - 1635818172573_assertElementAttribute_false_caseInsensitiveComparison_expectedToFail_ValidateElementAttribute_failed] @02-11-2021 01:56:13.0960 A
[ReportManager] Browser Action [CloseCurrentWindow] successfully performed. @02-11-2021 01:56:14.0131 AM
[ReportManager] Successfully created attachment [Browser Action Test Data - CloseCurrentWindow - Actual Value] @02-11-2021 01:56:14.0132 A
[ReportManager] File Action [GetAbsolutePath] successfully performed. With the following test data [Relative Folder Path: "target/downloadedFiles/"]. @02-11-2021 01:56:14.0135 AM
[ReportManager] Attempting to run locally on: [Mac-64], [Safari], Headless Execution. @02-11-2021 01:56:14.0136 AM
[ReportManager] Successfully Opened Safari. @02-11-2021 01:56:14.0985 AM
[ReportManager] Initial window size: (800, 600) @02-11-2021 01:56:14.0990 AM
[ReportManager] Window size after SWD Maximize: (1176, 811) @02-11-2021 01:56:15.0001 AM
[ReportManager] Browser Action [MaximizeWindow] successfully performed. With the following test data [New screen size is now: (1176, 811)]. @02-11-2021 01:56:15.0002 AM
[ReportManager] Target URL: [https://www.google.com/ncr], and after redirection: [www.google.com] @02-11-2021 01:56:15.0002 AM
[ReportManager] Initial URL: [] @02-11-2021 01:56:15.0052 AM
[ReportManager] Browser Action [NavigateToURL] successfully performed. With the following test data [https://www.google.com/ncr]. @02-11-2021 01:56:15.0982 A

################################################################################################################################################
Starting Execution:	[30 out of 143] test cases in the current suite
Test Method:		[unitTests.tests_validations_assertions.assertElementAttribute_false_caseInsensitiveComparison_expectedToPass]
################################################################################################################################################
[ReportManager] Element Action [Type] successfully performed. With the following test data [AUTOMATION]. @02-11-2021 01:56:16.0382 AM
[ReportManager] Element Action [GetText] successfully performed. With the following test data [AUTOMATION]. @02-11-2021 01:56:16.0427 AM
[ReportManager] Loaded Shared OpenCV @02-11-2021 01:56:16.0496 AM
[ReportManager] Assertion [ValidateElementAttribute] PASSED. Expected [Value Should not be 'AutomaTion123' for the 'text' attribute, element locator 'By.name: q'] and Actual [AUTOMATION]. Comparison Type [CASE_INSENSITIVE]. Validation Type [NEGATIVE]. @02-11-2021 01:56:16.0608 AM
[ReportManager] Successfully created attachment [Screenshot - 1635818176496_assertElementAttribute_false_caseInsensitiveComparison_expectedToPass_ValidateElementAttribute_passed] @02-11-2021 01:56:16.0610 A
[ReportManager] Browser Action [CloseCurrentWindow] successfully performed. @02-11-2021 01:56:16.0875 AM
[ReportManager] Successfully created attachment [Browser Action Test Data - CloseCurrentWindow - Actual Value] @02-11-2021 01:56:16.0876 A
[ReportManager] File Action [GetAbsolutePath] successfully performed. With the following test data [Relative Folder Path: "target/downloadedFiles/"]. @02-11-2021 01:56:16.0879 AM
[ReportManager] Attempting to run locally on: [Mac-64], [Safari], Headless Execution. @02-11-2021 01:56:16.0880 AM
[ReportManager] Successfully Opened Safari. @02-11-2021 01:56:17.0734 AM
[ReportManager] Initial window size: (800, 600) @02-11-2021 01:56:17.0743 AM
[ReportManager] Window size after SWD Maximize: (1176, 811) @02-11-2021 01:56:17.0767 AM
[ReportManager] Browser Action [MaximizeWindow] successfully performed. With the following test data [New screen size is now: (1176, 811)]. @02-11-2021 01:56:17.0768 AM
[ReportManager] Target URL: [https://www.google.com/ncr], and after redirection: [www.google.com] @02-11-2021 01:56:17.0768 AM
[ReportManager] Initial URL: [] @02-11-2021 01:56:17.0828 AM
[ReportManager] Browser Action [NavigateToURL] successfully performed. With the following test data [https://www.google.com/ncr]. @02-11-2021 01:56:18.0764 A

################################################################################################################################################
Starting Execution:	[31 out of 143] test cases in the current suite
Test Method:		[unitTests.tests_validations_assertions.assertElementAttribute_false_containsComparison_expectedToFail]
################################################################################################################################################
[ReportManager] Element Action [Type] successfully performed. With the following test data [Automation123]. @02-11-2021 01:56:19.0328 AM
[ReportManager] Element Action [GetText] successfully performed. With the following test data [Automation123]. @02-11-2021 01:56:19.0387 AM
[ReportManager] Loaded Shared OpenCV @02-11-2021 01:56:19.0456 AM
[ReportManager] Assertion [ValidateElementAttribute] FAILED. Expected [Value Should not be 'Automation' for the 'text' attribute, element locator 'By.name: q'] and Actual [Automation123]. Comparison Type [CONTAINS]. Validation Type [NEGATIVE]. @02-11-2021 01:56:19.0562 AM
[ReportManager] Successfully created attachment [Screenshot - 1635818179456_assertElementAttribute_false_containsComparison_expectedToFail_ValidateElementAttribute_failed] @02-11-2021 01:56:19.0563 A
[ReportManager] Browser Action [CloseCurrentWindow] successfully performed. @02-11-2021 01:56:19.0804 AM
[ReportManager] Successfully created attachment [Browser Action Test Data - CloseCurrentWindow - Actual Value] @02-11-2021 01:56:19.0806 A
[ReportManager] File Action [GetAbsolutePath] successfully performed. With the following test data [Relative Folder Path: "target/downloadedFiles/"]. @02-11-2021 01:56:19.0810 AM
[ReportManager] Attempting to run locally on: [Mac-64], [Safari], Headless Execution. @02-11-2021 01:56:19.0811 AM
[ReportManager] Successfully Opened Safari. @02-11-2021 01:56:20.0613 AM
[ReportManager] Initial window size: (800, 600) @02-11-2021 01:56:20.0637 AM
[ReportManager] Window size after SWD Maximize: (1176, 811) @02-11-2021 01:56:20.0652 AM
[ReportManager] Browser Action [MaximizeWindow] successfully performed. With the following test data [New screen size is now: (1176, 811)]. @02-11-2021 01:56:20.0652 AM
[ReportManager] Target URL: [https://www.google.com/ncr], and after redirection: [www.google.com] @02-11-2021 01:56:20.0652 AM
[ReportManager] Initial URL: [] @02-11-2021 01:56:20.0723 AM
[ReportManager] Browser Action [NavigateToURL] successfully performed. With the following test data [https://www.google.com/ncr]. @02-11-2021 01:56:22.0079 A

################################################################################################################################################
Starting Execution:	[32 out of 143] test cases in the current suite
Test Method:		[unitTests.tests_validations_assertions.assertElementAttribute_false_containsComparison_expectedToPass]
################################################################################################################################################
[ReportManager] Element Action [Type] successfully performed. With the following test data [Automation123]. @02-11-2021 01:56:22.0594 AM
[ReportManager] Element Action [GetText] successfully performed. With the following test data [Automation123]. @02-11-2021 01:56:22.0639 AM
[ReportManager] Loaded Shared OpenCV @02-11-2021 01:56:22.0703 AM
[ReportManager] Assertion [ValidateElementAttribute] PASSED. Expected [Value Should not be 'Automation1234' for the 'text' attribute, element locator 'By.name: q'] and Actual [Automation123]. Comparison Type [CONTAINS]. Validation Type [NEGATIVE]. @02-11-2021 01:56:22.0811 AM
[ReportManager] Successfully created attachment [Screenshot - 1635818182703_assertElementAttribute_false_containsComparison_expectedToPass_ValidateElementAttribute_passed] @02-11-2021 01:56:22.0813 A
[ReportManager] Browser Action [CloseCurrentWindow] successfully performed. @02-11-2021 01:56:22.0949 AM
[ReportManager] Successfully created attachment [Browser Action Test Data - CloseCurrentWindow - Actual Value] @02-11-2021 01:56:22.0951 A
[ReportManager] File Action [GetAbsolutePath] successfully performed. With the following test data [Relative Folder Path: "target/downloadedFiles/"]. @02-11-2021 01:56:22.0956 AM
[ReportManager] Attempting to run locally on: [Mac-64], [Safari], Headless Execution. @02-11-2021 01:56:22.0956 AM
[ReportManager] Successfully Opened Safari. @02-11-2021 01:56:23.0714 AM
[ReportManager] Initial window size: (800, 600) @02-11-2021 01:56:23.0730 AM
[ReportManager] Window size after SWD Maximize: (1176, 811) @02-11-2021 01:56:23.0742 AM
[ReportManager] Browser Action [MaximizeWindow] successfully performed. With the following test data [New screen size is now: (1176, 811)]. @02-11-2021 01:56:23.0742 AM
[ReportManager] Target URL: [https://www.google.com/ncr], and after redirection: [www.google.com] @02-11-2021 01:56:23.0742 AM
[ReportManager] Initial URL: [] @02-11-2021 01:56:23.0784 AM
[ReportManager] Browser Action [NavigateToURL] successfully performed. With the following test data [https://www.google.com/ncr]. @02-11-2021 01:56:25.0450 A

################################################################################################################################################
Starting Execution:	[33 out of 143] test cases in the current suite
Test Method:		[unitTests.tests_validations_assertions.assertElementAttribute_false_literalComparison_expectedToFail]
################################################################################################################################################
[ReportManager] Element Action [Type] successfully performed. With the following test data [Automation!@#$%^&*()_+{}[]\';/.,]. @02-11-2021 01:56:26.0493 AM
[ReportManager] Element Action [GetText] successfully performed. With the following test data [Automation!@#$%^&*()_+{}[]\';/.,]. @02-11-2021 01:56:26.0545 AM
[ReportManager] Loaded Shared OpenCV @02-11-2021 01:56:26.0618 AM
[ReportManager] Assertion [ValidateElementAttribute] PASSED. Expected [Value Should not be 'Automation!@#$%^&*()_+{}[]\\';/.,' for the 'text' attribute, element locator 'By.name: q'] and Actual [Automation!@#$%^&*()_+{}[]\';/.,]. Comparison Type [EQUALS]. Validation Type [NEGATIVE]. @02-11-2021 01:56:26.0731 AM
[ReportManager] Successfully created attachment [Screenshot - 1635818186618_assertElementAttribute_false_literalComparison_expectedToFail_ValidateElementAttribute_passed] @02-11-2021 01:56:26.0733 A
[ReportManager] Browser Action [CloseCurrentWindow] successfully performed. @02-11-2021 01:56:26.0833 AM
[ReportManager] Successfully created attachment [Browser Action Test Data - CloseCurrentWindow - Actual Value] @02-11-2021 01:56:26.0834 A
[ReportManager] File Action [GetAbsolutePath] successfully performed. With the following test data [Relative Folder Path: "target/downloadedFiles/"]. @02-11-2021 01:56:26.0838 AM
[ReportManager] Attempting to run locally on: [Mac-64], [Safari], Headless Execution. @02-11-2021 01:56:26.0838 AM
[ReportManager] Successfully Opened Safari. @02-11-2021 01:56:27.0637 AM
[ReportManager] Initial window size: (800, 600) @02-11-2021 01:56:27.0647 AM
[ReportManager] Window size after SWD Maximize: (1176, 811) @02-11-2021 01:56:27.0669 AM
[ReportManager] Browser Action [MaximizeWindow] successfully performed. With the following test data [New screen size is now: (1176, 811)]. @02-11-2021 01:56:27.0670 AM
[ReportManager] Target URL: [https://www.google.com/ncr], and after redirection: [www.google.com] @02-11-2021 01:56:27.0670 AM
[ReportManager] Initial URL: [] @02-11-2021 01:56:27.0730 AM
[ReportManager] Browser Action [NavigateToURL] successfully performed. With the following test data [https://www.google.com/ncr]. @02-11-2021 01:56:29.0234 A

################################################################################################################################################
Starting Execution:	[34 out of 143] test cases in the current suite
Test Method:		[unitTests.tests_validations_assertions.assertElementAttribute_false_literalComparison_expectedToPass]
################################################################################################################################################
[ReportManager] Element Action [Type] successfully performed. With the following test data [Automation!@#$%^&*()_+{}[]\';/.,]. @02-11-2021 01:56:30.0265 AM
[ReportManager] Element Action [GetText] successfully performed. With the following test data [Automation!@#$%^&*()_+{}[]\';/.,]. @02-11-2021 01:56:30.0307 AM
[ReportManager] Loaded Shared OpenCV @02-11-2021 01:56:30.0374 AM
[ReportManager] Assertion [ValidateElementAttribute] PASSED. Expected [Value Should not be 'Automation' for the 'text' attribute, element locator 'By.name: q'] and Actual [Automation!@#$%^&*()_+{}[]\';/.,]. Comparison Type [EQUALS]. Validation Type [NEGATIVE]. @02-11-2021 01:56:30.0546 AM
[ReportManager] Successfully created attachment [Screenshot - 1635818190374_assertElementAttribute_false_literalComparison_expectedToPass_ValidateElementAttribute_passed] @02-11-2021 01:56:30.0548 A
[ReportManager] Browser Action [CloseCurrentWindow] successfully performed. @02-11-2021 01:56:30.0702 AM
[ReportManager] Successfully created attachment [Browser Action Test Data - CloseCurrentWindow - Actual Value] @02-11-2021 01:56:30.0703 A
[ReportManager] File Action [GetAbsolutePath] successfully performed. With the following test data [Relative Folder Path: "target/downloadedFiles/"]. @02-11-2021 01:56:30.0706 AM
[ReportManager] Attempting to run locally on: [Mac-64], [Safari], Headless Execution. @02-11-2021 01:56:30.0707 AM
[ReportManager] Successfully Opened Safari. @02-11-2021 01:56:31.0474 AM
[ReportManager] Initial window size: (800, 600) @02-11-2021 01:56:31.0480 AM
[ReportManager] Window size after SWD Maximize: (1176, 811) @02-11-2021 01:56:31.0497 AM
[ReportManager] Browser Action [MaximizeWindow] successfully performed. With the following test data [New screen size is now: (1176, 811)]. @02-11-2021 01:56:31.0498 AM
[ReportManager] Target URL: [https://www.google.com/ncr], and after redirection: [www.google.com] @02-11-2021 01:56:31.0498 AM
[ReportManager] Initial URL: [] @02-11-2021 01:56:31.0563 AM
[ReportManager] Browser Action [NavigateToURL] successfully performed. With the following test data [https://www.google.com/ncr]. @02-11-2021 01:56:33.0011 A

################################################################################################################################################
Starting Execution:	[35 out of 143] test cases in the current suite
Test Method:		[unitTests.tests_validations_assertions.assertElementAttribute_false_regexComparison_expectedToFail]
################################################################################################################################################
[ReportManager] Element Action [Type] successfully performed. With the following test data [Automation123]. @02-11-2021 01:56:33.0483 AM
[ReportManager] Element Action [GetText] successfully performed. With the following test data [Automation123]. @02-11-2021 01:56:33.0526 AM
[ReportManager] Loaded Shared OpenCV @02-11-2021 01:56:33.0590 AM
[ReportManager] Assertion [ValidateElementAttribute] FAILED. Expected [Value Should not be 'Automation.*' for the 'text' attribute, element locator 'By.name: q'] and Actual [Automation123]. Comparison Type [MATCHES]. Validation Type [NEGATIVE]. @02-11-2021 01:56:33.0706 AM
[ReportManager] Successfully created attachment [Screenshot - 1635818193590_assertElementAttribute_false_regexComparison_expectedToFail_ValidateElementAttribute_failed] @02-11-2021 01:56:33.0708 A
[ReportManager] Browser Action [CloseCurrentWindow] successfully performed. @02-11-2021 01:56:33.0852 AM
[ReportManager] Successfully created attachment [Browser Action Test Data - CloseCurrentWindow - Actual Value] @02-11-2021 01:56:33.0854 A
[ReportManager] File Action [GetAbsolutePath] successfully performed. With the following test data [Relative Folder Path: "target/downloadedFiles/"]. @02-11-2021 01:56:33.0857 AM
[ReportManager] Attempting to run locally on: [Mac-64], [Safari], Headless Execution. @02-11-2021 01:56:33.0858 AM
[ReportManager] Successfully Opened Safari. @02-11-2021 01:56:34.0668 AM
[ReportManager] Initial window size: (800, 600) @02-11-2021 01:56:34.0688 AM
[ReportManager] Window size after SWD Maximize: (1176, 811) @02-11-2021 01:56:34.0699 AM
[ReportManager] Browser Action [MaximizeWindow] successfully performed. With the following test data [New screen size is now: (1176, 811)]. @02-11-2021 01:56:34.0699 AM
[ReportManager] Target URL: [https://www.google.com/ncr], and after redirection: [www.google.com] @02-11-2021 01:56:34.0699 AM
[ReportManager] Initial URL: [] @02-11-2021 01:56:34.0759 AM
[ReportManager] Browser Action [NavigateToURL] successfully performed. With the following test data [https://www.google.com/ncr]. @02-11-2021 01:56:35.0728 A

################################################################################################################################################
Starting Execution:	[36 out of 143] test cases in the current suite
Test Method:		[unitTests.tests_validations_assertions.assertElementAttribute_false_regexComparison_expectedToPass]
################################################################################################################################################
[ReportManager] Element Action [Type] successfully performed. With the following test data [Automation123]. @02-11-2021 01:56:36.0240 AM
[ReportManager] Element Action [GetText] successfully performed. With the following test data [Automation123]. @02-11-2021 01:56:36.0287 AM
[ReportManager] Loaded Shared OpenCV @02-11-2021 01:56:36.0354 AM
[ReportManager] Assertion [ValidateElementAttribute] PASSED. Expected [Value Should not be 'Automation' for the 'text' attribute, element locator 'By.name: q'] and Actual [Automation123]. Comparison Type [MATCHES]. Validation Type [NEGATIVE]. @02-11-2021 01:56:36.0477 AM
[ReportManager] Successfully created attachment [Screenshot - 1635818196354_assertElementAttribute_false_regexComparison_expectedToPass_ValidateElementAttribute_passed] @02-11-2021 01:56:36.0479 A
[ReportManager] Browser Action [CloseCurrentWindow] successfully performed. @02-11-2021 01:56:36.0793 AM
[ReportManager] Successfully created attachment [Browser Action Test Data - CloseCurrentWindow - Actual Value] @02-11-2021 01:56:36.0794 A
[ReportManager] File Action [GetAbsolutePath] successfully performed. With the following test data [Relative Folder Path: "target/downloadedFiles/"]. @02-11-2021 01:56:36.0797 AM
[ReportManager] Attempting to run locally on: [Mac-64], [Safari], Headless Execution. @02-11-2021 01:56:36.0797 AM
[ReportManager] Successfully Opened Safari. @02-11-2021 01:56:37.0618 AM
[ReportManager] Initial window size: (800, 600) @02-11-2021 01:56:37.0637 AM
[ReportManager] Window size after SWD Maximize: (1176, 811) @02-11-2021 01:56:37.0653 AM
[ReportManager] Browser Action [MaximizeWindow] successfully performed. With the following test data [New screen size is now: (1176, 811)]. @02-11-2021 01:56:37.0653 AM
[ReportManager] Target URL: [https://www.google.com/ncr], and after redirection: [www.google.com] @02-11-2021 01:56:37.0653 AM
[ReportManager] Initial URL: [] @02-11-2021 01:56:37.0721 AM
[ReportManager] Browser Action [NavigateToURL] successfully performed. With the following test data [https://www.google.com/ncr]. @02-11-2021 01:56:38.0628 A

################################################################################################################################################
Starting Execution:	[37 out of 143] test cases in the current suite
Test Method:		[unitTests.tests_validations_assertions.assertElementAttribute_true_caseInsensitiveComparison_expectedToFail]
################################################################################################################################################
[ReportManager] Element Action [Type] successfully performed. With the following test data [AUTOMATION]. @02-11-2021 01:56:39.0120 AM
[ReportManager] Element Action [GetText] successfully performed. With the following test data [AUTOMATION]. @02-11-2021 01:56:39.0166 AM
[ReportManager] Loaded Shared OpenCV @02-11-2021 01:56:39.0236 AM
[ReportManager] Assertion [ValidateElementAttribute] FAILED. Expected [Value Should be 'AutomaTion123' for the 'text' attribute, element locator 'By.name: q'] and Actual [AUTOMATION]. Comparison Type [CASE_INSENSITIVE]. Validation Type [POSITIVE]. @02-11-2021 01:56:39.0357 AM
[ReportManager] Successfully created attachment [Screenshot - 1635818199236_assertElementAttribute_true_caseInsensitiveComparison_expectedToFail_ValidateElementAttribute_failed] @02-11-2021 01:56:39.0359 A
[ReportManager] Browser Action [CloseCurrentWindow] successfully performed. @02-11-2021 01:56:39.0614 AM
[ReportManager] Successfully created attachment [Browser Action Test Data - CloseCurrentWindow - Actual Value] @02-11-2021 01:56:39.0615 A
[ReportManager] File Action [GetAbsolutePath] successfully performed. With the following test data [Relative Folder Path: "target/downloadedFiles/"]. @02-11-2021 01:56:39.0618 AM
[ReportManager] Attempting to run locally on: [Mac-64], [Safari], Headless Execution. @02-11-2021 01:56:39.0618 AM
[ReportManager] An Exception Occured with this Message: Could not start a new session. Possible causes are invalid address of the remote server or browser start-up failure.. @02-11-2021 01:56:39.0666 AM
[ReportManager] Successfully created attachment [Exception Stack Trace - org.openqa.selenium.SessionNotCreatedException] @02-11-2021 01:56:39.0667 AM
[ReportManager] Driver Factory Action [createNewLocalDriverInstanceForSafari] failed. With the following test data [Failed to create a session onDESKTOP_SAFARI]. @02-11-2021 01:56:39.0668 A

################################################################################################################################################
Starting Execution:	[38 out of 143] test cases in the current suite
Test Method:		[unitTests.tests_validations_assertions.assertElementAttribute_true_caseInsensitiveComparison_expectedToPass]
###############################################################################################################################################



################################################################################################################################################
Starting Execution:	[39 out of 143] test cases in the current suite
Test Method:		[unitTests.tests_validations_assertions.assertElementAttribute_true_containsComparison_expectedToFail]
###############################################################################################################################################



################################################################################################################################################
Starting Execution:	[40 out of 143] test cases in the current suite
Test Method:		[unitTests.tests_validations_assertions.assertElementAttribute_true_containsComparison_expectedToPass]
###############################################################################################################################################



################################################################################################################################################
Starting Execution:	[41 out of 143] test cases in the current suite
Test Method:		[unitTests.tests_validations_assertions.assertElementAttribute_true_literalComparison_expectedToFail]
###############################################################################################################################################



################################################################################################################################################
Starting Execution:	[42 out of 143] test cases in the current suite
Test Method:		[unitTests.tests_validations_assertions.assertElementAttribute_true_literalComparison_expectedToPass]
###############################################################################################################################################



################################################################################################################################################
Starting Execution:	[43 out of 143] test cases in the current suite
Test Method:		[unitTests.tests_validations_assertions.assertElementAttribute_true_regexComparison_expectedToFail]
###############################################################################################################################################



################################################################################################################################################
Starting Execution:	[44 out of 143] test cases in the current suite
Test Method:		[unitTests.tests_validations_assertions.assertElementAttribute_true_regexComparison_expectedToPass]
###############################################################################################################################################



################################################################################################################################################
Starting Execution:	[45 out of 143] test cases in the current suite
Test Method:		[unitTests.tests_validations_assertions.assertElementAttribute_type_true_literalComparison_expectedToPass]
###############################################################################################################################################



################################################################################################################################################
Starting Execution:	[46 out of 143] test cases in the current suite
Test Method:		[unitTests.tests_validations_assertions.assertElementExists_false_expectedToFail]
###############################################################################################################################################



################################################################################################################################################
Starting Execution:	[47 out of 143] test cases in the current suite
Test Method:		[unitTests.tests_validations_assertions.assertElementExists_false_expectedToPass]
###############################################################################################################################################



################################################################################################################################################
Starting Execution:	[48 out of 143] test cases in the current suite
Test Method:		[unitTests.tests_validations_assertions.assertElementExists_false_multipleElementsFound_expectedToFail]
###############################################################################################################################################



################################################################################################################################################
Starting Execution:	[49 out of 143] test cases in the current suite
Test Method:		[unitTests.tests_validations_assertions.assertElementExists_true_expectedToFail]
###############################################################################################################################################



################################################################################################################################################
Starting Execution:	[50 out of 143] test cases in the current suite
Test Method:		[unitTests.tests_validations_assertions.assertElementExists_true_expectedToPass]
###############################################################################################################################################



################################################################################################################################################
Starting Execution:	[51 out of 143] test cases in the current suite
Test Method:		[unitTests.tests_validations_assertions.assertElementExists_true_multipleElementsFound_expectedToFail]
###############################################################################################################################################


################################################################################################################################################
Starting Execution:	[52 out of 143] test cases in the current suite
Test Method:		[unitTests.tests_validations_assertions.assertEquals_false_expectedToFail]
###############################################################################################################################################

################################################################################################################################################
Starting Execution:	[53 out of 143] test cases in the current suite
Test Method:		[unitTests.tests_validations_assertions.assertEquals_false_expectedToPass]
###############################################################################################################################################

################################################################################################################################################
Starting Execution:	[54 out of 143] test cases in the current suite
Test Method:		[unitTests.tests_validations_assertions.assertEquals_longCharacters]
###############################################################################################################################################

################################################################################################################################################
Starting Execution:	[55 out of 143] test cases in the current suite
Test Method:		[unitTests.tests_validations_assertions.assertEquals_longCharacters_Discreet]
###############################################################################################################################################

################################################################################################################################################
Starting Execution:	[56 out of 143] test cases in the current suite
Test Method:		[unitTests.tests_validations_assertions.assertEquals_true_expectedToFail]
###############################################################################################################################################

################################################################################################################################################
Starting Execution:	[57 out of 143] test cases in the current suite
Test Method:		[unitTests.tests_validations_assertions.assertEquals_true_expectedToPass]
Test Description:	[Assert that assertEquals works as expected when the two values are equal.]
###############################################################################################################################################

################################################################################################################################################
Starting Execution:	[58 out of 143] test cases in the current suite
Test Method:		[unitTests.tests_validations_assertions.assertEquals_true_expectedToPass__]
###############################################################################################################################################

################################################################################################################################################
Starting Execution:	[59 out of 143] test cases in the current suite
Test Method:		[unitTests.tests_validations_assertions.assertFileExists_false_expectedToFail]
###############################################################################################################################################

################################################################################################################################################
Starting Execution:	[60 out of 143] test cases in the current suite
Test Method:		[unitTests.tests_validations_assertions.assertFileExists_false_expectedToPass]
###############################################################################################################################################

################################################################################################################################################
Starting Execution:	[61 out of 143] test cases in the current suite
Test Method:		[unitTests.tests_validations_assertions.assertFileExists_true_expectedToFail]
###############################################################################################################################################

################################################################################################################################################
Starting Execution:	[62 out of 143] test cases in the current suite
Test Method:		[unitTests.tests_validations_assertions.assertFileExists_true_expectedToPass]
###############################################################################################################################################

################################################################################################################################################
Starting Execution:	[63 out of 143] test cases in the current suite
Test Method:		[unitTests.tests_validations_assertions.assertNull_false_expectedToFail]
###############################################################################################################################################

################################################################################################################################################
Starting Execution:	[64 out of 143] test cases in the current suite
Test Method:		[unitTests.tests_validations_assertions.assertNull_false_expectedToPass]
###############################################################################################################################################

################################################################################################################################################
Starting Execution:	[65 out of 143] test cases in the current suite
Test Method:		[unitTests.tests_validations_assertions.assertNull_true_expectedToFail]
###############################################################################################################################################

################################################################################################################################################
Starting Execution:	[66 out of 143] test cases in the current suite
Test Method:		[unitTests.tests_validations_assertions.assertNull_true_expectedToPass]
###############################################################################################################################################

################################################################################################################################################
Starting Execution:	[67 out of 143] test cases in the current suite
Test Method:		[unitTests.tests_restActions.getPostsAndAssertBodyForSpecificTitle]
################################################################################################################################################
[ReportManager] Response status code: [200], status line: [HTTP/1.1 200 OK] @02-11-2021 01:56:42.0896 AM
[ReportManager] Assertion Passed: Evaluating the actual response status code against the expected one... @02-11-2021 01:56:42.0896 AM
[ReportManager] Assertion [ValidateEquals] PASSED. Expected [200] and Actual [200]. Comparison Type [EQUALS]. Validation Type [POSITIVE]. @02-11-2021 01:56:42.0897 AM
[ReportManager] API Action [PerformRequest] successfully performed. With the following test data [Request Type: "GET" | Target Status Code: "200" | Service URL: "https://jsonplaceholder.typicode.com/posts" | Content Type: "*/*" | Response Time: "637ms"]. @02-11-2021 01:56:43.0954 AM
[ReportManager] Successfully created attachment [API Request - Specifications] @02-11-2021 01:56:43.0957 AM
[ReportManager] Successfully created attachment [API Response - JSON Body] @02-11-2021 01:56:44.0191 AM
[ReportManager] API Action [GetResponseJSONValueAsList] successfully performed. @02-11-2021 01:56:44.0217 AM
[ReportManager] API Action [GetResponseJSONValue] successfully performed. With the following test data [title]. @02-11-2021 01:56:44.0237 AM
[ReportManager] API Action [GetResponseJSONValue] successfully performed. With the following test data [title]. @02-11-2021 01:56:44.0252 AM
[ReportManager] API Action [GetResponseJSONValue] successfully performed. With the following test data [body]. @02-11-2021 01:56:44.0265 AM
[ReportManager] Assertion [ValidateEquals] PASSED. Expected [qui neque nisi nulla] and Actual [est rerum tempore vitae
sequi sint nihil reprehenderit dolor beatae ea dolores neque
fugiat blanditiis voluptate porro vel nihil molestiae ut reiciendis
qui aperiam non debitis possimus qui neque nisi nulla]. Comparison Type [CONTAINS]. Validation Type [POSITIVE]. @02-11-2021 01:56:44.0266 AM
[ReportManager] API Action [GetResponseJSONValue] successfully performed. With the following test data [title]. @02-11-2021 01:56:44.0280 AM
[ReportManager] API Action [GetResponseJSONValue] successfully performed. With the following test data [title]. @02-11-2021 01:56:44.0293 AM
[ReportManager] API Action [GetResponseJSONValue] successfully performed. With the following test data [title]. @02-11-2021 01:56:44.0305 AM
[ReportManager] API Action [GetResponseJSONValue] successfully performed. With the following test data [title]. @02-11-2021 01:56:44.0318 AM
[ReportManager] API Action [GetResponseJSONValue] successfully performed. With the following test data [title]. @02-11-2021 01:56:44.0331 AM
[ReportManager] API Action [GetResponseJSONValue] successfully performed. With the following test data [title]. @02-11-2021 01:56:44.0344 AM
[ReportManager] API Action [GetResponseJSONValue] successfully performed. With the following test data [title]. @02-11-2021 01:56:44.0357 AM
[ReportManager] API Action [GetResponseJSONValue] successfully performed. With the following test data [title]. @02-11-2021 01:56:44.0370 AM
[ReportManager] API Action [GetResponseJSONValue] successfully performed. With the following test data [title]. @02-11-2021 01:56:44.0383 AM
[ReportManager] API Action [GetResponseJSONValue] successfully performed. With the following test data [title]. @02-11-2021 01:56:44.0395 AM
[ReportManager] API Action [GetResponseJSONValue] successfully performed. With the following test data [title]. @02-11-2021 01:56:44.0410 AM
[ReportManager] API Action [GetResponseJSONValue] successfully performed. With the following test data [title]. @02-11-2021 01:56:44.0424 AM
[ReportManager] API Action [GetResponseJSONValue] successfully performed. With the following test data [title]. @02-11-2021 01:56:44.0443 AM
[ReportManager] API Action [GetResponseJSONValue] successfully performed. With the following test data [title]. @02-11-2021 01:56:44.0458 AM
[ReportManager] API Action [GetResponseJSONValue] successfully performed. With the following test data [title]. @02-11-2021 01:56:44.0471 AM
[ReportManager] API Action [GetResponseJSONValue] successfully performed. With the following test data [title]. @02-11-2021 01:56:44.0482 AM
[ReportManager] API Action [GetResponseJSONValue] successfully performed. With the following test data [title]. @02-11-2021 01:56:44.0494 AM
[ReportManager] API Action [GetResponseJSONValue] successfully performed. With the following test data [title]. @02-11-2021 01:56:44.0506 AM
[ReportManager] API Action [GetResponseJSONValue] successfully performed. With the following test data [title]. @02-11-2021 01:56:44.0517 AM
[ReportManager] API Action [GetResponseJSONValue] successfully performed. With the following test data [title]. @02-11-2021 01:56:44.0528 AM
[ReportManager] API Action [GetResponseJSONValue] successfully performed. With the following test data [title]. @02-11-2021 01:56:44.0541 AM
[ReportManager] API Action [GetResponseJSONValue] successfully performed. With the following test data [title]. @02-11-2021 01:56:44.0552 AM
[ReportManager] API Action [GetResponseJSONValue] successfully performed. With the following test data [title]. @02-11-2021 01:56:44.0564 AM
[ReportManager] API Action [GetResponseJSONValue] successfully performed. With the following test data [title]. @02-11-2021 01:56:44.0575 AM
[ReportManager] API Action [GetResponseJSONValue] successfully performed. With the following test data [title]. @02-11-2021 01:56:44.0587 AM
[ReportManager] API Action [GetResponseJSONValue] successfully performed. With the following test data [title]. @02-11-2021 01:56:44.0598 AM
[ReportManager] API Action [GetResponseJSONValue] successfully performed. With the following test data [title]. @02-11-2021 01:56:44.0610 AM
[ReportManager] API Action [GetResponseJSONValue] successfully performed. With the following test data [title]. @02-11-2021 01:56:44.0622 AM
[ReportManager] API Action [GetResponseJSONValue] successfully performed. With the following test data [title]. @02-11-2021 01:56:44.0633 AM
[ReportManager] API Action [GetResponseJSONValue] successfully performed. With the following test data [title]. @02-11-2021 01:56:44.0644 AM
[ReportManager] API Action [GetResponseJSONValue] successfully performed. With the following test data [title]. @02-11-2021 01:56:44.0669 AM
[ReportManager] API Action [GetResponseJSONValue] successfully performed. With the following test data [title]. @02-11-2021 01:56:44.0681 AM
[ReportManager] API Action [GetResponseJSONValue] successfully performed. With the following test data [title]. @02-11-2021 01:56:44.0691 AM
[ReportManager] API Action [GetResponseJSONValue] successfully performed. With the following test data [title]. @02-11-2021 01:56:44.0702 AM
[ReportManager] API Action [GetResponseJSONValue] successfully performed. With the following test data [title]. @02-11-2021 01:56:44.0713 AM
[ReportManager] API Action [GetResponseJSONValue] successfully performed. With the following test data [title]. @02-11-2021 01:56:44.0723 AM
[ReportManager] API Action [GetResponseJSONValue] successfully performed. With the following test data [title]. @02-11-2021 01:56:44.0734 AM
[ReportManager] API Action [GetResponseJSONValue] successfully performed. With the following test data [title]. @02-11-2021 01:56:44.0744 AM
[ReportManager] API Action [GetResponseJSONValue] successfully performed. With the following test data [title]. @02-11-2021 01:56:44.0755 AM
[ReportManager] API Action [GetResponseJSONValue] successfully performed. With the following test data [title]. @02-11-2021 01:56:44.0766 AM
[ReportManager] API Action [GetResponseJSONValue] successfully performed. With the following test data [title]. @02-11-2021 01:56:44.0776 AM
[ReportManager] API Action [GetResponseJSONValue] successfully performed. With the following test data [title]. @02-11-2021 01:56:44.0787 AM
[ReportManager] API Action [GetResponseJSONValue] successfully performed. With the following test data [title]. @02-11-2021 01:56:44.0804 AM
[ReportManager] API Action [GetResponseJSONValue] successfully performed. With the following test data [title]. @02-11-2021 01:56:44.0815 AM
[ReportManager] API Action [GetResponseJSONValue] successfully performed. With the following test data [title]. @02-11-2021 01:56:44.0826 AM
[ReportManager] API Action [GetResponseJSONValue] successfully performed. With the following test data [title]. @02-11-2021 01:56:44.0836 AM
[ReportManager] API Action [GetResponseJSONValue] successfully performed. With the following test data [title]. @02-11-2021 01:56:44.0847 AM
[ReportManager] API Action [GetResponseJSONValue] successfully performed. With the following test data [title]. @02-11-2021 01:56:44.0858 AM
[ReportManager] API Action [GetResponseJSONValue] successfully performed. With the following test data [title]. @02-11-2021 01:56:44.0869 AM
[ReportManager] API Action [GetResponseJSONValue] successfully performed. With the following test data [title]. @02-11-2021 01:56:44.0880 AM
[ReportManager] API Action [GetResponseJSONValue] successfully performed. With the following test data [title]. @02-11-2021 01:56:44.0890 AM
[ReportManager] API Action [GetResponseJSONValue] successfully performed. With the following test data [title]. @02-11-2021 01:56:44.0902 AM
[ReportManager] API Action [GetResponseJSONValue] successfully performed. With the following test data [title]. @02-11-2021 01:56:44.0912 AM
[ReportManager] API Action [GetResponseJSONValue] successfully performed. With the following test data [title]. @02-11-2021 01:56:44.0923 AM
[ReportManager] API Action [GetResponseJSONValue] successfully performed. With the following test data [title]. @02-11-2021 01:56:44.0933 AM
[ReportManager] API Action [GetResponseJSONValue] successfully performed. With the following test data [title]. @02-11-2021 01:56:44.0943 AM
[ReportManager] API Action [GetResponseJSONValue] successfully performed. With the following test data [title]. @02-11-2021 01:56:44.0953 AM
[ReportManager] API Action [GetResponseJSONValue] successfully performed. With the following test data [title]. @02-11-2021 01:56:44.0963 AM
[ReportManager] API Action [GetResponseJSONValue] successfully performed. With the following test data [title]. @02-11-2021 01:56:44.0975 AM
[ReportManager] API Action [GetResponseJSONValue] successfully performed. With the following test data [title]. @02-11-2021 01:56:45.0000 AM
[ReportManager] API Action [GetResponseJSONValue] successfully performed. With the following test data [title]. @02-11-2021 01:56:45.0010 AM
[ReportManager] API Action [GetResponseJSONValue] successfully performed. With the following test data [title]. @02-11-2021 01:56:45.0020 AM
[ReportManager] API Action [GetResponseJSONValue] successfully performed. With the following test data [title]. @02-11-2021 01:56:45.0031 AM
[ReportManager] API Action [GetResponseJSONValue] successfully performed. With the following test data [title]. @02-11-2021 01:56:45.0042 AM
[ReportManager] API Action [GetResponseJSONValue] successfully performed. With the following test data [title]. @02-11-2021 01:56:45.0052 AM
[ReportManager] API Action [GetResponseJSONValue] successfully performed. With the following test data [title]. @02-11-2021 01:56:45.0062 AM
[ReportManager] API Action [GetResponseJSONValue] successfully performed. With the following test data [title]. @02-11-2021 01:56:45.0074 AM
[ReportManager] API Action [GetResponseJSONValue] successfully performed. With the following test data [title]. @02-11-2021 01:56:45.0085 AM
[ReportManager] API Action [GetResponseJSONValue] successfully performed. With the following test data [title]. @02-11-2021 01:56:45.0095 AM
[ReportManager] API Action [GetResponseJSONValue] successfully performed. With the following test data [title]. @02-11-2021 01:56:45.0105 AM
[ReportManager] API Action [GetResponseJSONValue] successfully performed. With the following test data [title]. @02-11-2021 01:56:45.0115 AM
[ReportManager] API Action [GetResponseJSONValue] successfully performed. With the following test data [title]. @02-11-2021 01:56:45.0125 AM
[ReportManager] API Action [GetResponseJSONValue] successfully performed. With the following test data [title]. @02-11-2021 01:56:45.0135 AM
[ReportManager] API Action [GetResponseJSONValue] successfully performed. With the following test data [title]. @02-11-2021 01:56:45.0146 AM
[ReportManager] API Action [GetResponseJSONValue] successfully performed. With the following test data [title]. @02-11-2021 01:56:45.0156 AM
[ReportManager] API Action [GetResponseJSONValue] successfully performed. With the following test data [title]. @02-11-2021 01:56:45.0166 AM
[ReportManager] API Action [GetResponseJSONValue] successfully performed. With the following test data [title]. @02-11-2021 01:56:45.0177 AM
[ReportManager] API Action [GetResponseJSONValue] successfully performed. With the following test data [title]. @02-11-2021 01:56:45.0187 AM
[ReportManager] API Action [GetResponseJSONValue] successfully performed. With the following test data [title]. @02-11-2021 01:56:45.0197 AM
[ReportManager] API Action [GetResponseJSONValue] successfully performed. With the following test data [title]. @02-11-2021 01:56:45.0207 AM
[ReportManager] API Action [GetResponseJSONValue] successfully performed. With the following test data [title]. @02-11-2021 01:56:45.0217 AM
[ReportManager] API Action [GetResponseJSONValue] successfully performed. With the following test data [title]. @02-11-2021 01:56:45.0227 AM
[ReportManager] API Action [GetResponseJSONValue] successfully performed. With the following test data [title]. @02-11-2021 01:56:45.0237 AM
[ReportManager] API Action [GetResponseJSONValue] successfully performed. With the following test data [title]. @02-11-2021 01:56:45.0248 AM
[ReportManager] API Action [GetResponseJSONValue] successfully performed. With the following test data [title]. @02-11-2021 01:56:45.0257 AM
[ReportManager] API Action [GetResponseJSONValue] successfully performed. With the following test data [title]. @02-11-2021 01:56:45.0267 AM
[ReportManager] API Action [GetResponseJSONValue] successfully performed. With the following test data [title]. @02-11-2021 01:56:45.0277 AM
[ReportManager] API Action [GetResponseJSONValue] successfully performed. With the following test data [title]. @02-11-2021 01:56:45.0286 AM
[ReportManager] API Action [GetResponseJSONValue] successfully performed. With the following test data [title]. @02-11-2021 01:56:45.0296 AM
[ReportManager] API Action [GetResponseJSONValue] successfully performed. With the following test data [title]. @02-11-2021 01:56:45.0306 AM
[ReportManager] API Action [GetResponseJSONValue] successfully performed. With the following test data [title]. @02-11-2021 01:56:45.0316 AM
[ReportManager] API Action [GetResponseJSONValue] successfully performed. With the following test data [title]. @02-11-2021 01:56:45.0326 AM
[ReportManager] API Action [GetResponseJSONValue] successfully performed. With the following test data [title]. @02-11-2021 01:56:45.0337 AM
[ReportManager] API Action [GetResponseJSONValue] successfully performed. With the following test data [title]. @02-11-2021 01:56:45.0347 AM
[ReportManager] API Action [GetResponseJSONValue] successfully performed. With the following test data [title]. @02-11-2021 01:56:45.0357 AM
[ReportManager] API Action [GetResponseJSONValue] successfully performed. With the following test data [title]. @02-11-2021 01:56:45.0367 AM
[ReportManager] API Action [GetResponseJSONValue] successfully performed. With the following test data [title]. @02-11-2021 01:56:45.0377 AM
[ReportManager] API Action [GetResponseJSONValue] successfully performed. With the following test data [title]. @02-11-2021 01:56:45.0387 A

################################################################################################################################################
Starting Execution:	[68 out of 143] test cases in the current suite
Test Method:		[unitTests.tests_restActions.validateUserEmail]
################################################################################################################################################
[ReportManager] Response status code: [200], status line: [HTTP/1.1 200 OK] @02-11-2021 01:56:45.0479 AM
[ReportManager] Assertion Passed: Evaluating the actual response status code against the expected one... @02-11-2021 01:56:45.0479 AM
[ReportManager] Assertion [ValidateEquals] PASSED. Expected [200] and Actual [200]. Comparison Type [EQUALS]. Validation Type [POSITIVE]. @02-11-2021 01:56:45.0479 AM
[ReportManager] API Action [PerformRequest] successfully performed. With the following test data [Request Type: "GET" | Target Status Code: "200" | Service URL: "https://jsonplaceholder.typicode.com/users" | Content Type: "*/*" | Response Time: "81ms"]. @02-11-2021 01:56:45.0504 AM
[ReportManager] Successfully created attachment [API Request - Specifications] @02-11-2021 01:56:45.0505 AM
[ReportManager] Successfully created attachment [API Response - JSON Body] @02-11-2021 01:56:45.0506 AM
[ReportManager] Assertion [ValidateEquals] PASSED. Expected and Actual values are attached. Comparison Type [CONTAINS]. Validation Type [POSITIVE]. @02-11-2021 01:56:45.0507 AM
[ReportManager] Successfully created attachment [Validation Test Data - Expected Value] @02-11-2021 01:56:45.0507 AM
[ReportManager] Successfully created attachment [Validation Test Data - Actual Value] @02-11-2021 01:56:45.0508 AM
[ReportManager] API Action [GetResponseJSONValueAsList] successfully performed. With the following test data [$]. @02-11-2021 01:56:45.0516 AM
[ReportManager] API Action [GetResponseJSONValue] successfully performed. With the following test data [name]. @02-11-2021 01:56:45.0528 AM
[ReportManager] API Action [GetResponseJSONValue] successfully performed. With the following test data [email]. @02-11-2021 01:56:45.0538 AM
[ReportManager] Assertion [ValidateEquals] PASSED. Expected [Sincere@april.biz] and Actual [Sincere@april.biz]. Comparison Type [EQUALS]. Validation Type [POSITIVE]. @02-11-2021 01:56:45.0539 AM
[ReportManager] API Action [GetResponseJSONValue] successfully performed. With the following test data [name]. @02-11-2021 01:56:45.0549 AM
[ReportManager] API Action [GetResponseJSONValue] successfully performed. With the following test data [name]. @02-11-2021 01:56:45.0560 AM
[ReportManager] API Action [GetResponseJSONValue] successfully performed. With the following test data [name]. @02-11-2021 01:56:45.0571 AM
[ReportManager] API Action [GetResponseJSONValue] successfully performed. With the following test data [name]. @02-11-2021 01:56:45.0581 AM
[ReportManager] API Action [GetResponseJSONValue] successfully performed. With the following test data [name]. @02-11-2021 01:56:45.0592 AM
[ReportManager] API Action [GetResponseJSONValue] successfully performed. With the following test data [name]. @02-11-2021 01:56:45.0602 AM
[ReportManager] API Action [GetResponseJSONValue] successfully performed. With the following test data [name]. @02-11-2021 01:56:45.0612 AM
[ReportManager] API Action [GetResponseJSONValue] successfully performed. With the following test data [name]. @02-11-2021 01:56:45.0622 AM
[ReportManager] API Action [GetResponseJSONValue] successfully performed. With the following test data [name]. @02-11-2021 01:56:45.0632 A
[ReportManager] File Action [GetAbsolutePath] successfully performed. With the following test data [Relative Folder Path: "target/downloadedFiles/"]. @02-11-2021 01:56:45.0636 AM
[ReportManager] Attempting to run locally on: [Mac-64], [Safari], Headless Execution. @02-11-2021 01:56:45.0636 AM
[ReportManager] Successfully Opened Safari. @02-11-2021 01:56:46.0445 AM
[ReportManager] Initial window size: (800, 600) @02-11-2021 01:56:46.0468 AM
[ReportManager] Window size after SWD Maximize: (1176, 811) @02-11-2021 01:56:46.0488 AM
[ReportManager] Browser Action [MaximizeWindow] successfully performed. With the following test data [New screen size is now: (1176, 811)]. @02-11-2021 01:56:46.0488 A

################################################################################################################################################
Starting Execution:	[69 out of 143] test cases in the current suite
Test Method:		[testPackage01.Test_uploadFile.uploadFile_invisibleUploadInput]
################################################################################################################################################
[ReportManager] Target URL: [https://fineuploader.com/demos.html#gallery-view] @02-11-2021 01:56:46.0510 AM
[ReportManager] Initial URL: [] @02-11-2021 01:56:46.0579 AM
[ReportManager] Browser Action [NavigateToURL] successfully performed. With the following test data [https://fineuploader.com/demos.html#gallery-view]. @02-11-2021 01:56:47.0864 AM
[ReportManager] File Action [GetAbsolutePath] successfully performed. With the following test data [Relative File Path: "src/main/resources/images/shaft.png"]. @02-11-2021 01:56:47.0865 AM
[ReportManager] Successfully created attachment [File Action Actual Result - Command Log] @02-11-2021 01:56:47.0865 AM
[ReportManager] An Exception Occured with this Message: . @02-11-2021 01:56:48.0046 AM
[ReportManager] Successfully created attachment [Exception Stack Trace - org.openqa.selenium.NoSuchElementException] @02-11-2021 01:56:48.0046 AM
[ReportManager] Element Action [TypeFileLocationForUpload] failed. With the following test data [/Users/runner/work/SHAFT_ENGINE/SHAFT_ENGINE/src/main/resources/images/shaft.png]. @02-11-2021 01:56:48.0167 AM
[ReportManager] Successfully created attachment [Screenshot - 1635818208082_uploadFile_invisibleUploadInput_TypeFileLocationForUpload_failed] @02-11-2021 01:56:48.0168 A
[ReportManager] Browser Action [CloseCurrentWindow] successfully performed. @02-11-2021 01:56:48.0276 AM
[ReportManager] Successfully created attachment [Browser Action Test Data - CloseCurrentWindow - Actual Value] @02-11-2021 01:56:48.0341 A
[ReportManager] File Action [GetAbsolutePath] successfully performed. With the following test data [Relative Folder Path: "target/downloadedFiles/"]. @02-11-2021 01:56:48.0346 AM
[ReportManager] Attempting to run locally on: [Mac-64], [Safari], Headless Execution. @02-11-2021 01:56:48.0347 AM
[ReportManager] Successfully Opened Safari. @02-11-2021 01:56:49.0160 AM
[ReportManager] Initial window size: (800, 600) @02-11-2021 01:56:49.0166 AM
[ReportManager] Window size after SWD Maximize: (1176, 811) @02-11-2021 01:56:49.0194 AM
[ReportManager] Browser Action [MaximizeWindow] successfully performed. With the following test data [New screen size is now: (1176, 811)]. @02-11-2021 01:56:49.0194 A

################################################################################################################################################
Starting Execution:	[70 out of 143] test cases in the current suite
Test Method:		[testPackage01.Test_uploadFile.uploadFile_visibleUploadInput]
################################################################################################################################################
[ReportManager] Target URL: [http://demo.guru99.com/test/upload/] @02-11-2021 01:56:49.0198 AM
[ReportManager] Initial URL: [] @02-11-2021 01:56:49.0279 AM
[ReportManager] Browser Action [NavigateToURL] successfully performed. With the following test data [http://demo.guru99.com/test/upload/]. @02-11-2021 01:56:50.0296 AM
[ReportManager] File Action [GetAbsolutePath] successfully performed. With the following test data [Relative File Path: "src/main/resources/images/shaft.png"]. @02-11-2021 01:56:50.0297 AM
[ReportManager] Successfully created attachment [File Action Actual Result - Command Log] @02-11-2021 01:56:50.0297 AM
[ReportManager] Element Action [TypeFileLocationForUpload] successfully performed. With the following test data [/Users/runner/work/SHAFT_ENGINE/SHAFT_ENGINE/src/main/resources/images/shaft.png]. @02-11-2021 01:56:50.0360 AM
[ReportManager] Element Action [Click] successfully performed. With the following test data [on]. @02-11-2021 01:56:50.0643 AM
[ReportManager] Element Action [Click] successfully performed. With the following test data [ Submit File]. @02-11-2021 01:56:51.0007 AM
[ReportManager] Element Action [GetText] successfully performed. With the following test data [1 file has been successfully uploaded.]. @02-11-2021 01:56:51.0712 AM
[ReportManager] Loaded Shared OpenCV @02-11-2021 01:56:51.0796 AM
[ReportManager] Assertion [ValidateElementAttribute] PASSED. Expected [Value Should be '1 file' for the 'Text' attribute, element locator 'By.id: res'] and Actual [1 file has been successfully uploaded.]. Comparison Type [CONTAINS]. Validation Type [POSITIVE]. @02-11-2021 01:56:51.0911 AM
[ReportManager] Successfully created attachment [Screenshot - 1635818211796_uploadFile_visibleUploadInput_ValidateElementAttribute_passed] @02-11-2021 01:56:51.0913 A
[ReportManager] Browser Action [CloseCurrentWindow] successfully performed. @02-11-2021 01:56:52.0042 AM
[ReportManager] Successfully created attachment [Browser Action Test Data - CloseCurrentWindow - Actual Value] @02-11-2021 01:56:52.0042 A

################################################################################################################################################
Starting Execution:	[71 out of 143] test cases in the current suite
Test Method:		[testPackage01.Test_AssertApiResponseEquals.assertApiResponseEquals_expectedToPass]
################################################################################################################################################
[ReportManager] Response status code: [200], status line: [HTTP/1.1 200 OK] @02-11-2021 01:56:52.0131 AM
[ReportManager] Assertion Passed: Evaluating the actual response status code against the expected one... @02-11-2021 01:56:52.0132 AM
[ReportManager] Assertion [ValidateEquals] PASSED. Expected [200] and Actual [200]. Comparison Type [EQUALS]. Validation Type [POSITIVE]. @02-11-2021 01:56:52.0132 AM
[ReportManager] API Action [PerformRequest] successfully performed. With the following test data [Request Type: "GET" | Target Status Code: "200" | Service URL: "https://jsonplaceholder.typicode.com/users" | Content Type: "*/*" | Response Time: "62ms"]. @02-11-2021 01:56:52.0220 AM
[ReportManager] Successfully created attachment [API Request - Specifications] @02-11-2021 01:56:52.0220 AM
[ReportManager] Successfully created attachment [API Response - JSON Body] @02-11-2021 01:56:52.0221 AM
[ReportManager] API Action [GetResponseJSONValueAsList] successfully performed. With the following test data [$]. @02-11-2021 01:56:52.0226 AM
[ReportManager] API Action [GetResponseJSONValue] successfully performed. With the following test data [name]. @02-11-2021 01:56:52.0256 AM
[ReportManager] API Action [GetResponseJSONValue] successfully performed. With the following test data [email]. @02-11-2021 01:56:52.0279 AM
[ReportManager] Verification [ValidateEquals] PASSED. Expected [Sincere@april.biz] and Actual [Sincere@april.biz]. Comparison Type [EQUALS]. Validation Type [POSITIVE]. @02-11-2021 01:56:52.0279 AM
[ReportManager] API Action [GetResponseJSONValue] successfully performed. With the following test data [username]. @02-11-2021 01:56:52.0312 AM
[ReportManager] Assertion [ValidateEquals] PASSED. Expected [Bret] and Actual [Bret]. Comparison Type [EQUALS]. Validation Type [POSITIVE]. @02-11-2021 01:56:52.0312 AM
[ReportManager] API Action [GetResponseJSONValue] successfully performed. With the following test data [name]. @02-11-2021 01:56:52.0334 AM
[ReportManager] API Action [GetResponseJSONValue] successfully performed. With the following test data [name]. @02-11-2021 01:56:52.0345 AM
[ReportManager] API Action [GetResponseJSONValue] successfully performed. With the following test data [name]. @02-11-2021 01:56:52.0356 AM
[ReportManager] API Action [GetResponseJSONValue] successfully performed. With the following test data [name]. @02-11-2021 01:56:52.0367 AM
[ReportManager] API Action [GetResponseJSONValue] successfully performed. With the following test data [name]. @02-11-2021 01:56:52.0388 AM
[ReportManager] API Action [GetResponseJSONValue] successfully performed. With the following test data [name]. @02-11-2021 01:56:52.0409 AM
[ReportManager] API Action [GetResponseJSONValue] successfully performed. With the following test data [name]. @02-11-2021 01:56:52.0465 AM
[ReportManager] API Action [GetResponseJSONValue] successfully performed. With the following test data [name]. @02-11-2021 01:56:52.0481 AM
[ReportManager] API Action [GetResponseJSONValue] successfully performed. With the following test data [name]. @02-11-2021 01:56:52.0498 A

################################################################################################################################################
Starting Execution:	[72 out of 143] test cases in the current suite
Test Method:		[testPackage01.Test_testData.f]
################################################################################################################################################
[ReportManager] Successfully loaded the following test data file [src/test/resources/TestDataFiles/testSuite01/TestData.xlsx]. @02-11-2021 01:56:52.0545 AM
[ReportManager] Successfully created attachment [Test Data - Excel] @02-11-2021 01:56:52.0545 AM
[ReportManager] Last Column Number is: [3]. Zero-based. @02-11-2021 01:56:52.0546 A

################################################################################################################################################
Starting Execution:	[73 out of 143] test cases in the current suite
Test Method:		[testPackage01.Test_PDF.testPDF_Downloaded]
################################################################################################################################################
[ReportManager] File Action [DoesFileExist] successfully performed. With the following test data [File Path: "src/test/resources/TestDataFiles/sample.pdf"]. @02-11-2021 01:56:52.0554 AM
[ReportManager] File Action [GetAbsolutePath] successfully performed. With the following test data [Relative File Path: "src/test/resources/TestDataFiles/sample.pdf"]. @02-11-2021 01:56:52.0554 AM
[ReportManager] Assertion [ValidateTrue] PASSED. Expected [TRUE] and Actual [TRUE]. Validation Type [POSITIVE]. @02-11-2021 01:56:56.0546 A
[ReportManager] File Action [GetAbsolutePath] successfully performed. With the following test data [Relative Folder Path: "target/downloadedFiles/"]. @02-11-2021 01:56:56.0550 AM
[ReportManager] Attempting to run locally on: [Mac-64], [Safari], Headless Execution. @02-11-2021 01:56:56.0551 AM
[ReportManager] Successfully Opened Safari. @02-11-2021 01:56:57.0358 AM
[ReportManager] Initial window size: (800, 600) @02-11-2021 01:56:57.0370 AM
[ReportManager] Window size after SWD Maximize: (1176, 811) @02-11-2021 01:56:57.0395 AM
[ReportManager] Browser Action [MaximizeWindow] successfully performed. With the following test data [New screen size is now: (1176, 811)]. @02-11-2021 01:56:57.0395 A

################################################################################################################################################
Starting Execution:	[74 out of 143] test cases in the current suite
Test Method:		[testPackage01.Test_ShadowDOM.shadowdom]
################################################################################################################################################
[ReportManager] Target URL: [https://mdn.github.io/web-components-examples/popup-info-box-web-component/] @02-11-2021 01:56:57.0399 AM
[ReportManager] Initial URL: [] @02-11-2021 01:56:57.0454 AM
[ReportManager] Browser Action [NavigateToURL] successfully performed. With the following test data [https://mdn.github.io/web-components-examples/popup-info-box-web-component/]. @02-11-2021 01:56:57.0712 AM
[ReportManager] Element Action [Type] successfully performed. With the following test data [Typing into SHADOW DOM...]. @02-11-2021 01:56:58.0653 AM
[ReportManager] Element Action [GetText] successfully performed. With the following test data [Typing into SHADOW DOM...]. @02-11-2021 01:56:58.0726 AM
[ReportManager] Loaded Shared OpenCV @02-11-2021 01:56:58.0803 AM
[ReportManager] Assertion [ValidateElementAttribute] PASSED. Expected [Value Should be 'Typing into SHADOW DOM...' for the 'Text' attribute, element locator 'By.id: cvc'] and Actual [Typing into SHADOW DOM...]. Comparison Type [EQUALS]. Validation Type [POSITIVE]. @02-11-2021 01:56:58.0945 AM
[ReportManager] Successfully created attachment [Screenshot - 1635818218803_shadowdom_ValidateElementAttribute_passed] @02-11-2021 01:56:58.0946 A
[ReportManager] Browser Action [CloseCurrentWindow] successfully performed. @02-11-2021 01:56:59.0042 AM
[ReportManager] Successfully created attachment [Browser Action Test Data - CloseCurrentWindow - Actual Value] @02-11-2021 01:56:59.0042 A
[ReportManager] File Action [GetAbsolutePath] successfully performed. With the following test data [Relative Folder Path: "target/downloadedFiles/"]. @02-11-2021 01:56:59.0044 AM
[ReportManager] Attempting to run locally on: [Mac-64], [Safari], Headless Execution. @02-11-2021 01:56:59.0044 AM
[ReportManager] Successfully Opened Safari. @02-11-2021 01:56:59.0834 AM
[ReportManager] Initial window size: (800, 600) @02-11-2021 01:56:59.0861 AM
[ReportManager] Window size after SWD Maximize: (1176, 811) @02-11-2021 01:56:59.0895 AM
[ReportManager] Browser Action [MaximizeWindow] successfully performed. With the following test data [New screen size is now: (1176, 811)]. @02-11-2021 01:56:59.0895 A

################################################################################################################################################
Starting Execution:	[75 out of 143] test cases in the current suite
Test Method:		[testPackage01.Test_clipboardActions.typeTextAndCopyPaste]
################################################################################################################################################
[ReportManager] Target URL: [https://www.google.com/ncr], and after redirection: [https://www.google.com] @02-11-2021 01:56:59.0898 AM
[ReportManager] Initial URL: [] @02-11-2021 01:56:59.0969 AM
[ReportManager] Browser Action [NavigateToURL] successfully performed. With the following test data [https://www.google.com/ncr]. @02-11-2021 01:57:01.0493 AM
[ReportManager] Element Action [Type] successfully performed. With the following test data [FIRST]. @02-11-2021 01:57:01.0758 A
[ReportManager] Browser Action [CloseCurrentWindow] successfully performed. @02-11-2021 01:57:02.0023 AM
[ReportManager] Successfully created attachment [Browser Action Test Data - CloseCurrentWindow - Actual Value] @02-11-2021 01:57:02.0025 A

################################################################################################################################################
Starting Execution:	[76 out of 143] test cases in the current suite
Test Method:		[testPackage01.Test_NewValidationHelper.f1]
################################################################################################################################################
[ReportManager] Assertion Passed: Checking valid user data @02-11-2021 01:57:02.0028 AM
[ReportManager] Successfully created attachment [Validation Test Data - Expected Value] @02-11-2021 01:57:02.0029 AM
[ReportManager] Successfully created attachment [Validation Test Data - Actual Value] @02-11-2021 01:57:02.0030 AM
[ReportManager] Assertion [ValidateEquals] PASSED. Expected and Actual values are attached. Comparison Type [EQUALS]. Validation Type [POSITIVE]. @02-11-2021 01:57:02.0030 A
[ReportManager] File Action [GetAbsolutePath] successfully performed. With the following test data [Relative Folder Path: "target/downloadedFiles/"]. @02-11-2021 01:57:02.0033 AM
[ReportManager] Attempting to run locally on: [Mac-64], [Safari], Headless Execution. @02-11-2021 01:57:02.0033 AM
[ReportManager] Successfully Opened Safari. @02-11-2021 01:57:02.0906 AM
[ReportManager] Initial window size: (800, 600) @02-11-2021 01:57:02.0916 AM
[ReportManager] Window size after SWD Maximize: (1176, 811) @02-11-2021 01:57:02.0937 AM
[ReportManager] Browser Action [MaximizeWindow] successfully performed. With the following test data [New screen size is now: (1176, 811)]. @02-11-2021 01:57:02.0937 AM
[ReportManager] Target URL: [https://the-internet.herokuapp.com/] @02-11-2021 01:57:02.0937 AM
[ReportManager] Initial URL: [] @02-11-2021 01:57:03.0008 AM
[ReportManager] Browser Action [NavigateToURL] successfully performed. With the following test data [https://the-internet.herokuapp.com/]. @02-11-2021 01:57:03.0544 A

################################################################################################################################################
Starting Execution:	[77 out of 143] test cases in the current suite
Test Method:		[testPackage01.Test_NewValidationHelper.f10]
################################################################################################################################################
[ReportManager] Assertion [ValidateElementExists] FAILED. Expected [Element Should Exist, locator 'By.tagName: div'] and Actual [Element Exists but is not unique]. Comparison Type [EQUALS]. Validation Type [POSITIVE]. @02-11-2021 01:57:03.0715 AM
[ReportManager] Successfully created attachment [Screenshot - 1635818223629_f10_ValidateElementExists_failed] @02-11-2021 01:57:03.0716 A
[ReportManager] Successfully Closed All Drivers. @02-11-2021 01:57:03.0779 A
[ReportManager] File Action [GetAbsolutePath] successfully performed. With the following test data [Relative Folder Path: "target/downloadedFiles/"]. @02-11-2021 01:57:03.0782 AM
[ReportManager] Attempting to run locally on: [Mac-64], [Safari], Headless Execution. @02-11-2021 01:57:03.0782 AM
[ReportManager] Successfully Opened Safari. @02-11-2021 01:57:04.0563 AM
[ReportManager] Initial window size: (800, 600) @02-11-2021 01:57:04.0586 AM
[ReportManager] Window size after SWD Maximize: (1176, 811) @02-11-2021 01:57:04.0596 AM
[ReportManager] Browser Action [MaximizeWindow] successfully performed. With the following test data [New screen size is now: (1176, 811)]. @02-11-2021 01:57:04.0596 AM
[ReportManager] Target URL: [https://the-internet.herokuapp.com/] @02-11-2021 01:57:04.0596 AM
[ReportManager] Initial URL: [] @02-11-2021 01:57:04.0670 AM
[ReportManager] Browser Action [NavigateToURL] successfully performed. With the following test data [https://the-internet.herokuapp.com/]. @02-11-2021 01:57:05.0111 A

################################################################################################################################################
Starting Execution:	[78 out of 143] test cases in the current suite
Test Method:		[testPackage01.Test_NewValidationHelper.f11]
################################################################################################################################################
[ReportManager] Assertion Passed: Checking that false tag doesn't exist @02-11-2021 01:57:16.0253 AM
[ReportManager] Successfully created attachment [Screenshot - 1635818236160_f11_ValidateElementExists_passed] @02-11-2021 01:57:16.0254 AM
[ReportManager] Assertion [ValidateElementExists] PASSED. Expected [Element Should not Exist, locator 'By.tagName: h3'] and Actual [Element Doesn't Exists]. Comparison Type [EQUALS]. Validation Type [NEGATIVE]. @02-11-2021 01:57:16.0254 A
[ReportManager] Successfully Closed All Drivers. @02-11-2021 01:57:16.0362 A
[ReportManager] File Action [GetAbsolutePath] successfully performed. With the following test data [Relative Folder Path: "target/downloadedFiles/"]. @02-11-2021 01:57:16.0364 AM
[ReportManager] Attempting to run locally on: [Mac-64], [Safari], Headless Execution. @02-11-2021 01:57:16.0364 AM
[ReportManager] Successfully Opened Safari. @02-11-2021 01:57:17.0149 AM
[ReportManager] Initial window size: (800, 600) @02-11-2021 01:57:17.0207 AM
[ReportManager] Window size after SWD Maximize: (1176, 811) @02-11-2021 01:57:17.0246 AM
[ReportManager] Browser Action [MaximizeWindow] successfully performed. With the following test data [New screen size is now: (1176, 811)]. @02-11-2021 01:57:17.0246 AM
[ReportManager] Target URL: [https://the-internet.herokuapp.com/] @02-11-2021 01:57:17.0246 AM
[ReportManager] Initial URL: [] @02-11-2021 01:57:17.0341 AM
[ReportManager] Browser Action [NavigateToURL] successfully performed. With the following test data [https://the-internet.herokuapp.com/]. @02-11-2021 01:57:17.0854 A

################################################################################################################################################
Starting Execution:	[79 out of 143] test cases in the current suite
Test Method:		[testPackage01.Test_NewValidationHelper.f12]
################################################################################################################################################
[ReportManager] Loaded Shared OpenCV @02-11-2021 01:57:17.0944 AM
[ReportManager] Assertion [ValidateElementExists] FAILED. Expected [Element Should not Exist, locator 'By.tagName: h1'] and Actual [Element Exists]. Comparison Type [EQUALS]. Validation Type [NEGATIVE]. @02-11-2021 01:57:18.0092 AM
[ReportManager] Successfully created attachment [Screenshot - 1635818237944_f12_ValidateElementExists_failed] @02-11-2021 01:57:18.0094 A
[ReportManager] Successfully Closed All Drivers. @02-11-2021 01:57:18.0202 A
[ReportManager] File Action [GetAbsolutePath] successfully performed. With the following test data [Relative Folder Path: "target/downloadedFiles/"]. @02-11-2021 01:57:18.0204 AM
[ReportManager] Attempting to run locally on: [Mac-64], [Safari], Headless Execution. @02-11-2021 01:57:18.0204 AM
[ReportManager] Successfully Opened Safari. @02-11-2021 01:57:19.0082 AM
[ReportManager] Initial window size: (800, 600) @02-11-2021 01:57:19.0102 AM
[ReportManager] Window size after SWD Maximize: (1176, 811) @02-11-2021 01:57:19.0120 AM
[ReportManager] Browser Action [MaximizeWindow] successfully performed. With the following test data [New screen size is now: (1176, 811)]. @02-11-2021 01:57:19.0120 AM
[ReportManager] Target URL: [https://the-internet.herokuapp.com/] @02-11-2021 01:57:19.0120 AM
[ReportManager] Initial URL: [] @02-11-2021 01:57:19.0193 AM
[ReportManager] Browser Action [NavigateToURL] successfully performed. With the following test data [https://the-internet.herokuapp.com/]. @02-11-2021 01:57:19.0791 A

################################################################################################################################################
Starting Execution:	[80 out of 143] test cases in the current suite
Test Method:		[testPackage01.Test_NewValidationHelper.f13]
################################################################################################################################################
[ReportManager] Assertion [ValidateElementExists] FAILED. Expected [Element Should not Exist, locator 'By.tagName: div'] and Actual [Element Exists but is not unique]. Comparison Type [EQUALS]. Validation Type [NEGATIVE]. @02-11-2021 01:57:19.0993 AM
[ReportManager] Successfully created attachment [Screenshot - 1635818239902_f13_ValidateElementExists_failed] @02-11-2021 01:57:19.0994 A
[ReportManager] Successfully Closed All Drivers. @02-11-2021 01:57:20.0206 A
[ReportManager] File Action [GetAbsolutePath] successfully performed. With the following test data [Relative Folder Path: "target/downloadedFiles/"]. @02-11-2021 01:57:20.0226 AM
[ReportManager] Attempting to run locally on: [Mac-64], [Safari], Headless Execution. @02-11-2021 01:57:20.0226 AM
[ReportManager] Successfully Opened Safari. @02-11-2021 01:57:21.0198 AM
[ReportManager] Initial window size: (800, 600) @02-11-2021 01:57:21.0218 AM
[ReportManager] Window size after SWD Maximize: (1176, 811) @02-11-2021 01:57:21.0230 AM
[ReportManager] Browser Action [MaximizeWindow] successfully performed. With the following test data [New screen size is now: (1176, 811)]. @02-11-2021 01:57:21.0230 AM
[ReportManager] Target URL: [https://the-internet.herokuapp.com/] @02-11-2021 01:57:21.0230 AM
[ReportManager] Initial URL: [] @02-11-2021 01:57:21.0298 AM
[ReportManager] Browser Action [NavigateToURL] successfully performed. With the following test data [https://the-internet.herokuapp.com/]. @02-11-2021 01:57:21.0797 A

################################################################################################################################################
Starting Execution:	[81 out of 143] test cases in the current suite
Test Method:		[testPackage01.Test_NewValidationHelper.f14]
################################################################################################################################################
[ReportManager] Element Action [GetText] successfully performed. With the following test data [Welcome to the-internet]. @02-11-2021 01:57:21.0836 AM
[ReportManager] Loaded Shared OpenCV @02-11-2021 01:57:21.0900 AM
[ReportManager] Assertion Passed: Asserting that the header text is correct @02-11-2021 01:57:22.0012 AM
[ReportManager] Successfully created attachment [Screenshot - 1635818241900_f14_ValidateElementAttribute_passed] @02-11-2021 01:57:22.0013 AM
[ReportManager] Assertion [ValidateElementAttribute] PASSED. Expected [Value Should be 'Welcome to the-internet' for the 'text' attribute, element locator 'By.tagName: h1'] and Actual [Welcome to the-internet]. Comparison Type [EQUALS]. Validation Type [POSITIVE]. @02-11-2021 01:57:22.0013 A
[ReportManager] Successfully Closed All Drivers. @02-11-2021 01:57:22.0252 A
[ReportManager] File Action [GetAbsolutePath] successfully performed. With the following test data [Relative Folder Path: "target/downloadedFiles/"]. @02-11-2021 01:57:22.0254 AM
[ReportManager] Attempting to run locally on: [Mac-64], [Safari], Headless Execution. @02-11-2021 01:57:22.0254 AM
[ReportManager] Successfully Opened Safari. @02-11-2021 01:57:23.0127 AM
[ReportManager] Initial window size: (800, 600) @02-11-2021 01:57:23.0138 AM
[ReportManager] Window size after SWD Maximize: (1176, 811) @02-11-2021 01:57:23.0212 AM
[ReportManager] Browser Action [MaximizeWindow] successfully performed. With the following test data [New screen size is now: (1176, 811)]. @02-11-2021 01:57:23.0212 AM
[ReportManager] Target URL: [https://the-internet.herokuapp.com/] @02-11-2021 01:57:23.0212 AM
[ReportManager] Initial URL: [] @02-11-2021 01:57:23.0264 AM
[ReportManager] Browser Action [NavigateToURL] successfully performed. With the following test data [https://the-internet.herokuapp.com/]. @02-11-2021 01:57:23.0802 A

################################################################################################################################################
Starting Execution:	[82 out of 143] test cases in the current suite
Test Method:		[testPackage01.Test_NewValidationHelper.f15]
################################################################################################################################################
[ReportManager] Element Action [GetText] successfully performed. With the following test data [Welcome to the-internet]. @02-11-2021 01:57:23.0842 AM
[ReportManager] Loaded Shared OpenCV @02-11-2021 01:57:23.0912 AM
[ReportManager] Assertion [ValidateElementAttribute] FAILED. Expected [Value Should not be 'Welcome' for the 'text' attribute, element locator 'By.tagName: h1'] and Actual [Welcome to the-internet]. Comparison Type [CONTAINS]. Validation Type [NEGATIVE]. @02-11-2021 01:57:24.0019 AM
[ReportManager] Successfully created attachment [Screenshot - 1635818243912_f15_ValidateElementAttribute_failed] @02-11-2021 01:57:24.0020 A
[ReportManager] Successfully Closed All Drivers. @02-11-2021 01:57:24.0085 A
[ReportManager] File Action [GetAbsolutePath] successfully performed. With the following test data [Relative Folder Path: "target/downloadedFiles/"]. @02-11-2021 01:57:24.0089 AM
[ReportManager] Attempting to run locally on: [Mac-64], [Safari], Headless Execution. @02-11-2021 01:57:24.0089 AM
[ReportManager] Successfully Opened Safari. @02-11-2021 01:57:24.0893 AM
[ReportManager] Initial window size: (800, 600) @02-11-2021 01:57:24.0938 AM
[ReportManager] Window size after SWD Maximize: (1176, 811) @02-11-2021 01:57:24.0954 AM
[ReportManager] Browser Action [MaximizeWindow] successfully performed. With the following test data [New screen size is now: (1176, 811)]. @02-11-2021 01:57:24.0954 AM
[ReportManager] Target URL: [https://the-internet.herokuapp.com/] @02-11-2021 01:57:24.0954 AM
[ReportManager] Initial URL: [] @02-11-2021 01:57:25.0014 AM
[ReportManager] Browser Action [NavigateToURL] successfully performed. With the following test data [https://the-internet.herokuapp.com/]. @02-11-2021 01:57:25.0624 A

################################################################################################################################################
Starting Execution:	[83 out of 143] test cases in the current suite
Test Method:		[testPackage01.Test_NewValidationHelper.f16]
################################################################################################################################################
[ReportManager] Element Action [IdentifyUniqueElement] failed. With the following test data [zero elements found matching this locator "By.tagName: h3".]. @02-11-2021 01:57:51.0515 AM
[ReportManager] Successfully created attachment [Screenshot - 1635818271424_f16_IdentifyUniqueElement_failed] @02-11-2021 01:57:51.0516 AM
[ReportManager] Assertion [ValidateElementAttribute] FAILED. Expected [Value Should not be 'Welcome' for the 'text' attribute, element locator 'By.tagName: h3'] and Actual [Failed to read the desired element attribute]. Comparison Type [CONTAINS]. Validation Type [NEGATIVE]. @02-11-2021 01:57:51.0516 A
[ReportManager] Successfully Closed All Drivers. @02-11-2021 01:57:51.0569 A
[ReportManager] File Action [GetAbsolutePath] successfully performed. With the following test data [Relative Folder Path: "target/downloadedFiles/"]. @02-11-2021 01:57:51.0572 AM
[ReportManager] Attempting to run locally on: [Mac-64], [Safari], Headless Execution. @02-11-2021 01:57:51.0572 AM
[ReportManager] Successfully Opened Safari. @02-11-2021 01:57:52.0477 AM
[ReportManager] Initial window size: (800, 600) @02-11-2021 01:57:52.0484 AM
[ReportManager] Window size after SWD Maximize: (1176, 811) @02-11-2021 01:57:52.0504 AM
[ReportManager] Browser Action [MaximizeWindow] successfully performed. With the following test data [New screen size is now: (1176, 811)]. @02-11-2021 01:57:52.0504 AM
[ReportManager] Target URL: [https://the-internet.herokuapp.com/] @02-11-2021 01:57:52.0504 AM
[ReportManager] Initial URL: [] @02-11-2021 01:57:52.0563 AM
[ReportManager] Browser Action [NavigateToURL] successfully performed. With the following test data [https://the-internet.herokuapp.com/]. @02-11-2021 01:57:53.0071 A

################################################################################################################################################
Starting Execution:	[84 out of 143] test cases in the current suite
Test Method:		[testPackage01.Test_NewValidationHelper.f17]
################################################################################################################################################
[ReportManager] Attempting to getAttribute [text2] from elementLocator [By.tagName: h1]. @02-11-2021 01:57:53.0076 AM
[ReportManager] Element Action [GetAttribute] successfully performed. @02-11-2021 01:57:53.0135 AM
[ReportManager] Loaded Shared OpenCV @02-11-2021 01:57:53.0200 AM
[ReportManager] Assertion [ValidateElementAttribute] PASSED. Expected [Value Should not be 'Welcome' for the 'text2' attribute, element locator 'By.tagName: h1'] and Actual [null]. Comparison Type [CONTAINS]. Validation Type [NEGATIVE]. @02-11-2021 01:57:53.0357 AM
[ReportManager] Successfully created attachment [Screenshot - 1635818273200_f17_ValidateElementAttribute_passed] @02-11-2021 01:57:53.0358 A
[ReportManager] Successfully Closed All Drivers. @02-11-2021 01:57:53.0584 A
[ReportManager] File Action [GetAbsolutePath] successfully performed. With the following test data [Relative Folder Path: "target/downloadedFiles/"]. @02-11-2021 01:57:53.0587 AM
[ReportManager] Attempting to run locally on: [Mac-64], [Safari], Headless Execution. @02-11-2021 01:57:53.0587 AM
[ReportManager] Successfully Opened Safari. @02-11-2021 01:57:54.0437 AM
[ReportManager] Initial window size: (800, 600) @02-11-2021 01:57:54.0442 AM
[ReportManager] Window size after SWD Maximize: (1176, 811) @02-11-2021 01:57:54.0454 AM
[ReportManager] Browser Action [MaximizeWindow] successfully performed. With the following test data [New screen size is now: (1176, 811)]. @02-11-2021 01:57:54.0454 AM
[ReportManager] Target URL: [https://the-internet.herokuapp.com/] @02-11-2021 01:57:54.0455 AM
[ReportManager] Initial URL: [] @02-11-2021 01:57:54.0526 AM
[ReportManager] Browser Action [NavigateToURL] successfully performed. With the following test data [https://the-internet.herokuapp.com/]. @02-11-2021 01:57:55.0011 A

################################################################################################################################################
Starting Execution:	[85 out of 143] test cases in the current suite
Test Method:		[testPackage01.Test_NewValidationHelper.f18]
################################################################################################################################################
[ReportManager] Element Action [GetText] successfully performed. With the following test data [Welcome to the-internet]. @02-11-2021 01:57:55.0051 AM
[ReportManager] Loaded Shared OpenCV @02-11-2021 01:57:55.0113 AM
[ReportManager] Assertion [ValidateElementAttribute] PASSED. Expected [Value Should not be 'no' for the 'text' attribute, element locator 'By.tagName: h1'] and Actual [Welcome to the-internet]. Comparison Type [CONTAINS]. Validation Type [NEGATIVE]. @02-11-2021 01:57:55.0215 AM
[ReportManager] Successfully created attachment [Screenshot - 1635818275113_f18_ValidateElementAttribute_passed] @02-11-2021 01:57:55.0216 A
[ReportManager] Successfully Closed All Drivers. @02-11-2021 01:57:55.0457 A

################################################################################################################################################
Starting Execution:	[86 out of 143] test cases in the current suite
Test Method:		[testPackage01.Test_NewValidationHelper.f2]
################################################################################################################################################
[ReportManager] Assertion Failed: Checking valid user data @02-11-2021 01:57:55.0461 AM
[ReportManager] Assertion [ValidateEquals] FAILED. Expected [1] and Actual [2]. Comparison Type [EQUALS]. Validation Type [POSITIVE]. @02-11-2021 01:57:55.0461 A
[ReportManager] File Action [GetAbsolutePath] successfully performed. With the following test data [Relative Folder Path: "target/downloadedFiles/"]. @02-11-2021 01:57:55.0463 AM
[ReportManager] Attempting to run locally on: [Mac-64], [Safari], Headless Execution. @02-11-2021 01:57:55.0463 AM
[ReportManager] An Exception Occured with this Message: Could not start a new session. Possible causes are invalid address of the remote server or browser start-up failure.. @02-11-2021 01:57:55.0478 AM
[ReportManager] Successfully created attachment [Exception Stack Trace - org.openqa.selenium.SessionNotCreatedException] @02-11-2021 01:57:55.0478 AM
[ReportManager] Driver Factory Action [createNewLocalDriverInstanceForSafari] failed. With the following test data [Failed to create a session onDESKTOP_SAFARI]. @02-11-2021 01:57:55.0479 A

################################################################################################################################################
Starting Execution:	[87 out of 143] test cases in the current suite
Test Method:		[testPackage01.Test_NewValidationHelper.f20]
###############################################################################################################################################



################################################################################################################################################
Starting Execution:	[88 out of 143] test cases in the current suite
Test Method:		[testPackage01.Test_NewValidationHelper.f21]
###############################################################################################################################################



################################################################################################################################################
Starting Execution:	[89 out of 143] test cases in the current suite
Test Method:		[testPackage01.Test_NewValidationHelper.f22]
###############################################################################################################################################


################################################################################################################################################
Starting Execution:	[90 out of 143] test cases in the current suite
Test Method:		[testPackage01.Test_NewValidationHelper.f23]
###############################################################################################################################################

################################################################################################################################################
Starting Execution:	[91 out of 143] test cases in the current suite
Test Method:		[testPackage01.Test_NewValidationHelper.f24]
###############################################################################################################################################

################################################################################################################################################
Starting Execution:	[92 out of 143] test cases in the current suite
Test Method:		[testPackage01.Test_NewValidationHelper.f25]
###############################################################################################################################################

################################################################################################################################################
Starting Execution:	[93 out of 143] test cases in the current suite
Test Method:		[testPackage01.Test_NewValidationHelper.f26]
###############################################################################################################################################

################################################################################################################################################
Starting Execution:	[94 out of 143] test cases in the current suite
Test Method:		[testPackage01.Test_NewValidationHelper.f27]
###############################################################################################################################################

################################################################################################################################################
Starting Execution:	[95 out of 143] test cases in the current suite
Test Method:		[testPackage01.Test_NewValidationHelper.f28]
###############################################################################################################################################

################################################################################################################################################
Starting Execution:	[96 out of 143] test cases in the current suite
Test Method:		[testPackage01.Test_NewValidationHelper.f29]
###############################################################################################################################################

################################################################################################################################################
Starting Execution:	[97 out of 143] test cases in the current suite
Test Method:		[testPackage01.Test_NewValidationHelper.f3]
###############################################################################################################################################

################################################################################################################################################
Starting Execution:	[98 out of 143] test cases in the current suite
Test Method:		[testPackage01.Test_NewValidationHelper.f30]
###############################################################################################################################################

################################################################################################################################################
Starting Execution:	[99 out of 143] test cases in the current suite
Test Method:		[testPackage01.Test_NewValidationHelper.f31]
###############################################################################################################################################

################################################################################################################################################
Starting Execution:	[100 out of 143] test cases in the current suite
Test Method:		[testPackage01.Test_NewValidationHelper.f32]
###############################################################################################################################################

################################################################################################################################################
Starting Execution:	[101 out of 143] test cases in the current suite
Test Method:		[testPackage01.Test_NewValidationHelper.f33]
###############################################################################################################################################

################################################################################################################################################
Starting Execution:	[102 out of 143] test cases in the current suite
Test Method:		[testPackage01.Test_NewValidationHelper.f34]
###############################################################################################################################################

################################################################################################################################################
Starting Execution:	[103 out of 143] test cases in the current suite
Test Method:		[testPackage01.Test_NewValidationHelper.f35]
###############################################################################################################################################

################################################################################################################################################
Starting Execution:	[104 out of 143] test cases in the current suite
Test Method:		[testPackage01.Test_NewValidationHelper.f36]
###############################################################################################################################################

################################################################################################################################################
Starting Execution:	[105 out of 143] test cases in the current suite
Test Method:		[testPackage01.Test_NewValidationHelper.f37]
###############################################################################################################################################

################################################################################################################################################
Starting Execution:	[106 out of 143] test cases in the current suite
Test Method:		[testPackage01.Test_NewValidationHelper.f3_1]
###############################################################################################################################################

################################################################################################################################################
Starting Execution:	[107 out of 143] test cases in the current suite
Test Method:		[testPackage01.Test_NewValidationHelper.f4]
###############################################################################################################################################

################################################################################################################################################
Starting Execution:	[108 out of 143] test cases in the current suite
Test Method:		[testPackage01.Test_NewValidationHelper.f5]
###############################################################################################################################################

################################################################################################################################################
Starting Execution:	[109 out of 143] test cases in the current suite
Test Method:		[testPackage01.Test_NewValidationHelper.f6]
###############################################################################################################################################

################################################################################################################################################
Starting Execution:	[110 out of 143] test cases in the current suite
Test Method:		[testPackage01.Test_NewValidationHelper.f6_1]
###############################################################################################################################################

################################################################################################################################################
Starting Execution:	[111 out of 143] test cases in the current suite
Test Method:		[testPackage01.Test_NewValidationHelper.f6_2]
###############################################################################################################################################

################################################################################################################################################
Starting Execution:	[112 out of 143] test cases in the current suite
Test Method:		[testPackage01.Test_NewValidationHelper.f7]
###############################################################################################################################################


################################################################################################################################################
Starting Execution:	[113 out of 143] test cases in the current suite
Test Method:		[testPackage01.Test_NewValidationHelper.f8]
###############################################################################################################################################



################################################################################################################################################
Starting Execution:	[114 out of 143] test cases in the current suite
Test Method:		[testPackage01.Test_NewValidationHelper.f9]
###############################################################################################################################################


################################################################################################################################################
Starting Execution:	[115 out of 143] test cases in the current suite
Test Method:		[testPackage01.Test_NewValidationHelper.forceFail]
###############################################################################################################################################

################################################################################################################################################
Starting Execution:	[116 out of 143] test cases in the current suite
Test Method:		[testPackage01.Test_NewValidationHelper.forceFail2]
###############################################################################################################################################

################################################################################################################################################
Starting Execution:	[117 out of 143] test cases in the current suite
Test Method:		[testPackage01.Test_JsonActions.f]
###############################################################################################################################################

################################################################################################################################################
Starting Execution:	[118 out of 143] test cases in the current suite
Test Method:		[testPackage01.Test_JsonActions.f2]
###############################################################################################################################################

################################################################################################################################################
Starting Execution:	[119 out of 143] test cases in the current suite
Test Method:		[testPackage01.Test_sendGraphqlRequest.sendGraphqlRequestUsingMutationAndVariables]
################################################################################################################################################
[ReportManager] GraphQl Request is being Performed with the Following Parameters [Service URL: https://api.spacex.land/graphql | Request Body: {"variables":"{\"name\": \"sherlock holmes\",\"rocket\": \"221B Baker Street\"}","query":"mutation ($name: String, $rocket: String) {\n  insert_users(objects: {name: $name, rocket: $rocket}) {\n    returning {\n      name\n      rocket\n    }\n  }\n}"}] @02-11-2021 01:57:55.0668 AM
[ReportManager] Response status code: [200], status line: [HTTP/1.1 200 OK] @02-11-2021 01:57:57.0027 AM
[ReportManager] Assertion Passed: Evaluating the actual response status code against the expected one... @02-11-2021 01:57:57.0027 AM
[ReportManager] Assertion [ValidateEquals] PASSED. Expected [200] and Actual [200]. Comparison Type [EQUALS]. Validation Type [POSITIVE]. @02-11-2021 01:57:57.0027 AM
[ReportManager] API Action [PerformRequest] successfully performed. With the following test data [Request Type: "POST" | Target Status Code: "200" | Service URL: "https://api.spacex.land/graphql" | Content Type: "application/json" | Response Time: "1186ms"]. @02-11-2021 01:57:57.0062 AM
[ReportManager] Successfully created attachment [API Request - Specifications] @02-11-2021 01:57:57.0062 AM
[ReportManager] Successfully created attachment [API Request - JSON Body] @02-11-2021 01:57:57.0063 AM
[ReportManager] Successfully created attachment [API Response - JSON Body] @02-11-2021 01:57:57.0063 AM
[ReportManager] API Action [GetResponseJSONValue] successfully performed. With the following test data [data.insert_users.returning[0].name]. @02-11-2021 01:57:57.0110 AM
[ReportManager] Assertion [ValidateEquals] PASSED. Expected [sherlock holmes] and Actual [sherlock holmes]. Comparison Type [EQUALS]. Validation Type [POSITIVE]. @02-11-2021 01:57:57.0110 A

################################################################################################################################################
Starting Execution:	[120 out of 143] test cases in the current suite
Test Method:		[testPackage01.Test_sendGraphqlRequest.sendGraphqlRequestUsingQuery]
################################################################################################################################################
[ReportManager] GraphQl Request is being Performed with the Following Parameters [Service URL: https://api.spacex.land/graphql | Request Body: {"query":"{company {ceo}}"}] @02-11-2021 01:57:57.0113 AM
[ReportManager] Response status code: [200], status line: [HTTP/1.1 200 OK] @02-11-2021 01:57:57.0250 AM
[ReportManager] Assertion Passed: Evaluating the actual response status code against the expected one... @02-11-2021 01:57:57.0250 AM
[ReportManager] Assertion [ValidateEquals] PASSED. Expected [200] and Actual [200]. Comparison Type [EQUALS]. Validation Type [POSITIVE]. @02-11-2021 01:57:57.0250 AM
[ReportManager] API Action [PerformRequest] successfully performed. With the following test data [Request Type: "POST" | Target Status Code: "200" | Service URL: "https://api.spacex.land/graphql" | Content Type: "application/json" | Response Time: "132ms"]. @02-11-2021 01:57:57.0268 AM
[ReportManager] Successfully created attachment [API Request - Specifications] @02-11-2021 01:57:57.0269 AM
[ReportManager] Successfully created attachment [API Request - JSON Body] @02-11-2021 01:57:57.0270 AM
[ReportManager] Successfully created attachment [API Response - JSON Body] @02-11-2021 01:57:57.0270 AM
[ReportManager] API Action [GetResponseJSONValue] successfully performed. With the following test data [data.company.ceo]. @02-11-2021 01:57:57.0284 AM
[ReportManager] Assertion [ValidateEquals] PASSED. Expected [Elon Musk] and Actual [Elon Musk]. Comparison Type [EQUALS]. Validation Type [POSITIVE]. @02-11-2021 01:57:57.0284 A
[ReportManager] File Action [GetAbsolutePath] successfully performed. With the following test data [Relative Folder Path: "target/downloadedFiles/"]. @02-11-2021 01:57:57.0286 AM
[ReportManager] Attempting to run locally on: [Mac-64], [Safari], Headless Execution. @02-11-2021 01:57:57.0286 AM
[ReportManager] Successfully Opened Safari. @02-11-2021 01:57:58.0049 AM
[ReportManager] Initial window size: (800, 600) @02-11-2021 01:57:58.0069 AM
[ReportManager] Window size after SWD Maximize: (1176, 811) @02-11-2021 01:57:58.0084 AM
[ReportManager] Browser Action [MaximizeWindow] successfully performed. With the following test data [New screen size is now: (1176, 811)]. @02-11-2021 01:57:58.0084 A

################################################################################################################################################
Starting Execution:	[121 out of 143] test cases in the current suite
Test Method:		[testPackage01.Test_dragAndDrop.dragAndDropJquery]
################################################################################################################################################
[ReportManager] Target URL: [https://jqueryui.com/resources/demos/droppable/default.html] @02-11-2021 01:57:58.0088 AM
[ReportManager] Initial URL: [] @02-11-2021 01:57:58.0198 AM
[ReportManager] Browser Action [NavigateToURL] successfully performed. With the following test data [https://jqueryui.com/resources/demos/droppable/default.html]. @02-11-2021 01:57:58.0796 AM
[ReportManager] Element Action [GetText] successfully performed. With the following test data [
	Drop here
]. @02-11-2021 01:57:58.0828 AM
[ReportManager] Element Action [DragAndDrop] successfully performed. With the following test data [Start point: (8, 18), End point: (8, 18)]. @02-11-2021 01:57:59.0938 AM
[ReportManager] Element Action [GetText] successfully performed. With the following test data [
	Dropped!
]. @02-11-2021 01:57:59.0964 AM
[ReportManager] Assertion Passed: Checking to see if the text has changed after performing drag and drop @02-11-2021 01:57:59.0965 AM
[ReportManager] Assertion [ValidateEquals] PASSED. Expected [
	Drop here
] and Actual [
	Dropped!
]. Comparison Type [EQUALS]. Validation Type [NEGATIVE]. @02-11-2021 01:57:59.0965 A
[ReportManager] Browser Action [CloseCurrentWindow] successfully performed. @02-11-2021 01:58:00.0061 AM
[ReportManager] Successfully created attachment [Browser Action Test Data - CloseCurrentWindow - Actual Value] @02-11-2021 01:58:00.0061 A
[ReportManager] File Action [GetAbsolutePath] successfully performed. With the following test data [Relative Folder Path: "target/downloadedFiles/"]. @02-11-2021 01:58:00.0064 AM
[ReportManager] Attempting to run locally on: [Mac-64], [Safari], Headless Execution. @02-11-2021 01:58:00.0064 AM
[ReportManager] Successfully Opened Safari. @02-11-2021 01:58:00.0881 AM
[ReportManager] Initial window size: (800, 600) @02-11-2021 01:58:00.0900 AM
[ReportManager] Window size after SWD Maximize: (1176, 811) @02-11-2021 01:58:00.0915 AM
[ReportManager] Browser Action [MaximizeWindow] successfully performed. With the following test data [New screen size is now: (1176, 811)]. @02-11-2021 01:58:00.0916 A

################################################################################################################################################
Starting Execution:	[122 out of 143] test cases in the current suite
Test Method:		[testPackage01.Test_dragAndDrop.dragAndDrop]
Test Description:	[TC001 - Test Drag and Drop function.]
################################################################################################################################################
[ReportManager] Target URL: [http://the-internet.herokuapp.com/drag_and_drop] @02-11-2021 01:58:00.0918 AM
[ReportManager] Initial URL: [] @02-11-2021 01:58:00.0972 AM
[ReportManager] Browser Action [NavigateToURL] successfully performed. With the following test data [http://the-internet.herokuapp.com/drag_and_drop]. @02-11-2021 01:58:01.0418 AM
[ReportManager] Attempting Drag and Drop @02-11-2021 01:58:01.0419 AM
[ReportManager] Element Action [DragAndDrop] successfully performed. With the following test data [Start point: (120, 89), End point: (335, 89)]. @02-11-2021 01:58:02.0046 A
[ReportManager] Browser Action [CloseCurrentWindow] successfully performed. @02-11-2021 01:58:02.0298 AM
[ReportManager] Successfully created attachment [Browser Action Test Data - CloseCurrentWindow - Actual Value] @02-11-2021 01:58:02.0299 A
[ReportManager] File Action [GetAbsolutePath] successfully performed. With the following test data [Relative Folder Path: "target/downloadedFiles/"]. @02-11-2021 01:58:02.0301 AM
[ReportManager] Attempting to run locally on: [Mac-64], [Safari], Headless Execution. @02-11-2021 01:58:02.0301 AM
[ReportManager] Successfully Opened Safari. @02-11-2021 01:58:03.0099 AM
[ReportManager] Initial window size: (800, 600) @02-11-2021 01:58:03.0104 AM
[ReportManager] Window size after SWD Maximize: (1176, 811) @02-11-2021 01:58:03.0119 AM
[ReportManager] Browser Action [MaximizeWindow] successfully performed. With the following test data [New screen size is now: (1176, 811)]. @02-11-2021 01:58:03.0119 A

################################################################################################################################################
Starting Execution:	[123 out of 143] test cases in the current suite
Test Method:		[testPackage01.Test_dragAndDrop.dragAndDropByOffset]
Test Description:	[TC002 - Test Drag and Drop by offset function.]
################################################################################################################################################
[ReportManager] Target URL: [https://jqueryui.com/resources/demos/draggable/default.html] @02-11-2021 01:58:03.0134 AM
[ReportManager] Initial URL: [] @02-11-2021 01:58:03.0168 AM
[ReportManager] Browser Action [NavigateToURL] successfully performed. With the following test data [https://jqueryui.com/resources/demos/draggable/default.html]. @02-11-2021 01:58:03.0779 AM
[ReportManager] Element Action [DragAndDropByOffset] successfully performed. With the following test data [Start point: (8, 8), End point: (108, 58)]. @02-11-2021 01:58:04.0551 A
[ReportManager] Browser Action [CloseCurrentWindow] successfully performed. @02-11-2021 01:58:04.0734 AM
[ReportManager] Successfully created attachment [Browser Action Test Data - CloseCurrentWindow - Actual Value] @02-11-2021 01:58:04.0735 A
[ReportManager] Successfully loaded the following test data file [src/test/resources/TestDataFiles/testSuite01/TestData.xlsx]. @02-11-2021 01:58:04.0779 AM
[ReportManager] Successfully created attachment [Test Data - Excel] @02-11-2021 01:58:04.0780 AM
[ReportManager] File Action [GetAbsolutePath] successfully performed. With the following test data [Relative Folder Path: "target/downloadedFiles/"]. @02-11-2021 01:58:04.0780 AM
[ReportManager] Attempting to run locally on: [Mac-64], [Safari], Headless Execution. @02-11-2021 01:58:04.0780 AM
[ReportManager] Successfully Opened Safari. @02-11-2021 01:58:05.0623 AM
[ReportManager] Initial window size: (800, 600) @02-11-2021 01:58:05.0627 AM
[ReportManager] Window size after SWD Maximize: (1176, 811) @02-11-2021 01:58:05.0637 AM
[ReportManager] Browser Action [MaximizeWindow] successfully performed. With the following test data [New screen size is now: (1176, 811)]. @02-11-2021 01:58:05.0638 A

################################################################################################################################################
Starting Execution:	[124 out of 143] test cases in the current suite
Test Method:		[testPackage01.Test_google.navigateToURLandVerifyGoogleLogoIsDisplayed]
Test Description:	[TC001 - Navigate to URL and Verify Google Logo is Displayed]
################################################################################################################################################
[ReportManager] Target URL: [https://www.google.com/ncr], and after redirection: [https://www.google.com] @02-11-2021 01:58:05.0651 AM
[ReportManager] Initial URL: [] @02-11-2021 01:58:05.0709 AM
[ReportManager] Browser Action [NavigateToURL] successfully performed. With the following test data [https://www.google.com/ncr]. @02-11-2021 01:58:06.0775 AM
[ReportManager] Loaded Shared OpenCV @02-11-2021 01:58:06.0865 AM
[ReportManager] Assertion [ValidateElementExists] PASSED. Expected [Element Should Exist, locator 'By.xpath: //*[@id='hplogo' or @alt='Google']'] and Actual [Element Exists]. Comparison Type [EQUALS]. Validation Type [POSITIVE]. @02-11-2021 01:58:06.0986 AM
[ReportManager] Successfully created attachment [Screenshot - 1635818286865_navigateToURLandVerifyGoogleLogoIsDisplayed_ValidateElementExists_passed] @02-11-2021 01:58:06.0990 A

################################################################################################################################################
Starting Execution:	[125 out of 143] test cases in the current suite
Test Method:		[testPackage01.Test_google.searchForQueryandAssertResultsNumDisplayed]
Test Description:	[TC002 - Search for Query and Assert that the number of results is displayed]
################################################################################################################################################
[ReportManager] Element Action [Type] successfully performed. With the following test data [SHAFT_Engine]. @02-11-2021 01:58:07.0550 AM
[ReportManager] Element Action [KeyPress] successfully performed. With the following test data [Enter]. @02-11-2021 01:58:07.0603 AM
[ReportManager] Element Action [GetText] successfully performed. With the following test data [About 4,140,000 results (0.72 seconds)Â ]. @02-11-2021 01:58:09.0101 AM
[ReportManager] Loaded Shared OpenCV @02-11-2021 01:58:09.0291 AM
[ReportManager] Assertion [ValidateElementAttribute] PASSED. Expected [Value Should not be '' for the 'Text' attribute, element locator 'By.id: appbar'] and Actual [About 4,140,000 results (0.72 seconds)Â ]. Comparison Type [EQUALS]. Validation Type [NEGATIVE]. @02-11-2021 01:58:09.0407 AM
[ReportManager] Successfully created attachment [Screenshot - 1635818289291_searchForQueryandAssertResultsNumDisplayed_ValidateElementAttribute_passed] @02-11-2021 01:58:09.0409 A

################################################################################################################################################
Starting Execution:	[126 out of 143] test cases in the current suite
Test Method:		[testPackage01.Test_google.clickNextThrice]
Test Description:	[TC003 - Clicks the next button to make sure that the framework can scroll element into view before clicking it]
################################################################################################################################################
[ReportManager] org.openqa.selenium.interactions.MoveTargetOutOfBoundsException:
Build info: version: '4.0.0', revision: '3a21814679'
System info: host: 'Mac-1635817609494.local', ip: '10.79.0.94', os.name: 'Mac OS X', os.arch: 'x86_64', os.version: '10.15.7', java.version: '17.0.1'
Driver info: org.openqa.selenium.safari.SafariDriver
Command: [75645A02-A896-43D9-BCA8-818232596F2F, actions {actions=[org.openqa.selenium.interactions.Sequence@7f5ab12a]}]
Capabilities {acceptInsecureCerts: false, browserName: Safari, browserVersion: 14.1.2, goog:loggingPrefs: {browser: ALL, client: ALL, driver: ALL, performance: ALL, profiler: ALL, server: ALL}, javascriptEnabled: true, pageLoadStrategy: normal, platform: MAC, platformName: MAC, safari:automaticInspection: false, safari:automaticProfiling: false, safari:diagnose: false, safari:platformBuildVersion: 19H1417, safari:platformVersion: 10.15.7, safari:useSimulator: false, setWindowRect: true, strictFileInteractability: false, timeouts: {pageLoad: 30000, script: 30000}, webkit:WebRTC: {DisableICECandidateFiltering: false, DisableInsecureMediaCapture: false}}
Session ID: 75645A02-A896-43D9-BCA8-818232596F2F
java.base/jdk.internal.reflect.NativeConstructorAccessorImpl.newInstance0(Native Method)
java.base/jdk.internal.reflect.NativeConstructorAccessorImpl.newInstance(NativeConstructorAccessorImpl.java:77)
java.base/jdk.internal.reflect.DelegatingConstructorAccessorImpl.newInstance(DelegatingConstructorAccessorImpl.java:45)
java.base/java.lang.reflect.Constructor.newInstanceWithCaller(Constructor.java:499)
java.base/java.lang.reflect.Constructor.newInstance(Constructor.java:480)
org.openqa.selenium.remote.codec.w3c.W3CHttpResponseCodec.createException(W3CHttpResponseCodec.java:200)
org.openqa.selenium.remote.codec.w3c.W3CHttpResponseCodec.decode(W3CHttpResponseCodec.java:133)
org.openqa.selenium.remote.codec.w3c.W3CHttpResponseCodec.decode(W3CHttpResponseCodec.java:53)
org.openqa.selenium.remote.HttpCommandExecutor.execute(HttpCommandExecutor.java:184)
org.openqa.selenium.remote.service.DriverCommandExecutor.invokeExecute(DriverCommandExecutor.java:164)
org.openqa.selenium.remote.service.DriverCommandExecutor.execute(DriverCommandExecutor.java:139)
org.openqa.selenium.remote.RemoteWebDriver.execute(RemoteWebDriver.java:559)
org.openqa.selenium.remote.RemoteWebDriver.perform(RemoteWebDriver.java:627)
org.openqa.selenium.interactions.Actions$BuiltAction.perform(Actions.java:617)
org.openqa.selenium.interactions.Actions.perform(Actions.java:573)
com.shaft.gui.element.ElementActionsHelper.performHoverUsingJavascript(ElementActionsHelper.java:209)
com.shaft.gui.element.WebDriverElementActions.click(WebDriverElementActions.java:115)
com.shaft.gui.element.ElementActions.click(ElementActions.java:62)
poms.GoogleSearchResults.clickNext(GoogleSearchResults.java:51)
testPackage01.Test_google.clickNextThrice(Test_google.java:43)
java.base/jdk.internal.reflect.NativeMethodAccessorImpl.invoke0(Native Method)
java.base/jdk.internal.reflect.NativeMethodAccessorImpl.invoke(NativeMethodAccessorImpl.java:77)
java.base/jdk.internal.reflect.DelegatingMethodAccessorImpl.invoke(DelegatingMethodAccessorImpl.java:43)
java.base/java.lang.reflect.Method.invoke(Method.java:568)
org.testng.internal.MethodInvocationHelper.invokeMethod(MethodInvocationHelper.java:133)
org.testng.internal.TestInvoker.invokeMethod(TestInvoker.java:598)
org.testng.internal.TestInvoker.invokeTestMethod(TestInvoker.java:173)
org.testng.internal.MethodRunner.runInSequence(MethodRunner.java:46)
org.testng.internal.TestInvoker$MethodInvocationAgent.invoke(TestInvoker.java:824)
org.testng.internal.TestInvoker.invokeTestMethods(TestInvoker.java:146)
org.testng.internal.TestMethodWorker.invokeTestMethods(TestMethodWorker.java:146)
org.testng.internal.TestMethodWorker.run(TestMethodWorker.java:128)
java.base/java.util.ArrayList.forEach(ArrayList.java:1511)
org.testng.TestRunner.privateRun(TestRunner.java:794)
org.testng.TestRunner.run(TestRunner.java:596)
org.testng.SuiteRunner.runTest(SuiteRunner.java:377)
org.testng.SuiteRunner.runSequentially(SuiteRunner.java:371)
org.testng.SuiteRunner.privateRun(SuiteRunner.java:332)
org.testng.SuiteRunner.run(SuiteRunner.java:276)
org.testng.SuiteRunnerWorker.runSuite(SuiteRunnerWorker.java:53)
org.testng.SuiteRunnerWorker.run(SuiteRunnerWorker.java:96)
org.testng.TestNG.runSuitesSequentially(TestNG.java:1212)
org.testng.TestNG.runSuitesLocally(TestNG.java:1134)
org.testng.TestNG.runSuites(TestNG.java:1063)
org.testng.TestNG.run(TestNG.java:1031)
org.apache.maven.surefire.testng.TestNGExecutor.run(TestNGExecutor.java:136)
org.apache.maven.surefire.testng.TestNGDirectoryTestSuite.executeMulti(TestNGDirectoryTestSuite.java:193)
org.apache.maven.surefire.testng.TestNGDirectoryTestSuite.execute(TestNGDirectoryTestSuite.java:94)
org.apache.maven.surefire.testng.TestNGProvider.invoke(TestNGProvider.java:145)
org.apache.maven.surefire.booter.ForkedBooter.runSuitesInProcess(ForkedBooter.java:428)
org.apache.maven.surefire.booter.ForkedBooter.execute(ForkedBooter.java:162)
org.apache.maven.surefire.booter.ForkedBooter.run(ForkedBooter.java:562)
org.apache.maven.surefire.booter.ForkedBooter.main(ForkedBooter.java:548) @02-11-2021 01:58:09.0495 AM
[ReportManager] Element Action [Click] successfully performed. With the following test data [Next]. @02-11-2021 01:58:09.0565 A
[ReportManager] Browser Action [CloseCurrentWindow] successfully performed. @02-11-2021 01:58:09.0800 AM
[ReportManager] Successfully created attachment [Browser Action Test Data - CloseCurrentWindow - Actual Value] @02-11-2021 01:58:09.0809 A

################################################################################################################################################
Starting Execution:	[127 out of 143] test cases in the current suite
Test Method:		[testPackage01.Test_chainableElementActions.chainElementActions]
################################################################################################################################################
[ReportManager] File Action [GetAbsolutePath] successfully performed. With the following test data [Relative Folder Path: "target/downloadedFiles/"]. @02-11-2021 01:58:09.0817 AM
[ReportManager] Attempting to run locally on: [Mac-64], [GoogleChrome], Headless Execution. @02-11-2021 01:58:09.0819 AM
[ReportManager] Identifying OS/Driver combination and selecting the correct driver version automatically. Please note that if a new driver executable will be downloaded it may take some time... @02-11-2021 01:58:09.0819 AM
[ReportManager] Successfully Opened Google Chrome. @02-11-2021 01:58:12.0741 AM
[ReportManager] Initial window size: (1920, 1080) @02-11-2021 01:58:12.0745 AM
[ReportManager] Window size after SWD Maximize: (1920, 1080) @02-11-2021 01:58:12.0893 AM
[ReportManager] Window size after Toolkit: (1920, 1080) @02-11-2021 01:58:13.0423 AM
[ReportManager] Browser Action [MaximizeWindow] successfully performed. With the following test data [New screen size is now: (1920, 1080)]. @02-11-2021 01:58:13.0426 AM
[ReportManager] Target URL: [https://www.google.com/ncr], and after redirection: [https://www.google.com] @02-11-2021 01:58:13.0426 AM
[ReportManager] Initial URL: [data:,] @02-11-2021 01:58:13.0457 AM
[ReportManager] Browser Action [NavigateToURL] successfully performed. With the following test data [https://www.google.com/ncr]. @02-11-2021 01:58:14.0781 AM
[ReportManager] Element Action [Type] successfully performed. With the following test data [chained type 1]. @02-11-2021 01:58:15.0196 AM
[ReportManager] Element Action [Type] successfully performed. With the following test data [chained type 2]. @02-11-2021 01:58:15.0460 AM
[ReportManager] Element Action [TypeAppend] successfully performed. With the following test data [345]. @02-11-2021 01:58:15.0518 AM
[ReportManager] Element Action [GetText] successfully performed. With the following test data [chained type 2345]. @02-11-2021 01:58:15.0608 AM
[ReportManager] Loaded Shared OpenCV @02-11-2021 01:58:16.0098 AM
[ReportManager] Assertion [ValidateElementAttribute] PASSED. Expected [Value Should be 'chained type 2345' for the 'text' attribute, element locator 'By.name: q'] and Actual [chained type 2345]. Comparison Type [EQUALS]. Validation Type [POSITIVE]. @02-11-2021 01:58:16.0334 AM
[ReportManager] Successfully created attachment [Screenshot - 1635818296098_chainElementActions_ValidateElementAttribute_passed] @02-11-2021 01:58:16.0335 AM
[ReportManager] Browser Action [CloseCurrentWindow] successfully performed. @02-11-2021 01:58:16.0576 AM
[ReportManager] Successfully created attachment [Browser Action Test Data - CloseCurrentWindow - Actual Value] @02-11-2021 01:58:16.0578 A

################################################################################################################################################
Starting Execution:	[128 out of 143] test cases in the current suite
Test Method:		[testPackage01.Test_JsonCompareWithSpecialCharacters.specialCharacters]
################################################################################################################################################
[ReportManager] File Action [GetAbsolutePath] successfully performed. With the following test data [Relative Folder Path: "src/test/resources/TestJsonFiles/specialCharacters.json"]. @02-11-2021 01:58:16.0588 AM
[ReportManager] File Action [ReadFromFile] successfully performed. With the following test data [File Path: "/Users/runner/work/SHAFT_ENGINE/SHAFT_ENGINE/src/test/resources/TestJsonFiles/specialCharacters.json"]. @02-11-2021 01:58:16.0596 AM
[ReportManager] Successfully created attachment [File Action Actual Result - Command Log] @02-11-2021 01:58:16.0597 AM
[ReportManager] Comparing the provided API response with the file at this path "src/test/resources/TestJsonFiles/specialCharacters.json", comparison type "EQUALS" @02-11-2021 01:58:16.0599 AM
[ReportManager] API Action [CompareJSON] successfully performed. With the following test data [src/test/resources/TestJsonFiles/specialCharacters.json]. @02-11-2021 01:58:16.0607 AM
[ReportManager] File Action [GetAbsolutePath] successfully performed. With the following test data [Relative Folder Path: "src/test/resources/TestJsonFiles/specialCharacters.json"]. @02-11-2021 01:58:16.0607 AM
[ReportManager] File Action [ReadFromFile] successfully performed. With the following test data [File Path: "/Users/runner/work/SHAFT_ENGINE/SHAFT_ENGINE/src/test/resources/TestJsonFiles/specialCharacters.json"]. @02-11-2021 01:58:16.0607 AM
[ReportManager] Verification [ValidateJSONFileContent] PASSED. Expected [Response data should match the JSON File in this path 'src/test/resources/TestJsonFiles/specialCharacters.json'] and Actual [TRUE]. Comparison Type [EQUALS]. Validation Type [POSITIVE]. @02-11-2021 01:58:16.0612 AM
[ReportManager] Successfully created attachment [Validation Test Data - Expected JSON Value] @02-11-2021 01:58:16.0613 AM
[ReportManager] Successfully created attachment [Validation Test Data - Actual JSON Value] @02-11-2021 01:58:16.0614 A

################################################################################################################################################
Starting Execution:	[129 out of 143] test cases in the current suite
Test Method:		[testPackage01.Test_JsonCompareWithSpecialCharacters.specialCharacters_assertion]
################################################################################################################################################
[ReportManager] File Action [GetAbsolutePath] successfully performed. With the following test data [Relative Folder Path: "src/test/resources/TestJsonFiles/specialCharacters.json"]. @02-11-2021 01:58:16.0617 AM
[ReportManager] File Action [ReadFromFile] successfully performed. With the following test data [File Path: "/Users/runner/work/SHAFT_ENGINE/SHAFT_ENGINE/src/test/resources/TestJsonFiles/specialCharacters.json"]. @02-11-2021 01:58:16.0618 AM
[ReportManager] Successfully created attachment [File Action Actual Result - Command Log] @02-11-2021 01:58:16.0619 AM
[ReportManager] Comparing the provided API response with the file at this path "src/test/resources/TestJsonFiles/specialCharacters.json", comparison type "CONTAINS" @02-11-2021 01:58:16.0619 AM
[ReportManager] API Action [CompareJSON] successfully performed. With the following test data [src/test/resources/TestJsonFiles/specialCharacters.json]. @02-11-2021 01:58:16.0629 AM
[ReportManager] File Action [GetAbsolutePath] successfully performed. With the following test data [Relative Folder Path: "src/test/resources/TestJsonFiles/specialCharacters.json"]. @02-11-2021 01:58:16.0629 AM
[ReportManager] File Action [ReadFromFile] successfully performed. With the following test data [File Path: "/Users/runner/work/SHAFT_ENGINE/SHAFT_ENGINE/src/test/resources/TestJsonFiles/specialCharacters.json"]. @02-11-2021 01:58:16.0630 AM
[ReportManager] Assertion Passed: trying out the log message @02-11-2021 01:58:16.0633 AM
[ReportManager] Successfully created attachment [Validation Test Data - Expected JSON Value] @02-11-2021 01:58:16.0634 AM
[ReportManager] Successfully created attachment [Validation Test Data - Actual JSON Value] @02-11-2021 01:58:16.0635 AM
[ReportManager] Assertion [ValidateJSONFileContent] PASSED. Expected [Response data should match the JSON File in this path 'src/test/resources/TestJsonFiles/specialCharacters.json'] and Actual [TRUE]. Comparison Type [CONTAINS]. Validation Type [POSITIVE]. @02-11-2021 01:58:16.0635 A

################################################################################################################################################
Starting Execution:	[130 out of 143] test cases in the current suite
Test Method:		[testPackage01.Test_SkipDueToIssue.doNotSkip]
################################################################################################################################################
[ReportManager] This should not be skipped. @02-11-2021 01:58:16.0638 A

################################################################################################################################################
Starting Execution:	[131 out of 143] test cases in the current suite
Test Method:		[testPackage01.Test_SkipDueToIssue.skip]
################################################################################################################################################
[ReportManager] This should be skipped. @02-11-2021 01:58:16.0643 A

################################################################################################################################################
Starting Execution:	[132 out of 143] test cases in the current suite
Test Method:		[testPackage01.Test_SkipDueToIssue.skip2]
################################################################################################################################################
[ReportManager] This should be skipped. @02-11-2021 01:58:16.0648 A

################################################################################################################################################
Starting Execution:	[133 out of 143] test cases in the current suite
Test Method:		[testPackage01.Test_JSONFileManager.readStringFromJson]
################################################################################################################################################
[ReportManager] Successfully loaded the following test data file [src/test/resources/TestDataFiles/simpleJSON.json]. @02-11-2021 01:58:16.0653 AM
[ReportManager] Successfully created attachment [Test Data - JSON] @02-11-2021 01:58:16.0653 AM
[ReportManager] Assertion [ValidateEquals] PASSED. Expected [Mohab Mohie] and Actual [Mohab Mohie]. Comparison Type [EQUALS]. Validation Type [POSITIVE]. @02-11-2021 01:58:16.0666 A
[ReportManager] File Action [GetAbsolutePath] successfully performed. With the following test data [Relative Folder Path: "target/downloadedFiles/"]. @02-11-2021 01:58:16.0668 AM
[ReportManager] Attempting to run locally on: [Mac-64], [Safari], Headless Execution. @02-11-2021 01:58:16.0669 AM
[ReportManager] Successfully Opened Safari. @02-11-2021 01:58:17.0455 AM
[ReportManager] Initial window size: (800, 600) @02-11-2021 01:58:17.0476 AM
[ReportManager] Window size after SWD Maximize: (1176, 811) @02-11-2021 01:58:17.0500 AM
[ReportManager] Browser Action [MaximizeWindow] successfully performed. With the following test data [New screen size is now: (1176, 811)]. @02-11-2021 01:58:17.0500 A

################################################################################################################################################
Starting Execution:	[134 out of 143] test cases in the current suite
Test Method:		[testPackage01.Test_assertEquals.test_assertElementAttribute]
################################################################################################################################################
[ReportManager] Target URL: [https://www.google.com/ncr], and after redirection: [https://www.google.com] @02-11-2021 01:58:17.0503 AM
[ReportManager] Initial URL: [] @02-11-2021 01:58:17.0576 AM
[ReportManager] Browser Action [NavigateToURL] successfully performed. With the following test data [https://www.google.com/ncr]. @02-11-2021 01:58:18.0979 AM
[ReportManager] Element Action [Type] successfully performed. With the following test data [INC_004010050:Another SCHEDULER with the same name [Duplicate Job Name] already exists.]. @02-11-2021 01:58:21.0430 AM
[ReportManager] Element Action [GetText] successfully performed. With the following test data [INC_004010050:Another SCHEDULER with the same name [Duplicate Job Name] already exists.]. @02-11-2021 01:58:21.0476 AM
[ReportManager] Loaded Shared OpenCV @02-11-2021 01:58:21.0538 AM
[ReportManager] Assertion [ValidateElementAttribute] PASSED. Expected [Value Should be 'INC_004010050:Another SCHEDULER with the same name \[Duplicate Job Name\] already exists.' for the 'text' attribute, element locator 'By.name: q'] and Actual [INC_004010050:Another SCHEDULER with the same name [Duplicate Job Name] already exists.]. Comparison Type [MATCHES]. Validation Type [POSITIVE]. @02-11-2021 01:58:21.0706 AM
[ReportManager] Successfully created attachment [Screenshot - 1635818301538_test_assertElementAttribute_ValidateElementAttribute_passed] @02-11-2021 01:58:21.0708 A
[ReportManager] Browser Action [CloseCurrentWindow] successfully performed. @02-11-2021 01:58:21.0961 AM
[ReportManager] Successfully created attachment [Browser Action Test Data - CloseCurrentWindow - Actual Value] @02-11-2021 01:58:21.0962 A
[ReportManager] File Action [GetAbsolutePath] successfully performed. With the following test data [Relative Folder Path: "target/downloadedFiles/"]. @02-11-2021 01:58:21.0963 AM
[ReportManager] Attempting to run locally on: [Mac-64], [Safari], Headless Execution. @02-11-2021 01:58:21.0964 AM
[ReportManager] Successfully Opened Safari. @02-11-2021 01:58:22.0818 AM
[ReportManager] Initial window size: (800, 600) @02-11-2021 01:58:22.0835 AM
[ReportManager] Window size after SWD Maximize: (1176, 811) @02-11-2021 01:58:22.0850 AM
[ReportManager] Browser Action [MaximizeWindow] successfully performed. With the following test data [New screen size is now: (1176, 811)]. @02-11-2021 01:58:22.0850 A

################################################################################################################################################
Starting Execution:	[135 out of 143] test cases in the current suite
Test Method:		[testPackage01.Test_IsElementClickable.testIsElementClickable]
################################################################################################################################################
[ReportManager] Target URL: [https://the-internet.herokuapp.com/] @02-11-2021 01:58:22.0854 AM
[ReportManager] Initial URL: [] @02-11-2021 01:58:22.0960 AM
[ReportManager] Browser Action [NavigateToURL] successfully performed. With the following test data [https://the-internet.herokuapp.com/]. @02-11-2021 01:58:23.0677 AM
[ReportManager] Element Action [IsElementClickable] successfully performed. @02-11-2021 01:58:23.0767 AM
[ReportManager] Assertion [ValidateTrue] PASSED. Expected [TRUE] and Actual [TRUE]. Validation Type [POSITIVE]. @02-11-2021 01:58:23.0768 A
[ReportManager] Browser Action [CloseCurrentWindow] successfully performed. @02-11-2021 01:58:23.0872 AM
[ReportManager] Successfully created attachment [Browser Action Test Data - CloseCurrentWindow - Actual Value] @02-11-2021 01:58:23.0872 A
[ReportManager] Successfully loaded the following test data file [src/test/resources/TestDataFiles/testSuite01/TestData.xlsx]. @02-11-2021 01:58:23.0903 AM
[ReportManager] Successfully created attachment [Test Data - Excel] @02-11-2021 01:58:23.0903 AM
[ReportManager] Attempting to run using Playwright locally on: [Mac-64], [Safari], Headless Execution. @02-11-2021 01:58:58.0223 AM
[ReportManager] File Action [GetAbsolutePath] successfully performed. With the following test data [Relative Folder Path: "target/downloadedFiles/"]. @02-11-2021 01:58:58.0224 AM
[ReportManager] Initial window size: (1280, 720) @02-11-2021 01:59:04.0795 AM
[ReportManager] Window size after Toolkit: com.microsoft.playwright.options.ViewportSize@71027959 @02-11-2021 01:59:04.0804 AM
[ReportManager] Browser Action [MaximizeWindow] successfully performed. With the following test data [New screen size is now: (1920, 1080)]. @02-11-2021 01:59:04.0805 A

################################################################################################################################################
Starting Execution:	[136 out of 143] test cases in the current suite
Test Method:		[testPackage01.Test_google_playwright.navigateToURLandVerifyGoogleLogoIsDisplayed]
Test Description:	[TC001 - Navigate to URL and Verify Google Logo is Displayed]
################################################################################################################################################
[ReportManager] Target URL: [https://www.google.com/ncr], and after redirection: [https://www.google.com] @02-11-2021 01:59:04.0953 AM
[ReportManager] Initial URL: [about:blank] @02-11-2021 01:59:05.0336 AM
[ReportManager] Browser Action [NavigateToURL] successfully performed. With the following test data [https://www.google.com/ncr]. @02-11-2021 01:59:07.0257 AM
[ReportManager] Loaded Shared OpenCV @02-11-2021 01:59:07.0388 AM
[ReportManager] Assertion [ValidateElementExists] PASSED. Expected [Element Should Exist, locator 'xpath=//*[@id='hplogo' or @alt='Google']'] and Actual [Element Exists]. Comparison Type [EQUALS]. Validation Type [POSITIVE]. @02-11-2021 01:59:07.0611 AM
[ReportManager] Successfully created attachment [Screenshot - 1635818347383_navigateToURLandVerifyGoogleLogoIsDisplayed_ValidateElementExists_passed] @02-11-2021 01:59:07.0613 A

################################################################################################################################################
Starting Execution:	[137 out of 143] test cases in the current suite
Test Method:		[testPackage01.Test_google_playwright.searchForQueryandAssertResultsNumDisplayed]
Test Description:	[TC002 - Search for Query and Assert that the number of results is displayed]
################################################################################################################################################
[ReportManager] Element Action [Type] successfully performed. With the following test data [SHAFT_Engine]. @02-11-2021 01:59:07.0924 AM
[ReportManager] Element Action [KeyPress] successfully performed. With the following test data [Enter]. @02-11-2021 01:59:07.0963 AM
[ReportManager] Element Action [GetText] successfully performed. With the following test data [About 4,140,000 results (0.60 seconds)Â 
]. @02-11-2021 01:59:09.0742 AM
[ReportManager] Loaded Shared OpenCV @02-11-2021 01:59:10.0341 AM
[ReportManager] Assertion [ValidateElementAttribute] PASSED. Expected [Value Should not be '' for the 'text' attribute, element locator 'xpath=//div[@id='appbar']'] and Actual [About 4,140,000 results (0.60 seconds)Â 
]. Comparison Type [EQUALS]. Validation Type [NEGATIVE]. @02-11-2021 01:59:10.0555 AM
[ReportManager] Successfully created attachment [Screenshot - 1635818350339_searchForQueryandAssertResultsNumDisplayed_ValidateElementAttribute_passed] @02-11-2021 01:59:10.0558 A

################################################################################################################################################
Starting Execution:	[138 out of 143] test cases in the current suite
Test Method:		[testPackage01.Test_google_playwright.clickNextThrice]
Test Description:	[TC003 - Clicks the next button to make sure that the framework can scroll element into view before clicking it]
################################################################################################################################################
[ReportManager] Element Action [Click] successfully performed. With the following test data [Next]. @02-11-2021 01:59:10.0820 A
[ReportManager] Failed to find video recording. @02-11-2021 01:59:10.0822 AM
[ReportManager] Successfully Closed PlayWright Driver. @02-11-2021 01:59:10.0867 A
[ReportManager] File Action [GetAbsolutePath] successfully performed. With the following test data [Relative Folder Path: "target/downloadedFiles/"]. @02-11-2021 01:59:10.0873 AM
[ReportManager] Attempting to run locally on: [Mac-64], [Safari], Headless Execution. @02-11-2021 01:59:10.0874 AM
[ReportManager] Successfully Opened Safari. @02-11-2021 01:59:11.0981 AM
[ReportManager] Initial window size: (800, 600) @02-11-2021 01:59:12.0026 AM
[ReportManager] Window size after SWD Maximize: (1176, 811) @02-11-2021 01:59:12.0075 AM
[ReportManager] Browser Action [MaximizeWindow] successfully performed. With the following test data [New screen size is now: (1176, 811)]. @02-11-2021 01:59:12.0076 A

################################################################################################################################################
Starting Execution:	[139 out of 143] test cases in the current suite
Test Method:		[testPackage01.Test_verifyEquals.test_assertElementAttribute]
################################################################################################################################################
[ReportManager] Target URL: [https://www.google.com/ncr], and after redirection: [https://www.google.com] @02-11-2021 01:59:12.0078 AM
[ReportManager] Initial URL: [] @02-11-2021 01:59:12.0112 AM
[ReportManager] Browser Action [NavigateToURL] successfully performed. With the following test data [https://www.google.com/ncr]. @02-11-2021 01:59:13.0548 AM
[ReportManager] Element Action [Type] successfully performed. With the following test data [INC_004010050:Another SCHEDULER with the same name [Duplicate Job Name] already exists.]. @02-11-2021 01:59:15.0808 AM
[ReportManager] Element Action [GetText] successfully performed. With the following test data [INC_004010050:Another SCHEDULER with the same name [Duplicate Job Name] already exists.]. @02-11-2021 01:59:15.0863 AM
[ReportManager] Loaded Shared OpenCV @02-11-2021 01:59:15.0925 AM
[ReportManager] Verification [ValidateElementAttribute] PASSED. Expected [Value Should be 'INC_004010050:Another SCHEDULER with the same name \[Duplicate Job Name\] already exists.' for the 'text' attribute, element locator 'By.name: q'] and Actual [INC_004010050:Another SCHEDULER with the same name [Duplicate Job Name] already exists.]. Comparison Type [MATCHES]. Validation Type [POSITIVE]. @02-11-2021 01:59:16.0036 AM
[ReportManager] Successfully created attachment [Screenshot - 1635818355925_test_assertElementAttribute_ValidateElementAttribute_passed] @02-11-2021 01:59:16.0038 A
[ReportManager] Browser Action [CloseCurrentWindow] successfully performed. @02-11-2021 01:59:16.0303 AM
[ReportManager] Successfully created attachment [Browser Action Test Data - CloseCurrentWindow - Actual Value] @02-11-2021 01:59:16.0304 A

################################################################################################################################################
Starting Execution:	[140 out of 143] test cases in the current suite
Test Method:		[testPackage01.Test_SelectedValue.multipleSelect]
################################################################################################################################################
[ReportManager] File Action [GetAbsolutePath] successfully performed. With the following test data [Relative Folder Path: "target/downloadedFiles/"]. @02-11-2021 01:59:16.0307 AM
[ReportManager] Attempting to run locally on: [Mac-64], [GoogleChrome], Headless Execution. @02-11-2021 01:59:16.0307 AM
[ReportManager] Identifying OS/Driver combination and selecting the correct driver version automatically. Please note that if a new driver executable will be downloaded it may take some time... @02-11-2021 01:59:16.0308 AM
[ReportManager] Successfully Opened Google Chrome. @02-11-2021 01:59:16.0943 AM
[ReportManager] Initial window size: (1920, 1080) @02-11-2021 01:59:16.0946 AM
[ReportManager] Window size after SWD Maximize: (1920, 1080) @02-11-2021 01:59:17.0102 AM
[ReportManager] Window size after Toolkit: (1920, 1080) @02-11-2021 01:59:17.0691 AM
[ReportManager] Browser Action [MaximizeWindow] successfully performed. With the following test data [New screen size is now: (1920, 1080)]. @02-11-2021 01:59:17.0695 AM
[ReportManager] Target URL: [https://yari-demos.prod.mdn.mozit.cloud/en-US/docs/Web/HTML/Element/select/_sample_.Advanced_select_with_multiple_features.html] @02-11-2021 01:59:17.0695 AM
[ReportManager] Initial URL: [data:,] @02-11-2021 01:59:17.0730 AM
[ReportManager] Browser Action [NavigateToURL] successfully performed. With the following test data [https://yari-demos.prod.mdn.mozit.cloud/en-US/docs/Web/HTML/Element/select/_sample_.Advanced_select_with_multiple_features.html]. @02-11-2021 01:59:18.0029 AM
[ReportManager] Element Action [Select] successfully performed. With the following test data [Dog]. @02-11-2021 01:59:18.0252 AM
[ReportManager] Element Action [Select] successfully performed. With the following test data [Cat]. @02-11-2021 01:59:18.0438 AM
[ReportManager] Element Action [GetSelectedText] successfully performed. With the following test data [DogCat]. @02-11-2021 01:59:18.0534 AM
[ReportManager] DogCat @02-11-2021 01:59:18.0534 AM
[ReportManager] Element Action [GetSelectedText] successfully performed. With the following test data [DogCat]. @02-11-2021 01:59:18.0614 AM
[ReportManager] Loaded Shared OpenCV @02-11-2021 01:59:18.0959 AM
[ReportManager] Assertion [ValidateElementAttribute] PASSED. Expected [Value Should be 'DogCat' for the 'selectedText' attribute, element locator 'By.tagName: select'] and Actual [DogCat]. Comparison Type [EQUALS]. Validation Type [POSITIVE]. @02-11-2021 01:59:19.0148 AM
[ReportManager] Successfully created attachment [Screenshot - 1635818358958_multipleSelect_ValidateElementAttribute_passed] @02-11-2021 01:59:19.0149 AM
[ReportManager] Browser Action [CloseCurrentWindow] successfully performed. @02-11-2021 01:59:19.0375 AM
[ReportManager] Successfully created attachment [Browser Action Test Data - CloseCurrentWindow - Actual Value] @02-11-2021 01:59:19.0376 A

################################################################################################################################################
Starting Execution:	[141 out of 143] test cases in the current suite
Test Method:		[testPackage01.Test_SelectedValue.simpleSelect]
################################################################################################################################################
[ReportManager] File Action [GetAbsolutePath] successfully performed. With the following test data [Relative Folder Path: "target/downloadedFiles/"]. @02-11-2021 01:59:19.0379 AM
[ReportManager] Attempting to run locally on: [Mac-64], [GoogleChrome], Headless Execution. @02-11-2021 01:59:19.0379 AM
[ReportManager] Identifying OS/Driver combination and selecting the correct driver version automatically. Please note that if a new driver executable will be downloaded it may take some time... @02-11-2021 01:59:19.0379 AM
[ReportManager] Successfully Opened Google Chrome. @02-11-2021 01:59:19.0901 AM
[ReportManager] Initial window size: (1920, 1080) @02-11-2021 01:59:19.0904 AM
[ReportManager] Window size after SWD Maximize: (1920, 1080) @02-11-2021 01:59:20.0094 AM
[ReportManager] Window size after Toolkit: (1920, 1080) @02-11-2021 01:59:20.0535 AM
[ReportManager] Browser Action [MaximizeWindow] successfully performed. With the following test data [New screen size is now: (1920, 1080)]. @02-11-2021 01:59:20.0537 AM
[ReportManager] Target URL: [https://yari-demos.prod.mdn.mozit.cloud/en-US/docs/Web/HTML/Element/select/_sample_.Basic_select.html] @02-11-2021 01:59:20.0538 AM
[ReportManager] Initial URL: [data:,] @02-11-2021 01:59:20.0564 AM
[ReportManager] Browser Action [NavigateToURL] successfully performed. With the following test data [https://yari-demos.prod.mdn.mozit.cloud/en-US/docs/Web/HTML/Element/select/_sample_.Basic_select.html]. @02-11-2021 01:59:20.0770 AM
[ReportManager] Element Action [Select] successfully performed. With the following test data [Third Value]. @02-11-2021 01:59:21.0010 AM
[ReportManager] Element Action [GetSelectedText] successfully performed. With the following test data [Third Value]. @02-11-2021 01:59:21.0074 AM
[ReportManager] Third Value @02-11-2021 01:59:21.0074 AM
[ReportManager] Element Action [GetSelectedText] successfully performed. With the following test data [Third Value]. @02-11-2021 01:59:21.0158 AM
[ReportManager] Loaded Shared OpenCV @02-11-2021 01:59:21.0485 AM
[ReportManager] Assertion [ValidateElementAttribute] PASSED. Expected [Value Should be 'Third Value' for the 'selectedText' attribute, element locator 'By.tagName: select'] and Actual [Third Value]. Comparison Type [EQUALS]. Validation Type [POSITIVE]. @02-11-2021 01:59:21.0663 AM
[ReportManager] Successfully created attachment [Screenshot - 1635818361485_simpleSelect_ValidateElementAttribute_passed] @02-11-2021 01:59:21.0664 AM
[ReportManager] Browser Action [CloseCurrentWindow] successfully performed. @02-11-2021 01:59:21.0941 AM
[ReportManager] Successfully created attachment [Browser Action Test Data - CloseCurrentWindow - Actual Value] @02-11-2021 01:59:21.0941 A
[ReportManager] File Action [GetAbsolutePath] successfully performed. With the following test data [Relative Folder Path: "target/downloadedFiles/"]. @02-11-2021 01:59:21.0943 AM
[ReportManager] Attempting to run locally on: [Mac-64], [Safari], Headless Execution. @02-11-2021 01:59:21.0944 AM
[ReportManager] Successfully Opened Safari. @02-11-2021 01:59:22.0784 AM
[ReportManager] Initial window size: (800, 600) @02-11-2021 01:59:22.0788 AM
[ReportManager] Window size after SWD Maximize: (1176, 811) @02-11-2021 01:59:22.0799 AM
[ReportManager] Browser Action [MaximizeWindow] successfully performed. With the following test data [New screen size is now: (1176, 811)]. @02-11-2021 01:59:22.0799 A

################################################################################################################################################
Starting Execution:	[142 out of 143] test cases in the current suite
Test Method:		[testPackage01.Test_dynamicLoading.dynamicLoading_elementIsHidden]
################################################################################################################################################
[ReportManager] Target URL: [https://the-internet.herokuapp.com/dynamic_loading/1] @02-11-2021 01:59:22.0802 AM
[ReportManager] Initial URL: [] @02-11-2021 01:59:22.0851 AM
[ReportManager] Browser Action [NavigateToURL] successfully performed. With the following test data [https://the-internet.herokuapp.com/dynamic_loading/1]. @02-11-2021 01:59:23.0343 AM
[ReportManager] Element Action [Click] successfully performed. With the following test data [Start]. @02-11-2021 01:59:23.0661 AM
[ReportManager] Element Action [GetText] successfully performed. With the following test data [
    Hello World!
  ]. @02-11-2021 01:59:23.0694 A
[ReportManager] Browser Action [CloseCurrentWindow] successfully performed. @02-11-2021 01:59:23.0975 AM
[ReportManager] Successfully created attachment [Browser Action Test Data - CloseCurrentWindow - Actual Value] @02-11-2021 01:59:23.0975 A
[ReportManager] File Action [GetAbsolutePath] successfully performed. With the following test data [Relative Folder Path: "target/downloadedFiles/"]. @02-11-2021 01:59:23.0977 AM
[ReportManager] Attempting to run locally on: [Mac-64], [Safari], Headless Execution. @02-11-2021 01:59:23.0977 AM
[ReportManager] Successfully Opened Safari. @02-11-2021 01:59:24.0763 AM
[ReportManager] Initial window size: (800, 600) @02-11-2021 01:59:24.0770 AM
[ReportManager] Window size after SWD Maximize: (1176, 811) @02-11-2021 01:59:24.0805 AM
[ReportManager] Browser Action [MaximizeWindow] successfully performed. With the following test data [New screen size is now: (1176, 811)]. @02-11-2021 01:59:24.0805 A

################################################################################################################################################
Starting Execution:	[143 out of 143] test cases in the current suite
Test Method:		[testPackage01.Test_dynamicLoading.dynamicLoading_elementIsRendered]
################################################################################################################################################
[ReportManager] Target URL: [https://the-internet.herokuapp.com/dynamic_loading/2] @02-11-2021 01:59:24.0815 AM
[ReportManager] Initial URL: [] @02-11-2021 01:59:24.0930 AM
[ReportManager] Browser Action [NavigateToURL] successfully performed. With the following test data [https://the-internet.herokuapp.com/dynamic_loading/2]. @02-11-2021 01:59:25.0581 AM
[ReportManager] Element Action [Click] successfully performed. With the following test data [Start]. @02-11-2021 01:59:25.0888 AM
[ReportManager] Element Action [GetText] successfully performed. With the following test data [Hello World!]. @02-11-2021 01:59:31.0176 AM
[ReportManager] Loaded Shared OpenCV @02-11-2021 01:59:31.0226 AM
[ReportManager] Assertion [ValidateElementAttribute] PASSED. Expected [Value Should be 'Hello World!' for the 'text' attribute, element locator 'By.id: finish'] and Actual [Hello World!]. Comparison Type [CONTAINS]. Validation Type [POSITIVE]. @02-11-2021 01:59:31.0343 AM
[ReportManager] Successfully created attachment [Screenshot - 1635818371226_dynamicLoading_elementIsRendered_ValidateElementAttribute_passed] @02-11-2021 01:59:31.0343 A
[ReportManager] Browser Action [CloseCurrentWindow] successfully performed. @02-11-2021 01:59:31.0447 AM
[ReportManager] Successfully created attachment [Browser Action Test Data - CloseCurrentWindow - Actual Value] @02-11-2021 01:59:31.0447 A

################################################################################################################################################
Test Closure Activities
################################################################################################################################################
[ReportManager] Successfully created attachment [SHAFT Engine Logs - Execution log] @02-11-2021 01:59:31.0506 AM

################################################################################################################################################
This test run was powered by SHAFT Engine Version: [SHAFT Engine v5.4.20211030-BETA]
SHAFT Engine is licensed under the MIT License: [https://github.com/MohabMohie/SHAFT_ENGINE/blob/master/LICENSE].
################################################################################################################################################