################################################################################################################################################
Detected SHAFT Engine Version: [SHAFT Engine v5.4.20211122-BETA]
################################################################################################################################################
[ReportManager] File Action [GetAbsolutePath] successfully performed. With the following test data [Relative Folder Path: "target/downloadedFiles/"]. @27-11-2021 01:46:57.0667 AM
[ReportManager] Attempting to run locally on: [Mac-64], [Safari], Headless Execution. @27-11-2021 01:46:57.0682 AM
[ReportManager] Successfully Opened Safari. @27-11-2021 01:47:03.0703 AM
[ReportManager] Initial window size: (800, 600) @27-11-2021 01:47:03.0725 AM
[ReportManager] Window size after SWD Maximize: (1176, 802) @27-11-2021 01:47:03.0767 AM
[ReportManager] Browser Action [MaximizeWindow] successfully performed. With the following test data [New screen size is now: (1176, 802)]. @27-11-2021 01:47:03.0776 A

################################################################################################################################################
Starting Execution:	[1 out of 146] test cases in the current suite
Test Method:		[unitTests.tests_element_elementActions.waitForElementToBePresent_false_expectedToFail]
################################################################################################################################################
[ReportManager] Target URL: [https://www.google.com/ncr], and after redirection: [www.google.com] @27-11-2021 01:47:03.0932 AM
[ReportManager] Initial URL: [] @27-11-2021 01:47:03.0997 AM
[ReportManager] Browser Action [NavigateToURL] successfully performed. With the following test data [https://www.google.com/ncr]. @27-11-2021 01:47:06.0325 AM
[ReportManager] Waiting for element to be present; elementLocator [By.xpath: //*[@id='hplogo' or @alt='Google']], numberOfTries[1], stateOfPresence[false]... @27-11-2021 01:47:06.0346 AM
[ReportManager] Element Action [WaitForElementToBePresent] failed. With the following test data [waited for the element's state of presence to be (false). Element locator (By.xpath: //*[@id='hplogo' or @alt='Google'])]. @27-11-2021 01:47:09.0589 AM
[ReportManager] Successfully created attachment [Screenshot - 1637977626449_waitForElementToBePresent_false_expectedToFail_WaitForElementToBePresent_failed] @27-11-2021 01:47:09.0599 A
[ReportManager] Browser Action [CloseCurrentWindow] successfully performed. @27-11-2021 01:47:09.0763 AM
[ReportManager] Successfully created attachment [Browser Action Test Data - CloseCurrentWindow - Actual Value] @27-11-2021 01:47:09.0764 A
[ReportManager] File Action [GetAbsolutePath] successfully performed. With the following test data [Relative Folder Path: "target/downloadedFiles/"]. @27-11-2021 01:47:09.0776 AM
[ReportManager] Attempting to run locally on: [Mac-64], [Safari], Headless Execution. @27-11-2021 01:47:09.0777 AM
[ReportManager] An Exception Occured with this Message: Could not start a new session. Possible causes are invalid address of the remote server or browser start-up failure.. @27-11-2021 01:47:09.0860 AM
[ReportManager] Successfully created attachment [Exception Stack Trace - org.openqa.selenium.SessionNotCreatedException] @27-11-2021 01:47:09.0861 AM
[ReportManager] Driver Factory Action [createNewLocalDriverInstanceForSafari] failed. With the following test data [Failed to create a session on DESKTOP_SAFARI]. @27-11-2021 01:47:09.0862 A

################################################################################################################################################
Starting Execution:	[2 out of 146] test cases in the current suite
Test Method:		[unitTests.tests_element_elementActions.waitForElementToBePresent_false_expectedToPass]
###############################################################################################################################################



################################################################################################################################################
Starting Execution:	[3 out of 146] test cases in the current suite
Test Method:		[unitTests.tests_element_elementActions.waitForElementToBePresent_moreThanOneElement_expectedToFail]
###############################################################################################################################################



################################################################################################################################################
Starting Execution:	[4 out of 146] test cases in the current suite
Test Method:		[unitTests.tests_element_elementActions.waitForElementToBePresent_true_expectedToFail]
###############################################################################################################################################



################################################################################################################################################
Starting Execution:	[5 out of 146] test cases in the current suite
Test Method:		[unitTests.tests_element_elementActions.waitForElementToBePresent_true_expectedToPass]
###############################################################################################################################################

[ReportManager] File Action [GetAbsolutePath] successfully performed. With the following test data [Relative Folder Path: "target/downloadedFiles/"]. @27-11-2021 01:47:09.0966 AM
[ReportManager] Attempting to run locally on: [Mac-64], [Safari], Headless Execution. @27-11-2021 01:47:09.0967 AM
[ReportManager] Successfully Opened Safari. @27-11-2021 01:47:11.0017 AM
[ReportManager] Initial window size: (800, 600) @27-11-2021 01:47:11.0059 AM
[ReportManager] Window size after SWD Maximize: (1176, 803) @27-11-2021 01:47:11.0138 AM
[ReportManager] Browser Action [MaximizeWindow] successfully performed. With the following test data [New screen size is now: (1176, 803)]. @27-11-2021 01:47:11.0139 AM
[ReportManager] Target URL: [https://duckduckgo.com] @27-11-2021 01:47:11.0139 AM
[ReportManager] Initial URL: [] @27-11-2021 01:47:11.0202 AM
[ReportManager] Browser Action [NavigateToURL] successfully performed. With the following test data [https://duckduckgo.com]. @27-11-2021 01:47:12.0123 A

################################################################################################################################################
Starting Execution:	[6 out of 146] test cases in the current suite
Test Method:		[unitTests.tests_browserActions.fullScreenWindow]
################################################################################################################################################
[ReportManager] Initial Windows Size: 1176x803 @27-11-2021 01:47:12.0132 AM
[ReportManager] Current Windows Size after fullScreen: 1176x885 @27-11-2021 01:47:12.0465 AM
[ReportManager] Browser Action [FullScreenWindow] successfully performed. @27-11-2021 01:47:12.0485 AM
[ReportManager] Successfully created attachment [Browser Action Test Data - FullScreenWindow - Actual Value] @27-11-2021 01:47:12.0488 A
[ReportManager] Target URL: [https://duckduckgo.com] @27-11-2021 01:47:12.0495 AM
[ReportManager] Initial URL: [https://duckduckgo.com] @27-11-2021 01:47:12.0680 AM
[ReportManager] Browser Action [NavigateToURL] successfully performed. With the following test data [https://duckduckgo.com]. @27-11-2021 01:47:13.0279 AM
[ReportManager] Browser Action [CloseCurrentWindow] successfully performed. @27-11-2021 01:47:13.0570 AM
[ReportManager] Successfully created attachment [Browser Action Test Data - CloseCurrentWindow - Actual Value] @27-11-2021 01:47:13.0573 A
[ReportManager] File Action [GetAbsolutePath] successfully performed. With the following test data [Relative Folder Path: "target/downloadedFiles/"]. @27-11-2021 01:47:13.0579 AM
[ReportManager] Attempting to run locally on: [Mac-64], [Safari], Headless Execution. @27-11-2021 01:47:13.0579 AM
[ReportManager] Successfully Opened Safari. @27-11-2021 01:47:14.0549 AM
[ReportManager] Initial window size: (800, 600) @27-11-2021 01:47:14.0590 AM
[ReportManager] Window size after SWD Maximize: (1176, 803) @27-11-2021 01:47:14.0616 AM
[ReportManager] Browser Action [MaximizeWindow] successfully performed. With the following test data [New screen size is now: (1176, 803)]. @27-11-2021 01:47:14.0617 AM
[ReportManager] Target URL: [https://duckduckgo.com] @27-11-2021 01:47:14.0617 AM
[ReportManager] Initial URL: [] @27-11-2021 01:47:14.0685 AM
[ReportManager] Browser Action [NavigateToURL] successfully performed. With the following test data [https://duckduckgo.com]. @27-11-2021 01:47:15.0415 A

################################################################################################################################################
Starting Execution:	[7 out of 146] test cases in the current suite
Test Method:		[unitTests.tests_browserActions.getCurrentURL]
################################################################################################################################################
[ReportManager] Browser Action [GetCurrentURL] successfully performed. With the following test data [https://duckduckgo.com/]. @27-11-2021 01:47:15.0449 A
[ReportManager] Target URL: [https://duckduckgo.com] @27-11-2021 01:47:15.0451 AM
[ReportManager] Initial URL: [https://duckduckgo.com] @27-11-2021 01:47:15.0503 AM
[ReportManager] Browser Action [NavigateToURL] successfully performed. With the following test data [https://duckduckgo.com]. @27-11-2021 01:47:15.0839 AM
[ReportManager] Browser Action [CloseCurrentWindow] successfully performed. @27-11-2021 01:47:16.0131 AM
[ReportManager] Successfully created attachment [Browser Action Test Data - CloseCurrentWindow - Actual Value] @27-11-2021 01:47:16.0132 A
[ReportManager] File Action [GetAbsolutePath] successfully performed. With the following test data [Relative Folder Path: "target/downloadedFiles/"]. @27-11-2021 01:47:16.0135 AM
[ReportManager] Attempting to run locally on: [Mac-64], [Safari], Headless Execution. @27-11-2021 01:47:16.0135 AM
[ReportManager] Successfully Opened Safari. @27-11-2021 01:47:17.0102 AM
[ReportManager] Initial window size: (800, 600) @27-11-2021 01:47:17.0131 AM
[ReportManager] Window size after SWD Maximize: (1176, 803) @27-11-2021 01:47:17.0154 AM
[ReportManager] Browser Action [MaximizeWindow] successfully performed. With the following test data [New screen size is now: (1176, 803)]. @27-11-2021 01:47:17.0155 AM
[ReportManager] Target URL: [https://duckduckgo.com] @27-11-2021 01:47:17.0155 AM
[ReportManager] Initial URL: [] @27-11-2021 01:47:17.0224 AM
[ReportManager] Browser Action [NavigateToURL] successfully performed. With the following test data [https://duckduckgo.com]. @27-11-2021 01:47:17.0998 A

################################################################################################################################################
Starting Execution:	[8 out of 146] test cases in the current suite
Test Method:		[unitTests.tests_browserActions.getCurrentWindowTitle]
################################################################################################################################################
[ReportManager] Browser Action [GetCurrentWindowTitle] successfully performed. With the following test data [DuckDuckGo â€” Privacy, simplified.]. @27-11-2021 01:47:18.0057 A
[ReportManager] Target URL: [https://duckduckgo.com] @27-11-2021 01:47:18.0061 AM
[ReportManager] Initial URL: [https://duckduckgo.com] @27-11-2021 01:47:18.0107 AM
[ReportManager] Browser Action [NavigateToURL] successfully performed. With the following test data [https://duckduckgo.com]. @27-11-2021 01:47:18.0425 AM
[ReportManager] Browser Action [CloseCurrentWindow] successfully performed. @27-11-2021 01:47:18.0471 AM
[ReportManager] Successfully created attachment [Browser Action Test Data - CloseCurrentWindow - Actual Value] @27-11-2021 01:47:18.0472 A
[ReportManager] File Action [GetAbsolutePath] successfully performed. With the following test data [Relative Folder Path: "target/downloadedFiles/"]. @27-11-2021 01:47:18.0494 AM
[ReportManager] Attempting to run locally on: [Mac-64], [Safari], Headless Execution. @27-11-2021 01:47:18.0494 AM
[ReportManager] Successfully Opened Safari. @27-11-2021 01:47:19.0350 AM
[ReportManager] Initial window size: (800, 600) @27-11-2021 01:47:19.0371 AM
[ReportManager] Window size after SWD Maximize: (1176, 803) @27-11-2021 01:47:19.0387 AM
[ReportManager] Browser Action [MaximizeWindow] successfully performed. With the following test data [New screen size is now: (1176, 803)]. @27-11-2021 01:47:19.0388 AM
[ReportManager] Target URL: [https://duckduckgo.com] @27-11-2021 01:47:19.0388 AM
[ReportManager] Initial URL: [] @27-11-2021 01:47:19.0441 AM
[ReportManager] Browser Action [NavigateToURL] successfully performed. With the following test data [https://duckduckgo.com]. @27-11-2021 01:47:20.0046 A

################################################################################################################################################
Starting Execution:	[9 out of 146] test cases in the current suite
Test Method:		[unitTests.tests_browserActions.getPageSource]
################################################################################################################################################
[ReportManager] Browser Action [GetPageSource] successfully performed. @27-11-2021 01:47:20.0118 AM
[ReportManager] Successfully created attachment [Browser Action Test Data - GetPageSource - Actual Value] @27-11-2021 01:47:20.0119 A
[ReportManager] Target URL: [https://duckduckgo.com] @27-11-2021 01:47:20.0123 AM
[ReportManager] Initial URL: [https://duckduckgo.com] @27-11-2021 01:47:20.0157 AM
[ReportManager] Browser Action [NavigateToURL] successfully performed. With the following test data [https://duckduckgo.com]. @27-11-2021 01:47:20.0457 AM
[ReportManager] Browser Action [CloseCurrentWindow] successfully performed. @27-11-2021 01:47:20.0836 AM
[ReportManager] Successfully created attachment [Browser Action Test Data - CloseCurrentWindow - Actual Value] @27-11-2021 01:47:20.0837 A
[ReportManager] File Action [GetAbsolutePath] successfully performed. With the following test data [Relative Folder Path: "target/downloadedFiles/"]. @27-11-2021 01:47:20.0841 AM
[ReportManager] Attempting to run locally on: [Mac-64], [Safari], Headless Execution. @27-11-2021 01:47:20.0841 AM
[ReportManager] Successfully Opened Safari. @27-11-2021 01:47:21.0696 AM
[ReportManager] Initial window size: (800, 600) @27-11-2021 01:47:21.0708 AM
[ReportManager] Window size after SWD Maximize: (1176, 803) @27-11-2021 01:47:21.0724 AM
[ReportManager] Browser Action [MaximizeWindow] successfully performed. With the following test data [New screen size is now: (1176, 803)]. @27-11-2021 01:47:21.0727 AM
[ReportManager] Target URL: [https://duckduckgo.com] @27-11-2021 01:47:21.0727 AM
[ReportManager] Initial URL: [] @27-11-2021 01:47:21.0774 AM
[ReportManager] Browser Action [NavigateToURL] successfully performed. With the following test data [https://duckduckgo.com]. @27-11-2021 01:47:22.0370 A

################################################################################################################################################
Starting Execution:	[10 out of 146] test cases in the current suite
Test Method:		[unitTests.tests_browserActions.getWindowHandle]
################################################################################################################################################
[ReportManager] Browser Action [GetWindowHandle] successfully performed. With the following test data [page-B4B065E3-80F8-4E46-B1C0-AB495247B973]. @27-11-2021 01:47:22.0421 A
[ReportManager] Target URL: [https://duckduckgo.com] @27-11-2021 01:47:22.0424 AM
[ReportManager] Initial URL: [https://duckduckgo.com] @27-11-2021 01:47:22.0455 AM
[ReportManager] Browser Action [NavigateToURL] successfully performed. With the following test data [https://duckduckgo.com]. @27-11-2021 01:47:22.0744 AM
[ReportManager] Browser Action [CloseCurrentWindow] successfully performed. @27-11-2021 01:47:22.0836 AM
[ReportManager] Successfully created attachment [Browser Action Test Data - CloseCurrentWindow - Actual Value] @27-11-2021 01:47:22.0837 A
[ReportManager] File Action [GetAbsolutePath] successfully performed. With the following test data [Relative Folder Path: "target/downloadedFiles/"]. @27-11-2021 01:47:22.0840 AM
[ReportManager] Attempting to run locally on: [Mac-64], [Safari], Headless Execution. @27-11-2021 01:47:22.0840 AM
[ReportManager] Successfully Opened Safari. @27-11-2021 01:47:23.0665 AM
[ReportManager] Initial window size: (800, 600) @27-11-2021 01:47:23.0677 AM
[ReportManager] Window size after SWD Maximize: (1176, 803) @27-11-2021 01:47:23.0712 AM
[ReportManager] Browser Action [MaximizeWindow] successfully performed. With the following test data [New screen size is now: (1176, 803)]. @27-11-2021 01:47:23.0713 AM
[ReportManager] Target URL: [https://duckduckgo.com] @27-11-2021 01:47:23.0714 AM
[ReportManager] Initial URL: [] @27-11-2021 01:47:23.0747 AM
[ReportManager] Browser Action [NavigateToURL] successfully performed. With the following test data [https://duckduckgo.com]. @27-11-2021 01:47:24.0332 A

################################################################################################################################################
Starting Execution:	[11 out of 146] test cases in the current suite
Test Method:		[unitTests.tests_browserActions.getWindowPosition]
################################################################################################################################################
[ReportManager] Browser Action [GetWindowPosition] successfully performed. With the following test data [(0, 25)]. @27-11-2021 01:47:24.0376 A
[ReportManager] Target URL: [https://duckduckgo.com] @27-11-2021 01:47:24.0383 AM
[ReportManager] Initial URL: [https://duckduckgo.com] @27-11-2021 01:47:24.0418 AM
[ReportManager] Browser Action [NavigateToURL] successfully performed. With the following test data [https://duckduckgo.com]. @27-11-2021 01:47:24.0709 AM
[ReportManager] Browser Action [CloseCurrentWindow] successfully performed. @27-11-2021 01:47:25.0088 AM
[ReportManager] Successfully created attachment [Browser Action Test Data - CloseCurrentWindow - Actual Value] @27-11-2021 01:47:25.0089 A
[ReportManager] File Action [GetAbsolutePath] successfully performed. With the following test data [Relative Folder Path: "target/downloadedFiles/"]. @27-11-2021 01:47:25.0092 AM
[ReportManager] Attempting to run locally on: [Mac-64], [Safari], Headless Execution. @27-11-2021 01:47:25.0092 AM
[ReportManager] Successfully Opened Safari. @27-11-2021 01:47:25.0899 AM
[ReportManager] Initial window size: (800, 600) @27-11-2021 01:47:25.0920 AM
[ReportManager] Window size after SWD Maximize: (1176, 803) @27-11-2021 01:47:25.0950 AM
[ReportManager] Browser Action [MaximizeWindow] successfully performed. With the following test data [New screen size is now: (1176, 803)]. @27-11-2021 01:47:25.0951 AM
[ReportManager] Target URL: [https://duckduckgo.com] @27-11-2021 01:47:25.0951 AM
[ReportManager] Initial URL: [] @27-11-2021 01:47:25.0992 AM
[ReportManager] Browser Action [NavigateToURL] successfully performed. With the following test data [https://duckduckgo.com]. @27-11-2021 01:47:26.0597 A

################################################################################################################################################
Starting Execution:	[12 out of 146] test cases in the current suite
Test Method:		[unitTests.tests_browserActions.getWindowSize]
################################################################################################################################################
[ReportManager] Browser Action [GetWindowSize] successfully performed. With the following test data [(1176, 803)]. @27-11-2021 01:47:26.0674 A
[ReportManager] Target URL: [https://duckduckgo.com] @27-11-2021 01:47:26.0676 AM
[ReportManager] Initial URL: [https://duckduckgo.com] @27-11-2021 01:47:26.0710 AM
[ReportManager] Browser Action [NavigateToURL] successfully performed. With the following test data [https://duckduckgo.com]. @27-11-2021 01:47:27.0010 AM
[ReportManager] Browser Action [CloseCurrentWindow] successfully performed. @27-11-2021 01:47:27.0336 AM
[ReportManager] Successfully created attachment [Browser Action Test Data - CloseCurrentWindow - Actual Value] @27-11-2021 01:47:27.0337 A
[ReportManager] File Action [GetAbsolutePath] successfully performed. With the following test data [Relative Folder Path: "target/downloadedFiles/"]. @27-11-2021 01:47:27.0339 AM
[ReportManager] Attempting to run locally on: [Mac-64], [Safari], Headless Execution. @27-11-2021 01:47:27.0340 AM
[ReportManager] Successfully Opened Safari. @27-11-2021 01:47:28.0146 AM
[ReportManager] Initial window size: (800, 600) @27-11-2021 01:47:28.0168 AM
[ReportManager] Window size after SWD Maximize: (1176, 803) @27-11-2021 01:47:28.0182 AM
[ReportManager] Browser Action [MaximizeWindow] successfully performed. With the following test data [New screen size is now: (1176, 803)]. @27-11-2021 01:47:28.0183 AM
[ReportManager] Target URL: [https://duckduckgo.com] @27-11-2021 01:47:28.0183 AM
[ReportManager] Initial URL: [] @27-11-2021 01:47:28.0235 AM
[ReportManager] Browser Action [NavigateToURL] successfully performed. With the following test data [https://duckduckgo.com]. @27-11-2021 01:47:28.0978 A

################################################################################################################################################
Starting Execution:	[13 out of 146] test cases in the current suite
Test Method:		[unitTests.tests_browserActions.maximizeWindow]
################################################################################################################################################
[ReportManager] Initial window size: (1176, 803) @27-11-2021 01:47:28.0991 AM
[ReportManager] Window size after SWD Maximize: (1176, 803) @27-11-2021 01:47:29.0001 AM
[ReportManager] Window size after Toolkit: (1920, 1080) @27-11-2021 01:47:29.0044 AM
[ReportManager] Browser Action [MaximizeWindow] successfully performed. With the following test data [New screen size is now: (1920, 1080)]. @27-11-2021 01:47:29.0050 A
[ReportManager] Target URL: [https://duckduckgo.com] @27-11-2021 01:47:29.0067 AM
[ReportManager] Initial URL: [https://duckduckgo.com] @27-11-2021 01:47:29.0107 AM
[ReportManager] Browser Action [NavigateToURL] successfully performed. With the following test data [https://duckduckgo.com]. @27-11-2021 01:47:29.0467 AM
[ReportManager] Browser Action [CloseCurrentWindow] successfully performed. @27-11-2021 01:47:29.0773 AM
[ReportManager] Successfully created attachment [Browser Action Test Data - CloseCurrentWindow - Actual Value] @27-11-2021 01:47:29.0774 A
[ReportManager] File Action [GetAbsolutePath] successfully performed. With the following test data [Relative Folder Path: "target/downloadedFiles/"]. @27-11-2021 01:47:29.0777 AM
[ReportManager] Attempting to run locally on: [Mac-64], [Safari], Headless Execution. @27-11-2021 01:47:29.0777 AM
[ReportManager] Successfully Opened Safari. @27-11-2021 01:47:30.0581 AM
[ReportManager] Initial window size: (800, 600) @27-11-2021 01:47:30.0591 AM
[ReportManager] Window size after SWD Maximize: (1176, 803) @27-11-2021 01:47:30.0610 AM
[ReportManager] Browser Action [MaximizeWindow] successfully performed. With the following test data [New screen size is now: (1176, 803)]. @27-11-2021 01:47:30.0610 AM
[ReportManager] Target URL: [https://duckduckgo.com] @27-11-2021 01:47:30.0611 AM
[ReportManager] Initial URL: [] @27-11-2021 01:47:30.0652 AM
[ReportManager] Browser Action [NavigateToURL] successfully performed. With the following test data [https://duckduckgo.com]. @27-11-2021 01:47:31.0229 A

################################################################################################################################################
Starting Execution:	[14 out of 146] test cases in the current suite
Test Method:		[unitTests.tests_browserActions.navigateBack]
################################################################################################################################################
[ReportManager] Target URL: [https://www.google.com/ncr], and after redirection: [https://www.google.com] @27-11-2021 01:47:31.0232 AM
[ReportManager] Initial URL: [https://duckduckgo.com] @27-11-2021 01:47:31.0267 AM
[ReportManager] Browser Action [NavigateToURL] successfully performed. With the following test data [https://www.google.com/ncr]. @27-11-2021 01:47:33.0201 AM
[ReportManager] Browser Action [NavigateBack] successfully performed. With the following test data [https://duckduckgo.com/]. @27-11-2021 01:47:33.0325 AM
[ReportManager] Browser Action [GetCurrentURL] successfully performed. With the following test data [https://duckduckgo.com/]. @27-11-2021 01:47:33.0350 AM
[ReportManager] Assertion Passed: Confirming that navigating back was successful @27-11-2021 01:47:33.0502 AM
[ReportManager] Successfully created attachment [Screenshot - 1637977653384_navigateBack_ValidateBrowserAttribute_passed] @27-11-2021 01:47:33.0506 AM
[ReportManager] Assertion [ValidateBrowserAttribute] PASSED. Expected [Value Should be 'https://duckduckgo.com' for the 'CurrentUrl' attribute] and Actual [https://duckduckgo.com/]. Comparison Type [CONTAINS]. Validation Type [POSITIVE]. @27-11-2021 01:47:33.0506 A
[ReportManager] Target URL: [https://duckduckgo.com] @27-11-2021 01:47:33.0511 AM
[ReportManager] Initial URL: [https://duckduckgo.com] @27-11-2021 01:47:33.0544 AM
[ReportManager] Browser Action [NavigateToURL] successfully performed. With the following test data [https://duckduckgo.com]. @27-11-2021 01:47:33.0850 AM
[ReportManager] Browser Action [CloseCurrentWindow] successfully performed. @27-11-2021 01:47:34.0262 AM
[ReportManager] Successfully created attachment [Browser Action Test Data - CloseCurrentWindow - Actual Value] @27-11-2021 01:47:34.0263 A
[ReportManager] File Action [GetAbsolutePath] successfully performed. With the following test data [Relative Folder Path: "target/downloadedFiles/"]. @27-11-2021 01:47:34.0266 AM
[ReportManager] Attempting to run locally on: [Mac-64], [Safari], Headless Execution. @27-11-2021 01:47:34.0266 AM
[ReportManager] An Exception Occured with this Message: Could not start a new session. Possible causes are invalid address of the remote server or browser start-up failure.. @27-11-2021 01:47:34.0431 AM
[ReportManager] Successfully created attachment [Exception Stack Trace - org.openqa.selenium.SessionNotCreatedException] @27-11-2021 01:47:34.0432 AM
[ReportManager] Driver Factory Action [createNewLocalDriverInstanceForSafari] failed. With the following test data [Failed to create a session on DESKTOP_SAFARI]. @27-11-2021 01:47:34.0432 A

################################################################################################################################################
Starting Execution:	[15 out of 146] test cases in the current suite
Test Method:		[unitTests.tests_browserActions.navigateForward]
###############################################################################################################################################



################################################################################################################################################
Starting Execution:	[16 out of 146] test cases in the current suite
Test Method:		[unitTests.tests_browserActions.navigateToURL]
###############################################################################################################################################



################################################################################################################################################
Starting Execution:	[17 out of 146] test cases in the current suite
Test Method:		[unitTests.tests_browserActions.navigateToURLWithRedirection]
###############################################################################################################################################



################################################################################################################################################
Starting Execution:	[18 out of 146] test cases in the current suite
Test Method:		[unitTests.tests_browserActions.refreshCurrentPage]
###############################################################################################################################################



################################################################################################################################################
Starting Execution:	[19 out of 146] test cases in the current suite
Test Method:		[unitTests.tests_browserActions.setWindowSize]
###############################################################################################################################################

[ReportManager] Successfully loaded the following test data file [src/test/resources/testDataFiles/testSuite01/TestData.xlsx]. @27-11-2021 01:47:35.0928 AM
[ReportManager] Successfully created attachment [Test Data - Excel] @27-11-2021 01:47:35.0929 A

################################################################################################################################################
Starting Execution:	[20 out of 146] test cases in the current suite
Test Method:		[unitTests.tests_io_excelFileManager.getCellData_rowName_expectedToPass]
################################################################################################################################################
[ReportManager] testRowData. @27-11-2021 01:47:35.0941 A

################################################################################################################################################
Starting Execution:	[21 out of 146] test cases in the current suite
Test Method:		[unitTests.tests_validations_assertions.assertComparativeRelation_greaterThanOrEquals_false_equals_expectedToFail]
################################################################################################################################################
[ReportManager] Assertion [ValidateComparativeRelation] FAILED. Expected [1] and Actual [1]. Comparison Type [GREATER_THAN_OR_EQUALS]. Validation Type [NEGATIVE]. @27-11-2021 01:47:35.0947 A

################################################################################################################################################
Starting Execution:	[22 out of 146] test cases in the current suite
Test Method:		[unitTests.tests_validations_assertions.assertComparativeRelation_greaterThanOrEquals_false_equals_expectedToPass]
################################################################################################################################################
[ReportManager] Assertion [ValidateComparativeRelation] PASSED. Expected [2] and Actual [1]. Comparison Type [GREATER_THAN_OR_EQUALS]. Validation Type [NEGATIVE]. @27-11-2021 01:47:35.0951 A

################################################################################################################################################
Starting Execution:	[23 out of 146] test cases in the current suite
Test Method:		[unitTests.tests_validations_assertions.assertComparativeRelation_greaterThanOrEquals_false_greaterThan_expectedToFail]
################################################################################################################################################
[ReportManager] Assertion [ValidateComparativeRelation] FAILED. Expected [1] and Actual [2]. Comparison Type [GREATER_THAN_OR_EQUALS]. Validation Type [NEGATIVE]. @27-11-2021 01:47:35.0956 A

################################################################################################################################################
Starting Execution:	[24 out of 146] test cases in the current suite
Test Method:		[unitTests.tests_validations_assertions.assertComparativeRelation_greaterThanOrEquals_false_greaterThan_expectedToPass]
################################################################################################################################################
[ReportManager] Assertion [ValidateComparativeRelation] PASSED. Expected [2] and Actual [1]. Comparison Type [GREATER_THAN_OR_EQUALS]. Validation Type [NEGATIVE]. @27-11-2021 01:47:35.0963 A

################################################################################################################################################
Starting Execution:	[25 out of 146] test cases in the current suite
Test Method:		[unitTests.tests_validations_assertions.assertComparativeRelation_greaterThanOrEquals_true_equals_expectedToFail]
################################################################################################################################################
[ReportManager] Assertion [ValidateComparativeRelation] FAILED. Expected [1] and Actual [0]. Comparison Type [GREATER_THAN_OR_EQUALS]. Validation Type [POSITIVE]. @27-11-2021 01:47:35.0966 A

################################################################################################################################################
Starting Execution:	[26 out of 146] test cases in the current suite
Test Method:		[unitTests.tests_validations_assertions.assertComparativeRelation_greaterThanOrEquals_true_equals_expectedToPass]
################################################################################################################################################
[ReportManager] Assertion [ValidateComparativeRelation] PASSED. Expected [1] and Actual [1]. Comparison Type [GREATER_THAN_OR_EQUALS]. Validation Type [POSITIVE]. @27-11-2021 01:47:35.0972 A

################################################################################################################################################
Starting Execution:	[27 out of 146] test cases in the current suite
Test Method:		[unitTests.tests_validations_assertions.assertComparativeRelation_greaterThanOrEquals_true_greaterThan_expectedToFail]
################################################################################################################################################
[ReportManager] Assertion [ValidateComparativeRelation] FAILED. Expected [2] and Actual [1]. Comparison Type [GREATER_THAN_OR_EQUALS]. Validation Type [POSITIVE]. @27-11-2021 01:47:35.0979 A

################################################################################################################################################
Starting Execution:	[28 out of 146] test cases in the current suite
Test Method:		[unitTests.tests_validations_assertions.assertComparativeRelation_greaterThanOrEquals_true_greaterThan_expectedToPass]
################################################################################################################################################
[ReportManager] Assertion [ValidateComparativeRelation] PASSED. Expected [1] and Actual [2]. Comparison Type [GREATER_THAN_OR_EQUALS]. Validation Type [POSITIVE]. @27-11-2021 01:47:35.0985 A
[ReportManager] File Action [GetAbsolutePath] successfully performed. With the following test data [Relative Folder Path: "target/downloadedFiles/"]. @27-11-2021 01:47:35.0990 AM
[ReportManager] Attempting to run locally on: [Mac-64], [Safari], Headless Execution. @27-11-2021 01:47:35.0990 AM
[ReportManager] Successfully Opened Safari. @27-11-2021 01:47:36.0895 AM
[ReportManager] Initial window size: (800, 600) @27-11-2021 01:47:36.0947 AM
[ReportManager] Window size after SWD Maximize: (1176, 803) @27-11-2021 01:47:36.0976 AM
[ReportManager] Browser Action [MaximizeWindow] successfully performed. With the following test data [New screen size is now: (1176, 803)]. @27-11-2021 01:47:36.0976 AM
[ReportManager] Target URL: [https://www.google.com/ncr], and after redirection: [www.google.com] @27-11-2021 01:47:36.0977 AM
[ReportManager] Initial URL: [] @27-11-2021 01:47:37.0026 AM
[ReportManager] Browser Action [NavigateToURL] successfully performed. With the following test data [https://www.google.com/ncr]. @27-11-2021 01:47:38.0928 A

################################################################################################################################################
Starting Execution:	[29 out of 146] test cases in the current suite
Test Method:		[unitTests.tests_validations_assertions.assertElementAttribute_false_caseInsensitiveComparison_expectedToFail]
################################################################################################################################################
[ReportManager] Element Action [Type] successfully performed. With the following test data [AUTOMATION]. @27-11-2021 01:47:39.0065 AM
[ReportManager] Element Action [GetText] successfully performed. With the following test data [AUTOMATION]. @27-11-2021 01:47:39.0131 AM
[ReportManager] Loaded Shared OpenCV @27-11-2021 01:47:40.0536 AM
[ReportManager] Assertion [ValidateElementAttribute] FAILED. Expected [Value Should not be 'AutomaTion' for the 'text' attribute, element locator 'By.name: q'] and Actual [AUTOMATION]. Comparison Type [CASE_INSENSITIVE]. Validation Type [NEGATIVE]. @27-11-2021 01:47:40.0910 AM
[ReportManager] Successfully created attachment [Screenshot - 1637977659299_assertElementAttribute_false_caseInsensitiveComparison_expectedToFail_ValidateElementAttribute_failed] @27-11-2021 01:47:40.0922 A
[ReportManager] Browser Action [CloseCurrentWindow] successfully performed. @27-11-2021 01:47:41.0192 AM
[ReportManager] Successfully created attachment [Browser Action Test Data - CloseCurrentWindow - Actual Value] @27-11-2021 01:47:41.0193 A
[ReportManager] File Action [GetAbsolutePath] successfully performed. With the following test data [Relative Folder Path: "target/downloadedFiles/"]. @27-11-2021 01:47:41.0198 AM
[ReportManager] Attempting to run locally on: [Mac-64], [Safari], Headless Execution. @27-11-2021 01:47:41.0198 AM
[ReportManager] Successfully Opened Safari. @27-11-2021 01:47:42.0012 AM
[ReportManager] Initial window size: (800, 600) @27-11-2021 01:47:42.0029 AM
[ReportManager] Window size after SWD Maximize: (1176, 803) @27-11-2021 01:47:42.0046 AM
[ReportManager] Browser Action [MaximizeWindow] successfully performed. With the following test data [New screen size is now: (1176, 803)]. @27-11-2021 01:47:42.0047 AM
[ReportManager] Target URL: [https://www.google.com/ncr], and after redirection: [www.google.com] @27-11-2021 01:47:42.0047 AM
[ReportManager] Initial URL: [] @27-11-2021 01:47:42.0095 AM
[ReportManager] Browser Action [NavigateToURL] successfully performed. With the following test data [https://www.google.com/ncr]. @27-11-2021 01:47:43.0752 A

################################################################################################################################################
Starting Execution:	[30 out of 146] test cases in the current suite
Test Method:		[unitTests.tests_validations_assertions.assertElementAttribute_false_caseInsensitiveComparison_expectedToPass]
################################################################################################################################################
[ReportManager] Element Action [Type] successfully performed. With the following test data [AUTOMATION]. @27-11-2021 01:47:43.0871 AM
[ReportManager] Element Action [GetText] successfully performed. With the following test data [AUTOMATION]. @27-11-2021 01:47:43.0930 AM
[ReportManager] Loaded Shared OpenCV @27-11-2021 01:47:44.0055 AM
[ReportManager] Assertion [ValidateElementAttribute] PASSED. Expected [Value Should not be 'AutomaTion123' for the 'text' attribute, element locator 'By.name: q'] and Actual [AUTOMATION]. Comparison Type [CASE_INSENSITIVE]. Validation Type [NEGATIVE]. @27-11-2021 01:47:44.0164 AM
[ReportManager] Successfully created attachment [Screenshot - 1637977664055_assertElementAttribute_false_caseInsensitiveComparison_expectedToPass_ValidateElementAttribute_passed] @27-11-2021 01:47:44.0167 A
[ReportManager] Browser Action [CloseCurrentWindow] successfully performed. @27-11-2021 01:47:44.0569 AM
[ReportManager] Successfully created attachment [Browser Action Test Data - CloseCurrentWindow - Actual Value] @27-11-2021 01:47:44.0571 A
[ReportManager] File Action [GetAbsolutePath] successfully performed. With the following test data [Relative Folder Path: "target/downloadedFiles/"]. @27-11-2021 01:47:44.0576 AM
[ReportManager] Attempting to run locally on: [Mac-64], [Safari], Headless Execution. @27-11-2021 01:47:44.0577 AM
[ReportManager] Successfully Opened Safari. @27-11-2021 01:47:45.0405 AM
[ReportManager] Initial window size: (800, 600) @27-11-2021 01:47:45.0420 AM
[ReportManager] Window size after SWD Maximize: (1176, 803) @27-11-2021 01:47:45.0448 AM
[ReportManager] Browser Action [MaximizeWindow] successfully performed. With the following test data [New screen size is now: (1176, 803)]. @27-11-2021 01:47:45.0448 AM
[ReportManager] Target URL: [https://www.google.com/ncr], and after redirection: [www.google.com] @27-11-2021 01:47:45.0448 AM
[ReportManager] Initial URL: [] @27-11-2021 01:47:45.0513 AM
[ReportManager] Browser Action [NavigateToURL] successfully performed. With the following test data [https://www.google.com/ncr]. @27-11-2021 01:47:47.0274 A

################################################################################################################################################
Starting Execution:	[31 out of 146] test cases in the current suite
Test Method:		[unitTests.tests_validations_assertions.assertElementAttribute_false_containsComparison_expectedToFail]
################################################################################################################################################
[ReportManager] Element Action [Type] successfully performed. With the following test data [Automation123]. @27-11-2021 01:47:47.0403 AM
[ReportManager] Element Action [GetText] successfully performed. With the following test data [Automation123]. @27-11-2021 01:47:47.0464 AM
[ReportManager] Loaded Shared OpenCV @27-11-2021 01:47:47.0586 AM
[ReportManager] Assertion [ValidateElementAttribute] FAILED. Expected [Value Should not be 'Automation' for the 'text' attribute, element locator 'By.name: q'] and Actual [Automation123]. Comparison Type [CONTAINS]. Validation Type [NEGATIVE]. @27-11-2021 01:47:47.0692 AM
[ReportManager] Successfully created attachment [Screenshot - 1637977667586_assertElementAttribute_false_containsComparison_expectedToFail_ValidateElementAttribute_failed] @27-11-2021 01:47:47.0694 A
[ReportManager] Browser Action [CloseCurrentWindow] successfully performed. @27-11-2021 01:47:48.0088 AM
[ReportManager] Successfully created attachment [Browser Action Test Data - CloseCurrentWindow - Actual Value] @27-11-2021 01:47:48.0089 A
[ReportManager] File Action [GetAbsolutePath] successfully performed. With the following test data [Relative Folder Path: "target/downloadedFiles/"]. @27-11-2021 01:47:48.0093 AM
[ReportManager] Attempting to run locally on: [Mac-64], [Safari], Headless Execution. @27-11-2021 01:47:48.0093 AM
[ReportManager] Successfully Opened Safari. @27-11-2021 01:47:48.0941 AM
[ReportManager] Initial window size: (800, 600) @27-11-2021 01:47:48.0950 AM
[ReportManager] Window size after SWD Maximize: (1176, 803) @27-11-2021 01:47:48.0978 AM
[ReportManager] Browser Action [MaximizeWindow] successfully performed. With the following test data [New screen size is now: (1176, 803)]. @27-11-2021 01:47:48.0978 AM
[ReportManager] Target URL: [https://www.google.com/ncr], and after redirection: [www.google.com] @27-11-2021 01:47:48.0978 AM
[ReportManager] Initial URL: [] @27-11-2021 01:47:49.0029 AM
[ReportManager] Browser Action [NavigateToURL] successfully performed. With the following test data [https://www.google.com/ncr]. @27-11-2021 01:47:50.0965 A

################################################################################################################################################
Starting Execution:	[32 out of 146] test cases in the current suite
Test Method:		[unitTests.tests_validations_assertions.assertElementAttribute_false_containsComparison_expectedToPass]
################################################################################################################################################
[ReportManager] Element Action [Type] successfully performed. With the following test data [Automation123]. @27-11-2021 01:47:51.0114 AM
[ReportManager] Element Action [GetText] successfully performed. With the following test data [Automation123]. @27-11-2021 01:47:51.0275 AM
[ReportManager] Loaded Shared OpenCV @27-11-2021 01:47:51.0340 AM
[ReportManager] Assertion [ValidateElementAttribute] PASSED. Expected [Value Should not be 'Automation1234' for the 'text' attribute, element locator 'By.name: q'] and Actual [Automation123]. Comparison Type [CONTAINS]. Validation Type [NEGATIVE]. @27-11-2021 01:47:51.0443 AM
[ReportManager] Successfully created attachment [Screenshot - 1637977671340_assertElementAttribute_false_containsComparison_expectedToPass_ValidateElementAttribute_passed] @27-11-2021 01:47:51.0444 A
[ReportManager] Browser Action [CloseCurrentWindow] successfully performed. @27-11-2021 01:47:51.0749 AM
[ReportManager] Successfully created attachment [Browser Action Test Data - CloseCurrentWindow - Actual Value] @27-11-2021 01:47:51.0750 A
[ReportManager] File Action [GetAbsolutePath] successfully performed. With the following test data [Relative Folder Path: "target/downloadedFiles/"]. @27-11-2021 01:47:51.0753 AM
[ReportManager] Attempting to run locally on: [Mac-64], [Safari], Headless Execution. @27-11-2021 01:47:51.0753 AM
[ReportManager] Successfully Opened Safari. @27-11-2021 01:47:52.0566 AM
[ReportManager] Initial window size: (800, 600) @27-11-2021 01:47:52.0584 AM
[ReportManager] Window size after SWD Maximize: (1176, 803) @27-11-2021 01:47:52.0614 AM
[ReportManager] Browser Action [MaximizeWindow] successfully performed. With the following test data [New screen size is now: (1176, 803)]. @27-11-2021 01:47:52.0614 AM
[ReportManager] Target URL: [https://www.google.com/ncr], and after redirection: [www.google.com] @27-11-2021 01:47:52.0614 AM
[ReportManager] Initial URL: [] @27-11-2021 01:47:52.0652 AM
[ReportManager] Browser Action [NavigateToURL] successfully performed. With the following test data [https://www.google.com/ncr]. @27-11-2021 01:47:54.0472 A

################################################################################################################################################
Starting Execution:	[33 out of 146] test cases in the current suite
Test Method:		[unitTests.tests_validations_assertions.assertElementAttribute_false_literalComparison_expectedToFail]
################################################################################################################################################
[ReportManager] Element Action [Type] successfully performed. With the following test data [Automation!@#$%^&*()_+{}[]\';/.,]. @27-11-2021 01:47:54.0683 AM
[ReportManager] Element Action [GetText] successfully performed. With the following test data [Automation!@#$%^&*()_+{}[]\';/.,]. @27-11-2021 01:47:54.0741 AM
[ReportManager] Loaded Shared OpenCV @27-11-2021 01:47:54.0787 AM
[ReportManager] Assertion [ValidateElementAttribute] PASSED. Expected [Value Should not be 'Automation!@#$%^&*()_+{}[]\\';/.,' for the 'text' attribute, element locator 'By.name: q'] and Actual [Automation!@#$%^&*()_+{}[]\';/.,]. Comparison Type [EQUALS]. Validation Type [NEGATIVE]. @27-11-2021 01:47:54.0901 AM
[ReportManager] Successfully created attachment [Screenshot - 1637977674787_assertElementAttribute_false_literalComparison_expectedToFail_ValidateElementAttribute_passed] @27-11-2021 01:47:54.0902 A
[ReportManager] Browser Action [CloseCurrentWindow] successfully performed. @27-11-2021 01:47:55.0187 AM
[ReportManager] Successfully created attachment [Browser Action Test Data - CloseCurrentWindow - Actual Value] @27-11-2021 01:47:55.0188 A
[ReportManager] File Action [GetAbsolutePath] successfully performed. With the following test data [Relative Folder Path: "target/downloadedFiles/"]. @27-11-2021 01:47:55.0191 AM
[ReportManager] Attempting to run locally on: [Mac-64], [Safari], Headless Execution. @27-11-2021 01:47:55.0191 AM
[ReportManager] Successfully Opened Safari. @27-11-2021 01:47:55.0986 AM
[ReportManager] Initial window size: (800, 600) @27-11-2021 01:47:56.0007 AM
[ReportManager] Window size after SWD Maximize: (1176, 803) @27-11-2021 01:47:56.0022 AM
[ReportManager] Browser Action [MaximizeWindow] successfully performed. With the following test data [New screen size is now: (1176, 803)]. @27-11-2021 01:47:56.0023 AM
[ReportManager] Target URL: [https://www.google.com/ncr], and after redirection: [www.google.com] @27-11-2021 01:47:56.0023 AM
[ReportManager] Initial URL: [] @27-11-2021 01:47:56.0072 AM
[ReportManager] Browser Action [NavigateToURL] successfully performed. With the following test data [https://www.google.com/ncr]. @27-11-2021 01:47:57.0801 A

################################################################################################################################################
Starting Execution:	[34 out of 146] test cases in the current suite
Test Method:		[unitTests.tests_validations_assertions.assertElementAttribute_false_literalComparison_expectedToPass]
################################################################################################################################################
[ReportManager] Element Action [Type] successfully performed. With the following test data [Automation!@#$%^&*()_+{}[]\';/.,]. @27-11-2021 01:47:58.0054 AM
[ReportManager] Element Action [GetText] successfully performed. With the following test data [Automation!@#$%^&*()_+{}[]\';/.,]. @27-11-2021 01:47:58.0129 AM
[ReportManager] Loaded Shared OpenCV @27-11-2021 01:47:58.0253 AM
[ReportManager] Assertion [ValidateElementAttribute] PASSED. Expected [Value Should not be 'Automation' for the 'text' attribute, element locator 'By.name: q'] and Actual [Automation!@#$%^&*()_+{}[]\';/.,]. Comparison Type [EQUALS]. Validation Type [NEGATIVE]. @27-11-2021 01:47:58.0349 AM
[ReportManager] Successfully created attachment [Screenshot - 1637977678253_assertElementAttribute_false_literalComparison_expectedToPass_ValidateElementAttribute_passed] @27-11-2021 01:47:58.0351 A
[ReportManager] Browser Action [CloseCurrentWindow] successfully performed. @27-11-2021 01:47:58.0665 AM
[ReportManager] Successfully created attachment [Browser Action Test Data - CloseCurrentWindow - Actual Value] @27-11-2021 01:47:58.0666 A
[ReportManager] File Action [GetAbsolutePath] successfully performed. With the following test data [Relative Folder Path: "target/downloadedFiles/"]. @27-11-2021 01:47:58.0670 AM
[ReportManager] Attempting to run locally on: [Mac-64], [Safari], Headless Execution. @27-11-2021 01:47:58.0670 AM
[ReportManager] Successfully Opened Safari. @27-11-2021 01:47:59.0477 AM
[ReportManager] Initial window size: (800, 600) @27-11-2021 01:47:59.0503 AM
[ReportManager] Window size after SWD Maximize: (1176, 803) @27-11-2021 01:47:59.0517 AM
[ReportManager] Browser Action [MaximizeWindow] successfully performed. With the following test data [New screen size is now: (1176, 803)]. @27-11-2021 01:47:59.0518 AM
[ReportManager] Target URL: [https://www.google.com/ncr], and after redirection: [www.google.com] @27-11-2021 01:47:59.0518 AM
[ReportManager] Initial URL: [] @27-11-2021 01:47:59.0574 AM
[ReportManager] Browser Action [NavigateToURL] successfully performed. With the following test data [https://www.google.com/ncr]. @27-11-2021 01:48:01.0211 A

################################################################################################################################################
Starting Execution:	[35 out of 146] test cases in the current suite
Test Method:		[unitTests.tests_validations_assertions.assertElementAttribute_false_regexComparison_expectedToFail]
################################################################################################################################################
[ReportManager] Element Action [Type] successfully performed. With the following test data [Automation123]. @27-11-2021 01:48:01.0334 AM
[ReportManager] Element Action [GetText] successfully performed. With the following test data [Automation123]. @27-11-2021 01:48:01.0391 AM
[ReportManager] Loaded Shared OpenCV @27-11-2021 01:48:01.0522 AM
[ReportManager] Assertion [ValidateElementAttribute] FAILED. Expected [Value Should not be 'Automation.*' for the 'text' attribute, element locator 'By.name: q'] and Actual [Automation123]. Comparison Type [MATCHES]. Validation Type [NEGATIVE]. @27-11-2021 01:48:01.0631 AM
[ReportManager] Successfully created attachment [Screenshot - 1637977681522_assertElementAttribute_false_regexComparison_expectedToFail_ValidateElementAttribute_failed] @27-11-2021 01:48:01.0633 A
[ReportManager] Browser Action [CloseCurrentWindow] successfully performed. @27-11-2021 01:48:01.0740 AM
[ReportManager] Successfully created attachment [Browser Action Test Data - CloseCurrentWindow - Actual Value] @27-11-2021 01:48:01.0741 A
[ReportManager] File Action [GetAbsolutePath] successfully performed. With the following test data [Relative Folder Path: "target/downloadedFiles/"]. @27-11-2021 01:48:01.0745 AM
[ReportManager] Attempting to run locally on: [Mac-64], [Safari], Headless Execution. @27-11-2021 01:48:01.0745 AM
[ReportManager] Successfully Opened Safari. @27-11-2021 01:48:02.0577 AM
[ReportManager] Initial window size: (800, 600) @27-11-2021 01:48:02.0604 AM
[ReportManager] Window size after SWD Maximize: (1176, 803) @27-11-2021 01:48:02.0619 AM
[ReportManager] Browser Action [MaximizeWindow] successfully performed. With the following test data [New screen size is now: (1176, 803)]. @27-11-2021 01:48:02.0619 AM
[ReportManager] Target URL: [https://www.google.com/ncr], and after redirection: [www.google.com] @27-11-2021 01:48:02.0619 AM
[ReportManager] Initial URL: [] @27-11-2021 01:48:02.0675 AM
[ReportManager] Browser Action [NavigateToURL] successfully performed. With the following test data [https://www.google.com/ncr]. @27-11-2021 01:48:03.0942 A

################################################################################################################################################
Starting Execution:	[36 out of 146] test cases in the current suite
Test Method:		[unitTests.tests_validations_assertions.assertElementAttribute_false_regexComparison_expectedToPass]
################################################################################################################################################
[ReportManager] Element Action [Type] successfully performed. With the following test data [Automation123]. @27-11-2021 01:48:04.0094 AM
[ReportManager] Element Action [GetText] successfully performed. With the following test data [Automation123]. @27-11-2021 01:48:04.0153 AM
[ReportManager] Loaded Shared OpenCV @27-11-2021 01:48:04.0241 AM
[ReportManager] Assertion [ValidateElementAttribute] PASSED. Expected [Value Should not be 'Automation' for the 'text' attribute, element locator 'By.name: q'] and Actual [Automation123]. Comparison Type [MATCHES]. Validation Type [NEGATIVE]. @27-11-2021 01:48:04.0349 AM
[ReportManager] Successfully created attachment [Screenshot - 1637977684241_assertElementAttribute_false_regexComparison_expectedToPass_ValidateElementAttribute_passed] @27-11-2021 01:48:04.0351 A
[ReportManager] Browser Action [CloseCurrentWindow] successfully performed. @27-11-2021 01:48:04.0603 AM
[ReportManager] Successfully created attachment [Browser Action Test Data - CloseCurrentWindow - Actual Value] @27-11-2021 01:48:04.0604 A
[ReportManager] File Action [GetAbsolutePath] successfully performed. With the following test data [Relative Folder Path: "target/downloadedFiles/"]. @27-11-2021 01:48:04.0607 AM
[ReportManager] Attempting to run locally on: [Mac-64], [Safari], Headless Execution. @27-11-2021 01:48:04.0607 AM
[ReportManager] Successfully Opened Safari. @27-11-2021 01:48:05.0399 AM
[ReportManager] Initial window size: (800, 600) @27-11-2021 01:48:05.0418 AM
[ReportManager] Window size after SWD Maximize: (1176, 803) @27-11-2021 01:48:05.0447 AM
[ReportManager] Browser Action [MaximizeWindow] successfully performed. With the following test data [New screen size is now: (1176, 803)]. @27-11-2021 01:48:05.0447 AM
[ReportManager] Target URL: [https://www.google.com/ncr], and after redirection: [www.google.com] @27-11-2021 01:48:05.0448 AM
[ReportManager] Initial URL: [] @27-11-2021 01:48:05.0484 AM
[ReportManager] Browser Action [NavigateToURL] successfully performed. With the following test data [https://www.google.com/ncr]. @27-11-2021 01:48:07.0220 A

################################################################################################################################################
Starting Execution:	[37 out of 146] test cases in the current suite
Test Method:		[unitTests.tests_validations_assertions.assertElementAttribute_true_caseInsensitiveComparison_expectedToFail]
################################################################################################################################################
[ReportManager] Element Action [Type] successfully performed. With the following test data [AUTOMATION]. @27-11-2021 01:48:07.0333 AM
[ReportManager] Element Action [GetText] successfully performed. With the following test data [AUTOMATION]. @27-11-2021 01:48:07.0387 AM
[ReportManager] Loaded Shared OpenCV @27-11-2021 01:48:07.0436 AM
[ReportManager] Assertion [ValidateElementAttribute] FAILED. Expected [Value Should be 'AutomaTion123' for the 'text' attribute, element locator 'By.name: q'] and Actual [AUTOMATION]. Comparison Type [CASE_INSENSITIVE]. Validation Type [POSITIVE]. @27-11-2021 01:48:07.0551 AM
[ReportManager] Successfully created attachment [Screenshot - 1637977687436_assertElementAttribute_true_caseInsensitiveComparison_expectedToFail_ValidateElementAttribute_failed] @27-11-2021 01:48:07.0552 A
[ReportManager] Browser Action [CloseCurrentWindow] successfully performed. @27-11-2021 01:48:07.0973 AM
[ReportManager] Successfully created attachment [Browser Action Test Data - CloseCurrentWindow - Actual Value] @27-11-2021 01:48:07.0974 A
[ReportManager] File Action [GetAbsolutePath] successfully performed. With the following test data [Relative Folder Path: "target/downloadedFiles/"]. @27-11-2021 01:48:07.0977 AM
[ReportManager] Attempting to run locally on: [Mac-64], [Safari], Headless Execution. @27-11-2021 01:48:07.0978 AM
[ReportManager] Successfully Opened Safari. @27-11-2021 01:48:08.0811 AM
[ReportManager] Initial window size: (800, 600) @27-11-2021 01:48:08.0823 AM
[ReportManager] Window size after SWD Maximize: (1176, 803) @27-11-2021 01:48:08.0840 AM
[ReportManager] Browser Action [MaximizeWindow] successfully performed. With the following test data [New screen size is now: (1176, 803)]. @27-11-2021 01:48:08.0840 AM
[ReportManager] Target URL: [https://www.google.com/ncr], and after redirection: [www.google.com] @27-11-2021 01:48:08.0840 AM
[ReportManager] Initial URL: [] @27-11-2021 01:48:08.0897 AM
[ReportManager] Browser Action [NavigateToURL] successfully performed. With the following test data [https://www.google.com/ncr]. @27-11-2021 01:48:10.0023 A

################################################################################################################################################
Starting Execution:	[38 out of 146] test cases in the current suite
Test Method:		[unitTests.tests_validations_assertions.assertElementAttribute_true_caseInsensitiveComparison_expectedToPass]
################################################################################################################################################
[ReportManager] Element Action [Type] successfully performed. With the following test data [AUTOMATION]. @27-11-2021 01:48:10.0148 AM
[ReportManager] Element Action [GetText] successfully performed. With the following test data [AUTOMATION]. @27-11-2021 01:48:10.0207 AM
[ReportManager] Loaded Shared OpenCV @27-11-2021 01:48:10.0322 AM
[ReportManager] Assertion [ValidateElementAttribute] PASSED. Expected [Value Should be 'AutomaTion' for the 'text' attribute, element locator 'By.name: q'] and Actual [AUTOMATION]. Comparison Type [CASE_INSENSITIVE]. Validation Type [POSITIVE]. @27-11-2021 01:48:10.0418 AM
[ReportManager] Successfully created attachment [Screenshot - 1637977690322_assertElementAttribute_true_caseInsensitiveComparison_expectedToPass_ValidateElementAttribute_passed] @27-11-2021 01:48:10.0419 A
[ReportManager] Browser Action [CloseCurrentWindow] successfully performed. @27-11-2021 01:48:10.0712 AM
[ReportManager] Successfully created attachment [Browser Action Test Data - CloseCurrentWindow - Actual Value] @27-11-2021 01:48:10.0713 A
[ReportManager] File Action [GetAbsolutePath] successfully performed. With the following test data [Relative Folder Path: "target/downloadedFiles/"]. @27-11-2021 01:48:10.0716 AM
[ReportManager] Attempting to run locally on: [Mac-64], [Safari], Headless Execution. @27-11-2021 01:48:10.0716 AM
[ReportManager] An Exception Occured with this Message: Could not start a new session. Possible causes are invalid address of the remote server or browser start-up failure.. @27-11-2021 01:48:10.0913 AM
[ReportManager] Successfully created attachment [Exception Stack Trace - org.openqa.selenium.SessionNotCreatedException] @27-11-2021 01:48:10.0913 AM
[ReportManager] Driver Factory Action [createNewLocalDriverInstanceForSafari] failed. With the following test data [Failed to create a session on DESKTOP_SAFARI]. @27-11-2021 01:48:10.0913 A

################################################################################################################################################
Starting Execution:	[39 out of 146] test cases in the current suite
Test Method:		[unitTests.tests_validations_assertions.assertElementAttribute_true_containsComparison_expectedToFail]
###############################################################################################################################################



################################################################################################################################################
Starting Execution:	[40 out of 146] test cases in the current suite
Test Method:		[unitTests.tests_validations_assertions.assertElementAttribute_true_containsComparison_expectedToPass]
###############################################################################################################################################



################################################################################################################################################
Starting Execution:	[41 out of 146] test cases in the current suite
Test Method:		[unitTests.tests_validations_assertions.assertElementAttribute_true_literalComparison_expectedToFail]
###############################################################################################################################################



################################################################################################################################################
Starting Execution:	[42 out of 146] test cases in the current suite
Test Method:		[unitTests.tests_validations_assertions.assertElementAttribute_true_literalComparison_expectedToPass]
###############################################################################################################################################



################################################################################################################################################
Starting Execution:	[43 out of 146] test cases in the current suite
Test Method:		[unitTests.tests_validations_assertions.assertElementAttribute_true_regexComparison_expectedToFail]
###############################################################################################################################################



################################################################################################################################################
Starting Execution:	[44 out of 146] test cases in the current suite
Test Method:		[unitTests.tests_validations_assertions.assertElementAttribute_true_regexComparison_expectedToPass]
###############################################################################################################################################



################################################################################################################################################
Starting Execution:	[45 out of 146] test cases in the current suite
Test Method:		[unitTests.tests_validations_assertions.assertElementAttribute_type_true_literalComparison_expectedToPass]
###############################################################################################################################################



################################################################################################################################################
Starting Execution:	[46 out of 146] test cases in the current suite
Test Method:		[unitTests.tests_validations_assertions.assertElementExists_false_expectedToFail]
###############################################################################################################################################



################################################################################################################################################
Starting Execution:	[47 out of 146] test cases in the current suite
Test Method:		[unitTests.tests_validations_assertions.assertElementExists_false_expectedToPass]
###############################################################################################################################################



################################################################################################################################################
Starting Execution:	[48 out of 146] test cases in the current suite
Test Method:		[unitTests.tests_validations_assertions.assertElementExists_false_multipleElementsFound_expectedToFail]
###############################################################################################################################################



################################################################################################################################################
Starting Execution:	[49 out of 146] test cases in the current suite
Test Method:		[unitTests.tests_validations_assertions.assertElementExists_true_expectedToFail]
###############################################################################################################################################



################################################################################################################################################
Starting Execution:	[50 out of 146] test cases in the current suite
Test Method:		[unitTests.tests_validations_assertions.assertElementExists_true_expectedToPass]
###############################################################################################################################################



################################################################################################################################################
Starting Execution:	[51 out of 146] test cases in the current suite
Test Method:		[unitTests.tests_validations_assertions.assertElementExists_true_multipleElementsFound_expectedToFail]
###############################################################################################################################################


################################################################################################################################################
Starting Execution:	[52 out of 146] test cases in the current suite
Test Method:		[unitTests.tests_validations_assertions.assertEquals_false_expectedToFail]
###############################################################################################################################################

################################################################################################################################################
Starting Execution:	[53 out of 146] test cases in the current suite
Test Method:		[unitTests.tests_validations_assertions.assertEquals_false_expectedToPass]
###############################################################################################################################################

################################################################################################################################################
Starting Execution:	[54 out of 146] test cases in the current suite
Test Method:		[unitTests.tests_validations_assertions.assertEquals_longCharacters]
###############################################################################################################################################

################################################################################################################################################
Starting Execution:	[55 out of 146] test cases in the current suite
Test Method:		[unitTests.tests_validations_assertions.assertEquals_longCharacters_Discreet]
###############################################################################################################################################

################################################################################################################################################
Starting Execution:	[56 out of 146] test cases in the current suite
Test Method:		[unitTests.tests_validations_assertions.assertEquals_true_expectedToFail]
###############################################################################################################################################

################################################################################################################################################
Starting Execution:	[57 out of 146] test cases in the current suite
Test Method:		[unitTests.tests_validations_assertions.assertEquals_true_expectedToPass]
Test Description:	[Assert that assertEquals works as expected when the two values are equal.]
###############################################################################################################################################

################################################################################################################################################
Starting Execution:	[58 out of 146] test cases in the current suite
Test Method:		[unitTests.tests_validations_assertions.assertEquals_true_expectedToPass__]
###############################################################################################################################################

################################################################################################################################################
Starting Execution:	[59 out of 146] test cases in the current suite
Test Method:		[unitTests.tests_validations_assertions.assertFileExists_false_expectedToFail]
###############################################################################################################################################

################################################################################################################################################
Starting Execution:	[60 out of 146] test cases in the current suite
Test Method:		[unitTests.tests_validations_assertions.assertFileExists_false_expectedToPass]
###############################################################################################################################################

################################################################################################################################################
Starting Execution:	[61 out of 146] test cases in the current suite
Test Method:		[unitTests.tests_validations_assertions.assertFileExists_true_expectedToFail]
###############################################################################################################################################

################################################################################################################################################
Starting Execution:	[62 out of 146] test cases in the current suite
Test Method:		[unitTests.tests_validations_assertions.assertFileExists_true_expectedToPass]
###############################################################################################################################################

################################################################################################################################################
Starting Execution:	[63 out of 146] test cases in the current suite
Test Method:		[unitTests.tests_validations_assertions.assertNull_false_expectedToFail]
###############################################################################################################################################

################################################################################################################################################
Starting Execution:	[64 out of 146] test cases in the current suite
Test Method:		[unitTests.tests_validations_assertions.assertNull_false_expectedToPass]
###############################################################################################################################################

################################################################################################################################################
Starting Execution:	[65 out of 146] test cases in the current suite
Test Method:		[unitTests.tests_validations_assertions.assertNull_true_expectedToFail]
###############################################################################################################################################

################################################################################################################################################
Starting Execution:	[66 out of 146] test cases in the current suite
Test Method:		[unitTests.tests_validations_assertions.assertNull_true_expectedToPass]
###############################################################################################################################################

################################################################################################################################################
Starting Execution:	[67 out of 146] test cases in the current suite
Test Method:		[unitTests.tests_restActions.getPostsAndAssertBodyForSpecificTitle]
################################################################################################################################################
[ReportManager] Response status code: [200], status line: [HTTP/1.1 200 OK] @27-11-2021 01:48:13.0451 AM
[ReportManager] Assertion Passed: Evaluating the actual response status code against the expected one... @27-11-2021 01:48:13.0456 AM
[ReportManager] Assertion [ValidateComparativeRelation] PASSED. Expected [200] and Actual [200]. Comparison Type [EQUALS]. Validation Type [POSITIVE]. @27-11-2021 01:48:13.0456 AM
[ReportManager] API Action [PerformRequest] successfully performed. With the following test data [Request Type: "GET" | Target Status Code: "200" | Service URL: "https://jsonplaceholder.typicode.com/posts" | Content Type: "*/*" | Response Time: "888ms"]. @27-11-2021 01:48:14.0411 AM
[ReportManager] Successfully created attachment [API Request - Specifications] @27-11-2021 01:48:14.0412 AM
[ReportManager] Successfully created attachment [API Response - JSON Body] @27-11-2021 01:48:14.0632 AM
[ReportManager] API Action [GetResponseJSONValueAsList] successfully performed. @27-11-2021 01:48:14.0659 AM
[ReportManager] API Action [GetResponseJSONValue] successfully performed. With the following test data [title]. @27-11-2021 01:48:14.0680 AM
[ReportManager] API Action [GetResponseJSONValue] successfully performed. With the following test data [title]. @27-11-2021 01:48:14.0694 AM
[ReportManager] API Action [GetResponseJSONValue] successfully performed. With the following test data [body]. @27-11-2021 01:48:14.0707 AM
[ReportManager] Assertion [ValidateEquals] PASSED. Expected [qui neque nisi nulla] and Actual [est rerum tempore vitae
sequi sint nihil reprehenderit dolor beatae ea dolores neque
fugiat blanditiis voluptate porro vel nihil molestiae ut reiciendis
qui aperiam non debitis possimus qui neque nisi nulla]. Comparison Type [CONTAINS]. Validation Type [POSITIVE]. @27-11-2021 01:48:14.0707 AM
[ReportManager] API Action [GetResponseJSONValue] successfully performed. With the following test data [title]. @27-11-2021 01:48:14.0720 AM
[ReportManager] API Action [GetResponseJSONValue] successfully performed. With the following test data [title]. @27-11-2021 01:48:14.0734 AM
[ReportManager] API Action [GetResponseJSONValue] successfully performed. With the following test data [title]. @27-11-2021 01:48:14.0746 AM
[ReportManager] API Action [GetResponseJSONValue] successfully performed. With the following test data [title]. @27-11-2021 01:48:14.0759 AM
[ReportManager] API Action [GetResponseJSONValue] successfully performed. With the following test data [title]. @27-11-2021 01:48:14.0771 AM
[ReportManager] API Action [GetResponseJSONValue] successfully performed. With the following test data [title]. @27-11-2021 01:48:14.0782 AM
[ReportManager] API Action [GetResponseJSONValue] successfully performed. With the following test data [title]. @27-11-2021 01:48:14.0794 AM
[ReportManager] API Action [GetResponseJSONValue] successfully performed. With the following test data [title]. @27-11-2021 01:48:14.0805 AM
[ReportManager] API Action [GetResponseJSONValue] successfully performed. With the following test data [title]. @27-11-2021 01:48:14.0816 AM
[ReportManager] API Action [GetResponseJSONValue] successfully performed. With the following test data [title]. @27-11-2021 01:48:14.0828 AM
[ReportManager] API Action [GetResponseJSONValue] successfully performed. With the following test data [title]. @27-11-2021 01:48:14.0841 AM
[ReportManager] API Action [GetResponseJSONValue] successfully performed. With the following test data [title]. @27-11-2021 01:48:14.0853 AM
[ReportManager] API Action [GetResponseJSONValue] successfully performed. With the following test data [title]. @27-11-2021 01:48:14.0865 AM
[ReportManager] API Action [GetResponseJSONValue] successfully performed. With the following test data [title]. @27-11-2021 01:48:14.0877 AM
[ReportManager] API Action [GetResponseJSONValue] successfully performed. With the following test data [title]. @27-11-2021 01:48:14.0889 AM
[ReportManager] API Action [GetResponseJSONValue] successfully performed. With the following test data [title]. @27-11-2021 01:48:14.0901 AM
[ReportManager] API Action [GetResponseJSONValue] successfully performed. With the following test data [title]. @27-11-2021 01:48:14.0912 AM
[ReportManager] API Action [GetResponseJSONValue] successfully performed. With the following test data [title]. @27-11-2021 01:48:14.0924 AM
[ReportManager] API Action [GetResponseJSONValue] successfully performed. With the following test data [title]. @27-11-2021 01:48:14.0936 AM
[ReportManager] API Action [GetResponseJSONValue] successfully performed. With the following test data [title]. @27-11-2021 01:48:14.0947 AM
[ReportManager] API Action [GetResponseJSONValue] successfully performed. With the following test data [title]. @27-11-2021 01:48:14.0959 AM
[ReportManager] API Action [GetResponseJSONValue] successfully performed. With the following test data [title]. @27-11-2021 01:48:14.0970 AM
[ReportManager] API Action [GetResponseJSONValue] successfully performed. With the following test data [title]. @27-11-2021 01:48:14.0982 AM
[ReportManager] API Action [GetResponseJSONValue] successfully performed. With the following test data [title]. @27-11-2021 01:48:14.0994 AM
[ReportManager] API Action [GetResponseJSONValue] successfully performed. With the following test data [title]. @27-11-2021 01:48:15.0005 AM
[ReportManager] API Action [GetResponseJSONValue] successfully performed. With the following test data [title]. @27-11-2021 01:48:15.0016 AM
[ReportManager] API Action [GetResponseJSONValue] successfully performed. With the following test data [title]. @27-11-2021 01:48:15.0027 AM
[ReportManager] API Action [GetResponseJSONValue] successfully performed. With the following test data [title]. @27-11-2021 01:48:15.0039 AM
[ReportManager] API Action [GetResponseJSONValue] successfully performed. With the following test data [title]. @27-11-2021 01:48:15.0051 AM
[ReportManager] API Action [GetResponseJSONValue] successfully performed. With the following test data [title]. @27-11-2021 01:48:15.0062 AM
[ReportManager] API Action [GetResponseJSONValue] successfully performed. With the following test data [title]. @27-11-2021 01:48:15.0073 AM
[ReportManager] API Action [GetResponseJSONValue] successfully performed. With the following test data [title]. @27-11-2021 01:48:15.0084 AM
[ReportManager] API Action [GetResponseJSONValue] successfully performed. With the following test data [title]. @27-11-2021 01:48:15.0108 AM
[ReportManager] API Action [GetResponseJSONValue] successfully performed. With the following test data [title]. @27-11-2021 01:48:15.0120 AM
[ReportManager] API Action [GetResponseJSONValue] successfully performed. With the following test data [title]. @27-11-2021 01:48:15.0131 AM
[ReportManager] API Action [GetResponseJSONValue] successfully performed. With the following test data [title]. @27-11-2021 01:48:15.0142 AM
[ReportManager] API Action [GetResponseJSONValue] successfully performed. With the following test data [title]. @27-11-2021 01:48:15.0152 AM
[ReportManager] API Action [GetResponseJSONValue] successfully performed. With the following test data [title]. @27-11-2021 01:48:15.0163 AM
[ReportManager] API Action [GetResponseJSONValue] successfully performed. With the following test data [title]. @27-11-2021 01:48:15.0174 AM
[ReportManager] API Action [GetResponseJSONValue] successfully performed. With the following test data [title]. @27-11-2021 01:48:15.0185 AM
[ReportManager] API Action [GetResponseJSONValue] successfully performed. With the following test data [title]. @27-11-2021 01:48:15.0196 AM
[ReportManager] API Action [GetResponseJSONValue] successfully performed. With the following test data [title]. @27-11-2021 01:48:15.0206 AM
[ReportManager] API Action [GetResponseJSONValue] successfully performed. With the following test data [title]. @27-11-2021 01:48:15.0217 AM
[ReportManager] API Action [GetResponseJSONValue] successfully performed. With the following test data [title]. @27-11-2021 01:48:15.0228 AM
[ReportManager] API Action [GetResponseJSONValue] successfully performed. With the following test data [title]. @27-11-2021 01:48:15.0239 AM
[ReportManager] API Action [GetResponseJSONValue] successfully performed. With the following test data [title]. @27-11-2021 01:48:15.0250 AM
[ReportManager] API Action [GetResponseJSONValue] successfully performed. With the following test data [title]. @27-11-2021 01:48:15.0260 AM
[ReportManager] API Action [GetResponseJSONValue] successfully performed. With the following test data [title]. @27-11-2021 01:48:15.0272 AM
[ReportManager] API Action [GetResponseJSONValue] successfully performed. With the following test data [title]. @27-11-2021 01:48:15.0282 AM
[ReportManager] API Action [GetResponseJSONValue] successfully performed. With the following test data [title]. @27-11-2021 01:48:15.0293 AM
[ReportManager] API Action [GetResponseJSONValue] successfully performed. With the following test data [title]. @27-11-2021 01:48:15.0304 AM
[ReportManager] API Action [GetResponseJSONValue] successfully performed. With the following test data [title]. @27-11-2021 01:48:15.0316 AM
[ReportManager] API Action [GetResponseJSONValue] successfully performed. With the following test data [title]. @27-11-2021 01:48:15.0327 AM
[ReportManager] API Action [GetResponseJSONValue] successfully performed. With the following test data [title]. @27-11-2021 01:48:15.0338 AM
[ReportManager] API Action [GetResponseJSONValue] successfully performed. With the following test data [title]. @27-11-2021 01:48:15.0349 AM
[ReportManager] API Action [GetResponseJSONValue] successfully performed. With the following test data [title]. @27-11-2021 01:48:15.0360 AM
[ReportManager] API Action [GetResponseJSONValue] successfully performed. With the following test data [title]. @27-11-2021 01:48:15.0371 AM
[ReportManager] API Action [GetResponseJSONValue] successfully performed. With the following test data [title]. @27-11-2021 01:48:15.0382 AM
[ReportManager] API Action [GetResponseJSONValue] successfully performed. With the following test data [title]. @27-11-2021 01:48:15.0393 AM
[ReportManager] API Action [GetResponseJSONValue] successfully performed. With the following test data [title]. @27-11-2021 01:48:15.0419 AM
[ReportManager] API Action [GetResponseJSONValue] successfully performed. With the following test data [title]. @27-11-2021 01:48:15.0430 AM
[ReportManager] API Action [GetResponseJSONValue] successfully performed. With the following test data [title]. @27-11-2021 01:48:15.0440 AM
[ReportManager] API Action [GetResponseJSONValue] successfully performed. With the following test data [title]. @27-11-2021 01:48:15.0451 AM
[ReportManager] API Action [GetResponseJSONValue] successfully performed. With the following test data [title]. @27-11-2021 01:48:15.0462 AM
[ReportManager] API Action [GetResponseJSONValue] successfully performed. With the following test data [title]. @27-11-2021 01:48:15.0473 AM
[ReportManager] API Action [GetResponseJSONValue] successfully performed. With the following test data [title]. @27-11-2021 01:48:15.0483 AM
[ReportManager] API Action [GetResponseJSONValue] successfully performed. With the following test data [title]. @27-11-2021 01:48:15.0493 AM
[ReportManager] API Action [GetResponseJSONValue] successfully performed. With the following test data [title]. @27-11-2021 01:48:15.0504 AM
[ReportManager] API Action [GetResponseJSONValue] successfully performed. With the following test data [title]. @27-11-2021 01:48:15.0514 AM
[ReportManager] API Action [GetResponseJSONValue] successfully performed. With the following test data [title]. @27-11-2021 01:48:15.0524 AM
[ReportManager] API Action [GetResponseJSONValue] successfully performed. With the following test data [title]. @27-11-2021 01:48:15.0535 AM
[ReportManager] API Action [GetResponseJSONValue] successfully performed. With the following test data [title]. @27-11-2021 01:48:15.0545 AM
[ReportManager] API Action [GetResponseJSONValue] successfully performed. With the following test data [title]. @27-11-2021 01:48:15.0555 AM
[ReportManager] API Action [GetResponseJSONValue] successfully performed. With the following test data [title]. @27-11-2021 01:48:15.0566 AM
[ReportManager] API Action [GetResponseJSONValue] successfully performed. With the following test data [title]. @27-11-2021 01:48:15.0576 AM
[ReportManager] API Action [GetResponseJSONValue] successfully performed. With the following test data [title]. @27-11-2021 01:48:15.0587 AM
[ReportManager] API Action [GetResponseJSONValue] successfully performed. With the following test data [title]. @27-11-2021 01:48:15.0597 AM
[ReportManager] API Action [GetResponseJSONValue] successfully performed. With the following test data [title]. @27-11-2021 01:48:15.0607 AM
[ReportManager] API Action [GetResponseJSONValue] successfully performed. With the following test data [title]. @27-11-2021 01:48:15.0618 AM
[ReportManager] API Action [GetResponseJSONValue] successfully performed. With the following test data [title]. @27-11-2021 01:48:15.0630 AM
[ReportManager] API Action [GetResponseJSONValue] successfully performed. With the following test data [title]. @27-11-2021 01:48:15.0641 AM
[ReportManager] API Action [GetResponseJSONValue] successfully performed. With the following test data [title]. @27-11-2021 01:48:15.0652 AM
[ReportManager] API Action [GetResponseJSONValue] successfully performed. With the following test data [title]. @27-11-2021 01:48:15.0663 AM
[ReportManager] API Action [GetResponseJSONValue] successfully performed. With the following test data [title]. @27-11-2021 01:48:15.0674 AM
[ReportManager] API Action [GetResponseJSONValue] successfully performed. With the following test data [title]. @27-11-2021 01:48:15.0685 AM
[ReportManager] API Action [GetResponseJSONValue] successfully performed. With the following test data [title]. @27-11-2021 01:48:15.0694 AM
[ReportManager] API Action [GetResponseJSONValue] successfully performed. With the following test data [title]. @27-11-2021 01:48:15.0705 AM
[ReportManager] API Action [GetResponseJSONValue] successfully performed. With the following test data [title]. @27-11-2021 01:48:15.0716 AM
[ReportManager] API Action [GetResponseJSONValue] successfully performed. With the following test data [title]. @27-11-2021 01:48:15.0726 AM
[ReportManager] API Action [GetResponseJSONValue] successfully performed. With the following test data [title]. @27-11-2021 01:48:15.0736 AM
[ReportManager] API Action [GetResponseJSONValue] successfully performed. With the following test data [title]. @27-11-2021 01:48:15.0747 AM
[ReportManager] API Action [GetResponseJSONValue] successfully performed. With the following test data [title]. @27-11-2021 01:48:15.0759 AM
[ReportManager] API Action [GetResponseJSONValue] successfully performed. With the following test data [title]. @27-11-2021 01:48:15.0770 AM
[ReportManager] API Action [GetResponseJSONValue] successfully performed. With the following test data [title]. @27-11-2021 01:48:15.0782 AM
[ReportManager] API Action [GetResponseJSONValue] successfully performed. With the following test data [title]. @27-11-2021 01:48:15.0792 AM
[ReportManager] API Action [GetResponseJSONValue] successfully performed. With the following test data [title]. @27-11-2021 01:48:15.0803 AM
[ReportManager] API Action [GetResponseJSONValue] successfully performed. With the following test data [title]. @27-11-2021 01:48:15.0814 AM
[ReportManager] API Action [GetResponseJSONValue] successfully performed. With the following test data [title]. @27-11-2021 01:48:15.0824 A

################################################################################################################################################
Starting Execution:	[68 out of 146] test cases in the current suite
Test Method:		[unitTests.tests_restActions.validateUserEmail]
################################################################################################################################################
[ReportManager] Response status code: [200], status line: [HTTP/1.1 200 OK] @27-11-2021 01:48:15.0886 AM
[ReportManager] Assertion Passed: Evaluating the actual response status code against the expected one... @27-11-2021 01:48:15.0887 AM
[ReportManager] Assertion [ValidateComparativeRelation] PASSED. Expected [200] and Actual [200]. Comparison Type [EQUALS]. Validation Type [POSITIVE]. @27-11-2021 01:48:15.0887 AM
[ReportManager] API Action [PerformRequest] successfully performed. With the following test data [Request Type: "GET" | Target Status Code: "200" | Service URL: "https://jsonplaceholder.typicode.com/users" | Content Type: "*/*" | Response Time: "52ms"]. @27-11-2021 01:48:15.0905 AM
[ReportManager] Successfully created attachment [API Request - Specifications] @27-11-2021 01:48:15.0905 AM
[ReportManager] Successfully created attachment [API Response - JSON Body] @27-11-2021 01:48:15.0906 AM
[ReportManager] Assertion [ValidateEquals] PASSED. Expected and Actual values are attached. Comparison Type [CONTAINS]. Validation Type [POSITIVE]. @27-11-2021 01:48:15.0906 AM
[ReportManager] Successfully created attachment [Validation Test Data - Expected Value] @27-11-2021 01:48:15.0907 AM
[ReportManager] Successfully created attachment [Validation Test Data - Actual Value] @27-11-2021 01:48:15.0907 AM
[ReportManager] API Action [GetResponseJSONValueAsList] successfully performed. With the following test data [$]. @27-11-2021 01:48:15.0913 AM
[ReportManager] API Action [GetResponseJSONValue] successfully performed. With the following test data [name]. @27-11-2021 01:48:15.0924 AM
[ReportManager] API Action [GetResponseJSONValue] successfully performed. With the following test data [email]. @27-11-2021 01:48:15.0934 AM
[ReportManager] Assertion [ValidateEquals] PASSED. Expected [Sincere@april.biz] and Actual [Sincere@april.biz]. Comparison Type [EQUALS]. Validation Type [POSITIVE]. @27-11-2021 01:48:15.0934 AM
[ReportManager] API Action [GetResponseJSONValue] successfully performed. With the following test data [name]. @27-11-2021 01:48:15.0945 AM
[ReportManager] API Action [GetResponseJSONValue] successfully performed. With the following test data [name]. @27-11-2021 01:48:15.0955 AM
[ReportManager] API Action [GetResponseJSONValue] successfully performed. With the following test data [name]. @27-11-2021 01:48:15.0966 AM
[ReportManager] API Action [GetResponseJSONValue] successfully performed. With the following test data [name]. @27-11-2021 01:48:15.0976 AM
[ReportManager] API Action [GetResponseJSONValue] successfully performed. With the following test data [name]. @27-11-2021 01:48:15.0986 AM
[ReportManager] API Action [GetResponseJSONValue] successfully performed. With the following test data [name]. @27-11-2021 01:48:15.0996 AM
[ReportManager] API Action [GetResponseJSONValue] successfully performed. With the following test data [name]. @27-11-2021 01:48:16.0006 AM
[ReportManager] API Action [GetResponseJSONValue] successfully performed. With the following test data [name]. @27-11-2021 01:48:16.0016 AM
[ReportManager] API Action [GetResponseJSONValue] successfully performed. With the following test data [name]. @27-11-2021 01:48:16.0026 A
[ReportManager] File Action [GetAbsolutePath] successfully performed. With the following test data [Relative Folder Path: "target/downloadedFiles/"]. @27-11-2021 01:48:16.0029 AM
[ReportManager] Attempting to run locally on: [Mac-64], [Safari], Headless Execution. @27-11-2021 01:48:16.0029 AM
[ReportManager] Successfully Opened Safari. @27-11-2021 01:48:16.0861 AM
[ReportManager] Initial window size: (800, 600) @27-11-2021 01:48:16.0888 AM
[ReportManager] Window size after SWD Maximize: (1176, 803) @27-11-2021 01:48:16.0905 AM
[ReportManager] Browser Action [MaximizeWindow] successfully performed. With the following test data [New screen size is now: (1176, 803)]. @27-11-2021 01:48:16.0905 A

################################################################################################################################################
Starting Execution:	[69 out of 146] test cases in the current suite
Test Method:		[testPackage01.Test_uploadFile.uploadFile_invisibleUploadInput]
################################################################################################################################################
[ReportManager] Target URL: [https://fineuploader.com/demos.html#gallery-view] @27-11-2021 01:48:16.0950 AM
[ReportManager] Initial URL: [] @27-11-2021 01:48:17.0010 AM
[ReportManager] Browser Action [NavigateToURL] successfully performed. With the following test data [https://fineuploader.com/demos.html#gallery-view]. @27-11-2021 01:48:18.0811 AM
[ReportManager] File Action [GetAbsolutePath] successfully performed. With the following test data [Relative File Path: "src/main/resources/images/shaft.png"]. @27-11-2021 01:48:18.0812 AM
[ReportManager] Successfully created attachment [File Action Actual Result - Command Log] @27-11-2021 01:48:18.0812 AM
[ReportManager] Element Action [TypeFileLocationForUpload] successfully performed. With the following test data [/Users/runner/work/SHAFT_ENGINE/SHAFT_ENGINE/src/main/resources/images/shaft.png]. @27-11-2021 01:48:18.0892 AM
[ReportManager] Attempting to getAttribute [src] from elementLocator [By.xpath: //div[@id='fine-uploader-gallery']//div[@class='qq-thumbnail-wrapper']/img]. @27-11-2021 01:48:18.0895 AM
[ReportManager] Element Action [GetAttribute] successfully performed. @27-11-2021 01:48:19.0024 AM
[ReportManager] Successfully created attachment [Element Action Test Data - GetAttribute - Actual Value] @27-11-2021 01:48:19.0025 AM
[ReportManager] Loaded Shared OpenCV @27-11-2021 01:48:19.0120 AM
[ReportManager] Assertion Passed: Then I Assert that the element found by [By.xpath: //div[@id='fine-uploader-gallery']//div[@class='qq-thumbnail-wrapper']/img] attribute [src] contains [data:image/png;base64]. @27-11-2021 01:48:19.0249 AM
[ReportManager] Successfully created attachment [Validation Test Data - Expected Value] @27-11-2021 01:48:19.0250 AM
[ReportManager] Successfully created attachment [Validation Test Data - Actual Value] @27-11-2021 01:48:19.0250 AM
[ReportManager] Successfully created attachment [Screenshot - 1637977699120_uploadFile_invisibleUploadInput_ValidateElementAttribute_passed] @27-11-2021 01:48:19.0251 AM
[ReportManager] Assertion [ValidateElementAttribute] PASSED. Expected and Actual values are attached. Comparison Type [CONTAINS]. Validation Type [POSITIVE]. @27-11-2021 01:48:19.0251 A
[ReportManager] Browser Action [CloseCurrentWindow] successfully performed. @27-11-2021 01:48:19.0656 AM
[ReportManager] Successfully created attachment [Browser Action Test Data - CloseCurrentWindow - Actual Value] @27-11-2021 01:48:19.0657 A
[ReportManager] File Action [GetAbsolutePath] successfully performed. With the following test data [Relative Folder Path: "target/downloadedFiles/"]. @27-11-2021 01:48:19.0661 AM
[ReportManager] Attempting to run locally on: [Mac-64], [Safari], Headless Execution. @27-11-2021 01:48:19.0661 AM
[ReportManager] An Exception Occured with this Message: Could not start a new session. Possible causes are invalid address of the remote server or browser start-up failure.. @27-11-2021 01:48:19.0694 AM
[ReportManager] Successfully created attachment [Exception Stack Trace - org.openqa.selenium.SessionNotCreatedException] @27-11-2021 01:48:19.0694 AM
[ReportManager] Driver Factory Action [createNewLocalDriverInstanceForSafari] failed. With the following test data [Failed to create a session on DESKTOP_SAFARI]. @27-11-2021 01:48:19.0695 A

################################################################################################################################################
Starting Execution:	[70 out of 146] test cases in the current suite
Test Method:		[testPackage01.Test_uploadFile.uploadFile_visibleUploadInput]
###############################################################################################################################################


################################################################################################################################################
Starting Execution:	[71 out of 146] test cases in the current suite
Test Method:		[testPackage01.Test_AssertApiResponseEquals.assertApiResponseEquals_expectedToPass]
################################################################################################################################################
[ReportManager] Response status code: [200], status line: [HTTP/1.1 200 OK] @27-11-2021 01:48:19.0775 AM
[ReportManager] Assertion Passed: Evaluating the actual response status code against the expected one... @27-11-2021 01:48:19.0776 AM
[ReportManager] Assertion [ValidateComparativeRelation] PASSED. Expected [200] and Actual [200]. Comparison Type [EQUALS]. Validation Type [POSITIVE]. @27-11-2021 01:48:19.0776 AM
[ReportManager] API Action [PerformRequest] successfully performed. With the following test data [Request Type: "GET" | Target Status Code: "200" | Service URL: "https://jsonplaceholder.typicode.com/users" | Content Type: "*/*" | Response Time: "65ms"]. @27-11-2021 01:48:19.0800 AM
[ReportManager] Successfully created attachment [API Request - Specifications] @27-11-2021 01:48:19.0800 AM
[ReportManager] Successfully created attachment [API Response - JSON Body] @27-11-2021 01:48:19.0801 AM
[ReportManager] API Action [GetResponseJSONValueAsList] successfully performed. With the following test data [$]. @27-11-2021 01:48:19.0809 AM
[ReportManager] API Action [GetResponseJSONValue] successfully performed. With the following test data [name]. @27-11-2021 01:48:19.0822 AM
[ReportManager] API Action [GetResponseJSONValue] successfully performed. With the following test data [email]. @27-11-2021 01:48:19.0841 AM
[ReportManager] Verification [ValidateEquals] PASSED. Expected [Sincere@april.biz] and Actual [Sincere@april.biz]. Comparison Type [EQUALS]. Validation Type [POSITIVE]. @27-11-2021 01:48:19.0842 AM
[ReportManager] API Action [GetResponseJSONValue] successfully performed. With the following test data [username]. @27-11-2021 01:48:19.0867 AM
[ReportManager] Assertion [ValidateEquals] PASSED. Expected [Bret] and Actual [Bret]. Comparison Type [EQUALS]. Validation Type [POSITIVE]. @27-11-2021 01:48:19.0868 AM
[ReportManager] API Action [GetResponseJSONValue] successfully performed. With the following test data [name]. @27-11-2021 01:48:19.0892 AM
[ReportManager] API Action [GetResponseJSONValue] successfully performed. With the following test data [name]. @27-11-2021 01:48:19.0905 AM
[ReportManager] API Action [GetResponseJSONValue] successfully performed. With the following test data [name]. @27-11-2021 01:48:19.0916 AM
[ReportManager] API Action [GetResponseJSONValue] successfully performed. With the following test data [name]. @27-11-2021 01:48:19.0928 AM
[ReportManager] API Action [GetResponseJSONValue] successfully performed. With the following test data [name]. @27-11-2021 01:48:19.0940 AM
[ReportManager] API Action [GetResponseJSONValue] successfully performed. With the following test data [name]. @27-11-2021 01:48:19.0953 AM
[ReportManager] API Action [GetResponseJSONValue] successfully performed. With the following test data [name]. @27-11-2021 01:48:19.0967 AM
[ReportManager] API Action [GetResponseJSONValue] successfully performed. With the following test data [name]. @27-11-2021 01:48:19.0982 AM
[ReportManager] API Action [GetResponseJSONValue] successfully performed. With the following test data [name]. @27-11-2021 01:48:20.0008 A

################################################################################################################################################
Starting Execution:	[72 out of 146] test cases in the current suite
Test Method:		[testPackage01.Test_testData.f]
################################################################################################################################################
[ReportManager] Successfully loaded the following test data file [src/test/resources/testDataFiles/testSuite01/TestData.xlsx]. @27-11-2021 01:48:20.0072 AM
[ReportManager] Successfully created attachment [Test Data - Excel] @27-11-2021 01:48:20.0073 AM
[ReportManager] Last Column Number is: [3]. Zero-based. @27-11-2021 01:48:20.0073 A

################################################################################################################################################
Starting Execution:	[73 out of 146] test cases in the current suite
Test Method:		[testPackage01.Test_PDF.testPDF1]
################################################################################################################################################
[ReportManager] File Action [DoesFileExist] successfully performed. With the following test data [File Path: "src/test/resources/testDataFiles/sample.pdf"]. @27-11-2021 01:48:20.0081 AM
[ReportManager] File Action [GetAbsolutePath] successfully performed. With the following test data [Relative Folder Path: "src/test/resources/testDataFiles/sample.pdf"]. @27-11-2021 01:48:20.0082 AM
[ReportManager] Assertion Passed: Checking to see that the pdf file contains [A Simple PDF File] @27-11-2021 01:48:23.0994 AM
[ReportManager] Successfully created attachment [Validation Test Data - Expected Value] @27-11-2021 01:48:23.0995 AM
[ReportManager] Successfully created attachment [Validation Test Data - Actual Value] @27-11-2021 01:48:23.0996 AM
[ReportManager] Assertion [ValidateEquals] PASSED. Expected and Actual values are attached. Comparison Type [CONTAINS]. Validation Type [POSITIVE]. @27-11-2021 01:48:23.0996 A

################################################################################################################################################
Starting Execution:	[74 out of 146] test cases in the current suite
Test Method:		[testPackage01.Test_PDF.testPDF2]
################################################################################################################################################
[ReportManager] File Action [DoesFileExist] successfully performed. With the following test data [File Path: "src/test/resources/testDataFiles/sample.pdf"]. @27-11-2021 01:48:24.0003 AM
[ReportManager] File Action [GetAbsolutePath] successfully performed. With the following test data [Relative Folder Path: "src/test/resources/testDataFiles/sample.pdf"]. @27-11-2021 01:48:24.0004 AM
[ReportManager] Assertion Passed: Checking to see that the pdf file contains [A Simple PDF File] @27-11-2021 01:48:24.0023 AM
[ReportManager] Successfully created attachment [Validation Test Data - Expected Value] @27-11-2021 01:48:24.0023 AM
[ReportManager] Successfully created attachment [Validation Test Data - Actual Value] @27-11-2021 01:48:24.0024 AM
[ReportManager] Assertion [ValidateEquals] PASSED. Expected and Actual values are attached. Comparison Type [CONTAINS]. Validation Type [POSITIVE]. @27-11-2021 01:48:24.0024 A
[ReportManager] File Action [GetAbsolutePath] successfully performed. With the following test data [Relative Folder Path: "target/downloadedFiles/"]. @27-11-2021 01:48:24.0027 AM
[ReportManager] Attempting to run locally on: [Mac-64], [Safari], Headless Execution. @27-11-2021 01:48:24.0027 AM
[ReportManager] Successfully Opened Safari. @27-11-2021 01:48:24.0900 AM
[ReportManager] Initial window size: (800, 600) @27-11-2021 01:48:24.0910 AM
[ReportManager] Window size after SWD Maximize: (1176, 803) @27-11-2021 01:48:24.0924 AM
[ReportManager] Browser Action [MaximizeWindow] successfully performed. With the following test data [New screen size is now: (1176, 803)]. @27-11-2021 01:48:24.0924 A

################################################################################################################################################
Starting Execution:	[75 out of 146] test cases in the current suite
Test Method:		[testPackage01.Test_ShadowDOM.shadowdom]
################################################################################################################################################
[ReportManager] Target URL: [https://mdn.github.io/web-components-examples/popup-info-box-web-component/] @27-11-2021 01:48:24.0971 AM
[ReportManager] Initial URL: [] @27-11-2021 01:48:25.0011 AM
[ReportManager] Browser Action [NavigateToURL] successfully performed. With the following test data [https://mdn.github.io/web-components-examples/popup-info-box-web-component/]. @27-11-2021 01:48:25.0483 AM
[ReportManager] Element Action [Type] successfully performed. With the following test data [Typing into SHADOW DOM...]. @27-11-2021 01:48:25.0973 AM
[ReportManager] Element Action [GetText] successfully performed. With the following test data [Typing into SHADOW DOM...]. @27-11-2021 01:48:26.0076 AM
[ReportManager] Loaded Shared OpenCV @27-11-2021 01:48:26.0118 AM
[ReportManager] Assertion [ValidateElementAttribute] PASSED. Expected [Value Should be 'Typing into SHADOW DOM...' for the 'Text' attribute, element locator 'By.id: cvc'] and Actual [Typing into SHADOW DOM...]. Comparison Type [EQUALS]. Validation Type [POSITIVE]. @27-11-2021 01:48:26.0280 AM
[ReportManager] Successfully created attachment [Screenshot - 1637977706118_shadowdom_ValidateElementAttribute_passed] @27-11-2021 01:48:26.0363 A
[ReportManager] Browser Action [CloseCurrentWindow] successfully performed. @27-11-2021 01:48:26.0791 AM
[ReportManager] Successfully created attachment [Browser Action Test Data - CloseCurrentWindow - Actual Value] @27-11-2021 01:48:26.0791 A
[ReportManager] File Action [GetAbsolutePath] successfully performed. With the following test data [Relative Folder Path: "target/downloadedFiles/"]. @27-11-2021 01:48:26.0793 AM
[ReportManager] Attempting to run locally on: [Mac-64], [Safari], Headless Execution. @27-11-2021 01:48:26.0793 AM
[ReportManager] Successfully Opened Safari. @27-11-2021 01:48:27.0589 AM
[ReportManager] Initial window size: (800, 600) @27-11-2021 01:48:27.0607 AM
[ReportManager] Window size after SWD Maximize: (1176, 803) @27-11-2021 01:48:27.0622 AM
[ReportManager] Browser Action [MaximizeWindow] successfully performed. With the following test data [New screen size is now: (1176, 803)]. @27-11-2021 01:48:27.0622 A

################################################################################################################################################
Starting Execution:	[76 out of 146] test cases in the current suite
Test Method:		[testPackage01.Test_clipboardActions.typeTextAndCopyPaste]
################################################################################################################################################
[ReportManager] Target URL: [https://www.google.com/ncr], and after redirection: [https://www.google.com] @27-11-2021 01:48:27.0625 AM
[ReportManager] Initial URL: [] @27-11-2021 01:48:27.0676 AM
[ReportManager] Browser Action [NavigateToURL] successfully performed. With the following test data [https://www.google.com/ncr]. @27-11-2021 01:48:29.0267 AM
[ReportManager] Element Action [Type] successfully performed. With the following test data [FIRST]. @27-11-2021 01:48:29.0378 A
[ReportManager] Browser Action [CloseCurrentWindow] successfully performed. @27-11-2021 01:48:29.0836 AM
[ReportManager] Successfully created attachment [Browser Action Test Data - CloseCurrentWindow - Actual Value] @27-11-2021 01:48:29.0837 A

################################################################################################################################################
Starting Execution:	[77 out of 146] test cases in the current suite
Test Method:		[testPackage01.Test_NewValidationHelper.f1]
################################################################################################################################################
[ReportManager] Assertion Passed: Checking valid user data @27-11-2021 01:48:29.0841 AM
[ReportManager] Successfully created attachment [Validation Test Data - Expected Value] @27-11-2021 01:48:29.0841 AM
[ReportManager] Successfully created attachment [Validation Test Data - Actual Value] @27-11-2021 01:48:29.0842 AM
[ReportManager] Assertion [ValidateEquals] PASSED. Expected and Actual values are attached. Comparison Type [EQUALS]. Validation Type [POSITIVE]. @27-11-2021 01:48:29.0842 A
[ReportManager] File Action [GetAbsolutePath] successfully performed. With the following test data [Relative Folder Path: "target/downloadedFiles/"]. @27-11-2021 01:48:29.0844 AM
[ReportManager] Attempting to run locally on: [Mac-64], [Safari], Headless Execution. @27-11-2021 01:48:29.0844 AM
[ReportManager] Successfully Opened Safari. @27-11-2021 01:48:30.0663 AM
[ReportManager] Initial window size: (800, 600) @27-11-2021 01:48:30.0687 AM
[ReportManager] Window size after SWD Maximize: (1176, 803) @27-11-2021 01:48:30.0714 AM
[ReportManager] Browser Action [MaximizeWindow] successfully performed. With the following test data [New screen size is now: (1176, 803)]. @27-11-2021 01:48:30.0714 AM
[ReportManager] Target URL: [https://the-internet.herokuapp.com/] @27-11-2021 01:48:30.0715 AM
[ReportManager] Initial URL: [] @27-11-2021 01:48:30.0749 AM
[ReportManager] Browser Action [NavigateToURL] successfully performed. With the following test data [https://the-internet.herokuapp.com/]. @27-11-2021 01:48:31.0830 A

################################################################################################################################################
Starting Execution:	[78 out of 146] test cases in the current suite
Test Method:		[testPackage01.Test_NewValidationHelper.f10]
################################################################################################################################################
[ReportManager] Loaded Shared OpenCV @27-11-2021 01:48:31.0944 AM
[ReportManager] Assertion [ValidateElementExists] FAILED. Expected [Element Should Exist, locator 'By.tagName: div'] and Actual [Element Exists but is not unique]. Comparison Type [EQUALS]. Validation Type [POSITIVE]. @27-11-2021 01:48:32.0049 AM
[ReportManager] Successfully created attachment [Screenshot - 1637977711944_f10_ValidateElementExists_failed] @27-11-2021 01:48:32.0050 A
[ReportManager] Successfully Closed All Drivers. @27-11-2021 01:48:32.0253 A
[ReportManager] File Action [GetAbsolutePath] successfully performed. With the following test data [Relative Folder Path: "target/downloadedFiles/"]. @27-11-2021 01:48:32.0255 AM
[ReportManager] Attempting to run locally on: [Mac-64], [Safari], Headless Execution. @27-11-2021 01:48:32.0255 AM
[ReportManager] Successfully Opened Safari. @27-11-2021 01:48:33.0068 AM
[ReportManager] Initial window size: (800, 600) @27-11-2021 01:48:33.0087 AM
[ReportManager] Window size after SWD Maximize: (1176, 803) @27-11-2021 01:48:33.0115 AM
[ReportManager] Browser Action [MaximizeWindow] successfully performed. With the following test data [New screen size is now: (1176, 803)]. @27-11-2021 01:48:33.0116 AM
[ReportManager] Target URL: [https://the-internet.herokuapp.com/] @27-11-2021 01:48:33.0116 AM
[ReportManager] Initial URL: [] @27-11-2021 01:48:33.0152 AM
[ReportManager] Browser Action [NavigateToURL] successfully performed. With the following test data [https://the-internet.herokuapp.com/]. @27-11-2021 01:48:34.0197 A

################################################################################################################################################
Starting Execution:	[79 out of 146] test cases in the current suite
Test Method:		[testPackage01.Test_NewValidationHelper.f11]
################################################################################################################################################
[ReportManager] org.openqa.selenium.TimeoutException:
Expected condition failed: waiting for com.shaft.gui.element.ElementActionsHelper$$Lambda$623/0x000000080110a3b8@685f7315 (tried for 5 second(s) with 1000 milliseconds interval)
org.openqa.selenium.support.ui.FluentWait.timeoutException(FluentWait.java:263)
org.openqa.selenium.support.ui.FluentWait.until(FluentWait.java:231)
com.shaft.gui.element.ElementActionsHelper.waitForElementPresence(ElementActionsHelper.java:63)
com.shaft.gui.element.ElementActionsHelper.waitForElementPresence(ElementActionsHelper.java:37)
com.shaft.gui.element.WebDriverElementActions.getMatchingElementsCount(WebDriverElementActions.java:1468)
com.shaft.gui.element.WebDriverElementActions.getElementsCount(WebDriverElementActions.java:559)
com.shaft.gui.element.ElementActions.getElementsCount(ElementActions.java:261)
com.shaft.validation.ValidationsHelper.validateElementExists(ValidationsHelper.java:149)
com.shaft.validation.Assertions.assertElementExists(Assertions.java:118)
testPackage01.Test_NewValidationHelper.f11(Test_NewValidationHelper.java:137)
java.base/jdk.internal.reflect.NativeMethodAccessorImpl.invoke0(Native Method)
java.base/jdk.internal.reflect.NativeMethodAccessorImpl.invoke(NativeMethodAccessorImpl.java:77)
java.base/jdk.internal.reflect.DelegatingMethodAccessorImpl.invoke(DelegatingMethodAccessorImpl.java:43)
java.base/java.lang.reflect.Method.invoke(Method.java:568)
org.testng.internal.MethodInvocationHelper.invokeMethod(MethodInvocationHelper.java:133)
org.testng.internal.TestInvoker.invokeMethod(TestInvoker.java:598)
org.testng.internal.TestInvoker.invokeTestMethod(TestInvoker.java:173)
org.testng.internal.MethodRunner.runInSequence(MethodRunner.java:46)
org.testng.internal.TestInvoker$MethodInvocationAgent.invoke(TestInvoker.java:824)
org.testng.internal.TestInvoker.invokeTestMethods(TestInvoker.java:146)
org.testng.internal.TestMethodWorker.invokeTestMethods(TestMethodWorker.java:146)
org.testng.internal.TestMethodWorker.run(TestMethodWorker.java:128)
java.base/java.util.ArrayList.forEach(ArrayList.java:1511)
org.testng.TestRunner.privateRun(TestRunner.java:794)
org.testng.TestRunner.run(TestRunner.java:596)
org.testng.SuiteRunner.runTest(SuiteRunner.java:377)
org.testng.SuiteRunner.runSequentially(SuiteRunner.java:371)
org.testng.SuiteRunner.privateRun(SuiteRunner.java:332)
org.testng.SuiteRunner.run(SuiteRunner.java:276)
org.testng.SuiteRunnerWorker.runSuite(SuiteRunnerWorker.java:53)
org.testng.SuiteRunnerWorker.run(SuiteRunnerWorker.java:96)
org.testng.TestNG.runSuitesSequentially(TestNG.java:1212)
org.testng.TestNG.runSuitesLocally(TestNG.java:1134)
org.testng.TestNG.runSuites(TestNG.java:1063)
org.testng.TestNG.run(TestNG.java:1031)
org.apache.maven.surefire.testng.TestNGExecutor.run(TestNGExecutor.java:136)
org.apache.maven.surefire.testng.TestNGDirectoryTestSuite.executeMulti(TestNGDirectoryTestSuite.java:193)
org.apache.maven.surefire.testng.TestNGDirectoryTestSuite.execute(TestNGDirectoryTestSuite.java:94)
org.apache.maven.surefire.testng.TestNGProvider.invoke(TestNGProvider.java:145)
org.apache.maven.surefire.booter.ForkedBooter.runSuitesInProcess(ForkedBooter.java:428)
org.apache.maven.surefire.booter.ForkedBooter.execute(ForkedBooter.java:162)
org.apache.maven.surefire.booter.ForkedBooter.run(ForkedBooter.java:562)
org.apache.maven.surefire.booter.ForkedBooter.main(ForkedBooter.java:548)

Caused by: org.openqa.selenium.NoSuchElementException:
For documentation on this error, please visit: https://selenium.dev/exceptions/#no_such_element
Build info: version: '4.1.0', revision: '87802e897b'
System info: host: 'Mac-1637974173382.local', ip: '10.212.6.183', os.name: 'Mac OS X', os.arch: 'x86_64', os.version: '11.5', java.version: '17.0.1'
Driver info: org.openqa.selenium.safari.SafariDriver
Command: [30FE0394-2B82-4000-BA14-7161787E1156, findElement {using=tag name, value=h3}]
Capabilities {acceptInsecureCerts: false, browserName: Safari, browserVersion: 15.1, goog:loggingPrefs: {browser: ALL, client: ALL, driver: ALL, performance: ALL, profiler: ALL, server: ALL}, javascriptEnabled: true, pageLoadStrategy: normal, platform: MAC, platformName: MAC, safari:automaticInspection: false, safari:automaticProfiling: false, safari:diagnose: false, safari:platformBuildVersion: 20G224, safari:platformVersion: 11.6.1, safari:useSimulator: false, setWindowRect: true, strictFileInteractability: false, timeouts: {pageLoad: 30000, script: 30000}, webkit:WebRTC: {DisableICECandidateFiltering: false, DisableInsecureMediaCapture: false}}
Session ID: 30FE0394-2B82-4000-BA14-7161787E1156
java.base/jdk.internal.reflect.NativeConstructorAccessorImpl.newInstance0(Native Method)
java.base/jdk.internal.reflect.NativeConstructorAccessorImpl.newInstance(NativeConstructorAccessorImpl.java:77)
java.base/jdk.internal.reflect.DelegatingConstructorAccessorImpl.newInstance(DelegatingConstructorAccessorImpl.java:45)
java.base/java.lang.reflect.Constructor.newInstanceWithCaller(Constructor.java:499)
java.base/java.lang.reflect.Constructor.newInstance(Constructor.java:480)
org.openqa.selenium.remote.codec.w3c.W3CHttpResponseCodec.createException(W3CHttpResponseCodec.java:200)
org.openqa.selenium.remote.codec.w3c.W3CHttpResponseCodec.decode(W3CHttpResponseCodec.java:133)
org.openqa.selenium.remote.codec.w3c.W3CHttpResponseCodec.decode(W3CHttpResponseCodec.java:53)
org.openqa.selenium.remote.HttpCommandExecutor.execute(HttpCommandExecutor.java:184)
org.openqa.selenium.remote.service.DriverCommandExecutor.invokeExecute(DriverCommandExecutor.java:164)
org.openqa.selenium.remote.service.DriverCommandExecutor.execute(DriverCommandExecutor.java:139)
org.openqa.selenium.remote.RemoteWebDriver.execute(RemoteWebDriver.java:559)
org.openqa.selenium.remote.ElementLocation$ElementFinder$2.findElement(ElementLocation.java:162)
org.openqa.selenium.remote.ElementLocation.findElement(ElementLocation.java:60)
org.openqa.selenium.remote.RemoteWebDriver.findElement(RemoteWebDriver.java:383)
org.openqa.selenium.remote.RemoteWebDriver.findElement(RemoteWebDriver.java:375)
com.shaft.gui.element.ElementActionsHelper.lambda$waitForElementPresence$0(ElementActionsHelper.java:71)
org.openqa.selenium.support.ui.FluentWait.until(FluentWait.java:208)
com.shaft.gui.element.ElementActionsHelper.waitForElementPresence(ElementActionsHelper.java:63)
com.shaft.gui.element.ElementActionsHelper.waitForElementPresence(ElementActionsHelper.java:37)
com.shaft.gui.element.WebDriverElementActions.getMatchingElementsCount(WebDriverElementActions.java:1468)
com.shaft.gui.element.WebDriverElementActions.getElementsCount(WebDriverElementActions.java:559)
com.shaft.gui.element.ElementActions.getElementsCount(ElementActions.java:261)
com.shaft.validation.ValidationsHelper.validateElementExists(ValidationsHelper.java:149)
com.shaft.validation.Assertions.assertElementExists(Assertions.java:118)
testPackage01.Test_NewValidationHelper.f11(Test_NewValidationHelper.java:137)
java.base/jdk.internal.reflect.NativeMethodAccessorImpl.invoke0(Native Method)
java.base/jdk.internal.reflect.NativeMethodAccessorImpl.invoke(NativeMethodAccessorImpl.java:77)
java.base/jdk.internal.reflect.DelegatingMethodAccessorImpl.invoke(DelegatingMethodAccessorImpl.java:43)
java.base/java.lang.reflect.Method.invoke(Method.java:568)
org.testng.internal.MethodInvocationHelper.invokeMethod(MethodInvocationHelper.java:133)
org.testng.internal.TestInvoker.invokeMethod(TestInvoker.java:598)
org.testng.internal.TestInvoker.invokeTestMethod(TestInvoker.java:173)
org.testng.internal.MethodRunner.runInSequence(MethodRunner.java:46)
org.testng.internal.TestInvoker$MethodInvocationAgent.invoke(TestInvoker.java:824)
org.testng.internal.TestInvoker.invokeTestMethods(TestInvoker.java:146)
org.testng.internal.TestMethodWorker.invokeTestMethods(TestMethodWorker.java:146)
org.testng.internal.TestMethodWorker.run(TestMethodWorker.java:128)
java.base/java.util.ArrayList.forEach(ArrayList.java:1511)
org.testng.TestRunner.privateRun(TestRunner.java:794)
org.testng.TestRunner.run(TestRunner.java:596)
org.testng.SuiteRunner.runTest(SuiteRunner.java:377)
org.testng.SuiteRunner.runSequentially(SuiteRunner.java:371)
org.testng.SuiteRunner.privateRun(SuiteRunner.java:332)
org.testng.SuiteRunner.run(SuiteRunner.java:276)
org.testng.SuiteRunnerWorker.runSuite(SuiteRunnerWorker.java:53)
org.testng.SuiteRunnerWorker.run(SuiteRunnerWorker.java:96)
org.testng.TestNG.runSuitesSequentially(TestNG.java:1212)
org.testng.TestNG.runSuitesLocally(TestNG.java:1134)
org.testng.TestNG.runSuites(TestNG.java:1063)
org.testng.TestNG.run(TestNG.java:1031)
org.apache.maven.surefire.testng.TestNGExecutor.run(TestNGExecutor.java:136)
org.apache.maven.surefire.testng.TestNGDirectoryTestSuite.executeMulti(TestNGDirectoryTestSuite.java:193)
org.apache.maven.surefire.testng.TestNGDirectoryTestSuite.execute(TestNGDirectoryTestSuite.java:94)
org.apache.maven.surefire.testng.TestNGProvider.invoke(TestNGProvider.java:145)
org.apache.maven.surefire.booter.ForkedBooter.runSuitesInProcess(ForkedBooter.java:428)
org.apache.maven.surefire.booter.ForkedBooter.execute(ForkedBooter.java:162)
org.apache.maven.surefire.booter.ForkedBooter.run(ForkedBooter.java:562)
org.apache.maven.surefire.booter.ForkedBooter.main(ForkedBooter.java:548) @27-11-2021 01:48:39.0611 AM
[ReportManager] org.openqa.selenium.TimeoutException:
Expected condition failed: waiting for com.shaft.gui.element.ElementActionsHelper$$Lambda$623/0x000000080110a3b8@3e406969 (tried for 5 second(s) with 1000 milliseconds interval)
org.openqa.selenium.support.ui.FluentWait.timeoutException(FluentWait.java:263)
org.openqa.selenium.support.ui.FluentWait.until(FluentWait.java:231)
com.shaft.gui.element.ElementActionsHelper.waitForElementPresence(ElementActionsHelper.java:63)
com.shaft.gui.element.ElementActionsHelper.waitForElementPresence(ElementActionsHelper.java:37)
com.shaft.gui.element.WebDriverElementActions.getMatchingElementsCount(WebDriverElementActions.java:1468)
com.shaft.gui.element.WebDriverElementActions.getElementsCount(WebDriverElementActions.java:559)
com.shaft.gui.element.ElementActions.getElementsCount(ElementActions.java:261)
com.shaft.gui.image.ScreenshotManager.internalCaptureScreenShot(ScreenshotManager.java:394)
com.shaft.gui.image.ScreenshotManager.captureScreenShot(ScreenshotManager.java:141)
com.shaft.validation.ValidationsHelper.reportValidationState(ValidationsHelper.java:823)
com.shaft.validation.ValidationsHelper.pass(ValidationsHelper.java:564)
com.shaft.validation.ValidationsHelper.validateElementExists(ValidationsHelper.java:166)
com.shaft.validation.Assertions.assertElementExists(Assertions.java:118)
testPackage01.Test_NewValidationHelper.f11(Test_NewValidationHelper.java:137)
java.base/jdk.internal.reflect.NativeMethodAccessorImpl.invoke0(Native Method)
java.base/jdk.internal.reflect.NativeMethodAccessorImpl.invoke(NativeMethodAccessorImpl.java:77)
java.base/jdk.internal.reflect.DelegatingMethodAccessorImpl.invoke(DelegatingMethodAccessorImpl.java:43)
java.base/java.lang.reflect.Method.invoke(Method.java:568)
org.testng.internal.MethodInvocationHelper.invokeMethod(MethodInvocationHelper.java:133)
org.testng.internal.TestInvoker.invokeMethod(TestInvoker.java:598)
org.testng.internal.TestInvoker.invokeTestMethod(TestInvoker.java:173)
org.testng.internal.MethodRunner.runInSequence(MethodRunner.java:46)
org.testng.internal.TestInvoker$MethodInvocationAgent.invoke(TestInvoker.java:824)
org.testng.internal.TestInvoker.invokeTestMethods(TestInvoker.java:146)
org.testng.internal.TestMethodWorker.invokeTestMethods(TestMethodWorker.java:146)
org.testng.internal.TestMethodWorker.run(TestMethodWorker.java:128)
java.base/java.util.ArrayList.forEach(ArrayList.java:1511)
org.testng.TestRunner.privateRun(TestRunner.java:794)
org.testng.TestRunner.run(TestRunner.java:596)
org.testng.SuiteRunner.runTest(SuiteRunner.java:377)
org.testng.SuiteRunner.runSequentially(SuiteRunner.java:371)
org.testng.SuiteRunner.privateRun(SuiteRunner.java:332)
org.testng.SuiteRunner.run(SuiteRunner.java:276)
org.testng.SuiteRunnerWorker.runSuite(SuiteRunnerWorker.java:53)
org.testng.SuiteRunnerWorker.run(SuiteRunnerWorker.java:96)
org.testng.TestNG.runSuitesSequentially(TestNG.java:1212)
org.testng.TestNG.runSuitesLocally(TestNG.java:1134)
org.testng.TestNG.runSuites(TestNG.java:1063)
org.testng.TestNG.run(TestNG.java:1031)
org.apache.maven.surefire.testng.TestNGExecutor.run(TestNGExecutor.java:136)
org.apache.maven.surefire.testng.TestNGDirectoryTestSuite.executeMulti(TestNGDirectoryTestSuite.java:193)
org.apache.maven.surefire.testng.TestNGDirectoryTestSuite.execute(TestNGDirectoryTestSuite.java:94)
org.apache.maven.surefire.testng.TestNGProvider.invoke(TestNGProvider.java:145)
org.apache.maven.surefire.booter.ForkedBooter.runSuitesInProcess(ForkedBooter.java:428)
org.apache.maven.surefire.booter.ForkedBooter.execute(ForkedBooter.java:162)
org.apache.maven.surefire.booter.ForkedBooter.run(ForkedBooter.java:562)
org.apache.maven.surefire.booter.ForkedBooter.main(ForkedBooter.java:548)

Caused by: org.openqa.selenium.NoSuchElementException:
For documentation on this error, please visit: https://selenium.dev/exceptions/#no_such_element
Build info: version: '4.1.0', revision: '87802e897b'
System info: host: 'Mac-1637974173382.local', ip: '10.212.6.183', os.name: 'Mac OS X', os.arch: 'x86_64', os.version: '11.5', java.version: '17.0.1'
Driver info: org.openqa.selenium.safari.SafariDriver
Command: [30FE0394-2B82-4000-BA14-7161787E1156, findElement {using=tag name, value=h3}]
Capabilities {acceptInsecureCerts: false, browserName: Safari, browserVersion: 15.1, goog:loggingPrefs: {browser: ALL, client: ALL, driver: ALL, performance: ALL, profiler: ALL, server: ALL}, javascriptEnabled: true, pageLoadStrategy: normal, platform: MAC, platformName: MAC, safari:automaticInspection: false, safari:automaticProfiling: false, safari:diagnose: false, safari:platformBuildVersion: 20G224, safari:platformVersion: 11.6.1, safari:useSimulator: false, setWindowRect: true, strictFileInteractability: false, timeouts: {pageLoad: 30000, script: 30000}, webkit:WebRTC: {DisableICECandidateFiltering: false, DisableInsecureMediaCapture: false}}
Session ID: 30FE0394-2B82-4000-BA14-7161787E1156
java.base/jdk.internal.reflect.NativeConstructorAccessorImpl.newInstance0(Native Method)
java.base/jdk.internal.reflect.NativeConstructorAccessorImpl.newInstance(NativeConstructorAccessorImpl.java:77)
java.base/jdk.internal.reflect.DelegatingConstructorAccessorImpl.newInstance(DelegatingConstructorAccessorImpl.java:45)
java.base/java.lang.reflect.Constructor.newInstanceWithCaller(Constructor.java:499)
java.base/java.lang.reflect.Constructor.newInstance(Constructor.java:480)
org.openqa.selenium.remote.codec.w3c.W3CHttpResponseCodec.createException(W3CHttpResponseCodec.java:200)
org.openqa.selenium.remote.codec.w3c.W3CHttpResponseCodec.decode(W3CHttpResponseCodec.java:133)
org.openqa.selenium.remote.codec.w3c.W3CHttpResponseCodec.decode(W3CHttpResponseCodec.java:53)
org.openqa.selenium.remote.HttpCommandExecutor.execute(HttpCommandExecutor.java:184)
org.openqa.selenium.remote.service.DriverCommandExecutor.invokeExecute(DriverCommandExecutor.java:164)
org.openqa.selenium.remote.service.DriverCommandExecutor.execute(DriverCommandExecutor.java:139)
org.openqa.selenium.remote.RemoteWebDriver.execute(RemoteWebDriver.java:559)
org.openqa.selenium.remote.ElementLocation$ElementFinder$2.findElement(ElementLocation.java:162)
org.openqa.selenium.remote.ElementLocation.findElement(ElementLocation.java:60)
org.openqa.selenium.remote.RemoteWebDriver.findElement(RemoteWebDriver.java:383)
org.openqa.selenium.remote.RemoteWebDriver.findElement(RemoteWebDriver.java:375)
com.shaft.gui.element.ElementActionsHelper.lambda$waitForElementPresence$0(ElementActionsHelper.java:71)
org.openqa.selenium.support.ui.FluentWait.until(FluentWait.java:208)
com.shaft.gui.element.ElementActionsHelper.waitForElementPresence(ElementActionsHelper.java:63)
com.shaft.gui.element.ElementActionsHelper.waitForElementPresence(ElementActionsHelper.java:37)
com.shaft.gui.element.WebDriverElementActions.getMatchingElementsCount(WebDriverElementActions.java:1468)
com.shaft.gui.element.WebDriverElementActions.getElementsCount(WebDriverElementActions.java:559)
com.shaft.gui.element.ElementActions.getElementsCount(ElementActions.java:261)
com.shaft.gui.image.ScreenshotManager.internalCaptureScreenShot(ScreenshotManager.java:394)
com.shaft.gui.image.ScreenshotManager.captureScreenShot(ScreenshotManager.java:141)
com.shaft.validation.ValidationsHelper.reportValidationState(ValidationsHelper.java:823)
com.shaft.validation.ValidationsHelper.pass(ValidationsHelper.java:564)
com.shaft.validation.ValidationsHelper.validateElementExists(ValidationsHelper.java:166)
com.shaft.validation.Assertions.assertElementExists(Assertions.java:118)
testPackage01.Test_NewValidationHelper.f11(Test_NewValidationHelper.java:137)
java.base/jdk.internal.reflect.NativeMethodAccessorImpl.invoke0(Native Method)
java.base/jdk.internal.reflect.NativeMethodAccessorImpl.invoke(NativeMethodAccessorImpl.java:77)
java.base/jdk.internal.reflect.DelegatingMethodAccessorImpl.invoke(DelegatingMethodAccessorImpl.java:43)
java.base/java.lang.reflect.Method.invoke(Method.java:568)
org.testng.internal.MethodInvocationHelper.invokeMethod(MethodInvocationHelper.java:133)
org.testng.internal.TestInvoker.invokeMethod(TestInvoker.java:598)
org.testng.internal.TestInvoker.invokeTestMethod(TestInvoker.java:173)
org.testng.internal.MethodRunner.runInSequence(MethodRunner.java:46)
org.testng.internal.TestInvoker$MethodInvocationAgent.invoke(TestInvoker.java:824)
org.testng.internal.TestInvoker.invokeTestMethods(TestInvoker.java:146)
org.testng.internal.TestMethodWorker.invokeTestMethods(TestMethodWorker.java:146)
org.testng.internal.TestMethodWorker.run(TestMethodWorker.java:128)
java.base/java.util.ArrayList.forEach(ArrayList.java:1511)
org.testng.TestRunner.privateRun(TestRunner.java:794)
org.testng.TestRunner.run(TestRunner.java:596)
org.testng.SuiteRunner.runTest(SuiteRunner.java:377)
org.testng.SuiteRunner.runSequentially(SuiteRunner.java:371)
org.testng.SuiteRunner.privateRun(SuiteRunner.java:332)
org.testng.SuiteRunner.run(SuiteRunner.java:276)
org.testng.SuiteRunnerWorker.runSuite(SuiteRunnerWorker.java:53)
org.testng.SuiteRunnerWorker.run(SuiteRunnerWorker.java:96)
org.testng.TestNG.runSuitesSequentially(TestNG.java:1212)
org.testng.TestNG.runSuitesLocally(TestNG.java:1134)
org.testng.TestNG.runSuites(TestNG.java:1063)
org.testng.TestNG.run(TestNG.java:1031)
org.apache.maven.surefire.testng.TestNGExecutor.run(TestNGExecutor.java:136)
org.apache.maven.surefire.testng.TestNGDirectoryTestSuite.executeMulti(TestNGDirectoryTestSuite.java:193)
org.apache.maven.surefire.testng.TestNGDirectoryTestSuite.execute(TestNGDirectoryTestSuite.java:94)
org.apache.maven.surefire.testng.TestNGProvider.invoke(TestNGProvider.java:145)
org.apache.maven.surefire.booter.ForkedBooter.runSuitesInProcess(ForkedBooter.java:428)
org.apache.maven.surefire.booter.ForkedBooter.execute(ForkedBooter.java:162)
org.apache.maven.surefire.booter.ForkedBooter.run(ForkedBooter.java:562)
org.apache.maven.surefire.booter.ForkedBooter.main(ForkedBooter.java:548) @27-11-2021 01:48:45.0217 AM
[ReportManager] Assertion Passed: Checking that false tag doesn't exist @27-11-2021 01:48:45.0331 AM
[ReportManager] Successfully created attachment [Screenshot - 1637977725245_f11_ValidateElementExists_passed] @27-11-2021 01:48:45.0332 AM
[ReportManager] Assertion [ValidateElementExists] PASSED. Expected [Element Should not Exist, locator 'By.tagName: h3'] and Actual [Element Doesn't Exists]. Comparison Type [EQUALS]. Validation Type [NEGATIVE]. @27-11-2021 01:48:45.0332 A
[ReportManager] Successfully Closed All Drivers. @27-11-2021 01:48:45.0408 A
[ReportManager] File Action [GetAbsolutePath] successfully performed. With the following test data [Relative Folder Path: "target/downloadedFiles/"]. @27-11-2021 01:48:45.0411 AM
[ReportManager] Attempting to run locally on: [Mac-64], [Safari], Headless Execution. @27-11-2021 01:48:45.0412 AM
[ReportManager] Successfully Opened Safari. @27-11-2021 01:48:46.0251 AM
[ReportManager] Initial window size: (800, 600) @27-11-2021 01:48:46.0271 AM
[ReportManager] Window size after SWD Maximize: (1176, 803) @27-11-2021 01:48:46.0285 AM
[ReportManager] Browser Action [MaximizeWindow] successfully performed. With the following test data [New screen size is now: (1176, 803)]. @27-11-2021 01:48:46.0285 AM
[ReportManager] Target URL: [https://the-internet.herokuapp.com/] @27-11-2021 01:48:46.0285 AM
[ReportManager] Initial URL: [] @27-11-2021 01:48:46.0333 AM
[ReportManager] Browser Action [NavigateToURL] successfully performed. With the following test data [https://the-internet.herokuapp.com/]. @27-11-2021 01:48:47.0441 A

################################################################################################################################################
Starting Execution:	[80 out of 146] test cases in the current suite
Test Method:		[testPackage01.Test_NewValidationHelper.f12]
################################################################################################################################################
[ReportManager] Loaded Shared OpenCV @27-11-2021 01:48:47.0634 AM
[ReportManager] Assertion [ValidateElementExists] FAILED. Expected [Element Should not Exist, locator 'By.tagName: h1'] and Actual [Element Exists]. Comparison Type [EQUALS]. Validation Type [NEGATIVE]. @27-11-2021 01:48:47.0726 AM
[ReportManager] Successfully created attachment [Screenshot - 1637977727633_f12_ValidateElementExists_failed] @27-11-2021 01:48:47.0727 A
[ReportManager] Successfully Closed All Drivers. @27-11-2021 01:48:47.0840 A
[ReportManager] File Action [GetAbsolutePath] successfully performed. With the following test data [Relative Folder Path: "target/downloadedFiles/"]. @27-11-2021 01:48:47.0842 AM
[ReportManager] Attempting to run locally on: [Mac-64], [Safari], Headless Execution. @27-11-2021 01:48:47.0842 AM
[ReportManager] Successfully Opened Safari. @27-11-2021 01:48:48.0662 AM
[ReportManager] Initial window size: (800, 600) @27-11-2021 01:48:48.0687 AM
[ReportManager] Window size after SWD Maximize: (1176, 803) @27-11-2021 01:48:48.0705 AM
[ReportManager] Browser Action [MaximizeWindow] successfully performed. With the following test data [New screen size is now: (1176, 803)]. @27-11-2021 01:48:48.0706 AM
[ReportManager] Target URL: [https://the-internet.herokuapp.com/] @27-11-2021 01:48:48.0706 AM
[ReportManager] Initial URL: [] @27-11-2021 01:48:48.0766 AM
[ReportManager] Browser Action [NavigateToURL] successfully performed. With the following test data [https://the-internet.herokuapp.com/]. @27-11-2021 01:48:49.0824 A

################################################################################################################################################
Starting Execution:	[81 out of 146] test cases in the current suite
Test Method:		[testPackage01.Test_NewValidationHelper.f13]
################################################################################################################################################
[ReportManager] Loaded Shared OpenCV @27-11-2021 01:48:49.0995 AM
[ReportManager] Assertion [ValidateElementExists] FAILED. Expected [Element Should not Exist, locator 'By.tagName: div'] and Actual [Element Exists but is not unique]. Comparison Type [EQUALS]. Validation Type [NEGATIVE]. @27-11-2021 01:48:50.0092 AM
[ReportManager] Successfully created attachment [Screenshot - 1637977729994_f13_ValidateElementExists_failed] @27-11-2021 01:48:50.0094 A
[ReportManager] Successfully Closed All Drivers. @27-11-2021 01:48:50.0509 A
[ReportManager] File Action [GetAbsolutePath] successfully performed. With the following test data [Relative Folder Path: "target/downloadedFiles/"]. @27-11-2021 01:48:50.0512 AM
[ReportManager] Attempting to run locally on: [Mac-64], [Safari], Headless Execution. @27-11-2021 01:48:50.0512 AM
[ReportManager] An Exception Occured with this Message: Could not start a new session. Possible causes are invalid address of the remote server or browser start-up failure.. @27-11-2021 01:48:50.0524 AM
[ReportManager] Successfully created attachment [Exception Stack Trace - org.openqa.selenium.SessionNotCreatedException] @27-11-2021 01:48:50.0524 AM
[ReportManager] Driver Factory Action [createNewLocalDriverInstanceForSafari] failed. With the following test data [Failed to create a session on DESKTOP_SAFARI]. @27-11-2021 01:48:50.0524 A

################################################################################################################################################
Starting Execution:	[82 out of 146] test cases in the current suite
Test Method:		[testPackage01.Test_NewValidationHelper.f14]
###############################################################################################################################################



################################################################################################################################################
Starting Execution:	[83 out of 146] test cases in the current suite
Test Method:		[testPackage01.Test_NewValidationHelper.f15]
###############################################################################################################################################



################################################################################################################################################
Starting Execution:	[84 out of 146] test cases in the current suite
Test Method:		[testPackage01.Test_NewValidationHelper.f16]
###############################################################################################################################################



################################################################################################################################################
Starting Execution:	[85 out of 146] test cases in the current suite
Test Method:		[testPackage01.Test_NewValidationHelper.f17]
###############################################################################################################################################



################################################################################################################################################
Starting Execution:	[86 out of 146] test cases in the current suite
Test Method:		[testPackage01.Test_NewValidationHelper.f18]
###############################################################################################################################################


################################################################################################################################################
Starting Execution:	[87 out of 146] test cases in the current suite
Test Method:		[testPackage01.Test_NewValidationHelper.f2]
###############################################################################################################################################


################################################################################################################################################
Starting Execution:	[88 out of 146] test cases in the current suite
Test Method:		[testPackage01.Test_NewValidationHelper.f20]
###############################################################################################################################################



################################################################################################################################################
Starting Execution:	[89 out of 146] test cases in the current suite
Test Method:		[testPackage01.Test_NewValidationHelper.f21]
###############################################################################################################################################



################################################################################################################################################
Starting Execution:	[90 out of 146] test cases in the current suite
Test Method:		[testPackage01.Test_NewValidationHelper.f22]
###############################################################################################################################################


################################################################################################################################################
Starting Execution:	[91 out of 146] test cases in the current suite
Test Method:		[testPackage01.Test_NewValidationHelper.f23]
###############################################################################################################################################

################################################################################################################################################
Starting Execution:	[92 out of 146] test cases in the current suite
Test Method:		[testPackage01.Test_NewValidationHelper.f24]
###############################################################################################################################################

################################################################################################################################################
Starting Execution:	[93 out of 146] test cases in the current suite
Test Method:		[testPackage01.Test_NewValidationHelper.f25]
###############################################################################################################################################

################################################################################################################################################
Starting Execution:	[94 out of 146] test cases in the current suite
Test Method:		[testPackage01.Test_NewValidationHelper.f26]
###############################################################################################################################################

################################################################################################################################################
Starting Execution:	[95 out of 146] test cases in the current suite
Test Method:		[testPackage01.Test_NewValidationHelper.f27]
###############################################################################################################################################

################################################################################################################################################
Starting Execution:	[96 out of 146] test cases in the current suite
Test Method:		[testPackage01.Test_NewValidationHelper.f28]
###############################################################################################################################################

################################################################################################################################################
Starting Execution:	[97 out of 146] test cases in the current suite
Test Method:		[testPackage01.Test_NewValidationHelper.f29]
###############################################################################################################################################

################################################################################################################################################
Starting Execution:	[98 out of 146] test cases in the current suite
Test Method:		[testPackage01.Test_NewValidationHelper.f3]
###############################################################################################################################################

################################################################################################################################################
Starting Execution:	[99 out of 146] test cases in the current suite
Test Method:		[testPackage01.Test_NewValidationHelper.f30]
###############################################################################################################################################

################################################################################################################################################
Starting Execution:	[100 out of 146] test cases in the current suite
Test Method:		[testPackage01.Test_NewValidationHelper.f31]
###############################################################################################################################################

################################################################################################################################################
Starting Execution:	[101 out of 146] test cases in the current suite
Test Method:		[testPackage01.Test_NewValidationHelper.f32]
###############################################################################################################################################

################################################################################################################################################
Starting Execution:	[102 out of 146] test cases in the current suite
Test Method:		[testPackage01.Test_NewValidationHelper.f33]
###############################################################################################################################################

################################################################################################################################################
Starting Execution:	[103 out of 146] test cases in the current suite
Test Method:		[testPackage01.Test_NewValidationHelper.f34]
###############################################################################################################################################

################################################################################################################################################
Starting Execution:	[104 out of 146] test cases in the current suite
Test Method:		[testPackage01.Test_NewValidationHelper.f35]
###############################################################################################################################################

################################################################################################################################################
Starting Execution:	[105 out of 146] test cases in the current suite
Test Method:		[testPackage01.Test_NewValidationHelper.f36]
###############################################################################################################################################

################################################################################################################################################
Starting Execution:	[106 out of 146] test cases in the current suite
Test Method:		[testPackage01.Test_NewValidationHelper.f37]
###############################################################################################################################################

################################################################################################################################################
Starting Execution:	[107 out of 146] test cases in the current suite
Test Method:		[testPackage01.Test_NewValidationHelper.f3_1]
###############################################################################################################################################

################################################################################################################################################
Starting Execution:	[108 out of 146] test cases in the current suite
Test Method:		[testPackage01.Test_NewValidationHelper.f4]
###############################################################################################################################################

################################################################################################################################################
Starting Execution:	[109 out of 146] test cases in the current suite
Test Method:		[testPackage01.Test_NewValidationHelper.f5]
###############################################################################################################################################

################################################################################################################################################
Starting Execution:	[110 out of 146] test cases in the current suite
Test Method:		[testPackage01.Test_NewValidationHelper.f6]
###############################################################################################################################################

################################################################################################################################################
Starting Execution:	[111 out of 146] test cases in the current suite
Test Method:		[testPackage01.Test_NewValidationHelper.f6_1]
###############################################################################################################################################

################################################################################################################################################
Starting Execution:	[112 out of 146] test cases in the current suite
Test Method:		[testPackage01.Test_NewValidationHelper.f6_2]
###############################################################################################################################################

################################################################################################################################################
Starting Execution:	[113 out of 146] test cases in the current suite
Test Method:		[testPackage01.Test_NewValidationHelper.f7]
###############################################################################################################################################


################################################################################################################################################
Starting Execution:	[114 out of 146] test cases in the current suite
Test Method:		[testPackage01.Test_NewValidationHelper.f8]
###############################################################################################################################################



################################################################################################################################################
Starting Execution:	[115 out of 146] test cases in the current suite
Test Method:		[testPackage01.Test_NewValidationHelper.f9]
###############################################################################################################################################


################################################################################################################################################
Starting Execution:	[116 out of 146] test cases in the current suite
Test Method:		[testPackage01.Test_NewValidationHelper.forceFail]
###############################################################################################################################################

################################################################################################################################################
Starting Execution:	[117 out of 146] test cases in the current suite
Test Method:		[testPackage01.Test_NewValidationHelper.forceFail2]
###############################################################################################################################################

################################################################################################################################################
Starting Execution:	[118 out of 146] test cases in the current suite
Test Method:		[testPackage01.Test_JsonActions.f]
###############################################################################################################################################

################################################################################################################################################
Starting Execution:	[119 out of 146] test cases in the current suite
Test Method:		[testPackage01.Test_JsonActions.f2]
###############################################################################################################################################

################################################################################################################################################
Starting Execution:	[120 out of 146] test cases in the current suite
Test Method:		[testPackage01.Test_sendGraphqlRequest.sendGraphqlRequestUsingMutationAndVariables]
################################################################################################################################################
[ReportManager] GraphQl Request is being Performed with the Following Parameters [Service URL: https://api.spacex.land/graphql | Request Body: {"variables":"{\"name\": \"sherlock holmes\",\"rocket\": \"221B Baker Street\"}","query":"mutation ($name: String, $rocket: String) {\n  insert_users(objects: {name: $name, rocket: $rocket}) {\n    returning {\n      name\n      rocket\n    }\n  }\n}"}] @27-11-2021 01:48:50.0821 AM
[ReportManager] Response status code: [200], status line: [HTTP/1.1 200 OK] @27-11-2021 01:48:55.0648 AM
[ReportManager] Assertion Passed: Evaluating the actual response status code against the expected one... @27-11-2021 01:48:55.0648 AM
[ReportManager] Assertion [ValidateComparativeRelation] PASSED. Expected [200] and Actual [200]. Comparison Type [EQUALS]. Validation Type [POSITIVE]. @27-11-2021 01:48:55.0648 AM
[ReportManager] API Action [PerformRequest] successfully performed. With the following test data [Request Type: "POST" | Target Status Code: "200" | Service URL: "https://api.spacex.land/graphql" | Content Type: "application/json" | Response Time: "4694ms"]. @27-11-2021 01:48:55.0679 AM
[ReportManager] Successfully created attachment [API Request - Specifications] @27-11-2021 01:48:55.0679 AM
[ReportManager] Successfully created attachment [API Request - JSON Body] @27-11-2021 01:48:55.0680 AM
[ReportManager] Successfully created attachment [API Response - JSON Body] @27-11-2021 01:48:55.0680 AM
[ReportManager] API Action [GetResponseJSONValue] successfully performed. With the following test data [data.insert_users.returning[0].name]. @27-11-2021 01:48:55.0723 AM
[ReportManager] Assertion [ValidateEquals] PASSED. Expected [sherlock holmes] and Actual [sherlock holmes]. Comparison Type [EQUALS]. Validation Type [POSITIVE]. @27-11-2021 01:48:55.0723 A

################################################################################################################################################
Starting Execution:	[121 out of 146] test cases in the current suite
Test Method:		[testPackage01.Test_sendGraphqlRequest.sendGraphqlRequestUsingQuery]
################################################################################################################################################
[ReportManager] GraphQl Request is being Performed with the Following Parameters [Service URL: https://api.spacex.land/graphql | Request Body: {"query":"{company {ceo}}"}] @27-11-2021 01:48:55.0728 AM
[ReportManager] Response status code: [200], status line: [HTTP/1.1 200 OK] @27-11-2021 01:48:56.0000 AM
[ReportManager] Assertion Passed: Evaluating the actual response status code against the expected one... @27-11-2021 01:48:56.0000 AM
[ReportManager] Assertion [ValidateComparativeRelation] PASSED. Expected [200] and Actual [200]. Comparison Type [EQUALS]. Validation Type [POSITIVE]. @27-11-2021 01:48:56.0000 AM
[ReportManager] API Action [PerformRequest] successfully performed. With the following test data [Request Type: "POST" | Target Status Code: "200" | Service URL: "https://api.spacex.land/graphql" | Content Type: "application/json" | Response Time: "267ms"]. @27-11-2021 01:48:56.0011 AM
[ReportManager] Successfully created attachment [API Request - Specifications] @27-11-2021 01:48:56.0012 AM
[ReportManager] Successfully created attachment [API Request - JSON Body] @27-11-2021 01:48:56.0013 AM
[ReportManager] Successfully created attachment [API Response - JSON Body] @27-11-2021 01:48:56.0013 AM
[ReportManager] API Action [GetResponseJSONValue] successfully performed. With the following test data [data.company.ceo]. @27-11-2021 01:48:56.0023 AM
[ReportManager] Assertion [ValidateEquals] PASSED. Expected [Elon Musk] and Actual [Elon Musk]. Comparison Type [EQUALS]. Validation Type [POSITIVE]. @27-11-2021 01:48:56.0023 A

################################################################################################################################################
Starting Execution:	[122 out of 146] test cases in the current suite
Test Method:		[testPackage01.Test_MatchJsonSchema.checkAPI_ResponseSchema]
################################################################################################################################################
[ReportManager] Response status code: [200], status line: [HTTP/1.1 200 OK] @27-11-2021 01:48:56.0168 AM
[ReportManager] Assertion Passed: Evaluating the actual response status code against the expected one... @27-11-2021 01:48:56.0169 AM
[ReportManager] Assertion [ValidateComparativeRelation] PASSED. Expected [200] and Actual [200]. Comparison Type [EQUALS]. Validation Type [POSITIVE]. @27-11-2021 01:48:56.0169 AM
[ReportManager] API Action [PerformRequest] successfully performed. With the following test data [Request Type: "GET" | Target Status Code: "200" | Service URL: "http://api.zippopotam.us/us/90210" | Content Type: "*/*" | Response Time: "135ms"]. @27-11-2021 01:48:56.0180 AM
[ReportManager] Successfully created attachment [API Request - Specifications] @27-11-2021 01:48:56.0181 AM
[ReportManager] Successfully created attachment [API Response - JSON Body] @27-11-2021 01:48:56.0181 AM
[ReportManager] File Action [GetAbsolutePath] successfully performed. With the following test data [Relative Folder Path: "src/test/resources/testDataFiles/schema.json"]. @27-11-2021 01:48:56.0182 AM
[ReportManager] File Action [GetAbsolutePath] successfully performed. With the following test data [Relative Folder Path: "/Users/runner/work/SHAFT_ENGINE/SHAFT_ENGINE/src/test/resources/testDataFiles/schema.json"]. @27-11-2021 01:48:57.0055 AM
[ReportManager] File Action [ReadFromFile] successfully performed. With the following test data [File Path: "/Users/runner/work/SHAFT_ENGINE/SHAFT_ENGINE/src/test/resources/testDataFiles/schema.json"]. @27-11-2021 01:48:57.0055 AM
[ReportManager] Assertion Passed: Then I Assert that the API response schema matches that in this file [src/test/resources/testDataFiles/schema.json]. @27-11-2021 01:48:57.0057 AM
[ReportManager] Successfully created attachment [Validation Test Data - Expected JSON Value] @27-11-2021 01:48:57.0058 AM
[ReportManager] Successfully created attachment [Validation Test Data - Actual JSON Value] @27-11-2021 01:48:57.0058 AM
[ReportManager] Assertion [ValidateResponseFileSchema] PASSED. Expected [Response data should match the JSON File in this path '/Users/runner/work/SHAFT_ENGINE/SHAFT_ENGINE/src/test/resources/testDataFiles/schema.json'] and Actual [TRUE]. Comparison Type [EQUALS]. Validation Type [POSITIVE]. @27-11-2021 01:48:57.0058 A
[ReportManager] File Action [GetAbsolutePath] successfully performed. With the following test data [Relative Folder Path: "target/downloadedFiles/"]. @27-11-2021 01:48:57.0067 AM
[ReportManager] Attempting to run locally on: [Mac-64], [Safari], Headless Execution. @27-11-2021 01:48:57.0071 AM
[ReportManager] Successfully Opened Safari. @27-11-2021 01:48:57.0860 AM
[ReportManager] Initial window size: (800, 600) @27-11-2021 01:48:57.0886 AM
[ReportManager] Window size after SWD Maximize: (1176, 803) @27-11-2021 01:48:57.0914 AM
[ReportManager] Browser Action [MaximizeWindow] successfully performed. With the following test data [New screen size is now: (1176, 803)]. @27-11-2021 01:48:57.0914 A

################################################################################################################################################
Starting Execution:	[123 out of 146] test cases in the current suite
Test Method:		[testPackage01.Test_dragAndDrop.dragAndDropJquery]
################################################################################################################################################
[ReportManager] Target URL: [https://jqueryui.com/resources/demos/droppable/default.html] @27-11-2021 01:48:57.0917 AM
[ReportManager] Initial URL: [] @27-11-2021 01:48:57.0953 AM
[ReportManager] Browser Action [NavigateToURL] successfully performed. With the following test data [https://jqueryui.com/resources/demos/droppable/default.html]. @27-11-2021 01:48:58.0525 AM
[ReportManager] Element Action [GetText] successfully performed. With the following test data [
	Drop here
]. @27-11-2021 01:48:58.0555 AM
[ReportManager] Element Action [DragAndDrop] successfully performed. With the following test data [Start point: (8, 18), End point: (8, 18)]. @27-11-2021 01:48:59.0595 AM
[ReportManager] Element Action [GetText] successfully performed. With the following test data [
	Dropped!
]. @27-11-2021 01:48:59.0624 AM
[ReportManager] Assertion Passed: Checking to see if the text has changed after performing drag and drop @27-11-2021 01:48:59.0625 AM
[ReportManager] Assertion [ValidateEquals] PASSED. Expected [
	Drop here
] and Actual [
	Dropped!
]. Comparison Type [EQUALS]. Validation Type [NEGATIVE]. @27-11-2021 01:48:59.0625 A
[ReportManager] Browser Action [CloseCurrentWindow] successfully performed. @27-11-2021 01:49:00.0006 AM
[ReportManager] Successfully created attachment [Browser Action Test Data - CloseCurrentWindow - Actual Value] @27-11-2021 01:49:00.0006 A
[ReportManager] File Action [GetAbsolutePath] successfully performed. With the following test data [Relative Folder Path: "target/downloadedFiles/"]. @27-11-2021 01:49:00.0008 AM
[ReportManager] Attempting to run locally on: [Mac-64], [Safari], Headless Execution. @27-11-2021 01:49:00.0008 AM
[ReportManager] Successfully Opened Safari. @27-11-2021 01:49:00.0814 AM
[ReportManager] Initial window size: (800, 600) @27-11-2021 01:49:00.0845 AM
[ReportManager] Window size after SWD Maximize: (1176, 803) @27-11-2021 01:49:00.0883 AM
[ReportManager] Browser Action [MaximizeWindow] successfully performed. With the following test data [New screen size is now: (1176, 803)]. @27-11-2021 01:49:00.0883 A

################################################################################################################################################
Starting Execution:	[124 out of 146] test cases in the current suite
Test Method:		[testPackage01.Test_dragAndDrop.dragAndDrop]
Test Description:	[TC001 - Test Drag and Drop function.]
################################################################################################################################################
[ReportManager] Target URL: [http://the-internet.herokuapp.com/drag_and_drop] @27-11-2021 01:49:00.0888 AM
[ReportManager] Initial URL: [] @27-11-2021 01:49:00.0957 AM
[ReportManager] Browser Action [NavigateToURL] successfully performed. With the following test data [http://the-internet.herokuapp.com/drag_and_drop]. @27-11-2021 01:49:01.0783 AM
[ReportManager] Attempting Drag and Drop @27-11-2021 01:49:01.0783 AM
[ReportManager] Element Action [DragAndDrop] successfully performed. With the following test data [Start point: (120, 89), End point: (335, 89)]. @27-11-2021 01:49:02.0417 A
[ReportManager] Browser Action [CloseCurrentWindow] successfully performed. @27-11-2021 01:49:02.0836 AM
[ReportManager] Successfully created attachment [Browser Action Test Data - CloseCurrentWindow - Actual Value] @27-11-2021 01:49:02.0837 A
[ReportManager] File Action [GetAbsolutePath] successfully performed. With the following test data [Relative Folder Path: "target/downloadedFiles/"]. @27-11-2021 01:49:02.0839 AM
[ReportManager] Attempting to run locally on: [Mac-64], [Safari], Headless Execution. @27-11-2021 01:49:02.0839 AM
[ReportManager] Successfully Opened Safari. @27-11-2021 01:49:03.0627 AM
[ReportManager] Initial window size: (800, 600) @27-11-2021 01:49:03.0655 AM
[ReportManager] Window size after SWD Maximize: (1176, 803) @27-11-2021 01:49:03.0672 AM
[ReportManager] Browser Action [MaximizeWindow] successfully performed. With the following test data [New screen size is now: (1176, 803)]. @27-11-2021 01:49:03.0672 A

################################################################################################################################################
Starting Execution:	[125 out of 146] test cases in the current suite
Test Method:		[testPackage01.Test_dragAndDrop.dragAndDropByOffset]
Test Description:	[TC002 - Test Drag and Drop by offset function.]
################################################################################################################################################
[ReportManager] Target URL: [https://jqueryui.com/resources/demos/draggable/default.html] @27-11-2021 01:49:03.0675 AM
[ReportManager] Initial URL: [] @27-11-2021 01:49:03.0734 AM
[ReportManager] Browser Action [NavigateToURL] successfully performed. With the following test data [https://jqueryui.com/resources/demos/draggable/default.html]. @27-11-2021 01:49:04.0191 AM
[ReportManager] Element Action [DragAndDropByOffset] successfully performed. With the following test data [Start point: (8, 8), End point: (108, 58)]. @27-11-2021 01:49:05.0001 A
[ReportManager] Browser Action [CloseCurrentWindow] successfully performed. @27-11-2021 01:49:05.0292 AM
[ReportManager] Successfully created attachment [Browser Action Test Data - CloseCurrentWindow - Actual Value] @27-11-2021 01:49:05.0294 A
[ReportManager] Successfully loaded the following test data file [src/test/resources/testDataFiles/testSuite01/TestData.xlsx]. @27-11-2021 01:49:05.0322 AM
[ReportManager] Successfully created attachment [Test Data - Excel] @27-11-2021 01:49:05.0322 AM
[ReportManager] File Action [GetAbsolutePath] successfully performed. With the following test data [Relative Folder Path: "target/downloadedFiles/"]. @27-11-2021 01:49:05.0323 AM
[ReportManager] Attempting to run locally on: [Mac-64], [Safari], Headless Execution. @27-11-2021 01:49:05.0323 AM
[ReportManager] Successfully Opened Safari. @27-11-2021 01:49:06.0145 AM
[ReportManager] Initial window size: (800, 600) @27-11-2021 01:49:06.0172 AM
[ReportManager] Window size after SWD Maximize: (1176, 803) @27-11-2021 01:49:06.0185 AM
[ReportManager] Browser Action [MaximizeWindow] successfully performed. With the following test data [New screen size is now: (1176, 803)]. @27-11-2021 01:49:06.0186 A

################################################################################################################################################
Starting Execution:	[126 out of 146] test cases in the current suite
Test Method:		[testPackage01.Test_google.navigateToURLandVerifyGoogleLogoIsDisplayed]
Test Description:	[TC001 - Navigate to URL and Verify Google Logo is Displayed]
################################################################################################################################################
[ReportManager] Target URL: [https://www.google.com/ncr], and after redirection: [https://www.google.com] @27-11-2021 01:49:06.0190 AM
[ReportManager] Initial URL: [] @27-11-2021 01:49:06.0255 AM
[ReportManager] Browser Action [NavigateToURL] successfully performed. With the following test data [https://www.google.com/ncr]. @27-11-2021 01:49:08.0096 AM
[ReportManager] Loaded Shared OpenCV @27-11-2021 01:49:08.0156 AM
[ReportManager] Assertion Passed: Then I Assert that the element found by [By.xpath: //*[@id='hplogo' or @alt='Google']] exists. @27-11-2021 01:49:08.0242 AM
[ReportManager] Successfully created attachment [Screenshot - 1637977748156_navigateToURLandVerifyGoogleLogoIsDisplayed_ValidateElementExists_passed] @27-11-2021 01:49:08.0243 AM
[ReportManager] Assertion [ValidateElementExists] PASSED. Expected [Element Should Exist, locator 'By.xpath: //*[@id='hplogo' or @alt='Google']'] and Actual [Element Exists]. Comparison Type [EQUALS]. Validation Type [POSITIVE]. @27-11-2021 01:49:08.0243 A

################################################################################################################################################
Starting Execution:	[127 out of 146] test cases in the current suite
Test Method:		[testPackage01.Test_google.searchForQueryandAssertResultsNumDisplayed]
Test Description:	[TC002 - Search for Query and Assert that the number of results is displayed]
################################################################################################################################################
[ReportManager] Element Action [Type] successfully performed. With the following test data [SHAFT_Engine]. @27-11-2021 01:49:08.0371 AM
[ReportManager] Element Action [KeyPress] successfully performed. With the following test data [Enter]. @27-11-2021 01:49:08.0419 AM
[ReportManager] Element Action [GetText] successfully performed. With the following test data [About 4,590,000 results (0.62 seconds)Â ]. @27-11-2021 01:49:09.0804 AM
[ReportManager] Loaded Shared OpenCV @27-11-2021 01:49:10.0684 AM
[ReportManager] Assertion Passed: Then I Assert that the element found by [By.id: appbar] text does not equal []. @27-11-2021 01:49:10.0831 AM
[ReportManager] Successfully created attachment [Screenshot - 1637977750684_searchForQueryandAssertResultsNumDisplayed_ValidateElementAttribute_passed] @27-11-2021 01:49:10.0833 AM
[ReportManager] Assertion [ValidateElementAttribute] PASSED. Expected [Value Should not be '' for the 'text' attribute, element locator 'By.id: appbar'] and Actual [About 4,590,000 results (0.62 seconds)Â ]. Comparison Type [EQUALS]. Validation Type [NEGATIVE]. @27-11-2021 01:49:10.0833 A

################################################################################################################################################
Starting Execution:	[128 out of 146] test cases in the current suite
Test Method:		[testPackage01.Test_google.clickNextThrice]
Test Description:	[TC003 - Clicks the next button to make sure that the framework can scroll element into view before clicking it]
################################################################################################################################################
[ReportManager] Element Action [Click] successfully performed. With the following test data [By.xpath: //span[text()='Next']]. @27-11-2021 01:49:11.0028 A
[ReportManager] Successfully Closed All Drivers. @27-11-2021 01:49:11.0272 A
[ReportManager] File Action [GetAbsolutePath] successfully performed. With the following test data [Relative Folder Path: "target/downloadedFiles/"]. @27-11-2021 01:49:11.0274 AM
[ReportManager] Attempting to run locally on: [Mac-64], [Safari], Headless Execution. @27-11-2021 01:49:11.0274 AM
[ReportManager] Successfully Opened Safari. @27-11-2021 01:49:12.0097 AM
[ReportManager] Initial window size: (800, 600) @27-11-2021 01:49:12.0118 AM
[ReportManager] Window size after SWD Maximize: (1176, 803) @27-11-2021 01:49:12.0143 AM
[ReportManager] Browser Action [MaximizeWindow] successfully performed. With the following test data [New screen size is now: (1176, 803)]. @27-11-2021 01:49:12.0143 A

################################################################################################################################################
Starting Execution:	[129 out of 146] test cases in the current suite
Test Method:		[testPackage01.Test_chainableElementActions.chainElementActions]
################################################################################################################################################
[ReportManager] Target URL: [https://www.google.com/ncr], and after redirection: [https://www.google.com] @27-11-2021 01:49:12.0201 AM
[ReportManager] Initial URL: [] @27-11-2021 01:49:12.0233 AM
[ReportManager] Browser Action [NavigateToURL] successfully performed. With the following test data [https://www.google.com/ncr]. @27-11-2021 01:49:13.0994 AM
[ReportManager] Element Action [Type] successfully performed. With the following test data [chained type 1]. @27-11-2021 01:49:14.0156 AM
[ReportManager] Element Action [Type] successfully performed. With the following test data [chained type 2]. @27-11-2021 01:49:14.0330 AM
[ReportManager] Element Action [TypeAppend] successfully performed. With the following test data [345]. @27-11-2021 01:49:14.0381 AM
[ReportManager] Element Action [GetText] successfully performed. With the following test data [chained type 2345]. @27-11-2021 01:49:14.0438 AM
[ReportManager] Loaded Shared OpenCV @27-11-2021 01:49:14.0508 AM
[ReportManager] Assertion Passed: Then I Assert that the element found by [By.name: q] text is equal to [chained type 2345]. @27-11-2021 01:49:14.0606 AM
[ReportManager] Successfully created attachment [Screenshot - 1637977754508_chainElementActions_ValidateElementAttribute_passed] @27-11-2021 01:49:14.0607 AM
[ReportManager] Assertion [ValidateElementAttribute] PASSED. Expected [Value Should be 'chained type 2345' for the 'text' attribute, element locator 'By.name: q'] and Actual [chained type 2345]. Comparison Type [EQUALS]. Validation Type [POSITIVE]. @27-11-2021 01:49:14.0607 A
[ReportManager] Successfully Closed All Drivers. @27-11-2021 01:49:14.0860 A
[ReportManager] File Action [GetAbsolutePath] successfully performed. With the following test data [Relative Folder Path: "target/downloadedFiles/"]. @27-11-2021 01:49:14.0862 AM
[ReportManager] Attempting to run locally on: [Mac-64], [Safari], Headless Execution. @27-11-2021 01:49:14.0862 AM
[ReportManager] Successfully Opened Safari. @27-11-2021 01:49:15.0664 AM
[ReportManager] Initial window size: (800, 600) @27-11-2021 01:49:15.0682 AM
[ReportManager] Window size after SWD Maximize: (1176, 803) @27-11-2021 01:49:15.0713 AM
[ReportManager] Browser Action [MaximizeWindow] successfully performed. With the following test data [New screen size is now: (1176, 803)]. @27-11-2021 01:49:15.0713 A

################################################################################################################################################
Starting Execution:	[130 out of 146] test cases in the current suite
Test Method:		[testPackage01.Test_RelativeLocators.relativeLocatorsTest1]
################################################################################################################################################
[ReportManager] Target URL: [https://duckduckgo.com/] @27-11-2021 01:49:15.0759 AM
[ReportManager] Initial URL: [] @27-11-2021 01:49:15.0785 AM
[ReportManager] Browser Action [NavigateToURL] successfully performed. With the following test data [https://duckduckgo.com/]. @27-11-2021 01:49:16.0380 AM
[ReportManager] Element Action [Type] successfully performed. With the following test data [SHAFT_Engine]. @27-11-2021 01:49:16.0503 AM
[ReportManager] Element Action [KeyPress] successfully performed. With the following test data [ENTER]. @27-11-2021 01:49:17.0098 AM
[ReportManager] Element Action [GetText] successfully performed. With the following test data [GitHub - MohabMohie/SHAFT_ENGINE: SHAFT_ENGINE is a Test ...]. @27-11-2021 01:49:18.0731 AM
[ReportManager] Loaded Shared OpenCV @27-11-2021 01:49:18.0865 AM
[ReportManager] Assertion Passed: Then I Assert that the element found by [Relative Locator: {root={xpath=//a[@class='result__a js-result-title-link']}, filters=[{kind=below, args=[{xpath=//input[@name='q']}]}]}] text does not equal []. @27-11-2021 01:49:19.0049 AM
[ReportManager] Successfully created attachment [Screenshot - 1637977758865_relativeLocatorsTest1_ValidateElementAttribute_passed] @27-11-2021 01:49:19.0092 AM
[ReportManager] Assertion [ValidateElementAttribute] PASSED. Expected [Value Should not be '' for the 'text' attribute, element locator '[unknown locator]'] and Actual [GitHub - MohabMohie/SHAFT_ENGINE: SHAFT_ENGINE is a Test ...]. Comparison Type [EQUALS]. Validation Type [NEGATIVE]. @27-11-2021 01:49:19.0092 A
[ReportManager] Browser Action [CloseCurrentWindow] successfully performed. @27-11-2021 01:49:19.0463 AM
[ReportManager] Successfully created attachment [Browser Action Test Data - CloseCurrentWindow - Actual Value] @27-11-2021 01:49:19.0464 A

################################################################################################################################################
Starting Execution:	[131 out of 146] test cases in the current suite
Test Method:		[testPackage01.Test_JsonCompareWithSpecialCharacters.specialCharacters]
################################################################################################################################################
[ReportManager] File Action [GetAbsolutePath] successfully performed. With the following test data [Relative Folder Path: "src/test/resources/testDataFiles/specialCharacters.json"]. @27-11-2021 01:49:19.0469 AM
[ReportManager] File Action [ReadFromFile] successfully performed. With the following test data [File Path: "/Users/runner/work/SHAFT_ENGINE/SHAFT_ENGINE/src/test/resources/testDataFiles/specialCharacters.json"]. @27-11-2021 01:49:19.0470 AM
[ReportManager] Successfully created attachment [File Action Actual Result - Command Log] @27-11-2021 01:49:19.0470 AM
[ReportManager] Comparing the provided API response with the file at this path "src/test/resources/testDataFiles/specialCharacters.json", comparison type "EQUALS" @27-11-2021 01:49:19.0471 AM
[ReportManager] API Action [CompareJSON] successfully performed. With the following test data [src/test/resources/testDataFiles/specialCharacters.json]. @27-11-2021 01:49:19.0478 AM
[ReportManager] File Action [GetAbsolutePath] successfully performed. With the following test data [Relative Folder Path: "src/test/resources/testDataFiles/specialCharacters.json"]. @27-11-2021 01:49:19.0478 AM
[ReportManager] File Action [ReadFromFile] successfully performed. With the following test data [File Path: "/Users/runner/work/SHAFT_ENGINE/SHAFT_ENGINE/src/test/resources/testDataFiles/specialCharacters.json"]. @27-11-2021 01:49:19.0478 AM
[ReportManager] Verification [ValidateJSONFileContent] PASSED. Expected [Response data should match the JSON File in this path 'src/test/resources/testDataFiles/specialCharacters.json'] and Actual [TRUE]. Comparison Type [EQUALS]. Validation Type [POSITIVE]. @27-11-2021 01:49:19.0482 AM
[ReportManager] Successfully created attachment [Validation Test Data - Expected JSON Value] @27-11-2021 01:49:19.0482 AM
[ReportManager] Successfully created attachment [Validation Test Data - Actual JSON Value] @27-11-2021 01:49:19.0483 A

################################################################################################################################################
Starting Execution:	[132 out of 146] test cases in the current suite
Test Method:		[testPackage01.Test_JsonCompareWithSpecialCharacters.specialCharacters_assertion]
################################################################################################################################################
[ReportManager] File Action [GetAbsolutePath] successfully performed. With the following test data [Relative Folder Path: "src/test/resources/testDataFiles/specialCharacters.json"]. @27-11-2021 01:49:19.0486 AM
[ReportManager] File Action [ReadFromFile] successfully performed. With the following test data [File Path: "/Users/runner/work/SHAFT_ENGINE/SHAFT_ENGINE/src/test/resources/testDataFiles/specialCharacters.json"]. @27-11-2021 01:49:19.0486 AM
[ReportManager] Successfully created attachment [File Action Actual Result - Command Log] @27-11-2021 01:49:19.0487 AM
[ReportManager] Comparing the provided API response with the file at this path "src/test/resources/testDataFiles/specialCharacters.json", comparison type "CONTAINS" @27-11-2021 01:49:19.0487 AM
[ReportManager] API Action [CompareJSON] successfully performed. With the following test data [src/test/resources/testDataFiles/specialCharacters.json]. @27-11-2021 01:49:19.0494 AM
[ReportManager] File Action [GetAbsolutePath] successfully performed. With the following test data [Relative Folder Path: "src/test/resources/testDataFiles/specialCharacters.json"]. @27-11-2021 01:49:19.0495 AM
[ReportManager] File Action [ReadFromFile] successfully performed. With the following test data [File Path: "/Users/runner/work/SHAFT_ENGINE/SHAFT_ENGINE/src/test/resources/testDataFiles/specialCharacters.json"]. @27-11-2021 01:49:19.0495 AM
[ReportManager] Assertion Passed: trying out the log message @27-11-2021 01:49:19.0498 AM
[ReportManager] Successfully created attachment [Validation Test Data - Expected JSON Value] @27-11-2021 01:49:19.0499 AM
[ReportManager] Successfully created attachment [Validation Test Data - Actual JSON Value] @27-11-2021 01:49:19.0499 AM
[ReportManager] Assertion [ValidateJSONFileContent] PASSED. Expected [Response data should match the JSON File in this path 'src/test/resources/testDataFiles/specialCharacters.json'] and Actual [TRUE]. Comparison Type [CONTAINS]. Validation Type [POSITIVE]. @27-11-2021 01:49:19.0499 A

################################################################################################################################################
Starting Execution:	[133 out of 146] test cases in the current suite
Test Method:		[testPackage01.Test_SkipDueToIssue.doNotSkip]
################################################################################################################################################
[ReportManager] This should not be skipped. @27-11-2021 01:49:19.0502 A

################################################################################################################################################
Starting Execution:	[134 out of 146] test cases in the current suite
Test Method:		[testPackage01.Test_SkipDueToIssue.skip]
################################################################################################################################################
[ReportManager] This should be skipped. @27-11-2021 01:49:19.0508 A

################################################################################################################################################
Starting Execution:	[135 out of 146] test cases in the current suite
Test Method:		[testPackage01.Test_SkipDueToIssue.skip2]
################################################################################################################################################
[ReportManager] This should be skipped. @27-11-2021 01:49:19.0512 A

################################################################################################################################################
Starting Execution:	[136 out of 146] test cases in the current suite
Test Method:		[testPackage01.Test_JSONFileManager.readStringFromJson]
################################################################################################################################################
[ReportManager] File Action [GetAbsolutePath] successfully performed. With the following test data [Relative Folder Path: "src/test/resources/testDataFiles/simpleJSON.json"]. @27-11-2021 01:49:19.0516 AM
[ReportManager] Successfully loaded the following test data file [src/test/resources/testDataFiles/simpleJSON.json]. @27-11-2021 01:49:19.0516 AM
[ReportManager] Successfully created attachment [Test Data - JSON] @27-11-2021 01:49:19.0517 AM
[ReportManager] File Action [GetAbsolutePath] successfully performed. With the following test data [Relative Folder Path: "src/test/resources/testDataFiles/simpleJSON.json"]. @27-11-2021 01:49:19.0518 AM
[ReportManager] Assertion [ValidateEquals] PASSED. Expected [Mohab Mohie] and Actual [Mohab Mohie]. Comparison Type [EQUALS]. Validation Type [POSITIVE]. @27-11-2021 01:49:19.0529 A
[ReportManager] File Action [GetAbsolutePath] successfully performed. With the following test data [Relative Folder Path: "target/downloadedFiles/"]. @27-11-2021 01:49:19.0531 AM
[ReportManager] Attempting to run locally on: [Mac-64], [Safari], Headless Execution. @27-11-2021 01:49:19.0531 AM
[ReportManager] Successfully Opened Safari. @27-11-2021 01:49:20.0336 AM
[ReportManager] Initial window size: (800, 600) @27-11-2021 01:49:20.0353 AM
[ReportManager] Window size after SWD Maximize: (1176, 803) @27-11-2021 01:49:20.0383 AM
[ReportManager] Browser Action [MaximizeWindow] successfully performed. With the following test data [New screen size is now: (1176, 803)]. @27-11-2021 01:49:20.0384 A

################################################################################################################################################
Starting Execution:	[137 out of 146] test cases in the current suite
Test Method:		[testPackage01.Test_assertEquals.test_assertElementAttribute]
################################################################################################################################################
[ReportManager] Target URL: [https://www.google.com/ncr], and after redirection: [https://www.google.com] @27-11-2021 01:49:20.0386 AM
[ReportManager] Initial URL: [] @27-11-2021 01:49:20.0426 AM
[ReportManager] Browser Action [NavigateToURL] successfully performed. With the following test data [https://www.google.com/ncr]. @27-11-2021 01:49:22.0123 AM
[ReportManager] Element Action [Type] successfully performed. With the following test data [INC_004010050:Another SCHEDULER with the same name [Duplicate Job Name] already exists.]. @27-11-2021 01:49:22.0568 AM
[ReportManager] Element Action [GetText] successfully performed. With the following test data [INC_004010050:Another SCHEDULER with the same name [Duplicate Job Name] already exists.]. @27-11-2021 01:49:22.0625 AM
[ReportManager] Loaded Shared OpenCV @27-11-2021 01:49:22.0670 AM
[ReportManager] Assertion [ValidateElementAttribute] PASSED. Expected [Value Should be 'INC_004010050:Another SCHEDULER with the same name \[Duplicate Job Name\] already exists.' for the 'text' attribute, element locator 'By.name: q'] and Actual [INC_004010050:Another SCHEDULER with the same name [Duplicate Job Name] already exists.]. Comparison Type [MATCHES]. Validation Type [POSITIVE]. @27-11-2021 01:49:22.0762 AM
[ReportManager] Successfully created attachment [Screenshot - 1637977762670_test_assertElementAttribute_ValidateElementAttribute_passed] @27-11-2021 01:49:22.0763 A
[ReportManager] Browser Action [CloseCurrentWindow] successfully performed. @27-11-2021 01:49:23.0046 AM
[ReportManager] Successfully created attachment [Browser Action Test Data - CloseCurrentWindow - Actual Value] @27-11-2021 01:49:23.0047 A
[ReportManager] File Action [GetAbsolutePath] successfully performed. With the following test data [Relative Folder Path: "target/downloadedFiles/"]. @27-11-2021 01:49:23.0049 AM
[ReportManager] Attempting to run locally on: [Mac-64], [Safari], Headless Execution. @27-11-2021 01:49:23.0049 AM
[ReportManager] Successfully Opened Safari. @27-11-2021 01:49:23.0878 AM
[ReportManager] Initial window size: (800, 600) @27-11-2021 01:49:23.0897 AM
[ReportManager] Window size after SWD Maximize: (1176, 803) @27-11-2021 01:49:23.0912 AM
[ReportManager] Browser Action [MaximizeWindow] successfully performed. With the following test data [New screen size is now: (1176, 803)]. @27-11-2021 01:49:23.0912 A

################################################################################################################################################
Starting Execution:	[138 out of 146] test cases in the current suite
Test Method:		[testPackage01.Test_IsElementClickable.testIsElementClickable]
################################################################################################################################################
[ReportManager] Target URL: [https://the-internet.herokuapp.com/] @27-11-2021 01:49:23.0915 AM
[ReportManager] Initial URL: [] @27-11-2021 01:49:23.0953 AM
[ReportManager] Browser Action [NavigateToURL] successfully performed. With the following test data [https://the-internet.herokuapp.com/]. @27-11-2021 01:49:25.0053 AM
[ReportManager] Element Action [IsElementClickable] successfully performed. @27-11-2021 01:49:25.0188 AM
[ReportManager] Assertion [ValidateTrue] PASSED. Expected [TRUE] and Actual [TRUE]. Validation Type [POSITIVE]. @27-11-2021 01:49:25.0188 A
[ReportManager] Browser Action [CloseCurrentWindow] successfully performed. @27-11-2021 01:49:25.0614 AM
[ReportManager] Successfully created attachment [Browser Action Test Data - CloseCurrentWindow - Actual Value] @27-11-2021 01:49:25.0614 A
[ReportManager] Successfully loaded the following test data file [src/test/resources/testDataFiles/testSuite01/TestData.xlsx]. @27-11-2021 01:49:25.0643 AM
[ReportManager] Successfully created attachment [Test Data - Excel] @27-11-2021 01:49:25.0644 AM
[ReportManager] Attempting to run using Playwright locally on: [Mac-64], [Safari], Headless Execution. @27-11-2021 01:50:06.0272 AM
[ReportManager] File Action [GetAbsolutePath] successfully performed. With the following test data [Relative Folder Path: "target/downloadedFiles/"]. @27-11-2021 01:50:06.0273 AM
[ReportManager] Initial window size: (1280, 720) @27-11-2021 01:50:10.0830 AM
[ReportManager] Window size after Toolkit: com.microsoft.playwright.options.ViewportSize@31058a94 @27-11-2021 01:50:10.0838 AM
[ReportManager] Browser Action [MaximizeWindow] successfully performed. With the following test data [New screen size is now: (1920, 1080)]. @27-11-2021 01:50:10.0839 A

################################################################################################################################################
Starting Execution:	[139 out of 146] test cases in the current suite
Test Method:		[testPackage01.Test_google_playwright.navigateToURLandVerifyGoogleLogoIsDisplayed]
Test Description:	[TC001 - Navigate to URL and Verify Google Logo is Displayed]
################################################################################################################################################
[ReportManager] Target URL: [https://www.google.com/ncr], and after redirection: [https://www.google.com] @27-11-2021 01:50:10.0843 AM
[ReportManager] Initial URL: [about:blank] @27-11-2021 01:50:11.0354 AM
[ReportManager] Browser Action [NavigateToURL] successfully performed. With the following test data [https://www.google.com/ncr]. @27-11-2021 01:50:13.0192 AM
[ReportManager] Loaded Shared OpenCV @27-11-2021 01:50:13.0276 AM
[ReportManager] Assertion [ValidateElementExists] PASSED. Expected [Element Should Exist, locator 'xpath=//*[@id='hplogo' or @alt='Google']'] and Actual [Element Exists]. Comparison Type [EQUALS]. Validation Type [POSITIVE]. @27-11-2021 01:50:13.0445 AM
[ReportManager] Successfully created attachment [Screenshot - 1637977813273_navigateToURLandVerifyGoogleLogoIsDisplayed_ValidateElementExists_passed] @27-11-2021 01:50:13.0446 A

################################################################################################################################################
Starting Execution:	[140 out of 146] test cases in the current suite
Test Method:		[testPackage01.Test_google_playwright.searchForQueryandAssertResultsNumDisplayed]
Test Description:	[TC002 - Search for Query and Assert that the number of results is displayed]
################################################################################################################################################
[ReportManager] Element Action [Type] successfully performed. With the following test data [SHAFT_Engine]. @27-11-2021 01:50:13.0583 AM
[ReportManager] Element Action [KeyPress] successfully performed. With the following test data [Enter]. @27-11-2021 01:50:13.0612 AM
[ReportManager] Element Action [GetText] successfully performed. With the following test data [About 4,590,000 results (0.79 seconds)Â 
]. @27-11-2021 01:50:15.0001 AM
[ReportManager] Loaded Shared OpenCV @27-11-2021 01:50:16.0167 AM
[ReportManager] Assertion [ValidateElementAttribute] PASSED. Expected [Value Should not be '' for the 'text' attribute, element locator 'xpath=//div[@id='appbar']'] and Actual [About 4,590,000 results (0.79 seconds)Â 
]. Comparison Type [EQUALS]. Validation Type [NEGATIVE]. @27-11-2021 01:50:16.0372 AM
[ReportManager] Successfully created attachment [Screenshot - 1637977816165_searchForQueryandAssertResultsNumDisplayed_ValidateElementAttribute_passed] @27-11-2021 01:50:16.0374 A

################################################################################################################################################
Starting Execution:	[141 out of 146] test cases in the current suite
Test Method:		[testPackage01.Test_google_playwright.clickNextThrice]
Test Description:	[TC003 - Clicks the next button to make sure that the framework can scroll element into view before clicking it]
################################################################################################################################################
[ReportManager] Element Action [Click] successfully performed. With the following test data [Next]. @27-11-2021 01:50:16.0692 A
[ReportManager] Failed to find video recording. @27-11-2021 01:50:16.0694 AM
[ReportManager] Successfully Closed PlayWright Driver. @27-11-2021 01:50:16.0733 A
[ReportManager] File Action [GetAbsolutePath] successfully performed. With the following test data [Relative Folder Path: "target/downloadedFiles/"]. @27-11-2021 01:50:16.0735 AM
[ReportManager] Attempting to run locally on: [Mac-64], [Safari], Headless Execution. @27-11-2021 01:50:16.0735 AM
[ReportManager] Successfully Opened Safari. @27-11-2021 01:50:17.0984 AM
[ReportManager] Initial window size: (800, 600) @27-11-2021 01:50:17.0990 AM
[ReportManager] Window size after SWD Maximize: (1176, 803) @27-11-2021 01:50:18.0012 AM
[ReportManager] Browser Action [MaximizeWindow] successfully performed. With the following test data [New screen size is now: (1176, 803)]. @27-11-2021 01:50:18.0013 A

################################################################################################################################################
Starting Execution:	[142 out of 146] test cases in the current suite
Test Method:		[testPackage01.Test_verifyEquals.test_assertElementAttribute]
################################################################################################################################################
[ReportManager] Target URL: [https://www.google.com/ncr], and after redirection: [https://www.google.com] @27-11-2021 01:50:18.0015 AM
[ReportManager] Initial URL: [] @27-11-2021 01:50:18.0060 AM
[ReportManager] Browser Action [NavigateToURL] successfully performed. With the following test data [https://www.google.com/ncr]. @27-11-2021 01:50:19.0773 AM
[ReportManager] Element Action [Type] successfully performed. With the following test data [INC_004010050:Another SCHEDULER with the same name [Duplicate Job Name] already exists.]. @27-11-2021 01:50:20.0234 AM
[ReportManager] Element Action [GetText] successfully performed. With the following test data [INC_004010050:Another SCHEDULER with the same name [Duplicate Job Name] already exists.]. @27-11-2021 01:50:20.0289 AM
[ReportManager] Loaded Shared OpenCV @27-11-2021 01:50:20.0336 AM
[ReportManager] Verification [ValidateElementAttribute] PASSED. Expected [Value Should be 'INC_004010050:Another SCHEDULER with the same name \[Duplicate Job Name\] already exists.' for the 'text' attribute, element locator 'By.name: q'] and Actual [INC_004010050:Another SCHEDULER with the same name [Duplicate Job Name] already exists.]. Comparison Type [MATCHES]. Validation Type [POSITIVE]. @27-11-2021 01:50:20.0430 AM
[ReportManager] Successfully created attachment [Screenshot - 1637977820336_test_assertElementAttribute_ValidateElementAttribute_passed] @27-11-2021 01:50:20.0431 A
[ReportManager] Browser Action [CloseCurrentWindow] successfully performed. @27-11-2021 01:50:20.0860 AM
[ReportManager] Successfully created attachment [Browser Action Test Data - CloseCurrentWindow - Actual Value] @27-11-2021 01:50:20.0860 A

################################################################################################################################################
Starting Execution:	[143 out of 146] test cases in the current suite
Test Method:		[testPackage01.Test_SelectedValue.multipleSelect]
################################################################################################################################################
[ReportManager] File Action [GetAbsolutePath] successfully performed. With the following test data [Relative Folder Path: "target/downloadedFiles/"]. @27-11-2021 01:50:20.0862 AM
[ReportManager] Attempting to run locally on: [Mac-64], [GoogleChrome], Headless Execution. @27-11-2021 01:50:20.0864 AM
[ReportManager] Identifying OS/Driver combination and selecting the correct driver version automatically. Please note that if a new driver executable will be downloaded it may take some time... @27-11-2021 01:50:20.0864 AM
[ReportManager] Successfully Opened Google Chrome. @27-11-2021 01:50:24.0272 AM
[ReportManager] Initial window size: (1920, 1080) @27-11-2021 01:50:24.0276 AM
[ReportManager] Window size after SWD Maximize: (1920, 1080) @27-11-2021 01:50:24.0470 AM
[ReportManager] Window size after Toolkit: (1920, 1080) @27-11-2021 01:50:24.0904 AM
[ReportManager] Browser Action [MaximizeWindow] successfully performed. With the following test data [New screen size is now: (1920, 1080)]. @27-11-2021 01:50:24.0909 AM
[ReportManager] Target URL: [https://yari-demos.prod.mdn.mozit.cloud/en-US/docs/Web/HTML/Element/select/_sample_.Advanced_select_with_multiple_features.html] @27-11-2021 01:50:24.0909 AM
[ReportManager] Initial URL: [data:,] @27-11-2021 01:50:24.0938 AM
[ReportManager] Browser Action [NavigateToURL] successfully performed. With the following test data [https://yari-demos.prod.mdn.mozit.cloud/en-US/docs/Web/HTML/Element/select/_sample_.Advanced_select_with_multiple_features.html]. @27-11-2021 01:50:25.0285 AM
[ReportManager] Element Action [Select] successfully performed. With the following test data [Dog]. @27-11-2021 01:50:25.0571 AM
[ReportManager] Element Action [Select] successfully performed. With the following test data [Cat]. @27-11-2021 01:50:25.0746 AM
[ReportManager] Element Action [GetSelectedText] successfully performed. With the following test data [DogCat]. @27-11-2021 01:50:25.0850 AM
[ReportManager] DogCat @27-11-2021 01:50:25.0850 AM
[ReportManager] Element Action [GetSelectedText] successfully performed. With the following test data [DogCat]. @27-11-2021 01:50:25.0948 AM
[ReportManager] Loaded Shared OpenCV @27-11-2021 01:50:26.0267 AM
[ReportManager] Assertion [ValidateElementAttribute] PASSED. Expected [Value Should be 'DogCat' for the 'selectedText' attribute, element locator 'By.tagName: select'] and Actual [DogCat]. Comparison Type [EQUALS]. Validation Type [POSITIVE]. @27-11-2021 01:50:26.0426 AM
[ReportManager] Successfully created attachment [Screenshot - 1637977826267_multipleSelect_ValidateElementAttribute_passed] @27-11-2021 01:50:26.0427 AM
[ReportManager] Browser Action [CloseCurrentWindow] successfully performed. @27-11-2021 01:50:26.0576 AM
[ReportManager] Successfully created attachment [Browser Action Test Data - CloseCurrentWindow - Actual Value] @27-11-2021 01:50:26.0577 A

################################################################################################################################################
Starting Execution:	[144 out of 146] test cases in the current suite
Test Method:		[testPackage01.Test_SelectedValue.simpleSelect]
################################################################################################################################################
[ReportManager] File Action [GetAbsolutePath] successfully performed. With the following test data [Relative Folder Path: "target/downloadedFiles/"]. @27-11-2021 01:50:26.0583 AM
[ReportManager] Attempting to run locally on: [Mac-64], [GoogleChrome], Headless Execution. @27-11-2021 01:50:26.0583 AM
[ReportManager] Identifying OS/Driver combination and selecting the correct driver version automatically. Please note that if a new driver executable will be downloaded it may take some time... @27-11-2021 01:50:26.0583 AM
[ReportManager] Successfully Opened Google Chrome. @27-11-2021 01:50:27.0028 AM
[ReportManager] Initial window size: (1920, 1080) @27-11-2021 01:50:27.0032 AM
[ReportManager] Window size after SWD Maximize: (1920, 1080) @27-11-2021 01:50:27.0227 AM
[ReportManager] Window size after Toolkit: (1920, 1080) @27-11-2021 01:50:27.0821 AM
[ReportManager] Browser Action [MaximizeWindow] successfully performed. With the following test data [New screen size is now: (1920, 1080)]. @27-11-2021 01:50:27.0824 AM
[ReportManager] Target URL: [https://yari-demos.prod.mdn.mozit.cloud/en-US/docs/Web/HTML/Element/select/_sample_.Basic_select.html] @27-11-2021 01:50:27.0824 AM
[ReportManager] Initial URL: [data:,] @27-11-2021 01:50:27.0852 AM
[ReportManager] Browser Action [NavigateToURL] successfully performed. With the following test data [https://yari-demos.prod.mdn.mozit.cloud/en-US/docs/Web/HTML/Element/select/_sample_.Basic_select.html]. @27-11-2021 01:50:28.0044 AM
[ReportManager] Element Action [Select] successfully performed. With the following test data [Third Value]. @27-11-2021 01:50:28.0293 AM
[ReportManager] Element Action [GetSelectedText] successfully performed. With the following test data [Third Value]. @27-11-2021 01:50:28.0358 AM
[ReportManager] Third Value @27-11-2021 01:50:28.0358 AM
[ReportManager] Element Action [GetSelectedText] successfully performed. With the following test data [Third Value]. @27-11-2021 01:50:28.0415 AM
[ReportManager] Loaded Shared OpenCV @27-11-2021 01:50:28.0797 AM
[ReportManager] Assertion [ValidateElementAttribute] PASSED. Expected [Value Should be 'Third Value' for the 'selectedText' attribute, element locator 'By.tagName: select'] and Actual [Third Value]. Comparison Type [EQUALS]. Validation Type [POSITIVE]. @27-11-2021 01:50:28.0956 AM
[ReportManager] Successfully created attachment [Screenshot - 1637977828797_simpleSelect_ValidateElementAttribute_passed] @27-11-2021 01:50:28.0957 AM
[ReportManager] Browser Action [CloseCurrentWindow] successfully performed. @27-11-2021 01:50:29.0226 AM
[ReportManager] Successfully created attachment [Browser Action Test Data - CloseCurrentWindow - Actual Value] @27-11-2021 01:50:29.0227 A
[ReportManager] File Action [GetAbsolutePath] successfully performed. With the following test data [Relative Folder Path: "target/downloadedFiles/"]. @27-11-2021 01:50:29.0229 AM
[ReportManager] Attempting to run locally on: [Mac-64], [Safari], Headless Execution. @27-11-2021 01:50:29.0230 AM
[ReportManager] Successfully Opened Safari. @27-11-2021 01:50:30.0045 AM
[ReportManager] Initial window size: (800, 600) @27-11-2021 01:50:30.0066 AM
[ReportManager] Window size after SWD Maximize: (1176, 803) @27-11-2021 01:50:30.0079 AM
[ReportManager] Browser Action [MaximizeWindow] successfully performed. With the following test data [New screen size is now: (1176, 803)]. @27-11-2021 01:50:30.0079 A

################################################################################################################################################
Starting Execution:	[145 out of 146] test cases in the current suite
Test Method:		[testPackage01.Test_dynamicLoading.dynamicLoading_elementIsHidden]
################################################################################################################################################
[ReportManager] Target URL: [https://the-internet.herokuapp.com/dynamic_loading/1] @27-11-2021 01:50:30.0083 AM
[ReportManager] Initial URL: [] @27-11-2021 01:50:30.0134 AM
[ReportManager] Browser Action [NavigateToURL] successfully performed. With the following test data [https://the-internet.herokuapp.com/dynamic_loading/1]. @27-11-2021 01:50:31.0215 AM
[ReportManager] Element Action [Click] successfully performed. With the following test data [By.xpath: //button[text()='Start']]. @27-11-2021 01:50:31.0410 AM
[ReportManager] Element Action [GetText] successfully performed. With the following test data [
    Hello World!
  ]. @27-11-2021 01:50:31.0447 A
[ReportManager] Browser Action [CloseCurrentWindow] successfully performed. @27-11-2021 01:50:31.0848 AM
[ReportManager] Successfully created attachment [Browser Action Test Data - CloseCurrentWindow - Actual Value] @27-11-2021 01:50:31.0848 A
[ReportManager] File Action [GetAbsolutePath] successfully performed. With the following test data [Relative Folder Path: "target/downloadedFiles/"]. @27-11-2021 01:50:31.0850 AM
[ReportManager] Attempting to run locally on: [Mac-64], [Safari], Headless Execution. @27-11-2021 01:50:31.0850 AM
[ReportManager] Successfully Opened Safari. @27-11-2021 01:50:32.0644 AM
[ReportManager] Initial window size: (800, 600) @27-11-2021 01:50:32.0670 AM
[ReportManager] Window size after SWD Maximize: (1176, 803) @27-11-2021 01:50:32.0683 AM
[ReportManager] Browser Action [MaximizeWindow] successfully performed. With the following test data [New screen size is now: (1176, 803)]. @27-11-2021 01:50:32.0683 A

################################################################################################################################################
Starting Execution:	[146 out of 146] test cases in the current suite
Test Method:		[testPackage01.Test_dynamicLoading.dynamicLoading_elementIsRendered]
################################################################################################################################################
[ReportManager] Target URL: [https://the-internet.herokuapp.com/dynamic_loading/2] @27-11-2021 01:50:32.0688 AM
[ReportManager] Initial URL: [] @27-11-2021 01:50:32.0732 AM
[ReportManager] Browser Action [NavigateToURL] successfully performed. With the following test data [https://the-internet.herokuapp.com/dynamic_loading/2]. @27-11-2021 01:50:33.0812 AM
[ReportManager] Element Action [Click] successfully performed. With the following test data [By.xpath: //button[text()='Start']]. @27-11-2021 01:50:34.0030 AM
[ReportManager] Element Action [GetText] successfully performed. With the following test data [Hello World!]. @27-11-2021 01:50:39.0358 AM
[ReportManager] Loaded Shared OpenCV @27-11-2021 01:50:39.0404 AM
[ReportManager] Assertion [ValidateElementAttribute] PASSED. Expected [Value Should be 'Hello World!' for the 'text' attribute, element locator 'By.id: finish'] and Actual [Hello World!]. Comparison Type [CONTAINS]. Validation Type [POSITIVE]. @27-11-2021 01:50:39.0528 AM
[ReportManager] Successfully created attachment [Screenshot - 1637977839404_dynamicLoading_elementIsRendered_ValidateElementAttribute_passed] @27-11-2021 01:50:39.0529 A
[ReportManager] Browser Action [CloseCurrentWindow] successfully performed. @27-11-2021 01:50:39.0918 AM
[ReportManager] Successfully created attachment [Browser Action Test Data - CloseCurrentWindow - Actual Value] @27-11-2021 01:50:39.0918 A
[ReportManager] Successfully created attachment [SHAFT Engine Logs - Execution log] @27-11-2021 01:50:39.0997 AM

################################################################################################################################################
This test run was powered by SHAFT Engine Version: [SHAFT Engine v5.4.20211122-BETA]
SHAFT Engine is licensed under the MIT License: [https://github.com/MohabMohie/SHAFT_ENGINE/blob/master/LICENSE].
################################################################################################################################################