################################################################################################################################################
Detected SHAFT Engine Version: [SHAFT Engine v5.3.20210902]
################################################################################################################################################

################################################################################################################################################
Starting Execution:	[1 out of 144] test cases in the current suite
Test Method:		[unitTests.tests_validations_assertions.assertComparativeRelation_greaterThanOrEquals_false_equals_expectedToFail]
################################################################################################################################################
[ReportManager] Assertion [ValidateComparativeRelation] FAILED. Expected [1] and Actual [1]. Comparison Type [GREATER_THAN_OR_EQUALS]. Validation Type [NEGATIVE]. @28-09-2021 01:53:02.0427 A

################################################################################################################################################
Starting Execution:	[2 out of 144] test cases in the current suite
Test Method:		[unitTests.tests_validations_assertions.assertComparativeRelation_greaterThanOrEquals_false_equals_expectedToPass]
################################################################################################################################################
[ReportManager] Assertion [ValidateComparativeRelation] PASSED. Expected [2] and Actual [1]. Comparison Type [GREATER_THAN_OR_EQUALS]. Validation Type [NEGATIVE]. @28-09-2021 01:53:02.0524 A

################################################################################################################################################
Starting Execution:	[3 out of 144] test cases in the current suite
Test Method:		[unitTests.tests_validations_assertions.assertComparativeRelation_greaterThanOrEquals_false_greaterThan_expectedToFail]
################################################################################################################################################
[ReportManager] Assertion [ValidateComparativeRelation] FAILED. Expected [1] and Actual [2]. Comparison Type [GREATER_THAN_OR_EQUALS]. Validation Type [NEGATIVE]. @28-09-2021 01:53:02.0530 A

################################################################################################################################################
Starting Execution:	[4 out of 144] test cases in the current suite
Test Method:		[unitTests.tests_validations_assertions.assertComparativeRelation_greaterThanOrEquals_false_greaterThan_expectedToPass]
################################################################################################################################################
[ReportManager] Assertion [ValidateComparativeRelation] PASSED. Expected [2] and Actual [1]. Comparison Type [GREATER_THAN_OR_EQUALS]. Validation Type [NEGATIVE]. @28-09-2021 01:53:02.0539 A

################################################################################################################################################
Starting Execution:	[5 out of 144] test cases in the current suite
Test Method:		[unitTests.tests_validations_assertions.assertComparativeRelation_greaterThanOrEquals_true_equals_expectedToFail]
################################################################################################################################################
[ReportManager] Assertion [ValidateComparativeRelation] FAILED. Expected [1] and Actual [0]. Comparison Type [GREATER_THAN_OR_EQUALS]. Validation Type [POSITIVE]. @28-09-2021 01:53:02.0545 A

################################################################################################################################################
Starting Execution:	[6 out of 144] test cases in the current suite
Test Method:		[unitTests.tests_validations_assertions.assertComparativeRelation_greaterThanOrEquals_true_equals_expectedToPass]
################################################################################################################################################
[ReportManager] Assertion [ValidateComparativeRelation] PASSED. Expected [1] and Actual [1]. Comparison Type [GREATER_THAN_OR_EQUALS]. Validation Type [POSITIVE]. @28-09-2021 01:53:02.0549 A

################################################################################################################################################
Starting Execution:	[7 out of 144] test cases in the current suite
Test Method:		[unitTests.tests_validations_assertions.assertComparativeRelation_greaterThanOrEquals_true_greaterThan_expectedToFail]
################################################################################################################################################
[ReportManager] Assertion [ValidateComparativeRelation] FAILED. Expected [2] and Actual [1]. Comparison Type [GREATER_THAN_OR_EQUALS]. Validation Type [POSITIVE]. @28-09-2021 01:53:02.0554 A

################################################################################################################################################
Starting Execution:	[8 out of 144] test cases in the current suite
Test Method:		[unitTests.tests_validations_assertions.assertComparativeRelation_greaterThanOrEquals_true_greaterThan_expectedToPass]
################################################################################################################################################
[ReportManager] Assertion [ValidateComparativeRelation] PASSED. Expected [1] and Actual [2]. Comparison Type [GREATER_THAN_OR_EQUALS]. Validation Type [POSITIVE]. @28-09-2021 01:53:02.0557 A
[ReportManager] File Action [GetAbsolutePath] successfully performed. With the following test data [Relative Folder Path: "target/downloadedFiles/"]. @28-09-2021 01:53:02.0567 AM
[ReportManager] Attempting to run remotely on: [Linux-64], [GoogleChrome], [http://localhost:4444/wd/hub], Headless Execution. @28-09-2021 01:53:02.0591 AM
[ReportManager] Successfully Opened [GoogleChrome]. @28-09-2021 01:53:03.0919 AM
[ReportManager] Target URL: [https://www.google.com/ncr], and after redirection: [www.google.com] @28-09-2021 01:53:03.0964 AM
[ReportManager] Initial URL: [data:,] @28-09-2021 01:53:04.0046 AM
[ReportManager] Browser Action [NavigateToURL] successfully performed. With the following test data [https://www.google.com/ncr]. @28-09-2021 01:53:05.0232 A

################################################################################################################################################
Starting Execution:	[9 out of 144] test cases in the current suite
Test Method:		[unitTests.tests_validations_assertions.assertElementAttribute_false_caseInsensitiveComparison_expectedToFail]
################################################################################################################################################
[ReportManager] Element Action [Type] successfully performed. With the following test data [AUTOMATION]. @28-09-2021 01:53:05.0708 AM
[ReportManager] Element Action [GetText] successfully performed. With the following test data [AUTOMATION]. @28-09-2021 01:53:05.0861 AM
[ReportManager] Loaded Shared OpenCV @28-09-2021 01:53:06.0588 AM
[ReportManager] Assertion [ValidateElementAttribute] FAILED. Expected [Value Should not be 'AutomaTion' for the 'text' attribute, element locator 'By.name: q'] and Actual [AUTOMATION]. Comparison Type [CASE_INSENSITIVE]. Validation Type [NEGATIVE]. @28-09-2021 01:53:06.0853 AM
[ReportManager] Successfully created attachment [Screenshot - 1632793986137_assertElementAttribute_false_caseInsensitiveComparison_expectedToFail_ValidateElementAttribute_failed] @28-09-2021 01:53:06.0870 A
[ReportManager] Browser Action [CloseCurrentWindow] successfully performed. @28-09-2021 01:53:07.0041 AM
[ReportManager] Successfully created attachment [Browser Action Test Data - CloseCurrentWindow - Actual Value] @28-09-2021 01:53:07.0045 A
[ReportManager] File Action [GetAbsolutePath] successfully performed. With the following test data [Relative Folder Path: "target/downloadedFiles/"]. @28-09-2021 01:53:07.0060 AM
[ReportManager] Attempting to run remotely on: [Linux-64], [GoogleChrome], [http://localhost:4444/wd/hub], Headless Execution. @28-09-2021 01:53:07.0061 AM
[ReportManager] Successfully Opened [GoogleChrome]. @28-09-2021 01:53:07.0401 AM
[ReportManager] Target URL: [https://www.google.com/ncr], and after redirection: [www.google.com] @28-09-2021 01:53:07.0418 AM
[ReportManager] Initial URL: [data:,] @28-09-2021 01:53:07.0472 AM
[ReportManager] Browser Action [NavigateToURL] successfully performed. With the following test data [https://www.google.com/ncr]. @28-09-2021 01:53:08.0371 A

################################################################################################################################################
Starting Execution:	[10 out of 144] test cases in the current suite
Test Method:		[unitTests.tests_validations_assertions.assertElementAttribute_false_caseInsensitiveComparison_expectedToPass]
################################################################################################################################################
[ReportManager] Element Action [Type] successfully performed. With the following test data [AUTOMATION]. @28-09-2021 01:53:08.0775 AM
[ReportManager] Element Action [GetText] successfully performed. With the following test data [AUTOMATION]. @28-09-2021 01:53:08.0911 AM
[ReportManager] Loaded Shared OpenCV @28-09-2021 01:53:09.0072 AM
[ReportManager] Assertion [ValidateElementAttribute] PASSED. Expected [Value Should not be 'AutomaTion123' for the 'text' attribute, element locator 'By.name: q'] and Actual [AUTOMATION]. Comparison Type [CASE_INSENSITIVE]. Validation Type [NEGATIVE]. @28-09-2021 01:53:09.0187 AM
[ReportManager] Successfully created attachment [Screenshot - 1632793989072_assertElementAttribute_false_caseInsensitiveComparison_expectedToPass_ValidateElementAttribute_passed] @28-09-2021 01:53:09.0190 A
[ReportManager] Browser Action [CloseCurrentWindow] successfully performed. @28-09-2021 01:53:09.0343 AM
[ReportManager] Successfully created attachment [Browser Action Test Data - CloseCurrentWindow - Actual Value] @28-09-2021 01:53:09.0349 A
[ReportManager] File Action [GetAbsolutePath] successfully performed. With the following test data [Relative Folder Path: "target/downloadedFiles/"]. @28-09-2021 01:53:09.0362 AM
[ReportManager] Attempting to run remotely on: [Linux-64], [GoogleChrome], [http://localhost:4444/wd/hub], Headless Execution. @28-09-2021 01:53:09.0362 AM
[ReportManager] Successfully Opened [GoogleChrome]. @28-09-2021 01:53:09.0582 AM
[ReportManager] Target URL: [https://www.google.com/ncr], and after redirection: [www.google.com] @28-09-2021 01:53:09.0597 AM
[ReportManager] Initial URL: [data:,] @28-09-2021 01:53:09.0668 AM
[ReportManager] Browser Action [NavigateToURL] successfully performed. With the following test data [https://www.google.com/ncr]. @28-09-2021 01:53:10.0438 A

################################################################################################################################################
Starting Execution:	[11 out of 144] test cases in the current suite
Test Method:		[unitTests.tests_validations_assertions.assertElementAttribute_false_containsComparison_expectedToFail]
################################################################################################################################################
[ReportManager] Element Action [Type] successfully performed. With the following test data [Automation123]. @28-09-2021 01:53:10.0806 AM
[ReportManager] Element Action [GetText] successfully performed. With the following test data [Automation123]. @28-09-2021 01:53:10.0928 AM
[ReportManager] Loaded Shared OpenCV @28-09-2021 01:53:11.0087 AM
[ReportManager] Assertion [ValidateElementAttribute] FAILED. Expected [Value Should not be 'Automation' for the 'text' attribute, element locator 'By.name: q'] and Actual [Automation123]. Comparison Type [CONTAINS]. Validation Type [NEGATIVE]. @28-09-2021 01:53:11.0162 AM
[ReportManager] Successfully created attachment [Screenshot - 1632793991087_assertElementAttribute_false_containsComparison_expectedToFail_ValidateElementAttribute_failed] @28-09-2021 01:53:11.0163 A
[ReportManager] Browser Action [CloseCurrentWindow] successfully performed. @28-09-2021 01:53:11.0312 AM
[ReportManager] Successfully created attachment [Browser Action Test Data - CloseCurrentWindow - Actual Value] @28-09-2021 01:53:11.0318 A
[ReportManager] File Action [GetAbsolutePath] successfully performed. With the following test data [Relative Folder Path: "target/downloadedFiles/"]. @28-09-2021 01:53:11.0323 AM
[ReportManager] Attempting to run remotely on: [Linux-64], [GoogleChrome], [http://localhost:4444/wd/hub], Headless Execution. @28-09-2021 01:53:11.0323 AM
[ReportManager] Successfully Opened [GoogleChrome]. @28-09-2021 01:53:11.0519 AM
[ReportManager] Target URL: [https://www.google.com/ncr], and after redirection: [www.google.com] @28-09-2021 01:53:11.0534 AM
[ReportManager] Initial URL: [data:,] @28-09-2021 01:53:11.0595 AM
[ReportManager] Browser Action [NavigateToURL] successfully performed. With the following test data [https://www.google.com/ncr]. @28-09-2021 01:53:12.0352 A

################################################################################################################################################
Starting Execution:	[12 out of 144] test cases in the current suite
Test Method:		[unitTests.tests_validations_assertions.assertElementAttribute_false_containsComparison_expectedToPass]
################################################################################################################################################
[ReportManager] Element Action [Type] successfully performed. With the following test data [Automation123]. @28-09-2021 01:53:12.0730 AM
[ReportManager] Element Action [GetText] successfully performed. With the following test data [Automation123]. @28-09-2021 01:53:12.0840 AM
[ReportManager] Loaded Shared OpenCV @28-09-2021 01:53:13.0000 AM
[ReportManager] Assertion [ValidateElementAttribute] PASSED. Expected [Value Should not be 'Automation1234' for the 'text' attribute, element locator 'By.name: q'] and Actual [Automation123]. Comparison Type [CONTAINS]. Validation Type [NEGATIVE]. @28-09-2021 01:53:13.0068 AM
[ReportManager] Successfully created attachment [Screenshot - 1632793993000_assertElementAttribute_false_containsComparison_expectedToPass_ValidateElementAttribute_passed] @28-09-2021 01:53:13.0069 A
[ReportManager] Browser Action [CloseCurrentWindow] successfully performed. @28-09-2021 01:53:13.0212 AM
[ReportManager] Successfully created attachment [Browser Action Test Data - CloseCurrentWindow - Actual Value] @28-09-2021 01:53:13.0218 A
[ReportManager] File Action [GetAbsolutePath] successfully performed. With the following test data [Relative Folder Path: "target/downloadedFiles/"]. @28-09-2021 01:53:13.0223 AM
[ReportManager] Attempting to run remotely on: [Linux-64], [GoogleChrome], [http://localhost:4444/wd/hub], Headless Execution. @28-09-2021 01:53:13.0224 AM
[ReportManager] Successfully Opened [GoogleChrome]. @28-09-2021 01:53:13.0444 AM
[ReportManager] Target URL: [https://www.google.com/ncr], and after redirection: [www.google.com] @28-09-2021 01:53:13.0467 AM
[ReportManager] Initial URL: [data:,] @28-09-2021 01:53:13.0518 AM
[ReportManager] Browser Action [NavigateToURL] successfully performed. With the following test data [https://www.google.com/ncr]. @28-09-2021 01:53:14.0251 A

################################################################################################################################################
Starting Execution:	[13 out of 144] test cases in the current suite
Test Method:		[unitTests.tests_validations_assertions.assertElementAttribute_false_literalComparison_expectedToFail]
################################################################################################################################################
[ReportManager] Element Action [Type] successfully performed. With the following test data [Automation!@#$%^&*()_+{}[]\';/.,]. @28-09-2021 01:53:14.0716 AM
[ReportManager] Element Action [GetText] successfully performed. With the following test data [Automation!@#$%^&*()_+{}[]\';/.,]. @28-09-2021 01:53:14.0833 AM
[ReportManager] Loaded Shared OpenCV @28-09-2021 01:53:15.0007 AM
[ReportManager] Assertion [ValidateElementAttribute] PASSED. Expected [Value Should not be 'Automation!@#$%^&*()_+{}[]\\';/.,' for the 'text' attribute, element locator 'By.name: q'] and Actual [Automation!@#$%^&*()_+{}[]\';/.,]. Comparison Type [EQUALS]. Validation Type [NEGATIVE]. @28-09-2021 01:53:15.0079 AM
[ReportManager] Successfully created attachment [Screenshot - 1632793995007_assertElementAttribute_false_literalComparison_expectedToFail_ValidateElementAttribute_passed] @28-09-2021 01:53:15.0080 A
[ReportManager] Browser Action [CloseCurrentWindow] successfully performed. @28-09-2021 01:53:15.0214 AM
[ReportManager] Successfully created attachment [Browser Action Test Data - CloseCurrentWindow - Actual Value] @28-09-2021 01:53:15.0215 A
[ReportManager] File Action [GetAbsolutePath] successfully performed. With the following test data [Relative Folder Path: "target/downloadedFiles/"]. @28-09-2021 01:53:15.0223 AM
[ReportManager] Attempting to run remotely on: [Linux-64], [GoogleChrome], [http://localhost:4444/wd/hub], Headless Execution. @28-09-2021 01:53:15.0223 AM
[ReportManager] Successfully Opened [GoogleChrome]. @28-09-2021 01:53:15.0445 AM
[ReportManager] Target URL: [https://www.google.com/ncr], and after redirection: [www.google.com] @28-09-2021 01:53:15.0462 AM
[ReportManager] Initial URL: [data:,] @28-09-2021 01:53:15.0528 AM
[ReportManager] Browser Action [NavigateToURL] successfully performed. With the following test data [https://www.google.com/ncr]. @28-09-2021 01:53:16.0281 A

################################################################################################################################################
Starting Execution:	[14 out of 144] test cases in the current suite
Test Method:		[unitTests.tests_validations_assertions.assertElementAttribute_false_literalComparison_expectedToPass]
################################################################################################################################################
[ReportManager] Element Action [Type] successfully performed. With the following test data [Automation!@#$%^&*()_+{}[]\';/.,]. @28-09-2021 01:53:16.0693 AM
[ReportManager] Element Action [GetText] successfully performed. With the following test data [Automation!@#$%^&*()_+{}[]\';/.,]. @28-09-2021 01:53:16.0798 AM
[ReportManager] Loaded Shared OpenCV @28-09-2021 01:53:16.0967 AM
[ReportManager] Assertion [ValidateElementAttribute] PASSED. Expected [Value Should not be 'Automation' for the 'text' attribute, element locator 'By.name: q'] and Actual [Automation!@#$%^&*()_+{}[]\';/.,]. Comparison Type [EQUALS]. Validation Type [NEGATIVE]. @28-09-2021 01:53:17.0038 AM
[ReportManager] Successfully created attachment [Screenshot - 1632793996967_assertElementAttribute_false_literalComparison_expectedToPass_ValidateElementAttribute_passed] @28-09-2021 01:53:17.0040 A
[ReportManager] Browser Action [CloseCurrentWindow] successfully performed. @28-09-2021 01:53:17.0161 AM
[ReportManager] Successfully created attachment [Browser Action Test Data - CloseCurrentWindow - Actual Value] @28-09-2021 01:53:17.0162 A
[ReportManager] File Action [GetAbsolutePath] successfully performed. With the following test data [Relative Folder Path: "target/downloadedFiles/"]. @28-09-2021 01:53:17.0165 AM
[ReportManager] Attempting to run remotely on: [Linux-64], [GoogleChrome], [http://localhost:4444/wd/hub], Headless Execution. @28-09-2021 01:53:17.0165 AM
[ReportManager] Successfully Opened [GoogleChrome]. @28-09-2021 01:53:17.0393 AM
[ReportManager] Target URL: [https://www.google.com/ncr], and after redirection: [www.google.com] @28-09-2021 01:53:17.0417 AM
[ReportManager] Initial URL: [data:,] @28-09-2021 01:53:17.0460 AM
[ReportManager] Browser Action [NavigateToURL] successfully performed. With the following test data [https://www.google.com/ncr]. @28-09-2021 01:53:18.0233 A

################################################################################################################################################
Starting Execution:	[15 out of 144] test cases in the current suite
Test Method:		[unitTests.tests_validations_assertions.assertElementAttribute_false_regexComparison_expectedToFail]
################################################################################################################################################
[ReportManager] Element Action [Type] successfully performed. With the following test data [Automation123]. @28-09-2021 01:53:18.0551 AM
[ReportManager] Element Action [GetText] successfully performed. With the following test data [Automation123]. @28-09-2021 01:53:18.0646 AM
[ReportManager] Loaded Shared OpenCV @28-09-2021 01:53:18.0777 AM
[ReportManager] Assertion [ValidateElementAttribute] FAILED. Expected [Value Should not be 'Automation.*' for the 'text' attribute, element locator 'By.name: q'] and Actual [Automation123]. Comparison Type [MATCHES]. Validation Type [NEGATIVE]. @28-09-2021 01:53:18.0845 AM
[ReportManager] Successfully created attachment [Screenshot - 1632793998777_assertElementAttribute_false_regexComparison_expectedToFail_ValidateElementAttribute_failed] @28-09-2021 01:53:18.0846 A
[ReportManager] Browser Action [CloseCurrentWindow] successfully performed. @28-09-2021 01:53:18.0971 AM
[ReportManager] Successfully created attachment [Browser Action Test Data - CloseCurrentWindow - Actual Value] @28-09-2021 01:53:18.0972 A
[ReportManager] File Action [GetAbsolutePath] successfully performed. With the following test data [Relative Folder Path: "target/downloadedFiles/"]. @28-09-2021 01:53:18.0976 AM
[ReportManager] Attempting to run remotely on: [Linux-64], [GoogleChrome], [http://localhost:4444/wd/hub], Headless Execution. @28-09-2021 01:53:18.0976 AM
[ReportManager] Successfully Opened [GoogleChrome]. @28-09-2021 01:53:19.0161 AM
[ReportManager] Target URL: [https://www.google.com/ncr], and after redirection: [www.google.com] @28-09-2021 01:53:19.0172 AM
[ReportManager] Initial URL: [data:,] @28-09-2021 01:53:19.0212 AM
[ReportManager] Browser Action [NavigateToURL] successfully performed. With the following test data [https://www.google.com/ncr]. @28-09-2021 01:53:19.0945 A

################################################################################################################################################
Starting Execution:	[16 out of 144] test cases in the current suite
Test Method:		[unitTests.tests_validations_assertions.assertElementAttribute_false_regexComparison_expectedToPass]
################################################################################################################################################
[ReportManager] Element Action [Type] successfully performed. With the following test data [Automation123]. @28-09-2021 01:53:20.0249 AM
[ReportManager] Element Action [GetText] successfully performed. With the following test data [Automation123]. @28-09-2021 01:53:20.0362 AM
[ReportManager] Loaded Shared OpenCV @28-09-2021 01:53:20.0513 AM
[ReportManager] Assertion [ValidateElementAttribute] PASSED. Expected [Value Should not be 'Automation' for the 'text' attribute, element locator 'By.name: q'] and Actual [Automation123]. Comparison Type [MATCHES]. Validation Type [NEGATIVE]. @28-09-2021 01:53:20.0580 AM
[ReportManager] Successfully created attachment [Screenshot - 1632794000513_assertElementAttribute_false_regexComparison_expectedToPass_ValidateElementAttribute_passed] @28-09-2021 01:53:20.0581 A
[ReportManager] Browser Action [CloseCurrentWindow] successfully performed. @28-09-2021 01:53:20.0724 AM
[ReportManager] Successfully created attachment [Browser Action Test Data - CloseCurrentWindow - Actual Value] @28-09-2021 01:53:20.0726 A
[ReportManager] File Action [GetAbsolutePath] successfully performed. With the following test data [Relative Folder Path: "target/downloadedFiles/"]. @28-09-2021 01:53:20.0732 AM
[ReportManager] Attempting to run remotely on: [Linux-64], [GoogleChrome], [http://localhost:4444/wd/hub], Headless Execution. @28-09-2021 01:53:20.0732 AM
[ReportManager] Successfully Opened [GoogleChrome]. @28-09-2021 01:53:20.0920 AM
[ReportManager] Target URL: [https://www.google.com/ncr], and after redirection: [www.google.com] @28-09-2021 01:53:20.0936 AM
[ReportManager] Initial URL: [data:,] @28-09-2021 01:53:20.0976 AM
[ReportManager] Browser Action [NavigateToURL] successfully performed. With the following test data [https://www.google.com/ncr]. @28-09-2021 01:53:21.0712 A

################################################################################################################################################
Starting Execution:	[17 out of 144] test cases in the current suite
Test Method:		[unitTests.tests_validations_assertions.assertElementAttribute_true_caseInsensitiveComparison_expectedToFail]
################################################################################################################################################
[ReportManager] Element Action [Type] successfully performed. With the following test data [AUTOMATION]. @28-09-2021 01:53:22.0048 AM
[ReportManager] Element Action [GetText] successfully performed. With the following test data [AUTOMATION]. @28-09-2021 01:53:22.0141 AM
[ReportManager] Loaded Shared OpenCV @28-09-2021 01:53:22.0321 AM
[ReportManager] Assertion [ValidateElementAttribute] FAILED. Expected [Value Should be 'AutomaTion123' for the 'text' attribute, element locator 'By.name: q'] and Actual [AUTOMATION]. Comparison Type [CASE_INSENSITIVE]. Validation Type [POSITIVE]. @28-09-2021 01:53:22.0392 AM
[ReportManager] Successfully created attachment [Screenshot - 1632794002321_assertElementAttribute_true_caseInsensitiveComparison_expectedToFail_ValidateElementAttribute_failed] @28-09-2021 01:53:22.0393 A
[ReportManager] Browser Action [CloseCurrentWindow] successfully performed. @28-09-2021 01:53:22.0518 AM
[ReportManager] Successfully created attachment [Browser Action Test Data - CloseCurrentWindow - Actual Value] @28-09-2021 01:53:22.0520 A
[ReportManager] File Action [GetAbsolutePath] successfully performed. With the following test data [Relative Folder Path: "target/downloadedFiles/"]. @28-09-2021 01:53:22.0523 AM
[ReportManager] Attempting to run remotely on: [Linux-64], [GoogleChrome], [http://localhost:4444/wd/hub], Headless Execution. @28-09-2021 01:53:22.0523 AM
[ReportManager] Successfully Opened [GoogleChrome]. @28-09-2021 01:53:22.0733 AM
[ReportManager] Target URL: [https://www.google.com/ncr], and after redirection: [www.google.com] @28-09-2021 01:53:22.0745 AM
[ReportManager] Initial URL: [data:,] @28-09-2021 01:53:22.0789 AM
[ReportManager] Browser Action [NavigateToURL] successfully performed. With the following test data [https://www.google.com/ncr]. @28-09-2021 01:53:23.0505 A

################################################################################################################################################
Starting Execution:	[18 out of 144] test cases in the current suite
Test Method:		[unitTests.tests_validations_assertions.assertElementAttribute_true_caseInsensitiveComparison_expectedToPass]
################################################################################################################################################
[ReportManager] Element Action [Type] successfully performed. With the following test data [AUTOMATION]. @28-09-2021 01:53:23.0857 AM
[ReportManager] Element Action [GetText] successfully performed. With the following test data [AUTOMATION]. @28-09-2021 01:53:23.0940 AM
[ReportManager] Loaded Shared OpenCV @28-09-2021 01:53:24.0106 AM
[ReportManager] Assertion [ValidateElementAttribute] PASSED. Expected [Value Should be 'AutomaTion' for the 'text' attribute, element locator 'By.name: q'] and Actual [AUTOMATION]. Comparison Type [CASE_INSENSITIVE]. Validation Type [POSITIVE]. @28-09-2021 01:53:24.0173 AM
[ReportManager] Successfully created attachment [Screenshot - 1632794004106_assertElementAttribute_true_caseInsensitiveComparison_expectedToPass_ValidateElementAttribute_passed] @28-09-2021 01:53:24.0174 A
[ReportManager] Browser Action [CloseCurrentWindow] successfully performed. @28-09-2021 01:53:24.0302 AM
[ReportManager] Successfully created attachment [Browser Action Test Data - CloseCurrentWindow - Actual Value] @28-09-2021 01:53:24.0303 A
[ReportManager] File Action [GetAbsolutePath] successfully performed. With the following test data [Relative Folder Path: "target/downloadedFiles/"]. @28-09-2021 01:53:24.0305 AM
[ReportManager] Attempting to run remotely on: [Linux-64], [GoogleChrome], [http://localhost:4444/wd/hub], Headless Execution. @28-09-2021 01:53:24.0306 AM
[ReportManager] Successfully Opened [GoogleChrome]. @28-09-2021 01:53:24.0497 AM
[ReportManager] Target URL: [https://www.google.com/ncr], and after redirection: [www.google.com] @28-09-2021 01:53:24.0509 AM
[ReportManager] Initial URL: [data:,] @28-09-2021 01:53:24.0549 AM
[ReportManager] Browser Action [NavigateToURL] successfully performed. With the following test data [https://www.google.com/ncr]. @28-09-2021 01:53:25.0262 A

################################################################################################################################################
Starting Execution:	[19 out of 144] test cases in the current suite
Test Method:		[unitTests.tests_validations_assertions.assertElementAttribute_true_containsComparison_expectedToFail]
################################################################################################################################################
[ReportManager] Element Action [Type] successfully performed. With the following test data [Automation123]. @28-09-2021 01:53:25.0554 AM
[ReportManager] Element Action [GetText] successfully performed. With the following test data [Automation123]. @28-09-2021 01:53:25.0656 AM
[ReportManager] Loaded Shared OpenCV @28-09-2021 01:53:25.0805 AM
[ReportManager] Assertion [ValidateElementAttribute] FAILED. Expected [Value Should be 'Automation1234' for the 'text' attribute, element locator 'By.name: q'] and Actual [Automation123]. Comparison Type [CONTAINS]. Validation Type [POSITIVE]. @28-09-2021 01:53:25.0899 AM
[ReportManager] Successfully created attachment [Screenshot - 1632794005804_assertElementAttribute_true_containsComparison_expectedToFail_ValidateElementAttribute_failed] @28-09-2021 01:53:25.0900 A
[ReportManager] Browser Action [CloseCurrentWindow] successfully performed. @28-09-2021 01:53:26.0026 AM
[ReportManager] Successfully created attachment [Browser Action Test Data - CloseCurrentWindow - Actual Value] @28-09-2021 01:53:26.0027 A
[ReportManager] File Action [GetAbsolutePath] successfully performed. With the following test data [Relative Folder Path: "target/downloadedFiles/"]. @28-09-2021 01:53:26.0030 AM
[ReportManager] Attempting to run remotely on: [Linux-64], [GoogleChrome], [http://localhost:4444/wd/hub], Headless Execution. @28-09-2021 01:53:26.0031 AM
[ReportManager] Successfully Opened [GoogleChrome]. @28-09-2021 01:53:26.0238 AM
[ReportManager] Target URL: [https://www.google.com/ncr], and after redirection: [www.google.com] @28-09-2021 01:53:26.0252 AM
[ReportManager] Initial URL: [data:,] @28-09-2021 01:53:26.0294 AM
[ReportManager] Browser Action [NavigateToURL] successfully performed. With the following test data [https://www.google.com/ncr]. @28-09-2021 01:53:27.0235 A

################################################################################################################################################
Starting Execution:	[20 out of 144] test cases in the current suite
Test Method:		[unitTests.tests_validations_assertions.assertElementAttribute_true_containsComparison_expectedToPass]
################################################################################################################################################
[ReportManager] Element Action [Type] successfully performed. With the following test data [Automation123]. @28-09-2021 01:53:27.0601 AM
[ReportManager] Element Action [GetText] successfully performed. With the following test data [Automation123]. @28-09-2021 01:53:27.0699 AM
[ReportManager] Loaded Shared OpenCV @28-09-2021 01:53:27.0829 AM
[ReportManager] Assertion [ValidateElementAttribute] PASSED. Expected [Value Should be 'Automation' for the 'text' attribute, element locator 'By.name: q'] and Actual [Automation123]. Comparison Type [CONTAINS]. Validation Type [POSITIVE]. @28-09-2021 01:53:27.0904 AM
[ReportManager] Successfully created attachment [Screenshot - 1632794007829_assertElementAttribute_true_containsComparison_expectedToPass_ValidateElementAttribute_passed] @28-09-2021 01:53:27.0905 A
[ReportManager] Browser Action [CloseCurrentWindow] successfully performed. @28-09-2021 01:53:28.0028 AM
[ReportManager] Successfully created attachment [Browser Action Test Data - CloseCurrentWindow - Actual Value] @28-09-2021 01:53:28.0029 A
[ReportManager] File Action [GetAbsolutePath] successfully performed. With the following test data [Relative Folder Path: "target/downloadedFiles/"]. @28-09-2021 01:53:28.0032 AM
[ReportManager] Attempting to run remotely on: [Linux-64], [GoogleChrome], [http://localhost:4444/wd/hub], Headless Execution. @28-09-2021 01:53:28.0032 AM
[ReportManager] Successfully Opened [GoogleChrome]. @28-09-2021 01:53:28.0282 AM
[ReportManager] Target URL: [https://www.google.com/ncr], and after redirection: [www.google.com] @28-09-2021 01:53:28.0295 AM
[ReportManager] Initial URL: [data:,] @28-09-2021 01:53:28.0334 AM
[ReportManager] Browser Action [NavigateToURL] successfully performed. With the following test data [https://www.google.com/ncr]. @28-09-2021 01:53:31.0249 A

################################################################################################################################################
Starting Execution:	[21 out of 144] test cases in the current suite
Test Method:		[unitTests.tests_validations_assertions.assertElementAttribute_true_literalComparison_expectedToFail]
################################################################################################################################################
[ReportManager] Element Action [Type] successfully performed. With the following test data [Automation!@#$%^&*()_+{}[]\';/.,]. @28-09-2021 01:53:31.0690 AM
[ReportManager] Element Action [GetText] successfully performed. With the following test data [Automation!@#$%^&*()_+{}[]\';/.,]. @28-09-2021 01:53:31.0801 AM
[ReportManager] Loaded Shared OpenCV @28-09-2021 01:53:31.0948 AM
[ReportManager] Assertion [ValidateElementAttribute] FAILED. Expected [Value Should be 'Automation' for the 'text' attribute, element locator 'By.name: q'] and Actual [Automation!@#$%^&*()_+{}[]\';/.,]. Comparison Type [EQUALS]. Validation Type [POSITIVE]. @28-09-2021 01:53:32.0021 AM
[ReportManager] Successfully created attachment [Screenshot - 1632794011948_assertElementAttribute_true_literalComparison_expectedToFail_ValidateElementAttribute_failed] @28-09-2021 01:53:32.0022 A
[ReportManager] Browser Action [CloseCurrentWindow] successfully performed. @28-09-2021 01:53:32.0162 AM
[ReportManager] Successfully created attachment [Browser Action Test Data - CloseCurrentWindow - Actual Value] @28-09-2021 01:53:32.0163 A
[ReportManager] File Action [GetAbsolutePath] successfully performed. With the following test data [Relative Folder Path: "target/downloadedFiles/"]. @28-09-2021 01:53:32.0167 AM
[ReportManager] Attempting to run remotely on: [Linux-64], [GoogleChrome], [http://localhost:4444/wd/hub], Headless Execution. @28-09-2021 01:53:32.0167 AM
[ReportManager] Successfully Opened [GoogleChrome]. @28-09-2021 01:53:32.0350 AM
[ReportManager] Target URL: [https://www.google.com/ncr], and after redirection: [www.google.com] @28-09-2021 01:53:32.0364 AM
[ReportManager] Initial URL: [data:,] @28-09-2021 01:53:32.0402 AM
[ReportManager] Browser Action [NavigateToURL] successfully performed. With the following test data [https://www.google.com/ncr]. @28-09-2021 01:53:33.0143 A

################################################################################################################################################
Starting Execution:	[22 out of 144] test cases in the current suite
Test Method:		[unitTests.tests_validations_assertions.assertElementAttribute_true_literalComparison_expectedToPass]
################################################################################################################################################
[ReportManager] Element Action [Type] successfully performed. With the following test data [Automation!@#$%^&*()_+{}[]\';/.,]. @28-09-2021 01:53:33.0529 AM
[ReportManager] Element Action [GetText] successfully performed. With the following test data [Automation!@#$%^&*()_+{}[]\';/.,]. @28-09-2021 01:53:33.0625 AM
[ReportManager] Loaded Shared OpenCV @28-09-2021 01:53:33.0785 AM
[ReportManager] Assertion [ValidateElementAttribute] PASSED. Expected [Value Should be 'Automation!@#$%^&*()_+{}[]\';/.,' for the 'text' attribute, element locator 'By.name: q'] and Actual [Automation!@#$%^&*()_+{}[]\';/.,]. Comparison Type [EQUALS]. Validation Type [POSITIVE]. @28-09-2021 01:53:33.0855 AM
[ReportManager] Successfully created attachment [Screenshot - 1632794013785_assertElementAttribute_true_literalComparison_expectedToPass_ValidateElementAttribute_passed] @28-09-2021 01:53:33.0856 A
[ReportManager] Browser Action [CloseCurrentWindow] successfully performed. @28-09-2021 01:53:33.0973 AM
[ReportManager] Successfully created attachment [Browser Action Test Data - CloseCurrentWindow - Actual Value] @28-09-2021 01:53:33.0976 A
[ReportManager] File Action [GetAbsolutePath] successfully performed. With the following test data [Relative Folder Path: "target/downloadedFiles/"]. @28-09-2021 01:53:33.0980 AM
[ReportManager] Attempting to run remotely on: [Linux-64], [GoogleChrome], [http://localhost:4444/wd/hub], Headless Execution. @28-09-2021 01:53:33.0980 AM
[ReportManager] Successfully Opened [GoogleChrome]. @28-09-2021 01:53:34.0158 AM
[ReportManager] Target URL: [https://www.google.com/ncr], and after redirection: [www.google.com] @28-09-2021 01:53:34.0169 AM
[ReportManager] Initial URL: [data:,] @28-09-2021 01:53:34.0210 AM
[ReportManager] Browser Action [NavigateToURL] successfully performed. With the following test data [https://www.google.com/ncr]. @28-09-2021 01:53:34.0906 A

################################################################################################################################################
Starting Execution:	[23 out of 144] test cases in the current suite
Test Method:		[unitTests.tests_validations_assertions.assertElementAttribute_true_regexComparison_expectedToFail]
################################################################################################################################################
[ReportManager] Element Action [Type] successfully performed. With the following test data [Automation123]. @28-09-2021 01:53:35.0206 AM
[ReportManager] Element Action [GetText] successfully performed. With the following test data [Automation123]. @28-09-2021 01:53:35.0290 AM
[ReportManager] Loaded Shared OpenCV @28-09-2021 01:53:35.0443 AM
[ReportManager] Assertion [ValidateElementAttribute] FAILED. Expected [Value Should be 'Automation' for the 'text' attribute, element locator 'By.name: q'] and Actual [Automation123]. Comparison Type [MATCHES]. Validation Type [POSITIVE]. @28-09-2021 01:53:35.0507 AM
[ReportManager] Successfully created attachment [Screenshot - 1632794015443_assertElementAttribute_true_regexComparison_expectedToFail_ValidateElementAttribute_failed] @28-09-2021 01:53:35.0508 A
[ReportManager] Browser Action [CloseCurrentWindow] successfully performed. @28-09-2021 01:53:35.0625 AM
[ReportManager] Successfully created attachment [Browser Action Test Data - CloseCurrentWindow - Actual Value] @28-09-2021 01:53:35.0627 A
[ReportManager] File Action [GetAbsolutePath] successfully performed. With the following test data [Relative Folder Path: "target/downloadedFiles/"]. @28-09-2021 01:53:35.0631 AM
[ReportManager] Attempting to run remotely on: [Linux-64], [GoogleChrome], [http://localhost:4444/wd/hub], Headless Execution. @28-09-2021 01:53:35.0632 AM
[ReportManager] Successfully Opened [GoogleChrome]. @28-09-2021 01:53:35.0815 AM
[ReportManager] Target URL: [https://www.google.com/ncr], and after redirection: [www.google.com] @28-09-2021 01:53:35.0826 AM
[ReportManager] Initial URL: [data:,] @28-09-2021 01:53:35.0869 AM
[ReportManager] Browser Action [NavigateToURL] successfully performed. With the following test data [https://www.google.com/ncr]. @28-09-2021 01:53:36.0587 A

################################################################################################################################################
Starting Execution:	[24 out of 144] test cases in the current suite
Test Method:		[unitTests.tests_validations_assertions.assertElementAttribute_true_regexComparison_expectedToPass]
################################################################################################################################################
[ReportManager] Element Action [Type] successfully performed. With the following test data [Automation123]. @28-09-2021 01:53:36.0913 AM
[ReportManager] Element Action [GetText] successfully performed. With the following test data [Automation123]. @28-09-2021 01:53:37.0018 AM
[ReportManager] Loaded Shared OpenCV @28-09-2021 01:53:37.0158 AM
[ReportManager] Assertion [ValidateElementAttribute] PASSED. Expected [Value Should be 'Automation.*' for the 'text' attribute, element locator 'By.name: q'] and Actual [Automation123]. Comparison Type [MATCHES]. Validation Type [POSITIVE]. @28-09-2021 01:53:37.0224 AM
[ReportManager] Successfully created attachment [Screenshot - 1632794017158_assertElementAttribute_true_regexComparison_expectedToPass_ValidateElementAttribute_passed] @28-09-2021 01:53:37.0225 A
[ReportManager] Browser Action [CloseCurrentWindow] successfully performed. @28-09-2021 01:53:37.0349 AM
[ReportManager] Successfully created attachment [Browser Action Test Data - CloseCurrentWindow - Actual Value] @28-09-2021 01:53:37.0350 A
[ReportManager] File Action [GetAbsolutePath] successfully performed. With the following test data [Relative Folder Path: "target/downloadedFiles/"]. @28-09-2021 01:53:37.0352 AM
[ReportManager] Attempting to run remotely on: [Linux-64], [GoogleChrome], [http://localhost:4444/wd/hub], Headless Execution. @28-09-2021 01:53:37.0352 AM
[ReportManager] Successfully Opened [GoogleChrome]. @28-09-2021 01:53:37.0528 AM
[ReportManager] Target URL: [https://www.google.com/ncr], and after redirection: [www.google.com] @28-09-2021 01:53:37.0552 AM
[ReportManager] Initial URL: [data:,] @28-09-2021 01:53:37.0610 AM
[ReportManager] Browser Action [NavigateToURL] successfully performed. With the following test data [https://www.google.com/ncr]. @28-09-2021 01:53:38.0333 A

################################################################################################################################################
Starting Execution:	[25 out of 144] test cases in the current suite
Test Method:		[unitTests.tests_validations_assertions.assertElementAttribute_type_true_literalComparison_expectedToPass]
################################################################################################################################################
[ReportManager] Element Action [Type] successfully performed. With the following test data [Automation!@#$%^&*()_+{}[]\';/.,]. @28-09-2021 01:53:38.0726 AM
[ReportManager] Element Action [GetText] successfully performed. With the following test data [Automation!@#$%^&*()_+{}[]\';/.,]. @28-09-2021 01:53:38.0826 AM
[ReportManager] Loaded Shared OpenCV @28-09-2021 01:53:38.0975 AM
[ReportManager] Assertion [ValidateElementAttribute] PASSED. Expected [Value Should be 'Automation!@#$%^&*()_+{}[]\';/.,' for the 'text' attribute, element locator 'By.name: q'] and Actual [Automation!@#$%^&*()_+{}[]\';/.,]. Comparison Type [EQUALS]. Validation Type [POSITIVE]. @28-09-2021 01:53:39.0043 AM
[ReportManager] Successfully created attachment [Screenshot - 1632794018975_assertElementAttribute_type_true_literalComparison_expectedToPass_ValidateElementAttribute_passed] @28-09-2021 01:53:39.0044 A
[ReportManager] Browser Action [CloseCurrentWindow] successfully performed. @28-09-2021 01:53:39.0172 AM
[ReportManager] Successfully created attachment [Browser Action Test Data - CloseCurrentWindow - Actual Value] @28-09-2021 01:53:39.0173 A
[ReportManager] File Action [GetAbsolutePath] successfully performed. With the following test data [Relative Folder Path: "target/downloadedFiles/"]. @28-09-2021 01:53:39.0179 AM
[ReportManager] Attempting to run remotely on: [Linux-64], [GoogleChrome], [http://localhost:4444/wd/hub], Headless Execution. @28-09-2021 01:53:39.0180 AM
[ReportManager] Successfully Opened [GoogleChrome]. @28-09-2021 01:53:39.0570 AM
[ReportManager] Target URL: [https://www.google.com/ncr], and after redirection: [www.google.com] @28-09-2021 01:53:39.0581 AM
[ReportManager] Initial URL: [data:,] @28-09-2021 01:53:39.0636 AM
[ReportManager] Browser Action [NavigateToURL] successfully performed. With the following test data [https://www.google.com/ncr]. @28-09-2021 01:53:40.0334 A

################################################################################################################################################
Starting Execution:	[26 out of 144] test cases in the current suite
Test Method:		[unitTests.tests_validations_assertions.assertElementExists_false_expectedToFail]
################################################################################################################################################
[ReportManager] Loaded Shared OpenCV @28-09-2021 01:53:40.0545 AM
[ReportManager] Assertion [ValidateElementExists] FAILED. Expected [Element Should not Exist, locator 'By.id: hplogo'] and Actual [Element Exists]. Comparison Type [EQUALS]. Validation Type [NEGATIVE]. @28-09-2021 01:53:40.0604 AM
[ReportManager] Successfully created attachment [Screenshot - 1632794020544_assertElementExists_false_expectedToFail_ValidateElementExists_failed] @28-09-2021 01:53:40.0605 A
[ReportManager] Browser Action [CloseCurrentWindow] successfully performed. @28-09-2021 01:53:40.0727 AM
[ReportManager] Successfully created attachment [Browser Action Test Data - CloseCurrentWindow - Actual Value] @28-09-2021 01:53:40.0728 A
[ReportManager] File Action [GetAbsolutePath] successfully performed. With the following test data [Relative Folder Path: "target/downloadedFiles/"]. @28-09-2021 01:53:40.0730 AM
[ReportManager] Attempting to run remotely on: [Linux-64], [GoogleChrome], [http://localhost:4444/wd/hub], Headless Execution. @28-09-2021 01:53:40.0730 AM
[ReportManager] Successfully Opened [GoogleChrome]. @28-09-2021 01:53:40.0986 AM
[ReportManager] Target URL: [https://www.google.com/ncr], and after redirection: [www.google.com] @28-09-2021 01:53:40.0996 AM
[ReportManager] Initial URL: [data:,] @28-09-2021 01:53:41.0032 AM
[ReportManager] Browser Action [NavigateToURL] successfully performed. With the following test data [https://www.google.com/ncr]. @28-09-2021 01:53:41.0734 A

################################################################################################################################################
Starting Execution:	[27 out of 144] test cases in the current suite
Test Method:		[unitTests.tests_validations_assertions.assertElementExists_false_expectedToPass]
################################################################################################################################################
[ReportManager] Assertion [ValidateElementExists] PASSED. Expected [Element Should not Exist, locator 'By.id: fakeElement'] and Actual [Element Doesn't Exists]. Comparison Type [EQUALS]. Validation Type [NEGATIVE]. @28-09-2021 01:53:52.0116 AM
[ReportManager] Successfully created attachment [Screenshot - 1632794032054_assertElementExists_false_expectedToPass_ValidateElementExists_passed] @28-09-2021 01:53:52.0116 A
[ReportManager] Browser Action [CloseCurrentWindow] successfully performed. @28-09-2021 01:53:52.0241 AM
[ReportManager] Successfully created attachment [Browser Action Test Data - CloseCurrentWindow - Actual Value] @28-09-2021 01:53:52.0242 A
[ReportManager] File Action [GetAbsolutePath] successfully performed. With the following test data [Relative Folder Path: "target/downloadedFiles/"]. @28-09-2021 01:53:52.0246 AM
[ReportManager] Attempting to run remotely on: [Linux-64], [GoogleChrome], [http://localhost:4444/wd/hub], Headless Execution. @28-09-2021 01:53:52.0246 AM
[ReportManager] Successfully Opened [GoogleChrome]. @28-09-2021 01:53:52.0447 AM
[ReportManager] Target URL: [https://www.google.com/ncr], and after redirection: [www.google.com] @28-09-2021 01:53:52.0461 AM
[ReportManager] Initial URL: [data:,] @28-09-2021 01:53:52.0501 AM
[ReportManager] Browser Action [NavigateToURL] successfully performed. With the following test data [https://www.google.com/ncr]. @28-09-2021 01:53:53.0271 A

################################################################################################################################################
Starting Execution:	[28 out of 144] test cases in the current suite
Test Method:		[unitTests.tests_validations_assertions.assertElementExists_false_multipleElementsFound_expectedToFail]
################################################################################################################################################
[ReportManager] Assertion [ValidateElementExists] FAILED. Expected [Element Should not Exist, locator 'By.xpath: //div'] and Actual [Element Exists but is not unique]. Comparison Type [EQUALS]. Validation Type [NEGATIVE]. @28-09-2021 01:53:53.0490 AM
[ReportManager] Successfully created attachment [Screenshot - 1632794033436_assertElementExists_false_multipleElementsFound_expectedToFail_ValidateElementExists_failed] @28-09-2021 01:53:53.0491 A
[ReportManager] Browser Action [CloseCurrentWindow] successfully performed. @28-09-2021 01:53:53.0605 AM
[ReportManager] Successfully created attachment [Browser Action Test Data - CloseCurrentWindow - Actual Value] @28-09-2021 01:53:53.0606 A
[ReportManager] File Action [GetAbsolutePath] successfully performed. With the following test data [Relative Folder Path: "target/downloadedFiles/"]. @28-09-2021 01:53:53.0608 AM
[ReportManager] Attempting to run remotely on: [Linux-64], [GoogleChrome], [http://localhost:4444/wd/hub], Headless Execution. @28-09-2021 01:53:53.0608 AM
[ReportManager] Successfully Opened [GoogleChrome]. @28-09-2021 01:53:53.0774 AM
[ReportManager] Target URL: [https://www.google.com/ncr], and after redirection: [www.google.com] @28-09-2021 01:53:53.0790 AM
[ReportManager] Initial URL: [data:,] @28-09-2021 01:53:53.0841 AM
[ReportManager] Browser Action [NavigateToURL] successfully performed. With the following test data [https://www.google.com/ncr]. @28-09-2021 01:53:54.0529 A

################################################################################################################################################
Starting Execution:	[29 out of 144] test cases in the current suite
Test Method:		[unitTests.tests_validations_assertions.assertElementExists_true_expectedToFail]
################################################################################################################################################
[ReportManager] Assertion [ValidateElementExists] FAILED. Expected [Element Should Exist, locator 'By.id: fakeElement'] and Actual [Element Doesn't Exists]. Comparison Type [EQUALS]. Validation Type [POSITIVE]. @28-09-2021 01:54:25.0199 AM
[ReportManager] Successfully created attachment [Screenshot - 1632794065139_assertElementExists_true_expectedToFail_ValidateElementExists_failed] @28-09-2021 01:54:25.0200 A
[ReportManager] Browser Action [CloseCurrentWindow] successfully performed. @28-09-2021 01:54:25.0314 AM
[ReportManager] Successfully created attachment [Browser Action Test Data - CloseCurrentWindow - Actual Value] @28-09-2021 01:54:25.0315 A
[ReportManager] File Action [GetAbsolutePath] successfully performed. With the following test data [Relative Folder Path: "target/downloadedFiles/"]. @28-09-2021 01:54:25.0321 AM
[ReportManager] Attempting to run remotely on: [Linux-64], [GoogleChrome], [http://localhost:4444/wd/hub], Headless Execution. @28-09-2021 01:54:25.0321 AM
[ReportManager] Successfully Opened [GoogleChrome]. @28-09-2021 01:54:25.0505 AM
[ReportManager] Target URL: [https://www.google.com/ncr], and after redirection: [www.google.com] @28-09-2021 01:54:25.0516 AM
[ReportManager] Initial URL: [data:,] @28-09-2021 01:54:25.0553 AM
[ReportManager] Browser Action [NavigateToURL] successfully performed. With the following test data [https://www.google.com/ncr]. @28-09-2021 01:54:26.0265 A

################################################################################################################################################
Starting Execution:	[30 out of 144] test cases in the current suite
Test Method:		[unitTests.tests_validations_assertions.assertElementExists_true_expectedToPass]
################################################################################################################################################
[ReportManager] Loaded Shared OpenCV @28-09-2021 01:54:26.0437 AM
[ReportManager] Assertion [ValidateElementExists] PASSED. Expected [Element Should Exist, locator 'By.xpath: //*[@id='hplogo' or @alt='Google']'] and Actual [Element Exists]. Comparison Type [EQUALS]. Validation Type [POSITIVE]. @28-09-2021 01:54:26.0501 AM
[ReportManager] Successfully created attachment [Screenshot - 1632794066437_assertElementExists_true_expectedToPass_ValidateElementExists_passed] @28-09-2021 01:54:26.0503 A
[ReportManager] Browser Action [CloseCurrentWindow] successfully performed. @28-09-2021 01:54:26.0631 AM
[ReportManager] Successfully created attachment [Browser Action Test Data - CloseCurrentWindow - Actual Value] @28-09-2021 01:54:26.0633 A
[ReportManager] File Action [GetAbsolutePath] successfully performed. With the following test data [Relative Folder Path: "target/downloadedFiles/"]. @28-09-2021 01:54:26.0636 AM
[ReportManager] Attempting to run remotely on: [Linux-64], [GoogleChrome], [http://localhost:4444/wd/hub], Headless Execution. @28-09-2021 01:54:26.0639 AM
[ReportManager] Successfully Opened [GoogleChrome]. @28-09-2021 01:54:26.0855 AM
[ReportManager] Target URL: [https://www.google.com/ncr], and after redirection: [www.google.com] @28-09-2021 01:54:26.0865 AM
[ReportManager] Initial URL: [data:,] @28-09-2021 01:54:26.0904 AM
[ReportManager] Browser Action [NavigateToURL] successfully performed. With the following test data [https://www.google.com/ncr]. @28-09-2021 01:54:27.0681 A

################################################################################################################################################
Starting Execution:	[31 out of 144] test cases in the current suite
Test Method:		[unitTests.tests_validations_assertions.assertElementExists_true_multipleElementsFound_expectedToFail]
################################################################################################################################################
[ReportManager] Assertion [ValidateElementExists] FAILED. Expected [Element Should Exist, locator 'By.xpath: //div'] and Actual [Element Exists but is not unique]. Comparison Type [EQUALS]. Validation Type [POSITIVE]. @28-09-2021 01:54:27.0928 AM
[ReportManager] Successfully created attachment [Screenshot - 1632794067874_assertElementExists_true_multipleElementsFound_expectedToFail_ValidateElementExists_failed] @28-09-2021 01:54:27.0928 A
[ReportManager] Browser Action [CloseCurrentWindow] successfully performed. @28-09-2021 01:54:28.0042 AM
[ReportManager] Successfully created attachment [Browser Action Test Data - CloseCurrentWindow - Actual Value] @28-09-2021 01:54:28.0043 A

################################################################################################################################################
Starting Execution:	[32 out of 144] test cases in the current suite
Test Method:		[unitTests.tests_validations_assertions.assertEquals_false_expectedToFail]
################################################################################################################################################
[ReportManager] Assertion [ValidateEquals] FAILED. Expected [1] and Actual [1]. Comparison Type [EQUALS]. Validation Type [NEGATIVE]. @28-09-2021 01:54:28.0048 A

################################################################################################################################################
Starting Execution:	[33 out of 144] test cases in the current suite
Test Method:		[unitTests.tests_validations_assertions.assertEquals_false_expectedToPass]
################################################################################################################################################
[ReportManager] Assertion [ValidateEquals] PASSED. Expected [1] and Actual [2]. Comparison Type [EQUALS]. Validation Type [NEGATIVE]. @28-09-2021 01:54:28.0052 A

################################################################################################################################################
Starting Execution:	[34 out of 144] test cases in the current suite
Test Method:		[unitTests.tests_validations_assertions.assertEquals_longCharacters]
################################################################################################################################################
[ReportManager] Verification [ValidateEquals] PASSED. Expected and Actual values are attached. Comparison Type [EQUALS]. Validation Type [POSITIVE]. @28-09-2021 01:54:28.0057 AM
[ReportManager] Successfully created attachment [Validation Test Data - Expected Value] @28-09-2021 01:54:28.0057 AM
[ReportManager] Successfully created attachment [Validation Test Data - Actual Value] @28-09-2021 01:54:28.0058 AM
[ReportManager] Assertion [ValidateEquals] PASSED. Expected and Actual values are attached. Comparison Type [EQUALS]. Validation Type [POSITIVE]. @28-09-2021 01:54:28.0058 AM
[ReportManager] Successfully created attachment [Validation Test Data - Expected Value] @28-09-2021 01:54:28.0059 AM
[ReportManager] Successfully created attachment [Validation Test Data - Actual Value] @28-09-2021 01:54:28.0059 A

################################################################################################################################################
Starting Execution:	[35 out of 144] test cases in the current suite
Test Method:		[unitTests.tests_validations_assertions.assertEquals_longCharacters_Discreet]
################################################################################################################################################
[ReportManager] Assertion [ValidateEquals] PASSED. Expected [1LH5pROcDBjjQk0t0mCr0lXuzQu9lcGj28kY8R1H81X67eVAQJgWQhILiRWVPUgZ6uCtK5cnBkF55Jr9vYngjGO1Iyf0Mktv6lruDlL9T8MAUPcUZJGHZtji6nIeadujDSNmWMj5d6C8zlFqw0CRqBU0hO5adIasHgBSNoLotAjce3NGXoDwAlp3rYreeV16VIyZXROQY] and Actual [1LH5pROcDBjjQk0t0mCr0lXuzQu9lcGj28kY8R1H81X67eVAQJgWQhILiRWVPUgZ6uCtK5cnBkF55Jr9vYngjGO1Iyf0Mktv6lruDlL9T8MAUPcUZJGHZtji6nIeadujDSNmWMj5d6C8zlFqw0CRqBU0hO5adIasHgBSNoLotAjce3NGXoDwAlp3rYreeV16VIyZXROQY]. Comparison Type [EQUALS]. Validation Type [POSITIVE]. @28-09-2021 01:54:28.0063 A

################################################################################################################################################
Starting Execution:	[36 out of 144] test cases in the current suite
Test Method:		[unitTests.tests_validations_assertions.assertEquals_true_expectedToFail]
################################################################################################################################################
[ReportManager] Assertion [ValidateEquals] FAILED. Expected [1] and Actual [2]. Comparison Type [EQUALS]. Validation Type [POSITIVE]. @28-09-2021 01:54:28.0072 A

################################################################################################################################################
Starting Execution:	[37 out of 144] test cases in the current suite
Test Method:		[unitTests.tests_validations_assertions.assertEquals_true_expectedToPass]
Test Description:	[Assert that assertEquals works as expected when the two values are equal.]
################################################################################################################################################
[ReportManager] Verification [ValidateEquals] PASSED. Expected [1] and Actual [1]. Comparison Type [EQUALS]. Validation Type [POSITIVE]. @28-09-2021 01:54:28.0081 AM
[ReportManager] Assertion [ValidateEquals] PASSED. Expected [1] and Actual [1]. Comparison Type [EQUALS]. Validation Type [POSITIVE]. @28-09-2021 01:54:28.0083 A

################################################################################################################################################
Starting Execution:	[38 out of 144] test cases in the current suite
Test Method:		[unitTests.tests_validations_assertions.assertEquals_true_expectedToPass__]
################################################################################################################################################
[ReportManager] Assertion [ValidateEquals] PASSED. Expected [1] and Actual [1]. Comparison Type [EQUALS]. Validation Type [POSITIVE]. @28-09-2021 01:54:28.0086 A

################################################################################################################################################
Starting Execution:	[39 out of 144] test cases in the current suite
Test Method:		[unitTests.tests_validations_assertions.assertFileExists_false_expectedToFail]
################################################################################################################################################
[ReportManager] File Action [DoesFileExist] successfully performed. With the following test data [File Path: "src/main/java/com/shaft/gui/element/ElementActions.java"]. @28-09-2021 01:54:28.0090 AM
[ReportManager] Assertion [ValidateFileExists] FAILED. Expected [File 'src/main/java/com/shaft/gui/element/ElementActions.java' should not exist, after up to '1' retries] and Actual [File exists]. Validation Type [NEGATIVE]. @28-09-2021 01:54:28.0095 A

################################################################################################################################################
Starting Execution:	[40 out of 144] test cases in the current suite
Test Method:		[unitTests.tests_validations_assertions.assertFileExists_false_expectedToPass]
################################################################################################################################################
[ReportManager] File Action [DoesFileExist] successfully performed. With the following test data [File Path: "src/main/java/com/shaft/gui/element/ElementActions.java_fail"]. @28-09-2021 01:54:28.0599 AM
[ReportManager] Assertion [ValidateFileExists] PASSED. Expected [File 'src/main/java/com/shaft/gui/element/ElementActions.java_fail' should not exist, after up to '1' retries] and Actual [File does not exist]. Validation Type [NEGATIVE]. @28-09-2021 01:54:28.0599 A

################################################################################################################################################
Starting Execution:	[41 out of 144] test cases in the current suite
Test Method:		[unitTests.tests_validations_assertions.assertFileExists_true_expectedToFail]
################################################################################################################################################
[ReportManager] File Action [DoesFileExist] successfully performed. With the following test data [File Path: "src/main/java/com/shaft/gui/element/ElementActions.java_fail"]. @28-09-2021 01:54:29.0105 AM
[ReportManager] Assertion [ValidateFileExists] FAILED. Expected [File 'src/main/java/com/shaft/gui/element/ElementActions.java_fail' should exist, after up to '1' retries] and Actual [File does not exist]. Validation Type [POSITIVE]. @28-09-2021 01:54:29.0106 A

################################################################################################################################################
Starting Execution:	[42 out of 144] test cases in the current suite
Test Method:		[unitTests.tests_validations_assertions.assertFileExists_true_expectedToPass]
################################################################################################################################################
[ReportManager] File Action [DoesFileExist] successfully performed. With the following test data [File Path: "src/main/java/com/shaft/gui/element/ElementActions.java"]. @28-09-2021 01:54:29.0118 AM
[ReportManager] Assertion [ValidateFileExists] PASSED. Expected [File 'src/main/java/com/shaft/gui/element/ElementActions.java' should exist, after up to '1' retries] and Actual [File exists]. Validation Type [POSITIVE]. @28-09-2021 01:54:29.0118 A

################################################################################################################################################
Starting Execution:	[43 out of 144] test cases in the current suite
Test Method:		[unitTests.tests_validations_assertions.assertNull_false_expectedToFail]
################################################################################################################################################
[ReportManager] Assertion [ValidateNull] FAILED. Expected [NULL] and Actual [NULL]. Comparison Type [EQUALS]. Validation Type [NEGATIVE]. @28-09-2021 01:54:29.0121 A

################################################################################################################################################
Starting Execution:	[44 out of 144] test cases in the current suite
Test Method:		[unitTests.tests_validations_assertions.assertNull_false_expectedToPass]
################################################################################################################################################
[ReportManager] Assertion [ValidateNull] PASSED. Expected [NULL] and Actual [1]. Comparison Type [EQUALS]. Validation Type [NEGATIVE]. @28-09-2021 01:54:29.0124 A

################################################################################################################################################
Starting Execution:	[45 out of 144] test cases in the current suite
Test Method:		[unitTests.tests_validations_assertions.assertNull_true_expectedToFail]
################################################################################################################################################
[ReportManager] Assertion [ValidateNull] FAILED. Expected [NULL] and Actual [1]. Comparison Type [EQUALS]. Validation Type [POSITIVE]. @28-09-2021 01:54:29.0127 A

################################################################################################################################################
Starting Execution:	[46 out of 144] test cases in the current suite
Test Method:		[unitTests.tests_validations_assertions.assertNull_true_expectedToPass]
################################################################################################################################################
[ReportManager] Assertion [ValidateNull] PASSED. Expected [NULL] and Actual [NULL]. Comparison Type [EQUALS]. Validation Type [POSITIVE]. @28-09-2021 01:54:29.0130 A

################################################################################################################################################
Starting Execution:	[47 out of 144] test cases in the current suite
Test Method:		[unitTests.tests_restActions.getPostsAndAssertBodyForSpecificTitle]
################################################################################################################################################
[ReportManager] Response status code: [200], status line: [HTTP/1.1 200 OK] @28-09-2021 01:54:31.0286 AM
[ReportManager] Assertion Passed: Evaluating the actual response status code against the expected one... @28-09-2021 01:54:31.0287 AM
[ReportManager] Assertion [ValidateEquals] PASSED. Expected [200] and Actual [200]. Comparison Type [EQUALS]. Validation Type [POSITIVE]. @28-09-2021 01:54:31.0287 AM
[ReportManager] API Action [PerformRequest] successfully performed. With the following test data [Request Type: "GET" | Target Status Code: "200" | Service URL: "https://jsonplaceholder.typicode.com/posts" | Content Type: "*/*" | Response Time: "760ms"]. @28-09-2021 01:54:32.0436 AM
[ReportManager] Successfully created attachment [API Request - Specifications] @28-09-2021 01:54:32.0437 AM
[ReportManager] Successfully created attachment [API Response - JSON Body] @28-09-2021 01:54:32.0794 AM
[ReportManager] API Action [GetResponseJSONValueAsList] successfully performed. @28-09-2021 01:54:32.0817 AM
[ReportManager] API Action [GetResponseJSONValue] successfully performed. With the following test data [title]. @28-09-2021 01:54:32.0833 AM
[ReportManager] API Action [GetResponseJSONValue] successfully performed. With the following test data [title]. @28-09-2021 01:54:32.0844 AM
[ReportManager] API Action [GetResponseJSONValue] successfully performed. With the following test data [body]. @28-09-2021 01:54:32.0852 AM
[ReportManager] Assertion [ValidateEquals] PASSED. Expected [qui neque nisi nulla] and Actual [est rerum tempore vitae
sequi sint nihil reprehenderit dolor beatae ea dolores neque
fugiat blanditiis voluptate porro vel nihil molestiae ut reiciendis
qui aperiam non debitis possimus qui neque nisi nulla]. Comparison Type [CONTAINS]. Validation Type [POSITIVE]. @28-09-2021 01:54:32.0852 AM
[ReportManager] API Action [GetResponseJSONValue] successfully performed. With the following test data [title]. @28-09-2021 01:54:32.0861 AM
[ReportManager] API Action [GetResponseJSONValue] successfully performed. With the following test data [title]. @28-09-2021 01:54:32.0868 AM
[ReportManager] API Action [GetResponseJSONValue] successfully performed. With the following test data [title]. @28-09-2021 01:54:32.0876 AM
[ReportManager] API Action [GetResponseJSONValue] successfully performed. With the following test data [title]. @28-09-2021 01:54:32.0884 AM
[ReportManager] API Action [GetResponseJSONValue] successfully performed. With the following test data [title]. @28-09-2021 01:54:32.0892 AM
[ReportManager] API Action [GetResponseJSONValue] successfully performed. With the following test data [title]. @28-09-2021 01:54:32.0899 AM
[ReportManager] API Action [GetResponseJSONValue] successfully performed. With the following test data [title]. @28-09-2021 01:54:32.0906 AM
[ReportManager] API Action [GetResponseJSONValue] successfully performed. With the following test data [title]. @28-09-2021 01:54:32.0913 AM
[ReportManager] API Action [GetResponseJSONValue] successfully performed. With the following test data [title]. @28-09-2021 01:54:32.0921 AM
[ReportManager] API Action [GetResponseJSONValue] successfully performed. With the following test data [title]. @28-09-2021 01:54:32.0928 AM
[ReportManager] API Action [GetResponseJSONValue] successfully performed. With the following test data [title]. @28-09-2021 01:54:32.0936 AM
[ReportManager] API Action [GetResponseJSONValue] successfully performed. With the following test data [title]. @28-09-2021 01:54:32.0944 AM
[ReportManager] API Action [GetResponseJSONValue] successfully performed. With the following test data [title]. @28-09-2021 01:54:32.0952 AM
[ReportManager] API Action [GetResponseJSONValue] successfully performed. With the following test data [title]. @28-09-2021 01:54:32.0958 AM
[ReportManager] API Action [GetResponseJSONValue] successfully performed. With the following test data [title]. @28-09-2021 01:54:32.0973 AM
[ReportManager] API Action [GetResponseJSONValue] successfully performed. With the following test data [title]. @28-09-2021 01:54:32.0984 AM
[ReportManager] API Action [GetResponseJSONValue] successfully performed. With the following test data [title]. @28-09-2021 01:54:32.0992 AM
[ReportManager] API Action [GetResponseJSONValue] successfully performed. With the following test data [title]. @28-09-2021 01:54:33.0019 AM
[ReportManager] API Action [GetResponseJSONValue] successfully performed. With the following test data [title]. @28-09-2021 01:54:33.0029 AM
[ReportManager] API Action [GetResponseJSONValue] successfully performed. With the following test data [title]. @28-09-2021 01:54:33.0044 AM
[ReportManager] API Action [GetResponseJSONValue] successfully performed. With the following test data [title]. @28-09-2021 01:54:33.0053 AM
[ReportManager] API Action [GetResponseJSONValue] successfully performed. With the following test data [title]. @28-09-2021 01:54:33.0069 AM
[ReportManager] API Action [GetResponseJSONValue] successfully performed. With the following test data [title]. @28-09-2021 01:54:33.0085 AM
[ReportManager] API Action [GetResponseJSONValue] successfully performed. With the following test data [title]. @28-09-2021 01:54:33.0091 AM
[ReportManager] API Action [GetResponseJSONValue] successfully performed. With the following test data [title]. @28-09-2021 01:54:33.0102 AM
[ReportManager] API Action [GetResponseJSONValue] successfully performed. With the following test data [title]. @28-09-2021 01:54:33.0113 AM
[ReportManager] API Action [GetResponseJSONValue] successfully performed. With the following test data [title]. @28-09-2021 01:54:33.0126 AM
[ReportManager] API Action [GetResponseJSONValue] successfully performed. With the following test data [title]. @28-09-2021 01:54:33.0139 AM
[ReportManager] API Action [GetResponseJSONValue] successfully performed. With the following test data [title]. @28-09-2021 01:54:33.0147 AM
[ReportManager] API Action [GetResponseJSONValue] successfully performed. With the following test data [title]. @28-09-2021 01:54:33.0154 AM
[ReportManager] API Action [GetResponseJSONValue] successfully performed. With the following test data [title]. @28-09-2021 01:54:33.0163 AM
[ReportManager] API Action [GetResponseJSONValue] successfully performed. With the following test data [title]. @28-09-2021 01:54:33.0173 AM
[ReportManager] API Action [GetResponseJSONValue] successfully performed. With the following test data [title]. @28-09-2021 01:54:33.0188 AM
[ReportManager] API Action [GetResponseJSONValue] successfully performed. With the following test data [title]. @28-09-2021 01:54:33.0195 AM
[ReportManager] API Action [GetResponseJSONValue] successfully performed. With the following test data [title]. @28-09-2021 01:54:33.0207 AM
[ReportManager] API Action [GetResponseJSONValue] successfully performed. With the following test data [title]. @28-09-2021 01:54:33.0215 AM
[ReportManager] API Action [GetResponseJSONValue] successfully performed. With the following test data [title]. @28-09-2021 01:54:33.0223 AM
[ReportManager] API Action [GetResponseJSONValue] successfully performed. With the following test data [title]. @28-09-2021 01:54:33.0231 AM
[ReportManager] API Action [GetResponseJSONValue] successfully performed. With the following test data [title]. @28-09-2021 01:54:33.0247 AM
[ReportManager] API Action [GetResponseJSONValue] successfully performed. With the following test data [title]. @28-09-2021 01:54:33.0253 AM
[ReportManager] API Action [GetResponseJSONValue] successfully performed. With the following test data [title]. @28-09-2021 01:54:33.0260 AM
[ReportManager] API Action [GetResponseJSONValue] successfully performed. With the following test data [title]. @28-09-2021 01:54:33.0267 AM
[ReportManager] API Action [GetResponseJSONValue] successfully performed. With the following test data [title]. @28-09-2021 01:54:33.0273 AM
[ReportManager] API Action [GetResponseJSONValue] successfully performed. With the following test data [title]. @28-09-2021 01:54:33.0280 AM
[ReportManager] API Action [GetResponseJSONValue] successfully performed. With the following test data [title]. @28-09-2021 01:54:33.0286 AM
[ReportManager] API Action [GetResponseJSONValue] successfully performed. With the following test data [title]. @28-09-2021 01:54:33.0292 AM
[ReportManager] API Action [GetResponseJSONValue] successfully performed. With the following test data [title]. @28-09-2021 01:54:33.0298 AM
[ReportManager] API Action [GetResponseJSONValue] successfully performed. With the following test data [title]. @28-09-2021 01:54:33.0304 AM
[ReportManager] API Action [GetResponseJSONValue] successfully performed. With the following test data [title]. @28-09-2021 01:54:33.0310 AM
[ReportManager] API Action [GetResponseJSONValue] successfully performed. With the following test data [title]. @28-09-2021 01:54:33.0317 AM
[ReportManager] API Action [GetResponseJSONValue] successfully performed. With the following test data [title]. @28-09-2021 01:54:33.0323 AM
[ReportManager] API Action [GetResponseJSONValue] successfully performed. With the following test data [title]. @28-09-2021 01:54:33.0329 AM
[ReportManager] API Action [GetResponseJSONValue] successfully performed. With the following test data [title]. @28-09-2021 01:54:33.0335 AM
[ReportManager] API Action [GetResponseJSONValue] successfully performed. With the following test data [title]. @28-09-2021 01:54:33.0341 AM
[ReportManager] API Action [GetResponseJSONValue] successfully performed. With the following test data [title]. @28-09-2021 01:54:33.0347 AM
[ReportManager] API Action [GetResponseJSONValue] successfully performed. With the following test data [title]. @28-09-2021 01:54:33.0353 AM
[ReportManager] API Action [GetResponseJSONValue] successfully performed. With the following test data [title]. @28-09-2021 01:54:33.0359 AM
[ReportManager] API Action [GetResponseJSONValue] successfully performed. With the following test data [title]. @28-09-2021 01:54:33.0365 AM
[ReportManager] API Action [GetResponseJSONValue] successfully performed. With the following test data [title]. @28-09-2021 01:54:33.0371 AM
[ReportManager] API Action [GetResponseJSONValue] successfully performed. With the following test data [title]. @28-09-2021 01:54:33.0391 AM
[ReportManager] API Action [GetResponseJSONValue] successfully performed. With the following test data [title]. @28-09-2021 01:54:33.0397 AM
[ReportManager] API Action [GetResponseJSONValue] successfully performed. With the following test data [title]. @28-09-2021 01:54:33.0403 AM
[ReportManager] API Action [GetResponseJSONValue] successfully performed. With the following test data [title]. @28-09-2021 01:54:33.0409 AM
[ReportManager] API Action [GetResponseJSONValue] successfully performed. With the following test data [title]. @28-09-2021 01:54:33.0415 AM
[ReportManager] API Action [GetResponseJSONValue] successfully performed. With the following test data [title]. @28-09-2021 01:54:33.0421 AM
[ReportManager] API Action [GetResponseJSONValue] successfully performed. With the following test data [title]. @28-09-2021 01:54:33.0427 AM
[ReportManager] API Action [GetResponseJSONValue] successfully performed. With the following test data [title]. @28-09-2021 01:54:33.0432 AM
[ReportManager] API Action [GetResponseJSONValue] successfully performed. With the following test data [title]. @28-09-2021 01:54:33.0438 AM
[ReportManager] API Action [GetResponseJSONValue] successfully performed. With the following test data [title]. @28-09-2021 01:54:33.0444 AM
[ReportManager] API Action [GetResponseJSONValue] successfully performed. With the following test data [title]. @28-09-2021 01:54:33.0465 AM
[ReportManager] API Action [GetResponseJSONValue] successfully performed. With the following test data [title]. @28-09-2021 01:54:33.0471 AM
[ReportManager] API Action [GetResponseJSONValue] successfully performed. With the following test data [title]. @28-09-2021 01:54:33.0478 AM
[ReportManager] API Action [GetResponseJSONValue] successfully performed. With the following test data [title]. @28-09-2021 01:54:33.0484 AM
[ReportManager] API Action [GetResponseJSONValue] successfully performed. With the following test data [title]. @28-09-2021 01:54:33.0491 AM
[ReportManager] API Action [GetResponseJSONValue] successfully performed. With the following test data [title]. @28-09-2021 01:54:33.0497 AM
[ReportManager] API Action [GetResponseJSONValue] successfully performed. With the following test data [title]. @28-09-2021 01:54:33.0503 AM
[ReportManager] API Action [GetResponseJSONValue] successfully performed. With the following test data [title]. @28-09-2021 01:54:33.0510 AM
[ReportManager] API Action [GetResponseJSONValue] successfully performed. With the following test data [title]. @28-09-2021 01:54:33.0516 AM
[ReportManager] API Action [GetResponseJSONValue] successfully performed. With the following test data [title]. @28-09-2021 01:54:33.0523 AM
[ReportManager] API Action [GetResponseJSONValue] successfully performed. With the following test data [title]. @28-09-2021 01:54:33.0529 AM
[ReportManager] API Action [GetResponseJSONValue] successfully performed. With the following test data [title]. @28-09-2021 01:54:33.0536 AM
[ReportManager] API Action [GetResponseJSONValue] successfully performed. With the following test data [title]. @28-09-2021 01:54:33.0542 AM
[ReportManager] API Action [GetResponseJSONValue] successfully performed. With the following test data [title]. @28-09-2021 01:54:33.0549 AM
[ReportManager] API Action [GetResponseJSONValue] successfully performed. With the following test data [title]. @28-09-2021 01:54:33.0556 AM
[ReportManager] API Action [GetResponseJSONValue] successfully performed. With the following test data [title]. @28-09-2021 01:54:33.0562 AM
[ReportManager] API Action [GetResponseJSONValue] successfully performed. With the following test data [title]. @28-09-2021 01:54:33.0576 AM
[ReportManager] API Action [GetResponseJSONValue] successfully performed. With the following test data [title]. @28-09-2021 01:54:33.0587 AM
[ReportManager] API Action [GetResponseJSONValue] successfully performed. With the following test data [title]. @28-09-2021 01:54:33.0606 AM
[ReportManager] API Action [GetResponseJSONValue] successfully performed. With the following test data [title]. @28-09-2021 01:54:33.0612 AM
[ReportManager] API Action [GetResponseJSONValue] successfully performed. With the following test data [title]. @28-09-2021 01:54:33.0623 AM
[ReportManager] API Action [GetResponseJSONValue] successfully performed. With the following test data [title]. @28-09-2021 01:54:33.0637 AM
[ReportManager] API Action [GetResponseJSONValue] successfully performed. With the following test data [title]. @28-09-2021 01:54:33.0652 AM
[ReportManager] API Action [GetResponseJSONValue] successfully performed. With the following test data [title]. @28-09-2021 01:54:33.0671 AM
[ReportManager] API Action [GetResponseJSONValue] successfully performed. With the following test data [title]. @28-09-2021 01:54:33.0686 AM
[ReportManager] API Action [GetResponseJSONValue] successfully performed. With the following test data [title]. @28-09-2021 01:54:33.0697 AM
[ReportManager] API Action [GetResponseJSONValue] successfully performed. With the following test data [title]. @28-09-2021 01:54:33.0739 AM
[ReportManager] API Action [GetResponseJSONValue] successfully performed. With the following test data [title]. @28-09-2021 01:54:33.0751 AM
[ReportManager] API Action [GetResponseJSONValue] successfully performed. With the following test data [title]. @28-09-2021 01:54:33.0770 A

################################################################################################################################################
Starting Execution:	[48 out of 144] test cases in the current suite
Test Method:		[unitTests.tests_restActions.validateUserEmail]
################################################################################################################################################
[ReportManager] Response status code: [200], status line: [HTTP/1.1 200 OK] @28-09-2021 01:54:33.0831 AM
[ReportManager] Assertion Passed: Evaluating the actual response status code against the expected one... @28-09-2021 01:54:33.0831 AM
[ReportManager] Assertion [ValidateEquals] PASSED. Expected [200] and Actual [200]. Comparison Type [EQUALS]. Validation Type [POSITIVE]. @28-09-2021 01:54:33.0831 AM
[ReportManager] API Action [PerformRequest] successfully performed. With the following test data [Request Type: "GET" | Target Status Code: "200" | Service URL: "https://jsonplaceholder.typicode.com/users" | Content Type: "*/*" | Response Time: "45ms"]. @28-09-2021 01:54:33.0860 AM
[ReportManager] Successfully created attachment [API Request - Specifications] @28-09-2021 01:54:33.0860 AM
[ReportManager] Successfully created attachment [API Response - JSON Body] @28-09-2021 01:54:33.0861 AM
[ReportManager] Assertion [ValidateEquals] PASSED. Expected and Actual values are attached. Comparison Type [CONTAINS]. Validation Type [POSITIVE]. @28-09-2021 01:54:33.0861 AM
[ReportManager] Successfully created attachment [Validation Test Data - Expected Value] @28-09-2021 01:54:33.0861 AM
[ReportManager] Successfully created attachment [Validation Test Data - Actual Value] @28-09-2021 01:54:33.0862 AM
[ReportManager] API Action [GetResponseJSONValueAsList] successfully performed. With the following test data [$]. @28-09-2021 01:54:33.0865 AM
[ReportManager] API Action [GetResponseJSONValue] successfully performed. With the following test data [name]. @28-09-2021 01:54:33.0882 AM
[ReportManager] API Action [GetResponseJSONValue] successfully performed. With the following test data [email]. @28-09-2021 01:54:33.0892 AM
[ReportManager] Assertion [ValidateEquals] PASSED. Expected [Sincere@april.biz] and Actual [Sincere@april.biz]. Comparison Type [EQUALS]. Validation Type [POSITIVE]. @28-09-2021 01:54:33.0892 AM
[ReportManager] API Action [GetResponseJSONValue] successfully performed. With the following test data [name]. @28-09-2021 01:54:33.0902 AM
[ReportManager] API Action [GetResponseJSONValue] successfully performed. With the following test data [name]. @28-09-2021 01:54:33.0911 AM
[ReportManager] API Action [GetResponseJSONValue] successfully performed. With the following test data [name]. @28-09-2021 01:54:33.0923 AM
[ReportManager] API Action [GetResponseJSONValue] successfully performed. With the following test data [name]. @28-09-2021 01:54:33.0931 AM
[ReportManager] API Action [GetResponseJSONValue] successfully performed. With the following test data [name]. @28-09-2021 01:54:33.0940 AM
[ReportManager] API Action [GetResponseJSONValue] successfully performed. With the following test data [name]. @28-09-2021 01:54:33.0948 AM
[ReportManager] API Action [GetResponseJSONValue] successfully performed. With the following test data [name]. @28-09-2021 01:54:33.0955 AM
[ReportManager] API Action [GetResponseJSONValue] successfully performed. With the following test data [name]. @28-09-2021 01:54:33.0963 AM
[ReportManager] API Action [GetResponseJSONValue] successfully performed. With the following test data [name]. @28-09-2021 01:54:33.0970 A
[ReportManager] File Action [GetAbsolutePath] successfully performed. With the following test data [Relative Folder Path: "target/downloadedFiles/"]. @28-09-2021 01:54:33.0979 AM
[ReportManager] Attempting to run remotely on: [Linux-64], [GoogleChrome], [http://localhost:4444/wd/hub], Headless Execution. @28-09-2021 01:54:33.0979 AM
[ReportManager] Successfully Opened [GoogleChrome]. @28-09-2021 01:54:34.0163 A

################################################################################################################################################
Starting Execution:	[49 out of 144] test cases in the current suite
Test Method:		[unitTests.tests_element_elementActions.waitForElementToBePresent_false_expectedToFail]
################################################################################################################################################
[ReportManager] Target URL: [https://www.google.com/ncr], and after redirection: [www.google.com] @28-09-2021 01:54:34.0185 AM
[ReportManager] Initial URL: [data:,] @28-09-2021 01:54:34.0240 AM
[ReportManager] Browser Action [NavigateToURL] successfully performed. With the following test data [https://www.google.com/ncr]. @28-09-2021 01:54:35.0046 AM
[ReportManager] Waiting for element to be present; elementLocator [By.xpath: //*[@id='hplogo' or @alt='Google']], numberOfTries[1], stateOfPresence[false]... @28-09-2021 01:54:35.0049 AM
[ReportManager] Element Action [WaitForElementToBePresent] failed. With the following test data [waited for the element's state of presence to be (false). Element locator (By.xpath: //*[@id='hplogo' or @alt='Google'])]. @28-09-2021 01:54:35.0255 AM
[ReportManager] Successfully created attachment [Screenshot - 1632794075197_waitForElementToBePresent_false_expectedToFail_WaitForElementToBePresent_failed] @28-09-2021 01:54:35.0256 A
[ReportManager] Browser Action [CloseCurrentWindow] successfully performed. @28-09-2021 01:54:35.0375 AM
[ReportManager] Successfully created attachment [Browser Action Test Data - CloseCurrentWindow - Actual Value] @28-09-2021 01:54:35.0377 A
[ReportManager] File Action [GetAbsolutePath] successfully performed. With the following test data [Relative Folder Path: "target/downloadedFiles/"]. @28-09-2021 01:54:35.0382 AM
[ReportManager] Attempting to run remotely on: [Linux-64], [GoogleChrome], [http://localhost:4444/wd/hub], Headless Execution. @28-09-2021 01:54:35.0382 AM
[ReportManager] Successfully Opened [GoogleChrome]. @28-09-2021 01:54:35.0584 A

################################################################################################################################################
Starting Execution:	[50 out of 144] test cases in the current suite
Test Method:		[unitTests.tests_element_elementActions.waitForElementToBePresent_false_expectedToPass]
################################################################################################################################################
[ReportManager] Target URL: [https://www.google.com/ncr], and after redirection: [www.google.com] @28-09-2021 01:54:35.0600 AM
[ReportManager] Initial URL: [data:,] @28-09-2021 01:54:35.0642 AM
[ReportManager] Browser Action [NavigateToURL] successfully performed. With the following test data [https://www.google.com/ncr]. @28-09-2021 01:54:36.0366 AM
[ReportManager] Waiting for element to be present; elementLocator [By.id: bla], numberOfTries[1], stateOfPresence[false]... @28-09-2021 01:54:36.0366 AM
[ReportManager] Element Action [WaitForElementToBePresent] successfully performed. With the following test data [waited for the element's state of presence to be (false). Element locator (By.id: bla)]. @28-09-2021 01:54:41.0474 A
[ReportManager] Browser Action [CloseCurrentWindow] successfully performed. @28-09-2021 01:54:41.0589 AM
[ReportManager] Successfully created attachment [Browser Action Test Data - CloseCurrentWindow - Actual Value] @28-09-2021 01:54:41.0590 A
[ReportManager] File Action [GetAbsolutePath] successfully performed. With the following test data [Relative Folder Path: "target/downloadedFiles/"]. @28-09-2021 01:54:41.0594 AM
[ReportManager] Attempting to run remotely on: [Linux-64], [GoogleChrome], [http://localhost:4444/wd/hub], Headless Execution. @28-09-2021 01:54:41.0594 AM
[ReportManager] Successfully Opened [GoogleChrome]. @28-09-2021 01:54:41.0767 A

################################################################################################################################################
Starting Execution:	[51 out of 144] test cases in the current suite
Test Method:		[unitTests.tests_element_elementActions.waitForElementToBePresent_moreThanOneElement_expectedToFail]
################################################################################################################################################
[ReportManager] Target URL: [https://www.google.com/ncr], and after redirection: [www.google.com] @28-09-2021 01:54:41.0779 AM
[ReportManager] Initial URL: [data:,] @28-09-2021 01:54:41.0825 AM
[ReportManager] Browser Action [NavigateToURL] successfully performed. With the following test data [https://www.google.com/ncr]. @28-09-2021 01:54:42.0540 AM
[ReportManager] Waiting for element to be present; elementLocator [By.xpath: //*], numberOfTries[1], stateOfPresence[false]... @28-09-2021 01:54:42.0540 AM
[ReportManager] Element Action [WaitForElementToBePresent] failed. With the following test data [waited for the element's state of presence to be (false). Element locator (By.xpath: //*)]. @28-09-2021 01:54:42.0775 AM
[ReportManager] Successfully created attachment [Screenshot - 1632794082720_waitForElementToBePresent_moreThanOneElement_expectedToFail_WaitForElementToBePresent_failed] @28-09-2021 01:54:42.0776 A
[ReportManager] Browser Action [CloseCurrentWindow] successfully performed. @28-09-2021 01:54:42.0899 AM
[ReportManager] Successfully created attachment [Browser Action Test Data - CloseCurrentWindow - Actual Value] @28-09-2021 01:54:42.0900 A
[ReportManager] File Action [GetAbsolutePath] successfully performed. With the following test data [Relative Folder Path: "target/downloadedFiles/"]. @28-09-2021 01:54:42.0904 AM
[ReportManager] Attempting to run remotely on: [Linux-64], [GoogleChrome], [http://localhost:4444/wd/hub], Headless Execution. @28-09-2021 01:54:42.0904 AM
[ReportManager] Successfully Opened [GoogleChrome]. @28-09-2021 01:54:43.0074 A

################################################################################################################################################
Starting Execution:	[52 out of 144] test cases in the current suite
Test Method:		[unitTests.tests_element_elementActions.waitForElementToBePresent_true_expectedToFail]
################################################################################################################################################
[ReportManager] Target URL: [https://www.google.com/ncr], and after redirection: [www.google.com] @28-09-2021 01:54:43.0095 AM
[ReportManager] Initial URL: [data:,] @28-09-2021 01:54:43.0132 AM
[ReportManager] Browser Action [NavigateToURL] successfully performed. With the following test data [https://www.google.com/ncr]. @28-09-2021 01:54:44.0045 AM
[ReportManager] Waiting for element to be present; elementLocator [By.id: bla], numberOfTries[1], stateOfPresence[true]... @28-09-2021 01:54:44.0045 AM
[ReportManager] Element Action [WaitForElementToBePresent] failed. With the following test data [waited for the element's state of presence to be (true). Element locator (By.id: bla)]. @28-09-2021 01:54:49.0319 AM
[ReportManager] Successfully created attachment [Screenshot - 1632794089264_waitForElementToBePresent_true_expectedToFail_WaitForElementToBePresent_failed] @28-09-2021 01:54:49.0320 A
[ReportManager] Browser Action [CloseCurrentWindow] successfully performed. @28-09-2021 01:54:49.0449 AM
[ReportManager] Successfully created attachment [Browser Action Test Data - CloseCurrentWindow - Actual Value] @28-09-2021 01:54:49.0450 A
[ReportManager] File Action [GetAbsolutePath] successfully performed. With the following test data [Relative Folder Path: "target/downloadedFiles/"]. @28-09-2021 01:54:49.0455 AM
[ReportManager] Attempting to run remotely on: [Linux-64], [GoogleChrome], [http://localhost:4444/wd/hub], Headless Execution. @28-09-2021 01:54:49.0455 AM
[ReportManager] Successfully Opened [GoogleChrome]. @28-09-2021 01:54:49.0654 A

################################################################################################################################################
Starting Execution:	[53 out of 144] test cases in the current suite
Test Method:		[unitTests.tests_element_elementActions.waitForElementToBePresent_true_expectedToPass]
################################################################################################################################################
[ReportManager] Target URL: [https://www.google.com/ncr], and after redirection: [www.google.com] @28-09-2021 01:54:49.0666 AM
[ReportManager] Initial URL: [data:,] @28-09-2021 01:54:49.0705 AM
[ReportManager] Browser Action [NavigateToURL] successfully performed. With the following test data [https://www.google.com/ncr]. @28-09-2021 01:54:50.0426 AM
[ReportManager] Waiting for element to be present; elementLocator [By.xpath: //*[@id='hplogo' or @alt='Google']], numberOfTries[1], stateOfPresence[true]... @28-09-2021 01:54:50.0426 AM
[ReportManager] Element Action [WaitForElementToBePresent] successfully performed. With the following test data [waited for the element's state of presence to be (true). Element locator (By.xpath: //*[@id='hplogo' or @alt='Google'])]. @28-09-2021 01:54:50.0472 AM
[ReportManager] File Action [DoesFileExist] successfully performed. With the following test data [File Path: "src/test/resources/DynamicObjectRepository/unitTests_tests_element_elementActions_waitForElementToBePresent_true_expectedToPass_By_xpath_id_hplogo_or_alt_Google.png"]. @28-09-2021 01:54:50.0477 AM
[ReportManager] File Action [DoesFileExist] successfully performed. With the following test data [File Path: "src/test/resources/DynamicObjectRepository/unitTests_tests_element_elementActions_waitForElementToBePresent_true_expectedToPass_By_xpath_id_hplogo_or_alt_Google.png"]. @28-09-2021 01:54:50.0621 AM
[ReportManager] Passing the test and saving a reference image @28-09-2021 01:54:50.0621 AM
[ReportManager] File Action [GetAbsolutePath] successfully performed. With the following test data [Relative File Path: "src/test/resources/DynamicObjectRepository/unitTests_tests_element_elementActions_waitForElementToBePresent_true_expectedToPass_By_xpath_id_hplogo_or_alt_Google.png"]. @28-09-2021 01:54:50.0621 AM
[ReportManager] File Action [WriteToFile] successfully performed. With the following test data [Target File Path: "/home/runner/work/SHAFT_ENGINE/SHAFT_ENGINE/src/test/resources/DynamicObjectRepository/unitTests_tests_element_elementActions_waitForElementToBePresent_true_expectedToPass_By_xpath_id_hplogo_or_alt_Google.png"]. @28-09-2021 01:54:50.0623 AM
[ReportManager] Assertion Passed: Using Visual AI; OpenCV @28-09-2021 01:54:50.0624 AM
[ReportManager] Successfully created attachment [Validation Test Data - Actual Screenshot] @28-09-2021 01:54:50.0624 AM
[ReportManager] Assertion [ValidateElementMatches] PASSED. Expected [Element should match the reference screenshot] and Actual [TRUE]. Comparison Type [EXACT_OPENCV]. Validation Type [POSITIVE]. @28-09-2021 01:54:50.0624 A
[ReportManager] Browser Action [CloseCurrentWindow] successfully performed. @28-09-2021 01:54:50.0759 AM
[ReportManager] Successfully created attachment [Browser Action Test Data - CloseCurrentWindow - Actual Value] @28-09-2021 01:54:50.0760 A
[ReportManager] File Action [GetAbsolutePath] successfully performed. With the following test data [Relative Folder Path: "target/downloadedFiles/"]. @28-09-2021 01:54:50.0763 AM
[ReportManager] Attempting to run remotely on: [Linux-64], [GoogleChrome], [http://localhost:4444/wd/hub], Headless Execution. @28-09-2021 01:54:50.0764 AM
[ReportManager] Successfully Opened [GoogleChrome]. @28-09-2021 01:54:50.0939 AM
[ReportManager] Target URL: [https://duckduckgo.com] @28-09-2021 01:54:50.0949 AM
[ReportManager] Initial URL: [data:,] @28-09-2021 01:54:50.0994 AM
[ReportManager] Browser Action [NavigateToURL] successfully performed. With the following test data [https://duckduckgo.com]. @28-09-2021 01:54:51.0498 A

################################################################################################################################################
Starting Execution:	[54 out of 144] test cases in the current suite
Test Method:		[unitTests.tests_browserActions.fullScreenWindow]
################################################################################################################################################
[ReportManager] Initial Windows Size: 800x600 @28-09-2021 01:54:51.0512 AM
[ReportManager] Initial window size: (800, 600) @28-09-2021 01:54:51.0517 AM
[ReportManager] Window size after Toolkit: (1920, 1080) @28-09-2021 01:54:51.0739 AM
[ReportManager] Browser Action [MaximizeWindow] successfully performed. With the following test data [New screen size is now: (1920, 1080)]. @28-09-2021 01:54:51.0743 AM
[ReportManager] Current Windows Size after fullScreen: 1920x1080 @28-09-2021 01:54:51.0747 AM
[ReportManager] Browser Action [FullScreenWindow] successfully performed. @28-09-2021 01:54:51.0761 AM
[ReportManager] Successfully created attachment [Browser Action Test Data - FullScreenWindow - Actual Value] @28-09-2021 01:54:51.0762 A
[ReportManager] Target URL: [https://duckduckgo.com] @28-09-2021 01:54:51.0764 AM
[ReportManager] Initial URL: [https://duckduckgo.com] @28-09-2021 01:54:51.0823 AM
[ReportManager] Browser Action [NavigateToURL] successfully performed. With the following test data [https://duckduckgo.com]. @28-09-2021 01:54:52.0107 AM
[ReportManager] Browser Action [CloseCurrentWindow] successfully performed. @28-09-2021 01:54:52.0202 AM
[ReportManager] Successfully created attachment [Browser Action Test Data - CloseCurrentWindow - Actual Value] @28-09-2021 01:54:52.0205 A
[ReportManager] File Action [GetAbsolutePath] successfully performed. With the following test data [Relative Folder Path: "target/downloadedFiles/"]. @28-09-2021 01:54:52.0212 AM
[ReportManager] Attempting to run remotely on: [Linux-64], [GoogleChrome], [http://localhost:4444/wd/hub], Headless Execution. @28-09-2021 01:54:52.0212 AM
[ReportManager] Successfully Opened [GoogleChrome]. @28-09-2021 01:54:52.0403 AM
[ReportManager] Target URL: [https://duckduckgo.com] @28-09-2021 01:54:52.0419 AM
[ReportManager] Initial URL: [data:,] @28-09-2021 01:54:52.0457 AM
[ReportManager] Browser Action [NavigateToURL] successfully performed. With the following test data [https://duckduckgo.com]. @28-09-2021 01:54:52.0894 A

################################################################################################################################################
Starting Execution:	[55 out of 144] test cases in the current suite
Test Method:		[unitTests.tests_browserActions.getCurrentURL]
################################################################################################################################################
[ReportManager] Browser Action [GetCurrentURL] successfully performed. With the following test data [https://duckduckgo.com/]. @28-09-2021 01:54:52.0933 A
[ReportManager] Target URL: [https://duckduckgo.com] @28-09-2021 01:54:52.0936 AM
[ReportManager] Initial URL: [https://duckduckgo.com] @28-09-2021 01:54:52.0989 AM
[ReportManager] Browser Action [NavigateToURL] successfully performed. With the following test data [https://duckduckgo.com]. @28-09-2021 01:54:53.0271 AM
[ReportManager] Browser Action [CloseCurrentWindow] successfully performed. @28-09-2021 01:54:53.0388 AM
[ReportManager] Successfully created attachment [Browser Action Test Data - CloseCurrentWindow - Actual Value] @28-09-2021 01:54:53.0389 A
[ReportManager] File Action [GetAbsolutePath] successfully performed. With the following test data [Relative Folder Path: "target/downloadedFiles/"]. @28-09-2021 01:54:53.0392 AM
[ReportManager] Attempting to run remotely on: [Linux-64], [GoogleChrome], [http://localhost:4444/wd/hub], Headless Execution. @28-09-2021 01:54:53.0392 AM
[ReportManager] Successfully Opened [GoogleChrome]. @28-09-2021 01:54:53.0595 AM
[ReportManager] Target URL: [https://duckduckgo.com] @28-09-2021 01:54:53.0609 AM
[ReportManager] Initial URL: [data:,] @28-09-2021 01:54:53.0662 AM
[ReportManager] Browser Action [NavigateToURL] successfully performed. With the following test data [https://duckduckgo.com]. @28-09-2021 01:54:54.0180 A

################################################################################################################################################
Starting Execution:	[56 out of 144] test cases in the current suite
Test Method:		[unitTests.tests_browserActions.getCurrentWindowTitle]
################################################################################################################################################
[ReportManager] Browser Action [GetCurrentWindowTitle] successfully performed. With the following test data [DuckDuckGo  Privacy, simplified.]. @28-09-2021 01:54:54.0225 A
[ReportManager] Target URL: [https://duckduckgo.com] @28-09-2021 01:54:54.0235 AM
[ReportManager] Initial URL: [https://duckduckgo.com] @28-09-2021 01:54:54.0292 AM
[ReportManager] Browser Action [NavigateToURL] successfully performed. With the following test data [https://duckduckgo.com]. @28-09-2021 01:54:54.0633 AM
[ReportManager] Browser Action [CloseCurrentWindow] successfully performed. @28-09-2021 01:54:54.0743 AM
[ReportManager] Successfully created attachment [Browser Action Test Data - CloseCurrentWindow - Actual Value] @28-09-2021 01:54:54.0744 A
[ReportManager] File Action [GetAbsolutePath] successfully performed. With the following test data [Relative Folder Path: "target/downloadedFiles/"]. @28-09-2021 01:54:54.0752 AM
[ReportManager] Attempting to run remotely on: [Linux-64], [GoogleChrome], [http://localhost:4444/wd/hub], Headless Execution. @28-09-2021 01:54:54.0753 AM
[ReportManager] Successfully Opened [GoogleChrome]. @28-09-2021 01:54:54.0989 AM
[ReportManager] Target URL: [https://duckduckgo.com] @28-09-2021 01:54:55.0017 AM
[ReportManager] Initial URL: [data:,] @28-09-2021 01:54:55.0062 AM
[ReportManager] Browser Action [NavigateToURL] successfully performed. With the following test data [https://duckduckgo.com]. @28-09-2021 01:54:55.0576 A

################################################################################################################################################
Starting Execution:	[57 out of 144] test cases in the current suite
Test Method:		[unitTests.tests_browserActions.getPageSource]
################################################################################################################################################
[ReportManager] Browser Action [GetPageSource] successfully performed. @28-09-2021 01:54:55.0627 AM
[ReportManager] Successfully created attachment [Browser Action Test Data - GetPageSource - Actual Value] @28-09-2021 01:54:55.0627 A
[ReportManager] Target URL: [https://duckduckgo.com] @28-09-2021 01:54:55.0630 AM
[ReportManager] Initial URL: [https://duckduckgo.com] @28-09-2021 01:54:55.0683 AM
[ReportManager] Browser Action [NavigateToURL] successfully performed. With the following test data [https://duckduckgo.com]. @28-09-2021 01:54:55.0953 AM
[ReportManager] Browser Action [CloseCurrentWindow] successfully performed. @28-09-2021 01:54:56.0047 AM
[ReportManager] Successfully created attachment [Browser Action Test Data - CloseCurrentWindow - Actual Value] @28-09-2021 01:54:56.0048 A
[ReportManager] File Action [GetAbsolutePath] successfully performed. With the following test data [Relative Folder Path: "target/downloadedFiles/"]. @28-09-2021 01:54:56.0050 AM
[ReportManager] Attempting to run remotely on: [Linux-64], [GoogleChrome], [http://localhost:4444/wd/hub], Headless Execution. @28-09-2021 01:54:56.0051 AM
[ReportManager] Successfully Opened [GoogleChrome]. @28-09-2021 01:54:56.0236 AM
[ReportManager] Target URL: [https://duckduckgo.com] @28-09-2021 01:54:56.0247 AM
[ReportManager] Initial URL: [data:,] @28-09-2021 01:54:56.0281 AM
[ReportManager] Browser Action [NavigateToURL] successfully performed. With the following test data [https://duckduckgo.com]. @28-09-2021 01:54:56.0700 A

################################################################################################################################################
Starting Execution:	[58 out of 144] test cases in the current suite
Test Method:		[unitTests.tests_browserActions.getWindowHandle]
################################################################################################################################################
[ReportManager] Browser Action [GetWindowHandle] successfully performed. With the following test data [CDwindow-233FB1ADABB29A8FE9E218F399352FBB]. @28-09-2021 01:54:56.0732 A
[ReportManager] Target URL: [https://duckduckgo.com] @28-09-2021 01:54:56.0734 AM
[ReportManager] Initial URL: [https://duckduckgo.com] @28-09-2021 01:54:56.0781 AM
[ReportManager] Browser Action [NavigateToURL] successfully performed. With the following test data [https://duckduckgo.com]. @28-09-2021 01:54:57.0036 AM
[ReportManager] Browser Action [CloseCurrentWindow] successfully performed. @28-09-2021 01:54:57.0132 AM
[ReportManager] Successfully created attachment [Browser Action Test Data - CloseCurrentWindow - Actual Value] @28-09-2021 01:54:57.0133 A
[ReportManager] File Action [GetAbsolutePath] successfully performed. With the following test data [Relative Folder Path: "target/downloadedFiles/"]. @28-09-2021 01:54:57.0136 AM
[ReportManager] Attempting to run remotely on: [Linux-64], [GoogleChrome], [http://localhost:4444/wd/hub], Headless Execution. @28-09-2021 01:54:57.0136 AM
[ReportManager] Successfully Opened [GoogleChrome]. @28-09-2021 01:54:57.0301 AM
[ReportManager] Target URL: [https://duckduckgo.com] @28-09-2021 01:54:57.0318 AM
[ReportManager] Initial URL: [data:,] @28-09-2021 01:54:57.0352 AM
[ReportManager] Browser Action [NavigateToURL] successfully performed. With the following test data [https://duckduckgo.com]. @28-09-2021 01:54:57.0757 A

################################################################################################################################################
Starting Execution:	[59 out of 144] test cases in the current suite
Test Method:		[unitTests.tests_browserActions.getWindowPosition]
################################################################################################################################################
[ReportManager] Browser Action [GetWindowPosition] successfully performed. With the following test data [(0, 0)]. @28-09-2021 01:54:57.0791 A
[ReportManager] Target URL: [https://duckduckgo.com] @28-09-2021 01:54:57.0793 AM
[ReportManager] Initial URL: [https://duckduckgo.com] @28-09-2021 01:54:57.0841 AM
[ReportManager] Browser Action [NavigateToURL] successfully performed. With the following test data [https://duckduckgo.com]. @28-09-2021 01:54:58.0155 AM
[ReportManager] Browser Action [CloseCurrentWindow] successfully performed. @28-09-2021 01:54:58.0248 AM
[ReportManager] Successfully created attachment [Browser Action Test Data - CloseCurrentWindow - Actual Value] @28-09-2021 01:54:58.0249 A
[ReportManager] File Action [GetAbsolutePath] successfully performed. With the following test data [Relative Folder Path: "target/downloadedFiles/"]. @28-09-2021 01:54:58.0251 AM
[ReportManager] Attempting to run remotely on: [Linux-64], [GoogleChrome], [http://localhost:4444/wd/hub], Headless Execution. @28-09-2021 01:54:58.0251 AM
[ReportManager] Successfully Opened [GoogleChrome]. @28-09-2021 01:54:58.0485 AM
[ReportManager] Target URL: [https://duckduckgo.com] @28-09-2021 01:54:58.0515 AM
[ReportManager] Initial URL: [data:,] @28-09-2021 01:54:58.0549 AM
[ReportManager] Browser Action [NavigateToURL] successfully performed. With the following test data [https://duckduckgo.com]. @28-09-2021 01:54:58.0958 A

################################################################################################################################################
Starting Execution:	[60 out of 144] test cases in the current suite
Test Method:		[unitTests.tests_browserActions.getWindowSize]
################################################################################################################################################
[ReportManager] Browser Action [GetWindowSize] successfully performed. With the following test data [(800, 600)]. @28-09-2021 01:54:58.0989 A
[ReportManager] Target URL: [https://duckduckgo.com] @28-09-2021 01:54:58.0990 AM
[ReportManager] Initial URL: [https://duckduckgo.com] @28-09-2021 01:54:59.0042 AM
[ReportManager] Browser Action [NavigateToURL] successfully performed. With the following test data [https://duckduckgo.com]. @28-09-2021 01:54:59.0303 AM
[ReportManager] Browser Action [CloseCurrentWindow] successfully performed. @28-09-2021 01:54:59.0397 AM
[ReportManager] Successfully created attachment [Browser Action Test Data - CloseCurrentWindow - Actual Value] @28-09-2021 01:54:59.0398 A
[ReportManager] File Action [GetAbsolutePath] successfully performed. With the following test data [Relative Folder Path: "target/downloadedFiles/"]. @28-09-2021 01:54:59.0402 AM
[ReportManager] Attempting to run remotely on: [Linux-64], [GoogleChrome], [http://localhost:4444/wd/hub], Headless Execution. @28-09-2021 01:54:59.0402 AM
[ReportManager] Successfully Opened [GoogleChrome]. @28-09-2021 01:54:59.0566 AM
[ReportManager] Target URL: [https://duckduckgo.com] @28-09-2021 01:54:59.0580 AM
[ReportManager] Initial URL: [data:,] @28-09-2021 01:54:59.0621 AM
[ReportManager] Browser Action [NavigateToURL] successfully performed. With the following test data [https://duckduckgo.com]. @28-09-2021 01:55:00.0037 A

################################################################################################################################################
Starting Execution:	[61 out of 144] test cases in the current suite
Test Method:		[unitTests.tests_browserActions.maximizeWindow]
################################################################################################################################################
[ReportManager] Initial window size: (800, 600) @28-09-2021 01:55:00.0047 AM
[ReportManager] Window size after Toolkit: (1920, 1080) @28-09-2021 01:55:00.0265 AM
[ReportManager] Browser Action [MaximizeWindow] successfully performed. With the following test data [New screen size is now: (1920, 1080)]. @28-09-2021 01:55:00.0267 A
[ReportManager] Target URL: [https://duckduckgo.com] @28-09-2021 01:55:00.0269 AM
[ReportManager] Initial URL: [https://duckduckgo.com] @28-09-2021 01:55:00.0328 AM
[ReportManager] Browser Action [NavigateToURL] successfully performed. With the following test data [https://duckduckgo.com]. @28-09-2021 01:55:00.0611 AM
[ReportManager] Browser Action [CloseCurrentWindow] successfully performed. @28-09-2021 01:55:00.0709 AM
[ReportManager] Successfully created attachment [Browser Action Test Data - CloseCurrentWindow - Actual Value] @28-09-2021 01:55:00.0709 A
[ReportManager] File Action [GetAbsolutePath] successfully performed. With the following test data [Relative Folder Path: "target/downloadedFiles/"]. @28-09-2021 01:55:00.0712 AM
[ReportManager] Attempting to run remotely on: [Linux-64], [GoogleChrome], [http://localhost:4444/wd/hub], Headless Execution. @28-09-2021 01:55:00.0713 AM
[ReportManager] Successfully Opened [GoogleChrome]. @28-09-2021 01:55:00.0929 AM
[ReportManager] Target URL: [https://duckduckgo.com] @28-09-2021 01:55:00.0944 AM
[ReportManager] Initial URL: [data:,] @28-09-2021 01:55:00.0978 AM
[ReportManager] Browser Action [NavigateToURL] successfully performed. With the following test data [https://duckduckgo.com]. @28-09-2021 01:55:01.0430 A

################################################################################################################################################
Starting Execution:	[62 out of 144] test cases in the current suite
Test Method:		[unitTests.tests_browserActions.navigateBack]
################################################################################################################################################
[ReportManager] Target URL: [https://www.google.com/ncr], and after redirection: [https://www.google.com] @28-09-2021 01:55:01.0433 AM
[ReportManager] Initial URL: [https://duckduckgo.com] @28-09-2021 01:55:01.0486 AM
[ReportManager] Browser Action [NavigateToURL] successfully performed. With the following test data [https://www.google.com/ncr]. @28-09-2021 01:55:02.0160 AM
[ReportManager] Browser Action [NavigateBack] successfully performed. With the following test data [https://duckduckgo.com/]. @28-09-2021 01:55:02.0482 AM
[ReportManager] Browser Action [GetCurrentURL] successfully performed. With the following test data [https://duckduckgo.com/]. @28-09-2021 01:55:02.0517 AM
[ReportManager] Assertion Passed: Confirming that navigating back was successful @28-09-2021 01:55:02.0636 AM
[ReportManager] Successfully created attachment [Screenshot - 1632794102582_navigateBack_ValidateBrowserAttribute_passed] @28-09-2021 01:55:02.0636 AM
[ReportManager] Assertion [ValidateBrowserAttribute] PASSED. Expected [Value Should be 'https://duckduckgo.com' for the 'CurrentUrl' attribute] and Actual [https://duckduckgo.com/]. Comparison Type [CONTAINS]. Validation Type [POSITIVE]. @28-09-2021 01:55:02.0636 A
[ReportManager] Target URL: [https://duckduckgo.com] @28-09-2021 01:55:02.0638 AM
[ReportManager] Initial URL: [https://duckduckgo.com] @28-09-2021 01:55:02.0686 AM
[ReportManager] Browser Action [NavigateToURL] successfully performed. With the following test data [https://duckduckgo.com]. @28-09-2021 01:55:02.0949 AM
[ReportManager] Browser Action [CloseCurrentWindow] successfully performed. @28-09-2021 01:55:03.0043 AM
[ReportManager] Successfully created attachment [Browser Action Test Data - CloseCurrentWindow - Actual Value] @28-09-2021 01:55:03.0043 A
[ReportManager] File Action [GetAbsolutePath] successfully performed. With the following test data [Relative Folder Path: "target/downloadedFiles/"]. @28-09-2021 01:55:03.0045 AM
[ReportManager] Attempting to run remotely on: [Linux-64], [GoogleChrome], [http://localhost:4444/wd/hub], Headless Execution. @28-09-2021 01:55:03.0045 AM
[ReportManager] Successfully Opened [GoogleChrome]. @28-09-2021 01:55:03.0210 AM
[ReportManager] Target URL: [https://duckduckgo.com] @28-09-2021 01:55:03.0220 AM
[ReportManager] Initial URL: [data:,] @28-09-2021 01:55:03.0267 AM
[ReportManager] Browser Action [NavigateToURL] successfully performed. With the following test data [https://duckduckgo.com]. @28-09-2021 01:55:03.0670 A

################################################################################################################################################
Starting Execution:	[63 out of 144] test cases in the current suite
Test Method:		[unitTests.tests_browserActions.navigateForward]
################################################################################################################################################
[ReportManager] Target URL: [https://www.google.com/ncr], and after redirection: [https://www.google.com] @28-09-2021 01:55:03.0676 AM
[ReportManager] Initial URL: [https://duckduckgo.com] @28-09-2021 01:55:03.0728 AM
[ReportManager] Browser Action [NavigateToURL] successfully performed. With the following test data [https://www.google.com/ncr]. @28-09-2021 01:55:05.0392 AM
[ReportManager] Browser Action [NavigateBack] successfully performed. With the following test data [https://duckduckgo.com/]. @28-09-2021 01:55:05.0701 AM
[ReportManager] Browser Action [NavigateForward] successfully performed. With the following test data [https://www.google.com/]. @28-09-2021 01:55:06.0075 A
[ReportManager] Target URL: [https://duckduckgo.com] @28-09-2021 01:55:06.0077 AM
[ReportManager] Initial URL: [https://www.google.com] @28-09-2021 01:55:06.0148 AM
[ReportManager] Browser Action [NavigateToURL] successfully performed. With the following test data [https://duckduckgo.com]. @28-09-2021 01:55:06.0514 AM
[ReportManager] Browser Action [CloseCurrentWindow] successfully performed. @28-09-2021 01:55:06.0605 AM
[ReportManager] Successfully created attachment [Browser Action Test Data - CloseCurrentWindow - Actual Value] @28-09-2021 01:55:06.0606 A
[ReportManager] File Action [GetAbsolutePath] successfully performed. With the following test data [Relative Folder Path: "target/downloadedFiles/"]. @28-09-2021 01:55:06.0609 AM
[ReportManager] Attempting to run remotely on: [Linux-64], [GoogleChrome], [http://localhost:4444/wd/hub], Headless Execution. @28-09-2021 01:55:06.0609 AM
[ReportManager] Successfully Opened [GoogleChrome]. @28-09-2021 01:55:06.0783 AM
[ReportManager] Target URL: [https://duckduckgo.com] @28-09-2021 01:55:06.0793 AM
[ReportManager] Initial URL: [data:,] @28-09-2021 01:55:06.0835 AM
[ReportManager] Browser Action [NavigateToURL] successfully performed. With the following test data [https://duckduckgo.com]. @28-09-2021 01:55:07.0246 A

################################################################################################################################################
Starting Execution:	[64 out of 144] test cases in the current suite
Test Method:		[unitTests.tests_browserActions.navigateToURL]
################################################################################################################################################
[ReportManager] Target URL: [https://duckduckgo.com] @28-09-2021 01:55:07.0253 AM
[ReportManager] Initial URL: [https://duckduckgo.com] @28-09-2021 01:55:07.0302 AM
[ReportManager] Browser Action [NavigateToURL] successfully performed. With the following test data [https://duckduckgo.com]. @28-09-2021 01:55:07.0581 A
[ReportManager] Target URL: [https://duckduckgo.com] @28-09-2021 01:55:07.0583 AM
[ReportManager] Initial URL: [https://duckduckgo.com] @28-09-2021 01:55:07.0629 AM
[ReportManager] Browser Action [NavigateToURL] successfully performed. With the following test data [https://duckduckgo.com]. @28-09-2021 01:55:07.0901 AM
[ReportManager] Browser Action [CloseCurrentWindow] successfully performed. @28-09-2021 01:55:07.0997 AM
[ReportManager] Successfully created attachment [Browser Action Test Data - CloseCurrentWindow - Actual Value] @28-09-2021 01:55:07.0998 A
[ReportManager] File Action [GetAbsolutePath] successfully performed. With the following test data [Relative Folder Path: "target/downloadedFiles/"]. @28-09-2021 01:55:08.0001 AM
[ReportManager] Attempting to run remotely on: [Linux-64], [GoogleChrome], [http://localhost:4444/wd/hub], Headless Execution. @28-09-2021 01:55:08.0001 AM
[ReportManager] Successfully Opened [GoogleChrome]. @28-09-2021 01:55:08.0182 AM
[ReportManager] Target URL: [https://duckduckgo.com] @28-09-2021 01:55:08.0192 AM
[ReportManager] Initial URL: [data:,] @28-09-2021 01:55:08.0229 AM
[ReportManager] Browser Action [NavigateToURL] successfully performed. With the following test data [https://duckduckgo.com]. @28-09-2021 01:55:08.0642 A

################################################################################################################################################
Starting Execution:	[65 out of 144] test cases in the current suite
Test Method:		[unitTests.tests_browserActions.navigateToURLWithRedirection]
################################################################################################################################################
[ReportManager] Target URL: [https://www.google.com/ncr], and after redirection: [https://www.google.com] @28-09-2021 01:55:08.0646 AM
[ReportManager] Initial URL: [https://duckduckgo.com] @28-09-2021 01:55:08.0700 AM
[ReportManager] Browser Action [NavigateToURL] successfully performed. With the following test data [https://www.google.com/ncr]. @28-09-2021 01:55:12.0100 A
[ReportManager] Target URL: [https://duckduckgo.com] @28-09-2021 01:55:12.0101 AM
[ReportManager] Initial URL: [https://www.google.com] @28-09-2021 01:55:12.0175 AM
[ReportManager] Browser Action [NavigateToURL] successfully performed. With the following test data [https://duckduckgo.com]. @28-09-2021 01:55:12.0580 AM
[ReportManager] Browser Action [CloseCurrentWindow] successfully performed. @28-09-2021 01:55:12.0673 AM
[ReportManager] Successfully created attachment [Browser Action Test Data - CloseCurrentWindow - Actual Value] @28-09-2021 01:55:12.0674 A
[ReportManager] File Action [GetAbsolutePath] successfully performed. With the following test data [Relative Folder Path: "target/downloadedFiles/"]. @28-09-2021 01:55:12.0677 AM
[ReportManager] Attempting to run remotely on: [Linux-64], [GoogleChrome], [http://localhost:4444/wd/hub], Headless Execution. @28-09-2021 01:55:12.0677 AM
[ReportManager] Successfully Opened [GoogleChrome]. @28-09-2021 01:55:12.0848 AM
[ReportManager] Target URL: [https://duckduckgo.com] @28-09-2021 01:55:12.0859 AM
[ReportManager] Initial URL: [data:,] @28-09-2021 01:55:12.0904 AM
[ReportManager] Browser Action [NavigateToURL] successfully performed. With the following test data [https://duckduckgo.com]. @28-09-2021 01:55:13.0317 A

################################################################################################################################################
Starting Execution:	[66 out of 144] test cases in the current suite
Test Method:		[unitTests.tests_browserActions.refreshCurrentPage]
################################################################################################################################################
[ReportManager] Browser Action [RefreshCurrentPage] successfully performed. @28-09-2021 01:55:13.0476 AM
[ReportManager] Successfully created attachment [Browser Action Test Data - RefreshCurrentPage - Actual Value] @28-09-2021 01:55:13.0476 A
[ReportManager] Target URL: [https://duckduckgo.com] @28-09-2021 01:55:13.0479 AM
[ReportManager] Initial URL: [https://duckduckgo.com] @28-09-2021 01:55:13.0539 AM
[ReportManager] Browser Action [NavigateToURL] successfully performed. With the following test data [https://duckduckgo.com]. @28-09-2021 01:55:13.0776 AM
[ReportManager] Browser Action [CloseCurrentWindow] successfully performed. @28-09-2021 01:55:13.0869 AM
[ReportManager] Successfully created attachment [Browser Action Test Data - CloseCurrentWindow - Actual Value] @28-09-2021 01:55:13.0870 A
[ReportManager] File Action [GetAbsolutePath] successfully performed. With the following test data [Relative Folder Path: "target/downloadedFiles/"]. @28-09-2021 01:55:13.0872 AM
[ReportManager] Attempting to run remotely on: [Linux-64], [GoogleChrome], [http://localhost:4444/wd/hub], Headless Execution. @28-09-2021 01:55:13.0876 AM
[ReportManager] Successfully Opened [GoogleChrome]. @28-09-2021 01:55:14.0047 AM
[ReportManager] Target URL: [https://duckduckgo.com] @28-09-2021 01:55:14.0061 AM
[ReportManager] Initial URL: [data:,] @28-09-2021 01:55:14.0101 AM
[ReportManager] Browser Action [NavigateToURL] successfully performed. With the following test data [https://duckduckgo.com]. @28-09-2021 01:55:14.0517 A

################################################################################################################################################
Starting Execution:	[67 out of 144] test cases in the current suite
Test Method:		[unitTests.tests_browserActions.setWindowSize]
################################################################################################################################################
[ReportManager] Initial window size: (800, 600) @28-09-2021 01:55:14.0525 AM
[ReportManager] Window size after SWD: (1280, 720) @28-09-2021 01:55:14.0744 AM
[ReportManager] Browser Action [SetWindowSize] successfully performed. With the following test data [New screen size is now: (1280, 720)]. @28-09-2021 01:55:14.0744 A
[ReportManager] Target URL: [https://duckduckgo.com] @28-09-2021 01:55:14.0751 AM
[ReportManager] Initial URL: [https://duckduckgo.com] @28-09-2021 01:55:14.0812 AM
[ReportManager] Browser Action [NavigateToURL] successfully performed. With the following test data [https://duckduckgo.com]. @28-09-2021 01:55:15.0116 AM
[ReportManager] Browser Action [CloseCurrentWindow] successfully performed. @28-09-2021 01:55:15.0209 AM
[ReportManager] Successfully created attachment [Browser Action Test Data - CloseCurrentWindow - Actual Value] @28-09-2021 01:55:15.0210 A
[ReportManager] Successfully loaded the following test data file [src/test/resources/TestDataFiles/testSuite01/TestData.xlsx]. @28-09-2021 01:55:15.0846 AM
[ReportManager] Successfully created attachment [Test Data - Excel] @28-09-2021 01:55:15.0846 A

################################################################################################################################################
Starting Execution:	[68 out of 144] test cases in the current suite
Test Method:		[unitTests.tests_io_excelFileManager.getCellData_rowName_expectedToPass]
################################################################################################################################################
[ReportManager] testRowData. @28-09-2021 01:55:15.0859 A
[ReportManager] Successfully loaded the following test data file [src/test/resources/TestDataFiles/testSuite01/TestData.xlsx]. @28-09-2021 01:55:15.0909 AM
[ReportManager] Successfully created attachment [Test Data - Excel] @28-09-2021 01:55:15.0909 AM
[ReportManager] File Action [GetAbsolutePath] successfully performed. With the following test data [Relative Folder Path: "target/downloadedFiles/"]. @28-09-2021 01:55:15.0909 AM
[ReportManager] Attempting to run remotely on: [Linux-64], [GoogleChrome], [http://localhost:4444/wd/hub], Headless Execution. @28-09-2021 01:55:15.0910 AM
[ReportManager] Successfully Opened [GoogleChrome]. @28-09-2021 01:55:16.0171 A

################################################################################################################################################
Starting Execution:	[69 out of 144] test cases in the current suite
Test Method:		[testPackage01.Test_google.navigateToURLandVerifyGoogleLogoIsDisplayed]
Test Description:	[TC001 - Navigate to URL and Verify Google Logo is Displayed]
################################################################################################################################################
[ReportManager] Target URL: [https://www.google.com/ncr], and after redirection: [https://www.google.com] @28-09-2021 01:55:16.0184 AM
[ReportManager] Initial URL: [data:,] @28-09-2021 01:55:16.0218 AM
[ReportManager] Browser Action [NavigateToURL] successfully performed. With the following test data [https://www.google.com/ncr]. @28-09-2021 01:55:16.0952 AM
[ReportManager] Loaded Shared OpenCV @28-09-2021 01:55:17.0152 AM
[ReportManager] Assertion [ValidateElementExists] PASSED. Expected [Element Should Exist, locator 'By.xpath: //*[@id='hplogo' or @alt='Google']'] and Actual [Element Exists]. Comparison Type [EQUALS]. Validation Type [POSITIVE]. @28-09-2021 01:55:17.0219 AM
[ReportManager] Successfully created attachment [Screenshot - 1632794117152_navigateToURLandVerifyGoogleLogoIsDisplayed_ValidateElementExists_passed] @28-09-2021 01:55:17.0220 A

################################################################################################################################################
Starting Execution:	[70 out of 144] test cases in the current suite
Test Method:		[testPackage01.Test_google.searchForQueryandAssertResultsNumDisplayed]
Test Description:	[TC002 - Search for Query and Assert that the number of results is displayed]
################################################################################################################################################
[ReportManager] Element Action [Type] successfully performed. With the following test data [SHAFT_Engine]. @28-09-2021 01:55:17.0538 AM
[ReportManager] Element Action [KeyPress] successfully performed. With the following test data [Enter]. @28-09-2021 01:55:19.0006 AM
[ReportManager] Element Action [GetText] successfully performed. With the following test data [About 893,000 results (0.80 seconds) ]. @28-09-2021 01:55:19.0079 AM
[ReportManager] Loaded Shared OpenCV @28-09-2021 01:55:19.0293 AM
[ReportManager] Assertion [ValidateElementAttribute] PASSED. Expected [Value Should not be '' for the 'Text' attribute, element locator 'By.id: appbar'] and Actual [About 893,000 results (0.80 seconds) ]. Comparison Type [EQUALS]. Validation Type [NEGATIVE]. @28-09-2021 01:55:19.0372 AM
[ReportManager] Successfully created attachment [Screenshot - 1632794119293_searchForQueryandAssertResultsNumDisplayed_ValidateElementAttribute_passed] @28-09-2021 01:55:19.0373 A

################################################################################################################################################
Starting Execution:	[71 out of 144] test cases in the current suite
Test Method:		[testPackage01.Test_google.clickNextThrice]
Test Description:	[TC003 - Clicks the next button to make sure that the framework can scroll element into view before clicking it]
################################################################################################################################################
[ReportManager] Element Action [Click] successfully performed. With the following test data [Next]. @28-09-2021 01:55:21.0723 A
[ReportManager] Browser Action [CloseCurrentWindow] successfully performed. @28-09-2021 01:55:22.0004 AM
[ReportManager] Successfully created attachment [Browser Action Test Data - CloseCurrentWindow - Actual Value] @28-09-2021 01:55:22.0005 A

################################################################################################################################################
Starting Execution:	[72 out of 144] test cases in the current suite
Test Method:		[testPackage01.Test_testData.f]
################################################################################################################################################
[ReportManager] Successfully loaded the following test data file [src/test/resources/TestDataFiles/testSuite01/TestData.xlsx]. @28-09-2021 01:55:22.0054 AM
[ReportManager] Successfully created attachment [Test Data - Excel] @28-09-2021 01:55:22.0054 AM
[ReportManager] Last Column Number is: [3]. Zero-based. @28-09-2021 01:55:22.0055 A

################################################################################################################################################
Starting Execution:	[73 out of 144] test cases in the current suite
Test Method:		[testPackage01.Test_PDF.testPDF_Downloaded]
################################################################################################################################################
[ReportManager] File Action [DoesFileExist] successfully performed. With the following test data [File Path: "src/test/resources/TestDataFiles/sample.pdf"]. @28-09-2021 01:55:22.0070 AM
[ReportManager] File Action [GetAbsolutePath] successfully performed. With the following test data [Relative File Path: "src/test/resources/TestDataFiles/sample.pdf"]. @28-09-2021 01:55:22.0070 AM
[ReportManager] Assertion [ValidateTrue] PASSED. Expected [TRUE] and Actual [TRUE]. Validation Type [POSITIVE]. @28-09-2021 01:55:22.0685 A

################################################################################################################################################
Starting Execution:	[74 out of 144] test cases in the current suite
Test Method:		[testPackage01.Test_JSONFileManager.readStringFromJson]
################################################################################################################################################
[ReportManager] Successfully loaded the following test data file [src/test/resources/TestDataFiles/simpleJSON.json]. @28-09-2021 01:55:22.0692 AM
[ReportManager] Successfully created attachment [Test Data - JSON] @28-09-2021 01:55:22.0692 AM
[ReportManager] Assertion [ValidateEquals] PASSED. Expected [Mohab Mohie] and Actual [Mohab Mohie]. Comparison Type [EQUALS]. Validation Type [POSITIVE]. @28-09-2021 01:55:22.0710 A
[ReportManager] File Action [GetAbsolutePath] successfully performed. With the following test data [Relative Folder Path: "target/downloadedFiles/"]. @28-09-2021 01:55:22.0712 AM
[ReportManager] Attempting to run remotely on: [Linux-64], [GoogleChrome], [http://localhost:4444/wd/hub], Headless Execution. @28-09-2021 01:55:22.0713 AM
[ReportManager] Successfully Opened [GoogleChrome]. @28-09-2021 01:55:22.0924 A

################################################################################################################################################
Starting Execution:	[75 out of 144] test cases in the current suite
Test Method:		[testPackage01.Test_dragAndDrop.dragAndDropJquery]
################################################################################################################################################
[ReportManager] Target URL: [https://jqueryui.com/resources/demos/droppable/default.html] @28-09-2021 01:55:22.0944 AM
[ReportManager] Initial URL: [data:,] @28-09-2021 01:55:22.0991 AM
[ReportManager] Browser Action [NavigateToURL] successfully performed. With the following test data [https://jqueryui.com/resources/demos/droppable/default.html]. @28-09-2021 01:55:23.0305 AM
[ReportManager] Element Action [GetText] successfully performed. With the following test data [Drop here]. @28-09-2021 01:55:23.0384 AM
[ReportManager] Element Action [DragAndDrop] successfully performed. With the following test data [Start point: (8, 18), End point: (8, 18)]. @28-09-2021 01:55:24.0671 AM
[ReportManager] Element Action [GetText] successfully performed. With the following test data [Dropped!]. @28-09-2021 01:55:24.0732 AM
[ReportManager] Assertion Passed: Checking to see if the text has changed after performing drag and drop @28-09-2021 01:55:24.0732 AM
[ReportManager] Assertion [ValidateEquals] PASSED. Expected [Drop here] and Actual [Dropped!]. Comparison Type [EQUALS]. Validation Type [NEGATIVE]. @28-09-2021 01:55:24.0732 A
[ReportManager] Browser Action [CloseCurrentWindow] successfully performed. @28-09-2021 01:55:24.0825 AM
[ReportManager] Successfully created attachment [Browser Action Test Data - CloseCurrentWindow - Actual Value] @28-09-2021 01:55:24.0828 A
[ReportManager] File Action [GetAbsolutePath] successfully performed. With the following test data [Relative Folder Path: "target/downloadedFiles/"]. @28-09-2021 01:55:24.0832 AM
[ReportManager] Attempting to run remotely on: [Linux-64], [GoogleChrome], [http://localhost:4444/wd/hub], Headless Execution. @28-09-2021 01:55:24.0833 AM
[ReportManager] Successfully Opened [GoogleChrome]. @28-09-2021 01:55:24.0992 A

################################################################################################################################################
Starting Execution:	[76 out of 144] test cases in the current suite
Test Method:		[testPackage01.Test_dragAndDrop.dragAndDrop]
Test Description:	[TC001 - Test Drag and Drop function.]
################################################################################################################################################
[ReportManager] Target URL: [http://the-internet.herokuapp.com/drag_and_drop] @28-09-2021 01:55:25.0006 AM
[ReportManager] Initial URL: [data:,] @28-09-2021 01:55:25.0045 AM
[ReportManager] Browser Action [NavigateToURL] successfully performed. With the following test data [http://the-internet.herokuapp.com/drag_and_drop]. @28-09-2021 01:55:25.0362 AM
[ReportManager] Attempting Drag and Drop @28-09-2021 01:55:25.0362 AM
[ReportManager] Element Action [DragAndDrop] successfully performed. With the following test data [Start point: (32, 89), End point: (247, 89)]. @28-09-2021 01:55:26.0525 A
[ReportManager] Browser Action [CloseCurrentWindow] successfully performed. @28-09-2021 01:55:26.0617 AM
[ReportManager] Successfully created attachment [Browser Action Test Data - CloseCurrentWindow - Actual Value] @28-09-2021 01:55:26.0617 A
[ReportManager] File Action [GetAbsolutePath] successfully performed. With the following test data [Relative Folder Path: "target/downloadedFiles/"]. @28-09-2021 01:55:26.0620 AM
[ReportManager] Attempting to run remotely on: [Linux-64], [GoogleChrome], [http://localhost:4444/wd/hub], Headless Execution. @28-09-2021 01:55:26.0620 AM
[ReportManager] Successfully Opened [GoogleChrome]. @28-09-2021 01:55:26.0817 A

################################################################################################################################################
Starting Execution:	[77 out of 144] test cases in the current suite
Test Method:		[testPackage01.Test_dragAndDrop.dragAndDropByOffset]
Test Description:	[TC002 - Test Drag and Drop by offset function.]
################################################################################################################################################
[ReportManager] Target URL: [https://jqueryui.com/resources/demos/draggable/default.html] @28-09-2021 01:55:26.0843 AM
[ReportManager] Initial URL: [data:,] @28-09-2021 01:55:26.0882 AM
[ReportManager] Browser Action [NavigateToURL] successfully performed. With the following test data [https://jqueryui.com/resources/demos/draggable/default.html]. @28-09-2021 01:55:27.0150 AM
[ReportManager] Element Action [DragAndDropByOffset] successfully performed. With the following test data [Start point: (8, 8), End point: (108, 58)]. @28-09-2021 01:55:27.0297 A
[ReportManager] Browser Action [CloseCurrentWindow] successfully performed. @28-09-2021 01:55:27.0386 AM
[ReportManager] Successfully created attachment [Browser Action Test Data - CloseCurrentWindow - Actual Value] @28-09-2021 01:55:27.0387 A
[ReportManager] File Action [GetAbsolutePath] successfully performed. With the following test data [Relative Folder Path: "target/downloadedFiles/"]. @28-09-2021 01:55:27.0390 AM
[ReportManager] Attempting to run remotely on: [Linux-64], [GoogleChrome], [http://localhost:4444/wd/hub], Headless Execution. @28-09-2021 01:55:27.0390 AM
[ReportManager] Successfully Opened [GoogleChrome]. @28-09-2021 01:55:27.0554 A

################################################################################################################################################
Starting Execution:	[78 out of 144] test cases in the current suite
Test Method:		[testPackage01.Test_verifyEquals.test_assertElementAttribute]
################################################################################################################################################
[ReportManager] Target URL: [https://www.google.com/ncr], and after redirection: [https://www.google.com] @28-09-2021 01:55:27.0569 AM
[ReportManager] Initial URL: [data:,] @28-09-2021 01:55:27.0605 AM
[ReportManager] Browser Action [NavigateToURL] successfully performed. With the following test data [https://www.google.com/ncr]. @28-09-2021 01:55:28.0338 AM
[ReportManager] Element Action [Type] successfully performed. With the following test data [INC_004010050:Another SCHEDULER with the same name [Duplicate Job Name] already exists.]. @28-09-2021 01:55:28.0917 AM
[ReportManager] Element Action [GetText] successfully performed. With the following test data [INC_004010050:Another SCHEDULER with the same name [Duplicate Job Name] already exists.]. @28-09-2021 01:55:28.0993 AM
[ReportManager] Loaded Shared OpenCV @28-09-2021 01:55:29.0110 AM
[ReportManager] Verification [ValidateElementAttribute] PASSED. Expected [Value Should be 'INC_004010050:Another SCHEDULER with the same name \[Duplicate Job Name\] already exists.' for the 'text' attribute, element locator 'By.name: q'] and Actual [INC_004010050:Another SCHEDULER with the same name [Duplicate Job Name] already exists.]. Comparison Type [MATCHES]. Validation Type [POSITIVE]. @28-09-2021 01:55:29.0198 AM
[ReportManager] Successfully created attachment [Screenshot - 1632794129110_test_assertElementAttribute_ValidateElementAttribute_passed] @28-09-2021 01:55:29.0199 A
[ReportManager] Browser Action [CloseCurrentWindow] successfully performed. @28-09-2021 01:55:29.0318 AM
[ReportManager] Successfully created attachment [Browser Action Test Data - CloseCurrentWindow - Actual Value] @28-09-2021 01:55:29.0320 A
[ReportManager] Successfully loaded the following test data file [src/test/resources/TestDataFiles/testSuite01/TestData.xlsx]. @28-09-2021 01:55:29.0366 AM
[ReportManager] Successfully created attachment [Test Data - Excel] @28-09-2021 01:55:29.0366 AM
[ReportManager] Attempting to run using Playwright locally on: [Linux-64], [GoogleChrome], Headless Execution. @28-09-2021 01:55:41.0343 AM
[ReportManager] File Action [GetAbsolutePath] successfully performed. With the following test data [Relative Folder Path: "target/downloadedFiles/"]. @28-09-2021 01:55:41.0344 AM
[ReportManager] Initial window size: (1280, 720) @28-09-2021 01:55:41.0642 AM
[ReportManager] Window size after Toolkit: com.microsoft.playwright.options.ViewportSize@a6719ed @28-09-2021 01:55:41.0649 AM
[ReportManager] Browser Action [MaximizeWindow] successfully performed. With the following test data [New screen size is now: (1920, 1080)]. @28-09-2021 01:55:41.0650 A

################################################################################################################################################
Starting Execution:	[79 out of 144] test cases in the current suite
Test Method:		[testPackage01.Test_google_playwright.navigateToURLandVerifyGoogleLogoIsDisplayed]
Test Description:	[TC001 - Navigate to URL and Verify Google Logo is Displayed]
################################################################################################################################################
[ReportManager] Target URL: [https://www.google.com/ncr], and after redirection: [https://www.google.com] @28-09-2021 01:55:41.0658 AM
[ReportManager] Initial URL: [about:blank] @28-09-2021 01:55:42.0137 AM
[ReportManager] Browser Action [NavigateToURL] successfully performed. With the following test data [https://www.google.com/ncr]. @28-09-2021 01:55:43.0188 AM
[ReportManager] Loaded Shared OpenCV @28-09-2021 01:55:43.0381 AM
[ReportManager] Assertion [ValidateElementExists] PASSED. Expected [Element Should Exist, locator 'xpath=//*[@id='hplogo' or @alt='Google']'] and Actual [Element Exists]. Comparison Type [EQUALS]. Validation Type [POSITIVE]. @28-09-2021 01:55:43.0584 AM
[ReportManager] Successfully created attachment [Screenshot - 1632794143378_navigateToURLandVerifyGoogleLogoIsDisplayed_ValidateElementExists_passed] @28-09-2021 01:55:43.0585 A

################################################################################################################################################
Starting Execution:	[80 out of 144] test cases in the current suite
Test Method:		[testPackage01.Test_google_playwright.searchForQueryandAssertResultsNumDisplayed]
Test Description:	[TC002 - Search for Query and Assert that the number of results is displayed]
################################################################################################################################################
[ReportManager] Element Action [Type] successfully performed. With the following test data [SHAFT_Engine]. @28-09-2021 01:55:43.0928 AM
[ReportManager] Element Action [KeyPress] successfully performed. With the following test data [Enter]. @28-09-2021 01:55:43.0956 AM
[ReportManager] Element Action [GetText] successfully performed. With the following test data [About 893,000 results (0.82 seconds)]. @28-09-2021 01:55:44.0950 AM
[ReportManager] Loaded Shared OpenCV @28-09-2021 01:55:46.0199 AM
[ReportManager] Assertion [ValidateElementAttribute] PASSED. Expected [Value Should not be '' for the 'text' attribute, element locator 'xpath=//div[@id='appbar']'] and Actual [About 893,000 results (0.82 seconds)]. Comparison Type [EQUALS]. Validation Type [NEGATIVE]. @28-09-2021 01:55:46.0461 AM
[ReportManager] Successfully created attachment [Screenshot - 1632794146198_searchForQueryandAssertResultsNumDisplayed_ValidateElementAttribute_passed] @28-09-2021 01:55:46.0478 A

################################################################################################################################################
Starting Execution:	[81 out of 144] test cases in the current suite
Test Method:		[testPackage01.Test_google_playwright.clickNextThrice]
Test Description:	[TC003 - Clicks the next button to make sure that the framework can scroll element into view before clicking it]
################################################################################################################################################
[ReportManager] Element Action [Click] successfully performed. With the following test data [Next]. @28-09-2021 01:55:46.0708 A
[ReportManager] Failed to find video recording. @28-09-2021 01:55:46.0715 AM
[ReportManager] Successfully Closed PlayWright Driver. @28-09-2021 01:55:46.0751 A

################################################################################################################################################
Starting Execution:	[82 out of 144] test cases in the current suite
Test Method:		[testPackage01.Test_JsonActions.f]
###############################################################################################################################################

################################################################################################################################################
Starting Execution:	[83 out of 144] test cases in the current suite
Test Method:		[testPackage01.Test_JsonActions.f2]
###############################################################################################################################################

################################################################################################################################################
Starting Execution:	[84 out of 144] test cases in the current suite
Test Method:		[testPackage01.Test_AssertApiResponseEquals.assertApiResponseEquals_expectedToPass]
################################################################################################################################################
[ReportManager] Response status code: [200], status line: [HTTP/1.1 200 OK] @28-09-2021 01:55:46.0818 AM
[ReportManager] Assertion Passed: Evaluating the actual response status code against the expected one... @28-09-2021 01:55:46.0818 AM
[ReportManager] Assertion [ValidateEquals] PASSED. Expected [200] and Actual [200]. Comparison Type [EQUALS]. Validation Type [POSITIVE]. @28-09-2021 01:55:46.0818 AM
[ReportManager] API Action [PerformRequest] successfully performed. With the following test data [Request Type: "GET" | Target Status Code: "200" | Service URL: "https://jsonplaceholder.typicode.com/users" | Content Type: "*/*" | Response Time: "41ms"]. @28-09-2021 01:55:46.0836 AM
[ReportManager] Successfully created attachment [API Request - Specifications] @28-09-2021 01:55:46.0836 AM
[ReportManager] Successfully created attachment [API Response - JSON Body] @28-09-2021 01:55:46.0837 AM
[ReportManager] API Action [GetResponseJSONValueAsList] successfully performed. With the following test data [$]. @28-09-2021 01:55:46.0840 AM
[ReportManager] API Action [GetResponseJSONValue] successfully performed. With the following test data [name]. @28-09-2021 01:55:46.0850 AM
[ReportManager] API Action [GetResponseJSONValue] successfully performed. With the following test data [email]. @28-09-2021 01:55:46.0857 AM
[ReportManager] Verification [ValidateEquals] PASSED. Expected [Sincere@april.biz] and Actual [Sincere@april.biz]. Comparison Type [EQUALS]. Validation Type [POSITIVE]. @28-09-2021 01:55:46.0858 AM
[ReportManager] API Action [GetResponseJSONValue] successfully performed. With the following test data [username]. @28-09-2021 01:55:46.0864 AM
[ReportManager] Assertion [ValidateEquals] PASSED. Expected [Bret] and Actual [Bret]. Comparison Type [EQUALS]. Validation Type [POSITIVE]. @28-09-2021 01:55:46.0865 AM
[ReportManager] API Action [GetResponseJSONValue] successfully performed. With the following test data [name]. @28-09-2021 01:55:46.0872 AM
[ReportManager] API Action [GetResponseJSONValue] successfully performed. With the following test data [name]. @28-09-2021 01:55:46.0879 AM
[ReportManager] API Action [GetResponseJSONValue] successfully performed. With the following test data [name]. @28-09-2021 01:55:46.0886 AM
[ReportManager] API Action [GetResponseJSONValue] successfully performed. With the following test data [name]. @28-09-2021 01:55:46.0892 AM
[ReportManager] API Action [GetResponseJSONValue] successfully performed. With the following test data [name]. @28-09-2021 01:55:46.0901 AM
[ReportManager] API Action [GetResponseJSONValue] successfully performed. With the following test data [name]. @28-09-2021 01:55:46.0910 AM
[ReportManager] API Action [GetResponseJSONValue] successfully performed. With the following test data [name]. @28-09-2021 01:55:46.0917 AM
[ReportManager] API Action [GetResponseJSONValue] successfully performed. With the following test data [name]. @28-09-2021 01:55:46.0930 AM
[ReportManager] API Action [GetResponseJSONValue] successfully performed. With the following test data [name]. @28-09-2021 01:55:46.0963 A
[ReportManager] File Action [GetAbsolutePath] successfully performed. With the following test data [Relative Folder Path: "target/downloadedFiles/"]. @28-09-2021 01:55:46.0965 AM
[ReportManager] Attempting to run remotely on: [Linux-64], [GoogleChrome], [http://localhost:4444/wd/hub], Headless Execution. @28-09-2021 01:55:46.0965 AM
[ReportManager] Successfully Opened [GoogleChrome]. @28-09-2021 01:55:47.0205 A

################################################################################################################################################
Starting Execution:	[85 out of 144] test cases in the current suite
Test Method:		[testPackage01.Test_ShadowDOM.shadowdom]
################################################################################################################################################
[ReportManager] Target URL: [https://mdn.github.io/web-components-examples/popup-info-box-web-component/] @28-09-2021 01:55:47.0217 AM
[ReportManager] Initial URL: [data:,] @28-09-2021 01:55:47.0252 AM
[ReportManager] Browser Action [NavigateToURL] successfully performed. With the following test data [https://mdn.github.io/web-components-examples/popup-info-box-web-component/]. @28-09-2021 01:55:47.0446 AM
[ReportManager] Element Action [Type] successfully performed. With the following test data [Typing into SHADOW DOM...]. @28-09-2021 01:55:47.0678 AM
[ReportManager] Element Action [GetText] successfully performed. With the following test data [Typing into SHADOW DOM...]. @28-09-2021 01:55:47.0767 AM
[ReportManager] Loaded Shared OpenCV @28-09-2021 01:55:47.0873 AM
[ReportManager] Assertion [ValidateElementAttribute] PASSED. Expected [Value Should be 'Typing into SHADOW DOM...' for the 'Text' attribute, element locator 'By.id: cvc'] and Actual [Typing into SHADOW DOM...]. Comparison Type [EQUALS]. Validation Type [POSITIVE]. @28-09-2021 01:55:47.0937 AM
[ReportManager] Successfully created attachment [Screenshot - 1632794147873_shadowdom_ValidateElementAttribute_passed] @28-09-2021 01:55:47.0938 A
[ReportManager] Browser Action [CloseCurrentWindow] successfully performed. @28-09-2021 01:55:48.0022 AM
[ReportManager] Successfully created attachment [Browser Action Test Data - CloseCurrentWindow - Actual Value] @28-09-2021 01:55:48.0023 A

################################################################################################################################################
Starting Execution:	[86 out of 144] test cases in the current suite
Test Method:		[testPackage01.Test_SelectedValue.multipleSelect]
################################################################################################################################################
[ReportManager] File Action [GetAbsolutePath] successfully performed. With the following test data [Relative Folder Path: "target/downloadedFiles/"]. @28-09-2021 01:55:48.0027 AM
[ReportManager] Attempting to run remotely on: [Linux-64], [GoogleChrome], [http://localhost:4444/wd/hub], Headless Execution. @28-09-2021 01:55:48.0027 AM
[ReportManager] Successfully Opened [GoogleChrome]. @28-09-2021 01:55:48.0215 AM
[ReportManager] Target URL: [https://yari-demos.prod.mdn.mozit.cloud/en-US/docs/Web/HTML/Element/select/_sample_.Advanced_select_with_multiple_features.html] @28-09-2021 01:55:48.0225 AM
[ReportManager] Initial URL: [data:,] @28-09-2021 01:55:48.0260 AM
[ReportManager] Browser Action [NavigateToURL] successfully performed. With the following test data [https://yari-demos.prod.mdn.mozit.cloud/en-US/docs/Web/HTML/Element/select/_sample_.Advanced_select_with_multiple_features.html]. @28-09-2021 01:55:48.0604 AM
[ReportManager] Element Action [Select] successfully performed. With the following test data [Dog]. @28-09-2021 01:55:48.0799 AM
[ReportManager] Element Action [Select] successfully performed. With the following test data [Cat]. @28-09-2021 01:55:48.0987 AM
[ReportManager] Element Action [GetSelectedText] successfully performed. With the following test data [DogCat]. @28-09-2021 01:55:49.0121 AM
[ReportManager] DogCat @28-09-2021 01:55:49.0121 AM
[ReportManager] Element Action [GetSelectedText] successfully performed. With the following test data [DogCat]. @28-09-2021 01:55:49.0228 AM
[ReportManager] Loaded Shared OpenCV @28-09-2021 01:55:49.0355 AM
[ReportManager] Assertion [ValidateElementAttribute] PASSED. Expected [Value Should be 'DogCat' for the 'selectedText' attribute, element locator 'By.tagName: select'] and Actual [DogCat]. Comparison Type [EQUALS]. Validation Type [POSITIVE]. @28-09-2021 01:55:49.0420 AM
[ReportManager] Successfully created attachment [Screenshot - 1632794149355_multipleSelect_ValidateElementAttribute_passed] @28-09-2021 01:55:49.0421 AM
[ReportManager] Browser Action [CloseCurrentWindow] successfully performed. @28-09-2021 01:55:49.0508 AM
[ReportManager] Successfully created attachment [Browser Action Test Data - CloseCurrentWindow - Actual Value] @28-09-2021 01:55:49.0508 A

################################################################################################################################################
Starting Execution:	[87 out of 144] test cases in the current suite
Test Method:		[testPackage01.Test_SelectedValue.simpleSelect]
################################################################################################################################################
[ReportManager] File Action [GetAbsolutePath] successfully performed. With the following test data [Relative Folder Path: "target/downloadedFiles/"]. @28-09-2021 01:55:49.0516 AM
[ReportManager] Attempting to run remotely on: [Linux-64], [GoogleChrome], [http://localhost:4444/wd/hub], Headless Execution. @28-09-2021 01:55:49.0517 AM
[ReportManager] Successfully Opened [GoogleChrome]. @28-09-2021 01:55:49.0681 AM
[ReportManager] Target URL: [https://yari-demos.prod.mdn.mozit.cloud/en-US/docs/Web/HTML/Element/select/_sample_.Basic_select.html] @28-09-2021 01:55:49.0697 AM
[ReportManager] Initial URL: [data:,] @28-09-2021 01:55:49.0740 AM
[ReportManager] Browser Action [NavigateToURL] successfully performed. With the following test data [https://yari-demos.prod.mdn.mozit.cloud/en-US/docs/Web/HTML/Element/select/_sample_.Basic_select.html]. @28-09-2021 01:55:49.0992 AM
[ReportManager] Element Action [Select] successfully performed. With the following test data [Third Value]. @28-09-2021 01:55:50.0240 AM
[ReportManager] Element Action [GetSelectedText] successfully performed. With the following test data [Third Value]. @28-09-2021 01:55:50.0340 AM
[ReportManager] Third Value @28-09-2021 01:55:50.0340 AM
[ReportManager] Element Action [GetSelectedText] successfully performed. With the following test data [Third Value]. @28-09-2021 01:55:50.0432 AM
[ReportManager] Loaded Shared OpenCV @28-09-2021 01:55:50.0533 AM
[ReportManager] Assertion [ValidateElementAttribute] PASSED. Expected [Value Should be 'Third Value' for the 'selectedText' attribute, element locator 'By.tagName: select'] and Actual [Third Value]. Comparison Type [EQUALS]. Validation Type [POSITIVE]. @28-09-2021 01:55:50.0595 AM
[ReportManager] Successfully created attachment [Screenshot - 1632794150533_simpleSelect_ValidateElementAttribute_passed] @28-09-2021 01:55:50.0596 AM
[ReportManager] Browser Action [CloseCurrentWindow] successfully performed. @28-09-2021 01:55:50.0692 AM
[ReportManager] Successfully created attachment [Browser Action Test Data - CloseCurrentWindow - Actual Value] @28-09-2021 01:55:50.0692 A
[ReportManager] File Action [GetAbsolutePath] successfully performed. With the following test data [Relative Folder Path: "target/downloadedFiles/"]. @28-09-2021 01:55:50.0700 AM
[ReportManager] Attempting to run remotely on: [Linux-64], [GoogleChrome], [http://localhost:4444/wd/hub], Headless Execution. @28-09-2021 01:55:50.0700 AM
[ReportManager] Successfully Opened [GoogleChrome]. @28-09-2021 01:55:50.0866 A

################################################################################################################################################
Starting Execution:	[88 out of 144] test cases in the current suite
Test Method:		[testPackage01.Test_IsElementClickable.testIsElementClickable]
################################################################################################################################################
[ReportManager] Target URL: [https://the-internet.herokuapp.com/] @28-09-2021 01:55:50.0881 AM
[ReportManager] Initial URL: [data:,] @28-09-2021 01:55:50.0916 AM
[ReportManager] Browser Action [NavigateToURL] successfully performed. With the following test data [https://the-internet.herokuapp.com/]. @28-09-2021 01:55:51.0213 AM
[ReportManager] Element Action [IsElementClickable] successfully performed. @28-09-2021 01:55:51.0355 AM
[ReportManager] Assertion [ValidateTrue] PASSED. Expected [TRUE] and Actual [TRUE]. Validation Type [POSITIVE]. @28-09-2021 01:55:51.0355 A
[ReportManager] Browser Action [CloseCurrentWindow] successfully performed. @28-09-2021 01:55:51.0453 AM
[ReportManager] Successfully created attachment [Browser Action Test Data - CloseCurrentWindow - Actual Value] @28-09-2021 01:55:51.0454 A
[ReportManager] File Action [GetAbsolutePath] successfully performed. With the following test data [Relative Folder Path: "target/downloadedFiles/"]. @28-09-2021 01:55:51.0456 AM
[ReportManager] Attempting to run remotely on: [Linux-64], [GoogleChrome], [http://localhost:4444/wd/hub], Headless Execution. @28-09-2021 01:55:51.0456 AM
[ReportManager] Successfully Opened [GoogleChrome]. @28-09-2021 01:55:51.0619 A

################################################################################################################################################
Starting Execution:	[89 out of 144] test cases in the current suite
Test Method:		[testPackage01.Test_clipboardActions.typeTextAndCopyPaste]
################################################################################################################################################
[ReportManager] Target URL: [https://www.google.com/ncr], and after redirection: [https://www.google.com] @28-09-2021 01:55:51.0631 AM
[ReportManager] Initial URL: [data:,] @28-09-2021 01:55:51.0684 AM
[ReportManager] Browser Action [NavigateToURL] successfully performed. With the following test data [https://www.google.com/ncr]. @28-09-2021 01:55:52.0462 AM
[ReportManager] Element Action [Type] successfully performed. With the following test data [FIRST]. @28-09-2021 01:55:52.0742 AM
[ReportManager] Element Action [ClipboardActions] successfully performed. With the following test data [select all]. @28-09-2021 01:55:52.0800 AM
[ReportManager] Element Action [ClipboardActions] successfully performed. With the following test data [copy]. @28-09-2021 01:55:52.0851 AM
[ReportManager] Element Action [ClipboardActions] successfully performed. With the following test data [unselect]. @28-09-2021 01:55:52.0898 AM
[ReportManager] Element Action [ClipboardActions] successfully performed. With the following test data [paste]. @28-09-2021 01:55:52.0955 AM
[ReportManager] Element Action [ClipboardActions] successfully performed. With the following test data [select all]. @28-09-2021 01:55:53.0007 AM
[ReportManager] Element Action [Type] successfully performed. @28-09-2021 01:55:53.0207 AM
[ReportManager] Element Action [ClipboardActions] successfully performed. With the following test data [cut]. @28-09-2021 01:55:53.0207 AM
[ReportManager] Element Action [ClipboardActions] successfully performed. With the following test data [paste]. @28-09-2021 01:55:53.0265 AM
[ReportManager] Element Action [ClipboardActions] successfully performed. With the following test data [paste]. @28-09-2021 01:55:53.0316 A
[ReportManager] Browser Action [CloseCurrentWindow] successfully performed. @28-09-2021 01:55:53.0478 AM
[ReportManager] Successfully created attachment [Browser Action Test Data - CloseCurrentWindow - Actual Value] @28-09-2021 01:55:53.0479 A
[ReportManager] File Action [GetAbsolutePath] successfully performed. With the following test data [Relative Folder Path: "target/downloadedFiles/"]. @28-09-2021 01:55:53.0481 AM
[ReportManager] Attempting to run remotely on: [Linux-64], [GoogleChrome], [http://localhost:4444/wd/hub], Headless Execution. @28-09-2021 01:55:53.0481 AM
[ReportManager] Successfully Opened [GoogleChrome]. @28-09-2021 01:55:53.0663 A

################################################################################################################################################
Starting Execution:	[90 out of 144] test cases in the current suite
Test Method:		[testPackage01.Test_dynamicLoading.dynamicLoading_elementIsHidden]
################################################################################################################################################
[ReportManager] Target URL: [https://the-internet.herokuapp.com/dynamic_loading/1] @28-09-2021 01:55:53.0678 AM
[ReportManager] Initial URL: [data:,] @28-09-2021 01:55:53.0713 AM
[ReportManager] Browser Action [NavigateToURL] successfully performed. With the following test data [https://the-internet.herokuapp.com/dynamic_loading/1]. @28-09-2021 01:55:53.0991 AM
[ReportManager] Element Action [Click] successfully performed. With the following test data [Start]. @28-09-2021 01:55:54.0246 AM
[ReportManager] Element Action [GetText] successfully performed. With the following test data [
    Hello World!
  ]. @28-09-2021 01:55:54.0331 AM
[ReportManager] Loaded Shared OpenCV @28-09-2021 01:55:54.0463 AM
[ReportManager] Assertion [ValidateElementAttribute] PASSED. Expected [Value Should be 'Hello World!' for the 'text' attribute, element locator 'By.id: finish'] and Actual [
    Hello World!
  ]. Comparison Type [CONTAINS]. Validation Type [POSITIVE]. @28-09-2021 01:55:54.0532 AM
[ReportManager] Successfully created attachment [Screenshot - 1632794154462_dynamicLoading_elementIsHidden_ValidateElementAttribute_passed] @28-09-2021 01:55:54.0533 A
[ReportManager] Browser Action [CloseCurrentWindow] successfully performed. @28-09-2021 01:55:54.0621 AM
[ReportManager] Successfully created attachment [Browser Action Test Data - CloseCurrentWindow - Actual Value] @28-09-2021 01:55:54.0621 A
[ReportManager] File Action [GetAbsolutePath] successfully performed. With the following test data [Relative Folder Path: "target/downloadedFiles/"]. @28-09-2021 01:55:54.0623 AM
[ReportManager] Attempting to run remotely on: [Linux-64], [GoogleChrome], [http://localhost:4444/wd/hub], Headless Execution. @28-09-2021 01:55:54.0623 AM
[ReportManager] Successfully Opened [GoogleChrome]. @28-09-2021 01:55:54.0792 A

################################################################################################################################################
Starting Execution:	[91 out of 144] test cases in the current suite
Test Method:		[testPackage01.Test_dynamicLoading.dynamicLoading_elementIsRendered]
################################################################################################################################################
[ReportManager] Target URL: [https://the-internet.herokuapp.com/dynamic_loading/2] @28-09-2021 01:55:54.0808 AM
[ReportManager] Initial URL: [data:,] @28-09-2021 01:55:54.0848 AM
[ReportManager] Browser Action [NavigateToURL] successfully performed. With the following test data [https://the-internet.herokuapp.com/dynamic_loading/2]. @28-09-2021 01:55:55.0131 AM
[ReportManager] Element Action [Click] successfully performed. With the following test data [Start]. @28-09-2021 01:55:55.0388 AM
[ReportManager] Element Action [GetText] successfully performed. With the following test data [Hello World!]. @28-09-2021 01:56:00.0535 AM
[ReportManager] Loaded Shared OpenCV @28-09-2021 01:56:00.0664 AM
[ReportManager] Assertion [ValidateElementAttribute] PASSED. Expected [Value Should be 'Hello World!' for the 'text' attribute, element locator 'By.id: finish'] and Actual [Hello World!]. Comparison Type [CONTAINS]. Validation Type [POSITIVE]. @28-09-2021 01:56:00.0735 AM
[ReportManager] Successfully created attachment [Screenshot - 1632794160664_dynamicLoading_elementIsRendered_ValidateElementAttribute_passed] @28-09-2021 01:56:00.0736 A
[ReportManager] Browser Action [CloseCurrentWindow] successfully performed. @28-09-2021 01:56:00.0825 AM
[ReportManager] Successfully created attachment [Browser Action Test Data - CloseCurrentWindow - Actual Value] @28-09-2021 01:56:00.0825 A

################################################################################################################################################
Starting Execution:	[92 out of 144] test cases in the current suite
Test Method:		[testPackage01.Test_JsonCompareWithSpecialCharacters.specialCharacters]
################################################################################################################################################
[ReportManager] File Action [GetAbsolutePath] successfully performed. With the following test data [Relative Folder Path: "src/test/resources/TestJsonFiles/specialCharacters.json"]. @28-09-2021 01:56:00.0834 AM
[ReportManager] File Action [ReadFromFile] successfully performed. With the following test data [File Path: "/home/runner/work/SHAFT_ENGINE/SHAFT_ENGINE/src/test/resources/TestJsonFiles/specialCharacters.json"]. @28-09-2021 01:56:00.0841 AM
[ReportManager] Successfully created attachment [File Action Actual Result - Command Log] @28-09-2021 01:56:00.0841 AM
[ReportManager] Comparing the provided API response with the file at this path "src/test/resources/TestJsonFiles/specialCharacters.json", comparison type "EQUALS" @28-09-2021 01:56:00.0842 AM
[ReportManager] API Action [CompareJSON] successfully performed. With the following test data [src/test/resources/TestJsonFiles/specialCharacters.json]. @28-09-2021 01:56:00.0859 AM
[ReportManager] File Action [GetAbsolutePath] successfully performed. With the following test data [Relative Folder Path: "src/test/resources/TestJsonFiles/specialCharacters.json"]. @28-09-2021 01:56:00.0859 AM
[ReportManager] File Action [ReadFromFile] successfully performed. With the following test data [File Path: "/home/runner/work/SHAFT_ENGINE/SHAFT_ENGINE/src/test/resources/TestJsonFiles/specialCharacters.json"]. @28-09-2021 01:56:00.0859 AM
[ReportManager] Verification [ValidateJSONFileContent] PASSED. Expected [Response data should match the JSON File in this path 'src/test/resources/TestJsonFiles/specialCharacters.json'] and Actual [TRUE]. Comparison Type [EQUALS]. Validation Type [POSITIVE]. @28-09-2021 01:56:00.0866 AM
[ReportManager] Successfully created attachment [Validation Test Data - Expected JSON Value] @28-09-2021 01:56:00.0867 AM
[ReportManager] Successfully created attachment [Validation Test Data - Actual JSON Value] @28-09-2021 01:56:00.0867 A

################################################################################################################################################
Starting Execution:	[93 out of 144] test cases in the current suite
Test Method:		[testPackage01.Test_JsonCompareWithSpecialCharacters.specialCharacters_assertion]
################################################################################################################################################
[ReportManager] File Action [GetAbsolutePath] successfully performed. With the following test data [Relative Folder Path: "src/test/resources/TestJsonFiles/specialCharacters.json"]. @28-09-2021 01:56:00.0875 AM
[ReportManager] File Action [ReadFromFile] successfully performed. With the following test data [File Path: "/home/runner/work/SHAFT_ENGINE/SHAFT_ENGINE/src/test/resources/TestJsonFiles/specialCharacters.json"]. @28-09-2021 01:56:00.0875 AM
[ReportManager] Successfully created attachment [File Action Actual Result - Command Log] @28-09-2021 01:56:00.0875 AM
[ReportManager] Comparing the provided API response with the file at this path "src/test/resources/TestJsonFiles/specialCharacters.json", comparison type "CONTAINS" @28-09-2021 01:56:00.0877 AM
[ReportManager] API Action [CompareJSON] successfully performed. With the following test data [src/test/resources/TestJsonFiles/specialCharacters.json]. @28-09-2021 01:56:00.0884 AM
[ReportManager] File Action [GetAbsolutePath] successfully performed. With the following test data [Relative Folder Path: "src/test/resources/TestJsonFiles/specialCharacters.json"]. @28-09-2021 01:56:00.0884 AM
[ReportManager] File Action [ReadFromFile] successfully performed. With the following test data [File Path: "/home/runner/work/SHAFT_ENGINE/SHAFT_ENGINE/src/test/resources/TestJsonFiles/specialCharacters.json"]. @28-09-2021 01:56:00.0884 AM
[ReportManager] Assertion Passed: trying out the log message @28-09-2021 01:56:00.0888 AM
[ReportManager] Successfully created attachment [Validation Test Data - Expected JSON Value] @28-09-2021 01:56:00.0888 AM
[ReportManager] Successfully created attachment [Validation Test Data - Actual JSON Value] @28-09-2021 01:56:00.0889 AM
[ReportManager] Assertion [ValidateJSONFileContent] PASSED. Expected [Response data should match the JSON File in this path 'src/test/resources/TestJsonFiles/specialCharacters.json'] and Actual [TRUE]. Comparison Type [CONTAINS]. Validation Type [POSITIVE]. @28-09-2021 01:56:00.0889 A
[ReportManager] File Action [GetAbsolutePath] successfully performed. With the following test data [Relative Folder Path: "target/downloadedFiles/"]. @28-09-2021 01:56:00.0894 AM
[ReportManager] Attempting to run remotely on: [Linux-64], [GoogleChrome], [http://localhost:4444/wd/hub], Headless Execution. @28-09-2021 01:56:00.0895 AM
[ReportManager] Successfully Opened [GoogleChrome]. @28-09-2021 01:56:01.0063 A

################################################################################################################################################
Starting Execution:	[94 out of 144] test cases in the current suite
Test Method:		[testPackage01.Test_uploadFile.uploadFile_invisibleUploadInput]
################################################################################################################################################
[ReportManager] Target URL: [https://fineuploader.com/demos.html#gallery-view] @28-09-2021 01:56:01.0077 AM
[ReportManager] Initial URL: [data:,] @28-09-2021 01:56:01.0112 AM
[ReportManager] Browser Action [NavigateToURL] successfully performed. With the following test data [https://fineuploader.com/demos.html#gallery-view]. @28-09-2021 01:56:02.0511 AM
[ReportManager] File Action [GetAbsolutePath] successfully performed. With the following test data [Relative File Path: "src/main/resources/images/shaft.png"]. @28-09-2021 01:56:02.0511 AM
[ReportManager] Successfully created attachment [File Action Actual Result - Command Log] @28-09-2021 01:56:02.0511 AM
[ReportManager] Element Action [TypeFileLocationForUpload] successfully performed. With the following test data [/home/runner/work/SHAFT_ENGINE/SHAFT_ENGINE/src/main/resources/images/shaft.png]. @28-09-2021 01:56:02.0684 AM
[ReportManager] Attempting to getAttribute [src] from elementLocator [By.xpath: //div[@id='fine-uploader-gallery']//div[@class='qq-thumbnail-wrapper']/img]. @28-09-2021 01:56:02.0684 AM
[ReportManager] Element Action [GetAttribute] successfully performed. @28-09-2021 01:56:02.0770 AM
[ReportManager] Successfully created attachment [Element Action Test Data - GetAttribute - Actual Value] @28-09-2021 01:56:02.0771 AM
[ReportManager] Loaded Shared OpenCV @28-09-2021 01:56:02.0894 AM
[ReportManager] Assertion [ValidateElementAttribute] PASSED. Expected and Actual values are attached. Comparison Type [CONTAINS]. Validation Type [POSITIVE]. @28-09-2021 01:56:02.0963 AM
[ReportManager] Successfully created attachment [Validation Test Data - Expected Value] @28-09-2021 01:56:02.0964 AM
[ReportManager] Successfully created attachment [Validation Test Data - Actual Value] @28-09-2021 01:56:02.0964 AM
[ReportManager] Successfully created attachment [Screenshot - 1632794162894_uploadFile_invisibleUploadInput_ValidateElementAttribute_passed] @28-09-2021 01:56:02.0965 A
[ReportManager] Browser Action [CloseCurrentWindow] successfully performed. @28-09-2021 01:56:03.0093 AM
[ReportManager] Successfully created attachment [Browser Action Test Data - CloseCurrentWindow - Actual Value] @28-09-2021 01:56:03.0093 A
[ReportManager] File Action [GetAbsolutePath] successfully performed. With the following test data [Relative Folder Path: "target/downloadedFiles/"]. @28-09-2021 01:56:03.0095 AM
[ReportManager] Attempting to run remotely on: [Linux-64], [GoogleChrome], [http://localhost:4444/wd/hub], Headless Execution. @28-09-2021 01:56:03.0096 AM
[ReportManager] Successfully Opened [GoogleChrome]. @28-09-2021 01:56:03.0275 A

################################################################################################################################################
Starting Execution:	[95 out of 144] test cases in the current suite
Test Method:		[testPackage01.Test_uploadFile.uploadFile_visibleUploadInput]
################################################################################################################################################
[ReportManager] Target URL: [http://demo.guru99.com/test/upload/] @28-09-2021 01:56:03.0288 AM
[ReportManager] Initial URL: [data:,] @28-09-2021 01:56:03.0326 AM
[ReportManager] Browser Action [NavigateToURL] successfully performed. With the following test data [http://demo.guru99.com/test/upload/]. @28-09-2021 01:56:04.0320 AM
[ReportManager] File Action [GetAbsolutePath] successfully performed. With the following test data [Relative File Path: "src/main/resources/images/shaft.png"]. @28-09-2021 01:56:04.0320 AM
[ReportManager] Successfully created attachment [File Action Actual Result - Command Log] @28-09-2021 01:56:04.0320 AM
[ReportManager] Element Action [TypeFileLocationForUpload] successfully performed. With the following test data [/home/runner/work/SHAFT_ENGINE/SHAFT_ENGINE/src/main/resources/images/shaft.png]. @28-09-2021 01:56:04.0458 AM
[ReportManager] Element Action [Click] successfully performed. With the following test data [on]. @28-09-2021 01:56:04.0724 AM
[ReportManager] Element Action [Click] successfully performed. With the following test data [Submit File]. @28-09-2021 01:56:04.0983 AM
[ReportManager] Element Action [GetText] successfully performed. With the following test data [1 file
has been successfully uploaded.]. @28-09-2021 01:56:05.0596 AM
[ReportManager] Loaded Shared OpenCV @28-09-2021 01:56:05.0710 AM
[ReportManager] Assertion [ValidateElementAttribute] PASSED. Expected [Value Should be '1 file' for the 'Text' attribute, element locator 'By.id: res'] and Actual [1 file
has been successfully uploaded.]. Comparison Type [CONTAINS]. Validation Type [POSITIVE]. @28-09-2021 01:56:05.0771 AM
[ReportManager] Successfully created attachment [Screenshot - 1632794165710_uploadFile_visibleUploadInput_ValidateElementAttribute_passed] @28-09-2021 01:56:05.0772 A
[ReportManager] Browser Action [CloseCurrentWindow] successfully performed. @28-09-2021 01:56:05.0871 AM
[ReportManager] Successfully created attachment [Browser Action Test Data - CloseCurrentWindow - Actual Value] @28-09-2021 01:56:05.0871 A
[ReportManager] File Action [GetAbsolutePath] successfully performed. With the following test data [Relative Folder Path: "target/downloadedFiles/"]. @28-09-2021 01:56:05.0874 AM
[ReportManager] Attempting to run remotely on: [Linux-64], [GoogleChrome], [http://localhost:4444/wd/hub], Headless Execution. @28-09-2021 01:56:05.0874 AM
[ReportManager] Successfully Opened [GoogleChrome]. @28-09-2021 01:56:06.0044 A

################################################################################################################################################
Starting Execution:	[96 out of 144] test cases in the current suite
Test Method:		[testPackage01.Test_assertEquals.test_assertElementAttribute]
################################################################################################################################################
[ReportManager] Target URL: [https://www.google.com/ncr], and after redirection: [https://www.google.com] @28-09-2021 01:56:06.0056 AM
[ReportManager] Initial URL: [data:,] @28-09-2021 01:56:06.0127 AM
[ReportManager] Browser Action [NavigateToURL] successfully performed. With the following test data [https://www.google.com/ncr]. @28-09-2021 01:56:06.0807 AM
[ReportManager] Element Action [Type] successfully performed. With the following test data [INC_004010050:Another SCHEDULER with the same name [Duplicate Job Name] already exists.]. @28-09-2021 01:56:07.0404 AM
[ReportManager] Element Action [GetText] successfully performed. With the following test data [INC_004010050:Another SCHEDULER with the same name [Duplicate Job Name] already exists.]. @28-09-2021 01:56:07.0481 AM
[ReportManager] Loaded Shared OpenCV @28-09-2021 01:56:07.0602 AM
[ReportManager] Assertion [ValidateElementAttribute] PASSED. Expected [Value Should be 'INC_004010050:Another SCHEDULER with the same name \[Duplicate Job Name\] already exists.' for the 'text' attribute, element locator 'By.name: q'] and Actual [INC_004010050:Another SCHEDULER with the same name [Duplicate Job Name] already exists.]. Comparison Type [MATCHES]. Validation Type [POSITIVE]. @28-09-2021 01:56:07.0664 AM
[ReportManager] Successfully created attachment [Screenshot - 1632794167602_test_assertElementAttribute_ValidateElementAttribute_passed] @28-09-2021 01:56:07.0665 A
[ReportManager] Browser Action [CloseCurrentWindow] successfully performed. @28-09-2021 01:56:07.0783 AM
[ReportManager] Successfully created attachment [Browser Action Test Data - CloseCurrentWindow - Actual Value] @28-09-2021 01:56:07.0784 A

################################################################################################################################################
Starting Execution:	[97 out of 144] test cases in the current suite
Test Method:		[testPackage01.Test_NewValidationHelper.f1]
################################################################################################################################################
[ReportManager] Assertion Passed: Checking valid user data @28-09-2021 01:56:07.0789 AM
[ReportManager] Successfully created attachment [Validation Test Data - Expected Value] @28-09-2021 01:56:07.0789 AM
[ReportManager] Successfully created attachment [Validation Test Data - Actual Value] @28-09-2021 01:56:07.0790 AM
[ReportManager] Assertion [ValidateEquals] PASSED. Expected and Actual values are attached. Comparison Type [EQUALS]. Validation Type [POSITIVE]. @28-09-2021 01:56:07.0790 A
[ReportManager] File Action [GetAbsolutePath] successfully performed. With the following test data [Relative Folder Path: "target/downloadedFiles/"]. @28-09-2021 01:56:07.0793 AM
[ReportManager] Attempting to run remotely on: [Linux-64], [GoogleChrome], [http://localhost:4444/wd/hub], Headless Execution. @28-09-2021 01:56:07.0793 AM
[ReportManager] Successfully Opened [GoogleChrome]. @28-09-2021 01:56:07.0959 AM
[ReportManager] Target URL: [https://the-internet.herokuapp.com/] @28-09-2021 01:56:07.0969 AM
[ReportManager] Initial URL: [data:,] @28-09-2021 01:56:08.0004 AM
[ReportManager] Browser Action [NavigateToURL] successfully performed. With the following test data [https://the-internet.herokuapp.com/]. @28-09-2021 01:56:08.0313 A

################################################################################################################################################
Starting Execution:	[98 out of 144] test cases in the current suite
Test Method:		[testPackage01.Test_NewValidationHelper.f10]
################################################################################################################################################
[ReportManager] Assertion [ValidateElementExists] FAILED. Expected [Element Should Exist, locator 'By.tagName: div'] and Actual [Element Exists but is not unique]. Comparison Type [EQUALS]. Validation Type [POSITIVE]. @28-09-2021 01:56:08.0521 AM
[ReportManager] Successfully created attachment [Screenshot - 1632794168465_f10_ValidateElementExists_failed] @28-09-2021 01:56:08.0522 A
[ReportManager] Successfully Closed All Drivers. @28-09-2021 01:56:08.0596 A
[ReportManager] File Action [GetAbsolutePath] successfully performed. With the following test data [Relative Folder Path: "target/downloadedFiles/"]. @28-09-2021 01:56:08.0598 AM
[ReportManager] Attempting to run remotely on: [Linux-64], [GoogleChrome], [http://localhost:4444/wd/hub], Headless Execution. @28-09-2021 01:56:08.0598 AM
[ReportManager] Successfully Opened [GoogleChrome]. @28-09-2021 01:56:08.0770 AM
[ReportManager] Target URL: [https://the-internet.herokuapp.com/] @28-09-2021 01:56:08.0779 AM
[ReportManager] Initial URL: [data:,] @28-09-2021 01:56:08.0813 AM
[ReportManager] Browser Action [NavigateToURL] successfully performed. With the following test data [https://the-internet.herokuapp.com/]. @28-09-2021 01:56:09.0114 A

################################################################################################################################################
Starting Execution:	[99 out of 144] test cases in the current suite
Test Method:		[testPackage01.Test_NewValidationHelper.f11]
################################################################################################################################################
[ReportManager] Assertion Passed: Checking that false tag doesn't exist @28-09-2021 01:56:19.0480 AM
[ReportManager] Successfully created attachment [Screenshot - 1632794179423_f11_ValidateElementExists_passed] @28-09-2021 01:56:19.0481 AM
[ReportManager] Assertion [ValidateElementExists] PASSED. Expected [Element Should not Exist, locator 'By.tagName: h3'] and Actual [Element Doesn't Exists]. Comparison Type [EQUALS]. Validation Type [NEGATIVE]. @28-09-2021 01:56:19.0481 A
[ReportManager] Successfully Closed All Drivers. @28-09-2021 01:56:19.0554 A
[ReportManager] File Action [GetAbsolutePath] successfully performed. With the following test data [Relative Folder Path: "target/downloadedFiles/"]. @28-09-2021 01:56:19.0556 AM
[ReportManager] Attempting to run remotely on: [Linux-64], [GoogleChrome], [http://localhost:4444/wd/hub], Headless Execution. @28-09-2021 01:56:19.0556 AM
[ReportManager] Successfully Opened [GoogleChrome]. @28-09-2021 01:56:19.0716 AM
[ReportManager] Target URL: [https://the-internet.herokuapp.com/] @28-09-2021 01:56:19.0725 AM
[ReportManager] Initial URL: [data:,] @28-09-2021 01:56:19.0768 AM
[ReportManager] Browser Action [NavigateToURL] successfully performed. With the following test data [https://the-internet.herokuapp.com/]. @28-09-2021 01:56:20.0055 A

################################################################################################################################################
Starting Execution:	[100 out of 144] test cases in the current suite
Test Method:		[testPackage01.Test_NewValidationHelper.f12]
################################################################################################################################################
[ReportManager] Loaded Shared OpenCV @28-09-2021 01:56:20.0252 AM
[ReportManager] Assertion [ValidateElementExists] FAILED. Expected [Element Should not Exist, locator 'By.tagName: h1'] and Actual [Element Exists]. Comparison Type [EQUALS]. Validation Type [NEGATIVE]. @28-09-2021 01:56:20.0319 AM
[ReportManager] Successfully created attachment [Screenshot - 1632794180252_f12_ValidateElementExists_failed] @28-09-2021 01:56:20.0320 A
[ReportManager] Successfully Closed All Drivers. @28-09-2021 01:56:20.0394 A
[ReportManager] File Action [GetAbsolutePath] successfully performed. With the following test data [Relative Folder Path: "target/downloadedFiles/"]. @28-09-2021 01:56:20.0395 AM
[ReportManager] Attempting to run remotely on: [Linux-64], [GoogleChrome], [http://localhost:4444/wd/hub], Headless Execution. @28-09-2021 01:56:20.0396 AM
[ReportManager] Successfully Opened [GoogleChrome]. @28-09-2021 01:56:20.0554 AM
[ReportManager] Target URL: [https://the-internet.herokuapp.com/] @28-09-2021 01:56:20.0570 AM
[ReportManager] Initial URL: [data:,] @28-09-2021 01:56:20.0607 AM
[ReportManager] Browser Action [NavigateToURL] successfully performed. With the following test data [https://the-internet.herokuapp.com/]. @28-09-2021 01:56:20.0888 A

################################################################################################################################################
Starting Execution:	[101 out of 144] test cases in the current suite
Test Method:		[testPackage01.Test_NewValidationHelper.f13]
################################################################################################################################################
[ReportManager] Assertion [ValidateElementExists] FAILED. Expected [Element Should not Exist, locator 'By.tagName: div'] and Actual [Element Exists but is not unique]. Comparison Type [EQUALS]. Validation Type [NEGATIVE]. @28-09-2021 01:56:21.0112 AM
[ReportManager] Successfully created attachment [Screenshot - 1632794181052_f13_ValidateElementExists_failed] @28-09-2021 01:56:21.0113 A
[ReportManager] Successfully Closed All Drivers. @28-09-2021 01:56:21.0189 A
[ReportManager] File Action [GetAbsolutePath] successfully performed. With the following test data [Relative Folder Path: "target/downloadedFiles/"]. @28-09-2021 01:56:21.0193 AM
[ReportManager] Attempting to run remotely on: [Linux-64], [GoogleChrome], [http://localhost:4444/wd/hub], Headless Execution. @28-09-2021 01:56:21.0194 AM
[ReportManager] Successfully Opened [GoogleChrome]. @28-09-2021 01:56:21.0357 AM
[ReportManager] Target URL: [https://the-internet.herokuapp.com/] @28-09-2021 01:56:21.0370 AM
[ReportManager] Initial URL: [data:,] @28-09-2021 01:56:21.0409 AM
[ReportManager] Browser Action [NavigateToURL] successfully performed. With the following test data [https://the-internet.herokuapp.com/]. @28-09-2021 01:56:21.0692 A

################################################################################################################################################
Starting Execution:	[102 out of 144] test cases in the current suite
Test Method:		[testPackage01.Test_NewValidationHelper.f14]
################################################################################################################################################
[ReportManager] Element Action [GetText] successfully performed. With the following test data [Welcome to the-internet]. @28-09-2021 01:56:21.0760 AM
[ReportManager] Loaded Shared OpenCV @28-09-2021 01:56:21.0890 AM
[ReportManager] Assertion Passed: Asserting that the header text is correct @28-09-2021 01:56:21.0955 AM
[ReportManager] Successfully created attachment [Screenshot - 1632794181890_f14_ValidateElementAttribute_passed] @28-09-2021 01:56:21.0956 AM
[ReportManager] Assertion [ValidateElementAttribute] PASSED. Expected [Value Should be 'Welcome to the-internet' for the 'text' attribute, element locator 'By.tagName: h1'] and Actual [Welcome to the-internet]. Comparison Type [EQUALS]. Validation Type [POSITIVE]. @28-09-2021 01:56:21.0956 A
[ReportManager] Successfully Closed All Drivers. @28-09-2021 01:56:22.0030 A
[ReportManager] File Action [GetAbsolutePath] successfully performed. With the following test data [Relative Folder Path: "target/downloadedFiles/"]. @28-09-2021 01:56:22.0034 AM
[ReportManager] Attempting to run remotely on: [Linux-64], [GoogleChrome], [http://localhost:4444/wd/hub], Headless Execution. @28-09-2021 01:56:22.0034 AM
[ReportManager] Successfully Opened [GoogleChrome]. @28-09-2021 01:56:22.0198 AM
[ReportManager] Target URL: [https://the-internet.herokuapp.com/] @28-09-2021 01:56:22.0208 AM
[ReportManager] Initial URL: [data:,] @28-09-2021 01:56:22.0245 AM
[ReportManager] Browser Action [NavigateToURL] successfully performed. With the following test data [https://the-internet.herokuapp.com/]. @28-09-2021 01:56:22.0528 A

################################################################################################################################################
Starting Execution:	[103 out of 144] test cases in the current suite
Test Method:		[testPackage01.Test_NewValidationHelper.f15]
################################################################################################################################################
[ReportManager] Element Action [GetText] successfully performed. With the following test data [Welcome to the-internet]. @28-09-2021 01:56:22.0601 AM
[ReportManager] Loaded Shared OpenCV @28-09-2021 01:56:22.0720 AM
[ReportManager] Assertion [ValidateElementAttribute] FAILED. Expected [Value Should not be 'Welcome' for the 'text' attribute, element locator 'By.tagName: h1'] and Actual [Welcome to the-internet]. Comparison Type [CONTAINS]. Validation Type [NEGATIVE]. @28-09-2021 01:56:22.0794 AM
[ReportManager] Successfully created attachment [Screenshot - 1632794182720_f15_ValidateElementAttribute_failed] @28-09-2021 01:56:22.0795 A
[ReportManager] Successfully Closed All Drivers. @28-09-2021 01:56:22.0873 A
[ReportManager] File Action [GetAbsolutePath] successfully performed. With the following test data [Relative Folder Path: "target/downloadedFiles/"]. @28-09-2021 01:56:22.0875 AM
[ReportManager] Attempting to run remotely on: [Linux-64], [GoogleChrome], [http://localhost:4444/wd/hub], Headless Execution. @28-09-2021 01:56:22.0875 AM
[ReportManager] Successfully Opened [GoogleChrome]. @28-09-2021 01:56:23.0046 AM
[ReportManager] Target URL: [https://the-internet.herokuapp.com/] @28-09-2021 01:56:23.0055 AM
[ReportManager] Initial URL: [data:,] @28-09-2021 01:56:23.0093 AM
[ReportManager] Browser Action [NavigateToURL] successfully performed. With the following test data [https://the-internet.herokuapp.com/]. @28-09-2021 01:56:23.0431 A

################################################################################################################################################
Starting Execution:	[104 out of 144] test cases in the current suite
Test Method:		[testPackage01.Test_NewValidationHelper.f16]
################################################################################################################################################
[ReportManager] Element Action [IdentifyUniqueElement] failed. With the following test data [zero elements found matching this locator "By.tagName: h3".]. @28-09-2021 01:56:48.0971 AM
[ReportManager] Successfully created attachment [Screenshot - 1632794208916_f16_IdentifyUniqueElement_failed] @28-09-2021 01:56:48.0971 AM
[ReportManager] Assertion [ValidateElementAttribute] FAILED. Expected [Value Should not be 'Welcome' for the 'text' attribute, element locator 'By.tagName: h3'] and Actual [Failed to read the desired element attribute]. Comparison Type [CONTAINS]. Validation Type [NEGATIVE]. @28-09-2021 01:56:48.0972 A
[ReportManager] Successfully Closed All Drivers. @28-09-2021 01:56:49.0050 A
[ReportManager] File Action [GetAbsolutePath] successfully performed. With the following test data [Relative Folder Path: "target/downloadedFiles/"]. @28-09-2021 01:56:49.0053 AM
[ReportManager] Attempting to run remotely on: [Linux-64], [GoogleChrome], [http://localhost:4444/wd/hub], Headless Execution. @28-09-2021 01:56:49.0053 AM
[ReportManager] Successfully Opened [GoogleChrome]. @28-09-2021 01:56:49.0226 AM
[ReportManager] Target URL: [https://the-internet.herokuapp.com/] @28-09-2021 01:56:49.0236 AM
[ReportManager] Initial URL: [data:,] @28-09-2021 01:56:49.0271 AM
[ReportManager] Browser Action [NavigateToURL] successfully performed. With the following test data [https://the-internet.herokuapp.com/]. @28-09-2021 01:56:49.0562 A

################################################################################################################################################
Starting Execution:	[105 out of 144] test cases in the current suite
Test Method:		[testPackage01.Test_NewValidationHelper.f17]
################################################################################################################################################
[ReportManager] Attempting to getAttribute [text2] from elementLocator [By.tagName: h1]. @28-09-2021 01:56:49.0566 AM
[ReportManager] Element Action [GetAttribute] successfully performed. @28-09-2021 01:56:49.0631 AM
[ReportManager] Loaded Shared OpenCV @28-09-2021 01:56:49.0752 AM
[ReportManager] Assertion [ValidateElementAttribute] PASSED. Expected [Value Should not be 'Welcome' for the 'text2' attribute, element locator 'By.tagName: h1'] and Actual [null]. Comparison Type [CONTAINS]. Validation Type [NEGATIVE]. @28-09-2021 01:56:49.0819 AM
[ReportManager] Successfully created attachment [Screenshot - 1632794209752_f17_ValidateElementAttribute_passed] @28-09-2021 01:56:49.0820 A
[ReportManager] Successfully Closed All Drivers. @28-09-2021 01:56:49.0895 A
[ReportManager] File Action [GetAbsolutePath] successfully performed. With the following test data [Relative Folder Path: "target/downloadedFiles/"]. @28-09-2021 01:56:49.0897 AM
[ReportManager] Attempting to run remotely on: [Linux-64], [GoogleChrome], [http://localhost:4444/wd/hub], Headless Execution. @28-09-2021 01:56:49.0897 AM
[ReportManager] Successfully Opened [GoogleChrome]. @28-09-2021 01:56:50.0066 AM
[ReportManager] Target URL: [https://the-internet.herokuapp.com/] @28-09-2021 01:56:50.0078 AM
[ReportManager] Initial URL: [data:,] @28-09-2021 01:56:50.0112 AM
[ReportManager] Browser Action [NavigateToURL] successfully performed. With the following test data [https://the-internet.herokuapp.com/]. @28-09-2021 01:56:50.0408 A

################################################################################################################################################
Starting Execution:	[106 out of 144] test cases in the current suite
Test Method:		[testPackage01.Test_NewValidationHelper.f18]
################################################################################################################################################
[ReportManager] Element Action [GetText] successfully performed. With the following test data [Welcome to the-internet]. @28-09-2021 01:56:50.0480 AM
[ReportManager] Loaded Shared OpenCV @28-09-2021 01:56:50.0603 AM
[ReportManager] Assertion [ValidateElementAttribute] PASSED. Expected [Value Should not be 'no' for the 'text' attribute, element locator 'By.tagName: h1'] and Actual [Welcome to the-internet]. Comparison Type [CONTAINS]. Validation Type [NEGATIVE]. @28-09-2021 01:56:50.0672 AM
[ReportManager] Successfully created attachment [Screenshot - 1632794210603_f18_ValidateElementAttribute_passed] @28-09-2021 01:56:50.0673 A
[ReportManager] Successfully Closed All Drivers. @28-09-2021 01:56:50.0749 A
[ReportManager] File Action [GetAbsolutePath] successfully performed. With the following test data [Relative Folder Path: "target/downloadedFiles/"]. @28-09-2021 01:56:50.0751 AM
[ReportManager] Attempting to run remotely on: [Linux-64], [GoogleChrome], [http://localhost:4444/wd/hub], Headless Execution. @28-09-2021 01:56:50.0751 AM
[ReportManager] Successfully Opened [GoogleChrome]. @28-09-2021 01:56:50.0959 AM
[ReportManager] Target URL: [https://the-internet.herokuapp.com/] @28-09-2021 01:56:50.0971 AM
[ReportManager] Initial URL: [data:,] @28-09-2021 01:56:51.0005 AM
[ReportManager] Browser Action [NavigateToURL] successfully performed. With the following test data [https://the-internet.herokuapp.com/]. @28-09-2021 01:56:51.0307 A

################################################################################################################################################
Starting Execution:	[107 out of 144] test cases in the current suite
Test Method:		[testPackage01.Test_NewValidationHelper.f19]
################################################################################################################################################
[ReportManager] Element Action [GetTagName] successfully performed. With the following test data [h1]. @28-09-2021 01:56:51.0370 AM
[ReportManager] Loaded Shared OpenCV @28-09-2021 01:56:51.0487 AM
[ReportManager] Assertion [ValidateElementAttribute] PASSED. Expected [Value Should be 'h' for the 'tagname' attribute, element locator 'By.tagName: h1'] and Actual [h1]. Comparison Type [CONTAINS]. Validation Type [POSITIVE]. @28-09-2021 01:56:51.0556 AM
[ReportManager] Successfully created attachment [Screenshot - 1632794211487_f19_ValidateElementAttribute_passed] @28-09-2021 01:56:51.0557 A
[ReportManager] Successfully Closed All Drivers. @28-09-2021 01:56:51.0629 A

################################################################################################################################################
Starting Execution:	[108 out of 144] test cases in the current suite
Test Method:		[testPackage01.Test_NewValidationHelper.f2]
################################################################################################################################################
[ReportManager] Assertion Failed: Checking valid user data @28-09-2021 01:56:51.0634 AM
[ReportManager] Assertion [ValidateEquals] FAILED. Expected [1] and Actual [2]. Comparison Type [EQUALS]. Validation Type [POSITIVE]. @28-09-2021 01:56:51.0634 A
[ReportManager] File Action [GetAbsolutePath] successfully performed. With the following test data [Relative Folder Path: "target/downloadedFiles/"]. @28-09-2021 01:56:51.0638 AM
[ReportManager] Attempting to run remotely on: [Linux-64], [GoogleChrome], [http://localhost:4444/wd/hub], Headless Execution. @28-09-2021 01:56:51.0638 AM
[ReportManager] Successfully Opened [GoogleChrome]. @28-09-2021 01:56:51.0815 AM
[ReportManager] Target URL: [https://the-internet.herokuapp.com/] @28-09-2021 01:56:51.0824 AM
[ReportManager] Initial URL: [data:,] @28-09-2021 01:56:51.0858 AM
[ReportManager] Browser Action [NavigateToURL] successfully performed. With the following test data [https://the-internet.herokuapp.com/]. @28-09-2021 01:56:52.0168 A

################################################################################################################################################
Starting Execution:	[109 out of 144] test cases in the current suite
Test Method:		[testPackage01.Test_NewValidationHelper.f20]
################################################################################################################################################
[ReportManager] Element Action [GetSize] successfully performed. With the following test data [(755, 61)]. @28-09-2021 01:56:52.0234 AM
[ReportManager] Loaded Shared OpenCV @28-09-2021 01:56:52.0354 AM
[ReportManager] Assertion [ValidateElementAttribute] PASSED. Expected [Value Should not be 'a' for the 'size' attribute, element locator 'By.tagName: h1'] and Actual [(755, 61)]. Comparison Type [CONTAINS]. Validation Type [NEGATIVE]. @28-09-2021 01:56:52.0418 AM
[ReportManager] Successfully created attachment [Screenshot - 1632794212354_f20_ValidateElementAttribute_passed] @28-09-2021 01:56:52.0419 A
[ReportManager] Successfully Closed All Drivers. @28-09-2021 01:56:52.0490 A
[ReportManager] File Action [GetAbsolutePath] successfully performed. With the following test data [Relative Folder Path: "target/downloadedFiles/"]. @28-09-2021 01:56:52.0497 AM
[ReportManager] Attempting to run remotely on: [Linux-64], [GoogleChrome], [http://localhost:4444/wd/hub], Headless Execution. @28-09-2021 01:56:52.0497 AM
[ReportManager] Successfully Opened [GoogleChrome]. @28-09-2021 01:56:52.0687 AM
[ReportManager] Target URL: [https://the-internet.herokuapp.com/] @28-09-2021 01:56:52.0701 AM
[ReportManager] Initial URL: [data:,] @28-09-2021 01:56:52.0740 AM
[ReportManager] Browser Action [NavigateToURL] successfully performed. With the following test data [https://the-internet.herokuapp.com/]. @28-09-2021 01:56:53.0044 A

################################################################################################################################################
Starting Execution:	[110 out of 144] test cases in the current suite
Test Method:		[testPackage01.Test_NewValidationHelper.f21]
################################################################################################################################################
[ReportManager] Element Action [IdentifyUniqueElement] failed. With the following test data [zero elements found matching this locator "By.tagName: h3".]. @28-09-2021 01:57:18.0585 AM
[ReportManager] Successfully created attachment [Screenshot - 1632794238532_f21_IdentifyUniqueElement_failed] @28-09-2021 01:57:18.0585 AM
[ReportManager] Assertion [ValidateElementAttribute] FAILED. Expected [Value Should be 'Welcome' for the 'text' attribute, element locator 'By.tagName: h3'] and Actual [Failed to read the desired element attribute]. Comparison Type [CONTAINS]. Validation Type [POSITIVE]. @28-09-2021 01:57:18.0586 A
[ReportManager] Successfully Closed All Drivers. @28-09-2021 01:57:18.0659 A
[ReportManager] File Action [GetAbsolutePath] successfully performed. With the following test data [Relative Folder Path: "target/downloadedFiles/"]. @28-09-2021 01:57:18.0661 AM
[ReportManager] Attempting to run remotely on: [Linux-64], [GoogleChrome], [http://localhost:4444/wd/hub], Headless Execution. @28-09-2021 01:57:18.0661 AM
[ReportManager] Successfully Opened [GoogleChrome]. @28-09-2021 01:57:18.0831 AM
[ReportManager] Target URL: [https://the-internet.herokuapp.com/] @28-09-2021 01:57:18.0840 AM
[ReportManager] Initial URL: [data:,] @28-09-2021 01:57:18.0875 AM
[ReportManager] Browser Action [NavigateToURL] successfully performed. With the following test data [https://the-internet.herokuapp.com/]. @28-09-2021 01:57:19.0193 A

################################################################################################################################################
Starting Execution:	[111 out of 144] test cases in the current suite
Test Method:		[testPackage01.Test_NewValidationHelper.f22]
################################################################################################################################################
[ReportManager] Element Action [GetText] successfully performed. With the following test data [Welcome to the-internet]. @28-09-2021 01:57:19.0264 AM
[ReportManager] Loaded Shared OpenCV @28-09-2021 01:57:19.0384 AM
[ReportManager] Assertion [ValidateElementAttribute] FAILED. Expected [Value Should be 'yyy' for the 'text' attribute, element locator 'By.tagName: h1'] and Actual [Welcome to the-internet]. Comparison Type [CONTAINS]. Validation Type [POSITIVE]. @28-09-2021 01:57:19.0453 AM
[ReportManager] Successfully created attachment [Screenshot - 1632794239384_f22_ValidateElementAttribute_failed] @28-09-2021 01:57:19.0454 A
[ReportManager] Successfully Closed All Drivers. @28-09-2021 01:57:19.0573 A

################################################################################################################################################
Starting Execution:	[112 out of 144] test cases in the current suite
Test Method:		[testPackage01.Test_NewValidationHelper.f23]
################################################################################################################################################
[ReportManager] Assertion Passed: confirming that the actual is greater than or equal to the expected @28-09-2021 01:57:19.0578 AM
[ReportManager] Assertion [ValidateComparativeRelation] PASSED. Expected [1] and Actual [1]. Comparison Type [GREATER_THAN_OR_EQUALS]. Validation Type [POSITIVE]. @28-09-2021 01:57:19.0578 A

################################################################################################################################################
Starting Execution:	[113 out of 144] test cases in the current suite
Test Method:		[testPackage01.Test_NewValidationHelper.f24]
################################################################################################################################################
[ReportManager] Assertion [ValidateComparativeRelation] PASSED. Expected [1] and Actual [10]. Comparison Type [GREATER_THAN_OR_EQUALS]. Validation Type [POSITIVE]. @28-09-2021 01:57:19.0580 A

################################################################################################################################################
Starting Execution:	[114 out of 144] test cases in the current suite
Test Method:		[testPackage01.Test_NewValidationHelper.f25]
################################################################################################################################################
[ReportManager] Assertion [ValidateComparativeRelation] PASSED. Expected [1] and Actual [1]. Comparison Type [EQUALS]. Validation Type [POSITIVE]. @28-09-2021 01:57:19.0582 A

################################################################################################################################################
Starting Execution:	[115 out of 144] test cases in the current suite
Test Method:		[testPackage01.Test_NewValidationHelper.f26]
################################################################################################################################################
[ReportManager] Assertion [ValidateComparativeRelation] PASSED. Expected [1] and Actual [5]. Comparison Type [GREATER_THAN]. Validation Type [POSITIVE]. @28-09-2021 01:57:19.0583 A

################################################################################################################################################
Starting Execution:	[116 out of 144] test cases in the current suite
Test Method:		[testPackage01.Test_NewValidationHelper.f27]
################################################################################################################################################
[ReportManager] Assertion [ValidateComparativeRelation] PASSED. Expected [11] and Actual [5]. Comparison Type [LESS_THAN]. Validation Type [POSITIVE]. @28-09-2021 01:57:19.0588 A

################################################################################################################################################
Starting Execution:	[117 out of 144] test cases in the current suite
Test Method:		[testPackage01.Test_NewValidationHelper.f28]
################################################################################################################################################
[ReportManager] Assertion [ValidateComparativeRelation] PASSED. Expected [11] and Actual [5]. Comparison Type [LESS_THAN_OR_EQUALS]. Validation Type [POSITIVE]. @28-09-2021 01:57:19.0591 A

################################################################################################################################################
Starting Execution:	[118 out of 144] test cases in the current suite
Test Method:		[testPackage01.Test_NewValidationHelper.f29]
################################################################################################################################################
[ReportManager] Assertion [ValidateComparativeRelation] PASSED. Expected [11] and Actual [11]. Comparison Type [LESS_THAN_OR_EQUALS]. Validation Type [POSITIVE]. @28-09-2021 01:57:19.0593 A

################################################################################################################################################
Starting Execution:	[119 out of 144] test cases in the current suite
Test Method:		[testPackage01.Test_NewValidationHelper.f3]
################################################################################################################################################
[ReportManager] Assertion [ValidateEquals] PASSED. Expected [1] and Actual [2]. Comparison Type [EQUALS]. Validation Type [NEGATIVE]. @28-09-2021 01:57:19.0596 A

################################################################################################################################################
Starting Execution:	[120 out of 144] test cases in the current suite
Test Method:		[testPackage01.Test_NewValidationHelper.f30]
################################################################################################################################################
[ReportManager] Assertion [ValidateComparativeRelation] FAILED. Expected [-9] and Actual [11]. Comparison Type [LESS_THAN_OR_EQUALS]. Validation Type [POSITIVE]. @28-09-2021 01:57:19.0598 A

################################################################################################################################################
Starting Execution:	[121 out of 144] test cases in the current suite
Test Method:		[testPackage01.Test_NewValidationHelper.f31]
################################################################################################################################################
[ReportManager] Assertion [ValidateTrue] PASSED. Expected [TRUE] and Actual [TRUE]. Validation Type [POSITIVE]. @28-09-2021 01:57:19.0600 A

################################################################################################################################################
Starting Execution:	[122 out of 144] test cases in the current suite
Test Method:		[testPackage01.Test_NewValidationHelper.f32]
################################################################################################################################################
[ReportManager] Assertion [ValidateTrue] PASSED. Expected [FALSE] and Actual [FALSE]. Validation Type [NEGATIVE]. @28-09-2021 01:57:19.0601 A

################################################################################################################################################
Starting Execution:	[123 out of 144] test cases in the current suite
Test Method:		[testPackage01.Test_NewValidationHelper.f33]
################################################################################################################################################
[ReportManager] Assertion [ValidateTrue] FAILED. Expected [FALSE] and Actual [TRUE]. Validation Type [NEGATIVE]. @28-09-2021 01:57:19.0602 A

################################################################################################################################################
Starting Execution:	[124 out of 144] test cases in the current suite
Test Method:		[testPackage01.Test_NewValidationHelper.f34]
################################################################################################################################################
[ReportManager] Assertion [ValidateTrue] FAILED. Expected [TRUE] and Actual [FALSE]. Validation Type [POSITIVE]. @28-09-2021 01:57:19.0604 A

################################################################################################################################################
Starting Execution:	[125 out of 144] test cases in the current suite
Test Method:		[testPackage01.Test_NewValidationHelper.f35]
################################################################################################################################################
[ReportManager] File Action [DoesFileExist] successfully performed. With the following test data [File Path: "pom.xml"]. @28-09-2021 01:57:19.0606 AM
[ReportManager] Assertion [ValidateFileExists] PASSED. Expected [File 'pom.xml' should exist, after up to '1' retries] and Actual [File exists]. Validation Type [POSITIVE]. @28-09-2021 01:57:19.0606 A

################################################################################################################################################
Starting Execution:	[126 out of 144] test cases in the current suite
Test Method:		[testPackage01.Test_NewValidationHelper.f36]
################################################################################################################################################
[ReportManager] File Action [DoesFileExist] successfully performed. With the following test data [File Path: "src/test/java/testPackage01/Test_NewValidationHelper.java"]. @28-09-2021 01:57:19.0607 AM
[ReportManager] Assertion [ValidateFileExists] PASSED. Expected [File 'src/test/java/testPackage01/Test_NewValidationHelper.java' should exist, after up to '1' retries] and Actual [File exists]. Validation Type [POSITIVE]. @28-09-2021 01:57:19.0607 A

################################################################################################################################################
Starting Execution:	[127 out of 144] test cases in the current suite
Test Method:		[testPackage01.Test_NewValidationHelper.f37]
################################################################################################################################################
[ReportManager] File Action [DoesFileExist] successfully performed. With the following test data [File Path: "pom.xml"]. @28-09-2021 01:57:19.0610 AM
[ReportManager] Assertion Failed: confirming that the file does't exist after 5 retries @28-09-2021 01:57:19.0610 AM
[ReportManager] Assertion [ValidateFileExists] FAILED. Expected [File 'pom.xml' should not exist, after up to '5' retries] and Actual [File exists]. Validation Type [NEGATIVE]. @28-09-2021 01:57:19.0610 A

################################################################################################################################################
Starting Execution:	[128 out of 144] test cases in the current suite
Test Method:		[testPackage01.Test_NewValidationHelper.f3_1]
################################################################################################################################################
[ReportManager] Assertion Passed: Checking valid user data @28-09-2021 01:57:19.0613 AM
[ReportManager] Assertion [ValidateEquals] PASSED. Expected [null] and Actual [null]. Comparison Type [EQUALS]. Validation Type [POSITIVE]. @28-09-2021 01:57:19.0613 A

################################################################################################################################################
Starting Execution:	[129 out of 144] test cases in the current suite
Test Method:		[testPackage01.Test_NewValidationHelper.f4]
################################################################################################################################################
[ReportManager] Assertion [ValidateEquals] PASSED. Expected [1] and Actual [123]. Comparison Type [CONTAINS]. Validation Type [POSITIVE]. @28-09-2021 01:57:19.0615 A

################################################################################################################################################
Starting Execution:	[130 out of 144] test cases in the current suite
Test Method:		[testPackage01.Test_NewValidationHelper.f5]
################################################################################################################################################
[ReportManager] Assertion [ValidateNull] PASSED. Expected [NULL] and Actual [1]. Comparison Type [EQUALS]. Validation Type [NEGATIVE]. @28-09-2021 01:57:19.0617 A

################################################################################################################################################
Starting Execution:	[131 out of 144] test cases in the current suite
Test Method:		[testPackage01.Test_NewValidationHelper.f6]
################################################################################################################################################
[ReportManager] Assertion Failed: Making sure that null string is not equal to null object @28-09-2021 01:57:19.0618 AM
[ReportManager] Assertion [ValidateNull] FAILED. Expected [NULL] and Actual [NULL]. Comparison Type [EQUALS]. Validation Type [POSITIVE]. @28-09-2021 01:57:19.0618 A

################################################################################################################################################
Starting Execution:	[132 out of 144] test cases in the current suite
Test Method:		[testPackage01.Test_NewValidationHelper.f6_1]
################################################################################################################################################
[ReportManager] Assertion [ValidateNull] FAILED. Expected [NULL] and Actual [NULL]. Comparison Type [EQUALS]. Validation Type [NEGATIVE]. @28-09-2021 01:57:19.0620 A

################################################################################################################################################
Starting Execution:	[133 out of 144] test cases in the current suite
Test Method:		[testPackage01.Test_NewValidationHelper.f6_2]
################################################################################################################################################
[ReportManager] Assertion Failed: Making sure that null string is not equal to null object @28-09-2021 01:57:19.0624 AM
[ReportManager] Assertion [ValidateNull] FAILED. Expected [NULL] and Actual [not null]. Comparison Type [EQUALS]. Validation Type [POSITIVE]. @28-09-2021 01:57:19.0624 A

################################################################################################################################################
Starting Execution:	[134 out of 144] test cases in the current suite
Test Method:		[testPackage01.Test_NewValidationHelper.f7]
################################################################################################################################################
[ReportManager] Assertion [ValidateNull] PASSED. Expected [NULL] and Actual [NULL]. Comparison Type [EQUALS]. Validation Type [POSITIVE]. @28-09-2021 01:57:19.0626 A
[ReportManager] File Action [GetAbsolutePath] successfully performed. With the following test data [Relative Folder Path: "target/downloadedFiles/"]. @28-09-2021 01:57:19.0627 AM
[ReportManager] Attempting to run remotely on: [Linux-64], [GoogleChrome], [http://localhost:4444/wd/hub], Headless Execution. @28-09-2021 01:57:19.0628 AM
[ReportManager] Successfully Opened [GoogleChrome]. @28-09-2021 01:57:19.0790 AM
[ReportManager] Target URL: [https://the-internet.herokuapp.com/] @28-09-2021 01:57:19.0800 AM
[ReportManager] Initial URL: [data:,] @28-09-2021 01:57:19.0834 AM
[ReportManager] Browser Action [NavigateToURL] successfully performed. With the following test data [https://the-internet.herokuapp.com/]. @28-09-2021 01:57:20.0112 A

################################################################################################################################################
Starting Execution:	[135 out of 144] test cases in the current suite
Test Method:		[testPackage01.Test_NewValidationHelper.f8]
################################################################################################################################################
[ReportManager] Loaded Shared OpenCV @28-09-2021 01:57:20.0285 AM
[ReportManager] Assertion [ValidateElementExists] PASSED. Expected [Element Should Exist, locator 'By.tagName: h1'] and Actual [Element Exists]. Comparison Type [EQUALS]. Validation Type [POSITIVE]. @28-09-2021 01:57:20.0350 AM
[ReportManager] Successfully created attachment [Screenshot - 1632794240285_f8_ValidateElementExists_passed] @28-09-2021 01:57:20.0351 A
[ReportManager] Successfully Closed All Drivers. @28-09-2021 01:57:20.0425 A
[ReportManager] File Action [GetAbsolutePath] successfully performed. With the following test data [Relative Folder Path: "target/downloadedFiles/"]. @28-09-2021 01:57:20.0426 AM
[ReportManager] Attempting to run remotely on: [Linux-64], [GoogleChrome], [http://localhost:4444/wd/hub], Headless Execution. @28-09-2021 01:57:20.0427 AM
[ReportManager] Successfully Opened [GoogleChrome]. @28-09-2021 01:57:20.0600 AM
[ReportManager] Target URL: [https://the-internet.herokuapp.com/] @28-09-2021 01:57:20.0614 AM
[ReportManager] Initial URL: [data:,] @28-09-2021 01:57:20.0649 AM
[ReportManager] Browser Action [NavigateToURL] successfully performed. With the following test data [https://the-internet.herokuapp.com/]. @28-09-2021 01:57:20.0938 A

################################################################################################################################################
Starting Execution:	[136 out of 144] test cases in the current suite
Test Method:		[testPackage01.Test_NewValidationHelper.f9]
################################################################################################################################################
[ReportManager] Assertion [ValidateElementExists] FAILED. Expected [Element Should Exist, locator 'By.tagName: h3'] and Actual [Element Doesn't Exists]. Comparison Type [EQUALS]. Validation Type [POSITIVE]. @28-09-2021 01:57:51.0619 AM
[ReportManager] Successfully created attachment [Screenshot - 1632794271567_f9_ValidateElementExists_failed] @28-09-2021 01:57:51.0620 A
[ReportManager] Successfully Closed All Drivers. @28-09-2021 01:57:51.0695 A

################################################################################################################################################
Starting Execution:	[137 out of 144] test cases in the current suite
Test Method:		[testPackage01.Test_NewValidationHelper.forceFail]
################################################################################################################################################
[ReportManager] Assertion [ValidateFail] FAILED. Successfully force failed the test. @28-09-2021 01:57:51.0698 A

################################################################################################################################################
Starting Execution:	[138 out of 144] test cases in the current suite
Test Method:		[testPackage01.Test_NewValidationHelper.forceFail2]
################################################################################################################################################
[ReportManager] Assertion Failed: Custom Message @28-09-2021 01:57:51.0700 AM
[ReportManager] Assertion [ValidateFail] FAILED. Successfully force failed the test. @28-09-2021 01:57:51.0700 A

################################################################################################################################################
Starting Execution:	[139 out of 144] test cases in the current suite
Test Method:		[testPackage01.Test_sendGraphqlRequest.sendGraphqlRequestUsingMutationAndVariables]
################################################################################################################################################
[ReportManager] GraphQl Request is being Performed with the Following Parameters [Service URL: https://api.spacex.land/graphql | Request Body: {"variables":"{\"name\": \"sherlock holmes\",\"rocket\": \"221B Baker Street\"}","query":"mutation ($name: String, $rocket: String) {\n  insert_users(objects: {name: $name, rocket: $rocket}) {\n    returning {\n      name\n      rocket\n    }\n  }\n}"}] @28-09-2021 01:57:51.0702 AM
[ReportManager] Response status code: [200], status line: [HTTP/1.1 200 OK] @28-09-2021 01:57:51.0858 AM
[ReportManager] Assertion Passed: Evaluating the actual response status code against the expected one... @28-09-2021 01:57:51.0859 AM
[ReportManager] Assertion [ValidateEquals] PASSED. Expected [200] and Actual [200]. Comparison Type [EQUALS]. Validation Type [POSITIVE]. @28-09-2021 01:57:51.0859 AM
[ReportManager] API Action [PerformRequest] successfully performed. With the following test data [Request Type: "POST" | Target Status Code: "200" | Service URL: "https://api.spacex.land/graphql" | Content Type: "application/json" | Response Time: "96ms"]. @28-09-2021 01:57:51.0867 AM
[ReportManager] Successfully created attachment [API Request - Specifications] @28-09-2021 01:57:51.0868 AM
[ReportManager] Successfully created attachment [API Request - JSON Body] @28-09-2021 01:57:51.0868 AM
[ReportManager] Successfully created attachment [API Response - JSON Body] @28-09-2021 01:57:51.0868 AM
[ReportManager] API Action [GetResponseJSONValue] successfully performed. With the following test data [data.insert_users.returning[0].name]. @28-09-2021 01:57:51.0900 AM
[ReportManager] Assertion [ValidateEquals] PASSED. Expected [sherlock holmes] and Actual [sherlock holmes]. Comparison Type [EQUALS]. Validation Type [POSITIVE]. @28-09-2021 01:57:51.0900 A

################################################################################################################################################
Starting Execution:	[140 out of 144] test cases in the current suite
Test Method:		[testPackage01.Test_sendGraphqlRequest.sendGraphqlRequestUsingQuery]
################################################################################################################################################
[ReportManager] GraphQl Request is being Performed with the Following Parameters [Service URL: https://api.spacex.land/graphql | Request Body: {"query":"{company {ceo}}"}] @28-09-2021 01:57:51.0903 AM
[ReportManager] Response status code: [200], status line: [HTTP/1.1 200 OK] @28-09-2021 01:57:51.0964 AM
[ReportManager] Assertion Passed: Evaluating the actual response status code against the expected one... @28-09-2021 01:57:51.0964 AM
[ReportManager] Assertion [ValidateEquals] PASSED. Expected [200] and Actual [200]. Comparison Type [EQUALS]. Validation Type [POSITIVE]. @28-09-2021 01:57:51.0964 AM
[ReportManager] API Action [PerformRequest] successfully performed. With the following test data [Request Type: "POST" | Target Status Code: "200" | Service URL: "https://api.spacex.land/graphql" | Content Type: "application/json" | Response Time: "55ms"]. @28-09-2021 01:57:51.0974 AM
[ReportManager] Successfully created attachment [API Request - Specifications] @28-09-2021 01:57:51.0974 AM
[ReportManager] Successfully created attachment [API Request - JSON Body] @28-09-2021 01:57:51.0974 AM
[ReportManager] Successfully created attachment [API Response - JSON Body] @28-09-2021 01:57:51.0975 AM
[ReportManager] API Action [GetResponseJSONValue] successfully performed. With the following test data [data.company.ceo]. @28-09-2021 01:57:51.0982 AM
[ReportManager] Assertion [ValidateEquals] PASSED. Expected [Elon Musk] and Actual [Elon Musk]. Comparison Type [EQUALS]. Validation Type [POSITIVE]. @28-09-2021 01:57:51.0982 A

################################################################################################################################################
Starting Execution:	[141 out of 144] test cases in the current suite
Test Method:		[testPackage01.Test_chainableElementActions.chainElementActions]
################################################################################################################################################
[ReportManager] File Action [GetAbsolutePath] successfully performed. With the following test data [Relative Folder Path: "target/downloadedFiles/"]. @28-09-2021 01:57:51.0988 AM
[ReportManager] Attempting to run remotely on: [Linux-64], [GoogleChrome], [http://localhost:4444/wd/hub], Headless Execution. @28-09-2021 01:57:51.0988 AM
[ReportManager] Successfully Opened [GoogleChrome]. @28-09-2021 01:57:52.0195 AM
[ReportManager] Target URL: [https://www.google.com/ncr], and after redirection: [https://www.google.com] @28-09-2021 01:57:52.0205 AM
[ReportManager] Initial URL: [data:,] @28-09-2021 01:57:52.0240 AM
[ReportManager] Browser Action [NavigateToURL] successfully performed. With the following test data [https://www.google.com/ncr]. @28-09-2021 01:57:53.0293 AM
[ReportManager] Element Action [Type] successfully performed. With the following test data [chained type 1]. @28-09-2021 01:57:53.0578 AM
[ReportManager] Element Action [Type] successfully performed. With the following test data [chained type 2]. @28-09-2021 01:57:53.0855 AM
[ReportManager] Element Action [TypeAppend] successfully performed. With the following test data [345]. @28-09-2021 01:57:53.0926 AM
[ReportManager] Element Action [GetText] successfully performed. With the following test data [chained type 2345]. @28-09-2021 01:57:54.0012 AM
[ReportManager] Loaded Shared OpenCV @28-09-2021 01:57:54.0146 AM
[ReportManager] Assertion [ValidateElementAttribute] PASSED. Expected [Value Should be 'chained type 2345' for the 'text' attribute, element locator 'By.name: q'] and Actual [chained type 2345]. Comparison Type [EQUALS]. Validation Type [POSITIVE]. @28-09-2021 01:57:54.0208 AM
[ReportManager] Successfully created attachment [Screenshot - 1632794274146_chainElementActions_ValidateElementAttribute_passed] @28-09-2021 01:57:54.0209 AM
[ReportManager] Browser Action [CloseCurrentWindow] successfully performed. @28-09-2021 01:57:54.0327 AM
[ReportManager] Successfully created attachment [Browser Action Test Data - CloseCurrentWindow - Actual Value] @28-09-2021 01:57:54.0329 A

################################################################################################################################################
Starting Execution:	[142 out of 144] test cases in the current suite
Test Method:		[testPackage01.Test_SkipDueToIssue.doNotSkip]
################################################################################################################################################
[ReportManager] This should not be skipped. @28-09-2021 01:57:54.0337 A

################################################################################################################################################
Starting Execution:	[143 out of 144] test cases in the current suite
Test Method:		[testPackage01.Test_SkipDueToIssue.skip]
################################################################################################################################################
[ReportManager] This should be skipped. @28-09-2021 01:57:54.0344 A

################################################################################################################################################
Starting Execution:	[144 out of 144] test cases in the current suite
Test Method:		[testPackage01.Test_SkipDueToIssue.skip2]
################################################################################################################################################
[ReportManager] This should be skipped. @28-09-2021 01:57:54.0347 A

################################################################################################################################################
Test Closure Activities
################################################################################################################################################
[ReportManager] Successfully created attachment [SHAFT Engine Logs - Execution log] @28-09-2021 01:57:54.0378 AM

################################################################################################################################################
This test run was powered by SHAFT Engine Version: [SHAFT Engine v5.3.20210902]
SHAFT Engine is licensed under the MIT License: [https://github.com/MohabMohie/SHAFT_ENGINE/blob/master/LICENSE].
################################################################################################################################################