################################################################################################################################################
Detected SHAFT Engine Version: [SHAFT Engine v5.4.20211025-BETA]
################################################################################################################################################
[ReportManager] File Action [GetAbsolutePath] successfully performed. With the following test data [Relative Folder Path: "target/downloadedFiles/"]. @25-10-2021 21:19:18.0502 PM
[ReportManager] Attempting to run locally on: [Mac-64], [Safari], Headless Execution. @25-10-2021 21:19:18.0541 PM
[ReportManager] Successfully Opened Safari. @25-10-2021 21:19:23.0188 PM
[ReportManager] Initial window size: (800, 600) @25-10-2021 21:19:23.0219 PM
[ReportManager] Window size after SWD Maximize: (1176, 810) @25-10-2021 21:19:23.0254 PM
[ReportManager] Browser Action [MaximizeWindow] successfully performed. With the following test data [New screen size is now: (1176, 810)]. @25-10-2021 21:19:23.0269 P

################################################################################################################################################
Starting Execution:	[1 out of 143] test cases in the current suite
Test Method:		[unitTests.tests_element_elementActions.waitForElementToBePresent_false_expectedToFail]
################################################################################################################################################
[ReportManager] Target URL: [https://www.google.com/ncr], and after redirection: [www.google.com] @25-10-2021 21:19:23.0407 PM
[ReportManager] Initial URL: [] @25-10-2021 21:19:23.0448 PM
[ReportManager] Browser Action [NavigateToURL] successfully performed. With the following test data [https://www.google.com/ncr]. @25-10-2021 21:19:24.0379 PM
[ReportManager] Waiting for element to be present; elementLocator [By.xpath: //*[@id='hplogo' or @alt='Google']], numberOfTries[1], stateOfPresence[false]... @25-10-2021 21:19:24.0389 PM
[ReportManager] Element Action [WaitForElementToBePresent] failed. With the following test data [waited for the element's state of presence to be (false). Element locator (By.xpath: //*[@id='hplogo' or @alt='Google'])]. @25-10-2021 21:19:26.0630 PM
[ReportManager] Successfully created attachment [Screenshot - 1635196764506_waitForElementToBePresent_false_expectedToFail_WaitForElementToBePresent_failed] @25-10-2021 21:19:26.0641 P
[ReportManager] Browser Action [CloseCurrentWindow] successfully performed. @25-10-2021 21:19:26.0805 PM
[ReportManager] Successfully created attachment [Browser Action Test Data - CloseCurrentWindow - Actual Value] @25-10-2021 21:19:26.0806 P
[ReportManager] File Action [GetAbsolutePath] successfully performed. With the following test data [Relative Folder Path: "target/downloadedFiles/"]. @25-10-2021 21:19:26.0819 PM
[ReportManager] Attempting to run locally on: [Mac-64], [Safari], Headless Execution. @25-10-2021 21:19:26.0819 PM
[ReportManager] Successfully Opened Safari. @25-10-2021 21:19:27.0660 PM
[ReportManager] Initial window size: (800, 600) @25-10-2021 21:19:27.0685 PM
[ReportManager] Window size after SWD Maximize: (1176, 811) @25-10-2021 21:19:27.0732 PM
[ReportManager] Browser Action [MaximizeWindow] successfully performed. With the following test data [New screen size is now: (1176, 811)]. @25-10-2021 21:19:27.0733 P

################################################################################################################################################
Starting Execution:	[2 out of 143] test cases in the current suite
Test Method:		[unitTests.tests_element_elementActions.waitForElementToBePresent_false_expectedToPass]
################################################################################################################################################
[ReportManager] Target URL: [https://www.google.com/ncr], and after redirection: [www.google.com] @25-10-2021 21:19:27.0737 PM
[ReportManager] Initial URL: [] @25-10-2021 21:19:27.0757 PM
[ReportManager] Browser Action [NavigateToURL] successfully performed. With the following test data [https://www.google.com/ncr]. @25-10-2021 21:19:28.0485 PM
[ReportManager] Waiting for element to be present; elementLocator [By.id: bla], numberOfTries[1], stateOfPresence[false]... @25-10-2021 21:19:28.0486 P
[ReportManager] Browser Action [CloseCurrentWindow] successfully performed. @25-10-2021 21:19:28.0610 PM
[ReportManager] Successfully created attachment [Browser Action Test Data - CloseCurrentWindow - Actual Value] @25-10-2021 21:19:28.0611 P
[ReportManager] File Action [GetAbsolutePath] successfully performed. With the following test data [Relative Folder Path: "target/downloadedFiles/"]. @25-10-2021 21:19:28.0616 PM
[ReportManager] Attempting to run locally on: [Mac-64], [Safari], Headless Execution. @25-10-2021 21:19:28.0616 PM
[ReportManager] Successfully Opened Safari. @25-10-2021 21:19:29.0455 PM
[ReportManager] Initial window size: (800, 600) @25-10-2021 21:19:29.0461 PM
[ReportManager] Window size after SWD Maximize: (1176, 811) @25-10-2021 21:19:29.0484 PM
[ReportManager] Browser Action [MaximizeWindow] successfully performed. With the following test data [New screen size is now: (1176, 811)]. @25-10-2021 21:19:29.0484 P

################################################################################################################################################
Starting Execution:	[3 out of 143] test cases in the current suite
Test Method:		[unitTests.tests_element_elementActions.waitForElementToBePresent_moreThanOneElement_expectedToFail]
################################################################################################################################################
[ReportManager] Target URL: [https://www.google.com/ncr], and after redirection: [www.google.com] @25-10-2021 21:19:29.0488 PM
[ReportManager] Initial URL: [] @25-10-2021 21:19:29.0550 PM
[ReportManager] Browser Action [NavigateToURL] successfully performed. With the following test data [https://www.google.com/ncr]. @25-10-2021 21:19:30.0232 PM
[ReportManager] Waiting for element to be present; elementLocator [By.xpath: //*], numberOfTries[1], stateOfPresence[false]... @25-10-2021 21:19:30.0233 PM
[ReportManager] Element Action [WaitForElementToBePresent] failed. With the following test data [waited for the element's state of presence to be (false). Element locator (By.xpath: //*)]. @25-10-2021 21:19:30.0477 PM
[ReportManager] Successfully created attachment [Screenshot - 1635196770296_waitForElementToBePresent_moreThanOneElement_expectedToFail_WaitForElementToBePresent_failed] @25-10-2021 21:19:30.0481 P
[ReportManager] Browser Action [CloseCurrentWindow] successfully performed. @25-10-2021 21:19:30.0523 PM
[ReportManager] Successfully created attachment [Browser Action Test Data - CloseCurrentWindow - Actual Value] @25-10-2021 21:19:30.0525 P
[ReportManager] File Action [GetAbsolutePath] successfully performed. With the following test data [Relative Folder Path: "target/downloadedFiles/"]. @25-10-2021 21:19:30.0542 PM
[ReportManager] Attempting to run locally on: [Mac-64], [Safari], Headless Execution. @25-10-2021 21:19:30.0543 PM
[ReportManager] Successfully Opened Safari. @25-10-2021 21:19:31.0372 PM
[ReportManager] Initial window size: (800, 600) @25-10-2021 21:19:31.0378 PM
[ReportManager] Window size after SWD Maximize: (1176, 811) @25-10-2021 21:19:31.0404 PM
[ReportManager] Browser Action [MaximizeWindow] successfully performed. With the following test data [New screen size is now: (1176, 811)]. @25-10-2021 21:19:31.0404 P

################################################################################################################################################
Starting Execution:	[4 out of 143] test cases in the current suite
Test Method:		[unitTests.tests_element_elementActions.waitForElementToBePresent_true_expectedToFail]
################################################################################################################################################
[ReportManager] Target URL: [https://www.google.com/ncr], and after redirection: [www.google.com] @25-10-2021 21:19:31.0407 PM
[ReportManager] Initial URL: [] @25-10-2021 21:19:31.0455 PM
[ReportManager] Browser Action [NavigateToURL] successfully performed. With the following test data [https://www.google.com/ncr]. @25-10-2021 21:19:32.0097 PM
[ReportManager] Waiting for element to be present; elementLocator [By.id: bla], numberOfTries[1], stateOfPresence[true]... @25-10-2021 21:19:32.0097 P
[ReportManager] Browser Action [CloseCurrentWindow] successfully performed. @25-10-2021 21:19:32.0341 PM
[ReportManager] Successfully created attachment [Browser Action Test Data - CloseCurrentWindow - Actual Value] @25-10-2021 21:19:32.0341 P
[ReportManager] File Action [GetAbsolutePath] successfully performed. With the following test data [Relative Folder Path: "target/downloadedFiles/"]. @25-10-2021 21:19:32.0345 PM
[ReportManager] Attempting to run locally on: [Mac-64], [Safari], Headless Execution. @25-10-2021 21:19:32.0346 PM
[ReportManager] Successfully Opened Safari. @25-10-2021 21:19:33.0164 PM
[ReportManager] Initial window size: (800, 600) @25-10-2021 21:19:33.0185 PM
[ReportManager] Window size after SWD Maximize: (1176, 811) @25-10-2021 21:19:33.0203 PM
[ReportManager] Browser Action [MaximizeWindow] successfully performed. With the following test data [New screen size is now: (1176, 811)]. @25-10-2021 21:19:33.0203 P

################################################################################################################################################
Starting Execution:	[5 out of 143] test cases in the current suite
Test Method:		[unitTests.tests_element_elementActions.waitForElementToBePresent_true_expectedToPass]
################################################################################################################################################
[ReportManager] Target URL: [https://www.google.com/ncr], and after redirection: [www.google.com] @25-10-2021 21:19:33.0227 PM
[ReportManager] Initial URL: [] @25-10-2021 21:19:33.0258 PM
[ReportManager] Browser Action [NavigateToURL] successfully performed. With the following test data [https://www.google.com/ncr]. @25-10-2021 21:19:34.0018 PM
[ReportManager] Waiting for element to be present; elementLocator [By.xpath: //*[@id='hplogo' or @alt='Google']], numberOfTries[1], stateOfPresence[true]... @25-10-2021 21:19:34.0018 PM
[ReportManager] Element Action [WaitForElementToBePresent] successfully performed. With the following test data [waited for the element's state of presence to be (true). Element locator (By.xpath: //*[@id='hplogo' or @alt='Google'])]. @25-10-2021 21:19:34.0031 PM
[ReportManager] File Action [DoesFileExist] successfully performed. With the following test data [File Path: "src/test/resources/DynamicObjectRepository/unitTests_tests_element_elementActions_waitForElementToBePresent_true_expectedToPass_By_xpath_id_hplogo_or_alt_Google.png"]. @25-10-2021 21:19:34.0049 PM
[ReportManager] File Action [DoesFileExist] successfully performed. With the following test data [File Path: "src/test/resources/DynamicObjectRepository/unitTests_tests_element_elementActions_waitForElementToBePresent_true_expectedToPass_By_xpath_id_hplogo_or_alt_Google.png"]. @25-10-2021 21:19:34.0106 PM
[ReportManager] Passing the test and saving a reference image @25-10-2021 21:19:34.0106 PM
[ReportManager] File Action [GetAbsolutePath] successfully performed. With the following test data [Relative File Path: "src/test/resources/DynamicObjectRepository/unitTests_tests_element_elementActions_waitForElementToBePresent_true_expectedToPass_By_xpath_id_hplogo_or_alt_Google.png"]. @25-10-2021 21:19:34.0106 PM
[ReportManager] File Action [WriteToFile] successfully performed. With the following test data [Target File Path: "/Users/runner/work/SHAFT_ENGINE/SHAFT_ENGINE/src/test/resources/DynamicObjectRepository/unitTests_tests_element_elementActions_waitForElementToBePresent_true_expectedToPass_By_xpath_id_hplogo_or_alt_Google.png"]. @25-10-2021 21:19:34.0109 PM
[ReportManager] Assertion Passed: Using Visual AI; OpenCV @25-10-2021 21:19:34.0111 PM
[ReportManager] Successfully created attachment [Validation Test Data - Actual Screenshot] @25-10-2021 21:19:34.0113 PM
[ReportManager] Assertion [ValidateElementMatches] PASSED. Expected [Element should match the reference screenshot] and Actual [TRUE]. Comparison Type [EXACT_OPENCV]. Validation Type [POSITIVE]. @25-10-2021 21:19:34.0113 P
[ReportManager] Browser Action [CloseCurrentWindow] successfully performed. @25-10-2021 21:19:34.0364 PM
[ReportManager] Successfully created attachment [Browser Action Test Data - CloseCurrentWindow - Actual Value] @25-10-2021 21:19:34.0365 P
[ReportManager] File Action [GetAbsolutePath] successfully performed. With the following test data [Relative Folder Path: "target/downloadedFiles/"]. @25-10-2021 21:19:34.0369 PM
[ReportManager] Attempting to run locally on: [Mac-64], [Safari], Headless Execution. @25-10-2021 21:19:34.0369 PM
[ReportManager] Successfully Opened Safari. @25-10-2021 21:19:35.0190 PM
[ReportManager] Initial window size: (800, 600) @25-10-2021 21:19:35.0196 PM
[ReportManager] Window size after SWD Maximize: (1176, 811) @25-10-2021 21:19:35.0218 PM
[ReportManager] Browser Action [MaximizeWindow] successfully performed. With the following test data [New screen size is now: (1176, 811)]. @25-10-2021 21:19:35.0218 PM
[ReportManager] Target URL: [https://duckduckgo.com] @25-10-2021 21:19:35.0218 PM
[ReportManager] Initial URL: [] @25-10-2021 21:19:35.0263 PM
[ReportManager] Browser Action [NavigateToURL] successfully performed. With the following test data [https://duckduckgo.com]. @25-10-2021 21:19:37.0454 P

################################################################################################################################################
Starting Execution:	[6 out of 143] test cases in the current suite
Test Method:		[unitTests.tests_browserActions.fullScreenWindow]
################################################################################################################################################
[ReportManager] Initial Windows Size: 1176x811 @25-10-2021 21:19:37.0472 PM
[ReportManager] Current Windows Size after fullScreen: 1176x885 @25-10-2021 21:19:37.0769 PM
[ReportManager] Browser Action [FullScreenWindow] successfully performed. @25-10-2021 21:19:37.0795 PM
[ReportManager] Successfully created attachment [Browser Action Test Data - FullScreenWindow - Actual Value] @25-10-2021 21:19:37.0798 P
[ReportManager] Target URL: [https://duckduckgo.com] @25-10-2021 21:19:37.0801 PM
[ReportManager] Initial URL: [https://duckduckgo.com] @25-10-2021 21:19:37.0835 PM
[ReportManager] Browser Action [NavigateToURL] successfully performed. With the following test data [https://duckduckgo.com]. @25-10-2021 21:19:38.0584 PM
[ReportManager] Browser Action [CloseCurrentWindow] successfully performed. @25-10-2021 21:19:38.0764 PM
[ReportManager] Successfully created attachment [Browser Action Test Data - CloseCurrentWindow - Actual Value] @25-10-2021 21:19:38.0766 P
[ReportManager] File Action [GetAbsolutePath] successfully performed. With the following test data [Relative Folder Path: "target/downloadedFiles/"]. @25-10-2021 21:19:38.0769 PM
[ReportManager] Attempting to run locally on: [Mac-64], [Safari], Headless Execution. @25-10-2021 21:19:38.0770 PM
[ReportManager] Successfully Opened Safari. @25-10-2021 21:19:39.0608 PM
[ReportManager] Initial window size: (800, 600) @25-10-2021 21:19:39.0633 PM
[ReportManager] Window size after SWD Maximize: (1176, 811) @25-10-2021 21:19:39.0678 PM
[ReportManager] Browser Action [MaximizeWindow] successfully performed. With the following test data [New screen size is now: (1176, 811)]. @25-10-2021 21:19:39.0678 PM
[ReportManager] Target URL: [https://duckduckgo.com] @25-10-2021 21:19:39.0678 PM
[ReportManager] Initial URL: [] @25-10-2021 21:19:39.0701 PM
[ReportManager] Browser Action [NavigateToURL] successfully performed. With the following test data [https://duckduckgo.com]. @25-10-2021 21:19:41.0805 P

################################################################################################################################################
Starting Execution:	[7 out of 143] test cases in the current suite
Test Method:		[unitTests.tests_browserActions.getCurrentURL]
################################################################################################################################################
[ReportManager] Browser Action [GetCurrentURL] successfully performed. With the following test data [https://duckduckgo.com/]. @25-10-2021 21:19:41.0817 P
[ReportManager] Target URL: [https://duckduckgo.com] @25-10-2021 21:19:41.0819 PM
[ReportManager] Initial URL: [https://duckduckgo.com] @25-10-2021 21:19:41.0848 PM
[ReportManager] Browser Action [NavigateToURL] successfully performed. With the following test data [https://duckduckgo.com]. @25-10-2021 21:19:42.0551 PM
[ReportManager] Browser Action [CloseCurrentWindow] successfully performed. @25-10-2021 21:19:42.0666 PM
[ReportManager] Successfully created attachment [Browser Action Test Data - CloseCurrentWindow - Actual Value] @25-10-2021 21:19:42.0667 P
[ReportManager] File Action [GetAbsolutePath] successfully performed. With the following test data [Relative Folder Path: "target/downloadedFiles/"]. @25-10-2021 21:19:42.0671 PM
[ReportManager] Attempting to run locally on: [Mac-64], [Safari], Headless Execution. @25-10-2021 21:19:42.0671 PM
[ReportManager] Successfully Opened Safari. @25-10-2021 21:19:43.0486 PM
[ReportManager] Initial window size: (800, 600) @25-10-2021 21:19:43.0492 PM
[ReportManager] Window size after SWD Maximize: (1176, 811) @25-10-2021 21:19:43.0513 PM
[ReportManager] Browser Action [MaximizeWindow] successfully performed. With the following test data [New screen size is now: (1176, 811)]. @25-10-2021 21:19:43.0514 PM
[ReportManager] Target URL: [https://duckduckgo.com] @25-10-2021 21:19:43.0514 PM
[ReportManager] Initial URL: [] @25-10-2021 21:19:43.0563 PM
[ReportManager] Browser Action [NavigateToURL] successfully performed. With the following test data [https://duckduckgo.com]. @25-10-2021 21:19:45.0664 P

################################################################################################################################################
Starting Execution:	[8 out of 143] test cases in the current suite
Test Method:		[unitTests.tests_browserActions.getCurrentWindowTitle]
################################################################################################################################################
[ReportManager] Browser Action [GetCurrentWindowTitle] successfully performed. With the following test data [DuckDuckGo â€” Privacy, simplified.]. @25-10-2021 21:19:45.0686 P
[ReportManager] Target URL: [https://duckduckgo.com] @25-10-2021 21:19:45.0689 PM
[ReportManager] Initial URL: [https://duckduckgo.com] @25-10-2021 21:19:45.0715 PM
[ReportManager] Browser Action [NavigateToURL] successfully performed. With the following test data [https://duckduckgo.com]. @25-10-2021 21:19:46.0418 PM
[ReportManager] Browser Action [CloseCurrentWindow] successfully performed. @25-10-2021 21:19:46.0578 PM
[ReportManager] Successfully created attachment [Browser Action Test Data - CloseCurrentWindow - Actual Value] @25-10-2021 21:19:46.0579 P
[ReportManager] File Action [GetAbsolutePath] successfully performed. With the following test data [Relative Folder Path: "target/downloadedFiles/"]. @25-10-2021 21:19:46.0586 PM
[ReportManager] Attempting to run locally on: [Mac-64], [Safari], Headless Execution. @25-10-2021 21:19:46.0587 PM
[ReportManager] Successfully Opened Safari. @25-10-2021 21:19:47.0368 PM
[ReportManager] Initial window size: (800, 600) @25-10-2021 21:19:47.0382 PM
[ReportManager] Window size after SWD Maximize: (1176, 811) @25-10-2021 21:19:47.0396 PM
[ReportManager] Browser Action [MaximizeWindow] successfully performed. With the following test data [New screen size is now: (1176, 811)]. @25-10-2021 21:19:47.0397 PM
[ReportManager] Target URL: [https://duckduckgo.com] @25-10-2021 21:19:47.0397 PM
[ReportManager] Initial URL: [] @25-10-2021 21:19:47.0428 PM
[ReportManager] Browser Action [NavigateToURL] successfully performed. With the following test data [https://duckduckgo.com]. @25-10-2021 21:19:49.0522 P

################################################################################################################################################
Starting Execution:	[9 out of 143] test cases in the current suite
Test Method:		[unitTests.tests_browserActions.getPageSource]
################################################################################################################################################
[ReportManager] Browser Action [GetPageSource] successfully performed. @25-10-2021 21:19:49.0536 PM
[ReportManager] Successfully created attachment [Browser Action Test Data - GetPageSource - Actual Value] @25-10-2021 21:19:49.0537 P
[ReportManager] Target URL: [https://duckduckgo.com] @25-10-2021 21:19:49.0540 PM
[ReportManager] Initial URL: [https://duckduckgo.com] @25-10-2021 21:19:49.0558 PM
[ReportManager] Browser Action [NavigateToURL] successfully performed. With the following test data [https://duckduckgo.com]. @25-10-2021 21:19:50.0270 PM
[ReportManager] Browser Action [CloseCurrentWindow] successfully performed. @25-10-2021 21:19:50.0378 PM
[ReportManager] Successfully created attachment [Browser Action Test Data - CloseCurrentWindow - Actual Value] @25-10-2021 21:19:50.0378 P
[ReportManager] File Action [GetAbsolutePath] successfully performed. With the following test data [Relative Folder Path: "target/downloadedFiles/"]. @25-10-2021 21:19:50.0381 PM
[ReportManager] Attempting to run locally on: [Mac-64], [Safari], Headless Execution. @25-10-2021 21:19:50.0382 PM
[ReportManager] Successfully Opened Safari. @25-10-2021 21:19:51.0163 PM
[ReportManager] Initial window size: (800, 600) @25-10-2021 21:19:51.0176 PM
[ReportManager] Window size after SWD Maximize: (1176, 811) @25-10-2021 21:19:51.0189 PM
[ReportManager] Browser Action [MaximizeWindow] successfully performed. With the following test data [New screen size is now: (1176, 811)]. @25-10-2021 21:19:51.0190 PM
[ReportManager] Target URL: [https://duckduckgo.com] @25-10-2021 21:19:51.0190 PM
[ReportManager] Initial URL: [] @25-10-2021 21:19:51.0219 PM
[ReportManager] Browser Action [NavigateToURL] successfully performed. With the following test data [https://duckduckgo.com]. @25-10-2021 21:19:53.0298 P

################################################################################################################################################
Starting Execution:	[10 out of 143] test cases in the current suite
Test Method:		[unitTests.tests_browserActions.getWindowHandle]
################################################################################################################################################
[ReportManager] Browser Action [GetWindowHandle] successfully performed. With the following test data [page-A6B0D533-352E-4C90-ABB0-71AC55F23C63]. @25-10-2021 21:19:53.0308 P
[ReportManager] Target URL: [https://duckduckgo.com] @25-10-2021 21:19:53.0310 PM
[ReportManager] Initial URL: [https://duckduckgo.com] @25-10-2021 21:19:53.0330 PM
[ReportManager] Browser Action [NavigateToURL] successfully performed. With the following test data [https://duckduckgo.com]. @25-10-2021 21:19:54.0033 PM
[ReportManager] Browser Action [CloseCurrentWindow] successfully performed. @25-10-2021 21:19:54.0262 PM
[ReportManager] Successfully created attachment [Browser Action Test Data - CloseCurrentWindow - Actual Value] @25-10-2021 21:19:54.0263 P
[ReportManager] File Action [GetAbsolutePath] successfully performed. With the following test data [Relative Folder Path: "target/downloadedFiles/"]. @25-10-2021 21:19:54.0266 PM
[ReportManager] Attempting to run locally on: [Mac-64], [Safari], Headless Execution. @25-10-2021 21:19:54.0266 PM
[ReportManager] Successfully Opened Safari. @25-10-2021 21:19:55.0016 PM
[ReportManager] Initial window size: (800, 600) @25-10-2021 21:19:55.0038 PM
[ReportManager] Window size after SWD Maximize: (1176, 811) @25-10-2021 21:19:55.0052 PM
[ReportManager] Browser Action [MaximizeWindow] successfully performed. With the following test data [New screen size is now: (1176, 811)]. @25-10-2021 21:19:55.0052 PM
[ReportManager] Target URL: [https://duckduckgo.com] @25-10-2021 21:19:55.0052 PM
[ReportManager] Initial URL: [] @25-10-2021 21:19:55.0082 PM
[ReportManager] Browser Action [NavigateToURL] successfully performed. With the following test data [https://duckduckgo.com]. @25-10-2021 21:19:57.0153 P

################################################################################################################################################
Starting Execution:	[11 out of 143] test cases in the current suite
Test Method:		[unitTests.tests_browserActions.getWindowPosition]
################################################################################################################################################
[ReportManager] Browser Action [GetWindowPosition] successfully performed. With the following test data [(0, 23)]. @25-10-2021 21:19:57.0171 P
[ReportManager] Target URL: [https://duckduckgo.com] @25-10-2021 21:19:57.0173 PM
[ReportManager] Initial URL: [https://duckduckgo.com] @25-10-2021 21:19:57.0208 PM
[ReportManager] Browser Action [NavigateToURL] successfully performed. With the following test data [https://duckduckgo.com]. @25-10-2021 21:19:57.0914 PM
[ReportManager] Browser Action [CloseCurrentWindow] successfully performed. @25-10-2021 21:19:58.0092 PM
[ReportManager] Successfully created attachment [Browser Action Test Data - CloseCurrentWindow - Actual Value] @25-10-2021 21:19:58.0093 P
[ReportManager] File Action [GetAbsolutePath] successfully performed. With the following test data [Relative Folder Path: "target/downloadedFiles/"]. @25-10-2021 21:19:58.0096 PM
[ReportManager] Attempting to run locally on: [Mac-64], [Safari], Headless Execution. @25-10-2021 21:19:58.0097 PM
[ReportManager] Successfully Opened Safari. @25-10-2021 21:19:58.0917 PM
[ReportManager] Initial window size: (800, 600) @25-10-2021 21:19:58.0936 PM
[ReportManager] Window size after SWD Maximize: (1176, 811) @25-10-2021 21:19:58.0950 PM
[ReportManager] Browser Action [MaximizeWindow] successfully performed. With the following test data [New screen size is now: (1176, 811)]. @25-10-2021 21:19:58.0951 PM
[ReportManager] Target URL: [https://duckduckgo.com] @25-10-2021 21:19:58.0951 PM
[ReportManager] Initial URL: [] @25-10-2021 21:19:58.0999 PM
[ReportManager] Browser Action [NavigateToURL] successfully performed. With the following test data [https://duckduckgo.com]. @25-10-2021 21:20:01.0082 P

################################################################################################################################################
Starting Execution:	[12 out of 143] test cases in the current suite
Test Method:		[unitTests.tests_browserActions.getWindowSize]
################################################################################################################################################
[ReportManager] Browser Action [GetWindowSize] successfully performed. With the following test data [(1176, 811)]. @25-10-2021 21:20:01.0092 P
[ReportManager] Target URL: [https://duckduckgo.com] @25-10-2021 21:20:01.0094 PM
[ReportManager] Initial URL: [https://duckduckgo.com] @25-10-2021 21:20:01.0134 PM
[ReportManager] Browser Action [NavigateToURL] successfully performed. With the following test data [https://duckduckgo.com]. @25-10-2021 21:20:01.0824 PM
[ReportManager] Browser Action [CloseCurrentWindow] successfully performed. @25-10-2021 21:20:01.0936 PM
[ReportManager] Successfully created attachment [Browser Action Test Data - CloseCurrentWindow - Actual Value] @25-10-2021 21:20:01.0938 P
[ReportManager] File Action [GetAbsolutePath] successfully performed. With the following test data [Relative Folder Path: "target/downloadedFiles/"]. @25-10-2021 21:20:01.0940 PM
[ReportManager] Attempting to run locally on: [Mac-64], [Safari], Headless Execution. @25-10-2021 21:20:01.0940 PM
[ReportManager] Successfully Opened Safari. @25-10-2021 21:20:02.0734 PM
[ReportManager] Initial window size: (800, 600) @25-10-2021 21:20:02.0739 PM
[ReportManager] Window size after SWD Maximize: (1176, 811) @25-10-2021 21:20:02.0749 PM
[ReportManager] Browser Action [MaximizeWindow] successfully performed. With the following test data [New screen size is now: (1176, 811)]. @25-10-2021 21:20:02.0750 PM
[ReportManager] Target URL: [https://duckduckgo.com] @25-10-2021 21:20:02.0750 PM
[ReportManager] Initial URL: [] @25-10-2021 21:20:02.0775 PM
[ReportManager] Browser Action [NavigateToURL] successfully performed. With the following test data [https://duckduckgo.com]. @25-10-2021 21:20:04.0891 P

################################################################################################################################################
Starting Execution:	[13 out of 143] test cases in the current suite
Test Method:		[unitTests.tests_browserActions.maximizeWindow]
################################################################################################################################################
[ReportManager] Initial window size: (1176, 811) @25-10-2021 21:20:04.0903 PM
[ReportManager] Window size after SWD Maximize: (1176, 811) @25-10-2021 21:20:04.0913 PM
[ReportManager] Window size after Toolkit: (1920, 1080) @25-10-2021 21:20:04.0969 PM
[ReportManager] Browser Action [MaximizeWindow] successfully performed. With the following test data [New screen size is now: (1920, 1080)]. @25-10-2021 21:20:04.0972 P
[ReportManager] Target URL: [https://duckduckgo.com] @25-10-2021 21:20:04.0974 PM
[ReportManager] Initial URL: [https://duckduckgo.com] @25-10-2021 21:20:04.0989 PM
[ReportManager] Browser Action [NavigateToURL] successfully performed. With the following test data [https://duckduckgo.com]. @25-10-2021 21:20:05.0707 PM
[ReportManager] Browser Action [CloseCurrentWindow] successfully performed. @25-10-2021 21:20:05.0883 PM
[ReportManager] Successfully created attachment [Browser Action Test Data - CloseCurrentWindow - Actual Value] @25-10-2021 21:20:05.0884 P
[ReportManager] File Action [GetAbsolutePath] successfully performed. With the following test data [Relative Folder Path: "target/downloadedFiles/"]. @25-10-2021 21:20:05.0887 PM
[ReportManager] Attempting to run locally on: [Mac-64], [Safari], Headless Execution. @25-10-2021 21:20:05.0887 PM
[ReportManager] Successfully Opened Safari. @25-10-2021 21:20:06.0679 PM
[ReportManager] Initial window size: (800, 600) @25-10-2021 21:20:06.0685 PM
[ReportManager] Window size after SWD Maximize: (1176, 811) @25-10-2021 21:20:06.0705 PM
[ReportManager] Browser Action [MaximizeWindow] successfully performed. With the following test data [New screen size is now: (1176, 811)]. @25-10-2021 21:20:06.0706 PM
[ReportManager] Target URL: [https://duckduckgo.com] @25-10-2021 21:20:06.0706 PM
[ReportManager] Initial URL: [] @25-10-2021 21:20:06.0740 PM
[ReportManager] Browser Action [NavigateToURL] successfully performed. With the following test data [https://duckduckgo.com]. @25-10-2021 21:20:08.0784 P

################################################################################################################################################
Starting Execution:	[14 out of 143] test cases in the current suite
Test Method:		[unitTests.tests_browserActions.navigateBack]
################################################################################################################################################
[ReportManager] Target URL: [https://www.google.com/ncr], and after redirection: [https://www.google.com] @25-10-2021 21:20:08.0789 PM
[ReportManager] Initial URL: [https://duckduckgo.com] @25-10-2021 21:20:08.0814 PM
[ReportManager] Browser Action [NavigateToURL] successfully performed. With the following test data [https://www.google.com/ncr]. @25-10-2021 21:20:09.0377 PM
[ReportManager] Browser Action [NavigateBack] successfully performed. With the following test data [https://duckduckgo.com/]. @25-10-2021 21:20:09.0480 PM
[ReportManager] Browser Action [GetCurrentURL] successfully performed. With the following test data [https://duckduckgo.com/]. @25-10-2021 21:20:09.0492 PM
[ReportManager] Assertion Passed: Confirming that navigating back was successful @25-10-2021 21:20:09.0616 PM
[ReportManager] Successfully created attachment [Screenshot - 1635196809526_navigateBack_ValidateBrowserAttribute_passed] @25-10-2021 21:20:09.0626 PM
[ReportManager] Assertion [ValidateBrowserAttribute] PASSED. Expected [Value Should be 'https://duckduckgo.com' for the 'CurrentUrl' attribute] and Actual [https://duckduckgo.com/]. Comparison Type [CONTAINS]. Validation Type [POSITIVE]. @25-10-2021 21:20:09.0626 P
[ReportManager] Target URL: [https://duckduckgo.com] @25-10-2021 21:20:09.0628 PM
[ReportManager] Initial URL: [https://duckduckgo.com] @25-10-2021 21:20:09.0649 PM
[ReportManager] Browser Action [NavigateToURL] successfully performed. With the following test data [https://duckduckgo.com]. @25-10-2021 21:20:10.0352 PM
[ReportManager] Browser Action [CloseCurrentWindow] successfully performed. @25-10-2021 21:20:10.0430 PM
[ReportManager] Successfully created attachment [Browser Action Test Data - CloseCurrentWindow - Actual Value] @25-10-2021 21:20:10.0430 P
[ReportManager] File Action [GetAbsolutePath] successfully performed. With the following test data [Relative Folder Path: "target/downloadedFiles/"]. @25-10-2021 21:20:10.0433 PM
[ReportManager] Attempting to run locally on: [Mac-64], [Safari], Headless Execution. @25-10-2021 21:20:10.0434 PM
[ReportManager] Successfully Opened Safari. @25-10-2021 21:20:11.0168 PM
[ReportManager] Initial window size: (800, 600) @25-10-2021 21:20:11.0187 PM
[ReportManager] Window size after SWD Maximize: (1176, 811) @25-10-2021 21:20:11.0202 PM
[ReportManager] Browser Action [MaximizeWindow] successfully performed. With the following test data [New screen size is now: (1176, 811)]. @25-10-2021 21:20:11.0205 PM
[ReportManager] Target URL: [https://duckduckgo.com] @25-10-2021 21:20:11.0205 PM
[ReportManager] Initial URL: [] @25-10-2021 21:20:11.0267 PM
[ReportManager] Browser Action [NavigateToURL] successfully performed. With the following test data [https://duckduckgo.com]. @25-10-2021 21:20:13.0267 P

################################################################################################################################################
Starting Execution:	[15 out of 143] test cases in the current suite
Test Method:		[unitTests.tests_browserActions.navigateForward]
################################################################################################################################################
[ReportManager] Target URL: [https://www.google.com/ncr], and after redirection: [https://www.google.com] @25-10-2021 21:20:13.0276 PM
[ReportManager] Initial URL: [https://duckduckgo.com] @25-10-2021 21:20:13.0304 PM
[ReportManager] Browser Action [NavigateToURL] successfully performed. With the following test data [https://www.google.com/ncr]. @25-10-2021 21:20:14.0018 PM
[ReportManager] Browser Action [NavigateBack] successfully performed. With the following test data [https://duckduckgo.com/]. @25-10-2021 21:20:14.0078 PM
[ReportManager] Browser Action [NavigateForward] successfully performed. With the following test data [https://www.google.com/]. @25-10-2021 21:20:14.0167 P
[ReportManager] Target URL: [https://duckduckgo.com] @25-10-2021 21:20:14.0170 PM
[ReportManager] Initial URL: [https://www.google.com] @25-10-2021 21:20:14.0196 PM
[ReportManager] Browser Action [NavigateToURL] successfully performed. With the following test data [https://duckduckgo.com]. @25-10-2021 21:20:14.0650 PM
[ReportManager] Browser Action [CloseCurrentWindow] successfully performed. @25-10-2021 21:20:14.0734 PM
[ReportManager] Successfully created attachment [Browser Action Test Data - CloseCurrentWindow - Actual Value] @25-10-2021 21:20:14.0735 P
[ReportManager] File Action [GetAbsolutePath] successfully performed. With the following test data [Relative Folder Path: "target/downloadedFiles/"]. @25-10-2021 21:20:14.0738 PM
[ReportManager] Attempting to run locally on: [Mac-64], [Safari], Headless Execution. @25-10-2021 21:20:14.0738 PM
[ReportManager] Successfully Opened Safari. @25-10-2021 21:20:15.0525 PM
[ReportManager] Initial window size: (800, 600) @25-10-2021 21:20:15.0531 PM
[ReportManager] Window size after SWD Maximize: (1176, 811) @25-10-2021 21:20:15.0549 PM
[ReportManager] Browser Action [MaximizeWindow] successfully performed. With the following test data [New screen size is now: (1176, 811)]. @25-10-2021 21:20:15.0550 PM
[ReportManager] Target URL: [https://duckduckgo.com] @25-10-2021 21:20:15.0550 PM
[ReportManager] Initial URL: [] @25-10-2021 21:20:15.0591 PM
[ReportManager] Browser Action [NavigateToURL] successfully performed. With the following test data [https://duckduckgo.com]. @25-10-2021 21:20:17.0628 P

################################################################################################################################################
Starting Execution:	[16 out of 143] test cases in the current suite
Test Method:		[unitTests.tests_browserActions.navigateToURL]
################################################################################################################################################
[ReportManager] Target URL: [https://duckduckgo.com] @25-10-2021 21:20:17.0631 PM
[ReportManager] Initial URL: [https://duckduckgo.com] @25-10-2021 21:20:17.0650 PM
[ReportManager] Browser Action [NavigateToURL] successfully performed. With the following test data [https://duckduckgo.com]. @25-10-2021 21:20:18.0343 P
[ReportManager] Target URL: [https://duckduckgo.com] @25-10-2021 21:20:18.0348 PM
[ReportManager] Initial URL: [https://duckduckgo.com] @25-10-2021 21:20:18.0369 PM
[ReportManager] Browser Action [NavigateToURL] successfully performed. With the following test data [https://duckduckgo.com]. @25-10-2021 21:20:19.0049 PM
[ReportManager] Browser Action [CloseCurrentWindow] successfully performed. @25-10-2021 21:20:19.0158 PM
[ReportManager] Successfully created attachment [Browser Action Test Data - CloseCurrentWindow - Actual Value] @25-10-2021 21:20:19.0159 P
[ReportManager] File Action [GetAbsolutePath] successfully performed. With the following test data [Relative Folder Path: "target/downloadedFiles/"]. @25-10-2021 21:20:19.0162 PM
[ReportManager] Attempting to run locally on: [Mac-64], [Safari], Headless Execution. @25-10-2021 21:20:19.0162 PM
[ReportManager] Successfully Opened Safari. @25-10-2021 21:20:19.0879 PM
[ReportManager] Initial window size: (800, 600) @25-10-2021 21:20:19.0898 PM
[ReportManager] Window size after SWD Maximize: (1176, 811) @25-10-2021 21:20:19.0910 PM
[ReportManager] Browser Action [MaximizeWindow] successfully performed. With the following test data [New screen size is now: (1176, 811)]. @25-10-2021 21:20:19.0910 PM
[ReportManager] Target URL: [https://duckduckgo.com] @25-10-2021 21:20:19.0910 PM
[ReportManager] Initial URL: [] @25-10-2021 21:20:19.0942 PM
[ReportManager] Browser Action [NavigateToURL] successfully performed. With the following test data [https://duckduckgo.com]. @25-10-2021 21:20:22.0009 P

################################################################################################################################################
Starting Execution:	[17 out of 143] test cases in the current suite
Test Method:		[unitTests.tests_browserActions.navigateToURLWithRedirection]
################################################################################################################################################
[ReportManager] Target URL: [https://www.google.com/ncr], and after redirection: [https://www.google.com] @25-10-2021 21:20:22.0014 PM
[ReportManager] Initial URL: [https://duckduckgo.com] @25-10-2021 21:20:22.0033 PM
[ReportManager] Browser Action [NavigateToURL] successfully performed. With the following test data [https://www.google.com/ncr]. @25-10-2021 21:20:22.0596 P
[ReportManager] Target URL: [https://duckduckgo.com] @25-10-2021 21:20:22.0599 PM
[ReportManager] Initial URL: [https://www.google.com] @25-10-2021 21:20:22.0618 PM
[ReportManager] Browser Action [NavigateToURL] successfully performed. With the following test data [https://duckduckgo.com]. @25-10-2021 21:20:23.0081 PM
[ReportManager] Browser Action [CloseCurrentWindow] successfully performed. @25-10-2021 21:20:23.0229 PM
[ReportManager] Successfully created attachment [Browser Action Test Data - CloseCurrentWindow - Actual Value] @25-10-2021 21:20:23.0230 P
[ReportManager] File Action [GetAbsolutePath] successfully performed. With the following test data [Relative Folder Path: "target/downloadedFiles/"]. @25-10-2021 21:20:23.0232 PM
[ReportManager] Attempting to run locally on: [Mac-64], [Safari], Headless Execution. @25-10-2021 21:20:23.0233 PM
[ReportManager] Successfully Opened Safari. @25-10-2021 21:20:24.0067 PM
[ReportManager] Initial window size: (800, 600) @25-10-2021 21:20:24.0072 PM
[ReportManager] Window size after SWD Maximize: (1176, 811) @25-10-2021 21:20:24.0082 PM
[ReportManager] Browser Action [MaximizeWindow] successfully performed. With the following test data [New screen size is now: (1176, 811)]. @25-10-2021 21:20:24.0083 PM
[ReportManager] Target URL: [https://duckduckgo.com] @25-10-2021 21:20:24.0083 PM
[ReportManager] Initial URL: [] @25-10-2021 21:20:24.0109 PM
[ReportManager] Browser Action [NavigateToURL] successfully performed. With the following test data [https://duckduckgo.com]. @25-10-2021 21:20:26.0133 P

################################################################################################################################################
Starting Execution:	[18 out of 143] test cases in the current suite
Test Method:		[unitTests.tests_browserActions.refreshCurrentPage]
################################################################################################################################################
[ReportManager] Browser Action [RefreshCurrentPage] successfully performed. @25-10-2021 21:20:26.0789 PM
[ReportManager] Successfully created attachment [Browser Action Test Data - RefreshCurrentPage - Actual Value] @25-10-2021 21:20:26.0790 P
[ReportManager] Target URL: [https://duckduckgo.com] @25-10-2021 21:20:26.0792 PM
[ReportManager] Initial URL: [https://duckduckgo.com] @25-10-2021 21:20:26.0807 PM
[ReportManager] Browser Action [NavigateToURL] successfully performed. With the following test data [https://duckduckgo.com]. @25-10-2021 21:20:27.0493 PM
[ReportManager] Browser Action [CloseCurrentWindow] successfully performed. @25-10-2021 21:20:27.0605 PM
[ReportManager] Successfully created attachment [Browser Action Test Data - CloseCurrentWindow - Actual Value] @25-10-2021 21:20:27.0606 P
[ReportManager] File Action [GetAbsolutePath] successfully performed. With the following test data [Relative Folder Path: "target/downloadedFiles/"]. @25-10-2021 21:20:27.0608 PM
[ReportManager] Attempting to run locally on: [Mac-64], [Safari], Headless Execution. @25-10-2021 21:20:27.0609 PM
[ReportManager] Successfully Opened Safari. @25-10-2021 21:20:28.0417 PM
[ReportManager] Initial window size: (800, 600) @25-10-2021 21:20:28.0437 PM
[ReportManager] Window size after SWD Maximize: (1176, 811) @25-10-2021 21:20:28.0448 PM
[ReportManager] Browser Action [MaximizeWindow] successfully performed. With the following test data [New screen size is now: (1176, 811)]. @25-10-2021 21:20:28.0448 PM
[ReportManager] Target URL: [https://duckduckgo.com] @25-10-2021 21:20:28.0448 PM
[ReportManager] Initial URL: [] @25-10-2021 21:20:28.0476 PM
[ReportManager] Browser Action [NavigateToURL] successfully performed. With the following test data [https://duckduckgo.com]. @25-10-2021 21:20:30.0609 P

################################################################################################################################################
Starting Execution:	[19 out of 143] test cases in the current suite
Test Method:		[unitTests.tests_browserActions.setWindowSize]
################################################################################################################################################
[ReportManager] Initial window size: (1176, 811) @25-10-2021 21:20:30.0622 PM
[ReportManager] Window size after SWD: (1280, 720) @25-10-2021 21:20:30.0662 PM
[ReportManager] Browser Action [SetWindowSize] successfully performed. With the following test data [New screen size is now: (1280, 720)]. @25-10-2021 21:20:30.0663 P
[ReportManager] Target URL: [https://duckduckgo.com] @25-10-2021 21:20:30.0665 PM
[ReportManager] Initial URL: [https://duckduckgo.com] @25-10-2021 21:20:30.0679 PM
[ReportManager] Browser Action [NavigateToURL] successfully performed. With the following test data [https://duckduckgo.com]. @25-10-2021 21:20:31.0395 PM
[ReportManager] Browser Action [CloseCurrentWindow] successfully performed. @25-10-2021 21:20:31.0572 PM
[ReportManager] Successfully created attachment [Browser Action Test Data - CloseCurrentWindow - Actual Value] @25-10-2021 21:20:31.0573 P
[ReportManager] Successfully loaded the following test data file [src/test/resources/TestDataFiles/testSuite01/TestData.xlsx]. @25-10-2021 21:20:32.0359 PM
[ReportManager] Successfully created attachment [Test Data - Excel] @25-10-2021 21:20:32.0360 P

################################################################################################################################################
Starting Execution:	[20 out of 143] test cases in the current suite
Test Method:		[unitTests.tests_io_excelFileManager.getCellData_rowName_expectedToPass]
################################################################################################################################################
[ReportManager] testRowData. @25-10-2021 21:20:32.0374 P

################################################################################################################################################
Starting Execution:	[21 out of 143] test cases in the current suite
Test Method:		[unitTests.tests_validations_assertions.assertComparativeRelation_greaterThanOrEquals_false_equals_expectedToFail]
################################################################################################################################################
[ReportManager] Assertion [ValidateComparativeRelation] FAILED. Expected [1] and Actual [1]. Comparison Type [GREATER_THAN_OR_EQUALS]. Validation Type [NEGATIVE]. @25-10-2021 21:20:32.0380 P

################################################################################################################################################
Starting Execution:	[22 out of 143] test cases in the current suite
Test Method:		[unitTests.tests_validations_assertions.assertComparativeRelation_greaterThanOrEquals_false_equals_expectedToPass]
################################################################################################################################################
[ReportManager] Assertion [ValidateComparativeRelation] PASSED. Expected [2] and Actual [1]. Comparison Type [GREATER_THAN_OR_EQUALS]. Validation Type [NEGATIVE]. @25-10-2021 21:20:32.0384 P

################################################################################################################################################
Starting Execution:	[23 out of 143] test cases in the current suite
Test Method:		[unitTests.tests_validations_assertions.assertComparativeRelation_greaterThanOrEquals_false_greaterThan_expectedToFail]
################################################################################################################################################
[ReportManager] Assertion [ValidateComparativeRelation] FAILED. Expected [1] and Actual [2]. Comparison Type [GREATER_THAN_OR_EQUALS]. Validation Type [NEGATIVE]. @25-10-2021 21:20:32.0388 P

################################################################################################################################################
Starting Execution:	[24 out of 143] test cases in the current suite
Test Method:		[unitTests.tests_validations_assertions.assertComparativeRelation_greaterThanOrEquals_false_greaterThan_expectedToPass]
################################################################################################################################################
[ReportManager] Assertion [ValidateComparativeRelation] PASSED. Expected [2] and Actual [1]. Comparison Type [GREATER_THAN_OR_EQUALS]. Validation Type [NEGATIVE]. @25-10-2021 21:20:32.0392 P

################################################################################################################################################
Starting Execution:	[25 out of 143] test cases in the current suite
Test Method:		[unitTests.tests_validations_assertions.assertComparativeRelation_greaterThanOrEquals_true_equals_expectedToFail]
################################################################################################################################################
[ReportManager] Assertion [ValidateComparativeRelation] FAILED. Expected [1] and Actual [0]. Comparison Type [GREATER_THAN_OR_EQUALS]. Validation Type [POSITIVE]. @25-10-2021 21:20:32.0395 P

################################################################################################################################################
Starting Execution:	[26 out of 143] test cases in the current suite
Test Method:		[unitTests.tests_validations_assertions.assertComparativeRelation_greaterThanOrEquals_true_equals_expectedToPass]
################################################################################################################################################
[ReportManager] Assertion [ValidateComparativeRelation] PASSED. Expected [1] and Actual [1]. Comparison Type [GREATER_THAN_OR_EQUALS]. Validation Type [POSITIVE]. @25-10-2021 21:20:32.0399 P

################################################################################################################################################
Starting Execution:	[27 out of 143] test cases in the current suite
Test Method:		[unitTests.tests_validations_assertions.assertComparativeRelation_greaterThanOrEquals_true_greaterThan_expectedToFail]
################################################################################################################################################
[ReportManager] Assertion [ValidateComparativeRelation] FAILED. Expected [2] and Actual [1]. Comparison Type [GREATER_THAN_OR_EQUALS]. Validation Type [POSITIVE]. @25-10-2021 21:20:32.0403 P

################################################################################################################################################
Starting Execution:	[28 out of 143] test cases in the current suite
Test Method:		[unitTests.tests_validations_assertions.assertComparativeRelation_greaterThanOrEquals_true_greaterThan_expectedToPass]
################################################################################################################################################
[ReportManager] Assertion [ValidateComparativeRelation] PASSED. Expected [1] and Actual [2]. Comparison Type [GREATER_THAN_OR_EQUALS]. Validation Type [POSITIVE]. @25-10-2021 21:20:32.0409 P
[ReportManager] File Action [GetAbsolutePath] successfully performed. With the following test data [Relative Folder Path: "target/downloadedFiles/"]. @25-10-2021 21:20:32.0414 PM
[ReportManager] Attempting to run locally on: [Mac-64], [Safari], Headless Execution. @25-10-2021 21:20:32.0414 PM
[ReportManager] Successfully Opened Safari. @25-10-2021 21:20:33.0200 PM
[ReportManager] Initial window size: (800, 600) @25-10-2021 21:20:33.0213 PM
[ReportManager] Window size after SWD Maximize: (1176, 811) @25-10-2021 21:20:33.0228 PM
[ReportManager] Browser Action [MaximizeWindow] successfully performed. With the following test data [New screen size is now: (1176, 811)]. @25-10-2021 21:20:33.0229 PM
[ReportManager] Target URL: [https://www.google.com/ncr], and after redirection: [www.google.com] @25-10-2021 21:20:33.0229 PM
[ReportManager] Initial URL: [] @25-10-2021 21:20:33.0264 PM
[ReportManager] Browser Action [NavigateToURL] successfully performed. With the following test data [https://www.google.com/ncr]. @25-10-2021 21:20:34.0032 P

################################################################################################################################################
Starting Execution:	[29 out of 143] test cases in the current suite
Test Method:		[unitTests.tests_validations_assertions.assertElementAttribute_false_caseInsensitiveComparison_expectedToFail]
################################################################################################################################################
[ReportManager] Element Action [Type] successfully performed. With the following test data [AUTOMATION]. @25-10-2021 21:20:34.0260 PM
[ReportManager] Element Action [GetText] successfully performed. With the following test data [AUTOMATION]. @25-10-2021 21:20:34.0404 PM
[ReportManager] Loaded Shared OpenCV @25-10-2021 21:20:35.0433 PM
[ReportManager] Assertion [ValidateElementAttribute] FAILED. Expected [Value Should not be 'AutomaTion' for the 'text' attribute, element locator 'By.name: q'] and Actual [AUTOMATION]. Comparison Type [CASE_INSENSITIVE]. Validation Type [NEGATIVE]. @25-10-2021 21:20:35.0770 PM
[ReportManager] Successfully created attachment [Screenshot - 1635196834459_assertElementAttribute_false_caseInsensitiveComparison_expectedToFail_ValidateElementAttribute_failed] @25-10-2021 21:20:35.0773 P
[ReportManager] Browser Action [CloseCurrentWindow] successfully performed. @25-10-2021 21:20:35.0894 PM
[ReportManager] Successfully created attachment [Browser Action Test Data - CloseCurrentWindow - Actual Value] @25-10-2021 21:20:35.0895 P
[ReportManager] File Action [GetAbsolutePath] successfully performed. With the following test data [Relative Folder Path: "target/downloadedFiles/"]. @25-10-2021 21:20:35.0900 PM
[ReportManager] Attempting to run locally on: [Mac-64], [Safari], Headless Execution. @25-10-2021 21:20:35.0900 PM
[ReportManager] Successfully Opened Safari. @25-10-2021 21:20:36.0701 PM
[ReportManager] Initial window size: (800, 600) @25-10-2021 21:20:36.0707 PM
[ReportManager] Window size after SWD Maximize: (1176, 811) @25-10-2021 21:20:36.0722 PM
[ReportManager] Browser Action [MaximizeWindow] successfully performed. With the following test data [New screen size is now: (1176, 811)]. @25-10-2021 21:20:36.0723 PM
[ReportManager] Target URL: [https://www.google.com/ncr], and after redirection: [www.google.com] @25-10-2021 21:20:36.0723 PM
[ReportManager] Initial URL: [] @25-10-2021 21:20:36.0755 PM
[ReportManager] Browser Action [NavigateToURL] successfully performed. With the following test data [https://www.google.com/ncr]. @25-10-2021 21:20:37.0413 P

################################################################################################################################################
Starting Execution:	[30 out of 143] test cases in the current suite
Test Method:		[unitTests.tests_validations_assertions.assertElementAttribute_false_caseInsensitiveComparison_expectedToPass]
################################################################################################################################################
[ReportManager] Element Action [Type] successfully performed. With the following test data [AUTOMATION]. @25-10-2021 21:20:37.0795 PM
[ReportManager] Element Action [GetText] successfully performed. With the following test data [AUTOMATION]. @25-10-2021 21:20:37.0900 PM
[ReportManager] Loaded Shared OpenCV @25-10-2021 21:20:37.0943 PM
[ReportManager] Assertion [ValidateElementAttribute] PASSED. Expected [Value Should not be 'AutomaTion123' for the 'text' attribute, element locator 'By.name: q'] and Actual [AUTOMATION]. Comparison Type [CASE_INSENSITIVE]. Validation Type [NEGATIVE]. @25-10-2021 21:20:38.0046 PM
[ReportManager] Successfully created attachment [Screenshot - 1635196837943_assertElementAttribute_false_caseInsensitiveComparison_expectedToPass_ValidateElementAttribute_passed] @25-10-2021 21:20:38.0048 P
[ReportManager] Browser Action [CloseCurrentWindow] successfully performed. @25-10-2021 21:20:38.0123 PM
[ReportManager] Successfully created attachment [Browser Action Test Data - CloseCurrentWindow - Actual Value] @25-10-2021 21:20:38.0124 P
[ReportManager] File Action [GetAbsolutePath] successfully performed. With the following test data [Relative Folder Path: "target/downloadedFiles/"]. @25-10-2021 21:20:38.0129 PM
[ReportManager] Attempting to run locally on: [Mac-64], [Safari], Headless Execution. @25-10-2021 21:20:38.0129 PM
[ReportManager] Successfully Opened Safari. @25-10-2021 21:20:38.0968 PM
[ReportManager] Initial window size: (800, 600) @25-10-2021 21:20:38.0984 PM
[ReportManager] Window size after SWD Maximize: (1176, 811) @25-10-2021 21:20:38.0998 PM
[ReportManager] Browser Action [MaximizeWindow] successfully performed. With the following test data [New screen size is now: (1176, 811)]. @25-10-2021 21:20:38.0999 PM
[ReportManager] Target URL: [https://www.google.com/ncr], and after redirection: [www.google.com] @25-10-2021 21:20:38.0999 PM
[ReportManager] Initial URL: [] @25-10-2021 21:20:39.0036 PM
[ReportManager] Browser Action [NavigateToURL] successfully performed. With the following test data [https://www.google.com/ncr]. @25-10-2021 21:20:39.0687 P

################################################################################################################################################
Starting Execution:	[31 out of 143] test cases in the current suite
Test Method:		[unitTests.tests_validations_assertions.assertElementAttribute_false_containsComparison_expectedToFail]
################################################################################################################################################
[ReportManager] Element Action [Type] successfully performed. With the following test data [Automation123]. @25-10-2021 21:20:40.0002 PM
[ReportManager] Element Action [GetText] successfully performed. With the following test data [Automation123]. @25-10-2021 21:20:40.0112 PM
[ReportManager] Loaded Shared OpenCV @25-10-2021 21:20:40.0156 PM
[ReportManager] Assertion [ValidateElementAttribute] FAILED. Expected [Value Should not be 'Automation' for the 'text' attribute, element locator 'By.name: q'] and Actual [Automation123]. Comparison Type [CONTAINS]. Validation Type [NEGATIVE]. @25-10-2021 21:20:40.0263 PM
[ReportManager] Successfully created attachment [Screenshot - 1635196840156_assertElementAttribute_false_containsComparison_expectedToFail_ValidateElementAttribute_failed] @25-10-2021 21:20:40.0264 P
[ReportManager] Browser Action [CloseCurrentWindow] successfully performed. @25-10-2021 21:20:40.0401 PM
[ReportManager] Successfully created attachment [Browser Action Test Data - CloseCurrentWindow - Actual Value] @25-10-2021 21:20:40.0402 P
[ReportManager] File Action [GetAbsolutePath] successfully performed. With the following test data [Relative Folder Path: "target/downloadedFiles/"]. @25-10-2021 21:20:40.0407 PM
[ReportManager] Attempting to run locally on: [Mac-64], [Safari], Headless Execution. @25-10-2021 21:20:40.0407 PM
[ReportManager] Successfully Opened Safari. @25-10-2021 21:20:41.0204 PM
[ReportManager] Initial window size: (800, 600) @25-10-2021 21:20:41.0210 PM
[ReportManager] Window size after SWD Maximize: (1176, 811) @25-10-2021 21:20:41.0222 PM
[ReportManager] Browser Action [MaximizeWindow] successfully performed. With the following test data [New screen size is now: (1176, 811)]. @25-10-2021 21:20:41.0222 PM
[ReportManager] Target URL: [https://www.google.com/ncr], and after redirection: [www.google.com] @25-10-2021 21:20:41.0222 PM
[ReportManager] Initial URL: [] @25-10-2021 21:20:41.0264 PM
[ReportManager] Browser Action [NavigateToURL] successfully performed. With the following test data [https://www.google.com/ncr]. @25-10-2021 21:20:41.0879 P

################################################################################################################################################
Starting Execution:	[32 out of 143] test cases in the current suite
Test Method:		[unitTests.tests_validations_assertions.assertElementAttribute_false_containsComparison_expectedToPass]
################################################################################################################################################
[ReportManager] Element Action [Type] successfully performed. With the following test data [Automation123]. @25-10-2021 21:20:42.0121 PM
[ReportManager] Element Action [GetText] successfully performed. With the following test data [Automation123]. @25-10-2021 21:20:42.0225 PM
[ReportManager] Loaded Shared OpenCV @25-10-2021 21:20:42.0271 PM
[ReportManager] Assertion [ValidateElementAttribute] PASSED. Expected [Value Should not be 'Automation1234' for the 'text' attribute, element locator 'By.name: q'] and Actual [Automation123]. Comparison Type [CONTAINS]. Validation Type [NEGATIVE]. @25-10-2021 21:20:42.0373 PM
[ReportManager] Successfully created attachment [Screenshot - 1635196842271_assertElementAttribute_false_containsComparison_expectedToPass_ValidateElementAttribute_passed] @25-10-2021 21:20:42.0374 P
[ReportManager] Browser Action [CloseCurrentWindow] successfully performed. @25-10-2021 21:20:42.0577 PM
[ReportManager] Successfully created attachment [Browser Action Test Data - CloseCurrentWindow - Actual Value] @25-10-2021 21:20:42.0578 P
[ReportManager] File Action [GetAbsolutePath] successfully performed. With the following test data [Relative Folder Path: "target/downloadedFiles/"]. @25-10-2021 21:20:42.0581 PM
[ReportManager] Attempting to run locally on: [Mac-64], [Safari], Headless Execution. @25-10-2021 21:20:42.0581 PM
[ReportManager] Successfully Opened Safari. @25-10-2021 21:20:43.0361 PM
[ReportManager] Initial window size: (800, 600) @25-10-2021 21:20:43.0388 PM
[ReportManager] Window size after SWD Maximize: (1176, 811) @25-10-2021 21:20:43.0399 PM
[ReportManager] Browser Action [MaximizeWindow] successfully performed. With the following test data [New screen size is now: (1176, 811)]. @25-10-2021 21:20:43.0400 PM
[ReportManager] Target URL: [https://www.google.com/ncr], and after redirection: [www.google.com] @25-10-2021 21:20:43.0400 PM
[ReportManager] Initial URL: [] @25-10-2021 21:20:43.0452 PM
[ReportManager] Browser Action [NavigateToURL] successfully performed. With the following test data [https://www.google.com/ncr]. @25-10-2021 21:20:44.0093 P

################################################################################################################################################
Starting Execution:	[33 out of 143] test cases in the current suite
Test Method:		[unitTests.tests_validations_assertions.assertElementAttribute_false_literalComparison_expectedToFail]
################################################################################################################################################
[ReportManager] Element Action [Type] successfully performed. With the following test data [Automation!@#$%^&*()_+{}[]\';/.,]. @25-10-2021 21:20:44.0916 PM
[ReportManager] Element Action [GetText] successfully performed. With the following test data [Automation!@#$%^&*()_+{}[]\';/.,]. @25-10-2021 21:20:45.0004 PM
[ReportManager] Loaded Shared OpenCV @25-10-2021 21:20:45.0049 PM
[ReportManager] Assertion [ValidateElementAttribute] PASSED. Expected [Value Should not be 'Automation!@#$%^&*()_+{}[]\\';/.,' for the 'text' attribute, element locator 'By.name: q'] and Actual [Automation!@#$%^&*()_+{}[]\';/.,]. Comparison Type [EQUALS]. Validation Type [NEGATIVE]. @25-10-2021 21:20:45.0149 PM
[ReportManager] Successfully created attachment [Screenshot - 1635196845049_assertElementAttribute_false_literalComparison_expectedToFail_ValidateElementAttribute_passed] @25-10-2021 21:20:45.0151 P
[ReportManager] Browser Action [CloseCurrentWindow] successfully performed. @25-10-2021 21:20:45.0378 PM
[ReportManager] Successfully created attachment [Browser Action Test Data - CloseCurrentWindow - Actual Value] @25-10-2021 21:20:45.0378 P
[ReportManager] File Action [GetAbsolutePath] successfully performed. With the following test data [Relative Folder Path: "target/downloadedFiles/"]. @25-10-2021 21:20:45.0382 PM
[ReportManager] Attempting to run locally on: [Mac-64], [Safari], Headless Execution. @25-10-2021 21:20:45.0382 PM
[ReportManager] Successfully Opened Safari. @25-10-2021 21:20:46.0135 PM
[ReportManager] Initial window size: (800, 600) @25-10-2021 21:20:46.0148 PM
[ReportManager] Window size after SWD Maximize: (1176, 811) @25-10-2021 21:20:46.0161 PM
[ReportManager] Browser Action [MaximizeWindow] successfully performed. With the following test data [New screen size is now: (1176, 811)]. @25-10-2021 21:20:46.0162 PM
[ReportManager] Target URL: [https://www.google.com/ncr], and after redirection: [www.google.com] @25-10-2021 21:20:46.0162 PM
[ReportManager] Initial URL: [] @25-10-2021 21:20:46.0186 PM
[ReportManager] Browser Action [NavigateToURL] successfully performed. With the following test data [https://www.google.com/ncr]. @25-10-2021 21:20:46.0787 P

################################################################################################################################################
Starting Execution:	[34 out of 143] test cases in the current suite
Test Method:		[unitTests.tests_validations_assertions.assertElementAttribute_false_literalComparison_expectedToPass]
################################################################################################################################################
[ReportManager] Element Action [Type] successfully performed. With the following test data [Automation!@#$%^&*()_+{}[]\';/.,]. @25-10-2021 21:20:47.0662 PM
[ReportManager] Element Action [GetText] successfully performed. With the following test data [Automation!@#$%^&*()_+{}[]\';/.,]. @25-10-2021 21:20:47.0728 PM
[ReportManager] Loaded Shared OpenCV @25-10-2021 21:20:47.0770 PM
[ReportManager] Assertion [ValidateElementAttribute] PASSED. Expected [Value Should not be 'Automation' for the 'text' attribute, element locator 'By.name: q'] and Actual [Automation!@#$%^&*()_+{}[]\';/.,]. Comparison Type [EQUALS]. Validation Type [NEGATIVE]. @25-10-2021 21:20:47.0869 PM
[ReportManager] Successfully created attachment [Screenshot - 1635196847770_assertElementAttribute_false_literalComparison_expectedToPass_ValidateElementAttribute_passed] @25-10-2021 21:20:47.0870 P
[ReportManager] Browser Action [CloseCurrentWindow] successfully performed. @25-10-2021 21:20:48.0113 PM
[ReportManager] Successfully created attachment [Browser Action Test Data - CloseCurrentWindow - Actual Value] @25-10-2021 21:20:48.0114 P
[ReportManager] File Action [GetAbsolutePath] successfully performed. With the following test data [Relative Folder Path: "target/downloadedFiles/"]. @25-10-2021 21:20:48.0117 PM
[ReportManager] Attempting to run locally on: [Mac-64], [Safari], Headless Execution. @25-10-2021 21:20:48.0118 PM
[ReportManager] Successfully Opened Safari. @25-10-2021 21:20:48.0945 PM
[ReportManager] Initial window size: (800, 600) @25-10-2021 21:20:48.0959 PM
[ReportManager] Window size after SWD Maximize: (1176, 811) @25-10-2021 21:20:48.0973 PM
[ReportManager] Browser Action [MaximizeWindow] successfully performed. With the following test data [New screen size is now: (1176, 811)]. @25-10-2021 21:20:48.0973 PM
[ReportManager] Target URL: [https://www.google.com/ncr], and after redirection: [www.google.com] @25-10-2021 21:20:48.0973 PM
[ReportManager] Initial URL: [] @25-10-2021 21:20:49.0009 PM
[ReportManager] Browser Action [NavigateToURL] successfully performed. With the following test data [https://www.google.com/ncr]. @25-10-2021 21:20:49.0707 P

################################################################################################################################################
Starting Execution:	[35 out of 143] test cases in the current suite
Test Method:		[unitTests.tests_validations_assertions.assertElementAttribute_false_regexComparison_expectedToFail]
################################################################################################################################################
[ReportManager] Element Action [Type] successfully performed. With the following test data [Automation123]. @25-10-2021 21:20:50.0068 PM
[ReportManager] Element Action [GetText] successfully performed. With the following test data [Automation123]. @25-10-2021 21:20:50.0172 PM
[ReportManager] Loaded Shared OpenCV @25-10-2021 21:20:50.0217 PM
[ReportManager] Assertion [ValidateElementAttribute] FAILED. Expected [Value Should not be 'Automation.*' for the 'text' attribute, element locator 'By.name: q'] and Actual [Automation123]. Comparison Type [MATCHES]. Validation Type [NEGATIVE]. @25-10-2021 21:20:50.0314 PM
[ReportManager] Successfully created attachment [Screenshot - 1635196850217_assertElementAttribute_false_regexComparison_expectedToFail_ValidateElementAttribute_failed] @25-10-2021 21:20:50.0315 P
[ReportManager] Browser Action [CloseCurrentWindow] successfully performed. @25-10-2021 21:20:50.0381 PM
[ReportManager] Successfully created attachment [Browser Action Test Data - CloseCurrentWindow - Actual Value] @25-10-2021 21:20:50.0382 P
[ReportManager] File Action [GetAbsolutePath] successfully performed. With the following test data [Relative Folder Path: "target/downloadedFiles/"]. @25-10-2021 21:20:50.0386 PM
[ReportManager] Attempting to run locally on: [Mac-64], [Safari], Headless Execution. @25-10-2021 21:20:50.0386 PM
[ReportManager] Successfully Opened Safari. @25-10-2021 21:20:51.0178 PM
[ReportManager] Initial window size: (800, 600) @25-10-2021 21:20:51.0189 PM
[ReportManager] Window size after SWD Maximize: (1176, 811) @25-10-2021 21:20:51.0213 PM
[ReportManager] Browser Action [MaximizeWindow] successfully performed. With the following test data [New screen size is now: (1176, 811)]. @25-10-2021 21:20:51.0213 PM
[ReportManager] Target URL: [https://www.google.com/ncr], and after redirection: [www.google.com] @25-10-2021 21:20:51.0213 PM
[ReportManager] Initial URL: [] @25-10-2021 21:20:51.0258 PM
[ReportManager] Browser Action [NavigateToURL] successfully performed. With the following test data [https://www.google.com/ncr]. @25-10-2021 21:20:51.0896 P

################################################################################################################################################
Starting Execution:	[36 out of 143] test cases in the current suite
Test Method:		[unitTests.tests_validations_assertions.assertElementAttribute_false_regexComparison_expectedToPass]
################################################################################################################################################
[ReportManager] Element Action [Type] successfully performed. With the following test data [Automation123]. @25-10-2021 21:20:52.0369 PM
[ReportManager] Element Action [GetText] successfully performed. With the following test data [Automation123]. @25-10-2021 21:20:52.0488 PM
[ReportManager] Loaded Shared OpenCV @25-10-2021 21:20:52.0535 PM
[ReportManager] Assertion [ValidateElementAttribute] PASSED. Expected [Value Should not be 'Automation' for the 'text' attribute, element locator 'By.name: q'] and Actual [Automation123]. Comparison Type [MATCHES]. Validation Type [NEGATIVE]. @25-10-2021 21:20:52.0694 PM
[ReportManager] Successfully created attachment [Screenshot - 1635196852534_assertElementAttribute_false_regexComparison_expectedToPass_ValidateElementAttribute_passed] @25-10-2021 21:20:52.0695 P
[ReportManager] Browser Action [CloseCurrentWindow] successfully performed. @25-10-2021 21:20:52.0762 PM
[ReportManager] Successfully created attachment [Browser Action Test Data - CloseCurrentWindow - Actual Value] @25-10-2021 21:20:52.0763 P
[ReportManager] File Action [GetAbsolutePath] successfully performed. With the following test data [Relative Folder Path: "target/downloadedFiles/"]. @25-10-2021 21:20:52.0767 PM
[ReportManager] Attempting to run locally on: [Mac-64], [Safari], Headless Execution. @25-10-2021 21:20:52.0767 P

################################################################################################################################################
Starting Execution:	[37 out of 143] test cases in the current suite
Test Method:		[unitTests.tests_validations_assertions.assertElementAttribute_true_caseInsensitiveComparison_expectedToFail]
###############################################################################################################################################



################################################################################################################################################
Starting Execution:	[38 out of 143] test cases in the current suite
Test Method:		[unitTests.tests_validations_assertions.assertElementAttribute_true_caseInsensitiveComparison_expectedToPass]
###############################################################################################################################################



################################################################################################################################################
Starting Execution:	[39 out of 143] test cases in the current suite
Test Method:		[unitTests.tests_validations_assertions.assertElementAttribute_true_containsComparison_expectedToFail]
###############################################################################################################################################



################################################################################################################################################
Starting Execution:	[40 out of 143] test cases in the current suite
Test Method:		[unitTests.tests_validations_assertions.assertElementAttribute_true_containsComparison_expectedToPass]
###############################################################################################################################################



################################################################################################################################################
Starting Execution:	[41 out of 143] test cases in the current suite
Test Method:		[unitTests.tests_validations_assertions.assertElementAttribute_true_literalComparison_expectedToFail]
###############################################################################################################################################



################################################################################################################################################
Starting Execution:	[42 out of 143] test cases in the current suite
Test Method:		[unitTests.tests_validations_assertions.assertElementAttribute_true_literalComparison_expectedToPass]
###############################################################################################################################################



################################################################################################################################################
Starting Execution:	[43 out of 143] test cases in the current suite
Test Method:		[unitTests.tests_validations_assertions.assertElementAttribute_true_regexComparison_expectedToFail]
###############################################################################################################################################



################################################################################################################################################
Starting Execution:	[44 out of 143] test cases in the current suite
Test Method:		[unitTests.tests_validations_assertions.assertElementAttribute_true_regexComparison_expectedToPass]
###############################################################################################################################################



################################################################################################################################################
Starting Execution:	[45 out of 143] test cases in the current suite
Test Method:		[unitTests.tests_validations_assertions.assertElementAttribute_type_true_literalComparison_expectedToPass]
###############################################################################################################################################



################################################################################################################################################
Starting Execution:	[46 out of 143] test cases in the current suite
Test Method:		[unitTests.tests_validations_assertions.assertElementExists_false_expectedToFail]
###############################################################################################################################################



################################################################################################################################################
Starting Execution:	[47 out of 143] test cases in the current suite
Test Method:		[unitTests.tests_validations_assertions.assertElementExists_false_expectedToPass]
###############################################################################################################################################



################################################################################################################################################
Starting Execution:	[48 out of 143] test cases in the current suite
Test Method:		[unitTests.tests_validations_assertions.assertElementExists_false_multipleElementsFound_expectedToFail]
###############################################################################################################################################



################################################################################################################################################
Starting Execution:	[49 out of 143] test cases in the current suite
Test Method:		[unitTests.tests_validations_assertions.assertElementExists_true_expectedToFail]
###############################################################################################################################################



################################################################################################################################################
Starting Execution:	[50 out of 143] test cases in the current suite
Test Method:		[unitTests.tests_validations_assertions.assertElementExists_true_expectedToPass]
###############################################################################################################################################



################################################################################################################################################
Starting Execution:	[51 out of 143] test cases in the current suite
Test Method:		[unitTests.tests_validations_assertions.assertElementExists_true_multipleElementsFound_expectedToFail]
###############################################################################################################################################


################################################################################################################################################
Starting Execution:	[52 out of 143] test cases in the current suite
Test Method:		[unitTests.tests_validations_assertions.assertEquals_false_expectedToFail]
###############################################################################################################################################

################################################################################################################################################
Starting Execution:	[53 out of 143] test cases in the current suite
Test Method:		[unitTests.tests_validations_assertions.assertEquals_false_expectedToPass]
###############################################################################################################################################

################################################################################################################################################
Starting Execution:	[54 out of 143] test cases in the current suite
Test Method:		[unitTests.tests_validations_assertions.assertEquals_longCharacters]
###############################################################################################################################################

################################################################################################################################################
Starting Execution:	[55 out of 143] test cases in the current suite
Test Method:		[unitTests.tests_validations_assertions.assertEquals_longCharacters_Discreet]
###############################################################################################################################################

################################################################################################################################################
Starting Execution:	[56 out of 143] test cases in the current suite
Test Method:		[unitTests.tests_validations_assertions.assertEquals_true_expectedToFail]
###############################################################################################################################################

################################################################################################################################################
Starting Execution:	[57 out of 143] test cases in the current suite
Test Method:		[unitTests.tests_validations_assertions.assertEquals_true_expectedToPass]
Test Description:	[Assert that assertEquals works as expected when the two values are equal.]
###############################################################################################################################################

################################################################################################################################################
Starting Execution:	[58 out of 143] test cases in the current suite
Test Method:		[unitTests.tests_validations_assertions.assertEquals_true_expectedToPass__]
###############################################################################################################################################

################################################################################################################################################
Starting Execution:	[59 out of 143] test cases in the current suite
Test Method:		[unitTests.tests_validations_assertions.assertFileExists_false_expectedToFail]
###############################################################################################################################################

################################################################################################################################################
Starting Execution:	[60 out of 143] test cases in the current suite
Test Method:		[unitTests.tests_validations_assertions.assertFileExists_false_expectedToPass]
###############################################################################################################################################

################################################################################################################################################
Starting Execution:	[61 out of 143] test cases in the current suite
Test Method:		[unitTests.tests_validations_assertions.assertFileExists_true_expectedToFail]
###############################################################################################################################################

################################################################################################################################################
Starting Execution:	[62 out of 143] test cases in the current suite
Test Method:		[unitTests.tests_validations_assertions.assertFileExists_true_expectedToPass]
###############################################################################################################################################

################################################################################################################################################
Starting Execution:	[63 out of 143] test cases in the current suite
Test Method:		[unitTests.tests_validations_assertions.assertNull_false_expectedToFail]
###############################################################################################################################################

################################################################################################################################################
Starting Execution:	[64 out of 143] test cases in the current suite
Test Method:		[unitTests.tests_validations_assertions.assertNull_false_expectedToPass]
###############################################################################################################################################

################################################################################################################################################
Starting Execution:	[65 out of 143] test cases in the current suite
Test Method:		[unitTests.tests_validations_assertions.assertNull_true_expectedToFail]
###############################################################################################################################################

################################################################################################################################################
Starting Execution:	[66 out of 143] test cases in the current suite
Test Method:		[unitTests.tests_validations_assertions.assertNull_true_expectedToPass]
###############################################################################################################################################

################################################################################################################################################
Starting Execution:	[67 out of 143] test cases in the current suite
Test Method:		[unitTests.tests_restActions.getPostsAndAssertBodyForSpecificTitle]
################################################################################################################################################
[ReportManager] Response status code: [200], status line: [HTTP/1.1 200 OK] @25-10-2021 21:20:55.0138 PM
[ReportManager] Assertion Passed: Evaluating the actual response status code against the expected one... @25-10-2021 21:20:55.0138 PM
[ReportManager] Assertion [ValidateEquals] PASSED. Expected [200] and Actual [200]. Comparison Type [EQUALS]. Validation Type [POSITIVE]. @25-10-2021 21:20:55.0139 PM
[ReportManager] API Action [PerformRequest] successfully performed. With the following test data [Request Type: "GET" | Target Status Code: "200" | Service URL: "https://jsonplaceholder.typicode.com/posts" | Content Type: "*/*" | Response Time: "621ms"]. @25-10-2021 21:20:56.0057 PM
[ReportManager] Successfully created attachment [API Request - Specifications] @25-10-2021 21:20:56.0063 PM
[ReportManager] Successfully created attachment [API Response - JSON Body] @25-10-2021 21:20:56.0341 PM
[ReportManager] API Action [GetResponseJSONValueAsList] successfully performed. @25-10-2021 21:20:56.0366 PM
[ReportManager] API Action [GetResponseJSONValue] successfully performed. With the following test data [title]. @25-10-2021 21:20:56.0385 PM
[ReportManager] API Action [GetResponseJSONValue] successfully performed. With the following test data [title]. @25-10-2021 21:20:56.0398 PM
[ReportManager] API Action [GetResponseJSONValue] successfully performed. With the following test data [body]. @25-10-2021 21:20:56.0411 PM
[ReportManager] Assertion [ValidateEquals] PASSED. Expected [qui neque nisi nulla] and Actual [est rerum tempore vitae
sequi sint nihil reprehenderit dolor beatae ea dolores neque
fugiat blanditiis voluptate porro vel nihil molestiae ut reiciendis
qui aperiam non debitis possimus qui neque nisi nulla]. Comparison Type [CONTAINS]. Validation Type [POSITIVE]. @25-10-2021 21:20:56.0411 PM
[ReportManager] API Action [GetResponseJSONValue] successfully performed. With the following test data [title]. @25-10-2021 21:20:56.0424 PM
[ReportManager] API Action [GetResponseJSONValue] successfully performed. With the following test data [title]. @25-10-2021 21:20:56.0438 PM
[ReportManager] API Action [GetResponseJSONValue] successfully performed. With the following test data [title]. @25-10-2021 21:20:56.0452 PM
[ReportManager] API Action [GetResponseJSONValue] successfully performed. With the following test data [title]. @25-10-2021 21:20:56.0468 PM
[ReportManager] API Action [GetResponseJSONValue] successfully performed. With the following test data [title]. @25-10-2021 21:20:56.0482 PM
[ReportManager] API Action [GetResponseJSONValue] successfully performed. With the following test data [title]. @25-10-2021 21:20:56.0494 PM
[ReportManager] API Action [GetResponseJSONValue] successfully performed. With the following test data [title]. @25-10-2021 21:20:56.0507 PM
[ReportManager] API Action [GetResponseJSONValue] successfully performed. With the following test data [title]. @25-10-2021 21:20:56.0519 PM
[ReportManager] API Action [GetResponseJSONValue] successfully performed. With the following test data [title]. @25-10-2021 21:20:56.0531 PM
[ReportManager] API Action [GetResponseJSONValue] successfully performed. With the following test data [title]. @25-10-2021 21:20:56.0542 PM
[ReportManager] API Action [GetResponseJSONValue] successfully performed. With the following test data [title]. @25-10-2021 21:20:56.0557 PM
[ReportManager] API Action [GetResponseJSONValue] successfully performed. With the following test data [title]. @25-10-2021 21:20:56.0571 PM
[ReportManager] API Action [GetResponseJSONValue] successfully performed. With the following test data [title]. @25-10-2021 21:20:56.0583 PM
[ReportManager] API Action [GetResponseJSONValue] successfully performed. With the following test data [title]. @25-10-2021 21:20:56.0595 PM
[ReportManager] API Action [GetResponseJSONValue] successfully performed. With the following test data [title]. @25-10-2021 21:20:56.0606 PM
[ReportManager] API Action [GetResponseJSONValue] successfully performed. With the following test data [title]. @25-10-2021 21:20:56.0618 PM
[ReportManager] API Action [GetResponseJSONValue] successfully performed. With the following test data [title]. @25-10-2021 21:20:56.0630 PM
[ReportManager] API Action [GetResponseJSONValue] successfully performed. With the following test data [title]. @25-10-2021 21:20:56.0641 PM
[ReportManager] API Action [GetResponseJSONValue] successfully performed. With the following test data [title]. @25-10-2021 21:20:56.0653 PM
[ReportManager] API Action [GetResponseJSONValue] successfully performed. With the following test data [title]. @25-10-2021 21:20:56.0664 PM
[ReportManager] API Action [GetResponseJSONValue] successfully performed. With the following test data [title]. @25-10-2021 21:20:56.0675 PM
[ReportManager] API Action [GetResponseJSONValue] successfully performed. With the following test data [title]. @25-10-2021 21:20:56.0685 PM
[ReportManager] API Action [GetResponseJSONValue] successfully performed. With the following test data [title]. @25-10-2021 21:20:56.0696 PM
[ReportManager] API Action [GetResponseJSONValue] successfully performed. With the following test data [title]. @25-10-2021 21:20:56.0706 PM
[ReportManager] API Action [GetResponseJSONValue] successfully performed. With the following test data [title]. @25-10-2021 21:20:56.0716 PM
[ReportManager] API Action [GetResponseJSONValue] successfully performed. With the following test data [title]. @25-10-2021 21:20:56.0728 PM
[ReportManager] API Action [GetResponseJSONValue] successfully performed. With the following test data [title]. @25-10-2021 21:20:56.0740 PM
[ReportManager] API Action [GetResponseJSONValue] successfully performed. With the following test data [title]. @25-10-2021 21:20:56.0751 PM
[ReportManager] API Action [GetResponseJSONValue] successfully performed. With the following test data [title]. @25-10-2021 21:20:56.0763 PM
[ReportManager] API Action [GetResponseJSONValue] successfully performed. With the following test data [title]. @25-10-2021 21:20:56.0773 PM
[ReportManager] API Action [GetResponseJSONValue] successfully performed. With the following test data [title]. @25-10-2021 21:20:56.0784 PM
[ReportManager] API Action [GetResponseJSONValue] successfully performed. With the following test data [title]. @25-10-2021 21:20:56.0795 PM
[ReportManager] API Action [GetResponseJSONValue] successfully performed. With the following test data [title]. @25-10-2021 21:20:56.0806 PM
[ReportManager] API Action [GetResponseJSONValue] successfully performed. With the following test data [title]. @25-10-2021 21:20:56.0817 PM
[ReportManager] API Action [GetResponseJSONValue] successfully performed. With the following test data [title]. @25-10-2021 21:20:56.0827 PM
[ReportManager] API Action [GetResponseJSONValue] successfully performed. With the following test data [title]. @25-10-2021 21:20:56.0838 PM
[ReportManager] API Action [GetResponseJSONValue] successfully performed. With the following test data [title]. @25-10-2021 21:20:56.0850 PM
[ReportManager] API Action [GetResponseJSONValue] successfully performed. With the following test data [title]. @25-10-2021 21:20:56.0875 PM
[ReportManager] API Action [GetResponseJSONValue] successfully performed. With the following test data [title]. @25-10-2021 21:20:56.0886 PM
[ReportManager] API Action [GetResponseJSONValue] successfully performed. With the following test data [title]. @25-10-2021 21:20:56.0898 PM
[ReportManager] API Action [GetResponseJSONValue] successfully performed. With the following test data [title]. @25-10-2021 21:20:56.0909 PM
[ReportManager] API Action [GetResponseJSONValue] successfully performed. With the following test data [title]. @25-10-2021 21:20:56.0920 PM
[ReportManager] API Action [GetResponseJSONValue] successfully performed. With the following test data [title]. @25-10-2021 21:20:56.0931 PM
[ReportManager] API Action [GetResponseJSONValue] successfully performed. With the following test data [title]. @25-10-2021 21:20:56.0943 PM
[ReportManager] API Action [GetResponseJSONValue] successfully performed. With the following test data [title]. @25-10-2021 21:20:56.0954 PM
[ReportManager] API Action [GetResponseJSONValue] successfully performed. With the following test data [title]. @25-10-2021 21:20:56.0965 PM
[ReportManager] API Action [GetResponseJSONValue] successfully performed. With the following test data [title]. @25-10-2021 21:20:56.0978 PM
[ReportManager] API Action [GetResponseJSONValue] successfully performed. With the following test data [title]. @25-10-2021 21:20:56.0989 PM
[ReportManager] API Action [GetResponseJSONValue] successfully performed. With the following test data [title]. @25-10-2021 21:20:56.0999 PM
[ReportManager] API Action [GetResponseJSONValue] successfully performed. With the following test data [title]. @25-10-2021 21:20:57.0011 PM
[ReportManager] API Action [GetResponseJSONValue] successfully performed. With the following test data [title]. @25-10-2021 21:20:57.0022 PM
[ReportManager] API Action [GetResponseJSONValue] successfully performed. With the following test data [title]. @25-10-2021 21:20:57.0033 PM
[ReportManager] API Action [GetResponseJSONValue] successfully performed. With the following test data [title]. @25-10-2021 21:20:57.0044 PM
[ReportManager] API Action [GetResponseJSONValue] successfully performed. With the following test data [title]. @25-10-2021 21:20:57.0054 PM
[ReportManager] API Action [GetResponseJSONValue] successfully performed. With the following test data [title]. @25-10-2021 21:20:57.0064 PM
[ReportManager] API Action [GetResponseJSONValue] successfully performed. With the following test data [title]. @25-10-2021 21:20:57.0074 PM
[ReportManager] API Action [GetResponseJSONValue] successfully performed. With the following test data [title]. @25-10-2021 21:20:57.0085 PM
[ReportManager] API Action [GetResponseJSONValue] successfully performed. With the following test data [title]. @25-10-2021 21:20:57.0095 PM
[ReportManager] API Action [GetResponseJSONValue] successfully performed. With the following test data [title]. @25-10-2021 21:20:57.0106 PM
[ReportManager] API Action [GetResponseJSONValue] successfully performed. With the following test data [title]. @25-10-2021 21:20:57.0134 PM
[ReportManager] API Action [GetResponseJSONValue] successfully performed. With the following test data [title]. @25-10-2021 21:20:57.0145 PM
[ReportManager] API Action [GetResponseJSONValue] successfully performed. With the following test data [title]. @25-10-2021 21:20:57.0156 PM
[ReportManager] API Action [GetResponseJSONValue] successfully performed. With the following test data [title]. @25-10-2021 21:20:57.0166 PM
[ReportManager] API Action [GetResponseJSONValue] successfully performed. With the following test data [title]. @25-10-2021 21:20:57.0177 PM
[ReportManager] API Action [GetResponseJSONValue] successfully performed. With the following test data [title]. @25-10-2021 21:20:57.0187 PM
[ReportManager] API Action [GetResponseJSONValue] successfully performed. With the following test data [title]. @25-10-2021 21:20:57.0198 PM
[ReportManager] API Action [GetResponseJSONValue] successfully performed. With the following test data [title]. @25-10-2021 21:20:57.0209 PM
[ReportManager] API Action [GetResponseJSONValue] successfully performed. With the following test data [title]. @25-10-2021 21:20:57.0220 PM
[ReportManager] API Action [GetResponseJSONValue] successfully performed. With the following test data [title]. @25-10-2021 21:20:57.0230 PM
[ReportManager] API Action [GetResponseJSONValue] successfully performed. With the following test data [title]. @25-10-2021 21:20:57.0240 PM
[ReportManager] API Action [GetResponseJSONValue] successfully performed. With the following test data [title]. @25-10-2021 21:20:57.0249 PM
[ReportManager] API Action [GetResponseJSONValue] successfully performed. With the following test data [title]. @25-10-2021 21:20:57.0260 PM
[ReportManager] API Action [GetResponseJSONValue] successfully performed. With the following test data [title]. @25-10-2021 21:20:57.0270 PM
[ReportManager] API Action [GetResponseJSONValue] successfully performed. With the following test data [title]. @25-10-2021 21:20:57.0280 PM
[ReportManager] API Action [GetResponseJSONValue] successfully performed. With the following test data [title]. @25-10-2021 21:20:57.0290 PM
[ReportManager] API Action [GetResponseJSONValue] successfully performed. With the following test data [title]. @25-10-2021 21:20:57.0300 PM
[ReportManager] API Action [GetResponseJSONValue] successfully performed. With the following test data [title]. @25-10-2021 21:20:57.0311 PM
[ReportManager] API Action [GetResponseJSONValue] successfully performed. With the following test data [title]. @25-10-2021 21:20:57.0322 PM
[ReportManager] API Action [GetResponseJSONValue] successfully performed. With the following test data [title]. @25-10-2021 21:20:57.0332 PM
[ReportManager] API Action [GetResponseJSONValue] successfully performed. With the following test data [title]. @25-10-2021 21:20:57.0341 PM
[ReportManager] API Action [GetResponseJSONValue] successfully performed. With the following test data [title]. @25-10-2021 21:20:57.0351 PM
[ReportManager] API Action [GetResponseJSONValue] successfully performed. With the following test data [title]. @25-10-2021 21:20:57.0361 PM
[ReportManager] API Action [GetResponseJSONValue] successfully performed. With the following test data [title]. @25-10-2021 21:20:57.0371 PM
[ReportManager] API Action [GetResponseJSONValue] successfully performed. With the following test data [title]. @25-10-2021 21:20:57.0381 PM
[ReportManager] API Action [GetResponseJSONValue] successfully performed. With the following test data [title]. @25-10-2021 21:20:57.0390 PM
[ReportManager] API Action [GetResponseJSONValue] successfully performed. With the following test data [title]. @25-10-2021 21:20:57.0399 PM
[ReportManager] API Action [GetResponseJSONValue] successfully performed. With the following test data [title]. @25-10-2021 21:20:57.0409 PM
[ReportManager] API Action [GetResponseJSONValue] successfully performed. With the following test data [title]. @25-10-2021 21:20:57.0418 PM
[ReportManager] API Action [GetResponseJSONValue] successfully performed. With the following test data [title]. @25-10-2021 21:20:57.0428 PM
[ReportManager] API Action [GetResponseJSONValue] successfully performed. With the following test data [title]. @25-10-2021 21:20:57.0437 PM
[ReportManager] API Action [GetResponseJSONValue] successfully performed. With the following test data [title]. @25-10-2021 21:20:57.0447 PM
[ReportManager] API Action [GetResponseJSONValue] successfully performed. With the following test data [title]. @25-10-2021 21:20:57.0457 PM
[ReportManager] API Action [GetResponseJSONValue] successfully performed. With the following test data [title]. @25-10-2021 21:20:57.0467 PM
[ReportManager] API Action [GetResponseJSONValue] successfully performed. With the following test data [title]. @25-10-2021 21:20:57.0478 PM
[ReportManager] API Action [GetResponseJSONValue] successfully performed. With the following test data [title]. @25-10-2021 21:20:57.0489 PM
[ReportManager] API Action [GetResponseJSONValue] successfully performed. With the following test data [title]. @25-10-2021 21:20:57.0504 PM
[ReportManager] API Action [GetResponseJSONValue] successfully performed. With the following test data [title]. @25-10-2021 21:20:57.0518 PM
[ReportManager] API Action [GetResponseJSONValue] successfully performed. With the following test data [title]. @25-10-2021 21:20:57.0532 P

################################################################################################################################################
Starting Execution:	[68 out of 143] test cases in the current suite
Test Method:		[unitTests.tests_restActions.validateUserEmail]
################################################################################################################################################
[ReportManager] Response status code: [200], status line: [HTTP/1.1 200 OK] @25-10-2021 21:20:57.0631 PM
[ReportManager] Assertion Passed: Evaluating the actual response status code against the expected one... @25-10-2021 21:20:57.0631 PM
[ReportManager] Assertion [ValidateEquals] PASSED. Expected [200] and Actual [200]. Comparison Type [EQUALS]. Validation Type [POSITIVE]. @25-10-2021 21:20:57.0631 PM
[ReportManager] API Action [PerformRequest] successfully performed. With the following test data [Request Type: "GET" | Target Status Code: "200" | Service URL: "https://jsonplaceholder.typicode.com/users" | Content Type: "*/*" | Response Time: "86ms"]. @25-10-2021 21:20:57.0651 PM
[ReportManager] Successfully created attachment [API Request - Specifications] @25-10-2021 21:20:57.0652 PM
[ReportManager] Successfully created attachment [API Response - JSON Body] @25-10-2021 21:20:57.0653 PM
[ReportManager] Assertion [ValidateEquals] PASSED. Expected and Actual values are attached. Comparison Type [CONTAINS]. Validation Type [POSITIVE]. @25-10-2021 21:20:57.0653 PM
[ReportManager] Successfully created attachment [Validation Test Data - Expected Value] @25-10-2021 21:20:57.0653 PM
[ReportManager] Successfully created attachment [Validation Test Data - Actual Value] @25-10-2021 21:20:57.0654 PM
[ReportManager] API Action [GetResponseJSONValueAsList] successfully performed. With the following test data [$]. @25-10-2021 21:20:57.0660 PM
[ReportManager] API Action [GetResponseJSONValue] successfully performed. With the following test data [name]. @25-10-2021 21:20:57.0671 PM
[ReportManager] API Action [GetResponseJSONValue] successfully performed. With the following test data [email]. @25-10-2021 21:20:57.0681 PM
[ReportManager] Assertion [ValidateEquals] PASSED. Expected [Sincere@april.biz] and Actual [Sincere@april.biz]. Comparison Type [EQUALS]. Validation Type [POSITIVE]. @25-10-2021 21:20:57.0681 PM
[ReportManager] API Action [GetResponseJSONValue] successfully performed. With the following test data [name]. @25-10-2021 21:20:57.0692 PM
[ReportManager] API Action [GetResponseJSONValue] successfully performed. With the following test data [name]. @25-10-2021 21:20:57.0701 PM
[ReportManager] API Action [GetResponseJSONValue] successfully performed. With the following test data [name]. @25-10-2021 21:20:57.0711 PM
[ReportManager] API Action [GetResponseJSONValue] successfully performed. With the following test data [name]. @25-10-2021 21:20:57.0721 PM
[ReportManager] API Action [GetResponseJSONValue] successfully performed. With the following test data [name]. @25-10-2021 21:20:57.0730 PM
[ReportManager] API Action [GetResponseJSONValue] successfully performed. With the following test data [name]. @25-10-2021 21:20:57.0740 PM
[ReportManager] API Action [GetResponseJSONValue] successfully performed. With the following test data [name]. @25-10-2021 21:20:57.0750 PM
[ReportManager] API Action [GetResponseJSONValue] successfully performed. With the following test data [name]. @25-10-2021 21:20:57.0759 PM
[ReportManager] API Action [GetResponseJSONValue] successfully performed. With the following test data [name]. @25-10-2021 21:20:57.0769 P
[ReportManager] File Action [GetAbsolutePath] successfully performed. With the following test data [Relative Folder Path: "target/downloadedFiles/"]. @25-10-2021 21:20:57.0772 PM
[ReportManager] Attempting to run locally on: [Mac-64], [Safari], Headless Execution. @25-10-2021 21:20:57.0772 PM
[ReportManager] Successfully Opened Safari. @25-10-2021 21:20:58.0580 PM
[ReportManager] Initial window size: (800, 600) @25-10-2021 21:20:58.0625 PM
[ReportManager] Window size after SWD Maximize: (1176, 811) @25-10-2021 21:20:58.0643 PM
[ReportManager] Browser Action [MaximizeWindow] successfully performed. With the following test data [New screen size is now: (1176, 811)]. @25-10-2021 21:20:58.0643 P

################################################################################################################################################
Starting Execution:	[69 out of 143] test cases in the current suite
Test Method:		[testPackage01.Test_uploadFile.uploadFile_invisibleUploadInput]
################################################################################################################################################
[ReportManager] Target URL: [https://fineuploader.com/demos.html#gallery-view] @25-10-2021 21:20:58.0646 PM
[ReportManager] Initial URL: [] @25-10-2021 21:20:58.0692 PM
[ReportManager] Browser Action [NavigateToURL] successfully performed. With the following test data [https://fineuploader.com/demos.html#gallery-view]. @25-10-2021 21:20:59.0953 PM
[ReportManager] File Action [GetAbsolutePath] successfully performed. With the following test data [Relative File Path: "src/main/resources/images/shaft.png"]. @25-10-2021 21:20:59.0953 PM
[ReportManager] Successfully created attachment [File Action Actual Result - Command Log] @25-10-2021 21:20:59.0954 P
[ReportManager] Browser Action [CloseCurrentWindow] successfully performed. @25-10-2021 21:21:00.0349 PM
[ReportManager] Successfully created attachment [Browser Action Test Data - CloseCurrentWindow - Actual Value] @25-10-2021 21:21:00.0349 P
[ReportManager] File Action [GetAbsolutePath] successfully performed. With the following test data [Relative Folder Path: "target/downloadedFiles/"]. @25-10-2021 21:21:00.0353 PM
[ReportManager] Attempting to run locally on: [Mac-64], [Safari], Headless Execution. @25-10-2021 21:21:00.0353 PM
[ReportManager] Successfully Opened Safari. @25-10-2021 21:21:01.0132 PM
[ReportManager] Initial window size: (800, 600) @25-10-2021 21:21:01.0139 PM
[ReportManager] Window size after SWD Maximize: (1176, 811) @25-10-2021 21:21:01.0153 PM
[ReportManager] Browser Action [MaximizeWindow] successfully performed. With the following test data [New screen size is now: (1176, 811)]. @25-10-2021 21:21:01.0154 P

################################################################################################################################################
Starting Execution:	[70 out of 143] test cases in the current suite
Test Method:		[testPackage01.Test_uploadFile.uploadFile_visibleUploadInput]
################################################################################################################################################
[ReportManager] Target URL: [http://demo.guru99.com/test/upload/] @25-10-2021 21:21:01.0156 PM
[ReportManager] Initial URL: [] @25-10-2021 21:21:03.0266 PM
[ReportManager] Browser Action [NavigateToURL] successfully performed. With the following test data [http://demo.guru99.com/test/upload/]. @25-10-2021 21:21:04.0426 PM
[ReportManager] File Action [GetAbsolutePath] successfully performed. With the following test data [Relative File Path: "src/main/resources/images/shaft.png"]. @25-10-2021 21:21:04.0426 PM
[ReportManager] Successfully created attachment [File Action Actual Result - Command Log] @25-10-2021 21:21:04.0427 PM
[ReportManager] Element Action [TypeFileLocationForUpload] successfully performed. With the following test data [/Users/runner/work/SHAFT_ENGINE/SHAFT_ENGINE/src/main/resources/images/shaft.png]. @25-10-2021 21:21:04.0474 PM
[ReportManager] Element Action [Click] successfully performed. With the following test data [on]. @25-10-2021 21:21:04.0738 PM
[ReportManager] Element Action [Click] successfully performed. With the following test data [ Submit File]. @25-10-2021 21:21:04.0997 PM
[ReportManager] Element Action [GetText] successfully performed. With the following test data [1 file has been successfully uploaded.]. @25-10-2021 21:21:05.0015 P
[ReportManager] Browser Action [CloseCurrentWindow] successfully performed. @25-10-2021 21:21:05.0142 PM
[ReportManager] Successfully created attachment [Browser Action Test Data - CloseCurrentWindow - Actual Value] @25-10-2021 21:21:05.0143 P

################################################################################################################################################
Starting Execution:	[71 out of 143] test cases in the current suite
Test Method:		[testPackage01.Test_AssertApiResponseEquals.assertApiResponseEquals_expectedToPass]
################################################################################################################################################
[ReportManager] Response status code: [200], status line: [HTTP/1.1 200 OK] @25-10-2021 21:21:05.0258 P

################################################################################################################################################
Starting Execution:	[72 out of 143] test cases in the current suite
Test Method:		[testPackage01.Test_testData.f]
################################################################################################################################################
[ReportManager] Successfully loaded the following test data file [src/test/resources/TestDataFiles/testSuite01/TestData.xlsx]. @25-10-2021 21:21:05.0295 PM
[ReportManager] Successfully created attachment [Test Data - Excel] @25-10-2021 21:21:05.0296 PM
[ReportManager] Last Column Number is: [3]. Zero-based. @25-10-2021 21:21:05.0297 P

################################################################################################################################################
Starting Execution:	[73 out of 143] test cases in the current suite
Test Method:		[testPackage01.Test_PDF.testPDF_Downloaded]
################################################################################################################################################
[ReportManager] File Action [DoesFileExist] successfully performed. With the following test data [File Path: "src/test/resources/TestDataFiles/sample.pdf"]. @25-10-2021 21:21:05.0304 PM
[ReportManager] File Action [GetAbsolutePath] successfully performed. With the following test data [Relative File Path: "src/test/resources/TestDataFiles/sample.pdf"]. @25-10-2021 21:21:05.0304 P
[ReportManager] File Action [GetAbsolutePath] successfully performed. With the following test data [Relative Folder Path: "target/downloadedFiles/"]. @25-10-2021 21:21:08.0622 PM
[ReportManager] Attempting to run locally on: [Mac-64], [Safari], Headless Execution. @25-10-2021 21:21:08.0622 PM
[ReportManager] Successfully Opened Safari. @25-10-2021 21:21:09.0464 PM
[ReportManager] Initial window size: (800, 600) @25-10-2021 21:21:09.0483 PM
[ReportManager] Window size after SWD Maximize: (1176, 811) @25-10-2021 21:21:09.0497 PM
[ReportManager] Browser Action [MaximizeWindow] successfully performed. With the following test data [New screen size is now: (1176, 811)]. @25-10-2021 21:21:09.0497 P

################################################################################################################################################
Starting Execution:	[74 out of 143] test cases in the current suite
Test Method:		[testPackage01.Test_ShadowDOM.shadowdom]
################################################################################################################################################
[ReportManager] Target URL: [https://mdn.github.io/web-components-examples/popup-info-box-web-component/] @25-10-2021 21:21:09.0500 PM
[ReportManager] Initial URL: [] @25-10-2021 21:21:09.0547 PM
[ReportManager] Browser Action [NavigateToURL] successfully performed. With the following test data [https://mdn.github.io/web-components-examples/popup-info-box-web-component/]. @25-10-2021 21:21:09.0949 PM
[ReportManager] Element Action [Type] successfully performed. With the following test data [Typing into SHADOW DOM...]. @25-10-2021 21:21:10.0609 PM
[ReportManager] Element Action [GetText] successfully performed. With the following test data [Typing into SHADOW DOM...]. @25-10-2021 21:21:10.0653 PM
[ReportManager] Loaded Shared OpenCV @25-10-2021 21:21:10.0686 PM
[ReportManager] Assertion [ValidateElementAttribute] PASSED. Expected [Value Should be 'Typing into SHADOW DOM...' for the 'Text' attribute, element locator 'By.id: cvc'] and Actual [Typing into SHADOW DOM...]. Comparison Type [EQUALS]. Validation Type [POSITIVE]. @25-10-2021 21:21:10.0860 PM
[ReportManager] Successfully created attachment [Screenshot - 1635196870686_shadowdom_ValidateElementAttribute_passed] @25-10-2021 21:21:10.0861 P
[ReportManager] Browser Action [CloseCurrentWindow] successfully performed. @25-10-2021 21:21:11.0096 PM
[ReportManager] Successfully created attachment [Browser Action Test Data - CloseCurrentWindow - Actual Value] @25-10-2021 21:21:11.0097 P
[ReportManager] File Action [GetAbsolutePath] successfully performed. With the following test data [Relative Folder Path: "target/downloadedFiles/"]. @25-10-2021 21:21:11.0099 PM
[ReportManager] Attempting to run locally on: [Mac-64], [Safari], Headless Execution. @25-10-2021 21:21:11.0099 PM
[ReportManager] Successfully Opened Safari. @25-10-2021 21:21:11.0813 PM
[ReportManager] Initial window size: (800, 600) @25-10-2021 21:21:11.0818 PM
[ReportManager] Window size after SWD Maximize: (1176, 811) @25-10-2021 21:21:11.0835 PM
[ReportManager] Browser Action [MaximizeWindow] successfully performed. With the following test data [New screen size is now: (1176, 811)]. @25-10-2021 21:21:11.0835 P

################################################################################################################################################
Starting Execution:	[75 out of 143] test cases in the current suite
Test Method:		[testPackage01.Test_clipboardActions.typeTextAndCopyPaste]
################################################################################################################################################
[ReportManager] Target URL: [https://www.google.com/ncr], and after redirection: [https://www.google.com] @25-10-2021 21:21:11.0838 PM
[ReportManager] Initial URL: [] @25-10-2021 21:21:11.0871 PM
[ReportManager] Browser Action [NavigateToURL] successfully performed. With the following test data [https://www.google.com/ncr]. @25-10-2021 21:21:12.0605 PM
[ReportManager] Element Action [Type] successfully performed. With the following test data [FIRST]. @25-10-2021 21:21:12.0728 P
[ReportManager] Browser Action [CloseCurrentWindow] successfully performed. @25-10-2021 21:21:12.0958 PM
[ReportManager] Successfully created attachment [Browser Action Test Data - CloseCurrentWindow - Actual Value] @25-10-2021 21:21:12.0959 P

################################################################################################################################################
Starting Execution:	[76 out of 143] test cases in the current suite
Test Method:		[testPackage01.Test_NewValidationHelper.f1]
################################################################################################################################################
[ReportManager] Assertion Passed: Checking valid user data @25-10-2021 21:21:12.0962 PM
[ReportManager] Successfully created attachment [Validation Test Data - Expected Value] @25-10-2021 21:21:12.0963 PM
[ReportManager] Successfully created attachment [Validation Test Data - Actual Value] @25-10-2021 21:21:12.0963 PM
[ReportManager] Assertion [ValidateEquals] PASSED. Expected and Actual values are attached. Comparison Type [EQUALS]. Validation Type [POSITIVE]. @25-10-2021 21:21:12.0963 P
[ReportManager] File Action [GetAbsolutePath] successfully performed. With the following test data [Relative Folder Path: "target/downloadedFiles/"]. @25-10-2021 21:21:12.0966 PM
[ReportManager] Attempting to run locally on: [Mac-64], [Safari], Headless Execution. @25-10-2021 21:21:12.0966 PM
[ReportManager] Successfully Opened Safari. @25-10-2021 21:21:13.0763 PM
[ReportManager] Initial window size: (800, 600) @25-10-2021 21:21:13.0768 PM
[ReportManager] Window size after SWD Maximize: (1176, 811) @25-10-2021 21:21:13.0779 PM
[ReportManager] Browser Action [MaximizeWindow] successfully performed. With the following test data [New screen size is now: (1176, 811)]. @25-10-2021 21:21:13.0780 PM
[ReportManager] Target URL: [https://the-internet.herokuapp.com/] @25-10-2021 21:21:13.0780 PM
[ReportManager] Initial URL: [] @25-10-2021 21:21:13.0805 PM
[ReportManager] Browser Action [NavigateToURL] successfully performed. With the following test data [https://the-internet.herokuapp.com/]. @25-10-2021 21:21:14.0448 P

################################################################################################################################################
Starting Execution:	[77 out of 143] test cases in the current suite
Test Method:		[testPackage01.Test_NewValidationHelper.f10]
################################################################################################################################################
[ReportManager] Assertion [ValidateElementExists] FAILED. Expected [Element Should Exist, locator 'By.tagName: div'] and Actual [Element Exists but is not unique]. Comparison Type [EQUALS]. Validation Type [POSITIVE]. @25-10-2021 21:21:14.0646 PM
[ReportManager] Successfully created attachment [Screenshot - 1635196874501_f10_ValidateElementExists_failed] @25-10-2021 21:21:14.0647 P



################################################################################################################################################
Starting Execution:	[78 out of 143] test cases in the current suite
Test Method:		[testPackage01.Test_NewValidationHelper.f11]
###############################################################################################################################################



################################################################################################################################################
Starting Execution:	[79 out of 143] test cases in the current suite
Test Method:		[testPackage01.Test_NewValidationHelper.f12]
###############################################################################################################################################



################################################################################################################################################
Starting Execution:	[80 out of 143] test cases in the current suite
Test Method:		[testPackage01.Test_NewValidationHelper.f13]
###############################################################################################################################################



################################################################################################################################################
Starting Execution:	[81 out of 143] test cases in the current suite
Test Method:		[testPackage01.Test_NewValidationHelper.f14]
###############################################################################################################################################



################################################################################################################################################
Starting Execution:	[82 out of 143] test cases in the current suite
Test Method:		[testPackage01.Test_NewValidationHelper.f15]
###############################################################################################################################################



################################################################################################################################################
Starting Execution:	[83 out of 143] test cases in the current suite
Test Method:		[testPackage01.Test_NewValidationHelper.f16]
###############################################################################################################################################



################################################################################################################################################
Starting Execution:	[84 out of 143] test cases in the current suite
Test Method:		[testPackage01.Test_NewValidationHelper.f17]
###############################################################################################################################################



################################################################################################################################################
Starting Execution:	[85 out of 143] test cases in the current suite
Test Method:		[testPackage01.Test_NewValidationHelper.f18]
###############################################################################################################################################


################################################################################################################################################
Starting Execution:	[86 out of 143] test cases in the current suite
Test Method:		[testPackage01.Test_NewValidationHelper.f2]
###############################################################################################################################################


################################################################################################################################################
Starting Execution:	[87 out of 143] test cases in the current suite
Test Method:		[testPackage01.Test_NewValidationHelper.f20]
###############################################################################################################################################



################################################################################################################################################
Starting Execution:	[88 out of 143] test cases in the current suite
Test Method:		[testPackage01.Test_NewValidationHelper.f21]
###############################################################################################################################################



################################################################################################################################################
Starting Execution:	[89 out of 143] test cases in the current suite
Test Method:		[testPackage01.Test_NewValidationHelper.f22]
###############################################################################################################################################


################################################################################################################################################
Starting Execution:	[90 out of 143] test cases in the current suite
Test Method:		[testPackage01.Test_NewValidationHelper.f23]
###############################################################################################################################################

################################################################################################################################################
Starting Execution:	[91 out of 143] test cases in the current suite
Test Method:		[testPackage01.Test_NewValidationHelper.f24]
###############################################################################################################################################

################################################################################################################################################
Starting Execution:	[92 out of 143] test cases in the current suite
Test Method:		[testPackage01.Test_NewValidationHelper.f25]
###############################################################################################################################################

################################################################################################################################################
Starting Execution:	[93 out of 143] test cases in the current suite
Test Method:		[testPackage01.Test_NewValidationHelper.f26]
###############################################################################################################################################

################################################################################################################################################
Starting Execution:	[94 out of 143] test cases in the current suite
Test Method:		[testPackage01.Test_NewValidationHelper.f27]
###############################################################################################################################################

################################################################################################################################################
Starting Execution:	[95 out of 143] test cases in the current suite
Test Method:		[testPackage01.Test_NewValidationHelper.f28]
###############################################################################################################################################

################################################################################################################################################
Starting Execution:	[96 out of 143] test cases in the current suite
Test Method:		[testPackage01.Test_NewValidationHelper.f29]
###############################################################################################################################################

################################################################################################################################################
Starting Execution:	[97 out of 143] test cases in the current suite
Test Method:		[testPackage01.Test_NewValidationHelper.f3]
###############################################################################################################################################

################################################################################################################################################
Starting Execution:	[98 out of 143] test cases in the current suite
Test Method:		[testPackage01.Test_NewValidationHelper.f30]
###############################################################################################################################################

################################################################################################################################################
Starting Execution:	[99 out of 143] test cases in the current suite
Test Method:		[testPackage01.Test_NewValidationHelper.f31]
###############################################################################################################################################

################################################################################################################################################
Starting Execution:	[100 out of 143] test cases in the current suite
Test Method:		[testPackage01.Test_NewValidationHelper.f32]
###############################################################################################################################################

################################################################################################################################################
Starting Execution:	[101 out of 143] test cases in the current suite
Test Method:		[testPackage01.Test_NewValidationHelper.f33]
###############################################################################################################################################

################################################################################################################################################
Starting Execution:	[102 out of 143] test cases in the current suite
Test Method:		[testPackage01.Test_NewValidationHelper.f34]
###############################################################################################################################################

################################################################################################################################################
Starting Execution:	[103 out of 143] test cases in the current suite
Test Method:		[testPackage01.Test_NewValidationHelper.f35]
###############################################################################################################################################

################################################################################################################################################
Starting Execution:	[104 out of 143] test cases in the current suite
Test Method:		[testPackage01.Test_NewValidationHelper.f36]
###############################################################################################################################################

################################################################################################################################################
Starting Execution:	[105 out of 143] test cases in the current suite
Test Method:		[testPackage01.Test_NewValidationHelper.f37]
###############################################################################################################################################

################################################################################################################################################
Starting Execution:	[106 out of 143] test cases in the current suite
Test Method:		[testPackage01.Test_NewValidationHelper.f3_1]
###############################################################################################################################################

################################################################################################################################################
Starting Execution:	[107 out of 143] test cases in the current suite
Test Method:		[testPackage01.Test_NewValidationHelper.f4]
###############################################################################################################################################

################################################################################################################################################
Starting Execution:	[108 out of 143] test cases in the current suite
Test Method:		[testPackage01.Test_NewValidationHelper.f5]
###############################################################################################################################################

################################################################################################################################################
Starting Execution:	[109 out of 143] test cases in the current suite
Test Method:		[testPackage01.Test_NewValidationHelper.f6]
###############################################################################################################################################

################################################################################################################################################
Starting Execution:	[110 out of 143] test cases in the current suite
Test Method:		[testPackage01.Test_NewValidationHelper.f6_1]
###############################################################################################################################################

################################################################################################################################################
Starting Execution:	[111 out of 143] test cases in the current suite
Test Method:		[testPackage01.Test_NewValidationHelper.f6_2]
###############################################################################################################################################

################################################################################################################################################
Starting Execution:	[112 out of 143] test cases in the current suite
Test Method:		[testPackage01.Test_NewValidationHelper.f7]
###############################################################################################################################################


################################################################################################################################################
Starting Execution:	[113 out of 143] test cases in the current suite
Test Method:		[testPackage01.Test_NewValidationHelper.f8]
###############################################################################################################################################



################################################################################################################################################
Starting Execution:	[114 out of 143] test cases in the current suite
Test Method:		[testPackage01.Test_NewValidationHelper.f9]
###############################################################################################################################################


################################################################################################################################################
Starting Execution:	[115 out of 143] test cases in the current suite
Test Method:		[testPackage01.Test_NewValidationHelper.forceFail]
###############################################################################################################################################

################################################################################################################################################
Starting Execution:	[116 out of 143] test cases in the current suite
Test Method:		[testPackage01.Test_NewValidationHelper.forceFail2]
###############################################################################################################################################

################################################################################################################################################
Starting Execution:	[117 out of 143] test cases in the current suite
Test Method:		[testPackage01.Test_JsonActions.f]
###############################################################################################################################################

################################################################################################################################################
Starting Execution:	[118 out of 143] test cases in the current suite
Test Method:		[testPackage01.Test_JsonActions.f2]
###############################################################################################################################################

################################################################################################################################################
Starting Execution:	[119 out of 143] test cases in the current suite
Test Method:		[testPackage01.Test_sendGraphqlRequest.sendGraphqlRequestUsingMutationAndVariables]
################################################################################################################################################
[ReportManager] GraphQl Request is being Performed with the Following Parameters [Service URL: https://api.spacex.land/graphql | Request Body: {"variables":"{\"name\": \"sherlock holmes\",\"rocket\": \"221B Baker Street\"}","query":"mutation ($name: String, $rocket: String) {\n  insert_users(objects: {name: $name, rocket: $rocket}) {\n    returning {\n      name\n      rocket\n    }\n  }\n}"}] @25-10-2021 21:21:15.0094 PM
[ReportManager] Response status code: [200], status line: [HTTP/1.1 200 OK] @25-10-2021 21:21:15.0386 PM
[ReportManager] Assertion Passed: Evaluating the actual response status code against the expected one... @25-10-2021 21:21:15.0386 PM
[ReportManager] Assertion [ValidateEquals] PASSED. Expected [200] and Actual [200]. Comparison Type [EQUALS]. Validation Type [POSITIVE]. @25-10-2021 21:21:15.0386 PM
[ReportManager] API Action [PerformRequest] successfully performed. With the following test data [Request Type: "POST" | Target Status Code: "200" | Service URL: "https://api.spacex.land/graphql" | Content Type: "application/json" | Response Time: "193ms"]. @25-10-2021 21:21:15.0400 PM
[ReportManager] Successfully created attachment [API Request - Specifications] @25-10-2021 21:21:15.0401 PM
[ReportManager] Successfully created attachment [API Request - JSON Body] @25-10-2021 21:21:15.0402 PM
[ReportManager] Successfully created attachment [API Response - JSON Body] @25-10-2021 21:21:15.0403 PM
[ReportManager] API Action [GetResponseJSONValue] successfully performed. With the following test data [data.insert_users.returning[0].name]. @25-10-2021 21:21:15.0460 PM
[ReportManager] Assertion [ValidateEquals] PASSED. Expected [sherlock holmes] and Actual [sherlock holmes]. Comparison Type [EQUALS]. Validation Type [POSITIVE]. @25-10-2021 21:21:15.0460 P

################################################################################################################################################
Starting Execution:	[120 out of 143] test cases in the current suite
Test Method:		[testPackage01.Test_sendGraphqlRequest.sendGraphqlRequestUsingQuery]
################################################################################################################################################
[ReportManager] GraphQl Request is being Performed with the Following Parameters [Service URL: https://api.spacex.land/graphql | Request Body: {"query":"{company {ceo}}"}] @25-10-2021 21:21:15.0466 PM
[ReportManager] Response status code: [200], status line: [HTTP/1.1 200 OK] @25-10-2021 21:21:15.0579 PM
[ReportManager] Assertion Passed: Evaluating the actual response status code against the expected one... @25-10-2021 21:21:15.0579 PM
[ReportManager] Assertion [ValidateEquals] PASSED. Expected [200] and Actual [200]. Comparison Type [EQUALS]. Validation Type [POSITIVE]. @25-10-2021 21:21:15.0580 PM
[ReportManager] API Action [PerformRequest] successfully performed. With the following test data [Request Type: "POST" | Target Status Code: "200" | Service URL: "https://api.spacex.land/graphql" | Content Type: "application/json" | Response Time: "109ms"]. @25-10-2021 21:21:15.0599 PM
[ReportManager] Successfully created attachment [API Request - Specifications] @25-10-2021 21:21:15.0599 PM
[ReportManager] Successfully created attachment [API Request - JSON Body] @25-10-2021 21:21:15.0600 PM
[ReportManager] Successfully created attachment [API Response - JSON Body] @25-10-2021 21:21:15.0601 PM
[ReportManager] API Action [GetResponseJSONValue] successfully performed. With the following test data [data.company.ceo]. @25-10-2021 21:21:15.0620 PM
[ReportManager] Assertion [ValidateEquals] PASSED. Expected [Elon Musk] and Actual [Elon Musk]. Comparison Type [EQUALS]. Validation Type [POSITIVE]. @25-10-2021 21:21:15.0620 P
[ReportManager] File Action [GetAbsolutePath] successfully performed. With the following test data [Relative Folder Path: "target/downloadedFiles/"]. @25-10-2021 21:21:15.0623 PM
[ReportManager] Attempting to run locally on: [Mac-64], [Safari], Headless Execution. @25-10-2021 21:21:15.0623 PM
[ReportManager] Successfully Opened Safari. @25-10-2021 21:21:16.0413 PM
[ReportManager] Initial window size: (800, 600) @25-10-2021 21:21:16.0419 PM
[ReportManager] Window size after SWD Maximize: (1176, 811) @25-10-2021 21:21:16.0433 PM
[ReportManager] Browser Action [MaximizeWindow] successfully performed. With the following test data [New screen size is now: (1176, 811)]. @25-10-2021 21:21:16.0433 P

################################################################################################################################################
Starting Execution:	[121 out of 143] test cases in the current suite
Test Method:		[testPackage01.Test_dragAndDrop.dragAndDropJquery]
################################################################################################################################################
[ReportManager] Target URL: [https://jqueryui.com/resources/demos/droppable/default.html] @25-10-2021 21:21:16.0446 PM
[ReportManager] Initial URL: [] @25-10-2021 21:21:16.0486 PM
[ReportManager] Browser Action [NavigateToURL] successfully performed. With the following test data [https://jqueryui.com/resources/demos/droppable/default.html]. @25-10-2021 21:21:16.0775 PM
[ReportManager] Element Action [GetText] successfully performed. With the following test data [
	Drop here
]. @25-10-2021 21:21:16.0788 PM
[ReportManager] Element Action [DragAndDrop] successfully performed. With the following test data [Start point: (8, 18), End point: (8, 18)]. @25-10-2021 21:21:17.0810 PM
[ReportManager] Element Action [GetText] successfully performed. With the following test data [
	Dropped!
]. @25-10-2021 21:21:17.0826 PM
[ReportManager] Assertion Passed: Checking to see if the text has changed after performing drag and drop @25-10-2021 21:21:17.0826 PM
[ReportManager] Assertion [ValidateEquals] PASSED. Expected [
	Drop here
] and Actual [
	Dropped!
]. Comparison Type [EQUALS]. Validation Type [NEGATIVE]. @25-10-2021 21:21:17.0826 P
[ReportManager] Browser Action [CloseCurrentWindow] successfully performed. @25-10-2021 21:21:17.0909 PM
[ReportManager] Successfully created attachment [Browser Action Test Data - CloseCurrentWindow - Actual Value] @25-10-2021 21:21:17.0910 P
[ReportManager] File Action [GetAbsolutePath] successfully performed. With the following test data [Relative Folder Path: "target/downloadedFiles/"]. @25-10-2021 21:21:17.0912 PM
[ReportManager] Attempting to run locally on: [Mac-64], [Safari], Headless Execution. @25-10-2021 21:21:17.0912 PM
[ReportManager] Successfully Opened Safari. @25-10-2021 21:21:18.0704 PM
[ReportManager] Initial window size: (800, 600) @25-10-2021 21:21:18.0710 PM
[ReportManager] Window size after SWD Maximize: (1176, 811) @25-10-2021 21:21:18.0731 PM
[ReportManager] Browser Action [MaximizeWindow] successfully performed. With the following test data [New screen size is now: (1176, 811)]. @25-10-2021 21:21:18.0732 P

################################################################################################################################################
Starting Execution:	[122 out of 143] test cases in the current suite
Test Method:		[testPackage01.Test_dragAndDrop.dragAndDrop]
Test Description:	[TC001 - Test Drag and Drop function.]
################################################################################################################################################
[ReportManager] Target URL: [http://the-internet.herokuapp.com/drag_and_drop] @25-10-2021 21:21:18.0736 PM
[ReportManager] Initial URL: [] @25-10-2021 21:21:18.0781 PM
[ReportManager] Browser Action [NavigateToURL] successfully performed. With the following test data [http://the-internet.herokuapp.com/drag_and_drop]. @25-10-2021 21:21:19.0183 PM
[ReportManager] Attempting Drag and Drop @25-10-2021 21:21:19.0183 PM
[ReportManager] Element Action [DragAndDrop] successfully performed. With the following test data [Start point: (120, 89), End point: (335, 89)]. @25-10-2021 21:21:19.0764 P
[ReportManager] Browser Action [CloseCurrentWindow] successfully performed. @25-10-2021 21:21:19.0894 PM
[ReportManager] Successfully created attachment [Browser Action Test Data - CloseCurrentWindow - Actual Value] @25-10-2021 21:21:19.0895 P
[ReportManager] File Action [GetAbsolutePath] successfully performed. With the following test data [Relative Folder Path: "target/downloadedFiles/"]. @25-10-2021 21:21:19.0897 PM
[ReportManager] Attempting to run locally on: [Mac-64], [Safari], Headless Execution. @25-10-2021 21:21:19.0898 PM
[ReportManager] Successfully Opened Safari. @25-10-2021 21:21:20.0716 PM
[ReportManager] Initial window size: (800, 600) @25-10-2021 21:21:20.0720 PM
[ReportManager] Window size after SWD Maximize: (1176, 811) @25-10-2021 21:21:20.0732 PM
[ReportManager] Browser Action [MaximizeWindow] successfully performed. With the following test data [New screen size is now: (1176, 811)]. @25-10-2021 21:21:20.0732 P

################################################################################################################################################
Starting Execution:	[123 out of 143] test cases in the current suite
Test Method:		[testPackage01.Test_dragAndDrop.dragAndDropByOffset]
Test Description:	[TC002 - Test Drag and Drop by offset function.]
################################################################################################################################################
[ReportManager] Target URL: [https://jqueryui.com/resources/demos/draggable/default.html] @25-10-2021 21:21:20.0742 PM
[ReportManager] Initial URL: [] @25-10-2021 21:21:20.0790 PM
[ReportManager] Browser Action [NavigateToURL] successfully performed. With the following test data [https://jqueryui.com/resources/demos/draggable/default.html]. @25-10-2021 21:21:21.0075 PM
[ReportManager] Element Action [DragAndDropByOffset] successfully performed. With the following test data [Start point: (8, 8), End point: (108, 58)]. @25-10-2021 21:21:21.0825 P
[ReportManager] Browser Action [CloseCurrentWindow] successfully performed. @25-10-2021 21:21:21.0963 PM
[ReportManager] Successfully created attachment [Browser Action Test Data - CloseCurrentWindow - Actual Value] @25-10-2021 21:21:21.0964 P
[ReportManager] Successfully loaded the following test data file [src/test/resources/TestDataFiles/testSuite01/TestData.xlsx]. @25-10-2021 21:21:22.0000 PM
[ReportManager] Successfully created attachment [Test Data - Excel] @25-10-2021 21:21:22.0000 PM
[ReportManager] File Action [GetAbsolutePath] successfully performed. With the following test data [Relative Folder Path: "target/downloadedFiles/"]. @25-10-2021 21:21:22.0001 PM
[ReportManager] Attempting to run locally on: [Mac-64], [Safari], Headless Execution. @25-10-2021 21:21:22.0001 PM
[ReportManager] Successfully Opened Safari. @25-10-2021 21:21:22.0809 PM
[ReportManager] Initial window size: (800, 600) @25-10-2021 21:21:22.0832 PM
[ReportManager] Window size after SWD Maximize: (1176, 811) @25-10-2021 21:21:22.0844 PM
[ReportManager] Browser Action [MaximizeWindow] successfully performed. With the following test data [New screen size is now: (1176, 811)]. @25-10-2021 21:21:22.0844 P

################################################################################################################################################
Starting Execution:	[124 out of 143] test cases in the current suite
Test Method:		[testPackage01.Test_google.navigateToURLandVerifyGoogleLogoIsDisplayed]
Test Description:	[TC001 - Navigate to URL and Verify Google Logo is Displayed]
################################################################################################################################################
[ReportManager] Target URL: [https://www.google.com/ncr], and after redirection: [https://www.google.com] @25-10-2021 21:21:22.0847 PM
[ReportManager] Initial URL: [] @25-10-2021 21:21:22.0925 PM
[ReportManager] Browser Action [NavigateToURL] successfully performed. With the following test data [https://www.google.com/ncr]. @25-10-2021 21:21:23.0716 PM
[ReportManager] Loaded Shared OpenCV @25-10-2021 21:21:23.0782 PM
[ReportManager] Assertion [ValidateElementExists] PASSED. Expected [Element Should Exist, locator 'By.xpath: //*[@id='hplogo' or @alt='Google']'] and Actual [Element Exists]. Comparison Type [EQUALS]. Validation Type [POSITIVE]. @25-10-2021 21:21:23.0886 PM
[ReportManager] Successfully created attachment [Screenshot - 1635196883782_navigateToURLandVerifyGoogleLogoIsDisplayed_ValidateElementExists_passed] @25-10-2021 21:21:23.0888 P

################################################################################################################################################
Starting Execution:	[125 out of 143] test cases in the current suite
Test Method:		[testPackage01.Test_google.searchForQueryandAssertResultsNumDisplayed]
Test Description:	[TC002 - Search for Query and Assert that the number of results is displayed]
################################################################################################################################################
[ReportManager] Element Action [Type] successfully performed. With the following test data [SHAFT_Engine]. @25-10-2021 21:21:24.0292 PM
[ReportManager] Element Action [KeyPress] successfully performed. With the following test data [Enter]. @25-10-2021 21:21:24.0384 P

################################################################################################################################################
Starting Execution:	[126 out of 143] test cases in the current suite
Test Method:		[testPackage01.Test_google.clickNextThrice]
Test Description:	[TC003 - Clicks the next button to make sure that the framework can scroll element into view before clicking it]
###############################################################################################################################################
[ReportManager] Browser Action [CloseCurrentWindow] successfully performed. @25-10-2021 21:21:24.0447 PM
[ReportManager] Successfully created attachment [Browser Action Test Data - CloseCurrentWindow - Actual Value] @25-10-2021 21:21:24.0448 P

################################################################################################################################################
Starting Execution:	[127 out of 143] test cases in the current suite
Test Method:		[testPackage01.Test_chainableElementActions.chainElementActions]
################################################################################################################################################
[ReportManager] File Action [GetAbsolutePath] successfully performed. With the following test data [Relative Folder Path: "target/downloadedFiles/"]. @25-10-2021 21:21:24.0451 PM
[ReportManager] Attempting to run locally on: [Mac-64], [GoogleChrome], Headless Execution. @25-10-2021 21:21:24.0456 PM
[ReportManager] Identifying OS/Driver combination and selecting the correct driver version automatically. Please note that if a new driver executable will be downloaded it may take some time... @25-10-2021 21:21:24.0456 PM
[ReportManager] Successfully Opened Google Chrome. @25-10-2021 21:21:27.0312 PM
[ReportManager] Initial window size: (1920, 1080) @25-10-2021 21:21:27.0316 PM
[ReportManager] Window size after SWD Maximize: (1920, 1080) @25-10-2021 21:21:27.0475 PM
[ReportManager] Window size after Toolkit: (1920, 1080) @25-10-2021 21:21:27.0989 PM
[ReportManager] Browser Action [MaximizeWindow] successfully performed. With the following test data [New screen size is now: (1920, 1080)]. @25-10-2021 21:21:27.0991 PM
[ReportManager] Target URL: [https://www.google.com/ncr], and after redirection: [https://www.google.com] @25-10-2021 21:21:27.0992 PM
[ReportManager] Initial URL: [data:,] @25-10-2021 21:21:28.0006 PM
[ReportManager] Browser Action [NavigateToURL] successfully performed. With the following test data [https://www.google.com/ncr]. @25-10-2021 21:21:28.0924 PM
[ReportManager] Element Action [Type] successfully performed. With the following test data [chained type 1]. @25-10-2021 21:21:29.0104 PM
[ReportManager] Element Action [Type] successfully performed. With the following test data [chained type 2]. @25-10-2021 21:21:29.0222 PM
[ReportManager] Element Action [TypeAppend] successfully performed. With the following test data [345]. @25-10-2021 21:21:29.0268 PM
[ReportManager] Element Action [GetText] successfully performed. With the following test data [chained type 1chained type 2345]. @25-10-2021 21:21:29.0369 PM
[ReportManager] Loaded Shared OpenCV @25-10-2021 21:21:29.0649 PM
[ReportManager] Assertion [ValidateElementAttribute] FAILED. Expected [Value Should be 'chained type 2345' for the 'text' attribute, element locator 'By.name: q'] and Actual [chained type 1chained type 2345]. Comparison Type [EQUALS]. Validation Type [POSITIVE]. @25-10-2021 21:21:29.0890 PM
[ReportManager] Successfully created attachment [Screenshot - 1635196889649_chainElementActions_ValidateElementAttribute_failed] @25-10-2021 21:21:29.0891 P

################################################################################################################################################
Starting Execution:	[128 out of 143] test cases in the current suite
Test Method:		[testPackage01.Test_JsonCompareWithSpecialCharacters.specialCharacters]
################################################################################################################################################
[ReportManager] File Action [GetAbsolutePath] successfully performed. With the following test data [Relative Folder Path: "src/test/resources/TestJsonFiles/specialCharacters.json"]. @25-10-2021 21:21:29.0902 PM
[ReportManager] File Action [ReadFromFile] successfully performed. With the following test data [File Path: "/Users/runner/work/SHAFT_ENGINE/SHAFT_ENGINE/src/test/resources/TestJsonFiles/specialCharacters.json"]. @25-10-2021 21:21:29.0908 PM
[ReportManager] Successfully created attachment [File Action Actual Result - Command Log] @25-10-2021 21:21:29.0909 PM
[ReportManager] Comparing the provided API response with the file at this path "src/test/resources/TestJsonFiles/specialCharacters.json", comparison type "EQUALS" @25-10-2021 21:21:29.0911 PM
[ReportManager] API Action [CompareJSON] successfully performed. With the following test data [src/test/resources/TestJsonFiles/specialCharacters.json]. @25-10-2021 21:21:29.0918 PM
[ReportManager] File Action [GetAbsolutePath] successfully performed. With the following test data [Relative Folder Path: "src/test/resources/TestJsonFiles/specialCharacters.json"]. @25-10-2021 21:21:29.0918 PM
[ReportManager] File Action [ReadFromFile] successfully performed. With the following test data [File Path: "/Users/runner/work/SHAFT_ENGINE/SHAFT_ENGINE/src/test/resources/TestJsonFiles/specialCharacters.json"]. @25-10-2021 21:21:29.0918 PM
[ReportManager] Verification [ValidateJSONFileContent] PASSED. Expected [Response data should match the JSON File in this path 'src/test/resources/TestJsonFiles/specialCharacters.json'] and Actual [TRUE]. Comparison Type [EQUALS]. Validation Type [POSITIVE]. @25-10-2021 21:21:29.0922 PM
[ReportManager] Successfully created attachment [Validation Test Data - Expected JSON Value] @25-10-2021 21:21:29.0923 PM
[ReportManager] Successfully created attachment [Validation Test Data - Actual JSON Value] @25-10-2021 21:21:29.0923 P

################################################################################################################################################
Starting Execution:	[129 out of 143] test cases in the current suite
Test Method:		[testPackage01.Test_JsonCompareWithSpecialCharacters.specialCharacters_assertion]
################################################################################################################################################
[ReportManager] File Action [GetAbsolutePath] successfully performed. With the following test data [Relative Folder Path: "src/test/resources/TestJsonFiles/specialCharacters.json"]. @25-10-2021 21:21:29.0931 PM
[ReportManager] File Action [ReadFromFile] successfully performed. With the following test data [File Path: "/Users/runner/work/SHAFT_ENGINE/SHAFT_ENGINE/src/test/resources/TestJsonFiles/specialCharacters.json"]. @25-10-2021 21:21:29.0931 PM
[ReportManager] Successfully created attachment [File Action Actual Result - Command Log] @25-10-2021 21:21:29.0932 PM
[ReportManager] Comparing the provided API response with the file at this path "src/test/resources/TestJsonFiles/specialCharacters.json", comparison type "CONTAINS" @25-10-2021 21:21:29.0932 PM
[ReportManager] API Action [CompareJSON] successfully performed. With the following test data [src/test/resources/TestJsonFiles/specialCharacters.json]. @25-10-2021 21:21:29.0941 PM
[ReportManager] File Action [GetAbsolutePath] successfully performed. With the following test data [Relative Folder Path: "src/test/resources/TestJsonFiles/specialCharacters.json"]. @25-10-2021 21:21:29.0941 PM
[ReportManager] File Action [ReadFromFile] successfully performed. With the following test data [File Path: "/Users/runner/work/SHAFT_ENGINE/SHAFT_ENGINE/src/test/resources/TestJsonFiles/specialCharacters.json"]. @25-10-2021 21:21:29.0941 PM
[ReportManager] Assertion Passed: trying out the log message @25-10-2021 21:21:29.0945 PM
[ReportManager] Successfully created attachment [Validation Test Data - Expected JSON Value] @25-10-2021 21:21:29.0946 PM
[ReportManager] Successfully created attachment [Validation Test Data - Actual JSON Value] @25-10-2021 21:21:29.0946 PM
[ReportManager] Assertion [ValidateJSONFileContent] PASSED. Expected [Response data should match the JSON File in this path 'src/test/resources/TestJsonFiles/specialCharacters.json'] and Actual [TRUE]. Comparison Type [CONTAINS]. Validation Type [POSITIVE]. @25-10-2021 21:21:29.0946 P

################################################################################################################################################
Starting Execution:	[130 out of 143] test cases in the current suite
Test Method:		[testPackage01.Test_SkipDueToIssue.doNotSkip]
################################################################################################################################################
[ReportManager] This should not be skipped. @25-10-2021 21:21:29.0967 P

################################################################################################################################################
Starting Execution:	[131 out of 143] test cases in the current suite
Test Method:		[testPackage01.Test_SkipDueToIssue.skip]
################################################################################################################################################
[ReportManager] This should be skipped. @25-10-2021 21:21:29.0977 P

################################################################################################################################################
Starting Execution:	[132 out of 143] test cases in the current suite
Test Method:		[testPackage01.Test_SkipDueToIssue.skip2]
################################################################################################################################################
[ReportManager] This should be skipped. @25-10-2021 21:21:29.0986 P

################################################################################################################################################
Starting Execution:	[133 out of 143] test cases in the current suite
Test Method:		[testPackage01.Test_JSONFileManager.readStringFromJson]
################################################################################################################################################
[ReportManager] Successfully loaded the following test data file [src/test/resources/TestDataFiles/simpleJSON.json]. @25-10-2021 21:21:29.0995 PM
[ReportManager] Successfully created attachment [Test Data - JSON] @25-10-2021 21:21:29.0996 PM
[ReportManager] Assertion [ValidateEquals] PASSED. Expected [Mohab Mohie] and Actual [Mohab Mohie]. Comparison Type [EQUALS]. Validation Type [POSITIVE]. @25-10-2021 21:21:30.0010 P
[ReportManager] File Action [GetAbsolutePath] successfully performed. With the following test data [Relative Folder Path: "target/downloadedFiles/"]. @25-10-2021 21:21:30.0016 PM
[ReportManager] Attempting to run locally on: [Mac-64], [Safari], Headless Execution. @25-10-2021 21:21:30.0017 P

################################################################################################################################################
Starting Execution:	[134 out of 143] test cases in the current suite
Test Method:		[testPackage01.Test_assertEquals.test_assertElementAttribute]
###############################################################################################################################################

[ReportManager] File Action [GetAbsolutePath] successfully performed. With the following test data [Relative Folder Path: "target/downloadedFiles/"]. @25-10-2021 21:21:30.0112 PM
[ReportManager] Attempting to run locally on: [Mac-64], [Safari], Headless Execution. @25-10-2021 21:21:30.0112 PM
[ReportManager] Successfully Opened Safari. @25-10-2021 21:21:31.0266 PM
[ReportManager] Initial window size: (800, 600) @25-10-2021 21:21:31.0279 PM
[ReportManager] Window size after SWD Maximize: (1176, 811) @25-10-2021 21:21:31.0293 PM
[ReportManager] Browser Action [MaximizeWindow] successfully performed. With the following test data [New screen size is now: (1176, 811)]. @25-10-2021 21:21:31.0293 P

################################################################################################################################################
Starting Execution:	[135 out of 143] test cases in the current suite
Test Method:		[testPackage01.Test_IsElementClickable.testIsElementClickable]
################################################################################################################################################
[ReportManager] Target URL: [https://the-internet.herokuapp.com/] @25-10-2021 21:21:31.0298 PM
[ReportManager] Initial URL: [] @25-10-2021 21:21:31.0322 PM
[ReportManager] Browser Action [NavigateToURL] successfully performed. With the following test data [https://the-internet.herokuapp.com/]. @25-10-2021 21:21:31.0770 PM
[ReportManager] Element Action [IsElementClickable] successfully performed. @25-10-2021 21:21:31.0808 PM
[ReportManager] Assertion [ValidateTrue] PASSED. Expected [TRUE] and Actual [TRUE]. Validation Type [POSITIVE]. @25-10-2021 21:21:31.0808 P
[ReportManager] Browser Action [CloseCurrentWindow] successfully performed. @25-10-2021 21:21:31.0903 PM
[ReportManager] Successfully created attachment [Browser Action Test Data - CloseCurrentWindow - Actual Value] @25-10-2021 21:21:31.0904 P
[ReportManager] Successfully loaded the following test data file [src/test/resources/TestDataFiles/testSuite01/TestData.xlsx]. @25-10-2021 21:21:31.0956 PM
[ReportManager] Successfully created attachment [Test Data - Excel] @25-10-2021 21:21:31.0957 PM
[ReportManager] Attempting to run using Playwright locally on: [Mac-64], [Safari], Headless Execution. @25-10-2021 21:22:16.0136 PM
[ReportManager] File Action [GetAbsolutePath] successfully performed. With the following test data [Relative Folder Path: "target/downloadedFiles/"]. @25-10-2021 21:22:16.0137 PM
[ReportManager] Initial window size: (1280, 720) @25-10-2021 21:22:22.0245 PM
[ReportManager] Window size after Toolkit: com.microsoft.playwright.options.ViewportSize@37b27c83 @25-10-2021 21:22:22.0253 PM
[ReportManager] Browser Action [MaximizeWindow] successfully performed. With the following test data [New screen size is now: (1920, 1080)]. @25-10-2021 21:22:22.0254 P

################################################################################################################################################
Starting Execution:	[136 out of 143] test cases in the current suite
Test Method:		[testPackage01.Test_google_playwright.navigateToURLandVerifyGoogleLogoIsDisplayed]
Test Description:	[TC001 - Navigate to URL and Verify Google Logo is Displayed]
################################################################################################################################################
[ReportManager] Target URL: [https://www.google.com/ncr], and after redirection: [https://www.google.com] @25-10-2021 21:22:22.0257 PM
[ReportManager] Initial URL: [about:blank] @25-10-2021 21:22:22.0771 PM
[ReportManager] Browser Action [NavigateToURL] successfully performed. With the following test data [https://www.google.com/ncr]. @25-10-2021 21:22:24.0344 PM
[ReportManager] Loaded Shared OpenCV @25-10-2021 21:22:24.0424 PM
[ReportManager] Assertion [ValidateElementExists] PASSED. Expected [Element Should Exist, locator 'xpath=//*[@id='hplogo' or @alt='Google']'] and Actual [Element Exists]. Comparison Type [EQUALS]. Validation Type [POSITIVE]. @25-10-2021 21:22:24.0629 PM
[ReportManager] Successfully created attachment [Screenshot - 1635196944421_navigateToURLandVerifyGoogleLogoIsDisplayed_ValidateElementExists_passed] @25-10-2021 21:22:24.0630 P

################################################################################################################################################
Starting Execution:	[137 out of 143] test cases in the current suite
Test Method:		[testPackage01.Test_google_playwright.searchForQueryandAssertResultsNumDisplayed]
Test Description:	[TC002 - Search for Query and Assert that the number of results is displayed]
################################################################################################################################################
[ReportManager] Element Action [Type] successfully performed. With the following test data [SHAFT_Engine]. @25-10-2021 21:22:24.0773 PM
[ReportManager] Element Action [KeyPress] successfully performed. With the following test data [Enter]. @25-10-2021 21:22:24.0800 PM
[ReportManager] Element Action [GetText] successfully performed. With the following test data [About 876,000 results (0.61 seconds)Â 
]. @25-10-2021 21:22:26.0149 PM
[ReportManager] Loaded Shared OpenCV @25-10-2021 21:22:27.0137 PM
[ReportManager] Assertion [ValidateElementAttribute] PASSED. Expected [Value Should not be '' for the 'text' attribute, element locator 'xpath=//div[@id='appbar']'] and Actual [About 876,000 results (0.61 seconds)Â 
]. Comparison Type [EQUALS]. Validation Type [NEGATIVE]. @25-10-2021 21:22:27.0372 PM
[ReportManager] Successfully created attachment [Screenshot - 1635196947136_searchForQueryandAssertResultsNumDisplayed_ValidateElementAttribute_passed] @25-10-2021 21:22:27.0375 P

################################################################################################################################################
Starting Execution:	[138 out of 143] test cases in the current suite
Test Method:		[testPackage01.Test_google_playwright.clickNextThrice]
Test Description:	[TC003 - Clicks the next button to make sure that the framework can scroll element into view before clicking it]
################################################################################################################################################
[ReportManager] Element Action [Click] successfully performed. With the following test data [Next]. @25-10-2021 21:22:27.0627 P
[ReportManager] Failed to find video recording. @25-10-2021 21:22:27.0629 PM
[ReportManager] Successfully Closed PlayWright Driver. @25-10-2021 21:22:27.0671 P
[ReportManager] File Action [GetAbsolutePath] successfully performed. With the following test data [Relative Folder Path: "target/downloadedFiles/"]. @25-10-2021 21:22:27.0678 PM
[ReportManager] Attempting to run locally on: [Mac-64], [Safari], Headless Execution. @25-10-2021 21:22:27.0678 PM
[ReportManager] Successfully Opened Safari. @25-10-2021 21:22:28.0504 PM
[ReportManager] Initial window size: (800, 600) @25-10-2021 21:22:28.0582 PM
[ReportManager] Window size after SWD Maximize: (1176, 811) @25-10-2021 21:22:28.0596 PM
[ReportManager] Browser Action [MaximizeWindow] successfully performed. With the following test data [New screen size is now: (1176, 811)]. @25-10-2021 21:22:28.0597 P

################################################################################################################################################
Starting Execution:	[139 out of 143] test cases in the current suite
Test Method:		[testPackage01.Test_verifyEquals.test_assertElementAttribute]
################################################################################################################################################
[ReportManager] Target URL: [https://www.google.com/ncr], and after redirection: [https://www.google.com] @25-10-2021 21:22:28.0599 PM
[ReportManager] Initial URL: [] @25-10-2021 21:22:28.0633 PM
[ReportManager] Browser Action [NavigateToURL] successfully performed. With the following test data [https://www.google.com/ncr]. @25-10-2021 21:22:29.0346 PM
[ReportManager] Element Action [Type] successfully performed. With the following test data [INC_004010050:Another SCHEDULER with the same name [Duplicate Job Name] already exists.]. @25-10-2021 21:22:31.0669 PM
[ReportManager] Element Action [GetText] successfully performed. With the following test data [INC_004010050:Another SCHEDULER with the same name [Duplicate Job Name] already exists.]. @25-10-2021 21:22:31.0735 PM
[ReportManager] Loaded Shared OpenCV @25-10-2021 21:22:31.0771 PM
[ReportManager] Verification [ValidateElementAttribute] PASSED. Expected [Value Should be 'INC_004010050:Another SCHEDULER with the same name \[Duplicate Job Name\] already exists.' for the 'text' attribute, element locator 'By.name: q'] and Actual [INC_004010050:Another SCHEDULER with the same name [Duplicate Job Name] already exists.]. Comparison Type [MATCHES]. Validation Type [POSITIVE]. @25-10-2021 21:22:31.0912 PM
[ReportManager] Successfully created attachment [Screenshot - 1635196951771_test_assertElementAttribute_ValidateElementAttribute_passed] @25-10-2021 21:22:31.0913 P
[ReportManager] Browser Action [CloseCurrentWindow] successfully performed. @25-10-2021 21:22:31.0996 PM
[ReportManager] Successfully created attachment [Browser Action Test Data - CloseCurrentWindow - Actual Value] @25-10-2021 21:22:31.0997 P

################################################################################################################################################
Starting Execution:	[140 out of 143] test cases in the current suite
Test Method:		[testPackage01.Test_SelectedValue.multipleSelect]
################################################################################################################################################
[ReportManager] File Action [GetAbsolutePath] successfully performed. With the following test data [Relative Folder Path: "target/downloadedFiles/"]. @25-10-2021 21:22:31.0999 PM
[ReportManager] Attempting to run locally on: [Mac-64], [GoogleChrome], Headless Execution. @25-10-2021 21:22:31.0999 PM
[ReportManager] Identifying OS/Driver combination and selecting the correct driver version automatically. Please note that if a new driver executable will be downloaded it may take some time... @25-10-2021 21:22:31.0999 PM
[ReportManager] Successfully Opened Google Chrome. @25-10-2021 21:22:32.0477 PM
[ReportManager] Initial window size: (1920, 1080) @25-10-2021 21:22:32.0480 PM
[ReportManager] Window size after SWD Maximize: (1920, 1080) @25-10-2021 21:22:32.0735 PM
[ReportManager] Window size after Toolkit: (1920, 1080) @25-10-2021 21:22:33.0275 PM
[ReportManager] Browser Action [MaximizeWindow] successfully performed. With the following test data [New screen size is now: (1920, 1080)]. @25-10-2021 21:22:33.0278 PM
[ReportManager] Target URL: [https://yari-demos.prod.mdn.mozit.cloud/en-US/docs/Web/HTML/Element/select/_sample_.Advanced_select_with_multiple_features.html] @25-10-2021 21:22:33.0278 PM
[ReportManager] Initial URL: [data:,] @25-10-2021 21:22:33.0292 PM
[ReportManager] Browser Action [NavigateToURL] successfully performed. With the following test data [https://yari-demos.prod.mdn.mozit.cloud/en-US/docs/Web/HTML/Element/select/_sample_.Advanced_select_with_multiple_features.html]. @25-10-2021 21:22:33.0467 PM
[ReportManager] Element Action [Select] successfully performed. With the following test data [Dog]. @25-10-2021 21:22:33.0628 PM
[ReportManager] Element Action [Select] successfully performed. With the following test data [Cat]. @25-10-2021 21:22:33.0757 PM
[ReportManager] Element Action [GetSelectedText] successfully performed. With the following test data [DogCat]. @25-10-2021 21:22:33.0826 PM
[ReportManager] DogCat @25-10-2021 21:22:33.0826 PM
[ReportManager] Element Action [GetSelectedText] successfully performed. With the following test data [DogCat]. @25-10-2021 21:22:33.0884 PM
[ReportManager] Loaded Shared OpenCV @25-10-2021 21:22:34.0194 PM
[ReportManager] Assertion [ValidateElementAttribute] PASSED. Expected [Value Should be 'DogCat' for the 'selectedText' attribute, element locator 'By.tagName: select'] and Actual [DogCat]. Comparison Type [EQUALS]. Validation Type [POSITIVE]. @25-10-2021 21:22:34.0360 PM
[ReportManager] Successfully created attachment [Screenshot - 1635196954194_multipleSelect_ValidateElementAttribute_passed] @25-10-2021 21:22:34.0360 PM
[ReportManager] Browser Action [CloseCurrentWindow] successfully performed. @25-10-2021 21:22:34.0642 PM
[ReportManager] Successfully created attachment [Browser Action Test Data - CloseCurrentWindow - Actual Value] @25-10-2021 21:22:34.0642 P

################################################################################################################################################
Starting Execution:	[141 out of 143] test cases in the current suite
Test Method:		[testPackage01.Test_SelectedValue.simpleSelect]
################################################################################################################################################
[ReportManager] File Action [GetAbsolutePath] successfully performed. With the following test data [Relative Folder Path: "target/downloadedFiles/"]. @25-10-2021 21:22:34.0646 PM
[ReportManager] Attempting to run locally on: [Mac-64], [GoogleChrome], Headless Execution. @25-10-2021 21:22:34.0647 PM
[ReportManager] Identifying OS/Driver combination and selecting the correct driver version automatically. Please note that if a new driver executable will be downloaded it may take some time... @25-10-2021 21:22:34.0647 PM
[ReportManager] Successfully Opened Google Chrome. @25-10-2021 21:22:35.0083 PM
[ReportManager] Initial window size: (1920, 1080) @25-10-2021 21:22:35.0085 PM
[ReportManager] Window size after SWD Maximize: (1920, 1080) @25-10-2021 21:22:35.0319 PM
[ReportManager] Window size after Toolkit: (1920, 1080) @25-10-2021 21:22:35.0755 PM
[ReportManager] Browser Action [MaximizeWindow] successfully performed. With the following test data [New screen size is now: (1920, 1080)]. @25-10-2021 21:22:35.0757 PM
[ReportManager] Target URL: [https://yari-demos.prod.mdn.mozit.cloud/en-US/docs/Web/HTML/Element/select/_sample_.Basic_select.html] @25-10-2021 21:22:35.0757 PM
[ReportManager] Initial URL: [data:,] @25-10-2021 21:22:35.0769 PM
[ReportManager] Browser Action [NavigateToURL] successfully performed. With the following test data [https://yari-demos.prod.mdn.mozit.cloud/en-US/docs/Web/HTML/Element/select/_sample_.Basic_select.html]. @25-10-2021 21:22:35.0929 PM
[ReportManager] Element Action [Select] successfully performed. With the following test data [Third Value]. @25-10-2021 21:22:36.0143 PM
[ReportManager] Element Action [GetSelectedText] successfully performed. With the following test data [Third Value]. @25-10-2021 21:22:36.0190 PM
[ReportManager] Third Value @25-10-2021 21:22:36.0191 PM
[ReportManager] Element Action [GetSelectedText] successfully performed. With the following test data [Third Value]. @25-10-2021 21:22:36.0233 PM
[ReportManager] Loaded Shared OpenCV @25-10-2021 21:22:36.0606 PM
[ReportManager] Assertion [ValidateElementAttribute] PASSED. Expected [Value Should be 'Third Value' for the 'selectedText' attribute, element locator 'By.tagName: select'] and Actual [Third Value]. Comparison Type [EQUALS]. Validation Type [POSITIVE]. @25-10-2021 21:22:36.0766 PM
[ReportManager] Successfully created attachment [Screenshot - 1635196956606_simpleSelect_ValidateElementAttribute_passed] @25-10-2021 21:22:36.0766 PM
[ReportManager] Browser Action [CloseCurrentWindow] successfully performed. @25-10-2021 21:22:36.0937 PM
[ReportManager] Successfully created attachment [Browser Action Test Data - CloseCurrentWindow - Actual Value] @25-10-2021 21:22:36.0938 P
[ReportManager] File Action [GetAbsolutePath] successfully performed. With the following test data [Relative Folder Path: "target/downloadedFiles/"]. @25-10-2021 21:22:36.0941 PM
[ReportManager] Attempting to run locally on: [Mac-64], [Safari], Headless Execution. @25-10-2021 21:22:36.0942 PM
[ReportManager] Successfully Opened Safari. @25-10-2021 21:22:37.0723 PM
[ReportManager] Initial window size: (800, 600) @25-10-2021 21:22:37.0743 PM
[ReportManager] Window size after SWD Maximize: (1176, 811) @25-10-2021 21:22:37.0763 PM
[ReportManager] Browser Action [MaximizeWindow] successfully performed. With the following test data [New screen size is now: (1176, 811)]. @25-10-2021 21:22:37.0763 P

################################################################################################################################################
Starting Execution:	[142 out of 143] test cases in the current suite
Test Method:		[testPackage01.Test_dynamicLoading.dynamicLoading_elementIsHidden]
################################################################################################################################################
[ReportManager] Target URL: [https://the-internet.herokuapp.com/dynamic_loading/1] @25-10-2021 21:22:37.0781 PM
[ReportManager] Initial URL: [] @25-10-2021 21:22:37.0840 PM
[ReportManager] Browser Action [NavigateToURL] successfully performed. With the following test data [https://the-internet.herokuapp.com/dynamic_loading/1]. @25-10-2021 21:22:38.0227 PM
[ReportManager] Element Action [Click] successfully performed. With the following test data [Start]. @25-10-2021 21:22:38.0461 PM
[ReportManager] Element Action [GetText] successfully performed. With the following test data [
    Hello World!
  ]. @25-10-2021 21:22:38.0475 P
[ReportManager] Browser Action [CloseCurrentWindow] successfully performed. @25-10-2021 21:22:38.0570 PM
[ReportManager] Successfully created attachment [Browser Action Test Data - CloseCurrentWindow - Actual Value] @25-10-2021 21:22:38.0571 P
[ReportManager] File Action [GetAbsolutePath] successfully performed. With the following test data [Relative Folder Path: "target/downloadedFiles/"]. @25-10-2021 21:22:38.0573 PM
[ReportManager] Attempting to run locally on: [Mac-64], [Safari], Headless Execution. @25-10-2021 21:22:38.0573 PM
[ReportManager] Successfully Opened Safari. @25-10-2021 21:22:39.0357 PM
[ReportManager] Initial window size: (800, 600) @25-10-2021 21:22:39.0374 PM
[ReportManager] Window size after SWD Maximize: (1176, 811) @25-10-2021 21:22:39.0384 PM
[ReportManager] Browser Action [MaximizeWindow] successfully performed. With the following test data [New screen size is now: (1176, 811)]. @25-10-2021 21:22:39.0384 P

################################################################################################################################################
Starting Execution:	[143 out of 143] test cases in the current suite
Test Method:		[testPackage01.Test_dynamicLoading.dynamicLoading_elementIsRendered]
################################################################################################################################################
[ReportManager] Target URL: [https://the-internet.herokuapp.com/dynamic_loading/2] @25-10-2021 21:22:39.0387 PM
[ReportManager] Initial URL: [] @25-10-2021 21:22:39.0437 PM
[ReportManager] Browser Action [NavigateToURL] successfully performed. With the following test data [https://the-internet.herokuapp.com/dynamic_loading/2]. @25-10-2021 21:22:39.0867 PM
[ReportManager] Element Action [Click] successfully performed. With the following test data [Start]. @25-10-2021 21:22:40.0130 P
[ReportManager] Browser Action [CloseCurrentWindow] successfully performed. @25-10-2021 21:22:40.0334 PM
[ReportManager] Successfully created attachment [Browser Action Test Data - CloseCurrentWindow - Actual Value] @25-10-2021 21:22:40.0335 P

################################################################################################################################################
Test Closure Activities
################################################################################################################################################
[ReportManager] Successfully created attachment [SHAFT Engine Logs - Execution log] @25-10-2021 21:22:40.0685 PM

################################################################################################################################################
This test run was powered by SHAFT Engine Version: [SHAFT Engine v5.4.20211025-BETA]
SHAFT Engine is licensed under the MIT License: [https://github.com/MohabMohie/SHAFT_ENGINE/blob/master/LICENSE].
################################################################################################################################################