org.openqa.selenium.SessionNotCreatedException:
Could not start a new session. Possible causes are invalid address of the remote server or browser start-up failure.
org.openqa.selenium.remote.RemoteWebDriver.execute(RemoteWebDriver.java:577)
org.openqa.selenium.remote.RemoteWebDriver.startSession(RemoteWebDriver.java:246)
org.openqa.selenium.remote.RemoteWebDriver.<init>(RemoteWebDriver.java:168)
org.openqa.selenium.safari.SafariDriver.<init>(SafariDriver.java:87)
org.openqa.selenium.safari.SafariDriver.<init>(SafariDriver.java:69)
com.shaft.driver.DriverFactoryHelper.createNewLocalDriverInstanceForSafari(DriverFactoryHelper.java:573)
com.shaft.driver.DriverFactoryHelper.createNewLocalDriverInstance(DriverFactoryHelper.java:596)
com.shaft.driver.DriverFactoryHelper.getDriver(DriverFactoryHelper.java:815)
com.shaft.driver.DriverFactoryHelper.getDriver(DriverFactoryHelper.java:140)
com.shaft.driver.DriverFactory.getDriver(DriverFactory.java:27)
com.shaft.gui.browser.BrowserFactory.getBrowser(BrowserFactory.java:21)
unitTests.tests_browserActions.beforeMethod(tests_browserActions.java:90)
java.base/jdk.internal.reflect.NativeMethodAccessorImpl.invoke0(Native Method)
java.base/jdk.internal.reflect.NativeMethodAccessorImpl.invoke(NativeMethodAccessorImpl.java:77)
java.base/jdk.internal.reflect.DelegatingMethodAccessorImpl.invoke(DelegatingMethodAccessorImpl.java:43)
java.base/java.lang.reflect.Method.invoke(Method.java:568)
org.testng.internal.MethodInvocationHelper.invokeMethod(MethodInvocationHelper.java:133)
org.testng.internal.MethodInvocationHelper.invokeMethodConsideringTimeout(MethodInvocationHelper.java:62)
org.testng.internal.ConfigInvoker.invokeConfigurationMethod(ConfigInvoker.java:385)
org.testng.internal.ConfigInvoker.invokeConfigurations(ConfigInvoker.java:321)
org.testng.internal.TestInvoker.runConfigMethods(TestInvoker.java:700)
org.testng.internal.TestInvoker.invokeMethod(TestInvoker.java:527)
org.testng.internal.TestInvoker.invokeTestMethod(TestInvoker.java:173)
org.testng.internal.MethodRunner.runInSequence(MethodRunner.java:46)
org.testng.internal.TestInvoker$MethodInvocationAgent.invoke(TestInvoker.java:824)
org.testng.internal.TestInvoker.invokeTestMethods(TestInvoker.java:146)
org.testng.internal.TestMethodWorker.invokeTestMethods(TestMethodWorker.java:146)
org.testng.internal.TestMethodWorker.run(TestMethodWorker.java:128)
java.base/java.util.ArrayList.forEach(ArrayList.java:1511)
org.testng.TestRunner.privateRun(TestRunner.java:794)
org.testng.TestRunner.run(TestRunner.java:596)
org.testng.SuiteRunner.runTest(SuiteRunner.java:377)
org.testng.SuiteRunner.runSequentially(SuiteRunner.java:371)
org.testng.SuiteRunner.privateRun(SuiteRunner.java:332)
org.testng.SuiteRunner.run(SuiteRunner.java:276)
org.testng.SuiteRunnerWorker.runSuite(SuiteRunnerWorker.java:53)
org.testng.SuiteRunnerWorker.run(SuiteRunnerWorker.java:96)
org.testng.TestNG.runSuitesSequentially(TestNG.java:1212)
org.testng.TestNG.runSuitesLocally(TestNG.java:1134)
org.testng.TestNG.runSuites(TestNG.java:1063)
org.testng.TestNG.run(TestNG.java:1031)
org.apache.maven.surefire.testng.TestNGExecutor.run(TestNGExecutor.java:136)
org.apache.maven.surefire.testng.TestNGDirectoryTestSuite.executeMulti(TestNGDirectoryTestSuite.java:193)
org.apache.maven.surefire.testng.TestNGDirectoryTestSuite.execute(TestNGDirectoryTestSuite.java:94)
org.apache.maven.surefire.testng.TestNGProvider.invoke(TestNGProvider.java:145)
org.apache.maven.surefire.booter.ForkedBooter.runSuitesInProcess(ForkedBooter.java:428)
org.apache.maven.surefire.booter.ForkedBooter.execute(ForkedBooter.java:162)
org.apache.maven.surefire.booter.ForkedBooter.run(ForkedBooter.java:562)
org.apache.maven.surefire.booter.ForkedBooter.main(ForkedBooter.java:548)

Caused by: org.openqa.selenium.WebDriverException:
Timed out waiting for driver server to start.
Build info: version: '4.1.0', revision: '87802e897b'
System info: host: 'Mac-1637804813234.local', ip: '10.79.1.52', os.name: 'Mac OS X', os.arch: 'x86_64', os.version: '10.15.7', java.version: '17.0.1'
Driver info: driver.version: SafariDriver
org.openqa.selenium.remote.service.DriverService.start(DriverService.java:227)
org.openqa.selenium.remote.service.DriverCommandExecutor.execute(DriverCommandExecutor.java:95)
org.openqa.selenium.remote.RemoteWebDriver.execute(RemoteWebDriver.java:559)
org.openqa.selenium.remote.RemoteWebDriver.startSession(RemoteWebDriver.java:246)
org.openqa.selenium.remote.RemoteWebDriver.<init>(RemoteWebDriver.java:168)
org.openqa.selenium.safari.SafariDriver.<init>(SafariDriver.java:87)
org.openqa.selenium.safari.SafariDriver.<init>(SafariDriver.java:69)
com.shaft.driver.DriverFactoryHelper.createNewLocalDriverInstanceForSafari(DriverFactoryHelper.java:573)
com.shaft.driver.DriverFactoryHelper.createNewLocalDriverInstance(DriverFactoryHelper.java:596)
com.shaft.driver.DriverFactoryHelper.getDriver(DriverFactoryHelper.java:815)
com.shaft.driver.DriverFactoryHelper.getDriver(DriverFactoryHelper.java:140)
com.shaft.driver.DriverFactory.getDriver(DriverFactory.java:27)
com.shaft.gui.browser.BrowserFactory.getBrowser(BrowserFactory.java:21)
unitTests.tests_browserActions.beforeMethod(tests_browserActions.java:90)
java.base/jdk.internal.reflect.NativeMethodAccessorImpl.invoke0(Native Method)
java.base/jdk.internal.reflect.NativeMethodAccessorImpl.invoke(NativeMethodAccessorImpl.java:77)
java.base/jdk.internal.reflect.DelegatingMethodAccessorImpl.invoke(DelegatingMethodAccessorImpl.java:43)
java.base/java.lang.reflect.Method.invoke(Method.java:568)
org.testng.internal.MethodInvocationHelper.invokeMethod(MethodInvocationHelper.java:133)
org.testng.internal.MethodInvocationHelper.invokeMethodConsideringTimeout(MethodInvocationHelper.java:62)
org.testng.internal.ConfigInvoker.invokeConfigurationMethod(ConfigInvoker.java:385)
org.testng.internal.ConfigInvoker.invokeConfigurations(ConfigInvoker.java:321)
org.testng.internal.TestInvoker.runConfigMethods(TestInvoker.java:700)
org.testng.internal.TestInvoker.invokeMethod(TestInvoker.java:527)
org.testng.internal.TestInvoker.invokeTestMethod(TestInvoker.java:173)
org.testng.internal.MethodRunner.runInSequence(MethodRunner.java:46)
org.testng.internal.TestInvoker$MethodInvocationAgent.invoke(TestInvoker.java:824)
org.testng.internal.TestInvoker.invokeTestMethods(TestInvoker.java:146)
org.testng.internal.TestMethodWorker.invokeTestMethods(TestMethodWorker.java:146)
org.testng.internal.TestMethodWorker.run(TestMethodWorker.java:128)
java.base/java.util.ArrayList.forEach(ArrayList.java:1511)
org.testng.TestRunner.privateRun(TestRunner.java:794)
org.testng.TestRunner.run(TestRunner.java:596)
org.testng.SuiteRunner.runTest(SuiteRunner.java:377)
org.testng.SuiteRunner.runSequentially(SuiteRunner.java:371)
org.testng.SuiteRunner.privateRun(SuiteRunner.java:332)
org.testng.SuiteRunner.run(SuiteRunner.java:276)
org.testng.SuiteRunnerWorker.runSuite(SuiteRunnerWorker.java:53)
org.testng.SuiteRunnerWorker.run(SuiteRunnerWorker.java:96)
org.testng.TestNG.runSuitesSequentially(TestNG.java:1212)
org.testng.TestNG.runSuitesLocally(TestNG.java:1134)
org.testng.TestNG.runSuites(TestNG.java:1063)
org.testng.TestNG.run(TestNG.java:1031)
org.apache.maven.surefire.testng.TestNGExecutor.run(TestNGExecutor.java:136)
org.apache.maven.surefire.testng.TestNGDirectoryTestSuite.executeMulti(TestNGDirectoryTestSuite.java:193)
org.apache.maven.surefire.testng.TestNGDirectoryTestSuite.execute(TestNGDirectoryTestSuite.java:94)
org.apache.maven.surefire.testng.TestNGProvider.invoke(TestNGProvider.java:145)
org.apache.maven.surefire.booter.ForkedBooter.runSuitesInProcess(ForkedBooter.java:428)
org.apache.maven.surefire.booter.ForkedBooter.execute(ForkedBooter.java:162)
org.apache.maven.surefire.booter.ForkedBooter.run(ForkedBooter.java:562)
org.apache.maven.surefire.booter.ForkedBooter.main(ForkedBooter.java:548)

Caused by: java.util.concurrent.ExecutionException:
org.openqa.selenium.WebDriverException: java.lang.RuntimeException: java.net.SocketException: Invalid argument
Build info: version: '4.1.0', revision: '87802e897b'
System info: host: 'Mac-1637804813234.local', ip: '10.79.1.52', os.name: 'Mac OS X', os.arch: 'x86_64', os.version: '10.15.7', java.version: '17.0.1'
Driver info: driver.version: unknown
java.base/java.util.concurrent.CompletableFuture.reportGet(CompletableFuture.java:396)
java.base/java.util.concurrent.CompletableFuture.get(CompletableFuture.java:2096)
org.openqa.selenium.remote.service.DriverService.start(DriverService.java:217)
org.openqa.selenium.remote.service.DriverCommandExecutor.execute(DriverCommandExecutor.java:95)
org.openqa.selenium.remote.RemoteWebDriver.execute(RemoteWebDriver.java:559)
org.openqa.selenium.remote.RemoteWebDriver.startSession(RemoteWebDriver.java:246)
org.openqa.selenium.remote.RemoteWebDriver.<init>(RemoteWebDriver.java:168)
org.openqa.selenium.safari.SafariDriver.<init>(SafariDriver.java:87)
org.openqa.selenium.safari.SafariDriver.<init>(SafariDriver.java:69)
com.shaft.driver.DriverFactoryHelper.createNewLocalDriverInstanceForSafari(DriverFactoryHelper.java:573)
com.shaft.driver.DriverFactoryHelper.createNewLocalDriverInstance(DriverFactoryHelper.java:596)
com.shaft.driver.DriverFactoryHelper.getDriver(DriverFactoryHelper.java:815)
com.shaft.driver.DriverFactoryHelper.getDriver(DriverFactoryHelper.java:140)
com.shaft.driver.DriverFactory.getDriver(DriverFactory.java:27)
com.shaft.gui.browser.BrowserFactory.getBrowser(BrowserFactory.java:21)
unitTests.tests_browserActions.beforeMethod(tests_browserActions.java:90)
java.base/jdk.internal.reflect.NativeMethodAccessorImpl.invoke0(Native Method)
java.base/jdk.internal.reflect.NativeMethodAccessorImpl.invoke(NativeMethodAccessorImpl.java:77)
java.base/jdk.internal.reflect.DelegatingMethodAccessorImpl.invoke(DelegatingMethodAccessorImpl.java:43)
java.base/java.lang.reflect.Method.invoke(Method.java:568)
org.testng.internal.MethodInvocationHelper.invokeMethod(MethodInvocationHelper.java:133)
org.testng.internal.MethodInvocationHelper.invokeMethodConsideringTimeout(MethodInvocationHelper.java:62)
org.testng.internal.ConfigInvoker.invokeConfigurationMethod(ConfigInvoker.java:385)
org.testng.internal.ConfigInvoker.invokeConfigurations(ConfigInvoker.java:321)
org.testng.internal.TestInvoker.runConfigMethods(TestInvoker.java:700)
org.testng.internal.TestInvoker.invokeMethod(TestInvoker.java:527)
org.testng.internal.TestInvoker.invokeTestMethod(TestInvoker.java:173)
org.testng.internal.MethodRunner.runInSequence(MethodRunner.java:46)
org.testng.internal.TestInvoker$MethodInvocationAgent.invoke(TestInvoker.java:824)
org.testng.internal.TestInvoker.invokeTestMethods(TestInvoker.java:146)
org.testng.internal.TestMethodWorker.invokeTestMethods(TestMethodWorker.java:146)
org.testng.internal.TestMethodWorker.run(TestMethodWorker.java:128)
java.base/java.util.ArrayList.forEach(ArrayList.java:1511)
org.testng.TestRunner.privateRun(TestRunner.java:794)
org.testng.TestRunner.run(TestRunner.java:596)
org.testng.SuiteRunner.runTest(SuiteRunner.java:377)
org.testng.SuiteRunner.runSequentially(SuiteRunner.java:371)
org.testng.SuiteRunner.privateRun(SuiteRunner.java:332)
org.testng.SuiteRunner.run(SuiteRunner.java:276)
org.testng.SuiteRunnerWorker.runSuite(SuiteRunnerWorker.java:53)
org.testng.SuiteRunnerWorker.run(SuiteRunnerWorker.java:96)
org.testng.TestNG.runSuitesSequentially(TestNG.java:1212)
org.testng.TestNG.runSuitesLocally(TestNG.java:1134)
org.testng.TestNG.runSuites(TestNG.java:1063)
org.testng.TestNG.run(TestNG.java:1031)
org.apache.maven.surefire.testng.TestNGExecutor.run(TestNGExecutor.java:136)
org.apache.maven.surefire.testng.TestNGDirectoryTestSuite.executeMulti(TestNGDirectoryTestSuite.java:193)
org.apache.maven.surefire.testng.TestNGDirectoryTestSuite.execute(TestNGDirectoryTestSuite.java:94)
org.apache.maven.surefire.testng.TestNGProvider.invoke(TestNGProvider.java:145)
org.apache.maven.surefire.booter.ForkedBooter.runSuitesInProcess(ForkedBooter.java:428)
org.apache.maven.surefire.booter.ForkedBooter.execute(ForkedBooter.java:162)
org.apache.maven.surefire.booter.ForkedBooter.run(ForkedBooter.java:562)
org.apache.maven.surefire.booter.ForkedBooter.main(ForkedBooter.java:548)

Caused by: org.openqa.selenium.WebDriverException:
java.lang.RuntimeException: java.net.SocketException: Invalid argument
Build info: version: '4.1.0', revision: '87802e897b'
System info: host: 'Mac-1637804813234.local', ip: '10.79.1.52', os.name: 'Mac OS X', os.arch: 'x86_64', os.version: '10.15.7', java.version: '17.0.1'
Driver info: driver.version: unknown
org.openqa.selenium.safari.SafariDriverService.waitUntilAvailable(SafariDriverService.java:86)
org.openqa.selenium.remote.service.DriverService.lambda$start$1(DriverService.java:202)
java.base/java.util.concurrent.CompletableFuture$AsyncSupply.run(CompletableFuture.java:1768)
java.base/java.util.concurrent.ThreadPoolExecutor.runWorker(ThreadPoolExecutor.java:1136)
java.base/java.util.concurrent.ThreadPoolExecutor$Worker.run(ThreadPoolExecutor.java:635)
java.base/java.lang.Thread.run(Thread.java:833)

Caused by: java.lang.RuntimeException:
java.net.SocketException: Invalid argument
org.openqa.selenium.net.PortProber.waitForPortUp(PortProber.java:116)
org.openqa.selenium.safari.SafariDriverService.waitUntilAvailable(SafariDriverService.java:84)
org.openqa.selenium.remote.service.DriverService.lambda$start$1(DriverService.java:202)
java.base/java.util.concurrent.CompletableFuture$AsyncSupply.run(CompletableFuture.java:1768)
java.base/java.util.concurrent.ThreadPoolExecutor.runWorker(ThreadPoolExecutor.java:1136)
java.base/java.util.concurrent.ThreadPoolExecutor$Worker.run(ThreadPoolExecutor.java:635)
java.base/java.lang.Thread.run(Thread.java:833)

Caused by: java.net.SocketException:
Invalid argument
java.base/sun.nio.ch.Net.connect0(Native Method)
java.base/sun.nio.ch.Net.connect(Net.java:579)
java.base/sun.nio.ch.Net.connect(Net.java:568)
java.base/sun.nio.ch.NioSocketImpl.connect(NioSocketImpl.java:588)
java.base/java.net.SocksSocketImpl.connect(SocksSocketImpl.java:327)
java.base/java.net.Socket.connect(Socket.java:633)
org.openqa.selenium.net.PortProber.waitForPortUp(PortProber.java:111)
org.openqa.selenium.safari.SafariDriverService.waitUntilAvailable(SafariDriverService.java:84)
org.openqa.selenium.remote.service.DriverService.lambda$start$1(DriverService.java:202)
java.base/java.util.concurrent.CompletableFuture$AsyncSupply.run(CompletableFuture.java:1768)
java.base/java.util.concurrent.ThreadPoolExecutor.runWorker(ThreadPoolExecutor.java:1136)
java.base/java.util.concurrent.ThreadPoolExecutor$Worker.run(ThreadPoolExecutor.java:635)
java.base/java.lang.Thread.run(Thread.java:833)
