################################################################################################################################################
Detected SHAFT Engine Version: [SHAFT Engine v5.4.20211030-BETA]
################################################################################################################################################
[ReportManager] File Action [GetAbsolutePath] successfully performed. With the following test data [Relative Folder Path: "target/downloadedFiles/"]. @02-11-2021 13:53:08.0189 PM
[ReportManager] Attempting to run locally on: [Mac-64], [Safari], Headless Execution. @02-11-2021 13:53:08.0207 PM
[ReportManager] Successfully Opened Safari. @02-11-2021 13:53:12.0918 PM
[ReportManager] Initial window size: (800, 600) @02-11-2021 13:53:12.0940 PM
[ReportManager] Window size after SWD Maximize: (1176, 810) @02-11-2021 13:53:12.0978 PM
[ReportManager] Browser Action [MaximizeWindow] successfully performed. With the following test data [New screen size is now: (1176, 810)]. @02-11-2021 13:53:12.0979 P

################################################################################################################################################
Starting Execution:	[1 out of 144] test cases in the current suite
Test Method:		[unitTests.tests_element_elementActions.waitForElementToBePresent_false_expectedToFail]
################################################################################################################################################
[ReportManager] Target URL: [https://www.google.com/ncr], and after redirection: [www.google.com] @02-11-2021 13:53:13.0149 PM
[ReportManager] Initial URL: [] @02-11-2021 13:53:13.0213 PM
[ReportManager] Browser Action [NavigateToURL] successfully performed. With the following test data [https://www.google.com/ncr]. @02-11-2021 13:53:14.0440 PM
[ReportManager] Waiting for element to be present; elementLocator [By.xpath: //*[@id='hplogo' or @alt='Google']], numberOfTries[1], stateOfPresence[false]... @02-11-2021 13:53:14.0449 PM
[ReportManager] Element Action [WaitForElementToBePresent] failed. With the following test data [waited for the element's state of presence to be (false). Element locator (By.xpath: //*[@id='hplogo' or @alt='Google'])]. @02-11-2021 13:53:17.0368 PM
[ReportManager] Successfully created attachment [Screenshot - 1635861194599_waitForElementToBePresent_false_expectedToFail_WaitForElementToBePresent_failed] @02-11-2021 13:53:17.0385 P
[ReportManager] Browser Action [CloseCurrentWindow] successfully performed. @02-11-2021 13:53:17.0577 PM
[ReportManager] Successfully created attachment [Browser Action Test Data - CloseCurrentWindow - Actual Value] @02-11-2021 13:53:17.0578 P
[ReportManager] File Action [GetAbsolutePath] successfully performed. With the following test data [Relative Folder Path: "target/downloadedFiles/"]. @02-11-2021 13:53:17.0593 PM
[ReportManager] Attempting to run locally on: [Mac-64], [Safari], Headless Execution. @02-11-2021 13:53:17.0593 PM
[ReportManager] Successfully Opened Safari. @02-11-2021 13:53:18.0453 PM
[ReportManager] Initial window size: (800, 600) @02-11-2021 13:53:18.0476 PM
[ReportManager] Window size after SWD Maximize: (1176, 811) @02-11-2021 13:53:18.0510 PM
[ReportManager] Browser Action [MaximizeWindow] successfully performed. With the following test data [New screen size is now: (1176, 811)]. @02-11-2021 13:53:18.0510 P

################################################################################################################################################
Starting Execution:	[2 out of 144] test cases in the current suite
Test Method:		[unitTests.tests_element_elementActions.waitForElementToBePresent_false_expectedToPass]
################################################################################################################################################
[ReportManager] Target URL: [https://www.google.com/ncr], and after redirection: [www.google.com] @02-11-2021 13:53:18.0516 PM
[ReportManager] Initial URL: [] @02-11-2021 13:53:18.0562 PM
[ReportManager] Browser Action [NavigateToURL] successfully performed. With the following test data [https://www.google.com/ncr]. @02-11-2021 13:53:19.0564 PM
[ReportManager] Waiting for element to be present; elementLocator [By.id: bla], numberOfTries[1], stateOfPresence[false]... @02-11-2021 13:53:19.0564 P
[ReportManager] Browser Action [CloseCurrentWindow] successfully performed. @02-11-2021 13:53:19.0673 PM
[ReportManager] Successfully created attachment [Browser Action Test Data - CloseCurrentWindow - Actual Value] @02-11-2021 13:53:19.0674 P
[ReportManager] File Action [GetAbsolutePath] successfully performed. With the following test data [Relative Folder Path: "target/downloadedFiles/"]. @02-11-2021 13:53:19.0682 PM
[ReportManager] Attempting to run locally on: [Mac-64], [Safari], Headless Execution. @02-11-2021 13:53:19.0683 PM
[ReportManager] Successfully Opened Safari. @02-11-2021 13:53:20.0520 PM
[ReportManager] Initial window size: (800, 600) @02-11-2021 13:53:20.0542 PM
[ReportManager] Window size after SWD Maximize: (1176, 811) @02-11-2021 13:53:20.0567 PM
[ReportManager] Browser Action [MaximizeWindow] successfully performed. With the following test data [New screen size is now: (1176, 811)]. @02-11-2021 13:53:20.0567 P

################################################################################################################################################
Starting Execution:	[3 out of 144] test cases in the current suite
Test Method:		[unitTests.tests_element_elementActions.waitForElementToBePresent_moreThanOneElement_expectedToFail]
################################################################################################################################################
[ReportManager] Target URL: [https://www.google.com/ncr], and after redirection: [www.google.com] @02-11-2021 13:53:20.0571 PM
[ReportManager] Initial URL: [] @02-11-2021 13:53:20.0650 PM
[ReportManager] Browser Action [NavigateToURL] successfully performed. With the following test data [https://www.google.com/ncr]. @02-11-2021 13:53:21.0439 PM
[ReportManager] Waiting for element to be present; elementLocator [By.xpath: //*], numberOfTries[1], stateOfPresence[false]... @02-11-2021 13:53:21.0439 PM
[ReportManager] Element Action [WaitForElementToBePresent] failed. With the following test data [waited for the element's state of presence to be (false). Element locator (By.xpath: //*)]. @02-11-2021 13:53:21.0759 PM
[ReportManager] Successfully created attachment [Screenshot - 1635861201586_waitForElementToBePresent_moreThanOneElement_expectedToFail_WaitForElementToBePresent_failed] @02-11-2021 13:53:21.0764 P
[ReportManager] Browser Action [CloseCurrentWindow] successfully performed. @02-11-2021 13:53:21.0851 PM
[ReportManager] Successfully created attachment [Browser Action Test Data - CloseCurrentWindow - Actual Value] @02-11-2021 13:53:21.0852 P
[ReportManager] File Action [GetAbsolutePath] successfully performed. With the following test data [Relative Folder Path: "target/downloadedFiles/"]. @02-11-2021 13:53:21.0859 PM
[ReportManager] Attempting to run locally on: [Mac-64], [Safari], Headless Execution. @02-11-2021 13:53:21.0859 PM
[ReportManager] Successfully Opened Safari. @02-11-2021 13:53:22.0674 PM
[ReportManager] Initial window size: (800, 600) @02-11-2021 13:53:22.0687 PM
[ReportManager] Window size after SWD Maximize: (1176, 811) @02-11-2021 13:53:22.0706 PM
[ReportManager] Browser Action [MaximizeWindow] successfully performed. With the following test data [New screen size is now: (1176, 811)]. @02-11-2021 13:53:22.0707 P

################################################################################################################################################
Starting Execution:	[4 out of 144] test cases in the current suite
Test Method:		[unitTests.tests_element_elementActions.waitForElementToBePresent_true_expectedToFail]
################################################################################################################################################
[ReportManager] Target URL: [https://www.google.com/ncr], and after redirection: [www.google.com] @02-11-2021 13:53:22.0710 PM
[ReportManager] Initial URL: [] @02-11-2021 13:53:22.0784 PM
[ReportManager] Browser Action [NavigateToURL] successfully performed. With the following test data [https://www.google.com/ncr]. @02-11-2021 13:53:23.0623 PM
[ReportManager] Waiting for element to be present; elementLocator [By.id: bla], numberOfTries[1], stateOfPresence[true]... @02-11-2021 13:53:23.0624 P
[ReportManager] Browser Action [CloseCurrentWindow] successfully performed. @02-11-2021 13:53:23.0948 PM
[ReportManager] Successfully created attachment [Browser Action Test Data - CloseCurrentWindow - Actual Value] @02-11-2021 13:53:23.0949 P
[ReportManager] File Action [GetAbsolutePath] successfully performed. With the following test data [Relative Folder Path: "target/downloadedFiles/"]. @02-11-2021 13:53:23.0953 PM
[ReportManager] Attempting to run locally on: [Mac-64], [Safari], Headless Execution. @02-11-2021 13:53:23.0954 PM
[ReportManager] Successfully Opened Safari. @02-11-2021 13:53:24.0876 PM
[ReportManager] Initial window size: (800, 600) @02-11-2021 13:53:24.0884 PM
[ReportManager] Window size after SWD Maximize: (1176, 811) @02-11-2021 13:53:24.0919 PM
[ReportManager] Browser Action [MaximizeWindow] successfully performed. With the following test data [New screen size is now: (1176, 811)]. @02-11-2021 13:53:24.0919 P

################################################################################################################################################
Starting Execution:	[5 out of 144] test cases in the current suite
Test Method:		[unitTests.tests_element_elementActions.waitForElementToBePresent_true_expectedToPass]
################################################################################################################################################
[ReportManager] Target URL: [https://www.google.com/ncr], and after redirection: [www.google.com] @02-11-2021 13:53:24.0924 PM
[ReportManager] Initial URL: [] @02-11-2021 13:53:24.0975 PM
[ReportManager] Browser Action [NavigateToURL] successfully performed. With the following test data [https://www.google.com/ncr]. @02-11-2021 13:53:26.0394 PM
[ReportManager] Waiting for element to be present; elementLocator [By.xpath: //*[@id='hplogo' or @alt='Google']], numberOfTries[1], stateOfPresence[true]... @02-11-2021 13:53:26.0394 PM
[ReportManager] Element Action [WaitForElementToBePresent] successfully performed. With the following test data [waited for the element's state of presence to be (true). Element locator (By.xpath: //*[@id='hplogo' or @alt='Google'])]. @02-11-2021 13:53:26.0423 PM
[ReportManager] File Action [DoesFileExist] successfully performed. With the following test data [File Path: "src/test/resources/DynamicObjectRepository/unitTests_tests_element_elementActions_waitForElementToBePresent_true_expectedToPass_By_xpath_id_hplogo_or_alt_Google.png"]. @02-11-2021 13:53:26.0447 PM
[ReportManager] File Action [DoesFileExist] successfully performed. With the following test data [File Path: "src/test/resources/DynamicObjectRepository/unitTests_tests_element_elementActions_waitForElementToBePresent_true_expectedToPass_By_xpath_id_hplogo_or_alt_Google.png"]. @02-11-2021 13:53:26.0547 PM
[ReportManager] Passing the test and saving a reference image @02-11-2021 13:53:26.0547 PM
[ReportManager] File Action [GetAbsolutePath] successfully performed. With the following test data [Relative File Path: "src/test/resources/DynamicObjectRepository/unitTests_tests_element_elementActions_waitForElementToBePresent_true_expectedToPass_By_xpath_id_hplogo_or_alt_Google.png"]. @02-11-2021 13:53:26.0547 PM
[ReportManager] File Action [WriteToFile] successfully performed. With the following test data [Target File Path: "/Users/runner/work/SHAFT_ENGINE/SHAFT_ENGINE/src/test/resources/DynamicObjectRepository/unitTests_tests_element_elementActions_waitForElementToBePresent_true_expectedToPass_By_xpath_id_hplogo_or_alt_Google.png"]. @02-11-2021 13:53:26.0551 PM
[ReportManager] Assertion Passed: Using Visual AI; OpenCV @02-11-2021 13:53:26.0553 PM
[ReportManager] Successfully created attachment [Validation Test Data - Actual Screenshot] @02-11-2021 13:53:26.0554 PM
[ReportManager] Assertion [ValidateElementMatches] PASSED. Expected [Element should match the reference screenshot] and Actual [TRUE]. Comparison Type [EXACT_OPENCV]. Validation Type [POSITIVE]. @02-11-2021 13:53:26.0554 P
[ReportManager] Browser Action [CloseCurrentWindow] successfully performed. @02-11-2021 13:53:26.0642 PM
[ReportManager] Successfully created attachment [Browser Action Test Data - CloseCurrentWindow - Actual Value] @02-11-2021 13:53:26.0643 P
[ReportManager] File Action [GetAbsolutePath] successfully performed. With the following test data [Relative Folder Path: "target/downloadedFiles/"]. @02-11-2021 13:53:26.0652 PM
[ReportManager] Attempting to run locally on: [Mac-64], [Safari], Headless Execution. @02-11-2021 13:53:26.0653 PM
[ReportManager] Successfully Opened Safari. @02-11-2021 13:53:27.0709 PM
[ReportManager] Initial window size: (800, 600) @02-11-2021 13:53:27.0720 PM
[ReportManager] Window size after SWD Maximize: (1176, 811) @02-11-2021 13:53:27.0751 PM
[ReportManager] Browser Action [MaximizeWindow] successfully performed. With the following test data [New screen size is now: (1176, 811)]. @02-11-2021 13:53:27.0751 PM
[ReportManager] Target URL: [https://duckduckgo.com] @02-11-2021 13:53:27.0752 PM
[ReportManager] Initial URL: [] @02-11-2021 13:53:27.0802 PM
[ReportManager] Browser Action [NavigateToURL] successfully performed. With the following test data [https://duckduckgo.com]. @02-11-2021 13:53:28.0669 P

################################################################################################################################################
Starting Execution:	[6 out of 144] test cases in the current suite
Test Method:		[unitTests.tests_browserActions.fullScreenWindow]
################################################################################################################################################
[ReportManager] Initial Windows Size: 1176x811 @02-11-2021 13:53:28.0679 PM
[ReportManager] Current Windows Size after fullScreen: 1176x885 @02-11-2021 13:53:28.0895 PM
[ReportManager] Browser Action [FullScreenWindow] successfully performed. @02-11-2021 13:53:28.0906 PM
[ReportManager] Successfully created attachment [Browser Action Test Data - FullScreenWindow - Actual Value] @02-11-2021 13:53:28.0916 P
[ReportManager] Target URL: [https://duckduckgo.com] @02-11-2021 13:53:28.0927 PM
[ReportManager] Initial URL: [https://duckduckgo.com] @02-11-2021 13:53:28.0997 PM
[ReportManager] Browser Action [NavigateToURL] successfully performed. With the following test data [https://duckduckgo.com]. @02-11-2021 13:53:29.0456 PM
[ReportManager] Browser Action [CloseCurrentWindow] successfully performed. @02-11-2021 13:53:29.0548 PM
[ReportManager] Successfully created attachment [Browser Action Test Data - CloseCurrentWindow - Actual Value] @02-11-2021 13:53:29.0550 P
[ReportManager] File Action [GetAbsolutePath] successfully performed. With the following test data [Relative Folder Path: "target/downloadedFiles/"]. @02-11-2021 13:53:29.0555 PM
[ReportManager] Attempting to run locally on: [Mac-64], [Safari], Headless Execution. @02-11-2021 13:53:29.0555 PM
[ReportManager] Successfully Opened Safari. @02-11-2021 13:53:30.0393 PM
[ReportManager] Initial window size: (800, 600) @02-11-2021 13:53:30.0399 PM
[ReportManager] Window size after SWD Maximize: (1176, 811) @02-11-2021 13:53:30.0424 PM
[ReportManager] Browser Action [MaximizeWindow] successfully performed. With the following test data [New screen size is now: (1176, 811)]. @02-11-2021 13:53:30.0424 PM
[ReportManager] Target URL: [https://duckduckgo.com] @02-11-2021 13:53:30.0424 PM
[ReportManager] Initial URL: [] @02-11-2021 13:53:30.0479 PM
[ReportManager] Browser Action [NavigateToURL] successfully performed. With the following test data [https://duckduckgo.com]. @02-11-2021 13:53:31.0307 P

################################################################################################################################################
Starting Execution:	[7 out of 144] test cases in the current suite
Test Method:		[unitTests.tests_browserActions.getCurrentURL]
################################################################################################################################################
[ReportManager] Browser Action [GetCurrentURL] successfully performed. With the following test data [https://duckduckgo.com/]. @02-11-2021 13:53:31.0337 P
[ReportManager] Target URL: [https://duckduckgo.com] @02-11-2021 13:53:31.0340 PM
[ReportManager] Initial URL: [https://duckduckgo.com] @02-11-2021 13:53:31.0406 PM
[ReportManager] Browser Action [NavigateToURL] successfully performed. With the following test data [https://duckduckgo.com]. @02-11-2021 13:53:31.0754 PM
[ReportManager] Browser Action [CloseCurrentWindow] successfully performed. @02-11-2021 13:53:31.0888 PM
[ReportManager] Successfully created attachment [Browser Action Test Data - CloseCurrentWindow - Actual Value] @02-11-2021 13:53:31.0889 P
[ReportManager] File Action [GetAbsolutePath] successfully performed. With the following test data [Relative Folder Path: "target/downloadedFiles/"]. @02-11-2021 13:53:31.0892 PM
[ReportManager] Attempting to run locally on: [Mac-64], [Safari], Headless Execution. @02-11-2021 13:53:31.0893 PM
[ReportManager] Successfully Opened Safari. @02-11-2021 13:53:32.0710 PM
[ReportManager] Initial window size: (800, 600) @02-11-2021 13:53:32.0716 PM
[ReportManager] Window size after SWD Maximize: (1176, 811) @02-11-2021 13:53:32.0739 PM
[ReportManager] Browser Action [MaximizeWindow] successfully performed. With the following test data [New screen size is now: (1176, 811)]. @02-11-2021 13:53:32.0740 PM
[ReportManager] Target URL: [https://duckduckgo.com] @02-11-2021 13:53:32.0740 PM
[ReportManager] Initial URL: [] @02-11-2021 13:53:32.0808 PM
[ReportManager] Browser Action [NavigateToURL] successfully performed. With the following test data [https://duckduckgo.com]. @02-11-2021 13:53:33.0487 P

################################################################################################################################################
Starting Execution:	[8 out of 144] test cases in the current suite
Test Method:		[unitTests.tests_browserActions.getCurrentWindowTitle]
################################################################################################################################################
[ReportManager] Browser Action [GetCurrentWindowTitle] successfully performed. With the following test data [DuckDuckGo â€” Privacy, simplified.]. @02-11-2021 13:53:33.0517 P
[ReportManager] Target URL: [https://duckduckgo.com] @02-11-2021 13:53:33.0520 PM
[ReportManager] Initial URL: [https://duckduckgo.com] @02-11-2021 13:53:33.0552 PM
[ReportManager] Browser Action [NavigateToURL] successfully performed. With the following test data [https://duckduckgo.com]. @02-11-2021 13:53:33.0890 PM
[ReportManager] Browser Action [CloseCurrentWindow] successfully performed. @02-11-2021 13:53:34.0118 PM
[ReportManager] Successfully created attachment [Browser Action Test Data - CloseCurrentWindow - Actual Value] @02-11-2021 13:53:34.0120 P
[ReportManager] File Action [GetAbsolutePath] successfully performed. With the following test data [Relative Folder Path: "target/downloadedFiles/"]. @02-11-2021 13:53:34.0128 PM
[ReportManager] Attempting to run locally on: [Mac-64], [Safari], Headless Execution. @02-11-2021 13:53:34.0129 PM
[ReportManager] Successfully Opened Safari. @02-11-2021 13:53:35.0009 PM
[ReportManager] Initial window size: (800, 600) @02-11-2021 13:53:35.0020 PM
[ReportManager] Window size after SWD Maximize: (1176, 811) @02-11-2021 13:53:35.0040 PM
[ReportManager] Browser Action [MaximizeWindow] successfully performed. With the following test data [New screen size is now: (1176, 811)]. @02-11-2021 13:53:35.0041 PM
[ReportManager] Target URL: [https://duckduckgo.com] @02-11-2021 13:53:35.0041 PM
[ReportManager] Initial URL: [] @02-11-2021 13:53:35.0119 PM
[ReportManager] Browser Action [NavigateToURL] successfully performed. With the following test data [https://duckduckgo.com]. @02-11-2021 13:53:35.0845 P

################################################################################################################################################
Starting Execution:	[9 out of 144] test cases in the current suite
Test Method:		[unitTests.tests_browserActions.getPageSource]
################################################################################################################################################
[ReportManager] Browser Action [GetPageSource] successfully performed. @02-11-2021 13:53:35.0881 PM
[ReportManager] Successfully created attachment [Browser Action Test Data - GetPageSource - Actual Value] @02-11-2021 13:53:35.0882 P
[ReportManager] Target URL: [https://duckduckgo.com] @02-11-2021 13:53:35.0885 PM
[ReportManager] Initial URL: [https://duckduckgo.com] @02-11-2021 13:53:35.0917 PM
[ReportManager] Browser Action [NavigateToURL] successfully performed. With the following test data [https://duckduckgo.com]. @02-11-2021 13:53:36.0292 PM
[ReportManager] Browser Action [CloseCurrentWindow] successfully performed. @02-11-2021 13:53:36.0432 PM
[ReportManager] Successfully created attachment [Browser Action Test Data - CloseCurrentWindow - Actual Value] @02-11-2021 13:53:36.0433 P
[ReportManager] File Action [GetAbsolutePath] successfully performed. With the following test data [Relative Folder Path: "target/downloadedFiles/"]. @02-11-2021 13:53:36.0436 PM
[ReportManager] Attempting to run locally on: [Mac-64], [Safari], Headless Execution. @02-11-2021 13:53:36.0436 PM
[ReportManager] Successfully Opened Safari. @02-11-2021 13:53:37.0264 PM
[ReportManager] Initial window size: (800, 600) @02-11-2021 13:53:37.0284 PM
[ReportManager] Window size after SWD Maximize: (1176, 811) @02-11-2021 13:53:37.0324 PM
[ReportManager] Browser Action [MaximizeWindow] successfully performed. With the following test data [New screen size is now: (1176, 811)]. @02-11-2021 13:53:37.0324 PM
[ReportManager] Target URL: [https://duckduckgo.com] @02-11-2021 13:53:37.0324 PM
[ReportManager] Initial URL: [] @02-11-2021 13:53:37.0395 PM
[ReportManager] Browser Action [NavigateToURL] successfully performed. With the following test data [https://duckduckgo.com]. @02-11-2021 13:53:38.0114 P

################################################################################################################################################
Starting Execution:	[10 out of 144] test cases in the current suite
Test Method:		[unitTests.tests_browserActions.getWindowHandle]
################################################################################################################################################
[ReportManager] Browser Action [GetWindowHandle] successfully performed. With the following test data [page-40D558EE-35D8-4BD2-9933-4DB65B24701F]. @02-11-2021 13:53:38.0148 P
[ReportManager] Target URL: [https://duckduckgo.com] @02-11-2021 13:53:38.0151 PM
[ReportManager] Initial URL: [https://duckduckgo.com] @02-11-2021 13:53:38.0183 PM
[ReportManager] Browser Action [NavigateToURL] successfully performed. With the following test data [https://duckduckgo.com]. @02-11-2021 13:53:38.0511 PM
[ReportManager] Browser Action [CloseCurrentWindow] successfully performed. @02-11-2021 13:53:38.0746 PM
[ReportManager] Successfully created attachment [Browser Action Test Data - CloseCurrentWindow - Actual Value] @02-11-2021 13:53:38.0746 P
[ReportManager] File Action [GetAbsolutePath] successfully performed. With the following test data [Relative Folder Path: "target/downloadedFiles/"]. @02-11-2021 13:53:38.0750 PM
[ReportManager] Attempting to run locally on: [Mac-64], [Safari], Headless Execution. @02-11-2021 13:53:38.0750 PM
[ReportManager] Successfully Opened Safari. @02-11-2021 13:53:39.0591 PM
[ReportManager] Initial window size: (800, 600) @02-11-2021 13:53:39.0601 PM
[ReportManager] Window size after SWD Maximize: (1176, 811) @02-11-2021 13:53:39.0630 PM
[ReportManager] Browser Action [MaximizeWindow] successfully performed. With the following test data [New screen size is now: (1176, 811)]. @02-11-2021 13:53:39.0631 PM
[ReportManager] Target URL: [https://duckduckgo.com] @02-11-2021 13:53:39.0631 PM
[ReportManager] Initial URL: [] @02-11-2021 13:53:39.0688 PM
[ReportManager] Browser Action [NavigateToURL] successfully performed. With the following test data [https://duckduckgo.com]. @02-11-2021 13:53:40.0403 P

################################################################################################################################################
Starting Execution:	[11 out of 144] test cases in the current suite
Test Method:		[unitTests.tests_browserActions.getWindowPosition]
################################################################################################################################################
[ReportManager] Browser Action [GetWindowPosition] successfully performed. With the following test data [(0, 23)]. @02-11-2021 13:53:40.0437 P
[ReportManager] Target URL: [https://duckduckgo.com] @02-11-2021 13:53:40.0440 PM
[ReportManager] Initial URL: [https://duckduckgo.com] @02-11-2021 13:53:40.0476 PM
[ReportManager] Browser Action [NavigateToURL] successfully performed. With the following test data [https://duckduckgo.com]. @02-11-2021 13:53:40.0826 PM
[ReportManager] Browser Action [CloseCurrentWindow] successfully performed. @02-11-2021 13:53:41.0049 PM
[ReportManager] Successfully created attachment [Browser Action Test Data - CloseCurrentWindow - Actual Value] @02-11-2021 13:53:41.0055 P
[ReportManager] File Action [GetAbsolutePath] successfully performed. With the following test data [Relative Folder Path: "target/downloadedFiles/"]. @02-11-2021 13:53:41.0058 PM
[ReportManager] Attempting to run locally on: [Mac-64], [Safari], Headless Execution. @02-11-2021 13:53:41.0058 PM
[ReportManager] Successfully Opened Safari. @02-11-2021 13:53:41.0957 PM
[ReportManager] Initial window size: (800, 600) @02-11-2021 13:53:41.0964 PM
[ReportManager] Window size after SWD Maximize: (1176, 811) @02-11-2021 13:53:41.0986 PM
[ReportManager] Browser Action [MaximizeWindow] successfully performed. With the following test data [New screen size is now: (1176, 811)]. @02-11-2021 13:53:41.0986 PM
[ReportManager] Target URL: [https://duckduckgo.com] @02-11-2021 13:53:41.0987 PM
[ReportManager] Initial URL: [] @02-11-2021 13:53:42.0050 PM
[ReportManager] Browser Action [NavigateToURL] successfully performed. With the following test data [https://duckduckgo.com]. @02-11-2021 13:53:42.0729 P

################################################################################################################################################
Starting Execution:	[12 out of 144] test cases in the current suite
Test Method:		[unitTests.tests_browserActions.getWindowSize]
################################################################################################################################################
[ReportManager] Browser Action [GetWindowSize] successfully performed. With the following test data [(1176, 811)]. @02-11-2021 13:53:42.0775 P
[ReportManager] Target URL: [https://duckduckgo.com] @02-11-2021 13:53:42.0777 PM
[ReportManager] Initial URL: [https://duckduckgo.com] @02-11-2021 13:53:42.0815 PM
[ReportManager] Browser Action [NavigateToURL] successfully performed. With the following test data [https://duckduckgo.com]. @02-11-2021 13:53:43.0146 PM
[ReportManager] Browser Action [CloseCurrentWindow] successfully performed. @02-11-2021 13:53:43.0376 PM
[ReportManager] Successfully created attachment [Browser Action Test Data - CloseCurrentWindow - Actual Value] @02-11-2021 13:53:43.0377 P
[ReportManager] File Action [GetAbsolutePath] successfully performed. With the following test data [Relative Folder Path: "target/downloadedFiles/"]. @02-11-2021 13:53:43.0380 PM
[ReportManager] Attempting to run locally on: [Mac-64], [Safari], Headless Execution. @02-11-2021 13:53:43.0380 P

################################################################################################################################################
Starting Execution:	[13 out of 144] test cases in the current suite
Test Method:		[unitTests.tests_browserActions.maximizeWindow]
###############################################################################################################################################



################################################################################################################################################
Starting Execution:	[14 out of 144] test cases in the current suite
Test Method:		[unitTests.tests_browserActions.navigateBack]
###############################################################################################################################################



################################################################################################################################################
Starting Execution:	[15 out of 144] test cases in the current suite
Test Method:		[unitTests.tests_browserActions.navigateForward]
###############################################################################################################################################



################################################################################################################################################
Starting Execution:	[16 out of 144] test cases in the current suite
Test Method:		[unitTests.tests_browserActions.navigateToURL]
###############################################################################################################################################



################################################################################################################################################
Starting Execution:	[17 out of 144] test cases in the current suite
Test Method:		[unitTests.tests_browserActions.navigateToURLWithRedirection]
###############################################################################################################################################



################################################################################################################################################
Starting Execution:	[18 out of 144] test cases in the current suite
Test Method:		[unitTests.tests_browserActions.refreshCurrentPage]
###############################################################################################################################################



################################################################################################################################################
Starting Execution:	[19 out of 144] test cases in the current suite
Test Method:		[unitTests.tests_browserActions.setWindowSize]
###############################################################################################################################################

[ReportManager] Successfully loaded the following test data file [src/test/resources/TestDataFiles/testSuite01/TestData.xlsx]. @02-11-2021 13:53:44.0429 PM
[ReportManager] Successfully created attachment [Test Data - Excel] @02-11-2021 13:53:44.0429 P

################################################################################################################################################
Starting Execution:	[20 out of 144] test cases in the current suite
Test Method:		[unitTests.tests_io_excelFileManager.getCellData_rowName_expectedToPass]
################################################################################################################################################
[ReportManager] testRowData. @02-11-2021 13:53:44.0441 P

################################################################################################################################################
Starting Execution:	[21 out of 144] test cases in the current suite
Test Method:		[unitTests.tests_validations_assertions.assertComparativeRelation_greaterThanOrEquals_false_equals_expectedToFail]
################################################################################################################################################
[ReportManager] Assertion [ValidateComparativeRelation] FAILED. Expected [1] and Actual [1]. Comparison Type [GREATER_THAN_OR_EQUALS]. Validation Type [NEGATIVE]. @02-11-2021 13:53:44.0448 P

################################################################################################################################################
Starting Execution:	[22 out of 144] test cases in the current suite
Test Method:		[unitTests.tests_validations_assertions.assertComparativeRelation_greaterThanOrEquals_false_equals_expectedToPass]
################################################################################################################################################
[ReportManager] Assertion [ValidateComparativeRelation] PASSED. Expected [2] and Actual [1]. Comparison Type [GREATER_THAN_OR_EQUALS]. Validation Type [NEGATIVE]. @02-11-2021 13:53:44.0452 P

################################################################################################################################################
Starting Execution:	[23 out of 144] test cases in the current suite
Test Method:		[unitTests.tests_validations_assertions.assertComparativeRelation_greaterThanOrEquals_false_greaterThan_expectedToFail]
################################################################################################################################################
[ReportManager] Assertion [ValidateComparativeRelation] FAILED. Expected [1] and Actual [2]. Comparison Type [GREATER_THAN_OR_EQUALS]. Validation Type [NEGATIVE]. @02-11-2021 13:53:44.0456 P

################################################################################################################################################
Starting Execution:	[24 out of 144] test cases in the current suite
Test Method:		[unitTests.tests_validations_assertions.assertComparativeRelation_greaterThanOrEquals_false_greaterThan_expectedToPass]
################################################################################################################################################
[ReportManager] Assertion [ValidateComparativeRelation] PASSED. Expected [2] and Actual [1]. Comparison Type [GREATER_THAN_OR_EQUALS]. Validation Type [NEGATIVE]. @02-11-2021 13:53:44.0460 P

################################################################################################################################################
Starting Execution:	[25 out of 144] test cases in the current suite
Test Method:		[unitTests.tests_validations_assertions.assertComparativeRelation_greaterThanOrEquals_true_equals_expectedToFail]
################################################################################################################################################
[ReportManager] Assertion [ValidateComparativeRelation] FAILED. Expected [1] and Actual [0]. Comparison Type [GREATER_THAN_OR_EQUALS]. Validation Type [POSITIVE]. @02-11-2021 13:53:44.0464 P

################################################################################################################################################
Starting Execution:	[26 out of 144] test cases in the current suite
Test Method:		[unitTests.tests_validations_assertions.assertComparativeRelation_greaterThanOrEquals_true_equals_expectedToPass]
################################################################################################################################################
[ReportManager] Assertion [ValidateComparativeRelation] PASSED. Expected [1] and Actual [1]. Comparison Type [GREATER_THAN_OR_EQUALS]. Validation Type [POSITIVE]. @02-11-2021 13:53:44.0468 P

################################################################################################################################################
Starting Execution:	[27 out of 144] test cases in the current suite
Test Method:		[unitTests.tests_validations_assertions.assertComparativeRelation_greaterThanOrEquals_true_greaterThan_expectedToFail]
################################################################################################################################################
[ReportManager] Assertion [ValidateComparativeRelation] FAILED. Expected [2] and Actual [1]. Comparison Type [GREATER_THAN_OR_EQUALS]. Validation Type [POSITIVE]. @02-11-2021 13:53:44.0472 P

################################################################################################################################################
Starting Execution:	[28 out of 144] test cases in the current suite
Test Method:		[unitTests.tests_validations_assertions.assertComparativeRelation_greaterThanOrEquals_true_greaterThan_expectedToPass]
################################################################################################################################################
[ReportManager] Assertion [ValidateComparativeRelation] PASSED. Expected [1] and Actual [2]. Comparison Type [GREATER_THAN_OR_EQUALS]. Validation Type [POSITIVE]. @02-11-2021 13:53:44.0478 P
[ReportManager] File Action [GetAbsolutePath] successfully performed. With the following test data [Relative Folder Path: "target/downloadedFiles/"]. @02-11-2021 13:53:44.0481 PM
[ReportManager] Attempting to run locally on: [Mac-64], [Safari], Headless Execution. @02-11-2021 13:53:44.0481 PM
[ReportManager] Successfully Opened Safari. @02-11-2021 13:53:45.0272 PM
[ReportManager] Initial window size: (800, 600) @02-11-2021 13:53:45.0301 PM
[ReportManager] Window size after SWD Maximize: (1176, 811) @02-11-2021 13:53:45.0324 PM
[ReportManager] Browser Action [MaximizeWindow] successfully performed. With the following test data [New screen size is now: (1176, 811)]. @02-11-2021 13:53:45.0324 PM
[ReportManager] Target URL: [https://www.google.com/ncr], and after redirection: [www.google.com] @02-11-2021 13:53:45.0324 PM
[ReportManager] Initial URL: [] @02-11-2021 13:53:45.0384 PM
[ReportManager] Browser Action [NavigateToURL] successfully performed. With the following test data [https://www.google.com/ncr]. @02-11-2021 13:53:46.0342 P

################################################################################################################################################
Starting Execution:	[29 out of 144] test cases in the current suite
Test Method:		[unitTests.tests_validations_assertions.assertElementAttribute_false_caseInsensitiveComparison_expectedToFail]
################################################################################################################################################
[ReportManager] Element Action [Type] successfully performed. With the following test data [AUTOMATION]. @02-11-2021 13:53:46.0877 PM
[ReportManager] Element Action [GetText] successfully performed. With the following test data [AUTOMATION]. @02-11-2021 13:53:46.0942 PM
[ReportManager] Loaded Shared OpenCV @02-11-2021 13:53:48.0102 PM
[ReportManager] Assertion [ValidateElementAttribute] FAILED. Expected [Value Should not be 'AutomaTion' for the 'text' attribute, element locator 'By.name: q'] and Actual [AUTOMATION]. Comparison Type [CASE_INSENSITIVE]. Validation Type [NEGATIVE]. @02-11-2021 13:53:48.0576 PM
[ReportManager] Successfully created attachment [Screenshot - 1635861227016_assertElementAttribute_false_caseInsensitiveComparison_expectedToFail_ValidateElementAttribute_failed] @02-11-2021 13:53:48.0582 P
[ReportManager] Browser Action [CloseCurrentWindow] successfully performed. @02-11-2021 13:53:48.0636 PM
[ReportManager] Successfully created attachment [Browser Action Test Data - CloseCurrentWindow - Actual Value] @02-11-2021 13:53:48.0637 P
[ReportManager] File Action [GetAbsolutePath] successfully performed. With the following test data [Relative Folder Path: "target/downloadedFiles/"]. @02-11-2021 13:53:48.0641 PM
[ReportManager] Attempting to run locally on: [Mac-64], [Safari], Headless Execution. @02-11-2021 13:53:48.0641 PM
[ReportManager] Successfully Opened Safari. @02-11-2021 13:53:49.0449 PM
[ReportManager] Initial window size: (800, 600) @02-11-2021 13:53:49.0476 PM
[ReportManager] Window size after SWD Maximize: (1176, 811) @02-11-2021 13:53:49.0519 PM
[ReportManager] Browser Action [MaximizeWindow] successfully performed. With the following test data [New screen size is now: (1176, 811)]. @02-11-2021 13:53:49.0519 PM
[ReportManager] Target URL: [https://www.google.com/ncr], and after redirection: [www.google.com] @02-11-2021 13:53:49.0519 PM
[ReportManager] Initial URL: [] @02-11-2021 13:53:49.0563 PM
[ReportManager] Browser Action [NavigateToURL] successfully performed. With the following test data [https://www.google.com/ncr]. @02-11-2021 13:53:50.0320 P

################################################################################################################################################
Starting Execution:	[30 out of 144] test cases in the current suite
Test Method:		[unitTests.tests_validations_assertions.assertElementAttribute_false_caseInsensitiveComparison_expectedToPass]
################################################################################################################################################
[ReportManager] Element Action [Type] successfully performed. With the following test data [AUTOMATION]. @02-11-2021 13:53:50.0801 PM
[ReportManager] Element Action [GetText] successfully performed. With the following test data [AUTOMATION]. @02-11-2021 13:53:50.0859 PM
[ReportManager] Loaded Shared OpenCV @02-11-2021 13:53:50.0923 PM
[ReportManager] Assertion [ValidateElementAttribute] PASSED. Expected [Value Should not be 'AutomaTion123' for the 'text' attribute, element locator 'By.name: q'] and Actual [AUTOMATION]. Comparison Type [CASE_INSENSITIVE]. Validation Type [NEGATIVE]. @02-11-2021 13:53:51.0073 PM
[ReportManager] Successfully created attachment [Screenshot - 1635861230923_assertElementAttribute_false_caseInsensitiveComparison_expectedToPass_ValidateElementAttribute_passed] @02-11-2021 13:53:51.0075 P
[ReportManager] Browser Action [CloseCurrentWindow] successfully performed. @02-11-2021 13:53:51.0365 PM
[ReportManager] Successfully created attachment [Browser Action Test Data - CloseCurrentWindow - Actual Value] @02-11-2021 13:53:51.0366 P
[ReportManager] File Action [GetAbsolutePath] successfully performed. With the following test data [Relative Folder Path: "target/downloadedFiles/"]. @02-11-2021 13:53:51.0369 PM
[ReportManager] Attempting to run locally on: [Mac-64], [Safari], Headless Execution. @02-11-2021 13:53:51.0370 PM
[ReportManager] Successfully Opened Safari. @02-11-2021 13:53:52.0138 PM
[ReportManager] Initial window size: (800, 600) @02-11-2021 13:53:52.0145 PM
[ReportManager] Window size after SWD Maximize: (1176, 811) @02-11-2021 13:53:52.0158 PM
[ReportManager] Browser Action [MaximizeWindow] successfully performed. With the following test data [New screen size is now: (1176, 811)]. @02-11-2021 13:53:52.0161 PM
[ReportManager] Target URL: [https://www.google.com/ncr], and after redirection: [www.google.com] @02-11-2021 13:53:52.0161 PM
[ReportManager] Initial URL: [] @02-11-2021 13:53:52.0230 PM
[ReportManager] Browser Action [NavigateToURL] successfully performed. With the following test data [https://www.google.com/ncr]. @02-11-2021 13:53:52.0980 P

################################################################################################################################################
Starting Execution:	[31 out of 144] test cases in the current suite
Test Method:		[unitTests.tests_validations_assertions.assertElementAttribute_false_containsComparison_expectedToFail]
################################################################################################################################################
[ReportManager] Element Action [Type] successfully performed. With the following test data [Automation123]. @02-11-2021 13:53:53.0605 PM
[ReportManager] Element Action [GetText] successfully performed. With the following test data [Automation123]. @02-11-2021 13:53:53.0659 PM
[ReportManager] Loaded Shared OpenCV @02-11-2021 13:53:53.0717 PM
[ReportManager] Assertion [ValidateElementAttribute] FAILED. Expected [Value Should not be 'Automation' for the 'text' attribute, element locator 'By.name: q'] and Actual [Automation123]. Comparison Type [CONTAINS]. Validation Type [NEGATIVE]. @02-11-2021 13:53:53.0882 PM
[ReportManager] Successfully created attachment [Screenshot - 1635861233717_assertElementAttribute_false_containsComparison_expectedToFail_ValidateElementAttribute_failed] @02-11-2021 13:53:53.0884 P
[ReportManager] Browser Action [CloseCurrentWindow] successfully performed. @02-11-2021 13:53:54.0133 PM
[ReportManager] Successfully created attachment [Browser Action Test Data - CloseCurrentWindow - Actual Value] @02-11-2021 13:53:54.0134 P
[ReportManager] File Action [GetAbsolutePath] successfully performed. With the following test data [Relative Folder Path: "target/downloadedFiles/"]. @02-11-2021 13:53:54.0138 PM
[ReportManager] Attempting to run locally on: [Mac-64], [Safari], Headless Execution. @02-11-2021 13:53:54.0138 PM
[ReportManager] Successfully Opened Safari. @02-11-2021 13:53:54.0943 PM
[ReportManager] Initial window size: (800, 600) @02-11-2021 13:53:54.0952 PM
[ReportManager] Window size after SWD Maximize: (1176, 811) @02-11-2021 13:53:54.0975 PM
[ReportManager] Browser Action [MaximizeWindow] successfully performed. With the following test data [New screen size is now: (1176, 811)]. @02-11-2021 13:53:54.0975 PM
[ReportManager] Target URL: [https://www.google.com/ncr], and after redirection: [www.google.com] @02-11-2021 13:53:54.0976 PM
[ReportManager] Initial URL: [] @02-11-2021 13:53:55.0023 PM
[ReportManager] Browser Action [NavigateToURL] successfully performed. With the following test data [https://www.google.com/ncr]. @02-11-2021 13:53:56.0540 P

################################################################################################################################################
Starting Execution:	[32 out of 144] test cases in the current suite
Test Method:		[unitTests.tests_validations_assertions.assertElementAttribute_false_containsComparison_expectedToPass]
################################################################################################################################################
[ReportManager] Element Action [Type] successfully performed. With the following test data [Automation123]. @02-11-2021 13:53:57.0167 PM
[ReportManager] Element Action [GetText] successfully performed. With the following test data [Automation123]. @02-11-2021 13:53:57.0246 PM
[ReportManager] Loaded Shared OpenCV @02-11-2021 13:53:57.0308 PM
[ReportManager] Assertion [ValidateElementAttribute] PASSED. Expected [Value Should not be 'Automation1234' for the 'text' attribute, element locator 'By.name: q'] and Actual [Automation123]. Comparison Type [CONTAINS]. Validation Type [NEGATIVE]. @02-11-2021 13:53:57.0472 PM
[ReportManager] Successfully created attachment [Screenshot - 1635861237308_assertElementAttribute_false_containsComparison_expectedToPass_ValidateElementAttribute_passed] @02-11-2021 13:53:57.0473 P
[ReportManager] Browser Action [CloseCurrentWindow] successfully performed. @02-11-2021 13:53:57.0548 PM
[ReportManager] Successfully created attachment [Browser Action Test Data - CloseCurrentWindow - Actual Value] @02-11-2021 13:53:57.0550 P
[ReportManager] File Action [GetAbsolutePath] successfully performed. With the following test data [Relative Folder Path: "target/downloadedFiles/"]. @02-11-2021 13:53:57.0560 PM
[ReportManager] Attempting to run locally on: [Mac-64], [Safari], Headless Execution. @02-11-2021 13:53:57.0562 PM
[ReportManager] Successfully Opened Safari. @02-11-2021 13:53:58.0455 PM
[ReportManager] Initial window size: (800, 600) @02-11-2021 13:53:58.0572 PM
[ReportManager] Window size after SWD Maximize: (1176, 811) @02-11-2021 13:53:58.0619 PM
[ReportManager] Browser Action [MaximizeWindow] successfully performed. With the following test data [New screen size is now: (1176, 811)]. @02-11-2021 13:53:58.0620 PM
[ReportManager] Target URL: [https://www.google.com/ncr], and after redirection: [www.google.com] @02-11-2021 13:53:58.0620 PM
[ReportManager] Initial URL: [] @02-11-2021 13:53:58.0659 PM
[ReportManager] Browser Action [NavigateToURL] successfully performed. With the following test data [https://www.google.com/ncr]. @02-11-2021 13:53:59.0563 P

################################################################################################################################################
Starting Execution:	[33 out of 144] test cases in the current suite
Test Method:		[unitTests.tests_validations_assertions.assertElementAttribute_false_literalComparison_expectedToFail]
################################################################################################################################################
[ReportManager] Element Action [Type] successfully performed. With the following test data [Automation!@#$%^&*()_+{}[]\';/.,]. @02-11-2021 13:54:01.0008 PM
[ReportManager] Element Action [GetText] successfully performed. With the following test data [Automation!@#$%^&*()_+{}[]\';/.,]. @02-11-2021 13:54:01.0079 PM
[ReportManager] Loaded Shared OpenCV @02-11-2021 13:54:01.0155 PM
[ReportManager] Assertion [ValidateElementAttribute] PASSED. Expected [Value Should not be 'Automation!@#$%^&*()_+{}[]\\';/.,' for the 'text' attribute, element locator 'By.name: q'] and Actual [Automation!@#$%^&*()_+{}[]\';/.,]. Comparison Type [EQUALS]. Validation Type [NEGATIVE]. @02-11-2021 13:54:01.0360 PM
[ReportManager] Successfully created attachment [Screenshot - 1635861241155_assertElementAttribute_false_literalComparison_expectedToFail_ValidateElementAttribute_passed] @02-11-2021 13:54:01.0361 P
[ReportManager] Browser Action [CloseCurrentWindow] successfully performed. @02-11-2021 13:54:01.0473 PM
[ReportManager] Successfully created attachment [Browser Action Test Data - CloseCurrentWindow - Actual Value] @02-11-2021 13:54:01.0474 P
[ReportManager] File Action [GetAbsolutePath] successfully performed. With the following test data [Relative Folder Path: "target/downloadedFiles/"]. @02-11-2021 13:54:01.0480 PM
[ReportManager] Attempting to run locally on: [Mac-64], [Safari], Headless Execution. @02-11-2021 13:54:01.0480 PM
[ReportManager] Successfully Opened Safari. @02-11-2021 13:54:02.0310 PM
[ReportManager] Initial window size: (800, 600) @02-11-2021 13:54:02.0317 PM
[ReportManager] Window size after SWD Maximize: (1176, 811) @02-11-2021 13:54:02.0339 PM
[ReportManager] Browser Action [MaximizeWindow] successfully performed. With the following test data [New screen size is now: (1176, 811)]. @02-11-2021 13:54:02.0340 PM
[ReportManager] Target URL: [https://www.google.com/ncr], and after redirection: [www.google.com] @02-11-2021 13:54:02.0340 PM
[ReportManager] Initial URL: [] @02-11-2021 13:54:02.0418 PM
[ReportManager] Browser Action [NavigateToURL] successfully performed. With the following test data [https://www.google.com/ncr]. @02-11-2021 13:54:03.0824 P

################################################################################################################################################
Starting Execution:	[34 out of 144] test cases in the current suite
Test Method:		[unitTests.tests_validations_assertions.assertElementAttribute_false_literalComparison_expectedToPass]
################################################################################################################################################
[ReportManager] Element Action [Type] successfully performed. With the following test data [Automation!@#$%^&*()_+{}[]\';/.,]. @02-11-2021 13:54:05.0674 PM
[ReportManager] Element Action [GetText] successfully performed. With the following test data [Automation!@#$%^&*()_+{}[]\';/.,]. @02-11-2021 13:54:05.0754 PM
[ReportManager] Loaded Shared OpenCV @02-11-2021 13:54:05.0842 PM
[ReportManager] Assertion [ValidateElementAttribute] PASSED. Expected [Value Should not be 'Automation' for the 'text' attribute, element locator 'By.name: q'] and Actual [Automation!@#$%^&*()_+{}[]\';/.,]. Comparison Type [EQUALS]. Validation Type [NEGATIVE]. @02-11-2021 13:54:06.0004 PM
[ReportManager] Successfully created attachment [Screenshot - 1635861245842_assertElementAttribute_false_literalComparison_expectedToPass_ValidateElementAttribute_passed] @02-11-2021 13:54:06.0006 P
[ReportManager] Browser Action [CloseCurrentWindow] successfully performed. @02-11-2021 13:54:06.0206 PM
[ReportManager] Successfully created attachment [Browser Action Test Data - CloseCurrentWindow - Actual Value] @02-11-2021 13:54:06.0207 P
[ReportManager] File Action [GetAbsolutePath] successfully performed. With the following test data [Relative Folder Path: "target/downloadedFiles/"]. @02-11-2021 13:54:06.0212 PM
[ReportManager] Attempting to run locally on: [Mac-64], [Safari], Headless Execution. @02-11-2021 13:54:06.0212 PM
[ReportManager] Successfully Opened Safari. @02-11-2021 13:54:07.0170 PM
[ReportManager] Initial window size: (800, 600) @02-11-2021 13:54:07.0189 PM
[ReportManager] Window size after SWD Maximize: (1176, 811) @02-11-2021 13:54:07.0205 PM
[ReportManager] Browser Action [MaximizeWindow] successfully performed. With the following test data [New screen size is now: (1176, 811)]. @02-11-2021 13:54:07.0206 PM
[ReportManager] Target URL: [https://www.google.com/ncr], and after redirection: [www.google.com] @02-11-2021 13:54:07.0206 PM
[ReportManager] Initial URL: [] @02-11-2021 13:54:07.0277 PM
[ReportManager] Browser Action [NavigateToURL] successfully performed. With the following test data [https://www.google.com/ncr]. @02-11-2021 13:54:08.0727 P

################################################################################################################################################
Starting Execution:	[35 out of 144] test cases in the current suite
Test Method:		[unitTests.tests_validations_assertions.assertElementAttribute_false_regexComparison_expectedToFail]
################################################################################################################################################
[ReportManager] Element Action [Type] successfully performed. With the following test data [Automation123]. @02-11-2021 13:54:09.0530 PM
[ReportManager] Element Action [GetText] successfully performed. With the following test data [Automation123]. @02-11-2021 13:54:09.0635 PM
[ReportManager] Loaded Shared OpenCV @02-11-2021 13:54:09.0777 PM
[ReportManager] Assertion [ValidateElementAttribute] FAILED. Expected [Value Should not be 'Automation.*' for the 'text' attribute, element locator 'By.name: q'] and Actual [Automation123]. Comparison Type [MATCHES]. Validation Type [NEGATIVE]. @02-11-2021 13:54:09.0910 PM
[ReportManager] Successfully created attachment [Screenshot - 1635861249777_assertElementAttribute_false_regexComparison_expectedToFail_ValidateElementAttribute_failed] @02-11-2021 13:54:09.0912 P
[ReportManager] Browser Action [CloseCurrentWindow] successfully performed. @02-11-2021 13:54:10.0087 PM
[ReportManager] Successfully created attachment [Browser Action Test Data - CloseCurrentWindow - Actual Value] @02-11-2021 13:54:10.0089 P
[ReportManager] File Action [GetAbsolutePath] successfully performed. With the following test data [Relative Folder Path: "target/downloadedFiles/"]. @02-11-2021 13:54:10.0095 PM
[ReportManager] Attempting to run locally on: [Mac-64], [Safari], Headless Execution. @02-11-2021 13:54:10.0096 P

################################################################################################################################################
Starting Execution:	[36 out of 144] test cases in the current suite
Test Method:		[unitTests.tests_validations_assertions.assertElementAttribute_false_regexComparison_expectedToPass]
###############################################################################################################################################



################################################################################################################################################
Starting Execution:	[37 out of 144] test cases in the current suite
Test Method:		[unitTests.tests_validations_assertions.assertElementAttribute_true_caseInsensitiveComparison_expectedToFail]
###############################################################################################################################################



################################################################################################################################################
Starting Execution:	[38 out of 144] test cases in the current suite
Test Method:		[unitTests.tests_validations_assertions.assertElementAttribute_true_caseInsensitiveComparison_expectedToPass]
###############################################################################################################################################



################################################################################################################################################
Starting Execution:	[39 out of 144] test cases in the current suite
Test Method:		[unitTests.tests_validations_assertions.assertElementAttribute_true_containsComparison_expectedToFail]
###############################################################################################################################################



################################################################################################################################################
Starting Execution:	[40 out of 144] test cases in the current suite
Test Method:		[unitTests.tests_validations_assertions.assertElementAttribute_true_containsComparison_expectedToPass]
###############################################################################################################################################



################################################################################################################################################
Starting Execution:	[41 out of 144] test cases in the current suite
Test Method:		[unitTests.tests_validations_assertions.assertElementAttribute_true_literalComparison_expectedToFail]
###############################################################################################################################################



################################################################################################################################################
Starting Execution:	[42 out of 144] test cases in the current suite
Test Method:		[unitTests.tests_validations_assertions.assertElementAttribute_true_literalComparison_expectedToPass]
###############################################################################################################################################



################################################################################################################################################
Starting Execution:	[43 out of 144] test cases in the current suite
Test Method:		[unitTests.tests_validations_assertions.assertElementAttribute_true_regexComparison_expectedToFail]
###############################################################################################################################################



################################################################################################################################################
Starting Execution:	[44 out of 144] test cases in the current suite
Test Method:		[unitTests.tests_validations_assertions.assertElementAttribute_true_regexComparison_expectedToPass]
###############################################################################################################################################



################################################################################################################################################
Starting Execution:	[45 out of 144] test cases in the current suite
Test Method:		[unitTests.tests_validations_assertions.assertElementAttribute_type_true_literalComparison_expectedToPass]
###############################################################################################################################################



################################################################################################################################################
Starting Execution:	[46 out of 144] test cases in the current suite
Test Method:		[unitTests.tests_validations_assertions.assertElementExists_false_expectedToFail]
###############################################################################################################################################



################################################################################################################################################
Starting Execution:	[47 out of 144] test cases in the current suite
Test Method:		[unitTests.tests_validations_assertions.assertElementExists_false_expectedToPass]
###############################################################################################################################################



################################################################################################################################################
Starting Execution:	[48 out of 144] test cases in the current suite
Test Method:		[unitTests.tests_validations_assertions.assertElementExists_false_multipleElementsFound_expectedToFail]
###############################################################################################################################################



################################################################################################################################################
Starting Execution:	[49 out of 144] test cases in the current suite
Test Method:		[unitTests.tests_validations_assertions.assertElementExists_true_expectedToFail]
###############################################################################################################################################



################################################################################################################################################
Starting Execution:	[50 out of 144] test cases in the current suite
Test Method:		[unitTests.tests_validations_assertions.assertElementExists_true_expectedToPass]
###############################################################################################################################################



################################################################################################################################################
Starting Execution:	[51 out of 144] test cases in the current suite
Test Method:		[unitTests.tests_validations_assertions.assertElementExists_true_multipleElementsFound_expectedToFail]
###############################################################################################################################################


################################################################################################################################################
Starting Execution:	[52 out of 144] test cases in the current suite
Test Method:		[unitTests.tests_validations_assertions.assertEquals_false_expectedToFail]
###############################################################################################################################################

################################################################################################################################################
Starting Execution:	[53 out of 144] test cases in the current suite
Test Method:		[unitTests.tests_validations_assertions.assertEquals_false_expectedToPass]
###############################################################################################################################################

################################################################################################################################################
Starting Execution:	[54 out of 144] test cases in the current suite
Test Method:		[unitTests.tests_validations_assertions.assertEquals_longCharacters]
###############################################################################################################################################

################################################################################################################################################
Starting Execution:	[55 out of 144] test cases in the current suite
Test Method:		[unitTests.tests_validations_assertions.assertEquals_longCharacters_Discreet]
###############################################################################################################################################

################################################################################################################################################
Starting Execution:	[56 out of 144] test cases in the current suite
Test Method:		[unitTests.tests_validations_assertions.assertEquals_true_expectedToFail]
###############################################################################################################################################

################################################################################################################################################
Starting Execution:	[57 out of 144] test cases in the current suite
Test Method:		[unitTests.tests_validations_assertions.assertEquals_true_expectedToPass]
Test Description:	[Assert that assertEquals works as expected when the two values are equal.]
###############################################################################################################################################

################################################################################################################################################
Starting Execution:	[58 out of 144] test cases in the current suite
Test Method:		[unitTests.tests_validations_assertions.assertEquals_true_expectedToPass__]
###############################################################################################################################################

################################################################################################################################################
Starting Execution:	[59 out of 144] test cases in the current suite
Test Method:		[unitTests.tests_validations_assertions.assertFileExists_false_expectedToFail]
###############################################################################################################################################

################################################################################################################################################
Starting Execution:	[60 out of 144] test cases in the current suite
Test Method:		[unitTests.tests_validations_assertions.assertFileExists_false_expectedToPass]
###############################################################################################################################################

################################################################################################################################################
Starting Execution:	[61 out of 144] test cases in the current suite
Test Method:		[unitTests.tests_validations_assertions.assertFileExists_true_expectedToFail]
###############################################################################################################################################

################################################################################################################################################
Starting Execution:	[62 out of 144] test cases in the current suite
Test Method:		[unitTests.tests_validations_assertions.assertFileExists_true_expectedToPass]
###############################################################################################################################################

################################################################################################################################################
Starting Execution:	[63 out of 144] test cases in the current suite
Test Method:		[unitTests.tests_validations_assertions.assertNull_false_expectedToFail]
###############################################################################################################################################

################################################################################################################################################
Starting Execution:	[64 out of 144] test cases in the current suite
Test Method:		[unitTests.tests_validations_assertions.assertNull_false_expectedToPass]
###############################################################################################################################################

################################################################################################################################################
Starting Execution:	[65 out of 144] test cases in the current suite
Test Method:		[unitTests.tests_validations_assertions.assertNull_true_expectedToFail]
###############################################################################################################################################

################################################################################################################################################
Starting Execution:	[66 out of 144] test cases in the current suite
Test Method:		[unitTests.tests_validations_assertions.assertNull_true_expectedToPass]
###############################################################################################################################################

################################################################################################################################################
Starting Execution:	[67 out of 144] test cases in the current suite
Test Method:		[unitTests.tests_restActions.getPostsAndAssertBodyForSpecificTitle]
################################################################################################################################################
[ReportManager] Response status code: [200], status line: [HTTP/1.1 200 OK] @02-11-2021 13:54:14.0371 PM
[ReportManager] Assertion Passed: Evaluating the actual response status code against the expected one... @02-11-2021 13:54:14.0373 PM
[ReportManager] Assertion [ValidateEquals] PASSED. Expected [200] and Actual [200]. Comparison Type [EQUALS]. Validation Type [POSITIVE]. @02-11-2021 13:54:14.0373 PM
[ReportManager] API Action [PerformRequest] successfully performed. With the following test data [Request Type: "GET" | Target Status Code: "200" | Service URL: "https://jsonplaceholder.typicode.com/posts" | Content Type: "*/*" | Response Time: "736ms"]. @02-11-2021 13:54:15.0597 PM
[ReportManager] Successfully created attachment [API Request - Specifications] @02-11-2021 13:54:15.0598 PM
[ReportManager] Successfully created attachment [API Response - JSON Body] @02-11-2021 13:54:15.0883 PM
[ReportManager] API Action [GetResponseJSONValueAsList] successfully performed. @02-11-2021 13:54:15.0913 PM
[ReportManager] API Action [GetResponseJSONValue] successfully performed. With the following test data [title]. @02-11-2021 13:54:15.0938 PM
[ReportManager] API Action [GetResponseJSONValue] successfully performed. With the following test data [title]. @02-11-2021 13:54:15.0956 PM
[ReportManager] API Action [GetResponseJSONValue] successfully performed. With the following test data [body]. @02-11-2021 13:54:15.0972 PM
[ReportManager] Assertion [ValidateEquals] PASSED. Expected [qui neque nisi nulla] and Actual [est rerum tempore vitae
sequi sint nihil reprehenderit dolor beatae ea dolores neque
fugiat blanditiis voluptate porro vel nihil molestiae ut reiciendis
qui aperiam non debitis possimus qui neque nisi nulla]. Comparison Type [CONTAINS]. Validation Type [POSITIVE]. @02-11-2021 13:54:15.0972 PM
[ReportManager] API Action [GetResponseJSONValue] successfully performed. With the following test data [title]. @02-11-2021 13:54:15.0987 PM
[ReportManager] API Action [GetResponseJSONValue] successfully performed. With the following test data [title]. @02-11-2021 13:54:16.0003 PM
[ReportManager] API Action [GetResponseJSONValue] successfully performed. With the following test data [title]. @02-11-2021 13:54:16.0020 PM
[ReportManager] API Action [GetResponseJSONValue] successfully performed. With the following test data [title]. @02-11-2021 13:54:16.0035 PM
[ReportManager] API Action [GetResponseJSONValue] successfully performed. With the following test data [title]. @02-11-2021 13:54:16.0055 PM
[ReportManager] API Action [GetResponseJSONValue] successfully performed. With the following test data [title]. @02-11-2021 13:54:16.0071 PM
[ReportManager] API Action [GetResponseJSONValue] successfully performed. With the following test data [title]. @02-11-2021 13:54:16.0085 PM
[ReportManager] API Action [GetResponseJSONValue] successfully performed. With the following test data [title]. @02-11-2021 13:54:16.0102 PM
[ReportManager] API Action [GetResponseJSONValue] successfully performed. With the following test data [title]. @02-11-2021 13:54:16.0119 PM
[ReportManager] API Action [GetResponseJSONValue] successfully performed. With the following test data [title]. @02-11-2021 13:54:16.0134 PM
[ReportManager] API Action [GetResponseJSONValue] successfully performed. With the following test data [title]. @02-11-2021 13:54:16.0157 PM
[ReportManager] API Action [GetResponseJSONValue] successfully performed. With the following test data [title]. @02-11-2021 13:54:16.0175 PM
[ReportManager] API Action [GetResponseJSONValue] successfully performed. With the following test data [title]. @02-11-2021 13:54:16.0189 PM
[ReportManager] API Action [GetResponseJSONValue] successfully performed. With the following test data [title]. @02-11-2021 13:54:16.0203 PM
[ReportManager] API Action [GetResponseJSONValue] successfully performed. With the following test data [title]. @02-11-2021 13:54:16.0215 PM
[ReportManager] API Action [GetResponseJSONValue] successfully performed. With the following test data [title]. @02-11-2021 13:54:16.0229 PM
[ReportManager] API Action [GetResponseJSONValue] successfully performed. With the following test data [title]. @02-11-2021 13:54:16.0244 PM
[ReportManager] API Action [GetResponseJSONValue] successfully performed. With the following test data [title]. @02-11-2021 13:54:16.0257 PM
[ReportManager] API Action [GetResponseJSONValue] successfully performed. With the following test data [title]. @02-11-2021 13:54:16.0271 PM
[ReportManager] API Action [GetResponseJSONValue] successfully performed. With the following test data [title]. @02-11-2021 13:54:16.0288 PM
[ReportManager] API Action [GetResponseJSONValue] successfully performed. With the following test data [title]. @02-11-2021 13:54:16.0326 PM
[ReportManager] API Action [GetResponseJSONValue] successfully performed. With the following test data [title]. @02-11-2021 13:54:16.0340 PM
[ReportManager] API Action [GetResponseJSONValue] successfully performed. With the following test data [title]. @02-11-2021 13:54:16.0353 PM
[ReportManager] API Action [GetResponseJSONValue] successfully performed. With the following test data [title]. @02-11-2021 13:54:16.0366 PM
[ReportManager] API Action [GetResponseJSONValue] successfully performed. With the following test data [title]. @02-11-2021 13:54:16.0378 PM
[ReportManager] API Action [GetResponseJSONValue] successfully performed. With the following test data [title]. @02-11-2021 13:54:16.0392 PM
[ReportManager] API Action [GetResponseJSONValue] successfully performed. With the following test data [title]. @02-11-2021 13:54:16.0423 PM
[ReportManager] API Action [GetResponseJSONValue] successfully performed. With the following test data [title]. @02-11-2021 13:54:16.0437 PM
[ReportManager] API Action [GetResponseJSONValue] successfully performed. With the following test data [title]. @02-11-2021 13:54:16.0450 PM
[ReportManager] API Action [GetResponseJSONValue] successfully performed. With the following test data [title]. @02-11-2021 13:54:16.0463 PM
[ReportManager] API Action [GetResponseJSONValue] successfully performed. With the following test data [title]. @02-11-2021 13:54:16.0478 PM
[ReportManager] API Action [GetResponseJSONValue] successfully performed. With the following test data [title]. @02-11-2021 13:54:16.0492 PM
[ReportManager] API Action [GetResponseJSONValue] successfully performed. With the following test data [title]. @02-11-2021 13:54:16.0507 PM
[ReportManager] API Action [GetResponseJSONValue] successfully performed. With the following test data [title]. @02-11-2021 13:54:16.0524 PM
[ReportManager] API Action [GetResponseJSONValue] successfully performed. With the following test data [title]. @02-11-2021 13:54:16.0540 PM
[ReportManager] API Action [GetResponseJSONValue] successfully performed. With the following test data [title]. @02-11-2021 13:54:16.0553 PM
[ReportManager] API Action [GetResponseJSONValue] successfully performed. With the following test data [title]. @02-11-2021 13:54:16.0568 PM
[ReportManager] API Action [GetResponseJSONValue] successfully performed. With the following test data [title]. @02-11-2021 13:54:16.0583 PM
[ReportManager] API Action [GetResponseJSONValue] successfully performed. With the following test data [title]. @02-11-2021 13:54:16.0597 PM
[ReportManager] API Action [GetResponseJSONValue] successfully performed. With the following test data [title]. @02-11-2021 13:54:16.0612 PM
[ReportManager] API Action [GetResponseJSONValue] successfully performed. With the following test data [title]. @02-11-2021 13:54:16.0626 PM
[ReportManager] API Action [GetResponseJSONValue] successfully performed. With the following test data [title]. @02-11-2021 13:54:16.0640 PM
[ReportManager] API Action [GetResponseJSONValue] successfully performed. With the following test data [title]. @02-11-2021 13:54:16.0657 PM
[ReportManager] API Action [GetResponseJSONValue] successfully performed. With the following test data [title]. @02-11-2021 13:54:16.0675 PM
[ReportManager] API Action [GetResponseJSONValue] successfully performed. With the following test data [title]. @02-11-2021 13:54:16.0689 PM
[ReportManager] API Action [GetResponseJSONValue] successfully performed. With the following test data [title]. @02-11-2021 13:54:16.0703 PM
[ReportManager] API Action [GetResponseJSONValue] successfully performed. With the following test data [title]. @02-11-2021 13:54:16.0719 PM
[ReportManager] API Action [GetResponseJSONValue] successfully performed. With the following test data [title]. @02-11-2021 13:54:16.0748 PM
[ReportManager] API Action [GetResponseJSONValue] successfully performed. With the following test data [title]. @02-11-2021 13:54:16.0784 PM
[ReportManager] API Action [GetResponseJSONValue] successfully performed. With the following test data [title]. @02-11-2021 13:54:16.0796 PM
[ReportManager] API Action [GetResponseJSONValue] successfully performed. With the following test data [title]. @02-11-2021 13:54:16.0814 PM
[ReportManager] API Action [GetResponseJSONValue] successfully performed. With the following test data [title]. @02-11-2021 13:54:16.0828 PM
[ReportManager] API Action [GetResponseJSONValue] successfully performed. With the following test data [title]. @02-11-2021 13:54:16.0842 PM
[ReportManager] API Action [GetResponseJSONValue] successfully performed. With the following test data [title]. @02-11-2021 13:54:16.0856 PM
[ReportManager] API Action [GetResponseJSONValue] successfully performed. With the following test data [title]. @02-11-2021 13:54:16.0871 PM
[ReportManager] API Action [GetResponseJSONValue] successfully performed. With the following test data [title]. @02-11-2021 13:54:16.0885 PM
[ReportManager] API Action [GetResponseJSONValue] successfully performed. With the following test data [title]. @02-11-2021 13:54:16.0900 PM
[ReportManager] API Action [GetResponseJSONValue] successfully performed. With the following test data [title]. @02-11-2021 13:54:16.0914 PM
[ReportManager] API Action [GetResponseJSONValue] successfully performed. With the following test data [title]. @02-11-2021 13:54:16.0928 PM
[ReportManager] API Action [GetResponseJSONValue] successfully performed. With the following test data [title]. @02-11-2021 13:54:16.0960 PM
[ReportManager] API Action [GetResponseJSONValue] successfully performed. With the following test data [title]. @02-11-2021 13:54:16.0977 PM
[ReportManager] API Action [GetResponseJSONValue] successfully performed. With the following test data [title]. @02-11-2021 13:54:16.0990 PM
[ReportManager] API Action [GetResponseJSONValue] successfully performed. With the following test data [title]. @02-11-2021 13:54:17.0003 PM
[ReportManager] API Action [GetResponseJSONValue] successfully performed. With the following test data [title]. @02-11-2021 13:54:17.0015 PM
[ReportManager] API Action [GetResponseJSONValue] successfully performed. With the following test data [title]. @02-11-2021 13:54:17.0027 PM
[ReportManager] API Action [GetResponseJSONValue] successfully performed. With the following test data [title]. @02-11-2021 13:54:17.0038 PM
[ReportManager] API Action [GetResponseJSONValue] successfully performed. With the following test data [title]. @02-11-2021 13:54:17.0050 PM
[ReportManager] API Action [GetResponseJSONValue] successfully performed. With the following test data [title]. @02-11-2021 13:54:17.0064 PM
[ReportManager] API Action [GetResponseJSONValue] successfully performed. With the following test data [title]. @02-11-2021 13:54:17.0076 PM
[ReportManager] API Action [GetResponseJSONValue] successfully performed. With the following test data [title]. @02-11-2021 13:54:17.0089 PM
[ReportManager] API Action [GetResponseJSONValue] successfully performed. With the following test data [title]. @02-11-2021 13:54:17.0100 PM
[ReportManager] API Action [GetResponseJSONValue] successfully performed. With the following test data [title]. @02-11-2021 13:54:17.0114 PM
[ReportManager] API Action [GetResponseJSONValue] successfully performed. With the following test data [title]. @02-11-2021 13:54:17.0128 PM
[ReportManager] API Action [GetResponseJSONValue] successfully performed. With the following test data [title]. @02-11-2021 13:54:17.0142 PM
[ReportManager] API Action [GetResponseJSONValue] successfully performed. With the following test data [title]. @02-11-2021 13:54:17.0155 PM
[ReportManager] API Action [GetResponseJSONValue] successfully performed. With the following test data [title]. @02-11-2021 13:54:17.0168 PM
[ReportManager] API Action [GetResponseJSONValue] successfully performed. With the following test data [title]. @02-11-2021 13:54:17.0180 PM
[ReportManager] API Action [GetResponseJSONValue] successfully performed. With the following test data [title]. @02-11-2021 13:54:17.0192 PM
[ReportManager] API Action [GetResponseJSONValue] successfully performed. With the following test data [title]. @02-11-2021 13:54:17.0207 PM
[ReportManager] API Action [GetResponseJSONValue] successfully performed. With the following test data [title]. @02-11-2021 13:54:17.0219 PM
[ReportManager] API Action [GetResponseJSONValue] successfully performed. With the following test data [title]. @02-11-2021 13:54:17.0234 PM
[ReportManager] API Action [GetResponseJSONValue] successfully performed. With the following test data [title]. @02-11-2021 13:54:17.0246 PM
[ReportManager] API Action [GetResponseJSONValue] successfully performed. With the following test data [title]. @02-11-2021 13:54:17.0259 PM
[ReportManager] API Action [GetResponseJSONValue] successfully performed. With the following test data [title]. @02-11-2021 13:54:17.0272 PM
[ReportManager] API Action [GetResponseJSONValue] successfully performed. With the following test data [title]. @02-11-2021 13:54:17.0288 PM
[ReportManager] API Action [GetResponseJSONValue] successfully performed. With the following test data [title]. @02-11-2021 13:54:17.0300 PM
[ReportManager] API Action [GetResponseJSONValue] successfully performed. With the following test data [title]. @02-11-2021 13:54:17.0312 PM
[ReportManager] API Action [GetResponseJSONValue] successfully performed. With the following test data [title]. @02-11-2021 13:54:17.0325 PM
[ReportManager] API Action [GetResponseJSONValue] successfully performed. With the following test data [title]. @02-11-2021 13:54:17.0337 PM
[ReportManager] API Action [GetResponseJSONValue] successfully performed. With the following test data [title]. @02-11-2021 13:54:17.0350 PM
[ReportManager] API Action [GetResponseJSONValue] successfully performed. With the following test data [title]. @02-11-2021 13:54:17.0363 PM
[ReportManager] API Action [GetResponseJSONValue] successfully performed. With the following test data [title]. @02-11-2021 13:54:17.0376 PM
[ReportManager] API Action [GetResponseJSONValue] successfully performed. With the following test data [title]. @02-11-2021 13:54:17.0388 PM
[ReportManager] API Action [GetResponseJSONValue] successfully performed. With the following test data [title]. @02-11-2021 13:54:17.0400 PM
[ReportManager] API Action [GetResponseJSONValue] successfully performed. With the following test data [title]. @02-11-2021 13:54:17.0413 PM
[ReportManager] API Action [GetResponseJSONValue] successfully performed. With the following test data [title]. @02-11-2021 13:54:17.0426 PM
[ReportManager] API Action [GetResponseJSONValue] successfully performed. With the following test data [title]. @02-11-2021 13:54:17.0440 PM
[ReportManager] API Action [GetResponseJSONValue] successfully performed. With the following test data [title]. @02-11-2021 13:54:17.0452 P

################################################################################################################################################
Starting Execution:	[68 out of 144] test cases in the current suite
Test Method:		[unitTests.tests_restActions.validateUserEmail]
################################################################################################################################################
[ReportManager] Response status code: [200], status line: [HTTP/1.1 200 OK] @02-11-2021 13:54:17.0528 PM
[ReportManager] Assertion Passed: Evaluating the actual response status code against the expected one... @02-11-2021 13:54:17.0529 PM
[ReportManager] Assertion [ValidateEquals] PASSED. Expected [200] and Actual [200]. Comparison Type [EQUALS]. Validation Type [POSITIVE]. @02-11-2021 13:54:17.0529 PM
[ReportManager] API Action [PerformRequest] successfully performed. With the following test data [Request Type: "GET" | Target Status Code: "200" | Service URL: "https://jsonplaceholder.typicode.com/users" | Content Type: "*/*" | Response Time: "61ms"]. @02-11-2021 13:54:17.0555 PM
[ReportManager] Successfully created attachment [API Request - Specifications] @02-11-2021 13:54:17.0556 PM
[ReportManager] Successfully created attachment [API Response - JSON Body] @02-11-2021 13:54:17.0556 PM
[ReportManager] Assertion [ValidateEquals] PASSED. Expected and Actual values are attached. Comparison Type [CONTAINS]. Validation Type [POSITIVE]. @02-11-2021 13:54:17.0557 PM
[ReportManager] Successfully created attachment [Validation Test Data - Expected Value] @02-11-2021 13:54:17.0557 PM
[ReportManager] Successfully created attachment [Validation Test Data - Actual Value] @02-11-2021 13:54:17.0558 PM
[ReportManager] API Action [GetResponseJSONValueAsList] successfully performed. With the following test data [$]. @02-11-2021 13:54:17.0565 PM
[ReportManager] API Action [GetResponseJSONValue] successfully performed. With the following test data [name]. @02-11-2021 13:54:17.0579 PM
[ReportManager] API Action [GetResponseJSONValue] successfully performed. With the following test data [email]. @02-11-2021 13:54:17.0595 PM
[ReportManager] Assertion [ValidateEquals] PASSED. Expected [Sincere@april.biz] and Actual [Sincere@april.biz]. Comparison Type [EQUALS]. Validation Type [POSITIVE]. @02-11-2021 13:54:17.0595 PM
[ReportManager] API Action [GetResponseJSONValue] successfully performed. With the following test data [name]. @02-11-2021 13:54:17.0608 PM
[ReportManager] API Action [GetResponseJSONValue] successfully performed. With the following test data [name]. @02-11-2021 13:54:17.0621 PM
[ReportManager] API Action [GetResponseJSONValue] successfully performed. With the following test data [name]. @02-11-2021 13:54:17.0637 PM
[ReportManager] API Action [GetResponseJSONValue] successfully performed. With the following test data [name]. @02-11-2021 13:54:17.0650 PM
[ReportManager] API Action [GetResponseJSONValue] successfully performed. With the following test data [name]. @02-11-2021 13:54:17.0662 PM
[ReportManager] API Action [GetResponseJSONValue] successfully performed. With the following test data [name]. @02-11-2021 13:54:17.0673 PM
[ReportManager] API Action [GetResponseJSONValue] successfully performed. With the following test data [name]. @02-11-2021 13:54:17.0686 PM
[ReportManager] API Action [GetResponseJSONValue] successfully performed. With the following test data [name]. @02-11-2021 13:54:17.0719 PM
[ReportManager] API Action [GetResponseJSONValue] successfully performed. With the following test data [name]. @02-11-2021 13:54:17.0732 P
[ReportManager] File Action [GetAbsolutePath] successfully performed. With the following test data [Relative Folder Path: "target/downloadedFiles/"]. @02-11-2021 13:54:17.0736 PM
[ReportManager] Attempting to run locally on: [Mac-64], [Safari], Headless Execution. @02-11-2021 13:54:17.0736 PM
[ReportManager] Successfully Opened Safari. @02-11-2021 13:54:18.0566 PM
[ReportManager] Initial window size: (800, 600) @02-11-2021 13:54:18.0586 PM
[ReportManager] Window size after SWD Maximize: (1176, 811) @02-11-2021 13:54:18.0603 PM
[ReportManager] Browser Action [MaximizeWindow] successfully performed. With the following test data [New screen size is now: (1176, 811)]. @02-11-2021 13:54:18.0603 P

################################################################################################################################################
Starting Execution:	[69 out of 144] test cases in the current suite
Test Method:		[testPackage01.Test_uploadFile.uploadFile_invisibleUploadInput]
################################################################################################################################################
[ReportManager] Target URL: [https://fineuploader.com/demos.html#gallery-view] @02-11-2021 13:54:18.0606 PM
[ReportManager] Initial URL: [] @02-11-2021 13:54:18.0680 PM
[ReportManager] Browser Action [NavigateToURL] successfully performed. With the following test data [https://fineuploader.com/demos.html#gallery-view]. @02-11-2021 13:54:20.0397 PM
[ReportManager] File Action [GetAbsolutePath] successfully performed. With the following test data [Relative File Path: "src/main/resources/images/shaft.png"]. @02-11-2021 13:54:20.0397 PM
[ReportManager] Successfully created attachment [File Action Actual Result - Command Log] @02-11-2021 13:54:20.0398 P
[ReportManager] Browser Action [CloseCurrentWindow] successfully performed. @02-11-2021 13:54:20.0841 PM
[ReportManager] Successfully created attachment [Browser Action Test Data - CloseCurrentWindow - Actual Value] @02-11-2021 13:54:20.0842 P
[ReportManager] File Action [GetAbsolutePath] successfully performed. With the following test data [Relative Folder Path: "target/downloadedFiles/"]. @02-11-2021 13:54:20.0846 PM
[ReportManager] Attempting to run locally on: [Mac-64], [Safari], Headless Execution. @02-11-2021 13:54:20.0846 PM
[ReportManager] Successfully Opened Safari. @02-11-2021 13:54:21.0796 PM
[ReportManager] Initial window size: (800, 600) @02-11-2021 13:54:21.0852 PM
[ReportManager] Window size after SWD Maximize: (1176, 811) @02-11-2021 13:54:21.0872 PM
[ReportManager] Browser Action [MaximizeWindow] successfully performed. With the following test data [New screen size is now: (1176, 811)]. @02-11-2021 13:54:21.0872 P

################################################################################################################################################
Starting Execution:	[70 out of 144] test cases in the current suite
Test Method:		[testPackage01.Test_uploadFile.uploadFile_visibleUploadInput]
################################################################################################################################################
[ReportManager] Target URL: [http://demo.guru99.com/test/upload/] @02-11-2021 13:54:21.0874 PM
[ReportManager] Initial URL: [] @02-11-2021 13:54:21.0933 PM
[ReportManager] Browser Action [NavigateToURL] successfully performed. With the following test data [http://demo.guru99.com/test/upload/]. @02-11-2021 13:54:23.0185 PM
[ReportManager] File Action [GetAbsolutePath] successfully performed. With the following test data [Relative File Path: "src/main/resources/images/shaft.png"]. @02-11-2021 13:54:23.0186 PM
[ReportManager] Successfully created attachment [File Action Actual Result - Command Log] @02-11-2021 13:54:23.0193 PM
[ReportManager] Element Action [TypeFileLocationForUpload] successfully performed. With the following test data [/Users/runner/work/SHAFT_ENGINE/SHAFT_ENGINE/src/main/resources/images/shaft.png]. @02-11-2021 13:54:23.0244 PM
[ReportManager] Element Action [Click] successfully performed. With the following test data [on]. @02-11-2021 13:54:23.0521 PM
[ReportManager] Element Action [Click] successfully performed. With the following test data [ Submit File]. @02-11-2021 13:54:23.0787 PM
[ReportManager] Element Action [GetText] successfully performed. With the following test data [1 file has been successfully uploaded.]. @02-11-2021 13:54:24.0621 PM
[ReportManager] Loaded Shared OpenCV @02-11-2021 13:54:24.0686 PM
[ReportManager] Assertion [ValidateElementAttribute] PASSED. Expected [Value Should be '1 file' for the 'Text' attribute, element locator 'By.id: res'] and Actual [1 file has been successfully uploaded.]. Comparison Type [CONTAINS]. Validation Type [POSITIVE]. @02-11-2021 13:54:24.0790 PM
[ReportManager] Successfully created attachment [Screenshot - 1635861264686_uploadFile_visibleUploadInput_ValidateElementAttribute_passed] @02-11-2021 13:54:24.0791 P
[ReportManager] Browser Action [CloseCurrentWindow] successfully performed. @02-11-2021 13:54:25.0035 PM
[ReportManager] Successfully created attachment [Browser Action Test Data - CloseCurrentWindow - Actual Value] @02-11-2021 13:54:25.0036 P

################################################################################################################################################
Starting Execution:	[71 out of 144] test cases in the current suite
Test Method:		[testPackage01.Test_AssertApiResponseEquals.assertApiResponseEquals_expectedToPass]
################################################################################################################################################
[ReportManager] Response status code: [200], status line: [HTTP/1.1 200 OK] @02-11-2021 13:54:25.0092 PM
[ReportManager] Assertion Passed: Evaluating the actual response status code against the expected one... @02-11-2021 13:54:25.0092 PM
[ReportManager] Assertion [ValidateEquals] PASSED. Expected [200] and Actual [200]. Comparison Type [EQUALS]. Validation Type [POSITIVE]. @02-11-2021 13:54:25.0092 PM
[ReportManager] API Action [PerformRequest] successfully performed. With the following test data [Request Type: "GET" | Target Status Code: "200" | Service URL: "https://jsonplaceholder.typicode.com/users" | Content Type: "*/*" | Response Time: "47ms"]. @02-11-2021 13:54:25.0120 PM
[ReportManager] Successfully created attachment [API Request - Specifications] @02-11-2021 13:54:25.0120 PM
[ReportManager] Successfully created attachment [API Response - JSON Body] @02-11-2021 13:54:25.0121 PM
[ReportManager] API Action [GetResponseJSONValueAsList] successfully performed. With the following test data [$]. @02-11-2021 13:54:25.0128 PM
[ReportManager] API Action [GetResponseJSONValue] successfully performed. With the following test data [name]. @02-11-2021 13:54:25.0142 PM
[ReportManager] API Action [GetResponseJSONValue] successfully performed. With the following test data [email]. @02-11-2021 13:54:25.0156 PM
[ReportManager] Verification [ValidateEquals] PASSED. Expected [Sincere@april.biz] and Actual [Sincere@april.biz]. Comparison Type [EQUALS]. Validation Type [POSITIVE]. @02-11-2021 13:54:25.0156 PM
[ReportManager] API Action [GetResponseJSONValue] successfully performed. With the following test data [username]. @02-11-2021 13:54:25.0169 PM
[ReportManager] Assertion [ValidateEquals] PASSED. Expected [Bret] and Actual [Bret]. Comparison Type [EQUALS]. Validation Type [POSITIVE]. @02-11-2021 13:54:25.0169 PM
[ReportManager] API Action [GetResponseJSONValue] successfully performed. With the following test data [name]. @02-11-2021 13:54:25.0181 PM
[ReportManager] API Action [GetResponseJSONValue] successfully performed. With the following test data [name]. @02-11-2021 13:54:25.0194 PM
[ReportManager] API Action [GetResponseJSONValue] successfully performed. With the following test data [name]. @02-11-2021 13:54:25.0206 PM
[ReportManager] API Action [GetResponseJSONValue] successfully performed. With the following test data [name]. @02-11-2021 13:54:25.0220 PM
[ReportManager] API Action [GetResponseJSONValue] successfully performed. With the following test data [name]. @02-11-2021 13:54:25.0231 PM
[ReportManager] API Action [GetResponseJSONValue] successfully performed. With the following test data [name]. @02-11-2021 13:54:25.0246 PM
[ReportManager] API Action [GetResponseJSONValue] successfully performed. With the following test data [name]. @02-11-2021 13:54:25.0259 PM
[ReportManager] API Action [GetResponseJSONValue] successfully performed. With the following test data [name]. @02-11-2021 13:54:25.0271 PM
[ReportManager] API Action [GetResponseJSONValue] successfully performed. With the following test data [name]. @02-11-2021 13:54:25.0283 P

################################################################################################################################################
Starting Execution:	[72 out of 144] test cases in the current suite
Test Method:		[testPackage01.Test_testData.f]
################################################################################################################################################
[ReportManager] Successfully loaded the following test data file [src/test/resources/TestDataFiles/testSuite01/TestData.xlsx]. @02-11-2021 13:54:25.0350 PM
[ReportManager] Successfully created attachment [Test Data - Excel] @02-11-2021 13:54:25.0350 PM
[ReportManager] Last Column Number is: [3]. Zero-based. @02-11-2021 13:54:25.0351 P

################################################################################################################################################
Starting Execution:	[73 out of 144] test cases in the current suite
Test Method:		[testPackage01.Test_PDF.testPDF_Downloaded]
################################################################################################################################################
[ReportManager] File Action [DoesFileExist] successfully performed. With the following test data [File Path: "src/test/resources/TestDataFiles/sample.pdf"]. @02-11-2021 13:54:25.0359 PM
[ReportManager] File Action [GetAbsolutePath] successfully performed. With the following test data [Relative File Path: "src/test/resources/TestDataFiles/sample.pdf"]. @02-11-2021 13:54:25.0359 PM
[ReportManager] Assertion [ValidateTrue] PASSED. Expected [TRUE] and Actual [TRUE]. Validation Type [POSITIVE]. @02-11-2021 13:54:29.0078 P
[ReportManager] File Action [GetAbsolutePath] successfully performed. With the following test data [Relative Folder Path: "target/downloadedFiles/"]. @02-11-2021 13:54:29.0082 PM
[ReportManager] Attempting to run locally on: [Mac-64], [Safari], Headless Execution. @02-11-2021 13:54:29.0082 PM
[ReportManager] Successfully Opened Safari. @02-11-2021 13:54:30.0207 PM
[ReportManager] Initial window size: (800, 600) @02-11-2021 13:54:30.0223 PM
[ReportManager] Window size after SWD Maximize: (1176, 811) @02-11-2021 13:54:30.0233 PM
[ReportManager] Browser Action [MaximizeWindow] successfully performed. With the following test data [New screen size is now: (1176, 811)]. @02-11-2021 13:54:30.0233 P

################################################################################################################################################
Starting Execution:	[74 out of 144] test cases in the current suite
Test Method:		[testPackage01.Test_ShadowDOM.shadowdom]
################################################################################################################################################
[ReportManager] Target URL: [https://mdn.github.io/web-components-examples/popup-info-box-web-component/] @02-11-2021 13:54:30.0237 PM
[ReportManager] Initial URL: [] @02-11-2021 13:54:30.0274 PM
[ReportManager] Browser Action [NavigateToURL] successfully performed. With the following test data [https://mdn.github.io/web-components-examples/popup-info-box-web-component/]. @02-11-2021 13:54:30.0731 PM
[ReportManager] Element Action [Type] successfully performed. With the following test data [Typing into SHADOW DOM...]. @02-11-2021 13:54:31.0676 PM
[ReportManager] Element Action [GetText] successfully performed. With the following test data [Typing into SHADOW DOM...]. @02-11-2021 13:54:31.0720 PM
[ReportManager] Loaded Shared OpenCV @02-11-2021 13:54:31.0776 PM
[ReportManager] Assertion [ValidateElementAttribute] PASSED. Expected [Value Should be 'Typing into SHADOW DOM...' for the 'Text' attribute, element locator 'By.id: cvc'] and Actual [Typing into SHADOW DOM...]. Comparison Type [EQUALS]. Validation Type [POSITIVE]. @02-11-2021 13:54:31.0993 PM
[ReportManager] Successfully created attachment [Screenshot - 1635861271776_shadowdom_ValidateElementAttribute_passed] @02-11-2021 13:54:31.0993 P
[ReportManager] Browser Action [CloseCurrentWindow] successfully performed. @02-11-2021 13:54:32.0097 PM
[ReportManager] Successfully created attachment [Browser Action Test Data - CloseCurrentWindow - Actual Value] @02-11-2021 13:54:32.0103 P
[ReportManager] File Action [GetAbsolutePath] successfully performed. With the following test data [Relative Folder Path: "target/downloadedFiles/"]. @02-11-2021 13:54:32.0110 PM
[ReportManager] Attempting to run locally on: [Mac-64], [Safari], Headless Execution. @02-11-2021 13:54:32.0110 PM
[ReportManager] Successfully Opened Safari. @02-11-2021 13:54:32.0926 PM
[ReportManager] Initial window size: (800, 600) @02-11-2021 13:54:32.0931 PM
[ReportManager] Window size after SWD Maximize: (1176, 811) @02-11-2021 13:54:32.0951 PM
[ReportManager] Browser Action [MaximizeWindow] successfully performed. With the following test data [New screen size is now: (1176, 811)]. @02-11-2021 13:54:32.0951 P

################################################################################################################################################
Starting Execution:	[75 out of 144] test cases in the current suite
Test Method:		[testPackage01.Test_clipboardActions.typeTextAndCopyPaste]
################################################################################################################################################
[ReportManager] Target URL: [https://www.google.com/ncr], and after redirection: [https://www.google.com] @02-11-2021 13:54:32.0955 PM
[ReportManager] Initial URL: [] @02-11-2021 13:54:33.0002 PM
[ReportManager] Browser Action [NavigateToURL] successfully performed. With the following test data [https://www.google.com/ncr]. @02-11-2021 13:54:34.0234 PM
[ReportManager] Element Action [Type] successfully performed. With the following test data [FIRST]. @02-11-2021 13:54:34.0566 P
[ReportManager] Browser Action [CloseCurrentWindow] successfully performed. @02-11-2021 13:54:34.0836 PM
[ReportManager] Successfully created attachment [Browser Action Test Data - CloseCurrentWindow - Actual Value] @02-11-2021 13:54:34.0837 P

################################################################################################################################################
Starting Execution:	[76 out of 144] test cases in the current suite
Test Method:		[testPackage01.Test_NewValidationHelper.f1]
################################################################################################################################################
[ReportManager] Assertion Passed: Checking valid user data @02-11-2021 13:54:34.0840 PM
[ReportManager] Successfully created attachment [Validation Test Data - Expected Value] @02-11-2021 13:54:34.0841 PM
[ReportManager] Successfully created attachment [Validation Test Data - Actual Value] @02-11-2021 13:54:34.0841 PM
[ReportManager] Assertion [ValidateEquals] PASSED. Expected and Actual values are attached. Comparison Type [EQUALS]. Validation Type [POSITIVE]. @02-11-2021 13:54:34.0842 P
[ReportManager] File Action [GetAbsolutePath] successfully performed. With the following test data [Relative Folder Path: "target/downloadedFiles/"]. @02-11-2021 13:54:34.0845 PM
[ReportManager] Attempting to run locally on: [Mac-64], [Safari], Headless Execution. @02-11-2021 13:54:34.0845 PM
[ReportManager] Successfully Opened Safari. @02-11-2021 13:54:35.0676 PM
[ReportManager] Initial window size: (800, 600) @02-11-2021 13:54:35.0685 PM
[ReportManager] Window size after SWD Maximize: (1176, 811) @02-11-2021 13:54:35.0785 PM
[ReportManager] Browser Action [MaximizeWindow] successfully performed. With the following test data [New screen size is now: (1176, 811)]. @02-11-2021 13:54:35.0785 PM
[ReportManager] Target URL: [https://the-internet.herokuapp.com/] @02-11-2021 13:54:35.0785 PM
[ReportManager] Initial URL: [] @02-11-2021 13:54:35.0826 PM
[ReportManager] Browser Action [NavigateToURL] successfully performed. With the following test data [https://the-internet.herokuapp.com/]. @02-11-2021 13:54:37.0121 P

################################################################################################################################################
Starting Execution:	[77 out of 144] test cases in the current suite
Test Method:		[testPackage01.Test_NewValidationHelper.f10]
################################################################################################################################################
[ReportManager] Assertion [ValidateElementExists] FAILED. Expected [Element Should Exist, locator 'By.tagName: div'] and Actual [Element Exists but is not unique]. Comparison Type [EQUALS]. Validation Type [POSITIVE]. @02-11-2021 13:54:37.0287 PM
[ReportManager] Successfully created attachment [Screenshot - 1635861277199_f10_ValidateElementExists_failed] @02-11-2021 13:54:37.0288 P



################################################################################################################################################
Starting Execution:	[78 out of 144] test cases in the current suite
Test Method:		[testPackage01.Test_NewValidationHelper.f11]
###############################################################################################################################################



################################################################################################################################################
Starting Execution:	[79 out of 144] test cases in the current suite
Test Method:		[testPackage01.Test_NewValidationHelper.f12]
###############################################################################################################################################



################################################################################################################################################
Starting Execution:	[80 out of 144] test cases in the current suite
Test Method:		[testPackage01.Test_NewValidationHelper.f13]
###############################################################################################################################################



################################################################################################################################################
Starting Execution:	[81 out of 144] test cases in the current suite
Test Method:		[testPackage01.Test_NewValidationHelper.f14]
###############################################################################################################################################



################################################################################################################################################
Starting Execution:	[82 out of 144] test cases in the current suite
Test Method:		[testPackage01.Test_NewValidationHelper.f15]
###############################################################################################################################################



################################################################################################################################################
Starting Execution:	[83 out of 144] test cases in the current suite
Test Method:		[testPackage01.Test_NewValidationHelper.f16]
###############################################################################################################################################



################################################################################################################################################
Starting Execution:	[84 out of 144] test cases in the current suite
Test Method:		[testPackage01.Test_NewValidationHelper.f17]
###############################################################################################################################################



################################################################################################################################################
Starting Execution:	[85 out of 144] test cases in the current suite
Test Method:		[testPackage01.Test_NewValidationHelper.f18]
###############################################################################################################################################


################################################################################################################################################
Starting Execution:	[86 out of 144] test cases in the current suite
Test Method:		[testPackage01.Test_NewValidationHelper.f2]
###############################################################################################################################################


################################################################################################################################################
Starting Execution:	[87 out of 144] test cases in the current suite
Test Method:		[testPackage01.Test_NewValidationHelper.f20]
###############################################################################################################################################



################################################################################################################################################
Starting Execution:	[88 out of 144] test cases in the current suite
Test Method:		[testPackage01.Test_NewValidationHelper.f21]
###############################################################################################################################################



################################################################################################################################################
Starting Execution:	[89 out of 144] test cases in the current suite
Test Method:		[testPackage01.Test_NewValidationHelper.f22]
###############################################################################################################################################


################################################################################################################################################
Starting Execution:	[90 out of 144] test cases in the current suite
Test Method:		[testPackage01.Test_NewValidationHelper.f23]
###############################################################################################################################################

################################################################################################################################################
Starting Execution:	[91 out of 144] test cases in the current suite
Test Method:		[testPackage01.Test_NewValidationHelper.f24]
###############################################################################################################################################

################################################################################################################################################
Starting Execution:	[92 out of 144] test cases in the current suite
Test Method:		[testPackage01.Test_NewValidationHelper.f25]
###############################################################################################################################################

################################################################################################################################################
Starting Execution:	[93 out of 144] test cases in the current suite
Test Method:		[testPackage01.Test_NewValidationHelper.f26]
###############################################################################################################################################

################################################################################################################################################
Starting Execution:	[94 out of 144] test cases in the current suite
Test Method:		[testPackage01.Test_NewValidationHelper.f27]
###############################################################################################################################################

################################################################################################################################################
Starting Execution:	[95 out of 144] test cases in the current suite
Test Method:		[testPackage01.Test_NewValidationHelper.f28]
###############################################################################################################################################

################################################################################################################################################
Starting Execution:	[96 out of 144] test cases in the current suite
Test Method:		[testPackage01.Test_NewValidationHelper.f29]
###############################################################################################################################################

################################################################################################################################################
Starting Execution:	[97 out of 144] test cases in the current suite
Test Method:		[testPackage01.Test_NewValidationHelper.f3]
###############################################################################################################################################

################################################################################################################################################
Starting Execution:	[98 out of 144] test cases in the current suite
Test Method:		[testPackage01.Test_NewValidationHelper.f30]
###############################################################################################################################################

################################################################################################################################################
Starting Execution:	[99 out of 144] test cases in the current suite
Test Method:		[testPackage01.Test_NewValidationHelper.f31]
###############################################################################################################################################

################################################################################################################################################
Starting Execution:	[100 out of 144] test cases in the current suite
Test Method:		[testPackage01.Test_NewValidationHelper.f32]
###############################################################################################################################################

################################################################################################################################################
Starting Execution:	[101 out of 144] test cases in the current suite
Test Method:		[testPackage01.Test_NewValidationHelper.f33]
###############################################################################################################################################

################################################################################################################################################
Starting Execution:	[102 out of 144] test cases in the current suite
Test Method:		[testPackage01.Test_NewValidationHelper.f34]
###############################################################################################################################################

################################################################################################################################################
Starting Execution:	[103 out of 144] test cases in the current suite
Test Method:		[testPackage01.Test_NewValidationHelper.f35]
###############################################################################################################################################

################################################################################################################################################
Starting Execution:	[104 out of 144] test cases in the current suite
Test Method:		[testPackage01.Test_NewValidationHelper.f36]
###############################################################################################################################################

################################################################################################################################################
Starting Execution:	[105 out of 144] test cases in the current suite
Test Method:		[testPackage01.Test_NewValidationHelper.f37]
###############################################################################################################################################

################################################################################################################################################
Starting Execution:	[106 out of 144] test cases in the current suite
Test Method:		[testPackage01.Test_NewValidationHelper.f3_1]
###############################################################################################################################################

################################################################################################################################################
Starting Execution:	[107 out of 144] test cases in the current suite
Test Method:		[testPackage01.Test_NewValidationHelper.f4]
###############################################################################################################################################

################################################################################################################################################
Starting Execution:	[108 out of 144] test cases in the current suite
Test Method:		[testPackage01.Test_NewValidationHelper.f5]
###############################################################################################################################################

################################################################################################################################################
Starting Execution:	[109 out of 144] test cases in the current suite
Test Method:		[testPackage01.Test_NewValidationHelper.f6]
###############################################################################################################################################

################################################################################################################################################
Starting Execution:	[110 out of 144] test cases in the current suite
Test Method:		[testPackage01.Test_NewValidationHelper.f6_1]
###############################################################################################################################################

################################################################################################################################################
Starting Execution:	[111 out of 144] test cases in the current suite
Test Method:		[testPackage01.Test_NewValidationHelper.f6_2]
###############################################################################################################################################

################################################################################################################################################
Starting Execution:	[112 out of 144] test cases in the current suite
Test Method:		[testPackage01.Test_NewValidationHelper.f7]
###############################################################################################################################################


################################################################################################################################################
Starting Execution:	[113 out of 144] test cases in the current suite
Test Method:		[testPackage01.Test_NewValidationHelper.f8]
###############################################################################################################################################



################################################################################################################################################
Starting Execution:	[114 out of 144] test cases in the current suite
Test Method:		[testPackage01.Test_NewValidationHelper.f9]
###############################################################################################################################################


################################################################################################################################################
Starting Execution:	[115 out of 144] test cases in the current suite
Test Method:		[testPackage01.Test_NewValidationHelper.forceFail]
###############################################################################################################################################

################################################################################################################################################
Starting Execution:	[116 out of 144] test cases in the current suite
Test Method:		[testPackage01.Test_NewValidationHelper.forceFail2]
###############################################################################################################################################

################################################################################################################################################
Starting Execution:	[117 out of 144] test cases in the current suite
Test Method:		[testPackage01.Test_JsonActions.f]
###############################################################################################################################################

################################################################################################################################################
Starting Execution:	[118 out of 144] test cases in the current suite
Test Method:		[testPackage01.Test_JsonActions.f2]
###############################################################################################################################################

################################################################################################################################################
Starting Execution:	[119 out of 144] test cases in the current suite
Test Method:		[testPackage01.Test_sendGraphqlRequest.sendGraphqlRequestUsingMutationAndVariables]
################################################################################################################################################
[ReportManager] GraphQl Request is being Performed with the Following Parameters [Service URL: https://api.spacex.land/graphql | Request Body: {"variables":"{\"name\": \"sherlock holmes\",\"rocket\": \"221B Baker Street\"}","query":"mutation ($name: String, $rocket: String) {\n  insert_users(objects: {name: $name, rocket: $rocket}) {\n    returning {\n      name\n      rocket\n    }\n  }\n}"}] @02-11-2021 13:54:37.0622 PM
[ReportManager] Response status code: [200], status line: [HTTP/1.1 200 OK] @02-11-2021 13:54:38.0189 PM
[ReportManager] Assertion Passed: Evaluating the actual response status code against the expected one... @02-11-2021 13:54:38.0190 PM
[ReportManager] Assertion [ValidateEquals] PASSED. Expected [200] and Actual [200]. Comparison Type [EQUALS]. Validation Type [POSITIVE]. @02-11-2021 13:54:38.0190 PM
[ReportManager] API Action [PerformRequest] successfully performed. With the following test data [Request Type: "POST" | Target Status Code: "200" | Service URL: "https://api.spacex.land/graphql" | Content Type: "application/json" | Response Time: "455ms"]. @02-11-2021 13:54:38.0261 PM
[ReportManager] Successfully created attachment [API Request - Specifications] @02-11-2021 13:54:38.0262 PM
[ReportManager] Successfully created attachment [API Request - JSON Body] @02-11-2021 13:54:38.0263 PM
[ReportManager] Successfully created attachment [API Response - JSON Body] @02-11-2021 13:54:38.0263 PM
[ReportManager] API Action [GetResponseJSONValue] successfully performed. With the following test data [data.insert_users.returning[0].name]. @02-11-2021 13:54:38.0387 PM
[ReportManager] Assertion [ValidateEquals] PASSED. Expected [sherlock holmes] and Actual [sherlock holmes]. Comparison Type [EQUALS]. Validation Type [POSITIVE]. @02-11-2021 13:54:38.0388 P

################################################################################################################################################
Starting Execution:	[120 out of 144] test cases in the current suite
Test Method:		[testPackage01.Test_sendGraphqlRequest.sendGraphqlRequestUsingQuery]
################################################################################################################################################
[ReportManager] GraphQl Request is being Performed with the Following Parameters [Service URL: https://api.spacex.land/graphql | Request Body: {"query":"{company {ceo}}"}] @02-11-2021 13:54:38.0392 PM
[ReportManager] Response status code: [200], status line: [HTTP/1.1 200 OK] @02-11-2021 13:54:38.0669 PM
[ReportManager] Assertion Passed: Evaluating the actual response status code against the expected one... @02-11-2021 13:54:38.0669 PM
[ReportManager] Assertion [ValidateEquals] PASSED. Expected [200] and Actual [200]. Comparison Type [EQUALS]. Validation Type [POSITIVE]. @02-11-2021 13:54:38.0669 PM
[ReportManager] API Action [PerformRequest] successfully performed. With the following test data [Request Type: "POST" | Target Status Code: "200" | Service URL: "https://api.spacex.land/graphql" | Content Type: "application/json" | Response Time: "270ms"]. @02-11-2021 13:54:38.0683 PM
[ReportManager] Successfully created attachment [API Request - Specifications] @02-11-2021 13:54:38.0684 PM
[ReportManager] Successfully created attachment [API Request - JSON Body] @02-11-2021 13:54:38.0684 PM
[ReportManager] Successfully created attachment [API Response - JSON Body] @02-11-2021 13:54:38.0685 PM
[ReportManager] API Action [GetResponseJSONValue] successfully performed. With the following test data [data.company.ceo]. @02-11-2021 13:54:38.0698 PM
[ReportManager] Assertion [ValidateEquals] PASSED. Expected [Elon Musk] and Actual [Elon Musk]. Comparison Type [EQUALS]. Validation Type [POSITIVE]. @02-11-2021 13:54:38.0699 P

################################################################################################################################################
Starting Execution:	[121 out of 144] test cases in the current suite
Test Method:		[testPackage01.Test_MatchJsonSchema.checkAPI_ResponseSchema]
################################################################################################################################################
[ReportManager] Response status code: [200], status line: [HTTP/1.1 200 OK] @02-11-2021 13:54:38.0826 PM
[ReportManager] Assertion Passed: Evaluating the actual response status code against the expected one... @02-11-2021 13:54:38.0827 PM
[ReportManager] Assertion [ValidateEquals] PASSED. Expected [200] and Actual [200]. Comparison Type [EQUALS]. Validation Type [POSITIVE]. @02-11-2021 13:54:38.0827 PM
[ReportManager] API Action [PerformRequest] successfully performed. With the following test data [Request Type: "GET" | Target Status Code: "200" | Service URL: "http://api.zippopotam.us/us/90210" | Content Type: "*/*" | Response Time: "118ms"]. @02-11-2021 13:54:38.0841 PM
[ReportManager] Successfully created attachment [API Request - Specifications] @02-11-2021 13:54:38.0841 PM
[ReportManager] Successfully created attachment [API Response - JSON Body] @02-11-2021 13:54:38.0842 PM
[ReportManager] File Action [GetAbsolutePath] successfully performed. With the following test data [Relative Folder Path: "src/test/resources/TestJsonFiles/schema.json"]. @02-11-2021 13:54:38.0846 PM
[ReportManager] File Action [GetAbsolutePath] successfully performed. With the following test data [Relative Folder Path: "/Users/runner/work/SHAFT_ENGINE/SHAFT_ENGINE/src/test/resources/TestJsonFiles/schema.json"]. @02-11-2021 13:54:39.0655 PM
[ReportManager] File Action [ReadFromFile] successfully performed. With the following test data [File Path: "/Users/runner/work/SHAFT_ENGINE/SHAFT_ENGINE/src/test/resources/TestJsonFiles/schema.json"]. @02-11-2021 13:54:39.0661 PM
[ReportManager] Assertion [ValidateResponseFileSchema] PASSED. Expected [Response data should match the JSON File in this path '/Users/runner/work/SHAFT_ENGINE/SHAFT_ENGINE/src/test/resources/TestJsonFiles/schema.json'] and Actual [TRUE]. Comparison Type [EQUALS]. Validation Type [POSITIVE]. @02-11-2021 13:54:39.0664 PM
[ReportManager] Successfully created attachment [Validation Test Data - Expected JSON Value] @02-11-2021 13:54:39.0665 PM
[ReportManager] Successfully created attachment [Validation Test Data - Actual JSON Value] @02-11-2021 13:54:39.0666 P
[ReportManager] File Action [GetAbsolutePath] successfully performed. With the following test data [Relative Folder Path: "target/downloadedFiles/"]. @02-11-2021 13:54:39.0669 PM
[ReportManager] Attempting to run locally on: [Mac-64], [Safari], Headless Execution. @02-11-2021 13:54:39.0669 PM
[ReportManager] Successfully Opened Safari. @02-11-2021 13:54:40.0472 PM
[ReportManager] Initial window size: (800, 600) @02-11-2021 13:54:40.0486 PM
[ReportManager] Window size after SWD Maximize: (1176, 811) @02-11-2021 13:54:40.0498 PM
[ReportManager] Browser Action [MaximizeWindow] successfully performed. With the following test data [New screen size is now: (1176, 811)]. @02-11-2021 13:54:40.0498 P

################################################################################################################################################
Starting Execution:	[122 out of 144] test cases in the current suite
Test Method:		[testPackage01.Test_dragAndDrop.dragAndDropJquery]
################################################################################################################################################
[ReportManager] Target URL: [https://jqueryui.com/resources/demos/droppable/default.html] @02-11-2021 13:54:40.0500 PM
[ReportManager] Initial URL: [] @02-11-2021 13:54:40.0565 PM
[ReportManager] Browser Action [NavigateToURL] successfully performed. With the following test data [https://jqueryui.com/resources/demos/droppable/default.html]. @02-11-2021 13:54:40.0993 PM
[ReportManager] Element Action [GetText] successfully performed. With the following test data [
	Drop here
]. @02-11-2021 13:54:41.0029 PM
[ReportManager] Element Action [DragAndDrop] successfully performed. With the following test data [Start point: (8, 18), End point: (8, 18)]. @02-11-2021 13:54:42.0080 PM
[ReportManager] Element Action [GetText] successfully performed. With the following test data [
	Dropped!
]. @02-11-2021 13:54:42.0104 PM
[ReportManager] Assertion Passed: Checking to see if the text has changed after performing drag and drop @02-11-2021 13:54:42.0105 PM
[ReportManager] Assertion [ValidateEquals] PASSED. Expected [
	Drop here
] and Actual [
	Dropped!
]. Comparison Type [EQUALS]. Validation Type [NEGATIVE]. @02-11-2021 13:54:42.0105 P
[ReportManager] Browser Action [CloseCurrentWindow] successfully performed. @02-11-2021 13:54:42.0223 PM
[ReportManager] Successfully created attachment [Browser Action Test Data - CloseCurrentWindow - Actual Value] @02-11-2021 13:54:42.0224 P
[ReportManager] File Action [GetAbsolutePath] successfully performed. With the following test data [Relative Folder Path: "target/downloadedFiles/"]. @02-11-2021 13:54:42.0226 PM
[ReportManager] Attempting to run locally on: [Mac-64], [Safari], Headless Execution. @02-11-2021 13:54:42.0226 PM
[ReportManager] Successfully Opened Safari. @02-11-2021 13:54:43.0050 PM
[ReportManager] Initial window size: (800, 600) @02-11-2021 13:54:43.0084 PM
[ReportManager] Window size after SWD Maximize: (1176, 811) @02-11-2021 13:54:43.0105 PM
[ReportManager] Browser Action [MaximizeWindow] successfully performed. With the following test data [New screen size is now: (1176, 811)]. @02-11-2021 13:54:43.0106 P

################################################################################################################################################
Starting Execution:	[123 out of 144] test cases in the current suite
Test Method:		[testPackage01.Test_dragAndDrop.dragAndDrop]
Test Description:	[TC001 - Test Drag and Drop function.]
################################################################################################################################################
[ReportManager] Target URL: [http://the-internet.herokuapp.com/drag_and_drop] @02-11-2021 13:54:43.0118 PM
[ReportManager] Initial URL: [] @02-11-2021 13:54:43.0218 PM
[ReportManager] Browser Action [NavigateToURL] successfully performed. With the following test data [http://the-internet.herokuapp.com/drag_and_drop]. @02-11-2021 13:54:44.0268 PM
[ReportManager] Attempting Drag and Drop @02-11-2021 13:54:44.0269 PM
[ReportManager] Element Action [DragAndDrop] successfully performed. With the following test data [Start point: (120, 89), End point: (335, 89)]. @02-11-2021 13:54:44.0891 P
[ReportManager] Browser Action [CloseCurrentWindow] successfully performed. @02-11-2021 13:54:45.0115 PM
[ReportManager] Successfully created attachment [Browser Action Test Data - CloseCurrentWindow - Actual Value] @02-11-2021 13:54:45.0116 P
[ReportManager] File Action [GetAbsolutePath] successfully performed. With the following test data [Relative Folder Path: "target/downloadedFiles/"]. @02-11-2021 13:54:45.0118 PM
[ReportManager] Attempting to run locally on: [Mac-64], [Safari], Headless Execution. @02-11-2021 13:54:45.0118 PM
[ReportManager] Successfully Opened Safari. @02-11-2021 13:54:45.0967 PM
[ReportManager] Initial window size: (800, 600) @02-11-2021 13:54:45.0990 PM
[ReportManager] Window size after SWD Maximize: (1176, 811) @02-11-2021 13:54:46.0001 PM
[ReportManager] Browser Action [MaximizeWindow] successfully performed. With the following test data [New screen size is now: (1176, 811)]. @02-11-2021 13:54:46.0001 P

################################################################################################################################################
Starting Execution:	[124 out of 144] test cases in the current suite
Test Method:		[testPackage01.Test_dragAndDrop.dragAndDropByOffset]
Test Description:	[TC002 - Test Drag and Drop by offset function.]
################################################################################################################################################
[ReportManager] Target URL: [https://jqueryui.com/resources/demos/draggable/default.html] @02-11-2021 13:54:46.0004 PM
[ReportManager] Initial URL: [] @02-11-2021 13:54:46.0067 PM
[ReportManager] Browser Action [NavigateToURL] successfully performed. With the following test data [https://jqueryui.com/resources/demos/draggable/default.html]. @02-11-2021 13:54:46.0556 PM
[ReportManager] Element Action [DragAndDropByOffset] successfully performed. With the following test data [Start point: (8, 8), End point: (108, 58)]. @02-11-2021 13:54:47.0316 P
[ReportManager] Browser Action [CloseCurrentWindow] successfully performed. @02-11-2021 13:54:47.0561 PM
[ReportManager] Successfully created attachment [Browser Action Test Data - CloseCurrentWindow - Actual Value] @02-11-2021 13:54:47.0561 P
[ReportManager] Successfully loaded the following test data file [src/test/resources/TestDataFiles/testSuite01/TestData.xlsx]. @02-11-2021 13:54:47.0592 PM
[ReportManager] Successfully created attachment [Test Data - Excel] @02-11-2021 13:54:47.0593 PM
[ReportManager] File Action [GetAbsolutePath] successfully performed. With the following test data [Relative Folder Path: "target/downloadedFiles/"]. @02-11-2021 13:54:47.0593 PM
[ReportManager] Attempting to run locally on: [Mac-64], [Safari], Headless Execution. @02-11-2021 13:54:47.0593 PM
[ReportManager] Successfully Opened Safari. @02-11-2021 13:54:48.0376 PM
[ReportManager] Initial window size: (800, 600) @02-11-2021 13:54:48.0383 PM
[ReportManager] Window size after SWD Maximize: (1176, 811) @02-11-2021 13:54:48.0401 PM
[ReportManager] Browser Action [MaximizeWindow] successfully performed. With the following test data [New screen size is now: (1176, 811)]. @02-11-2021 13:54:48.0402 P

################################################################################################################################################
Starting Execution:	[125 out of 144] test cases in the current suite
Test Method:		[testPackage01.Test_google.navigateToURLandVerifyGoogleLogoIsDisplayed]
Test Description:	[TC001 - Navigate to URL and Verify Google Logo is Displayed]
################################################################################################################################################
[ReportManager] Target URL: [https://www.google.com/ncr], and after redirection: [https://www.google.com] @02-11-2021 13:54:48.0405 PM
[ReportManager] Initial URL: [] @02-11-2021 13:54:48.0471 PM
[ReportManager] Browser Action [NavigateToURL] successfully performed. With the following test data [https://www.google.com/ncr]. @02-11-2021 13:54:49.0831 PM
[ReportManager] Loaded Shared OpenCV @02-11-2021 13:54:49.0904 PM
[ReportManager] Assertion [ValidateElementExists] PASSED. Expected [Element Should Exist, locator 'By.xpath: //*[@id='hplogo' or @alt='Google']'] and Actual [Element Exists]. Comparison Type [EQUALS]. Validation Type [POSITIVE]. @02-11-2021 13:54:50.0058 PM
[ReportManager] Successfully created attachment [Screenshot - 1635861289904_navigateToURLandVerifyGoogleLogoIsDisplayed_ValidateElementExists_passed] @02-11-2021 13:54:50.0060 P

################################################################################################################################################
Starting Execution:	[126 out of 144] test cases in the current suite
Test Method:		[testPackage01.Test_google.searchForQueryandAssertResultsNumDisplayed]
Test Description:	[TC002 - Search for Query and Assert that the number of results is displayed]
################################################################################################################################################
[ReportManager] Element Action [Type] successfully performed. With the following test data [SHAFT_Engine]. @02-11-2021 13:54:50.0595 PM
[ReportManager] Element Action [KeyPress] successfully performed. With the following test data [Enter]. @02-11-2021 13:54:50.0649 P

################################################################################################################################################
Starting Execution:	[127 out of 144] test cases in the current suite
Test Method:		[testPackage01.Test_google.clickNextThrice]
Test Description:	[TC003 - Clicks the next button to make sure that the framework can scroll element into view before clicking it]
###############################################################################################################################################
[ReportManager] Browser Action [CloseCurrentWindow] successfully performed. @02-11-2021 13:54:50.0763 PM
[ReportManager] Successfully created attachment [Browser Action Test Data - CloseCurrentWindow - Actual Value] @02-11-2021 13:54:50.0767 P

################################################################################################################################################
Starting Execution:	[128 out of 144] test cases in the current suite
Test Method:		[testPackage01.Test_chainableElementActions.chainElementActions]
################################################################################################################################################
[ReportManager] File Action [GetAbsolutePath] successfully performed. With the following test data [Relative Folder Path: "target/downloadedFiles/"]. @02-11-2021 13:54:50.0771 PM
[ReportManager] Attempting to run locally on: [Mac-64], [GoogleChrome], Headless Execution. @02-11-2021 13:54:50.0773 PM
[ReportManager] Identifying OS/Driver combination and selecting the correct driver version automatically. Please note that if a new driver executable will be downloaded it may take some time... @02-11-2021 13:54:50.0773 PM
[ReportManager] Successfully Opened Google Chrome. @02-11-2021 13:54:53.0832 PM
[ReportManager] Initial window size: (1920, 1080) @02-11-2021 13:54:53.0841 PM
[ReportManager] Window size after SWD Maximize: (1920, 1080) @02-11-2021 13:54:53.0951 PM
[ReportManager] Window size after Toolkit: (1920, 1080) @02-11-2021 13:54:54.0400 PM
[ReportManager] Browser Action [MaximizeWindow] successfully performed. With the following test data [New screen size is now: (1920, 1080)]. @02-11-2021 13:54:54.0403 PM
[ReportManager] Target URL: [https://www.google.com/ncr], and after redirection: [https://www.google.com] @02-11-2021 13:54:54.0404 PM
[ReportManager] Initial URL: [data:,] @02-11-2021 13:54:54.0436 PM
[ReportManager] Browser Action [NavigateToURL] successfully performed. With the following test data [https://www.google.com/ncr]. @02-11-2021 13:54:55.0385 PM
[ReportManager] Element Action [Type] successfully performed. With the following test data [chained type 1]. @02-11-2021 13:54:55.0769 PM
[ReportManager] Element Action [Type] successfully performed. With the following test data [chained type 2]. @02-11-2021 13:54:56.0063 PM
[ReportManager] Element Action [TypeAppend] successfully performed. With the following test data [345]. @02-11-2021 13:54:56.0146 PM
[ReportManager] Element Action [GetText] successfully performed. With the following test data [chained type 2345]. @02-11-2021 13:54:56.0230 PM
[ReportManager] Loaded Shared OpenCV @02-11-2021 13:54:56.0660 PM
[ReportManager] Assertion [ValidateElementAttribute] PASSED. Expected [Value Should be 'chained type 2345' for the 'text' attribute, element locator 'By.name: q'] and Actual [chained type 2345]. Comparison Type [EQUALS]. Validation Type [POSITIVE]. @02-11-2021 13:54:56.0849 PM
[ReportManager] Successfully created attachment [Screenshot - 1635861296660_chainElementActions_ValidateElementAttribute_passed] @02-11-2021 13:54:56.0850 PM
[ReportManager] Browser Action [CloseCurrentWindow] successfully performed. @02-11-2021 13:54:56.0995 PM
[ReportManager] Successfully created attachment [Browser Action Test Data - CloseCurrentWindow - Actual Value] @02-11-2021 13:54:56.0996 P

################################################################################################################################################
Starting Execution:	[129 out of 144] test cases in the current suite
Test Method:		[testPackage01.Test_JsonCompareWithSpecialCharacters.specialCharacters]
################################################################################################################################################
[ReportManager] File Action [GetAbsolutePath] successfully performed. With the following test data [Relative Folder Path: "src/test/resources/TestJsonFiles/specialCharacters.json"]. @02-11-2021 13:54:57.0010 PM
[ReportManager] File Action [ReadFromFile] successfully performed. With the following test data [File Path: "/Users/runner/work/SHAFT_ENGINE/SHAFT_ENGINE/src/test/resources/TestJsonFiles/specialCharacters.json"]. @02-11-2021 13:54:57.0011 PM
[ReportManager] Successfully created attachment [File Action Actual Result - Command Log] @02-11-2021 13:54:57.0012 PM
[ReportManager] Comparing the provided API response with the file at this path "src/test/resources/TestJsonFiles/specialCharacters.json", comparison type "EQUALS" @02-11-2021 13:54:57.0014 PM
[ReportManager] API Action [CompareJSON] successfully performed. With the following test data [src/test/resources/TestJsonFiles/specialCharacters.json]. @02-11-2021 13:54:57.0024 PM
[ReportManager] File Action [GetAbsolutePath] successfully performed. With the following test data [Relative Folder Path: "src/test/resources/TestJsonFiles/specialCharacters.json"]. @02-11-2021 13:54:57.0024 PM
[ReportManager] File Action [ReadFromFile] successfully performed. With the following test data [File Path: "/Users/runner/work/SHAFT_ENGINE/SHAFT_ENGINE/src/test/resources/TestJsonFiles/specialCharacters.json"]. @02-11-2021 13:54:57.0024 PM
[ReportManager] Verification [ValidateJSONFileContent] PASSED. Expected [Response data should match the JSON File in this path 'src/test/resources/TestJsonFiles/specialCharacters.json'] and Actual [TRUE]. Comparison Type [EQUALS]. Validation Type [POSITIVE]. @02-11-2021 13:54:57.0030 PM
[ReportManager] Successfully created attachment [Validation Test Data - Expected JSON Value] @02-11-2021 13:54:57.0031 PM
[ReportManager] Successfully created attachment [Validation Test Data - Actual JSON Value] @02-11-2021 13:54:57.0031 P

################################################################################################################################################
Starting Execution:	[130 out of 144] test cases in the current suite
Test Method:		[testPackage01.Test_JsonCompareWithSpecialCharacters.specialCharacters_assertion]
################################################################################################################################################
[ReportManager] File Action [GetAbsolutePath] successfully performed. With the following test data [Relative Folder Path: "src/test/resources/TestJsonFiles/specialCharacters.json"]. @02-11-2021 13:54:57.0036 PM
[ReportManager] File Action [ReadFromFile] successfully performed. With the following test data [File Path: "/Users/runner/work/SHAFT_ENGINE/SHAFT_ENGINE/src/test/resources/TestJsonFiles/specialCharacters.json"]. @02-11-2021 13:54:57.0036 PM
[ReportManager] Successfully created attachment [File Action Actual Result - Command Log] @02-11-2021 13:54:57.0037 PM
[ReportManager] Comparing the provided API response with the file at this path "src/test/resources/TestJsonFiles/specialCharacters.json", comparison type "CONTAINS" @02-11-2021 13:54:57.0037 PM
[ReportManager] API Action [CompareJSON] successfully performed. With the following test data [src/test/resources/TestJsonFiles/specialCharacters.json]. @02-11-2021 13:54:57.0047 PM
[ReportManager] File Action [GetAbsolutePath] successfully performed. With the following test data [Relative Folder Path: "src/test/resources/TestJsonFiles/specialCharacters.json"]. @02-11-2021 13:54:57.0047 PM
[ReportManager] File Action [ReadFromFile] successfully performed. With the following test data [File Path: "/Users/runner/work/SHAFT_ENGINE/SHAFT_ENGINE/src/test/resources/TestJsonFiles/specialCharacters.json"]. @02-11-2021 13:54:57.0048 PM
[ReportManager] Assertion Passed: trying out the log message @02-11-2021 13:54:57.0052 PM
[ReportManager] Successfully created attachment [Validation Test Data - Expected JSON Value] @02-11-2021 13:54:57.0053 PM
[ReportManager] Successfully created attachment [Validation Test Data - Actual JSON Value] @02-11-2021 13:54:57.0053 PM
[ReportManager] Assertion [ValidateJSONFileContent] PASSED. Expected [Response data should match the JSON File in this path 'src/test/resources/TestJsonFiles/specialCharacters.json'] and Actual [TRUE]. Comparison Type [CONTAINS]. Validation Type [POSITIVE]. @02-11-2021 13:54:57.0053 P

################################################################################################################################################
Starting Execution:	[131 out of 144] test cases in the current suite
Test Method:		[testPackage01.Test_SkipDueToIssue.doNotSkip]
################################################################################################################################################
[ReportManager] This should not be skipped. @02-11-2021 13:54:57.0057 P

################################################################################################################################################
Starting Execution:	[132 out of 144] test cases in the current suite
Test Method:		[testPackage01.Test_SkipDueToIssue.skip]
################################################################################################################################################
[ReportManager] This should be skipped. @02-11-2021 13:54:57.0064 P

################################################################################################################################################
Starting Execution:	[133 out of 144] test cases in the current suite
Test Method:		[testPackage01.Test_SkipDueToIssue.skip2]
################################################################################################################################################
[ReportManager] This should be skipped. @02-11-2021 13:54:57.0071 P

################################################################################################################################################
Starting Execution:	[134 out of 144] test cases in the current suite
Test Method:		[testPackage01.Test_JSONFileManager.readStringFromJson]
################################################################################################################################################
[ReportManager] Successfully loaded the following test data file [src/test/resources/TestDataFiles/simpleJSON.json]. @02-11-2021 13:54:57.0077 PM
[ReportManager] Successfully created attachment [Test Data - JSON] @02-11-2021 13:54:57.0078 PM
[ReportManager] Assertion [ValidateEquals] PASSED. Expected [Mohab Mohie] and Actual [Mohab Mohie]. Comparison Type [EQUALS]. Validation Type [POSITIVE]. @02-11-2021 13:54:57.0094 P
[ReportManager] File Action [GetAbsolutePath] successfully performed. With the following test data [Relative Folder Path: "target/downloadedFiles/"]. @02-11-2021 13:54:57.0097 PM
[ReportManager] Attempting to run locally on: [Mac-64], [Safari], Headless Execution. @02-11-2021 13:54:57.0098 PM
[ReportManager] Successfully Opened Safari. @02-11-2021 13:54:57.0870 PM
[ReportManager] Initial window size: (800, 600) @02-11-2021 13:54:57.0893 PM
[ReportManager] Window size after SWD Maximize: (1176, 811) @02-11-2021 13:54:57.0905 PM
[ReportManager] Browser Action [MaximizeWindow] successfully performed. With the following test data [New screen size is now: (1176, 811)]. @02-11-2021 13:54:57.0906 P

################################################################################################################################################
Starting Execution:	[135 out of 144] test cases in the current suite
Test Method:		[testPackage01.Test_assertEquals.test_assertElementAttribute]
################################################################################################################################################
[ReportManager] Target URL: [https://www.google.com/ncr], and after redirection: [https://www.google.com] @02-11-2021 13:54:57.0908 PM
[ReportManager] Initial URL: [] @02-11-2021 13:54:57.0978 PM
[ReportManager] Browser Action [NavigateToURL] successfully performed. With the following test data [https://www.google.com/ncr]. @02-11-2021 13:54:59.0431 PM
[ReportManager] Element Action [Type] successfully performed. With the following test data [INC_004010050:Another SCHEDULER with the same name [Duplicate Job Name] already exists.]. @02-11-2021 13:55:02.0090 PM
[ReportManager] Element Action [GetText] successfully performed. With the following test data [INC_004010050:Another SCHEDULER with the same name [Duplicate Job Name] already exists.]. @02-11-2021 13:55:02.0134 PM
[ReportManager] Loaded Shared OpenCV @02-11-2021 13:55:02.0185 PM
[ReportManager] Assertion [ValidateElementAttribute] PASSED. Expected [Value Should be 'INC_004010050:Another SCHEDULER with the same name \[Duplicate Job Name\] already exists.' for the 'text' attribute, element locator 'By.name: q'] and Actual [INC_004010050:Another SCHEDULER with the same name [Duplicate Job Name] already exists.]. Comparison Type [MATCHES]. Validation Type [POSITIVE]. @02-11-2021 13:55:02.0290 PM
[ReportManager] Successfully created attachment [Screenshot - 1635861302185_test_assertElementAttribute_ValidateElementAttribute_passed] @02-11-2021 13:55:02.0292 P
[ReportManager] Browser Action [CloseCurrentWindow] successfully performed. @02-11-2021 13:55:02.0422 PM
[ReportManager] Successfully created attachment [Browser Action Test Data - CloseCurrentWindow - Actual Value] @02-11-2021 13:55:02.0423 P
[ReportManager] File Action [GetAbsolutePath] successfully performed. With the following test data [Relative Folder Path: "target/downloadedFiles/"]. @02-11-2021 13:55:02.0424 PM
[ReportManager] Attempting to run locally on: [Mac-64], [Safari], Headless Execution. @02-11-2021 13:55:02.0425 P

################################################################################################################################################
Starting Execution:	[136 out of 144] test cases in the current suite
Test Method:		[testPackage01.Test_IsElementClickable.testIsElementClickable]
###############################################################################################################################################

[ReportManager] Successfully loaded the following test data file [src/test/resources/TestDataFiles/testSuite01/TestData.xlsx]. @02-11-2021 13:55:02.0486 PM
[ReportManager] Successfully created attachment [Test Data - Excel] @02-11-2021 13:55:02.0486 PM
[ReportManager] Attempting to run using Playwright locally on: [Mac-64], [Safari], Headless Execution. @02-11-2021 13:55:24.0838 PM
[ReportManager] File Action [GetAbsolutePath] successfully performed. With the following test data [Relative Folder Path: "target/downloadedFiles/"]. @02-11-2021 13:55:24.0839 PM
[ReportManager] Initial window size: (1280, 720) @02-11-2021 13:55:30.0658 PM
[ReportManager] Window size after Toolkit: com.microsoft.playwright.options.ViewportSize@284b18be @02-11-2021 13:55:30.0667 PM
[ReportManager] Browser Action [MaximizeWindow] successfully performed. With the following test data [New screen size is now: (1920, 1080)]. @02-11-2021 13:55:30.0668 P

################################################################################################################################################
Starting Execution:	[137 out of 144] test cases in the current suite
Test Method:		[testPackage01.Test_google_playwright.navigateToURLandVerifyGoogleLogoIsDisplayed]
Test Description:	[TC001 - Navigate to URL and Verify Google Logo is Displayed]
################################################################################################################################################
[ReportManager] Target URL: [https://www.google.com/ncr], and after redirection: [https://www.google.com] @02-11-2021 13:55:30.0828 PM
[ReportManager] Initial URL: [about:blank] @02-11-2021 13:55:31.0174 PM
[ReportManager] Browser Action [NavigateToURL] successfully performed. With the following test data [https://www.google.com/ncr]. @02-11-2021 13:55:32.0828 PM
[ReportManager] Loaded Shared OpenCV @02-11-2021 13:55:32.0938 PM
[ReportManager] Assertion [ValidateElementExists] PASSED. Expected [Element Should Exist, locator 'xpath=//*[@id='hplogo' or @alt='Google']'] and Actual [Element Exists]. Comparison Type [EQUALS]. Validation Type [POSITIVE]. @02-11-2021 13:55:33.0117 PM
[ReportManager] Successfully created attachment [Screenshot - 1635861332934_navigateToURLandVerifyGoogleLogoIsDisplayed_ValidateElementExists_passed] @02-11-2021 13:55:33.0118 P

################################################################################################################################################
Starting Execution:	[138 out of 144] test cases in the current suite
Test Method:		[testPackage01.Test_google_playwright.searchForQueryandAssertResultsNumDisplayed]
Test Description:	[TC002 - Search for Query and Assert that the number of results is displayed]
################################################################################################################################################
[ReportManager] Element Action [Type] successfully performed. With the following test data [SHAFT_Engine]. @02-11-2021 13:55:33.0380 PM
[ReportManager] Element Action [KeyPress] successfully performed. With the following test data [Enter]. @02-11-2021 13:55:33.0411 PM
[ReportManager] Element Action [GetText] successfully performed. With the following test data [About 906,000 results (0.78 seconds)Â 
]. @02-11-2021 13:55:34.0515 PM
[ReportManager] Loaded Shared OpenCV @02-11-2021 13:55:35.0989 PM
[ReportManager] Assertion [ValidateElementAttribute] PASSED. Expected [Value Should not be '' for the 'text' attribute, element locator 'xpath=//div[@id='appbar']'] and Actual [About 906,000 results (0.78 seconds)Â 
]. Comparison Type [EQUALS]. Validation Type [NEGATIVE]. @02-11-2021 13:55:36.0193 PM
[ReportManager] Successfully created attachment [Screenshot - 1635861335987_searchForQueryandAssertResultsNumDisplayed_ValidateElementAttribute_passed] @02-11-2021 13:55:36.0196 P

################################################################################################################################################
Starting Execution:	[139 out of 144] test cases in the current suite
Test Method:		[testPackage01.Test_google_playwright.clickNextThrice]
Test Description:	[TC003 - Clicks the next button to make sure that the framework can scroll element into view before clicking it]
################################################################################################################################################
[ReportManager] Element Action [Click] successfully performed. With the following test data [Next]. @02-11-2021 13:55:36.0507 P
[ReportManager] Failed to find video recording. @02-11-2021 13:55:36.0509 PM
[ReportManager] Successfully Closed PlayWright Driver. @02-11-2021 13:55:36.0555 P
[ReportManager] File Action [GetAbsolutePath] successfully performed. With the following test data [Relative Folder Path: "target/downloadedFiles/"]. @02-11-2021 13:55:36.0561 PM
[ReportManager] Attempting to run locally on: [Mac-64], [Safari], Headless Execution. @02-11-2021 13:55:36.0561 PM
[ReportManager] Successfully Opened Safari. @02-11-2021 13:55:37.0472 PM
[ReportManager] Initial window size: (800, 600) @02-11-2021 13:55:37.0496 PM
[ReportManager] Window size after SWD Maximize: (1176, 811) @02-11-2021 13:55:37.0508 PM
[ReportManager] Browser Action [MaximizeWindow] successfully performed. With the following test data [New screen size is now: (1176, 811)]. @02-11-2021 13:55:37.0508 P

################################################################################################################################################
Starting Execution:	[140 out of 144] test cases in the current suite
Test Method:		[testPackage01.Test_verifyEquals.test_assertElementAttribute]
################################################################################################################################################
[ReportManager] Target URL: [https://www.google.com/ncr], and after redirection: [https://www.google.com] @02-11-2021 13:55:37.0521 PM
[ReportManager] Initial URL: [] @02-11-2021 13:55:37.0599 PM
[ReportManager] Browser Action [NavigateToURL] successfully performed. With the following test data [https://www.google.com/ncr]. @02-11-2021 13:55:38.0355 PM
[ReportManager] Element Action [Type] successfully performed. With the following test data [INC_004010050:Another SCHEDULER with the same name [Duplicate Job Name] already exists.]. @02-11-2021 13:55:41.0114 PM
[ReportManager] Element Action [GetText] successfully performed. With the following test data [INC_004010050:Another SCHEDULER with the same name [Duplicate Job Name] already exists.]. @02-11-2021 13:55:41.0178 PM
[ReportManager] Loaded Shared OpenCV @02-11-2021 13:55:41.0232 PM
[ReportManager] Verification [ValidateElementAttribute] PASSED. Expected [Value Should be 'INC_004010050:Another SCHEDULER with the same name \[Duplicate Job Name\] already exists.' for the 'text' attribute, element locator 'By.name: q'] and Actual [INC_004010050:Another SCHEDULER with the same name [Duplicate Job Name] already exists.]. Comparison Type [MATCHES]. Validation Type [POSITIVE]. @02-11-2021 13:55:41.0383 PM
[ReportManager] Successfully created attachment [Screenshot - 1635861341232_test_assertElementAttribute_ValidateElementAttribute_passed] @02-11-2021 13:55:41.0385 P
[ReportManager] Browser Action [CloseCurrentWindow] successfully performed. @02-11-2021 13:55:41.0513 PM
[ReportManager] Successfully created attachment [Browser Action Test Data - CloseCurrentWindow - Actual Value] @02-11-2021 13:55:41.0514 P

################################################################################################################################################
Starting Execution:	[141 out of 144] test cases in the current suite
Test Method:		[testPackage01.Test_SelectedValue.multipleSelect]
################################################################################################################################################
[ReportManager] File Action [GetAbsolutePath] successfully performed. With the following test data [Relative Folder Path: "target/downloadedFiles/"]. @02-11-2021 13:55:41.0517 PM
[ReportManager] Attempting to run locally on: [Mac-64], [GoogleChrome], Headless Execution. @02-11-2021 13:55:41.0518 PM
[ReportManager] Identifying OS/Driver combination and selecting the correct driver version automatically. Please note that if a new driver executable will be downloaded it may take some time... @02-11-2021 13:55:41.0518 PM
[ReportManager] Successfully Opened Google Chrome. @02-11-2021 13:55:42.0199 PM
[ReportManager] Initial window size: (1920, 1080) @02-11-2021 13:55:42.0202 PM
[ReportManager] Window size after SWD Maximize: (1920, 1080) @02-11-2021 13:55:42.0316 PM
[ReportManager] Window size after Toolkit: (1920, 1080) @02-11-2021 13:55:42.0776 PM
[ReportManager] Browser Action [MaximizeWindow] successfully performed. With the following test data [New screen size is now: (1920, 1080)]. @02-11-2021 13:55:42.0779 PM
[ReportManager] Target URL: [https://yari-demos.prod.mdn.mozit.cloud/en-US/docs/Web/HTML/Element/select/_sample_.Advanced_select_with_multiple_features.html] @02-11-2021 13:55:42.0779 PM
[ReportManager] Initial URL: [data:,] @02-11-2021 13:55:42.0811 PM
[ReportManager] Browser Action [NavigateToURL] successfully performed. With the following test data [https://yari-demos.prod.mdn.mozit.cloud/en-US/docs/Web/HTML/Element/select/_sample_.Advanced_select_with_multiple_features.html]. @02-11-2021 13:55:43.0071 PM
[ReportManager] Element Action [Select] successfully performed. With the following test data [Dog]. @02-11-2021 13:55:43.0295 PM
[ReportManager] Element Action [Select] successfully performed. With the following test data [Cat]. @02-11-2021 13:55:43.0474 PM
[ReportManager] Element Action [GetSelectedText] successfully performed. With the following test data [DogCat]. @02-11-2021 13:55:43.0573 PM
[ReportManager] DogCat @02-11-2021 13:55:43.0574 PM
[ReportManager] Element Action [GetSelectedText] successfully performed. With the following test data [DogCat]. @02-11-2021 13:55:43.0658 PM
[ReportManager] Loaded Shared OpenCV @02-11-2021 13:55:45.0171 PM
[ReportManager] Assertion [ValidateElementAttribute] PASSED. Expected [Value Should be 'DogCat' for the 'selectedText' attribute, element locator 'By.tagName: select'] and Actual [DogCat]. Comparison Type [EQUALS]. Validation Type [POSITIVE]. @02-11-2021 13:55:45.0380 PM
[ReportManager] Successfully created attachment [Screenshot - 1635861345171_multipleSelect_ValidateElementAttribute_passed] @02-11-2021 13:55:45.0381 PM
[ReportManager] Browser Action [CloseCurrentWindow] successfully performed. @02-11-2021 13:55:45.0646 PM
[ReportManager] Successfully created attachment [Browser Action Test Data - CloseCurrentWindow - Actual Value] @02-11-2021 13:55:45.0647 P

################################################################################################################################################
Starting Execution:	[142 out of 144] test cases in the current suite
Test Method:		[testPackage01.Test_SelectedValue.simpleSelect]
################################################################################################################################################
[ReportManager] File Action [GetAbsolutePath] successfully performed. With the following test data [Relative Folder Path: "target/downloadedFiles/"]. @02-11-2021 13:55:45.0650 PM
[ReportManager] Attempting to run locally on: [Mac-64], [GoogleChrome], Headless Execution. @02-11-2021 13:55:45.0650 PM
[ReportManager] Identifying OS/Driver combination and selecting the correct driver version automatically. Please note that if a new driver executable will be downloaded it may take some time... @02-11-2021 13:55:45.0650 PM
[ReportManager] Successfully Opened Google Chrome. @02-11-2021 13:55:46.0096 PM
[ReportManager] Initial window size: (1920, 1080) @02-11-2021 13:55:46.0100 PM
[ReportManager] Window size after SWD Maximize: (1920, 1080) @02-11-2021 13:55:46.0213 PM
[ReportManager] Window size after Toolkit: (1920, 1080) @02-11-2021 13:55:46.0664 PM
[ReportManager] Browser Action [MaximizeWindow] successfully performed. With the following test data [New screen size is now: (1920, 1080)]. @02-11-2021 13:55:46.0666 PM
[ReportManager] Target URL: [https://yari-demos.prod.mdn.mozit.cloud/en-US/docs/Web/HTML/Element/select/_sample_.Basic_select.html] @02-11-2021 13:55:46.0667 PM
[ReportManager] Initial URL: [data:,] @02-11-2021 13:55:46.0692 PM
[ReportManager] Browser Action [NavigateToURL] successfully performed. With the following test data [https://yari-demos.prod.mdn.mozit.cloud/en-US/docs/Web/HTML/Element/select/_sample_.Basic_select.html]. @02-11-2021 13:55:46.0878 PM
[ReportManager] Element Action [Select] successfully performed. With the following test data [Third Value]. @02-11-2021 13:55:47.0121 PM
[ReportManager] Element Action [GetSelectedText] successfully performed. With the following test data [Third Value]. @02-11-2021 13:55:47.0182 PM
[ReportManager] Third Value @02-11-2021 13:55:47.0182 PM
[ReportManager] Element Action [GetSelectedText] successfully performed. With the following test data [Third Value]. @02-11-2021 13:55:47.0239 PM
[ReportManager] Loaded Shared OpenCV @02-11-2021 13:55:47.0530 PM
[ReportManager] Assertion [ValidateElementAttribute] PASSED. Expected [Value Should be 'Third Value' for the 'selectedText' attribute, element locator 'By.tagName: select'] and Actual [Third Value]. Comparison Type [EQUALS]. Validation Type [POSITIVE]. @02-11-2021 13:55:47.0696 PM
[ReportManager] Successfully created attachment [Screenshot - 1635861347530_simpleSelect_ValidateElementAttribute_passed] @02-11-2021 13:55:47.0696 PM
[ReportManager] Browser Action [CloseCurrentWindow] successfully performed. @02-11-2021 13:55:47.0856 PM
[ReportManager] Successfully created attachment [Browser Action Test Data - CloseCurrentWindow - Actual Value] @02-11-2021 13:55:47.0856 P
[ReportManager] File Action [GetAbsolutePath] successfully performed. With the following test data [Relative Folder Path: "target/downloadedFiles/"]. @02-11-2021 13:55:47.0859 PM
[ReportManager] Attempting to run locally on: [Mac-64], [Safari], Headless Execution. @02-11-2021 13:55:47.0859 PM
[ReportManager] Successfully Opened Safari. @02-11-2021 13:55:48.0667 PM
[ReportManager] Initial window size: (800, 600) @02-11-2021 13:55:48.0671 PM
[ReportManager] Window size after SWD Maximize: (1176, 811) @02-11-2021 13:55:48.0691 PM
[ReportManager] Browser Action [MaximizeWindow] successfully performed. With the following test data [New screen size is now: (1176, 811)]. @02-11-2021 13:55:48.0692 P

################################################################################################################################################
Starting Execution:	[143 out of 144] test cases in the current suite
Test Method:		[testPackage01.Test_dynamicLoading.dynamicLoading_elementIsHidden]
################################################################################################################################################
[ReportManager] Target URL: [https://the-internet.herokuapp.com/dynamic_loading/1] @02-11-2021 13:55:48.0695 PM
[ReportManager] Initial URL: [] @02-11-2021 13:55:48.0738 PM
[ReportManager] Browser Action [NavigateToURL] successfully performed. With the following test data [https://the-internet.herokuapp.com/dynamic_loading/1]. @02-11-2021 13:55:50.0035 PM
[ReportManager] Element Action [Click] successfully performed. With the following test data [Start]. @02-11-2021 13:55:50.0324 PM
[ReportManager] Element Action [GetText] successfully performed. With the following test data [
    Hello World!
  ]. @02-11-2021 13:55:50.0359 P
[ReportManager] Browser Action [CloseCurrentWindow] successfully performed. @02-11-2021 13:55:50.0668 PM
[ReportManager] Successfully created attachment [Browser Action Test Data - CloseCurrentWindow - Actual Value] @02-11-2021 13:55:50.0669 P
[ReportManager] File Action [GetAbsolutePath] successfully performed. With the following test data [Relative Folder Path: "target/downloadedFiles/"]. @02-11-2021 13:55:50.0671 PM
[ReportManager] Attempting to run locally on: [Mac-64], [Safari], Headless Execution. @02-11-2021 13:55:50.0671 PM
[ReportManager] Successfully Opened Safari. @02-11-2021 13:55:51.0471 PM
[ReportManager] Initial window size: (800, 600) @02-11-2021 13:55:51.0476 PM
[ReportManager] Window size after SWD Maximize: (1176, 811) @02-11-2021 13:55:51.0491 PM
[ReportManager] Browser Action [MaximizeWindow] successfully performed. With the following test data [New screen size is now: (1176, 811)]. @02-11-2021 13:55:51.0491 P

################################################################################################################################################
Starting Execution:	[144 out of 144] test cases in the current suite
Test Method:		[testPackage01.Test_dynamicLoading.dynamicLoading_elementIsRendered]
################################################################################################################################################
[ReportManager] Target URL: [https://the-internet.herokuapp.com/dynamic_loading/2] @02-11-2021 13:55:51.0507 PM
[ReportManager] Initial URL: [] @02-11-2021 13:55:51.0568 PM
[ReportManager] Browser Action [NavigateToURL] successfully performed. With the following test data [https://the-internet.herokuapp.com/dynamic_loading/2]. @02-11-2021 13:55:52.0841 PM
[ReportManager] Element Action [Click] successfully performed. With the following test data [Start]. @02-11-2021 13:55:53.0112 P
[ReportManager] Browser Action [CloseCurrentWindow] successfully performed. @02-11-2021 13:55:53.0239 PM
[ReportManager] Successfully created attachment [Browser Action Test Data - CloseCurrentWindow - Actual Value] @02-11-2021 13:55:53.0239 P

################################################################################################################################################
Test Closure Activities
################################################################################################################################################
[ReportManager] Successfully created attachment [SHAFT Engine Logs - Execution log] @02-11-2021 13:55:53.0268 PM

################################################################################################################################################
This test run was powered by SHAFT Engine Version: [SHAFT Engine v5.4.20211030-BETA]
SHAFT Engine is licensed under the MIT License: [https://github.com/MohabMohie/SHAFT_ENGINE/blob/master/LICENSE].
################################################################################################################################################