################################################################################################################################################
Detected SHAFT Engine Version: [SHAFT Engine v5.4.20211030-BETA]
################################################################################################################################################
[ReportManager] File Action [GetAbsolutePath] successfully performed. With the following test data [Relative Folder Path: "target/downloadedFiles/"]. @31-10-2021 01:52:31.0004 AM
[ReportManager] Attempting to run locally on: [Mac-64], [Safari], Headless Execution. @31-10-2021 01:52:31.0021 AM
[ReportManager] Successfully Opened Safari. @31-10-2021 01:52:36.0733 AM
[ReportManager] Initial window size: (800, 600) @31-10-2021 01:52:36.0784 AM
[ReportManager] Window size after SWD Maximize: (1176, 810) @31-10-2021 01:52:36.0848 AM
[ReportManager] Browser Action [MaximizeWindow] successfully performed. With the following test data [New screen size is now: (1176, 810)]. @31-10-2021 01:52:36.0849 A

################################################################################################################################################
Starting Execution:	[1 out of 143] test cases in the current suite
Test Method:		[unitTests.tests_element_elementActions.waitForElementToBePresent_false_expectedToFail]
################################################################################################################################################
[ReportManager] Target URL: [https://www.google.com/ncr], and after redirection: [www.google.com] @31-10-2021 01:52:37.0008 AM
[ReportManager] Initial URL: [] @31-10-2021 01:52:37.0072 AM
[ReportManager] Browser Action [NavigateToURL] successfully performed. With the following test data [https://www.google.com/ncr]. @31-10-2021 01:52:38.0167 AM
[ReportManager] Waiting for element to be present; elementLocator [By.xpath: //*[@id='hplogo' or @alt='Google']], numberOfTries[1], stateOfPresence[false]... @31-10-2021 01:52:38.0176 AM
[ReportManager] Element Action [WaitForElementToBePresent] failed. With the following test data [waited for the element's state of presence to be (false). Element locator (By.xpath: //*[@id='hplogo' or @alt='Google'])]. @31-10-2021 01:52:40.0959 AM
[ReportManager] Successfully created attachment [Screenshot - 1635645158236_waitForElementToBePresent_false_expectedToFail_WaitForElementToBePresent_failed] @31-10-2021 01:52:40.0970 A
[ReportManager] Browser Action [CloseCurrentWindow] successfully performed. @31-10-2021 01:52:41.0078 AM
[ReportManager] Successfully created attachment [Browser Action Test Data - CloseCurrentWindow - Actual Value] @31-10-2021 01:52:41.0080 A
[ReportManager] File Action [GetAbsolutePath] successfully performed. With the following test data [Relative Folder Path: "target/downloadedFiles/"]. @31-10-2021 01:52:41.0094 AM
[ReportManager] Attempting to run locally on: [Mac-64], [Safari], Headless Execution. @31-10-2021 01:52:41.0095 A

################################################################################################################################################
Starting Execution:	[2 out of 143] test cases in the current suite
Test Method:		[unitTests.tests_element_elementActions.waitForElementToBePresent_false_expectedToPass]
###############################################################################################################################################



################################################################################################################################################
Starting Execution:	[3 out of 143] test cases in the current suite
Test Method:		[unitTests.tests_element_elementActions.waitForElementToBePresent_moreThanOneElement_expectedToFail]
###############################################################################################################################################



################################################################################################################################################
Starting Execution:	[4 out of 143] test cases in the current suite
Test Method:		[unitTests.tests_element_elementActions.waitForElementToBePresent_true_expectedToFail]
###############################################################################################################################################



################################################################################################################################################
Starting Execution:	[5 out of 143] test cases in the current suite
Test Method:		[unitTests.tests_element_elementActions.waitForElementToBePresent_true_expectedToPass]
###############################################################################################################################################

[ReportManager] File Action [GetAbsolutePath] successfully performed. With the following test data [Relative Folder Path: "target/downloadedFiles/"]. @31-10-2021 01:52:41.0258 AM
[ReportManager] Attempting to run locally on: [Mac-64], [Safari], Headless Execution. @31-10-2021 01:52:41.0258 AM
[ReportManager] Successfully Opened Safari. @31-10-2021 01:52:42.0115 AM
[ReportManager] Initial window size: (800, 600) @31-10-2021 01:52:42.0122 AM
[ReportManager] Window size after SWD Maximize: (1176, 811) @31-10-2021 01:52:42.0155 AM
[ReportManager] Browser Action [MaximizeWindow] successfully performed. With the following test data [New screen size is now: (1176, 811)]. @31-10-2021 01:52:42.0155 AM
[ReportManager] Target URL: [https://duckduckgo.com] @31-10-2021 01:52:42.0156 AM
[ReportManager] Initial URL: [] @31-10-2021 01:52:42.0197 AM
[ReportManager] Browser Action [NavigateToURL] successfully performed. With the following test data [https://duckduckgo.com]. @31-10-2021 01:52:42.0968 A

################################################################################################################################################
Starting Execution:	[6 out of 143] test cases in the current suite
Test Method:		[unitTests.tests_browserActions.fullScreenWindow]
################################################################################################################################################
[ReportManager] Initial Windows Size: 1176x811 @31-10-2021 01:52:42.0977 AM
[ReportManager] Current Windows Size after fullScreen: 1176x885 @31-10-2021 01:52:43.0186 AM
[ReportManager] Browser Action [FullScreenWindow] successfully performed. @31-10-2021 01:52:43.0218 AM
[ReportManager] Successfully created attachment [Browser Action Test Data - FullScreenWindow - Actual Value] @31-10-2021 01:52:43.0220 A
[ReportManager] Target URL: [https://duckduckgo.com] @31-10-2021 01:52:43.0236 AM
[ReportManager] Initial URL: [https://duckduckgo.com] @31-10-2021 01:52:43.0311 AM
[ReportManager] Browser Action [NavigateToURL] successfully performed. With the following test data [https://duckduckgo.com]. @31-10-2021 01:52:43.0675 AM
[ReportManager] Browser Action [CloseCurrentWindow] successfully performed. @31-10-2021 01:52:43.0874 AM
[ReportManager] Successfully created attachment [Browser Action Test Data - CloseCurrentWindow - Actual Value] @31-10-2021 01:52:43.0876 A
[ReportManager] File Action [GetAbsolutePath] successfully performed. With the following test data [Relative Folder Path: "target/downloadedFiles/"]. @31-10-2021 01:52:43.0880 AM
[ReportManager] Attempting to run locally on: [Mac-64], [Safari], Headless Execution. @31-10-2021 01:52:43.0881 AM
[ReportManager] Successfully Opened Safari. @31-10-2021 01:52:44.0759 AM
[ReportManager] Initial window size: (800, 600) @31-10-2021 01:52:44.0799 AM
[ReportManager] Window size after SWD Maximize: (1176, 811) @31-10-2021 01:52:44.0866 AM
[ReportManager] Browser Action [MaximizeWindow] successfully performed. With the following test data [New screen size is now: (1176, 811)]. @31-10-2021 01:52:44.0866 AM
[ReportManager] Target URL: [https://duckduckgo.com] @31-10-2021 01:52:44.0867 AM
[ReportManager] Initial URL: [] @31-10-2021 01:52:44.0952 AM
[ReportManager] Browser Action [NavigateToURL] successfully performed. With the following test data [https://duckduckgo.com]. @31-10-2021 01:52:45.0594 A

################################################################################################################################################
Starting Execution:	[7 out of 143] test cases in the current suite
Test Method:		[unitTests.tests_browserActions.getCurrentURL]
################################################################################################################################################
[ReportManager] Browser Action [GetCurrentURL] successfully performed. With the following test data [https://duckduckgo.com/]. @31-10-2021 01:52:45.0627 A
[ReportManager] Target URL: [https://duckduckgo.com] @31-10-2021 01:52:45.0630 AM
[ReportManager] Initial URL: [https://duckduckgo.com] @31-10-2021 01:52:45.0677 AM
[ReportManager] Browser Action [NavigateToURL] successfully performed. With the following test data [https://duckduckgo.com]. @31-10-2021 01:52:45.0978 AM
[ReportManager] Browser Action [CloseCurrentWindow] successfully performed. @31-10-2021 01:52:46.0141 AM
[ReportManager] Successfully created attachment [Browser Action Test Data - CloseCurrentWindow - Actual Value] @31-10-2021 01:52:46.0142 A
[ReportManager] File Action [GetAbsolutePath] successfully performed. With the following test data [Relative Folder Path: "target/downloadedFiles/"]. @31-10-2021 01:52:46.0145 AM
[ReportManager] Attempting to run locally on: [Mac-64], [Safari], Headless Execution. @31-10-2021 01:52:46.0145 AM
[ReportManager] Successfully Opened Safari. @31-10-2021 01:52:46.0968 AM
[ReportManager] Initial window size: (800, 600) @31-10-2021 01:52:46.0980 AM
[ReportManager] Window size after SWD Maximize: (1176, 811) @31-10-2021 01:52:46.0998 AM
[ReportManager] Browser Action [MaximizeWindow] successfully performed. With the following test data [New screen size is now: (1176, 811)]. @31-10-2021 01:52:46.0998 AM
[ReportManager] Target URL: [https://duckduckgo.com] @31-10-2021 01:52:46.0998 AM
[ReportManager] Initial URL: [] @31-10-2021 01:52:47.0049 AM
[ReportManager] Browser Action [NavigateToURL] successfully performed. With the following test data [https://duckduckgo.com]. @31-10-2021 01:52:47.0625 A

################################################################################################################################################
Starting Execution:	[8 out of 143] test cases in the current suite
Test Method:		[unitTests.tests_browserActions.getCurrentWindowTitle]
################################################################################################################################################
[ReportManager] Browser Action [GetCurrentWindowTitle] successfully performed. With the following test data [DuckDuckGo â€” Privacy, simplified.]. @31-10-2021 01:52:47.0656 A
[ReportManager] Target URL: [https://duckduckgo.com] @31-10-2021 01:52:47.0659 AM
[ReportManager] Initial URL: [https://duckduckgo.com] @31-10-2021 01:52:47.0697 AM
[ReportManager] Browser Action [NavigateToURL] successfully performed. With the following test data [https://duckduckgo.com]. @31-10-2021 01:52:47.0995 AM
[ReportManager] Browser Action [CloseCurrentWindow] successfully performed. @31-10-2021 01:52:48.0099 AM
[ReportManager] Successfully created attachment [Browser Action Test Data - CloseCurrentWindow - Actual Value] @31-10-2021 01:52:48.0100 A
[ReportManager] File Action [GetAbsolutePath] successfully performed. With the following test data [Relative Folder Path: "target/downloadedFiles/"]. @31-10-2021 01:52:48.0107 AM
[ReportManager] Attempting to run locally on: [Mac-64], [Safari], Headless Execution. @31-10-2021 01:52:48.0107 AM
[ReportManager] Successfully Opened Safari. @31-10-2021 01:52:48.0968 AM
[ReportManager] Initial window size: (800, 600) @31-10-2021 01:52:48.0978 AM
[ReportManager] Window size after SWD Maximize: (1176, 811) @31-10-2021 01:52:49.0005 AM
[ReportManager] Browser Action [MaximizeWindow] successfully performed. With the following test data [New screen size is now: (1176, 811)]. @31-10-2021 01:52:49.0006 AM
[ReportManager] Target URL: [https://duckduckgo.com] @31-10-2021 01:52:49.0006 AM
[ReportManager] Initial URL: [] @31-10-2021 01:52:49.0071 AM
[ReportManager] Browser Action [NavigateToURL] successfully performed. With the following test data [https://duckduckgo.com]. @31-10-2021 01:52:49.0738 A

################################################################################################################################################
Starting Execution:	[9 out of 143] test cases in the current suite
Test Method:		[unitTests.tests_browserActions.getPageSource]
################################################################################################################################################
[ReportManager] Browser Action [GetPageSource] successfully performed. @31-10-2021 01:52:49.0774 AM
[ReportManager] Successfully created attachment [Browser Action Test Data - GetPageSource - Actual Value] @31-10-2021 01:52:49.0775 A
[ReportManager] Target URL: [https://duckduckgo.com] @31-10-2021 01:52:49.0778 AM
[ReportManager] Initial URL: [https://duckduckgo.com] @31-10-2021 01:52:49.0816 AM
[ReportManager] Browser Action [NavigateToURL] successfully performed. With the following test data [https://duckduckgo.com]. @31-10-2021 01:52:50.0129 AM
[ReportManager] Browser Action [CloseCurrentWindow] successfully performed. @31-10-2021 01:52:50.0244 AM
[ReportManager] Successfully created attachment [Browser Action Test Data - CloseCurrentWindow - Actual Value] @31-10-2021 01:52:50.0245 A
[ReportManager] File Action [GetAbsolutePath] successfully performed. With the following test data [Relative Folder Path: "target/downloadedFiles/"]. @31-10-2021 01:52:50.0248 AM
[ReportManager] Attempting to run locally on: [Mac-64], [Safari], Headless Execution. @31-10-2021 01:52:50.0248 AM
[ReportManager] Successfully Opened Safari. @31-10-2021 01:52:51.0069 AM
[ReportManager] Initial window size: (800, 600) @31-10-2021 01:52:51.0078 AM
[ReportManager] Window size after SWD Maximize: (1176, 811) @31-10-2021 01:52:51.0103 AM
[ReportManager] Browser Action [MaximizeWindow] successfully performed. With the following test data [New screen size is now: (1176, 811)]. @31-10-2021 01:52:51.0104 AM
[ReportManager] Target URL: [https://duckduckgo.com] @31-10-2021 01:52:51.0104 AM
[ReportManager] Initial URL: [] @31-10-2021 01:52:51.0160 AM
[ReportManager] Browser Action [NavigateToURL] successfully performed. With the following test data [https://duckduckgo.com]. @31-10-2021 01:52:51.0740 A

################################################################################################################################################
Starting Execution:	[10 out of 143] test cases in the current suite
Test Method:		[unitTests.tests_browserActions.getWindowHandle]
################################################################################################################################################
[ReportManager] Browser Action [GetWindowHandle] successfully performed. With the following test data [page-2B0D573C-3286-4A66-A977-251A768A7C23]. @31-10-2021 01:52:51.0767 A
[ReportManager] Target URL: [https://duckduckgo.com] @31-10-2021 01:52:51.0770 AM
[ReportManager] Initial URL: [https://duckduckgo.com] @31-10-2021 01:52:51.0799 AM
[ReportManager] Browser Action [NavigateToURL] successfully performed. With the following test data [https://duckduckgo.com]. @31-10-2021 01:52:52.0088 AM
[ReportManager] Browser Action [CloseCurrentWindow] successfully performed. @31-10-2021 01:52:52.0226 AM
[ReportManager] Successfully created attachment [Browser Action Test Data - CloseCurrentWindow - Actual Value] @31-10-2021 01:52:52.0227 A
[ReportManager] File Action [GetAbsolutePath] successfully performed. With the following test data [Relative Folder Path: "target/downloadedFiles/"]. @31-10-2021 01:52:52.0230 AM
[ReportManager] Attempting to run locally on: [Mac-64], [Safari], Headless Execution. @31-10-2021 01:52:52.0230 AM
[ReportManager] Successfully Opened Safari. @31-10-2021 01:52:53.0021 AM
[ReportManager] Initial window size: (800, 600) @31-10-2021 01:52:53.0031 AM
[ReportManager] Window size after SWD Maximize: (1176, 811) @31-10-2021 01:52:53.0049 AM
[ReportManager] Browser Action [MaximizeWindow] successfully performed. With the following test data [New screen size is now: (1176, 811)]. @31-10-2021 01:52:53.0050 AM
[ReportManager] Target URL: [https://duckduckgo.com] @31-10-2021 01:52:53.0050 AM
[ReportManager] Initial URL: [] @31-10-2021 01:52:53.0112 AM
[ReportManager] Browser Action [NavigateToURL] successfully performed. With the following test data [https://duckduckgo.com]. @31-10-2021 01:52:53.0658 A

################################################################################################################################################
Starting Execution:	[11 out of 143] test cases in the current suite
Test Method:		[unitTests.tests_browserActions.getWindowPosition]
################################################################################################################################################
[ReportManager] Browser Action [GetWindowPosition] successfully performed. With the following test data [(0, 23)]. @31-10-2021 01:52:53.0889 A
[ReportManager] Target URL: [https://duckduckgo.com] @31-10-2021 01:52:53.0891 AM
[ReportManager] Initial URL: [https://duckduckgo.com] @31-10-2021 01:52:53.0925 AM
[ReportManager] Browser Action [NavigateToURL] successfully performed. With the following test data [https://duckduckgo.com]. @31-10-2021 01:52:54.0185 AM
[ReportManager] Browser Action [CloseCurrentWindow] successfully performed. @31-10-2021 01:52:54.0341 AM
[ReportManager] Successfully created attachment [Browser Action Test Data - CloseCurrentWindow - Actual Value] @31-10-2021 01:52:54.0342 A
[ReportManager] File Action [GetAbsolutePath] successfully performed. With the following test data [Relative Folder Path: "target/downloadedFiles/"]. @31-10-2021 01:52:54.0344 AM
[ReportManager] Attempting to run locally on: [Mac-64], [Safari], Headless Execution. @31-10-2021 01:52:54.0345 AM
[ReportManager] Successfully Opened Safari. @31-10-2021 01:52:55.0044 AM
[ReportManager] Initial window size: (800, 600) @31-10-2021 01:52:55.0052 AM
[ReportManager] Window size after SWD Maximize: (1176, 811) @31-10-2021 01:52:55.0065 AM
[ReportManager] Browser Action [MaximizeWindow] successfully performed. With the following test data [New screen size is now: (1176, 811)]. @31-10-2021 01:52:55.0066 AM
[ReportManager] Target URL: [https://duckduckgo.com] @31-10-2021 01:52:55.0066 AM
[ReportManager] Initial URL: [] @31-10-2021 01:52:55.0107 AM
[ReportManager] Browser Action [NavigateToURL] successfully performed. With the following test data [https://duckduckgo.com]. @31-10-2021 01:52:55.0828 A

################################################################################################################################################
Starting Execution:	[12 out of 143] test cases in the current suite
Test Method:		[unitTests.tests_browserActions.getWindowSize]
################################################################################################################################################
[ReportManager] Browser Action [GetWindowSize] successfully performed. With the following test data [(1176, 811)]. @31-10-2021 01:52:55.0861 A
[ReportManager] Target URL: [https://duckduckgo.com] @31-10-2021 01:52:55.0864 AM
[ReportManager] Initial URL: [https://duckduckgo.com] @31-10-2021 01:52:55.0898 AM
[ReportManager] Browser Action [NavigateToURL] successfully performed. With the following test data [https://duckduckgo.com]. @31-10-2021 01:52:56.0217 AM
[ReportManager] Browser Action [CloseCurrentWindow] successfully performed. @31-10-2021 01:52:56.0375 AM
[ReportManager] Successfully created attachment [Browser Action Test Data - CloseCurrentWindow - Actual Value] @31-10-2021 01:52:56.0376 A
[ReportManager] File Action [GetAbsolutePath] successfully performed. With the following test data [Relative Folder Path: "target/downloadedFiles/"]. @31-10-2021 01:52:56.0378 AM
[ReportManager] Attempting to run locally on: [Mac-64], [Safari], Headless Execution. @31-10-2021 01:52:56.0379 AM
[ReportManager] Successfully Opened Safari. @31-10-2021 01:52:57.0116 AM
[ReportManager] Initial window size: (800, 600) @31-10-2021 01:52:57.0123 AM
[ReportManager] Window size after SWD Maximize: (1176, 811) @31-10-2021 01:52:57.0149 AM
[ReportManager] Browser Action [MaximizeWindow] successfully performed. With the following test data [New screen size is now: (1176, 811)]. @31-10-2021 01:52:57.0150 AM
[ReportManager] Target URL: [https://duckduckgo.com] @31-10-2021 01:52:57.0150 AM
[ReportManager] Initial URL: [] @31-10-2021 01:52:57.0210 AM
[ReportManager] Browser Action [NavigateToURL] successfully performed. With the following test data [https://duckduckgo.com]. @31-10-2021 01:52:57.0753 A

################################################################################################################################################
Starting Execution:	[13 out of 143] test cases in the current suite
Test Method:		[unitTests.tests_browserActions.maximizeWindow]
################################################################################################################################################
[ReportManager] Initial window size: (1176, 811) @31-10-2021 01:52:57.0760 AM
[ReportManager] Window size after SWD Maximize: (1176, 811) @31-10-2021 01:52:57.0776 AM
[ReportManager] Window size after Toolkit: (1920, 1080) @31-10-2021 01:52:57.0816 AM
[ReportManager] Browser Action [MaximizeWindow] successfully performed. With the following test data [New screen size is now: (1920, 1080)]. @31-10-2021 01:52:57.0819 A
[ReportManager] Target URL: [https://duckduckgo.com] @31-10-2021 01:52:57.0832 AM
[ReportManager] Initial URL: [https://duckduckgo.com] @31-10-2021 01:52:57.0871 AM
[ReportManager] Browser Action [NavigateToURL] successfully performed. With the following test data [https://duckduckgo.com]. @31-10-2021 01:52:58.0150 AM
[ReportManager] Browser Action [CloseCurrentWindow] successfully performed. @31-10-2021 01:52:58.0308 AM
[ReportManager] Successfully created attachment [Browser Action Test Data - CloseCurrentWindow - Actual Value] @31-10-2021 01:52:58.0308 A
[ReportManager] File Action [GetAbsolutePath] successfully performed. With the following test data [Relative Folder Path: "target/downloadedFiles/"]. @31-10-2021 01:52:58.0311 AM
[ReportManager] Attempting to run locally on: [Mac-64], [Safari], Headless Execution. @31-10-2021 01:52:58.0311 AM
[ReportManager] Successfully Opened Safari. @31-10-2021 01:52:59.0233 AM
[ReportManager] Initial window size: (800, 600) @31-10-2021 01:52:59.0246 AM
[ReportManager] Window size after SWD Maximize: (1176, 811) @31-10-2021 01:52:59.0261 AM
[ReportManager] Browser Action [MaximizeWindow] successfully performed. With the following test data [New screen size is now: (1176, 811)]. @31-10-2021 01:52:59.0261 AM
[ReportManager] Target URL: [https://duckduckgo.com] @31-10-2021 01:52:59.0261 AM
[ReportManager] Initial URL: [] @31-10-2021 01:52:59.0311 AM
[ReportManager] Browser Action [NavigateToURL] successfully performed. With the following test data [https://duckduckgo.com]. @31-10-2021 01:52:59.0974 A

################################################################################################################################################
Starting Execution:	[14 out of 143] test cases in the current suite
Test Method:		[unitTests.tests_browserActions.navigateBack]
################################################################################################################################################
[ReportManager] Target URL: [https://www.google.com/ncr], and after redirection: [https://www.google.com] @31-10-2021 01:52:59.0978 AM
[ReportManager] Initial URL: [https://duckduckgo.com] @31-10-2021 01:53:00.0027 AM
[ReportManager] Browser Action [NavigateToURL] successfully performed. With the following test data [https://www.google.com/ncr]. @31-10-2021 01:53:00.0724 AM
[ReportManager] Browser Action [NavigateBack] successfully performed. With the following test data [https://duckduckgo.com/]. @31-10-2021 01:53:00.0873 AM
[ReportManager] Browser Action [GetCurrentURL] successfully performed. With the following test data [https://duckduckgo.com/]. @31-10-2021 01:53:00.0907 AM
[ReportManager] Assertion Passed: Confirming that navigating back was successful @31-10-2021 01:53:01.0049 AM
[ReportManager] Successfully created attachment [Screenshot - 1635645180945_navigateBack_ValidateBrowserAttribute_passed] @31-10-2021 01:53:01.0060 AM
[ReportManager] Assertion [ValidateBrowserAttribute] PASSED. Expected [Value Should be 'https://duckduckgo.com' for the 'CurrentUrl' attribute] and Actual [https://duckduckgo.com/]. Comparison Type [CONTAINS]. Validation Type [POSITIVE]. @31-10-2021 01:53:01.0060 A
[ReportManager] Target URL: [https://duckduckgo.com] @31-10-2021 01:53:01.0063 AM
[ReportManager] Initial URL: [https://duckduckgo.com] @31-10-2021 01:53:01.0119 AM
[ReportManager] Browser Action [NavigateToURL] successfully performed. With the following test data [https://duckduckgo.com]. @31-10-2021 01:53:01.0468 AM
[ReportManager] Browser Action [CloseCurrentWindow] successfully performed. @31-10-2021 01:53:01.0578 AM
[ReportManager] Successfully created attachment [Browser Action Test Data - CloseCurrentWindow - Actual Value] @31-10-2021 01:53:01.0578 A
[ReportManager] File Action [GetAbsolutePath] successfully performed. With the following test data [Relative Folder Path: "target/downloadedFiles/"]. @31-10-2021 01:53:01.0581 AM
[ReportManager] Attempting to run locally on: [Mac-64], [Safari], Headless Execution. @31-10-2021 01:53:01.0581 AM
[ReportManager] Successfully Opened Safari. @31-10-2021 01:53:02.0402 AM
[ReportManager] Initial window size: (800, 600) @31-10-2021 01:53:02.0413 AM
[ReportManager] Window size after SWD Maximize: (1176, 811) @31-10-2021 01:53:02.0432 AM
[ReportManager] Browser Action [MaximizeWindow] successfully performed. With the following test data [New screen size is now: (1176, 811)]. @31-10-2021 01:53:02.0433 AM
[ReportManager] Target URL: [https://duckduckgo.com] @31-10-2021 01:53:02.0433 AM
[ReportManager] Initial URL: [] @31-10-2021 01:53:02.0475 AM
[ReportManager] Browser Action [NavigateToURL] successfully performed. With the following test data [https://duckduckgo.com]. @31-10-2021 01:53:03.0110 A

################################################################################################################################################
Starting Execution:	[15 out of 143] test cases in the current suite
Test Method:		[unitTests.tests_browserActions.navigateForward]
################################################################################################################################################
[ReportManager] Target URL: [https://www.google.com/ncr], and after redirection: [https://www.google.com] @31-10-2021 01:53:03.0114 AM
[ReportManager] Initial URL: [https://duckduckgo.com] @31-10-2021 01:53:03.0150 AM
[ReportManager] Browser Action [NavigateToURL] successfully performed. With the following test data [https://www.google.com/ncr]. @31-10-2021 01:53:03.0833 AM
[ReportManager] Browser Action [NavigateBack] successfully performed. With the following test data [https://duckduckgo.com/]. @31-10-2021 01:53:03.0963 AM
[ReportManager] Browser Action [NavigateForward] successfully performed. With the following test data [https://www.google.com/]. @31-10-2021 01:53:04.0054 A
[ReportManager] Target URL: [https://duckduckgo.com] @31-10-2021 01:53:04.0060 AM
[ReportManager] Initial URL: [https://www.google.com] @31-10-2021 01:53:04.0093 AM
[ReportManager] Browser Action [NavigateToURL] successfully performed. With the following test data [https://duckduckgo.com]. @31-10-2021 01:53:04.0386 AM
[ReportManager] Browser Action [CloseCurrentWindow] successfully performed. @31-10-2021 01:53:04.0525 AM
[ReportManager] Successfully created attachment [Browser Action Test Data - CloseCurrentWindow - Actual Value] @31-10-2021 01:53:04.0525 A
[ReportManager] File Action [GetAbsolutePath] successfully performed. With the following test data [Relative Folder Path: "target/downloadedFiles/"]. @31-10-2021 01:53:04.0528 AM
[ReportManager] Attempting to run locally on: [Mac-64], [Safari], Headless Execution. @31-10-2021 01:53:04.0528 AM
[ReportManager] Successfully Opened Safari. @31-10-2021 01:53:05.0352 AM
[ReportManager] Initial window size: (800, 600) @31-10-2021 01:53:05.0368 AM
[ReportManager] Window size after SWD Maximize: (1176, 811) @31-10-2021 01:53:05.0400 AM
[ReportManager] Browser Action [MaximizeWindow] successfully performed. With the following test data [New screen size is now: (1176, 811)]. @31-10-2021 01:53:05.0400 AM
[ReportManager] Target URL: [https://duckduckgo.com] @31-10-2021 01:53:05.0400 AM
[ReportManager] Initial URL: [] @31-10-2021 01:53:05.0455 AM
[ReportManager] Browser Action [NavigateToURL] successfully performed. With the following test data [https://duckduckgo.com]. @31-10-2021 01:53:06.0027 A

################################################################################################################################################
Starting Execution:	[16 out of 143] test cases in the current suite
Test Method:		[unitTests.tests_browserActions.navigateToURL]
################################################################################################################################################
[ReportManager] Target URL: [https://duckduckgo.com] @31-10-2021 01:53:06.0033 AM
[ReportManager] Initial URL: [https://duckduckgo.com] @31-10-2021 01:53:06.0144 AM
[ReportManager] Browser Action [NavigateToURL] successfully performed. With the following test data [https://duckduckgo.com]. @31-10-2021 01:53:06.0445 A
[ReportManager] Target URL: [https://duckduckgo.com] @31-10-2021 01:53:06.0447 AM
[ReportManager] Initial URL: [https://duckduckgo.com] @31-10-2021 01:53:06.0477 AM
[ReportManager] Browser Action [NavigateToURL] successfully performed. With the following test data [https://duckduckgo.com]. @31-10-2021 01:53:06.0912 AM
[ReportManager] Browser Action [CloseCurrentWindow] successfully performed. @31-10-2021 01:53:07.0003 AM
[ReportManager] Successfully created attachment [Browser Action Test Data - CloseCurrentWindow - Actual Value] @31-10-2021 01:53:07.0004 A
[ReportManager] File Action [GetAbsolutePath] successfully performed. With the following test data [Relative Folder Path: "target/downloadedFiles/"]. @31-10-2021 01:53:07.0007 AM
[ReportManager] Attempting to run locally on: [Mac-64], [Safari], Headless Execution. @31-10-2021 01:53:07.0007 AM
[ReportManager] Successfully Opened Safari. @31-10-2021 01:53:07.0873 AM
[ReportManager] Initial window size: (800, 600) @31-10-2021 01:53:07.0886 AM
[ReportManager] Window size after SWD Maximize: (1176, 811) @31-10-2021 01:53:07.0901 AM
[ReportManager] Browser Action [MaximizeWindow] successfully performed. With the following test data [New screen size is now: (1176, 811)]. @31-10-2021 01:53:07.0902 AM
[ReportManager] Target URL: [https://duckduckgo.com] @31-10-2021 01:53:07.0902 AM
[ReportManager] Initial URL: [] @31-10-2021 01:53:07.0979 AM
[ReportManager] Browser Action [NavigateToURL] successfully performed. With the following test data [https://duckduckgo.com]. @31-10-2021 01:53:08.0602 A

################################################################################################################################################
Starting Execution:	[17 out of 143] test cases in the current suite
Test Method:		[unitTests.tests_browserActions.navigateToURLWithRedirection]
################################################################################################################################################
[ReportManager] Target URL: [https://www.google.com/ncr], and after redirection: [https://www.google.com] @31-10-2021 01:53:08.0605 AM
[ReportManager] Initial URL: [https://duckduckgo.com] @31-10-2021 01:53:08.0640 AM
[ReportManager] Browser Action [NavigateToURL] successfully performed. With the following test data [https://www.google.com/ncr]. @31-10-2021 01:53:09.0999 A
[ReportManager] Target URL: [https://duckduckgo.com] @31-10-2021 01:53:10.0001 AM
[ReportManager] Initial URL: [https://www.google.com] @31-10-2021 01:53:10.0030 AM
[ReportManager] Browser Action [NavigateToURL] successfully performed. With the following test data [https://duckduckgo.com]. @31-10-2021 01:53:10.0343 AM
[ReportManager] Browser Action [CloseCurrentWindow] successfully performed. @31-10-2021 01:53:10.0496 AM
[ReportManager] Successfully created attachment [Browser Action Test Data - CloseCurrentWindow - Actual Value] @31-10-2021 01:53:10.0497 A
[ReportManager] File Action [GetAbsolutePath] successfully performed. With the following test data [Relative Folder Path: "target/downloadedFiles/"]. @31-10-2021 01:53:10.0500 AM
[ReportManager] Attempting to run locally on: [Mac-64], [Safari], Headless Execution. @31-10-2021 01:53:10.0500 AM
[ReportManager] Successfully Opened Safari. @31-10-2021 01:53:11.0330 AM
[ReportManager] Initial window size: (800, 600) @31-10-2021 01:53:11.0353 AM
[ReportManager] Window size after SWD Maximize: (1176, 811) @31-10-2021 01:53:11.0368 AM
[ReportManager] Browser Action [MaximizeWindow] successfully performed. With the following test data [New screen size is now: (1176, 811)]. @31-10-2021 01:53:11.0375 AM
[ReportManager] Target URL: [https://duckduckgo.com] @31-10-2021 01:53:11.0379 AM
[ReportManager] Initial URL: [] @31-10-2021 01:53:11.0429 AM
[ReportManager] Browser Action [NavigateToURL] successfully performed. With the following test data [https://duckduckgo.com]. @31-10-2021 01:53:12.0002 A

################################################################################################################################################
Starting Execution:	[18 out of 143] test cases in the current suite
Test Method:		[unitTests.tests_browserActions.refreshCurrentPage]
################################################################################################################################################
[ReportManager] Browser Action [RefreshCurrentPage] successfully performed. @31-10-2021 01:53:12.0280 AM
[ReportManager] Successfully created attachment [Browser Action Test Data - RefreshCurrentPage - Actual Value] @31-10-2021 01:53:12.0281 A
[ReportManager] Target URL: [https://duckduckgo.com] @31-10-2021 01:53:12.0284 AM
[ReportManager] Initial URL: [https://duckduckgo.com] @31-10-2021 01:53:12.0329 AM
[ReportManager] Browser Action [NavigateToURL] successfully performed. With the following test data [https://duckduckgo.com]. @31-10-2021 01:53:12.0654 AM
[ReportManager] Browser Action [CloseCurrentWindow] successfully performed. @31-10-2021 01:53:12.0801 AM
[ReportManager] Successfully created attachment [Browser Action Test Data - CloseCurrentWindow - Actual Value] @31-10-2021 01:53:12.0802 A
[ReportManager] File Action [GetAbsolutePath] successfully performed. With the following test data [Relative Folder Path: "target/downloadedFiles/"]. @31-10-2021 01:53:12.0804 AM
[ReportManager] Attempting to run locally on: [Mac-64], [Safari], Headless Execution. @31-10-2021 01:53:12.0805 AM
[ReportManager] Successfully Opened Safari. @31-10-2021 01:53:13.0603 AM
[ReportManager] Initial window size: (800, 600) @31-10-2021 01:53:13.0607 AM
[ReportManager] Window size after SWD Maximize: (1176, 811) @31-10-2021 01:53:13.0625 AM
[ReportManager] Browser Action [MaximizeWindow] successfully performed. With the following test data [New screen size is now: (1176, 811)]. @31-10-2021 01:53:13.0628 AM
[ReportManager] Target URL: [https://duckduckgo.com] @31-10-2021 01:53:13.0628 AM
[ReportManager] Initial URL: [] @31-10-2021 01:53:13.0687 AM
[ReportManager] Browser Action [NavigateToURL] successfully performed. With the following test data [https://duckduckgo.com]. @31-10-2021 01:53:14.0413 A

################################################################################################################################################
Starting Execution:	[19 out of 143] test cases in the current suite
Test Method:		[unitTests.tests_browserActions.setWindowSize]
################################################################################################################################################
[ReportManager] Initial window size: (1176, 811) @31-10-2021 01:53:14.0423 AM
[ReportManager] Window size after SWD: (1280, 720) @31-10-2021 01:53:14.0530 AM
[ReportManager] Browser Action [SetWindowSize] successfully performed. With the following test data [New screen size is now: (1280, 720)]. @31-10-2021 01:53:14.0531 A
[ReportManager] Target URL: [https://duckduckgo.com] @31-10-2021 01:53:14.0533 AM
[ReportManager] Initial URL: [https://duckduckgo.com] @31-10-2021 01:53:14.0576 AM
[ReportManager] Browser Action [NavigateToURL] successfully performed. With the following test data [https://duckduckgo.com]. @31-10-2021 01:53:14.0905 AM
[ReportManager] Browser Action [CloseCurrentWindow] successfully performed. @31-10-2021 01:53:14.0940 AM
[ReportManager] Successfully created attachment [Browser Action Test Data - CloseCurrentWindow - Actual Value] @31-10-2021 01:53:14.0940 A
[ReportManager] Successfully loaded the following test data file [src/test/resources/TestDataFiles/testSuite01/TestData.xlsx]. @31-10-2021 01:53:16.0971 AM
[ReportManager] Successfully created attachment [Test Data - Excel] @31-10-2021 01:53:16.0972 A

################################################################################################################################################
Starting Execution:	[20 out of 143] test cases in the current suite
Test Method:		[unitTests.tests_io_excelFileManager.getCellData_rowName_expectedToPass]
################################################################################################################################################
[ReportManager] testRowData. @31-10-2021 01:53:16.0988 A

################################################################################################################################################
Starting Execution:	[21 out of 143] test cases in the current suite
Test Method:		[unitTests.tests_validations_assertions.assertComparativeRelation_greaterThanOrEquals_false_equals_expectedToFail]
################################################################################################################################################
[ReportManager] Assertion [ValidateComparativeRelation] FAILED. Expected [1] and Actual [1]. Comparison Type [GREATER_THAN_OR_EQUALS]. Validation Type [NEGATIVE]. @31-10-2021 01:53:16.0996 A

################################################################################################################################################
Starting Execution:	[22 out of 143] test cases in the current suite
Test Method:		[unitTests.tests_validations_assertions.assertComparativeRelation_greaterThanOrEquals_false_equals_expectedToPass]
################################################################################################################################################
[ReportManager] Assertion [ValidateComparativeRelation] PASSED. Expected [2] and Actual [1]. Comparison Type [GREATER_THAN_OR_EQUALS]. Validation Type [NEGATIVE]. @31-10-2021 01:53:17.0001 A

################################################################################################################################################
Starting Execution:	[23 out of 143] test cases in the current suite
Test Method:		[unitTests.tests_validations_assertions.assertComparativeRelation_greaterThanOrEquals_false_greaterThan_expectedToFail]
################################################################################################################################################
[ReportManager] Assertion [ValidateComparativeRelation] FAILED. Expected [1] and Actual [2]. Comparison Type [GREATER_THAN_OR_EQUALS]. Validation Type [NEGATIVE]. @31-10-2021 01:53:17.0007 A

################################################################################################################################################
Starting Execution:	[24 out of 143] test cases in the current suite
Test Method:		[unitTests.tests_validations_assertions.assertComparativeRelation_greaterThanOrEquals_false_greaterThan_expectedToPass]
################################################################################################################################################
[ReportManager] Assertion [ValidateComparativeRelation] PASSED. Expected [2] and Actual [1]. Comparison Type [GREATER_THAN_OR_EQUALS]. Validation Type [NEGATIVE]. @31-10-2021 01:53:17.0018 A

################################################################################################################################################
Starting Execution:	[25 out of 143] test cases in the current suite
Test Method:		[unitTests.tests_validations_assertions.assertComparativeRelation_greaterThanOrEquals_true_equals_expectedToFail]
################################################################################################################################################
[ReportManager] Assertion [ValidateComparativeRelation] FAILED. Expected [1] and Actual [0]. Comparison Type [GREATER_THAN_OR_EQUALS]. Validation Type [POSITIVE]. @31-10-2021 01:53:17.0023 A

################################################################################################################################################
Starting Execution:	[26 out of 143] test cases in the current suite
Test Method:		[unitTests.tests_validations_assertions.assertComparativeRelation_greaterThanOrEquals_true_equals_expectedToPass]
################################################################################################################################################
[ReportManager] Assertion [ValidateComparativeRelation] PASSED. Expected [1] and Actual [1]. Comparison Type [GREATER_THAN_OR_EQUALS]. Validation Type [POSITIVE]. @31-10-2021 01:53:17.0029 A

################################################################################################################################################
Starting Execution:	[27 out of 143] test cases in the current suite
Test Method:		[unitTests.tests_validations_assertions.assertComparativeRelation_greaterThanOrEquals_true_greaterThan_expectedToFail]
################################################################################################################################################
[ReportManager] Assertion [ValidateComparativeRelation] FAILED. Expected [2] and Actual [1]. Comparison Type [GREATER_THAN_OR_EQUALS]. Validation Type [POSITIVE]. @31-10-2021 01:53:17.0036 A

################################################################################################################################################
Starting Execution:	[28 out of 143] test cases in the current suite
Test Method:		[unitTests.tests_validations_assertions.assertComparativeRelation_greaterThanOrEquals_true_greaterThan_expectedToPass]
################################################################################################################################################
[ReportManager] Assertion [ValidateComparativeRelation] PASSED. Expected [1] and Actual [2]. Comparison Type [GREATER_THAN_OR_EQUALS]. Validation Type [POSITIVE]. @31-10-2021 01:53:17.0055 A
[ReportManager] File Action [GetAbsolutePath] successfully performed. With the following test data [Relative Folder Path: "target/downloadedFiles/"]. @31-10-2021 01:53:17.0058 AM
[ReportManager] Attempting to run locally on: [Mac-64], [Safari], Headless Execution. @31-10-2021 01:53:17.0059 AM
[ReportManager] Successfully Opened Safari. @31-10-2021 01:53:17.0952 AM
[ReportManager] Initial window size: (800, 600) @31-10-2021 01:53:17.0981 AM
[ReportManager] Window size after SWD Maximize: (1176, 811) @31-10-2021 01:53:18.0041 AM
[ReportManager] Browser Action [MaximizeWindow] successfully performed. With the following test data [New screen size is now: (1176, 811)]. @31-10-2021 01:53:18.0043 AM
[ReportManager] Target URL: [https://www.google.com/ncr], and after redirection: [www.google.com] @31-10-2021 01:53:18.0043 AM
[ReportManager] Initial URL: [] @31-10-2021 01:53:18.0104 AM
[ReportManager] Browser Action [NavigateToURL] successfully performed. With the following test data [https://www.google.com/ncr]. @31-10-2021 01:53:19.0288 A

################################################################################################################################################
Starting Execution:	[29 out of 143] test cases in the current suite
Test Method:		[unitTests.tests_validations_assertions.assertElementAttribute_false_caseInsensitiveComparison_expectedToFail]
################################################################################################################################################
[ReportManager] Element Action [Type] successfully performed. With the following test data [AUTOMATION]. @31-10-2021 01:53:20.0017 AM
[ReportManager] Element Action [GetText] successfully performed. With the following test data [AUTOMATION]. @31-10-2021 01:53:20.0066 AM
[ReportManager] Loaded Shared OpenCV @31-10-2021 01:53:21.0153 AM
[ReportManager] Assertion [ValidateElementAttribute] FAILED. Expected [Value Should not be 'AutomaTion' for the 'text' attribute, element locator 'By.name: q'] and Actual [AUTOMATION]. Comparison Type [CASE_INSENSITIVE]. Validation Type [NEGATIVE]. @31-10-2021 01:53:21.0762 AM
[ReportManager] Successfully created attachment [Screenshot - 1635645200130_assertElementAttribute_false_caseInsensitiveComparison_expectedToFail_ValidateElementAttribute_failed] @31-10-2021 01:53:21.0769 A
[ReportManager] Browser Action [CloseCurrentWindow] successfully performed. @31-10-2021 01:53:21.0818 AM
[ReportManager] Successfully created attachment [Browser Action Test Data - CloseCurrentWindow - Actual Value] @31-10-2021 01:53:21.0822 A
[ReportManager] File Action [GetAbsolutePath] successfully performed. With the following test data [Relative Folder Path: "target/downloadedFiles/"]. @31-10-2021 01:53:21.0873 AM
[ReportManager] Attempting to run locally on: [Mac-64], [Safari], Headless Execution. @31-10-2021 01:53:21.0873 AM
[ReportManager] Successfully Opened Safari. @31-10-2021 01:53:22.0813 AM
[ReportManager] Initial window size: (800, 600) @31-10-2021 01:53:22.0818 AM
[ReportManager] Window size after SWD Maximize: (1176, 811) @31-10-2021 01:53:22.0832 AM
[ReportManager] Browser Action [MaximizeWindow] successfully performed. With the following test data [New screen size is now: (1176, 811)]. @31-10-2021 01:53:22.0832 AM
[ReportManager] Target URL: [https://www.google.com/ncr], and after redirection: [www.google.com] @31-10-2021 01:53:22.0832 AM
[ReportManager] Initial URL: [] @31-10-2021 01:53:22.0875 AM
[ReportManager] Browser Action [NavigateToURL] successfully performed. With the following test data [https://www.google.com/ncr]. @31-10-2021 01:53:24.0106 A

################################################################################################################################################
Starting Execution:	[30 out of 143] test cases in the current suite
Test Method:		[unitTests.tests_validations_assertions.assertElementAttribute_false_caseInsensitiveComparison_expectedToPass]
################################################################################################################################################
[ReportManager] Element Action [Type] successfully performed. With the following test data [AUTOMATION]. @31-10-2021 01:53:24.0620 AM
[ReportManager] Element Action [GetText] successfully performed. With the following test data [AUTOMATION]. @31-10-2021 01:53:24.0679 AM
[ReportManager] Loaded Shared OpenCV @31-10-2021 01:53:24.0735 AM
[ReportManager] Assertion [ValidateElementAttribute] PASSED. Expected [Value Should not be 'AutomaTion123' for the 'text' attribute, element locator 'By.name: q'] and Actual [AUTOMATION]. Comparison Type [CASE_INSENSITIVE]. Validation Type [NEGATIVE]. @31-10-2021 01:53:24.0841 AM
[ReportManager] Successfully created attachment [Screenshot - 1635645204735_assertElementAttribute_false_caseInsensitiveComparison_expectedToPass_ValidateElementAttribute_passed] @31-10-2021 01:53:24.0842 A
[ReportManager] Browser Action [CloseCurrentWindow] successfully performed. @31-10-2021 01:53:25.0053 AM
[ReportManager] Successfully created attachment [Browser Action Test Data - CloseCurrentWindow - Actual Value] @31-10-2021 01:53:25.0054 A
[ReportManager] File Action [GetAbsolutePath] successfully performed. With the following test data [Relative Folder Path: "target/downloadedFiles/"]. @31-10-2021 01:53:25.0059 AM
[ReportManager] Attempting to run locally on: [Mac-64], [Safari], Headless Execution. @31-10-2021 01:53:25.0059 AM
[ReportManager] Successfully Opened Safari. @31-10-2021 01:53:25.0960 AM
[ReportManager] Initial window size: (800, 600) @31-10-2021 01:53:25.0968 AM
[ReportManager] Window size after SWD Maximize: (1176, 811) @31-10-2021 01:53:25.0980 AM
[ReportManager] Browser Action [MaximizeWindow] successfully performed. With the following test data [New screen size is now: (1176, 811)]. @31-10-2021 01:53:25.0981 AM
[ReportManager] Target URL: [https://www.google.com/ncr], and after redirection: [www.google.com] @31-10-2021 01:53:25.0981 AM
[ReportManager] Initial URL: [] @31-10-2021 01:53:26.0057 AM
[ReportManager] Browser Action [NavigateToURL] successfully performed. With the following test data [https://www.google.com/ncr]. @31-10-2021 01:53:27.0360 A

################################################################################################################################################
Starting Execution:	[31 out of 143] test cases in the current suite
Test Method:		[unitTests.tests_validations_assertions.assertElementAttribute_false_containsComparison_expectedToFail]
################################################################################################################################################
[ReportManager] Element Action [Type] successfully performed. With the following test data [Automation123]. @31-10-2021 01:53:27.0928 AM
[ReportManager] Element Action [GetText] successfully performed. With the following test data [Automation123]. @31-10-2021 01:53:27.0985 AM
[ReportManager] Loaded Shared OpenCV @31-10-2021 01:53:28.0054 AM
[ReportManager] Assertion [ValidateElementAttribute] FAILED. Expected [Value Should not be 'Automation' for the 'text' attribute, element locator 'By.name: q'] and Actual [Automation123]. Comparison Type [CONTAINS]. Validation Type [NEGATIVE]. @31-10-2021 01:53:28.0164 AM
[ReportManager] Successfully created attachment [Screenshot - 1635645208054_assertElementAttribute_false_containsComparison_expectedToFail_ValidateElementAttribute_failed] @31-10-2021 01:53:28.0166 A
[ReportManager] Browser Action [CloseCurrentWindow] successfully performed. @31-10-2021 01:53:28.0230 AM
[ReportManager] Successfully created attachment [Browser Action Test Data - CloseCurrentWindow - Actual Value] @31-10-2021 01:53:28.0231 A
[ReportManager] File Action [GetAbsolutePath] successfully performed. With the following test data [Relative Folder Path: "target/downloadedFiles/"]. @31-10-2021 01:53:28.0240 AM
[ReportManager] Attempting to run locally on: [Mac-64], [Safari], Headless Execution. @31-10-2021 01:53:28.0242 AM
[ReportManager] Successfully Opened Safari. @31-10-2021 01:53:29.0136 AM
[ReportManager] Initial window size: (800, 600) @31-10-2021 01:53:29.0146 AM
[ReportManager] Window size after SWD Maximize: (1176, 811) @31-10-2021 01:53:29.0215 AM
[ReportManager] Browser Action [MaximizeWindow] successfully performed. With the following test data [New screen size is now: (1176, 811)]. @31-10-2021 01:53:29.0216 AM
[ReportManager] Target URL: [https://www.google.com/ncr], and after redirection: [www.google.com] @31-10-2021 01:53:29.0216 AM
[ReportManager] Initial URL: [] @31-10-2021 01:53:29.0269 AM
[ReportManager] Browser Action [NavigateToURL] successfully performed. With the following test data [https://www.google.com/ncr]. @31-10-2021 01:53:29.0994 A

################################################################################################################################################
Starting Execution:	[32 out of 143] test cases in the current suite
Test Method:		[unitTests.tests_validations_assertions.assertElementAttribute_false_containsComparison_expectedToPass]
################################################################################################################################################
[ReportManager] Element Action [Type] successfully performed. With the following test data [Automation123]. @31-10-2021 01:53:30.0637 AM
[ReportManager] Element Action [GetText] successfully performed. With the following test data [Automation123]. @31-10-2021 01:53:30.0776 AM
[ReportManager] Loaded Shared OpenCV @31-10-2021 01:53:30.0829 AM
[ReportManager] Assertion [ValidateElementAttribute] PASSED. Expected [Value Should not be 'Automation1234' for the 'text' attribute, element locator 'By.name: q'] and Actual [Automation123]. Comparison Type [CONTAINS]. Validation Type [NEGATIVE]. @31-10-2021 01:53:30.0923 AM
[ReportManager] Successfully created attachment [Screenshot - 1635645210829_assertElementAttribute_false_containsComparison_expectedToPass_ValidateElementAttribute_passed] @31-10-2021 01:53:30.0924 A
[ReportManager] Browser Action [CloseCurrentWindow] successfully performed. @31-10-2021 01:53:31.0009 AM
[ReportManager] Successfully created attachment [Browser Action Test Data - CloseCurrentWindow - Actual Value] @31-10-2021 01:53:31.0010 A
[ReportManager] File Action [GetAbsolutePath] successfully performed. With the following test data [Relative Folder Path: "target/downloadedFiles/"]. @31-10-2021 01:53:31.0036 AM
[ReportManager] Attempting to run locally on: [Mac-64], [Safari], Headless Execution. @31-10-2021 01:53:31.0037 AM
[ReportManager] Successfully Opened Safari. @31-10-2021 01:53:31.0948 AM
[ReportManager] Initial window size: (800, 600) @31-10-2021 01:53:31.0956 AM
[ReportManager] Window size after SWD Maximize: (1176, 811) @31-10-2021 01:53:31.0967 AM
[ReportManager] Browser Action [MaximizeWindow] successfully performed. With the following test data [New screen size is now: (1176, 811)]. @31-10-2021 01:53:31.0970 AM
[ReportManager] Target URL: [https://www.google.com/ncr], and after redirection: [www.google.com] @31-10-2021 01:53:31.0970 AM
[ReportManager] Initial URL: [] @31-10-2021 01:53:32.0036 AM
[ReportManager] Browser Action [NavigateToURL] successfully performed. With the following test data [https://www.google.com/ncr]. @31-10-2021 01:53:32.0750 A

################################################################################################################################################
Starting Execution:	[33 out of 143] test cases in the current suite
Test Method:		[unitTests.tests_validations_assertions.assertElementAttribute_false_literalComparison_expectedToFail]
################################################################################################################################################
[ReportManager] Element Action [Type] successfully performed. With the following test data [Automation!@#$%^&*()_+{}[]\';/.,]. @31-10-2021 01:53:34.0002 AM
[ReportManager] Element Action [GetText] successfully performed. With the following test data [Automation!@#$%^&*()_+{}[]\';/.,]. @31-10-2021 01:53:34.0063 AM
[ReportManager] Loaded Shared OpenCV @31-10-2021 01:53:34.0175 AM
[ReportManager] Assertion [ValidateElementAttribute] PASSED. Expected [Value Should not be 'Automation!@#$%^&*()_+{}[]\\';/.,' for the 'text' attribute, element locator 'By.name: q'] and Actual [Automation!@#$%^&*()_+{}[]\';/.,]. Comparison Type [EQUALS]. Validation Type [NEGATIVE]. @31-10-2021 01:53:34.0273 AM
[ReportManager] Successfully created attachment [Screenshot - 1635645214175_assertElementAttribute_false_literalComparison_expectedToFail_ValidateElementAttribute_passed] @31-10-2021 01:53:34.0274 A
[ReportManager] Browser Action [CloseCurrentWindow] successfully performed. @31-10-2021 01:53:34.0410 AM
[ReportManager] Successfully created attachment [Browser Action Test Data - CloseCurrentWindow - Actual Value] @31-10-2021 01:53:34.0411 A
[ReportManager] File Action [GetAbsolutePath] successfully performed. With the following test data [Relative Folder Path: "target/downloadedFiles/"]. @31-10-2021 01:53:34.0414 AM
[ReportManager] Attempting to run locally on: [Mac-64], [Safari], Headless Execution. @31-10-2021 01:53:34.0415 AM
[ReportManager] Successfully Opened Safari. @31-10-2021 01:53:35.0241 AM
[ReportManager] Initial window size: (800, 600) @31-10-2021 01:53:35.0300 AM
[ReportManager] Window size after SWD Maximize: (1176, 811) @31-10-2021 01:53:35.0358 AM
[ReportManager] Browser Action [MaximizeWindow] successfully performed. With the following test data [New screen size is now: (1176, 811)]. @31-10-2021 01:53:35.0358 AM
[ReportManager] Target URL: [https://www.google.com/ncr], and after redirection: [www.google.com] @31-10-2021 01:53:35.0359 AM
[ReportManager] Initial URL: [] @31-10-2021 01:53:35.0392 AM
[ReportManager] Browser Action [NavigateToURL] successfully performed. With the following test data [https://www.google.com/ncr]. @31-10-2021 01:53:36.0570 A

################################################################################################################################################
Starting Execution:	[34 out of 143] test cases in the current suite
Test Method:		[unitTests.tests_validations_assertions.assertElementAttribute_false_literalComparison_expectedToPass]
################################################################################################################################################
[ReportManager] Element Action [Type] successfully performed. With the following test data [Automation!@#$%^&*()_+{}[]\';/.,]. @31-10-2021 01:53:37.0739 AM
[ReportManager] Element Action [GetText] successfully performed. With the following test data [Automation!@#$%^&*()_+{}[]\';/.,]. @31-10-2021 01:53:37.0790 AM
[ReportManager] Loaded Shared OpenCV @31-10-2021 01:53:37.0859 AM
[ReportManager] Assertion [ValidateElementAttribute] PASSED. Expected [Value Should not be 'Automation' for the 'text' attribute, element locator 'By.name: q'] and Actual [Automation!@#$%^&*()_+{}[]\';/.,]. Comparison Type [EQUALS]. Validation Type [NEGATIVE]. @31-10-2021 01:53:37.0956 AM
[ReportManager] Successfully created attachment [Screenshot - 1635645217859_assertElementAttribute_false_literalComparison_expectedToPass_ValidateElementAttribute_passed] @31-10-2021 01:53:37.0958 A
[ReportManager] Browser Action [CloseCurrentWindow] successfully performed. @31-10-2021 01:53:38.0005 AM
[ReportManager] Successfully created attachment [Browser Action Test Data - CloseCurrentWindow - Actual Value] @31-10-2021 01:53:38.0006 A
[ReportManager] File Action [GetAbsolutePath] successfully performed. With the following test data [Relative Folder Path: "target/downloadedFiles/"]. @31-10-2021 01:53:38.0016 AM
[ReportManager] Attempting to run locally on: [Mac-64], [Safari], Headless Execution. @31-10-2021 01:53:38.0017 AM
[ReportManager] Successfully Opened Safari. @31-10-2021 01:53:38.0859 AM
[ReportManager] Initial window size: (800, 600) @31-10-2021 01:53:38.0875 AM
[ReportManager] Window size after SWD Maximize: (1176, 811) @31-10-2021 01:53:38.0888 AM
[ReportManager] Browser Action [MaximizeWindow] successfully performed. With the following test data [New screen size is now: (1176, 811)]. @31-10-2021 01:53:38.0889 AM
[ReportManager] Target URL: [https://www.google.com/ncr], and after redirection: [www.google.com] @31-10-2021 01:53:38.0889 AM
[ReportManager] Initial URL: [] @31-10-2021 01:53:38.0959 AM
[ReportManager] Browser Action [NavigateToURL] successfully performed. With the following test data [https://www.google.com/ncr]. @31-10-2021 01:53:40.0318 A

################################################################################################################################################
Starting Execution:	[35 out of 143] test cases in the current suite
Test Method:		[unitTests.tests_validations_assertions.assertElementAttribute_false_regexComparison_expectedToFail]
################################################################################################################################################
[ReportManager] Element Action [Type] successfully performed. With the following test data [Automation123]. @31-10-2021 01:53:41.0033 AM
[ReportManager] Element Action [GetText] successfully performed. With the following test data [Automation123]. @31-10-2021 01:53:41.0142 AM
[ReportManager] Loaded Shared OpenCV @31-10-2021 01:53:41.0194 AM
[ReportManager] Assertion [ValidateElementAttribute] FAILED. Expected [Value Should not be 'Automation.*' for the 'text' attribute, element locator 'By.name: q'] and Actual [Automation123]. Comparison Type [MATCHES]. Validation Type [NEGATIVE]. @31-10-2021 01:53:41.0289 AM
[ReportManager] Successfully created attachment [Screenshot - 1635645221194_assertElementAttribute_false_regexComparison_expectedToFail_ValidateElementAttribute_failed] @31-10-2021 01:53:41.0290 A
[ReportManager] Browser Action [CloseCurrentWindow] successfully performed. @31-10-2021 01:53:41.0371 AM
[ReportManager] Successfully created attachment [Browser Action Test Data - CloseCurrentWindow - Actual Value] @31-10-2021 01:53:41.0372 A
[ReportManager] File Action [GetAbsolutePath] successfully performed. With the following test data [Relative Folder Path: "target/downloadedFiles/"]. @31-10-2021 01:53:41.0375 AM
[ReportManager] Attempting to run locally on: [Mac-64], [Safari], Headless Execution. @31-10-2021 01:53:41.0376 AM
[ReportManager] Successfully Opened Safari. @31-10-2021 01:53:42.0200 AM
[ReportManager] Initial window size: (800, 600) @31-10-2021 01:53:42.0224 AM
[ReportManager] Window size after SWD Maximize: (1176, 811) @31-10-2021 01:53:42.0243 AM
[ReportManager] Browser Action [MaximizeWindow] successfully performed. With the following test data [New screen size is now: (1176, 811)]. @31-10-2021 01:53:42.0244 AM
[ReportManager] Target URL: [https://www.google.com/ncr], and after redirection: [www.google.com] @31-10-2021 01:53:42.0244 AM
[ReportManager] Initial URL: [] @31-10-2021 01:53:42.0312 AM
[ReportManager] Browser Action [NavigateToURL] successfully performed. With the following test data [https://www.google.com/ncr]. @31-10-2021 01:53:43.0523 A

################################################################################################################################################
Starting Execution:	[36 out of 143] test cases in the current suite
Test Method:		[unitTests.tests_validations_assertions.assertElementAttribute_false_regexComparison_expectedToPass]
################################################################################################################################################
[ReportManager] Element Action [Type] successfully performed. With the following test data [Automation123]. @31-10-2021 01:53:44.0095 AM
[ReportManager] Element Action [GetText] successfully performed. With the following test data [Automation123]. @31-10-2021 01:53:44.0191 AM
[ReportManager] Loaded Shared OpenCV @31-10-2021 01:53:44.0254 AM
[ReportManager] Assertion [ValidateElementAttribute] PASSED. Expected [Value Should not be 'Automation' for the 'text' attribute, element locator 'By.name: q'] and Actual [Automation123]. Comparison Type [MATCHES]. Validation Type [NEGATIVE]. @31-10-2021 01:53:44.0407 AM
[ReportManager] Successfully created attachment [Screenshot - 1635645224254_assertElementAttribute_false_regexComparison_expectedToPass_ValidateElementAttribute_passed] @31-10-2021 01:53:44.0408 A
[ReportManager] Browser Action [CloseCurrentWindow] successfully performed. @31-10-2021 01:53:44.0542 AM
[ReportManager] Successfully created attachment [Browser Action Test Data - CloseCurrentWindow - Actual Value] @31-10-2021 01:53:44.0543 A
[ReportManager] File Action [GetAbsolutePath] successfully performed. With the following test data [Relative Folder Path: "target/downloadedFiles/"]. @31-10-2021 01:53:44.0546 AM
[ReportManager] Attempting to run locally on: [Mac-64], [Safari], Headless Execution. @31-10-2021 01:53:44.0546 AM
[ReportManager] Successfully Opened Safari. @31-10-2021 01:53:45.0310 AM
[ReportManager] Initial window size: (800, 600) @31-10-2021 01:53:45.0388 AM
[ReportManager] Window size after SWD Maximize: (1176, 811) @31-10-2021 01:53:45.0431 AM
[ReportManager] Browser Action [MaximizeWindow] successfully performed. With the following test data [New screen size is now: (1176, 811)]. @31-10-2021 01:53:45.0432 AM
[ReportManager] Target URL: [https://www.google.com/ncr], and after redirection: [www.google.com] @31-10-2021 01:53:45.0432 AM
[ReportManager] Initial URL: [] @31-10-2021 01:53:45.0470 AM
[ReportManager] Browser Action [NavigateToURL] successfully performed. With the following test data [https://www.google.com/ncr]. @31-10-2021 01:53:46.0268 A

################################################################################################################################################
Starting Execution:	[37 out of 143] test cases in the current suite
Test Method:		[unitTests.tests_validations_assertions.assertElementAttribute_true_caseInsensitiveComparison_expectedToFail]
################################################################################################################################################
[ReportManager] Element Action [Type] successfully performed. With the following test data [AUTOMATION]. @31-10-2021 01:53:46.0810 AM
[ReportManager] Element Action [GetText] successfully performed. With the following test data [AUTOMATION]. @31-10-2021 01:53:46.0877 AM
[ReportManager] Loaded Shared OpenCV @31-10-2021 01:53:46.0930 AM
[ReportManager] Assertion [ValidateElementAttribute] FAILED. Expected [Value Should be 'AutomaTion123' for the 'text' attribute, element locator 'By.name: q'] and Actual [AUTOMATION]. Comparison Type [CASE_INSENSITIVE]. Validation Type [POSITIVE]. @31-10-2021 01:53:47.0059 AM
[ReportManager] Successfully created attachment [Screenshot - 1635645226930_assertElementAttribute_true_caseInsensitiveComparison_expectedToFail_ValidateElementAttribute_failed] @31-10-2021 01:53:47.0061 A
[ReportManager] Browser Action [CloseCurrentWindow] successfully performed. @31-10-2021 01:53:47.0125 AM
[ReportManager] Successfully created attachment [Browser Action Test Data - CloseCurrentWindow - Actual Value] @31-10-2021 01:53:47.0128 A
[ReportManager] File Action [GetAbsolutePath] successfully performed. With the following test data [Relative Folder Path: "target/downloadedFiles/"]. @31-10-2021 01:53:47.0133 AM
[ReportManager] Attempting to run locally on: [Mac-64], [Safari], Headless Execution. @31-10-2021 01:53:47.0133 AM
[ReportManager] Successfully Opened Safari. @31-10-2021 01:53:47.0951 AM
[ReportManager] Initial window size: (800, 600) @31-10-2021 01:53:48.0005 AM
[ReportManager] Window size after SWD Maximize: (1176, 811) @31-10-2021 01:53:48.0047 AM
[ReportManager] Browser Action [MaximizeWindow] successfully performed. With the following test data [New screen size is now: (1176, 811)]. @31-10-2021 01:53:48.0047 AM
[ReportManager] Target URL: [https://www.google.com/ncr], and after redirection: [www.google.com] @31-10-2021 01:53:48.0047 AM
[ReportManager] Initial URL: [] @31-10-2021 01:53:48.0081 AM
[ReportManager] Browser Action [NavigateToURL] successfully performed. With the following test data [https://www.google.com/ncr]. @31-10-2021 01:53:49.0323 A

################################################################################################################################################
Starting Execution:	[38 out of 143] test cases in the current suite
Test Method:		[unitTests.tests_validations_assertions.assertElementAttribute_true_caseInsensitiveComparison_expectedToPass]
################################################################################################################################################
[ReportManager] Element Action [Type] successfully performed. With the following test data [AUTOMATION]. @31-10-2021 01:53:49.0831 AM
[ReportManager] Element Action [GetText] successfully performed. With the following test data [AUTOMATION]. @31-10-2021 01:53:49.0884 AM
[ReportManager] Loaded Shared OpenCV @31-10-2021 01:53:49.0939 AM
[ReportManager] Assertion [ValidateElementAttribute] PASSED. Expected [Value Should be 'AutomaTion' for the 'text' attribute, element locator 'By.name: q'] and Actual [AUTOMATION]. Comparison Type [CASE_INSENSITIVE]. Validation Type [POSITIVE]. @31-10-2021 01:53:50.0046 AM
[ReportManager] Successfully created attachment [Screenshot - 1635645229939_assertElementAttribute_true_caseInsensitiveComparison_expectedToPass_ValidateElementAttribute_passed] @31-10-2021 01:53:50.0047 A
[ReportManager] Browser Action [CloseCurrentWindow] successfully performed. @31-10-2021 01:53:50.0166 AM
[ReportManager] Successfully created attachment [Browser Action Test Data - CloseCurrentWindow - Actual Value] @31-10-2021 01:53:50.0175 A
[ReportManager] File Action [GetAbsolutePath] successfully performed. With the following test data [Relative Folder Path: "target/downloadedFiles/"]. @31-10-2021 01:53:50.0180 AM
[ReportManager] Attempting to run locally on: [Mac-64], [Safari], Headless Execution. @31-10-2021 01:53:50.0180 AM
[ReportManager] Successfully Opened Safari. @31-10-2021 01:53:51.0184 AM
[ReportManager] Initial window size: (800, 600) @31-10-2021 01:53:51.0192 AM
[ReportManager] Window size after SWD Maximize: (1176, 811) @31-10-2021 01:53:51.0212 AM
[ReportManager] Browser Action [MaximizeWindow] successfully performed. With the following test data [New screen size is now: (1176, 811)]. @31-10-2021 01:53:51.0213 AM
[ReportManager] Target URL: [https://www.google.com/ncr], and after redirection: [www.google.com] @31-10-2021 01:53:51.0213 AM
[ReportManager] Initial URL: [] @31-10-2021 01:53:51.0294 AM
[ReportManager] Browser Action [NavigateToURL] successfully performed. With the following test data [https://www.google.com/ncr]. @31-10-2021 01:53:52.0281 A

################################################################################################################################################
Starting Execution:	[39 out of 143] test cases in the current suite
Test Method:		[unitTests.tests_validations_assertions.assertElementAttribute_true_containsComparison_expectedToFail]
################################################################################################################################################
[ReportManager] Element Action [Type] successfully performed. With the following test data [Automation123]. @31-10-2021 01:53:52.0982 AM
[ReportManager] Element Action [GetText] successfully performed. With the following test data [Automation123]. @31-10-2021 01:53:53.0070 AM
[ReportManager] Loaded Shared OpenCV @31-10-2021 01:53:53.0124 AM
[ReportManager] Assertion [ValidateElementAttribute] FAILED. Expected [Value Should be 'Automation1234' for the 'text' attribute, element locator 'By.name: q'] and Actual [Automation123]. Comparison Type [CONTAINS]. Validation Type [POSITIVE]. @31-10-2021 01:53:53.0221 AM
[ReportManager] Successfully created attachment [Screenshot - 1635645233123_assertElementAttribute_true_containsComparison_expectedToFail_ValidateElementAttribute_failed] @31-10-2021 01:53:53.0222 A
[ReportManager] Browser Action [CloseCurrentWindow] successfully performed. @31-10-2021 01:53:53.0300 AM
[ReportManager] Successfully created attachment [Browser Action Test Data - CloseCurrentWindow - Actual Value] @31-10-2021 01:53:53.0304 A
[ReportManager] File Action [GetAbsolutePath] successfully performed. With the following test data [Relative Folder Path: "target/downloadedFiles/"]. @31-10-2021 01:53:53.0308 AM
[ReportManager] Attempting to run locally on: [Mac-64], [Safari], Headless Execution. @31-10-2021 01:53:53.0308 AM
[ReportManager] Successfully Opened Safari. @31-10-2021 01:53:54.0160 AM
[ReportManager] Initial window size: (800, 600) @31-10-2021 01:53:54.0200 AM
[ReportManager] Window size after SWD Maximize: (1176, 811) @31-10-2021 01:53:54.0247 AM
[ReportManager] Browser Action [MaximizeWindow] successfully performed. With the following test data [New screen size is now: (1176, 811)]. @31-10-2021 01:53:54.0247 AM
[ReportManager] Target URL: [https://www.google.com/ncr], and after redirection: [www.google.com] @31-10-2021 01:53:54.0247 AM
[ReportManager] Initial URL: [] @31-10-2021 01:53:54.0298 AM
[ReportManager] Browser Action [NavigateToURL] successfully performed. With the following test data [https://www.google.com/ncr]. @31-10-2021 01:53:55.0040 A

################################################################################################################################################
Starting Execution:	[40 out of 143] test cases in the current suite
Test Method:		[unitTests.tests_validations_assertions.assertElementAttribute_true_containsComparison_expectedToPass]
################################################################################################################################################
[ReportManager] Element Action [Type] successfully performed. With the following test data [Automation123]. @31-10-2021 01:53:55.0666 AM
[ReportManager] Element Action [GetText] successfully performed. With the following test data [Automation123]. @31-10-2021 01:53:55.0714 AM
[ReportManager] Loaded Shared OpenCV @31-10-2021 01:53:55.0765 AM
[ReportManager] Assertion [ValidateElementAttribute] PASSED. Expected [Value Should be 'Automation' for the 'text' attribute, element locator 'By.name: q'] and Actual [Automation123]. Comparison Type [CONTAINS]. Validation Type [POSITIVE]. @31-10-2021 01:53:55.0862 AM
[ReportManager] Successfully created attachment [Screenshot - 1635645235765_assertElementAttribute_true_containsComparison_expectedToPass_ValidateElementAttribute_passed] @31-10-2021 01:53:55.0863 A
[ReportManager] Browser Action [CloseCurrentWindow] successfully performed. @31-10-2021 01:53:56.0058 AM
[ReportManager] Successfully created attachment [Browser Action Test Data - CloseCurrentWindow - Actual Value] @31-10-2021 01:53:56.0059 A
[ReportManager] File Action [GetAbsolutePath] successfully performed. With the following test data [Relative Folder Path: "target/downloadedFiles/"]. @31-10-2021 01:53:56.0061 AM
[ReportManager] Attempting to run locally on: [Mac-64], [Safari], Headless Execution. @31-10-2021 01:53:56.0062 AM
[ReportManager] Successfully Opened Safari. @31-10-2021 01:53:56.0866 AM
[ReportManager] Initial window size: (800, 600) @31-10-2021 01:53:56.0871 AM
[ReportManager] Window size after SWD Maximize: (1176, 811) @31-10-2021 01:53:56.0883 AM
[ReportManager] Browser Action [MaximizeWindow] successfully performed. With the following test data [New screen size is now: (1176, 811)]. @31-10-2021 01:53:56.0883 AM
[ReportManager] Target URL: [https://www.google.com/ncr], and after redirection: [www.google.com] @31-10-2021 01:53:56.0883 AM
[ReportManager] Initial URL: [] @31-10-2021 01:53:56.0954 AM
[ReportManager] Browser Action [NavigateToURL] successfully performed. With the following test data [https://www.google.com/ncr]. @31-10-2021 01:53:57.0662 A

################################################################################################################################################
Starting Execution:	[41 out of 143] test cases in the current suite
Test Method:		[unitTests.tests_validations_assertions.assertElementAttribute_true_literalComparison_expectedToFail]
################################################################################################################################################
[ReportManager] Element Action [Type] successfully performed. With the following test data [Automation!@#$%^&*()_+{}[]\';/.,]. @31-10-2021 01:53:58.0896 AM
[ReportManager] Element Action [GetText] successfully performed. With the following test data [Automation!@#$%^&*()_+{}[]\';/.,]. @31-10-2021 01:53:58.0945 AM
[ReportManager] Loaded Shared OpenCV @31-10-2021 01:53:58.0997 AM
[ReportManager] Assertion [ValidateElementAttribute] FAILED. Expected [Value Should be 'Automation' for the 'text' attribute, element locator 'By.name: q'] and Actual [Automation!@#$%^&*()_+{}[]\';/.,]. Comparison Type [EQUALS]. Validation Type [POSITIVE]. @31-10-2021 01:53:59.0107 AM
[ReportManager] Successfully created attachment [Screenshot - 1635645238997_assertElementAttribute_true_literalComparison_expectedToFail_ValidateElementAttribute_failed] @31-10-2021 01:53:59.0109 A
[ReportManager] Browser Action [CloseCurrentWindow] successfully performed. @31-10-2021 01:53:59.0266 AM
[ReportManager] Successfully created attachment [Browser Action Test Data - CloseCurrentWindow - Actual Value] @31-10-2021 01:53:59.0267 A
[ReportManager] File Action [GetAbsolutePath] successfully performed. With the following test data [Relative Folder Path: "target/downloadedFiles/"]. @31-10-2021 01:53:59.0271 AM
[ReportManager] Attempting to run locally on: [Mac-64], [Safari], Headless Execution. @31-10-2021 01:53:59.0271 AM
[ReportManager] Successfully Opened Safari. @31-10-2021 01:54:00.0102 AM
[ReportManager] Initial window size: (800, 600) @31-10-2021 01:54:00.0106 AM
[ReportManager] Window size after SWD Maximize: (1176, 811) @31-10-2021 01:54:00.0116 AM
[ReportManager] Browser Action [MaximizeWindow] successfully performed. With the following test data [New screen size is now: (1176, 811)]. @31-10-2021 01:54:00.0117 AM
[ReportManager] Target URL: [https://www.google.com/ncr], and after redirection: [www.google.com] @31-10-2021 01:54:00.0117 AM
[ReportManager] Initial URL: [] @31-10-2021 01:54:00.0174 AM
[ReportManager] Browser Action [NavigateToURL] successfully performed. With the following test data [https://www.google.com/ncr]. @31-10-2021 01:54:01.0429 A

################################################################################################################################################
Starting Execution:	[42 out of 143] test cases in the current suite
Test Method:		[unitTests.tests_validations_assertions.assertElementAttribute_true_literalComparison_expectedToPass]
################################################################################################################################################
[ReportManager] Element Action [Type] successfully performed. With the following test data [Automation!@#$%^&*()_+{}[]\';/.,]. @31-10-2021 01:54:02.0663 AM
[ReportManager] Element Action [GetText] successfully performed. With the following test data [Automation!@#$%^&*()_+{}[]\';/.,]. @31-10-2021 01:54:02.0710 AM
[ReportManager] Loaded Shared OpenCV @31-10-2021 01:54:02.0760 AM
[ReportManager] Assertion [ValidateElementAttribute] PASSED. Expected [Value Should be 'Automation!@#$%^&*()_+{}[]\';/.,' for the 'text' attribute, element locator 'By.name: q'] and Actual [Automation!@#$%^&*()_+{}[]\';/.,]. Comparison Type [EQUALS]. Validation Type [POSITIVE]. @31-10-2021 01:54:02.0906 AM
[ReportManager] Successfully created attachment [Screenshot - 1635645242760_assertElementAttribute_true_literalComparison_expectedToPass_ValidateElementAttribute_passed] @31-10-2021 01:54:02.0907 A
[ReportManager] Browser Action [CloseCurrentWindow] successfully performed. @31-10-2021 01:54:02.0956 AM
[ReportManager] Successfully created attachment [Browser Action Test Data - CloseCurrentWindow - Actual Value] @31-10-2021 01:54:02.0957 A
[ReportManager] File Action [GetAbsolutePath] successfully performed. With the following test data [Relative Folder Path: "target/downloadedFiles/"]. @31-10-2021 01:54:02.0962 AM
[ReportManager] Attempting to run locally on: [Mac-64], [Safari], Headless Execution. @31-10-2021 01:54:02.0962 AM
[ReportManager] Successfully Opened Safari. @31-10-2021 01:54:03.0762 AM
[ReportManager] Initial window size: (800, 600) @31-10-2021 01:54:03.0773 AM
[ReportManager] Window size after SWD Maximize: (1176, 811) @31-10-2021 01:54:03.0798 AM
[ReportManager] Browser Action [MaximizeWindow] successfully performed. With the following test data [New screen size is now: (1176, 811)]. @31-10-2021 01:54:03.0798 AM
[ReportManager] Target URL: [https://www.google.com/ncr], and after redirection: [www.google.com] @31-10-2021 01:54:03.0798 AM
[ReportManager] Initial URL: [] @31-10-2021 01:54:03.0856 AM
[ReportManager] Browser Action [NavigateToURL] successfully performed. With the following test data [https://www.google.com/ncr]. @31-10-2021 01:54:04.0562 A

################################################################################################################################################
Starting Execution:	[43 out of 143] test cases in the current suite
Test Method:		[unitTests.tests_validations_assertions.assertElementAttribute_true_regexComparison_expectedToFail]
################################################################################################################################################
[ReportManager] Element Action [Type] successfully performed. With the following test data [Automation123]. @31-10-2021 01:54:05.0158 AM
[ReportManager] Element Action [GetText] successfully performed. With the following test data [Automation123]. @31-10-2021 01:54:05.0229 AM
[ReportManager] Loaded Shared OpenCV @31-10-2021 01:54:05.0281 AM
[ReportManager] Assertion [ValidateElementAttribute] FAILED. Expected [Value Should be 'Automation' for the 'text' attribute, element locator 'By.name: q'] and Actual [Automation123]. Comparison Type [MATCHES]. Validation Type [POSITIVE]. @31-10-2021 01:54:05.0387 AM
[ReportManager] Successfully created attachment [Screenshot - 1635645245280_assertElementAttribute_true_regexComparison_expectedToFail_ValidateElementAttribute_failed] @31-10-2021 01:54:05.0388 A
[ReportManager] Browser Action [CloseCurrentWindow] successfully performed. @31-10-2021 01:54:05.0447 AM
[ReportManager] Successfully created attachment [Browser Action Test Data - CloseCurrentWindow - Actual Value] @31-10-2021 01:54:05.0448 A
[ReportManager] File Action [GetAbsolutePath] successfully performed. With the following test data [Relative Folder Path: "target/downloadedFiles/"]. @31-10-2021 01:54:05.0464 AM
[ReportManager] Attempting to run locally on: [Mac-64], [Safari], Headless Execution. @31-10-2021 01:54:05.0465 AM
[ReportManager] Successfully Opened Safari. @31-10-2021 01:54:06.0345 AM
[ReportManager] Initial window size: (800, 600) @31-10-2021 01:54:06.0365 AM
[ReportManager] Window size after SWD Maximize: (1176, 811) @31-10-2021 01:54:06.0376 AM
[ReportManager] Browser Action [MaximizeWindow] successfully performed. With the following test data [New screen size is now: (1176, 811)]. @31-10-2021 01:54:06.0376 AM
[ReportManager] Target URL: [https://www.google.com/ncr], and after redirection: [www.google.com] @31-10-2021 01:54:06.0376 AM
[ReportManager] Initial URL: [] @31-10-2021 01:54:06.0427 AM
[ReportManager] Browser Action [NavigateToURL] successfully performed. With the following test data [https://www.google.com/ncr]. @31-10-2021 01:54:07.0231 A

################################################################################################################################################
Starting Execution:	[44 out of 143] test cases in the current suite
Test Method:		[unitTests.tests_validations_assertions.assertElementAttribute_true_regexComparison_expectedToPass]
################################################################################################################################################
[ReportManager] Element Action [Type] successfully performed. With the following test data [Automation123]. @31-10-2021 01:54:07.0874 AM
[ReportManager] Element Action [GetText] successfully performed. With the following test data [Automation123]. @31-10-2021 01:54:07.0965 AM
[ReportManager] Loaded Shared OpenCV @31-10-2021 01:54:08.0017 AM
[ReportManager] Assertion [ValidateElementAttribute] PASSED. Expected [Value Should be 'Automation.*' for the 'text' attribute, element locator 'By.name: q'] and Actual [Automation123]. Comparison Type [MATCHES]. Validation Type [POSITIVE]. @31-10-2021 01:54:08.0125 AM
[ReportManager] Successfully created attachment [Screenshot - 1635645248017_assertElementAttribute_true_regexComparison_expectedToPass_ValidateElementAttribute_passed] @31-10-2021 01:54:08.0127 A
[ReportManager] Browser Action [CloseCurrentWindow] successfully performed. @31-10-2021 01:54:08.0206 AM
[ReportManager] Successfully created attachment [Browser Action Test Data - CloseCurrentWindow - Actual Value] @31-10-2021 01:54:08.0207 A
[ReportManager] File Action [GetAbsolutePath] successfully performed. With the following test data [Relative Folder Path: "target/downloadedFiles/"]. @31-10-2021 01:54:08.0210 AM
[ReportManager] Attempting to run locally on: [Mac-64], [Safari], Headless Execution. @31-10-2021 01:54:08.0211 AM
[ReportManager] Successfully Opened Safari. @31-10-2021 01:54:09.0031 AM
[ReportManager] Initial window size: (800, 600) @31-10-2021 01:54:09.0048 AM
[ReportManager] Window size after SWD Maximize: (1176, 811) @31-10-2021 01:54:09.0093 AM
[ReportManager] Browser Action [MaximizeWindow] successfully performed. With the following test data [New screen size is now: (1176, 811)]. @31-10-2021 01:54:09.0093 AM
[ReportManager] Target URL: [https://www.google.com/ncr], and after redirection: [www.google.com] @31-10-2021 01:54:09.0093 AM
[ReportManager] Initial URL: [] @31-10-2021 01:54:09.0134 AM
[ReportManager] Browser Action [NavigateToURL] successfully performed. With the following test data [https://www.google.com/ncr]. @31-10-2021 01:54:09.0963 A

################################################################################################################################################
Starting Execution:	[45 out of 143] test cases in the current suite
Test Method:		[unitTests.tests_validations_assertions.assertElementAttribute_type_true_literalComparison_expectedToPass]
################################################################################################################################################
[ReportManager] Element Action [Type] successfully performed. With the following test data [Automation!@#$%^&*()_+{}[]\';/.,]. @31-10-2021 01:54:11.0085 AM
[ReportManager] Element Action [GetText] successfully performed. With the following test data [Automation!@#$%^&*()_+{}[]\';/.,]. @31-10-2021 01:54:11.0138 AM
[ReportManager] Loaded Shared OpenCV @31-10-2021 01:54:11.0210 AM
[ReportManager] Assertion [ValidateElementAttribute] PASSED. Expected [Value Should be 'Automation!@#$%^&*()_+{}[]\';/.,' for the 'text' attribute, element locator 'By.name: q'] and Actual [Automation!@#$%^&*()_+{}[]\';/.,]. Comparison Type [EQUALS]. Validation Type [POSITIVE]. @31-10-2021 01:54:11.0372 AM
[ReportManager] Successfully created attachment [Screenshot - 1635645251210_assertElementAttribute_type_true_literalComparison_expectedToPass_ValidateElementAttribute_passed] @31-10-2021 01:54:11.0374 A
[ReportManager] Browser Action [CloseCurrentWindow] successfully performed. @31-10-2021 01:54:11.0460 AM
[ReportManager] Successfully created attachment [Browser Action Test Data - CloseCurrentWindow - Actual Value] @31-10-2021 01:54:11.0461 A
[ReportManager] File Action [GetAbsolutePath] successfully performed. With the following test data [Relative Folder Path: "target/downloadedFiles/"]. @31-10-2021 01:54:11.0464 AM
[ReportManager] Attempting to run locally on: [Mac-64], [Safari], Headless Execution. @31-10-2021 01:54:11.0464 AM
[ReportManager] Successfully Opened Safari. @31-10-2021 01:54:12.0264 AM
[ReportManager] Initial window size: (800, 600) @31-10-2021 01:54:12.0270 AM
[ReportManager] Window size after SWD Maximize: (1176, 811) @31-10-2021 01:54:12.0281 AM
[ReportManager] Browser Action [MaximizeWindow] successfully performed. With the following test data [New screen size is now: (1176, 811)]. @31-10-2021 01:54:12.0281 AM
[ReportManager] Target URL: [https://www.google.com/ncr], and after redirection: [www.google.com] @31-10-2021 01:54:12.0281 AM
[ReportManager] Initial URL: [] @31-10-2021 01:54:12.0335 AM
[ReportManager] Browser Action [NavigateToURL] successfully performed. With the following test data [https://www.google.com/ncr]. @31-10-2021 01:54:13.0112 A

################################################################################################################################################
Starting Execution:	[46 out of 143] test cases in the current suite
Test Method:		[unitTests.tests_validations_assertions.assertElementExists_false_expectedToFail]
###############################################################################################################################################
[ReportManager] Browser Action [CloseCurrentWindow] successfully performed. @31-10-2021 01:54:13.0217 AM
[ReportManager] Successfully created attachment [Browser Action Test Data - CloseCurrentWindow - Actual Value] @31-10-2021 01:54:13.0218 A
[ReportManager] File Action [GetAbsolutePath] successfully performed. With the following test data [Relative Folder Path: "target/downloadedFiles/"]. @31-10-2021 01:54:13.0225 AM
[ReportManager] Attempting to run locally on: [Mac-64], [Safari], Headless Execution. @31-10-2021 01:54:13.0225 AM
[ReportManager] Successfully Opened Safari. @31-10-2021 01:54:14.0086 AM
[ReportManager] Initial window size: (800, 600) @31-10-2021 01:54:14.0092 AM
[ReportManager] Window size after SWD Maximize: (1176, 811) @31-10-2021 01:54:14.0111 AM
[ReportManager] Browser Action [MaximizeWindow] successfully performed. With the following test data [New screen size is now: (1176, 811)]. @31-10-2021 01:54:14.0111 AM
[ReportManager] Target URL: [https://www.google.com/ncr], and after redirection: [www.google.com] @31-10-2021 01:54:14.0111 AM
[ReportManager] Initial URL: [] @31-10-2021 01:54:14.0182 AM
[ReportManager] Browser Action [NavigateToURL] successfully performed. With the following test data [https://www.google.com/ncr]. @31-10-2021 01:54:15.0379 A

################################################################################################################################################
Starting Execution:	[47 out of 143] test cases in the current suite
Test Method:		[unitTests.tests_validations_assertions.assertElementExists_false_expectedToPass]
###############################################################################################################################################
[ReportManager] Browser Action [CloseCurrentWindow] successfully performed. @31-10-2021 01:54:15.0562 AM
[ReportManager] Successfully created attachment [Browser Action Test Data - CloseCurrentWindow - Actual Value] @31-10-2021 01:54:15.0563 A
[ReportManager] File Action [GetAbsolutePath] successfully performed. With the following test data [Relative Folder Path: "target/downloadedFiles/"]. @31-10-2021 01:54:15.0565 AM
[ReportManager] Attempting to run locally on: [Mac-64], [Safari], Headless Execution. @31-10-2021 01:54:15.0566 AM
[ReportManager] Successfully Opened Safari. @31-10-2021 01:54:16.0413 AM
[ReportManager] Initial window size: (800, 600) @31-10-2021 01:54:16.0460 AM
[ReportManager] Window size after SWD Maximize: (1176, 811) @31-10-2021 01:54:16.0487 AM
[ReportManager] Browser Action [MaximizeWindow] successfully performed. With the following test data [New screen size is now: (1176, 811)]. @31-10-2021 01:54:16.0488 AM
[ReportManager] Target URL: [https://www.google.com/ncr], and after redirection: [www.google.com] @31-10-2021 01:54:16.0488 AM
[ReportManager] Initial URL: [] @31-10-2021 01:54:16.0540 AM
[ReportManager] Browser Action [NavigateToURL] successfully performed. With the following test data [https://www.google.com/ncr]. @31-10-2021 01:54:17.0969 A

################################################################################################################################################
Starting Execution:	[48 out of 143] test cases in the current suite
Test Method:		[unitTests.tests_validations_assertions.assertElementExists_false_multipleElementsFound_expectedToFail]
################################################################################################################################################
[ReportManager] Assertion [ValidateElementExists] FAILED. Expected [Element Should not Exist, locator 'By.xpath: //div'] and Actual [Element Exists but is not unique]. Comparison Type [EQUALS]. Validation Type [NEGATIVE]. @31-10-2021 01:54:18.0143 AM
[ReportManager] Successfully created attachment [Screenshot - 1635645258068_assertElementExists_false_multipleElementsFound_expectedToFail_ValidateElementExists_failed] @31-10-2021 01:54:18.0144 A
[ReportManager] Browser Action [CloseCurrentWindow] successfully performed. @31-10-2021 01:54:18.0184 AM
[ReportManager] Successfully created attachment [Browser Action Test Data - CloseCurrentWindow - Actual Value] @31-10-2021 01:54:18.0185 A
[ReportManager] File Action [GetAbsolutePath] successfully performed. With the following test data [Relative Folder Path: "target/downloadedFiles/"]. @31-10-2021 01:54:18.0190 AM
[ReportManager] Attempting to run locally on: [Mac-64], [Safari], Headless Execution. @31-10-2021 01:54:18.0190 AM
[ReportManager] Successfully Opened Safari. @31-10-2021 01:54:19.0013 AM
[ReportManager] Initial window size: (800, 600) @31-10-2021 01:54:19.0018 AM
[ReportManager] Window size after SWD Maximize: (1176, 811) @31-10-2021 01:54:19.0032 AM
[ReportManager] Browser Action [MaximizeWindow] successfully performed. With the following test data [New screen size is now: (1176, 811)]. @31-10-2021 01:54:19.0032 AM
[ReportManager] Target URL: [https://www.google.com/ncr], and after redirection: [www.google.com] @31-10-2021 01:54:19.0032 AM
[ReportManager] Initial URL: [] @31-10-2021 01:54:19.0068 AM
[ReportManager] Browser Action [NavigateToURL] successfully performed. With the following test data [https://www.google.com/ncr]. @31-10-2021 01:54:20.0373 A

################################################################################################################################################
Starting Execution:	[49 out of 143] test cases in the current suite
Test Method:		[unitTests.tests_validations_assertions.assertElementExists_true_expectedToFail]
###############################################################################################################################################
[ReportManager] Browser Action [CloseCurrentWindow] successfully performed. @31-10-2021 01:54:20.0522 AM
[ReportManager] Successfully created attachment [Browser Action Test Data - CloseCurrentWindow - Actual Value] @31-10-2021 01:54:20.0523 A
[ReportManager] File Action [GetAbsolutePath] successfully performed. With the following test data [Relative Folder Path: "target/downloadedFiles/"]. @31-10-2021 01:54:20.0526 AM
[ReportManager] Attempting to run locally on: [Mac-64], [Safari], Headless Execution. @31-10-2021 01:54:20.0526 AM
[ReportManager] Successfully Opened Safari. @31-10-2021 01:54:21.0294 AM
[ReportManager] Initial window size: (800, 600) @31-10-2021 01:54:21.0309 AM
[ReportManager] Window size after SWD Maximize: (1176, 811) @31-10-2021 01:54:21.0320 AM
[ReportManager] Browser Action [MaximizeWindow] successfully performed. With the following test data [New screen size is now: (1176, 811)]. @31-10-2021 01:54:21.0321 AM
[ReportManager] Target URL: [https://www.google.com/ncr], and after redirection: [www.google.com] @31-10-2021 01:54:21.0321 AM
[ReportManager] Initial URL: [] @31-10-2021 01:54:21.0367 AM
[ReportManager] Browser Action [NavigateToURL] successfully performed. With the following test data [https://www.google.com/ncr]. @31-10-2021 01:54:22.0645 A

################################################################################################################################################
Starting Execution:	[50 out of 143] test cases in the current suite
Test Method:		[unitTests.tests_validations_assertions.assertElementExists_true_expectedToPass]
################################################################################################################################################
[ReportManager] Loaded Shared OpenCV @31-10-2021 01:54:22.0715 AM
[ReportManager] Assertion [ValidateElementExists] PASSED. Expected [Element Should Exist, locator 'By.xpath: //*[@id='hplogo' or @alt='Google']'] and Actual [Element Exists]. Comparison Type [EQUALS]. Validation Type [POSITIVE]. @31-10-2021 01:54:22.0807 AM
[ReportManager] Successfully created attachment [Screenshot - 1635645262715_assertElementExists_true_expectedToPass_ValidateElementExists_passed] @31-10-2021 01:54:22.0808 A
[ReportManager] Browser Action [CloseCurrentWindow] successfully performed. @31-10-2021 01:54:22.0999 AM
[ReportManager] Successfully created attachment [Browser Action Test Data - CloseCurrentWindow - Actual Value] @31-10-2021 01:54:23.0000 A
[ReportManager] File Action [GetAbsolutePath] successfully performed. With the following test data [Relative Folder Path: "target/downloadedFiles/"]. @31-10-2021 01:54:23.0003 AM
[ReportManager] Attempting to run locally on: [Mac-64], [Safari], Headless Execution. @31-10-2021 01:54:23.0003 AM
[ReportManager] Successfully Opened Safari. @31-10-2021 01:54:23.0825 AM
[ReportManager] Initial window size: (800, 600) @31-10-2021 01:54:23.0830 AM
[ReportManager] Window size after SWD Maximize: (1176, 811) @31-10-2021 01:54:23.0868 AM
[ReportManager] Browser Action [MaximizeWindow] successfully performed. With the following test data [New screen size is now: (1176, 811)]. @31-10-2021 01:54:23.0869 AM
[ReportManager] Target URL: [https://www.google.com/ncr], and after redirection: [www.google.com] @31-10-2021 01:54:23.0869 AM
[ReportManager] Initial URL: [] @31-10-2021 01:54:23.0925 AM
[ReportManager] Browser Action [NavigateToURL] successfully performed. With the following test data [https://www.google.com/ncr]. @31-10-2021 01:54:25.0136 A

################################################################################################################################################
Starting Execution:	[51 out of 143] test cases in the current suite
Test Method:		[unitTests.tests_validations_assertions.assertElementExists_true_multipleElementsFound_expectedToFail]
################################################################################################################################################
[ReportManager] Assertion [ValidateElementExists] FAILED. Expected [Element Should Exist, locator 'By.xpath: //div'] and Actual [Element Exists but is not unique]. Comparison Type [EQUALS]. Validation Type [POSITIVE]. @31-10-2021 01:54:25.0288 AM
[ReportManager] Successfully created attachment [Screenshot - 1635645265211_assertElementExists_true_multipleElementsFound_expectedToFail_ValidateElementExists_failed] @31-10-2021 01:54:25.0289 A
[ReportManager] Browser Action [CloseCurrentWindow] successfully performed. @31-10-2021 01:54:25.0426 AM
[ReportManager] Successfully created attachment [Browser Action Test Data - CloseCurrentWindow - Actual Value] @31-10-2021 01:54:25.0427 A

################################################################################################################################################
Starting Execution:	[52 out of 143] test cases in the current suite
Test Method:		[unitTests.tests_validations_assertions.assertEquals_false_expectedToFail]
################################################################################################################################################
[ReportManager] Assertion [ValidateEquals] FAILED. Expected [1] and Actual [1]. Comparison Type [EQUALS]. Validation Type [NEGATIVE]. @31-10-2021 01:54:25.0432 A

################################################################################################################################################
Starting Execution:	[53 out of 143] test cases in the current suite
Test Method:		[unitTests.tests_validations_assertions.assertEquals_false_expectedToPass]
################################################################################################################################################
[ReportManager] Assertion [ValidateEquals] PASSED. Expected [1] and Actual [2]. Comparison Type [EQUALS]. Validation Type [NEGATIVE]. @31-10-2021 01:54:25.0436 A

################################################################################################################################################
Starting Execution:	[54 out of 143] test cases in the current suite
Test Method:		[unitTests.tests_validations_assertions.assertEquals_longCharacters]
################################################################################################################################################
[ReportManager] Verification [ValidateEquals] PASSED. Expected and Actual values are attached. Comparison Type [EQUALS]. Validation Type [POSITIVE]. @31-10-2021 01:54:25.0442 AM
[ReportManager] Successfully created attachment [Validation Test Data - Expected Value] @31-10-2021 01:54:25.0443 AM
[ReportManager] Successfully created attachment [Validation Test Data - Actual Value] @31-10-2021 01:54:25.0443 AM
[ReportManager] Assertion [ValidateEquals] PASSED. Expected and Actual values are attached. Comparison Type [EQUALS]. Validation Type [POSITIVE]. @31-10-2021 01:54:25.0443 AM
[ReportManager] Successfully created attachment [Validation Test Data - Expected Value] @31-10-2021 01:54:25.0444 AM
[ReportManager] Successfully created attachment [Validation Test Data - Actual Value] @31-10-2021 01:54:25.0444 A

################################################################################################################################################
Starting Execution:	[55 out of 143] test cases in the current suite
Test Method:		[unitTests.tests_validations_assertions.assertEquals_longCharacters_Discreet]
################################################################################################################################################
[ReportManager] Assertion [ValidateEquals] PASSED. Expected [1LH5pROcDBjjQk0t0mCr0lXuzQu9lcGj28kY8R1H81X67eVAQJgWQhILiRWVPUgZ6uCtK5cnBkF55Jr9vYngjGO1Iyf0Mktv6lruDlL9T8MAUPcUZJGHZtji6nIeadujDSNmWMj5d6C8zlFqw0CRqBU0hO5adIasHgBSNoLotAjce3NGXoDwAlp3rYreeV16VIyZXROQY] and Actual [1LH5pROcDBjjQk0t0mCr0lXuzQu9lcGj28kY8R1H81X67eVAQJgWQhILiRWVPUgZ6uCtK5cnBkF55Jr9vYngjGO1Iyf0Mktv6lruDlL9T8MAUPcUZJGHZtji6nIeadujDSNmWMj5d6C8zlFqw0CRqBU0hO5adIasHgBSNoLotAjce3NGXoDwAlp3rYreeV16VIyZXROQY]. Comparison Type [EQUALS]. Validation Type [POSITIVE]. @31-10-2021 01:54:25.0448 A

################################################################################################################################################
Starting Execution:	[56 out of 143] test cases in the current suite
Test Method:		[unitTests.tests_validations_assertions.assertEquals_true_expectedToFail]
################################################################################################################################################
[ReportManager] Assertion [ValidateEquals] FAILED. Expected [1] and Actual [2]. Comparison Type [EQUALS]. Validation Type [POSITIVE]. @31-10-2021 01:54:25.0451 A

################################################################################################################################################
Starting Execution:	[57 out of 143] test cases in the current suite
Test Method:		[unitTests.tests_validations_assertions.assertEquals_true_expectedToPass]
Test Description:	[Assert that assertEquals works as expected when the two values are equal.]
################################################################################################################################################
[ReportManager] Verification [ValidateEquals] PASSED. Expected [1] and Actual [1]. Comparison Type [EQUALS]. Validation Type [POSITIVE]. @31-10-2021 01:54:25.0460 AM
[ReportManager] Assertion [ValidateEquals] PASSED. Expected [1] and Actual [1]. Comparison Type [EQUALS]. Validation Type [POSITIVE]. @31-10-2021 01:54:25.0461 A

################################################################################################################################################
Starting Execution:	[58 out of 143] test cases in the current suite
Test Method:		[unitTests.tests_validations_assertions.assertEquals_true_expectedToPass__]
################################################################################################################################################
[ReportManager] Assertion [ValidateEquals] PASSED. Expected [1] and Actual [1]. Comparison Type [EQUALS]. Validation Type [POSITIVE]. @31-10-2021 01:54:25.0464 A

################################################################################################################################################
Starting Execution:	[59 out of 143] test cases in the current suite
Test Method:		[unitTests.tests_validations_assertions.assertFileExists_false_expectedToFail]
################################################################################################################################################
[ReportManager] File Action [DoesFileExist] successfully performed. With the following test data [File Path: "src/main/java/com/shaft/gui/element/ElementActions.java"]. @31-10-2021 01:54:25.0468 AM
[ReportManager] Assertion [ValidateFileExists] FAILED. Expected [File 'src/main/java/com/shaft/gui/element/ElementActions.java' should not exist, after up to '1' retries] and Actual [File exists]. Validation Type [NEGATIVE]. @31-10-2021 01:54:25.0479 A

################################################################################################################################################
Starting Execution:	[60 out of 143] test cases in the current suite
Test Method:		[unitTests.tests_validations_assertions.assertFileExists_false_expectedToPass]
################################################################################################################################################
[ReportManager] File Action [DoesFileExist] successfully performed. With the following test data [File Path: "src/main/java/com/shaft/gui/element/ElementActions.java_fail"]. @31-10-2021 01:54:25.0998 AM
[ReportManager] Assertion [ValidateFileExists] PASSED. Expected [File 'src/main/java/com/shaft/gui/element/ElementActions.java_fail' should not exist, after up to '1' retries] and Actual [File does not exist]. Validation Type [NEGATIVE]. @31-10-2021 01:54:25.0999 A

################################################################################################################################################
Starting Execution:	[61 out of 143] test cases in the current suite
Test Method:		[unitTests.tests_validations_assertions.assertFileExists_true_expectedToFail]
################################################################################################################################################
[ReportManager] File Action [DoesFileExist] successfully performed. With the following test data [File Path: "src/main/java/com/shaft/gui/element/ElementActions.java_fail"]. @31-10-2021 01:54:26.0569 AM
[ReportManager] Assertion [ValidateFileExists] FAILED. Expected [File 'src/main/java/com/shaft/gui/element/ElementActions.java_fail' should exist, after up to '1' retries] and Actual [File does not exist]. Validation Type [POSITIVE]. @31-10-2021 01:54:26.0570 A

################################################################################################################################################
Starting Execution:	[62 out of 143] test cases in the current suite
Test Method:		[unitTests.tests_validations_assertions.assertFileExists_true_expectedToPass]
################################################################################################################################################
[ReportManager] File Action [DoesFileExist] successfully performed. With the following test data [File Path: "src/main/java/com/shaft/gui/element/ElementActions.java"]. @31-10-2021 01:54:26.0573 AM
[ReportManager] Assertion [ValidateFileExists] PASSED. Expected [File 'src/main/java/com/shaft/gui/element/ElementActions.java' should exist, after up to '1' retries] and Actual [File exists]. Validation Type [POSITIVE]. @31-10-2021 01:54:26.0573 A

################################################################################################################################################
Starting Execution:	[63 out of 143] test cases in the current suite
Test Method:		[unitTests.tests_validations_assertions.assertNull_false_expectedToFail]
################################################################################################################################################
[ReportManager] Assertion [ValidateNull] FAILED. Expected [NULL] and Actual [NULL]. Comparison Type [EQUALS]. Validation Type [NEGATIVE]. @31-10-2021 01:54:26.0576 A

################################################################################################################################################
Starting Execution:	[64 out of 143] test cases in the current suite
Test Method:		[unitTests.tests_validations_assertions.assertNull_false_expectedToPass]
################################################################################################################################################
[ReportManager] Assertion [ValidateNull] PASSED. Expected [NULL] and Actual [1]. Comparison Type [EQUALS]. Validation Type [NEGATIVE]. @31-10-2021 01:54:26.0578 A

################################################################################################################################################
Starting Execution:	[65 out of 143] test cases in the current suite
Test Method:		[unitTests.tests_validations_assertions.assertNull_true_expectedToFail]
################################################################################################################################################
[ReportManager] Assertion [ValidateNull] FAILED. Expected [NULL] and Actual [1]. Comparison Type [EQUALS]. Validation Type [POSITIVE]. @31-10-2021 01:54:26.0581 A

################################################################################################################################################
Starting Execution:	[66 out of 143] test cases in the current suite
Test Method:		[unitTests.tests_validations_assertions.assertNull_true_expectedToPass]
################################################################################################################################################
[ReportManager] Assertion [ValidateNull] PASSED. Expected [NULL] and Actual [NULL]. Comparison Type [EQUALS]. Validation Type [POSITIVE]. @31-10-2021 01:54:26.0584 A

################################################################################################################################################
Starting Execution:	[67 out of 143] test cases in the current suite
Test Method:		[unitTests.tests_restActions.getPostsAndAssertBodyForSpecificTitle]
################################################################################################################################################
[ReportManager] Response status code: [200], status line: [HTTP/1.1 200 OK] @31-10-2021 01:54:28.0406 AM
[ReportManager] Assertion Passed: Evaluating the actual response status code against the expected one... @31-10-2021 01:54:28.0407 AM
[ReportManager] Assertion [ValidateEquals] PASSED. Expected [200] and Actual [200]. Comparison Type [EQUALS]. Validation Type [POSITIVE]. @31-10-2021 01:54:28.0407 AM
[ReportManager] API Action [PerformRequest] successfully performed. With the following test data [Request Type: "GET" | Target Status Code: "200" | Service URL: "https://jsonplaceholder.typicode.com/posts" | Content Type: "*/*" | Response Time: "625ms"]. @31-10-2021 01:54:29.0421 AM
[ReportManager] Successfully created attachment [API Request - Specifications] @31-10-2021 01:54:29.0421 AM
[ReportManager] Successfully created attachment [API Response - JSON Body] @31-10-2021 01:54:29.0679 AM
[ReportManager] API Action [GetResponseJSONValueAsList] successfully performed. @31-10-2021 01:54:29.0703 AM
[ReportManager] API Action [GetResponseJSONValue] successfully performed. With the following test data [title]. @31-10-2021 01:54:29.0724 AM
[ReportManager] API Action [GetResponseJSONValue] successfully performed. With the following test data [title]. @31-10-2021 01:54:29.0741 AM
[ReportManager] API Action [GetResponseJSONValue] successfully performed. With the following test data [body]. @31-10-2021 01:54:29.0755 AM
[ReportManager] Assertion [ValidateEquals] PASSED. Expected [qui neque nisi nulla] and Actual [est rerum tempore vitae
sequi sint nihil reprehenderit dolor beatae ea dolores neque
fugiat blanditiis voluptate porro vel nihil molestiae ut reiciendis
qui aperiam non debitis possimus qui neque nisi nulla]. Comparison Type [CONTAINS]. Validation Type [POSITIVE]. @31-10-2021 01:54:29.0755 AM
[ReportManager] API Action [GetResponseJSONValue] successfully performed. With the following test data [title]. @31-10-2021 01:54:29.0770 AM
[ReportManager] API Action [GetResponseJSONValue] successfully performed. With the following test data [title]. @31-10-2021 01:54:29.0784 AM
[ReportManager] API Action [GetResponseJSONValue] successfully performed. With the following test data [title]. @31-10-2021 01:54:29.0797 AM
[ReportManager] API Action [GetResponseJSONValue] successfully performed. With the following test data [title]. @31-10-2021 01:54:29.0811 AM
[ReportManager] API Action [GetResponseJSONValue] successfully performed. With the following test data [title]. @31-10-2021 01:54:29.0824 AM
[ReportManager] API Action [GetResponseJSONValue] successfully performed. With the following test data [title]. @31-10-2021 01:54:29.0839 AM
[ReportManager] API Action [GetResponseJSONValue] successfully performed. With the following test data [title]. @31-10-2021 01:54:29.0852 AM
[ReportManager] API Action [GetResponseJSONValue] successfully performed. With the following test data [title]. @31-10-2021 01:54:29.0866 AM
[ReportManager] API Action [GetResponseJSONValue] successfully performed. With the following test data [title]. @31-10-2021 01:54:29.0879 AM
[ReportManager] API Action [GetResponseJSONValue] successfully performed. With the following test data [title]. @31-10-2021 01:54:29.0892 AM
[ReportManager] API Action [GetResponseJSONValue] successfully performed. With the following test data [title]. @31-10-2021 01:54:29.0907 AM
[ReportManager] API Action [GetResponseJSONValue] successfully performed. With the following test data [title]. @31-10-2021 01:54:29.0922 AM
[ReportManager] API Action [GetResponseJSONValue] successfully performed. With the following test data [title]. @31-10-2021 01:54:29.0935 AM
[ReportManager] API Action [GetResponseJSONValue] successfully performed. With the following test data [title]. @31-10-2021 01:54:29.0948 AM
[ReportManager] API Action [GetResponseJSONValue] successfully performed. With the following test data [title]. @31-10-2021 01:54:29.0962 AM
[ReportManager] API Action [GetResponseJSONValue] successfully performed. With the following test data [title]. @31-10-2021 01:54:29.0975 AM
[ReportManager] API Action [GetResponseJSONValue] successfully performed. With the following test data [title]. @31-10-2021 01:54:29.0988 AM
[ReportManager] API Action [GetResponseJSONValue] successfully performed. With the following test data [title]. @31-10-2021 01:54:30.0002 AM
[ReportManager] API Action [GetResponseJSONValue] successfully performed. With the following test data [title]. @31-10-2021 01:54:30.0015 AM
[ReportManager] API Action [GetResponseJSONValue] successfully performed. With the following test data [title]. @31-10-2021 01:54:30.0028 AM
[ReportManager] API Action [GetResponseJSONValue] successfully performed. With the following test data [title]. @31-10-2021 01:54:30.0041 AM
[ReportManager] API Action [GetResponseJSONValue] successfully performed. With the following test data [title]. @31-10-2021 01:54:30.0054 AM
[ReportManager] API Action [GetResponseJSONValue] successfully performed. With the following test data [title]. @31-10-2021 01:54:30.0067 AM
[ReportManager] API Action [GetResponseJSONValue] successfully performed. With the following test data [title]. @31-10-2021 01:54:30.0080 AM
[ReportManager] API Action [GetResponseJSONValue] successfully performed. With the following test data [title]. @31-10-2021 01:54:30.0095 AM
[ReportManager] API Action [GetResponseJSONValue] successfully performed. With the following test data [title]. @31-10-2021 01:54:30.0108 AM
[ReportManager] API Action [GetResponseJSONValue] successfully performed. With the following test data [title]. @31-10-2021 01:54:30.0122 AM
[ReportManager] API Action [GetResponseJSONValue] successfully performed. With the following test data [title]. @31-10-2021 01:54:30.0134 AM
[ReportManager] API Action [GetResponseJSONValue] successfully performed. With the following test data [title]. @31-10-2021 01:54:30.0146 AM
[ReportManager] API Action [GetResponseJSONValue] successfully performed. With the following test data [title]. @31-10-2021 01:54:30.0157 AM
[ReportManager] API Action [GetResponseJSONValue] successfully performed. With the following test data [title]. @31-10-2021 01:54:30.0169 AM
[ReportManager] API Action [GetResponseJSONValue] successfully performed. With the following test data [title]. @31-10-2021 01:54:30.0181 AM
[ReportManager] API Action [GetResponseJSONValue] successfully performed. With the following test data [title]. @31-10-2021 01:54:30.0192 AM
[ReportManager] API Action [GetResponseJSONValue] successfully performed. With the following test data [title]. @31-10-2021 01:54:30.0204 AM
[ReportManager] API Action [GetResponseJSONValue] successfully performed. With the following test data [title]. @31-10-2021 01:54:30.0218 AM
[ReportManager] API Action [GetResponseJSONValue] successfully performed. With the following test data [title]. @31-10-2021 01:54:30.0230 AM
[ReportManager] API Action [GetResponseJSONValue] successfully performed. With the following test data [title]. @31-10-2021 01:54:30.0243 AM
[ReportManager] API Action [GetResponseJSONValue] successfully performed. With the following test data [title]. @31-10-2021 01:54:30.0254 AM
[ReportManager] API Action [GetResponseJSONValue] successfully performed. With the following test data [title]. @31-10-2021 01:54:30.0279 AM
[ReportManager] API Action [GetResponseJSONValue] successfully performed. With the following test data [title]. @31-10-2021 01:54:30.0291 AM
[ReportManager] API Action [GetResponseJSONValue] successfully performed. With the following test data [title]. @31-10-2021 01:54:30.0302 AM
[ReportManager] API Action [GetResponseJSONValue] successfully performed. With the following test data [title]. @31-10-2021 01:54:30.0314 AM
[ReportManager] API Action [GetResponseJSONValue] successfully performed. With the following test data [title]. @31-10-2021 01:54:30.0326 AM
[ReportManager] API Action [GetResponseJSONValue] successfully performed. With the following test data [title]. @31-10-2021 01:54:30.0337 AM
[ReportManager] API Action [GetResponseJSONValue] successfully performed. With the following test data [title]. @31-10-2021 01:54:30.0351 AM
[ReportManager] API Action [GetResponseJSONValue] successfully performed. With the following test data [title]. @31-10-2021 01:54:30.0362 AM
[ReportManager] API Action [GetResponseJSONValue] successfully performed. With the following test data [title]. @31-10-2021 01:54:30.0374 AM
[ReportManager] API Action [GetResponseJSONValue] successfully performed. With the following test data [title]. @31-10-2021 01:54:30.0386 AM
[ReportManager] API Action [GetResponseJSONValue] successfully performed. With the following test data [title]. @31-10-2021 01:54:30.0399 AM
[ReportManager] API Action [GetResponseJSONValue] successfully performed. With the following test data [title]. @31-10-2021 01:54:30.0410 AM
[ReportManager] API Action [GetResponseJSONValue] successfully performed. With the following test data [title]. @31-10-2021 01:54:30.0422 AM
[ReportManager] API Action [GetResponseJSONValue] successfully performed. With the following test data [title]. @31-10-2021 01:54:30.0436 AM
[ReportManager] API Action [GetResponseJSONValue] successfully performed. With the following test data [title]. @31-10-2021 01:54:30.0466 AM
[ReportManager] API Action [GetResponseJSONValue] successfully performed. With the following test data [title]. @31-10-2021 01:54:30.0487 AM
[ReportManager] API Action [GetResponseJSONValue] successfully performed. With the following test data [title]. @31-10-2021 01:54:30.0498 AM
[ReportManager] API Action [GetResponseJSONValue] successfully performed. With the following test data [title]. @31-10-2021 01:54:30.0510 AM
[ReportManager] API Action [GetResponseJSONValue] successfully performed. With the following test data [title]. @31-10-2021 01:54:30.0523 AM
[ReportManager] API Action [GetResponseJSONValue] successfully performed. With the following test data [title]. @31-10-2021 01:54:30.0535 AM
[ReportManager] API Action [GetResponseJSONValue] successfully performed. With the following test data [title]. @31-10-2021 01:54:30.0547 AM
[ReportManager] API Action [GetResponseJSONValue] successfully performed. With the following test data [title]. @31-10-2021 01:54:30.0577 AM
[ReportManager] API Action [GetResponseJSONValue] successfully performed. With the following test data [title]. @31-10-2021 01:54:30.0588 AM
[ReportManager] API Action [GetResponseJSONValue] successfully performed. With the following test data [title]. @31-10-2021 01:54:30.0600 AM
[ReportManager] API Action [GetResponseJSONValue] successfully performed. With the following test data [title]. @31-10-2021 01:54:30.0611 AM
[ReportManager] API Action [GetResponseJSONValue] successfully performed. With the following test data [title]. @31-10-2021 01:54:30.0622 AM
[ReportManager] API Action [GetResponseJSONValue] successfully performed. With the following test data [title]. @31-10-2021 01:54:30.0634 AM
[ReportManager] API Action [GetResponseJSONValue] successfully performed. With the following test data [title]. @31-10-2021 01:54:30.0645 AM
[ReportManager] API Action [GetResponseJSONValue] successfully performed. With the following test data [title]. @31-10-2021 01:54:30.0658 AM
[ReportManager] API Action [GetResponseJSONValue] successfully performed. With the following test data [title]. @31-10-2021 01:54:30.0669 AM
[ReportManager] API Action [GetResponseJSONValue] successfully performed. With the following test data [title]. @31-10-2021 01:54:30.0681 AM
[ReportManager] API Action [GetResponseJSONValue] successfully performed. With the following test data [title]. @31-10-2021 01:54:30.0693 AM
[ReportManager] API Action [GetResponseJSONValue] successfully performed. With the following test data [title]. @31-10-2021 01:54:30.0704 AM
[ReportManager] API Action [GetResponseJSONValue] successfully performed. With the following test data [title]. @31-10-2021 01:54:30.0716 AM
[ReportManager] API Action [GetResponseJSONValue] successfully performed. With the following test data [title]. @31-10-2021 01:54:30.0727 AM
[ReportManager] API Action [GetResponseJSONValue] successfully performed. With the following test data [title]. @31-10-2021 01:54:30.0738 AM
[ReportManager] API Action [GetResponseJSONValue] successfully performed. With the following test data [title]. @31-10-2021 01:54:30.0749 AM
[ReportManager] API Action [GetResponseJSONValue] successfully performed. With the following test data [title]. @31-10-2021 01:54:30.0760 AM
[ReportManager] API Action [GetResponseJSONValue] successfully performed. With the following test data [title]. @31-10-2021 01:54:30.0771 AM
[ReportManager] API Action [GetResponseJSONValue] successfully performed. With the following test data [title]. @31-10-2021 01:54:30.0783 AM
[ReportManager] API Action [GetResponseJSONValue] successfully performed. With the following test data [title]. @31-10-2021 01:54:30.0794 AM
[ReportManager] API Action [GetResponseJSONValue] successfully performed. With the following test data [title]. @31-10-2021 01:54:30.0804 AM
[ReportManager] API Action [GetResponseJSONValue] successfully performed. With the following test data [title]. @31-10-2021 01:54:30.0815 AM
[ReportManager] API Action [GetResponseJSONValue] successfully performed. With the following test data [title]. @31-10-2021 01:54:30.0827 AM
[ReportManager] API Action [GetResponseJSONValue] successfully performed. With the following test data [title]. @31-10-2021 01:54:30.0837 AM
[ReportManager] API Action [GetResponseJSONValue] successfully performed. With the following test data [title]. @31-10-2021 01:54:30.0848 AM
[ReportManager] API Action [GetResponseJSONValue] successfully performed. With the following test data [title]. @31-10-2021 01:54:30.0859 AM
[ReportManager] API Action [GetResponseJSONValue] successfully performed. With the following test data [title]. @31-10-2021 01:54:30.0870 AM
[ReportManager] API Action [GetResponseJSONValue] successfully performed. With the following test data [title]. @31-10-2021 01:54:30.0881 AM
[ReportManager] API Action [GetResponseJSONValue] successfully performed. With the following test data [title]. @31-10-2021 01:54:30.0892 AM
[ReportManager] API Action [GetResponseJSONValue] successfully performed. With the following test data [title]. @31-10-2021 01:54:30.0903 AM
[ReportManager] API Action [GetResponseJSONValue] successfully performed. With the following test data [title]. @31-10-2021 01:54:30.0913 AM
[ReportManager] API Action [GetResponseJSONValue] successfully performed. With the following test data [title]. @31-10-2021 01:54:30.0924 AM
[ReportManager] API Action [GetResponseJSONValue] successfully performed. With the following test data [title]. @31-10-2021 01:54:30.0936 AM
[ReportManager] API Action [GetResponseJSONValue] successfully performed. With the following test data [title]. @31-10-2021 01:54:30.0948 AM
[ReportManager] API Action [GetResponseJSONValue] successfully performed. With the following test data [title]. @31-10-2021 01:54:30.0959 AM
[ReportManager] API Action [GetResponseJSONValue] successfully performed. With the following test data [title]. @31-10-2021 01:54:30.0970 AM
[ReportManager] API Action [GetResponseJSONValue] successfully performed. With the following test data [title]. @31-10-2021 01:54:30.0985 AM
[ReportManager] API Action [GetResponseJSONValue] successfully performed. With the following test data [title]. @31-10-2021 01:54:31.0016 AM
[ReportManager] API Action [GetResponseJSONValue] successfully performed. With the following test data [title]. @31-10-2021 01:54:31.0028 A

################################################################################################################################################
Starting Execution:	[68 out of 143] test cases in the current suite
Test Method:		[unitTests.tests_restActions.validateUserEmail]
################################################################################################################################################
[ReportManager] Response status code: [200], status line: [HTTP/1.1 200 OK] @31-10-2021 01:54:31.0087 AM
[ReportManager] Assertion Passed: Evaluating the actual response status code against the expected one... @31-10-2021 01:54:31.0087 AM
[ReportManager] Assertion [ValidateEquals] PASSED. Expected [200] and Actual [200]. Comparison Type [EQUALS]. Validation Type [POSITIVE]. @31-10-2021 01:54:31.0087 AM
[ReportManager] API Action [PerformRequest] successfully performed. With the following test data [Request Type: "GET" | Target Status Code: "200" | Service URL: "https://jsonplaceholder.typicode.com/users" | Content Type: "*/*" | Response Time: "46ms"]. @31-10-2021 01:54:31.0109 AM
[ReportManager] Successfully created attachment [API Request - Specifications] @31-10-2021 01:54:31.0110 AM
[ReportManager] Successfully created attachment [API Response - JSON Body] @31-10-2021 01:54:31.0110 AM
[ReportManager] Assertion [ValidateEquals] PASSED. Expected and Actual values are attached. Comparison Type [CONTAINS]. Validation Type [POSITIVE]. @31-10-2021 01:54:31.0111 AM
[ReportManager] Successfully created attachment [Validation Test Data - Expected Value] @31-10-2021 01:54:31.0111 AM
[ReportManager] Successfully created attachment [Validation Test Data - Actual Value] @31-10-2021 01:54:31.0112 AM
[ReportManager] API Action [GetResponseJSONValueAsList] successfully performed. With the following test data [$]. @31-10-2021 01:54:31.0118 AM
[ReportManager] API Action [GetResponseJSONValue] successfully performed. With the following test data [name]. @31-10-2021 01:54:31.0130 AM
[ReportManager] API Action [GetResponseJSONValue] successfully performed. With the following test data [email]. @31-10-2021 01:54:31.0142 AM
[ReportManager] Assertion [ValidateEquals] PASSED. Expected [Sincere@april.biz] and Actual [Sincere@april.biz]. Comparison Type [EQUALS]. Validation Type [POSITIVE]. @31-10-2021 01:54:31.0142 AM
[ReportManager] API Action [GetResponseJSONValue] successfully performed. With the following test data [name]. @31-10-2021 01:54:31.0153 AM
[ReportManager] API Action [GetResponseJSONValue] successfully performed. With the following test data [name]. @31-10-2021 01:54:31.0166 AM
[ReportManager] API Action [GetResponseJSONValue] successfully performed. With the following test data [name]. @31-10-2021 01:54:31.0178 AM
[ReportManager] API Action [GetResponseJSONValue] successfully performed. With the following test data [name]. @31-10-2021 01:54:31.0191 AM
[ReportManager] API Action [GetResponseJSONValue] successfully performed. With the following test data [name]. @31-10-2021 01:54:31.0202 AM
[ReportManager] API Action [GetResponseJSONValue] successfully performed. With the following test data [name]. @31-10-2021 01:54:31.0215 AM
[ReportManager] API Action [GetResponseJSONValue] successfully performed. With the following test data [name]. @31-10-2021 01:54:31.0226 AM
[ReportManager] API Action [GetResponseJSONValue] successfully performed. With the following test data [name]. @31-10-2021 01:54:31.0237 AM
[ReportManager] API Action [GetResponseJSONValue] successfully performed. With the following test data [name]. @31-10-2021 01:54:31.0249 A
[ReportManager] File Action [GetAbsolutePath] successfully performed. With the following test data [Relative Folder Path: "target/downloadedFiles/"]. @31-10-2021 01:54:31.0253 AM
[ReportManager] Attempting to run locally on: [Mac-64], [Safari], Headless Execution. @31-10-2021 01:54:31.0253 AM
[ReportManager] Successfully Opened Safari. @31-10-2021 01:54:32.0027 AM
[ReportManager] Initial window size: (800, 600) @31-10-2021 01:54:32.0049 AM
[ReportManager] Window size after SWD Maximize: (1176, 811) @31-10-2021 01:54:32.0085 AM
[ReportManager] Browser Action [MaximizeWindow] successfully performed. With the following test data [New screen size is now: (1176, 811)]. @31-10-2021 01:54:32.0085 A

################################################################################################################################################
Starting Execution:	[69 out of 143] test cases in the current suite
Test Method:		[testPackage01.Test_uploadFile.uploadFile_invisibleUploadInput]
################################################################################################################################################
[ReportManager] Target URL: [https://fineuploader.com/demos.html#gallery-view] @31-10-2021 01:54:32.0089 AM
[ReportManager] Initial URL: [] @31-10-2021 01:54:32.0185 AM
[ReportManager] Browser Action [NavigateToURL] successfully performed. With the following test data [https://fineuploader.com/demos.html#gallery-view]. @31-10-2021 01:54:33.0208 AM
[ReportManager] File Action [GetAbsolutePath] successfully performed. With the following test data [Relative File Path: "src/main/resources/images/shaft.png"]. @31-10-2021 01:54:33.0208 AM
[ReportManager] Successfully created attachment [File Action Actual Result - Command Log] @31-10-2021 01:54:33.0209 A
[ReportManager] Browser Action [CloseCurrentWindow] successfully performed. @31-10-2021 01:54:33.0471 AM
[ReportManager] Successfully created attachment [Browser Action Test Data - CloseCurrentWindow - Actual Value] @31-10-2021 01:54:33.0472 A
[ReportManager] File Action [GetAbsolutePath] successfully performed. With the following test data [Relative Folder Path: "target/downloadedFiles/"]. @31-10-2021 01:54:33.0476 AM
[ReportManager] Attempting to run locally on: [Mac-64], [Safari], Headless Execution. @31-10-2021 01:54:33.0476 AM
[ReportManager] Successfully Opened Safari. @31-10-2021 01:54:34.0262 AM
[ReportManager] Initial window size: (800, 600) @31-10-2021 01:54:34.0267 AM
[ReportManager] Window size after SWD Maximize: (1176, 811) @31-10-2021 01:54:34.0277 AM
[ReportManager] Browser Action [MaximizeWindow] successfully performed. With the following test data [New screen size is now: (1176, 811)]. @31-10-2021 01:54:34.0277 A

################################################################################################################################################
Starting Execution:	[70 out of 143] test cases in the current suite
Test Method:		[testPackage01.Test_uploadFile.uploadFile_visibleUploadInput]
################################################################################################################################################
[ReportManager] Target URL: [http://demo.guru99.com/test/upload/] @31-10-2021 01:54:34.0280 AM
[ReportManager] Initial URL: [] @31-10-2021 01:54:34.0338 AM
[ReportManager] Browser Action [NavigateToURL] successfully performed. With the following test data [http://demo.guru99.com/test/upload/]. @31-10-2021 01:54:35.0374 AM
[ReportManager] File Action [GetAbsolutePath] successfully performed. With the following test data [Relative File Path: "src/main/resources/images/shaft.png"]. @31-10-2021 01:54:35.0374 AM
[ReportManager] Successfully created attachment [File Action Actual Result - Command Log] @31-10-2021 01:54:35.0375 AM
[ReportManager] Element Action [TypeFileLocationForUpload] successfully performed. With the following test data [/Users/runner/work/SHAFT_ENGINE/SHAFT_ENGINE/src/main/resources/images/shaft.png]. @31-10-2021 01:54:35.0428 AM
[ReportManager] Element Action [Click] successfully performed. With the following test data [on]. @31-10-2021 01:54:35.0696 AM
[ReportManager] Element Action [Click] successfully performed. With the following test data [ Submit File]. @31-10-2021 01:54:36.0035 AM
[ReportManager] Element Action [GetText] successfully performed. With the following test data [1 file has been successfully uploaded.]. @31-10-2021 01:54:36.0616 AM
[ReportManager] Loaded Shared OpenCV @31-10-2021 01:54:36.0674 AM
[ReportManager] Assertion [ValidateElementAttribute] PASSED. Expected [Value Should be '1 file' for the 'Text' attribute, element locator 'By.id: res'] and Actual [1 file has been successfully uploaded.]. Comparison Type [CONTAINS]. Validation Type [POSITIVE]. @31-10-2021 01:54:36.0759 AM
[ReportManager] Successfully created attachment [Screenshot - 1635645276674_uploadFile_visibleUploadInput_ValidateElementAttribute_passed] @31-10-2021 01:54:36.0760 A
[ReportManager] Browser Action [CloseCurrentWindow] successfully performed. @31-10-2021 01:54:36.0871 AM
[ReportManager] Successfully created attachment [Browser Action Test Data - CloseCurrentWindow - Actual Value] @31-10-2021 01:54:36.0871 A

################################################################################################################################################
Starting Execution:	[71 out of 143] test cases in the current suite
Test Method:		[testPackage01.Test_AssertApiResponseEquals.assertApiResponseEquals_expectedToPass]
################################################################################################################################################
[ReportManager] Response status code: [200], status line: [HTTP/1.1 200 OK] @31-10-2021 01:54:36.0945 AM
[ReportManager] Assertion Passed: Evaluating the actual response status code against the expected one... @31-10-2021 01:54:36.0945 AM
[ReportManager] Assertion [ValidateEquals] PASSED. Expected [200] and Actual [200]. Comparison Type [EQUALS]. Validation Type [POSITIVE]. @31-10-2021 01:54:36.0945 AM
[ReportManager] API Action [PerformRequest] successfully performed. With the following test data [Request Type: "GET" | Target Status Code: "200" | Service URL: "https://jsonplaceholder.typicode.com/users" | Content Type: "*/*" | Response Time: "64ms"]. @31-10-2021 01:54:36.0967 AM
[ReportManager] Successfully created attachment [API Request - Specifications] @31-10-2021 01:54:36.0968 AM
[ReportManager] Successfully created attachment [API Response - JSON Body] @31-10-2021 01:54:36.0968 AM
[ReportManager] API Action [GetResponseJSONValueAsList] successfully performed. With the following test data [$]. @31-10-2021 01:54:36.0975 AM
[ReportManager] API Action [GetResponseJSONValue] successfully performed. With the following test data [name]. @31-10-2021 01:54:36.0987 AM
[ReportManager] API Action [GetResponseJSONValue] successfully performed. With the following test data [email]. @31-10-2021 01:54:36.0998 AM
[ReportManager] Verification [ValidateEquals] PASSED. Expected [Sincere@april.biz] and Actual [Sincere@april.biz]. Comparison Type [EQUALS]. Validation Type [POSITIVE]. @31-10-2021 01:54:36.0998 AM
[ReportManager] API Action [GetResponseJSONValue] successfully performed. With the following test data [username]. @31-10-2021 01:54:37.0010 AM
[ReportManager] Assertion [ValidateEquals] PASSED. Expected [Bret] and Actual [Bret]. Comparison Type [EQUALS]. Validation Type [POSITIVE]. @31-10-2021 01:54:37.0010 AM
[ReportManager] API Action [GetResponseJSONValue] successfully performed. With the following test data [name]. @31-10-2021 01:54:37.0021 AM
[ReportManager] API Action [GetResponseJSONValue] successfully performed. With the following test data [name]. @31-10-2021 01:54:37.0032 AM
[ReportManager] API Action [GetResponseJSONValue] successfully performed. With the following test data [name]. @31-10-2021 01:54:37.0043 AM
[ReportManager] API Action [GetResponseJSONValue] successfully performed. With the following test data [name]. @31-10-2021 01:54:37.0053 AM
[ReportManager] API Action [GetResponseJSONValue] successfully performed. With the following test data [name]. @31-10-2021 01:54:37.0064 AM
[ReportManager] API Action [GetResponseJSONValue] successfully performed. With the following test data [name]. @31-10-2021 01:54:37.0075 AM
[ReportManager] API Action [GetResponseJSONValue] successfully performed. With the following test data [name]. @31-10-2021 01:54:37.0087 AM
[ReportManager] API Action [GetResponseJSONValue] successfully performed. With the following test data [name]. @31-10-2021 01:54:37.0101 AM
[ReportManager] API Action [GetResponseJSONValue] successfully performed. With the following test data [name]. @31-10-2021 01:54:37.0115 A

################################################################################################################################################
Starting Execution:	[72 out of 143] test cases in the current suite
Test Method:		[testPackage01.Test_testData.f]
################################################################################################################################################
[ReportManager] Successfully loaded the following test data file [src/test/resources/TestDataFiles/testSuite01/TestData.xlsx]. @31-10-2021 01:54:37.0169 AM
[ReportManager] Successfully created attachment [Test Data - Excel] @31-10-2021 01:54:37.0169 AM
[ReportManager] Last Column Number is: [3]. Zero-based. @31-10-2021 01:54:37.0172 A

################################################################################################################################################
Starting Execution:	[73 out of 143] test cases in the current suite
Test Method:		[testPackage01.Test_PDF.testPDF_Downloaded]
################################################################################################################################################
[ReportManager] File Action [DoesFileExist] successfully performed. With the following test data [File Path: "src/test/resources/TestDataFiles/sample.pdf"]. @31-10-2021 01:54:37.0179 AM
[ReportManager] File Action [GetAbsolutePath] successfully performed. With the following test data [Relative File Path: "src/test/resources/TestDataFiles/sample.pdf"]. @31-10-2021 01:54:37.0179 AM
[ReportManager] Assertion [ValidateTrue] PASSED. Expected [TRUE] and Actual [TRUE]. Validation Type [POSITIVE]. @31-10-2021 01:54:40.0518 A
[ReportManager] File Action [GetAbsolutePath] successfully performed. With the following test data [Relative Folder Path: "target/downloadedFiles/"]. @31-10-2021 01:54:40.0521 AM
[ReportManager] Attempting to run locally on: [Mac-64], [Safari], Headless Execution. @31-10-2021 01:54:40.0521 AM
[ReportManager] Successfully Opened Safari. @31-10-2021 01:54:41.0313 AM
[ReportManager] Initial window size: (800, 600) @31-10-2021 01:54:41.0337 AM
[ReportManager] Window size after SWD Maximize: (1176, 811) @31-10-2021 01:54:41.0348 AM
[ReportManager] Browser Action [MaximizeWindow] successfully performed. With the following test data [New screen size is now: (1176, 811)]. @31-10-2021 01:54:41.0348 A

################################################################################################################################################
Starting Execution:	[74 out of 143] test cases in the current suite
Test Method:		[testPackage01.Test_ShadowDOM.shadowdom]
################################################################################################################################################
[ReportManager] Target URL: [https://mdn.github.io/web-components-examples/popup-info-box-web-component/] @31-10-2021 01:54:41.0360 AM
[ReportManager] Initial URL: [] @31-10-2021 01:54:41.0404 AM
[ReportManager] Browser Action [NavigateToURL] successfully performed. With the following test data [https://mdn.github.io/web-components-examples/popup-info-box-web-component/]. @31-10-2021 01:54:41.0638 AM
[ReportManager] Element Action [Type] successfully performed. With the following test data [Typing into SHADOW DOM...]. @31-10-2021 01:54:42.0535 AM
[ReportManager] Element Action [GetText] successfully performed. With the following test data [Typing into SHADOW DOM...]. @31-10-2021 01:54:42.0579 AM
[ReportManager] Loaded Shared OpenCV @31-10-2021 01:54:42.0664 AM
[ReportManager] Assertion [ValidateElementAttribute] PASSED. Expected [Value Should be 'Typing into SHADOW DOM...' for the 'Text' attribute, element locator 'By.id: cvc'] and Actual [Typing into SHADOW DOM...]. Comparison Type [EQUALS]. Validation Type [POSITIVE]. @31-10-2021 01:54:42.0793 AM
[ReportManager] Successfully created attachment [Screenshot - 1635645282664_shadowdom_ValidateElementAttribute_passed] @31-10-2021 01:54:42.0794 A
[ReportManager] Browser Action [CloseCurrentWindow] successfully performed. @31-10-2021 01:54:42.0836 AM
[ReportManager] Successfully created attachment [Browser Action Test Data - CloseCurrentWindow - Actual Value] @31-10-2021 01:54:42.0836 A
[ReportManager] File Action [GetAbsolutePath] successfully performed. With the following test data [Relative Folder Path: "target/downloadedFiles/"]. @31-10-2021 01:54:42.0838 AM
[ReportManager] Attempting to run locally on: [Mac-64], [Safari], Headless Execution. @31-10-2021 01:54:42.0838 AM
[ReportManager] Successfully Opened Safari. @31-10-2021 01:54:43.0646 AM
[ReportManager] Initial window size: (800, 600) @31-10-2021 01:54:43.0651 AM
[ReportManager] Window size after SWD Maximize: (1176, 811) @31-10-2021 01:54:43.0677 AM
[ReportManager] Browser Action [MaximizeWindow] successfully performed. With the following test data [New screen size is now: (1176, 811)]. @31-10-2021 01:54:43.0677 A

################################################################################################################################################
Starting Execution:	[75 out of 143] test cases in the current suite
Test Method:		[testPackage01.Test_clipboardActions.typeTextAndCopyPaste]
################################################################################################################################################
[ReportManager] Target URL: [https://www.google.com/ncr], and after redirection: [https://www.google.com] @31-10-2021 01:54:43.0681 AM
[ReportManager] Initial URL: [] @31-10-2021 01:54:43.0755 AM
[ReportManager] Browser Action [NavigateToURL] successfully performed. With the following test data [https://www.google.com/ncr]. @31-10-2021 01:54:44.0509 AM
[ReportManager] Element Action [Type] successfully performed. With the following test data [FIRST]. @31-10-2021 01:54:44.0886 A
[ReportManager] Browser Action [CloseCurrentWindow] successfully performed. @31-10-2021 01:54:45.0138 AM
[ReportManager] Successfully created attachment [Browser Action Test Data - CloseCurrentWindow - Actual Value] @31-10-2021 01:54:45.0180 A

################################################################################################################################################
Starting Execution:	[76 out of 143] test cases in the current suite
Test Method:		[testPackage01.Test_NewValidationHelper.f1]
################################################################################################################################################
[ReportManager] Assertion Passed: Checking valid user data @31-10-2021 01:54:45.0266 AM
[ReportManager] Successfully created attachment [Validation Test Data - Expected Value] @31-10-2021 01:54:45.0267 AM
[ReportManager] Successfully created attachment [Validation Test Data - Actual Value] @31-10-2021 01:54:45.0267 AM
[ReportManager] Assertion [ValidateEquals] PASSED. Expected and Actual values are attached. Comparison Type [EQUALS]. Validation Type [POSITIVE]. @31-10-2021 01:54:45.0267 A
[ReportManager] File Action [GetAbsolutePath] successfully performed. With the following test data [Relative Folder Path: "target/downloadedFiles/"]. @31-10-2021 01:54:45.0270 AM
[ReportManager] Attempting to run locally on: [Mac-64], [Safari], Headless Execution. @31-10-2021 01:54:45.0270 AM
[ReportManager] Successfully Opened Safari. @31-10-2021 01:54:46.0132 AM
[ReportManager] Initial window size: (800, 600) @31-10-2021 01:54:46.0146 AM
[ReportManager] Window size after SWD Maximize: (1176, 811) @31-10-2021 01:54:46.0163 AM
[ReportManager] Browser Action [MaximizeWindow] successfully performed. With the following test data [New screen size is now: (1176, 811)]. @31-10-2021 01:54:46.0164 AM
[ReportManager] Target URL: [https://the-internet.herokuapp.com/] @31-10-2021 01:54:46.0164 AM
[ReportManager] Initial URL: [] @31-10-2021 01:54:46.0211 AM
[ReportManager] Browser Action [NavigateToURL] successfully performed. With the following test data [https://the-internet.herokuapp.com/]. @31-10-2021 01:54:46.0720 A

################################################################################################################################################
Starting Execution:	[77 out of 143] test cases in the current suite
Test Method:		[testPackage01.Test_NewValidationHelper.f10]
################################################################################################################################################
[ReportManager] Assertion [ValidateElementExists] FAILED. Expected [Element Should Exist, locator 'By.tagName: div'] and Actual [Element Exists but is not unique]. Comparison Type [EQUALS]. Validation Type [POSITIVE]. @31-10-2021 01:54:47.0140 AM
[ReportManager] Successfully created attachment [Screenshot - 1635645286944_f10_ValidateElementExists_failed] @31-10-2021 01:54:47.0223 A



################################################################################################################################################
Starting Execution:	[78 out of 143] test cases in the current suite
Test Method:		[testPackage01.Test_NewValidationHelper.f11]
###############################################################################################################################################



################################################################################################################################################
Starting Execution:	[79 out of 143] test cases in the current suite
Test Method:		[testPackage01.Test_NewValidationHelper.f12]
###############################################################################################################################################



################################################################################################################################################
Starting Execution:	[80 out of 143] test cases in the current suite
Test Method:		[testPackage01.Test_NewValidationHelper.f13]
###############################################################################################################################################



################################################################################################################################################
Starting Execution:	[81 out of 143] test cases in the current suite
Test Method:		[testPackage01.Test_NewValidationHelper.f14]
###############################################################################################################################################



################################################################################################################################################
Starting Execution:	[82 out of 143] test cases in the current suite
Test Method:		[testPackage01.Test_NewValidationHelper.f15]
###############################################################################################################################################



################################################################################################################################################
Starting Execution:	[83 out of 143] test cases in the current suite
Test Method:		[testPackage01.Test_NewValidationHelper.f16]
###############################################################################################################################################



################################################################################################################################################
Starting Execution:	[84 out of 143] test cases in the current suite
Test Method:		[testPackage01.Test_NewValidationHelper.f17]
###############################################################################################################################################



################################################################################################################################################
Starting Execution:	[85 out of 143] test cases in the current suite
Test Method:		[testPackage01.Test_NewValidationHelper.f18]
###############################################################################################################################################


################################################################################################################################################
Starting Execution:	[86 out of 143] test cases in the current suite
Test Method:		[testPackage01.Test_NewValidationHelper.f2]
###############################################################################################################################################


################################################################################################################################################
Starting Execution:	[87 out of 143] test cases in the current suite
Test Method:		[testPackage01.Test_NewValidationHelper.f20]
###############################################################################################################################################



################################################################################################################################################
Starting Execution:	[88 out of 143] test cases in the current suite
Test Method:		[testPackage01.Test_NewValidationHelper.f21]
###############################################################################################################################################



################################################################################################################################################
Starting Execution:	[89 out of 143] test cases in the current suite
Test Method:		[testPackage01.Test_NewValidationHelper.f22]
###############################################################################################################################################


################################################################################################################################################
Starting Execution:	[90 out of 143] test cases in the current suite
Test Method:		[testPackage01.Test_NewValidationHelper.f23]
###############################################################################################################################################

################################################################################################################################################
Starting Execution:	[91 out of 143] test cases in the current suite
Test Method:		[testPackage01.Test_NewValidationHelper.f24]
###############################################################################################################################################

################################################################################################################################################
Starting Execution:	[92 out of 143] test cases in the current suite
Test Method:		[testPackage01.Test_NewValidationHelper.f25]
###############################################################################################################################################

################################################################################################################################################
Starting Execution:	[93 out of 143] test cases in the current suite
Test Method:		[testPackage01.Test_NewValidationHelper.f26]
###############################################################################################################################################

################################################################################################################################################
Starting Execution:	[94 out of 143] test cases in the current suite
Test Method:		[testPackage01.Test_NewValidationHelper.f27]
###############################################################################################################################################

################################################################################################################################################
Starting Execution:	[95 out of 143] test cases in the current suite
Test Method:		[testPackage01.Test_NewValidationHelper.f28]
###############################################################################################################################################

################################################################################################################################################
Starting Execution:	[96 out of 143] test cases in the current suite
Test Method:		[testPackage01.Test_NewValidationHelper.f29]
###############################################################################################################################################

################################################################################################################################################
Starting Execution:	[97 out of 143] test cases in the current suite
Test Method:		[testPackage01.Test_NewValidationHelper.f3]
###############################################################################################################################################

################################################################################################################################################
Starting Execution:	[98 out of 143] test cases in the current suite
Test Method:		[testPackage01.Test_NewValidationHelper.f30]
###############################################################################################################################################

################################################################################################################################################
Starting Execution:	[99 out of 143] test cases in the current suite
Test Method:		[testPackage01.Test_NewValidationHelper.f31]
###############################################################################################################################################

################################################################################################################################################
Starting Execution:	[100 out of 143] test cases in the current suite
Test Method:		[testPackage01.Test_NewValidationHelper.f32]
###############################################################################################################################################

################################################################################################################################################
Starting Execution:	[101 out of 143] test cases in the current suite
Test Method:		[testPackage01.Test_NewValidationHelper.f33]
###############################################################################################################################################

################################################################################################################################################
Starting Execution:	[102 out of 143] test cases in the current suite
Test Method:		[testPackage01.Test_NewValidationHelper.f34]
###############################################################################################################################################

################################################################################################################################################
Starting Execution:	[103 out of 143] test cases in the current suite
Test Method:		[testPackage01.Test_NewValidationHelper.f35]
###############################################################################################################################################

################################################################################################################################################
Starting Execution:	[104 out of 143] test cases in the current suite
Test Method:		[testPackage01.Test_NewValidationHelper.f36]
###############################################################################################################################################

################################################################################################################################################
Starting Execution:	[105 out of 143] test cases in the current suite
Test Method:		[testPackage01.Test_NewValidationHelper.f37]
###############################################################################################################################################

################################################################################################################################################
Starting Execution:	[106 out of 143] test cases in the current suite
Test Method:		[testPackage01.Test_NewValidationHelper.f3_1]
###############################################################################################################################################

################################################################################################################################################
Starting Execution:	[107 out of 143] test cases in the current suite
Test Method:		[testPackage01.Test_NewValidationHelper.f4]
###############################################################################################################################################

################################################################################################################################################
Starting Execution:	[108 out of 143] test cases in the current suite
Test Method:		[testPackage01.Test_NewValidationHelper.f5]
###############################################################################################################################################

################################################################################################################################################
Starting Execution:	[109 out of 143] test cases in the current suite
Test Method:		[testPackage01.Test_NewValidationHelper.f6]
###############################################################################################################################################

################################################################################################################################################
Starting Execution:	[110 out of 143] test cases in the current suite
Test Method:		[testPackage01.Test_NewValidationHelper.f6_1]
###############################################################################################################################################

################################################################################################################################################
Starting Execution:	[111 out of 143] test cases in the current suite
Test Method:		[testPackage01.Test_NewValidationHelper.f6_2]
###############################################################################################################################################

################################################################################################################################################
Starting Execution:	[112 out of 143] test cases in the current suite
Test Method:		[testPackage01.Test_NewValidationHelper.f7]
###############################################################################################################################################


################################################################################################################################################
Starting Execution:	[113 out of 143] test cases in the current suite
Test Method:		[testPackage01.Test_NewValidationHelper.f8]
###############################################################################################################################################



################################################################################################################################################
Starting Execution:	[114 out of 143] test cases in the current suite
Test Method:		[testPackage01.Test_NewValidationHelper.f9]
###############################################################################################################################################


################################################################################################################################################
Starting Execution:	[115 out of 143] test cases in the current suite
Test Method:		[testPackage01.Test_NewValidationHelper.forceFail]
###############################################################################################################################################

################################################################################################################################################
Starting Execution:	[116 out of 143] test cases in the current suite
Test Method:		[testPackage01.Test_NewValidationHelper.forceFail2]
###############################################################################################################################################

################################################################################################################################################
Starting Execution:	[117 out of 143] test cases in the current suite
Test Method:		[testPackage01.Test_JsonActions.f]
###############################################################################################################################################

################################################################################################################################################
Starting Execution:	[118 out of 143] test cases in the current suite
Test Method:		[testPackage01.Test_JsonActions.f2]
###############################################################################################################################################

################################################################################################################################################
Starting Execution:	[119 out of 143] test cases in the current suite
Test Method:		[testPackage01.Test_sendGraphqlRequest.sendGraphqlRequestUsingMutationAndVariables]
################################################################################################################################################
[ReportManager] GraphQl Request is being Performed with the Following Parameters [Service URL: https://api.spacex.land/graphql | Request Body: {"variables":"{\"name\": \"sherlock holmes\",\"rocket\": \"221B Baker Street\"}","query":"mutation ($name: String, $rocket: String) {\n  insert_users(objects: {name: $name, rocket: $rocket}) {\n    returning {\n      name\n      rocket\n    }\n  }\n}"}] @31-10-2021 01:54:55.0064 AM
[ReportManager] Response status code: [200], status line: [HTTP/1.1 200 OK] @31-10-2021 01:54:55.0260 AM
[ReportManager] Assertion Passed: Evaluating the actual response status code against the expected one... @31-10-2021 01:54:55.0261 AM
[ReportManager] Assertion [ValidateEquals] PASSED. Expected [200] and Actual [200]. Comparison Type [EQUALS]. Validation Type [POSITIVE]. @31-10-2021 01:54:55.0261 AM
[ReportManager] API Action [PerformRequest] successfully performed. With the following test data [Request Type: "POST" | Target Status Code: "200" | Service URL: "https://api.spacex.land/graphql" | Content Type: "application/json" | Response Time: "101ms"]. @31-10-2021 01:54:55.0296 AM
[ReportManager] Successfully created attachment [API Request - Specifications] @31-10-2021 01:54:55.0337 AM
[ReportManager] Successfully created attachment [API Request - JSON Body] @31-10-2021 01:54:55.0419 AM
[ReportManager] Successfully created attachment [API Response - JSON Body] @31-10-2021 01:54:55.0461 AM
[ReportManager] API Action [GetResponseJSONValue] successfully performed. With the following test data [data.insert_users.returning[0].name]. @31-10-2021 01:54:55.0522 AM
[ReportManager] Assertion [ValidateEquals] PASSED. Expected [sherlock holmes] and Actual [sherlock holmes]. Comparison Type [EQUALS]. Validation Type [POSITIVE]. @31-10-2021 01:54:55.0522 A

################################################################################################################################################
Starting Execution:	[120 out of 143] test cases in the current suite
Test Method:		[testPackage01.Test_sendGraphqlRequest.sendGraphqlRequestUsingQuery]
################################################################################################################################################
[ReportManager] GraphQl Request is being Performed with the Following Parameters [Service URL: https://api.spacex.land/graphql | Request Body: {"query":"{company {ceo}}"}] @31-10-2021 01:54:55.0649 AM
[ReportManager] Response status code: [200], status line: [HTTP/1.1 200 OK] @31-10-2021 01:54:55.0719 AM
[ReportManager] Assertion Passed: Evaluating the actual response status code against the expected one... @31-10-2021 01:54:55.0719 AM
[ReportManager] Assertion [ValidateEquals] PASSED. Expected [200] and Actual [200]. Comparison Type [EQUALS]. Validation Type [POSITIVE]. @31-10-2021 01:54:55.0719 AM
[ReportManager] API Action [PerformRequest] successfully performed. With the following test data [Request Type: "POST" | Target Status Code: "200" | Service URL: "https://api.spacex.land/graphql" | Content Type: "application/json" | Response Time: "65ms"]. @31-10-2021 01:54:55.0732 AM
[ReportManager] Successfully created attachment [API Request - Specifications] @31-10-2021 01:54:55.0773 AM
[ReportManager] Successfully created attachment [API Request - JSON Body] @31-10-2021 01:54:55.0855 AM
[ReportManager] Successfully created attachment [API Response - JSON Body] @31-10-2021 01:54:55.0897 AM
[ReportManager] API Action [GetResponseJSONValue] successfully performed. With the following test data [data.company.ceo]. @31-10-2021 01:54:55.0908 AM
[ReportManager] Assertion [ValidateEquals] PASSED. Expected [Elon Musk] and Actual [Elon Musk]. Comparison Type [EQUALS]. Validation Type [POSITIVE]. @31-10-2021 01:54:55.0909 A
[ReportManager] File Action [GetAbsolutePath] successfully performed. With the following test data [Relative Folder Path: "target/downloadedFiles/"]. @31-10-2021 01:54:56.0035 AM
[ReportManager] Attempting to run locally on: [Mac-64], [Safari], Headless Execution. @31-10-2021 01:54:56.0035 AM
[ReportManager] Successfully Opened Safari. @31-10-2021 01:54:56.0837 AM
[ReportManager] Initial window size: (800, 600) @31-10-2021 01:54:56.0841 AM
[ReportManager] Window size after SWD Maximize: (1176, 811) @31-10-2021 01:54:56.0864 AM
[ReportManager] Browser Action [MaximizeWindow] successfully performed. With the following test data [New screen size is now: (1176, 811)]. @31-10-2021 01:54:56.0864 A

################################################################################################################################################
Starting Execution:	[121 out of 143] test cases in the current suite
Test Method:		[testPackage01.Test_dragAndDrop.dragAndDropJquery]
################################################################################################################################################
[ReportManager] Target URL: [https://jqueryui.com/resources/demos/droppable/default.html] @31-10-2021 01:54:56.0867 AM
[ReportManager] Initial URL: [] @31-10-2021 01:54:56.0930 AM
[ReportManager] Browser Action [NavigateToURL] successfully performed. With the following test data [https://jqueryui.com/resources/demos/droppable/default.html]. @31-10-2021 01:54:57.0279 AM
[ReportManager] Element Action [GetText] successfully performed. With the following test data [
	Drop here
]. @31-10-2021 01:54:57.0311 AM
[ReportManager] Element Action [DragAndDrop] successfully performed. With the following test data [Start point: (8, 18), End point: (8, 18)]. @31-10-2021 01:54:58.0538 AM
[ReportManager] Element Action [GetText] successfully performed. With the following test data [
	Dropped!
]. @31-10-2021 01:54:58.0562 AM
[ReportManager] Assertion Passed: Checking to see if the text has changed after performing drag and drop @31-10-2021 01:54:58.0562 AM
[ReportManager] Assertion [ValidateEquals] PASSED. Expected [
	Drop here
] and Actual [
	Dropped!
]. Comparison Type [EQUALS]. Validation Type [NEGATIVE]. @31-10-2021 01:54:58.0562 A
[ReportManager] Browser Action [CloseCurrentWindow] successfully performed. @31-10-2021 01:54:58.0849 AM
[ReportManager] Successfully created attachment [Browser Action Test Data - CloseCurrentWindow - Actual Value] @31-10-2021 01:54:58.0891 A
[ReportManager] File Action [GetAbsolutePath] successfully performed. With the following test data [Relative Folder Path: "target/downloadedFiles/"]. @31-10-2021 01:54:58.0976 AM
[ReportManager] Attempting to run locally on: [Mac-64], [Safari], Headless Execution. @31-10-2021 01:54:58.0976 AM
[ReportManager] Successfully Opened Safari. @31-10-2021 01:54:59.0814 AM
[ReportManager] Initial window size: (800, 600) @31-10-2021 01:54:59.0819 AM
[ReportManager] Window size after SWD Maximize: (1176, 811) @31-10-2021 01:54:59.0843 AM
[ReportManager] Browser Action [MaximizeWindow] successfully performed. With the following test data [New screen size is now: (1176, 811)]. @31-10-2021 01:54:59.0843 A

################################################################################################################################################
Starting Execution:	[122 out of 143] test cases in the current suite
Test Method:		[testPackage01.Test_dragAndDrop.dragAndDrop]
Test Description:	[TC001 - Test Drag and Drop function.]
################################################################################################################################################
[ReportManager] Target URL: [http://the-internet.herokuapp.com/drag_and_drop] @31-10-2021 01:54:59.0883 AM
[ReportManager] Initial URL: [] @31-10-2021 01:54:59.0928 AM
[ReportManager] Browser Action [NavigateToURL] successfully performed. With the following test data [http://the-internet.herokuapp.com/drag_and_drop]. @31-10-2021 01:55:00.0298 AM
[ReportManager] Attempting Drag and Drop @31-10-2021 01:55:00.0298 AM
[ReportManager] Element Action [DragAndDrop] successfully performed. With the following test data [Start point: (120, 89), End point: (335, 89)]. @31-10-2021 01:55:00.0920 A
[ReportManager] Browser Action [CloseCurrentWindow] successfully performed. @31-10-2021 01:55:01.0055 AM
[ReportManager] Successfully created attachment [Browser Action Test Data - CloseCurrentWindow - Actual Value] @31-10-2021 01:55:01.0056 A
[ReportManager] File Action [GetAbsolutePath] successfully performed. With the following test data [Relative Folder Path: "target/downloadedFiles/"]. @31-10-2021 01:55:01.0058 AM
[ReportManager] Attempting to run locally on: [Mac-64], [Safari], Headless Execution. @31-10-2021 01:55:01.0058 AM
[ReportManager] Successfully Opened Safari. @31-10-2021 01:55:01.0902 AM
[ReportManager] Initial window size: (800, 600) @31-10-2021 01:55:01.0929 AM
[ReportManager] Window size after SWD Maximize: (1176, 811) @31-10-2021 01:55:01.0948 AM
[ReportManager] Browser Action [MaximizeWindow] successfully performed. With the following test data [New screen size is now: (1176, 811)]. @31-10-2021 01:55:01.0948 A

################################################################################################################################################
Starting Execution:	[123 out of 143] test cases in the current suite
Test Method:		[testPackage01.Test_dragAndDrop.dragAndDropByOffset]
Test Description:	[TC002 - Test Drag and Drop by offset function.]
################################################################################################################################################
[ReportManager] Target URL: [https://jqueryui.com/resources/demos/draggable/default.html] @31-10-2021 01:55:01.0999 AM
[ReportManager] Initial URL: [] @31-10-2021 01:55:02.0029 AM
[ReportManager] Browser Action [NavigateToURL] successfully performed. With the following test data [https://jqueryui.com/resources/demos/draggable/default.html]. @31-10-2021 01:55:02.0322 AM
[ReportManager] Element Action [DragAndDropByOffset] successfully performed. With the following test data [Start point: (8, 8), End point: (108, 58)]. @31-10-2021 01:55:03.0109 A
[ReportManager] Browser Action [CloseCurrentWindow] successfully performed. @31-10-2021 01:55:03.0384 AM
[ReportManager] Successfully created attachment [Browser Action Test Data - CloseCurrentWindow - Actual Value] @31-10-2021 01:55:03.0426 A
[ReportManager] Successfully loaded the following test data file [src/test/resources/TestDataFiles/testSuite01/TestData.xlsx]. @31-10-2021 01:55:03.0470 AM
[ReportManager] Successfully created attachment [Test Data - Excel] @31-10-2021 01:55:03.0511 AM
[ReportManager] File Action [GetAbsolutePath] successfully performed. With the following test data [Relative Folder Path: "target/downloadedFiles/"]. @31-10-2021 01:55:03.0512 AM
[ReportManager] Attempting to run locally on: [Mac-64], [Safari], Headless Execution. @31-10-2021 01:55:03.0512 AM
[ReportManager] Successfully Opened Safari. @31-10-2021 01:55:04.0297 AM
[ReportManager] Initial window size: (800, 600) @31-10-2021 01:55:04.0312 AM
[ReportManager] Window size after SWD Maximize: (1176, 811) @31-10-2021 01:55:04.0326 AM
[ReportManager] Browser Action [MaximizeWindow] successfully performed. With the following test data [New screen size is now: (1176, 811)]. @31-10-2021 01:55:04.0327 A

################################################################################################################################################
Starting Execution:	[124 out of 143] test cases in the current suite
Test Method:		[testPackage01.Test_google.navigateToURLandVerifyGoogleLogoIsDisplayed]
Test Description:	[TC001 - Navigate to URL and Verify Google Logo is Displayed]
################################################################################################################################################
[ReportManager] Target URL: [https://www.google.com/ncr], and after redirection: [https://www.google.com] @31-10-2021 01:55:04.0329 AM
[ReportManager] Initial URL: [] @31-10-2021 01:55:04.0365 AM
[ReportManager] Browser Action [NavigateToURL] successfully performed. With the following test data [https://www.google.com/ncr]. @31-10-2021 01:55:05.0646 AM
[ReportManager] Loaded Shared OpenCV @31-10-2021 01:55:05.0704 AM
[ReportManager] Assertion [ValidateElementExists] PASSED. Expected [Element Should Exist, locator 'By.xpath: //*[@id='hplogo' or @alt='Google']'] and Actual [Element Exists]. Comparison Type [EQUALS]. Validation Type [POSITIVE]. @31-10-2021 01:55:05.0916 AM
[ReportManager] Successfully created attachment [Screenshot - 1635645305704_navigateToURLandVerifyGoogleLogoIsDisplayed_ValidateElementExists_passed] @31-10-2021 01:55:05.0917 A

################################################################################################################################################
Starting Execution:	[125 out of 143] test cases in the current suite
Test Method:		[testPackage01.Test_google.searchForQueryandAssertResultsNumDisplayed]
Test Description:	[TC002 - Search for Query and Assert that the number of results is displayed]
################################################################################################################################################
[ReportManager] Element Action [Type] successfully performed. With the following test data [SHAFT_Engine]. @31-10-2021 01:55:06.0419 AM
[ReportManager] Element Action [KeyPress] successfully performed. With the following test data [Enter]. @31-10-2021 01:55:06.0457 A

################################################################################################################################################
Starting Execution:	[126 out of 143] test cases in the current suite
Test Method:		[testPackage01.Test_google.clickNextThrice]
Test Description:	[TC003 - Clicks the next button to make sure that the framework can scroll element into view before clicking it]
###############################################################################################################################################
[ReportManager] Browser Action [CloseCurrentWindow] successfully performed. @31-10-2021 01:55:07.0604 AM
[ReportManager] Successfully created attachment [Browser Action Test Data - CloseCurrentWindow - Actual Value] @31-10-2021 01:55:07.0606 A

################################################################################################################################################
Starting Execution:	[127 out of 143] test cases in the current suite
Test Method:		[testPackage01.Test_chainableElementActions.chainElementActions]
################################################################################################################################################
[ReportManager] File Action [GetAbsolutePath] successfully performed. With the following test data [Relative Folder Path: "target/downloadedFiles/"]. @31-10-2021 01:55:07.0608 AM
[ReportManager] Attempting to run locally on: [Mac-64], [GoogleChrome], Headless Execution. @31-10-2021 01:55:07.0610 AM
[ReportManager] Identifying OS/Driver combination and selecting the correct driver version automatically. Please note that if a new driver executable will be downloaded it may take some time... @31-10-2021 01:55:07.0610 AM
[ReportManager] Successfully Opened Google Chrome. @31-10-2021 01:55:14.0949 AM
[ReportManager] Initial window size: (1920, 1080) @31-10-2021 01:55:14.0952 AM
[ReportManager] Window size after SWD Maximize: (1920, 1080) @31-10-2021 01:55:15.0061 AM
[ReportManager] Window size after Toolkit: (1920, 1080) @31-10-2021 01:55:15.0462 AM
[ReportManager] Browser Action [MaximizeWindow] successfully performed. With the following test data [New screen size is now: (1920, 1080)]. @31-10-2021 01:55:15.0464 AM
[ReportManager] Target URL: [https://www.google.com/ncr], and after redirection: [https://www.google.com] @31-10-2021 01:55:15.0464 AM
[ReportManager] Initial URL: [data:,] @31-10-2021 01:55:15.0489 AM
[ReportManager] Browser Action [NavigateToURL] successfully performed. With the following test data [https://www.google.com/ncr]. @31-10-2021 01:55:16.0222 AM
[ReportManager] Element Action [Type] successfully performed. With the following test data [chained type 1]. @31-10-2021 01:55:16.0628 AM
[ReportManager] Element Action [Type] successfully performed. With the following test data [chained type 2]. @31-10-2021 01:55:16.0913 AM
[ReportManager] Element Action [TypeAppend] successfully performed. With the following test data [345]. @31-10-2021 01:55:16.0982 AM
[ReportManager] Element Action [GetText] successfully performed. With the following test data [chained type 2345]. @31-10-2021 01:55:17.0060 AM
[ReportManager] Loaded Shared OpenCV @31-10-2021 01:55:17.0298 AM
[ReportManager] Assertion [ValidateElementAttribute] PASSED. Expected [Value Should be 'chained type 2345' for the 'text' attribute, element locator 'By.name: q'] and Actual [chained type 2345]. Comparison Type [EQUALS]. Validation Type [POSITIVE]. @31-10-2021 01:55:17.0510 AM
[ReportManager] Successfully created attachment [Screenshot - 1635645317298_chainElementActions_ValidateElementAttribute_passed] @31-10-2021 01:55:17.0511 AM
[ReportManager] Browser Action [CloseCurrentWindow] successfully performed. @31-10-2021 01:55:17.0657 AM
[ReportManager] Successfully created attachment [Browser Action Test Data - CloseCurrentWindow - Actual Value] @31-10-2021 01:55:17.0698 A

################################################################################################################################################
Starting Execution:	[128 out of 143] test cases in the current suite
Test Method:		[testPackage01.Test_JsonCompareWithSpecialCharacters.specialCharacters]
################################################################################################################################################
[ReportManager] File Action [GetAbsolutePath] successfully performed. With the following test data [Relative Folder Path: "src/test/resources/TestJsonFiles/specialCharacters.json"]. @31-10-2021 01:55:17.0706 AM
[ReportManager] File Action [ReadFromFile] successfully performed. With the following test data [File Path: "/Users/runner/work/SHAFT_ENGINE/SHAFT_ENGINE/src/test/resources/TestJsonFiles/specialCharacters.json"]. @31-10-2021 01:55:17.0712 AM
[ReportManager] Successfully created attachment [File Action Actual Result - Command Log] @31-10-2021 01:55:17.0712 AM
[ReportManager] Comparing the provided API response with the file at this path "src/test/resources/TestJsonFiles/specialCharacters.json", comparison type "EQUALS" @31-10-2021 01:55:17.0713 AM
[ReportManager] API Action [CompareJSON] successfully performed. With the following test data [src/test/resources/TestJsonFiles/specialCharacters.json]. @31-10-2021 01:55:17.0719 AM
[ReportManager] File Action [GetAbsolutePath] successfully performed. With the following test data [Relative Folder Path: "src/test/resources/TestJsonFiles/specialCharacters.json"]. @31-10-2021 01:55:17.0719 AM
[ReportManager] File Action [ReadFromFile] successfully performed. With the following test data [File Path: "/Users/runner/work/SHAFT_ENGINE/SHAFT_ENGINE/src/test/resources/TestJsonFiles/specialCharacters.json"]. @31-10-2021 01:55:17.0719 AM
[ReportManager] Verification [ValidateJSONFileContent] PASSED. Expected [Response data should match the JSON File in this path 'src/test/resources/TestJsonFiles/specialCharacters.json'] and Actual [TRUE]. Comparison Type [EQUALS]. Validation Type [POSITIVE]. @31-10-2021 01:55:17.0724 AM
[ReportManager] Successfully created attachment [Validation Test Data - Expected JSON Value] @31-10-2021 01:55:17.0725 AM
[ReportManager] Successfully created attachment [Validation Test Data - Actual JSON Value] @31-10-2021 01:55:17.0725 A

################################################################################################################################################
Starting Execution:	[129 out of 143] test cases in the current suite
Test Method:		[testPackage01.Test_JsonCompareWithSpecialCharacters.specialCharacters_assertion]
################################################################################################################################################
[ReportManager] File Action [GetAbsolutePath] successfully performed. With the following test data [Relative Folder Path: "src/test/resources/TestJsonFiles/specialCharacters.json"]. @31-10-2021 01:55:17.0728 AM
[ReportManager] File Action [ReadFromFile] successfully performed. With the following test data [File Path: "/Users/runner/work/SHAFT_ENGINE/SHAFT_ENGINE/src/test/resources/TestJsonFiles/specialCharacters.json"]. @31-10-2021 01:55:17.0729 AM
[ReportManager] Successfully created attachment [File Action Actual Result - Command Log] @31-10-2021 01:55:17.0729 AM
[ReportManager] Comparing the provided API response with the file at this path "src/test/resources/TestJsonFiles/specialCharacters.json", comparison type "CONTAINS" @31-10-2021 01:55:17.0729 AM
[ReportManager] API Action [CompareJSON] successfully performed. With the following test data [src/test/resources/TestJsonFiles/specialCharacters.json]. @31-10-2021 01:55:17.0738 AM
[ReportManager] File Action [GetAbsolutePath] successfully performed. With the following test data [Relative Folder Path: "src/test/resources/TestJsonFiles/specialCharacters.json"]. @31-10-2021 01:55:17.0739 AM
[ReportManager] File Action [ReadFromFile] successfully performed. With the following test data [File Path: "/Users/runner/work/SHAFT_ENGINE/SHAFT_ENGINE/src/test/resources/TestJsonFiles/specialCharacters.json"]. @31-10-2021 01:55:17.0739 AM
[ReportManager] Assertion Passed: trying out the log message @31-10-2021 01:55:17.0744 AM
[ReportManager] Successfully created attachment [Validation Test Data - Expected JSON Value] @31-10-2021 01:55:17.0744 AM
[ReportManager] Successfully created attachment [Validation Test Data - Actual JSON Value] @31-10-2021 01:55:17.0745 AM
[ReportManager] Assertion [ValidateJSONFileContent] PASSED. Expected [Response data should match the JSON File in this path 'src/test/resources/TestJsonFiles/specialCharacters.json'] and Actual [TRUE]. Comparison Type [CONTAINS]. Validation Type [POSITIVE]. @31-10-2021 01:55:17.0745 A

################################################################################################################################################
Starting Execution:	[130 out of 143] test cases in the current suite
Test Method:		[testPackage01.Test_SkipDueToIssue.doNotSkip]
################################################################################################################################################
[ReportManager] This should not be skipped. @31-10-2021 01:55:17.0748 A

################################################################################################################################################
Starting Execution:	[131 out of 143] test cases in the current suite
Test Method:		[testPackage01.Test_SkipDueToIssue.skip]
################################################################################################################################################
[ReportManager] This should be skipped. @31-10-2021 01:55:17.0754 A

################################################################################################################################################
Starting Execution:	[132 out of 143] test cases in the current suite
Test Method:		[testPackage01.Test_SkipDueToIssue.skip2]
################################################################################################################################################
[ReportManager] This should be skipped. @31-10-2021 01:55:17.0759 A

################################################################################################################################################
Starting Execution:	[133 out of 143] test cases in the current suite
Test Method:		[testPackage01.Test_JSONFileManager.readStringFromJson]
################################################################################################################################################
[ReportManager] Successfully loaded the following test data file [src/test/resources/TestDataFiles/simpleJSON.json]. @31-10-2021 01:55:17.0803 AM
[ReportManager] Successfully created attachment [Test Data - JSON] @31-10-2021 01:55:17.0804 AM
[ReportManager] Assertion [ValidateEquals] PASSED. Expected [Mohab Mohie] and Actual [Mohab Mohie]. Comparison Type [EQUALS]. Validation Type [POSITIVE]. @31-10-2021 01:55:17.0817 A
[ReportManager] File Action [GetAbsolutePath] successfully performed. With the following test data [Relative Folder Path: "target/downloadedFiles/"]. @31-10-2021 01:55:17.0820 AM
[ReportManager] Attempting to run locally on: [Mac-64], [Safari], Headless Execution. @31-10-2021 01:55:17.0820 AM
[ReportManager] Successfully Opened Safari. @31-10-2021 01:55:18.0631 AM
[ReportManager] Initial window size: (800, 600) @31-10-2021 01:55:18.0637 AM
[ReportManager] Window size after SWD Maximize: (1176, 811) @31-10-2021 01:55:18.0646 AM
[ReportManager] Browser Action [MaximizeWindow] successfully performed. With the following test data [New screen size is now: (1176, 811)]. @31-10-2021 01:55:18.0647 A

################################################################################################################################################
Starting Execution:	[134 out of 143] test cases in the current suite
Test Method:		[testPackage01.Test_assertEquals.test_assertElementAttribute]
################################################################################################################################################
[ReportManager] Target URL: [https://www.google.com/ncr], and after redirection: [https://www.google.com] @31-10-2021 01:55:18.0649 AM
[ReportManager] Initial URL: [] @31-10-2021 01:55:18.0772 AM
[ReportManager] Browser Action [NavigateToURL] successfully performed. With the following test data [https://www.google.com/ncr]. @31-10-2021 01:55:19.0754 AM
[ReportManager] Element Action [Type] successfully performed. With the following test data [INC_004010050:Another SCHEDULER with the same name [Duplicate Job Name] already exists.]. @31-10-2021 01:55:22.0256 AM
[ReportManager] Element Action [GetText] successfully performed. With the following test data [INC_004010050:Another SCHEDULER with the same name [Duplicate Job Name] already exists.]. @31-10-2021 01:55:22.0303 AM
[ReportManager] Loaded Shared OpenCV @31-10-2021 01:55:22.0345 AM
[ReportManager] Assertion [ValidateElementAttribute] PASSED. Expected [Value Should be 'INC_004010050:Another SCHEDULER with the same name \[Duplicate Job Name\] already exists.' for the 'text' attribute, element locator 'By.name: q'] and Actual [INC_004010050:Another SCHEDULER with the same name [Duplicate Job Name] already exists.]. Comparison Type [MATCHES]. Validation Type [POSITIVE]. @31-10-2021 01:55:22.0448 AM
[ReportManager] Successfully created attachment [Screenshot - 1635645322345_test_assertElementAttribute_ValidateElementAttribute_passed] @31-10-2021 01:55:22.0449 A
[ReportManager] Browser Action [CloseCurrentWindow] successfully performed. @31-10-2021 01:55:22.0588 AM
[ReportManager] Successfully created attachment [Browser Action Test Data - CloseCurrentWindow - Actual Value] @31-10-2021 01:55:22.0589 A
[ReportManager] File Action [GetAbsolutePath] successfully performed. With the following test data [Relative Folder Path: "target/downloadedFiles/"]. @31-10-2021 01:55:22.0590 AM
[ReportManager] Attempting to run locally on: [Mac-64], [Safari], Headless Execution. @31-10-2021 01:55:22.0590 AM
[ReportManager] Successfully Opened Safari. @31-10-2021 01:55:23.0414 AM
[ReportManager] Initial window size: (800, 600) @31-10-2021 01:55:23.0418 AM
[ReportManager] Window size after SWD Maximize: (1176, 811) @31-10-2021 01:55:23.0429 AM
[ReportManager] Browser Action [MaximizeWindow] successfully performed. With the following test data [New screen size is now: (1176, 811)]. @31-10-2021 01:55:23.0430 A

################################################################################################################################################
Starting Execution:	[135 out of 143] test cases in the current suite
Test Method:		[testPackage01.Test_IsElementClickable.testIsElementClickable]
################################################################################################################################################
[ReportManager] Target URL: [https://the-internet.herokuapp.com/] @31-10-2021 01:55:23.0438 AM
[ReportManager] Initial URL: [] @31-10-2021 01:55:23.0505 AM
[ReportManager] Browser Action [NavigateToURL] successfully performed. With the following test data [https://the-internet.herokuapp.com/]. @31-10-2021 01:55:23.0849 AM
[ReportManager] Element Action [IsElementClickable] successfully performed. @31-10-2021 01:55:23.0902 AM
[ReportManager] Assertion [ValidateTrue] PASSED. Expected [TRUE] and Actual [TRUE]. Validation Type [POSITIVE]. @31-10-2021 01:55:23.0902 A
[ReportManager] Browser Action [CloseCurrentWindow] successfully performed. @31-10-2021 01:55:24.0006 AM
[ReportManager] Successfully created attachment [Browser Action Test Data - CloseCurrentWindow - Actual Value] @31-10-2021 01:55:24.0007 A
[ReportManager] Successfully loaded the following test data file [src/test/resources/TestDataFiles/testSuite01/TestData.xlsx]. @31-10-2021 01:55:24.0048 AM
[ReportManager] Successfully created attachment [Test Data - Excel] @31-10-2021 01:55:24.0090 AM
[ReportManager] Attempting to run using Playwright locally on: [Mac-64], [Safari], Headless Execution. @31-10-2021 01:56:10.0988 AM
[ReportManager] File Action [GetAbsolutePath] successfully performed. With the following test data [Relative Folder Path: "target/downloadedFiles/"]. @31-10-2021 01:56:10.0989 AM
[ReportManager] Initial window size: (1280, 720) @31-10-2021 01:56:19.0120 AM
[ReportManager] Window size after Toolkit: com.microsoft.playwright.options.ViewportSize@2d4be5e0 @31-10-2021 01:56:19.0128 AM
[ReportManager] Browser Action [MaximizeWindow] successfully performed. With the following test data [New screen size is now: (1920, 1080)]. @31-10-2021 01:56:19.0129 A

################################################################################################################################################
Starting Execution:	[136 out of 143] test cases in the current suite
Test Method:		[testPackage01.Test_google_playwright.navigateToURLandVerifyGoogleLogoIsDisplayed]
Test Description:	[TC001 - Navigate to URL and Verify Google Logo is Displayed]
################################################################################################################################################
[ReportManager] Target URL: [https://www.google.com/ncr], and after redirection: [https://www.google.com] @31-10-2021 01:56:19.0173 AM
[ReportManager] Initial URL: [about:blank] @31-10-2021 01:56:19.0614 AM
[ReportManager] Browser Action [NavigateToURL] successfully performed. With the following test data [https://www.google.com/ncr]. @31-10-2021 01:56:21.0038 AM
[ReportManager] Loaded Shared OpenCV @31-10-2021 01:56:21.0119 AM
[ReportManager] Assertion [ValidateElementExists] PASSED. Expected [Element Should Exist, locator 'xpath=//*[@id='hplogo' or @alt='Google']'] and Actual [Element Exists]. Comparison Type [EQUALS]. Validation Type [POSITIVE]. @31-10-2021 01:56:21.0448 AM
[ReportManager] Successfully created attachment [Screenshot - 1635645381116_navigateToURLandVerifyGoogleLogoIsDisplayed_ValidateElementExists_passed] @31-10-2021 01:56:21.0531 A

################################################################################################################################################
Starting Execution:	[137 out of 143] test cases in the current suite
Test Method:		[testPackage01.Test_google_playwright.searchForQueryandAssertResultsNumDisplayed]
Test Description:	[TC002 - Search for Query and Assert that the number of results is displayed]
################################################################################################################################################
[ReportManager] Element Action [Type] successfully performed. With the following test data [SHAFT_Engine]. @31-10-2021 01:56:21.0899 AM
[ReportManager] Element Action [KeyPress] successfully performed. With the following test data [Enter]. @31-10-2021 01:56:21.0937 AM
[ReportManager] Element Action [GetText] successfully performed. With the following test data [About 973,000 results (0.54 seconds)Â 
]. @31-10-2021 01:56:23.0326 AM
[ReportManager] Loaded Shared OpenCV @31-10-2021 01:56:23.0872 AM
[ReportManager] Assertion [ValidateElementAttribute] PASSED. Expected [Value Should not be '' for the 'text' attribute, element locator 'xpath=//div[@id='appbar']'] and Actual [About 973,000 results (0.54 seconds)Â 
]. Comparison Type [EQUALS]. Validation Type [NEGATIVE]. @31-10-2021 01:56:24.0198 AM
[ReportManager] Successfully created attachment [Screenshot - 1635645383871_searchForQueryandAssertResultsNumDisplayed_ValidateElementAttribute_passed] @31-10-2021 01:56:24.0201 A

################################################################################################################################################
Starting Execution:	[138 out of 143] test cases in the current suite
Test Method:		[testPackage01.Test_google_playwright.clickNextThrice]
Test Description:	[TC003 - Clicks the next button to make sure that the framework can scroll element into view before clicking it]
################################################################################################################################################
[ReportManager] Element Action [Click] successfully performed. With the following test data [Next]. @31-10-2021 01:56:24.0446 A
[ReportManager] Failed to find video recording. @31-10-2021 01:56:24.0448 AM
[ReportManager] Successfully Closed PlayWright Driver. @31-10-2021 01:56:24.0533 A
[ReportManager] File Action [GetAbsolutePath] successfully performed. With the following test data [Relative Folder Path: "target/downloadedFiles/"]. @31-10-2021 01:56:24.0534 AM
[ReportManager] Attempting to run locally on: [Mac-64], [Safari], Headless Execution. @31-10-2021 01:56:24.0535 AM
[ReportManager] Successfully Opened Safari. @31-10-2021 01:56:25.0373 AM
[ReportManager] Initial window size: (800, 600) @31-10-2021 01:56:25.0378 AM
[ReportManager] Window size after SWD Maximize: (1176, 811) @31-10-2021 01:56:25.0400 AM
[ReportManager] Browser Action [MaximizeWindow] successfully performed. With the following test data [New screen size is now: (1176, 811)]. @31-10-2021 01:56:25.0401 A

################################################################################################################################################
Starting Execution:	[139 out of 143] test cases in the current suite
Test Method:		[testPackage01.Test_verifyEquals.test_assertElementAttribute]
################################################################################################################################################
[ReportManager] Target URL: [https://www.google.com/ncr], and after redirection: [https://www.google.com] @31-10-2021 01:56:25.0403 AM
[ReportManager] Initial URL: [] @31-10-2021 01:56:25.0461 AM
[ReportManager] Browser Action [NavigateToURL] successfully performed. With the following test data [https://www.google.com/ncr]. @31-10-2021 01:56:26.0189 AM
[ReportManager] Element Action [Type] successfully performed. With the following test data [INC_004010050:Another SCHEDULER with the same name [Duplicate Job Name] already exists.]. @31-10-2021 01:56:28.0506 AM
[ReportManager] Element Action [GetText] successfully performed. With the following test data [INC_004010050:Another SCHEDULER with the same name [Duplicate Job Name] already exists.]. @31-10-2021 01:56:28.0553 AM
[ReportManager] Loaded Shared OpenCV @31-10-2021 01:56:28.0625 AM
[ReportManager] Verification [ValidateElementAttribute] PASSED. Expected [Value Should be 'INC_004010050:Another SCHEDULER with the same name \[Duplicate Job Name\] already exists.' for the 'text' attribute, element locator 'By.name: q'] and Actual [INC_004010050:Another SCHEDULER with the same name [Duplicate Job Name] already exists.]. Comparison Type [MATCHES]. Validation Type [POSITIVE]. @31-10-2021 01:56:28.0780 AM
[ReportManager] Successfully created attachment [Screenshot - 1635645388625_test_assertElementAttribute_ValidateElementAttribute_passed] @31-10-2021 01:56:28.0781 A
[ReportManager] Browser Action [CloseCurrentWindow] successfully performed. @31-10-2021 01:56:28.0844 AM
[ReportManager] Successfully created attachment [Browser Action Test Data - CloseCurrentWindow - Actual Value] @31-10-2021 01:56:28.0870 A

################################################################################################################################################
Starting Execution:	[140 out of 143] test cases in the current suite
Test Method:		[testPackage01.Test_SelectedValue.multipleSelect]
################################################################################################################################################
[ReportManager] File Action [GetAbsolutePath] successfully performed. With the following test data [Relative Folder Path: "target/downloadedFiles/"]. @31-10-2021 01:56:28.0873 AM
[ReportManager] Attempting to run locally on: [Mac-64], [GoogleChrome], Headless Execution. @31-10-2021 01:56:28.0873 AM
[ReportManager] Identifying OS/Driver combination and selecting the correct driver version automatically. Please note that if a new driver executable will be downloaded it may take some time... @31-10-2021 01:56:28.0874 AM
[ReportManager] Successfully Opened Google Chrome. @31-10-2021 01:56:29.0625 AM
[ReportManager] Initial window size: (1920, 1080) @31-10-2021 01:56:29.0634 AM
[ReportManager] Window size after SWD Maximize: (1920, 1080) @31-10-2021 01:56:29.0855 AM
[ReportManager] Window size after Toolkit: (1920, 1080) @31-10-2021 01:56:30.0476 AM
[ReportManager] Browser Action [MaximizeWindow] successfully performed. With the following test data [New screen size is now: (1920, 1080)]. @31-10-2021 01:56:30.0479 AM
[ReportManager] Target URL: [https://yari-demos.prod.mdn.mozit.cloud/en-US/docs/Web/HTML/Element/select/_sample_.Advanced_select_with_multiple_features.html] @31-10-2021 01:56:30.0479 AM
[ReportManager] Initial URL: [data:,] @31-10-2021 01:56:30.0504 AM
[ReportManager] Browser Action [NavigateToURL] successfully performed. With the following test data [https://yari-demos.prod.mdn.mozit.cloud/en-US/docs/Web/HTML/Element/select/_sample_.Advanced_select_with_multiple_features.html]. @31-10-2021 01:56:30.0730 AM
[ReportManager] Element Action [Select] successfully performed. With the following test data [Dog]. @31-10-2021 01:56:30.0908 AM
[ReportManager] Element Action [Select] successfully performed. With the following test data [Cat]. @31-10-2021 01:56:31.0052 AM
[ReportManager] Element Action [GetSelectedText] successfully performed. With the following test data [DogCat]. @31-10-2021 01:56:31.0134 AM
[ReportManager] DogCat @31-10-2021 01:56:31.0134 AM
[ReportManager] Element Action [GetSelectedText] successfully performed. With the following test data [DogCat]. @31-10-2021 01:56:31.0206 AM
[ReportManager] Loaded Shared OpenCV @31-10-2021 01:56:31.0463 AM
[ReportManager] Assertion [ValidateElementAttribute] PASSED. Expected [Value Should be 'DogCat' for the 'selectedText' attribute, element locator 'By.tagName: select'] and Actual [DogCat]. Comparison Type [EQUALS]. Validation Type [POSITIVE]. @31-10-2021 01:56:31.0697 AM
[ReportManager] Successfully created attachment [Screenshot - 1635645391463_multipleSelect_ValidateElementAttribute_passed] @31-10-2021 01:56:31.0698 AM
[ReportManager] Browser Action [CloseCurrentWindow] successfully performed. @31-10-2021 01:56:31.0845 AM
[ReportManager] Successfully created attachment [Browser Action Test Data - CloseCurrentWindow - Actual Value] @31-10-2021 01:56:31.0887 A

################################################################################################################################################
Starting Execution:	[141 out of 143] test cases in the current suite
Test Method:		[testPackage01.Test_SelectedValue.simpleSelect]
################################################################################################################################################
[ReportManager] File Action [GetAbsolutePath] successfully performed. With the following test data [Relative Folder Path: "target/downloadedFiles/"]. @31-10-2021 01:56:32.0014 AM
[ReportManager] Attempting to run locally on: [Mac-64], [GoogleChrome], Headless Execution. @31-10-2021 01:56:32.0014 AM
[ReportManager] Identifying OS/Driver combination and selecting the correct driver version automatically. Please note that if a new driver executable will be downloaded it may take some time... @31-10-2021 01:56:32.0014 AM
[ReportManager] Successfully Opened Google Chrome. @31-10-2021 01:56:32.0625 AM
[ReportManager] Initial window size: (1920, 1080) @31-10-2021 01:56:32.0628 AM
[ReportManager] Window size after SWD Maximize: (1920, 1080) @31-10-2021 01:56:32.0785 AM
[ReportManager] Window size after Toolkit: (1920, 1080) @31-10-2021 01:56:33.0244 AM
[ReportManager] Browser Action [MaximizeWindow] successfully performed. With the following test data [New screen size is now: (1920, 1080)]. @31-10-2021 01:56:33.0247 AM
[ReportManager] Target URL: [https://yari-demos.prod.mdn.mozit.cloud/en-US/docs/Web/HTML/Element/select/_sample_.Basic_select.html] @31-10-2021 01:56:33.0247 AM
[ReportManager] Initial URL: [data:,] @31-10-2021 01:56:33.0272 AM
[ReportManager] Browser Action [NavigateToURL] successfully performed. With the following test data [https://yari-demos.prod.mdn.mozit.cloud/en-US/docs/Web/HTML/Element/select/_sample_.Basic_select.html]. @31-10-2021 01:56:33.0462 AM
[ReportManager] Element Action [Select] successfully performed. With the following test data [Third Value]. @31-10-2021 01:56:33.0685 AM
[ReportManager] Element Action [GetSelectedText] successfully performed. With the following test data [Third Value]. @31-10-2021 01:56:33.0742 AM
[ReportManager] Third Value @31-10-2021 01:56:33.0742 AM
[ReportManager] Element Action [GetSelectedText] successfully performed. With the following test data [Third Value]. @31-10-2021 01:56:33.0800 AM
[ReportManager] Loaded Shared OpenCV @31-10-2021 01:56:34.0200 AM
[ReportManager] Assertion [ValidateElementAttribute] PASSED. Expected [Value Should be 'Third Value' for the 'selectedText' attribute, element locator 'By.tagName: select'] and Actual [Third Value]. Comparison Type [EQUALS]. Validation Type [POSITIVE]. @31-10-2021 01:56:34.0535 AM
[ReportManager] Successfully created attachment [Screenshot - 1635645394200_simpleSelect_ValidateElementAttribute_passed] @31-10-2021 01:56:34.0617 AM
[ReportManager] Browser Action [CloseCurrentWindow] successfully performed. @31-10-2021 01:56:34.0764 AM
[ReportManager] Successfully created attachment [Browser Action Test Data - CloseCurrentWindow - Actual Value] @31-10-2021 01:56:34.0805 A
[ReportManager] File Action [GetAbsolutePath] successfully performed. With the following test data [Relative Folder Path: "target/downloadedFiles/"]. @31-10-2021 01:56:34.0930 AM
[ReportManager] Attempting to run locally on: [Mac-64], [Safari], Headless Execution. @31-10-2021 01:56:34.0930 AM
[ReportManager] Successfully Opened Safari. @31-10-2021 01:56:35.0731 AM
[ReportManager] Initial window size: (800, 600) @31-10-2021 01:56:35.0749 AM
[ReportManager] Window size after SWD Maximize: (1176, 811) @31-10-2021 01:56:35.0780 AM
[ReportManager] Browser Action [MaximizeWindow] successfully performed. With the following test data [New screen size is now: (1176, 811)]. @31-10-2021 01:56:35.0781 A

################################################################################################################################################
Starting Execution:	[142 out of 143] test cases in the current suite
Test Method:		[testPackage01.Test_dynamicLoading.dynamicLoading_elementIsHidden]
################################################################################################################################################
[ReportManager] Target URL: [https://the-internet.herokuapp.com/dynamic_loading/1] @31-10-2021 01:56:35.0907 AM
[ReportManager] Initial URL: [] @31-10-2021 01:56:35.0935 AM
[ReportManager] Browser Action [NavigateToURL] successfully performed. With the following test data [https://the-internet.herokuapp.com/dynamic_loading/1]. @31-10-2021 01:56:36.0361 AM
[ReportManager] Element Action [Click] successfully performed. With the following test data [Start]. @31-10-2021 01:56:36.0612 AM
[ReportManager] Element Action [GetText] successfully performed. With the following test data [
    Hello World!
  ]. @31-10-2021 01:56:36.0641 A
[ReportManager] Browser Action [CloseCurrentWindow] successfully performed. @31-10-2021 01:56:36.0900 AM
[ReportManager] Successfully created attachment [Browser Action Test Data - CloseCurrentWindow - Actual Value] @31-10-2021 01:56:36.0941 A
[ReportManager] File Action [GetAbsolutePath] successfully performed. With the following test data [Relative Folder Path: "target/downloadedFiles/"]. @31-10-2021 01:56:37.0066 AM
[ReportManager] Attempting to run locally on: [Mac-64], [Safari], Headless Execution. @31-10-2021 01:56:37.0067 AM
[ReportManager] Successfully Opened Safari. @31-10-2021 01:56:37.0925 AM
[ReportManager] Initial window size: (800, 600) @31-10-2021 01:56:37.0930 AM
[ReportManager] Window size after SWD Maximize: (1176, 811) @31-10-2021 01:56:37.0941 AM
[ReportManager] Browser Action [MaximizeWindow] successfully performed. With the following test data [New screen size is now: (1176, 811)]. @31-10-2021 01:56:37.0941 A

################################################################################################################################################
Starting Execution:	[143 out of 143] test cases in the current suite
Test Method:		[testPackage01.Test_dynamicLoading.dynamicLoading_elementIsRendered]
################################################################################################################################################
[ReportManager] Target URL: [https://the-internet.herokuapp.com/dynamic_loading/2] @31-10-2021 01:56:37.0945 AM
[ReportManager] Initial URL: [] @31-10-2021 01:56:38.0003 AM
[ReportManager] Browser Action [NavigateToURL] successfully performed. With the following test data [https://the-internet.herokuapp.com/dynamic_loading/2]. @31-10-2021 01:56:38.0395 AM
[ReportManager] Element Action [Click] successfully performed. With the following test data [Start]. @31-10-2021 01:56:38.0659 A
[ReportManager] Browser Action [CloseCurrentWindow] successfully performed. @31-10-2021 01:56:38.0967 AM
[ReportManager] Successfully created attachment [Browser Action Test Data - CloseCurrentWindow - Actual Value] @31-10-2021 01:56:39.0008 A

################################################################################################################################################
Test Closure Activities
################################################################################################################################################
[ReportManager] Successfully created attachment [SHAFT Engine Logs - Execution log] @31-10-2021 01:56:39.0140 AM

################################################################################################################################################
This test run was powered by SHAFT Engine Version: [SHAFT Engine v5.4.20211030-BETA]
SHAFT Engine is licensed under the MIT License: [https://github.com/MohabMohie/SHAFT_ENGINE/blob/master/LICENSE].
################################################################################################################################################