################################################################################################################################################
Detected SHAFT Engine Version: [SHAFT Engine v5.3.20210902]
################################################################################################################################################
[ReportManager] File Action [GetAbsolutePath] successfully performed. With the following test data [Relative Folder Path: "target/downloadedFiles/"]. @22-09-2021 01:57:30.0229 AM
[ReportManager] Attempting to run locally on: [Mac-64], [Safari], Headless Execution. @22-09-2021 01:57:30.0241 AM
[ReportManager] Successfully Opened Safari. @22-09-2021 01:57:33.0934 AM
[ReportManager] Initial window size: (800, 600) @22-09-2021 01:57:34.0019 AM
[ReportManager] Window size after SWD Maximize: (1176, 810) @22-09-2021 01:57:34.0075 AM
[ReportManager] Browser Action [MaximizeWindow] successfully performed. With the following test data [New screen size is now: (1176, 810)]. @22-09-2021 01:57:34.0079 A

################################################################################################################################################
Starting Execution:	[1 out of 143] test cases in the current suite
Test Method:		[unitTests.tests_element_elementActions.waitForElementToBePresent_false_expectedToFail]
################################################################################################################################################
[ReportManager] Target URL: [https://www.google.com/ncr], and after redirection: [www.google.com] @22-09-2021 01:57:34.0419 AM
[ReportManager] Initial URL: [] @22-09-2021 01:57:34.0633 AM
[ReportManager] Browser Action [NavigateToURL] successfully performed. With the following test data [https://www.google.com/ncr]. @22-09-2021 01:57:36.0137 AM
[ReportManager] Waiting for element to be present; elementLocator [By.xpath: //*[@id='hplogo' or @alt='Google']], numberOfTries[1], stateOfPresence[false]... @22-09-2021 01:57:36.0153 AM
[ReportManager] Element Action [WaitForElementToBePresent] failed. With the following test data [waited for the element's state of presence to be (false). Element locator (By.xpath: //*[@id='hplogo' or @alt='Google'])]. @22-09-2021 01:57:39.0179 AM
[ReportManager] Successfully created attachment [Screenshot - 1632275856319_waitForElementToBePresent_false_expectedToFail_WaitForElementToBePresent_failed] @22-09-2021 01:57:39.0187 A
[ReportManager] Browser Action [CloseCurrentWindow] successfully performed. @22-09-2021 01:57:39.0478 AM
[ReportManager] Successfully created attachment [Browser Action Test Data - CloseCurrentWindow - Actual Value] @22-09-2021 01:57:39.0479 A
[ReportManager] File Action [GetAbsolutePath] successfully performed. With the following test data [Relative Folder Path: "target/downloadedFiles/"]. @22-09-2021 01:57:39.0492 AM
[ReportManager] Attempting to run locally on: [Mac-64], [Safari], Headless Execution. @22-09-2021 01:57:39.0492 AM
[ReportManager] Successfully Opened Safari. @22-09-2021 01:57:41.0082 AM
[ReportManager] Initial window size: (800, 600) @22-09-2021 01:57:41.0135 AM
[ReportManager] Window size after SWD Maximize: (1176, 811) @22-09-2021 01:57:41.0156 AM
[ReportManager] Browser Action [MaximizeWindow] successfully performed. With the following test data [New screen size is now: (1176, 811)]. @22-09-2021 01:57:41.0167 A

################################################################################################################################################
Starting Execution:	[2 out of 143] test cases in the current suite
Test Method:		[unitTests.tests_element_elementActions.waitForElementToBePresent_false_expectedToPass]
################################################################################################################################################
[ReportManager] Target URL: [https://www.google.com/ncr], and after redirection: [www.google.com] @22-09-2021 01:57:41.0180 AM
[ReportManager] Initial URL: [] @22-09-2021 01:57:41.0226 AM
[ReportManager] Browser Action [NavigateToURL] successfully performed. With the following test data [https://www.google.com/ncr]. @22-09-2021 01:57:42.0172 AM
[ReportManager] Waiting for element to be present; elementLocator [By.id: bla], numberOfTries[1], stateOfPresence[false]... @22-09-2021 01:57:42.0173 AM
[ReportManager] Element Action [WaitForElementToBePresent] successfully performed. With the following test data [waited for the element's state of presence to be (false). Element locator (By.id: bla)]. @22-09-2021 01:57:47.0653 A
[ReportManager] Browser Action [CloseCurrentWindow] successfully performed. @22-09-2021 01:57:47.0928 AM
[ReportManager] Successfully created attachment [Browser Action Test Data - CloseCurrentWindow - Actual Value] @22-09-2021 01:57:47.0929 A
[ReportManager] File Action [GetAbsolutePath] successfully performed. With the following test data [Relative Folder Path: "target/downloadedFiles/"]. @22-09-2021 01:57:47.0935 AM
[ReportManager] Attempting to run locally on: [Mac-64], [Safari], Headless Execution. @22-09-2021 01:57:47.0936 AM
[ReportManager] Successfully Opened Safari. @22-09-2021 01:57:48.0806 AM
[ReportManager] Initial window size: (800, 600) @22-09-2021 01:57:48.0830 AM
[ReportManager] Window size after SWD Maximize: (1176, 811) @22-09-2021 01:57:48.0861 AM
[ReportManager] Browser Action [MaximizeWindow] successfully performed. With the following test data [New screen size is now: (1176, 811)]. @22-09-2021 01:57:48.0865 A

################################################################################################################################################
Starting Execution:	[3 out of 143] test cases in the current suite
Test Method:		[unitTests.tests_element_elementActions.waitForElementToBePresent_moreThanOneElement_expectedToFail]
################################################################################################################################################
[ReportManager] Target URL: [https://www.google.com/ncr], and after redirection: [www.google.com] @22-09-2021 01:57:48.0870 AM
[ReportManager] Initial URL: [] @22-09-2021 01:57:48.0933 AM
[ReportManager] Browser Action [NavigateToURL] successfully performed. With the following test data [https://www.google.com/ncr]. @22-09-2021 01:57:51.0028 AM
[ReportManager] Waiting for element to be present; elementLocator [By.xpath: //*], numberOfTries[1], stateOfPresence[false]... @22-09-2021 01:57:51.0029 AM
[ReportManager] Element Action [WaitForElementToBePresent] failed. With the following test data [waited for the element's state of presence to be (false). Element locator (By.xpath: //*)]. @22-09-2021 01:57:51.0194 AM
[ReportManager] Successfully created attachment [Screenshot - 1632275871100_waitForElementToBePresent_moreThanOneElement_expectedToFail_WaitForElementToBePresent_failed] @22-09-2021 01:57:51.0197 A
[ReportManager] Browser Action [CloseCurrentWindow] successfully performed. @22-09-2021 01:57:51.0336 AM
[ReportManager] Successfully created attachment [Browser Action Test Data - CloseCurrentWindow - Actual Value] @22-09-2021 01:57:51.0337 A
[ReportManager] File Action [GetAbsolutePath] successfully performed. With the following test data [Relative Folder Path: "target/downloadedFiles/"]. @22-09-2021 01:57:51.0343 AM
[ReportManager] Attempting to run locally on: [Mac-64], [Safari], Headless Execution. @22-09-2021 01:57:51.0343 AM
[ReportManager] Successfully Opened Safari. @22-09-2021 01:57:52.0117 AM
[ReportManager] Initial window size: (800, 600) @22-09-2021 01:57:52.0134 AM
[ReportManager] Window size after SWD Maximize: (1176, 811) @22-09-2021 01:57:52.0161 AM
[ReportManager] Browser Action [MaximizeWindow] successfully performed. With the following test data [New screen size is now: (1176, 811)]. @22-09-2021 01:57:52.0163 A

################################################################################################################################################
Starting Execution:	[4 out of 143] test cases in the current suite
Test Method:		[unitTests.tests_element_elementActions.waitForElementToBePresent_true_expectedToFail]
################################################################################################################################################
[ReportManager] Target URL: [https://www.google.com/ncr], and after redirection: [www.google.com] @22-09-2021 01:57:52.0167 AM
[ReportManager] Initial URL: [] @22-09-2021 01:57:52.0226 AM
[ReportManager] Browser Action [NavigateToURL] successfully performed. With the following test data [https://www.google.com/ncr]. @22-09-2021 01:57:54.0425 AM
[ReportManager] Waiting for element to be present; elementLocator [By.id: bla], numberOfTries[1], stateOfPresence[true]... @22-09-2021 01:57:54.0426 AM
[ReportManager] Element Action [WaitForElementToBePresent] failed. With the following test data [waited for the element's state of presence to be (true). Element locator (By.id: bla)]. @22-09-2021 01:57:59.0958 AM
[ReportManager] Successfully created attachment [Screenshot - 1632275879881_waitForElementToBePresent_true_expectedToFail_WaitForElementToBePresent_failed] @22-09-2021 01:57:59.0961 A
[ReportManager] Browser Action [CloseCurrentWindow] successfully performed. @22-09-2021 01:58:00.0148 AM
[ReportManager] Successfully created attachment [Browser Action Test Data - CloseCurrentWindow - Actual Value] @22-09-2021 01:58:00.0150 A
[ReportManager] File Action [GetAbsolutePath] successfully performed. With the following test data [Relative Folder Path: "target/downloadedFiles/"]. @22-09-2021 01:58:00.0155 AM
[ReportManager] Attempting to run locally on: [Mac-64], [Safari], Headless Execution. @22-09-2021 01:58:00.0155 AM
[ReportManager] Successfully Opened Safari. @22-09-2021 01:58:00.0969 AM
[ReportManager] Initial window size: (800, 600) @22-09-2021 01:58:00.0990 AM
[ReportManager] Window size after SWD Maximize: (1176, 811) @22-09-2021 01:58:01.0003 AM
[ReportManager] Browser Action [MaximizeWindow] successfully performed. With the following test data [New screen size is now: (1176, 811)]. @22-09-2021 01:58:01.0004 A

################################################################################################################################################
Starting Execution:	[5 out of 143] test cases in the current suite
Test Method:		[unitTests.tests_element_elementActions.waitForElementToBePresent_true_expectedToPass]
################################################################################################################################################
[ReportManager] Target URL: [https://www.google.com/ncr], and after redirection: [www.google.com] @22-09-2021 01:58:01.0018 AM
[ReportManager] Initial URL: [] @22-09-2021 01:58:01.0083 AM
[ReportManager] Browser Action [NavigateToURL] successfully performed. With the following test data [https://www.google.com/ncr]. @22-09-2021 01:58:02.0511 AM
[ReportManager] Waiting for element to be present; elementLocator [By.xpath: //*[@id='hplogo' or @alt='Google']], numberOfTries[1], stateOfPresence[true]... @22-09-2021 01:58:02.0511 AM
[ReportManager] Element Action [WaitForElementToBePresent] successfully performed. With the following test data [waited for the element's state of presence to be (true). Element locator (By.xpath: //*[@id='hplogo' or @alt='Google'])]. @22-09-2021 01:58:02.0544 AM
[ReportManager] File Action [DoesFileExist] successfully performed. With the following test data [File Path: "src/test/resources/DynamicObjectRepository/unitTests_tests_element_elementActions_waitForElementToBePresent_true_expectedToPass_By_xpath_id_hplogo_or_alt_Google.png"]. @22-09-2021 01:58:02.0560 AM
[ReportManager] File Action [DoesFileExist] successfully performed. With the following test data [File Path: "src/test/resources/DynamicObjectRepository/unitTests_tests_element_elementActions_waitForElementToBePresent_true_expectedToPass_By_xpath_id_hplogo_or_alt_Google.png"]. @22-09-2021 01:58:02.0626 AM
[ReportManager] Passing the test and saving a reference image @22-09-2021 01:58:02.0627 AM
[ReportManager] File Action [GetAbsolutePath] successfully performed. With the following test data [Relative File Path: "src/test/resources/DynamicObjectRepository/unitTests_tests_element_elementActions_waitForElementToBePresent_true_expectedToPass_By_xpath_id_hplogo_or_alt_Google.png"]. @22-09-2021 01:58:02.0627 AM
[ReportManager] File Action [WriteToFile] successfully performed. With the following test data [Target File Path: "/Users/runner/work/SHAFT_ENGINE/SHAFT_ENGINE/src/test/resources/DynamicObjectRepository/unitTests_tests_element_elementActions_waitForElementToBePresent_true_expectedToPass_By_xpath_id_hplogo_or_alt_Google.png"]. @22-09-2021 01:58:02.0628 AM
[ReportManager] Assertion Passed: Using Visual AI; OpenCV @22-09-2021 01:58:02.0630 AM
[ReportManager] Successfully created attachment [Validation Test Data - Actual Screenshot] @22-09-2021 01:58:02.0631 AM
[ReportManager] Assertion [ValidateElementMatches] PASSED. Expected [Element should match the reference screenshot] and Actual [TRUE]. Comparison Type [EXACT_OPENCV]. Validation Type [POSITIVE]. @22-09-2021 01:58:02.0631 A
[ReportManager] Browser Action [CloseCurrentWindow] successfully performed. @22-09-2021 01:58:02.0774 AM
[ReportManager] Successfully created attachment [Browser Action Test Data - CloseCurrentWindow - Actual Value] @22-09-2021 01:58:02.0775 A
[ReportManager] File Action [GetAbsolutePath] successfully performed. With the following test data [Relative Folder Path: "target/downloadedFiles/"]. @22-09-2021 01:58:02.0779 AM
[ReportManager] Attempting to run locally on: [Mac-64], [Safari], Headless Execution. @22-09-2021 01:58:02.0779 AM
[ReportManager] Successfully Opened Safari. @22-09-2021 01:58:03.0634 AM
[ReportManager] Initial window size: (800, 600) @22-09-2021 01:58:03.0777 AM
[ReportManager] Window size after SWD Maximize: (1176, 811) @22-09-2021 01:58:03.0801 AM
[ReportManager] Browser Action [MaximizeWindow] successfully performed. With the following test data [New screen size is now: (1176, 811)]. @22-09-2021 01:58:03.0802 AM
[ReportManager] Target URL: [https://duckduckgo.com] @22-09-2021 01:58:03.0802 AM
[ReportManager] Initial URL: [] @22-09-2021 01:58:03.0847 AM
[ReportManager] Browser Action [NavigateToURL] successfully performed. With the following test data [https://duckduckgo.com]. @22-09-2021 01:58:04.0688 A

################################################################################################################################################
Starting Execution:	[6 out of 143] test cases in the current suite
Test Method:		[unitTests.tests_browserActions.fullScreenWindow]
################################################################################################################################################
[ReportManager] Initial Windows Size: 1176x811 @22-09-2021 01:58:04.0697 AM
[ReportManager] Current Windows Size after fullScreen: 1176x885 @22-09-2021 01:58:04.0900 AM
[ReportManager] Browser Action [FullScreenWindow] successfully performed. @22-09-2021 01:58:04.0923 AM
[ReportManager] Successfully created attachment [Browser Action Test Data - FullScreenWindow - Actual Value] @22-09-2021 01:58:04.0926 A
[ReportManager] Target URL: [https://duckduckgo.com] @22-09-2021 01:58:04.0931 AM
[ReportManager] Initial URL: [https://duckduckgo.com] @22-09-2021 01:58:04.0993 AM
[ReportManager] Browser Action [NavigateToURL] successfully performed. With the following test data [https://duckduckgo.com]. @22-09-2021 01:58:05.0521 AM
[ReportManager] Browser Action [CloseCurrentWindow] successfully performed. @22-09-2021 01:58:05.0623 AM
[ReportManager] Successfully created attachment [Browser Action Test Data - CloseCurrentWindow - Actual Value] @22-09-2021 01:58:05.0625 A
[ReportManager] File Action [GetAbsolutePath] successfully performed. With the following test data [Relative Folder Path: "target/downloadedFiles/"]. @22-09-2021 01:58:05.0629 AM
[ReportManager] Attempting to run locally on: [Mac-64], [Safari], Headless Execution. @22-09-2021 01:58:05.0629 AM
[ReportManager] Successfully Opened Safari. @22-09-2021 01:58:06.0502 AM
[ReportManager] Initial window size: (800, 600) @22-09-2021 01:58:06.0517 AM
[ReportManager] Window size after SWD Maximize: (1176, 811) @22-09-2021 01:58:06.0550 AM
[ReportManager] Browser Action [MaximizeWindow] successfully performed. With the following test data [New screen size is now: (1176, 811)]. @22-09-2021 01:58:06.0550 AM
[ReportManager] Target URL: [https://duckduckgo.com] @22-09-2021 01:58:06.0551 AM
[ReportManager] Initial URL: [] @22-09-2021 01:58:06.0610 AM
[ReportManager] Browser Action [NavigateToURL] successfully performed. With the following test data [https://duckduckgo.com]. @22-09-2021 01:58:07.0607 A

################################################################################################################################################
Starting Execution:	[7 out of 143] test cases in the current suite
Test Method:		[unitTests.tests_browserActions.getCurrentURL]
################################################################################################################################################
[ReportManager] Browser Action [GetCurrentURL] successfully performed. With the following test data [https://duckduckgo.com/]. @22-09-2021 01:58:07.0706 A
[ReportManager] Target URL: [https://duckduckgo.com] @22-09-2021 01:58:07.0750 AM
[ReportManager] Initial URL: [https://duckduckgo.com] @22-09-2021 01:58:07.0809 AM
[ReportManager] Browser Action [NavigateToURL] successfully performed. With the following test data [https://duckduckgo.com]. @22-09-2021 01:58:08.0227 AM
[ReportManager] Browser Action [CloseCurrentWindow] successfully performed. @22-09-2021 01:58:08.0484 AM
[ReportManager] Successfully created attachment [Browser Action Test Data - CloseCurrentWindow - Actual Value] @22-09-2021 01:58:08.0485 A
[ReportManager] File Action [GetAbsolutePath] successfully performed. With the following test data [Relative Folder Path: "target/downloadedFiles/"]. @22-09-2021 01:58:08.0489 AM
[ReportManager] Attempting to run locally on: [Mac-64], [Safari], Headless Execution. @22-09-2021 01:58:08.0490 AM
[ReportManager] Successfully Opened Safari. @22-09-2021 01:58:09.0307 AM
[ReportManager] Initial window size: (800, 600) @22-09-2021 01:58:09.0330 AM
[ReportManager] Window size after SWD Maximize: (1176, 811) @22-09-2021 01:58:09.0350 AM
[ReportManager] Browser Action [MaximizeWindow] successfully performed. With the following test data [New screen size is now: (1176, 811)]. @22-09-2021 01:58:09.0351 AM
[ReportManager] Target URL: [https://duckduckgo.com] @22-09-2021 01:58:09.0351 AM
[ReportManager] Initial URL: [] @22-09-2021 01:58:09.0404 AM
[ReportManager] Browser Action [NavigateToURL] successfully performed. With the following test data [https://duckduckgo.com]. @22-09-2021 01:58:10.0003 A

################################################################################################################################################
Starting Execution:	[8 out of 143] test cases in the current suite
Test Method:		[unitTests.tests_browserActions.getCurrentWindowTitle]
################################################################################################################################################
[ReportManager] Browser Action [GetCurrentWindowTitle] successfully performed. With the following test data [DuckDuckGo â€” Privacy, simplified.]. @22-09-2021 01:58:10.0039 A
[ReportManager] Target URL: [https://duckduckgo.com] @22-09-2021 01:58:10.0042 AM
[ReportManager] Initial URL: [https://duckduckgo.com] @22-09-2021 01:58:10.0150 AM
[ReportManager] Browser Action [NavigateToURL] successfully performed. With the following test data [https://duckduckgo.com]. @22-09-2021 01:58:10.0567 AM
[ReportManager] Browser Action [CloseCurrentWindow] successfully performed. @22-09-2021 01:58:10.0675 AM
[ReportManager] Successfully created attachment [Browser Action Test Data - CloseCurrentWindow - Actual Value] @22-09-2021 01:58:10.0676 A
[ReportManager] File Action [GetAbsolutePath] successfully performed. With the following test data [Relative Folder Path: "target/downloadedFiles/"]. @22-09-2021 01:58:10.0683 AM
[ReportManager] Attempting to run locally on: [Mac-64], [Safari], Headless Execution. @22-09-2021 01:58:10.0684 AM
[ReportManager] Successfully Opened Safari. @22-09-2021 01:58:11.0436 AM
[ReportManager] Initial window size: (800, 600) @22-09-2021 01:58:11.0461 AM
[ReportManager] Window size after SWD Maximize: (1176, 811) @22-09-2021 01:58:11.0490 AM
[ReportManager] Browser Action [MaximizeWindow] successfully performed. With the following test data [New screen size is now: (1176, 811)]. @22-09-2021 01:58:11.0491 AM
[ReportManager] Target URL: [https://duckduckgo.com] @22-09-2021 01:58:11.0491 AM
[ReportManager] Initial URL: [] @22-09-2021 01:58:11.0589 AM
[ReportManager] Browser Action [NavigateToURL] successfully performed. With the following test data [https://duckduckgo.com]. @22-09-2021 01:58:12.0193 A

################################################################################################################################################
Starting Execution:	[9 out of 143] test cases in the current suite
Test Method:		[unitTests.tests_browserActions.getPageSource]
################################################################################################################################################
[ReportManager] Browser Action [GetPageSource] successfully performed. @22-09-2021 01:58:12.0224 AM
[ReportManager] Successfully created attachment [Browser Action Test Data - GetPageSource - Actual Value] @22-09-2021 01:58:12.0225 A
[ReportManager] Target URL: [https://duckduckgo.com] @22-09-2021 01:58:12.0227 AM
[ReportManager] Initial URL: [https://duckduckgo.com] @22-09-2021 01:58:12.0266 AM
[ReportManager] Browser Action [NavigateToURL] successfully performed. With the following test data [https://duckduckgo.com]. @22-09-2021 01:58:12.0593 AM
[ReportManager] Browser Action [CloseCurrentWindow] successfully performed. @22-09-2021 01:58:12.0650 AM
[ReportManager] Successfully created attachment [Browser Action Test Data - CloseCurrentWindow - Actual Value] @22-09-2021 01:58:12.0651 A
[ReportManager] File Action [GetAbsolutePath] successfully performed. With the following test data [Relative Folder Path: "target/downloadedFiles/"]. @22-09-2021 01:58:12.0668 AM
[ReportManager] Attempting to run locally on: [Mac-64], [Safari], Headless Execution. @22-09-2021 01:58:12.0668 AM
[ReportManager] Successfully Opened Safari. @22-09-2021 01:58:13.0484 AM
[ReportManager] Initial window size: (800, 600) @22-09-2021 01:58:13.0497 AM
[ReportManager] Window size after SWD Maximize: (1176, 811) @22-09-2021 01:58:13.0520 AM
[ReportManager] Browser Action [MaximizeWindow] successfully performed. With the following test data [New screen size is now: (1176, 811)]. @22-09-2021 01:58:13.0521 AM
[ReportManager] Target URL: [https://duckduckgo.com] @22-09-2021 01:58:13.0521 AM
[ReportManager] Initial URL: [] @22-09-2021 01:58:13.0625 AM
[ReportManager] Browser Action [NavigateToURL] successfully performed. With the following test data [https://duckduckgo.com]. @22-09-2021 01:58:14.0257 A

################################################################################################################################################
Starting Execution:	[10 out of 143] test cases in the current suite
Test Method:		[unitTests.tests_browserActions.getWindowHandle]
################################################################################################################################################
[ReportManager] Browser Action [GetWindowHandle] successfully performed. With the following test data [page-B6943D1D-B4E4-4179-A84E-CCE59F66181B]. @22-09-2021 01:58:14.0290 A
[ReportManager] Target URL: [https://duckduckgo.com] @22-09-2021 01:58:14.0332 AM
[ReportManager] Initial URL: [https://duckduckgo.com] @22-09-2021 01:58:14.0374 AM
[ReportManager] Browser Action [NavigateToURL] successfully performed. With the following test data [https://duckduckgo.com]. @22-09-2021 01:58:14.0670 AM
[ReportManager] Browser Action [CloseCurrentWindow] successfully performed. @22-09-2021 01:58:14.0904 AM
[ReportManager] Successfully created attachment [Browser Action Test Data - CloseCurrentWindow - Actual Value] @22-09-2021 01:58:14.0905 A
[ReportManager] File Action [GetAbsolutePath] successfully performed. With the following test data [Relative Folder Path: "target/downloadedFiles/"]. @22-09-2021 01:58:14.0909 AM
[ReportManager] Attempting to run locally on: [Mac-64], [Safari], Headless Execution. @22-09-2021 01:58:14.0910 AM
[ReportManager] Successfully Opened Safari. @22-09-2021 01:58:15.0708 AM
[ReportManager] Initial window size: (800, 600) @22-09-2021 01:58:15.0734 AM
[ReportManager] Window size after SWD Maximize: (1176, 811) @22-09-2021 01:58:15.0753 AM
[ReportManager] Browser Action [MaximizeWindow] successfully performed. With the following test data [New screen size is now: (1176, 811)]. @22-09-2021 01:58:15.0754 AM
[ReportManager] Target URL: [https://duckduckgo.com] @22-09-2021 01:58:15.0754 AM
[ReportManager] Initial URL: [] @22-09-2021 01:58:15.0832 AM
[ReportManager] Browser Action [NavigateToURL] successfully performed. With the following test data [https://duckduckgo.com]. @22-09-2021 01:58:16.0495 A

################################################################################################################################################
Starting Execution:	[11 out of 143] test cases in the current suite
Test Method:		[unitTests.tests_browserActions.getWindowPosition]
################################################################################################################################################
[ReportManager] Browser Action [GetWindowPosition] successfully performed. With the following test data [(0, 23)]. @22-09-2021 01:58:16.0525 A
[ReportManager] Target URL: [https://duckduckgo.com] @22-09-2021 01:58:16.0529 AM
[ReportManager] Initial URL: [https://duckduckgo.com] @22-09-2021 01:58:16.0572 AM
[ReportManager] Browser Action [NavigateToURL] successfully performed. With the following test data [https://duckduckgo.com]. @22-09-2021 01:58:16.0873 AM
[ReportManager] Browser Action [CloseCurrentWindow] successfully performed. @22-09-2021 01:58:17.0101 AM
[ReportManager] Successfully created attachment [Browser Action Test Data - CloseCurrentWindow - Actual Value] @22-09-2021 01:58:17.0101 A
[ReportManager] File Action [GetAbsolutePath] successfully performed. With the following test data [Relative Folder Path: "target/downloadedFiles/"]. @22-09-2021 01:58:17.0104 AM
[ReportManager] Attempting to run locally on: [Mac-64], [Safari], Headless Execution. @22-09-2021 01:58:17.0104 AM
[ReportManager] Successfully Opened Safari. @22-09-2021 01:58:17.0871 AM
[ReportManager] Initial window size: (800, 600) @22-09-2021 01:58:17.0926 AM
[ReportManager] Window size after SWD Maximize: (1176, 811) @22-09-2021 01:58:17.0982 AM
[ReportManager] Browser Action [MaximizeWindow] successfully performed. With the following test data [New screen size is now: (1176, 811)]. @22-09-2021 01:58:17.0983 AM
[ReportManager] Target URL: [https://duckduckgo.com] @22-09-2021 01:58:17.0983 AM
[ReportManager] Initial URL: [] @22-09-2021 01:58:18.0021 AM
[ReportManager] Browser Action [NavigateToURL] successfully performed. With the following test data [https://duckduckgo.com]. @22-09-2021 01:58:18.0687 A

################################################################################################################################################
Starting Execution:	[12 out of 143] test cases in the current suite
Test Method:		[unitTests.tests_browserActions.getWindowSize]
################################################################################################################################################
[ReportManager] Browser Action [GetWindowSize] successfully performed. With the following test data [(1176, 811)]. @22-09-2021 01:58:18.0753 A
[ReportManager] Target URL: [https://duckduckgo.com] @22-09-2021 01:58:18.0756 AM
[ReportManager] Initial URL: [https://duckduckgo.com] @22-09-2021 01:58:18.0918 AM
[ReportManager] Browser Action [NavigateToURL] successfully performed. With the following test data [https://duckduckgo.com]. @22-09-2021 01:58:19.0272 AM
[ReportManager] Browser Action [CloseCurrentWindow] successfully performed. @22-09-2021 01:58:19.0337 AM
[ReportManager] Successfully created attachment [Browser Action Test Data - CloseCurrentWindow - Actual Value] @22-09-2021 01:58:19.0344 A
[ReportManager] File Action [GetAbsolutePath] successfully performed. With the following test data [Relative Folder Path: "target/downloadedFiles/"]. @22-09-2021 01:58:19.0353 AM
[ReportManager] Attempting to run locally on: [Mac-64], [Safari], Headless Execution. @22-09-2021 01:58:19.0353 AM
[ReportManager] Successfully Opened Safari. @22-09-2021 01:58:20.0199 AM
[ReportManager] Initial window size: (800, 600) @22-09-2021 01:58:20.0212 AM
[ReportManager] Window size after SWD Maximize: (1176, 811) @22-09-2021 01:58:20.0238 AM
[ReportManager] Browser Action [MaximizeWindow] successfully performed. With the following test data [New screen size is now: (1176, 811)]. @22-09-2021 01:58:20.0238 AM
[ReportManager] Target URL: [https://duckduckgo.com] @22-09-2021 01:58:20.0238 AM
[ReportManager] Initial URL: [] @22-09-2021 01:58:20.0290 AM
[ReportManager] Browser Action [NavigateToURL] successfully performed. With the following test data [https://duckduckgo.com]. @22-09-2021 01:58:20.0989 A

################################################################################################################################################
Starting Execution:	[13 out of 143] test cases in the current suite
Test Method:		[unitTests.tests_browserActions.maximizeWindow]
################################################################################################################################################
[ReportManager] Initial window size: (1176, 811) @22-09-2021 01:58:21.0002 AM
[ReportManager] Window size after SWD Maximize: (1176, 811) @22-09-2021 01:58:21.0014 AM
[ReportManager] Window size after Toolkit: (1920, 1080) @22-09-2021 01:58:21.0058 AM
[ReportManager] Browser Action [MaximizeWindow] successfully performed. With the following test data [New screen size is now: (1920, 1080)]. @22-09-2021 01:58:21.0063 A
[ReportManager] Target URL: [https://duckduckgo.com] @22-09-2021 01:58:21.0065 AM
[ReportManager] Initial URL: [https://duckduckgo.com] @22-09-2021 01:58:21.0132 AM
[ReportManager] Browser Action [NavigateToURL] successfully performed. With the following test data [https://duckduckgo.com]. @22-09-2021 01:58:21.0468 AM
[ReportManager] Browser Action [CloseCurrentWindow] successfully performed. @22-09-2021 01:58:21.0608 AM
[ReportManager] Successfully created attachment [Browser Action Test Data - CloseCurrentWindow - Actual Value] @22-09-2021 01:58:21.0609 A
[ReportManager] File Action [GetAbsolutePath] successfully performed. With the following test data [Relative Folder Path: "target/downloadedFiles/"]. @22-09-2021 01:58:21.0613 AM
[ReportManager] Attempting to run locally on: [Mac-64], [Safari], Headless Execution. @22-09-2021 01:58:21.0613 AM
[ReportManager] Successfully Opened Safari. @22-09-2021 01:58:22.0581 AM
[ReportManager] Initial window size: (800, 600) @22-09-2021 01:58:22.0612 AM
[ReportManager] Window size after SWD Maximize: (1176, 811) @22-09-2021 01:58:22.0636 AM
[ReportManager] Browser Action [MaximizeWindow] successfully performed. With the following test data [New screen size is now: (1176, 811)]. @22-09-2021 01:58:22.0637 AM
[ReportManager] Target URL: [https://duckduckgo.com] @22-09-2021 01:58:22.0637 AM
[ReportManager] Initial URL: [] @22-09-2021 01:58:22.0685 AM
[ReportManager] Browser Action [NavigateToURL] successfully performed. With the following test data [https://duckduckgo.com]. @22-09-2021 01:58:23.0331 A

################################################################################################################################################
Starting Execution:	[14 out of 143] test cases in the current suite
Test Method:		[unitTests.tests_browserActions.navigateBack]
################################################################################################################################################
[ReportManager] Target URL: [https://www.google.com/ncr], and after redirection: [https://www.google.com] @22-09-2021 01:58:23.0334 AM
[ReportManager] Initial URL: [https://duckduckgo.com] @22-09-2021 01:58:23.0373 AM
[ReportManager] Browser Action [NavigateToURL] successfully performed. With the following test data [https://www.google.com/ncr]. @22-09-2021 01:58:24.0756 AM
[ReportManager] Browser Action [NavigateBack] successfully performed. With the following test data [https://duckduckgo.com/]. @22-09-2021 01:58:24.0904 AM
[ReportManager] Browser Action [GetCurrentURL] successfully performed. With the following test data [https://duckduckgo.com/]. @22-09-2021 01:58:24.0931 AM
[ReportManager] Assertion Passed: Confirming that navigating back was successful @22-09-2021 01:58:25.0063 AM
[ReportManager] Successfully created attachment [Screenshot - 1632275904974_navigateBack_ValidateBrowserAttribute_passed] @22-09-2021 01:58:25.0066 AM
[ReportManager] Assertion [ValidateBrowserAttribute] PASSED. Expected [Value Should be 'https://duckduckgo.com' for the 'CurrentUrl' attribute] and Actual [https://duckduckgo.com/]. Comparison Type [CONTAINS]. Validation Type [POSITIVE]. @22-09-2021 01:58:25.0066 A
[ReportManager] Target URL: [https://duckduckgo.com] @22-09-2021 01:58:25.0068 AM
[ReportManager] Initial URL: [https://duckduckgo.com] @22-09-2021 01:58:25.0106 AM
[ReportManager] Browser Action [NavigateToURL] successfully performed. With the following test data [https://duckduckgo.com]. @22-09-2021 01:58:25.0408 AM
[ReportManager] Browser Action [CloseCurrentWindow] successfully performed. @22-09-2021 01:58:25.0546 AM
[ReportManager] Successfully created attachment [Browser Action Test Data - CloseCurrentWindow - Actual Value] @22-09-2021 01:58:25.0547 A
[ReportManager] File Action [GetAbsolutePath] successfully performed. With the following test data [Relative Folder Path: "target/downloadedFiles/"]. @22-09-2021 01:58:25.0550 AM
[ReportManager] Attempting to run locally on: [Mac-64], [Safari], Headless Execution. @22-09-2021 01:58:25.0550 AM
[ReportManager] Successfully Opened Safari. @22-09-2021 01:58:26.0313 AM
[ReportManager] Initial window size: (800, 600) @22-09-2021 01:58:26.0335 AM
[ReportManager] Window size after SWD Maximize: (1176, 811) @22-09-2021 01:58:26.0347 AM
[ReportManager] Browser Action [MaximizeWindow] successfully performed. With the following test data [New screen size is now: (1176, 811)]. @22-09-2021 01:58:26.0348 AM
[ReportManager] Target URL: [https://duckduckgo.com] @22-09-2021 01:58:26.0348 AM
[ReportManager] Initial URL: [] @22-09-2021 01:58:26.0451 AM
[ReportManager] Browser Action [NavigateToURL] successfully performed. With the following test data [https://duckduckgo.com]. @22-09-2021 01:58:27.0027 A

################################################################################################################################################
Starting Execution:	[15 out of 143] test cases in the current suite
Test Method:		[unitTests.tests_browserActions.navigateForward]
################################################################################################################################################
[ReportManager] Target URL: [https://www.google.com/ncr], and after redirection: [https://www.google.com] @22-09-2021 01:58:27.0056 AM
[ReportManager] Initial URL: [https://duckduckgo.com] @22-09-2021 01:58:27.0101 AM
[ReportManager] Browser Action [NavigateToURL] successfully performed. With the following test data [https://www.google.com/ncr]. @22-09-2021 01:58:27.0885 AM
[ReportManager] Browser Action [NavigateBack] successfully performed. With the following test data [https://duckduckgo.com/]. @22-09-2021 01:58:28.0026 AM
[ReportManager] Browser Action [NavigateForward] successfully performed. With the following test data [https://www.google.com/]. @22-09-2021 01:58:28.0153 A
[ReportManager] Target URL: [https://duckduckgo.com] @22-09-2021 01:58:28.0156 AM
[ReportManager] Initial URL: [https://www.google.com] @22-09-2021 01:58:28.0203 AM
[ReportManager] Browser Action [NavigateToURL] successfully performed. With the following test data [https://duckduckgo.com]. @22-09-2021 01:58:28.0539 AM
[ReportManager] Browser Action [CloseCurrentWindow] successfully performed. @22-09-2021 01:58:28.0722 AM
[ReportManager] Successfully created attachment [Browser Action Test Data - CloseCurrentWindow - Actual Value] @22-09-2021 01:58:28.0722 A
[ReportManager] File Action [GetAbsolutePath] successfully performed. With the following test data [Relative Folder Path: "target/downloadedFiles/"]. @22-09-2021 01:58:28.0726 AM
[ReportManager] Attempting to run locally on: [Mac-64], [Safari], Headless Execution. @22-09-2021 01:58:28.0726 AM
[ReportManager] Successfully Opened Safari. @22-09-2021 01:58:29.0557 AM
[ReportManager] Initial window size: (800, 600) @22-09-2021 01:58:29.0568 AM
[ReportManager] Window size after SWD Maximize: (1176, 811) @22-09-2021 01:58:29.0592 AM
[ReportManager] Browser Action [MaximizeWindow] successfully performed. With the following test data [New screen size is now: (1176, 811)]. @22-09-2021 01:58:29.0592 AM
[ReportManager] Target URL: [https://duckduckgo.com] @22-09-2021 01:58:29.0592 AM
[ReportManager] Initial URL: [] @22-09-2021 01:58:29.0647 AM
[ReportManager] Browser Action [NavigateToURL] successfully performed. With the following test data [https://duckduckgo.com]. @22-09-2021 01:58:30.0380 A

################################################################################################################################################
Starting Execution:	[16 out of 143] test cases in the current suite
Test Method:		[unitTests.tests_browserActions.navigateToURL]
################################################################################################################################################
[ReportManager] Target URL: [https://duckduckgo.com] @22-09-2021 01:58:30.0383 AM
[ReportManager] Initial URL: [https://duckduckgo.com] @22-09-2021 01:58:30.0425 AM
[ReportManager] Browser Action [NavigateToURL] successfully performed. With the following test data [https://duckduckgo.com]. @22-09-2021 01:58:30.0739 A
[ReportManager] Target URL: [https://duckduckgo.com] @22-09-2021 01:58:30.0746 AM
[ReportManager] Initial URL: [https://duckduckgo.com] @22-09-2021 01:58:30.0784 AM
[ReportManager] Browser Action [NavigateToURL] successfully performed. With the following test data [https://duckduckgo.com]. @22-09-2021 01:58:31.0106 AM
[ReportManager] Browser Action [CloseCurrentWindow] successfully performed. @22-09-2021 01:58:31.0153 AM
[ReportManager] Successfully created attachment [Browser Action Test Data - CloseCurrentWindow - Actual Value] @22-09-2021 01:58:31.0154 A
[ReportManager] File Action [GetAbsolutePath] successfully performed. With the following test data [Relative Folder Path: "target/downloadedFiles/"]. @22-09-2021 01:58:31.0169 AM
[ReportManager] Attempting to run locally on: [Mac-64], [Safari], Headless Execution. @22-09-2021 01:58:31.0169 AM
[ReportManager] Successfully Opened Safari. @22-09-2021 01:58:32.0034 AM
[ReportManager] Initial window size: (800, 600) @22-09-2021 01:58:32.0058 AM
[ReportManager] Window size after SWD Maximize: (1176, 811) @22-09-2021 01:58:32.0087 AM
[ReportManager] Browser Action [MaximizeWindow] successfully performed. With the following test data [New screen size is now: (1176, 811)]. @22-09-2021 01:58:32.0087 AM
[ReportManager] Target URL: [https://duckduckgo.com] @22-09-2021 01:58:32.0087 AM
[ReportManager] Initial URL: [] @22-09-2021 01:58:32.0157 AM
[ReportManager] Browser Action [NavigateToURL] successfully performed. With the following test data [https://duckduckgo.com]. @22-09-2021 01:58:32.0795 A

################################################################################################################################################
Starting Execution:	[17 out of 143] test cases in the current suite
Test Method:		[unitTests.tests_browserActions.navigateToURLWithRedirection]
################################################################################################################################################
[ReportManager] Target URL: [https://www.google.com/ncr], and after redirection: [https://www.google.com] @22-09-2021 01:58:32.0801 AM
[ReportManager] Initial URL: [https://duckduckgo.com] @22-09-2021 01:58:32.0838 AM
[ReportManager] Browser Action [NavigateToURL] successfully performed. With the following test data [https://www.google.com/ncr]. @22-09-2021 01:58:33.0702 A
[ReportManager] Target URL: [https://duckduckgo.com] @22-09-2021 01:58:33.0704 AM
[ReportManager] Initial URL: [https://www.google.com] @22-09-2021 01:58:33.0739 AM
[ReportManager] Browser Action [NavigateToURL] successfully performed. With the following test data [https://duckduckgo.com]. @22-09-2021 01:58:34.0037 AM
[ReportManager] Browser Action [CloseCurrentWindow] successfully performed. @22-09-2021 01:58:34.0141 AM
[ReportManager] Successfully created attachment [Browser Action Test Data - CloseCurrentWindow - Actual Value] @22-09-2021 01:58:34.0183 A
[ReportManager] File Action [GetAbsolutePath] successfully performed. With the following test data [Relative Folder Path: "target/downloadedFiles/"]. @22-09-2021 01:58:34.0186 AM
[ReportManager] Attempting to run locally on: [Mac-64], [Safari], Headless Execution. @22-09-2021 01:58:34.0186 AM
[ReportManager] Successfully Opened Safari. @22-09-2021 01:58:34.0964 AM
[ReportManager] Initial window size: (800, 600) @22-09-2021 01:58:34.0999 AM
[ReportManager] Window size after SWD Maximize: (1176, 811) @22-09-2021 01:58:35.0022 AM
[ReportManager] Browser Action [MaximizeWindow] successfully performed. With the following test data [New screen size is now: (1176, 811)]. @22-09-2021 01:58:35.0023 AM
[ReportManager] Target URL: [https://duckduckgo.com] @22-09-2021 01:58:35.0023 AM
[ReportManager] Initial URL: [] @22-09-2021 01:58:35.0092 AM
[ReportManager] Browser Action [NavigateToURL] successfully performed. With the following test data [https://duckduckgo.com]. @22-09-2021 01:58:35.0686 A

################################################################################################################################################
Starting Execution:	[18 out of 143] test cases in the current suite
Test Method:		[unitTests.tests_browserActions.refreshCurrentPage]
################################################################################################################################################
[ReportManager] Browser Action [RefreshCurrentPage] successfully performed. @22-09-2021 01:58:35.0942 AM
[ReportManager] Successfully created attachment [Browser Action Test Data - RefreshCurrentPage - Actual Value] @22-09-2021 01:58:35.0943 A
[ReportManager] Target URL: [https://duckduckgo.com] @22-09-2021 01:58:35.0946 AM
[ReportManager] Initial URL: [https://duckduckgo.com] @22-09-2021 01:58:35.0983 AM
[ReportManager] Browser Action [NavigateToURL] successfully performed. With the following test data [https://duckduckgo.com]. @22-09-2021 01:58:36.0309 AM
[ReportManager] Browser Action [CloseCurrentWindow] successfully performed. @22-09-2021 01:58:36.0377 AM
[ReportManager] Successfully created attachment [Browser Action Test Data - CloseCurrentWindow - Actual Value] @22-09-2021 01:58:36.0378 A
[ReportManager] File Action [GetAbsolutePath] successfully performed. With the following test data [Relative Folder Path: "target/downloadedFiles/"]. @22-09-2021 01:58:36.0381 AM
[ReportManager] Attempting to run locally on: [Mac-64], [Safari], Headless Execution. @22-09-2021 01:58:36.0382 AM
[ReportManager] Successfully Opened Safari. @22-09-2021 01:58:37.0196 AM
[ReportManager] Initial window size: (800, 600) @22-09-2021 01:58:37.0219 AM
[ReportManager] Window size after SWD Maximize: (1176, 811) @22-09-2021 01:58:37.0235 AM
[ReportManager] Browser Action [MaximizeWindow] successfully performed. With the following test data [New screen size is now: (1176, 811)]. @22-09-2021 01:58:37.0236 AM
[ReportManager] Target URL: [https://duckduckgo.com] @22-09-2021 01:58:37.0236 AM
[ReportManager] Initial URL: [] @22-09-2021 01:58:37.0289 AM
[ReportManager] Browser Action [NavigateToURL] successfully performed. With the following test data [https://duckduckgo.com]. @22-09-2021 01:58:37.0984 A

################################################################################################################################################
Starting Execution:	[19 out of 143] test cases in the current suite
Test Method:		[unitTests.tests_browserActions.setWindowSize]
################################################################################################################################################
[ReportManager] Initial window size: (1176, 811) @22-09-2021 01:58:37.0992 AM
[ReportManager] Window size after SWD: (1280, 720) @22-09-2021 01:58:38.0032 AM
[ReportManager] Browser Action [SetWindowSize] successfully performed. With the following test data [New screen size is now: (1280, 720)]. @22-09-2021 01:58:38.0033 A
[ReportManager] Target URL: [https://duckduckgo.com] @22-09-2021 01:58:38.0035 AM
[ReportManager] Initial URL: [https://duckduckgo.com] @22-09-2021 01:58:38.0094 AM
[ReportManager] Browser Action [NavigateToURL] successfully performed. With the following test data [https://duckduckgo.com]. @22-09-2021 01:58:38.0423 AM
[ReportManager] Browser Action [CloseCurrentWindow] successfully performed. @22-09-2021 01:58:38.0639 AM
[ReportManager] Successfully created attachment [Browser Action Test Data - CloseCurrentWindow - Actual Value] @22-09-2021 01:58:38.0640 A
[ReportManager] Successfully loaded the following test data file [src/test/resources/TestDataFiles/testSuite01/TestData.xlsx]. @22-09-2021 01:58:39.0772 AM
[ReportManager] Successfully created attachment [Test Data - Excel] @22-09-2021 01:58:39.0773 A

################################################################################################################################################
Starting Execution:	[20 out of 143] test cases in the current suite
Test Method:		[unitTests.tests_io_excelFileManager.getCellData_rowName_expectedToPass]
################################################################################################################################################
[ReportManager] testRowData. @22-09-2021 01:58:39.0795 A

################################################################################################################################################
Starting Execution:	[21 out of 143] test cases in the current suite
Test Method:		[unitTests.tests_validations_assertions.assertComparativeRelation_greaterThanOrEquals_false_equals_expectedToFail]
################################################################################################################################################
[ReportManager] Assertion [ValidateComparativeRelation] FAILED. Expected [1] and Actual [1]. Comparison Type [GREATER_THAN_OR_EQUALS]. Validation Type [NEGATIVE]. @22-09-2021 01:58:39.0801 A

################################################################################################################################################
Starting Execution:	[22 out of 143] test cases in the current suite
Test Method:		[unitTests.tests_validations_assertions.assertComparativeRelation_greaterThanOrEquals_false_equals_expectedToPass]
################################################################################################################################################
[ReportManager] Assertion [ValidateComparativeRelation] PASSED. Expected [2] and Actual [1]. Comparison Type [GREATER_THAN_OR_EQUALS]. Validation Type [NEGATIVE]. @22-09-2021 01:58:39.0805 A

################################################################################################################################################
Starting Execution:	[23 out of 143] test cases in the current suite
Test Method:		[unitTests.tests_validations_assertions.assertComparativeRelation_greaterThanOrEquals_false_greaterThan_expectedToFail]
################################################################################################################################################
[ReportManager] Assertion [ValidateComparativeRelation] FAILED. Expected [1] and Actual [2]. Comparison Type [GREATER_THAN_OR_EQUALS]. Validation Type [NEGATIVE]. @22-09-2021 01:58:39.0810 A

################################################################################################################################################
Starting Execution:	[24 out of 143] test cases in the current suite
Test Method:		[unitTests.tests_validations_assertions.assertComparativeRelation_greaterThanOrEquals_false_greaterThan_expectedToPass]
################################################################################################################################################
[ReportManager] Assertion [ValidateComparativeRelation] PASSED. Expected [2] and Actual [1]. Comparison Type [GREATER_THAN_OR_EQUALS]. Validation Type [NEGATIVE]. @22-09-2021 01:58:39.0815 A

################################################################################################################################################
Starting Execution:	[25 out of 143] test cases in the current suite
Test Method:		[unitTests.tests_validations_assertions.assertComparativeRelation_greaterThanOrEquals_true_equals_expectedToFail]
################################################################################################################################################
[ReportManager] Assertion [ValidateComparativeRelation] FAILED. Expected [1] and Actual [0]. Comparison Type [GREATER_THAN_OR_EQUALS]. Validation Type [POSITIVE]. @22-09-2021 01:58:39.0819 A

################################################################################################################################################
Starting Execution:	[26 out of 143] test cases in the current suite
Test Method:		[unitTests.tests_validations_assertions.assertComparativeRelation_greaterThanOrEquals_true_equals_expectedToPass]
################################################################################################################################################
[ReportManager] Assertion [ValidateComparativeRelation] PASSED. Expected [1] and Actual [1]. Comparison Type [GREATER_THAN_OR_EQUALS]. Validation Type [POSITIVE]. @22-09-2021 01:58:39.0837 A

################################################################################################################################################
Starting Execution:	[27 out of 143] test cases in the current suite
Test Method:		[unitTests.tests_validations_assertions.assertComparativeRelation_greaterThanOrEquals_true_greaterThan_expectedToFail]
################################################################################################################################################
[ReportManager] Assertion [ValidateComparativeRelation] FAILED. Expected [2] and Actual [1]. Comparison Type [GREATER_THAN_OR_EQUALS]. Validation Type [POSITIVE]. @22-09-2021 01:58:39.0841 A

################################################################################################################################################
Starting Execution:	[28 out of 143] test cases in the current suite
Test Method:		[unitTests.tests_validations_assertions.assertComparativeRelation_greaterThanOrEquals_true_greaterThan_expectedToPass]
################################################################################################################################################
[ReportManager] Assertion [ValidateComparativeRelation] PASSED. Expected [1] and Actual [2]. Comparison Type [GREATER_THAN_OR_EQUALS]. Validation Type [POSITIVE]. @22-09-2021 01:58:39.0845 A
[ReportManager] File Action [GetAbsolutePath] successfully performed. With the following test data [Relative Folder Path: "target/downloadedFiles/"]. @22-09-2021 01:58:39.0850 AM
[ReportManager] Attempting to run locally on: [Mac-64], [Safari], Headless Execution. @22-09-2021 01:58:39.0850 AM
[ReportManager] Successfully Opened Safari. @22-09-2021 01:58:40.0686 AM
[ReportManager] Initial window size: (800, 600) @22-09-2021 01:58:40.0745 AM
[ReportManager] Window size after SWD Maximize: (1176, 811) @22-09-2021 01:58:40.0803 AM
[ReportManager] Browser Action [MaximizeWindow] successfully performed. With the following test data [New screen size is now: (1176, 811)]. @22-09-2021 01:58:40.0804 AM
[ReportManager] Target URL: [https://www.google.com/ncr], and after redirection: [www.google.com] @22-09-2021 01:58:40.0804 AM
[ReportManager] Initial URL: [] @22-09-2021 01:58:40.0870 AM
[ReportManager] Browser Action [NavigateToURL] successfully performed. With the following test data [https://www.google.com/ncr]. @22-09-2021 01:58:42.0324 A

################################################################################################################################################
Starting Execution:	[29 out of 143] test cases in the current suite
Test Method:		[unitTests.tests_validations_assertions.assertElementAttribute_false_caseInsensitiveComparison_expectedToFail]
################################################################################################################################################
[ReportManager] Element Action [Type] successfully performed. With the following test data [AUTOMATION]. @22-09-2021 01:58:43.0123 AM
[ReportManager] Element Action [GetText] successfully performed. With the following test data [AUTOMATION]. @22-09-2021 01:58:43.0201 AM
[ReportManager] Loaded Shared OpenCV @22-09-2021 01:58:45.0363 AM
[ReportManager] Assertion [ValidateElementAttribute] FAILED. Expected [Value Should not be 'AutomaTion' for the 'text' attribute, element locator 'By.name: q'] and Actual [AUTOMATION]. Comparison Type [CASE_INSENSITIVE]. Validation Type [NEGATIVE]. @22-09-2021 01:58:45.0695 AM
[ReportManager] Successfully created attachment [Screenshot - 1632275923334_assertElementAttribute_false_caseInsensitiveComparison_expectedToFail_ValidateElementAttribute_failed] @22-09-2021 01:58:45.0699 A
[ReportManager] Browser Action [CloseCurrentWindow] successfully performed. @22-09-2021 01:58:45.0820 AM
[ReportManager] Successfully created attachment [Browser Action Test Data - CloseCurrentWindow - Actual Value] @22-09-2021 01:58:45.0823 A
[ReportManager] File Action [GetAbsolutePath] successfully performed. With the following test data [Relative Folder Path: "target/downloadedFiles/"]. @22-09-2021 01:58:45.0828 AM
[ReportManager] Attempting to run locally on: [Mac-64], [Safari], Headless Execution. @22-09-2021 01:58:45.0828 AM
[ReportManager] Successfully Opened Safari. @22-09-2021 01:58:46.0596 AM
[ReportManager] Initial window size: (800, 600) @22-09-2021 01:58:46.0628 AM
[ReportManager] Window size after SWD Maximize: (1176, 811) @22-09-2021 01:58:46.0646 AM
[ReportManager] Browser Action [MaximizeWindow] successfully performed. With the following test data [New screen size is now: (1176, 811)]. @22-09-2021 01:58:46.0647 AM
[ReportManager] Target URL: [https://www.google.com/ncr], and after redirection: [www.google.com] @22-09-2021 01:58:46.0647 AM
[ReportManager] Initial URL: [] @22-09-2021 01:58:46.0717 AM
[ReportManager] Browser Action [NavigateToURL] successfully performed. With the following test data [https://www.google.com/ncr]. @22-09-2021 01:58:48.0090 A

################################################################################################################################################
Starting Execution:	[30 out of 143] test cases in the current suite
Test Method:		[unitTests.tests_validations_assertions.assertElementAttribute_false_caseInsensitiveComparison_expectedToPass]
################################################################################################################################################
[ReportManager] Element Action [Type] successfully performed. With the following test data [AUTOMATION]. @22-09-2021 01:58:48.0485 AM
[ReportManager] Element Action [GetText] successfully performed. With the following test data [AUTOMATION]. @22-09-2021 01:58:48.0549 AM
[ReportManager] Loaded Shared OpenCV @22-09-2021 01:58:48.0612 AM
[ReportManager] Assertion [ValidateElementAttribute] PASSED. Expected [Value Should not be 'AutomaTion123' for the 'text' attribute, element locator 'By.name: q'] and Actual [AUTOMATION]. Comparison Type [CASE_INSENSITIVE]. Validation Type [NEGATIVE]. @22-09-2021 01:58:48.0717 AM
[ReportManager] Successfully created attachment [Screenshot - 1632275928612_assertElementAttribute_false_caseInsensitiveComparison_expectedToPass_ValidateElementAttribute_passed] @22-09-2021 01:58:48.0719 A
[ReportManager] Browser Action [CloseCurrentWindow] successfully performed. @22-09-2021 01:58:48.0848 AM
[ReportManager] Successfully created attachment [Browser Action Test Data - CloseCurrentWindow - Actual Value] @22-09-2021 01:58:48.0850 A
[ReportManager] File Action [GetAbsolutePath] successfully performed. With the following test data [Relative Folder Path: "target/downloadedFiles/"]. @22-09-2021 01:58:48.0855 AM
[ReportManager] Attempting to run locally on: [Mac-64], [Safari], Headless Execution. @22-09-2021 01:58:48.0855 AM
[ReportManager] Successfully Opened Safari. @22-09-2021 01:58:49.0667 AM
[ReportManager] Initial window size: (800, 600) @22-09-2021 01:58:49.0696 AM
[ReportManager] Window size after SWD Maximize: (1176, 811) @22-09-2021 01:58:49.0719 AM
[ReportManager] Browser Action [MaximizeWindow] successfully performed. With the following test data [New screen size is now: (1176, 811)]. @22-09-2021 01:58:49.0720 AM
[ReportManager] Target URL: [https://www.google.com/ncr], and after redirection: [www.google.com] @22-09-2021 01:58:49.0720 AM
[ReportManager] Initial URL: [] @22-09-2021 01:58:49.0778 AM
[ReportManager] Browser Action [NavigateToURL] successfully performed. With the following test data [https://www.google.com/ncr]. @22-09-2021 01:58:50.0620 A

################################################################################################################################################
Starting Execution:	[31 out of 143] test cases in the current suite
Test Method:		[unitTests.tests_validations_assertions.assertElementAttribute_false_containsComparison_expectedToFail]
################################################################################################################################################
[ReportManager] Element Action [Type] successfully performed. With the following test data [Automation123]. @22-09-2021 01:58:51.0124 AM
[ReportManager] Element Action [GetText] successfully performed. With the following test data [Automation123]. @22-09-2021 01:58:51.0189 AM
[ReportManager] Loaded Shared OpenCV @22-09-2021 01:58:51.0266 AM
[ReportManager] Assertion [ValidateElementAttribute] FAILED. Expected [Value Should not be 'Automation' for the 'text' attribute, element locator 'By.name: q'] and Actual [Automation123]. Comparison Type [CONTAINS]. Validation Type [NEGATIVE]. @22-09-2021 01:58:51.0367 AM
[ReportManager] Successfully created attachment [Screenshot - 1632275931266_assertElementAttribute_false_containsComparison_expectedToFail_ValidateElementAttribute_failed] @22-09-2021 01:58:51.0368 A
[ReportManager] Browser Action [CloseCurrentWindow] successfully performed. @22-09-2021 01:58:51.0476 AM
[ReportManager] Successfully created attachment [Browser Action Test Data - CloseCurrentWindow - Actual Value] @22-09-2021 01:58:51.0477 A
[ReportManager] File Action [GetAbsolutePath] successfully performed. With the following test data [Relative Folder Path: "target/downloadedFiles/"]. @22-09-2021 01:58:51.0482 AM
[ReportManager] Attempting to run locally on: [Mac-64], [Safari], Headless Execution. @22-09-2021 01:58:51.0483 AM
[ReportManager] Successfully Opened Safari. @22-09-2021 01:58:52.0253 AM
[ReportManager] Initial window size: (800, 600) @22-09-2021 01:58:52.0278 AM
[ReportManager] Window size after SWD Maximize: (1176, 811) @22-09-2021 01:58:52.0298 AM
[ReportManager] Browser Action [MaximizeWindow] successfully performed. With the following test data [New screen size is now: (1176, 811)]. @22-09-2021 01:58:52.0298 AM
[ReportManager] Target URL: [https://www.google.com/ncr], and after redirection: [www.google.com] @22-09-2021 01:58:52.0298 AM
[ReportManager] Initial URL: [] @22-09-2021 01:58:52.0358 AM
[ReportManager] Browser Action [NavigateToURL] successfully performed. With the following test data [https://www.google.com/ncr]. @22-09-2021 01:58:53.0750 A

################################################################################################################################################
Starting Execution:	[32 out of 143] test cases in the current suite
Test Method:		[unitTests.tests_validations_assertions.assertElementAttribute_false_containsComparison_expectedToPass]
################################################################################################################################################
[ReportManager] Element Action [Type] successfully performed. With the following test data [Automation123]. @22-09-2021 01:58:54.0200 AM
[ReportManager] Element Action [GetText] successfully performed. With the following test data [Automation123]. @22-09-2021 01:58:54.0253 AM
[ReportManager] Loaded Shared OpenCV @22-09-2021 01:58:54.0314 AM
[ReportManager] Assertion [ValidateElementAttribute] PASSED. Expected [Value Should not be 'Automation1234' for the 'text' attribute, element locator 'By.name: q'] and Actual [Automation123]. Comparison Type [CONTAINS]. Validation Type [NEGATIVE]. @22-09-2021 01:58:54.0410 AM
[ReportManager] Successfully created attachment [Screenshot - 1632275934314_assertElementAttribute_false_containsComparison_expectedToPass_ValidateElementAttribute_passed] @22-09-2021 01:58:54.0411 A
[ReportManager] Browser Action [CloseCurrentWindow] successfully performed. @22-09-2021 01:58:54.0696 AM
[ReportManager] Successfully created attachment [Browser Action Test Data - CloseCurrentWindow - Actual Value] @22-09-2021 01:58:54.0697 A
[ReportManager] File Action [GetAbsolutePath] successfully performed. With the following test data [Relative Folder Path: "target/downloadedFiles/"]. @22-09-2021 01:58:54.0700 AM
[ReportManager] Attempting to run locally on: [Mac-64], [Safari], Headless Execution. @22-09-2021 01:58:54.0701 AM
[ReportManager] Successfully Opened Safari. @22-09-2021 01:58:55.0498 AM
[ReportManager] Initial window size: (800, 600) @22-09-2021 01:58:55.0517 AM
[ReportManager] Window size after SWD Maximize: (1176, 811) @22-09-2021 01:58:55.0534 AM
[ReportManager] Browser Action [MaximizeWindow] successfully performed. With the following test data [New screen size is now: (1176, 811)]. @22-09-2021 01:58:55.0535 AM
[ReportManager] Target URL: [https://www.google.com/ncr], and after redirection: [www.google.com] @22-09-2021 01:58:55.0535 AM
[ReportManager] Initial URL: [] @22-09-2021 01:58:55.0588 AM
[ReportManager] Browser Action [NavigateToURL] successfully performed. With the following test data [https://www.google.com/ncr]. @22-09-2021 01:58:57.0532 A

################################################################################################################################################
Starting Execution:	[33 out of 143] test cases in the current suite
Test Method:		[unitTests.tests_validations_assertions.assertElementAttribute_false_literalComparison_expectedToFail]
################################################################################################################################################
[ReportManager] Element Action [Type] successfully performed. With the following test data [Automation!@#$%^&*()_+{}[]\';/.,]. @22-09-2021 01:58:58.0601 AM
[ReportManager] Element Action [GetText] successfully performed. With the following test data [Automation!@#$%^&*()_+{}[]\';/.,]. @22-09-2021 01:58:58.0660 AM
[ReportManager] Loaded Shared OpenCV @22-09-2021 01:58:58.0722 AM
[ReportManager] Assertion [ValidateElementAttribute] PASSED. Expected [Value Should not be 'Automation!@#$%^&*()_+{}[]\\';/.,' for the 'text' attribute, element locator 'By.name: q'] and Actual [Automation!@#$%^&*()_+{}[]\';/.,]. Comparison Type [EQUALS]. Validation Type [NEGATIVE]. @22-09-2021 01:58:58.0823 AM
[ReportManager] Successfully created attachment [Screenshot - 1632275938722_assertElementAttribute_false_literalComparison_expectedToFail_ValidateElementAttribute_passed] @22-09-2021 01:58:58.0824 A
[ReportManager] Browser Action [CloseCurrentWindow] successfully performed. @22-09-2021 01:58:58.0970 AM
[ReportManager] Successfully created attachment [Browser Action Test Data - CloseCurrentWindow - Actual Value] @22-09-2021 01:58:58.0971 A
[ReportManager] File Action [GetAbsolutePath] successfully performed. With the following test data [Relative Folder Path: "target/downloadedFiles/"]. @22-09-2021 01:58:58.0975 AM
[ReportManager] Attempting to run locally on: [Mac-64], [Safari], Headless Execution. @22-09-2021 01:58:58.0976 AM
[ReportManager] Successfully Opened Safari. @22-09-2021 01:58:59.0802 AM
[ReportManager] Initial window size: (800, 600) @22-09-2021 01:58:59.0813 AM
[ReportManager] Window size after SWD Maximize: (1176, 811) @22-09-2021 01:58:59.0840 AM
[ReportManager] Browser Action [MaximizeWindow] successfully performed. With the following test data [New screen size is now: (1176, 811)]. @22-09-2021 01:58:59.0840 AM
[ReportManager] Target URL: [https://www.google.com/ncr], and after redirection: [www.google.com] @22-09-2021 01:58:59.0840 AM
[ReportManager] Initial URL: [] @22-09-2021 01:58:59.0905 AM
[ReportManager] Browser Action [NavigateToURL] successfully performed. With the following test data [https://www.google.com/ncr]. @22-09-2021 01:59:01.0434 A

################################################################################################################################################
Starting Execution:	[34 out of 143] test cases in the current suite
Test Method:		[unitTests.tests_validations_assertions.assertElementAttribute_false_literalComparison_expectedToPass]
################################################################################################################################################
[ReportManager] Element Action [Type] successfully performed. With the following test data [Automation!@#$%^&*()_+{}[]\';/.,]. @22-09-2021 01:59:02.0495 AM
[ReportManager] Element Action [GetText] successfully performed. With the following test data [Automation!@#$%^&*()_+{}[]\';/.,]. @22-09-2021 01:59:02.0559 AM
[ReportManager] Loaded Shared OpenCV @22-09-2021 01:59:02.0639 AM
[ReportManager] Assertion [ValidateElementAttribute] PASSED. Expected [Value Should not be 'Automation' for the 'text' attribute, element locator 'By.name: q'] and Actual [Automation!@#$%^&*()_+{}[]\';/.,]. Comparison Type [EQUALS]. Validation Type [NEGATIVE]. @22-09-2021 01:59:02.0754 AM
[ReportManager] Successfully created attachment [Screenshot - 1632275942639_assertElementAttribute_false_literalComparison_expectedToPass_ValidateElementAttribute_passed] @22-09-2021 01:59:02.0756 A
[ReportManager] Browser Action [CloseCurrentWindow] successfully performed. @22-09-2021 01:59:02.0969 AM
[ReportManager] Successfully created attachment [Browser Action Test Data - CloseCurrentWindow - Actual Value] @22-09-2021 01:59:02.0970 A
[ReportManager] File Action [GetAbsolutePath] successfully performed. With the following test data [Relative Folder Path: "target/downloadedFiles/"]. @22-09-2021 01:59:02.0973 AM
[ReportManager] Attempting to run locally on: [Mac-64], [Safari], Headless Execution. @22-09-2021 01:59:02.0973 AM
[ReportManager] Successfully Opened Safari. @22-09-2021 01:59:03.0734 AM
[ReportManager] Initial window size: (800, 600) @22-09-2021 01:59:03.0745 AM
[ReportManager] Window size after SWD Maximize: (1176, 811) @22-09-2021 01:59:03.0767 AM
[ReportManager] Browser Action [MaximizeWindow] successfully performed. With the following test data [New screen size is now: (1176, 811)]. @22-09-2021 01:59:03.0767 AM
[ReportManager] Target URL: [https://www.google.com/ncr], and after redirection: [www.google.com] @22-09-2021 01:59:03.0767 AM
[ReportManager] Initial URL: [] @22-09-2021 01:59:03.0816 AM
[ReportManager] Browser Action [NavigateToURL] successfully performed. With the following test data [https://www.google.com/ncr]. @22-09-2021 01:59:05.0366 A

################################################################################################################################################
Starting Execution:	[35 out of 143] test cases in the current suite
Test Method:		[unitTests.tests_validations_assertions.assertElementAttribute_false_regexComparison_expectedToFail]
################################################################################################################################################
[ReportManager] Element Action [Type] successfully performed. With the following test data [Automation123]. @22-09-2021 01:59:05.0916 AM
[ReportManager] Element Action [GetText] successfully performed. With the following test data [Automation123]. @22-09-2021 01:59:05.0979 AM
[ReportManager] Loaded Shared OpenCV @22-09-2021 01:59:06.0051 AM
[ReportManager] Assertion [ValidateElementAttribute] FAILED. Expected [Value Should not be 'Automation.*' for the 'text' attribute, element locator 'By.name: q'] and Actual [Automation123]. Comparison Type [MATCHES]. Validation Type [NEGATIVE]. @22-09-2021 01:59:06.0155 AM
[ReportManager] Successfully created attachment [Screenshot - 1632275946051_assertElementAttribute_false_regexComparison_expectedToFail_ValidateElementAttribute_failed] @22-09-2021 01:59:06.0157 A
[ReportManager] Browser Action [CloseCurrentWindow] successfully performed. @22-09-2021 01:59:06.0308 AM
[ReportManager] Successfully created attachment [Browser Action Test Data - CloseCurrentWindow - Actual Value] @22-09-2021 01:59:06.0309 A
[ReportManager] File Action [GetAbsolutePath] successfully performed. With the following test data [Relative Folder Path: "target/downloadedFiles/"]. @22-09-2021 01:59:06.0313 AM
[ReportManager] Attempting to run locally on: [Mac-64], [Safari], Headless Execution. @22-09-2021 01:59:06.0313 AM
[ReportManager] Successfully Opened Safari. @22-09-2021 01:59:07.0084 AM
[ReportManager] Initial window size: (800, 600) @22-09-2021 01:59:07.0109 AM
[ReportManager] Window size after SWD Maximize: (1176, 811) @22-09-2021 01:59:07.0132 AM
[ReportManager] Browser Action [MaximizeWindow] successfully performed. With the following test data [New screen size is now: (1176, 811)]. @22-09-2021 01:59:07.0133 AM
[ReportManager] Target URL: [https://www.google.com/ncr], and after redirection: [www.google.com] @22-09-2021 01:59:07.0133 AM
[ReportManager] Initial URL: [] @22-09-2021 01:59:07.0208 AM
[ReportManager] Browser Action [NavigateToURL] successfully performed. With the following test data [https://www.google.com/ncr]. @22-09-2021 01:59:08.0079 A

################################################################################################################################################
Starting Execution:	[36 out of 143] test cases in the current suite
Test Method:		[unitTests.tests_validations_assertions.assertElementAttribute_false_regexComparison_expectedToPass]
################################################################################################################################################
[ReportManager] Element Action [Type] successfully performed. With the following test data [Automation123]. @22-09-2021 01:59:08.0593 AM
[ReportManager] Element Action [GetText] successfully performed. With the following test data [Automation123]. @22-09-2021 01:59:08.0666 AM
[ReportManager] Loaded Shared OpenCV @22-09-2021 01:59:08.0734 AM
[ReportManager] Assertion [ValidateElementAttribute] PASSED. Expected [Value Should not be 'Automation' for the 'text' attribute, element locator 'By.name: q'] and Actual [Automation123]. Comparison Type [MATCHES]. Validation Type [NEGATIVE]. @22-09-2021 01:59:08.0824 AM
[ReportManager] Successfully created attachment [Screenshot - 1632275948734_assertElementAttribute_false_regexComparison_expectedToPass_ValidateElementAttribute_passed] @22-09-2021 01:59:08.0825 A
[ReportManager] Browser Action [CloseCurrentWindow] successfully performed. @22-09-2021 01:59:08.0923 AM
[ReportManager] Successfully created attachment [Browser Action Test Data - CloseCurrentWindow - Actual Value] @22-09-2021 01:59:08.0924 A
[ReportManager] File Action [GetAbsolutePath] successfully performed. With the following test data [Relative Folder Path: "target/downloadedFiles/"]. @22-09-2021 01:59:08.0927 AM
[ReportManager] Attempting to run locally on: [Mac-64], [Safari], Headless Execution. @22-09-2021 01:59:08.0928 AM
[ReportManager] Successfully Opened Safari. @22-09-2021 01:59:09.0714 AM
[ReportManager] Initial window size: (800, 600) @22-09-2021 01:59:09.0770 AM
[ReportManager] Window size after SWD Maximize: (1176, 811) @22-09-2021 01:59:09.0786 AM
[ReportManager] Browser Action [MaximizeWindow] successfully performed. With the following test data [New screen size is now: (1176, 811)]. @22-09-2021 01:59:09.0786 AM
[ReportManager] Target URL: [https://www.google.com/ncr], and after redirection: [www.google.com] @22-09-2021 01:59:09.0787 AM
[ReportManager] Initial URL: [] @22-09-2021 01:59:09.0834 AM
[ReportManager] Browser Action [NavigateToURL] successfully performed. With the following test data [https://www.google.com/ncr]. @22-09-2021 01:59:11.0213 A

################################################################################################################################################
Starting Execution:	[37 out of 143] test cases in the current suite
Test Method:		[unitTests.tests_validations_assertions.assertElementAttribute_true_caseInsensitiveComparison_expectedToFail]
################################################################################################################################################
[ReportManager] Element Action [Type] successfully performed. With the following test data [AUTOMATION]. @22-09-2021 01:59:11.0667 AM
[ReportManager] Element Action [GetText] successfully performed. With the following test data [AUTOMATION]. @22-09-2021 01:59:11.0737 AM
[ReportManager] Loaded Shared OpenCV @22-09-2021 01:59:11.0807 AM
[ReportManager] Assertion [ValidateElementAttribute] FAILED. Expected [Value Should be 'AutomaTion123' for the 'text' attribute, element locator 'By.name: q'] and Actual [AUTOMATION]. Comparison Type [CASE_INSENSITIVE]. Validation Type [POSITIVE]. @22-09-2021 01:59:11.0904 AM
[ReportManager] Successfully created attachment [Screenshot - 1632275951807_assertElementAttribute_true_caseInsensitiveComparison_expectedToFail_ValidateElementAttribute_failed] @22-09-2021 01:59:11.0905 A
[ReportManager] Browser Action [CloseCurrentWindow] successfully performed. @22-09-2021 01:59:12.0008 AM
[ReportManager] Successfully created attachment [Browser Action Test Data - CloseCurrentWindow - Actual Value] @22-09-2021 01:59:12.0009 A
[ReportManager] File Action [GetAbsolutePath] successfully performed. With the following test data [Relative Folder Path: "target/downloadedFiles/"]. @22-09-2021 01:59:12.0012 AM
[ReportManager] Attempting to run locally on: [Mac-64], [Safari], Headless Execution. @22-09-2021 01:59:12.0013 AM
[ReportManager] Successfully Opened Safari. @22-09-2021 01:59:12.0818 AM
[ReportManager] Initial window size: (800, 600) @22-09-2021 01:59:12.0846 AM
[ReportManager] Window size after SWD Maximize: (1176, 811) @22-09-2021 01:59:12.0872 AM
[ReportManager] Browser Action [MaximizeWindow] successfully performed. With the following test data [New screen size is now: (1176, 811)]. @22-09-2021 01:59:12.0873 AM
[ReportManager] Target URL: [https://www.google.com/ncr], and after redirection: [www.google.com] @22-09-2021 01:59:12.0873 AM
[ReportManager] Initial URL: [] @22-09-2021 01:59:12.0934 AM
[ReportManager] Browser Action [NavigateToURL] successfully performed. With the following test data [https://www.google.com/ncr]. @22-09-2021 01:59:14.0406 A

################################################################################################################################################
Starting Execution:	[38 out of 143] test cases in the current suite
Test Method:		[unitTests.tests_validations_assertions.assertElementAttribute_true_caseInsensitiveComparison_expectedToPass]
################################################################################################################################################
[ReportManager] Element Action [Type] successfully performed. With the following test data [AUTOMATION]. @22-09-2021 01:59:14.0832 AM
[ReportManager] Element Action [GetText] successfully performed. With the following test data [AUTOMATION]. @22-09-2021 01:59:14.0895 AM
[ReportManager] Loaded Shared OpenCV @22-09-2021 01:59:14.0970 AM
[ReportManager] Assertion [ValidateElementAttribute] PASSED. Expected [Value Should be 'AutomaTion' for the 'text' attribute, element locator 'By.name: q'] and Actual [AUTOMATION]. Comparison Type [CASE_INSENSITIVE]. Validation Type [POSITIVE]. @22-09-2021 01:59:15.0069 AM
[ReportManager] Successfully created attachment [Screenshot - 1632275954970_assertElementAttribute_true_caseInsensitiveComparison_expectedToPass_ValidateElementAttribute_passed] @22-09-2021 01:59:15.0070 A
[ReportManager] Browser Action [CloseCurrentWindow] successfully performed. @22-09-2021 01:59:15.0266 AM
[ReportManager] Successfully created attachment [Browser Action Test Data - CloseCurrentWindow - Actual Value] @22-09-2021 01:59:15.0267 A
[ReportManager] File Action [GetAbsolutePath] successfully performed. With the following test data [Relative Folder Path: "target/downloadedFiles/"]. @22-09-2021 01:59:15.0270 AM
[ReportManager] Attempting to run locally on: [Mac-64], [Safari], Headless Execution. @22-09-2021 01:59:15.0270 AM
[ReportManager] Successfully Opened Safari. @22-09-2021 01:59:16.0070 AM
[ReportManager] Initial window size: (800, 600) @22-09-2021 01:59:16.0082 AM
[ReportManager] Window size after SWD Maximize: (1176, 811) @22-09-2021 01:59:16.0102 AM
[ReportManager] Browser Action [MaximizeWindow] successfully performed. With the following test data [New screen size is now: (1176, 811)]. @22-09-2021 01:59:16.0102 AM
[ReportManager] Target URL: [https://www.google.com/ncr], and after redirection: [www.google.com] @22-09-2021 01:59:16.0103 AM
[ReportManager] Initial URL: [] @22-09-2021 01:59:16.0161 AM
[ReportManager] Browser Action [NavigateToURL] successfully performed. With the following test data [https://www.google.com/ncr]. @22-09-2021 01:59:17.0093 A

################################################################################################################################################
Starting Execution:	[39 out of 143] test cases in the current suite
Test Method:		[unitTests.tests_validations_assertions.assertElementAttribute_true_containsComparison_expectedToFail]
################################################################################################################################################
[ReportManager] Element Action [Type] successfully performed. With the following test data [Automation123]. @22-09-2021 01:59:17.0487 AM
[ReportManager] Element Action [GetText] successfully performed. With the following test data [Automation123]. @22-09-2021 01:59:17.0553 AM
[ReportManager] Loaded Shared OpenCV @22-09-2021 01:59:17.0619 AM
[ReportManager] Assertion [ValidateElementAttribute] FAILED. Expected [Value Should be 'Automation1234' for the 'text' attribute, element locator 'By.name: q'] and Actual [Automation123]. Comparison Type [CONTAINS]. Validation Type [POSITIVE]. @22-09-2021 01:59:17.0712 AM
[ReportManager] Successfully created attachment [Screenshot - 1632275957619_assertElementAttribute_true_containsComparison_expectedToFail_ValidateElementAttribute_failed] @22-09-2021 01:59:17.0713 A
[ReportManager] Browser Action [CloseCurrentWindow] successfully performed. @22-09-2021 01:59:17.0924 AM
[ReportManager] Successfully created attachment [Browser Action Test Data - CloseCurrentWindow - Actual Value] @22-09-2021 01:59:17.0925 A
[ReportManager] File Action [GetAbsolutePath] successfully performed. With the following test data [Relative Folder Path: "target/downloadedFiles/"]. @22-09-2021 01:59:17.0928 AM
[ReportManager] Attempting to run locally on: [Mac-64], [Safari], Headless Execution. @22-09-2021 01:59:17.0928 AM
[ReportManager] Successfully Opened Safari. @22-09-2021 01:59:18.0679 AM
[ReportManager] Initial window size: (800, 600) @22-09-2021 01:59:18.0712 AM
[ReportManager] Window size after SWD Maximize: (1176, 811) @22-09-2021 01:59:18.0738 AM
[ReportManager] Browser Action [MaximizeWindow] successfully performed. With the following test data [New screen size is now: (1176, 811)]. @22-09-2021 01:59:18.0739 AM
[ReportManager] Target URL: [https://www.google.com/ncr], and after redirection: [www.google.com] @22-09-2021 01:59:18.0739 AM
[ReportManager] Initial URL: [] @22-09-2021 01:59:18.0803 AM
[ReportManager] Browser Action [NavigateToURL] successfully performed. With the following test data [https://www.google.com/ncr]. @22-09-2021 01:59:20.0092 A

################################################################################################################################################
Starting Execution:	[40 out of 143] test cases in the current suite
Test Method:		[unitTests.tests_validations_assertions.assertElementAttribute_true_containsComparison_expectedToPass]
################################################################################################################################################
[ReportManager] Element Action [Type] successfully performed. With the following test data [Automation123]. @22-09-2021 01:59:20.0637 AM
[ReportManager] Element Action [GetText] successfully performed. With the following test data [Automation123]. @22-09-2021 01:59:20.0691 AM
[ReportManager] Loaded Shared OpenCV @22-09-2021 01:59:20.0751 AM
[ReportManager] Assertion [ValidateElementAttribute] PASSED. Expected [Value Should be 'Automation' for the 'text' attribute, element locator 'By.name: q'] and Actual [Automation123]. Comparison Type [CONTAINS]. Validation Type [POSITIVE]. @22-09-2021 01:59:20.0841 AM
[ReportManager] Successfully created attachment [Screenshot - 1632275960751_assertElementAttribute_true_containsComparison_expectedToPass_ValidateElementAttribute_passed] @22-09-2021 01:59:20.0842 A
[ReportManager] Browser Action [CloseCurrentWindow] successfully performed. @22-09-2021 01:59:20.0939 AM
[ReportManager] Successfully created attachment [Browser Action Test Data - CloseCurrentWindow - Actual Value] @22-09-2021 01:59:20.0939 A
[ReportManager] File Action [GetAbsolutePath] successfully performed. With the following test data [Relative Folder Path: "target/downloadedFiles/"]. @22-09-2021 01:59:20.0943 AM
[ReportManager] Attempting to run locally on: [Mac-64], [Safari], Headless Execution. @22-09-2021 01:59:20.0943 AM
[ReportManager] Successfully Opened Safari. @22-09-2021 01:59:21.0796 AM
[ReportManager] Initial window size: (800, 600) @22-09-2021 01:59:21.0821 AM
[ReportManager] Window size after SWD Maximize: (1176, 811) @22-09-2021 01:59:21.0837 AM
[ReportManager] Browser Action [MaximizeWindow] successfully performed. With the following test data [New screen size is now: (1176, 811)]. @22-09-2021 01:59:21.0849 AM
[ReportManager] Target URL: [https://www.google.com/ncr], and after redirection: [www.google.com] @22-09-2021 01:59:21.0849 AM
[ReportManager] Initial URL: [] @22-09-2021 01:59:21.0889 AM
[ReportManager] Browser Action [NavigateToURL] successfully performed. With the following test data [https://www.google.com/ncr]. @22-09-2021 01:59:23.0426 A

################################################################################################################################################
Starting Execution:	[41 out of 143] test cases in the current suite
Test Method:		[unitTests.tests_validations_assertions.assertElementAttribute_true_literalComparison_expectedToFail]
################################################################################################################################################
[ReportManager] Element Action [Type] successfully performed. With the following test data [Automation!@#$%^&*()_+{}[]\';/.,]. @22-09-2021 01:59:24.0534 AM
[ReportManager] Element Action [GetText] successfully performed. With the following test data [Automation!@#$%^&*()_+{}[]\';/.,]. @22-09-2021 01:59:24.0593 AM
[ReportManager] Loaded Shared OpenCV @22-09-2021 01:59:24.0664 AM
[ReportManager] Assertion [ValidateElementAttribute] FAILED. Expected [Value Should be 'Automation' for the 'text' attribute, element locator 'By.name: q'] and Actual [Automation!@#$%^&*()_+{}[]\';/.,]. Comparison Type [EQUALS]. Validation Type [POSITIVE]. @22-09-2021 01:59:24.0809 AM
[ReportManager] Successfully created attachment [Screenshot - 1632275964664_assertElementAttribute_true_literalComparison_expectedToFail_ValidateElementAttribute_failed] @22-09-2021 01:59:24.0811 A
[ReportManager] Browser Action [CloseCurrentWindow] successfully performed. @22-09-2021 01:59:24.0917 AM
[ReportManager] Successfully created attachment [Browser Action Test Data - CloseCurrentWindow - Actual Value] @22-09-2021 01:59:24.0918 A
[ReportManager] File Action [GetAbsolutePath] successfully performed. With the following test data [Relative Folder Path: "target/downloadedFiles/"]. @22-09-2021 01:59:24.0922 AM
[ReportManager] Attempting to run locally on: [Mac-64], [Safari], Headless Execution. @22-09-2021 01:59:24.0922 AM
[ReportManager] Successfully Opened Safari. @22-09-2021 01:59:25.0841 AM
[ReportManager] Initial window size: (800, 600) @22-09-2021 01:59:25.0865 AM
[ReportManager] Window size after SWD Maximize: (1176, 811) @22-09-2021 01:59:25.0908 AM
[ReportManager] Browser Action [MaximizeWindow] successfully performed. With the following test data [New screen size is now: (1176, 811)]. @22-09-2021 01:59:25.0908 AM
[ReportManager] Target URL: [https://www.google.com/ncr], and after redirection: [www.google.com] @22-09-2021 01:59:25.0908 AM
[ReportManager] Initial URL: [] @22-09-2021 01:59:25.0966 AM
[ReportManager] Browser Action [NavigateToURL] successfully performed. With the following test data [https://www.google.com/ncr]. @22-09-2021 01:59:27.0573 A

################################################################################################################################################
Starting Execution:	[42 out of 143] test cases in the current suite
Test Method:		[unitTests.tests_validations_assertions.assertElementAttribute_true_literalComparison_expectedToPass]
################################################################################################################################################
[ReportManager] Element Action [Type] successfully performed. With the following test data [Automation!@#$%^&*()_+{}[]\';/.,]. @22-09-2021 01:59:28.0706 AM
[ReportManager] Element Action [GetText] successfully performed. With the following test data [Automation!@#$%^&*()_+{}[]\';/.,]. @22-09-2021 01:59:28.0760 AM
[ReportManager] Loaded Shared OpenCV @22-09-2021 01:59:28.0826 AM
[ReportManager] Assertion [ValidateElementAttribute] PASSED. Expected [Value Should be 'Automation!@#$%^&*()_+{}[]\';/.,' for the 'text' attribute, element locator 'By.name: q'] and Actual [Automation!@#$%^&*()_+{}[]\';/.,]. Comparison Type [EQUALS]. Validation Type [POSITIVE]. @22-09-2021 01:59:28.0973 AM
[ReportManager] Successfully created attachment [Screenshot - 1632275968826_assertElementAttribute_true_literalComparison_expectedToPass_ValidateElementAttribute_passed] @22-09-2021 01:59:28.0975 A
[ReportManager] Browser Action [CloseCurrentWindow] successfully performed. @22-09-2021 01:59:29.0162 AM
[ReportManager] Successfully created attachment [Browser Action Test Data - CloseCurrentWindow - Actual Value] @22-09-2021 01:59:29.0163 A
[ReportManager] File Action [GetAbsolutePath] successfully performed. With the following test data [Relative Folder Path: "target/downloadedFiles/"]. @22-09-2021 01:59:29.0166 AM
[ReportManager] Attempting to run locally on: [Mac-64], [Safari], Headless Execution. @22-09-2021 01:59:29.0166 AM
[ReportManager] Successfully Opened Safari. @22-09-2021 01:59:29.0910 AM
[ReportManager] Initial window size: (800, 600) @22-09-2021 01:59:29.0934 AM
[ReportManager] Window size after SWD Maximize: (1176, 811) @22-09-2021 01:59:29.0948 AM
[ReportManager] Browser Action [MaximizeWindow] successfully performed. With the following test data [New screen size is now: (1176, 811)]. @22-09-2021 01:59:29.0948 AM
[ReportManager] Target URL: [https://www.google.com/ncr], and after redirection: [www.google.com] @22-09-2021 01:59:29.0948 AM
[ReportManager] Initial URL: [] @22-09-2021 01:59:30.0031 AM
[ReportManager] Browser Action [NavigateToURL] successfully performed. With the following test data [https://www.google.com/ncr]. @22-09-2021 01:59:30.0835 A

################################################################################################################################################
Starting Execution:	[43 out of 143] test cases in the current suite
Test Method:		[unitTests.tests_validations_assertions.assertElementAttribute_true_regexComparison_expectedToFail]
################################################################################################################################################
[ReportManager] Element Action [Type] successfully performed. With the following test data [Automation123]. @22-09-2021 01:59:31.0345 AM
[ReportManager] Element Action [GetText] successfully performed. With the following test data [Automation123]. @22-09-2021 01:59:31.0407 AM
[ReportManager] Loaded Shared OpenCV @22-09-2021 01:59:31.0462 AM
[ReportManager] Assertion [ValidateElementAttribute] FAILED. Expected [Value Should be 'Automation' for the 'text' attribute, element locator 'By.name: q'] and Actual [Automation123]. Comparison Type [MATCHES]. Validation Type [POSITIVE]. @22-09-2021 01:59:31.0550 AM
[ReportManager] Successfully created attachment [Screenshot - 1632275971462_assertElementAttribute_true_regexComparison_expectedToFail_ValidateElementAttribute_failed] @22-09-2021 01:59:31.0551 A
[ReportManager] Browser Action [CloseCurrentWindow] successfully performed. @22-09-2021 01:59:31.0758 AM
[ReportManager] Successfully created attachment [Browser Action Test Data - CloseCurrentWindow - Actual Value] @22-09-2021 01:59:31.0759 A
[ReportManager] File Action [GetAbsolutePath] successfully performed. With the following test data [Relative Folder Path: "target/downloadedFiles/"]. @22-09-2021 01:59:31.0763 AM
[ReportManager] Attempting to run locally on: [Mac-64], [Safari], Headless Execution. @22-09-2021 01:59:31.0763 AM
[ReportManager] Successfully Opened Safari. @22-09-2021 01:59:32.0545 AM
[ReportManager] Initial window size: (800, 600) @22-09-2021 01:59:32.0574 AM
[ReportManager] Window size after SWD Maximize: (1176, 811) @22-09-2021 01:59:32.0586 AM
[ReportManager] Browser Action [MaximizeWindow] successfully performed. With the following test data [New screen size is now: (1176, 811)]. @22-09-2021 01:59:32.0586 AM
[ReportManager] Target URL: [https://www.google.com/ncr], and after redirection: [www.google.com] @22-09-2021 01:59:32.0586 AM
[ReportManager] Initial URL: [] @22-09-2021 01:59:32.0684 AM
[ReportManager] Browser Action [NavigateToURL] successfully performed. With the following test data [https://www.google.com/ncr]. @22-09-2021 01:59:34.0120 A

################################################################################################################################################
Starting Execution:	[44 out of 143] test cases in the current suite
Test Method:		[unitTests.tests_validations_assertions.assertElementAttribute_true_regexComparison_expectedToPass]
################################################################################################################################################
[ReportManager] Element Action [Type] successfully performed. With the following test data [Automation123]. @22-09-2021 01:59:35.0165 AM
[ReportManager] Element Action [GetText] successfully performed. With the following test data [Automation123]. @22-09-2021 01:59:35.0242 AM
[ReportManager] Loaded Shared OpenCV @22-09-2021 01:59:35.0314 AM
[ReportManager] Assertion [ValidateElementAttribute] PASSED. Expected [Value Should be 'Automation.*' for the 'text' attribute, element locator 'By.name: q'] and Actual [Automation123]. Comparison Type [MATCHES]. Validation Type [POSITIVE]. @22-09-2021 01:59:35.0408 AM
[ReportManager] Successfully created attachment [Screenshot - 1632275975314_assertElementAttribute_true_regexComparison_expectedToPass_ValidateElementAttribute_passed] @22-09-2021 01:59:35.0409 A
[ReportManager] Browser Action [CloseCurrentWindow] successfully performed. @22-09-2021 01:59:35.0473 AM
[ReportManager] Successfully created attachment [Browser Action Test Data - CloseCurrentWindow - Actual Value] @22-09-2021 01:59:35.0481 A
[ReportManager] File Action [GetAbsolutePath] successfully performed. With the following test data [Relative Folder Path: "target/downloadedFiles/"]. @22-09-2021 01:59:35.0498 AM
[ReportManager] Attempting to run locally on: [Mac-64], [Safari], Headless Execution. @22-09-2021 01:59:35.0498 AM
[ReportManager] Successfully Opened Safari. @22-09-2021 01:59:36.0356 AM
[ReportManager] Initial window size: (800, 600) @22-09-2021 01:59:36.0387 AM
[ReportManager] Window size after SWD Maximize: (1176, 811) @22-09-2021 01:59:36.0415 AM
[ReportManager] Browser Action [MaximizeWindow] successfully performed. With the following test data [New screen size is now: (1176, 811)]. @22-09-2021 01:59:36.0417 AM
[ReportManager] Target URL: [https://www.google.com/ncr], and after redirection: [www.google.com] @22-09-2021 01:59:36.0417 AM
[ReportManager] Initial URL: [] @22-09-2021 01:59:36.0467 AM
[ReportManager] Browser Action [NavigateToURL] successfully performed. With the following test data [https://www.google.com/ncr]. @22-09-2021 01:59:37.0845 A

################################################################################################################################################
Starting Execution:	[45 out of 143] test cases in the current suite
Test Method:		[unitTests.tests_validations_assertions.assertElementAttribute_type_true_literalComparison_expectedToPass]
################################################################################################################################################
[ReportManager] Element Action [Type] successfully performed. With the following test data [Automation!@#$%^&*()_+{}[]\';/.,]. @22-09-2021 01:59:38.0956 AM
[ReportManager] Element Action [GetText] successfully performed. With the following test data [Automation!@#$%^&*()_+{}[]\';/.,]. @22-09-2021 01:59:39.0016 AM
[ReportManager] Loaded Shared OpenCV @22-09-2021 01:59:39.0084 AM
[ReportManager] Assertion [ValidateElementAttribute] PASSED. Expected [Value Should be 'Automation!@#$%^&*()_+{}[]\';/.,' for the 'text' attribute, element locator 'By.name: q'] and Actual [Automation!@#$%^&*()_+{}[]\';/.,]. Comparison Type [EQUALS]. Validation Type [POSITIVE]. @22-09-2021 01:59:39.0179 AM
[ReportManager] Successfully created attachment [Screenshot - 1632275979084_assertElementAttribute_type_true_literalComparison_expectedToPass_ValidateElementAttribute_passed] @22-09-2021 01:59:39.0181 A
[ReportManager] Browser Action [CloseCurrentWindow] successfully performed. @22-09-2021 01:59:39.0400 AM
[ReportManager] Successfully created attachment [Browser Action Test Data - CloseCurrentWindow - Actual Value] @22-09-2021 01:59:39.0401 A
[ReportManager] File Action [GetAbsolutePath] successfully performed. With the following test data [Relative Folder Path: "target/downloadedFiles/"]. @22-09-2021 01:59:39.0404 AM
[ReportManager] Attempting to run locally on: [Mac-64], [Safari], Headless Execution. @22-09-2021 01:59:39.0404 AM
[ReportManager] Successfully Opened Safari. @22-09-2021 01:59:40.0161 AM
[ReportManager] Initial window size: (800, 600) @22-09-2021 01:59:40.0189 AM
[ReportManager] Window size after SWD Maximize: (1176, 811) @22-09-2021 01:59:40.0201 AM
[ReportManager] Browser Action [MaximizeWindow] successfully performed. With the following test data [New screen size is now: (1176, 811)]. @22-09-2021 01:59:40.0201 AM
[ReportManager] Target URL: [https://www.google.com/ncr], and after redirection: [www.google.com] @22-09-2021 01:59:40.0201 AM
[ReportManager] Initial URL: [] @22-09-2021 01:59:40.0279 AM
[ReportManager] Browser Action [NavigateToURL] successfully performed. With the following test data [https://www.google.com/ncr]. @22-09-2021 01:59:41.0110 A

################################################################################################################################################
Starting Execution:	[46 out of 143] test cases in the current suite
Test Method:		[unitTests.tests_validations_assertions.assertElementExists_false_expectedToFail]
################################################################################################################################################
[ReportManager] Assertion [ValidateElementExists] PASSED. Expected [Element Should not Exist, locator 'By.id: hplogo'] and Actual [Element Doesn't Exists]. Comparison Type [EQUALS]. Validation Type [NEGATIVE]. @22-09-2021 01:59:52.0340 AM
[ReportManager] Successfully created attachment [Screenshot - 1632275992264_assertElementExists_false_expectedToFail_ValidateElementExists_passed] @22-09-2021 01:59:52.0341 A
[ReportManager] Browser Action [CloseCurrentWindow] successfully performed. @22-09-2021 01:59:52.0465 AM
[ReportManager] Successfully created attachment [Browser Action Test Data - CloseCurrentWindow - Actual Value] @22-09-2021 01:59:52.0466 A
[ReportManager] File Action [GetAbsolutePath] successfully performed. With the following test data [Relative Folder Path: "target/downloadedFiles/"]. @22-09-2021 01:59:52.0469 AM
[ReportManager] Attempting to run locally on: [Mac-64], [Safari], Headless Execution. @22-09-2021 01:59:52.0469 A

################################################################################################################################################
Starting Execution:	[47 out of 143] test cases in the current suite
Test Method:		[unitTests.tests_validations_assertions.assertElementExists_false_expectedToPass]
###############################################################################################################################################



################################################################################################################################################
Starting Execution:	[48 out of 143] test cases in the current suite
Test Method:		[unitTests.tests_validations_assertions.assertElementExists_false_multipleElementsFound_expectedToFail]
###############################################################################################################################################



################################################################################################################################################
Starting Execution:	[49 out of 143] test cases in the current suite
Test Method:		[unitTests.tests_validations_assertions.assertElementExists_true_expectedToFail]
###############################################################################################################################################



################################################################################################################################################
Starting Execution:	[50 out of 143] test cases in the current suite
Test Method:		[unitTests.tests_validations_assertions.assertElementExists_true_expectedToPass]
###############################################################################################################################################



################################################################################################################################################
Starting Execution:	[51 out of 143] test cases in the current suite
Test Method:		[unitTests.tests_validations_assertions.assertElementExists_true_multipleElementsFound_expectedToFail]
###############################################################################################################################################


################################################################################################################################################
Starting Execution:	[52 out of 143] test cases in the current suite
Test Method:		[unitTests.tests_validations_assertions.assertEquals_false_expectedToFail]
###############################################################################################################################################

################################################################################################################################################
Starting Execution:	[53 out of 143] test cases in the current suite
Test Method:		[unitTests.tests_validations_assertions.assertEquals_false_expectedToPass]
###############################################################################################################################################

################################################################################################################################################
Starting Execution:	[54 out of 143] test cases in the current suite
Test Method:		[unitTests.tests_validations_assertions.assertEquals_longCharacters]
###############################################################################################################################################

################################################################################################################################################
Starting Execution:	[55 out of 143] test cases in the current suite
Test Method:		[unitTests.tests_validations_assertions.assertEquals_longCharacters_Discreet]
###############################################################################################################################################

################################################################################################################################################
Starting Execution:	[56 out of 143] test cases in the current suite
Test Method:		[unitTests.tests_validations_assertions.assertEquals_true_expectedToFail]
###############################################################################################################################################

################################################################################################################################################
Starting Execution:	[57 out of 143] test cases in the current suite
Test Method:		[unitTests.tests_validations_assertions.assertEquals_true_expectedToPass]
Test Description:	[Assert that assertEquals works as expected when the two values are equal.]
###############################################################################################################################################

################################################################################################################################################
Starting Execution:	[58 out of 143] test cases in the current suite
Test Method:		[unitTests.tests_validations_assertions.assertEquals_true_expectedToPass__]
###############################################################################################################################################

################################################################################################################################################
Starting Execution:	[59 out of 143] test cases in the current suite
Test Method:		[unitTests.tests_validations_assertions.assertFileExists_false_expectedToFail]
###############################################################################################################################################

################################################################################################################################################
Starting Execution:	[60 out of 143] test cases in the current suite
Test Method:		[unitTests.tests_validations_assertions.assertFileExists_false_expectedToPass]
###############################################################################################################################################

################################################################################################################################################
Starting Execution:	[61 out of 143] test cases in the current suite
Test Method:		[unitTests.tests_validations_assertions.assertFileExists_true_expectedToFail]
###############################################################################################################################################

################################################################################################################################################
Starting Execution:	[62 out of 143] test cases in the current suite
Test Method:		[unitTests.tests_validations_assertions.assertFileExists_true_expectedToPass]
###############################################################################################################################################

################################################################################################################################################
Starting Execution:	[63 out of 143] test cases in the current suite
Test Method:		[unitTests.tests_validations_assertions.assertNull_false_expectedToFail]
###############################################################################################################################################

################################################################################################################################################
Starting Execution:	[64 out of 143] test cases in the current suite
Test Method:		[unitTests.tests_validations_assertions.assertNull_false_expectedToPass]
###############################################################################################################################################

################################################################################################################################################
Starting Execution:	[65 out of 143] test cases in the current suite
Test Method:		[unitTests.tests_validations_assertions.assertNull_true_expectedToFail]
###############################################################################################################################################

################################################################################################################################################
Starting Execution:	[66 out of 143] test cases in the current suite
Test Method:		[unitTests.tests_validations_assertions.assertNull_true_expectedToPass]
###############################################################################################################################################

################################################################################################################################################
Starting Execution:	[67 out of 143] test cases in the current suite
Test Method:		[unitTests.tests_restActions.getPostsAndAssertBodyForSpecificTitle]
################################################################################################################################################
[ReportManager] Response status code: [200], status line: [HTTP/1.1 200 OK] @22-09-2021 02:00:16.0616 AM
[ReportManager] Assertion Passed: Evaluating the actual response status code against the expected one... @22-09-2021 02:00:16.0617 AM
[ReportManager] Assertion [ValidateEquals] PASSED. Expected [200] and Actual [200]. Comparison Type [EQUALS]. Validation Type [POSITIVE]. @22-09-2021 02:00:16.0617 AM
[ReportManager] API Action [PerformRequest] successfully performed. With the following test data [Request Type: "GET" | Target Status Code: "200" | Service URL: "https://jsonplaceholder.typicode.com/posts" | Content Type: "*/*" | Response Time: "657ms"]. @22-09-2021 02:00:17.0757 AM
[ReportManager] Successfully created attachment [API Request - Specifications] @22-09-2021 02:00:17.0758 AM
[ReportManager] Successfully created attachment [API Response - JSON Body] @22-09-2021 02:00:17.0979 AM
[ReportManager] API Action [GetResponseJSONValueAsList] successfully performed. @22-09-2021 02:00:18.0005 AM
[ReportManager] API Action [GetResponseJSONValue] successfully performed. With the following test data [title]. @22-09-2021 02:00:18.0027 AM
[ReportManager] API Action [GetResponseJSONValue] successfully performed. With the following test data [title]. @22-09-2021 02:00:18.0044 AM
[ReportManager] API Action [GetResponseJSONValue] successfully performed. With the following test data [body]. @22-09-2021 02:00:18.0059 AM
[ReportManager] Assertion [ValidateEquals] PASSED. Expected [qui neque nisi nulla] and Actual [est rerum tempore vitae
sequi sint nihil reprehenderit dolor beatae ea dolores neque
fugiat blanditiis voluptate porro vel nihil molestiae ut reiciendis
qui aperiam non debitis possimus qui neque nisi nulla]. Comparison Type [CONTAINS]. Validation Type [POSITIVE]. @22-09-2021 02:00:18.0059 AM
[ReportManager] API Action [GetResponseJSONValue] successfully performed. With the following test data [title]. @22-09-2021 02:00:18.0075 AM
[ReportManager] API Action [GetResponseJSONValue] successfully performed. With the following test data [title]. @22-09-2021 02:00:18.0089 AM
[ReportManager] API Action [GetResponseJSONValue] successfully performed. With the following test data [title]. @22-09-2021 02:00:18.0104 AM
[ReportManager] API Action [GetResponseJSONValue] successfully performed. With the following test data [title]. @22-09-2021 02:00:18.0119 AM
[ReportManager] API Action [GetResponseJSONValue] successfully performed. With the following test data [title]. @22-09-2021 02:00:18.0132 AM
[ReportManager] API Action [GetResponseJSONValue] successfully performed. With the following test data [title]. @22-09-2021 02:00:18.0144 AM
[ReportManager] API Action [GetResponseJSONValue] successfully performed. With the following test data [title]. @22-09-2021 02:00:18.0159 AM
[ReportManager] API Action [GetResponseJSONValue] successfully performed. With the following test data [title]. @22-09-2021 02:00:18.0173 AM
[ReportManager] API Action [GetResponseJSONValue] successfully performed. With the following test data [title]. @22-09-2021 02:00:18.0187 AM
[ReportManager] API Action [GetResponseJSONValue] successfully performed. With the following test data [title]. @22-09-2021 02:00:18.0201 AM
[ReportManager] API Action [GetResponseJSONValue] successfully performed. With the following test data [title]. @22-09-2021 02:00:18.0218 AM
[ReportManager] API Action [GetResponseJSONValue] successfully performed. With the following test data [title]. @22-09-2021 02:00:18.0234 AM
[ReportManager] API Action [GetResponseJSONValue] successfully performed. With the following test data [title]. @22-09-2021 02:00:18.0248 AM
[ReportManager] API Action [GetResponseJSONValue] successfully performed. With the following test data [title]. @22-09-2021 02:00:18.0261 AM
[ReportManager] API Action [GetResponseJSONValue] successfully performed. With the following test data [title]. @22-09-2021 02:00:18.0276 AM
[ReportManager] API Action [GetResponseJSONValue] successfully performed. With the following test data [title]. @22-09-2021 02:00:18.0289 AM
[ReportManager] API Action [GetResponseJSONValue] successfully performed. With the following test data [title]. @22-09-2021 02:00:18.0302 AM
[ReportManager] API Action [GetResponseJSONValue] successfully performed. With the following test data [title]. @22-09-2021 02:00:18.0317 AM
[ReportManager] API Action [GetResponseJSONValue] successfully performed. With the following test data [title]. @22-09-2021 02:00:18.0331 AM
[ReportManager] API Action [GetResponseJSONValue] successfully performed. With the following test data [title]. @22-09-2021 02:00:18.0345 AM
[ReportManager] API Action [GetResponseJSONValue] successfully performed. With the following test data [title]. @22-09-2021 02:00:18.0360 AM
[ReportManager] API Action [GetResponseJSONValue] successfully performed. With the following test data [title]. @22-09-2021 02:00:18.0372 AM
[ReportManager] API Action [GetResponseJSONValue] successfully performed. With the following test data [title]. @22-09-2021 02:00:18.0385 AM
[ReportManager] API Action [GetResponseJSONValue] successfully performed. With the following test data [title]. @22-09-2021 02:00:18.0398 AM
[ReportManager] API Action [GetResponseJSONValue] successfully performed. With the following test data [title]. @22-09-2021 02:00:18.0411 AM
[ReportManager] API Action [GetResponseJSONValue] successfully performed. With the following test data [title]. @22-09-2021 02:00:18.0426 AM
[ReportManager] API Action [GetResponseJSONValue] successfully performed. With the following test data [title]. @22-09-2021 02:00:18.0444 AM
[ReportManager] API Action [GetResponseJSONValue] successfully performed. With the following test data [title]. @22-09-2021 02:00:18.0461 AM
[ReportManager] API Action [GetResponseJSONValue] successfully performed. With the following test data [title]. @22-09-2021 02:00:18.0474 AM
[ReportManager] API Action [GetResponseJSONValue] successfully performed. With the following test data [title]. @22-09-2021 02:00:18.0487 AM
[ReportManager] API Action [GetResponseJSONValue] successfully performed. With the following test data [title]. @22-09-2021 02:00:18.0501 AM
[ReportManager] API Action [GetResponseJSONValue] successfully performed. With the following test data [title]. @22-09-2021 02:00:18.0512 AM
[ReportManager] API Action [GetResponseJSONValue] successfully performed. With the following test data [title]. @22-09-2021 02:00:18.0524 AM
[ReportManager] API Action [GetResponseJSONValue] successfully performed. With the following test data [title]. @22-09-2021 02:00:18.0536 AM
[ReportManager] API Action [GetResponseJSONValue] successfully performed. With the following test data [title]. @22-09-2021 02:00:18.0548 AM
[ReportManager] API Action [GetResponseJSONValue] successfully performed. With the following test data [title]. @22-09-2021 02:00:18.0560 AM
[ReportManager] API Action [GetResponseJSONValue] successfully performed. With the following test data [title]. @22-09-2021 02:00:18.0572 AM
[ReportManager] API Action [GetResponseJSONValue] successfully performed. With the following test data [title]. @22-09-2021 02:00:18.0590 AM
[ReportManager] API Action [GetResponseJSONValue] successfully performed. With the following test data [title]. @22-09-2021 02:00:18.0612 AM
[ReportManager] API Action [GetResponseJSONValue] successfully performed. With the following test data [title]. @22-09-2021 02:00:18.0628 AM
[ReportManager] API Action [GetResponseJSONValue] successfully performed. With the following test data [title]. @22-09-2021 02:00:18.0644 AM
[ReportManager] API Action [GetResponseJSONValue] successfully performed. With the following test data [title]. @22-09-2021 02:00:18.0659 AM
[ReportManager] API Action [GetResponseJSONValue] successfully performed. With the following test data [title]. @22-09-2021 02:00:18.0673 AM
[ReportManager] API Action [GetResponseJSONValue] successfully performed. With the following test data [title]. @22-09-2021 02:00:18.0689 AM
[ReportManager] API Action [GetResponseJSONValue] successfully performed. With the following test data [title]. @22-09-2021 02:00:18.0702 AM
[ReportManager] API Action [GetResponseJSONValue] successfully performed. With the following test data [title]. @22-09-2021 02:00:18.0716 AM
[ReportManager] API Action [GetResponseJSONValue] successfully performed. With the following test data [title]. @22-09-2021 02:00:18.0731 AM
[ReportManager] API Action [GetResponseJSONValue] successfully performed. With the following test data [title]. @22-09-2021 02:00:18.0748 AM
[ReportManager] API Action [GetResponseJSONValue] successfully performed. With the following test data [title]. @22-09-2021 02:00:18.0763 AM
[ReportManager] API Action [GetResponseJSONValue] successfully performed. With the following test data [title]. @22-09-2021 02:00:18.0775 AM
[ReportManager] API Action [GetResponseJSONValue] successfully performed. With the following test data [title]. @22-09-2021 02:00:18.0786 AM
[ReportManager] API Action [GetResponseJSONValue] successfully performed. With the following test data [title]. @22-09-2021 02:00:18.0797 AM
[ReportManager] API Action [GetResponseJSONValue] successfully performed. With the following test data [title]. @22-09-2021 02:00:18.0808 AM
[ReportManager] API Action [GetResponseJSONValue] successfully performed. With the following test data [title]. @22-09-2021 02:00:18.0819 AM
[ReportManager] API Action [GetResponseJSONValue] successfully performed. With the following test data [title]. @22-09-2021 02:00:18.0830 AM
[ReportManager] API Action [GetResponseJSONValue] successfully performed. With the following test data [title]. @22-09-2021 02:00:18.0842 AM
[ReportManager] API Action [GetResponseJSONValue] successfully performed. With the following test data [title]. @22-09-2021 02:00:18.0853 AM
[ReportManager] API Action [GetResponseJSONValue] successfully performed. With the following test data [title]. @22-09-2021 02:00:18.0864 AM
[ReportManager] API Action [GetResponseJSONValue] successfully performed. With the following test data [title]. @22-09-2021 02:00:18.0875 AM
[ReportManager] API Action [GetResponseJSONValue] successfully performed. With the following test data [title]. @22-09-2021 02:00:18.0903 AM
[ReportManager] API Action [GetResponseJSONValue] successfully performed. With the following test data [title]. @22-09-2021 02:00:18.0914 AM
[ReportManager] API Action [GetResponseJSONValue] successfully performed. With the following test data [title]. @22-09-2021 02:00:18.0925 AM
[ReportManager] API Action [GetResponseJSONValue] successfully performed. With the following test data [title]. @22-09-2021 02:00:18.0937 AM
[ReportManager] API Action [GetResponseJSONValue] successfully performed. With the following test data [title]. @22-09-2021 02:00:18.0950 AM
[ReportManager] API Action [GetResponseJSONValue] successfully performed. With the following test data [title]. @22-09-2021 02:00:18.0963 AM
[ReportManager] API Action [GetResponseJSONValue] successfully performed. With the following test data [title]. @22-09-2021 02:00:18.0976 AM
[ReportManager] API Action [GetResponseJSONValue] successfully performed. With the following test data [title]. @22-09-2021 02:00:18.0988 AM
[ReportManager] API Action [GetResponseJSONValue] successfully performed. With the following test data [title]. @22-09-2021 02:00:19.0000 AM
[ReportManager] API Action [GetResponseJSONValue] successfully performed. With the following test data [title]. @22-09-2021 02:00:19.0011 AM
[ReportManager] API Action [GetResponseJSONValue] successfully performed. With the following test data [title]. @22-09-2021 02:00:19.0022 AM
[ReportManager] API Action [GetResponseJSONValue] successfully performed. With the following test data [title]. @22-09-2021 02:00:19.0035 AM
[ReportManager] API Action [GetResponseJSONValue] successfully performed. With the following test data [title]. @22-09-2021 02:00:19.0050 AM
[ReportManager] API Action [GetResponseJSONValue] successfully performed. With the following test data [title]. @22-09-2021 02:00:19.0064 AM
[ReportManager] API Action [GetResponseJSONValue] successfully performed. With the following test data [title]. @22-09-2021 02:00:19.0076 AM
[ReportManager] API Action [GetResponseJSONValue] successfully performed. With the following test data [title]. @22-09-2021 02:00:19.0140 AM
[ReportManager] API Action [GetResponseJSONValue] successfully performed. With the following test data [title]. @22-09-2021 02:00:19.0150 AM
[ReportManager] API Action [GetResponseJSONValue] successfully performed. With the following test data [title]. @22-09-2021 02:00:19.0162 AM
[ReportManager] API Action [GetResponseJSONValue] successfully performed. With the following test data [title]. @22-09-2021 02:00:19.0174 AM
[ReportManager] API Action [GetResponseJSONValue] successfully performed. With the following test data [title]. @22-09-2021 02:00:19.0185 AM
[ReportManager] API Action [GetResponseJSONValue] successfully performed. With the following test data [title]. @22-09-2021 02:00:19.0198 AM
[ReportManager] API Action [GetResponseJSONValue] successfully performed. With the following test data [title]. @22-09-2021 02:00:19.0210 AM
[ReportManager] API Action [GetResponseJSONValue] successfully performed. With the following test data [title]. @22-09-2021 02:00:19.0221 AM
[ReportManager] API Action [GetResponseJSONValue] successfully performed. With the following test data [title]. @22-09-2021 02:00:19.0232 AM
[ReportManager] API Action [GetResponseJSONValue] successfully performed. With the following test data [title]. @22-09-2021 02:00:19.0242 AM
[ReportManager] API Action [GetResponseJSONValue] successfully performed. With the following test data [title]. @22-09-2021 02:00:19.0252 AM
[ReportManager] API Action [GetResponseJSONValue] successfully performed. With the following test data [title]. @22-09-2021 02:00:19.0264 AM
[ReportManager] API Action [GetResponseJSONValue] successfully performed. With the following test data [title]. @22-09-2021 02:00:19.0274 AM
[ReportManager] API Action [GetResponseJSONValue] successfully performed. With the following test data [title]. @22-09-2021 02:00:19.0285 AM
[ReportManager] API Action [GetResponseJSONValue] successfully performed. With the following test data [title]. @22-09-2021 02:00:19.0295 AM
[ReportManager] API Action [GetResponseJSONValue] successfully performed. With the following test data [title]. @22-09-2021 02:00:19.0305 AM
[ReportManager] API Action [GetResponseJSONValue] successfully performed. With the following test data [title]. @22-09-2021 02:00:19.0316 AM
[ReportManager] API Action [GetResponseJSONValue] successfully performed. With the following test data [title]. @22-09-2021 02:00:19.0327 AM
[ReportManager] API Action [GetResponseJSONValue] successfully performed. With the following test data [title]. @22-09-2021 02:00:19.0337 AM
[ReportManager] API Action [GetResponseJSONValue] successfully performed. With the following test data [title]. @22-09-2021 02:00:19.0348 AM
[ReportManager] API Action [GetResponseJSONValue] successfully performed. With the following test data [title]. @22-09-2021 02:00:19.0358 AM
[ReportManager] API Action [GetResponseJSONValue] successfully performed. With the following test data [title]. @22-09-2021 02:00:19.0368 AM
[ReportManager] API Action [GetResponseJSONValue] successfully performed. With the following test data [title]. @22-09-2021 02:00:19.0379 AM
[ReportManager] API Action [GetResponseJSONValue] successfully performed. With the following test data [title]. @22-09-2021 02:00:19.0391 A

################################################################################################################################################
Starting Execution:	[68 out of 143] test cases in the current suite
Test Method:		[unitTests.tests_restActions.validateUserEmail]
################################################################################################################################################
[ReportManager] Response status code: [200], status line: [HTTP/1.1 200 OK] @22-09-2021 02:00:19.0472 AM
[ReportManager] Assertion Passed: Evaluating the actual response status code against the expected one... @22-09-2021 02:00:19.0472 AM
[ReportManager] Assertion [ValidateEquals] PASSED. Expected [200] and Actual [200]. Comparison Type [EQUALS]. Validation Type [POSITIVE]. @22-09-2021 02:00:19.0472 AM
[ReportManager] API Action [PerformRequest] successfully performed. With the following test data [Request Type: "GET" | Target Status Code: "200" | Service URL: "https://jsonplaceholder.typicode.com/users" | Content Type: "*/*" | Response Time: "70ms"]. @22-09-2021 02:00:19.0495 AM
[ReportManager] Successfully created attachment [API Request - Specifications] @22-09-2021 02:00:19.0496 AM
[ReportManager] Successfully created attachment [API Response - JSON Body] @22-09-2021 02:00:19.0496 AM
[ReportManager] Assertion [ValidateEquals] PASSED. Expected and Actual values are attached. Comparison Type [CONTAINS]. Validation Type [POSITIVE]. @22-09-2021 02:00:19.0497 AM
[ReportManager] Successfully created attachment [Validation Test Data - Expected Value] @22-09-2021 02:00:19.0497 AM
[ReportManager] Successfully created attachment [Validation Test Data - Actual Value] @22-09-2021 02:00:19.0498 AM
[ReportManager] API Action [GetResponseJSONValueAsList] successfully performed. With the following test data [$]. @22-09-2021 02:00:19.0505 AM
[ReportManager] API Action [GetResponseJSONValue] successfully performed. With the following test data [name]. @22-09-2021 02:00:19.0517 AM
[ReportManager] API Action [GetResponseJSONValue] successfully performed. With the following test data [email]. @22-09-2021 02:00:19.0527 AM
[ReportManager] Assertion [ValidateEquals] PASSED. Expected [Sincere@april.biz] and Actual [Sincere@april.biz]. Comparison Type [EQUALS]. Validation Type [POSITIVE]. @22-09-2021 02:00:19.0528 AM
[ReportManager] API Action [GetResponseJSONValue] successfully performed. With the following test data [name]. @22-09-2021 02:00:19.0539 AM
[ReportManager] API Action [GetResponseJSONValue] successfully performed. With the following test data [name]. @22-09-2021 02:00:19.0550 AM
[ReportManager] API Action [GetResponseJSONValue] successfully performed. With the following test data [name]. @22-09-2021 02:00:19.0561 AM
[ReportManager] API Action [GetResponseJSONValue] successfully performed. With the following test data [name]. @22-09-2021 02:00:19.0572 AM
[ReportManager] API Action [GetResponseJSONValue] successfully performed. With the following test data [name]. @22-09-2021 02:00:19.0582 AM
[ReportManager] API Action [GetResponseJSONValue] successfully performed. With the following test data [name]. @22-09-2021 02:00:19.0593 AM
[ReportManager] API Action [GetResponseJSONValue] successfully performed. With the following test data [name]. @22-09-2021 02:00:19.0604 AM
[ReportManager] API Action [GetResponseJSONValue] successfully performed. With the following test data [name]. @22-09-2021 02:00:19.0615 AM
[ReportManager] API Action [GetResponseJSONValue] successfully performed. With the following test data [name]. @22-09-2021 02:00:19.0625 A
[ReportManager] File Action [GetAbsolutePath] successfully performed. With the following test data [Relative Folder Path: "target/downloadedFiles/"]. @22-09-2021 02:00:19.0628 AM
[ReportManager] Attempting to run locally on: [Mac-64], [Safari], Headless Execution. @22-09-2021 02:00:19.0629 AM
[ReportManager] Successfully Opened Safari. @22-09-2021 02:00:20.0514 AM
[ReportManager] Initial window size: (800, 600) @22-09-2021 02:00:20.0552 AM
[ReportManager] Window size after SWD Maximize: (1176, 811) @22-09-2021 02:00:20.0580 AM
[ReportManager] Browser Action [MaximizeWindow] successfully performed. With the following test data [New screen size is now: (1176, 811)]. @22-09-2021 02:00:20.0580 A

################################################################################################################################################
Starting Execution:	[69 out of 143] test cases in the current suite
Test Method:		[testPackage01.Test_uploadFile.uploadFile_invisibleUploadInput]
################################################################################################################################################
[ReportManager] Target URL: [https://fineuploader.com/demos.html#gallery-view] @22-09-2021 02:00:20.0583 AM
[ReportManager] Initial URL: [] @22-09-2021 02:00:20.0628 AM
[ReportManager] Browser Action [NavigateToURL] successfully performed. With the following test data [https://fineuploader.com/demos.html#gallery-view]. @22-09-2021 02:00:22.0280 AM
[ReportManager] File Action [GetAbsolutePath] successfully performed. With the following test data [Relative File Path: "src/main/resources/images/shaft.png"]. @22-09-2021 02:00:22.0280 AM
[ReportManager] Successfully created attachment [File Action Actual Result - Command Log] @22-09-2021 02:00:22.0281 A
[ReportManager] Browser Action [CloseCurrentWindow] successfully performed. @22-09-2021 02:00:22.0528 AM
[ReportManager] Successfully created attachment [Browser Action Test Data - CloseCurrentWindow - Actual Value] @22-09-2021 02:00:22.0529 A
[ReportManager] File Action [GetAbsolutePath] successfully performed. With the following test data [Relative Folder Path: "target/downloadedFiles/"]. @22-09-2021 02:00:22.0533 AM
[ReportManager] Attempting to run locally on: [Mac-64], [Safari], Headless Execution. @22-09-2021 02:00:22.0533 AM
[ReportManager] Successfully Opened Safari. @22-09-2021 02:00:23.0335 AM
[ReportManager] Initial window size: (800, 600) @22-09-2021 02:00:23.0351 AM
[ReportManager] Window size after SWD Maximize: (1176, 811) @22-09-2021 02:00:23.0380 AM
[ReportManager] Browser Action [MaximizeWindow] successfully performed. With the following test data [New screen size is now: (1176, 811)]. @22-09-2021 02:00:23.0381 A

################################################################################################################################################
Starting Execution:	[70 out of 143] test cases in the current suite
Test Method:		[testPackage01.Test_uploadFile.uploadFile_visibleUploadInput]
################################################################################################################################################
[ReportManager] Target URL: [http://demo.guru99.com/test/upload/] @22-09-2021 02:00:23.0383 AM
[ReportManager] Initial URL: [] @22-09-2021 02:00:23.0457 AM
[ReportManager] Browser Action [NavigateToURL] successfully performed. With the following test data [http://demo.guru99.com/test/upload/]. @22-09-2021 02:00:25.0300 AM
[ReportManager] File Action [GetAbsolutePath] successfully performed. With the following test data [Relative File Path: "src/main/resources/images/shaft.png"]. @22-09-2021 02:00:25.0301 AM
[ReportManager] Successfully created attachment [File Action Actual Result - Command Log] @22-09-2021 02:00:25.0301 AM
[ReportManager] Element Action [TypeFileLocationForUpload] successfully performed. With the following test data [/Users/runner/work/SHAFT_ENGINE/SHAFT_ENGINE/src/main/resources/images/shaft.png]. @22-09-2021 02:00:25.0362 AM
[ReportManager] Element Action [Click] successfully performed. With the following test data [on]. @22-09-2021 02:00:25.0641 AM
[ReportManager] Element Action [Click] successfully performed. With the following test data [ Submit File]. @22-09-2021 02:00:25.0943 AM
[ReportManager] Element Action [GetText] successfully performed. With the following test data [1 file has been successfully uploaded.]. @22-09-2021 02:00:26.0530 AM
[ReportManager] Loaded Shared OpenCV @22-09-2021 02:00:26.0607 AM
[ReportManager] Assertion [ValidateElementAttribute] PASSED. Expected [Value Should be '1 file' for the 'Text' attribute, element locator 'By.id: res'] and Actual [1 file has been successfully uploaded.]. Comparison Type [CONTAINS]. Validation Type [POSITIVE]. @22-09-2021 02:00:26.0699 AM
[ReportManager] Successfully created attachment [Screenshot - 1632276026607_uploadFile_visibleUploadInput_ValidateElementAttribute_passed] @22-09-2021 02:00:26.0700 A
[ReportManager] Browser Action [CloseCurrentWindow] successfully performed. @22-09-2021 02:00:26.0810 AM
[ReportManager] Successfully created attachment [Browser Action Test Data - CloseCurrentWindow - Actual Value] @22-09-2021 02:00:26.0810 A

################################################################################################################################################
Starting Execution:	[71 out of 143] test cases in the current suite
Test Method:		[testPackage01.Test_AssertApiResponseEquals.assertApiResponseEquals_expectedToPass]
################################################################################################################################################
[ReportManager] Response status code: [200], status line: [HTTP/1.1 200 OK] @22-09-2021 02:00:26.0899 AM
[ReportManager] Assertion Passed: Evaluating the actual response status code against the expected one... @22-09-2021 02:00:26.0900 AM
[ReportManager] Assertion [ValidateEquals] PASSED. Expected [200] and Actual [200]. Comparison Type [EQUALS]. Validation Type [POSITIVE]. @22-09-2021 02:00:26.0900 AM
[ReportManager] API Action [PerformRequest] successfully performed. With the following test data [Request Type: "GET" | Target Status Code: "200" | Service URL: "https://jsonplaceholder.typicode.com/users" | Content Type: "*/*" | Response Time: "68ms"]. @22-09-2021 02:00:26.0921 AM
[ReportManager] Successfully created attachment [API Request - Specifications] @22-09-2021 02:00:26.0922 AM
[ReportManager] Successfully created attachment [API Response - JSON Body] @22-09-2021 02:00:26.0922 AM
[ReportManager] API Action [GetResponseJSONValueAsList] successfully performed. With the following test data [$]. @22-09-2021 02:00:26.0929 AM
[ReportManager] API Action [GetResponseJSONValue] successfully performed. With the following test data [name]. @22-09-2021 02:00:26.0944 AM
[ReportManager] API Action [GetResponseJSONValue] successfully performed. With the following test data [email]. @22-09-2021 02:00:26.0955 AM
[ReportManager] Verification [ValidateEquals] PASSED. Expected [Sincere@april.biz] and Actual [Sincere@april.biz]. Comparison Type [EQUALS]. Validation Type [POSITIVE]. @22-09-2021 02:00:26.0955 AM
[ReportManager] API Action [GetResponseJSONValue] successfully performed. With the following test data [username]. @22-09-2021 02:00:26.0967 AM
[ReportManager] Assertion [ValidateEquals] PASSED. Expected [Bret] and Actual [Bret]. Comparison Type [EQUALS]. Validation Type [POSITIVE]. @22-09-2021 02:00:26.0968 AM
[ReportManager] API Action [GetResponseJSONValue] successfully performed. With the following test data [name]. @22-09-2021 02:00:26.0979 AM
[ReportManager] API Action [GetResponseJSONValue] successfully performed. With the following test data [name]. @22-09-2021 02:00:26.0989 AM
[ReportManager] API Action [GetResponseJSONValue] successfully performed. With the following test data [name]. @22-09-2021 02:00:27.0001 AM
[ReportManager] API Action [GetResponseJSONValue] successfully performed. With the following test data [name]. @22-09-2021 02:00:27.0012 AM
[ReportManager] API Action [GetResponseJSONValue] successfully performed. With the following test data [name]. @22-09-2021 02:00:27.0023 AM
[ReportManager] API Action [GetResponseJSONValue] successfully performed. With the following test data [name]. @22-09-2021 02:00:27.0033 AM
[ReportManager] API Action [GetResponseJSONValue] successfully performed. With the following test data [name]. @22-09-2021 02:00:27.0044 AM
[ReportManager] API Action [GetResponseJSONValue] successfully performed. With the following test data [name]. @22-09-2021 02:00:27.0054 AM
[ReportManager] API Action [GetResponseJSONValue] successfully performed. With the following test data [name]. @22-09-2021 02:00:27.0069 A

################################################################################################################################################
Starting Execution:	[72 out of 143] test cases in the current suite
Test Method:		[testPackage01.Test_testData.f]
################################################################################################################################################
[ReportManager] Successfully loaded the following test data file [src/test/resources/TestDataFiles/testSuite01/TestData.xlsx]. @22-09-2021 02:00:27.0117 AM
[ReportManager] Successfully created attachment [Test Data - Excel] @22-09-2021 02:00:27.0118 AM
[ReportManager] Last Column Number is: [3]. Zero-based. @22-09-2021 02:00:27.0118 A
[ReportManager] File Action [GetAbsolutePath] successfully performed. With the following test data [Relative Folder Path: "target/downloadedFiles/"]. @22-09-2021 02:00:27.0121 AM
[ReportManager] Attempting to run locally on: [Mac-64], [Safari], Headless Execution. @22-09-2021 02:00:27.0121 AM
[ReportManager] Successfully Opened Safari. @22-09-2021 02:00:27.0938 AM
[ReportManager] Initial window size: (800, 600) @22-09-2021 02:00:27.0949 AM
[ReportManager] Window size after SWD Maximize: (1176, 811) @22-09-2021 02:00:27.0969 AM
[ReportManager] Browser Action [MaximizeWindow] successfully performed. With the following test data [New screen size is now: (1176, 811)]. @22-09-2021 02:00:27.0970 A

################################################################################################################################################
Starting Execution:	[73 out of 143] test cases in the current suite
Test Method:		[testPackage01.Test_ShadowDOM.shadowdom]
################################################################################################################################################
[ReportManager] Target URL: [https://mdn.github.io/web-components-examples/popup-info-box-web-component/] @22-09-2021 02:00:27.0973 AM
[ReportManager] Initial URL: [] @22-09-2021 02:00:28.0029 AM
[ReportManager] Browser Action [NavigateToURL] successfully performed. With the following test data [https://mdn.github.io/web-components-examples/popup-info-box-web-component/]. @22-09-2021 02:00:28.0526 AM
[ReportManager] Element Action [Type] successfully performed. With the following test data [Typing into SHADOW DOM...]. @22-09-2021 02:00:29.0375 AM
[ReportManager] Element Action [GetText] successfully performed. With the following test data [Typing into SHADOW DOM...]. @22-09-2021 02:00:29.0433 AM
[ReportManager] Loaded Shared OpenCV @22-09-2021 02:00:29.0489 AM
[ReportManager] Assertion [ValidateElementAttribute] PASSED. Expected [Value Should be 'Typing into SHADOW DOM...' for the 'Text' attribute, element locator 'By.id: cvc'] and Actual [Typing into SHADOW DOM...]. Comparison Type [EQUALS]. Validation Type [POSITIVE]. @22-09-2021 02:00:29.0617 AM
[ReportManager] Successfully created attachment [Screenshot - 1632276029489_shadowdom_ValidateElementAttribute_passed] @22-09-2021 02:00:29.0618 A
[ReportManager] Browser Action [CloseCurrentWindow] successfully performed. @22-09-2021 02:00:29.0864 AM
[ReportManager] Successfully created attachment [Browser Action Test Data - CloseCurrentWindow - Actual Value] @22-09-2021 02:00:29.0865 A
[ReportManager] File Action [GetAbsolutePath] successfully performed. With the following test data [Relative Folder Path: "target/downloadedFiles/"]. @22-09-2021 02:00:29.0868 AM
[ReportManager] Attempting to run locally on: [Mac-64], [Safari], Headless Execution. @22-09-2021 02:00:29.0868 AM
[ReportManager] Successfully Opened Safari. @22-09-2021 02:00:30.0724 AM
[ReportManager] Initial window size: (800, 600) @22-09-2021 02:00:30.0756 AM
[ReportManager] Window size after SWD Maximize: (1176, 811) @22-09-2021 02:00:30.0783 AM
[ReportManager] Browser Action [MaximizeWindow] successfully performed. With the following test data [New screen size is now: (1176, 811)]. @22-09-2021 02:00:30.0784 A

################################################################################################################################################
Starting Execution:	[74 out of 143] test cases in the current suite
Test Method:		[testPackage01.Test_clipboardActions.typeTextAndCopyPaste]
################################################################################################################################################
[ReportManager] Target URL: [https://www.google.com/ncr], and after redirection: [https://www.google.com] @22-09-2021 02:00:30.0786 AM
[ReportManager] Initial URL: [] @22-09-2021 02:00:30.0845 AM
[ReportManager] Browser Action [NavigateToURL] successfully performed. With the following test data [https://www.google.com/ncr]. @22-09-2021 02:00:32.0284 AM
[ReportManager] Element Action [Type] successfully performed. With the following test data [FIRST]. @22-09-2021 02:00:32.0634 A
[ReportManager] Browser Action [CloseCurrentWindow] successfully performed. @22-09-2021 02:00:32.0995 AM
[ReportManager] Successfully created attachment [Browser Action Test Data - CloseCurrentWindow - Actual Value] @22-09-2021 02:00:32.0996 A

################################################################################################################################################
Starting Execution:	[75 out of 143] test cases in the current suite
Test Method:		[testPackage01.Test_NewValidationHelper.f1]
################################################################################################################################################
[ReportManager] Assertion Passed: Checking valid user data @22-09-2021 02:00:33.0000 AM
[ReportManager] Successfully created attachment [Validation Test Data - Expected Value] @22-09-2021 02:00:33.0001 AM
[ReportManager] Successfully created attachment [Validation Test Data - Actual Value] @22-09-2021 02:00:33.0001 AM
[ReportManager] Assertion [ValidateEquals] PASSED. Expected and Actual values are attached. Comparison Type [EQUALS]. Validation Type [POSITIVE]. @22-09-2021 02:00:33.0001 A
[ReportManager] File Action [GetAbsolutePath] successfully performed. With the following test data [Relative Folder Path: "target/downloadedFiles/"]. @22-09-2021 02:00:33.0004 AM
[ReportManager] Attempting to run locally on: [Mac-64], [Safari], Headless Execution. @22-09-2021 02:00:33.0004 AM
[ReportManager] Successfully Opened Safari. @22-09-2021 02:00:33.0770 AM
[ReportManager] Initial window size: (800, 600) @22-09-2021 02:00:33.0782 AM
[ReportManager] Window size after SWD Maximize: (1176, 811) @22-09-2021 02:00:33.0806 AM
[ReportManager] Browser Action [MaximizeWindow] successfully performed. With the following test data [New screen size is now: (1176, 811)]. @22-09-2021 02:00:33.0806 AM
[ReportManager] Target URL: [https://the-internet.herokuapp.com/] @22-09-2021 02:00:33.0807 AM
[ReportManager] Initial URL: [] @22-09-2021 02:00:33.0869 AM
[ReportManager] Browser Action [NavigateToURL] successfully performed. With the following test data [https://the-internet.herokuapp.com/]. @22-09-2021 02:00:35.0222 A

################################################################################################################################################
Starting Execution:	[76 out of 143] test cases in the current suite
Test Method:		[testPackage01.Test_NewValidationHelper.f10]
################################################################################################################################################
[ReportManager] Assertion [ValidateElementExists] FAILED. Expected [Element Should Exist, locator 'By.tagName: div'] and Actual [Element Exists but is not unique]. Comparison Type [EQUALS]. Validation Type [POSITIVE]. @22-09-2021 02:00:35.0405 AM
[ReportManager] Successfully created attachment [Screenshot - 1632276035323_f10_ValidateElementExists_failed] @22-09-2021 02:00:35.0406 A
[ReportManager] Successfully Closed All Drivers. @22-09-2021 02:00:35.0453 A
[ReportManager] File Action [GetAbsolutePath] successfully performed. With the following test data [Relative Folder Path: "target/downloadedFiles/"]. @22-09-2021 02:00:35.0464 AM
[ReportManager] Attempting to run locally on: [Mac-64], [Safari], Headless Execution. @22-09-2021 02:00:35.0465 AM
[ReportManager] Successfully Opened Safari. @22-09-2021 02:00:36.0318 AM
[ReportManager] Initial window size: (800, 600) @22-09-2021 02:00:36.0359 AM
[ReportManager] Window size after SWD Maximize: (1176, 811) @22-09-2021 02:00:36.0383 AM
[ReportManager] Browser Action [MaximizeWindow] successfully performed. With the following test data [New screen size is now: (1176, 811)]. @22-09-2021 02:00:36.0383 AM
[ReportManager] Target URL: [https://the-internet.herokuapp.com/] @22-09-2021 02:00:36.0383 AM
[ReportManager] Initial URL: [] @22-09-2021 02:00:36.0443 AM
[ReportManager] Browser Action [NavigateToURL] successfully performed. With the following test data [https://the-internet.herokuapp.com/]. @22-09-2021 02:00:37.0681 A

################################################################################################################################################
Starting Execution:	[77 out of 143] test cases in the current suite
Test Method:		[testPackage01.Test_NewValidationHelper.f11]
################################################################################################################################################
[ReportManager] Assertion Passed: Checking that false tag doesn't exist @22-09-2021 02:00:48.0777 AM
[ReportManager] Successfully created attachment [Screenshot - 1632276048695_f11_ValidateElementExists_passed] @22-09-2021 02:00:48.0778 AM
[ReportManager] Assertion [ValidateElementExists] PASSED. Expected [Element Should not Exist, locator 'By.tagName: h3'] and Actual [Element Doesn't Exists]. Comparison Type [EQUALS]. Validation Type [NEGATIVE]. @22-09-2021 02:00:48.0778 A
[ReportManager] Successfully Closed All Drivers. @22-09-2021 02:00:49.0004 A
[ReportManager] File Action [GetAbsolutePath] successfully performed. With the following test data [Relative Folder Path: "target/downloadedFiles/"]. @22-09-2021 02:00:49.0006 AM
[ReportManager] Attempting to run locally on: [Mac-64], [Safari], Headless Execution. @22-09-2021 02:00:49.0006 AM
[ReportManager] Successfully Opened Safari. @22-09-2021 02:00:49.0842 AM
[ReportManager] Initial window size: (800, 600) @22-09-2021 02:00:49.0871 AM
[ReportManager] Window size after SWD Maximize: (1176, 811) @22-09-2021 02:00:49.0885 AM
[ReportManager] Browser Action [MaximizeWindow] successfully performed. With the following test data [New screen size is now: (1176, 811)]. @22-09-2021 02:00:49.0885 AM
[ReportManager] Target URL: [https://the-internet.herokuapp.com/] @22-09-2021 02:00:49.0885 AM
[ReportManager] Initial URL: [] @22-09-2021 02:00:49.0964 AM
[ReportManager] Browser Action [NavigateToURL] successfully performed. With the following test data [https://the-internet.herokuapp.com/]. @22-09-2021 02:00:51.0280 A

################################################################################################################################################
Starting Execution:	[78 out of 143] test cases in the current suite
Test Method:		[testPackage01.Test_NewValidationHelper.f12]
################################################################################################################################################
[ReportManager] Loaded Shared OpenCV @22-09-2021 02:00:51.0387 AM
[ReportManager] Assertion [ValidateElementExists] FAILED. Expected [Element Should not Exist, locator 'By.tagName: h1'] and Actual [Element Exists]. Comparison Type [EQUALS]. Validation Type [NEGATIVE]. @22-09-2021 02:00:51.0483 AM
[ReportManager] Successfully created attachment [Screenshot - 1632276051387_f12_ValidateElementExists_failed] @22-09-2021 02:00:51.0485 A
[ReportManager] Successfully Closed All Drivers. @22-09-2021 02:00:51.0580 A
[ReportManager] File Action [GetAbsolutePath] successfully performed. With the following test data [Relative Folder Path: "target/downloadedFiles/"]. @22-09-2021 02:00:51.0583 AM
[ReportManager] Attempting to run locally on: [Mac-64], [Safari], Headless Execution. @22-09-2021 02:00:51.0583 AM
[ReportManager] Successfully Opened Safari. @22-09-2021 02:00:52.0376 AM
[ReportManager] Initial window size: (800, 600) @22-09-2021 02:00:52.0400 AM
[ReportManager] Window size after SWD Maximize: (1176, 811) @22-09-2021 02:00:52.0423 AM
[ReportManager] Browser Action [MaximizeWindow] successfully performed. With the following test data [New screen size is now: (1176, 811)]. @22-09-2021 02:00:52.0423 AM
[ReportManager] Target URL: [https://the-internet.herokuapp.com/] @22-09-2021 02:00:52.0424 AM
[ReportManager] Initial URL: [] @22-09-2021 02:00:52.0480 AM
[ReportManager] Browser Action [NavigateToURL] successfully performed. With the following test data [https://the-internet.herokuapp.com/]. @22-09-2021 02:00:53.0771 A

################################################################################################################################################
Starting Execution:	[79 out of 143] test cases in the current suite
Test Method:		[testPackage01.Test_NewValidationHelper.f13]
################################################################################################################################################
[ReportManager] Assertion [ValidateElementExists] FAILED. Expected [Element Should not Exist, locator 'By.tagName: div'] and Actual [Element Exists but is not unique]. Comparison Type [EQUALS]. Validation Type [NEGATIVE]. @22-09-2021 02:00:54.0028 AM
[ReportManager] Successfully created attachment [Screenshot - 1632276053933_f13_ValidateElementExists_failed] @22-09-2021 02:00:54.0029 A
[ReportManager] Successfully Closed All Drivers. @22-09-2021 02:00:54.0091 A
[ReportManager] File Action [GetAbsolutePath] successfully performed. With the following test data [Relative Folder Path: "target/downloadedFiles/"]. @22-09-2021 02:00:54.0094 AM
[ReportManager] Attempting to run locally on: [Mac-64], [Safari], Headless Execution. @22-09-2021 02:00:54.0094 AM
[ReportManager] Successfully Opened Safari. @22-09-2021 02:00:54.0945 AM
[ReportManager] Initial window size: (800, 600) @22-09-2021 02:00:54.0968 AM
[ReportManager] Window size after SWD Maximize: (1176, 811) @22-09-2021 02:00:54.0990 AM
[ReportManager] Browser Action [MaximizeWindow] successfully performed. With the following test data [New screen size is now: (1176, 811)]. @22-09-2021 02:00:54.0990 AM
[ReportManager] Target URL: [https://the-internet.herokuapp.com/] @22-09-2021 02:00:54.0990 AM
[ReportManager] Initial URL: [] @22-09-2021 02:00:55.0046 AM
[ReportManager] Browser Action [NavigateToURL] successfully performed. With the following test data [https://the-internet.herokuapp.com/]. @22-09-2021 02:00:56.0301 A

################################################################################################################################################
Starting Execution:	[80 out of 143] test cases in the current suite
Test Method:		[testPackage01.Test_NewValidationHelper.f14]
################################################################################################################################################
[ReportManager] Element Action [GetText] successfully performed. With the following test data [Welcome to the-internet]. @22-09-2021 02:00:56.0347 AM
[ReportManager] Loaded Shared OpenCV @22-09-2021 02:00:56.0411 AM
[ReportManager] Assertion Passed: Asserting that the header text is correct @22-09-2021 02:00:56.0512 AM
[ReportManager] Successfully created attachment [Screenshot - 1632276056410_f14_ValidateElementAttribute_passed] @22-09-2021 02:00:56.0513 AM
[ReportManager] Assertion [ValidateElementAttribute] PASSED. Expected [Value Should be 'Welcome to the-internet' for the 'text' attribute, element locator 'By.tagName: h1'] and Actual [Welcome to the-internet]. Comparison Type [EQUALS]. Validation Type [POSITIVE]. @22-09-2021 02:00:56.0513 A
[ReportManager] Successfully Closed All Drivers. @22-09-2021 02:00:56.0603 A
[ReportManager] File Action [GetAbsolutePath] successfully performed. With the following test data [Relative Folder Path: "target/downloadedFiles/"]. @22-09-2021 02:00:56.0606 AM
[ReportManager] Attempting to run locally on: [Mac-64], [Safari], Headless Execution. @22-09-2021 02:00:56.0606 AM
[ReportManager] Successfully Opened Safari. @22-09-2021 02:00:57.0444 AM
[ReportManager] Initial window size: (800, 600) @22-09-2021 02:00:57.0472 AM
[ReportManager] Window size after SWD Maximize: (1176, 811) @22-09-2021 02:00:57.0498 AM
[ReportManager] Browser Action [MaximizeWindow] successfully performed. With the following test data [New screen size is now: (1176, 811)]. @22-09-2021 02:00:57.0499 AM
[ReportManager] Target URL: [https://the-internet.herokuapp.com/] @22-09-2021 02:00:57.0499 AM
[ReportManager] Initial URL: [] @22-09-2021 02:00:57.0563 AM
[ReportManager] Browser Action [NavigateToURL] successfully performed. With the following test data [https://the-internet.herokuapp.com/]. @22-09-2021 02:00:58.0769 A

################################################################################################################################################
Starting Execution:	[81 out of 143] test cases in the current suite
Test Method:		[testPackage01.Test_NewValidationHelper.f15]
################################################################################################################################################
[ReportManager] Element Action [GetText] successfully performed. With the following test data [Welcome to the-internet]. @22-09-2021 02:00:58.0900 AM
[ReportManager] Loaded Shared OpenCV @22-09-2021 02:00:58.0966 AM
[ReportManager] Assertion [ValidateElementAttribute] FAILED. Expected [Value Should not be 'Welcome' for the 'text' attribute, element locator 'By.tagName: h1'] and Actual [Welcome to the-internet]. Comparison Type [CONTAINS]. Validation Type [NEGATIVE]. @22-09-2021 02:00:59.0062 AM
[ReportManager] Successfully created attachment [Screenshot - 1632276058966_f15_ValidateElementAttribute_failed] @22-09-2021 02:00:59.0064 A
[ReportManager] Successfully Closed All Drivers. @22-09-2021 02:00:59.0173 A
[ReportManager] File Action [GetAbsolutePath] successfully performed. With the following test data [Relative Folder Path: "target/downloadedFiles/"]. @22-09-2021 02:00:59.0175 AM
[ReportManager] Attempting to run locally on: [Mac-64], [Safari], Headless Execution. @22-09-2021 02:00:59.0175 AM
[ReportManager] Successfully Opened Safari. @22-09-2021 02:00:59.0945 AM
[ReportManager] Initial window size: (800, 600) @22-09-2021 02:00:59.0969 AM
[ReportManager] Window size after SWD Maximize: (1176, 811) @22-09-2021 02:00:59.0980 AM
[ReportManager] Browser Action [MaximizeWindow] successfully performed. With the following test data [New screen size is now: (1176, 811)]. @22-09-2021 02:00:59.0981 AM
[ReportManager] Target URL: [https://the-internet.herokuapp.com/] @22-09-2021 02:00:59.0981 AM
[ReportManager] Initial URL: [] @22-09-2021 02:01:00.0051 AM
[ReportManager] Browser Action [NavigateToURL] successfully performed. With the following test data [https://the-internet.herokuapp.com/]. @22-09-2021 02:01:01.0323 A

################################################################################################################################################
Starting Execution:	[82 out of 143] test cases in the current suite
Test Method:		[testPackage01.Test_NewValidationHelper.f16]
################################################################################################################################################
[ReportManager] Element Action [IdentifyUniqueElement] failed. With the following test data [zero elements found matching this locator "By.tagName: h3".]. @22-09-2021 02:01:26.0985 AM
[ReportManager] Successfully created attachment [Screenshot - 1632276086901_f16_IdentifyUniqueElement_failed] @22-09-2021 02:01:26.0988 AM
[ReportManager] Assertion [ValidateElementAttribute] FAILED. Expected [Value Should not be 'Welcome' for the 'text' attribute, element locator 'By.tagName: h3'] and Actual [Failed to read the desired element attribute]. Comparison Type [CONTAINS]. Validation Type [NEGATIVE]. @22-09-2021 02:01:26.0988 A
[ReportManager] Successfully Closed All Drivers. @22-09-2021 02:01:27.0217 A
[ReportManager] File Action [GetAbsolutePath] successfully performed. With the following test data [Relative Folder Path: "target/downloadedFiles/"]. @22-09-2021 02:01:27.0222 AM
[ReportManager] Attempting to run locally on: [Mac-64], [Safari], Headless Execution. @22-09-2021 02:01:27.0222 AM
[ReportManager] Successfully Opened Safari. @22-09-2021 02:01:28.0209 AM
[ReportManager] Initial window size: (800, 600) @22-09-2021 02:01:28.0240 AM
[ReportManager] Window size after SWD Maximize: (1176, 811) @22-09-2021 02:01:28.0267 AM
[ReportManager] Browser Action [MaximizeWindow] successfully performed. With the following test data [New screen size is now: (1176, 811)]. @22-09-2021 02:01:28.0267 AM
[ReportManager] Target URL: [https://the-internet.herokuapp.com/] @22-09-2021 02:01:28.0267 AM
[ReportManager] Initial URL: [] @22-09-2021 02:01:28.0342 AM
[ReportManager] Browser Action [NavigateToURL] successfully performed. With the following test data [https://the-internet.herokuapp.com/]. @22-09-2021 02:01:29.0591 A

################################################################################################################################################
Starting Execution:	[83 out of 143] test cases in the current suite
Test Method:		[testPackage01.Test_NewValidationHelper.f17]
################################################################################################################################################
[ReportManager] Attempting to getAttribute [text2] from elementLocator [By.tagName: h1]. @22-09-2021 02:01:29.0717 AM
[ReportManager] Element Action [GetAttribute] successfully performed. @22-09-2021 02:01:29.0758 AM
[ReportManager] Loaded Shared OpenCV @22-09-2021 02:01:29.0822 AM
[ReportManager] Assertion [ValidateElementAttribute] PASSED. Expected [Value Should not be 'Welcome' for the 'text2' attribute, element locator 'By.tagName: h1'] and Actual [null]. Comparison Type [CONTAINS]. Validation Type [NEGATIVE]. @22-09-2021 02:01:29.0921 AM
[ReportManager] Successfully created attachment [Screenshot - 1632276089821_f17_ValidateElementAttribute_passed] @22-09-2021 02:01:29.0923 A
[ReportManager] Successfully Closed All Drivers. @22-09-2021 02:01:30.0121 A
[ReportManager] File Action [GetAbsolutePath] successfully performed. With the following test data [Relative Folder Path: "target/downloadedFiles/"]. @22-09-2021 02:01:30.0128 AM
[ReportManager] Attempting to run locally on: [Mac-64], [Safari], Headless Execution. @22-09-2021 02:01:30.0129 AM
[ReportManager] Successfully Opened Safari. @22-09-2021 02:01:30.0986 AM
[ReportManager] Initial window size: (800, 600) @22-09-2021 02:01:31.0023 AM
[ReportManager] Window size after SWD Maximize: (1176, 811) @22-09-2021 02:01:31.0047 AM
[ReportManager] Browser Action [MaximizeWindow] successfully performed. With the following test data [New screen size is now: (1176, 811)]. @22-09-2021 02:01:31.0047 AM
[ReportManager] Target URL: [https://the-internet.herokuapp.com/] @22-09-2021 02:01:31.0047 AM
[ReportManager] Initial URL: [] @22-09-2021 02:01:31.0109 AM
[ReportManager] Browser Action [NavigateToURL] successfully performed. With the following test data [https://the-internet.herokuapp.com/]. @22-09-2021 02:01:32.0326 A

################################################################################################################################################
Starting Execution:	[84 out of 143] test cases in the current suite
Test Method:		[testPackage01.Test_NewValidationHelper.f18]
################################################################################################################################################
[ReportManager] Element Action [GetText] successfully performed. With the following test data [Welcome to the-internet]. @22-09-2021 02:01:32.0377 AM
[ReportManager] Loaded Shared OpenCV @22-09-2021 02:01:32.0453 AM
[ReportManager] Assertion [ValidateElementAttribute] PASSED. Expected [Value Should not be 'no' for the 'text' attribute, element locator 'By.tagName: h1'] and Actual [Welcome to the-internet]. Comparison Type [CONTAINS]. Validation Type [NEGATIVE]. @22-09-2021 02:01:32.0553 AM
[ReportManager] Successfully created attachment [Screenshot - 1632276092453_f18_ValidateElementAttribute_passed] @22-09-2021 02:01:32.0555 A
[ReportManager] Successfully Closed All Drivers. @22-09-2021 02:01:32.0599 A
[ReportManager] File Action [GetAbsolutePath] successfully performed. With the following test data [Relative Folder Path: "target/downloadedFiles/"]. @22-09-2021 02:01:32.0601 AM
[ReportManager] Attempting to run locally on: [Mac-64], [Safari], Headless Execution. @22-09-2021 02:01:32.0601 AM
[ReportManager] Successfully Opened Safari. @22-09-2021 02:01:33.0360 AM
[ReportManager] Initial window size: (800, 600) @22-09-2021 02:01:33.0383 AM
[ReportManager] Window size after SWD Maximize: (1176, 811) @22-09-2021 02:01:33.0399 AM
[ReportManager] Browser Action [MaximizeWindow] successfully performed. With the following test data [New screen size is now: (1176, 811)]. @22-09-2021 02:01:33.0400 AM
[ReportManager] Target URL: [https://the-internet.herokuapp.com/] @22-09-2021 02:01:33.0400 AM
[ReportManager] Initial URL: [] @22-09-2021 02:01:33.0446 AM
[ReportManager] Browser Action [NavigateToURL] successfully performed. With the following test data [https://the-internet.herokuapp.com/]. @22-09-2021 02:01:34.0664 A

################################################################################################################################################
Starting Execution:	[85 out of 143] test cases in the current suite
Test Method:		[testPackage01.Test_NewValidationHelper.f19]
################################################################################################################################################
[ReportManager] Element Action [GetTagName] successfully performed. With the following test data [H1]. @22-09-2021 02:01:34.0730 AM
[ReportManager] Loaded Shared OpenCV @22-09-2021 02:01:34.0805 AM
[ReportManager] Assertion [ValidateElementAttribute] FAILED. Expected [Value Should be 'h' for the 'tagname' attribute, element locator 'By.tagName: h1'] and Actual [H1]. Comparison Type [CONTAINS]. Validation Type [POSITIVE]. @22-09-2021 02:01:34.0905 AM
[ReportManager] Successfully created attachment [Screenshot - 1632276094805_f19_ValidateElementAttribute_failed] @22-09-2021 02:01:34.0907 A
[ReportManager] Successfully Closed All Drivers. @22-09-2021 02:01:35.0018 A

################################################################################################################################################
Starting Execution:	[86 out of 143] test cases in the current suite
Test Method:		[testPackage01.Test_NewValidationHelper.f2]
################################################################################################################################################
[ReportManager] Assertion Failed: Checking valid user data @22-09-2021 02:01:35.0023 AM
[ReportManager] Assertion [ValidateEquals] FAILED. Expected [1] and Actual [2]. Comparison Type [EQUALS]. Validation Type [POSITIVE]. @22-09-2021 02:01:35.0023 A
[ReportManager] File Action [GetAbsolutePath] successfully performed. With the following test data [Relative Folder Path: "target/downloadedFiles/"]. @22-09-2021 02:01:35.0026 AM
[ReportManager] Attempting to run locally on: [Mac-64], [Safari], Headless Execution. @22-09-2021 02:01:35.0026 AM
[ReportManager] Successfully Opened Safari. @22-09-2021 02:01:35.0988 AM
[ReportManager] Initial window size: (800, 600) @22-09-2021 02:01:36.0015 AM
[ReportManager] Window size after SWD Maximize: (1176, 811) @22-09-2021 02:01:36.0034 AM
[ReportManager] Browser Action [MaximizeWindow] successfully performed. With the following test data [New screen size is now: (1176, 811)]. @22-09-2021 02:01:36.0035 AM
[ReportManager] Target URL: [https://the-internet.herokuapp.com/] @22-09-2021 02:01:36.0035 AM
[ReportManager] Initial URL: [] @22-09-2021 02:01:36.0098 AM
[ReportManager] Browser Action [NavigateToURL] successfully performed. With the following test data [https://the-internet.herokuapp.com/]. @22-09-2021 02:01:37.0386 A

################################################################################################################################################
Starting Execution:	[87 out of 143] test cases in the current suite
Test Method:		[testPackage01.Test_NewValidationHelper.f20]
################################################################################################################################################
[ReportManager] Element Action [GetSize] successfully performed. With the following test data [(971, 62)]. @22-09-2021 02:01:37.0431 AM
[ReportManager] Loaded Shared OpenCV @22-09-2021 02:01:37.0498 AM
[ReportManager] Assertion [ValidateElementAttribute] PASSED. Expected [Value Should not be 'a' for the 'size' attribute, element locator 'By.tagName: h1'] and Actual [(971, 62)]. Comparison Type [CONTAINS]. Validation Type [NEGATIVE]. @22-09-2021 02:01:37.0601 AM
[ReportManager] Successfully created attachment [Screenshot - 1632276097497_f20_ValidateElementAttribute_passed] @22-09-2021 02:01:37.0603 A
[ReportManager] Successfully Closed All Drivers. @22-09-2021 02:01:37.0845 A
[ReportManager] File Action [GetAbsolutePath] successfully performed. With the following test data [Relative Folder Path: "target/downloadedFiles/"]. @22-09-2021 02:01:37.0848 AM
[ReportManager] Attempting to run locally on: [Mac-64], [Safari], Headless Execution. @22-09-2021 02:01:37.0848 AM
[ReportManager] Successfully Opened Safari. @22-09-2021 02:01:38.0710 AM
[ReportManager] Initial window size: (800, 600) @22-09-2021 02:01:38.0734 AM
[ReportManager] Window size after SWD Maximize: (1176, 811) @22-09-2021 02:01:38.0767 AM
[ReportManager] Browser Action [MaximizeWindow] successfully performed. With the following test data [New screen size is now: (1176, 811)]. @22-09-2021 02:01:38.0767 AM
[ReportManager] Target URL: [https://the-internet.herokuapp.com/] @22-09-2021 02:01:38.0767 AM
[ReportManager] Initial URL: [] @22-09-2021 02:01:38.0834 AM
[ReportManager] Browser Action [NavigateToURL] successfully performed. With the following test data [https://the-internet.herokuapp.com/]. @22-09-2021 02:01:40.0043 A

################################################################################################################################################
Starting Execution:	[88 out of 143] test cases in the current suite
Test Method:		[testPackage01.Test_NewValidationHelper.f21]
################################################################################################################################################
[ReportManager] Element Action [IdentifyUniqueElement] failed. With the following test data [zero elements found matching this locator "By.tagName: h3".]. @22-09-2021 02:02:05.0766 AM
[ReportManager] Successfully created attachment [Screenshot - 1632276125687_f21_IdentifyUniqueElement_failed] @22-09-2021 02:02:05.0768 AM
[ReportManager] Assertion [ValidateElementAttribute] FAILED. Expected [Value Should be 'Welcome' for the 'text' attribute, element locator 'By.tagName: h3'] and Actual [Failed to read the desired element attribute]. Comparison Type [CONTAINS]. Validation Type [POSITIVE]. @22-09-2021 02:02:05.0769 A
[ReportManager] Successfully Closed All Drivers. @22-09-2021 02:02:06.0017 A
[ReportManager] File Action [GetAbsolutePath] successfully performed. With the following test data [Relative Folder Path: "target/downloadedFiles/"]. @22-09-2021 02:02:06.0019 AM
[ReportManager] Attempting to run locally on: [Mac-64], [Safari], Headless Execution. @22-09-2021 02:02:06.0020 AM
[ReportManager] Successfully Opened Safari. @22-09-2021 02:02:06.0900 AM
[ReportManager] Initial window size: (800, 600) @22-09-2021 02:02:06.0932 AM
[ReportManager] Window size after SWD Maximize: (1176, 811) @22-09-2021 02:02:06.0949 AM
[ReportManager] Browser Action [MaximizeWindow] successfully performed. With the following test data [New screen size is now: (1176, 811)]. @22-09-2021 02:02:06.0949 AM
[ReportManager] Target URL: [https://the-internet.herokuapp.com/] @22-09-2021 02:02:06.0949 AM
[ReportManager] Initial URL: [] @22-09-2021 02:02:07.0047 AM
[ReportManager] Browser Action [NavigateToURL] successfully performed. With the following test data [https://the-internet.herokuapp.com/]. @22-09-2021 02:02:08.0289 A

################################################################################################################################################
Starting Execution:	[89 out of 143] test cases in the current suite
Test Method:		[testPackage01.Test_NewValidationHelper.f22]
################################################################################################################################################
[ReportManager] Element Action [GetText] successfully performed. With the following test data [Welcome to the-internet]. @22-09-2021 02:02:08.0491 AM
[ReportManager] Loaded Shared OpenCV @22-09-2021 02:02:08.0553 AM
[ReportManager] Assertion [ValidateElementAttribute] FAILED. Expected [Value Should be 'yyy' for the 'text' attribute, element locator 'By.tagName: h1'] and Actual [Welcome to the-internet]. Comparison Type [CONTAINS]. Validation Type [POSITIVE]. @22-09-2021 02:02:08.0649 AM
[ReportManager] Successfully created attachment [Screenshot - 1632276128552_f22_ValidateElementAttribute_failed] @22-09-2021 02:02:08.0650 A
[ReportManager] Successfully Closed All Drivers. @22-09-2021 02:02:08.0799 A

################################################################################################################################################
Starting Execution:	[90 out of 143] test cases in the current suite
Test Method:		[testPackage01.Test_NewValidationHelper.f23]
################################################################################################################################################
[ReportManager] Assertion Passed: confirming that the actual is greater than or equal to the expected @22-09-2021 02:02:08.0803 AM
[ReportManager] Assertion [ValidateComparativeRelation] PASSED. Expected [1] and Actual [1]. Comparison Type [GREATER_THAN_OR_EQUALS]. Validation Type [POSITIVE]. @22-09-2021 02:02:08.0803 A

################################################################################################################################################
Starting Execution:	[91 out of 143] test cases in the current suite
Test Method:		[testPackage01.Test_NewValidationHelper.f24]
################################################################################################################################################
[ReportManager] Assertion [ValidateComparativeRelation] PASSED. Expected [1] and Actual [10]. Comparison Type [GREATER_THAN_OR_EQUALS]. Validation Type [POSITIVE]. @22-09-2021 02:02:08.0806 A

################################################################################################################################################
Starting Execution:	[92 out of 143] test cases in the current suite
Test Method:		[testPackage01.Test_NewValidationHelper.f25]
################################################################################################################################################
[ReportManager] Assertion [ValidateComparativeRelation] PASSED. Expected [1] and Actual [1]. Comparison Type [EQUALS]. Validation Type [POSITIVE]. @22-09-2021 02:02:08.0809 A

################################################################################################################################################
Starting Execution:	[93 out of 143] test cases in the current suite
Test Method:		[testPackage01.Test_NewValidationHelper.f26]
################################################################################################################################################
[ReportManager] Assertion [ValidateComparativeRelation] PASSED. Expected [1] and Actual [5]. Comparison Type [GREATER_THAN]. Validation Type [POSITIVE]. @22-09-2021 02:02:08.0815 A

################################################################################################################################################
Starting Execution:	[94 out of 143] test cases in the current suite
Test Method:		[testPackage01.Test_NewValidationHelper.f27]
################################################################################################################################################
[ReportManager] Assertion [ValidateComparativeRelation] PASSED. Expected [11] and Actual [5]. Comparison Type [LESS_THAN]. Validation Type [POSITIVE]. @22-09-2021 02:02:08.0819 A

################################################################################################################################################
Starting Execution:	[95 out of 143] test cases in the current suite
Test Method:		[testPackage01.Test_NewValidationHelper.f28]
################################################################################################################################################
[ReportManager] Assertion [ValidateComparativeRelation] PASSED. Expected [11] and Actual [5]. Comparison Type [LESS_THAN_OR_EQUALS]. Validation Type [POSITIVE]. @22-09-2021 02:02:08.0823 A

################################################################################################################################################
Starting Execution:	[96 out of 143] test cases in the current suite
Test Method:		[testPackage01.Test_NewValidationHelper.f29]
################################################################################################################################################
[ReportManager] Assertion [ValidateComparativeRelation] PASSED. Expected [11] and Actual [11]. Comparison Type [LESS_THAN_OR_EQUALS]. Validation Type [POSITIVE]. @22-09-2021 02:02:08.0827 A

################################################################################################################################################
Starting Execution:	[97 out of 143] test cases in the current suite
Test Method:		[testPackage01.Test_NewValidationHelper.f3]
################################################################################################################################################
[ReportManager] Assertion [ValidateEquals] PASSED. Expected [1] and Actual [2]. Comparison Type [EQUALS]. Validation Type [NEGATIVE]. @22-09-2021 02:02:08.0832 A

################################################################################################################################################
Starting Execution:	[98 out of 143] test cases in the current suite
Test Method:		[testPackage01.Test_NewValidationHelper.f30]
################################################################################################################################################
[ReportManager] Assertion [ValidateComparativeRelation] FAILED. Expected [-9] and Actual [11]. Comparison Type [LESS_THAN_OR_EQUALS]. Validation Type [POSITIVE]. @22-09-2021 02:02:08.0837 A

################################################################################################################################################
Starting Execution:	[99 out of 143] test cases in the current suite
Test Method:		[testPackage01.Test_NewValidationHelper.f31]
################################################################################################################################################
[ReportManager] Assertion [ValidateTrue] PASSED. Expected [TRUE] and Actual [TRUE]. Validation Type [POSITIVE]. @22-09-2021 02:02:08.0853 A

################################################################################################################################################
Starting Execution:	[100 out of 143] test cases in the current suite
Test Method:		[testPackage01.Test_NewValidationHelper.f32]
################################################################################################################################################
[ReportManager] Assertion [ValidateTrue] PASSED. Expected [FALSE] and Actual [FALSE]. Validation Type [NEGATIVE]. @22-09-2021 02:02:08.0858 A

################################################################################################################################################
Starting Execution:	[101 out of 143] test cases in the current suite
Test Method:		[testPackage01.Test_NewValidationHelper.f33]
################################################################################################################################################
[ReportManager] Assertion [ValidateTrue] FAILED. Expected [FALSE] and Actual [TRUE]. Validation Type [NEGATIVE]. @22-09-2021 02:02:08.0865 A

################################################################################################################################################
Starting Execution:	[102 out of 143] test cases in the current suite
Test Method:		[testPackage01.Test_NewValidationHelper.f34]
################################################################################################################################################
[ReportManager] Assertion [ValidateTrue] FAILED. Expected [TRUE] and Actual [FALSE]. Validation Type [POSITIVE]. @22-09-2021 02:02:08.0879 A

################################################################################################################################################
Starting Execution:	[103 out of 143] test cases in the current suite
Test Method:		[testPackage01.Test_NewValidationHelper.f35]
################################################################################################################################################
[ReportManager] File Action [DoesFileExist] successfully performed. With the following test data [File Path: "pom.xml"]. @22-09-2021 02:02:08.0890 AM
[ReportManager] Assertion [ValidateFileExists] PASSED. Expected [File 'pom.xml' should exist, after up to '1' retries] and Actual [File exists]. Validation Type [POSITIVE]. @22-09-2021 02:02:08.0907 A

################################################################################################################################################
Starting Execution:	[104 out of 143] test cases in the current suite
Test Method:		[testPackage01.Test_NewValidationHelper.f36]
################################################################################################################################################
[ReportManager] File Action [DoesFileExist] successfully performed. With the following test data [File Path: "src/test/java/testPackage01/Test_NewValidationHelper.java"]. @22-09-2021 02:02:08.0912 AM
[ReportManager] Assertion [ValidateFileExists] PASSED. Expected [File 'src/test/java/testPackage01/Test_NewValidationHelper.java' should exist, after up to '1' retries] and Actual [File exists]. Validation Type [POSITIVE]. @22-09-2021 02:02:08.0912 A

################################################################################################################################################
Starting Execution:	[105 out of 143] test cases in the current suite
Test Method:		[testPackage01.Test_NewValidationHelper.f37]
################################################################################################################################################
[ReportManager] File Action [DoesFileExist] successfully performed. With the following test data [File Path: "pom.xml"]. @22-09-2021 02:02:08.0917 AM
[ReportManager] Assertion Failed: confirming that the file does't exist after 5 retries @22-09-2021 02:02:08.0917 AM
[ReportManager] Assertion [ValidateFileExists] FAILED. Expected [File 'pom.xml' should not exist, after up to '5' retries] and Actual [File exists]. Validation Type [NEGATIVE]. @22-09-2021 02:02:08.0917 A

################################################################################################################################################
Starting Execution:	[106 out of 143] test cases in the current suite
Test Method:		[testPackage01.Test_NewValidationHelper.f3_1]
################################################################################################################################################
[ReportManager] Assertion Passed: Checking valid user data @22-09-2021 02:02:08.0922 AM
[ReportManager] Assertion [ValidateEquals] PASSED. Expected [null] and Actual [null]. Comparison Type [EQUALS]. Validation Type [POSITIVE]. @22-09-2021 02:02:08.0923 A

################################################################################################################################################
Starting Execution:	[107 out of 143] test cases in the current suite
Test Method:		[testPackage01.Test_NewValidationHelper.f4]
################################################################################################################################################
[ReportManager] Assertion [ValidateEquals] PASSED. Expected [1] and Actual [123]. Comparison Type [CONTAINS]. Validation Type [POSITIVE]. @22-09-2021 02:02:08.0926 A

################################################################################################################################################
Starting Execution:	[108 out of 143] test cases in the current suite
Test Method:		[testPackage01.Test_NewValidationHelper.f5]
################################################################################################################################################
[ReportManager] Assertion [ValidateNull] PASSED. Expected [NULL] and Actual [1]. Comparison Type [EQUALS]. Validation Type [NEGATIVE]. @22-09-2021 02:02:08.0929 A

################################################################################################################################################
Starting Execution:	[109 out of 143] test cases in the current suite
Test Method:		[testPackage01.Test_NewValidationHelper.f6]
################################################################################################################################################
[ReportManager] Assertion Failed: Making sure that null string is not equal to null object @22-09-2021 02:02:08.0933 AM
[ReportManager] Assertion [ValidateNull] FAILED. Expected [NULL] and Actual [NULL]. Comparison Type [EQUALS]. Validation Type [POSITIVE]. @22-09-2021 02:02:08.0933 A

################################################################################################################################################
Starting Execution:	[110 out of 143] test cases in the current suite
Test Method:		[testPackage01.Test_NewValidationHelper.f6_1]
################################################################################################################################################
[ReportManager] Assertion [ValidateNull] FAILED. Expected [NULL] and Actual [NULL]. Comparison Type [EQUALS]. Validation Type [NEGATIVE]. @22-09-2021 02:02:08.0936 A

################################################################################################################################################
Starting Execution:	[111 out of 143] test cases in the current suite
Test Method:		[testPackage01.Test_NewValidationHelper.f6_2]
################################################################################################################################################
[ReportManager] Assertion Failed: Making sure that null string is not equal to null object @22-09-2021 02:02:08.0939 AM
[ReportManager] Assertion [ValidateNull] FAILED. Expected [NULL] and Actual [not null]. Comparison Type [EQUALS]. Validation Type [POSITIVE]. @22-09-2021 02:02:08.0939 A

################################################################################################################################################
Starting Execution:	[112 out of 143] test cases in the current suite
Test Method:		[testPackage01.Test_NewValidationHelper.f7]
################################################################################################################################################
[ReportManager] Assertion [ValidateNull] PASSED. Expected [NULL] and Actual [NULL]. Comparison Type [EQUALS]. Validation Type [POSITIVE]. @22-09-2021 02:02:08.0942 A
[ReportManager] File Action [GetAbsolutePath] successfully performed. With the following test data [Relative Folder Path: "target/downloadedFiles/"]. @22-09-2021 02:02:08.0944 AM
[ReportManager] Attempting to run locally on: [Mac-64], [Safari], Headless Execution. @22-09-2021 02:02:08.0944 AM
[ReportManager] Successfully Opened Safari. @22-09-2021 02:02:09.0874 AM
[ReportManager] Initial window size: (800, 600) @22-09-2021 02:02:09.0909 AM
[ReportManager] Window size after SWD Maximize: (1176, 811) @22-09-2021 02:02:09.0928 AM
[ReportManager] Browser Action [MaximizeWindow] successfully performed. With the following test data [New screen size is now: (1176, 811)]. @22-09-2021 02:02:09.0928 AM
[ReportManager] Target URL: [https://the-internet.herokuapp.com/] @22-09-2021 02:02:09.0928 AM
[ReportManager] Initial URL: [] @22-09-2021 02:02:09.0993 AM
[ReportManager] Browser Action [NavigateToURL] successfully performed. With the following test data [https://the-internet.herokuapp.com/]. @22-09-2021 02:02:11.0336 A

################################################################################################################################################
Starting Execution:	[113 out of 143] test cases in the current suite
Test Method:		[testPackage01.Test_NewValidationHelper.f8]
################################################################################################################################################
[ReportManager] Loaded Shared OpenCV @22-09-2021 02:02:11.0460 AM
[ReportManager] Assertion [ValidateElementExists] PASSED. Expected [Element Should Exist, locator 'By.tagName: h1'] and Actual [Element Exists]. Comparison Type [EQUALS]. Validation Type [POSITIVE]. @22-09-2021 02:02:11.0569 AM
[ReportManager] Successfully created attachment [Screenshot - 1632276131460_f8_ValidateElementExists_passed] @22-09-2021 02:02:11.0571 A
[ReportManager] Successfully Closed All Drivers. @22-09-2021 02:02:11.0660 A
[ReportManager] File Action [GetAbsolutePath] successfully performed. With the following test data [Relative Folder Path: "target/downloadedFiles/"]. @22-09-2021 02:02:11.0664 AM
[ReportManager] Attempting to run locally on: [Mac-64], [Safari], Headless Execution. @22-09-2021 02:02:11.0664 AM
[ReportManager] Successfully Opened Safari. @22-09-2021 02:02:12.0536 AM
[ReportManager] Initial window size: (800, 600) @22-09-2021 02:02:12.0550 AM
[ReportManager] Window size after SWD Maximize: (1176, 811) @22-09-2021 02:02:12.0594 AM
[ReportManager] Browser Action [MaximizeWindow] successfully performed. With the following test data [New screen size is now: (1176, 811)]. @22-09-2021 02:02:12.0594 AM
[ReportManager] Target URL: [https://the-internet.herokuapp.com/] @22-09-2021 02:02:12.0594 AM
[ReportManager] Initial URL: [] @22-09-2021 02:02:12.0634 AM
[ReportManager] Browser Action [NavigateToURL] successfully performed. With the following test data [https://the-internet.herokuapp.com/]. @22-09-2021 02:02:14.0048 A

################################################################################################################################################
Starting Execution:	[114 out of 143] test cases in the current suite
Test Method:		[testPackage01.Test_NewValidationHelper.f9]
################################################################################################################################################
[ReportManager] Assertion [ValidateElementExists] FAILED. Expected [Element Should Exist, locator 'By.tagName: h3'] and Actual [Element Doesn't Exists]. Comparison Type [EQUALS]. Validation Type [POSITIVE]. @22-09-2021 02:02:45.0619 AM
[ReportManager] Successfully created attachment [Screenshot - 1632276165540_f9_ValidateElementExists_failed] @22-09-2021 02:02:45.0620 A
[ReportManager] Successfully Closed All Drivers. @22-09-2021 02:02:45.0735 A

################################################################################################################################################
Starting Execution:	[115 out of 143] test cases in the current suite
Test Method:		[testPackage01.Test_NewValidationHelper.forceFail]
################################################################################################################################################
[ReportManager] Assertion [ValidateFail] FAILED. Successfully force failed the test. @22-09-2021 02:02:45.0739 A

################################################################################################################################################
Starting Execution:	[116 out of 143] test cases in the current suite
Test Method:		[testPackage01.Test_NewValidationHelper.forceFail2]
################################################################################################################################################
[ReportManager] Assertion Failed: Custom Message @22-09-2021 02:02:45.0742 AM
[ReportManager] Assertion [ValidateFail] FAILED. Successfully force failed the test. @22-09-2021 02:02:45.0742 A

################################################################################################################################################
Starting Execution:	[117 out of 143] test cases in the current suite
Test Method:		[testPackage01.Test_JsonActions.f]
###############################################################################################################################################

################################################################################################################################################
Starting Execution:	[118 out of 143] test cases in the current suite
Test Method:		[testPackage01.Test_JsonActions.f2]
###############################################################################################################################################

################################################################################################################################################
Starting Execution:	[119 out of 143] test cases in the current suite
Test Method:		[testPackage01.Test_sendGraphqlRequest.sendGraphqlRequestUsingMutationAndVariables]
################################################################################################################################################
[ReportManager] GraphQl Request is being Performed with the Following Parameters [Service URL: https://api.spacex.land/graphql | Request Body: {"variables":"{\"name\": \"sherlock holmes\",\"rocket\": \"221B Baker Street\"}","query":"mutation ($name: String, $rocket: String) {\n  insert_users(objects: {name: $name, rocket: $rocket}) {\n    returning {\n      name\n      rocket\n    }\n  }\n}"}] @22-09-2021 02:02:45.0770 AM
[ReportManager] Response status code: [200], status line: [HTTP/1.1 200 OK] @22-09-2021 02:02:46.0346 AM
[ReportManager] Assertion Passed: Evaluating the actual response status code against the expected one... @22-09-2021 02:02:46.0346 AM
[ReportManager] Assertion [ValidateEquals] PASSED. Expected [200] and Actual [200]. Comparison Type [EQUALS]. Validation Type [POSITIVE]. @22-09-2021 02:02:46.0346 AM
[ReportManager] API Action [PerformRequest] successfully performed. With the following test data [Request Type: "POST" | Target Status Code: "200" | Service URL: "https://api.spacex.land/graphql" | Content Type: "application/json" | Response Time: "475ms"]. @22-09-2021 02:02:46.0396 AM
[ReportManager] Successfully created attachment [API Request - Specifications] @22-09-2021 02:02:46.0397 AM
[ReportManager] Successfully created attachment [API Request - JSON Body] @22-09-2021 02:02:46.0398 AM
[ReportManager] Successfully created attachment [API Response - JSON Body] @22-09-2021 02:02:46.0398 AM
[ReportManager] API Action [GetResponseJSONValue] successfully performed. With the following test data [data.insert_users.returning[0].name]. @22-09-2021 02:02:46.0446 AM
[ReportManager] Assertion [ValidateEquals] PASSED. Expected [sherlock holmes] and Actual [sherlock holmes]. Comparison Type [EQUALS]. Validation Type [POSITIVE]. @22-09-2021 02:02:46.0446 A

################################################################################################################################################
Starting Execution:	[120 out of 143] test cases in the current suite
Test Method:		[testPackage01.Test_sendGraphqlRequest.sendGraphqlRequestUsingQuery]
################################################################################################################################################
[ReportManager] GraphQl Request is being Performed with the Following Parameters [Service URL: https://api.spacex.land/graphql | Request Body: {"query":"{company {ceo}}"}] @22-09-2021 02:02:46.0449 AM
[ReportManager] Response status code: [200], status line: [HTTP/1.1 200 OK] @22-09-2021 02:02:46.0740 AM
[ReportManager] Assertion Passed: Evaluating the actual response status code against the expected one... @22-09-2021 02:02:46.0741 AM
[ReportManager] Assertion [ValidateEquals] PASSED. Expected [200] and Actual [200]. Comparison Type [EQUALS]. Validation Type [POSITIVE]. @22-09-2021 02:02:46.0741 AM
[ReportManager] API Action [PerformRequest] successfully performed. With the following test data [Request Type: "POST" | Target Status Code: "200" | Service URL: "https://api.spacex.land/graphql" | Content Type: "application/json" | Response Time: "285ms"]. @22-09-2021 02:02:46.0752 AM
[ReportManager] Successfully created attachment [API Request - Specifications] @22-09-2021 02:02:46.0753 AM
[ReportManager] Successfully created attachment [API Request - JSON Body] @22-09-2021 02:02:46.0753 AM
[ReportManager] Successfully created attachment [API Response - JSON Body] @22-09-2021 02:02:46.0754 AM
[ReportManager] API Action [GetResponseJSONValue] successfully performed. With the following test data [data.company.ceo]. @22-09-2021 02:02:46.0764 AM
[ReportManager] Assertion [ValidateEquals] PASSED. Expected [Elon Musk] and Actual [Elon Musk]. Comparison Type [EQUALS]. Validation Type [POSITIVE]. @22-09-2021 02:02:46.0765 A
[ReportManager] File Action [GetAbsolutePath] successfully performed. With the following test data [Relative Folder Path: "target/downloadedFiles/"]. @22-09-2021 02:02:46.0767 AM
[ReportManager] Attempting to run locally on: [Mac-64], [Safari], Headless Execution. @22-09-2021 02:02:46.0768 AM
[ReportManager] Successfully Opened Safari. @22-09-2021 02:02:47.0749 AM
[ReportManager] Initial window size: (800, 600) @22-09-2021 02:02:47.0769 AM
[ReportManager] Window size after SWD Maximize: (1176, 811) @22-09-2021 02:02:47.0779 AM
[ReportManager] Browser Action [MaximizeWindow] successfully performed. With the following test data [New screen size is now: (1176, 811)]. @22-09-2021 02:02:47.0779 A

################################################################################################################################################
Starting Execution:	[121 out of 143] test cases in the current suite
Test Method:		[testPackage01.Test_dragAndDrop.dragAndDropJquery]
################################################################################################################################################
[ReportManager] Target URL: [https://jqueryui.com/resources/demos/droppable/default.html] @22-09-2021 02:02:47.0800 AM
[ReportManager] Initial URL: [] @22-09-2021 02:02:47.0855 AM
[ReportManager] Browser Action [NavigateToURL] successfully performed. With the following test data [https://jqueryui.com/resources/demos/droppable/default.html]. @22-09-2021 02:02:48.0478 AM
[ReportManager] Element Action [GetText] successfully performed. With the following test data [
	Drop here
]. @22-09-2021 02:02:48.0512 AM
[ReportManager] Element Action [DragAndDrop] successfully performed. With the following test data [Start point: (8, 18), End point: (8, 18)]. @22-09-2021 02:02:49.0575 AM
[ReportManager] Element Action [GetText] successfully performed. With the following test data [
	Dropped!
]. @22-09-2021 02:02:49.0607 AM
[ReportManager] Assertion Passed: Checking to see if the text has changed after performing drag and drop @22-09-2021 02:02:49.0608 AM
[ReportManager] Assertion [ValidateEquals] PASSED. Expected [
	Drop here
] and Actual [
	Dropped!
]. Comparison Type [EQUALS]. Validation Type [NEGATIVE]. @22-09-2021 02:02:49.0608 A
[ReportManager] Browser Action [CloseCurrentWindow] successfully performed. @22-09-2021 02:02:49.0698 AM
[ReportManager] Successfully created attachment [Browser Action Test Data - CloseCurrentWindow - Actual Value] @22-09-2021 02:02:49.0699 A
[ReportManager] File Action [GetAbsolutePath] successfully performed. With the following test data [Relative Folder Path: "target/downloadedFiles/"]. @22-09-2021 02:02:49.0700 AM
[ReportManager] Attempting to run locally on: [Mac-64], [Safari], Headless Execution. @22-09-2021 02:02:49.0701 AM
[ReportManager] Successfully Opened Safari. @22-09-2021 02:02:50.0554 AM
[ReportManager] Initial window size: (800, 600) @22-09-2021 02:02:50.0567 AM
[ReportManager] Window size after SWD Maximize: (1176, 811) @22-09-2021 02:02:50.0591 AM
[ReportManager] Browser Action [MaximizeWindow] successfully performed. With the following test data [New screen size is now: (1176, 811)]. @22-09-2021 02:02:50.0592 A

################################################################################################################################################
Starting Execution:	[122 out of 143] test cases in the current suite
Test Method:		[testPackage01.Test_dragAndDrop.dragAndDrop]
Test Description:	[TC001 - Test Drag and Drop function.]
################################################################################################################################################
[ReportManager] Target URL: [http://the-internet.herokuapp.com/drag_and_drop] @22-09-2021 02:02:50.0596 AM
[ReportManager] Initial URL: [] @22-09-2021 02:02:50.0651 AM
[ReportManager] Browser Action [NavigateToURL] successfully performed. With the following test data [http://the-internet.herokuapp.com/drag_and_drop]. @22-09-2021 02:02:51.0564 AM
[ReportManager] Attempting Drag and Drop @22-09-2021 02:02:51.0564 AM
[ReportManager] Element Action [DragAndDrop] successfully performed. With the following test data [Start point: (120, 89), End point: (335, 89)]. @22-09-2021 02:02:52.0211 A
[ReportManager] Browser Action [CloseCurrentWindow] successfully performed. @22-09-2021 02:02:52.0386 AM
[ReportManager] Successfully created attachment [Browser Action Test Data - CloseCurrentWindow - Actual Value] @22-09-2021 02:02:52.0387 A
[ReportManager] File Action [GetAbsolutePath] successfully performed. With the following test data [Relative Folder Path: "target/downloadedFiles/"]. @22-09-2021 02:02:52.0390 AM
[ReportManager] Attempting to run locally on: [Mac-64], [Safari], Headless Execution. @22-09-2021 02:02:52.0390 AM
[ReportManager] Successfully Opened Safari. @22-09-2021 02:02:53.0161 AM
[ReportManager] Initial window size: (800, 600) @22-09-2021 02:02:53.0180 AM
[ReportManager] Window size after SWD Maximize: (1176, 811) @22-09-2021 02:02:53.0195 AM
[ReportManager] Browser Action [MaximizeWindow] successfully performed. With the following test data [New screen size is now: (1176, 811)]. @22-09-2021 02:02:53.0196 A

################################################################################################################################################
Starting Execution:	[123 out of 143] test cases in the current suite
Test Method:		[testPackage01.Test_dragAndDrop.dragAndDropByOffset]
Test Description:	[TC002 - Test Drag and Drop by offset function.]
################################################################################################################################################
[ReportManager] Target URL: [https://jqueryui.com/resources/demos/draggable/default.html] @22-09-2021 02:02:53.0199 AM
[ReportManager] Initial URL: [] @22-09-2021 02:02:53.0250 AM
[ReportManager] Browser Action [NavigateToURL] successfully performed. With the following test data [https://jqueryui.com/resources/demos/draggable/default.html]. @22-09-2021 02:02:53.0837 AM
[ReportManager] Element Action [DragAndDropByOffset] successfully performed. With the following test data [Start point: (8, 8), End point: (108, 58)]. @22-09-2021 02:02:54.0614 A
[ReportManager] Browser Action [CloseCurrentWindow] successfully performed. @22-09-2021 02:02:54.0788 AM
[ReportManager] Successfully created attachment [Browser Action Test Data - CloseCurrentWindow - Actual Value] @22-09-2021 02:02:54.0789 A
[ReportManager] Successfully loaded the following test data file [src/test/resources/TestDataFiles/testSuite01/TestData.xlsx]. @22-09-2021 02:02:54.0821 AM
[ReportManager] Successfully created attachment [Test Data - Excel] @22-09-2021 02:02:54.0821 AM
[ReportManager] File Action [GetAbsolutePath] successfully performed. With the following test data [Relative Folder Path: "target/downloadedFiles/"]. @22-09-2021 02:02:54.0822 AM
[ReportManager] Attempting to run locally on: [Mac-64], [Safari], Headless Execution. @22-09-2021 02:02:54.0822 AM
[ReportManager] Successfully Opened Safari. @22-09-2021 02:02:55.0648 AM
[ReportManager] Initial window size: (800, 600) @22-09-2021 02:02:55.0666 AM
[ReportManager] Window size after SWD Maximize: (1176, 811) @22-09-2021 02:02:55.0698 AM
[ReportManager] Browser Action [MaximizeWindow] successfully performed. With the following test data [New screen size is now: (1176, 811)]. @22-09-2021 02:02:55.0698 A

################################################################################################################################################
Starting Execution:	[124 out of 143] test cases in the current suite
Test Method:		[testPackage01.Test_google.navigateToURLandVerifyGoogleLogoIsDisplayed]
Test Description:	[TC001 - Navigate to URL and Verify Google Logo is Displayed]
################################################################################################################################################
[ReportManager] Target URL: [https://www.google.com/ncr], and after redirection: [https://www.google.com] @22-09-2021 02:02:55.0700 AM
[ReportManager] Initial URL: [] @22-09-2021 02:02:55.0771 AM
[ReportManager] Browser Action [NavigateToURL] successfully performed. With the following test data [https://www.google.com/ncr]. @22-09-2021 02:02:58.0255 AM
[ReportManager] Loaded Shared OpenCV @22-09-2021 02:02:58.0330 AM
[ReportManager] Assertion [ValidateElementExists] PASSED. Expected [Element Should Exist, locator 'By.xpath: //*[@id='hplogo' or @alt='Google']'] and Actual [Element Exists]. Comparison Type [EQUALS]. Validation Type [POSITIVE]. @22-09-2021 02:02:58.0418 AM
[ReportManager] Successfully created attachment [Screenshot - 1632276178330_navigateToURLandVerifyGoogleLogoIsDisplayed_ValidateElementExists_passed] @22-09-2021 02:02:58.0419 A

################################################################################################################################################
Starting Execution:	[125 out of 143] test cases in the current suite
Test Method:		[testPackage01.Test_google.searchForQueryandAssertResultsNumDisplayed]
Test Description:	[TC002 - Search for Query and Assert that the number of results is displayed]
################################################################################################################################################
[ReportManager] Element Action [Type] successfully performed. With the following test data [SHAFT_Engine]. @22-09-2021 02:02:58.0900 AM
[ReportManager] Element Action [KeyPress] successfully performed. With the following test data [Enter]. @22-09-2021 02:02:58.0963 AM
[ReportManager] Element Action [GetText] successfully performed. With the following test data [About 3,750,000 results (0.84 seconds)Â ]. @22-09-2021 02:03:00.0379 AM
[ReportManager] Loaded Shared OpenCV @22-09-2021 02:03:00.0778 AM
[ReportManager] Assertion [ValidateElementAttribute] PASSED. Expected [Value Should not be '' for the 'Text' attribute, element locator 'By.id: appbar'] and Actual [About 3,750,000 results (0.84 seconds)Â ]. Comparison Type [EQUALS]. Validation Type [NEGATIVE]. @22-09-2021 02:03:00.0885 AM
[ReportManager] Successfully created attachment [Screenshot - 1632276180777_searchForQueryandAssertResultsNumDisplayed_ValidateElementAttribute_passed] @22-09-2021 02:03:00.0887 A

################################################################################################################################################
Starting Execution:	[126 out of 143] test cases in the current suite
Test Method:		[testPackage01.Test_google.clickNextThrice]
Test Description:	[TC003 - Clicks the next button to make sure that the framework can scroll element into view before clicking it]
################################################################################################################################################
[ReportManager] org.openqa.selenium.interactions.MoveTargetOutOfBoundsException:

Build info: version: '3.141.59', revision: 'e82be7d358', time: '2018-11-14T08:17:03'
System info: host: 'Mac-1632275434740.local', ip: '10.212.3.116', os.name: 'Mac OS X', os.arch: 'x86_64', os.version: '10.15.7', java.version: '16.0.2'
Driver info: org.openqa.selenium.safari.SafariDriver
Capabilities {acceptInsecureCerts: false, browserName: Safari, browserVersion: 14.1.2, javascriptEnabled: true, platform: MAC, platformName: MAC, safari:automaticInspection: false, safari:automaticProfiling: false, safari:diagnose: false, safari:platformBuildVersion: 19H1417, safari:platformVersion: 10.15.7, safari:useSimulator: false, setWindowRect: true, strictFileInteractability: false, webkit:WebRTC: {DisableICECandidateFiltering: false, DisableInsecureMediaCapture: false}}
Session ID: 3AF4494D-7919-41C0-A907-99996A1461CD
java.base/jdk.internal.reflect.NativeConstructorAccessorImpl.newInstance0(Native Method)
java.base/jdk.internal.reflect.NativeConstructorAccessorImpl.newInstance(NativeConstructorAccessorImpl.java:78)
java.base/jdk.internal.reflect.DelegatingConstructorAccessorImpl.newInstance(DelegatingConstructorAccessorImpl.java:45)
java.base/java.lang.reflect.Constructor.newInstanceWithCaller(Constructor.java:499)
java.base/java.lang.reflect.Constructor.newInstance(Constructor.java:480)
org.openqa.selenium.remote.http.W3CHttpResponseCodec.createException(W3CHttpResponseCodec.java:187)
org.openqa.selenium.remote.http.W3CHttpResponseCodec.decode(W3CHttpResponseCodec.java:122)
org.openqa.selenium.remote.http.W3CHttpResponseCodec.decode(W3CHttpResponseCodec.java:49)
org.openqa.selenium.remote.HttpCommandExecutor.execute(HttpCommandExecutor.java:158)
org.openqa.selenium.remote.service.DriverCommandExecutor.execute(DriverCommandExecutor.java:83)
org.openqa.selenium.remote.RemoteWebDriver.execute(RemoteWebDriver.java:552)
org.openqa.selenium.remote.RemoteWebDriver.perform(RemoteWebDriver.java:618)
org.openqa.selenium.interactions.Actions$BuiltAction.perform(Actions.java:639)
org.openqa.selenium.interactions.Actions.perform(Actions.java:595)
com.shaft.gui.element.ElementActionsHelper.performHoverUsingJavascript(ElementActionsHelper.java:209)
com.shaft.gui.element.WebDriverElementActions.click(WebDriverElementActions.java:116)
com.shaft.gui.element.ElementActions.click(ElementActions.java:62)
poms.GoogleSearchResults.clickNext(GoogleSearchResults.java:51)
testPackage01.Test_google.clickNextThrice(Test_google.java:43)
java.base/jdk.internal.reflect.NativeMethodAccessorImpl.invoke0(Native Method)
java.base/jdk.internal.reflect.NativeMethodAccessorImpl.invoke(NativeMethodAccessorImpl.java:78)
java.base/jdk.internal.reflect.DelegatingMethodAccessorImpl.invoke(DelegatingMethodAccessorImpl.java:43)
java.base/java.lang.reflect.Method.invoke(Method.java:567)
org.testng.internal.MethodInvocationHelper.invokeMethod(MethodInvocationHelper.java:133)
org.testng.internal.TestInvoker.invokeMethod(TestInvoker.java:598)
org.testng.internal.TestInvoker.invokeTestMethod(TestInvoker.java:173)
org.testng.internal.MethodRunner.runInSequence(MethodRunner.java:46)
org.testng.internal.TestInvoker$MethodInvocationAgent.invoke(TestInvoker.java:824)
org.testng.internal.TestInvoker.invokeTestMethods(TestInvoker.java:146)
org.testng.internal.TestMethodWorker.invokeTestMethods(TestMethodWorker.java:146)
org.testng.internal.TestMethodWorker.run(TestMethodWorker.java:128)
java.base/java.util.ArrayList.forEach(ArrayList.java:1511)
org.testng.TestRunner.privateRun(TestRunner.java:794)
org.testng.TestRunner.run(TestRunner.java:596)
org.testng.SuiteRunner.runTest(SuiteRunner.java:377)
org.testng.SuiteRunner.runSequentially(SuiteRunner.java:371)
org.testng.SuiteRunner.privateRun(SuiteRunner.java:332)
org.testng.SuiteRunner.run(SuiteRunner.java:276)
org.testng.SuiteRunnerWorker.runSuite(SuiteRunnerWorker.java:53)
org.testng.SuiteRunnerWorker.run(SuiteRunnerWorker.java:96)
org.testng.TestNG.runSuitesSequentially(TestNG.java:1212)
org.testng.TestNG.runSuitesLocally(TestNG.java:1134)
org.testng.TestNG.runSuites(TestNG.java:1063)
org.testng.TestNG.run(TestNG.java:1031)
org.apache.maven.surefire.testng.TestNGExecutor.run(TestNGExecutor.java:136)
org.apache.maven.surefire.testng.TestNGDirectoryTestSuite.executeMulti(TestNGDirectoryTestSuite.java:193)
org.apache.maven.surefire.testng.TestNGDirectoryTestSuite.execute(TestNGDirectoryTestSuite.java:94)
org.apache.maven.surefire.testng.TestNGProvider.invoke(TestNGProvider.java:145)
org.apache.maven.surefire.booter.ForkedBooter.runSuitesInProcess(ForkedBooter.java:428)
org.apache.maven.surefire.booter.ForkedBooter.execute(ForkedBooter.java:162)
org.apache.maven.surefire.booter.ForkedBooter.run(ForkedBooter.java:562)
org.apache.maven.surefire.booter.ForkedBooter.main(ForkedBooter.java:548) @22-09-2021 02:03:00.0999 AM
[ReportManager] Element Action [Click] successfully performed. With the following test data [Next]. @22-09-2021 02:03:01.0126 A
[ReportManager] Browser Action [CloseCurrentWindow] successfully performed. @22-09-2021 02:03:01.0470 AM
[ReportManager] Successfully created attachment [Browser Action Test Data - CloseCurrentWindow - Actual Value] @22-09-2021 02:03:01.0515 A

################################################################################################################################################
Starting Execution:	[127 out of 143] test cases in the current suite
Test Method:		[testPackage01.Test_chainableElementActions.chainElementActions]
################################################################################################################################################
[ReportManager] File Action [GetAbsolutePath] successfully performed. With the following test data [Relative Folder Path: "target/downloadedFiles/"]. @22-09-2021 02:03:01.0600 AM
[ReportManager] Attempting to run locally on: [Mac-64], [GoogleChrome], Headless Execution. @22-09-2021 02:03:01.0604 AM
[ReportManager] Identifying OS/Driver combination and selecting the correct driver version automatically. Please note that if a new driver executable will be downloaded it may take some time... @22-09-2021 02:03:01.0605 AM
[ReportManager] Successfully Opened Google Chrome. @22-09-2021 02:03:04.0627 AM
[ReportManager] Initial window size: (800, 600) @22-09-2021 02:03:04.0634 AM
[ReportManager] Window size after SWD Maximize: (800, 600) @22-09-2021 02:03:04.0797 AM
[ReportManager] Window size after Toolkit: (1920, 1080) @22-09-2021 02:03:05.0279 AM
[ReportManager] Browser Action [MaximizeWindow] successfully performed. With the following test data [New screen size is now: (1920, 1080)]. @22-09-2021 02:03:05.0281 AM
[ReportManager] Target URL: [https://www.google.com/ncr], and after redirection: [https://www.google.com] @22-09-2021 02:03:05.0281 AM
[ReportManager] Initial URL: [data:,] @22-09-2021 02:03:05.0312 AM
[ReportManager] Browser Action [NavigateToURL] successfully performed. With the following test data [https://www.google.com/ncr]. @22-09-2021 02:03:06.0126 AM
[ReportManager] Element Action [Type] successfully performed. With the following test data [chained type 1]. @22-09-2021 02:03:06.0575 AM
[ReportManager] Element Action [Type] successfully performed. With the following test data [chained type 2]. @22-09-2021 02:03:06.0910 AM
[ReportManager] Element Action [TypeAppend] successfully performed. With the following test data [345]. @22-09-2021 02:03:07.0003 AM
[ReportManager] Element Action [GetText] successfully performed. With the following test data [chained type 2345]. @22-09-2021 02:03:07.0111 AM
[ReportManager] Loaded Shared OpenCV @22-09-2021 02:03:07.0361 AM
[ReportManager] Assertion [ValidateElementAttribute] PASSED. Expected [Value Should be 'chained type 2345' for the 'text' attribute, element locator 'By.name: q'] and Actual [chained type 2345]. Comparison Type [EQUALS]. Validation Type [POSITIVE]. @22-09-2021 02:03:07.0532 AM
[ReportManager] Successfully created attachment [Screenshot - 1632276187361_chainElementActions_ValidateElementAttribute_passed] @22-09-2021 02:03:07.0533 AM
[ReportManager] Browser Action [CloseCurrentWindow] successfully performed. @22-09-2021 02:03:07.0804 AM
[ReportManager] Successfully created attachment [Browser Action Test Data - CloseCurrentWindow - Actual Value] @22-09-2021 02:03:07.0805 A

################################################################################################################################################
Starting Execution:	[128 out of 143] test cases in the current suite
Test Method:		[testPackage01.Test_JsonCompareWithSpecialCharacters.specialCharacters]
################################################################################################################################################
[ReportManager] File Action [GetAbsolutePath] successfully performed. With the following test data [Relative Folder Path: "src/test/resources/TestJsonFiles/specialCharacters.json"]. @22-09-2021 02:03:07.0815 AM
[ReportManager] File Action [ReadFromFile] successfully performed. With the following test data [File Path: "/Users/runner/work/SHAFT_ENGINE/SHAFT_ENGINE/src/test/resources/TestJsonFiles/specialCharacters.json"]. @22-09-2021 02:03:07.0821 AM
[ReportManager] Successfully created attachment [File Action Actual Result - Command Log] @22-09-2021 02:03:07.0862 AM
[ReportManager] Comparing the provided API response with the file at this path "src/test/resources/TestJsonFiles/specialCharacters.json", comparison type "EQUALS" @22-09-2021 02:03:07.0864 AM
[ReportManager] API Action [CompareJSON] successfully performed. With the following test data [src/test/resources/TestJsonFiles/specialCharacters.json]. @22-09-2021 02:03:07.0871 AM
[ReportManager] File Action [GetAbsolutePath] successfully performed. With the following test data [Relative Folder Path: "src/test/resources/TestJsonFiles/specialCharacters.json"]. @22-09-2021 02:03:07.0871 AM
[ReportManager] File Action [ReadFromFile] successfully performed. With the following test data [File Path: "/Users/runner/work/SHAFT_ENGINE/SHAFT_ENGINE/src/test/resources/TestJsonFiles/specialCharacters.json"]. @22-09-2021 02:03:07.0872 AM
[ReportManager] Verification [ValidateJSONFileContent] PASSED. Expected [Response data should match the JSON File in this path 'src/test/resources/TestJsonFiles/specialCharacters.json'] and Actual [TRUE]. Comparison Type [EQUALS]. Validation Type [POSITIVE]. @22-09-2021 02:03:07.0876 AM
[ReportManager] Successfully created attachment [Validation Test Data - Expected JSON Value] @22-09-2021 02:03:07.0877 AM
[ReportManager] Successfully created attachment [Validation Test Data - Actual JSON Value] @22-09-2021 02:03:07.0877 A

################################################################################################################################################
Starting Execution:	[129 out of 143] test cases in the current suite
Test Method:		[testPackage01.Test_JsonCompareWithSpecialCharacters.specialCharacters_assertion]
################################################################################################################################################
[ReportManager] File Action [GetAbsolutePath] successfully performed. With the following test data [Relative Folder Path: "src/test/resources/TestJsonFiles/specialCharacters.json"]. @22-09-2021 02:03:07.0880 AM
[ReportManager] File Action [ReadFromFile] successfully performed. With the following test data [File Path: "/Users/runner/work/SHAFT_ENGINE/SHAFT_ENGINE/src/test/resources/TestJsonFiles/specialCharacters.json"]. @22-09-2021 02:03:07.0881 AM
[ReportManager] Successfully created attachment [File Action Actual Result - Command Log] @22-09-2021 02:03:07.0881 AM
[ReportManager] Comparing the provided API response with the file at this path "src/test/resources/TestJsonFiles/specialCharacters.json", comparison type "CONTAINS" @22-09-2021 02:03:07.0881 AM
[ReportManager] API Action [CompareJSON] successfully performed. With the following test data [src/test/resources/TestJsonFiles/specialCharacters.json]. @22-09-2021 02:03:07.0891 AM
[ReportManager] File Action [GetAbsolutePath] successfully performed. With the following test data [Relative Folder Path: "src/test/resources/TestJsonFiles/specialCharacters.json"]. @22-09-2021 02:03:07.0891 AM
[ReportManager] File Action [ReadFromFile] successfully performed. With the following test data [File Path: "/Users/runner/work/SHAFT_ENGINE/SHAFT_ENGINE/src/test/resources/TestJsonFiles/specialCharacters.json"]. @22-09-2021 02:03:07.0891 AM
[ReportManager] Assertion Passed: trying out the log message @22-09-2021 02:03:07.0895 AM
[ReportManager] Successfully created attachment [Validation Test Data - Expected JSON Value] @22-09-2021 02:03:07.0897 AM
[ReportManager] Successfully created attachment [Validation Test Data - Actual JSON Value] @22-09-2021 02:03:07.0898 AM
[ReportManager] Assertion [ValidateJSONFileContent] PASSED. Expected [Response data should match the JSON File in this path 'src/test/resources/TestJsonFiles/specialCharacters.json'] and Actual [TRUE]. Comparison Type [CONTAINS]. Validation Type [POSITIVE]. @22-09-2021 02:03:07.0898 A

################################################################################################################################################
Starting Execution:	[130 out of 143] test cases in the current suite
Test Method:		[testPackage01.Test_SkipDueToIssue.doNotSkip]
################################################################################################################################################
[ReportManager] This should not be skipped. @22-09-2021 02:03:07.0903 A

################################################################################################################################################
Starting Execution:	[131 out of 143] test cases in the current suite
Test Method:		[testPackage01.Test_SkipDueToIssue.skip]
################################################################################################################################################
[ReportManager] This should be skipped. @22-09-2021 02:03:07.0910 A

################################################################################################################################################
Starting Execution:	[132 out of 143] test cases in the current suite
Test Method:		[testPackage01.Test_SkipDueToIssue.skip2]
################################################################################################################################################
[ReportManager] This should be skipped. @22-09-2021 02:03:07.0918 A

################################################################################################################################################
Starting Execution:	[133 out of 143] test cases in the current suite
Test Method:		[testPackage01.Test_JSONFileManager.readStringFromJson]
################################################################################################################################################
[ReportManager] Successfully loaded the following test data file [src/test/resources/TestDataFiles/simpleJSON.json]. @22-09-2021 02:03:07.0924 AM
[ReportManager] Successfully created attachment [Test Data - JSON] @22-09-2021 02:03:07.0925 AM
[ReportManager] Assertion [ValidateEquals] PASSED. Expected [Mohab Mohie] and Actual [Mohab Mohie]. Comparison Type [EQUALS]. Validation Type [POSITIVE]. @22-09-2021 02:03:07.0938 A
[ReportManager] File Action [GetAbsolutePath] successfully performed. With the following test data [Relative Folder Path: "target/downloadedFiles/"]. @22-09-2021 02:03:07.0941 AM
[ReportManager] Attempting to run locally on: [Mac-64], [Safari], Headless Execution. @22-09-2021 02:03:07.0941 AM
[ReportManager] Successfully Opened Safari. @22-09-2021 02:03:08.0698 AM
[ReportManager] Initial window size: (800, 600) @22-09-2021 02:03:08.0719 AM
[ReportManager] Window size after SWD Maximize: (1176, 811) @22-09-2021 02:03:08.0733 AM
[ReportManager] Browser Action [MaximizeWindow] successfully performed. With the following test data [New screen size is now: (1176, 811)]. @22-09-2021 02:03:08.0734 A

################################################################################################################################################
Starting Execution:	[134 out of 143] test cases in the current suite
Test Method:		[testPackage01.Test_assertEquals.test_assertElementAttribute]
################################################################################################################################################
[ReportManager] Target URL: [https://www.google.com/ncr], and after redirection: [https://www.google.com] @22-09-2021 02:03:08.0742 AM
[ReportManager] Initial URL: [] @22-09-2021 02:03:08.0821 AM
[ReportManager] Browser Action [NavigateToURL] successfully performed. With the following test data [https://www.google.com/ncr]. @22-09-2021 02:03:10.0087 AM
[ReportManager] Element Action [Type] successfully performed. With the following test data [INC_004010050:Another SCHEDULER with the same name [Duplicate Job Name] already exists.]. @22-09-2021 02:03:12.0497 AM
[ReportManager] Element Action [GetText] successfully performed. With the following test data [INC_004010050:Another SCHEDULER with the same name [Duplicate Job Name] already exists.]. @22-09-2021 02:03:12.0546 AM
[ReportManager] Loaded Shared OpenCV @22-09-2021 02:03:12.0600 AM
[ReportManager] Assertion [ValidateElementAttribute] PASSED. Expected [Value Should be 'INC_004010050:Another SCHEDULER with the same name \[Duplicate Job Name\] already exists.' for the 'text' attribute, element locator 'By.name: q'] and Actual [INC_004010050:Another SCHEDULER with the same name [Duplicate Job Name] already exists.]. Comparison Type [MATCHES]. Validation Type [POSITIVE]. @22-09-2021 02:03:12.0697 AM
[ReportManager] Successfully created attachment [Screenshot - 1632276192600_test_assertElementAttribute_ValidateElementAttribute_passed] @22-09-2021 02:03:12.0698 A
[ReportManager] Browser Action [CloseCurrentWindow] successfully performed. @22-09-2021 02:03:12.0799 AM
[ReportManager] Successfully created attachment [Browser Action Test Data - CloseCurrentWindow - Actual Value] @22-09-2021 02:03:12.0800 A
[ReportManager] File Action [GetAbsolutePath] successfully performed. With the following test data [Relative Folder Path: "target/downloadedFiles/"]. @22-09-2021 02:03:12.0801 AM
[ReportManager] Attempting to run locally on: [Mac-64], [Safari], Headless Execution. @22-09-2021 02:03:12.0802 AM
[ReportManager] Successfully Opened Safari. @22-09-2021 02:03:13.0606 AM
[ReportManager] Initial window size: (800, 600) @22-09-2021 02:03:13.0615 AM
[ReportManager] Window size after SWD Maximize: (1176, 811) @22-09-2021 02:03:13.0642 AM
[ReportManager] Browser Action [MaximizeWindow] successfully performed. With the following test data [New screen size is now: (1176, 811)]. @22-09-2021 02:03:13.0642 A

################################################################################################################################################
Starting Execution:	[135 out of 143] test cases in the current suite
Test Method:		[testPackage01.Test_IsElementClickable.testIsElementClickable]
################################################################################################################################################
[ReportManager] Target URL: [https://the-internet.herokuapp.com/] @22-09-2021 02:03:13.0646 AM
[ReportManager] Initial URL: [] @22-09-2021 02:03:13.0711 AM
[ReportManager] Browser Action [NavigateToURL] successfully performed. With the following test data [https://the-internet.herokuapp.com/]. @22-09-2021 02:03:14.0920 AM
[ReportManager] Element Action [IsElementClickable] successfully performed. @22-09-2021 02:03:14.0984 AM
[ReportManager] Assertion [ValidateTrue] PASSED. Expected [TRUE] and Actual [TRUE]. Validation Type [POSITIVE]. @22-09-2021 02:03:14.0985 A
[ReportManager] Browser Action [CloseCurrentWindow] successfully performed. @22-09-2021 02:03:15.0240 AM
[ReportManager] Successfully created attachment [Browser Action Test Data - CloseCurrentWindow - Actual Value] @22-09-2021 02:03:15.0241 A
[ReportManager] Successfully loaded the following test data file [src/test/resources/TestDataFiles/testSuite01/TestData.xlsx]. @22-09-2021 02:03:15.0277 AM
[ReportManager] Successfully created attachment [Test Data - Excel] @22-09-2021 02:03:15.0277 AM
[ReportManager] Attempting to run using Playwright locally on: [Mac-64], [Safari], Headless Execution. @22-09-2021 02:03:34.0749 AM
[ReportManager] File Action [GetAbsolutePath] successfully performed. With the following test data [Relative Folder Path: "target/downloadedFiles/"]. @22-09-2021 02:03:34.0751 AM
[ReportManager] Initial window size: (1280, 720) @22-09-2021 02:03:41.0523 AM
[ReportManager] Window size after Toolkit: com.microsoft.playwright.options.ViewportSize@5228d1cc @22-09-2021 02:03:41.0533 AM
[ReportManager] Browser Action [MaximizeWindow] successfully performed. With the following test data [New screen size is now: (1920, 1080)]. @22-09-2021 02:03:41.0534 A

################################################################################################################################################
Starting Execution:	[136 out of 143] test cases in the current suite
Test Method:		[testPackage01.Test_google_playwright.navigateToURLandVerifyGoogleLogoIsDisplayed]
Test Description:	[TC001 - Navigate to URL and Verify Google Logo is Displayed]
################################################################################################################################################
[ReportManager] Target URL: [https://www.google.com/ncr], and after redirection: [https://www.google.com] @22-09-2021 02:03:41.0720 AM
[ReportManager] Initial URL: [about:blank] @22-09-2021 02:03:42.0092 AM
[ReportManager] Browser Action [NavigateToURL] successfully performed. With the following test data [https://www.google.com/ncr]. @22-09-2021 02:03:43.0678 AM
[ReportManager] Loaded Shared OpenCV @22-09-2021 02:03:43.0757 AM
[ReportManager] Assertion [ValidateElementExists] PASSED. Expected [Element Should Exist, locator 'xpath=//*[@id='hplogo' or @alt='Google']'] and Actual [Element Exists]. Comparison Type [EQUALS]. Validation Type [POSITIVE]. @22-09-2021 02:03:43.0922 AM
[ReportManager] Successfully created attachment [Screenshot - 1632276223754_navigateToURLandVerifyGoogleLogoIsDisplayed_ValidateElementExists_passed] @22-09-2021 02:03:43.0923 A

################################################################################################################################################
Starting Execution:	[137 out of 143] test cases in the current suite
Test Method:		[testPackage01.Test_google_playwright.searchForQueryandAssertResultsNumDisplayed]
Test Description:	[TC002 - Search for Query and Assert that the number of results is displayed]
################################################################################################################################################
[ReportManager] Element Action [Type] successfully performed. With the following test data [SHAFT_Engine]. @22-09-2021 02:03:44.0168 AM
[ReportManager] Element Action [KeyPress] successfully performed. With the following test data [Enter]. @22-09-2021 02:03:44.0200 AM
[ReportManager] Element Action [GetText] successfully performed. With the following test data [About 3,750,000 results (0.90 seconds)Â 
]. @22-09-2021 02:03:45.0939 AM
[ReportManager] Loaded Shared OpenCV @22-09-2021 02:03:46.0710 AM
[ReportManager] Assertion [ValidateElementAttribute] PASSED. Expected [Value Should not be '' for the 'text' attribute, element locator 'xpath=//div[@id='appbar']'] and Actual [About 3,750,000 results (0.90 seconds)Â 
]. Comparison Type [EQUALS]. Validation Type [NEGATIVE]. @22-09-2021 02:03:46.0916 AM
[ReportManager] Successfully created attachment [Screenshot - 1632276226709_searchForQueryandAssertResultsNumDisplayed_ValidateElementAttribute_passed] @22-09-2021 02:03:46.0918 A

################################################################################################################################################
Starting Execution:	[138 out of 143] test cases in the current suite
Test Method:		[testPackage01.Test_google_playwright.clickNextThrice]
Test Description:	[TC003 - Clicks the next button to make sure that the framework can scroll element into view before clicking it]
################################################################################################################################################
[ReportManager] Element Action [Click] successfully performed. With the following test data [Next]. @22-09-2021 02:03:47.0196 A
[ReportManager] Failed to find video recording. @22-09-2021 02:03:47.0198 AM
[ReportManager] Successfully Closed PlayWright Driver. @22-09-2021 02:03:47.0248 A
[ReportManager] File Action [GetAbsolutePath] successfully performed. With the following test data [Relative Folder Path: "target/downloadedFiles/"]. @22-09-2021 02:03:47.0291 AM
[ReportManager] Attempting to run locally on: [Mac-64], [Safari], Headless Execution. @22-09-2021 02:03:47.0291 AM
[ReportManager] Successfully Opened Safari. @22-09-2021 02:03:48.0065 AM
[ReportManager] Initial window size: (800, 600) @22-09-2021 02:03:48.0094 AM
[ReportManager] Window size after SWD Maximize: (1176, 811) @22-09-2021 02:03:48.0114 AM
[ReportManager] Browser Action [MaximizeWindow] successfully performed. With the following test data [New screen size is now: (1176, 811)]. @22-09-2021 02:03:48.0115 A

################################################################################################################################################
Starting Execution:	[139 out of 143] test cases in the current suite
Test Method:		[testPackage01.Test_verifyEquals.test_assertElementAttribute]
################################################################################################################################################
[ReportManager] Target URL: [https://www.google.com/ncr], and after redirection: [https://www.google.com] @22-09-2021 02:03:48.0117 AM
[ReportManager] Initial URL: [] @22-09-2021 02:03:48.0178 AM
[ReportManager] Browser Action [NavigateToURL] successfully performed. With the following test data [https://www.google.com/ncr]. @22-09-2021 02:03:50.0008 AM
[ReportManager] Element Action [Type] successfully performed. With the following test data [INC_004010050:Another SCHEDULER with the same name [Duplicate Job Name] already exists.]. @22-09-2021 02:03:52.0227 AM
[ReportManager] Element Action [GetText] successfully performed. With the following test data [INC_004010050:Another SCHEDULER with the same name [Duplicate Job Name] already exists.]. @22-09-2021 02:03:52.0281 AM
[ReportManager] Loaded Shared OpenCV @22-09-2021 02:03:52.0356 AM
[ReportManager] Verification [ValidateElementAttribute] PASSED. Expected [Value Should be 'INC_004010050:Another SCHEDULER with the same name \[Duplicate Job Name\] already exists.' for the 'text' attribute, element locator 'By.name: q'] and Actual [INC_004010050:Another SCHEDULER with the same name [Duplicate Job Name] already exists.]. Comparison Type [MATCHES]. Validation Type [POSITIVE]. @22-09-2021 02:03:52.0449 AM
[ReportManager] Successfully created attachment [Screenshot - 1632276232356_test_assertElementAttribute_ValidateElementAttribute_passed] @22-09-2021 02:03:52.0451 A
[ReportManager] Browser Action [CloseCurrentWindow] successfully performed. @22-09-2021 02:03:52.0550 AM
[ReportManager] Successfully created attachment [Browser Action Test Data - CloseCurrentWindow - Actual Value] @22-09-2021 02:03:52.0550 A

################################################################################################################################################
Starting Execution:	[140 out of 143] test cases in the current suite
Test Method:		[testPackage01.Test_SelectedValue.multipleSelect]
################################################################################################################################################
[ReportManager] File Action [GetAbsolutePath] successfully performed. With the following test data [Relative Folder Path: "target/downloadedFiles/"]. @22-09-2021 02:03:52.0554 AM
[ReportManager] Attempting to run locally on: [Mac-64], [GoogleChrome], Headless Execution. @22-09-2021 02:03:52.0554 AM
[ReportManager] Identifying OS/Driver combination and selecting the correct driver version automatically. Please note that if a new driver executable will be downloaded it may take some time... @22-09-2021 02:03:52.0554 AM
[ReportManager] Successfully Opened Google Chrome. @22-09-2021 02:03:53.0245 AM
[ReportManager] Initial window size: (800, 600) @22-09-2021 02:03:53.0252 AM
[ReportManager] Window size after SWD Maximize: (800, 600) @22-09-2021 02:03:53.0393 AM
[ReportManager] Window size after Toolkit: (1920, 1080) @22-09-2021 02:03:53.0872 AM
[ReportManager] Browser Action [MaximizeWindow] successfully performed. With the following test data [New screen size is now: (1920, 1080)]. @22-09-2021 02:03:53.0873 AM
[ReportManager] Target URL: [https://yari-demos.prod.mdn.mozit.cloud/en-US/docs/Web/HTML/Element/select/_sample_.Advanced_select_with_multiple_features.html] @22-09-2021 02:03:53.0873 AM
[ReportManager] Initial URL: [data:,] @22-09-2021 02:03:53.0905 AM
[ReportManager] Browser Action [NavigateToURL] successfully performed. With the following test data [https://yari-demos.prod.mdn.mozit.cloud/en-US/docs/Web/HTML/Element/select/_sample_.Advanced_select_with_multiple_features.html]. @22-09-2021 02:03:54.0261 AM
[ReportManager] Element Action [Select] successfully performed. With the following test data [Dog]. @22-09-2021 02:03:54.0455 AM
[ReportManager] Element Action [Select] successfully performed. With the following test data [Cat]. @22-09-2021 02:03:54.0610 AM
[ReportManager] Element Action [GetSelectedText] successfully performed. With the following test data [DogCat]. @22-09-2021 02:03:54.0724 AM
[ReportManager] DogCat @22-09-2021 02:03:54.0725 AM
[ReportManager] Element Action [GetSelectedText] successfully performed. With the following test data [DogCat]. @22-09-2021 02:03:54.0826 AM
[ReportManager] Loaded Shared OpenCV @22-09-2021 02:03:55.0147 AM
[ReportManager] Assertion [ValidateElementAttribute] PASSED. Expected [Value Should be 'DogCat' for the 'selectedText' attribute, element locator 'By.tagName: select'] and Actual [DogCat]. Comparison Type [EQUALS]. Validation Type [POSITIVE]. @22-09-2021 02:03:55.0323 AM
[ReportManager] Successfully created attachment [Screenshot - 1632276235147_multipleSelect_ValidateElementAttribute_passed] @22-09-2021 02:03:55.0324 AM
[ReportManager] Browser Action [CloseCurrentWindow] successfully performed. @22-09-2021 02:03:55.0562 AM
[ReportManager] Successfully created attachment [Browser Action Test Data - CloseCurrentWindow - Actual Value] @22-09-2021 02:03:55.0563 A

################################################################################################################################################
Starting Execution:	[141 out of 143] test cases in the current suite
Test Method:		[testPackage01.Test_SelectedValue.simpleSelect]
################################################################################################################################################
[ReportManager] File Action [GetAbsolutePath] successfully performed. With the following test data [Relative Folder Path: "target/downloadedFiles/"]. @22-09-2021 02:03:55.0566 AM
[ReportManager] Attempting to run locally on: [Mac-64], [GoogleChrome], Headless Execution. @22-09-2021 02:03:55.0566 AM
[ReportManager] Identifying OS/Driver combination and selecting the correct driver version automatically. Please note that if a new driver executable will be downloaded it may take some time... @22-09-2021 02:03:55.0566 AM
[ReportManager] Successfully Opened Google Chrome. @22-09-2021 02:03:55.0994 AM
[ReportManager] Initial window size: (800, 600) @22-09-2021 02:03:56.0000 AM
[ReportManager] Window size after SWD Maximize: (800, 600) @22-09-2021 02:03:56.0150 AM
[ReportManager] Window size after Toolkit: (1920, 1080) @22-09-2021 02:03:56.0593 AM
[ReportManager] Browser Action [MaximizeWindow] successfully performed. With the following test data [New screen size is now: (1920, 1080)]. @22-09-2021 02:03:56.0594 AM
[ReportManager] Target URL: [https://yari-demos.prod.mdn.mozit.cloud/en-US/docs/Web/HTML/Element/select/_sample_.Basic_select.html] @22-09-2021 02:03:56.0594 AM
[ReportManager] Initial URL: [data:,] @22-09-2021 02:03:56.0623 AM
[ReportManager] Browser Action [NavigateToURL] successfully performed. With the following test data [https://yari-demos.prod.mdn.mozit.cloud/en-US/docs/Web/HTML/Element/select/_sample_.Basic_select.html]. @22-09-2021 02:03:56.0812 AM
[ReportManager] Element Action [Select] successfully performed. With the following test data [Third Value]. @22-09-2021 02:03:57.0031 AM
[ReportManager] Element Action [GetSelectedText] successfully performed. With the following test data [Third Value]. @22-09-2021 02:03:57.0096 AM
[ReportManager] Third Value @22-09-2021 02:03:57.0096 AM
[ReportManager] Element Action [GetSelectedText] successfully performed. With the following test data [Third Value]. @22-09-2021 02:03:57.0159 AM
[ReportManager] Loaded Shared OpenCV @22-09-2021 02:03:57.0397 AM
[ReportManager] Assertion [ValidateElementAttribute] PASSED. Expected [Value Should be 'Third Value' for the 'selectedText' attribute, element locator 'By.tagName: select'] and Actual [Third Value]. Comparison Type [EQUALS]. Validation Type [POSITIVE]. @22-09-2021 02:03:57.0602 AM
[ReportManager] Successfully created attachment [Screenshot - 1632276237397_simpleSelect_ValidateElementAttribute_passed] @22-09-2021 02:03:57.0603 AM
[ReportManager] Browser Action [CloseCurrentWindow] successfully performed. @22-09-2021 02:03:57.0760 AM
[ReportManager] Successfully created attachment [Browser Action Test Data - CloseCurrentWindow - Actual Value] @22-09-2021 02:03:57.0761 A
[ReportManager] File Action [GetAbsolutePath] successfully performed. With the following test data [Relative Folder Path: "target/downloadedFiles/"]. @22-09-2021 02:03:57.0763 AM
[ReportManager] Attempting to run locally on: [Mac-64], [Safari], Headless Execution. @22-09-2021 02:03:57.0763 AM
[ReportManager] Successfully Opened Safari. @22-09-2021 02:03:58.0562 AM
[ReportManager] Initial window size: (800, 600) @22-09-2021 02:03:58.0576 AM
[ReportManager] Window size after SWD Maximize: (1176, 811) @22-09-2021 02:03:58.0591 AM
[ReportManager] Browser Action [MaximizeWindow] successfully performed. With the following test data [New screen size is now: (1176, 811)]. @22-09-2021 02:03:58.0591 A

################################################################################################################################################
Starting Execution:	[142 out of 143] test cases in the current suite
Test Method:		[testPackage01.Test_dynamicLoading.dynamicLoading_elementIsHidden]
################################################################################################################################################
[ReportManager] Target URL: [https://the-internet.herokuapp.com/dynamic_loading/1] @22-09-2021 02:03:58.0636 AM
[ReportManager] Initial URL: [] @22-09-2021 02:03:58.0668 AM
[ReportManager] Browser Action [NavigateToURL] successfully performed. With the following test data [https://the-internet.herokuapp.com/dynamic_loading/1]. @22-09-2021 02:03:59.0853 AM
[ReportManager] Element Action [Click] successfully performed. With the following test data [Start]. @22-09-2021 02:04:00.0121 AM
[ReportManager] Element Action [GetText] successfully performed. With the following test data [
    Hello World!
  ]. @22-09-2021 02:04:00.0154 A
[ReportManager] Browser Action [CloseCurrentWindow] successfully performed. @22-09-2021 02:04:00.0367 AM
[ReportManager] Successfully created attachment [Browser Action Test Data - CloseCurrentWindow - Actual Value] @22-09-2021 02:04:00.0367 A
[ReportManager] File Action [GetAbsolutePath] successfully performed. With the following test data [Relative Folder Path: "target/downloadedFiles/"]. @22-09-2021 02:04:00.0369 AM
[ReportManager] Attempting to run locally on: [Mac-64], [Safari], Headless Execution. @22-09-2021 02:04:00.0369 AM
[ReportManager] Successfully Opened Safari. @22-09-2021 02:04:01.0171 AM
[ReportManager] Initial window size: (800, 600) @22-09-2021 02:04:01.0198 AM
[ReportManager] Window size after SWD Maximize: (1176, 811) @22-09-2021 02:04:01.0215 AM
[ReportManager] Browser Action [MaximizeWindow] successfully performed. With the following test data [New screen size is now: (1176, 811)]. @22-09-2021 02:04:01.0216 A

################################################################################################################################################
Starting Execution:	[143 out of 143] test cases in the current suite
Test Method:		[testPackage01.Test_dynamicLoading.dynamicLoading_elementIsRendered]
################################################################################################################################################
[ReportManager] Target URL: [https://the-internet.herokuapp.com/dynamic_loading/2] @22-09-2021 02:04:01.0236 AM
[ReportManager] Initial URL: [] @22-09-2021 02:04:01.0296 AM
[ReportManager] Browser Action [NavigateToURL] successfully performed. With the following test data [https://the-internet.herokuapp.com/dynamic_loading/2]. @22-09-2021 02:04:02.0551 AM
[ReportManager] Element Action [Click] successfully performed. With the following test data [Start]. @22-09-2021 02:04:02.0842 AM
[ReportManager] Element Action [GetText] successfully performed. With the following test data [Hello World!]. @22-09-2021 02:04:08.0406 AM
[ReportManager] Loaded Shared OpenCV @22-09-2021 02:04:08.0472 AM
[ReportManager] Assertion [ValidateElementAttribute] PASSED. Expected [Value Should be 'Hello World!' for the 'text' attribute, element locator 'By.id: finish'] and Actual [Hello World!]. Comparison Type [CONTAINS]. Validation Type [POSITIVE]. @22-09-2021 02:04:08.0559 AM
[ReportManager] Successfully created attachment [Screenshot - 1632276248472_dynamicLoading_elementIsRendered_ValidateElementAttribute_passed] @22-09-2021 02:04:08.0560 A
[ReportManager] Browser Action [CloseCurrentWindow] successfully performed. @22-09-2021 02:04:08.0647 AM
[ReportManager] Successfully created attachment [Browser Action Test Data - CloseCurrentWindow - Actual Value] @22-09-2021 02:04:08.0648 A

################################################################################################################################################
Test Closure Activities
################################################################################################################################################
[ReportManager] Successfully created attachment [SHAFT Engine Logs - Execution log] @22-09-2021 02:04:08.0682 AM

################################################################################################################################################
This test run was powered by SHAFT Engine Version: [SHAFT Engine v5.3.20210902]
SHAFT Engine is licensed under the MIT License: [https://github.com/MohabMohie/SHAFT_ENGINE/blob/master/LICENSE].
################################################################################################################################################