################################################################################################################################################
Detected SHAFT Engine Version: [SHAFT Engine v6.1.20220113]
################################################################################################################################################
[ReportManager] File Action [GetAbsolutePath] successfully performed. With the following test data [Relative Folder Path: "target/downloadedFiles/"]. @20-03-2022 05:32:05.0079 AM
[ReportManager] Attempting to run locally on: [Mac-64], [Safari], Headless Execution. @20-03-2022 05:32:05.0095 AM
[ReportManager] Successfully Opened Safari. @20-03-2022 05:32:12.0282 AM
[ReportManager] Initial window size: (800, 600) @20-03-2022 05:32:12.0304 AM
[ReportManager] Window size after SWD Maximize: (1176, 802) @20-03-2022 05:32:12.0349 AM
[ReportManager] Browser Action [MaximizeWindow] successfully performed. With the following test data [New screen size is now: (1176, 802)]. @20-03-2022 05:32:12.0358 A

################################################################################################################################################
Starting Execution:	[1 out of 165] test cases in the current suite
Test Method:		[unitTests.tests_element_elementActions.waitForElementToBePresent_false_expectedToFail]
################################################################################################################################################
[ReportManager] Target URL: [https://www.google.com/ncr], and after redirection: [www.google.com] @20-03-2022 05:32:12.0505 AM
[ReportManager] Initial URL: [] @20-03-2022 05:32:12.0567 AM
[ReportManager] Browser Action [NavigateToURL] successfully performed. With the following test data [https://www.google.com/ncr]. @20-03-2022 05:32:14.0439 AM
[ReportManager] Waiting for element to be present; elementLocator [By.xpath: //*[@id='hplogo' or @alt='Google']], numberOfTries[1], stateOfPresence[false]... @20-03-2022 05:32:14.0449 AM
[ReportManager] Element Action [WaitForElementToBePresent] failed. With the following test data [waited for the element's state of presence to be (false). Element locator (By.xpath: //*[@id='hplogo' or @alt='Google'])]. @20-03-2022 05:32:17.0641 AM
[ReportManager] Successfully created attachment [Screenshot - 1647754334614_waitForElementToBePresent_false_expectedToFail_WaitForElementToBePresent_failed] @20-03-2022 05:32:17.0655 A
[ReportManager] Browser Action [CloseCurrentWindow] successfully performed. @20-03-2022 05:32:18.0011 AM
[ReportManager] Successfully created attachment [Browser Action Test Data - CloseCurrentWindow - Actual Value] @20-03-2022 05:32:18.0020 A
[ReportManager] File Action [GetAbsolutePath] successfully performed. With the following test data [Relative Folder Path: "target/downloadedFiles/"]. @20-03-2022 05:32:18.0036 AM
[ReportManager] Attempting to run locally on: [Mac-64], [Safari], Headless Execution. @20-03-2022 05:32:18.0037 AM
[ReportManager] Successfully Opened Safari. @20-03-2022 05:32:18.0956 AM
[ReportManager] Initial window size: (800, 600) @20-03-2022 05:32:18.0975 AM
[ReportManager] Window size after SWD Maximize: (1176, 803) @20-03-2022 05:32:19.0065 AM
[ReportManager] Browser Action [MaximizeWindow] successfully performed. With the following test data [New screen size is now: (1176, 803)]. @20-03-2022 05:32:19.0066 A

################################################################################################################################################
Starting Execution:	[2 out of 165] test cases in the current suite
Test Method:		[unitTests.tests_element_elementActions.waitForElementToBePresent_false_expectedToPass]
################################################################################################################################################
[ReportManager] Target URL: [https://www.google.com/ncr], and after redirection: [www.google.com] @20-03-2022 05:32:19.0071 AM
[ReportManager] Initial URL: [] @20-03-2022 05:32:19.0116 AM
[ReportManager] Browser Action [NavigateToURL] successfully performed. With the following test data [https://www.google.com/ncr]. @20-03-2022 05:32:20.0191 AM
[ReportManager] Waiting for element to be present; elementLocator [By.id: bla], numberOfTries[1], stateOfPresence[false]... @20-03-2022 05:32:20.0192 AM
[ReportManager] org.openqa.selenium.TimeoutException:
Expected condition failed: waiting for com.shaft.gui.element.ElementActionsHelper$$Lambda$642/0x0000000801147650@5032b2e (tried for 5 second(s) with 1000 milliseconds interval)
org.openqa.selenium.support.ui.FluentWait.timeoutException(FluentWait.java:263)
org.openqa.selenium.support.ui.FluentWait.until(FluentWait.java:231)
com.shaft.gui.element.ElementActionsHelper.waitForElementPresence(ElementActionsHelper.java:89)
com.shaft.gui.element.ElementActionsHelper.waitForElementPresence(ElementActionsHelper.java:37)
com.shaft.gui.element.WebDriverElementActions.getMatchingElementsCount(WebDriverElementActions.java:1494)
com.shaft.gui.element.WebDriverElementActions.waitForElementToBePresent(WebDriverElementActions.java:1295)
com.shaft.gui.element.ElementActions.waitForElementToBePresent(ElementActions.java:630)
unitTests.tests_element_elementActions.waitForElementToBePresent_false_expectedToPass(tests_element_elementActions.java:64)
java.base/jdk.internal.reflect.NativeMethodAccessorImpl.invoke0(Native Method)
java.base/jdk.internal.reflect.NativeMethodAccessorImpl.invoke(NativeMethodAccessorImpl.java:77)
java.base/jdk.internal.reflect.DelegatingMethodAccessorImpl.invoke(DelegatingMethodAccessorImpl.java:43)
java.base/java.lang.reflect.Method.invoke(Method.java:568)
org.testng.internal.invokers.MethodInvocationHelper.invokeMethod(MethodInvocationHelper.java:135)
org.testng.internal.invokers.TestInvoker.invokeMethod(TestInvoker.java:673)
org.testng.internal.invokers.TestInvoker.invokeTestMethod(TestInvoker.java:220)
org.testng.internal.invokers.MethodRunner.runInSequence(MethodRunner.java:50)
org.testng.internal.invokers.TestInvoker$MethodInvocationAgent.invoke(TestInvoker.java:945)
org.testng.internal.invokers.TestInvoker.invokeTestMethods(TestInvoker.java:193)
org.testng.internal.invokers.TestMethodWorker.invokeTestMethods(TestMethodWorker.java:146)
org.testng.internal.invokers.TestMethodWorker.run(TestMethodWorker.java:128)
java.base/java.util.ArrayList.forEach(ArrayList.java:1511)
org.testng.TestRunner.privateRun(TestRunner.java:808)
org.testng.TestRunner.run(TestRunner.java:603)
org.testng.SuiteRunner.runTest(SuiteRunner.java:429)
org.testng.SuiteRunner.runSequentially(SuiteRunner.java:423)
org.testng.SuiteRunner.privateRun(SuiteRunner.java:383)
org.testng.SuiteRunner.run(SuiteRunner.java:326)
org.testng.SuiteRunnerWorker.runSuite(SuiteRunnerWorker.java:52)
org.testng.SuiteRunnerWorker.run(SuiteRunnerWorker.java:95)
org.testng.TestNG.runSuitesSequentially(TestNG.java:1249)
org.testng.TestNG.runSuitesLocally(TestNG.java:1169)
org.testng.TestNG.runSuites(TestNG.java:1092)
org.testng.TestNG.run(TestNG.java:1060)
org.apache.maven.surefire.testng.TestNGExecutor.run(TestNGExecutor.java:136)
org.apache.maven.surefire.testng.TestNGDirectoryTestSuite.executeMulti(TestNGDirectoryTestSuite.java:193)
org.apache.maven.surefire.testng.TestNGDirectoryTestSuite.execute(TestNGDirectoryTestSuite.java:94)
org.apache.maven.surefire.testng.TestNGProvider.invoke(TestNGProvider.java:145)
org.apache.maven.surefire.booter.ForkedBooter.runSuitesInProcess(ForkedBooter.java:428)
org.apache.maven.surefire.booter.ForkedBooter.execute(ForkedBooter.java:162)
org.apache.maven.surefire.booter.ForkedBooter.run(ForkedBooter.java:562)
org.apache.maven.surefire.booter.ForkedBooter.main(ForkedBooter.java:548)

Caused by: org.openqa.selenium.NoSuchElementException:
For documentation on this error, please visit: https://selenium.dev/exceptions/#no_such_element
Build info: version: '4.1.2', revision: '9a5a329c5a'
System info: host: 'Mac-1647751137785.local', ip: '10.79.12.73', os.name: 'Mac OS X', os.arch: 'x86_64', os.version: '11.6.4', java.version: '17.0.2'
Driver info: org.openqa.selenium.safari.SafariDriver
Command: [5DE510F9-A9BF-44F9-ADE9-F14F32BD529E, findElement {using=id, value=bla}]
Capabilities {acceptInsecureCerts: false, browserName: Safari, browserVersion: 15.3, goog:loggingPrefs: {browser: ALL, client: ALL, driver: ALL, performance: ALL, profiler: ALL, server: ALL}, javascriptEnabled: true, pageLoadStrategy: normal, platform: MAC, platformName: MAC, safari:automaticInspection: false, safari:automaticProfiling: false, safari:diagnose: false, safari:platformBuildVersion: 20G417, safari:platformVersion: 11.6.4, safari:useSimulator: false, setWindowRect: true, strictFileInteractability: false, timeouts: {pageLoad: 30000, script: 30000}, webkit:WebRTC: {DisableICECandidateFiltering: false, DisableInsecureMediaCapture: false}}
Session ID: 5DE510F9-A9BF-44F9-ADE9-F14F32BD529E
java.base/jdk.internal.reflect.NativeConstructorAccessorImpl.newInstance0(Native Method)
java.base/jdk.internal.reflect.NativeConstructorAccessorImpl.newInstance(NativeConstructorAccessorImpl.java:77)
java.base/jdk.internal.reflect.DelegatingConstructorAccessorImpl.newInstance(DelegatingConstructorAccessorImpl.java:45)
java.base/java.lang.reflect.Constructor.newInstanceWithCaller(Constructor.java:499)
java.base/java.lang.reflect.Constructor.newInstance(Constructor.java:480)
org.openqa.selenium.remote.codec.w3c.W3CHttpResponseCodec.createException(W3CHttpResponseCodec.java:200)
org.openqa.selenium.remote.codec.w3c.W3CHttpResponseCodec.decode(W3CHttpResponseCodec.java:133)
org.openqa.selenium.remote.codec.w3c.W3CHttpResponseCodec.decode(W3CHttpResponseCodec.java:53)
org.openqa.selenium.remote.HttpCommandExecutor.execute(HttpCommandExecutor.java:184)
org.openqa.selenium.remote.service.DriverCommandExecutor.invokeExecute(DriverCommandExecutor.java:167)
org.openqa.selenium.remote.service.DriverCommandExecutor.execute(DriverCommandExecutor.java:142)
org.openqa.selenium.remote.RemoteWebDriver.execute(RemoteWebDriver.java:558)
org.openqa.selenium.remote.ElementLocation$ElementFinder$2.findElement(ElementLocation.java:162)
org.openqa.selenium.remote.ElementLocation.findElement(ElementLocation.java:60)
org.openqa.selenium.remote.RemoteWebDriver.findElement(RemoteWebDriver.java:382)
org.openqa.selenium.remote.RemoteWebDriver.findElement(RemoteWebDriver.java:374)
com.shaft.gui.element.ElementActionsHelper.lambda$waitForElementPresence$0(ElementActionsHelper.java:92)
org.openqa.selenium.support.ui.FluentWait.until(FluentWait.java:208)
com.shaft.gui.element.ElementActionsHelper.waitForElementPresence(ElementActionsHelper.java:89)
com.shaft.gui.element.ElementActionsHelper.waitForElementPresence(ElementActionsHelper.java:37)
com.shaft.gui.element.WebDriverElementActions.getMatchingElementsCount(WebDriverElementActions.java:1494)
com.shaft.gui.element.WebDriverElementActions.waitForElementToBePresent(WebDriverElementActions.java:1295)
com.shaft.gui.element.ElementActions.waitForElementToBePresent(ElementActions.java:630)
unitTests.tests_element_elementActions.waitForElementToBePresent_false_expectedToPass(tests_element_elementActions.java:64)
java.base/jdk.internal.reflect.NativeMethodAccessorImpl.invoke0(Native Method)
java.base/jdk.internal.reflect.NativeMethodAccessorImpl.invoke(NativeMethodAccessorImpl.java:77)
java.base/jdk.internal.reflect.DelegatingMethodAccessorImpl.invoke(DelegatingMethodAccessorImpl.java:43)
java.base/java.lang.reflect.Method.invoke(Method.java:568)
org.testng.internal.invokers.MethodInvocationHelper.invokeMethod(MethodInvocationHelper.java:135)
org.testng.internal.invokers.TestInvoker.invokeMethod(TestInvoker.java:673)
org.testng.internal.invokers.TestInvoker.invokeTestMethod(TestInvoker.java:220)
org.testng.internal.invokers.MethodRunner.runInSequence(MethodRunner.java:50)
org.testng.internal.invokers.TestInvoker$MethodInvocationAgent.invoke(TestInvoker.java:945)
org.testng.internal.invokers.TestInvoker.invokeTestMethods(TestInvoker.java:193)
org.testng.internal.invokers.TestMethodWorker.invokeTestMethods(TestMethodWorker.java:146)
org.testng.internal.invokers.TestMethodWorker.run(TestMethodWorker.java:128)
java.base/java.util.ArrayList.forEach(ArrayList.java:1511)
org.testng.TestRunner.privateRun(TestRunner.java:808)
org.testng.TestRunner.run(TestRunner.java:603)
org.testng.SuiteRunner.runTest(SuiteRunner.java:429)
org.testng.SuiteRunner.runSequentially(SuiteRunner.java:423)
org.testng.SuiteRunner.privateRun(SuiteRunner.java:383)
org.testng.SuiteRunner.run(SuiteRunner.java:326)
org.testng.SuiteRunnerWorker.runSuite(SuiteRunnerWorker.java:52)
org.testng.SuiteRunnerWorker.run(SuiteRunnerWorker.java:95)
org.testng.TestNG.runSuitesSequentially(TestNG.java:1249)
org.testng.TestNG.runSuitesLocally(TestNG.java:1169)
org.testng.TestNG.runSuites(TestNG.java:1092)
org.testng.TestNG.run(TestNG.java:1060)
org.apache.maven.surefire.testng.TestNGExecutor.run(TestNGExecutor.java:136)
org.apache.maven.surefire.testng.TestNGDirectoryTestSuite.executeMulti(TestNGDirectoryTestSuite.java:193)
org.apache.maven.surefire.testng.TestNGDirectoryTestSuite.execute(TestNGDirectoryTestSuite.java:94)
org.apache.maven.surefire.testng.TestNGProvider.invoke(TestNGProvider.java:145)
org.apache.maven.surefire.booter.ForkedBooter.runSuitesInProcess(ForkedBooter.java:428)
org.apache.maven.surefire.booter.ForkedBooter.execute(ForkedBooter.java:162)
org.apache.maven.surefire.booter.ForkedBooter.run(ForkedBooter.java:562)
org.apache.maven.surefire.booter.ForkedBooter.main(ForkedBooter.java:548) @20-03-2022 05:32:25.0710 AM
[ReportManager] Element Action [WaitForElementToBePresent] successfully performed. With the following test data [waited for the element's state of presence to be (false). Element locator (By.id: bla)]. @20-03-2022 05:32:25.0711 A
[ReportManager] Browser Action [CloseCurrentWindow] successfully performed. @20-03-2022 05:32:26.0026 AM
[ReportManager] Successfully created attachment [Browser Action Test Data - CloseCurrentWindow - Actual Value] @20-03-2022 05:32:26.0027 A
[ReportManager] File Action [GetAbsolutePath] successfully performed. With the following test data [Relative Folder Path: "target/downloadedFiles/"]. @20-03-2022 05:32:26.0035 AM
[ReportManager] Attempting to run locally on: [Mac-64], [Safari], Headless Execution. @20-03-2022 05:32:26.0035 AM
[ReportManager] Successfully Opened Safari. @20-03-2022 05:32:26.0892 AM
[ReportManager] Initial window size: (800, 600) @20-03-2022 05:32:26.0907 AM
[ReportManager] Window size after SWD Maximize: (1176, 803) @20-03-2022 05:32:26.0940 AM
[ReportManager] Browser Action [MaximizeWindow] successfully performed. With the following test data [New screen size is now: (1176, 803)]. @20-03-2022 05:32:26.0941 A

################################################################################################################################################
Starting Execution:	[3 out of 165] test cases in the current suite
Test Method:		[unitTests.tests_element_elementActions.waitForElementToBePresent_moreThanOneElement_expectedToFail]
################################################################################################################################################
[ReportManager] Target URL: [https://www.google.com/ncr], and after redirection: [www.google.com] @20-03-2022 05:32:26.0947 AM
[ReportManager] Initial URL: [] @20-03-2022 05:32:27.0029 AM
[ReportManager] Browser Action [NavigateToURL] successfully performed. With the following test data [https://www.google.com/ncr]. @20-03-2022 05:32:27.0916 AM
[ReportManager] Waiting for element to be present; elementLocator [By.xpath: //*], numberOfTries[1], stateOfPresence[false]... @20-03-2022 05:32:27.0917 AM
[ReportManager] Element Action [WaitForElementToBePresent] failed. With the following test data [waited for the element's state of presence to be (false). Element locator (By.xpath: //*)]. @20-03-2022 05:32:28.0162 AM
[ReportManager] Successfully created attachment [Screenshot - 1647754348003_waitForElementToBePresent_moreThanOneElement_expectedToFail_WaitForElementToBePresent_failed] @20-03-2022 05:32:28.0167 A
[ReportManager] Browser Action [CloseCurrentWindow] successfully performed. @20-03-2022 05:32:28.0368 AM
[ReportManager] Successfully created attachment [Browser Action Test Data - CloseCurrentWindow - Actual Value] @20-03-2022 05:32:28.0371 A
[ReportManager] File Action [GetAbsolutePath] successfully performed. With the following test data [Relative Folder Path: "target/downloadedFiles/"]. @20-03-2022 05:32:28.0377 AM
[ReportManager] Attempting to run locally on: [Mac-64], [Safari], Headless Execution. @20-03-2022 05:32:28.0377 AM
[ReportManager] Successfully Opened Safari. @20-03-2022 05:32:29.0278 AM
[ReportManager] Initial window size: (800, 600) @20-03-2022 05:32:29.0309 AM
[ReportManager] Window size after SWD Maximize: (1176, 803) @20-03-2022 05:32:29.0340 AM
[ReportManager] Browser Action [MaximizeWindow] successfully performed. With the following test data [New screen size is now: (1176, 803)]. @20-03-2022 05:32:29.0341 A

################################################################################################################################################
Starting Execution:	[4 out of 165] test cases in the current suite
Test Method:		[unitTests.tests_element_elementActions.waitForElementToBePresent_true_expectedToFail]
################################################################################################################################################
[ReportManager] Target URL: [https://www.google.com/ncr], and after redirection: [www.google.com] @20-03-2022 05:32:29.0344 AM
[ReportManager] Initial URL: [] @20-03-2022 05:32:29.0448 AM
[ReportManager] Browser Action [NavigateToURL] successfully performed. With the following test data [https://www.google.com/ncr]. @20-03-2022 05:32:30.0493 AM
[ReportManager] Waiting for element to be present; elementLocator [By.id: bla], numberOfTries[1], stateOfPresence[true]... @20-03-2022 05:32:30.0493 AM
[ReportManager] org.openqa.selenium.TimeoutException:
Expected condition failed: waiting for com.shaft.gui.element.ElementActionsHelper$$Lambda$642/0x0000000801147650@80081d7 (tried for 5 second(s) with 1000 milliseconds interval)
org.openqa.selenium.support.ui.FluentWait.timeoutException(FluentWait.java:263)
org.openqa.selenium.support.ui.FluentWait.until(FluentWait.java:231)
com.shaft.gui.element.ElementActionsHelper.waitForElementPresence(ElementActionsHelper.java:89)
com.shaft.gui.element.ElementActionsHelper.waitForElementPresence(ElementActionsHelper.java:37)
com.shaft.gui.element.WebDriverElementActions.getMatchingElementsCount(WebDriverElementActions.java:1494)
com.shaft.gui.element.WebDriverElementActions.waitForElementToBePresent(WebDriverElementActions.java:1295)
com.shaft.gui.element.ElementActions.waitForElementToBePresent(ElementActions.java:630)
unitTests.tests_element_elementActions.waitForElementToBePresent_true_expectedToFail(tests_element_elementActions.java:55)
java.base/jdk.internal.reflect.NativeMethodAccessorImpl.invoke0(Native Method)
java.base/jdk.internal.reflect.NativeMethodAccessorImpl.invoke(NativeMethodAccessorImpl.java:77)
java.base/jdk.internal.reflect.DelegatingMethodAccessorImpl.invoke(DelegatingMethodAccessorImpl.java:43)
java.base/java.lang.reflect.Method.invoke(Method.java:568)
org.testng.internal.invokers.MethodInvocationHelper.invokeMethod(MethodInvocationHelper.java:135)
org.testng.internal.invokers.TestInvoker.invokeMethod(TestInvoker.java:673)
org.testng.internal.invokers.TestInvoker.invokeTestMethod(TestInvoker.java:220)
org.testng.internal.invokers.MethodRunner.runInSequence(MethodRunner.java:50)
org.testng.internal.invokers.TestInvoker$MethodInvocationAgent.invoke(TestInvoker.java:945)
org.testng.internal.invokers.TestInvoker.invokeTestMethods(TestInvoker.java:193)
org.testng.internal.invokers.TestMethodWorker.invokeTestMethods(TestMethodWorker.java:146)
org.testng.internal.invokers.TestMethodWorker.run(TestMethodWorker.java:128)
java.base/java.util.ArrayList.forEach(ArrayList.java:1511)
org.testng.TestRunner.privateRun(TestRunner.java:808)
org.testng.TestRunner.run(TestRunner.java:603)
org.testng.SuiteRunner.runTest(SuiteRunner.java:429)
org.testng.SuiteRunner.runSequentially(SuiteRunner.java:423)
org.testng.SuiteRunner.privateRun(SuiteRunner.java:383)
org.testng.SuiteRunner.run(SuiteRunner.java:326)
org.testng.SuiteRunnerWorker.runSuite(SuiteRunnerWorker.java:52)
org.testng.SuiteRunnerWorker.run(SuiteRunnerWorker.java:95)
org.testng.TestNG.runSuitesSequentially(TestNG.java:1249)
org.testng.TestNG.runSuitesLocally(TestNG.java:1169)
org.testng.TestNG.runSuites(TestNG.java:1092)
org.testng.TestNG.run(TestNG.java:1060)
org.apache.maven.surefire.testng.TestNGExecutor.run(TestNGExecutor.java:136)
org.apache.maven.surefire.testng.TestNGDirectoryTestSuite.executeMulti(TestNGDirectoryTestSuite.java:193)
org.apache.maven.surefire.testng.TestNGDirectoryTestSuite.execute(TestNGDirectoryTestSuite.java:94)
org.apache.maven.surefire.testng.TestNGProvider.invoke(TestNGProvider.java:145)
org.apache.maven.surefire.booter.ForkedBooter.runSuitesInProcess(ForkedBooter.java:428)
org.apache.maven.surefire.booter.ForkedBooter.execute(ForkedBooter.java:162)
org.apache.maven.surefire.booter.ForkedBooter.run(ForkedBooter.java:562)
org.apache.maven.surefire.booter.ForkedBooter.main(ForkedBooter.java:548)

Caused by: org.openqa.selenium.NoSuchElementException:
For documentation on this error, please visit: https://selenium.dev/exceptions/#no_such_element
Build info: version: '4.1.2', revision: '9a5a329c5a'
System info: host: 'Mac-1647751137785.local', ip: '10.79.12.73', os.name: 'Mac OS X', os.arch: 'x86_64', os.version: '11.6.4', java.version: '17.0.2'
Driver info: org.openqa.selenium.safari.SafariDriver
Command: [DC864E49-0A61-4A7D-A3D8-2CF346CCAE0B, findElement {using=id, value=bla}]
Capabilities {acceptInsecureCerts: false, browserName: Safari, browserVersion: 15.3, goog:loggingPrefs: {browser: ALL, client: ALL, driver: ALL, performance: ALL, profiler: ALL, server: ALL}, javascriptEnabled: true, pageLoadStrategy: normal, platform: MAC, platformName: MAC, safari:automaticInspection: false, safari:automaticProfiling: false, safari:diagnose: false, safari:platformBuildVersion: 20G417, safari:platformVersion: 11.6.4, safari:useSimulator: false, setWindowRect: true, strictFileInteractability: false, timeouts: {pageLoad: 30000, script: 30000}, webkit:WebRTC: {DisableICECandidateFiltering: false, DisableInsecureMediaCapture: false}}
Session ID: DC864E49-0A61-4A7D-A3D8-2CF346CCAE0B
java.base/jdk.internal.reflect.NativeConstructorAccessorImpl.newInstance0(Native Method)
java.base/jdk.internal.reflect.NativeConstructorAccessorImpl.newInstance(NativeConstructorAccessorImpl.java:77)
java.base/jdk.internal.reflect.DelegatingConstructorAccessorImpl.newInstance(DelegatingConstructorAccessorImpl.java:45)
java.base/java.lang.reflect.Constructor.newInstanceWithCaller(Constructor.java:499)
java.base/java.lang.reflect.Constructor.newInstance(Constructor.java:480)
org.openqa.selenium.remote.codec.w3c.W3CHttpResponseCodec.createException(W3CHttpResponseCodec.java:200)
org.openqa.selenium.remote.codec.w3c.W3CHttpResponseCodec.decode(W3CHttpResponseCodec.java:133)
org.openqa.selenium.remote.codec.w3c.W3CHttpResponseCodec.decode(W3CHttpResponseCodec.java:53)
org.openqa.selenium.remote.HttpCommandExecutor.execute(HttpCommandExecutor.java:184)
org.openqa.selenium.remote.service.DriverCommandExecutor.invokeExecute(DriverCommandExecutor.java:167)
org.openqa.selenium.remote.service.DriverCommandExecutor.execute(DriverCommandExecutor.java:142)
org.openqa.selenium.remote.RemoteWebDriver.execute(RemoteWebDriver.java:558)
org.openqa.selenium.remote.ElementLocation$ElementFinder$2.findElement(ElementLocation.java:162)
org.openqa.selenium.remote.ElementLocation.findElement(ElementLocation.java:60)
org.openqa.selenium.remote.RemoteWebDriver.findElement(RemoteWebDriver.java:382)
org.openqa.selenium.remote.RemoteWebDriver.findElement(RemoteWebDriver.java:374)
com.shaft.gui.element.ElementActionsHelper.lambda$waitForElementPresence$0(ElementActionsHelper.java:92)
org.openqa.selenium.support.ui.FluentWait.until(FluentWait.java:208)
com.shaft.gui.element.ElementActionsHelper.waitForElementPresence(ElementActionsHelper.java:89)
com.shaft.gui.element.ElementActionsHelper.waitForElementPresence(ElementActionsHelper.java:37)
com.shaft.gui.element.WebDriverElementActions.getMatchingElementsCount(WebDriverElementActions.java:1494)
com.shaft.gui.element.WebDriverElementActions.waitForElementToBePresent(WebDriverElementActions.java:1295)
com.shaft.gui.element.ElementActions.waitForElementToBePresent(ElementActions.java:630)
unitTests.tests_element_elementActions.waitForElementToBePresent_true_expectedToFail(tests_element_elementActions.java:55)
java.base/jdk.internal.reflect.NativeMethodAccessorImpl.invoke0(Native Method)
java.base/jdk.internal.reflect.NativeMethodAccessorImpl.invoke(NativeMethodAccessorImpl.java:77)
java.base/jdk.internal.reflect.DelegatingMethodAccessorImpl.invoke(DelegatingMethodAccessorImpl.java:43)
java.base/java.lang.reflect.Method.invoke(Method.java:568)
org.testng.internal.invokers.MethodInvocationHelper.invokeMethod(MethodInvocationHelper.java:135)
org.testng.internal.invokers.TestInvoker.invokeMethod(TestInvoker.java:673)
org.testng.internal.invokers.TestInvoker.invokeTestMethod(TestInvoker.java:220)
org.testng.internal.invokers.MethodRunner.runInSequence(MethodRunner.java:50)
org.testng.internal.invokers.TestInvoker$MethodInvocationAgent.invoke(TestInvoker.java:945)
org.testng.internal.invokers.TestInvoker.invokeTestMethods(TestInvoker.java:193)
org.testng.internal.invokers.TestMethodWorker.invokeTestMethods(TestMethodWorker.java:146)
org.testng.internal.invokers.TestMethodWorker.run(TestMethodWorker.java:128)
java.base/java.util.ArrayList.forEach(ArrayList.java:1511)
org.testng.TestRunner.privateRun(TestRunner.java:808)
org.testng.TestRunner.run(TestRunner.java:603)
org.testng.SuiteRunner.runTest(SuiteRunner.java:429)
org.testng.SuiteRunner.runSequentially(SuiteRunner.java:423)
org.testng.SuiteRunner.privateRun(SuiteRunner.java:383)
org.testng.SuiteRunner.run(SuiteRunner.java:326)
org.testng.SuiteRunnerWorker.runSuite(SuiteRunnerWorker.java:52)
org.testng.SuiteRunnerWorker.run(SuiteRunnerWorker.java:95)
org.testng.TestNG.runSuitesSequentially(TestNG.java:1249)
org.testng.TestNG.runSuitesLocally(TestNG.java:1169)
org.testng.TestNG.runSuites(TestNG.java:1092)
org.testng.TestNG.run(TestNG.java:1060)
org.apache.maven.surefire.testng.TestNGExecutor.run(TestNGExecutor.java:136)
org.apache.maven.surefire.testng.TestNGDirectoryTestSuite.executeMulti(TestNGDirectoryTestSuite.java:193)
org.apache.maven.surefire.testng.TestNGDirectoryTestSuite.execute(TestNGDirectoryTestSuite.java:94)
org.apache.maven.surefire.testng.TestNGProvider.invoke(TestNGProvider.java:145)
org.apache.maven.surefire.booter.ForkedBooter.runSuitesInProcess(ForkedBooter.java:428)
org.apache.maven.surefire.booter.ForkedBooter.execute(ForkedBooter.java:162)
org.apache.maven.surefire.booter.ForkedBooter.run(ForkedBooter.java:562)
org.apache.maven.surefire.booter.ForkedBooter.main(ForkedBooter.java:548) @20-03-2022 05:32:35.0993 AM
[ReportManager] Element Action [WaitForElementToBePresent] failed. With the following test data [waited for the element's state of presence to be (true). Element locator (By.id: bla)]. @20-03-2022 05:32:36.0143 AM
[ReportManager] Successfully created attachment [Screenshot - 1647754356037_waitForElementToBePresent_true_expectedToFail_WaitForElementToBePresent_failed] @20-03-2022 05:32:36.0144 A
[ReportManager] Browser Action [CloseCurrentWindow] successfully performed. @20-03-2022 05:32:36.0587 AM
[ReportManager] Successfully created attachment [Browser Action Test Data - CloseCurrentWindow - Actual Value] @20-03-2022 05:32:36.0588 A
[ReportManager] File Action [GetAbsolutePath] successfully performed. With the following test data [Relative Folder Path: "target/downloadedFiles/"]. @20-03-2022 05:32:36.0593 AM
[ReportManager] Attempting to run locally on: [Mac-64], [Safari], Headless Execution. @20-03-2022 05:32:36.0593 AM
[ReportManager] Successfully Opened Safari. @20-03-2022 05:32:37.0495 AM
[ReportManager] Initial window size: (800, 600) @20-03-2022 05:32:37.0507 AM
[ReportManager] Window size after SWD Maximize: (1176, 803) @20-03-2022 05:32:37.0544 AM
[ReportManager] Browser Action [MaximizeWindow] successfully performed. With the following test data [New screen size is now: (1176, 803)]. @20-03-2022 05:32:37.0544 A

################################################################################################################################################
Starting Execution:	[5 out of 165] test cases in the current suite
Test Method:		[unitTests.tests_element_elementActions.waitForElementToBePresent_true_expectedToPass]
################################################################################################################################################
[ReportManager] Target URL: [https://www.google.com/ncr], and after redirection: [www.google.com] @20-03-2022 05:32:37.0549 AM
[ReportManager] Initial URL: [] @20-03-2022 05:32:37.0617 AM
[ReportManager] Browser Action [NavigateToURL] successfully performed. With the following test data [https://www.google.com/ncr]. @20-03-2022 05:32:38.0650 AM
[ReportManager] Waiting for element to be present; elementLocator [By.xpath: //*[@id='hplogo' or @alt='Google']], numberOfTries[1], stateOfPresence[true]... @20-03-2022 05:32:38.0650 AM
[ReportManager] Element Action [WaitForElementToBePresent] successfully performed. With the following test data [waited for the element's state of presence to be (true). Element locator (By.xpath: //*[@id='hplogo' or @alt='Google'])]. @20-03-2022 05:32:38.0691 AM
[ReportManager] File Action [DoesFileExist] successfully performed. With the following test data [File Path: "src/main/resources/dynamicObjectRepository/unitTests_tests_element_elementActions_waitForElementToBePresent_true_expectedToPass_By_xpath_id_hplogo_or_alt_Google.png"]. @20-03-2022 05:32:38.0700 AM
[ReportManager] Assertion Failed: Using Visual AI; OpenCV @20-03-2022 05:32:39.0068 AM
[ReportManager] Successfully created attachment [Validation Test Data - Actual Screenshot] @20-03-2022 05:32:39.0069 AM
[ReportManager] Assertion [ValidateElementMatches] FAILED. Expected [Element should match the reference screenshot] and Actual [ELEMENT NOT FOUND]. Comparison Type [EXACT_OPENCV]. Validation Type [POSITIVE]. @20-03-2022 05:32:39.0070 A
[ReportManager] Browser Action [CloseCurrentWindow] successfully performed. @20-03-2022 05:32:39.0483 AM
[ReportManager] Successfully created attachment [Browser Action Test Data - CloseCurrentWindow - Actual Value] @20-03-2022 05:32:39.0484 A
[ReportManager] File Action [GetAbsolutePath] successfully performed. With the following test data [Relative Folder Path: "target/downloadedFiles/"]. @20-03-2022 05:32:39.0490 AM
[ReportManager] Attempting to run locally on: [Mac-64], [Safari], Headless Execution. @20-03-2022 05:32:39.0490 AM
[ReportManager] Successfully Opened Safari. @20-03-2022 05:32:40.0379 AM
[ReportManager] Initial window size: (800, 600) @20-03-2022 05:32:40.0403 AM
[ReportManager] Window size after SWD Maximize: (1176, 803) @20-03-2022 05:32:40.0427 AM
[ReportManager] Browser Action [MaximizeWindow] successfully performed. With the following test data [New screen size is now: (1176, 803)]. @20-03-2022 05:32:40.0428 AM
[ReportManager] Target URL: [https://duckduckgo.com] @20-03-2022 05:32:40.0428 AM
[ReportManager] Initial URL: [] @20-03-2022 05:32:40.0477 AM
[ReportManager] Browser Action [NavigateToURL] successfully performed. With the following test data [https://duckduckgo.com]. @20-03-2022 05:32:41.0423 A

################################################################################################################################################
Starting Execution:	[6 out of 165] test cases in the current suite
Test Method:		[unitTests.tests_browserActions.fullScreenWindow]
################################################################################################################################################
[ReportManager] Initial Windows Size: 1176x803 @20-03-2022 05:32:41.0439 AM
[ReportManager] Current Windows Size after fullScreen: 1176x885 @20-03-2022 05:32:41.0733 AM
[ReportManager] Browser Action [FullScreenWindow] successfully performed. @20-03-2022 05:32:41.0754 AM
[ReportManager] Successfully created attachment [Browser Action Test Data - FullScreenWindow - Actual Value] @20-03-2022 05:32:41.0756 A
[ReportManager] Target URL: [https://duckduckgo.com] @20-03-2022 05:32:41.0774 AM
[ReportManager] Initial URL: [https://duckduckgo.com] @20-03-2022 05:32:41.0865 AM
[ReportManager] Browser Action [NavigateToURL] successfully performed. With the following test data [https://duckduckgo.com]. @20-03-2022 05:32:42.0586 AM
[ReportManager] Browser Action [CloseCurrentWindow] successfully performed. @20-03-2022 05:32:43.0005 AM
[ReportManager] Successfully created attachment [Browser Action Test Data - CloseCurrentWindow - Actual Value] @20-03-2022 05:32:43.0007 A
[ReportManager] File Action [GetAbsolutePath] successfully performed. With the following test data [Relative Folder Path: "target/downloadedFiles/"]. @20-03-2022 05:32:43.0017 AM
[ReportManager] Attempting to run locally on: [Mac-64], [Safari], Headless Execution. @20-03-2022 05:32:43.0017 AM
[ReportManager] Successfully Opened Safari. @20-03-2022 05:32:43.0866 AM
[ReportManager] Initial window size: (800, 600) @20-03-2022 05:32:43.0893 AM
[ReportManager] Window size after SWD Maximize: (1176, 803) @20-03-2022 05:32:43.0923 AM
[ReportManager] Browser Action [MaximizeWindow] successfully performed. With the following test data [New screen size is now: (1176, 803)]. @20-03-2022 05:32:43.0924 AM
[ReportManager] Target URL: [https://duckduckgo.com] @20-03-2022 05:32:43.0925 AM
[ReportManager] Initial URL: [] @20-03-2022 05:32:44.0004 AM
[ReportManager] Browser Action [NavigateToURL] successfully performed. With the following test data [https://duckduckgo.com]. @20-03-2022 05:32:44.0888 A

################################################################################################################################################
Starting Execution:	[7 out of 165] test cases in the current suite
Test Method:		[unitTests.tests_browserActions.getCurrentURL]
################################################################################################################################################
[ReportManager] Browser Action [GetCurrentURL] successfully performed. With the following test data [https://duckduckgo.com/]. @20-03-2022 05:32:44.0946 A
[ReportManager] Target URL: [https://duckduckgo.com] @20-03-2022 05:32:44.0948 AM
[ReportManager] Initial URL: [https://duckduckgo.com] @20-03-2022 05:32:44.0988 AM
[ReportManager] Browser Action [NavigateToURL] successfully performed. With the following test data [https://duckduckgo.com]. @20-03-2022 05:32:45.0387 AM
[ReportManager] Browser Action [CloseCurrentWindow] successfully performed. @20-03-2022 05:32:45.0596 AM
[ReportManager] Successfully created attachment [Browser Action Test Data - CloseCurrentWindow - Actual Value] @20-03-2022 05:32:45.0597 A
[ReportManager] File Action [GetAbsolutePath] successfully performed. With the following test data [Relative Folder Path: "target/downloadedFiles/"]. @20-03-2022 05:32:45.0601 AM
[ReportManager] Attempting to run locally on: [Mac-64], [Safari], Headless Execution. @20-03-2022 05:32:45.0601 AM
[ReportManager] Successfully Opened Safari. @20-03-2022 05:32:46.0506 AM
[ReportManager] Initial window size: (800, 600) @20-03-2022 05:32:46.0524 AM
[ReportManager] Window size after SWD Maximize: (1176, 803) @20-03-2022 05:32:46.0553 AM
[ReportManager] Browser Action [MaximizeWindow] successfully performed. With the following test data [New screen size is now: (1176, 803)]. @20-03-2022 05:32:46.0554 AM
[ReportManager] Target URL: [https://duckduckgo.com] @20-03-2022 05:32:46.0554 AM
[ReportManager] Initial URL: [] @20-03-2022 05:32:46.0641 AM
[ReportManager] Browser Action [NavigateToURL] successfully performed. With the following test data [https://duckduckgo.com]. @20-03-2022 05:32:47.0480 A

################################################################################################################################################
Starting Execution:	[8 out of 165] test cases in the current suite
Test Method:		[unitTests.tests_browserActions.getCurrentWindowTitle]
################################################################################################################################################
[ReportManager] Browser Action [GetCurrentWindowTitle] successfully performed. With the following test data [DuckDuckGo â€” Privacy, simplified.]. @20-03-2022 05:32:47.0535 A
[ReportManager] Target URL: [https://duckduckgo.com] @20-03-2022 05:32:47.0538 AM
[ReportManager] Initial URL: [https://duckduckgo.com] @20-03-2022 05:32:47.0583 AM
[ReportManager] Browser Action [NavigateToURL] successfully performed. With the following test data [https://duckduckgo.com]. @20-03-2022 05:32:47.0974 AM
[ReportManager] Browser Action [CloseCurrentWindow] successfully performed. @20-03-2022 05:32:48.0395 AM
[ReportManager] Successfully created attachment [Browser Action Test Data - CloseCurrentWindow - Actual Value] @20-03-2022 05:32:48.0396 A
[ReportManager] File Action [GetAbsolutePath] successfully performed. With the following test data [Relative Folder Path: "target/downloadedFiles/"]. @20-03-2022 05:32:48.0403 AM
[ReportManager] Attempting to run locally on: [Mac-64], [Safari], Headless Execution. @20-03-2022 05:32:48.0403 AM
[ReportManager] An Exception Occured with this Message: Could not start a new session. Possible causes are invalid address of the remote server or browser start-up failure.. @20-03-2022 05:32:48.0444 AM
[ReportManager] Successfully created attachment [Exception Stack Trace - org.openqa.selenium.SessionNotCreatedException] @20-03-2022 05:32:48.0445 AM
[ReportManager] Driver Factory Action [createNewLocalDriverInstanceForSafari] failed. With the following test data [Failed to create a session on DESKTOP_SAFARI]. @20-03-2022 05:32:48.0445 A

################################################################################################################################################
Starting Execution:	[9 out of 165] test cases in the current suite
Test Method:		[unitTests.tests_browserActions.getPageSource]
###############################################################################################################################################



################################################################################################################################################
Starting Execution:	[10 out of 165] test cases in the current suite
Test Method:		[unitTests.tests_browserActions.getWindowHandle]
###############################################################################################################################################



################################################################################################################################################
Starting Execution:	[11 out of 165] test cases in the current suite
Test Method:		[unitTests.tests_browserActions.getWindowPosition]
###############################################################################################################################################



################################################################################################################################################
Starting Execution:	[12 out of 165] test cases in the current suite
Test Method:		[unitTests.tests_browserActions.getWindowSize]
###############################################################################################################################################



################################################################################################################################################
Starting Execution:	[13 out of 165] test cases in the current suite
Test Method:		[unitTests.tests_browserActions.maximizeWindow]
###############################################################################################################################################



################################################################################################################################################
Starting Execution:	[14 out of 165] test cases in the current suite
Test Method:		[unitTests.tests_browserActions.navigateBack]
###############################################################################################################################################



################################################################################################################################################
Starting Execution:	[15 out of 165] test cases in the current suite
Test Method:		[unitTests.tests_browserActions.navigateForward]
###############################################################################################################################################



################################################################################################################################################
Starting Execution:	[16 out of 165] test cases in the current suite
Test Method:		[unitTests.tests_browserActions.navigateToURL]
###############################################################################################################################################



################################################################################################################################################
Starting Execution:	[17 out of 165] test cases in the current suite
Test Method:		[unitTests.tests_browserActions.navigateToURLWithRedirection]
###############################################################################################################################################



################################################################################################################################################
Starting Execution:	[18 out of 165] test cases in the current suite
Test Method:		[unitTests.tests_browserActions.refreshCurrentPage]
###############################################################################################################################################



################################################################################################################################################
Starting Execution:	[19 out of 165] test cases in the current suite
Test Method:		[unitTests.tests_browserActions.setWindowSize]
###############################################################################################################################################

[ReportManager] Successfully loaded the following test data file [src/test/resources/testDataFiles/testSuite01/TestData.xlsx]. @20-03-2022 05:32:50.0218 AM
[ReportManager] Successfully created attachment [Test Data - Excel] @20-03-2022 05:32:50.0218 A

################################################################################################################################################
Starting Execution:	[20 out of 165] test cases in the current suite
Test Method:		[unitTests.tests_io_excelFileManager.getCellData_rowName_expectedToPass]
################################################################################################################################################
[ReportManager] testRowData. @20-03-2022 05:32:50.0236 A

################################################################################################################################################
Starting Execution:	[21 out of 165] test cases in the current suite
Test Method:		[unitTests.tests_validations_assertions.assertComparativeRelation_greaterThanOrEquals_false_equals_expectedToFail]
################################################################################################################################################
[ReportManager] Assertion [ValidateComparativeRelation] FAILED. Expected [1] and Actual [1]. Comparison Type [GREATER_THAN_OR_EQUALS]. Validation Type [NEGATIVE]. @20-03-2022 05:32:50.0248 A

################################################################################################################################################
Starting Execution:	[22 out of 165] test cases in the current suite
Test Method:		[unitTests.tests_validations_assertions.assertComparativeRelation_greaterThanOrEquals_false_equals_expectedToPass]
################################################################################################################################################
[ReportManager] Assertion [ValidateComparativeRelation] PASSED. Expected [2] and Actual [1]. Comparison Type [GREATER_THAN_OR_EQUALS]. Validation Type [NEGATIVE]. @20-03-2022 05:32:50.0253 A

################################################################################################################################################
Starting Execution:	[23 out of 165] test cases in the current suite
Test Method:		[unitTests.tests_validations_assertions.assertComparativeRelation_greaterThanOrEquals_false_greaterThan_expectedToFail]
################################################################################################################################################
[ReportManager] Assertion [ValidateComparativeRelation] FAILED. Expected [1] and Actual [2]. Comparison Type [GREATER_THAN_OR_EQUALS]. Validation Type [NEGATIVE]. @20-03-2022 05:32:50.0258 A

################################################################################################################################################
Starting Execution:	[24 out of 165] test cases in the current suite
Test Method:		[unitTests.tests_validations_assertions.assertComparativeRelation_greaterThanOrEquals_false_greaterThan_expectedToPass]
################################################################################################################################################
[ReportManager] Assertion [ValidateComparativeRelation] PASSED. Expected [2] and Actual [1]. Comparison Type [GREATER_THAN_OR_EQUALS]. Validation Type [NEGATIVE]. @20-03-2022 05:32:50.0264 A

################################################################################################################################################
Starting Execution:	[25 out of 165] test cases in the current suite
Test Method:		[unitTests.tests_validations_assertions.assertComparativeRelation_greaterThanOrEquals_true_equals_expectedToFail]
################################################################################################################################################
[ReportManager] Assertion [ValidateComparativeRelation] FAILED. Expected [1] and Actual [0]. Comparison Type [GREATER_THAN_OR_EQUALS]. Validation Type [POSITIVE]. @20-03-2022 05:32:50.0269 A

################################################################################################################################################
Starting Execution:	[26 out of 165] test cases in the current suite
Test Method:		[unitTests.tests_validations_assertions.assertComparativeRelation_greaterThanOrEquals_true_equals_expectedToPass]
################################################################################################################################################
[ReportManager] Assertion [ValidateComparativeRelation] PASSED. Expected [1] and Actual [1]. Comparison Type [GREATER_THAN_OR_EQUALS]. Validation Type [POSITIVE]. @20-03-2022 05:32:50.0273 A

################################################################################################################################################
Starting Execution:	[27 out of 165] test cases in the current suite
Test Method:		[unitTests.tests_validations_assertions.assertComparativeRelation_greaterThanOrEquals_true_greaterThan_expectedToFail]
################################################################################################################################################
[ReportManager] Assertion [ValidateComparativeRelation] FAILED. Expected [2] and Actual [1]. Comparison Type [GREATER_THAN_OR_EQUALS]. Validation Type [POSITIVE]. @20-03-2022 05:32:50.0278 A

################################################################################################################################################
Starting Execution:	[28 out of 165] test cases in the current suite
Test Method:		[unitTests.tests_validations_assertions.assertComparativeRelation_greaterThanOrEquals_true_greaterThan_expectedToPass]
################################################################################################################################################
[ReportManager] Assertion [ValidateComparativeRelation] PASSED. Expected [1] and Actual [2]. Comparison Type [GREATER_THAN_OR_EQUALS]. Validation Type [POSITIVE]. @20-03-2022 05:32:50.0283 A
[ReportManager] File Action [GetAbsolutePath] successfully performed. With the following test data [Relative Folder Path: "target/downloadedFiles/"]. @20-03-2022 05:32:50.0287 AM
[ReportManager] Attempting to run locally on: [Mac-64], [Safari], Headless Execution. @20-03-2022 05:32:50.0287 AM
[ReportManager] Successfully Opened Safari. @20-03-2022 05:32:51.0193 AM
[ReportManager] Initial window size: (800, 600) @20-03-2022 05:32:51.0208 AM
[ReportManager] Window size after SWD Maximize: (1176, 803) @20-03-2022 05:32:51.0239 AM
[ReportManager] Browser Action [MaximizeWindow] successfully performed. With the following test data [New screen size is now: (1176, 803)]. @20-03-2022 05:32:51.0240 AM
[ReportManager] Target URL: [https://www.google.com/ncr], and after redirection: [www.google.com] @20-03-2022 05:32:51.0240 AM
[ReportManager] Initial URL: [] @20-03-2022 05:32:51.0295 AM
[ReportManager] Browser Action [NavigateToURL] successfully performed. With the following test data [https://www.google.com/ncr]. @20-03-2022 05:32:52.0314 A

################################################################################################################################################
Starting Execution:	[29 out of 165] test cases in the current suite
Test Method:		[unitTests.tests_validations_assertions.assertElementAttribute_false_caseInsensitiveComparison_expectedToFail]
################################################################################################################################################
[ReportManager] Element Action [Type] successfully performed. With the following test data [AUTOMATION]. @20-03-2022 05:32:52.0867 AM
[ReportManager] Element Action [GetText] successfully performed. With the following test data [AUTOMATION]. @20-03-2022 05:32:52.0964 AM
[ReportManager] Assertion [ValidateElementAttribute] FAILED. Expected [Value Should not be 'AutomaTion' for the 'text' attribute, element locator 'By.name: q'] and Actual [AUTOMATION]. Comparison Type [CASE_INSENSITIVE]. Validation Type [NEGATIVE]. @20-03-2022 05:32:53.0394 AM
[ReportManager] Successfully created attachment [Screenshot - 1647754373286_assertElementAttribute_false_caseInsensitiveComparison_expectedToFail_ValidateElementAttribute_failed] @20-03-2022 05:32:53.0396 A
[ReportManager] Browser Action [CloseCurrentWindow] successfully performed. @20-03-2022 05:32:53.0830 AM
[ReportManager] Successfully created attachment [Browser Action Test Data - CloseCurrentWindow - Actual Value] @20-03-2022 05:32:53.0874 A
[ReportManager] File Action [GetAbsolutePath] successfully performed. With the following test data [Relative Folder Path: "target/downloadedFiles/"]. @20-03-2022 05:32:53.0881 AM
[ReportManager] Attempting to run locally on: [Mac-64], [Safari], Headless Execution. @20-03-2022 05:32:53.0881 AM
[ReportManager] Successfully Opened Safari. @20-03-2022 05:32:54.0730 AM
[ReportManager] Initial window size: (800, 600) @20-03-2022 05:32:54.0753 AM
[ReportManager] Window size after SWD Maximize: (1176, 803) @20-03-2022 05:32:54.0774 AM
[ReportManager] Browser Action [MaximizeWindow] successfully performed. With the following test data [New screen size is now: (1176, 803)]. @20-03-2022 05:32:54.0775 AM
[ReportManager] Target URL: [https://www.google.com/ncr], and after redirection: [www.google.com] @20-03-2022 05:32:54.0775 AM
[ReportManager] Initial URL: [] @20-03-2022 05:32:54.0837 AM
[ReportManager] Browser Action [NavigateToURL] successfully performed. With the following test data [https://www.google.com/ncr]. @20-03-2022 05:32:55.0869 A

################################################################################################################################################
Starting Execution:	[30 out of 165] test cases in the current suite
Test Method:		[unitTests.tests_validations_assertions.assertElementAttribute_false_caseInsensitiveComparison_expectedToPass]
################################################################################################################################################
[ReportManager] Element Action [Type] successfully performed. With the following test data [AUTOMATION]. @20-03-2022 05:32:56.0200 AM
[ReportManager] Element Action [GetText] successfully performed. With the following test data [AUTOMATION]. @20-03-2022 05:32:56.0290 AM
[ReportManager] Assertion [ValidateElementAttribute] PASSED. Expected [Value Should not be 'AutomaTion123' for the 'text' attribute, element locator 'By.name: q'] and Actual [AUTOMATION]. Comparison Type [CASE_INSENSITIVE]. Validation Type [NEGATIVE]. @20-03-2022 05:32:56.0508 AM
[ReportManager] Successfully created attachment [Screenshot - 1647754376421_assertElementAttribute_false_caseInsensitiveComparison_expectedToPass_ValidateElementAttribute_passed] @20-03-2022 05:32:56.0511 A
[ReportManager] Browser Action [CloseCurrentWindow] successfully performed. @20-03-2022 05:32:56.0953 AM
[ReportManager] Successfully created attachment [Browser Action Test Data - CloseCurrentWindow - Actual Value] @20-03-2022 05:32:56.0957 A
[ReportManager] File Action [GetAbsolutePath] successfully performed. With the following test data [Relative Folder Path: "target/downloadedFiles/"]. @20-03-2022 05:32:56.0963 AM
[ReportManager] Attempting to run locally on: [Mac-64], [Safari], Headless Execution. @20-03-2022 05:32:56.0963 AM
[ReportManager] Successfully Opened Safari. @20-03-2022 05:32:57.0884 AM
[ReportManager] Initial window size: (800, 600) @20-03-2022 05:32:57.0898 AM
[ReportManager] Window size after SWD Maximize: (1176, 803) @20-03-2022 05:32:57.0936 AM
[ReportManager] Browser Action [MaximizeWindow] successfully performed. With the following test data [New screen size is now: (1176, 803)]. @20-03-2022 05:32:57.0936 AM
[ReportManager] Target URL: [https://www.google.com/ncr], and after redirection: [www.google.com] @20-03-2022 05:32:57.0936 AM
[ReportManager] Initial URL: [] @20-03-2022 05:32:58.0001 AM
[ReportManager] Browser Action [NavigateToURL] successfully performed. With the following test data [https://www.google.com/ncr]. @20-03-2022 05:32:59.0073 A

################################################################################################################################################
Starting Execution:	[31 out of 165] test cases in the current suite
Test Method:		[unitTests.tests_validations_assertions.assertElementAttribute_false_containsComparison_expectedToFail]
################################################################################################################################################
[ReportManager] Element Action [Type] successfully performed. With the following test data [Automation123]. @20-03-2022 05:32:59.0455 AM
[ReportManager] Element Action [GetText] successfully performed. With the following test data [Automation123]. @20-03-2022 05:32:59.0548 AM
[ReportManager] Assertion [ValidateElementAttribute] FAILED. Expected [Value Should not be 'Automation' for the 'text' attribute, element locator 'By.name: q'] and Actual [Automation123]. Comparison Type [CONTAINS]. Validation Type [NEGATIVE]. @20-03-2022 05:32:59.0762 AM
[ReportManager] Successfully created attachment [Screenshot - 1647754379676_assertElementAttribute_false_containsComparison_expectedToFail_ValidateElementAttribute_failed] @20-03-2022 05:32:59.0765 A
[ReportManager] Browser Action [CloseCurrentWindow] successfully performed. @20-03-2022 05:33:00.0032 AM
[ReportManager] Successfully created attachment [Browser Action Test Data - CloseCurrentWindow - Actual Value] @20-03-2022 05:33:00.0034 A
[ReportManager] File Action [GetAbsolutePath] successfully performed. With the following test data [Relative Folder Path: "target/downloadedFiles/"]. @20-03-2022 05:33:00.0038 AM
[ReportManager] Attempting to run locally on: [Mac-64], [Safari], Headless Execution. @20-03-2022 05:33:00.0038 AM
[ReportManager] Successfully Opened Safari. @20-03-2022 05:33:00.0915 AM
[ReportManager] Initial window size: (800, 600) @20-03-2022 05:33:00.0933 AM
[ReportManager] Window size after SWD Maximize: (1176, 803) @20-03-2022 05:33:00.0954 AM
[ReportManager] Browser Action [MaximizeWindow] successfully performed. With the following test data [New screen size is now: (1176, 803)]. @20-03-2022 05:33:00.0954 AM
[ReportManager] Target URL: [https://www.google.com/ncr], and after redirection: [www.google.com] @20-03-2022 05:33:00.0955 AM
[ReportManager] Initial URL: [] @20-03-2022 05:33:01.0017 AM
[ReportManager] Browser Action [NavigateToURL] successfully performed. With the following test data [https://www.google.com/ncr]. @20-03-2022 05:33:02.0007 A

################################################################################################################################################
Starting Execution:	[32 out of 165] test cases in the current suite
Test Method:		[unitTests.tests_validations_assertions.assertElementAttribute_false_containsComparison_expectedToPass]
################################################################################################################################################
[ReportManager] Element Action [Type] successfully performed. With the following test data [Automation123]. @20-03-2022 05:33:02.0331 AM
[ReportManager] Element Action [GetText] successfully performed. With the following test data [Automation123]. @20-03-2022 05:33:02.0415 AM
[ReportManager] Assertion [ValidateElementAttribute] PASSED. Expected [Value Should not be 'Automation1234' for the 'text' attribute, element locator 'By.name: q'] and Actual [Automation123]. Comparison Type [CONTAINS]. Validation Type [NEGATIVE]. @20-03-2022 05:33:02.0616 AM
[ReportManager] Successfully created attachment [Screenshot - 1647754382535_assertElementAttribute_false_containsComparison_expectedToPass_ValidateElementAttribute_passed] @20-03-2022 05:33:02.0618 A
[ReportManager] Browser Action [CloseCurrentWindow] successfully performed. @20-03-2022 05:33:03.0020 AM
[ReportManager] Successfully created attachment [Browser Action Test Data - CloseCurrentWindow - Actual Value] @20-03-2022 05:33:03.0021 A
[ReportManager] File Action [GetAbsolutePath] successfully performed. With the following test data [Relative Folder Path: "target/downloadedFiles/"]. @20-03-2022 05:33:03.0025 AM
[ReportManager] Attempting to run locally on: [Mac-64], [Safari], Headless Execution. @20-03-2022 05:33:03.0025 AM
[ReportManager] An Exception Occured with this Message: Could not start a new session. Possible causes are invalid address of the remote server or browser start-up failure.. @20-03-2022 05:33:03.0221 AM
[ReportManager] Successfully created attachment [Exception Stack Trace - org.openqa.selenium.SessionNotCreatedException] @20-03-2022 05:33:03.0221 AM
[ReportManager] Driver Factory Action [createNewLocalDriverInstanceForSafari] failed. With the following test data [Failed to create a session on DESKTOP_SAFARI]. @20-03-2022 05:33:03.0222 A

################################################################################################################################################
Starting Execution:	[33 out of 165] test cases in the current suite
Test Method:		[unitTests.tests_validations_assertions.assertElementAttribute_false_literalComparison_expectedToFail]
###############################################################################################################################################



################################################################################################################################################
Starting Execution:	[34 out of 165] test cases in the current suite
Test Method:		[unitTests.tests_validations_assertions.assertElementAttribute_false_literalComparison_expectedToPass]
###############################################################################################################################################



################################################################################################################################################
Starting Execution:	[35 out of 165] test cases in the current suite
Test Method:		[unitTests.tests_validations_assertions.assertElementAttribute_false_regexComparison_expectedToFail]
###############################################################################################################################################



################################################################################################################################################
Starting Execution:	[36 out of 165] test cases in the current suite
Test Method:		[unitTests.tests_validations_assertions.assertElementAttribute_false_regexComparison_expectedToPass]
###############################################################################################################################################



################################################################################################################################################
Starting Execution:	[37 out of 165] test cases in the current suite
Test Method:		[unitTests.tests_validations_assertions.assertElementAttribute_true_caseInsensitiveComparison_expectedToFail]
###############################################################################################################################################



################################################################################################################################################
Starting Execution:	[38 out of 165] test cases in the current suite
Test Method:		[unitTests.tests_validations_assertions.assertElementAttribute_true_caseInsensitiveComparison_expectedToPass]
###############################################################################################################################################



################################################################################################################################################
Starting Execution:	[39 out of 165] test cases in the current suite
Test Method:		[unitTests.tests_validations_assertions.assertElementAttribute_true_containsComparison_expectedToFail]
###############################################################################################################################################



################################################################################################################################################
Starting Execution:	[40 out of 165] test cases in the current suite
Test Method:		[unitTests.tests_validations_assertions.assertElementAttribute_true_containsComparison_expectedToPass]
###############################################################################################################################################



################################################################################################################################################
Starting Execution:	[41 out of 165] test cases in the current suite
Test Method:		[unitTests.tests_validations_assertions.assertElementAttribute_true_literalComparison_expectedToFail]
###############################################################################################################################################



################################################################################################################################################
Starting Execution:	[42 out of 165] test cases in the current suite
Test Method:		[unitTests.tests_validations_assertions.assertElementAttribute_true_literalComparison_expectedToPass]
###############################################################################################################################################



################################################################################################################################################
Starting Execution:	[43 out of 165] test cases in the current suite
Test Method:		[unitTests.tests_validations_assertions.assertElementAttribute_true_regexComparison_expectedToFail]
###############################################################################################################################################



################################################################################################################################################
Starting Execution:	[44 out of 165] test cases in the current suite
Test Method:		[unitTests.tests_validations_assertions.assertElementAttribute_true_regexComparison_expectedToPass]
###############################################################################################################################################



################################################################################################################################################
Starting Execution:	[45 out of 165] test cases in the current suite
Test Method:		[unitTests.tests_validations_assertions.assertElementAttribute_type_true_literalComparison_expectedToPass]
###############################################################################################################################################



################################################################################################################################################
Starting Execution:	[46 out of 165] test cases in the current suite
Test Method:		[unitTests.tests_validations_assertions.assertElementExists_false_expectedToFail]
###############################################################################################################################################



################################################################################################################################################
Starting Execution:	[47 out of 165] test cases in the current suite
Test Method:		[unitTests.tests_validations_assertions.assertElementExists_false_expectedToPass]
###############################################################################################################################################



################################################################################################################################################
Starting Execution:	[48 out of 165] test cases in the current suite
Test Method:		[unitTests.tests_validations_assertions.assertElementExists_false_multipleElementsFound_expectedToFail]
###############################################################################################################################################



################################################################################################################################################
Starting Execution:	[49 out of 165] test cases in the current suite
Test Method:		[unitTests.tests_validations_assertions.assertElementExists_true_expectedToFail]
###############################################################################################################################################



################################################################################################################################################
Starting Execution:	[50 out of 165] test cases in the current suite
Test Method:		[unitTests.tests_validations_assertions.assertElementExists_true_expectedToPass]
###############################################################################################################################################



################################################################################################################################################
Starting Execution:	[51 out of 165] test cases in the current suite
Test Method:		[unitTests.tests_validations_assertions.assertElementExists_true_multipleElementsFound_expectedToFail]
###############################################################################################################################################


################################################################################################################################################
Starting Execution:	[52 out of 165] test cases in the current suite
Test Method:		[unitTests.tests_validations_assertions.assertEquals_false_expectedToFail]
###############################################################################################################################################

################################################################################################################################################
Starting Execution:	[53 out of 165] test cases in the current suite
Test Method:		[unitTests.tests_validations_assertions.assertEquals_false_expectedToPass]
###############################################################################################################################################

################################################################################################################################################
Starting Execution:	[54 out of 165] test cases in the current suite
Test Method:		[unitTests.tests_validations_assertions.assertEquals_longCharacters]
###############################################################################################################################################

################################################################################################################################################
Starting Execution:	[55 out of 165] test cases in the current suite
Test Method:		[unitTests.tests_validations_assertions.assertEquals_longCharacters_Discreet]
###############################################################################################################################################

################################################################################################################################################
Starting Execution:	[56 out of 165] test cases in the current suite
Test Method:		[unitTests.tests_validations_assertions.assertEquals_true_expectedToFail]
###############################################################################################################################################

################################################################################################################################################
Starting Execution:	[57 out of 165] test cases in the current suite
Test Method:		[unitTests.tests_validations_assertions.assertEquals_true_expectedToPass]
Test Description:	[Assert that assertEquals works as expected when the two values are equal.]
###############################################################################################################################################

################################################################################################################################################
Starting Execution:	[58 out of 165] test cases in the current suite
Test Method:		[unitTests.tests_validations_assertions.assertEquals_true_expectedToPass__]
###############################################################################################################################################

################################################################################################################################################
Starting Execution:	[59 out of 165] test cases in the current suite
Test Method:		[unitTests.tests_validations_assertions.assertFileExists_false_expectedToFail]
###############################################################################################################################################

################################################################################################################################################
Starting Execution:	[60 out of 165] test cases in the current suite
Test Method:		[unitTests.tests_validations_assertions.assertFileExists_false_expectedToPass]
###############################################################################################################################################

################################################################################################################################################
Starting Execution:	[61 out of 165] test cases in the current suite
Test Method:		[unitTests.tests_validations_assertions.assertFileExists_true_expectedToFail]
###############################################################################################################################################

################################################################################################################################################
Starting Execution:	[62 out of 165] test cases in the current suite
Test Method:		[unitTests.tests_validations_assertions.assertFileExists_true_expectedToPass]
###############################################################################################################################################

################################################################################################################################################
Starting Execution:	[63 out of 165] test cases in the current suite
Test Method:		[unitTests.tests_validations_assertions.assertNull_false_expectedToFail]
###############################################################################################################################################

################################################################################################################################################
Starting Execution:	[64 out of 165] test cases in the current suite
Test Method:		[unitTests.tests_validations_assertions.assertNull_false_expectedToPass]
###############################################################################################################################################

################################################################################################################################################
Starting Execution:	[65 out of 165] test cases in the current suite
Test Method:		[unitTests.tests_validations_assertions.assertNull_true_expectedToFail]
###############################################################################################################################################

################################################################################################################################################
Starting Execution:	[66 out of 165] test cases in the current suite
Test Method:		[unitTests.tests_validations_assertions.assertNull_true_expectedToPass]
###############################################################################################################################################

################################################################################################################################################
Starting Execution:	[67 out of 165] test cases in the current suite
Test Method:		[unitTests.tests_restActions.getPostsAndAssertBodyForSpecificTitle]
################################################################################################################################################
[ReportManager] Response status code: [200], status line: [HTTP/1.1 200 OK] @20-03-2022 05:33:06.0340 AM
[ReportManager] Assertion Passed: Evaluating the actual response status code against the expected one... @20-03-2022 05:33:06.0343 AM
[ReportManager] Assertion [ValidateComparativeRelation] PASSED. Expected [200] and Actual [200]. Comparison Type [EQUALS]. Validation Type [POSITIVE]. @20-03-2022 05:33:06.0343 AM
[ReportManager] API Action [PerformRequest] successfully performed. With the following test data [Request Type: "GET" | Target Status Code: "200" | Service URL: "https://jsonplaceholder.typicode.com/posts" | Content Type: "*/*" | Response Time: "781ms"]. @20-03-2022 05:33:07.0536 AM
[ReportManager] Successfully created attachment [API Request - Specifications] @20-03-2022 05:33:07.0536 AM
[ReportManager] Successfully created attachment [API Response - JSON Body] @20-03-2022 05:33:07.0890 AM
[ReportManager] API Action [GetResponseJSONValueAsList] successfully performed. @20-03-2022 05:33:07.0935 AM
[ReportManager] API Action [GetResponseJSONValue] successfully performed. With the following test data [title]. @20-03-2022 05:33:07.0965 AM
[ReportManager] API Action [GetResponseJSONValue] successfully performed. With the following test data [title]. @20-03-2022 05:33:07.0986 AM
[ReportManager] API Action [GetResponseJSONValue] successfully performed. With the following test data [body]. @20-03-2022 05:33:08.0003 AM
[ReportManager] Assertion [ValidateEquals] PASSED. Expected [qui neque nisi nulla] and Actual [est rerum tempore vitae
sequi sint nihil reprehenderit dolor beatae ea dolores neque
fugiat blanditiis voluptate porro vel nihil molestiae ut reiciendis
qui aperiam non debitis possimus qui neque nisi nulla]. Comparison Type [CONTAINS]. Validation Type [POSITIVE]. @20-03-2022 05:33:08.0004 AM
[ReportManager] API Action [GetResponseJSONValue] successfully performed. With the following test data [title]. @20-03-2022 05:33:08.0029 AM
[ReportManager] API Action [GetResponseJSONValue] successfully performed. With the following test data [title]. @20-03-2022 05:33:08.0048 AM
[ReportManager] API Action [GetResponseJSONValue] successfully performed. With the following test data [title]. @20-03-2022 05:33:08.0067 AM
[ReportManager] API Action [GetResponseJSONValue] successfully performed. With the following test data [title]. @20-03-2022 05:33:08.0085 AM
[ReportManager] API Action [GetResponseJSONValue] successfully performed. With the following test data [title]. @20-03-2022 05:33:08.0104 AM
[ReportManager] API Action [GetResponseJSONValue] successfully performed. With the following test data [title]. @20-03-2022 05:33:08.0125 AM
[ReportManager] API Action [GetResponseJSONValue] successfully performed. With the following test data [title]. @20-03-2022 05:33:08.0145 AM
[ReportManager] API Action [GetResponseJSONValue] successfully performed. With the following test data [title]. @20-03-2022 05:33:08.0163 AM
[ReportManager] API Action [GetResponseJSONValue] successfully performed. With the following test data [title]. @20-03-2022 05:33:08.0184 AM
[ReportManager] API Action [GetResponseJSONValue] successfully performed. With the following test data [title]. @20-03-2022 05:33:08.0203 AM
[ReportManager] API Action [GetResponseJSONValue] successfully performed. With the following test data [title]. @20-03-2022 05:33:08.0223 AM
[ReportManager] API Action [GetResponseJSONValue] successfully performed. With the following test data [title]. @20-03-2022 05:33:08.0244 AM
[ReportManager] API Action [GetResponseJSONValue] successfully performed. With the following test data [title]. @20-03-2022 05:33:08.0262 AM
[ReportManager] API Action [GetResponseJSONValue] successfully performed. With the following test data [title]. @20-03-2022 05:33:08.0278 AM
[ReportManager] API Action [GetResponseJSONValue] successfully performed. With the following test data [title]. @20-03-2022 05:33:08.0295 AM
[ReportManager] API Action [GetResponseJSONValue] successfully performed. With the following test data [title]. @20-03-2022 05:33:08.0314 AM
[ReportManager] API Action [GetResponseJSONValue] successfully performed. With the following test data [title]. @20-03-2022 05:33:08.0334 AM
[ReportManager] API Action [GetResponseJSONValue] successfully performed. With the following test data [title]. @20-03-2022 05:33:08.0363 AM
[ReportManager] API Action [GetResponseJSONValue] successfully performed. With the following test data [title]. @20-03-2022 05:33:08.0378 AM
[ReportManager] API Action [GetResponseJSONValue] successfully performed. With the following test data [title]. @20-03-2022 05:33:08.0395 AM
[ReportManager] API Action [GetResponseJSONValue] successfully performed. With the following test data [title]. @20-03-2022 05:33:08.0411 AM
[ReportManager] API Action [GetResponseJSONValue] successfully performed. With the following test data [title]. @20-03-2022 05:33:08.0427 AM
[ReportManager] API Action [GetResponseJSONValue] successfully performed. With the following test data [title]. @20-03-2022 05:33:08.0441 AM
[ReportManager] API Action [GetResponseJSONValue] successfully performed. With the following test data [title]. @20-03-2022 05:33:08.0455 AM
[ReportManager] API Action [GetResponseJSONValue] successfully performed. With the following test data [title]. @20-03-2022 05:33:08.0470 AM
[ReportManager] API Action [GetResponseJSONValue] successfully performed. With the following test data [title]. @20-03-2022 05:33:08.0484 AM
[ReportManager] API Action [GetResponseJSONValue] successfully performed. With the following test data [title]. @20-03-2022 05:33:08.0500 AM
[ReportManager] API Action [GetResponseJSONValue] successfully performed. With the following test data [title]. @20-03-2022 05:33:08.0515 AM
[ReportManager] API Action [GetResponseJSONValue] successfully performed. With the following test data [title]. @20-03-2022 05:33:08.0532 AM
[ReportManager] API Action [GetResponseJSONValue] successfully performed. With the following test data [title]. @20-03-2022 05:33:08.0546 AM
[ReportManager] API Action [GetResponseJSONValue] successfully performed. With the following test data [title]. @20-03-2022 05:33:08.0561 AM
[ReportManager] API Action [GetResponseJSONValue] successfully performed. With the following test data [title]. @20-03-2022 05:33:08.0575 AM
[ReportManager] API Action [GetResponseJSONValue] successfully performed. With the following test data [title]. @20-03-2022 05:33:08.0590 AM
[ReportManager] API Action [GetResponseJSONValue] successfully performed. With the following test data [title]. @20-03-2022 05:33:08.0608 AM
[ReportManager] API Action [GetResponseJSONValue] successfully performed. With the following test data [title]. @20-03-2022 05:33:08.0622 AM
[ReportManager] API Action [GetResponseJSONValue] successfully performed. With the following test data [title]. @20-03-2022 05:33:08.0635 AM
[ReportManager] API Action [GetResponseJSONValue] successfully performed. With the following test data [title]. @20-03-2022 05:33:08.0650 AM
[ReportManager] API Action [GetResponseJSONValue] successfully performed. With the following test data [title]. @20-03-2022 05:33:08.0664 AM
[ReportManager] API Action [GetResponseJSONValue] successfully performed. With the following test data [title]. @20-03-2022 05:33:08.0679 AM
[ReportManager] API Action [GetResponseJSONValue] successfully performed. With the following test data [title]. @20-03-2022 05:33:08.0695 AM
[ReportManager] API Action [GetResponseJSONValue] successfully performed. With the following test data [title]. @20-03-2022 05:33:08.0714 AM
[ReportManager] API Action [GetResponseJSONValue] successfully performed. With the following test data [title]. @20-03-2022 05:33:08.0727 AM
[ReportManager] API Action [GetResponseJSONValue] successfully performed. With the following test data [title]. @20-03-2022 05:33:08.0741 AM
[ReportManager] API Action [GetResponseJSONValue] successfully performed. With the following test data [title]. @20-03-2022 05:33:08.0758 AM
[ReportManager] API Action [GetResponseJSONValue] successfully performed. With the following test data [title]. @20-03-2022 05:33:08.0772 AM
[ReportManager] API Action [GetResponseJSONValue] successfully performed. With the following test data [title]. @20-03-2022 05:33:08.0788 AM
[ReportManager] API Action [GetResponseJSONValue] successfully performed. With the following test data [title]. @20-03-2022 05:33:08.0801 AM
[ReportManager] API Action [GetResponseJSONValue] successfully performed. With the following test data [title]. @20-03-2022 05:33:08.0813 AM
[ReportManager] API Action [GetResponseJSONValue] successfully performed. With the following test data [title]. @20-03-2022 05:33:08.0827 AM
[ReportManager] API Action [GetResponseJSONValue] successfully performed. With the following test data [title]. @20-03-2022 05:33:08.0843 AM
[ReportManager] API Action [GetResponseJSONValue] successfully performed. With the following test data [title]. @20-03-2022 05:33:08.0857 AM
[ReportManager] API Action [GetResponseJSONValue] successfully performed. With the following test data [title]. @20-03-2022 05:33:08.0870 AM
[ReportManager] API Action [GetResponseJSONValue] successfully performed. With the following test data [title]. @20-03-2022 05:33:08.0884 AM
[ReportManager] API Action [GetResponseJSONValue] successfully performed. With the following test data [title]. @20-03-2022 05:33:08.0897 AM
[ReportManager] API Action [GetResponseJSONValue] successfully performed. With the following test data [title]. @20-03-2022 05:33:08.0914 AM
[ReportManager] API Action [GetResponseJSONValue] successfully performed. With the following test data [title]. @20-03-2022 05:33:08.0928 AM
[ReportManager] API Action [GetResponseJSONValue] successfully performed. With the following test data [title]. @20-03-2022 05:33:08.0942 AM
[ReportManager] API Action [GetResponseJSONValue] successfully performed. With the following test data [title]. @20-03-2022 05:33:08.0958 AM
[ReportManager] API Action [GetResponseJSONValue] successfully performed. With the following test data [title]. @20-03-2022 05:33:08.0971 AM
[ReportManager] API Action [GetResponseJSONValue] successfully performed. With the following test data [title]. @20-03-2022 05:33:09.0005 AM
[ReportManager] API Action [GetResponseJSONValue] successfully performed. With the following test data [title]. @20-03-2022 05:33:09.0018 AM
[ReportManager] API Action [GetResponseJSONValue] successfully performed. With the following test data [title]. @20-03-2022 05:33:09.0029 AM
[ReportManager] API Action [GetResponseJSONValue] successfully performed. With the following test data [title]. @20-03-2022 05:33:09.0042 AM
[ReportManager] API Action [GetResponseJSONValue] successfully performed. With the following test data [title]. @20-03-2022 05:33:09.0053 AM
[ReportManager] API Action [GetResponseJSONValue] successfully performed. With the following test data [title]. @20-03-2022 05:33:09.0065 AM
[ReportManager] API Action [GetResponseJSONValue] successfully performed. With the following test data [title]. @20-03-2022 05:33:09.0079 AM
[ReportManager] API Action [GetResponseJSONValue] successfully performed. With the following test data [title]. @20-03-2022 05:33:09.0090 AM
[ReportManager] API Action [GetResponseJSONValue] successfully performed. With the following test data [title]. @20-03-2022 05:33:09.0103 AM
[ReportManager] API Action [GetResponseJSONValue] successfully performed. With the following test data [title]. @20-03-2022 05:33:09.0114 AM
[ReportManager] API Action [GetResponseJSONValue] successfully performed. With the following test data [title]. @20-03-2022 05:33:09.0126 AM
[ReportManager] API Action [GetResponseJSONValue] successfully performed. With the following test data [title]. @20-03-2022 05:33:09.0138 AM
[ReportManager] API Action [GetResponseJSONValue] successfully performed. With the following test data [title]. @20-03-2022 05:33:09.0151 AM
[ReportManager] API Action [GetResponseJSONValue] successfully performed. With the following test data [title]. @20-03-2022 05:33:09.0163 AM
[ReportManager] API Action [GetResponseJSONValue] successfully performed. With the following test data [title]. @20-03-2022 05:33:09.0178 AM
[ReportManager] API Action [GetResponseJSONValue] successfully performed. With the following test data [title]. @20-03-2022 05:33:09.0190 AM
[ReportManager] API Action [GetResponseJSONValue] successfully performed. With the following test data [title]. @20-03-2022 05:33:09.0206 AM
[ReportManager] API Action [GetResponseJSONValue] successfully performed. With the following test data [title]. @20-03-2022 05:33:09.0218 AM
[ReportManager] API Action [GetResponseJSONValue] successfully performed. With the following test data [title]. @20-03-2022 05:33:09.0231 AM
[ReportManager] API Action [GetResponseJSONValue] successfully performed. With the following test data [title]. @20-03-2022 05:33:09.0245 AM
[ReportManager] API Action [GetResponseJSONValue] successfully performed. With the following test data [title]. @20-03-2022 05:33:09.0259 AM
[ReportManager] API Action [GetResponseJSONValue] successfully performed. With the following test data [title]. @20-03-2022 05:33:09.0272 AM
[ReportManager] API Action [GetResponseJSONValue] successfully performed. With the following test data [title]. @20-03-2022 05:33:09.0288 AM
[ReportManager] API Action [GetResponseJSONValue] successfully performed. With the following test data [title]. @20-03-2022 05:33:09.0303 AM
[ReportManager] API Action [GetResponseJSONValue] successfully performed. With the following test data [title]. @20-03-2022 05:33:09.0316 AM
[ReportManager] API Action [GetResponseJSONValue] successfully performed. With the following test data [title]. @20-03-2022 05:33:09.0329 AM
[ReportManager] API Action [GetResponseJSONValue] successfully performed. With the following test data [title]. @20-03-2022 05:33:09.0342 AM
[ReportManager] API Action [GetResponseJSONValue] successfully performed. With the following test data [title]. @20-03-2022 05:33:09.0355 AM
[ReportManager] API Action [GetResponseJSONValue] successfully performed. With the following test data [title]. @20-03-2022 05:33:09.0368 AM
[ReportManager] API Action [GetResponseJSONValue] successfully performed. With the following test data [title]. @20-03-2022 05:33:09.0382 AM
[ReportManager] API Action [GetResponseJSONValue] successfully performed. With the following test data [title]. @20-03-2022 05:33:09.0397 AM
[ReportManager] API Action [GetResponseJSONValue] successfully performed. With the following test data [title]. @20-03-2022 05:33:09.0421 AM
[ReportManager] API Action [GetResponseJSONValue] successfully performed. With the following test data [title]. @20-03-2022 05:33:09.0434 AM
[ReportManager] API Action [GetResponseJSONValue] successfully performed. With the following test data [title]. @20-03-2022 05:33:09.0446 AM
[ReportManager] API Action [GetResponseJSONValue] successfully performed. With the following test data [title]. @20-03-2022 05:33:09.0461 AM
[ReportManager] API Action [GetResponseJSONValue] successfully performed. With the following test data [title]. @20-03-2022 05:33:09.0473 AM
[ReportManager] API Action [GetResponseJSONValue] successfully performed. With the following test data [title]. @20-03-2022 05:33:09.0488 AM
[ReportManager] API Action [GetResponseJSONValue] successfully performed. With the following test data [title]. @20-03-2022 05:33:09.0501 AM
[ReportManager] API Action [GetResponseJSONValue] successfully performed. With the following test data [title]. @20-03-2022 05:33:09.0514 A

################################################################################################################################################
Starting Execution:	[68 out of 165] test cases in the current suite
Test Method:		[unitTests.tests_restActions.validateUserEmail]
################################################################################################################################################
[ReportManager] Response status code: [200], status line: [HTTP/1.1 200 OK] @20-03-2022 05:33:09.0567 AM
[ReportManager] Assertion Passed: Evaluating the actual response status code against the expected one... @20-03-2022 05:33:09.0567 AM
[ReportManager] Assertion [ValidateComparativeRelation] PASSED. Expected [200] and Actual [200]. Comparison Type [EQUALS]. Validation Type [POSITIVE]. @20-03-2022 05:33:09.0567 AM
[ReportManager] API Action [PerformRequest] successfully performed. With the following test data [Request Type: "GET" | Target Status Code: "200" | Service URL: "https://jsonplaceholder.typicode.com/users" | Content Type: "*/*" | Response Time: "40ms"]. @20-03-2022 05:33:09.0590 AM
[ReportManager] Successfully created attachment [API Request - Specifications] @20-03-2022 05:33:09.0590 AM
[ReportManager] Successfully created attachment [API Response - JSON Body] @20-03-2022 05:33:09.0591 AM
[ReportManager] Assertion [ValidateEquals] PASSED. Expected and Actual values are attached. Comparison Type [CONTAINS]. Validation Type [POSITIVE]. @20-03-2022 05:33:09.0591 AM
[ReportManager] Successfully created attachment [Validation Test Data - Expected Value] @20-03-2022 05:33:09.0592 AM
[ReportManager] Successfully created attachment [Validation Test Data - Actual Value] @20-03-2022 05:33:09.0592 AM
[ReportManager] API Action [GetResponseJSONValueAsList] successfully performed. With the following test data [$]. @20-03-2022 05:33:09.0600 AM
[ReportManager] API Action [GetResponseJSONValue] successfully performed. With the following test data [name]. @20-03-2022 05:33:09.0613 AM
[ReportManager] API Action [GetResponseJSONValue] successfully performed. With the following test data [email]. @20-03-2022 05:33:09.0627 AM
[ReportManager] Assertion [ValidateEquals] PASSED. Expected [Sincere@april.biz] and Actual [Sincere@april.biz]. Comparison Type [EQUALS]. Validation Type [POSITIVE]. @20-03-2022 05:33:09.0627 AM
[ReportManager] API Action [GetResponseJSONValue] successfully performed. With the following test data [name]. @20-03-2022 05:33:09.0639 AM
[ReportManager] API Action [GetResponseJSONValue] successfully performed. With the following test data [name]. @20-03-2022 05:33:09.0651 AM
[ReportManager] API Action [GetResponseJSONValue] successfully performed. With the following test data [name]. @20-03-2022 05:33:09.0663 AM
[ReportManager] API Action [GetResponseJSONValue] successfully performed. With the following test data [name]. @20-03-2022 05:33:09.0676 AM
[ReportManager] API Action [GetResponseJSONValue] successfully performed. With the following test data [name]. @20-03-2022 05:33:09.0688 AM
[ReportManager] API Action [GetResponseJSONValue] successfully performed. With the following test data [name]. @20-03-2022 05:33:09.0700 AM
[ReportManager] API Action [GetResponseJSONValue] successfully performed. With the following test data [name]. @20-03-2022 05:33:09.0713 AM
[ReportManager] API Action [GetResponseJSONValue] successfully performed. With the following test data [name]. @20-03-2022 05:33:09.0725 AM
[ReportManager] API Action [GetResponseJSONValue] successfully performed. With the following test data [name]. @20-03-2022 05:33:09.0737 A
[ReportManager] File Action [GetAbsolutePath] successfully performed. With the following test data [Relative Folder Path: "target/downloadedFiles/"]. @20-03-2022 05:33:09.0740 AM
[ReportManager] Attempting to run locally on: [Mac-64], [Safari], Headless Execution. @20-03-2022 05:33:09.0740 AM
[ReportManager] Successfully Opened Safari. @20-03-2022 05:33:10.0600 AM
[ReportManager] Initial window size: (800, 600) @20-03-2022 05:33:10.0615 AM
[ReportManager] Window size after SWD Maximize: (1176, 803) @20-03-2022 05:33:10.0633 AM
[ReportManager] Browser Action [MaximizeWindow] successfully performed. With the following test data [New screen size is now: (1176, 803)]. @20-03-2022 05:33:10.0634 A

################################################################################################################################################
Starting Execution:	[69 out of 165] test cases in the current suite
Test Method:		[testPackage01.Test_uploadFile.uploadFile_invisibleUploadInput]
################################################################################################################################################
[ReportManager] Target URL: [https://fineuploader.com/demos.html#gallery-view] @20-03-2022 05:33:10.0638 AM
[ReportManager] Initial URL: [] @20-03-2022 05:33:10.0709 AM
[ReportManager] Browser Action [NavigateToURL] successfully performed. With the following test data [https://fineuploader.com/demos.html#gallery-view]. @20-03-2022 05:33:12.0342 AM
[ReportManager] File Action [GetAbsolutePath] successfully performed. With the following test data [Relative File Path: "src/main/resources/images/shaft.png"]. @20-03-2022 05:33:12.0343 AM
[ReportManager] Successfully created attachment [File Action Actual Result - Command Log] @20-03-2022 05:33:12.0344 AM
[ReportManager] Element Action [TypeFileLocationForUpload] successfully performed. With the following test data [/Users/runner/work/SHAFT_ENGINE/SHAFT_ENGINE/src/main/resources/images/shaft.png]. @20-03-2022 05:33:12.0400 AM
[ReportManager] Attempting to getAttribute [src] from elementLocator [By.xpath: //div[@id='fine-uploader-gallery']//div[@class='qq-thumbnail-wrapper']/img]. @20-03-2022 05:33:12.0402 AM
[ReportManager] Element Action [GetAttribute] successfully performed. @20-03-2022 05:33:12.0565 AM
[ReportManager] Successfully created attachment [Element Action Test Data - GetAttribute - Actual Value] @20-03-2022 05:33:12.0567 AM
[ReportManager] Assertion Passed: Then I Assert that the element found by [By.xpath: //div[@id='fine-uploader-gallery']//div[@class='qq-thumbnail-wrapper']/img] attribute [src] contains [data:image/png;base64]. @20-03-2022 05:33:12.0768 AM
[ReportManager] Successfully created attachment [Validation Test Data - Expected Value] @20-03-2022 05:33:12.0768 AM
[ReportManager] Successfully created attachment [Validation Test Data - Actual Value] @20-03-2022 05:33:12.0769 AM
[ReportManager] Successfully created attachment [Screenshot - 1647754392686_uploadFile_invisibleUploadInput_ValidateElementAttribute_passed] @20-03-2022 05:33:12.0770 AM
[ReportManager] Assertion [ValidateElementAttribute] PASSED. Expected and Actual values are attached. Comparison Type [CONTAINS]. Validation Type [POSITIVE]. @20-03-2022 05:33:12.0770 A
[ReportManager] Browser Action [CloseCurrentWindow] successfully performed. @20-03-2022 05:33:13.0214 AM
[ReportManager] Successfully created attachment [Browser Action Test Data - CloseCurrentWindow - Actual Value] @20-03-2022 05:33:13.0215 A
[ReportManager] File Action [GetAbsolutePath] successfully performed. With the following test data [Relative Folder Path: "target/downloadedFiles/"]. @20-03-2022 05:33:13.0220 AM
[ReportManager] Attempting to run locally on: [Mac-64], [Safari], Headless Execution. @20-03-2022 05:33:13.0220 AM
[ReportManager] Successfully Opened Safari. @20-03-2022 05:33:14.0140 AM
[ReportManager] Initial window size: (800, 600) @20-03-2022 05:33:14.0157 AM
[ReportManager] Window size after SWD Maximize: (1176, 803) @20-03-2022 05:33:14.0196 AM
[ReportManager] Browser Action [MaximizeWindow] successfully performed. With the following test data [New screen size is now: (1176, 803)]. @20-03-2022 05:33:14.0197 A

################################################################################################################################################
Starting Execution:	[70 out of 165] test cases in the current suite
Test Method:		[testPackage01.Test_uploadFile.uploadFile_visibleUploadInput]
################################################################################################################################################
[ReportManager] Target URL: [https://demo.guru99.com/test/upload/] @20-03-2022 05:33:14.0201 AM
[ReportManager] Initial URL: [] @20-03-2022 05:33:14.0259 AM
[ReportManager] Browser Action [NavigateToURL] successfully performed. With the following test data [https://demo.guru99.com/test/upload/]. @20-03-2022 05:33:16.0053 AM
[ReportManager] File Action [GetAbsolutePath] successfully performed. With the following test data [Relative Folder Path: "src/main/resources/images/shaft.png"]. @20-03-2022 05:33:16.0053 AM
[ReportManager] Element Action [TypeFileLocationForUpload] successfully performed. With the following test data [/Users/runner/work/SHAFT_ENGINE/SHAFT_ENGINE/src/main/resources/images/shaft.png]. @20-03-2022 05:33:16.0244 AM
[ReportManager] Element Action [Click] successfully performed. With the following test data [By.id: terms]. @20-03-2022 05:33:17.0696 AM
[ReportManager] Element Action [Click] successfully performed. With the following test data [By.id: submitbutton]. @20-03-2022 05:33:18.0078 AM
[ReportManager] Element Action [GetText] successfully performed. With the following test data [1 file has been successfully uploaded.]. @20-03-2022 05:33:18.0956 AM
[ReportManager] Assertion Passed: Then I Assert that the element found by [By.id: res] attribute [Text] contains [1 file]. @20-03-2022 05:33:19.0192 AM
[ReportManager] Successfully created attachment [Screenshot - 1647754399065_uploadFile_visibleUploadInput_ValidateElementAttribute_passed] @20-03-2022 05:33:19.0194 AM
[ReportManager] Assertion [ValidateElementAttribute] PASSED. Expected [Value Should be '1 file' for the 'Text' attribute, element locator 'By.id: res'] and Actual [1 file has been successfully uploaded.]. Comparison Type [CONTAINS]. Validation Type [POSITIVE]. @20-03-2022 05:33:19.0194 A
[ReportManager] Browser Action [CloseCurrentWindow] successfully performed. @20-03-2022 05:33:19.0624 AM
[ReportManager] Successfully created attachment [Browser Action Test Data - CloseCurrentWindow - Actual Value] @20-03-2022 05:33:19.0625 A

################################################################################################################################################
Starting Execution:	[71 out of 165] test cases in the current suite
Test Method:		[testPackage01.Test_AssertApiResponseEquals.assertApiResponseEquals_expectedToPass]
################################################################################################################################################
[ReportManager] Response status code: [200], status line: [HTTP/1.1 200 OK] @20-03-2022 05:33:19.0858 AM
[ReportManager] Assertion Passed: Evaluating the actual response status code against the expected one... @20-03-2022 05:33:19.0858 AM
[ReportManager] Assertion [ValidateComparativeRelation] PASSED. Expected [200] and Actual [200]. Comparison Type [EQUALS]. Validation Type [POSITIVE]. @20-03-2022 05:33:19.0858 AM
[ReportManager] API Action [PerformRequest] successfully performed. With the following test data [Request Type: "GET" | Target Status Code: "200" | Service URL: "https://jsonplaceholder.typicode.com/users" | Content Type: "*/*" | Response Time: "40ms"]. @20-03-2022 05:33:19.0885 AM
[ReportManager] Successfully created attachment [API Request - Specifications] @20-03-2022 05:33:19.0886 AM
[ReportManager] Successfully created attachment [API Response - JSON Body] @20-03-2022 05:33:19.0887 AM
[ReportManager] API Action [GetResponseJSONValueAsList] successfully performed. With the following test data [$]. @20-03-2022 05:33:19.0897 AM
[ReportManager] API Action [GetResponseJSONValue] successfully performed. With the following test data [name]. @20-03-2022 05:33:19.0908 AM
[ReportManager] API Action [GetResponseJSONValue] successfully performed. With the following test data [email]. @20-03-2022 05:33:19.0922 AM
[ReportManager] Verification [ValidateEquals] PASSED. Expected [Sincere@april.biz] and Actual [Sincere@april.biz]. Comparison Type [EQUALS]. Validation Type [POSITIVE]. @20-03-2022 05:33:19.0922 AM
[ReportManager] API Action [GetResponseJSONValue] successfully performed. With the following test data [username]. @20-03-2022 05:33:19.0943 AM
[ReportManager] Assertion [ValidateEquals] PASSED. Expected [Bret] and Actual [Bret]. Comparison Type [EQUALS]. Validation Type [POSITIVE]. @20-03-2022 05:33:19.0943 AM
[ReportManager] API Action [GetResponseJSONValue] successfully performed. With the following test data [name]. @20-03-2022 05:33:19.0954 AM
[ReportManager] API Action [GetResponseJSONValue] successfully performed. With the following test data [name]. @20-03-2022 05:33:19.0965 AM
[ReportManager] API Action [GetResponseJSONValue] successfully performed. With the following test data [name]. @20-03-2022 05:33:19.0977 AM
[ReportManager] API Action [GetResponseJSONValue] successfully performed. With the following test data [name]. @20-03-2022 05:33:19.0988 AM
[ReportManager] API Action [GetResponseJSONValue] successfully performed. With the following test data [name]. @20-03-2022 05:33:19.0999 AM
[ReportManager] API Action [GetResponseJSONValue] successfully performed. With the following test data [name]. @20-03-2022 05:33:20.0011 AM
[ReportManager] API Action [GetResponseJSONValue] successfully performed. With the following test data [name]. @20-03-2022 05:33:20.0022 AM
[ReportManager] API Action [GetResponseJSONValue] successfully performed. With the following test data [name]. @20-03-2022 05:33:20.0032 AM
[ReportManager] API Action [GetResponseJSONValue] successfully performed. With the following test data [name]. @20-03-2022 05:33:20.0043 A
[ReportManager] File Action [GetAbsolutePath] successfully performed. With the following test data [Relative Folder Path: "target/downloadedFiles/"]. @20-03-2022 05:33:20.0046 AM
[ReportManager] Attempting to run locally on: [Mac-64], [Safari], Headless Execution. @20-03-2022 05:33:20.0046 AM
[ReportManager] Successfully Opened Safari. @20-03-2022 05:33:20.0933 AM
[ReportManager] Initial window size: (800, 600) @20-03-2022 05:33:20.0946 AM
[ReportManager] Window size after SWD Maximize: (1176, 803) @20-03-2022 05:33:20.0980 AM
[ReportManager] Browser Action [MaximizeWindow] successfully performed. With the following test data [New screen size is now: (1176, 803)]. @20-03-2022 05:33:20.0980 AM
[ReportManager] Target URL: [http://the-internet.herokuapp.com/javascript_alerts] @20-03-2022 05:33:20.0980 AM
[ReportManager] Initial URL: [] @20-03-2022 05:33:21.0029 AM
[ReportManager] Browser Action [NavigateToURL] successfully performed. With the following test data [http://the-internet.herokuapp.com/javascript_alerts]. @20-03-2022 05:33:21.0517 A

################################################################################################################################################
Starting Execution:	[72 out of 165] test cases in the current suite
Test Method:		[testPackage01.TestJSPromptBox.dismissAlert]
################################################################################################################################################
[ReportManager] Element Action [Click] successfully performed. With the following test data [By.xpath: //button[contains(text(),'Click for JS Prompt')]]. @20-03-2022 05:33:21.0843 AM
[ReportManager] Alert is present @20-03-2022 05:33:21.0859 AM
[ReportManager] Element Action [DismissAlert] successfully performed. @20-03-2022 05:33:21.0878 A

################################################################################################################################################
Starting Execution:	[73 out of 165] test cases in the current suite
Test Method:		[testPackage01.TestJSPromptBox.assertOnCancelAlertResultText]
################################################################################################################################################
[ReportManager] Element Action [GetText] successfully performed. With the following test data [You entered: null]. @20-03-2022 05:33:21.0964 AM
[ReportManager] Assertion Passed: Then I Assert that the element found by [By.id: result] attribute [TEXT] is equal to [You entered: null]. @20-03-2022 05:33:22.0145 AM
[ReportManager] Successfully created attachment [Screenshot - 1647754402076_assertOnCancelAlertResultText_ValidateElementAttribute_passed] @20-03-2022 05:33:22.0147 AM
[ReportManager] Assertion [ValidateElementAttribute] PASSED. Expected [Value Should be 'You entered: null' for the 'text' attribute, element locator 'By.id: result'] and Actual [You entered: null]. Comparison Type [EQUALS]. Validation Type [POSITIVE]. @20-03-2022 05:33:22.0147 A

################################################################################################################################################
Starting Execution:	[74 out of 165] test cases in the current suite
Test Method:		[testPackage01.TestJSPromptBox.getAlertText]
################################################################################################################################################
[ReportManager] Element Action [Click] successfully performed. With the following test data [By.xpath: //button[contains(text(),'Click for JS Prompt')]]. @20-03-2022 05:33:22.0372 AM
[ReportManager] Alert is present @20-03-2022 05:33:22.0379 AM
[ReportManager] Alert Text is: [I am a JS prompt] @20-03-2022 05:33:22.0415 AM
[ReportManager] Element Action [GetAlertText] successfully performed. @20-03-2022 05:33:22.0415 AM
[ReportManager] Alert text is: [I am a JS prompt] @20-03-2022 05:33:22.0418 AM
[ReportManager] Alert is present @20-03-2022 05:33:22.0435 AM
[ReportManager] Alert Text is: [I am a JS prompt] @20-03-2022 05:33:22.0445 AM
[ReportManager] Element Action [GetAlertText] successfully performed. @20-03-2022 05:33:22.0446 AM
[ReportManager] Assertion Passed: Then I Assert that [I am a JS prompt] is equal to [I am a JS prompt]. @20-03-2022 05:33:22.0446 AM
[ReportManager] Assertion [ValidateEquals] PASSED. Expected [I am a JS prompt] and Actual [I am a JS prompt]. Comparison Type [EQUALS]. Validation Type [POSITIVE]. @20-03-2022 05:33:22.0446 A

################################################################################################################################################
Starting Execution:	[75 out of 165] test cases in the current suite
Test Method:		[testPackage01.TestJSPromptBox.acceptPromptAlertWithoutTypingTextMessage]
################################################################################################################################################
[ReportManager] Alert is not present @20-03-2022 05:33:52.0613 AM
[ReportManager] Element Action [WaitForAlertToBePresent] failed. @20-03-2022 05:33:52.0737 AM
[ReportManager] Successfully created attachment [Screenshot - 1647754432637_acceptPromptAlertWithoutTypingTextMessage_WaitForAlertToBePresent_failed] @20-03-2022 05:33:52.0738 A

################################################################################################################################################
Starting Execution:	[76 out of 165] test cases in the current suite
Test Method:		[testPackage01.TestJSPromptBox.assertOnConfirmPromptAlertWithoutTypingTextMessageResultText]
###############################################################################################################################################

################################################################################################################################################
Starting Execution:	[77 out of 165] test cases in the current suite
Test Method:		[testPackage01.TestJSPromptBox.acceptPromptAlertWithTextMessage]
###############################################################################################################################################

################################################################################################################################################
Starting Execution:	[78 out of 165] test cases in the current suite
Test Method:		[testPackage01.TestJSPromptBox.assertOnConfirmPromptAlertWithTextMessageResultText]
###############################################################################################################################################
[ReportManager] Browser Action [CloseCurrentWindow] successfully performed. @20-03-2022 05:33:53.0195 AM
[ReportManager] Successfully created attachment [Browser Action Test Data - CloseCurrentWindow - Actual Value] @20-03-2022 05:33:53.0195 A

################################################################################################################################################
Starting Execution:	[79 out of 165] test cases in the current suite
Test Method:		[testPackage01.Test_testData.f]
################################################################################################################################################
[ReportManager] Successfully loaded the following test data file [src/test/resources/testDataFiles/testSuite01/TestData.xlsx]. @20-03-2022 05:33:53.0244 AM
[ReportManager] Successfully created attachment [Test Data - Excel] @20-03-2022 05:33:53.0245 AM
[ReportManager] Last Column Number is: [3]. Zero-based. @20-03-2022 05:33:53.0246 A

################################################################################################################################################
Starting Execution:	[80 out of 165] test cases in the current suite
Test Method:		[testPackage01.Test_PDF.testPDF1]
################################################################################################################################################
[ReportManager] File Action [DoesFileExist] successfully performed. With the following test data [File Path: "src/test/resources/testDataFiles/sample.pdf"]. @20-03-2022 05:33:53.0295 AM
[ReportManager] File Action [GetAbsolutePath] successfully performed. With the following test data [Relative Folder Path: "src/test/resources/testDataFiles/sample.pdf"]. @20-03-2022 05:33:53.0297 AM
[ReportManager] Assertion Passed: Checking to see that the pdf file contains [A Simple PDF File] @20-03-2022 05:33:58.0461 AM
[ReportManager] Successfully created attachment [Validation Test Data - Expected Value] @20-03-2022 05:33:58.0462 AM
[ReportManager] Successfully created attachment [Validation Test Data - Actual Value] @20-03-2022 05:33:58.0462 AM
[ReportManager] Assertion [ValidateEquals] PASSED. Expected and Actual values are attached. Comparison Type [CONTAINS]. Validation Type [POSITIVE]. @20-03-2022 05:33:58.0463 A

################################################################################################################################################
Starting Execution:	[81 out of 165] test cases in the current suite
Test Method:		[testPackage01.Test_PDF.testPDF2]
################################################################################################################################################
[ReportManager] File Action [DoesFileExist] successfully performed. With the following test data [File Path: "src/test/resources/testDataFiles/sample.pdf"]. @20-03-2022 05:33:58.0470 AM
[ReportManager] File Action [GetAbsolutePath] successfully performed. With the following test data [Relative Folder Path: "src/test/resources/testDataFiles/sample.pdf"]. @20-03-2022 05:33:58.0470 AM
[ReportManager] Assertion Passed: Checking to see that the pdf file contains [A Simple PDF File] @20-03-2022 05:33:58.0489 AM
[ReportManager] Successfully created attachment [Validation Test Data - Expected Value] @20-03-2022 05:33:58.0489 AM
[ReportManager] Successfully created attachment [Validation Test Data - Actual Value] @20-03-2022 05:33:58.0490 AM
[ReportManager] Assertion [ValidateEquals] PASSED. Expected and Actual values are attached. Comparison Type [CONTAINS]. Validation Type [POSITIVE]. @20-03-2022 05:33:58.0490 A
[ReportManager] File Action [GetAbsolutePath] successfully performed. With the following test data [Relative Folder Path: "target/downloadedFiles/"]. @20-03-2022 05:33:58.0494 AM
[ReportManager] Attempting to run locally on: [Mac-64], [Safari], Headless Execution. @20-03-2022 05:33:58.0494 AM
[ReportManager] Successfully Opened Safari. @20-03-2022 05:33:59.0376 AM
[ReportManager] Initial window size: (800, 600) @20-03-2022 05:33:59.0398 AM
[ReportManager] Window size after SWD Maximize: (1176, 803) @20-03-2022 05:33:59.0434 AM
[ReportManager] Browser Action [MaximizeWindow] successfully performed. With the following test data [New screen size is now: (1176, 803)]. @20-03-2022 05:33:59.0435 A

################################################################################################################################################
Starting Execution:	[82 out of 165] test cases in the current suite
Test Method:		[testPackage01.Test_ShadowDOM.shadowdom]
################################################################################################################################################
[ReportManager] Target URL: [https://mdn.github.io/web-components-examples/popup-info-box-web-component/] @20-03-2022 05:33:59.0439 AM
[ReportManager] Initial URL: [] @20-03-2022 05:33:59.0513 AM
[ReportManager] Browser Action [NavigateToURL] successfully performed. With the following test data [https://mdn.github.io/web-components-examples/popup-info-box-web-component/]. @20-03-2022 05:33:59.0803 AM
[ReportManager] Element Action [Type] successfully performed. With the following test data [Typing into SHADOW DOM...]. @20-03-2022 05:34:00.0315 AM
[ReportManager] Element Action [GetText] successfully performed. With the following test data [Typing into SHADOW DOM...]. @20-03-2022 05:34:00.0387 AM
[ReportManager] Assertion [ValidateElementAttribute] PASSED. Expected [Value Should be 'Typing into SHADOW DOM...' for the 'Text' attribute, element locator 'By.id: cvc'] and Actual [Typing into SHADOW DOM...]. Comparison Type [EQUALS]. Validation Type [POSITIVE]. @20-03-2022 05:34:00.0562 AM
[ReportManager] Successfully created attachment [Screenshot - 1647754440478_shadowdom_ValidateElementAttribute_passed] @20-03-2022 05:34:00.0564 A
[ReportManager] Browser Action [CloseCurrentWindow] successfully performed. @20-03-2022 05:34:00.0790 AM
[ReportManager] Successfully created attachment [Browser Action Test Data - CloseCurrentWindow - Actual Value] @20-03-2022 05:34:00.0790 A
[ReportManager] File Action [GetAbsolutePath] successfully performed. With the following test data [Relative Folder Path: "target/downloadedFiles/"]. @20-03-2022 05:34:00.0793 AM
[ReportManager] Attempting to run locally on: [Mac-64], [Safari], Headless Execution. @20-03-2022 05:34:00.0793 AM
[ReportManager] Successfully Opened Safari. @20-03-2022 05:34:01.0628 AM
[ReportManager] Initial window size: (800, 600) @20-03-2022 05:34:01.0661 AM
[ReportManager] Window size after SWD Maximize: (1176, 803) @20-03-2022 05:34:01.0700 AM
[ReportManager] Browser Action [MaximizeWindow] successfully performed. With the following test data [New screen size is now: (1176, 803)]. @20-03-2022 05:34:01.0701 A

################################################################################################################################################
Starting Execution:	[83 out of 165] test cases in the current suite
Test Method:		[testPackage01.Test_clipboardActions.typeTextAndCopyPaste]
################################################################################################################################################
[ReportManager] Target URL: [https://www.google.com/ncr], and after redirection: [https://www.google.com] @20-03-2022 05:34:01.0704 AM
[ReportManager] Initial URL: [] @20-03-2022 05:34:01.0770 AM
[ReportManager] Browser Action [NavigateToURL] successfully performed. With the following test data [https://www.google.com/ncr]. @20-03-2022 05:34:02.0959 AM
[ReportManager] Element Action [Type] successfully performed. With the following test data [FIRST]. @20-03-2022 05:34:03.0266 A
[ReportManager] Browser Action [CloseCurrentWindow] successfully performed. @20-03-2022 05:34:03.0684 AM
[ReportManager] Successfully created attachment [Browser Action Test Data - CloseCurrentWindow - Actual Value] @20-03-2022 05:34:03.0686 A
[ReportManager] File Action [GetAbsolutePath] successfully performed. With the following test data [Relative Folder Path: "target/downloadedFiles/"]. @20-03-2022 05:34:03.0687 AM
[ReportManager] Attempting to run locally on: [Mac-64], [Safari], Headless Execution. @20-03-2022 05:34:03.0688 AM
[ReportManager] Successfully Opened Safari. @20-03-2022 05:34:04.0537 AM
[ReportManager] Initial window size: (800, 600) @20-03-2022 05:34:04.0564 AM
[ReportManager] Window size after SWD Maximize: (1176, 803) @20-03-2022 05:34:04.0578 AM
[ReportManager] Browser Action [MaximizeWindow] successfully performed. With the following test data [New screen size is now: (1176, 803)]. @20-03-2022 05:34:04.0578 AM
[ReportManager] Target URL: [http://the-internet.herokuapp.com/javascript_alerts] @20-03-2022 05:34:04.0579 AM
[ReportManager] Initial URL: [] @20-03-2022 05:34:04.0630 AM
[ReportManager] Browser Action [NavigateToURL] successfully performed. With the following test data [http://the-internet.herokuapp.com/javascript_alerts]. @20-03-2022 05:34:05.0092 A

################################################################################################################################################
Starting Execution:	[84 out of 165] test cases in the current suite
Test Method:		[testPackage01.TestJSAlertBox.getJSAlertText]
################################################################################################################################################
[ReportManager] Element Action [Click] successfully performed. With the following test data [By.xpath: //button[contains(text(),'Click for JS Alert')]]. @20-03-2022 05:34:05.0310 AM
[ReportManager] Alert is present @20-03-2022 05:34:05.0318 AM
[ReportManager] Alert Text is: [I am a JS Alert] @20-03-2022 05:34:05.0333 AM
[ReportManager] Element Action [GetAlertText] successfully performed. @20-03-2022 05:34:05.0333 AM
[ReportManager] Alert text is: [I am a JS Alert] @20-03-2022 05:34:05.0334 AM
[ReportManager] Alert is present @20-03-2022 05:34:05.0341 AM
[ReportManager] Alert Text is: [I am a JS Alert] @20-03-2022 05:34:05.0355 AM
[ReportManager] Element Action [GetAlertText] successfully performed. @20-03-2022 05:34:05.0355 AM
[ReportManager] Assertion Passed: Then I Assert that [I am a JS Alert] is equal to [I am a JS Alert]. @20-03-2022 05:34:05.0356 AM
[ReportManager] Assertion [ValidateEquals] PASSED. Expected [I am a JS Alert] and Actual [I am a JS Alert]. Comparison Type [EQUALS]. Validation Type [POSITIVE]. @20-03-2022 05:34:05.0356 A

################################################################################################################################################
Starting Execution:	[85 out of 165] test cases in the current suite
Test Method:		[testPackage01.TestJSAlertBox.acceptAlert]
################################################################################################################################################
[ReportManager] Alert is not present @20-03-2022 05:34:35.0787 AM
[ReportManager] Element Action [WaitForAlertToBePresent] failed. @20-03-2022 05:34:35.0901 AM
[ReportManager] Successfully created attachment [Screenshot - 1647754475812_acceptAlert_WaitForAlertToBePresent_failed] @20-03-2022 05:34:35.0902 A

################################################################################################################################################
Starting Execution:	[86 out of 165] test cases in the current suite
Test Method:		[testPackage01.TestJSAlertBox.assertOnConfirmAlertResultText]
###############################################################################################################################################
[ReportManager] Browser Action [CloseCurrentWindow] successfully performed. @20-03-2022 05:34:36.0298 AM
[ReportManager] Successfully created attachment [Browser Action Test Data - CloseCurrentWindow - Actual Value] @20-03-2022 05:34:36.0300 A

################################################################################################################################################
Starting Execution:	[87 out of 165] test cases in the current suite
Test Method:		[testPackage01.Test_checkJDKShellFilesGenerated.testJDKGeneratedSuccessfully]
################################################################################################################################################
[ReportManager] Configuring JDK @20-03-2022 05:34:36.0303 AM
[ReportManager] File Action [GetAbsolutePath] successfully performed. With the following test data [Relative File Path: "generateJdkMac.sh"]. @20-03-2022 05:34:36.0303 AM
[ReportManager] File Action [WriteToFile] successfully performed. With the following test data [Target File Path: "/Users/runner/work/SHAFT_ENGINE/SHAFT_ENGINE/generateJdkMac.sh"]. @20-03-2022 05:34:36.0304 AM
[ReportManager] Attempting to perform the following command locally. Command: [chmod u+x generateJdk.sh] @20-03-2022 05:34:36.0304 AM
[ReportManager] Terminal Action [PerformTerminalCommands] successfully performed. With the following test data [Host Name: "localHost" | Command: "chmod u+x generateJdk.sh" | Exit Status: "1"]. @20-03-2022 05:34:36.0331 AM
[ReportManager] Successfully created attachment [Terminal Action Actual Result - Command Log] @20-03-2022 05:34:36.0332 AM
[ReportManager] Assertion Passed: Then I Assert that [[#!/bin/bash, export JAVA_HOME=$(/usr/libexec/java_home), export PATH=$JAVA_HOME/bin:$PATH, source ~/.zshenv, echo $JAVA_HOME, echo $PATH, exec bash]] contains [JAVA_HOME=$(/usr/libexec/java_home)]. @20-03-2022 05:34:36.0333 AM
[ReportManager] Assertion [ValidateEquals] PASSED. Expected [JAVA_HOME=$(/usr/libexec/java_home)] and Actual [[#!/bin/bash, export JAVA_HOME=$(/usr/libexec/java_home), export PATH=$JAVA_HOME/bin:$PATH, source ~/.zshenv, echo $JAVA_HOME, echo $PATH, exec bash]]. Comparison Type [CONTAINS]. Validation Type [POSITIVE]. @20-03-2022 05:34:36.0333 A
[ReportManager] File Action [GetAbsolutePath] successfully performed. With the following test data [Relative Folder Path: "target/downloadedFiles/"]. @20-03-2022 05:34:36.0336 AM
[ReportManager] Attempting to run locally on: [Mac-64], [Safari], Headless Execution. @20-03-2022 05:34:36.0336 AM
[ReportManager] An Exception Occured with this Message: Could not start a new session. Possible causes are invalid address of the remote server or browser start-up failure.. @20-03-2022 05:34:37.0155 AM
[ReportManager] Successfully created attachment [Exception Stack Trace - org.openqa.selenium.SessionNotCreatedException] @20-03-2022 05:34:37.0156 AM
[ReportManager] Driver Factory Action [createNewLocalDriverInstanceForSafari] failed. With the following test data [Failed to create a session on DESKTOP_SAFARI]. @20-03-2022 05:34:37.0156 A

################################################################################################################################################
Starting Execution:	[88 out of 165] test cases in the current suite
Test Method:		[testPackage01.TestJSConfirmBox.dismissAlert]
###############################################################################################################################################

################################################################################################################################################
Starting Execution:	[89 out of 165] test cases in the current suite
Test Method:		[testPackage01.TestJSConfirmBox.assertOnCancelAlertResultText]
###############################################################################################################################################

################################################################################################################################################
Starting Execution:	[90 out of 165] test cases in the current suite
Test Method:		[testPackage01.TestJSConfirmBox.getAlertText]
###############################################################################################################################################

################################################################################################################################################
Starting Execution:	[91 out of 165] test cases in the current suite
Test Method:		[testPackage01.TestJSConfirmBox.acceptAlert]
###############################################################################################################################################

################################################################################################################################################
Starting Execution:	[92 out of 165] test cases in the current suite
Test Method:		[testPackage01.TestJSConfirmBox.assertOnConfirmAlertResultText]
###############################################################################################################################################


################################################################################################################################################
Starting Execution:	[93 out of 165] test cases in the current suite
Test Method:		[testPackage01.Test_NewValidationHelper.f1]
################################################################################################################################################
[ReportManager] Assertion Passed: Checking valid user data @20-03-2022 05:34:37.0186 AM
[ReportManager] Successfully created attachment [Validation Test Data - Expected Value] @20-03-2022 05:34:37.0186 AM
[ReportManager] Successfully created attachment [Validation Test Data - Actual Value] @20-03-2022 05:34:37.0187 AM
[ReportManager] Assertion [ValidateEquals] PASSED. Expected and Actual values are attached. Comparison Type [EQUALS]. Validation Type [POSITIVE]. @20-03-2022 05:34:37.0187 A
[ReportManager] File Action [GetAbsolutePath] successfully performed. With the following test data [Relative Folder Path: "target/downloadedFiles/"]. @20-03-2022 05:34:37.0190 AM
[ReportManager] Attempting to run locally on: [Mac-64], [Safari], Headless Execution. @20-03-2022 05:34:37.0190 AM
[ReportManager] Successfully Opened Safari. @20-03-2022 05:34:38.0303 AM
[ReportManager] Initial window size: (800, 600) @20-03-2022 05:34:38.0330 AM
[ReportManager] Window size after SWD Maximize: (1176, 803) @20-03-2022 05:34:38.0344 AM
[ReportManager] Browser Action [MaximizeWindow] successfully performed. With the following test data [New screen size is now: (1176, 803)]. @20-03-2022 05:34:38.0349 AM
[ReportManager] Target URL: [https://the-internet.herokuapp.com/] @20-03-2022 05:34:38.0349 AM
[ReportManager] Initial URL: [] @20-03-2022 05:34:38.0411 AM
[ReportManager] Browser Action [NavigateToURL] successfully performed. With the following test data [https://the-internet.herokuapp.com/]. @20-03-2022 05:34:38.0914 A

################################################################################################################################################
Starting Execution:	[94 out of 165] test cases in the current suite
Test Method:		[testPackage01.Test_NewValidationHelper.f10]
################################################################################################################################################
[ReportManager] Assertion [ValidateElementExists] FAILED. Expected [Element Should Exist, locator 'By.tagName: div'] and Actual [Element Exists but is not unique]. Comparison Type [EQUALS]. Validation Type [POSITIVE]. @20-03-2022 05:34:39.0239 AM
[ReportManager] Successfully created attachment [Screenshot - 1647754479171_f10_ValidateElementExists_failed] @20-03-2022 05:34:39.0241 A
[ReportManager] Successfully Closed All Drivers. @20-03-2022 05:34:39.0663 A
[ReportManager] File Action [GetAbsolutePath] successfully performed. With the following test data [Relative Folder Path: "target/downloadedFiles/"]. @20-03-2022 05:34:39.0666 AM
[ReportManager] Attempting to run locally on: [Mac-64], [Safari], Headless Execution. @20-03-2022 05:34:39.0666 AM
[ReportManager] Successfully Opened Safari. @20-03-2022 05:34:40.0502 AM
[ReportManager] Initial window size: (800, 600) @20-03-2022 05:34:40.0532 AM
[ReportManager] Window size after SWD Maximize: (1176, 803) @20-03-2022 05:34:40.0549 AM
[ReportManager] Browser Action [MaximizeWindow] successfully performed. With the following test data [New screen size is now: (1176, 803)]. @20-03-2022 05:34:40.0549 AM
[ReportManager] Target URL: [https://the-internet.herokuapp.com/] @20-03-2022 05:34:40.0549 AM
[ReportManager] Initial URL: [] @20-03-2022 05:34:40.0595 AM
[ReportManager] Browser Action [NavigateToURL] successfully performed. With the following test data [https://the-internet.herokuapp.com/]. @20-03-2022 05:34:41.0073 A

################################################################################################################################################
Starting Execution:	[95 out of 165] test cases in the current suite
Test Method:		[testPackage01.Test_NewValidationHelper.f11]
################################################################################################################################################
[ReportManager] org.openqa.selenium.TimeoutException:
Expected condition failed: waiting for com.shaft.gui.element.ElementActionsHelper$$Lambda$642/0x0000000801147650@74565957 (tried for 5 second(s) with 1000 milliseconds interval)
org.openqa.selenium.support.ui.FluentWait.timeoutException(FluentWait.java:263)
org.openqa.selenium.support.ui.FluentWait.until(FluentWait.java:231)
com.shaft.gui.element.ElementActionsHelper.waitForElementPresence(ElementActionsHelper.java:89)
com.shaft.gui.element.ElementActionsHelper.waitForElementPresence(ElementActionsHelper.java:37)
com.shaft.gui.element.WebDriverElementActions.getMatchingElementsCount(WebDriverElementActions.java:1494)
com.shaft.gui.element.WebDriverElementActions.getElementsCount(WebDriverElementActions.java:561)
com.shaft.gui.element.ElementActions.getElementsCount(ElementActions.java:269)
com.shaft.validation.ValidationsHelper.validateElementExists(ValidationsHelper.java:149)
com.shaft.validation.Assertions.assertElementExists(Assertions.java:118)
testPackage01.Test_NewValidationHelper.f11(Test_NewValidationHelper.java:137)
java.base/jdk.internal.reflect.NativeMethodAccessorImpl.invoke0(Native Method)
java.base/jdk.internal.reflect.NativeMethodAccessorImpl.invoke(NativeMethodAccessorImpl.java:77)
java.base/jdk.internal.reflect.DelegatingMethodAccessorImpl.invoke(DelegatingMethodAccessorImpl.java:43)
java.base/java.lang.reflect.Method.invoke(Method.java:568)
org.testng.internal.invokers.MethodInvocationHelper.invokeMethod(MethodInvocationHelper.java:135)
org.testng.internal.invokers.TestInvoker.invokeMethod(TestInvoker.java:673)
org.testng.internal.invokers.TestInvoker.invokeTestMethod(TestInvoker.java:220)
org.testng.internal.invokers.MethodRunner.runInSequence(MethodRunner.java:50)
org.testng.internal.invokers.TestInvoker$MethodInvocationAgent.invoke(TestInvoker.java:945)
org.testng.internal.invokers.TestInvoker.invokeTestMethods(TestInvoker.java:193)
org.testng.internal.invokers.TestMethodWorker.invokeTestMethods(TestMethodWorker.java:146)
org.testng.internal.invokers.TestMethodWorker.run(TestMethodWorker.java:128)
java.base/java.util.ArrayList.forEach(ArrayList.java:1511)
org.testng.TestRunner.privateRun(TestRunner.java:808)
org.testng.TestRunner.run(TestRunner.java:603)
org.testng.SuiteRunner.runTest(SuiteRunner.java:429)
org.testng.SuiteRunner.runSequentially(SuiteRunner.java:423)
org.testng.SuiteRunner.privateRun(SuiteRunner.java:383)
org.testng.SuiteRunner.run(SuiteRunner.java:326)
org.testng.SuiteRunnerWorker.runSuite(SuiteRunnerWorker.java:52)
org.testng.SuiteRunnerWorker.run(SuiteRunnerWorker.java:95)
org.testng.TestNG.runSuitesSequentially(TestNG.java:1249)
org.testng.TestNG.runSuitesLocally(TestNG.java:1169)
org.testng.TestNG.runSuites(TestNG.java:1092)
org.testng.TestNG.run(TestNG.java:1060)
org.apache.maven.surefire.testng.TestNGExecutor.run(TestNGExecutor.java:136)
org.apache.maven.surefire.testng.TestNGDirectoryTestSuite.executeMulti(TestNGDirectoryTestSuite.java:193)
org.apache.maven.surefire.testng.TestNGDirectoryTestSuite.execute(TestNGDirectoryTestSuite.java:94)
org.apache.maven.surefire.testng.TestNGProvider.invoke(TestNGProvider.java:145)
org.apache.maven.surefire.booter.ForkedBooter.runSuitesInProcess(ForkedBooter.java:428)
org.apache.maven.surefire.booter.ForkedBooter.execute(ForkedBooter.java:162)
org.apache.maven.surefire.booter.ForkedBooter.run(ForkedBooter.java:562)
org.apache.maven.surefire.booter.ForkedBooter.main(ForkedBooter.java:548)

Caused by: org.openqa.selenium.NoSuchElementException:
For documentation on this error, please visit: https://selenium.dev/exceptions/#no_such_element
Build info: version: '4.1.2', revision: '9a5a329c5a'
System info: host: 'Mac-1647751137785.local', ip: '10.79.12.73', os.name: 'Mac OS X', os.arch: 'x86_64', os.version: '11.6.4', java.version: '17.0.2'
Driver info: org.openqa.selenium.safari.SafariDriver
Command: [6B3E3348-B7B2-4936-BF0B-C804C6248666, findElement {using=tag name, value=h3}]
Capabilities {acceptInsecureCerts: false, browserName: Safari, browserVersion: 15.3, goog:loggingPrefs: {browser: ALL, client: ALL, driver: ALL, performance: ALL, profiler: ALL, server: ALL}, javascriptEnabled: true, pageLoadStrategy: normal, platform: MAC, platformName: MAC, safari:automaticInspection: false, safari:automaticProfiling: false, safari:diagnose: false, safari:platformBuildVersion: 20G417, safari:platformVersion: 11.6.4, safari:useSimulator: false, setWindowRect: true, strictFileInteractability: false, timeouts: {pageLoad: 30000, script: 30000}, webkit:WebRTC: {DisableICECandidateFiltering: false, DisableInsecureMediaCapture: false}}
Session ID: 6B3E3348-B7B2-4936-BF0B-C804C6248666
jdk.internal.reflect.GeneratedConstructorAccessor71.newInstance(Unknown Source)
java.base/jdk.internal.reflect.DelegatingConstructorAccessorImpl.newInstance(DelegatingConstructorAccessorImpl.java:45)
java.base/java.lang.reflect.Constructor.newInstanceWithCaller(Constructor.java:499)
java.base/java.lang.reflect.Constructor.newInstance(Constructor.java:480)
org.openqa.selenium.remote.codec.w3c.W3CHttpResponseCodec.createException(W3CHttpResponseCodec.java:200)
org.openqa.selenium.remote.codec.w3c.W3CHttpResponseCodec.decode(W3CHttpResponseCodec.java:133)
org.openqa.selenium.remote.codec.w3c.W3CHttpResponseCodec.decode(W3CHttpResponseCodec.java:53)
org.openqa.selenium.remote.HttpCommandExecutor.execute(HttpCommandExecutor.java:184)
org.openqa.selenium.remote.service.DriverCommandExecutor.invokeExecute(DriverCommandExecutor.java:167)
org.openqa.selenium.remote.service.DriverCommandExecutor.execute(DriverCommandExecutor.java:142)
org.openqa.selenium.remote.RemoteWebDriver.execute(RemoteWebDriver.java:558)
org.openqa.selenium.remote.ElementLocation$ElementFinder$2.findElement(ElementLocation.java:162)
org.openqa.selenium.remote.ElementLocation.findElement(ElementLocation.java:60)
org.openqa.selenium.remote.RemoteWebDriver.findElement(RemoteWebDriver.java:382)
org.openqa.selenium.remote.RemoteWebDriver.findElement(RemoteWebDriver.java:374)
com.shaft.gui.element.ElementActionsHelper.lambda$waitForElementPresence$0(ElementActionsHelper.java:92)
org.openqa.selenium.support.ui.FluentWait.until(FluentWait.java:208)
com.shaft.gui.element.ElementActionsHelper.waitForElementPresence(ElementActionsHelper.java:89)
com.shaft.gui.element.ElementActionsHelper.waitForElementPresence(ElementActionsHelper.java:37)
com.shaft.gui.element.WebDriverElementActions.getMatchingElementsCount(WebDriverElementActions.java:1494)
com.shaft.gui.element.WebDriverElementActions.getElementsCount(WebDriverElementActions.java:561)
com.shaft.gui.element.ElementActions.getElementsCount(ElementActions.java:269)
com.shaft.validation.ValidationsHelper.validateElementExists(ValidationsHelper.java:149)
com.shaft.validation.Assertions.assertElementExists(Assertions.java:118)
testPackage01.Test_NewValidationHelper.f11(Test_NewValidationHelper.java:137)
java.base/jdk.internal.reflect.NativeMethodAccessorImpl.invoke0(Native Method)
java.base/jdk.internal.reflect.NativeMethodAccessorImpl.invoke(NativeMethodAccessorImpl.java:77)
java.base/jdk.internal.reflect.DelegatingMethodAccessorImpl.invoke(DelegatingMethodAccessorImpl.java:43)
java.base/java.lang.reflect.Method.invoke(Method.java:568)
org.testng.internal.invokers.MethodInvocationHelper.invokeMethod(MethodInvocationHelper.java:135)
org.testng.internal.invokers.TestInvoker.invokeMethod(TestInvoker.java:673)
org.testng.internal.invokers.TestInvoker.invokeTestMethod(TestInvoker.java:220)
org.testng.internal.invokers.MethodRunner.runInSequence(MethodRunner.java:50)
org.testng.internal.invokers.TestInvoker$MethodInvocationAgent.invoke(TestInvoker.java:945)
org.testng.internal.invokers.TestInvoker.invokeTestMethods(TestInvoker.java:193)
org.testng.internal.invokers.TestMethodWorker.invokeTestMethods(TestMethodWorker.java:146)
org.testng.internal.invokers.TestMethodWorker.run(TestMethodWorker.java:128)
java.base/java.util.ArrayList.forEach(ArrayList.java:1511)
org.testng.TestRunner.privateRun(TestRunner.java:808)
org.testng.TestRunner.run(TestRunner.java:603)
org.testng.SuiteRunner.runTest(SuiteRunner.java:429)
org.testng.SuiteRunner.runSequentially(SuiteRunner.java:423)
org.testng.SuiteRunner.privateRun(SuiteRunner.java:383)
org.testng.SuiteRunner.run(SuiteRunner.java:326)
org.testng.SuiteRunnerWorker.runSuite(SuiteRunnerWorker.java:52)
org.testng.SuiteRunnerWorker.run(SuiteRunnerWorker.java:95)
org.testng.TestNG.runSuitesSequentially(TestNG.java:1249)
org.testng.TestNG.runSuitesLocally(TestNG.java:1169)
org.testng.TestNG.runSuites(TestNG.java:1092)
org.testng.TestNG.run(TestNG.java:1060)
org.apache.maven.surefire.testng.TestNGExecutor.run(TestNGExecutor.java:136)
org.apache.maven.surefire.testng.TestNGDirectoryTestSuite.executeMulti(TestNGDirectoryTestSuite.java:193)
org.apache.maven.surefire.testng.TestNGDirectoryTestSuite.execute(TestNGDirectoryTestSuite.java:94)
org.apache.maven.surefire.testng.TestNGProvider.invoke(TestNGProvider.java:145)
org.apache.maven.surefire.booter.ForkedBooter.runSuitesInProcess(ForkedBooter.java:428)
org.apache.maven.surefire.booter.ForkedBooter.execute(ForkedBooter.java:162)
org.apache.maven.surefire.booter.ForkedBooter.run(ForkedBooter.java:562)
org.apache.maven.surefire.booter.ForkedBooter.main(ForkedBooter.java:548) @20-03-2022 05:34:46.0519 AM
[ReportManager] org.openqa.selenium.TimeoutException:
Expected condition failed: waiting for com.shaft.gui.element.ElementActionsHelper$$Lambda$642/0x0000000801147650@162fc7cd (tried for 5 second(s) with 1000 milliseconds interval)
org.openqa.selenium.support.ui.FluentWait.timeoutException(FluentWait.java:263)
org.openqa.selenium.support.ui.FluentWait.until(FluentWait.java:231)
com.shaft.gui.element.ElementActionsHelper.waitForElementPresence(ElementActionsHelper.java:89)
com.shaft.gui.element.ElementActionsHelper.waitForElementPresence(ElementActionsHelper.java:37)
com.shaft.gui.element.WebDriverElementActions.getMatchingElementsCount(WebDriverElementActions.java:1494)
com.shaft.gui.element.WebDriverElementActions.getElementsCount(WebDriverElementActions.java:561)
com.shaft.gui.element.ElementActions.getElementsCount(ElementActions.java:269)
com.shaft.gui.image.ScreenshotManager.internalCaptureScreenShot(ScreenshotManager.java:390)
com.shaft.gui.image.ScreenshotManager.captureScreenShot(ScreenshotManager.java:142)
com.shaft.validation.ValidationsHelper.reportValidationState(ValidationsHelper.java:823)
com.shaft.validation.ValidationsHelper.pass(ValidationsHelper.java:564)
com.shaft.validation.ValidationsHelper.validateElementExists(ValidationsHelper.java:166)
com.shaft.validation.Assertions.assertElementExists(Assertions.java:118)
testPackage01.Test_NewValidationHelper.f11(Test_NewValidationHelper.java:137)
java.base/jdk.internal.reflect.NativeMethodAccessorImpl.invoke0(Native Method)
java.base/jdk.internal.reflect.NativeMethodAccessorImpl.invoke(NativeMethodAccessorImpl.java:77)
java.base/jdk.internal.reflect.DelegatingMethodAccessorImpl.invoke(DelegatingMethodAccessorImpl.java:43)
java.base/java.lang.reflect.Method.invoke(Method.java:568)
org.testng.internal.invokers.MethodInvocationHelper.invokeMethod(MethodInvocationHelper.java:135)
org.testng.internal.invokers.TestInvoker.invokeMethod(TestInvoker.java:673)
org.testng.internal.invokers.TestInvoker.invokeTestMethod(TestInvoker.java:220)
org.testng.internal.invokers.MethodRunner.runInSequence(MethodRunner.java:50)
org.testng.internal.invokers.TestInvoker$MethodInvocationAgent.invoke(TestInvoker.java:945)
org.testng.internal.invokers.TestInvoker.invokeTestMethods(TestInvoker.java:193)
org.testng.internal.invokers.TestMethodWorker.invokeTestMethods(TestMethodWorker.java:146)
org.testng.internal.invokers.TestMethodWorker.run(TestMethodWorker.java:128)
java.base/java.util.ArrayList.forEach(ArrayList.java:1511)
org.testng.TestRunner.privateRun(TestRunner.java:808)
org.testng.TestRunner.run(TestRunner.java:603)
org.testng.SuiteRunner.runTest(SuiteRunner.java:429)
org.testng.SuiteRunner.runSequentially(SuiteRunner.java:423)
org.testng.SuiteRunner.privateRun(SuiteRunner.java:383)
org.testng.SuiteRunner.run(SuiteRunner.java:326)
org.testng.SuiteRunnerWorker.runSuite(SuiteRunnerWorker.java:52)
org.testng.SuiteRunnerWorker.run(SuiteRunnerWorker.java:95)
org.testng.TestNG.runSuitesSequentially(TestNG.java:1249)
org.testng.TestNG.runSuitesLocally(TestNG.java:1169)
org.testng.TestNG.runSuites(TestNG.java:1092)
org.testng.TestNG.run(TestNG.java:1060)
org.apache.maven.surefire.testng.TestNGExecutor.run(TestNGExecutor.java:136)
org.apache.maven.surefire.testng.TestNGDirectoryTestSuite.executeMulti(TestNGDirectoryTestSuite.java:193)
org.apache.maven.surefire.testng.TestNGDirectoryTestSuite.execute(TestNGDirectoryTestSuite.java:94)
org.apache.maven.surefire.testng.TestNGProvider.invoke(TestNGProvider.java:145)
org.apache.maven.surefire.booter.ForkedBooter.runSuitesInProcess(ForkedBooter.java:428)
org.apache.maven.surefire.booter.ForkedBooter.execute(ForkedBooter.java:162)
org.apache.maven.surefire.booter.ForkedBooter.run(ForkedBooter.java:562)
org.apache.maven.surefire.booter.ForkedBooter.main(ForkedBooter.java:548)

Caused by: org.openqa.selenium.NoSuchElementException:
For documentation on this error, please visit: https://selenium.dev/exceptions/#no_such_element
Build info: version: '4.1.2', revision: '9a5a329c5a'
System info: host: 'Mac-1647751137785.local', ip: '10.79.12.73', os.name: 'Mac OS X', os.arch: 'x86_64', os.version: '11.6.4', java.version: '17.0.2'
Driver info: org.openqa.selenium.safari.SafariDriver
Command: [6B3E3348-B7B2-4936-BF0B-C804C6248666, findElement {using=tag name, value=h3}]
Capabilities {acceptInsecureCerts: false, browserName: Safari, browserVersion: 15.3, goog:loggingPrefs: {browser: ALL, client: ALL, driver: ALL, performance: ALL, profiler: ALL, server: ALL}, javascriptEnabled: true, pageLoadStrategy: normal, platform: MAC, platformName: MAC, safari:automaticInspection: false, safari:automaticProfiling: false, safari:diagnose: false, safari:platformBuildVersion: 20G417, safari:platformVersion: 11.6.4, safari:useSimulator: false, setWindowRect: true, strictFileInteractability: false, timeouts: {pageLoad: 30000, script: 30000}, webkit:WebRTC: {DisableICECandidateFiltering: false, DisableInsecureMediaCapture: false}}
Session ID: 6B3E3348-B7B2-4936-BF0B-C804C6248666
jdk.internal.reflect.GeneratedConstructorAccessor71.newInstance(Unknown Source)
java.base/jdk.internal.reflect.DelegatingConstructorAccessorImpl.newInstance(DelegatingConstructorAccessorImpl.java:45)
java.base/java.lang.reflect.Constructor.newInstanceWithCaller(Constructor.java:499)
java.base/java.lang.reflect.Constructor.newInstance(Constructor.java:480)
org.openqa.selenium.remote.codec.w3c.W3CHttpResponseCodec.createException(W3CHttpResponseCodec.java:200)
org.openqa.selenium.remote.codec.w3c.W3CHttpResponseCodec.decode(W3CHttpResponseCodec.java:133)
org.openqa.selenium.remote.codec.w3c.W3CHttpResponseCodec.decode(W3CHttpResponseCodec.java:53)
org.openqa.selenium.remote.HttpCommandExecutor.execute(HttpCommandExecutor.java:184)
org.openqa.selenium.remote.service.DriverCommandExecutor.invokeExecute(DriverCommandExecutor.java:167)
org.openqa.selenium.remote.service.DriverCommandExecutor.execute(DriverCommandExecutor.java:142)
org.openqa.selenium.remote.RemoteWebDriver.execute(RemoteWebDriver.java:558)
org.openqa.selenium.remote.ElementLocation$ElementFinder$2.findElement(ElementLocation.java:162)
org.openqa.selenium.remote.ElementLocation.findElement(ElementLocation.java:60)
org.openqa.selenium.remote.RemoteWebDriver.findElement(RemoteWebDriver.java:382)
org.openqa.selenium.remote.RemoteWebDriver.findElement(RemoteWebDriver.java:374)
com.shaft.gui.element.ElementActionsHelper.lambda$waitForElementPresence$0(ElementActionsHelper.java:92)
org.openqa.selenium.support.ui.FluentWait.until(FluentWait.java:208)
com.shaft.gui.element.ElementActionsHelper.waitForElementPresence(ElementActionsHelper.java:89)
com.shaft.gui.element.ElementActionsHelper.waitForElementPresence(ElementActionsHelper.java:37)
com.shaft.gui.element.WebDriverElementActions.getMatchingElementsCount(WebDriverElementActions.java:1494)
com.shaft.gui.element.WebDriverElementActions.getElementsCount(WebDriverElementActions.java:561)
com.shaft.gui.element.ElementActions.getElementsCount(ElementActions.java:269)
com.shaft.gui.image.ScreenshotManager.internalCaptureScreenShot(ScreenshotManager.java:390)
com.shaft.gui.image.ScreenshotManager.captureScreenShot(ScreenshotManager.java:142)
com.shaft.validation.ValidationsHelper.reportValidationState(ValidationsHelper.java:823)
com.shaft.validation.ValidationsHelper.pass(ValidationsHelper.java:564)
com.shaft.validation.ValidationsHelper.validateElementExists(ValidationsHelper.java:166)
com.shaft.validation.Assertions.assertElementExists(Assertions.java:118)
testPackage01.Test_NewValidationHelper.f11(Test_NewValidationHelper.java:137)
java.base/jdk.internal.reflect.NativeMethodAccessorImpl.invoke0(Native Method)
java.base/jdk.internal.reflect.NativeMethodAccessorImpl.invoke(NativeMethodAccessorImpl.java:77)
java.base/jdk.internal.reflect.DelegatingMethodAccessorImpl.invoke(DelegatingMethodAccessorImpl.java:43)
java.base/java.lang.reflect.Method.invoke(Method.java:568)
org.testng.internal.invokers.MethodInvocationHelper.invokeMethod(MethodInvocationHelper.java:135)
org.testng.internal.invokers.TestInvoker.invokeMethod(TestInvoker.java:673)
org.testng.internal.invokers.TestInvoker.invokeTestMethod(TestInvoker.java:220)
org.testng.internal.invokers.MethodRunner.runInSequence(MethodRunner.java:50)
org.testng.internal.invokers.TestInvoker$MethodInvocationAgent.invoke(TestInvoker.java:945)
org.testng.internal.invokers.TestInvoker.invokeTestMethods(TestInvoker.java:193)
org.testng.internal.invokers.TestMethodWorker.invokeTestMethods(TestMethodWorker.java:146)
org.testng.internal.invokers.TestMethodWorker.run(TestMethodWorker.java:128)
java.base/java.util.ArrayList.forEach(ArrayList.java:1511)
org.testng.TestRunner.privateRun(TestRunner.java:808)
org.testng.TestRunner.run(TestRunner.java:603)
org.testng.SuiteRunner.runTest(SuiteRunner.java:429)
org.testng.SuiteRunner.runSequentially(SuiteRunner.java:423)
org.testng.SuiteRunner.privateRun(SuiteRunner.java:383)
org.testng.SuiteRunner.run(SuiteRunner.java:326)
org.testng.SuiteRunnerWorker.runSuite(SuiteRunnerWorker.java:52)
org.testng.SuiteRunnerWorker.run(SuiteRunnerWorker.java:95)
org.testng.TestNG.runSuitesSequentially(TestNG.java:1249)
org.testng.TestNG.runSuitesLocally(TestNG.java:1169)
org.testng.TestNG.runSuites(TestNG.java:1092)
org.testng.TestNG.run(TestNG.java:1060)
org.apache.maven.surefire.testng.TestNGExecutor.run(TestNGExecutor.java:136)
org.apache.maven.surefire.testng.TestNGDirectoryTestSuite.executeMulti(TestNGDirectoryTestSuite.java:193)
org.apache.maven.surefire.testng.TestNGDirectoryTestSuite.execute(TestNGDirectoryTestSuite.java:94)
org.apache.maven.surefire.testng.TestNGProvider.invoke(TestNGProvider.java:145)
org.apache.maven.surefire.booter.ForkedBooter.runSuitesInProcess(ForkedBooter.java:428)
org.apache.maven.surefire.booter.ForkedBooter.execute(ForkedBooter.java:162)
org.apache.maven.surefire.booter.ForkedBooter.run(ForkedBooter.java:562)
org.apache.maven.surefire.booter.ForkedBooter.main(ForkedBooter.java:548) @20-03-2022 05:34:51.0987 AM
[ReportManager] Assertion Passed: Checking that false tag doesn't exist @20-03-2022 05:34:52.0091 AM
[ReportManager] Successfully created attachment [Screenshot - 1647754492013_f11_ValidateElementExists_passed] @20-03-2022 05:34:52.0092 AM
[ReportManager] Assertion [ValidateElementExists] PASSED. Expected [Element Should not Exist, locator 'By.tagName: h3'] and Actual [Element Doesn't Exists]. Comparison Type [EQUALS]. Validation Type [NEGATIVE]. @20-03-2022 05:34:52.0092 A
[ReportManager] Successfully Closed All Drivers. @20-03-2022 05:34:52.0268 A
[ReportManager] File Action [GetAbsolutePath] successfully performed. With the following test data [Relative Folder Path: "target/downloadedFiles/"]. @20-03-2022 05:34:52.0271 AM
[ReportManager] Attempting to run locally on: [Mac-64], [Safari], Headless Execution. @20-03-2022 05:34:52.0271 AM
[ReportManager] Successfully Opened Safari. @20-03-2022 05:34:53.0154 AM
[ReportManager] Initial window size: (800, 600) @20-03-2022 05:34:53.0184 AM
[ReportManager] Window size after SWD Maximize: (1176, 803) @20-03-2022 05:34:53.0202 AM
[ReportManager] Browser Action [MaximizeWindow] successfully performed. With the following test data [New screen size is now: (1176, 803)]. @20-03-2022 05:34:53.0203 AM
[ReportManager] Target URL: [https://the-internet.herokuapp.com/] @20-03-2022 05:34:53.0203 AM
[ReportManager] Initial URL: [] @20-03-2022 05:34:53.0280 AM
[ReportManager] Browser Action [NavigateToURL] successfully performed. With the following test data [https://the-internet.herokuapp.com/]. @20-03-2022 05:34:53.0811 A

################################################################################################################################################
Starting Execution:	[96 out of 165] test cases in the current suite
Test Method:		[testPackage01.Test_NewValidationHelper.f12]
################################################################################################################################################
[ReportManager] Assertion [ValidateElementExists] FAILED. Expected [Element Should not Exist, locator 'By.tagName: h1'] and Actual [Element Exists]. Comparison Type [EQUALS]. Validation Type [NEGATIVE]. @20-03-2022 05:34:54.0110 AM
[ReportManager] Successfully created attachment [Screenshot - 1647754494038_f12_ValidateElementExists_failed] @20-03-2022 05:34:54.0112 A
[ReportManager] Successfully Closed All Drivers. @20-03-2022 05:34:54.0364 A
[ReportManager] File Action [GetAbsolutePath] successfully performed. With the following test data [Relative Folder Path: "target/downloadedFiles/"]. @20-03-2022 05:34:54.0366 AM
[ReportManager] Attempting to run locally on: [Mac-64], [Safari], Headless Execution. @20-03-2022 05:34:54.0366 AM
[ReportManager] An Exception Occured with this Message: Could not start a new session. Possible causes are invalid address of the remote server or browser start-up failure.. @20-03-2022 05:34:54.0429 AM
[ReportManager] Successfully created attachment [Exception Stack Trace - org.openqa.selenium.SessionNotCreatedException] @20-03-2022 05:34:54.0430 AM
[ReportManager] Driver Factory Action [createNewLocalDriverInstanceForSafari] failed. With the following test data [Failed to create a session on DESKTOP_SAFARI]. @20-03-2022 05:34:54.0430 A

################################################################################################################################################
Starting Execution:	[97 out of 165] test cases in the current suite
Test Method:		[testPackage01.Test_NewValidationHelper.f13]
###############################################################################################################################################



################################################################################################################################################
Starting Execution:	[98 out of 165] test cases in the current suite
Test Method:		[testPackage01.Test_NewValidationHelper.f14]
###############################################################################################################################################



################################################################################################################################################
Starting Execution:	[99 out of 165] test cases in the current suite
Test Method:		[testPackage01.Test_NewValidationHelper.f15]
###############################################################################################################################################



################################################################################################################################################
Starting Execution:	[100 out of 165] test cases in the current suite
Test Method:		[testPackage01.Test_NewValidationHelper.f16]
###############################################################################################################################################



################################################################################################################################################
Starting Execution:	[101 out of 165] test cases in the current suite
Test Method:		[testPackage01.Test_NewValidationHelper.f17]
###############################################################################################################################################



################################################################################################################################################
Starting Execution:	[102 out of 165] test cases in the current suite
Test Method:		[testPackage01.Test_NewValidationHelper.f18]
###############################################################################################################################################


################################################################################################################################################
Starting Execution:	[103 out of 165] test cases in the current suite
Test Method:		[testPackage01.Test_NewValidationHelper.f2]
###############################################################################################################################################


################################################################################################################################################
Starting Execution:	[104 out of 165] test cases in the current suite
Test Method:		[testPackage01.Test_NewValidationHelper.f20]
###############################################################################################################################################



################################################################################################################################################
Starting Execution:	[105 out of 165] test cases in the current suite
Test Method:		[testPackage01.Test_NewValidationHelper.f21]
###############################################################################################################################################



################################################################################################################################################
Starting Execution:	[106 out of 165] test cases in the current suite
Test Method:		[testPackage01.Test_NewValidationHelper.f22]
###############################################################################################################################################


################################################################################################################################################
Starting Execution:	[107 out of 165] test cases in the current suite
Test Method:		[testPackage01.Test_NewValidationHelper.f23]
###############################################################################################################################################

################################################################################################################################################
Starting Execution:	[108 out of 165] test cases in the current suite
Test Method:		[testPackage01.Test_NewValidationHelper.f24]
###############################################################################################################################################

################################################################################################################################################
Starting Execution:	[109 out of 165] test cases in the current suite
Test Method:		[testPackage01.Test_NewValidationHelper.f25]
###############################################################################################################################################

################################################################################################################################################
Starting Execution:	[110 out of 165] test cases in the current suite
Test Method:		[testPackage01.Test_NewValidationHelper.f26]
###############################################################################################################################################

################################################################################################################################################
Starting Execution:	[111 out of 165] test cases in the current suite
Test Method:		[testPackage01.Test_NewValidationHelper.f27]
###############################################################################################################################################

################################################################################################################################################
Starting Execution:	[112 out of 165] test cases in the current suite
Test Method:		[testPackage01.Test_NewValidationHelper.f28]
###############################################################################################################################################

################################################################################################################################################
Starting Execution:	[113 out of 165] test cases in the current suite
Test Method:		[testPackage01.Test_NewValidationHelper.f29]
###############################################################################################################################################

################################################################################################################################################
Starting Execution:	[114 out of 165] test cases in the current suite
Test Method:		[testPackage01.Test_NewValidationHelper.f3]
###############################################################################################################################################

################################################################################################################################################
Starting Execution:	[115 out of 165] test cases in the current suite
Test Method:		[testPackage01.Test_NewValidationHelper.f30]
###############################################################################################################################################

################################################################################################################################################
Starting Execution:	[116 out of 165] test cases in the current suite
Test Method:		[testPackage01.Test_NewValidationHelper.f31]
###############################################################################################################################################

################################################################################################################################################
Starting Execution:	[117 out of 165] test cases in the current suite
Test Method:		[testPackage01.Test_NewValidationHelper.f32]
###############################################################################################################################################

################################################################################################################################################
Starting Execution:	[118 out of 165] test cases in the current suite
Test Method:		[testPackage01.Test_NewValidationHelper.f33]
###############################################################################################################################################

################################################################################################################################################
Starting Execution:	[119 out of 165] test cases in the current suite
Test Method:		[testPackage01.Test_NewValidationHelper.f34]
###############################################################################################################################################

################################################################################################################################################
Starting Execution:	[120 out of 165] test cases in the current suite
Test Method:		[testPackage01.Test_NewValidationHelper.f35]
###############################################################################################################################################

################################################################################################################################################
Starting Execution:	[121 out of 165] test cases in the current suite
Test Method:		[testPackage01.Test_NewValidationHelper.f36]
###############################################################################################################################################

################################################################################################################################################
Starting Execution:	[122 out of 165] test cases in the current suite
Test Method:		[testPackage01.Test_NewValidationHelper.f37]
###############################################################################################################################################

################################################################################################################################################
Starting Execution:	[123 out of 165] test cases in the current suite
Test Method:		[testPackage01.Test_NewValidationHelper.f3_1]
###############################################################################################################################################

################################################################################################################################################
Starting Execution:	[124 out of 165] test cases in the current suite
Test Method:		[testPackage01.Test_NewValidationHelper.f4]
###############################################################################################################################################

################################################################################################################################################
Starting Execution:	[125 out of 165] test cases in the current suite
Test Method:		[testPackage01.Test_NewValidationHelper.f5]
###############################################################################################################################################

################################################################################################################################################
Starting Execution:	[126 out of 165] test cases in the current suite
Test Method:		[testPackage01.Test_NewValidationHelper.f6]
###############################################################################################################################################

################################################################################################################################################
Starting Execution:	[127 out of 165] test cases in the current suite
Test Method:		[testPackage01.Test_NewValidationHelper.f6_1]
###############################################################################################################################################

################################################################################################################################################
Starting Execution:	[128 out of 165] test cases in the current suite
Test Method:		[testPackage01.Test_NewValidationHelper.f6_2]
###############################################################################################################################################

################################################################################################################################################
Starting Execution:	[129 out of 165] test cases in the current suite
Test Method:		[testPackage01.Test_NewValidationHelper.f7]
###############################################################################################################################################


################################################################################################################################################
Starting Execution:	[130 out of 165] test cases in the current suite
Test Method:		[testPackage01.Test_NewValidationHelper.f8]
###############################################################################################################################################



################################################################################################################################################
Starting Execution:	[131 out of 165] test cases in the current suite
Test Method:		[testPackage01.Test_NewValidationHelper.f9]
###############################################################################################################################################


################################################################################################################################################
Starting Execution:	[132 out of 165] test cases in the current suite
Test Method:		[testPackage01.Test_NewValidationHelper.forceFail]
###############################################################################################################################################

################################################################################################################################################
Starting Execution:	[133 out of 165] test cases in the current suite
Test Method:		[testPackage01.Test_NewValidationHelper.forceFail2]
###############################################################################################################################################

################################################################################################################################################
Starting Execution:	[134 out of 165] test cases in the current suite
Test Method:		[testPackage01.Test_JsonActions.f]
###############################################################################################################################################

################################################################################################################################################
Starting Execution:	[135 out of 165] test cases in the current suite
Test Method:		[testPackage01.Test_JsonActions.f2]
###############################################################################################################################################

################################################################################################################################################
Starting Execution:	[136 out of 165] test cases in the current suite
Test Method:		[testPackage01.Test_sendGraphqlRequest.sendGraphqlRequestUsingMutationAndVariables]
################################################################################################################################################
[ReportManager] GraphQl Request is being Performed with the Following Parameters [Service URL: https://api.spacex.land/graphql | Request Body: {"variables":"{\"name\": \"sherlock holmes\",\"rocket\": \"221B Baker Street\"}","query":"mutation ($name: String, $rocket: String) {\n  insert_users(objects: {name: $name, rocket: $rocket}) {\n    returning {\n      name\n      rocket\n    }\n  }\n}"}] @20-03-2022 05:34:54.0951 AM
[ReportManager] Response status code: [200], status line: [HTTP/1.1 200 OK] @20-03-2022 05:34:55.0384 AM
[ReportManager] Assertion Passed: Evaluating the actual response status code against the expected one... @20-03-2022 05:34:55.0384 AM
[ReportManager] Assertion [ValidateComparativeRelation] PASSED. Expected [200] and Actual [200]. Comparison Type [EQUALS]. Validation Type [POSITIVE]. @20-03-2022 05:34:55.0385 AM
[ReportManager] API Action [PerformRequest] successfully performed. With the following test data [Request Type: "POST" | Target Status Code: "200" | Service URL: "https://api.spacex.land/graphql" | Content Type: "application/json" | Response Time: "323ms"]. @20-03-2022 05:34:55.0517 AM
[ReportManager] Successfully created attachment [API Request - Specifications] @20-03-2022 05:34:55.0519 AM
[ReportManager] Successfully created attachment [API Request - JSON Body] @20-03-2022 05:34:55.0520 AM
[ReportManager] Successfully created attachment [API Response - JSON Body] @20-03-2022 05:34:55.0520 AM
[ReportManager] API Action [GetResponseJSONValue] successfully performed. With the following test data [data.insert_users.returning[0].name]. @20-03-2022 05:34:55.0785 AM
[ReportManager] Assertion [ValidateEquals] PASSED. Expected [sherlock holmes] and Actual [sherlock holmes]. Comparison Type [EQUALS]. Validation Type [POSITIVE]. @20-03-2022 05:34:55.0785 A

################################################################################################################################################
Starting Execution:	[137 out of 165] test cases in the current suite
Test Method:		[testPackage01.Test_sendGraphqlRequest.sendGraphqlRequestUsingQuery]
################################################################################################################################################
[ReportManager] GraphQl Request is being Performed with the Following Parameters [Service URL: https://api.spacex.land/graphql | Request Body: {"query":"{company {ceo}}"}] @20-03-2022 05:34:55.0793 AM
[ReportManager] Response status code: [200], status line: [HTTP/1.1 200 OK] @20-03-2022 05:34:55.0918 AM
[ReportManager] Assertion Passed: Evaluating the actual response status code against the expected one... @20-03-2022 05:34:55.0919 AM
[ReportManager] Assertion [ValidateComparativeRelation] PASSED. Expected [200] and Actual [200]. Comparison Type [EQUALS]. Validation Type [POSITIVE]. @20-03-2022 05:34:55.0919 AM
[ReportManager] API Action [PerformRequest] successfully performed. With the following test data [Request Type: "POST" | Target Status Code: "200" | Service URL: "https://api.spacex.land/graphql" | Content Type: "application/json" | Response Time: "120ms"]. @20-03-2022 05:34:55.0932 AM
[ReportManager] Successfully created attachment [API Request - Specifications] @20-03-2022 05:34:55.0933 AM
[ReportManager] Successfully created attachment [API Request - JSON Body] @20-03-2022 05:34:55.0933 AM
[ReportManager] Successfully created attachment [API Response - JSON Body] @20-03-2022 05:34:55.0975 AM
[ReportManager] API Action [GetResponseJSONValue] successfully performed. With the following test data [data.company.ceo]. @20-03-2022 05:34:55.0988 AM
[ReportManager] Assertion [ValidateEquals] PASSED. Expected [Elon Musk] and Actual [Elon Musk]. Comparison Type [EQUALS]. Validation Type [POSITIVE]. @20-03-2022 05:34:55.0988 A

################################################################################################################################################
Starting Execution:	[138 out of 165] test cases in the current suite
Test Method:		[testPackage01.Test_MatchJsonSchema.checkAPI_ResponseSchema]
################################################################################################################################################
[ReportManager] Response status code: [200], status line: [HTTP/1.1 200 OK] @20-03-2022 05:34:56.0069 AM
[ReportManager] Assertion Passed: Evaluating the actual response status code against the expected one... @20-03-2022 05:34:56.0070 AM
[ReportManager] Assertion [ValidateComparativeRelation] PASSED. Expected [200] and Actual [200]. Comparison Type [EQUALS]. Validation Type [POSITIVE]. @20-03-2022 05:34:56.0070 AM
[ReportManager] API Action [PerformRequest] successfully performed. With the following test data [Request Type: "GET" | Target Status Code: "200" | Service URL: "http://api.zippopotam.us/us/90210" | Content Type: "*/*" | Response Time: "71ms"]. @20-03-2022 05:34:56.0084 AM
[ReportManager] Successfully created attachment [API Request - Specifications] @20-03-2022 05:34:56.0085 AM
[ReportManager] Successfully created attachment [API Response - JSON Body] @20-03-2022 05:34:56.0085 AM
[ReportManager] File Action [GetAbsolutePath] successfully performed. With the following test data [Relative Folder Path: "src/test/resources/testDataFiles/schema.json"]. @20-03-2022 05:34:56.0086 AM
[ReportManager] File Action [GetAbsolutePath] successfully performed. With the following test data [Relative Folder Path: "/Users/runner/work/SHAFT_ENGINE/SHAFT_ENGINE/src/test/resources/testDataFiles/schema.json"]. @20-03-2022 05:34:56.0971 AM
[ReportManager] File Action [ReadFromFile] successfully performed. With the following test data [File Path: "/Users/runner/work/SHAFT_ENGINE/SHAFT_ENGINE/src/test/resources/testDataFiles/schema.json"]. @20-03-2022 05:34:56.0971 AM
[ReportManager] Assertion Passed: Then I Assert that the API response schema matches that in this file [src/test/resources/testDataFiles/schema.json]. @20-03-2022 05:34:56.0973 AM
[ReportManager] Successfully created attachment [Validation Test Data - Expected JSON Value] @20-03-2022 05:34:56.0976 AM
[ReportManager] Successfully created attachment [Validation Test Data - Actual JSON Value] @20-03-2022 05:34:56.0977 AM
[ReportManager] Assertion [ValidateResponseFileSchema] PASSED. Expected [Response data should match the JSON File in this path '/Users/runner/work/SHAFT_ENGINE/SHAFT_ENGINE/src/test/resources/testDataFiles/schema.json'] and Actual [TRUE]. Comparison Type [EQUALS]. Validation Type [POSITIVE]. @20-03-2022 05:34:56.0977 A
[ReportManager] File Action [GetAbsolutePath] successfully performed. With the following test data [Relative Folder Path: "target/downloadedFiles/"]. @20-03-2022 05:34:56.0979 AM
[ReportManager] Attempting to run locally on: [Mac-64], [Safari], Headless Execution. @20-03-2022 05:34:56.0980 AM
[ReportManager] Successfully Opened Safari. @20-03-2022 05:34:57.0809 AM
[ReportManager] Initial window size: (800, 600) @20-03-2022 05:34:57.0832 AM
[ReportManager] Window size after SWD Maximize: (1176, 803) @20-03-2022 05:34:57.0846 AM
[ReportManager] Browser Action [MaximizeWindow] successfully performed. With the following test data [New screen size is now: (1176, 803)]. @20-03-2022 05:34:57.0847 A

################################################################################################################################################
Starting Execution:	[139 out of 165] test cases in the current suite
Test Method:		[testPackage01.Test_dragAndDrop.dragAndDropJquery]
################################################################################################################################################
[ReportManager] Target URL: [https://jqueryui.com/resources/demos/droppable/default.html] @20-03-2022 05:34:57.0850 AM
[ReportManager] Initial URL: [] @20-03-2022 05:34:57.0906 AM
[ReportManager] Browser Action [NavigateToURL] successfully performed. With the following test data [https://jqueryui.com/resources/demos/droppable/default.html]. @20-03-2022 05:34:58.0267 AM
[ReportManager] Element Action [GetText] successfully performed. With the following test data [
	Drop here
]. @20-03-2022 05:34:58.0323 AM
[ReportManager] Element Action [DragAndDrop] successfully performed. With the following test data [Start point: (8, 18), End point: (8, 18)]. @20-03-2022 05:34:59.0386 AM
[ReportManager] Element Action [GetText] successfully performed. With the following test data [
	Dropped!
]. @20-03-2022 05:34:59.0421 AM
[ReportManager] Assertion Passed: Checking to see if the text has changed after performing drag and drop @20-03-2022 05:34:59.0421 AM
[ReportManager] Assertion [ValidateEquals] PASSED. Expected [
	Drop here
] and Actual [
	Dropped!
]. Comparison Type [EQUALS]. Validation Type [NEGATIVE]. @20-03-2022 05:34:59.0421 A
[ReportManager] Browser Action [CloseCurrentWindow] successfully performed. @20-03-2022 05:34:59.0858 AM
[ReportManager] Successfully created attachment [Browser Action Test Data - CloseCurrentWindow - Actual Value] @20-03-2022 05:34:59.0858 A
[ReportManager] File Action [GetAbsolutePath] successfully performed. With the following test data [Relative Folder Path: "target/downloadedFiles/"]. @20-03-2022 05:34:59.0860 AM
[ReportManager] Attempting to run locally on: [Mac-64], [Safari], Headless Execution. @20-03-2022 05:34:59.0861 AM
[ReportManager] Successfully Opened Safari. @20-03-2022 05:35:00.0737 AM
[ReportManager] Initial window size: (800, 600) @20-03-2022 05:35:00.0778 AM
[ReportManager] Window size after SWD Maximize: (1176, 803) @20-03-2022 05:35:00.0806 AM
[ReportManager] Browser Action [MaximizeWindow] successfully performed. With the following test data [New screen size is now: (1176, 803)]. @20-03-2022 05:35:00.0806 A

################################################################################################################################################
Starting Execution:	[140 out of 165] test cases in the current suite
Test Method:		[testPackage01.Test_dragAndDrop.dragAndDrop]
Test Description:	[TC001 - Test Drag and Drop function.]
################################################################################################################################################
[ReportManager] Target URL: [http://the-internet.herokuapp.com/drag_and_drop] @20-03-2022 05:35:00.0810 AM
[ReportManager] Initial URL: [] @20-03-2022 05:35:00.0859 AM
[ReportManager] Browser Action [NavigateToURL] successfully performed. With the following test data [http://the-internet.herokuapp.com/drag_and_drop]. @20-03-2022 05:35:01.0254 AM
[ReportManager] Attempting Drag and Drop @20-03-2022 05:35:01.0254 AM
[ReportManager] Element Action [DragAndDrop] successfully performed. With the following test data [Start point: (120, 89), End point: (335, 89)]. @20-03-2022 05:35:01.0924 A
[ReportManager] Browser Action [CloseCurrentWindow] successfully performed. @20-03-2022 05:35:02.0055 AM
[ReportManager] Successfully created attachment [Browser Action Test Data - CloseCurrentWindow - Actual Value] @20-03-2022 05:35:02.0056 A
[ReportManager] File Action [GetAbsolutePath] successfully performed. With the following test data [Relative Folder Path: "target/downloadedFiles/"]. @20-03-2022 05:35:02.0059 AM
[ReportManager] Attempting to run locally on: [Mac-64], [Safari], Headless Execution. @20-03-2022 05:35:02.0059 AM
[ReportManager] Successfully Opened Safari. @20-03-2022 05:35:02.0888 AM
[ReportManager] Initial window size: (800, 600) @20-03-2022 05:35:02.0909 AM
[ReportManager] Window size after SWD Maximize: (1176, 803) @20-03-2022 05:35:02.0941 AM
[ReportManager] Browser Action [MaximizeWindow] successfully performed. With the following test data [New screen size is now: (1176, 803)]. @20-03-2022 05:35:02.0941 A

################################################################################################################################################
Starting Execution:	[141 out of 165] test cases in the current suite
Test Method:		[testPackage01.Test_dragAndDrop.dragAndDropByOffset]
Test Description:	[TC002 - Test Drag and Drop by offset function.]
################################################################################################################################################
[ReportManager] Target URL: [https://jqueryui.com/resources/demos/draggable/default.html] @20-03-2022 05:35:02.0944 AM
[ReportManager] Initial URL: [] @20-03-2022 05:35:03.0014 AM
[ReportManager] Browser Action [NavigateToURL] successfully performed. With the following test data [https://jqueryui.com/resources/demos/draggable/default.html]. @20-03-2022 05:35:03.0356 AM
[ReportManager] Element Action [DragAndDropByOffset] successfully performed. With the following test data [Start point: (8, 8), End point: (108, 58)]. @20-03-2022 05:35:04.0163 A
[ReportManager] Browser Action [CloseCurrentWindow] successfully performed. @20-03-2022 05:35:04.0552 AM
[ReportManager] Successfully created attachment [Browser Action Test Data - CloseCurrentWindow - Actual Value] @20-03-2022 05:35:04.0553 A
[ReportManager] Successfully loaded the following test data file [src/test/resources/testDataFiles/testSuite01/TestData.xlsx]. @20-03-2022 05:35:04.0583 AM
[ReportManager] Successfully created attachment [Test Data - Excel] @20-03-2022 05:35:04.0584 AM
[ReportManager] File Action [GetAbsolutePath] successfully performed. With the following test data [Relative Folder Path: "target/downloadedFiles/"]. @20-03-2022 05:35:04.0584 AM
[ReportManager] Attempting to run locally on: [Mac-64], [Safari], Headless Execution. @20-03-2022 05:35:04.0584 AM
[ReportManager] Successfully Opened Safari. @20-03-2022 05:35:05.0441 AM
[ReportManager] Initial window size: (800, 600) @20-03-2022 05:35:05.0448 AM
[ReportManager] Window size after SWD Maximize: (1176, 803) @20-03-2022 05:35:05.0464 AM
[ReportManager] Browser Action [MaximizeWindow] successfully performed. With the following test data [New screen size is now: (1176, 803)]. @20-03-2022 05:35:05.0464 A

################################################################################################################################################
Starting Execution:	[142 out of 165] test cases in the current suite
Test Method:		[testPackage01.Test_google.navigateToURLandVerifyGoogleLogoIsDisplayed]
Test Description:	[TC001 - Navigate to URL and Verify Google Logo is Displayed]
################################################################################################################################################
[ReportManager] Target URL: [https://www.google.com/ncr], and after redirection: [https://www.google.com] @20-03-2022 05:35:05.0467 AM
[ReportManager] Initial URL: [] @20-03-2022 05:35:05.0543 AM
[ReportManager] Browser Action [NavigateToURL] successfully performed. With the following test data [https://www.google.com/ncr]. @20-03-2022 05:35:06.0505 AM
[ReportManager] Assertion Failed: Then I Assert that the element found by [By.xpath: //*[@id='hplogo' or @alt='Google']] exists. @20-03-2022 05:35:06.0721 AM
[ReportManager] Successfully created attachment [Screenshot - 1647754506643_navigateToURLandVerifyGoogleLogoIsDisplayed_ValidateElementExists_failed] @20-03-2022 05:35:06.0724 AM
[ReportManager] Assertion [ValidateElementExists] FAILED. Expected [Element Should Exist, locator 'By.xpath: //*[@id='hplogo' or @alt='Google']'] and Actual [Element Exists but is not unique]. Comparison Type [EQUALS]. Validation Type [POSITIVE]. @20-03-2022 05:35:06.0724 A

################################################################################################################################################
Starting Execution:	[143 out of 165] test cases in the current suite
Test Method:		[testPackage01.Test_google.searchForQueryandAssertResultsNumDisplayed]
Test Description:	[TC002 - Search for Query and Assert that the number of results is displayed]
###############################################################################################################################################

################################################################################################################################################
Starting Execution:	[144 out of 165] test cases in the current suite
Test Method:		[testPackage01.Test_google.clickNextThrice]
Test Description:	[TC003 - Clicks the next button to make sure that the framework can scroll element into view before clicking it]
###############################################################################################################################################
[ReportManager] Successfully Closed All Drivers. @20-03-2022 05:35:06.0998 A
[ReportManager] File Action [GetAbsolutePath] successfully performed. With the following test data [Relative Folder Path: "target/downloadedFiles/"]. @20-03-2022 05:35:07.0000 AM
[ReportManager] Attempting to run locally on: [Mac-64], [Safari], Headless Execution. @20-03-2022 05:35:07.0000 AM
[ReportManager] Successfully Opened Safari. @20-03-2022 05:35:07.0820 AM
[ReportManager] Initial window size: (800, 600) @20-03-2022 05:35:07.0845 AM
[ReportManager] Window size after SWD Maximize: (1176, 803) @20-03-2022 05:35:07.0860 AM
[ReportManager] Browser Action [MaximizeWindow] successfully performed. With the following test data [New screen size is now: (1176, 803)]. @20-03-2022 05:35:07.0860 A

################################################################################################################################################
Starting Execution:	[145 out of 165] test cases in the current suite
Test Method:		[testPackage01.Test_chainableElementActions.chainElementActions]
################################################################################################################################################
[ReportManager] Target URL: [https://www.google.com/ncr], and after redirection: [https://www.google.com] @20-03-2022 05:35:07.0863 AM
[ReportManager] Initial URL: [] @20-03-2022 05:35:07.0932 AM
[ReportManager] Browser Action [NavigateToURL] successfully performed. With the following test data [https://www.google.com/ncr]. @20-03-2022 05:35:08.0904 AM
[ReportManager] Element Action [Type] successfully performed. With the following test data [chained type 1]. @20-03-2022 05:35:09.0438 AM
[ReportManager] Element Action [Type] successfully performed. With the following test data [chained type 2]. @20-03-2022 05:35:09.0742 AM
[ReportManager] Element Action [TypeAppend] successfully performed. With the following test data [345]. @20-03-2022 05:35:09.0840 AM
[ReportManager] Element Action [GetText] successfully performed. With the following test data [chained type 2]. @20-03-2022 05:35:09.0889 AM
[ReportManager] Assertion Failed: Then I Assert that the element found by [By.name: q] text is equal to [chained type 2345]. @20-03-2022 05:35:10.0073 AM
[ReportManager] Successfully created attachment [Screenshot - 1647754509996_chainElementActions_ValidateElementAttribute_failed] @20-03-2022 05:35:10.0074 AM
[ReportManager] Assertion [ValidateElementAttribute] FAILED. Expected [Value Should be 'chained type 2345' for the 'text' attribute, element locator 'By.name: q'] and Actual [chained type 2]. Comparison Type [EQUALS]. Validation Type [POSITIVE]. @20-03-2022 05:35:10.0074 A
[ReportManager] Successfully Closed All Drivers. @20-03-2022 05:35:10.0333 A
[ReportManager] File Action [GetAbsolutePath] successfully performed. With the following test data [Relative Folder Path: "target/downloadedFiles/"]. @20-03-2022 05:35:10.0335 AM
[ReportManager] Attempting to run locally on: [Mac-64], [Safari], Headless Execution. @20-03-2022 05:35:10.0335 AM
[ReportManager] Successfully Opened Safari. @20-03-2022 05:35:11.0191 AM
[ReportManager] Initial window size: (800, 600) @20-03-2022 05:35:11.0211 AM
[ReportManager] Window size after SWD Maximize: (1176, 803) @20-03-2022 05:35:11.0241 AM
[ReportManager] Browser Action [MaximizeWindow] successfully performed. With the following test data [New screen size is now: (1176, 803)]. @20-03-2022 05:35:11.0242 A

################################################################################################################################################
Starting Execution:	[146 out of 165] test cases in the current suite
Test Method:		[testPackage01.Test_RelativeLocators.relativeLocatorsTest1]
################################################################################################################################################
[ReportManager] Target URL: [https://duckduckgo.com/] @20-03-2022 05:35:11.0253 AM
[ReportManager] Initial URL: [] @20-03-2022 05:35:11.0293 AM
[ReportManager] Browser Action [NavigateToURL] successfully performed. With the following test data [https://duckduckgo.com/]. @20-03-2022 05:35:12.0076 AM
[ReportManager] Element Action [Type] successfully performed. With the following test data [SHAFT_Engine]. @20-03-2022 05:35:12.0364 AM
[ReportManager] Element Action [KeyPress] successfully performed. With the following test data [ENTER]. @20-03-2022 05:35:12.0437 AM
[ReportManager] Element Action [GetText] successfully performed. With the following test data [Shaft Engine - up to 75% OFF - Lowest price on Shaft Engine.]. @20-03-2022 05:35:13.0679 AM
[ReportManager] Assertion Passed: Then I Assert that the element found by [Relative Locator: {root={xpath=//a[@class='result__a js-result-title-link']}, filters=[{kind=below, args=[{xpath=//input[@name='q']}]}]}] text does not equal []. @20-03-2022 05:35:13.0949 AM
[ReportManager] Successfully created attachment [Screenshot - 1647754513861_relativeLocatorsTest1_ValidateElementAttribute_passed] @20-03-2022 05:35:13.0951 AM
[ReportManager] Assertion [ValidateElementAttribute] PASSED. Expected [Value Should not be '' for the 'text' attribute, element locator '[unknown locator]'] and Actual [Shaft Engine - up to 75% OFF - Lowest price on Shaft Engine.]. Comparison Type [EQUALS]. Validation Type [NEGATIVE]. @20-03-2022 05:35:13.0951 A
[ReportManager] Browser Action [CloseCurrentWindow] successfully performed. @20-03-2022 05:35:14.0285 AM
[ReportManager] Successfully created attachment [Browser Action Test Data - CloseCurrentWindow - Actual Value] @20-03-2022 05:35:14.0286 A

################################################################################################################################################
Starting Execution:	[147 out of 165] test cases in the current suite
Test Method:		[testPackage01.Test_JsonCompareWithSpecialCharacters.specialCharacters]
################################################################################################################################################
[ReportManager] File Action [GetAbsolutePath] successfully performed. With the following test data [Relative Folder Path: "src/test/resources/testDataFiles/specialCharacters.json"]. @20-03-2022 05:35:14.0293 AM
[ReportManager] File Action [ReadFromFile] successfully performed. With the following test data [File Path: "/Users/runner/work/SHAFT_ENGINE/SHAFT_ENGINE/src/test/resources/testDataFiles/specialCharacters.json"]. @20-03-2022 05:35:14.0293 AM
[ReportManager] Successfully created attachment [File Action Actual Result - Command Log] @20-03-2022 05:35:14.0294 AM
[ReportManager] Comparing the provided API response with the file at this path "src/test/resources/testDataFiles/specialCharacters.json", comparison type "EQUALS" @20-03-2022 05:35:14.0296 AM
[ReportManager] API Action [CompareJSON] successfully performed. With the following test data [src/test/resources/testDataFiles/specialCharacters.json]. @20-03-2022 05:35:14.0303 AM
[ReportManager] File Action [GetAbsolutePath] successfully performed. With the following test data [Relative Folder Path: "src/test/resources/testDataFiles/specialCharacters.json"]. @20-03-2022 05:35:14.0304 AM
[ReportManager] File Action [ReadFromFile] successfully performed. With the following test data [File Path: "/Users/runner/work/SHAFT_ENGINE/SHAFT_ENGINE/src/test/resources/testDataFiles/specialCharacters.json"]. @20-03-2022 05:35:14.0304 AM
[ReportManager] Verification [ValidateJSONFileContent] PASSED. Expected [Response data should match the JSON File in this path 'src/test/resources/testDataFiles/specialCharacters.json'] and Actual [TRUE]. Comparison Type [EQUALS]. Validation Type [POSITIVE]. @20-03-2022 05:35:14.0309 AM
[ReportManager] Successfully created attachment [Validation Test Data - Expected JSON Value] @20-03-2022 05:35:14.0310 AM
[ReportManager] Successfully created attachment [Validation Test Data - Actual JSON Value] @20-03-2022 05:35:14.0310 A

################################################################################################################################################
Starting Execution:	[148 out of 165] test cases in the current suite
Test Method:		[testPackage01.Test_JsonCompareWithSpecialCharacters.specialCharacters_assertion]
################################################################################################################################################
[ReportManager] File Action [GetAbsolutePath] successfully performed. With the following test data [Relative Folder Path: "src/test/resources/testDataFiles/specialCharacters.json"]. @20-03-2022 05:35:14.0314 AM
[ReportManager] File Action [ReadFromFile] successfully performed. With the following test data [File Path: "/Users/runner/work/SHAFT_ENGINE/SHAFT_ENGINE/src/test/resources/testDataFiles/specialCharacters.json"]. @20-03-2022 05:35:14.0315 AM
[ReportManager] Successfully created attachment [File Action Actual Result - Command Log] @20-03-2022 05:35:14.0315 AM
[ReportManager] Comparing the provided API response with the file at this path "src/test/resources/testDataFiles/specialCharacters.json", comparison type "CONTAINS" @20-03-2022 05:35:14.0316 AM
[ReportManager] API Action [CompareJSON] successfully performed. With the following test data [src/test/resources/testDataFiles/specialCharacters.json]. @20-03-2022 05:35:14.0325 AM
[ReportManager] File Action [GetAbsolutePath] successfully performed. With the following test data [Relative Folder Path: "src/test/resources/testDataFiles/specialCharacters.json"]. @20-03-2022 05:35:14.0325 AM
[ReportManager] File Action [ReadFromFile] successfully performed. With the following test data [File Path: "/Users/runner/work/SHAFT_ENGINE/SHAFT_ENGINE/src/test/resources/testDataFiles/specialCharacters.json"]. @20-03-2022 05:35:14.0326 AM
[ReportManager] Assertion Passed: trying out the log message @20-03-2022 05:35:14.0330 AM
[ReportManager] Successfully created attachment [Validation Test Data - Expected JSON Value] @20-03-2022 05:35:14.0331 AM
[ReportManager] Successfully created attachment [Validation Test Data - Actual JSON Value] @20-03-2022 05:35:14.0331 AM
[ReportManager] Assertion [ValidateJSONFileContent] PASSED. Expected [Response data should match the JSON File in this path 'src/test/resources/testDataFiles/specialCharacters.json'] and Actual [TRUE]. Comparison Type [CONTAINS]. Validation Type [POSITIVE]. @20-03-2022 05:35:14.0331 A

################################################################################################################################################
Starting Execution:	[149 out of 165] test cases in the current suite
Test Method:		[testPackage01.Test_SkipDueToIssue.doNotSkip]
################################################################################################################################################
[ReportManager] This should not be skipped. @20-03-2022 05:35:14.0335 A

################################################################################################################################################
Starting Execution:	[150 out of 165] test cases in the current suite
Test Method:		[testPackage01.Test_SkipDueToIssue.skip]
################################################################################################################################################
[ReportManager] This should be skipped. @20-03-2022 05:35:14.0342 A

################################################################################################################################################
Starting Execution:	[151 out of 165] test cases in the current suite
Test Method:		[testPackage01.Test_SkipDueToIssue.skip2]
################################################################################################################################################
[ReportManager] This should be skipped. @20-03-2022 05:35:14.0348 A

################################################################################################################################################
Starting Execution:	[152 out of 165] test cases in the current suite
Test Method:		[testPackage01.Test_JSONFileManager.readStringFromJson]
################################################################################################################################################
[ReportManager] File Action [GetAbsolutePath] successfully performed. With the following test data [Relative Folder Path: "src/test/resources/testDataFiles/simpleJSON.json"]. @20-03-2022 05:35:14.0355 AM
[ReportManager] Successfully loaded the following test data file [src/test/resources/testDataFiles/simpleJSON.json]. @20-03-2022 05:35:14.0355 AM
[ReportManager] Successfully created attachment [Test Data - JSON] @20-03-2022 05:35:14.0358 AM
[ReportManager] File Action [GetAbsolutePath] successfully performed. With the following test data [Relative Folder Path: "src/test/resources/testDataFiles/simpleJSON.json"]. @20-03-2022 05:35:14.0359 AM
[ReportManager] Assertion [ValidateEquals] PASSED. Expected [Mohab Mohie] and Actual [Mohab Mohie]. Comparison Type [EQUALS]. Validation Type [POSITIVE]. @20-03-2022 05:35:14.0373 A
[ReportManager] File Action [GetAbsolutePath] successfully performed. With the following test data [Relative Folder Path: "target/downloadedFiles/"]. @20-03-2022 05:35:14.0376 AM
[ReportManager] Attempting to run locally on: [Mac-64], [Safari], Headless Execution. @20-03-2022 05:35:14.0376 AM
[ReportManager] Successfully Opened Safari. @20-03-2022 05:35:15.0223 AM
[ReportManager] Initial window size: (800, 600) @20-03-2022 05:35:15.0241 AM
[ReportManager] Window size after SWD Maximize: (1176, 803) @20-03-2022 05:35:15.0272 AM
[ReportManager] Browser Action [MaximizeWindow] successfully performed. With the following test data [New screen size is now: (1176, 803)]. @20-03-2022 05:35:15.0272 A

################################################################################################################################################
Starting Execution:	[153 out of 165] test cases in the current suite
Test Method:		[testPackage01.Test_assertEquals.test_assertElementAttribute]
################################################################################################################################################
[ReportManager] Target URL: [https://www.google.com/ncr], and after redirection: [https://www.google.com] @20-03-2022 05:35:15.0275 AM
[ReportManager] Initial URL: [] @20-03-2022 05:35:15.0345 AM
[ReportManager] Browser Action [NavigateToURL] successfully performed. With the following test data [https://www.google.com/ncr]. @20-03-2022 05:35:16.0327 AM
[ReportManager] Element Action [Type] successfully performed. With the following test data [INC_004010050:Another SCHEDULER with the same name [Duplicate Job Name] already exists.]. @20-03-2022 05:35:17.0176 AM
[ReportManager] Element Action [GetText] successfully performed. With the following test data [INC_004010050:Another SCHEDULER with the same name [Duplicate Job Name] already exists.]. @20-03-2022 05:35:17.0233 AM
[ReportManager] Assertion [ValidateElementAttribute] PASSED. Expected [Value Should be 'INC_004010050:Another SCHEDULER with the same name \[Duplicate Job Name\] already exists.' for the 'text' attribute, element locator 'By.name: q'] and Actual [INC_004010050:Another SCHEDULER with the same name [Duplicate Job Name] already exists.]. Comparison Type [MATCHES]. Validation Type [POSITIVE]. @20-03-2022 05:35:17.0419 AM
[ReportManager] Successfully created attachment [Screenshot - 1647754517339_test_assertElementAttribute_ValidateElementAttribute_passed] @20-03-2022 05:35:17.0421 A
[ReportManager] Browser Action [CloseCurrentWindow] successfully performed. @20-03-2022 05:35:17.0813 AM
[ReportManager] Successfully created attachment [Browser Action Test Data - CloseCurrentWindow - Actual Value] @20-03-2022 05:35:17.0814 A
[ReportManager] File Action [GetAbsolutePath] successfully performed. With the following test data [Relative Folder Path: "target/downloadedFiles/"]. @20-03-2022 05:35:17.0816 AM
[ReportManager] Attempting to run locally on: [Mac-64], [Safari], Headless Execution. @20-03-2022 05:35:17.0816 AM
[ReportManager] Successfully Opened Safari. @20-03-2022 05:35:18.0668 AM
[ReportManager] Initial window size: (800, 600) @20-03-2022 05:35:18.0696 AM
[ReportManager] Window size after SWD Maximize: (1176, 803) @20-03-2022 05:35:18.0709 AM
[ReportManager] Browser Action [MaximizeWindow] successfully performed. With the following test data [New screen size is now: (1176, 803)]. @20-03-2022 05:35:18.0709 A

################################################################################################################################################
Starting Execution:	[154 out of 165] test cases in the current suite
Test Method:		[testPackage01.Test_IsElementClickable.testIsElementClickable]
################################################################################################################################################
[ReportManager] Target URL: [https://the-internet.herokuapp.com/] @20-03-2022 05:35:18.0712 AM
[ReportManager] Initial URL: [] @20-03-2022 05:35:18.0771 AM
[ReportManager] Browser Action [NavigateToURL] successfully performed. With the following test data [https://the-internet.herokuapp.com/]. @20-03-2022 05:35:19.0273 AM
[ReportManager] Element Action [IsElementClickable] successfully performed. @20-03-2022 05:35:19.0373 AM
[ReportManager] Assertion [ValidateTrue] PASSED. Expected [TRUE] and Actual [TRUE]. Validation Type [POSITIVE]. @20-03-2022 05:35:19.0374 A
[ReportManager] Browser Action [CloseCurrentWindow] successfully performed. @20-03-2022 05:35:19.0637 AM
[ReportManager] Successfully created attachment [Browser Action Test Data - CloseCurrentWindow - Actual Value] @20-03-2022 05:35:19.0638 A
[ReportManager] Successfully loaded the following test data file [src/test/resources/testDataFiles/testSuite01/TestData.xlsx]. @20-03-2022 05:35:19.0670 AM
[ReportManager] Successfully created attachment [Test Data - Excel] @20-03-2022 05:35:19.0671 AM
[ReportManager] Attempting to run using Playwright locally on: [Mac-64], [Safari], Headless Execution. @20-03-2022 05:35:42.0455 AM
[ReportManager] File Action [GetAbsolutePath] successfully performed. With the following test data [Relative Folder Path: "target/downloadedFiles/"]. @20-03-2022 05:35:42.0457 AM
[ReportManager] Initial window size: (1280, 720) @20-03-2022 05:35:46.0879 AM
[ReportManager] Window size after Toolkit: com.microsoft.playwright.options.ViewportSize@5e0ef8db @20-03-2022 05:35:46.0888 AM
[ReportManager] Browser Action [MaximizeWindow] successfully performed. With the following test data [New screen size is now: (1920, 1080)]. @20-03-2022 05:35:46.0889 A

################################################################################################################################################
Starting Execution:	[155 out of 165] test cases in the current suite
Test Method:		[testPackage01.Test_google_playwright.navigateToURLandVerifyGoogleLogoIsDisplayed]
Test Description:	[TC001 - Navigate to URL and Verify Google Logo is Displayed]
################################################################################################################################################
[ReportManager] Target URL: [https://www.google.com/ncr], and after redirection: [https://www.google.com] @20-03-2022 05:35:47.0159 AM
[ReportManager] Initial URL: [about:blank] @20-03-2022 05:35:47.0490 AM
[ReportManager] Browser Action [NavigateToURL] successfully performed. With the following test data [https://www.google.com/ncr]. @20-03-2022 05:35:49.0099 AM
[ReportManager] Assertion [ValidateElementExists] FAILED. Expected [Element Should Exist, locator 'xpath=//*[@id='hplogo' or @alt='Google']'] and Actual [Element Exists but is not unique]. Comparison Type [EQUALS]. Validation Type [POSITIVE]. @20-03-2022 05:35:49.0478 AM
[ReportManager] Successfully created attachment [Screenshot - 1647754549326_navigateToURLandVerifyGoogleLogoIsDisplayed_ValidateElementExists_failed] @20-03-2022 05:35:49.0480 A

################################################################################################################################################
Starting Execution:	[156 out of 165] test cases in the current suite
Test Method:		[testPackage01.Test_google_playwright.searchForQueryandAssertResultsNumDisplayed]
Test Description:	[TC002 - Search for Query and Assert that the number of results is displayed]
###############################################################################################################################################

################################################################################################################################################
Starting Execution:	[157 out of 165] test cases in the current suite
Test Method:		[testPackage01.Test_google_playwright.clickNextThrice]
Test Description:	[TC003 - Clicks the next button to make sure that the framework can scroll element into view before clicking it]
###############################################################################################################################################
[ReportManager] Failed to find video recording. @20-03-2022 05:35:49.0489 AM
[ReportManager] Successfully Closed PlayWright Driver. @20-03-2022 05:35:49.0527 A
[ReportManager] File Action [GetAbsolutePath] successfully performed. With the following test data [Relative Folder Path: "target/downloadedFiles/"]. @20-03-2022 05:35:49.0529 AM
[ReportManager] Attempting to run locally on: [Mac-64], [Safari], Headless Execution. @20-03-2022 05:35:49.0529 AM
[ReportManager] Successfully Opened Safari. @20-03-2022 05:35:50.0350 AM
[ReportManager] Initial window size: (800, 600) @20-03-2022 05:35:50.0379 AM
[ReportManager] Window size after SWD Maximize: (1176, 803) @20-03-2022 05:35:50.0394 AM
[ReportManager] Browser Action [MaximizeWindow] successfully performed. With the following test data [New screen size is now: (1176, 803)]. @20-03-2022 05:35:50.0394 A

################################################################################################################################################
Starting Execution:	[158 out of 165] test cases in the current suite
Test Method:		[testPackage01.Test_verifyEquals.test_assertElementAttribute]
################################################################################################################################################
[ReportManager] Target URL: [https://www.google.com/ncr], and after redirection: [https://www.google.com] @20-03-2022 05:35:50.0397 AM
[ReportManager] Initial URL: [] @20-03-2022 05:35:50.0475 AM
[ReportManager] Browser Action [NavigateToURL] successfully performed. With the following test data [https://www.google.com/ncr]. @20-03-2022 05:35:51.0383 AM
[ReportManager] Element Action [Type] successfully performed. With the following test data [INC_004010050:Another SCHEDULER with the same name [Duplicate Job Name] already exists.]. @20-03-2022 05:35:52.0224 AM
[ReportManager] Element Action [GetText] successfully performed. With the following test data [INC_004010050:Another SCHEDULER with the same name [Duplicate Job Name] already exists.]. @20-03-2022 05:35:52.0295 AM
[ReportManager] Verification [ValidateElementAttribute] PASSED. Expected [Value Should be 'INC_004010050:Another SCHEDULER with the same name \[Duplicate Job Name\] already exists.' for the 'text' attribute, element locator 'By.name: q'] and Actual [INC_004010050:Another SCHEDULER with the same name [Duplicate Job Name] already exists.]. Comparison Type [MATCHES]. Validation Type [POSITIVE]. @20-03-2022 05:35:52.0523 AM
[ReportManager] Successfully created attachment [Screenshot - 1647754552399_test_assertElementAttribute_ValidateElementAttribute_passed] @20-03-2022 05:35:52.0526 A
[ReportManager] Browser Action [CloseCurrentWindow] successfully performed. @20-03-2022 05:35:52.0981 AM
[ReportManager] Successfully created attachment [Browser Action Test Data - CloseCurrentWindow - Actual Value] @20-03-2022 05:35:52.0982 A

################################################################################################################################################
Starting Execution:	[159 out of 165] test cases in the current suite
Test Method:		[testPackage01.Test_SelectedValue.multipleSelect]
################################################################################################################################################
[ReportManager] File Action [GetAbsolutePath] successfully performed. With the following test data [Relative Folder Path: "target/downloadedFiles/"]. @20-03-2022 05:35:52.0986 AM
[ReportManager] Attempting to run locally on: [Mac-64], [GoogleChrome], Headless Execution. @20-03-2022 05:35:52.0987 AM
[ReportManager] Identifying OS/Driver combination and selecting the correct driver version automatically. Please note that if a new driver executable will be downloaded it may take some time... @20-03-2022 05:35:52.0987 AM
[ReportManager] Successfully Opened Google Chrome. @20-03-2022 05:35:56.0022 AM
[ReportManager] Initial window size: (1920, 1080) @20-03-2022 05:35:56.0026 AM
[ReportManager] Window size after SWD Maximize: (1920, 1080) @20-03-2022 05:35:56.0276 AM
[ReportManager] Window size after Toolkit: (1920, 1080) @20-03-2022 05:35:56.0841 AM
[ReportManager] Browser Action [MaximizeWindow] successfully performed. With the following test data [New screen size is now: (1920, 1080)]. @20-03-2022 05:35:56.0845 AM
[ReportManager] Target URL: [https://yari-demos.prod.mdn.mozit.cloud/en-US/docs/Web/HTML/Element/select/_sample_.Advanced_select_with_multiple_features.html] @20-03-2022 05:35:56.0845 AM
[ReportManager] Initial URL: [data:,] @20-03-2022 05:35:56.0874 AM
[ReportManager] Browser Action [NavigateToURL] successfully performed. With the following test data [https://yari-demos.prod.mdn.mozit.cloud/en-US/docs/Web/HTML/Element/select/_sample_.Advanced_select_with_multiple_features.html]. @20-03-2022 05:35:57.0131 AM
[ReportManager] Element Action [Select] successfully performed. With the following test data [Dog]. @20-03-2022 05:35:57.0344 AM
[ReportManager] Element Action [Select] successfully performed. With the following test data [Cat]. @20-03-2022 05:35:57.0508 AM
[ReportManager] Element Action [GetSelectedText] successfully performed. With the following test data [DogCat]. @20-03-2022 05:35:57.0600 AM
[ReportManager] DogCat @20-03-2022 05:35:57.0600 AM
[ReportManager] Element Action [GetSelectedText] successfully performed. With the following test data [DogCat]. @20-03-2022 05:35:57.0679 AM
[ReportManager] Assertion [ValidateElementAttribute] PASSED. Expected [Value Should be 'DogCat' for the 'selectedText' attribute, element locator 'By.tagName: select'] and Actual [DogCat]. Comparison Type [EQUALS]. Validation Type [POSITIVE]. @20-03-2022 05:35:58.0201 AM
[ReportManager] Successfully created attachment [Screenshot - 1647754558059_multipleSelect_ValidateElementAttribute_passed] @20-03-2022 05:35:58.0202 AM
[ReportManager] Browser Action [CloseCurrentWindow] successfully performed. @20-03-2022 05:35:58.0355 AM
[ReportManager] Successfully created attachment [Browser Action Test Data - CloseCurrentWindow - Actual Value] @20-03-2022 05:35:58.0356 A

################################################################################################################################################
Starting Execution:	[160 out of 165] test cases in the current suite
Test Method:		[testPackage01.Test_SelectedValue.simpleSelect]
################################################################################################################################################
[ReportManager] File Action [GetAbsolutePath] successfully performed. With the following test data [Relative Folder Path: "target/downloadedFiles/"]. @20-03-2022 05:35:58.0360 AM
[ReportManager] Attempting to run locally on: [Mac-64], [GoogleChrome], Headless Execution. @20-03-2022 05:35:58.0360 AM
[ReportManager] Identifying OS/Driver combination and selecting the correct driver version automatically. Please note that if a new driver executable will be downloaded it may take some time... @20-03-2022 05:35:58.0361 AM
[ReportManager] Successfully Opened Google Chrome. @20-03-2022 05:35:58.0928 AM
[ReportManager] Initial window size: (1920, 1080) @20-03-2022 05:35:58.0931 AM
[ReportManager] Window size after SWD Maximize: (1920, 1080) @20-03-2022 05:35:59.0057 AM
[ReportManager] Window size after Toolkit: (1920, 1080) @20-03-2022 05:35:59.0609 AM
[ReportManager] Browser Action [MaximizeWindow] successfully performed. With the following test data [New screen size is now: (1920, 1080)]. @20-03-2022 05:35:59.0611 AM
[ReportManager] Target URL: [https://yari-demos.prod.mdn.mozit.cloud/en-US/docs/Web/HTML/Element/select/_sample_.Basic_select.html] @20-03-2022 05:35:59.0611 AM
[ReportManager] Initial URL: [data:,] @20-03-2022 05:35:59.0636 AM
[ReportManager] Browser Action [NavigateToURL] successfully performed. With the following test data [https://yari-demos.prod.mdn.mozit.cloud/en-US/docs/Web/HTML/Element/select/_sample_.Basic_select.html]. @20-03-2022 05:35:59.0835 AM
[ReportManager] Element Action [Select] successfully performed. With the following test data [Third Value]. @20-03-2022 05:36:00.0080 AM
[ReportManager] Element Action [GetSelectedText] successfully performed. With the following test data [Third Value]. @20-03-2022 05:36:00.0149 AM
[ReportManager] Third Value @20-03-2022 05:36:00.0150 AM
[ReportManager] Element Action [GetSelectedText] successfully performed. With the following test data [Third Value]. @20-03-2022 05:36:00.0212 AM
[ReportManager] Assertion [ValidateElementAttribute] PASSED. Expected [Value Should be 'Third Value' for the 'selectedText' attribute, element locator 'By.tagName: select'] and Actual [Third Value]. Comparison Type [EQUALS]. Validation Type [POSITIVE]. @20-03-2022 05:36:00.0668 AM
[ReportManager] Successfully created attachment [Screenshot - 1647754560523_simpleSelect_ValidateElementAttribute_passed] @20-03-2022 05:36:00.0669 AM
[ReportManager] Browser Action [CloseCurrentWindow] successfully performed. @20-03-2022 05:36:00.0865 AM
[ReportManager] Successfully created attachment [Browser Action Test Data - CloseCurrentWindow - Actual Value] @20-03-2022 05:36:00.0866 A
[ReportManager] File Action [GetAbsolutePath] successfully performed. With the following test data [Relative Folder Path: "target/downloadedFiles/"]. @20-03-2022 05:36:00.0868 AM
[ReportManager] Attempting to run locally on: [Mac-64], [Safari], Headless Execution. @20-03-2022 05:36:00.0868 AM
[ReportManager] An Exception Occured with this Message: Could not start a new session. Possible causes are invalid address of the remote server or browser start-up failure.. @20-03-2022 05:36:01.0074 AM
[ReportManager] Successfully created attachment [Exception Stack Trace - org.openqa.selenium.SessionNotCreatedException] @20-03-2022 05:36:01.0075 AM
[ReportManager] Driver Factory Action [createNewLocalDriverInstanceForSafari] failed. With the following test data [Failed to create a session on DESKTOP_SAFARI]. @20-03-2022 05:36:01.0075 A

################################################################################################################################################
Starting Execution:	[161 out of 165] test cases in the current suite
Test Method:		[testPackage01.Test_dynamicLoading.dynamicLoading_elementIsHidden]
###############################################################################################################################################



################################################################################################################################################
Starting Execution:	[162 out of 165] test cases in the current suite
Test Method:		[testPackage01.Test_dynamicLoading.dynamicLoading_elementIsRendered]
###############################################################################################################################################


################################################################################################################################################
Starting Execution:	[163 out of 165] test cases in the current suite
Test Method:		[dsl.testDsl.testButton]
################################################################################################################################################
[ReportManager] File Action [GetAbsolutePath] successfully performed. With the following test data [Relative Folder Path: "target/downloadedFiles/"]. @20-03-2022 05:36:01.0095 AM
[ReportManager] Attempting to run locally on: [Mac-64], [Safari], Headless Execution. @20-03-2022 05:36:01.0095 AM
[ReportManager] Successfully Opened Safari. @20-03-2022 05:36:01.0939 AM
[ReportManager] Initial window size: (800, 600) @20-03-2022 05:36:01.0965 AM
[ReportManager] Window size after SWD Maximize: (1176, 803) @20-03-2022 05:36:01.0979 AM
[ReportManager] Browser Action [MaximizeWindow] successfully performed. With the following test data [New screen size is now: (1176, 803)]. @20-03-2022 05:36:01.0979 AM
[ReportManager] Target URL: [http://the-internet.herokuapp.com/] @20-03-2022 05:36:01.0979 AM
[ReportManager] Initial URL: [] @20-03-2022 05:36:02.0031 AM
[ReportManager] Browser Action [NavigateToURL] successfully performed. With the following test data [http://the-internet.herokuapp.com/]. @20-03-2022 05:36:02.0676 AM
[ReportManager] Element Action [Click] successfully performed. With the following test data [By.linkText: Add/Remove Elements]. @20-03-2022 05:36:02.0859 AM
[ReportManager] Element Action [GetText] successfully performed. With the following test data [Add Element]. @20-03-2022 05:36:03.0001 AM
[ReportManager] Assertion Passed: Then I Assert that [Add Element] is equal to [Add Element]. @20-03-2022 05:36:03.0001 AM
[ReportManager] Assertion [ValidateEquals] PASSED. Expected [Add Element] and Actual [Add Element]. Comparison Type [EQUALS]. Validation Type [POSITIVE]. @20-03-2022 05:36:03.0002 AM
[ReportManager] Element Action [Click] successfully performed. With the following test data [By.xpath: //button[text()='Add Element']]. @20-03-2022 05:36:03.0202 AM
[ReportManager] Attempting to getAttribute [disabled] from elementLocator [By.xpath: //button[text()='Add Element']]. @20-03-2022 05:36:03.0202 AM
[ReportManager] Element Action [GetAttribute] successfully performed. @20-03-2022 05:36:03.0253 AM
[ReportManager] Element Action [GetText] successfully performed. With the following test data [Delete]. @20-03-2022 05:36:03.0298 AM
[ReportManager] Assertion Passed: Then I Assert that [Delete] is equal to [Delete]. @20-03-2022 05:36:03.0298 AM
[ReportManager] Assertion [ValidateEquals] PASSED. Expected [Delete] and Actual [Delete]. Comparison Type [EQUALS]. Validation Type [POSITIVE]. @20-03-2022 05:36:03.0298 A

################################################################################################################################################
Starting Execution:	[164 out of 165] test cases in the current suite
Test Method:		[dsl.testDsl.testCheckBox]
################################################################################################################################################
[ReportManager] File Action [GetAbsolutePath] successfully performed. With the following test data [Relative Folder Path: "target/downloadedFiles/"]. @20-03-2022 05:36:03.0678 AM
[ReportManager] Attempting to run locally on: [Mac-64], [Safari], Headless Execution. @20-03-2022 05:36:03.0678 AM
[ReportManager] Successfully Opened Safari. @20-03-2022 05:36:04.0540 AM
[ReportManager] Initial window size: (800, 600) @20-03-2022 05:36:04.0554 AM
[ReportManager] Window size after SWD Maximize: (1176, 803) @20-03-2022 05:36:04.0572 AM
[ReportManager] Browser Action [MaximizeWindow] successfully performed. With the following test data [New screen size is now: (1176, 803)]. @20-03-2022 05:36:04.0573 AM
[ReportManager] Target URL: [http://the-internet.herokuapp.com/] @20-03-2022 05:36:04.0573 AM
[ReportManager] Initial URL: [] @20-03-2022 05:36:04.0637 AM
[ReportManager] Browser Action [NavigateToURL] successfully performed. With the following test data [http://the-internet.herokuapp.com/]. @20-03-2022 05:36:05.0195 AM
[ReportManager] Element Action [Click] successfully performed. With the following test data [By.linkText: Checkboxes]. @20-03-2022 05:36:05.0382 AM
[ReportManager] Element Action [Click] successfully performed. With the following test data [By.xpath: (//INPUT[@type='checkbox'])[1]]. @20-03-2022 05:36:06.0968 AM
[ReportManager] Element Action [Click] successfully performed. With the following test data [By.xpath: (//INPUT[@type='checkbox'])[2]]. @20-03-2022 05:36:07.0142 A

################################################################################################################################################
Starting Execution:	[165 out of 165] test cases in the current suite
Test Method:		[dsl.testDsl.testLabel]
################################################################################################################################################
[ReportManager] File Action [GetAbsolutePath] successfully performed. With the following test data [Relative Folder Path: "target/downloadedFiles/"]. @20-03-2022 05:36:07.0351 AM
[ReportManager] Attempting to run locally on: [Mac-64], [Safari], Headless Execution. @20-03-2022 05:36:07.0351 AM
[ReportManager] Successfully Opened Safari. @20-03-2022 05:36:08.0201 AM
[ReportManager] Initial window size: (800, 600) @20-03-2022 05:36:08.0211 AM
[ReportManager] Window size after SWD Maximize: (1176, 803) @20-03-2022 05:36:08.0228 AM
[ReportManager] Browser Action [MaximizeWindow] successfully performed. With the following test data [New screen size is now: (1176, 803)]. @20-03-2022 05:36:08.0228 AM
[ReportManager] Element Action [GetText] successfully performed. With the following test data [Welcome to the-internet]. @20-03-2022 05:36:08.0654 AM
[ReportManager] Assertion Passed: Then I Assert that [Welcome to the-internet] is equal to [Welcome to the-internet]. @20-03-2022 05:36:08.0654 AM
[ReportManager] Assertion [ValidateEquals] PASSED. Expected [Welcome to the-internet] and Actual [Welcome to the-internet]. Comparison Type [EQUALS]. Validation Type [POSITIVE]. @20-03-2022 05:36:08.0654 A
[ReportManager] Successfully created attachment [SHAFT Engine Logs - Execution log] @20-03-2022 05:36:09.0064 AM

################################################################################################################################################
This test run was powered by SHAFT Engine Version: [SHAFT Engine v6.1.20220113]
SHAFT Engine is licensed under the MIT License: [https://github.com/MohabMohie/SHAFT_ENGINE/blob/master/LICENSE].
################################################################################################################################################