################################################################################################################################################
Detected SHAFT Engine Version: [SHAFT Engine v5.3.20210902]
################################################################################################################################################

################################################################################################################################################
Starting Execution:	[1 out of 143] test cases in the current suite
Test Method:		[unitTests.tests_validations_assertions.assertComparativeRelation_greaterThanOrEquals_false_equals_expectedToFail]
################################################################################################################################################
[ReportManager] Assertion [ValidateComparativeRelation] FAILED. Expected [1] and Actual [1]. Comparison Type [GREATER_THAN_OR_EQUALS]. Validation Type [NEGATIVE]. @16-09-2021 19:33:14.0167 P

################################################################################################################################################
Starting Execution:	[2 out of 143] test cases in the current suite
Test Method:		[unitTests.tests_validations_assertions.assertComparativeRelation_greaterThanOrEquals_false_equals_expectedToPass]
################################################################################################################################################
[ReportManager] Assertion [ValidateComparativeRelation] PASSED. Expected [2] and Actual [1]. Comparison Type [GREATER_THAN_OR_EQUALS]. Validation Type [NEGATIVE]. @16-09-2021 19:33:14.0284 P

################################################################################################################################################
Starting Execution:	[3 out of 143] test cases in the current suite
Test Method:		[unitTests.tests_validations_assertions.assertComparativeRelation_greaterThanOrEquals_false_greaterThan_expectedToFail]
################################################################################################################################################
[ReportManager] Assertion [ValidateComparativeRelation] FAILED. Expected [1] and Actual [2]. Comparison Type [GREATER_THAN_OR_EQUALS]. Validation Type [NEGATIVE]. @16-09-2021 19:33:14.0293 P

################################################################################################################################################
Starting Execution:	[4 out of 143] test cases in the current suite
Test Method:		[unitTests.tests_validations_assertions.assertComparativeRelation_greaterThanOrEquals_false_greaterThan_expectedToPass]
################################################################################################################################################
[ReportManager] Assertion [ValidateComparativeRelation] PASSED. Expected [2] and Actual [1]. Comparison Type [GREATER_THAN_OR_EQUALS]. Validation Type [NEGATIVE]. @16-09-2021 19:33:14.0307 P

################################################################################################################################################
Starting Execution:	[5 out of 143] test cases in the current suite
Test Method:		[unitTests.tests_validations_assertions.assertComparativeRelation_greaterThanOrEquals_true_equals_expectedToFail]
################################################################################################################################################
[ReportManager] Assertion [ValidateComparativeRelation] FAILED. Expected [1] and Actual [0]. Comparison Type [GREATER_THAN_OR_EQUALS]. Validation Type [POSITIVE]. @16-09-2021 19:33:14.0318 P

################################################################################################################################################
Starting Execution:	[6 out of 143] test cases in the current suite
Test Method:		[unitTests.tests_validations_assertions.assertComparativeRelation_greaterThanOrEquals_true_equals_expectedToPass]
################################################################################################################################################
[ReportManager] Assertion [ValidateComparativeRelation] PASSED. Expected [1] and Actual [1]. Comparison Type [GREATER_THAN_OR_EQUALS]. Validation Type [POSITIVE]. @16-09-2021 19:33:14.0330 P

################################################################################################################################################
Starting Execution:	[7 out of 143] test cases in the current suite
Test Method:		[unitTests.tests_validations_assertions.assertComparativeRelation_greaterThanOrEquals_true_greaterThan_expectedToFail]
################################################################################################################################################
[ReportManager] Assertion [ValidateComparativeRelation] FAILED. Expected [2] and Actual [1]. Comparison Type [GREATER_THAN_OR_EQUALS]. Validation Type [POSITIVE]. @16-09-2021 19:33:14.0338 P

################################################################################################################################################
Starting Execution:	[8 out of 143] test cases in the current suite
Test Method:		[unitTests.tests_validations_assertions.assertComparativeRelation_greaterThanOrEquals_true_greaterThan_expectedToPass]
################################################################################################################################################
[ReportManager] Assertion [ValidateComparativeRelation] PASSED. Expected [1] and Actual [2]. Comparison Type [GREATER_THAN_OR_EQUALS]. Validation Type [POSITIVE]. @16-09-2021 19:33:14.0347 P
[ReportManager] File Action [GetAbsolutePath] successfully performed. With the following test data [Relative Folder Path: "target/downloadedFiles/"]. @16-09-2021 19:33:14.0361 PM
[ReportManager] Attempting to run remotely on: [Linux-64], [GoogleChrome], [http://localhost:4444/wd/hub], Headless Execution. @16-09-2021 19:33:14.0393 PM
[ReportManager] Successfully Opened [GoogleChrome]. @16-09-2021 19:33:15.0884 PM
[ReportManager] Target URL: [https://www.google.com/ncr], and after redirection: [www.google.com] @16-09-2021 19:33:15.0929 PM
[ReportManager] Initial URL: [data:,] @16-09-2021 19:33:16.0036 PM
[ReportManager] Browser Action [NavigateToURL] successfully performed. With the following test data [https://www.google.com/ncr]. @16-09-2021 19:33:18.0009 P

################################################################################################################################################
Starting Execution:	[9 out of 143] test cases in the current suite
Test Method:		[unitTests.tests_validations_assertions.assertElementAttribute_false_caseInsensitiveComparison_expectedToFail]
################################################################################################################################################
[ReportManager] Element Action [Type] successfully performed. With the following test data [AUTOMATION]. @16-09-2021 19:33:18.0593 PM
[ReportManager] Element Action [GetText] successfully performed. With the following test data [AUTOMATION]. @16-09-2021 19:33:18.0853 PM
[ReportManager] Loaded Shared OpenCV @16-09-2021 19:33:19.0596 PM
[ReportManager] Assertion [ValidateElementAttribute] FAILED. Expected [Value Should not be 'AutomaTion' for the 'text' attribute, element locator 'By.name: q'] and Actual [AUTOMATION]. Comparison Type [CASE_INSENSITIVE]. Validation Type [NEGATIVE]. @16-09-2021 19:33:19.0929 PM
[ReportManager] Successfully created attachment [Screenshot - 1631820799064_assertElementAttribute_false_caseInsensitiveComparison_expectedToFail_ValidateElementAttribute_failed] @16-09-2021 19:33:19.0949 P
[ReportManager] Browser Action [CloseCurrentWindow] successfully performed. @16-09-2021 19:33:20.0130 PM
[ReportManager] Successfully created attachment [Browser Action Test Data - CloseCurrentWindow - Actual Value] @16-09-2021 19:33:20.0135 P
[ReportManager] File Action [GetAbsolutePath] successfully performed. With the following test data [Relative Folder Path: "target/downloadedFiles/"]. @16-09-2021 19:33:20.0145 PM
[ReportManager] Attempting to run remotely on: [Linux-64], [GoogleChrome], [http://localhost:4444/wd/hub], Headless Execution. @16-09-2021 19:33:20.0146 PM
[ReportManager] Successfully Opened [GoogleChrome]. @16-09-2021 19:33:20.0441 PM
[ReportManager] Target URL: [https://www.google.com/ncr], and after redirection: [www.google.com] @16-09-2021 19:33:20.0480 PM
[ReportManager] Initial URL: [data:,] @16-09-2021 19:33:20.0560 PM
[ReportManager] Browser Action [NavigateToURL] successfully performed. With the following test data [https://www.google.com/ncr]. @16-09-2021 19:33:21.0919 P

################################################################################################################################################
Starting Execution:	[10 out of 143] test cases in the current suite
Test Method:		[unitTests.tests_validations_assertions.assertElementAttribute_false_caseInsensitiveComparison_expectedToPass]
################################################################################################################################################
[ReportManager] Element Action [Type] successfully performed. With the following test data [AUTOMATION]. @16-09-2021 19:33:22.0355 PM
[ReportManager] Element Action [GetText] successfully performed. With the following test data [AUTOMATION]. @16-09-2021 19:33:22.0497 PM
[ReportManager] Loaded Shared OpenCV @16-09-2021 19:33:22.0669 PM
[ReportManager] Assertion [ValidateElementAttribute] PASSED. Expected [Value Should not be 'AutomaTion123' for the 'text' attribute, element locator 'By.name: q'] and Actual [AUTOMATION]. Comparison Type [CASE_INSENSITIVE]. Validation Type [NEGATIVE]. @16-09-2021 19:33:22.0814 PM
[ReportManager] Successfully created attachment [Screenshot - 1631820802669_assertElementAttribute_false_caseInsensitiveComparison_expectedToPass_ValidateElementAttribute_passed] @16-09-2021 19:33:22.0818 P
[ReportManager] Browser Action [CloseCurrentWindow] successfully performed. @16-09-2021 19:33:22.0988 PM
[ReportManager] Successfully created attachment [Browser Action Test Data - CloseCurrentWindow - Actual Value] @16-09-2021 19:33:22.0990 P
[ReportManager] File Action [GetAbsolutePath] successfully performed. With the following test data [Relative Folder Path: "target/downloadedFiles/"]. @16-09-2021 19:33:23.0002 PM
[ReportManager] Attempting to run remotely on: [Linux-64], [GoogleChrome], [http://localhost:4444/wd/hub], Headless Execution. @16-09-2021 19:33:23.0002 PM
[ReportManager] Successfully Opened [GoogleChrome]. @16-09-2021 19:33:23.0235 PM
[ReportManager] Target URL: [https://www.google.com/ncr], and after redirection: [www.google.com] @16-09-2021 19:33:23.0261 PM
[ReportManager] Initial URL: [data:,] @16-09-2021 19:33:23.0338 PM
[ReportManager] Browser Action [NavigateToURL] successfully performed. With the following test data [https://www.google.com/ncr]. @16-09-2021 19:33:24.0528 P

################################################################################################################################################
Starting Execution:	[11 out of 143] test cases in the current suite
Test Method:		[unitTests.tests_validations_assertions.assertElementAttribute_false_containsComparison_expectedToFail]
################################################################################################################################################
[ReportManager] Element Action [Type] successfully performed. With the following test data [Automation123]. @16-09-2021 19:33:24.0944 PM
[ReportManager] Element Action [GetText] successfully performed. With the following test data [Automation123]. @16-09-2021 19:33:25.0079 PM
[ReportManager] Loaded Shared OpenCV @16-09-2021 19:33:25.0270 PM
[ReportManager] Assertion [ValidateElementAttribute] FAILED. Expected [Value Should not be 'Automation' for the 'text' attribute, element locator 'By.name: q'] and Actual [Automation123]. Comparison Type [CONTAINS]. Validation Type [NEGATIVE]. @16-09-2021 19:33:25.0369 PM
[ReportManager] Successfully created attachment [Screenshot - 1631820805270_assertElementAttribute_false_containsComparison_expectedToFail_ValidateElementAttribute_failed] @16-09-2021 19:33:25.0370 P
[ReportManager] Browser Action [CloseCurrentWindow] successfully performed. @16-09-2021 19:33:25.0548 PM
[ReportManager] Successfully created attachment [Browser Action Test Data - CloseCurrentWindow - Actual Value] @16-09-2021 19:33:25.0549 P
[ReportManager] File Action [GetAbsolutePath] successfully performed. With the following test data [Relative Folder Path: "target/downloadedFiles/"]. @16-09-2021 19:33:25.0569 PM
[ReportManager] Attempting to run remotely on: [Linux-64], [GoogleChrome], [http://localhost:4444/wd/hub], Headless Execution. @16-09-2021 19:33:25.0570 PM
[ReportManager] Successfully Opened [GoogleChrome]. @16-09-2021 19:33:25.0811 PM
[ReportManager] Target URL: [https://www.google.com/ncr], and after redirection: [www.google.com] @16-09-2021 19:33:25.0836 PM
[ReportManager] Initial URL: [data:,] @16-09-2021 19:33:25.0901 PM
[ReportManager] Browser Action [NavigateToURL] successfully performed. With the following test data [https://www.google.com/ncr]. @16-09-2021 19:33:27.0133 P

################################################################################################################################################
Starting Execution:	[12 out of 143] test cases in the current suite
Test Method:		[unitTests.tests_validations_assertions.assertElementAttribute_false_containsComparison_expectedToPass]
################################################################################################################################################
[ReportManager] Element Action [Type] successfully performed. With the following test data [Automation123]. @16-09-2021 19:33:27.0542 PM
[ReportManager] Element Action [GetText] successfully performed. With the following test data [Automation123]. @16-09-2021 19:33:27.0686 PM
[ReportManager] Loaded Shared OpenCV @16-09-2021 19:33:27.0849 PM
[ReportManager] Assertion [ValidateElementAttribute] PASSED. Expected [Value Should not be 'Automation1234' for the 'text' attribute, element locator 'By.name: q'] and Actual [Automation123]. Comparison Type [CONTAINS]. Validation Type [NEGATIVE]. @16-09-2021 19:33:27.0934 PM
[ReportManager] Successfully created attachment [Screenshot - 1631820807849_assertElementAttribute_false_containsComparison_expectedToPass_ValidateElementAttribute_passed] @16-09-2021 19:33:27.0935 P
[ReportManager] Browser Action [CloseCurrentWindow] successfully performed. @16-09-2021 19:33:28.0079 PM
[ReportManager] Successfully created attachment [Browser Action Test Data - CloseCurrentWindow - Actual Value] @16-09-2021 19:33:28.0081 P
[ReportManager] File Action [GetAbsolutePath] successfully performed. With the following test data [Relative Folder Path: "target/downloadedFiles/"]. @16-09-2021 19:33:28.0092 PM
[ReportManager] Attempting to run remotely on: [Linux-64], [GoogleChrome], [http://localhost:4444/wd/hub], Headless Execution. @16-09-2021 19:33:28.0092 PM
[ReportManager] Successfully Opened [GoogleChrome]. @16-09-2021 19:33:28.0331 PM
[ReportManager] Target URL: [https://www.google.com/ncr], and after redirection: [www.google.com] @16-09-2021 19:33:28.0352 PM
[ReportManager] Initial URL: [data:,] @16-09-2021 19:33:28.0422 PM
[ReportManager] Browser Action [NavigateToURL] successfully performed. With the following test data [https://www.google.com/ncr]. @16-09-2021 19:33:29.0736 P

################################################################################################################################################
Starting Execution:	[13 out of 143] test cases in the current suite
Test Method:		[unitTests.tests_validations_assertions.assertElementAttribute_false_literalComparison_expectedToFail]
################################################################################################################################################
[ReportManager] Element Action [Type] successfully performed. With the following test data [Automation!@#$%^&*()_+{}[]\';/.,]. @16-09-2021 19:33:30.0234 PM
[ReportManager] Element Action [GetText] successfully performed. With the following test data [Automation!@#$%^&*()_+{}[]\';/.,]. @16-09-2021 19:33:30.0375 PM
[ReportManager] Loaded Shared OpenCV @16-09-2021 19:33:30.0541 PM
[ReportManager] Assertion [ValidateElementAttribute] PASSED. Expected [Value Should not be 'Automation!@#$%^&*()_+{}[]\\';/.,' for the 'text' attribute, element locator 'By.name: q'] and Actual [Automation!@#$%^&*()_+{}[]\';/.,]. Comparison Type [EQUALS]. Validation Type [NEGATIVE]. @16-09-2021 19:33:30.0632 PM
[ReportManager] Successfully created attachment [Screenshot - 1631820810541_assertElementAttribute_false_literalComparison_expectedToFail_ValidateElementAttribute_passed] @16-09-2021 19:33:30.0633 P
[ReportManager] Browser Action [CloseCurrentWindow] successfully performed. @16-09-2021 19:33:30.0773 PM
[ReportManager] Successfully created attachment [Browser Action Test Data - CloseCurrentWindow - Actual Value] @16-09-2021 19:33:30.0774 P
[ReportManager] File Action [GetAbsolutePath] successfully performed. With the following test data [Relative Folder Path: "target/downloadedFiles/"]. @16-09-2021 19:33:30.0779 PM
[ReportManager] Attempting to run remotely on: [Linux-64], [GoogleChrome], [http://localhost:4444/wd/hub], Headless Execution. @16-09-2021 19:33:30.0780 PM
[ReportManager] Successfully Opened [GoogleChrome]. @16-09-2021 19:33:31.0017 PM
[ReportManager] Target URL: [https://www.google.com/ncr], and after redirection: [www.google.com] @16-09-2021 19:33:31.0041 PM
[ReportManager] Initial URL: [data:,] @16-09-2021 19:33:31.0101 PM
[ReportManager] Browser Action [NavigateToURL] successfully performed. With the following test data [https://www.google.com/ncr]. @16-09-2021 19:33:32.0324 P

################################################################################################################################################
Starting Execution:	[14 out of 143] test cases in the current suite
Test Method:		[unitTests.tests_validations_assertions.assertElementAttribute_false_literalComparison_expectedToPass]
################################################################################################################################################
[ReportManager] Element Action [Type] successfully performed. With the following test data [Automation!@#$%^&*()_+{}[]\';/.,]. @16-09-2021 19:33:32.0810 PM
[ReportManager] Element Action [GetText] successfully performed. With the following test data [Automation!@#$%^&*()_+{}[]\';/.,]. @16-09-2021 19:33:32.0924 PM
[ReportManager] Loaded Shared OpenCV @16-09-2021 19:33:33.0085 PM
[ReportManager] Assertion [ValidateElementAttribute] PASSED. Expected [Value Should not be 'Automation' for the 'text' attribute, element locator 'By.name: q'] and Actual [Automation!@#$%^&*()_+{}[]\';/.,]. Comparison Type [EQUALS]. Validation Type [NEGATIVE]. @16-09-2021 19:33:33.0174 PM
[ReportManager] Successfully created attachment [Screenshot - 1631820813084_assertElementAttribute_false_literalComparison_expectedToPass_ValidateElementAttribute_passed] @16-09-2021 19:33:33.0175 P
[ReportManager] Browser Action [CloseCurrentWindow] successfully performed. @16-09-2021 19:33:33.0325 PM
[ReportManager] Successfully created attachment [Browser Action Test Data - CloseCurrentWindow - Actual Value] @16-09-2021 19:33:33.0326 P
[ReportManager] File Action [GetAbsolutePath] successfully performed. With the following test data [Relative Folder Path: "target/downloadedFiles/"]. @16-09-2021 19:33:33.0335 PM
[ReportManager] Attempting to run remotely on: [Linux-64], [GoogleChrome], [http://localhost:4444/wd/hub], Headless Execution. @16-09-2021 19:33:33.0335 PM
[ReportManager] Successfully Opened [GoogleChrome]. @16-09-2021 19:33:33.0537 PM
[ReportManager] Target URL: [https://www.google.com/ncr], and after redirection: [www.google.com] @16-09-2021 19:33:33.0555 PM
[ReportManager] Initial URL: [data:,] @16-09-2021 19:33:33.0606 PM
[ReportManager] Browser Action [NavigateToURL] successfully performed. With the following test data [https://www.google.com/ncr]. @16-09-2021 19:33:34.0902 P

################################################################################################################################################
Starting Execution:	[15 out of 143] test cases in the current suite
Test Method:		[unitTests.tests_validations_assertions.assertElementAttribute_false_regexComparison_expectedToFail]
################################################################################################################################################
[ReportManager] Element Action [Type] successfully performed. With the following test data [Automation123]. @16-09-2021 19:33:35.0287 PM
[ReportManager] Element Action [GetText] successfully performed. With the following test data [Automation123]. @16-09-2021 19:33:35.0395 PM
[ReportManager] Loaded Shared OpenCV @16-09-2021 19:33:35.0543 PM
[ReportManager] Assertion [ValidateElementAttribute] FAILED. Expected [Value Should not be 'Automation.*' for the 'text' attribute, element locator 'By.name: q'] and Actual [Automation123]. Comparison Type [MATCHES]. Validation Type [NEGATIVE]. @16-09-2021 19:33:35.0630 PM
[ReportManager] Successfully created attachment [Screenshot - 1631820815543_assertElementAttribute_false_regexComparison_expectedToFail_ValidateElementAttribute_failed] @16-09-2021 19:33:35.0631 P
[ReportManager] Browser Action [CloseCurrentWindow] successfully performed. @16-09-2021 19:33:35.0768 PM
[ReportManager] Successfully created attachment [Browser Action Test Data - CloseCurrentWindow - Actual Value] @16-09-2021 19:33:35.0769 P
[ReportManager] File Action [GetAbsolutePath] successfully performed. With the following test data [Relative Folder Path: "target/downloadedFiles/"]. @16-09-2021 19:33:35.0772 PM
[ReportManager] Attempting to run remotely on: [Linux-64], [GoogleChrome], [http://localhost:4444/wd/hub], Headless Execution. @16-09-2021 19:33:35.0773 PM
[ReportManager] Successfully Opened [GoogleChrome]. @16-09-2021 19:33:36.0002 PM
[ReportManager] Target URL: [https://www.google.com/ncr], and after redirection: [www.google.com] @16-09-2021 19:33:36.0031 PM
[ReportManager] Initial URL: [data:,] @16-09-2021 19:33:36.0093 PM
[ReportManager] Browser Action [NavigateToURL] successfully performed. With the following test data [https://www.google.com/ncr]. @16-09-2021 19:33:37.0291 P

################################################################################################################################################
Starting Execution:	[16 out of 143] test cases in the current suite
Test Method:		[unitTests.tests_validations_assertions.assertElementAttribute_false_regexComparison_expectedToPass]
################################################################################################################################################
[ReportManager] Element Action [Type] successfully performed. With the following test data [Automation123]. @16-09-2021 19:33:37.0666 PM
[ReportManager] Element Action [GetText] successfully performed. With the following test data [Automation123]. @16-09-2021 19:33:37.0785 PM
[ReportManager] Loaded Shared OpenCV @16-09-2021 19:33:37.0948 PM
[ReportManager] Assertion [ValidateElementAttribute] PASSED. Expected [Value Should not be 'Automation' for the 'text' attribute, element locator 'By.name: q'] and Actual [Automation123]. Comparison Type [MATCHES]. Validation Type [NEGATIVE]. @16-09-2021 19:33:38.0034 PM
[ReportManager] Successfully created attachment [Screenshot - 1631820817948_assertElementAttribute_false_regexComparison_expectedToPass_ValidateElementAttribute_passed] @16-09-2021 19:33:38.0035 P
[ReportManager] Browser Action [CloseCurrentWindow] successfully performed. @16-09-2021 19:33:38.0178 PM
[ReportManager] Successfully created attachment [Browser Action Test Data - CloseCurrentWindow - Actual Value] @16-09-2021 19:33:38.0179 P
[ReportManager] File Action [GetAbsolutePath] successfully performed. With the following test data [Relative Folder Path: "target/downloadedFiles/"]. @16-09-2021 19:33:38.0189 PM
[ReportManager] Attempting to run remotely on: [Linux-64], [GoogleChrome], [http://localhost:4444/wd/hub], Headless Execution. @16-09-2021 19:33:38.0189 PM
[ReportManager] Successfully Opened [GoogleChrome]. @16-09-2021 19:33:38.0493 PM
[ReportManager] Target URL: [https://www.google.com/ncr], and after redirection: [www.google.com] @16-09-2021 19:33:38.0507 PM
[ReportManager] Initial URL: [data:,] @16-09-2021 19:33:38.0582 PM
[ReportManager] Browser Action [NavigateToURL] successfully performed. With the following test data [https://www.google.com/ncr]. @16-09-2021 19:33:39.0833 P

################################################################################################################################################
Starting Execution:	[17 out of 143] test cases in the current suite
Test Method:		[unitTests.tests_validations_assertions.assertElementAttribute_true_caseInsensitiveComparison_expectedToFail]
################################################################################################################################################
[ReportManager] Element Action [Type] successfully performed. With the following test data [AUTOMATION]. @16-09-2021 19:33:40.0205 PM
[ReportManager] Element Action [GetText] successfully performed. With the following test data [AUTOMATION]. @16-09-2021 19:33:40.0330 PM
[ReportManager] Loaded Shared OpenCV @16-09-2021 19:33:40.0487 PM
[ReportManager] Assertion [ValidateElementAttribute] FAILED. Expected [Value Should be 'AutomaTion123' for the 'text' attribute, element locator 'By.name: q'] and Actual [AUTOMATION]. Comparison Type [CASE_INSENSITIVE]. Validation Type [POSITIVE]. @16-09-2021 19:33:40.0580 PM
[ReportManager] Successfully created attachment [Screenshot - 1631820820487_assertElementAttribute_true_caseInsensitiveComparison_expectedToFail_ValidateElementAttribute_failed] @16-09-2021 19:33:40.0581 P
[ReportManager] Browser Action [CloseCurrentWindow] successfully performed. @16-09-2021 19:33:40.0731 PM
[ReportManager] Successfully created attachment [Browser Action Test Data - CloseCurrentWindow - Actual Value] @16-09-2021 19:33:40.0732 P
[ReportManager] File Action [GetAbsolutePath] successfully performed. With the following test data [Relative Folder Path: "target/downloadedFiles/"]. @16-09-2021 19:33:40.0735 PM
[ReportManager] Attempting to run remotely on: [Linux-64], [GoogleChrome], [http://localhost:4444/wd/hub], Headless Execution. @16-09-2021 19:33:40.0736 PM
[ReportManager] Successfully Opened [GoogleChrome]. @16-09-2021 19:33:40.0934 PM
[ReportManager] Target URL: [https://www.google.com/ncr], and after redirection: [www.google.com] @16-09-2021 19:33:40.0947 PM
[ReportManager] Initial URL: [data:,] @16-09-2021 19:33:40.0994 PM
[ReportManager] Browser Action [NavigateToURL] successfully performed. With the following test data [https://www.google.com/ncr]. @16-09-2021 19:33:42.0173 P

################################################################################################################################################
Starting Execution:	[18 out of 143] test cases in the current suite
Test Method:		[unitTests.tests_validations_assertions.assertElementAttribute_true_caseInsensitiveComparison_expectedToPass]
################################################################################################################################################
[ReportManager] Element Action [Type] successfully performed. With the following test data [AUTOMATION]. @16-09-2021 19:33:42.0598 PM
[ReportManager] Element Action [GetText] successfully performed. With the following test data [AUTOMATION]. @16-09-2021 19:33:42.0721 PM
[ReportManager] Loaded Shared OpenCV @16-09-2021 19:33:42.0922 PM
[ReportManager] Assertion [ValidateElementAttribute] PASSED. Expected [Value Should be 'AutomaTion' for the 'text' attribute, element locator 'By.name: q'] and Actual [AUTOMATION]. Comparison Type [CASE_INSENSITIVE]. Validation Type [POSITIVE]. @16-09-2021 19:33:43.0021 PM
[ReportManager] Successfully created attachment [Screenshot - 1631820822922_assertElementAttribute_true_caseInsensitiveComparison_expectedToPass_ValidateElementAttribute_passed] @16-09-2021 19:33:43.0022 P
[ReportManager] Browser Action [CloseCurrentWindow] successfully performed. @16-09-2021 19:33:43.0168 PM
[ReportManager] Successfully created attachment [Browser Action Test Data - CloseCurrentWindow - Actual Value] @16-09-2021 19:33:43.0169 P
[ReportManager] File Action [GetAbsolutePath] successfully performed. With the following test data [Relative Folder Path: "target/downloadedFiles/"]. @16-09-2021 19:33:43.0173 PM
[ReportManager] Attempting to run remotely on: [Linux-64], [GoogleChrome], [http://localhost:4444/wd/hub], Headless Execution. @16-09-2021 19:33:43.0173 PM
[ReportManager] Successfully Opened [GoogleChrome]. @16-09-2021 19:33:43.0445 PM
[ReportManager] Target URL: [https://www.google.com/ncr], and after redirection: [www.google.com] @16-09-2021 19:33:43.0493 PM
[ReportManager] Initial URL: [data:,] @16-09-2021 19:33:43.0574 PM
[ReportManager] Browser Action [NavigateToURL] successfully performed. With the following test data [https://www.google.com/ncr]. @16-09-2021 19:33:44.0774 P

################################################################################################################################################
Starting Execution:	[19 out of 143] test cases in the current suite
Test Method:		[unitTests.tests_validations_assertions.assertElementAttribute_true_containsComparison_expectedToFail]
################################################################################################################################################
[ReportManager] Element Action [Type] successfully performed. With the following test data [Automation123]. @16-09-2021 19:33:45.0132 PM
[ReportManager] Element Action [GetText] successfully performed. With the following test data [Automation123]. @16-09-2021 19:33:45.0252 PM
[ReportManager] Loaded Shared OpenCV @16-09-2021 19:33:45.0403 PM
[ReportManager] Assertion [ValidateElementAttribute] FAILED. Expected [Value Should be 'Automation1234' for the 'text' attribute, element locator 'By.name: q'] and Actual [Automation123]. Comparison Type [CONTAINS]. Validation Type [POSITIVE]. @16-09-2021 19:33:45.0485 PM
[ReportManager] Successfully created attachment [Screenshot - 1631820825402_assertElementAttribute_true_containsComparison_expectedToFail_ValidateElementAttribute_failed] @16-09-2021 19:33:45.0486 P
[ReportManager] Browser Action [CloseCurrentWindow] successfully performed. @16-09-2021 19:33:45.0624 PM
[ReportManager] Successfully created attachment [Browser Action Test Data - CloseCurrentWindow - Actual Value] @16-09-2021 19:33:45.0625 P
[ReportManager] File Action [GetAbsolutePath] successfully performed. With the following test data [Relative Folder Path: "target/downloadedFiles/"]. @16-09-2021 19:33:45.0628 PM
[ReportManager] Attempting to run remotely on: [Linux-64], [GoogleChrome], [http://localhost:4444/wd/hub], Headless Execution. @16-09-2021 19:33:45.0628 PM
[ReportManager] Successfully Opened [GoogleChrome]. @16-09-2021 19:33:45.0890 PM
[ReportManager] Target URL: [https://www.google.com/ncr], and after redirection: [www.google.com] @16-09-2021 19:33:45.0901 PM
[ReportManager] Initial URL: [data:,] @16-09-2021 19:33:45.0943 PM
[ReportManager] Browser Action [NavigateToURL] successfully performed. With the following test data [https://www.google.com/ncr]. @16-09-2021 19:33:47.0094 P

################################################################################################################################################
Starting Execution:	[20 out of 143] test cases in the current suite
Test Method:		[unitTests.tests_validations_assertions.assertElementAttribute_true_containsComparison_expectedToPass]
################################################################################################################################################
[ReportManager] Element Action [Type] successfully performed. With the following test data [Automation123]. @16-09-2021 19:33:47.0500 PM
[ReportManager] Element Action [GetText] successfully performed. With the following test data [Automation123]. @16-09-2021 19:33:47.0618 PM
[ReportManager] Loaded Shared OpenCV @16-09-2021 19:33:47.0756 PM
[ReportManager] Assertion [ValidateElementAttribute] PASSED. Expected [Value Should be 'Automation' for the 'text' attribute, element locator 'By.name: q'] and Actual [Automation123]. Comparison Type [CONTAINS]. Validation Type [POSITIVE]. @16-09-2021 19:33:47.0837 PM
[ReportManager] Successfully created attachment [Screenshot - 1631820827756_assertElementAttribute_true_containsComparison_expectedToPass_ValidateElementAttribute_passed] @16-09-2021 19:33:47.0838 P
[ReportManager] Browser Action [CloseCurrentWindow] successfully performed. @16-09-2021 19:33:47.0969 PM
[ReportManager] Successfully created attachment [Browser Action Test Data - CloseCurrentWindow - Actual Value] @16-09-2021 19:33:47.0970 P
[ReportManager] File Action [GetAbsolutePath] successfully performed. With the following test data [Relative Folder Path: "target/downloadedFiles/"]. @16-09-2021 19:33:47.0972 PM
[ReportManager] Attempting to run remotely on: [Linux-64], [GoogleChrome], [http://localhost:4444/wd/hub], Headless Execution. @16-09-2021 19:33:47.0973 PM
[ReportManager] Successfully Opened [GoogleChrome]. @16-09-2021 19:33:48.0170 PM
[ReportManager] Target URL: [https://www.google.com/ncr], and after redirection: [www.google.com] @16-09-2021 19:33:48.0182 PM
[ReportManager] Initial URL: [data:,] @16-09-2021 19:33:48.0227 PM
[ReportManager] Browser Action [NavigateToURL] successfully performed. With the following test data [https://www.google.com/ncr]. @16-09-2021 19:33:49.0390 P

################################################################################################################################################
Starting Execution:	[21 out of 143] test cases in the current suite
Test Method:		[unitTests.tests_validations_assertions.assertElementAttribute_true_literalComparison_expectedToFail]
################################################################################################################################################
[ReportManager] Element Action [Type] successfully performed. With the following test data [Automation!@#$%^&*()_+{}[]\';/.,]. @16-09-2021 19:33:49.0905 PM
[ReportManager] Element Action [GetText] successfully performed. With the following test data [Automation!@#$%^&*()_+{}[]\';/.,]. @16-09-2021 19:33:50.0021 PM
[ReportManager] Loaded Shared OpenCV @16-09-2021 19:33:50.0187 PM
[ReportManager] Assertion [ValidateElementAttribute] FAILED. Expected [Value Should be 'Automation' for the 'text' attribute, element locator 'By.name: q'] and Actual [Automation!@#$%^&*()_+{}[]\';/.,]. Comparison Type [EQUALS]. Validation Type [POSITIVE]. @16-09-2021 19:33:50.0281 PM
[ReportManager] Successfully created attachment [Screenshot - 1631820830187_assertElementAttribute_true_literalComparison_expectedToFail_ValidateElementAttribute_failed] @16-09-2021 19:33:50.0282 P
[ReportManager] Browser Action [CloseCurrentWindow] successfully performed. @16-09-2021 19:33:50.0437 PM
[ReportManager] Successfully created attachment [Browser Action Test Data - CloseCurrentWindow - Actual Value] @16-09-2021 19:33:50.0438 P
[ReportManager] File Action [GetAbsolutePath] successfully performed. With the following test data [Relative Folder Path: "target/downloadedFiles/"]. @16-09-2021 19:33:50.0442 PM
[ReportManager] Attempting to run remotely on: [Linux-64], [GoogleChrome], [http://localhost:4444/wd/hub], Headless Execution. @16-09-2021 19:33:50.0443 PM
[ReportManager] Successfully Opened [GoogleChrome]. @16-09-2021 19:33:50.0711 PM
[ReportManager] Target URL: [https://www.google.com/ncr], and after redirection: [www.google.com] @16-09-2021 19:33:50.0725 PM
[ReportManager] Initial URL: [data:,] @16-09-2021 19:33:50.0785 PM
[ReportManager] Browser Action [NavigateToURL] successfully performed. With the following test data [https://www.google.com/ncr]. @16-09-2021 19:33:51.0929 P

################################################################################################################################################
Starting Execution:	[22 out of 143] test cases in the current suite
Test Method:		[unitTests.tests_validations_assertions.assertElementAttribute_true_literalComparison_expectedToPass]
################################################################################################################################################
[ReportManager] Element Action [Type] successfully performed. With the following test data [Automation!@#$%^&*()_+{}[]\';/.,]. @16-09-2021 19:33:52.0382 PM
[ReportManager] Element Action [GetText] successfully performed. With the following test data [Automation!@#$%^&*()_+{}[]\';/.,]. @16-09-2021 19:33:52.0480 PM
[ReportManager] Loaded Shared OpenCV @16-09-2021 19:33:52.0637 PM
[ReportManager] Assertion [ValidateElementAttribute] PASSED. Expected [Value Should be 'Automation!@#$%^&*()_+{}[]\';/.,' for the 'text' attribute, element locator 'By.name: q'] and Actual [Automation!@#$%^&*()_+{}[]\';/.,]. Comparison Type [EQUALS]. Validation Type [POSITIVE]. @16-09-2021 19:33:52.0733 PM
[ReportManager] Successfully created attachment [Screenshot - 1631820832637_assertElementAttribute_true_literalComparison_expectedToPass_ValidateElementAttribute_passed] @16-09-2021 19:33:52.0734 P
[ReportManager] Browser Action [CloseCurrentWindow] successfully performed. @16-09-2021 19:33:52.0866 PM
[ReportManager] Successfully created attachment [Browser Action Test Data - CloseCurrentWindow - Actual Value] @16-09-2021 19:33:52.0867 P
[ReportManager] File Action [GetAbsolutePath] successfully performed. With the following test data [Relative Folder Path: "target/downloadedFiles/"]. @16-09-2021 19:33:52.0870 PM
[ReportManager] Attempting to run remotely on: [Linux-64], [GoogleChrome], [http://localhost:4444/wd/hub], Headless Execution. @16-09-2021 19:33:52.0870 PM
[ReportManager] Successfully Opened [GoogleChrome]. @16-09-2021 19:33:53.0110 PM
[ReportManager] Target URL: [https://www.google.com/ncr], and after redirection: [www.google.com] @16-09-2021 19:33:53.0122 PM
[ReportManager] Initial URL: [data:,] @16-09-2021 19:33:53.0168 PM
[ReportManager] Browser Action [NavigateToURL] successfully performed. With the following test data [https://www.google.com/ncr]. @16-09-2021 19:33:54.0314 P

################################################################################################################################################
Starting Execution:	[23 out of 143] test cases in the current suite
Test Method:		[unitTests.tests_validations_assertions.assertElementAttribute_true_regexComparison_expectedToFail]
################################################################################################################################################
[ReportManager] Element Action [Type] successfully performed. With the following test data [Automation123]. @16-09-2021 19:33:54.0686 PM
[ReportManager] Element Action [GetText] successfully performed. With the following test data [Automation123]. @16-09-2021 19:33:54.0793 PM
[ReportManager] Loaded Shared OpenCV @16-09-2021 19:33:54.0957 PM
[ReportManager] Assertion [ValidateElementAttribute] FAILED. Expected [Value Should be 'Automation' for the 'text' attribute, element locator 'By.name: q'] and Actual [Automation123]. Comparison Type [MATCHES]. Validation Type [POSITIVE]. @16-09-2021 19:33:55.0048 PM
[ReportManager] Successfully created attachment [Screenshot - 1631820834957_assertElementAttribute_true_regexComparison_expectedToFail_ValidateElementAttribute_failed] @16-09-2021 19:33:55.0050 P
[ReportManager] Browser Action [CloseCurrentWindow] successfully performed. @16-09-2021 19:33:55.0183 PM
[ReportManager] Successfully created attachment [Browser Action Test Data - CloseCurrentWindow - Actual Value] @16-09-2021 19:33:55.0184 P
[ReportManager] File Action [GetAbsolutePath] successfully performed. With the following test data [Relative Folder Path: "target/downloadedFiles/"]. @16-09-2021 19:33:55.0200 PM
[ReportManager] Attempting to run remotely on: [Linux-64], [GoogleChrome], [http://localhost:4444/wd/hub], Headless Execution. @16-09-2021 19:33:55.0200 PM
[ReportManager] Successfully Opened [GoogleChrome]. @16-09-2021 19:33:55.0415 PM
[ReportManager] Target URL: [https://www.google.com/ncr], and after redirection: [www.google.com] @16-09-2021 19:33:55.0430 PM
[ReportManager] Initial URL: [data:,] @16-09-2021 19:33:55.0472 PM
[ReportManager] Browser Action [NavigateToURL] successfully performed. With the following test data [https://www.google.com/ncr]. @16-09-2021 19:33:56.0626 P

################################################################################################################################################
Starting Execution:	[24 out of 143] test cases in the current suite
Test Method:		[unitTests.tests_validations_assertions.assertElementAttribute_true_regexComparison_expectedToPass]
################################################################################################################################################
[ReportManager] Element Action [Type] successfully performed. With the following test data [Automation123]. @16-09-2021 19:33:56.0985 PM
[ReportManager] Element Action [GetText] successfully performed. With the following test data [Automation123]. @16-09-2021 19:33:57.0096 PM
[ReportManager] Loaded Shared OpenCV @16-09-2021 19:33:57.0264 PM
[ReportManager] Assertion [ValidateElementAttribute] PASSED. Expected [Value Should be 'Automation.*' for the 'text' attribute, element locator 'By.name: q'] and Actual [Automation123]. Comparison Type [MATCHES]. Validation Type [POSITIVE]. @16-09-2021 19:33:57.0353 PM
[ReportManager] Successfully created attachment [Screenshot - 1631820837264_assertElementAttribute_true_regexComparison_expectedToPass_ValidateElementAttribute_passed] @16-09-2021 19:33:57.0354 P
[ReportManager] Browser Action [CloseCurrentWindow] successfully performed. @16-09-2021 19:33:57.0483 PM
[ReportManager] Successfully created attachment [Browser Action Test Data - CloseCurrentWindow - Actual Value] @16-09-2021 19:33:57.0484 P
[ReportManager] File Action [GetAbsolutePath] successfully performed. With the following test data [Relative Folder Path: "target/downloadedFiles/"]. @16-09-2021 19:33:57.0487 PM
[ReportManager] Attempting to run remotely on: [Linux-64], [GoogleChrome], [http://localhost:4444/wd/hub], Headless Execution. @16-09-2021 19:33:57.0487 PM
[ReportManager] Successfully Opened [GoogleChrome]. @16-09-2021 19:33:57.0685 PM
[ReportManager] Target URL: [https://www.google.com/ncr], and after redirection: [www.google.com] @16-09-2021 19:33:57.0695 PM
[ReportManager] Initial URL: [data:,] @16-09-2021 19:33:57.0737 PM
[ReportManager] Browser Action [NavigateToURL] successfully performed. With the following test data [https://www.google.com/ncr]. @16-09-2021 19:33:58.0940 P

################################################################################################################################################
Starting Execution:	[25 out of 143] test cases in the current suite
Test Method:		[unitTests.tests_validations_assertions.assertElementAttribute_type_true_literalComparison_expectedToPass]
################################################################################################################################################
[ReportManager] Element Action [Type] successfully performed. With the following test data [Automation!@#$%^&*()_+{}[]\';/.,]. @16-09-2021 19:33:59.0398 PM
[ReportManager] Element Action [GetText] successfully performed. With the following test data [Automation!@#$%^&*()_+{}[]\';/.,]. @16-09-2021 19:33:59.0498 PM
[ReportManager] Loaded Shared OpenCV @16-09-2021 19:33:59.0634 PM
[ReportManager] Assertion [ValidateElementAttribute] PASSED. Expected [Value Should be 'Automation!@#$%^&*()_+{}[]\';/.,' for the 'text' attribute, element locator 'By.name: q'] and Actual [Automation!@#$%^&*()_+{}[]\';/.,]. Comparison Type [EQUALS]. Validation Type [POSITIVE]. @16-09-2021 19:33:59.0735 PM
[ReportManager] Successfully created attachment [Screenshot - 1631820839633_assertElementAttribute_type_true_literalComparison_expectedToPass_ValidateElementAttribute_passed] @16-09-2021 19:33:59.0736 P
[ReportManager] Browser Action [CloseCurrentWindow] successfully performed. @16-09-2021 19:33:59.0880 PM
[ReportManager] Successfully created attachment [Browser Action Test Data - CloseCurrentWindow - Actual Value] @16-09-2021 19:33:59.0881 P
[ReportManager] File Action [GetAbsolutePath] successfully performed. With the following test data [Relative Folder Path: "target/downloadedFiles/"]. @16-09-2021 19:33:59.0889 PM
[ReportManager] Attempting to run remotely on: [Linux-64], [GoogleChrome], [http://localhost:4444/wd/hub], Headless Execution. @16-09-2021 19:33:59.0889 PM
[ReportManager] Successfully Opened [GoogleChrome]. @16-09-2021 19:34:00.0151 PM
[ReportManager] Target URL: [https://www.google.com/ncr], and after redirection: [www.google.com] @16-09-2021 19:34:00.0163 PM
[ReportManager] Initial URL: [data:,] @16-09-2021 19:34:00.0208 PM
[ReportManager] Browser Action [NavigateToURL] successfully performed. With the following test data [https://www.google.com/ncr]. @16-09-2021 19:34:01.0351 P

################################################################################################################################################
Starting Execution:	[26 out of 143] test cases in the current suite
Test Method:		[unitTests.tests_validations_assertions.assertElementExists_false_expectedToFail]
################################################################################################################################################
[ReportManager] Assertion [ValidateElementExists] PASSED. Expected [Element Should not Exist, locator 'By.id: hplogo'] and Actual [Element Doesn't Exists]. Comparison Type [EQUALS]. Validation Type [NEGATIVE]. @16-09-2021 19:34:11.0776 PM
[ReportManager] Successfully created attachment [Screenshot - 1631820851671_assertElementExists_false_expectedToFail_ValidateElementExists_passed] @16-09-2021 19:34:11.0776 P
[ReportManager] Browser Action [CloseCurrentWindow] successfully performed. @16-09-2021 19:34:11.0909 PM
[ReportManager] Successfully created attachment [Browser Action Test Data - CloseCurrentWindow - Actual Value] @16-09-2021 19:34:11.0910 P
[ReportManager] File Action [GetAbsolutePath] successfully performed. With the following test data [Relative Folder Path: "target/downloadedFiles/"]. @16-09-2021 19:34:11.0914 PM
[ReportManager] Attempting to run remotely on: [Linux-64], [GoogleChrome], [http://localhost:4444/wd/hub], Headless Execution. @16-09-2021 19:34:11.0914 PM
[ReportManager] Successfully Opened [GoogleChrome]. @16-09-2021 19:34:12.0108 PM
[ReportManager] Target URL: [https://www.google.com/ncr], and after redirection: [www.google.com] @16-09-2021 19:34:12.0126 PM
[ReportManager] Initial URL: [data:,] @16-09-2021 19:34:12.0175 PM
[ReportManager] Browser Action [NavigateToURL] successfully performed. With the following test data [https://www.google.com/ncr]. @16-09-2021 19:34:14.0032 P

################################################################################################################################################
Starting Execution:	[27 out of 143] test cases in the current suite
Test Method:		[unitTests.tests_validations_assertions.assertElementExists_false_expectedToPass]
################################################################################################################################################
[ReportManager] Assertion [ValidateElementExists] PASSED. Expected [Element Should not Exist, locator 'By.id: fakeElement'] and Actual [Element Doesn't Exists]. Comparison Type [EQUALS]. Validation Type [NEGATIVE]. @16-09-2021 19:34:24.0454 PM
[ReportManager] Successfully created attachment [Screenshot - 1631820864357_assertElementExists_false_expectedToPass_ValidateElementExists_passed] @16-09-2021 19:34:24.0455 P
[ReportManager] Browser Action [CloseCurrentWindow] successfully performed. @16-09-2021 19:34:24.0584 PM
[ReportManager] Successfully created attachment [Browser Action Test Data - CloseCurrentWindow - Actual Value] @16-09-2021 19:34:24.0585 P
[ReportManager] File Action [GetAbsolutePath] successfully performed. With the following test data [Relative Folder Path: "target/downloadedFiles/"]. @16-09-2021 19:34:24.0587 PM
[ReportManager] Attempting to run remotely on: [Linux-64], [GoogleChrome], [http://localhost:4444/wd/hub], Headless Execution. @16-09-2021 19:34:24.0587 PM
[ReportManager] Successfully Opened [GoogleChrome]. @16-09-2021 19:34:24.0797 PM
[ReportManager] Target URL: [https://www.google.com/ncr], and after redirection: [www.google.com] @16-09-2021 19:34:24.0810 PM
[ReportManager] Initial URL: [data:,] @16-09-2021 19:34:24.0856 PM
[ReportManager] Browser Action [NavigateToURL] successfully performed. With the following test data [https://www.google.com/ncr]. @16-09-2021 19:34:26.0213 P

################################################################################################################################################
Starting Execution:	[28 out of 143] test cases in the current suite
Test Method:		[unitTests.tests_validations_assertions.assertElementExists_false_multipleElementsFound_expectedToFail]
################################################################################################################################################
[ReportManager] Assertion [ValidateElementExists] FAILED. Expected [Element Should not Exist, locator 'By.xpath: //div'] and Actual [Element Exists but is not unique]. Comparison Type [EQUALS]. Validation Type [NEGATIVE]. @16-09-2021 19:34:26.0480 PM
[ReportManager] Successfully created attachment [Screenshot - 1631820866402_assertElementExists_false_multipleElementsFound_expectedToFail_ValidateElementExists_failed] @16-09-2021 19:34:26.0481 P
[ReportManager] Browser Action [CloseCurrentWindow] successfully performed. @16-09-2021 19:34:26.0613 PM
[ReportManager] Successfully created attachment [Browser Action Test Data - CloseCurrentWindow - Actual Value] @16-09-2021 19:34:26.0614 P
[ReportManager] File Action [GetAbsolutePath] successfully performed. With the following test data [Relative Folder Path: "target/downloadedFiles/"]. @16-09-2021 19:34:26.0619 PM
[ReportManager] Attempting to run remotely on: [Linux-64], [GoogleChrome], [http://localhost:4444/wd/hub], Headless Execution. @16-09-2021 19:34:26.0621 PM
[ReportManager] Successfully Opened [GoogleChrome]. @16-09-2021 19:34:26.0828 PM
[ReportManager] Target URL: [https://www.google.com/ncr], and after redirection: [www.google.com] @16-09-2021 19:34:26.0847 PM
[ReportManager] Initial URL: [data:,] @16-09-2021 19:34:26.0905 PM
[ReportManager] Browser Action [NavigateToURL] successfully performed. With the following test data [https://www.google.com/ncr]. @16-09-2021 19:34:28.0117 P

################################################################################################################################################
Starting Execution:	[29 out of 143] test cases in the current suite
Test Method:		[unitTests.tests_validations_assertions.assertElementExists_true_expectedToFail]
################################################################################################################################################
[ReportManager] Assertion [ValidateElementExists] FAILED. Expected [Element Should Exist, locator 'By.id: fakeElement'] and Actual [Element Doesn't Exists]. Comparison Type [EQUALS]. Validation Type [POSITIVE]. @16-09-2021 19:34:58.0807 PM
[ReportManager] Successfully created attachment [Screenshot - 1631820898734_assertElementExists_true_expectedToFail_ValidateElementExists_failed] @16-09-2021 19:34:58.0807 P
[ReportManager] Browser Action [CloseCurrentWindow] successfully performed. @16-09-2021 19:34:58.0939 PM
[ReportManager] Successfully created attachment [Browser Action Test Data - CloseCurrentWindow - Actual Value] @16-09-2021 19:34:58.0940 P
[ReportManager] File Action [GetAbsolutePath] successfully performed. With the following test data [Relative Folder Path: "target/downloadedFiles/"]. @16-09-2021 19:34:58.0944 PM
[ReportManager] Attempting to run remotely on: [Linux-64], [GoogleChrome], [http://localhost:4444/wd/hub], Headless Execution. @16-09-2021 19:34:58.0944 PM
[ReportManager] Successfully Opened [GoogleChrome]. @16-09-2021 19:34:59.0136 PM
[ReportManager] Target URL: [https://www.google.com/ncr], and after redirection: [www.google.com] @16-09-2021 19:34:59.0153 PM
[ReportManager] Initial URL: [data:,] @16-09-2021 19:34:59.0198 PM
[ReportManager] Browser Action [NavigateToURL] successfully performed. With the following test data [https://www.google.com/ncr]. @16-09-2021 19:35:02.0319 P

################################################################################################################################################
Starting Execution:	[30 out of 143] test cases in the current suite
Test Method:		[unitTests.tests_validations_assertions.assertElementExists_true_expectedToPass]
################################################################################################################################################
[ReportManager] Loaded Shared OpenCV @16-09-2021 19:35:02.0519 PM
[ReportManager] Assertion [ValidateElementExists] PASSED. Expected [Element Should Exist, locator 'By.xpath: //*[@id='hplogo' or @alt='Google']'] and Actual [Element Exists]. Comparison Type [EQUALS]. Validation Type [POSITIVE]. @16-09-2021 19:35:02.0614 PM
[ReportManager] Successfully created attachment [Screenshot - 1631820902519_assertElementExists_true_expectedToPass_ValidateElementExists_passed] @16-09-2021 19:35:02.0615 P
[ReportManager] Browser Action [CloseCurrentWindow] successfully performed. @16-09-2021 19:35:02.0742 PM
[ReportManager] Successfully created attachment [Browser Action Test Data - CloseCurrentWindow - Actual Value] @16-09-2021 19:35:02.0742 P
[ReportManager] File Action [GetAbsolutePath] successfully performed. With the following test data [Relative Folder Path: "target/downloadedFiles/"]. @16-09-2021 19:35:02.0747 PM
[ReportManager] Attempting to run remotely on: [Linux-64], [GoogleChrome], [http://localhost:4444/wd/hub], Headless Execution. @16-09-2021 19:35:02.0747 PM
[ReportManager] Successfully Opened [GoogleChrome]. @16-09-2021 19:35:02.0950 PM
[ReportManager] Target URL: [https://www.google.com/ncr], and after redirection: [www.google.com] @16-09-2021 19:35:02.0961 PM
[ReportManager] Initial URL: [data:,] @16-09-2021 19:35:03.0003 PM
[ReportManager] Browser Action [NavigateToURL] successfully performed. With the following test data [https://www.google.com/ncr]. @16-09-2021 19:35:04.0149 P

################################################################################################################################################
Starting Execution:	[31 out of 143] test cases in the current suite
Test Method:		[unitTests.tests_validations_assertions.assertElementExists_true_multipleElementsFound_expectedToFail]
################################################################################################################################################
[ReportManager] Assertion [ValidateElementExists] FAILED. Expected [Element Should Exist, locator 'By.xpath: //div'] and Actual [Element Exists but is not unique]. Comparison Type [EQUALS]. Validation Type [POSITIVE]. @16-09-2021 19:35:04.0386 PM
[ReportManager] Successfully created attachment [Screenshot - 1631820904317_assertElementExists_true_multipleElementsFound_expectedToFail_ValidateElementExists_failed] @16-09-2021 19:35:04.0387 P
[ReportManager] Browser Action [CloseCurrentWindow] successfully performed. @16-09-2021 19:35:04.0516 PM
[ReportManager] Successfully created attachment [Browser Action Test Data - CloseCurrentWindow - Actual Value] @16-09-2021 19:35:04.0517 P

################################################################################################################################################
Starting Execution:	[32 out of 143] test cases in the current suite
Test Method:		[unitTests.tests_validations_assertions.assertEquals_false_expectedToFail]
################################################################################################################################################
[ReportManager] Assertion [ValidateEquals] FAILED. Expected [1] and Actual [1]. Comparison Type [EQUALS]. Validation Type [NEGATIVE]. @16-09-2021 19:35:04.0525 P

################################################################################################################################################
Starting Execution:	[33 out of 143] test cases in the current suite
Test Method:		[unitTests.tests_validations_assertions.assertEquals_false_expectedToPass]
################################################################################################################################################
[ReportManager] Assertion [ValidateEquals] PASSED. Expected [1] and Actual [2]. Comparison Type [EQUALS]. Validation Type [NEGATIVE]. @16-09-2021 19:35:04.0531 P

################################################################################################################################################
Starting Execution:	[34 out of 143] test cases in the current suite
Test Method:		[unitTests.tests_validations_assertions.assertEquals_longCharacters]
################################################################################################################################################
[ReportManager] Verification [ValidateEquals] PASSED. Expected and Actual values are attached. Comparison Type [EQUALS]. Validation Type [POSITIVE]. @16-09-2021 19:35:04.0536 PM
[ReportManager] Successfully created attachment [Validation Test Data - Expected Value] @16-09-2021 19:35:04.0537 PM
[ReportManager] Successfully created attachment [Validation Test Data - Actual Value] @16-09-2021 19:35:04.0537 PM
[ReportManager] Assertion [ValidateEquals] PASSED. Expected and Actual values are attached. Comparison Type [EQUALS]. Validation Type [POSITIVE]. @16-09-2021 19:35:04.0538 PM
[ReportManager] Successfully created attachment [Validation Test Data - Expected Value] @16-09-2021 19:35:04.0538 PM
[ReportManager] Successfully created attachment [Validation Test Data - Actual Value] @16-09-2021 19:35:04.0538 P

################################################################################################################################################
Starting Execution:	[35 out of 143] test cases in the current suite
Test Method:		[unitTests.tests_validations_assertions.assertEquals_longCharacters_Discreet]
################################################################################################################################################
[ReportManager] Assertion [ValidateEquals] PASSED. Expected [1LH5pROcDBjjQk0t0mCr0lXuzQu9lcGj28kY8R1H81X67eVAQJgWQhILiRWVPUgZ6uCtK5cnBkF55Jr9vYngjGO1Iyf0Mktv6lruDlL9T8MAUPcUZJGHZtji6nIeadujDSNmWMj5d6C8zlFqw0CRqBU0hO5adIasHgBSNoLotAjce3NGXoDwAlp3rYreeV16VIyZXROQY] and Actual [1LH5pROcDBjjQk0t0mCr0lXuzQu9lcGj28kY8R1H81X67eVAQJgWQhILiRWVPUgZ6uCtK5cnBkF55Jr9vYngjGO1Iyf0Mktv6lruDlL9T8MAUPcUZJGHZtji6nIeadujDSNmWMj5d6C8zlFqw0CRqBU0hO5adIasHgBSNoLotAjce3NGXoDwAlp3rYreeV16VIyZXROQY]. Comparison Type [EQUALS]. Validation Type [POSITIVE]. @16-09-2021 19:35:04.0543 P

################################################################################################################################################
Starting Execution:	[36 out of 143] test cases in the current suite
Test Method:		[unitTests.tests_validations_assertions.assertEquals_true_expectedToFail]
################################################################################################################################################
[ReportManager] Assertion [ValidateEquals] FAILED. Expected [1] and Actual [2]. Comparison Type [EQUALS]. Validation Type [POSITIVE]. @16-09-2021 19:35:04.0551 P

################################################################################################################################################
Starting Execution:	[37 out of 143] test cases in the current suite
Test Method:		[unitTests.tests_validations_assertions.assertEquals_true_expectedToPass]
Test Description:	[Assert that assertEquals works as expected when the two values are equal.]
################################################################################################################################################
[ReportManager] Verification [ValidateEquals] PASSED. Expected [1] and Actual [1]. Comparison Type [EQUALS]. Validation Type [POSITIVE]. @16-09-2021 19:35:04.0560 PM
[ReportManager] Assertion [ValidateEquals] PASSED. Expected [1] and Actual [1]. Comparison Type [EQUALS]. Validation Type [POSITIVE]. @16-09-2021 19:35:04.0560 P

################################################################################################################################################
Starting Execution:	[38 out of 143] test cases in the current suite
Test Method:		[unitTests.tests_validations_assertions.assertEquals_true_expectedToPass__]
################################################################################################################################################
[ReportManager] Assertion [ValidateEquals] PASSED. Expected [1] and Actual [1]. Comparison Type [EQUALS]. Validation Type [POSITIVE]. @16-09-2021 19:35:04.0564 P

################################################################################################################################################
Starting Execution:	[39 out of 143] test cases in the current suite
Test Method:		[unitTests.tests_validations_assertions.assertFileExists_false_expectedToFail]
################################################################################################################################################
[ReportManager] File Action [DoesFileExist] successfully performed. With the following test data [File Path: "src/main/java/com/shaft/gui/element/ElementActions.java"]. @16-09-2021 19:35:04.0569 PM
[ReportManager] Assertion [ValidateFileExists] FAILED. Expected [File 'src/main/java/com/shaft/gui/element/ElementActions.java' should not exist, after up to '1' retries] and Actual [File exists]. Validation Type [NEGATIVE]. @16-09-2021 19:35:04.0579 P

################################################################################################################################################
Starting Execution:	[40 out of 143] test cases in the current suite
Test Method:		[unitTests.tests_validations_assertions.assertFileExists_false_expectedToPass]
################################################################################################################################################
[ReportManager] File Action [DoesFileExist] successfully performed. With the following test data [File Path: "src/main/java/com/shaft/gui/element/ElementActions.java_fail"]. @16-09-2021 19:35:05.0082 PM
[ReportManager] Assertion [ValidateFileExists] PASSED. Expected [File 'src/main/java/com/shaft/gui/element/ElementActions.java_fail' should not exist, after up to '1' retries] and Actual [File does not exist]. Validation Type [NEGATIVE]. @16-09-2021 19:35:05.0083 P

################################################################################################################################################
Starting Execution:	[41 out of 143] test cases in the current suite
Test Method:		[unitTests.tests_validations_assertions.assertFileExists_true_expectedToFail]
################################################################################################################################################
[ReportManager] File Action [DoesFileExist] successfully performed. With the following test data [File Path: "src/main/java/com/shaft/gui/element/ElementActions.java_fail"]. @16-09-2021 19:35:05.0588 PM
[ReportManager] Assertion [ValidateFileExists] FAILED. Expected [File 'src/main/java/com/shaft/gui/element/ElementActions.java_fail' should exist, after up to '1' retries] and Actual [File does not exist]. Validation Type [POSITIVE]. @16-09-2021 19:35:05.0589 P

################################################################################################################################################
Starting Execution:	[42 out of 143] test cases in the current suite
Test Method:		[unitTests.tests_validations_assertions.assertFileExists_true_expectedToPass]
################################################################################################################################################
[ReportManager] File Action [DoesFileExist] successfully performed. With the following test data [File Path: "src/main/java/com/shaft/gui/element/ElementActions.java"]. @16-09-2021 19:35:05.0593 PM
[ReportManager] Assertion [ValidateFileExists] PASSED. Expected [File 'src/main/java/com/shaft/gui/element/ElementActions.java' should exist, after up to '1' retries] and Actual [File exists]. Validation Type [POSITIVE]. @16-09-2021 19:35:05.0593 P

################################################################################################################################################
Starting Execution:	[43 out of 143] test cases in the current suite
Test Method:		[unitTests.tests_validations_assertions.assertNull_false_expectedToFail]
################################################################################################################################################
[ReportManager] Assertion [ValidateNull] FAILED. Expected [NULL] and Actual [NULL]. Comparison Type [EQUALS]. Validation Type [NEGATIVE]. @16-09-2021 19:35:05.0596 P

################################################################################################################################################
Starting Execution:	[44 out of 143] test cases in the current suite
Test Method:		[unitTests.tests_validations_assertions.assertNull_false_expectedToPass]
################################################################################################################################################
[ReportManager] Assertion [ValidateNull] PASSED. Expected [NULL] and Actual [1]. Comparison Type [EQUALS]. Validation Type [NEGATIVE]. @16-09-2021 19:35:05.0599 P

################################################################################################################################################
Starting Execution:	[45 out of 143] test cases in the current suite
Test Method:		[unitTests.tests_validations_assertions.assertNull_true_expectedToFail]
################################################################################################################################################
[ReportManager] Assertion [ValidateNull] FAILED. Expected [NULL] and Actual [1]. Comparison Type [EQUALS]. Validation Type [POSITIVE]. @16-09-2021 19:35:05.0602 P

################################################################################################################################################
Starting Execution:	[46 out of 143] test cases in the current suite
Test Method:		[unitTests.tests_validations_assertions.assertNull_true_expectedToPass]
################################################################################################################################################
[ReportManager] Assertion [ValidateNull] PASSED. Expected [NULL] and Actual [NULL]. Comparison Type [EQUALS]. Validation Type [POSITIVE]. @16-09-2021 19:35:05.0605 P

################################################################################################################################################
Starting Execution:	[47 out of 143] test cases in the current suite
Test Method:		[unitTests.tests_restActions.getPostsAndAssertBodyForSpecificTitle]
################################################################################################################################################
[ReportManager] Response status code: [200], status line: [HTTP/1.1 200 OK] @16-09-2021 19:35:08.0130 PM
[ReportManager] Assertion Passed: Evaluating the actual response status code against the expected one... @16-09-2021 19:35:08.0131 PM
[ReportManager] Assertion [ValidateEquals] PASSED. Expected [200] and Actual [200]. Comparison Type [EQUALS]. Validation Type [POSITIVE]. @16-09-2021 19:35:08.0131 PM
[ReportManager] API Action [PerformRequest] successfully performed. With the following test data [Request Type: "GET" | Target Status Code: "200" | Service URL: "https://jsonplaceholder.typicode.com/posts" | Content Type: "*/*" | Response Time: "815ms"]. @16-09-2021 19:35:09.0329 PM
[ReportManager] Successfully created attachment [API Request - Specifications] @16-09-2021 19:35:09.0330 PM
[ReportManager] Successfully created attachment [API Response - JSON Body] @16-09-2021 19:35:09.0616 PM
[ReportManager] API Action [GetResponseJSONValueAsList] successfully performed. @16-09-2021 19:35:09.0662 PM
[ReportManager] API Action [GetResponseJSONValue] successfully performed. With the following test data [title]. @16-09-2021 19:35:09.0686 PM
[ReportManager] API Action [GetResponseJSONValue] successfully performed. With the following test data [title]. @16-09-2021 19:35:09.0709 PM
[ReportManager] API Action [GetResponseJSONValue] successfully performed. With the following test data [body]. @16-09-2021 19:35:09.0733 PM
[ReportManager] Assertion [ValidateEquals] PASSED. Expected [qui neque nisi nulla] and Actual [est rerum tempore vitae
sequi sint nihil reprehenderit dolor beatae ea dolores neque
fugiat blanditiis voluptate porro vel nihil molestiae ut reiciendis
qui aperiam non debitis possimus qui neque nisi nulla]. Comparison Type [CONTAINS]. Validation Type [POSITIVE]. @16-09-2021 19:35:09.0734 PM
[ReportManager] API Action [GetResponseJSONValue] successfully performed. With the following test data [title]. @16-09-2021 19:35:09.0750 PM
[ReportManager] API Action [GetResponseJSONValue] successfully performed. With the following test data [title]. @16-09-2021 19:35:09.0765 PM
[ReportManager] API Action [GetResponseJSONValue] successfully performed. With the following test data [title]. @16-09-2021 19:35:09.0790 PM
[ReportManager] API Action [GetResponseJSONValue] successfully performed. With the following test data [title]. @16-09-2021 19:35:09.0806 PM
[ReportManager] API Action [GetResponseJSONValue] successfully performed. With the following test data [title]. @16-09-2021 19:35:09.0823 PM
[ReportManager] API Action [GetResponseJSONValue] successfully performed. With the following test data [title]. @16-09-2021 19:35:09.0840 PM
[ReportManager] API Action [GetResponseJSONValue] successfully performed. With the following test data [title]. @16-09-2021 19:35:09.0857 PM
[ReportManager] API Action [GetResponseJSONValue] successfully performed. With the following test data [title]. @16-09-2021 19:35:09.0872 PM
[ReportManager] API Action [GetResponseJSONValue] successfully performed. With the following test data [title]. @16-09-2021 19:35:09.0891 PM
[ReportManager] API Action [GetResponseJSONValue] successfully performed. With the following test data [title]. @16-09-2021 19:35:09.0905 PM
[ReportManager] API Action [GetResponseJSONValue] successfully performed. With the following test data [title]. @16-09-2021 19:35:09.0932 PM
[ReportManager] API Action [GetResponseJSONValue] successfully performed. With the following test data [title]. @16-09-2021 19:35:09.0948 PM
[ReportManager] API Action [GetResponseJSONValue] successfully performed. With the following test data [title]. @16-09-2021 19:35:09.0958 PM
[ReportManager] API Action [GetResponseJSONValue] successfully performed. With the following test data [title]. @16-09-2021 19:35:09.0968 PM
[ReportManager] API Action [GetResponseJSONValue] successfully performed. With the following test data [title]. @16-09-2021 19:35:09.0978 PM
[ReportManager] API Action [GetResponseJSONValue] successfully performed. With the following test data [title]. @16-09-2021 19:35:09.0987 PM
[ReportManager] API Action [GetResponseJSONValue] successfully performed. With the following test data [title]. @16-09-2021 19:35:09.0997 PM
[ReportManager] API Action [GetResponseJSONValue] successfully performed. With the following test data [title]. @16-09-2021 19:35:10.0007 PM
[ReportManager] API Action [GetResponseJSONValue] successfully performed. With the following test data [title]. @16-09-2021 19:35:10.0016 PM
[ReportManager] API Action [GetResponseJSONValue] successfully performed. With the following test data [title]. @16-09-2021 19:35:10.0025 PM
[ReportManager] API Action [GetResponseJSONValue] successfully performed. With the following test data [title]. @16-09-2021 19:35:10.0035 PM
[ReportManager] API Action [GetResponseJSONValue] successfully performed. With the following test data [title]. @16-09-2021 19:35:10.0044 PM
[ReportManager] API Action [GetResponseJSONValue] successfully performed. With the following test data [title]. @16-09-2021 19:35:10.0054 PM
[ReportManager] API Action [GetResponseJSONValue] successfully performed. With the following test data [title]. @16-09-2021 19:35:10.0063 PM
[ReportManager] API Action [GetResponseJSONValue] successfully performed. With the following test data [title]. @16-09-2021 19:35:10.0072 PM
[ReportManager] API Action [GetResponseJSONValue] successfully performed. With the following test data [title]. @16-09-2021 19:35:10.0082 PM
[ReportManager] API Action [GetResponseJSONValue] successfully performed. With the following test data [title]. @16-09-2021 19:35:10.0092 PM
[ReportManager] API Action [GetResponseJSONValue] successfully performed. With the following test data [title]. @16-09-2021 19:35:10.0102 PM
[ReportManager] API Action [GetResponseJSONValue] successfully performed. With the following test data [title]. @16-09-2021 19:35:10.0143 PM
[ReportManager] API Action [GetResponseJSONValue] successfully performed. With the following test data [title]. @16-09-2021 19:35:10.0162 PM
[ReportManager] API Action [GetResponseJSONValue] successfully performed. With the following test data [title]. @16-09-2021 19:35:10.0181 PM
[ReportManager] API Action [GetResponseJSONValue] successfully performed. With the following test data [title]. @16-09-2021 19:35:10.0208 PM
[ReportManager] API Action [GetResponseJSONValue] successfully performed. With the following test data [title]. @16-09-2021 19:35:10.0222 PM
[ReportManager] API Action [GetResponseJSONValue] successfully performed. With the following test data [title]. @16-09-2021 19:35:10.0246 PM
[ReportManager] API Action [GetResponseJSONValue] successfully performed. With the following test data [title]. @16-09-2021 19:35:10.0264 PM
[ReportManager] API Action [GetResponseJSONValue] successfully performed. With the following test data [title]. @16-09-2021 19:35:10.0292 PM
[ReportManager] API Action [GetResponseJSONValue] successfully performed. With the following test data [title]. @16-09-2021 19:35:10.0302 PM
[ReportManager] API Action [GetResponseJSONValue] successfully performed. With the following test data [title]. @16-09-2021 19:35:10.0325 PM
[ReportManager] API Action [GetResponseJSONValue] successfully performed. With the following test data [title]. @16-09-2021 19:35:10.0366 PM
[ReportManager] API Action [GetResponseJSONValue] successfully performed. With the following test data [title]. @16-09-2021 19:35:10.0395 PM
[ReportManager] API Action [GetResponseJSONValue] successfully performed. With the following test data [title]. @16-09-2021 19:35:10.0414 PM
[ReportManager] API Action [GetResponseJSONValue] successfully performed. With the following test data [title]. @16-09-2021 19:35:10.0433 PM
[ReportManager] API Action [GetResponseJSONValue] successfully performed. With the following test data [title]. @16-09-2021 19:35:10.0464 PM
[ReportManager] API Action [GetResponseJSONValue] successfully performed. With the following test data [title]. @16-09-2021 19:35:10.0483 PM
[ReportManager] API Action [GetResponseJSONValue] successfully performed. With the following test data [title]. @16-09-2021 19:35:10.0497 PM
[ReportManager] API Action [GetResponseJSONValue] successfully performed. With the following test data [title]. @16-09-2021 19:35:10.0508 PM
[ReportManager] API Action [GetResponseJSONValue] successfully performed. With the following test data [title]. @16-09-2021 19:35:10.0523 PM
[ReportManager] API Action [GetResponseJSONValue] successfully performed. With the following test data [title]. @16-09-2021 19:35:10.0545 PM
[ReportManager] API Action [GetResponseJSONValue] successfully performed. With the following test data [title]. @16-09-2021 19:35:10.0557 PM
[ReportManager] API Action [GetResponseJSONValue] successfully performed. With the following test data [title]. @16-09-2021 19:35:10.0570 PM
[ReportManager] API Action [GetResponseJSONValue] successfully performed. With the following test data [title]. @16-09-2021 19:35:10.0584 PM
[ReportManager] API Action [GetResponseJSONValue] successfully performed. With the following test data [title]. @16-09-2021 19:35:10.0598 PM
[ReportManager] API Action [GetResponseJSONValue] successfully performed. With the following test data [title]. @16-09-2021 19:35:10.0613 PM
[ReportManager] API Action [GetResponseJSONValue] successfully performed. With the following test data [title]. @16-09-2021 19:35:10.0624 PM
[ReportManager] API Action [GetResponseJSONValue] successfully performed. With the following test data [title]. @16-09-2021 19:35:10.0635 PM
[ReportManager] API Action [GetResponseJSONValue] successfully performed. With the following test data [title]. @16-09-2021 19:35:10.0648 PM
[ReportManager] API Action [GetResponseJSONValue] successfully performed. With the following test data [title]. @16-09-2021 19:35:10.0658 PM
[ReportManager] API Action [GetResponseJSONValue] successfully performed. With the following test data [title]. @16-09-2021 19:35:10.0668 PM
[ReportManager] API Action [GetResponseJSONValue] successfully performed. With the following test data [title]. @16-09-2021 19:35:10.0688 PM
[ReportManager] API Action [GetResponseJSONValue] successfully performed. With the following test data [title]. @16-09-2021 19:35:10.0739 PM
[ReportManager] API Action [GetResponseJSONValue] successfully performed. With the following test data [title]. @16-09-2021 19:35:10.0755 PM
[ReportManager] API Action [GetResponseJSONValue] successfully performed. With the following test data [title]. @16-09-2021 19:35:10.0765 PM
[ReportManager] API Action [GetResponseJSONValue] successfully performed. With the following test data [title]. @16-09-2021 19:35:10.0777 PM
[ReportManager] API Action [GetResponseJSONValue] successfully performed. With the following test data [title]. @16-09-2021 19:35:10.0795 PM
[ReportManager] API Action [GetResponseJSONValue] successfully performed. With the following test data [title]. @16-09-2021 19:35:10.0806 PM
[ReportManager] API Action [GetResponseJSONValue] successfully performed. With the following test data [title]. @16-09-2021 19:35:10.0820 PM
[ReportManager] API Action [GetResponseJSONValue] successfully performed. With the following test data [title]. @16-09-2021 19:35:10.0831 PM
[ReportManager] API Action [GetResponseJSONValue] successfully performed. With the following test data [title]. @16-09-2021 19:35:10.0842 PM
[ReportManager] API Action [GetResponseJSONValue] successfully performed. With the following test data [title]. @16-09-2021 19:35:10.0854 PM
[ReportManager] API Action [GetResponseJSONValue] successfully performed. With the following test data [title]. @16-09-2021 19:35:10.0867 PM
[ReportManager] API Action [GetResponseJSONValue] successfully performed. With the following test data [title]. @16-09-2021 19:35:10.0877 PM
[ReportManager] API Action [GetResponseJSONValue] successfully performed. With the following test data [title]. @16-09-2021 19:35:10.0893 PM
[ReportManager] API Action [GetResponseJSONValue] successfully performed. With the following test data [title]. @16-09-2021 19:35:10.0914 PM
[ReportManager] API Action [GetResponseJSONValue] successfully performed. With the following test data [title]. @16-09-2021 19:35:10.0925 PM
[ReportManager] API Action [GetResponseJSONValue] successfully performed. With the following test data [title]. @16-09-2021 19:35:10.0935 PM
[ReportManager] API Action [GetResponseJSONValue] successfully performed. With the following test data [title]. @16-09-2021 19:35:10.0948 PM
[ReportManager] API Action [GetResponseJSONValue] successfully performed. With the following test data [title]. @16-09-2021 19:35:10.0963 PM
[ReportManager] API Action [GetResponseJSONValue] successfully performed. With the following test data [title]. @16-09-2021 19:35:10.0974 PM
[ReportManager] API Action [GetResponseJSONValue] successfully performed. With the following test data [title]. @16-09-2021 19:35:10.0985 PM
[ReportManager] API Action [GetResponseJSONValue] successfully performed. With the following test data [title]. @16-09-2021 19:35:10.0998 PM
[ReportManager] API Action [GetResponseJSONValue] successfully performed. With the following test data [title]. @16-09-2021 19:35:11.0013 PM
[ReportManager] API Action [GetResponseJSONValue] successfully performed. With the following test data [title]. @16-09-2021 19:35:11.0038 PM
[ReportManager] API Action [GetResponseJSONValue] successfully performed. With the following test data [title]. @16-09-2021 19:35:11.0049 PM
[ReportManager] API Action [GetResponseJSONValue] successfully performed. With the following test data [title]. @16-09-2021 19:35:11.0068 PM
[ReportManager] API Action [GetResponseJSONValue] successfully performed. With the following test data [title]. @16-09-2021 19:35:11.0084 PM
[ReportManager] API Action [GetResponseJSONValue] successfully performed. With the following test data [title]. @16-09-2021 19:35:11.0094 PM
[ReportManager] API Action [GetResponseJSONValue] successfully performed. With the following test data [title]. @16-09-2021 19:35:11.0103 PM
[ReportManager] API Action [GetResponseJSONValue] successfully performed. With the following test data [title]. @16-09-2021 19:35:11.0114 PM
[ReportManager] API Action [GetResponseJSONValue] successfully performed. With the following test data [title]. @16-09-2021 19:35:11.0127 PM
[ReportManager] API Action [GetResponseJSONValue] successfully performed. With the following test data [title]. @16-09-2021 19:35:11.0138 PM
[ReportManager] API Action [GetResponseJSONValue] successfully performed. With the following test data [title]. @16-09-2021 19:35:11.0154 PM
[ReportManager] API Action [GetResponseJSONValue] successfully performed. With the following test data [title]. @16-09-2021 19:35:11.0176 PM
[ReportManager] API Action [GetResponseJSONValue] successfully performed. With the following test data [title]. @16-09-2021 19:35:11.0191 PM
[ReportManager] API Action [GetResponseJSONValue] successfully performed. With the following test data [title]. @16-09-2021 19:35:11.0199 PM
[ReportManager] API Action [GetResponseJSONValue] successfully performed. With the following test data [title]. @16-09-2021 19:35:11.0211 PM
[ReportManager] API Action [GetResponseJSONValue] successfully performed. With the following test data [title]. @16-09-2021 19:35:11.0221 PM
[ReportManager] API Action [GetResponseJSONValue] successfully performed. With the following test data [title]. @16-09-2021 19:35:11.0232 PM
[ReportManager] API Action [GetResponseJSONValue] successfully performed. With the following test data [title]. @16-09-2021 19:35:11.0241 P

################################################################################################################################################
Starting Execution:	[48 out of 143] test cases in the current suite
Test Method:		[unitTests.tests_restActions.validateUserEmail]
################################################################################################################################################
[ReportManager] Response status code: [200], status line: [HTTP/1.1 200 OK] @16-09-2021 19:35:11.0359 PM
[ReportManager] Assertion Passed: Evaluating the actual response status code against the expected one... @16-09-2021 19:35:11.0360 PM
[ReportManager] Assertion [ValidateEquals] PASSED. Expected [200] and Actual [200]. Comparison Type [EQUALS]. Validation Type [POSITIVE]. @16-09-2021 19:35:11.0360 PM
[ReportManager] API Action [PerformRequest] successfully performed. With the following test data [Request Type: "GET" | Target Status Code: "200" | Service URL: "https://jsonplaceholder.typicode.com/users" | Content Type: "*/*" | Response Time: "107ms"]. @16-09-2021 19:35:11.0387 PM
[ReportManager] Successfully created attachment [API Request - Specifications] @16-09-2021 19:35:11.0387 PM
[ReportManager] Successfully created attachment [API Response - JSON Body] @16-09-2021 19:35:11.0388 PM
[ReportManager] Assertion [ValidateEquals] PASSED. Expected and Actual values are attached. Comparison Type [CONTAINS]. Validation Type [POSITIVE]. @16-09-2021 19:35:11.0388 PM
[ReportManager] Successfully created attachment [Validation Test Data - Expected Value] @16-09-2021 19:35:11.0388 PM
[ReportManager] Successfully created attachment [Validation Test Data - Actual Value] @16-09-2021 19:35:11.0388 PM
[ReportManager] API Action [GetResponseJSONValueAsList] successfully performed. With the following test data [$]. @16-09-2021 19:35:11.0394 PM
[ReportManager] API Action [GetResponseJSONValue] successfully performed. With the following test data [name]. @16-09-2021 19:35:11.0407 PM
[ReportManager] API Action [GetResponseJSONValue] successfully performed. With the following test data [email]. @16-09-2021 19:35:11.0415 PM
[ReportManager] Assertion [ValidateEquals] PASSED. Expected [Sincere@april.biz] and Actual [Sincere@april.biz]. Comparison Type [EQUALS]. Validation Type [POSITIVE]. @16-09-2021 19:35:11.0415 PM
[ReportManager] API Action [GetResponseJSONValue] successfully performed. With the following test data [name]. @16-09-2021 19:35:11.0426 PM
[ReportManager] API Action [GetResponseJSONValue] successfully performed. With the following test data [name]. @16-09-2021 19:35:11.0444 PM
[ReportManager] API Action [GetResponseJSONValue] successfully performed. With the following test data [name]. @16-09-2021 19:35:11.0458 PM
[ReportManager] API Action [GetResponseJSONValue] successfully performed. With the following test data [name]. @16-09-2021 19:35:11.0469 PM
[ReportManager] API Action [GetResponseJSONValue] successfully performed. With the following test data [name]. @16-09-2021 19:35:11.0478 PM
[ReportManager] API Action [GetResponseJSONValue] successfully performed. With the following test data [name]. @16-09-2021 19:35:11.0487 PM
[ReportManager] API Action [GetResponseJSONValue] successfully performed. With the following test data [name]. @16-09-2021 19:35:11.0497 PM
[ReportManager] API Action [GetResponseJSONValue] successfully performed. With the following test data [name]. @16-09-2021 19:35:11.0507 PM
[ReportManager] API Action [GetResponseJSONValue] successfully performed. With the following test data [name]. @16-09-2021 19:35:11.0518 P
[ReportManager] File Action [GetAbsolutePath] successfully performed. With the following test data [Relative Folder Path: "target/downloadedFiles/"]. @16-09-2021 19:35:11.0522 PM
[ReportManager] Attempting to run remotely on: [Linux-64], [GoogleChrome], [http://localhost:4444/wd/hub], Headless Execution. @16-09-2021 19:35:11.0523 PM
[ReportManager] Successfully Opened [GoogleChrome]. @16-09-2021 19:35:11.0834 P

################################################################################################################################################
Starting Execution:	[49 out of 143] test cases in the current suite
Test Method:		[unitTests.tests_element_elementActions.waitForElementToBePresent_false_expectedToFail]
################################################################################################################################################
[ReportManager] Target URL: [https://www.google.com/ncr], and after redirection: [www.google.com] @16-09-2021 19:35:11.0854 PM
[ReportManager] Initial URL: [data:,] @16-09-2021 19:35:11.0906 PM
[ReportManager] Browser Action [NavigateToURL] successfully performed. With the following test data [https://www.google.com/ncr]. @16-09-2021 19:35:13.0163 PM
[ReportManager] Waiting for element to be present; elementLocator [By.xpath: //*[@id='hplogo' or @alt='Google']], numberOfTries[1], stateOfPresence[false]... @16-09-2021 19:35:13.0167 PM
[ReportManager] Element Action [WaitForElementToBePresent] failed. With the following test data [waited for the element's state of presence to be (false). Element locator (By.xpath: //*[@id='hplogo' or @alt='Google'])]. @16-09-2021 19:35:13.0357 PM
[ReportManager] Successfully created attachment [Screenshot - 1631820913282_waitForElementToBePresent_false_expectedToFail_WaitForElementToBePresent_failed] @16-09-2021 19:35:13.0358 P
[ReportManager] Browser Action [CloseCurrentWindow] successfully performed. @16-09-2021 19:35:13.0489 PM
[ReportManager] Successfully created attachment [Browser Action Test Data - CloseCurrentWindow - Actual Value] @16-09-2021 19:35:13.0490 P
[ReportManager] File Action [GetAbsolutePath] successfully performed. With the following test data [Relative Folder Path: "target/downloadedFiles/"]. @16-09-2021 19:35:13.0493 PM
[ReportManager] Attempting to run remotely on: [Linux-64], [GoogleChrome], [http://localhost:4444/wd/hub], Headless Execution. @16-09-2021 19:35:13.0493 PM
[ReportManager] Successfully Opened [GoogleChrome]. @16-09-2021 19:35:13.0687 P

################################################################################################################################################
Starting Execution:	[50 out of 143] test cases in the current suite
Test Method:		[unitTests.tests_element_elementActions.waitForElementToBePresent_false_expectedToPass]
################################################################################################################################################
[ReportManager] Target URL: [https://www.google.com/ncr], and after redirection: [www.google.com] @16-09-2021 19:35:13.0708 PM
[ReportManager] Initial URL: [data:,] @16-09-2021 19:35:13.0755 PM
[ReportManager] Browser Action [NavigateToURL] successfully performed. With the following test data [https://www.google.com/ncr]. @16-09-2021 19:35:14.0826 PM
[ReportManager] Waiting for element to be present; elementLocator [By.id: bla], numberOfTries[1], stateOfPresence[false]... @16-09-2021 19:35:14.0827 PM
[ReportManager] Element Action [WaitForElementToBePresent] successfully performed. With the following test data [waited for the element's state of presence to be (false). Element locator (By.id: bla)]. @16-09-2021 19:35:19.0951 P
[ReportManager] Browser Action [CloseCurrentWindow] successfully performed. @16-09-2021 19:35:20.0078 PM
[ReportManager] Successfully created attachment [Browser Action Test Data - CloseCurrentWindow - Actual Value] @16-09-2021 19:35:20.0079 P
[ReportManager] File Action [GetAbsolutePath] successfully performed. With the following test data [Relative Folder Path: "target/downloadedFiles/"]. @16-09-2021 19:35:20.0081 PM
[ReportManager] Attempting to run remotely on: [Linux-64], [GoogleChrome], [http://localhost:4444/wd/hub], Headless Execution. @16-09-2021 19:35:20.0081 PM
[ReportManager] Successfully Opened [GoogleChrome]. @16-09-2021 19:35:20.0284 P

################################################################################################################################################
Starting Execution:	[51 out of 143] test cases in the current suite
Test Method:		[unitTests.tests_element_elementActions.waitForElementToBePresent_moreThanOneElement_expectedToFail]
################################################################################################################################################
[ReportManager] Target URL: [https://www.google.com/ncr], and after redirection: [www.google.com] @16-09-2021 19:35:20.0300 PM
[ReportManager] Initial URL: [data:,] @16-09-2021 19:35:20.0365 PM
[ReportManager] Browser Action [NavigateToURL] successfully performed. With the following test data [https://www.google.com/ncr]. @16-09-2021 19:35:21.0521 PM
[ReportManager] Waiting for element to be present; elementLocator [By.xpath: //*], numberOfTries[1], stateOfPresence[false]... @16-09-2021 19:35:21.0521 PM
[ReportManager] Element Action [WaitForElementToBePresent] failed. With the following test data [waited for the element's state of presence to be (false). Element locator (By.xpath: //*)]. @16-09-2021 19:35:21.0767 PM
[ReportManager] Successfully created attachment [Screenshot - 1631820921691_waitForElementToBePresent_moreThanOneElement_expectedToFail_WaitForElementToBePresent_failed] @16-09-2021 19:35:21.0768 P
[ReportManager] Browser Action [CloseCurrentWindow] successfully performed. @16-09-2021 19:35:21.0899 PM
[ReportManager] Successfully created attachment [Browser Action Test Data - CloseCurrentWindow - Actual Value] @16-09-2021 19:35:21.0916 P
[ReportManager] File Action [GetAbsolutePath] successfully performed. With the following test data [Relative Folder Path: "target/downloadedFiles/"]. @16-09-2021 19:35:21.0919 PM
[ReportManager] Attempting to run remotely on: [Linux-64], [GoogleChrome], [http://localhost:4444/wd/hub], Headless Execution. @16-09-2021 19:35:21.0919 PM
[ReportManager] Successfully Opened [GoogleChrome]. @16-09-2021 19:35:22.0118 P

################################################################################################################################################
Starting Execution:	[52 out of 143] test cases in the current suite
Test Method:		[unitTests.tests_element_elementActions.waitForElementToBePresent_true_expectedToFail]
################################################################################################################################################
[ReportManager] Target URL: [https://www.google.com/ncr], and after redirection: [www.google.com] @16-09-2021 19:35:22.0135 PM
[ReportManager] Initial URL: [data:,] @16-09-2021 19:35:22.0210 PM
[ReportManager] Browser Action [NavigateToURL] successfully performed. With the following test data [https://www.google.com/ncr]. @16-09-2021 19:35:25.0010 PM
[ReportManager] Waiting for element to be present; elementLocator [By.id: bla], numberOfTries[1], stateOfPresence[true]... @16-09-2021 19:35:25.0010 PM
[ReportManager] Element Action [WaitForElementToBePresent] failed. With the following test data [waited for the element's state of presence to be (true). Element locator (By.id: bla)]. @16-09-2021 19:35:30.0275 PM
[ReportManager] Successfully created attachment [Screenshot - 1631820930203_waitForElementToBePresent_true_expectedToFail_WaitForElementToBePresent_failed] @16-09-2021 19:35:30.0275 P
[ReportManager] Browser Action [CloseCurrentWindow] successfully performed. @16-09-2021 19:35:30.0404 PM
[ReportManager] Successfully created attachment [Browser Action Test Data - CloseCurrentWindow - Actual Value] @16-09-2021 19:35:30.0405 P
[ReportManager] File Action [GetAbsolutePath] successfully performed. With the following test data [Relative Folder Path: "target/downloadedFiles/"]. @16-09-2021 19:35:30.0409 PM
[ReportManager] Attempting to run remotely on: [Linux-64], [GoogleChrome], [http://localhost:4444/wd/hub], Headless Execution. @16-09-2021 19:35:30.0409 PM
[ReportManager] Successfully Opened [GoogleChrome]. @16-09-2021 19:35:30.0616 P

################################################################################################################################################
Starting Execution:	[53 out of 143] test cases in the current suite
Test Method:		[unitTests.tests_element_elementActions.waitForElementToBePresent_true_expectedToPass]
################################################################################################################################################
[ReportManager] Target URL: [https://www.google.com/ncr], and after redirection: [www.google.com] @16-09-2021 19:35:30.0632 PM
[ReportManager] Initial URL: [data:,] @16-09-2021 19:35:30.0674 PM
[ReportManager] Browser Action [NavigateToURL] successfully performed. With the following test data [https://www.google.com/ncr]. @16-09-2021 19:35:31.0869 PM
[ReportManager] Waiting for element to be present; elementLocator [By.xpath: //*[@id='hplogo' or @alt='Google']], numberOfTries[1], stateOfPresence[true]... @16-09-2021 19:35:31.0869 PM
[ReportManager] Element Action [WaitForElementToBePresent] successfully performed. With the following test data [waited for the element's state of presence to be (true). Element locator (By.xpath: //*[@id='hplogo' or @alt='Google'])]. @16-09-2021 19:35:31.0926 PM
[ReportManager] File Action [DoesFileExist] successfully performed. With the following test data [File Path: "src/test/resources/DynamicObjectRepository/unitTests_tests_element_elementActions_waitForElementToBePresent_true_expectedToPass_By_xpath_id_hplogo_or_alt_Google.png"]. @16-09-2021 19:35:31.0930 PM
[ReportManager] File Action [DoesFileExist] successfully performed. With the following test data [File Path: "src/test/resources/DynamicObjectRepository/unitTests_tests_element_elementActions_waitForElementToBePresent_true_expectedToPass_By_xpath_id_hplogo_or_alt_Google.png"]. @16-09-2021 19:35:32.0090 PM
[ReportManager] Passing the test and saving a reference image @16-09-2021 19:35:32.0090 PM
[ReportManager] File Action [GetAbsolutePath] successfully performed. With the following test data [Relative File Path: "src/test/resources/DynamicObjectRepository/unitTests_tests_element_elementActions_waitForElementToBePresent_true_expectedToPass_By_xpath_id_hplogo_or_alt_Google.png"]. @16-09-2021 19:35:32.0090 PM
[ReportManager] File Action [WriteToFile] successfully performed. With the following test data [Target File Path: "/home/runner/work/SHAFT_ENGINE/SHAFT_ENGINE/src/test/resources/DynamicObjectRepository/unitTests_tests_element_elementActions_waitForElementToBePresent_true_expectedToPass_By_xpath_id_hplogo_or_alt_Google.png"]. @16-09-2021 19:35:32.0091 PM
[ReportManager] Assertion Passed: Using Visual AI; OpenCV @16-09-2021 19:35:32.0091 PM
[ReportManager] Successfully created attachment [Validation Test Data - Actual Screenshot] @16-09-2021 19:35:32.0092 PM
[ReportManager] Assertion [ValidateElementMatches] PASSED. Expected [Element should match the reference screenshot] and Actual [TRUE]. Comparison Type [EXACT_OPENCV]. Validation Type [POSITIVE]. @16-09-2021 19:35:32.0092 P
[ReportManager] Browser Action [CloseCurrentWindow] successfully performed. @16-09-2021 19:35:32.0222 PM
[ReportManager] Successfully created attachment [Browser Action Test Data - CloseCurrentWindow - Actual Value] @16-09-2021 19:35:32.0223 P
[ReportManager] File Action [GetAbsolutePath] successfully performed. With the following test data [Relative Folder Path: "target/downloadedFiles/"]. @16-09-2021 19:35:32.0227 PM
[ReportManager] Attempting to run remotely on: [Linux-64], [GoogleChrome], [http://localhost:4444/wd/hub], Headless Execution. @16-09-2021 19:35:32.0228 PM
[ReportManager] Successfully Opened [GoogleChrome]. @16-09-2021 19:35:32.0423 PM
[ReportManager] Target URL: [https://duckduckgo.com] @16-09-2021 19:35:32.0433 PM
[ReportManager] Initial URL: [data:,] @16-09-2021 19:35:32.0476 PM
[ReportManager] Browser Action [NavigateToURL] successfully performed. With the following test data [https://duckduckgo.com]. @16-09-2021 19:35:33.0018 P

################################################################################################################################################
Starting Execution:	[54 out of 143] test cases in the current suite
Test Method:		[unitTests.tests_browserActions.fullScreenWindow]
################################################################################################################################################
[ReportManager] Initial Windows Size: 800x600 @16-09-2021 19:35:33.0030 PM
[ReportManager] Initial window size: (800, 600) @16-09-2021 19:35:33.0033 PM
[ReportManager] Window size after Toolkit: (1920, 1080) @16-09-2021 19:35:33.0250 PM
[ReportManager] Browser Action [MaximizeWindow] successfully performed. With the following test data [New screen size is now: (1920, 1080)]. @16-09-2021 19:35:33.0253 PM
[ReportManager] Current Windows Size after fullScreen: 1920x1080 @16-09-2021 19:35:33.0261 PM
[ReportManager] Browser Action [FullScreenWindow] successfully performed. @16-09-2021 19:35:33.0278 PM
[ReportManager] Successfully created attachment [Browser Action Test Data - FullScreenWindow - Actual Value] @16-09-2021 19:35:33.0280 P
[ReportManager] Target URL: [https://duckduckgo.com] @16-09-2021 19:35:33.0283 PM
[ReportManager] Initial URL: [https://duckduckgo.com] @16-09-2021 19:35:33.0355 PM
[ReportManager] Browser Action [NavigateToURL] successfully performed. With the following test data [https://duckduckgo.com]. @16-09-2021 19:35:33.0696 PM
[ReportManager] Browser Action [CloseCurrentWindow] successfully performed. @16-09-2021 19:35:33.0795 PM
[ReportManager] Successfully created attachment [Browser Action Test Data - CloseCurrentWindow - Actual Value] @16-09-2021 19:35:33.0797 P
[ReportManager] File Action [GetAbsolutePath] successfully performed. With the following test data [Relative Folder Path: "target/downloadedFiles/"]. @16-09-2021 19:35:33.0803 PM
[ReportManager] Attempting to run remotely on: [Linux-64], [GoogleChrome], [http://localhost:4444/wd/hub], Headless Execution. @16-09-2021 19:35:33.0803 PM
[ReportManager] Successfully Opened [GoogleChrome]. @16-09-2021 19:35:33.0993 PM
[ReportManager] Target URL: [https://duckduckgo.com] @16-09-2021 19:35:34.0004 PM
[ReportManager] Initial URL: [data:,] @16-09-2021 19:35:34.0058 PM
[ReportManager] Browser Action [NavigateToURL] successfully performed. With the following test data [https://duckduckgo.com]. @16-09-2021 19:35:34.0624 P

################################################################################################################################################
Starting Execution:	[55 out of 143] test cases in the current suite
Test Method:		[unitTests.tests_browserActions.getCurrentURL]
################################################################################################################################################
[ReportManager] Browser Action [GetCurrentURL] successfully performed. With the following test data [https://duckduckgo.com/]. @16-09-2021 19:35:34.0666 P
[ReportManager] Target URL: [https://duckduckgo.com] @16-09-2021 19:35:34.0668 PM
[ReportManager] Initial URL: [https://duckduckgo.com] @16-09-2021 19:35:34.0743 PM
[ReportManager] Browser Action [NavigateToURL] successfully performed. With the following test data [https://duckduckgo.com]. @16-09-2021 19:35:35.0065 PM
[ReportManager] Browser Action [CloseCurrentWindow] successfully performed. @16-09-2021 19:35:35.0178 PM
[ReportManager] Successfully created attachment [Browser Action Test Data - CloseCurrentWindow - Actual Value] @16-09-2021 19:35:35.0179 P
[ReportManager] File Action [GetAbsolutePath] successfully performed. With the following test data [Relative Folder Path: "target/downloadedFiles/"]. @16-09-2021 19:35:35.0181 PM
[ReportManager] Attempting to run remotely on: [Linux-64], [GoogleChrome], [http://localhost:4444/wd/hub], Headless Execution. @16-09-2021 19:35:35.0181 PM
[ReportManager] Successfully Opened [GoogleChrome]. @16-09-2021 19:35:35.0392 PM
[ReportManager] Target URL: [https://duckduckgo.com] @16-09-2021 19:35:35.0407 PM
[ReportManager] Initial URL: [data:,] @16-09-2021 19:35:35.0471 PM
[ReportManager] Browser Action [NavigateToURL] successfully performed. With the following test data [https://duckduckgo.com]. @16-09-2021 19:35:36.0129 P

################################################################################################################################################
Starting Execution:	[56 out of 143] test cases in the current suite
Test Method:		[unitTests.tests_browserActions.getCurrentWindowTitle]
################################################################################################################################################
[ReportManager] Browser Action [GetCurrentWindowTitle] successfully performed. With the following test data [DuckDuckGo  Privacy, simplified.]. @16-09-2021 19:35:36.0174 P
[ReportManager] Target URL: [https://duckduckgo.com] @16-09-2021 19:35:36.0181 PM
[ReportManager] Initial URL: [https://duckduckgo.com] @16-09-2021 19:35:36.0234 PM
[ReportManager] Browser Action [NavigateToURL] successfully performed. With the following test data [https://duckduckgo.com]. @16-09-2021 19:35:36.0573 PM
[ReportManager] Browser Action [CloseCurrentWindow] successfully performed. @16-09-2021 19:35:36.0682 PM
[ReportManager] Successfully created attachment [Browser Action Test Data - CloseCurrentWindow - Actual Value] @16-09-2021 19:35:36.0682 P
[ReportManager] File Action [GetAbsolutePath] successfully performed. With the following test data [Relative Folder Path: "target/downloadedFiles/"]. @16-09-2021 19:35:36.0685 PM
[ReportManager] Attempting to run remotely on: [Linux-64], [GoogleChrome], [http://localhost:4444/wd/hub], Headless Execution. @16-09-2021 19:35:36.0686 PM
[ReportManager] Successfully Opened [GoogleChrome]. @16-09-2021 19:35:37.0009 PM
[ReportManager] Target URL: [https://duckduckgo.com] @16-09-2021 19:35:37.0021 PM
[ReportManager] Initial URL: [data:,] @16-09-2021 19:35:37.0113 PM
[ReportManager] Browser Action [NavigateToURL] successfully performed. With the following test data [https://duckduckgo.com]. @16-09-2021 19:35:37.0729 P

################################################################################################################################################
Starting Execution:	[57 out of 143] test cases in the current suite
Test Method:		[unitTests.tests_browserActions.getPageSource]
################################################################################################################################################
[ReportManager] Browser Action [GetPageSource] successfully performed. @16-09-2021 19:35:37.0775 PM
[ReportManager] Successfully created attachment [Browser Action Test Data - GetPageSource - Actual Value] @16-09-2021 19:35:37.0776 P
[ReportManager] Target URL: [https://duckduckgo.com] @16-09-2021 19:35:37.0778 PM
[ReportManager] Initial URL: [https://duckduckgo.com] @16-09-2021 19:35:37.0846 PM
[ReportManager] Browser Action [NavigateToURL] successfully performed. With the following test data [https://duckduckgo.com]. @16-09-2021 19:35:38.0180 PM
[ReportManager] Browser Action [CloseCurrentWindow] successfully performed. @16-09-2021 19:35:38.0279 PM
[ReportManager] Successfully created attachment [Browser Action Test Data - CloseCurrentWindow - Actual Value] @16-09-2021 19:35:38.0279 P
[ReportManager] File Action [GetAbsolutePath] successfully performed. With the following test data [Relative Folder Path: "target/downloadedFiles/"]. @16-09-2021 19:35:38.0283 PM
[ReportManager] Attempting to run remotely on: [Linux-64], [GoogleChrome], [http://localhost:4444/wd/hub], Headless Execution. @16-09-2021 19:35:38.0283 PM
[ReportManager] Successfully Opened [GoogleChrome]. @16-09-2021 19:35:38.0490 PM
[ReportManager] Target URL: [https://duckduckgo.com] @16-09-2021 19:35:38.0500 PM
[ReportManager] Initial URL: [data:,] @16-09-2021 19:35:38.0537 PM
[ReportManager] Browser Action [NavigateToURL] successfully performed. With the following test data [https://duckduckgo.com]. @16-09-2021 19:35:39.0033 P

################################################################################################################################################
Starting Execution:	[58 out of 143] test cases in the current suite
Test Method:		[unitTests.tests_browserActions.getWindowHandle]
################################################################################################################################################
[ReportManager] Browser Action [GetWindowHandle] successfully performed. With the following test data [CDwindow-93E6C0EB9486CDA3D9BC903016C03DC5]. @16-09-2021 19:35:39.0072 P
[ReportManager] Target URL: [https://duckduckgo.com] @16-09-2021 19:35:39.0075 PM
[ReportManager] Initial URL: [https://duckduckgo.com] @16-09-2021 19:35:39.0138 PM
[ReportManager] Browser Action [NavigateToURL] successfully performed. With the following test data [https://duckduckgo.com]. @16-09-2021 19:35:39.0466 PM
[ReportManager] Browser Action [CloseCurrentWindow] successfully performed. @16-09-2021 19:35:39.0563 PM
[ReportManager] Successfully created attachment [Browser Action Test Data - CloseCurrentWindow - Actual Value] @16-09-2021 19:35:39.0563 P
[ReportManager] File Action [GetAbsolutePath] successfully performed. With the following test data [Relative Folder Path: "target/downloadedFiles/"]. @16-09-2021 19:35:39.0568 PM
[ReportManager] Attempting to run remotely on: [Linux-64], [GoogleChrome], [http://localhost:4444/wd/hub], Headless Execution. @16-09-2021 19:35:39.0568 PM
[ReportManager] Successfully Opened [GoogleChrome]. @16-09-2021 19:35:39.0764 PM
[ReportManager] Target URL: [https://duckduckgo.com] @16-09-2021 19:35:39.0774 PM
[ReportManager] Initial URL: [data:,] @16-09-2021 19:35:39.0811 PM
[ReportManager] Browser Action [NavigateToURL] successfully performed. With the following test data [https://duckduckgo.com]. @16-09-2021 19:35:40.0258 P

################################################################################################################################################
Starting Execution:	[59 out of 143] test cases in the current suite
Test Method:		[unitTests.tests_browserActions.getWindowPosition]
################################################################################################################################################
[ReportManager] Browser Action [GetWindowPosition] successfully performed. With the following test data [(0, 0)]. @16-09-2021 19:35:40.0291 P
[ReportManager] Target URL: [https://duckduckgo.com] @16-09-2021 19:35:40.0293 PM
[ReportManager] Initial URL: [https://duckduckgo.com] @16-09-2021 19:35:40.0354 PM
[ReportManager] Browser Action [NavigateToURL] successfully performed. With the following test data [https://duckduckgo.com]. @16-09-2021 19:35:40.0654 PM
[ReportManager] Browser Action [CloseCurrentWindow] successfully performed. @16-09-2021 19:35:40.0756 PM
[ReportManager] Successfully created attachment [Browser Action Test Data - CloseCurrentWindow - Actual Value] @16-09-2021 19:35:40.0757 P
[ReportManager] File Action [GetAbsolutePath] successfully performed. With the following test data [Relative Folder Path: "target/downloadedFiles/"]. @16-09-2021 19:35:40.0759 PM
[ReportManager] Attempting to run remotely on: [Linux-64], [GoogleChrome], [http://localhost:4444/wd/hub], Headless Execution. @16-09-2021 19:35:40.0759 PM
[ReportManager] Successfully Opened [GoogleChrome]. @16-09-2021 19:35:40.0976 PM
[ReportManager] Target URL: [https://duckduckgo.com] @16-09-2021 19:35:40.0993 PM
[ReportManager] Initial URL: [data:,] @16-09-2021 19:35:41.0031 PM
[ReportManager] Browser Action [NavigateToURL] successfully performed. With the following test data [https://duckduckgo.com]. @16-09-2021 19:35:41.0498 P

################################################################################################################################################
Starting Execution:	[60 out of 143] test cases in the current suite
Test Method:		[unitTests.tests_browserActions.getWindowSize]
################################################################################################################################################
[ReportManager] Browser Action [GetWindowSize] successfully performed. With the following test data [(800, 600)]. @16-09-2021 19:35:41.0535 P
[ReportManager] Target URL: [https://duckduckgo.com] @16-09-2021 19:35:41.0536 PM
[ReportManager] Initial URL: [https://duckduckgo.com] @16-09-2021 19:35:41.0586 PM
[ReportManager] Browser Action [NavigateToURL] successfully performed. With the following test data [https://duckduckgo.com]. @16-09-2021 19:35:41.0898 PM
[ReportManager] Browser Action [CloseCurrentWindow] successfully performed. @16-09-2021 19:35:41.0998 PM
[ReportManager] Successfully created attachment [Browser Action Test Data - CloseCurrentWindow - Actual Value] @16-09-2021 19:35:41.0998 P
[ReportManager] File Action [GetAbsolutePath] successfully performed. With the following test data [Relative Folder Path: "target/downloadedFiles/"]. @16-09-2021 19:35:42.0000 PM
[ReportManager] Attempting to run remotely on: [Linux-64], [GoogleChrome], [http://localhost:4444/wd/hub], Headless Execution. @16-09-2021 19:35:42.0001 PM
[ReportManager] Successfully Opened [GoogleChrome]. @16-09-2021 19:35:42.0200 PM
[ReportManager] Target URL: [https://duckduckgo.com] @16-09-2021 19:35:42.0221 PM
[ReportManager] Initial URL: [data:,] @16-09-2021 19:35:42.0258 PM
[ReportManager] Browser Action [NavigateToURL] successfully performed. With the following test data [https://duckduckgo.com]. @16-09-2021 19:35:42.0701 P

################################################################################################################################################
Starting Execution:	[61 out of 143] test cases in the current suite
Test Method:		[unitTests.tests_browserActions.maximizeWindow]
################################################################################################################################################
[ReportManager] Initial window size: (800, 600) @16-09-2021 19:35:42.0707 PM
[ReportManager] Window size after Toolkit: (1920, 1080) @16-09-2021 19:35:42.0934 PM
[ReportManager] Browser Action [MaximizeWindow] successfully performed. With the following test data [New screen size is now: (1920, 1080)]. @16-09-2021 19:35:42.0937 P
[ReportManager] Target URL: [https://duckduckgo.com] @16-09-2021 19:35:42.0938 PM
[ReportManager] Initial URL: [https://duckduckgo.com] @16-09-2021 19:35:43.0007 PM
[ReportManager] Browser Action [NavigateToURL] successfully performed. With the following test data [https://duckduckgo.com]. @16-09-2021 19:35:43.0358 PM
[ReportManager] Browser Action [CloseCurrentWindow] successfully performed. @16-09-2021 19:35:43.0460 PM
[ReportManager] Successfully created attachment [Browser Action Test Data - CloseCurrentWindow - Actual Value] @16-09-2021 19:35:43.0460 P
[ReportManager] File Action [GetAbsolutePath] successfully performed. With the following test data [Relative Folder Path: "target/downloadedFiles/"]. @16-09-2021 19:35:43.0462 PM
[ReportManager] Attempting to run remotely on: [Linux-64], [GoogleChrome], [http://localhost:4444/wd/hub], Headless Execution. @16-09-2021 19:35:43.0462 PM
[ReportManager] Successfully Opened [GoogleChrome]. @16-09-2021 19:35:43.0723 PM
[ReportManager] Target URL: [https://duckduckgo.com] @16-09-2021 19:35:43.0736 PM
[ReportManager] Initial URL: [data:,] @16-09-2021 19:35:43.0774 PM
[ReportManager] Browser Action [NavigateToURL] successfully performed. With the following test data [https://duckduckgo.com]. @16-09-2021 19:35:44.0268 P

################################################################################################################################################
Starting Execution:	[62 out of 143] test cases in the current suite
Test Method:		[unitTests.tests_browserActions.navigateBack]
################################################################################################################################################
[ReportManager] Target URL: [https://www.google.com/ncr], and after redirection: [https://www.google.com] @16-09-2021 19:35:44.0272 PM
[ReportManager] Initial URL: [https://duckduckgo.com] @16-09-2021 19:35:44.0325 PM
[ReportManager] Browser Action [NavigateToURL] successfully performed. With the following test data [https://www.google.com/ncr]. @16-09-2021 19:35:45.0501 PM
[ReportManager] Browser Action [NavigateBack] successfully performed. With the following test data [https://duckduckgo.com/]. @16-09-2021 19:35:45.0874 PM
[ReportManager] Browser Action [GetCurrentURL] successfully performed. With the following test data [https://duckduckgo.com/]. @16-09-2021 19:35:45.0907 PM
[ReportManager] Assertion Passed: Confirming that navigating back was successful @16-09-2021 19:35:46.0061 PM
[ReportManager] Successfully created attachment [Screenshot - 1631820945987_navigateBack_ValidateBrowserAttribute_passed] @16-09-2021 19:35:46.0062 PM
[ReportManager] Assertion [ValidateBrowserAttribute] PASSED. Expected [Value Should be 'https://duckduckgo.com' for the 'CurrentUrl' attribute] and Actual [https://duckduckgo.com/]. Comparison Type [CONTAINS]. Validation Type [POSITIVE]. @16-09-2021 19:35:46.0062 P
[ReportManager] Target URL: [https://duckduckgo.com] @16-09-2021 19:35:46.0068 PM
[ReportManager] Initial URL: [https://duckduckgo.com] @16-09-2021 19:35:46.0130 PM
[ReportManager] Browser Action [NavigateToURL] successfully performed. With the following test data [https://duckduckgo.com]. @16-09-2021 19:35:46.0427 PM
[ReportManager] Browser Action [CloseCurrentWindow] successfully performed. @16-09-2021 19:35:46.0531 PM
[ReportManager] Successfully created attachment [Browser Action Test Data - CloseCurrentWindow - Actual Value] @16-09-2021 19:35:46.0531 P
[ReportManager] File Action [GetAbsolutePath] successfully performed. With the following test data [Relative Folder Path: "target/downloadedFiles/"]. @16-09-2021 19:35:46.0535 PM
[ReportManager] Attempting to run remotely on: [Linux-64], [GoogleChrome], [http://localhost:4444/wd/hub], Headless Execution. @16-09-2021 19:35:46.0535 PM
[ReportManager] Successfully Opened [GoogleChrome]. @16-09-2021 19:35:46.0749 PM
[ReportManager] Target URL: [https://duckduckgo.com] @16-09-2021 19:35:46.0763 PM
[ReportManager] Initial URL: [data:,] @16-09-2021 19:35:46.0808 PM
[ReportManager] Browser Action [NavigateToURL] successfully performed. With the following test data [https://duckduckgo.com]. @16-09-2021 19:35:47.0325 P

################################################################################################################################################
Starting Execution:	[63 out of 143] test cases in the current suite
Test Method:		[unitTests.tests_browserActions.navigateForward]
################################################################################################################################################
[ReportManager] Target URL: [https://www.google.com/ncr], and after redirection: [https://www.google.com] @16-09-2021 19:35:47.0332 PM
[ReportManager] Initial URL: [https://duckduckgo.com] @16-09-2021 19:35:47.0395 PM
[ReportManager] Browser Action [NavigateToURL] successfully performed. With the following test data [https://www.google.com/ncr]. @16-09-2021 19:35:48.0564 PM
[ReportManager] Browser Action [NavigateBack] successfully performed. With the following test data [https://duckduckgo.com/]. @16-09-2021 19:35:48.0923 PM
[ReportManager] Browser Action [NavigateForward] successfully performed. With the following test data [https://www.google.com/]. @16-09-2021 19:35:49.0349 P
[ReportManager] Target URL: [https://duckduckgo.com] @16-09-2021 19:35:49.0353 PM
[ReportManager] Initial URL: [https://www.google.com] @16-09-2021 19:35:49.0429 PM
[ReportManager] Browser Action [NavigateToURL] successfully performed. With the following test data [https://duckduckgo.com]. @16-09-2021 19:35:49.0890 PM
[ReportManager] Browser Action [CloseCurrentWindow] successfully performed. @16-09-2021 19:35:49.0994 PM
[ReportManager] Successfully created attachment [Browser Action Test Data - CloseCurrentWindow - Actual Value] @16-09-2021 19:35:49.0995 P
[ReportManager] File Action [GetAbsolutePath] successfully performed. With the following test data [Relative Folder Path: "target/downloadedFiles/"]. @16-09-2021 19:35:49.0997 PM
[ReportManager] Attempting to run remotely on: [Linux-64], [GoogleChrome], [http://localhost:4444/wd/hub], Headless Execution. @16-09-2021 19:35:49.0997 PM
[ReportManager] Successfully Opened [GoogleChrome]. @16-09-2021 19:35:50.0185 PM
[ReportManager] Target URL: [https://duckduckgo.com] @16-09-2021 19:35:50.0195 PM
[ReportManager] Initial URL: [data:,] @16-09-2021 19:35:50.0245 PM
[ReportManager] Browser Action [NavigateToURL] successfully performed. With the following test data [https://duckduckgo.com]. @16-09-2021 19:35:50.0745 P

################################################################################################################################################
Starting Execution:	[64 out of 143] test cases in the current suite
Test Method:		[unitTests.tests_browserActions.navigateToURL]
################################################################################################################################################
[ReportManager] Target URL: [https://duckduckgo.com] @16-09-2021 19:35:50.0753 PM
[ReportManager] Initial URL: [https://duckduckgo.com] @16-09-2021 19:35:50.0812 PM
[ReportManager] Browser Action [NavigateToURL] successfully performed. With the following test data [https://duckduckgo.com]. @16-09-2021 19:35:51.0167 P
[ReportManager] Target URL: [https://duckduckgo.com] @16-09-2021 19:35:51.0171 PM
[ReportManager] Initial URL: [https://duckduckgo.com] @16-09-2021 19:35:51.0224 PM
[ReportManager] Browser Action [NavigateToURL] successfully performed. With the following test data [https://duckduckgo.com]. @16-09-2021 19:35:51.0513 PM
[ReportManager] Browser Action [CloseCurrentWindow] successfully performed. @16-09-2021 19:35:51.0613 PM
[ReportManager] Successfully created attachment [Browser Action Test Data - CloseCurrentWindow - Actual Value] @16-09-2021 19:35:51.0614 P
[ReportManager] File Action [GetAbsolutePath] successfully performed. With the following test data [Relative Folder Path: "target/downloadedFiles/"]. @16-09-2021 19:35:51.0617 PM
[ReportManager] Attempting to run remotely on: [Linux-64], [GoogleChrome], [http://localhost:4444/wd/hub], Headless Execution. @16-09-2021 19:35:51.0617 PM
[ReportManager] Successfully Opened [GoogleChrome]. @16-09-2021 19:35:51.0802 PM
[ReportManager] Target URL: [https://duckduckgo.com] @16-09-2021 19:35:51.0812 PM
[ReportManager] Initial URL: [data:,] @16-09-2021 19:35:51.0856 PM
[ReportManager] Browser Action [NavigateToURL] successfully performed. With the following test data [https://duckduckgo.com]. @16-09-2021 19:35:52.0328 P

################################################################################################################################################
Starting Execution:	[65 out of 143] test cases in the current suite
Test Method:		[unitTests.tests_browserActions.navigateToURLWithRedirection]
################################################################################################################################################
[ReportManager] Target URL: [https://www.google.com/ncr], and after redirection: [https://www.google.com] @16-09-2021 19:35:52.0330 PM
[ReportManager] Initial URL: [https://duckduckgo.com] @16-09-2021 19:35:52.0385 PM
[ReportManager] Browser Action [NavigateToURL] successfully performed. With the following test data [https://www.google.com/ncr]. @16-09-2021 19:35:53.0543 P
[ReportManager] Target URL: [https://duckduckgo.com] @16-09-2021 19:35:53.0545 PM
[ReportManager] Initial URL: [https://www.google.com] @16-09-2021 19:35:53.0617 PM
[ReportManager] Browser Action [NavigateToURL] successfully performed. With the following test data [https://duckduckgo.com]. @16-09-2021 19:35:54.0074 PM
[ReportManager] Browser Action [CloseCurrentWindow] successfully performed. @16-09-2021 19:35:54.0169 PM
[ReportManager] Successfully created attachment [Browser Action Test Data - CloseCurrentWindow - Actual Value] @16-09-2021 19:35:54.0170 P
[ReportManager] File Action [GetAbsolutePath] successfully performed. With the following test data [Relative Folder Path: "target/downloadedFiles/"]. @16-09-2021 19:35:54.0172 PM
[ReportManager] Attempting to run remotely on: [Linux-64], [GoogleChrome], [http://localhost:4444/wd/hub], Headless Execution. @16-09-2021 19:35:54.0172 PM
[ReportManager] Successfully Opened [GoogleChrome]. @16-09-2021 19:35:54.0407 PM
[ReportManager] Target URL: [https://duckduckgo.com] @16-09-2021 19:35:54.0417 PM
[ReportManager] Initial URL: [data:,] @16-09-2021 19:35:54.0454 PM
[ReportManager] Browser Action [NavigateToURL] successfully performed. With the following test data [https://duckduckgo.com]. @16-09-2021 19:35:54.0933 P

################################################################################################################################################
Starting Execution:	[66 out of 143] test cases in the current suite
Test Method:		[unitTests.tests_browserActions.refreshCurrentPage]
################################################################################################################################################
[ReportManager] Browser Action [RefreshCurrentPage] successfully performed. @16-09-2021 19:35:55.0126 PM
[ReportManager] Successfully created attachment [Browser Action Test Data - RefreshCurrentPage - Actual Value] @16-09-2021 19:35:55.0127 P
[ReportManager] Target URL: [https://duckduckgo.com] @16-09-2021 19:35:55.0132 PM
[ReportManager] Initial URL: [https://duckduckgo.com] @16-09-2021 19:35:55.0217 PM
[ReportManager] Browser Action [NavigateToURL] successfully performed. With the following test data [https://duckduckgo.com]. @16-09-2021 19:35:55.0503 PM
[ReportManager] Browser Action [CloseCurrentWindow] successfully performed. @16-09-2021 19:35:55.0603 PM
[ReportManager] Successfully created attachment [Browser Action Test Data - CloseCurrentWindow - Actual Value] @16-09-2021 19:35:55.0603 P
[ReportManager] File Action [GetAbsolutePath] successfully performed. With the following test data [Relative Folder Path: "target/downloadedFiles/"]. @16-09-2021 19:35:55.0605 PM
[ReportManager] Attempting to run remotely on: [Linux-64], [GoogleChrome], [http://localhost:4444/wd/hub], Headless Execution. @16-09-2021 19:35:55.0609 PM
[ReportManager] Successfully Opened [GoogleChrome]. @16-09-2021 19:35:55.0797 PM
[ReportManager] Target URL: [https://duckduckgo.com] @16-09-2021 19:35:55.0808 PM
[ReportManager] Initial URL: [data:,] @16-09-2021 19:35:55.0859 PM
[ReportManager] Browser Action [NavigateToURL] successfully performed. With the following test data [https://duckduckgo.com]. @16-09-2021 19:35:56.0335 P

################################################################################################################################################
Starting Execution:	[67 out of 143] test cases in the current suite
Test Method:		[unitTests.tests_browserActions.setWindowSize]
################################################################################################################################################
[ReportManager] Initial window size: (800, 600) @16-09-2021 19:35:56.0341 PM
[ReportManager] Window size after SWD: (1280, 720) @16-09-2021 19:35:56.0557 PM
[ReportManager] Browser Action [SetWindowSize] successfully performed. With the following test data [New screen size is now: (1280, 720)]. @16-09-2021 19:35:56.0557 P
[ReportManager] Target URL: [https://duckduckgo.com] @16-09-2021 19:35:56.0584 PM
[ReportManager] Initial URL: [https://duckduckgo.com] @16-09-2021 19:35:56.0650 PM
[ReportManager] Browser Action [NavigateToURL] successfully performed. With the following test data [https://duckduckgo.com]. @16-09-2021 19:35:56.0982 PM
[ReportManager] Browser Action [CloseCurrentWindow] successfully performed. @16-09-2021 19:35:57.0078 PM
[ReportManager] Successfully created attachment [Browser Action Test Data - CloseCurrentWindow - Actual Value] @16-09-2021 19:35:57.0079 P
[ReportManager] Successfully loaded the following test data file [src/test/resources/TestDataFiles/testSuite01/TestData.xlsx]. @16-09-2021 19:35:57.0802 PM
[ReportManager] Successfully created attachment [Test Data - Excel] @16-09-2021 19:35:57.0802 P

################################################################################################################################################
Starting Execution:	[68 out of 143] test cases in the current suite
Test Method:		[unitTests.tests_io_excelFileManager.getCellData_rowName_expectedToPass]
################################################################################################################################################
[ReportManager] testRowData. @16-09-2021 19:35:57.0820 P
[ReportManager] Successfully loaded the following test data file [src/test/resources/TestDataFiles/testSuite01/TestData.xlsx]. @16-09-2021 19:35:57.0855 PM
[ReportManager] Successfully created attachment [Test Data - Excel] @16-09-2021 19:35:57.0855 PM
[ReportManager] File Action [GetAbsolutePath] successfully performed. With the following test data [Relative Folder Path: "target/downloadedFiles/"]. @16-09-2021 19:35:57.0855 PM
[ReportManager] Attempting to run remotely on: [Linux-64], [GoogleChrome], [http://localhost:4444/wd/hub], Headless Execution. @16-09-2021 19:35:57.0855 PM
[ReportManager] Successfully Opened [GoogleChrome]. @16-09-2021 19:35:58.0162 P

################################################################################################################################################
Starting Execution:	[69 out of 143] test cases in the current suite
Test Method:		[testPackage01.Test_google.navigateToURLandVerifyGoogleLogoIsDisplayed]
Test Description:	[TC001 - Navigate to URL and Verify Google Logo is Displayed]
################################################################################################################################################
[ReportManager] Target URL: [https://www.google.com/ncr], and after redirection: [https://www.google.com] @16-09-2021 19:35:58.0189 PM
[ReportManager] Initial URL: [data:,] @16-09-2021 19:35:58.0238 PM
[ReportManager] Browser Action [NavigateToURL] successfully performed. With the following test data [https://www.google.com/ncr]. @16-09-2021 19:35:59.0326 PM
[ReportManager] Loaded Shared OpenCV @16-09-2021 19:35:59.0554 PM
[ReportManager] Assertion [ValidateElementExists] PASSED. Expected [Element Should Exist, locator 'By.xpath: //*[@id='hplogo' or @alt='Google']'] and Actual [Element Exists]. Comparison Type [EQUALS]. Validation Type [POSITIVE]. @16-09-2021 19:35:59.0637 PM
[ReportManager] Successfully created attachment [Screenshot - 1631820959554_navigateToURLandVerifyGoogleLogoIsDisplayed_ValidateElementExists_passed] @16-09-2021 19:35:59.0638 P

################################################################################################################################################
Starting Execution:	[70 out of 143] test cases in the current suite
Test Method:		[testPackage01.Test_google.searchForQueryandAssertResultsNumDisplayed]
Test Description:	[TC002 - Search for Query and Assert that the number of results is displayed]
################################################################################################################################################
[ReportManager] Element Action [Type] successfully performed. With the following test data [SHAFT_Engine]. @16-09-2021 19:36:00.0029 PM
[ReportManager] Element Action [KeyPress] successfully performed. With the following test data [Enter]. @16-09-2021 19:36:01.0675 PM
[ReportManager] Element Action [GetText] successfully performed. With the following test data [About 814,000 results (0.80 seconds) ]. @16-09-2021 19:36:01.0793 PM
[ReportManager] Loaded Shared OpenCV @16-09-2021 19:36:01.0946 PM
[ReportManager] Assertion [ValidateElementAttribute] PASSED. Expected [Value Should not be '' for the 'Text' attribute, element locator 'By.id: appbar'] and Actual [About 814,000 results (0.80 seconds) ]. Comparison Type [EQUALS]. Validation Type [NEGATIVE]. @16-09-2021 19:36:02.0042 PM
[ReportManager] Successfully created attachment [Screenshot - 1631820961946_searchForQueryandAssertResultsNumDisplayed_ValidateElementAttribute_passed] @16-09-2021 19:36:02.0044 P

################################################################################################################################################
Starting Execution:	[71 out of 143] test cases in the current suite
Test Method:		[testPackage01.Test_google.clickNextThrice]
Test Description:	[TC003 - Clicks the next button to make sure that the framework can scroll element into view before clicking it]
################################################################################################################################################
[ReportManager] Element Action [Click] successfully performed. With the following test data [Next]. @16-09-2021 19:36:03.0709 P
[ReportManager] Browser Action [CloseCurrentWindow] successfully performed. @16-09-2021 19:36:03.0929 PM
[ReportManager] Successfully created attachment [Browser Action Test Data - CloseCurrentWindow - Actual Value] @16-09-2021 19:36:03.0931 P

################################################################################################################################################
Starting Execution:	[72 out of 143] test cases in the current suite
Test Method:		[testPackage01.Test_testData.f]
################################################################################################################################################
[ReportManager] Successfully loaded the following test data file [src/test/resources/TestDataFiles/testSuite01/TestData.xlsx]. @16-09-2021 19:36:03.0983 PM
[ReportManager] Successfully created attachment [Test Data - Excel] @16-09-2021 19:36:03.0984 PM
[ReportManager] Last Column Number is: [3]. Zero-based. @16-09-2021 19:36:03.0984 P

################################################################################################################################################
Starting Execution:	[73 out of 143] test cases in the current suite
Test Method:		[testPackage01.Test_JSONFileManager.readStringFromJson]
################################################################################################################################################
[ReportManager] Successfully loaded the following test data file [src/test/resources/TestDataFiles/simpleJSON.json]. @16-09-2021 19:36:04.0003 PM
[ReportManager] Successfully created attachment [Test Data - JSON] @16-09-2021 19:36:04.0004 PM
[ReportManager] Assertion [ValidateEquals] PASSED. Expected [Mohab Mohie] and Actual [Mohab Mohie]. Comparison Type [EQUALS]. Validation Type [POSITIVE]. @16-09-2021 19:36:04.0023 P
[ReportManager] File Action [GetAbsolutePath] successfully performed. With the following test data [Relative Folder Path: "target/downloadedFiles/"]. @16-09-2021 19:36:04.0027 PM
[ReportManager] Attempting to run remotely on: [Linux-64], [GoogleChrome], [http://localhost:4444/wd/hub], Headless Execution. @16-09-2021 19:36:04.0027 PM
[ReportManager] Successfully Opened [GoogleChrome]. @16-09-2021 19:36:04.0212 P

################################################################################################################################################
Starting Execution:	[74 out of 143] test cases in the current suite
Test Method:		[testPackage01.Test_dragAndDrop.dragAndDropJquery]
################################################################################################################################################
[ReportManager] Target URL: [https://jqueryui.com/resources/demos/droppable/default.html] @16-09-2021 19:36:04.0227 PM
[ReportManager] Initial URL: [data:,] @16-09-2021 19:36:04.0266 PM
[ReportManager] Browser Action [NavigateToURL] successfully performed. With the following test data [https://jqueryui.com/resources/demos/droppable/default.html]. @16-09-2021 19:36:04.0602 PM
[ReportManager] Element Action [GetText] successfully performed. With the following test data [Drop here]. @16-09-2021 19:36:04.0744 PM
[ReportManager] Element Action [DragAndDrop] successfully performed. With the following test data [Start point: (8, 18), End point: (8, 18)]. @16-09-2021 19:36:06.0129 PM
[ReportManager] Element Action [GetText] successfully performed. With the following test data [Dropped!]. @16-09-2021 19:36:06.0191 PM
[ReportManager] Assertion Passed: Checking to see if the text has changed after performing drag and drop @16-09-2021 19:36:06.0191 PM
[ReportManager] Assertion [ValidateEquals] PASSED. Expected [Drop here] and Actual [Dropped!]. Comparison Type [EQUALS]. Validation Type [NEGATIVE]. @16-09-2021 19:36:06.0191 P
[ReportManager] Browser Action [CloseCurrentWindow] successfully performed. @16-09-2021 19:36:06.0304 PM
[ReportManager] Successfully created attachment [Browser Action Test Data - CloseCurrentWindow - Actual Value] @16-09-2021 19:36:06.0306 P
[ReportManager] File Action [GetAbsolutePath] successfully performed. With the following test data [Relative Folder Path: "target/downloadedFiles/"]. @16-09-2021 19:36:06.0309 PM
[ReportManager] Attempting to run remotely on: [Linux-64], [GoogleChrome], [http://localhost:4444/wd/hub], Headless Execution. @16-09-2021 19:36:06.0309 PM
[ReportManager] Successfully Opened [GoogleChrome]. @16-09-2021 19:36:06.0510 P

################################################################################################################################################
Starting Execution:	[75 out of 143] test cases in the current suite
Test Method:		[testPackage01.Test_dragAndDrop.dragAndDrop]
Test Description:	[TC001 - Test Drag and Drop function.]
################################################################################################################################################
[ReportManager] Target URL: [http://the-internet.herokuapp.com/drag_and_drop] @16-09-2021 19:36:06.0527 PM
[ReportManager] Initial URL: [data:,] @16-09-2021 19:36:06.0570 PM
[ReportManager] Browser Action [NavigateToURL] successfully performed. With the following test data [http://the-internet.herokuapp.com/drag_and_drop]. @16-09-2021 19:36:06.0939 PM
[ReportManager] Attempting Drag and Drop @16-09-2021 19:36:06.0939 PM
[ReportManager] Element Action [DragAndDrop] successfully performed. With the following test data [Start point: (32, 89), End point: (247, 89)]. @16-09-2021 19:36:08.0187 P
[ReportManager] Browser Action [CloseCurrentWindow] successfully performed. @16-09-2021 19:36:08.0288 PM
[ReportManager] Successfully created attachment [Browser Action Test Data - CloseCurrentWindow - Actual Value] @16-09-2021 19:36:08.0288 P
[ReportManager] File Action [GetAbsolutePath] successfully performed. With the following test data [Relative Folder Path: "target/downloadedFiles/"]. @16-09-2021 19:36:08.0290 PM
[ReportManager] Attempting to run remotely on: [Linux-64], [GoogleChrome], [http://localhost:4444/wd/hub], Headless Execution. @16-09-2021 19:36:08.0290 PM
[ReportManager] Successfully Opened [GoogleChrome]. @16-09-2021 19:36:08.0471 P

################################################################################################################################################
Starting Execution:	[76 out of 143] test cases in the current suite
Test Method:		[testPackage01.Test_dragAndDrop.dragAndDropByOffset]
Test Description:	[TC002 - Test Drag and Drop by offset function.]
################################################################################################################################################
[ReportManager] Target URL: [https://jqueryui.com/resources/demos/draggable/default.html] @16-09-2021 19:36:08.0486 PM
[ReportManager] Initial URL: [data:,] @16-09-2021 19:36:08.0530 PM
[ReportManager] Browser Action [NavigateToURL] successfully performed. With the following test data [https://jqueryui.com/resources/demos/draggable/default.html]. @16-09-2021 19:36:08.0847 PM
[ReportManager] Element Action [DragAndDropByOffset] successfully performed. With the following test data [Start point: (8, 8), End point: (108, 58)]. @16-09-2021 19:36:09.0021 P
[ReportManager] Browser Action [CloseCurrentWindow] successfully performed. @16-09-2021 19:36:09.0112 PM
[ReportManager] Successfully created attachment [Browser Action Test Data - CloseCurrentWindow - Actual Value] @16-09-2021 19:36:09.0112 P
[ReportManager] File Action [GetAbsolutePath] successfully performed. With the following test data [Relative Folder Path: "target/downloadedFiles/"]. @16-09-2021 19:36:09.0114 PM
[ReportManager] Attempting to run remotely on: [Linux-64], [GoogleChrome], [http://localhost:4444/wd/hub], Headless Execution. @16-09-2021 19:36:09.0114 PM
[ReportManager] Successfully Opened [GoogleChrome]. @16-09-2021 19:36:09.0295 P

################################################################################################################################################
Starting Execution:	[77 out of 143] test cases in the current suite
Test Method:		[testPackage01.Test_verifyEquals.test_assertElementAttribute]
################################################################################################################################################
[ReportManager] Target URL: [https://www.google.com/ncr], and after redirection: [https://www.google.com] @16-09-2021 19:36:09.0310 PM
[ReportManager] Initial URL: [data:,] @16-09-2021 19:36:09.0355 PM
[ReportManager] Browser Action [NavigateToURL] successfully performed. With the following test data [https://www.google.com/ncr]. @16-09-2021 19:36:10.0417 PM
[ReportManager] Element Action [Type] successfully performed. With the following test data [INC_004010050:Another SCHEDULER with the same name [Duplicate Job Name] already exists.]. @16-09-2021 19:36:11.0063 PM
[ReportManager] Element Action [GetText] successfully performed. With the following test data [INC_004010050:Another SCHEDULER with the same name [Duplicate Job Name] already exists.]. @16-09-2021 19:36:11.0155 PM
[ReportManager] Loaded Shared OpenCV @16-09-2021 19:36:11.0283 PM
[ReportManager] Verification [ValidateElementAttribute] PASSED. Expected [Value Should be 'INC_004010050:Another SCHEDULER with the same name \[Duplicate Job Name\] already exists.' for the 'text' attribute, element locator 'By.name: q'] and Actual [INC_004010050:Another SCHEDULER with the same name [Duplicate Job Name] already exists.]. Comparison Type [MATCHES]. Validation Type [POSITIVE]. @16-09-2021 19:36:11.0367 PM
[ReportManager] Successfully created attachment [Screenshot - 1631820971283_test_assertElementAttribute_ValidateElementAttribute_passed] @16-09-2021 19:36:11.0368 P
[ReportManager] Browser Action [CloseCurrentWindow] successfully performed. @16-09-2021 19:36:11.0498 PM
[ReportManager] Successfully created attachment [Browser Action Test Data - CloseCurrentWindow - Actual Value] @16-09-2021 19:36:11.0504 P
[ReportManager] Successfully loaded the following test data file [src/test/resources/TestDataFiles/testSuite01/TestData.xlsx]. @16-09-2021 19:36:11.0556 PM
[ReportManager] Successfully created attachment [Test Data - Excel] @16-09-2021 19:36:11.0556 PM
[ReportManager] Attempting to run using Playwright locally on: [Linux-64], [GoogleChrome], Headless Execution. @16-09-2021 19:36:32.0682 PM
[ReportManager] File Action [GetAbsolutePath] successfully performed. With the following test data [Relative Folder Path: "target/downloadedFiles/"]. @16-09-2021 19:36:32.0683 PM
[ReportManager] Initial window size: (1280, 720) @16-09-2021 19:36:33.0062 PM
[ReportManager] Window size after Toolkit: com.microsoft.playwright.options.ViewportSize@603c041c @16-09-2021 19:36:33.0072 PM
[ReportManager] Browser Action [MaximizeWindow] successfully performed. With the following test data [New screen size is now: (1920, 1080)]. @16-09-2021 19:36:33.0075 P

################################################################################################################################################
Starting Execution:	[78 out of 143] test cases in the current suite
Test Method:		[testPackage01.Test_google_playwright.navigateToURLandVerifyGoogleLogoIsDisplayed]
Test Description:	[TC001 - Navigate to URL and Verify Google Logo is Displayed]
################################################################################################################################################
[ReportManager] Target URL: [https://www.google.com/ncr], and after redirection: [https://www.google.com] @16-09-2021 19:36:33.0088 PM
[ReportManager] Initial URL: [about:blank] @16-09-2021 19:36:33.0544 PM
[ReportManager] Browser Action [NavigateToURL] successfully performed. With the following test data [https://www.google.com/ncr]. @16-09-2021 19:36:35.0004 PM
[ReportManager] Loaded Shared OpenCV @16-09-2021 19:36:35.0223 PM
[ReportManager] Assertion [ValidateElementExists] PASSED. Expected [Element Should Exist, locator 'xpath=//*[@id='hplogo' or @alt='Google']'] and Actual [Element Exists]. Comparison Type [EQUALS]. Validation Type [POSITIVE]. @16-09-2021 19:36:35.0461 PM
[ReportManager] Successfully created attachment [Screenshot - 1631820995220_navigateToURLandVerifyGoogleLogoIsDisplayed_ValidateElementExists_passed] @16-09-2021 19:36:35.0462 P

################################################################################################################################################
Starting Execution:	[79 out of 143] test cases in the current suite
Test Method:		[testPackage01.Test_google_playwright.searchForQueryandAssertResultsNumDisplayed]
Test Description:	[TC002 - Search for Query and Assert that the number of results is displayed]
################################################################################################################################################
[ReportManager] Element Action [Type] successfully performed. With the following test data [SHAFT_Engine]. @16-09-2021 19:36:35.0789 PM
[ReportManager] Element Action [KeyPress] successfully performed. With the following test data [Enter]. @16-09-2021 19:36:35.0822 PM
[ReportManager] Element Action [GetText] successfully performed. With the following test data [About 942,000 results (0.77 seconds)]. @16-09-2021 19:36:37.0122 PM
[ReportManager] Loaded Shared OpenCV @16-09-2021 19:36:38.0522 PM
[ReportManager] Assertion [ValidateElementAttribute] PASSED. Expected [Value Should not be '' for the 'text' attribute, element locator 'xpath=//div[@id='appbar']'] and Actual [About 942,000 results (0.77 seconds)]. Comparison Type [EQUALS]. Validation Type [NEGATIVE]. @16-09-2021 19:36:38.0800 PM
[ReportManager] Successfully created attachment [Screenshot - 1631820998521_searchForQueryandAssertResultsNumDisplayed_ValidateElementAttribute_passed] @16-09-2021 19:36:38.0802 P

################################################################################################################################################
Starting Execution:	[80 out of 143] test cases in the current suite
Test Method:		[testPackage01.Test_google_playwright.clickNextThrice]
Test Description:	[TC003 - Clicks the next button to make sure that the framework can scroll element into view before clicking it]
################################################################################################################################################
[ReportManager] Element Action [Click] successfully performed. With the following test data [Next]. @16-09-2021 19:36:39.0059 P
[ReportManager] Failed to find video recording. @16-09-2021 19:36:39.0060 PM
[ReportManager] Successfully Closed PlayWright Driver. @16-09-2021 19:36:39.0104 P

################################################################################################################################################
Starting Execution:	[81 out of 143] test cases in the current suite
Test Method:		[testPackage01.Test_JsonActions.f]
###############################################################################################################################################

################################################################################################################################################
Starting Execution:	[82 out of 143] test cases in the current suite
Test Method:		[testPackage01.Test_JsonActions.f2]
###############################################################################################################################################

################################################################################################################################################
Starting Execution:	[83 out of 143] test cases in the current suite
Test Method:		[testPackage01.Test_AssertApiResponseEquals.assertApiResponseEquals_expectedToPass]
################################################################################################################################################
[ReportManager] Response status code: [200], status line: [HTTP/1.1 200 OK] @16-09-2021 19:36:39.0207 PM
[ReportManager] Assertion Passed: Evaluating the actual response status code against the expected one... @16-09-2021 19:36:39.0207 PM
[ReportManager] Assertion [ValidateEquals] PASSED. Expected [200] and Actual [200]. Comparison Type [EQUALS]. Validation Type [POSITIVE]. @16-09-2021 19:36:39.0207 PM
[ReportManager] API Action [PerformRequest] successfully performed. With the following test data [Request Type: "GET" | Target Status Code: "200" | Service URL: "https://jsonplaceholder.typicode.com/users" | Content Type: "*/*" | Response Time: "53ms"]. @16-09-2021 19:36:39.0228 PM
[ReportManager] Successfully created attachment [API Request - Specifications] @16-09-2021 19:36:39.0228 PM
[ReportManager] Successfully created attachment [API Response - JSON Body] @16-09-2021 19:36:39.0229 PM
[ReportManager] API Action [GetResponseJSONValueAsList] successfully performed. With the following test data [$]. @16-09-2021 19:36:39.0234 PM
[ReportManager] API Action [GetResponseJSONValue] successfully performed. With the following test data [name]. @16-09-2021 19:36:39.0244 PM
[ReportManager] API Action [GetResponseJSONValue] successfully performed. With the following test data [email]. @16-09-2021 19:36:39.0253 PM
[ReportManager] Verification [ValidateEquals] PASSED. Expected [Sincere@april.biz] and Actual [Sincere@april.biz]. Comparison Type [EQUALS]. Validation Type [POSITIVE]. @16-09-2021 19:36:39.0253 PM
[ReportManager] API Action [GetResponseJSONValue] successfully performed. With the following test data [username]. @16-09-2021 19:36:39.0264 PM
[ReportManager] Assertion [ValidateEquals] PASSED. Expected [Bret] and Actual [Bret]. Comparison Type [EQUALS]. Validation Type [POSITIVE]. @16-09-2021 19:36:39.0264 PM
[ReportManager] API Action [GetResponseJSONValue] successfully performed. With the following test data [name]. @16-09-2021 19:36:39.0277 PM
[ReportManager] API Action [GetResponseJSONValue] successfully performed. With the following test data [name]. @16-09-2021 19:36:39.0284 PM
[ReportManager] API Action [GetResponseJSONValue] successfully performed. With the following test data [name]. @16-09-2021 19:36:39.0293 PM
[ReportManager] API Action [GetResponseJSONValue] successfully performed. With the following test data [name]. @16-09-2021 19:36:39.0301 PM
[ReportManager] API Action [GetResponseJSONValue] successfully performed. With the following test data [name]. @16-09-2021 19:36:39.0311 PM
[ReportManager] API Action [GetResponseJSONValue] successfully performed. With the following test data [name]. @16-09-2021 19:36:39.0323 PM
[ReportManager] API Action [GetResponseJSONValue] successfully performed. With the following test data [name]. @16-09-2021 19:36:39.0333 PM
[ReportManager] API Action [GetResponseJSONValue] successfully performed. With the following test data [name]. @16-09-2021 19:36:39.0353 PM
[ReportManager] API Action [GetResponseJSONValue] successfully performed. With the following test data [name]. @16-09-2021 19:36:39.0379 P
[ReportManager] File Action [GetAbsolutePath] successfully performed. With the following test data [Relative Folder Path: "target/downloadedFiles/"]. @16-09-2021 19:36:39.0390 PM
[ReportManager] Attempting to run remotely on: [Linux-64], [GoogleChrome], [http://localhost:4444/wd/hub], Headless Execution. @16-09-2021 19:36:39.0390 PM
[ReportManager] Successfully Opened [GoogleChrome]. @16-09-2021 19:36:39.0609 P

################################################################################################################################################
Starting Execution:	[84 out of 143] test cases in the current suite
Test Method:		[testPackage01.Test_ShadowDOM.shadowdom]
################################################################################################################################################
[ReportManager] Target URL: [https://mdn.github.io/web-components-examples/popup-info-box-web-component/] @16-09-2021 19:36:39.0622 PM
[ReportManager] Initial URL: [data:,] @16-09-2021 19:36:39.0674 PM
[ReportManager] Browser Action [NavigateToURL] successfully performed. With the following test data [https://mdn.github.io/web-components-examples/popup-info-box-web-component/]. @16-09-2021 19:36:39.0880 PM
[ReportManager] Element Action [Type] successfully performed. With the following test data [Typing into SHADOW DOM...]. @16-09-2021 19:36:40.0158 PM
[ReportManager] Element Action [GetText] successfully performed. With the following test data [Typing into SHADOW DOM...]. @16-09-2021 19:36:40.0279 PM
[ReportManager] Loaded Shared OpenCV @16-09-2021 19:36:40.0389 PM
[ReportManager] Assertion [ValidateElementAttribute] PASSED. Expected [Value Should be 'Typing into SHADOW DOM...' for the 'Text' attribute, element locator 'By.id: cvc'] and Actual [Typing into SHADOW DOM...]. Comparison Type [EQUALS]. Validation Type [POSITIVE]. @16-09-2021 19:36:40.0464 PM
[ReportManager] Successfully created attachment [Screenshot - 1631821000389_shadowdom_ValidateElementAttribute_passed] @16-09-2021 19:36:40.0464 P
[ReportManager] Browser Action [CloseCurrentWindow] successfully performed. @16-09-2021 19:36:40.0556 PM
[ReportManager] Successfully created attachment [Browser Action Test Data - CloseCurrentWindow - Actual Value] @16-09-2021 19:36:40.0557 P

################################################################################################################################################
Starting Execution:	[85 out of 143] test cases in the current suite
Test Method:		[testPackage01.Test_SelectedValue.multipleSelect]
################################################################################################################################################
[ReportManager] File Action [GetAbsolutePath] successfully performed. With the following test data [Relative Folder Path: "target/downloadedFiles/"]. @16-09-2021 19:36:40.0560 PM
[ReportManager] Attempting to run remotely on: [Linux-64], [GoogleChrome], [http://localhost:4444/wd/hub], Headless Execution. @16-09-2021 19:36:40.0561 PM
[ReportManager] Successfully Opened [GoogleChrome]. @16-09-2021 19:36:40.0753 PM
[ReportManager] Target URL: [https://yari-demos.prod.mdn.mozit.cloud/en-US/docs/Web/HTML/Element/select/_sample_.Advanced_select_with_multiple_features.html] @16-09-2021 19:36:40.0763 PM
[ReportManager] Initial URL: [data:,] @16-09-2021 19:36:40.0803 PM
[ReportManager] Browser Action [NavigateToURL] successfully performed. With the following test data [https://yari-demos.prod.mdn.mozit.cloud/en-US/docs/Web/HTML/Element/select/_sample_.Advanced_select_with_multiple_features.html]. @16-09-2021 19:36:41.0096 PM
[ReportManager] Element Action [Select] successfully performed. With the following test data [Dog]. @16-09-2021 19:36:41.0316 PM
[ReportManager] Element Action [Select] successfully performed. With the following test data [Cat]. @16-09-2021 19:36:41.0543 PM
[ReportManager] Element Action [GetSelectedText] successfully performed. With the following test data [DogCat]. @16-09-2021 19:36:41.0682 PM
[ReportManager] DogCat @16-09-2021 19:36:41.0682 PM
[ReportManager] Element Action [GetSelectedText] successfully performed. With the following test data [DogCat]. @16-09-2021 19:36:41.0804 PM
[ReportManager] Loaded Shared OpenCV @16-09-2021 19:36:41.0920 PM
[ReportManager] Assertion [ValidateElementAttribute] PASSED. Expected [Value Should be 'DogCat' for the 'selectedText' attribute, element locator 'By.tagName: select'] and Actual [DogCat]. Comparison Type [EQUALS]. Validation Type [POSITIVE]. @16-09-2021 19:36:41.0993 PM
[ReportManager] Successfully created attachment [Screenshot - 1631821001919_multipleSelect_ValidateElementAttribute_passed] @16-09-2021 19:36:41.0994 PM
[ReportManager] Browser Action [CloseCurrentWindow] successfully performed. @16-09-2021 19:36:42.0098 PM
[ReportManager] Successfully created attachment [Browser Action Test Data - CloseCurrentWindow - Actual Value] @16-09-2021 19:36:42.0099 P

################################################################################################################################################
Starting Execution:	[86 out of 143] test cases in the current suite
Test Method:		[testPackage01.Test_SelectedValue.simpleSelect]
################################################################################################################################################
[ReportManager] File Action [GetAbsolutePath] successfully performed. With the following test data [Relative Folder Path: "target/downloadedFiles/"]. @16-09-2021 19:36:42.0107 PM
[ReportManager] Attempting to run remotely on: [Linux-64], [GoogleChrome], [http://localhost:4444/wd/hub], Headless Execution. @16-09-2021 19:36:42.0108 PM
[ReportManager] Successfully Opened [GoogleChrome]. @16-09-2021 19:36:42.0323 PM
[ReportManager] Target URL: [https://yari-demos.prod.mdn.mozit.cloud/en-US/docs/Web/HTML/Element/select/_sample_.Basic_select.html] @16-09-2021 19:36:42.0349 PM
[ReportManager] Initial URL: [data:,] @16-09-2021 19:36:42.0389 PM
[ReportManager] Browser Action [NavigateToURL] successfully performed. With the following test data [https://yari-demos.prod.mdn.mozit.cloud/en-US/docs/Web/HTML/Element/select/_sample_.Basic_select.html]. @16-09-2021 19:36:42.0578 PM
[ReportManager] Element Action [Select] successfully performed. With the following test data [Third Value]. @16-09-2021 19:36:42.0900 PM
[ReportManager] Element Action [GetSelectedText] successfully performed. With the following test data [Third Value]. @16-09-2021 19:36:43.0002 PM
[ReportManager] Third Value @16-09-2021 19:36:43.0002 PM
[ReportManager] Element Action [GetSelectedText] successfully performed. With the following test data [Third Value]. @16-09-2021 19:36:43.0104 PM
[ReportManager] Loaded Shared OpenCV @16-09-2021 19:36:43.0217 PM
[ReportManager] Assertion [ValidateElementAttribute] PASSED. Expected [Value Should be 'Third Value' for the 'selectedText' attribute, element locator 'By.tagName: select'] and Actual [Third Value]. Comparison Type [EQUALS]. Validation Type [POSITIVE]. @16-09-2021 19:36:43.0305 PM
[ReportManager] Successfully created attachment [Screenshot - 1631821003216_simpleSelect_ValidateElementAttribute_passed] @16-09-2021 19:36:43.0306 PM
[ReportManager] Browser Action [CloseCurrentWindow] successfully performed. @16-09-2021 19:36:43.0386 PM
[ReportManager] Successfully created attachment [Browser Action Test Data - CloseCurrentWindow - Actual Value] @16-09-2021 19:36:43.0387 P
[ReportManager] File Action [GetAbsolutePath] successfully performed. With the following test data [Relative Folder Path: "target/downloadedFiles/"]. @16-09-2021 19:36:43.0395 PM
[ReportManager] Attempting to run remotely on: [Linux-64], [GoogleChrome], [http://localhost:4444/wd/hub], Headless Execution. @16-09-2021 19:36:43.0395 PM
[ReportManager] Successfully Opened [GoogleChrome]. @16-09-2021 19:36:43.0584 P

################################################################################################################################################
Starting Execution:	[87 out of 143] test cases in the current suite
Test Method:		[testPackage01.Test_IsElementClickable.testIsElementClickable]
################################################################################################################################################
[ReportManager] Target URL: [https://the-internet.herokuapp.com/] @16-09-2021 19:36:43.0602 PM
[ReportManager] Initial URL: [data:,] @16-09-2021 19:36:43.0650 PM
[ReportManager] Browser Action [NavigateToURL] successfully performed. With the following test data [https://the-internet.herokuapp.com/]. @16-09-2021 19:36:44.0026 PM
[ReportManager] Element Action [IsElementClickable] successfully performed. @16-09-2021 19:36:44.0158 PM
[ReportManager] Assertion [ValidateTrue] PASSED. Expected [TRUE] and Actual [TRUE]. Validation Type [POSITIVE]. @16-09-2021 19:36:44.0158 P
[ReportManager] Browser Action [CloseCurrentWindow] successfully performed. @16-09-2021 19:36:44.0250 PM
[ReportManager] Successfully created attachment [Browser Action Test Data - CloseCurrentWindow - Actual Value] @16-09-2021 19:36:44.0252 P
[ReportManager] File Action [GetAbsolutePath] successfully performed. With the following test data [Relative Folder Path: "target/downloadedFiles/"]. @16-09-2021 19:36:44.0254 PM
[ReportManager] Attempting to run remotely on: [Linux-64], [GoogleChrome], [http://localhost:4444/wd/hub], Headless Execution. @16-09-2021 19:36:44.0254 PM
[ReportManager] Successfully Opened [GoogleChrome]. @16-09-2021 19:36:44.0466 P

################################################################################################################################################
Starting Execution:	[88 out of 143] test cases in the current suite
Test Method:		[testPackage01.Test_clipboardActions.typeTextAndCopyPaste]
################################################################################################################################################
[ReportManager] Target URL: [https://www.google.com/ncr], and after redirection: [https://www.google.com] @16-09-2021 19:36:44.0484 PM
[ReportManager] Initial URL: [data:,] @16-09-2021 19:36:44.0547 PM
[ReportManager] Browser Action [NavigateToURL] successfully performed. With the following test data [https://www.google.com/ncr]. @16-09-2021 19:36:45.0626 PM
[ReportManager] Element Action [Type] successfully performed. With the following test data [FIRST]. @16-09-2021 19:36:45.0935 PM
[ReportManager] Element Action [ClipboardActions] successfully performed. With the following test data [select all]. @16-09-2021 19:36:46.0002 PM
[ReportManager] Element Action [ClipboardActions] successfully performed. With the following test data [copy]. @16-09-2021 19:36:46.0083 PM
[ReportManager] Element Action [ClipboardActions] successfully performed. With the following test data [unselect]. @16-09-2021 19:36:46.0136 PM
[ReportManager] Element Action [ClipboardActions] successfully performed. With the following test data [paste]. @16-09-2021 19:36:46.0184 PM
[ReportManager] Element Action [ClipboardActions] successfully performed. With the following test data [select all]. @16-09-2021 19:36:46.0244 PM
[ReportManager] Element Action [Type] successfully performed. @16-09-2021 19:36:46.0446 PM
[ReportManager] Element Action [ClipboardActions] successfully performed. With the following test data [cut]. @16-09-2021 19:36:46.0446 PM
[ReportManager] Element Action [ClipboardActions] successfully performed. With the following test data [paste]. @16-09-2021 19:36:46.0516 PM
[ReportManager] Element Action [ClipboardActions] successfully performed. With the following test data [paste]. @16-09-2021 19:36:46.0575 P
[ReportManager] Browser Action [CloseCurrentWindow] successfully performed. @16-09-2021 19:36:46.0703 PM
[ReportManager] Successfully created attachment [Browser Action Test Data - CloseCurrentWindow - Actual Value] @16-09-2021 19:36:46.0704 P
[ReportManager] File Action [GetAbsolutePath] successfully performed. With the following test data [Relative Folder Path: "target/downloadedFiles/"]. @16-09-2021 19:36:46.0705 PM
[ReportManager] Attempting to run remotely on: [Linux-64], [GoogleChrome], [http://localhost:4444/wd/hub], Headless Execution. @16-09-2021 19:36:46.0705 PM
[ReportManager] Successfully Opened [GoogleChrome]. @16-09-2021 19:36:46.0899 P

################################################################################################################################################
Starting Execution:	[89 out of 143] test cases in the current suite
Test Method:		[testPackage01.Test_dynamicLoading.dynamicLoading_elementIsHidden]
################################################################################################################################################
[ReportManager] Target URL: [https://the-internet.herokuapp.com/dynamic_loading/1] @16-09-2021 19:36:46.0916 PM
[ReportManager] Initial URL: [data:,] @16-09-2021 19:36:46.0952 PM
[ReportManager] Browser Action [NavigateToURL] successfully performed. With the following test data [https://the-internet.herokuapp.com/dynamic_loading/1]. @16-09-2021 19:36:47.0252 PM
[ReportManager] Element Action [Click] successfully performed. With the following test data [Start]. @16-09-2021 19:36:47.0536 PM
[ReportManager] Element Action [GetText] successfully performed. With the following test data [
    Hello World!
  ]. @16-09-2021 19:36:47.0631 PM
[ReportManager] Loaded Shared OpenCV @16-09-2021 19:36:47.0781 PM
[ReportManager] Assertion [ValidateElementAttribute] PASSED. Expected [Value Should be 'Hello World!' for the 'text' attribute, element locator 'By.id: finish'] and Actual [
    Hello World!
  ]. Comparison Type [CONTAINS]. Validation Type [POSITIVE]. @16-09-2021 19:36:47.0860 PM
[ReportManager] Successfully created attachment [Screenshot - 1631821007781_dynamicLoading_elementIsHidden_ValidateElementAttribute_passed] @16-09-2021 19:36:47.0861 P
[ReportManager] Browser Action [CloseCurrentWindow] successfully performed. @16-09-2021 19:36:47.0950 PM
[ReportManager] Successfully created attachment [Browser Action Test Data - CloseCurrentWindow - Actual Value] @16-09-2021 19:36:47.0950 P
[ReportManager] File Action [GetAbsolutePath] successfully performed. With the following test data [Relative Folder Path: "target/downloadedFiles/"]. @16-09-2021 19:36:47.0952 PM
[ReportManager] Attempting to run remotely on: [Linux-64], [GoogleChrome], [http://localhost:4444/wd/hub], Headless Execution. @16-09-2021 19:36:47.0952 PM
[ReportManager] Successfully Opened [GoogleChrome]. @16-09-2021 19:36:48.0136 P

################################################################################################################################################
Starting Execution:	[90 out of 143] test cases in the current suite
Test Method:		[testPackage01.Test_dynamicLoading.dynamicLoading_elementIsRendered]
################################################################################################################################################
[ReportManager] Target URL: [https://the-internet.herokuapp.com/dynamic_loading/2] @16-09-2021 19:36:48.0155 PM
[ReportManager] Initial URL: [data:,] @16-09-2021 19:36:48.0194 PM
[ReportManager] Browser Action [NavigateToURL] successfully performed. With the following test data [https://the-internet.herokuapp.com/dynamic_loading/2]. @16-09-2021 19:36:48.0498 PM
[ReportManager] Element Action [Click] successfully performed. With the following test data [Start]. @16-09-2021 19:36:48.0790 PM
[ReportManager] Element Action [GetText] successfully performed. With the following test data [Hello World!]. @16-09-2021 19:36:53.0947 PM
[ReportManager] Loaded Shared OpenCV @16-09-2021 19:36:54.0083 PM
[ReportManager] Assertion [ValidateElementAttribute] PASSED. Expected [Value Should be 'Hello World!' for the 'text' attribute, element locator 'By.id: finish'] and Actual [Hello World!]. Comparison Type [CONTAINS]. Validation Type [POSITIVE]. @16-09-2021 19:36:54.0173 PM
[ReportManager] Successfully created attachment [Screenshot - 1631821014083_dynamicLoading_elementIsRendered_ValidateElementAttribute_passed] @16-09-2021 19:36:54.0173 P
[ReportManager] Browser Action [CloseCurrentWindow] successfully performed. @16-09-2021 19:36:54.0266 PM
[ReportManager] Successfully created attachment [Browser Action Test Data - CloseCurrentWindow - Actual Value] @16-09-2021 19:36:54.0267 P

################################################################################################################################################
Starting Execution:	[91 out of 143] test cases in the current suite
Test Method:		[testPackage01.Test_JsonCompareWithSpecialCharacters.specialCharacters]
################################################################################################################################################
[ReportManager] File Action [GetAbsolutePath] successfully performed. With the following test data [Relative Folder Path: "src/test/resources/TestJsonFiles/specialCharacters.json"]. @16-09-2021 19:36:54.0274 PM
[ReportManager] File Action [ReadFromFile] successfully performed. With the following test data [File Path: "/home/runner/work/SHAFT_ENGINE/SHAFT_ENGINE/src/test/resources/TestJsonFiles/specialCharacters.json"]. @16-09-2021 19:36:54.0282 PM
[ReportManager] Successfully created attachment [File Action Actual Result - Command Log] @16-09-2021 19:36:54.0283 PM
[ReportManager] Comparing the provided API response with the file at this path "src/test/resources/TestJsonFiles/specialCharacters.json", comparison type "EQUALS" @16-09-2021 19:36:54.0284 PM
[ReportManager] API Action [CompareJSON] successfully performed. With the following test data [src/test/resources/TestJsonFiles/specialCharacters.json]. @16-09-2021 19:36:54.0304 PM
[ReportManager] File Action [GetAbsolutePath] successfully performed. With the following test data [Relative Folder Path: "src/test/resources/TestJsonFiles/specialCharacters.json"]. @16-09-2021 19:36:54.0304 PM
[ReportManager] File Action [ReadFromFile] successfully performed. With the following test data [File Path: "/home/runner/work/SHAFT_ENGINE/SHAFT_ENGINE/src/test/resources/TestJsonFiles/specialCharacters.json"]. @16-09-2021 19:36:54.0304 PM
[ReportManager] Verification [ValidateJSONFileContent] PASSED. Expected [Response data should match the JSON File in this path 'src/test/resources/TestJsonFiles/specialCharacters.json'] and Actual [TRUE]. Comparison Type [EQUALS]. Validation Type [POSITIVE]. @16-09-2021 19:36:54.0312 PM
[ReportManager] Successfully created attachment [Validation Test Data - Expected JSON Value] @16-09-2021 19:36:54.0313 PM
[ReportManager] Successfully created attachment [Validation Test Data - Actual JSON Value] @16-09-2021 19:36:54.0313 P

################################################################################################################################################
Starting Execution:	[92 out of 143] test cases in the current suite
Test Method:		[testPackage01.Test_JsonCompareWithSpecialCharacters.specialCharacters_assertion]
################################################################################################################################################
[ReportManager] File Action [GetAbsolutePath] successfully performed. With the following test data [Relative Folder Path: "src/test/resources/TestJsonFiles/specialCharacters.json"]. @16-09-2021 19:36:54.0323 PM
[ReportManager] File Action [ReadFromFile] successfully performed. With the following test data [File Path: "/home/runner/work/SHAFT_ENGINE/SHAFT_ENGINE/src/test/resources/TestJsonFiles/specialCharacters.json"]. @16-09-2021 19:36:54.0324 PM
[ReportManager] Successfully created attachment [File Action Actual Result - Command Log] @16-09-2021 19:36:54.0324 PM
[ReportManager] Comparing the provided API response with the file at this path "src/test/resources/TestJsonFiles/specialCharacters.json", comparison type "CONTAINS" @16-09-2021 19:36:54.0324 PM
[ReportManager] API Action [CompareJSON] successfully performed. With the following test data [src/test/resources/TestJsonFiles/specialCharacters.json]. @16-09-2021 19:36:54.0341 PM
[ReportManager] File Action [GetAbsolutePath] successfully performed. With the following test data [Relative Folder Path: "src/test/resources/TestJsonFiles/specialCharacters.json"]. @16-09-2021 19:36:54.0341 PM
[ReportManager] File Action [ReadFromFile] successfully performed. With the following test data [File Path: "/home/runner/work/SHAFT_ENGINE/SHAFT_ENGINE/src/test/resources/TestJsonFiles/specialCharacters.json"]. @16-09-2021 19:36:54.0341 PM
[ReportManager] Assertion Passed: trying out the log message @16-09-2021 19:36:54.0344 PM
[ReportManager] Successfully created attachment [Validation Test Data - Expected JSON Value] @16-09-2021 19:36:54.0345 PM
[ReportManager] Successfully created attachment [Validation Test Data - Actual JSON Value] @16-09-2021 19:36:54.0345 PM
[ReportManager] Assertion [ValidateJSONFileContent] PASSED. Expected [Response data should match the JSON File in this path 'src/test/resources/TestJsonFiles/specialCharacters.json'] and Actual [TRUE]. Comparison Type [CONTAINS]. Validation Type [POSITIVE]. @16-09-2021 19:36:54.0345 P
[ReportManager] File Action [GetAbsolutePath] successfully performed. With the following test data [Relative Folder Path: "target/downloadedFiles/"]. @16-09-2021 19:36:54.0353 PM
[ReportManager] Attempting to run remotely on: [Linux-64], [GoogleChrome], [http://localhost:4444/wd/hub], Headless Execution. @16-09-2021 19:36:54.0353 PM
[ReportManager] Successfully Opened [GoogleChrome]. @16-09-2021 19:36:54.0690 P

################################################################################################################################################
Starting Execution:	[93 out of 143] test cases in the current suite
Test Method:		[testPackage01.Test_uploadFile.uploadFile_invisibleUploadInput]
################################################################################################################################################
[ReportManager] Target URL: [https://fineuploader.com/demos.html#gallery-view] @16-09-2021 19:36:54.0704 PM
[ReportManager] Initial URL: [data:,] @16-09-2021 19:36:54.0761 PM
[ReportManager] Browser Action [NavigateToURL] successfully performed. With the following test data [https://fineuploader.com/demos.html#gallery-view]. @16-09-2021 19:36:56.0475 PM
[ReportManager] File Action [GetAbsolutePath] successfully performed. With the following test data [Relative File Path: "src/main/resources/images/shaft.png"]. @16-09-2021 19:36:56.0476 PM
[ReportManager] Successfully created attachment [File Action Actual Result - Command Log] @16-09-2021 19:36:56.0476 PM
[ReportManager] Element Action [TypeFileLocationForUpload] successfully performed. With the following test data [/home/runner/work/SHAFT_ENGINE/SHAFT_ENGINE/src/main/resources/images/shaft.png]. @16-09-2021 19:36:56.0678 PM
[ReportManager] Attempting to getAttribute [src] from elementLocator [By.xpath: //div[@id='fine-uploader-gallery']//div[@class='qq-thumbnail-wrapper']/img]. @16-09-2021 19:36:56.0679 PM
[ReportManager] Element Action [GetAttribute] successfully performed. @16-09-2021 19:36:56.0798 PM
[ReportManager] Successfully created attachment [Element Action Test Data - GetAttribute - Actual Value] @16-09-2021 19:36:56.0799 PM
[ReportManager] Loaded Shared OpenCV @16-09-2021 19:36:56.0940 PM
[ReportManager] Assertion [ValidateElementAttribute] PASSED. Expected and Actual values are attached. Comparison Type [CONTAINS]. Validation Type [POSITIVE]. @16-09-2021 19:36:57.0030 PM
[ReportManager] Successfully created attachment [Validation Test Data - Expected Value] @16-09-2021 19:36:57.0030 PM
[ReportManager] Successfully created attachment [Validation Test Data - Actual Value] @16-09-2021 19:36:57.0030 PM
[ReportManager] Successfully created attachment [Screenshot - 1631821016940_uploadFile_invisibleUploadInput_ValidateElementAttribute_passed] @16-09-2021 19:36:57.0031 P
[ReportManager] Browser Action [CloseCurrentWindow] successfully performed. @16-09-2021 19:36:57.0216 PM
[ReportManager] Successfully created attachment [Browser Action Test Data - CloseCurrentWindow - Actual Value] @16-09-2021 19:36:57.0219 P
[ReportManager] File Action [GetAbsolutePath] successfully performed. With the following test data [Relative Folder Path: "target/downloadedFiles/"]. @16-09-2021 19:36:57.0223 PM
[ReportManager] Attempting to run remotely on: [Linux-64], [GoogleChrome], [http://localhost:4444/wd/hub], Headless Execution. @16-09-2021 19:36:57.0223 PM
[ReportManager] Successfully Opened [GoogleChrome]. @16-09-2021 19:36:57.0433 P

################################################################################################################################################
Starting Execution:	[94 out of 143] test cases in the current suite
Test Method:		[testPackage01.Test_uploadFile.uploadFile_visibleUploadInput]
################################################################################################################################################
[ReportManager] Target URL: [http://demo.guru99.com/test/upload/] @16-09-2021 19:36:57.0447 PM
[ReportManager] Initial URL: [data:,] @16-09-2021 19:36:57.0494 PM
[ReportManager] Browser Action [NavigateToURL] successfully performed. With the following test data [http://demo.guru99.com/test/upload/]. @16-09-2021 19:36:58.0422 PM
[ReportManager] File Action [GetAbsolutePath] successfully performed. With the following test data [Relative File Path: "src/main/resources/images/shaft.png"]. @16-09-2021 19:36:58.0422 PM
[ReportManager] Successfully created attachment [File Action Actual Result - Command Log] @16-09-2021 19:36:58.0422 PM
[ReportManager] Element Action [TypeFileLocationForUpload] successfully performed. With the following test data [/home/runner/work/SHAFT_ENGINE/SHAFT_ENGINE/src/main/resources/images/shaft.png]. @16-09-2021 19:36:58.0575 PM
[ReportManager] Element Action [Click] successfully performed. With the following test data [on]. @16-09-2021 19:36:58.0891 PM
[ReportManager] Element Action [Click] successfully performed. With the following test data [Submit File]. @16-09-2021 19:36:59.0201 PM
[ReportManager] Element Action [GetText] successfully performed. With the following test data [1 file
has been successfully uploaded.]. @16-09-2021 19:36:59.0335 PM
[ReportManager] Loaded Shared OpenCV @16-09-2021 19:36:59.0462 PM
[ReportManager] Assertion [ValidateElementAttribute] PASSED. Expected [Value Should be '1 file' for the 'Text' attribute, element locator 'By.id: res'] and Actual [1 file
has been successfully uploaded.]. Comparison Type [CONTAINS]. Validation Type [POSITIVE]. @16-09-2021 19:36:59.0543 PM
[ReportManager] Successfully created attachment [Screenshot - 1631821019462_uploadFile_visibleUploadInput_ValidateElementAttribute_passed] @16-09-2021 19:36:59.0548 P
[ReportManager] Browser Action [CloseCurrentWindow] successfully performed. @16-09-2021 19:36:59.0663 PM
[ReportManager] Successfully created attachment [Browser Action Test Data - CloseCurrentWindow - Actual Value] @16-09-2021 19:36:59.0663 P
[ReportManager] File Action [GetAbsolutePath] successfully performed. With the following test data [Relative Folder Path: "target/downloadedFiles/"]. @16-09-2021 19:36:59.0665 PM
[ReportManager] Attempting to run remotely on: [Linux-64], [GoogleChrome], [http://localhost:4444/wd/hub], Headless Execution. @16-09-2021 19:36:59.0665 PM
[ReportManager] Successfully Opened [GoogleChrome]. @16-09-2021 19:36:59.0857 P

################################################################################################################################################
Starting Execution:	[95 out of 143] test cases in the current suite
Test Method:		[testPackage01.Test_assertEquals.test_assertElementAttribute]
################################################################################################################################################
[ReportManager] Target URL: [https://www.google.com/ncr], and after redirection: [https://www.google.com] @16-09-2021 19:36:59.0871 PM
[ReportManager] Initial URL: [data:,] @16-09-2021 19:36:59.0910 PM
[ReportManager] Browser Action [NavigateToURL] successfully performed. With the following test data [https://www.google.com/ncr]. @16-09-2021 19:37:00.0978 PM
[ReportManager] Element Action [Type] successfully performed. With the following test data [INC_004010050:Another SCHEDULER with the same name [Duplicate Job Name] already exists.]. @16-09-2021 19:37:01.0619 PM
[ReportManager] Element Action [GetText] successfully performed. With the following test data [INC_004010050:Another SCHEDULER with the same name [Duplicate Job Name] already exists.]. @16-09-2021 19:37:01.0728 PM
[ReportManager] Loaded Shared OpenCV @16-09-2021 19:37:01.0848 PM
[ReportManager] Assertion [ValidateElementAttribute] PASSED. Expected [Value Should be 'INC_004010050:Another SCHEDULER with the same name \[Duplicate Job Name\] already exists.' for the 'text' attribute, element locator 'By.name: q'] and Actual [INC_004010050:Another SCHEDULER with the same name [Duplicate Job Name] already exists.]. Comparison Type [MATCHES]. Validation Type [POSITIVE]. @16-09-2021 19:37:01.0929 PM
[ReportManager] Successfully created attachment [Screenshot - 1631821021848_test_assertElementAttribute_ValidateElementAttribute_passed] @16-09-2021 19:37:01.0930 P
[ReportManager] Browser Action [CloseCurrentWindow] successfully performed. @16-09-2021 19:37:02.0060 PM
[ReportManager] Successfully created attachment [Browser Action Test Data - CloseCurrentWindow - Actual Value] @16-09-2021 19:37:02.0061 P

################################################################################################################################################
Starting Execution:	[96 out of 143] test cases in the current suite
Test Method:		[testPackage01.Test_NewValidationHelper.f1]
################################################################################################################################################
[ReportManager] Assertion Passed: Checking valid user data @16-09-2021 19:37:02.0064 PM
[ReportManager] Successfully created attachment [Validation Test Data - Expected Value] @16-09-2021 19:37:02.0064 PM
[ReportManager] Successfully created attachment [Validation Test Data - Actual Value] @16-09-2021 19:37:02.0064 PM
[ReportManager] Assertion [ValidateEquals] PASSED. Expected and Actual values are attached. Comparison Type [EQUALS]. Validation Type [POSITIVE]. @16-09-2021 19:37:02.0064 P
[ReportManager] File Action [GetAbsolutePath] successfully performed. With the following test data [Relative Folder Path: "target/downloadedFiles/"]. @16-09-2021 19:37:02.0066 PM
[ReportManager] Attempting to run remotely on: [Linux-64], [GoogleChrome], [http://localhost:4444/wd/hub], Headless Execution. @16-09-2021 19:37:02.0066 PM
[ReportManager] Successfully Opened [GoogleChrome]. @16-09-2021 19:37:02.0284 PM
[ReportManager] Target URL: [https://the-internet.herokuapp.com/] @16-09-2021 19:37:02.0298 PM
[ReportManager] Initial URL: [data:,] @16-09-2021 19:37:02.0336 PM
[ReportManager] Browser Action [NavigateToURL] successfully performed. With the following test data [https://the-internet.herokuapp.com/]. @16-09-2021 19:37:02.0670 P

################################################################################################################################################
Starting Execution:	[97 out of 143] test cases in the current suite
Test Method:		[testPackage01.Test_NewValidationHelper.f10]
################################################################################################################################################
[ReportManager] Assertion [ValidateElementExists] FAILED. Expected [Element Should Exist, locator 'By.tagName: div'] and Actual [Element Exists but is not unique]. Comparison Type [EQUALS]. Validation Type [POSITIVE]. @16-09-2021 19:37:02.0932 PM
[ReportManager] Successfully created attachment [Screenshot - 1631821022859_f10_ValidateElementExists_failed] @16-09-2021 19:37:02.0933 P
[ReportManager] Successfully Closed All Drivers. @16-09-2021 19:37:03.0007 P
[ReportManager] File Action [GetAbsolutePath] successfully performed. With the following test data [Relative Folder Path: "target/downloadedFiles/"]. @16-09-2021 19:37:03.0009 PM
[ReportManager] Attempting to run remotely on: [Linux-64], [GoogleChrome], [http://localhost:4444/wd/hub], Headless Execution. @16-09-2021 19:37:03.0009 PM
[ReportManager] Successfully Opened [GoogleChrome]. @16-09-2021 19:37:03.0189 PM
[ReportManager] Target URL: [https://the-internet.herokuapp.com/] @16-09-2021 19:37:03.0199 PM
[ReportManager] Initial URL: [data:,] @16-09-2021 19:37:03.0236 PM
[ReportManager] Browser Action [NavigateToURL] successfully performed. With the following test data [https://the-internet.herokuapp.com/]. @16-09-2021 19:37:03.0563 P

################################################################################################################################################
Starting Execution:	[98 out of 143] test cases in the current suite
Test Method:		[testPackage01.Test_NewValidationHelper.f11]
################################################################################################################################################
[ReportManager] Assertion Passed: Checking that false tag doesn't exist @16-09-2021 19:37:13.0961 PM
[ReportManager] Successfully created attachment [Screenshot - 1631821033881_f11_ValidateElementExists_passed] @16-09-2021 19:37:13.0962 PM
[ReportManager] Assertion [ValidateElementExists] PASSED. Expected [Element Should not Exist, locator 'By.tagName: h3'] and Actual [Element Doesn't Exists]. Comparison Type [EQUALS]. Validation Type [NEGATIVE]. @16-09-2021 19:37:13.0962 P
[ReportManager] Successfully Closed All Drivers. @16-09-2021 19:37:14.0036 P
[ReportManager] File Action [GetAbsolutePath] successfully performed. With the following test data [Relative Folder Path: "target/downloadedFiles/"]. @16-09-2021 19:37:14.0037 PM
[ReportManager] Attempting to run remotely on: [Linux-64], [GoogleChrome], [http://localhost:4444/wd/hub], Headless Execution. @16-09-2021 19:37:14.0038 PM
[ReportManager] Successfully Opened [GoogleChrome]. @16-09-2021 19:37:14.0225 PM
[ReportManager] Target URL: [https://the-internet.herokuapp.com/] @16-09-2021 19:37:14.0236 PM
[ReportManager] Initial URL: [data:,] @16-09-2021 19:37:14.0291 PM
[ReportManager] Browser Action [NavigateToURL] successfully performed. With the following test data [https://the-internet.herokuapp.com/]. @16-09-2021 19:37:14.0631 P

################################################################################################################################################
Starting Execution:	[99 out of 143] test cases in the current suite
Test Method:		[testPackage01.Test_NewValidationHelper.f12]
################################################################################################################################################
[ReportManager] Loaded Shared OpenCV @16-09-2021 19:37:14.0863 PM
[ReportManager] Assertion [ValidateElementExists] FAILED. Expected [Element Should not Exist, locator 'By.tagName: h1'] and Actual [Element Exists]. Comparison Type [EQUALS]. Validation Type [NEGATIVE]. @16-09-2021 19:37:14.0954 PM
[ReportManager] Successfully created attachment [Screenshot - 1631821034863_f12_ValidateElementExists_failed] @16-09-2021 19:37:14.0955 P
[ReportManager] Successfully Closed All Drivers. @16-09-2021 19:37:15.0026 P
[ReportManager] File Action [GetAbsolutePath] successfully performed. With the following test data [Relative Folder Path: "target/downloadedFiles/"]. @16-09-2021 19:37:15.0029 PM
[ReportManager] Attempting to run remotely on: [Linux-64], [GoogleChrome], [http://localhost:4444/wd/hub], Headless Execution. @16-09-2021 19:37:15.0029 PM
[ReportManager] Successfully Opened [GoogleChrome]. @16-09-2021 19:37:15.0211 PM
[ReportManager] Target URL: [https://the-internet.herokuapp.com/] @16-09-2021 19:37:15.0223 PM
[ReportManager] Initial URL: [data:,] @16-09-2021 19:37:15.0262 PM
[ReportManager] Browser Action [NavigateToURL] successfully performed. With the following test data [https://the-internet.herokuapp.com/]. @16-09-2021 19:37:15.0602 P

################################################################################################################################################
Starting Execution:	[100 out of 143] test cases in the current suite
Test Method:		[testPackage01.Test_NewValidationHelper.f13]
################################################################################################################################################
[ReportManager] Assertion [ValidateElementExists] FAILED. Expected [Element Should not Exist, locator 'By.tagName: div'] and Actual [Element Exists but is not unique]. Comparison Type [EQUALS]. Validation Type [NEGATIVE]. @16-09-2021 19:37:15.0863 PM
[ReportManager] Successfully created attachment [Screenshot - 1631821035792_f13_ValidateElementExists_failed] @16-09-2021 19:37:15.0864 P
[ReportManager] Successfully Closed All Drivers. @16-09-2021 19:37:15.0937 P
[ReportManager] File Action [GetAbsolutePath] successfully performed. With the following test data [Relative Folder Path: "target/downloadedFiles/"]. @16-09-2021 19:37:15.0939 PM
[ReportManager] Attempting to run remotely on: [Linux-64], [GoogleChrome], [http://localhost:4444/wd/hub], Headless Execution. @16-09-2021 19:37:15.0939 PM
[ReportManager] Successfully Opened [GoogleChrome]. @16-09-2021 19:37:16.0129 PM
[ReportManager] Target URL: [https://the-internet.herokuapp.com/] @16-09-2021 19:37:16.0150 PM
[ReportManager] Initial URL: [data:,] @16-09-2021 19:37:16.0194 PM
[ReportManager] Browser Action [NavigateToURL] successfully performed. With the following test data [https://the-internet.herokuapp.com/]. @16-09-2021 19:37:16.0539 P

################################################################################################################################################
Starting Execution:	[101 out of 143] test cases in the current suite
Test Method:		[testPackage01.Test_NewValidationHelper.f14]
################################################################################################################################################
[ReportManager] Element Action [GetText] successfully performed. With the following test data [Welcome to the-internet]. @16-09-2021 19:37:16.0636 PM
[ReportManager] Loaded Shared OpenCV @16-09-2021 19:37:16.0776 PM
[ReportManager] Assertion Passed: Asserting that the header text is correct @16-09-2021 19:37:16.0869 PM
[ReportManager] Successfully created attachment [Screenshot - 1631821036776_f14_ValidateElementAttribute_passed] @16-09-2021 19:37:16.0872 PM
[ReportManager] Assertion [ValidateElementAttribute] PASSED. Expected [Value Should be 'Welcome to the-internet' for the 'text' attribute, element locator 'By.tagName: h1'] and Actual [Welcome to the-internet]. Comparison Type [EQUALS]. Validation Type [POSITIVE]. @16-09-2021 19:37:16.0872 P
[ReportManager] Successfully Closed All Drivers. @16-09-2021 19:37:16.0948 P
[ReportManager] File Action [GetAbsolutePath] successfully performed. With the following test data [Relative Folder Path: "target/downloadedFiles/"]. @16-09-2021 19:37:16.0950 PM
[ReportManager] Attempting to run remotely on: [Linux-64], [GoogleChrome], [http://localhost:4444/wd/hub], Headless Execution. @16-09-2021 19:37:16.0950 PM
[ReportManager] Successfully Opened [GoogleChrome]. @16-09-2021 19:37:17.0143 PM
[ReportManager] Target URL: [https://the-internet.herokuapp.com/] @16-09-2021 19:37:17.0156 PM
[ReportManager] Initial URL: [data:,] @16-09-2021 19:37:17.0198 PM
[ReportManager] Browser Action [NavigateToURL] successfully performed. With the following test data [https://the-internet.herokuapp.com/]. @16-09-2021 19:37:17.0519 P

################################################################################################################################################
Starting Execution:	[102 out of 143] test cases in the current suite
Test Method:		[testPackage01.Test_NewValidationHelper.f15]
################################################################################################################################################
[ReportManager] Element Action [GetText] successfully performed. With the following test data [Welcome to the-internet]. @16-09-2021 19:37:17.0598 PM
[ReportManager] Loaded Shared OpenCV @16-09-2021 19:37:17.0760 PM
[ReportManager] Assertion [ValidateElementAttribute] FAILED. Expected [Value Should not be 'Welcome' for the 'text' attribute, element locator 'By.tagName: h1'] and Actual [Welcome to the-internet]. Comparison Type [CONTAINS]. Validation Type [NEGATIVE]. @16-09-2021 19:37:17.0860 PM
[ReportManager] Successfully created attachment [Screenshot - 1631821037759_f15_ValidateElementAttribute_failed] @16-09-2021 19:37:17.0861 P
[ReportManager] Successfully Closed All Drivers. @16-09-2021 19:37:17.0932 P
[ReportManager] File Action [GetAbsolutePath] successfully performed. With the following test data [Relative Folder Path: "target/downloadedFiles/"]. @16-09-2021 19:37:17.0934 PM
[ReportManager] Attempting to run remotely on: [Linux-64], [GoogleChrome], [http://localhost:4444/wd/hub], Headless Execution. @16-09-2021 19:37:17.0934 PM
[ReportManager] Successfully Opened [GoogleChrome]. @16-09-2021 19:37:18.0142 PM
[ReportManager] Target URL: [https://the-internet.herokuapp.com/] @16-09-2021 19:37:18.0155 PM
[ReportManager] Initial URL: [data:,] @16-09-2021 19:37:18.0194 PM
[ReportManager] Browser Action [NavigateToURL] successfully performed. With the following test data [https://the-internet.herokuapp.com/]. @16-09-2021 19:37:18.0511 P

################################################################################################################################################
Starting Execution:	[103 out of 143] test cases in the current suite
Test Method:		[testPackage01.Test_NewValidationHelper.f16]
################################################################################################################################################
[ReportManager] Element Action [IdentifyUniqueElement] failed. With the following test data [zero elements found matching this locator "By.tagName: h3".]. @16-09-2021 19:37:44.0081 PM
[ReportManager] Successfully created attachment [Screenshot - 1631821064007_f16_IdentifyUniqueElement_failed] @16-09-2021 19:37:44.0082 PM
[ReportManager] Assertion [ValidateElementAttribute] FAILED. Expected [Value Should not be 'Welcome' for the 'text' attribute, element locator 'By.tagName: h3'] and Actual [Failed to read the desired element attribute]. Comparison Type [CONTAINS]. Validation Type [NEGATIVE]. @16-09-2021 19:37:44.0082 P
[ReportManager] Successfully Closed All Drivers. @16-09-2021 19:37:44.0155 P
[ReportManager] File Action [GetAbsolutePath] successfully performed. With the following test data [Relative Folder Path: "target/downloadedFiles/"]. @16-09-2021 19:37:44.0157 PM
[ReportManager] Attempting to run remotely on: [Linux-64], [GoogleChrome], [http://localhost:4444/wd/hub], Headless Execution. @16-09-2021 19:37:44.0157 PM
[ReportManager] Successfully Opened [GoogleChrome]. @16-09-2021 19:37:44.0333 PM
[ReportManager] Target URL: [https://the-internet.herokuapp.com/] @16-09-2021 19:37:44.0348 PM
[ReportManager] Initial URL: [data:,] @16-09-2021 19:37:44.0385 PM
[ReportManager] Browser Action [NavigateToURL] successfully performed. With the following test data [https://the-internet.herokuapp.com/]. @16-09-2021 19:37:44.0715 P

################################################################################################################################################
Starting Execution:	[104 out of 143] test cases in the current suite
Test Method:		[testPackage01.Test_NewValidationHelper.f17]
################################################################################################################################################
[ReportManager] Attempting to getAttribute [text2] from elementLocator [By.tagName: h1]. @16-09-2021 19:37:44.0720 PM
[ReportManager] Element Action [GetAttribute] successfully performed. @16-09-2021 19:37:44.0802 PM
[ReportManager] Loaded Shared OpenCV @16-09-2021 19:37:44.0940 PM
[ReportManager] Assertion [ValidateElementAttribute] PASSED. Expected [Value Should not be 'Welcome' for the 'text2' attribute, element locator 'By.tagName: h1'] and Actual [null]. Comparison Type [CONTAINS]. Validation Type [NEGATIVE]. @16-09-2021 19:37:45.0033 PM
[ReportManager] Successfully created attachment [Screenshot - 1631821064939_f17_ValidateElementAttribute_passed] @16-09-2021 19:37:45.0034 P
[ReportManager] Successfully Closed All Drivers. @16-09-2021 19:37:45.0106 P
[ReportManager] File Action [GetAbsolutePath] successfully performed. With the following test data [Relative Folder Path: "target/downloadedFiles/"]. @16-09-2021 19:37:45.0108 PM
[ReportManager] Attempting to run remotely on: [Linux-64], [GoogleChrome], [http://localhost:4444/wd/hub], Headless Execution. @16-09-2021 19:37:45.0108 PM
[ReportManager] Successfully Opened [GoogleChrome]. @16-09-2021 19:37:45.0295 PM
[ReportManager] Target URL: [https://the-internet.herokuapp.com/] @16-09-2021 19:37:45.0306 PM
[ReportManager] Initial URL: [data:,] @16-09-2021 19:37:45.0343 PM
[ReportManager] Browser Action [NavigateToURL] successfully performed. With the following test data [https://the-internet.herokuapp.com/]. @16-09-2021 19:37:45.0666 P

################################################################################################################################################
Starting Execution:	[105 out of 143] test cases in the current suite
Test Method:		[testPackage01.Test_NewValidationHelper.f18]
################################################################################################################################################
[ReportManager] Element Action [GetText] successfully performed. With the following test data [Welcome to the-internet]. @16-09-2021 19:37:45.0758 PM
[ReportManager] Loaded Shared OpenCV @16-09-2021 19:37:45.0892 PM
[ReportManager] Assertion [ValidateElementAttribute] PASSED. Expected [Value Should not be 'no' for the 'text' attribute, element locator 'By.tagName: h1'] and Actual [Welcome to the-internet]. Comparison Type [CONTAINS]. Validation Type [NEGATIVE]. @16-09-2021 19:37:45.0984 PM
[ReportManager] Successfully created attachment [Screenshot - 1631821065892_f18_ValidateElementAttribute_passed] @16-09-2021 19:37:45.0985 P
[ReportManager] Successfully Closed All Drivers. @16-09-2021 19:37:46.0059 P
[ReportManager] File Action [GetAbsolutePath] successfully performed. With the following test data [Relative Folder Path: "target/downloadedFiles/"]. @16-09-2021 19:37:46.0060 PM
[ReportManager] Attempting to run remotely on: [Linux-64], [GoogleChrome], [http://localhost:4444/wd/hub], Headless Execution. @16-09-2021 19:37:46.0060 PM
[ReportManager] Successfully Opened [GoogleChrome]. @16-09-2021 19:37:46.0274 PM
[ReportManager] Target URL: [https://the-internet.herokuapp.com/] @16-09-2021 19:37:46.0284 PM
[ReportManager] Initial URL: [data:,] @16-09-2021 19:37:46.0320 PM
[ReportManager] Browser Action [NavigateToURL] successfully performed. With the following test data [https://the-internet.herokuapp.com/]. @16-09-2021 19:37:46.0636 P

################################################################################################################################################
Starting Execution:	[106 out of 143] test cases in the current suite
Test Method:		[testPackage01.Test_NewValidationHelper.f19]
################################################################################################################################################
[ReportManager] Element Action [GetTagName] successfully performed. With the following test data [h1]. @16-09-2021 19:37:46.0705 PM
[ReportManager] Loaded Shared OpenCV @16-09-2021 19:37:46.0862 PM
[ReportManager] Assertion [ValidateElementAttribute] PASSED. Expected [Value Should be 'h' for the 'tagname' attribute, element locator 'By.tagName: h1'] and Actual [h1]. Comparison Type [CONTAINS]. Validation Type [POSITIVE]. @16-09-2021 19:37:46.0966 PM
[ReportManager] Successfully created attachment [Screenshot - 1631821066862_f19_ValidateElementAttribute_passed] @16-09-2021 19:37:46.0968 P
[ReportManager] Successfully Closed All Drivers. @16-09-2021 19:37:47.0042 P

################################################################################################################################################
Starting Execution:	[107 out of 143] test cases in the current suite
Test Method:		[testPackage01.Test_NewValidationHelper.f2]
################################################################################################################################################
[ReportManager] Assertion Failed: Checking valid user data @16-09-2021 19:37:47.0052 PM
[ReportManager] Assertion [ValidateEquals] FAILED. Expected [1] and Actual [2]. Comparison Type [EQUALS]. Validation Type [POSITIVE]. @16-09-2021 19:37:47.0052 P
[ReportManager] File Action [GetAbsolutePath] successfully performed. With the following test data [Relative Folder Path: "target/downloadedFiles/"]. @16-09-2021 19:37:47.0055 PM
[ReportManager] Attempting to run remotely on: [Linux-64], [GoogleChrome], [http://localhost:4444/wd/hub], Headless Execution. @16-09-2021 19:37:47.0055 PM
[ReportManager] Successfully Opened [GoogleChrome]. @16-09-2021 19:37:47.0245 PM
[ReportManager] Target URL: [https://the-internet.herokuapp.com/] @16-09-2021 19:37:47.0256 PM
[ReportManager] Initial URL: [data:,] @16-09-2021 19:37:47.0303 PM
[ReportManager] Browser Action [NavigateToURL] successfully performed. With the following test data [https://the-internet.herokuapp.com/]. @16-09-2021 19:37:47.0630 P

################################################################################################################################################
Starting Execution:	[108 out of 143] test cases in the current suite
Test Method:		[testPackage01.Test_NewValidationHelper.f20]
################################################################################################################################################
[ReportManager] Element Action [GetSize] successfully performed. With the following test data [(755, 61)]. @16-09-2021 19:37:47.0708 PM
[ReportManager] Loaded Shared OpenCV @16-09-2021 19:37:47.0859 PM
[ReportManager] Assertion [ValidateElementAttribute] PASSED. Expected [Value Should not be 'a' for the 'size' attribute, element locator 'By.tagName: h1'] and Actual [(755, 61)]. Comparison Type [CONTAINS]. Validation Type [NEGATIVE]. @16-09-2021 19:37:47.0949 PM
[ReportManager] Successfully created attachment [Screenshot - 1631821067859_f20_ValidateElementAttribute_passed] @16-09-2021 19:37:47.0950 P
[ReportManager] Successfully Closed All Drivers. @16-09-2021 19:37:48.0019 P
[ReportManager] File Action [GetAbsolutePath] successfully performed. With the following test data [Relative Folder Path: "target/downloadedFiles/"]. @16-09-2021 19:37:48.0021 PM
[ReportManager] Attempting to run remotely on: [Linux-64], [GoogleChrome], [http://localhost:4444/wd/hub], Headless Execution. @16-09-2021 19:37:48.0021 PM
[ReportManager] Successfully Opened [GoogleChrome]. @16-09-2021 19:37:48.0231 PM
[ReportManager] Target URL: [https://the-internet.herokuapp.com/] @16-09-2021 19:37:48.0241 PM
[ReportManager] Initial URL: [data:,] @16-09-2021 19:37:48.0282 PM
[ReportManager] Browser Action [NavigateToURL] successfully performed. With the following test data [https://the-internet.herokuapp.com/]. @16-09-2021 19:37:48.0603 P

################################################################################################################################################
Starting Execution:	[109 out of 143] test cases in the current suite
Test Method:		[testPackage01.Test_NewValidationHelper.f21]
################################################################################################################################################
[ReportManager] Element Action [IdentifyUniqueElement] failed. With the following test data [zero elements found matching this locator "By.tagName: h3".]. @16-09-2021 19:38:14.0172 PM
[ReportManager] Successfully created attachment [Screenshot - 1631821094096_f21_IdentifyUniqueElement_failed] @16-09-2021 19:38:14.0173 PM
[ReportManager] Assertion [ValidateElementAttribute] FAILED. Expected [Value Should be 'Welcome' for the 'text' attribute, element locator 'By.tagName: h3'] and Actual [Failed to read the desired element attribute]. Comparison Type [CONTAINS]. Validation Type [POSITIVE]. @16-09-2021 19:38:14.0174 P
[ReportManager] Successfully Closed All Drivers. @16-09-2021 19:38:14.0248 P
[ReportManager] File Action [GetAbsolutePath] successfully performed. With the following test data [Relative Folder Path: "target/downloadedFiles/"]. @16-09-2021 19:38:14.0249 PM
[ReportManager] Attempting to run remotely on: [Linux-64], [GoogleChrome], [http://localhost:4444/wd/hub], Headless Execution. @16-09-2021 19:38:14.0249 PM
[ReportManager] Successfully Opened [GoogleChrome]. @16-09-2021 19:38:14.0429 PM
[ReportManager] Target URL: [https://the-internet.herokuapp.com/] @16-09-2021 19:38:14.0443 PM
[ReportManager] Initial URL: [data:,] @16-09-2021 19:38:14.0480 PM
[ReportManager] Browser Action [NavigateToURL] successfully performed. With the following test data [https://the-internet.herokuapp.com/]. @16-09-2021 19:38:14.0800 P

################################################################################################################################################
Starting Execution:	[110 out of 143] test cases in the current suite
Test Method:		[testPackage01.Test_NewValidationHelper.f22]
################################################################################################################################################
[ReportManager] Element Action [GetText] successfully performed. With the following test data [Welcome to the-internet]. @16-09-2021 19:38:14.0882 PM
[ReportManager] Loaded Shared OpenCV @16-09-2021 19:38:15.0021 PM
[ReportManager] Assertion [ValidateElementAttribute] FAILED. Expected [Value Should be 'yyy' for the 'text' attribute, element locator 'By.tagName: h1'] and Actual [Welcome to the-internet]. Comparison Type [CONTAINS]. Validation Type [POSITIVE]. @16-09-2021 19:38:15.0118 PM
[ReportManager] Successfully created attachment [Screenshot - 1631821095021_f22_ValidateElementAttribute_failed] @16-09-2021 19:38:15.0120 P
[ReportManager] Successfully Closed All Drivers. @16-09-2021 19:38:15.0202 P

################################################################################################################################################
Starting Execution:	[111 out of 143] test cases in the current suite
Test Method:		[testPackage01.Test_NewValidationHelper.f23]
################################################################################################################################################
[ReportManager] Assertion Passed: confirming that the actual is greater than or equal to the expected @16-09-2021 19:38:15.0207 PM
[ReportManager] Assertion [ValidateComparativeRelation] PASSED. Expected [1] and Actual [1]. Comparison Type [GREATER_THAN_OR_EQUALS]. Validation Type [POSITIVE]. @16-09-2021 19:38:15.0207 P

################################################################################################################################################
Starting Execution:	[112 out of 143] test cases in the current suite
Test Method:		[testPackage01.Test_NewValidationHelper.f24]
################################################################################################################################################
[ReportManager] Assertion [ValidateComparativeRelation] PASSED. Expected [1] and Actual [10]. Comparison Type [GREATER_THAN_OR_EQUALS]. Validation Type [POSITIVE]. @16-09-2021 19:38:15.0212 P

################################################################################################################################################
Starting Execution:	[113 out of 143] test cases in the current suite
Test Method:		[testPackage01.Test_NewValidationHelper.f25]
################################################################################################################################################
[ReportManager] Assertion [ValidateComparativeRelation] PASSED. Expected [1] and Actual [1]. Comparison Type [EQUALS]. Validation Type [POSITIVE]. @16-09-2021 19:38:15.0214 P

################################################################################################################################################
Starting Execution:	[114 out of 143] test cases in the current suite
Test Method:		[testPackage01.Test_NewValidationHelper.f26]
################################################################################################################################################
[ReportManager] Assertion [ValidateComparativeRelation] PASSED. Expected [1] and Actual [5]. Comparison Type [GREATER_THAN]. Validation Type [POSITIVE]. @16-09-2021 19:38:15.0216 P

################################################################################################################################################
Starting Execution:	[115 out of 143] test cases in the current suite
Test Method:		[testPackage01.Test_NewValidationHelper.f27]
################################################################################################################################################
[ReportManager] Assertion [ValidateComparativeRelation] PASSED. Expected [11] and Actual [5]. Comparison Type [LESS_THAN]. Validation Type [POSITIVE]. @16-09-2021 19:38:15.0218 P

################################################################################################################################################
Starting Execution:	[116 out of 143] test cases in the current suite
Test Method:		[testPackage01.Test_NewValidationHelper.f28]
################################################################################################################################################
[ReportManager] Assertion [ValidateComparativeRelation] PASSED. Expected [11] and Actual [5]. Comparison Type [LESS_THAN_OR_EQUALS]. Validation Type [POSITIVE]. @16-09-2021 19:38:15.0220 P

################################################################################################################################################
Starting Execution:	[117 out of 143] test cases in the current suite
Test Method:		[testPackage01.Test_NewValidationHelper.f29]
################################################################################################################################################
[ReportManager] Assertion [ValidateComparativeRelation] PASSED. Expected [11] and Actual [11]. Comparison Type [LESS_THAN_OR_EQUALS]. Validation Type [POSITIVE]. @16-09-2021 19:38:15.0224 P

################################################################################################################################################
Starting Execution:	[118 out of 143] test cases in the current suite
Test Method:		[testPackage01.Test_NewValidationHelper.f3]
################################################################################################################################################
[ReportManager] Assertion [ValidateEquals] PASSED. Expected [1] and Actual [2]. Comparison Type [EQUALS]. Validation Type [NEGATIVE]. @16-09-2021 19:38:15.0227 P

################################################################################################################################################
Starting Execution:	[119 out of 143] test cases in the current suite
Test Method:		[testPackage01.Test_NewValidationHelper.f30]
################################################################################################################################################
[ReportManager] Assertion [ValidateComparativeRelation] FAILED. Expected [-9] and Actual [11]. Comparison Type [LESS_THAN_OR_EQUALS]. Validation Type [POSITIVE]. @16-09-2021 19:38:15.0230 P

################################################################################################################################################
Starting Execution:	[120 out of 143] test cases in the current suite
Test Method:		[testPackage01.Test_NewValidationHelper.f31]
################################################################################################################################################
[ReportManager] Assertion [ValidateTrue] PASSED. Expected [TRUE] and Actual [TRUE]. Validation Type [POSITIVE]. @16-09-2021 19:38:15.0233 P

################################################################################################################################################
Starting Execution:	[121 out of 143] test cases in the current suite
Test Method:		[testPackage01.Test_NewValidationHelper.f32]
################################################################################################################################################
[ReportManager] Assertion [ValidateTrue] PASSED. Expected [FALSE] and Actual [FALSE]. Validation Type [NEGATIVE]. @16-09-2021 19:38:15.0236 P

################################################################################################################################################
Starting Execution:	[122 out of 143] test cases in the current suite
Test Method:		[testPackage01.Test_NewValidationHelper.f33]
################################################################################################################################################
[ReportManager] Assertion [ValidateTrue] FAILED. Expected [FALSE] and Actual [TRUE]. Validation Type [NEGATIVE]. @16-09-2021 19:38:15.0239 P

################################################################################################################################################
Starting Execution:	[123 out of 143] test cases in the current suite
Test Method:		[testPackage01.Test_NewValidationHelper.f34]
################################################################################################################################################
[ReportManager] Assertion [ValidateTrue] FAILED. Expected [TRUE] and Actual [FALSE]. Validation Type [POSITIVE]. @16-09-2021 19:38:15.0241 P

################################################################################################################################################
Starting Execution:	[124 out of 143] test cases in the current suite
Test Method:		[testPackage01.Test_NewValidationHelper.f35]
################################################################################################################################################
[ReportManager] File Action [DoesFileExist] successfully performed. With the following test data [File Path: "pom.xml"]. @16-09-2021 19:38:15.0243 PM
[ReportManager] Assertion [ValidateFileExists] PASSED. Expected [File 'pom.xml' should exist, after up to '1' retries] and Actual [File exists]. Validation Type [POSITIVE]. @16-09-2021 19:38:15.0243 P

################################################################################################################################################
Starting Execution:	[125 out of 143] test cases in the current suite
Test Method:		[testPackage01.Test_NewValidationHelper.f36]
################################################################################################################################################
[ReportManager] File Action [DoesFileExist] successfully performed. With the following test data [File Path: "src/test/java/testPackage01/Test_NewValidationHelper.java"]. @16-09-2021 19:38:15.0246 PM
[ReportManager] Assertion [ValidateFileExists] PASSED. Expected [File 'src/test/java/testPackage01/Test_NewValidationHelper.java' should exist, after up to '1' retries] and Actual [File exists]. Validation Type [POSITIVE]. @16-09-2021 19:38:15.0246 P

################################################################################################################################################
Starting Execution:	[126 out of 143] test cases in the current suite
Test Method:		[testPackage01.Test_NewValidationHelper.f37]
################################################################################################################################################
[ReportManager] File Action [DoesFileExist] successfully performed. With the following test data [File Path: "pom.xml"]. @16-09-2021 19:38:15.0249 PM
[ReportManager] Assertion Failed: confirming that the file does't exist after 5 retries @16-09-2021 19:38:15.0249 PM
[ReportManager] Assertion [ValidateFileExists] FAILED. Expected [File 'pom.xml' should not exist, after up to '5' retries] and Actual [File exists]. Validation Type [NEGATIVE]. @16-09-2021 19:38:15.0249 P

################################################################################################################################################
Starting Execution:	[127 out of 143] test cases in the current suite
Test Method:		[testPackage01.Test_NewValidationHelper.f3_1]
################################################################################################################################################
[ReportManager] Assertion Passed: Checking valid user data @16-09-2021 19:38:15.0253 PM
[ReportManager] Assertion [ValidateEquals] PASSED. Expected [null] and Actual [null]. Comparison Type [EQUALS]. Validation Type [POSITIVE]. @16-09-2021 19:38:15.0253 P

################################################################################################################################################
Starting Execution:	[128 out of 143] test cases in the current suite
Test Method:		[testPackage01.Test_NewValidationHelper.f4]
################################################################################################################################################
[ReportManager] Assertion [ValidateEquals] PASSED. Expected [1] and Actual [123]. Comparison Type [CONTAINS]. Validation Type [POSITIVE]. @16-09-2021 19:38:15.0258 P

################################################################################################################################################
Starting Execution:	[129 out of 143] test cases in the current suite
Test Method:		[testPackage01.Test_NewValidationHelper.f5]
################################################################################################################################################
[ReportManager] Assertion [ValidateNull] PASSED. Expected [NULL] and Actual [1]. Comparison Type [EQUALS]. Validation Type [NEGATIVE]. @16-09-2021 19:38:15.0261 P

################################################################################################################################################
Starting Execution:	[130 out of 143] test cases in the current suite
Test Method:		[testPackage01.Test_NewValidationHelper.f6]
################################################################################################################################################
[ReportManager] Assertion Failed: Making sure that null string is not equal to null object @16-09-2021 19:38:15.0264 PM
[ReportManager] Assertion [ValidateNull] FAILED. Expected [NULL] and Actual [NULL]. Comparison Type [EQUALS]. Validation Type [POSITIVE]. @16-09-2021 19:38:15.0264 P

################################################################################################################################################
Starting Execution:	[131 out of 143] test cases in the current suite
Test Method:		[testPackage01.Test_NewValidationHelper.f6_1]
################################################################################################################################################
[ReportManager] Assertion [ValidateNull] FAILED. Expected [NULL] and Actual [NULL]. Comparison Type [EQUALS]. Validation Type [NEGATIVE]. @16-09-2021 19:38:15.0265 P

################################################################################################################################################
Starting Execution:	[132 out of 143] test cases in the current suite
Test Method:		[testPackage01.Test_NewValidationHelper.f6_2]
################################################################################################################################################
[ReportManager] Assertion Failed: Making sure that null string is not equal to null object @16-09-2021 19:38:15.0267 PM
[ReportManager] Assertion [ValidateNull] FAILED. Expected [NULL] and Actual [not null]. Comparison Type [EQUALS]. Validation Type [POSITIVE]. @16-09-2021 19:38:15.0267 P

################################################################################################################################################
Starting Execution:	[133 out of 143] test cases in the current suite
Test Method:		[testPackage01.Test_NewValidationHelper.f7]
################################################################################################################################################
[ReportManager] Assertion [ValidateNull] PASSED. Expected [NULL] and Actual [NULL]. Comparison Type [EQUALS]. Validation Type [POSITIVE]. @16-09-2021 19:38:15.0269 P
[ReportManager] File Action [GetAbsolutePath] successfully performed. With the following test data [Relative Folder Path: "target/downloadedFiles/"]. @16-09-2021 19:38:15.0270 PM
[ReportManager] Attempting to run remotely on: [Linux-64], [GoogleChrome], [http://localhost:4444/wd/hub], Headless Execution. @16-09-2021 19:38:15.0270 PM
[ReportManager] Successfully Opened [GoogleChrome]. @16-09-2021 19:38:15.0440 PM
[ReportManager] Target URL: [https://the-internet.herokuapp.com/] @16-09-2021 19:38:15.0450 PM
[ReportManager] Initial URL: [data:,] @16-09-2021 19:38:15.0499 PM
[ReportManager] Browser Action [NavigateToURL] successfully performed. With the following test data [https://the-internet.herokuapp.com/]. @16-09-2021 19:38:15.0838 P

################################################################################################################################################
Starting Execution:	[134 out of 143] test cases in the current suite
Test Method:		[testPackage01.Test_NewValidationHelper.f8]
################################################################################################################################################
[ReportManager] Loaded Shared OpenCV @16-09-2021 19:38:16.0038 PM
[ReportManager] Assertion [ValidateElementExists] PASSED. Expected [Element Should Exist, locator 'By.tagName: h1'] and Actual [Element Exists]. Comparison Type [EQUALS]. Validation Type [POSITIVE]. @16-09-2021 19:38:16.0125 PM
[ReportManager] Successfully created attachment [Screenshot - 1631821096038_f8_ValidateElementExists_passed] @16-09-2021 19:38:16.0126 P
[ReportManager] Successfully Closed All Drivers. @16-09-2021 19:38:16.0202 P
[ReportManager] File Action [GetAbsolutePath] successfully performed. With the following test data [Relative Folder Path: "target/downloadedFiles/"]. @16-09-2021 19:38:16.0204 PM
[ReportManager] Attempting to run remotely on: [Linux-64], [GoogleChrome], [http://localhost:4444/wd/hub], Headless Execution. @16-09-2021 19:38:16.0204 PM
[ReportManager] Successfully Opened [GoogleChrome]. @16-09-2021 19:38:16.0378 PM
[ReportManager] Target URL: [https://the-internet.herokuapp.com/] @16-09-2021 19:38:16.0387 PM
[ReportManager] Initial URL: [data:,] @16-09-2021 19:38:16.0423 PM
[ReportManager] Browser Action [NavigateToURL] successfully performed. With the following test data [https://the-internet.herokuapp.com/]. @16-09-2021 19:38:16.0739 P

################################################################################################################################################
Starting Execution:	[135 out of 143] test cases in the current suite
Test Method:		[testPackage01.Test_NewValidationHelper.f9]
################################################################################################################################################
[ReportManager] Assertion [ValidateElementExists] FAILED. Expected [Element Should Exist, locator 'By.tagName: h3'] and Actual [Element Doesn't Exists]. Comparison Type [EQUALS]. Validation Type [POSITIVE]. @16-09-2021 19:38:47.0419 PM
[ReportManager] Successfully created attachment [Screenshot - 1631821127347_f9_ValidateElementExists_failed] @16-09-2021 19:38:47.0420 P
[ReportManager] Successfully Closed All Drivers. @16-09-2021 19:38:47.0492 P

################################################################################################################################################
Starting Execution:	[136 out of 143] test cases in the current suite
Test Method:		[testPackage01.Test_NewValidationHelper.forceFail]
################################################################################################################################################
[ReportManager] Assertion [ValidateFail] FAILED. Successfully force failed the test. @16-09-2021 19:38:47.0495 P

################################################################################################################################################
Starting Execution:	[137 out of 143] test cases in the current suite
Test Method:		[testPackage01.Test_NewValidationHelper.forceFail2]
################################################################################################################################################
[ReportManager] Assertion Failed: Custom Message @16-09-2021 19:38:47.0499 PM
[ReportManager] Assertion [ValidateFail] FAILED. Successfully force failed the test. @16-09-2021 19:38:47.0499 P

################################################################################################################################################
Starting Execution:	[138 out of 143] test cases in the current suite
Test Method:		[testPackage01.Test_sendGraphqlRequest.sendGraphqlRequestUsingMutationAndVariables]
################################################################################################################################################
[ReportManager] GraphQl Request is being Performed with the Following Parameters [Service URL: https://api.spacex.land/graphql | Request Body: {"variables":"{\"name\": \"sherlock holmes\",\"rocket\": \"221B Baker Street\"}","query":"mutation ($name: String, $rocket: String) {\n  insert_users(objects: {name: $name, rocket: $rocket}) {\n    returning {\n      name\n      rocket\n    }\n  }\n}"}] @16-09-2021 19:38:47.0502 PM
[ReportManager] Response status code: [200], status line: [HTTP/1.1 200 OK] @16-09-2021 19:38:47.0768 PM
[ReportManager] Assertion Passed: Evaluating the actual response status code against the expected one... @16-09-2021 19:38:47.0768 PM
[ReportManager] Assertion [ValidateEquals] PASSED. Expected [200] and Actual [200]. Comparison Type [EQUALS]. Validation Type [POSITIVE]. @16-09-2021 19:38:47.0768 PM
[ReportManager] API Action [PerformRequest] successfully performed. With the following test data [Request Type: "POST" | Target Status Code: "200" | Service URL: "https://api.spacex.land/graphql" | Content Type: "application/json" | Response Time: "166ms"]. @16-09-2021 19:38:47.0779 PM
[ReportManager] Successfully created attachment [API Request - Specifications] @16-09-2021 19:38:47.0780 PM
[ReportManager] Successfully created attachment [API Request - JSON Body] @16-09-2021 19:38:47.0780 PM
[ReportManager] Successfully created attachment [API Response - JSON Body] @16-09-2021 19:38:47.0780 PM
[ReportManager] API Action [GetResponseJSONValue] successfully performed. With the following test data [data.insert_users.returning[0].name]. @16-09-2021 19:38:47.0835 PM
[ReportManager] Assertion [ValidateEquals] PASSED. Expected [sherlock holmes] and Actual [sherlock holmes]. Comparison Type [EQUALS]. Validation Type [POSITIVE]. @16-09-2021 19:38:47.0835 P

################################################################################################################################################
Starting Execution:	[139 out of 143] test cases in the current suite
Test Method:		[testPackage01.Test_sendGraphqlRequest.sendGraphqlRequestUsingQuery]
################################################################################################################################################
[ReportManager] GraphQl Request is being Performed with the Following Parameters [Service URL: https://api.spacex.land/graphql | Request Body: {"query":"{company {ceo}}"}] @16-09-2021 19:38:47.0842 PM
[ReportManager] Response status code: [200], status line: [HTTP/1.1 200 OK] @16-09-2021 19:38:47.0918 PM
[ReportManager] Assertion Passed: Evaluating the actual response status code against the expected one... @16-09-2021 19:38:47.0918 PM
[ReportManager] Assertion [ValidateEquals] PASSED. Expected [200] and Actual [200]. Comparison Type [EQUALS]. Validation Type [POSITIVE]. @16-09-2021 19:38:47.0918 PM
[ReportManager] API Action [PerformRequest] successfully performed. With the following test data [Request Type: "POST" | Target Status Code: "200" | Service URL: "https://api.spacex.land/graphql" | Content Type: "application/json" | Response Time: "70ms"]. @16-09-2021 19:38:47.0928 PM
[ReportManager] Successfully created attachment [API Request - Specifications] @16-09-2021 19:38:47.0929 PM
[ReportManager] Successfully created attachment [API Request - JSON Body] @16-09-2021 19:38:47.0929 PM
[ReportManager] Successfully created attachment [API Response - JSON Body] @16-09-2021 19:38:47.0929 PM
[ReportManager] API Action [GetResponseJSONValue] successfully performed. With the following test data [data.company.ceo]. @16-09-2021 19:38:47.0943 PM
[ReportManager] Assertion [ValidateEquals] PASSED. Expected [Elon Musk] and Actual [Elon Musk]. Comparison Type [EQUALS]. Validation Type [POSITIVE]. @16-09-2021 19:38:47.0943 P

################################################################################################################################################
Starting Execution:	[140 out of 143] test cases in the current suite
Test Method:		[testPackage01.Test_chainableElementActions.chainElementActions]
################################################################################################################################################
[ReportManager] File Action [GetAbsolutePath] successfully performed. With the following test data [Relative Folder Path: "target/downloadedFiles/"]. @16-09-2021 19:38:47.0950 PM
[ReportManager] Attempting to run remotely on: [Linux-64], [GoogleChrome], [http://localhost:4444/wd/hub], Headless Execution. @16-09-2021 19:38:47.0950 PM
[ReportManager] Successfully Opened [GoogleChrome]. @16-09-2021 19:38:48.0170 PM
[ReportManager] Target URL: [https://www.google.com/ncr], and after redirection: [https://www.google.com] @16-09-2021 19:38:48.0180 PM
[ReportManager] Initial URL: [data:,] @16-09-2021 19:38:48.0217 PM
[ReportManager] Browser Action [NavigateToURL] successfully performed. With the following test data [https://www.google.com/ncr]. @16-09-2021 19:38:49.0292 PM
[ReportManager] Element Action [Type] successfully performed. With the following test data [chained type 1]. @16-09-2021 19:38:49.0630 PM
[ReportManager] Element Action [Type] successfully performed. With the following test data [chained type 2]. @16-09-2021 19:38:49.0948 PM
[ReportManager] Element Action [TypeAppend] successfully performed. With the following test data [345]. @16-09-2021 19:38:50.0044 PM
[ReportManager] Element Action [GetText] successfully performed. With the following test data [chained type 2345]. @16-09-2021 19:38:50.0152 PM
[ReportManager] Loaded Shared OpenCV @16-09-2021 19:38:50.0279 PM
[ReportManager] Assertion [ValidateElementAttribute] PASSED. Expected [Value Should be 'chained type 2345' for the 'text' attribute, element locator 'By.name: q'] and Actual [chained type 2345]. Comparison Type [EQUALS]. Validation Type [POSITIVE]. @16-09-2021 19:38:50.0360 PM
[ReportManager] Successfully created attachment [Screenshot - 1631821130279_chainElementActions_ValidateElementAttribute_passed] @16-09-2021 19:38:50.0361 PM
[ReportManager] Browser Action [CloseCurrentWindow] successfully performed. @16-09-2021 19:38:50.0485 PM
[ReportManager] Successfully created attachment [Browser Action Test Data - CloseCurrentWindow - Actual Value] @16-09-2021 19:38:50.0486 P

################################################################################################################################################
Starting Execution:	[141 out of 143] test cases in the current suite
Test Method:		[testPackage01.Test_SkipDueToIssue.doNotSkip]
################################################################################################################################################
[ReportManager] This should not be skipped. @16-09-2021 19:38:50.0493 P

################################################################################################################################################
Starting Execution:	[142 out of 143] test cases in the current suite
Test Method:		[testPackage01.Test_SkipDueToIssue.skip]
################################################################################################################################################
[ReportManager] This should be skipped. @16-09-2021 19:38:50.0502 P

################################################################################################################################################
Starting Execution:	[143 out of 143] test cases in the current suite
Test Method:		[testPackage01.Test_SkipDueToIssue.skip2]
################################################################################################################################################
[ReportManager] This should be skipped. @16-09-2021 19:38:50.0506 P

################################################################################################################################################
Test Closure Activities
################################################################################################################################################
[ReportManager] Successfully created attachment [SHAFT Engine Logs - Execution log] @16-09-2021 19:38:50.0543 PM

################################################################################################################################################
This test run was powered by SHAFT Engine Version: [SHAFT Engine v5.3.20210902]
SHAFT Engine is licensed under the MIT License: [https://github.com/MohabMohie/SHAFT_ENGINE/blob/master/LICENSE].
################################################################################################################################################