################################################################################################################################################
Detected SHAFT Engine Version: [SHAFT Engine v5.4.20211011]
################################################################################################################################################

################################################################################################################################################
Starting Execution:	[1 out of 143] test cases in the current suite
Test Method:		[unitTests.tests_validations_assertions.assertComparativeRelation_greaterThanOrEquals_false_equals_expectedToFail]
################################################################################################################################################
[ReportManager] Assertion [ValidateComparativeRelation] FAILED. Expected [1] and Actual [1]. Comparison Type [GREATER_THAN_OR_EQUALS]. Validation Type [NEGATIVE]. @23-10-2021 01:55:52.0448 A

################################################################################################################################################
Starting Execution:	[2 out of 143] test cases in the current suite
Test Method:		[unitTests.tests_validations_assertions.assertComparativeRelation_greaterThanOrEquals_false_equals_expectedToPass]
################################################################################################################################################
[ReportManager] Assertion [ValidateComparativeRelation] PASSED. Expected [2] and Actual [1]. Comparison Type [GREATER_THAN_OR_EQUALS]. Validation Type [NEGATIVE]. @23-10-2021 01:55:52.0555 A

################################################################################################################################################
Starting Execution:	[3 out of 143] test cases in the current suite
Test Method:		[unitTests.tests_validations_assertions.assertComparativeRelation_greaterThanOrEquals_false_greaterThan_expectedToFail]
################################################################################################################################################
[ReportManager] Assertion [ValidateComparativeRelation] FAILED. Expected [1] and Actual [2]. Comparison Type [GREATER_THAN_OR_EQUALS]. Validation Type [NEGATIVE]. @23-10-2021 01:55:52.0563 A

################################################################################################################################################
Starting Execution:	[4 out of 143] test cases in the current suite
Test Method:		[unitTests.tests_validations_assertions.assertComparativeRelation_greaterThanOrEquals_false_greaterThan_expectedToPass]
################################################################################################################################################
[ReportManager] Assertion [ValidateComparativeRelation] PASSED. Expected [2] and Actual [1]. Comparison Type [GREATER_THAN_OR_EQUALS]. Validation Type [NEGATIVE]. @23-10-2021 01:55:52.0574 A

################################################################################################################################################
Starting Execution:	[5 out of 143] test cases in the current suite
Test Method:		[unitTests.tests_validations_assertions.assertComparativeRelation_greaterThanOrEquals_true_equals_expectedToFail]
################################################################################################################################################
[ReportManager] Assertion [ValidateComparativeRelation] FAILED. Expected [1] and Actual [0]. Comparison Type [GREATER_THAN_OR_EQUALS]. Validation Type [POSITIVE]. @23-10-2021 01:55:52.0583 A

################################################################################################################################################
Starting Execution:	[6 out of 143] test cases in the current suite
Test Method:		[unitTests.tests_validations_assertions.assertComparativeRelation_greaterThanOrEquals_true_equals_expectedToPass]
################################################################################################################################################
[ReportManager] Assertion [ValidateComparativeRelation] PASSED. Expected [1] and Actual [1]. Comparison Type [GREATER_THAN_OR_EQUALS]. Validation Type [POSITIVE]. @23-10-2021 01:55:52.0592 A

################################################################################################################################################
Starting Execution:	[7 out of 143] test cases in the current suite
Test Method:		[unitTests.tests_validations_assertions.assertComparativeRelation_greaterThanOrEquals_true_greaterThan_expectedToFail]
################################################################################################################################################
[ReportManager] Assertion [ValidateComparativeRelation] FAILED. Expected [2] and Actual [1]. Comparison Type [GREATER_THAN_OR_EQUALS]. Validation Type [POSITIVE]. @23-10-2021 01:55:52.0598 A

################################################################################################################################################
Starting Execution:	[8 out of 143] test cases in the current suite
Test Method:		[unitTests.tests_validations_assertions.assertComparativeRelation_greaterThanOrEquals_true_greaterThan_expectedToPass]
################################################################################################################################################
[ReportManager] Assertion [ValidateComparativeRelation] PASSED. Expected [1] and Actual [2]. Comparison Type [GREATER_THAN_OR_EQUALS]. Validation Type [POSITIVE]. @23-10-2021 01:55:52.0602 A
[ReportManager] File Action [GetAbsolutePath] successfully performed. With the following test data [Relative Folder Path: "target/downloadedFiles/"]. @23-10-2021 01:55:52.0612 AM
[ReportManager] Attempting to run remotely on: [Linux-64], [GoogleChrome], [http://localhost:4444/wd/hub], Headless Execution. @23-10-2021 01:55:52.0638 AM
[ReportManager] Successfully Opened [GoogleChrome]. @23-10-2021 01:55:54.0042 AM
[ReportManager] Target URL: [https://www.google.com/ncr], and after redirection: [www.google.com] @23-10-2021 01:55:54.0094 AM
[ReportManager] Initial URL: [data:,] @23-10-2021 01:55:54.0190 AM
[ReportManager] Browser Action [NavigateToURL] successfully performed. With the following test data [https://www.google.com/ncr]. @23-10-2021 01:55:55.0450 A

################################################################################################################################################
Starting Execution:	[9 out of 143] test cases in the current suite
Test Method:		[unitTests.tests_validations_assertions.assertElementAttribute_false_caseInsensitiveComparison_expectedToFail]
################################################################################################################################################
[ReportManager] Element Action [Type] successfully performed. With the following test data [AUTOMATION]. @23-10-2021 01:55:55.0908 AM
[ReportManager] Element Action [GetText] successfully performed. With the following test data [AUTOMATION]. @23-10-2021 01:55:56.0067 AM
[ReportManager] Loaded Shared OpenCV @23-10-2021 01:55:56.0746 AM
[ReportManager] Assertion [ValidateElementAttribute] FAILED. Expected [Value Should not be 'AutomaTion' for the 'text' attribute, element locator 'By.name: q'] and Actual [AUTOMATION]. Comparison Type [CASE_INSENSITIVE]. Validation Type [NEGATIVE]. @23-10-2021 01:55:57.0084 AM
[ReportManager] Successfully created attachment [Screenshot - 1634954156298_assertElementAttribute_false_caseInsensitiveComparison_expectedToFail_ValidateElementAttribute_failed] @23-10-2021 01:55:57.0106 A
[ReportManager] Browser Action [CloseCurrentWindow] successfully performed. @23-10-2021 01:55:57.0274 AM
[ReportManager] Successfully created attachment [Browser Action Test Data - CloseCurrentWindow - Actual Value] @23-10-2021 01:55:57.0283 A
[ReportManager] File Action [GetAbsolutePath] successfully performed. With the following test data [Relative Folder Path: "target/downloadedFiles/"]. @23-10-2021 01:55:57.0292 AM
[ReportManager] Attempting to run remotely on: [Linux-64], [GoogleChrome], [http://localhost:4444/wd/hub], Headless Execution. @23-10-2021 01:55:57.0292 AM
[ReportManager] Successfully Opened [GoogleChrome]. @23-10-2021 01:55:57.0530 AM
[ReportManager] Target URL: [https://www.google.com/ncr], and after redirection: [www.google.com] @23-10-2021 01:55:57.0562 AM
[ReportManager] Initial URL: [data:,] @23-10-2021 01:55:57.0626 AM
[ReportManager] Browser Action [NavigateToURL] successfully performed. With the following test data [https://www.google.com/ncr]. @23-10-2021 01:55:58.0516 A

################################################################################################################################################
Starting Execution:	[10 out of 143] test cases in the current suite
Test Method:		[unitTests.tests_validations_assertions.assertElementAttribute_false_caseInsensitiveComparison_expectedToPass]
################################################################################################################################################
[ReportManager] Element Action [Type] successfully performed. With the following test data [AUTOMATION]. @23-10-2021 01:55:58.0996 AM
[ReportManager] Element Action [GetText] successfully performed. With the following test data [AUTOMATION]. @23-10-2021 01:55:59.0143 AM
[ReportManager] Loaded Shared OpenCV @23-10-2021 01:55:59.0316 AM
[ReportManager] Assertion [ValidateElementAttribute] PASSED. Expected [Value Should not be 'AutomaTion123' for the 'text' attribute, element locator 'By.name: q'] and Actual [AUTOMATION]. Comparison Type [CASE_INSENSITIVE]. Validation Type [NEGATIVE]. @23-10-2021 01:55:59.0434 AM
[ReportManager] Successfully created attachment [Screenshot - 1634954159316_assertElementAttribute_false_caseInsensitiveComparison_expectedToPass_ValidateElementAttribute_passed] @23-10-2021 01:55:59.0437 A
[ReportManager] Browser Action [CloseCurrentWindow] successfully performed. @23-10-2021 01:55:59.0584 AM
[ReportManager] Successfully created attachment [Browser Action Test Data - CloseCurrentWindow - Actual Value] @23-10-2021 01:55:59.0585 A
[ReportManager] File Action [GetAbsolutePath] successfully performed. With the following test data [Relative Folder Path: "target/downloadedFiles/"]. @23-10-2021 01:55:59.0601 AM
[ReportManager] Attempting to run remotely on: [Linux-64], [GoogleChrome], [http://localhost:4444/wd/hub], Headless Execution. @23-10-2021 01:55:59.0602 AM
[ReportManager] Successfully Opened [GoogleChrome]. @23-10-2021 01:55:59.0894 AM
[ReportManager] Target URL: [https://www.google.com/ncr], and after redirection: [www.google.com] @23-10-2021 01:55:59.0918 AM
[ReportManager] Initial URL: [data:,] @23-10-2021 01:55:59.0976 AM
[ReportManager] Browser Action [NavigateToURL] successfully performed. With the following test data [https://www.google.com/ncr]. @23-10-2021 01:56:00.0772 A

################################################################################################################################################
Starting Execution:	[11 out of 143] test cases in the current suite
Test Method:		[unitTests.tests_validations_assertions.assertElementAttribute_false_containsComparison_expectedToFail]
################################################################################################################################################
[ReportManager] Element Action [Type] successfully performed. With the following test data [Automation123]. @23-10-2021 01:56:01.0158 AM
[ReportManager] Element Action [GetText] successfully performed. With the following test data [Automation123]. @23-10-2021 01:56:01.0275 AM
[ReportManager] Loaded Shared OpenCV @23-10-2021 01:56:01.0424 AM
[ReportManager] Assertion [ValidateElementAttribute] FAILED. Expected [Value Should not be 'Automation' for the 'text' attribute, element locator 'By.name: q'] and Actual [Automation123]. Comparison Type [CONTAINS]. Validation Type [NEGATIVE]. @23-10-2021 01:56:01.0492 AM
[ReportManager] Successfully created attachment [Screenshot - 1634954161424_assertElementAttribute_false_containsComparison_expectedToFail_ValidateElementAttribute_failed] @23-10-2021 01:56:01.0493 A
[ReportManager] Browser Action [CloseCurrentWindow] successfully performed. @23-10-2021 01:56:01.0650 AM
[ReportManager] Successfully created attachment [Browser Action Test Data - CloseCurrentWindow - Actual Value] @23-10-2021 01:56:01.0652 A
[ReportManager] File Action [GetAbsolutePath] successfully performed. With the following test data [Relative Folder Path: "target/downloadedFiles/"]. @23-10-2021 01:56:01.0659 AM
[ReportManager] Attempting to run remotely on: [Linux-64], [GoogleChrome], [http://localhost:4444/wd/hub], Headless Execution. @23-10-2021 01:56:01.0660 AM
[ReportManager] Successfully Opened [GoogleChrome]. @23-10-2021 01:56:01.0884 AM
[ReportManager] Target URL: [https://www.google.com/ncr], and after redirection: [www.google.com] @23-10-2021 01:56:01.0904 AM
[ReportManager] Initial URL: [data:,] @23-10-2021 01:56:01.0957 AM
[ReportManager] Browser Action [NavigateToURL] successfully performed. With the following test data [https://www.google.com/ncr]. @23-10-2021 01:56:02.0728 A

################################################################################################################################################
Starting Execution:	[12 out of 143] test cases in the current suite
Test Method:		[unitTests.tests_validations_assertions.assertElementAttribute_false_containsComparison_expectedToPass]
################################################################################################################################################
[ReportManager] Element Action [Type] successfully performed. With the following test data [Automation123]. @23-10-2021 01:56:03.0134 AM
[ReportManager] Element Action [GetText] successfully performed. With the following test data [Automation123]. @23-10-2021 01:56:03.0254 AM
[ReportManager] Loaded Shared OpenCV @23-10-2021 01:56:03.0391 AM
[ReportManager] Assertion [ValidateElementAttribute] PASSED. Expected [Value Should not be 'Automation1234' for the 'text' attribute, element locator 'By.name: q'] and Actual [Automation123]. Comparison Type [CONTAINS]. Validation Type [NEGATIVE]. @23-10-2021 01:56:03.0454 AM
[ReportManager] Successfully created attachment [Screenshot - 1634954163391_assertElementAttribute_false_containsComparison_expectedToPass_ValidateElementAttribute_passed] @23-10-2021 01:56:03.0456 A
[ReportManager] Browser Action [CloseCurrentWindow] successfully performed. @23-10-2021 01:56:03.0585 AM
[ReportManager] Successfully created attachment [Browser Action Test Data - CloseCurrentWindow - Actual Value] @23-10-2021 01:56:03.0586 A
[ReportManager] File Action [GetAbsolutePath] successfully performed. With the following test data [Relative Folder Path: "target/downloadedFiles/"]. @23-10-2021 01:56:03.0589 AM
[ReportManager] Attempting to run remotely on: [Linux-64], [GoogleChrome], [http://localhost:4444/wd/hub], Headless Execution. @23-10-2021 01:56:03.0590 AM
[ReportManager] Successfully Opened [GoogleChrome]. @23-10-2021 01:56:03.0833 AM
[ReportManager] Target URL: [https://www.google.com/ncr], and after redirection: [www.google.com] @23-10-2021 01:56:03.0853 AM
[ReportManager] Initial URL: [data:,] @23-10-2021 01:56:03.0909 AM
[ReportManager] Browser Action [NavigateToURL] successfully performed. With the following test data [https://www.google.com/ncr]. @23-10-2021 01:56:04.0683 A

################################################################################################################################################
Starting Execution:	[13 out of 143] test cases in the current suite
Test Method:		[unitTests.tests_validations_assertions.assertElementAttribute_false_literalComparison_expectedToFail]
################################################################################################################################################
[ReportManager] Element Action [Type] successfully performed. With the following test data [Automation!@#$%^&*()_+{}[]\';/.,]. @23-10-2021 01:56:05.0180 AM
[ReportManager] Element Action [GetText] successfully performed. With the following test data [Automation!@#$%^&*()_+{}[]\';/.,]. @23-10-2021 01:56:05.0291 AM
[ReportManager] Loaded Shared OpenCV @23-10-2021 01:56:05.0458 AM
[ReportManager] Assertion [ValidateElementAttribute] PASSED. Expected [Value Should not be 'Automation!@#$%^&*()_+{}[]\\';/.,' for the 'text' attribute, element locator 'By.name: q'] and Actual [Automation!@#$%^&*()_+{}[]\';/.,]. Comparison Type [EQUALS]. Validation Type [NEGATIVE]. @23-10-2021 01:56:05.0529 AM
[ReportManager] Successfully created attachment [Screenshot - 1634954165458_assertElementAttribute_false_literalComparison_expectedToFail_ValidateElementAttribute_passed] @23-10-2021 01:56:05.0530 A
[ReportManager] Browser Action [CloseCurrentWindow] successfully performed. @23-10-2021 01:56:05.0668 AM
[ReportManager] Successfully created attachment [Browser Action Test Data - CloseCurrentWindow - Actual Value] @23-10-2021 01:56:05.0669 A
[ReportManager] File Action [GetAbsolutePath] successfully performed. With the following test data [Relative Folder Path: "target/downloadedFiles/"]. @23-10-2021 01:56:05.0676 AM
[ReportManager] Attempting to run remotely on: [Linux-64], [GoogleChrome], [http://localhost:4444/wd/hub], Headless Execution. @23-10-2021 01:56:05.0676 AM
[ReportManager] Successfully Opened [GoogleChrome]. @23-10-2021 01:56:05.0931 AM
[ReportManager] Target URL: [https://www.google.com/ncr], and after redirection: [www.google.com] @23-10-2021 01:56:05.0945 AM
[ReportManager] Initial URL: [data:,] @23-10-2021 01:56:06.0004 AM
[ReportManager] Browser Action [NavigateToURL] successfully performed. With the following test data [https://www.google.com/ncr]. @23-10-2021 01:56:06.0834 A

################################################################################################################################################
Starting Execution:	[14 out of 143] test cases in the current suite
Test Method:		[unitTests.tests_validations_assertions.assertElementAttribute_false_literalComparison_expectedToPass]
################################################################################################################################################
[ReportManager] Element Action [Type] successfully performed. With the following test data [Automation!@#$%^&*()_+{}[]\';/.,]. @23-10-2021 01:56:07.0315 AM
[ReportManager] Element Action [GetText] successfully performed. With the following test data [Automation!@#$%^&*()_+{}[]\';/.,]. @23-10-2021 01:56:07.0409 AM
[ReportManager] Loaded Shared OpenCV @23-10-2021 01:56:07.0547 AM
[ReportManager] Assertion [ValidateElementAttribute] PASSED. Expected [Value Should not be 'Automation' for the 'text' attribute, element locator 'By.name: q'] and Actual [Automation!@#$%^&*()_+{}[]\';/.,]. Comparison Type [EQUALS]. Validation Type [NEGATIVE]. @23-10-2021 01:56:07.0614 AM
[ReportManager] Successfully created attachment [Screenshot - 1634954167547_assertElementAttribute_false_literalComparison_expectedToPass_ValidateElementAttribute_passed] @23-10-2021 01:56:07.0616 A
[ReportManager] Browser Action [CloseCurrentWindow] successfully performed. @23-10-2021 01:56:07.0703 AM
[ReportManager] Successfully created attachment [Browser Action Test Data - CloseCurrentWindow - Actual Value] @23-10-2021 01:56:07.0704 A
[ReportManager] File Action [GetAbsolutePath] successfully performed. With the following test data [Relative Folder Path: "target/downloadedFiles/"]. @23-10-2021 01:56:07.0707 AM
[ReportManager] Attempting to run remotely on: [Linux-64], [GoogleChrome], [http://localhost:4444/wd/hub], Headless Execution. @23-10-2021 01:56:07.0709 AM
[ReportManager] Successfully Opened [GoogleChrome]. @23-10-2021 01:56:07.0922 AM
[ReportManager] Target URL: [https://www.google.com/ncr], and after redirection: [www.google.com] @23-10-2021 01:56:07.0957 AM
[ReportManager] Initial URL: [data:,] @23-10-2021 01:56:08.0005 AM
[ReportManager] Browser Action [NavigateToURL] successfully performed. With the following test data [https://www.google.com/ncr]. @23-10-2021 01:56:08.0783 A

################################################################################################################################################
Starting Execution:	[15 out of 143] test cases in the current suite
Test Method:		[unitTests.tests_validations_assertions.assertElementAttribute_false_regexComparison_expectedToFail]
################################################################################################################################################
[ReportManager] Element Action [Type] successfully performed. With the following test data [Automation123]. @23-10-2021 01:56:09.0155 AM
[ReportManager] Element Action [GetText] successfully performed. With the following test data [Automation123]. @23-10-2021 01:56:09.0245 AM
[ReportManager] Loaded Shared OpenCV @23-10-2021 01:56:09.0372 AM
[ReportManager] Assertion [ValidateElementAttribute] FAILED. Expected [Value Should not be 'Automation.*' for the 'text' attribute, element locator 'By.name: q'] and Actual [Automation123]. Comparison Type [MATCHES]. Validation Type [NEGATIVE]. @23-10-2021 01:56:09.0436 AM
[ReportManager] Successfully created attachment [Screenshot - 1634954169372_assertElementAttribute_false_regexComparison_expectedToFail_ValidateElementAttribute_failed] @23-10-2021 01:56:09.0437 A
[ReportManager] Browser Action [CloseCurrentWindow] successfully performed. @23-10-2021 01:56:09.0561 AM
[ReportManager] Successfully created attachment [Browser Action Test Data - CloseCurrentWindow - Actual Value] @23-10-2021 01:56:09.0562 A
[ReportManager] File Action [GetAbsolutePath] successfully performed. With the following test data [Relative Folder Path: "target/downloadedFiles/"]. @23-10-2021 01:56:09.0566 AM
[ReportManager] Attempting to run remotely on: [Linux-64], [GoogleChrome], [http://localhost:4444/wd/hub], Headless Execution. @23-10-2021 01:56:09.0566 AM
[ReportManager] Successfully Opened [GoogleChrome]. @23-10-2021 01:56:09.0781 AM
[ReportManager] Target URL: [https://www.google.com/ncr], and after redirection: [www.google.com] @23-10-2021 01:56:09.0804 AM
[ReportManager] Initial URL: [data:,] @23-10-2021 01:56:09.0850 AM
[ReportManager] Browser Action [NavigateToURL] successfully performed. With the following test data [https://www.google.com/ncr]. @23-10-2021 01:56:10.0683 A

################################################################################################################################################
Starting Execution:	[16 out of 143] test cases in the current suite
Test Method:		[unitTests.tests_validations_assertions.assertElementAttribute_false_regexComparison_expectedToPass]
################################################################################################################################################
[ReportManager] Element Action [Type] successfully performed. With the following test data [Automation123]. @23-10-2021 01:56:11.0039 AM
[ReportManager] Element Action [GetText] successfully performed. With the following test data [Automation123]. @23-10-2021 01:56:11.0138 AM
[ReportManager] Loaded Shared OpenCV @23-10-2021 01:56:11.0273 AM
[ReportManager] Assertion [ValidateElementAttribute] PASSED. Expected [Value Should not be 'Automation' for the 'text' attribute, element locator 'By.name: q'] and Actual [Automation123]. Comparison Type [MATCHES]. Validation Type [NEGATIVE]. @23-10-2021 01:56:11.0339 AM
[ReportManager] Successfully created attachment [Screenshot - 1634954171273_assertElementAttribute_false_regexComparison_expectedToPass_ValidateElementAttribute_passed] @23-10-2021 01:56:11.0340 A
[ReportManager] Browser Action [CloseCurrentWindow] successfully performed. @23-10-2021 01:56:11.0481 AM
[ReportManager] Successfully created attachment [Browser Action Test Data - CloseCurrentWindow - Actual Value] @23-10-2021 01:56:11.0482 A
[ReportManager] File Action [GetAbsolutePath] successfully performed. With the following test data [Relative Folder Path: "target/downloadedFiles/"]. @23-10-2021 01:56:11.0490 AM
[ReportManager] Attempting to run remotely on: [Linux-64], [GoogleChrome], [http://localhost:4444/wd/hub], Headless Execution. @23-10-2021 01:56:11.0490 AM
[ReportManager] Successfully Opened [GoogleChrome]. @23-10-2021 01:56:11.0751 AM
[ReportManager] Target URL: [https://www.google.com/ncr], and after redirection: [www.google.com] @23-10-2021 01:56:11.0764 AM
[ReportManager] Initial URL: [data:,] @23-10-2021 01:56:11.0809 AM
[ReportManager] Browser Action [NavigateToURL] successfully performed. With the following test data [https://www.google.com/ncr]. @23-10-2021 01:56:12.0561 A

################################################################################################################################################
Starting Execution:	[17 out of 143] test cases in the current suite
Test Method:		[unitTests.tests_validations_assertions.assertElementAttribute_true_caseInsensitiveComparison_expectedToFail]
################################################################################################################################################
[ReportManager] Element Action [Type] successfully performed. With the following test data [AUTOMATION]. @23-10-2021 01:56:12.0895 AM
[ReportManager] Element Action [GetText] successfully performed. With the following test data [AUTOMATION]. @23-10-2021 01:56:12.0998 AM
[ReportManager] Loaded Shared OpenCV @23-10-2021 01:56:13.0130 AM
[ReportManager] Assertion [ValidateElementAttribute] FAILED. Expected [Value Should be 'AutomaTion123' for the 'text' attribute, element locator 'By.name: q'] and Actual [AUTOMATION]. Comparison Type [CASE_INSENSITIVE]. Validation Type [POSITIVE]. @23-10-2021 01:56:13.0196 AM
[ReportManager] Successfully created attachment [Screenshot - 1634954173130_assertElementAttribute_true_caseInsensitiveComparison_expectedToFail_ValidateElementAttribute_failed] @23-10-2021 01:56:13.0197 A
[ReportManager] Browser Action [CloseCurrentWindow] successfully performed. @23-10-2021 01:56:13.0342 AM
[ReportManager] Successfully created attachment [Browser Action Test Data - CloseCurrentWindow - Actual Value] @23-10-2021 01:56:13.0343 A
[ReportManager] File Action [GetAbsolutePath] successfully performed. With the following test data [Relative Folder Path: "target/downloadedFiles/"]. @23-10-2021 01:56:13.0346 AM
[ReportManager] Attempting to run remotely on: [Linux-64], [GoogleChrome], [http://localhost:4444/wd/hub], Headless Execution. @23-10-2021 01:56:13.0346 AM
[ReportManager] Successfully Opened [GoogleChrome]. @23-10-2021 01:56:13.0585 AM
[ReportManager] Target URL: [https://www.google.com/ncr], and after redirection: [www.google.com] @23-10-2021 01:56:13.0596 AM
[ReportManager] Initial URL: [data:,] @23-10-2021 01:56:13.0646 AM
[ReportManager] Browser Action [NavigateToURL] successfully performed. With the following test data [https://www.google.com/ncr]. @23-10-2021 01:56:14.0371 A

################################################################################################################################################
Starting Execution:	[18 out of 143] test cases in the current suite
Test Method:		[unitTests.tests_validations_assertions.assertElementAttribute_true_caseInsensitiveComparison_expectedToPass]
################################################################################################################################################
[ReportManager] Element Action [Type] successfully performed. With the following test data [AUTOMATION]. @23-10-2021 01:56:14.0703 AM
[ReportManager] Element Action [GetText] successfully performed. With the following test data [AUTOMATION]. @23-10-2021 01:56:14.0799 AM
[ReportManager] Loaded Shared OpenCV @23-10-2021 01:56:14.0962 AM
[ReportManager] Assertion [ValidateElementAttribute] PASSED. Expected [Value Should be 'AutomaTion' for the 'text' attribute, element locator 'By.name: q'] and Actual [AUTOMATION]. Comparison Type [CASE_INSENSITIVE]. Validation Type [POSITIVE]. @23-10-2021 01:56:15.0036 AM
[ReportManager] Successfully created attachment [Screenshot - 1634954174962_assertElementAttribute_true_caseInsensitiveComparison_expectedToPass_ValidateElementAttribute_passed] @23-10-2021 01:56:15.0037 A
[ReportManager] Browser Action [CloseCurrentWindow] successfully performed. @23-10-2021 01:56:15.0172 AM
[ReportManager] Successfully created attachment [Browser Action Test Data - CloseCurrentWindow - Actual Value] @23-10-2021 01:56:15.0173 A
[ReportManager] File Action [GetAbsolutePath] successfully performed. With the following test data [Relative Folder Path: "target/downloadedFiles/"]. @23-10-2021 01:56:15.0178 AM
[ReportManager] Attempting to run remotely on: [Linux-64], [GoogleChrome], [http://localhost:4444/wd/hub], Headless Execution. @23-10-2021 01:56:15.0178 AM
[ReportManager] Successfully Opened [GoogleChrome]. @23-10-2021 01:56:15.0393 AM
[ReportManager] Target URL: [https://www.google.com/ncr], and after redirection: [www.google.com] @23-10-2021 01:56:15.0409 AM
[ReportManager] Initial URL: [data:,] @23-10-2021 01:56:15.0457 AM
[ReportManager] Browser Action [NavigateToURL] successfully performed. With the following test data [https://www.google.com/ncr]. @23-10-2021 01:56:16.0211 A

################################################################################################################################################
Starting Execution:	[19 out of 143] test cases in the current suite
Test Method:		[unitTests.tests_validations_assertions.assertElementAttribute_true_containsComparison_expectedToFail]
################################################################################################################################################
[ReportManager] Element Action [Type] successfully performed. With the following test data [Automation123]. @23-10-2021 01:56:16.0550 AM
[ReportManager] Element Action [GetText] successfully performed. With the following test data [Automation123]. @23-10-2021 01:56:16.0658 AM
[ReportManager] Loaded Shared OpenCV @23-10-2021 01:56:16.0787 AM
[ReportManager] Assertion [ValidateElementAttribute] FAILED. Expected [Value Should be 'Automation1234' for the 'text' attribute, element locator 'By.name: q'] and Actual [Automation123]. Comparison Type [CONTAINS]. Validation Type [POSITIVE]. @23-10-2021 01:56:16.0848 AM
[ReportManager] Successfully created attachment [Screenshot - 1634954176787_assertElementAttribute_true_containsComparison_expectedToFail_ValidateElementAttribute_failed] @23-10-2021 01:56:16.0849 A
[ReportManager] Browser Action [CloseCurrentWindow] successfully performed. @23-10-2021 01:56:16.0968 AM
[ReportManager] Successfully created attachment [Browser Action Test Data - CloseCurrentWindow - Actual Value] @23-10-2021 01:56:16.0969 A
[ReportManager] File Action [GetAbsolutePath] successfully performed. With the following test data [Relative Folder Path: "target/downloadedFiles/"]. @23-10-2021 01:56:16.0972 AM
[ReportManager] Attempting to run remotely on: [Linux-64], [GoogleChrome], [http://localhost:4444/wd/hub], Headless Execution. @23-10-2021 01:56:16.0972 AM
[ReportManager] Successfully Opened [GoogleChrome]. @23-10-2021 01:56:17.0238 AM
[ReportManager] Target URL: [https://www.google.com/ncr], and after redirection: [www.google.com] @23-10-2021 01:56:17.0252 AM
[ReportManager] Initial URL: [data:,] @23-10-2021 01:56:17.0294 AM
[ReportManager] Browser Action [NavigateToURL] successfully performed. With the following test data [https://www.google.com/ncr]. @23-10-2021 01:56:18.0044 A

################################################################################################################################################
Starting Execution:	[20 out of 143] test cases in the current suite
Test Method:		[unitTests.tests_validations_assertions.assertElementAttribute_true_containsComparison_expectedToPass]
################################################################################################################################################
[ReportManager] Element Action [Type] successfully performed. With the following test data [Automation123]. @23-10-2021 01:56:18.0440 AM
[ReportManager] Element Action [GetText] successfully performed. With the following test data [Automation123]. @23-10-2021 01:56:18.0539 AM
[ReportManager] Loaded Shared OpenCV @23-10-2021 01:56:18.0670 AM
[ReportManager] Assertion [ValidateElementAttribute] PASSED. Expected [Value Should be 'Automation' for the 'text' attribute, element locator 'By.name: q'] and Actual [Automation123]. Comparison Type [CONTAINS]. Validation Type [POSITIVE]. @23-10-2021 01:56:18.0735 AM
[ReportManager] Successfully created attachment [Screenshot - 1634954178670_assertElementAttribute_true_containsComparison_expectedToPass_ValidateElementAttribute_passed] @23-10-2021 01:56:18.0738 A
[ReportManager] Browser Action [CloseCurrentWindow] successfully performed. @23-10-2021 01:56:18.0855 AM
[ReportManager] Successfully created attachment [Browser Action Test Data - CloseCurrentWindow - Actual Value] @23-10-2021 01:56:18.0856 A
[ReportManager] File Action [GetAbsolutePath] successfully performed. With the following test data [Relative Folder Path: "target/downloadedFiles/"]. @23-10-2021 01:56:18.0859 AM
[ReportManager] Attempting to run remotely on: [Linux-64], [GoogleChrome], [http://localhost:4444/wd/hub], Headless Execution. @23-10-2021 01:56:18.0859 AM
[ReportManager] Successfully Opened [GoogleChrome]. @23-10-2021 01:56:19.0060 AM
[ReportManager] Target URL: [https://www.google.com/ncr], and after redirection: [www.google.com] @23-10-2021 01:56:19.0072 AM
[ReportManager] Initial URL: [data:,] @23-10-2021 01:56:19.0115 AM
[ReportManager] Browser Action [NavigateToURL] successfully performed. With the following test data [https://www.google.com/ncr]. @23-10-2021 01:56:19.0900 A

################################################################################################################################################
Starting Execution:	[21 out of 143] test cases in the current suite
Test Method:		[unitTests.tests_validations_assertions.assertElementAttribute_true_literalComparison_expectedToFail]
################################################################################################################################################
[ReportManager] Element Action [Type] successfully performed. With the following test data [Automation!@#$%^&*()_+{}[]\';/.,]. @23-10-2021 01:56:20.0361 AM
[ReportManager] Element Action [GetText] successfully performed. With the following test data [Automation!@#$%^&*()_+{}[]\';/.,]. @23-10-2021 01:56:20.0466 AM
[ReportManager] Loaded Shared OpenCV @23-10-2021 01:56:20.0617 AM
[ReportManager] Assertion [ValidateElementAttribute] FAILED. Expected [Value Should be 'Automation' for the 'text' attribute, element locator 'By.name: q'] and Actual [Automation!@#$%^&*()_+{}[]\';/.,]. Comparison Type [EQUALS]. Validation Type [POSITIVE]. @23-10-2021 01:56:20.0715 AM
[ReportManager] Successfully created attachment [Screenshot - 1634954180617_assertElementAttribute_true_literalComparison_expectedToFail_ValidateElementAttribute_failed] @23-10-2021 01:56:20.0716 A
[ReportManager] Browser Action [CloseCurrentWindow] successfully performed. @23-10-2021 01:56:20.0831 AM
[ReportManager] Successfully created attachment [Browser Action Test Data - CloseCurrentWindow - Actual Value] @23-10-2021 01:56:20.0832 A
[ReportManager] File Action [GetAbsolutePath] successfully performed. With the following test data [Relative Folder Path: "target/downloadedFiles/"]. @23-10-2021 01:56:20.0835 AM
[ReportManager] Attempting to run remotely on: [Linux-64], [GoogleChrome], [http://localhost:4444/wd/hub], Headless Execution. @23-10-2021 01:56:20.0839 AM
[ReportManager] Successfully Opened [GoogleChrome]. @23-10-2021 01:56:21.0033 AM
[ReportManager] Target URL: [https://www.google.com/ncr], and after redirection: [www.google.com] @23-10-2021 01:56:21.0044 AM
[ReportManager] Initial URL: [data:,] @23-10-2021 01:56:21.0094 AM
[ReportManager] Browser Action [NavigateToURL] successfully performed. With the following test data [https://www.google.com/ncr]. @23-10-2021 01:56:21.0868 A

################################################################################################################################################
Starting Execution:	[22 out of 143] test cases in the current suite
Test Method:		[unitTests.tests_validations_assertions.assertElementAttribute_true_literalComparison_expectedToPass]
################################################################################################################################################
[ReportManager] Element Action [Type] successfully performed. With the following test data [Automation!@#$%^&*()_+{}[]\';/.,]. @23-10-2021 01:56:22.0321 AM
[ReportManager] Element Action [GetText] successfully performed. With the following test data [Automation!@#$%^&*()_+{}[]\';/.,]. @23-10-2021 01:56:22.0420 AM
[ReportManager] Loaded Shared OpenCV @23-10-2021 01:56:22.0561 AM
[ReportManager] Assertion [ValidateElementAttribute] PASSED. Expected [Value Should be 'Automation!@#$%^&*()_+{}[]\';/.,' for the 'text' attribute, element locator 'By.name: q'] and Actual [Automation!@#$%^&*()_+{}[]\';/.,]. Comparison Type [EQUALS]. Validation Type [POSITIVE]. @23-10-2021 01:56:22.0632 AM
[ReportManager] Successfully created attachment [Screenshot - 1634954182561_assertElementAttribute_true_literalComparison_expectedToPass_ValidateElementAttribute_passed] @23-10-2021 01:56:22.0633 A
[ReportManager] Browser Action [CloseCurrentWindow] successfully performed. @23-10-2021 01:56:22.0758 AM
[ReportManager] Successfully created attachment [Browser Action Test Data - CloseCurrentWindow - Actual Value] @23-10-2021 01:56:22.0759 A
[ReportManager] File Action [GetAbsolutePath] successfully performed. With the following test data [Relative Folder Path: "target/downloadedFiles/"]. @23-10-2021 01:56:22.0762 AM
[ReportManager] Attempting to run remotely on: [Linux-64], [GoogleChrome], [http://localhost:4444/wd/hub], Headless Execution. @23-10-2021 01:56:22.0762 AM
[ReportManager] Successfully Opened [GoogleChrome]. @23-10-2021 01:56:22.0973 AM
[ReportManager] Target URL: [https://www.google.com/ncr], and after redirection: [www.google.com] @23-10-2021 01:56:22.0985 AM
[ReportManager] Initial URL: [data:,] @23-10-2021 01:56:23.0025 AM
[ReportManager] Browser Action [NavigateToURL] successfully performed. With the following test data [https://www.google.com/ncr]. @23-10-2021 01:56:23.0820 A

################################################################################################################################################
Starting Execution:	[23 out of 143] test cases in the current suite
Test Method:		[unitTests.tests_validations_assertions.assertElementAttribute_true_regexComparison_expectedToFail]
################################################################################################################################################
[ReportManager] Element Action [Type] successfully performed. With the following test data [Automation123]. @23-10-2021 01:56:24.0192 AM
[ReportManager] Element Action [GetText] successfully performed. With the following test data [Automation123]. @23-10-2021 01:56:24.0284 AM
[ReportManager] Loaded Shared OpenCV @23-10-2021 01:56:24.0423 AM
[ReportManager] Assertion [ValidateElementAttribute] FAILED. Expected [Value Should be 'Automation' for the 'text' attribute, element locator 'By.name: q'] and Actual [Automation123]. Comparison Type [MATCHES]. Validation Type [POSITIVE]. @23-10-2021 01:56:24.0486 AM
[ReportManager] Successfully created attachment [Screenshot - 1634954184422_assertElementAttribute_true_regexComparison_expectedToFail_ValidateElementAttribute_failed] @23-10-2021 01:56:24.0487 A
[ReportManager] Browser Action [CloseCurrentWindow] successfully performed. @23-10-2021 01:56:24.0601 AM
[ReportManager] Successfully created attachment [Browser Action Test Data - CloseCurrentWindow - Actual Value] @23-10-2021 01:56:24.0602 A
[ReportManager] File Action [GetAbsolutePath] successfully performed. With the following test data [Relative Folder Path: "target/downloadedFiles/"]. @23-10-2021 01:56:24.0605 AM
[ReportManager] Attempting to run remotely on: [Linux-64], [GoogleChrome], [http://localhost:4444/wd/hub], Headless Execution. @23-10-2021 01:56:24.0605 AM
[ReportManager] Successfully Opened [GoogleChrome]. @23-10-2021 01:56:24.0812 AM
[ReportManager] Target URL: [https://www.google.com/ncr], and after redirection: [www.google.com] @23-10-2021 01:56:24.0822 AM
[ReportManager] Initial URL: [data:,] @23-10-2021 01:56:24.0887 AM
[ReportManager] Browser Action [NavigateToURL] successfully performed. With the following test data [https://www.google.com/ncr]. @23-10-2021 01:56:25.0697 A

################################################################################################################################################
Starting Execution:	[24 out of 143] test cases in the current suite
Test Method:		[unitTests.tests_validations_assertions.assertElementAttribute_true_regexComparison_expectedToPass]
################################################################################################################################################
[ReportManager] Element Action [Type] successfully performed. With the following test data [Automation123]. @23-10-2021 01:56:26.0063 AM
[ReportManager] Element Action [GetText] successfully performed. With the following test data [Automation123]. @23-10-2021 01:56:26.0158 AM
[ReportManager] Loaded Shared OpenCV @23-10-2021 01:56:26.0310 AM
[ReportManager] Assertion [ValidateElementAttribute] PASSED. Expected [Value Should be 'Automation.*' for the 'text' attribute, element locator 'By.name: q'] and Actual [Automation123]. Comparison Type [MATCHES]. Validation Type [POSITIVE]. @23-10-2021 01:56:26.0373 AM
[ReportManager] Successfully created attachment [Screenshot - 1634954186310_assertElementAttribute_true_regexComparison_expectedToPass_ValidateElementAttribute_passed] @23-10-2021 01:56:26.0374 A
[ReportManager] Browser Action [CloseCurrentWindow] successfully performed. @23-10-2021 01:56:26.0501 AM
[ReportManager] Successfully created attachment [Browser Action Test Data - CloseCurrentWindow - Actual Value] @23-10-2021 01:56:26.0502 A
[ReportManager] File Action [GetAbsolutePath] successfully performed. With the following test data [Relative Folder Path: "target/downloadedFiles/"]. @23-10-2021 01:56:26.0506 AM
[ReportManager] Attempting to run remotely on: [Linux-64], [GoogleChrome], [http://localhost:4444/wd/hub], Headless Execution. @23-10-2021 01:56:26.0506 AM
[ReportManager] Successfully Opened [GoogleChrome]. @23-10-2021 01:56:26.0732 AM
[ReportManager] Target URL: [https://www.google.com/ncr], and after redirection: [www.google.com] @23-10-2021 01:56:26.0743 AM
[ReportManager] Initial URL: [data:,] @23-10-2021 01:56:26.0781 AM
[ReportManager] Browser Action [NavigateToURL] successfully performed. With the following test data [https://www.google.com/ncr]. @23-10-2021 01:56:27.0534 A

################################################################################################################################################
Starting Execution:	[25 out of 143] test cases in the current suite
Test Method:		[unitTests.tests_validations_assertions.assertElementAttribute_type_true_literalComparison_expectedToPass]
################################################################################################################################################
[ReportManager] Element Action [Type] successfully performed. With the following test data [Automation!@#$%^&*()_+{}[]\';/.,]. @23-10-2021 01:56:27.0973 AM
[ReportManager] Element Action [GetText] successfully performed. With the following test data [Automation!@#$%^&*()_+{}[]\';/.,]. @23-10-2021 01:56:28.0079 AM
[ReportManager] Loaded Shared OpenCV @23-10-2021 01:56:28.0230 AM
[ReportManager] Assertion [ValidateElementAttribute] PASSED. Expected [Value Should be 'Automation!@#$%^&*()_+{}[]\';/.,' for the 'text' attribute, element locator 'By.name: q'] and Actual [Automation!@#$%^&*()_+{}[]\';/.,]. Comparison Type [EQUALS]. Validation Type [POSITIVE]. @23-10-2021 01:56:28.0299 AM
[ReportManager] Successfully created attachment [Screenshot - 1634954188230_assertElementAttribute_type_true_literalComparison_expectedToPass_ValidateElementAttribute_passed] @23-10-2021 01:56:28.0300 A
[ReportManager] Browser Action [CloseCurrentWindow] successfully performed. @23-10-2021 01:56:28.0424 AM
[ReportManager] Successfully created attachment [Browser Action Test Data - CloseCurrentWindow - Actual Value] @23-10-2021 01:56:28.0425 A
[ReportManager] File Action [GetAbsolutePath] successfully performed. With the following test data [Relative Folder Path: "target/downloadedFiles/"]. @23-10-2021 01:56:28.0431 AM
[ReportManager] Attempting to run remotely on: [Linux-64], [GoogleChrome], [http://localhost:4444/wd/hub], Headless Execution. @23-10-2021 01:56:28.0431 AM
[ReportManager] Successfully Opened [GoogleChrome]. @23-10-2021 01:56:28.0619 AM
[ReportManager] Target URL: [https://www.google.com/ncr], and after redirection: [www.google.com] @23-10-2021 01:56:28.0631 AM
[ReportManager] Initial URL: [data:,] @23-10-2021 01:56:28.0672 AM
[ReportManager] Browser Action [NavigateToURL] successfully performed. With the following test data [https://www.google.com/ncr]. @23-10-2021 01:56:29.0411 A

################################################################################################################################################
Starting Execution:	[26 out of 143] test cases in the current suite
Test Method:		[unitTests.tests_validations_assertions.assertElementExists_false_expectedToFail]
################################################################################################################################################
[ReportManager] Assertion [ValidateElementExists] PASSED. Expected [Element Should not Exist, locator 'By.id: hplogo'] and Actual [Element Doesn't Exists]. Comparison Type [EQUALS]. Validation Type [NEGATIVE]. @23-10-2021 01:56:39.0782 AM
[ReportManager] Successfully created attachment [Screenshot - 1634954199721_assertElementExists_false_expectedToFail_ValidateElementExists_passed] @23-10-2021 01:56:39.0783 A
[ReportManager] Browser Action [CloseCurrentWindow] successfully performed. @23-10-2021 01:56:39.0906 AM
[ReportManager] Successfully created attachment [Browser Action Test Data - CloseCurrentWindow - Actual Value] @23-10-2021 01:56:39.0907 A
[ReportManager] File Action [GetAbsolutePath] successfully performed. With the following test data [Relative Folder Path: "target/downloadedFiles/"]. @23-10-2021 01:56:39.0909 AM
[ReportManager] Attempting to run remotely on: [Linux-64], [GoogleChrome], [http://localhost:4444/wd/hub], Headless Execution. @23-10-2021 01:56:39.0909 AM
[ReportManager] Successfully Opened [GoogleChrome]. @23-10-2021 01:56:40.0177 AM
[ReportManager] Target URL: [https://www.google.com/ncr], and after redirection: [www.google.com] @23-10-2021 01:56:40.0187 AM
[ReportManager] Initial URL: [data:,] @23-10-2021 01:56:40.0227 AM
[ReportManager] Browser Action [NavigateToURL] successfully performed. With the following test data [https://www.google.com/ncr]. @23-10-2021 01:56:41.0051 A

################################################################################################################################################
Starting Execution:	[27 out of 143] test cases in the current suite
Test Method:		[unitTests.tests_validations_assertions.assertElementExists_false_expectedToPass]
################################################################################################################################################
[ReportManager] Assertion [ValidateElementExists] PASSED. Expected [Element Should not Exist, locator 'By.id: fakeElement'] and Actual [Element Doesn't Exists]. Comparison Type [EQUALS]. Validation Type [NEGATIVE]. @23-10-2021 01:56:51.0400 AM
[ReportManager] Successfully created attachment [Screenshot - 1634954211348_assertElementExists_false_expectedToPass_ValidateElementExists_passed] @23-10-2021 01:56:51.0401 A
[ReportManager] Browser Action [CloseCurrentWindow] successfully performed. @23-10-2021 01:56:51.0475 AM
[ReportManager] Successfully created attachment [Browser Action Test Data - CloseCurrentWindow - Actual Value] @23-10-2021 01:56:51.0476 A
[ReportManager] File Action [GetAbsolutePath] successfully performed. With the following test data [Relative Folder Path: "target/downloadedFiles/"]. @23-10-2021 01:56:51.0481 AM
[ReportManager] Attempting to run remotely on: [Linux-64], [GoogleChrome], [http://localhost:4444/wd/hub], Headless Execution. @23-10-2021 01:56:51.0481 AM
[ReportManager] Successfully Opened [GoogleChrome]. @23-10-2021 01:56:51.0702 AM
[ReportManager] Target URL: [https://www.google.com/ncr], and after redirection: [www.google.com] @23-10-2021 01:56:51.0716 AM
[ReportManager] Initial URL: [data:,] @23-10-2021 01:56:51.0764 AM
[ReportManager] Browser Action [NavigateToURL] successfully performed. With the following test data [https://www.google.com/ncr]. @23-10-2021 01:56:52.0502 A

################################################################################################################################################
Starting Execution:	[28 out of 143] test cases in the current suite
Test Method:		[unitTests.tests_validations_assertions.assertElementExists_false_multipleElementsFound_expectedToFail]
################################################################################################################################################
[ReportManager] Assertion [ValidateElementExists] FAILED. Expected [Element Should not Exist, locator 'By.xpath: //div'] and Actual [Element Exists but is not unique]. Comparison Type [EQUALS]. Validation Type [NEGATIVE]. @23-10-2021 01:56:52.0721 AM
[ReportManager] Successfully created attachment [Screenshot - 1634954212669_assertElementExists_false_multipleElementsFound_expectedToFail_ValidateElementExists_failed] @23-10-2021 01:56:52.0722 A
[ReportManager] Browser Action [CloseCurrentWindow] successfully performed. @23-10-2021 01:56:52.0847 AM
[ReportManager] Successfully created attachment [Browser Action Test Data - CloseCurrentWindow - Actual Value] @23-10-2021 01:56:52.0848 A
[ReportManager] File Action [GetAbsolutePath] successfully performed. With the following test data [Relative Folder Path: "target/downloadedFiles/"]. @23-10-2021 01:56:52.0853 AM
[ReportManager] Attempting to run remotely on: [Linux-64], [GoogleChrome], [http://localhost:4444/wd/hub], Headless Execution. @23-10-2021 01:56:52.0853 AM
[ReportManager] Successfully Opened [GoogleChrome]. @23-10-2021 01:56:53.0098 AM
[ReportManager] Target URL: [https://www.google.com/ncr], and after redirection: [www.google.com] @23-10-2021 01:56:53.0110 AM
[ReportManager] Initial URL: [data:,] @23-10-2021 01:56:53.0169 AM
[ReportManager] Browser Action [NavigateToURL] successfully performed. With the following test data [https://www.google.com/ncr]. @23-10-2021 01:56:53.0973 A

################################################################################################################################################
Starting Execution:	[29 out of 143] test cases in the current suite
Test Method:		[unitTests.tests_validations_assertions.assertElementExists_true_expectedToFail]
################################################################################################################################################
[ReportManager] Assertion [ValidateElementExists] FAILED. Expected [Element Should Exist, locator 'By.id: fakeElement'] and Actual [Element Doesn't Exists]. Comparison Type [EQUALS]. Validation Type [POSITIVE]. @23-10-2021 01:57:24.0635 AM
[ReportManager] Successfully created attachment [Screenshot - 1634954244584_assertElementExists_true_expectedToFail_ValidateElementExists_failed] @23-10-2021 01:57:24.0636 A
[ReportManager] Browser Action [CloseCurrentWindow] successfully performed. @23-10-2021 01:57:24.0772 AM
[ReportManager] Successfully created attachment [Browser Action Test Data - CloseCurrentWindow - Actual Value] @23-10-2021 01:57:24.0773 A
[ReportManager] File Action [GetAbsolutePath] successfully performed. With the following test data [Relative Folder Path: "target/downloadedFiles/"]. @23-10-2021 01:57:24.0776 AM
[ReportManager] Attempting to run remotely on: [Linux-64], [GoogleChrome], [http://localhost:4444/wd/hub], Headless Execution. @23-10-2021 01:57:24.0776 AM
[ReportManager] Successfully Opened [GoogleChrome]. @23-10-2021 01:57:24.0970 AM
[ReportManager] Target URL: [https://www.google.com/ncr], and after redirection: [www.google.com] @23-10-2021 01:57:24.0980 AM
[ReportManager] Initial URL: [data:,] @23-10-2021 01:57:25.0019 AM
[ReportManager] Browser Action [NavigateToURL] successfully performed. With the following test data [https://www.google.com/ncr]. @23-10-2021 01:57:25.0828 A

################################################################################################################################################
Starting Execution:	[30 out of 143] test cases in the current suite
Test Method:		[unitTests.tests_validations_assertions.assertElementExists_true_expectedToPass]
################################################################################################################################################
[ReportManager] Loaded Shared OpenCV @23-10-2021 01:57:26.0036 AM
[ReportManager] Assertion [ValidateElementExists] PASSED. Expected [Element Should Exist, locator 'By.xpath: //*[@id='hplogo' or @alt='Google']'] and Actual [Element Exists]. Comparison Type [EQUALS]. Validation Type [POSITIVE]. @23-10-2021 01:57:26.0122 AM
[ReportManager] Successfully created attachment [Screenshot - 1634954246035_assertElementExists_true_expectedToPass_ValidateElementExists_passed] @23-10-2021 01:57:26.0124 A
[ReportManager] Browser Action [CloseCurrentWindow] successfully performed. @23-10-2021 01:57:26.0244 AM
[ReportManager] Successfully created attachment [Browser Action Test Data - CloseCurrentWindow - Actual Value] @23-10-2021 01:57:26.0245 A
[ReportManager] File Action [GetAbsolutePath] successfully performed. With the following test data [Relative Folder Path: "target/downloadedFiles/"]. @23-10-2021 01:57:26.0248 AM
[ReportManager] Attempting to run remotely on: [Linux-64], [GoogleChrome], [http://localhost:4444/wd/hub], Headless Execution. @23-10-2021 01:57:26.0249 AM
[ReportManager] Successfully Opened [GoogleChrome]. @23-10-2021 01:57:26.0484 AM
[ReportManager] Target URL: [https://www.google.com/ncr], and after redirection: [www.google.com] @23-10-2021 01:57:26.0495 AM
[ReportManager] Initial URL: [data:,] @23-10-2021 01:57:26.0537 AM
[ReportManager] Browser Action [NavigateToURL] successfully performed. With the following test data [https://www.google.com/ncr]. @23-10-2021 01:57:27.0370 A

################################################################################################################################################
Starting Execution:	[31 out of 143] test cases in the current suite
Test Method:		[unitTests.tests_validations_assertions.assertElementExists_true_multipleElementsFound_expectedToFail]
################################################################################################################################################
[ReportManager] Assertion [ValidateElementExists] FAILED. Expected [Element Should Exist, locator 'By.xpath: //div'] and Actual [Element Exists but is not unique]. Comparison Type [EQUALS]. Validation Type [POSITIVE]. @23-10-2021 01:57:27.0604 AM
[ReportManager] Successfully created attachment [Screenshot - 1634954247553_assertElementExists_true_multipleElementsFound_expectedToFail_ValidateElementExists_failed] @23-10-2021 01:57:27.0605 A
[ReportManager] Browser Action [CloseCurrentWindow] successfully performed. @23-10-2021 01:57:27.0732 AM
[ReportManager] Successfully created attachment [Browser Action Test Data - CloseCurrentWindow - Actual Value] @23-10-2021 01:57:27.0733 A

################################################################################################################################################
Starting Execution:	[32 out of 143] test cases in the current suite
Test Method:		[unitTests.tests_validations_assertions.assertEquals_false_expectedToFail]
################################################################################################################################################
[ReportManager] Assertion [ValidateEquals] FAILED. Expected [1] and Actual [1]. Comparison Type [EQUALS]. Validation Type [NEGATIVE]. @23-10-2021 01:57:27.0739 A

################################################################################################################################################
Starting Execution:	[33 out of 143] test cases in the current suite
Test Method:		[unitTests.tests_validations_assertions.assertEquals_false_expectedToPass]
################################################################################################################################################
[ReportManager] Assertion [ValidateEquals] PASSED. Expected [1] and Actual [2]. Comparison Type [EQUALS]. Validation Type [NEGATIVE]. @23-10-2021 01:57:27.0742 A

################################################################################################################################################
Starting Execution:	[34 out of 143] test cases in the current suite
Test Method:		[unitTests.tests_validations_assertions.assertEquals_longCharacters]
################################################################################################################################################
[ReportManager] Verification [ValidateEquals] PASSED. Expected and Actual values are attached. Comparison Type [EQUALS]. Validation Type [POSITIVE]. @23-10-2021 01:57:27.0749 AM
[ReportManager] Successfully created attachment [Validation Test Data - Expected Value] @23-10-2021 01:57:27.0749 AM
[ReportManager] Successfully created attachment [Validation Test Data - Actual Value] @23-10-2021 01:57:27.0749 AM
[ReportManager] Assertion [ValidateEquals] PASSED. Expected and Actual values are attached. Comparison Type [EQUALS]. Validation Type [POSITIVE]. @23-10-2021 01:57:27.0750 AM
[ReportManager] Successfully created attachment [Validation Test Data - Expected Value] @23-10-2021 01:57:27.0750 AM
[ReportManager] Successfully created attachment [Validation Test Data - Actual Value] @23-10-2021 01:57:27.0750 A

################################################################################################################################################
Starting Execution:	[35 out of 143] test cases in the current suite
Test Method:		[unitTests.tests_validations_assertions.assertEquals_longCharacters_Discreet]
################################################################################################################################################
[ReportManager] Assertion [ValidateEquals] PASSED. Expected [1LH5pROcDBjjQk0t0mCr0lXuzQu9lcGj28kY8R1H81X67eVAQJgWQhILiRWVPUgZ6uCtK5cnBkF55Jr9vYngjGO1Iyf0Mktv6lruDlL9T8MAUPcUZJGHZtji6nIeadujDSNmWMj5d6C8zlFqw0CRqBU0hO5adIasHgBSNoLotAjce3NGXoDwAlp3rYreeV16VIyZXROQY] and Actual [1LH5pROcDBjjQk0t0mCr0lXuzQu9lcGj28kY8R1H81X67eVAQJgWQhILiRWVPUgZ6uCtK5cnBkF55Jr9vYngjGO1Iyf0Mktv6lruDlL9T8MAUPcUZJGHZtji6nIeadujDSNmWMj5d6C8zlFqw0CRqBU0hO5adIasHgBSNoLotAjce3NGXoDwAlp3rYreeV16VIyZXROQY]. Comparison Type [EQUALS]. Validation Type [POSITIVE]. @23-10-2021 01:57:27.0753 A

################################################################################################################################################
Starting Execution:	[36 out of 143] test cases in the current suite
Test Method:		[unitTests.tests_validations_assertions.assertEquals_true_expectedToFail]
################################################################################################################################################
[ReportManager] Assertion [ValidateEquals] FAILED. Expected [1] and Actual [2]. Comparison Type [EQUALS]. Validation Type [POSITIVE]. @23-10-2021 01:57:27.0755 A

################################################################################################################################################
Starting Execution:	[37 out of 143] test cases in the current suite
Test Method:		[unitTests.tests_validations_assertions.assertEquals_true_expectedToPass]
Test Description:	[Assert that assertEquals works as expected when the two values are equal.]
################################################################################################################################################
[ReportManager] Verification [ValidateEquals] PASSED. Expected [1] and Actual [1]. Comparison Type [EQUALS]. Validation Type [POSITIVE]. @23-10-2021 01:57:27.0761 AM
[ReportManager] Assertion [ValidateEquals] PASSED. Expected [1] and Actual [1]. Comparison Type [EQUALS]. Validation Type [POSITIVE]. @23-10-2021 01:57:27.0761 A

################################################################################################################################################
Starting Execution:	[38 out of 143] test cases in the current suite
Test Method:		[unitTests.tests_validations_assertions.assertEquals_true_expectedToPass__]
################################################################################################################################################
[ReportManager] Assertion [ValidateEquals] PASSED. Expected [1] and Actual [1]. Comparison Type [EQUALS]. Validation Type [POSITIVE]. @23-10-2021 01:57:27.0763 A

################################################################################################################################################
Starting Execution:	[39 out of 143] test cases in the current suite
Test Method:		[unitTests.tests_validations_assertions.assertFileExists_false_expectedToFail]
################################################################################################################################################
[ReportManager] File Action [DoesFileExist] successfully performed. With the following test data [File Path: "src/main/java/com/shaft/gui/element/ElementActions.java"]. @23-10-2021 01:57:27.0766 AM
[ReportManager] Assertion [ValidateFileExists] FAILED. Expected [File 'src/main/java/com/shaft/gui/element/ElementActions.java' should not exist, after up to '1' retries] and Actual [File exists]. Validation Type [NEGATIVE]. @23-10-2021 01:57:27.0772 A

################################################################################################################################################
Starting Execution:	[40 out of 143] test cases in the current suite
Test Method:		[unitTests.tests_validations_assertions.assertFileExists_false_expectedToPass]
################################################################################################################################################
[ReportManager] File Action [DoesFileExist] successfully performed. With the following test data [File Path: "src/main/java/com/shaft/gui/element/ElementActions.java_fail"]. @23-10-2021 01:57:28.0278 AM
[ReportManager] Assertion [ValidateFileExists] PASSED. Expected [File 'src/main/java/com/shaft/gui/element/ElementActions.java_fail' should not exist, after up to '1' retries] and Actual [File does not exist]. Validation Type [NEGATIVE]. @23-10-2021 01:57:28.0278 A

################################################################################################################################################
Starting Execution:	[41 out of 143] test cases in the current suite
Test Method:		[unitTests.tests_validations_assertions.assertFileExists_true_expectedToFail]
################################################################################################################################################
[ReportManager] File Action [DoesFileExist] successfully performed. With the following test data [File Path: "src/main/java/com/shaft/gui/element/ElementActions.java_fail"]. @23-10-2021 01:57:28.0783 AM
[ReportManager] Assertion [ValidateFileExists] FAILED. Expected [File 'src/main/java/com/shaft/gui/element/ElementActions.java_fail' should exist, after up to '1' retries] and Actual [File does not exist]. Validation Type [POSITIVE]. @23-10-2021 01:57:28.0784 A

################################################################################################################################################
Starting Execution:	[42 out of 143] test cases in the current suite
Test Method:		[unitTests.tests_validations_assertions.assertFileExists_true_expectedToPass]
################################################################################################################################################
[ReportManager] File Action [DoesFileExist] successfully performed. With the following test data [File Path: "src/main/java/com/shaft/gui/element/ElementActions.java"]. @23-10-2021 01:57:28.0788 AM
[ReportManager] Assertion [ValidateFileExists] PASSED. Expected [File 'src/main/java/com/shaft/gui/element/ElementActions.java' should exist, after up to '1' retries] and Actual [File exists]. Validation Type [POSITIVE]. @23-10-2021 01:57:28.0788 A

################################################################################################################################################
Starting Execution:	[43 out of 143] test cases in the current suite
Test Method:		[unitTests.tests_validations_assertions.assertNull_false_expectedToFail]
################################################################################################################################################
[ReportManager] Assertion [ValidateNull] FAILED. Expected [NULL] and Actual [NULL]. Comparison Type [EQUALS]. Validation Type [NEGATIVE]. @23-10-2021 01:57:28.0793 A

################################################################################################################################################
Starting Execution:	[44 out of 143] test cases in the current suite
Test Method:		[unitTests.tests_validations_assertions.assertNull_false_expectedToPass]
################################################################################################################################################
[ReportManager] Assertion [ValidateNull] PASSED. Expected [NULL] and Actual [1]. Comparison Type [EQUALS]. Validation Type [NEGATIVE]. @23-10-2021 01:57:28.0795 A

################################################################################################################################################
Starting Execution:	[45 out of 143] test cases in the current suite
Test Method:		[unitTests.tests_validations_assertions.assertNull_true_expectedToFail]
################################################################################################################################################
[ReportManager] Assertion [ValidateNull] FAILED. Expected [NULL] and Actual [1]. Comparison Type [EQUALS]. Validation Type [POSITIVE]. @23-10-2021 01:57:28.0799 A

################################################################################################################################################
Starting Execution:	[46 out of 143] test cases in the current suite
Test Method:		[unitTests.tests_validations_assertions.assertNull_true_expectedToPass]
################################################################################################################################################
[ReportManager] Assertion [ValidateNull] PASSED. Expected [NULL] and Actual [NULL]. Comparison Type [EQUALS]. Validation Type [POSITIVE]. @23-10-2021 01:57:28.0801 A

################################################################################################################################################
Starting Execution:	[47 out of 143] test cases in the current suite
Test Method:		[unitTests.tests_restActions.getPostsAndAssertBodyForSpecificTitle]
################################################################################################################################################
[ReportManager] Response status code: [200], status line: [HTTP/1.1 200 OK] @23-10-2021 01:57:31.0066 AM
[ReportManager] Assertion Passed: Evaluating the actual response status code against the expected one... @23-10-2021 01:57:31.0067 AM
[ReportManager] Assertion [ValidateEquals] PASSED. Expected [200] and Actual [200]. Comparison Type [EQUALS]. Validation Type [POSITIVE]. @23-10-2021 01:57:31.0067 AM
[ReportManager] API Action [PerformRequest] successfully performed. With the following test data [Request Type: "GET" | Target Status Code: "200" | Service URL: "https://jsonplaceholder.typicode.com/posts" | Content Type: "*/*" | Response Time: "968ms"]. @23-10-2021 01:57:32.0215 AM
[ReportManager] Successfully created attachment [API Request - Specifications] @23-10-2021 01:57:32.0215 AM
[ReportManager] Successfully created attachment [API Response - JSON Body] @23-10-2021 01:57:32.0456 AM
[ReportManager] API Action [GetResponseJSONValueAsList] successfully performed. @23-10-2021 01:57:32.0509 AM
[ReportManager] API Action [GetResponseJSONValue] successfully performed. With the following test data [title]. @23-10-2021 01:57:32.0532 AM
[ReportManager] API Action [GetResponseJSONValue] successfully performed. With the following test data [title]. @23-10-2021 01:57:32.0548 AM
[ReportManager] API Action [GetResponseJSONValue] successfully performed. With the following test data [body]. @23-10-2021 01:57:32.0560 AM
[ReportManager] Assertion [ValidateEquals] PASSED. Expected [qui neque nisi nulla] and Actual [est rerum tempore vitae
sequi sint nihil reprehenderit dolor beatae ea dolores neque
fugiat blanditiis voluptate porro vel nihil molestiae ut reiciendis
qui aperiam non debitis possimus qui neque nisi nulla]. Comparison Type [CONTAINS]. Validation Type [POSITIVE]. @23-10-2021 01:57:32.0561 AM
[ReportManager] API Action [GetResponseJSONValue] successfully performed. With the following test data [title]. @23-10-2021 01:57:32.0572 AM
[ReportManager] API Action [GetResponseJSONValue] successfully performed. With the following test data [title]. @23-10-2021 01:57:32.0605 AM
[ReportManager] API Action [GetResponseJSONValue] successfully performed. With the following test data [title]. @23-10-2021 01:57:32.0624 AM
[ReportManager] API Action [GetResponseJSONValue] successfully performed. With the following test data [title]. @23-10-2021 01:57:32.0653 AM
[ReportManager] API Action [GetResponseJSONValue] successfully performed. With the following test data [title]. @23-10-2021 01:57:32.0673 AM
[ReportManager] API Action [GetResponseJSONValue] successfully performed. With the following test data [title]. @23-10-2021 01:57:32.0705 AM
[ReportManager] API Action [GetResponseJSONValue] successfully performed. With the following test data [title]. @23-10-2021 01:57:32.0724 AM
[ReportManager] API Action [GetResponseJSONValue] successfully performed. With the following test data [title]. @23-10-2021 01:57:32.0748 AM
[ReportManager] API Action [GetResponseJSONValue] successfully performed. With the following test data [title]. @23-10-2021 01:57:32.0764 AM
[ReportManager] API Action [GetResponseJSONValue] successfully performed. With the following test data [title]. @23-10-2021 01:57:32.0805 AM
[ReportManager] API Action [GetResponseJSONValue] successfully performed. With the following test data [title]. @23-10-2021 01:57:32.0825 AM
[ReportManager] API Action [GetResponseJSONValue] successfully performed. With the following test data [title]. @23-10-2021 01:57:32.0847 AM
[ReportManager] API Action [GetResponseJSONValue] successfully performed. With the following test data [title]. @23-10-2021 01:57:32.0864 AM
[ReportManager] API Action [GetResponseJSONValue] successfully performed. With the following test data [title]. @23-10-2021 01:57:32.0875 AM
[ReportManager] API Action [GetResponseJSONValue] successfully performed. With the following test data [title]. @23-10-2021 01:57:32.0891 AM
[ReportManager] API Action [GetResponseJSONValue] successfully performed. With the following test data [title]. @23-10-2021 01:57:32.0902 AM
[ReportManager] API Action [GetResponseJSONValue] successfully performed. With the following test data [title]. @23-10-2021 01:57:32.0913 AM
[ReportManager] API Action [GetResponseJSONValue] successfully performed. With the following test data [title]. @23-10-2021 01:57:32.0921 AM
[ReportManager] API Action [GetResponseJSONValue] successfully performed. With the following test data [title]. @23-10-2021 01:57:32.0929 AM
[ReportManager] API Action [GetResponseJSONValue] successfully performed. With the following test data [title]. @23-10-2021 01:57:32.0937 AM
[ReportManager] API Action [GetResponseJSONValue] successfully performed. With the following test data [title]. @23-10-2021 01:57:32.0945 AM
[ReportManager] API Action [GetResponseJSONValue] successfully performed. With the following test data [title]. @23-10-2021 01:57:32.0953 AM
[ReportManager] API Action [GetResponseJSONValue] successfully performed. With the following test data [title]. @23-10-2021 01:57:32.0964 AM
[ReportManager] API Action [GetResponseJSONValue] successfully performed. With the following test data [title]. @23-10-2021 01:57:32.0976 AM
[ReportManager] API Action [GetResponseJSONValue] successfully performed. With the following test data [title]. @23-10-2021 01:57:32.0984 AM
[ReportManager] API Action [GetResponseJSONValue] successfully performed. With the following test data [title]. @23-10-2021 01:57:32.0992 AM
[ReportManager] API Action [GetResponseJSONValue] successfully performed. With the following test data [title]. @23-10-2021 01:57:33.0000 AM
[ReportManager] API Action [GetResponseJSONValue] successfully performed. With the following test data [title]. @23-10-2021 01:57:33.0009 AM
[ReportManager] API Action [GetResponseJSONValue] successfully performed. With the following test data [title]. @23-10-2021 01:57:33.0017 AM
[ReportManager] API Action [GetResponseJSONValue] successfully performed. With the following test data [title]. @23-10-2021 01:57:33.0026 AM
[ReportManager] API Action [GetResponseJSONValue] successfully performed. With the following test data [title]. @23-10-2021 01:57:33.0034 AM
[ReportManager] API Action [GetResponseJSONValue] successfully performed. With the following test data [title]. @23-10-2021 01:57:33.0043 AM
[ReportManager] API Action [GetResponseJSONValue] successfully performed. With the following test data [title]. @23-10-2021 01:57:33.0051 AM
[ReportManager] API Action [GetResponseJSONValue] successfully performed. With the following test data [title]. @23-10-2021 01:57:33.0060 AM
[ReportManager] API Action [GetResponseJSONValue] successfully performed. With the following test data [title]. @23-10-2021 01:57:33.0077 AM
[ReportManager] API Action [GetResponseJSONValue] successfully performed. With the following test data [title]. @23-10-2021 01:57:33.0087 AM
[ReportManager] API Action [GetResponseJSONValue] successfully performed. With the following test data [title]. @23-10-2021 01:57:33.0097 AM
[ReportManager] API Action [GetResponseJSONValue] successfully performed. With the following test data [title]. @23-10-2021 01:57:33.0107 AM
[ReportManager] API Action [GetResponseJSONValue] successfully performed. With the following test data [title]. @23-10-2021 01:57:33.0117 AM
[ReportManager] API Action [GetResponseJSONValue] successfully performed. With the following test data [title]. @23-10-2021 01:57:33.0135 AM
[ReportManager] API Action [GetResponseJSONValue] successfully performed. With the following test data [title]. @23-10-2021 01:57:33.0145 AM
[ReportManager] API Action [GetResponseJSONValue] successfully performed. With the following test data [title]. @23-10-2021 01:57:33.0154 AM
[ReportManager] API Action [GetResponseJSONValue] successfully performed. With the following test data [title]. @23-10-2021 01:57:33.0162 AM
[ReportManager] API Action [GetResponseJSONValue] successfully performed. With the following test data [title]. @23-10-2021 01:57:33.0173 AM
[ReportManager] API Action [GetResponseJSONValue] successfully performed. With the following test data [title]. @23-10-2021 01:57:33.0181 AM
[ReportManager] API Action [GetResponseJSONValue] successfully performed. With the following test data [title]. @23-10-2021 01:57:33.0189 AM
[ReportManager] API Action [GetResponseJSONValue] successfully performed. With the following test data [title]. @23-10-2021 01:57:33.0197 AM
[ReportManager] API Action [GetResponseJSONValue] successfully performed. With the following test data [title]. @23-10-2021 01:57:33.0206 AM
[ReportManager] API Action [GetResponseJSONValue] successfully performed. With the following test data [title]. @23-10-2021 01:57:33.0215 AM
[ReportManager] API Action [GetResponseJSONValue] successfully performed. With the following test data [title]. @23-10-2021 01:57:33.0224 AM
[ReportManager] API Action [GetResponseJSONValue] successfully performed. With the following test data [title]. @23-10-2021 01:57:33.0232 AM
[ReportManager] API Action [GetResponseJSONValue] successfully performed. With the following test data [title]. @23-10-2021 01:57:33.0239 AM
[ReportManager] API Action [GetResponseJSONValue] successfully performed. With the following test data [title]. @23-10-2021 01:57:33.0248 AM
[ReportManager] API Action [GetResponseJSONValue] successfully performed. With the following test data [title]. @23-10-2021 01:57:33.0256 AM
[ReportManager] API Action [GetResponseJSONValue] successfully performed. With the following test data [title]. @23-10-2021 01:57:33.0264 AM
[ReportManager] API Action [GetResponseJSONValue] successfully performed. With the following test data [title]. @23-10-2021 01:57:33.0272 AM
[ReportManager] API Action [GetResponseJSONValue] successfully performed. With the following test data [title]. @23-10-2021 01:57:33.0281 AM
[ReportManager] API Action [GetResponseJSONValue] successfully performed. With the following test data [title]. @23-10-2021 01:57:33.0289 AM
[ReportManager] API Action [GetResponseJSONValue] successfully performed. With the following test data [title]. @23-10-2021 01:57:33.0297 AM
[ReportManager] API Action [GetResponseJSONValue] successfully performed. With the following test data [title]. @23-10-2021 01:57:33.0328 AM
[ReportManager] API Action [GetResponseJSONValue] successfully performed. With the following test data [title]. @23-10-2021 01:57:33.0336 AM
[ReportManager] API Action [GetResponseJSONValue] successfully performed. With the following test data [title]. @23-10-2021 01:57:33.0344 AM
[ReportManager] API Action [GetResponseJSONValue] successfully performed. With the following test data [title]. @23-10-2021 01:57:33.0351 AM
[ReportManager] API Action [GetResponseJSONValue] successfully performed. With the following test data [title]. @23-10-2021 01:57:33.0360 AM
[ReportManager] API Action [GetResponseJSONValue] successfully performed. With the following test data [title]. @23-10-2021 01:57:33.0369 AM
[ReportManager] API Action [GetResponseJSONValue] successfully performed. With the following test data [title]. @23-10-2021 01:57:33.0377 AM
[ReportManager] API Action [GetResponseJSONValue] successfully performed. With the following test data [title]. @23-10-2021 01:57:33.0386 AM
[ReportManager] API Action [GetResponseJSONValue] successfully performed. With the following test data [title]. @23-10-2021 01:57:33.0394 AM
[ReportManager] API Action [GetResponseJSONValue] successfully performed. With the following test data [title]. @23-10-2021 01:57:33.0402 AM
[ReportManager] API Action [GetResponseJSONValue] successfully performed. With the following test data [title]. @23-10-2021 01:57:33.0414 AM
[ReportManager] API Action [GetResponseJSONValue] successfully performed. With the following test data [title]. @23-10-2021 01:57:33.0424 AM
[ReportManager] API Action [GetResponseJSONValue] successfully performed. With the following test data [title]. @23-10-2021 01:57:33.0434 AM
[ReportManager] API Action [GetResponseJSONValue] successfully performed. With the following test data [title]. @23-10-2021 01:57:33.0442 AM
[ReportManager] API Action [GetResponseJSONValue] successfully performed. With the following test data [title]. @23-10-2021 01:57:33.0452 AM
[ReportManager] API Action [GetResponseJSONValue] successfully performed. With the following test data [title]. @23-10-2021 01:57:33.0461 AM
[ReportManager] API Action [GetResponseJSONValue] successfully performed. With the following test data [title]. @23-10-2021 01:57:33.0472 AM
[ReportManager] API Action [GetResponseJSONValue] successfully performed. With the following test data [title]. @23-10-2021 01:57:33.0481 AM
[ReportManager] API Action [GetResponseJSONValue] successfully performed. With the following test data [title]. @23-10-2021 01:57:33.0491 AM
[ReportManager] API Action [GetResponseJSONValue] successfully performed. With the following test data [title]. @23-10-2021 01:57:33.0500 AM
[ReportManager] API Action [GetResponseJSONValue] successfully performed. With the following test data [title]. @23-10-2021 01:57:33.0511 AM
[ReportManager] API Action [GetResponseJSONValue] successfully performed. With the following test data [title]. @23-10-2021 01:57:33.0522 AM
[ReportManager] API Action [GetResponseJSONValue] successfully performed. With the following test data [title]. @23-10-2021 01:57:33.0531 AM
[ReportManager] API Action [GetResponseJSONValue] successfully performed. With the following test data [title]. @23-10-2021 01:57:33.0541 AM
[ReportManager] API Action [GetResponseJSONValue] successfully performed. With the following test data [title]. @23-10-2021 01:57:33.0550 AM
[ReportManager] API Action [GetResponseJSONValue] successfully performed. With the following test data [title]. @23-10-2021 01:57:33.0559 AM
[ReportManager] API Action [GetResponseJSONValue] successfully performed. With the following test data [title]. @23-10-2021 01:57:33.0567 AM
[ReportManager] API Action [GetResponseJSONValue] successfully performed. With the following test data [title]. @23-10-2021 01:57:33.0576 AM
[ReportManager] API Action [GetResponseJSONValue] successfully performed. With the following test data [title]. @23-10-2021 01:57:33.0586 AM
[ReportManager] API Action [GetResponseJSONValue] successfully performed. With the following test data [title]. @23-10-2021 01:57:33.0594 AM
[ReportManager] API Action [GetResponseJSONValue] successfully performed. With the following test data [title]. @23-10-2021 01:57:33.0603 AM
[ReportManager] API Action [GetResponseJSONValue] successfully performed. With the following test data [title]. @23-10-2021 01:57:33.0613 AM
[ReportManager] API Action [GetResponseJSONValue] successfully performed. With the following test data [title]. @23-10-2021 01:57:33.0623 AM
[ReportManager] API Action [GetResponseJSONValue] successfully performed. With the following test data [title]. @23-10-2021 01:57:33.0632 AM
[ReportManager] API Action [GetResponseJSONValue] successfully performed. With the following test data [title]. @23-10-2021 01:57:33.0642 AM
[ReportManager] API Action [GetResponseJSONValue] successfully performed. With the following test data [title]. @23-10-2021 01:57:33.0661 AM
[ReportManager] API Action [GetResponseJSONValue] successfully performed. With the following test data [title]. @23-10-2021 01:57:33.0679 AM
[ReportManager] API Action [GetResponseJSONValue] successfully performed. With the following test data [title]. @23-10-2021 01:57:33.0688 AM
[ReportManager] API Action [GetResponseJSONValue] successfully performed. With the following test data [title]. @23-10-2021 01:57:33.0697 A

################################################################################################################################################
Starting Execution:	[48 out of 143] test cases in the current suite
Test Method:		[unitTests.tests_restActions.validateUserEmail]
################################################################################################################################################
[ReportManager] Response status code: [200], status line: [HTTP/1.1 200 OK] @23-10-2021 01:57:33.0779 AM
[ReportManager] Assertion Passed: Evaluating the actual response status code against the expected one... @23-10-2021 01:57:33.0779 AM
[ReportManager] Assertion [ValidateEquals] PASSED. Expected [200] and Actual [200]. Comparison Type [EQUALS]. Validation Type [POSITIVE]. @23-10-2021 01:57:33.0779 AM
[ReportManager] API Action [PerformRequest] successfully performed. With the following test data [Request Type: "GET" | Target Status Code: "200" | Service URL: "https://jsonplaceholder.typicode.com/users" | Content Type: "*/*" | Response Time: "60ms"]. @23-10-2021 01:57:33.0797 AM
[ReportManager] Successfully created attachment [API Request - Specifications] @23-10-2021 01:57:33.0797 AM
[ReportManager] Successfully created attachment [API Response - JSON Body] @23-10-2021 01:57:33.0798 AM
[ReportManager] Assertion [ValidateEquals] PASSED. Expected and Actual values are attached. Comparison Type [CONTAINS]. Validation Type [POSITIVE]. @23-10-2021 01:57:33.0798 AM
[ReportManager] Successfully created attachment [Validation Test Data - Expected Value] @23-10-2021 01:57:33.0799 AM
[ReportManager] Successfully created attachment [Validation Test Data - Actual Value] @23-10-2021 01:57:33.0799 AM
[ReportManager] API Action [GetResponseJSONValueAsList] successfully performed. With the following test data [$]. @23-10-2021 01:57:33.0802 AM
[ReportManager] API Action [GetResponseJSONValue] successfully performed. With the following test data [name]. @23-10-2021 01:57:33.0815 AM
[ReportManager] API Action [GetResponseJSONValue] successfully performed. With the following test data [email]. @23-10-2021 01:57:33.0828 AM
[ReportManager] Assertion [ValidateEquals] PASSED. Expected [Sincere@april.biz] and Actual [Sincere@april.biz]. Comparison Type [EQUALS]. Validation Type [POSITIVE]. @23-10-2021 01:57:33.0828 AM
[ReportManager] API Action [GetResponseJSONValue] successfully performed. With the following test data [name]. @23-10-2021 01:57:33.0838 AM
[ReportManager] API Action [GetResponseJSONValue] successfully performed. With the following test data [name]. @23-10-2021 01:57:33.0848 AM
[ReportManager] API Action [GetResponseJSONValue] successfully performed. With the following test data [name]. @23-10-2021 01:57:33.0857 AM
[ReportManager] API Action [GetResponseJSONValue] successfully performed. With the following test data [name]. @23-10-2021 01:57:33.0868 AM
[ReportManager] API Action [GetResponseJSONValue] successfully performed. With the following test data [name]. @23-10-2021 01:57:33.0877 AM
[ReportManager] API Action [GetResponseJSONValue] successfully performed. With the following test data [name]. @23-10-2021 01:57:33.0887 AM
[ReportManager] API Action [GetResponseJSONValue] successfully performed. With the following test data [name]. @23-10-2021 01:57:33.0896 AM
[ReportManager] API Action [GetResponseJSONValue] successfully performed. With the following test data [name]. @23-10-2021 01:57:33.0904 AM
[ReportManager] API Action [GetResponseJSONValue] successfully performed. With the following test data [name]. @23-10-2021 01:57:33.0912 A
[ReportManager] File Action [GetAbsolutePath] successfully performed. With the following test data [Relative Folder Path: "target/downloadedFiles/"]. @23-10-2021 01:57:33.0916 AM
[ReportManager] Attempting to run remotely on: [Linux-64], [GoogleChrome], [http://localhost:4444/wd/hub], Headless Execution. @23-10-2021 01:57:33.0917 AM
[ReportManager] Successfully Opened [GoogleChrome]. @23-10-2021 01:57:34.0281 AM
[ReportManager] Target URL: [https://duckduckgo.com] @23-10-2021 01:57:34.0307 AM
[ReportManager] Initial URL: [data:,] @23-10-2021 01:57:34.0355 AM
[ReportManager] Browser Action [NavigateToURL] successfully performed. With the following test data [https://duckduckgo.com]. @23-10-2021 01:57:35.0237 A

################################################################################################################################################
Starting Execution:	[49 out of 143] test cases in the current suite
Test Method:		[unitTests.tests_browserActions.fullScreenWindow]
################################################################################################################################################
[ReportManager] Initial Windows Size: 800x600 @23-10-2021 01:57:35.0250 AM
[ReportManager] Initial window size: (800, 600) @23-10-2021 01:57:35.0261 AM
[ReportManager] Window size after Toolkit: (1920, 1080) @23-10-2021 01:57:35.0479 AM
[ReportManager] Browser Action [MaximizeWindow] successfully performed. With the following test data [New screen size is now: (1920, 1080)]. @23-10-2021 01:57:35.0482 AM
[ReportManager] Current Windows Size after fullScreen: 1920x1080 @23-10-2021 01:57:35.0495 AM
[ReportManager] Browser Action [FullScreenWindow] successfully performed. @23-10-2021 01:57:35.0518 AM
[ReportManager] Successfully created attachment [Browser Action Test Data - FullScreenWindow - Actual Value] @23-10-2021 01:57:35.0520 A
[ReportManager] Target URL: [https://duckduckgo.com] @23-10-2021 01:57:35.0526 AM
[ReportManager] Initial URL: [https://duckduckgo.com] @23-10-2021 01:57:35.0597 AM
[ReportManager] Browser Action [NavigateToURL] successfully performed. With the following test data [https://duckduckgo.com]. @23-10-2021 01:57:35.0933 AM
[ReportManager] Browser Action [CloseCurrentWindow] successfully performed. @23-10-2021 01:57:36.0036 AM
[ReportManager] Successfully created attachment [Browser Action Test Data - CloseCurrentWindow - Actual Value] @23-10-2021 01:57:36.0046 A
[ReportManager] File Action [GetAbsolutePath] successfully performed. With the following test data [Relative Folder Path: "target/downloadedFiles/"]. @23-10-2021 01:57:36.0048 AM
[ReportManager] Attempting to run remotely on: [Linux-64], [GoogleChrome], [http://localhost:4444/wd/hub], Headless Execution. @23-10-2021 01:57:36.0048 AM
[ReportManager] Successfully Opened [GoogleChrome]. @23-10-2021 01:57:36.0254 AM
[ReportManager] Target URL: [https://duckduckgo.com] @23-10-2021 01:57:36.0264 AM
[ReportManager] Initial URL: [data:,] @23-10-2021 01:57:36.0306 AM
[ReportManager] Browser Action [NavigateToURL] successfully performed. With the following test data [https://duckduckgo.com]. @23-10-2021 01:57:36.0827 A

################################################################################################################################################
Starting Execution:	[50 out of 143] test cases in the current suite
Test Method:		[unitTests.tests_browserActions.getCurrentURL]
################################################################################################################################################
[ReportManager] Browser Action [GetCurrentURL] successfully performed. With the following test data [https://duckduckgo.com/]. @23-10-2021 01:57:36.0880 A
[ReportManager] Target URL: [https://duckduckgo.com] @23-10-2021 01:57:36.0884 AM
[ReportManager] Initial URL: [https://duckduckgo.com] @23-10-2021 01:57:36.0949 AM
[ReportManager] Browser Action [NavigateToURL] successfully performed. With the following test data [https://duckduckgo.com]. @23-10-2021 01:57:37.0313 AM
[ReportManager] Browser Action [CloseCurrentWindow] successfully performed. @23-10-2021 01:57:37.0423 AM
[ReportManager] Successfully created attachment [Browser Action Test Data - CloseCurrentWindow - Actual Value] @23-10-2021 01:57:37.0430 A
[ReportManager] File Action [GetAbsolutePath] successfully performed. With the following test data [Relative Folder Path: "target/downloadedFiles/"]. @23-10-2021 01:57:37.0432 AM
[ReportManager] Attempting to run remotely on: [Linux-64], [GoogleChrome], [http://localhost:4444/wd/hub], Headless Execution. @23-10-2021 01:57:37.0433 AM
[ReportManager] Successfully Opened [GoogleChrome]. @23-10-2021 01:57:37.0655 AM
[ReportManager] Target URL: [https://duckduckgo.com] @23-10-2021 01:57:37.0673 AM
[ReportManager] Initial URL: [data:,] @23-10-2021 01:57:37.0738 AM
[ReportManager] Browser Action [NavigateToURL] successfully performed. With the following test data [https://duckduckgo.com]. @23-10-2021 01:57:38.0407 A

################################################################################################################################################
Starting Execution:	[51 out of 143] test cases in the current suite
Test Method:		[unitTests.tests_browserActions.getCurrentWindowTitle]
################################################################################################################################################
[ReportManager] Browser Action [GetCurrentWindowTitle] successfully performed. With the following test data [DuckDuckGo  Privacy, simplified.]. @23-10-2021 01:57:38.0456 A
[ReportManager] Target URL: [https://duckduckgo.com] @23-10-2021 01:57:38.0459 AM
[ReportManager] Initial URL: [https://duckduckgo.com] @23-10-2021 01:57:38.0544 AM
[ReportManager] Browser Action [NavigateToURL] successfully performed. With the following test data [https://duckduckgo.com]. @23-10-2021 01:57:38.0878 AM
[ReportManager] Browser Action [CloseCurrentWindow] successfully performed. @23-10-2021 01:57:38.0990 AM
[ReportManager] Successfully created attachment [Browser Action Test Data - CloseCurrentWindow - Actual Value] @23-10-2021 01:57:38.0990 A
[ReportManager] File Action [GetAbsolutePath] successfully performed. With the following test data [Relative Folder Path: "target/downloadedFiles/"]. @23-10-2021 01:57:38.0994 AM
[ReportManager] Attempting to run remotely on: [Linux-64], [GoogleChrome], [http://localhost:4444/wd/hub], Headless Execution. @23-10-2021 01:57:38.0994 AM
[ReportManager] Successfully Opened [GoogleChrome]. @23-10-2021 01:57:39.0217 AM
[ReportManager] Target URL: [https://duckduckgo.com] @23-10-2021 01:57:39.0251 AM
[ReportManager] Initial URL: [data:,] @23-10-2021 01:57:39.0300 AM
[ReportManager] Browser Action [NavigateToURL] successfully performed. With the following test data [https://duckduckgo.com]. @23-10-2021 01:57:39.0827 A

################################################################################################################################################
Starting Execution:	[52 out of 143] test cases in the current suite
Test Method:		[unitTests.tests_browserActions.getPageSource]
################################################################################################################################################
[ReportManager] Browser Action [GetPageSource] successfully performed. @23-10-2021 01:57:39.0888 AM
[ReportManager] Successfully created attachment [Browser Action Test Data - GetPageSource - Actual Value] @23-10-2021 01:57:39.0888 A
[ReportManager] Target URL: [https://duckduckgo.com] @23-10-2021 01:57:39.0890 AM
[ReportManager] Initial URL: [https://duckduckgo.com] @23-10-2021 01:57:39.0957 AM
[ReportManager] Browser Action [NavigateToURL] successfully performed. With the following test data [https://duckduckgo.com]. @23-10-2021 01:57:40.0312 AM
[ReportManager] Browser Action [CloseCurrentWindow] successfully performed. @23-10-2021 01:57:40.0415 AM
[ReportManager] Successfully created attachment [Browser Action Test Data - CloseCurrentWindow - Actual Value] @23-10-2021 01:57:40.0415 A
[ReportManager] File Action [GetAbsolutePath] successfully performed. With the following test data [Relative Folder Path: "target/downloadedFiles/"]. @23-10-2021 01:57:40.0420 AM
[ReportManager] Attempting to run remotely on: [Linux-64], [GoogleChrome], [http://localhost:4444/wd/hub], Headless Execution. @23-10-2021 01:57:40.0420 AM
[ReportManager] Successfully Opened [GoogleChrome]. @23-10-2021 01:57:40.0666 AM
[ReportManager] Target URL: [https://duckduckgo.com] @23-10-2021 01:57:40.0679 AM
[ReportManager] Initial URL: [data:,] @23-10-2021 01:57:40.0721 AM
[ReportManager] Browser Action [NavigateToURL] successfully performed. With the following test data [https://duckduckgo.com]. @23-10-2021 01:57:41.0233 A

################################################################################################################################################
Starting Execution:	[53 out of 143] test cases in the current suite
Test Method:		[unitTests.tests_browserActions.getWindowHandle]
################################################################################################################################################
[ReportManager] Browser Action [GetWindowHandle] successfully performed. With the following test data [CDwindow-5AEA6A69D50CCD0FFC82683AC2ABF559]. @23-10-2021 01:57:41.0292 A
[ReportManager] Target URL: [https://duckduckgo.com] @23-10-2021 01:57:41.0293 AM
[ReportManager] Initial URL: [https://duckduckgo.com] @23-10-2021 01:57:41.0356 AM
[ReportManager] Browser Action [NavigateToURL] successfully performed. With the following test data [https://duckduckgo.com]. @23-10-2021 01:57:41.0752 AM
[ReportManager] Browser Action [CloseCurrentWindow] successfully performed. @23-10-2021 01:57:41.0862 AM
[ReportManager] Successfully created attachment [Browser Action Test Data - CloseCurrentWindow - Actual Value] @23-10-2021 01:57:41.0863 A
[ReportManager] File Action [GetAbsolutePath] successfully performed. With the following test data [Relative Folder Path: "target/downloadedFiles/"]. @23-10-2021 01:57:41.0867 AM
[ReportManager] Attempting to run remotely on: [Linux-64], [GoogleChrome], [http://localhost:4444/wd/hub], Headless Execution. @23-10-2021 01:57:41.0877 AM
[ReportManager] Successfully Opened [GoogleChrome]. @23-10-2021 01:57:42.0078 AM
[ReportManager] Target URL: [https://duckduckgo.com] @23-10-2021 01:57:42.0094 AM
[ReportManager] Initial URL: [data:,] @23-10-2021 01:57:42.0144 AM
[ReportManager] Browser Action [NavigateToURL] successfully performed. With the following test data [https://duckduckgo.com]. @23-10-2021 01:57:42.0816 A

################################################################################################################################################
Starting Execution:	[54 out of 143] test cases in the current suite
Test Method:		[unitTests.tests_browserActions.getWindowPosition]
################################################################################################################################################
[ReportManager] Browser Action [GetWindowPosition] successfully performed. With the following test data [(0, 0)]. @23-10-2021 01:57:42.0854 A
[ReportManager] Target URL: [https://duckduckgo.com] @23-10-2021 01:57:42.0859 AM
[ReportManager] Initial URL: [https://duckduckgo.com] @23-10-2021 01:57:42.0915 AM
[ReportManager] Browser Action [NavigateToURL] successfully performed. With the following test data [https://duckduckgo.com]. @23-10-2021 01:57:43.0308 AM
[ReportManager] Browser Action [CloseCurrentWindow] successfully performed. @23-10-2021 01:57:43.0409 AM
[ReportManager] Successfully created attachment [Browser Action Test Data - CloseCurrentWindow - Actual Value] @23-10-2021 01:57:43.0410 A
[ReportManager] File Action [GetAbsolutePath] successfully performed. With the following test data [Relative Folder Path: "target/downloadedFiles/"]. @23-10-2021 01:57:43.0412 AM
[ReportManager] Attempting to run remotely on: [Linux-64], [GoogleChrome], [http://localhost:4444/wd/hub], Headless Execution. @23-10-2021 01:57:43.0412 AM
[ReportManager] Successfully Opened [GoogleChrome]. @23-10-2021 01:57:43.0845 AM
[ReportManager] Target URL: [https://duckduckgo.com] @23-10-2021 01:57:43.0856 AM
[ReportManager] Initial URL: [data:,] @23-10-2021 01:57:43.0893 AM
[ReportManager] Browser Action [NavigateToURL] successfully performed. With the following test data [https://duckduckgo.com]. @23-10-2021 01:57:44.0509 A

################################################################################################################################################
Starting Execution:	[55 out of 143] test cases in the current suite
Test Method:		[unitTests.tests_browserActions.getWindowSize]
################################################################################################################################################
[ReportManager] Browser Action [GetWindowSize] successfully performed. With the following test data [(800, 600)]. @23-10-2021 01:57:44.0549 A
[ReportManager] Target URL: [https://duckduckgo.com] @23-10-2021 01:57:44.0552 AM
[ReportManager] Initial URL: [https://duckduckgo.com] @23-10-2021 01:57:44.0616 AM
[ReportManager] Browser Action [NavigateToURL] successfully performed. With the following test data [https://duckduckgo.com]. @23-10-2021 01:57:44.0955 AM
[ReportManager] Browser Action [CloseCurrentWindow] successfully performed. @23-10-2021 01:57:45.0072 AM
[ReportManager] Successfully created attachment [Browser Action Test Data - CloseCurrentWindow - Actual Value] @23-10-2021 01:57:45.0073 A
[ReportManager] File Action [GetAbsolutePath] successfully performed. With the following test data [Relative Folder Path: "target/downloadedFiles/"]. @23-10-2021 01:57:45.0081 AM
[ReportManager] Attempting to run remotely on: [Linux-64], [GoogleChrome], [http://localhost:4444/wd/hub], Headless Execution. @23-10-2021 01:57:45.0083 AM
[ReportManager] Successfully Opened [GoogleChrome]. @23-10-2021 01:57:45.0298 AM
[ReportManager] Target URL: [https://duckduckgo.com] @23-10-2021 01:57:45.0309 AM
[ReportManager] Initial URL: [data:,] @23-10-2021 01:57:45.0354 AM
[ReportManager] Browser Action [NavigateToURL] successfully performed. With the following test data [https://duckduckgo.com]. @23-10-2021 01:57:45.0873 A

################################################################################################################################################
Starting Execution:	[56 out of 143] test cases in the current suite
Test Method:		[unitTests.tests_browserActions.maximizeWindow]
################################################################################################################################################
[ReportManager] Initial window size: (800, 600) @23-10-2021 01:57:45.0890 AM
[ReportManager] Window size after Toolkit: (1920, 1080) @23-10-2021 01:57:46.0110 AM
[ReportManager] Browser Action [MaximizeWindow] successfully performed. With the following test data [New screen size is now: (1920, 1080)]. @23-10-2021 01:57:46.0112 A
[ReportManager] Target URL: [https://duckduckgo.com] @23-10-2021 01:57:46.0114 AM
[ReportManager] Initial URL: [https://duckduckgo.com] @23-10-2021 01:57:46.0189 AM
[ReportManager] Browser Action [NavigateToURL] successfully performed. With the following test data [https://duckduckgo.com]. @23-10-2021 01:57:46.0519 AM
[ReportManager] Browser Action [CloseCurrentWindow] successfully performed. @23-10-2021 01:57:46.0625 AM
[ReportManager] Successfully created attachment [Browser Action Test Data - CloseCurrentWindow - Actual Value] @23-10-2021 01:57:46.0625 A
[ReportManager] File Action [GetAbsolutePath] successfully performed. With the following test data [Relative Folder Path: "target/downloadedFiles/"]. @23-10-2021 01:57:46.0630 AM
[ReportManager] Attempting to run remotely on: [Linux-64], [GoogleChrome], [http://localhost:4444/wd/hub], Headless Execution. @23-10-2021 01:57:46.0632 AM
[ReportManager] Successfully Opened [GoogleChrome]. @23-10-2021 01:57:46.0896 AM
[ReportManager] Target URL: [https://duckduckgo.com] @23-10-2021 01:57:46.0907 AM
[ReportManager] Initial URL: [data:,] @23-10-2021 01:57:46.0954 AM
[ReportManager] Browser Action [NavigateToURL] successfully performed. With the following test data [https://duckduckgo.com]. @23-10-2021 01:57:47.0451 A

################################################################################################################################################
Starting Execution:	[57 out of 143] test cases in the current suite
Test Method:		[unitTests.tests_browserActions.navigateBack]
################################################################################################################################################
[ReportManager] Target URL: [https://www.google.com/ncr], and after redirection: [https://www.google.com] @23-10-2021 01:57:47.0458 AM
[ReportManager] Initial URL: [https://duckduckgo.com] @23-10-2021 01:57:47.0525 AM
[ReportManager] Browser Action [NavigateToURL] successfully performed. With the following test data [https://www.google.com/ncr]. @23-10-2021 01:57:48.0340 AM
[ReportManager] Browser Action [NavigateBack] successfully performed. With the following test data [https://duckduckgo.com/]. @23-10-2021 01:57:48.0751 AM
[ReportManager] Browser Action [GetCurrentURL] successfully performed. With the following test data [https://duckduckgo.com/]. @23-10-2021 01:57:48.0784 AM
[ReportManager] Assertion Passed: Confirming that navigating back was successful @23-10-2021 01:57:48.0925 AM
[ReportManager] Successfully created attachment [Screenshot - 1634954268862_navigateBack_ValidateBrowserAttribute_passed] @23-10-2021 01:57:48.0928 AM
[ReportManager] Assertion [ValidateBrowserAttribute] PASSED. Expected [Value Should be 'https://duckduckgo.com' for the 'CurrentUrl' attribute] and Actual [https://duckduckgo.com/]. Comparison Type [CONTAINS]. Validation Type [POSITIVE]. @23-10-2021 01:57:48.0928 A
[ReportManager] Target URL: [https://duckduckgo.com] @23-10-2021 01:57:48.0933 AM
[ReportManager] Initial URL: [https://duckduckgo.com] @23-10-2021 01:57:48.0992 AM
[ReportManager] Browser Action [NavigateToURL] successfully performed. With the following test data [https://duckduckgo.com]. @23-10-2021 01:57:49.0307 AM
[ReportManager] Browser Action [CloseCurrentWindow] successfully performed. @23-10-2021 01:57:49.0414 AM
[ReportManager] Successfully created attachment [Browser Action Test Data - CloseCurrentWindow - Actual Value] @23-10-2021 01:57:49.0415 A
[ReportManager] File Action [GetAbsolutePath] successfully performed. With the following test data [Relative Folder Path: "target/downloadedFiles/"]. @23-10-2021 01:57:49.0420 AM
[ReportManager] Attempting to run remotely on: [Linux-64], [GoogleChrome], [http://localhost:4444/wd/hub], Headless Execution. @23-10-2021 01:57:49.0420 AM
[ReportManager] Successfully Opened [GoogleChrome]. @23-10-2021 01:57:49.0636 AM
[ReportManager] Target URL: [https://duckduckgo.com] @23-10-2021 01:57:49.0647 AM
[ReportManager] Initial URL: [data:,] @23-10-2021 01:57:49.0685 AM
[ReportManager] Browser Action [NavigateToURL] successfully performed. With the following test data [https://duckduckgo.com]. @23-10-2021 01:57:50.0213 A

################################################################################################################################################
Starting Execution:	[58 out of 143] test cases in the current suite
Test Method:		[unitTests.tests_browserActions.navigateForward]
################################################################################################################################################
[ReportManager] Target URL: [https://www.google.com/ncr], and after redirection: [https://www.google.com] @23-10-2021 01:57:50.0218 AM
[ReportManager] Initial URL: [https://duckduckgo.com] @23-10-2021 01:57:50.0276 AM
[ReportManager] Browser Action [NavigateToURL] successfully performed. With the following test data [https://www.google.com/ncr]. @23-10-2021 01:57:51.0097 AM
[ReportManager] Browser Action [NavigateBack] successfully performed. With the following test data [https://duckduckgo.com/]. @23-10-2021 01:57:51.0474 AM
[ReportManager] Browser Action [NavigateForward] successfully performed. With the following test data [https://www.google.com/]. @23-10-2021 01:57:51.0948 A
[ReportManager] Target URL: [https://duckduckgo.com] @23-10-2021 01:57:51.0951 AM
[ReportManager] Initial URL: [https://www.google.com] @23-10-2021 01:57:52.0020 AM
[ReportManager] Browser Action [NavigateToURL] successfully performed. With the following test data [https://duckduckgo.com]. @23-10-2021 01:57:52.0483 AM
[ReportManager] Browser Action [CloseCurrentWindow] successfully performed. @23-10-2021 01:57:52.0579 AM
[ReportManager] Successfully created attachment [Browser Action Test Data - CloseCurrentWindow - Actual Value] @23-10-2021 01:57:52.0580 A
[ReportManager] File Action [GetAbsolutePath] successfully performed. With the following test data [Relative Folder Path: "target/downloadedFiles/"]. @23-10-2021 01:57:52.0584 AM
[ReportManager] Attempting to run remotely on: [Linux-64], [GoogleChrome], [http://localhost:4444/wd/hub], Headless Execution. @23-10-2021 01:57:52.0584 AM
[ReportManager] Successfully Opened [GoogleChrome]. @23-10-2021 01:57:52.0798 AM
[ReportManager] Target URL: [https://duckduckgo.com] @23-10-2021 01:57:52.0809 AM
[ReportManager] Initial URL: [data:,] @23-10-2021 01:57:52.0860 AM
[ReportManager] Browser Action [NavigateToURL] successfully performed. With the following test data [https://duckduckgo.com]. @23-10-2021 01:57:53.0379 A

################################################################################################################################################
Starting Execution:	[59 out of 143] test cases in the current suite
Test Method:		[unitTests.tests_browserActions.navigateToURL]
################################################################################################################################################
[ReportManager] Target URL: [https://duckduckgo.com] @23-10-2021 01:57:53.0385 AM
[ReportManager] Initial URL: [https://duckduckgo.com] @23-10-2021 01:57:53.0449 AM
[ReportManager] Browser Action [NavigateToURL] successfully performed. With the following test data [https://duckduckgo.com]. @23-10-2021 01:57:53.0782 A
[ReportManager] Target URL: [https://duckduckgo.com] @23-10-2021 01:57:53.0784 AM
[ReportManager] Initial URL: [https://duckduckgo.com] @23-10-2021 01:57:53.0834 AM
[ReportManager] Browser Action [NavigateToURL] successfully performed. With the following test data [https://duckduckgo.com]. @23-10-2021 01:57:54.0115 AM
[ReportManager] Browser Action [CloseCurrentWindow] successfully performed. @23-10-2021 01:57:54.0223 AM
[ReportManager] Successfully created attachment [Browser Action Test Data - CloseCurrentWindow - Actual Value] @23-10-2021 01:57:54.0224 A
[ReportManager] File Action [GetAbsolutePath] successfully performed. With the following test data [Relative Folder Path: "target/downloadedFiles/"]. @23-10-2021 01:57:54.0226 AM
[ReportManager] Attempting to run remotely on: [Linux-64], [GoogleChrome], [http://localhost:4444/wd/hub], Headless Execution. @23-10-2021 01:57:54.0226 AM
[ReportManager] Successfully Opened [GoogleChrome]. @23-10-2021 01:57:54.0462 AM
[ReportManager] Target URL: [https://duckduckgo.com] @23-10-2021 01:57:54.0474 AM
[ReportManager] Initial URL: [data:,] @23-10-2021 01:57:54.0520 AM
[ReportManager] Browser Action [NavigateToURL] successfully performed. With the following test data [https://duckduckgo.com]. @23-10-2021 01:57:55.0033 A

################################################################################################################################################
Starting Execution:	[60 out of 143] test cases in the current suite
Test Method:		[unitTests.tests_browserActions.navigateToURLWithRedirection]
################################################################################################################################################
[ReportManager] Target URL: [https://www.google.com/ncr], and after redirection: [https://www.google.com] @23-10-2021 01:57:55.0037 AM
[ReportManager] Initial URL: [https://duckduckgo.com] @23-10-2021 01:57:55.0097 AM
[ReportManager] Browser Action [NavigateToURL] successfully performed. With the following test data [https://www.google.com/ncr]. @23-10-2021 01:57:55.0870 A
[ReportManager] Target URL: [https://duckduckgo.com] @23-10-2021 01:57:55.0871 AM
[ReportManager] Initial URL: [https://www.google.com] @23-10-2021 01:57:55.0949 AM
[ReportManager] Browser Action [NavigateToURL] successfully performed. With the following test data [https://duckduckgo.com]. @23-10-2021 01:57:56.0425 AM
[ReportManager] Browser Action [CloseCurrentWindow] successfully performed. @23-10-2021 01:57:56.0522 AM
[ReportManager] Successfully created attachment [Browser Action Test Data - CloseCurrentWindow - Actual Value] @23-10-2021 01:57:56.0524 A
[ReportManager] File Action [GetAbsolutePath] successfully performed. With the following test data [Relative Folder Path: "target/downloadedFiles/"]. @23-10-2021 01:57:56.0526 AM
[ReportManager] Attempting to run remotely on: [Linux-64], [GoogleChrome], [http://localhost:4444/wd/hub], Headless Execution. @23-10-2021 01:57:56.0527 AM
[ReportManager] Successfully Opened [GoogleChrome]. @23-10-2021 01:57:56.0736 AM
[ReportManager] Target URL: [https://duckduckgo.com] @23-10-2021 01:57:56.0766 AM
[ReportManager] Initial URL: [data:,] @23-10-2021 01:57:56.0818 AM
[ReportManager] Browser Action [NavigateToURL] successfully performed. With the following test data [https://duckduckgo.com]. @23-10-2021 01:57:57.0332 A

################################################################################################################################################
Starting Execution:	[61 out of 143] test cases in the current suite
Test Method:		[unitTests.tests_browserActions.refreshCurrentPage]
################################################################################################################################################
[ReportManager] Browser Action [RefreshCurrentPage] successfully performed. @23-10-2021 01:57:57.0540 AM
[ReportManager] Successfully created attachment [Browser Action Test Data - RefreshCurrentPage - Actual Value] @23-10-2021 01:57:57.0540 A
[ReportManager] Target URL: [https://duckduckgo.com] @23-10-2021 01:57:57.0542 AM
[ReportManager] Initial URL: [https://duckduckgo.com] @23-10-2021 01:57:57.0604 AM
[ReportManager] Browser Action [NavigateToURL] successfully performed. With the following test data [https://duckduckgo.com]. @23-10-2021 01:57:57.0923 AM
[ReportManager] Browser Action [CloseCurrentWindow] successfully performed. @23-10-2021 01:57:58.0019 AM
[ReportManager] Successfully created attachment [Browser Action Test Data - CloseCurrentWindow - Actual Value] @23-10-2021 01:57:58.0020 A
[ReportManager] File Action [GetAbsolutePath] successfully performed. With the following test data [Relative Folder Path: "target/downloadedFiles/"]. @23-10-2021 01:57:58.0022 AM
[ReportManager] Attempting to run remotely on: [Linux-64], [GoogleChrome], [http://localhost:4444/wd/hub], Headless Execution. @23-10-2021 01:57:58.0022 AM
[ReportManager] Successfully Opened [GoogleChrome]. @23-10-2021 01:57:58.0228 AM
[ReportManager] Target URL: [https://duckduckgo.com] @23-10-2021 01:57:58.0239 AM
[ReportManager] Initial URL: [data:,] @23-10-2021 01:57:58.0277 AM
[ReportManager] Browser Action [NavigateToURL] successfully performed. With the following test data [https://duckduckgo.com]. @23-10-2021 01:57:58.0770 A

################################################################################################################################################
Starting Execution:	[62 out of 143] test cases in the current suite
Test Method:		[unitTests.tests_browserActions.setWindowSize]
################################################################################################################################################
[ReportManager] Initial window size: (800, 600) @23-10-2021 01:57:58.0791 AM
[ReportManager] Window size after SWD: (1280, 720) @23-10-2021 01:57:59.0010 AM
[ReportManager] Browser Action [SetWindowSize] successfully performed. With the following test data [New screen size is now: (1280, 720)]. @23-10-2021 01:57:59.0010 A
[ReportManager] Target URL: [https://duckduckgo.com] @23-10-2021 01:57:59.0013 AM
[ReportManager] Initial URL: [https://duckduckgo.com] @23-10-2021 01:57:59.0092 AM
[ReportManager] Browser Action [NavigateToURL] successfully performed. With the following test data [https://duckduckgo.com]. @23-10-2021 01:57:59.0417 AM
[ReportManager] Browser Action [CloseCurrentWindow] successfully performed. @23-10-2021 01:57:59.0517 AM
[ReportManager] Successfully created attachment [Browser Action Test Data - CloseCurrentWindow - Actual Value] @23-10-2021 01:57:59.0517 A
[ReportManager] File Action [GetAbsolutePath] successfully performed. With the following test data [Relative Folder Path: "target/downloadedFiles/"]. @23-10-2021 01:57:59.0520 AM
[ReportManager] Attempting to run remotely on: [Linux-64], [GoogleChrome], [http://localhost:4444/wd/hub], Headless Execution. @23-10-2021 01:57:59.0520 AM
[ReportManager] Successfully Opened [GoogleChrome]. @23-10-2021 01:57:59.0723 A

################################################################################################################################################
Starting Execution:	[63 out of 143] test cases in the current suite
Test Method:		[unitTests.tests_element_elementActions.waitForElementToBePresent_false_expectedToFail]
################################################################################################################################################
[ReportManager] Target URL: [https://www.google.com/ncr], and after redirection: [www.google.com] @23-10-2021 01:57:59.0738 AM
[ReportManager] Initial URL: [data:,] @23-10-2021 01:57:59.0775 AM
[ReportManager] Browser Action [NavigateToURL] successfully performed. With the following test data [https://www.google.com/ncr]. @23-10-2021 01:58:00.0546 AM
[ReportManager] Waiting for element to be present; elementLocator [By.xpath: //*[@id='hplogo' or @alt='Google']], numberOfTries[1], stateOfPresence[false]... @23-10-2021 01:58:00.0553 AM
[ReportManager] Element Action [WaitForElementToBePresent] failed. With the following test data [waited for the element's state of presence to be (false). Element locator (By.xpath: //*[@id='hplogo' or @alt='Google'])]. @23-10-2021 01:58:00.0727 AM
[ReportManager] Successfully created attachment [Screenshot - 1634954280680_waitForElementToBePresent_false_expectedToFail_WaitForElementToBePresent_failed] @23-10-2021 01:58:00.0728 A
[ReportManager] Browser Action [CloseCurrentWindow] successfully performed. @23-10-2021 01:58:00.0848 AM
[ReportManager] Successfully created attachment [Browser Action Test Data - CloseCurrentWindow - Actual Value] @23-10-2021 01:58:00.0849 A
[ReportManager] File Action [GetAbsolutePath] successfully performed. With the following test data [Relative Folder Path: "target/downloadedFiles/"]. @23-10-2021 01:58:00.0851 AM
[ReportManager] Attempting to run remotely on: [Linux-64], [GoogleChrome], [http://localhost:4444/wd/hub], Headless Execution. @23-10-2021 01:58:00.0851 AM
[ReportManager] Successfully Opened [GoogleChrome]. @23-10-2021 01:58:01.0045 A

################################################################################################################################################
Starting Execution:	[64 out of 143] test cases in the current suite
Test Method:		[unitTests.tests_element_elementActions.waitForElementToBePresent_false_expectedToPass]
################################################################################################################################################
[ReportManager] Target URL: [https://www.google.com/ncr], and after redirection: [www.google.com] @23-10-2021 01:58:01.0066 AM
[ReportManager] Initial URL: [data:,] @23-10-2021 01:58:01.0106 AM
[ReportManager] Browser Action [NavigateToURL] successfully performed. With the following test data [https://www.google.com/ncr]. @23-10-2021 01:58:01.0841 AM
[ReportManager] Waiting for element to be present; elementLocator [By.id: bla], numberOfTries[1], stateOfPresence[false]... @23-10-2021 01:58:01.0841 AM
[ReportManager] Element Action [WaitForElementToBePresent] successfully performed. With the following test data [waited for the element's state of presence to be (false). Element locator (By.id: bla)]. @23-10-2021 01:58:06.0966 A
[ReportManager] Browser Action [CloseCurrentWindow] successfully performed. @23-10-2021 01:58:07.0085 AM
[ReportManager] Successfully created attachment [Browser Action Test Data - CloseCurrentWindow - Actual Value] @23-10-2021 01:58:07.0086 A
[ReportManager] File Action [GetAbsolutePath] successfully performed. With the following test data [Relative Folder Path: "target/downloadedFiles/"]. @23-10-2021 01:58:07.0088 AM
[ReportManager] Attempting to run remotely on: [Linux-64], [GoogleChrome], [http://localhost:4444/wd/hub], Headless Execution. @23-10-2021 01:58:07.0088 AM
[ReportManager] Successfully Opened [GoogleChrome]. @23-10-2021 01:58:07.0288 A

################################################################################################################################################
Starting Execution:	[65 out of 143] test cases in the current suite
Test Method:		[unitTests.tests_element_elementActions.waitForElementToBePresent_moreThanOneElement_expectedToFail]
################################################################################################################################################
[ReportManager] Target URL: [https://www.google.com/ncr], and after redirection: [www.google.com] @23-10-2021 01:58:07.0299 AM
[ReportManager] Initial URL: [data:,] @23-10-2021 01:58:07.0346 AM
[ReportManager] Browser Action [NavigateToURL] successfully performed. With the following test data [https://www.google.com/ncr]. @23-10-2021 01:58:08.0096 AM
[ReportManager] Waiting for element to be present; elementLocator [By.xpath: //*], numberOfTries[1], stateOfPresence[false]... @23-10-2021 01:58:08.0096 AM
[ReportManager] Element Action [WaitForElementToBePresent] failed. With the following test data [waited for the element's state of presence to be (false). Element locator (By.xpath: //*)]. @23-10-2021 01:58:08.0301 AM
[ReportManager] Successfully created attachment [Screenshot - 1634954288248_waitForElementToBePresent_moreThanOneElement_expectedToFail_WaitForElementToBePresent_failed] @23-10-2021 01:58:08.0302 A
[ReportManager] Browser Action [CloseCurrentWindow] successfully performed. @23-10-2021 01:58:08.0421 AM
[ReportManager] Successfully created attachment [Browser Action Test Data - CloseCurrentWindow - Actual Value] @23-10-2021 01:58:08.0422 A
[ReportManager] File Action [GetAbsolutePath] successfully performed. With the following test data [Relative Folder Path: "target/downloadedFiles/"]. @23-10-2021 01:58:08.0424 AM
[ReportManager] Attempting to run remotely on: [Linux-64], [GoogleChrome], [http://localhost:4444/wd/hub], Headless Execution. @23-10-2021 01:58:08.0424 AM
[ReportManager] Successfully Opened [GoogleChrome]. @23-10-2021 01:58:08.0660 A

################################################################################################################################################
Starting Execution:	[66 out of 143] test cases in the current suite
Test Method:		[unitTests.tests_element_elementActions.waitForElementToBePresent_true_expectedToFail]
################################################################################################################################################
[ReportManager] Target URL: [https://www.google.com/ncr], and after redirection: [www.google.com] @23-10-2021 01:58:08.0679 AM
[ReportManager] Initial URL: [data:,] @23-10-2021 01:58:08.0720 AM
[ReportManager] Browser Action [NavigateToURL] successfully performed. With the following test data [https://www.google.com/ncr]. @23-10-2021 01:58:09.0460 AM
[ReportManager] Waiting for element to be present; elementLocator [By.id: bla], numberOfTries[1], stateOfPresence[true]... @23-10-2021 01:58:09.0460 AM
[ReportManager] Element Action [WaitForElementToBePresent] failed. With the following test data [waited for the element's state of presence to be (true). Element locator (By.id: bla)]. @23-10-2021 01:58:14.0678 AM
[ReportManager] Successfully created attachment [Screenshot - 1634954294627_waitForElementToBePresent_true_expectedToFail_WaitForElementToBePresent_failed] @23-10-2021 01:58:14.0679 A
[ReportManager] Browser Action [CloseCurrentWindow] successfully performed. @23-10-2021 01:58:14.0805 AM
[ReportManager] Successfully created attachment [Browser Action Test Data - CloseCurrentWindow - Actual Value] @23-10-2021 01:58:14.0806 A
[ReportManager] File Action [GetAbsolutePath] successfully performed. With the following test data [Relative Folder Path: "target/downloadedFiles/"]. @23-10-2021 01:58:14.0808 AM
[ReportManager] Attempting to run remotely on: [Linux-64], [GoogleChrome], [http://localhost:4444/wd/hub], Headless Execution. @23-10-2021 01:58:14.0808 AM
[ReportManager] Successfully Opened [GoogleChrome]. @23-10-2021 01:58:14.0992 A

################################################################################################################################################
Starting Execution:	[67 out of 143] test cases in the current suite
Test Method:		[unitTests.tests_element_elementActions.waitForElementToBePresent_true_expectedToPass]
################################################################################################################################################
[ReportManager] Target URL: [https://www.google.com/ncr], and after redirection: [www.google.com] @23-10-2021 01:58:15.0007 AM
[ReportManager] Initial URL: [data:,] @23-10-2021 01:58:15.0044 AM
[ReportManager] Browser Action [NavigateToURL] successfully performed. With the following test data [https://www.google.com/ncr]. @23-10-2021 01:58:15.0789 AM
[ReportManager] Waiting for element to be present; elementLocator [By.xpath: //*[@id='hplogo' or @alt='Google']], numberOfTries[1], stateOfPresence[true]... @23-10-2021 01:58:15.0789 AM
[ReportManager] Element Action [WaitForElementToBePresent] successfully performed. With the following test data [waited for the element's state of presence to be (true). Element locator (By.xpath: //*[@id='hplogo' or @alt='Google'])]. @23-10-2021 01:58:15.0834 AM
[ReportManager] File Action [DoesFileExist] successfully performed. With the following test data [File Path: "src/test/resources/DynamicObjectRepository/unitTests_tests_element_elementActions_waitForElementToBePresent_true_expectedToPass_By_xpath_id_hplogo_or_alt_Google.png"]. @23-10-2021 01:58:15.0838 AM
[ReportManager] File Action [DoesFileExist] successfully performed. With the following test data [File Path: "src/test/resources/DynamicObjectRepository/unitTests_tests_element_elementActions_waitForElementToBePresent_true_expectedToPass_By_xpath_id_hplogo_or_alt_Google.png"]. @23-10-2021 01:58:15.0990 AM
[ReportManager] Passing the test and saving a reference image @23-10-2021 01:58:15.0990 AM
[ReportManager] File Action [GetAbsolutePath] successfully performed. With the following test data [Relative File Path: "src/test/resources/DynamicObjectRepository/unitTests_tests_element_elementActions_waitForElementToBePresent_true_expectedToPass_By_xpath_id_hplogo_or_alt_Google.png"]. @23-10-2021 01:58:15.0991 AM
[ReportManager] File Action [WriteToFile] successfully performed. With the following test data [Target File Path: "/home/runner/work/SHAFT_ENGINE/SHAFT_ENGINE/src/test/resources/DynamicObjectRepository/unitTests_tests_element_elementActions_waitForElementToBePresent_true_expectedToPass_By_xpath_id_hplogo_or_alt_Google.png"]. @23-10-2021 01:58:15.0992 AM
[ReportManager] Assertion Passed: Using Visual AI; OpenCV @23-10-2021 01:58:15.0992 AM
[ReportManager] Successfully created attachment [Validation Test Data - Actual Screenshot] @23-10-2021 01:58:15.0992 AM
[ReportManager] Assertion [ValidateElementMatches] PASSED. Expected [Element should match the reference screenshot] and Actual [TRUE]. Comparison Type [EXACT_OPENCV]. Validation Type [POSITIVE]. @23-10-2021 01:58:15.0992 A
[ReportManager] Browser Action [CloseCurrentWindow] successfully performed. @23-10-2021 01:58:16.0111 AM
[ReportManager] Successfully created attachment [Browser Action Test Data - CloseCurrentWindow - Actual Value] @23-10-2021 01:58:16.0111 A
[ReportManager] Successfully loaded the following test data file [src/test/resources/TestDataFiles/testSuite01/TestData.xlsx]. @23-10-2021 01:58:16.0871 AM
[ReportManager] Successfully created attachment [Test Data - Excel] @23-10-2021 01:58:16.0871 A

################################################################################################################################################
Starting Execution:	[68 out of 143] test cases in the current suite
Test Method:		[unitTests.tests_io_excelFileManager.getCellData_rowName_expectedToPass]
################################################################################################################################################
[ReportManager] testRowData. @23-10-2021 01:58:16.0886 A

################################################################################################################################################
Starting Execution:	[69 out of 143] test cases in the current suite
Test Method:		[testPackage01.Test_testData.f]
################################################################################################################################################
[ReportManager] Successfully loaded the following test data file [src/test/resources/TestDataFiles/testSuite01/TestData.xlsx]. @23-10-2021 01:58:16.0935 AM
[ReportManager] Successfully created attachment [Test Data - Excel] @23-10-2021 01:58:16.0937 AM
[ReportManager] Last Column Number is: [3]. Zero-based. @23-10-2021 01:58:16.0938 A

################################################################################################################################################
Starting Execution:	[70 out of 143] test cases in the current suite
Test Method:		[testPackage01.Test_SkipDueToIssue.doNotSkip]
################################################################################################################################################
[ReportManager] This should not be skipped. @23-10-2021 01:58:16.0945 A

################################################################################################################################################
Starting Execution:	[71 out of 143] test cases in the current suite
Test Method:		[testPackage01.Test_SkipDueToIssue.skip]
################################################################################################################################################
[ReportManager] This should be skipped. @23-10-2021 01:58:16.0949 A

################################################################################################################################################
Starting Execution:	[72 out of 143] test cases in the current suite
Test Method:		[testPackage01.Test_SkipDueToIssue.skip2]
################################################################################################################################################
[ReportManager] This should be skipped. @23-10-2021 01:58:16.0955 A

################################################################################################################################################
Starting Execution:	[73 out of 143] test cases in the current suite
Test Method:		[testPackage01.Test_chainableElementActions.chainElementActions]
################################################################################################################################################
[ReportManager] File Action [GetAbsolutePath] successfully performed. With the following test data [Relative Folder Path: "target/downloadedFiles/"]. @23-10-2021 01:58:16.0958 AM
[ReportManager] Attempting to run remotely on: [Linux-64], [GoogleChrome], [http://localhost:4444/wd/hub], Headless Execution. @23-10-2021 01:58:16.0958 AM
[ReportManager] Successfully Opened [GoogleChrome]. @23-10-2021 01:58:17.0184 AM
[ReportManager] Target URL: [https://www.google.com/ncr], and after redirection: [https://www.google.com] @23-10-2021 01:58:17.0199 AM
[ReportManager] Initial URL: [data:,] @23-10-2021 01:58:17.0250 AM
[ReportManager] Browser Action [NavigateToURL] successfully performed. With the following test data [https://www.google.com/ncr]. @23-10-2021 01:58:18.0033 AM
[ReportManager] Element Action [Type] successfully performed. With the following test data [chained type 1]. @23-10-2021 01:58:18.0357 AM
[ReportManager] Element Action [Type] successfully performed. With the following test data [chained type 2]. @23-10-2021 01:58:18.0680 AM
[ReportManager] Element Action [TypeAppend] successfully performed. With the following test data [345]. @23-10-2021 01:58:18.0783 AM
[ReportManager] Element Action [GetText] successfully performed. With the following test data [chained type 2345]. @23-10-2021 01:58:18.0882 AM
[ReportManager] Loaded Shared OpenCV @23-10-2021 01:58:18.0997 AM
[ReportManager] Assertion [ValidateElementAttribute] PASSED. Expected [Value Should be 'chained type 2345' for the 'text' attribute, element locator 'By.name: q'] and Actual [chained type 2345]. Comparison Type [EQUALS]. Validation Type [POSITIVE]. @23-10-2021 01:58:19.0062 AM
[ReportManager] Successfully created attachment [Screenshot - 1634954298997_chainElementActions_ValidateElementAttribute_passed] @23-10-2021 01:58:19.0062 AM
[ReportManager] Browser Action [CloseCurrentWindow] successfully performed. @23-10-2021 01:58:19.0174 AM
[ReportManager] Successfully created attachment [Browser Action Test Data - CloseCurrentWindow - Actual Value] @23-10-2021 01:58:19.0175 A

################################################################################################################################################
Starting Execution:	[74 out of 143] test cases in the current suite
Test Method:		[testPackage01.Test_NewValidationHelper.f1]
################################################################################################################################################
[ReportManager] Assertion Passed: Checking valid user data @23-10-2021 01:58:19.0181 AM
[ReportManager] Successfully created attachment [Validation Test Data - Expected Value] @23-10-2021 01:58:19.0181 AM
[ReportManager] Successfully created attachment [Validation Test Data - Actual Value] @23-10-2021 01:58:19.0182 AM
[ReportManager] Assertion [ValidateEquals] PASSED. Expected and Actual values are attached. Comparison Type [EQUALS]. Validation Type [POSITIVE]. @23-10-2021 01:58:19.0182 A
[ReportManager] File Action [GetAbsolutePath] successfully performed. With the following test data [Relative Folder Path: "target/downloadedFiles/"]. @23-10-2021 01:58:19.0184 AM
[ReportManager] Attempting to run remotely on: [Linux-64], [GoogleChrome], [http://localhost:4444/wd/hub], Headless Execution. @23-10-2021 01:58:19.0184 AM
[ReportManager] Successfully Opened [GoogleChrome]. @23-10-2021 01:58:19.0375 AM
[ReportManager] Target URL: [https://the-internet.herokuapp.com/] @23-10-2021 01:58:19.0385 AM
[ReportManager] Initial URL: [data:,] @23-10-2021 01:58:19.0422 AM
[ReportManager] Browser Action [NavigateToURL] successfully performed. With the following test data [https://the-internet.herokuapp.com/]. @23-10-2021 01:58:19.0818 A

################################################################################################################################################
Starting Execution:	[75 out of 143] test cases in the current suite
Test Method:		[testPackage01.Test_NewValidationHelper.f10]
################################################################################################################################################
[ReportManager] Assertion [ValidateElementExists] FAILED. Expected [Element Should Exist, locator 'By.tagName: div'] and Actual [Element Exists but is not unique]. Comparison Type [EQUALS]. Validation Type [POSITIVE]. @23-10-2021 01:58:20.0063 AM
[ReportManager] Successfully created attachment [Screenshot - 1634954300007_f10_ValidateElementExists_failed] @23-10-2021 01:58:20.0064 A
[ReportManager] Successfully Closed All Drivers. @23-10-2021 01:58:20.0147 A
[ReportManager] File Action [GetAbsolutePath] successfully performed. With the following test data [Relative Folder Path: "target/downloadedFiles/"]. @23-10-2021 01:58:20.0149 AM
[ReportManager] Attempting to run remotely on: [Linux-64], [GoogleChrome], [http://localhost:4444/wd/hub], Headless Execution. @23-10-2021 01:58:20.0149 AM
[ReportManager] Successfully Opened [GoogleChrome]. @23-10-2021 01:58:20.0356 AM
[ReportManager] Target URL: [https://the-internet.herokuapp.com/] @23-10-2021 01:58:20.0367 AM
[ReportManager] Initial URL: [data:,] @23-10-2021 01:58:20.0421 AM
[ReportManager] Browser Action [NavigateToURL] successfully performed. With the following test data [https://the-internet.herokuapp.com/]. @23-10-2021 01:58:20.0790 A

################################################################################################################################################
Starting Execution:	[76 out of 143] test cases in the current suite
Test Method:		[testPackage01.Test_NewValidationHelper.f11]
################################################################################################################################################
[ReportManager] Assertion Passed: Checking that false tag doesn't exist @23-10-2021 01:58:31.0166 AM
[ReportManager] Successfully created attachment [Screenshot - 1634954311111_f11_ValidateElementExists_passed] @23-10-2021 01:58:31.0167 AM
[ReportManager] Assertion [ValidateElementExists] PASSED. Expected [Element Should not Exist, locator 'By.tagName: h3'] and Actual [Element Doesn't Exists]. Comparison Type [EQUALS]. Validation Type [NEGATIVE]. @23-10-2021 01:58:31.0167 A
[ReportManager] Successfully Closed All Drivers. @23-10-2021 01:58:31.0242 A
[ReportManager] File Action [GetAbsolutePath] successfully performed. With the following test data [Relative Folder Path: "target/downloadedFiles/"]. @23-10-2021 01:58:31.0245 AM
[ReportManager] Attempting to run remotely on: [Linux-64], [GoogleChrome], [http://localhost:4444/wd/hub], Headless Execution. @23-10-2021 01:58:31.0245 AM
[ReportManager] Successfully Opened [GoogleChrome]. @23-10-2021 01:58:31.0462 AM
[ReportManager] Target URL: [https://the-internet.herokuapp.com/] @23-10-2021 01:58:31.0473 AM
[ReportManager] Initial URL: [data:,] @23-10-2021 01:58:31.0511 AM
[ReportManager] Browser Action [NavigateToURL] successfully performed. With the following test data [https://the-internet.herokuapp.com/]. @23-10-2021 01:58:32.0037 A

################################################################################################################################################
Starting Execution:	[77 out of 143] test cases in the current suite
Test Method:		[testPackage01.Test_NewValidationHelper.f12]
################################################################################################################################################
[ReportManager] Loaded Shared OpenCV @23-10-2021 01:58:32.0225 AM
[ReportManager] Assertion [ValidateElementExists] FAILED. Expected [Element Should not Exist, locator 'By.tagName: h1'] and Actual [Element Exists]. Comparison Type [EQUALS]. Validation Type [NEGATIVE]. @23-10-2021 01:58:32.0293 AM
[ReportManager] Successfully created attachment [Screenshot - 1634954312225_f12_ValidateElementExists_failed] @23-10-2021 01:58:32.0295 A
[ReportManager] Successfully Closed All Drivers. @23-10-2021 01:58:32.0366 A
[ReportManager] File Action [GetAbsolutePath] successfully performed. With the following test data [Relative Folder Path: "target/downloadedFiles/"]. @23-10-2021 01:58:32.0377 AM
[ReportManager] Attempting to run remotely on: [Linux-64], [GoogleChrome], [http://localhost:4444/wd/hub], Headless Execution. @23-10-2021 01:58:32.0378 AM
[ReportManager] Successfully Opened [GoogleChrome]. @23-10-2021 01:58:32.0564 AM
[ReportManager] Target URL: [https://the-internet.herokuapp.com/] @23-10-2021 01:58:32.0574 AM
[ReportManager] Initial URL: [data:,] @23-10-2021 01:58:32.0612 AM
[ReportManager] Browser Action [NavigateToURL] successfully performed. With the following test data [https://the-internet.herokuapp.com/]. @23-10-2021 01:58:32.0925 A

################################################################################################################################################
Starting Execution:	[78 out of 143] test cases in the current suite
Test Method:		[testPackage01.Test_NewValidationHelper.f13]
################################################################################################################################################
[ReportManager] Assertion [ValidateElementExists] FAILED. Expected [Element Should not Exist, locator 'By.tagName: div'] and Actual [Element Exists but is not unique]. Comparison Type [EQUALS]. Validation Type [NEGATIVE]. @23-10-2021 01:58:33.0167 AM
[ReportManager] Successfully created attachment [Screenshot - 1634954313110_f13_ValidateElementExists_failed] @23-10-2021 01:58:33.0167 A
[ReportManager] Successfully Closed All Drivers. @23-10-2021 01:58:33.0241 A
[ReportManager] File Action [GetAbsolutePath] successfully performed. With the following test data [Relative Folder Path: "target/downloadedFiles/"]. @23-10-2021 01:58:33.0244 AM
[ReportManager] Attempting to run remotely on: [Linux-64], [GoogleChrome], [http://localhost:4444/wd/hub], Headless Execution. @23-10-2021 01:58:33.0245 AM
[ReportManager] Successfully Opened [GoogleChrome]. @23-10-2021 01:58:33.0449 AM
[ReportManager] Target URL: [https://the-internet.herokuapp.com/] @23-10-2021 01:58:33.0458 AM
[ReportManager] Initial URL: [data:,] @23-10-2021 01:58:33.0502 AM
[ReportManager] Browser Action [NavigateToURL] successfully performed. With the following test data [https://the-internet.herokuapp.com/]. @23-10-2021 01:58:33.0891 A

################################################################################################################################################
Starting Execution:	[79 out of 143] test cases in the current suite
Test Method:		[testPackage01.Test_NewValidationHelper.f14]
################################################################################################################################################
[ReportManager] Element Action [GetText] successfully performed. With the following test data [Welcome to the-internet]. @23-10-2021 01:58:33.0980 AM
[ReportManager] Loaded Shared OpenCV @23-10-2021 01:58:34.0106 AM
[ReportManager] Assertion Passed: Asserting that the header text is correct @23-10-2021 01:58:34.0171 AM
[ReportManager] Successfully created attachment [Screenshot - 1634954314106_f14_ValidateElementAttribute_passed] @23-10-2021 01:58:34.0172 AM
[ReportManager] Assertion [ValidateElementAttribute] PASSED. Expected [Value Should be 'Welcome to the-internet' for the 'text' attribute, element locator 'By.tagName: h1'] and Actual [Welcome to the-internet]. Comparison Type [EQUALS]. Validation Type [POSITIVE]. @23-10-2021 01:58:34.0172 A
[ReportManager] Successfully Closed All Drivers. @23-10-2021 01:58:34.0245 A
[ReportManager] File Action [GetAbsolutePath] successfully performed. With the following test data [Relative Folder Path: "target/downloadedFiles/"]. @23-10-2021 01:58:34.0247 AM
[ReportManager] Attempting to run remotely on: [Linux-64], [GoogleChrome], [http://localhost:4444/wd/hub], Headless Execution. @23-10-2021 01:58:34.0247 AM
[ReportManager] Successfully Opened [GoogleChrome]. @23-10-2021 01:58:34.0444 AM
[ReportManager] Target URL: [https://the-internet.herokuapp.com/] @23-10-2021 01:58:34.0462 AM
[ReportManager] Initial URL: [data:,] @23-10-2021 01:58:34.0497 AM
[ReportManager] Browser Action [NavigateToURL] successfully performed. With the following test data [https://the-internet.herokuapp.com/]. @23-10-2021 01:58:34.0902 A

################################################################################################################################################
Starting Execution:	[80 out of 143] test cases in the current suite
Test Method:		[testPackage01.Test_NewValidationHelper.f15]
################################################################################################################################################
[ReportManager] Element Action [GetText] successfully performed. With the following test data [Welcome to the-internet]. @23-10-2021 01:58:34.0999 AM
[ReportManager] Loaded Shared OpenCV @23-10-2021 01:58:35.0182 AM
[ReportManager] Assertion [ValidateElementAttribute] FAILED. Expected [Value Should not be 'Welcome' for the 'text' attribute, element locator 'By.tagName: h1'] and Actual [Welcome to the-internet]. Comparison Type [CONTAINS]. Validation Type [NEGATIVE]. @23-10-2021 01:58:35.0249 AM
[ReportManager] Successfully created attachment [Screenshot - 1634954315182_f15_ValidateElementAttribute_failed] @23-10-2021 01:58:35.0251 A
[ReportManager] Successfully Closed All Drivers. @23-10-2021 01:58:35.0329 A
[ReportManager] File Action [GetAbsolutePath] successfully performed. With the following test data [Relative Folder Path: "target/downloadedFiles/"]. @23-10-2021 01:58:35.0331 AM
[ReportManager] Attempting to run remotely on: [Linux-64], [GoogleChrome], [http://localhost:4444/wd/hub], Headless Execution. @23-10-2021 01:58:35.0332 AM
[ReportManager] Successfully Opened [GoogleChrome]. @23-10-2021 01:58:35.0532 AM
[ReportManager] Target URL: [https://the-internet.herokuapp.com/] @23-10-2021 01:58:35.0549 AM
[ReportManager] Initial URL: [data:,] @23-10-2021 01:58:35.0584 AM
[ReportManager] Browser Action [NavigateToURL] successfully performed. With the following test data [https://the-internet.herokuapp.com/]. @23-10-2021 01:58:35.0894 A

################################################################################################################################################
Starting Execution:	[81 out of 143] test cases in the current suite
Test Method:		[testPackage01.Test_NewValidationHelper.f16]
################################################################################################################################################
[ReportManager] Element Action [IdentifyUniqueElement] failed. With the following test data [zero elements found matching this locator "By.tagName: h3".]. @23-10-2021 01:59:01.0412 AM
[ReportManager] Successfully created attachment [Screenshot - 1634954341358_f16_IdentifyUniqueElement_failed] @23-10-2021 01:59:01.0414 AM
[ReportManager] Assertion [ValidateElementAttribute] FAILED. Expected [Value Should not be 'Welcome' for the 'text' attribute, element locator 'By.tagName: h3'] and Actual [Failed to read the desired element attribute]. Comparison Type [CONTAINS]. Validation Type [NEGATIVE]. @23-10-2021 01:59:01.0414 A
[ReportManager] Successfully Closed All Drivers. @23-10-2021 01:59:01.0489 A
[ReportManager] File Action [GetAbsolutePath] successfully performed. With the following test data [Relative Folder Path: "target/downloadedFiles/"]. @23-10-2021 01:59:01.0491 AM
[ReportManager] Attempting to run remotely on: [Linux-64], [GoogleChrome], [http://localhost:4444/wd/hub], Headless Execution. @23-10-2021 01:59:01.0491 AM
[ReportManager] Successfully Opened [GoogleChrome]. @23-10-2021 01:59:01.0688 AM
[ReportManager] Target URL: [https://the-internet.herokuapp.com/] @23-10-2021 01:59:01.0700 AM
[ReportManager] Initial URL: [data:,] @23-10-2021 01:59:01.0741 AM
[ReportManager] Browser Action [NavigateToURL] successfully performed. With the following test data [https://the-internet.herokuapp.com/]. @23-10-2021 01:59:02.0086 A

################################################################################################################################################
Starting Execution:	[82 out of 143] test cases in the current suite
Test Method:		[testPackage01.Test_NewValidationHelper.f17]
################################################################################################################################################
[ReportManager] Attempting to getAttribute [text2] from elementLocator [By.tagName: h1]. @23-10-2021 01:59:02.0088 AM
[ReportManager] Element Action [GetAttribute] successfully performed. @23-10-2021 01:59:02.0163 AM
[ReportManager] Loaded Shared OpenCV @23-10-2021 01:59:02.0307 AM
[ReportManager] Assertion [ValidateElementAttribute] PASSED. Expected [Value Should not be 'Welcome' for the 'text2' attribute, element locator 'By.tagName: h1'] and Actual [null]. Comparison Type [CONTAINS]. Validation Type [NEGATIVE]. @23-10-2021 01:59:02.0375 AM
[ReportManager] Successfully created attachment [Screenshot - 1634954342307_f17_ValidateElementAttribute_passed] @23-10-2021 01:59:02.0377 A
[ReportManager] Successfully Closed All Drivers. @23-10-2021 01:59:02.0451 A
[ReportManager] File Action [GetAbsolutePath] successfully performed. With the following test data [Relative Folder Path: "target/downloadedFiles/"]. @23-10-2021 01:59:02.0455 AM
[ReportManager] Attempting to run remotely on: [Linux-64], [GoogleChrome], [http://localhost:4444/wd/hub], Headless Execution. @23-10-2021 01:59:02.0455 AM
[ReportManager] Successfully Opened [GoogleChrome]. @23-10-2021 01:59:02.0660 AM
[ReportManager] Target URL: [https://the-internet.herokuapp.com/] @23-10-2021 01:59:02.0679 AM
[ReportManager] Initial URL: [data:,] @23-10-2021 01:59:02.0724 AM
[ReportManager] Browser Action [NavigateToURL] successfully performed. With the following test data [https://the-internet.herokuapp.com/]. @23-10-2021 01:59:03.0103 A

################################################################################################################################################
Starting Execution:	[83 out of 143] test cases in the current suite
Test Method:		[testPackage01.Test_NewValidationHelper.f18]
################################################################################################################################################
[ReportManager] Element Action [GetText] successfully performed. With the following test data [Welcome to the-internet]. @23-10-2021 01:59:03.0186 AM
[ReportManager] Loaded Shared OpenCV @23-10-2021 01:59:03.0320 AM
[ReportManager] Assertion [ValidateElementAttribute] PASSED. Expected [Value Should not be 'no' for the 'text' attribute, element locator 'By.tagName: h1'] and Actual [Welcome to the-internet]. Comparison Type [CONTAINS]. Validation Type [NEGATIVE]. @23-10-2021 01:59:03.0393 AM
[ReportManager] Successfully created attachment [Screenshot - 1634954343320_f18_ValidateElementAttribute_passed] @23-10-2021 01:59:03.0394 A
[ReportManager] Successfully Closed All Drivers. @23-10-2021 01:59:03.0473 A

################################################################################################################################################
Starting Execution:	[84 out of 143] test cases in the current suite
Test Method:		[testPackage01.Test_NewValidationHelper.f2]
################################################################################################################################################
[ReportManager] Assertion Failed: Checking valid user data @23-10-2021 01:59:03.0479 AM
[ReportManager] Assertion [ValidateEquals] FAILED. Expected [1] and Actual [2]. Comparison Type [EQUALS]. Validation Type [POSITIVE]. @23-10-2021 01:59:03.0479 A
[ReportManager] File Action [GetAbsolutePath] successfully performed. With the following test data [Relative Folder Path: "target/downloadedFiles/"]. @23-10-2021 01:59:03.0482 AM
[ReportManager] Attempting to run remotely on: [Linux-64], [GoogleChrome], [http://localhost:4444/wd/hub], Headless Execution. @23-10-2021 01:59:03.0482 AM
[ReportManager] Successfully Opened [GoogleChrome]. @23-10-2021 01:59:03.0660 AM
[ReportManager] Target URL: [https://the-internet.herokuapp.com/] @23-10-2021 01:59:03.0671 AM
[ReportManager] Initial URL: [data:,] @23-10-2021 01:59:03.0713 AM
[ReportManager] Browser Action [NavigateToURL] successfully performed. With the following test data [https://the-internet.herokuapp.com/]. @23-10-2021 01:59:04.0044 A

################################################################################################################################################
Starting Execution:	[85 out of 143] test cases in the current suite
Test Method:		[testPackage01.Test_NewValidationHelper.f20]
################################################################################################################################################
[ReportManager] Element Action [GetSize] successfully performed. With the following test data [(755, 61)]. @23-10-2021 01:59:04.0119 AM
[ReportManager] Loaded Shared OpenCV @23-10-2021 01:59:04.0254 AM
[ReportManager] Assertion [ValidateElementAttribute] PASSED. Expected [Value Should not be 'a' for the 'size' attribute, element locator 'By.tagName: h1'] and Actual [(755, 61)]. Comparison Type [CONTAINS]. Validation Type [NEGATIVE]. @23-10-2021 01:59:04.0318 AM
[ReportManager] Successfully created attachment [Screenshot - 1634954344254_f20_ValidateElementAttribute_passed] @23-10-2021 01:59:04.0319 A
[ReportManager] Successfully Closed All Drivers. @23-10-2021 01:59:04.0395 A
[ReportManager] File Action [GetAbsolutePath] successfully performed. With the following test data [Relative Folder Path: "target/downloadedFiles/"]. @23-10-2021 01:59:04.0398 AM
[ReportManager] Attempting to run remotely on: [Linux-64], [GoogleChrome], [http://localhost:4444/wd/hub], Headless Execution. @23-10-2021 01:59:04.0398 AM
[ReportManager] Successfully Opened [GoogleChrome]. @23-10-2021 01:59:04.0591 AM
[ReportManager] Target URL: [https://the-internet.herokuapp.com/] @23-10-2021 01:59:04.0601 AM
[ReportManager] Initial URL: [data:,] @23-10-2021 01:59:04.0657 AM
[ReportManager] Browser Action [NavigateToURL] successfully performed. With the following test data [https://the-internet.herokuapp.com/]. @23-10-2021 01:59:04.0994 A

################################################################################################################################################
Starting Execution:	[86 out of 143] test cases in the current suite
Test Method:		[testPackage01.Test_NewValidationHelper.f21]
################################################################################################################################################
[ReportManager] Element Action [IdentifyUniqueElement] failed. With the following test data [zero elements found matching this locator "By.tagName: h3".]. @23-10-2021 01:59:30.0578 AM
[ReportManager] Successfully created attachment [Screenshot - 1634954370505_f21_IdentifyUniqueElement_failed] @23-10-2021 01:59:30.0579 AM
[ReportManager] Assertion [ValidateElementAttribute] FAILED. Expected [Value Should be 'Welcome' for the 'text' attribute, element locator 'By.tagName: h3'] and Actual [Failed to read the desired element attribute]. Comparison Type [CONTAINS]. Validation Type [POSITIVE]. @23-10-2021 01:59:30.0579 A
[ReportManager] Successfully Closed All Drivers. @23-10-2021 01:59:30.0662 A
[ReportManager] File Action [GetAbsolutePath] successfully performed. With the following test data [Relative Folder Path: "target/downloadedFiles/"]. @23-10-2021 01:59:30.0667 AM
[ReportManager] Attempting to run remotely on: [Linux-64], [GoogleChrome], [http://localhost:4444/wd/hub], Headless Execution. @23-10-2021 01:59:30.0667 AM
[ReportManager] Successfully Opened [GoogleChrome]. @23-10-2021 01:59:30.0867 AM
[ReportManager] Target URL: [https://the-internet.herokuapp.com/] @23-10-2021 01:59:30.0888 AM
[ReportManager] Initial URL: [data:,] @23-10-2021 01:59:30.0932 AM
[ReportManager] Browser Action [NavigateToURL] successfully performed. With the following test data [https://the-internet.herokuapp.com/]. @23-10-2021 01:59:31.0303 A

################################################################################################################################################
Starting Execution:	[87 out of 143] test cases in the current suite
Test Method:		[testPackage01.Test_NewValidationHelper.f22]
################################################################################################################################################
[ReportManager] Element Action [GetText] successfully performed. With the following test data [Welcome to the-internet]. @23-10-2021 01:59:31.0407 AM
[ReportManager] Loaded Shared OpenCV @23-10-2021 01:59:31.0577 AM
[ReportManager] Assertion [ValidateElementAttribute] FAILED. Expected [Value Should be 'yyy' for the 'text' attribute, element locator 'By.tagName: h1'] and Actual [Welcome to the-internet]. Comparison Type [CONTAINS]. Validation Type [POSITIVE]. @23-10-2021 01:59:31.0656 AM
[ReportManager] Successfully created attachment [Screenshot - 1634954371577_f22_ValidateElementAttribute_failed] @23-10-2021 01:59:31.0657 A
[ReportManager] Successfully Closed All Drivers. @23-10-2021 01:59:31.0735 A

################################################################################################################################################
Starting Execution:	[88 out of 143] test cases in the current suite
Test Method:		[testPackage01.Test_NewValidationHelper.f23]
################################################################################################################################################
[ReportManager] Assertion Passed: confirming that the actual is greater than or equal to the expected @23-10-2021 01:59:31.0739 AM
[ReportManager] Assertion [ValidateComparativeRelation] PASSED. Expected [1] and Actual [1]. Comparison Type [GREATER_THAN_OR_EQUALS]. Validation Type [POSITIVE]. @23-10-2021 01:59:31.0739 A

################################################################################################################################################
Starting Execution:	[89 out of 143] test cases in the current suite
Test Method:		[testPackage01.Test_NewValidationHelper.f24]
################################################################################################################################################
[ReportManager] Assertion [ValidateComparativeRelation] PASSED. Expected [1] and Actual [10]. Comparison Type [GREATER_THAN_OR_EQUALS]. Validation Type [POSITIVE]. @23-10-2021 01:59:31.0743 A

################################################################################################################################################
Starting Execution:	[90 out of 143] test cases in the current suite
Test Method:		[testPackage01.Test_NewValidationHelper.f25]
################################################################################################################################################
[ReportManager] Assertion [ValidateComparativeRelation] PASSED. Expected [1] and Actual [1]. Comparison Type [EQUALS]. Validation Type [POSITIVE]. @23-10-2021 01:59:31.0747 A

################################################################################################################################################
Starting Execution:	[91 out of 143] test cases in the current suite
Test Method:		[testPackage01.Test_NewValidationHelper.f26]
################################################################################################################################################
[ReportManager] Assertion [ValidateComparativeRelation] PASSED. Expected [1] and Actual [5]. Comparison Type [GREATER_THAN]. Validation Type [POSITIVE]. @23-10-2021 01:59:31.0756 A

################################################################################################################################################
Starting Execution:	[92 out of 143] test cases in the current suite
Test Method:		[testPackage01.Test_NewValidationHelper.f27]
################################################################################################################################################
[ReportManager] Assertion [ValidateComparativeRelation] PASSED. Expected [11] and Actual [5]. Comparison Type [LESS_THAN]. Validation Type [POSITIVE]. @23-10-2021 01:59:31.0760 A

################################################################################################################################################
Starting Execution:	[93 out of 143] test cases in the current suite
Test Method:		[testPackage01.Test_NewValidationHelper.f28]
################################################################################################################################################
[ReportManager] Assertion [ValidateComparativeRelation] PASSED. Expected [11] and Actual [5]. Comparison Type [LESS_THAN_OR_EQUALS]. Validation Type [POSITIVE]. @23-10-2021 01:59:31.0765 A

################################################################################################################################################
Starting Execution:	[94 out of 143] test cases in the current suite
Test Method:		[testPackage01.Test_NewValidationHelper.f29]
################################################################################################################################################
[ReportManager] Assertion [ValidateComparativeRelation] PASSED. Expected [11] and Actual [11]. Comparison Type [LESS_THAN_OR_EQUALS]. Validation Type [POSITIVE]. @23-10-2021 01:59:31.0768 A

################################################################################################################################################
Starting Execution:	[95 out of 143] test cases in the current suite
Test Method:		[testPackage01.Test_NewValidationHelper.f3]
################################################################################################################################################
[ReportManager] Assertion [ValidateEquals] PASSED. Expected [1] and Actual [2]. Comparison Type [EQUALS]. Validation Type [NEGATIVE]. @23-10-2021 01:59:31.0773 A

################################################################################################################################################
Starting Execution:	[96 out of 143] test cases in the current suite
Test Method:		[testPackage01.Test_NewValidationHelper.f30]
################################################################################################################################################
[ReportManager] Assertion [ValidateComparativeRelation] FAILED. Expected [-9] and Actual [11]. Comparison Type [LESS_THAN_OR_EQUALS]. Validation Type [POSITIVE]. @23-10-2021 01:59:31.0776 A

################################################################################################################################################
Starting Execution:	[97 out of 143] test cases in the current suite
Test Method:		[testPackage01.Test_NewValidationHelper.f31]
################################################################################################################################################
[ReportManager] Assertion [ValidateTrue] PASSED. Expected [TRUE] and Actual [TRUE]. Validation Type [POSITIVE]. @23-10-2021 01:59:31.0780 A

################################################################################################################################################
Starting Execution:	[98 out of 143] test cases in the current suite
Test Method:		[testPackage01.Test_NewValidationHelper.f32]
################################################################################################################################################
[ReportManager] Assertion [ValidateTrue] PASSED. Expected [FALSE] and Actual [FALSE]. Validation Type [NEGATIVE]. @23-10-2021 01:59:31.0784 A

################################################################################################################################################
Starting Execution:	[99 out of 143] test cases in the current suite
Test Method:		[testPackage01.Test_NewValidationHelper.f33]
################################################################################################################################################
[ReportManager] Assertion [ValidateTrue] FAILED. Expected [FALSE] and Actual [TRUE]. Validation Type [NEGATIVE]. @23-10-2021 01:59:31.0787 A

################################################################################################################################################
Starting Execution:	[100 out of 143] test cases in the current suite
Test Method:		[testPackage01.Test_NewValidationHelper.f34]
################################################################################################################################################
[ReportManager] Assertion [ValidateTrue] FAILED. Expected [TRUE] and Actual [FALSE]. Validation Type [POSITIVE]. @23-10-2021 01:59:31.0791 A

################################################################################################################################################
Starting Execution:	[101 out of 143] test cases in the current suite
Test Method:		[testPackage01.Test_NewValidationHelper.f35]
################################################################################################################################################
[ReportManager] File Action [DoesFileExist] successfully performed. With the following test data [File Path: "pom.xml"]. @23-10-2021 01:59:31.0796 AM
[ReportManager] Assertion [ValidateFileExists] PASSED. Expected [File 'pom.xml' should exist, after up to '1' retries] and Actual [File exists]. Validation Type [POSITIVE]. @23-10-2021 01:59:31.0796 A

################################################################################################################################################
Starting Execution:	[102 out of 143] test cases in the current suite
Test Method:		[testPackage01.Test_NewValidationHelper.f36]
################################################################################################################################################
[ReportManager] File Action [DoesFileExist] successfully performed. With the following test data [File Path: "src/test/java/testPackage01/Test_NewValidationHelper.java"]. @23-10-2021 01:59:31.0798 AM
[ReportManager] Assertion [ValidateFileExists] PASSED. Expected [File 'src/test/java/testPackage01/Test_NewValidationHelper.java' should exist, after up to '1' retries] and Actual [File exists]. Validation Type [POSITIVE]. @23-10-2021 01:59:31.0799 A

################################################################################################################################################
Starting Execution:	[103 out of 143] test cases in the current suite
Test Method:		[testPackage01.Test_NewValidationHelper.f37]
################################################################################################################################################
[ReportManager] File Action [DoesFileExist] successfully performed. With the following test data [File Path: "pom.xml"]. @23-10-2021 01:59:31.0801 AM
[ReportManager] Assertion Failed: confirming that the file does't exist after 5 retries @23-10-2021 01:59:31.0801 AM
[ReportManager] Assertion [ValidateFileExists] FAILED. Expected [File 'pom.xml' should not exist, after up to '5' retries] and Actual [File exists]. Validation Type [NEGATIVE]. @23-10-2021 01:59:31.0801 A

################################################################################################################################################
Starting Execution:	[104 out of 143] test cases in the current suite
Test Method:		[testPackage01.Test_NewValidationHelper.f3_1]
################################################################################################################################################
[ReportManager] Assertion Passed: Checking valid user data @23-10-2021 01:59:31.0804 AM
[ReportManager] Assertion [ValidateEquals] PASSED. Expected [null] and Actual [null]. Comparison Type [EQUALS]. Validation Type [POSITIVE]. @23-10-2021 01:59:31.0804 A

################################################################################################################################################
Starting Execution:	[105 out of 143] test cases in the current suite
Test Method:		[testPackage01.Test_NewValidationHelper.f4]
################################################################################################################################################
[ReportManager] Assertion [ValidateEquals] PASSED. Expected [1] and Actual [123]. Comparison Type [CONTAINS]. Validation Type [POSITIVE]. @23-10-2021 01:59:31.0806 A

################################################################################################################################################
Starting Execution:	[106 out of 143] test cases in the current suite
Test Method:		[testPackage01.Test_NewValidationHelper.f5]
################################################################################################################################################
[ReportManager] Assertion [ValidateNull] PASSED. Expected [NULL] and Actual [1]. Comparison Type [EQUALS]. Validation Type [NEGATIVE]. @23-10-2021 01:59:31.0808 A

################################################################################################################################################
Starting Execution:	[107 out of 143] test cases in the current suite
Test Method:		[testPackage01.Test_NewValidationHelper.f6]
################################################################################################################################################
[ReportManager] Assertion Failed: Making sure that null string is not equal to null object @23-10-2021 01:59:31.0810 AM
[ReportManager] Assertion [ValidateNull] FAILED. Expected [NULL] and Actual [NULL]. Comparison Type [EQUALS]. Validation Type [POSITIVE]. @23-10-2021 01:59:31.0810 A

################################################################################################################################################
Starting Execution:	[108 out of 143] test cases in the current suite
Test Method:		[testPackage01.Test_NewValidationHelper.f6_1]
################################################################################################################################################
[ReportManager] Assertion [ValidateNull] FAILED. Expected [NULL] and Actual [NULL]. Comparison Type [EQUALS]. Validation Type [NEGATIVE]. @23-10-2021 01:59:31.0812 A

################################################################################################################################################
Starting Execution:	[109 out of 143] test cases in the current suite
Test Method:		[testPackage01.Test_NewValidationHelper.f6_2]
################################################################################################################################################
[ReportManager] Assertion Failed: Making sure that null string is not equal to null object @23-10-2021 01:59:31.0825 AM
[ReportManager] Assertion [ValidateNull] FAILED. Expected [NULL] and Actual [not null]. Comparison Type [EQUALS]. Validation Type [POSITIVE]. @23-10-2021 01:59:31.0825 A

################################################################################################################################################
Starting Execution:	[110 out of 143] test cases in the current suite
Test Method:		[testPackage01.Test_NewValidationHelper.f7]
################################################################################################################################################
[ReportManager] Assertion [ValidateNull] PASSED. Expected [NULL] and Actual [NULL]. Comparison Type [EQUALS]. Validation Type [POSITIVE]. @23-10-2021 01:59:31.0829 A
[ReportManager] File Action [GetAbsolutePath] successfully performed. With the following test data [Relative Folder Path: "target/downloadedFiles/"]. @23-10-2021 01:59:31.0833 AM
[ReportManager] Attempting to run remotely on: [Linux-64], [GoogleChrome], [http://localhost:4444/wd/hub], Headless Execution. @23-10-2021 01:59:31.0833 AM
[ReportManager] Successfully Opened [GoogleChrome]. @23-10-2021 01:59:32.0055 AM
[ReportManager] Target URL: [https://the-internet.herokuapp.com/] @23-10-2021 01:59:32.0070 AM
[ReportManager] Initial URL: [data:,] @23-10-2021 01:59:32.0118 AM
[ReportManager] Browser Action [NavigateToURL] successfully performed. With the following test data [https://the-internet.herokuapp.com/]. @23-10-2021 01:59:32.0527 A

################################################################################################################################################
Starting Execution:	[111 out of 143] test cases in the current suite
Test Method:		[testPackage01.Test_NewValidationHelper.f8]
################################################################################################################################################
[ReportManager] Loaded Shared OpenCV @23-10-2021 01:59:32.0744 AM
[ReportManager] Assertion [ValidateElementExists] PASSED. Expected [Element Should Exist, locator 'By.tagName: h1'] and Actual [Element Exists]. Comparison Type [EQUALS]. Validation Type [POSITIVE]. @23-10-2021 01:59:32.0821 AM
[ReportManager] Successfully created attachment [Screenshot - 1634954372744_f8_ValidateElementExists_passed] @23-10-2021 01:59:32.0822 A
[ReportManager] Successfully Closed All Drivers. @23-10-2021 01:59:32.0895 A
[ReportManager] File Action [GetAbsolutePath] successfully performed. With the following test data [Relative Folder Path: "target/downloadedFiles/"]. @23-10-2021 01:59:32.0897 AM
[ReportManager] Attempting to run remotely on: [Linux-64], [GoogleChrome], [http://localhost:4444/wd/hub], Headless Execution. @23-10-2021 01:59:32.0898 AM
[ReportManager] Successfully Opened [GoogleChrome]. @23-10-2021 01:59:33.0116 AM
[ReportManager] Target URL: [https://the-internet.herokuapp.com/] @23-10-2021 01:59:33.0127 AM
[ReportManager] Initial URL: [data:,] @23-10-2021 01:59:33.0189 AM
[ReportManager] Browser Action [NavigateToURL] successfully performed. With the following test data [https://the-internet.herokuapp.com/]. @23-10-2021 01:59:33.0582 A

################################################################################################################################################
Starting Execution:	[112 out of 143] test cases in the current suite
Test Method:		[testPackage01.Test_NewValidationHelper.f9]
################################################################################################################################################
[ReportManager] Assertion [ValidateElementExists] FAILED. Expected [Element Should Exist, locator 'By.tagName: h3'] and Actual [Element Doesn't Exists]. Comparison Type [EQUALS]. Validation Type [POSITIVE]. @23-10-2021 02:00:04.0241 AM
[ReportManager] Successfully created attachment [Screenshot - 1634954404187_f9_ValidateElementExists_failed] @23-10-2021 02:00:04.0242 A
[ReportManager] Successfully Closed All Drivers. @23-10-2021 02:00:04.0325 A

################################################################################################################################################
Starting Execution:	[113 out of 143] test cases in the current suite
Test Method:		[testPackage01.Test_NewValidationHelper.forceFail]
################################################################################################################################################
[ReportManager] Assertion [ValidateFail] FAILED. Successfully force failed the test. @23-10-2021 02:00:04.0332 A

################################################################################################################################################
Starting Execution:	[114 out of 143] test cases in the current suite
Test Method:		[testPackage01.Test_NewValidationHelper.forceFail2]
################################################################################################################################################
[ReportManager] Assertion Failed: Custom Message @23-10-2021 02:00:04.0334 AM
[ReportManager] Assertion [ValidateFail] FAILED. Successfully force failed the test. @23-10-2021 02:00:04.0334 A

################################################################################################################################################
Starting Execution:	[115 out of 143] test cases in the current suite
Test Method:		[testPackage01.Test_sendGraphqlRequest.sendGraphqlRequestUsingMutationAndVariables]
################################################################################################################################################
[ReportManager] GraphQl Request is being Performed with the Following Parameters [Service URL: https://api.spacex.land/graphql | Request Body: {"variables":"{\"name\": \"sherlock holmes\",\"rocket\": \"221B Baker Street\"}","query":"mutation ($name: String, $rocket: String) {\n  insert_users(objects: {name: $name, rocket: $rocket}) {\n    returning {\n      name\n      rocket\n    }\n  }\n}"}] @23-10-2021 02:00:04.0338 AM
[ReportManager] Response status code: [200], status line: [HTTP/1.1 200 OK] @23-10-2021 02:00:04.0735 AM
[ReportManager] Assertion Passed: Evaluating the actual response status code against the expected one... @23-10-2021 02:00:04.0735 AM
[ReportManager] Assertion [ValidateEquals] PASSED. Expected [200] and Actual [200]. Comparison Type [EQUALS]. Validation Type [POSITIVE]. @23-10-2021 02:00:04.0735 AM
[ReportManager] API Action [PerformRequest] successfully performed. With the following test data [Request Type: "POST" | Target Status Code: "200" | Service URL: "https://api.spacex.land/graphql" | Content Type: "application/json" | Response Time: "316ms"]. @23-10-2021 02:00:04.0767 AM
[ReportManager] Successfully created attachment [API Request - Specifications] @23-10-2021 02:00:04.0767 AM
[ReportManager] Successfully created attachment [API Request - JSON Body] @23-10-2021 02:00:04.0767 AM
[ReportManager] Successfully created attachment [API Response - JSON Body] @23-10-2021 02:00:04.0767 AM
[ReportManager] API Action [GetResponseJSONValue] successfully performed. With the following test data [data.insert_users.returning[0].name]. @23-10-2021 02:00:04.0808 AM
[ReportManager] Assertion [ValidateEquals] PASSED. Expected [sherlock holmes] and Actual [sherlock holmes]. Comparison Type [EQUALS]. Validation Type [POSITIVE]. @23-10-2021 02:00:04.0809 A

################################################################################################################################################
Starting Execution:	[116 out of 143] test cases in the current suite
Test Method:		[testPackage01.Test_sendGraphqlRequest.sendGraphqlRequestUsingQuery]
################################################################################################################################################
[ReportManager] GraphQl Request is being Performed with the Following Parameters [Service URL: https://api.spacex.land/graphql | Request Body: {"query":"{company {ceo}}"}] @23-10-2021 02:00:04.0815 AM
[ReportManager] Response status code: [200], status line: [HTTP/1.1 200 OK] @23-10-2021 02:00:04.0882 AM
[ReportManager] Assertion Passed: Evaluating the actual response status code against the expected one... @23-10-2021 02:00:04.0882 AM
[ReportManager] Assertion [ValidateEquals] PASSED. Expected [200] and Actual [200]. Comparison Type [EQUALS]. Validation Type [POSITIVE]. @23-10-2021 02:00:04.0882 AM
[ReportManager] API Action [PerformRequest] successfully performed. With the following test data [Request Type: "POST" | Target Status Code: "200" | Service URL: "https://api.spacex.land/graphql" | Content Type: "application/json" | Response Time: "62ms"]. @23-10-2021 02:00:04.0891 AM
[ReportManager] Successfully created attachment [API Request - Specifications] @23-10-2021 02:00:04.0892 AM
[ReportManager] Successfully created attachment [API Request - JSON Body] @23-10-2021 02:00:04.0892 AM
[ReportManager] Successfully created attachment [API Response - JSON Body] @23-10-2021 02:00:04.0892 AM
[ReportManager] API Action [GetResponseJSONValue] successfully performed. With the following test data [data.company.ceo]. @23-10-2021 02:00:04.0900 AM
[ReportManager] Assertion [ValidateEquals] PASSED. Expected [Elon Musk] and Actual [Elon Musk]. Comparison Type [EQUALS]. Validation Type [POSITIVE]. @23-10-2021 02:00:04.0900 A
[ReportManager] Successfully loaded the following test data file [src/test/resources/TestDataFiles/testSuite01/TestData.xlsx]. @23-10-2021 02:00:04.0922 AM
[ReportManager] Successfully created attachment [Test Data - Excel] @23-10-2021 02:00:04.0922 AM
[ReportManager] File Action [GetAbsolutePath] successfully performed. With the following test data [Relative Folder Path: "target/downloadedFiles/"]. @23-10-2021 02:00:04.0923 AM
[ReportManager] Attempting to run remotely on: [Linux-64], [GoogleChrome], [http://localhost:4444/wd/hub], Headless Execution. @23-10-2021 02:00:04.0923 AM
[ReportManager] Successfully Opened [GoogleChrome]. @23-10-2021 02:00:05.0145 A

################################################################################################################################################
Starting Execution:	[117 out of 143] test cases in the current suite
Test Method:		[testPackage01.Test_google.navigateToURLandVerifyGoogleLogoIsDisplayed]
Test Description:	[TC001 - Navigate to URL and Verify Google Logo is Displayed]
################################################################################################################################################
[ReportManager] Target URL: [https://www.google.com/ncr], and after redirection: [https://www.google.com] @23-10-2021 02:00:05.0156 AM
[ReportManager] Initial URL: [data:,] @23-10-2021 02:00:05.0204 AM
[ReportManager] Browser Action [NavigateToURL] successfully performed. With the following test data [https://www.google.com/ncr]. @23-10-2021 02:00:05.0998 AM
[ReportManager] Loaded Shared OpenCV @23-10-2021 02:00:06.0177 AM
[ReportManager] Assertion [ValidateElementExists] PASSED. Expected [Element Should Exist, locator 'By.xpath: //*[@id='hplogo' or @alt='Google']'] and Actual [Element Exists]. Comparison Type [EQUALS]. Validation Type [POSITIVE]. @23-10-2021 02:00:06.0237 AM
[ReportManager] Successfully created attachment [Screenshot - 1634954406177_navigateToURLandVerifyGoogleLogoIsDisplayed_ValidateElementExists_passed] @23-10-2021 02:00:06.0238 A

################################################################################################################################################
Starting Execution:	[118 out of 143] test cases in the current suite
Test Method:		[testPackage01.Test_google.searchForQueryandAssertResultsNumDisplayed]
Test Description:	[TC002 - Search for Query and Assert that the number of results is displayed]
################################################################################################################################################
[ReportManager] Element Action [Type] successfully performed. With the following test data [SHAFT_Engine]. @23-10-2021 02:00:06.0541 AM
[ReportManager] Element Action [KeyPress] successfully performed. With the following test data [Enter]. @23-10-2021 02:00:07.0960 AM
[ReportManager] Element Action [GetText] successfully performed. With the following test data [About 1,070,000 results (0.63 seconds) ]. @23-10-2021 02:00:08.0031 AM
[ReportManager] Loaded Shared OpenCV @23-10-2021 02:00:08.0166 AM
[ReportManager] Assertion [ValidateElementAttribute] PASSED. Expected [Value Should not be '' for the 'Text' attribute, element locator 'By.id: appbar'] and Actual [About 1,070,000 results (0.63 seconds) ]. Comparison Type [EQUALS]. Validation Type [NEGATIVE]. @23-10-2021 02:00:08.0240 AM
[ReportManager] Successfully created attachment [Screenshot - 1634954408166_searchForQueryandAssertResultsNumDisplayed_ValidateElementAttribute_passed] @23-10-2021 02:00:08.0241 A

################################################################################################################################################
Starting Execution:	[119 out of 143] test cases in the current suite
Test Method:		[testPackage01.Test_google.clickNextThrice]
Test Description:	[TC003 - Clicks the next button to make sure that the framework can scroll element into view before clicking it]
################################################################################################################################################
[ReportManager] Element Action [Click] successfully performed. With the following test data [Next]. @23-10-2021 02:00:09.0732 A
[ReportManager] Browser Action [CloseCurrentWindow] successfully performed. @23-10-2021 02:00:09.0914 AM
[ReportManager] Successfully created attachment [Browser Action Test Data - CloseCurrentWindow - Actual Value] @23-10-2021 02:00:09.0915 A
[ReportManager] File Action [GetAbsolutePath] successfully performed. With the following test data [Relative Folder Path: "target/downloadedFiles/"]. @23-10-2021 02:00:09.0918 AM
[ReportManager] Attempting to run remotely on: [Linux-64], [GoogleChrome], [http://localhost:4444/wd/hub], Headless Execution. @23-10-2021 02:00:09.0918 AM
[ReportManager] Successfully Opened [GoogleChrome]. @23-10-2021 02:00:10.0127 A

################################################################################################################################################
Starting Execution:	[120 out of 143] test cases in the current suite
Test Method:		[testPackage01.Test_ShadowDOM.shadowdom]
################################################################################################################################################
[ReportManager] Target URL: [https://mdn.github.io/web-components-examples/popup-info-box-web-component/] @23-10-2021 02:00:10.0154 AM
[ReportManager] Initial URL: [data:,] @23-10-2021 02:00:10.0196 AM
[ReportManager] Browser Action [NavigateToURL] successfully performed. With the following test data [https://mdn.github.io/web-components-examples/popup-info-box-web-component/]. @23-10-2021 02:00:10.0456 AM
[ReportManager] Element Action [Type] successfully performed. With the following test data [Typing into SHADOW DOM...]. @23-10-2021 02:00:10.0718 AM
[ReportManager] Element Action [GetText] successfully performed. With the following test data [Typing into SHADOW DOM...]. @23-10-2021 02:00:10.0802 AM
[ReportManager] Loaded Shared OpenCV @23-10-2021 02:00:10.0923 AM
[ReportManager] Assertion [ValidateElementAttribute] PASSED. Expected [Value Should be 'Typing into SHADOW DOM...' for the 'Text' attribute, element locator 'By.id: cvc'] and Actual [Typing into SHADOW DOM...]. Comparison Type [EQUALS]. Validation Type [POSITIVE]. @23-10-2021 02:00:11.0003 AM
[ReportManager] Successfully created attachment [Screenshot - 1634954410923_shadowdom_ValidateElementAttribute_passed] @23-10-2021 02:00:11.0004 A
[ReportManager] Browser Action [CloseCurrentWindow] successfully performed. @23-10-2021 02:00:11.0109 AM
[ReportManager] Successfully created attachment [Browser Action Test Data - CloseCurrentWindow - Actual Value] @23-10-2021 02:00:11.0109 A

################################################################################################################################################
Starting Execution:	[121 out of 143] test cases in the current suite
Test Method:		[testPackage01.Test_AssertApiResponseEquals.assertApiResponseEquals_expectedToPass]
################################################################################################################################################
[ReportManager] Response status code: [200], status line: [HTTP/1.1 200 OK] @23-10-2021 02:00:11.0169 AM
[ReportManager] Assertion Passed: Evaluating the actual response status code against the expected one... @23-10-2021 02:00:11.0169 AM
[ReportManager] Assertion [ValidateEquals] PASSED. Expected [200] and Actual [200]. Comparison Type [EQUALS]. Validation Type [POSITIVE]. @23-10-2021 02:00:11.0169 AM
[ReportManager] API Action [PerformRequest] successfully performed. With the following test data [Request Type: "GET" | Target Status Code: "200" | Service URL: "https://jsonplaceholder.typicode.com/users" | Content Type: "*/*" | Response Time: "50ms"]. @23-10-2021 02:00:11.0184 AM
[ReportManager] Successfully created attachment [API Request - Specifications] @23-10-2021 02:00:11.0185 AM
[ReportManager] Successfully created attachment [API Response - JSON Body] @23-10-2021 02:00:11.0185 AM
[ReportManager] API Action [GetResponseJSONValueAsList] successfully performed. With the following test data [$]. @23-10-2021 02:00:11.0192 AM
[ReportManager] API Action [GetResponseJSONValue] successfully performed. With the following test data [name]. @23-10-2021 02:00:11.0201 AM
[ReportManager] API Action [GetResponseJSONValue] successfully performed. With the following test data [email]. @23-10-2021 02:00:11.0209 AM
[ReportManager] Verification [ValidateEquals] PASSED. Expected [Sincere@april.biz] and Actual [Sincere@april.biz]. Comparison Type [EQUALS]. Validation Type [POSITIVE]. @23-10-2021 02:00:11.0209 AM
[ReportManager] API Action [GetResponseJSONValue] successfully performed. With the following test data [username]. @23-10-2021 02:00:11.0217 AM
[ReportManager] Assertion [ValidateEquals] PASSED. Expected [Bret] and Actual [Bret]. Comparison Type [EQUALS]. Validation Type [POSITIVE]. @23-10-2021 02:00:11.0217 AM
[ReportManager] API Action [GetResponseJSONValue] successfully performed. With the following test data [name]. @23-10-2021 02:00:11.0225 AM
[ReportManager] API Action [GetResponseJSONValue] successfully performed. With the following test data [name]. @23-10-2021 02:00:11.0232 AM
[ReportManager] API Action [GetResponseJSONValue] successfully performed. With the following test data [name]. @23-10-2021 02:00:11.0239 AM
[ReportManager] API Action [GetResponseJSONValue] successfully performed. With the following test data [name]. @23-10-2021 02:00:11.0246 AM
[ReportManager] API Action [GetResponseJSONValue] successfully performed. With the following test data [name]. @23-10-2021 02:00:11.0255 AM
[ReportManager] API Action [GetResponseJSONValue] successfully performed. With the following test data [name]. @23-10-2021 02:00:11.0274 AM
[ReportManager] API Action [GetResponseJSONValue] successfully performed. With the following test data [name]. @23-10-2021 02:00:11.0282 AM
[ReportManager] API Action [GetResponseJSONValue] successfully performed. With the following test data [name]. @23-10-2021 02:00:11.0288 AM
[ReportManager] API Action [GetResponseJSONValue] successfully performed. With the following test data [name]. @23-10-2021 02:00:11.0296 A
[ReportManager] File Action [GetAbsolutePath] successfully performed. With the following test data [Relative Folder Path: "target/downloadedFiles/"]. @23-10-2021 02:00:11.0306 AM
[ReportManager] Attempting to run remotely on: [Linux-64], [GoogleChrome], [http://localhost:4444/wd/hub], Headless Execution. @23-10-2021 02:00:11.0306 AM
[ReportManager] Successfully Opened [GoogleChrome]. @23-10-2021 02:00:11.0519 A

################################################################################################################################################
Starting Execution:	[122 out of 143] test cases in the current suite
Test Method:		[testPackage01.Test_IsElementClickable.testIsElementClickable]
################################################################################################################################################
[ReportManager] Target URL: [https://the-internet.herokuapp.com/] @23-10-2021 02:00:11.0550 AM
[ReportManager] Initial URL: [data:,] @23-10-2021 02:00:11.0587 AM
[ReportManager] Browser Action [NavigateToURL] successfully performed. With the following test data [https://the-internet.herokuapp.com/]. @23-10-2021 02:00:11.0917 AM
[ReportManager] Element Action [IsElementClickable] successfully performed. @23-10-2021 02:00:12.0031 AM
[ReportManager] Assertion [ValidateTrue] PASSED. Expected [TRUE] and Actual [TRUE]. Validation Type [POSITIVE]. @23-10-2021 02:00:12.0031 A
[ReportManager] Browser Action [CloseCurrentWindow] successfully performed. @23-10-2021 02:00:12.0125 AM
[ReportManager] Successfully created attachment [Browser Action Test Data - CloseCurrentWindow - Actual Value] @23-10-2021 02:00:12.0126 A

################################################################################################################################################
Starting Execution:	[123 out of 143] test cases in the current suite
Test Method:		[testPackage01.Test_JsonCompareWithSpecialCharacters.specialCharacters]
################################################################################################################################################
[ReportManager] File Action [GetAbsolutePath] successfully performed. With the following test data [Relative Folder Path: "src/test/resources/TestJsonFiles/specialCharacters.json"]. @23-10-2021 02:00:12.0133 AM
[ReportManager] File Action [ReadFromFile] successfully performed. With the following test data [File Path: "/home/runner/work/SHAFT_ENGINE/SHAFT_ENGINE/src/test/resources/TestJsonFiles/specialCharacters.json"]. @23-10-2021 02:00:12.0138 AM
[ReportManager] Successfully created attachment [File Action Actual Result - Command Log] @23-10-2021 02:00:12.0138 AM
[ReportManager] Comparing the provided API response with the file at this path "src/test/resources/TestJsonFiles/specialCharacters.json", comparison type "EQUALS" @23-10-2021 02:00:12.0139 AM
[ReportManager] API Action [CompareJSON] successfully performed. With the following test data [src/test/resources/TestJsonFiles/specialCharacters.json]. @23-10-2021 02:00:12.0150 AM
[ReportManager] File Action [GetAbsolutePath] successfully performed. With the following test data [Relative Folder Path: "src/test/resources/TestJsonFiles/specialCharacters.json"]. @23-10-2021 02:00:12.0150 AM
[ReportManager] File Action [ReadFromFile] successfully performed. With the following test data [File Path: "/home/runner/work/SHAFT_ENGINE/SHAFT_ENGINE/src/test/resources/TestJsonFiles/specialCharacters.json"]. @23-10-2021 02:00:12.0150 AM
[ReportManager] Verification [ValidateJSONFileContent] PASSED. Expected [Response data should match the JSON File in this path 'src/test/resources/TestJsonFiles/specialCharacters.json'] and Actual [TRUE]. Comparison Type [EQUALS]. Validation Type [POSITIVE]. @23-10-2021 02:00:12.0160 AM
[ReportManager] Successfully created attachment [Validation Test Data - Expected JSON Value] @23-10-2021 02:00:12.0160 AM
[ReportManager] Successfully created attachment [Validation Test Data - Actual JSON Value] @23-10-2021 02:00:12.0161 A

################################################################################################################################################
Starting Execution:	[124 out of 143] test cases in the current suite
Test Method:		[testPackage01.Test_JsonCompareWithSpecialCharacters.specialCharacters_assertion]
################################################################################################################################################
[ReportManager] File Action [GetAbsolutePath] successfully performed. With the following test data [Relative Folder Path: "src/test/resources/TestJsonFiles/specialCharacters.json"]. @23-10-2021 02:00:12.0165 AM
[ReportManager] File Action [ReadFromFile] successfully performed. With the following test data [File Path: "/home/runner/work/SHAFT_ENGINE/SHAFT_ENGINE/src/test/resources/TestJsonFiles/specialCharacters.json"]. @23-10-2021 02:00:12.0165 AM
[ReportManager] Successfully created attachment [File Action Actual Result - Command Log] @23-10-2021 02:00:12.0166 AM
[ReportManager] Comparing the provided API response with the file at this path "src/test/resources/TestJsonFiles/specialCharacters.json", comparison type "CONTAINS" @23-10-2021 02:00:12.0166 AM
[ReportManager] API Action [CompareJSON] successfully performed. With the following test data [src/test/resources/TestJsonFiles/specialCharacters.json]. @23-10-2021 02:00:12.0181 AM
[ReportManager] File Action [GetAbsolutePath] successfully performed. With the following test data [Relative Folder Path: "src/test/resources/TestJsonFiles/specialCharacters.json"]. @23-10-2021 02:00:12.0181 AM
[ReportManager] File Action [ReadFromFile] successfully performed. With the following test data [File Path: "/home/runner/work/SHAFT_ENGINE/SHAFT_ENGINE/src/test/resources/TestJsonFiles/specialCharacters.json"]. @23-10-2021 02:00:12.0182 AM
[ReportManager] Assertion Passed: trying out the log message @23-10-2021 02:00:12.0186 AM
[ReportManager] Successfully created attachment [Validation Test Data - Expected JSON Value] @23-10-2021 02:00:12.0186 AM
[ReportManager] Successfully created attachment [Validation Test Data - Actual JSON Value] @23-10-2021 02:00:12.0187 AM
[ReportManager] Assertion [ValidateJSONFileContent] PASSED. Expected [Response data should match the JSON File in this path 'src/test/resources/TestJsonFiles/specialCharacters.json'] and Actual [TRUE]. Comparison Type [CONTAINS]. Validation Type [POSITIVE]. @23-10-2021 02:00:12.0187 A
[ReportManager] File Action [GetAbsolutePath] successfully performed. With the following test data [Relative Folder Path: "target/downloadedFiles/"]. @23-10-2021 02:00:12.0189 AM
[ReportManager] Attempting to run remotely on: [Linux-64], [GoogleChrome], [http://localhost:4444/wd/hub], Headless Execution. @23-10-2021 02:00:12.0189 AM
[ReportManager] Successfully Opened [GoogleChrome]. @23-10-2021 02:00:12.0376 A

################################################################################################################################################
Starting Execution:	[125 out of 143] test cases in the current suite
Test Method:		[testPackage01.Test_assertEquals.test_assertElementAttribute]
################################################################################################################################################
[ReportManager] Target URL: [https://www.google.com/ncr], and after redirection: [https://www.google.com] @23-10-2021 02:00:12.0392 AM
[ReportManager] Initial URL: [data:,] @23-10-2021 02:00:12.0428 AM
[ReportManager] Browser Action [NavigateToURL] successfully performed. With the following test data [https://www.google.com/ncr]. @23-10-2021 02:00:13.0158 AM
[ReportManager] Element Action [Type] successfully performed. With the following test data [INC_004010050:Another SCHEDULER with the same name [Duplicate Job Name] already exists.]. @23-10-2021 02:00:13.0760 AM
[ReportManager] Element Action [GetText] successfully performed. With the following test data [INC_004010050:Another SCHEDULER with the same name [Duplicate Job Name] already exists.]. @23-10-2021 02:00:13.0840 AM
[ReportManager] Loaded Shared OpenCV @23-10-2021 02:00:13.0957 AM
[ReportManager] Assertion [ValidateElementAttribute] PASSED. Expected [Value Should be 'INC_004010050:Another SCHEDULER with the same name \[Duplicate Job Name\] already exists.' for the 'text' attribute, element locator 'By.name: q'] and Actual [INC_004010050:Another SCHEDULER with the same name [Duplicate Job Name] already exists.]. Comparison Type [MATCHES]. Validation Type [POSITIVE]. @23-10-2021 02:00:14.0017 AM
[ReportManager] Successfully created attachment [Screenshot - 1634954413957_test_assertElementAttribute_ValidateElementAttribute_passed] @23-10-2021 02:00:14.0018 A
[ReportManager] Browser Action [CloseCurrentWindow] successfully performed. @23-10-2021 02:00:14.0133 AM
[ReportManager] Successfully created attachment [Browser Action Test Data - CloseCurrentWindow - Actual Value] @23-10-2021 02:00:14.0134 A
[ReportManager] File Action [GetAbsolutePath] successfully performed. With the following test data [Relative Folder Path: "target/downloadedFiles/"]. @23-10-2021 02:00:14.0135 AM
[ReportManager] Attempting to run remotely on: [Linux-64], [GoogleChrome], [http://localhost:4444/wd/hub], Headless Execution. @23-10-2021 02:00:14.0136 AM
[ReportManager] Successfully Opened [GoogleChrome]. @23-10-2021 02:00:14.0305 A

################################################################################################################################################
Starting Execution:	[126 out of 143] test cases in the current suite
Test Method:		[testPackage01.Test_verifyEquals.test_assertElementAttribute]
################################################################################################################################################
[ReportManager] Target URL: [https://www.google.com/ncr], and after redirection: [https://www.google.com] @23-10-2021 02:00:14.0322 AM
[ReportManager] Initial URL: [data:,] @23-10-2021 02:00:14.0360 AM
[ReportManager] Browser Action [NavigateToURL] successfully performed. With the following test data [https://www.google.com/ncr]. @23-10-2021 02:00:15.0090 AM
[ReportManager] Element Action [Type] successfully performed. With the following test data [INC_004010050:Another SCHEDULER with the same name [Duplicate Job Name] already exists.]. @23-10-2021 02:00:15.0729 AM
[ReportManager] Element Action [GetText] successfully performed. With the following test data [INC_004010050:Another SCHEDULER with the same name [Duplicate Job Name] already exists.]. @23-10-2021 02:00:15.0818 AM
[ReportManager] Loaded Shared OpenCV @23-10-2021 02:00:15.0949 AM
[ReportManager] Verification [ValidateElementAttribute] PASSED. Expected [Value Should be 'INC_004010050:Another SCHEDULER with the same name \[Duplicate Job Name\] already exists.' for the 'text' attribute, element locator 'By.name: q'] and Actual [INC_004010050:Another SCHEDULER with the same name [Duplicate Job Name] already exists.]. Comparison Type [MATCHES]. Validation Type [POSITIVE]. @23-10-2021 02:00:16.0010 AM
[ReportManager] Successfully created attachment [Screenshot - 1634954415949_test_assertElementAttribute_ValidateElementAttribute_passed] @23-10-2021 02:00:16.0011 A
[ReportManager] Browser Action [CloseCurrentWindow] successfully performed. @23-10-2021 02:00:16.0137 AM
[ReportManager] Successfully created attachment [Browser Action Test Data - CloseCurrentWindow - Actual Value] @23-10-2021 02:00:16.0138 A

################################################################################################################################################
Starting Execution:	[127 out of 143] test cases in the current suite
Test Method:		[testPackage01.Test_JsonActions.f]
###############################################################################################################################################

################################################################################################################################################
Starting Execution:	[128 out of 143] test cases in the current suite
Test Method:		[testPackage01.Test_JsonActions.f2]
###############################################################################################################################################

################################################################################################################################################
Starting Execution:	[129 out of 143] test cases in the current suite
Test Method:		[testPackage01.Test_PDF.testPDF_Downloaded]
################################################################################################################################################
[ReportManager] File Action [DoesFileExist] successfully performed. With the following test data [File Path: "src/test/resources/TestDataFiles/sample.pdf"]. @23-10-2021 02:00:16.0167 AM
[ReportManager] File Action [GetAbsolutePath] successfully performed. With the following test data [Relative File Path: "src/test/resources/TestDataFiles/sample.pdf"]. @23-10-2021 02:00:16.0167 AM
[ReportManager] Assertion [ValidateTrue] PASSED. Expected [TRUE] and Actual [TRUE]. Validation Type [POSITIVE]. @23-10-2021 02:00:17.0429 A
[ReportManager] File Action [GetAbsolutePath] successfully performed. With the following test data [Relative Folder Path: "target/downloadedFiles/"]. @23-10-2021 02:00:17.0439 AM
[ReportManager] Attempting to run remotely on: [Linux-64], [GoogleChrome], [http://localhost:4444/wd/hub], Headless Execution. @23-10-2021 02:00:17.0439 AM
[ReportManager] Successfully Opened [GoogleChrome]. @23-10-2021 02:00:17.0631 A

################################################################################################################################################
Starting Execution:	[130 out of 143] test cases in the current suite
Test Method:		[testPackage01.Test_dragAndDrop.dragAndDropJquery]
################################################################################################################################################
[ReportManager] Target URL: [https://jqueryui.com/resources/demos/droppable/default.html] @23-10-2021 02:00:17.0644 AM
[ReportManager] Initial URL: [data:,] @23-10-2021 02:00:17.0690 AM
[ReportManager] Browser Action [NavigateToURL] successfully performed. With the following test data [https://jqueryui.com/resources/demos/droppable/default.html]. @23-10-2021 02:00:17.0980 AM
[ReportManager] Element Action [GetText] successfully performed. With the following test data [Drop here]. @23-10-2021 02:00:18.0053 AM
[ReportManager] Element Action [DragAndDrop] successfully performed. With the following test data [Start point: (8, 18), End point: (8, 18)]. @23-10-2021 02:00:19.0359 AM
[ReportManager] Element Action [GetText] successfully performed. With the following test data [Dropped!]. @23-10-2021 02:00:19.0417 AM
[ReportManager] Assertion Passed: Checking to see if the text has changed after performing drag and drop @23-10-2021 02:00:19.0418 AM
[ReportManager] Assertion [ValidateEquals] PASSED. Expected [Drop here] and Actual [Dropped!]. Comparison Type [EQUALS]. Validation Type [NEGATIVE]. @23-10-2021 02:00:19.0418 A
[ReportManager] Browser Action [CloseCurrentWindow] successfully performed. @23-10-2021 02:00:19.0513 AM
[ReportManager] Successfully created attachment [Browser Action Test Data - CloseCurrentWindow - Actual Value] @23-10-2021 02:00:19.0516 A
[ReportManager] File Action [GetAbsolutePath] successfully performed. With the following test data [Relative Folder Path: "target/downloadedFiles/"]. @23-10-2021 02:00:19.0517 AM
[ReportManager] Attempting to run remotely on: [Linux-64], [GoogleChrome], [http://localhost:4444/wd/hub], Headless Execution. @23-10-2021 02:00:19.0518 AM
[ReportManager] Successfully Opened [GoogleChrome]. @23-10-2021 02:00:19.0708 A

################################################################################################################################################
Starting Execution:	[131 out of 143] test cases in the current suite
Test Method:		[testPackage01.Test_dragAndDrop.dragAndDrop]
Test Description:	[TC001 - Test Drag and Drop function.]
################################################################################################################################################
[ReportManager] Target URL: [http://the-internet.herokuapp.com/drag_and_drop] @23-10-2021 02:00:19.0722 AM
[ReportManager] Initial URL: [data:,] @23-10-2021 02:00:19.0763 AM
[ReportManager] Browser Action [NavigateToURL] successfully performed. With the following test data [http://the-internet.herokuapp.com/drag_and_drop]. @23-10-2021 02:00:20.0090 AM
[ReportManager] Attempting Drag and Drop @23-10-2021 02:00:20.0091 AM
[ReportManager] Element Action [DragAndDrop] successfully performed. With the following test data [Start point: (32, 90), End point: (247, 90)]. @23-10-2021 02:00:21.0264 A
[ReportManager] Browser Action [CloseCurrentWindow] successfully performed. @23-10-2021 02:00:21.0353 AM
[ReportManager] Successfully created attachment [Browser Action Test Data - CloseCurrentWindow - Actual Value] @23-10-2021 02:00:21.0353 A
[ReportManager] File Action [GetAbsolutePath] successfully performed. With the following test data [Relative Folder Path: "target/downloadedFiles/"]. @23-10-2021 02:00:21.0355 AM
[ReportManager] Attempting to run remotely on: [Linux-64], [GoogleChrome], [http://localhost:4444/wd/hub], Headless Execution. @23-10-2021 02:00:21.0355 AM
[ReportManager] Successfully Opened [GoogleChrome]. @23-10-2021 02:00:21.0546 A

################################################################################################################################################
Starting Execution:	[132 out of 143] test cases in the current suite
Test Method:		[testPackage01.Test_dragAndDrop.dragAndDropByOffset]
Test Description:	[TC002 - Test Drag and Drop by offset function.]
################################################################################################################################################
[ReportManager] Target URL: [https://jqueryui.com/resources/demos/draggable/default.html] @23-10-2021 02:00:21.0561 AM
[ReportManager] Initial URL: [data:,] @23-10-2021 02:00:21.0595 AM
[ReportManager] Browser Action [NavigateToURL] successfully performed. With the following test data [https://jqueryui.com/resources/demos/draggable/default.html]. @23-10-2021 02:00:21.0879 AM
[ReportManager] Element Action [DragAndDropByOffset] successfully performed. With the following test data [Start point: (8, 8), End point: (108, 58)]. @23-10-2021 02:00:22.0026 A
[ReportManager] Browser Action [CloseCurrentWindow] successfully performed. @23-10-2021 02:00:22.0121 AM
[ReportManager] Successfully created attachment [Browser Action Test Data - CloseCurrentWindow - Actual Value] @23-10-2021 02:00:22.0121 A
[ReportManager] File Action [GetAbsolutePath] successfully performed. With the following test data [Relative Folder Path: "target/downloadedFiles/"]. @23-10-2021 02:00:22.0123 AM
[ReportManager] Attempting to run remotely on: [Linux-64], [GoogleChrome], [http://localhost:4444/wd/hub], Headless Execution. @23-10-2021 02:00:22.0123 AM
[ReportManager] Successfully Opened [GoogleChrome]. @23-10-2021 02:00:22.0357 A

################################################################################################################################################
Starting Execution:	[133 out of 143] test cases in the current suite
Test Method:		[testPackage01.Test_clipboardActions.typeTextAndCopyPaste]
################################################################################################################################################
[ReportManager] Target URL: [https://www.google.com/ncr], and after redirection: [https://www.google.com] @23-10-2021 02:00:22.0369 AM
[ReportManager] Initial URL: [data:,] @23-10-2021 02:00:22.0410 AM
[ReportManager] Browser Action [NavigateToURL] successfully performed. With the following test data [https://www.google.com/ncr]. @23-10-2021 02:00:23.0161 AM
[ReportManager] Element Action [Type] successfully performed. With the following test data [FIRST]. @23-10-2021 02:00:23.0484 AM
[ReportManager] Element Action [ClipboardActions] successfully performed. With the following test data [select all]. @23-10-2021 02:00:23.0553 AM
[ReportManager] Element Action [ClipboardActions] successfully performed. With the following test data [copy]. @23-10-2021 02:00:23.0607 AM
[ReportManager] Element Action [ClipboardActions] successfully performed. With the following test data [unselect]. @23-10-2021 02:00:23.0656 AM
[ReportManager] Element Action [ClipboardActions] successfully performed. With the following test data [paste]. @23-10-2021 02:00:23.0704 AM
[ReportManager] Element Action [ClipboardActions] successfully performed. With the following test data [select all]. @23-10-2021 02:00:23.0753 AM
[ReportManager] Element Action [Type] successfully performed. @23-10-2021 02:00:23.0939 AM
[ReportManager] Element Action [ClipboardActions] successfully performed. With the following test data [cut]. @23-10-2021 02:00:23.0939 AM
[ReportManager] Element Action [ClipboardActions] successfully performed. With the following test data [paste]. @23-10-2021 02:00:23.0999 AM
[ReportManager] Element Action [ClipboardActions] successfully performed. With the following test data [paste]. @23-10-2021 02:00:24.0052 A
[ReportManager] Browser Action [CloseCurrentWindow] successfully performed. @23-10-2021 02:00:24.0185 AM
[ReportManager] Successfully created attachment [Browser Action Test Data - CloseCurrentWindow - Actual Value] @23-10-2021 02:00:24.0186 A
[ReportManager] File Action [GetAbsolutePath] successfully performed. With the following test data [Relative Folder Path: "target/downloadedFiles/"]. @23-10-2021 02:00:24.0188 AM
[ReportManager] Attempting to run remotely on: [Linux-64], [GoogleChrome], [http://localhost:4444/wd/hub], Headless Execution. @23-10-2021 02:00:24.0188 AM
[ReportManager] Successfully Opened [GoogleChrome]. @23-10-2021 02:00:24.0385 A

################################################################################################################################################
Starting Execution:	[134 out of 143] test cases in the current suite
Test Method:		[testPackage01.Test_dynamicLoading.dynamicLoading_elementIsHidden]
################################################################################################################################################
[ReportManager] Target URL: [https://the-internet.herokuapp.com/dynamic_loading/1] @23-10-2021 02:00:24.0402 AM
[ReportManager] Initial URL: [data:,] @23-10-2021 02:00:24.0436 AM
[ReportManager] Browser Action [NavigateToURL] successfully performed. With the following test data [https://the-internet.herokuapp.com/dynamic_loading/1]. @23-10-2021 02:00:24.0756 AM
[ReportManager] Element Action [Click] successfully performed. With the following test data [Start]. @23-10-2021 02:00:25.0058 AM
[ReportManager] Element Action [GetText] successfully performed. With the following test data [
    Hello World!
  ]. @23-10-2021 02:00:25.0148 AM
[ReportManager] Loaded Shared OpenCV @23-10-2021 02:00:25.0294 AM
[ReportManager] Assertion [ValidateElementAttribute] PASSED. Expected [Value Should be 'Hello World!' for the 'text' attribute, element locator 'By.id: finish'] and Actual [
    Hello World!
  ]. Comparison Type [CONTAINS]. Validation Type [POSITIVE]. @23-10-2021 02:00:25.0372 AM
[ReportManager] Successfully created attachment [Screenshot - 1634954425294_dynamicLoading_elementIsHidden_ValidateElementAttribute_passed] @23-10-2021 02:00:25.0373 A
[ReportManager] Browser Action [CloseCurrentWindow] successfully performed. @23-10-2021 02:00:25.0461 AM
[ReportManager] Successfully created attachment [Browser Action Test Data - CloseCurrentWindow - Actual Value] @23-10-2021 02:00:25.0461 A
[ReportManager] File Action [GetAbsolutePath] successfully performed. With the following test data [Relative Folder Path: "target/downloadedFiles/"]. @23-10-2021 02:00:25.0463 AM
[ReportManager] Attempting to run remotely on: [Linux-64], [GoogleChrome], [http://localhost:4444/wd/hub], Headless Execution. @23-10-2021 02:00:25.0463 AM
[ReportManager] Successfully Opened [GoogleChrome]. @23-10-2021 02:00:25.0673 A

################################################################################################################################################
Starting Execution:	[135 out of 143] test cases in the current suite
Test Method:		[testPackage01.Test_dynamicLoading.dynamicLoading_elementIsRendered]
################################################################################################################################################
[ReportManager] Target URL: [https://the-internet.herokuapp.com/dynamic_loading/2] @23-10-2021 02:00:25.0695 AM
[ReportManager] Initial URL: [data:,] @23-10-2021 02:00:25.0744 AM
[ReportManager] Browser Action [NavigateToURL] successfully performed. With the following test data [https://the-internet.herokuapp.com/dynamic_loading/2]. @23-10-2021 02:00:26.0053 AM
[ReportManager] Element Action [Click] successfully performed. With the following test data [Start]. @23-10-2021 02:00:26.0340 AM
[ReportManager] Element Action [GetText] successfully performed. With the following test data [Hello World!]. @23-10-2021 02:00:31.0487 AM
[ReportManager] Loaded Shared OpenCV @23-10-2021 02:00:31.0608 AM
[ReportManager] Assertion [ValidateElementAttribute] PASSED. Expected [Value Should be 'Hello World!' for the 'text' attribute, element locator 'By.id: finish'] and Actual [Hello World!]. Comparison Type [CONTAINS]. Validation Type [POSITIVE]. @23-10-2021 02:00:31.0667 AM
[ReportManager] Successfully created attachment [Screenshot - 1634954431608_dynamicLoading_elementIsRendered_ValidateElementAttribute_passed] @23-10-2021 02:00:31.0668 A
[ReportManager] Browser Action [CloseCurrentWindow] successfully performed. @23-10-2021 02:00:31.0754 AM
[ReportManager] Successfully created attachment [Browser Action Test Data - CloseCurrentWindow - Actual Value] @23-10-2021 02:00:31.0754 A
[ReportManager] File Action [GetAbsolutePath] successfully performed. With the following test data [Relative Folder Path: "target/downloadedFiles/"]. @23-10-2021 02:00:31.0756 AM
[ReportManager] Attempting to run remotely on: [Linux-64], [GoogleChrome], [http://localhost:4444/wd/hub], Headless Execution. @23-10-2021 02:00:31.0756 AM
[ReportManager] Successfully Opened [GoogleChrome]. @23-10-2021 02:00:31.0927 A

################################################################################################################################################
Starting Execution:	[136 out of 143] test cases in the current suite
Test Method:		[testPackage01.Test_uploadFile.uploadFile_invisibleUploadInput]
################################################################################################################################################
[ReportManager] Target URL: [https://fineuploader.com/demos.html#gallery-view] @23-10-2021 02:00:31.0939 AM
[ReportManager] Initial URL: [data:,] @23-10-2021 02:00:31.0981 AM
[ReportManager] Browser Action [NavigateToURL] successfully performed. With the following test data [https://fineuploader.com/demos.html#gallery-view]. @23-10-2021 02:00:33.0389 AM
[ReportManager] File Action [GetAbsolutePath] successfully performed. With the following test data [Relative File Path: "src/main/resources/images/shaft.png"]. @23-10-2021 02:00:33.0389 AM
[ReportManager] Successfully created attachment [File Action Actual Result - Command Log] @23-10-2021 02:00:33.0390 AM
[ReportManager] Element Action [TypeFileLocationForUpload] successfully performed. With the following test data [/home/runner/work/SHAFT_ENGINE/SHAFT_ENGINE/src/main/resources/images/shaft.png]. @23-10-2021 02:00:33.0580 AM
[ReportManager] Attempting to getAttribute [src] from elementLocator [By.xpath: //div[@id='fine-uploader-gallery']//div[@class='qq-thumbnail-wrapper']/img]. @23-10-2021 02:00:33.0580 AM
[ReportManager] Element Action [GetAttribute] successfully performed. @23-10-2021 02:00:33.0708 AM
[ReportManager] Successfully created attachment [Element Action Test Data - GetAttribute - Actual Value] @23-10-2021 02:00:33.0708 AM
[ReportManager] Loaded Shared OpenCV @23-10-2021 02:00:33.0877 AM
[ReportManager] Assertion [ValidateElementAttribute] PASSED. Expected and Actual values are attached. Comparison Type [CONTAINS]. Validation Type [POSITIVE]. @23-10-2021 02:00:33.0960 AM
[ReportManager] Successfully created attachment [Validation Test Data - Expected Value] @23-10-2021 02:00:33.0960 AM
[ReportManager] Successfully created attachment [Validation Test Data - Actual Value] @23-10-2021 02:00:33.0961 AM
[ReportManager] Successfully created attachment [Screenshot - 1634954433877_uploadFile_invisibleUploadInput_ValidateElementAttribute_passed] @23-10-2021 02:00:33.0961 A
[ReportManager] Browser Action [CloseCurrentWindow] successfully performed. @23-10-2021 02:00:34.0089 AM
[ReportManager] Successfully created attachment [Browser Action Test Data - CloseCurrentWindow - Actual Value] @23-10-2021 02:00:34.0090 A
[ReportManager] File Action [GetAbsolutePath] successfully performed. With the following test data [Relative Folder Path: "target/downloadedFiles/"]. @23-10-2021 02:00:34.0097 AM
[ReportManager] Attempting to run remotely on: [Linux-64], [GoogleChrome], [http://localhost:4444/wd/hub], Headless Execution. @23-10-2021 02:00:34.0098 AM
[ReportManager] Successfully Opened [GoogleChrome]. @23-10-2021 02:00:34.0277 A

################################################################################################################################################
Starting Execution:	[137 out of 143] test cases in the current suite
Test Method:		[testPackage01.Test_uploadFile.uploadFile_visibleUploadInput]
################################################################################################################################################
[ReportManager] Target URL: [http://demo.guru99.com/test/upload/] @23-10-2021 02:00:34.0294 AM
[ReportManager] Initial URL: [data:,] @23-10-2021 02:00:34.0329 AM
[ReportManager] Browser Action [NavigateToURL] successfully performed. With the following test data [http://demo.guru99.com/test/upload/]. @23-10-2021 02:00:35.0209 AM
[ReportManager] File Action [GetAbsolutePath] successfully performed. With the following test data [Relative File Path: "src/main/resources/images/shaft.png"]. @23-10-2021 02:00:35.0209 AM
[ReportManager] Successfully created attachment [File Action Actual Result - Command Log] @23-10-2021 02:00:35.0210 AM
[ReportManager] Element Action [TypeFileLocationForUpload] successfully performed. With the following test data [/home/runner/work/SHAFT_ENGINE/SHAFT_ENGINE/src/main/resources/images/shaft.png]. @23-10-2021 02:00:35.0368 AM
[ReportManager] Element Action [Click] successfully performed. With the following test data [on]. @23-10-2021 02:00:35.0673 AM
[ReportManager] Element Action [Click] successfully performed. With the following test data [Submit File]. @23-10-2021 02:00:35.0958 AM
[ReportManager] Element Action [GetText] successfully performed. With the following test data [1 file
has been successfully uploaded.]. @23-10-2021 02:00:36.0576 AM
[ReportManager] Loaded Shared OpenCV @23-10-2021 02:00:36.0690 AM
[ReportManager] Assertion [ValidateElementAttribute] PASSED. Expected [Value Should be '1 file' for the 'Text' attribute, element locator 'By.id: res'] and Actual [1 file
has been successfully uploaded.]. Comparison Type [CONTAINS]. Validation Type [POSITIVE]. @23-10-2021 02:00:36.0754 AM
[ReportManager] Successfully created attachment [Screenshot - 1634954436690_uploadFile_visibleUploadInput_ValidateElementAttribute_passed] @23-10-2021 02:00:36.0754 A
[ReportManager] Browser Action [CloseCurrentWindow] successfully performed. @23-10-2021 02:00:36.0857 AM
[ReportManager] Successfully created attachment [Browser Action Test Data - CloseCurrentWindow - Actual Value] @23-10-2021 02:00:36.0857 A

################################################################################################################################################
Starting Execution:	[138 out of 143] test cases in the current suite
Test Method:		[testPackage01.Test_SelectedValue.multipleSelect]
################################################################################################################################################
[ReportManager] File Action [GetAbsolutePath] successfully performed. With the following test data [Relative Folder Path: "target/downloadedFiles/"]. @23-10-2021 02:00:36.0860 AM
[ReportManager] Attempting to run remotely on: [Linux-64], [GoogleChrome], [http://localhost:4444/wd/hub], Headless Execution. @23-10-2021 02:00:36.0860 AM
[ReportManager] Successfully Opened [GoogleChrome]. @23-10-2021 02:00:37.0038 AM
[ReportManager] Target URL: [https://yari-demos.prod.mdn.mozit.cloud/en-US/docs/Web/HTML/Element/select/_sample_.Advanced_select_with_multiple_features.html] @23-10-2021 02:00:37.0049 AM
[ReportManager] Initial URL: [data:,] @23-10-2021 02:00:37.0085 AM
[ReportManager] Browser Action [NavigateToURL] successfully performed. With the following test data [https://yari-demos.prod.mdn.mozit.cloud/en-US/docs/Web/HTML/Element/select/_sample_.Advanced_select_with_multiple_features.html]. @23-10-2021 02:00:37.0623 AM
[ReportManager] Element Action [Select] successfully performed. With the following test data [Dog]. @23-10-2021 02:00:37.0838 AM
[ReportManager] Element Action [Select] successfully performed. With the following test data [Cat]. @23-10-2021 02:00:38.0020 AM
[ReportManager] Element Action [GetSelectedText] successfully performed. With the following test data [DogCat]. @23-10-2021 02:00:38.0172 AM
[ReportManager] DogCat @23-10-2021 02:00:38.0173 AM
[ReportManager] Element Action [GetSelectedText] successfully performed. With the following test data [DogCat]. @23-10-2021 02:00:38.0278 AM
[ReportManager] Loaded Shared OpenCV @23-10-2021 02:00:38.0382 AM
[ReportManager] Assertion [ValidateElementAttribute] PASSED. Expected [Value Should be 'DogCat' for the 'selectedText' attribute, element locator 'By.tagName: select'] and Actual [DogCat]. Comparison Type [EQUALS]. Validation Type [POSITIVE]. @23-10-2021 02:00:38.0436 AM
[ReportManager] Successfully created attachment [Screenshot - 1634954438382_multipleSelect_ValidateElementAttribute_passed] @23-10-2021 02:00:38.0437 AM
[ReportManager] Browser Action [CloseCurrentWindow] successfully performed. @23-10-2021 02:00:38.0525 AM
[ReportManager] Successfully created attachment [Browser Action Test Data - CloseCurrentWindow - Actual Value] @23-10-2021 02:00:38.0525 A

################################################################################################################################################
Starting Execution:	[139 out of 143] test cases in the current suite
Test Method:		[testPackage01.Test_SelectedValue.simpleSelect]
################################################################################################################################################
[ReportManager] File Action [GetAbsolutePath] successfully performed. With the following test data [Relative Folder Path: "target/downloadedFiles/"]. @23-10-2021 02:00:38.0530 AM
[ReportManager] Attempting to run remotely on: [Linux-64], [GoogleChrome], [http://localhost:4444/wd/hub], Headless Execution. @23-10-2021 02:00:38.0530 AM
[ReportManager] Successfully Opened [GoogleChrome]. @23-10-2021 02:00:38.0712 AM
[ReportManager] Target URL: [https://yari-demos.prod.mdn.mozit.cloud/en-US/docs/Web/HTML/Element/select/_sample_.Basic_select.html] @23-10-2021 02:00:38.0722 AM
[ReportManager] Initial URL: [data:,] @23-10-2021 02:00:38.0765 AM
[ReportManager] Browser Action [NavigateToURL] successfully performed. With the following test data [https://yari-demos.prod.mdn.mozit.cloud/en-US/docs/Web/HTML/Element/select/_sample_.Basic_select.html]. @23-10-2021 02:00:39.0006 AM
[ReportManager] Element Action [Select] successfully performed. With the following test data [Third Value]. @23-10-2021 02:00:39.0278 AM
[ReportManager] Element Action [GetSelectedText] successfully performed. With the following test data [Third Value]. @23-10-2021 02:00:39.0386 AM
[ReportManager] Third Value @23-10-2021 02:00:39.0387 AM
[ReportManager] Element Action [GetSelectedText] successfully performed. With the following test data [Third Value]. @23-10-2021 02:00:39.0476 AM
[ReportManager] Loaded Shared OpenCV @23-10-2021 02:00:39.0584 AM
[ReportManager] Assertion [ValidateElementAttribute] PASSED. Expected [Value Should be 'Third Value' for the 'selectedText' attribute, element locator 'By.tagName: select'] and Actual [Third Value]. Comparison Type [EQUALS]. Validation Type [POSITIVE]. @23-10-2021 02:00:39.0652 AM
[ReportManager] Successfully created attachment [Screenshot - 1634954439584_simpleSelect_ValidateElementAttribute_passed] @23-10-2021 02:00:39.0653 AM
[ReportManager] Browser Action [CloseCurrentWindow] successfully performed. @23-10-2021 02:00:39.0740 AM
[ReportManager] Successfully created attachment [Browser Action Test Data - CloseCurrentWindow - Actual Value] @23-10-2021 02:00:39.0740 A

################################################################################################################################################
Starting Execution:	[140 out of 143] test cases in the current suite
Test Method:		[testPackage01.Test_JSONFileManager.readStringFromJson]
################################################################################################################################################
[ReportManager] Successfully loaded the following test data file [src/test/resources/TestDataFiles/simpleJSON.json]. @23-10-2021 02:00:39.0744 AM
[ReportManager] Successfully created attachment [Test Data - JSON] @23-10-2021 02:00:39.0745 AM
[ReportManager] Assertion [ValidateEquals] PASSED. Expected [Mohab Mohie] and Actual [Mohab Mohie]. Comparison Type [EQUALS]. Validation Type [POSITIVE]. @23-10-2021 02:00:39.0765 A
[ReportManager] Successfully loaded the following test data file [src/test/resources/TestDataFiles/testSuite01/TestData.xlsx]. @23-10-2021 02:00:39.0814 AM
[ReportManager] Successfully created attachment [Test Data - Excel] @23-10-2021 02:00:39.0814 AM
[ReportManager] Attempting to run using Playwright locally on: [Linux-64], [GoogleChrome], Headless Execution. @23-10-2021 02:00:54.0654 AM
[ReportManager] File Action [GetAbsolutePath] successfully performed. With the following test data [Relative Folder Path: "target/downloadedFiles/"]. @23-10-2021 02:00:54.0655 AM
[ReportManager] Initial window size: (1280, 720) @23-10-2021 02:00:55.0384 AM
[ReportManager] Window size after Toolkit: com.microsoft.playwright.options.ViewportSize@120c9f71 @23-10-2021 02:00:55.0389 AM
[ReportManager] Browser Action [MaximizeWindow] successfully performed. With the following test data [New screen size is now: (1920, 1080)]. @23-10-2021 02:00:55.0390 A

################################################################################################################################################
Starting Execution:	[141 out of 143] test cases in the current suite
Test Method:		[testPackage01.Test_google_playwright.navigateToURLandVerifyGoogleLogoIsDisplayed]
Test Description:	[TC001 - Navigate to URL and Verify Google Logo is Displayed]
################################################################################################################################################
[ReportManager] Target URL: [https://www.google.com/ncr], and after redirection: [https://www.google.com] @23-10-2021 02:00:55.0397 AM
[ReportManager] Initial URL: [about:blank] @23-10-2021 02:00:55.0875 AM
[ReportManager] Browser Action [NavigateToURL] successfully performed. With the following test data [https://www.google.com/ncr]. @23-10-2021 02:00:58.0122 AM
[ReportManager] Loaded Shared OpenCV @23-10-2021 02:00:58.0351 AM
[ReportManager] Assertion [ValidateElementExists] PASSED. Expected [Element Should Exist, locator 'xpath=//*[@id='hplogo' or @alt='Google']'] and Actual [Element Exists]. Comparison Type [EQUALS]. Validation Type [POSITIVE]. @23-10-2021 02:00:58.0527 AM
[ReportManager] Successfully created attachment [Screenshot - 1634954458347_navigateToURLandVerifyGoogleLogoIsDisplayed_ValidateElementExists_passed] @23-10-2021 02:00:58.0528 A

################################################################################################################################################
Starting Execution:	[142 out of 143] test cases in the current suite
Test Method:		[testPackage01.Test_google_playwright.searchForQueryandAssertResultsNumDisplayed]
Test Description:	[TC002 - Search for Query and Assert that the number of results is displayed]
################################################################################################################################################
[ReportManager] Element Action [Type] successfully performed. With the following test data [SHAFT_Engine]. @23-10-2021 02:00:58.0893 AM
[ReportManager] Element Action [KeyPress] successfully performed. With the following test data [Enter]. @23-10-2021 02:00:58.0922 AM
[ReportManager] Element Action [GetText] successfully performed. With the following test data [About 1,070,000 results (0.66 seconds)]. @23-10-2021 02:00:59.0818 AM
[ReportManager] Loaded Shared OpenCV @23-10-2021 02:01:01.0969 AM
[ReportManager] Assertion [ValidateElementAttribute] PASSED. Expected [Value Should not be '' for the 'text' attribute, element locator 'xpath=//div[@id='appbar']'] and Actual [About 1,070,000 results (0.66 seconds)]. Comparison Type [EQUALS]. Validation Type [NEGATIVE]. @23-10-2021 02:01:02.0206 AM
[ReportManager] Successfully created attachment [Screenshot - 1634954461968_searchForQueryandAssertResultsNumDisplayed_ValidateElementAttribute_passed] @23-10-2021 02:01:02.0208 A

################################################################################################################################################
Starting Execution:	[143 out of 143] test cases in the current suite
Test Method:		[testPackage01.Test_google_playwright.clickNextThrice]
Test Description:	[TC003 - Clicks the next button to make sure that the framework can scroll element into view before clicking it]
################################################################################################################################################
[ReportManager] Element Action [Click] successfully performed. With the following test data [Next]. @23-10-2021 02:01:02.0444 A
[ReportManager] Failed to find video recording. @23-10-2021 02:01:02.0450 AM
[ReportManager] Successfully Closed PlayWright Driver. @23-10-2021 02:01:02.0498 A

################################################################################################################################################
Test Closure Activities
################################################################################################################################################
[ReportManager] Successfully created attachment [SHAFT Engine Logs - Execution log] @23-10-2021 02:01:02.0518 AM

################################################################################################################################################
This test run was powered by SHAFT Engine Version: [SHAFT Engine v5.4.20211011]
SHAFT Engine is licensed under the MIT License: [https://github.com/MohabMohie/SHAFT_ENGINE/blob/master/LICENSE].
################################################################################################################################################