################################################################################################################################################
Detected SHAFT Engine Version: [SHAFT Engine v5.3.20210902]
################################################################################################################################################

################################################################################################################################################
Starting Execution:	[1 out of 143] test cases in the current suite
Test Method:		[testPackage01.Test_AssertApiResponseEquals.assertApiResponseEquals_expectedToPass]
################################################################################################################################################
[ReportManager] Response status code: [200], status line: [HTTP/1.1 200 OK] @19-09-2021 01:53:04.0263 AM
[ReportManager] Assertion Passed: Evaluating the actual response status code against the expected one... @19-09-2021 01:53:04.0282 AM
[ReportManager] Assertion [ValidateEquals] PASSED. Expected [200] and Actual [200]. Comparison Type [EQUALS]. Validation Type [POSITIVE]. @19-09-2021 01:53:04.0287 AM
[ReportManager] API Action [PerformRequest] successfully performed. With the following test data [Request Type: "GET" | Target Status Code: "200" | Service URL: "https://jsonplaceholder.typicode.com/users" | Content Type: "*/*" | Response Time: "939ms"]. @19-09-2021 01:53:05.0700 AM
[ReportManager] Successfully created attachment [API Request - Specifications] @19-09-2021 01:53:05.0704 AM
[ReportManager] Successfully created attachment [API Response - JSON Body] @19-09-2021 01:53:06.0011 AM
[ReportManager] API Action [GetResponseJSONValueAsList] successfully performed. With the following test data [$]. @19-09-2021 01:53:06.0024 AM
[ReportManager] API Action [GetResponseJSONValue] successfully performed. With the following test data [name]. @19-09-2021 01:53:06.0054 AM
[ReportManager] API Action [GetResponseJSONValue] successfully performed. With the following test data [email]. @19-09-2021 01:53:06.0089 AM
[ReportManager] Verification [ValidateEquals] PASSED. Expected [Sincere@april.biz] and Actual [Sincere@april.biz]. Comparison Type [EQUALS]. Validation Type [POSITIVE]. @19-09-2021 01:53:06.0090 AM
[ReportManager] API Action [GetResponseJSONValue] successfully performed. With the following test data [username]. @19-09-2021 01:53:06.0123 AM
[ReportManager] Assertion [ValidateEquals] PASSED. Expected [Bret] and Actual [Bret]. Comparison Type [EQUALS]. Validation Type [POSITIVE]. @19-09-2021 01:53:06.0128 AM
[ReportManager] API Action [GetResponseJSONValue] successfully performed. With the following test data [name]. @19-09-2021 01:53:06.0148 AM
[ReportManager] API Action [GetResponseJSONValue] successfully performed. With the following test data [name]. @19-09-2021 01:53:06.0167 AM
[ReportManager] API Action [GetResponseJSONValue] successfully performed. With the following test data [name]. @19-09-2021 01:53:06.0186 AM
[ReportManager] API Action [GetResponseJSONValue] successfully performed. With the following test data [name]. @19-09-2021 01:53:06.0210 AM
[ReportManager] API Action [GetResponseJSONValue] successfully performed. With the following test data [name]. @19-09-2021 01:53:06.0229 AM
[ReportManager] API Action [GetResponseJSONValue] successfully performed. With the following test data [name]. @19-09-2021 01:53:06.0248 AM
[ReportManager] API Action [GetResponseJSONValue] successfully performed. With the following test data [name]. @19-09-2021 01:53:06.0266 AM
[ReportManager] API Action [GetResponseJSONValue] successfully performed. With the following test data [name]. @19-09-2021 01:53:06.0286 AM
[ReportManager] API Action [GetResponseJSONValue] successfully performed. With the following test data [name]. @19-09-2021 01:53:06.0308 AM
[ReportManager] File Action [GetAbsolutePath] successfully performed. With the following test data [Relative Folder Path: "target/downloadedFiles/"]. @19-09-2021 01:53:06.0489 AM
[ReportManager] Attempting to run locally on: [Windows-64], [MicrosoftEdge], Headless Execution. @19-09-2021 01:53:06.0501 AM
[ReportManager] Identifying OS/Driver combination and selecting the correct driver version automatically. Please note that if a new driver executable will be downloaded it may take some time... @19-09-2021 01:53:06.0501 AM
[ReportManager] Successfully Opened Microsoft Edge. @19-09-2021 01:53:20.0225 AM
[ReportManager] Initial window size: (1004, 708) @19-09-2021 01:53:20.0259 AM
[ReportManager] Window size after SWD Maximize: (1040, 744) @19-09-2021 01:53:20.0411 AM
[ReportManager] Browser Action [MaximizeWindow] successfully performed. With the following test data [New screen size is now: (1040, 744)]. @19-09-2021 01:53:20.0415 AM

################################################################################################################################################
Starting Execution:	[2 out of 143] test cases in the current suite
Test Method:		[testPackage01.Test_assertEquals.test_assertElementAttribute]
################################################################################################################################################
[ReportManager] Target URL: [https://www.google.com/ncr], and after redirection: [https://www.google.com] @19-09-2021 01:53:20.0424 AM
[ReportManager] Initial URL: [data:,] @19-09-2021 01:53:20.0487 AM
[ReportManager] Browser Action [NavigateToURL] successfully performed. With the following test data [https://www.google.com/ncr]. @19-09-2021 01:53:21.0981 AM
[ReportManager] Element Action [Type] successfully performed. With the following test data [INC_004010050:Another SCHEDULER with the same name [Duplicate Job Name] already exists.]. @19-09-2021 01:53:22.0693 AM
[ReportManager] Element Action [GetText] successfully performed. With the following test data [INC_004010050:Another SCHEDULER with the same name [Duplicate Job Name] already exists.]. @19-09-2021 01:53:22.0772 AM
[ReportManager] Loaded Shared OpenCV @19-09-2021 01:53:23.0847 AM
[ReportManager] Assertion [ValidateElementAttribute] PASSED. Expected [Value Should be 'INC_004010050:Another SCHEDULER with the same name \[Duplicate Job Name\] already exists.' for the 'text' attribute, element locator 'By.name: q'] and Actual [INC_004010050:Another SCHEDULER with the same name [Duplicate Job Name] already exists.]. Comparison Type [MATCHES]. Validation Type [POSITIVE]. @19-09-2021 01:53:24.0330 AM
[ReportManager] Successfully created attachment [Screenshot - 1632016402932_test_assertElementAttribute_ValidateElementAttribute_passed] @19-09-2021 01:53:24.0345 AM
[ReportManager] Browser Action [CloseCurrentWindow] successfully performed. @19-09-2021 01:53:24.0519 AM
[ReportManager] Successfully created attachment [Browser Action Test Data - CloseCurrentWindow - Actual Value] @19-09-2021 01:53:24.0528 AM

################################################################################################################################################
Starting Execution:	[3 out of 143] test cases in the current suite
Test Method:		[testPackage01.Test_chainableElementActions.chainElementActions]
################################################################################################################################################
[ReportManager] File Action [GetAbsolutePath] successfully performed. With the following test data [Relative Folder Path: "target/downloadedFiles/"]. @19-09-2021 01:53:24.0534 AM
[ReportManager] Attempting to run locally on: [Windows-64], [GoogleChrome], Headless Execution. @19-09-2021 01:53:24.0537 AM
[ReportManager] Identifying OS/Driver combination and selecting the correct driver version automatically. Please note that if a new driver executable will be downloaded it may take some time... @19-09-2021 01:53:24.0538 AM
[ReportManager] Successfully Opened Google Chrome. @19-09-2021 01:53:30.0834 AM
[ReportManager] Target URL: [https://www.google.com/ncr], and after redirection: [https://www.google.com] @19-09-2021 01:53:30.0843 AM
[ReportManager] Initial URL: [data:,] @19-09-2021 01:53:30.0886 AM
[ReportManager] Browser Action [NavigateToURL] successfully performed. With the following test data [https://www.google.com/ncr]. @19-09-2021 01:53:34.0163 AM
[ReportManager] Element Action [Type] successfully performed. With the following test data [chained type 1]. @19-09-2021 01:53:34.0491 AM
[ReportManager] Element Action [Type] successfully performed. With the following test data [chained type 2]. @19-09-2021 01:53:34.0773 AM
[ReportManager] Element Action [TypeAppend] successfully performed. With the following test data [345]. @19-09-2021 01:53:34.0861 AM
[ReportManager] Element Action [GetText] successfully performed. With the following test data [chained type 2345]. @19-09-2021 01:53:34.0970 AM
[ReportManager] Loaded Shared OpenCV @19-09-2021 01:53:35.0089 AM
[ReportManager] Assertion [ValidateElementAttribute] PASSED. Expected [Value Should be 'chained type 2345' for the 'text' attribute, element locator 'By.name: q'] and Actual [chained type 2345]. Comparison Type [EQUALS]. Validation Type [POSITIVE]. @19-09-2021 01:53:35.0211 AM
[ReportManager] Successfully created attachment [Screenshot - 1632016415088_chainElementActions_ValidateElementAttribute_passed] @19-09-2021 01:53:35.0215 AM
[ReportManager] Browser Action [CloseCurrentWindow] successfully performed. @19-09-2021 01:53:35.0399 AM
[ReportManager] Successfully created attachment [Browser Action Test Data - CloseCurrentWindow - Actual Value] @19-09-2021 01:53:35.0401 AM
[ReportManager] File Action [GetAbsolutePath] successfully performed. With the following test data [Relative Folder Path: "target/downloadedFiles/"]. @19-09-2021 01:53:35.0447 AM
[ReportManager] Attempting to run locally on: [Windows-64], [MicrosoftEdge], Headless Execution. @19-09-2021 01:53:35.0451 AM
[ReportManager] Identifying OS/Driver combination and selecting the correct driver version automatically. Please note that if a new driver executable will be downloaded it may take some time... @19-09-2021 01:53:35.0452 AM
[ReportManager] Successfully Opened Microsoft Edge. @19-09-2021 01:53:36.0433 AM
[ReportManager] Initial window size: (1004, 708) @19-09-2021 01:53:36.0446 AM
[ReportManager] Window size after SWD Maximize: (1040, 744) @19-09-2021 01:53:36.0566 AM
[ReportManager] Browser Action [MaximizeWindow] successfully performed. With the following test data [New screen size is now: (1040, 744)]. @19-09-2021 01:53:36.0566 AM

################################################################################################################################################
Starting Execution:	[4 out of 143] test cases in the current suite
Test Method:		[testPackage01.Test_clipboardActions.typeTextAndCopyPaste]
################################################################################################################################################
[ReportManager] Target URL: [https://www.google.com/ncr], and after redirection: [https://www.google.com] @19-09-2021 01:53:36.0579 AM
[ReportManager] Initial URL: [data:,] @19-09-2021 01:53:36.0620 AM
[ReportManager] Browser Action [NavigateToURL] successfully performed. With the following test data [https://www.google.com/ncr]. @19-09-2021 01:53:37.0815 AM
[ReportManager] Element Action [Type] successfully performed. With the following test data [FIRST]. @19-09-2021 01:53:38.0145 AM
[ReportManager] Element Action [ClipboardActions] successfully performed. With the following test data [select all]. @19-09-2021 01:53:38.0234 AM
[ReportManager] Element Action [ClipboardActions] successfully performed. With the following test data [copy]. @19-09-2021 01:53:38.0282 AM
[ReportManager] Element Action [ClipboardActions] successfully performed. With the following test data [unselect]. @19-09-2021 01:53:38.0321 AM
[ReportManager] Element Action [ClipboardActions] successfully performed. With the following test data [paste]. @19-09-2021 01:53:38.0437 AM
[ReportManager] Element Action [ClipboardActions] successfully performed. With the following test data [select all]. @19-09-2021 01:53:38.0487 AM
[ReportManager] Element Action [Type] successfully performed. @19-09-2021 01:53:38.0728 AM
[ReportManager] Element Action [ClipboardActions] successfully performed. With the following test data [cut]. @19-09-2021 01:53:38.0729 AM
[ReportManager] Element Action [ClipboardActions] successfully performed. With the following test data [paste]. @19-09-2021 01:53:38.0771 AM
[ReportManager] Element Action [ClipboardActions] successfully performed. With the following test data [paste]. @19-09-2021 01:53:38.0833 AM
[ReportManager] Browser Action [CloseCurrentWindow] successfully performed. @19-09-2021 01:53:38.0992 AM
[ReportManager] Successfully created attachment [Browser Action Test Data - CloseCurrentWindow - Actual Value] @19-09-2021 01:53:38.0994 AM
[ReportManager] File Action [GetAbsolutePath] successfully performed. With the following test data [Relative Folder Path: "target/downloadedFiles/"]. @19-09-2021 01:53:39.0000 AM
[ReportManager] Attempting to run locally on: [Windows-64], [MicrosoftEdge], Headless Execution. @19-09-2021 01:53:39.0000 AM
[ReportManager] Identifying OS/Driver combination and selecting the correct driver version automatically. Please note that if a new driver executable will be downloaded it may take some time... @19-09-2021 01:53:39.0000 AM
[ReportManager] Successfully Opened Microsoft Edge. @19-09-2021 01:53:40.0027 AM
[ReportManager] Initial window size: (1004, 708) @19-09-2021 01:53:40.0040 AM
[ReportManager] Window size after SWD Maximize: (1040, 744) @19-09-2021 01:53:40.0160 AM
[ReportManager] Browser Action [MaximizeWindow] successfully performed. With the following test data [New screen size is now: (1040, 744)]. @19-09-2021 01:53:40.0160 AM

################################################################################################################################################
Starting Execution:	[5 out of 143] test cases in the current suite
Test Method:		[testPackage01.Test_dragAndDrop.dragAndDropJquery]
################################################################################################################################################
[ReportManager] Target URL: [https://jqueryui.com/resources/demos/droppable/default.html] @19-09-2021 01:53:40.0180 AM
[ReportManager] Initial URL: [data:,] @19-09-2021 01:53:40.0214 AM
[ReportManager] Browser Action [NavigateToURL] successfully performed. With the following test data [https://jqueryui.com/resources/demos/droppable/default.html]. @19-09-2021 01:53:40.0804 AM
[ReportManager] Element Action [GetText] successfully performed. With the following test data [Drop here]. @19-09-2021 01:53:40.0867 AM
[ReportManager] Element Action [DragAndDrop] successfully performed. With the following test data [Start point: (8, 18), End point: (8, 18)]. @19-09-2021 01:53:42.0287 AM
[ReportManager] Element Action [GetText] successfully performed. With the following test data [Dropped!]. @19-09-2021 01:53:42.0334 AM
[ReportManager] Assertion Passed: Checking to see if the text has changed after performing drag and drop @19-09-2021 01:53:42.0334 AM
[ReportManager] Assertion [ValidateEquals] PASSED. Expected [Drop here] and Actual [Dropped!]. Comparison Type [EQUALS]. Validation Type [NEGATIVE]. @19-09-2021 01:53:42.0334 AM
[ReportManager] Browser Action [CloseCurrentWindow] successfully performed. @19-09-2021 01:53:42.0472 AM
[ReportManager] Successfully created attachment [Browser Action Test Data - CloseCurrentWindow - Actual Value] @19-09-2021 01:53:42.0473 AM
[ReportManager] File Action [GetAbsolutePath] successfully performed. With the following test data [Relative Folder Path: "target/downloadedFiles/"]. @19-09-2021 01:53:42.0478 AM
[ReportManager] Attempting to run locally on: [Windows-64], [MicrosoftEdge], Headless Execution. @19-09-2021 01:53:42.0481 AM
[ReportManager] Identifying OS/Driver combination and selecting the correct driver version automatically. Please note that if a new driver executable will be downloaded it may take some time... @19-09-2021 01:53:42.0482 AM
[ReportManager] Successfully Opened Microsoft Edge. @19-09-2021 01:53:43.0313 AM
[ReportManager] Initial window size: (1004, 708) @19-09-2021 01:53:43.0326 AM
[ReportManager] Window size after SWD Maximize: (1040, 744) @19-09-2021 01:53:43.0450 AM
[ReportManager] Browser Action [MaximizeWindow] successfully performed. With the following test data [New screen size is now: (1040, 744)]. @19-09-2021 01:53:43.0451 AM

################################################################################################################################################
Starting Execution:	[6 out of 143] test cases in the current suite
Test Method:		[testPackage01.Test_dragAndDrop.dragAndDrop]
Test Description:	[TC001 - Test Drag and Drop function.]
################################################################################################################################################
[ReportManager] Target URL: [http://the-internet.herokuapp.com/drag_and_drop] @19-09-2021 01:53:43.0463 AM
[ReportManager] Initial URL: [data:,] @19-09-2021 01:53:43.0582 AM
[ReportManager] Browser Action [NavigateToURL] successfully performed. With the following test data [http://the-internet.herokuapp.com/drag_and_drop]. @19-09-2021 01:53:44.0056 AM
[ReportManager] Attempting Drag and Drop @19-09-2021 01:53:44.0056 AM
[ReportManager] Element Action [DragAndDrop] successfully performed. With the following test data [Start point: (44, 89), End point: (259, 89)]. @19-09-2021 01:53:45.0210 AM
[ReportManager] Browser Action [CloseCurrentWindow] successfully performed. @19-09-2021 01:53:45.0338 AM
[ReportManager] Successfully created attachment [Browser Action Test Data - CloseCurrentWindow - Actual Value] @19-09-2021 01:53:45.0338 AM
[ReportManager] File Action [GetAbsolutePath] successfully performed. With the following test data [Relative Folder Path: "target/downloadedFiles/"]. @19-09-2021 01:53:45.0341 AM
[ReportManager] Attempting to run locally on: [Windows-64], [MicrosoftEdge], Headless Execution. @19-09-2021 01:53:45.0341 AM
[ReportManager] Identifying OS/Driver combination and selecting the correct driver version automatically. Please note that if a new driver executable will be downloaded it may take some time... @19-09-2021 01:53:45.0342 AM
[ReportManager] Successfully Opened Microsoft Edge. @19-09-2021 01:53:46.0357 AM
[ReportManager] Initial window size: (1004, 708) @19-09-2021 01:53:46.0368 AM
[ReportManager] Window size after SWD Maximize: (1040, 744) @19-09-2021 01:53:46.0493 AM
[ReportManager] Browser Action [MaximizeWindow] successfully performed. With the following test data [New screen size is now: (1040, 744)]. @19-09-2021 01:53:46.0493 AM

################################################################################################################################################
Starting Execution:	[7 out of 143] test cases in the current suite
Test Method:		[testPackage01.Test_dragAndDrop.dragAndDropByOffset]
Test Description:	[TC002 - Test Drag and Drop by offset function.]
################################################################################################################################################
[ReportManager] Target URL: [https://jqueryui.com/resources/demos/draggable/default.html] @19-09-2021 01:53:46.0498 AM
[ReportManager] Initial URL: [data:,] @19-09-2021 01:53:46.0528 AM
[ReportManager] Browser Action [NavigateToURL] successfully performed. With the following test data [https://jqueryui.com/resources/demos/draggable/default.html]. @19-09-2021 01:53:46.0968 AM
[ReportManager] Element Action [DragAndDropByOffset] successfully performed. With the following test data [Start point: (8, 8), End point: (108, 58)]. @19-09-2021 01:53:47.0432 AM
[ReportManager] Browser Action [CloseCurrentWindow] successfully performed. @19-09-2021 01:53:47.0549 AM
[ReportManager] Successfully created attachment [Browser Action Test Data - CloseCurrentWindow - Actual Value] @19-09-2021 01:53:47.0549 AM
[ReportManager] File Action [GetAbsolutePath] successfully performed. With the following test data [Relative Folder Path: "target/downloadedFiles/"]. @19-09-2021 01:53:47.0555 AM
[ReportManager] Attempting to run locally on: [Windows-64], [MicrosoftEdge], Headless Execution. @19-09-2021 01:53:47.0555 AM
[ReportManager] Identifying OS/Driver combination and selecting the correct driver version automatically. Please note that if a new driver executable will be downloaded it may take some time... @19-09-2021 01:53:47.0556 AM
[ReportManager] Successfully Opened Microsoft Edge. @19-09-2021 01:53:48.0529 AM
[ReportManager] Initial window size: (1004, 708) @19-09-2021 01:53:48.0545 AM
[ReportManager] Window size after SWD Maximize: (1040, 744) @19-09-2021 01:53:48.0673 AM
[ReportManager] Browser Action [MaximizeWindow] successfully performed. With the following test data [New screen size is now: (1040, 744)]. @19-09-2021 01:53:48.0674 AM

################################################################################################################################################
Starting Execution:	[8 out of 143] test cases in the current suite
Test Method:		[testPackage01.Test_dynamicLoading.dynamicLoading_elementIsHidden]
################################################################################################################################################
[ReportManager] Target URL: [https://the-internet.herokuapp.com/dynamic_loading/1] @19-09-2021 01:53:48.0678 AM
[ReportManager] Initial URL: [data:,] @19-09-2021 01:53:48.0710 AM
[ReportManager] Browser Action [NavigateToURL] successfully performed. With the following test data [https://the-internet.herokuapp.com/dynamic_loading/1]. @19-09-2021 01:53:49.0145 AM
[ReportManager] Element Action [Click] successfully performed. With the following test data [Start]. @19-09-2021 01:53:49.0570 AM
[ReportManager] Element Action [GetText] successfully performed. With the following test data [
    Hello World!
  ]. @19-09-2021 01:53:49.0649 AM
[ReportManager] Loaded Shared OpenCV @19-09-2021 01:53:49.0793 AM
[ReportManager] Assertion [ValidateElementAttribute] PASSED. Expected [Value Should be 'Hello World!' for the 'text' attribute, element locator 'By.id: finish'] and Actual [
    Hello World!
  ]. Comparison Type [CONTAINS]. Validation Type [POSITIVE]. @19-09-2021 01:53:49.0910 AM
[ReportManager] Successfully created attachment [Screenshot - 1632016429793_dynamicLoading_elementIsHidden_ValidateElementAttribute_passed] @19-09-2021 01:53:49.0912 AM
[ReportManager] Browser Action [CloseCurrentWindow] successfully performed. @19-09-2021 01:53:50.0069 AM
[ReportManager] Successfully created attachment [Browser Action Test Data - CloseCurrentWindow - Actual Value] @19-09-2021 01:53:50.0070 AM
[ReportManager] File Action [GetAbsolutePath] successfully performed. With the following test data [Relative Folder Path: "target/downloadedFiles/"]. @19-09-2021 01:53:50.0074 AM
[ReportManager] Attempting to run locally on: [Windows-64], [MicrosoftEdge], Headless Execution. @19-09-2021 01:53:50.0074 AM
[ReportManager] Identifying OS/Driver combination and selecting the correct driver version automatically. Please note that if a new driver executable will be downloaded it may take some time... @19-09-2021 01:53:50.0074 AM
[ReportManager] Successfully Opened Microsoft Edge. @19-09-2021 01:53:51.0090 AM
[ReportManager] Initial window size: (1004, 708) @19-09-2021 01:53:51.0098 AM
[ReportManager] Window size after SWD Maximize: (1040, 744) @19-09-2021 01:53:51.0225 AM
[ReportManager] Browser Action [MaximizeWindow] successfully performed. With the following test data [New screen size is now: (1040, 744)]. @19-09-2021 01:53:51.0227 AM

################################################################################################################################################
Starting Execution:	[9 out of 143] test cases in the current suite
Test Method:		[testPackage01.Test_dynamicLoading.dynamicLoading_elementIsRendered]
################################################################################################################################################
[ReportManager] Target URL: [https://the-internet.herokuapp.com/dynamic_loading/2] @19-09-2021 01:53:51.0231 AM
[ReportManager] Initial URL: [data:,] @19-09-2021 01:53:51.0264 AM
[ReportManager] Browser Action [NavigateToURL] successfully performed. With the following test data [https://the-internet.herokuapp.com/dynamic_loading/2]. @19-09-2021 01:53:51.0706 AM
[ReportManager] Element Action [Click] successfully performed. With the following test data [Start]. @19-09-2021 01:53:52.0090 AM
[ReportManager] Element Action [GetText] successfully performed. With the following test data [Hello World!]. @19-09-2021 01:53:57.0215 AM
[ReportManager] Loaded Shared OpenCV @19-09-2021 01:53:57.0353 AM
[ReportManager] Assertion [ValidateElementAttribute] PASSED. Expected [Value Should be 'Hello World!' for the 'text' attribute, element locator 'By.id: finish'] and Actual [Hello World!]. Comparison Type [CONTAINS]. Validation Type [POSITIVE]. @19-09-2021 01:53:57.0468 AM
[ReportManager] Successfully created attachment [Screenshot - 1632016437353_dynamicLoading_elementIsRendered_ValidateElementAttribute_passed] @19-09-2021 01:53:57.0470 AM
[ReportManager] Browser Action [CloseCurrentWindow] successfully performed. @19-09-2021 01:53:57.0724 AM
[ReportManager] Successfully created attachment [Browser Action Test Data - CloseCurrentWindow - Actual Value] @19-09-2021 01:53:57.0725 AM
[ReportManager] Successfully loaded the following test data file [src/test/resources/TestDataFiles/testSuite01/TestData.xlsx]. @19-09-2021 01:53:58.0893 AM
[ReportManager] Successfully created attachment [Test Data - Excel] @19-09-2021 01:53:58.0894 AM
[ReportManager] File Action [GetAbsolutePath] successfully performed. With the following test data [Relative Folder Path: "target/downloadedFiles/"]. @19-09-2021 01:53:58.0894 AM
[ReportManager] Attempting to run locally on: [Windows-64], [MicrosoftEdge], Headless Execution. @19-09-2021 01:53:58.0894 AM
[ReportManager] Identifying OS/Driver combination and selecting the correct driver version automatically. Please note that if a new driver executable will be downloaded it may take some time... @19-09-2021 01:53:58.0894 AM
[ReportManager] Successfully Opened Microsoft Edge. @19-09-2021 01:53:59.0908 AM
[ReportManager] Initial window size: (1004, 708) @19-09-2021 01:53:59.0919 AM
[ReportManager] Window size after SWD Maximize: (1040, 744) @19-09-2021 01:54:00.0038 AM
[ReportManager] Browser Action [MaximizeWindow] successfully performed. With the following test data [New screen size is now: (1040, 744)]. @19-09-2021 01:54:00.0039 AM

################################################################################################################################################
Starting Execution:	[10 out of 143] test cases in the current suite
Test Method:		[testPackage01.Test_google.navigateToURLandVerifyGoogleLogoIsDisplayed]
Test Description:	[TC001 - Navigate to URL and Verify Google Logo is Displayed]
################################################################################################################################################
[ReportManager] Target URL: [https://www.google.com/ncr], and after redirection: [https://www.google.com] @19-09-2021 01:54:00.0043 AM
[ReportManager] Initial URL: [data:,] @19-09-2021 01:54:00.0075 AM
[ReportManager] Browser Action [NavigateToURL] successfully performed. With the following test data [https://www.google.com/ncr]. @19-09-2021 01:54:01.0215 AM
[ReportManager] Loaded Shared OpenCV @19-09-2021 01:54:01.0373 AM
[ReportManager] Assertion [ValidateElementExists] PASSED. Expected [Element Should Exist, locator 'By.xpath: //*[@id='hplogo' or @alt='Google']'] and Actual [Element Exists]. Comparison Type [EQUALS]. Validation Type [POSITIVE]. @19-09-2021 01:54:01.0520 AM
[ReportManager] Successfully created attachment [Screenshot - 1632016441373_navigateToURLandVerifyGoogleLogoIsDisplayed_ValidateElementExists_passed] @19-09-2021 01:54:01.0522 AM

################################################################################################################################################
Starting Execution:	[11 out of 143] test cases in the current suite
Test Method:		[testPackage01.Test_google.searchForQueryandAssertResultsNumDisplayed]
Test Description:	[TC002 - Search for Query and Assert that the number of results is displayed]
################################################################################################################################################
[ReportManager] Element Action [Type] successfully performed. With the following test data [SHAFT_Engine]. @19-09-2021 01:54:01.0854 AM
[ReportManager] Element Action [KeyPress] successfully performed. With the following test data [Enter]. @19-09-2021 01:54:03.0527 AM
[ReportManager] Element Action [GetText] successfully performed. With the following test data [About 968,000 results (0.72 seconds) ]. @19-09-2021 01:54:03.0589 AM
[ReportManager] Loaded Shared OpenCV @19-09-2021 01:54:03.0726 AM
[ReportManager] Assertion [ValidateElementAttribute] PASSED. Expected [Value Should not be '' for the 'Text' attribute, element locator 'By.id: appbar'] and Actual [About 968,000 results (0.72 seconds) ]. Comparison Type [EQUALS]. Validation Type [NEGATIVE]. @19-09-2021 01:54:03.0861 AM
[ReportManager] Successfully created attachment [Screenshot - 1632016443726_searchForQueryandAssertResultsNumDisplayed_ValidateElementAttribute_passed] @19-09-2021 01:54:03.0864 AM

################################################################################################################################################
Starting Execution:	[12 out of 143] test cases in the current suite
Test Method:		[testPackage01.Test_google.clickNextThrice]
Test Description:	[TC003 - Clicks the next button to make sure that the framework can scroll element into view before clicking it]
################################################################################################################################################
[ReportManager] Element Action [Click] successfully performed. With the following test data [Next]. @19-09-2021 01:54:05.0475 AM
[ReportManager] Browser Action [CloseCurrentWindow] successfully performed. @19-09-2021 01:54:05.0775 AM
[ReportManager] Successfully created attachment [Browser Action Test Data - CloseCurrentWindow - Actual Value] @19-09-2021 01:54:05.0787 AM
[ReportManager] Successfully loaded the following test data file [src/test/resources/TestDataFiles/testSuite01/TestData.xlsx]. @19-09-2021 01:54:05.0842 AM
[ReportManager] Successfully created attachment [Test Data - Excel] @19-09-2021 01:54:05.0843 AM
[ReportManager] Attempting to run using Playwright locally on: [Windows-64], [MicrosoftEdge], Headless Execution. @19-09-2021 01:54:20.0627 AM
[ReportManager] File Action [GetAbsolutePath] successfully performed. With the following test data [Relative Folder Path: "target/downloadedFiles/"]. @19-09-2021 01:54:20.0628 AM
[ReportManager] Initial window size: (1280, 720) @19-09-2021 01:54:21.0536 AM
[ReportManager] Window size after Toolkit: com.microsoft.playwright.options.ViewportSize@6360463 @19-09-2021 01:54:21.0543 AM
[ReportManager] Browser Action [MaximizeWindow] successfully performed. With the following test data [New screen size is now: (1920, 1080)]. @19-09-2021 01:54:21.0545 AM

################################################################################################################################################
Starting Execution:	[13 out of 143] test cases in the current suite
Test Method:		[testPackage01.Test_google_playwright.navigateToURLandVerifyGoogleLogoIsDisplayed]
Test Description:	[TC001 - Navigate to URL and Verify Google Logo is Displayed]
################################################################################################################################################
[ReportManager] Target URL: [https://www.google.com/ncr], and after redirection: [https://www.google.com] @19-09-2021 01:54:21.0563 AM
[ReportManager] Initial URL: [about:blank] @19-09-2021 01:54:22.0024 AM
[ReportManager] Browser Action [NavigateToURL] successfully performed. With the following test data [https://www.google.com/ncr]. @19-09-2021 01:54:23.0386 AM
[ReportManager] Loaded Shared OpenCV @19-09-2021 01:54:23.0657 AM
[ReportManager] Assertion [ValidateElementExists] PASSED. Expected [Element Should Exist, locator 'xpath=//*[@id='hplogo' or @alt='Google']'] and Actual [Element Exists]. Comparison Type [EQUALS]. Validation Type [POSITIVE]. @19-09-2021 01:54:23.0930 AM
[ReportManager] Successfully created attachment [Screenshot - 1632016463653_navigateToURLandVerifyGoogleLogoIsDisplayed_ValidateElementExists_passed] @19-09-2021 01:54:23.0932 AM

################################################################################################################################################
Starting Execution:	[14 out of 143] test cases in the current suite
Test Method:		[testPackage01.Test_google_playwright.searchForQueryandAssertResultsNumDisplayed]
Test Description:	[TC002 - Search for Query and Assert that the number of results is displayed]
################################################################################################################################################
[ReportManager] Element Action [Type] successfully performed. With the following test data [SHAFT_Engine]. @19-09-2021 01:54:24.0222 AM
[ReportManager] Element Action [KeyPress] successfully performed. With the following test data [Enter]. @19-09-2021 01:54:24.0258 AM
[ReportManager] Element Action [GetText] successfully performed. With the following test data [About 968,000 results (0.60 seconds) ]. @19-09-2021 01:54:25.0179 AM
[ReportManager] Loaded Shared OpenCV @19-09-2021 01:54:26.0500 AM
[ReportManager] Assertion [ValidateElementAttribute] PASSED. Expected [Value Should not be '' for the 'text' attribute, element locator 'xpath=//div[@id='appbar']'] and Actual [About 968,000 results (0.60 seconds) ]. Comparison Type [EQUALS]. Validation Type [NEGATIVE]. @19-09-2021 01:54:26.0803 AM
[ReportManager] Successfully created attachment [Screenshot - 1632016466498_searchForQueryandAssertResultsNumDisplayed_ValidateElementAttribute_passed] @19-09-2021 01:54:26.0808 AM

################################################################################################################################################
Starting Execution:	[15 out of 143] test cases in the current suite
Test Method:		[testPackage01.Test_google_playwright.clickNextThrice]
Test Description:	[TC003 - Clicks the next button to make sure that the framework can scroll element into view before clicking it]
################################################################################################################################################
[ReportManager] Element Action [Click] successfully performed. With the following test data [Next]. @19-09-2021 01:54:27.0075 AM
[ReportManager] Failed to find video recording. @19-09-2021 01:54:27.0080 AM
[ReportManager] Successfully Closed PlayWright Driver. @19-09-2021 01:54:27.0303 AM
[ReportManager] File Action [GetAbsolutePath] successfully performed. With the following test data [Relative Folder Path: "target/downloadedFiles/"]. @19-09-2021 01:54:27.0304 AM
[ReportManager] Attempting to run locally on: [Windows-64], [MicrosoftEdge], Headless Execution. @19-09-2021 01:54:27.0305 AM
[ReportManager] Identifying OS/Driver combination and selecting the correct driver version automatically. Please note that if a new driver executable will be downloaded it may take some time... @19-09-2021 01:54:27.0305 AM
[ReportManager] Successfully Opened Microsoft Edge. @19-09-2021 01:54:28.0358 AM
[ReportManager] Initial window size: (1004, 708) @19-09-2021 01:54:28.0367 AM
[ReportManager] Window size after SWD Maximize: (1040, 744) @19-09-2021 01:54:28.0487 AM
[ReportManager] Browser Action [MaximizeWindow] successfully performed. With the following test data [New screen size is now: (1040, 744)]. @19-09-2021 01:54:28.0489 AM

################################################################################################################################################
Starting Execution:	[16 out of 143] test cases in the current suite
Test Method:		[testPackage01.Test_IsElementClickable.testIsElementClickable]
################################################################################################################################################
[ReportManager] Target URL: [https://the-internet.herokuapp.com/] @19-09-2021 01:54:28.0496 AM
[ReportManager] Initial URL: [data:,] @19-09-2021 01:54:28.0537 AM
[ReportManager] Browser Action [NavigateToURL] successfully performed. With the following test data [https://the-internet.herokuapp.com/]. @19-09-2021 01:54:29.0037 AM
[ReportManager] Element Action [IsElementClickable] successfully performed. @19-09-2021 01:54:29.0167 AM
[ReportManager] Assertion [ValidateTrue] PASSED. Expected [TRUE] and Actual [TRUE]. Validation Type [POSITIVE]. @19-09-2021 01:54:29.0169 AM
[ReportManager] Browser Action [CloseCurrentWindow] successfully performed. @19-09-2021 01:54:29.0296 AM
[ReportManager] Successfully created attachment [Browser Action Test Data - CloseCurrentWindow - Actual Value] @19-09-2021 01:54:29.0297 AM

################################################################################################################################################
Starting Execution:	[17 out of 143] test cases in the current suite
Test Method:		[testPackage01.Test_JsonActions.f]
################################################################################################################################################

################################################################################################################################################
Starting Execution:	[18 out of 143] test cases in the current suite
Test Method:		[testPackage01.Test_JsonActions.f2]
################################################################################################################################################

################################################################################################################################################
Starting Execution:	[19 out of 143] test cases in the current suite
Test Method:		[testPackage01.Test_JsonCompareWithSpecialCharacters.specialCharacters]
################################################################################################################################################
[ReportManager] File Action [GetAbsolutePath] successfully performed. With the following test data [Relative Folder Path: "src/test/resources/TestJsonFiles/specialCharacters.json"]. @19-09-2021 01:54:29.0337 AM
[ReportManager] File Action [ReadFromFile] successfully performed. With the following test data [File Path: "D:\a\SHAFT_ENGINE\SHAFT_ENGINE\src\test\resources\TestJsonFiles\specialCharacters.json"]. @19-09-2021 01:54:29.0348 AM
[ReportManager] Successfully created attachment [File Action Actual Result - Command Log] @19-09-2021 01:54:29.0349 AM
[ReportManager] Comparing the provided API response with the file at this path "src/test/resources/TestJsonFiles/specialCharacters.json", comparison type "EQUALS" @19-09-2021 01:54:29.0351 AM
[ReportManager] API Action [CompareJSON] successfully performed. With the following test data [src/test/resources/TestJsonFiles/specialCharacters.json]. @19-09-2021 01:54:29.0375 AM
[ReportManager] File Action [GetAbsolutePath] successfully performed. With the following test data [Relative Folder Path: "src/test/resources/TestJsonFiles/specialCharacters.json"]. @19-09-2021 01:54:29.0375 AM
[ReportManager] File Action [ReadFromFile] successfully performed. With the following test data [File Path: "D:\a\SHAFT_ENGINE\SHAFT_ENGINE\src\test\resources\TestJsonFiles\specialCharacters.json"]. @19-09-2021 01:54:29.0379 AM
[ReportManager] Verification [ValidateJSONFileContent] PASSED. Expected [Response data should match the JSON File in this path 'src/test/resources/TestJsonFiles/specialCharacters.json'] and Actual [TRUE]. Comparison Type [EQUALS]. Validation Type [POSITIVE]. @19-09-2021 01:54:29.0385 AM
[ReportManager] Successfully created attachment [Validation Test Data - Expected JSON Value] @19-09-2021 01:54:29.0386 AM
[ReportManager] Successfully created attachment [Validation Test Data - Actual JSON Value] @19-09-2021 01:54:29.0387 AM

################################################################################################################################################
Starting Execution:	[20 out of 143] test cases in the current suite
Test Method:		[testPackage01.Test_JsonCompareWithSpecialCharacters.specialCharacters_assertion]
################################################################################################################################################
[ReportManager] File Action [GetAbsolutePath] successfully performed. With the following test data [Relative Folder Path: "src/test/resources/TestJsonFiles/specialCharacters.json"]. @19-09-2021 01:54:29.0395 AM
[ReportManager] File Action [ReadFromFile] successfully performed. With the following test data [File Path: "D:\a\SHAFT_ENGINE\SHAFT_ENGINE\src\test\resources\TestJsonFiles\specialCharacters.json"]. @19-09-2021 01:54:29.0396 AM
[ReportManager] Successfully created attachment [File Action Actual Result - Command Log] @19-09-2021 01:54:29.0397 AM
[ReportManager] Comparing the provided API response with the file at this path "src/test/resources/TestJsonFiles/specialCharacters.json", comparison type "CONTAINS" @19-09-2021 01:54:29.0397 AM
[ReportManager] API Action [CompareJSON] successfully performed. With the following test data [src/test/resources/TestJsonFiles/specialCharacters.json]. @19-09-2021 01:54:29.0422 AM
[ReportManager] File Action [GetAbsolutePath] successfully performed. With the following test data [Relative Folder Path: "src/test/resources/TestJsonFiles/specialCharacters.json"]. @19-09-2021 01:54:29.0430 AM
[ReportManager] File Action [ReadFromFile] successfully performed. With the following test data [File Path: "D:\a\SHAFT_ENGINE\SHAFT_ENGINE\src\test\resources\TestJsonFiles\specialCharacters.json"]. @19-09-2021 01:54:29.0431 AM
[ReportManager] Assertion Passed: trying out the log message @19-09-2021 01:54:29.0435 AM
[ReportManager] Successfully created attachment [Validation Test Data - Expected JSON Value] @19-09-2021 01:54:29.0437 AM
[ReportManager] Successfully created attachment [Validation Test Data - Actual JSON Value] @19-09-2021 01:54:29.0438 AM
[ReportManager] Assertion [ValidateJSONFileContent] PASSED. Expected [Response data should match the JSON File in this path 'src/test/resources/TestJsonFiles/specialCharacters.json'] and Actual [TRUE]. Comparison Type [CONTAINS]. Validation Type [POSITIVE]. @19-09-2021 01:54:29.0438 AM

################################################################################################################################################
Starting Execution:	[21 out of 143] test cases in the current suite
Test Method:		[testPackage01.Test_JSONFileManager.readStringFromJson]
################################################################################################################################################
[ReportManager] Successfully loaded the following test data file [src/test/resources/TestDataFiles/simpleJSON.json]. @19-09-2021 01:54:29.0708 AM
[ReportManager] Successfully created attachment [Test Data - JSON] @19-09-2021 01:54:29.0709 AM
[ReportManager] Assertion [ValidateEquals] PASSED. Expected [Mohab Mohie] and Actual [Mohab Mohie]. Comparison Type [EQUALS]. Validation Type [POSITIVE]. @19-09-2021 01:54:29.0731 AM

################################################################################################################################################
Starting Execution:	[22 out of 143] test cases in the current suite
Test Method:		[testPackage01.Test_NewValidationHelper.f1]
################################################################################################################################################
[ReportManager] Assertion Passed: Checking valid user data @19-09-2021 01:54:29.0735 AM
[ReportManager] Successfully created attachment [Validation Test Data - Expected Value] @19-09-2021 01:54:29.0736 AM
[ReportManager] Successfully created attachment [Validation Test Data - Actual Value] @19-09-2021 01:54:29.0736 AM
[ReportManager] Assertion [ValidateEquals] PASSED. Expected and Actual values are attached. Comparison Type [EQUALS]. Validation Type [POSITIVE]. @19-09-2021 01:54:29.0737 AM
[ReportManager] File Action [GetAbsolutePath] successfully performed. With the following test data [Relative Folder Path: "target/downloadedFiles/"]. @19-09-2021 01:54:29.0740 AM
[ReportManager] Attempting to run locally on: [Windows-64], [MicrosoftEdge], Headless Execution. @19-09-2021 01:54:29.0740 AM
[ReportManager] Identifying OS/Driver combination and selecting the correct driver version automatically. Please note that if a new driver executable will be downloaded it may take some time... @19-09-2021 01:54:29.0741 AM
[ReportManager] Successfully Opened Microsoft Edge. @19-09-2021 01:54:30.0738 AM
[ReportManager] Initial window size: (1004, 708) @19-09-2021 01:54:30.0748 AM
[ReportManager] Window size after SWD Maximize: (1040, 744) @19-09-2021 01:54:30.0865 AM
[ReportManager] Browser Action [MaximizeWindow] successfully performed. With the following test data [New screen size is now: (1040, 744)]. @19-09-2021 01:54:30.0865 AM
[ReportManager] Target URL: [https://the-internet.herokuapp.com/] @19-09-2021 01:54:30.0866 AM
[ReportManager] Initial URL: [data:,] @19-09-2021 01:54:30.0899 AM
[ReportManager] Browser Action [NavigateToURL] successfully performed. With the following test data [https://the-internet.herokuapp.com/]. @19-09-2021 01:54:31.0351 AM

################################################################################################################################################
Starting Execution:	[23 out of 143] test cases in the current suite
Test Method:		[testPackage01.Test_NewValidationHelper.f10]
################################################################################################################################################
[ReportManager] Assertion [ValidateElementExists] FAILED. Expected [Element Should Exist, locator 'By.tagName: div'] and Actual [Element Exists but is not unique]. Comparison Type [EQUALS]. Validation Type [POSITIVE]. @19-09-2021 01:54:31.0644 AM
[ReportManager] Successfully created attachment [Screenshot - 1632016471517_f10_ValidateElementExists_failed] @19-09-2021 01:54:31.0645 AM
[ReportManager] Successfully Closed All Drivers. @19-09-2021 01:54:31.0917 AM
[ReportManager] File Action [GetAbsolutePath] successfully performed. With the following test data [Relative Folder Path: "target/downloadedFiles/"]. @19-09-2021 01:54:31.0920 AM
[ReportManager] Attempting to run locally on: [Windows-64], [MicrosoftEdge], Headless Execution. @19-09-2021 01:54:31.0920 AM
[ReportManager] Identifying OS/Driver combination and selecting the correct driver version automatically. Please note that if a new driver executable will be downloaded it may take some time... @19-09-2021 01:54:31.0921 AM
[ReportManager] Successfully Opened Microsoft Edge. @19-09-2021 01:54:32.0895 AM
[ReportManager] Initial window size: (1004, 708) @19-09-2021 01:54:32.0906 AM
[ReportManager] Window size after SWD Maximize: (1040, 744) @19-09-2021 01:54:33.0027 AM
[ReportManager] Browser Action [MaximizeWindow] successfully performed. With the following test data [New screen size is now: (1040, 744)]. @19-09-2021 01:54:33.0027 AM
[ReportManager] Target URL: [https://the-internet.herokuapp.com/] @19-09-2021 01:54:33.0027 AM
[ReportManager] Initial URL: [data:,] @19-09-2021 01:54:33.0059 AM
[ReportManager] Browser Action [NavigateToURL] successfully performed. With the following test data [https://the-internet.herokuapp.com/]. @19-09-2021 01:54:33.0501 AM

################################################################################################################################################
Starting Execution:	[24 out of 143] test cases in the current suite
Test Method:		[testPackage01.Test_NewValidationHelper.f11]
################################################################################################################################################
[ReportManager] Assertion Passed: Checking that false tag doesn't exist @19-09-2021 01:54:43.0869 AM
[ReportManager] Successfully created attachment [Screenshot - 1632016483766_f11_ValidateElementExists_passed] @19-09-2021 01:54:43.0870 AM
[ReportManager] Assertion [ValidateElementExists] PASSED. Expected [Element Should not Exist, locator 'By.tagName: h3'] and Actual [Element Doesn't Exists]. Comparison Type [EQUALS]. Validation Type [NEGATIVE]. @19-09-2021 01:54:43.0870 AM
[ReportManager] Successfully Closed All Drivers. @19-09-2021 01:54:44.0024 AM
[ReportManager] File Action [GetAbsolutePath] successfully performed. With the following test data [Relative Folder Path: "target/downloadedFiles/"]. @19-09-2021 01:54:44.0031 AM
[ReportManager] Attempting to run locally on: [Windows-64], [MicrosoftEdge], Headless Execution. @19-09-2021 01:54:44.0031 AM
[ReportManager] Identifying OS/Driver combination and selecting the correct driver version automatically. Please note that if a new driver executable will be downloaded it may take some time... @19-09-2021 01:54:44.0031 AM
[ReportManager] Successfully Opened Microsoft Edge. @19-09-2021 01:54:45.0059 AM
[ReportManager] Initial window size: (1004, 708) @19-09-2021 01:54:45.0067 AM
[ReportManager] Window size after SWD Maximize: (1040, 744) @19-09-2021 01:54:45.0184 AM
[ReportManager] Browser Action [MaximizeWindow] successfully performed. With the following test data [New screen size is now: (1040, 744)]. @19-09-2021 01:54:45.0185 AM
[ReportManager] Target URL: [https://the-internet.herokuapp.com/] @19-09-2021 01:54:45.0185 AM
[ReportManager] Initial URL: [data:,] @19-09-2021 01:54:45.0214 AM
[ReportManager] Browser Action [NavigateToURL] successfully performed. With the following test data [https://the-internet.herokuapp.com/]. @19-09-2021 01:54:45.0665 AM

################################################################################################################################################
Starting Execution:	[25 out of 143] test cases in the current suite
Test Method:		[testPackage01.Test_NewValidationHelper.f12]
################################################################################################################################################
[ReportManager] Loaded Shared OpenCV @19-09-2021 01:54:45.0844 AM
[ReportManager] Assertion [ValidateElementExists] FAILED. Expected [Element Should not Exist, locator 'By.tagName: h1'] and Actual [Element Exists]. Comparison Type [EQUALS]. Validation Type [NEGATIVE]. @19-09-2021 01:54:45.0967 AM
[ReportManager] Successfully created attachment [Screenshot - 1632016485843_f12_ValidateElementExists_failed] @19-09-2021 01:54:45.0967 AM
[ReportManager] Successfully Closed All Drivers. @19-09-2021 01:54:46.0118 AM
[ReportManager] File Action [GetAbsolutePath] successfully performed. With the following test data [Relative Folder Path: "target/downloadedFiles/"]. @19-09-2021 01:54:46.0121 AM
[ReportManager] Attempting to run locally on: [Windows-64], [MicrosoftEdge], Headless Execution. @19-09-2021 01:54:46.0121 AM
[ReportManager] Identifying OS/Driver combination and selecting the correct driver version automatically. Please note that if a new driver executable will be downloaded it may take some time... @19-09-2021 01:54:46.0121 AM
[ReportManager] Successfully Opened Microsoft Edge. @19-09-2021 01:54:47.0053 AM
[ReportManager] Initial window size: (1004, 708) @19-09-2021 01:54:47.0061 AM
[ReportManager] Window size after SWD Maximize: (1040, 744) @19-09-2021 01:54:47.0181 AM
[ReportManager] Browser Action [MaximizeWindow] successfully performed. With the following test data [New screen size is now: (1040, 744)]. @19-09-2021 01:54:47.0181 AM
[ReportManager] Target URL: [https://the-internet.herokuapp.com/] @19-09-2021 01:54:47.0181 AM
[ReportManager] Initial URL: [data:,] @19-09-2021 01:54:47.0211 AM
[ReportManager] Browser Action [NavigateToURL] successfully performed. With the following test data [https://the-internet.herokuapp.com/]. @19-09-2021 01:54:47.0667 AM

################################################################################################################################################
Starting Execution:	[26 out of 143] test cases in the current suite
Test Method:		[testPackage01.Test_NewValidationHelper.f13]
################################################################################################################################################
[ReportManager] Assertion [ValidateElementExists] FAILED. Expected [Element Should not Exist, locator 'By.tagName: div'] and Actual [Element Exists but is not unique]. Comparison Type [EQUALS]. Validation Type [NEGATIVE]. @19-09-2021 01:54:47.0942 AM
[ReportManager] Successfully created attachment [Screenshot - 1632016487845_f13_ValidateElementExists_failed] @19-09-2021 01:54:47.0944 AM
[ReportManager] Successfully Closed All Drivers. @19-09-2021 01:54:48.0095 AM
[ReportManager] File Action [GetAbsolutePath] successfully performed. With the following test data [Relative Folder Path: "target/downloadedFiles/"]. @19-09-2021 01:54:48.0098 AM
[ReportManager] Attempting to run locally on: [Windows-64], [MicrosoftEdge], Headless Execution. @19-09-2021 01:54:48.0098 AM
[ReportManager] Identifying OS/Driver combination and selecting the correct driver version automatically. Please note that if a new driver executable will be downloaded it may take some time... @19-09-2021 01:54:48.0099 AM
[ReportManager] Successfully Opened Microsoft Edge. @19-09-2021 01:54:49.0021 AM
[ReportManager] Initial window size: (1004, 708) @19-09-2021 01:54:49.0032 AM
[ReportManager] Window size after SWD Maximize: (1040, 744) @19-09-2021 01:54:49.0153 AM
[ReportManager] Browser Action [MaximizeWindow] successfully performed. With the following test data [New screen size is now: (1040, 744)]. @19-09-2021 01:54:49.0153 AM
[ReportManager] Target URL: [https://the-internet.herokuapp.com/] @19-09-2021 01:54:49.0153 AM
[ReportManager] Initial URL: [data:,] @19-09-2021 01:54:49.0186 AM
[ReportManager] Browser Action [NavigateToURL] successfully performed. With the following test data [https://the-internet.herokuapp.com/]. @19-09-2021 01:54:49.0624 AM

################################################################################################################################################
Starting Execution:	[27 out of 143] test cases in the current suite
Test Method:		[testPackage01.Test_NewValidationHelper.f14]
################################################################################################################################################
[ReportManager] Element Action [GetText] successfully performed. With the following test data [Welcome to the-internet]. @19-09-2021 01:54:49.0703 AM
[ReportManager] Loaded Shared OpenCV @19-09-2021 01:54:49.0845 AM
[ReportManager] Assertion Passed: Asserting that the header text is correct @19-09-2021 01:54:49.0957 AM
[ReportManager] Successfully created attachment [Screenshot - 1632016489845_f14_ValidateElementAttribute_passed] @19-09-2021 01:54:49.0959 AM
[ReportManager] Assertion [ValidateElementAttribute] PASSED. Expected [Value Should be 'Welcome to the-internet' for the 'text' attribute, element locator 'By.tagName: h1'] and Actual [Welcome to the-internet]. Comparison Type [EQUALS]. Validation Type [POSITIVE]. @19-09-2021 01:54:49.0959 AM
[ReportManager] Successfully Closed All Drivers. @19-09-2021 01:54:50.0106 AM
[ReportManager] File Action [GetAbsolutePath] successfully performed. With the following test data [Relative Folder Path: "target/downloadedFiles/"]. @19-09-2021 01:54:50.0110 AM
[ReportManager] Attempting to run locally on: [Windows-64], [MicrosoftEdge], Headless Execution. @19-09-2021 01:54:50.0110 AM
[ReportManager] Identifying OS/Driver combination and selecting the correct driver version automatically. Please note that if a new driver executable will be downloaded it may take some time... @19-09-2021 01:54:50.0112 AM
[ReportManager] Successfully Opened Microsoft Edge. @19-09-2021 01:54:51.0171 AM
[ReportManager] Initial window size: (1004, 708) @19-09-2021 01:54:51.0180 AM
[ReportManager] Window size after SWD Maximize: (1040, 744) @19-09-2021 01:54:51.0297 AM
[ReportManager] Browser Action [MaximizeWindow] successfully performed. With the following test data [New screen size is now: (1040, 744)]. @19-09-2021 01:54:51.0298 AM
[ReportManager] Target URL: [https://the-internet.herokuapp.com/] @19-09-2021 01:54:51.0298 AM
[ReportManager] Initial URL: [data:,] @19-09-2021 01:54:51.0327 AM
[ReportManager] Browser Action [NavigateToURL] successfully performed. With the following test data [https://the-internet.herokuapp.com/]. @19-09-2021 01:54:51.0762 AM

################################################################################################################################################
Starting Execution:	[28 out of 143] test cases in the current suite
Test Method:		[testPackage01.Test_NewValidationHelper.f15]
################################################################################################################################################
[ReportManager] Element Action [GetText] successfully performed. With the following test data [Welcome to the-internet]. @19-09-2021 01:54:51.0837 AM
[ReportManager] Loaded Shared OpenCV @19-09-2021 01:54:51.0985 AM
[ReportManager] Assertion [ValidateElementAttribute] FAILED. Expected [Value Should not be 'Welcome' for the 'text' attribute, element locator 'By.tagName: h1'] and Actual [Welcome to the-internet]. Comparison Type [CONTAINS]. Validation Type [NEGATIVE]. @19-09-2021 01:54:52.0114 AM
[ReportManager] Successfully created attachment [Screenshot - 1632016491985_f15_ValidateElementAttribute_failed] @19-09-2021 01:54:52.0116 AM
[ReportManager] Successfully Closed All Drivers. @19-09-2021 01:54:54.0259 AM
[ReportManager] File Action [GetAbsolutePath] successfully performed. With the following test data [Relative Folder Path: "target/downloadedFiles/"]. @19-09-2021 01:54:54.0264 AM
[ReportManager] Attempting to run locally on: [Windows-64], [MicrosoftEdge], Headless Execution. @19-09-2021 01:54:54.0264 AM
[ReportManager] Identifying OS/Driver combination and selecting the correct driver version automatically. Please note that if a new driver executable will be downloaded it may take some time... @19-09-2021 01:54:54.0265 AM
[ReportManager] Successfully Opened Microsoft Edge. @19-09-2021 01:54:55.0278 AM
[ReportManager] Initial window size: (1004, 708) @19-09-2021 01:54:55.0291 AM
[ReportManager] Window size after SWD Maximize: (1040, 744) @19-09-2021 01:54:55.0408 AM
[ReportManager] Browser Action [MaximizeWindow] successfully performed. With the following test data [New screen size is now: (1040, 744)]. @19-09-2021 01:54:55.0408 AM
[ReportManager] Target URL: [https://the-internet.herokuapp.com/] @19-09-2021 01:54:55.0408 AM
[ReportManager] Initial URL: [data:,] @19-09-2021 01:54:55.0438 AM
[ReportManager] Browser Action [NavigateToURL] successfully performed. With the following test data [https://the-internet.herokuapp.com/]. @19-09-2021 01:54:55.0883 AM

################################################################################################################################################
Starting Execution:	[29 out of 143] test cases in the current suite
Test Method:		[testPackage01.Test_NewValidationHelper.f16]
################################################################################################################################################
[ReportManager] Element Action [IdentifyUniqueElement] failed. With the following test data [zero elements found matching this locator "By.tagName: h3".]. @19-09-2021 01:55:21.0354 AM
[ReportManager] Successfully created attachment [Screenshot - 1632016521264_f16_IdentifyUniqueElement_failed] @19-09-2021 01:55:21.0355 AM
[ReportManager] Assertion [ValidateElementAttribute] FAILED. Expected [Value Should not be 'Welcome' for the 'text' attribute, element locator 'By.tagName: h3'] and Actual [Failed to read the desired element attribute]. Comparison Type [CONTAINS]. Validation Type [NEGATIVE]. @19-09-2021 01:55:21.0356 AM
[ReportManager] Successfully Closed All Drivers. @19-09-2021 01:55:21.0571 AM
[ReportManager] File Action [GetAbsolutePath] successfully performed. With the following test data [Relative Folder Path: "target/downloadedFiles/"]. @19-09-2021 01:55:21.0574 AM
[ReportManager] Attempting to run locally on: [Windows-64], [MicrosoftEdge], Headless Execution. @19-09-2021 01:55:21.0574 AM
[ReportManager] Identifying OS/Driver combination and selecting the correct driver version automatically. Please note that if a new driver executable will be downloaded it may take some time... @19-09-2021 01:55:21.0574 AM
[ReportManager] Successfully Opened Microsoft Edge. @19-09-2021 01:55:22.0558 AM
[ReportManager] Initial window size: (1004, 708) @19-09-2021 01:55:22.0567 AM
[ReportManager] Window size after SWD Maximize: (1040, 744) @19-09-2021 01:55:22.0688 AM
[ReportManager] Browser Action [MaximizeWindow] successfully performed. With the following test data [New screen size is now: (1040, 744)]. @19-09-2021 01:55:22.0689 AM
[ReportManager] Target URL: [https://the-internet.herokuapp.com/] @19-09-2021 01:55:22.0689 AM
[ReportManager] Initial URL: [data:,] @19-09-2021 01:55:22.0718 AM
[ReportManager] Browser Action [NavigateToURL] successfully performed. With the following test data [https://the-internet.herokuapp.com/]. @19-09-2021 01:55:23.0186 AM

################################################################################################################################################
Starting Execution:	[30 out of 143] test cases in the current suite
Test Method:		[testPackage01.Test_NewValidationHelper.f17]
################################################################################################################################################
[ReportManager] Attempting to getAttribute [text2] from elementLocator [By.tagName: h1]. @19-09-2021 01:55:23.0192 AM
[ReportManager] Element Action [GetAttribute] successfully performed. @19-09-2021 01:55:23.0251 AM
[ReportManager] Loaded Shared OpenCV @19-09-2021 01:55:23.0390 AM
[ReportManager] Assertion [ValidateElementAttribute] PASSED. Expected [Value Should not be 'Welcome' for the 'text2' attribute, element locator 'By.tagName: h1'] and Actual [null]. Comparison Type [CONTAINS]. Validation Type [NEGATIVE]. @19-09-2021 01:55:23.0503 AM
[ReportManager] Successfully created attachment [Screenshot - 1632016523390_f17_ValidateElementAttribute_passed] @19-09-2021 01:55:23.0505 AM
[ReportManager] Successfully Closed All Drivers. @19-09-2021 01:55:23.0658 AM
[ReportManager] File Action [GetAbsolutePath] successfully performed. With the following test data [Relative Folder Path: "target/downloadedFiles/"]. @19-09-2021 01:55:23.0662 AM
[ReportManager] Attempting to run locally on: [Windows-64], [MicrosoftEdge], Headless Execution. @19-09-2021 01:55:23.0662 AM
[ReportManager] Identifying OS/Driver combination and selecting the correct driver version automatically. Please note that if a new driver executable will be downloaded it may take some time... @19-09-2021 01:55:23.0663 AM
[ReportManager] Successfully Opened Microsoft Edge. @19-09-2021 01:55:24.0518 AM
[ReportManager] Initial window size: (1004, 708) @19-09-2021 01:55:24.0531 AM
[ReportManager] Window size after SWD Maximize: (1040, 744) @19-09-2021 01:55:24.0648 AM
[ReportManager] Browser Action [MaximizeWindow] successfully performed. With the following test data [New screen size is now: (1040, 744)]. @19-09-2021 01:55:24.0648 AM
[ReportManager] Target URL: [https://the-internet.herokuapp.com/] @19-09-2021 01:55:24.0648 AM
[ReportManager] Initial URL: [data:,] @19-09-2021 01:55:24.0678 AM
[ReportManager] Browser Action [NavigateToURL] successfully performed. With the following test data [https://the-internet.herokuapp.com/]. @19-09-2021 01:55:25.0146 AM

################################################################################################################################################
Starting Execution:	[31 out of 143] test cases in the current suite
Test Method:		[testPackage01.Test_NewValidationHelper.f18]
################################################################################################################################################
[ReportManager] Element Action [GetText] successfully performed. With the following test data [Welcome to the-internet]. @19-09-2021 01:55:25.0213 AM
[ReportManager] Loaded Shared OpenCV @19-09-2021 01:55:25.0343 AM
[ReportManager] Assertion [ValidateElementAttribute] PASSED. Expected [Value Should not be 'no' for the 'text' attribute, element locator 'By.tagName: h1'] and Actual [Welcome to the-internet]. Comparison Type [CONTAINS]. Validation Type [NEGATIVE]. @19-09-2021 01:55:25.0452 AM
[ReportManager] Successfully created attachment [Screenshot - 1632016525343_f18_ValidateElementAttribute_passed] @19-09-2021 01:55:25.0454 AM
[ReportManager] Successfully Closed All Drivers. @19-09-2021 01:55:27.0551 AM
[ReportManager] File Action [GetAbsolutePath] successfully performed. With the following test data [Relative Folder Path: "target/downloadedFiles/"]. @19-09-2021 01:55:27.0553 AM
[ReportManager] Attempting to run locally on: [Windows-64], [MicrosoftEdge], Headless Execution. @19-09-2021 01:55:27.0554 AM
[ReportManager] Identifying OS/Driver combination and selecting the correct driver version automatically. Please note that if a new driver executable will be downloaded it may take some time... @19-09-2021 01:55:27.0555 AM
[ReportManager] Successfully Opened Microsoft Edge. @19-09-2021 01:55:28.0522 AM
[ReportManager] Initial window size: (1004, 708) @19-09-2021 01:55:28.0534 AM
[ReportManager] Window size after SWD Maximize: (1040, 744) @19-09-2021 01:55:28.0670 AM
[ReportManager] Browser Action [MaximizeWindow] successfully performed. With the following test data [New screen size is now: (1040, 744)]. @19-09-2021 01:55:28.0670 AM
[ReportManager] Target URL: [https://the-internet.herokuapp.com/] @19-09-2021 01:55:28.0670 AM
[ReportManager] Initial URL: [data:,] @19-09-2021 01:55:28.0699 AM
[ReportManager] Browser Action [NavigateToURL] successfully performed. With the following test data [https://the-internet.herokuapp.com/]. @19-09-2021 01:55:29.0190 AM

################################################################################################################################################
Starting Execution:	[32 out of 143] test cases in the current suite
Test Method:		[testPackage01.Test_NewValidationHelper.f19]
################################################################################################################################################
[ReportManager] Element Action [GetTagName] successfully performed. With the following test data [h1]. @19-09-2021 01:55:29.0252 AM
[ReportManager] Loaded Shared OpenCV @19-09-2021 01:55:29.0413 AM
[ReportManager] Assertion [ValidateElementAttribute] PASSED. Expected [Value Should be 'h' for the 'tagname' attribute, element locator 'By.tagName: h1'] and Actual [h1]. Comparison Type [CONTAINS]. Validation Type [POSITIVE]. @19-09-2021 01:55:29.0533 AM
[ReportManager] Successfully created attachment [Screenshot - 1632016529413_f19_ValidateElementAttribute_passed] @19-09-2021 01:55:29.0535 AM
[ReportManager] Successfully Closed All Drivers. @19-09-2021 01:55:29.0654 AM

################################################################################################################################################
Starting Execution:	[33 out of 143] test cases in the current suite
Test Method:		[testPackage01.Test_NewValidationHelper.f2]
################################################################################################################################################
[ReportManager] Assertion Failed: Checking valid user data @19-09-2021 01:55:29.0659 AM
[ReportManager] Assertion [ValidateEquals] FAILED. Expected [1] and Actual [2]. Comparison Type [EQUALS]. Validation Type [POSITIVE]. @19-09-2021 01:55:29.0659 AM
[ReportManager] File Action [GetAbsolutePath] successfully performed. With the following test data [Relative Folder Path: "target/downloadedFiles/"]. @19-09-2021 01:55:29.0662 AM
[ReportManager] Attempting to run locally on: [Windows-64], [MicrosoftEdge], Headless Execution. @19-09-2021 01:55:29.0662 AM
[ReportManager] Identifying OS/Driver combination and selecting the correct driver version automatically. Please note that if a new driver executable will be downloaded it may take some time... @19-09-2021 01:55:29.0662 AM
[ReportManager] Successfully Opened Microsoft Edge. @19-09-2021 01:55:30.0740 AM
[ReportManager] Initial window size: (1004, 708) @19-09-2021 01:55:30.0750 AM
[ReportManager] Window size after SWD Maximize: (1040, 744) @19-09-2021 01:55:30.0868 AM
[ReportManager] Browser Action [MaximizeWindow] successfully performed. With the following test data [New screen size is now: (1040, 744)]. @19-09-2021 01:55:30.0869 AM
[ReportManager] Target URL: [https://the-internet.herokuapp.com/] @19-09-2021 01:55:30.0869 AM
[ReportManager] Initial URL: [data:,] @19-09-2021 01:55:30.0899 AM
[ReportManager] Browser Action [NavigateToURL] successfully performed. With the following test data [https://the-internet.herokuapp.com/]. @19-09-2021 01:55:31.0364 AM

################################################################################################################################################
Starting Execution:	[34 out of 143] test cases in the current suite
Test Method:		[testPackage01.Test_NewValidationHelper.f20]
################################################################################################################################################
[ReportManager] Element Action [GetSize] successfully performed. With the following test data [(970, 61)]. @19-09-2021 01:55:31.0424 AM
[ReportManager] Loaded Shared OpenCV @19-09-2021 01:55:31.0547 AM
[ReportManager] Assertion [ValidateElementAttribute] PASSED. Expected [Value Should not be 'a' for the 'size' attribute, element locator 'By.tagName: h1'] and Actual [(970, 61)]. Comparison Type [CONTAINS]. Validation Type [NEGATIVE]. @19-09-2021 01:55:31.0661 AM
[ReportManager] Successfully created attachment [Screenshot - 1632016531547_f20_ValidateElementAttribute_passed] @19-09-2021 01:55:31.0663 AM
[ReportManager] Successfully Closed All Drivers. @19-09-2021 01:55:31.0805 AM
[ReportManager] File Action [GetAbsolutePath] successfully performed. With the following test data [Relative Folder Path: "target/downloadedFiles/"]. @19-09-2021 01:55:31.0809 AM
[ReportManager] Attempting to run locally on: [Windows-64], [MicrosoftEdge], Headless Execution. @19-09-2021 01:55:31.0809 AM
[ReportManager] Identifying OS/Driver combination and selecting the correct driver version automatically. Please note that if a new driver executable will be downloaded it may take some time... @19-09-2021 01:55:31.0809 AM
[ReportManager] Successfully Opened Microsoft Edge. @19-09-2021 01:55:32.0652 AM
[ReportManager] Initial window size: (1004, 708) @19-09-2021 01:55:32.0663 AM
[ReportManager] Window size after SWD Maximize: (1040, 744) @19-09-2021 01:55:32.0788 AM
[ReportManager] Browser Action [MaximizeWindow] successfully performed. With the following test data [New screen size is now: (1040, 744)]. @19-09-2021 01:55:32.0789 AM
[ReportManager] Target URL: [https://the-internet.herokuapp.com/] @19-09-2021 01:55:32.0789 AM
[ReportManager] Initial URL: [data:,] @19-09-2021 01:55:32.0837 AM
[ReportManager] Browser Action [NavigateToURL] successfully performed. With the following test data [https://the-internet.herokuapp.com/]. @19-09-2021 01:55:33.0253 AM

################################################################################################################################################
Starting Execution:	[35 out of 143] test cases in the current suite
Test Method:		[testPackage01.Test_NewValidationHelper.f21]
################################################################################################################################################
[ReportManager] Element Action [IdentifyUniqueElement] failed. With the following test data [zero elements found matching this locator "By.tagName: h3".]. @19-09-2021 01:55:58.0733 AM
[ReportManager] Successfully created attachment [Screenshot - 1632016558628_f21_IdentifyUniqueElement_failed] @19-09-2021 01:55:58.0734 AM
[ReportManager] Assertion [ValidateElementAttribute] FAILED. Expected [Value Should be 'Welcome' for the 'text' attribute, element locator 'By.tagName: h3'] and Actual [Failed to read the desired element attribute]. Comparison Type [CONTAINS]. Validation Type [POSITIVE]. @19-09-2021 01:55:58.0735 AM
[ReportManager] Successfully Closed All Drivers. @19-09-2021 01:55:58.0926 AM
[ReportManager] File Action [GetAbsolutePath] successfully performed. With the following test data [Relative Folder Path: "target/downloadedFiles/"]. @19-09-2021 01:55:58.0929 AM
[ReportManager] Attempting to run locally on: [Windows-64], [MicrosoftEdge], Headless Execution. @19-09-2021 01:55:58.0929 AM
[ReportManager] Identifying OS/Driver combination and selecting the correct driver version automatically. Please note that if a new driver executable will be downloaded it may take some time... @19-09-2021 01:55:58.0929 AM
[ReportManager] Successfully Opened Microsoft Edge. @19-09-2021 01:55:59.0974 AM
[ReportManager] Initial window size: (1004, 708) @19-09-2021 01:55:59.0982 AM
[ReportManager] Window size after SWD Maximize: (1040, 744) @19-09-2021 01:56:00.0100 AM
[ReportManager] Browser Action [MaximizeWindow] successfully performed. With the following test data [New screen size is now: (1040, 744)]. @19-09-2021 01:56:00.0101 AM
[ReportManager] Target URL: [https://the-internet.herokuapp.com/] @19-09-2021 01:56:00.0101 AM
[ReportManager] Initial URL: [data:,] @19-09-2021 01:56:00.0130 AM
[ReportManager] Browser Action [NavigateToURL] successfully performed. With the following test data [https://the-internet.herokuapp.com/]. @19-09-2021 01:56:00.0611 AM

################################################################################################################################################
Starting Execution:	[36 out of 143] test cases in the current suite
Test Method:		[testPackage01.Test_NewValidationHelper.f22]
################################################################################################################################################
[ReportManager] Element Action [GetText] successfully performed. With the following test data [Welcome to the-internet]. @19-09-2021 01:56:00.0680 AM
[ReportManager] Loaded Shared OpenCV @19-09-2021 01:56:00.0814 AM
[ReportManager] Assertion [ValidateElementAttribute] FAILED. Expected [Value Should be 'yyy' for the 'text' attribute, element locator 'By.tagName: h1'] and Actual [Welcome to the-internet]. Comparison Type [CONTAINS]. Validation Type [POSITIVE]. @19-09-2021 01:56:00.0929 AM
[ReportManager] Successfully created attachment [Screenshot - 1632016560814_f22_ValidateElementAttribute_failed] @19-09-2021 01:56:00.0931 AM
[ReportManager] Successfully Closed All Drivers. @19-09-2021 01:56:01.0057 AM

################################################################################################################################################
Starting Execution:	[37 out of 143] test cases in the current suite
Test Method:		[testPackage01.Test_NewValidationHelper.f23]
################################################################################################################################################
[ReportManager] Assertion Passed: confirming that the actual is greater than or equal to the expected @19-09-2021 01:56:01.0062 AM
[ReportManager] Assertion [ValidateComparativeRelation] PASSED. Expected [1] and Actual [1]. Comparison Type [GREATER_THAN_OR_EQUALS]. Validation Type [POSITIVE]. @19-09-2021 01:56:01.0062 AM

################################################################################################################################################
Starting Execution:	[38 out of 143] test cases in the current suite
Test Method:		[testPackage01.Test_NewValidationHelper.f24]
################################################################################################################################################
[ReportManager] Assertion [ValidateComparativeRelation] PASSED. Expected [1] and Actual [10]. Comparison Type [GREATER_THAN_OR_EQUALS]. Validation Type [POSITIVE]. @19-09-2021 01:56:01.0065 AM

################################################################################################################################################
Starting Execution:	[39 out of 143] test cases in the current suite
Test Method:		[testPackage01.Test_NewValidationHelper.f25]
################################################################################################################################################
[ReportManager] Assertion [ValidateComparativeRelation] PASSED. Expected [1] and Actual [1]. Comparison Type [EQUALS]. Validation Type [POSITIVE]. @19-09-2021 01:56:01.0068 AM

################################################################################################################################################
Starting Execution:	[40 out of 143] test cases in the current suite
Test Method:		[testPackage01.Test_NewValidationHelper.f26]
################################################################################################################################################
[ReportManager] Assertion [ValidateComparativeRelation] PASSED. Expected [1] and Actual [5]. Comparison Type [GREATER_THAN]. Validation Type [POSITIVE]. @19-09-2021 01:56:01.0071 AM

################################################################################################################################################
Starting Execution:	[41 out of 143] test cases in the current suite
Test Method:		[testPackage01.Test_NewValidationHelper.f27]
################################################################################################################################################
[ReportManager] Assertion [ValidateComparativeRelation] PASSED. Expected [11] and Actual [5]. Comparison Type [LESS_THAN]. Validation Type [POSITIVE]. @19-09-2021 01:56:01.0074 AM

################################################################################################################################################
Starting Execution:	[42 out of 143] test cases in the current suite
Test Method:		[testPackage01.Test_NewValidationHelper.f28]
################################################################################################################################################
[ReportManager] Assertion [ValidateComparativeRelation] PASSED. Expected [11] and Actual [5]. Comparison Type [LESS_THAN_OR_EQUALS]. Validation Type [POSITIVE]. @19-09-2021 01:56:01.0077 AM

################################################################################################################################################
Starting Execution:	[43 out of 143] test cases in the current suite
Test Method:		[testPackage01.Test_NewValidationHelper.f29]
################################################################################################################################################
[ReportManager] Assertion [ValidateComparativeRelation] PASSED. Expected [11] and Actual [11]. Comparison Type [LESS_THAN_OR_EQUALS]. Validation Type [POSITIVE]. @19-09-2021 01:56:01.0081 AM

################################################################################################################################################
Starting Execution:	[44 out of 143] test cases in the current suite
Test Method:		[testPackage01.Test_NewValidationHelper.f3]
################################################################################################################################################
[ReportManager] Assertion [ValidateEquals] PASSED. Expected [1] and Actual [2]. Comparison Type [EQUALS]. Validation Type [NEGATIVE]. @19-09-2021 01:56:01.0083 AM

################################################################################################################################################
Starting Execution:	[45 out of 143] test cases in the current suite
Test Method:		[testPackage01.Test_NewValidationHelper.f30]
################################################################################################################################################
[ReportManager] Assertion [ValidateComparativeRelation] FAILED. Expected [-9] and Actual [11]. Comparison Type [LESS_THAN_OR_EQUALS]. Validation Type [POSITIVE]. @19-09-2021 01:56:01.0086 AM

################################################################################################################################################
Starting Execution:	[46 out of 143] test cases in the current suite
Test Method:		[testPackage01.Test_NewValidationHelper.f31]
################################################################################################################################################
[ReportManager] Assertion [ValidateTrue] PASSED. Expected [TRUE] and Actual [TRUE]. Validation Type [POSITIVE]. @19-09-2021 01:56:01.0089 AM

################################################################################################################################################
Starting Execution:	[47 out of 143] test cases in the current suite
Test Method:		[testPackage01.Test_NewValidationHelper.f32]
################################################################################################################################################
[ReportManager] Assertion [ValidateTrue] PASSED. Expected [FALSE] and Actual [FALSE]. Validation Type [NEGATIVE]. @19-09-2021 01:56:01.0091 AM

################################################################################################################################################
Starting Execution:	[48 out of 143] test cases in the current suite
Test Method:		[testPackage01.Test_NewValidationHelper.f33]
################################################################################################################################################
[ReportManager] Assertion [ValidateTrue] FAILED. Expected [FALSE] and Actual [TRUE]. Validation Type [NEGATIVE]. @19-09-2021 01:56:01.0094 AM

################################################################################################################################################
Starting Execution:	[49 out of 143] test cases in the current suite
Test Method:		[testPackage01.Test_NewValidationHelper.f34]
################################################################################################################################################
[ReportManager] Assertion [ValidateTrue] FAILED. Expected [TRUE] and Actual [FALSE]. Validation Type [POSITIVE]. @19-09-2021 01:56:01.0097 AM

################################################################################################################################################
Starting Execution:	[50 out of 143] test cases in the current suite
Test Method:		[testPackage01.Test_NewValidationHelper.f35]
################################################################################################################################################
[ReportManager] File Action [DoesFileExist] successfully performed. With the following test data [File Path: "pom.xml"]. @19-09-2021 01:56:01.0100 AM
[ReportManager] Assertion [ValidateFileExists] PASSED. Expected [File 'pom.xml' should exist, after up to '1' retries] and Actual [File exists]. Validation Type [POSITIVE]. @19-09-2021 01:56:01.0108 AM

################################################################################################################################################
Starting Execution:	[51 out of 143] test cases in the current suite
Test Method:		[testPackage01.Test_NewValidationHelper.f36]
################################################################################################################################################
[ReportManager] File Action [DoesFileExist] successfully performed. With the following test data [File Path: "src/test/java/testPackage01/Test_NewValidationHelper.java"]. @19-09-2021 01:56:01.0111 AM
[ReportManager] Assertion [ValidateFileExists] PASSED. Expected [File 'src/test/java/testPackage01/Test_NewValidationHelper.java' should exist, after up to '1' retries] and Actual [File exists]. Validation Type [POSITIVE]. @19-09-2021 01:56:01.0111 AM

################################################################################################################################################
Starting Execution:	[52 out of 143] test cases in the current suite
Test Method:		[testPackage01.Test_NewValidationHelper.f37]
################################################################################################################################################
[ReportManager] File Action [DoesFileExist] successfully performed. With the following test data [File Path: "pom.xml"]. @19-09-2021 01:56:01.0117 AM
[ReportManager] Assertion Failed: confirming that the file does't exist after 5 retries @19-09-2021 01:56:01.0118 AM
[ReportManager] Assertion [ValidateFileExists] FAILED. Expected [File 'pom.xml' should not exist, after up to '5' retries] and Actual [File exists]. Validation Type [NEGATIVE]. @19-09-2021 01:56:01.0118 AM

################################################################################################################################################
Starting Execution:	[53 out of 143] test cases in the current suite
Test Method:		[testPackage01.Test_NewValidationHelper.f3_1]
################################################################################################################################################
[ReportManager] Assertion Passed: Checking valid user data @19-09-2021 01:56:01.0122 AM
[ReportManager] Assertion [ValidateEquals] PASSED. Expected [null] and Actual [null]. Comparison Type [EQUALS]. Validation Type [POSITIVE]. @19-09-2021 01:56:01.0122 AM

################################################################################################################################################
Starting Execution:	[54 out of 143] test cases in the current suite
Test Method:		[testPackage01.Test_NewValidationHelper.f4]
################################################################################################################################################
[ReportManager] Assertion [ValidateEquals] PASSED. Expected [1] and Actual [123]. Comparison Type [CONTAINS]. Validation Type [POSITIVE]. @19-09-2021 01:56:01.0125 AM

################################################################################################################################################
Starting Execution:	[55 out of 143] test cases in the current suite
Test Method:		[testPackage01.Test_NewValidationHelper.f5]
################################################################################################################################################
[ReportManager] Assertion [ValidateNull] PASSED. Expected [NULL] and Actual [1]. Comparison Type [EQUALS]. Validation Type [NEGATIVE]. @19-09-2021 01:56:01.0127 AM

################################################################################################################################################
Starting Execution:	[56 out of 143] test cases in the current suite
Test Method:		[testPackage01.Test_NewValidationHelper.f6]
################################################################################################################################################
[ReportManager] Assertion Failed: Making sure that null string is not equal to null object @19-09-2021 01:56:01.0130 AM
[ReportManager] Assertion [ValidateNull] FAILED. Expected [NULL] and Actual [NULL]. Comparison Type [EQUALS]. Validation Type [POSITIVE]. @19-09-2021 01:56:01.0130 AM

################################################################################################################################################
Starting Execution:	[57 out of 143] test cases in the current suite
Test Method:		[testPackage01.Test_NewValidationHelper.f6_1]
################################################################################################################################################
[ReportManager] Assertion [ValidateNull] FAILED. Expected [NULL] and Actual [NULL]. Comparison Type [EQUALS]. Validation Type [NEGATIVE]. @19-09-2021 01:56:01.0133 AM

################################################################################################################################################
Starting Execution:	[58 out of 143] test cases in the current suite
Test Method:		[testPackage01.Test_NewValidationHelper.f6_2]
################################################################################################################################################
[ReportManager] Assertion Failed: Making sure that null string is not equal to null object @19-09-2021 01:56:01.0136 AM
[ReportManager] Assertion [ValidateNull] FAILED. Expected [NULL] and Actual [not null]. Comparison Type [EQUALS]. Validation Type [POSITIVE]. @19-09-2021 01:56:01.0136 AM

################################################################################################################################################
Starting Execution:	[59 out of 143] test cases in the current suite
Test Method:		[testPackage01.Test_NewValidationHelper.f7]
################################################################################################################################################
[ReportManager] Assertion [ValidateNull] PASSED. Expected [NULL] and Actual [NULL]. Comparison Type [EQUALS]. Validation Type [POSITIVE]. @19-09-2021 01:56:01.0139 AM
[ReportManager] File Action [GetAbsolutePath] successfully performed. With the following test data [Relative Folder Path: "target/downloadedFiles/"]. @19-09-2021 01:56:01.0141 AM
[ReportManager] Attempting to run locally on: [Windows-64], [MicrosoftEdge], Headless Execution. @19-09-2021 01:56:01.0141 AM
[ReportManager] Identifying OS/Driver combination and selecting the correct driver version automatically. Please note that if a new driver executable will be downloaded it may take some time... @19-09-2021 01:56:01.0141 AM
[ReportManager] Successfully Opened Microsoft Edge. @19-09-2021 01:56:02.0145 AM
[ReportManager] Initial window size: (1004, 708) @19-09-2021 01:56:02.0155 AM
[ReportManager] Window size after SWD Maximize: (1040, 744) @19-09-2021 01:56:02.0297 AM
[ReportManager] Browser Action [MaximizeWindow] successfully performed. With the following test data [New screen size is now: (1040, 744)]. @19-09-2021 01:56:02.0298 AM
[ReportManager] Target URL: [https://the-internet.herokuapp.com/] @19-09-2021 01:56:02.0298 AM
[ReportManager] Initial URL: [data:,] @19-09-2021 01:56:02.0327 AM
[ReportManager] Browser Action [NavigateToURL] successfully performed. With the following test data [https://the-internet.herokuapp.com/]. @19-09-2021 01:56:02.0805 AM

################################################################################################################################################
Starting Execution:	[60 out of 143] test cases in the current suite
Test Method:		[testPackage01.Test_NewValidationHelper.f8]
################################################################################################################################################
[ReportManager] Loaded Shared OpenCV @19-09-2021 01:56:02.0984 AM
[ReportManager] Assertion [ValidateElementExists] PASSED. Expected [Element Should Exist, locator 'By.tagName: h1'] and Actual [Element Exists]. Comparison Type [EQUALS]. Validation Type [POSITIVE]. @19-09-2021 01:56:03.0101 AM
[ReportManager] Successfully created attachment [Screenshot - 1632016562984_f8_ValidateElementExists_passed] @19-09-2021 01:56:03.0104 AM
[ReportManager] Successfully Closed All Drivers. @19-09-2021 01:56:03.0223 AM
[ReportManager] File Action [GetAbsolutePath] successfully performed. With the following test data [Relative Folder Path: "target/downloadedFiles/"]. @19-09-2021 01:56:03.0226 AM
[ReportManager] Attempting to run locally on: [Windows-64], [MicrosoftEdge], Headless Execution. @19-09-2021 01:56:03.0227 AM
[ReportManager] Identifying OS/Driver combination and selecting the correct driver version automatically. Please note that if a new driver executable will be downloaded it may take some time... @19-09-2021 01:56:03.0227 AM
[ReportManager] Successfully Opened Microsoft Edge. @19-09-2021 01:56:04.0288 AM
[ReportManager] Initial window size: (1004, 708) @19-09-2021 01:56:04.0296 AM
[ReportManager] Window size after SWD Maximize: (1040, 744) @19-09-2021 01:56:04.0412 AM
[ReportManager] Browser Action [MaximizeWindow] successfully performed. With the following test data [New screen size is now: (1040, 744)]. @19-09-2021 01:56:04.0412 AM
[ReportManager] Target URL: [https://the-internet.herokuapp.com/] @19-09-2021 01:56:04.0412 AM
[ReportManager] Initial URL: [data:,] @19-09-2021 01:56:04.0444 AM
[ReportManager] Browser Action [NavigateToURL] successfully performed. With the following test data [https://the-internet.herokuapp.com/]. @19-09-2021 01:56:04.0894 AM

################################################################################################################################################
Starting Execution:	[61 out of 143] test cases in the current suite
Test Method:		[testPackage01.Test_NewValidationHelper.f9]
################################################################################################################################################
[ReportManager] Assertion [ValidateElementExists] FAILED. Expected [Element Should Exist, locator 'By.tagName: h3'] and Actual [Element Doesn't Exists]. Comparison Type [EQUALS]. Validation Type [POSITIVE]. @19-09-2021 01:56:35.0428 AM
[ReportManager] Successfully created attachment [Screenshot - 1632016595326_f9_ValidateElementExists_failed] @19-09-2021 01:56:35.0430 AM
[ReportManager] Successfully Closed All Drivers. @19-09-2021 01:56:35.0818 AM

################################################################################################################################################
Starting Execution:	[62 out of 143] test cases in the current suite
Test Method:		[testPackage01.Test_NewValidationHelper.forceFail]
################################################################################################################################################
[ReportManager] Assertion [ValidateFail] FAILED. Successfully force failed the test. @19-09-2021 01:56:35.0822 AM

################################################################################################################################################
Starting Execution:	[63 out of 143] test cases in the current suite
Test Method:		[testPackage01.Test_NewValidationHelper.forceFail2]
################################################################################################################################################
[ReportManager] Assertion Failed: Custom Message @19-09-2021 01:56:35.0826 AM
[ReportManager] Assertion [ValidateFail] FAILED. Successfully force failed the test. @19-09-2021 01:56:35.0826 AM

################################################################################################################################################
Starting Execution:	[64 out of 143] test cases in the current suite
Test Method:		[testPackage01.Test_SelectedValue.multipleSelect]
################################################################################################################################################
[ReportManager] File Action [GetAbsolutePath] successfully performed. With the following test data [Relative Folder Path: "target/downloadedFiles/"]. @19-09-2021 01:56:35.0831 AM
[ReportManager] Attempting to run locally on: [Windows-64], [GoogleChrome], Headless Execution. @19-09-2021 01:56:35.0832 AM
[ReportManager] Identifying OS/Driver combination and selecting the correct driver version automatically. Please note that if a new driver executable will be downloaded it may take some time... @19-09-2021 01:56:35.0832 AM
[ReportManager] Successfully Opened Google Chrome. @19-09-2021 01:56:36.0578 AM
[ReportManager] Target URL: [https://yari-demos.prod.mdn.mozit.cloud/en-US/docs/Web/HTML/Element/select/_sample_.Advanced_select_with_multiple_features.html] @19-09-2021 01:56:36.0582 AM
[ReportManager] Initial URL: [data:,] @19-09-2021 01:56:36.0611 AM
[ReportManager] Browser Action [NavigateToURL] successfully performed. With the following test data [https://yari-demos.prod.mdn.mozit.cloud/en-US/docs/Web/HTML/Element/select/_sample_.Advanced_select_with_multiple_features.html]. @19-09-2021 01:56:37.0120 AM
[ReportManager] Element Action [Select] successfully performed. With the following test data [Dog]. @19-09-2021 01:56:37.0312 AM
[ReportManager] Element Action [Select] successfully performed. With the following test data [Cat]. @19-09-2021 01:56:37.0481 AM
[ReportManager] Element Action [GetSelectedText] successfully performed. With the following test data [DogCat]. @19-09-2021 01:56:37.0587 AM
[ReportManager] DogCat @19-09-2021 01:56:37.0587 AM
[ReportManager] Element Action [GetSelectedText] successfully performed. With the following test data [DogCat]. @19-09-2021 01:56:37.0678 AM
[ReportManager] Loaded Shared OpenCV @19-09-2021 01:56:37.0771 AM
[ReportManager] Assertion [ValidateElementAttribute] PASSED. Expected [Value Should be 'DogCat' for the 'selectedText' attribute, element locator 'By.tagName: select'] and Actual [DogCat]. Comparison Type [EQUALS]. Validation Type [POSITIVE]. @19-09-2021 01:56:37.0852 AM
[ReportManager] Successfully created attachment [Screenshot - 1632016597771_multipleSelect_ValidateElementAttribute_passed] @19-09-2021 01:56:37.0853 AM
[ReportManager] Browser Action [CloseCurrentWindow] successfully performed. @19-09-2021 01:56:37.0921 AM
[ReportManager] Successfully created attachment [Browser Action Test Data - CloseCurrentWindow - Actual Value] @19-09-2021 01:56:37.0922 AM

################################################################################################################################################
Starting Execution:	[65 out of 143] test cases in the current suite
Test Method:		[testPackage01.Test_SelectedValue.simpleSelect]
################################################################################################################################################
[ReportManager] File Action [GetAbsolutePath] successfully performed. With the following test data [Relative Folder Path: "target/downloadedFiles/"]. @19-09-2021 01:56:37.0928 AM
[ReportManager] Attempting to run locally on: [Windows-64], [GoogleChrome], Headless Execution. @19-09-2021 01:56:37.0928 AM
[ReportManager] Identifying OS/Driver combination and selecting the correct driver version automatically. Please note that if a new driver executable will be downloaded it may take some time... @19-09-2021 01:56:37.0928 AM
[ReportManager] Successfully Opened Google Chrome. @19-09-2021 01:56:38.0535 AM
[ReportManager] Target URL: [https://yari-demos.prod.mdn.mozit.cloud/en-US/docs/Web/HTML/Element/select/_sample_.Basic_select.html] @19-09-2021 01:56:38.0539 AM
[ReportManager] Initial URL: [data:,] @19-09-2021 01:56:38.0569 AM
[ReportManager] Browser Action [NavigateToURL] successfully performed. With the following test data [https://yari-demos.prod.mdn.mozit.cloud/en-US/docs/Web/HTML/Element/select/_sample_.Basic_select.html]. @19-09-2021 01:56:38.0894 AM
[ReportManager] Element Action [Select] successfully performed. With the following test data [Third Value]. @19-09-2021 01:56:39.0134 AM
[ReportManager] Element Action [GetSelectedText] successfully performed. With the following test data [Third Value]. @19-09-2021 01:56:39.0216 AM
[ReportManager] Third Value @19-09-2021 01:56:39.0216 AM
[ReportManager] Element Action [GetSelectedText] successfully performed. With the following test data [Third Value]. @19-09-2021 01:56:39.0285 AM
[ReportManager] Loaded Shared OpenCV @19-09-2021 01:56:39.0388 AM
[ReportManager] Assertion [ValidateElementAttribute] PASSED. Expected [Value Should be 'Third Value' for the 'selectedText' attribute, element locator 'By.tagName: select'] and Actual [Third Value]. Comparison Type [EQUALS]. Validation Type [POSITIVE]. @19-09-2021 01:56:39.0469 AM
[ReportManager] Successfully created attachment [Screenshot - 1632016599388_simpleSelect_ValidateElementAttribute_passed] @19-09-2021 01:56:39.0470 AM
[ReportManager] Browser Action [CloseCurrentWindow] successfully performed. @19-09-2021 01:56:39.0537 AM
[ReportManager] Successfully created attachment [Browser Action Test Data - CloseCurrentWindow - Actual Value] @19-09-2021 01:56:39.0538 AM

################################################################################################################################################
Starting Execution:	[66 out of 143] test cases in the current suite
Test Method:		[testPackage01.Test_sendGraphqlRequest.sendGraphqlRequestUsingMutationAndVariables]
################################################################################################################################################
[ReportManager] GraphQl Request is being Performed with the Following Parameters [Service URL: https://api.spacex.land/graphql | Request Body: {"variables":"{\"name\": \"sherlock holmes\",\"rocket\": \"221B Baker Street\"}","query":"mutation ($name: String, $rocket: String) {\n  insert_users(objects: {name: $name, rocket: $rocket}) {\n    returning {\n      name\n      rocket\n    }\n  }\n}"}] @19-09-2021 01:56:39.0543 AM
[ReportManager] Response status code: [200], status line: [HTTP/1.1 200 OK] @19-09-2021 01:56:43.0962 AM
[ReportManager] Assertion Passed: Evaluating the actual response status code against the expected one... @19-09-2021 01:56:43.0962 AM
[ReportManager] Assertion [ValidateEquals] PASSED. Expected [200] and Actual [200]. Comparison Type [EQUALS]. Validation Type [POSITIVE]. @19-09-2021 01:56:43.0962 AM
[ReportManager] API Action [PerformRequest] successfully performed. With the following test data [Request Type: "POST" | Target Status Code: "200" | Service URL: "https://api.spacex.land/graphql" | Content Type: "application/json" | Response Time: "4296ms"]. @19-09-2021 01:56:43.0983 AM
[ReportManager] Successfully created attachment [API Request - Specifications] @19-09-2021 01:56:43.0983 AM
[ReportManager] Successfully created attachment [API Request - JSON Body] @19-09-2021 01:56:43.0984 AM
[ReportManager] Successfully created attachment [API Response - JSON Body] @19-09-2021 01:56:43.0985 AM
[ReportManager] API Action [GetResponseJSONValue] successfully performed. With the following test data [data.insert_users.returning[0].name]. @19-09-2021 01:56:44.0082 AM
[ReportManager] Assertion [ValidateEquals] PASSED. Expected [sherlock holmes] and Actual [sherlock holmes]. Comparison Type [EQUALS]. Validation Type [POSITIVE]. @19-09-2021 01:56:44.0082 AM

################################################################################################################################################
Starting Execution:	[67 out of 143] test cases in the current suite
Test Method:		[testPackage01.Test_sendGraphqlRequest.sendGraphqlRequestUsingQuery]
################################################################################################################################################
[ReportManager] GraphQl Request is being Performed with the Following Parameters [Service URL: https://api.spacex.land/graphql | Request Body: {"query":"{company {ceo}}"}] @19-09-2021 01:56:44.0089 AM
[ReportManager] Response status code: [200], status line: [HTTP/1.1 200 OK] @19-09-2021 01:56:44.0179 AM
[ReportManager] Assertion Passed: Evaluating the actual response status code against the expected one... @19-09-2021 01:56:44.0180 AM
[ReportManager] Assertion [ValidateEquals] PASSED. Expected [200] and Actual [200]. Comparison Type [EQUALS]. Validation Type [POSITIVE]. @19-09-2021 01:56:44.0180 AM
[ReportManager] API Action [PerformRequest] successfully performed. With the following test data [Request Type: "POST" | Target Status Code: "200" | Service URL: "https://api.spacex.land/graphql" | Content Type: "application/json" | Response Time: "85ms"]. @19-09-2021 01:56:44.0203 AM
[ReportManager] Successfully created attachment [API Request - Specifications] @19-09-2021 01:56:44.0203 AM
[ReportManager] Successfully created attachment [API Request - JSON Body] @19-09-2021 01:56:44.0204 AM
[ReportManager] Successfully created attachment [API Response - JSON Body] @19-09-2021 01:56:44.0204 AM
[ReportManager] API Action [GetResponseJSONValue] successfully performed. With the following test data [data.company.ceo]. @19-09-2021 01:56:44.0226 AM
[ReportManager] Assertion [ValidateEquals] PASSED. Expected [Elon Musk] and Actual [Elon Musk]. Comparison Type [EQUALS]. Validation Type [POSITIVE]. @19-09-2021 01:56:44.0227 AM
[ReportManager] File Action [GetAbsolutePath] successfully performed. With the following test data [Relative Folder Path: "target/downloadedFiles/"]. @19-09-2021 01:56:44.0230 AM
[ReportManager] Attempting to run locally on: [Windows-64], [MicrosoftEdge], Headless Execution. @19-09-2021 01:56:44.0230 AM
[ReportManager] Identifying OS/Driver combination and selecting the correct driver version automatically. Please note that if a new driver executable will be downloaded it may take some time... @19-09-2021 01:56:44.0230 AM
[ReportManager] Successfully Opened Microsoft Edge. @19-09-2021 01:56:45.0238 AM
[ReportManager] Initial window size: (1004, 708) @19-09-2021 01:56:45.0256 AM
[ReportManager] Window size after SWD Maximize: (1040, 744) @19-09-2021 01:56:45.0392 AM
[ReportManager] Browser Action [MaximizeWindow] successfully performed. With the following test data [New screen size is now: (1040, 744)]. @19-09-2021 01:56:45.0392 AM

################################################################################################################################################
Starting Execution:	[68 out of 143] test cases in the current suite
Test Method:		[testPackage01.Test_ShadowDOM.shadowdom]
################################################################################################################################################
[ReportManager] Target URL: [https://mdn.github.io/web-components-examples/popup-info-box-web-component/] @19-09-2021 01:56:45.0396 AM
[ReportManager] Initial URL: [data:,] @19-09-2021 01:56:45.0429 AM
[ReportManager] Browser Action [NavigateToURL] successfully performed. With the following test data [https://mdn.github.io/web-components-examples/popup-info-box-web-component/]. @19-09-2021 01:56:45.0727 AM
[ReportManager] Element Action [Type] successfully performed. With the following test data [Typing into SHADOW DOM...]. @19-09-2021 01:56:45.0994 AM
[ReportManager] Element Action [GetText] successfully performed. With the following test data [Typing into SHADOW DOM...]. @19-09-2021 01:56:46.0088 AM
[ReportManager] Loaded Shared OpenCV @19-09-2021 01:56:46.0209 AM
[ReportManager] Assertion [ValidateElementAttribute] PASSED. Expected [Value Should be 'Typing into SHADOW DOM...' for the 'Text' attribute, element locator 'By.id: cvc'] and Actual [Typing into SHADOW DOM...]. Comparison Type [EQUALS]. Validation Type [POSITIVE]. @19-09-2021 01:56:46.0307 AM
[ReportManager] Successfully created attachment [Screenshot - 1632016606209_shadowdom_ValidateElementAttribute_passed] @19-09-2021 01:56:46.0308 AM
[ReportManager] Browser Action [CloseCurrentWindow] successfully performed. @19-09-2021 01:56:46.0416 AM
[ReportManager] Successfully created attachment [Browser Action Test Data - CloseCurrentWindow - Actual Value] @19-09-2021 01:56:46.0417 AM

################################################################################################################################################
Starting Execution:	[69 out of 143] test cases in the current suite
Test Method:		[testPackage01.Test_SkipDueToIssue.doNotSkip]
################################################################################################################################################
[ReportManager] This should not be skipped. @19-09-2021 01:56:46.0420 AM

################################################################################################################################################
Starting Execution:	[70 out of 143] test cases in the current suite
Test Method:		[testPackage01.Test_SkipDueToIssue.skip]
################################################################################################################################################
[ReportManager] This should be skipped. @19-09-2021 01:56:46.0430 AM

################################################################################################################################################
Starting Execution:	[71 out of 143] test cases in the current suite
Test Method:		[testPackage01.Test_SkipDueToIssue.skip2]
################################################################################################################################################
[ReportManager] This should be skipped. @19-09-2021 01:56:46.0437 AM

################################################################################################################################################
Starting Execution:	[72 out of 143] test cases in the current suite
Test Method:		[testPackage01.Test_testData.f]
################################################################################################################################################
[ReportManager] Successfully loaded the following test data file [src/test/resources/TestDataFiles/testSuite01/TestData.xlsx]. @19-09-2021 01:56:46.0490 AM
[ReportManager] Successfully created attachment [Test Data - Excel] @19-09-2021 01:56:46.0491 AM
[ReportManager] Last Column Number is: [3]. Zero-based. @19-09-2021 01:56:46.0491 AM
[ReportManager] File Action [GetAbsolutePath] successfully performed. With the following test data [Relative Folder Path: "target/downloadedFiles/"]. @19-09-2021 01:56:46.0494 AM
[ReportManager] Attempting to run locally on: [Windows-64], [MicrosoftEdge], Headless Execution. @19-09-2021 01:56:46.0494 AM
[ReportManager] Identifying OS/Driver combination and selecting the correct driver version automatically. Please note that if a new driver executable will be downloaded it may take some time... @19-09-2021 01:56:46.0494 AM
[ReportManager] Successfully Opened Microsoft Edge. @19-09-2021 01:56:47.0432 AM
[ReportManager] Initial window size: (1004, 708) @19-09-2021 01:56:47.0440 AM
[ReportManager] Window size after SWD Maximize: (1040, 744) @19-09-2021 01:56:47.0561 AM
[ReportManager] Browser Action [MaximizeWindow] successfully performed. With the following test data [New screen size is now: (1040, 744)]. @19-09-2021 01:56:47.0562 AM

################################################################################################################################################
Starting Execution:	[73 out of 143] test cases in the current suite
Test Method:		[testPackage01.Test_uploadFile.uploadFile_invisibleUploadInput]
################################################################################################################################################
[ReportManager] Target URL: [https://fineuploader.com/demos.html#gallery-view] @19-09-2021 01:56:47.0565 AM
[ReportManager] Initial URL: [data:,] @19-09-2021 01:56:47.0596 AM
[ReportManager] Browser Action [NavigateToURL] successfully performed. With the following test data [https://fineuploader.com/demos.html#gallery-view]. @19-09-2021 01:56:49.0380 AM
[ReportManager] File Action [GetAbsolutePath] successfully performed. With the following test data [Relative File Path: "src/main/resources/images/shaft.png"]. @19-09-2021 01:56:49.0380 AM
[ReportManager] Successfully created attachment [File Action Actual Result - Command Log] @19-09-2021 01:56:49.0381 AM
[ReportManager] Element Action [TypeFileLocationForUpload] successfully performed. With the following test data [D:\a\SHAFT_ENGINE\SHAFT_ENGINE\src\main\resources\images\shaft.png]. @19-09-2021 01:56:49.0520 AM
[ReportManager] Attempting to getAttribute [src] from elementLocator [By.xpath: //div[@id='fine-uploader-gallery']//div[@class='qq-thumbnail-wrapper']/img]. @19-09-2021 01:56:49.0520 AM
[ReportManager] Element Action [GetAttribute] successfully performed. @19-09-2021 01:56:49.0591 AM
[ReportManager] Successfully created attachment [Element Action Test Data - GetAttribute - Actual Value] @19-09-2021 01:56:49.0592 AM
[ReportManager] Loaded Shared OpenCV @19-09-2021 01:56:49.0724 AM
[ReportManager] Assertion [ValidateElementAttribute] PASSED. Expected and Actual values are attached. Comparison Type [CONTAINS]. Validation Type [POSITIVE]. @19-09-2021 01:56:49.0880 AM
[ReportManager] Successfully created attachment [Validation Test Data - Expected Value] @19-09-2021 01:56:49.0880 AM
[ReportManager] Successfully created attachment [Validation Test Data - Actual Value] @19-09-2021 01:56:49.0881 AM
[ReportManager] Successfully created attachment [Screenshot - 1632016609723_uploadFile_invisibleUploadInput_ValidateElementAttribute_passed] @19-09-2021 01:56:49.0883 AM
[ReportManager] Browser Action [CloseCurrentWindow] successfully performed. @19-09-2021 01:56:50.0037 AM
[ReportManager] Successfully created attachment [Browser Action Test Data - CloseCurrentWindow - Actual Value] @19-09-2021 01:56:50.0038 AM
[ReportManager] File Action [GetAbsolutePath] successfully performed. With the following test data [Relative Folder Path: "target/downloadedFiles/"]. @19-09-2021 01:56:50.0041 AM
[ReportManager] Attempting to run locally on: [Windows-64], [MicrosoftEdge], Headless Execution. @19-09-2021 01:56:50.0042 AM
[ReportManager] Identifying OS/Driver combination and selecting the correct driver version automatically. Please note that if a new driver executable will be downloaded it may take some time... @19-09-2021 01:56:50.0042 AM
[ReportManager] Successfully Opened Microsoft Edge. @19-09-2021 01:56:51.0112 AM
[ReportManager] Initial window size: (1004, 708) @19-09-2021 01:56:51.0121 AM
[ReportManager] Window size after SWD Maximize: (1040, 744) @19-09-2021 01:56:51.0262 AM
[ReportManager] Browser Action [MaximizeWindow] successfully performed. With the following test data [New screen size is now: (1040, 744)]. @19-09-2021 01:56:51.0263 AM

################################################################################################################################################
Starting Execution:	[74 out of 143] test cases in the current suite
Test Method:		[testPackage01.Test_uploadFile.uploadFile_visibleUploadInput]
################################################################################################################################################
[ReportManager] Target URL: [http://demo.guru99.com/test/upload/] @19-09-2021 01:56:51.0270 AM
[ReportManager] Initial URL: [data:,] @19-09-2021 01:56:51.0336 AM
[ReportManager] Browser Action [NavigateToURL] successfully performed. With the following test data [http://demo.guru99.com/test/upload/]. @19-09-2021 01:56:52.0369 AM
[ReportManager] File Action [GetAbsolutePath] successfully performed. With the following test data [Relative File Path: "src/main/resources/images/shaft.png"]. @19-09-2021 01:56:52.0370 AM
[ReportManager] Successfully created attachment [File Action Actual Result - Command Log] @19-09-2021 01:56:52.0370 AM
[ReportManager] Element Action [TypeFileLocationForUpload] successfully performed. With the following test data [D:\a\SHAFT_ENGINE\SHAFT_ENGINE\src\main\resources\images\shaft.png]. @19-09-2021 01:56:52.0447 AM
[ReportManager] Element Action [Click] successfully performed. With the following test data [on]. @19-09-2021 01:56:52.0800 AM
[ReportManager] Element Action [Click] successfully performed. With the following test data [Submit File]. @19-09-2021 01:56:53.0134 AM
[ReportManager] Element Action [GetText] successfully performed. With the following test data [1 file
has been successfully uploaded.]. @19-09-2021 01:56:53.0732 AM
[ReportManager] Loaded Shared OpenCV @19-09-2021 01:56:53.0854 AM
[ReportManager] Assertion [ValidateElementAttribute] PASSED. Expected [Value Should be '1 file' for the 'Text' attribute, element locator 'By.id: res'] and Actual [1 file
has been successfully uploaded.]. Comparison Type [CONTAINS]. Validation Type [POSITIVE]. @19-09-2021 01:56:53.0960 AM
[ReportManager] Successfully created attachment [Screenshot - 1632016613854_uploadFile_visibleUploadInput_ValidateElementAttribute_passed] @19-09-2021 01:56:53.0962 AM
[ReportManager] Browser Action [CloseCurrentWindow] successfully performed. @19-09-2021 01:56:54.0105 AM
[ReportManager] Successfully created attachment [Browser Action Test Data - CloseCurrentWindow - Actual Value] @19-09-2021 01:56:54.0105 AM
[ReportManager] File Action [GetAbsolutePath] successfully performed. With the following test data [Relative Folder Path: "target/downloadedFiles/"]. @19-09-2021 01:56:54.0107 AM
[ReportManager] Attempting to run locally on: [Windows-64], [MicrosoftEdge], Headless Execution. @19-09-2021 01:56:54.0108 AM
[ReportManager] Identifying OS/Driver combination and selecting the correct driver version automatically. Please note that if a new driver executable will be downloaded it may take some time... @19-09-2021 01:56:54.0108 AM
[ReportManager] Successfully Opened Microsoft Edge. @19-09-2021 01:56:55.0117 AM
[ReportManager] Initial window size: (1004, 708) @19-09-2021 01:56:55.0125 AM
[ReportManager] Window size after SWD Maximize: (1040, 744) @19-09-2021 01:56:55.0253 AM
[ReportManager] Browser Action [MaximizeWindow] successfully performed. With the following test data [New screen size is now: (1040, 744)]. @19-09-2021 01:56:55.0253 AM

################################################################################################################################################
Starting Execution:	[75 out of 143] test cases in the current suite
Test Method:		[testPackage01.Test_verifyEquals.test_assertElementAttribute]
################################################################################################################################################
[ReportManager] Target URL: [https://www.google.com/ncr], and after redirection: [https://www.google.com] @19-09-2021 01:56:55.0258 AM
[ReportManager] Initial URL: [data:,] @19-09-2021 01:56:55.0339 AM
[ReportManager] Browser Action [NavigateToURL] successfully performed. With the following test data [https://www.google.com/ncr]. @19-09-2021 01:56:56.0553 AM
[ReportManager] Element Action [Type] successfully performed. With the following test data [INC_004010050:Another SCHEDULER with the same name [Duplicate Job Name] already exists.]. @19-09-2021 01:56:57.0147 AM
[ReportManager] Element Action [GetText] successfully performed. With the following test data [INC_004010050:Another SCHEDULER with the same name [Duplicate Job Name] already exists.]. @19-09-2021 01:56:57.0207 AM
[ReportManager] Loaded Shared OpenCV @19-09-2021 01:56:57.0333 AM
[ReportManager] Verification [ValidateElementAttribute] PASSED. Expected [Value Should be 'INC_004010050:Another SCHEDULER with the same name \[Duplicate Job Name\] already exists.' for the 'text' attribute, element locator 'By.name: q'] and Actual [INC_004010050:Another SCHEDULER with the same name [Duplicate Job Name] already exists.]. Comparison Type [MATCHES]. Validation Type [POSITIVE]. @19-09-2021 01:56:57.0443 AM
[ReportManager] Successfully created attachment [Screenshot - 1632016617333_test_assertElementAttribute_ValidateElementAttribute_passed] @19-09-2021 01:56:57.0444 AM
[ReportManager] Browser Action [CloseCurrentWindow] successfully performed. @19-09-2021 01:56:57.0590 AM
[ReportManager] Successfully created attachment [Browser Action Test Data - CloseCurrentWindow - Actual Value] @19-09-2021 01:56:57.0591 AM
[ReportManager] File Action [GetAbsolutePath] successfully performed. With the following test data [Relative Folder Path: "target/downloadedFiles/"]. @19-09-2021 01:56:57.0592 AM
[ReportManager] Attempting to run locally on: [Windows-64], [MicrosoftEdge], Headless Execution. @19-09-2021 01:56:57.0593 AM
[ReportManager] Identifying OS/Driver combination and selecting the correct driver version automatically. Please note that if a new driver executable will be downloaded it may take some time... @19-09-2021 01:56:57.0593 AM
[ReportManager] Successfully Opened Microsoft Edge. @19-09-2021 01:56:58.0623 AM
[ReportManager] Initial window size: (1004, 708) @19-09-2021 01:56:58.0634 AM
[ReportManager] Window size after SWD Maximize: (1040, 744) @19-09-2021 01:56:58.0765 AM
[ReportManager] Browser Action [MaximizeWindow] successfully performed. With the following test data [New screen size is now: (1040, 744)]. @19-09-2021 01:56:58.0765 AM
[ReportManager] Target URL: [https://duckduckgo.com] @19-09-2021 01:56:58.0766 AM
[ReportManager] Initial URL: [data:,] @19-09-2021 01:56:58.0796 AM
[ReportManager] Browser Action [NavigateToURL] successfully performed. With the following test data [https://duckduckgo.com]. @19-09-2021 01:56:59.0550 AM

################################################################################################################################################
Starting Execution:	[76 out of 143] test cases in the current suite
Test Method:		[unitTests.tests_browserActions.fullScreenWindow]
################################################################################################################################################
[ReportManager] Initial Windows Size: 1040x744 @19-09-2021 01:56:59.0556 AM
[ReportManager] Current Windows Size after fullScreen: 1024x768 @19-09-2021 01:56:59.0736 AM
[ReportManager] Browser Action [FullScreenWindow] successfully performed. @19-09-2021 01:56:59.0751 AM
[ReportManager] Successfully created attachment [Browser Action Test Data - FullScreenWindow - Actual Value] @19-09-2021 01:56:59.0757 AM
[ReportManager] Target URL: [https://duckduckgo.com] @19-09-2021 01:56:59.0760 AM
[ReportManager] Initial URL: [https://duckduckgo.com] @19-09-2021 01:56:59.0818 AM
[ReportManager] Browser Action [NavigateToURL] successfully performed. With the following test data [https://duckduckgo.com]. @19-09-2021 01:57:00.0230 AM
[ReportManager] Browser Action [CloseCurrentWindow] successfully performed. @19-09-2021 01:57:00.0360 AM
[ReportManager] Successfully created attachment [Browser Action Test Data - CloseCurrentWindow - Actual Value] @19-09-2021 01:57:00.0360 AM
[ReportManager] File Action [GetAbsolutePath] successfully performed. With the following test data [Relative Folder Path: "target/downloadedFiles/"]. @19-09-2021 01:57:00.0366 AM
[ReportManager] Attempting to run locally on: [Windows-64], [MicrosoftEdge], Headless Execution. @19-09-2021 01:57:00.0366 AM
[ReportManager] Identifying OS/Driver combination and selecting the correct driver version automatically. Please note that if a new driver executable will be downloaded it may take some time... @19-09-2021 01:57:00.0366 AM
[ReportManager] Successfully Opened Microsoft Edge. @19-09-2021 01:57:01.0423 AM
[ReportManager] Initial window size: (1004, 708) @19-09-2021 01:57:01.0430 AM
[ReportManager] Window size after SWD Maximize: (1040, 744) @19-09-2021 01:57:01.0548 AM
[ReportManager] Browser Action [MaximizeWindow] successfully performed. With the following test data [New screen size is now: (1040, 744)]. @19-09-2021 01:57:01.0549 AM
[ReportManager] Target URL: [https://duckduckgo.com] @19-09-2021 01:57:01.0549 AM
[ReportManager] Initial URL: [data:,] @19-09-2021 01:57:01.0578 AM
[ReportManager] Browser Action [NavigateToURL] successfully performed. With the following test data [https://duckduckgo.com]. @19-09-2021 01:57:02.0289 AM

################################################################################################################################################
Starting Execution:	[77 out of 143] test cases in the current suite
Test Method:		[unitTests.tests_browserActions.getCurrentURL]
################################################################################################################################################
[ReportManager] Browser Action [GetCurrentURL] successfully performed. With the following test data [https://duckduckgo.com/]. @19-09-2021 01:57:02.0314 AM
[ReportManager] Target URL: [https://duckduckgo.com] @19-09-2021 01:57:02.0317 AM
[ReportManager] Initial URL: [https://duckduckgo.com] @19-09-2021 01:57:02.0356 AM
[ReportManager] Browser Action [NavigateToURL] successfully performed. With the following test data [https://duckduckgo.com]. @19-09-2021 01:57:02.0766 AM
[ReportManager] Browser Action [CloseCurrentWindow] successfully performed. @19-09-2021 01:57:02.0893 AM
[ReportManager] Successfully created attachment [Browser Action Test Data - CloseCurrentWindow - Actual Value] @19-09-2021 01:57:02.0894 AM
[ReportManager] File Action [GetAbsolutePath] successfully performed. With the following test data [Relative Folder Path: "target/downloadedFiles/"]. @19-09-2021 01:57:02.0898 AM
[ReportManager] Attempting to run locally on: [Windows-64], [MicrosoftEdge], Headless Execution. @19-09-2021 01:57:02.0898 AM
[ReportManager] Identifying OS/Driver combination and selecting the correct driver version automatically. Please note that if a new driver executable will be downloaded it may take some time... @19-09-2021 01:57:02.0898 AM
[ReportManager] Successfully Opened Microsoft Edge. @19-09-2021 01:57:04.0217 AM
[ReportManager] Initial window size: (1004, 708) @19-09-2021 01:57:04.0225 AM
[ReportManager] Window size after SWD Maximize: (1040, 744) @19-09-2021 01:57:04.0344 AM
[ReportManager] Browser Action [MaximizeWindow] successfully performed. With the following test data [New screen size is now: (1040, 744)]. @19-09-2021 01:57:04.0344 AM
[ReportManager] Target URL: [https://duckduckgo.com] @19-09-2021 01:57:04.0344 AM
[ReportManager] Initial URL: [data:,] @19-09-2021 01:57:04.0373 AM
[ReportManager] Browser Action [NavigateToURL] successfully performed. With the following test data [https://duckduckgo.com]. @19-09-2021 01:57:05.0057 AM

################################################################################################################################################
Starting Execution:	[78 out of 143] test cases in the current suite
Test Method:		[unitTests.tests_browserActions.getCurrentWindowTitle]
################################################################################################################################################
[ReportManager] Browser Action [GetCurrentWindowTitle] successfully performed. With the following test data [DuckDuckGo  Privacy, simplified.]. @19-09-2021 01:57:05.0086 AM
[ReportManager] Target URL: [https://duckduckgo.com] @19-09-2021 01:57:05.0092 AM
[ReportManager] Initial URL: [https://duckduckgo.com] @19-09-2021 01:57:05.0131 AM
[ReportManager] Browser Action [NavigateToURL] successfully performed. With the following test data [https://duckduckgo.com]. @19-09-2021 01:57:05.0507 AM
[ReportManager] Browser Action [CloseCurrentWindow] successfully performed. @19-09-2021 01:57:05.0637 AM
[ReportManager] Successfully created attachment [Browser Action Test Data - CloseCurrentWindow - Actual Value] @19-09-2021 01:57:05.0638 AM
[ReportManager] File Action [GetAbsolutePath] successfully performed. With the following test data [Relative Folder Path: "target/downloadedFiles/"]. @19-09-2021 01:57:05.0641 AM
[ReportManager] Attempting to run locally on: [Windows-64], [MicrosoftEdge], Headless Execution. @19-09-2021 01:57:05.0641 AM
[ReportManager] Identifying OS/Driver combination and selecting the correct driver version automatically. Please note that if a new driver executable will be downloaded it may take some time... @19-09-2021 01:57:05.0641 AM
[ReportManager] Successfully Opened Microsoft Edge. @19-09-2021 01:57:06.0681 AM
[ReportManager] Initial window size: (1004, 708) @19-09-2021 01:57:06.0691 AM
[ReportManager] Window size after SWD Maximize: (1040, 744) @19-09-2021 01:57:06.0810 AM
[ReportManager] Browser Action [MaximizeWindow] successfully performed. With the following test data [New screen size is now: (1040, 744)]. @19-09-2021 01:57:06.0811 AM
[ReportManager] Target URL: [https://duckduckgo.com] @19-09-2021 01:57:06.0811 AM
[ReportManager] Initial URL: [data:,] @19-09-2021 01:57:06.0840 AM
[ReportManager] Browser Action [NavigateToURL] successfully performed. With the following test data [https://duckduckgo.com]. @19-09-2021 01:57:07.0528 AM

################################################################################################################################################
Starting Execution:	[79 out of 143] test cases in the current suite
Test Method:		[unitTests.tests_browserActions.getPageSource]
################################################################################################################################################
[ReportManager] Browser Action [GetPageSource] successfully performed. @19-09-2021 01:57:07.0569 AM
[ReportManager] Successfully created attachment [Browser Action Test Data - GetPageSource - Actual Value] @19-09-2021 01:57:07.0570 AM
[ReportManager] Target URL: [https://duckduckgo.com] @19-09-2021 01:57:07.0573 AM
[ReportManager] Initial URL: [https://duckduckgo.com] @19-09-2021 01:57:07.0617 AM
[ReportManager] Browser Action [NavigateToURL] successfully performed. With the following test data [https://duckduckgo.com]. @19-09-2021 01:57:08.0033 AM
[ReportManager] Browser Action [CloseCurrentWindow] successfully performed. @19-09-2021 01:57:08.0166 AM
[ReportManager] Successfully created attachment [Browser Action Test Data - CloseCurrentWindow - Actual Value] @19-09-2021 01:57:08.0166 AM
[ReportManager] File Action [GetAbsolutePath] successfully performed. With the following test data [Relative Folder Path: "target/downloadedFiles/"]. @19-09-2021 01:57:08.0170 AM
[ReportManager] Attempting to run locally on: [Windows-64], [MicrosoftEdge], Headless Execution. @19-09-2021 01:57:08.0170 AM
[ReportManager] Identifying OS/Driver combination and selecting the correct driver version automatically. Please note that if a new driver executable will be downloaded it may take some time... @19-09-2021 01:57:08.0170 AM
[ReportManager] Successfully Opened Microsoft Edge. @19-09-2021 01:57:09.0202 AM
[ReportManager] Initial window size: (1004, 708) @19-09-2021 01:57:09.0210 AM
[ReportManager] Window size after SWD Maximize: (1040, 744) @19-09-2021 01:57:09.0332 AM
[ReportManager] Browser Action [MaximizeWindow] successfully performed. With the following test data [New screen size is now: (1040, 744)]. @19-09-2021 01:57:09.0332 AM
[ReportManager] Target URL: [https://duckduckgo.com] @19-09-2021 01:57:09.0333 AM
[ReportManager] Initial URL: [data:,] @19-09-2021 01:57:09.0361 AM
[ReportManager] Browser Action [NavigateToURL] successfully performed. With the following test data [https://duckduckgo.com]. @19-09-2021 01:57:10.0073 AM

################################################################################################################################################
Starting Execution:	[80 out of 143] test cases in the current suite
Test Method:		[unitTests.tests_browserActions.getWindowHandle]
################################################################################################################################################
[ReportManager] Browser Action [GetWindowHandle] successfully performed. With the following test data [CDwindow-0DB3357B236CA617835D3D2B99EB8FC2]. @19-09-2021 01:57:10.0096 AM
[ReportManager] Target URL: [https://duckduckgo.com] @19-09-2021 01:57:10.0098 AM
[ReportManager] Initial URL: [https://duckduckgo.com] @19-09-2021 01:57:10.0134 AM
[ReportManager] Browser Action [NavigateToURL] successfully performed. With the following test data [https://duckduckgo.com]. @19-09-2021 01:57:10.0508 AM
[ReportManager] Browser Action [CloseCurrentWindow] successfully performed. @19-09-2021 01:57:10.0631 AM
[ReportManager] Successfully created attachment [Browser Action Test Data - CloseCurrentWindow - Actual Value] @19-09-2021 01:57:10.0632 AM
[ReportManager] File Action [GetAbsolutePath] successfully performed. With the following test data [Relative Folder Path: "target/downloadedFiles/"]. @19-09-2021 01:57:10.0638 AM
[ReportManager] Attempting to run locally on: [Windows-64], [MicrosoftEdge], Headless Execution. @19-09-2021 01:57:10.0638 AM
[ReportManager] Identifying OS/Driver combination and selecting the correct driver version automatically. Please note that if a new driver executable will be downloaded it may take some time... @19-09-2021 01:57:10.0638 AM
[ReportManager] Successfully Opened Microsoft Edge. @19-09-2021 01:57:11.0675 AM
[ReportManager] Initial window size: (1004, 708) @19-09-2021 01:57:11.0683 AM
[ReportManager] Window size after SWD Maximize: (1040, 744) @19-09-2021 01:57:11.0804 AM
[ReportManager] Browser Action [MaximizeWindow] successfully performed. With the following test data [New screen size is now: (1040, 744)]. @19-09-2021 01:57:11.0804 AM
[ReportManager] Target URL: [https://duckduckgo.com] @19-09-2021 01:57:11.0804 AM
[ReportManager] Initial URL: [data:,] @19-09-2021 01:57:11.0834 AM
[ReportManager] Browser Action [NavigateToURL] successfully performed. With the following test data [https://duckduckgo.com]. @19-09-2021 01:57:12.0503 AM

################################################################################################################################################
Starting Execution:	[81 out of 143] test cases in the current suite
Test Method:		[unitTests.tests_browserActions.getWindowPosition]
################################################################################################################################################
[ReportManager] Browser Action [GetWindowPosition] successfully performed. With the following test data [(-8, -8)]. @19-09-2021 01:57:12.0529 AM
[ReportManager] Target URL: [https://duckduckgo.com] @19-09-2021 01:57:12.0531 AM
[ReportManager] Initial URL: [https://duckduckgo.com] @19-09-2021 01:57:12.0571 AM
[ReportManager] Browser Action [NavigateToURL] successfully performed. With the following test data [https://duckduckgo.com]. @19-09-2021 01:57:13.0001 AM
[ReportManager] Browser Action [CloseCurrentWindow] successfully performed. @19-09-2021 01:57:13.0128 AM
[ReportManager] Successfully created attachment [Browser Action Test Data - CloseCurrentWindow - Actual Value] @19-09-2021 01:57:13.0129 AM
[ReportManager] File Action [GetAbsolutePath] successfully performed. With the following test data [Relative Folder Path: "target/downloadedFiles/"]. @19-09-2021 01:57:13.0132 AM
[ReportManager] Attempting to run locally on: [Windows-64], [MicrosoftEdge], Headless Execution. @19-09-2021 01:57:13.0132 AM
[ReportManager] Identifying OS/Driver combination and selecting the correct driver version automatically. Please note that if a new driver executable will be downloaded it may take some time... @19-09-2021 01:57:13.0132 AM
[ReportManager] Successfully Opened Microsoft Edge. @19-09-2021 01:57:14.0070 AM
[ReportManager] Initial window size: (1004, 708) @19-09-2021 01:57:14.0080 AM
[ReportManager] Window size after SWD Maximize: (1040, 744) @19-09-2021 01:57:14.0220 AM
[ReportManager] Browser Action [MaximizeWindow] successfully performed. With the following test data [New screen size is now: (1040, 744)]. @19-09-2021 01:57:14.0220 AM
[ReportManager] Target URL: [https://duckduckgo.com] @19-09-2021 01:57:14.0220 AM
[ReportManager] Initial URL: [data:,] @19-09-2021 01:57:14.0249 AM
[ReportManager] Browser Action [NavigateToURL] successfully performed. With the following test data [https://duckduckgo.com]. @19-09-2021 01:57:14.0915 AM

################################################################################################################################################
Starting Execution:	[82 out of 143] test cases in the current suite
Test Method:		[unitTests.tests_browserActions.getWindowSize]
################################################################################################################################################
[ReportManager] Browser Action [GetWindowSize] successfully performed. With the following test data [(1040, 744)]. @19-09-2021 01:57:14.0940 AM
[ReportManager] Target URL: [https://duckduckgo.com] @19-09-2021 01:57:14.0942 AM
[ReportManager] Initial URL: [https://duckduckgo.com] @19-09-2021 01:57:14.0977 AM
[ReportManager] Browser Action [NavigateToURL] successfully performed. With the following test data [https://duckduckgo.com]. @19-09-2021 01:57:15.0326 AM
[ReportManager] Browser Action [CloseCurrentWindow] successfully performed. @19-09-2021 01:57:15.0454 AM
[ReportManager] Successfully created attachment [Browser Action Test Data - CloseCurrentWindow - Actual Value] @19-09-2021 01:57:15.0454 AM
[ReportManager] File Action [GetAbsolutePath] successfully performed. With the following test data [Relative Folder Path: "target/downloadedFiles/"]. @19-09-2021 01:57:15.0457 AM
[ReportManager] Attempting to run locally on: [Windows-64], [MicrosoftEdge], Headless Execution. @19-09-2021 01:57:15.0457 AM
[ReportManager] Identifying OS/Driver combination and selecting the correct driver version automatically. Please note that if a new driver executable will be downloaded it may take some time... @19-09-2021 01:57:15.0461 AM
[ReportManager] Successfully Opened Microsoft Edge. @19-09-2021 01:57:16.0439 AM
[ReportManager] Initial window size: (1004, 708) @19-09-2021 01:57:16.0447 AM
[ReportManager] Window size after SWD Maximize: (1040, 744) @19-09-2021 01:57:16.0566 AM
[ReportManager] Browser Action [MaximizeWindow] successfully performed. With the following test data [New screen size is now: (1040, 744)]. @19-09-2021 01:57:16.0566 AM
[ReportManager] Target URL: [https://duckduckgo.com] @19-09-2021 01:57:16.0566 AM
[ReportManager] Initial URL: [data:,] @19-09-2021 01:57:16.0596 AM
[ReportManager] Browser Action [NavigateToURL] successfully performed. With the following test data [https://duckduckgo.com]. @19-09-2021 01:57:17.0271 AM

################################################################################################################################################
Starting Execution:	[83 out of 143] test cases in the current suite
Test Method:		[unitTests.tests_browserActions.maximizeWindow]
################################################################################################################################################
[ReportManager] Initial window size: (1040, 744) @19-09-2021 01:57:17.0278 AM
[ReportManager] Window size after SWD Maximize: (1040, 744) @19-09-2021 01:57:17.0283 AM
[ReportManager] Window size after Toolkit: (1044, 788) @19-09-2021 01:57:17.0634 AM
[ReportManager] Window size after WebDriver.Manage.Window: (1044, 788) @19-09-2021 01:57:17.0847 AM
[ReportManager] Initial Windows Size: 1044x788 @19-09-2021 01:57:17.0850 AM
[ReportManager] Current Windows Size after fullScreen: 1024x768 @19-09-2021 01:57:17.0900 AM
[ReportManager] Browser Action [FullScreenWindow] successfully performed. @19-09-2021 01:57:17.0921 AM
[ReportManager] Successfully created attachment [Browser Action Test Data - FullScreenWindow - Actual Value] @19-09-2021 01:57:17.0922 AM
[ReportManager] Window size after fullScreenWindow: (1024, 768) @19-09-2021 01:57:17.0925 AM
[ReportManager] skipping window maximization due to unknown error, marking step as passed. @19-09-2021 01:57:17.0925 AM
[ReportManager] Browser Action [MaximizeWindow] successfully performed. With the following test data [New screen size is now: (1024, 768)]. @19-09-2021 01:57:17.0925 AM
[ReportManager] Target URL: [https://duckduckgo.com] @19-09-2021 01:57:17.0928 AM
[ReportManager] Initial URL: [https://duckduckgo.com] @19-09-2021 01:57:17.0967 AM
[ReportManager] Browser Action [NavigateToURL] successfully performed. With the following test data [https://duckduckgo.com]. @19-09-2021 01:57:18.0370 AM
[ReportManager] Browser Action [CloseCurrentWindow] successfully performed. @19-09-2021 01:57:18.0499 AM
[ReportManager] Successfully created attachment [Browser Action Test Data - CloseCurrentWindow - Actual Value] @19-09-2021 01:57:18.0500 AM
[ReportManager] File Action [GetAbsolutePath] successfully performed. With the following test data [Relative Folder Path: "target/downloadedFiles/"]. @19-09-2021 01:57:18.0504 AM
[ReportManager] Attempting to run locally on: [Windows-64], [MicrosoftEdge], Headless Execution. @19-09-2021 01:57:18.0504 AM
[ReportManager] Identifying OS/Driver combination and selecting the correct driver version automatically. Please note that if a new driver executable will be downloaded it may take some time... @19-09-2021 01:57:18.0504 AM
[ReportManager] Successfully Opened Microsoft Edge. @19-09-2021 01:57:19.0369 AM
[ReportManager] Initial window size: (1004, 708) @19-09-2021 01:57:19.0377 AM
[ReportManager] Window size after SWD Maximize: (1040, 744) @19-09-2021 01:57:19.0495 AM
[ReportManager] Browser Action [MaximizeWindow] successfully performed. With the following test data [New screen size is now: (1040, 744)]. @19-09-2021 01:57:19.0496 AM
[ReportManager] Target URL: [https://duckduckgo.com] @19-09-2021 01:57:19.0499 AM
[ReportManager] Initial URL: [data:,] @19-09-2021 01:57:19.0534 AM
[ReportManager] Browser Action [NavigateToURL] successfully performed. With the following test data [https://duckduckgo.com]. @19-09-2021 01:57:20.0214 AM

################################################################################################################################################
Starting Execution:	[84 out of 143] test cases in the current suite
Test Method:		[unitTests.tests_browserActions.navigateBack]
################################################################################################################################################
[ReportManager] Target URL: [https://www.google.com/ncr], and after redirection: [https://www.google.com] @19-09-2021 01:57:20.0218 AM
[ReportManager] Initial URL: [https://duckduckgo.com] @19-09-2021 01:57:20.0276 AM
[ReportManager] Browser Action [NavigateToURL] successfully performed. With the following test data [https://www.google.com/ncr]. @19-09-2021 01:57:21.0478 AM
[ReportManager] Browser Action [NavigateBack] successfully performed. With the following test data [https://duckduckgo.com/]. @19-09-2021 01:57:22.0053 AM
[ReportManager] Browser Action [GetCurrentURL] successfully performed. With the following test data [https://duckduckgo.com/]. @19-09-2021 01:57:22.0076 AM
[ReportManager] Assertion Passed: Confirming that navigating back was successful @19-09-2021 01:57:22.0250 AM
[ReportManager] Successfully created attachment [Screenshot - 1632016642156_navigateBack_ValidateBrowserAttribute_passed] @19-09-2021 01:57:22.0251 AM
[ReportManager] Assertion [ValidateBrowserAttribute] PASSED. Expected [Value Should be 'https://duckduckgo.com' for the 'CurrentUrl' attribute] and Actual [https://duckduckgo.com/]. Comparison Type [CONTAINS]. Validation Type [POSITIVE]. @19-09-2021 01:57:22.0251 AM
[ReportManager] Target URL: [https://duckduckgo.com] @19-09-2021 01:57:22.0253 AM
[ReportManager] Initial URL: [https://duckduckgo.com] @19-09-2021 01:57:22.0292 AM
[ReportManager] Browser Action [NavigateToURL] successfully performed. With the following test data [https://duckduckgo.com]. @19-09-2021 01:57:22.0677 AM
[ReportManager] Browser Action [CloseCurrentWindow] successfully performed. @19-09-2021 01:57:22.0804 AM
[ReportManager] Successfully created attachment [Browser Action Test Data - CloseCurrentWindow - Actual Value] @19-09-2021 01:57:22.0812 AM
[ReportManager] File Action [GetAbsolutePath] successfully performed. With the following test data [Relative Folder Path: "target/downloadedFiles/"]. @19-09-2021 01:57:22.0815 AM
[ReportManager] Attempting to run locally on: [Windows-64], [MicrosoftEdge], Headless Execution. @19-09-2021 01:57:22.0815 AM
[ReportManager] Identifying OS/Driver combination and selecting the correct driver version automatically. Please note that if a new driver executable will be downloaded it may take some time... @19-09-2021 01:57:22.0815 AM
[ReportManager] Successfully Opened Microsoft Edge. @19-09-2021 01:57:23.0866 AM
[ReportManager] Initial window size: (1004, 708) @19-09-2021 01:57:23.0877 AM
[ReportManager] Window size after SWD Maximize: (1040, 744) @19-09-2021 01:57:24.0011 AM
[ReportManager] Browser Action [MaximizeWindow] successfully performed. With the following test data [New screen size is now: (1040, 744)]. @19-09-2021 01:57:24.0012 AM
[ReportManager] Target URL: [https://duckduckgo.com] @19-09-2021 01:57:24.0012 AM
[ReportManager] Initial URL: [data:,] @19-09-2021 01:57:24.0041 AM
[ReportManager] Browser Action [NavigateToURL] successfully performed. With the following test data [https://duckduckgo.com]. @19-09-2021 01:57:24.0689 AM

################################################################################################################################################
Starting Execution:	[85 out of 143] test cases in the current suite
Test Method:		[unitTests.tests_browserActions.navigateForward]
################################################################################################################################################
[ReportManager] Target URL: [https://www.google.com/ncr], and after redirection: [https://www.google.com] @19-09-2021 01:57:24.0693 AM
[ReportManager] Initial URL: [https://duckduckgo.com] @19-09-2021 01:57:24.0733 AM
[ReportManager] Browser Action [NavigateToURL] successfully performed. With the following test data [https://www.google.com/ncr]. @19-09-2021 01:57:25.0841 AM
[ReportManager] Browser Action [NavigateBack] successfully performed. With the following test data [https://duckduckgo.com/]. @19-09-2021 01:57:26.0380 AM
[ReportManager] Browser Action [NavigateForward] successfully performed. With the following test data [https://www.google.com/]. @19-09-2021 01:57:27.0172 AM
[ReportManager] Target URL: [https://duckduckgo.com] @19-09-2021 01:57:27.0174 AM
[ReportManager] Initial URL: [https://www.google.com] @19-09-2021 01:57:27.0231 AM
[ReportManager] Browser Action [NavigateToURL] successfully performed. With the following test data [https://duckduckgo.com]. @19-09-2021 01:57:27.0824 AM
[ReportManager] Browser Action [CloseCurrentWindow] successfully performed. @19-09-2021 01:57:27.0954 AM
[ReportManager] Successfully created attachment [Browser Action Test Data - CloseCurrentWindow - Actual Value] @19-09-2021 01:57:27.0955 AM
[ReportManager] File Action [GetAbsolutePath] successfully performed. With the following test data [Relative Folder Path: "target/downloadedFiles/"]. @19-09-2021 01:57:27.0958 AM
[ReportManager] Attempting to run locally on: [Windows-64], [MicrosoftEdge], Headless Execution. @19-09-2021 01:57:27.0958 AM
[ReportManager] Identifying OS/Driver combination and selecting the correct driver version automatically. Please note that if a new driver executable will be downloaded it may take some time... @19-09-2021 01:57:27.0958 AM
[ReportManager] Successfully Opened Microsoft Edge. @19-09-2021 01:57:28.0959 AM
[ReportManager] Initial window size: (1004, 708) @19-09-2021 01:57:28.0967 AM
[ReportManager] Window size after SWD Maximize: (1040, 744) @19-09-2021 01:57:29.0091 AM
[ReportManager] Browser Action [MaximizeWindow] successfully performed. With the following test data [New screen size is now: (1040, 744)]. @19-09-2021 01:57:29.0091 AM
[ReportManager] Target URL: [https://duckduckgo.com] @19-09-2021 01:57:29.0091 AM
[ReportManager] Initial URL: [data:,] @19-09-2021 01:57:29.0120 AM
[ReportManager] Browser Action [NavigateToURL] successfully performed. With the following test data [https://duckduckgo.com]. @19-09-2021 01:57:29.0795 AM

################################################################################################################################################
Starting Execution:	[86 out of 143] test cases in the current suite
Test Method:		[unitTests.tests_browserActions.navigateToURL]
################################################################################################################################################
[ReportManager] Target URL: [https://duckduckgo.com] @19-09-2021 01:57:29.0801 AM
[ReportManager] Initial URL: [https://duckduckgo.com] @19-09-2021 01:57:29.0839 AM
[ReportManager] Browser Action [NavigateToURL] successfully performed. With the following test data [https://duckduckgo.com]. @19-09-2021 01:57:30.0227 AM
[ReportManager] Target URL: [https://duckduckgo.com] @19-09-2021 01:57:30.0229 AM
[ReportManager] Initial URL: [https://duckduckgo.com] @19-09-2021 01:57:30.0278 AM
[ReportManager] Browser Action [NavigateToURL] successfully performed. With the following test data [https://duckduckgo.com]. @19-09-2021 01:57:30.0621 AM
[ReportManager] Browser Action [CloseCurrentWindow] successfully performed. @19-09-2021 01:57:30.0748 AM
[ReportManager] Successfully created attachment [Browser Action Test Data - CloseCurrentWindow - Actual Value] @19-09-2021 01:57:30.0749 AM
[ReportManager] File Action [GetAbsolutePath] successfully performed. With the following test data [Relative Folder Path: "target/downloadedFiles/"]. @19-09-2021 01:57:30.0753 AM
[ReportManager] Attempting to run locally on: [Windows-64], [MicrosoftEdge], Headless Execution. @19-09-2021 01:57:30.0753 AM
[ReportManager] Identifying OS/Driver combination and selecting the correct driver version automatically. Please note that if a new driver executable will be downloaded it may take some time... @19-09-2021 01:57:30.0753 AM
[ReportManager] Successfully Opened Microsoft Edge. @19-09-2021 01:57:31.0853 AM
[ReportManager] Initial window size: (1004, 708) @19-09-2021 01:57:31.0866 AM
[ReportManager] Window size after SWD Maximize: (1040, 744) @19-09-2021 01:57:31.0984 AM
[ReportManager] Browser Action [MaximizeWindow] successfully performed. With the following test data [New screen size is now: (1040, 744)]. @19-09-2021 01:57:31.0984 AM
[ReportManager] Target URL: [https://duckduckgo.com] @19-09-2021 01:57:31.0985 AM
[ReportManager] Initial URL: [data:,] @19-09-2021 01:57:32.0014 AM
[ReportManager] Browser Action [NavigateToURL] successfully performed. With the following test data [https://duckduckgo.com]. @19-09-2021 01:57:32.0716 AM

################################################################################################################################################
Starting Execution:	[87 out of 143] test cases in the current suite
Test Method:		[unitTests.tests_browserActions.navigateToURLWithRedirection]
################################################################################################################################################
[ReportManager] Target URL: [https://www.google.com/ncr], and after redirection: [https://www.google.com] @19-09-2021 01:57:32.0719 AM
[ReportManager] Initial URL: [https://duckduckgo.com] @19-09-2021 01:57:32.0759 AM
[ReportManager] Browser Action [NavigateToURL] successfully performed. With the following test data [https://www.google.com/ncr]. @19-09-2021 01:57:33.0892 AM
[ReportManager] Target URL: [https://duckduckgo.com] @19-09-2021 01:57:33.0895 AM
[ReportManager] Initial URL: [https://www.google.com] @19-09-2021 01:57:33.0943 AM
[ReportManager] Browser Action [NavigateToURL] successfully performed. With the following test data [https://duckduckgo.com]. @19-09-2021 01:57:34.0596 AM
[ReportManager] Browser Action [CloseCurrentWindow] successfully performed. @19-09-2021 01:57:34.0721 AM
[ReportManager] Successfully created attachment [Browser Action Test Data - CloseCurrentWindow - Actual Value] @19-09-2021 01:57:34.0722 AM
[ReportManager] File Action [GetAbsolutePath] successfully performed. With the following test data [Relative Folder Path: "target/downloadedFiles/"]. @19-09-2021 01:57:34.0725 AM
[ReportManager] Attempting to run locally on: [Windows-64], [MicrosoftEdge], Headless Execution. @19-09-2021 01:57:34.0726 AM
[ReportManager] Identifying OS/Driver combination and selecting the correct driver version automatically. Please note that if a new driver executable will be downloaded it may take some time... @19-09-2021 01:57:34.0726 AM
[ReportManager] Successfully Opened Microsoft Edge. @19-09-2021 01:57:35.0694 AM
[ReportManager] Initial window size: (1004, 708) @19-09-2021 01:57:35.0705 AM
[ReportManager] Window size after SWD Maximize: (1040, 744) @19-09-2021 01:57:35.0822 AM
[ReportManager] Browser Action [MaximizeWindow] successfully performed. With the following test data [New screen size is now: (1040, 744)]. @19-09-2021 01:57:35.0822 AM
[ReportManager] Target URL: [https://duckduckgo.com] @19-09-2021 01:57:35.0822 AM
[ReportManager] Initial URL: [data:,] @19-09-2021 01:57:35.0862 AM
[ReportManager] Browser Action [NavigateToURL] successfully performed. With the following test data [https://duckduckgo.com]. @19-09-2021 01:57:36.0595 AM

################################################################################################################################################
Starting Execution:	[88 out of 143] test cases in the current suite
Test Method:		[unitTests.tests_browserActions.refreshCurrentPage]
################################################################################################################################################
[ReportManager] Browser Action [RefreshCurrentPage] successfully performed. @19-09-2021 01:57:36.0906 AM
[ReportManager] Successfully created attachment [Browser Action Test Data - RefreshCurrentPage - Actual Value] @19-09-2021 01:57:36.0907 AM
[ReportManager] Target URL: [https://duckduckgo.com] @19-09-2021 01:57:36.0910 AM
[ReportManager] Initial URL: [https://duckduckgo.com] @19-09-2021 01:57:36.0951 AM
[ReportManager] Browser Action [NavigateToURL] successfully performed. With the following test data [https://duckduckgo.com]. @19-09-2021 01:57:37.0263 AM
[ReportManager] Browser Action [CloseCurrentWindow] successfully performed. @19-09-2021 01:57:37.0424 AM
[ReportManager] Successfully created attachment [Browser Action Test Data - CloseCurrentWindow - Actual Value] @19-09-2021 01:57:37.0425 AM
[ReportManager] File Action [GetAbsolutePath] successfully performed. With the following test data [Relative Folder Path: "target/downloadedFiles/"]. @19-09-2021 01:57:37.0428 AM
[ReportManager] Attempting to run locally on: [Windows-64], [MicrosoftEdge], Headless Execution. @19-09-2021 01:57:37.0429 AM
[ReportManager] Identifying OS/Driver combination and selecting the correct driver version automatically. Please note that if a new driver executable will be downloaded it may take some time... @19-09-2021 01:57:37.0429 AM
[ReportManager] Successfully Opened Microsoft Edge. @19-09-2021 01:57:38.0462 AM
[ReportManager] Initial window size: (1004, 708) @19-09-2021 01:57:38.0470 AM
[ReportManager] Window size after SWD Maximize: (1040, 744) @19-09-2021 01:57:38.0590 AM
[ReportManager] Browser Action [MaximizeWindow] successfully performed. With the following test data [New screen size is now: (1040, 744)]. @19-09-2021 01:57:38.0591 AM
[ReportManager] Target URL: [https://duckduckgo.com] @19-09-2021 01:57:38.0591 AM
[ReportManager] Initial URL: [data:,] @19-09-2021 01:57:38.0624 AM
[ReportManager] Browser Action [NavigateToURL] successfully performed. With the following test data [https://duckduckgo.com]. @19-09-2021 01:57:39.0302 AM

################################################################################################################################################
Starting Execution:	[89 out of 143] test cases in the current suite
Test Method:		[unitTests.tests_browserActions.setWindowSize]
################################################################################################################################################
[ReportManager] Initial window size: (1040, 744) @19-09-2021 01:57:39.0311 AM
[ReportManager] Window size after SWD: (1044, 720) @19-09-2021 01:57:39.0664 AM
[ReportManager] Browser Action [SetWindowSize] successfully performed. With the following test data [New screen size is now: (1044, 720)]. @19-09-2021 01:57:39.0664 AM
[ReportManager] Target URL: [https://duckduckgo.com] @19-09-2021 01:57:39.0667 AM
[ReportManager] Initial URL: [https://duckduckgo.com] @19-09-2021 01:57:39.0704 AM
[ReportManager] Browser Action [NavigateToURL] successfully performed. With the following test data [https://duckduckgo.com]. @19-09-2021 01:57:40.0088 AM
[ReportManager] Browser Action [CloseCurrentWindow] successfully performed. @19-09-2021 01:57:40.0290 AM
[ReportManager] Successfully created attachment [Browser Action Test Data - CloseCurrentWindow - Actual Value] @19-09-2021 01:57:40.0291 AM
[ReportManager] File Action [GetAbsolutePath] successfully performed. With the following test data [Relative Folder Path: "target/downloadedFiles/"]. @19-09-2021 01:57:40.0294 AM
[ReportManager] Attempting to run locally on: [Windows-64], [MicrosoftEdge], Headless Execution. @19-09-2021 01:57:40.0294 AM
[ReportManager] Identifying OS/Driver combination and selecting the correct driver version automatically. Please note that if a new driver executable will be downloaded it may take some time... @19-09-2021 01:57:40.0295 AM
[ReportManager] Successfully Opened Microsoft Edge. @19-09-2021 01:57:41.0252 AM
[ReportManager] Initial window size: (1004, 708) @19-09-2021 01:57:41.0260 AM
[ReportManager] Window size after SWD Maximize: (1040, 744) @19-09-2021 01:57:41.0379 AM
[ReportManager] Browser Action [MaximizeWindow] successfully performed. With the following test data [New screen size is now: (1040, 744)]. @19-09-2021 01:57:41.0379 AM

################################################################################################################################################
Starting Execution:	[90 out of 143] test cases in the current suite
Test Method:		[unitTests.tests_element_elementActions.waitForElementToBePresent_false_expectedToFail]
################################################################################################################################################
[ReportManager] Target URL: [https://www.google.com/ncr], and after redirection: [www.google.com] @19-09-2021 01:57:41.0382 AM
[ReportManager] Initial URL: [data:,] @19-09-2021 01:57:41.0414 AM
[ReportManager] Browser Action [NavigateToURL] successfully performed. With the following test data [https://www.google.com/ncr]. @19-09-2021 01:57:42.0557 AM
[ReportManager] Waiting for element to be present; elementLocator [By.xpath: //*[@id='hplogo' or @alt='Google']], numberOfTries[1], stateOfPresence[false]... @19-09-2021 01:57:42.0562 AM
[ReportManager] Element Action [WaitForElementToBePresent] failed. With the following test data [waited for the element's state of presence to be (false). Element locator (By.xpath: //*[@id='hplogo' or @alt='Google'])]. @19-09-2021 01:57:42.0760 AM
[ReportManager] Successfully created attachment [Screenshot - 1632016662669_waitForElementToBePresent_false_expectedToFail_WaitForElementToBePresent_failed] @19-09-2021 01:57:42.0761 AM
[ReportManager] Browser Action [CloseCurrentWindow] successfully performed. @19-09-2021 01:57:42.0906 AM
[ReportManager] Successfully created attachment [Browser Action Test Data - CloseCurrentWindow - Actual Value] @19-09-2021 01:57:42.0907 AM
[ReportManager] File Action [GetAbsolutePath] successfully performed. With the following test data [Relative Folder Path: "target/downloadedFiles/"]. @19-09-2021 01:57:42.0910 AM
[ReportManager] Attempting to run locally on: [Windows-64], [MicrosoftEdge], Headless Execution. @19-09-2021 01:57:42.0910 AM
[ReportManager] Identifying OS/Driver combination and selecting the correct driver version automatically. Please note that if a new driver executable will be downloaded it may take some time... @19-09-2021 01:57:42.0911 AM
[ReportManager] Successfully Opened Microsoft Edge. @19-09-2021 01:57:43.0894 AM
[ReportManager] Initial window size: (1004, 708) @19-09-2021 01:57:43.0902 AM
[ReportManager] Window size after SWD Maximize: (1040, 744) @19-09-2021 01:57:44.0022 AM
[ReportManager] Browser Action [MaximizeWindow] successfully performed. With the following test data [New screen size is now: (1040, 744)]. @19-09-2021 01:57:44.0022 AM

################################################################################################################################################
Starting Execution:	[91 out of 143] test cases in the current suite
Test Method:		[unitTests.tests_element_elementActions.waitForElementToBePresent_false_expectedToPass]
################################################################################################################################################
[ReportManager] Target URL: [https://www.google.com/ncr], and after redirection: [www.google.com] @19-09-2021 01:57:44.0026 AM
[ReportManager] Initial URL: [data:,] @19-09-2021 01:57:44.0055 AM
[ReportManager] Browser Action [NavigateToURL] successfully performed. With the following test data [https://www.google.com/ncr]. @19-09-2021 01:57:45.0188 AM
[ReportManager] Waiting for element to be present; elementLocator [By.id: bla], numberOfTries[1], stateOfPresence[false]... @19-09-2021 01:57:45.0188 AM
[ReportManager] Element Action [WaitForElementToBePresent] successfully performed. With the following test data [waited for the element's state of presence to be (false). Element locator (By.id: bla)]. @19-09-2021 01:57:50.0292 AM
[ReportManager] Browser Action [CloseCurrentWindow] successfully performed. @19-09-2021 01:57:50.0459 AM
[ReportManager] Successfully created attachment [Browser Action Test Data - CloseCurrentWindow - Actual Value] @19-09-2021 01:57:50.0460 AM
[ReportManager] File Action [GetAbsolutePath] successfully performed. With the following test data [Relative Folder Path: "target/downloadedFiles/"]. @19-09-2021 01:57:50.0463 AM
[ReportManager] Attempting to run locally on: [Windows-64], [MicrosoftEdge], Headless Execution. @19-09-2021 01:57:50.0463 AM
[ReportManager] Identifying OS/Driver combination and selecting the correct driver version automatically. Please note that if a new driver executable will be downloaded it may take some time... @19-09-2021 01:57:50.0463 AM
[ReportManager] Successfully Opened Microsoft Edge. @19-09-2021 01:57:51.0711 AM
[ReportManager] Initial window size: (1004, 708) @19-09-2021 01:57:51.0721 AM
[ReportManager] Window size after SWD Maximize: (1040, 744) @19-09-2021 01:57:51.0863 AM
[ReportManager] Browser Action [MaximizeWindow] successfully performed. With the following test data [New screen size is now: (1040, 744)]. @19-09-2021 01:57:51.0864 AM

################################################################################################################################################
Starting Execution:	[92 out of 143] test cases in the current suite
Test Method:		[unitTests.tests_element_elementActions.waitForElementToBePresent_moreThanOneElement_expectedToFail]
################################################################################################################################################
[ReportManager] Target URL: [https://www.google.com/ncr], and after redirection: [www.google.com] @19-09-2021 01:57:51.0868 AM
[ReportManager] Initial URL: [data:,] @19-09-2021 01:57:51.0915 AM
[ReportManager] Browser Action [NavigateToURL] successfully performed. With the following test data [https://www.google.com/ncr]. @19-09-2021 01:57:53.0117 AM
[ReportManager] Waiting for element to be present; elementLocator [By.xpath: //*], numberOfTries[1], stateOfPresence[false]... @19-09-2021 01:57:53.0117 AM
[ReportManager] Element Action [WaitForElementToBePresent] failed. With the following test data [waited for the element's state of presence to be (false). Element locator (By.xpath: //*)]. @19-09-2021 01:57:53.0337 AM
[ReportManager] Successfully created attachment [Screenshot - 1632016673248_waitForElementToBePresent_moreThanOneElement_expectedToFail_WaitForElementToBePresent_failed] @19-09-2021 01:57:53.0338 AM
[ReportManager] Browser Action [CloseCurrentWindow] successfully performed. @19-09-2021 01:57:53.0485 AM
[ReportManager] Successfully created attachment [Browser Action Test Data - CloseCurrentWindow - Actual Value] @19-09-2021 01:57:53.0486 AM
[ReportManager] File Action [GetAbsolutePath] successfully performed. With the following test data [Relative Folder Path: "target/downloadedFiles/"]. @19-09-2021 01:57:53.0489 AM
[ReportManager] Attempting to run locally on: [Windows-64], [MicrosoftEdge], Headless Execution. @19-09-2021 01:57:53.0489 AM
[ReportManager] Identifying OS/Driver combination and selecting the correct driver version automatically. Please note that if a new driver executable will be downloaded it may take some time... @19-09-2021 01:57:53.0489 AM
[ReportManager] Successfully Opened Microsoft Edge. @19-09-2021 01:57:54.0469 AM
[ReportManager] Initial window size: (1004, 708) @19-09-2021 01:57:54.0477 AM
[ReportManager] Window size after SWD Maximize: (1040, 744) @19-09-2021 01:57:54.0594 AM
[ReportManager] Browser Action [MaximizeWindow] successfully performed. With the following test data [New screen size is now: (1040, 744)]. @19-09-2021 01:57:54.0595 AM

################################################################################################################################################
Starting Execution:	[93 out of 143] test cases in the current suite
Test Method:		[unitTests.tests_element_elementActions.waitForElementToBePresent_true_expectedToFail]
################################################################################################################################################
[ReportManager] Target URL: [https://www.google.com/ncr], and after redirection: [www.google.com] @19-09-2021 01:57:54.0598 AM
[ReportManager] Initial URL: [data:,] @19-09-2021 01:57:54.0627 AM
[ReportManager] Browser Action [NavigateToURL] successfully performed. With the following test data [https://www.google.com/ncr]. @19-09-2021 01:57:55.0780 AM
[ReportManager] Waiting for element to be present; elementLocator [By.id: bla], numberOfTries[1], stateOfPresence[true]... @19-09-2021 01:57:55.0781 AM
[ReportManager] Element Action [WaitForElementToBePresent] failed. With the following test data [waited for the element's state of presence to be (true). Element locator (By.id: bla)]. @19-09-2021 01:58:01.0060 AM
[ReportManager] Successfully created attachment [Screenshot - 1632016680969_waitForElementToBePresent_true_expectedToFail_WaitForElementToBePresent_failed] @19-09-2021 01:58:01.0061 AM
[ReportManager] Browser Action [CloseCurrentWindow] successfully performed. @19-09-2021 01:58:01.0307 AM
[ReportManager] Successfully created attachment [Browser Action Test Data - CloseCurrentWindow - Actual Value] @19-09-2021 01:58:01.0308 AM
[ReportManager] File Action [GetAbsolutePath] successfully performed. With the following test data [Relative Folder Path: "target/downloadedFiles/"]. @19-09-2021 01:58:01.0312 AM
[ReportManager] Attempting to run locally on: [Windows-64], [MicrosoftEdge], Headless Execution. @19-09-2021 01:58:01.0312 AM
[ReportManager] Identifying OS/Driver combination and selecting the correct driver version automatically. Please note that if a new driver executable will be downloaded it may take some time... @19-09-2021 01:58:01.0312 AM
[ReportManager] Successfully Opened Microsoft Edge. @19-09-2021 01:58:02.0981 AM
[ReportManager] Initial window size: (1004, 708) @19-09-2021 01:58:03.0461 AM
[ReportManager] Window size after SWD Maximize: (1040, 744) @19-09-2021 01:58:03.0600 AM
[ReportManager] Browser Action [MaximizeWindow] successfully performed. With the following test data [New screen size is now: (1040, 744)]. @19-09-2021 01:58:03.0600 AM

################################################################################################################################################
Starting Execution:	[94 out of 143] test cases in the current suite
Test Method:		[unitTests.tests_element_elementActions.waitForElementToBePresent_true_expectedToPass]
################################################################################################################################################
[ReportManager] Target URL: [https://www.google.com/ncr], and after redirection: [www.google.com] @19-09-2021 01:58:03.0603 AM
[ReportManager] Initial URL: [data:,] @19-09-2021 01:58:03.0651 AM
[ReportManager] Browser Action [NavigateToURL] successfully performed. With the following test data [https://www.google.com/ncr]. @19-09-2021 01:58:05.0012 AM
[ReportManager] Waiting for element to be present; elementLocator [By.xpath: //*[@id='hplogo' or @alt='Google']], numberOfTries[1], stateOfPresence[true]... @19-09-2021 01:58:05.0012 AM
[ReportManager] Element Action [WaitForElementToBePresent] successfully performed. With the following test data [waited for the element's state of presence to be (true). Element locator (By.xpath: //*[@id='hplogo' or @alt='Google'])]. @19-09-2021 01:58:05.0049 AM
[ReportManager] File Action [DoesFileExist] successfully performed. With the following test data [File Path: "src/test/resources/DynamicObjectRepository/unitTests_tests_element_elementActions_waitForElementToBePresent_true_expectedToPass_By_xpath_id_hplogo_or_alt_Google.png"]. @19-09-2021 01:58:05.0052 AM
[ReportManager] File Action [DoesFileExist] successfully performed. With the following test data [File Path: "src/test/resources/DynamicObjectRepository/unitTests_tests_element_elementActions_waitForElementToBePresent_true_expectedToPass_By_xpath_id_hplogo_or_alt_Google.png"]. @19-09-2021 01:58:05.0165 AM
[ReportManager] Passing the test and saving a reference image @19-09-2021 01:58:05.0165 AM
[ReportManager] File Action [GetAbsolutePath] successfully performed. With the following test data [Relative File Path: "src/test/resources/DynamicObjectRepository/unitTests_tests_element_elementActions_waitForElementToBePresent_true_expectedToPass_By_xpath_id_hplogo_or_alt_Google.png"]. @19-09-2021 01:58:05.0165 AM
[ReportManager] File Action [WriteToFile] successfully performed. With the following test data [Target File Path: "D:\a\SHAFT_ENGINE\SHAFT_ENGINE\src\test\resources\DynamicObjectRepository\unitTests_tests_element_elementActions_waitForElementToBePresent_true_expectedToPass_By_xpath_id_hplogo_or_alt_Google.png"]. @19-09-2021 01:58:05.0172 AM
[ReportManager] Assertion Passed: Using Visual AI; OpenCV @19-09-2021 01:58:05.0173 AM
[ReportManager] Successfully created attachment [Validation Test Data - Actual Screenshot] @19-09-2021 01:58:05.0173 AM
[ReportManager] Assertion [ValidateElementMatches] PASSED. Expected [Element should match the reference screenshot] and Actual [TRUE]. Comparison Type [EXACT_OPENCV]. Validation Type [POSITIVE]. @19-09-2021 01:58:05.0173 AM
[ReportManager] Browser Action [CloseCurrentWindow] successfully performed. @19-09-2021 01:58:05.0342 AM
[ReportManager] Successfully created attachment [Browser Action Test Data - CloseCurrentWindow - Actual Value] @19-09-2021 01:58:05.0343 AM
[ReportManager] Successfully loaded the following test data file [src/test/resources/TestDataFiles/testSuite01/TestData.xlsx]. @19-09-2021 01:58:05.0397 AM
[ReportManager] Successfully created attachment [Test Data - Excel] @19-09-2021 01:58:05.0400 AM

################################################################################################################################################
Starting Execution:	[95 out of 143] test cases in the current suite
Test Method:		[unitTests.tests_io_excelFileManager.getCellData_rowName_expectedToPass]
################################################################################################################################################
[ReportManager] testRowData. @19-09-2021 01:58:05.0402 AM

################################################################################################################################################
Starting Execution:	[96 out of 143] test cases in the current suite
Test Method:		[unitTests.tests_restActions.getPostsAndAssertBodyForSpecificTitle]
################################################################################################################################################
[ReportManager] Response status code: [200], status line: [HTTP/1.1 200 OK] @19-09-2021 01:58:05.0513 AM
[ReportManager] Assertion Passed: Evaluating the actual response status code against the expected one... @19-09-2021 01:58:05.0513 AM
[ReportManager] Assertion [ValidateEquals] PASSED. Expected [200] and Actual [200]. Comparison Type [EQUALS]. Validation Type [POSITIVE]. @19-09-2021 01:58:05.0513 AM
[ReportManager] API Action [PerformRequest] successfully performed. With the following test data [Request Type: "GET" | Target Status Code: "200" | Service URL: "https://jsonplaceholder.typicode.com/posts" | Content Type: "*/*" | Response Time: "93ms"]. @19-09-2021 01:58:05.0621 AM
[ReportManager] Successfully created attachment [API Request - Specifications] @19-09-2021 01:58:05.0622 AM
[ReportManager] Successfully created attachment [API Response - JSON Body] @19-09-2021 01:58:05.0625 AM
[ReportManager] API Action [GetResponseJSONValueAsList] successfully performed. @19-09-2021 01:58:05.0649 AM
[ReportManager] API Action [GetResponseJSONValue] successfully performed. With the following test data [title]. @19-09-2021 01:58:05.0666 AM
[ReportManager] API Action [GetResponseJSONValue] successfully performed. With the following test data [title]. @19-09-2021 01:58:05.0685 AM
[ReportManager] API Action [GetResponseJSONValue] successfully performed. With the following test data [body]. @19-09-2021 01:58:05.0708 AM
[ReportManager] Assertion [ValidateEquals] PASSED. Expected [qui neque nisi nulla] and Actual [est rerum tempore vitae
sequi sint nihil reprehenderit dolor beatae ea dolores neque
fugiat blanditiis voluptate porro vel nihil molestiae ut reiciendis
qui aperiam non debitis possimus qui neque nisi nulla]. Comparison Type [CONTAINS]. Validation Type [POSITIVE]. @19-09-2021 01:58:05.0709 AM
[ReportManager] API Action [GetResponseJSONValue] successfully performed. With the following test data [title]. @19-09-2021 01:58:05.0721 AM
[ReportManager] API Action [GetResponseJSONValue] successfully performed. With the following test data [title]. @19-09-2021 01:58:05.0743 AM
[ReportManager] API Action [GetResponseJSONValue] successfully performed. With the following test data [title]. @19-09-2021 01:58:05.0758 AM
[ReportManager] API Action [GetResponseJSONValue] successfully performed. With the following test data [title]. @19-09-2021 01:58:05.0779 AM
[ReportManager] API Action [GetResponseJSONValue] successfully performed. With the following test data [title]. @19-09-2021 01:58:05.0790 AM
[ReportManager] API Action [GetResponseJSONValue] successfully performed. With the following test data [title]. @19-09-2021 01:58:05.0805 AM
[ReportManager] API Action [GetResponseJSONValue] successfully performed. With the following test data [title]. @19-09-2021 01:58:05.0824 AM
[ReportManager] API Action [GetResponseJSONValue] successfully performed. With the following test data [title]. @19-09-2021 01:58:05.0837 AM
[ReportManager] API Action [GetResponseJSONValue] successfully performed. With the following test data [title]. @19-09-2021 01:58:05.0850 AM
[ReportManager] API Action [GetResponseJSONValue] successfully performed. With the following test data [title]. @19-09-2021 01:58:05.0875 AM
[ReportManager] API Action [GetResponseJSONValue] successfully performed. With the following test data [title]. @19-09-2021 01:58:05.0891 AM
[ReportManager] API Action [GetResponseJSONValue] successfully performed. With the following test data [title]. @19-09-2021 01:58:05.0906 AM
[ReportManager] API Action [GetResponseJSONValue] successfully performed. With the following test data [title]. @19-09-2021 01:58:05.0918 AM
[ReportManager] API Action [GetResponseJSONValue] successfully performed. With the following test data [title]. @19-09-2021 01:58:05.0930 AM
[ReportManager] API Action [GetResponseJSONValue] successfully performed. With the following test data [title]. @19-09-2021 01:58:05.0948 AM
[ReportManager] API Action [GetResponseJSONValue] successfully performed. With the following test data [title]. @19-09-2021 01:58:05.0962 AM
[ReportManager] API Action [GetResponseJSONValue] successfully performed. With the following test data [title]. @19-09-2021 01:58:05.0980 AM
[ReportManager] API Action [GetResponseJSONValue] successfully performed. With the following test data [title]. @19-09-2021 01:58:05.0994 AM
[ReportManager] API Action [GetResponseJSONValue] successfully performed. With the following test data [title]. @19-09-2021 01:58:06.0012 AM
[ReportManager] API Action [GetResponseJSONValue] successfully performed. With the following test data [title]. @19-09-2021 01:58:06.0025 AM
[ReportManager] API Action [GetResponseJSONValue] successfully performed. With the following test data [title]. @19-09-2021 01:58:06.0047 AM
[ReportManager] API Action [GetResponseJSONValue] successfully performed. With the following test data [title]. @19-09-2021 01:58:06.0058 AM
[ReportManager] API Action [GetResponseJSONValue] successfully performed. With the following test data [title]. @19-09-2021 01:58:06.0070 AM
[ReportManager] API Action [GetResponseJSONValue] successfully performed. With the following test data [title]. @19-09-2021 01:58:06.0081 AM
[ReportManager] API Action [GetResponseJSONValue] successfully performed. With the following test data [title]. @19-09-2021 01:58:06.0096 AM
[ReportManager] API Action [GetResponseJSONValue] successfully performed. With the following test data [title]. @19-09-2021 01:58:06.0115 AM
[ReportManager] API Action [GetResponseJSONValue] successfully performed. With the following test data [title]. @19-09-2021 01:58:06.0129 AM
[ReportManager] API Action [GetResponseJSONValue] successfully performed. With the following test data [title]. @19-09-2021 01:58:06.0142 AM
[ReportManager] API Action [GetResponseJSONValue] successfully performed. With the following test data [title]. @19-09-2021 01:58:06.0155 AM
[ReportManager] API Action [GetResponseJSONValue] successfully performed. With the following test data [title]. @19-09-2021 01:58:06.0184 AM
[ReportManager] API Action [GetResponseJSONValue] successfully performed. With the following test data [title]. @19-09-2021 01:58:06.0195 AM
[ReportManager] API Action [GetResponseJSONValue] successfully performed. With the following test data [title]. @19-09-2021 01:58:06.0208 AM
[ReportManager] API Action [GetResponseJSONValue] successfully performed. With the following test data [title]. @19-09-2021 01:58:06.0220 AM
[ReportManager] API Action [GetResponseJSONValue] successfully performed. With the following test data [title]. @19-09-2021 01:58:06.0242 AM
[ReportManager] API Action [GetResponseJSONValue] successfully performed. With the following test data [title]. @19-09-2021 01:58:06.0257 AM
[ReportManager] API Action [GetResponseJSONValue] successfully performed. With the following test data [title]. @19-09-2021 01:58:06.0269 AM
[ReportManager] API Action [GetResponseJSONValue] successfully performed. With the following test data [title]. @19-09-2021 01:58:06.0284 AM
[ReportManager] API Action [GetResponseJSONValue] successfully performed. With the following test data [title]. @19-09-2021 01:58:06.0301 AM
[ReportManager] API Action [GetResponseJSONValue] successfully performed. With the following test data [title]. @19-09-2021 01:58:06.0320 AM
[ReportManager] API Action [GetResponseJSONValue] successfully performed. With the following test data [title]. @19-09-2021 01:58:06.0340 AM
[ReportManager] API Action [GetResponseJSONValue] successfully performed. With the following test data [title]. @19-09-2021 01:58:06.0358 AM
[ReportManager] API Action [GetResponseJSONValue] successfully performed. With the following test data [title]. @19-09-2021 01:58:06.0439 AM
[ReportManager] API Action [GetResponseJSONValue] successfully performed. With the following test data [title]. @19-09-2021 01:58:06.0454 AM
[ReportManager] API Action [GetResponseJSONValue] successfully performed. With the following test data [title]. @19-09-2021 01:58:06.0466 AM
[ReportManager] API Action [GetResponseJSONValue] successfully performed. With the following test data [title]. @19-09-2021 01:58:06.0480 AM
[ReportManager] API Action [GetResponseJSONValue] successfully performed. With the following test data [title]. @19-09-2021 01:58:06.0492 AM
[ReportManager] API Action [GetResponseJSONValue] successfully performed. With the following test data [title]. @19-09-2021 01:58:06.0506 AM
[ReportManager] API Action [GetResponseJSONValue] successfully performed. With the following test data [title]. @19-09-2021 01:58:06.0519 AM
[ReportManager] API Action [GetResponseJSONValue] successfully performed. With the following test data [title]. @19-09-2021 01:58:06.0537 AM
[ReportManager] API Action [GetResponseJSONValue] successfully performed. With the following test data [title]. @19-09-2021 01:58:06.0552 AM
[ReportManager] API Action [GetResponseJSONValue] successfully performed. With the following test data [title]. @19-09-2021 01:58:06.0562 AM
[ReportManager] API Action [GetResponseJSONValue] successfully performed. With the following test data [title]. @19-09-2021 01:58:06.0577 AM
[ReportManager] API Action [GetResponseJSONValue] successfully performed. With the following test data [title]. @19-09-2021 01:58:06.0588 AM
[ReportManager] API Action [GetResponseJSONValue] successfully performed. With the following test data [title]. @19-09-2021 01:58:06.0603 AM
[ReportManager] API Action [GetResponseJSONValue] successfully performed. With the following test data [title]. @19-09-2021 01:58:06.0617 AM
[ReportManager] API Action [GetResponseJSONValue] successfully performed. With the following test data [title]. @19-09-2021 01:58:06.0629 AM
[ReportManager] API Action [GetResponseJSONValue] successfully performed. With the following test data [title]. @19-09-2021 01:58:06.0640 AM
[ReportManager] API Action [GetResponseJSONValue] successfully performed. With the following test data [title]. @19-09-2021 01:58:06.0650 AM
[ReportManager] API Action [GetResponseJSONValue] successfully performed. With the following test data [title]. @19-09-2021 01:58:06.0664 AM
[ReportManager] API Action [GetResponseJSONValue] successfully performed. With the following test data [title]. @19-09-2021 01:58:06.0675 AM
[ReportManager] API Action [GetResponseJSONValue] successfully performed. With the following test data [title]. @19-09-2021 01:58:06.0688 AM
[ReportManager] API Action [GetResponseJSONValue] successfully performed. With the following test data [title]. @19-09-2021 01:58:06.0701 AM
[ReportManager] API Action [GetResponseJSONValue] successfully performed. With the following test data [title]. @19-09-2021 01:58:06.0712 AM
[ReportManager] API Action [GetResponseJSONValue] successfully performed. With the following test data [title]. @19-09-2021 01:58:06.0740 AM
[ReportManager] API Action [GetResponseJSONValue] successfully performed. With the following test data [title]. @19-09-2021 01:58:06.0751 AM
[ReportManager] API Action [GetResponseJSONValue] successfully performed. With the following test data [title]. @19-09-2021 01:58:06.0763 AM
[ReportManager] API Action [GetResponseJSONValue] successfully performed. With the following test data [title]. @19-09-2021 01:58:06.0775 AM
[ReportManager] API Action [GetResponseJSONValue] successfully performed. With the following test data [title]. @19-09-2021 01:58:06.0791 AM
[ReportManager] API Action [GetResponseJSONValue] successfully performed. With the following test data [title]. @19-09-2021 01:58:06.0802 AM
[ReportManager] API Action [GetResponseJSONValue] successfully performed. With the following test data [title]. @19-09-2021 01:58:06.0813 AM
[ReportManager] API Action [GetResponseJSONValue] successfully performed. With the following test data [title]. @19-09-2021 01:58:06.0824 AM
[ReportManager] API Action [GetResponseJSONValue] successfully performed. With the following test data [title]. @19-09-2021 01:58:06.0836 AM
[ReportManager] API Action [GetResponseJSONValue] successfully performed. With the following test data [title]. @19-09-2021 01:58:06.0847 AM
[ReportManager] API Action [GetResponseJSONValue] successfully performed. With the following test data [title]. @19-09-2021 01:58:06.0865 AM
[ReportManager] API Action [GetResponseJSONValue] successfully performed. With the following test data [title]. @19-09-2021 01:58:06.0880 AM
[ReportManager] API Action [GetResponseJSONValue] successfully performed. With the following test data [title]. @19-09-2021 01:58:06.0896 AM
[ReportManager] API Action [GetResponseJSONValue] successfully performed. With the following test data [title]. @19-09-2021 01:58:06.0910 AM
[ReportManager] API Action [GetResponseJSONValue] successfully performed. With the following test data [title]. @19-09-2021 01:58:06.0922 AM
[ReportManager] API Action [GetResponseJSONValue] successfully performed. With the following test data [title]. @19-09-2021 01:58:06.0935 AM
[ReportManager] API Action [GetResponseJSONValue] successfully performed. With the following test data [title]. @19-09-2021 01:58:06.0945 AM
[ReportManager] API Action [GetResponseJSONValue] successfully performed. With the following test data [title]. @19-09-2021 01:58:06.0956 AM
[ReportManager] API Action [GetResponseJSONValue] successfully performed. With the following test data [title]. @19-09-2021 01:58:06.0968 AM
[ReportManager] API Action [GetResponseJSONValue] successfully performed. With the following test data [title]. @19-09-2021 01:58:06.0978 AM
[ReportManager] API Action [GetResponseJSONValue] successfully performed. With the following test data [title]. @19-09-2021 01:58:06.0990 AM
[ReportManager] API Action [GetResponseJSONValue] successfully performed. With the following test data [title]. @19-09-2021 01:58:07.0000 AM
[ReportManager] API Action [GetResponseJSONValue] successfully performed. With the following test data [title]. @19-09-2021 01:58:07.0019 AM
[ReportManager] API Action [GetResponseJSONValue] successfully performed. With the following test data [title]. @19-09-2021 01:58:07.0035 AM
[ReportManager] API Action [GetResponseJSONValue] successfully performed. With the following test data [title]. @19-09-2021 01:58:07.0046 AM
[ReportManager] API Action [GetResponseJSONValue] successfully performed. With the following test data [title]. @19-09-2021 01:58:07.0057 AM
[ReportManager] API Action [GetResponseJSONValue] successfully performed. With the following test data [title]. @19-09-2021 01:58:07.0071 AM
[ReportManager] API Action [GetResponseJSONValue] successfully performed. With the following test data [title]. @19-09-2021 01:58:07.0082 AM
[ReportManager] API Action [GetResponseJSONValue] successfully performed. With the following test data [title]. @19-09-2021 01:58:07.0092 AM
[ReportManager] API Action [GetResponseJSONValue] successfully performed. With the following test data [title]. @19-09-2021 01:58:07.0103 AM
[ReportManager] API Action [GetResponseJSONValue] successfully performed. With the following test data [title]. @19-09-2021 01:58:07.0113 AM
[ReportManager] API Action [GetResponseJSONValue] successfully performed. With the following test data [title]. @19-09-2021 01:58:07.0123 AM
[ReportManager] API Action [GetResponseJSONValue] successfully performed. With the following test data [title]. @19-09-2021 01:58:07.0134 AM
[ReportManager] API Action [GetResponseJSONValue] successfully performed. With the following test data [title]. @19-09-2021 01:58:07.0144 AM
[ReportManager] API Action [GetResponseJSONValue] successfully performed. With the following test data [title]. @19-09-2021 01:58:07.0180 AM

################################################################################################################################################
Starting Execution:	[97 out of 143] test cases in the current suite
Test Method:		[unitTests.tests_restActions.validateUserEmail]
################################################################################################################################################
[ReportManager] Response status code: [200], status line: [HTTP/1.1 200 OK] @19-09-2021 01:58:07.0256 AM
[ReportManager] Assertion Passed: Evaluating the actual response status code against the expected one... @19-09-2021 01:58:07.0256 AM
[ReportManager] Assertion [ValidateEquals] PASSED. Expected [200] and Actual [200]. Comparison Type [EQUALS]. Validation Type [POSITIVE]. @19-09-2021 01:58:07.0256 AM
[ReportManager] API Action [PerformRequest] successfully performed. With the following test data [Request Type: "GET" | Target Status Code: "200" | Service URL: "https://jsonplaceholder.typicode.com/users" | Content Type: "*/*" | Response Time: "62ms"]. @19-09-2021 01:58:07.0275 AM
[ReportManager] Successfully created attachment [API Request - Specifications] @19-09-2021 01:58:07.0276 AM
[ReportManager] Successfully created attachment [API Response - JSON Body] @19-09-2021 01:58:07.0277 AM
[ReportManager] Assertion [ValidateEquals] PASSED. Expected and Actual values are attached. Comparison Type [CONTAINS]. Validation Type [POSITIVE]. @19-09-2021 01:58:07.0277 AM
[ReportManager] Successfully created attachment [Validation Test Data - Expected Value] @19-09-2021 01:58:07.0278 AM
[ReportManager] Successfully created attachment [Validation Test Data - Actual Value] @19-09-2021 01:58:07.0278 AM
[ReportManager] API Action [GetResponseJSONValueAsList] successfully performed. With the following test data [$]. @19-09-2021 01:58:07.0282 AM
[ReportManager] API Action [GetResponseJSONValue] successfully performed. With the following test data [name]. @19-09-2021 01:58:07.0296 AM
[ReportManager] API Action [GetResponseJSONValue] successfully performed. With the following test data [email]. @19-09-2021 01:58:07.0319 AM
[ReportManager] Assertion [ValidateEquals] PASSED. Expected [Sincere@april.biz] and Actual [Sincere@april.biz]. Comparison Type [EQUALS]. Validation Type [POSITIVE]. @19-09-2021 01:58:07.0319 AM
[ReportManager] API Action [GetResponseJSONValue] successfully performed. With the following test data [name]. @19-09-2021 01:58:07.0330 AM
[ReportManager] API Action [GetResponseJSONValue] successfully performed. With the following test data [name]. @19-09-2021 01:58:07.0342 AM
[ReportManager] API Action [GetResponseJSONValue] successfully performed. With the following test data [name]. @19-09-2021 01:58:07.0403 AM
[ReportManager] API Action [GetResponseJSONValue] successfully performed. With the following test data [name]. @19-09-2021 01:58:07.0423 AM
[ReportManager] API Action [GetResponseJSONValue] successfully performed. With the following test data [name]. @19-09-2021 01:58:07.0521 AM
[ReportManager] API Action [GetResponseJSONValue] successfully performed. With the following test data [name]. @19-09-2021 01:58:07.0533 AM
[ReportManager] API Action [GetResponseJSONValue] successfully performed. With the following test data [name]. @19-09-2021 01:58:07.0543 AM
[ReportManager] API Action [GetResponseJSONValue] successfully performed. With the following test data [name]. @19-09-2021 01:58:07.0554 AM
[ReportManager] API Action [GetResponseJSONValue] successfully performed. With the following test data [name]. @19-09-2021 01:58:07.0567 AM

################################################################################################################################################
Starting Execution:	[98 out of 143] test cases in the current suite
Test Method:		[unitTests.tests_validations_assertions.assertComparativeRelation_greaterThanOrEquals_false_equals_expectedToFail]
################################################################################################################################################
[ReportManager] Assertion [ValidateComparativeRelation] FAILED. Expected [1] and Actual [1]. Comparison Type [GREATER_THAN_OR_EQUALS]. Validation Type [NEGATIVE]. @19-09-2021 01:58:07.0576 AM

################################################################################################################################################
Starting Execution:	[99 out of 143] test cases in the current suite
Test Method:		[unitTests.tests_validations_assertions.assertComparativeRelation_greaterThanOrEquals_false_equals_expectedToPass]
################################################################################################################################################
[ReportManager] Assertion [ValidateComparativeRelation] PASSED. Expected [2] and Actual [1]. Comparison Type [GREATER_THAN_OR_EQUALS]. Validation Type [NEGATIVE]. @19-09-2021 01:58:07.0579 AM

################################################################################################################################################
Starting Execution:	[100 out of 143] test cases in the current suite
Test Method:		[unitTests.tests_validations_assertions.assertComparativeRelation_greaterThanOrEquals_false_greaterThan_expectedToFail]
################################################################################################################################################
[ReportManager] Assertion [ValidateComparativeRelation] FAILED. Expected [1] and Actual [2]. Comparison Type [GREATER_THAN_OR_EQUALS]. Validation Type [NEGATIVE]. @19-09-2021 01:58:07.0583 AM

################################################################################################################################################
Starting Execution:	[101 out of 143] test cases in the current suite
Test Method:		[unitTests.tests_validations_assertions.assertComparativeRelation_greaterThanOrEquals_false_greaterThan_expectedToPass]
################################################################################################################################################
[ReportManager] Assertion [ValidateComparativeRelation] PASSED. Expected [2] and Actual [1]. Comparison Type [GREATER_THAN_OR_EQUALS]. Validation Type [NEGATIVE]. @19-09-2021 01:58:07.0587 AM

################################################################################################################################################
Starting Execution:	[102 out of 143] test cases in the current suite
Test Method:		[unitTests.tests_validations_assertions.assertComparativeRelation_greaterThanOrEquals_true_equals_expectedToFail]
################################################################################################################################################
[ReportManager] Assertion [ValidateComparativeRelation] FAILED. Expected [1] and Actual [0]. Comparison Type [GREATER_THAN_OR_EQUALS]. Validation Type [POSITIVE]. @19-09-2021 01:58:07.0592 AM

################################################################################################################################################
Starting Execution:	[103 out of 143] test cases in the current suite
Test Method:		[unitTests.tests_validations_assertions.assertComparativeRelation_greaterThanOrEquals_true_equals_expectedToPass]
################################################################################################################################################
[ReportManager] Assertion [ValidateComparativeRelation] PASSED. Expected [1] and Actual [1]. Comparison Type [GREATER_THAN_OR_EQUALS]. Validation Type [POSITIVE]. @19-09-2021 01:58:07.0596 AM

################################################################################################################################################
Starting Execution:	[104 out of 143] test cases in the current suite
Test Method:		[unitTests.tests_validations_assertions.assertComparativeRelation_greaterThanOrEquals_true_greaterThan_expectedToFail]
################################################################################################################################################
[ReportManager] Assertion [ValidateComparativeRelation] FAILED. Expected [2] and Actual [1]. Comparison Type [GREATER_THAN_OR_EQUALS]. Validation Type [POSITIVE]. @19-09-2021 01:58:07.0606 AM

################################################################################################################################################
Starting Execution:	[105 out of 143] test cases in the current suite
Test Method:		[unitTests.tests_validations_assertions.assertComparativeRelation_greaterThanOrEquals_true_greaterThan_expectedToPass]
################################################################################################################################################
[ReportManager] Assertion [ValidateComparativeRelation] PASSED. Expected [1] and Actual [2]. Comparison Type [GREATER_THAN_OR_EQUALS]. Validation Type [POSITIVE]. @19-09-2021 01:58:07.0609 AM
[ReportManager] File Action [GetAbsolutePath] successfully performed. With the following test data [Relative Folder Path: "target/downloadedFiles/"]. @19-09-2021 01:58:07.0612 AM
[ReportManager] Attempting to run locally on: [Windows-64], [MicrosoftEdge], Headless Execution. @19-09-2021 01:58:07.0613 AM
[ReportManager] Identifying OS/Driver combination and selecting the correct driver version automatically. Please note that if a new driver executable will be downloaded it may take some time... @19-09-2021 01:58:07.0613 AM
[ReportManager] Successfully Opened Microsoft Edge. @19-09-2021 01:58:08.0689 AM
[ReportManager] Initial window size: (1004, 708) @19-09-2021 01:58:08.0696 AM
[ReportManager] Window size after SWD Maximize: (1040, 744) @19-09-2021 01:58:08.0812 AM
[ReportManager] Browser Action [MaximizeWindow] successfully performed. With the following test data [New screen size is now: (1040, 744)]. @19-09-2021 01:58:08.0813 AM
[ReportManager] Target URL: [https://www.google.com/ncr], and after redirection: [www.google.com] @19-09-2021 01:58:08.0813 AM
[ReportManager] Initial URL: [data:,] @19-09-2021 01:58:08.0840 AM
[ReportManager] Browser Action [NavigateToURL] successfully performed. With the following test data [https://www.google.com/ncr]. @19-09-2021 01:58:10.0004 AM

################################################################################################################################################
Starting Execution:	[106 out of 143] test cases in the current suite
Test Method:		[unitTests.tests_validations_assertions.assertElementAttribute_false_caseInsensitiveComparison_expectedToFail]
################################################################################################################################################
[ReportManager] Element Action [Type] successfully performed. With the following test data [AUTOMATION]. @19-09-2021 01:58:10.0297 AM
[ReportManager] Element Action [GetText] successfully performed. With the following test data [AUTOMATION]. @19-09-2021 01:58:10.0367 AM
[ReportManager] Loaded Shared OpenCV @19-09-2021 01:58:10.0519 AM
[ReportManager] Assertion [ValidateElementAttribute] FAILED. Expected [Value Should not be 'AutomaTion' for the 'text' attribute, element locator 'By.name: q'] and Actual [AUTOMATION]. Comparison Type [CASE_INSENSITIVE]. Validation Type [NEGATIVE]. @19-09-2021 01:58:10.0639 AM
[ReportManager] Successfully created attachment [Screenshot - 1632016690519_assertElementAttribute_false_caseInsensitiveComparison_expectedToFail_ValidateElementAttribute_failed] @19-09-2021 01:58:10.0641 AM
[ReportManager] Browser Action [CloseCurrentWindow] successfully performed. @19-09-2021 01:58:10.0799 AM
[ReportManager] Successfully created attachment [Browser Action Test Data - CloseCurrentWindow - Actual Value] @19-09-2021 01:58:10.0800 AM
[ReportManager] File Action [GetAbsolutePath] successfully performed. With the following test data [Relative Folder Path: "target/downloadedFiles/"]. @19-09-2021 01:58:10.0805 AM
[ReportManager] Attempting to run locally on: [Windows-64], [MicrosoftEdge], Headless Execution. @19-09-2021 01:58:10.0805 AM
[ReportManager] Identifying OS/Driver combination and selecting the correct driver version automatically. Please note that if a new driver executable will be downloaded it may take some time... @19-09-2021 01:58:10.0805 AM
[ReportManager] Successfully Opened Microsoft Edge. @19-09-2021 01:58:11.0830 AM
[ReportManager] Initial window size: (1004, 708) @19-09-2021 01:58:11.0837 AM
[ReportManager] Window size after SWD Maximize: (1040, 744) @19-09-2021 01:58:11.0954 AM
[ReportManager] Browser Action [MaximizeWindow] successfully performed. With the following test data [New screen size is now: (1040, 744)]. @19-09-2021 01:58:11.0955 AM
[ReportManager] Target URL: [https://www.google.com/ncr], and after redirection: [www.google.com] @19-09-2021 01:58:11.0955 AM
[ReportManager] Initial URL: [data:,] @19-09-2021 01:58:11.0982 AM
[ReportManager] Browser Action [NavigateToURL] successfully performed. With the following test data [https://www.google.com/ncr]. @19-09-2021 01:58:13.0124 AM

################################################################################################################################################
Starting Execution:	[107 out of 143] test cases in the current suite
Test Method:		[unitTests.tests_validations_assertions.assertElementAttribute_false_caseInsensitiveComparison_expectedToPass]
################################################################################################################################################
[ReportManager] Element Action [Type] successfully performed. With the following test data [AUTOMATION]. @19-09-2021 01:58:13.0416 AM
[ReportManager] Element Action [GetText] successfully performed. With the following test data [AUTOMATION]. @19-09-2021 01:58:13.0491 AM
[ReportManager] Loaded Shared OpenCV @19-09-2021 01:58:13.0616 AM
[ReportManager] Assertion [ValidateElementAttribute] PASSED. Expected [Value Should not be 'AutomaTion123' for the 'text' attribute, element locator 'By.name: q'] and Actual [AUTOMATION]. Comparison Type [CASE_INSENSITIVE]. Validation Type [NEGATIVE]. @19-09-2021 01:58:13.0729 AM
[ReportManager] Successfully created attachment [Screenshot - 1632016693616_assertElementAttribute_false_caseInsensitiveComparison_expectedToPass_ValidateElementAttribute_passed] @19-09-2021 01:58:13.0731 AM
[ReportManager] Browser Action [CloseCurrentWindow] successfully performed. @19-09-2021 01:58:13.0901 AM
[ReportManager] Successfully created attachment [Browser Action Test Data - CloseCurrentWindow - Actual Value] @19-09-2021 01:58:13.0902 AM
[ReportManager] File Action [GetAbsolutePath] successfully performed. With the following test data [Relative Folder Path: "target/downloadedFiles/"]. @19-09-2021 01:58:13.0905 AM
[ReportManager] Attempting to run locally on: [Windows-64], [MicrosoftEdge], Headless Execution. @19-09-2021 01:58:13.0905 AM
[ReportManager] Identifying OS/Driver combination and selecting the correct driver version automatically. Please note that if a new driver executable will be downloaded it may take some time... @19-09-2021 01:58:13.0906 AM
[ReportManager] Successfully Opened Microsoft Edge. @19-09-2021 01:58:14.0984 AM
[ReportManager] Initial window size: (1004, 708) @19-09-2021 01:58:14.0992 AM
[ReportManager] Window size after SWD Maximize: (1040, 744) @19-09-2021 01:58:15.0109 AM
[ReportManager] Browser Action [MaximizeWindow] successfully performed. With the following test data [New screen size is now: (1040, 744)]. @19-09-2021 01:58:15.0109 AM
[ReportManager] Target URL: [https://www.google.com/ncr], and after redirection: [www.google.com] @19-09-2021 01:58:15.0110 AM
[ReportManager] Initial URL: [data:,] @19-09-2021 01:58:15.0138 AM
[ReportManager] Browser Action [NavigateToURL] successfully performed. With the following test data [https://www.google.com/ncr]. @19-09-2021 01:58:16.0293 AM

################################################################################################################################################
Starting Execution:	[108 out of 143] test cases in the current suite
Test Method:		[unitTests.tests_validations_assertions.assertElementAttribute_false_containsComparison_expectedToFail]
################################################################################################################################################
[ReportManager] Element Action [Type] successfully performed. With the following test data [Automation123]. @19-09-2021 01:58:16.0597 AM
[ReportManager] Element Action [GetText] successfully performed. With the following test data [Automation123]. @19-09-2021 01:58:16.0666 AM
[ReportManager] Loaded Shared OpenCV @19-09-2021 01:58:16.0796 AM
[ReportManager] Assertion [ValidateElementAttribute] FAILED. Expected [Value Should not be 'Automation' for the 'text' attribute, element locator 'By.name: q'] and Actual [Automation123]. Comparison Type [CONTAINS]. Validation Type [NEGATIVE]. @19-09-2021 01:58:16.0923 AM
[ReportManager] Successfully created attachment [Screenshot - 1632016696796_assertElementAttribute_false_containsComparison_expectedToFail_ValidateElementAttribute_failed] @19-09-2021 01:58:16.0924 AM
[ReportManager] Browser Action [CloseCurrentWindow] successfully performed. @19-09-2021 01:58:17.0087 AM
[ReportManager] Successfully created attachment [Browser Action Test Data - CloseCurrentWindow - Actual Value] @19-09-2021 01:58:17.0088 AM
[ReportManager] File Action [GetAbsolutePath] successfully performed. With the following test data [Relative Folder Path: "target/downloadedFiles/"]. @19-09-2021 01:58:17.0092 AM
[ReportManager] Attempting to run locally on: [Windows-64], [MicrosoftEdge], Headless Execution. @19-09-2021 01:58:17.0092 AM
[ReportManager] Identifying OS/Driver combination and selecting the correct driver version automatically. Please note that if a new driver executable will be downloaded it may take some time... @19-09-2021 01:58:17.0092 AM
[ReportManager] Successfully Opened Microsoft Edge. @19-09-2021 01:58:18.0075 AM
[ReportManager] Initial window size: (1004, 708) @19-09-2021 01:58:18.0082 AM
[ReportManager] Window size after SWD Maximize: (1040, 744) @19-09-2021 01:58:18.0205 AM
[ReportManager] Browser Action [MaximizeWindow] successfully performed. With the following test data [New screen size is now: (1040, 744)]. @19-09-2021 01:58:18.0206 AM
[ReportManager] Target URL: [https://www.google.com/ncr], and after redirection: [www.google.com] @19-09-2021 01:58:18.0206 AM
[ReportManager] Initial URL: [data:,] @19-09-2021 01:58:18.0235 AM
[ReportManager] Browser Action [NavigateToURL] successfully performed. With the following test data [https://www.google.com/ncr]. @19-09-2021 01:58:19.0369 AM

################################################################################################################################################
Starting Execution:	[109 out of 143] test cases in the current suite
Test Method:		[unitTests.tests_validations_assertions.assertElementAttribute_false_containsComparison_expectedToPass]
################################################################################################################################################
[ReportManager] Element Action [Type] successfully performed. With the following test data [Automation123]. @19-09-2021 01:58:19.0667 AM
[ReportManager] Element Action [GetText] successfully performed. With the following test data [Automation123]. @19-09-2021 01:58:19.0735 AM
[ReportManager] Loaded Shared OpenCV @19-09-2021 01:58:19.0863 AM
[ReportManager] Assertion [ValidateElementAttribute] PASSED. Expected [Value Should not be 'Automation1234' for the 'text' attribute, element locator 'By.name: q'] and Actual [Automation123]. Comparison Type [CONTAINS]. Validation Type [NEGATIVE]. @19-09-2021 01:58:19.0988 AM
[ReportManager] Successfully created attachment [Screenshot - 1632016699863_assertElementAttribute_false_containsComparison_expectedToPass_ValidateElementAttribute_passed] @19-09-2021 01:58:19.0990 AM
[ReportManager] Browser Action [CloseCurrentWindow] successfully performed. @19-09-2021 01:58:20.0163 AM
[ReportManager] Successfully created attachment [Browser Action Test Data - CloseCurrentWindow - Actual Value] @19-09-2021 01:58:20.0164 AM
[ReportManager] File Action [GetAbsolutePath] successfully performed. With the following test data [Relative Folder Path: "target/downloadedFiles/"]. @19-09-2021 01:58:20.0168 AM
[ReportManager] Attempting to run locally on: [Windows-64], [MicrosoftEdge], Headless Execution. @19-09-2021 01:58:20.0168 AM
[ReportManager] Identifying OS/Driver combination and selecting the correct driver version automatically. Please note that if a new driver executable will be downloaded it may take some time... @19-09-2021 01:58:20.0168 AM
[ReportManager] Successfully Opened Microsoft Edge. @19-09-2021 01:58:21.0010 AM
[ReportManager] Initial window size: (1004, 708) @19-09-2021 01:58:21.0020 AM
[ReportManager] Window size after SWD Maximize: (1040, 744) @19-09-2021 01:58:21.0141 AM
[ReportManager] Browser Action [MaximizeWindow] successfully performed. With the following test data [New screen size is now: (1040, 744)]. @19-09-2021 01:58:21.0141 AM
[ReportManager] Target URL: [https://www.google.com/ncr], and after redirection: [www.google.com] @19-09-2021 01:58:21.0141 AM
[ReportManager] Initial URL: [data:,] @19-09-2021 01:58:21.0174 AM
[ReportManager] Browser Action [NavigateToURL] successfully performed. With the following test data [https://www.google.com/ncr]. @19-09-2021 01:58:24.0932 AM

################################################################################################################################################
Starting Execution:	[110 out of 143] test cases in the current suite
Test Method:		[unitTests.tests_validations_assertions.assertElementAttribute_false_literalComparison_expectedToFail]
################################################################################################################################################
[ReportManager] Element Action [Type] successfully performed. With the following test data [Automation!@#$%^&*()_+{}[]\';/.,]. @19-09-2021 01:58:25.0319 AM
[ReportManager] Element Action [GetText] successfully performed. With the following test data [Automation!@#$%^&*()_+{}[]\';/.,]. @19-09-2021 01:58:25.0386 AM
[ReportManager] Loaded Shared OpenCV @19-09-2021 01:58:25.0555 AM
[ReportManager] Assertion [ValidateElementAttribute] PASSED. Expected [Value Should not be 'Automation!@#$%^&*()_+{}[]\\';/.,' for the 'text' attribute, element locator 'By.name: q'] and Actual [Automation!@#$%^&*()_+{}[]\';/.,]. Comparison Type [EQUALS]. Validation Type [NEGATIVE]. @19-09-2021 01:58:25.0692 AM
[ReportManager] Successfully created attachment [Screenshot - 1632016705555_assertElementAttribute_false_literalComparison_expectedToFail_ValidateElementAttribute_passed] @19-09-2021 01:58:25.0694 AM
[ReportManager] Browser Action [CloseCurrentWindow] successfully performed. @19-09-2021 01:58:25.0845 AM
[ReportManager] Successfully created attachment [Browser Action Test Data - CloseCurrentWindow - Actual Value] @19-09-2021 01:58:25.0846 AM
[ReportManager] File Action [GetAbsolutePath] successfully performed. With the following test data [Relative Folder Path: "target/downloadedFiles/"]. @19-09-2021 01:58:25.0849 AM
[ReportManager] Attempting to run locally on: [Windows-64], [MicrosoftEdge], Headless Execution. @19-09-2021 01:58:25.0849 AM
[ReportManager] Identifying OS/Driver combination and selecting the correct driver version automatically. Please note that if a new driver executable will be downloaded it may take some time... @19-09-2021 01:58:25.0849 AM
[ReportManager] Successfully Opened Microsoft Edge. @19-09-2021 01:58:26.0753 AM
[ReportManager] Initial window size: (1004, 708) @19-09-2021 01:58:26.0761 AM
[ReportManager] Window size after SWD Maximize: (1040, 744) @19-09-2021 01:58:26.0878 AM
[ReportManager] Browser Action [MaximizeWindow] successfully performed. With the following test data [New screen size is now: (1040, 744)]. @19-09-2021 01:58:26.0879 AM
[ReportManager] Target URL: [https://www.google.com/ncr], and after redirection: [www.google.com] @19-09-2021 01:58:26.0879 AM
[ReportManager] Initial URL: [data:,] @19-09-2021 01:58:26.0909 AM
[ReportManager] Browser Action [NavigateToURL] successfully performed. With the following test data [https://www.google.com/ncr]. @19-09-2021 01:58:28.0052 AM

################################################################################################################################################
Starting Execution:	[111 out of 143] test cases in the current suite
Test Method:		[unitTests.tests_validations_assertions.assertElementAttribute_false_literalComparison_expectedToPass]
################################################################################################################################################
[ReportManager] Element Action [Type] successfully performed. With the following test data [Automation!@#$%^&*()_+{}[]\';/.,]. @19-09-2021 01:58:28.0444 AM
[ReportManager] Element Action [GetText] successfully performed. With the following test data [Automation!@#$%^&*()_+{}[]\';/.,]. @19-09-2021 01:58:28.0511 AM
[ReportManager] Loaded Shared OpenCV @19-09-2021 01:58:28.0628 AM
[ReportManager] Assertion [ValidateElementAttribute] PASSED. Expected [Value Should not be 'Automation' for the 'text' attribute, element locator 'By.name: q'] and Actual [Automation!@#$%^&*()_+{}[]\';/.,]. Comparison Type [EQUALS]. Validation Type [NEGATIVE]. @19-09-2021 01:58:29.0943 AM
[ReportManager] Successfully created attachment [Screenshot - 1632016708628_assertElementAttribute_false_literalComparison_expectedToPass_ValidateElementAttribute_passed] @19-09-2021 01:58:29.0945 AM
[ReportManager] Browser Action [CloseCurrentWindow] successfully performed. @19-09-2021 01:58:30.0128 AM
[ReportManager] Successfully created attachment [Browser Action Test Data - CloseCurrentWindow - Actual Value] @19-09-2021 01:58:30.0129 AM
[ReportManager] File Action [GetAbsolutePath] successfully performed. With the following test data [Relative Folder Path: "target/downloadedFiles/"]. @19-09-2021 01:58:30.0132 AM
[ReportManager] Attempting to run locally on: [Windows-64], [MicrosoftEdge], Headless Execution. @19-09-2021 01:58:30.0132 AM
[ReportManager] Identifying OS/Driver combination and selecting the correct driver version automatically. Please note that if a new driver executable will be downloaded it may take some time... @19-09-2021 01:58:30.0132 AM
[ReportManager] Successfully Opened Microsoft Edge. @19-09-2021 01:58:31.0196 AM
[ReportManager] Initial window size: (1004, 708) @19-09-2021 01:58:31.0204 AM
[ReportManager] Window size after SWD Maximize: (1040, 744) @19-09-2021 01:58:31.0320 AM
[ReportManager] Browser Action [MaximizeWindow] successfully performed. With the following test data [New screen size is now: (1040, 744)]. @19-09-2021 01:58:31.0320 AM
[ReportManager] Target URL: [https://www.google.com/ncr], and after redirection: [www.google.com] @19-09-2021 01:58:31.0320 AM
[ReportManager] Initial URL: [data:,] @19-09-2021 01:58:31.0347 AM
[ReportManager] Browser Action [NavigateToURL] successfully performed. With the following test data [https://www.google.com/ncr]. @19-09-2021 01:58:32.0471 AM

################################################################################################################################################
Starting Execution:	[112 out of 143] test cases in the current suite
Test Method:		[unitTests.tests_validations_assertions.assertElementAttribute_false_regexComparison_expectedToFail]
################################################################################################################################################
[ReportManager] Element Action [Type] successfully performed. With the following test data [Automation123]. @19-09-2021 01:58:32.0744 AM
[ReportManager] Element Action [GetText] successfully performed. With the following test data [Automation123]. @19-09-2021 01:58:32.0804 AM
[ReportManager] Loaded Shared OpenCV @19-09-2021 01:58:32.0928 AM
[ReportManager] Assertion [ValidateElementAttribute] FAILED. Expected [Value Should not be 'Automation.*' for the 'text' attribute, element locator 'By.name: q'] and Actual [Automation123]. Comparison Type [MATCHES]. Validation Type [NEGATIVE]. @19-09-2021 01:58:33.0042 AM
[ReportManager] Successfully created attachment [Screenshot - 1632016712927_assertElementAttribute_false_regexComparison_expectedToFail_ValidateElementAttribute_failed] @19-09-2021 01:58:33.0043 AM
[ReportManager] Browser Action [CloseCurrentWindow] successfully performed. @19-09-2021 01:58:33.0194 AM
[ReportManager] Successfully created attachment [Browser Action Test Data - CloseCurrentWindow - Actual Value] @19-09-2021 01:58:33.0195 AM
[ReportManager] File Action [GetAbsolutePath] successfully performed. With the following test data [Relative Folder Path: "target/downloadedFiles/"]. @19-09-2021 01:58:33.0199 AM
[ReportManager] Attempting to run locally on: [Windows-64], [MicrosoftEdge], Headless Execution. @19-09-2021 01:58:33.0199 AM
[ReportManager] Identifying OS/Driver combination and selecting the correct driver version automatically. Please note that if a new driver executable will be downloaded it may take some time... @19-09-2021 01:58:33.0199 AM
[ReportManager] Successfully Opened Microsoft Edge. @19-09-2021 01:58:34.0164 AM
[ReportManager] Initial window size: (1004, 708) @19-09-2021 01:58:34.0171 AM
[ReportManager] Window size after SWD Maximize: (1040, 744) @19-09-2021 01:58:34.0291 AM
[ReportManager] Browser Action [MaximizeWindow] successfully performed. With the following test data [New screen size is now: (1040, 744)]. @19-09-2021 01:58:34.0291 AM
[ReportManager] Target URL: [https://www.google.com/ncr], and after redirection: [www.google.com] @19-09-2021 01:58:34.0291 AM
[ReportManager] Initial URL: [data:,] @19-09-2021 01:58:34.0318 AM
[ReportManager] Browser Action [NavigateToURL] successfully performed. With the following test data [https://www.google.com/ncr]. @19-09-2021 01:58:35.0474 AM

################################################################################################################################################
Starting Execution:	[113 out of 143] test cases in the current suite
Test Method:		[unitTests.tests_validations_assertions.assertElementAttribute_false_regexComparison_expectedToPass]
################################################################################################################################################
[ReportManager] Element Action [Type] successfully performed. With the following test data [Automation123]. @19-09-2021 01:58:35.0718 AM
[ReportManager] Element Action [GetText] successfully performed. With the following test data [Automation123]. @19-09-2021 01:58:35.0858 AM
[ReportManager] Loaded Shared OpenCV @19-09-2021 01:58:35.0970 AM
[ReportManager] Assertion [ValidateElementAttribute] PASSED. Expected [Value Should not be 'Automation' for the 'text' attribute, element locator 'By.name: q'] and Actual [Automation123]. Comparison Type [MATCHES]. Validation Type [NEGATIVE]. @19-09-2021 01:58:36.0107 AM
[ReportManager] Successfully created attachment [Screenshot - 1632016715970_assertElementAttribute_false_regexComparison_expectedToPass_ValidateElementAttribute_passed] @19-09-2021 01:58:36.0109 AM
[ReportManager] Browser Action [CloseCurrentWindow] successfully performed. @19-09-2021 01:58:36.0271 AM
[ReportManager] Successfully created attachment [Browser Action Test Data - CloseCurrentWindow - Actual Value] @19-09-2021 01:58:36.0272 AM
[ReportManager] File Action [GetAbsolutePath] successfully performed. With the following test data [Relative Folder Path: "target/downloadedFiles/"]. @19-09-2021 01:58:36.0276 AM
[ReportManager] Attempting to run locally on: [Windows-64], [MicrosoftEdge], Headless Execution. @19-09-2021 01:58:36.0276 AM
[ReportManager] Identifying OS/Driver combination and selecting the correct driver version automatically. Please note that if a new driver executable will be downloaded it may take some time... @19-09-2021 01:58:36.0276 AM
[ReportManager] Successfully Opened Microsoft Edge. @19-09-2021 01:58:37.0262 AM
[ReportManager] Initial window size: (1004, 708) @19-09-2021 01:58:37.0271 AM
[ReportManager] Window size after SWD Maximize: (1040, 744) @19-09-2021 01:58:37.0410 AM
[ReportManager] Browser Action [MaximizeWindow] successfully performed. With the following test data [New screen size is now: (1040, 744)]. @19-09-2021 01:58:37.0411 AM
[ReportManager] Target URL: [https://www.google.com/ncr], and after redirection: [www.google.com] @19-09-2021 01:58:37.0411 AM
[ReportManager] Initial URL: [data:,] @19-09-2021 01:58:37.0440 AM
[ReportManager] Browser Action [NavigateToURL] successfully performed. With the following test data [https://www.google.com/ncr]. @19-09-2021 01:58:38.0667 AM

################################################################################################################################################
Starting Execution:	[114 out of 143] test cases in the current suite
Test Method:		[unitTests.tests_validations_assertions.assertElementAttribute_true_caseInsensitiveComparison_expectedToFail]
################################################################################################################################################
[ReportManager] Element Action [Type] successfully performed. With the following test data [AUTOMATION]. @19-09-2021 01:58:38.0992 AM
[ReportManager] Element Action [GetText] successfully performed. With the following test data [AUTOMATION]. @19-09-2021 01:58:39.0063 AM
[ReportManager] Loaded Shared OpenCV @19-09-2021 01:58:39.0209 AM
[ReportManager] Assertion [ValidateElementAttribute] FAILED. Expected [Value Should be 'AutomaTion123' for the 'text' attribute, element locator 'By.name: q'] and Actual [AUTOMATION]. Comparison Type [CASE_INSENSITIVE]. Validation Type [POSITIVE]. @19-09-2021 01:58:39.0327 AM
[ReportManager] Successfully created attachment [Screenshot - 1632016719209_assertElementAttribute_true_caseInsensitiveComparison_expectedToFail_ValidateElementAttribute_failed] @19-09-2021 01:58:39.0328 AM
[ReportManager] Browser Action [CloseCurrentWindow] successfully performed. @19-09-2021 01:58:39.0472 AM
[ReportManager] Successfully created attachment [Browser Action Test Data - CloseCurrentWindow - Actual Value] @19-09-2021 01:58:39.0473 AM
[ReportManager] File Action [GetAbsolutePath] successfully performed. With the following test data [Relative Folder Path: "target/downloadedFiles/"]. @19-09-2021 01:58:39.0477 AM
[ReportManager] Attempting to run locally on: [Windows-64], [MicrosoftEdge], Headless Execution. @19-09-2021 01:58:39.0477 AM
[ReportManager] Identifying OS/Driver combination and selecting the correct driver version automatically. Please note that if a new driver executable will be downloaded it may take some time... @19-09-2021 01:58:39.0477 AM

################################################################################################################################################
Starting Execution:	[115 out of 143] test cases in the current suite
Test Method:		[unitTests.tests_validations_assertions.assertElementAttribute_true_caseInsensitiveComparison_expectedToPass]
################################################################################################################################################



################################################################################################################################################
Starting Execution:	[116 out of 143] test cases in the current suite
Test Method:		[unitTests.tests_validations_assertions.assertElementAttribute_true_containsComparison_expectedToFail]
################################################################################################################################################



################################################################################################################################################
Starting Execution:	[117 out of 143] test cases in the current suite
Test Method:		[unitTests.tests_validations_assertions.assertElementAttribute_true_containsComparison_expectedToPass]
################################################################################################################################################



################################################################################################################################################
Starting Execution:	[118 out of 143] test cases in the current suite
Test Method:		[unitTests.tests_validations_assertions.assertElementAttribute_true_literalComparison_expectedToFail]
################################################################################################################################################



################################################################################################################################################
Starting Execution:	[119 out of 143] test cases in the current suite
Test Method:		[unitTests.tests_validations_assertions.assertElementAttribute_true_literalComparison_expectedToPass]
################################################################################################################################################



################################################################################################################################################
Starting Execution:	[120 out of 143] test cases in the current suite
Test Method:		[unitTests.tests_validations_assertions.assertElementAttribute_true_regexComparison_expectedToFail]
################################################################################################################################################



################################################################################################################################################
Starting Execution:	[121 out of 143] test cases in the current suite
Test Method:		[unitTests.tests_validations_assertions.assertElementAttribute_true_regexComparison_expectedToPass]
################################################################################################################################################



################################################################################################################################################
Starting Execution:	[122 out of 143] test cases in the current suite
Test Method:		[unitTests.tests_validations_assertions.assertElementAttribute_type_true_literalComparison_expectedToPass]
################################################################################################################################################



################################################################################################################################################
Starting Execution:	[123 out of 143] test cases in the current suite
Test Method:		[unitTests.tests_validations_assertions.assertElementExists_false_expectedToFail]
################################################################################################################################################



################################################################################################################################################
Starting Execution:	[124 out of 143] test cases in the current suite
Test Method:		[unitTests.tests_validations_assertions.assertElementExists_false_expectedToPass]
################################################################################################################################################



################################################################################################################################################
Starting Execution:	[125 out of 143] test cases in the current suite
Test Method:		[unitTests.tests_validations_assertions.assertElementExists_false_multipleElementsFound_expectedToFail]
################################################################################################################################################



################################################################################################################################################
Starting Execution:	[126 out of 143] test cases in the current suite
Test Method:		[unitTests.tests_validations_assertions.assertElementExists_true_expectedToFail]
################################################################################################################################################



################################################################################################################################################
Starting Execution:	[127 out of 143] test cases in the current suite
Test Method:		[unitTests.tests_validations_assertions.assertElementExists_true_expectedToPass]
################################################################################################################################################



################################################################################################################################################
Starting Execution:	[128 out of 143] test cases in the current suite
Test Method:		[unitTests.tests_validations_assertions.assertElementExists_true_multipleElementsFound_expectedToFail]
################################################################################################################################################


################################################################################################################################################
Starting Execution:	[129 out of 143] test cases in the current suite
Test Method:		[unitTests.tests_validations_assertions.assertEquals_false_expectedToFail]
################################################################################################################################################

################################################################################################################################################
Starting Execution:	[130 out of 143] test cases in the current suite
Test Method:		[unitTests.tests_validations_assertions.assertEquals_false_expectedToPass]
################################################################################################################################################

################################################################################################################################################
Starting Execution:	[131 out of 143] test cases in the current suite
Test Method:		[unitTests.tests_validations_assertions.assertEquals_longCharacters]
################################################################################################################################################

################################################################################################################################################
Starting Execution:	[132 out of 143] test cases in the current suite
Test Method:		[unitTests.tests_validations_assertions.assertEquals_longCharacters_Discreet]
################################################################################################################################################

################################################################################################################################################
Starting Execution:	[133 out of 143] test cases in the current suite
Test Method:		[unitTests.tests_validations_assertions.assertEquals_true_expectedToFail]
################################################################################################################################################

################################################################################################################################################
Starting Execution:	[134 out of 143] test cases in the current suite
Test Method:		[unitTests.tests_validations_assertions.assertEquals_true_expectedToPass]
Test Description:	[Assert that assertEquals works as expected when the two values are equal.]
################################################################################################################################################

################################################################################################################################################
Starting Execution:	[135 out of 143] test cases in the current suite
Test Method:		[unitTests.tests_validations_assertions.assertEquals_true_expectedToPass__]
################################################################################################################################################

################################################################################################################################################
Starting Execution:	[136 out of 143] test cases in the current suite
Test Method:		[unitTests.tests_validations_assertions.assertFileExists_false_expectedToFail]
################################################################################################################################################

################################################################################################################################################
Starting Execution:	[137 out of 143] test cases in the current suite
Test Method:		[unitTests.tests_validations_assertions.assertFileExists_false_expectedToPass]
################################################################################################################################################

################################################################################################################################################
Starting Execution:	[138 out of 143] test cases in the current suite
Test Method:		[unitTests.tests_validations_assertions.assertFileExists_true_expectedToFail]
################################################################################################################################################

################################################################################################################################################
Starting Execution:	[139 out of 143] test cases in the current suite
Test Method:		[unitTests.tests_validations_assertions.assertFileExists_true_expectedToPass]
################################################################################################################################################

################################################################################################################################################
Starting Execution:	[140 out of 143] test cases in the current suite
Test Method:		[unitTests.tests_validations_assertions.assertNull_false_expectedToFail]
################################################################################################################################################

################################################################################################################################################
Starting Execution:	[141 out of 143] test cases in the current suite
Test Method:		[unitTests.tests_validations_assertions.assertNull_false_expectedToPass]
################################################################################################################################################

################################################################################################################################################
Starting Execution:	[142 out of 143] test cases in the current suite
Test Method:		[unitTests.tests_validations_assertions.assertNull_true_expectedToFail]
################################################################################################################################################

################################################################################################################################################
Starting Execution:	[143 out of 143] test cases in the current suite
Test Method:		[unitTests.tests_validations_assertions.assertNull_true_expectedToPass]
################################################################################################################################################

################################################################################################################################################
Test Closure Activities
################################################################################################################################################
[ReportManager] Successfully created attachment [SHAFT Engine Logs - Execution log] @19-09-2021 01:58:40.0395 AM

################################################################################################################################################
This test run was powered by SHAFT Engine Version: [SHAFT Engine v5.3.20210902]
SHAFT Engine is licensed under the MIT License: [https://github.com/MohabMohie/SHAFT_ENGINE/blob/master/LICENSE].
################################################################################################################################################