################################################################################################################################################
Detected SHAFT Engine Version: [SHAFT Engine v5.3.20210902]
################################################################################################################################################

################################################################################################################################################
Starting Execution:	[1 out of 143] test cases in the current suite
Test Method:		[unitTests.tests_restActions.getPostsAndAssertBodyForSpecificTitle]
################################################################################################################################################
[ReportManager] Response status code: [200], status line: [HTTP/1.1 200 OK] @15-09-2021 10:25:40.0582 AM
[ReportManager] Assertion Passed: Evaluating the actual response status code against the expected one... @15-09-2021 10:25:40.0593 AM
[ReportManager] Assertion [ValidateEquals] PASSED. Expected [200] and Actual [200]. Comparison Type [EQUALS]. Validation Type [POSITIVE]. @15-09-2021 10:25:40.0600 AM
[ReportManager] API Action [PerformRequest] successfully performed. With the following test data [Request Type: "GET" | Target Status Code: "200" | Service URL: "https://jsonplaceholder.typicode.com/posts" | Content Type: "*/*" | Response Time: "968ms"]. @15-09-2021 10:25:41.0954 AM
[ReportManager] Successfully created attachment [API Request - Specifications] @15-09-2021 10:25:41.0964 AM
[ReportManager] Successfully created attachment [API Response - JSON Body] @15-09-2021 10:25:42.0209 AM
[ReportManager] API Action [GetResponseJSONValueAsList] successfully performed. @15-09-2021 10:25:42.0242 AM
[ReportManager] API Action [GetResponseJSONValue] successfully performed. With the following test data [title]. @15-09-2021 10:25:42.0263 AM
[ReportManager] API Action [GetResponseJSONValue] successfully performed. With the following test data [title]. @15-09-2021 10:25:42.0286 AM
[ReportManager] API Action [GetResponseJSONValue] successfully performed. With the following test data [body]. @15-09-2021 10:25:42.0313 AM
[ReportManager] Assertion [ValidateEquals] PASSED. Expected [qui neque nisi nulla] and Actual [est rerum tempore vitae
sequi sint nihil reprehenderit dolor beatae ea dolores neque
fugiat blanditiis voluptate porro vel nihil molestiae ut reiciendis
qui aperiam non debitis possimus qui neque nisi nulla]. Comparison Type [CONTAINS]. Validation Type [POSITIVE]. @15-09-2021 10:25:42.0316 AM
[ReportManager] API Action [GetResponseJSONValue] successfully performed. With the following test data [title]. @15-09-2021 10:25:42.0331 AM
[ReportManager] API Action [GetResponseJSONValue] successfully performed. With the following test data [title]. @15-09-2021 10:25:42.0344 AM
[ReportManager] API Action [GetResponseJSONValue] successfully performed. With the following test data [title]. @15-09-2021 10:25:42.0360 AM
[ReportManager] API Action [GetResponseJSONValue] successfully performed. With the following test data [title]. @15-09-2021 10:25:42.0377 AM
[ReportManager] API Action [GetResponseJSONValue] successfully performed. With the following test data [title]. @15-09-2021 10:25:42.0390 AM
[ReportManager] API Action [GetResponseJSONValue] successfully performed. With the following test data [title]. @15-09-2021 10:25:42.0405 AM
[ReportManager] API Action [GetResponseJSONValue] successfully performed. With the following test data [title]. @15-09-2021 10:25:42.0420 AM
[ReportManager] API Action [GetResponseJSONValue] successfully performed. With the following test data [title]. @15-09-2021 10:25:42.0435 AM
[ReportManager] API Action [GetResponseJSONValue] successfully performed. With the following test data [title]. @15-09-2021 10:25:42.0450 AM
[ReportManager] API Action [GetResponseJSONValue] successfully performed. With the following test data [title]. @15-09-2021 10:25:42.0462 AM
[ReportManager] API Action [GetResponseJSONValue] successfully performed. With the following test data [title]. @15-09-2021 10:25:42.0486 AM
[ReportManager] API Action [GetResponseJSONValue] successfully performed. With the following test data [title]. @15-09-2021 10:25:42.0539 AM
[ReportManager] API Action [GetResponseJSONValue] successfully performed. With the following test data [title]. @15-09-2021 10:25:42.0556 AM
[ReportManager] API Action [GetResponseJSONValue] successfully performed. With the following test data [title]. @15-09-2021 10:25:42.0577 AM
[ReportManager] API Action [GetResponseJSONValue] successfully performed. With the following test data [title]. @15-09-2021 10:25:42.0599 AM
[ReportManager] API Action [GetResponseJSONValue] successfully performed. With the following test data [title]. @15-09-2021 10:25:42.0615 AM
[ReportManager] API Action [GetResponseJSONValue] successfully performed. With the following test data [title]. @15-09-2021 10:25:42.0629 AM
[ReportManager] API Action [GetResponseJSONValue] successfully performed. With the following test data [title]. @15-09-2021 10:25:42.0643 AM
[ReportManager] API Action [GetResponseJSONValue] successfully performed. With the following test data [title]. @15-09-2021 10:25:42.0655 AM
[ReportManager] API Action [GetResponseJSONValue] successfully performed. With the following test data [title]. @15-09-2021 10:25:42.0674 AM
[ReportManager] API Action [GetResponseJSONValue] successfully performed. With the following test data [title]. @15-09-2021 10:25:42.0691 AM
[ReportManager] API Action [GetResponseJSONValue] successfully performed. With the following test data [title]. @15-09-2021 10:25:42.0706 AM
[ReportManager] API Action [GetResponseJSONValue] successfully performed. With the following test data [title]. @15-09-2021 10:25:42.0721 AM
[ReportManager] API Action [GetResponseJSONValue] successfully performed. With the following test data [title]. @15-09-2021 10:25:42.0737 AM
[ReportManager] API Action [GetResponseJSONValue] successfully performed. With the following test data [title]. @15-09-2021 10:25:42.0752 AM
[ReportManager] API Action [GetResponseJSONValue] successfully performed. With the following test data [title]. @15-09-2021 10:25:42.0764 AM
[ReportManager] API Action [GetResponseJSONValue] successfully performed. With the following test data [title]. @15-09-2021 10:25:42.0794 AM
[ReportManager] API Action [GetResponseJSONValue] successfully performed. With the following test data [title]. @15-09-2021 10:25:42.0816 AM
[ReportManager] API Action [GetResponseJSONValue] successfully performed. With the following test data [title]. @15-09-2021 10:25:42.0828 AM
[ReportManager] API Action [GetResponseJSONValue] successfully performed. With the following test data [title]. @15-09-2021 10:25:42.0839 AM
[ReportManager] API Action [GetResponseJSONValue] successfully performed. With the following test data [title]. @15-09-2021 10:25:42.0852 AM
[ReportManager] API Action [GetResponseJSONValue] successfully performed. With the following test data [title]. @15-09-2021 10:25:42.0863 AM
[ReportManager] API Action [GetResponseJSONValue] successfully performed. With the following test data [title]. @15-09-2021 10:25:42.0881 AM
[ReportManager] API Action [GetResponseJSONValue] successfully performed. With the following test data [title]. @15-09-2021 10:25:42.0894 AM
[ReportManager] API Action [GetResponseJSONValue] successfully performed. With the following test data [title]. @15-09-2021 10:25:42.0909 AM
[ReportManager] API Action [GetResponseJSONValue] successfully performed. With the following test data [title]. @15-09-2021 10:25:42.0920 AM
[ReportManager] API Action [GetResponseJSONValue] successfully performed. With the following test data [title]. @15-09-2021 10:25:42.0932 AM
[ReportManager] API Action [GetResponseJSONValue] successfully performed. With the following test data [title]. @15-09-2021 10:25:42.0943 AM
[ReportManager] API Action [GetResponseJSONValue] successfully performed. With the following test data [title]. @15-09-2021 10:25:42.0961 AM
[ReportManager] API Action [GetResponseJSONValue] successfully performed. With the following test data [title]. @15-09-2021 10:25:42.0972 AM
[ReportManager] API Action [GetResponseJSONValue] successfully performed. With the following test data [title]. @15-09-2021 10:25:42.0991 AM
[ReportManager] API Action [GetResponseJSONValue] successfully performed. With the following test data [title]. @15-09-2021 10:25:43.0004 AM
[ReportManager] API Action [GetResponseJSONValue] successfully performed. With the following test data [title]. @15-09-2021 10:25:43.0015 AM
[ReportManager] API Action [GetResponseJSONValue] successfully performed. With the following test data [title]. @15-09-2021 10:25:43.0030 AM
[ReportManager] API Action [GetResponseJSONValue] successfully performed. With the following test data [title]. @15-09-2021 10:25:43.0042 AM
[ReportManager] API Action [GetResponseJSONValue] successfully performed. With the following test data [title]. @15-09-2021 10:25:43.0054 AM
[ReportManager] API Action [GetResponseJSONValue] successfully performed. With the following test data [title]. @15-09-2021 10:25:43.0070 AM
[ReportManager] API Action [GetResponseJSONValue] successfully performed. With the following test data [title]. @15-09-2021 10:25:43.0091 AM
[ReportManager] API Action [GetResponseJSONValue] successfully performed. With the following test data [title]. @15-09-2021 10:25:43.0112 AM
[ReportManager] API Action [GetResponseJSONValue] successfully performed. With the following test data [title]. @15-09-2021 10:25:43.0124 AM
[ReportManager] API Action [GetResponseJSONValue] successfully performed. With the following test data [title]. @15-09-2021 10:25:43.0137 AM
[ReportManager] API Action [GetResponseJSONValue] successfully performed. With the following test data [title]. @15-09-2021 10:25:43.0153 AM
[ReportManager] API Action [GetResponseJSONValue] successfully performed. With the following test data [title]. @15-09-2021 10:25:43.0168 AM
[ReportManager] API Action [GetResponseJSONValue] successfully performed. With the following test data [title]. @15-09-2021 10:25:43.0180 AM
[ReportManager] API Action [GetResponseJSONValue] successfully performed. With the following test data [title]. @15-09-2021 10:25:43.0190 AM
[ReportManager] API Action [GetResponseJSONValue] successfully performed. With the following test data [title]. @15-09-2021 10:25:43.0202 AM
[ReportManager] API Action [GetResponseJSONValue] successfully performed. With the following test data [title]. @15-09-2021 10:25:43.0213 AM
[ReportManager] API Action [GetResponseJSONValue] successfully performed. With the following test data [title]. @15-09-2021 10:25:43.0224 AM
[ReportManager] API Action [GetResponseJSONValue] successfully performed. With the following test data [title]. @15-09-2021 10:25:43.0234 AM
[ReportManager] API Action [GetResponseJSONValue] successfully performed. With the following test data [title]. @15-09-2021 10:25:43.0260 AM
[ReportManager] API Action [GetResponseJSONValue] successfully performed. With the following test data [title]. @15-09-2021 10:25:43.0270 AM
[ReportManager] API Action [GetResponseJSONValue] successfully performed. With the following test data [title]. @15-09-2021 10:25:43.0281 AM
[ReportManager] API Action [GetResponseJSONValue] successfully performed. With the following test data [title]. @15-09-2021 10:25:43.0290 AM
[ReportManager] API Action [GetResponseJSONValue] successfully performed. With the following test data [title]. @15-09-2021 10:25:43.0300 AM
[ReportManager] API Action [GetResponseJSONValue] successfully performed. With the following test data [title]. @15-09-2021 10:25:43.0309 AM
[ReportManager] API Action [GetResponseJSONValue] successfully performed. With the following test data [title]. @15-09-2021 10:25:43.0318 AM
[ReportManager] API Action [GetResponseJSONValue] successfully performed. With the following test data [title]. @15-09-2021 10:25:43.0327 AM
[ReportManager] API Action [GetResponseJSONValue] successfully performed. With the following test data [title]. @15-09-2021 10:25:43.0335 AM
[ReportManager] API Action [GetResponseJSONValue] successfully performed. With the following test data [title]. @15-09-2021 10:25:43.0344 AM
[ReportManager] API Action [GetResponseJSONValue] successfully performed. With the following test data [title]. @15-09-2021 10:25:43.0352 AM
[ReportManager] API Action [GetResponseJSONValue] successfully performed. With the following test data [title]. @15-09-2021 10:25:43.0362 AM
[ReportManager] API Action [GetResponseJSONValue] successfully performed. With the following test data [title]. @15-09-2021 10:25:43.0370 AM
[ReportManager] API Action [GetResponseJSONValue] successfully performed. With the following test data [title]. @15-09-2021 10:25:43.0379 AM
[ReportManager] API Action [GetResponseJSONValue] successfully performed. With the following test data [title]. @15-09-2021 10:25:43.0387 AM
[ReportManager] API Action [GetResponseJSONValue] successfully performed. With the following test data [title]. @15-09-2021 10:25:43.0394 AM
[ReportManager] API Action [GetResponseJSONValue] successfully performed. With the following test data [title]. @15-09-2021 10:25:43.0402 AM
[ReportManager] API Action [GetResponseJSONValue] successfully performed. With the following test data [title]. @15-09-2021 10:25:43.0411 AM
[ReportManager] API Action [GetResponseJSONValue] successfully performed. With the following test data [title]. @15-09-2021 10:25:43.0419 AM
[ReportManager] API Action [GetResponseJSONValue] successfully performed. With the following test data [title]. @15-09-2021 10:25:43.0429 AM
[ReportManager] API Action [GetResponseJSONValue] successfully performed. With the following test data [title]. @15-09-2021 10:25:43.0439 AM
[ReportManager] API Action [GetResponseJSONValue] successfully performed. With the following test data [title]. @15-09-2021 10:25:43.0448 AM
[ReportManager] API Action [GetResponseJSONValue] successfully performed. With the following test data [title]. @15-09-2021 10:25:43.0456 AM
[ReportManager] API Action [GetResponseJSONValue] successfully performed. With the following test data [title]. @15-09-2021 10:25:43.0464 AM
[ReportManager] API Action [GetResponseJSONValue] successfully performed. With the following test data [title]. @15-09-2021 10:25:43.0472 AM
[ReportManager] API Action [GetResponseJSONValue] successfully performed. With the following test data [title]. @15-09-2021 10:25:43.0481 AM
[ReportManager] API Action [GetResponseJSONValue] successfully performed. With the following test data [title]. @15-09-2021 10:25:43.0489 AM
[ReportManager] API Action [GetResponseJSONValue] successfully performed. With the following test data [title]. @15-09-2021 10:25:43.0497 AM
[ReportManager] API Action [GetResponseJSONValue] successfully performed. With the following test data [title]. @15-09-2021 10:25:43.0505 AM
[ReportManager] API Action [GetResponseJSONValue] successfully performed. With the following test data [title]. @15-09-2021 10:25:43.0513 AM
[ReportManager] API Action [GetResponseJSONValue] successfully performed. With the following test data [title]. @15-09-2021 10:25:43.0522 AM
[ReportManager] API Action [GetResponseJSONValue] successfully performed. With the following test data [title]. @15-09-2021 10:25:43.0557 AM
[ReportManager] API Action [GetResponseJSONValue] successfully performed. With the following test data [title]. @15-09-2021 10:25:43.0574 AM
[ReportManager] API Action [GetResponseJSONValue] successfully performed. With the following test data [title]. @15-09-2021 10:25:43.0588 AM
[ReportManager] API Action [GetResponseJSONValue] successfully performed. With the following test data [title]. @15-09-2021 10:25:43.0599 AM
[ReportManager] API Action [GetResponseJSONValue] successfully performed. With the following test data [title]. @15-09-2021 10:25:43.0608 AM
[ReportManager] API Action [GetResponseJSONValue] successfully performed. With the following test data [title]. @15-09-2021 10:25:43.0616 AM
[ReportManager] API Action [GetResponseJSONValue] successfully performed. With the following test data [title]. @15-09-2021 10:25:43.0624 AM
[ReportManager] API Action [GetResponseJSONValue] successfully performed. With the following test data [title]. @15-09-2021 10:25:43.0633 A

################################################################################################################################################
Starting Execution:	[2 out of 143] test cases in the current suite
Test Method:		[unitTests.tests_restActions.validateUserEmail]
################################################################################################################################################
[ReportManager] Response status code: [200], status line: [HTTP/1.1 200 OK] @15-09-2021 10:25:43.0856 AM
[ReportManager] Assertion Passed: Evaluating the actual response status code against the expected one... @15-09-2021 10:25:43.0857 AM
[ReportManager] Assertion [ValidateEquals] PASSED. Expected [200] and Actual [200]. Comparison Type [EQUALS]. Validation Type [POSITIVE]. @15-09-2021 10:25:43.0857 AM
[ReportManager] API Action [PerformRequest] successfully performed. With the following test data [Request Type: "GET" | Target Status Code: "200" | Service URL: "https://jsonplaceholder.typicode.com/users" | Content Type: "*/*" | Response Time: "79ms"]. @15-09-2021 10:25:43.0888 AM
[ReportManager] Successfully created attachment [API Request - Specifications] @15-09-2021 10:25:43.0889 AM
[ReportManager] Successfully created attachment [API Response - JSON Body] @15-09-2021 10:25:43.0889 AM
[ReportManager] Assertion [ValidateEquals] PASSED. Expected and Actual values are attached. Comparison Type [CONTAINS]. Validation Type [POSITIVE]. @15-09-2021 10:25:43.0890 AM
[ReportManager] Successfully created attachment [Validation Test Data - Expected Value] @15-09-2021 10:25:43.0890 AM
[ReportManager] Successfully created attachment [Validation Test Data - Actual Value] @15-09-2021 10:25:43.0890 AM
[ReportManager] API Action [GetResponseJSONValueAsList] successfully performed. With the following test data [$]. @15-09-2021 10:25:43.0894 AM
[ReportManager] API Action [GetResponseJSONValue] successfully performed. With the following test data [name]. @15-09-2021 10:25:43.0905 AM
[ReportManager] API Action [GetResponseJSONValue] successfully performed. With the following test data [email]. @15-09-2021 10:25:43.0918 AM
[ReportManager] Assertion [ValidateEquals] PASSED. Expected [Sincere@april.biz] and Actual [Sincere@april.biz]. Comparison Type [EQUALS]. Validation Type [POSITIVE]. @15-09-2021 10:25:43.0919 AM
[ReportManager] API Action [GetResponseJSONValue] successfully performed. With the following test data [name]. @15-09-2021 10:25:43.0931 AM
[ReportManager] API Action [GetResponseJSONValue] successfully performed. With the following test data [name]. @15-09-2021 10:25:43.0941 AM
[ReportManager] API Action [GetResponseJSONValue] successfully performed. With the following test data [name]. @15-09-2021 10:25:43.0958 AM
[ReportManager] API Action [GetResponseJSONValue] successfully performed. With the following test data [name]. @15-09-2021 10:25:43.0971 AM
[ReportManager] API Action [GetResponseJSONValue] successfully performed. With the following test data [name]. @15-09-2021 10:25:43.0980 AM
[ReportManager] API Action [GetResponseJSONValue] successfully performed. With the following test data [name]. @15-09-2021 10:25:43.0992 AM
[ReportManager] API Action [GetResponseJSONValue] successfully performed. With the following test data [name]. @15-09-2021 10:25:44.0003 AM
[ReportManager] API Action [GetResponseJSONValue] successfully performed. With the following test data [name]. @15-09-2021 10:25:44.0014 AM
[ReportManager] API Action [GetResponseJSONValue] successfully performed. With the following test data [name]. @15-09-2021 10:25:44.0024 A

################################################################################################################################################
Starting Execution:	[3 out of 143] test cases in the current suite
Test Method:		[unitTests.tests_validations_assertions.assertComparativeRelation_greaterThanOrEquals_false_equals_expectedToFail]
################################################################################################################################################
[ReportManager] Assertion [ValidateComparativeRelation] FAILED. Expected [1] and Actual [1]. Comparison Type [GREATER_THAN_OR_EQUALS]. Validation Type [NEGATIVE]. @15-09-2021 10:25:44.0042 A

################################################################################################################################################
Starting Execution:	[4 out of 143] test cases in the current suite
Test Method:		[unitTests.tests_validations_assertions.assertComparativeRelation_greaterThanOrEquals_false_equals_expectedToPass]
################################################################################################################################################
[ReportManager] Assertion [ValidateComparativeRelation] PASSED. Expected [2] and Actual [1]. Comparison Type [GREATER_THAN_OR_EQUALS]. Validation Type [NEGATIVE]. @15-09-2021 10:25:44.0049 A

################################################################################################################################################
Starting Execution:	[5 out of 143] test cases in the current suite
Test Method:		[unitTests.tests_validations_assertions.assertComparativeRelation_greaterThanOrEquals_false_greaterThan_expectedToFail]
################################################################################################################################################
[ReportManager] Assertion [ValidateComparativeRelation] FAILED. Expected [1] and Actual [2]. Comparison Type [GREATER_THAN_OR_EQUALS]. Validation Type [NEGATIVE]. @15-09-2021 10:25:44.0057 A

################################################################################################################################################
Starting Execution:	[6 out of 143] test cases in the current suite
Test Method:		[unitTests.tests_validations_assertions.assertComparativeRelation_greaterThanOrEquals_false_greaterThan_expectedToPass]
################################################################################################################################################
[ReportManager] Assertion [ValidateComparativeRelation] PASSED. Expected [2] and Actual [1]. Comparison Type [GREATER_THAN_OR_EQUALS]. Validation Type [NEGATIVE]. @15-09-2021 10:25:44.0063 A

################################################################################################################################################
Starting Execution:	[7 out of 143] test cases in the current suite
Test Method:		[unitTests.tests_validations_assertions.assertComparativeRelation_greaterThanOrEquals_true_equals_expectedToFail]
################################################################################################################################################
[ReportManager] Assertion [ValidateComparativeRelation] FAILED. Expected [1] and Actual [0]. Comparison Type [GREATER_THAN_OR_EQUALS]. Validation Type [POSITIVE]. @15-09-2021 10:25:44.0072 A

################################################################################################################################################
Starting Execution:	[8 out of 143] test cases in the current suite
Test Method:		[unitTests.tests_validations_assertions.assertComparativeRelation_greaterThanOrEquals_true_equals_expectedToPass]
################################################################################################################################################
[ReportManager] Assertion [ValidateComparativeRelation] PASSED. Expected [1] and Actual [1]. Comparison Type [GREATER_THAN_OR_EQUALS]. Validation Type [POSITIVE]. @15-09-2021 10:25:44.0079 A

################################################################################################################################################
Starting Execution:	[9 out of 143] test cases in the current suite
Test Method:		[unitTests.tests_validations_assertions.assertComparativeRelation_greaterThanOrEquals_true_greaterThan_expectedToFail]
################################################################################################################################################
[ReportManager] Assertion [ValidateComparativeRelation] FAILED. Expected [2] and Actual [1]. Comparison Type [GREATER_THAN_OR_EQUALS]. Validation Type [POSITIVE]. @15-09-2021 10:25:44.0087 A

################################################################################################################################################
Starting Execution:	[10 out of 143] test cases in the current suite
Test Method:		[unitTests.tests_validations_assertions.assertComparativeRelation_greaterThanOrEquals_true_greaterThan_expectedToPass]
################################################################################################################################################
[ReportManager] Assertion [ValidateComparativeRelation] PASSED. Expected [1] and Actual [2]. Comparison Type [GREATER_THAN_OR_EQUALS]. Validation Type [POSITIVE]. @15-09-2021 10:25:44.0092 A
[ReportManager] File Action [GetAbsolutePath] successfully performed. With the following test data [Relative Folder Path: "target/downloadedFiles/"]. @15-09-2021 10:25:44.0108 AM
[ReportManager] Attempting to run remotely on: [Linux-64], [GoogleChrome], [http://localhost:4444/wd/hub], Headless Execution. @15-09-2021 10:25:44.0135 AM
[ReportManager] Successfully Opened [GoogleChrome]. @15-09-2021 10:25:45.0647 AM
[ReportManager] Target URL: [https://www.google.com/ncr], and after redirection: [www.google.com] @15-09-2021 10:25:45.0692 AM
[ReportManager] Initial URL: [data:,] @15-09-2021 10:25:45.0802 AM
[ReportManager] Browser Action [NavigateToURL] successfully performed. With the following test data [https://www.google.com/ncr]. @15-09-2021 10:25:47.0396 A

################################################################################################################################################
Starting Execution:	[11 out of 143] test cases in the current suite
Test Method:		[unitTests.tests_validations_assertions.assertElementAttribute_false_caseInsensitiveComparison_expectedToFail]
################################################################################################################################################
[ReportManager] Element Action [Type] successfully performed. With the following test data [AUTOMATION]. @15-09-2021 10:25:47.0982 AM
[ReportManager] Element Action [GetText] successfully performed. With the following test data [AUTOMATION]. @15-09-2021 10:25:48.0155 AM
[ReportManager] Loaded Shared OpenCV @15-09-2021 10:25:49.0101 AM
[ReportManager] Assertion [ValidateElementAttribute] FAILED. Expected [Value Should not be 'AutomaTion' for the 'text' attribute, element locator 'By.name: q'] and Actual [AUTOMATION]. Comparison Type [CASE_INSENSITIVE]. Validation Type [NEGATIVE]. @15-09-2021 10:25:49.0587 AM
[ReportManager] Successfully created attachment [Screenshot - 1631701548418_assertElementAttribute_false_caseInsensitiveComparison_expectedToFail_ValidateElementAttribute_failed] @15-09-2021 10:25:49.0601 A
[ReportManager] Browser Action [CloseCurrentWindow] successfully performed. @15-09-2021 10:25:49.0764 AM
[ReportManager] Successfully created attachment [Browser Action Test Data - CloseCurrentWindow - Actual Value] @15-09-2021 10:25:49.0766 A
[ReportManager] File Action [GetAbsolutePath] successfully performed. With the following test data [Relative Folder Path: "target/downloadedFiles/"]. @15-09-2021 10:25:49.0773 AM
[ReportManager] Attempting to run remotely on: [Linux-64], [GoogleChrome], [http://localhost:4444/wd/hub], Headless Execution. @15-09-2021 10:25:49.0774 AM
[ReportManager] Successfully Opened [GoogleChrome]. @15-09-2021 10:25:50.0059 AM
[ReportManager] Target URL: [https://www.google.com/ncr], and after redirection: [www.google.com] @15-09-2021 10:25:50.0091 AM
[ReportManager] Initial URL: [data:,] @15-09-2021 10:25:50.0173 AM
[ReportManager] Browser Action [NavigateToURL] successfully performed. With the following test data [https://www.google.com/ncr]. @15-09-2021 10:25:51.0169 A

################################################################################################################################################
Starting Execution:	[12 out of 143] test cases in the current suite
Test Method:		[unitTests.tests_validations_assertions.assertElementAttribute_false_caseInsensitiveComparison_expectedToPass]
################################################################################################################################################
[ReportManager] Element Action [Type] successfully performed. With the following test data [AUTOMATION]. @15-09-2021 10:25:51.0610 AM
[ReportManager] Element Action [GetText] successfully performed. With the following test data [AUTOMATION]. @15-09-2021 10:25:51.0755 AM
[ReportManager] Loaded Shared OpenCV @15-09-2021 10:25:51.0966 AM
[ReportManager] Assertion [ValidateElementAttribute] PASSED. Expected [Value Should not be 'AutomaTion123' for the 'text' attribute, element locator 'By.name: q'] and Actual [AUTOMATION]. Comparison Type [CASE_INSENSITIVE]. Validation Type [NEGATIVE]. @15-09-2021 10:25:52.0078 AM
[ReportManager] Successfully created attachment [Screenshot - 1631701551966_assertElementAttribute_false_caseInsensitiveComparison_expectedToPass_ValidateElementAttribute_passed] @15-09-2021 10:25:52.0080 A
[ReportManager] Browser Action [CloseCurrentWindow] successfully performed. @15-09-2021 10:25:52.0223 AM
[ReportManager] Successfully created attachment [Browser Action Test Data - CloseCurrentWindow - Actual Value] @15-09-2021 10:25:52.0226 A
[ReportManager] File Action [GetAbsolutePath] successfully performed. With the following test data [Relative Folder Path: "target/downloadedFiles/"]. @15-09-2021 10:25:52.0234 AM
[ReportManager] Attempting to run remotely on: [Linux-64], [GoogleChrome], [http://localhost:4444/wd/hub], Headless Execution. @15-09-2021 10:25:52.0234 AM
[ReportManager] Successfully Opened [GoogleChrome]. @15-09-2021 10:25:52.0535 AM
[ReportManager] Target URL: [https://www.google.com/ncr], and after redirection: [www.google.com] @15-09-2021 10:25:52.0551 AM
[ReportManager] Initial URL: [data:,] @15-09-2021 10:25:52.0633 AM
[ReportManager] Browser Action [NavigateToURL] successfully performed. With the following test data [https://www.google.com/ncr]. @15-09-2021 10:25:53.0528 A

################################################################################################################################################
Starting Execution:	[13 out of 143] test cases in the current suite
Test Method:		[unitTests.tests_validations_assertions.assertElementAttribute_false_containsComparison_expectedToFail]
################################################################################################################################################
[ReportManager] Element Action [Type] successfully performed. With the following test data [Automation123]. @15-09-2021 10:25:53.0936 AM
[ReportManager] Element Action [GetText] successfully performed. With the following test data [Automation123]. @15-09-2021 10:25:54.0074 AM
[ReportManager] Loaded Shared OpenCV @15-09-2021 10:25:54.0271 AM
[ReportManager] Assertion [ValidateElementAttribute] FAILED. Expected [Value Should not be 'Automation' for the 'text' attribute, element locator 'By.name: q'] and Actual [Automation123]. Comparison Type [CONTAINS]. Validation Type [NEGATIVE]. @15-09-2021 10:25:54.0352 AM
[ReportManager] Successfully created attachment [Screenshot - 1631701554271_assertElementAttribute_false_containsComparison_expectedToFail_ValidateElementAttribute_failed] @15-09-2021 10:25:54.0353 A
[ReportManager] Browser Action [CloseCurrentWindow] successfully performed. @15-09-2021 10:25:54.0496 AM
[ReportManager] Successfully created attachment [Browser Action Test Data - CloseCurrentWindow - Actual Value] @15-09-2021 10:25:54.0497 A
[ReportManager] File Action [GetAbsolutePath] successfully performed. With the following test data [Relative Folder Path: "target/downloadedFiles/"]. @15-09-2021 10:25:54.0502 AM
[ReportManager] Attempting to run remotely on: [Linux-64], [GoogleChrome], [http://localhost:4444/wd/hub], Headless Execution. @15-09-2021 10:25:54.0502 AM
[ReportManager] Successfully Opened [GoogleChrome]. @15-09-2021 10:25:54.0741 AM
[ReportManager] Target URL: [https://www.google.com/ncr], and after redirection: [www.google.com] @15-09-2021 10:25:54.0758 AM
[ReportManager] Initial URL: [data:,] @15-09-2021 10:25:54.0811 AM
[ReportManager] Browser Action [NavigateToURL] successfully performed. With the following test data [https://www.google.com/ncr]. @15-09-2021 10:25:55.0659 A

################################################################################################################################################
Starting Execution:	[14 out of 143] test cases in the current suite
Test Method:		[unitTests.tests_validations_assertions.assertElementAttribute_false_containsComparison_expectedToPass]
################################################################################################################################################
[ReportManager] Element Action [Type] successfully performed. With the following test data [Automation123]. @15-09-2021 10:25:56.0071 AM
[ReportManager] Element Action [GetText] successfully performed. With the following test data [Automation123]. @15-09-2021 10:25:56.0193 AM
[ReportManager] Loaded Shared OpenCV @15-09-2021 10:25:56.0369 AM
[ReportManager] Assertion [ValidateElementAttribute] PASSED. Expected [Value Should not be 'Automation1234' for the 'text' attribute, element locator 'By.name: q'] and Actual [Automation123]. Comparison Type [CONTAINS]. Validation Type [NEGATIVE]. @15-09-2021 10:25:56.0454 AM
[ReportManager] Successfully created attachment [Screenshot - 1631701556368_assertElementAttribute_false_containsComparison_expectedToPass_ValidateElementAttribute_passed] @15-09-2021 10:25:56.0455 A
[ReportManager] Browser Action [CloseCurrentWindow] successfully performed. @15-09-2021 10:25:56.0610 AM
[ReportManager] Successfully created attachment [Browser Action Test Data - CloseCurrentWindow - Actual Value] @15-09-2021 10:25:56.0611 A
[ReportManager] File Action [GetAbsolutePath] successfully performed. With the following test data [Relative Folder Path: "target/downloadedFiles/"]. @15-09-2021 10:25:56.0614 AM
[ReportManager] Attempting to run remotely on: [Linux-64], [GoogleChrome], [http://localhost:4444/wd/hub], Headless Execution. @15-09-2021 10:25:56.0615 AM
[ReportManager] Successfully Opened [GoogleChrome]. @15-09-2021 10:25:56.0841 AM
[ReportManager] Target URL: [https://www.google.com/ncr], and after redirection: [www.google.com] @15-09-2021 10:25:56.0860 AM
[ReportManager] Initial URL: [data:,] @15-09-2021 10:25:56.0911 AM
[ReportManager] Browser Action [NavigateToURL] successfully performed. With the following test data [https://www.google.com/ncr]. @15-09-2021 10:25:57.0832 A

################################################################################################################################################
Starting Execution:	[15 out of 143] test cases in the current suite
Test Method:		[unitTests.tests_validations_assertions.assertElementAttribute_false_literalComparison_expectedToFail]
################################################################################################################################################
[ReportManager] Element Action [Type] successfully performed. With the following test data [Automation!@#$%^&*()_+{}[]\';/.,]. @15-09-2021 10:25:58.0409 AM
[ReportManager] Element Action [GetText] successfully performed. With the following test data [Automation!@#$%^&*()_+{}[]\';/.,]. @15-09-2021 10:25:58.0542 AM
[ReportManager] Loaded Shared OpenCV @15-09-2021 10:25:58.0739 AM
[ReportManager] Assertion [ValidateElementAttribute] PASSED. Expected [Value Should not be 'Automation!@#$%^&*()_+{}[]\\';/.,' for the 'text' attribute, element locator 'By.name: q'] and Actual [Automation!@#$%^&*()_+{}[]\';/.,]. Comparison Type [EQUALS]. Validation Type [NEGATIVE]. @15-09-2021 10:25:58.0825 AM
[ReportManager] Successfully created attachment [Screenshot - 1631701558739_assertElementAttribute_false_literalComparison_expectedToFail_ValidateElementAttribute_passed] @15-09-2021 10:25:58.0827 A
[ReportManager] Browser Action [CloseCurrentWindow] successfully performed. @15-09-2021 10:25:58.0990 AM
[ReportManager] Successfully created attachment [Browser Action Test Data - CloseCurrentWindow - Actual Value] @15-09-2021 10:25:58.0992 A
[ReportManager] File Action [GetAbsolutePath] successfully performed. With the following test data [Relative Folder Path: "target/downloadedFiles/"]. @15-09-2021 10:25:58.0995 AM
[ReportManager] Attempting to run remotely on: [Linux-64], [GoogleChrome], [http://localhost:4444/wd/hub], Headless Execution. @15-09-2021 10:25:58.0995 AM
[ReportManager] Successfully Opened [GoogleChrome]. @15-09-2021 10:25:59.0262 AM
[ReportManager] Target URL: [https://www.google.com/ncr], and after redirection: [www.google.com] @15-09-2021 10:25:59.0282 AM
[ReportManager] Initial URL: [data:,] @15-09-2021 10:25:59.0330 AM
[ReportManager] Browser Action [NavigateToURL] successfully performed. With the following test data [https://www.google.com/ncr]. @15-09-2021 10:26:00.0210 A

################################################################################################################################################
Starting Execution:	[16 out of 143] test cases in the current suite
Test Method:		[unitTests.tests_validations_assertions.assertElementAttribute_false_literalComparison_expectedToPass]
################################################################################################################################################
[ReportManager] Element Action [Type] successfully performed. With the following test data [Automation!@#$%^&*()_+{}[]\';/.,]. @15-09-2021 10:26:00.0676 AM
[ReportManager] Element Action [GetText] successfully performed. With the following test data [Automation!@#$%^&*()_+{}[]\';/.,]. @15-09-2021 10:26:00.0789 AM
[ReportManager] Loaded Shared OpenCV @15-09-2021 10:26:00.0956 AM
[ReportManager] Assertion [ValidateElementAttribute] PASSED. Expected [Value Should not be 'Automation' for the 'text' attribute, element locator 'By.name: q'] and Actual [Automation!@#$%^&*()_+{}[]\';/.,]. Comparison Type [EQUALS]. Validation Type [NEGATIVE]. @15-09-2021 10:26:01.0037 AM
[ReportManager] Successfully created attachment [Screenshot - 1631701560956_assertElementAttribute_false_literalComparison_expectedToPass_ValidateElementAttribute_passed] @15-09-2021 10:26:01.0039 A
[ReportManager] Browser Action [CloseCurrentWindow] successfully performed. @15-09-2021 10:26:01.0191 AM
[ReportManager] Successfully created attachment [Browser Action Test Data - CloseCurrentWindow - Actual Value] @15-09-2021 10:26:01.0192 A
[ReportManager] File Action [GetAbsolutePath] successfully performed. With the following test data [Relative Folder Path: "target/downloadedFiles/"]. @15-09-2021 10:26:01.0198 AM
[ReportManager] Attempting to run remotely on: [Linux-64], [GoogleChrome], [http://localhost:4444/wd/hub], Headless Execution. @15-09-2021 10:26:01.0198 AM
[ReportManager] Successfully Opened [GoogleChrome]. @15-09-2021 10:26:01.0429 AM
[ReportManager] Target URL: [https://www.google.com/ncr], and after redirection: [www.google.com] @15-09-2021 10:26:01.0460 AM
[ReportManager] Initial URL: [data:,] @15-09-2021 10:26:01.0526 AM
[ReportManager] Browser Action [NavigateToURL] successfully performed. With the following test data [https://www.google.com/ncr]. @15-09-2021 10:26:02.0465 A

################################################################################################################################################
Starting Execution:	[17 out of 143] test cases in the current suite
Test Method:		[unitTests.tests_validations_assertions.assertElementAttribute_false_regexComparison_expectedToFail]
################################################################################################################################################
[ReportManager] Element Action [Type] successfully performed. With the following test data [Automation123]. @15-09-2021 10:26:02.0822 AM
[ReportManager] Element Action [GetText] successfully performed. With the following test data [Automation123]. @15-09-2021 10:26:02.0923 AM
[ReportManager] Loaded Shared OpenCV @15-09-2021 10:26:03.0101 AM
[ReportManager] Assertion [ValidateElementAttribute] FAILED. Expected [Value Should not be 'Automation.*' for the 'text' attribute, element locator 'By.name: q'] and Actual [Automation123]. Comparison Type [MATCHES]. Validation Type [NEGATIVE]. @15-09-2021 10:26:03.0185 AM
[ReportManager] Successfully created attachment [Screenshot - 1631701563101_assertElementAttribute_false_regexComparison_expectedToFail_ValidateElementAttribute_failed] @15-09-2021 10:26:03.0186 A
[ReportManager] Browser Action [CloseCurrentWindow] successfully performed. @15-09-2021 10:26:03.0332 AM
[ReportManager] Successfully created attachment [Browser Action Test Data - CloseCurrentWindow - Actual Value] @15-09-2021 10:26:03.0334 A
[ReportManager] File Action [GetAbsolutePath] successfully performed. With the following test data [Relative Folder Path: "target/downloadedFiles/"]. @15-09-2021 10:26:03.0338 AM
[ReportManager] Attempting to run remotely on: [Linux-64], [GoogleChrome], [http://localhost:4444/wd/hub], Headless Execution. @15-09-2021 10:26:03.0338 AM
[ReportManager] Successfully Opened [GoogleChrome]. @15-09-2021 10:26:03.0578 AM
[ReportManager] Target URL: [https://www.google.com/ncr], and after redirection: [www.google.com] @15-09-2021 10:26:03.0592 AM
[ReportManager] Initial URL: [data:,] @15-09-2021 10:26:03.0647 AM
[ReportManager] Browser Action [NavigateToURL] successfully performed. With the following test data [https://www.google.com/ncr]. @15-09-2021 10:26:04.0503 A

################################################################################################################################################
Starting Execution:	[18 out of 143] test cases in the current suite
Test Method:		[unitTests.tests_validations_assertions.assertElementAttribute_false_regexComparison_expectedToPass]
################################################################################################################################################
[ReportManager] Element Action [Type] successfully performed. With the following test data [Automation123]. @15-09-2021 10:26:04.0860 AM
[ReportManager] Element Action [GetText] successfully performed. With the following test data [Automation123]. @15-09-2021 10:26:04.0989 AM
[ReportManager] Loaded Shared OpenCV @15-09-2021 10:26:05.0155 AM
[ReportManager] Assertion [ValidateElementAttribute] PASSED. Expected [Value Should not be 'Automation' for the 'text' attribute, element locator 'By.name: q'] and Actual [Automation123]. Comparison Type [MATCHES]. Validation Type [NEGATIVE]. @15-09-2021 10:26:05.0236 AM
[ReportManager] Successfully created attachment [Screenshot - 1631701565154_assertElementAttribute_false_regexComparison_expectedToPass_ValidateElementAttribute_passed] @15-09-2021 10:26:05.0238 A
[ReportManager] Browser Action [CloseCurrentWindow] successfully performed. @15-09-2021 10:26:05.0368 AM
[ReportManager] Successfully created attachment [Browser Action Test Data - CloseCurrentWindow - Actual Value] @15-09-2021 10:26:05.0369 A
[ReportManager] File Action [GetAbsolutePath] successfully performed. With the following test data [Relative Folder Path: "target/downloadedFiles/"]. @15-09-2021 10:26:05.0376 AM
[ReportManager] Attempting to run remotely on: [Linux-64], [GoogleChrome], [http://localhost:4444/wd/hub], Headless Execution. @15-09-2021 10:26:05.0376 AM
[ReportManager] Successfully Opened [GoogleChrome]. @15-09-2021 10:26:05.0604 AM
[ReportManager] Target URL: [https://www.google.com/ncr], and after redirection: [www.google.com] @15-09-2021 10:26:05.0617 AM
[ReportManager] Initial URL: [data:,] @15-09-2021 10:26:05.0667 AM
[ReportManager] Browser Action [NavigateToURL] successfully performed. With the following test data [https://www.google.com/ncr]. @15-09-2021 10:26:06.0524 A

################################################################################################################################################
Starting Execution:	[19 out of 143] test cases in the current suite
Test Method:		[unitTests.tests_validations_assertions.assertElementAttribute_true_caseInsensitiveComparison_expectedToFail]
################################################################################################################################################
[ReportManager] Element Action [Type] successfully performed. With the following test data [AUTOMATION]. @15-09-2021 10:26:06.0953 AM
[ReportManager] Element Action [GetText] successfully performed. With the following test data [AUTOMATION]. @15-09-2021 10:26:07.0067 AM
[ReportManager] Loaded Shared OpenCV @15-09-2021 10:26:07.0246 AM
[ReportManager] Assertion [ValidateElementAttribute] FAILED. Expected [Value Should be 'AutomaTion123' for the 'text' attribute, element locator 'By.name: q'] and Actual [AUTOMATION]. Comparison Type [CASE_INSENSITIVE]. Validation Type [POSITIVE]. @15-09-2021 10:26:07.0337 AM
[ReportManager] Successfully created attachment [Screenshot - 1631701567246_assertElementAttribute_true_caseInsensitiveComparison_expectedToFail_ValidateElementAttribute_failed] @15-09-2021 10:26:07.0338 A
[ReportManager] Browser Action [CloseCurrentWindow] successfully performed. @15-09-2021 10:26:07.0472 AM
[ReportManager] Successfully created attachment [Browser Action Test Data - CloseCurrentWindow - Actual Value] @15-09-2021 10:26:07.0473 A
[ReportManager] File Action [GetAbsolutePath] successfully performed. With the following test data [Relative Folder Path: "target/downloadedFiles/"]. @15-09-2021 10:26:07.0476 AM
[ReportManager] Attempting to run remotely on: [Linux-64], [GoogleChrome], [http://localhost:4444/wd/hub], Headless Execution. @15-09-2021 10:26:07.0477 AM
[ReportManager] Successfully Opened [GoogleChrome]. @15-09-2021 10:26:07.0704 AM
[ReportManager] Target URL: [https://www.google.com/ncr], and after redirection: [www.google.com] @15-09-2021 10:26:07.0716 AM
[ReportManager] Initial URL: [data:,] @15-09-2021 10:26:07.0777 AM
[ReportManager] Browser Action [NavigateToURL] successfully performed. With the following test data [https://www.google.com/ncr]. @15-09-2021 10:26:08.0640 A

################################################################################################################################################
Starting Execution:	[20 out of 143] test cases in the current suite
Test Method:		[unitTests.tests_validations_assertions.assertElementAttribute_true_caseInsensitiveComparison_expectedToPass]
################################################################################################################################################
[ReportManager] Element Action [Type] successfully performed. With the following test data [AUTOMATION]. @15-09-2021 10:26:09.0079 AM
[ReportManager] Element Action [GetText] successfully performed. With the following test data [AUTOMATION]. @15-09-2021 10:26:09.0177 AM
[ReportManager] Loaded Shared OpenCV @15-09-2021 10:26:09.0345 AM
[ReportManager] Assertion [ValidateElementAttribute] PASSED. Expected [Value Should be 'AutomaTion' for the 'text' attribute, element locator 'By.name: q'] and Actual [AUTOMATION]. Comparison Type [CASE_INSENSITIVE]. Validation Type [POSITIVE]. @15-09-2021 10:26:09.0431 AM
[ReportManager] Successfully created attachment [Screenshot - 1631701569345_assertElementAttribute_true_caseInsensitiveComparison_expectedToPass_ValidateElementAttribute_passed] @15-09-2021 10:26:09.0432 A
[ReportManager] Browser Action [CloseCurrentWindow] successfully performed. @15-09-2021 10:26:09.0568 AM
[ReportManager] Successfully created attachment [Browser Action Test Data - CloseCurrentWindow - Actual Value] @15-09-2021 10:26:09.0568 A
[ReportManager] File Action [GetAbsolutePath] successfully performed. With the following test data [Relative Folder Path: "target/downloadedFiles/"]. @15-09-2021 10:26:09.0571 AM
[ReportManager] Attempting to run remotely on: [Linux-64], [GoogleChrome], [http://localhost:4444/wd/hub], Headless Execution. @15-09-2021 10:26:09.0572 AM
[ReportManager] Successfully Opened [GoogleChrome]. @15-09-2021 10:26:09.0798 AM
[ReportManager] Target URL: [https://www.google.com/ncr], and after redirection: [www.google.com] @15-09-2021 10:26:09.0814 AM
[ReportManager] Initial URL: [data:,] @15-09-2021 10:26:09.0859 AM
[ReportManager] Browser Action [NavigateToURL] successfully performed. With the following test data [https://www.google.com/ncr]. @15-09-2021 10:26:10.0669 A

################################################################################################################################################
Starting Execution:	[21 out of 143] test cases in the current suite
Test Method:		[unitTests.tests_validations_assertions.assertElementAttribute_true_containsComparison_expectedToFail]
################################################################################################################################################
[ReportManager] Element Action [Type] successfully performed. With the following test data [Automation123]. @15-09-2021 10:26:11.0028 AM
[ReportManager] Element Action [GetText] successfully performed. With the following test data [Automation123]. @15-09-2021 10:26:11.0160 AM
[ReportManager] Loaded Shared OpenCV @15-09-2021 10:26:11.0321 AM
[ReportManager] Assertion [ValidateElementAttribute] FAILED. Expected [Value Should be 'Automation1234' for the 'text' attribute, element locator 'By.name: q'] and Actual [Automation123]. Comparison Type [CONTAINS]. Validation Type [POSITIVE]. @15-09-2021 10:26:11.0400 AM
[ReportManager] Successfully created attachment [Screenshot - 1631701571321_assertElementAttribute_true_containsComparison_expectedToFail_ValidateElementAttribute_failed] @15-09-2021 10:26:11.0401 A
[ReportManager] Browser Action [CloseCurrentWindow] successfully performed. @15-09-2021 10:26:11.0548 AM
[ReportManager] Successfully created attachment [Browser Action Test Data - CloseCurrentWindow - Actual Value] @15-09-2021 10:26:11.0549 A
[ReportManager] File Action [GetAbsolutePath] successfully performed. With the following test data [Relative Folder Path: "target/downloadedFiles/"]. @15-09-2021 10:26:11.0553 AM
[ReportManager] Attempting to run remotely on: [Linux-64], [GoogleChrome], [http://localhost:4444/wd/hub], Headless Execution. @15-09-2021 10:26:11.0553 AM
[ReportManager] Successfully Opened [GoogleChrome]. @15-09-2021 10:26:11.0799 AM
[ReportManager] Target URL: [https://www.google.com/ncr], and after redirection: [www.google.com] @15-09-2021 10:26:11.0809 AM
[ReportManager] Initial URL: [data:,] @15-09-2021 10:26:11.0849 AM
[ReportManager] Browser Action [NavigateToURL] successfully performed. With the following test data [https://www.google.com/ncr]. @15-09-2021 10:26:12.0671 A

################################################################################################################################################
Starting Execution:	[22 out of 143] test cases in the current suite
Test Method:		[unitTests.tests_validations_assertions.assertElementAttribute_true_containsComparison_expectedToPass]
################################################################################################################################################
[ReportManager] Element Action [Type] successfully performed. With the following test data [Automation123]. @15-09-2021 10:26:13.0018 AM
[ReportManager] Element Action [GetText] successfully performed. With the following test data [Automation123]. @15-09-2021 10:26:13.0116 AM
[ReportManager] Loaded Shared OpenCV @15-09-2021 10:26:13.0277 AM
[ReportManager] Assertion [ValidateElementAttribute] PASSED. Expected [Value Should be 'Automation' for the 'text' attribute, element locator 'By.name: q'] and Actual [Automation123]. Comparison Type [CONTAINS]. Validation Type [POSITIVE]. @15-09-2021 10:26:13.0356 AM
[ReportManager] Successfully created attachment [Screenshot - 1631701573277_assertElementAttribute_true_containsComparison_expectedToPass_ValidateElementAttribute_passed] @15-09-2021 10:26:13.0358 A
[ReportManager] Browser Action [CloseCurrentWindow] successfully performed. @15-09-2021 10:26:13.0488 AM
[ReportManager] Successfully created attachment [Browser Action Test Data - CloseCurrentWindow - Actual Value] @15-09-2021 10:26:13.0489 A
[ReportManager] File Action [GetAbsolutePath] successfully performed. With the following test data [Relative Folder Path: "target/downloadedFiles/"]. @15-09-2021 10:26:13.0492 AM
[ReportManager] Attempting to run remotely on: [Linux-64], [GoogleChrome], [http://localhost:4444/wd/hub], Headless Execution. @15-09-2021 10:26:13.0493 AM
[ReportManager] Successfully Opened [GoogleChrome]. @15-09-2021 10:26:13.0760 AM
[ReportManager] Target URL: [https://www.google.com/ncr], and after redirection: [www.google.com] @15-09-2021 10:26:13.0772 AM
[ReportManager] Initial URL: [data:,] @15-09-2021 10:26:13.0808 AM
[ReportManager] Browser Action [NavigateToURL] successfully performed. With the following test data [https://www.google.com/ncr]. @15-09-2021 10:26:14.0636 A

################################################################################################################################################
Starting Execution:	[23 out of 143] test cases in the current suite
Test Method:		[unitTests.tests_validations_assertions.assertElementAttribute_true_literalComparison_expectedToFail]
################################################################################################################################################
[ReportManager] Element Action [Type] successfully performed. With the following test data [Automation!@#$%^&*()_+{}[]\';/.,]. @15-09-2021 10:26:15.0087 AM
[ReportManager] Element Action [GetText] successfully performed. With the following test data [Automation!@#$%^&*()_+{}[]\';/.,]. @15-09-2021 10:26:15.0228 AM
[ReportManager] Loaded Shared OpenCV @15-09-2021 10:26:15.0393 AM
[ReportManager] Assertion [ValidateElementAttribute] FAILED. Expected [Value Should be 'Automation' for the 'text' attribute, element locator 'By.name: q'] and Actual [Automation!@#$%^&*()_+{}[]\';/.,]. Comparison Type [EQUALS]. Validation Type [POSITIVE]. @15-09-2021 10:26:15.0483 AM
[ReportManager] Successfully created attachment [Screenshot - 1631701575393_assertElementAttribute_true_literalComparison_expectedToFail_ValidateElementAttribute_failed] @15-09-2021 10:26:15.0484 A
[ReportManager] Browser Action [CloseCurrentWindow] successfully performed. @15-09-2021 10:26:15.0641 AM
[ReportManager] Successfully created attachment [Browser Action Test Data - CloseCurrentWindow - Actual Value] @15-09-2021 10:26:15.0643 A
[ReportManager] File Action [GetAbsolutePath] successfully performed. With the following test data [Relative Folder Path: "target/downloadedFiles/"]. @15-09-2021 10:26:15.0645 AM
[ReportManager] Attempting to run remotely on: [Linux-64], [GoogleChrome], [http://localhost:4444/wd/hub], Headless Execution. @15-09-2021 10:26:15.0645 AM
[ReportManager] Successfully Opened [GoogleChrome]. @15-09-2021 10:26:15.0846 AM
[ReportManager] Target URL: [https://www.google.com/ncr], and after redirection: [www.google.com] @15-09-2021 10:26:15.0855 AM
[ReportManager] Initial URL: [data:,] @15-09-2021 10:26:15.0899 AM
[ReportManager] Browser Action [NavigateToURL] successfully performed. With the following test data [https://www.google.com/ncr]. @15-09-2021 10:26:16.0850 A

################################################################################################################################################
Starting Execution:	[24 out of 143] test cases in the current suite
Test Method:		[unitTests.tests_validations_assertions.assertElementAttribute_true_literalComparison_expectedToPass]
################################################################################################################################################
[ReportManager] Element Action [Type] successfully performed. With the following test data [Automation!@#$%^&*()_+{}[]\';/.,]. @15-09-2021 10:26:17.0290 AM
[ReportManager] Element Action [GetText] successfully performed. With the following test data [Automation!@#$%^&*()_+{}[]\';/.,]. @15-09-2021 10:26:17.0409 AM
[ReportManager] Loaded Shared OpenCV @15-09-2021 10:26:17.0587 AM
[ReportManager] Assertion [ValidateElementAttribute] PASSED. Expected [Value Should be 'Automation!@#$%^&*()_+{}[]\';/.,' for the 'text' attribute, element locator 'By.name: q'] and Actual [Automation!@#$%^&*()_+{}[]\';/.,]. Comparison Type [EQUALS]. Validation Type [POSITIVE]. @15-09-2021 10:26:17.0671 AM
[ReportManager] Successfully created attachment [Screenshot - 1631701577587_assertElementAttribute_true_literalComparison_expectedToPass_ValidateElementAttribute_passed] @15-09-2021 10:26:17.0672 A
[ReportManager] Browser Action [CloseCurrentWindow] successfully performed. @15-09-2021 10:26:17.0798 AM
[ReportManager] Successfully created attachment [Browser Action Test Data - CloseCurrentWindow - Actual Value] @15-09-2021 10:26:17.0799 A
[ReportManager] File Action [GetAbsolutePath] successfully performed. With the following test data [Relative Folder Path: "target/downloadedFiles/"]. @15-09-2021 10:26:17.0804 AM
[ReportManager] Attempting to run remotely on: [Linux-64], [GoogleChrome], [http://localhost:4444/wd/hub], Headless Execution. @15-09-2021 10:26:17.0805 AM
[ReportManager] Successfully Opened [GoogleChrome]. @15-09-2021 10:26:18.0026 AM
[ReportManager] Target URL: [https://www.google.com/ncr], and after redirection: [www.google.com] @15-09-2021 10:26:18.0036 AM
[ReportManager] Initial URL: [data:,] @15-09-2021 10:26:18.0080 AM
[ReportManager] Browser Action [NavigateToURL] successfully performed. With the following test data [https://www.google.com/ncr]. @15-09-2021 10:26:18.0947 A

################################################################################################################################################
Starting Execution:	[25 out of 143] test cases in the current suite
Test Method:		[unitTests.tests_validations_assertions.assertElementAttribute_true_regexComparison_expectedToFail]
################################################################################################################################################
[ReportManager] Element Action [Type] successfully performed. With the following test data [Automation123]. @15-09-2021 10:26:19.0312 AM
[ReportManager] Element Action [GetText] successfully performed. With the following test data [Automation123]. @15-09-2021 10:26:19.0403 AM
[ReportManager] Loaded Shared OpenCV @15-09-2021 10:26:19.0562 AM
[ReportManager] Assertion [ValidateElementAttribute] FAILED. Expected [Value Should be 'Automation' for the 'text' attribute, element locator 'By.name: q'] and Actual [Automation123]. Comparison Type [MATCHES]. Validation Type [POSITIVE]. @15-09-2021 10:26:19.0638 AM
[ReportManager] Successfully created attachment [Screenshot - 1631701579562_assertElementAttribute_true_regexComparison_expectedToFail_ValidateElementAttribute_failed] @15-09-2021 10:26:19.0640 A
[ReportManager] Browser Action [CloseCurrentWindow] successfully performed. @15-09-2021 10:26:19.0765 AM
[ReportManager] Successfully created attachment [Browser Action Test Data - CloseCurrentWindow - Actual Value] @15-09-2021 10:26:19.0766 A
[ReportManager] File Action [GetAbsolutePath] successfully performed. With the following test data [Relative Folder Path: "target/downloadedFiles/"]. @15-09-2021 10:26:19.0771 AM
[ReportManager] Attempting to run remotely on: [Linux-64], [GoogleChrome], [http://localhost:4444/wd/hub], Headless Execution. @15-09-2021 10:26:19.0772 AM
[ReportManager] Successfully Opened [GoogleChrome]. @15-09-2021 10:26:19.0981 AM
[ReportManager] Target URL: [https://www.google.com/ncr], and after redirection: [www.google.com] @15-09-2021 10:26:19.0993 AM
[ReportManager] Initial URL: [data:,] @15-09-2021 10:26:20.0044 AM
[ReportManager] Browser Action [NavigateToURL] successfully performed. With the following test data [https://www.google.com/ncr]. @15-09-2021 10:26:20.0923 A

################################################################################################################################################
Starting Execution:	[26 out of 143] test cases in the current suite
Test Method:		[unitTests.tests_validations_assertions.assertElementAttribute_true_regexComparison_expectedToPass]
################################################################################################################################################
[ReportManager] Element Action [Type] successfully performed. With the following test data [Automation123]. @15-09-2021 10:26:21.0278 AM
[ReportManager] Element Action [GetText] successfully performed. With the following test data [Automation123]. @15-09-2021 10:26:21.0380 AM
[ReportManager] Loaded Shared OpenCV @15-09-2021 10:26:21.0529 AM
[ReportManager] Assertion [ValidateElementAttribute] PASSED. Expected [Value Should be 'Automation.*' for the 'text' attribute, element locator 'By.name: q'] and Actual [Automation123]. Comparison Type [MATCHES]. Validation Type [POSITIVE]. @15-09-2021 10:26:21.0610 AM
[ReportManager] Successfully created attachment [Screenshot - 1631701581529_assertElementAttribute_true_regexComparison_expectedToPass_ValidateElementAttribute_passed] @15-09-2021 10:26:21.0611 A
[ReportManager] Browser Action [CloseCurrentWindow] successfully performed. @15-09-2021 10:26:21.0736 AM
[ReportManager] Successfully created attachment [Browser Action Test Data - CloseCurrentWindow - Actual Value] @15-09-2021 10:26:21.0737 A
[ReportManager] File Action [GetAbsolutePath] successfully performed. With the following test data [Relative Folder Path: "target/downloadedFiles/"]. @15-09-2021 10:26:21.0740 AM
[ReportManager] Attempting to run remotely on: [Linux-64], [GoogleChrome], [http://localhost:4444/wd/hub], Headless Execution. @15-09-2021 10:26:21.0741 AM
[ReportManager] Successfully Opened [GoogleChrome]. @15-09-2021 10:26:21.0928 AM
[ReportManager] Target URL: [https://www.google.com/ncr], and after redirection: [www.google.com] @15-09-2021 10:26:21.0938 AM
[ReportManager] Initial URL: [data:,] @15-09-2021 10:26:21.0991 AM
[ReportManager] Browser Action [NavigateToURL] successfully performed. With the following test data [https://www.google.com/ncr]. @15-09-2021 10:26:22.0817 A

################################################################################################################################################
Starting Execution:	[27 out of 143] test cases in the current suite
Test Method:		[unitTests.tests_validations_assertions.assertElementAttribute_type_true_literalComparison_expectedToPass]
################################################################################################################################################
[ReportManager] Element Action [Type] successfully performed. With the following test data [Automation!@#$%^&*()_+{}[]\';/.,]. @15-09-2021 10:26:23.0283 AM
[ReportManager] Element Action [GetText] successfully performed. With the following test data [Automation!@#$%^&*()_+{}[]\';/.,]. @15-09-2021 10:26:23.0375 AM
[ReportManager] Loaded Shared OpenCV @15-09-2021 10:26:23.0519 AM
[ReportManager] Assertion [ValidateElementAttribute] PASSED. Expected [Value Should be 'Automation!@#$%^&*()_+{}[]\';/.,' for the 'text' attribute, element locator 'By.name: q'] and Actual [Automation!@#$%^&*()_+{}[]\';/.,]. Comparison Type [EQUALS]. Validation Type [POSITIVE]. @15-09-2021 10:26:23.0597 AM
[ReportManager] Successfully created attachment [Screenshot - 1631701583519_assertElementAttribute_type_true_literalComparison_expectedToPass_ValidateElementAttribute_passed] @15-09-2021 10:26:23.0598 A
[ReportManager] Browser Action [CloseCurrentWindow] successfully performed. @15-09-2021 10:26:23.0740 AM
[ReportManager] Successfully created attachment [Browser Action Test Data - CloseCurrentWindow - Actual Value] @15-09-2021 10:26:23.0742 A
[ReportManager] File Action [GetAbsolutePath] successfully performed. With the following test data [Relative Folder Path: "target/downloadedFiles/"]. @15-09-2021 10:26:23.0744 AM
[ReportManager] Attempting to run remotely on: [Linux-64], [GoogleChrome], [http://localhost:4444/wd/hub], Headless Execution. @15-09-2021 10:26:23.0745 AM
[ReportManager] Successfully Opened [GoogleChrome]. @15-09-2021 10:26:23.0988 AM
[ReportManager] Target URL: [https://www.google.com/ncr], and after redirection: [www.google.com] @15-09-2021 10:26:23.0998 AM
[ReportManager] Initial URL: [data:,] @15-09-2021 10:26:24.0044 AM
[ReportManager] Browser Action [NavigateToURL] successfully performed. With the following test data [https://www.google.com/ncr]. @15-09-2021 10:26:24.0860 A

################################################################################################################################################
Starting Execution:	[28 out of 143] test cases in the current suite
Test Method:		[unitTests.tests_validations_assertions.assertElementExists_false_expectedToFail]
################################################################################################################################################
[ReportManager] Loaded Shared OpenCV @15-09-2021 10:26:25.0093 AM
[ReportManager] Assertion [ValidateElementExists] FAILED. Expected [Element Should not Exist, locator 'By.id: hplogo'] and Actual [Element Exists]. Comparison Type [EQUALS]. Validation Type [NEGATIVE]. @15-09-2021 10:26:25.0166 AM
[ReportManager] Successfully created attachment [Screenshot - 1631701585092_assertElementExists_false_expectedToFail_ValidateElementExists_failed] @15-09-2021 10:26:25.0168 A
[ReportManager] Browser Action [CloseCurrentWindow] successfully performed. @15-09-2021 10:26:25.0297 AM
[ReportManager] Successfully created attachment [Browser Action Test Data - CloseCurrentWindow - Actual Value] @15-09-2021 10:26:25.0298 A
[ReportManager] File Action [GetAbsolutePath] successfully performed. With the following test data [Relative Folder Path: "target/downloadedFiles/"]. @15-09-2021 10:26:25.0300 AM
[ReportManager] Attempting to run remotely on: [Linux-64], [GoogleChrome], [http://localhost:4444/wd/hub], Headless Execution. @15-09-2021 10:26:25.0300 AM
[ReportManager] Successfully Opened [GoogleChrome]. @15-09-2021 10:26:25.0552 AM
[ReportManager] Target URL: [https://www.google.com/ncr], and after redirection: [www.google.com] @15-09-2021 10:26:25.0565 AM
[ReportManager] Initial URL: [data:,] @15-09-2021 10:26:25.0612 AM
[ReportManager] Browser Action [NavigateToURL] successfully performed. With the following test data [https://www.google.com/ncr]. @15-09-2021 10:26:26.0435 A

################################################################################################################################################
Starting Execution:	[29 out of 143] test cases in the current suite
Test Method:		[unitTests.tests_validations_assertions.assertElementExists_false_expectedToPass]
################################################################################################################################################
[ReportManager] Assertion [ValidateElementExists] PASSED. Expected [Element Should not Exist, locator 'By.id: fakeElement'] and Actual [Element Doesn't Exists]. Comparison Type [EQUALS]. Validation Type [NEGATIVE]. @15-09-2021 10:26:36.0861 AM
[ReportManager] Successfully created attachment [Screenshot - 1631701596772_assertElementExists_false_expectedToPass_ValidateElementExists_passed] @15-09-2021 10:26:36.0862 A
[ReportManager] Browser Action [CloseCurrentWindow] successfully performed. @15-09-2021 10:26:36.0984 AM
[ReportManager] Successfully created attachment [Browser Action Test Data - CloseCurrentWindow - Actual Value] @15-09-2021 10:26:36.0985 A
[ReportManager] File Action [GetAbsolutePath] successfully performed. With the following test data [Relative Folder Path: "target/downloadedFiles/"]. @15-09-2021 10:26:36.0987 AM
[ReportManager] Attempting to run remotely on: [Linux-64], [GoogleChrome], [http://localhost:4444/wd/hub], Headless Execution. @15-09-2021 10:26:36.0987 AM
[ReportManager] Successfully Opened [GoogleChrome]. @15-09-2021 10:26:37.0191 AM
[ReportManager] Target URL: [https://www.google.com/ncr], and after redirection: [www.google.com] @15-09-2021 10:26:37.0205 AM
[ReportManager] Initial URL: [data:,] @15-09-2021 10:26:37.0253 AM
[ReportManager] Browser Action [NavigateToURL] successfully performed. With the following test data [https://www.google.com/ncr]. @15-09-2021 10:26:38.0115 A

################################################################################################################################################
Starting Execution:	[30 out of 143] test cases in the current suite
Test Method:		[unitTests.tests_validations_assertions.assertElementExists_false_multipleElementsFound_expectedToFail]
################################################################################################################################################
[ReportManager] Assertion [ValidateElementExists] FAILED. Expected [Element Should not Exist, locator 'By.xpath: //div'] and Actual [Element Exists but is not unique]. Comparison Type [EQUALS]. Validation Type [NEGATIVE]. @15-09-2021 10:26:38.0417 AM
[ReportManager] Successfully created attachment [Screenshot - 1631701598348_assertElementExists_false_multipleElementsFound_expectedToFail_ValidateElementExists_failed] @15-09-2021 10:26:38.0418 A
[ReportManager] Browser Action [CloseCurrentWindow] successfully performed. @15-09-2021 10:26:38.0557 AM
[ReportManager] Successfully created attachment [Browser Action Test Data - CloseCurrentWindow - Actual Value] @15-09-2021 10:26:38.0558 A
[ReportManager] File Action [GetAbsolutePath] successfully performed. With the following test data [Relative Folder Path: "target/downloadedFiles/"]. @15-09-2021 10:26:38.0560 AM
[ReportManager] Attempting to run remotely on: [Linux-64], [GoogleChrome], [http://localhost:4444/wd/hub], Headless Execution. @15-09-2021 10:26:38.0560 AM
[ReportManager] Successfully Opened [GoogleChrome]. @15-09-2021 10:26:38.0776 AM
[ReportManager] Target URL: [https://www.google.com/ncr], and after redirection: [www.google.com] @15-09-2021 10:26:38.0789 AM
[ReportManager] Initial URL: [data:,] @15-09-2021 10:26:38.0832 AM
[ReportManager] Browser Action [NavigateToURL] successfully performed. With the following test data [https://www.google.com/ncr]. @15-09-2021 10:26:39.0748 A

################################################################################################################################################
Starting Execution:	[31 out of 143] test cases in the current suite
Test Method:		[unitTests.tests_validations_assertions.assertElementExists_true_expectedToFail]
################################################################################################################################################
[ReportManager] Assertion [ValidateElementExists] FAILED. Expected [Element Should Exist, locator 'By.id: fakeElement'] and Actual [Element Doesn't Exists]. Comparison Type [EQUALS]. Validation Type [POSITIVE]. @15-09-2021 10:27:10.0438 AM
[ReportManager] Successfully created attachment [Screenshot - 1631701630362_assertElementExists_true_expectedToFail_ValidateElementExists_failed] @15-09-2021 10:27:10.0439 A
[ReportManager] Browser Action [CloseCurrentWindow] successfully performed. @15-09-2021 10:27:10.0570 AM
[ReportManager] Successfully created attachment [Browser Action Test Data - CloseCurrentWindow - Actual Value] @15-09-2021 10:27:10.0571 A
[ReportManager] File Action [GetAbsolutePath] successfully performed. With the following test data [Relative Folder Path: "target/downloadedFiles/"]. @15-09-2021 10:27:10.0573 AM
[ReportManager] Attempting to run remotely on: [Linux-64], [GoogleChrome], [http://localhost:4444/wd/hub], Headless Execution. @15-09-2021 10:27:10.0573 AM
[ReportManager] Successfully Opened [GoogleChrome]. @15-09-2021 10:27:10.0781 AM
[ReportManager] Target URL: [https://www.google.com/ncr], and after redirection: [www.google.com] @15-09-2021 10:27:10.0792 AM
[ReportManager] Initial URL: [data:,] @15-09-2021 10:27:10.0832 AM
[ReportManager] Browser Action [NavigateToURL] successfully performed. With the following test data [https://www.google.com/ncr]. @15-09-2021 10:27:11.0653 A

################################################################################################################################################
Starting Execution:	[32 out of 143] test cases in the current suite
Test Method:		[unitTests.tests_validations_assertions.assertElementExists_true_expectedToPass]
################################################################################################################################################
[ReportManager] Loaded Shared OpenCV @15-09-2021 10:27:11.0880 AM
[ReportManager] Assertion [ValidateElementExists] PASSED. Expected [Element Should Exist, locator 'By.xpath: //*[@id='hplogo' or @alt='Google']'] and Actual [Element Exists]. Comparison Type [EQUALS]. Validation Type [POSITIVE]. @15-09-2021 10:27:11.0965 AM
[ReportManager] Successfully created attachment [Screenshot - 1631701631880_assertElementExists_true_expectedToPass_ValidateElementExists_passed] @15-09-2021 10:27:11.0966 A
[ReportManager] Browser Action [CloseCurrentWindow] successfully performed. @15-09-2021 10:27:12.0090 AM
[ReportManager] Successfully created attachment [Browser Action Test Data - CloseCurrentWindow - Actual Value] @15-09-2021 10:27:12.0092 A
[ReportManager] File Action [GetAbsolutePath] successfully performed. With the following test data [Relative Folder Path: "target/downloadedFiles/"]. @15-09-2021 10:27:12.0094 AM
[ReportManager] Attempting to run remotely on: [Linux-64], [GoogleChrome], [http://localhost:4444/wd/hub], Headless Execution. @15-09-2021 10:27:12.0095 AM
[ReportManager] Successfully Opened [GoogleChrome]. @15-09-2021 10:27:12.0298 AM
[ReportManager] Target URL: [https://www.google.com/ncr], and after redirection: [www.google.com] @15-09-2021 10:27:12.0314 AM
[ReportManager] Initial URL: [data:,] @15-09-2021 10:27:12.0351 AM
[ReportManager] Browser Action [NavigateToURL] successfully performed. With the following test data [https://www.google.com/ncr]. @15-09-2021 10:27:13.0186 A

################################################################################################################################################
Starting Execution:	[33 out of 143] test cases in the current suite
Test Method:		[unitTests.tests_validations_assertions.assertElementExists_true_multipleElementsFound_expectedToFail]
################################################################################################################################################
[ReportManager] Assertion [ValidateElementExists] FAILED. Expected [Element Should Exist, locator 'By.xpath: //div'] and Actual [Element Exists but is not unique]. Comparison Type [EQUALS]. Validation Type [POSITIVE]. @15-09-2021 10:27:13.0451 AM
[ReportManager] Successfully created attachment [Screenshot - 1631701633381_assertElementExists_true_multipleElementsFound_expectedToFail_ValidateElementExists_failed] @15-09-2021 10:27:13.0452 A
[ReportManager] Browser Action [CloseCurrentWindow] successfully performed. @15-09-2021 10:27:13.0578 AM
[ReportManager] Successfully created attachment [Browser Action Test Data - CloseCurrentWindow - Actual Value] @15-09-2021 10:27:13.0579 A

################################################################################################################################################
Starting Execution:	[34 out of 143] test cases in the current suite
Test Method:		[unitTests.tests_validations_assertions.assertEquals_false_expectedToFail]
################################################################################################################################################
[ReportManager] Assertion [ValidateEquals] FAILED. Expected [1] and Actual [1]. Comparison Type [EQUALS]. Validation Type [NEGATIVE]. @15-09-2021 10:27:13.0589 A

################################################################################################################################################
Starting Execution:	[35 out of 143] test cases in the current suite
Test Method:		[unitTests.tests_validations_assertions.assertEquals_false_expectedToPass]
################################################################################################################################################
[ReportManager] Assertion [ValidateEquals] PASSED. Expected [1] and Actual [2]. Comparison Type [EQUALS]. Validation Type [NEGATIVE]. @15-09-2021 10:27:13.0593 A

################################################################################################################################################
Starting Execution:	[36 out of 143] test cases in the current suite
Test Method:		[unitTests.tests_validations_assertions.assertEquals_longCharacters]
################################################################################################################################################
[ReportManager] Verification [ValidateEquals] PASSED. Expected and Actual values are attached. Comparison Type [EQUALS]. Validation Type [POSITIVE]. @15-09-2021 10:27:13.0600 AM
[ReportManager] Successfully created attachment [Validation Test Data - Expected Value] @15-09-2021 10:27:13.0600 AM
[ReportManager] Successfully created attachment [Validation Test Data - Actual Value] @15-09-2021 10:27:13.0600 AM
[ReportManager] Assertion [ValidateEquals] PASSED. Expected and Actual values are attached. Comparison Type [EQUALS]. Validation Type [POSITIVE]. @15-09-2021 10:27:13.0600 AM
[ReportManager] Successfully created attachment [Validation Test Data - Expected Value] @15-09-2021 10:27:13.0600 AM
[ReportManager] Successfully created attachment [Validation Test Data - Actual Value] @15-09-2021 10:27:13.0600 A

################################################################################################################################################
Starting Execution:	[37 out of 143] test cases in the current suite
Test Method:		[unitTests.tests_validations_assertions.assertEquals_longCharacters_Discreet]
################################################################################################################################################
[ReportManager] Assertion [ValidateEquals] PASSED. Expected [1LH5pROcDBjjQk0t0mCr0lXuzQu9lcGj28kY8R1H81X67eVAQJgWQhILiRWVPUgZ6uCtK5cnBkF55Jr9vYngjGO1Iyf0Mktv6lruDlL9T8MAUPcUZJGHZtji6nIeadujDSNmWMj5d6C8zlFqw0CRqBU0hO5adIasHgBSNoLotAjce3NGXoDwAlp3rYreeV16VIyZXROQY] and Actual [1LH5pROcDBjjQk0t0mCr0lXuzQu9lcGj28kY8R1H81X67eVAQJgWQhILiRWVPUgZ6uCtK5cnBkF55Jr9vYngjGO1Iyf0Mktv6lruDlL9T8MAUPcUZJGHZtji6nIeadujDSNmWMj5d6C8zlFqw0CRqBU0hO5adIasHgBSNoLotAjce3NGXoDwAlp3rYreeV16VIyZXROQY]. Comparison Type [EQUALS]. Validation Type [POSITIVE]. @15-09-2021 10:27:13.0604 A

################################################################################################################################################
Starting Execution:	[38 out of 143] test cases in the current suite
Test Method:		[unitTests.tests_validations_assertions.assertEquals_true_expectedToFail]
################################################################################################################################################
[ReportManager] Assertion [ValidateEquals] FAILED. Expected [1] and Actual [2]. Comparison Type [EQUALS]. Validation Type [POSITIVE]. @15-09-2021 10:27:13.0610 A

################################################################################################################################################
Starting Execution:	[39 out of 143] test cases in the current suite
Test Method:		[unitTests.tests_validations_assertions.assertEquals_true_expectedToPass]
Test Description:	[Assert that assertEquals works as expected when the two values are equal.]
################################################################################################################################################
[ReportManager] Verification [ValidateEquals] PASSED. Expected [1] and Actual [1]. Comparison Type [EQUALS]. Validation Type [POSITIVE]. @15-09-2021 10:27:13.0625 AM
[ReportManager] Assertion [ValidateEquals] PASSED. Expected [1] and Actual [1]. Comparison Type [EQUALS]. Validation Type [POSITIVE]. @15-09-2021 10:27:13.0625 A

################################################################################################################################################
Starting Execution:	[40 out of 143] test cases in the current suite
Test Method:		[unitTests.tests_validations_assertions.assertEquals_true_expectedToPass__]
################################################################################################################################################
[ReportManager] Assertion [ValidateEquals] PASSED. Expected [1] and Actual [1]. Comparison Type [EQUALS]. Validation Type [POSITIVE]. @15-09-2021 10:27:13.0630 A

################################################################################################################################################
Starting Execution:	[41 out of 143] test cases in the current suite
Test Method:		[unitTests.tests_validations_assertions.assertFileExists_false_expectedToFail]
################################################################################################################################################
[ReportManager] File Action [DoesFileExist] successfully performed. With the following test data [File Path: "src/main/java/com/shaft/gui/element/ElementActions.java"]. @15-09-2021 10:27:13.0633 AM
[ReportManager] Assertion [ValidateFileExists] FAILED. Expected [File 'src/main/java/com/shaft/gui/element/ElementActions.java' should not exist, after up to '1' retries] and Actual [File exists]. Validation Type [NEGATIVE]. @15-09-2021 10:27:13.0640 A

################################################################################################################################################
Starting Execution:	[42 out of 143] test cases in the current suite
Test Method:		[unitTests.tests_validations_assertions.assertFileExists_false_expectedToPass]
################################################################################################################################################
[ReportManager] File Action [DoesFileExist] successfully performed. With the following test data [File Path: "src/main/java/com/shaft/gui/element/ElementActions.java_fail"]. @15-09-2021 10:27:14.0144 AM
[ReportManager] Assertion [ValidateFileExists] PASSED. Expected [File 'src/main/java/com/shaft/gui/element/ElementActions.java_fail' should not exist, after up to '1' retries] and Actual [File does not exist]. Validation Type [NEGATIVE]. @15-09-2021 10:27:14.0145 A

################################################################################################################################################
Starting Execution:	[43 out of 143] test cases in the current suite
Test Method:		[unitTests.tests_validations_assertions.assertFileExists_true_expectedToFail]
################################################################################################################################################
[ReportManager] File Action [DoesFileExist] successfully performed. With the following test data [File Path: "src/main/java/com/shaft/gui/element/ElementActions.java_fail"]. @15-09-2021 10:27:14.0649 AM
[ReportManager] Assertion [ValidateFileExists] FAILED. Expected [File 'src/main/java/com/shaft/gui/element/ElementActions.java_fail' should exist, after up to '1' retries] and Actual [File does not exist]. Validation Type [POSITIVE]. @15-09-2021 10:27:14.0649 A

################################################################################################################################################
Starting Execution:	[44 out of 143] test cases in the current suite
Test Method:		[unitTests.tests_validations_assertions.assertFileExists_true_expectedToPass]
################################################################################################################################################
[ReportManager] File Action [DoesFileExist] successfully performed. With the following test data [File Path: "src/main/java/com/shaft/gui/element/ElementActions.java"]. @15-09-2021 10:27:14.0653 AM
[ReportManager] Assertion [ValidateFileExists] PASSED. Expected [File 'src/main/java/com/shaft/gui/element/ElementActions.java' should exist, after up to '1' retries] and Actual [File exists]. Validation Type [POSITIVE]. @15-09-2021 10:27:14.0653 A

################################################################################################################################################
Starting Execution:	[45 out of 143] test cases in the current suite
Test Method:		[unitTests.tests_validations_assertions.assertNull_false_expectedToFail]
################################################################################################################################################
[ReportManager] Assertion [ValidateNull] FAILED. Expected [NULL] and Actual [NULL]. Comparison Type [EQUALS]. Validation Type [NEGATIVE]. @15-09-2021 10:27:14.0655 A

################################################################################################################################################
Starting Execution:	[46 out of 143] test cases in the current suite
Test Method:		[unitTests.tests_validations_assertions.assertNull_false_expectedToPass]
################################################################################################################################################
[ReportManager] Assertion [ValidateNull] PASSED. Expected [NULL] and Actual [1]. Comparison Type [EQUALS]. Validation Type [NEGATIVE]. @15-09-2021 10:27:14.0658 A

################################################################################################################################################
Starting Execution:	[47 out of 143] test cases in the current suite
Test Method:		[unitTests.tests_validations_assertions.assertNull_true_expectedToFail]
################################################################################################################################################
[ReportManager] Assertion [ValidateNull] FAILED. Expected [NULL] and Actual [1]. Comparison Type [EQUALS]. Validation Type [POSITIVE]. @15-09-2021 10:27:14.0662 A

################################################################################################################################################
Starting Execution:	[48 out of 143] test cases in the current suite
Test Method:		[unitTests.tests_validations_assertions.assertNull_true_expectedToPass]
################################################################################################################################################
[ReportManager] Assertion [ValidateNull] PASSED. Expected [NULL] and Actual [NULL]. Comparison Type [EQUALS]. Validation Type [POSITIVE]. @15-09-2021 10:27:14.0665 A
[ReportManager] Successfully loaded the following test data file [src/test/resources/TestDataFiles/testSuite01/TestData.xlsx]. @15-09-2021 10:27:15.0466 AM
[ReportManager] Successfully created attachment [Test Data - Excel] @15-09-2021 10:27:15.0467 A

################################################################################################################################################
Starting Execution:	[49 out of 143] test cases in the current suite
Test Method:		[unitTests.tests_io_excelFileManager.getCellData_rowName_expectedToPass]
################################################################################################################################################
[ReportManager] testRowData. @15-09-2021 10:27:15.0477 A
[ReportManager] File Action [GetAbsolutePath] successfully performed. With the following test data [Relative Folder Path: "target/downloadedFiles/"]. @15-09-2021 10:27:15.0479 AM
[ReportManager] Attempting to run remotely on: [Linux-64], [GoogleChrome], [http://localhost:4444/wd/hub], Headless Execution. @15-09-2021 10:27:15.0479 AM
[ReportManager] Successfully Opened [GoogleChrome]. @15-09-2021 10:27:15.0778 AM
[ReportManager] Target URL: [https://duckduckgo.com] @15-09-2021 10:27:15.0805 AM
[ReportManager] Initial URL: [data:,] @15-09-2021 10:27:15.0856 AM
[ReportManager] Browser Action [NavigateToURL] successfully performed. With the following test data [https://duckduckgo.com]. @15-09-2021 10:27:16.0597 A

################################################################################################################################################
Starting Execution:	[50 out of 143] test cases in the current suite
Test Method:		[unitTests.tests_browserActions.fullScreenWindow]
################################################################################################################################################
[ReportManager] Initial Windows Size: 800x600 @15-09-2021 10:27:16.0607 AM
[ReportManager] Initial window size: (800, 600) @15-09-2021 10:27:16.0609 AM
[ReportManager] Window size after Toolkit: (1920, 1080) @15-09-2021 10:27:16.0834 AM
[ReportManager] Browser Action [MaximizeWindow] successfully performed. With the following test data [New screen size is now: (1920, 1080)]. @15-09-2021 10:27:16.0840 AM
[ReportManager] Current Windows Size after fullScreen: 1920x1080 @15-09-2021 10:27:16.0845 AM
[ReportManager] Browser Action [FullScreenWindow] successfully performed. @15-09-2021 10:27:16.0862 AM
[ReportManager] Successfully created attachment [Browser Action Test Data - FullScreenWindow - Actual Value] @15-09-2021 10:27:16.0865 A
[ReportManager] Target URL: [https://duckduckgo.com] @15-09-2021 10:27:16.0868 AM
[ReportManager] Initial URL: [https://duckduckgo.com] @15-09-2021 10:27:16.0938 AM
[ReportManager] Browser Action [NavigateToURL] successfully performed. With the following test data [https://duckduckgo.com]. @15-09-2021 10:27:17.0267 AM
[ReportManager] Browser Action [CloseCurrentWindow] successfully performed. @15-09-2021 10:27:17.0373 AM
[ReportManager] Successfully created attachment [Browser Action Test Data - CloseCurrentWindow - Actual Value] @15-09-2021 10:27:17.0375 A
[ReportManager] File Action [GetAbsolutePath] successfully performed. With the following test data [Relative Folder Path: "target/downloadedFiles/"]. @15-09-2021 10:27:17.0378 AM
[ReportManager] Attempting to run remotely on: [Linux-64], [GoogleChrome], [http://localhost:4444/wd/hub], Headless Execution. @15-09-2021 10:27:17.0378 AM
[ReportManager] Successfully Opened [GoogleChrome]. @15-09-2021 10:27:17.0622 AM
[ReportManager] Target URL: [https://duckduckgo.com] @15-09-2021 10:27:17.0638 AM
[ReportManager] Initial URL: [data:,] @15-09-2021 10:27:17.0684 AM
[ReportManager] Browser Action [NavigateToURL] successfully performed. With the following test data [https://duckduckgo.com]. @15-09-2021 10:27:18.0198 A

################################################################################################################################################
Starting Execution:	[51 out of 143] test cases in the current suite
Test Method:		[unitTests.tests_browserActions.getCurrentURL]
################################################################################################################################################
[ReportManager] Browser Action [GetCurrentURL] successfully performed. With the following test data [https://duckduckgo.com/]. @15-09-2021 10:27:18.0247 A
[ReportManager] Target URL: [https://duckduckgo.com] @15-09-2021 10:27:18.0248 AM
[ReportManager] Initial URL: [https://duckduckgo.com] @15-09-2021 10:27:18.0313 AM
[ReportManager] Browser Action [NavigateToURL] successfully performed. With the following test data [https://duckduckgo.com]. @15-09-2021 10:27:18.0694 AM
[ReportManager] Browser Action [CloseCurrentWindow] successfully performed. @15-09-2021 10:27:18.0791 AM
[ReportManager] Successfully created attachment [Browser Action Test Data - CloseCurrentWindow - Actual Value] @15-09-2021 10:27:18.0792 A
[ReportManager] File Action [GetAbsolutePath] successfully performed. With the following test data [Relative Folder Path: "target/downloadedFiles/"]. @15-09-2021 10:27:18.0794 AM
[ReportManager] Attempting to run remotely on: [Linux-64], [GoogleChrome], [http://localhost:4444/wd/hub], Headless Execution. @15-09-2021 10:27:18.0794 AM
[ReportManager] Successfully Opened [GoogleChrome]. @15-09-2021 10:27:18.0990 AM
[ReportManager] Target URL: [https://duckduckgo.com] @15-09-2021 10:27:19.0012 AM
[ReportManager] Initial URL: [data:,] @15-09-2021 10:27:19.0057 AM
[ReportManager] Browser Action [NavigateToURL] successfully performed. With the following test data [https://duckduckgo.com]. @15-09-2021 10:27:19.0498 A

################################################################################################################################################
Starting Execution:	[52 out of 143] test cases in the current suite
Test Method:		[unitTests.tests_browserActions.getCurrentWindowTitle]
################################################################################################################################################
[ReportManager] Browser Action [GetCurrentWindowTitle] successfully performed. With the following test data [DuckDuckGo  Privacy, simplified.]. @15-09-2021 10:27:19.0537 A
[ReportManager] Target URL: [https://duckduckgo.com] @15-09-2021 10:27:19.0546 AM
[ReportManager] Initial URL: [https://duckduckgo.com] @15-09-2021 10:27:19.0619 AM
[ReportManager] Browser Action [NavigateToURL] successfully performed. With the following test data [https://duckduckgo.com]. @15-09-2021 10:27:19.0964 AM
[ReportManager] Browser Action [CloseCurrentWindow] successfully performed. @15-09-2021 10:27:20.0077 AM
[ReportManager] Successfully created attachment [Browser Action Test Data - CloseCurrentWindow - Actual Value] @15-09-2021 10:27:20.0084 A
[ReportManager] File Action [GetAbsolutePath] successfully performed. With the following test data [Relative Folder Path: "target/downloadedFiles/"]. @15-09-2021 10:27:20.0087 AM
[ReportManager] Attempting to run remotely on: [Linux-64], [GoogleChrome], [http://localhost:4444/wd/hub], Headless Execution. @15-09-2021 10:27:20.0087 AM
[ReportManager] Successfully Opened [GoogleChrome]. @15-09-2021 10:27:20.0260 AM
[ReportManager] Target URL: [https://duckduckgo.com] @15-09-2021 10:27:20.0275 AM
[ReportManager] Initial URL: [data:,] @15-09-2021 10:27:20.0310 AM
[ReportManager] Browser Action [NavigateToURL] successfully performed. With the following test data [https://duckduckgo.com]. @15-09-2021 10:27:20.0844 A

################################################################################################################################################
Starting Execution:	[53 out of 143] test cases in the current suite
Test Method:		[unitTests.tests_browserActions.getPageSource]
################################################################################################################################################
[ReportManager] Browser Action [GetPageSource] successfully performed. @15-09-2021 10:27:20.0888 AM
[ReportManager] Successfully created attachment [Browser Action Test Data - GetPageSource - Actual Value] @15-09-2021 10:27:20.0889 A
[ReportManager] Target URL: [https://duckduckgo.com] @15-09-2021 10:27:20.0890 AM
[ReportManager] Initial URL: [https://duckduckgo.com] @15-09-2021 10:27:20.0941 AM
[ReportManager] Browser Action [NavigateToURL] successfully performed. With the following test data [https://duckduckgo.com]. @15-09-2021 10:27:21.0253 AM
[ReportManager] Browser Action [CloseCurrentWindow] successfully performed. @15-09-2021 10:27:21.0385 AM
[ReportManager] Successfully created attachment [Browser Action Test Data - CloseCurrentWindow - Actual Value] @15-09-2021 10:27:21.0385 A
[ReportManager] File Action [GetAbsolutePath] successfully performed. With the following test data [Relative Folder Path: "target/downloadedFiles/"]. @15-09-2021 10:27:21.0387 AM
[ReportManager] Attempting to run remotely on: [Linux-64], [GoogleChrome], [http://localhost:4444/wd/hub], Headless Execution. @15-09-2021 10:27:21.0387 AM
[ReportManager] Successfully Opened [GoogleChrome]. @15-09-2021 10:27:21.0630 AM
[ReportManager] Target URL: [https://duckduckgo.com] @15-09-2021 10:27:21.0643 AM
[ReportManager] Initial URL: [data:,] @15-09-2021 10:27:21.0678 AM
[ReportManager] Browser Action [NavigateToURL] successfully performed. With the following test data [https://duckduckgo.com]. @15-09-2021 10:27:22.0139 A

################################################################################################################################################
Starting Execution:	[54 out of 143] test cases in the current suite
Test Method:		[unitTests.tests_browserActions.getWindowHandle]
################################################################################################################################################
[ReportManager] Browser Action [GetWindowHandle] successfully performed. With the following test data [CDwindow-8B310431E5F3F8A28AC2FFCC6A5FC08D]. @15-09-2021 10:27:22.0180 A
[ReportManager] Target URL: [https://duckduckgo.com] @15-09-2021 10:27:22.0181 AM
[ReportManager] Initial URL: [https://duckduckgo.com] @15-09-2021 10:27:22.0245 AM
[ReportManager] Browser Action [NavigateToURL] successfully performed. With the following test data [https://duckduckgo.com]. @15-09-2021 10:27:22.0606 AM
[ReportManager] Browser Action [CloseCurrentWindow] successfully performed. @15-09-2021 10:27:22.0712 AM
[ReportManager] Successfully created attachment [Browser Action Test Data - CloseCurrentWindow - Actual Value] @15-09-2021 10:27:22.0713 A
[ReportManager] File Action [GetAbsolutePath] successfully performed. With the following test data [Relative Folder Path: "target/downloadedFiles/"]. @15-09-2021 10:27:22.0715 AM
[ReportManager] Attempting to run remotely on: [Linux-64], [GoogleChrome], [http://localhost:4444/wd/hub], Headless Execution. @15-09-2021 10:27:22.0715 AM
[ReportManager] Successfully Opened [GoogleChrome]. @15-09-2021 10:27:22.0916 AM
[ReportManager] Target URL: [https://duckduckgo.com] @15-09-2021 10:27:22.0926 AM
[ReportManager] Initial URL: [data:,] @15-09-2021 10:27:22.0978 AM
[ReportManager] Browser Action [NavigateToURL] successfully performed. With the following test data [https://duckduckgo.com]. @15-09-2021 10:27:23.0443 A

################################################################################################################################################
Starting Execution:	[55 out of 143] test cases in the current suite
Test Method:		[unitTests.tests_browserActions.getWindowPosition]
################################################################################################################################################
[ReportManager] Browser Action [GetWindowPosition] successfully performed. With the following test data [(0, 0)]. @15-09-2021 10:27:23.0477 A
[ReportManager] Target URL: [https://duckduckgo.com] @15-09-2021 10:27:23.0482 AM
[ReportManager] Initial URL: [https://duckduckgo.com] @15-09-2021 10:27:23.0542 AM
[ReportManager] Browser Action [NavigateToURL] successfully performed. With the following test data [https://duckduckgo.com]. @15-09-2021 10:27:23.0910 AM
[ReportManager] Browser Action [CloseCurrentWindow] successfully performed. @15-09-2021 10:27:24.0025 AM
[ReportManager] Successfully created attachment [Browser Action Test Data - CloseCurrentWindow - Actual Value] @15-09-2021 10:27:24.0025 A
[ReportManager] File Action [GetAbsolutePath] successfully performed. With the following test data [Relative Folder Path: "target/downloadedFiles/"]. @15-09-2021 10:27:24.0027 AM
[ReportManager] Attempting to run remotely on: [Linux-64], [GoogleChrome], [http://localhost:4444/wd/hub], Headless Execution. @15-09-2021 10:27:24.0028 AM
[ReportManager] Successfully Opened [GoogleChrome]. @15-09-2021 10:27:24.0367 AM
[ReportManager] Target URL: [https://duckduckgo.com] @15-09-2021 10:27:24.0377 AM
[ReportManager] Initial URL: [data:,] @15-09-2021 10:27:24.0417 AM
[ReportManager] Browser Action [NavigateToURL] successfully performed. With the following test data [https://duckduckgo.com]. @15-09-2021 10:27:24.0899 A

################################################################################################################################################
Starting Execution:	[56 out of 143] test cases in the current suite
Test Method:		[unitTests.tests_browserActions.getWindowSize]
################################################################################################################################################
[ReportManager] Browser Action [GetWindowSize] successfully performed. With the following test data [(800, 600)]. @15-09-2021 10:27:24.0933 A
[ReportManager] Target URL: [https://duckduckgo.com] @15-09-2021 10:27:24.0947 AM
[ReportManager] Initial URL: [https://duckduckgo.com] @15-09-2021 10:27:25.0010 AM
[ReportManager] Browser Action [NavigateToURL] successfully performed. With the following test data [https://duckduckgo.com]. @15-09-2021 10:27:25.0324 AM
[ReportManager] Browser Action [CloseCurrentWindow] successfully performed. @15-09-2021 10:27:25.0420 AM
[ReportManager] Successfully created attachment [Browser Action Test Data - CloseCurrentWindow - Actual Value] @15-09-2021 10:27:25.0420 A
[ReportManager] File Action [GetAbsolutePath] successfully performed. With the following test data [Relative Folder Path: "target/downloadedFiles/"]. @15-09-2021 10:27:25.0423 AM
[ReportManager] Attempting to run remotely on: [Linux-64], [GoogleChrome], [http://localhost:4444/wd/hub], Headless Execution. @15-09-2021 10:27:25.0424 AM
[ReportManager] Successfully Opened [GoogleChrome]. @15-09-2021 10:27:25.0602 AM
[ReportManager] Target URL: [https://duckduckgo.com] @15-09-2021 10:27:25.0612 AM
[ReportManager] Initial URL: [data:,] @15-09-2021 10:27:25.0659 AM
[ReportManager] Browser Action [NavigateToURL] successfully performed. With the following test data [https://duckduckgo.com]. @15-09-2021 10:27:26.0163 A

################################################################################################################################################
Starting Execution:	[57 out of 143] test cases in the current suite
Test Method:		[unitTests.tests_browserActions.maximizeWindow]
################################################################################################################################################
[ReportManager] Initial window size: (800, 600) @15-09-2021 10:27:26.0173 AM
[ReportManager] Window size after Toolkit: (1920, 1080) @15-09-2021 10:27:26.0393 AM
[ReportManager] Browser Action [MaximizeWindow] successfully performed. With the following test data [New screen size is now: (1920, 1080)]. @15-09-2021 10:27:26.0396 A
[ReportManager] Target URL: [https://duckduckgo.com] @15-09-2021 10:27:26.0397 AM
[ReportManager] Initial URL: [https://duckduckgo.com] @15-09-2021 10:27:26.0460 AM
[ReportManager] Browser Action [NavigateToURL] successfully performed. With the following test data [https://duckduckgo.com]. @15-09-2021 10:27:26.0760 AM
[ReportManager] Browser Action [CloseCurrentWindow] successfully performed. @15-09-2021 10:27:26.0867 AM
[ReportManager] Successfully created attachment [Browser Action Test Data - CloseCurrentWindow - Actual Value] @15-09-2021 10:27:26.0871 A
[ReportManager] File Action [GetAbsolutePath] successfully performed. With the following test data [Relative Folder Path: "target/downloadedFiles/"]. @15-09-2021 10:27:26.0876 AM
[ReportManager] Attempting to run remotely on: [Linux-64], [GoogleChrome], [http://localhost:4444/wd/hub], Headless Execution. @15-09-2021 10:27:26.0876 AM
[ReportManager] Successfully Opened [GoogleChrome]. @15-09-2021 10:27:27.0075 AM
[ReportManager] Target URL: [https://duckduckgo.com] @15-09-2021 10:27:27.0085 AM
[ReportManager] Initial URL: [data:,] @15-09-2021 10:27:27.0123 AM
[ReportManager] Browser Action [NavigateToURL] successfully performed. With the following test data [https://duckduckgo.com]. @15-09-2021 10:27:27.0563 A

################################################################################################################################################
Starting Execution:	[58 out of 143] test cases in the current suite
Test Method:		[unitTests.tests_browserActions.navigateBack]
################################################################################################################################################
[ReportManager] Target URL: [https://www.google.com/ncr], and after redirection: [https://www.google.com] @15-09-2021 10:27:27.0567 AM
[ReportManager] Initial URL: [https://duckduckgo.com] @15-09-2021 10:27:27.0632 AM
[ReportManager] Browser Action [NavigateToURL] successfully performed. With the following test data [https://www.google.com/ncr]. @15-09-2021 10:27:28.0452 AM
[ReportManager] Browser Action [NavigateBack] successfully performed. With the following test data [https://duckduckgo.com/]. @15-09-2021 10:27:28.0801 AM
[ReportManager] Browser Action [GetCurrentURL] successfully performed. With the following test data [https://duckduckgo.com/]. @15-09-2021 10:27:28.0836 AM
[ReportManager] Assertion Passed: Confirming that navigating back was successful @15-09-2021 10:27:28.0953 AM
[ReportManager] Successfully created attachment [Screenshot - 1631701648902_navigateBack_ValidateBrowserAttribute_passed] @15-09-2021 10:27:28.0954 AM
[ReportManager] Assertion [ValidateBrowserAttribute] PASSED. Expected [Value Should be 'https://duckduckgo.com' for the 'CurrentUrl' attribute] and Actual [https://duckduckgo.com/]. Comparison Type [CONTAINS]. Validation Type [POSITIVE]. @15-09-2021 10:27:28.0954 A
[ReportManager] Target URL: [https://duckduckgo.com] @15-09-2021 10:27:28.0956 AM
[ReportManager] Initial URL: [https://duckduckgo.com] @15-09-2021 10:27:29.0012 AM
[ReportManager] Browser Action [NavigateToURL] successfully performed. With the following test data [https://duckduckgo.com]. @15-09-2021 10:27:29.0310 AM
[ReportManager] Browser Action [CloseCurrentWindow] successfully performed. @15-09-2021 10:27:29.0409 AM
[ReportManager] Successfully created attachment [Browser Action Test Data - CloseCurrentWindow - Actual Value] @15-09-2021 10:27:29.0414 A
[ReportManager] File Action [GetAbsolutePath] successfully performed. With the following test data [Relative Folder Path: "target/downloadedFiles/"]. @15-09-2021 10:27:29.0417 AM
[ReportManager] Attempting to run remotely on: [Linux-64], [GoogleChrome], [http://localhost:4444/wd/hub], Headless Execution. @15-09-2021 10:27:29.0417 AM
[ReportManager] Successfully Opened [GoogleChrome]. @15-09-2021 10:27:29.0597 AM
[ReportManager] Target URL: [https://duckduckgo.com] @15-09-2021 10:27:29.0605 AM
[ReportManager] Initial URL: [data:,] @15-09-2021 10:27:29.0641 AM
[ReportManager] Browser Action [NavigateToURL] successfully performed. With the following test data [https://duckduckgo.com]. @15-09-2021 10:27:30.0122 A

################################################################################################################################################
Starting Execution:	[59 out of 143] test cases in the current suite
Test Method:		[unitTests.tests_browserActions.navigateForward]
################################################################################################################################################
[ReportManager] Target URL: [https://www.google.com/ncr], and after redirection: [https://www.google.com] @15-09-2021 10:27:30.0125 AM
[ReportManager] Initial URL: [https://duckduckgo.com] @15-09-2021 10:27:30.0176 AM
[ReportManager] Browser Action [NavigateToURL] successfully performed. With the following test data [https://www.google.com/ncr]. @15-09-2021 10:27:30.0941 AM
[ReportManager] Browser Action [NavigateBack] successfully performed. With the following test data [https://duckduckgo.com/]. @15-09-2021 10:27:31.0273 AM
[ReportManager] Browser Action [NavigateForward] successfully performed. With the following test data [https://www.google.com/]. @15-09-2021 10:27:31.0647 A
[ReportManager] Target URL: [https://duckduckgo.com] @15-09-2021 10:27:31.0650 AM
[ReportManager] Initial URL: [https://www.google.com] @15-09-2021 10:27:31.0726 AM
[ReportManager] Browser Action [NavigateToURL] successfully performed. With the following test data [https://duckduckgo.com]. @15-09-2021 10:27:32.0128 AM
[ReportManager] Browser Action [CloseCurrentWindow] successfully performed. @15-09-2021 10:27:32.0218 AM
[ReportManager] Successfully created attachment [Browser Action Test Data - CloseCurrentWindow - Actual Value] @15-09-2021 10:27:32.0219 A
[ReportManager] File Action [GetAbsolutePath] successfully performed. With the following test data [Relative Folder Path: "target/downloadedFiles/"]. @15-09-2021 10:27:32.0221 AM
[ReportManager] Attempting to run remotely on: [Linux-64], [GoogleChrome], [http://localhost:4444/wd/hub], Headless Execution. @15-09-2021 10:27:32.0221 AM
[ReportManager] Successfully Opened [GoogleChrome]. @15-09-2021 10:27:32.0390 AM
[ReportManager] Target URL: [https://duckduckgo.com] @15-09-2021 10:27:32.0413 AM
[ReportManager] Initial URL: [data:,] @15-09-2021 10:27:32.0459 AM
[ReportManager] Browser Action [NavigateToURL] successfully performed. With the following test data [https://duckduckgo.com]. @15-09-2021 10:27:32.0885 A

################################################################################################################################################
Starting Execution:	[60 out of 143] test cases in the current suite
Test Method:		[unitTests.tests_browserActions.navigateToURL]
################################################################################################################################################
[ReportManager] Target URL: [https://duckduckgo.com] @15-09-2021 10:27:32.0893 AM
[ReportManager] Initial URL: [https://duckduckgo.com] @15-09-2021 10:27:32.0944 AM
[ReportManager] Browser Action [NavigateToURL] successfully performed. With the following test data [https://duckduckgo.com]. @15-09-2021 10:27:33.0216 A
[ReportManager] Target URL: [https://duckduckgo.com] @15-09-2021 10:27:33.0218 AM
[ReportManager] Initial URL: [https://duckduckgo.com] @15-09-2021 10:27:33.0279 AM
[ReportManager] Browser Action [NavigateToURL] successfully performed. With the following test data [https://duckduckgo.com]. @15-09-2021 10:27:33.0587 AM
[ReportManager] Browser Action [CloseCurrentWindow] successfully performed. @15-09-2021 10:27:33.0711 AM
[ReportManager] Successfully created attachment [Browser Action Test Data - CloseCurrentWindow - Actual Value] @15-09-2021 10:27:33.0712 A
[ReportManager] File Action [GetAbsolutePath] successfully performed. With the following test data [Relative Folder Path: "target/downloadedFiles/"]. @15-09-2021 10:27:33.0714 AM
[ReportManager] Attempting to run remotely on: [Linux-64], [GoogleChrome], [http://localhost:4444/wd/hub], Headless Execution. @15-09-2021 10:27:33.0714 AM
[ReportManager] Successfully Opened [GoogleChrome]. @15-09-2021 10:27:33.0984 AM
[ReportManager] Target URL: [https://duckduckgo.com] @15-09-2021 10:27:33.0993 AM
[ReportManager] Initial URL: [data:,] @15-09-2021 10:27:34.0030 AM
[ReportManager] Browser Action [NavigateToURL] successfully performed. With the following test data [https://duckduckgo.com]. @15-09-2021 10:27:34.0593 A

################################################################################################################################################
Starting Execution:	[61 out of 143] test cases in the current suite
Test Method:		[unitTests.tests_browserActions.navigateToURLWithRedirection]
################################################################################################################################################
[ReportManager] Target URL: [https://www.google.com/ncr], and after redirection: [https://www.google.com] @15-09-2021 10:27:34.0595 AM
[ReportManager] Initial URL: [https://duckduckgo.com] @15-09-2021 10:27:34.0652 AM
[ReportManager] Browser Action [NavigateToURL] successfully performed. With the following test data [https://www.google.com/ncr]. @15-09-2021 10:27:35.0436 A
[ReportManager] Target URL: [https://duckduckgo.com] @15-09-2021 10:27:35.0439 AM
[ReportManager] Initial URL: [https://www.google.com] @15-09-2021 10:27:35.0505 AM
[ReportManager] Browser Action [NavigateToURL] successfully performed. With the following test data [https://duckduckgo.com]. @15-09-2021 10:27:35.0983 AM
[ReportManager] Browser Action [CloseCurrentWindow] successfully performed. @15-09-2021 10:27:36.0087 AM
[ReportManager] Successfully created attachment [Browser Action Test Data - CloseCurrentWindow - Actual Value] @15-09-2021 10:27:36.0088 A
[ReportManager] File Action [GetAbsolutePath] successfully performed. With the following test data [Relative Folder Path: "target/downloadedFiles/"]. @15-09-2021 10:27:36.0090 AM
[ReportManager] Attempting to run remotely on: [Linux-64], [GoogleChrome], [http://localhost:4444/wd/hub], Headless Execution. @15-09-2021 10:27:36.0091 AM
[ReportManager] Successfully Opened [GoogleChrome]. @15-09-2021 10:27:36.0315 AM
[ReportManager] Target URL: [https://duckduckgo.com] @15-09-2021 10:27:36.0329 AM
[ReportManager] Initial URL: [data:,] @15-09-2021 10:27:36.0369 AM
[ReportManager] Browser Action [NavigateToURL] successfully performed. With the following test data [https://duckduckgo.com]. @15-09-2021 10:27:36.0850 A

################################################################################################################################################
Starting Execution:	[62 out of 143] test cases in the current suite
Test Method:		[unitTests.tests_browserActions.refreshCurrentPage]
################################################################################################################################################
[ReportManager] Browser Action [RefreshCurrentPage] successfully performed. @15-09-2021 10:27:37.0018 AM
[ReportManager] Successfully created attachment [Browser Action Test Data - RefreshCurrentPage - Actual Value] @15-09-2021 10:27:37.0018 A
[ReportManager] Target URL: [https://duckduckgo.com] @15-09-2021 10:27:37.0021 AM
[ReportManager] Initial URL: [https://duckduckgo.com] @15-09-2021 10:27:37.0081 AM
[ReportManager] Browser Action [NavigateToURL] successfully performed. With the following test data [https://duckduckgo.com]. @15-09-2021 10:27:37.0351 AM
[ReportManager] Browser Action [CloseCurrentWindow] successfully performed. @15-09-2021 10:27:37.0455 AM
[ReportManager] Successfully created attachment [Browser Action Test Data - CloseCurrentWindow - Actual Value] @15-09-2021 10:27:37.0456 A
[ReportManager] File Action [GetAbsolutePath] successfully performed. With the following test data [Relative Folder Path: "target/downloadedFiles/"]. @15-09-2021 10:27:37.0462 AM
[ReportManager] Attempting to run remotely on: [Linux-64], [GoogleChrome], [http://localhost:4444/wd/hub], Headless Execution. @15-09-2021 10:27:37.0462 AM
[ReportManager] Successfully Opened [GoogleChrome]. @15-09-2021 10:27:37.0651 AM
[ReportManager] Target URL: [https://duckduckgo.com] @15-09-2021 10:27:37.0667 AM
[ReportManager] Initial URL: [data:,] @15-09-2021 10:27:37.0703 AM
[ReportManager] Browser Action [NavigateToURL] successfully performed. With the following test data [https://duckduckgo.com]. @15-09-2021 10:27:38.0150 A

################################################################################################################################################
Starting Execution:	[63 out of 143] test cases in the current suite
Test Method:		[unitTests.tests_browserActions.setWindowSize]
################################################################################################################################################
[ReportManager] Initial window size: (800, 600) @15-09-2021 10:27:38.0159 AM
[ReportManager] Window size after SWD: (1280, 720) @15-09-2021 10:27:38.0383 AM
[ReportManager] Browser Action [SetWindowSize] successfully performed. With the following test data [New screen size is now: (1280, 720)]. @15-09-2021 10:27:38.0384 A
[ReportManager] Target URL: [https://duckduckgo.com] @15-09-2021 10:27:38.0388 AM
[ReportManager] Initial URL: [https://duckduckgo.com] @15-09-2021 10:27:38.0455 AM
[ReportManager] Browser Action [NavigateToURL] successfully performed. With the following test data [https://duckduckgo.com]. @15-09-2021 10:27:38.0743 AM
[ReportManager] Browser Action [CloseCurrentWindow] successfully performed. @15-09-2021 10:27:38.0839 AM
[ReportManager] Successfully created attachment [Browser Action Test Data - CloseCurrentWindow - Actual Value] @15-09-2021 10:27:38.0839 A
[ReportManager] File Action [GetAbsolutePath] successfully performed. With the following test data [Relative Folder Path: "target/downloadedFiles/"]. @15-09-2021 10:27:38.0842 AM
[ReportManager] Attempting to run remotely on: [Linux-64], [GoogleChrome], [http://localhost:4444/wd/hub], Headless Execution. @15-09-2021 10:27:38.0842 AM
[ReportManager] Successfully Opened [GoogleChrome]. @15-09-2021 10:27:39.0042 A

################################################################################################################################################
Starting Execution:	[64 out of 143] test cases in the current suite
Test Method:		[unitTests.tests_element_elementActions.waitForElementToBePresent_false_expectedToFail]
################################################################################################################################################
[ReportManager] Target URL: [https://www.google.com/ncr], and after redirection: [www.google.com] @15-09-2021 10:27:39.0060 AM
[ReportManager] Initial URL: [data:,] @15-09-2021 10:27:39.0097 AM
[ReportManager] Browser Action [NavigateToURL] successfully performed. With the following test data [https://www.google.com/ncr]. @15-09-2021 10:27:39.0915 AM
[ReportManager] Waiting for element to be present; elementLocator [By.xpath: //*[@id='hplogo' or @alt='Google']], numberOfTries[1], stateOfPresence[false]... @15-09-2021 10:27:39.0919 AM
[ReportManager] Element Action [WaitForElementToBePresent] failed. With the following test data [waited for the element's state of presence to be (false). Element locator (By.xpath: //*[@id='hplogo' or @alt='Google'])]. @15-09-2021 10:27:40.0132 AM
[ReportManager] Successfully created attachment [Screenshot - 1631701660063_waitForElementToBePresent_false_expectedToFail_WaitForElementToBePresent_failed] @15-09-2021 10:27:40.0133 A
[ReportManager] Browser Action [CloseCurrentWindow] successfully performed. @15-09-2021 10:27:40.0269 AM
[ReportManager] Successfully created attachment [Browser Action Test Data - CloseCurrentWindow - Actual Value] @15-09-2021 10:27:40.0270 A
[ReportManager] File Action [GetAbsolutePath] successfully performed. With the following test data [Relative Folder Path: "target/downloadedFiles/"]. @15-09-2021 10:27:40.0273 AM
[ReportManager] Attempting to run remotely on: [Linux-64], [GoogleChrome], [http://localhost:4444/wd/hub], Headless Execution. @15-09-2021 10:27:40.0273 AM
[ReportManager] Successfully Opened [GoogleChrome]. @15-09-2021 10:27:40.0451 A

################################################################################################################################################
Starting Execution:	[65 out of 143] test cases in the current suite
Test Method:		[unitTests.tests_element_elementActions.waitForElementToBePresent_false_expectedToPass]
################################################################################################################################################
[ReportManager] Target URL: [https://www.google.com/ncr], and after redirection: [www.google.com] @15-09-2021 10:27:40.0464 AM
[ReportManager] Initial URL: [data:,] @15-09-2021 10:27:40.0499 AM
[ReportManager] Browser Action [NavigateToURL] successfully performed. With the following test data [https://www.google.com/ncr]. @15-09-2021 10:27:41.0297 AM
[ReportManager] Waiting for element to be present; elementLocator [By.id: bla], numberOfTries[1], stateOfPresence[false]... @15-09-2021 10:27:41.0297 AM
[ReportManager] Element Action [WaitForElementToBePresent] successfully performed. With the following test data [waited for the element's state of presence to be (false). Element locator (By.id: bla)]. @15-09-2021 10:27:46.0415 A
[ReportManager] Browser Action [CloseCurrentWindow] successfully performed. @15-09-2021 10:27:46.0537 AM
[ReportManager] Successfully created attachment [Browser Action Test Data - CloseCurrentWindow - Actual Value] @15-09-2021 10:27:46.0537 A
[ReportManager] File Action [GetAbsolutePath] successfully performed. With the following test data [Relative Folder Path: "target/downloadedFiles/"]. @15-09-2021 10:27:46.0539 AM
[ReportManager] Attempting to run remotely on: [Linux-64], [GoogleChrome], [http://localhost:4444/wd/hub], Headless Execution. @15-09-2021 10:27:46.0540 AM
[ReportManager] Successfully Opened [GoogleChrome]. @15-09-2021 10:27:46.0744 A

################################################################################################################################################
Starting Execution:	[66 out of 143] test cases in the current suite
Test Method:		[unitTests.tests_element_elementActions.waitForElementToBePresent_moreThanOneElement_expectedToFail]
################################################################################################################################################
[ReportManager] Target URL: [https://www.google.com/ncr], and after redirection: [www.google.com] @15-09-2021 10:27:46.0759 AM
[ReportManager] Initial URL: [data:,] @15-09-2021 10:27:46.0797 AM
[ReportManager] Browser Action [NavigateToURL] successfully performed. With the following test data [https://www.google.com/ncr]. @15-09-2021 10:27:47.0619 AM
[ReportManager] Waiting for element to be present; elementLocator [By.xpath: //*], numberOfTries[1], stateOfPresence[false]... @15-09-2021 10:27:47.0619 AM
[ReportManager] Element Action [WaitForElementToBePresent] failed. With the following test data [waited for the element's state of presence to be (false). Element locator (By.xpath: //*)]. @15-09-2021 10:27:47.0834 AM
[ReportManager] Successfully created attachment [Screenshot - 1631701667779_waitForElementToBePresent_moreThanOneElement_expectedToFail_WaitForElementToBePresent_failed] @15-09-2021 10:27:47.0835 A
[ReportManager] Browser Action [CloseCurrentWindow] successfully performed. @15-09-2021 10:27:47.0951 AM
[ReportManager] Successfully created attachment [Browser Action Test Data - CloseCurrentWindow - Actual Value] @15-09-2021 10:27:47.0951 A
[ReportManager] File Action [GetAbsolutePath] successfully performed. With the following test data [Relative Folder Path: "target/downloadedFiles/"]. @15-09-2021 10:27:47.0953 AM
[ReportManager] Attempting to run remotely on: [Linux-64], [GoogleChrome], [http://localhost:4444/wd/hub], Headless Execution. @15-09-2021 10:27:47.0954 AM
[ReportManager] Successfully Opened [GoogleChrome]. @15-09-2021 10:27:48.0152 A

################################################################################################################################################
Starting Execution:	[67 out of 143] test cases in the current suite
Test Method:		[unitTests.tests_element_elementActions.waitForElementToBePresent_true_expectedToFail]
################################################################################################################################################
[ReportManager] Target URL: [https://www.google.com/ncr], and after redirection: [www.google.com] @15-09-2021 10:27:48.0164 AM
[ReportManager] Initial URL: [data:,] @15-09-2021 10:27:48.0212 AM
[ReportManager] Browser Action [NavigateToURL] successfully performed. With the following test data [https://www.google.com/ncr]. @15-09-2021 10:27:49.0029 AM
[ReportManager] Waiting for element to be present; elementLocator [By.id: bla], numberOfTries[1], stateOfPresence[true]... @15-09-2021 10:27:49.0029 AM
[ReportManager] Element Action [WaitForElementToBePresent] failed. With the following test data [waited for the element's state of presence to be (true). Element locator (By.id: bla)]. @15-09-2021 10:27:54.0312 AM
[ReportManager] Successfully created attachment [Screenshot - 1631701674254_waitForElementToBePresent_true_expectedToFail_WaitForElementToBePresent_failed] @15-09-2021 10:27:54.0313 A
[ReportManager] Browser Action [CloseCurrentWindow] successfully performed. @15-09-2021 10:27:54.0439 AM
[ReportManager] Successfully created attachment [Browser Action Test Data - CloseCurrentWindow - Actual Value] @15-09-2021 10:27:54.0442 A
[ReportManager] File Action [GetAbsolutePath] successfully performed. With the following test data [Relative Folder Path: "target/downloadedFiles/"]. @15-09-2021 10:27:54.0444 AM
[ReportManager] Attempting to run remotely on: [Linux-64], [GoogleChrome], [http://localhost:4444/wd/hub], Headless Execution. @15-09-2021 10:27:54.0444 AM
[ReportManager] Successfully Opened [GoogleChrome]. @15-09-2021 10:27:54.0674 A

################################################################################################################################################
Starting Execution:	[68 out of 143] test cases in the current suite
Test Method:		[unitTests.tests_element_elementActions.waitForElementToBePresent_true_expectedToPass]
################################################################################################################################################
[ReportManager] Target URL: [https://www.google.com/ncr], and after redirection: [www.google.com] @15-09-2021 10:27:54.0686 AM
[ReportManager] Initial URL: [data:,] @15-09-2021 10:27:54.0730 AM
[ReportManager] Browser Action [NavigateToURL] successfully performed. With the following test data [https://www.google.com/ncr]. @15-09-2021 10:27:55.0616 AM
[ReportManager] Waiting for element to be present; elementLocator [By.xpath: //*[@id='hplogo' or @alt='Google']], numberOfTries[1], stateOfPresence[true]... @15-09-2021 10:27:55.0616 AM
[ReportManager] Element Action [WaitForElementToBePresent] successfully performed. With the following test data [waited for the element's state of presence to be (true). Element locator (By.xpath: //*[@id='hplogo' or @alt='Google'])]. @15-09-2021 10:27:55.0671 AM
[ReportManager] File Action [DoesFileExist] successfully performed. With the following test data [File Path: "src/test/resources/DynamicObjectRepository/unitTests_tests_element_elementActions_waitForElementToBePresent_true_expectedToPass_By_xpath_id_hplogo_or_alt_Google.png"]. @15-09-2021 10:27:55.0674 AM
[ReportManager] File Action [DoesFileExist] successfully performed. With the following test data [File Path: "src/test/resources/DynamicObjectRepository/unitTests_tests_element_elementActions_waitForElementToBePresent_true_expectedToPass_By_xpath_id_hplogo_or_alt_Google.png"]. @15-09-2021 10:27:55.0891 AM
[ReportManager] Passing the test and saving a reference image @15-09-2021 10:27:55.0891 AM
[ReportManager] File Action [GetAbsolutePath] successfully performed. With the following test data [Relative File Path: "src/test/resources/DynamicObjectRepository/unitTests_tests_element_elementActions_waitForElementToBePresent_true_expectedToPass_By_xpath_id_hplogo_or_alt_Google.png"]. @15-09-2021 10:27:55.0892 AM
[ReportManager] File Action [WriteToFile] successfully performed. With the following test data [Target File Path: "/home/runner/work/SHAFT_ENGINE/SHAFT_ENGINE/src/test/resources/DynamicObjectRepository/unitTests_tests_element_elementActions_waitForElementToBePresent_true_expectedToPass_By_xpath_id_hplogo_or_alt_Google.png"]. @15-09-2021 10:27:55.0895 AM
[ReportManager] Assertion Passed: Using Visual AI; OpenCV @15-09-2021 10:27:55.0895 AM
[ReportManager] Successfully created attachment [Validation Test Data - Actual Screenshot] @15-09-2021 10:27:55.0895 AM
[ReportManager] Assertion [ValidateElementMatches] PASSED. Expected [Element should match the reference screenshot] and Actual [TRUE]. Comparison Type [EXACT_OPENCV]. Validation Type [POSITIVE]. @15-09-2021 10:27:55.0895 A
[ReportManager] Browser Action [CloseCurrentWindow] successfully performed. @15-09-2021 10:27:56.0020 AM
[ReportManager] Successfully created attachment [Browser Action Test Data - CloseCurrentWindow - Actual Value] @15-09-2021 10:27:56.0020 A
[ReportManager] File Action [GetAbsolutePath] successfully performed. With the following test data [Relative Folder Path: "target/downloadedFiles/"]. @15-09-2021 10:27:56.0025 AM
[ReportManager] Attempting to run remotely on: [Linux-64], [GoogleChrome], [http://localhost:4444/wd/hub], Headless Execution. @15-09-2021 10:27:56.0026 AM
[ReportManager] Successfully Opened [GoogleChrome]. @15-09-2021 10:27:56.0219 A

################################################################################################################################################
Starting Execution:	[69 out of 143] test cases in the current suite
Test Method:		[testPackage01.Test_assertEquals.test_assertElementAttribute]
################################################################################################################################################
[ReportManager] Target URL: [https://www.google.com/ncr], and after redirection: [https://www.google.com] @15-09-2021 10:27:56.0238 AM
[ReportManager] Initial URL: [data:,] @15-09-2021 10:27:56.0278 AM
[ReportManager] Browser Action [NavigateToURL] successfully performed. With the following test data [https://www.google.com/ncr]. @15-09-2021 10:27:57.0126 AM
[ReportManager] Element Action [Type] successfully performed. With the following test data [INC_004010050:Another SCHEDULER with the same name [Duplicate Job Name] already exists.]. @15-09-2021 10:27:57.0886 AM
[ReportManager] Element Action [GetText] successfully performed. With the following test data [INC_004010050:Another SCHEDULER with the same name [Duplicate Job Name] already exists.]. @15-09-2021 10:27:58.0029 AM
[ReportManager] Loaded Shared OpenCV @15-09-2021 10:27:58.0238 AM
[ReportManager] Assertion [ValidateElementAttribute] PASSED. Expected [Value Should be 'INC_004010050:Another SCHEDULER with the same name \[Duplicate Job Name\] already exists.' for the 'text' attribute, element locator 'By.name: q'] and Actual [INC_004010050:Another SCHEDULER with the same name [Duplicate Job Name] already exists.]. Comparison Type [MATCHES]. Validation Type [POSITIVE]. @15-09-2021 10:27:58.0322 AM
[ReportManager] Successfully created attachment [Screenshot - 1631701678238_test_assertElementAttribute_ValidateElementAttribute_passed] @15-09-2021 10:27:58.0323 A
[ReportManager] Browser Action [CloseCurrentWindow] successfully performed. @15-09-2021 10:27:58.0460 AM
[ReportManager] Successfully created attachment [Browser Action Test Data - CloseCurrentWindow - Actual Value] @15-09-2021 10:27:58.0461 A

################################################################################################################################################
Starting Execution:	[70 out of 143] test cases in the current suite
Test Method:		[testPackage01.Test_SelectedValue.multipleSelect]
################################################################################################################################################
[ReportManager] File Action [GetAbsolutePath] successfully performed. With the following test data [Relative Folder Path: "target/downloadedFiles/"]. @15-09-2021 10:27:58.0465 AM
[ReportManager] Attempting to run remotely on: [Linux-64], [GoogleChrome], [http://localhost:4444/wd/hub], Headless Execution. @15-09-2021 10:27:58.0465 AM
[ReportManager] Successfully Opened [GoogleChrome]. @15-09-2021 10:27:58.0663 AM
[ReportManager] Target URL: [https://yari-demos.prod.mdn.mozit.cloud/en-US/docs/Web/HTML/Element/select/_sample_.Advanced_select_with_multiple_features.html] @15-09-2021 10:27:58.0680 AM
[ReportManager] Initial URL: [data:,] @15-09-2021 10:27:58.0719 AM
[ReportManager] Browser Action [NavigateToURL] successfully performed. With the following test data [https://yari-demos.prod.mdn.mozit.cloud/en-US/docs/Web/HTML/Element/select/_sample_.Advanced_select_with_multiple_features.html]. @15-09-2021 10:27:59.0222 AM
[ReportManager] Element Action [Select] successfully performed. With the following test data [Dog]. @15-09-2021 10:27:59.0452 AM
[ReportManager] Element Action [Select] successfully performed. With the following test data [Cat]. @15-09-2021 10:27:59.0680 AM
[ReportManager] Element Action [GetSelectedText] successfully performed. With the following test data [DogCat]. @15-09-2021 10:27:59.0841 AM
[ReportManager] DogCat @15-09-2021 10:27:59.0841 AM
[ReportManager] Element Action [GetSelectedText] successfully performed. With the following test data [DogCat]. @15-09-2021 10:27:59.0951 AM
[ReportManager] Loaded Shared OpenCV @15-09-2021 10:28:00.0075 AM
[ReportManager] Assertion [ValidateElementAttribute] PASSED. Expected [Value Should be 'DogCat' for the 'selectedText' attribute, element locator 'By.tagName: select'] and Actual [DogCat]. Comparison Type [EQUALS]. Validation Type [POSITIVE]. @15-09-2021 10:28:00.0138 AM
[ReportManager] Successfully created attachment [Screenshot - 1631701680075_multipleSelect_ValidateElementAttribute_passed] @15-09-2021 10:28:00.0139 AM
[ReportManager] Browser Action [CloseCurrentWindow] successfully performed. @15-09-2021 10:28:00.0227 AM
[ReportManager] Successfully created attachment [Browser Action Test Data - CloseCurrentWindow - Actual Value] @15-09-2021 10:28:00.0228 A

################################################################################################################################################
Starting Execution:	[71 out of 143] test cases in the current suite
Test Method:		[testPackage01.Test_SelectedValue.simpleSelect]
################################################################################################################################################
[ReportManager] File Action [GetAbsolutePath] successfully performed. With the following test data [Relative Folder Path: "target/downloadedFiles/"]. @15-09-2021 10:28:00.0233 AM
[ReportManager] Attempting to run remotely on: [Linux-64], [GoogleChrome], [http://localhost:4444/wd/hub], Headless Execution. @15-09-2021 10:28:00.0233 AM
[ReportManager] Successfully Opened [GoogleChrome]. @15-09-2021 10:28:00.0416 AM
[ReportManager] Target URL: [https://yari-demos.prod.mdn.mozit.cloud/en-US/docs/Web/HTML/Element/select/_sample_.Basic_select.html] @15-09-2021 10:28:00.0427 AM
[ReportManager] Initial URL: [data:,] @15-09-2021 10:28:00.0466 AM
[ReportManager] Browser Action [NavigateToURL] successfully performed. With the following test data [https://yari-demos.prod.mdn.mozit.cloud/en-US/docs/Web/HTML/Element/select/_sample_.Basic_select.html]. @15-09-2021 10:28:00.0722 AM
[ReportManager] Element Action [Select] successfully performed. With the following test data [Third Value]. @15-09-2021 10:28:00.0974 AM
[ReportManager] Element Action [GetSelectedText] successfully performed. With the following test data [Third Value]. @15-09-2021 10:28:01.0092 AM
[ReportManager] Third Value @15-09-2021 10:28:01.0092 AM
[ReportManager] Element Action [GetSelectedText] successfully performed. With the following test data [Third Value]. @15-09-2021 10:28:01.0184 AM
[ReportManager] Loaded Shared OpenCV @15-09-2021 10:28:01.0291 AM
[ReportManager] Assertion [ValidateElementAttribute] PASSED. Expected [Value Should be 'Third Value' for the 'selectedText' attribute, element locator 'By.tagName: select'] and Actual [Third Value]. Comparison Type [EQUALS]. Validation Type [POSITIVE]. @15-09-2021 10:28:01.0351 AM
[ReportManager] Successfully created attachment [Screenshot - 1631701681291_simpleSelect_ValidateElementAttribute_passed] @15-09-2021 10:28:01.0352 AM
[ReportManager] Browser Action [CloseCurrentWindow] successfully performed. @15-09-2021 10:28:01.0431 AM
[ReportManager] Successfully created attachment [Browser Action Test Data - CloseCurrentWindow - Actual Value] @15-09-2021 10:28:01.0432 A

################################################################################################################################################
Starting Execution:	[72 out of 143] test cases in the current suite
Test Method:		[testPackage01.Test_SkipDueToIssue.doNotSkip]
################################################################################################################################################
[ReportManager] This should not be skipped. @15-09-2021 10:28:01.0443 A

################################################################################################################################################
Starting Execution:	[73 out of 143] test cases in the current suite
Test Method:		[testPackage01.Test_SkipDueToIssue.skip]
################################################################################################################################################
[ReportManager] This should be skipped. @15-09-2021 10:28:01.0448 A

################################################################################################################################################
Starting Execution:	[74 out of 143] test cases in the current suite
Test Method:		[testPackage01.Test_SkipDueToIssue.skip2]
################################################################################################################################################
[ReportManager] This should be skipped. @15-09-2021 10:28:01.0452 A
[ReportManager] File Action [GetAbsolutePath] successfully performed. With the following test data [Relative Folder Path: "target/downloadedFiles/"]. @15-09-2021 10:28:01.0454 AM
[ReportManager] Attempting to run remotely on: [Linux-64], [GoogleChrome], [http://localhost:4444/wd/hub], Headless Execution. @15-09-2021 10:28:01.0455 AM
[ReportManager] Successfully Opened [GoogleChrome]. @15-09-2021 10:28:01.0648 A

################################################################################################################################################
Starting Execution:	[75 out of 143] test cases in the current suite
Test Method:		[testPackage01.Test_IsElementClickable.testIsElementClickable]
################################################################################################################################################
[ReportManager] Target URL: [https://the-internet.herokuapp.com/] @15-09-2021 10:28:01.0663 AM
[ReportManager] Initial URL: [data:,] @15-09-2021 10:28:01.0705 AM
[ReportManager] Browser Action [NavigateToURL] successfully performed. With the following test data [https://the-internet.herokuapp.com/]. @15-09-2021 10:28:02.0881 AM
[ReportManager] Element Action [IsElementClickable] successfully performed. @15-09-2021 10:28:03.0027 AM
[ReportManager] Assertion [ValidateTrue] PASSED. Expected [TRUE] and Actual [TRUE]. Validation Type [POSITIVE]. @15-09-2021 10:28:03.0027 A
[ReportManager] Browser Action [CloseCurrentWindow] successfully performed. @15-09-2021 10:28:03.0123 AM
[ReportManager] Successfully created attachment [Browser Action Test Data - CloseCurrentWindow - Actual Value] @15-09-2021 10:28:03.0124 A
[ReportManager] File Action [GetAbsolutePath] successfully performed. With the following test data [Relative Folder Path: "target/downloadedFiles/"]. @15-09-2021 10:28:03.0127 AM
[ReportManager] Attempting to run remotely on: [Linux-64], [GoogleChrome], [http://localhost:4444/wd/hub], Headless Execution. @15-09-2021 10:28:03.0130 AM
[ReportManager] Successfully Opened [GoogleChrome]. @15-09-2021 10:28:03.0325 A

################################################################################################################################################
Starting Execution:	[76 out of 143] test cases in the current suite
Test Method:		[testPackage01.Test_ShadowDOM.shadowdom]
################################################################################################################################################
[ReportManager] Target URL: [https://mdn.github.io/web-components-examples/popup-info-box-web-component/] @15-09-2021 10:28:03.0341 AM
[ReportManager] Initial URL: [data:,] @15-09-2021 10:28:03.0374 AM
[ReportManager] Browser Action [NavigateToURL] successfully performed. With the following test data [https://mdn.github.io/web-components-examples/popup-info-box-web-component/]. @15-09-2021 10:28:03.0802 AM
[ReportManager] Element Action [Type] successfully performed. With the following test data [Typing into SHADOW DOM...]. @15-09-2021 10:28:04.0064 AM
[ReportManager] Element Action [GetText] successfully performed. With the following test data [Typing into SHADOW DOM...]. @15-09-2021 10:28:04.0152 AM
[ReportManager] Loaded Shared OpenCV @15-09-2021 10:28:04.0278 AM
[ReportManager] Assertion [ValidateElementAttribute] PASSED. Expected [Value Should be 'Typing into SHADOW DOM...' for the 'Text' attribute, element locator 'By.id: cvc'] and Actual [Typing into SHADOW DOM...]. Comparison Type [EQUALS]. Validation Type [POSITIVE]. @15-09-2021 10:28:04.0349 AM
[ReportManager] Successfully created attachment [Screenshot - 1631701684278_shadowdom_ValidateElementAttribute_passed] @15-09-2021 10:28:04.0350 A
[ReportManager] Browser Action [CloseCurrentWindow] successfully performed. @15-09-2021 10:28:04.0435 AM
[ReportManager] Successfully created attachment [Browser Action Test Data - CloseCurrentWindow - Actual Value] @15-09-2021 10:28:04.0436 A

################################################################################################################################################
Starting Execution:	[77 out of 143] test cases in the current suite
Test Method:		[testPackage01.Test_NewValidationHelper.f1]
################################################################################################################################################
[ReportManager] Assertion Passed: Checking valid user data @15-09-2021 10:28:04.0439 AM
[ReportManager] Successfully created attachment [Validation Test Data - Expected Value] @15-09-2021 10:28:04.0439 AM
[ReportManager] Successfully created attachment [Validation Test Data - Actual Value] @15-09-2021 10:28:04.0440 AM
[ReportManager] Assertion [ValidateEquals] PASSED. Expected and Actual values are attached. Comparison Type [EQUALS]. Validation Type [POSITIVE]. @15-09-2021 10:28:04.0440 A
[ReportManager] File Action [GetAbsolutePath] successfully performed. With the following test data [Relative Folder Path: "target/downloadedFiles/"]. @15-09-2021 10:28:04.0441 AM
[ReportManager] Attempting to run remotely on: [Linux-64], [GoogleChrome], [http://localhost:4444/wd/hub], Headless Execution. @15-09-2021 10:28:04.0441 AM
[ReportManager] Successfully Opened [GoogleChrome]. @15-09-2021 10:28:04.0623 AM
[ReportManager] Target URL: [https://the-internet.herokuapp.com/] @15-09-2021 10:28:04.0637 AM
[ReportManager] Initial URL: [data:,] @15-09-2021 10:28:04.0679 AM
[ReportManager] Browser Action [NavigateToURL] successfully performed. With the following test data [https://the-internet.herokuapp.com/]. @15-09-2021 10:28:05.0853 A

################################################################################################################################################
Starting Execution:	[78 out of 143] test cases in the current suite
Test Method:		[testPackage01.Test_NewValidationHelper.f10]
################################################################################################################################################
[ReportManager] Assertion [ValidateElementExists] FAILED. Expected [Element Should Exist, locator 'By.tagName: div'] and Actual [Element Exists but is not unique]. Comparison Type [EQUALS]. Validation Type [POSITIVE]. @15-09-2021 10:28:06.0082 AM
[ReportManager] Successfully created attachment [Screenshot - 1631701686023_f10_ValidateElementExists_failed] @15-09-2021 10:28:06.0082 A
[ReportManager] Successfully Closed All Drivers. @15-09-2021 10:28:06.0199 A
[ReportManager] File Action [GetAbsolutePath] successfully performed. With the following test data [Relative Folder Path: "target/downloadedFiles/"]. @15-09-2021 10:28:06.0206 AM
[ReportManager] Attempting to run remotely on: [Linux-64], [GoogleChrome], [http://localhost:4444/wd/hub], Headless Execution. @15-09-2021 10:28:06.0206 AM
[ReportManager] Successfully Opened [GoogleChrome]. @15-09-2021 10:28:06.0374 AM
[ReportManager] Target URL: [https://the-internet.herokuapp.com/] @15-09-2021 10:28:06.0387 AM
[ReportManager] Initial URL: [data:,] @15-09-2021 10:28:06.0434 AM
[ReportManager] Browser Action [NavigateToURL] successfully performed. With the following test data [https://the-internet.herokuapp.com/]. @15-09-2021 10:28:07.0608 A

################################################################################################################################################
Starting Execution:	[79 out of 143] test cases in the current suite
Test Method:		[testPackage01.Test_NewValidationHelper.f11]
################################################################################################################################################
[ReportManager] Assertion Passed: Checking that false tag doesn't exist @15-09-2021 10:28:17.0991 AM
[ReportManager] Successfully created attachment [Screenshot - 1631701697930_f11_ValidateElementExists_passed] @15-09-2021 10:28:17.0991 AM
[ReportManager] Assertion [ValidateElementExists] PASSED. Expected [Element Should not Exist, locator 'By.tagName: h3'] and Actual [Element Doesn't Exists]. Comparison Type [EQUALS]. Validation Type [NEGATIVE]. @15-09-2021 10:28:17.0992 A
[ReportManager] Successfully Closed All Drivers. @15-09-2021 10:28:18.0068 A
[ReportManager] File Action [GetAbsolutePath] successfully performed. With the following test data [Relative Folder Path: "target/downloadedFiles/"]. @15-09-2021 10:28:18.0070 AM
[ReportManager] Attempting to run remotely on: [Linux-64], [GoogleChrome], [http://localhost:4444/wd/hub], Headless Execution. @15-09-2021 10:28:18.0070 AM
[ReportManager] Successfully Opened [GoogleChrome]. @15-09-2021 10:28:18.0307 AM
[ReportManager] Target URL: [https://the-internet.herokuapp.com/] @15-09-2021 10:28:18.0317 AM
[ReportManager] Initial URL: [data:,] @15-09-2021 10:28:18.0372 AM
[ReportManager] Browser Action [NavigateToURL] successfully performed. With the following test data [https://the-internet.herokuapp.com/]. @15-09-2021 10:28:19.0562 A

################################################################################################################################################
Starting Execution:	[80 out of 143] test cases in the current suite
Test Method:		[testPackage01.Test_NewValidationHelper.f12]
################################################################################################################################################
[ReportManager] Loaded Shared OpenCV @15-09-2021 10:28:19.0763 AM
[ReportManager] Assertion [ValidateElementExists] FAILED. Expected [Element Should not Exist, locator 'By.tagName: h1'] and Actual [Element Exists]. Comparison Type [EQUALS]. Validation Type [NEGATIVE]. @15-09-2021 10:28:19.0841 AM
[ReportManager] Successfully created attachment [Screenshot - 1631701699762_f12_ValidateElementExists_failed] @15-09-2021 10:28:19.0842 A
[ReportManager] Successfully Closed All Drivers. @15-09-2021 10:28:19.0920 A
[ReportManager] File Action [GetAbsolutePath] successfully performed. With the following test data [Relative Folder Path: "target/downloadedFiles/"]. @15-09-2021 10:28:19.0923 AM
[ReportManager] Attempting to run remotely on: [Linux-64], [GoogleChrome], [http://localhost:4444/wd/hub], Headless Execution. @15-09-2021 10:28:19.0924 AM
[ReportManager] Successfully Opened [GoogleChrome]. @15-09-2021 10:28:20.0137 AM
[ReportManager] Target URL: [https://the-internet.herokuapp.com/] @15-09-2021 10:28:20.0148 AM
[ReportManager] Initial URL: [data:,] @15-09-2021 10:28:20.0195 AM
[ReportManager] Browser Action [NavigateToURL] successfully performed. With the following test data [https://the-internet.herokuapp.com/]. @15-09-2021 10:28:21.0340 A

################################################################################################################################################
Starting Execution:	[81 out of 143] test cases in the current suite
Test Method:		[testPackage01.Test_NewValidationHelper.f13]
################################################################################################################################################
[ReportManager] Assertion [ValidateElementExists] FAILED. Expected [Element Should not Exist, locator 'By.tagName: div'] and Actual [Element Exists but is not unique]. Comparison Type [EQUALS]. Validation Type [NEGATIVE]. @15-09-2021 10:28:21.0659 AM
[ReportManager] Successfully created attachment [Screenshot - 1631701701563_f13_ValidateElementExists_failed] @15-09-2021 10:28:21.0659 A
[ReportManager] Successfully Closed All Drivers. @15-09-2021 10:28:21.0731 A
[ReportManager] File Action [GetAbsolutePath] successfully performed. With the following test data [Relative Folder Path: "target/downloadedFiles/"]. @15-09-2021 10:28:21.0733 AM
[ReportManager] Attempting to run remotely on: [Linux-64], [GoogleChrome], [http://localhost:4444/wd/hub], Headless Execution. @15-09-2021 10:28:21.0734 AM
[ReportManager] Successfully Opened [GoogleChrome]. @15-09-2021 10:28:21.0925 AM
[ReportManager] Target URL: [https://the-internet.herokuapp.com/] @15-09-2021 10:28:21.0990 AM
[ReportManager] Initial URL: [data:,] @15-09-2021 10:28:22.0029 AM
[ReportManager] Browser Action [NavigateToURL] successfully performed. With the following test data [https://the-internet.herokuapp.com/]. @15-09-2021 10:28:23.0259 A

################################################################################################################################################
Starting Execution:	[82 out of 143] test cases in the current suite
Test Method:		[testPackage01.Test_NewValidationHelper.f14]
################################################################################################################################################
[ReportManager] Element Action [GetText] successfully performed. With the following test data [Welcome to the-internet]. @15-09-2021 10:28:23.0348 AM
[ReportManager] Loaded Shared OpenCV @15-09-2021 10:28:23.0499 AM
[ReportManager] Assertion Passed: Asserting that the header text is correct @15-09-2021 10:28:23.0578 AM
[ReportManager] Successfully created attachment [Screenshot - 1631701703499_f14_ValidateElementAttribute_passed] @15-09-2021 10:28:23.0579 AM
[ReportManager] Assertion [ValidateElementAttribute] PASSED. Expected [Value Should be 'Welcome to the-internet' for the 'text' attribute, element locator 'By.tagName: h1'] and Actual [Welcome to the-internet]. Comparison Type [EQUALS]. Validation Type [POSITIVE]. @15-09-2021 10:28:23.0579 A
[ReportManager] Successfully Closed All Drivers. @15-09-2021 10:28:23.0655 A
[ReportManager] File Action [GetAbsolutePath] successfully performed. With the following test data [Relative Folder Path: "target/downloadedFiles/"]. @15-09-2021 10:28:23.0658 AM
[ReportManager] Attempting to run remotely on: [Linux-64], [GoogleChrome], [http://localhost:4444/wd/hub], Headless Execution. @15-09-2021 10:28:23.0658 AM
[ReportManager] Successfully Opened [GoogleChrome]. @15-09-2021 10:28:23.0857 AM
[ReportManager] Target URL: [https://the-internet.herokuapp.com/] @15-09-2021 10:28:23.0867 AM
[ReportManager] Initial URL: [data:,] @15-09-2021 10:28:23.0904 AM
[ReportManager] Browser Action [NavigateToURL] successfully performed. With the following test data [https://the-internet.herokuapp.com/]. @15-09-2021 10:28:25.0050 A

################################################################################################################################################
Starting Execution:	[83 out of 143] test cases in the current suite
Test Method:		[testPackage01.Test_NewValidationHelper.f15]
################################################################################################################################################
[ReportManager] Element Action [GetText] successfully performed. With the following test data [Welcome to the-internet]. @15-09-2021 10:28:25.0125 AM
[ReportManager] Loaded Shared OpenCV @15-09-2021 10:28:25.0276 AM
[ReportManager] Assertion [ValidateElementAttribute] FAILED. Expected [Value Should not be 'Welcome' for the 'text' attribute, element locator 'By.tagName: h1'] and Actual [Welcome to the-internet]. Comparison Type [CONTAINS]. Validation Type [NEGATIVE]. @15-09-2021 10:28:25.0348 AM
[ReportManager] Successfully created attachment [Screenshot - 1631701705276_f15_ValidateElementAttribute_failed] @15-09-2021 10:28:25.0349 A
[ReportManager] Successfully Closed All Drivers. @15-09-2021 10:28:25.0466 A
[ReportManager] File Action [GetAbsolutePath] successfully performed. With the following test data [Relative Folder Path: "target/downloadedFiles/"]. @15-09-2021 10:28:25.0469 AM
[ReportManager] Attempting to run remotely on: [Linux-64], [GoogleChrome], [http://localhost:4444/wd/hub], Headless Execution. @15-09-2021 10:28:25.0469 AM
[ReportManager] Successfully Opened [GoogleChrome]. @15-09-2021 10:28:25.0653 AM
[ReportManager] Target URL: [https://the-internet.herokuapp.com/] @15-09-2021 10:28:25.0668 AM
[ReportManager] Initial URL: [data:,] @15-09-2021 10:28:25.0723 AM
[ReportManager] Browser Action [NavigateToURL] successfully performed. With the following test data [https://the-internet.herokuapp.com/]. @15-09-2021 10:28:26.0887 A

################################################################################################################################################
Starting Execution:	[84 out of 143] test cases in the current suite
Test Method:		[testPackage01.Test_NewValidationHelper.f16]
################################################################################################################################################
[ReportManager] Element Action [IdentifyUniqueElement] failed. With the following test data [zero elements found matching this locator "By.tagName: h3".]. @15-09-2021 10:28:52.0405 AM
[ReportManager] Successfully created attachment [Screenshot - 1631701732353_f16_IdentifyUniqueElement_failed] @15-09-2021 10:28:52.0405 AM
[ReportManager] Assertion [ValidateElementAttribute] FAILED. Expected [Value Should not be 'Welcome' for the 'text' attribute, element locator 'By.tagName: h3'] and Actual [Failed to read the desired element attribute]. Comparison Type [CONTAINS]. Validation Type [NEGATIVE]. @15-09-2021 10:28:52.0406 A
[ReportManager] Successfully Closed All Drivers. @15-09-2021 10:28:52.0478 A
[ReportManager] File Action [GetAbsolutePath] successfully performed. With the following test data [Relative Folder Path: "target/downloadedFiles/"]. @15-09-2021 10:28:52.0481 AM
[ReportManager] Attempting to run remotely on: [Linux-64], [GoogleChrome], [http://localhost:4444/wd/hub], Headless Execution. @15-09-2021 10:28:52.0481 AM
[ReportManager] Successfully Opened [GoogleChrome]. @15-09-2021 10:28:52.0657 AM
[ReportManager] Target URL: [https://the-internet.herokuapp.com/] @15-09-2021 10:28:52.0671 AM
[ReportManager] Initial URL: [data:,] @15-09-2021 10:28:52.0706 AM
[ReportManager] Browser Action [NavigateToURL] successfully performed. With the following test data [https://the-internet.herokuapp.com/]. @15-09-2021 10:28:53.0839 A

################################################################################################################################################
Starting Execution:	[85 out of 143] test cases in the current suite
Test Method:		[testPackage01.Test_NewValidationHelper.f17]
################################################################################################################################################
[ReportManager] Attempting to getAttribute [text2] from elementLocator [By.tagName: h1]. @15-09-2021 10:28:53.0843 AM
[ReportManager] Element Action [GetAttribute] successfully performed. @15-09-2021 10:28:53.0920 AM
[ReportManager] Loaded Shared OpenCV @15-09-2021 10:28:54.0054 AM
[ReportManager] Assertion [ValidateElementAttribute] PASSED. Expected [Value Should not be 'Welcome' for the 'text2' attribute, element locator 'By.tagName: h1'] and Actual [null]. Comparison Type [CONTAINS]. Validation Type [NEGATIVE]. @15-09-2021 10:28:54.0125 AM
[ReportManager] Successfully created attachment [Screenshot - 1631701734054_f17_ValidateElementAttribute_passed] @15-09-2021 10:28:54.0126 A
[ReportManager] Successfully Closed All Drivers. @15-09-2021 10:28:54.0203 A
[ReportManager] File Action [GetAbsolutePath] successfully performed. With the following test data [Relative Folder Path: "target/downloadedFiles/"]. @15-09-2021 10:28:54.0205 AM
[ReportManager] Attempting to run remotely on: [Linux-64], [GoogleChrome], [http://localhost:4444/wd/hub], Headless Execution. @15-09-2021 10:28:54.0205 AM
[ReportManager] Successfully Opened [GoogleChrome]. @15-09-2021 10:28:54.0367 AM
[ReportManager] Target URL: [https://the-internet.herokuapp.com/] @15-09-2021 10:28:54.0377 AM
[ReportManager] Initial URL: [data:,] @15-09-2021 10:28:54.0431 AM
[ReportManager] Browser Action [NavigateToURL] successfully performed. With the following test data [https://the-internet.herokuapp.com/]. @15-09-2021 10:28:55.0536 A

################################################################################################################################################
Starting Execution:	[86 out of 143] test cases in the current suite
Test Method:		[testPackage01.Test_NewValidationHelper.f18]
################################################################################################################################################
[ReportManager] Element Action [GetText] successfully performed. With the following test data [Welcome to the-internet]. @15-09-2021 10:28:55.0615 AM
[ReportManager] Loaded Shared OpenCV @15-09-2021 10:28:55.0739 AM
[ReportManager] Assertion [ValidateElementAttribute] PASSED. Expected [Value Should not be 'no' for the 'text' attribute, element locator 'By.tagName: h1'] and Actual [Welcome to the-internet]. Comparison Type [CONTAINS]. Validation Type [NEGATIVE]. @15-09-2021 10:28:55.0802 AM
[ReportManager] Successfully created attachment [Screenshot - 1631701735739_f18_ValidateElementAttribute_passed] @15-09-2021 10:28:55.0803 A
[ReportManager] Successfully Closed All Drivers. @15-09-2021 10:28:55.0873 A
[ReportManager] File Action [GetAbsolutePath] successfully performed. With the following test data [Relative Folder Path: "target/downloadedFiles/"]. @15-09-2021 10:28:55.0875 AM
[ReportManager] Attempting to run remotely on: [Linux-64], [GoogleChrome], [http://localhost:4444/wd/hub], Headless Execution. @15-09-2021 10:28:55.0875 AM
[ReportManager] Successfully Opened [GoogleChrome]. @15-09-2021 10:28:56.0059 AM
[ReportManager] Target URL: [https://the-internet.herokuapp.com/] @15-09-2021 10:28:56.0069 AM
[ReportManager] Initial URL: [data:,] @15-09-2021 10:28:56.0104 AM
[ReportManager] Browser Action [NavigateToURL] successfully performed. With the following test data [https://the-internet.herokuapp.com/]. @15-09-2021 10:28:57.0248 A

################################################################################################################################################
Starting Execution:	[87 out of 143] test cases in the current suite
Test Method:		[testPackage01.Test_NewValidationHelper.f19]
################################################################################################################################################
[ReportManager] Element Action [GetTagName] successfully performed. With the following test data [h1]. @15-09-2021 10:28:57.0311 AM
[ReportManager] Loaded Shared OpenCV @15-09-2021 10:28:57.0438 AM
[ReportManager] Assertion [ValidateElementAttribute] PASSED. Expected [Value Should be 'h' for the 'tagname' attribute, element locator 'By.tagName: h1'] and Actual [h1]. Comparison Type [CONTAINS]. Validation Type [POSITIVE]. @15-09-2021 10:28:57.0510 AM
[ReportManager] Successfully created attachment [Screenshot - 1631701737438_f19_ValidateElementAttribute_passed] @15-09-2021 10:28:57.0511 A
[ReportManager] Successfully Closed All Drivers. @15-09-2021 10:28:57.0584 A

################################################################################################################################################
Starting Execution:	[88 out of 143] test cases in the current suite
Test Method:		[testPackage01.Test_NewValidationHelper.f2]
################################################################################################################################################
[ReportManager] Assertion Failed: Checking valid user data @15-09-2021 10:28:57.0592 AM
[ReportManager] Assertion [ValidateEquals] FAILED. Expected [1] and Actual [2]. Comparison Type [EQUALS]. Validation Type [POSITIVE]. @15-09-2021 10:28:57.0592 A
[ReportManager] File Action [GetAbsolutePath] successfully performed. With the following test data [Relative Folder Path: "target/downloadedFiles/"]. @15-09-2021 10:28:57.0594 AM
[ReportManager] Attempting to run remotely on: [Linux-64], [GoogleChrome], [http://localhost:4444/wd/hub], Headless Execution. @15-09-2021 10:28:57.0594 AM
[ReportManager] Successfully Opened [GoogleChrome]. @15-09-2021 10:28:57.0837 AM
[ReportManager] Target URL: [https://the-internet.herokuapp.com/] @15-09-2021 10:28:57.0851 AM
[ReportManager] Initial URL: [data:,] @15-09-2021 10:28:57.0897 AM
[ReportManager] Browser Action [NavigateToURL] successfully performed. With the following test data [https://the-internet.herokuapp.com/]. @15-09-2021 10:28:59.0019 A

################################################################################################################################################
Starting Execution:	[89 out of 143] test cases in the current suite
Test Method:		[testPackage01.Test_NewValidationHelper.f20]
################################################################################################################################################
[ReportManager] Element Action [GetSize] successfully performed. With the following test data [(755, 61)]. @15-09-2021 10:28:59.0136 AM
[ReportManager] Loaded Shared OpenCV @15-09-2021 10:28:59.0273 AM
[ReportManager] Assertion [ValidateElementAttribute] PASSED. Expected [Value Should not be 'a' for the 'size' attribute, element locator 'By.tagName: h1'] and Actual [(755, 61)]. Comparison Type [CONTAINS]. Validation Type [NEGATIVE]. @15-09-2021 10:28:59.0341 AM
[ReportManager] Successfully created attachment [Screenshot - 1631701739273_f20_ValidateElementAttribute_passed] @15-09-2021 10:28:59.0342 A
[ReportManager] Successfully Closed All Drivers. @15-09-2021 10:28:59.0415 A
[ReportManager] File Action [GetAbsolutePath] successfully performed. With the following test data [Relative Folder Path: "target/downloadedFiles/"]. @15-09-2021 10:28:59.0418 AM
[ReportManager] Attempting to run remotely on: [Linux-64], [GoogleChrome], [http://localhost:4444/wd/hub], Headless Execution. @15-09-2021 10:28:59.0418 AM
[ReportManager] Successfully Opened [GoogleChrome]. @15-09-2021 10:28:59.0588 AM
[ReportManager] Target URL: [https://the-internet.herokuapp.com/] @15-09-2021 10:28:59.0597 AM
[ReportManager] Initial URL: [data:,] @15-09-2021 10:28:59.0632 AM
[ReportManager] Browser Action [NavigateToURL] successfully performed. With the following test data [https://the-internet.herokuapp.com/]. @15-09-2021 10:29:00.0760 A

################################################################################################################################################
Starting Execution:	[90 out of 143] test cases in the current suite
Test Method:		[testPackage01.Test_NewValidationHelper.f21]
################################################################################################################################################
[ReportManager] Element Action [IdentifyUniqueElement] failed. With the following test data [zero elements found matching this locator "By.tagName: h3".]. @15-09-2021 10:29:26.0265 AM
[ReportManager] Successfully created attachment [Screenshot - 1631701766207_f21_IdentifyUniqueElement_failed] @15-09-2021 10:29:26.0266 AM
[ReportManager] Assertion [ValidateElementAttribute] FAILED. Expected [Value Should be 'Welcome' for the 'text' attribute, element locator 'By.tagName: h3'] and Actual [Failed to read the desired element attribute]. Comparison Type [CONTAINS]. Validation Type [POSITIVE]. @15-09-2021 10:29:26.0266 A
[ReportManager] Successfully Closed All Drivers. @15-09-2021 10:29:26.0340 A
[ReportManager] File Action [GetAbsolutePath] successfully performed. With the following test data [Relative Folder Path: "target/downloadedFiles/"]. @15-09-2021 10:29:26.0345 AM
[ReportManager] Attempting to run remotely on: [Linux-64], [GoogleChrome], [http://localhost:4444/wd/hub], Headless Execution. @15-09-2021 10:29:26.0345 AM
[ReportManager] Successfully Opened [GoogleChrome]. @15-09-2021 10:29:26.0527 AM
[ReportManager] Target URL: [https://the-internet.herokuapp.com/] @15-09-2021 10:29:26.0552 AM
[ReportManager] Initial URL: [data:,] @15-09-2021 10:29:26.0586 AM
[ReportManager] Browser Action [NavigateToURL] successfully performed. With the following test data [https://the-internet.herokuapp.com/]. @15-09-2021 10:29:27.0788 A

################################################################################################################################################
Starting Execution:	[91 out of 143] test cases in the current suite
Test Method:		[testPackage01.Test_NewValidationHelper.f22]
################################################################################################################################################
[ReportManager] Element Action [GetText] successfully performed. With the following test data [Welcome to the-internet]. @15-09-2021 10:29:27.0863 AM
[ReportManager] Loaded Shared OpenCV @15-09-2021 10:29:28.0001 AM
[ReportManager] Assertion [ValidateElementAttribute] FAILED. Expected [Value Should be 'yyy' for the 'text' attribute, element locator 'By.tagName: h1'] and Actual [Welcome to the-internet]. Comparison Type [CONTAINS]. Validation Type [POSITIVE]. @15-09-2021 10:29:28.0075 AM
[ReportManager] Successfully created attachment [Screenshot - 1631701768000_f22_ValidateElementAttribute_failed] @15-09-2021 10:29:28.0076 A
[ReportManager] Successfully Closed All Drivers. @15-09-2021 10:29:28.0153 A

################################################################################################################################################
Starting Execution:	[92 out of 143] test cases in the current suite
Test Method:		[testPackage01.Test_NewValidationHelper.f23]
################################################################################################################################################
[ReportManager] Assertion Passed: confirming that the actual is greater than or equal to the expected @15-09-2021 10:29:28.0156 AM
[ReportManager] Assertion [ValidateComparativeRelation] PASSED. Expected [1] and Actual [1]. Comparison Type [GREATER_THAN_OR_EQUALS]. Validation Type [POSITIVE]. @15-09-2021 10:29:28.0156 A

################################################################################################################################################
Starting Execution:	[93 out of 143] test cases in the current suite
Test Method:		[testPackage01.Test_NewValidationHelper.f24]
################################################################################################################################################
[ReportManager] Assertion [ValidateComparativeRelation] PASSED. Expected [1] and Actual [10]. Comparison Type [GREATER_THAN_OR_EQUALS]. Validation Type [POSITIVE]. @15-09-2021 10:29:28.0162 A

################################################################################################################################################
Starting Execution:	[94 out of 143] test cases in the current suite
Test Method:		[testPackage01.Test_NewValidationHelper.f25]
################################################################################################################################################
[ReportManager] Assertion [ValidateComparativeRelation] PASSED. Expected [1] and Actual [1]. Comparison Type [EQUALS]. Validation Type [POSITIVE]. @15-09-2021 10:29:28.0165 A

################################################################################################################################################
Starting Execution:	[95 out of 143] test cases in the current suite
Test Method:		[testPackage01.Test_NewValidationHelper.f26]
################################################################################################################################################
[ReportManager] Assertion [ValidateComparativeRelation] PASSED. Expected [1] and Actual [5]. Comparison Type [GREATER_THAN]. Validation Type [POSITIVE]. @15-09-2021 10:29:28.0167 A

################################################################################################################################################
Starting Execution:	[96 out of 143] test cases in the current suite
Test Method:		[testPackage01.Test_NewValidationHelper.f27]
################################################################################################################################################
[ReportManager] Assertion [ValidateComparativeRelation] PASSED. Expected [11] and Actual [5]. Comparison Type [LESS_THAN]. Validation Type [POSITIVE]. @15-09-2021 10:29:28.0170 A

################################################################################################################################################
Starting Execution:	[97 out of 143] test cases in the current suite
Test Method:		[testPackage01.Test_NewValidationHelper.f28]
################################################################################################################################################
[ReportManager] Assertion [ValidateComparativeRelation] PASSED. Expected [11] and Actual [5]. Comparison Type [LESS_THAN_OR_EQUALS]. Validation Type [POSITIVE]. @15-09-2021 10:29:28.0172 A

################################################################################################################################################
Starting Execution:	[98 out of 143] test cases in the current suite
Test Method:		[testPackage01.Test_NewValidationHelper.f29]
################################################################################################################################################
[ReportManager] Assertion [ValidateComparativeRelation] PASSED. Expected [11] and Actual [11]. Comparison Type [LESS_THAN_OR_EQUALS]. Validation Type [POSITIVE]. @15-09-2021 10:29:28.0174 A

################################################################################################################################################
Starting Execution:	[99 out of 143] test cases in the current suite
Test Method:		[testPackage01.Test_NewValidationHelper.f3]
################################################################################################################################################
[ReportManager] Assertion [ValidateEquals] PASSED. Expected [1] and Actual [2]. Comparison Type [EQUALS]. Validation Type [NEGATIVE]. @15-09-2021 10:29:28.0177 A

################################################################################################################################################
Starting Execution:	[100 out of 143] test cases in the current suite
Test Method:		[testPackage01.Test_NewValidationHelper.f30]
################################################################################################################################################
[ReportManager] Assertion [ValidateComparativeRelation] FAILED. Expected [-9] and Actual [11]. Comparison Type [LESS_THAN_OR_EQUALS]. Validation Type [POSITIVE]. @15-09-2021 10:29:28.0179 A

################################################################################################################################################
Starting Execution:	[101 out of 143] test cases in the current suite
Test Method:		[testPackage01.Test_NewValidationHelper.f31]
################################################################################################################################################
[ReportManager] Assertion [ValidateTrue] PASSED. Expected [TRUE] and Actual [TRUE]. Validation Type [POSITIVE]. @15-09-2021 10:29:28.0181 A

################################################################################################################################################
Starting Execution:	[102 out of 143] test cases in the current suite
Test Method:		[testPackage01.Test_NewValidationHelper.f32]
################################################################################################################################################
[ReportManager] Assertion [ValidateTrue] PASSED. Expected [FALSE] and Actual [FALSE]. Validation Type [NEGATIVE]. @15-09-2021 10:29:28.0183 A

################################################################################################################################################
Starting Execution:	[103 out of 143] test cases in the current suite
Test Method:		[testPackage01.Test_NewValidationHelper.f33]
################################################################################################################################################
[ReportManager] Assertion [ValidateTrue] FAILED. Expected [FALSE] and Actual [TRUE]. Validation Type [NEGATIVE]. @15-09-2021 10:29:28.0185 A

################################################################################################################################################
Starting Execution:	[104 out of 143] test cases in the current suite
Test Method:		[testPackage01.Test_NewValidationHelper.f34]
################################################################################################################################################
[ReportManager] Assertion [ValidateTrue] FAILED. Expected [TRUE] and Actual [FALSE]. Validation Type [POSITIVE]. @15-09-2021 10:29:28.0190 A

################################################################################################################################################
Starting Execution:	[105 out of 143] test cases in the current suite
Test Method:		[testPackage01.Test_NewValidationHelper.f35]
################################################################################################################################################
[ReportManager] File Action [DoesFileExist] successfully performed. With the following test data [File Path: "pom.xml"]. @15-09-2021 10:29:28.0192 AM
[ReportManager] Assertion [ValidateFileExists] PASSED. Expected [File 'pom.xml' should exist, after up to '1' retries] and Actual [File exists]. Validation Type [POSITIVE]. @15-09-2021 10:29:28.0192 A

################################################################################################################################################
Starting Execution:	[106 out of 143] test cases in the current suite
Test Method:		[testPackage01.Test_NewValidationHelper.f36]
################################################################################################################################################
[ReportManager] File Action [DoesFileExist] successfully performed. With the following test data [File Path: "src/test/java/testPackage01/Test_NewValidationHelper.java"]. @15-09-2021 10:29:28.0194 AM
[ReportManager] Assertion [ValidateFileExists] PASSED. Expected [File 'src/test/java/testPackage01/Test_NewValidationHelper.java' should exist, after up to '1' retries] and Actual [File exists]. Validation Type [POSITIVE]. @15-09-2021 10:29:28.0194 A

################################################################################################################################################
Starting Execution:	[107 out of 143] test cases in the current suite
Test Method:		[testPackage01.Test_NewValidationHelper.f37]
################################################################################################################################################
[ReportManager] File Action [DoesFileExist] successfully performed. With the following test data [File Path: "pom.xml"]. @15-09-2021 10:29:28.0196 AM
[ReportManager] Assertion Failed: confirming that the file does't exist after 5 retries @15-09-2021 10:29:28.0196 AM
[ReportManager] Assertion [ValidateFileExists] FAILED. Expected [File 'pom.xml' should not exist, after up to '5' retries] and Actual [File exists]. Validation Type [NEGATIVE]. @15-09-2021 10:29:28.0196 A

################################################################################################################################################
Starting Execution:	[108 out of 143] test cases in the current suite
Test Method:		[testPackage01.Test_NewValidationHelper.f3_1]
################################################################################################################################################
[ReportManager] Assertion Passed: Checking valid user data @15-09-2021 10:29:28.0199 AM
[ReportManager] Assertion [ValidateEquals] PASSED. Expected [null] and Actual [null]. Comparison Type [EQUALS]. Validation Type [POSITIVE]. @15-09-2021 10:29:28.0199 A

################################################################################################################################################
Starting Execution:	[109 out of 143] test cases in the current suite
Test Method:		[testPackage01.Test_NewValidationHelper.f4]
################################################################################################################################################
[ReportManager] Assertion [ValidateEquals] PASSED. Expected [1] and Actual [123]. Comparison Type [CONTAINS]. Validation Type [POSITIVE]. @15-09-2021 10:29:28.0203 A

################################################################################################################################################
Starting Execution:	[110 out of 143] test cases in the current suite
Test Method:		[testPackage01.Test_NewValidationHelper.f5]
################################################################################################################################################
[ReportManager] Assertion [ValidateNull] PASSED. Expected [NULL] and Actual [1]. Comparison Type [EQUALS]. Validation Type [NEGATIVE]. @15-09-2021 10:29:28.0205 A

################################################################################################################################################
Starting Execution:	[111 out of 143] test cases in the current suite
Test Method:		[testPackage01.Test_NewValidationHelper.f6]
################################################################################################################################################
[ReportManager] Assertion Failed: Making sure that null string is not equal to null object @15-09-2021 10:29:28.0209 AM
[ReportManager] Assertion [ValidateNull] FAILED. Expected [NULL] and Actual [NULL]. Comparison Type [EQUALS]. Validation Type [POSITIVE]. @15-09-2021 10:29:28.0209 A

################################################################################################################################################
Starting Execution:	[112 out of 143] test cases in the current suite
Test Method:		[testPackage01.Test_NewValidationHelper.f6_1]
################################################################################################################################################
[ReportManager] Assertion [ValidateNull] FAILED. Expected [NULL] and Actual [NULL]. Comparison Type [EQUALS]. Validation Type [NEGATIVE]. @15-09-2021 10:29:28.0212 A

################################################################################################################################################
Starting Execution:	[113 out of 143] test cases in the current suite
Test Method:		[testPackage01.Test_NewValidationHelper.f6_2]
################################################################################################################################################
[ReportManager] Assertion Failed: Making sure that null string is not equal to null object @15-09-2021 10:29:28.0214 AM
[ReportManager] Assertion [ValidateNull] FAILED. Expected [NULL] and Actual [not null]. Comparison Type [EQUALS]. Validation Type [POSITIVE]. @15-09-2021 10:29:28.0214 A

################################################################################################################################################
Starting Execution:	[114 out of 143] test cases in the current suite
Test Method:		[testPackage01.Test_NewValidationHelper.f7]
################################################################################################################################################
[ReportManager] Assertion [ValidateNull] PASSED. Expected [NULL] and Actual [NULL]. Comparison Type [EQUALS]. Validation Type [POSITIVE]. @15-09-2021 10:29:28.0217 A
[ReportManager] File Action [GetAbsolutePath] successfully performed. With the following test data [Relative Folder Path: "target/downloadedFiles/"]. @15-09-2021 10:29:28.0219 AM
[ReportManager] Attempting to run remotely on: [Linux-64], [GoogleChrome], [http://localhost:4444/wd/hub], Headless Execution. @15-09-2021 10:29:28.0220 AM
[ReportManager] Successfully Opened [GoogleChrome]. @15-09-2021 10:29:28.0395 AM
[ReportManager] Target URL: [https://the-internet.herokuapp.com/] @15-09-2021 10:29:28.0413 AM
[ReportManager] Initial URL: [data:,] @15-09-2021 10:29:28.0452 AM
[ReportManager] Browser Action [NavigateToURL] successfully performed. With the following test data [https://the-internet.herokuapp.com/]. @15-09-2021 10:29:29.0587 A

################################################################################################################################################
Starting Execution:	[115 out of 143] test cases in the current suite
Test Method:		[testPackage01.Test_NewValidationHelper.f8]
################################################################################################################################################
[ReportManager] Loaded Shared OpenCV @15-09-2021 10:29:29.0771 AM
[ReportManager] Assertion [ValidateElementExists] PASSED. Expected [Element Should Exist, locator 'By.tagName: h1'] and Actual [Element Exists]. Comparison Type [EQUALS]. Validation Type [POSITIVE]. @15-09-2021 10:29:29.0836 AM
[ReportManager] Successfully created attachment [Screenshot - 1631701769771_f8_ValidateElementExists_passed] @15-09-2021 10:29:29.0837 A
[ReportManager] Successfully Closed All Drivers. @15-09-2021 10:29:29.0907 A
[ReportManager] File Action [GetAbsolutePath] successfully performed. With the following test data [Relative Folder Path: "target/downloadedFiles/"]. @15-09-2021 10:29:29.0908 AM
[ReportManager] Attempting to run remotely on: [Linux-64], [GoogleChrome], [http://localhost:4444/wd/hub], Headless Execution. @15-09-2021 10:29:29.0908 AM
[ReportManager] Successfully Opened [GoogleChrome]. @15-09-2021 10:29:30.0088 AM
[ReportManager] Target URL: [https://the-internet.herokuapp.com/] @15-09-2021 10:29:30.0097 AM
[ReportManager] Initial URL: [data:,] @15-09-2021 10:29:30.0130 AM
[ReportManager] Browser Action [NavigateToURL] successfully performed. With the following test data [https://the-internet.herokuapp.com/]. @15-09-2021 10:29:31.0296 A

################################################################################################################################################
Starting Execution:	[116 out of 143] test cases in the current suite
Test Method:		[testPackage01.Test_NewValidationHelper.f9]
################################################################################################################################################
[ReportManager] Assertion [ValidateElementExists] FAILED. Expected [Element Should Exist, locator 'By.tagName: h3'] and Actual [Element Doesn't Exists]. Comparison Type [EQUALS]. Validation Type [POSITIVE]. @15-09-2021 10:30:01.0924 AM
[ReportManager] Successfully created attachment [Screenshot - 1631701801867_f9_ValidateElementExists_failed] @15-09-2021 10:30:01.0924 A
[ReportManager] Successfully Closed All Drivers. @15-09-2021 10:30:01.0997 A

################################################################################################################################################
Starting Execution:	[117 out of 143] test cases in the current suite
Test Method:		[testPackage01.Test_NewValidationHelper.forceFail]
################################################################################################################################################
[ReportManager] Assertion [ValidateFail] FAILED. Successfully force failed the test. @15-09-2021 10:30:02.0003 A

################################################################################################################################################
Starting Execution:	[118 out of 143] test cases in the current suite
Test Method:		[testPackage01.Test_NewValidationHelper.forceFail2]
################################################################################################################################################
[ReportManager] Assertion Failed: Custom Message @15-09-2021 10:30:02.0008 AM
[ReportManager] Assertion [ValidateFail] FAILED. Successfully force failed the test. @15-09-2021 10:30:02.0008 A

################################################################################################################################################
Starting Execution:	[119 out of 143] test cases in the current suite
Test Method:		[testPackage01.Test_sendGraphqlRequest.sendGraphqlRequestUsingMutationAndVariables]
################################################################################################################################################
[ReportManager] GraphQl Request is being Performed with the Following Parameters [Service URL: https://api.spacex.land/graphql | Request Body: {"variables":"{\"name\": \"sherlock holmes\",\"rocket\": \"221B Baker Street\"}","query":"mutation ($name: String, $rocket: String) {\n  insert_users(objects: {name: $name, rocket: $rocket}) {\n    returning {\n      name\n      rocket\n    }\n  }\n}"}] @15-09-2021 10:30:02.0012 AM
[ReportManager] Response status code: [200], status line: [HTTP/1.1 200 OK] @15-09-2021 10:30:02.0512 AM
[ReportManager] Assertion Passed: Evaluating the actual response status code against the expected one... @15-09-2021 10:30:02.0513 AM
[ReportManager] Assertion [ValidateEquals] PASSED. Expected [200] and Actual [200]. Comparison Type [EQUALS]. Validation Type [POSITIVE]. @15-09-2021 10:30:02.0513 AM
[ReportManager] API Action [PerformRequest] successfully performed. With the following test data [Request Type: "POST" | Target Status Code: "200" | Service URL: "https://api.spacex.land/graphql" | Content Type: "application/json" | Response Time: "445ms"]. @15-09-2021 10:30:02.0526 AM
[ReportManager] Successfully created attachment [API Request - Specifications] @15-09-2021 10:30:02.0526 AM
[ReportManager] Successfully created attachment [API Request - JSON Body] @15-09-2021 10:30:02.0526 AM
[ReportManager] Successfully created attachment [API Response - JSON Body] @15-09-2021 10:30:02.0526 AM
[ReportManager] API Action [GetResponseJSONValue] successfully performed. With the following test data [data.insert_users.returning[0].name]. @15-09-2021 10:30:02.0563 AM
[ReportManager] Assertion [ValidateEquals] PASSED. Expected [sherlock holmes] and Actual [sherlock holmes]. Comparison Type [EQUALS]. Validation Type [POSITIVE]. @15-09-2021 10:30:02.0563 A

################################################################################################################################################
Starting Execution:	[120 out of 143] test cases in the current suite
Test Method:		[testPackage01.Test_sendGraphqlRequest.sendGraphqlRequestUsingQuery]
################################################################################################################################################
[ReportManager] GraphQl Request is being Performed with the Following Parameters [Service URL: https://api.spacex.land/graphql | Request Body: {"query":"{company {ceo}}"}] @15-09-2021 10:30:02.0570 AM
[ReportManager] Response status code: [200], status line: [HTTP/1.1 200 OK] @15-09-2021 10:30:02.0862 AM
[ReportManager] Assertion Passed: Evaluating the actual response status code against the expected one... @15-09-2021 10:30:02.0862 AM
[ReportManager] Assertion [ValidateEquals] PASSED. Expected [200] and Actual [200]. Comparison Type [EQUALS]. Validation Type [POSITIVE]. @15-09-2021 10:30:02.0862 AM
[ReportManager] API Action [PerformRequest] successfully performed. With the following test data [Request Type: "POST" | Target Status Code: "200" | Service URL: "https://api.spacex.land/graphql" | Content Type: "application/json" | Response Time: "288ms"]. @15-09-2021 10:30:02.0874 AM
[ReportManager] Successfully created attachment [API Request - Specifications] @15-09-2021 10:30:02.0874 AM
[ReportManager] Successfully created attachment [API Request - JSON Body] @15-09-2021 10:30:02.0875 AM
[ReportManager] Successfully created attachment [API Response - JSON Body] @15-09-2021 10:30:02.0875 AM
[ReportManager] API Action [GetResponseJSONValue] successfully performed. With the following test data [data.company.ceo]. @15-09-2021 10:30:02.0883 AM
[ReportManager] Assertion [ValidateEquals] PASSED. Expected [Elon Musk] and Actual [Elon Musk]. Comparison Type [EQUALS]. Validation Type [POSITIVE]. @15-09-2021 10:30:02.0884 A

################################################################################################################################################
Starting Execution:	[121 out of 143] test cases in the current suite
Test Method:		[testPackage01.Test_JsonCompareWithSpecialCharacters.specialCharacters]
################################################################################################################################################
[ReportManager] File Action [GetAbsolutePath] successfully performed. With the following test data [Relative Folder Path: "src/test/resources/TestJsonFiles/specialCharacters.json"]. @15-09-2021 10:30:02.0891 AM
[ReportManager] File Action [ReadFromFile] successfully performed. With the following test data [File Path: "/home/runner/work/SHAFT_ENGINE/SHAFT_ENGINE/src/test/resources/TestJsonFiles/specialCharacters.json"]. @15-09-2021 10:30:02.0896 AM
[ReportManager] Successfully created attachment [File Action Actual Result - Command Log] @15-09-2021 10:30:02.0896 AM
[ReportManager] Comparing the provided API response with the file at this path "src/test/resources/TestJsonFiles/specialCharacters.json", comparison type "EQUALS" @15-09-2021 10:30:02.0897 AM
[ReportManager] API Action [CompareJSON] successfully performed. With the following test data [src/test/resources/TestJsonFiles/specialCharacters.json]. @15-09-2021 10:30:02.0910 AM
[ReportManager] File Action [GetAbsolutePath] successfully performed. With the following test data [Relative Folder Path: "src/test/resources/TestJsonFiles/specialCharacters.json"]. @15-09-2021 10:30:02.0910 AM
[ReportManager] File Action [ReadFromFile] successfully performed. With the following test data [File Path: "/home/runner/work/SHAFT_ENGINE/SHAFT_ENGINE/src/test/resources/TestJsonFiles/specialCharacters.json"]. @15-09-2021 10:30:02.0911 AM
[ReportManager] Verification [ValidateJSONFileContent] PASSED. Expected [Response data should match the JSON File in this path 'src/test/resources/TestJsonFiles/specialCharacters.json'] and Actual [TRUE]. Comparison Type [EQUALS]. Validation Type [POSITIVE]. @15-09-2021 10:30:02.0915 AM
[ReportManager] Successfully created attachment [Validation Test Data - Expected JSON Value] @15-09-2021 10:30:02.0921 AM
[ReportManager] Successfully created attachment [Validation Test Data - Actual JSON Value] @15-09-2021 10:30:02.0922 A

################################################################################################################################################
Starting Execution:	[122 out of 143] test cases in the current suite
Test Method:		[testPackage01.Test_JsonCompareWithSpecialCharacters.specialCharacters_assertion]
################################################################################################################################################
[ReportManager] File Action [GetAbsolutePath] successfully performed. With the following test data [Relative Folder Path: "src/test/resources/TestJsonFiles/specialCharacters.json"]. @15-09-2021 10:30:02.0926 AM
[ReportManager] File Action [ReadFromFile] successfully performed. With the following test data [File Path: "/home/runner/work/SHAFT_ENGINE/SHAFT_ENGINE/src/test/resources/TestJsonFiles/specialCharacters.json"]. @15-09-2021 10:30:02.0926 AM
[ReportManager] Successfully created attachment [File Action Actual Result - Command Log] @15-09-2021 10:30:02.0927 AM
[ReportManager] Comparing the provided API response with the file at this path "src/test/resources/TestJsonFiles/specialCharacters.json", comparison type "CONTAINS" @15-09-2021 10:30:02.0927 AM
[ReportManager] API Action [CompareJSON] successfully performed. With the following test data [src/test/resources/TestJsonFiles/specialCharacters.json]. @15-09-2021 10:30:02.0957 AM
[ReportManager] File Action [GetAbsolutePath] successfully performed. With the following test data [Relative Folder Path: "src/test/resources/TestJsonFiles/specialCharacters.json"]. @15-09-2021 10:30:02.0958 AM
[ReportManager] File Action [ReadFromFile] successfully performed. With the following test data [File Path: "/home/runner/work/SHAFT_ENGINE/SHAFT_ENGINE/src/test/resources/TestJsonFiles/specialCharacters.json"]. @15-09-2021 10:30:02.0958 AM
[ReportManager] Assertion Passed: trying out the log message @15-09-2021 10:30:02.0965 AM
[ReportManager] Successfully created attachment [Validation Test Data - Expected JSON Value] @15-09-2021 10:30:02.0965 AM
[ReportManager] Successfully created attachment [Validation Test Data - Actual JSON Value] @15-09-2021 10:30:02.0966 AM
[ReportManager] Assertion [ValidateJSONFileContent] PASSED. Expected [Response data should match the JSON File in this path 'src/test/resources/TestJsonFiles/specialCharacters.json'] and Actual [TRUE]. Comparison Type [CONTAINS]. Validation Type [POSITIVE]. @15-09-2021 10:30:02.0966 A

################################################################################################################################################
Starting Execution:	[123 out of 143] test cases in the current suite
Test Method:		[testPackage01.Test_JsonActions.f]
###############################################################################################################################################

################################################################################################################################################
Starting Execution:	[124 out of 143] test cases in the current suite
Test Method:		[testPackage01.Test_JsonActions.f2]
###############################################################################################################################################
[ReportManager] File Action [GetAbsolutePath] successfully performed. With the following test data [Relative Folder Path: "target/downloadedFiles/"]. @15-09-2021 10:30:02.0982 AM
[ReportManager] Attempting to run remotely on: [Linux-64], [GoogleChrome], [http://localhost:4444/wd/hub], Headless Execution. @15-09-2021 10:30:02.0982 AM
[ReportManager] Successfully Opened [GoogleChrome]. @15-09-2021 10:30:03.0199 A

################################################################################################################################################
Starting Execution:	[125 out of 143] test cases in the current suite
Test Method:		[testPackage01.Test_dynamicLoading.dynamicLoading_elementIsHidden]
################################################################################################################################################
[ReportManager] Target URL: [https://the-internet.herokuapp.com/dynamic_loading/1] @15-09-2021 10:30:03.0218 AM
[ReportManager] Initial URL: [data:,] @15-09-2021 10:30:03.0262 AM
[ReportManager] Browser Action [NavigateToURL] successfully performed. With the following test data [https://the-internet.herokuapp.com/dynamic_loading/1]. @15-09-2021 10:30:04.0411 AM
[ReportManager] Element Action [Click] successfully performed. With the following test data [Start]. @15-09-2021 10:30:04.0699 AM
[ReportManager] Element Action [GetText] successfully performed. With the following test data [
    Hello World!
  ]. @15-09-2021 10:30:04.0799 AM
[ReportManager] Loaded Shared OpenCV @15-09-2021 10:30:04.0922 AM
[ReportManager] Assertion [ValidateElementAttribute] PASSED. Expected [Value Should be 'Hello World!' for the 'text' attribute, element locator 'By.id: finish'] and Actual [
    Hello World!
  ]. Comparison Type [CONTAINS]. Validation Type [POSITIVE]. @15-09-2021 10:30:04.0983 AM
[ReportManager] Successfully created attachment [Screenshot - 1631701804922_dynamicLoading_elementIsHidden_ValidateElementAttribute_passed] @15-09-2021 10:30:04.0983 A
[ReportManager] Browser Action [CloseCurrentWindow] successfully performed. @15-09-2021 10:30:05.0087 AM
[ReportManager] Successfully created attachment [Browser Action Test Data - CloseCurrentWindow - Actual Value] @15-09-2021 10:30:05.0088 A
[ReportManager] File Action [GetAbsolutePath] successfully performed. With the following test data [Relative Folder Path: "target/downloadedFiles/"]. @15-09-2021 10:30:05.0089 AM
[ReportManager] Attempting to run remotely on: [Linux-64], [GoogleChrome], [http://localhost:4444/wd/hub], Headless Execution. @15-09-2021 10:30:05.0090 AM
[ReportManager] Successfully Opened [GoogleChrome]. @15-09-2021 10:30:05.0308 A

################################################################################################################################################
Starting Execution:	[126 out of 143] test cases in the current suite
Test Method:		[testPackage01.Test_dynamicLoading.dynamicLoading_elementIsRendered]
################################################################################################################################################
[ReportManager] Target URL: [https://the-internet.herokuapp.com/dynamic_loading/2] @15-09-2021 10:30:05.0324 AM
[ReportManager] Initial URL: [data:,] @15-09-2021 10:30:05.0362 AM
[ReportManager] Browser Action [NavigateToURL] successfully performed. With the following test data [https://the-internet.herokuapp.com/dynamic_loading/2]. @15-09-2021 10:30:06.0497 AM
[ReportManager] Element Action [Click] successfully performed. With the following test data [Start]. @15-09-2021 10:30:06.0769 AM
[ReportManager] Element Action [GetText] successfully performed. With the following test data [Hello World!]. @15-09-2021 10:30:11.0912 AM
[ReportManager] Loaded Shared OpenCV @15-09-2021 10:30:12.0057 AM
[ReportManager] Assertion [ValidateElementAttribute] PASSED. Expected [Value Should be 'Hello World!' for the 'text' attribute, element locator 'By.id: finish'] and Actual [Hello World!]. Comparison Type [CONTAINS]. Validation Type [POSITIVE]. @15-09-2021 10:30:12.0117 AM
[ReportManager] Successfully created attachment [Screenshot - 1631701812057_dynamicLoading_elementIsRendered_ValidateElementAttribute_passed] @15-09-2021 10:30:12.0118 A
[ReportManager] Browser Action [CloseCurrentWindow] successfully performed. @15-09-2021 10:30:12.0202 AM
[ReportManager] Successfully created attachment [Browser Action Test Data - CloseCurrentWindow - Actual Value] @15-09-2021 10:30:12.0203 A

################################################################################################################################################
Starting Execution:	[127 out of 143] test cases in the current suite
Test Method:		[testPackage01.Test_chainableElementActions.chainElementActions]
################################################################################################################################################
[ReportManager] File Action [GetAbsolutePath] successfully performed. With the following test data [Relative Folder Path: "target/downloadedFiles/"]. @15-09-2021 10:30:12.0206 AM
[ReportManager] Attempting to run remotely on: [Linux-64], [GoogleChrome], [http://localhost:4444/wd/hub], Headless Execution. @15-09-2021 10:30:12.0206 AM
[ReportManager] Successfully Opened [GoogleChrome]. @15-09-2021 10:30:12.0392 AM
[ReportManager] Target URL: [https://www.google.com/ncr], and after redirection: [https://www.google.com] @15-09-2021 10:30:12.0405 AM
[ReportManager] Initial URL: [data:,] @15-09-2021 10:30:12.0438 AM
[ReportManager] Browser Action [NavigateToURL] successfully performed. With the following test data [https://www.google.com/ncr]. @15-09-2021 10:30:13.0265 AM
[ReportManager] Element Action [Type] successfully performed. With the following test data [chained type 1]. @15-09-2021 10:30:13.0579 AM
[ReportManager] Element Action [Type] successfully performed. With the following test data [chained type 2]. @15-09-2021 10:30:13.0860 AM
[ReportManager] Element Action [TypeAppend] successfully performed. With the following test data [345]. @15-09-2021 10:30:13.0951 AM
[ReportManager] Element Action [GetText] successfully performed. With the following test data [chained type 2345]. @15-09-2021 10:30:14.0080 AM
[ReportManager] Loaded Shared OpenCV @15-09-2021 10:30:14.0226 AM
[ReportManager] Assertion [ValidateElementAttribute] PASSED. Expected [Value Should be 'chained type 2345' for the 'text' attribute, element locator 'By.name: q'] and Actual [chained type 2345]. Comparison Type [EQUALS]. Validation Type [POSITIVE]. @15-09-2021 10:30:14.0317 AM
[ReportManager] Successfully created attachment [Screenshot - 1631701814225_chainElementActions_ValidateElementAttribute_passed] @15-09-2021 10:30:14.0318 AM
[ReportManager] Browser Action [CloseCurrentWindow] successfully performed. @15-09-2021 10:30:14.0441 AM
[ReportManager] Successfully created attachment [Browser Action Test Data - CloseCurrentWindow - Actual Value] @15-09-2021 10:30:14.0441 A
[ReportManager] File Action [GetAbsolutePath] successfully performed. With the following test data [Relative Folder Path: "target/downloadedFiles/"]. @15-09-2021 10:30:14.0445 AM
[ReportManager] Attempting to run remotely on: [Linux-64], [GoogleChrome], [http://localhost:4444/wd/hub], Headless Execution. @15-09-2021 10:30:14.0445 AM
[ReportManager] Successfully Opened [GoogleChrome]. @15-09-2021 10:30:14.0662 A

################################################################################################################################################
Starting Execution:	[128 out of 143] test cases in the current suite
Test Method:		[testPackage01.Test_dragAndDrop.dragAndDropJquery]
################################################################################################################################################
[ReportManager] Target URL: [https://jqueryui.com/resources/demos/droppable/default.html] @15-09-2021 10:30:14.0681 AM
[ReportManager] Initial URL: [data:,] @15-09-2021 10:30:14.0716 AM
[ReportManager] Browser Action [NavigateToURL] successfully performed. With the following test data [https://jqueryui.com/resources/demos/droppable/default.html]. @15-09-2021 10:30:15.0314 AM
[ReportManager] Element Action [GetText] successfully performed. With the following test data [Drop here]. @15-09-2021 10:30:15.0387 AM
[ReportManager] Element Action [DragAndDrop] successfully performed. With the following test data [Start point: (8, 18), End point: (8, 18)]. @15-09-2021 10:30:16.0686 AM
[ReportManager] Element Action [GetText] successfully performed. With the following test data [Dropped!]. @15-09-2021 10:30:16.0746 AM
[ReportManager] Assertion Passed: Checking to see if the text has changed after performing drag and drop @15-09-2021 10:30:16.0749 AM
[ReportManager] Assertion [ValidateEquals] PASSED. Expected [Drop here] and Actual [Dropped!]. Comparison Type [EQUALS]. Validation Type [NEGATIVE]. @15-09-2021 10:30:16.0749 A
[ReportManager] Browser Action [CloseCurrentWindow] successfully performed. @15-09-2021 10:30:16.0862 AM
[ReportManager] Successfully created attachment [Browser Action Test Data - CloseCurrentWindow - Actual Value] @15-09-2021 10:30:16.0862 A
[ReportManager] File Action [GetAbsolutePath] successfully performed. With the following test data [Relative Folder Path: "target/downloadedFiles/"]. @15-09-2021 10:30:16.0864 AM
[ReportManager] Attempting to run remotely on: [Linux-64], [GoogleChrome], [http://localhost:4444/wd/hub], Headless Execution. @15-09-2021 10:30:16.0864 AM
[ReportManager] Successfully Opened [GoogleChrome]. @15-09-2021 10:30:17.0076 A

################################################################################################################################################
Starting Execution:	[129 out of 143] test cases in the current suite
Test Method:		[testPackage01.Test_dragAndDrop.dragAndDrop]
Test Description:	[TC001 - Test Drag and Drop function.]
################################################################################################################################################
[ReportManager] Target URL: [http://the-internet.herokuapp.com/drag_and_drop] @15-09-2021 10:30:17.0092 AM
[ReportManager] Initial URL: [data:,] @15-09-2021 10:30:17.0130 AM
[ReportManager] Browser Action [NavigateToURL] successfully performed. With the following test data [http://the-internet.herokuapp.com/drag_and_drop]. @15-09-2021 10:30:18.0022 AM
[ReportManager] Attempting Drag and Drop @15-09-2021 10:30:18.0022 AM
[ReportManager] Element Action [DragAndDrop] successfully performed. With the following test data [Start point: (32, 89), End point: (247, 89)]. @15-09-2021 10:30:19.0184 A
[ReportManager] Browser Action [CloseCurrentWindow] successfully performed. @15-09-2021 10:30:19.0272 AM
[ReportManager] Successfully created attachment [Browser Action Test Data - CloseCurrentWindow - Actual Value] @15-09-2021 10:30:19.0272 A
[ReportManager] File Action [GetAbsolutePath] successfully performed. With the following test data [Relative Folder Path: "target/downloadedFiles/"]. @15-09-2021 10:30:19.0275 AM
[ReportManager] Attempting to run remotely on: [Linux-64], [GoogleChrome], [http://localhost:4444/wd/hub], Headless Execution. @15-09-2021 10:30:19.0275 AM
[ReportManager] Successfully Opened [GoogleChrome]. @15-09-2021 10:30:19.0464 A

################################################################################################################################################
Starting Execution:	[130 out of 143] test cases in the current suite
Test Method:		[testPackage01.Test_dragAndDrop.dragAndDropByOffset]
Test Description:	[TC002 - Test Drag and Drop by offset function.]
################################################################################################################################################
[ReportManager] Target URL: [https://jqueryui.com/resources/demos/draggable/default.html] @15-09-2021 10:30:19.0476 AM
[ReportManager] Initial URL: [data:,] @15-09-2021 10:30:19.0518 AM
[ReportManager] Browser Action [NavigateToURL] successfully performed. With the following test data [https://jqueryui.com/resources/demos/draggable/default.html]. @15-09-2021 10:30:20.0082 AM
[ReportManager] Element Action [DragAndDropByOffset] successfully performed. With the following test data [Start point: (8, 8), End point: (108, 58)]. @15-09-2021 10:30:20.0227 A
[ReportManager] Browser Action [CloseCurrentWindow] successfully performed. @15-09-2021 10:30:20.0325 AM
[ReportManager] Successfully created attachment [Browser Action Test Data - CloseCurrentWindow - Actual Value] @15-09-2021 10:30:20.0325 A

################################################################################################################################################
Starting Execution:	[131 out of 143] test cases in the current suite
Test Method:		[testPackage01.Test_AssertApiResponseEquals.assertApiResponseEquals_expectedToPass]
################################################################################################################################################
[ReportManager] Response status code: [200], status line: [HTTP/1.1 200 OK] @15-09-2021 10:30:20.0393 AM
[ReportManager] Assertion Passed: Evaluating the actual response status code against the expected one... @15-09-2021 10:30:20.0393 AM
[ReportManager] Assertion [ValidateEquals] PASSED. Expected [200] and Actual [200]. Comparison Type [EQUALS]. Validation Type [POSITIVE]. @15-09-2021 10:30:20.0393 AM
[ReportManager] API Action [PerformRequest] successfully performed. With the following test data [Request Type: "GET" | Target Status Code: "200" | Service URL: "https://jsonplaceholder.typicode.com/users" | Content Type: "*/*" | Response Time: "61ms"]. @15-09-2021 10:30:20.0426 AM
[ReportManager] Successfully created attachment [API Request - Specifications] @15-09-2021 10:30:20.0426 AM
[ReportManager] Successfully created attachment [API Response - JSON Body] @15-09-2021 10:30:20.0426 AM
[ReportManager] API Action [GetResponseJSONValueAsList] successfully performed. With the following test data [$]. @15-09-2021 10:30:20.0433 AM
[ReportManager] API Action [GetResponseJSONValue] successfully performed. With the following test data [name]. @15-09-2021 10:30:20.0453 AM
[ReportManager] API Action [GetResponseJSONValue] successfully performed. With the following test data [email]. @15-09-2021 10:30:20.0465 AM
[ReportManager] Verification [ValidateEquals] PASSED. Expected [Sincere@april.biz] and Actual [Sincere@april.biz]. Comparison Type [EQUALS]. Validation Type [POSITIVE]. @15-09-2021 10:30:20.0465 AM
[ReportManager] API Action [GetResponseJSONValue] successfully performed. With the following test data [username]. @15-09-2021 10:30:20.0479 AM
[ReportManager] Assertion [ValidateEquals] PASSED. Expected [Bret] and Actual [Bret]. Comparison Type [EQUALS]. Validation Type [POSITIVE]. @15-09-2021 10:30:20.0480 AM
[ReportManager] API Action [GetResponseJSONValue] successfully performed. With the following test data [name]. @15-09-2021 10:30:20.0495 AM
[ReportManager] API Action [GetResponseJSONValue] successfully performed. With the following test data [name]. @15-09-2021 10:30:20.0509 AM
[ReportManager] API Action [GetResponseJSONValue] successfully performed. With the following test data [name]. @15-09-2021 10:30:20.0520 AM
[ReportManager] API Action [GetResponseJSONValue] successfully performed. With the following test data [name]. @15-09-2021 10:30:20.0535 AM
[ReportManager] API Action [GetResponseJSONValue] successfully performed. With the following test data [name]. @15-09-2021 10:30:20.0546 AM
[ReportManager] API Action [GetResponseJSONValue] successfully performed. With the following test data [name]. @15-09-2021 10:30:20.0580 AM
[ReportManager] API Action [GetResponseJSONValue] successfully performed. With the following test data [name]. @15-09-2021 10:30:20.0594 AM
[ReportManager] API Action [GetResponseJSONValue] successfully performed. With the following test data [name]. @15-09-2021 10:30:20.0602 AM
[ReportManager] API Action [GetResponseJSONValue] successfully performed. With the following test data [name]. @15-09-2021 10:30:20.0611 A

################################################################################################################################################
Starting Execution:	[132 out of 143] test cases in the current suite
Test Method:		[testPackage01.Test_testData.f]
################################################################################################################################################
[ReportManager] Successfully loaded the following test data file [src/test/resources/TestDataFiles/testSuite01/TestData.xlsx]. @15-09-2021 10:30:20.0665 AM
[ReportManager] Successfully created attachment [Test Data - Excel] @15-09-2021 10:30:20.0665 AM
[ReportManager] Last Column Number is: [3]. Zero-based. @15-09-2021 10:30:20.0666 A
[ReportManager] Successfully loaded the following test data file [src/test/resources/TestDataFiles/testSuite01/TestData.xlsx]. @15-09-2021 10:30:20.0714 AM
[ReportManager] Successfully created attachment [Test Data - Excel] @15-09-2021 10:30:20.0715 AM
[ReportManager] Attempting to run using Playwright locally on: [Linux-64], [GoogleChrome], Headless Execution. @15-09-2021 10:30:34.0194 AM
[ReportManager] File Action [GetAbsolutePath] successfully performed. With the following test data [Relative Folder Path: "target/downloadedFiles/"]. @15-09-2021 10:30:34.0195 AM
[ReportManager] Initial window size: (1280, 720) @15-09-2021 10:30:34.0574 AM
[ReportManager] Window size after Toolkit: com.microsoft.playwright.options.ViewportSize@b4f304f @15-09-2021 10:30:34.0578 AM
[ReportManager] Browser Action [MaximizeWindow] successfully performed. With the following test data [New screen size is now: (1920, 1080)]. @15-09-2021 10:30:34.0579 A

################################################################################################################################################
Starting Execution:	[133 out of 143] test cases in the current suite
Test Method:		[testPackage01.Test_google_playwright.navigateToURLandVerifyGoogleLogoIsDisplayed]
Test Description:	[TC001 - Navigate to URL and Verify Google Logo is Displayed]
################################################################################################################################################
[ReportManager] Target URL: [https://www.google.com/ncr], and after redirection: [https://www.google.com] @15-09-2021 10:30:34.0583 AM
[ReportManager] Initial URL: [about:blank] @15-09-2021 10:30:35.0054 AM
[ReportManager] Browser Action [NavigateToURL] successfully performed. With the following test data [https://www.google.com/ncr]. @15-09-2021 10:30:36.0187 AM
[ReportManager] Loaded Shared OpenCV @15-09-2021 10:30:36.0417 AM
[ReportManager] Assertion [ValidateElementExists] PASSED. Expected [Element Should Exist, locator 'xpath=//*[@id='hplogo' or @alt='Google']'] and Actual [Element Exists]. Comparison Type [EQUALS]. Validation Type [POSITIVE]. @15-09-2021 10:30:36.0607 AM
[ReportManager] Successfully created attachment [Screenshot - 1631701836414_navigateToURLandVerifyGoogleLogoIsDisplayed_ValidateElementExists_passed] @15-09-2021 10:30:36.0609 A

################################################################################################################################################
Starting Execution:	[134 out of 143] test cases in the current suite
Test Method:		[testPackage01.Test_google_playwright.searchForQueryandAssertResultsNumDisplayed]
Test Description:	[TC002 - Search for Query and Assert that the number of results is displayed]
################################################################################################################################################
[ReportManager] Element Action [Type] successfully performed. With the following test data [SHAFT_Engine]. @15-09-2021 10:30:36.0887 AM
[ReportManager] Element Action [KeyPress] successfully performed. With the following test data [Enter]. @15-09-2021 10:30:36.0921 AM
[ReportManager] Element Action [GetText] successfully performed. With the following test data [About 981,000 results (0.71 seconds)]. @15-09-2021 10:30:37.0870 AM
[ReportManager] Loaded Shared OpenCV @15-09-2021 10:30:39.0240 AM
[ReportManager] Assertion [ValidateElementAttribute] PASSED. Expected [Value Should not be '' for the 'text' attribute, element locator 'xpath=//div[@id='appbar']'] and Actual [About 981,000 results (0.71 seconds)]. Comparison Type [EQUALS]. Validation Type [NEGATIVE]. @15-09-2021 10:30:39.0548 AM
[ReportManager] Successfully created attachment [Screenshot - 1631701839219_searchForQueryandAssertResultsNumDisplayed_ValidateElementAttribute_passed] @15-09-2021 10:30:39.0550 A

################################################################################################################################################
Starting Execution:	[135 out of 143] test cases in the current suite
Test Method:		[testPackage01.Test_google_playwright.clickNextThrice]
Test Description:	[TC003 - Clicks the next button to make sure that the framework can scroll element into view before clicking it]
################################################################################################################################################
[ReportManager] Element Action [Click] successfully performed. With the following test data [Next]. @15-09-2021 10:30:39.0776 A
[ReportManager] Failed to find video recording. @15-09-2021 10:30:39.0777 AM
[ReportManager] Successfully Closed PlayWright Driver. @15-09-2021 10:30:39.0838 A
[ReportManager] File Action [GetAbsolutePath] successfully performed. With the following test data [Relative Folder Path: "target/downloadedFiles/"]. @15-09-2021 10:30:39.0839 AM
[ReportManager] Attempting to run remotely on: [Linux-64], [GoogleChrome], [http://localhost:4444/wd/hub], Headless Execution. @15-09-2021 10:30:39.0839 AM
[ReportManager] Successfully Opened [GoogleChrome]. @15-09-2021 10:30:40.0190 A

################################################################################################################################################
Starting Execution:	[136 out of 143] test cases in the current suite
Test Method:		[testPackage01.Test_clipboardActions.typeTextAndCopyPaste]
################################################################################################################################################
[ReportManager] Target URL: [https://www.google.com/ncr], and after redirection: [https://www.google.com] @15-09-2021 10:30:40.0202 AM
[ReportManager] Initial URL: [data:,] @15-09-2021 10:30:40.0243 AM
[ReportManager] Browser Action [NavigateToURL] successfully performed. With the following test data [https://www.google.com/ncr]. @15-09-2021 10:30:41.0065 AM
[ReportManager] Element Action [Type] successfully performed. With the following test data [FIRST]. @15-09-2021 10:30:41.0377 AM
[ReportManager] Element Action [ClipboardActions] successfully performed. With the following test data [select all]. @15-09-2021 10:30:41.0438 AM
[ReportManager] Element Action [ClipboardActions] successfully performed. With the following test data [copy]. @15-09-2021 10:30:41.0494 AM
[ReportManager] Element Action [ClipboardActions] successfully performed. With the following test data [unselect]. @15-09-2021 10:30:41.0544 AM
[ReportManager] Element Action [ClipboardActions] successfully performed. With the following test data [paste]. @15-09-2021 10:30:41.0594 AM
[ReportManager] Element Action [ClipboardActions] successfully performed. With the following test data [select all]. @15-09-2021 10:30:41.0642 AM
[ReportManager] Element Action [Type] successfully performed. @15-09-2021 10:30:41.0844 AM
[ReportManager] Element Action [ClipboardActions] successfully performed. With the following test data [cut]. @15-09-2021 10:30:41.0844 AM
[ReportManager] Element Action [ClipboardActions] successfully performed. With the following test data [paste]. @15-09-2021 10:30:41.0912 AM
[ReportManager] Element Action [ClipboardActions] successfully performed. With the following test data [paste]. @15-09-2021 10:30:41.0974 A
[ReportManager] Browser Action [CloseCurrentWindow] successfully performed. @15-09-2021 10:30:42.0136 AM
[ReportManager] Successfully created attachment [Browser Action Test Data - CloseCurrentWindow - Actual Value] @15-09-2021 10:30:42.0136 A
[ReportManager] File Action [GetAbsolutePath] successfully performed. With the following test data [Relative Folder Path: "target/downloadedFiles/"]. @15-09-2021 10:30:42.0138 AM
[ReportManager] Attempting to run remotely on: [Linux-64], [GoogleChrome], [http://localhost:4444/wd/hub], Headless Execution. @15-09-2021 10:30:42.0138 AM
[ReportManager] Successfully Opened [GoogleChrome]. @15-09-2021 10:30:42.0315 A

################################################################################################################################################
Starting Execution:	[137 out of 143] test cases in the current suite
Test Method:		[testPackage01.Test_uploadFile.uploadFile_invisibleUploadInput]
################################################################################################################################################
[ReportManager] Target URL: [https://fineuploader.com/demos.html#gallery-view] @15-09-2021 10:30:42.0327 AM
[ReportManager] Initial URL: [data:,] @15-09-2021 10:30:42.0375 AM
[ReportManager] Browser Action [NavigateToURL] successfully performed. With the following test data [https://fineuploader.com/demos.html#gallery-view]. @15-09-2021 10:30:44.0563 AM
[ReportManager] File Action [GetAbsolutePath] successfully performed. With the following test data [Relative File Path: "src/main/resources/images/shaft.png"]. @15-09-2021 10:30:44.0564 AM
[ReportManager] Successfully created attachment [File Action Actual Result - Command Log] @15-09-2021 10:30:44.0564 AM
[ReportManager] Element Action [TypeFileLocationForUpload] successfully performed. With the following test data [/home/runner/work/SHAFT_ENGINE/SHAFT_ENGINE/src/main/resources/images/shaft.png]. @15-09-2021 10:30:44.0752 AM
[ReportManager] Attempting to getAttribute [src] from elementLocator [By.xpath: //div[@id='fine-uploader-gallery']//div[@class='qq-thumbnail-wrapper']/img]. @15-09-2021 10:30:44.0752 AM
[ReportManager] Element Action [GetAttribute] successfully performed. @15-09-2021 10:30:44.0884 AM
[ReportManager] Successfully created attachment [Element Action Test Data - GetAttribute - Actual Value] @15-09-2021 10:30:44.0884 AM
[ReportManager] Loaded Shared OpenCV @15-09-2021 10:30:45.0017 AM
[ReportManager] Assertion [ValidateElementAttribute] PASSED. Expected and Actual values are attached. Comparison Type [CONTAINS]. Validation Type [POSITIVE]. @15-09-2021 10:30:45.0090 AM
[ReportManager] Successfully created attachment [Validation Test Data - Expected Value] @15-09-2021 10:30:45.0090 AM
[ReportManager] Successfully created attachment [Validation Test Data - Actual Value] @15-09-2021 10:30:45.0090 AM
[ReportManager] Successfully created attachment [Screenshot - 1631701845017_uploadFile_invisibleUploadInput_ValidateElementAttribute_passed] @15-09-2021 10:30:45.0091 A
[ReportManager] Browser Action [CloseCurrentWindow] successfully performed. @15-09-2021 10:30:45.0222 AM
[ReportManager] Successfully created attachment [Browser Action Test Data - CloseCurrentWindow - Actual Value] @15-09-2021 10:30:45.0223 A
[ReportManager] File Action [GetAbsolutePath] successfully performed. With the following test data [Relative Folder Path: "target/downloadedFiles/"]. @15-09-2021 10:30:45.0225 AM
[ReportManager] Attempting to run remotely on: [Linux-64], [GoogleChrome], [http://localhost:4444/wd/hub], Headless Execution. @15-09-2021 10:30:45.0238 AM
[ReportManager] Successfully Opened [GoogleChrome]. @15-09-2021 10:30:45.0504 A

################################################################################################################################################
Starting Execution:	[138 out of 143] test cases in the current suite
Test Method:		[testPackage01.Test_uploadFile.uploadFile_visibleUploadInput]
################################################################################################################################################
[ReportManager] Target URL: [http://demo.guru99.com/test/upload/] @15-09-2021 10:30:45.0532 AM
[ReportManager] Initial URL: [data:,] @15-09-2021 10:30:45.0576 AM
[ReportManager] Browser Action [NavigateToURL] successfully performed. With the following test data [http://demo.guru99.com/test/upload/]. @15-09-2021 10:30:46.0911 AM
[ReportManager] File Action [GetAbsolutePath] successfully performed. With the following test data [Relative File Path: "src/main/resources/images/shaft.png"]. @15-09-2021 10:30:46.0912 AM
[ReportManager] Successfully created attachment [File Action Actual Result - Command Log] @15-09-2021 10:30:46.0912 AM
[ReportManager] Element Action [TypeFileLocationForUpload] successfully performed. With the following test data [/home/runner/work/SHAFT_ENGINE/SHAFT_ENGINE/src/main/resources/images/shaft.png]. @15-09-2021 10:30:47.0062 AM
[ReportManager] Element Action [Click] successfully performed. With the following test data [on]. @15-09-2021 10:30:47.0367 AM
[ReportManager] Element Action [Click] successfully performed. With the following test data [Submit File]. @15-09-2021 10:30:47.0633 AM
[ReportManager] Element Action [GetText] successfully performed. With the following test data [1 file
has been successfully uploaded.]. @15-09-2021 10:30:48.0259 AM
[ReportManager] Loaded Shared OpenCV @15-09-2021 10:30:48.0395 AM
[ReportManager] Assertion [ValidateElementAttribute] PASSED. Expected [Value Should be '1 file' for the 'Text' attribute, element locator 'By.id: res'] and Actual [1 file
has been successfully uploaded.]. Comparison Type [CONTAINS]. Validation Type [POSITIVE]. @15-09-2021 10:30:48.0463 AM
[ReportManager] Successfully created attachment [Screenshot - 1631701848395_uploadFile_visibleUploadInput_ValidateElementAttribute_passed] @15-09-2021 10:30:48.0463 A
[ReportManager] Browser Action [CloseCurrentWindow] successfully performed. @15-09-2021 10:30:48.0572 AM
[ReportManager] Successfully created attachment [Browser Action Test Data - CloseCurrentWindow - Actual Value] @15-09-2021 10:30:48.0572 A
[ReportManager] Successfully loaded the following test data file [src/test/resources/TestDataFiles/testSuite01/TestData.xlsx]. @15-09-2021 10:30:48.0598 AM
[ReportManager] Successfully created attachment [Test Data - Excel] @15-09-2021 10:30:48.0598 AM
[ReportManager] File Action [GetAbsolutePath] successfully performed. With the following test data [Relative Folder Path: "target/downloadedFiles/"]. @15-09-2021 10:30:48.0598 AM
[ReportManager] Attempting to run remotely on: [Linux-64], [GoogleChrome], [http://localhost:4444/wd/hub], Headless Execution. @15-09-2021 10:30:48.0599 AM
[ReportManager] Successfully Opened [GoogleChrome]. @15-09-2021 10:30:48.0781 A

################################################################################################################################################
Starting Execution:	[139 out of 143] test cases in the current suite
Test Method:		[testPackage01.Test_google.navigateToURLandVerifyGoogleLogoIsDisplayed]
Test Description:	[TC001 - Navigate to URL and Verify Google Logo is Displayed]
################################################################################################################################################
[ReportManager] Target URL: [https://www.google.com/ncr], and after redirection: [https://www.google.com] @15-09-2021 10:30:48.0793 AM
[ReportManager] Initial URL: [data:,] @15-09-2021 10:30:48.0829 AM
[ReportManager] Browser Action [NavigateToURL] successfully performed. With the following test data [https://www.google.com/ncr]. @15-09-2021 10:30:49.0677 AM
[ReportManager] Loaded Shared OpenCV @15-09-2021 10:30:49.0870 AM
[ReportManager] Assertion [ValidateElementExists] PASSED. Expected [Element Should Exist, locator 'By.xpath: //*[@id='hplogo' or @alt='Google']'] and Actual [Element Exists]. Comparison Type [EQUALS]. Validation Type [POSITIVE]. @15-09-2021 10:30:49.0950 AM
[ReportManager] Successfully created attachment [Screenshot - 1631701849870_navigateToURLandVerifyGoogleLogoIsDisplayed_ValidateElementExists_passed] @15-09-2021 10:30:49.0951 A

################################################################################################################################################
Starting Execution:	[140 out of 143] test cases in the current suite
Test Method:		[testPackage01.Test_google.searchForQueryandAssertResultsNumDisplayed]
Test Description:	[TC002 - Search for Query and Assert that the number of results is displayed]
################################################################################################################################################
[ReportManager] Element Action [Type] successfully performed. With the following test data [SHAFT_Engine]. @15-09-2021 10:30:50.0306 AM
[ReportManager] Element Action [KeyPress] successfully performed. With the following test data [Enter]. @15-09-2021 10:30:51.0658 AM
[ReportManager] Element Action [GetText] successfully performed. With the following test data [About 981,000 results (0.64 seconds) ]. @15-09-2021 10:30:51.0728 AM
[ReportManager] Loaded Shared OpenCV @15-09-2021 10:30:51.0869 AM
[ReportManager] Assertion [ValidateElementAttribute] PASSED. Expected [Value Should not be '' for the 'Text' attribute, element locator 'By.id: appbar'] and Actual [About 981,000 results (0.64 seconds) ]. Comparison Type [EQUALS]. Validation Type [NEGATIVE]. @15-09-2021 10:30:51.0966 AM
[ReportManager] Successfully created attachment [Screenshot - 1631701851868_searchForQueryandAssertResultsNumDisplayed_ValidateElementAttribute_passed] @15-09-2021 10:30:51.0967 A

################################################################################################################################################
Starting Execution:	[141 out of 143] test cases in the current suite
Test Method:		[testPackage01.Test_google.clickNextThrice]
Test Description:	[TC003 - Clicks the next button to make sure that the framework can scroll element into view before clicking it]
################################################################################################################################################
[ReportManager] Element Action [Click] successfully performed. With the following test data [Next]. @15-09-2021 10:30:53.0444 A
[ReportManager] Browser Action [CloseCurrentWindow] successfully performed. @15-09-2021 10:30:53.0636 AM
[ReportManager] Successfully created attachment [Browser Action Test Data - CloseCurrentWindow - Actual Value] @15-09-2021 10:30:53.0638 A
[ReportManager] File Action [GetAbsolutePath] successfully performed. With the following test data [Relative Folder Path: "target/downloadedFiles/"]. @15-09-2021 10:30:53.0640 AM
[ReportManager] Attempting to run remotely on: [Linux-64], [GoogleChrome], [http://localhost:4444/wd/hub], Headless Execution. @15-09-2021 10:30:53.0640 AM
[ReportManager] Successfully Opened [GoogleChrome]. @15-09-2021 10:30:53.0812 A

################################################################################################################################################
Starting Execution:	[142 out of 143] test cases in the current suite
Test Method:		[testPackage01.Test_verifyEquals.test_assertElementAttribute]
################################################################################################################################################
[ReportManager] Target URL: [https://www.google.com/ncr], and after redirection: [https://www.google.com] @15-09-2021 10:30:53.0827 AM
[ReportManager] Initial URL: [data:,] @15-09-2021 10:30:53.0865 AM
[ReportManager] Browser Action [NavigateToURL] successfully performed. With the following test data [https://www.google.com/ncr]. @15-09-2021 10:30:54.0717 AM
[ReportManager] Element Action [Type] successfully performed. With the following test data [INC_004010050:Another SCHEDULER with the same name [Duplicate Job Name] already exists.]. @15-09-2021 10:30:55.0330 AM
[ReportManager] Element Action [GetText] successfully performed. With the following test data [INC_004010050:Another SCHEDULER with the same name [Duplicate Job Name] already exists.]. @15-09-2021 10:30:55.0420 AM
[ReportManager] Loaded Shared OpenCV @15-09-2021 10:30:55.0572 AM
[ReportManager] Verification [ValidateElementAttribute] PASSED. Expected [Value Should be 'INC_004010050:Another SCHEDULER with the same name \[Duplicate Job Name\] already exists.' for the 'text' attribute, element locator 'By.name: q'] and Actual [INC_004010050:Another SCHEDULER with the same name [Duplicate Job Name] already exists.]. Comparison Type [MATCHES]. Validation Type [POSITIVE]. @15-09-2021 10:30:55.0663 AM
[ReportManager] Successfully created attachment [Screenshot - 1631701855572_test_assertElementAttribute_ValidateElementAttribute_passed] @15-09-2021 10:30:55.0664 A
[ReportManager] Browser Action [CloseCurrentWindow] successfully performed. @15-09-2021 10:30:55.0783 AM
[ReportManager] Successfully created attachment [Browser Action Test Data - CloseCurrentWindow - Actual Value] @15-09-2021 10:30:55.0784 A

################################################################################################################################################
Starting Execution:	[143 out of 143] test cases in the current suite
Test Method:		[testPackage01.Test_JSONFileManager.readStringFromJson]
################################################################################################################################################
[ReportManager] Successfully loaded the following test data file [src/test/resources/TestDataFiles/simpleJSON.json]. @15-09-2021 10:30:55.0790 AM
[ReportManager] Successfully created attachment [Test Data - JSON] @15-09-2021 10:30:55.0791 AM
[ReportManager] Assertion [ValidateEquals] PASSED. Expected [Mohab Mohie] and Actual [Mohab Mohie]. Comparison Type [EQUALS]. Validation Type [POSITIVE]. @15-09-2021 10:30:55.0809 A

################################################################################################################################################
Test Closure Activities
################################################################################################################################################
[ReportManager] Successfully created attachment [SHAFT Engine Logs - Execution log] @15-09-2021 10:30:55.0845 AM

################################################################################################################################################
This test run was powered by SHAFT Engine Version: [SHAFT Engine v5.3.20210902]
SHAFT Engine is licensed under the MIT License: [https://github.com/MohabMohie/SHAFT_ENGINE/blob/master/LICENSE].
################################################################################################################################################