################################################################################################################################################
Detected SHAFT Engine Version: [SHAFT Engine v5.4.20211030-BETA]
################################################################################################################################################

################################################################################################################################################
Starting Execution:	[1 out of 144] test cases in the current suite
Test Method:		[unitTests.tests_validations_assertions.assertComparativeRelation_greaterThanOrEquals_false_equals_expectedToFail]
################################################################################################################################################
[ReportManager] Assertion [ValidateComparativeRelation] FAILED. Expected [1] and Actual [1]. Comparison Type [GREATER_THAN_OR_EQUALS]. Validation Type [NEGATIVE]. @03-11-2021 05:22:33.0759 A

################################################################################################################################################
Starting Execution:	[2 out of 144] test cases in the current suite
Test Method:		[unitTests.tests_validations_assertions.assertComparativeRelation_greaterThanOrEquals_false_equals_expectedToPass]
################################################################################################################################################
[ReportManager] Assertion [ValidateComparativeRelation] PASSED. Expected [2] and Actual [1]. Comparison Type [GREATER_THAN_OR_EQUALS]. Validation Type [NEGATIVE]. @03-11-2021 05:22:33.0899 A

################################################################################################################################################
Starting Execution:	[3 out of 144] test cases in the current suite
Test Method:		[unitTests.tests_validations_assertions.assertComparativeRelation_greaterThanOrEquals_false_greaterThan_expectedToFail]
################################################################################################################################################
[ReportManager] Assertion [ValidateComparativeRelation] FAILED. Expected [1] and Actual [2]. Comparison Type [GREATER_THAN_OR_EQUALS]. Validation Type [NEGATIVE]. @03-11-2021 05:22:33.0906 A

################################################################################################################################################
Starting Execution:	[4 out of 144] test cases in the current suite
Test Method:		[unitTests.tests_validations_assertions.assertComparativeRelation_greaterThanOrEquals_false_greaterThan_expectedToPass]
################################################################################################################################################
[ReportManager] Assertion [ValidateComparativeRelation] PASSED. Expected [2] and Actual [1]. Comparison Type [GREATER_THAN_OR_EQUALS]. Validation Type [NEGATIVE]. @03-11-2021 05:22:33.0925 A

################################################################################################################################################
Starting Execution:	[5 out of 144] test cases in the current suite
Test Method:		[unitTests.tests_validations_assertions.assertComparativeRelation_greaterThanOrEquals_true_equals_expectedToFail]
################################################################################################################################################
[ReportManager] Assertion [ValidateComparativeRelation] FAILED. Expected [1] and Actual [0]. Comparison Type [GREATER_THAN_OR_EQUALS]. Validation Type [POSITIVE]. @03-11-2021 05:22:33.0939 A

################################################################################################################################################
Starting Execution:	[6 out of 144] test cases in the current suite
Test Method:		[unitTests.tests_validations_assertions.assertComparativeRelation_greaterThanOrEquals_true_equals_expectedToPass]
################################################################################################################################################
[ReportManager] Assertion [ValidateComparativeRelation] PASSED. Expected [1] and Actual [1]. Comparison Type [GREATER_THAN_OR_EQUALS]. Validation Type [POSITIVE]. @03-11-2021 05:22:33.0943 A

################################################################################################################################################
Starting Execution:	[7 out of 144] test cases in the current suite
Test Method:		[unitTests.tests_validations_assertions.assertComparativeRelation_greaterThanOrEquals_true_greaterThan_expectedToFail]
################################################################################################################################################
[ReportManager] Assertion [ValidateComparativeRelation] FAILED. Expected [2] and Actual [1]. Comparison Type [GREATER_THAN_OR_EQUALS]. Validation Type [POSITIVE]. @03-11-2021 05:22:33.0951 A

################################################################################################################################################
Starting Execution:	[8 out of 144] test cases in the current suite
Test Method:		[unitTests.tests_validations_assertions.assertComparativeRelation_greaterThanOrEquals_true_greaterThan_expectedToPass]
################################################################################################################################################
[ReportManager] Assertion [ValidateComparativeRelation] PASSED. Expected [1] and Actual [2]. Comparison Type [GREATER_THAN_OR_EQUALS]. Validation Type [POSITIVE]. @03-11-2021 05:22:33.0959 A
[ReportManager] File Action [GetAbsolutePath] successfully performed. With the following test data [Relative Folder Path: "target/downloadedFiles/"]. @03-11-2021 05:22:33.0969 AM
[ReportManager] Attempting to run remotely on: [Linux-64], [GoogleChrome], [http://localhost:4444/wd/hub], Headless Execution. @03-11-2021 05:22:33.0982 AM
[ReportManager] Successfully Opened [GoogleChrome]. @03-11-2021 05:22:39.0773 AM
[ReportManager] Target URL: [https://www.google.com/ncr], and after redirection: [www.google.com] @03-11-2021 05:22:39.0785 AM
[ReportManager] Initial URL: [data:,] @03-11-2021 05:22:40.0185 AM
[ReportManager] Browser Action [NavigateToURL] successfully performed. With the following test data [https://www.google.com/ncr]. @03-11-2021 05:22:41.0365 A

################################################################################################################################################
Starting Execution:	[9 out of 144] test cases in the current suite
Test Method:		[unitTests.tests_validations_assertions.assertElementAttribute_false_caseInsensitiveComparison_expectedToFail]
################################################################################################################################################
[ReportManager] Element Action [Type] successfully performed. With the following test data [AUTOMATION]. @03-11-2021 05:22:42.0166 AM
[ReportManager] Element Action [GetText] successfully performed. With the following test data [AUTOMATION]. @03-11-2021 05:22:42.0457 AM
[ReportManager] Loaded Shared OpenCV @03-11-2021 05:22:43.0392 AM
[ReportManager] Assertion [ValidateElementAttribute] FAILED. Expected [Value Should not be 'AutomaTion' for the 'text' attribute, element locator 'By.name: q'] and Actual [AUTOMATION]. Comparison Type [CASE_INSENSITIVE]. Validation Type [NEGATIVE]. @03-11-2021 05:22:44.0003 AM
[ReportManager] Successfully created attachment [Screenshot - 1635916962879_assertElementAttribute_false_caseInsensitiveComparison_expectedToFail_ValidateElementAttribute_failed] @03-11-2021 05:22:44.0030 A
[ReportManager] Browser Action [CloseCurrentWindow] successfully performed. @03-11-2021 05:22:44.0253 AM
[ReportManager] Successfully created attachment [Browser Action Test Data - CloseCurrentWindow - Actual Value] @03-11-2021 05:22:44.0256 A
[ReportManager] File Action [GetAbsolutePath] successfully performed. With the following test data [Relative Folder Path: "target/downloadedFiles/"]. @03-11-2021 05:22:44.0270 AM
[ReportManager] Attempting to run remotely on: [Linux-64], [GoogleChrome], [http://localhost:4444/wd/hub], Headless Execution. @03-11-2021 05:22:44.0271 AM
[ReportManager] Successfully Opened [GoogleChrome]. @03-11-2021 05:22:49.0088 AM
[ReportManager] Target URL: [https://www.google.com/ncr], and after redirection: [www.google.com] @03-11-2021 05:22:49.0088 AM
[ReportManager] Initial URL: [data:,] @03-11-2021 05:22:49.0219 AM
[ReportManager] Browser Action [NavigateToURL] successfully performed. With the following test data [https://www.google.com/ncr]. @03-11-2021 05:22:50.0108 A

################################################################################################################################################
Starting Execution:	[10 out of 144] test cases in the current suite
Test Method:		[unitTests.tests_validations_assertions.assertElementAttribute_false_caseInsensitiveComparison_expectedToPass]
################################################################################################################################################
[ReportManager] Element Action [Type] successfully performed. With the following test data [AUTOMATION]. @03-11-2021 05:22:50.0762 AM
[ReportManager] Element Action [GetText] successfully performed. With the following test data [AUTOMATION]. @03-11-2021 05:22:50.0984 AM
[ReportManager] Loaded Shared OpenCV @03-11-2021 05:22:51.0308 AM
[ReportManager] Assertion [ValidateElementAttribute] PASSED. Expected [Value Should not be 'AutomaTion123' for the 'text' attribute, element locator 'By.name: q'] and Actual [AUTOMATION]. Comparison Type [CASE_INSENSITIVE]. Validation Type [NEGATIVE]. @03-11-2021 05:22:51.0711 AM
[ReportManager] Successfully created attachment [Screenshot - 1635916971307_assertElementAttribute_false_caseInsensitiveComparison_expectedToPass_ValidateElementAttribute_passed] @03-11-2021 05:22:51.0715 A
[ReportManager] Browser Action [CloseCurrentWindow] successfully performed. @03-11-2021 05:22:51.0893 AM
[ReportManager] Successfully created attachment [Browser Action Test Data - CloseCurrentWindow - Actual Value] @03-11-2021 05:22:51.0894 A
[ReportManager] File Action [GetAbsolutePath] successfully performed. With the following test data [Relative Folder Path: "target/downloadedFiles/"]. @03-11-2021 05:22:51.0900 AM
[ReportManager] Attempting to run remotely on: [Linux-64], [GoogleChrome], [http://localhost:4444/wd/hub], Headless Execution. @03-11-2021 05:22:51.0900 AM
[ReportManager] Successfully Opened [GoogleChrome]. @03-11-2021 05:22:54.0045 AM
[ReportManager] Target URL: [https://www.google.com/ncr], and after redirection: [www.google.com] @03-11-2021 05:22:54.0045 AM
[ReportManager] Initial URL: [data:,] @03-11-2021 05:22:54.0145 AM
[ReportManager] Browser Action [NavigateToURL] successfully performed. With the following test data [https://www.google.com/ncr]. @03-11-2021 05:22:55.0003 A

################################################################################################################################################
Starting Execution:	[11 out of 144] test cases in the current suite
Test Method:		[unitTests.tests_validations_assertions.assertElementAttribute_false_containsComparison_expectedToFail]
################################################################################################################################################
[ReportManager] Element Action [Type] successfully performed. With the following test data [Automation123]. @03-11-2021 05:22:55.0698 AM
[ReportManager] Element Action [GetText] successfully performed. With the following test data [Automation123]. @03-11-2021 05:22:55.0925 AM
[ReportManager] Loaded Shared OpenCV @03-11-2021 05:22:56.0279 AM
[ReportManager] Assertion [ValidateElementAttribute] FAILED. Expected [Value Should not be 'Automation' for the 'text' attribute, element locator 'By.name: q'] and Actual [Automation123]. Comparison Type [CONTAINS]. Validation Type [NEGATIVE]. @03-11-2021 05:22:56.0531 AM
[ReportManager] Successfully created attachment [Screenshot - 1635916976279_assertElementAttribute_false_containsComparison_expectedToFail_ValidateElementAttribute_failed] @03-11-2021 05:22:56.0533 A
[ReportManager] Browser Action [CloseCurrentWindow] successfully performed. @03-11-2021 05:22:56.0696 AM
[ReportManager] Successfully created attachment [Browser Action Test Data - CloseCurrentWindow - Actual Value] @03-11-2021 05:22:56.0697 A
[ReportManager] File Action [GetAbsolutePath] successfully performed. With the following test data [Relative Folder Path: "target/downloadedFiles/"]. @03-11-2021 05:22:56.0707 AM
[ReportManager] Attempting to run remotely on: [Linux-64], [GoogleChrome], [http://localhost:4444/wd/hub], Headless Execution. @03-11-2021 05:22:56.0707 AM
[ReportManager] Successfully Opened [GoogleChrome]. @03-11-2021 05:22:59.0036 AM
[ReportManager] Target URL: [https://www.google.com/ncr], and after redirection: [www.google.com] @03-11-2021 05:22:59.0036 AM
[ReportManager] Initial URL: [data:,] @03-11-2021 05:22:59.0162 AM
[ReportManager] Browser Action [NavigateToURL] successfully performed. With the following test data [https://www.google.com/ncr]. @03-11-2021 05:23:00.0102 A

################################################################################################################################################
Starting Execution:	[12 out of 144] test cases in the current suite
Test Method:		[unitTests.tests_validations_assertions.assertElementAttribute_false_containsComparison_expectedToPass]
################################################################################################################################################
[ReportManager] Element Action [Type] successfully performed. With the following test data [Automation123]. @03-11-2021 05:23:00.0900 AM
[ReportManager] Element Action [GetText] successfully performed. With the following test data [Automation123]. @03-11-2021 05:23:01.0135 AM
[ReportManager] Loaded Shared OpenCV @03-11-2021 05:23:01.0439 AM
[ReportManager] Assertion [ValidateElementAttribute] PASSED. Expected [Value Should not be 'Automation1234' for the 'text' attribute, element locator 'By.name: q'] and Actual [Automation123]. Comparison Type [CONTAINS]. Validation Type [NEGATIVE]. @03-11-2021 05:23:01.0686 AM
[ReportManager] Successfully created attachment [Screenshot - 1635916981439_assertElementAttribute_false_containsComparison_expectedToPass_ValidateElementAttribute_passed] @03-11-2021 05:23:01.0689 A
[ReportManager] Browser Action [CloseCurrentWindow] successfully performed. @03-11-2021 05:23:01.0847 AM
[ReportManager] Successfully created attachment [Browser Action Test Data - CloseCurrentWindow - Actual Value] @03-11-2021 05:23:01.0849 A
[ReportManager] File Action [GetAbsolutePath] successfully performed. With the following test data [Relative Folder Path: "target/downloadedFiles/"]. @03-11-2021 05:23:01.0852 AM
[ReportManager] Attempting to run remotely on: [Linux-64], [GoogleChrome], [http://localhost:4444/wd/hub], Headless Execution. @03-11-2021 05:23:01.0852 AM
[ReportManager] Successfully Opened [GoogleChrome]. @03-11-2021 05:23:04.0002 AM
[ReportManager] Target URL: [https://www.google.com/ncr], and after redirection: [www.google.com] @03-11-2021 05:23:04.0002 AM
[ReportManager] Initial URL: [data:,] @03-11-2021 05:23:04.0089 AM
[ReportManager] Browser Action [NavigateToURL] successfully performed. With the following test data [https://www.google.com/ncr]. @03-11-2021 05:23:04.0890 A

################################################################################################################################################
Starting Execution:	[13 out of 144] test cases in the current suite
Test Method:		[unitTests.tests_validations_assertions.assertElementAttribute_false_literalComparison_expectedToFail]
################################################################################################################################################
[ReportManager] Element Action [Type] successfully performed. With the following test data [Automation!@#$%^&*()_+{}[]\';/.,]. @03-11-2021 05:23:05.0548 AM
[ReportManager] Element Action [GetText] successfully performed. With the following test data [Automation!@#$%^&*()_+{}[]\';/.,]. @03-11-2021 05:23:05.0736 AM
[ReportManager] Loaded Shared OpenCV @03-11-2021 05:23:06.0025 AM
[ReportManager] Assertion [ValidateElementAttribute] PASSED. Expected [Value Should not be 'Automation!@#$%^&*()_+{}[]\\';/.,' for the 'text' attribute, element locator 'By.name: q'] and Actual [Automation!@#$%^&*()_+{}[]\';/.,]. Comparison Type [EQUALS]. Validation Type [NEGATIVE]. @03-11-2021 05:23:06.0262 AM
[ReportManager] Successfully created attachment [Screenshot - 1635916986025_assertElementAttribute_false_literalComparison_expectedToFail_ValidateElementAttribute_passed] @03-11-2021 05:23:06.0263 A
[ReportManager] Browser Action [CloseCurrentWindow] successfully performed. @03-11-2021 05:23:06.0425 AM
[ReportManager] Successfully created attachment [Browser Action Test Data - CloseCurrentWindow - Actual Value] @03-11-2021 05:23:06.0426 A
[ReportManager] File Action [GetAbsolutePath] successfully performed. With the following test data [Relative Folder Path: "target/downloadedFiles/"]. @03-11-2021 05:23:06.0433 AM
[ReportManager] Attempting to run remotely on: [Linux-64], [GoogleChrome], [http://localhost:4444/wd/hub], Headless Execution. @03-11-2021 05:23:06.0433 AM
[ReportManager] Successfully Opened [GoogleChrome]. @03-11-2021 05:23:09.0005 AM
[ReportManager] Target URL: [https://www.google.com/ncr], and after redirection: [www.google.com] @03-11-2021 05:23:09.0006 AM
[ReportManager] Initial URL: [data:,] @03-11-2021 05:23:09.0104 AM
[ReportManager] Browser Action [NavigateToURL] successfully performed. With the following test data [https://www.google.com/ncr]. @03-11-2021 05:23:09.0878 A

################################################################################################################################################
Starting Execution:	[14 out of 144] test cases in the current suite
Test Method:		[unitTests.tests_validations_assertions.assertElementAttribute_false_literalComparison_expectedToPass]
################################################################################################################################################
[ReportManager] Element Action [Type] successfully performed. With the following test data [Automation!@#$%^&*()_+{}[]\';/.,]. @03-11-2021 05:23:10.0502 AM
[ReportManager] Element Action [GetText] successfully performed. With the following test data [Automation!@#$%^&*()_+{}[]\';/.,]. @03-11-2021 05:23:10.0678 AM
[ReportManager] Loaded Shared OpenCV @03-11-2021 05:23:10.0961 AM
[ReportManager] Assertion [ValidateElementAttribute] PASSED. Expected [Value Should not be 'Automation' for the 'text' attribute, element locator 'By.name: q'] and Actual [Automation!@#$%^&*()_+{}[]\';/.,]. Comparison Type [EQUALS]. Validation Type [NEGATIVE]. @03-11-2021 05:23:11.0256 AM
[ReportManager] Successfully created attachment [Screenshot - 1635916990961_assertElementAttribute_false_literalComparison_expectedToPass_ValidateElementAttribute_passed] @03-11-2021 05:23:11.0257 A
[ReportManager] Browser Action [CloseCurrentWindow] successfully performed. @03-11-2021 05:23:11.0424 AM
[ReportManager] Successfully created attachment [Browser Action Test Data - CloseCurrentWindow - Actual Value] @03-11-2021 05:23:11.0425 A
[ReportManager] File Action [GetAbsolutePath] successfully performed. With the following test data [Relative Folder Path: "target/downloadedFiles/"]. @03-11-2021 05:23:11.0428 AM
[ReportManager] Attempting to run remotely on: [Linux-64], [GoogleChrome], [http://localhost:4444/wd/hub], Headless Execution. @03-11-2021 05:23:11.0429 AM
[ReportManager] Successfully Opened [GoogleChrome]. @03-11-2021 05:23:14.0021 AM
[ReportManager] Target URL: [https://www.google.com/ncr], and after redirection: [www.google.com] @03-11-2021 05:23:14.0021 AM
[ReportManager] Initial URL: [data:,] @03-11-2021 05:23:14.0114 AM
[ReportManager] Browser Action [NavigateToURL] successfully performed. With the following test data [https://www.google.com/ncr]. @03-11-2021 05:23:14.0847 A

################################################################################################################################################
Starting Execution:	[15 out of 144] test cases in the current suite
Test Method:		[unitTests.tests_validations_assertions.assertElementAttribute_false_regexComparison_expectedToFail]
################################################################################################################################################
[ReportManager] Element Action [Type] successfully performed. With the following test data [Automation123]. @03-11-2021 05:23:15.0415 AM
[ReportManager] Element Action [GetText] successfully performed. With the following test data [Automation123]. @03-11-2021 05:23:15.0587 AM
[ReportManager] Loaded Shared OpenCV @03-11-2021 05:23:15.0858 AM
[ReportManager] Assertion [ValidateElementAttribute] FAILED. Expected [Value Should not be 'Automation.*' for the 'text' attribute, element locator 'By.name: q'] and Actual [Automation123]. Comparison Type [MATCHES]. Validation Type [NEGATIVE]. @03-11-2021 05:23:16.0089 AM
[ReportManager] Successfully created attachment [Screenshot - 1635916995857_assertElementAttribute_false_regexComparison_expectedToFail_ValidateElementAttribute_failed] @03-11-2021 05:23:16.0091 A
[ReportManager] Browser Action [CloseCurrentWindow] successfully performed. @03-11-2021 05:23:16.0235 AM
[ReportManager] Successfully created attachment [Browser Action Test Data - CloseCurrentWindow - Actual Value] @03-11-2021 05:23:16.0236 A
[ReportManager] File Action [GetAbsolutePath] successfully performed. With the following test data [Relative Folder Path: "target/downloadedFiles/"]. @03-11-2021 05:23:16.0239 AM
[ReportManager] Attempting to run remotely on: [Linux-64], [GoogleChrome], [http://localhost:4444/wd/hub], Headless Execution. @03-11-2021 05:23:16.0239 AM
[ReportManager] Successfully Opened [GoogleChrome]. @03-11-2021 05:23:19.0003 AM
[ReportManager] Target URL: [https://www.google.com/ncr], and after redirection: [www.google.com] @03-11-2021 05:23:19.0003 AM
[ReportManager] Initial URL: [data:,] @03-11-2021 05:23:19.0089 AM
[ReportManager] Browser Action [NavigateToURL] successfully performed. With the following test data [https://www.google.com/ncr]. @03-11-2021 05:23:19.0819 A

################################################################################################################################################
Starting Execution:	[16 out of 144] test cases in the current suite
Test Method:		[unitTests.tests_validations_assertions.assertElementAttribute_false_regexComparison_expectedToPass]
################################################################################################################################################
[ReportManager] Element Action [Type] successfully performed. With the following test data [Automation123]. @03-11-2021 05:23:20.0381 AM
[ReportManager] Element Action [GetText] successfully performed. With the following test data [Automation123]. @03-11-2021 05:23:20.0516 AM
[ReportManager] Loaded Shared OpenCV @03-11-2021 05:23:20.0770 AM
[ReportManager] Assertion [ValidateElementAttribute] PASSED. Expected [Value Should not be 'Automation' for the 'text' attribute, element locator 'By.name: q'] and Actual [Automation123]. Comparison Type [MATCHES]. Validation Type [NEGATIVE]. @03-11-2021 05:23:20.0979 AM
[ReportManager] Successfully created attachment [Screenshot - 1635917000770_assertElementAttribute_false_regexComparison_expectedToPass_ValidateElementAttribute_passed] @03-11-2021 05:23:20.0980 A
[ReportManager] Browser Action [CloseCurrentWindow] successfully performed. @03-11-2021 05:23:21.0137 AM
[ReportManager] Successfully created attachment [Browser Action Test Data - CloseCurrentWindow - Actual Value] @03-11-2021 05:23:21.0138 A
[ReportManager] File Action [GetAbsolutePath] successfully performed. With the following test data [Relative Folder Path: "target/downloadedFiles/"]. @03-11-2021 05:23:21.0145 AM
[ReportManager] Attempting to run remotely on: [Linux-64], [GoogleChrome], [http://localhost:4444/wd/hub], Headless Execution. @03-11-2021 05:23:21.0145 AM
[ReportManager] Successfully Opened [GoogleChrome]. @03-11-2021 05:23:24.0013 AM
[ReportManager] Target URL: [https://www.google.com/ncr], and after redirection: [www.google.com] @03-11-2021 05:23:24.0014 AM
[ReportManager] Initial URL: [data:,] @03-11-2021 05:23:24.0114 AM
[ReportManager] Browser Action [NavigateToURL] successfully performed. With the following test data [https://www.google.com/ncr]. @03-11-2021 05:23:24.0987 A

################################################################################################################################################
Starting Execution:	[17 out of 144] test cases in the current suite
Test Method:		[unitTests.tests_validations_assertions.assertElementAttribute_true_caseInsensitiveComparison_expectedToFail]
################################################################################################################################################
[ReportManager] Element Action [Type] successfully performed. With the following test data [AUTOMATION]. @03-11-2021 05:23:25.0463 AM
[ReportManager] Element Action [GetText] successfully performed. With the following test data [AUTOMATION]. @03-11-2021 05:23:25.0611 AM
[ReportManager] Loaded Shared OpenCV @03-11-2021 05:23:25.0887 AM
[ReportManager] Assertion [ValidateElementAttribute] FAILED. Expected [Value Should be 'AutomaTion123' for the 'text' attribute, element locator 'By.name: q'] and Actual [AUTOMATION]. Comparison Type [CASE_INSENSITIVE]. Validation Type [POSITIVE]. @03-11-2021 05:23:26.0124 AM
[ReportManager] Successfully created attachment [Screenshot - 1635917005887_assertElementAttribute_true_caseInsensitiveComparison_expectedToFail_ValidateElementAttribute_failed] @03-11-2021 05:23:26.0125 A
[ReportManager] Browser Action [CloseCurrentWindow] successfully performed. @03-11-2021 05:23:26.0264 AM
[ReportManager] Successfully created attachment [Browser Action Test Data - CloseCurrentWindow - Actual Value] @03-11-2021 05:23:26.0265 A
[ReportManager] File Action [GetAbsolutePath] successfully performed. With the following test data [Relative Folder Path: "target/downloadedFiles/"]. @03-11-2021 05:23:26.0275 AM
[ReportManager] Attempting to run remotely on: [Linux-64], [GoogleChrome], [http://localhost:4444/wd/hub], Headless Execution. @03-11-2021 05:23:26.0275 AM
[ReportManager] Successfully Opened [GoogleChrome]. @03-11-2021 05:23:29.0019 AM
[ReportManager] Target URL: [https://www.google.com/ncr], and after redirection: [www.google.com] @03-11-2021 05:23:29.0020 AM
[ReportManager] Initial URL: [data:,] @03-11-2021 05:23:29.0086 AM
[ReportManager] Browser Action [NavigateToURL] successfully performed. With the following test data [https://www.google.com/ncr]. @03-11-2021 05:23:29.0812 A

################################################################################################################################################
Starting Execution:	[18 out of 144] test cases in the current suite
Test Method:		[unitTests.tests_validations_assertions.assertElementAttribute_true_caseInsensitiveComparison_expectedToPass]
################################################################################################################################################
[ReportManager] Element Action [Type] successfully performed. With the following test data [AUTOMATION]. @03-11-2021 05:23:30.0345 AM
[ReportManager] Element Action [GetText] successfully performed. With the following test data [AUTOMATION]. @03-11-2021 05:23:30.0486 AM
[ReportManager] Loaded Shared OpenCV @03-11-2021 05:23:30.0762 AM
[ReportManager] Assertion [ValidateElementAttribute] PASSED. Expected [Value Should be 'AutomaTion' for the 'text' attribute, element locator 'By.name: q'] and Actual [AUTOMATION]. Comparison Type [CASE_INSENSITIVE]. Validation Type [POSITIVE]. @03-11-2021 05:23:30.0977 AM
[ReportManager] Successfully created attachment [Screenshot - 1635917010762_assertElementAttribute_true_caseInsensitiveComparison_expectedToPass_ValidateElementAttribute_passed] @03-11-2021 05:23:30.0978 A
[ReportManager] Browser Action [CloseCurrentWindow] successfully performed. @03-11-2021 05:23:31.0127 AM
[ReportManager] Successfully created attachment [Browser Action Test Data - CloseCurrentWindow - Actual Value] @03-11-2021 05:23:31.0128 A
[ReportManager] File Action [GetAbsolutePath] successfully performed. With the following test data [Relative Folder Path: "target/downloadedFiles/"]. @03-11-2021 05:23:31.0132 AM
[ReportManager] Attempting to run remotely on: [Linux-64], [GoogleChrome], [http://localhost:4444/wd/hub], Headless Execution. @03-11-2021 05:23:31.0133 AM
[ReportManager] Successfully Opened [GoogleChrome]. @03-11-2021 05:23:34.0000 AM
[ReportManager] Target URL: [https://www.google.com/ncr], and after redirection: [www.google.com] @03-11-2021 05:23:34.0000 AM
[ReportManager] Initial URL: [data:,] @03-11-2021 05:23:34.0107 AM
[ReportManager] Browser Action [NavigateToURL] successfully performed. With the following test data [https://www.google.com/ncr]. @03-11-2021 05:23:34.0854 A

################################################################################################################################################
Starting Execution:	[19 out of 144] test cases in the current suite
Test Method:		[unitTests.tests_validations_assertions.assertElementAttribute_true_containsComparison_expectedToFail]
################################################################################################################################################
[ReportManager] Element Action [Type] successfully performed. With the following test data [Automation123]. @03-11-2021 05:23:35.0287 AM
[ReportManager] Element Action [GetText] successfully performed. With the following test data [Automation123]. @03-11-2021 05:23:35.0419 AM
[ReportManager] Loaded Shared OpenCV @03-11-2021 05:23:35.0707 AM
[ReportManager] Assertion [ValidateElementAttribute] FAILED. Expected [Value Should be 'Automation1234' for the 'text' attribute, element locator 'By.name: q'] and Actual [Automation123]. Comparison Type [CONTAINS]. Validation Type [POSITIVE]. @03-11-2021 05:23:35.0927 AM
[ReportManager] Successfully created attachment [Screenshot - 1635917015707_assertElementAttribute_true_containsComparison_expectedToFail_ValidateElementAttribute_failed] @03-11-2021 05:23:35.0928 A
[ReportManager] Browser Action [CloseCurrentWindow] successfully performed. @03-11-2021 05:23:36.0074 AM
[ReportManager] Successfully created attachment [Browser Action Test Data - CloseCurrentWindow - Actual Value] @03-11-2021 05:23:36.0075 A
[ReportManager] File Action [GetAbsolutePath] successfully performed. With the following test data [Relative Folder Path: "target/downloadedFiles/"]. @03-11-2021 05:23:36.0078 AM
[ReportManager] Attempting to run remotely on: [Linux-64], [GoogleChrome], [http://localhost:4444/wd/hub], Headless Execution. @03-11-2021 05:23:36.0078 AM
[ReportManager] Successfully Opened [GoogleChrome]. @03-11-2021 05:23:39.0014 AM
[ReportManager] Target URL: [https://www.google.com/ncr], and after redirection: [www.google.com] @03-11-2021 05:23:39.0014 AM
[ReportManager] Initial URL: [data:,] @03-11-2021 05:23:39.0151 AM
[ReportManager] Browser Action [NavigateToURL] successfully performed. With the following test data [https://www.google.com/ncr]. @03-11-2021 05:23:39.0935 A

################################################################################################################################################
Starting Execution:	[20 out of 144] test cases in the current suite
Test Method:		[unitTests.tests_validations_assertions.assertElementAttribute_true_containsComparison_expectedToPass]
################################################################################################################################################
[ReportManager] Element Action [Type] successfully performed. With the following test data [Automation123]. @03-11-2021 05:23:40.0490 AM
[ReportManager] Element Action [GetText] successfully performed. With the following test data [Automation123]. @03-11-2021 05:23:40.0678 AM
[ReportManager] Loaded Shared OpenCV @03-11-2021 05:23:40.0982 AM
[ReportManager] Assertion [ValidateElementAttribute] PASSED. Expected [Value Should be 'Automation' for the 'text' attribute, element locator 'By.name: q'] and Actual [Automation123]. Comparison Type [CONTAINS]. Validation Type [POSITIVE]. @03-11-2021 05:23:41.0211 AM
[ReportManager] Successfully created attachment [Screenshot - 1635917020982_assertElementAttribute_true_containsComparison_expectedToPass_ValidateElementAttribute_passed] @03-11-2021 05:23:41.0212 A
[ReportManager] Browser Action [CloseCurrentWindow] successfully performed. @03-11-2021 05:23:41.0350 AM
[ReportManager] Successfully created attachment [Browser Action Test Data - CloseCurrentWindow - Actual Value] @03-11-2021 05:23:41.0350 A
[ReportManager] File Action [GetAbsolutePath] successfully performed. With the following test data [Relative Folder Path: "target/downloadedFiles/"]. @03-11-2021 05:23:41.0353 AM
[ReportManager] Attempting to run remotely on: [Linux-64], [GoogleChrome], [http://localhost:4444/wd/hub], Headless Execution. @03-11-2021 05:23:41.0354 AM
[ReportManager] Successfully Opened [GoogleChrome]. @03-11-2021 05:23:44.0006 AM
[ReportManager] Target URL: [https://www.google.com/ncr], and after redirection: [www.google.com] @03-11-2021 05:23:44.0006 AM
[ReportManager] Initial URL: [data:,] @03-11-2021 05:23:44.0060 AM
[ReportManager] Browser Action [NavigateToURL] successfully performed. With the following test data [https://www.google.com/ncr]. @03-11-2021 05:23:44.0809 A

################################################################################################################################################
Starting Execution:	[21 out of 144] test cases in the current suite
Test Method:		[unitTests.tests_validations_assertions.assertElementAttribute_true_literalComparison_expectedToFail]
################################################################################################################################################
[ReportManager] Element Action [Type] successfully performed. With the following test data [Automation!@#$%^&*()_+{}[]\';/.,]. @03-11-2021 05:23:45.0357 AM
[ReportManager] Element Action [GetText] successfully performed. With the following test data [Automation!@#$%^&*()_+{}[]\';/.,]. @03-11-2021 05:23:45.0513 AM
[ReportManager] Loaded Shared OpenCV @03-11-2021 05:23:45.0790 AM
[ReportManager] Assertion [ValidateElementAttribute] FAILED. Expected [Value Should be 'Automation' for the 'text' attribute, element locator 'By.name: q'] and Actual [Automation!@#$%^&*()_+{}[]\';/.,]. Comparison Type [EQUALS]. Validation Type [POSITIVE]. @03-11-2021 05:23:46.0028 AM
[ReportManager] Successfully created attachment [Screenshot - 1635917025790_assertElementAttribute_true_literalComparison_expectedToFail_ValidateElementAttribute_failed] @03-11-2021 05:23:46.0030 A
[ReportManager] Browser Action [CloseCurrentWindow] successfully performed. @03-11-2021 05:23:46.0171 AM
[ReportManager] Successfully created attachment [Browser Action Test Data - CloseCurrentWindow - Actual Value] @03-11-2021 05:23:46.0172 A
[ReportManager] File Action [GetAbsolutePath] successfully performed. With the following test data [Relative Folder Path: "target/downloadedFiles/"]. @03-11-2021 05:23:46.0177 AM
[ReportManager] Attempting to run remotely on: [Linux-64], [GoogleChrome], [http://localhost:4444/wd/hub], Headless Execution. @03-11-2021 05:23:46.0177 AM
[ReportManager] Successfully Opened [GoogleChrome]. @03-11-2021 05:23:48.0998 AM
[ReportManager] Target URL: [https://www.google.com/ncr], and after redirection: [www.google.com] @03-11-2021 05:23:48.0999 AM
[ReportManager] Initial URL: [data:,] @03-11-2021 05:23:49.0058 AM
[ReportManager] Browser Action [NavigateToURL] successfully performed. With the following test data [https://www.google.com/ncr]. @03-11-2021 05:23:49.0827 A

################################################################################################################################################
Starting Execution:	[22 out of 144] test cases in the current suite
Test Method:		[unitTests.tests_validations_assertions.assertElementAttribute_true_literalComparison_expectedToPass]
################################################################################################################################################
[ReportManager] Element Action [Type] successfully performed. With the following test data [Automation!@#$%^&*()_+{}[]\';/.,]. @03-11-2021 05:23:50.0383 AM
[ReportManager] Element Action [GetText] successfully performed. With the following test data [Automation!@#$%^&*()_+{}[]\';/.,]. @03-11-2021 05:23:50.0552 AM
[ReportManager] Loaded Shared OpenCV @03-11-2021 05:23:50.0804 AM
[ReportManager] Assertion [ValidateElementAttribute] PASSED. Expected [Value Should be 'Automation!@#$%^&*()_+{}[]\';/.,' for the 'text' attribute, element locator 'By.name: q'] and Actual [Automation!@#$%^&*()_+{}[]\';/.,]. Comparison Type [EQUALS]. Validation Type [POSITIVE]. @03-11-2021 05:23:51.0031 AM
[ReportManager] Successfully created attachment [Screenshot - 1635917030804_assertElementAttribute_true_literalComparison_expectedToPass_ValidateElementAttribute_passed] @03-11-2021 05:23:51.0034 A
[ReportManager] Browser Action [CloseCurrentWindow] successfully performed. @03-11-2021 05:23:51.0180 AM
[ReportManager] Successfully created attachment [Browser Action Test Data - CloseCurrentWindow - Actual Value] @03-11-2021 05:23:51.0181 A
[ReportManager] File Action [GetAbsolutePath] successfully performed. With the following test data [Relative Folder Path: "target/downloadedFiles/"]. @03-11-2021 05:23:51.0184 AM
[ReportManager] Attempting to run remotely on: [Linux-64], [GoogleChrome], [http://localhost:4444/wd/hub], Headless Execution. @03-11-2021 05:23:51.0184 AM
[ReportManager] Successfully Opened [GoogleChrome]. @03-11-2021 05:23:54.0022 AM
[ReportManager] Target URL: [https://www.google.com/ncr], and after redirection: [www.google.com] @03-11-2021 05:23:54.0022 AM
[ReportManager] Initial URL: [data:,] @03-11-2021 05:23:54.0065 AM
[ReportManager] Browser Action [NavigateToURL] successfully performed. With the following test data [https://www.google.com/ncr]. @03-11-2021 05:23:54.0782 A

################################################################################################################################################
Starting Execution:	[23 out of 144] test cases in the current suite
Test Method:		[unitTests.tests_validations_assertions.assertElementAttribute_true_regexComparison_expectedToFail]
################################################################################################################################################
[ReportManager] Element Action [Type] successfully performed. With the following test data [Automation123]. @03-11-2021 05:23:55.0238 AM
[ReportManager] Element Action [GetText] successfully performed. With the following test data [Automation123]. @03-11-2021 05:23:55.0379 AM
[ReportManager] Loaded Shared OpenCV @03-11-2021 05:23:55.0624 AM
[ReportManager] Assertion [ValidateElementAttribute] FAILED. Expected [Value Should be 'Automation' for the 'text' attribute, element locator 'By.name: q'] and Actual [Automation123]. Comparison Type [MATCHES]. Validation Type [POSITIVE]. @03-11-2021 05:23:55.0836 AM
[ReportManager] Successfully created attachment [Screenshot - 1635917035624_assertElementAttribute_true_regexComparison_expectedToFail_ValidateElementAttribute_failed] @03-11-2021 05:23:55.0837 A
[ReportManager] Browser Action [CloseCurrentWindow] successfully performed. @03-11-2021 05:23:55.0994 AM
[ReportManager] Successfully created attachment [Browser Action Test Data - CloseCurrentWindow - Actual Value] @03-11-2021 05:23:55.0994 A
[ReportManager] File Action [GetAbsolutePath] successfully performed. With the following test data [Relative Folder Path: "target/downloadedFiles/"]. @03-11-2021 05:23:55.0998 AM
[ReportManager] Attempting to run remotely on: [Linux-64], [GoogleChrome], [http://localhost:4444/wd/hub], Headless Execution. @03-11-2021 05:23:55.0998 AM
[ReportManager] Successfully Opened [GoogleChrome]. @03-11-2021 05:23:59.0018 AM
[ReportManager] Target URL: [https://www.google.com/ncr], and after redirection: [www.google.com] @03-11-2021 05:23:59.0019 AM
[ReportManager] Initial URL: [data:,] @03-11-2021 05:23:59.0067 AM
[ReportManager] Browser Action [NavigateToURL] successfully performed. With the following test data [https://www.google.com/ncr]. @03-11-2021 05:23:59.0832 A

################################################################################################################################################
Starting Execution:	[24 out of 144] test cases in the current suite
Test Method:		[unitTests.tests_validations_assertions.assertElementAttribute_true_regexComparison_expectedToPass]
################################################################################################################################################
[ReportManager] Element Action [Type] successfully performed. With the following test data [Automation123]. @03-11-2021 05:24:00.0405 AM
[ReportManager] Element Action [GetText] successfully performed. With the following test data [Automation123]. @03-11-2021 05:24:00.0576 AM
[ReportManager] Loaded Shared OpenCV @03-11-2021 05:24:00.0833 AM
[ReportManager] Assertion [ValidateElementAttribute] PASSED. Expected [Value Should be 'Automation.*' for the 'text' attribute, element locator 'By.name: q'] and Actual [Automation123]. Comparison Type [MATCHES]. Validation Type [POSITIVE]. @03-11-2021 05:24:01.0065 AM
[ReportManager] Successfully created attachment [Screenshot - 1635917040833_assertElementAttribute_true_regexComparison_expectedToPass_ValidateElementAttribute_passed] @03-11-2021 05:24:01.0066 A
[ReportManager] Browser Action [CloseCurrentWindow] successfully performed. @03-11-2021 05:24:01.0202 AM
[ReportManager] Successfully created attachment [Browser Action Test Data - CloseCurrentWindow - Actual Value] @03-11-2021 05:24:01.0203 A
[ReportManager] File Action [GetAbsolutePath] successfully performed. With the following test data [Relative Folder Path: "target/downloadedFiles/"]. @03-11-2021 05:24:01.0211 AM
[ReportManager] Attempting to run remotely on: [Linux-64], [GoogleChrome], [http://localhost:4444/wd/hub], Headless Execution. @03-11-2021 05:24:01.0212 AM
[ReportManager] Successfully Opened [GoogleChrome]. @03-11-2021 05:24:04.0022 AM
[ReportManager] Target URL: [https://www.google.com/ncr], and after redirection: [www.google.com] @03-11-2021 05:24:04.0022 AM
[ReportManager] Initial URL: [data:,] @03-11-2021 05:24:04.0076 AM
[ReportManager] Browser Action [NavigateToURL] successfully performed. With the following test data [https://www.google.com/ncr]. @03-11-2021 05:24:04.0904 A

################################################################################################################################################
Starting Execution:	[25 out of 144] test cases in the current suite
Test Method:		[unitTests.tests_validations_assertions.assertElementAttribute_type_true_literalComparison_expectedToPass]
################################################################################################################################################
[ReportManager] Element Action [Type] successfully performed. With the following test data [Automation!@#$%^&*()_+{}[]\';/.,]. @03-11-2021 05:24:05.0609 AM
[ReportManager] Element Action [GetText] successfully performed. With the following test data [Automation!@#$%^&*()_+{}[]\';/.,]. @03-11-2021 05:24:05.0743 AM
[ReportManager] Loaded Shared OpenCV @03-11-2021 05:24:05.0996 AM
[ReportManager] Assertion [ValidateElementAttribute] PASSED. Expected [Value Should be 'Automation!@#$%^&*()_+{}[]\';/.,' for the 'text' attribute, element locator 'By.name: q'] and Actual [Automation!@#$%^&*()_+{}[]\';/.,]. Comparison Type [EQUALS]. Validation Type [POSITIVE]. @03-11-2021 05:24:06.0225 AM
[ReportManager] Successfully created attachment [Screenshot - 1635917045996_assertElementAttribute_type_true_literalComparison_expectedToPass_ValidateElementAttribute_passed] @03-11-2021 05:24:06.0227 A
[ReportManager] Browser Action [CloseCurrentWindow] successfully performed. @03-11-2021 05:24:06.0415 AM
[ReportManager] Successfully created attachment [Browser Action Test Data - CloseCurrentWindow - Actual Value] @03-11-2021 05:24:06.0416 A
[ReportManager] File Action [GetAbsolutePath] successfully performed. With the following test data [Relative Folder Path: "target/downloadedFiles/"]. @03-11-2021 05:24:06.0420 AM
[ReportManager] Attempting to run remotely on: [Linux-64], [GoogleChrome], [http://localhost:4444/wd/hub], Headless Execution. @03-11-2021 05:24:06.0420 AM
[ReportManager] Successfully Opened [GoogleChrome]. @03-11-2021 05:24:09.0019 AM
[ReportManager] Target URL: [https://www.google.com/ncr], and after redirection: [www.google.com] @03-11-2021 05:24:09.0020 AM
[ReportManager] Initial URL: [data:,] @03-11-2021 05:24:09.0089 AM
[ReportManager] Browser Action [NavigateToURL] successfully performed. With the following test data [https://www.google.com/ncr]. @03-11-2021 05:24:09.0814 A

################################################################################################################################################
Starting Execution:	[26 out of 144] test cases in the current suite
Test Method:		[unitTests.tests_validations_assertions.assertElementExists_false_expectedToFail]
################################################################################################################################################
[ReportManager] Assertion [ValidateElementExists] PASSED. Expected [Element Should not Exist, locator 'By.id: hplogo'] and Actual [Element Doesn't Exists]. Comparison Type [EQUALS]. Validation Type [NEGATIVE]. @03-11-2021 05:24:20.0496 AM
[ReportManager] Successfully created attachment [Screenshot - 1635917060301_assertElementExists_false_expectedToFail_ValidateElementExists_passed] @03-11-2021 05:24:20.0497 A
[ReportManager] Browser Action [CloseCurrentWindow] successfully performed. @03-11-2021 05:24:20.0640 AM
[ReportManager] Successfully created attachment [Browser Action Test Data - CloseCurrentWindow - Actual Value] @03-11-2021 05:24:20.0641 A
[ReportManager] File Action [GetAbsolutePath] successfully performed. With the following test data [Relative Folder Path: "target/downloadedFiles/"]. @03-11-2021 05:24:20.0643 AM
[ReportManager] Attempting to run remotely on: [Linux-64], [GoogleChrome], [http://localhost:4444/wd/hub], Headless Execution. @03-11-2021 05:24:20.0644 AM
[ReportManager] Successfully Opened [GoogleChrome]. @03-11-2021 05:24:24.0007 AM
[ReportManager] Target URL: [https://www.google.com/ncr], and after redirection: [www.google.com] @03-11-2021 05:24:24.0007 AM
[ReportManager] Initial URL: [data:,] @03-11-2021 05:24:24.0071 AM
[ReportManager] Browser Action [NavigateToURL] successfully performed. With the following test data [https://www.google.com/ncr]. @03-11-2021 05:24:24.0788 A

################################################################################################################################################
Starting Execution:	[27 out of 144] test cases in the current suite
Test Method:		[unitTests.tests_validations_assertions.assertElementExists_false_expectedToPass]
################################################################################################################################################
[ReportManager] Assertion [ValidateElementExists] PASSED. Expected [Element Should not Exist, locator 'By.id: fakeElement'] and Actual [Element Doesn't Exists]. Comparison Type [EQUALS]. Validation Type [NEGATIVE]. @03-11-2021 05:24:35.0410 AM
[ReportManager] Successfully created attachment [Screenshot - 1635917075229_assertElementExists_false_expectedToPass_ValidateElementExists_passed] @03-11-2021 05:24:35.0411 A
[ReportManager] Browser Action [CloseCurrentWindow] successfully performed. @03-11-2021 05:24:35.0551 AM
[ReportManager] Successfully created attachment [Browser Action Test Data - CloseCurrentWindow - Actual Value] @03-11-2021 05:24:35.0552 A
[ReportManager] File Action [GetAbsolutePath] successfully performed. With the following test data [Relative Folder Path: "target/downloadedFiles/"]. @03-11-2021 05:24:35.0555 AM
[ReportManager] Attempting to run remotely on: [Linux-64], [GoogleChrome], [http://localhost:4444/wd/hub], Headless Execution. @03-11-2021 05:24:35.0556 AM
[ReportManager] Successfully Opened [GoogleChrome]. @03-11-2021 05:24:39.0023 AM
[ReportManager] Target URL: [https://www.google.com/ncr], and after redirection: [www.google.com] @03-11-2021 05:24:39.0023 AM
[ReportManager] Initial URL: [data:,] @03-11-2021 05:24:39.0089 AM
[ReportManager] Browser Action [NavigateToURL] successfully performed. With the following test data [https://www.google.com/ncr]. @03-11-2021 05:24:39.0955 A

################################################################################################################################################
Starting Execution:	[28 out of 144] test cases in the current suite
Test Method:		[unitTests.tests_validations_assertions.assertElementExists_false_multipleElementsFound_expectedToFail]
################################################################################################################################################
[ReportManager] Assertion [ValidateElementExists] FAILED. Expected [Element Should not Exist, locator 'By.xpath: //div'] and Actual [Element Exists but is not unique]. Comparison Type [EQUALS]. Validation Type [NEGATIVE]. @03-11-2021 05:24:40.0495 AM
[ReportManager] Successfully created attachment [Screenshot - 1635917080293_assertElementExists_false_multipleElementsFound_expectedToFail_ValidateElementExists_failed] @03-11-2021 05:24:40.0496 A
[ReportManager] Browser Action [CloseCurrentWindow] successfully performed. @03-11-2021 05:24:40.0632 AM
[ReportManager] Successfully created attachment [Browser Action Test Data - CloseCurrentWindow - Actual Value] @03-11-2021 05:24:40.0632 A
[ReportManager] File Action [GetAbsolutePath] successfully performed. With the following test data [Relative Folder Path: "target/downloadedFiles/"]. @03-11-2021 05:24:40.0638 AM
[ReportManager] Attempting to run remotely on: [Linux-64], [GoogleChrome], [http://localhost:4444/wd/hub], Headless Execution. @03-11-2021 05:24:40.0639 AM
[ReportManager] Successfully Opened [GoogleChrome]. @03-11-2021 05:24:44.0011 AM
[ReportManager] Target URL: [https://www.google.com/ncr], and after redirection: [www.google.com] @03-11-2021 05:24:44.0011 AM
[ReportManager] Initial URL: [data:,] @03-11-2021 05:24:44.0058 AM
[ReportManager] Browser Action [NavigateToURL] successfully performed. With the following test data [https://www.google.com/ncr]. @03-11-2021 05:24:44.0791 A

################################################################################################################################################
Starting Execution:	[29 out of 144] test cases in the current suite
Test Method:		[unitTests.tests_validations_assertions.assertElementExists_true_expectedToFail]
################################################################################################################################################
[ReportManager] Assertion [ValidateElementExists] FAILED. Expected [Element Should Exist, locator 'By.id: fakeElement'] and Actual [Element Doesn't Exists]. Comparison Type [EQUALS]. Validation Type [POSITIVE]. @03-11-2021 05:25:15.0765 AM
[ReportManager] Successfully created attachment [Screenshot - 1635917115583_assertElementExists_true_expectedToFail_ValidateElementExists_failed] @03-11-2021 05:25:15.0766 A
[ReportManager] Browser Action [CloseCurrentWindow] successfully performed. @03-11-2021 05:25:15.0904 AM
[ReportManager] Successfully created attachment [Browser Action Test Data - CloseCurrentWindow - Actual Value] @03-11-2021 05:25:15.0904 A
[ReportManager] File Action [GetAbsolutePath] successfully performed. With the following test data [Relative Folder Path: "target/downloadedFiles/"]. @03-11-2021 05:25:15.0913 AM
[ReportManager] Attempting to run remotely on: [Linux-64], [GoogleChrome], [http://localhost:4444/wd/hub], Headless Execution. @03-11-2021 05:25:15.0919 AM
[ReportManager] Successfully Opened [GoogleChrome]. @03-11-2021 05:25:19.0038 AM
[ReportManager] Target URL: [https://www.google.com/ncr], and after redirection: [www.google.com] @03-11-2021 05:25:19.0038 AM
[ReportManager] Initial URL: [data:,] @03-11-2021 05:25:19.0106 AM
[ReportManager] Browser Action [NavigateToURL] successfully performed. With the following test data [https://www.google.com/ncr]. @03-11-2021 05:25:19.0898 A

################################################################################################################################################
Starting Execution:	[30 out of 144] test cases in the current suite
Test Method:		[unitTests.tests_validations_assertions.assertElementExists_true_expectedToPass]
################################################################################################################################################
[ReportManager] Loaded Shared OpenCV @03-11-2021 05:25:20.0223 AM
[ReportManager] Assertion [ValidateElementExists] PASSED. Expected [Element Should Exist, locator 'By.xpath: //*[@id='hplogo' or @alt='Google']'] and Actual [Element Exists]. Comparison Type [EQUALS]. Validation Type [POSITIVE]. @03-11-2021 05:25:20.0441 AM
[ReportManager] Successfully created attachment [Screenshot - 1635917120222_assertElementExists_true_expectedToPass_ValidateElementExists_passed] @03-11-2021 05:25:20.0443 A
[ReportManager] Browser Action [CloseCurrentWindow] successfully performed. @03-11-2021 05:25:20.0586 AM
[ReportManager] Successfully created attachment [Browser Action Test Data - CloseCurrentWindow - Actual Value] @03-11-2021 05:25:20.0587 A
[ReportManager] File Action [GetAbsolutePath] successfully performed. With the following test data [Relative Folder Path: "target/downloadedFiles/"]. @03-11-2021 05:25:20.0590 AM
[ReportManager] Attempting to run remotely on: [Linux-64], [GoogleChrome], [http://localhost:4444/wd/hub], Headless Execution. @03-11-2021 05:25:20.0590 AM
[ReportManager] Successfully Opened [GoogleChrome]. @03-11-2021 05:25:24.0011 AM
[ReportManager] Target URL: [https://www.google.com/ncr], and after redirection: [www.google.com] @03-11-2021 05:25:24.0012 AM
[ReportManager] Initial URL: [data:,] @03-11-2021 05:25:24.0065 AM
[ReportManager] Browser Action [NavigateToURL] successfully performed. With the following test data [https://www.google.com/ncr]. @03-11-2021 05:25:24.0793 A

################################################################################################################################################
Starting Execution:	[31 out of 144] test cases in the current suite
Test Method:		[unitTests.tests_validations_assertions.assertElementExists_true_multipleElementsFound_expectedToFail]
################################################################################################################################################
[ReportManager] Assertion [ValidateElementExists] FAILED. Expected [Element Should Exist, locator 'By.xpath: //div'] and Actual [Element Exists but is not unique]. Comparison Type [EQUALS]. Validation Type [POSITIVE]. @03-11-2021 05:25:25.0306 AM
[ReportManager] Successfully created attachment [Screenshot - 1635917125136_assertElementExists_true_multipleElementsFound_expectedToFail_ValidateElementExists_failed] @03-11-2021 05:25:25.0307 A
[ReportManager] Browser Action [CloseCurrentWindow] successfully performed. @03-11-2021 05:25:25.0437 AM
[ReportManager] Successfully created attachment [Browser Action Test Data - CloseCurrentWindow - Actual Value] @03-11-2021 05:25:25.0438 A

################################################################################################################################################
Starting Execution:	[32 out of 144] test cases in the current suite
Test Method:		[unitTests.tests_validations_assertions.assertEquals_false_expectedToFail]
################################################################################################################################################
[ReportManager] Assertion [ValidateEquals] FAILED. Expected [1] and Actual [1]. Comparison Type [EQUALS]. Validation Type [NEGATIVE]. @03-11-2021 05:25:25.0442 A

################################################################################################################################################
Starting Execution:	[33 out of 144] test cases in the current suite
Test Method:		[unitTests.tests_validations_assertions.assertEquals_false_expectedToPass]
################################################################################################################################################
[ReportManager] Assertion [ValidateEquals] PASSED. Expected [1] and Actual [2]. Comparison Type [EQUALS]. Validation Type [NEGATIVE]. @03-11-2021 05:25:25.0446 A

################################################################################################################################################
Starting Execution:	[34 out of 144] test cases in the current suite
Test Method:		[unitTests.tests_validations_assertions.assertEquals_longCharacters]
################################################################################################################################################
[ReportManager] Verification [ValidateEquals] PASSED. Expected and Actual values are attached. Comparison Type [EQUALS]. Validation Type [POSITIVE]. @03-11-2021 05:25:25.0458 AM
[ReportManager] Successfully created attachment [Validation Test Data - Expected Value] @03-11-2021 05:25:25.0459 AM
[ReportManager] Successfully created attachment [Validation Test Data - Actual Value] @03-11-2021 05:25:25.0459 AM
[ReportManager] Assertion [ValidateEquals] PASSED. Expected and Actual values are attached. Comparison Type [EQUALS]. Validation Type [POSITIVE]. @03-11-2021 05:25:25.0459 AM
[ReportManager] Successfully created attachment [Validation Test Data - Expected Value] @03-11-2021 05:25:25.0460 AM
[ReportManager] Successfully created attachment [Validation Test Data - Actual Value] @03-11-2021 05:25:25.0461 A

################################################################################################################################################
Starting Execution:	[35 out of 144] test cases in the current suite
Test Method:		[unitTests.tests_validations_assertions.assertEquals_longCharacters_Discreet]
################################################################################################################################################
[ReportManager] Assertion [ValidateEquals] PASSED. Expected [1LH5pROcDBjjQk0t0mCr0lXuzQu9lcGj28kY8R1H81X67eVAQJgWQhILiRWVPUgZ6uCtK5cnBkF55Jr9vYngjGO1Iyf0Mktv6lruDlL9T8MAUPcUZJGHZtji6nIeadujDSNmWMj5d6C8zlFqw0CRqBU0hO5adIasHgBSNoLotAjce3NGXoDwAlp3rYreeV16VIyZXROQY] and Actual [1LH5pROcDBjjQk0t0mCr0lXuzQu9lcGj28kY8R1H81X67eVAQJgWQhILiRWVPUgZ6uCtK5cnBkF55Jr9vYngjGO1Iyf0Mktv6lruDlL9T8MAUPcUZJGHZtji6nIeadujDSNmWMj5d6C8zlFqw0CRqBU0hO5adIasHgBSNoLotAjce3NGXoDwAlp3rYreeV16VIyZXROQY]. Comparison Type [EQUALS]. Validation Type [POSITIVE]. @03-11-2021 05:25:25.0465 A

################################################################################################################################################
Starting Execution:	[36 out of 144] test cases in the current suite
Test Method:		[unitTests.tests_validations_assertions.assertEquals_true_expectedToFail]
################################################################################################################################################
[ReportManager] Assertion [ValidateEquals] FAILED. Expected [1] and Actual [2]. Comparison Type [EQUALS]. Validation Type [POSITIVE]. @03-11-2021 05:25:25.0468 A

################################################################################################################################################
Starting Execution:	[37 out of 144] test cases in the current suite
Test Method:		[unitTests.tests_validations_assertions.assertEquals_true_expectedToPass]
Test Description:	[Assert that assertEquals works as expected when the two values are equal.]
################################################################################################################################################
[ReportManager] Verification [ValidateEquals] PASSED. Expected [1] and Actual [1]. Comparison Type [EQUALS]. Validation Type [POSITIVE]. @03-11-2021 05:25:25.0482 AM
[ReportManager] Assertion [ValidateEquals] PASSED. Expected [1] and Actual [1]. Comparison Type [EQUALS]. Validation Type [POSITIVE]. @03-11-2021 05:25:25.0482 A

################################################################################################################################################
Starting Execution:	[38 out of 144] test cases in the current suite
Test Method:		[unitTests.tests_validations_assertions.assertEquals_true_expectedToPass__]
################################################################################################################################################
[ReportManager] Assertion [ValidateEquals] PASSED. Expected [1] and Actual [1]. Comparison Type [EQUALS]. Validation Type [POSITIVE]. @03-11-2021 05:25:25.0485 A

################################################################################################################################################
Starting Execution:	[39 out of 144] test cases in the current suite
Test Method:		[unitTests.tests_validations_assertions.assertFileExists_false_expectedToFail]
################################################################################################################################################
[ReportManager] File Action [DoesFileExist] successfully performed. With the following test data [File Path: "src/main/java/com/shaft/gui/element/ElementActions.java"]. @03-11-2021 05:25:25.0489 AM
[ReportManager] Assertion [ValidateFileExists] FAILED. Expected [File 'src/main/java/com/shaft/gui/element/ElementActions.java' should not exist, after up to '1' retries] and Actual [File exists]. Validation Type [NEGATIVE]. @03-11-2021 05:25:25.0500 A

################################################################################################################################################
Starting Execution:	[40 out of 144] test cases in the current suite
Test Method:		[unitTests.tests_validations_assertions.assertFileExists_false_expectedToPass]
################################################################################################################################################
[ReportManager] File Action [DoesFileExist] successfully performed. With the following test data [File Path: "src/main/java/com/shaft/gui/element/ElementActions.java_fail"]. @03-11-2021 05:25:26.0005 AM
[ReportManager] Assertion [ValidateFileExists] PASSED. Expected [File 'src/main/java/com/shaft/gui/element/ElementActions.java_fail' should not exist, after up to '1' retries] and Actual [File does not exist]. Validation Type [NEGATIVE]. @03-11-2021 05:25:26.0005 A

################################################################################################################################################
Starting Execution:	[41 out of 144] test cases in the current suite
Test Method:		[unitTests.tests_validations_assertions.assertFileExists_true_expectedToFail]
################################################################################################################################################
[ReportManager] File Action [DoesFileExist] successfully performed. With the following test data [File Path: "src/main/java/com/shaft/gui/element/ElementActions.java_fail"]. @03-11-2021 05:25:26.0511 AM
[ReportManager] Assertion [ValidateFileExists] FAILED. Expected [File 'src/main/java/com/shaft/gui/element/ElementActions.java_fail' should exist, after up to '1' retries] and Actual [File does not exist]. Validation Type [POSITIVE]. @03-11-2021 05:25:26.0511 A

################################################################################################################################################
Starting Execution:	[42 out of 144] test cases in the current suite
Test Method:		[unitTests.tests_validations_assertions.assertFileExists_true_expectedToPass]
################################################################################################################################################
[ReportManager] File Action [DoesFileExist] successfully performed. With the following test data [File Path: "src/main/java/com/shaft/gui/element/ElementActions.java"]. @03-11-2021 05:25:26.0516 AM
[ReportManager] Assertion [ValidateFileExists] PASSED. Expected [File 'src/main/java/com/shaft/gui/element/ElementActions.java' should exist, after up to '1' retries] and Actual [File exists]. Validation Type [POSITIVE]. @03-11-2021 05:25:26.0516 A

################################################################################################################################################
Starting Execution:	[43 out of 144] test cases in the current suite
Test Method:		[unitTests.tests_validations_assertions.assertNull_false_expectedToFail]
################################################################################################################################################
[ReportManager] Assertion [ValidateNull] FAILED. Expected [NULL] and Actual [NULL]. Comparison Type [EQUALS]. Validation Type [NEGATIVE]. @03-11-2021 05:25:26.0519 A

################################################################################################################################################
Starting Execution:	[44 out of 144] test cases in the current suite
Test Method:		[unitTests.tests_validations_assertions.assertNull_false_expectedToPass]
################################################################################################################################################
[ReportManager] Assertion [ValidateNull] PASSED. Expected [NULL] and Actual [1]. Comparison Type [EQUALS]. Validation Type [NEGATIVE]. @03-11-2021 05:25:26.0522 A

################################################################################################################################################
Starting Execution:	[45 out of 144] test cases in the current suite
Test Method:		[unitTests.tests_validations_assertions.assertNull_true_expectedToFail]
################################################################################################################################################
[ReportManager] Assertion [ValidateNull] FAILED. Expected [NULL] and Actual [1]. Comparison Type [EQUALS]. Validation Type [POSITIVE]. @03-11-2021 05:25:26.0525 A

################################################################################################################################################
Starting Execution:	[46 out of 144] test cases in the current suite
Test Method:		[unitTests.tests_validations_assertions.assertNull_true_expectedToPass]
################################################################################################################################################
[ReportManager] Assertion [ValidateNull] PASSED. Expected [NULL] and Actual [NULL]. Comparison Type [EQUALS]. Validation Type [POSITIVE]. @03-11-2021 05:25:26.0527 A

################################################################################################################################################
Starting Execution:	[47 out of 144] test cases in the current suite
Test Method:		[unitTests.tests_restActions.getPostsAndAssertBodyForSpecificTitle]
################################################################################################################################################
[ReportManager] Response status code: [200], status line: [HTTP/1.1 200 OK] @03-11-2021 05:25:28.0633 AM
[ReportManager] Assertion Passed: Evaluating the actual response status code against the expected one... @03-11-2021 05:25:28.0634 AM
[ReportManager] Assertion [ValidateEquals] PASSED. Expected [200] and Actual [200]. Comparison Type [EQUALS]. Validation Type [POSITIVE]. @03-11-2021 05:25:28.0634 AM
[ReportManager] API Action [PerformRequest] successfully performed. With the following test data [Request Type: "GET" | Target Status Code: "200" | Service URL: "https://jsonplaceholder.typicode.com/posts" | Content Type: "*/*" | Response Time: "739ms"]. @03-11-2021 05:25:29.0610 AM
[ReportManager] Successfully created attachment [API Request - Specifications] @03-11-2021 05:25:29.0611 AM
[ReportManager] Successfully created attachment [API Response - JSON Body] @03-11-2021 05:25:29.0861 AM
[ReportManager] API Action [GetResponseJSONValueAsList] successfully performed. @03-11-2021 05:25:29.0890 AM
[ReportManager] API Action [GetResponseJSONValue] successfully performed. With the following test data [title]. @03-11-2021 05:25:29.0911 AM
[ReportManager] API Action [GetResponseJSONValue] successfully performed. With the following test data [title]. @03-11-2021 05:25:29.0931 AM
[ReportManager] API Action [GetResponseJSONValue] successfully performed. With the following test data [body]. @03-11-2021 05:25:29.0954 AM
[ReportManager] Assertion [ValidateEquals] PASSED. Expected [qui neque nisi nulla] and Actual [est rerum tempore vitae
sequi sint nihil reprehenderit dolor beatae ea dolores neque
fugiat blanditiis voluptate porro vel nihil molestiae ut reiciendis
qui aperiam non debitis possimus qui neque nisi nulla]. Comparison Type [CONTAINS]. Validation Type [POSITIVE]. @03-11-2021 05:25:29.0954 AM
[ReportManager] API Action [GetResponseJSONValue] successfully performed. With the following test data [title]. @03-11-2021 05:25:29.0967 AM
[ReportManager] API Action [GetResponseJSONValue] successfully performed. With the following test data [title]. @03-11-2021 05:25:29.0979 AM
[ReportManager] API Action [GetResponseJSONValue] successfully performed. With the following test data [title]. @03-11-2021 05:25:29.0999 AM
[ReportManager] API Action [GetResponseJSONValue] successfully performed. With the following test data [title]. @03-11-2021 05:25:30.0013 AM
[ReportManager] API Action [GetResponseJSONValue] successfully performed. With the following test data [title]. @03-11-2021 05:25:30.0026 AM
[ReportManager] API Action [GetResponseJSONValue] successfully performed. With the following test data [title]. @03-11-2021 05:25:30.0046 AM
[ReportManager] API Action [GetResponseJSONValue] successfully performed. With the following test data [title]. @03-11-2021 05:25:30.0061 AM
[ReportManager] API Action [GetResponseJSONValue] successfully performed. With the following test data [title]. @03-11-2021 05:25:30.0083 AM
[ReportManager] API Action [GetResponseJSONValue] successfully performed. With the following test data [title]. @03-11-2021 05:25:30.0092 AM
[ReportManager] API Action [GetResponseJSONValue] successfully performed. With the following test data [title]. @03-11-2021 05:25:30.0101 AM
[ReportManager] API Action [GetResponseJSONValue] successfully performed. With the following test data [title]. @03-11-2021 05:25:30.0110 AM
[ReportManager] API Action [GetResponseJSONValue] successfully performed. With the following test data [title]. @03-11-2021 05:25:30.0119 AM
[ReportManager] API Action [GetResponseJSONValue] successfully performed. With the following test data [title]. @03-11-2021 05:25:30.0127 AM
[ReportManager] API Action [GetResponseJSONValue] successfully performed. With the following test data [title]. @03-11-2021 05:25:30.0135 AM
[ReportManager] API Action [GetResponseJSONValue] successfully performed. With the following test data [title]. @03-11-2021 05:25:30.0143 AM
[ReportManager] API Action [GetResponseJSONValue] successfully performed. With the following test data [title]. @03-11-2021 05:25:30.0152 AM
[ReportManager] API Action [GetResponseJSONValue] successfully performed. With the following test data [title]. @03-11-2021 05:25:30.0160 AM
[ReportManager] API Action [GetResponseJSONValue] successfully performed. With the following test data [title]. @03-11-2021 05:25:30.0169 AM
[ReportManager] API Action [GetResponseJSONValue] successfully performed. With the following test data [title]. @03-11-2021 05:25:30.0177 AM
[ReportManager] API Action [GetResponseJSONValue] successfully performed. With the following test data [title]. @03-11-2021 05:25:30.0186 AM
[ReportManager] API Action [GetResponseJSONValue] successfully performed. With the following test data [title]. @03-11-2021 05:25:30.0195 AM
[ReportManager] API Action [GetResponseJSONValue] successfully performed. With the following test data [title]. @03-11-2021 05:25:30.0203 AM
[ReportManager] API Action [GetResponseJSONValue] successfully performed. With the following test data [title]. @03-11-2021 05:25:30.0212 AM
[ReportManager] API Action [GetResponseJSONValue] successfully performed. With the following test data [title]. @03-11-2021 05:25:30.0220 AM
[ReportManager] API Action [GetResponseJSONValue] successfully performed. With the following test data [title]. @03-11-2021 05:25:30.0228 AM
[ReportManager] API Action [GetResponseJSONValue] successfully performed. With the following test data [title]. @03-11-2021 05:25:30.0237 AM
[ReportManager] API Action [GetResponseJSONValue] successfully performed. With the following test data [title]. @03-11-2021 05:25:30.0245 AM
[ReportManager] API Action [GetResponseJSONValue] successfully performed. With the following test data [title]. @03-11-2021 05:25:30.0263 AM
[ReportManager] API Action [GetResponseJSONValue] successfully performed. With the following test data [title]. @03-11-2021 05:25:30.0275 AM
[ReportManager] API Action [GetResponseJSONValue] successfully performed. With the following test data [title]. @03-11-2021 05:25:30.0284 AM
[ReportManager] API Action [GetResponseJSONValue] successfully performed. With the following test data [title]. @03-11-2021 05:25:30.0296 AM
[ReportManager] API Action [GetResponseJSONValue] successfully performed. With the following test data [title]. @03-11-2021 05:25:30.0307 AM
[ReportManager] API Action [GetResponseJSONValue] successfully performed. With the following test data [title]. @03-11-2021 05:25:30.0323 AM
[ReportManager] API Action [GetResponseJSONValue] successfully performed. With the following test data [title]. @03-11-2021 05:25:30.0334 AM
[ReportManager] API Action [GetResponseJSONValue] successfully performed. With the following test data [title]. @03-11-2021 05:25:30.0348 AM
[ReportManager] API Action [GetResponseJSONValue] successfully performed. With the following test data [title]. @03-11-2021 05:25:30.0357 AM
[ReportManager] API Action [GetResponseJSONValue] successfully performed. With the following test data [title]. @03-11-2021 05:25:30.0367 AM
[ReportManager] API Action [GetResponseJSONValue] successfully performed. With the following test data [title]. @03-11-2021 05:25:30.0377 AM
[ReportManager] API Action [GetResponseJSONValue] successfully performed. With the following test data [title]. @03-11-2021 05:25:30.0396 AM
[ReportManager] API Action [GetResponseJSONValue] successfully performed. With the following test data [title]. @03-11-2021 05:25:30.0405 AM
[ReportManager] API Action [GetResponseJSONValue] successfully performed. With the following test data [title]. @03-11-2021 05:25:30.0414 AM
[ReportManager] API Action [GetResponseJSONValue] successfully performed. With the following test data [title]. @03-11-2021 05:25:30.0425 AM
[ReportManager] API Action [GetResponseJSONValue] successfully performed. With the following test data [title]. @03-11-2021 05:25:30.0436 AM
[ReportManager] API Action [GetResponseJSONValue] successfully performed. With the following test data [title]. @03-11-2021 05:25:30.0454 AM
[ReportManager] API Action [GetResponseJSONValue] successfully performed. With the following test data [title]. @03-11-2021 05:25:30.0464 AM
[ReportManager] API Action [GetResponseJSONValue] successfully performed. With the following test data [title]. @03-11-2021 05:25:30.0477 AM
[ReportManager] API Action [GetResponseJSONValue] successfully performed. With the following test data [title]. @03-11-2021 05:25:30.0488 AM
[ReportManager] API Action [GetResponseJSONValue] successfully performed. With the following test data [title]. @03-11-2021 05:25:30.0507 AM
[ReportManager] API Action [GetResponseJSONValue] successfully performed. With the following test data [title]. @03-11-2021 05:25:30.0519 AM
[ReportManager] API Action [GetResponseJSONValue] successfully performed. With the following test data [title]. @03-11-2021 05:25:30.0528 AM
[ReportManager] API Action [GetResponseJSONValue] successfully performed. With the following test data [title]. @03-11-2021 05:25:30.0539 AM
[ReportManager] API Action [GetResponseJSONValue] successfully performed. With the following test data [title]. @03-11-2021 05:25:30.0551 AM
[ReportManager] API Action [GetResponseJSONValue] successfully performed. With the following test data [title]. @03-11-2021 05:25:30.0564 AM
[ReportManager] API Action [GetResponseJSONValue] successfully performed. With the following test data [title]. @03-11-2021 05:25:30.0573 AM
[ReportManager] API Action [GetResponseJSONValue] successfully performed. With the following test data [title]. @03-11-2021 05:25:30.0583 AM
[ReportManager] API Action [GetResponseJSONValue] successfully performed. With the following test data [title]. @03-11-2021 05:25:30.0593 AM
[ReportManager] API Action [GetResponseJSONValue] successfully performed. With the following test data [title]. @03-11-2021 05:25:30.0602 AM
[ReportManager] API Action [GetResponseJSONValue] successfully performed. With the following test data [title]. @03-11-2021 05:25:30.0609 AM
[ReportManager] API Action [GetResponseJSONValue] successfully performed. With the following test data [title]. @03-11-2021 05:25:30.0624 AM
[ReportManager] API Action [GetResponseJSONValue] successfully performed. With the following test data [title]. @03-11-2021 05:25:30.0673 AM
[ReportManager] API Action [GetResponseJSONValue] successfully performed. With the following test data [title]. @03-11-2021 05:25:30.0686 AM
[ReportManager] API Action [GetResponseJSONValue] successfully performed. With the following test data [title]. @03-11-2021 05:25:30.0695 AM
[ReportManager] API Action [GetResponseJSONValue] successfully performed. With the following test data [title]. @03-11-2021 05:25:30.0705 AM
[ReportManager] API Action [GetResponseJSONValue] successfully performed. With the following test data [title]. @03-11-2021 05:25:30.0712 AM
[ReportManager] API Action [GetResponseJSONValue] successfully performed. With the following test data [title]. @03-11-2021 05:25:30.0720 AM
[ReportManager] API Action [GetResponseJSONValue] successfully performed. With the following test data [title]. @03-11-2021 05:25:30.0731 AM
[ReportManager] API Action [GetResponseJSONValue] successfully performed. With the following test data [title]. @03-11-2021 05:25:30.0738 AM
[ReportManager] API Action [GetResponseJSONValue] successfully performed. With the following test data [title]. @03-11-2021 05:25:30.0787 AM
[ReportManager] API Action [GetResponseJSONValue] successfully performed. With the following test data [title]. @03-11-2021 05:25:30.0809 AM
[ReportManager] API Action [GetResponseJSONValue] successfully performed. With the following test data [title]. @03-11-2021 05:25:30.0830 AM
[ReportManager] API Action [GetResponseJSONValue] successfully performed. With the following test data [title]. @03-11-2021 05:25:30.0846 AM
[ReportManager] API Action [GetResponseJSONValue] successfully performed. With the following test data [title]. @03-11-2021 05:25:30.0873 AM
[ReportManager] API Action [GetResponseJSONValue] successfully performed. With the following test data [title]. @03-11-2021 05:25:30.0891 AM
[ReportManager] API Action [GetResponseJSONValue] successfully performed. With the following test data [title]. @03-11-2021 05:25:30.0899 AM
[ReportManager] API Action [GetResponseJSONValue] successfully performed. With the following test data [title]. @03-11-2021 05:25:30.0908 AM
[ReportManager] API Action [GetResponseJSONValue] successfully performed. With the following test data [title]. @03-11-2021 05:25:30.0918 AM
[ReportManager] API Action [GetResponseJSONValue] successfully performed. With the following test data [title]. @03-11-2021 05:25:30.0932 AM
[ReportManager] API Action [GetResponseJSONValue] successfully performed. With the following test data [title]. @03-11-2021 05:25:30.0941 AM
[ReportManager] API Action [GetResponseJSONValue] successfully performed. With the following test data [title]. @03-11-2021 05:25:30.0949 AM
[ReportManager] API Action [GetResponseJSONValue] successfully performed. With the following test data [title]. @03-11-2021 05:25:30.0960 AM
[ReportManager] API Action [GetResponseJSONValue] successfully performed. With the following test data [title]. @03-11-2021 05:25:30.0970 AM
[ReportManager] API Action [GetResponseJSONValue] successfully performed. With the following test data [title]. @03-11-2021 05:25:30.0993 AM
[ReportManager] API Action [GetResponseJSONValue] successfully performed. With the following test data [title]. @03-11-2021 05:25:31.0002 AM
[ReportManager] API Action [GetResponseJSONValue] successfully performed. With the following test data [title]. @03-11-2021 05:25:31.0009 AM
[ReportManager] API Action [GetResponseJSONValue] successfully performed. With the following test data [title]. @03-11-2021 05:25:31.0020 AM
[ReportManager] API Action [GetResponseJSONValue] successfully performed. With the following test data [title]. @03-11-2021 05:25:31.0039 AM
[ReportManager] API Action [GetResponseJSONValue] successfully performed. With the following test data [title]. @03-11-2021 05:25:31.0050 AM
[ReportManager] API Action [GetResponseJSONValue] successfully performed. With the following test data [title]. @03-11-2021 05:25:31.0071 AM
[ReportManager] API Action [GetResponseJSONValue] successfully performed. With the following test data [title]. @03-11-2021 05:25:31.0088 AM
[ReportManager] API Action [GetResponseJSONValue] successfully performed. With the following test data [title]. @03-11-2021 05:25:31.0105 AM
[ReportManager] API Action [GetResponseJSONValue] successfully performed. With the following test data [title]. @03-11-2021 05:25:31.0116 AM
[ReportManager] API Action [GetResponseJSONValue] successfully performed. With the following test data [title]. @03-11-2021 05:25:31.0147 AM
[ReportManager] API Action [GetResponseJSONValue] successfully performed. With the following test data [title]. @03-11-2021 05:25:31.0162 AM
[ReportManager] API Action [GetResponseJSONValue] successfully performed. With the following test data [title]. @03-11-2021 05:25:31.0171 AM
[ReportManager] API Action [GetResponseJSONValue] successfully performed. With the following test data [title]. @03-11-2021 05:25:31.0178 AM
[ReportManager] API Action [GetResponseJSONValue] successfully performed. With the following test data [title]. @03-11-2021 05:25:31.0188 AM
[ReportManager] API Action [GetResponseJSONValue] successfully performed. With the following test data [title]. @03-11-2021 05:25:31.0195 AM
[ReportManager] API Action [GetResponseJSONValue] successfully performed. With the following test data [title]. @03-11-2021 05:25:31.0204 A

################################################################################################################################################
Starting Execution:	[48 out of 144] test cases in the current suite
Test Method:		[unitTests.tests_restActions.validateUserEmail]
################################################################################################################################################
[ReportManager] Response status code: [200], status line: [HTTP/1.1 200 OK] @03-11-2021 05:25:31.0292 AM
[ReportManager] Assertion Passed: Evaluating the actual response status code against the expected one... @03-11-2021 05:25:31.0293 AM
[ReportManager] Assertion [ValidateEquals] PASSED. Expected [200] and Actual [200]. Comparison Type [EQUALS]. Validation Type [POSITIVE]. @03-11-2021 05:25:31.0293 AM
[ReportManager] API Action [PerformRequest] successfully performed. With the following test data [Request Type: "GET" | Target Status Code: "200" | Service URL: "https://jsonplaceholder.typicode.com/users" | Content Type: "*/*" | Response Time: "64ms"]. @03-11-2021 05:25:31.0325 AM
[ReportManager] Successfully created attachment [API Request - Specifications] @03-11-2021 05:25:31.0326 AM
[ReportManager] Successfully created attachment [API Response - JSON Body] @03-11-2021 05:25:31.0326 AM
[ReportManager] Assertion [ValidateEquals] PASSED. Expected and Actual values are attached. Comparison Type [CONTAINS]. Validation Type [POSITIVE]. @03-11-2021 05:25:31.0326 AM
[ReportManager] Successfully created attachment [Validation Test Data - Expected Value] @03-11-2021 05:25:31.0327 AM
[ReportManager] Successfully created attachment [Validation Test Data - Actual Value] @03-11-2021 05:25:31.0327 AM
[ReportManager] API Action [GetResponseJSONValueAsList] successfully performed. With the following test data [$]. @03-11-2021 05:25:31.0336 AM
[ReportManager] API Action [GetResponseJSONValue] successfully performed. With the following test data [name]. @03-11-2021 05:25:31.0347 AM
[ReportManager] API Action [GetResponseJSONValue] successfully performed. With the following test data [email]. @03-11-2021 05:25:31.0356 AM
[ReportManager] Assertion [ValidateEquals] PASSED. Expected [Sincere@april.biz] and Actual [Sincere@april.biz]. Comparison Type [EQUALS]. Validation Type [POSITIVE]. @03-11-2021 05:25:31.0356 AM
[ReportManager] API Action [GetResponseJSONValue] successfully performed. With the following test data [name]. @03-11-2021 05:25:31.0375 AM
[ReportManager] API Action [GetResponseJSONValue] successfully performed. With the following test data [name]. @03-11-2021 05:25:31.0383 AM
[ReportManager] API Action [GetResponseJSONValue] successfully performed. With the following test data [name]. @03-11-2021 05:25:31.0400 AM
[ReportManager] API Action [GetResponseJSONValue] successfully performed. With the following test data [name]. @03-11-2021 05:25:31.0411 AM
[ReportManager] API Action [GetResponseJSONValue] successfully performed. With the following test data [name]. @03-11-2021 05:25:31.0417 AM
[ReportManager] API Action [GetResponseJSONValue] successfully performed. With the following test data [name]. @03-11-2021 05:25:31.0424 AM
[ReportManager] API Action [GetResponseJSONValue] successfully performed. With the following test data [name]. @03-11-2021 05:25:31.0432 AM
[ReportManager] API Action [GetResponseJSONValue] successfully performed. With the following test data [name]. @03-11-2021 05:25:31.0439 AM
[ReportManager] API Action [GetResponseJSONValue] successfully performed. With the following test data [name]. @03-11-2021 05:25:31.0446 A
[ReportManager] File Action [GetAbsolutePath] successfully performed. With the following test data [Relative Folder Path: "target/downloadedFiles/"]. @03-11-2021 05:25:31.0455 AM
[ReportManager] Attempting to run remotely on: [Linux-64], [GoogleChrome], [http://localhost:4444/wd/hub], Headless Execution. @03-11-2021 05:25:31.0455 AM
[ReportManager] Successfully Opened [GoogleChrome]. @03-11-2021 05:25:34.0010 AM
[ReportManager] Target URL: [https://duckduckgo.com] @03-11-2021 05:25:34.0011 AM
[ReportManager] Initial URL: [data:,] @03-11-2021 05:25:34.0103 AM
[ReportManager] Browser Action [NavigateToURL] successfully performed. With the following test data [https://duckduckgo.com]. @03-11-2021 05:25:34.0794 A

################################################################################################################################################
Starting Execution:	[49 out of 144] test cases in the current suite
Test Method:		[unitTests.tests_browserActions.fullScreenWindow]
################################################################################################################################################
[ReportManager] Initial Windows Size: 1920x1080 @03-11-2021 05:25:34.0808 AM
[ReportManager] Initial window size: (1920, 1080) @03-11-2021 05:25:34.0813 AM
[ReportManager] Window size after Toolkit: (1920, 1080) @03-11-2021 05:25:35.0047 AM
[ReportManager] Browser Action [MaximizeWindow] successfully performed. With the following test data [New screen size is now: (1920, 1080)]. @03-11-2021 05:25:35.0061 AM
[ReportManager] Current Windows Size after fullScreen: 1920x1080 @03-11-2021 05:25:35.0085 AM
[ReportManager] Browser Action [FullScreenWindow] successfully performed. @03-11-2021 05:25:35.0105 AM
[ReportManager] Successfully created attachment [Browser Action Test Data - FullScreenWindow - Actual Value] @03-11-2021 05:25:35.0107 A
[ReportManager] Target URL: [https://duckduckgo.com] @03-11-2021 05:25:35.0110 AM
[ReportManager] Initial URL: [https://duckduckgo.com] @03-11-2021 05:25:35.0178 AM
[ReportManager] Browser Action [NavigateToURL] successfully performed. With the following test data [https://duckduckgo.com]. @03-11-2021 05:25:35.0544 AM
[ReportManager] Browser Action [CloseCurrentWindow] successfully performed. @03-11-2021 05:25:35.0690 AM
[ReportManager] Successfully created attachment [Browser Action Test Data - CloseCurrentWindow - Actual Value] @03-11-2021 05:25:35.0695 A
[ReportManager] File Action [GetAbsolutePath] successfully performed. With the following test data [Relative Folder Path: "target/downloadedFiles/"]. @03-11-2021 05:25:35.0700 AM
[ReportManager] Attempting to run remotely on: [Linux-64], [GoogleChrome], [http://localhost:4444/wd/hub], Headless Execution. @03-11-2021 05:25:35.0700 AM
[ReportManager] Successfully Opened [GoogleChrome]. @03-11-2021 05:25:39.0006 AM
[ReportManager] Target URL: [https://duckduckgo.com] @03-11-2021 05:25:39.0007 AM
[ReportManager] Initial URL: [data:,] @03-11-2021 05:25:39.0138 AM
[ReportManager] Browser Action [NavigateToURL] successfully performed. With the following test data [https://duckduckgo.com]. @03-11-2021 05:25:39.0670 A

################################################################################################################################################
Starting Execution:	[50 out of 144] test cases in the current suite
Test Method:		[unitTests.tests_browserActions.getCurrentURL]
################################################################################################################################################
[ReportManager] Browser Action [GetCurrentURL] successfully performed. With the following test data [https://duckduckgo.com/]. @03-11-2021 05:25:39.0720 A
[ReportManager] Target URL: [https://duckduckgo.com] @03-11-2021 05:25:39.0726 AM
[ReportManager] Initial URL: [https://duckduckgo.com] @03-11-2021 05:25:39.0807 AM
[ReportManager] Browser Action [NavigateToURL] successfully performed. With the following test data [https://duckduckgo.com]. @03-11-2021 05:25:40.0139 AM
[ReportManager] Browser Action [CloseCurrentWindow] successfully performed. @03-11-2021 05:25:40.0291 AM
[ReportManager] Successfully created attachment [Browser Action Test Data - CloseCurrentWindow - Actual Value] @03-11-2021 05:25:40.0292 A
[ReportManager] File Action [GetAbsolutePath] successfully performed. With the following test data [Relative Folder Path: "target/downloadedFiles/"]. @03-11-2021 05:25:40.0294 AM
[ReportManager] Attempting to run remotely on: [Linux-64], [GoogleChrome], [http://localhost:4444/wd/hub], Headless Execution. @03-11-2021 05:25:40.0294 AM
[ReportManager] Successfully Opened [GoogleChrome]. @03-11-2021 05:25:44.0057 AM
[ReportManager] Target URL: [https://duckduckgo.com] @03-11-2021 05:25:44.0057 AM
[ReportManager] Initial URL: [data:,] @03-11-2021 05:25:44.0188 AM
[ReportManager] Browser Action [NavigateToURL] successfully performed. With the following test data [https://duckduckgo.com]. @03-11-2021 05:25:44.0723 A

################################################################################################################################################
Starting Execution:	[51 out of 144] test cases in the current suite
Test Method:		[unitTests.tests_browserActions.getCurrentWindowTitle]
################################################################################################################################################
[ReportManager] Browser Action [GetCurrentWindowTitle] successfully performed. With the following test data [DuckDuckGo  Privacy, simplified.]. @03-11-2021 05:25:44.0789 A
[ReportManager] Target URL: [https://duckduckgo.com] @03-11-2021 05:25:44.0795 AM
[ReportManager] Initial URL: [https://duckduckgo.com] @03-11-2021 05:25:44.0852 AM
[ReportManager] Browser Action [NavigateToURL] successfully performed. With the following test data [https://duckduckgo.com]. @03-11-2021 05:25:45.0207 AM
[ReportManager] Browser Action [CloseCurrentWindow] successfully performed. @03-11-2021 05:25:45.0350 AM
[ReportManager] Successfully created attachment [Browser Action Test Data - CloseCurrentWindow - Actual Value] @03-11-2021 05:25:45.0351 A
[ReportManager] File Action [GetAbsolutePath] successfully performed. With the following test data [Relative Folder Path: "target/downloadedFiles/"]. @03-11-2021 05:25:45.0353 AM
[ReportManager] Attempting to run remotely on: [Linux-64], [GoogleChrome], [http://localhost:4444/wd/hub], Headless Execution. @03-11-2021 05:25:45.0353 AM
[ReportManager] Successfully Opened [GoogleChrome]. @03-11-2021 05:25:49.0023 AM
[ReportManager] Target URL: [https://duckduckgo.com] @03-11-2021 05:25:49.0023 AM
[ReportManager] Initial URL: [data:,] @03-11-2021 05:25:49.0107 AM
[ReportManager] Browser Action [NavigateToURL] successfully performed. With the following test data [https://duckduckgo.com]. @03-11-2021 05:25:49.0631 A

################################################################################################################################################
Starting Execution:	[52 out of 144] test cases in the current suite
Test Method:		[unitTests.tests_browserActions.getPageSource]
################################################################################################################################################
[ReportManager] Browser Action [GetPageSource] successfully performed. @03-11-2021 05:25:49.0687 AM
[ReportManager] Successfully created attachment [Browser Action Test Data - GetPageSource - Actual Value] @03-11-2021 05:25:49.0688 A
[ReportManager] Target URL: [https://duckduckgo.com] @03-11-2021 05:25:49.0696 AM
[ReportManager] Initial URL: [https://duckduckgo.com] @03-11-2021 05:25:49.0754 AM
[ReportManager] Browser Action [NavigateToURL] successfully performed. With the following test data [https://duckduckgo.com]. @03-11-2021 05:25:50.0097 AM
[ReportManager] Browser Action [CloseCurrentWindow] successfully performed. @03-11-2021 05:25:50.0226 AM
[ReportManager] Successfully created attachment [Browser Action Test Data - CloseCurrentWindow - Actual Value] @03-11-2021 05:25:50.0226 A
[ReportManager] File Action [GetAbsolutePath] successfully performed. With the following test data [Relative Folder Path: "target/downloadedFiles/"]. @03-11-2021 05:25:50.0235 AM
[ReportManager] Attempting to run remotely on: [Linux-64], [GoogleChrome], [http://localhost:4444/wd/hub], Headless Execution. @03-11-2021 05:25:50.0235 AM
[ReportManager] Successfully Opened [GoogleChrome]. @03-11-2021 05:25:54.0006 AM
[ReportManager] Target URL: [https://duckduckgo.com] @03-11-2021 05:25:54.0006 AM
[ReportManager] Initial URL: [data:,] @03-11-2021 05:25:54.0054 AM
[ReportManager] Browser Action [NavigateToURL] successfully performed. With the following test data [https://duckduckgo.com]. @03-11-2021 05:25:54.0691 A

################################################################################################################################################
Starting Execution:	[53 out of 144] test cases in the current suite
Test Method:		[unitTests.tests_browserActions.getWindowHandle]
################################################################################################################################################
[ReportManager] Browser Action [GetWindowHandle] successfully performed. With the following test data [CDwindow-BE0487B9676955500D20A61812132A83]. @03-11-2021 05:25:54.0751 A
[ReportManager] Target URL: [https://duckduckgo.com] @03-11-2021 05:25:54.0754 AM
[ReportManager] Initial URL: [https://duckduckgo.com] @03-11-2021 05:25:54.0810 AM
[ReportManager] Browser Action [NavigateToURL] successfully performed. With the following test data [https://duckduckgo.com]. @03-11-2021 05:25:55.0257 AM
[ReportManager] Browser Action [CloseCurrentWindow] successfully performed. @03-11-2021 05:25:55.0369 AM
[ReportManager] Successfully created attachment [Browser Action Test Data - CloseCurrentWindow - Actual Value] @03-11-2021 05:25:55.0369 A
[ReportManager] File Action [GetAbsolutePath] successfully performed. With the following test data [Relative Folder Path: "target/downloadedFiles/"]. @03-11-2021 05:25:55.0371 AM
[ReportManager] Attempting to run remotely on: [Linux-64], [GoogleChrome], [http://localhost:4444/wd/hub], Headless Execution. @03-11-2021 05:25:55.0372 AM
[ReportManager] Successfully Opened [GoogleChrome]. @03-11-2021 05:25:59.0007 AM
[ReportManager] Target URL: [https://duckduckgo.com] @03-11-2021 05:25:59.0007 AM
[ReportManager] Initial URL: [data:,] @03-11-2021 05:25:59.0159 AM
[ReportManager] Browser Action [NavigateToURL] successfully performed. With the following test data [https://duckduckgo.com]. @03-11-2021 05:25:59.0816 A

################################################################################################################################################
Starting Execution:	[54 out of 144] test cases in the current suite
Test Method:		[unitTests.tests_browserActions.getWindowPosition]
################################################################################################################################################
[ReportManager] Browser Action [GetWindowPosition] successfully performed. With the following test data [(0, 0)]. @03-11-2021 05:25:59.0860 A
[ReportManager] Target URL: [https://duckduckgo.com] @03-11-2021 05:25:59.0864 AM
[ReportManager] Initial URL: [https://duckduckgo.com] @03-11-2021 05:25:59.0926 AM
[ReportManager] Browser Action [NavigateToURL] successfully performed. With the following test data [https://duckduckgo.com]. @03-11-2021 05:26:00.0502 AM
[ReportManager] Browser Action [CloseCurrentWindow] successfully performed. @03-11-2021 05:26:00.0680 AM
[ReportManager] Successfully created attachment [Browser Action Test Data - CloseCurrentWindow - Actual Value] @03-11-2021 05:26:00.0681 A
[ReportManager] File Action [GetAbsolutePath] successfully performed. With the following test data [Relative Folder Path: "target/downloadedFiles/"]. @03-11-2021 05:26:00.0683 AM
[ReportManager] Attempting to run remotely on: [Linux-64], [GoogleChrome], [http://localhost:4444/wd/hub], Headless Execution. @03-11-2021 05:26:00.0683 AM
[ReportManager] Successfully Opened [GoogleChrome]. @03-11-2021 05:26:04.0009 AM
[ReportManager] Target URL: [https://duckduckgo.com] @03-11-2021 05:26:04.0009 AM
[ReportManager] Initial URL: [data:,] @03-11-2021 05:26:04.0063 AM
[ReportManager] Browser Action [NavigateToURL] successfully performed. With the following test data [https://duckduckgo.com]. @03-11-2021 05:26:04.0601 A

################################################################################################################################################
Starting Execution:	[55 out of 144] test cases in the current suite
Test Method:		[unitTests.tests_browserActions.getWindowSize]
################################################################################################################################################
[ReportManager] Browser Action [GetWindowSize] successfully performed. With the following test data [(1920, 1080)]. @03-11-2021 05:26:04.0704 A
[ReportManager] Target URL: [https://duckduckgo.com] @03-11-2021 05:26:04.0707 AM
[ReportManager] Initial URL: [https://duckduckgo.com] @03-11-2021 05:26:04.0850 AM
[ReportManager] Browser Action [NavigateToURL] successfully performed. With the following test data [https://duckduckgo.com]. @03-11-2021 05:26:05.0190 AM
[ReportManager] Browser Action [CloseCurrentWindow] successfully performed. @03-11-2021 05:26:05.0331 AM
[ReportManager] Successfully created attachment [Browser Action Test Data - CloseCurrentWindow - Actual Value] @03-11-2021 05:26:05.0332 A
[ReportManager] File Action [GetAbsolutePath] successfully performed. With the following test data [Relative Folder Path: "target/downloadedFiles/"]. @03-11-2021 05:26:05.0336 AM
[ReportManager] Attempting to run remotely on: [Linux-64], [GoogleChrome], [http://localhost:4444/wd/hub], Headless Execution. @03-11-2021 05:26:05.0336 AM
[ReportManager] Successfully Opened [GoogleChrome]. @03-11-2021 05:26:09.0006 AM
[ReportManager] Target URL: [https://duckduckgo.com] @03-11-2021 05:26:09.0006 AM
[ReportManager] Initial URL: [data:,] @03-11-2021 05:26:09.0066 AM
[ReportManager] Browser Action [NavigateToURL] successfully performed. With the following test data [https://duckduckgo.com]. @03-11-2021 05:26:09.0603 A

################################################################################################################################################
Starting Execution:	[56 out of 144] test cases in the current suite
Test Method:		[unitTests.tests_browserActions.maximizeWindow]
################################################################################################################################################
[ReportManager] Initial window size: (1920, 1080) @03-11-2021 05:26:09.0617 AM
[ReportManager] Window size after Toolkit: (1920, 1080) @03-11-2021 05:26:09.0851 AM
[ReportManager] Browser Action [MaximizeWindow] successfully performed. With the following test data [New screen size is now: (1920, 1080)]. @03-11-2021 05:26:09.0857 A
[ReportManager] Target URL: [https://duckduckgo.com] @03-11-2021 05:26:09.0860 AM
[ReportManager] Initial URL: [https://duckduckgo.com] @03-11-2021 05:26:09.0940 AM
[ReportManager] Browser Action [NavigateToURL] successfully performed. With the following test data [https://duckduckgo.com]. @03-11-2021 05:26:10.0277 AM
[ReportManager] Browser Action [CloseCurrentWindow] successfully performed. @03-11-2021 05:26:10.0384 AM
[ReportManager] Successfully created attachment [Browser Action Test Data - CloseCurrentWindow - Actual Value] @03-11-2021 05:26:10.0385 A
[ReportManager] File Action [GetAbsolutePath] successfully performed. With the following test data [Relative Folder Path: "target/downloadedFiles/"]. @03-11-2021 05:26:10.0389 AM
[ReportManager] Attempting to run remotely on: [Linux-64], [GoogleChrome], [http://localhost:4444/wd/hub], Headless Execution. @03-11-2021 05:26:10.0389 AM
[ReportManager] Successfully Opened [GoogleChrome]. @03-11-2021 05:26:14.0014 AM
[ReportManager] Target URL: [https://duckduckgo.com] @03-11-2021 05:26:14.0014 AM
[ReportManager] Initial URL: [data:,] @03-11-2021 05:26:14.0093 AM
[ReportManager] Browser Action [NavigateToURL] successfully performed. With the following test data [https://duckduckgo.com]. @03-11-2021 05:26:14.0627 A

################################################################################################################################################
Starting Execution:	[57 out of 144] test cases in the current suite
Test Method:		[unitTests.tests_browserActions.navigateBack]
################################################################################################################################################
[ReportManager] Target URL: [https://www.google.com/ncr], and after redirection: [https://www.google.com] @03-11-2021 05:26:14.0639 AM
[ReportManager] Initial URL: [https://duckduckgo.com] @03-11-2021 05:26:14.0722 AM
[ReportManager] Browser Action [NavigateToURL] successfully performed. With the following test data [https://www.google.com/ncr]. @03-11-2021 05:26:15.0646 AM
[ReportManager] Browser Action [NavigateBack] successfully performed. With the following test data [https://duckduckgo.com/]. @03-11-2021 05:26:16.0037 AM
[ReportManager] Browser Action [GetCurrentURL] successfully performed. With the following test data [https://duckduckgo.com/]. @03-11-2021 05:26:16.0110 AM
[ReportManager] Assertion Passed: Confirming that navigating back was successful @03-11-2021 05:26:16.0606 AM
[ReportManager] Successfully created attachment [Screenshot - 1635917176303_navigateBack_ValidateBrowserAttribute_passed] @03-11-2021 05:26:16.0614 AM
[ReportManager] Assertion [ValidateBrowserAttribute] PASSED. Expected [Value Should be 'https://duckduckgo.com' for the 'CurrentUrl' attribute] and Actual [https://duckduckgo.com/]. Comparison Type [CONTAINS]. Validation Type [POSITIVE]. @03-11-2021 05:26:16.0614 A
[ReportManager] Target URL: [https://duckduckgo.com] @03-11-2021 05:26:16.0623 AM
[ReportManager] Initial URL: [https://duckduckgo.com] @03-11-2021 05:26:16.0757 AM
[ReportManager] Browser Action [NavigateToURL] successfully performed. With the following test data [https://duckduckgo.com]. @03-11-2021 05:26:17.0107 AM
[ReportManager] Browser Action [CloseCurrentWindow] successfully performed. @03-11-2021 05:26:17.0225 AM
[ReportManager] Successfully created attachment [Browser Action Test Data - CloseCurrentWindow - Actual Value] @03-11-2021 05:26:17.0226 A
[ReportManager] File Action [GetAbsolutePath] successfully performed. With the following test data [Relative Folder Path: "target/downloadedFiles/"]. @03-11-2021 05:26:17.0233 AM
[ReportManager] Attempting to run remotely on: [Linux-64], [GoogleChrome], [http://localhost:4444/wd/hub], Headless Execution. @03-11-2021 05:26:17.0233 AM
[ReportManager] Successfully Opened [GoogleChrome]. @03-11-2021 05:26:19.0018 AM
[ReportManager] Target URL: [https://duckduckgo.com] @03-11-2021 05:26:19.0018 AM
[ReportManager] Initial URL: [data:,] @03-11-2021 05:26:19.0092 AM
[ReportManager] Browser Action [NavigateToURL] successfully performed. With the following test data [https://duckduckgo.com]. @03-11-2021 05:26:19.0634 A

################################################################################################################################################
Starting Execution:	[58 out of 144] test cases in the current suite
Test Method:		[unitTests.tests_browserActions.navigateForward]
################################################################################################################################################
[ReportManager] Target URL: [https://www.google.com/ncr], and after redirection: [https://www.google.com] @03-11-2021 05:26:19.0642 AM
[ReportManager] Initial URL: [https://duckduckgo.com] @03-11-2021 05:26:19.0701 AM
[ReportManager] Browser Action [NavigateToURL] successfully performed. With the following test data [https://www.google.com/ncr]. @03-11-2021 05:26:20.0480 AM
[ReportManager] Browser Action [NavigateBack] successfully performed. With the following test data [https://duckduckgo.com/]. @03-11-2021 05:26:20.0851 AM
[ReportManager] Browser Action [NavigateForward] successfully performed. With the following test data [https://www.google.com/]. @03-11-2021 05:26:21.0314 A
[ReportManager] Target URL: [https://duckduckgo.com] @03-11-2021 05:26:21.0322 AM
[ReportManager] Initial URL: [https://www.google.com] @03-11-2021 05:26:21.0388 AM
[ReportManager] Browser Action [NavigateToURL] successfully performed. With the following test data [https://duckduckgo.com]. @03-11-2021 05:26:21.0922 AM
[ReportManager] Browser Action [CloseCurrentWindow] successfully performed. @03-11-2021 05:26:22.0048 AM
[ReportManager] Successfully created attachment [Browser Action Test Data - CloseCurrentWindow - Actual Value] @03-11-2021 05:26:22.0048 A
[ReportManager] File Action [GetAbsolutePath] successfully performed. With the following test data [Relative Folder Path: "target/downloadedFiles/"]. @03-11-2021 05:26:22.0050 AM
[ReportManager] Attempting to run remotely on: [Linux-64], [GoogleChrome], [http://localhost:4444/wd/hub], Headless Execution. @03-11-2021 05:26:22.0050 AM
[ReportManager] Successfully Opened [GoogleChrome]. @03-11-2021 05:26:24.0011 AM
[ReportManager] Target URL: [https://duckduckgo.com] @03-11-2021 05:26:24.0011 AM
[ReportManager] Initial URL: [data:,] @03-11-2021 05:26:24.0079 AM
[ReportManager] Browser Action [NavigateToURL] successfully performed. With the following test data [https://duckduckgo.com]. @03-11-2021 05:26:24.0607 A

################################################################################################################################################
Starting Execution:	[59 out of 144] test cases in the current suite
Test Method:		[unitTests.tests_browserActions.navigateToURL]
################################################################################################################################################
[ReportManager] Target URL: [https://duckduckgo.com] @03-11-2021 05:26:24.0610 AM
[ReportManager] Initial URL: [https://duckduckgo.com] @03-11-2021 05:26:24.0670 AM
[ReportManager] Browser Action [NavigateToURL] successfully performed. With the following test data [https://duckduckgo.com]. @03-11-2021 05:26:25.0104 A
[ReportManager] Target URL: [https://duckduckgo.com] @03-11-2021 05:26:25.0106 AM
[ReportManager] Initial URL: [https://duckduckgo.com] @03-11-2021 05:26:25.0200 AM
[ReportManager] Browser Action [NavigateToURL] successfully performed. With the following test data [https://duckduckgo.com]. @03-11-2021 05:26:25.0490 AM
[ReportManager] Browser Action [CloseCurrentWindow] successfully performed. @03-11-2021 05:26:25.0635 AM
[ReportManager] Successfully created attachment [Browser Action Test Data - CloseCurrentWindow - Actual Value] @03-11-2021 05:26:25.0636 A
[ReportManager] File Action [GetAbsolutePath] successfully performed. With the following test data [Relative Folder Path: "target/downloadedFiles/"]. @03-11-2021 05:26:25.0638 AM
[ReportManager] Attempting to run remotely on: [Linux-64], [GoogleChrome], [http://localhost:4444/wd/hub], Headless Execution. @03-11-2021 05:26:25.0638 AM
[ReportManager] Successfully Opened [GoogleChrome]. @03-11-2021 05:26:29.0021 AM
[ReportManager] Target URL: [https://duckduckgo.com] @03-11-2021 05:26:29.0021 AM
[ReportManager] Initial URL: [data:,] @03-11-2021 05:26:29.0065 AM
[ReportManager] Browser Action [NavigateToURL] successfully performed. With the following test data [https://duckduckgo.com]. @03-11-2021 05:26:29.0636 A

################################################################################################################################################
Starting Execution:	[60 out of 144] test cases in the current suite
Test Method:		[unitTests.tests_browserActions.navigateToURLWithRedirection]
################################################################################################################################################
[ReportManager] Target URL: [https://www.google.com/ncr], and after redirection: [https://www.google.com] @03-11-2021 05:26:29.0639 AM
[ReportManager] Initial URL: [https://duckduckgo.com] @03-11-2021 05:26:29.0706 AM
[ReportManager] Browser Action [NavigateToURL] successfully performed. With the following test data [https://www.google.com/ncr]. @03-11-2021 05:26:30.0417 A
[ReportManager] Target URL: [https://duckduckgo.com] @03-11-2021 05:26:30.0418 AM
[ReportManager] Initial URL: [https://www.google.com] @03-11-2021 05:26:30.0486 AM
[ReportManager] Browser Action [NavigateToURL] successfully performed. With the following test data [https://duckduckgo.com]. @03-11-2021 05:26:31.0038 AM
[ReportManager] Browser Action [CloseCurrentWindow] successfully performed. @03-11-2021 05:26:31.0167 AM
[ReportManager] Successfully created attachment [Browser Action Test Data - CloseCurrentWindow - Actual Value] @03-11-2021 05:26:31.0168 A
[ReportManager] File Action [GetAbsolutePath] successfully performed. With the following test data [Relative Folder Path: "target/downloadedFiles/"]. @03-11-2021 05:26:31.0170 AM
[ReportManager] Attempting to run remotely on: [Linux-64], [GoogleChrome], [http://localhost:4444/wd/hub], Headless Execution. @03-11-2021 05:26:31.0170 AM
[ReportManager] Successfully Opened [GoogleChrome]. @03-11-2021 05:26:34.0028 AM
[ReportManager] Target URL: [https://duckduckgo.com] @03-11-2021 05:26:34.0028 AM
[ReportManager] Initial URL: [data:,] @03-11-2021 05:26:34.0098 AM
[ReportManager] Browser Action [NavigateToURL] successfully performed. With the following test data [https://duckduckgo.com]. @03-11-2021 05:26:34.0616 A

################################################################################################################################################
Starting Execution:	[61 out of 144] test cases in the current suite
Test Method:		[unitTests.tests_browserActions.refreshCurrentPage]
################################################################################################################################################
[ReportManager] Browser Action [RefreshCurrentPage] successfully performed. @03-11-2021 05:26:34.0813 AM
[ReportManager] Successfully created attachment [Browser Action Test Data - RefreshCurrentPage - Actual Value] @03-11-2021 05:26:34.0813 A
[ReportManager] Target URL: [https://duckduckgo.com] @03-11-2021 05:26:34.0821 AM
[ReportManager] Initial URL: [https://duckduckgo.com] @03-11-2021 05:26:34.0918 AM
[ReportManager] Browser Action [NavigateToURL] successfully performed. With the following test data [https://duckduckgo.com]. @03-11-2021 05:26:35.0223 AM
[ReportManager] Browser Action [CloseCurrentWindow] successfully performed. @03-11-2021 05:26:35.0349 AM
[ReportManager] Successfully created attachment [Browser Action Test Data - CloseCurrentWindow - Actual Value] @03-11-2021 05:26:35.0350 A
[ReportManager] File Action [GetAbsolutePath] successfully performed. With the following test data [Relative Folder Path: "target/downloadedFiles/"]. @03-11-2021 05:26:35.0363 AM
[ReportManager] Attempting to run remotely on: [Linux-64], [GoogleChrome], [http://localhost:4444/wd/hub], Headless Execution. @03-11-2021 05:26:35.0364 AM
[ReportManager] Successfully Opened [GoogleChrome]. @03-11-2021 05:26:39.0029 AM
[ReportManager] Target URL: [https://duckduckgo.com] @03-11-2021 05:26:39.0029 AM
[ReportManager] Initial URL: [data:,] @03-11-2021 05:26:39.0071 AM
[ReportManager] Browser Action [NavigateToURL] successfully performed. With the following test data [https://duckduckgo.com]. @03-11-2021 05:26:39.0599 A

################################################################################################################################################
Starting Execution:	[62 out of 144] test cases in the current suite
Test Method:		[unitTests.tests_browserActions.setWindowSize]
################################################################################################################################################
[ReportManager] Initial window size: (1920, 1080) @03-11-2021 05:26:39.0611 AM
[ReportManager] Window size after SWD: (1280, 720) @03-11-2021 05:26:39.0840 AM
[ReportManager] Browser Action [SetWindowSize] successfully performed. With the following test data [New screen size is now: (1280, 720)]. @03-11-2021 05:26:39.0840 A
[ReportManager] Target URL: [https://duckduckgo.com] @03-11-2021 05:26:39.0845 AM
[ReportManager] Initial URL: [https://duckduckgo.com] @03-11-2021 05:26:39.0924 AM
[ReportManager] Browser Action [NavigateToURL] successfully performed. With the following test data [https://duckduckgo.com]. @03-11-2021 05:26:40.0232 AM
[ReportManager] Browser Action [CloseCurrentWindow] successfully performed. @03-11-2021 05:26:40.0354 AM
[ReportManager] Successfully created attachment [Browser Action Test Data - CloseCurrentWindow - Actual Value] @03-11-2021 05:26:40.0355 A
[ReportManager] File Action [GetAbsolutePath] successfully performed. With the following test data [Relative Folder Path: "target/downloadedFiles/"]. @03-11-2021 05:26:40.0357 AM
[ReportManager] Attempting to run remotely on: [Linux-64], [GoogleChrome], [http://localhost:4444/wd/hub], Headless Execution. @03-11-2021 05:26:40.0358 AM
[ReportManager] Successfully Opened [GoogleChrome]. @03-11-2021 05:26:44.0011 A

################################################################################################################################################
Starting Execution:	[63 out of 144] test cases in the current suite
Test Method:		[unitTests.tests_element_elementActions.waitForElementToBePresent_false_expectedToFail]
################################################################################################################################################
[ReportManager] Target URL: [https://www.google.com/ncr], and after redirection: [www.google.com] @03-11-2021 05:26:44.0016 AM
[ReportManager] Initial URL: [data:,] @03-11-2021 05:26:44.0058 AM
[ReportManager] Browser Action [NavigateToURL] successfully performed. With the following test data [https://www.google.com/ncr]. @03-11-2021 05:26:44.0799 AM
[ReportManager] Waiting for element to be present; elementLocator [By.xpath: //*[@id='hplogo' or @alt='Google']], numberOfTries[1], stateOfPresence[false]... @03-11-2021 05:26:44.0802 AM
[ReportManager] Element Action [WaitForElementToBePresent] failed. With the following test data [waited for the element's state of presence to be (false). Element locator (By.xpath: //*[@id='hplogo' or @alt='Google'])]. @03-11-2021 05:26:45.0211 AM
[ReportManager] Successfully created attachment [Screenshot - 1635917205031_waitForElementToBePresent_false_expectedToFail_WaitForElementToBePresent_failed] @03-11-2021 05:26:45.0211 A
[ReportManager] Browser Action [CloseCurrentWindow] successfully performed. @03-11-2021 05:26:45.0345 AM
[ReportManager] Successfully created attachment [Browser Action Test Data - CloseCurrentWindow - Actual Value] @03-11-2021 05:26:45.0346 A
[ReportManager] File Action [GetAbsolutePath] successfully performed. With the following test data [Relative Folder Path: "target/downloadedFiles/"]. @03-11-2021 05:26:45.0353 AM
[ReportManager] Attempting to run remotely on: [Linux-64], [GoogleChrome], [http://localhost:4444/wd/hub], Headless Execution. @03-11-2021 05:26:45.0353 AM
[ReportManager] Successfully Opened [GoogleChrome]. @03-11-2021 05:26:49.0004 A

################################################################################################################################################
Starting Execution:	[64 out of 144] test cases in the current suite
Test Method:		[unitTests.tests_element_elementActions.waitForElementToBePresent_false_expectedToPass]
################################################################################################################################################
[ReportManager] Target URL: [https://www.google.com/ncr], and after redirection: [www.google.com] @03-11-2021 05:26:49.0006 AM
[ReportManager] Initial URL: [data:,] @03-11-2021 05:26:49.0093 AM
[ReportManager] Browser Action [NavigateToURL] successfully performed. With the following test data [https://www.google.com/ncr]. @03-11-2021 05:26:49.0818 AM
[ReportManager] Waiting for element to be present; elementLocator [By.id: bla], numberOfTries[1], stateOfPresence[false]... @03-11-2021 05:26:49.0818 AM
[ReportManager] Element Action [WaitForElementToBePresent] successfully performed. With the following test data [waited for the element's state of presence to be (false). Element locator (By.id: bla)]. @03-11-2021 05:26:54.0965 A
[ReportManager] Browser Action [CloseCurrentWindow] successfully performed. @03-11-2021 05:26:55.0106 AM
[ReportManager] Successfully created attachment [Browser Action Test Data - CloseCurrentWindow - Actual Value] @03-11-2021 05:26:55.0107 A
[ReportManager] File Action [GetAbsolutePath] successfully performed. With the following test data [Relative Folder Path: "target/downloadedFiles/"]. @03-11-2021 05:26:55.0110 AM
[ReportManager] Attempting to run remotely on: [Linux-64], [GoogleChrome], [http://localhost:4444/wd/hub], Headless Execution. @03-11-2021 05:26:55.0110 AM
[ReportManager] Successfully Opened [GoogleChrome]. @03-11-2021 05:26:59.0019 A

################################################################################################################################################
Starting Execution:	[65 out of 144] test cases in the current suite
Test Method:		[unitTests.tests_element_elementActions.waitForElementToBePresent_moreThanOneElement_expectedToFail]
################################################################################################################################################
[ReportManager] Target URL: [https://www.google.com/ncr], and after redirection: [www.google.com] @03-11-2021 05:26:59.0021 AM
[ReportManager] Initial URL: [data:,] @03-11-2021 05:26:59.0066 AM
[ReportManager] Browser Action [NavigateToURL] successfully performed. With the following test data [https://www.google.com/ncr]. @03-11-2021 05:26:59.0906 AM
[ReportManager] Waiting for element to be present; elementLocator [By.xpath: //*], numberOfTries[1], stateOfPresence[false]... @03-11-2021 05:26:59.0907 AM
[ReportManager] Element Action [WaitForElementToBePresent] failed. With the following test data [waited for the element's state of presence to be (false). Element locator (By.xpath: //*)]. @03-11-2021 05:27:00.0327 AM
[ReportManager] Successfully created attachment [Screenshot - 1635917220154_waitForElementToBePresent_moreThanOneElement_expectedToFail_WaitForElementToBePresent_failed] @03-11-2021 05:27:00.0328 A
[ReportManager] Browser Action [CloseCurrentWindow] successfully performed. @03-11-2021 05:27:00.0453 AM
[ReportManager] Successfully created attachment [Browser Action Test Data - CloseCurrentWindow - Actual Value] @03-11-2021 05:27:00.0454 A
[ReportManager] File Action [GetAbsolutePath] successfully performed. With the following test data [Relative Folder Path: "target/downloadedFiles/"]. @03-11-2021 05:27:00.0456 AM
[ReportManager] Attempting to run remotely on: [Linux-64], [GoogleChrome], [http://localhost:4444/wd/hub], Headless Execution. @03-11-2021 05:27:00.0456 AM
[ReportManager] Successfully Opened [GoogleChrome]. @03-11-2021 05:27:04.0015 A

################################################################################################################################################
Starting Execution:	[66 out of 144] test cases in the current suite
Test Method:		[unitTests.tests_element_elementActions.waitForElementToBePresent_true_expectedToFail]
################################################################################################################################################
[ReportManager] Target URL: [https://www.google.com/ncr], and after redirection: [www.google.com] @03-11-2021 05:27:04.0022 AM
[ReportManager] Initial URL: [data:,] @03-11-2021 05:27:04.0089 AM
[ReportManager] Browser Action [NavigateToURL] successfully performed. With the following test data [https://www.google.com/ncr]. @03-11-2021 05:27:04.0800 AM
[ReportManager] Waiting for element to be present; elementLocator [By.id: bla], numberOfTries[1], stateOfPresence[true]... @03-11-2021 05:27:04.0800 AM
[ReportManager] Element Action [WaitForElementToBePresent] failed. With the following test data [waited for the element's state of presence to be (true). Element locator (By.id: bla)]. @03-11-2021 05:27:10.0251 AM
[ReportManager] Successfully created attachment [Screenshot - 1635917230073_waitForElementToBePresent_true_expectedToFail_WaitForElementToBePresent_failed] @03-11-2021 05:27:10.0251 A
[ReportManager] Browser Action [CloseCurrentWindow] successfully performed. @03-11-2021 05:27:10.0386 AM
[ReportManager] Successfully created attachment [Browser Action Test Data - CloseCurrentWindow - Actual Value] @03-11-2021 05:27:10.0387 A
[ReportManager] File Action [GetAbsolutePath] successfully performed. With the following test data [Relative Folder Path: "target/downloadedFiles/"]. @03-11-2021 05:27:10.0391 AM
[ReportManager] Attempting to run remotely on: [Linux-64], [GoogleChrome], [http://localhost:4444/wd/hub], Headless Execution. @03-11-2021 05:27:10.0391 AM
[ReportManager] Successfully Opened [GoogleChrome]. @03-11-2021 05:27:14.0006 A

################################################################################################################################################
Starting Execution:	[67 out of 144] test cases in the current suite
Test Method:		[unitTests.tests_element_elementActions.waitForElementToBePresent_true_expectedToPass]
################################################################################################################################################
[ReportManager] Target URL: [https://www.google.com/ncr], and after redirection: [www.google.com] @03-11-2021 05:27:14.0008 AM
[ReportManager] Initial URL: [data:,] @03-11-2021 05:27:14.0068 AM
[ReportManager] Browser Action [NavigateToURL] successfully performed. With the following test data [https://www.google.com/ncr]. @03-11-2021 05:27:14.0778 AM
[ReportManager] Waiting for element to be present; elementLocator [By.xpath: //*[@id='hplogo' or @alt='Google']], numberOfTries[1], stateOfPresence[true]... @03-11-2021 05:27:14.0778 AM
[ReportManager] Element Action [WaitForElementToBePresent] successfully performed. With the following test data [waited for the element's state of presence to be (true). Element locator (By.xpath: //*[@id='hplogo' or @alt='Google'])]. @03-11-2021 05:27:14.0828 AM
[ReportManager] File Action [DoesFileExist] successfully performed. With the following test data [File Path: "src/test/resources/DynamicObjectRepository/unitTests_tests_element_elementActions_waitForElementToBePresent_true_expectedToPass_By_xpath_id_hplogo_or_alt_Google.png"]. @03-11-2021 05:27:14.0832 AM
[ReportManager] File Action [DoesFileExist] successfully performed. With the following test data [File Path: "src/test/resources/DynamicObjectRepository/unitTests_tests_element_elementActions_waitForElementToBePresent_true_expectedToPass_By_xpath_id_hplogo_or_alt_Google.png"]. @03-11-2021 05:27:15.0117 AM
[ReportManager] Passing the test and saving a reference image @03-11-2021 05:27:15.0117 AM
[ReportManager] File Action [GetAbsolutePath] successfully performed. With the following test data [Relative File Path: "src/test/resources/DynamicObjectRepository/unitTests_tests_element_elementActions_waitForElementToBePresent_true_expectedToPass_By_xpath_id_hplogo_or_alt_Google.png"]. @03-11-2021 05:27:15.0117 AM
[ReportManager] File Action [WriteToFile] successfully performed. With the following test data [Target File Path: "/home/runner/work/SHAFT_ENGINE/SHAFT_ENGINE/src/test/resources/DynamicObjectRepository/unitTests_tests_element_elementActions_waitForElementToBePresent_true_expectedToPass_By_xpath_id_hplogo_or_alt_Google.png"]. @03-11-2021 05:27:15.0119 AM
[ReportManager] Assertion Passed: Using Visual AI; OpenCV @03-11-2021 05:27:15.0119 AM
[ReportManager] Successfully created attachment [Validation Test Data - Actual Screenshot] @03-11-2021 05:27:15.0119 AM
[ReportManager] Assertion [ValidateElementMatches] PASSED. Expected [Element should match the reference screenshot] and Actual [TRUE]. Comparison Type [EXACT_OPENCV]. Validation Type [POSITIVE]. @03-11-2021 05:27:15.0119 A
[ReportManager] Browser Action [CloseCurrentWindow] successfully performed. @03-11-2021 05:27:15.0262 AM
[ReportManager] Successfully created attachment [Browser Action Test Data - CloseCurrentWindow - Actual Value] @03-11-2021 05:27:15.0263 A
[ReportManager] Successfully loaded the following test data file [src/test/resources/TestDataFiles/testSuite01/TestData.xlsx]. @03-11-2021 05:27:16.0304 AM
[ReportManager] Successfully created attachment [Test Data - Excel] @03-11-2021 05:27:16.0304 A

################################################################################################################################################
Starting Execution:	[68 out of 144] test cases in the current suite
Test Method:		[unitTests.tests_io_excelFileManager.getCellData_rowName_expectedToPass]
################################################################################################################################################
[ReportManager] testRowData. @03-11-2021 05:27:16.0325 A

################################################################################################################################################
Starting Execution:	[69 out of 144] test cases in the current suite
Test Method:		[testPackage01.Test_testData.f]
################################################################################################################################################
[ReportManager] Successfully loaded the following test data file [src/test/resources/TestDataFiles/testSuite01/TestData.xlsx]. @03-11-2021 05:27:16.0451 AM
[ReportManager] Successfully created attachment [Test Data - Excel] @03-11-2021 05:27:16.0451 AM
[ReportManager] Last Column Number is: [3]. Zero-based. @03-11-2021 05:27:16.0453 A

################################################################################################################################################
Starting Execution:	[70 out of 144] test cases in the current suite
Test Method:		[testPackage01.Test_MatchJsonSchema.checkAPI_ResponseSchema]
################################################################################################################################################
[ReportManager] Response status code: [200], status line: [HTTP/1.1 200 OK] @03-11-2021 05:27:16.0579 AM
[ReportManager] Assertion Passed: Evaluating the actual response status code against the expected one... @03-11-2021 05:27:16.0579 AM
[ReportManager] Assertion [ValidateEquals] PASSED. Expected [200] and Actual [200]. Comparison Type [EQUALS]. Validation Type [POSITIVE]. @03-11-2021 05:27:16.0579 AM
[ReportManager] API Action [PerformRequest] successfully performed. With the following test data [Request Type: "GET" | Target Status Code: "200" | Service URL: "http://api.zippopotam.us/us/90210" | Content Type: "*/*" | Response Time: "114ms"]. @03-11-2021 05:27:16.0606 AM
[ReportManager] Successfully created attachment [API Request - Specifications] @03-11-2021 05:27:16.0608 AM
[ReportManager] Successfully created attachment [API Response - JSON Body] @03-11-2021 05:27:16.0609 AM
[ReportManager] File Action [GetAbsolutePath] successfully performed. With the following test data [Relative Folder Path: "src/test/resources/TestJsonFiles/schema.json"]. @03-11-2021 05:27:16.0616 AM
[ReportManager] File Action [GetAbsolutePath] successfully performed. With the following test data [Relative Folder Path: "/home/runner/work/SHAFT_ENGINE/SHAFT_ENGINE/src/test/resources/TestJsonFiles/schema.json"]. @03-11-2021 05:27:17.0294 AM
[ReportManager] File Action [ReadFromFile] successfully performed. With the following test data [File Path: "/home/runner/work/SHAFT_ENGINE/SHAFT_ENGINE/src/test/resources/TestJsonFiles/schema.json"]. @03-11-2021 05:27:17.0299 AM
[ReportManager] Assertion [ValidateResponseFileSchema] PASSED. Expected [Response data should match the JSON File in this path '/home/runner/work/SHAFT_ENGINE/SHAFT_ENGINE/src/test/resources/TestJsonFiles/schema.json'] and Actual [TRUE]. Comparison Type [EQUALS]. Validation Type [POSITIVE]. @03-11-2021 05:27:17.0300 AM
[ReportManager] Successfully created attachment [Validation Test Data - Expected JSON Value] @03-11-2021 05:27:17.0301 AM
[ReportManager] Successfully created attachment [Validation Test Data - Actual JSON Value] @03-11-2021 05:27:17.0301 A

################################################################################################################################################
Starting Execution:	[71 out of 144] test cases in the current suite
Test Method:		[testPackage01.Test_SkipDueToIssue.doNotSkip]
################################################################################################################################################
[ReportManager] This should not be skipped. @03-11-2021 05:27:17.0309 A

################################################################################################################################################
Starting Execution:	[72 out of 144] test cases in the current suite
Test Method:		[testPackage01.Test_SkipDueToIssue.skip]
################################################################################################################################################
[ReportManager] This should be skipped. @03-11-2021 05:27:17.0315 A

################################################################################################################################################
Starting Execution:	[73 out of 144] test cases in the current suite
Test Method:		[testPackage01.Test_SkipDueToIssue.skip2]
################################################################################################################################################
[ReportManager] This should be skipped. @03-11-2021 05:27:17.0320 A

################################################################################################################################################
Starting Execution:	[74 out of 144] test cases in the current suite
Test Method:		[testPackage01.Test_chainableElementActions.chainElementActions]
################################################################################################################################################
[ReportManager] File Action [GetAbsolutePath] successfully performed. With the following test data [Relative Folder Path: "target/downloadedFiles/"]. @03-11-2021 05:27:17.0324 AM
[ReportManager] Attempting to run remotely on: [Linux-64], [GoogleChrome], [http://localhost:4444/wd/hub], Headless Execution. @03-11-2021 05:27:17.0324 AM
[ReportManager] Successfully Opened [GoogleChrome]. @03-11-2021 05:27:19.0028 AM
[ReportManager] Target URL: [https://www.google.com/ncr], and after redirection: [https://www.google.com] @03-11-2021 05:27:19.0028 AM
[ReportManager] Initial URL: [data:,] @03-11-2021 05:27:19.0095 AM
[ReportManager] Browser Action [NavigateToURL] successfully performed. With the following test data [https://www.google.com/ncr]. @03-11-2021 05:27:19.0851 AM
[ReportManager] Element Action [Type] successfully performed. With the following test data [chained type 1]. @03-11-2021 05:27:20.0277 AM
[ReportManager] Element Action [Type] successfully performed. With the following test data [chained type 2]. @03-11-2021 05:27:20.0667 AM
[ReportManager] Element Action [TypeAppend] successfully performed. With the following test data [345]. @03-11-2021 05:27:20.0802 AM
[ReportManager] Element Action [GetText] successfully performed. With the following test data [chained type 2345]. @03-11-2021 05:27:20.0928 AM
[ReportManager] Loaded Shared OpenCV @03-11-2021 05:27:21.0197 AM
[ReportManager] Assertion [ValidateElementAttribute] PASSED. Expected [Value Should be 'chained type 2345' for the 'text' attribute, element locator 'By.name: q'] and Actual [chained type 2345]. Comparison Type [EQUALS]. Validation Type [POSITIVE]. @03-11-2021 05:27:21.0414 AM
[ReportManager] Successfully created attachment [Screenshot - 1635917241197_chainElementActions_ValidateElementAttribute_passed] @03-11-2021 05:27:21.0415 AM
[ReportManager] Browser Action [CloseCurrentWindow] successfully performed. @03-11-2021 05:27:21.0568 AM
[ReportManager] Successfully created attachment [Browser Action Test Data - CloseCurrentWindow - Actual Value] @03-11-2021 05:27:21.0569 A

################################################################################################################################################
Starting Execution:	[75 out of 144] test cases in the current suite
Test Method:		[testPackage01.Test_NewValidationHelper.f1]
################################################################################################################################################
[ReportManager] Assertion Passed: Checking valid user data @03-11-2021 05:27:21.0574 AM
[ReportManager] Successfully created attachment [Validation Test Data - Expected Value] @03-11-2021 05:27:21.0580 AM
[ReportManager] Successfully created attachment [Validation Test Data - Actual Value] @03-11-2021 05:27:21.0580 AM
[ReportManager] Assertion [ValidateEquals] PASSED. Expected and Actual values are attached. Comparison Type [EQUALS]. Validation Type [POSITIVE]. @03-11-2021 05:27:21.0581 A
[ReportManager] File Action [GetAbsolutePath] successfully performed. With the following test data [Relative Folder Path: "target/downloadedFiles/"]. @03-11-2021 05:27:21.0585 AM
[ReportManager] Attempting to run remotely on: [Linux-64], [GoogleChrome], [http://localhost:4444/wd/hub], Headless Execution. @03-11-2021 05:27:21.0585 AM
[ReportManager] Successfully Opened [GoogleChrome]. @03-11-2021 05:27:24.0029 AM
[ReportManager] Target URL: [https://the-internet.herokuapp.com/] @03-11-2021 05:27:24.0029 AM
[ReportManager] Initial URL: [data:,] @03-11-2021 05:27:24.0100 AM
[ReportManager] Browser Action [NavigateToURL] successfully performed. With the following test data [https://the-internet.herokuapp.com/]. @03-11-2021 05:27:24.0589 A

################################################################################################################################################
Starting Execution:	[76 out of 144] test cases in the current suite
Test Method:		[testPackage01.Test_NewValidationHelper.f10]
################################################################################################################################################
[ReportManager] Assertion [ValidateElementExists] FAILED. Expected [Element Should Exist, locator 'By.tagName: div'] and Actual [Element Exists but is not unique]. Comparison Type [EQUALS]. Validation Type [POSITIVE]. @03-11-2021 05:27:25.0082 AM
[ReportManager] Successfully created attachment [Screenshot - 1635917244895_f10_ValidateElementExists_failed] @03-11-2021 05:27:25.0083 A
[ReportManager] Successfully Closed All Drivers. @03-11-2021 05:27:25.0172 A
[ReportManager] File Action [GetAbsolutePath] successfully performed. With the following test data [Relative Folder Path: "target/downloadedFiles/"]. @03-11-2021 05:27:25.0174 AM
[ReportManager] Attempting to run remotely on: [Linux-64], [GoogleChrome], [http://localhost:4444/wd/hub], Headless Execution. @03-11-2021 05:27:25.0175 AM
[ReportManager] Successfully Opened [GoogleChrome]. @03-11-2021 05:27:29.0010 AM
[ReportManager] Target URL: [https://the-internet.herokuapp.com/] @03-11-2021 05:27:29.0011 AM
[ReportManager] Initial URL: [data:,] @03-11-2021 05:27:29.0091 AM
[ReportManager] Browser Action [NavigateToURL] successfully performed. With the following test data [https://the-internet.herokuapp.com/]. @03-11-2021 05:27:29.0482 A

################################################################################################################################################
Starting Execution:	[77 out of 144] test cases in the current suite
Test Method:		[testPackage01.Test_NewValidationHelper.f11]
################################################################################################################################################
[ReportManager] Assertion Passed: Checking that false tag doesn't exist @03-11-2021 05:27:40.0148 AM
[ReportManager] Successfully created attachment [Screenshot - 1635917259945_f11_ValidateElementExists_passed] @03-11-2021 05:27:40.0149 AM
[ReportManager] Assertion [ValidateElementExists] PASSED. Expected [Element Should not Exist, locator 'By.tagName: h3'] and Actual [Element Doesn't Exists]. Comparison Type [EQUALS]. Validation Type [NEGATIVE]. @03-11-2021 05:27:40.0149 A
[ReportManager] Successfully Closed All Drivers. @03-11-2021 05:27:40.0235 A
[ReportManager] File Action [GetAbsolutePath] successfully performed. With the following test data [Relative Folder Path: "target/downloadedFiles/"]. @03-11-2021 05:27:40.0237 AM
[ReportManager] Attempting to run remotely on: [Linux-64], [GoogleChrome], [http://localhost:4444/wd/hub], Headless Execution. @03-11-2021 05:27:40.0237 AM
[ReportManager] Successfully Opened [GoogleChrome]. @03-11-2021 05:27:44.0012 AM
[ReportManager] Target URL: [https://the-internet.herokuapp.com/] @03-11-2021 05:27:44.0013 AM
[ReportManager] Initial URL: [data:,] @03-11-2021 05:27:44.0051 AM
[ReportManager] Browser Action [NavigateToURL] successfully performed. With the following test data [https://the-internet.herokuapp.com/]. @03-11-2021 05:27:44.0473 A

################################################################################################################################################
Starting Execution:	[78 out of 144] test cases in the current suite
Test Method:		[testPackage01.Test_NewValidationHelper.f12]
################################################################################################################################################
[ReportManager] Loaded Shared OpenCV @03-11-2021 05:27:44.0936 AM
[ReportManager] Assertion [ValidateElementExists] FAILED. Expected [Element Should not Exist, locator 'By.tagName: h1'] and Actual [Element Exists]. Comparison Type [EQUALS]. Validation Type [NEGATIVE]. @03-11-2021 05:27:45.0186 AM
[ReportManager] Successfully created attachment [Screenshot - 1635917264936_f12_ValidateElementExists_failed] @03-11-2021 05:27:45.0188 A
[ReportManager] Successfully Closed All Drivers. @03-11-2021 05:27:45.0279 A
[ReportManager] File Action [GetAbsolutePath] successfully performed. With the following test data [Relative Folder Path: "target/downloadedFiles/"]. @03-11-2021 05:27:45.0282 AM
[ReportManager] Attempting to run remotely on: [Linux-64], [GoogleChrome], [http://localhost:4444/wd/hub], Headless Execution. @03-11-2021 05:27:45.0282 AM
[ReportManager] Successfully Opened [GoogleChrome]. @03-11-2021 05:27:49.0011 AM
[ReportManager] Target URL: [https://the-internet.herokuapp.com/] @03-11-2021 05:27:49.0011 AM
[ReportManager] Initial URL: [data:,] @03-11-2021 05:27:49.0091 AM
[ReportManager] Browser Action [NavigateToURL] successfully performed. With the following test data [https://the-internet.herokuapp.com/]. @03-11-2021 05:27:49.0529 A

################################################################################################################################################
Starting Execution:	[79 out of 144] test cases in the current suite
Test Method:		[testPackage01.Test_NewValidationHelper.f13]
################################################################################################################################################
[ReportManager] Assertion [ValidateElementExists] FAILED. Expected [Element Should not Exist, locator 'By.tagName: div'] and Actual [Element Exists but is not unique]. Comparison Type [EQUALS]. Validation Type [NEGATIVE]. @03-11-2021 05:27:50.0064 AM
[ReportManager] Successfully created attachment [Screenshot - 1635917269878_f13_ValidateElementExists_failed] @03-11-2021 05:27:50.0065 A
[ReportManager] Successfully Closed All Drivers. @03-11-2021 05:27:50.0152 A
[ReportManager] File Action [GetAbsolutePath] successfully performed. With the following test data [Relative Folder Path: "target/downloadedFiles/"]. @03-11-2021 05:27:50.0155 AM
[ReportManager] Attempting to run remotely on: [Linux-64], [GoogleChrome], [http://localhost:4444/wd/hub], Headless Execution. @03-11-2021 05:27:50.0157 AM
[ReportManager] Successfully Opened [GoogleChrome]. @03-11-2021 05:27:54.0009 AM
[ReportManager] Target URL: [https://the-internet.herokuapp.com/] @03-11-2021 05:27:54.0009 AM
[ReportManager] Initial URL: [data:,] @03-11-2021 05:27:54.0054 AM
[ReportManager] Browser Action [NavigateToURL] successfully performed. With the following test data [https://the-internet.herokuapp.com/]. @03-11-2021 05:27:54.0440 A

################################################################################################################################################
Starting Execution:	[80 out of 144] test cases in the current suite
Test Method:		[testPackage01.Test_NewValidationHelper.f14]
################################################################################################################################################
[ReportManager] Element Action [GetText] successfully performed. With the following test data [Welcome to the-internet]. @03-11-2021 05:27:54.0590 AM
[ReportManager] Loaded Shared OpenCV @03-11-2021 05:27:54.0834 AM
[ReportManager] Assertion Passed: Asserting that the header text is correct @03-11-2021 05:27:55.0063 AM
[ReportManager] Successfully created attachment [Screenshot - 1635917274833_f14_ValidateElementAttribute_passed] @03-11-2021 05:27:55.0065 AM
[ReportManager] Assertion [ValidateElementAttribute] PASSED. Expected [Value Should be 'Welcome to the-internet' for the 'text' attribute, element locator 'By.tagName: h1'] and Actual [Welcome to the-internet]. Comparison Type [EQUALS]. Validation Type [POSITIVE]. @03-11-2021 05:27:55.0065 A
[ReportManager] Successfully Closed All Drivers. @03-11-2021 05:27:55.0156 A
[ReportManager] File Action [GetAbsolutePath] successfully performed. With the following test data [Relative Folder Path: "target/downloadedFiles/"]. @03-11-2021 05:27:55.0159 AM
[ReportManager] Attempting to run remotely on: [Linux-64], [GoogleChrome], [http://localhost:4444/wd/hub], Headless Execution. @03-11-2021 05:27:55.0159 AM
[ReportManager] Successfully Opened [GoogleChrome]. @03-11-2021 05:27:59.0023 AM
[ReportManager] Target URL: [https://the-internet.herokuapp.com/] @03-11-2021 05:27:59.0023 AM
[ReportManager] Initial URL: [data:,] @03-11-2021 05:27:59.0112 AM
[ReportManager] Browser Action [NavigateToURL] successfully performed. With the following test data [https://the-internet.herokuapp.com/]. @03-11-2021 05:27:59.0562 A

################################################################################################################################################
Starting Execution:	[81 out of 144] test cases in the current suite
Test Method:		[testPackage01.Test_NewValidationHelper.f15]
################################################################################################################################################
[ReportManager] Element Action [GetText] successfully performed. With the following test data [Welcome to the-internet]. @03-11-2021 05:27:59.0657 AM
[ReportManager] Loaded Shared OpenCV @03-11-2021 05:27:59.0949 AM
[ReportManager] Assertion [ValidateElementAttribute] FAILED. Expected [Value Should not be 'Welcome' for the 'text' attribute, element locator 'By.tagName: h1'] and Actual [Welcome to the-internet]. Comparison Type [CONTAINS]. Validation Type [NEGATIVE]. @03-11-2021 05:28:00.0188 AM
[ReportManager] Successfully created attachment [Screenshot - 1635917279948_f15_ValidateElementAttribute_failed] @03-11-2021 05:28:00.0190 A
[ReportManager] Successfully Closed All Drivers. @03-11-2021 05:28:00.0287 A
[ReportManager] File Action [GetAbsolutePath] successfully performed. With the following test data [Relative Folder Path: "target/downloadedFiles/"]. @03-11-2021 05:28:00.0289 AM
[ReportManager] Attempting to run remotely on: [Linux-64], [GoogleChrome], [http://localhost:4444/wd/hub], Headless Execution. @03-11-2021 05:28:00.0289 AM
[ReportManager] Successfully Opened [GoogleChrome]. @03-11-2021 05:28:04.0012 AM
[ReportManager] Target URL: [https://the-internet.herokuapp.com/] @03-11-2021 05:28:04.0013 AM
[ReportManager] Initial URL: [data:,] @03-11-2021 05:28:04.0074 AM
[ReportManager] Browser Action [NavigateToURL] successfully performed. With the following test data [https://the-internet.herokuapp.com/]. @03-11-2021 05:28:04.0569 A

################################################################################################################################################
Starting Execution:	[82 out of 144] test cases in the current suite
Test Method:		[testPackage01.Test_NewValidationHelper.f16]
################################################################################################################################################
[ReportManager] Element Action [IdentifyUniqueElement] failed. With the following test data [zero elements found matching this locator "By.tagName: h3".]. @03-11-2021 05:28:30.0405 AM
[ReportManager] Successfully created attachment [Screenshot - 1635917310194_f16_IdentifyUniqueElement_failed] @03-11-2021 05:28:30.0406 AM
[ReportManager] Assertion [ValidateElementAttribute] FAILED. Expected [Value Should not be 'Welcome' for the 'text' attribute, element locator 'By.tagName: h3'] and Actual [Failed to read the desired element attribute]. Comparison Type [CONTAINS]. Validation Type [NEGATIVE]. @03-11-2021 05:28:30.0407 A
[ReportManager] Successfully Closed All Drivers. @03-11-2021 05:28:30.0496 A
[ReportManager] File Action [GetAbsolutePath] successfully performed. With the following test data [Relative Folder Path: "target/downloadedFiles/"]. @03-11-2021 05:28:30.0498 AM
[ReportManager] Attempting to run remotely on: [Linux-64], [GoogleChrome], [http://localhost:4444/wd/hub], Headless Execution. @03-11-2021 05:28:30.0498 AM
[ReportManager] Successfully Opened [GoogleChrome]. @03-11-2021 05:28:34.0026 AM
[ReportManager] Target URL: [https://the-internet.herokuapp.com/] @03-11-2021 05:28:34.0026 AM
[ReportManager] Initial URL: [data:,] @03-11-2021 05:28:34.0069 AM
[ReportManager] Browser Action [NavigateToURL] successfully performed. With the following test data [https://the-internet.herokuapp.com/]. @03-11-2021 05:28:34.0492 A

################################################################################################################################################
Starting Execution:	[83 out of 144] test cases in the current suite
Test Method:		[testPackage01.Test_NewValidationHelper.f17]
################################################################################################################################################
[ReportManager] Attempting to getAttribute [text2] from elementLocator [By.tagName: h1]. @03-11-2021 05:28:34.0495 AM
[ReportManager] Element Action [GetAttribute] successfully performed. @03-11-2021 05:28:34.0575 AM
[ReportManager] Loaded Shared OpenCV @03-11-2021 05:28:34.0856 AM
[ReportManager] Assertion [ValidateElementAttribute] PASSED. Expected [Value Should not be 'Welcome' for the 'text2' attribute, element locator 'By.tagName: h1'] and Actual [null]. Comparison Type [CONTAINS]. Validation Type [NEGATIVE]. @03-11-2021 05:28:35.0093 AM
[ReportManager] Successfully created attachment [Screenshot - 1635917314856_f17_ValidateElementAttribute_passed] @03-11-2021 05:28:35.0095 A
[ReportManager] Successfully Closed All Drivers. @03-11-2021 05:28:35.0187 A
[ReportManager] File Action [GetAbsolutePath] successfully performed. With the following test data [Relative Folder Path: "target/downloadedFiles/"]. @03-11-2021 05:28:35.0189 AM
[ReportManager] Attempting to run remotely on: [Linux-64], [GoogleChrome], [http://localhost:4444/wd/hub], Headless Execution. @03-11-2021 05:28:35.0189 AM
[ReportManager] Successfully Opened [GoogleChrome]. @03-11-2021 05:28:39.0026 AM
[ReportManager] Target URL: [https://the-internet.herokuapp.com/] @03-11-2021 05:28:39.0026 AM
[ReportManager] Initial URL: [data:,] @03-11-2021 05:28:39.0086 AM
[ReportManager] Browser Action [NavigateToURL] successfully performed. With the following test data [https://the-internet.herokuapp.com/]. @03-11-2021 05:28:39.0508 A

################################################################################################################################################
Starting Execution:	[84 out of 144] test cases in the current suite
Test Method:		[testPackage01.Test_NewValidationHelper.f18]
################################################################################################################################################
[ReportManager] Element Action [GetText] successfully performed. With the following test data [Welcome to the-internet]. @03-11-2021 05:28:39.0623 AM
[ReportManager] Loaded Shared OpenCV @03-11-2021 05:28:39.0877 AM
[ReportManager] Assertion [ValidateElementAttribute] PASSED. Expected [Value Should not be 'no' for the 'text' attribute, element locator 'By.tagName: h1'] and Actual [Welcome to the-internet]. Comparison Type [CONTAINS]. Validation Type [NEGATIVE]. @03-11-2021 05:28:40.0105 AM
[ReportManager] Successfully created attachment [Screenshot - 1635917319877_f18_ValidateElementAttribute_passed] @03-11-2021 05:28:40.0107 A
[ReportManager] Successfully Closed All Drivers. @03-11-2021 05:28:40.0205 A

################################################################################################################################################
Starting Execution:	[85 out of 144] test cases in the current suite
Test Method:		[testPackage01.Test_NewValidationHelper.f2]
################################################################################################################################################
[ReportManager] Assertion Failed: Checking valid user data @03-11-2021 05:28:40.0209 AM
[ReportManager] Assertion [ValidateEquals] FAILED. Expected [1] and Actual [2]. Comparison Type [EQUALS]. Validation Type [POSITIVE]. @03-11-2021 05:28:40.0209 A
[ReportManager] File Action [GetAbsolutePath] successfully performed. With the following test data [Relative Folder Path: "target/downloadedFiles/"]. @03-11-2021 05:28:40.0211 AM
[ReportManager] Attempting to run remotely on: [Linux-64], [GoogleChrome], [http://localhost:4444/wd/hub], Headless Execution. @03-11-2021 05:28:40.0211 AM
[ReportManager] Successfully Opened [GoogleChrome]. @03-11-2021 05:28:44.0021 AM
[ReportManager] Target URL: [https://the-internet.herokuapp.com/] @03-11-2021 05:28:44.0021 AM
[ReportManager] Initial URL: [data:,] @03-11-2021 05:28:44.0101 AM
[ReportManager] Browser Action [NavigateToURL] successfully performed. With the following test data [https://the-internet.herokuapp.com/]. @03-11-2021 05:28:44.0503 A

################################################################################################################################################
Starting Execution:	[86 out of 144] test cases in the current suite
Test Method:		[testPackage01.Test_NewValidationHelper.f20]
################################################################################################################################################
[ReportManager] Element Action [GetSize] successfully performed. With the following test data [(970, 61)]. @03-11-2021 05:28:44.0590 AM
[ReportManager] Loaded Shared OpenCV @03-11-2021 05:28:44.0842 AM
[ReportManager] Assertion [ValidateElementAttribute] PASSED. Expected [Value Should not be 'a' for the 'size' attribute, element locator 'By.tagName: h1'] and Actual [(970, 61)]. Comparison Type [CONTAINS]. Validation Type [NEGATIVE]. @03-11-2021 05:28:45.0071 AM
[ReportManager] Successfully created attachment [Screenshot - 1635917324842_f20_ValidateElementAttribute_passed] @03-11-2021 05:28:45.0073 A
[ReportManager] Successfully Closed All Drivers. @03-11-2021 05:28:45.0162 A
[ReportManager] File Action [GetAbsolutePath] successfully performed. With the following test data [Relative Folder Path: "target/downloadedFiles/"]. @03-11-2021 05:28:45.0164 AM
[ReportManager] Attempting to run remotely on: [Linux-64], [GoogleChrome], [http://localhost:4444/wd/hub], Headless Execution. @03-11-2021 05:28:45.0164 AM
[ReportManager] Successfully Opened [GoogleChrome]. @03-11-2021 05:28:49.0015 AM
[ReportManager] Target URL: [https://the-internet.herokuapp.com/] @03-11-2021 05:28:49.0015 AM
[ReportManager] Initial URL: [data:,] @03-11-2021 05:28:49.0074 AM
[ReportManager] Browser Action [NavigateToURL] successfully performed. With the following test data [https://the-internet.herokuapp.com/]. @03-11-2021 05:28:49.0465 A

################################################################################################################################################
Starting Execution:	[87 out of 144] test cases in the current suite
Test Method:		[testPackage01.Test_NewValidationHelper.f21]
################################################################################################################################################
[ReportManager] Element Action [IdentifyUniqueElement] failed. With the following test data [zero elements found matching this locator "By.tagName: h3".]. @03-11-2021 05:29:15.0336 AM
[ReportManager] Successfully created attachment [Screenshot - 1635917355131_f21_IdentifyUniqueElement_failed] @03-11-2021 05:29:15.0337 AM
[ReportManager] Assertion [ValidateElementAttribute] FAILED. Expected [Value Should be 'Welcome' for the 'text' attribute, element locator 'By.tagName: h3'] and Actual [Failed to read the desired element attribute]. Comparison Type [CONTAINS]. Validation Type [POSITIVE]. @03-11-2021 05:29:15.0338 A
[ReportManager] Successfully Closed All Drivers. @03-11-2021 05:29:15.0432 A
[ReportManager] File Action [GetAbsolutePath] successfully performed. With the following test data [Relative Folder Path: "target/downloadedFiles/"]. @03-11-2021 05:29:15.0434 AM
[ReportManager] Attempting to run remotely on: [Linux-64], [GoogleChrome], [http://localhost:4444/wd/hub], Headless Execution. @03-11-2021 05:29:15.0435 AM
[ReportManager] Successfully Opened [GoogleChrome]. @03-11-2021 05:29:19.0031 AM
[ReportManager] Target URL: [https://the-internet.herokuapp.com/] @03-11-2021 05:29:19.0031 AM
[ReportManager] Initial URL: [data:,] @03-11-2021 05:29:19.0094 AM
[ReportManager] Browser Action [NavigateToURL] successfully performed. With the following test data [https://the-internet.herokuapp.com/]. @03-11-2021 05:29:19.0513 A

################################################################################################################################################
Starting Execution:	[88 out of 144] test cases in the current suite
Test Method:		[testPackage01.Test_NewValidationHelper.f22]
################################################################################################################################################
[ReportManager] Element Action [GetText] successfully performed. With the following test data [Welcome to the-internet]. @03-11-2021 05:29:19.0609 AM
[ReportManager] Loaded Shared OpenCV @03-11-2021 05:29:19.0910 AM
[ReportManager] Assertion [ValidateElementAttribute] FAILED. Expected [Value Should be 'yyy' for the 'text' attribute, element locator 'By.tagName: h1'] and Actual [Welcome to the-internet]. Comparison Type [CONTAINS]. Validation Type [POSITIVE]. @03-11-2021 05:29:20.0186 AM
[ReportManager] Successfully created attachment [Screenshot - 1635917359909_f22_ValidateElementAttribute_failed] @03-11-2021 05:29:20.0195 A
[ReportManager] Successfully Closed All Drivers. @03-11-2021 05:29:20.0296 A

################################################################################################################################################
Starting Execution:	[89 out of 144] test cases in the current suite
Test Method:		[testPackage01.Test_NewValidationHelper.f23]
################################################################################################################################################
[ReportManager] Assertion Passed: confirming that the actual is greater than or equal to the expected @03-11-2021 05:29:20.0302 AM
[ReportManager] Assertion [ValidateComparativeRelation] PASSED. Expected [1] and Actual [1]. Comparison Type [GREATER_THAN_OR_EQUALS]. Validation Type [POSITIVE]. @03-11-2021 05:29:20.0302 A

################################################################################################################################################
Starting Execution:	[90 out of 144] test cases in the current suite
Test Method:		[testPackage01.Test_NewValidationHelper.f24]
################################################################################################################################################
[ReportManager] Assertion [ValidateComparativeRelation] PASSED. Expected [1] and Actual [10]. Comparison Type [GREATER_THAN_OR_EQUALS]. Validation Type [POSITIVE]. @03-11-2021 05:29:20.0307 A

################################################################################################################################################
Starting Execution:	[91 out of 144] test cases in the current suite
Test Method:		[testPackage01.Test_NewValidationHelper.f25]
################################################################################################################################################
[ReportManager] Assertion [ValidateComparativeRelation] PASSED. Expected [1] and Actual [1]. Comparison Type [EQUALS]. Validation Type [POSITIVE]. @03-11-2021 05:29:20.0311 A

################################################################################################################################################
Starting Execution:	[92 out of 144] test cases in the current suite
Test Method:		[testPackage01.Test_NewValidationHelper.f26]
################################################################################################################################################
[ReportManager] Assertion [ValidateComparativeRelation] PASSED. Expected [1] and Actual [5]. Comparison Type [GREATER_THAN]. Validation Type [POSITIVE]. @03-11-2021 05:29:20.0315 A

################################################################################################################################################
Starting Execution:	[93 out of 144] test cases in the current suite
Test Method:		[testPackage01.Test_NewValidationHelper.f27]
################################################################################################################################################
[ReportManager] Assertion [ValidateComparativeRelation] PASSED. Expected [11] and Actual [5]. Comparison Type [LESS_THAN]. Validation Type [POSITIVE]. @03-11-2021 05:29:20.0320 A

################################################################################################################################################
Starting Execution:	[94 out of 144] test cases in the current suite
Test Method:		[testPackage01.Test_NewValidationHelper.f28]
################################################################################################################################################
[ReportManager] Assertion [ValidateComparativeRelation] PASSED. Expected [11] and Actual [5]. Comparison Type [LESS_THAN_OR_EQUALS]. Validation Type [POSITIVE]. @03-11-2021 05:29:20.0325 A

################################################################################################################################################
Starting Execution:	[95 out of 144] test cases in the current suite
Test Method:		[testPackage01.Test_NewValidationHelper.f29]
################################################################################################################################################
[ReportManager] Assertion [ValidateComparativeRelation] PASSED. Expected [11] and Actual [11]. Comparison Type [LESS_THAN_OR_EQUALS]. Validation Type [POSITIVE]. @03-11-2021 05:29:20.0336 A

################################################################################################################################################
Starting Execution:	[96 out of 144] test cases in the current suite
Test Method:		[testPackage01.Test_NewValidationHelper.f3]
################################################################################################################################################
[ReportManager] Assertion [ValidateEquals] PASSED. Expected [1] and Actual [2]. Comparison Type [EQUALS]. Validation Type [NEGATIVE]. @03-11-2021 05:29:20.0346 A

################################################################################################################################################
Starting Execution:	[97 out of 144] test cases in the current suite
Test Method:		[testPackage01.Test_NewValidationHelper.f30]
################################################################################################################################################
[ReportManager] Assertion [ValidateComparativeRelation] FAILED. Expected [-9] and Actual [11]. Comparison Type [LESS_THAN_OR_EQUALS]. Validation Type [POSITIVE]. @03-11-2021 05:29:20.0349 A

################################################################################################################################################
Starting Execution:	[98 out of 144] test cases in the current suite
Test Method:		[testPackage01.Test_NewValidationHelper.f31]
################################################################################################################################################
[ReportManager] Assertion [ValidateTrue] PASSED. Expected [TRUE] and Actual [TRUE]. Validation Type [POSITIVE]. @03-11-2021 05:29:20.0355 A

################################################################################################################################################
Starting Execution:	[99 out of 144] test cases in the current suite
Test Method:		[testPackage01.Test_NewValidationHelper.f32]
################################################################################################################################################
[ReportManager] Assertion [ValidateTrue] PASSED. Expected [FALSE] and Actual [FALSE]. Validation Type [NEGATIVE]. @03-11-2021 05:29:20.0360 A

################################################################################################################################################
Starting Execution:	[100 out of 144] test cases in the current suite
Test Method:		[testPackage01.Test_NewValidationHelper.f33]
################################################################################################################################################
[ReportManager] Assertion [ValidateTrue] FAILED. Expected [FALSE] and Actual [TRUE]. Validation Type [NEGATIVE]. @03-11-2021 05:29:20.0365 A

################################################################################################################################################
Starting Execution:	[101 out of 144] test cases in the current suite
Test Method:		[testPackage01.Test_NewValidationHelper.f34]
################################################################################################################################################
[ReportManager] Assertion [ValidateTrue] FAILED. Expected [TRUE] and Actual [FALSE]. Validation Type [POSITIVE]. @03-11-2021 05:29:20.0368 A

################################################################################################################################################
Starting Execution:	[102 out of 144] test cases in the current suite
Test Method:		[testPackage01.Test_NewValidationHelper.f35]
################################################################################################################################################
[ReportManager] File Action [DoesFileExist] successfully performed. With the following test data [File Path: "pom.xml"]. @03-11-2021 05:29:20.0371 AM
[ReportManager] Assertion [ValidateFileExists] PASSED. Expected [File 'pom.xml' should exist, after up to '1' retries] and Actual [File exists]. Validation Type [POSITIVE]. @03-11-2021 05:29:20.0371 A

################################################################################################################################################
Starting Execution:	[103 out of 144] test cases in the current suite
Test Method:		[testPackage01.Test_NewValidationHelper.f36]
################################################################################################################################################
[ReportManager] File Action [DoesFileExist] successfully performed. With the following test data [File Path: "src/test/java/testPackage01/Test_NewValidationHelper.java"]. @03-11-2021 05:29:20.0375 AM
[ReportManager] Assertion [ValidateFileExists] PASSED. Expected [File 'src/test/java/testPackage01/Test_NewValidationHelper.java' should exist, after up to '1' retries] and Actual [File exists]. Validation Type [POSITIVE]. @03-11-2021 05:29:20.0375 A

################################################################################################################################################
Starting Execution:	[104 out of 144] test cases in the current suite
Test Method:		[testPackage01.Test_NewValidationHelper.f37]
################################################################################################################################################
[ReportManager] File Action [DoesFileExist] successfully performed. With the following test data [File Path: "pom.xml"]. @03-11-2021 05:29:20.0377 AM
[ReportManager] Assertion Failed: confirming that the file does't exist after 5 retries @03-11-2021 05:29:20.0377 AM
[ReportManager] Assertion [ValidateFileExists] FAILED. Expected [File 'pom.xml' should not exist, after up to '5' retries] and Actual [File exists]. Validation Type [NEGATIVE]. @03-11-2021 05:29:20.0377 A

################################################################################################################################################
Starting Execution:	[105 out of 144] test cases in the current suite
Test Method:		[testPackage01.Test_NewValidationHelper.f3_1]
################################################################################################################################################
[ReportManager] Assertion Passed: Checking valid user data @03-11-2021 05:29:20.0382 AM
[ReportManager] Assertion [ValidateEquals] PASSED. Expected [null] and Actual [null]. Comparison Type [EQUALS]. Validation Type [POSITIVE]. @03-11-2021 05:29:20.0382 A

################################################################################################################################################
Starting Execution:	[106 out of 144] test cases in the current suite
Test Method:		[testPackage01.Test_NewValidationHelper.f4]
################################################################################################################################################
[ReportManager] Assertion [ValidateEquals] PASSED. Expected [1] and Actual [123]. Comparison Type [CONTAINS]. Validation Type [POSITIVE]. @03-11-2021 05:29:20.0385 A

################################################################################################################################################
Starting Execution:	[107 out of 144] test cases in the current suite
Test Method:		[testPackage01.Test_NewValidationHelper.f5]
################################################################################################################################################
[ReportManager] Assertion [ValidateNull] PASSED. Expected [NULL] and Actual [1]. Comparison Type [EQUALS]. Validation Type [NEGATIVE]. @03-11-2021 05:29:20.0388 A

################################################################################################################################################
Starting Execution:	[108 out of 144] test cases in the current suite
Test Method:		[testPackage01.Test_NewValidationHelper.f6]
################################################################################################################################################
[ReportManager] Assertion Failed: Making sure that null string is not equal to null object @03-11-2021 05:29:20.0391 AM
[ReportManager] Assertion [ValidateNull] FAILED. Expected [NULL] and Actual [NULL]. Comparison Type [EQUALS]. Validation Type [POSITIVE]. @03-11-2021 05:29:20.0391 A

################################################################################################################################################
Starting Execution:	[109 out of 144] test cases in the current suite
Test Method:		[testPackage01.Test_NewValidationHelper.f6_1]
################################################################################################################################################
[ReportManager] Assertion [ValidateNull] FAILED. Expected [NULL] and Actual [NULL]. Comparison Type [EQUALS]. Validation Type [NEGATIVE]. @03-11-2021 05:29:20.0394 A

################################################################################################################################################
Starting Execution:	[110 out of 144] test cases in the current suite
Test Method:		[testPackage01.Test_NewValidationHelper.f6_2]
################################################################################################################################################
[ReportManager] Assertion Failed: Making sure that null string is not equal to null object @03-11-2021 05:29:20.0397 AM
[ReportManager] Assertion [ValidateNull] FAILED. Expected [NULL] and Actual [not null]. Comparison Type [EQUALS]. Validation Type [POSITIVE]. @03-11-2021 05:29:20.0397 A

################################################################################################################################################
Starting Execution:	[111 out of 144] test cases in the current suite
Test Method:		[testPackage01.Test_NewValidationHelper.f7]
################################################################################################################################################
[ReportManager] Assertion [ValidateNull] PASSED. Expected [NULL] and Actual [NULL]. Comparison Type [EQUALS]. Validation Type [POSITIVE]. @03-11-2021 05:29:20.0399 A
[ReportManager] File Action [GetAbsolutePath] successfully performed. With the following test data [Relative Folder Path: "target/downloadedFiles/"]. @03-11-2021 05:29:20.0401 AM
[ReportManager] Attempting to run remotely on: [Linux-64], [GoogleChrome], [http://localhost:4444/wd/hub], Headless Execution. @03-11-2021 05:29:20.0401 AM
[ReportManager] Successfully Opened [GoogleChrome]. @03-11-2021 05:29:24.0018 AM
[ReportManager] Target URL: [https://the-internet.herokuapp.com/] @03-11-2021 05:29:24.0018 AM
[ReportManager] Initial URL: [data:,] @03-11-2021 05:29:24.0056 AM
[ReportManager] Browser Action [NavigateToURL] successfully performed. With the following test data [https://the-internet.herokuapp.com/]. @03-11-2021 05:29:24.0460 A

################################################################################################################################################
Starting Execution:	[112 out of 144] test cases in the current suite
Test Method:		[testPackage01.Test_NewValidationHelper.f8]
################################################################################################################################################
[ReportManager] Loaded Shared OpenCV @03-11-2021 05:29:24.0823 AM
[ReportManager] Assertion [ValidateElementExists] PASSED. Expected [Element Should Exist, locator 'By.tagName: h1'] and Actual [Element Exists]. Comparison Type [EQUALS]. Validation Type [POSITIVE]. @03-11-2021 05:29:25.0066 AM
[ReportManager] Successfully created attachment [Screenshot - 1635917364823_f8_ValidateElementExists_passed] @03-11-2021 05:29:25.0068 A
[ReportManager] Successfully Closed All Drivers. @03-11-2021 05:29:25.0163 A
[ReportManager] File Action [GetAbsolutePath] successfully performed. With the following test data [Relative Folder Path: "target/downloadedFiles/"]. @03-11-2021 05:29:25.0165 AM
[ReportManager] Attempting to run remotely on: [Linux-64], [GoogleChrome], [http://localhost:4444/wd/hub], Headless Execution. @03-11-2021 05:29:25.0165 AM
[ReportManager] Successfully Opened [GoogleChrome]. @03-11-2021 05:29:29.0051 AM
[ReportManager] Target URL: [https://the-internet.herokuapp.com/] @03-11-2021 05:29:29.0051 AM
[ReportManager] Initial URL: [data:,] @03-11-2021 05:29:29.0129 AM
[ReportManager] Browser Action [NavigateToURL] successfully performed. With the following test data [https://the-internet.herokuapp.com/]. @03-11-2021 05:29:29.0561 A

################################################################################################################################################
Starting Execution:	[113 out of 144] test cases in the current suite
Test Method:		[testPackage01.Test_NewValidationHelper.f9]
################################################################################################################################################
[ReportManager] Assertion [ValidateElementExists] FAILED. Expected [Element Should Exist, locator 'By.tagName: h3'] and Actual [Element Doesn't Exists]. Comparison Type [EQUALS]. Validation Type [POSITIVE]. @03-11-2021 05:30:00.0553 AM
[ReportManager] Successfully created attachment [Screenshot - 1635917400335_f9_ValidateElementExists_failed] @03-11-2021 05:30:00.0555 A
[ReportManager] Successfully Closed All Drivers. @03-11-2021 05:30:00.0649 A

################################################################################################################################################
Starting Execution:	[114 out of 144] test cases in the current suite
Test Method:		[testPackage01.Test_NewValidationHelper.forceFail]
################################################################################################################################################
[ReportManager] Assertion [ValidateFail] FAILED. Successfully force failed the test. @03-11-2021 05:30:00.0653 A

################################################################################################################################################
Starting Execution:	[115 out of 144] test cases in the current suite
Test Method:		[testPackage01.Test_NewValidationHelper.forceFail2]
################################################################################################################################################
[ReportManager] Assertion Failed: Custom Message @03-11-2021 05:30:00.0655 AM
[ReportManager] Assertion [ValidateFail] FAILED. Successfully force failed the test. @03-11-2021 05:30:00.0655 A

################################################################################################################################################
Starting Execution:	[116 out of 144] test cases in the current suite
Test Method:		[testPackage01.Test_sendGraphqlRequest.sendGraphqlRequestUsingMutationAndVariables]
################################################################################################################################################
[ReportManager] GraphQl Request is being Performed with the Following Parameters [Service URL: https://api.spacex.land/graphql | Request Body: {"variables":"{\"name\": \"sherlock holmes\",\"rocket\": \"221B Baker Street\"}","query":"mutation ($name: String, $rocket: String) {\n  insert_users(objects: {name: $name, rocket: $rocket}) {\n    returning {\n      name\n      rocket\n    }\n  }\n}"}] @03-11-2021 05:30:00.0659 AM
[ReportManager] Response status code: [200], status line: [HTTP/1.1 200 OK] @03-11-2021 05:30:00.0976 AM
[ReportManager] Assertion Passed: Evaluating the actual response status code against the expected one... @03-11-2021 05:30:00.0976 AM
[ReportManager] Assertion [ValidateEquals] PASSED. Expected [200] and Actual [200]. Comparison Type [EQUALS]. Validation Type [POSITIVE]. @03-11-2021 05:30:00.0977 AM
[ReportManager] API Action [PerformRequest] successfully performed. With the following test data [Request Type: "POST" | Target Status Code: "200" | Service URL: "https://api.spacex.land/graphql" | Content Type: "application/json" | Response Time: "256ms"]. @03-11-2021 05:30:00.0992 AM
[ReportManager] Successfully created attachment [API Request - Specifications] @03-11-2021 05:30:00.0993 AM
[ReportManager] Successfully created attachment [API Request - JSON Body] @03-11-2021 05:30:00.0993 AM
[ReportManager] Successfully created attachment [API Response - JSON Body] @03-11-2021 05:30:00.0994 AM
[ReportManager] API Action [GetResponseJSONValue] successfully performed. With the following test data [data.insert_users.returning[0].name]. @03-11-2021 05:30:01.0067 AM
[ReportManager] Assertion [ValidateEquals] PASSED. Expected [sherlock holmes] and Actual [sherlock holmes]. Comparison Type [EQUALS]. Validation Type [POSITIVE]. @03-11-2021 05:30:01.0067 A

################################################################################################################################################
Starting Execution:	[117 out of 144] test cases in the current suite
Test Method:		[testPackage01.Test_sendGraphqlRequest.sendGraphqlRequestUsingQuery]
################################################################################################################################################
[ReportManager] GraphQl Request is being Performed with the Following Parameters [Service URL: https://api.spacex.land/graphql | Request Body: {"query":"{company {ceo}}"}] @03-11-2021 05:30:01.0075 AM
[ReportManager] Response status code: [200], status line: [HTTP/1.1 200 OK] @03-11-2021 05:30:01.0166 AM
[ReportManager] Assertion Passed: Evaluating the actual response status code against the expected one... @03-11-2021 05:30:01.0166 AM
[ReportManager] Assertion [ValidateEquals] PASSED. Expected [200] and Actual [200]. Comparison Type [EQUALS]. Validation Type [POSITIVE]. @03-11-2021 05:30:01.0166 AM
[ReportManager] API Action [PerformRequest] successfully performed. With the following test data [Request Type: "POST" | Target Status Code: "200" | Service URL: "https://api.spacex.land/graphql" | Content Type: "application/json" | Response Time: "85ms"]. @03-11-2021 05:30:01.0178 AM
[ReportManager] Successfully created attachment [API Request - Specifications] @03-11-2021 05:30:01.0178 AM
[ReportManager] Successfully created attachment [API Request - JSON Body] @03-11-2021 05:30:01.0179 AM
[ReportManager] Successfully created attachment [API Response - JSON Body] @03-11-2021 05:30:01.0179 AM
[ReportManager] API Action [GetResponseJSONValue] successfully performed. With the following test data [data.company.ceo]. @03-11-2021 05:30:01.0197 AM
[ReportManager] Assertion [ValidateEquals] PASSED. Expected [Elon Musk] and Actual [Elon Musk]. Comparison Type [EQUALS]. Validation Type [POSITIVE]. @03-11-2021 05:30:01.0197 A
[ReportManager] Successfully loaded the following test data file [src/test/resources/TestDataFiles/testSuite01/TestData.xlsx]. @03-11-2021 05:30:01.0260 AM
[ReportManager] Successfully created attachment [Test Data - Excel] @03-11-2021 05:30:01.0260 AM
[ReportManager] File Action [GetAbsolutePath] successfully performed. With the following test data [Relative Folder Path: "target/downloadedFiles/"]. @03-11-2021 05:30:01.0261 AM
[ReportManager] Attempting to run remotely on: [Linux-64], [GoogleChrome], [http://localhost:4444/wd/hub], Headless Execution. @03-11-2021 05:30:01.0261 AM
[ReportManager] Successfully Opened [GoogleChrome]. @03-11-2021 05:30:04.0047 A

################################################################################################################################################
Starting Execution:	[118 out of 144] test cases in the current suite
Test Method:		[testPackage01.Test_google.navigateToURLandVerifyGoogleLogoIsDisplayed]
Test Description:	[TC001 - Navigate to URL and Verify Google Logo is Displayed]
################################################################################################################################################
[ReportManager] Target URL: [https://www.google.com/ncr], and after redirection: [https://www.google.com] @03-11-2021 05:30:04.0051 AM
[ReportManager] Initial URL: [data:,] @03-11-2021 05:30:04.0094 AM
[ReportManager] Browser Action [NavigateToURL] successfully performed. With the following test data [https://www.google.com/ncr]. @03-11-2021 05:30:04.0827 AM
[ReportManager] Loaded Shared OpenCV @03-11-2021 05:30:05.0193 AM
[ReportManager] Assertion [ValidateElementExists] PASSED. Expected [Element Should Exist, locator 'By.xpath: //*[@id='hplogo' or @alt='Google']'] and Actual [Element Exists]. Comparison Type [EQUALS]. Validation Type [POSITIVE]. @03-11-2021 05:30:05.0416 AM
[ReportManager] Successfully created attachment [Screenshot - 1635917405193_navigateToURLandVerifyGoogleLogoIsDisplayed_ValidateElementExists_passed] @03-11-2021 05:30:05.0417 A

################################################################################################################################################
Starting Execution:	[119 out of 144] test cases in the current suite
Test Method:		[testPackage01.Test_google.searchForQueryandAssertResultsNumDisplayed]
Test Description:	[TC002 - Search for Query and Assert that the number of results is displayed]
################################################################################################################################################
[ReportManager] Element Action [Type] successfully performed. With the following test data [SHAFT_Engine]. @03-11-2021 05:30:05.0884 AM
[ReportManager] Element Action [KeyPress] successfully performed. With the following test data [Enter]. @03-11-2021 05:30:07.0322 AM
[ReportManager] Element Action [GetText] successfully performed. With the following test data [About 962,000 results (0.70 seconds) ]. @03-11-2021 05:30:07.0447 AM
[ReportManager] Loaded Shared OpenCV @03-11-2021 05:30:07.0715 AM
[ReportManager] Assertion [ValidateElementAttribute] PASSED. Expected [Value Should not be '' for the 'Text' attribute, element locator 'By.id: appbar'] and Actual [About 962,000 results (0.70 seconds) ]. Comparison Type [EQUALS]. Validation Type [NEGATIVE]. @03-11-2021 05:30:07.0976 AM
[ReportManager] Successfully created attachment [Screenshot - 1635917407715_searchForQueryandAssertResultsNumDisplayed_ValidateElementAttribute_passed] @03-11-2021 05:30:07.0978 A

################################################################################################################################################
Starting Execution:	[120 out of 144] test cases in the current suite
Test Method:		[testPackage01.Test_google.clickNextThrice]
Test Description:	[TC003 - Clicks the next button to make sure that the framework can scroll element into view before clicking it]
################################################################################################################################################
[ReportManager] Element Action [Click] successfully performed. With the following test data [Next]. @03-11-2021 05:30:09.0345 A
[ReportManager] Browser Action [CloseCurrentWindow] successfully performed. @03-11-2021 05:30:09.0721 AM
[ReportManager] Successfully created attachment [Browser Action Test Data - CloseCurrentWindow - Actual Value] @03-11-2021 05:30:09.0723 A
[ReportManager] File Action [GetAbsolutePath] successfully performed. With the following test data [Relative Folder Path: "target/downloadedFiles/"]. @03-11-2021 05:30:09.0724 AM
[ReportManager] Attempting to run remotely on: [Linux-64], [GoogleChrome], [http://localhost:4444/wd/hub], Headless Execution. @03-11-2021 05:30:09.0724 AM
[ReportManager] Successfully Opened [GoogleChrome]. @03-11-2021 05:30:14.0018 A

################################################################################################################################################
Starting Execution:	[121 out of 144] test cases in the current suite
Test Method:		[testPackage01.Test_ShadowDOM.shadowdom]
################################################################################################################################################
[ReportManager] Target URL: [https://mdn.github.io/web-components-examples/popup-info-box-web-component/] @03-11-2021 05:30:14.0020 AM
[ReportManager] Initial URL: [data:,] @03-11-2021 05:30:14.0064 AM
[ReportManager] Browser Action [NavigateToURL] successfully performed. With the following test data [https://mdn.github.io/web-components-examples/popup-info-box-web-component/]. @03-11-2021 05:30:14.0319 AM
[ReportManager] Element Action [Type] successfully performed. With the following test data [Typing into SHADOW DOM...]. @03-11-2021 05:30:14.0669 AM
[ReportManager] Element Action [GetText] successfully performed. With the following test data [Typing into SHADOW DOM...]. @03-11-2021 05:30:14.0791 AM
[ReportManager] Loaded Shared OpenCV @03-11-2021 05:30:15.0053 AM
[ReportManager] Assertion [ValidateElementAttribute] PASSED. Expected [Value Should be 'Typing into SHADOW DOM...' for the 'Text' attribute, element locator 'By.id: cvc'] and Actual [Typing into SHADOW DOM...]. Comparison Type [EQUALS]. Validation Type [POSITIVE]. @03-11-2021 05:30:15.0265 AM
[ReportManager] Successfully created attachment [Screenshot - 1635917415053_shadowdom_ValidateElementAttribute_passed] @03-11-2021 05:30:15.0266 A
[ReportManager] Browser Action [CloseCurrentWindow] successfully performed. @03-11-2021 05:30:15.0372 AM
[ReportManager] Successfully created attachment [Browser Action Test Data - CloseCurrentWindow - Actual Value] @03-11-2021 05:30:15.0372 A

################################################################################################################################################
Starting Execution:	[122 out of 144] test cases in the current suite
Test Method:		[testPackage01.Test_AssertApiResponseEquals.assertApiResponseEquals_expectedToPass]
################################################################################################################################################
[ReportManager] Response status code: [200], status line: [HTTP/1.1 200 OK] @03-11-2021 05:30:15.0464 AM
[ReportManager] Assertion Passed: Evaluating the actual response status code against the expected one... @03-11-2021 05:30:15.0465 AM
[ReportManager] Assertion [ValidateEquals] PASSED. Expected [200] and Actual [200]. Comparison Type [EQUALS]. Validation Type [POSITIVE]. @03-11-2021 05:30:15.0465 AM
[ReportManager] API Action [PerformRequest] successfully performed. With the following test data [Request Type: "GET" | Target Status Code: "200" | Service URL: "https://jsonplaceholder.typicode.com/users" | Content Type: "*/*" | Response Time: "73ms"]. @03-11-2021 05:30:15.0501 AM
[ReportManager] Successfully created attachment [API Request - Specifications] @03-11-2021 05:30:15.0501 AM
[ReportManager] Successfully created attachment [API Response - JSON Body] @03-11-2021 05:30:15.0501 AM
[ReportManager] API Action [GetResponseJSONValueAsList] successfully performed. With the following test data [$]. @03-11-2021 05:30:15.0505 AM
[ReportManager] API Action [GetResponseJSONValue] successfully performed. With the following test data [name]. @03-11-2021 05:30:15.0526 AM
[ReportManager] API Action [GetResponseJSONValue] successfully performed. With the following test data [email]. @03-11-2021 05:30:15.0537 AM
[ReportManager] Verification [ValidateEquals] PASSED. Expected [Sincere@april.biz] and Actual [Sincere@april.biz]. Comparison Type [EQUALS]. Validation Type [POSITIVE]. @03-11-2021 05:30:15.0537 AM
[ReportManager] API Action [GetResponseJSONValue] successfully performed. With the following test data [username]. @03-11-2021 05:30:15.0553 AM
[ReportManager] Assertion [ValidateEquals] PASSED. Expected [Bret] and Actual [Bret]. Comparison Type [EQUALS]. Validation Type [POSITIVE]. @03-11-2021 05:30:15.0553 AM
[ReportManager] API Action [GetResponseJSONValue] successfully performed. With the following test data [name]. @03-11-2021 05:30:15.0561 AM
[ReportManager] API Action [GetResponseJSONValue] successfully performed. With the following test data [name]. @03-11-2021 05:30:15.0570 AM
[ReportManager] API Action [GetResponseJSONValue] successfully performed. With the following test data [name]. @03-11-2021 05:30:15.0585 AM
[ReportManager] API Action [GetResponseJSONValue] successfully performed. With the following test data [name]. @03-11-2021 05:30:15.0597 AM
[ReportManager] API Action [GetResponseJSONValue] successfully performed. With the following test data [name]. @03-11-2021 05:30:15.0651 AM
[ReportManager] API Action [GetResponseJSONValue] successfully performed. With the following test data [name]. @03-11-2021 05:30:15.0660 AM
[ReportManager] API Action [GetResponseJSONValue] successfully performed. With the following test data [name]. @03-11-2021 05:30:15.0667 AM
[ReportManager] API Action [GetResponseJSONValue] successfully performed. With the following test data [name]. @03-11-2021 05:30:15.0676 AM
[ReportManager] API Action [GetResponseJSONValue] successfully performed. With the following test data [name]. @03-11-2021 05:30:15.0684 A
[ReportManager] File Action [GetAbsolutePath] successfully performed. With the following test data [Relative Folder Path: "target/downloadedFiles/"]. @03-11-2021 05:30:15.0694 AM
[ReportManager] Attempting to run remotely on: [Linux-64], [GoogleChrome], [http://localhost:4444/wd/hub], Headless Execution. @03-11-2021 05:30:15.0694 AM
[ReportManager] Successfully Opened [GoogleChrome]. @03-11-2021 05:30:19.0026 A

################################################################################################################################################
Starting Execution:	[123 out of 144] test cases in the current suite
Test Method:		[testPackage01.Test_IsElementClickable.testIsElementClickable]
################################################################################################################################################
[ReportManager] Target URL: [https://the-internet.herokuapp.com/] @03-11-2021 05:30:19.0029 AM
[ReportManager] Initial URL: [data:,] @03-11-2021 05:30:19.0118 AM
[ReportManager] Browser Action [NavigateToURL] successfully performed. With the following test data [https://the-internet.herokuapp.com/]. @03-11-2021 05:30:19.0534 AM
[ReportManager] Element Action [IsElementClickable] successfully performed. @03-11-2021 05:30:19.0683 AM
[ReportManager] Assertion [ValidateTrue] PASSED. Expected [TRUE] and Actual [TRUE]. Validation Type [POSITIVE]. @03-11-2021 05:30:19.0683 A
[ReportManager] Browser Action [CloseCurrentWindow] successfully performed. @03-11-2021 05:30:19.0795 AM
[ReportManager] Successfully created attachment [Browser Action Test Data - CloseCurrentWindow - Actual Value] @03-11-2021 05:30:19.0798 A

################################################################################################################################################
Starting Execution:	[124 out of 144] test cases in the current suite
Test Method:		[testPackage01.Test_JsonCompareWithSpecialCharacters.specialCharacters]
################################################################################################################################################
[ReportManager] File Action [GetAbsolutePath] successfully performed. With the following test data [Relative Folder Path: "src/test/resources/TestJsonFiles/specialCharacters.json"]. @03-11-2021 05:30:19.0805 AM
[ReportManager] File Action [ReadFromFile] successfully performed. With the following test data [File Path: "/home/runner/work/SHAFT_ENGINE/SHAFT_ENGINE/src/test/resources/TestJsonFiles/specialCharacters.json"]. @03-11-2021 05:30:19.0806 AM
[ReportManager] Successfully created attachment [File Action Actual Result - Command Log] @03-11-2021 05:30:19.0806 AM
[ReportManager] Comparing the provided API response with the file at this path "src/test/resources/TestJsonFiles/specialCharacters.json", comparison type "EQUALS" @03-11-2021 05:30:19.0807 AM
[ReportManager] API Action [CompareJSON] successfully performed. With the following test data [src/test/resources/TestJsonFiles/specialCharacters.json]. @03-11-2021 05:30:19.0813 AM
[ReportManager] File Action [GetAbsolutePath] successfully performed. With the following test data [Relative Folder Path: "src/test/resources/TestJsonFiles/specialCharacters.json"]. @03-11-2021 05:30:19.0813 AM
[ReportManager] File Action [ReadFromFile] successfully performed. With the following test data [File Path: "/home/runner/work/SHAFT_ENGINE/SHAFT_ENGINE/src/test/resources/TestJsonFiles/specialCharacters.json"]. @03-11-2021 05:30:19.0813 AM
[ReportManager] Verification [ValidateJSONFileContent] PASSED. Expected [Response data should match the JSON File in this path 'src/test/resources/TestJsonFiles/specialCharacters.json'] and Actual [TRUE]. Comparison Type [EQUALS]. Validation Type [POSITIVE]. @03-11-2021 05:30:19.0817 AM
[ReportManager] Successfully created attachment [Validation Test Data - Expected JSON Value] @03-11-2021 05:30:19.0818 AM
[ReportManager] Successfully created attachment [Validation Test Data - Actual JSON Value] @03-11-2021 05:30:19.0818 A

################################################################################################################################################
Starting Execution:	[125 out of 144] test cases in the current suite
Test Method:		[testPackage01.Test_JsonCompareWithSpecialCharacters.specialCharacters_assertion]
################################################################################################################################################
[ReportManager] File Action [GetAbsolutePath] successfully performed. With the following test data [Relative Folder Path: "src/test/resources/TestJsonFiles/specialCharacters.json"]. @03-11-2021 05:30:19.0825 AM
[ReportManager] File Action [ReadFromFile] successfully performed. With the following test data [File Path: "/home/runner/work/SHAFT_ENGINE/SHAFT_ENGINE/src/test/resources/TestJsonFiles/specialCharacters.json"]. @03-11-2021 05:30:19.0826 AM
[ReportManager] Successfully created attachment [File Action Actual Result - Command Log] @03-11-2021 05:30:19.0826 AM
[ReportManager] Comparing the provided API response with the file at this path "src/test/resources/TestJsonFiles/specialCharacters.json", comparison type "CONTAINS" @03-11-2021 05:30:19.0826 AM
[ReportManager] API Action [CompareJSON] successfully performed. With the following test data [src/test/resources/TestJsonFiles/specialCharacters.json]. @03-11-2021 05:30:19.0844 AM
[ReportManager] File Action [GetAbsolutePath] successfully performed. With the following test data [Relative Folder Path: "src/test/resources/TestJsonFiles/specialCharacters.json"]. @03-11-2021 05:30:19.0844 AM
[ReportManager] File Action [ReadFromFile] successfully performed. With the following test data [File Path: "/home/runner/work/SHAFT_ENGINE/SHAFT_ENGINE/src/test/resources/TestJsonFiles/specialCharacters.json"]. @03-11-2021 05:30:19.0844 AM
[ReportManager] Assertion Passed: trying out the log message @03-11-2021 05:30:19.0849 AM
[ReportManager] Successfully created attachment [Validation Test Data - Expected JSON Value] @03-11-2021 05:30:19.0849 AM
[ReportManager] Successfully created attachment [Validation Test Data - Actual JSON Value] @03-11-2021 05:30:19.0850 AM
[ReportManager] Assertion [ValidateJSONFileContent] PASSED. Expected [Response data should match the JSON File in this path 'src/test/resources/TestJsonFiles/specialCharacters.json'] and Actual [TRUE]. Comparison Type [CONTAINS]. Validation Type [POSITIVE]. @03-11-2021 05:30:19.0850 A
[ReportManager] File Action [GetAbsolutePath] successfully performed. With the following test data [Relative Folder Path: "target/downloadedFiles/"]. @03-11-2021 05:30:19.0857 AM
[ReportManager] Attempting to run remotely on: [Linux-64], [GoogleChrome], [http://localhost:4444/wd/hub], Headless Execution. @03-11-2021 05:30:19.0857 AM
[ReportManager] Successfully Opened [GoogleChrome]. @03-11-2021 05:30:24.0030 A

################################################################################################################################################
Starting Execution:	[126 out of 144] test cases in the current suite
Test Method:		[testPackage01.Test_assertEquals.test_assertElementAttribute]
################################################################################################################################################
[ReportManager] Target URL: [https://www.google.com/ncr], and after redirection: [https://www.google.com] @03-11-2021 05:30:24.0033 AM
[ReportManager] Initial URL: [data:,] @03-11-2021 05:30:24.0096 AM
[ReportManager] Browser Action [NavigateToURL] successfully performed. With the following test data [https://www.google.com/ncr]. @03-11-2021 05:30:24.0828 AM
[ReportManager] Element Action [Type] successfully performed. With the following test data [INC_004010050:Another SCHEDULER with the same name [Duplicate Job Name] already exists.]. @03-11-2021 05:30:25.0569 AM
[ReportManager] Element Action [GetText] successfully performed. With the following test data [INC_004010050:Another SCHEDULER with the same name [Duplicate Job Name] already exists.]. @03-11-2021 05:30:25.0677 AM
[ReportManager] Loaded Shared OpenCV @03-11-2021 05:30:25.0939 AM
[ReportManager] Assertion [ValidateElementAttribute] PASSED. Expected [Value Should be 'INC_004010050:Another SCHEDULER with the same name \[Duplicate Job Name\] already exists.' for the 'text' attribute, element locator 'By.name: q'] and Actual [INC_004010050:Another SCHEDULER with the same name [Duplicate Job Name] already exists.]. Comparison Type [MATCHES]. Validation Type [POSITIVE]. @03-11-2021 05:30:26.0148 AM
[ReportManager] Successfully created attachment [Screenshot - 1635917425939_test_assertElementAttribute_ValidateElementAttribute_passed] @03-11-2021 05:30:26.0149 A
[ReportManager] Browser Action [CloseCurrentWindow] successfully performed. @03-11-2021 05:30:26.0271 AM
[ReportManager] Successfully created attachment [Browser Action Test Data - CloseCurrentWindow - Actual Value] @03-11-2021 05:30:26.0273 A
[ReportManager] File Action [GetAbsolutePath] successfully performed. With the following test data [Relative Folder Path: "target/downloadedFiles/"]. @03-11-2021 05:30:26.0274 AM
[ReportManager] Attempting to run remotely on: [Linux-64], [GoogleChrome], [http://localhost:4444/wd/hub], Headless Execution. @03-11-2021 05:30:26.0274 AM
[ReportManager] Successfully Opened [GoogleChrome]. @03-11-2021 05:30:29.0027 A

################################################################################################################################################
Starting Execution:	[127 out of 144] test cases in the current suite
Test Method:		[testPackage01.Test_verifyEquals.test_assertElementAttribute]
################################################################################################################################################
[ReportManager] Target URL: [https://www.google.com/ncr], and after redirection: [https://www.google.com] @03-11-2021 05:30:29.0031 AM
[ReportManager] Initial URL: [data:,] @03-11-2021 05:30:29.0099 AM
[ReportManager] Browser Action [NavigateToURL] successfully performed. With the following test data [https://www.google.com/ncr]. @03-11-2021 05:30:29.0830 AM
[ReportManager] Element Action [Type] successfully performed. With the following test data [INC_004010050:Another SCHEDULER with the same name [Duplicate Job Name] already exists.]. @03-11-2021 05:30:30.0540 AM
[ReportManager] Element Action [GetText] successfully performed. With the following test data [INC_004010050:Another SCHEDULER with the same name [Duplicate Job Name] already exists.]. @03-11-2021 05:30:30.0673 AM
[ReportManager] Loaded Shared OpenCV @03-11-2021 05:30:30.0908 AM
[ReportManager] Verification [ValidateElementAttribute] PASSED. Expected [Value Should be 'INC_004010050:Another SCHEDULER with the same name \[Duplicate Job Name\] already exists.' for the 'text' attribute, element locator 'By.name: q'] and Actual [INC_004010050:Another SCHEDULER with the same name [Duplicate Job Name] already exists.]. Comparison Type [MATCHES]. Validation Type [POSITIVE]. @03-11-2021 05:30:31.0115 AM
[ReportManager] Successfully created attachment [Screenshot - 1635917430908_test_assertElementAttribute_ValidateElementAttribute_passed] @03-11-2021 05:30:31.0117 A
[ReportManager] Browser Action [CloseCurrentWindow] successfully performed. @03-11-2021 05:30:31.0251 AM
[ReportManager] Successfully created attachment [Browser Action Test Data - CloseCurrentWindow - Actual Value] @03-11-2021 05:30:31.0252 A

################################################################################################################################################
Starting Execution:	[128 out of 144] test cases in the current suite
Test Method:		[testPackage01.Test_JsonActions.f]
###############################################################################################################################################

################################################################################################################################################
Starting Execution:	[129 out of 144] test cases in the current suite
Test Method:		[testPackage01.Test_JsonActions.f2]
###############################################################################################################################################

################################################################################################################################################
Starting Execution:	[130 out of 144] test cases in the current suite
Test Method:		[testPackage01.Test_PDF.testPDF_Downloaded]
################################################################################################################################################
[ReportManager] File Action [DoesFileExist] successfully performed. With the following test data [File Path: "src/test/resources/TestDataFiles/sample.pdf"]. @03-11-2021 05:30:31.0280 AM
[ReportManager] File Action [GetAbsolutePath] successfully performed. With the following test data [Relative File Path: "src/test/resources/TestDataFiles/sample.pdf"]. @03-11-2021 05:30:31.0280 AM
[ReportManager] Assertion [ValidateTrue] PASSED. Expected [TRUE] and Actual [TRUE]. Validation Type [POSITIVE]. @03-11-2021 05:30:32.0627 A
[ReportManager] File Action [GetAbsolutePath] successfully performed. With the following test data [Relative Folder Path: "target/downloadedFiles/"]. @03-11-2021 05:30:32.0631 AM
[ReportManager] Attempting to run remotely on: [Linux-64], [GoogleChrome], [http://localhost:4444/wd/hub], Headless Execution. @03-11-2021 05:30:32.0631 AM
[ReportManager] Successfully Opened [GoogleChrome]. @03-11-2021 05:30:34.0041 A

################################################################################################################################################
Starting Execution:	[131 out of 144] test cases in the current suite
Test Method:		[testPackage01.Test_dragAndDrop.dragAndDropJquery]
################################################################################################################################################
[ReportManager] Target URL: [https://jqueryui.com/resources/demos/droppable/default.html] @03-11-2021 05:30:34.0048 AM
[ReportManager] Initial URL: [data:,] @03-11-2021 05:30:34.0090 AM
[ReportManager] Browser Action [NavigateToURL] successfully performed. With the following test data [https://jqueryui.com/resources/demos/droppable/default.html]. @03-11-2021 05:30:34.0488 AM
[ReportManager] Element Action [GetText] successfully performed. With the following test data [Drop here]. @03-11-2021 05:30:34.0569 AM
[ReportManager] Element Action [DragAndDrop] successfully performed. With the following test data [Start point: (8, 18), End point: (8, 18)]. @03-11-2021 05:30:36.0083 AM
[ReportManager] Element Action [GetText] successfully performed. With the following test data [Dropped!]. @03-11-2021 05:30:36.0156 AM
[ReportManager] Assertion Passed: Checking to see if the text has changed after performing drag and drop @03-11-2021 05:30:36.0156 AM
[ReportManager] Assertion [ValidateEquals] PASSED. Expected [Drop here] and Actual [Dropped!]. Comparison Type [EQUALS]. Validation Type [NEGATIVE]. @03-11-2021 05:30:36.0156 A
[ReportManager] Browser Action [CloseCurrentWindow] successfully performed. @03-11-2021 05:30:36.0283 AM
[ReportManager] Successfully created attachment [Browser Action Test Data - CloseCurrentWindow - Actual Value] @03-11-2021 05:30:36.0283 A
[ReportManager] File Action [GetAbsolutePath] successfully performed. With the following test data [Relative Folder Path: "target/downloadedFiles/"]. @03-11-2021 05:30:36.0285 AM
[ReportManager] Attempting to run remotely on: [Linux-64], [GoogleChrome], [http://localhost:4444/wd/hub], Headless Execution. @03-11-2021 05:30:36.0285 AM
[ReportManager] Successfully Opened [GoogleChrome]. @03-11-2021 05:30:39.0030 A

################################################################################################################################################
Starting Execution:	[132 out of 144] test cases in the current suite
Test Method:		[testPackage01.Test_dragAndDrop.dragAndDrop]
Test Description:	[TC001 - Test Drag and Drop function.]
################################################################################################################################################
[ReportManager] Target URL: [http://the-internet.herokuapp.com/drag_and_drop] @03-11-2021 05:30:39.0033 AM
[ReportManager] Initial URL: [data:,] @03-11-2021 05:30:39.0093 AM
[ReportManager] Browser Action [NavigateToURL] successfully performed. With the following test data [http://the-internet.herokuapp.com/drag_and_drop]. @03-11-2021 05:30:39.0475 AM
[ReportManager] Attempting Drag and Drop @03-11-2021 05:30:39.0475 AM
[ReportManager] Element Action [DragAndDrop] successfully performed. With the following test data [Start point: (492, 89), End point: (707, 89)]. @03-11-2021 05:30:40.0692 A
[ReportManager] Browser Action [CloseCurrentWindow] successfully performed. @03-11-2021 05:30:40.0802 AM
[ReportManager] Successfully created attachment [Browser Action Test Data - CloseCurrentWindow - Actual Value] @03-11-2021 05:30:40.0803 A
[ReportManager] File Action [GetAbsolutePath] successfully performed. With the following test data [Relative Folder Path: "target/downloadedFiles/"]. @03-11-2021 05:30:40.0805 AM
[ReportManager] Attempting to run remotely on: [Linux-64], [GoogleChrome], [http://localhost:4444/wd/hub], Headless Execution. @03-11-2021 05:30:40.0805 AM
[ReportManager] Successfully Opened [GoogleChrome]. @03-11-2021 05:30:44.0034 A

################################################################################################################################################
Starting Execution:	[133 out of 144] test cases in the current suite
Test Method:		[testPackage01.Test_dragAndDrop.dragAndDropByOffset]
Test Description:	[TC002 - Test Drag and Drop by offset function.]
################################################################################################################################################
[ReportManager] Target URL: [https://jqueryui.com/resources/demos/draggable/default.html] @03-11-2021 05:30:44.0036 AM
[ReportManager] Initial URL: [data:,] @03-11-2021 05:30:44.0095 AM
[ReportManager] Browser Action [NavigateToURL] successfully performed. With the following test data [https://jqueryui.com/resources/demos/draggable/default.html]. @03-11-2021 05:30:44.0472 AM
[ReportManager] Element Action [DragAndDropByOffset] successfully performed. With the following test data [Start point: (8, 8), End point: (108, 58)]. @03-11-2021 05:30:44.0947 A
[ReportManager] Browser Action [CloseCurrentWindow] successfully performed. @03-11-2021 05:30:45.0066 AM
[ReportManager] Successfully created attachment [Browser Action Test Data - CloseCurrentWindow - Actual Value] @03-11-2021 05:30:45.0067 A
[ReportManager] File Action [GetAbsolutePath] successfully performed. With the following test data [Relative Folder Path: "target/downloadedFiles/"]. @03-11-2021 05:30:45.0071 AM
[ReportManager] Attempting to run remotely on: [Linux-64], [GoogleChrome], [http://localhost:4444/wd/hub], Headless Execution. @03-11-2021 05:30:45.0071 AM
[ReportManager] Successfully Opened [GoogleChrome]. @03-11-2021 05:30:49.0029 A

################################################################################################################################################
Starting Execution:	[134 out of 144] test cases in the current suite
Test Method:		[testPackage01.Test_clipboardActions.typeTextAndCopyPaste]
################################################################################################################################################
[ReportManager] Target URL: [https://www.google.com/ncr], and after redirection: [https://www.google.com] @03-11-2021 05:30:49.0033 AM
[ReportManager] Initial URL: [data:,] @03-11-2021 05:30:49.0083 AM
[ReportManager] Browser Action [NavigateToURL] successfully performed. With the following test data [https://www.google.com/ncr]. @03-11-2021 05:30:49.0877 AM
[ReportManager] Element Action [Type] successfully performed. With the following test data [FIRST]. @03-11-2021 05:30:50.0321 AM
[ReportManager] Element Action [ClipboardActions] successfully performed. With the following test data [select all]. @03-11-2021 05:30:50.0419 AM
[ReportManager] Element Action [ClipboardActions] successfully performed. With the following test data [copy]. @03-11-2021 05:30:50.0472 AM
[ReportManager] Element Action [ClipboardActions] successfully performed. With the following test data [unselect]. @03-11-2021 05:30:50.0586 AM
[ReportManager] Element Action [ClipboardActions] successfully performed. With the following test data [paste]. @03-11-2021 05:30:50.0654 AM
[ReportManager] Element Action [ClipboardActions] successfully performed. With the following test data [select all]. @03-11-2021 05:30:50.0726 AM
[ReportManager] Element Action [Type] successfully performed. @03-11-2021 05:30:51.0128 AM
[ReportManager] Element Action [ClipboardActions] successfully performed. With the following test data [cut]. @03-11-2021 05:30:51.0129 AM
[ReportManager] Element Action [ClipboardActions] successfully performed. With the following test data [paste]. @03-11-2021 05:30:51.0187 AM
[ReportManager] Element Action [ClipboardActions] successfully performed. With the following test data [paste]. @03-11-2021 05:30:51.0229 A
[ReportManager] Browser Action [CloseCurrentWindow] successfully performed. @03-11-2021 05:30:51.0368 AM
[ReportManager] Successfully created attachment [Browser Action Test Data - CloseCurrentWindow - Actual Value] @03-11-2021 05:30:51.0369 A
[ReportManager] File Action [GetAbsolutePath] successfully performed. With the following test data [Relative Folder Path: "target/downloadedFiles/"]. @03-11-2021 05:30:51.0373 AM
[ReportManager] Attempting to run remotely on: [Linux-64], [GoogleChrome], [http://localhost:4444/wd/hub], Headless Execution. @03-11-2021 05:30:51.0373 AM
[ReportManager] Successfully Opened [GoogleChrome]. @03-11-2021 05:30:54.0031 A

################################################################################################################################################
Starting Execution:	[135 out of 144] test cases in the current suite
Test Method:		[testPackage01.Test_dynamicLoading.dynamicLoading_elementIsHidden]
################################################################################################################################################
[ReportManager] Target URL: [https://the-internet.herokuapp.com/dynamic_loading/1] @03-11-2021 05:30:54.0034 AM
[ReportManager] Initial URL: [data:,] @03-11-2021 05:30:54.0073 AM
[ReportManager] Browser Action [NavigateToURL] successfully performed. With the following test data [https://the-internet.herokuapp.com/dynamic_loading/1]. @03-11-2021 05:30:54.0483 AM
[ReportManager] Element Action [Click] successfully performed. With the following test data [Start]. @03-11-2021 05:30:55.0013 AM
[ReportManager] Element Action [GetText] successfully performed. With the following test data [
    Hello World!
  ]. @03-11-2021 05:30:55.0146 AM
[ReportManager] Loaded Shared OpenCV @03-11-2021 05:30:55.0391 AM
[ReportManager] Assertion [ValidateElementAttribute] PASSED. Expected [Value Should be 'Hello World!' for the 'text' attribute, element locator 'By.id: finish'] and Actual [
    Hello World!
  ]. Comparison Type [CONTAINS]. Validation Type [POSITIVE]. @03-11-2021 05:30:55.0780 AM
[ReportManager] Successfully created attachment [Screenshot - 1635917455391_dynamicLoading_elementIsHidden_ValidateElementAttribute_passed] @03-11-2021 05:30:55.0781 A
[ReportManager] Browser Action [CloseCurrentWindow] successfully performed. @03-11-2021 05:30:55.0891 AM
[ReportManager] Successfully created attachment [Browser Action Test Data - CloseCurrentWindow - Actual Value] @03-11-2021 05:30:55.0891 A
[ReportManager] File Action [GetAbsolutePath] successfully performed. With the following test data [Relative Folder Path: "target/downloadedFiles/"]. @03-11-2021 05:30:55.0897 AM
[ReportManager] Attempting to run remotely on: [Linux-64], [GoogleChrome], [http://localhost:4444/wd/hub], Headless Execution. @03-11-2021 05:30:55.0897 AM
[ReportManager] Successfully Opened [GoogleChrome]. @03-11-2021 05:30:59.0028 A

################################################################################################################################################
Starting Execution:	[136 out of 144] test cases in the current suite
Test Method:		[testPackage01.Test_dynamicLoading.dynamicLoading_elementIsRendered]
################################################################################################################################################
[ReportManager] Target URL: [https://the-internet.herokuapp.com/dynamic_loading/2] @03-11-2021 05:30:59.0034 AM
[ReportManager] Initial URL: [data:,] @03-11-2021 05:30:59.0075 AM
[ReportManager] Browser Action [NavigateToURL] successfully performed. With the following test data [https://the-internet.herokuapp.com/dynamic_loading/2]. @03-11-2021 05:30:59.0520 AM
[ReportManager] Element Action [Click] successfully performed. With the following test data [Start]. @03-11-2021 05:31:00.0017 AM
[ReportManager] Element Action [GetText] successfully performed. With the following test data [Hello World!]. @03-11-2021 05:31:05.0191 AM
[ReportManager] Loaded Shared OpenCV @03-11-2021 05:31:05.0441 AM
[ReportManager] Assertion [ValidateElementAttribute] PASSED. Expected [Value Should be 'Hello World!' for the 'text' attribute, element locator 'By.id: finish'] and Actual [Hello World!]. Comparison Type [CONTAINS]. Validation Type [POSITIVE]. @03-11-2021 05:31:05.0648 AM
[ReportManager] Successfully created attachment [Screenshot - 1635917465441_dynamicLoading_elementIsRendered_ValidateElementAttribute_passed] @03-11-2021 05:31:05.0649 A
[ReportManager] Browser Action [CloseCurrentWindow] successfully performed. @03-11-2021 05:31:05.0779 AM
[ReportManager] Successfully created attachment [Browser Action Test Data - CloseCurrentWindow - Actual Value] @03-11-2021 05:31:05.0779 A
[ReportManager] File Action [GetAbsolutePath] successfully performed. With the following test data [Relative Folder Path: "target/downloadedFiles/"]. @03-11-2021 05:31:05.0781 AM
[ReportManager] Attempting to run remotely on: [Linux-64], [GoogleChrome], [http://localhost:4444/wd/hub], Headless Execution. @03-11-2021 05:31:05.0781 AM
[ReportManager] Successfully Opened [GoogleChrome]. @03-11-2021 05:31:09.0023 A

################################################################################################################################################
Starting Execution:	[137 out of 144] test cases in the current suite
Test Method:		[testPackage01.Test_uploadFile.uploadFile_invisibleUploadInput]
################################################################################################################################################
[ReportManager] Target URL: [https://fineuploader.com/demos.html#gallery-view] @03-11-2021 05:31:09.0025 AM
[ReportManager] Initial URL: [data:,] @03-11-2021 05:31:09.0065 AM
[ReportManager] Browser Action [NavigateToURL] successfully performed. With the following test data [https://fineuploader.com/demos.html#gallery-view]. @03-11-2021 05:31:10.0212 AM
[ReportManager] File Action [GetAbsolutePath] successfully performed. With the following test data [Relative File Path: "src/main/resources/images/shaft.png"]. @03-11-2021 05:31:10.0212 AM
[ReportManager] Successfully created attachment [File Action Actual Result - Command Log] @03-11-2021 05:31:10.0212 AM
[ReportManager] Element Action [TypeFileLocationForUpload] successfully performed. With the following test data [/home/runner/work/SHAFT_ENGINE/SHAFT_ENGINE/src/main/resources/images/shaft.png]. @03-11-2021 05:31:10.0383 AM
[ReportManager] Attempting to getAttribute [src] from elementLocator [By.xpath: //div[@id='fine-uploader-gallery']//div[@class='qq-thumbnail-wrapper']/img]. @03-11-2021 05:31:10.0383 AM
[ReportManager] Element Action [GetAttribute] successfully performed. @03-11-2021 05:31:10.0513 AM
[ReportManager] Successfully created attachment [Element Action Test Data - GetAttribute - Actual Value] @03-11-2021 05:31:10.0514 AM
[ReportManager] Loaded Shared OpenCV @03-11-2021 05:31:10.0772 AM
[ReportManager] Assertion [ValidateElementAttribute] PASSED. Expected and Actual values are attached. Comparison Type [CONTAINS]. Validation Type [POSITIVE]. @03-11-2021 05:31:11.0023 AM
[ReportManager] Successfully created attachment [Validation Test Data - Expected Value] @03-11-2021 05:31:11.0024 AM
[ReportManager] Successfully created attachment [Validation Test Data - Actual Value] @03-11-2021 05:31:11.0024 AM
[ReportManager] Successfully created attachment [Screenshot - 1635917470772_uploadFile_invisibleUploadInput_ValidateElementAttribute_passed] @03-11-2021 05:31:11.0026 A
[ReportManager] Browser Action [CloseCurrentWindow] successfully performed. @03-11-2021 05:31:11.0171 AM
[ReportManager] Successfully created attachment [Browser Action Test Data - CloseCurrentWindow - Actual Value] @03-11-2021 05:31:11.0171 A
[ReportManager] File Action [GetAbsolutePath] successfully performed. With the following test data [Relative Folder Path: "target/downloadedFiles/"]. @03-11-2021 05:31:11.0174 AM
[ReportManager] Attempting to run remotely on: [Linux-64], [GoogleChrome], [http://localhost:4444/wd/hub], Headless Execution. @03-11-2021 05:31:11.0174 AM
[ReportManager] Successfully Opened [GoogleChrome]. @03-11-2021 05:31:14.0035 A

################################################################################################################################################
Starting Execution:	[138 out of 144] test cases in the current suite
Test Method:		[testPackage01.Test_uploadFile.uploadFile_visibleUploadInput]
################################################################################################################################################
[ReportManager] Target URL: [http://demo.guru99.com/test/upload/] @03-11-2021 05:31:14.0037 AM
[ReportManager] Initial URL: [data:,] @03-11-2021 05:31:14.0077 AM
[ReportManager] Browser Action [NavigateToURL] successfully performed. With the following test data [http://demo.guru99.com/test/upload/]. @03-11-2021 05:31:15.0138 AM
[ReportManager] File Action [GetAbsolutePath] successfully performed. With the following test data [Relative File Path: "src/main/resources/images/shaft.png"]. @03-11-2021 05:31:15.0138 AM
[ReportManager] Successfully created attachment [File Action Actual Result - Command Log] @03-11-2021 05:31:15.0139 AM
[ReportManager] Element Action [TypeFileLocationForUpload] successfully performed. With the following test data [/home/runner/work/SHAFT_ENGINE/SHAFT_ENGINE/src/main/resources/images/shaft.png]. @03-11-2021 05:31:15.0288 AM
[ReportManager] Element Action [Click] successfully performed. With the following test data [on]. @03-11-2021 05:31:15.0788 AM
[ReportManager] Element Action [Click] successfully performed. With the following test data [Submit File]. @03-11-2021 05:31:16.0287 AM
[ReportManager] Element Action [GetText] successfully performed. With the following test data [1 file
has been successfully uploaded.]. @03-11-2021 05:31:16.0921 AM
[ReportManager] Loaded Shared OpenCV @03-11-2021 05:31:17.0166 AM
[ReportManager] Assertion [ValidateElementAttribute] PASSED. Expected [Value Should be '1 file' for the 'Text' attribute, element locator 'By.id: res'] and Actual [1 file
has been successfully uploaded.]. Comparison Type [CONTAINS]. Validation Type [POSITIVE]. @03-11-2021 05:31:17.0370 AM
[ReportManager] Successfully created attachment [Screenshot - 1635917477166_uploadFile_visibleUploadInput_ValidateElementAttribute_passed] @03-11-2021 05:31:17.0371 A
[ReportManager] Browser Action [CloseCurrentWindow] successfully performed. @03-11-2021 05:31:17.0495 AM
[ReportManager] Successfully created attachment [Browser Action Test Data - CloseCurrentWindow - Actual Value] @03-11-2021 05:31:17.0495 A

################################################################################################################################################
Starting Execution:	[139 out of 144] test cases in the current suite
Test Method:		[testPackage01.Test_SelectedValue.multipleSelect]
################################################################################################################################################
[ReportManager] File Action [GetAbsolutePath] successfully performed. With the following test data [Relative Folder Path: "target/downloadedFiles/"]. @03-11-2021 05:31:17.0498 AM
[ReportManager] Attempting to run remotely on: [Linux-64], [GoogleChrome], [http://localhost:4444/wd/hub], Headless Execution. @03-11-2021 05:31:17.0498 AM
[ReportManager] Successfully Opened [GoogleChrome]. @03-11-2021 05:31:19.0030 AM
[ReportManager] Target URL: [https://yari-demos.prod.mdn.mozit.cloud/en-US/docs/Web/HTML/Element/select/_sample_.Advanced_select_with_multiple_features.html] @03-11-2021 05:31:19.0030 AM
[ReportManager] Initial URL: [data:,] @03-11-2021 05:31:19.0069 AM
[ReportManager] Browser Action [NavigateToURL] successfully performed. With the following test data [https://yari-demos.prod.mdn.mozit.cloud/en-US/docs/Web/HTML/Element/select/_sample_.Advanced_select_with_multiple_features.html]. @03-11-2021 05:31:19.0473 AM
[ReportManager] Element Action [Select] successfully performed. With the following test data [Dog]. @03-11-2021 05:31:19.0747 AM
[ReportManager] Element Action [Select] successfully performed. With the following test data [Cat]. @03-11-2021 05:31:20.0046 AM
[ReportManager] Element Action [GetSelectedText] successfully performed. With the following test data [DogCat]. @03-11-2021 05:31:20.0197 AM
[ReportManager] DogCat @03-11-2021 05:31:20.0198 AM
[ReportManager] Element Action [GetSelectedText] successfully performed. With the following test data [DogCat]. @03-11-2021 05:31:20.0370 AM
[ReportManager] Loaded Shared OpenCV @03-11-2021 05:31:20.0692 AM
[ReportManager] Assertion [ValidateElementAttribute] PASSED. Expected [Value Should be 'DogCat' for the 'selectedText' attribute, element locator 'By.tagName: select'] and Actual [DogCat]. Comparison Type [EQUALS]. Validation Type [POSITIVE]. @03-11-2021 05:31:20.0891 AM
[ReportManager] Successfully created attachment [Screenshot - 1635917480692_multipleSelect_ValidateElementAttribute_passed] @03-11-2021 05:31:20.0891 AM
[ReportManager] Browser Action [CloseCurrentWindow] successfully performed. @03-11-2021 05:31:20.0996 AM
[ReportManager] Successfully created attachment [Browser Action Test Data - CloseCurrentWindow - Actual Value] @03-11-2021 05:31:20.0996 A

################################################################################################################################################
Starting Execution:	[140 out of 144] test cases in the current suite
Test Method:		[testPackage01.Test_SelectedValue.simpleSelect]
################################################################################################################################################
[ReportManager] File Action [GetAbsolutePath] successfully performed. With the following test data [Relative Folder Path: "target/downloadedFiles/"]. @03-11-2021 05:31:21.0004 AM
[ReportManager] Attempting to run remotely on: [Linux-64], [GoogleChrome], [http://localhost:4444/wd/hub], Headless Execution. @03-11-2021 05:31:21.0004 AM
[ReportManager] Successfully Opened [GoogleChrome]. @03-11-2021 05:31:24.0037 AM
[ReportManager] Target URL: [https://yari-demos.prod.mdn.mozit.cloud/en-US/docs/Web/HTML/Element/select/_sample_.Basic_select.html] @03-11-2021 05:31:24.0038 AM
[ReportManager] Initial URL: [data:,] @03-11-2021 05:31:24.0084 AM
[ReportManager] Browser Action [NavigateToURL] successfully performed. With the following test data [https://yari-demos.prod.mdn.mozit.cloud/en-US/docs/Web/HTML/Element/select/_sample_.Basic_select.html]. @03-11-2021 05:31:24.0307 AM
[ReportManager] Element Action [Select] successfully performed. With the following test data [Third Value]. @03-11-2021 05:31:24.0712 AM
[ReportManager] Element Action [GetSelectedText] successfully performed. With the following test data [Third Value]. @03-11-2021 05:31:24.0825 AM
[ReportManager] Third Value @03-11-2021 05:31:24.0825 AM
[ReportManager] Element Action [GetSelectedText] successfully performed. With the following test data [Third Value]. @03-11-2021 05:31:24.0942 AM
[ReportManager] Loaded Shared OpenCV @03-11-2021 05:31:25.0185 AM
[ReportManager] Assertion [ValidateElementAttribute] PASSED. Expected [Value Should be 'Third Value' for the 'selectedText' attribute, element locator 'By.tagName: select'] and Actual [Third Value]. Comparison Type [EQUALS]. Validation Type [POSITIVE]. @03-11-2021 05:31:25.0404 AM
[ReportManager] Successfully created attachment [Screenshot - 1635917485185_simpleSelect_ValidateElementAttribute_passed] @03-11-2021 05:31:25.0404 AM
[ReportManager] Browser Action [CloseCurrentWindow] successfully performed. @03-11-2021 05:31:25.0505 AM
[ReportManager] Successfully created attachment [Browser Action Test Data - CloseCurrentWindow - Actual Value] @03-11-2021 05:31:25.0505 A

################################################################################################################################################
Starting Execution:	[141 out of 144] test cases in the current suite
Test Method:		[testPackage01.Test_JSONFileManager.readStringFromJson]
################################################################################################################################################
[ReportManager] Successfully loaded the following test data file [src/test/resources/TestDataFiles/simpleJSON.json]. @03-11-2021 05:31:25.0511 AM
[ReportManager] Successfully created attachment [Test Data - JSON] @03-11-2021 05:31:25.0511 AM
[ReportManager] Assertion [ValidateEquals] PASSED. Expected [Mohab Mohie] and Actual [Mohab Mohie]. Comparison Type [EQUALS]. Validation Type [POSITIVE]. @03-11-2021 05:31:25.0523 A
[ReportManager] Successfully loaded the following test data file [src/test/resources/TestDataFiles/testSuite01/TestData.xlsx]. @03-11-2021 05:31:25.0549 AM
[ReportManager] Successfully created attachment [Test Data - Excel] @03-11-2021 05:31:25.0549 AM
[ReportManager] Attempting to run using Playwright locally on: [Linux-64], [GoogleChrome], Headless Execution. @03-11-2021 05:31:38.0868 AM
[ReportManager] File Action [GetAbsolutePath] successfully performed. With the following test data [Relative Folder Path: "target/downloadedFiles/"]. @03-11-2021 05:31:38.0869 AM
[ReportManager] Initial window size: (1280, 720) @03-11-2021 05:31:39.0158 AM
[ReportManager] Window size after Toolkit: com.microsoft.playwright.options.ViewportSize@642246d @03-11-2021 05:31:39.0163 AM
[ReportManager] Browser Action [MaximizeWindow] successfully performed. With the following test data [New screen size is now: (1920, 1080)]. @03-11-2021 05:31:39.0164 A

################################################################################################################################################
Starting Execution:	[142 out of 144] test cases in the current suite
Test Method:		[testPackage01.Test_google_playwright.navigateToURLandVerifyGoogleLogoIsDisplayed]
Test Description:	[TC001 - Navigate to URL and Verify Google Logo is Displayed]
################################################################################################################################################
[ReportManager] Target URL: [https://www.google.com/ncr], and after redirection: [https://www.google.com] @03-11-2021 05:31:39.0171 AM
[ReportManager] Initial URL: [about:blank] @03-11-2021 05:31:39.0648 AM
[ReportManager] Browser Action [NavigateToURL] successfully performed. With the following test data [https://www.google.com/ncr]. @03-11-2021 05:31:41.0927 AM
[ReportManager] Loaded Shared OpenCV @03-11-2021 05:31:42.0166 AM
[ReportManager] Assertion [ValidateElementExists] PASSED. Expected [Element Should Exist, locator 'xpath=//*[@id='hplogo' or @alt='Google']'] and Actual [Element Exists]. Comparison Type [EQUALS]. Validation Type [POSITIVE]. @03-11-2021 05:31:42.0411 AM
[ReportManager] Successfully created attachment [Screenshot - 1635917502156_navigateToURLandVerifyGoogleLogoIsDisplayed_ValidateElementExists_passed] @03-11-2021 05:31:42.0412 A

################################################################################################################################################
Starting Execution:	[143 out of 144] test cases in the current suite
Test Method:		[testPackage01.Test_google_playwright.searchForQueryandAssertResultsNumDisplayed]
Test Description:	[TC002 - Search for Query and Assert that the number of results is displayed]
################################################################################################################################################
[ReportManager] Element Action [Type] successfully performed. With the following test data [SHAFT_Engine]. @03-11-2021 05:31:42.0734 AM
[ReportManager] Element Action [KeyPress] successfully performed. With the following test data [Enter]. @03-11-2021 05:31:42.0762 AM
[ReportManager] Element Action [GetText] successfully performed. With the following test data [About 962,000 results (0.54 seconds)]. @03-11-2021 05:31:43.0535 AM
[ReportManager] Loaded Shared OpenCV @03-11-2021 05:31:45.0609 AM
[ReportManager] Assertion [ValidateElementAttribute] PASSED. Expected [Value Should not be '' for the 'text' attribute, element locator 'xpath=//div[@id='appbar']'] and Actual [About 962,000 results (0.54 seconds)]. Comparison Type [EQUALS]. Validation Type [NEGATIVE]. @03-11-2021 05:31:45.0882 AM
[ReportManager] Successfully created attachment [Screenshot - 1635917505608_searchForQueryandAssertResultsNumDisplayed_ValidateElementAttribute_passed] @03-11-2021 05:31:45.0884 A

################################################################################################################################################
Starting Execution:	[144 out of 144] test cases in the current suite
Test Method:		[testPackage01.Test_google_playwright.clickNextThrice]
Test Description:	[TC003 - Clicks the next button to make sure that the framework can scroll element into view before clicking it]
################################################################################################################################################
[ReportManager] Element Action [Click] successfully performed. With the following test data [Next]. @03-11-2021 05:31:46.0118 A
[ReportManager] Failed to find video recording. @03-11-2021 05:31:46.0120 AM
[ReportManager] Successfully Closed PlayWright Driver. @03-11-2021 05:31:46.0173 A

################################################################################################################################################
Test Closure Activities
################################################################################################################################################
[ReportManager] Successfully created attachment [SHAFT Engine Logs - Execution log] @03-11-2021 05:31:46.0193 AM

################################################################################################################################################
This test run was powered by SHAFT Engine Version: [SHAFT Engine v5.4.20211030-BETA]
SHAFT Engine is licensed under the MIT License: [https://github.com/MohabMohie/SHAFT_ENGINE/blob/master/LICENSE].
################################################################################################################################################