################################################################################################################################################
Detected SHAFT Engine Version: [SHAFT Engine v5.4.20211202-BETA]
################################################################################################################################################
[ReportManager] File Action [GetAbsolutePath] successfully performed. With the following test data [Relative Folder Path: "target/downloadedFiles/"]. @13-12-2021 01:53:28.0035 AM
[ReportManager] Attempting to run locally on: [Mac-64], [Safari], Headless Execution. @13-12-2021 01:53:28.0054 AM
[ReportManager] Successfully Opened Safari. @13-12-2021 01:53:34.0154 AM
[ReportManager] Initial window size: (800, 600) @13-12-2021 01:53:34.0176 AM
[ReportManager] Window size after SWD Maximize: (1176, 802) @13-12-2021 01:53:34.0217 AM
[ReportManager] Browser Action [MaximizeWindow] successfully performed. With the following test data [New screen size is now: (1176, 802)]. @13-12-2021 01:53:34.0228 A

################################################################################################################################################
Starting Execution:	[1 out of 146] test cases in the current suite
Test Method:		[unitTests.tests_element_elementActions.waitForElementToBePresent_false_expectedToFail]
################################################################################################################################################
[ReportManager] Target URL: [https://www.google.com/ncr], and after redirection: [www.google.com] @13-12-2021 01:53:34.0413 AM
[ReportManager] Initial URL: [] @13-12-2021 01:53:34.0480 AM
[ReportManager] Browser Action [NavigateToURL] successfully performed. With the following test data [https://www.google.com/ncr]. @13-12-2021 01:53:38.0334 AM
[ReportManager] Waiting for element to be present; elementLocator [By.xpath: //*[@id='hplogo' or @alt='Google']], numberOfTries[1], stateOfPresence[false]... @13-12-2021 01:53:38.0345 AM
[ReportManager] Element Action [WaitForElementToBePresent] failed. With the following test data [waited for the element's state of presence to be (false). Element locator (By.xpath: //*[@id='hplogo' or @alt='Google'])]. @13-12-2021 01:53:40.0587 AM
[ReportManager] Successfully created attachment [Screenshot - 1639360418450_waitForElementToBePresent_false_expectedToFail_WaitForElementToBePresent_failed] @13-12-2021 01:53:40.0602 A
[ReportManager] Browser Action [CloseCurrentWindow] successfully performed. @13-12-2021 01:53:41.0044 AM
[ReportManager] Successfully created attachment [Browser Action Test Data - CloseCurrentWindow - Actual Value] @13-12-2021 01:53:41.0116 A
[ReportManager] File Action [GetAbsolutePath] successfully performed. With the following test data [Relative Folder Path: "target/downloadedFiles/"]. @13-12-2021 01:53:41.0141 AM
[ReportManager] Attempting to run locally on: [Mac-64], [Safari], Headless Execution. @13-12-2021 01:53:41.0142 AM
[ReportManager] Successfully Opened Safari. @13-12-2021 01:53:42.0119 AM
[ReportManager] Initial window size: (800, 600) @13-12-2021 01:53:42.0146 AM
[ReportManager] Window size after SWD Maximize: (1176, 803) @13-12-2021 01:53:42.0192 AM
[ReportManager] Browser Action [MaximizeWindow] successfully performed. With the following test data [New screen size is now: (1176, 803)]. @13-12-2021 01:53:42.0192 A

################################################################################################################################################
Starting Execution:	[2 out of 146] test cases in the current suite
Test Method:		[unitTests.tests_element_elementActions.waitForElementToBePresent_false_expectedToPass]
################################################################################################################################################
[ReportManager] Target URL: [https://www.google.com/ncr], and after redirection: [www.google.com] @13-12-2021 01:53:42.0203 AM
[ReportManager] Initial URL: [] @13-12-2021 01:53:42.0322 AM
[ReportManager] Browser Action [NavigateToURL] successfully performed. With the following test data [https://www.google.com/ncr]. @13-12-2021 01:53:44.0553 AM
[ReportManager] Waiting for element to be present; elementLocator [By.id: bla], numberOfTries[1], stateOfPresence[false]... @13-12-2021 01:53:44.0554 AM
[ReportManager] org.openqa.selenium.TimeoutException:
Expected condition failed: waiting for com.shaft.gui.element.ElementActionsHelper$$Lambda$625/0x00000008011391e0@2c6d442d (tried for 5 second(s) with 1000 milliseconds interval)
org.openqa.selenium.support.ui.FluentWait.timeoutException(FluentWait.java:263)
org.openqa.selenium.support.ui.FluentWait.until(FluentWait.java:231)
com.shaft.gui.element.ElementActionsHelper.waitForElementPresence(ElementActionsHelper.java:63)
com.shaft.gui.element.ElementActionsHelper.waitForElementPresence(ElementActionsHelper.java:37)
com.shaft.gui.element.WebDriverElementActions.getMatchingElementsCount(WebDriverElementActions.java:1468)
com.shaft.gui.element.WebDriverElementActions.waitForElementToBePresent(WebDriverElementActions.java:1293)
com.shaft.gui.element.ElementActions.waitForElementToBePresent(ElementActions.java:622)
unitTests.tests_element_elementActions.waitForElementToBePresent_false_expectedToPass(tests_element_elementActions.java:48)
java.base/jdk.internal.reflect.NativeMethodAccessorImpl.invoke0(Native Method)
java.base/jdk.internal.reflect.NativeMethodAccessorImpl.invoke(NativeMethodAccessorImpl.java:77)
java.base/jdk.internal.reflect.DelegatingMethodAccessorImpl.invoke(DelegatingMethodAccessorImpl.java:43)
java.base/java.lang.reflect.Method.invoke(Method.java:568)
org.testng.internal.MethodInvocationHelper.invokeMethod(MethodInvocationHelper.java:133)
org.testng.internal.TestInvoker.invokeMethod(TestInvoker.java:598)
org.testng.internal.TestInvoker.invokeTestMethod(TestInvoker.java:173)
org.testng.internal.MethodRunner.runInSequence(MethodRunner.java:46)
org.testng.internal.TestInvoker$MethodInvocationAgent.invoke(TestInvoker.java:824)
org.testng.internal.TestInvoker.invokeTestMethods(TestInvoker.java:146)
org.testng.internal.TestMethodWorker.invokeTestMethods(TestMethodWorker.java:146)
org.testng.internal.TestMethodWorker.run(TestMethodWorker.java:128)
java.base/java.util.ArrayList.forEach(ArrayList.java:1511)
org.testng.TestRunner.privateRun(TestRunner.java:794)
org.testng.TestRunner.run(TestRunner.java:596)
org.testng.SuiteRunner.runTest(SuiteRunner.java:377)
org.testng.SuiteRunner.runSequentially(SuiteRunner.java:371)
org.testng.SuiteRunner.privateRun(SuiteRunner.java:332)
org.testng.SuiteRunner.run(SuiteRunner.java:276)
org.testng.SuiteRunnerWorker.runSuite(SuiteRunnerWorker.java:53)
org.testng.SuiteRunnerWorker.run(SuiteRunnerWorker.java:96)
org.testng.TestNG.runSuitesSequentially(TestNG.java:1212)
org.testng.TestNG.runSuitesLocally(TestNG.java:1134)
org.testng.TestNG.runSuites(TestNG.java:1063)
org.testng.TestNG.run(TestNG.java:1031)
org.apache.maven.surefire.testng.TestNGExecutor.run(TestNGExecutor.java:136)
org.apache.maven.surefire.testng.TestNGDirectoryTestSuite.executeMulti(TestNGDirectoryTestSuite.java:193)
org.apache.maven.surefire.testng.TestNGDirectoryTestSuite.execute(TestNGDirectoryTestSuite.java:94)
org.apache.maven.surefire.testng.TestNGProvider.invoke(TestNGProvider.java:145)
org.apache.maven.surefire.booter.ForkedBooter.runSuitesInProcess(ForkedBooter.java:428)
org.apache.maven.surefire.booter.ForkedBooter.execute(ForkedBooter.java:162)
org.apache.maven.surefire.booter.ForkedBooter.run(ForkedBooter.java:562)
org.apache.maven.surefire.booter.ForkedBooter.main(ForkedBooter.java:548)

Caused by: org.openqa.selenium.NoSuchElementException:
For documentation on this error, please visit: https://selenium.dev/exceptions/#no_such_element
Build info: version: '4.1.0', revision: '87802e897b'
System info: host: 'Mac-1639360221010.local', ip: '10.212.11.27', os.name: 'Mac OS X', os.arch: 'x86_64', os.version: '11.5', java.version: '17.0.1'
Driver info: org.openqa.selenium.safari.SafariDriver
Command: [0C39CF4A-6A28-4E9A-92FD-3B9AA8C0D4C0, findElement {using=id, value=bla}]
Capabilities {acceptInsecureCerts: false, browserName: Safari, browserVersion: 15.1, goog:loggingPrefs: {browser: ALL, client: ALL, driver: ALL, performance: ALL, profiler: ALL, server: ALL}, javascriptEnabled: true, pageLoadStrategy: normal, platform: MAC, platformName: MAC, safari:automaticInspection: false, safari:automaticProfiling: false, safari:diagnose: false, safari:platformBuildVersion: 20G224, safari:platformVersion: 11.6.1, safari:useSimulator: false, setWindowRect: true, strictFileInteractability: false, timeouts: {pageLoad: 30000, script: 30000}, webkit:WebRTC: {DisableICECandidateFiltering: false, DisableInsecureMediaCapture: false}}
Session ID: 0C39CF4A-6A28-4E9A-92FD-3B9AA8C0D4C0
java.base/jdk.internal.reflect.NativeConstructorAccessorImpl.newInstance0(Native Method)
java.base/jdk.internal.reflect.NativeConstructorAccessorImpl.newInstance(NativeConstructorAccessorImpl.java:77)
java.base/jdk.internal.reflect.DelegatingConstructorAccessorImpl.newInstance(DelegatingConstructorAccessorImpl.java:45)
java.base/java.lang.reflect.Constructor.newInstanceWithCaller(Constructor.java:499)
java.base/java.lang.reflect.Constructor.newInstance(Constructor.java:480)
org.openqa.selenium.remote.codec.w3c.W3CHttpResponseCodec.createException(W3CHttpResponseCodec.java:200)
org.openqa.selenium.remote.codec.w3c.W3CHttpResponseCodec.decode(W3CHttpResponseCodec.java:133)
org.openqa.selenium.remote.codec.w3c.W3CHttpResponseCodec.decode(W3CHttpResponseCodec.java:53)
org.openqa.selenium.remote.HttpCommandExecutor.execute(HttpCommandExecutor.java:184)
org.openqa.selenium.remote.service.DriverCommandExecutor.invokeExecute(DriverCommandExecutor.java:164)
org.openqa.selenium.remote.service.DriverCommandExecutor.execute(DriverCommandExecutor.java:139)
org.openqa.selenium.remote.RemoteWebDriver.execute(RemoteWebDriver.java:559)
org.openqa.selenium.remote.ElementLocation$ElementFinder$2.findElement(ElementLocation.java:162)
org.openqa.selenium.remote.ElementLocation.findElement(ElementLocation.java:60)
org.openqa.selenium.remote.RemoteWebDriver.findElement(RemoteWebDriver.java:383)
org.openqa.selenium.remote.RemoteWebDriver.findElement(RemoteWebDriver.java:375)
com.shaft.gui.element.ElementActionsHelper.lambda$waitForElementPresence$0(ElementActionsHelper.java:66)
org.openqa.selenium.support.ui.FluentWait.until(FluentWait.java:208)
com.shaft.gui.element.ElementActionsHelper.waitForElementPresence(ElementActionsHelper.java:63)
com.shaft.gui.element.ElementActionsHelper.waitForElementPresence(ElementActionsHelper.java:37)
com.shaft.gui.element.WebDriverElementActions.getMatchingElementsCount(WebDriverElementActions.java:1468)
com.shaft.gui.element.WebDriverElementActions.waitForElementToBePresent(WebDriverElementActions.java:1293)
com.shaft.gui.element.ElementActions.waitForElementToBePresent(ElementActions.java:622)
unitTests.tests_element_elementActions.waitForElementToBePresent_false_expectedToPass(tests_element_elementActions.java:48)
java.base/jdk.internal.reflect.NativeMethodAccessorImpl.invoke0(Native Method)
java.base/jdk.internal.reflect.NativeMethodAccessorImpl.invoke(NativeMethodAccessorImpl.java:77)
java.base/jdk.internal.reflect.DelegatingMethodAccessorImpl.invoke(DelegatingMethodAccessorImpl.java:43)
java.base/java.lang.reflect.Method.invoke(Method.java:568)
org.testng.internal.MethodInvocationHelper.invokeMethod(MethodInvocationHelper.java:133)
org.testng.internal.TestInvoker.invokeMethod(TestInvoker.java:598)
org.testng.internal.TestInvoker.invokeTestMethod(TestInvoker.java:173)
org.testng.internal.MethodRunner.runInSequence(MethodRunner.java:46)
org.testng.internal.TestInvoker$MethodInvocationAgent.invoke(TestInvoker.java:824)
org.testng.internal.TestInvoker.invokeTestMethods(TestInvoker.java:146)
org.testng.internal.TestMethodWorker.invokeTestMethods(TestMethodWorker.java:146)
org.testng.internal.TestMethodWorker.run(TestMethodWorker.java:128)
java.base/java.util.ArrayList.forEach(ArrayList.java:1511)
org.testng.TestRunner.privateRun(TestRunner.java:794)
org.testng.TestRunner.run(TestRunner.java:596)
org.testng.SuiteRunner.runTest(SuiteRunner.java:377)
org.testng.SuiteRunner.runSequentially(SuiteRunner.java:371)
org.testng.SuiteRunner.privateRun(SuiteRunner.java:332)
org.testng.SuiteRunner.run(SuiteRunner.java:276)
org.testng.SuiteRunnerWorker.runSuite(SuiteRunnerWorker.java:53)
org.testng.SuiteRunnerWorker.run(SuiteRunnerWorker.java:96)
org.testng.TestNG.runSuitesSequentially(TestNG.java:1212)
org.testng.TestNG.runSuitesLocally(TestNG.java:1134)
org.testng.TestNG.runSuites(TestNG.java:1063)
org.testng.TestNG.run(TestNG.java:1031)
org.apache.maven.surefire.testng.TestNGExecutor.run(TestNGExecutor.java:136)
org.apache.maven.surefire.testng.TestNGDirectoryTestSuite.executeMulti(TestNGDirectoryTestSuite.java:193)
org.apache.maven.surefire.testng.TestNGDirectoryTestSuite.execute(TestNGDirectoryTestSuite.java:94)
org.apache.maven.surefire.testng.TestNGProvider.invoke(TestNGProvider.java:145)
org.apache.maven.surefire.booter.ForkedBooter.runSuitesInProcess(ForkedBooter.java:428)
org.apache.maven.surefire.booter.ForkedBooter.execute(ForkedBooter.java:162)
org.apache.maven.surefire.booter.ForkedBooter.run(ForkedBooter.java:562)
org.apache.maven.surefire.booter.ForkedBooter.main(ForkedBooter.java:548) @13-12-2021 01:53:49.0733 AM
[ReportManager] Element Action [WaitForElementToBePresent] successfully performed. With the following test data [waited for the element's state of presence to be (false). Element locator (By.id: bla)]. @13-12-2021 01:53:49.0734 A
[ReportManager] Browser Action [CloseCurrentWindow] successfully performed. @13-12-2021 01:53:49.0897 AM
[ReportManager] Successfully created attachment [Browser Action Test Data - CloseCurrentWindow - Actual Value] @13-12-2021 01:53:49.0903 A
[ReportManager] File Action [GetAbsolutePath] successfully performed. With the following test data [Relative Folder Path: "target/downloadedFiles/"]. @13-12-2021 01:53:49.0916 AM
[ReportManager] Attempting to run locally on: [Mac-64], [Safari], Headless Execution. @13-12-2021 01:53:49.0916 AM
[ReportManager] Successfully Opened Safari. @13-12-2021 01:53:50.0814 AM
[ReportManager] Initial window size: (800, 600) @13-12-2021 01:53:50.0838 AM
[ReportManager] Window size after SWD Maximize: (1176, 803) @13-12-2021 01:53:50.0859 AM
[ReportManager] Browser Action [MaximizeWindow] successfully performed. With the following test data [New screen size is now: (1176, 803)]. @13-12-2021 01:53:50.0860 A

################################################################################################################################################
Starting Execution:	[3 out of 146] test cases in the current suite
Test Method:		[unitTests.tests_element_elementActions.waitForElementToBePresent_moreThanOneElement_expectedToFail]
################################################################################################################################################
[ReportManager] Target URL: [https://www.google.com/ncr], and after redirection: [www.google.com] @13-12-2021 01:53:50.0868 AM
[ReportManager] Initial URL: [] @13-12-2021 01:53:50.0952 AM
[ReportManager] Browser Action [NavigateToURL] successfully performed. With the following test data [https://www.google.com/ncr]. @13-12-2021 01:53:52.0987 AM
[ReportManager] Waiting for element to be present; elementLocator [By.xpath: //*], numberOfTries[1], stateOfPresence[false]... @13-12-2021 01:53:52.0988 AM
[ReportManager] Element Action [WaitForElementToBePresent] failed. With the following test data [waited for the element's state of presence to be (false). Element locator (By.xpath: //*)]. @13-12-2021 01:53:53.0187 AM
[ReportManager] Successfully created attachment [Screenshot - 1639360433079_waitForElementToBePresent_moreThanOneElement_expectedToFail_WaitForElementToBePresent_failed] @13-12-2021 01:53:53.0191 A
[ReportManager] Browser Action [CloseCurrentWindow] successfully performed. @13-12-2021 01:53:53.0593 AM
[ReportManager] Successfully created attachment [Browser Action Test Data - CloseCurrentWindow - Actual Value] @13-12-2021 01:53:53.0599 A
[ReportManager] File Action [GetAbsolutePath] successfully performed. With the following test data [Relative Folder Path: "target/downloadedFiles/"]. @13-12-2021 01:53:53.0606 AM
[ReportManager] Attempting to run locally on: [Mac-64], [Safari], Headless Execution. @13-12-2021 01:53:53.0607 AM
[ReportManager] Successfully Opened Safari. @13-12-2021 01:53:54.0545 AM
[ReportManager] Initial window size: (800, 600) @13-12-2021 01:53:54.0558 AM
[ReportManager] Window size after SWD Maximize: (1176, 803) @13-12-2021 01:53:54.0593 AM
[ReportManager] Browser Action [MaximizeWindow] successfully performed. With the following test data [New screen size is now: (1176, 803)]. @13-12-2021 01:53:54.0593 A

################################################################################################################################################
Starting Execution:	[4 out of 146] test cases in the current suite
Test Method:		[unitTests.tests_element_elementActions.waitForElementToBePresent_true_expectedToFail]
################################################################################################################################################
[ReportManager] Target URL: [https://www.google.com/ncr], and after redirection: [www.google.com] @13-12-2021 01:53:54.0596 AM
[ReportManager] Initial URL: [] @13-12-2021 01:53:54.0677 AM
[ReportManager] Browser Action [NavigateToURL] successfully performed. With the following test data [https://www.google.com/ncr]. @13-12-2021 01:53:56.0721 AM
[ReportManager] Waiting for element to be present; elementLocator [By.id: bla], numberOfTries[1], stateOfPresence[true]... @13-12-2021 01:53:56.0721 AM
[ReportManager] org.openqa.selenium.TimeoutException:
Expected condition failed: waiting for com.shaft.gui.element.ElementActionsHelper$$Lambda$625/0x00000008011391e0@5432be12 (tried for 5 second(s) with 1000 milliseconds interval)
org.openqa.selenium.support.ui.FluentWait.timeoutException(FluentWait.java:263)
org.openqa.selenium.support.ui.FluentWait.until(FluentWait.java:231)
com.shaft.gui.element.ElementActionsHelper.waitForElementPresence(ElementActionsHelper.java:63)
com.shaft.gui.element.ElementActionsHelper.waitForElementPresence(ElementActionsHelper.java:37)
com.shaft.gui.element.WebDriverElementActions.getMatchingElementsCount(WebDriverElementActions.java:1468)
com.shaft.gui.element.WebDriverElementActions.waitForElementToBePresent(WebDriverElementActions.java:1293)
com.shaft.gui.element.ElementActions.waitForElementToBePresent(ElementActions.java:622)
unitTests.tests_element_elementActions.waitForElementToBePresent_true_expectedToFail(tests_element_elementActions.java:39)
java.base/jdk.internal.reflect.NativeMethodAccessorImpl.invoke0(Native Method)
java.base/jdk.internal.reflect.NativeMethodAccessorImpl.invoke(NativeMethodAccessorImpl.java:77)
java.base/jdk.internal.reflect.DelegatingMethodAccessorImpl.invoke(DelegatingMethodAccessorImpl.java:43)
java.base/java.lang.reflect.Method.invoke(Method.java:568)
org.testng.internal.MethodInvocationHelper.invokeMethod(MethodInvocationHelper.java:133)
org.testng.internal.TestInvoker.invokeMethod(TestInvoker.java:598)
org.testng.internal.TestInvoker.invokeTestMethod(TestInvoker.java:173)
org.testng.internal.MethodRunner.runInSequence(MethodRunner.java:46)
org.testng.internal.TestInvoker$MethodInvocationAgent.invoke(TestInvoker.java:824)
org.testng.internal.TestInvoker.invokeTestMethods(TestInvoker.java:146)
org.testng.internal.TestMethodWorker.invokeTestMethods(TestMethodWorker.java:146)
org.testng.internal.TestMethodWorker.run(TestMethodWorker.java:128)
java.base/java.util.ArrayList.forEach(ArrayList.java:1511)
org.testng.TestRunner.privateRun(TestRunner.java:794)
org.testng.TestRunner.run(TestRunner.java:596)
org.testng.SuiteRunner.runTest(SuiteRunner.java:377)
org.testng.SuiteRunner.runSequentially(SuiteRunner.java:371)
org.testng.SuiteRunner.privateRun(SuiteRunner.java:332)
org.testng.SuiteRunner.run(SuiteRunner.java:276)
org.testng.SuiteRunnerWorker.runSuite(SuiteRunnerWorker.java:53)
org.testng.SuiteRunnerWorker.run(SuiteRunnerWorker.java:96)
org.testng.TestNG.runSuitesSequentially(TestNG.java:1212)
org.testng.TestNG.runSuitesLocally(TestNG.java:1134)
org.testng.TestNG.runSuites(TestNG.java:1063)
org.testng.TestNG.run(TestNG.java:1031)
org.apache.maven.surefire.testng.TestNGExecutor.run(TestNGExecutor.java:136)
org.apache.maven.surefire.testng.TestNGDirectoryTestSuite.executeMulti(TestNGDirectoryTestSuite.java:193)
org.apache.maven.surefire.testng.TestNGDirectoryTestSuite.execute(TestNGDirectoryTestSuite.java:94)
org.apache.maven.surefire.testng.TestNGProvider.invoke(TestNGProvider.java:145)
org.apache.maven.surefire.booter.ForkedBooter.runSuitesInProcess(ForkedBooter.java:428)
org.apache.maven.surefire.booter.ForkedBooter.execute(ForkedBooter.java:162)
org.apache.maven.surefire.booter.ForkedBooter.run(ForkedBooter.java:562)
org.apache.maven.surefire.booter.ForkedBooter.main(ForkedBooter.java:548)

Caused by: org.openqa.selenium.NoSuchElementException:
For documentation on this error, please visit: https://selenium.dev/exceptions/#no_such_element
Build info: version: '4.1.0', revision: '87802e897b'
System info: host: 'Mac-1639360221010.local', ip: '10.212.11.27', os.name: 'Mac OS X', os.arch: 'x86_64', os.version: '11.5', java.version: '17.0.1'
Driver info: org.openqa.selenium.safari.SafariDriver
Command: [E64CF9D3-9419-46A5-9566-54DAC6A2D9D5, findElement {using=id, value=bla}]
Capabilities {acceptInsecureCerts: false, browserName: Safari, browserVersion: 15.1, goog:loggingPrefs: {browser: ALL, client: ALL, driver: ALL, performance: ALL, profiler: ALL, server: ALL}, javascriptEnabled: true, pageLoadStrategy: normal, platform: MAC, platformName: MAC, safari:automaticInspection: false, safari:automaticProfiling: false, safari:diagnose: false, safari:platformBuildVersion: 20G224, safari:platformVersion: 11.6.1, safari:useSimulator: false, setWindowRect: true, strictFileInteractability: false, timeouts: {pageLoad: 30000, script: 30000}, webkit:WebRTC: {DisableICECandidateFiltering: false, DisableInsecureMediaCapture: false}}
Session ID: E64CF9D3-9419-46A5-9566-54DAC6A2D9D5
java.base/jdk.internal.reflect.NativeConstructorAccessorImpl.newInstance0(Native Method)
java.base/jdk.internal.reflect.NativeConstructorAccessorImpl.newInstance(NativeConstructorAccessorImpl.java:77)
java.base/jdk.internal.reflect.DelegatingConstructorAccessorImpl.newInstance(DelegatingConstructorAccessorImpl.java:45)
java.base/java.lang.reflect.Constructor.newInstanceWithCaller(Constructor.java:499)
java.base/java.lang.reflect.Constructor.newInstance(Constructor.java:480)
org.openqa.selenium.remote.codec.w3c.W3CHttpResponseCodec.createException(W3CHttpResponseCodec.java:200)
org.openqa.selenium.remote.codec.w3c.W3CHttpResponseCodec.decode(W3CHttpResponseCodec.java:133)
org.openqa.selenium.remote.codec.w3c.W3CHttpResponseCodec.decode(W3CHttpResponseCodec.java:53)
org.openqa.selenium.remote.HttpCommandExecutor.execute(HttpCommandExecutor.java:184)
org.openqa.selenium.remote.service.DriverCommandExecutor.invokeExecute(DriverCommandExecutor.java:164)
org.openqa.selenium.remote.service.DriverCommandExecutor.execute(DriverCommandExecutor.java:139)
org.openqa.selenium.remote.RemoteWebDriver.execute(RemoteWebDriver.java:559)
org.openqa.selenium.remote.ElementLocation$ElementFinder$2.findElement(ElementLocation.java:162)
org.openqa.selenium.remote.ElementLocation.findElement(ElementLocation.java:60)
org.openqa.selenium.remote.RemoteWebDriver.findElement(RemoteWebDriver.java:383)
org.openqa.selenium.remote.RemoteWebDriver.findElement(RemoteWebDriver.java:375)
com.shaft.gui.element.ElementActionsHelper.lambda$waitForElementPresence$0(ElementActionsHelper.java:66)
org.openqa.selenium.support.ui.FluentWait.until(FluentWait.java:208)
com.shaft.gui.element.ElementActionsHelper.waitForElementPresence(ElementActionsHelper.java:63)
com.shaft.gui.element.ElementActionsHelper.waitForElementPresence(ElementActionsHelper.java:37)
com.shaft.gui.element.WebDriverElementActions.getMatchingElementsCount(WebDriverElementActions.java:1468)
com.shaft.gui.element.WebDriverElementActions.waitForElementToBePresent(WebDriverElementActions.java:1293)
com.shaft.gui.element.ElementActions.waitForElementToBePresent(ElementActions.java:622)
unitTests.tests_element_elementActions.waitForElementToBePresent_true_expectedToFail(tests_element_elementActions.java:39)
java.base/jdk.internal.reflect.NativeMethodAccessorImpl.invoke0(Native Method)
java.base/jdk.internal.reflect.NativeMethodAccessorImpl.invoke(NativeMethodAccessorImpl.java:77)
java.base/jdk.internal.reflect.DelegatingMethodAccessorImpl.invoke(DelegatingMethodAccessorImpl.java:43)
java.base/java.lang.reflect.Method.invoke(Method.java:568)
org.testng.internal.MethodInvocationHelper.invokeMethod(MethodInvocationHelper.java:133)
org.testng.internal.TestInvoker.invokeMethod(TestInvoker.java:598)
org.testng.internal.TestInvoker.invokeTestMethod(TestInvoker.java:173)
org.testng.internal.MethodRunner.runInSequence(MethodRunner.java:46)
org.testng.internal.TestInvoker$MethodInvocationAgent.invoke(TestInvoker.java:824)
org.testng.internal.TestInvoker.invokeTestMethods(TestInvoker.java:146)
org.testng.internal.TestMethodWorker.invokeTestMethods(TestMethodWorker.java:146)
org.testng.internal.TestMethodWorker.run(TestMethodWorker.java:128)
java.base/java.util.ArrayList.forEach(ArrayList.java:1511)
org.testng.TestRunner.privateRun(TestRunner.java:794)
org.testng.TestRunner.run(TestRunner.java:596)
org.testng.SuiteRunner.runTest(SuiteRunner.java:377)
org.testng.SuiteRunner.runSequentially(SuiteRunner.java:371)
org.testng.SuiteRunner.privateRun(SuiteRunner.java:332)
org.testng.SuiteRunner.run(SuiteRunner.java:276)
org.testng.SuiteRunnerWorker.runSuite(SuiteRunnerWorker.java:53)
org.testng.SuiteRunnerWorker.run(SuiteRunnerWorker.java:96)
org.testng.TestNG.runSuitesSequentially(TestNG.java:1212)
org.testng.TestNG.runSuitesLocally(TestNG.java:1134)
org.testng.TestNG.runSuites(TestNG.java:1063)
org.testng.TestNG.run(TestNG.java:1031)
org.apache.maven.surefire.testng.TestNGExecutor.run(TestNGExecutor.java:136)
org.apache.maven.surefire.testng.TestNGDirectoryTestSuite.executeMulti(TestNGDirectoryTestSuite.java:193)
org.apache.maven.surefire.testng.TestNGDirectoryTestSuite.execute(TestNGDirectoryTestSuite.java:94)
org.apache.maven.surefire.testng.TestNGProvider.invoke(TestNGProvider.java:145)
org.apache.maven.surefire.booter.ForkedBooter.runSuitesInProcess(ForkedBooter.java:428)
org.apache.maven.surefire.booter.ForkedBooter.execute(ForkedBooter.java:162)
org.apache.maven.surefire.booter.ForkedBooter.run(ForkedBooter.java:562)
org.apache.maven.surefire.booter.ForkedBooter.main(ForkedBooter.java:548) @13-12-2021 01:54:02.0051 AM
[ReportManager] Element Action [WaitForElementToBePresent] failed. With the following test data [waited for the element's state of presence to be (true). Element locator (By.id: bla)]. @13-12-2021 01:54:02.0182 AM
[ReportManager] Successfully created attachment [Screenshot - 1639360442084_waitForElementToBePresent_true_expectedToFail_WaitForElementToBePresent_failed] @13-12-2021 01:54:02.0188 A
[ReportManager] Browser Action [CloseCurrentWindow] successfully performed. @13-12-2021 01:54:02.0313 AM
[ReportManager] Successfully created attachment [Browser Action Test Data - CloseCurrentWindow - Actual Value] @13-12-2021 01:54:02.0315 A
[ReportManager] File Action [GetAbsolutePath] successfully performed. With the following test data [Relative Folder Path: "target/downloadedFiles/"]. @13-12-2021 01:54:02.0327 AM
[ReportManager] Attempting to run locally on: [Mac-64], [Safari], Headless Execution. @13-12-2021 01:54:02.0329 AM
[ReportManager] Successfully Opened Safari. @13-12-2021 01:54:03.0280 AM
[ReportManager] Initial window size: (800, 600) @13-12-2021 01:54:03.0294 AM
[ReportManager] Window size after SWD Maximize: (1176, 803) @13-12-2021 01:54:03.0332 AM
[ReportManager] Browser Action [MaximizeWindow] successfully performed. With the following test data [New screen size is now: (1176, 803)]. @13-12-2021 01:54:03.0333 A

################################################################################################################################################
Starting Execution:	[5 out of 146] test cases in the current suite
Test Method:		[unitTests.tests_element_elementActions.waitForElementToBePresent_true_expectedToPass]
################################################################################################################################################
[ReportManager] Target URL: [https://www.google.com/ncr], and after redirection: [www.google.com] @13-12-2021 01:54:03.0349 AM
[ReportManager] Initial URL: [] @13-12-2021 01:54:03.0407 AM
[ReportManager] Browser Action [NavigateToURL] successfully performed. With the following test data [https://www.google.com/ncr]. @13-12-2021 01:54:05.0598 AM
[ReportManager] Waiting for element to be present; elementLocator [By.xpath: //*[@id='hplogo' or @alt='Google']], numberOfTries[1], stateOfPresence[true]... @13-12-2021 01:54:05.0598 AM
[ReportManager] Element Action [WaitForElementToBePresent] successfully performed. With the following test data [waited for the element's state of presence to be (true). Element locator (By.xpath: //*[@id='hplogo' or @alt='Google'])]. @13-12-2021 01:54:05.0685 AM
[ReportManager] File Action [DoesFileExist] successfully performed. With the following test data [File Path: "src/main/resources/dynamicObjectRepository/unitTests_tests_element_elementActions_waitForElementToBePresent_true_expectedToPass_By_xpath_id_hplogo_or_alt_Google.png"]. @13-12-2021 01:54:05.0710 AM
[ReportManager] File Action [DoesFileExist] successfully performed. With the following test data [File Path: "src/main/resources/dynamicObjectRepository/unitTests_tests_element_elementActions_waitForElementToBePresent_true_expectedToPass_By_xpath_id_hplogo_or_alt_Google.png"]. @13-12-2021 01:54:05.0891 AM
[ReportManager] Passing the test and saving a reference image @13-12-2021 01:54:05.0891 AM
[ReportManager] File Action [GetAbsolutePath] successfully performed. With the following test data [Relative File Path: "src/main/resources/dynamicObjectRepository/unitTests_tests_element_elementActions_waitForElementToBePresent_true_expectedToPass_By_xpath_id_hplogo_or_alt_Google.png"]. @13-12-2021 01:54:05.0891 AM
[ReportManager] File Action [WriteToFile] successfully performed. With the following test data [Target File Path: "/Users/runner/work/SHAFT_ENGINE/SHAFT_ENGINE/src/main/resources/dynamicObjectRepository/unitTests_tests_element_elementActions_waitForElementToBePresent_true_expectedToPass_By_xpath_id_hplogo_or_alt_Google.png"]. @13-12-2021 01:54:05.0894 AM
[ReportManager] Assertion Passed: Using Visual AI; OpenCV @13-12-2021 01:54:05.0897 AM
[ReportManager] Successfully created attachment [Validation Test Data - Actual Screenshot] @13-12-2021 01:54:05.0899 AM
[ReportManager] Assertion [ValidateElementMatches] PASSED. Expected [Element should match the reference screenshot] and Actual [TRUE]. Comparison Type [EXACT_OPENCV]. Validation Type [POSITIVE]. @13-12-2021 01:54:05.0899 A
[ReportManager] Browser Action [CloseCurrentWindow] successfully performed. @13-12-2021 01:54:06.0004 AM
[ReportManager] Successfully created attachment [Browser Action Test Data - CloseCurrentWindow - Actual Value] @13-12-2021 01:54:06.0007 A
[ReportManager] File Action [GetAbsolutePath] successfully performed. With the following test data [Relative Folder Path: "target/downloadedFiles/"]. @13-12-2021 01:54:06.0016 AM
[ReportManager] Attempting to run locally on: [Mac-64], [Safari], Headless Execution. @13-12-2021 01:54:06.0018 AM
[ReportManager] Successfully Opened Safari. @13-12-2021 01:54:06.0917 AM
[ReportManager] Initial window size: (800, 600) @13-12-2021 01:54:06.0939 AM
[ReportManager] Window size after SWD Maximize: (1176, 803) @13-12-2021 01:54:06.0959 AM
[ReportManager] Browser Action [MaximizeWindow] successfully performed. With the following test data [New screen size is now: (1176, 803)]. @13-12-2021 01:54:06.0960 AM
[ReportManager] Target URL: [https://duckduckgo.com] @13-12-2021 01:54:06.0960 AM
[ReportManager] Initial URL: [] @13-12-2021 01:54:07.0038 AM
[ReportManager] Browser Action [NavigateToURL] successfully performed. With the following test data [https://duckduckgo.com]. @13-12-2021 01:54:07.0942 A

################################################################################################################################################
Starting Execution:	[6 out of 146] test cases in the current suite
Test Method:		[unitTests.tests_browserActions.fullScreenWindow]
################################################################################################################################################
[ReportManager] Initial Windows Size: 1176x803 @13-12-2021 01:54:07.0956 AM
[ReportManager] Current Windows Size after fullScreen: 1176x885 @13-12-2021 01:54:08.0268 AM
[ReportManager] Browser Action [FullScreenWindow] successfully performed. @13-12-2021 01:54:08.0286 AM
[ReportManager] Successfully created attachment [Browser Action Test Data - FullScreenWindow - Actual Value] @13-12-2021 01:54:08.0293 A
[ReportManager] Target URL: [https://duckduckgo.com] @13-12-2021 01:54:08.0311 AM
[ReportManager] Initial URL: [https://duckduckgo.com] @13-12-2021 01:54:08.0412 AM
[ReportManager] Browser Action [NavigateToURL] successfully performed. With the following test data [https://duckduckgo.com]. @13-12-2021 01:54:09.0180 AM
[ReportManager] Browser Action [CloseCurrentWindow] successfully performed. @13-12-2021 01:54:09.0562 AM
[ReportManager] Successfully created attachment [Browser Action Test Data - CloseCurrentWindow - Actual Value] @13-12-2021 01:54:09.0563 A
[ReportManager] File Action [GetAbsolutePath] successfully performed. With the following test data [Relative Folder Path: "target/downloadedFiles/"]. @13-12-2021 01:54:09.0567 AM
[ReportManager] Attempting to run locally on: [Mac-64], [Safari], Headless Execution. @13-12-2021 01:54:09.0567 AM
[ReportManager] An Exception Occured with this Message: Could not start a new session. Possible causes are invalid address of the remote server or browser start-up failure.. @13-12-2021 01:54:09.0871 AM
[ReportManager] Successfully created attachment [Exception Stack Trace - org.openqa.selenium.SessionNotCreatedException] @13-12-2021 01:54:09.0872 AM
[ReportManager] Driver Factory Action [createNewLocalDriverInstanceForSafari] failed. With the following test data [Failed to create a session on DESKTOP_SAFARI]. @13-12-2021 01:54:09.0873 A

################################################################################################################################################
Starting Execution:	[7 out of 146] test cases in the current suite
Test Method:		[unitTests.tests_browserActions.getCurrentURL]
###############################################################################################################################################



################################################################################################################################################
Starting Execution:	[8 out of 146] test cases in the current suite
Test Method:		[unitTests.tests_browserActions.getCurrentWindowTitle]
###############################################################################################################################################



################################################################################################################################################
Starting Execution:	[9 out of 146] test cases in the current suite
Test Method:		[unitTests.tests_browserActions.getPageSource]
###############################################################################################################################################



################################################################################################################################################
Starting Execution:	[10 out of 146] test cases in the current suite
Test Method:		[unitTests.tests_browserActions.getWindowHandle]
###############################################################################################################################################



################################################################################################################################################
Starting Execution:	[11 out of 146] test cases in the current suite
Test Method:		[unitTests.tests_browserActions.getWindowPosition]
###############################################################################################################################################



################################################################################################################################################
Starting Execution:	[12 out of 146] test cases in the current suite
Test Method:		[unitTests.tests_browserActions.getWindowSize]
###############################################################################################################################################



################################################################################################################################################
Starting Execution:	[13 out of 146] test cases in the current suite
Test Method:		[unitTests.tests_browserActions.maximizeWindow]
###############################################################################################################################################



################################################################################################################################################
Starting Execution:	[14 out of 146] test cases in the current suite
Test Method:		[unitTests.tests_browserActions.navigateBack]
###############################################################################################################################################



################################################################################################################################################
Starting Execution:	[15 out of 146] test cases in the current suite
Test Method:		[unitTests.tests_browserActions.navigateForward]
###############################################################################################################################################



################################################################################################################################################
Starting Execution:	[16 out of 146] test cases in the current suite
Test Method:		[unitTests.tests_browserActions.navigateToURL]
###############################################################################################################################################



################################################################################################################################################
Starting Execution:	[17 out of 146] test cases in the current suite
Test Method:		[unitTests.tests_browserActions.navigateToURLWithRedirection]
###############################################################################################################################################



################################################################################################################################################
Starting Execution:	[18 out of 146] test cases in the current suite
Test Method:		[unitTests.tests_browserActions.refreshCurrentPage]
###############################################################################################################################################



################################################################################################################################################
Starting Execution:	[19 out of 146] test cases in the current suite
Test Method:		[unitTests.tests_browserActions.setWindowSize]
###############################################################################################################################################

[ReportManager] Successfully loaded the following test data file [src/test/resources/testDataFiles/testSuite01/TestData.xlsx]. @13-12-2021 01:54:12.0115 AM
[ReportManager] Successfully created attachment [Test Data - Excel] @13-12-2021 01:54:12.0120 A

################################################################################################################################################
Starting Execution:	[20 out of 146] test cases in the current suite
Test Method:		[unitTests.tests_io_excelFileManager.getCellData_rowName_expectedToPass]
################################################################################################################################################
[ReportManager] testRowData. @13-12-2021 01:54:12.0139 A

################################################################################################################################################
Starting Execution:	[21 out of 146] test cases in the current suite
Test Method:		[unitTests.tests_validations_assertions.assertComparativeRelation_greaterThanOrEquals_false_equals_expectedToFail]
################################################################################################################################################
[ReportManager] Assertion [ValidateComparativeRelation] FAILED. Expected [1] and Actual [1]. Comparison Type [GREATER_THAN_OR_EQUALS]. Validation Type [NEGATIVE]. @13-12-2021 01:54:12.0153 A

################################################################################################################################################
Starting Execution:	[22 out of 146] test cases in the current suite
Test Method:		[unitTests.tests_validations_assertions.assertComparativeRelation_greaterThanOrEquals_false_equals_expectedToPass]
################################################################################################################################################
[ReportManager] Assertion [ValidateComparativeRelation] PASSED. Expected [2] and Actual [1]. Comparison Type [GREATER_THAN_OR_EQUALS]. Validation Type [NEGATIVE]. @13-12-2021 01:54:12.0162 A

################################################################################################################################################
Starting Execution:	[23 out of 146] test cases in the current suite
Test Method:		[unitTests.tests_validations_assertions.assertComparativeRelation_greaterThanOrEquals_false_greaterThan_expectedToFail]
################################################################################################################################################
[ReportManager] Assertion [ValidateComparativeRelation] FAILED. Expected [1] and Actual [2]. Comparison Type [GREATER_THAN_OR_EQUALS]. Validation Type [NEGATIVE]. @13-12-2021 01:54:12.0171 A

################################################################################################################################################
Starting Execution:	[24 out of 146] test cases in the current suite
Test Method:		[unitTests.tests_validations_assertions.assertComparativeRelation_greaterThanOrEquals_false_greaterThan_expectedToPass]
################################################################################################################################################
[ReportManager] Assertion [ValidateComparativeRelation] PASSED. Expected [2] and Actual [1]. Comparison Type [GREATER_THAN_OR_EQUALS]. Validation Type [NEGATIVE]. @13-12-2021 01:54:12.0180 A

################################################################################################################################################
Starting Execution:	[25 out of 146] test cases in the current suite
Test Method:		[unitTests.tests_validations_assertions.assertComparativeRelation_greaterThanOrEquals_true_equals_expectedToFail]
################################################################################################################################################
[ReportManager] Assertion [ValidateComparativeRelation] FAILED. Expected [1] and Actual [0]. Comparison Type [GREATER_THAN_OR_EQUALS]. Validation Type [POSITIVE]. @13-12-2021 01:54:12.0188 A

################################################################################################################################################
Starting Execution:	[26 out of 146] test cases in the current suite
Test Method:		[unitTests.tests_validations_assertions.assertComparativeRelation_greaterThanOrEquals_true_equals_expectedToPass]
################################################################################################################################################
[ReportManager] Assertion [ValidateComparativeRelation] PASSED. Expected [1] and Actual [1]. Comparison Type [GREATER_THAN_OR_EQUALS]. Validation Type [POSITIVE]. @13-12-2021 01:54:12.0195 A

################################################################################################################################################
Starting Execution:	[27 out of 146] test cases in the current suite
Test Method:		[unitTests.tests_validations_assertions.assertComparativeRelation_greaterThanOrEquals_true_greaterThan_expectedToFail]
################################################################################################################################################
[ReportManager] Assertion [ValidateComparativeRelation] FAILED. Expected [2] and Actual [1]. Comparison Type [GREATER_THAN_OR_EQUALS]. Validation Type [POSITIVE]. @13-12-2021 01:54:12.0210 A

################################################################################################################################################
Starting Execution:	[28 out of 146] test cases in the current suite
Test Method:		[unitTests.tests_validations_assertions.assertComparativeRelation_greaterThanOrEquals_true_greaterThan_expectedToPass]
################################################################################################################################################
[ReportManager] Assertion [ValidateComparativeRelation] PASSED. Expected [1] and Actual [2]. Comparison Type [GREATER_THAN_OR_EQUALS]. Validation Type [POSITIVE]. @13-12-2021 01:54:12.0215 A
[ReportManager] File Action [GetAbsolutePath] successfully performed. With the following test data [Relative Folder Path: "target/downloadedFiles/"]. @13-12-2021 01:54:12.0239 AM
[ReportManager] Attempting to run locally on: [Mac-64], [Safari], Headless Execution. @13-12-2021 01:54:12.0239 AM
[ReportManager] Successfully Opened Safari. @13-12-2021 01:54:13.0379 AM
[ReportManager] Initial window size: (800, 600) @13-12-2021 01:54:13.0396 AM
[ReportManager] Window size after SWD Maximize: (1176, 803) @13-12-2021 01:54:13.0450 AM
[ReportManager] Browser Action [MaximizeWindow] successfully performed. With the following test data [New screen size is now: (1176, 803)]. @13-12-2021 01:54:13.0451 AM
[ReportManager] Target URL: [https://www.google.com/ncr], and after redirection: [www.google.com] @13-12-2021 01:54:13.0451 AM
[ReportManager] Initial URL: [] @13-12-2021 01:54:13.0491 AM
[ReportManager] Browser Action [NavigateToURL] successfully performed. With the following test data [https://www.google.com/ncr]. @13-12-2021 01:54:15.0801 A

################################################################################################################################################
Starting Execution:	[29 out of 146] test cases in the current suite
Test Method:		[unitTests.tests_validations_assertions.assertElementAttribute_false_caseInsensitiveComparison_expectedToFail]
################################################################################################################################################
[ReportManager] Element Action [Type] successfully performed. With the following test data [AUTOMATION]. @13-12-2021 01:54:16.0103 AM
[ReportManager] Element Action [GetText] successfully performed. With the following test data [AUTOMATION]. @13-12-2021 01:54:16.0200 AM
[ReportManager] Loaded Shared OpenCV @13-12-2021 01:54:17.0615 AM
[ReportManager] Assertion [ValidateElementAttribute] FAILED. Expected [Value Should not be 'AutomaTion' for the 'text' attribute, element locator 'By.name: q'] and Actual [AUTOMATION]. Comparison Type [CASE_INSENSITIVE]. Validation Type [NEGATIVE]. @13-12-2021 01:54:17.0985 AM
[ReportManager] Successfully created attachment [Screenshot - 1639360456419_assertElementAttribute_false_caseInsensitiveComparison_expectedToFail_ValidateElementAttribute_failed] @13-12-2021 01:54:17.0987 A
[ReportManager] Browser Action [CloseCurrentWindow] successfully performed. @13-12-2021 01:54:18.0210 AM
[ReportManager] Successfully created attachment [Browser Action Test Data - CloseCurrentWindow - Actual Value] @13-12-2021 01:54:18.0213 A
[ReportManager] File Action [GetAbsolutePath] successfully performed. With the following test data [Relative Folder Path: "target/downloadedFiles/"]. @13-12-2021 01:54:18.0220 AM
[ReportManager] Attempting to run locally on: [Mac-64], [Safari], Headless Execution. @13-12-2021 01:54:18.0220 AM
[ReportManager] Successfully Opened Safari. @13-12-2021 01:54:19.0119 AM
[ReportManager] Initial window size: (800, 600) @13-12-2021 01:54:19.0134 AM
[ReportManager] Window size after SWD Maximize: (1176, 803) @13-12-2021 01:54:19.0167 AM
[ReportManager] Browser Action [MaximizeWindow] successfully performed. With the following test data [New screen size is now: (1176, 803)]. @13-12-2021 01:54:19.0167 AM
[ReportManager] Target URL: [https://www.google.com/ncr], and after redirection: [www.google.com] @13-12-2021 01:54:19.0167 AM
[ReportManager] Initial URL: [] @13-12-2021 01:54:19.0215 AM
[ReportManager] Browser Action [NavigateToURL] successfully performed. With the following test data [https://www.google.com/ncr]. @13-12-2021 01:54:21.0273 A

################################################################################################################################################
Starting Execution:	[30 out of 146] test cases in the current suite
Test Method:		[unitTests.tests_validations_assertions.assertElementAttribute_false_caseInsensitiveComparison_expectedToPass]
################################################################################################################################################
[ReportManager] Element Action [Type] successfully performed. With the following test data [AUTOMATION]. @13-12-2021 01:54:21.0658 AM
[ReportManager] Element Action [GetText] successfully performed. With the following test data [AUTOMATION]. @13-12-2021 01:54:21.0839 AM
[ReportManager] Loaded Shared OpenCV @13-12-2021 01:54:21.0941 AM
[ReportManager] Assertion [ValidateElementAttribute] PASSED. Expected [Value Should not be 'AutomaTion123' for the 'text' attribute, element locator 'By.name: q'] and Actual [AUTOMATION]. Comparison Type [CASE_INSENSITIVE]. Validation Type [NEGATIVE]. @13-12-2021 01:54:22.0114 AM
[ReportManager] Successfully created attachment [Screenshot - 1639360461941_assertElementAttribute_false_caseInsensitiveComparison_expectedToPass_ValidateElementAttribute_passed] @13-12-2021 01:54:22.0116 A
[ReportManager] Browser Action [CloseCurrentWindow] successfully performed. @13-12-2021 01:54:22.0515 AM
[ReportManager] Successfully created attachment [Browser Action Test Data - CloseCurrentWindow - Actual Value] @13-12-2021 01:54:22.0517 A
[ReportManager] File Action [GetAbsolutePath] successfully performed. With the following test data [Relative Folder Path: "target/downloadedFiles/"]. @13-12-2021 01:54:22.0524 AM
[ReportManager] Attempting to run locally on: [Mac-64], [Safari], Headless Execution. @13-12-2021 01:54:22.0524 AM
[ReportManager] Successfully Opened Safari. @13-12-2021 01:54:23.0381 AM
[ReportManager] Initial window size: (800, 600) @13-12-2021 01:54:23.0409 AM
[ReportManager] Window size after SWD Maximize: (1176, 803) @13-12-2021 01:54:23.0426 AM
[ReportManager] Browser Action [MaximizeWindow] successfully performed. With the following test data [New screen size is now: (1176, 803)]. @13-12-2021 01:54:23.0427 AM
[ReportManager] Target URL: [https://www.google.com/ncr], and after redirection: [www.google.com] @13-12-2021 01:54:23.0427 AM
[ReportManager] Initial URL: [] @13-12-2021 01:54:23.0490 AM
[ReportManager] Browser Action [NavigateToURL] successfully performed. With the following test data [https://www.google.com/ncr]. @13-12-2021 01:54:25.0500 A

################################################################################################################################################
Starting Execution:	[31 out of 146] test cases in the current suite
Test Method:		[unitTests.tests_validations_assertions.assertElementAttribute_false_containsComparison_expectedToFail]
################################################################################################################################################
[ReportManager] Element Action [Type] successfully performed. With the following test data [Automation123]. @13-12-2021 01:54:25.0789 AM
[ReportManager] Element Action [GetText] successfully performed. With the following test data [Automation123]. @13-12-2021 01:54:25.0865 AM
[ReportManager] Loaded Shared OpenCV @13-12-2021 01:54:26.0010 AM
[ReportManager] Assertion [ValidateElementAttribute] FAILED. Expected [Value Should not be 'Automation' for the 'text' attribute, element locator 'By.name: q'] and Actual [Automation123]. Comparison Type [CONTAINS]. Validation Type [NEGATIVE]. @13-12-2021 01:54:26.0128 AM
[ReportManager] Successfully created attachment [Screenshot - 1639360466010_assertElementAttribute_false_containsComparison_expectedToFail_ValidateElementAttribute_failed] @13-12-2021 01:54:26.0129 A
[ReportManager] Browser Action [CloseCurrentWindow] successfully performed. @13-12-2021 01:54:26.0535 AM
[ReportManager] Successfully created attachment [Browser Action Test Data - CloseCurrentWindow - Actual Value] @13-12-2021 01:54:26.0537 A
[ReportManager] File Action [GetAbsolutePath] successfully performed. With the following test data [Relative Folder Path: "target/downloadedFiles/"]. @13-12-2021 01:54:26.0546 AM
[ReportManager] Attempting to run locally on: [Mac-64], [Safari], Headless Execution. @13-12-2021 01:54:26.0546 AM
[ReportManager] Successfully Opened Safari. @13-12-2021 01:54:27.0419 AM
[ReportManager] Initial window size: (800, 600) @13-12-2021 01:54:27.0451 AM
[ReportManager] Window size after SWD Maximize: (1176, 803) @13-12-2021 01:54:27.0487 AM
[ReportManager] Browser Action [MaximizeWindow] successfully performed. With the following test data [New screen size is now: (1176, 803)]. @13-12-2021 01:54:27.0488 AM
[ReportManager] Target URL: [https://www.google.com/ncr], and after redirection: [www.google.com] @13-12-2021 01:54:27.0488 AM
[ReportManager] Initial URL: [] @13-12-2021 01:54:27.0543 AM
[ReportManager] Browser Action [NavigateToURL] successfully performed. With the following test data [https://www.google.com/ncr]. @13-12-2021 01:54:29.0582 A

################################################################################################################################################
Starting Execution:	[32 out of 146] test cases in the current suite
Test Method:		[unitTests.tests_validations_assertions.assertElementAttribute_false_containsComparison_expectedToPass]
################################################################################################################################################
[ReportManager] Element Action [Type] successfully performed. With the following test data [Automation123]. @13-12-2021 01:54:29.0900 AM
[ReportManager] Element Action [GetText] successfully performed. With the following test data [Automation123]. @13-12-2021 01:54:29.0971 AM
[ReportManager] Loaded Shared OpenCV @13-12-2021 01:54:30.0117 AM
[ReportManager] Assertion [ValidateElementAttribute] PASSED. Expected [Value Should not be 'Automation1234' for the 'text' attribute, element locator 'By.name: q'] and Actual [Automation123]. Comparison Type [CONTAINS]. Validation Type [NEGATIVE]. @13-12-2021 01:54:30.0233 AM
[ReportManager] Successfully created attachment [Screenshot - 1639360470117_assertElementAttribute_false_containsComparison_expectedToPass_ValidateElementAttribute_passed] @13-12-2021 01:54:30.0234 A
[ReportManager] Browser Action [CloseCurrentWindow] successfully performed. @13-12-2021 01:54:30.0568 AM
[ReportManager] Successfully created attachment [Browser Action Test Data - CloseCurrentWindow - Actual Value] @13-12-2021 01:54:30.0570 A
[ReportManager] File Action [GetAbsolutePath] successfully performed. With the following test data [Relative Folder Path: "target/downloadedFiles/"]. @13-12-2021 01:54:30.0579 AM
[ReportManager] Attempting to run locally on: [Mac-64], [Safari], Headless Execution. @13-12-2021 01:54:30.0579 AM
[ReportManager] Successfully Opened Safari. @13-12-2021 01:54:31.0471 AM
[ReportManager] Initial window size: (800, 600) @13-12-2021 01:54:31.0489 AM
[ReportManager] Window size after SWD Maximize: (1176, 803) @13-12-2021 01:54:31.0525 AM
[ReportManager] Browser Action [MaximizeWindow] successfully performed. With the following test data [New screen size is now: (1176, 803)]. @13-12-2021 01:54:31.0525 AM
[ReportManager] Target URL: [https://www.google.com/ncr], and after redirection: [www.google.com] @13-12-2021 01:54:31.0525 AM
[ReportManager] Initial URL: [] @13-12-2021 01:54:31.0597 AM
[ReportManager] Browser Action [NavigateToURL] successfully performed. With the following test data [https://www.google.com/ncr]. @13-12-2021 01:54:33.0938 A

################################################################################################################################################
Starting Execution:	[33 out of 146] test cases in the current suite
Test Method:		[unitTests.tests_validations_assertions.assertElementAttribute_false_literalComparison_expectedToFail]
################################################################################################################################################
[ReportManager] Element Action [Type] successfully performed. With the following test data [Automation!@#$%^&*()_+{}[]\';/.,]. @13-12-2021 01:54:34.0367 AM
[ReportManager] Element Action [GetText] successfully performed. With the following test data [Automation!@#$%^&*()_+{}[]\';/.,]. @13-12-2021 01:54:34.0457 AM
[ReportManager] Loaded Shared OpenCV @13-12-2021 01:54:34.0616 AM
[ReportManager] Assertion [ValidateElementAttribute] PASSED. Expected [Value Should not be 'Automation!@#$%^&*()_+{}[]\\';/.,' for the 'text' attribute, element locator 'By.name: q'] and Actual [Automation!@#$%^&*()_+{}[]\';/.,]. Comparison Type [EQUALS]. Validation Type [NEGATIVE]. @13-12-2021 01:54:34.0720 AM
[ReportManager] Successfully created attachment [Screenshot - 1639360474615_assertElementAttribute_false_literalComparison_expectedToFail_ValidateElementAttribute_passed] @13-12-2021 01:54:34.0721 A
[ReportManager] Browser Action [CloseCurrentWindow] successfully performed. @13-12-2021 01:54:35.0077 AM
[ReportManager] Successfully created attachment [Browser Action Test Data - CloseCurrentWindow - Actual Value] @13-12-2021 01:54:35.0079 A
[ReportManager] File Action [GetAbsolutePath] successfully performed. With the following test data [Relative Folder Path: "target/downloadedFiles/"]. @13-12-2021 01:54:35.0086 AM
[ReportManager] Attempting to run locally on: [Mac-64], [Safari], Headless Execution. @13-12-2021 01:54:35.0086 AM
[ReportManager] Successfully Opened Safari. @13-12-2021 01:54:35.0949 AM
[ReportManager] Initial window size: (800, 600) @13-12-2021 01:54:35.0984 AM
[ReportManager] Window size after SWD Maximize: (1176, 803) @13-12-2021 01:54:36.0007 AM
[ReportManager] Browser Action [MaximizeWindow] successfully performed. With the following test data [New screen size is now: (1176, 803)]. @13-12-2021 01:54:36.0007 AM
[ReportManager] Target URL: [https://www.google.com/ncr], and after redirection: [www.google.com] @13-12-2021 01:54:36.0007 AM
[ReportManager] Initial URL: [] @13-12-2021 01:54:36.0074 AM
[ReportManager] Browser Action [NavigateToURL] successfully performed. With the following test data [https://www.google.com/ncr]. @13-12-2021 01:54:38.0101 A

################################################################################################################################################
Starting Execution:	[34 out of 146] test cases in the current suite
Test Method:		[unitTests.tests_validations_assertions.assertElementAttribute_false_literalComparison_expectedToPass]
################################################################################################################################################
[ReportManager] Element Action [Type] successfully performed. With the following test data [Automation!@#$%^&*()_+{}[]\';/.,]. @13-12-2021 01:54:38.0512 AM
[ReportManager] Element Action [GetText] successfully performed. With the following test data [Automation!@#$%^&*()_+{}[]\';/.,]. @13-12-2021 01:54:38.0581 AM
[ReportManager] Loaded Shared OpenCV @13-12-2021 01:54:38.0723 AM
[ReportManager] Assertion [ValidateElementAttribute] PASSED. Expected [Value Should not be 'Automation' for the 'text' attribute, element locator 'By.name: q'] and Actual [Automation!@#$%^&*()_+{}[]\';/.,]. Comparison Type [EQUALS]. Validation Type [NEGATIVE]. @13-12-2021 01:54:38.0823 AM
[ReportManager] Successfully created attachment [Screenshot - 1639360478723_assertElementAttribute_false_literalComparison_expectedToPass_ValidateElementAttribute_passed] @13-12-2021 01:54:38.0824 A
[ReportManager] Browser Action [CloseCurrentWindow] successfully performed. @13-12-2021 01:54:39.0157 AM
[ReportManager] Successfully created attachment [Browser Action Test Data - CloseCurrentWindow - Actual Value] @13-12-2021 01:54:39.0160 A
[ReportManager] File Action [GetAbsolutePath] successfully performed. With the following test data [Relative Folder Path: "target/downloadedFiles/"]. @13-12-2021 01:54:39.0171 AM
[ReportManager] Attempting to run locally on: [Mac-64], [Safari], Headless Execution. @13-12-2021 01:54:39.0172 AM
[ReportManager] Successfully Opened Safari. @13-12-2021 01:54:40.0040 AM
[ReportManager] Initial window size: (800, 600) @13-12-2021 01:54:40.0054 AM
[ReportManager] Window size after SWD Maximize: (1176, 803) @13-12-2021 01:54:40.0085 AM
[ReportManager] Browser Action [MaximizeWindow] successfully performed. With the following test data [New screen size is now: (1176, 803)]. @13-12-2021 01:54:40.0086 AM
[ReportManager] Target URL: [https://www.google.com/ncr], and after redirection: [www.google.com] @13-12-2021 01:54:40.0086 AM
[ReportManager] Initial URL: [] @13-12-2021 01:54:40.0148 AM
[ReportManager] Browser Action [NavigateToURL] successfully performed. With the following test data [https://www.google.com/ncr]. @13-12-2021 01:54:42.0403 A

################################################################################################################################################
Starting Execution:	[35 out of 146] test cases in the current suite
Test Method:		[unitTests.tests_validations_assertions.assertElementAttribute_false_regexComparison_expectedToFail]
################################################################################################################################################
[ReportManager] Element Action [Type] successfully performed. With the following test data [Automation123]. @13-12-2021 01:54:42.0766 AM
[ReportManager] Element Action [GetText] successfully performed. With the following test data [Automation123]. @13-12-2021 01:54:42.0947 AM
[ReportManager] Loaded Shared OpenCV @13-12-2021 01:54:43.0020 AM
[ReportManager] Assertion [ValidateElementAttribute] FAILED. Expected [Value Should not be 'Automation.*' for the 'text' attribute, element locator 'By.name: q'] and Actual [Automation123]. Comparison Type [MATCHES]. Validation Type [NEGATIVE]. @13-12-2021 01:54:43.0203 AM
[ReportManager] Successfully created attachment [Screenshot - 1639360483019_assertElementAttribute_false_regexComparison_expectedToFail_ValidateElementAttribute_failed] @13-12-2021 01:54:43.0205 A
[ReportManager] Browser Action [CloseCurrentWindow] successfully performed. @13-12-2021 01:54:43.0368 AM
[ReportManager] Successfully created attachment [Browser Action Test Data - CloseCurrentWindow - Actual Value] @13-12-2021 01:54:43.0371 A
[ReportManager] File Action [GetAbsolutePath] successfully performed. With the following test data [Relative Folder Path: "target/downloadedFiles/"]. @13-12-2021 01:54:43.0379 AM
[ReportManager] Attempting to run locally on: [Mac-64], [Safari], Headless Execution. @13-12-2021 01:54:43.0379 AM
[ReportManager] Successfully Opened Safari. @13-12-2021 01:54:44.0241 AM
[ReportManager] Initial window size: (800, 600) @13-12-2021 01:54:44.0261 AM
[ReportManager] Window size after SWD Maximize: (1176, 803) @13-12-2021 01:54:44.0300 AM
[ReportManager] Browser Action [MaximizeWindow] successfully performed. With the following test data [New screen size is now: (1176, 803)]. @13-12-2021 01:54:44.0300 AM
[ReportManager] Target URL: [https://www.google.com/ncr], and after redirection: [www.google.com] @13-12-2021 01:54:44.0300 AM
[ReportManager] Initial URL: [] @13-12-2021 01:54:44.0356 AM
[ReportManager] Browser Action [NavigateToURL] successfully performed. With the following test data [https://www.google.com/ncr]. @13-12-2021 01:54:46.0306 A

################################################################################################################################################
Starting Execution:	[36 out of 146] test cases in the current suite
Test Method:		[unitTests.tests_validations_assertions.assertElementAttribute_false_regexComparison_expectedToPass]
################################################################################################################################################
[ReportManager] Element Action [Type] successfully performed. With the following test data [Automation123]. @13-12-2021 01:54:46.0588 AM
[ReportManager] Element Action [GetText] successfully performed. With the following test data [Automation123]. @13-12-2021 01:54:46.0664 AM
[ReportManager] Loaded Shared OpenCV @13-12-2021 01:54:46.0810 AM
[ReportManager] Assertion [ValidateElementAttribute] PASSED. Expected [Value Should not be 'Automation' for the 'text' attribute, element locator 'By.name: q'] and Actual [Automation123]. Comparison Type [MATCHES]. Validation Type [NEGATIVE]. @13-12-2021 01:54:46.0919 AM
[ReportManager] Successfully created attachment [Screenshot - 1639360486809_assertElementAttribute_false_regexComparison_expectedToPass_ValidateElementAttribute_passed] @13-12-2021 01:54:46.0920 A
[ReportManager] Browser Action [CloseCurrentWindow] successfully performed. @13-12-2021 01:54:47.0262 AM
[ReportManager] Successfully created attachment [Browser Action Test Data - CloseCurrentWindow - Actual Value] @13-12-2021 01:54:47.0264 A
[ReportManager] File Action [GetAbsolutePath] successfully performed. With the following test data [Relative Folder Path: "target/downloadedFiles/"]. @13-12-2021 01:54:47.0272 AM
[ReportManager] Attempting to run locally on: [Mac-64], [Safari], Headless Execution. @13-12-2021 01:54:47.0272 AM
[ReportManager] Successfully Opened Safari. @13-12-2021 01:54:48.0111 AM
[ReportManager] Initial window size: (800, 600) @13-12-2021 01:54:48.0137 AM
[ReportManager] Window size after SWD Maximize: (1176, 803) @13-12-2021 01:54:48.0157 AM
[ReportManager] Browser Action [MaximizeWindow] successfully performed. With the following test data [New screen size is now: (1176, 803)]. @13-12-2021 01:54:48.0158 AM
[ReportManager] Target URL: [https://www.google.com/ncr], and after redirection: [www.google.com] @13-12-2021 01:54:48.0158 AM
[ReportManager] Initial URL: [] @13-12-2021 01:54:48.0222 AM
[ReportManager] Browser Action [NavigateToURL] successfully performed. With the following test data [https://www.google.com/ncr]. @13-12-2021 01:54:50.0180 A

################################################################################################################################################
Starting Execution:	[37 out of 146] test cases in the current suite
Test Method:		[unitTests.tests_validations_assertions.assertElementAttribute_true_caseInsensitiveComparison_expectedToFail]
################################################################################################################################################
[ReportManager] Element Action [Type] successfully performed. With the following test data [AUTOMATION]. @13-12-2021 01:54:50.0473 AM
[ReportManager] Element Action [GetText] successfully performed. With the following test data [AUTOMATION]. @13-12-2021 01:54:50.0541 AM
[ReportManager] Loaded Shared OpenCV @13-12-2021 01:54:50.0701 AM
[ReportManager] Assertion [ValidateElementAttribute] FAILED. Expected [Value Should be 'AutomaTion123' for the 'text' attribute, element locator 'By.name: q'] and Actual [AUTOMATION]. Comparison Type [CASE_INSENSITIVE]. Validation Type [POSITIVE]. @13-12-2021 01:54:50.0810 AM
[ReportManager] Successfully created attachment [Screenshot - 1639360490700_assertElementAttribute_true_caseInsensitiveComparison_expectedToFail_ValidateElementAttribute_failed] @13-12-2021 01:54:50.0812 A
[ReportManager] Browser Action [CloseCurrentWindow] successfully performed. @13-12-2021 01:54:51.0173 AM
[ReportManager] Successfully created attachment [Browser Action Test Data - CloseCurrentWindow - Actual Value] @13-12-2021 01:54:51.0175 A
[ReportManager] File Action [GetAbsolutePath] successfully performed. With the following test data [Relative Folder Path: "target/downloadedFiles/"]. @13-12-2021 01:54:51.0182 AM
[ReportManager] Attempting to run locally on: [Mac-64], [Safari], Headless Execution. @13-12-2021 01:54:51.0183 AM
[ReportManager] An Exception Occured with this Message: Could not start a new session. Possible causes are invalid address of the remote server or browser start-up failure.. @13-12-2021 01:54:51.0373 AM
[ReportManager] Successfully created attachment [Exception Stack Trace - org.openqa.selenium.SessionNotCreatedException] @13-12-2021 01:54:51.0374 AM
[ReportManager] Driver Factory Action [createNewLocalDriverInstanceForSafari] failed. With the following test data [Failed to create a session on DESKTOP_SAFARI]. @13-12-2021 01:54:51.0375 A

################################################################################################################################################
Starting Execution:	[38 out of 146] test cases in the current suite
Test Method:		[unitTests.tests_validations_assertions.assertElementAttribute_true_caseInsensitiveComparison_expectedToPass]
###############################################################################################################################################



################################################################################################################################################
Starting Execution:	[39 out of 146] test cases in the current suite
Test Method:		[unitTests.tests_validations_assertions.assertElementAttribute_true_containsComparison_expectedToFail]
###############################################################################################################################################



################################################################################################################################################
Starting Execution:	[40 out of 146] test cases in the current suite
Test Method:		[unitTests.tests_validations_assertions.assertElementAttribute_true_containsComparison_expectedToPass]
###############################################################################################################################################



################################################################################################################################################
Starting Execution:	[41 out of 146] test cases in the current suite
Test Method:		[unitTests.tests_validations_assertions.assertElementAttribute_true_literalComparison_expectedToFail]
###############################################################################################################################################



################################################################################################################################################
Starting Execution:	[42 out of 146] test cases in the current suite
Test Method:		[unitTests.tests_validations_assertions.assertElementAttribute_true_literalComparison_expectedToPass]
###############################################################################################################################################



################################################################################################################################################
Starting Execution:	[43 out of 146] test cases in the current suite
Test Method:		[unitTests.tests_validations_assertions.assertElementAttribute_true_regexComparison_expectedToFail]
###############################################################################################################################################



################################################################################################################################################
Starting Execution:	[44 out of 146] test cases in the current suite
Test Method:		[unitTests.tests_validations_assertions.assertElementAttribute_true_regexComparison_expectedToPass]
###############################################################################################################################################



################################################################################################################################################
Starting Execution:	[45 out of 146] test cases in the current suite
Test Method:		[unitTests.tests_validations_assertions.assertElementAttribute_type_true_literalComparison_expectedToPass]
###############################################################################################################################################



################################################################################################################################################
Starting Execution:	[46 out of 146] test cases in the current suite
Test Method:		[unitTests.tests_validations_assertions.assertElementExists_false_expectedToFail]
###############################################################################################################################################



################################################################################################################################################
Starting Execution:	[47 out of 146] test cases in the current suite
Test Method:		[unitTests.tests_validations_assertions.assertElementExists_false_expectedToPass]
###############################################################################################################################################



################################################################################################################################################
Starting Execution:	[48 out of 146] test cases in the current suite
Test Method:		[unitTests.tests_validations_assertions.assertElementExists_false_multipleElementsFound_expectedToFail]
###############################################################################################################################################



################################################################################################################################################
Starting Execution:	[49 out of 146] test cases in the current suite
Test Method:		[unitTests.tests_validations_assertions.assertElementExists_true_expectedToFail]
###############################################################################################################################################



################################################################################################################################################
Starting Execution:	[50 out of 146] test cases in the current suite
Test Method:		[unitTests.tests_validations_assertions.assertElementExists_true_expectedToPass]
###############################################################################################################################################



################################################################################################################################################
Starting Execution:	[51 out of 146] test cases in the current suite
Test Method:		[unitTests.tests_validations_assertions.assertElementExists_true_multipleElementsFound_expectedToFail]
###############################################################################################################################################


################################################################################################################################################
Starting Execution:	[52 out of 146] test cases in the current suite
Test Method:		[unitTests.tests_validations_assertions.assertEquals_false_expectedToFail]
###############################################################################################################################################

################################################################################################################################################
Starting Execution:	[53 out of 146] test cases in the current suite
Test Method:		[unitTests.tests_validations_assertions.assertEquals_false_expectedToPass]
###############################################################################################################################################

################################################################################################################################################
Starting Execution:	[54 out of 146] test cases in the current suite
Test Method:		[unitTests.tests_validations_assertions.assertEquals_longCharacters]
###############################################################################################################################################

################################################################################################################################################
Starting Execution:	[55 out of 146] test cases in the current suite
Test Method:		[unitTests.tests_validations_assertions.assertEquals_longCharacters_Discreet]
###############################################################################################################################################

################################################################################################################################################
Starting Execution:	[56 out of 146] test cases in the current suite
Test Method:		[unitTests.tests_validations_assertions.assertEquals_true_expectedToFail]
###############################################################################################################################################

################################################################################################################################################
Starting Execution:	[57 out of 146] test cases in the current suite
Test Method:		[unitTests.tests_validations_assertions.assertEquals_true_expectedToPass]
Test Description:	[Assert that assertEquals works as expected when the two values are equal.]
###############################################################################################################################################

################################################################################################################################################
Starting Execution:	[58 out of 146] test cases in the current suite
Test Method:		[unitTests.tests_validations_assertions.assertEquals_true_expectedToPass__]
###############################################################################################################################################

################################################################################################################################################
Starting Execution:	[59 out of 146] test cases in the current suite
Test Method:		[unitTests.tests_validations_assertions.assertFileExists_false_expectedToFail]
###############################################################################################################################################

################################################################################################################################################
Starting Execution:	[60 out of 146] test cases in the current suite
Test Method:		[unitTests.tests_validations_assertions.assertFileExists_false_expectedToPass]
###############################################################################################################################################

################################################################################################################################################
Starting Execution:	[61 out of 146] test cases in the current suite
Test Method:		[unitTests.tests_validations_assertions.assertFileExists_true_expectedToFail]
###############################################################################################################################################

################################################################################################################################################
Starting Execution:	[62 out of 146] test cases in the current suite
Test Method:		[unitTests.tests_validations_assertions.assertFileExists_true_expectedToPass]
###############################################################################################################################################

################################################################################################################################################
Starting Execution:	[63 out of 146] test cases in the current suite
Test Method:		[unitTests.tests_validations_assertions.assertNull_false_expectedToFail]
###############################################################################################################################################

################################################################################################################################################
Starting Execution:	[64 out of 146] test cases in the current suite
Test Method:		[unitTests.tests_validations_assertions.assertNull_false_expectedToPass]
###############################################################################################################################################

################################################################################################################################################
Starting Execution:	[65 out of 146] test cases in the current suite
Test Method:		[unitTests.tests_validations_assertions.assertNull_true_expectedToFail]
###############################################################################################################################################

################################################################################################################################################
Starting Execution:	[66 out of 146] test cases in the current suite
Test Method:		[unitTests.tests_validations_assertions.assertNull_true_expectedToPass]
###############################################################################################################################################

################################################################################################################################################
Starting Execution:	[67 out of 146] test cases in the current suite
Test Method:		[unitTests.tests_restActions.getPostsAndAssertBodyForSpecificTitle]
################################################################################################################################################
[ReportManager] Response status code: [200], status line: [HTTP/1.1 200 OK] @13-12-2021 01:54:54.0078 AM
[ReportManager] Assertion Passed: Evaluating the actual response status code against the expected one... @13-12-2021 01:54:54.0084 AM
[ReportManager] Assertion [ValidateComparativeRelation] PASSED. Expected [200] and Actual [200]. Comparison Type [EQUALS]. Validation Type [POSITIVE]. @13-12-2021 01:54:54.0084 AM
[ReportManager] API Action [PerformRequest] successfully performed. With the following test data [Request Type: "GET" | Target Status Code: "200" | Service URL: "https://jsonplaceholder.typicode.com/posts" | Content Type: "*/*" | Response Time: "767ms"]. @13-12-2021 01:54:55.0401 AM
[ReportManager] Successfully created attachment [API Request - Specifications] @13-12-2021 01:54:55.0402 AM
[ReportManager] Successfully created attachment [API Response - JSON Body] @13-12-2021 01:54:55.0761 AM
[ReportManager] API Action [GetResponseJSONValueAsList] successfully performed. @13-12-2021 01:54:55.0798 AM
[ReportManager] API Action [GetResponseJSONValue] successfully performed. With the following test data [title]. @13-12-2021 01:54:55.0831 AM
[ReportManager] API Action [GetResponseJSONValue] successfully performed. With the following test data [title]. @13-12-2021 01:54:55.0859 AM
[ReportManager] API Action [GetResponseJSONValue] successfully performed. With the following test data [body]. @13-12-2021 01:54:55.0880 AM
[ReportManager] Assertion [ValidateEquals] PASSED. Expected [qui neque nisi nulla] and Actual [est rerum tempore vitae
sequi sint nihil reprehenderit dolor beatae ea dolores neque
fugiat blanditiis voluptate porro vel nihil molestiae ut reiciendis
qui aperiam non debitis possimus qui neque nisi nulla]. Comparison Type [CONTAINS]. Validation Type [POSITIVE]. @13-12-2021 01:54:55.0880 AM
[ReportManager] API Action [GetResponseJSONValue] successfully performed. With the following test data [title]. @13-12-2021 01:54:55.0902 AM
[ReportManager] API Action [GetResponseJSONValue] successfully performed. With the following test data [title]. @13-12-2021 01:54:55.0921 AM
[ReportManager] API Action [GetResponseJSONValue] successfully performed. With the following test data [title]. @13-12-2021 01:54:55.0943 AM
[ReportManager] API Action [GetResponseJSONValue] successfully performed. With the following test data [title]. @13-12-2021 01:54:55.0973 AM
[ReportManager] API Action [GetResponseJSONValue] successfully performed. With the following test data [title]. @13-12-2021 01:54:56.0014 AM
[ReportManager] API Action [GetResponseJSONValue] successfully performed. With the following test data [title]. @13-12-2021 01:54:56.0036 AM
[ReportManager] API Action [GetResponseJSONValue] successfully performed. With the following test data [title]. @13-12-2021 01:54:56.0056 AM
[ReportManager] API Action [GetResponseJSONValue] successfully performed. With the following test data [title]. @13-12-2021 01:54:56.0074 AM
[ReportManager] API Action [GetResponseJSONValue] successfully performed. With the following test data [title]. @13-12-2021 01:54:56.0088 AM
[ReportManager] API Action [GetResponseJSONValue] successfully performed. With the following test data [title]. @13-12-2021 01:54:56.0102 AM
[ReportManager] API Action [GetResponseJSONValue] successfully performed. With the following test data [title]. @13-12-2021 01:54:56.0121 AM
[ReportManager] API Action [GetResponseJSONValue] successfully performed. With the following test data [title]. @13-12-2021 01:54:56.0138 AM
[ReportManager] API Action [GetResponseJSONValue] successfully performed. With the following test data [title]. @13-12-2021 01:54:56.0153 AM
[ReportManager] API Action [GetResponseJSONValue] successfully performed. With the following test data [title]. @13-12-2021 01:54:56.0166 AM
[ReportManager] API Action [GetResponseJSONValue] successfully performed. With the following test data [title]. @13-12-2021 01:54:56.0180 AM
[ReportManager] API Action [GetResponseJSONValue] successfully performed. With the following test data [title]. @13-12-2021 01:54:56.0194 AM
[ReportManager] API Action [GetResponseJSONValue] successfully performed. With the following test data [title]. @13-12-2021 01:54:56.0211 AM
[ReportManager] API Action [GetResponseJSONValue] successfully performed. With the following test data [title]. @13-12-2021 01:54:56.0226 AM
[ReportManager] API Action [GetResponseJSONValue] successfully performed. With the following test data [title]. @13-12-2021 01:54:56.0241 AM
[ReportManager] API Action [GetResponseJSONValue] successfully performed. With the following test data [title]. @13-12-2021 01:54:56.0255 AM
[ReportManager] API Action [GetResponseJSONValue] successfully performed. With the following test data [title]. @13-12-2021 01:54:56.0271 AM
[ReportManager] API Action [GetResponseJSONValue] successfully performed. With the following test data [title]. @13-12-2021 01:54:56.0288 AM
[ReportManager] API Action [GetResponseJSONValue] successfully performed. With the following test data [title]. @13-12-2021 01:54:56.0303 AM
[ReportManager] API Action [GetResponseJSONValue] successfully performed. With the following test data [title]. @13-12-2021 01:54:56.0316 AM
[ReportManager] API Action [GetResponseJSONValue] successfully performed. With the following test data [title]. @13-12-2021 01:54:56.0331 AM
[ReportManager] API Action [GetResponseJSONValue] successfully performed. With the following test data [title]. @13-12-2021 01:54:56.0344 AM
[ReportManager] API Action [GetResponseJSONValue] successfully performed. With the following test data [title]. @13-12-2021 01:54:56.0360 AM
[ReportManager] API Action [GetResponseJSONValue] successfully performed. With the following test data [title]. @13-12-2021 01:54:56.0373 AM
[ReportManager] API Action [GetResponseJSONValue] successfully performed. With the following test data [title]. @13-12-2021 01:54:56.0390 AM
[ReportManager] API Action [GetResponseJSONValue] successfully performed. With the following test data [title]. @13-12-2021 01:54:56.0404 AM
[ReportManager] API Action [GetResponseJSONValue] successfully performed. With the following test data [title]. @13-12-2021 01:54:56.0417 AM
[ReportManager] API Action [GetResponseJSONValue] successfully performed. With the following test data [title]. @13-12-2021 01:54:56.0431 AM
[ReportManager] API Action [GetResponseJSONValue] successfully performed. With the following test data [title]. @13-12-2021 01:54:56.0443 AM
[ReportManager] API Action [GetResponseJSONValue] successfully performed. With the following test data [title]. @13-12-2021 01:54:56.0457 AM
[ReportManager] API Action [GetResponseJSONValue] successfully performed. With the following test data [title]. @13-12-2021 01:54:56.0471 AM
[ReportManager] API Action [GetResponseJSONValue] successfully performed. With the following test data [title]. @13-12-2021 01:54:56.0483 AM
[ReportManager] API Action [GetResponseJSONValue] successfully performed. With the following test data [title]. @13-12-2021 01:54:56.0496 AM
[ReportManager] API Action [GetResponseJSONValue] successfully performed. With the following test data [title]. @13-12-2021 01:54:56.0508 AM
[ReportManager] API Action [GetResponseJSONValue] successfully performed. With the following test data [title]. @13-12-2021 01:54:56.0521 AM
[ReportManager] API Action [GetResponseJSONValue] successfully performed. With the following test data [title]. @13-12-2021 01:54:56.0533 AM
[ReportManager] API Action [GetResponseJSONValue] successfully performed. With the following test data [title]. @13-12-2021 01:54:56.0545 AM
[ReportManager] API Action [GetResponseJSONValue] successfully performed. With the following test data [title]. @13-12-2021 01:54:56.0573 AM
[ReportManager] API Action [GetResponseJSONValue] successfully performed. With the following test data [title]. @13-12-2021 01:54:56.0585 AM
[ReportManager] API Action [GetResponseJSONValue] successfully performed. With the following test data [title]. @13-12-2021 01:54:56.0596 AM
[ReportManager] API Action [GetResponseJSONValue] successfully performed. With the following test data [title]. @13-12-2021 01:54:56.0608 AM
[ReportManager] API Action [GetResponseJSONValue] successfully performed. With the following test data [title]. @13-12-2021 01:54:56.0619 AM
[ReportManager] API Action [GetResponseJSONValue] successfully performed. With the following test data [title]. @13-12-2021 01:54:56.0631 AM
[ReportManager] API Action [GetResponseJSONValue] successfully performed. With the following test data [title]. @13-12-2021 01:54:56.0643 AM
[ReportManager] API Action [GetResponseJSONValue] successfully performed. With the following test data [title]. @13-12-2021 01:54:56.0654 AM
[ReportManager] API Action [GetResponseJSONValue] successfully performed. With the following test data [title]. @13-12-2021 01:54:56.0666 AM
[ReportManager] API Action [GetResponseJSONValue] successfully performed. With the following test data [title]. @13-12-2021 01:54:56.0679 AM
[ReportManager] API Action [GetResponseJSONValue] successfully performed. With the following test data [title]. @13-12-2021 01:54:56.0696 AM
[ReportManager] API Action [GetResponseJSONValue] successfully performed. With the following test data [title]. @13-12-2021 01:54:56.0710 AM
[ReportManager] API Action [GetResponseJSONValue] successfully performed. With the following test data [title]. @13-12-2021 01:54:56.0724 AM
[ReportManager] API Action [GetResponseJSONValue] successfully performed. With the following test data [title]. @13-12-2021 01:54:56.0739 AM
[ReportManager] API Action [GetResponseJSONValue] successfully performed. With the following test data [title]. @13-12-2021 01:54:56.0754 AM
[ReportManager] API Action [GetResponseJSONValue] successfully performed. With the following test data [title]. @13-12-2021 01:54:56.0769 AM
[ReportManager] API Action [GetResponseJSONValue] successfully performed. With the following test data [title]. @13-12-2021 01:54:56.0783 AM
[ReportManager] API Action [GetResponseJSONValue] successfully performed. With the following test data [title]. @13-12-2021 01:54:56.0798 AM
[ReportManager] API Action [GetResponseJSONValue] successfully performed. With the following test data [title]. @13-12-2021 01:54:56.0834 AM
[ReportManager] API Action [GetResponseJSONValue] successfully performed. With the following test data [title]. @13-12-2021 01:54:56.0848 AM
[ReportManager] API Action [GetResponseJSONValue] successfully performed. With the following test data [title]. @13-12-2021 01:54:56.0860 AM
[ReportManager] API Action [GetResponseJSONValue] successfully performed. With the following test data [title]. @13-12-2021 01:54:56.0874 AM
[ReportManager] API Action [GetResponseJSONValue] successfully performed. With the following test data [title]. @13-12-2021 01:54:56.0887 AM
[ReportManager] API Action [GetResponseJSONValue] successfully performed. With the following test data [title]. @13-12-2021 01:54:56.0902 AM
[ReportManager] API Action [GetResponseJSONValue] successfully performed. With the following test data [title]. @13-12-2021 01:54:56.0914 AM
[ReportManager] API Action [GetResponseJSONValue] successfully performed. With the following test data [title]. @13-12-2021 01:54:56.0928 AM
[ReportManager] API Action [GetResponseJSONValue] successfully performed. With the following test data [title]. @13-12-2021 01:54:56.0944 AM
[ReportManager] API Action [GetResponseJSONValue] successfully performed. With the following test data [title]. @13-12-2021 01:54:56.0959 AM
[ReportManager] API Action [GetResponseJSONValue] successfully performed. With the following test data [title]. @13-12-2021 01:54:56.0972 AM
[ReportManager] API Action [GetResponseJSONValue] successfully performed. With the following test data [title]. @13-12-2021 01:54:56.0987 AM
[ReportManager] API Action [GetResponseJSONValue] successfully performed. With the following test data [title]. @13-12-2021 01:54:57.0000 AM
[ReportManager] API Action [GetResponseJSONValue] successfully performed. With the following test data [title]. @13-12-2021 01:54:57.0014 AM
[ReportManager] API Action [GetResponseJSONValue] successfully performed. With the following test data [title]. @13-12-2021 01:54:57.0029 AM
[ReportManager] API Action [GetResponseJSONValue] successfully performed. With the following test data [title]. @13-12-2021 01:54:57.0046 AM
[ReportManager] API Action [GetResponseJSONValue] successfully performed. With the following test data [title]. @13-12-2021 01:54:57.0060 AM
[ReportManager] API Action [GetResponseJSONValue] successfully performed. With the following test data [title]. @13-12-2021 01:54:57.0073 AM
[ReportManager] API Action [GetResponseJSONValue] successfully performed. With the following test data [title]. @13-12-2021 01:54:57.0085 AM
[ReportManager] API Action [GetResponseJSONValue] successfully performed. With the following test data [title]. @13-12-2021 01:54:57.0098 AM
[ReportManager] API Action [GetResponseJSONValue] successfully performed. With the following test data [title]. @13-12-2021 01:54:57.0110 AM
[ReportManager] API Action [GetResponseJSONValue] successfully performed. With the following test data [title]. @13-12-2021 01:54:57.0123 AM
[ReportManager] API Action [GetResponseJSONValue] successfully performed. With the following test data [title]. @13-12-2021 01:54:57.0138 AM
[ReportManager] API Action [GetResponseJSONValue] successfully performed. With the following test data [title]. @13-12-2021 01:54:57.0152 AM
[ReportManager] API Action [GetResponseJSONValue] successfully performed. With the following test data [title]. @13-12-2021 01:54:57.0166 AM
[ReportManager] API Action [GetResponseJSONValue] successfully performed. With the following test data [title]. @13-12-2021 01:54:57.0179 AM
[ReportManager] API Action [GetResponseJSONValue] successfully performed. With the following test data [title]. @13-12-2021 01:54:57.0193 AM
[ReportManager] API Action [GetResponseJSONValue] successfully performed. With the following test data [title]. @13-12-2021 01:54:57.0206 AM
[ReportManager] API Action [GetResponseJSONValue] successfully performed. With the following test data [title]. @13-12-2021 01:54:57.0219 AM
[ReportManager] API Action [GetResponseJSONValue] successfully performed. With the following test data [title]. @13-12-2021 01:54:57.0232 AM
[ReportManager] API Action [GetResponseJSONValue] successfully performed. With the following test data [title]. @13-12-2021 01:54:57.0245 AM
[ReportManager] API Action [GetResponseJSONValue] successfully performed. With the following test data [title]. @13-12-2021 01:54:57.0257 AM
[ReportManager] API Action [GetResponseJSONValue] successfully performed. With the following test data [title]. @13-12-2021 01:54:57.0270 AM
[ReportManager] API Action [GetResponseJSONValue] successfully performed. With the following test data [title]. @13-12-2021 01:54:57.0283 AM
[ReportManager] API Action [GetResponseJSONValue] successfully performed. With the following test data [title]. @13-12-2021 01:54:57.0298 AM
[ReportManager] API Action [GetResponseJSONValue] successfully performed. With the following test data [title]. @13-12-2021 01:54:57.0309 AM
[ReportManager] API Action [GetResponseJSONValue] successfully performed. With the following test data [title]. @13-12-2021 01:54:57.0321 AM
[ReportManager] API Action [GetResponseJSONValue] successfully performed. With the following test data [title]. @13-12-2021 01:54:57.0333 AM
[ReportManager] API Action [GetResponseJSONValue] successfully performed. With the following test data [title]. @13-12-2021 01:54:57.0347 A

################################################################################################################################################
Starting Execution:	[68 out of 146] test cases in the current suite
Test Method:		[unitTests.tests_restActions.validateUserEmail]
################################################################################################################################################
[ReportManager] Response status code: [200], status line: [HTTP/1.1 200 OK] @13-12-2021 01:54:57.0419 AM
[ReportManager] Assertion Passed: Evaluating the actual response status code against the expected one... @13-12-2021 01:54:57.0419 AM
[ReportManager] Assertion [ValidateComparativeRelation] PASSED. Expected [200] and Actual [200]. Comparison Type [EQUALS]. Validation Type [POSITIVE]. @13-12-2021 01:54:57.0419 AM
[ReportManager] API Action [PerformRequest] successfully performed. With the following test data [Request Type: "GET" | Target Status Code: "200" | Service URL: "https://jsonplaceholder.typicode.com/users" | Content Type: "*/*" | Response Time: "61ms"]. @13-12-2021 01:54:57.0440 AM
[ReportManager] Successfully created attachment [API Request - Specifications] @13-12-2021 01:54:57.0441 AM
[ReportManager] Successfully created attachment [API Response - JSON Body] @13-12-2021 01:54:57.0442 AM
[ReportManager] Assertion [ValidateEquals] PASSED. Expected and Actual values are attached. Comparison Type [CONTAINS]. Validation Type [POSITIVE]. @13-12-2021 01:54:57.0443 AM
[ReportManager] Successfully created attachment [Validation Test Data - Expected Value] @13-12-2021 01:54:57.0443 AM
[ReportManager] Successfully created attachment [Validation Test Data - Actual Value] @13-12-2021 01:54:57.0444 AM
[ReportManager] API Action [GetResponseJSONValueAsList] successfully performed. With the following test data [$]. @13-12-2021 01:54:57.0449 AM
[ReportManager] API Action [GetResponseJSONValue] successfully performed. With the following test data [name]. @13-12-2021 01:54:57.0463 AM
[ReportManager] API Action [GetResponseJSONValue] successfully performed. With the following test data [email]. @13-12-2021 01:54:57.0475 AM
[ReportManager] Assertion [ValidateEquals] PASSED. Expected [Sincere@april.biz] and Actual [Sincere@april.biz]. Comparison Type [EQUALS]. Validation Type [POSITIVE]. @13-12-2021 01:54:57.0475 AM
[ReportManager] API Action [GetResponseJSONValue] successfully performed. With the following test data [name]. @13-12-2021 01:54:57.0489 AM
[ReportManager] API Action [GetResponseJSONValue] successfully performed. With the following test data [name]. @13-12-2021 01:54:57.0502 AM
[ReportManager] API Action [GetResponseJSONValue] successfully performed. With the following test data [name]. @13-12-2021 01:54:57.0522 AM
[ReportManager] API Action [GetResponseJSONValue] successfully performed. With the following test data [name]. @13-12-2021 01:54:57.0533 AM
[ReportManager] API Action [GetResponseJSONValue] successfully performed. With the following test data [name]. @13-12-2021 01:54:57.0544 AM
[ReportManager] API Action [GetResponseJSONValue] successfully performed. With the following test data [name]. @13-12-2021 01:54:57.0558 AM
[ReportManager] API Action [GetResponseJSONValue] successfully performed. With the following test data [name]. @13-12-2021 01:54:57.0568 AM
[ReportManager] API Action [GetResponseJSONValue] successfully performed. With the following test data [name]. @13-12-2021 01:54:57.0579 AM
[ReportManager] API Action [GetResponseJSONValue] successfully performed. With the following test data [name]. @13-12-2021 01:54:57.0590 A
[ReportManager] File Action [GetAbsolutePath] successfully performed. With the following test data [Relative Folder Path: "target/downloadedFiles/"]. @13-12-2021 01:54:57.0593 AM
[ReportManager] Attempting to run locally on: [Mac-64], [Safari], Headless Execution. @13-12-2021 01:54:57.0593 AM
[ReportManager] Successfully Opened Safari. @13-12-2021 01:54:58.0446 AM
[ReportManager] Initial window size: (800, 600) @13-12-2021 01:54:58.0462 AM
[ReportManager] Window size after SWD Maximize: (1176, 803) @13-12-2021 01:54:58.0491 AM
[ReportManager] Browser Action [MaximizeWindow] successfully performed. With the following test data [New screen size is now: (1176, 803)]. @13-12-2021 01:54:58.0492 A

################################################################################################################################################
Starting Execution:	[69 out of 146] test cases in the current suite
Test Method:		[testPackage01.Test_uploadFile.uploadFile_invisibleUploadInput]
################################################################################################################################################
[ReportManager] Target URL: [https://fineuploader.com/demos.html#gallery-view] @13-12-2021 01:54:58.0495 AM
[ReportManager] Initial URL: [] @13-12-2021 01:54:58.0574 AM
[ReportManager] Browser Action [NavigateToURL] successfully performed. With the following test data [https://fineuploader.com/demos.html#gallery-view]. @13-12-2021 01:55:00.0395 AM
[ReportManager] File Action [GetAbsolutePath] successfully performed. With the following test data [Relative File Path: "src/main/resources/images/shaft.png"]. @13-12-2021 01:55:00.0396 AM
[ReportManager] Successfully created attachment [File Action Actual Result - Command Log] @13-12-2021 01:55:00.0397 AM
[ReportManager] Element Action [TypeFileLocationForUpload] successfully performed. With the following test data [/Users/runner/work/SHAFT_ENGINE/SHAFT_ENGINE/src/main/resources/images/shaft.png]. @13-12-2021 01:55:00.0446 AM
[ReportManager] Attempting to getAttribute [src] from elementLocator [By.xpath: //div[@id='fine-uploader-gallery']//div[@class='qq-thumbnail-wrapper']/img]. @13-12-2021 01:55:00.0449 AM
[ReportManager] Element Action [GetAttribute] successfully performed. @13-12-2021 01:55:00.0569 AM
[ReportManager] Successfully created attachment [Element Action Test Data - GetAttribute - Actual Value] @13-12-2021 01:55:00.0573 AM
[ReportManager] Loaded Shared OpenCV @13-12-2021 01:55:00.0716 AM
[ReportManager] Assertion Passed: Then I Assert that the element found by [By.xpath: //div[@id='fine-uploader-gallery']//div[@class='qq-thumbnail-wrapper']/img] attribute [src] contains [data:image/png;base64]. @13-12-2021 01:55:00.0853 AM
[ReportManager] Successfully created attachment [Validation Test Data - Expected Value] @13-12-2021 01:55:00.0854 AM
[ReportManager] Successfully created attachment [Validation Test Data - Actual Value] @13-12-2021 01:55:00.0854 AM
[ReportManager] Successfully created attachment [Screenshot - 1639360500715_uploadFile_invisibleUploadInput_ValidateElementAttribute_passed] @13-12-2021 01:55:00.0856 AM
[ReportManager] Assertion [ValidateElementAttribute] PASSED. Expected and Actual values are attached. Comparison Type [CONTAINS]. Validation Type [POSITIVE]. @13-12-2021 01:55:00.0856 A
[ReportManager] Browser Action [CloseCurrentWindow] successfully performed. @13-12-2021 01:55:01.0179 AM
[ReportManager] Successfully created attachment [Browser Action Test Data - CloseCurrentWindow - Actual Value] @13-12-2021 01:55:01.0180 A
[ReportManager] File Action [GetAbsolutePath] successfully performed. With the following test data [Relative Folder Path: "target/downloadedFiles/"]. @13-12-2021 01:55:01.0184 AM
[ReportManager] Attempting to run locally on: [Mac-64], [Safari], Headless Execution. @13-12-2021 01:55:01.0184 AM
[ReportManager] Successfully Opened Safari. @13-12-2021 01:55:02.0060 AM
[ReportManager] Initial window size: (800, 600) @13-12-2021 01:55:02.0096 AM
[ReportManager] Window size after SWD Maximize: (1176, 803) @13-12-2021 01:55:02.0134 AM
[ReportManager] Browser Action [MaximizeWindow] successfully performed. With the following test data [New screen size is now: (1176, 803)]. @13-12-2021 01:55:02.0134 A

################################################################################################################################################
Starting Execution:	[70 out of 146] test cases in the current suite
Test Method:		[testPackage01.Test_uploadFile.uploadFile_visibleUploadInput]
################################################################################################################################################
[ReportManager] Target URL: [http://demo.guru99.com/test/upload/] @13-12-2021 01:55:02.0149 AM
[ReportManager] Initial URL: [] @13-12-2021 01:55:02.0214 AM
[ReportManager] Browser Action [NavigateToURL] successfully performed. With the following test data [http://demo.guru99.com/test/upload/]. @13-12-2021 01:55:04.0656 AM
[ReportManager] File Action [GetAbsolutePath] successfully performed. With the following test data [Relative Folder Path: "src/main/resources/images/shaft.png"]. @13-12-2021 01:55:04.0656 AM
[ReportManager] Element Action [TypeFileLocationForUpload] successfully performed. With the following test data [/Users/runner/work/SHAFT_ENGINE/SHAFT_ENGINE/src/main/resources/images/shaft.png]. @13-12-2021 01:55:04.0718 AM
[ReportManager] Element Action [Click] successfully performed. With the following test data [By.id: terms]. @13-12-2021 01:55:04.0937 AM
[ReportManager] Element Action [Click] successfully performed. With the following test data [By.id: submitbutton]. @13-12-2021 01:55:05.0153 AM
[ReportManager] Element Action [GetText] successfully performed. With the following test data [1 file has been successfully uploaded.]. @13-12-2021 01:55:05.0868 AM
[ReportManager] Loaded Shared OpenCV @13-12-2021 01:55:05.0931 AM
[ReportManager] Assertion Passed: Then I Assert that the element found by [By.id: res] attribute [Text] contains [1 file]. @13-12-2021 01:55:06.0018 AM
[ReportManager] Successfully created attachment [Screenshot - 1639360505931_uploadFile_visibleUploadInput_ValidateElementAttribute_passed] @13-12-2021 01:55:06.0019 AM
[ReportManager] Assertion [ValidateElementAttribute] PASSED. Expected [Value Should be '1 file' for the 'Text' attribute, element locator 'By.id: res'] and Actual [1 file has been successfully uploaded.]. Comparison Type [CONTAINS]. Validation Type [POSITIVE]. @13-12-2021 01:55:06.0019 A
[ReportManager] Browser Action [CloseCurrentWindow] successfully performed. @13-12-2021 01:55:06.0356 AM
[ReportManager] Successfully created attachment [Browser Action Test Data - CloseCurrentWindow - Actual Value] @13-12-2021 01:55:06.0357 A

################################################################################################################################################
Starting Execution:	[71 out of 146] test cases in the current suite
Test Method:		[testPackage01.Test_AssertApiResponseEquals.assertApiResponseEquals_expectedToPass]
################################################################################################################################################
[ReportManager] Response status code: [200], status line: [HTTP/1.1 200 OK] @13-12-2021 01:55:06.0447 AM
[ReportManager] Assertion Passed: Evaluating the actual response status code against the expected one... @13-12-2021 01:55:06.0448 AM
[ReportManager] Assertion [ValidateComparativeRelation] PASSED. Expected [200] and Actual [200]. Comparison Type [EQUALS]. Validation Type [POSITIVE]. @13-12-2021 01:55:06.0448 AM
[ReportManager] API Action [PerformRequest] successfully performed. With the following test data [Request Type: "GET" | Target Status Code: "200" | Service URL: "https://jsonplaceholder.typicode.com/users" | Content Type: "*/*" | Response Time: "81ms"]. @13-12-2021 01:55:06.0477 AM
[ReportManager] Successfully created attachment [API Request - Specifications] @13-12-2021 01:55:06.0478 AM
[ReportManager] Successfully created attachment [API Response - JSON Body] @13-12-2021 01:55:06.0479 AM
[ReportManager] API Action [GetResponseJSONValueAsList] successfully performed. With the following test data [$]. @13-12-2021 01:55:06.0487 AM
[ReportManager] API Action [GetResponseJSONValue] successfully performed. With the following test data [name]. @13-12-2021 01:55:06.0502 AM
[ReportManager] API Action [GetResponseJSONValue] successfully performed. With the following test data [email]. @13-12-2021 01:55:06.0521 AM
[ReportManager] Verification [ValidateEquals] PASSED. Expected [Sincere@april.biz] and Actual [Sincere@april.biz]. Comparison Type [EQUALS]. Validation Type [POSITIVE]. @13-12-2021 01:55:06.0521 AM
[ReportManager] API Action [GetResponseJSONValue] successfully performed. With the following test data [username]. @13-12-2021 01:55:06.0536 AM
[ReportManager] Assertion [ValidateEquals] PASSED. Expected [Bret] and Actual [Bret]. Comparison Type [EQUALS]. Validation Type [POSITIVE]. @13-12-2021 01:55:06.0536 AM
[ReportManager] API Action [GetResponseJSONValue] successfully performed. With the following test data [name]. @13-12-2021 01:55:06.0552 AM
[ReportManager] API Action [GetResponseJSONValue] successfully performed. With the following test data [name]. @13-12-2021 01:55:06.0581 AM
[ReportManager] API Action [GetResponseJSONValue] successfully performed. With the following test data [name]. @13-12-2021 01:55:06.0594 AM
[ReportManager] API Action [GetResponseJSONValue] successfully performed. With the following test data [name]. @13-12-2021 01:55:06.0611 AM
[ReportManager] API Action [GetResponseJSONValue] successfully performed. With the following test data [name]. @13-12-2021 01:55:06.0658 AM
[ReportManager] API Action [GetResponseJSONValue] successfully performed. With the following test data [name]. @13-12-2021 01:55:06.0701 AM
[ReportManager] API Action [GetResponseJSONValue] successfully performed. With the following test data [name]. @13-12-2021 01:55:06.0725 AM
[ReportManager] API Action [GetResponseJSONValue] successfully performed. With the following test data [name]. @13-12-2021 01:55:06.0750 AM
[ReportManager] API Action [GetResponseJSONValue] successfully performed. With the following test data [name]. @13-12-2021 01:55:06.0767 A

################################################################################################################################################
Starting Execution:	[72 out of 146] test cases in the current suite
Test Method:		[testPackage01.Test_testData.f]
################################################################################################################################################
[ReportManager] Successfully loaded the following test data file [src/test/resources/testDataFiles/testSuite01/TestData.xlsx]. @13-12-2021 01:55:06.0864 AM
[ReportManager] Successfully created attachment [Test Data - Excel] @13-12-2021 01:55:06.0865 AM
[ReportManager] Last Column Number is: [3]. Zero-based. @13-12-2021 01:55:06.0866 A

################################################################################################################################################
Starting Execution:	[73 out of 146] test cases in the current suite
Test Method:		[testPackage01.Test_PDF.testPDF1]
################################################################################################################################################
[ReportManager] File Action [DoesFileExist] successfully performed. With the following test data [File Path: "src/test/resources/testDataFiles/sample.pdf"]. @13-12-2021 01:55:06.0885 AM
[ReportManager] File Action [GetAbsolutePath] successfully performed. With the following test data [Relative Folder Path: "src/test/resources/testDataFiles/sample.pdf"]. @13-12-2021 01:55:06.0886 AM
[ReportManager] Assertion Passed: Checking to see that the pdf file contains [A Simple PDF File] @13-12-2021 01:55:11.0722 AM
[ReportManager] Successfully created attachment [Validation Test Data - Expected Value] @13-12-2021 01:55:11.0723 AM
[ReportManager] Successfully created attachment [Validation Test Data - Actual Value] @13-12-2021 01:55:11.0724 AM
[ReportManager] Assertion [ValidateEquals] PASSED. Expected and Actual values are attached. Comparison Type [CONTAINS]. Validation Type [POSITIVE]. @13-12-2021 01:55:11.0724 A

################################################################################################################################################
Starting Execution:	[74 out of 146] test cases in the current suite
Test Method:		[testPackage01.Test_PDF.testPDF2]
################################################################################################################################################
[ReportManager] File Action [DoesFileExist] successfully performed. With the following test data [File Path: "src/test/resources/testDataFiles/sample.pdf"]. @13-12-2021 01:55:11.0735 AM
[ReportManager] File Action [GetAbsolutePath] successfully performed. With the following test data [Relative Folder Path: "src/test/resources/testDataFiles/sample.pdf"]. @13-12-2021 01:55:11.0735 AM
[ReportManager] Assertion Passed: Checking to see that the pdf file contains [A Simple PDF File] @13-12-2021 01:55:11.0755 AM
[ReportManager] Successfully created attachment [Validation Test Data - Expected Value] @13-12-2021 01:55:11.0756 AM
[ReportManager] Successfully created attachment [Validation Test Data - Actual Value] @13-12-2021 01:55:11.0756 AM
[ReportManager] Assertion [ValidateEquals] PASSED. Expected and Actual values are attached. Comparison Type [CONTAINS]. Validation Type [POSITIVE]. @13-12-2021 01:55:11.0756 A
[ReportManager] File Action [GetAbsolutePath] successfully performed. With the following test data [Relative Folder Path: "target/downloadedFiles/"]. @13-12-2021 01:55:11.0760 AM
[ReportManager] Attempting to run locally on: [Mac-64], [Safari], Headless Execution. @13-12-2021 01:55:11.0760 AM
[ReportManager] Successfully Opened Safari. @13-12-2021 01:55:12.0600 AM
[ReportManager] Initial window size: (800, 600) @13-12-2021 01:55:12.0620 AM
[ReportManager] Window size after SWD Maximize: (1176, 803) @13-12-2021 01:55:12.0634 AM
[ReportManager] Browser Action [MaximizeWindow] successfully performed. With the following test data [New screen size is now: (1176, 803)]. @13-12-2021 01:55:12.0634 A

################################################################################################################################################
Starting Execution:	[75 out of 146] test cases in the current suite
Test Method:		[testPackage01.Test_ShadowDOM.shadowdom]
################################################################################################################################################
[ReportManager] Target URL: [https://mdn.github.io/web-components-examples/popup-info-box-web-component/] @13-12-2021 01:55:12.0638 AM
[ReportManager] Initial URL: [] @13-12-2021 01:55:12.0697 AM
[ReportManager] Browser Action [NavigateToURL] successfully performed. With the following test data [https://mdn.github.io/web-components-examples/popup-info-box-web-component/]. @13-12-2021 01:55:13.0141 AM
[ReportManager] Element Action [Type] successfully performed. With the following test data [Typing into SHADOW DOM...]. @13-12-2021 01:55:14.0209 AM
[ReportManager] Element Action [GetText] successfully performed. With the following test data [Typing into SHADOW DOM...]. @13-12-2021 01:55:14.0431 AM
[ReportManager] Loaded Shared OpenCV @13-12-2021 01:55:14.0488 AM
[ReportManager] Assertion [ValidateElementAttribute] PASSED. Expected [Value Should be 'Typing into SHADOW DOM...' for the 'Text' attribute, element locator 'By.id: cvc'] and Actual [Typing into SHADOW DOM...]. Comparison Type [EQUALS]. Validation Type [POSITIVE]. @13-12-2021 01:55:14.0657 AM
[ReportManager] Successfully created attachment [Screenshot - 1639360514488_shadowdom_ValidateElementAttribute_passed] @13-12-2021 01:55:14.0739 A
[ReportManager] Browser Action [CloseCurrentWindow] successfully performed. @13-12-2021 01:55:15.0020 AM
[ReportManager] Successfully created attachment [Browser Action Test Data - CloseCurrentWindow - Actual Value] @13-12-2021 01:55:15.0021 A
[ReportManager] File Action [GetAbsolutePath] successfully performed. With the following test data [Relative Folder Path: "target/downloadedFiles/"]. @13-12-2021 01:55:15.0022 AM
[ReportManager] Attempting to run locally on: [Mac-64], [Safari], Headless Execution. @13-12-2021 01:55:15.0023 AM
[ReportManager] Successfully Opened Safari. @13-12-2021 01:55:16.0037 AM
[ReportManager] Initial window size: (800, 600) @13-12-2021 01:55:16.0057 AM
[ReportManager] Window size after SWD Maximize: (1176, 803) @13-12-2021 01:55:16.0097 AM
[ReportManager] Browser Action [MaximizeWindow] successfully performed. With the following test data [New screen size is now: (1176, 803)]. @13-12-2021 01:55:16.0097 A

################################################################################################################################################
Starting Execution:	[76 out of 146] test cases in the current suite
Test Method:		[testPackage01.Test_clipboardActions.typeTextAndCopyPaste]
################################################################################################################################################
[ReportManager] Target URL: [https://www.google.com/ncr], and after redirection: [https://www.google.com] @13-12-2021 01:55:16.0119 AM
[ReportManager] Initial URL: [] @13-12-2021 01:55:16.0161 AM
[ReportManager] Browser Action [NavigateToURL] successfully performed. With the following test data [https://www.google.com/ncr]. @13-12-2021 01:55:18.0556 AM
[ReportManager] Element Action [Type] successfully performed. With the following test data [FIRST]. @13-12-2021 01:55:18.0996 A
[ReportManager] Browser Action [CloseCurrentWindow] successfully performed. @13-12-2021 01:55:19.0884 AM
[ReportManager] Successfully created attachment [Browser Action Test Data - CloseCurrentWindow - Actual Value] @13-12-2021 01:55:19.0930 A

################################################################################################################################################
Starting Execution:	[77 out of 146] test cases in the current suite
Test Method:		[testPackage01.Test_NewValidationHelper.f1]
################################################################################################################################################
[ReportManager] Assertion Passed: Checking valid user data @13-12-2021 01:55:20.0018 AM
[ReportManager] Successfully created attachment [Validation Test Data - Expected Value] @13-12-2021 01:55:20.0019 AM
[ReportManager] Successfully created attachment [Validation Test Data - Actual Value] @13-12-2021 01:55:20.0019 AM
[ReportManager] Assertion [ValidateEquals] PASSED. Expected and Actual values are attached. Comparison Type [EQUALS]. Validation Type [POSITIVE]. @13-12-2021 01:55:20.0019 A
[ReportManager] File Action [GetAbsolutePath] successfully performed. With the following test data [Relative Folder Path: "target/downloadedFiles/"]. @13-12-2021 01:55:20.0024 AM
[ReportManager] Attempting to run locally on: [Mac-64], [Safari], Headless Execution. @13-12-2021 01:55:20.0024 AM
[ReportManager] Successfully Opened Safari. @13-12-2021 01:55:20.0953 AM
[ReportManager] Initial window size: (800, 600) @13-12-2021 01:55:20.0984 AM
[ReportManager] Window size after SWD Maximize: (1176, 803) @13-12-2021 01:55:21.0030 AM
[ReportManager] Browser Action [MaximizeWindow] successfully performed. With the following test data [New screen size is now: (1176, 803)]. @13-12-2021 01:55:21.0030 AM
[ReportManager] Target URL: [https://the-internet.herokuapp.com/] @13-12-2021 01:55:21.0030 AM
[ReportManager] Initial URL: [] @13-12-2021 01:55:21.0087 AM
[ReportManager] Browser Action [NavigateToURL] successfully performed. With the following test data [https://the-internet.herokuapp.com/]. @13-12-2021 01:55:22.0486 A

################################################################################################################################################
Starting Execution:	[78 out of 146] test cases in the current suite
Test Method:		[testPackage01.Test_NewValidationHelper.f10]
################################################################################################################################################
[ReportManager] Loaded Shared OpenCV @13-12-2021 01:55:22.0641 AM
[ReportManager] Assertion [ValidateElementExists] FAILED. Expected [Element Should Exist, locator 'By.tagName: div'] and Actual [Element Exists but is not unique]. Comparison Type [EQUALS]. Validation Type [POSITIVE]. @13-12-2021 01:55:22.0839 AM
[ReportManager] Successfully created attachment [Screenshot - 1639360522641_f10_ValidateElementExists_failed] @13-12-2021 01:55:22.0921 A
[ReportManager] Successfully Closed All Drivers. @13-12-2021 01:55:23.0180 A
[ReportManager] File Action [GetAbsolutePath] successfully performed. With the following test data [Relative Folder Path: "target/downloadedFiles/"]. @13-12-2021 01:55:23.0304 AM
[ReportManager] Attempting to run locally on: [Mac-64], [Safari], Headless Execution. @13-12-2021 01:55:23.0304 AM
[ReportManager] Successfully Opened Safari. @13-12-2021 01:55:24.0197 AM
[ReportManager] Initial window size: (800, 600) @13-12-2021 01:55:24.0219 AM
[ReportManager] Window size after SWD Maximize: (1176, 803) @13-12-2021 01:55:24.0239 AM
[ReportManager] Browser Action [MaximizeWindow] successfully performed. With the following test data [New screen size is now: (1176, 803)]. @13-12-2021 01:55:24.0240 AM
[ReportManager] Target URL: [https://the-internet.herokuapp.com/] @13-12-2021 01:55:24.0240 AM
[ReportManager] Initial URL: [] @13-12-2021 01:55:24.0310 AM
[ReportManager] Browser Action [NavigateToURL] successfully performed. With the following test data [https://the-internet.herokuapp.com/]. @13-12-2021 01:55:25.0854 A

################################################################################################################################################
Starting Execution:	[79 out of 146] test cases in the current suite
Test Method:		[testPackage01.Test_NewValidationHelper.f11]
################################################################################################################################################
[ReportManager] org.openqa.selenium.TimeoutException:
Expected condition failed: waiting for com.shaft.gui.element.ElementActionsHelper$$Lambda$625/0x00000008011391e0@239fd5ef (tried for 5 second(s) with 1000 milliseconds interval)
org.openqa.selenium.support.ui.FluentWait.timeoutException(FluentWait.java:263)
org.openqa.selenium.support.ui.FluentWait.until(FluentWait.java:231)
com.shaft.gui.element.ElementActionsHelper.waitForElementPresence(ElementActionsHelper.java:63)
com.shaft.gui.element.ElementActionsHelper.waitForElementPresence(ElementActionsHelper.java:37)
com.shaft.gui.element.WebDriverElementActions.getMatchingElementsCount(WebDriverElementActions.java:1468)
com.shaft.gui.element.WebDriverElementActions.getElementsCount(WebDriverElementActions.java:559)
com.shaft.gui.element.ElementActions.getElementsCount(ElementActions.java:261)
com.shaft.validation.ValidationsHelper.validateElementExists(ValidationsHelper.java:149)
com.shaft.validation.Assertions.assertElementExists(Assertions.java:118)
testPackage01.Test_NewValidationHelper.f11(Test_NewValidationHelper.java:137)
java.base/jdk.internal.reflect.NativeMethodAccessorImpl.invoke0(Native Method)
java.base/jdk.internal.reflect.NativeMethodAccessorImpl.invoke(NativeMethodAccessorImpl.java:77)
java.base/jdk.internal.reflect.DelegatingMethodAccessorImpl.invoke(DelegatingMethodAccessorImpl.java:43)
java.base/java.lang.reflect.Method.invoke(Method.java:568)
org.testng.internal.MethodInvocationHelper.invokeMethod(MethodInvocationHelper.java:133)
org.testng.internal.TestInvoker.invokeMethod(TestInvoker.java:598)
org.testng.internal.TestInvoker.invokeTestMethod(TestInvoker.java:173)
org.testng.internal.MethodRunner.runInSequence(MethodRunner.java:46)
org.testng.internal.TestInvoker$MethodInvocationAgent.invoke(TestInvoker.java:824)
org.testng.internal.TestInvoker.invokeTestMethods(TestInvoker.java:146)
org.testng.internal.TestMethodWorker.invokeTestMethods(TestMethodWorker.java:146)
org.testng.internal.TestMethodWorker.run(TestMethodWorker.java:128)
java.base/java.util.ArrayList.forEach(ArrayList.java:1511)
org.testng.TestRunner.privateRun(TestRunner.java:794)
org.testng.TestRunner.run(TestRunner.java:596)
org.testng.SuiteRunner.runTest(SuiteRunner.java:377)
org.testng.SuiteRunner.runSequentially(SuiteRunner.java:371)
org.testng.SuiteRunner.privateRun(SuiteRunner.java:332)
org.testng.SuiteRunner.run(SuiteRunner.java:276)
org.testng.SuiteRunnerWorker.runSuite(SuiteRunnerWorker.java:53)
org.testng.SuiteRunnerWorker.run(SuiteRunnerWorker.java:96)
org.testng.TestNG.runSuitesSequentially(TestNG.java:1212)
org.testng.TestNG.runSuitesLocally(TestNG.java:1134)
org.testng.TestNG.runSuites(TestNG.java:1063)
org.testng.TestNG.run(TestNG.java:1031)
org.apache.maven.surefire.testng.TestNGExecutor.run(TestNGExecutor.java:136)
org.apache.maven.surefire.testng.TestNGDirectoryTestSuite.executeMulti(TestNGDirectoryTestSuite.java:193)
org.apache.maven.surefire.testng.TestNGDirectoryTestSuite.execute(TestNGDirectoryTestSuite.java:94)
org.apache.maven.surefire.testng.TestNGProvider.invoke(TestNGProvider.java:145)
org.apache.maven.surefire.booter.ForkedBooter.runSuitesInProcess(ForkedBooter.java:428)
org.apache.maven.surefire.booter.ForkedBooter.execute(ForkedBooter.java:162)
org.apache.maven.surefire.booter.ForkedBooter.run(ForkedBooter.java:562)
org.apache.maven.surefire.booter.ForkedBooter.main(ForkedBooter.java:548)

Caused by: org.openqa.selenium.NoSuchElementException:
For documentation on this error, please visit: https://selenium.dev/exceptions/#no_such_element
Build info: version: '4.1.0', revision: '87802e897b'
System info: host: 'Mac-1639360221010.local', ip: '10.212.11.27', os.name: 'Mac OS X', os.arch: 'x86_64', os.version: '11.5', java.version: '17.0.1'
Driver info: org.openqa.selenium.safari.SafariDriver
Command: [A99806A8-185E-4AA1-A953-214BE3D14ED2, findElement {using=tag name, value=h3}]
Capabilities {acceptInsecureCerts: false, browserName: Safari, browserVersion: 15.1, goog:loggingPrefs: {browser: ALL, client: ALL, driver: ALL, performance: ALL, profiler: ALL, server: ALL}, javascriptEnabled: true, pageLoadStrategy: normal, platform: MAC, platformName: MAC, safari:automaticInspection: false, safari:automaticProfiling: false, safari:diagnose: false, safari:platformBuildVersion: 20G224, safari:platformVersion: 11.6.1, safari:useSimulator: false, setWindowRect: true, strictFileInteractability: false, timeouts: {pageLoad: 30000, script: 30000}, webkit:WebRTC: {DisableICECandidateFiltering: false, DisableInsecureMediaCapture: false}}
Session ID: A99806A8-185E-4AA1-A953-214BE3D14ED2
jdk.internal.reflect.GeneratedConstructorAccessor70.newInstance(Unknown Source)
java.base/jdk.internal.reflect.DelegatingConstructorAccessorImpl.newInstance(DelegatingConstructorAccessorImpl.java:45)
java.base/java.lang.reflect.Constructor.newInstanceWithCaller(Constructor.java:499)
java.base/java.lang.reflect.Constructor.newInstance(Constructor.java:480)
org.openqa.selenium.remote.codec.w3c.W3CHttpResponseCodec.createException(W3CHttpResponseCodec.java:200)
org.openqa.selenium.remote.codec.w3c.W3CHttpResponseCodec.decode(W3CHttpResponseCodec.java:133)
org.openqa.selenium.remote.codec.w3c.W3CHttpResponseCodec.decode(W3CHttpResponseCodec.java:53)
org.openqa.selenium.remote.HttpCommandExecutor.execute(HttpCommandExecutor.java:184)
org.openqa.selenium.remote.service.DriverCommandExecutor.invokeExecute(DriverCommandExecutor.java:164)
org.openqa.selenium.remote.service.DriverCommandExecutor.execute(DriverCommandExecutor.java:139)
org.openqa.selenium.remote.RemoteWebDriver.execute(RemoteWebDriver.java:559)
org.openqa.selenium.remote.ElementLocation$ElementFinder$2.findElement(ElementLocation.java:162)
org.openqa.selenium.remote.ElementLocation.findElement(ElementLocation.java:60)
org.openqa.selenium.remote.RemoteWebDriver.findElement(RemoteWebDriver.java:383)
org.openqa.selenium.remote.RemoteWebDriver.findElement(RemoteWebDriver.java:375)
com.shaft.gui.element.ElementActionsHelper.lambda$waitForElementPresence$0(ElementActionsHelper.java:66)
org.openqa.selenium.support.ui.FluentWait.until(FluentWait.java:208)
com.shaft.gui.element.ElementActionsHelper.waitForElementPresence(ElementActionsHelper.java:63)
com.shaft.gui.element.ElementActionsHelper.waitForElementPresence(ElementActionsHelper.java:37)
com.shaft.gui.element.WebDriverElementActions.getMatchingElementsCount(WebDriverElementActions.java:1468)
com.shaft.gui.element.WebDriverElementActions.getElementsCount(WebDriverElementActions.java:559)
com.shaft.gui.element.ElementActions.getElementsCount(ElementActions.java:261)
com.shaft.validation.ValidationsHelper.validateElementExists(ValidationsHelper.java:149)
com.shaft.validation.Assertions.assertElementExists(Assertions.java:118)
testPackage01.Test_NewValidationHelper.f11(Test_NewValidationHelper.java:137)
java.base/jdk.internal.reflect.NativeMethodAccessorImpl.invoke0(Native Method)
java.base/jdk.internal.reflect.NativeMethodAccessorImpl.invoke(NativeMethodAccessorImpl.java:77)
java.base/jdk.internal.reflect.DelegatingMethodAccessorImpl.invoke(DelegatingMethodAccessorImpl.java:43)
java.base/java.lang.reflect.Method.invoke(Method.java:568)
org.testng.internal.MethodInvocationHelper.invokeMethod(MethodInvocationHelper.java:133)
org.testng.internal.TestInvoker.invokeMethod(TestInvoker.java:598)
org.testng.internal.TestInvoker.invokeTestMethod(TestInvoker.java:173)
org.testng.internal.MethodRunner.runInSequence(MethodRunner.java:46)
org.testng.internal.TestInvoker$MethodInvocationAgent.invoke(TestInvoker.java:824)
org.testng.internal.TestInvoker.invokeTestMethods(TestInvoker.java:146)
org.testng.internal.TestMethodWorker.invokeTestMethods(TestMethodWorker.java:146)
org.testng.internal.TestMethodWorker.run(TestMethodWorker.java:128)
java.base/java.util.ArrayList.forEach(ArrayList.java:1511)
org.testng.TestRunner.privateRun(TestRunner.java:794)
org.testng.TestRunner.run(TestRunner.java:596)
org.testng.SuiteRunner.runTest(SuiteRunner.java:377)
org.testng.SuiteRunner.runSequentially(SuiteRunner.java:371)
org.testng.SuiteRunner.privateRun(SuiteRunner.java:332)
org.testng.SuiteRunner.run(SuiteRunner.java:276)
org.testng.SuiteRunnerWorker.runSuite(SuiteRunnerWorker.java:53)
org.testng.SuiteRunnerWorker.run(SuiteRunnerWorker.java:96)
org.testng.TestNG.runSuitesSequentially(TestNG.java:1212)
org.testng.TestNG.runSuitesLocally(TestNG.java:1134)
org.testng.TestNG.runSuites(TestNG.java:1063)
org.testng.TestNG.run(TestNG.java:1031)
org.apache.maven.surefire.testng.TestNGExecutor.run(TestNGExecutor.java:136)
org.apache.maven.surefire.testng.TestNGDirectoryTestSuite.executeMulti(TestNGDirectoryTestSuite.java:193)
org.apache.maven.surefire.testng.TestNGDirectoryTestSuite.execute(TestNGDirectoryTestSuite.java:94)
org.apache.maven.surefire.testng.TestNGProvider.invoke(TestNGProvider.java:145)
org.apache.maven.surefire.booter.ForkedBooter.runSuitesInProcess(ForkedBooter.java:428)
org.apache.maven.surefire.booter.ForkedBooter.execute(ForkedBooter.java:162)
org.apache.maven.surefire.booter.ForkedBooter.run(ForkedBooter.java:562)
org.apache.maven.surefire.booter.ForkedBooter.main(ForkedBooter.java:548) @13-12-2021 01:55:31.0140 AM
[ReportManager] org.openqa.selenium.TimeoutException:
Expected condition failed: waiting for com.shaft.gui.element.ElementActionsHelper$$Lambda$625/0x00000008011391e0@79955687 (tried for 5 second(s) with 1000 milliseconds interval)
org.openqa.selenium.support.ui.FluentWait.timeoutException(FluentWait.java:263)
org.openqa.selenium.support.ui.FluentWait.until(FluentWait.java:231)
com.shaft.gui.element.ElementActionsHelper.waitForElementPresence(ElementActionsHelper.java:63)
com.shaft.gui.element.ElementActionsHelper.waitForElementPresence(ElementActionsHelper.java:37)
com.shaft.gui.element.WebDriverElementActions.getMatchingElementsCount(WebDriverElementActions.java:1468)
com.shaft.gui.element.WebDriverElementActions.getElementsCount(WebDriverElementActions.java:559)
com.shaft.gui.element.ElementActions.getElementsCount(ElementActions.java:261)
com.shaft.gui.image.ScreenshotManager.internalCaptureScreenShot(ScreenshotManager.java:394)
com.shaft.gui.image.ScreenshotManager.captureScreenShot(ScreenshotManager.java:141)
com.shaft.validation.ValidationsHelper.reportValidationState(ValidationsHelper.java:823)
com.shaft.validation.ValidationsHelper.pass(ValidationsHelper.java:564)
com.shaft.validation.ValidationsHelper.validateElementExists(ValidationsHelper.java:166)
com.shaft.validation.Assertions.assertElementExists(Assertions.java:118)
testPackage01.Test_NewValidationHelper.f11(Test_NewValidationHelper.java:137)
java.base/jdk.internal.reflect.NativeMethodAccessorImpl.invoke0(Native Method)
java.base/jdk.internal.reflect.NativeMethodAccessorImpl.invoke(NativeMethodAccessorImpl.java:77)
java.base/jdk.internal.reflect.DelegatingMethodAccessorImpl.invoke(DelegatingMethodAccessorImpl.java:43)
java.base/java.lang.reflect.Method.invoke(Method.java:568)
org.testng.internal.MethodInvocationHelper.invokeMethod(MethodInvocationHelper.java:133)
org.testng.internal.TestInvoker.invokeMethod(TestInvoker.java:598)
org.testng.internal.TestInvoker.invokeTestMethod(TestInvoker.java:173)
org.testng.internal.MethodRunner.runInSequence(MethodRunner.java:46)
org.testng.internal.TestInvoker$MethodInvocationAgent.invoke(TestInvoker.java:824)
org.testng.internal.TestInvoker.invokeTestMethods(TestInvoker.java:146)
org.testng.internal.TestMethodWorker.invokeTestMethods(TestMethodWorker.java:146)
org.testng.internal.TestMethodWorker.run(TestMethodWorker.java:128)
java.base/java.util.ArrayList.forEach(ArrayList.java:1511)
org.testng.TestRunner.privateRun(TestRunner.java:794)
org.testng.TestRunner.run(TestRunner.java:596)
org.testng.SuiteRunner.runTest(SuiteRunner.java:377)
org.testng.SuiteRunner.runSequentially(SuiteRunner.java:371)
org.testng.SuiteRunner.privateRun(SuiteRunner.java:332)
org.testng.SuiteRunner.run(SuiteRunner.java:276)
org.testng.SuiteRunnerWorker.runSuite(SuiteRunnerWorker.java:53)
org.testng.SuiteRunnerWorker.run(SuiteRunnerWorker.java:96)
org.testng.TestNG.runSuitesSequentially(TestNG.java:1212)
org.testng.TestNG.runSuitesLocally(TestNG.java:1134)
org.testng.TestNG.runSuites(TestNG.java:1063)
org.testng.TestNG.run(TestNG.java:1031)
org.apache.maven.surefire.testng.TestNGExecutor.run(TestNGExecutor.java:136)
org.apache.maven.surefire.testng.TestNGDirectoryTestSuite.executeMulti(TestNGDirectoryTestSuite.java:193)
org.apache.maven.surefire.testng.TestNGDirectoryTestSuite.execute(TestNGDirectoryTestSuite.java:94)
org.apache.maven.surefire.testng.TestNGProvider.invoke(TestNGProvider.java:145)
org.apache.maven.surefire.booter.ForkedBooter.runSuitesInProcess(ForkedBooter.java:428)
org.apache.maven.surefire.booter.ForkedBooter.execute(ForkedBooter.java:162)
org.apache.maven.surefire.booter.ForkedBooter.run(ForkedBooter.java:562)
org.apache.maven.surefire.booter.ForkedBooter.main(ForkedBooter.java:548)

Caused by: org.openqa.selenium.NoSuchElementException:
For documentation on this error, please visit: https://selenium.dev/exceptions/#no_such_element
Build info: version: '4.1.0', revision: '87802e897b'
System info: host: 'Mac-1639360221010.local', ip: '10.212.11.27', os.name: 'Mac OS X', os.arch: 'x86_64', os.version: '11.5', java.version: '17.0.1'
Driver info: org.openqa.selenium.safari.SafariDriver
Command: [A99806A8-185E-4AA1-A953-214BE3D14ED2, findElement {using=tag name, value=h3}]
Capabilities {acceptInsecureCerts: false, browserName: Safari, browserVersion: 15.1, goog:loggingPrefs: {browser: ALL, client: ALL, driver: ALL, performance: ALL, profiler: ALL, server: ALL}, javascriptEnabled: true, pageLoadStrategy: normal, platform: MAC, platformName: MAC, safari:automaticInspection: false, safari:automaticProfiling: false, safari:diagnose: false, safari:platformBuildVersion: 20G224, safari:platformVersion: 11.6.1, safari:useSimulator: false, setWindowRect: true, strictFileInteractability: false, timeouts: {pageLoad: 30000, script: 30000}, webkit:WebRTC: {DisableICECandidateFiltering: false, DisableInsecureMediaCapture: false}}
Session ID: A99806A8-185E-4AA1-A953-214BE3D14ED2
jdk.internal.reflect.GeneratedConstructorAccessor70.newInstance(Unknown Source)
java.base/jdk.internal.reflect.DelegatingConstructorAccessorImpl.newInstance(DelegatingConstructorAccessorImpl.java:45)
java.base/java.lang.reflect.Constructor.newInstanceWithCaller(Constructor.java:499)
java.base/java.lang.reflect.Constructor.newInstance(Constructor.java:480)
org.openqa.selenium.remote.codec.w3c.W3CHttpResponseCodec.createException(W3CHttpResponseCodec.java:200)
org.openqa.selenium.remote.codec.w3c.W3CHttpResponseCodec.decode(W3CHttpResponseCodec.java:133)
org.openqa.selenium.remote.codec.w3c.W3CHttpResponseCodec.decode(W3CHttpResponseCodec.java:53)
org.openqa.selenium.remote.HttpCommandExecutor.execute(HttpCommandExecutor.java:184)
org.openqa.selenium.remote.service.DriverCommandExecutor.invokeExecute(DriverCommandExecutor.java:164)
org.openqa.selenium.remote.service.DriverCommandExecutor.execute(DriverCommandExecutor.java:139)
org.openqa.selenium.remote.RemoteWebDriver.execute(RemoteWebDriver.java:559)
org.openqa.selenium.remote.ElementLocation$ElementFinder$2.findElement(ElementLocation.java:162)
org.openqa.selenium.remote.ElementLocation.findElement(ElementLocation.java:60)
org.openqa.selenium.remote.RemoteWebDriver.findElement(RemoteWebDriver.java:383)
org.openqa.selenium.remote.RemoteWebDriver.findElement(RemoteWebDriver.java:375)
com.shaft.gui.element.ElementActionsHelper.lambda$waitForElementPresence$0(ElementActionsHelper.java:66)
org.openqa.selenium.support.ui.FluentWait.until(FluentWait.java:208)
com.shaft.gui.element.ElementActionsHelper.waitForElementPresence(ElementActionsHelper.java:63)
com.shaft.gui.element.ElementActionsHelper.waitForElementPresence(ElementActionsHelper.java:37)
com.shaft.gui.element.WebDriverElementActions.getMatchingElementsCount(WebDriverElementActions.java:1468)
com.shaft.gui.element.WebDriverElementActions.getElementsCount(WebDriverElementActions.java:559)
com.shaft.gui.element.ElementActions.getElementsCount(ElementActions.java:261)
com.shaft.gui.image.ScreenshotManager.internalCaptureScreenShot(ScreenshotManager.java:394)
com.shaft.gui.image.ScreenshotManager.captureScreenShot(ScreenshotManager.java:141)
com.shaft.validation.ValidationsHelper.reportValidationState(ValidationsHelper.java:823)
com.shaft.validation.ValidationsHelper.pass(ValidationsHelper.java:564)
com.shaft.validation.ValidationsHelper.validateElementExists(ValidationsHelper.java:166)
com.shaft.validation.Assertions.assertElementExists(Assertions.java:118)
testPackage01.Test_NewValidationHelper.f11(Test_NewValidationHelper.java:137)
java.base/jdk.internal.reflect.NativeMethodAccessorImpl.invoke0(Native Method)
java.base/jdk.internal.reflect.NativeMethodAccessorImpl.invoke(NativeMethodAccessorImpl.java:77)
java.base/jdk.internal.reflect.DelegatingMethodAccessorImpl.invoke(DelegatingMethodAccessorImpl.java:43)
java.base/java.lang.reflect.Method.invoke(Method.java:568)
org.testng.internal.MethodInvocationHelper.invokeMethod(MethodInvocationHelper.java:133)
org.testng.internal.TestInvoker.invokeMethod(TestInvoker.java:598)
org.testng.internal.TestInvoker.invokeTestMethod(TestInvoker.java:173)
org.testng.internal.MethodRunner.runInSequence(MethodRunner.java:46)
org.testng.internal.TestInvoker$MethodInvocationAgent.invoke(TestInvoker.java:824)
org.testng.internal.TestInvoker.invokeTestMethods(TestInvoker.java:146)
org.testng.internal.TestMethodWorker.invokeTestMethods(TestMethodWorker.java:146)
org.testng.internal.TestMethodWorker.run(TestMethodWorker.java:128)
java.base/java.util.ArrayList.forEach(ArrayList.java:1511)
org.testng.TestRunner.privateRun(TestRunner.java:794)
org.testng.TestRunner.run(TestRunner.java:596)
org.testng.SuiteRunner.runTest(SuiteRunner.java:377)
org.testng.SuiteRunner.runSequentially(SuiteRunner.java:371)
org.testng.SuiteRunner.privateRun(SuiteRunner.java:332)
org.testng.SuiteRunner.run(SuiteRunner.java:276)
org.testng.SuiteRunnerWorker.runSuite(SuiteRunnerWorker.java:53)
org.testng.SuiteRunnerWorker.run(SuiteRunnerWorker.java:96)
org.testng.TestNG.runSuitesSequentially(TestNG.java:1212)
org.testng.TestNG.runSuitesLocally(TestNG.java:1134)
org.testng.TestNG.runSuites(TestNG.java:1063)
org.testng.TestNG.run(TestNG.java:1031)
org.apache.maven.surefire.testng.TestNGExecutor.run(TestNGExecutor.java:136)
org.apache.maven.surefire.testng.TestNGDirectoryTestSuite.executeMulti(TestNGDirectoryTestSuite.java:193)
org.apache.maven.surefire.testng.TestNGDirectoryTestSuite.execute(TestNGDirectoryTestSuite.java:94)
org.apache.maven.surefire.testng.TestNGProvider.invoke(TestNGProvider.java:145)
org.apache.maven.surefire.booter.ForkedBooter.runSuitesInProcess(ForkedBooter.java:428)
org.apache.maven.surefire.booter.ForkedBooter.execute(ForkedBooter.java:162)
org.apache.maven.surefire.booter.ForkedBooter.run(ForkedBooter.java:562)
org.apache.maven.surefire.booter.ForkedBooter.main(ForkedBooter.java:548) @13-12-2021 01:55:36.0326 AM
[ReportManager] Assertion Passed: Checking that false tag doesn't exist @13-12-2021 01:55:36.0541 AM
[ReportManager] Successfully created attachment [Screenshot - 1639360536353_f11_ValidateElementExists_passed] @13-12-2021 01:55:36.0623 AM
[ReportManager] Assertion [ValidateElementExists] PASSED. Expected [Element Should not Exist, locator 'By.tagName: h3'] and Actual [Element Doesn't Exists]. Comparison Type [EQUALS]. Validation Type [NEGATIVE]. @13-12-2021 01:55:36.0624 A
[ReportManager] Successfully Closed All Drivers. @13-12-2021 01:55:36.0883 A
[ReportManager] File Action [GetAbsolutePath] successfully performed. With the following test data [Relative Folder Path: "target/downloadedFiles/"]. @13-12-2021 01:55:37.0008 AM
[ReportManager] Attempting to run locally on: [Mac-64], [Safari], Headless Execution. @13-12-2021 01:55:37.0008 AM
[ReportManager] An Exception Occured with this Message: Could not start a new session. Possible causes are invalid address of the remote server or browser start-up failure.. @13-12-2021 01:55:37.0082 AM
[ReportManager] Successfully created attachment [Exception Stack Trace - org.openqa.selenium.SessionNotCreatedException] @13-12-2021 01:55:37.0124 AM
[ReportManager] Driver Factory Action [createNewLocalDriverInstanceForSafari] failed. With the following test data [Failed to create a session on DESKTOP_SAFARI]. @13-12-2021 01:55:37.0124 A

################################################################################################################################################
Starting Execution:	[80 out of 146] test cases in the current suite
Test Method:		[testPackage01.Test_NewValidationHelper.f12]
###############################################################################################################################################



################################################################################################################################################
Starting Execution:	[81 out of 146] test cases in the current suite
Test Method:		[testPackage01.Test_NewValidationHelper.f13]
###############################################################################################################################################



################################################################################################################################################
Starting Execution:	[82 out of 146] test cases in the current suite
Test Method:		[testPackage01.Test_NewValidationHelper.f14]
###############################################################################################################################################



################################################################################################################################################
Starting Execution:	[83 out of 146] test cases in the current suite
Test Method:		[testPackage01.Test_NewValidationHelper.f15]
###############################################################################################################################################



################################################################################################################################################
Starting Execution:	[84 out of 146] test cases in the current suite
Test Method:		[testPackage01.Test_NewValidationHelper.f16]
###############################################################################################################################################



################################################################################################################################################
Starting Execution:	[85 out of 146] test cases in the current suite
Test Method:		[testPackage01.Test_NewValidationHelper.f17]
###############################################################################################################################################



################################################################################################################################################
Starting Execution:	[86 out of 146] test cases in the current suite
Test Method:		[testPackage01.Test_NewValidationHelper.f18]
###############################################################################################################################################


################################################################################################################################################
Starting Execution:	[87 out of 146] test cases in the current suite
Test Method:		[testPackage01.Test_NewValidationHelper.f2]
###############################################################################################################################################


################################################################################################################################################
Starting Execution:	[88 out of 146] test cases in the current suite
Test Method:		[testPackage01.Test_NewValidationHelper.f20]
###############################################################################################################################################



################################################################################################################################################
Starting Execution:	[89 out of 146] test cases in the current suite
Test Method:		[testPackage01.Test_NewValidationHelper.f21]
###############################################################################################################################################



################################################################################################################################################
Starting Execution:	[90 out of 146] test cases in the current suite
Test Method:		[testPackage01.Test_NewValidationHelper.f22]
###############################################################################################################################################


################################################################################################################################################
Starting Execution:	[91 out of 146] test cases in the current suite
Test Method:		[testPackage01.Test_NewValidationHelper.f23]
###############################################################################################################################################

################################################################################################################################################
Starting Execution:	[92 out of 146] test cases in the current suite
Test Method:		[testPackage01.Test_NewValidationHelper.f24]
###############################################################################################################################################

################################################################################################################################################
Starting Execution:	[93 out of 146] test cases in the current suite
Test Method:		[testPackage01.Test_NewValidationHelper.f25]
###############################################################################################################################################

################################################################################################################################################
Starting Execution:	[94 out of 146] test cases in the current suite
Test Method:		[testPackage01.Test_NewValidationHelper.f26]
###############################################################################################################################################

################################################################################################################################################
Starting Execution:	[95 out of 146] test cases in the current suite
Test Method:		[testPackage01.Test_NewValidationHelper.f27]
###############################################################################################################################################

################################################################################################################################################
Starting Execution:	[96 out of 146] test cases in the current suite
Test Method:		[testPackage01.Test_NewValidationHelper.f28]
###############################################################################################################################################

################################################################################################################################################
Starting Execution:	[97 out of 146] test cases in the current suite
Test Method:		[testPackage01.Test_NewValidationHelper.f29]
###############################################################################################################################################

################################################################################################################################################
Starting Execution:	[98 out of 146] test cases in the current suite
Test Method:		[testPackage01.Test_NewValidationHelper.f3]
###############################################################################################################################################

################################################################################################################################################
Starting Execution:	[99 out of 146] test cases in the current suite
Test Method:		[testPackage01.Test_NewValidationHelper.f30]
###############################################################################################################################################

################################################################################################################################################
Starting Execution:	[100 out of 146] test cases in the current suite
Test Method:		[testPackage01.Test_NewValidationHelper.f31]
###############################################################################################################################################

################################################################################################################################################
Starting Execution:	[101 out of 146] test cases in the current suite
Test Method:		[testPackage01.Test_NewValidationHelper.f32]
###############################################################################################################################################

################################################################################################################################################
Starting Execution:	[102 out of 146] test cases in the current suite
Test Method:		[testPackage01.Test_NewValidationHelper.f33]
###############################################################################################################################################

################################################################################################################################################
Starting Execution:	[103 out of 146] test cases in the current suite
Test Method:		[testPackage01.Test_NewValidationHelper.f34]
###############################################################################################################################################

################################################################################################################################################
Starting Execution:	[104 out of 146] test cases in the current suite
Test Method:		[testPackage01.Test_NewValidationHelper.f35]
###############################################################################################################################################

################################################################################################################################################
Starting Execution:	[105 out of 146] test cases in the current suite
Test Method:		[testPackage01.Test_NewValidationHelper.f36]
###############################################################################################################################################

################################################################################################################################################
Starting Execution:	[106 out of 146] test cases in the current suite
Test Method:		[testPackage01.Test_NewValidationHelper.f37]
###############################################################################################################################################

################################################################################################################################################
Starting Execution:	[107 out of 146] test cases in the current suite
Test Method:		[testPackage01.Test_NewValidationHelper.f3_1]
###############################################################################################################################################

################################################################################################################################################
Starting Execution:	[108 out of 146] test cases in the current suite
Test Method:		[testPackage01.Test_NewValidationHelper.f4]
###############################################################################################################################################

################################################################################################################################################
Starting Execution:	[109 out of 146] test cases in the current suite
Test Method:		[testPackage01.Test_NewValidationHelper.f5]
###############################################################################################################################################

################################################################################################################################################
Starting Execution:	[110 out of 146] test cases in the current suite
Test Method:		[testPackage01.Test_NewValidationHelper.f6]
###############################################################################################################################################

################################################################################################################################################
Starting Execution:	[111 out of 146] test cases in the current suite
Test Method:		[testPackage01.Test_NewValidationHelper.f6_1]
###############################################################################################################################################

################################################################################################################################################
Starting Execution:	[112 out of 146] test cases in the current suite
Test Method:		[testPackage01.Test_NewValidationHelper.f6_2]
###############################################################################################################################################

################################################################################################################################################
Starting Execution:	[113 out of 146] test cases in the current suite
Test Method:		[testPackage01.Test_NewValidationHelper.f7]
###############################################################################################################################################


################################################################################################################################################
Starting Execution:	[114 out of 146] test cases in the current suite
Test Method:		[testPackage01.Test_NewValidationHelper.f8]
###############################################################################################################################################



################################################################################################################################################
Starting Execution:	[115 out of 146] test cases in the current suite
Test Method:		[testPackage01.Test_NewValidationHelper.f9]
###############################################################################################################################################


################################################################################################################################################
Starting Execution:	[116 out of 146] test cases in the current suite
Test Method:		[testPackage01.Test_NewValidationHelper.forceFail]
###############################################################################################################################################

################################################################################################################################################
Starting Execution:	[117 out of 146] test cases in the current suite
Test Method:		[testPackage01.Test_NewValidationHelper.forceFail2]
###############################################################################################################################################

################################################################################################################################################
Starting Execution:	[118 out of 146] test cases in the current suite
Test Method:		[testPackage01.Test_JsonActions.f]
###############################################################################################################################################

################################################################################################################################################
Starting Execution:	[119 out of 146] test cases in the current suite
Test Method:		[testPackage01.Test_JsonActions.f2]
###############################################################################################################################################

################################################################################################################################################
Starting Execution:	[120 out of 146] test cases in the current suite
Test Method:		[testPackage01.Test_sendGraphqlRequest.sendGraphqlRequestUsingMutationAndVariables]
################################################################################################################################################
[ReportManager] GraphQl Request is being Performed with the Following Parameters [Service URL: https://api.spacex.land/graphql | Request Body: {"variables":"{\"name\": \"sherlock holmes\",\"rocket\": \"221B Baker Street\"}","query":"mutation ($name: String, $rocket: String) {\n  insert_users(objects: {name: $name, rocket: $rocket}) {\n    returning {\n      name\n      rocket\n    }\n  }\n}"}] @13-12-2021 01:55:38.0840 AM
[ReportManager] Response status code: [200], status line: [HTTP/1.1 200 OK] @13-12-2021 01:55:39.0535 AM
[ReportManager] Assertion Passed: Evaluating the actual response status code against the expected one... @13-12-2021 01:55:39.0535 AM
[ReportManager] Assertion [ValidateComparativeRelation] PASSED. Expected [200] and Actual [200]. Comparison Type [EQUALS]. Validation Type [POSITIVE]. @13-12-2021 01:55:39.0535 AM
[ReportManager] API Action [PerformRequest] successfully performed. With the following test data [Request Type: "POST" | Target Status Code: "200" | Service URL: "https://api.spacex.land/graphql" | Content Type: "application/json" | Response Time: "467ms"]. @13-12-2021 01:55:39.0570 AM
[ReportManager] Successfully created attachment [API Request - Specifications] @13-12-2021 01:55:39.0611 AM
[ReportManager] Successfully created attachment [API Request - JSON Body] @13-12-2021 01:55:39.0700 AM
[ReportManager] Successfully created attachment [API Response - JSON Body] @13-12-2021 01:55:39.0783 AM
[ReportManager] API Action [GetResponseJSONValue] successfully performed. With the following test data [data.insert_users.returning[0].name]. @13-12-2021 01:55:39.0843 AM
[ReportManager] Assertion [ValidateEquals] PASSED. Expected [sherlock holmes] and Actual [sherlock holmes]. Comparison Type [EQUALS]. Validation Type [POSITIVE]. @13-12-2021 01:55:39.0843 A

################################################################################################################################################
Starting Execution:	[121 out of 146] test cases in the current suite
Test Method:		[testPackage01.Test_sendGraphqlRequest.sendGraphqlRequestUsingQuery]
################################################################################################################################################
[ReportManager] GraphQl Request is being Performed with the Following Parameters [Service URL: https://api.spacex.land/graphql | Request Body: {"query":"{company {ceo}}"}] @13-12-2021 01:55:39.0969 AM
[ReportManager] Response status code: [200], status line: [HTTP/1.1 200 OK] @13-12-2021 01:55:40.0214 AM
[ReportManager] Assertion Passed: Evaluating the actual response status code against the expected one... @13-12-2021 01:55:40.0215 AM
[ReportManager] Assertion [ValidateComparativeRelation] PASSED. Expected [200] and Actual [200]. Comparison Type [EQUALS]. Validation Type [POSITIVE]. @13-12-2021 01:55:40.0215 AM
[ReportManager] API Action [PerformRequest] successfully performed. With the following test data [Request Type: "POST" | Target Status Code: "200" | Service URL: "https://api.spacex.land/graphql" | Content Type: "application/json" | Response Time: "240ms"]. @13-12-2021 01:55:40.0231 AM
[ReportManager] Successfully created attachment [API Request - Specifications] @13-12-2021 01:55:40.0271 AM
[ReportManager] Successfully created attachment [API Request - JSON Body] @13-12-2021 01:55:40.0354 AM
[ReportManager] Successfully created attachment [API Response - JSON Body] @13-12-2021 01:55:40.0436 AM
[ReportManager] API Action [GetResponseJSONValue] successfully performed. With the following test data [data.company.ceo]. @13-12-2021 01:55:40.0448 AM
[ReportManager] Assertion [ValidateEquals] PASSED. Expected [Elon Musk] and Actual [Elon Musk]. Comparison Type [EQUALS]. Validation Type [POSITIVE]. @13-12-2021 01:55:40.0449 A

################################################################################################################################################
Starting Execution:	[122 out of 146] test cases in the current suite
Test Method:		[testPackage01.Test_MatchJsonSchema.checkAPI_ResponseSchema]
################################################################################################################################################
[ReportManager] Response status code: [200], status line: [HTTP/1.1 200 OK] @13-12-2021 01:55:40.0695 AM
[ReportManager] Assertion Passed: Evaluating the actual response status code against the expected one... @13-12-2021 01:55:40.0695 AM
[ReportManager] Assertion [ValidateComparativeRelation] PASSED. Expected [200] and Actual [200]. Comparison Type [EQUALS]. Validation Type [POSITIVE]. @13-12-2021 01:55:40.0695 AM
[ReportManager] API Action [PerformRequest] successfully performed. With the following test data [Request Type: "GET" | Target Status Code: "200" | Service URL: "http://api.zippopotam.us/us/90210" | Content Type: "*/*" | Response Time: "109ms"]. @13-12-2021 01:55:40.0708 AM
[ReportManager] Successfully created attachment [API Request - Specifications] @13-12-2021 01:55:40.0750 AM
[ReportManager] Successfully created attachment [API Response - JSON Body] @13-12-2021 01:55:40.0790 AM
[ReportManager] File Action [GetAbsolutePath] successfully performed. With the following test data [Relative Folder Path: "src/test/resources/testDataFiles/schema.json"]. @13-12-2021 01:55:40.0792 AM
[ReportManager] File Action [GetAbsolutePath] successfully performed. With the following test data [Relative Folder Path: "/Users/runner/work/SHAFT_ENGINE/SHAFT_ENGINE/src/test/resources/testDataFiles/schema.json"]. @13-12-2021 01:55:41.0856 AM
[ReportManager] File Action [ReadFromFile] successfully performed. With the following test data [File Path: "/Users/runner/work/SHAFT_ENGINE/SHAFT_ENGINE/src/test/resources/testDataFiles/schema.json"]. @13-12-2021 01:55:41.0856 AM
[ReportManager] Assertion Passed: Then I Assert that the API response schema matches that in this file [src/test/resources/testDataFiles/schema.json]. @13-12-2021 01:55:41.0858 AM
[ReportManager] Successfully created attachment [Validation Test Data - Expected JSON Value] @13-12-2021 01:55:41.0902 AM
[ReportManager] Successfully created attachment [Validation Test Data - Actual JSON Value] @13-12-2021 01:55:41.0986 AM
[ReportManager] Assertion [ValidateResponseFileSchema] PASSED. Expected [Response data should match the JSON File in this path '/Users/runner/work/SHAFT_ENGINE/SHAFT_ENGINE/src/test/resources/testDataFiles/schema.json'] and Actual [TRUE]. Comparison Type [EQUALS]. Validation Type [POSITIVE]. @13-12-2021 01:55:41.0986 A
[ReportManager] File Action [GetAbsolutePath] successfully performed. With the following test data [Relative Folder Path: "target/downloadedFiles/"]. @13-12-2021 01:55:42.0111 AM
[ReportManager] Attempting to run locally on: [Mac-64], [Safari], Headless Execution. @13-12-2021 01:55:42.0111 AM
[ReportManager] Successfully Opened Safari. @13-12-2021 01:55:43.0082 AM
[ReportManager] Initial window size: (800, 600) @13-12-2021 01:55:43.0109 AM
[ReportManager] Window size after SWD Maximize: (1176, 803) @13-12-2021 01:55:43.0155 AM
[ReportManager] Browser Action [MaximizeWindow] successfully performed. With the following test data [New screen size is now: (1176, 803)]. @13-12-2021 01:55:43.0155 A

################################################################################################################################################
Starting Execution:	[123 out of 146] test cases in the current suite
Test Method:		[testPackage01.Test_dragAndDrop.dragAndDropJquery]
################################################################################################################################################
[ReportManager] Target URL: [https://jqueryui.com/resources/demos/droppable/default.html] @13-12-2021 01:55:43.0186 AM
[ReportManager] Initial URL: [] @13-12-2021 01:55:43.0237 AM
[ReportManager] Browser Action [NavigateToURL] successfully performed. With the following test data [https://jqueryui.com/resources/demos/droppable/default.html]. @13-12-2021 01:55:43.0978 AM
[ReportManager] Element Action [GetText] successfully performed. With the following test data [
	Drop here
]. @13-12-2021 01:55:44.0102 AM
[ReportManager] Element Action [DragAndDrop] successfully performed. With the following test data [Start point: (8, 18), End point: (8, 18)]. @13-12-2021 01:55:45.0201 AM
[ReportManager] Element Action [GetText] successfully performed. With the following test data [
	Dropped!
]. @13-12-2021 01:55:45.0247 AM
[ReportManager] Assertion Passed: Checking to see if the text has changed after performing drag and drop @13-12-2021 01:55:45.0247 AM
[ReportManager] Assertion [ValidateEquals] PASSED. Expected [
	Drop here
] and Actual [
	Dropped!
]. Comparison Type [EQUALS]. Validation Type [NEGATIVE]. @13-12-2021 01:55:45.0247 A
[ReportManager] Browser Action [CloseCurrentWindow] successfully performed. @13-12-2021 01:55:45.0769 AM
[ReportManager] Successfully created attachment [Browser Action Test Data - CloseCurrentWindow - Actual Value] @13-12-2021 01:55:45.0810 A
[ReportManager] File Action [GetAbsolutePath] successfully performed. With the following test data [Relative Folder Path: "target/downloadedFiles/"]. @13-12-2021 01:55:46.0014 AM
[ReportManager] Attempting to run locally on: [Mac-64], [Safari], Headless Execution. @13-12-2021 01:55:46.0015 AM
[ReportManager] Successfully Opened Safari. @13-12-2021 01:55:46.0927 AM
[ReportManager] Initial window size: (800, 600) @13-12-2021 01:55:46.0950 AM
[ReportManager] Window size after SWD Maximize: (1176, 803) @13-12-2021 01:55:47.0037 AM
[ReportManager] Browser Action [MaximizeWindow] successfully performed. With the following test data [New screen size is now: (1176, 803)]. @13-12-2021 01:55:47.0038 A

################################################################################################################################################
Starting Execution:	[124 out of 146] test cases in the current suite
Test Method:		[testPackage01.Test_dragAndDrop.dragAndDrop]
Test Description:	[TC001 - Test Drag and Drop function.]
################################################################################################################################################
[ReportManager] Target URL: [http://the-internet.herokuapp.com/drag_and_drop] @13-12-2021 01:55:47.0163 AM
[ReportManager] Initial URL: [] @13-12-2021 01:55:47.0254 AM
[ReportManager] Browser Action [NavigateToURL] successfully performed. With the following test data [http://the-internet.herokuapp.com/drag_and_drop]. @13-12-2021 01:55:48.0682 AM
[ReportManager] Attempting Drag and Drop @13-12-2021 01:55:48.0682 AM
[ReportManager] Element Action [DragAndDrop] successfully performed. With the following test data [Start point: (120, 89), End point: (335, 89)]. @13-12-2021 01:55:49.0359 A
[ReportManager] Browser Action [CloseCurrentWindow] successfully performed. @13-12-2021 01:55:49.0794 AM
[ReportManager] Successfully created attachment [Browser Action Test Data - CloseCurrentWindow - Actual Value] @13-12-2021 01:55:49.0836 A
[ReportManager] File Action [GetAbsolutePath] successfully performed. With the following test data [Relative Folder Path: "target/downloadedFiles/"]. @13-12-2021 01:55:49.0962 AM
[ReportManager] Attempting to run locally on: [Mac-64], [Safari], Headless Execution. @13-12-2021 01:55:49.0962 AM
[ReportManager] Successfully Opened Safari. @13-12-2021 01:55:50.0868 AM
[ReportManager] Initial window size: (800, 600) @13-12-2021 01:55:50.0879 AM
[ReportManager] Window size after SWD Maximize: (1176, 803) @13-12-2021 01:55:50.0896 AM
[ReportManager] Browser Action [MaximizeWindow] successfully performed. With the following test data [New screen size is now: (1176, 803)]. @13-12-2021 01:55:50.0897 A

################################################################################################################################################
Starting Execution:	[125 out of 146] test cases in the current suite
Test Method:		[testPackage01.Test_dragAndDrop.dragAndDropByOffset]
Test Description:	[TC002 - Test Drag and Drop by offset function.]
################################################################################################################################################
[ReportManager] Target URL: [https://jqueryui.com/resources/demos/draggable/default.html] @13-12-2021 01:55:51.0023 AM
[ReportManager] Initial URL: [] @13-12-2021 01:55:51.0061 AM
[ReportManager] Browser Action [NavigateToURL] successfully performed. With the following test data [https://jqueryui.com/resources/demos/draggable/default.html]. @13-12-2021 01:55:51.0658 AM
[ReportManager] Element Action [DragAndDropByOffset] successfully performed. With the following test data [Start point: (8, 8), End point: (108, 58)]. @13-12-2021 01:55:52.0458 A
[ReportManager] Browser Action [CloseCurrentWindow] successfully performed. @13-12-2021 01:55:53.0007 AM
[ReportManager] Successfully created attachment [Browser Action Test Data - CloseCurrentWindow - Actual Value] @13-12-2021 01:55:53.0048 A
[ReportManager] Successfully loaded the following test data file [src/test/resources/testDataFiles/testSuite01/TestData.xlsx]. @13-12-2021 01:55:53.0220 AM
[ReportManager] Successfully created attachment [Test Data - Excel] @13-12-2021 01:55:53.0262 AM
[ReportManager] File Action [GetAbsolutePath] successfully performed. With the following test data [Relative Folder Path: "target/downloadedFiles/"]. @13-12-2021 01:55:53.0262 AM
[ReportManager] Attempting to run locally on: [Mac-64], [Safari], Headless Execution. @13-12-2021 01:55:53.0262 AM
[ReportManager] Successfully Opened Safari. @13-12-2021 01:55:54.0166 AM
[ReportManager] Initial window size: (800, 600) @13-12-2021 01:55:54.0187 AM
[ReportManager] Window size after SWD Maximize: (1176, 803) @13-12-2021 01:55:54.0224 AM
[ReportManager] Browser Action [MaximizeWindow] successfully performed. With the following test data [New screen size is now: (1176, 803)]. @13-12-2021 01:55:54.0224 A

################################################################################################################################################
Starting Execution:	[126 out of 146] test cases in the current suite
Test Method:		[testPackage01.Test_google.navigateToURLandVerifyGoogleLogoIsDisplayed]
Test Description:	[TC001 - Navigate to URL and Verify Google Logo is Displayed]
################################################################################################################################################
[ReportManager] Target URL: [https://www.google.com/ncr], and after redirection: [https://www.google.com] @13-12-2021 01:55:54.0267 AM
[ReportManager] Initial URL: [] @13-12-2021 01:55:54.0326 AM
[ReportManager] Browser Action [NavigateToURL] successfully performed. With the following test data [https://www.google.com/ncr]. @13-12-2021 01:55:56.0394 AM
[ReportManager] Loaded Shared OpenCV @13-12-2021 01:55:56.0488 AM
[ReportManager] Assertion Passed: Then I Assert that the element found by [By.xpath: //*[@id='hplogo' or @alt='Google']] exists. @13-12-2021 01:55:56.0680 AM
[ReportManager] Successfully created attachment [Screenshot - 1639360556488_navigateToURLandVerifyGoogleLogoIsDisplayed_ValidateElementExists_passed] @13-12-2021 01:55:56.0763 AM
[ReportManager] Assertion [ValidateElementExists] PASSED. Expected [Element Should Exist, locator 'By.xpath: //*[@id='hplogo' or @alt='Google']'] and Actual [Element Exists]. Comparison Type [EQUALS]. Validation Type [POSITIVE]. @13-12-2021 01:55:56.0763 A

################################################################################################################################################
Starting Execution:	[127 out of 146] test cases in the current suite
Test Method:		[testPackage01.Test_google.searchForQueryandAssertResultsNumDisplayed]
Test Description:	[TC002 - Search for Query and Assert that the number of results is displayed]
################################################################################################################################################
[ReportManager] Element Action [Type] successfully performed. With the following test data [SHAFT_Engine]. @13-12-2021 01:55:57.0193 AM
[ReportManager] Element Action [KeyPress] successfully performed. With the following test data [Enter]. @13-12-2021 01:55:57.0263 AM
[ReportManager] Element Action [GetText] successfully performed. With the following test data [About 832,000 results (0.54 seconds)]. @13-12-2021 01:55:58.0894 AM
[ReportManager] Loaded Shared OpenCV @13-12-2021 01:56:00.0318 AM
[ReportManager] Assertion Passed: Then I Assert that the element found by [By.id: appbar] text does not equal []. @13-12-2021 01:56:00.0616 AM
[ReportManager] Successfully created attachment [Screenshot - 1639360560317_searchForQueryandAssertResultsNumDisplayed_ValidateElementAttribute_passed] @13-12-2021 01:56:00.0702 AM
[ReportManager] Assertion [ValidateElementAttribute] PASSED. Expected [Value Should not be '' for the 'text' attribute, element locator 'By.id: appbar'] and Actual [About 832,000 results (0.54 seconds)]. Comparison Type [EQUALS]. Validation Type [NEGATIVE]. @13-12-2021 01:56:00.0702 A

################################################################################################################################################
Starting Execution:	[128 out of 146] test cases in the current suite
Test Method:		[testPackage01.Test_google.clickNextThrice]
Test Description:	[TC003 - Clicks the next button to make sure that the framework can scroll element into view before clicking it]
################################################################################################################################################
[ReportManager] Element Action [Click] successfully performed. With the following test data [By.xpath: //span[text()='Next']]. @13-12-2021 01:56:01.0046 A
[ReportManager] Successfully Closed All Drivers. @13-12-2021 01:56:01.0428 A
[ReportManager] File Action [GetAbsolutePath] successfully performed. With the following test data [Relative Folder Path: "target/downloadedFiles/"]. @13-12-2021 01:56:01.0471 AM
[ReportManager] Attempting to run locally on: [Mac-64], [Safari], Headless Execution. @13-12-2021 01:56:01.0471 AM
[ReportManager] Successfully Opened Safari. @13-12-2021 01:56:02.0395 AM
[ReportManager] Initial window size: (800, 600) @13-12-2021 01:56:02.0427 AM
[ReportManager] Window size after SWD Maximize: (1176, 803) @13-12-2021 01:56:02.0459 AM
[ReportManager] Browser Action [MaximizeWindow] successfully performed. With the following test data [New screen size is now: (1176, 803)]. @13-12-2021 01:56:02.0460 A

################################################################################################################################################
Starting Execution:	[129 out of 146] test cases in the current suite
Test Method:		[testPackage01.Test_chainableElementActions.chainElementActions]
################################################################################################################################################
[ReportManager] Target URL: [https://www.google.com/ncr], and after redirection: [https://www.google.com] @13-12-2021 01:56:02.0588 AM
[ReportManager] Initial URL: [] @13-12-2021 01:56:02.0624 AM
[ReportManager] Browser Action [NavigateToURL] successfully performed. With the following test data [https://www.google.com/ncr]. @13-12-2021 01:56:04.0678 AM
[ReportManager] Element Action [Type] successfully performed. With the following test data [chained type 1]. @13-12-2021 01:56:04.0989 AM
[ReportManager] Element Action [Type] successfully performed. With the following test data [chained type 2]. @13-12-2021 01:56:05.0351 AM
[ReportManager] Element Action [TypeAppend] successfully performed. With the following test data [345]. @13-12-2021 01:56:05.0426 AM
[ReportManager] Element Action [GetText] successfully performed. With the following test data [chained type 2345]. @13-12-2021 01:56:05.0539 AM
[ReportManager] Loaded Shared OpenCV @13-12-2021 01:56:05.0667 AM
[ReportManager] Assertion Passed: Then I Assert that the element found by [By.name: q] text is equal to [chained type 2345]. @13-12-2021 01:56:05.0855 AM
[ReportManager] Successfully created attachment [Screenshot - 1639360565667_chainElementActions_ValidateElementAttribute_passed] @13-12-2021 01:56:05.0936 AM
[ReportManager] Assertion [ValidateElementAttribute] PASSED. Expected [Value Should be 'chained type 2345' for the 'text' attribute, element locator 'By.name: q'] and Actual [chained type 2345]. Comparison Type [EQUALS]. Validation Type [POSITIVE]. @13-12-2021 01:56:05.0936 A
[ReportManager] Successfully Closed All Drivers. @13-12-2021 01:56:06.0262 A
[ReportManager] File Action [GetAbsolutePath] successfully performed. With the following test data [Relative Folder Path: "target/downloadedFiles/"]. @13-12-2021 01:56:06.0345 AM
[ReportManager] Attempting to run locally on: [Mac-64], [Safari], Headless Execution. @13-12-2021 01:56:06.0346 AM
[ReportManager] Successfully Opened Safari. @13-12-2021 01:56:07.0339 AM
[ReportManager] Initial window size: (800, 600) @13-12-2021 01:56:07.0397 AM
[ReportManager] Window size after SWD Maximize: (1176, 803) @13-12-2021 01:56:07.0450 AM
[ReportManager] Browser Action [MaximizeWindow] successfully performed. With the following test data [New screen size is now: (1176, 803)]. @13-12-2021 01:56:07.0451 A

################################################################################################################################################
Starting Execution:	[130 out of 146] test cases in the current suite
Test Method:		[testPackage01.Test_RelativeLocators.relativeLocatorsTest1]
################################################################################################################################################
[ReportManager] Target URL: [https://duckduckgo.com/] @13-12-2021 01:56:07.0636 AM
[ReportManager] Initial URL: [] @13-12-2021 01:56:07.0671 AM
[ReportManager] Browser Action [NavigateToURL] successfully performed. With the following test data [https://duckduckgo.com/]. @13-12-2021 01:56:08.0763 AM
[ReportManager] Element Action [Type] successfully performed. With the following test data [SHAFT_Engine]. @13-12-2021 01:56:09.0027 AM
[ReportManager] Element Action [KeyPress] successfully performed. With the following test data [ENTER]. @13-12-2021 01:56:09.0095 AM
[ReportManager] Element Action [GetText] successfully performed. With the following test data [GitHub - MohabMohie/SHAFT_ENGINE: SHAFT_ENGINE is a Test ...]. @13-12-2021 01:56:10.0629 AM
[ReportManager] Loaded Shared OpenCV @13-12-2021 01:56:10.0780 AM
[ReportManager] Assertion Passed: Then I Assert that the element found by [Relative Locator: {root={xpath=//a[@class='result__a js-result-title-link']}, filters=[{kind=below, args=[{xpath=//input[@name='q']}]}]}] text does not equal []. @13-12-2021 01:56:11.0078 AM
[ReportManager] Successfully created attachment [Screenshot - 1639360570780_relativeLocatorsTest1_ValidateElementAttribute_passed] @13-12-2021 01:56:11.0167 AM
[ReportManager] Assertion [ValidateElementAttribute] PASSED. Expected [Value Should not be '' for the 'text' attribute, element locator '[unknown locator]'] and Actual [GitHub - MohabMohie/SHAFT_ENGINE: SHAFT_ENGINE is a Test ...]. Comparison Type [EQUALS]. Validation Type [NEGATIVE]. @13-12-2021 01:56:11.0168 A
[ReportManager] Browser Action [CloseCurrentWindow] successfully performed. @13-12-2021 01:56:11.0697 AM
[ReportManager] Successfully created attachment [Browser Action Test Data - CloseCurrentWindow - Actual Value] @13-12-2021 01:56:11.0738 A

################################################################################################################################################
Starting Execution:	[131 out of 146] test cases in the current suite
Test Method:		[testPackage01.Test_JsonCompareWithSpecialCharacters.specialCharacters]
################################################################################################################################################
[ReportManager] File Action [GetAbsolutePath] successfully performed. With the following test data [Relative Folder Path: "src/test/resources/testDataFiles/specialCharacters.json"]. @13-12-2021 01:56:11.0868 AM
[ReportManager] File Action [ReadFromFile] successfully performed. With the following test data [File Path: "/Users/runner/work/SHAFT_ENGINE/SHAFT_ENGINE/src/test/resources/testDataFiles/specialCharacters.json"]. @13-12-2021 01:56:11.0869 AM
[ReportManager] Successfully created attachment [File Action Actual Result - Command Log] @13-12-2021 01:56:11.0954 AM
[ReportManager] Comparing the provided API response with the file at this path "src/test/resources/testDataFiles/specialCharacters.json", comparison type "EQUALS" @13-12-2021 01:56:11.0957 AM
[ReportManager] API Action [CompareJSON] successfully performed. With the following test data [src/test/resources/testDataFiles/specialCharacters.json]. @13-12-2021 01:56:11.0975 AM
[ReportManager] File Action [GetAbsolutePath] successfully performed. With the following test data [Relative Folder Path: "src/test/resources/testDataFiles/specialCharacters.json"]. @13-12-2021 01:56:11.0975 AM
[ReportManager] File Action [ReadFromFile] successfully performed. With the following test data [File Path: "/Users/runner/work/SHAFT_ENGINE/SHAFT_ENGINE/src/test/resources/testDataFiles/specialCharacters.json"]. @13-12-2021 01:56:11.0976 AM
[ReportManager] Verification [ValidateJSONFileContent] PASSED. Expected [Response data should match the JSON File in this path 'src/test/resources/testDataFiles/specialCharacters.json'] and Actual [TRUE]. Comparison Type [EQUALS]. Validation Type [POSITIVE]. @13-12-2021 01:56:11.0982 AM
[ReportManager] Successfully created attachment [Validation Test Data - Expected JSON Value] @13-12-2021 01:56:12.0077 AM
[ReportManager] Successfully created attachment [Validation Test Data - Actual JSON Value] @13-12-2021 01:56:12.0161 A

################################################################################################################################################
Starting Execution:	[132 out of 146] test cases in the current suite
Test Method:		[testPackage01.Test_JsonCompareWithSpecialCharacters.specialCharacters_assertion]
################################################################################################################################################
[ReportManager] File Action [GetAbsolutePath] successfully performed. With the following test data [Relative Folder Path: "src/test/resources/testDataFiles/specialCharacters.json"]. @13-12-2021 01:56:12.0288 AM
[ReportManager] File Action [ReadFromFile] successfully performed. With the following test data [File Path: "/Users/runner/work/SHAFT_ENGINE/SHAFT_ENGINE/src/test/resources/testDataFiles/specialCharacters.json"]. @13-12-2021 01:56:12.0288 AM
[ReportManager] Successfully created attachment [File Action Actual Result - Command Log] @13-12-2021 01:56:12.0330 AM
[ReportManager] Comparing the provided API response with the file at this path "src/test/resources/testDataFiles/specialCharacters.json", comparison type "CONTAINS" @13-12-2021 01:56:12.0331 AM
[ReportManager] API Action [CompareJSON] successfully performed. With the following test data [src/test/resources/testDataFiles/specialCharacters.json]. @13-12-2021 01:56:12.0339 AM
[ReportManager] File Action [GetAbsolutePath] successfully performed. With the following test data [Relative Folder Path: "src/test/resources/testDataFiles/specialCharacters.json"]. @13-12-2021 01:56:12.0339 AM
[ReportManager] File Action [ReadFromFile] successfully performed. With the following test data [File Path: "/Users/runner/work/SHAFT_ENGINE/SHAFT_ENGINE/src/test/resources/testDataFiles/specialCharacters.json"]. @13-12-2021 01:56:12.0340 AM
[ReportManager] Assertion Passed: trying out the log message @13-12-2021 01:56:12.0358 AM
[ReportManager] Successfully created attachment [Validation Test Data - Expected JSON Value] @13-12-2021 01:56:12.0442 AM
[ReportManager] Successfully created attachment [Validation Test Data - Actual JSON Value] @13-12-2021 01:56:12.0484 AM
[ReportManager] Assertion [ValidateJSONFileContent] PASSED. Expected [Response data should match the JSON File in this path 'src/test/resources/testDataFiles/specialCharacters.json'] and Actual [TRUE]. Comparison Type [CONTAINS]. Validation Type [POSITIVE]. @13-12-2021 01:56:12.0484 A

################################################################################################################################################
Starting Execution:	[133 out of 146] test cases in the current suite
Test Method:		[testPackage01.Test_SkipDueToIssue.doNotSkip]
################################################################################################################################################
[ReportManager] This should not be skipped. @13-12-2021 01:56:12.0658 A

################################################################################################################################################
Starting Execution:	[134 out of 146] test cases in the current suite
Test Method:		[testPackage01.Test_SkipDueToIssue.skip]
################################################################################################################################################
[ReportManager] This should be skipped. @13-12-2021 01:56:12.0804 A

################################################################################################################################################
Starting Execution:	[135 out of 146] test cases in the current suite
Test Method:		[testPackage01.Test_SkipDueToIssue.skip2]
################################################################################################################################################
[ReportManager] This should be skipped. @13-12-2021 01:56:12.0987 A

################################################################################################################################################
Starting Execution:	[136 out of 146] test cases in the current suite
Test Method:		[testPackage01.Test_JSONFileManager.readStringFromJson]
################################################################################################################################################
[ReportManager] File Action [GetAbsolutePath] successfully performed. With the following test data [Relative Folder Path: "src/test/resources/testDataFiles/simpleJSON.json"]. @13-12-2021 01:56:13.0077 AM
[ReportManager] Successfully loaded the following test data file [src/test/resources/testDataFiles/simpleJSON.json]. @13-12-2021 01:56:13.0078 AM
[ReportManager] Successfully created attachment [Test Data - JSON] @13-12-2021 01:56:13.0079 AM
[ReportManager] File Action [GetAbsolutePath] successfully performed. With the following test data [Relative Folder Path: "src/test/resources/testDataFiles/simpleJSON.json"]. @13-12-2021 01:56:13.0081 AM
[ReportManager] Assertion [ValidateEquals] PASSED. Expected [Mohab Mohie] and Actual [Mohab Mohie]. Comparison Type [EQUALS]. Validation Type [POSITIVE]. @13-12-2021 01:56:13.0130 A
[ReportManager] File Action [GetAbsolutePath] successfully performed. With the following test data [Relative Folder Path: "target/downloadedFiles/"]. @13-12-2021 01:56:13.0137 AM
[ReportManager] Attempting to run locally on: [Mac-64], [Safari], Headless Execution. @13-12-2021 01:56:13.0139 AM
[ReportManager] An Exception Occured with this Message: Could not start a new session. Possible causes are invalid address of the remote server or browser start-up failure.. @13-12-2021 01:56:13.0234 AM
[ReportManager] Successfully created attachment [Exception Stack Trace - org.openqa.selenium.SessionNotCreatedException] @13-12-2021 01:56:13.0276 AM
[ReportManager] Driver Factory Action [createNewLocalDriverInstanceForSafari] failed. With the following test data [Failed to create a session on DESKTOP_SAFARI]. @13-12-2021 01:56:13.0276 A

################################################################################################################################################
Starting Execution:	[137 out of 146] test cases in the current suite
Test Method:		[testPackage01.Test_assertEquals.test_assertElementAttribute]
###############################################################################################################################################

[ReportManager] File Action [GetAbsolutePath] successfully performed. With the following test data [Relative Folder Path: "target/downloadedFiles/"]. @13-12-2021 01:56:13.0579 AM
[ReportManager] Attempting to run locally on: [Mac-64], [Safari], Headless Execution. @13-12-2021 01:56:13.0580 AM
[ReportManager] Successfully Opened Safari. @13-12-2021 01:56:14.0463 AM
[ReportManager] Initial window size: (800, 600) @13-12-2021 01:56:14.0505 AM
[ReportManager] Window size after SWD Maximize: (1176, 803) @13-12-2021 01:56:14.0536 AM
[ReportManager] Browser Action [MaximizeWindow] successfully performed. With the following test data [New screen size is now: (1176, 803)]. @13-12-2021 01:56:14.0537 A

################################################################################################################################################
Starting Execution:	[138 out of 146] test cases in the current suite
Test Method:		[testPackage01.Test_IsElementClickable.testIsElementClickable]
################################################################################################################################################
[ReportManager] Target URL: [https://the-internet.herokuapp.com/] @13-12-2021 01:56:14.0662 AM
[ReportManager] Initial URL: [] @13-12-2021 01:56:14.0713 AM
[ReportManager] Browser Action [NavigateToURL] successfully performed. With the following test data [https://the-internet.herokuapp.com/]. @13-12-2021 01:56:16.0093 AM
[ReportManager] Element Action [IsElementClickable] successfully performed. @13-12-2021 01:56:16.0165 AM
[ReportManager] Assertion [ValidateTrue] PASSED. Expected [TRUE] and Actual [TRUE]. Validation Type [POSITIVE]. @13-12-2021 01:56:16.0166 A
[ReportManager] Browser Action [CloseCurrentWindow] successfully performed. @13-12-2021 01:56:16.0513 AM
[ReportManager] Successfully created attachment [Browser Action Test Data - CloseCurrentWindow - Actual Value] @13-12-2021 01:56:16.0555 A
[ReportManager] Successfully loaded the following test data file [src/test/resources/testDataFiles/testSuite01/TestData.xlsx]. @13-12-2021 01:56:16.0761 AM
[ReportManager] Successfully created attachment [Test Data - Excel] @13-12-2021 01:56:16.0842 AM
[ReportManager] Attempting to run using Playwright locally on: [Mac-64], [Safari], Headless Execution. @13-12-2021 01:58:48.0238 AM
[ReportManager] File Action [GetAbsolutePath] successfully performed. With the following test data [Relative Folder Path: "target/downloadedFiles/"]. @13-12-2021 01:58:48.0239 AM
[ReportManager] Initial window size: (1280, 720) @13-12-2021 01:58:53.0350 AM
[ReportManager] Window size after Toolkit: com.microsoft.playwright.options.ViewportSize@7eeb1661 @13-12-2021 01:58:53.0359 AM
[ReportManager] Browser Action [MaximizeWindow] successfully performed. With the following test data [New screen size is now: (1920, 1080)]. @13-12-2021 01:58:53.0360 A

################################################################################################################################################
Starting Execution:	[139 out of 146] test cases in the current suite
Test Method:		[testPackage01.Test_google_playwright.navigateToURLandVerifyGoogleLogoIsDisplayed]
Test Description:	[TC001 - Navigate to URL and Verify Google Logo is Displayed]
################################################################################################################################################
[ReportManager] Target URL: [https://www.google.com/ncr], and after redirection: [https://www.google.com] @13-12-2021 01:58:53.0532 AM
[ReportManager] Initial URL: [about:blank] @13-12-2021 01:58:53.0826 AM
[ReportManager] Browser Action [NavigateToURL] successfully performed. With the following test data [https://www.google.com/ncr]. @13-12-2021 01:58:57.0251 AM
[ReportManager] Loaded Shared OpenCV @13-12-2021 01:58:57.0345 AM
[ReportManager] Assertion [ValidateElementExists] PASSED. Expected [Element Should Exist, locator 'xpath=//*[@id='hplogo' or @alt='Google']'] and Actual [Element Exists]. Comparison Type [EQUALS]. Validation Type [POSITIVE]. @13-12-2021 01:58:57.0536 AM
[ReportManager] Successfully created attachment [Screenshot - 1639360737342_navigateToURLandVerifyGoogleLogoIsDisplayed_ValidateElementExists_passed] @13-12-2021 01:58:57.0537 A

################################################################################################################################################
Starting Execution:	[140 out of 146] test cases in the current suite
Test Method:		[testPackage01.Test_google_playwright.searchForQueryandAssertResultsNumDisplayed]
Test Description:	[TC002 - Search for Query and Assert that the number of results is displayed]
################################################################################################################################################
[ReportManager] Element Action [Type] successfully performed. With the following test data [SHAFT_Engine]. @13-12-2021 01:58:57.0715 AM
[ReportManager] Element Action [KeyPress] successfully performed. With the following test data [Enter]. @13-12-2021 01:58:57.0764 AM
[ReportManager] Element Action [GetText] successfully performed. With the following test data [About 832,000 results (0.59 seconds)
]. @13-12-2021 01:58:58.0693 AM
[ReportManager] Loaded Shared OpenCV @13-12-2021 01:59:01.0085 AM
[ReportManager] Assertion [ValidateElementAttribute] PASSED. Expected [Value Should not be '' for the 'text' attribute, element locator 'xpath=//div[@id='appbar']'] and Actual [About 832,000 results (0.59 seconds)
]. Comparison Type [EQUALS]. Validation Type [NEGATIVE]. @13-12-2021 01:59:01.0308 AM
[ReportManager] Successfully created attachment [Screenshot - 1639360741083_searchForQueryandAssertResultsNumDisplayed_ValidateElementAttribute_passed] @13-12-2021 01:59:01.0311 A

################################################################################################################################################
Starting Execution:	[141 out of 146] test cases in the current suite
Test Method:		[testPackage01.Test_google_playwright.clickNextThrice]
Test Description:	[TC003 - Clicks the next button to make sure that the framework can scroll element into view before clicking it]
################################################################################################################################################
[ReportManager] Element Action [Click] successfully performed. With the following test data [Next]. @13-12-2021 01:59:01.0760 A
[ReportManager] Failed to find video recording. @13-12-2021 01:59:01.0762 AM
[ReportManager] Successfully Closed PlayWright Driver. @13-12-2021 01:59:01.0806 A
[ReportManager] File Action [GetAbsolutePath] successfully performed. With the following test data [Relative Folder Path: "target/downloadedFiles/"]. @13-12-2021 01:59:01.0808 AM
[ReportManager] Attempting to run locally on: [Mac-64], [Safari], Headless Execution. @13-12-2021 01:59:01.0808 AM
[ReportManager] An Exception Occured with this Message: Could not start a new session. Possible causes are invalid address of the remote server or browser start-up failure.. @13-12-2021 01:59:02.0155 AM
[ReportManager] Successfully created attachment [Exception Stack Trace - org.openqa.selenium.SessionNotCreatedException] @13-12-2021 01:59:02.0193 AM
[ReportManager] Driver Factory Action [createNewLocalDriverInstanceForSafari] failed. With the following test data [Failed to create a session on DESKTOP_SAFARI]. @13-12-2021 01:59:02.0193 A

################################################################################################################################################
Starting Execution:	[142 out of 146] test cases in the current suite
Test Method:		[testPackage01.Test_verifyEquals.test_assertElementAttribute]
###############################################################################################################################################


################################################################################################################################################
Starting Execution:	[143 out of 146] test cases in the current suite
Test Method:		[testPackage01.Test_SelectedValue.multipleSelect]
################################################################################################################################################
[ReportManager] File Action [GetAbsolutePath] successfully performed. With the following test data [Relative Folder Path: "target/downloadedFiles/"]. @13-12-2021 01:59:02.0247 AM
[ReportManager] Attempting to run locally on: [Mac-64], [GoogleChrome], Headless Execution. @13-12-2021 01:59:02.0249 AM
[ReportManager] Identifying OS/Driver combination and selecting the correct driver version automatically. Please note that if a new driver executable will be downloaded it may take some time... @13-12-2021 01:59:02.0249 AM
[ReportManager] Successfully Opened Google Chrome. @13-12-2021 01:59:05.0932 AM
[ReportManager] Initial window size: (1920, 1080) @13-12-2021 01:59:05.0937 AM
[ReportManager] Window size after SWD Maximize: (1920, 1080) @13-12-2021 01:59:06.0058 AM
[ReportManager] Window size after Toolkit: (1920, 1080) @13-12-2021 01:59:06.0640 AM
[ReportManager] Browser Action [MaximizeWindow] successfully performed. With the following test data [New screen size is now: (1920, 1080)]. @13-12-2021 01:59:06.0643 AM
[ReportManager] Target URL: [https://yari-demos.prod.mdn.mozit.cloud/en-US/docs/Web/HTML/Element/select/_sample_.Advanced_select_with_multiple_features.html] @13-12-2021 01:59:06.0644 AM
[ReportManager] Initial URL: [data:,] @13-12-2021 01:59:06.0677 AM
[ReportManager] Browser Action [NavigateToURL] successfully performed. With the following test data [https://yari-demos.prod.mdn.mozit.cloud/en-US/docs/Web/HTML/Element/select/_sample_.Advanced_select_with_multiple_features.html]. @13-12-2021 01:59:06.0970 AM
[ReportManager] Element Action [Select] successfully performed. With the following test data [Dog]. @13-12-2021 01:59:07.0205 AM
[ReportManager] Element Action [Select] successfully performed. With the following test data [Cat]. @13-12-2021 01:59:07.0393 AM
[ReportManager] Element Action [GetSelectedText] successfully performed. With the following test data [DogCat]. @13-12-2021 01:59:07.0510 AM
[ReportManager] DogCat @13-12-2021 01:59:07.0510 AM
[ReportManager] Element Action [GetSelectedText] successfully performed. With the following test data [DogCat]. @13-12-2021 01:59:07.0618 AM
[ReportManager] Loaded Shared OpenCV @13-12-2021 01:59:07.0946 AM
[ReportManager] Assertion [ValidateElementAttribute] PASSED. Expected [Value Should be 'DogCat' for the 'selectedText' attribute, element locator 'By.tagName: select'] and Actual [DogCat]. Comparison Type [EQUALS]. Validation Type [POSITIVE]. @13-12-2021 01:59:08.0112 AM
[ReportManager] Successfully created attachment [Screenshot - 1639360747946_multipleSelect_ValidateElementAttribute_passed] @13-12-2021 01:59:08.0113 AM
[ReportManager] Browser Action [CloseCurrentWindow] successfully performed. @13-12-2021 01:59:08.0360 AM
[ReportManager] Successfully created attachment [Browser Action Test Data - CloseCurrentWindow - Actual Value] @13-12-2021 01:59:08.0360 A

################################################################################################################################################
Starting Execution:	[144 out of 146] test cases in the current suite
Test Method:		[testPackage01.Test_SelectedValue.simpleSelect]
################################################################################################################################################
[ReportManager] File Action [GetAbsolutePath] successfully performed. With the following test data [Relative Folder Path: "target/downloadedFiles/"]. @13-12-2021 01:59:08.0366 AM
[ReportManager] Attempting to run locally on: [Mac-64], [GoogleChrome], Headless Execution. @13-12-2021 01:59:08.0367 AM
[ReportManager] Identifying OS/Driver combination and selecting the correct driver version automatically. Please note that if a new driver executable will be downloaded it may take some time... @13-12-2021 01:59:08.0367 AM
[ReportManager] Successfully Opened Google Chrome. @13-12-2021 01:59:08.0991 AM
[ReportManager] Initial window size: (1920, 1080) @13-12-2021 01:59:08.0996 AM
[ReportManager] Window size after SWD Maximize: (1920, 1080) @13-12-2021 01:59:09.0124 AM
[ReportManager] Window size after Toolkit: (1920, 1080) @13-12-2021 01:59:09.0580 AM
[ReportManager] Browser Action [MaximizeWindow] successfully performed. With the following test data [New screen size is now: (1920, 1080)]. @13-12-2021 01:59:09.0583 AM
[ReportManager] Target URL: [https://yari-demos.prod.mdn.mozit.cloud/en-US/docs/Web/HTML/Element/select/_sample_.Basic_select.html] @13-12-2021 01:59:09.0584 AM
[ReportManager] Initial URL: [data:,] @13-12-2021 01:59:09.0623 AM
[ReportManager] Browser Action [NavigateToURL] successfully performed. With the following test data [https://yari-demos.prod.mdn.mozit.cloud/en-US/docs/Web/HTML/Element/select/_sample_.Basic_select.html]. @13-12-2021 01:59:09.0872 AM
[ReportManager] Element Action [Select] successfully performed. With the following test data [Third Value]. @13-12-2021 01:59:10.0138 AM
[ReportManager] Element Action [GetSelectedText] successfully performed. With the following test data [Third Value]. @13-12-2021 01:59:10.0211 AM
[ReportManager] Third Value @13-12-2021 01:59:10.0211 AM
[ReportManager] Element Action [GetSelectedText] successfully performed. With the following test data [Third Value]. @13-12-2021 01:59:10.0278 AM
[ReportManager] Loaded Shared OpenCV @13-12-2021 01:59:10.0529 AM
[ReportManager] Assertion [ValidateElementAttribute] PASSED. Expected [Value Should be 'Third Value' for the 'selectedText' attribute, element locator 'By.tagName: select'] and Actual [Third Value]. Comparison Type [EQUALS]. Validation Type [POSITIVE]. @13-12-2021 01:59:10.0687 AM
[ReportManager] Successfully created attachment [Screenshot - 1639360750528_simpleSelect_ValidateElementAttribute_passed] @13-12-2021 01:59:10.0688 AM
[ReportManager] Browser Action [CloseCurrentWindow] successfully performed. @13-12-2021 01:59:10.0954 AM
[ReportManager] Successfully created attachment [Browser Action Test Data - CloseCurrentWindow - Actual Value] @13-12-2021 01:59:10.0955 A
[ReportManager] File Action [GetAbsolutePath] successfully performed. With the following test data [Relative Folder Path: "target/downloadedFiles/"]. @13-12-2021 01:59:10.0957 AM
[ReportManager] Attempting to run locally on: [Mac-64], [Safari], Headless Execution. @13-12-2021 01:59:10.0957 AM
[ReportManager] Successfully Opened Safari. @13-12-2021 01:59:11.0794 AM
[ReportManager] Initial window size: (800, 600) @13-12-2021 01:59:11.0820 AM
[ReportManager] Window size after SWD Maximize: (1176, 803) @13-12-2021 01:59:11.0838 AM
[ReportManager] Browser Action [MaximizeWindow] successfully performed. With the following test data [New screen size is now: (1176, 803)]. @13-12-2021 01:59:11.0838 A

################################################################################################################################################
Starting Execution:	[145 out of 146] test cases in the current suite
Test Method:		[testPackage01.Test_dynamicLoading.dynamicLoading_elementIsHidden]
################################################################################################################################################
[ReportManager] Target URL: [https://the-internet.herokuapp.com/dynamic_loading/1] @13-12-2021 01:59:11.0841 AM
[ReportManager] Initial URL: [] @13-12-2021 01:59:11.0896 AM
[ReportManager] Browser Action [NavigateToURL] successfully performed. With the following test data [https://the-internet.herokuapp.com/dynamic_loading/1]. @13-12-2021 01:59:13.0023 AM
[ReportManager] Element Action [Click] successfully performed. With the following test data [By.xpath: //button[text()='Start']]. @13-12-2021 01:59:13.0218 AM
[ReportManager] Element Action [GetText] successfully performed. With the following test data [
    Hello World!
  ]. @13-12-2021 01:59:13.0250 A
[ReportManager] Browser Action [CloseCurrentWindow] successfully performed. @13-12-2021 01:59:13.0677 AM
[ReportManager] Successfully created attachment [Browser Action Test Data - CloseCurrentWindow - Actual Value] @13-12-2021 01:59:13.0678 A
[ReportManager] File Action [GetAbsolutePath] successfully performed. With the following test data [Relative Folder Path: "target/downloadedFiles/"]. @13-12-2021 01:59:13.0680 AM
[ReportManager] Attempting to run locally on: [Mac-64], [Safari], Headless Execution. @13-12-2021 01:59:13.0680 AM
[ReportManager] Successfully Opened Safari. @13-12-2021 01:59:14.0491 AM
[ReportManager] Initial window size: (800, 600) @13-12-2021 01:59:14.0501 AM
[ReportManager] Window size after SWD Maximize: (1176, 803) @13-12-2021 01:59:14.0530 AM
[ReportManager] Browser Action [MaximizeWindow] successfully performed. With the following test data [New screen size is now: (1176, 803)]. @13-12-2021 01:59:14.0531 A

################################################################################################################################################
Starting Execution:	[146 out of 146] test cases in the current suite
Test Method:		[testPackage01.Test_dynamicLoading.dynamicLoading_elementIsRendered]
################################################################################################################################################
[ReportManager] Target URL: [https://the-internet.herokuapp.com/dynamic_loading/2] @13-12-2021 01:59:14.0534 AM
[ReportManager] Initial URL: [] @13-12-2021 01:59:14.0586 AM
[ReportManager] Browser Action [NavigateToURL] successfully performed. With the following test data [https://the-internet.herokuapp.com/dynamic_loading/2]. @13-12-2021 01:59:15.0667 AM
[ReportManager] Element Action [Click] successfully performed. With the following test data [By.xpath: //button[text()='Start']]. @13-12-2021 01:59:15.0904 AM
[ReportManager] Element Action [GetText] successfully performed. With the following test data [Hello World!]. @13-12-2021 01:59:21.0319 AM
[ReportManager] Loaded Shared OpenCV @13-12-2021 01:59:21.0375 AM
[ReportManager] Assertion [ValidateElementAttribute] PASSED. Expected [Value Should be 'Hello World!' for the 'text' attribute, element locator 'By.id: finish'] and Actual [Hello World!]. Comparison Type [CONTAINS]. Validation Type [POSITIVE]. @13-12-2021 01:59:21.0509 AM
[ReportManager] Successfully created attachment [Screenshot - 1639360761374_dynamicLoading_elementIsRendered_ValidateElementAttribute_passed] @13-12-2021 01:59:21.0510 A
[ReportManager] Browser Action [CloseCurrentWindow] successfully performed. @13-12-2021 01:59:21.0929 AM
[ReportManager] Successfully created attachment [Browser Action Test Data - CloseCurrentWindow - Actual Value] @13-12-2021 01:59:21.0930 A
[ReportManager] Successfully created attachment [SHAFT Engine Logs - Execution log] @13-12-2021 01:59:21.0959 AM

################################################################################################################################################
This test run was powered by SHAFT Engine Version: [SHAFT Engine v5.4.20211202-BETA]
SHAFT Engine is licensed under the MIT License: [https://github.com/MohabMohie/SHAFT_ENGINE/blob/master/LICENSE].
################################################################################################################################################